<?xml version="1.0" encoding="UTF-8"?>
<testsuite xmlns:xsi="http://www.w3.org/2001/XMLSchema-instance" xsi:noNamespaceSchemaLocation="https://maven.apache.org/surefire/maven-surefire-plugin/xsd/surefire-test-report-3.0.xsd" version="3.0" name="org.apache.hadoop.ozone.TestStorageContainerManager" time="229.569" tests="13" errors="0" skipped="0" failures="1">
  <properties>
    <property name="awt.toolkit" value="sun.awt.X11.XToolkit"/>
    <property name="file.encoding.pkg" value="sun.io"/>
    <property name="java.specification.version" value="1.8"/>
    <property name="sun.cpu.isalist" value=""/>
    <property name="sun.jnu.encoding" value="UTF-8"/>
    <property name="java.class.path" value="/home/runner/work/ozone/ozone/hadoop-ozone/integration-test/target/test-classes:/home/runner/work/ozone/ozone/hadoop-ozone/integration-test/target/classes:/home/runner/.m2/repository/org/apache/ozone/ozone-common/1.4.0-SNAPSHOT/ozone-common-1.4.0-SNAPSHOT.jar:/home/runner/.m2/repository/io/grpc/grpc-netty/1.51.1/grpc-netty-1.51.1.jar:/home/runner/.m2/repository/io/grpc/grpc-core/1.51.1/grpc-core-1.51.1.jar:/home/runner/.m2/repository/com/google/android/annotations/4.1.1.4/annotations-4.1.1.4.jar:/home/runner/.m2/repository/org/codehaus/mojo/animal-sniffer-annotations/1.21/animal-sniffer-annotations-1.21.jar:/home/runner/.m2/repository/com/google/errorprone/error_prone_annotations/2.2.0/error_prone_annotations-2.2.0.jar:/home/runner/.m2/repository/io/perfmark/perfmark-api/0.25.0/perfmark-api-0.25.0.jar:/home/runner/.m2/repository/io/netty/netty-codec-http2/4.1.86.Final/netty-codec-http2-4.1.86.Final.jar:/home/runner/.m2/repository/io/netty/netty-common/4.1.86.Final/netty-common-4.1.86.Final.jar:/home/runner/.m2/repository/io/netty/netty-buffer/4.1.86.Final/netty-buffer-4.1.86.Final.jar:/home/runner/.m2/repository/io/netty/netty-codec-http/4.1.86.Final/netty-codec-http-4.1.86.Final.jar:/home/runner/.m2/repository/io/netty/netty-handler-proxy/4.1.86.Final/netty-handler-proxy-4.1.86.Final.jar:/home/runner/.m2/repository/io/netty/netty-codec-socks/4.1.86.Final/netty-codec-socks-4.1.86.Final.jar:/home/runner/.m2/repository/io/netty/netty-tcnative-boringssl-static/2.0.54.Final/netty-tcnative-boringssl-static-2.0.54.Final.jar:/home/runner/.m2/repository/io/netty/netty-tcnative-classes/2.0.54.Final/netty-tcnative-classes-2.0.54.Final.jar:/home/runner/.m2/repository/io/netty/netty-tcnative-boringssl-static/2.0.54.Final/netty-tcnative-boringssl-static-2.0.54.Final-linux-x86_64.jar:/home/runner/.m2/repository/io/netty/netty-tcnative-boringssl-static/2.0.54.Final/netty-tcnative-boringssl-static-2.0.54.Final-linux-aarch_64.jar:/home/runner/.m2/repository/io/netty/netty-tcnative-boringssl-static/2.0.54.Final/netty-tcnative-boringssl-static-2.0.54.Final-osx-x86_64.jar:/home/runner/.m2/repository/io/netty/netty-tcnative-boringssl-static/2.0.54.Final/netty-tcnative-boringssl-static-2.0.54.Final-osx-aarch_64.jar:/home/runner/.m2/repository/io/netty/netty-tcnative-boringssl-static/2.0.54.Final/netty-tcnative-boringssl-static-2.0.54.Final-windows-x86_64.jar:/home/runner/.m2/repository/org/apache/commons/commons-compress/1.21/commons-compress-1.21.jar:/home/runner/.m2/repository/org/apache/ozone/hdds-common/1.4.0-SNAPSHOT/hdds-common-1.4.0-SNAPSHOT.jar:/home/runner/.m2/repository/org/apache/ozone/hdds-client/1.4.0-SNAPSHOT/hdds-client-1.4.0-SNAPSHOT.jar:/home/runner/.m2/repository/org/apache/ozone/ozone-interface-client/1.4.0-SNAPSHOT/ozone-interface-client-1.4.0-SNAPSHOT.jar:/home/runner/.m2/repository/org/apache/hadoop/hadoop-hdfs-client/3.3.5/hadoop-hdfs-client-3.3.5.jar:/home/runner/.m2/repository/com/squareup/okhttp3/okhttp/4.9.3/okhttp-4.9.3.jar:/home/runner/.m2/repository/com/squareup/okio/okio/2.8.0/okio-2.8.0.jar:/home/runner/.m2/repository/org/jetbrains/kotlin/kotlin-stdlib-common/1.6.21/kotlin-stdlib-common-1.6.21.jar:/home/runner/.m2/repository/org/apache/ozone/hdds-test-utils/1.4.0-SNAPSHOT/hdds-test-utils-1.4.0-SNAPSHOT.jar:/home/runner/.m2/repository/com/google/guava/guava/31.1-jre/guava-31.1-jre.jar:/home/runner/.m2/repository/com/google/guava/failureaccess/1.0.1/failureaccess-1.0.1.jar:/home/runner/.m2/repository/com/google/guava/listenablefuture/9999.0-empty-to-avoid-conflict-with-guava/listenablefuture-9999.0-empty-to-avoid-conflict-with-guava.jar:/home/runner/.m2/repository/com/google/code/findbugs/jsr305/3.0.0/jsr305-3.0.0.jar:/home/runner/.m2/repository/org/checkerframework/checker-qual/3.12.0/checker-qual-3.12.0.jar:/home/runner/.m2/repository/com/google/j2objc/j2objc-annotations/1.3/j2objc-annotations-1.3.jar:/home/runner/.m2/repository/commons-io/commons-io/2.11.0/commons-io-2.11.0.jar:/home/runner/.m2/repository/commons-logging/commons-logging/1.2/commons-logging-1.2.jar:/home/runner/.m2/repository/ch/qos/reload4j/reload4j/1.2.22/reload4j-1.2.22.jar:/home/runner/.m2/repository/org/slf4j/slf4j-api/1.7.36/slf4j-api-1.7.36.jar:/home/runner/.m2/repository/org/apache/ozone/hdds-server-scm/1.4.0-SNAPSHOT/hdds-server-scm-1.4.0-SNAPSHOT.jar:/home/runner/.m2/repository/org/apache/ozone/hdds-container-service/1.4.0-SNAPSHOT/hdds-container-service-1.4.0-SNAPSHOT.jar:/home/runner/.m2/repository/org/apache/ozone/hdds-hadoop-dependency-server/1.4.0-SNAPSHOT/hdds-hadoop-dependency-server-1.4.0-SNAPSHOT.jar:/home/runner/.m2/repository/org/apache/hadoop/hadoop-hdfs/3.3.5/hadoop-hdfs-3.3.5.jar:/home/runner/.m2/repository/commons-daemon/commons-daemon/1.0.13/commons-daemon-1.0.13.jar:/home/runner/.m2/repository/org/apache/ozone/hdds-server-framework/1.4.0-SNAPSHOT/hdds-server-framework-1.4.0-SNAPSHOT.jar:/home/runner/.m2/repository/io/dropwizard/metrics/metrics-core/3.2.4/metrics-core-3.2.4.jar:/home/runner/.m2/repository/org/apache/commons/commons-text/1.4/commons-text-1.4.jar:/home/runner/.m2/repository/org/bouncycastle/bcprov-jdk15on/1.67/bcprov-jdk15on-1.67.jar:/home/runner/.m2/repository/com/google/protobuf/protobuf-java/2.5.0/protobuf-java-2.5.0.jar:/home/runner/.m2/repository/org/apache/ozone/hdds-server-framework/1.4.0-SNAPSHOT/hdds-server-framework-1.4.0-SNAPSHOT-tests.jar:/home/runner/.m2/repository/org/apache/ozone/hdds-interface-server/1.4.0-SNAPSHOT/hdds-interface-server-1.4.0-SNAPSHOT.jar:/home/runner/.m2/repository/org/apache/ozone/hdds-interface-admin/1.4.0-SNAPSHOT/hdds-interface-admin-1.4.0-SNAPSHOT.jar:/home/runner/.m2/repository/org/apache/ozone/hdds-managed-rocksdb/1.4.0-SNAPSHOT/hdds-managed-rocksdb-1.4.0-SNAPSHOT.jar:/home/runner/.m2/repository/org/rocksdb/rocksdbjni/7.7.3/rocksdbjni-7.7.3.jar:/home/runner/.m2/repository/org/slf4j/slf4j-reload4j/1.7.36/slf4j-reload4j-1.7.36.jar:/home/runner/.m2/repository/org/apache/commons/commons-configuration2/2.1.1/commons-configuration2-2.1.1.jar:/home/runner/.m2/repository/org/apache/logging/log4j/log4j-core/2.17.1/log4j-core-2.17.1.jar:/home/runner/.m2/repository/com/lmax/disruptor/3.4.2/disruptor-3.4.2.jar:/home/runner/.m2/repository/org/eclipse/jetty/jetty-util/9.4.51.v20230217/jetty-util-9.4.51.v20230217.jar:/home/runner/.m2/repository/org/eclipse/jetty/jetty-server/9.4.51.v20230217/jetty-server-9.4.51.v20230217.jar:/home/runner/.m2/repository/org/eclipse/jetty/jetty-http/9.4.51.v20230217/jetty-http-9.4.51.v20230217.jar:/home/runner/.m2/repository/org/eclipse/jetty/jetty-io/9.4.51.v20230217/jetty-io-9.4.51.v20230217.jar:/home/runner/.m2/repository/org/eclipse/jetty/jetty-servlet/9.4.51.v20230217/jetty-servlet-9.4.51.v20230217.jar:/home/runner/.m2/repository/org/eclipse/jetty/jetty-security/9.4.51.v20230217/jetty-security-9.4.51.v20230217.jar:/home/runner/.m2/repository/org/eclipse/jetty/jetty-util-ajax/9.4.51.v20230217/jetty-util-ajax-9.4.51.v20230217.jar:/home/runner/.m2/repository/org/eclipse/jetty/jetty-webapp/9.4.51.v20230217/jetty-webapp-9.4.51.v20230217.jar:/home/runner/.m2/repository/org/eclipse/jetty/jetty-xml/9.4.51.v20230217/jetty-xml-9.4.51.v20230217.jar:/home/runner/.m2/repository/org/apache/ratis/ratis-server/2.4.2-8b8bdda-SNAPSHOT/ratis-server-2.4.2-8b8bdda-SNAPSHOT.jar:/home/runner/.m2/repository/org/apache/ratis/ratis-thirdparty-misc/1.0.3/ratis-thirdparty-misc-1.0.3.jar:/home/runner/.m2/repository/org/apache/ratis/ratis-proto/2.4.2-8b8bdda-SNAPSHOT/ratis-proto-2.4.2-8b8bdda-SNAPSHOT.jar:/home/runner/.m2/repository/org/apache/ratis/ratis-common/2.4.2-8b8bdda-SNAPSHOT/ratis-common-2.4.2-8b8bdda-SNAPSHOT.jar:/home/runner/.m2/repository/org/apache/ratis/ratis-client/2.4.2-8b8bdda-SNAPSHOT/ratis-client-2.4.2-8b8bdda-SNAPSHOT.jar:/home/runner/.m2/repository/org/apache/ratis/ratis-server-api/2.4.2-8b8bdda-SNAPSHOT/ratis-server-api-2.4.2-8b8bdda-SNAPSHOT.jar:/home/runner/.m2/repository/org/apache/ratis/ratis-metrics/2.4.2-8b8bdda-SNAPSHOT/ratis-metrics-2.4.2-8b8bdda-SNAPSHOT.jar:/home/runner/.m2/repository/io/prometheus/simpleclient_dropwizard/0.7.0/simpleclient_dropwizard-0.7.0.jar:/home/runner/.m2/repository/io/prometheus/simpleclient/0.7.0/simpleclient-0.7.0.jar:/home/runner/.m2/repository/io/prometheus/simpleclient_common/0.7.0/simpleclient_common-0.7.0.jar:/home/runner/.m2/repository/com/fasterxml/jackson/datatype/jackson-datatype-jsr310/2.13.4/jackson-datatype-jsr310-2.13.4.jar:/home/runner/.m2/repository/com/fasterxml/jackson/core/jackson-core/2.13.4/jackson-core-2.13.4.jar:/home/runner/.m2/repository/com/github/spotbugs/spotbugs-annotations/3.1.12/spotbugs-annotations-3.1.12.jar:/home/runner/.m2/repository/org/apache/ozone/rocksdb-checkpoint-differ/1.4.0-SNAPSHOT/rocksdb-checkpoint-differ-1.4.0-SNAPSHOT.jar:/home/runner/.m2/repository/org/awaitility/awaitility/4.2.0/awaitility-4.2.0.jar:/home/runner/.m2/repository/org/hamcrest/hamcrest/2.1/hamcrest-2.1.jar:/home/runner/.m2/repository/org/apache/ozone/ozone-manager/1.4.0-SNAPSHOT/ozone-manager-1.4.0-SNAPSHOT.jar:/home/runner/.m2/repository/org/aspectj/aspectjrt/1.9.7/aspectjrt-1.9.7.jar:/home/runner/.m2/repository/org/aspectj/aspectjweaver/1.9.7/aspectjweaver-1.9.7.jar:/home/runner/.m2/repository/org/apache/ozone/hdds-interface-client/1.4.0-SNAPSHOT/hdds-interface-client-1.4.0-SNAPSHOT.jar:/home/runner/.m2/repository/org/apache/hadoop/thirdparty/hadoop-shaded-protobuf_3_7/1.1.1/hadoop-shaded-protobuf_3_7-1.1.1.jar:/home/runner/.m2/repository/org/apache/ozone/ozone-interface-storage/1.4.0-SNAPSHOT/ozone-interface-storage-1.4.0-SNAPSHOT.jar:/home/runner/.m2/repository/org/reflections/reflections/0.9.11/reflections-0.9.11.jar:/home/runner/.m2/repository/com/sun/jersey/jersey-client/1.19/jersey-client-1.19.jar:/home/runner/.m2/repository/org/codehaus/jackson/jackson-core-asl/1.9.13/jackson-core-asl-1.9.13.jar:/home/runner/.m2/repository/org/codehaus/jackson/jackson-mapper-asl/1.9.13/jackson-mapper-asl-1.9.13.jar:/home/runner/.m2/repository/org/codehaus/jackson/jackson-jaxrs/1.9.13/jackson-jaxrs-1.9.13.jar:/home/runner/.m2/repository/org/apache/ranger/ranger-intg/2.3.0/ranger-intg-2.3.0.jar:/home/runner/.m2/repository/org/apache/ranger/ranger-plugins-common/2.3.0/ranger-plugins-common-2.3.0.jar:/home/runner/.m2/repository/commons-lang/commons-lang/2.6/commons-lang-2.6.jar:/home/runner/.m2/repository/org/apache/ranger/ranger-plugins-cred/2.3.0/ranger-plugins-cred-2.3.0.jar:/home/runner/.m2/repository/org/apache/ranger/ranger-plugins-audit/2.3.0/ranger-plugins-audit-2.3.0.jar:/home/runner/.m2/repository/org/eclipse/jetty/jetty-client/9.4.51.v20230217/jetty-client-9.4.51.v20230217.jar:/home/runner/.m2/repository/org/apache/httpcomponents/httpmime/4.5.6/httpmime-4.5.6.jar:/home/runner/.m2/repository/org/apache/httpcomponents/httpcore-nio/4.4.13/httpcore-nio-4.4.13.jar:/home/runner/.m2/repository/org/apache/httpcomponents/httpasyncclient/4.1.3/httpasyncclient-4.1.3.jar:/home/runner/.m2/repository/com/carrotsearch/hppc/0.8.0/hppc-0.8.0.jar:/home/runner/.m2/repository/org/apache/orc/orc-core/1.5.8/orc-core-1.5.8.jar:/home/runner/.m2/repository/net/java/dev/jna/jna/5.2.0/jna-5.2.0.jar:/home/runner/.m2/repository/net/java/dev/jna/jna-platform/5.2.0/jna-platform-5.2.0.jar:/home/runner/.m2/repository/com/kstruct/gethostname4j/0.0.2/gethostname4j-0.0.2.jar:/home/runner/.m2/repository/org/apache/ranger/ranger-plugin-classloader/2.3.0/ranger-plugin-classloader-2.3.0.jar:/home/runner/.m2/repository/org/apache/ozone/hdds-rocks-native/1.4.0-SNAPSHOT/hdds-rocks-native-1.4.0-SNAPSHOT.jar:/home/runner/.m2/repository/org/apache/hadoop/hadoop-minikdc/3.3.5/hadoop-minikdc-3.3.5.jar:/home/runner/.m2/repository/org/apache/kerby/kerb-simplekdc/1.0.1/kerb-simplekdc-1.0.1.jar:/home/runner/.m2/repository/org/apache/kerby/kerb-client/1.0.1/kerb-client-1.0.1.jar:/home/runner/.m2/repository/org/apache/kerby/kerby-config/1.0.1/kerby-config-1.0.1.jar:/home/runner/.m2/repository/org/apache/kerby/kerb-common/1.0.1/kerb-common-1.0.1.jar:/home/runner/.m2/repository/org/apache/kerby/kerb-crypto/1.0.1/kerb-crypto-1.0.1.jar:/home/runner/.m2/repository/org/apache/kerby/kerb-util/1.0.1/kerb-util-1.0.1.jar:/home/runner/.m2/repository/org/apache/kerby/token-provider/1.0.1/token-provider-1.0.1.jar:/home/runner/.m2/repository/org/apache/kerby/kerb-admin/1.0.1/kerb-admin-1.0.1.jar:/home/runner/.m2/repository/org/apache/kerby/kerb-server/1.0.1/kerb-server-1.0.1.jar:/home/runner/.m2/repository/org/apache/kerby/kerb-identity/1.0.1/kerb-identity-1.0.1.jar:/home/runner/.m2/repository/org/apache/kerby/kerby-xdr/1.0.1/kerby-xdr-1.0.1.jar:/home/runner/.m2/repository/org/apache/ozone/ozone-s3gateway/1.4.0-SNAPSHOT/ozone-s3gateway-1.4.0-SNAPSHOT.jar:/home/runner/.m2/repository/org/javassist/javassist/3.21.0-GA/javassist-3.21.0-GA.jar:/home/runner/.m2/repository/org/jboss/weld/servlet/weld-servlet-shaded/3.1.9.Final/weld-servlet-shaded-3.1.9.Final.jar:/home/runner/.m2/repository/org/glassfish/jersey/containers/jersey-container-servlet-core/2.34/jersey-container-servlet-core-2.34.jar:/home/runner/.m2/repository/org/glassfish/hk2/external/jakarta.inject/2.6.1/jakarta.inject-2.6.1.jar:/home/runner/.m2/repository/org/glassfish/jersey/core/jersey-common/2.34/jersey-common-2.34.jar:/home/runner/.m2/repository/jakarta/ws/rs/jakarta.ws.rs-api/2.1.6/jakarta.ws.rs-api-2.1.6.jar:/home/runner/.m2/repository/org/glassfish/jersey/ext/cdi/jersey-cdi1x/2.34/jersey-cdi1x-2.34.jar:/home/runner/.m2/repository/org/glassfish/jersey/inject/jersey-hk2/2.34/jersey-hk2-2.34.jar:/home/runner/.m2/repository/org/glassfish/hk2/hk2-locator/2.6.1/hk2-locator-2.6.1.jar:/home/runner/.m2/repository/org/glassfish/jersey/media/jersey-media-jaxb/2.34/jersey-media-jaxb-2.34.jar:/home/runner/.m2/repository/org/glassfish/hk2/osgi-resource-locator/1.0.3/osgi-resource-locator-1.0.3.jar:/home/runner/.m2/repository/org/glassfish/hk2/hk2-api/2.5.0/hk2-api-2.5.0.jar:/home/runner/.m2/repository/org/glassfish/hk2/hk2-utils/2.5.0/hk2-utils-2.5.0.jar:/home/runner/.m2/repository/org/glassfish/hk2/external/aopalliance-repackaged/2.5.0/aopalliance-repackaged-2.5.0.jar:/home/runner/.m2/repository/com/fasterxml/jackson/dataformat/jackson-dataformat-xml/2.13.4/jackson-dataformat-xml-2.13.4.jar:/home/runner/.m2/repository/org/codehaus/woodstox/stax2-api/4.2.1/stax2-api-4.2.1.jar:/home/runner/.m2/repository/com/fasterxml/woodstox/woodstox-core/5.4.0/woodstox-core-5.4.0.jar:/home/runner/.m2/repository/com/fasterxml/jackson/module/jackson-module-jaxb-annotations/2.13.4/jackson-module-jaxb-annotations-2.13.4.jar:/home/runner/.m2/repository/jakarta/xml/bind/jakarta.xml.bind-api/2.3.3/jakarta.xml.bind-api-2.3.3.jar:/home/runner/.m2/repository/jakarta/activation/jakarta.activation-api/1.2.2/jakarta.activation-api-1.2.2.jar:/home/runner/.m2/repository/javax/enterprise/cdi-api/2.0/cdi-api-2.0.jar:/home/runner/.m2/repository/javax/el/javax.el-api/3.0.0/javax.el-api-3.0.0.jar:/home/runner/.m2/repository/javax/interceptor/javax.interceptor-api/1.2/javax.interceptor-api-1.2.jar:/home/runner/.m2/repository/javax/inject/javax.inject/1/javax.inject-1.jar:/home/runner/.m2/repository/javax/xml/bind/jaxb-api/2.3.0/jaxb-api-2.3.0.jar:/home/runner/.m2/repository/org/glassfish/jaxb/jaxb-runtime/2.3.0.1/jaxb-runtime-2.3.0.1.jar:/home/runner/.m2/repository/org/glassfish/jaxb/jaxb-core/2.3.0.1/jaxb-core-2.3.0.1.jar:/home/runner/.m2/repository/org/glassfish/jaxb/txw2/2.3.0.1/txw2-2.3.0.1.jar:/home/runner/.m2/repository/com/sun/istack/istack-commons-runtime/3.0.5/istack-commons-runtime-3.0.5.jar:/home/runner/.m2/repository/org/jvnet/staxex/stax-ex/1.7.8/stax-ex-1.7.8.jar:/home/runner/.m2/repository/com/sun/xml/fastinfoset/FastInfoset/1.2.13/FastInfoset-1.2.13.jar:/home/runner/.m2/repository/javax/activation/activation/1.1.1/activation-1.1.1.jar:/home/runner/.m2/repository/io/grpc/grpc-protobuf/1.51.1/grpc-protobuf-1.51.1.jar:/home/runner/.m2/repository/io/grpc/grpc-api/1.51.1/grpc-api-1.51.1.jar:/home/runner/.m2/repository/io/grpc/grpc-context/1.51.1/grpc-context-1.51.1.jar:/home/runner/.m2/repository/com/google/api/grpc/proto-google-common-protos/2.9.0/proto-google-common-protos-2.9.0.jar:/home/runner/.m2/repository/io/grpc/grpc-protobuf-lite/1.51.1/grpc-protobuf-lite-1.51.1.jar:/home/runner/.m2/repository/io/grpc/grpc-stub/1.51.1/grpc-stub-1.51.1.jar:/home/runner/.m2/repository/io/netty/netty-transport/4.1.86.Final/netty-transport-4.1.86.Final.jar:/home/runner/.m2/repository/io/netty/netty-resolver/4.1.86.Final/netty-resolver-4.1.86.Final.jar:/home/runner/.m2/repository/org/apache/ozone/ozone-csi/1.4.0-SNAPSHOT/ozone-csi-1.4.0-SNAPSHOT.jar:/home/runner/.m2/repository/com/google/protobuf/protobuf-java-util/3.19.6/protobuf-java-util-3.19.6.jar:/home/runner/.m2/repository/com/google/code/gson/gson/2.9.0/gson-2.9.0.jar:/home/runner/.m2/repository/org/apache/ozone/hdds-config/1.4.0-SNAPSHOT/hdds-config-1.4.0-SNAPSHOT.jar:/home/runner/.m2/repository/io/netty/netty-transport-native-epoll/4.1.86.Final/netty-transport-native-epoll-4.1.86.Final-linux-x86_64.jar:/home/runner/.m2/repository/io/netty/netty-transport-classes-epoll/4.1.86.Final/netty-transport-classes-epoll-4.1.86.Final.jar:/home/runner/.m2/repository/io/netty/netty-transport-native-unix-common/4.1.86.Final/netty-transport-native-unix-common-4.1.86.Final.jar:/home/runner/.m2/repository/org/apache/ozone/ozone-recon/1.4.0-SNAPSHOT/ozone-recon-1.4.0-SNAPSHOT.jar:/home/runner/.m2/repository/org/apache/ozone/ozone-reconcodegen/1.4.0-SNAPSHOT/ozone-reconcodegen-1.4.0-SNAPSHOT.jar:/home/runner/.m2/repository/com/google/inject/guice/5.1.0/guice-5.1.0.jar:/home/runner/.m2/repository/aopalliance/aopalliance/1.0/aopalliance-1.0.jar:/home/runner/.m2/repository/com/google/inject/extensions/guice-assistedinject/5.1.0/guice-assistedinject-5.1.0.jar:/home/runner/.m2/repository/com/google/inject/extensions/guice-servlet/5.1.0/guice-servlet-5.1.0.jar:/home/runner/.m2/repository/org/glassfish/jersey/containers/jersey-container-servlet/2.34/jersey-container-servlet-2.34.jar:/home/runner/.m2/repository/org/glassfish/hk2/guice-bridge/2.5.0/guice-bridge-2.5.0.jar:/home/runner/.m2/repository/org/glassfish/jersey/core/jersey-server/2.34/jersey-server-2.34.jar:/home/runner/.m2/repository/org/glassfish/jersey/core/jersey-client/2.34/jersey-client-2.34.jar:/home/runner/.m2/repository/jakarta/annotation/jakarta.annotation-api/1.3.5/jakarta.annotation-api-1.3.5.jar:/home/runner/.m2/repository/jakarta/validation/jakarta.validation-api/2.0.2/jakarta.validation-api-2.0.2.jar:/home/runner/.m2/repository/org/glassfish/jersey/media/jersey-media-json-jackson/2.34/jersey-media-json-jackson-2.34.jar:/home/runner/.m2/repository/org/glassfish/jersey/ext/jersey-entity-filtering/2.34/jersey-entity-filtering-2.34.jar:/home/runner/.m2/repository/org/jooq/jooq/3.11.10/jooq-3.11.10.jar:/home/runner/.m2/repository/org/jooq/jooq-meta/3.11.10/jooq-meta-3.11.10.jar:/home/runner/.m2/repository/org/jooq/jooq-codegen/3.11.10/jooq-codegen-3.11.10.jar:/home/runner/.m2/repository/com/jolbox/bonecp/0.8.0.RELEASE/bonecp-0.8.0.RELEASE.jar:/home/runner/.m2/repository/org/apache/derby/derby/10.14.2.0/derby-10.14.2.0.jar:/home/runner/.m2/repository/org/xerial/sqlite-jdbc/3.25.2/sqlite-jdbc-3.25.2.jar:/home/runner/.m2/repository/org/springframework/spring-jdbc/5.3.27/spring-jdbc-5.3.27.jar:/home/runner/.m2/repository/org/springframework/spring-beans/5.3.27/spring-beans-5.3.27.jar:/home/runner/.m2/repository/org/springframework/spring-core/5.3.27/spring-core-5.3.27.jar:/home/runner/.m2/repository/org/springframework/spring-tx/5.3.27/spring-tx-5.3.27.jar:/home/runner/.m2/repository/org/apache/ozone/ozone-client/1.4.0-SNAPSHOT/ozone-client-1.4.0-SNAPSHOT.jar:/home/runner/.m2/repository/org/apache/ozone/hdds-erasurecode/1.4.0-SNAPSHOT/hdds-erasurecode-1.4.0-SNAPSHOT.jar:/home/runner/.m2/repository/org/apache/ozone/ozone-filesystem/1.4.0-SNAPSHOT/ozone-filesystem-1.4.0-SNAPSHOT.jar:/home/runner/.m2/repository/org/apache/ozone/ozone-filesystem-common/1.4.0-SNAPSHOT/ozone-filesystem-common-1.4.0-SNAPSHOT.jar:/home/runner/.m2/repository/org/apache/ozone/ozone-tools/1.4.0-SNAPSHOT/ozone-tools-1.4.0-SNAPSHOT.jar:/home/runner/.m2/repository/com/amazonaws/aws-java-sdk-core/1.12.261/aws-java-sdk-core-1.12.261.jar:/home/runner/.m2/repository/org/apache/httpcomponents/httpclient/4.5.13/httpclient-4.5.13.jar:/home/runner/.m2/repository/org/apache/httpcomponents/httpcore/4.4.13/httpcore-4.4.13.jar:/home/runner/.m2/repository/software/amazon/ion/ion-java/1.0.2/ion-java-1.0.2.jar:/home/runner/.m2/repository/com/fasterxml/jackson/dataformat/jackson-dataformat-cbor/2.13.4/jackson-dataformat-cbor-2.13.4.jar:/home/runner/.m2/repository/joda-time/joda-time/2.10.6/joda-time-2.10.6.jar:/home/runner/.m2/repository/com/amazonaws/aws-java-sdk-s3/1.12.261/aws-java-sdk-s3-1.12.261.jar:/home/runner/.m2/repository/com/amazonaws/aws-java-sdk-kms/1.12.261/aws-java-sdk-kms-1.12.261.jar:/home/runner/.m2/repository/com/amazonaws/jmespath-java/1.12.261/jmespath-java-1.12.261.jar:/home/runner/.m2/repository/org/kohsuke/metainf-services/metainf-services/1.8/metainf-services-1.8.jar:/home/runner/.m2/repository/org/apache/ozone/hdds-tools/1.4.0-SNAPSHOT/hdds-tools-1.4.0-SNAPSHOT.jar:/home/runner/.m2/repository/org/apache/ratis/ratis-tools/2.4.2-8b8bdda-SNAPSHOT/ratis-tools-2.4.2-8b8bdda-SNAPSHOT.jar:/home/runner/.m2/repository/commons-cli/commons-cli/1.2/commons-cli-1.2.jar:/home/runner/.m2/repository/org/apache/commons/commons-lang3/3.7/commons-lang3-3.7.jar:/home/runner/.m2/repository/org/apache/ozone/ozone-manager/1.4.0-SNAPSHOT/ozone-manager-1.4.0-SNAPSHOT-tests.jar:/home/runner/.m2/repository/org/apache/ozone/hdds-common/1.4.0-SNAPSHOT/hdds-common-1.4.0-SNAPSHOT-tests.jar:/home/runner/.m2/repository/org/apache/ozone/hdds-hadoop-dependency-client/1.4.0-SNAPSHOT/hdds-hadoop-dependency-client-1.4.0-SNAPSHOT.jar:/home/runner/.m2/repository/info/picocli/picocli/4.6.1/picocli-4.6.1.jar:/home/runner/.m2/repository/com/fasterxml/jackson/core/jackson-annotations/2.13.4/jackson-annotations-2.13.4.jar:/home/runner/.m2/repository/org/apache/ozone/hdds-annotation-processing/1.4.0-SNAPSHOT/hdds-annotation-processing-1.4.0-SNAPSHOT.jar:/home/runner/.m2/repository/javax/annotation/javax.annotation-api/1.2/javax.annotation-api-1.2.jar:/home/runner/.m2/repository/org/apache/ratis/ratis-netty/2.4.2-8b8bdda-SNAPSHOT/ratis-netty-2.4.2-8b8bdda-SNAPSHOT.jar:/home/runner/.m2/repository/org/apache/ratis/ratis-grpc/2.4.2-8b8bdda-SNAPSHOT/ratis-grpc-2.4.2-8b8bdda-SNAPSHOT.jar:/home/runner/.m2/repository/org/apache/logging/log4j/log4j-api/2.17.1/log4j-api-2.17.1.jar:/home/runner/.m2/repository/org/apache/commons/commons-pool2/2.6.0/commons-pool2-2.6.0.jar:/home/runner/.m2/repository/org/bouncycastle/bcpkix-jdk15on/1.67/bcpkix-jdk15on-1.67.jar:/home/runner/.m2/repository/commons-validator/commons-validator/1.6/commons-validator-1.6.jar:/home/runner/.m2/repository/commons-beanutils/commons-beanutils/1.9.4/commons-beanutils-1.9.4.jar:/home/runner/.m2/repository/commons-digester/commons-digester/1.8.1/commons-digester-1.8.1.jar:/home/runner/.m2/repository/commons-collections/commons-collections/3.2.2/commons-collections-3.2.2.jar:/home/runner/.m2/repository/io/jaegertracing/jaeger-client/1.6.0/jaeger-client-1.6.0.jar:/home/runner/.m2/repository/io/jaegertracing/jaeger-thrift/1.6.0/jaeger-thrift-1.6.0.jar:/home/runner/.m2/repository/org/apache/thrift/libthrift/0.14.1/libthrift-0.14.1.jar:/home/runner/.m2/repository/io/jaegertracing/jaeger-core/1.6.0/jaeger-core-1.6.0.jar:/home/runner/.m2/repository/io/jaegertracing/jaeger-tracerresolver/1.6.0/jaeger-tracerresolver-1.6.0.jar:/home/runner/.m2/repository/io/opentracing/contrib/opentracing-tracerresolver/0.1.8/opentracing-tracerresolver-0.1.8.jar:/home/runner/.m2/repository/org/jetbrains/kotlin/kotlin-stdlib/1.6.21/kotlin-stdlib-1.6.21.jar:/home/runner/.m2/repository/org/jetbrains/annotations/13.0/annotations-13.0.jar:/home/runner/.m2/repository/io/opentracing/opentracing-util/0.33.0/opentracing-util-0.33.0.jar:/home/runner/.m2/repository/io/opentracing/opentracing-api/0.33.0/opentracing-api-0.33.0.jar:/home/runner/.m2/repository/io/opentracing/opentracing-noop/0.33.0/opentracing-noop-0.33.0.jar:/home/runner/.m2/repository/org/yaml/snakeyaml/2.0/snakeyaml-2.0.jar:/home/runner/.m2/repository/junit/junit/4.13.1/junit-4.13.1.jar:/home/runner/.m2/repository/org/hamcrest/hamcrest-core/1.3/hamcrest-core-1.3.jar:/home/runner/.m2/repository/org/junit/jupiter/junit-jupiter-api/5.8.2/junit-jupiter-api-5.8.2.jar:/home/runner/.m2/repository/org/opentest4j/opentest4j/1.2.0/opentest4j-1.2.0.jar:/home/runner/.m2/repository/org/junit/platform/junit-platform-commons/1.8.2/junit-platform-commons-1.8.2.jar:/home/runner/.m2/repository/org/apiguardian/apiguardian-api/1.1.2/apiguardian-api-1.1.2.jar:/home/runner/.m2/repository/org/junit/jupiter/junit-jupiter-params/5.8.2/junit-jupiter-params-5.8.2.jar:/home/runner/.m2/repository/org/junit/jupiter/junit-jupiter-migrationsupport/5.8.2/junit-jupiter-migrationsupport-5.8.2.jar:/home/runner/.m2/repository/org/junit/jupiter/junit-jupiter-engine/5.8.2/junit-jupiter-engine-5.8.2.jar:/home/runner/.m2/repository/org/junit/platform/junit-platform-engine/1.8.2/junit-platform-engine-1.8.2.jar:/home/runner/.m2/repository/org/junit/vintage/junit-vintage-engine/5.8.2/junit-vintage-engine-5.8.2.jar:/home/runner/.m2/repository/org/junit/platform/junit-platform-launcher/1.8.2/junit-platform-launcher-1.8.2.jar:/home/runner/.m2/repository/org/mockito/mockito-core/2.28.2/mockito-core-2.28.2.jar:/home/runner/.m2/repository/net/bytebuddy/byte-buddy/1.9.10/byte-buddy-1.9.10.jar:/home/runner/.m2/repository/net/bytebuddy/byte-buddy-agent/1.9.10/byte-buddy-agent-1.9.10.jar:/home/runner/.m2/repository/org/objenesis/objenesis/1.0/objenesis-1.0.jar:/home/runner/.m2/repository/org/apache/hadoop/hadoop-kms/3.3.5/hadoop-kms-3.3.5.jar:/home/runner/.m2/repository/org/apache/hadoop/hadoop-auth/3.3.5/hadoop-auth-3.3.5.jar:/home/runner/.m2/repository/com/nimbusds/nimbus-jose-jwt/9.8.1/nimbus-jose-jwt-9.8.1.jar:/home/runner/.m2/repository/com/github/stephenc/jcip/jcip-annotations/1.0-1/jcip-annotations-1.0-1.jar:/home/runner/.m2/repository/net/minidev/json-smart/2.4.7/json-smart-2.4.7.jar:/home/runner/.m2/repository/net/minidev/accessors-smart/2.4.7/accessors-smart-2.4.7.jar:/home/runner/.m2/repository/org/ow2/asm/asm/5.0.4/asm-5.0.4.jar:/home/runner/.m2/repository/org/apache/zookeeper/zookeeper/3.5.6/zookeeper-3.5.6.jar:/home/runner/.m2/repository/org/apache/zookeeper/zookeeper-jute/3.5.6/zookeeper-jute-3.5.6.jar:/home/runner/.m2/repository/org/apache/yetus/audience-annotations/0.5.0/audience-annotations-0.5.0.jar:/home/runner/.m2/repository/org/apache/curator/curator-framework/4.2.0/curator-framework-4.2.0.jar:/home/runner/.m2/repository/org/apache/hadoop/thirdparty/hadoop-shaded-guava/1.1.1/hadoop-shaded-guava-1.1.1.jar:/home/runner/.m2/repository/com/sun/jersey/jersey-core/1.19/jersey-core-1.19.jar:/home/runner/.m2/repository/javax/ws/rs/jsr311-api/1.1.1/jsr311-api-1.1.1.jar:/home/runner/.m2/repository/com/sun/jersey/jersey-server/1.19/jersey-server-1.19.jar:/home/runner/.m2/repository/javax/servlet/javax.servlet-api/3.1.0/javax.servlet-api-3.1.0.jar:/home/runner/.m2/repository/org/apache/hadoop/hadoop-common/3.3.5/hadoop-common-3.3.5.jar:/home/runner/.m2/repository/org/apache/commons/commons-math3/3.1.1/commons-math3-3.1.1.jar:/home/runner/.m2/repository/commons-net/commons-net/3.9.0/commons-net-3.9.0.jar:/home/runner/.m2/repository/com/sun/jersey/jersey-servlet/1.19/jersey-servlet-1.19.jar:/home/runner/.m2/repository/com/github/pjfanning/jersey-json/1.20/jersey-json-1.20.jar:/home/runner/.m2/repository/org/codehaus/jettison/jettison/1.1/jettison-1.1.jar:/home/runner/.m2/repository/com/sun/xml/bind/jaxb-impl/2.2.3-1/jaxb-impl-2.2.3-1.jar:/home/runner/.m2/repository/com/google/re2j/re2j/1.1/re2j-1.1.jar:/home/runner/.m2/repository/com/jcraft/jsch/0.1.54/jsch-0.1.54.jar:/home/runner/.m2/repository/org/apache/curator/curator-client/4.2.0/curator-client-4.2.0.jar:/home/runner/.m2/repository/org/apache/curator/curator-recipes/4.2.0/curator-recipes-4.2.0.jar:/home/runner/.m2/repository/org/apache/kerby/kerb-core/1.0.1/kerb-core-1.0.1.jar:/home/runner/.m2/repository/org/apache/kerby/kerby-pkix/1.0.1/kerby-pkix-1.0.1.jar:/home/runner/.m2/repository/org/apache/kerby/kerby-asn1/1.0.1/kerby-asn1-1.0.1.jar:/home/runner/.m2/repository/org/apache/kerby/kerby-util/1.0.1/kerby-util-1.0.1.jar:/home/runner/.m2/repository/dnsjava/dnsjava/2.1.7/dnsjava-2.1.7.jar:/home/runner/.m2/repository/org/xerial/snappy/snappy-java/1.1.8.2/snappy-java-1.1.8.2.jar:/home/runner/.m2/repository/com/fasterxml/jackson/core/jackson-databind/2.13.4.2/jackson-databind-2.13.4.2.jar:/home/runner/.m2/repository/org/apache/hadoop/hadoop-kms/3.3.5/hadoop-kms-3.3.5-tests.jar:/home/runner/.m2/repository/org/apache/ozone/hdds-server-scm/1.4.0-SNAPSHOT/hdds-server-scm-1.4.0-SNAPSHOT-tests.jar:/home/runner/.m2/repository/org/apache/ozone/hdds-container-service/1.4.0-SNAPSHOT/hdds-container-service-1.4.0-SNAPSHOT-tests.jar:/home/runner/.m2/repository/com/github/luben/zstd-jni/1.5.2-5/zstd-jni-1.5.2-5.jar:/home/runner/.m2/repository/commons-codec/commons-codec/1.15/commons-codec-1.15.jar:/home/runner/.m2/repository/io/netty/netty-codec/4.1.86.Final/netty-codec-4.1.86.Final.jar:/home/runner/.m2/repository/io/netty/netty-handler/4.1.86.Final/netty-handler-4.1.86.Final.jar:/home/runner/.m2/repository/org/apache/ozone/hdds-hadoop-dependency-test/1.4.0-SNAPSHOT/hdds-hadoop-dependency-test-1.4.0-SNAPSHOT.jar:/home/runner/.m2/repository/org/apache/hadoop/hadoop-common/3.3.5/hadoop-common-3.3.5-tests.jar:/home/runner/.m2/repository/org/apache/hadoop/hadoop-hdfs/3.3.5/hadoop-hdfs-3.3.5-tests.jar:/home/runner/.m2/repository/org/assertj/assertj-core/3.12.2/assertj-core-3.12.2.jar:/home/runner/.m2/repository/org/apache/hadoop/hadoop-distcp/3.3.5/hadoop-distcp-3.3.5.jar:/home/runner/.m2/repository/org/apache/hadoop/hadoop-mapreduce-client-jobclient/3.3.5/hadoop-mapreduce-client-jobclient-3.3.5.jar:/home/runner/.m2/repository/org/apache/hadoop/hadoop-mapreduce-client-common/3.3.5/hadoop-mapreduce-client-common-3.3.5.jar:/home/runner/.m2/repository/org/apache/hadoop/hadoop-yarn-common/3.3.5/hadoop-yarn-common-3.3.5.jar:/home/runner/.m2/repository/org/apache/hadoop/hadoop-yarn-api/3.3.5/hadoop-yarn-api-3.3.5.jar:/home/runner/.m2/repository/com/sun/jersey/contribs/jersey-guice/1.19/jersey-guice-1.19.jar:/home/runner/.m2/repository/com/fasterxml/jackson/jaxrs/jackson-jaxrs-json-provider/2.13.4/jackson-jaxrs-json-provider-2.13.4.jar:/home/runner/.m2/repository/com/fasterxml/jackson/jaxrs/jackson-jaxrs-base/2.13.4/jackson-jaxrs-base-2.13.4.jar:/home/runner/.m2/repository/org/apache/hadoop/hadoop-yarn-client/3.3.5/hadoop-yarn-client-3.3.5.jar:/home/runner/.m2/repository/org/eclipse/jetty/websocket/websocket-client/9.4.48.v20220622/websocket-client-9.4.48.v20220622.jar:/home/runner/.m2/repository/org/eclipse/jetty/websocket/websocket-common/9.4.48.v20220622/websocket-common-9.4.48.v20220622.jar:/home/runner/.m2/repository/org/eclipse/jetty/websocket/websocket-api/9.4.48.v20220622/websocket-api-9.4.48.v20220622.jar:/home/runner/.m2/repository/org/jline/jline/3.9.0/jline-3.9.0.jar:/home/runner/.m2/repository/org/apache/hadoop/hadoop-mapreduce-client-core/3.3.5/hadoop-mapreduce-client-core-3.3.5.jar:/home/runner/.m2/repository/org/apache/avro/avro/1.7.7/avro-1.7.7.jar:/home/runner/.m2/repository/com/thoughtworks/paranamer/paranamer/2.3/paranamer-2.3.jar:/home/runner/.m2/repository/org/apache/hadoop/hadoop-annotations/3.3.5/hadoop-annotations-3.3.5.jar:/usr/lib/jvm/temurin-8-jdk-amd64/jre/../lib/tools.jar:/home/runner/.m2/repository/io/netty/netty/3.10.6.Final/netty-3.10.6.Final.jar:/home/runner/.m2/repository/org/apache/hadoop/hadoop-distcp/3.3.5/hadoop-distcp-3.3.5-tests.jar:/home/runner/.m2/repository/org/slf4j/jul-to-slf4j/1.7.36/jul-to-slf4j-1.7.36.jar:"/>
    <property name="java.vm.vendor" value="Temurin"/>
    <property name="sun.arch.data.model" value="64"/>
    <property name="test.build.dir" value="/home/runner/work/ozone/ozone/hadoop-ozone/integration-test/target/test-dir"/>
    <property name="test.cache.data" value=""/>
    <property name="java.vendor.url" value="https://adoptium.net/"/>
    <property name="user.timezone" value="Etc/UTC"/>
    <property name="java.vm.specification.version" value="1.8"/>
    <property name="os.name" value="Linux"/>
    <property name="test.build.data" value="/home/runner/work/ozone/ozone/hadoop-ozone/integration-test/target/test-dir"/>
    <property name="sun.java.launcher" value="SUN_STANDARD"/>
    <property name="sun.boot.library.path" value="/usr/lib/jvm/temurin-8-jdk-amd64/jre/lib/amd64"/>
    <property name="sun.java.command" value="/home/runner/work/ozone/ozone/hadoop-ozone/integration-test/target/surefire/surefirebooter7477463220108531284.jar /home/runner/work/ozone/ozone/hadoop-ozone/integration-test/target/surefire 2023-05-05T09-06-08_173-jvmRun1 surefire4829682238593069034tmp surefire_4613732187185737372tmp"/>
    <property name="surefire.test.class.path" value="/home/runner/work/ozone/ozone/hadoop-ozone/integration-test/target/test-classes:/home/runner/work/ozone/ozone/hadoop-ozone/integration-test/target/classes:/home/runner/.m2/repository/org/apache/ozone/ozone-common/1.4.0-SNAPSHOT/ozone-common-1.4.0-SNAPSHOT.jar:/home/runner/.m2/repository/io/grpc/grpc-netty/1.51.1/grpc-netty-1.51.1.jar:/home/runner/.m2/repository/io/grpc/grpc-core/1.51.1/grpc-core-1.51.1.jar:/home/runner/.m2/repository/com/google/android/annotations/4.1.1.4/annotations-4.1.1.4.jar:/home/runner/.m2/repository/org/codehaus/mojo/animal-sniffer-annotations/1.21/animal-sniffer-annotations-1.21.jar:/home/runner/.m2/repository/com/google/errorprone/error_prone_annotations/2.2.0/error_prone_annotations-2.2.0.jar:/home/runner/.m2/repository/io/perfmark/perfmark-api/0.25.0/perfmark-api-0.25.0.jar:/home/runner/.m2/repository/io/netty/netty-codec-http2/4.1.86.Final/netty-codec-http2-4.1.86.Final.jar:/home/runner/.m2/repository/io/netty/netty-common/4.1.86.Final/netty-common-4.1.86.Final.jar:/home/runner/.m2/repository/io/netty/netty-buffer/4.1.86.Final/netty-buffer-4.1.86.Final.jar:/home/runner/.m2/repository/io/netty/netty-codec-http/4.1.86.Final/netty-codec-http-4.1.86.Final.jar:/home/runner/.m2/repository/io/netty/netty-handler-proxy/4.1.86.Final/netty-handler-proxy-4.1.86.Final.jar:/home/runner/.m2/repository/io/netty/netty-codec-socks/4.1.86.Final/netty-codec-socks-4.1.86.Final.jar:/home/runner/.m2/repository/io/netty/netty-tcnative-boringssl-static/2.0.54.Final/netty-tcnative-boringssl-static-2.0.54.Final.jar:/home/runner/.m2/repository/io/netty/netty-tcnative-classes/2.0.54.Final/netty-tcnative-classes-2.0.54.Final.jar:/home/runner/.m2/repository/io/netty/netty-tcnative-boringssl-static/2.0.54.Final/netty-tcnative-boringssl-static-2.0.54.Final-linux-x86_64.jar:/home/runner/.m2/repository/io/netty/netty-tcnative-boringssl-static/2.0.54.Final/netty-tcnative-boringssl-static-2.0.54.Final-linux-aarch_64.jar:/home/runner/.m2/repository/io/netty/netty-tcnative-boringssl-static/2.0.54.Final/netty-tcnative-boringssl-static-2.0.54.Final-osx-x86_64.jar:/home/runner/.m2/repository/io/netty/netty-tcnative-boringssl-static/2.0.54.Final/netty-tcnative-boringssl-static-2.0.54.Final-osx-aarch_64.jar:/home/runner/.m2/repository/io/netty/netty-tcnative-boringssl-static/2.0.54.Final/netty-tcnative-boringssl-static-2.0.54.Final-windows-x86_64.jar:/home/runner/.m2/repository/org/apache/commons/commons-compress/1.21/commons-compress-1.21.jar:/home/runner/.m2/repository/org/apache/ozone/hdds-common/1.4.0-SNAPSHOT/hdds-common-1.4.0-SNAPSHOT.jar:/home/runner/.m2/repository/org/apache/ozone/hdds-client/1.4.0-SNAPSHOT/hdds-client-1.4.0-SNAPSHOT.jar:/home/runner/.m2/repository/org/apache/ozone/ozone-interface-client/1.4.0-SNAPSHOT/ozone-interface-client-1.4.0-SNAPSHOT.jar:/home/runner/.m2/repository/org/apache/hadoop/hadoop-hdfs-client/3.3.5/hadoop-hdfs-client-3.3.5.jar:/home/runner/.m2/repository/com/squareup/okhttp3/okhttp/4.9.3/okhttp-4.9.3.jar:/home/runner/.m2/repository/com/squareup/okio/okio/2.8.0/okio-2.8.0.jar:/home/runner/.m2/repository/org/jetbrains/kotlin/kotlin-stdlib-common/1.6.21/kotlin-stdlib-common-1.6.21.jar:/home/runner/.m2/repository/org/apache/ozone/hdds-test-utils/1.4.0-SNAPSHOT/hdds-test-utils-1.4.0-SNAPSHOT.jar:/home/runner/.m2/repository/com/google/guava/guava/31.1-jre/guava-31.1-jre.jar:/home/runner/.m2/repository/com/google/guava/failureaccess/1.0.1/failureaccess-1.0.1.jar:/home/runner/.m2/repository/com/google/guava/listenablefuture/9999.0-empty-to-avoid-conflict-with-guava/listenablefuture-9999.0-empty-to-avoid-conflict-with-guava.jar:/home/runner/.m2/repository/com/google/code/findbugs/jsr305/3.0.0/jsr305-3.0.0.jar:/home/runner/.m2/repository/org/checkerframework/checker-qual/3.12.0/checker-qual-3.12.0.jar:/home/runner/.m2/repository/com/google/j2objc/j2objc-annotations/1.3/j2objc-annotations-1.3.jar:/home/runner/.m2/repository/commons-io/commons-io/2.11.0/commons-io-2.11.0.jar:/home/runner/.m2/repository/commons-logging/commons-logging/1.2/commons-logging-1.2.jar:/home/runner/.m2/repository/ch/qos/reload4j/reload4j/1.2.22/reload4j-1.2.22.jar:/home/runner/.m2/repository/org/slf4j/slf4j-api/1.7.36/slf4j-api-1.7.36.jar:/home/runner/.m2/repository/org/apache/ozone/hdds-server-scm/1.4.0-SNAPSHOT/hdds-server-scm-1.4.0-SNAPSHOT.jar:/home/runner/.m2/repository/org/apache/ozone/hdds-container-service/1.4.0-SNAPSHOT/hdds-container-service-1.4.0-SNAPSHOT.jar:/home/runner/.m2/repository/org/apache/ozone/hdds-hadoop-dependency-server/1.4.0-SNAPSHOT/hdds-hadoop-dependency-server-1.4.0-SNAPSHOT.jar:/home/runner/.m2/repository/org/apache/hadoop/hadoop-hdfs/3.3.5/hadoop-hdfs-3.3.5.jar:/home/runner/.m2/repository/commons-daemon/commons-daemon/1.0.13/commons-daemon-1.0.13.jar:/home/runner/.m2/repository/org/apache/ozone/hdds-server-framework/1.4.0-SNAPSHOT/hdds-server-framework-1.4.0-SNAPSHOT.jar:/home/runner/.m2/repository/io/dropwizard/metrics/metrics-core/3.2.4/metrics-core-3.2.4.jar:/home/runner/.m2/repository/org/apache/commons/commons-text/1.4/commons-text-1.4.jar:/home/runner/.m2/repository/org/bouncycastle/bcprov-jdk15on/1.67/bcprov-jdk15on-1.67.jar:/home/runner/.m2/repository/com/google/protobuf/protobuf-java/2.5.0/protobuf-java-2.5.0.jar:/home/runner/.m2/repository/org/apache/ozone/hdds-server-framework/1.4.0-SNAPSHOT/hdds-server-framework-1.4.0-SNAPSHOT-tests.jar:/home/runner/.m2/repository/org/apache/ozone/hdds-interface-server/1.4.0-SNAPSHOT/hdds-interface-server-1.4.0-SNAPSHOT.jar:/home/runner/.m2/repository/org/apache/ozone/hdds-interface-admin/1.4.0-SNAPSHOT/hdds-interface-admin-1.4.0-SNAPSHOT.jar:/home/runner/.m2/repository/org/apache/ozone/hdds-managed-rocksdb/1.4.0-SNAPSHOT/hdds-managed-rocksdb-1.4.0-SNAPSHOT.jar:/home/runner/.m2/repository/org/rocksdb/rocksdbjni/7.7.3/rocksdbjni-7.7.3.jar:/home/runner/.m2/repository/org/slf4j/slf4j-reload4j/1.7.36/slf4j-reload4j-1.7.36.jar:/home/runner/.m2/repository/org/apache/commons/commons-configuration2/2.1.1/commons-configuration2-2.1.1.jar:/home/runner/.m2/repository/org/apache/logging/log4j/log4j-core/2.17.1/log4j-core-2.17.1.jar:/home/runner/.m2/repository/com/lmax/disruptor/3.4.2/disruptor-3.4.2.jar:/home/runner/.m2/repository/org/eclipse/jetty/jetty-util/9.4.51.v20230217/jetty-util-9.4.51.v20230217.jar:/home/runner/.m2/repository/org/eclipse/jetty/jetty-server/9.4.51.v20230217/jetty-server-9.4.51.v20230217.jar:/home/runner/.m2/repository/org/eclipse/jetty/jetty-http/9.4.51.v20230217/jetty-http-9.4.51.v20230217.jar:/home/runner/.m2/repository/org/eclipse/jetty/jetty-io/9.4.51.v20230217/jetty-io-9.4.51.v20230217.jar:/home/runner/.m2/repository/org/eclipse/jetty/jetty-servlet/9.4.51.v20230217/jetty-servlet-9.4.51.v20230217.jar:/home/runner/.m2/repository/org/eclipse/jetty/jetty-security/9.4.51.v20230217/jetty-security-9.4.51.v20230217.jar:/home/runner/.m2/repository/org/eclipse/jetty/jetty-util-ajax/9.4.51.v20230217/jetty-util-ajax-9.4.51.v20230217.jar:/home/runner/.m2/repository/org/eclipse/jetty/jetty-webapp/9.4.51.v20230217/jetty-webapp-9.4.51.v20230217.jar:/home/runner/.m2/repository/org/eclipse/jetty/jetty-xml/9.4.51.v20230217/jetty-xml-9.4.51.v20230217.jar:/home/runner/.m2/repository/org/apache/ratis/ratis-server/2.4.2-8b8bdda-SNAPSHOT/ratis-server-2.4.2-8b8bdda-SNAPSHOT.jar:/home/runner/.m2/repository/org/apache/ratis/ratis-thirdparty-misc/1.0.3/ratis-thirdparty-misc-1.0.3.jar:/home/runner/.m2/repository/org/apache/ratis/ratis-proto/2.4.2-8b8bdda-SNAPSHOT/ratis-proto-2.4.2-8b8bdda-SNAPSHOT.jar:/home/runner/.m2/repository/org/apache/ratis/ratis-common/2.4.2-8b8bdda-SNAPSHOT/ratis-common-2.4.2-8b8bdda-SNAPSHOT.jar:/home/runner/.m2/repository/org/apache/ratis/ratis-client/2.4.2-8b8bdda-SNAPSHOT/ratis-client-2.4.2-8b8bdda-SNAPSHOT.jar:/home/runner/.m2/repository/org/apache/ratis/ratis-server-api/2.4.2-8b8bdda-SNAPSHOT/ratis-server-api-2.4.2-8b8bdda-SNAPSHOT.jar:/home/runner/.m2/repository/org/apache/ratis/ratis-metrics/2.4.2-8b8bdda-SNAPSHOT/ratis-metrics-2.4.2-8b8bdda-SNAPSHOT.jar:/home/runner/.m2/repository/io/prometheus/simpleclient_dropwizard/0.7.0/simpleclient_dropwizard-0.7.0.jar:/home/runner/.m2/repository/io/prometheus/simpleclient/0.7.0/simpleclient-0.7.0.jar:/home/runner/.m2/repository/io/prometheus/simpleclient_common/0.7.0/simpleclient_common-0.7.0.jar:/home/runner/.m2/repository/com/fasterxml/jackson/datatype/jackson-datatype-jsr310/2.13.4/jackson-datatype-jsr310-2.13.4.jar:/home/runner/.m2/repository/com/fasterxml/jackson/core/jackson-core/2.13.4/jackson-core-2.13.4.jar:/home/runner/.m2/repository/com/github/spotbugs/spotbugs-annotations/3.1.12/spotbugs-annotations-3.1.12.jar:/home/runner/.m2/repository/org/apache/ozone/rocksdb-checkpoint-differ/1.4.0-SNAPSHOT/rocksdb-checkpoint-differ-1.4.0-SNAPSHOT.jar:/home/runner/.m2/repository/org/awaitility/awaitility/4.2.0/awaitility-4.2.0.jar:/home/runner/.m2/repository/org/hamcrest/hamcrest/2.1/hamcrest-2.1.jar:/home/runner/.m2/repository/org/apache/ozone/ozone-manager/1.4.0-SNAPSHOT/ozone-manager-1.4.0-SNAPSHOT.jar:/home/runner/.m2/repository/org/aspectj/aspectjrt/1.9.7/aspectjrt-1.9.7.jar:/home/runner/.m2/repository/org/aspectj/aspectjweaver/1.9.7/aspectjweaver-1.9.7.jar:/home/runner/.m2/repository/org/apache/ozone/hdds-interface-client/1.4.0-SNAPSHOT/hdds-interface-client-1.4.0-SNAPSHOT.jar:/home/runner/.m2/repository/org/apache/hadoop/thirdparty/hadoop-shaded-protobuf_3_7/1.1.1/hadoop-shaded-protobuf_3_7-1.1.1.jar:/home/runner/.m2/repository/org/apache/ozone/ozone-interface-storage/1.4.0-SNAPSHOT/ozone-interface-storage-1.4.0-SNAPSHOT.jar:/home/runner/.m2/repository/org/reflections/reflections/0.9.11/reflections-0.9.11.jar:/home/runner/.m2/repository/com/sun/jersey/jersey-client/1.19/jersey-client-1.19.jar:/home/runner/.m2/repository/org/codehaus/jackson/jackson-core-asl/1.9.13/jackson-core-asl-1.9.13.jar:/home/runner/.m2/repository/org/codehaus/jackson/jackson-mapper-asl/1.9.13/jackson-mapper-asl-1.9.13.jar:/home/runner/.m2/repository/org/codehaus/jackson/jackson-jaxrs/1.9.13/jackson-jaxrs-1.9.13.jar:/home/runner/.m2/repository/org/apache/ranger/ranger-intg/2.3.0/ranger-intg-2.3.0.jar:/home/runner/.m2/repository/org/apache/ranger/ranger-plugins-common/2.3.0/ranger-plugins-common-2.3.0.jar:/home/runner/.m2/repository/commons-lang/commons-lang/2.6/commons-lang-2.6.jar:/home/runner/.m2/repository/org/apache/ranger/ranger-plugins-cred/2.3.0/ranger-plugins-cred-2.3.0.jar:/home/runner/.m2/repository/org/apache/ranger/ranger-plugins-audit/2.3.0/ranger-plugins-audit-2.3.0.jar:/home/runner/.m2/repository/org/eclipse/jetty/jetty-client/9.4.51.v20230217/jetty-client-9.4.51.v20230217.jar:/home/runner/.m2/repository/org/apache/httpcomponents/httpmime/4.5.6/httpmime-4.5.6.jar:/home/runner/.m2/repository/org/apache/httpcomponents/httpcore-nio/4.4.13/httpcore-nio-4.4.13.jar:/home/runner/.m2/repository/org/apache/httpcomponents/httpasyncclient/4.1.3/httpasyncclient-4.1.3.jar:/home/runner/.m2/repository/com/carrotsearch/hppc/0.8.0/hppc-0.8.0.jar:/home/runner/.m2/repository/org/apache/orc/orc-core/1.5.8/orc-core-1.5.8.jar:/home/runner/.m2/repository/net/java/dev/jna/jna/5.2.0/jna-5.2.0.jar:/home/runner/.m2/repository/net/java/dev/jna/jna-platform/5.2.0/jna-platform-5.2.0.jar:/home/runner/.m2/repository/com/kstruct/gethostname4j/0.0.2/gethostname4j-0.0.2.jar:/home/runner/.m2/repository/org/apache/ranger/ranger-plugin-classloader/2.3.0/ranger-plugin-classloader-2.3.0.jar:/home/runner/.m2/repository/org/apache/ozone/hdds-rocks-native/1.4.0-SNAPSHOT/hdds-rocks-native-1.4.0-SNAPSHOT.jar:/home/runner/.m2/repository/org/apache/hadoop/hadoop-minikdc/3.3.5/hadoop-minikdc-3.3.5.jar:/home/runner/.m2/repository/org/apache/kerby/kerb-simplekdc/1.0.1/kerb-simplekdc-1.0.1.jar:/home/runner/.m2/repository/org/apache/kerby/kerb-client/1.0.1/kerb-client-1.0.1.jar:/home/runner/.m2/repository/org/apache/kerby/kerby-config/1.0.1/kerby-config-1.0.1.jar:/home/runner/.m2/repository/org/apache/kerby/kerb-common/1.0.1/kerb-common-1.0.1.jar:/home/runner/.m2/repository/org/apache/kerby/kerb-crypto/1.0.1/kerb-crypto-1.0.1.jar:/home/runner/.m2/repository/org/apache/kerby/kerb-util/1.0.1/kerb-util-1.0.1.jar:/home/runner/.m2/repository/org/apache/kerby/token-provider/1.0.1/token-provider-1.0.1.jar:/home/runner/.m2/repository/org/apache/kerby/kerb-admin/1.0.1/kerb-admin-1.0.1.jar:/home/runner/.m2/repository/org/apache/kerby/kerb-server/1.0.1/kerb-server-1.0.1.jar:/home/runner/.m2/repository/org/apache/kerby/kerb-identity/1.0.1/kerb-identity-1.0.1.jar:/home/runner/.m2/repository/org/apache/kerby/kerby-xdr/1.0.1/kerby-xdr-1.0.1.jar:/home/runner/.m2/repository/org/apache/ozone/ozone-s3gateway/1.4.0-SNAPSHOT/ozone-s3gateway-1.4.0-SNAPSHOT.jar:/home/runner/.m2/repository/org/javassist/javassist/3.21.0-GA/javassist-3.21.0-GA.jar:/home/runner/.m2/repository/org/jboss/weld/servlet/weld-servlet-shaded/3.1.9.Final/weld-servlet-shaded-3.1.9.Final.jar:/home/runner/.m2/repository/org/glassfish/jersey/containers/jersey-container-servlet-core/2.34/jersey-container-servlet-core-2.34.jar:/home/runner/.m2/repository/org/glassfish/hk2/external/jakarta.inject/2.6.1/jakarta.inject-2.6.1.jar:/home/runner/.m2/repository/org/glassfish/jersey/core/jersey-common/2.34/jersey-common-2.34.jar:/home/runner/.m2/repository/jakarta/ws/rs/jakarta.ws.rs-api/2.1.6/jakarta.ws.rs-api-2.1.6.jar:/home/runner/.m2/repository/org/glassfish/jersey/ext/cdi/jersey-cdi1x/2.34/jersey-cdi1x-2.34.jar:/home/runner/.m2/repository/org/glassfish/jersey/inject/jersey-hk2/2.34/jersey-hk2-2.34.jar:/home/runner/.m2/repository/org/glassfish/hk2/hk2-locator/2.6.1/hk2-locator-2.6.1.jar:/home/runner/.m2/repository/org/glassfish/jersey/media/jersey-media-jaxb/2.34/jersey-media-jaxb-2.34.jar:/home/runner/.m2/repository/org/glassfish/hk2/osgi-resource-locator/1.0.3/osgi-resource-locator-1.0.3.jar:/home/runner/.m2/repository/org/glassfish/hk2/hk2-api/2.5.0/hk2-api-2.5.0.jar:/home/runner/.m2/repository/org/glassfish/hk2/hk2-utils/2.5.0/hk2-utils-2.5.0.jar:/home/runner/.m2/repository/org/glassfish/hk2/external/aopalliance-repackaged/2.5.0/aopalliance-repackaged-2.5.0.jar:/home/runner/.m2/repository/com/fasterxml/jackson/dataformat/jackson-dataformat-xml/2.13.4/jackson-dataformat-xml-2.13.4.jar:/home/runner/.m2/repository/org/codehaus/woodstox/stax2-api/4.2.1/stax2-api-4.2.1.jar:/home/runner/.m2/repository/com/fasterxml/woodstox/woodstox-core/5.4.0/woodstox-core-5.4.0.jar:/home/runner/.m2/repository/com/fasterxml/jackson/module/jackson-module-jaxb-annotations/2.13.4/jackson-module-jaxb-annotations-2.13.4.jar:/home/runner/.m2/repository/jakarta/xml/bind/jakarta.xml.bind-api/2.3.3/jakarta.xml.bind-api-2.3.3.jar:/home/runner/.m2/repository/jakarta/activation/jakarta.activation-api/1.2.2/jakarta.activation-api-1.2.2.jar:/home/runner/.m2/repository/javax/enterprise/cdi-api/2.0/cdi-api-2.0.jar:/home/runner/.m2/repository/javax/el/javax.el-api/3.0.0/javax.el-api-3.0.0.jar:/home/runner/.m2/repository/javax/interceptor/javax.interceptor-api/1.2/javax.interceptor-api-1.2.jar:/home/runner/.m2/repository/javax/inject/javax.inject/1/javax.inject-1.jar:/home/runner/.m2/repository/javax/xml/bind/jaxb-api/2.3.0/jaxb-api-2.3.0.jar:/home/runner/.m2/repository/org/glassfish/jaxb/jaxb-runtime/2.3.0.1/jaxb-runtime-2.3.0.1.jar:/home/runner/.m2/repository/org/glassfish/jaxb/jaxb-core/2.3.0.1/jaxb-core-2.3.0.1.jar:/home/runner/.m2/repository/org/glassfish/jaxb/txw2/2.3.0.1/txw2-2.3.0.1.jar:/home/runner/.m2/repository/com/sun/istack/istack-commons-runtime/3.0.5/istack-commons-runtime-3.0.5.jar:/home/runner/.m2/repository/org/jvnet/staxex/stax-ex/1.7.8/stax-ex-1.7.8.jar:/home/runner/.m2/repository/com/sun/xml/fastinfoset/FastInfoset/1.2.13/FastInfoset-1.2.13.jar:/home/runner/.m2/repository/javax/activation/activation/1.1.1/activation-1.1.1.jar:/home/runner/.m2/repository/io/grpc/grpc-protobuf/1.51.1/grpc-protobuf-1.51.1.jar:/home/runner/.m2/repository/io/grpc/grpc-api/1.51.1/grpc-api-1.51.1.jar:/home/runner/.m2/repository/io/grpc/grpc-context/1.51.1/grpc-context-1.51.1.jar:/home/runner/.m2/repository/com/google/api/grpc/proto-google-common-protos/2.9.0/proto-google-common-protos-2.9.0.jar:/home/runner/.m2/repository/io/grpc/grpc-protobuf-lite/1.51.1/grpc-protobuf-lite-1.51.1.jar:/home/runner/.m2/repository/io/grpc/grpc-stub/1.51.1/grpc-stub-1.51.1.jar:/home/runner/.m2/repository/io/netty/netty-transport/4.1.86.Final/netty-transport-4.1.86.Final.jar:/home/runner/.m2/repository/io/netty/netty-resolver/4.1.86.Final/netty-resolver-4.1.86.Final.jar:/home/runner/.m2/repository/org/apache/ozone/ozone-csi/1.4.0-SNAPSHOT/ozone-csi-1.4.0-SNAPSHOT.jar:/home/runner/.m2/repository/com/google/protobuf/protobuf-java-util/3.19.6/protobuf-java-util-3.19.6.jar:/home/runner/.m2/repository/com/google/code/gson/gson/2.9.0/gson-2.9.0.jar:/home/runner/.m2/repository/org/apache/ozone/hdds-config/1.4.0-SNAPSHOT/hdds-config-1.4.0-SNAPSHOT.jar:/home/runner/.m2/repository/io/netty/netty-transport-native-epoll/4.1.86.Final/netty-transport-native-epoll-4.1.86.Final-linux-x86_64.jar:/home/runner/.m2/repository/io/netty/netty-transport-classes-epoll/4.1.86.Final/netty-transport-classes-epoll-4.1.86.Final.jar:/home/runner/.m2/repository/io/netty/netty-transport-native-unix-common/4.1.86.Final/netty-transport-native-unix-common-4.1.86.Final.jar:/home/runner/.m2/repository/org/apache/ozone/ozone-recon/1.4.0-SNAPSHOT/ozone-recon-1.4.0-SNAPSHOT.jar:/home/runner/.m2/repository/org/apache/ozone/ozone-reconcodegen/1.4.0-SNAPSHOT/ozone-reconcodegen-1.4.0-SNAPSHOT.jar:/home/runner/.m2/repository/com/google/inject/guice/5.1.0/guice-5.1.0.jar:/home/runner/.m2/repository/aopalliance/aopalliance/1.0/aopalliance-1.0.jar:/home/runner/.m2/repository/com/google/inject/extensions/guice-assistedinject/5.1.0/guice-assistedinject-5.1.0.jar:/home/runner/.m2/repository/com/google/inject/extensions/guice-servlet/5.1.0/guice-servlet-5.1.0.jar:/home/runner/.m2/repository/org/glassfish/jersey/containers/jersey-container-servlet/2.34/jersey-container-servlet-2.34.jar:/home/runner/.m2/repository/org/glassfish/hk2/guice-bridge/2.5.0/guice-bridge-2.5.0.jar:/home/runner/.m2/repository/org/glassfish/jersey/core/jersey-server/2.34/jersey-server-2.34.jar:/home/runner/.m2/repository/org/glassfish/jersey/core/jersey-client/2.34/jersey-client-2.34.jar:/home/runner/.m2/repository/jakarta/annotation/jakarta.annotation-api/1.3.5/jakarta.annotation-api-1.3.5.jar:/home/runner/.m2/repository/jakarta/validation/jakarta.validation-api/2.0.2/jakarta.validation-api-2.0.2.jar:/home/runner/.m2/repository/org/glassfish/jersey/media/jersey-media-json-jackson/2.34/jersey-media-json-jackson-2.34.jar:/home/runner/.m2/repository/org/glassfish/jersey/ext/jersey-entity-filtering/2.34/jersey-entity-filtering-2.34.jar:/home/runner/.m2/repository/org/jooq/jooq/3.11.10/jooq-3.11.10.jar:/home/runner/.m2/repository/org/jooq/jooq-meta/3.11.10/jooq-meta-3.11.10.jar:/home/runner/.m2/repository/org/jooq/jooq-codegen/3.11.10/jooq-codegen-3.11.10.jar:/home/runner/.m2/repository/com/jolbox/bonecp/0.8.0.RELEASE/bonecp-0.8.0.RELEASE.jar:/home/runner/.m2/repository/org/apache/derby/derby/10.14.2.0/derby-10.14.2.0.jar:/home/runner/.m2/repository/org/xerial/sqlite-jdbc/3.25.2/sqlite-jdbc-3.25.2.jar:/home/runner/.m2/repository/org/springframework/spring-jdbc/5.3.27/spring-jdbc-5.3.27.jar:/home/runner/.m2/repository/org/springframework/spring-beans/5.3.27/spring-beans-5.3.27.jar:/home/runner/.m2/repository/org/springframework/spring-core/5.3.27/spring-core-5.3.27.jar:/home/runner/.m2/repository/org/springframework/spring-tx/5.3.27/spring-tx-5.3.27.jar:/home/runner/.m2/repository/org/apache/ozone/ozone-client/1.4.0-SNAPSHOT/ozone-client-1.4.0-SNAPSHOT.jar:/home/runner/.m2/repository/org/apache/ozone/hdds-erasurecode/1.4.0-SNAPSHOT/hdds-erasurecode-1.4.0-SNAPSHOT.jar:/home/runner/.m2/repository/org/apache/ozone/ozone-filesystem/1.4.0-SNAPSHOT/ozone-filesystem-1.4.0-SNAPSHOT.jar:/home/runner/.m2/repository/org/apache/ozone/ozone-filesystem-common/1.4.0-SNAPSHOT/ozone-filesystem-common-1.4.0-SNAPSHOT.jar:/home/runner/.m2/repository/org/apache/ozone/ozone-tools/1.4.0-SNAPSHOT/ozone-tools-1.4.0-SNAPSHOT.jar:/home/runner/.m2/repository/com/amazonaws/aws-java-sdk-core/1.12.261/aws-java-sdk-core-1.12.261.jar:/home/runner/.m2/repository/org/apache/httpcomponents/httpclient/4.5.13/httpclient-4.5.13.jar:/home/runner/.m2/repository/org/apache/httpcomponents/httpcore/4.4.13/httpcore-4.4.13.jar:/home/runner/.m2/repository/software/amazon/ion/ion-java/1.0.2/ion-java-1.0.2.jar:/home/runner/.m2/repository/com/fasterxml/jackson/dataformat/jackson-dataformat-cbor/2.13.4/jackson-dataformat-cbor-2.13.4.jar:/home/runner/.m2/repository/joda-time/joda-time/2.10.6/joda-time-2.10.6.jar:/home/runner/.m2/repository/com/amazonaws/aws-java-sdk-s3/1.12.261/aws-java-sdk-s3-1.12.261.jar:/home/runner/.m2/repository/com/amazonaws/aws-java-sdk-kms/1.12.261/aws-java-sdk-kms-1.12.261.jar:/home/runner/.m2/repository/com/amazonaws/jmespath-java/1.12.261/jmespath-java-1.12.261.jar:/home/runner/.m2/repository/org/kohsuke/metainf-services/metainf-services/1.8/metainf-services-1.8.jar:/home/runner/.m2/repository/org/apache/ozone/hdds-tools/1.4.0-SNAPSHOT/hdds-tools-1.4.0-SNAPSHOT.jar:/home/runner/.m2/repository/org/apache/ratis/ratis-tools/2.4.2-8b8bdda-SNAPSHOT/ratis-tools-2.4.2-8b8bdda-SNAPSHOT.jar:/home/runner/.m2/repository/commons-cli/commons-cli/1.2/commons-cli-1.2.jar:/home/runner/.m2/repository/org/apache/commons/commons-lang3/3.7/commons-lang3-3.7.jar:/home/runner/.m2/repository/org/apache/ozone/ozone-manager/1.4.0-SNAPSHOT/ozone-manager-1.4.0-SNAPSHOT-tests.jar:/home/runner/.m2/repository/org/apache/ozone/hdds-common/1.4.0-SNAPSHOT/hdds-common-1.4.0-SNAPSHOT-tests.jar:/home/runner/.m2/repository/org/apache/ozone/hdds-hadoop-dependency-client/1.4.0-SNAPSHOT/hdds-hadoop-dependency-client-1.4.0-SNAPSHOT.jar:/home/runner/.m2/repository/info/picocli/picocli/4.6.1/picocli-4.6.1.jar:/home/runner/.m2/repository/com/fasterxml/jackson/core/jackson-annotations/2.13.4/jackson-annotations-2.13.4.jar:/home/runner/.m2/repository/org/apache/ozone/hdds-annotation-processing/1.4.0-SNAPSHOT/hdds-annotation-processing-1.4.0-SNAPSHOT.jar:/home/runner/.m2/repository/javax/annotation/javax.annotation-api/1.2/javax.annotation-api-1.2.jar:/home/runner/.m2/repository/org/apache/ratis/ratis-netty/2.4.2-8b8bdda-SNAPSHOT/ratis-netty-2.4.2-8b8bdda-SNAPSHOT.jar:/home/runner/.m2/repository/org/apache/ratis/ratis-grpc/2.4.2-8b8bdda-SNAPSHOT/ratis-grpc-2.4.2-8b8bdda-SNAPSHOT.jar:/home/runner/.m2/repository/org/apache/logging/log4j/log4j-api/2.17.1/log4j-api-2.17.1.jar:/home/runner/.m2/repository/org/apache/commons/commons-pool2/2.6.0/commons-pool2-2.6.0.jar:/home/runner/.m2/repository/org/bouncycastle/bcpkix-jdk15on/1.67/bcpkix-jdk15on-1.67.jar:/home/runner/.m2/repository/commons-validator/commons-validator/1.6/commons-validator-1.6.jar:/home/runner/.m2/repository/commons-beanutils/commons-beanutils/1.9.4/commons-beanutils-1.9.4.jar:/home/runner/.m2/repository/commons-digester/commons-digester/1.8.1/commons-digester-1.8.1.jar:/home/runner/.m2/repository/commons-collections/commons-collections/3.2.2/commons-collections-3.2.2.jar:/home/runner/.m2/repository/io/jaegertracing/jaeger-client/1.6.0/jaeger-client-1.6.0.jar:/home/runner/.m2/repository/io/jaegertracing/jaeger-thrift/1.6.0/jaeger-thrift-1.6.0.jar:/home/runner/.m2/repository/org/apache/thrift/libthrift/0.14.1/libthrift-0.14.1.jar:/home/runner/.m2/repository/io/jaegertracing/jaeger-core/1.6.0/jaeger-core-1.6.0.jar:/home/runner/.m2/repository/io/jaegertracing/jaeger-tracerresolver/1.6.0/jaeger-tracerresolver-1.6.0.jar:/home/runner/.m2/repository/io/opentracing/contrib/opentracing-tracerresolver/0.1.8/opentracing-tracerresolver-0.1.8.jar:/home/runner/.m2/repository/org/jetbrains/kotlin/kotlin-stdlib/1.6.21/kotlin-stdlib-1.6.21.jar:/home/runner/.m2/repository/org/jetbrains/annotations/13.0/annotations-13.0.jar:/home/runner/.m2/repository/io/opentracing/opentracing-util/0.33.0/opentracing-util-0.33.0.jar:/home/runner/.m2/repository/io/opentracing/opentracing-api/0.33.0/opentracing-api-0.33.0.jar:/home/runner/.m2/repository/io/opentracing/opentracing-noop/0.33.0/opentracing-noop-0.33.0.jar:/home/runner/.m2/repository/org/yaml/snakeyaml/2.0/snakeyaml-2.0.jar:/home/runner/.m2/repository/junit/junit/4.13.1/junit-4.13.1.jar:/home/runner/.m2/repository/org/hamcrest/hamcrest-core/1.3/hamcrest-core-1.3.jar:/home/runner/.m2/repository/org/junit/jupiter/junit-jupiter-api/5.8.2/junit-jupiter-api-5.8.2.jar:/home/runner/.m2/repository/org/opentest4j/opentest4j/1.2.0/opentest4j-1.2.0.jar:/home/runner/.m2/repository/org/junit/platform/junit-platform-commons/1.8.2/junit-platform-commons-1.8.2.jar:/home/runner/.m2/repository/org/apiguardian/apiguardian-api/1.1.2/apiguardian-api-1.1.2.jar:/home/runner/.m2/repository/org/junit/jupiter/junit-jupiter-params/5.8.2/junit-jupiter-params-5.8.2.jar:/home/runner/.m2/repository/org/junit/jupiter/junit-jupiter-migrationsupport/5.8.2/junit-jupiter-migrationsupport-5.8.2.jar:/home/runner/.m2/repository/org/junit/jupiter/junit-jupiter-engine/5.8.2/junit-jupiter-engine-5.8.2.jar:/home/runner/.m2/repository/org/junit/platform/junit-platform-engine/1.8.2/junit-platform-engine-1.8.2.jar:/home/runner/.m2/repository/org/junit/vintage/junit-vintage-engine/5.8.2/junit-vintage-engine-5.8.2.jar:/home/runner/.m2/repository/org/junit/platform/junit-platform-launcher/1.8.2/junit-platform-launcher-1.8.2.jar:/home/runner/.m2/repository/org/mockito/mockito-core/2.28.2/mockito-core-2.28.2.jar:/home/runner/.m2/repository/net/bytebuddy/byte-buddy/1.9.10/byte-buddy-1.9.10.jar:/home/runner/.m2/repository/net/bytebuddy/byte-buddy-agent/1.9.10/byte-buddy-agent-1.9.10.jar:/home/runner/.m2/repository/org/objenesis/objenesis/1.0/objenesis-1.0.jar:/home/runner/.m2/repository/org/apache/hadoop/hadoop-kms/3.3.5/hadoop-kms-3.3.5.jar:/home/runner/.m2/repository/org/apache/hadoop/hadoop-auth/3.3.5/hadoop-auth-3.3.5.jar:/home/runner/.m2/repository/com/nimbusds/nimbus-jose-jwt/9.8.1/nimbus-jose-jwt-9.8.1.jar:/home/runner/.m2/repository/com/github/stephenc/jcip/jcip-annotations/1.0-1/jcip-annotations-1.0-1.jar:/home/runner/.m2/repository/net/minidev/json-smart/2.4.7/json-smart-2.4.7.jar:/home/runner/.m2/repository/net/minidev/accessors-smart/2.4.7/accessors-smart-2.4.7.jar:/home/runner/.m2/repository/org/ow2/asm/asm/5.0.4/asm-5.0.4.jar:/home/runner/.m2/repository/org/apache/zookeeper/zookeeper/3.5.6/zookeeper-3.5.6.jar:/home/runner/.m2/repository/org/apache/zookeeper/zookeeper-jute/3.5.6/zookeeper-jute-3.5.6.jar:/home/runner/.m2/repository/org/apache/yetus/audience-annotations/0.5.0/audience-annotations-0.5.0.jar:/home/runner/.m2/repository/org/apache/curator/curator-framework/4.2.0/curator-framework-4.2.0.jar:/home/runner/.m2/repository/org/apache/hadoop/thirdparty/hadoop-shaded-guava/1.1.1/hadoop-shaded-guava-1.1.1.jar:/home/runner/.m2/repository/com/sun/jersey/jersey-core/1.19/jersey-core-1.19.jar:/home/runner/.m2/repository/javax/ws/rs/jsr311-api/1.1.1/jsr311-api-1.1.1.jar:/home/runner/.m2/repository/com/sun/jersey/jersey-server/1.19/jersey-server-1.19.jar:/home/runner/.m2/repository/javax/servlet/javax.servlet-api/3.1.0/javax.servlet-api-3.1.0.jar:/home/runner/.m2/repository/org/apache/hadoop/hadoop-common/3.3.5/hadoop-common-3.3.5.jar:/home/runner/.m2/repository/org/apache/commons/commons-math3/3.1.1/commons-math3-3.1.1.jar:/home/runner/.m2/repository/commons-net/commons-net/3.9.0/commons-net-3.9.0.jar:/home/runner/.m2/repository/com/sun/jersey/jersey-servlet/1.19/jersey-servlet-1.19.jar:/home/runner/.m2/repository/com/github/pjfanning/jersey-json/1.20/jersey-json-1.20.jar:/home/runner/.m2/repository/org/codehaus/jettison/jettison/1.1/jettison-1.1.jar:/home/runner/.m2/repository/com/sun/xml/bind/jaxb-impl/2.2.3-1/jaxb-impl-2.2.3-1.jar:/home/runner/.m2/repository/com/google/re2j/re2j/1.1/re2j-1.1.jar:/home/runner/.m2/repository/com/jcraft/jsch/0.1.54/jsch-0.1.54.jar:/home/runner/.m2/repository/org/apache/curator/curator-client/4.2.0/curator-client-4.2.0.jar:/home/runner/.m2/repository/org/apache/curator/curator-recipes/4.2.0/curator-recipes-4.2.0.jar:/home/runner/.m2/repository/org/apache/kerby/kerb-core/1.0.1/kerb-core-1.0.1.jar:/home/runner/.m2/repository/org/apache/kerby/kerby-pkix/1.0.1/kerby-pkix-1.0.1.jar:/home/runner/.m2/repository/org/apache/kerby/kerby-asn1/1.0.1/kerby-asn1-1.0.1.jar:/home/runner/.m2/repository/org/apache/kerby/kerby-util/1.0.1/kerby-util-1.0.1.jar:/home/runner/.m2/repository/dnsjava/dnsjava/2.1.7/dnsjava-2.1.7.jar:/home/runner/.m2/repository/org/xerial/snappy/snappy-java/1.1.8.2/snappy-java-1.1.8.2.jar:/home/runner/.m2/repository/com/fasterxml/jackson/core/jackson-databind/2.13.4.2/jackson-databind-2.13.4.2.jar:/home/runner/.m2/repository/org/apache/hadoop/hadoop-kms/3.3.5/hadoop-kms-3.3.5-tests.jar:/home/runner/.m2/repository/org/apache/ozone/hdds-server-scm/1.4.0-SNAPSHOT/hdds-server-scm-1.4.0-SNAPSHOT-tests.jar:/home/runner/.m2/repository/org/apache/ozone/hdds-container-service/1.4.0-SNAPSHOT/hdds-container-service-1.4.0-SNAPSHOT-tests.jar:/home/runner/.m2/repository/com/github/luben/zstd-jni/1.5.2-5/zstd-jni-1.5.2-5.jar:/home/runner/.m2/repository/commons-codec/commons-codec/1.15/commons-codec-1.15.jar:/home/runner/.m2/repository/io/netty/netty-codec/4.1.86.Final/netty-codec-4.1.86.Final.jar:/home/runner/.m2/repository/io/netty/netty-handler/4.1.86.Final/netty-handler-4.1.86.Final.jar:/home/runner/.m2/repository/org/apache/ozone/hdds-hadoop-dependency-test/1.4.0-SNAPSHOT/hdds-hadoop-dependency-test-1.4.0-SNAPSHOT.jar:/home/runner/.m2/repository/org/apache/hadoop/hadoop-common/3.3.5/hadoop-common-3.3.5-tests.jar:/home/runner/.m2/repository/org/apache/hadoop/hadoop-hdfs/3.3.5/hadoop-hdfs-3.3.5-tests.jar:/home/runner/.m2/repository/org/assertj/assertj-core/3.12.2/assertj-core-3.12.2.jar:/home/runner/.m2/repository/org/apache/hadoop/hadoop-distcp/3.3.5/hadoop-distcp-3.3.5.jar:/home/runner/.m2/repository/org/apache/hadoop/hadoop-mapreduce-client-jobclient/3.3.5/hadoop-mapreduce-client-jobclient-3.3.5.jar:/home/runner/.m2/repository/org/apache/hadoop/hadoop-mapreduce-client-common/3.3.5/hadoop-mapreduce-client-common-3.3.5.jar:/home/runner/.m2/repository/org/apache/hadoop/hadoop-yarn-common/3.3.5/hadoop-yarn-common-3.3.5.jar:/home/runner/.m2/repository/org/apache/hadoop/hadoop-yarn-api/3.3.5/hadoop-yarn-api-3.3.5.jar:/home/runner/.m2/repository/com/sun/jersey/contribs/jersey-guice/1.19/jersey-guice-1.19.jar:/home/runner/.m2/repository/com/fasterxml/jackson/jaxrs/jackson-jaxrs-json-provider/2.13.4/jackson-jaxrs-json-provider-2.13.4.jar:/home/runner/.m2/repository/com/fasterxml/jackson/jaxrs/jackson-jaxrs-base/2.13.4/jackson-jaxrs-base-2.13.4.jar:/home/runner/.m2/repository/org/apache/hadoop/hadoop-yarn-client/3.3.5/hadoop-yarn-client-3.3.5.jar:/home/runner/.m2/repository/org/eclipse/jetty/websocket/websocket-client/9.4.48.v20220622/websocket-client-9.4.48.v20220622.jar:/home/runner/.m2/repository/org/eclipse/jetty/websocket/websocket-common/9.4.48.v20220622/websocket-common-9.4.48.v20220622.jar:/home/runner/.m2/repository/org/eclipse/jetty/websocket/websocket-api/9.4.48.v20220622/websocket-api-9.4.48.v20220622.jar:/home/runner/.m2/repository/org/jline/jline/3.9.0/jline-3.9.0.jar:/home/runner/.m2/repository/org/apache/hadoop/hadoop-mapreduce-client-core/3.3.5/hadoop-mapreduce-client-core-3.3.5.jar:/home/runner/.m2/repository/org/apache/avro/avro/1.7.7/avro-1.7.7.jar:/home/runner/.m2/repository/com/thoughtworks/paranamer/paranamer/2.3/paranamer-2.3.jar:/home/runner/.m2/repository/org/apache/hadoop/hadoop-annotations/3.3.5/hadoop-annotations-3.3.5.jar:/usr/lib/jvm/temurin-8-jdk-amd64/jre/../lib/tools.jar:/home/runner/.m2/repository/io/netty/netty/3.10.6.Final/netty-3.10.6.Final.jar:/home/runner/.m2/repository/org/apache/hadoop/hadoop-distcp/3.3.5/hadoop-distcp-3.3.5-tests.jar:/home/runner/.m2/repository/org/slf4j/jul-to-slf4j/1.7.36/jul-to-slf4j-1.7.36.jar:"/>
    <property name="sun.cpu.endian" value="little"/>
    <property name="user.home" value="/home/runner"/>
    <property name="user.language" value="en"/>
    <property name="java.specification.vendor" value="Oracle Corporation"/>
    <property name="java.home" value="/usr/lib/jvm/temurin-8-jdk-amd64/jre"/>
    <property name="java.security.krb5.conf" value="/home/runner/work/ozone/ozone/hadoop-ozone/integration-test/target/test-classes/krb5.conf"/>
    <property name="basedir" value="/home/runner/work/ozone/ozone/hadoop-ozone/integration-test"/>
    <property name="file.separator" value="/"/>
    <property name="line.separator" value="&#10;"/>
    <property name="java.vm.specification.vendor" value="Oracle Corporation"/>
    <property name="java.specification.name" value="Java Platform API Specification"/>
    <property name="java.awt.graphicsenv" value="sun.awt.X11GraphicsEnvironment"/>
    <property name="skip.installnpx" value="true"/>
    <property name="surefire.real.class.path" value="/home/runner/work/ozone/ozone/hadoop-ozone/integration-test/target/surefire/surefirebooter7477463220108531284.jar:/home/runner/.m2/repository/org/jacoco/org.jacoco.agent/0.8.5/org.jacoco.agent-0.8.5-runtime.jar"/>
    <property name="hadoop.log.dir" value="/home/runner/work/ozone/ozone/hadoop-ozone/integration-test/target/log"/>
    <property name="sun.boot.class.path" value="/usr/lib/jvm/temurin-8-jdk-amd64/jre/lib/resources.jar:/usr/lib/jvm/temurin-8-jdk-amd64/jre/lib/rt.jar:/usr/lib/jvm/temurin-8-jdk-amd64/jre/lib/sunrsasign.jar:/usr/lib/jvm/temurin-8-jdk-amd64/jre/lib/jsse.jar:/usr/lib/jvm/temurin-8-jdk-amd64/jre/lib/jce.jar:/usr/lib/jvm/temurin-8-jdk-amd64/jre/lib/charsets.jar:/usr/lib/jvm/temurin-8-jdk-amd64/jre/lib/jfr.jar:/usr/lib/jvm/temurin-8-jdk-amd64/jre/classes"/>
    <property name="sun.management.compiler" value="HotSpot 64-Bit Tiered Compilers"/>
    <property name="skip.npx" value="true"/>
    <property name="java.runtime.version" value="1.8.0_362-b09"/>
    <property name="java.net.preferIPv4Stack" value="true"/>
    <property name="user.name" value="runner"/>
    <property name="path.separator" value=":"/>
    <property name="java.security.egd" value="file:///dev/urandom"/>
    <property name="os.version" value="5.15.0-1036-azure"/>
    <property name="java.endorsed.dirs" value="/usr/lib/jvm/temurin-8-jdk-amd64/jre/lib/endorsed"/>
    <property name="java.runtime.name" value="OpenJDK Runtime Environment"/>
    <property name="file.encoding" value="UTF-8"/>
    <property name="java.vm.name" value="OpenJDK 64-Bit Server VM"/>
    <property name="test.build.webapps" value=""/>
    <property name="localRepository" value="/home/runner/.m2/repository"/>
    <property name="jetty.git.hash" value="b45c405e4544384de066f814ed42ae3dceacdd49"/>
    <property name="java.vendor.url.bug" value="https://github.com/adoptium/adoptium-support/issues"/>
    <property name="java.io.tmpdir" value="/tmp"/>
    <property name="require.test.libhadoop" value=""/>
    <property name="java.version" value="1.8.0_362"/>
    <property name="user.dir" value="/home/runner/work/ozone/ozone/hadoop-ozone/integration-test"/>
    <property name="os.arch" value="amd64"/>
    <property name="java.vm.specification.name" value="Java Virtual Machine Specification"/>
    <property name="test.build.classes" value="/home/runner/work/ozone/ozone/hadoop-ozone/integration-test/target/test-classes"/>
    <property name="java.awt.printerjob" value="sun.print.PSPrinterJob"/>
    <property name="sun.os.patch.level" value="unknown"/>
    <property name="org.apache.ratis.thirdparty.io.netty.allocator.useCacheForAllThreads" value="false"/>
    <property name="hadoop.tmp.dir" value="/home/runner/work/ozone/ozone/hadoop-ozone/integration-test/target/tmp"/>
    <property name="java.library.path" value="/usr/java/packages/lib/amd64:/usr/lib64:/lib64:/lib:/usr/lib"/>
    <property name="java.vm.info" value="mixed mode"/>
    <property name="java.vendor" value="Temurin"/>
    <property name="java.vm.version" value="25.362-b09"/>
    <property name="java.specification.maintenance.version" value="4"/>
    <property name="java.ext.dirs" value="/usr/lib/jvm/temurin-8-jdk-amd64/jre/lib/ext:/usr/java/packages/lib/ext"/>
    <property name="sun.io.unicode.encoding" value="UnicodeLittle"/>
    <property name="java.class.version" value="52.0"/>
  </properties>
  <testcase name="testBlockDeletionTransactions" classname="org.apache.hadoop.ozone.TestStorageContainerManager" time="30.233">
    <system-out><![CDATA[2023-05-05 09:10:10,145 [Time-limited test] WARN  server.ServerUtils (ServerUtils.java:getScmDbDir(148)) - ozone.scm.db.dirs is not configured. We recommend adding this setting. Falling back to ozone.metadata.dirs instead.
2023-05-05 09:10:10,239 [Time-limited test] WARN  server.ServerUtils (ServerUtils.java:getScmDbDir(148)) - ozone.scm.db.dirs is not configured. We recommend adding this setting. Falling back to ozone.metadata.dirs instead.
2023-05-05 09:10:10,243 [Time-limited test] INFO  ha.SCMHANodeDetails (SCMHANodeDetails.java:loadSCMHAConfig(209)) - ServiceID for StorageContainerManager is null
2023-05-05 09:10:10,252 [Time-limited test] WARN  ha.SCMHANodeDetails (SCMHANodeDetails.java:validateSCMHAConfig(182)) - Invalid config ozone.scm.ratis.enable. The config was not specified, but the default value true conflicts with the expected config value false. Falling back to the expected value. Current State of SCM: SCM is running in Non-HA without Ratis Ratis SCM -> Non Ratis SCM or Non HA SCM -> HA SCM is not supported
2023-05-05 09:10:10,253 [Time-limited test] INFO  ha.SCMHANodeDetails (SCMHANodeDetails.java:loadSCMHAConfig(214)) - ozone.scm.default.service.id is not defined, falling back to ozone.scm.service.ids to find serviceID for StorageContainerManager if it is HA enabled cluster
2023-05-05 09:10:10,801 [Time-limited test] WARN  utils.HAUtils (HAUtils.java:getMetaDir(350)) - ozone.scm.db.dirs is not configured. We recommend adding this setting. Falling back to ozone.metadata.dirs instead.
2023-05-05 09:10:10,944 [Time-limited test] WARN  db.DBStoreBuilder (DBStoreBuilder.java:applyDBDefinition(164)) - ozone.scm.db.dirs is not configured. We recommend adding this setting. Falling back to ozone.metadata.dirs instead.
2023-05-05 09:10:11,162 [Time-limited test] INFO  net.NodeSchemaLoader (NodeSchemaLoader.java:loadSchemaFromFile(129)) - Loading schema from [jar:file:/home/runner/.m2/repository/org/apache/ozone/hdds-common/1.4.0-SNAPSHOT/hdds-common-1.4.0-SNAPSHOT.jar!/network-topology-default.xml]
2023-05-05 09:10:11,166 [Time-limited test] INFO  net.NodeSchemaLoader (NodeSchemaLoader.java:loadSchema(176)) - Loading network topology layer schema file
2023-05-05 09:10:11,212 [Time-limited test] INFO  metrics.MetricRegistries (MetricRegistriesLoader.java:load(64)) - Loaded MetricRegistries class org.apache.ratis.metrics.impl.MetricRegistriesImpl
2023-05-05 09:10:11,227 [Time-limited test] INFO  upgrade.AbstractLayoutVersionManager (AbstractLayoutVersionManager.java:init(83)) - Initializing Layout version manager with metadata layout = WEBUI_PORTS_IN_DATANODEDETAILS (version = 6), software layout = WEBUI_PORTS_IN_DATANODEDETAILS (version = 6)
2023-05-05 09:10:11,426 [Time-limited test] INFO  reflections.Reflections (Reflections.java:scan(232)) - Reflections took 127 ms to scan 7 urls, producing 156 keys and 369 values 
2023-05-05 09:10:11,521 [Time-limited test] INFO  ha.SequenceIdGenerator (SequenceIdGenerator.java:upgradeToSequenceId(349)) - upgrade localId to 111677748019200000
2023-05-05 09:10:11,521 [Time-limited test] INFO  ha.SequenceIdGenerator (SequenceIdGenerator.java:upgradeToSequenceId(359)) - upgrade delTxnId to 0
2023-05-05 09:10:11,524 [Time-limited test] INFO  ha.SequenceIdGenerator (SequenceIdGenerator.java:upgradeToSequenceId(376)) - upgrade containerId to 0
2023-05-05 09:10:11,526 [Time-limited test] INFO  ha.SequenceIdGenerator (SequenceIdGenerator.java:<init>(220)) - Init the HA SequenceIdGenerator.
2023-05-05 09:10:11,574 [Time-limited test] WARN  server.ServerUtils (ServerUtils.java:sanitizeUserArgs(73)) - ozone.scm.stale.node.interval value = 300000 is larger than max = 100000 based on the key value of ozone.scm.heartbeat.thread.interval, reset to the max value 100000.
2023-05-05 09:10:11,574 [Time-limited test] WARN  server.ServerUtils (ServerUtils.java:sanitizeUserArgs(73)) - ozone.scm.stale.node.interval value = 300000 is larger than max = 100000 based on the key value of ozone.scm.heartbeat.thread.interval, reset to the max value 100000.
2023-05-05 09:10:11,579 [Time-limited test] INFO  node.SCMNodeManager (SCMNodeManager.java:<init>(159)) - Entering startup safe mode.
2023-05-05 09:10:11,595 [Time-limited test] INFO  algorithms.ContainerPlacementPolicyFactory (ContainerPlacementPolicyFactory.java:getPolicyInternal(86)) - Create container placement policy of type org.apache.hadoop.hdds.scm.container.placement.algorithms.SCMContainerPlacementRackAware
2023-05-05 09:10:11,598 [Time-limited test] INFO  algorithms.ContainerPlacementPolicyFactory (ContainerPlacementPolicyFactory.java:getPolicyInternal(86)) - Create container placement policy of type org.apache.hadoop.hdds.scm.container.placement.algorithms.SCMContainerPlacementRackScatter
2023-05-05 09:10:11,607 [Time-limited test] INFO  pipeline.PipelineStateManagerImpl (PipelineStateManagerImpl.java:initialize(78)) - No pipeline exists in current db
2023-05-05 09:10:11,638 [Time-limited test] INFO  algorithms.LeaderChoosePolicyFactory (LeaderChoosePolicyFactory.java:getPolicy(57)) - Create leader choose policy of type org.apache.hadoop.hdds.scm.pipeline.leader.choose.algorithms.MinLeaderCountChoosePolicy
2023-05-05 09:10:11,638 [Time-limited test] INFO  algorithms.ContainerPlacementPolicyFactory (ContainerPlacementPolicyFactory.java:getPolicyInternal(86)) - Create container placement policy of type org.apache.hadoop.hdds.scm.container.placement.algorithms.SCMContainerPlacementRackScatter
2023-05-05 09:10:11,643 [Time-limited test] INFO  ha.SCMServiceManager (SCMServiceManager.java:register(42)) - Registering service BackgroundPipelineCreator.
2023-05-05 09:10:11,643 [Time-limited test] INFO  pipeline.BackgroundPipelineCreator (BackgroundPipelineCreator.java:start(124)) - Starting RatisPipelineUtilsThread.
2023-05-05 09:10:11,647 [Time-limited test] INFO  BackgroundPipelineScrubber (BackgroundSCMService.java:start(68)) - Starting BackgroundPipelineScrubber Service.
2023-05-05 09:10:11,648 [Time-limited test] INFO  ha.SCMServiceManager (SCMServiceManager.java:register(42)) - Registering service BackgroundPipelineScrubber.
2023-05-05 09:10:11,654 [Time-limited test] INFO  ExpiredContainerReplicaOpScrubber (BackgroundSCMService.java:start(68)) - Starting ExpiredContainerReplicaOpScrubber Service.
2023-05-05 09:10:11,659 [Time-limited test] INFO  ha.SCMServiceManager (SCMServiceManager.java:register(42)) - Registering service ExpiredContainerReplicaOpScrubber.
2023-05-05 09:10:11,710 [Time-limited test] INFO  algorithms.PipelineChoosePolicyFactory (PipelineChoosePolicyFactory.java:createPipelineChoosePolicyFromClass(73)) - Create pipeline choose policy of type org.apache.hadoop.hdds.scm.pipeline.choose.algorithms.RandomPipelineChoosePolicy
2023-05-05 09:10:11,728 [Time-limited test] INFO  ha.SCMServiceManager (SCMServiceManager.java:register(42)) - Registering service SCMBlockDeletingService.
2023-05-05 09:10:11,796 [Time-limited test] INFO  replication.ReplicationManager (ReplicationManager.java:start(293)) - Starting Replication Monitor Thread.
2023-05-05 09:10:11,810 [Time-limited test] INFO  ha.SCMServiceManager (SCMServiceManager.java:register(42)) - Registering service ReplicationManager.
2023-05-05 09:10:11,816 [ReplicationMonitor] INFO  replication.ReplicationManager (ReplicationManager.java:processAll(368)) - Replication Manager is not ready to run until 3000ms after safemode exit
2023-05-05 09:10:11,819 [Time-limited test] INFO  safemode.ContainerSafeModeRule (ContainerSafeModeRule.java:<init>(89)) - containers with one replica threshold count 0
2023-05-05 09:10:11,822 [Time-limited test] INFO  safemode.HealthyPipelineSafeModeRule (HealthyPipelineSafeModeRule.java:initializeRule(169)) - Total pipeline count is 0, healthy pipeline threshold count is 1
2023-05-05 09:10:11,824 [Time-limited test] INFO  safemode.OneReplicaPipelineSafeModeRule (OneReplicaPipelineSafeModeRule.java:initializeRule(180)) - Total pipeline count is 0, pipeline's with at least one datanode reported threshold count is 0
2023-05-05 09:10:11,862 [Time-limited test] INFO  server.StorageContainerManager (StorageContainerManager.java:<init>(403)) - SCM start with adminUsers: [runner]
2023-05-05 09:10:12,103 [Time-limited test] INFO  audit.AuditLogger (AuditLogger.java:refreshDebugCmdSet(126)) - Refresh DebugCmdSet for SCMAudit to [].
2023-05-05 09:10:12,134 [Time-limited test] INFO  ipc.CallQueueManager (CallQueueManager.java:<init>(90)) - Using callQueue: class java.util.concurrent.LinkedBlockingQueue, queueCapacity: 2000, scheduler: class org.apache.hadoop.ipc.DefaultRpcScheduler, ipcBackoff: false.
2023-05-05 09:10:12,178 [Socket Reader #1 for port 0] INFO  ipc.Server (Server.java:run(1319)) - Starting Socket Reader #1 for port 0
2023-05-05 09:10:12,234 [Listener at 0.0.0.0/34303] INFO  audit.AuditLogger (AuditLogger.java:refreshDebugCmdSet(126)) - Refresh DebugCmdSet for SCMAudit to [].
2023-05-05 09:10:12,252 [Listener at 0.0.0.0/34303] INFO  ipc.CallQueueManager (CallQueueManager.java:<init>(90)) - Using callQueue: class java.util.concurrent.LinkedBlockingQueue, queueCapacity: 2000, scheduler: class org.apache.hadoop.ipc.DefaultRpcScheduler, ipcBackoff: false.
2023-05-05 09:10:12,253 [Socket Reader #1 for port 0] INFO  ipc.Server (Server.java:run(1319)) - Starting Socket Reader #1 for port 0
2023-05-05 09:10:12,289 [Listener at 0.0.0.0/42581] INFO  audit.AuditLogger (AuditLogger.java:refreshDebugCmdSet(126)) - Refresh DebugCmdSet for SCMAudit to [].
2023-05-05 09:10:12,365 [Listener at 0.0.0.0/42581] INFO  ipc.CallQueueManager (CallQueueManager.java:<init>(90)) - Using callQueue: class java.util.concurrent.LinkedBlockingQueue, queueCapacity: 2000, scheduler: class org.apache.hadoop.ipc.DefaultRpcScheduler, ipcBackoff: false.
2023-05-05 09:10:12,367 [Socket Reader #1 for port 0] INFO  ipc.Server (Server.java:run(1319)) - Starting Socket Reader #1 for port 0
2023-05-05 09:10:12,426 [Listener at 0.0.0.0/34861] INFO  ha.SCMServiceManager (SCMServiceManager.java:register(42)) - Registering service ContainerBalancer.
2023-05-05 09:10:12,426 [Listener at 0.0.0.0/34861] INFO  server.StorageContainerManager (StorageContainerManager.java:<init>(420)) - 
Container Balancer status:
Key                            Value
Running                        false
Container Balancer Configuration values:
Key                                                Value
Threshold                                          10
Max Datanodes to Involve per Iteration(percent)    20
Max Size to Move per Iteration                     500GB
Max Size Entering Target per Iteration             26GB
Max Size Leaving Source per Iteration              26GB

2023-05-05 09:10:12,428 [Listener at 0.0.0.0/34861] INFO  ha.SCMContext (SCMContext.java:updateSafeModeStatus(228)) - Update SafeModeStatus from SafeModeStatus{safeModeStatus=true, preCheckPassed=false} to SafeModeStatus{safeModeStatus=true, preCheckPassed=false}.
2023-05-05 09:10:12,439 [Listener at 0.0.0.0/34861] INFO  server.StorageContainerManager (StorageContainerManager.java:start(1477)) - StorageContainerLocationProtocol RPC server is listening at /0.0.0.0:34861
2023-05-05 09:10:12,503 [Listener at 0.0.0.0/34861] WARN  impl.MetricsConfig (MetricsConfig.java:loadFirst(136)) - Cannot locate configuration: tried hadoop-metrics2-storagecontainermanager.properties,hadoop-metrics2.properties
2023-05-05 09:10:12,515 [Listener at 0.0.0.0/34861] INFO  impl.MetricsSystemImpl (MetricsSystemImpl.java:startTimer(378)) - Scheduled Metric snapshot period at 10 second(s).
2023-05-05 09:10:12,515 [Listener at 0.0.0.0/34861] INFO  impl.MetricsSystemImpl (MetricsSystemImpl.java:start(191)) - StorageContainerManager metrics system started
2023-05-05 09:10:12,758 [Listener at 0.0.0.0/34861] INFO  server.SCMClientProtocolServer (SCMClientProtocolServer.java:start(199)) - RPC server for Client  is listening at /0.0.0.0:34861
2023-05-05 09:10:12,758 [IPC Server Responder] INFO  ipc.Server (Server.java:run(1558)) - IPC Server Responder: starting
2023-05-05 09:10:12,760 [IPC Server listener on 0] INFO  ipc.Server (Server.java:run(1398)) - IPC Server listener on 0: starting
2023-05-05 09:10:12,767 [Listener at 0.0.0.0/34861] INFO  server.StorageContainerManager (StorageContainerManager.java:start(1491)) - ScmBlockLocationProtocol RPC server is listening at /0.0.0.0:42581
2023-05-05 09:10:12,768 [Listener at 0.0.0.0/34861] INFO  server.SCMBlockProtocolServer (SCMBlockProtocolServer.java:start(152)) - RPC server for Block Protocol is listening at /0.0.0.0:42581
2023-05-05 09:10:12,768 [IPC Server Responder] INFO  ipc.Server (Server.java:run(1558)) - IPC Server Responder: starting
2023-05-05 09:10:12,769 [IPC Server listener on 0] INFO  ipc.Server (Server.java:run(1398)) - IPC Server listener on 0: starting
2023-05-05 09:10:12,771 [Listener at 0.0.0.0/34861] INFO  server.SCMDatanodeProtocolServer (SCMDatanodeProtocolServer.java:start(193)) - ScmDatanodeProtocol RPC server for DataNodes is listening at /0.0.0.0:34303
2023-05-05 09:10:12,772 [IPC Server Responder] INFO  ipc.Server (Server.java:run(1558)) - IPC Server Responder: starting
2023-05-05 09:10:12,772 [IPC Server listener on 0] INFO  ipc.Server (Server.java:run(1398)) - IPC Server listener on 0: starting
2023-05-05 09:10:12,797 [org.apache.hadoop.util.JvmPauseMonitor$Monitor@138b8455] INFO  util.JvmPauseMonitor (JvmPauseMonitor.java:run(188)) - Starting JVM pause monitor
2023-05-05 09:10:12,804 [Listener at 0.0.0.0/34861] INFO  http.BaseHttpServer (BaseHttpServer.java:newHttpServer2BuilderForOzone(224)) - Starting Web-server for scm at: http://0.0.0.0:0
2023-05-05 09:10:12,804 [Listener at 0.0.0.0/34861] INFO  http.BaseHttpServer (BaseHttpServer.java:<init>(111)) - Hadoop Security Enabled: false Ozone Security Enabled: false Ozone HTTP Security Enabled: false 
2023-05-05 09:10:12,834 [Listener at 0.0.0.0/34861] INFO  util.log (Log.java:initialized(170)) - Logging initialized @4187ms to org.eclipse.jetty.util.log.Slf4jLog
2023-05-05 09:10:12,931 [Listener at 0.0.0.0/34861] WARN  server.AuthenticationFilter (AuthenticationFilter.java:constructSecretProvider(240)) - Unable to initialize FileSignerSecretProvider, falling back to use random secrets. Reason: Could not read signature secret file: /home/runner/hadoop-http-auth-signature-secret
2023-05-05 09:10:12,937 [Listener at 0.0.0.0/34861] INFO  http.HttpRequestLog (HttpRequestLog.java:getRequestLog(86)) - Http request log for http.requests.scm is not defined
2023-05-05 09:10:12,945 [Listener at 0.0.0.0/34861] INFO  http.HttpServer2 (HttpServer2.java:addGlobalFilter(1031)) - Added global filter 'safety' (class=org.apache.hadoop.hdds.server.http.HttpServer2$QuotingInputFilter)
2023-05-05 09:10:12,948 [Listener at 0.0.0.0/34861] INFO  http.HttpServer2 (HttpServer2.java:addFilter(1007)) - Added filter static_user_filter (class=org.apache.hadoop.http.lib.StaticUserWebFilter$StaticUserFilter) to context scm
2023-05-05 09:10:12,948 [Listener at 0.0.0.0/34861] INFO  http.HttpServer2 (HttpServer2.java:addFilter(1015)) - Added filter static_user_filter (class=org.apache.hadoop.http.lib.StaticUserWebFilter$StaticUserFilter) to context static
2023-05-05 09:10:12,948 [Listener at 0.0.0.0/34861] INFO  http.HttpServer2 (HttpServer2.java:addFilter(1015)) - Added filter static_user_filter (class=org.apache.hadoop.http.lib.StaticUserWebFilter$StaticUserFilter) to context logs
2023-05-05 09:10:12,986 [Listener at 0.0.0.0/34861] INFO  http.BaseHttpServer (BaseHttpServer.java:<init>(190)) - HTTP server of scm uses base directory /home/runner/work/ozone/ozone/hadoop-ozone/integration-test/target/test-dir/MiniOzoneClusterImpl-ed01f5d4-5545-4c64-89b6-17c207d9d767/ozone-meta/webserver
2023-05-05 09:10:12,987 [Listener at 0.0.0.0/34861] INFO  http.HttpServer2 (HttpServer2.java:bindListener(1250)) - Jetty bound to port 46047
2023-05-05 09:10:12,988 [Listener at 0.0.0.0/34861] INFO  server.Server (Server.java:doStart(375)) - jetty-9.4.51.v20230217; built: 2023-02-17T08:19:37.309Z; git: b45c405e4544384de066f814ed42ae3dceacdd49; jvm 1.8.0_362-b09
2023-05-05 09:10:13,026 [Listener at 0.0.0.0/34861] INFO  server.session (DefaultSessionIdManager.java:doStart(334)) - DefaultSessionIdManager workerName=node0
2023-05-05 09:10:13,027 [Listener at 0.0.0.0/34861] INFO  server.session (DefaultSessionIdManager.java:doStart(339)) - No SessionScavenger set, using defaults
2023-05-05 09:10:13,028 [Listener at 0.0.0.0/34861] INFO  server.session (HouseKeeper.java:startScavenging(132)) - node0 Scavenging every 600000ms
2023-05-05 09:10:13,046 [Listener at 0.0.0.0/34861] INFO  handler.ContextHandler (ContextHandler.java:doStart(921)) - Started o.e.j.s.ServletContextHandler@47a639e9{logs,/logs,file:///home/runner/work/ozone/ozone/hadoop-ozone/integration-test/target/log,AVAILABLE}
2023-05-05 09:10:13,047 [Listener at 0.0.0.0/34861] INFO  handler.ContextHandler (ContextHandler.java:doStart(921)) - Started o.e.j.s.ServletContextHandler@19c026a7{static,/static,file:///home/runner/work/ozone/ozone/hadoop-ozone/integration-test/target/test-classes/webapps/static,AVAILABLE}
2023-05-05 09:10:13,102 [Listener at 0.0.0.0/34861] INFO  handler.ContextHandler (ContextHandler.java:doStart(921)) - Started o.e.j.w.WebAppContext@511a0ac3{scm,/,file:///home/runner/work/ozone/ozone/hadoop-ozone/integration-test/target/test-classes/webapps/scm/,AVAILABLE}{file:/home/runner/work/ozone/ozone/hadoop-ozone/integration-test/target/test-classes/webapps/scm}
2023-05-05 09:10:13,111 [Listener at 0.0.0.0/34861] INFO  server.AbstractConnector (AbstractConnector.java:doStart(333)) - Started ServerConnector@1b9e3501{HTTP/1.1, (http/1.1)}{0.0.0.0:46047}
2023-05-05 09:10:13,111 [Listener at 0.0.0.0/34861] INFO  server.Server (Server.java:doStart(415)) - Started @4465ms
2023-05-05 09:10:13,114 [Listener at 0.0.0.0/34861] INFO  impl.MetricsSinkAdapter (MetricsSinkAdapter.java:start(204)) - Sink prometheus started
2023-05-05 09:10:13,114 [Listener at 0.0.0.0/34861] INFO  impl.MetricsSystemImpl (MetricsSystemImpl.java:registerSink(305)) - Registered sink prometheus
2023-05-05 09:10:13,115 [Listener at 0.0.0.0/34861] INFO  http.BaseHttpServer (BaseHttpServer.java:updateConnectorAddress(344)) - HTTP server of scm listening at http://0.0.0.0:46047
2023-05-05 09:10:13,118 [Listener at 0.0.0.0/34861] WARN  server.ServerUtils (ServerUtils.java:getDBPath(225)) - ozone.om.db.dirs is not configured. We recommend adding this setting. Falling back to ozone.metadata.dirs instead.
2023-05-05 09:10:13,174 [Listener at 0.0.0.0/34861] INFO  audit.AuditLogger (AuditLogger.java:refreshDebugCmdSet(126)) - Refresh DebugCmdSet for OMAudit to [].
2023-05-05 09:10:13,254 [Listener at 0.0.0.0/34861] INFO  ha.OMHANodeDetails (OMHANodeDetails.java:loadOMHAConfig(115)) - ozone.om.internal.service.id is not defined, falling back to ozone.om.service.ids to find serviceID for OzoneManager if it is HA enabled cluster
2023-05-05 09:10:13,257 [Listener at 0.0.0.0/34861] INFO  ha.OMHANodeDetails (OMHANodeDetails.java:loadOMHAConfig(226)) - Configuration does not have ozone.om.address set. Falling back to the default OM address /127.0.0.1:0
2023-05-05 09:10:13,257 [Listener at 0.0.0.0/34861] INFO  ha.OMHANodeDetails (OMHANodeDetails.java:getOMNodeDetailsForNonHA(254)) - OM Service ID is not set. Setting it to the default ID: omServiceIdDefault
2023-05-05 09:10:13,257 [Listener at 0.0.0.0/34861] INFO  ha.OMHANodeDetails (OMHANodeDetails.java:getOMNodeDetailsForNonHA(261)) - OM Node ID is not set. Setting it to the default ID: om1
2023-05-05 09:10:13,261 [Listener at 0.0.0.0/34861] WARN  server.ServerUtils (ServerUtils.java:getDBPath(225)) - ozone.om.db.dirs is not configured. We recommend adding this setting. Falling back to ozone.metadata.dirs instead.
2023-05-05 09:10:13,264 [Listener at 0.0.0.0/34861] INFO  upgrade.AbstractLayoutVersionManager (AbstractLayoutVersionManager.java:init(83)) - Initializing Layout version manager with metadata layout = HSYNC (version = 4), software layout = HSYNC (version = 4)
2023-05-05 09:10:13,351 [Listener at 0.0.0.0/34861] INFO  reflections.Reflections (Reflections.java:scan(232)) - Reflections took 84 ms to scan 2 urls, producing 172 keys and 475 values [using 2 cores]
2023-05-05 09:10:13,359 [Listener at 0.0.0.0/34861] INFO  upgrade.OMLayoutVersionManager (OMLayoutVersionManager.java:lambda$0(115)) - Skipping Upgrade Action MockOmUpgradeAction since it has been finalized.
2023-05-05 09:10:13,362 [Listener at 0.0.0.0/34861] WARN  server.ServerUtils (ServerUtils.java:getDBPath(225)) - ozone.om.db.dirs is not configured. We recommend adding this setting. Falling back to ozone.metadata.dirs instead.
2023-05-05 09:10:13,522 [Listener at 0.0.0.0/34861] INFO  proxy.SCMBlockLocationFailoverProxyProvider (SCMBlockLocationFailoverProxyProvider.java:<init>(114)) - Created block location fail-over proxy with 1 nodes: [nodeId=scmNodeId,nodeAddress=/0.0.0.0:42581]
2023-05-05 09:10:13,556 [Listener at 0.0.0.0/34861] INFO  proxy.SCMBlockLocationFailoverProxyProvider (SCMBlockLocationFailoverProxyProvider.java:<init>(114)) - Created block location fail-over proxy with 1 nodes: [nodeId=scmNodeId,nodeAddress=/0.0.0.0:42581]
2023-05-05 09:10:13,752 [Listener at 0.0.0.0/34861] INFO  om.OzoneManager (OzoneManager.java:<init>(634)) - OM start with adminUsers: [runner]
2023-05-05 09:10:13,788 [Listener at 0.0.0.0/34861] WARN  server.ServerUtils (ServerUtils.java:getDBPath(225)) - ozone.om.db.dirs is not configured. We recommend adding this setting. Falling back to ozone.metadata.dirs instead.
2023-05-05 09:10:13,802 [Listener at 0.0.0.0/34861] INFO  codec.OmKeyInfoCodec (OmKeyInfoCodec.java:<init>(49)) - OmKeyInfoCodec ignorePipeline = true
2023-05-05 09:10:13,804 [Listener at 0.0.0.0/34861] INFO  codec.RepeatedOmKeyInfoCodec (RepeatedOmKeyInfoCodec.java:<init>(41)) - RepeatedOmKeyInfoCodec ignorePipeline = true
2023-05-05 09:10:14,040 [Listener at 0.0.0.0/34861] INFO  om.OzoneManager (OzoneManager.java:instantiateServices(764)) - S3 Multi-Tenancy is disabled
2023-05-05 09:10:14,074 [Listener at 0.0.0.0/34861] WARN  server.ServerUtils (ServerUtils.java:getDBPath(225)) - ozone.om.snapshot.diff.db.dir is not configured. We recommend adding this setting. Falling back to ozone.metadata.dirs instead.
2023-05-05 09:10:14,183 [Listener at 0.0.0.0/34861] INFO  om.OzoneManager (OzoneManager.java:addS3GVolumeToDB(4263)) - Created Volume s3v With Owner runner required for S3Gateway operations.
2023-05-05 09:10:14,245 [Listener at 0.0.0.0/34861] WARN  server.ServerUtils (ServerUtils.java:getDefaultRatisDirectory(237)) - Storage directory for Ratis is not configured. It is a good idea to map this to an SSD disk. Falling back to ozone.metadata.dirs
2023-05-05 09:10:14,246 [Listener at 0.0.0.0/34861] WARN  utils.OzoneManagerRatisUtils (OzoneManagerRatisUtils.java:getOMRatisSnapshotDirectory(456)) - ozone.om.ratis.snapshot.dir is not configured. Falling back to ozone.metadata.dirs config
2023-05-05 09:10:14,263 [Listener at 0.0.0.0/34861] WARN  server.ServerUtils (ServerUtils.java:getDefaultRatisDirectory(237)) - Storage directory for Ratis is not configured. It is a good idea to map this to an SSD disk. Falling back to ozone.metadata.dirs
2023-05-05 09:10:14,299 [Listener at 0.0.0.0/34861] INFO  ratis.OzoneManagerRatisServer (OzoneManagerRatisServer.java:<init>(163)) - Instantiating OM Ratis server with groupID: omServiceIdDefault and peers: localhost:9872
2023-05-05 09:10:14,308 [Listener at 0.0.0.0/34861] INFO  ratis.OzoneManagerStateMachine (OzoneManagerStateMachine.java:loadSnapshotInfoFromDB(670)) - LastAppliedIndex is set from TransactionInfo from OM DB as (t:0, i:~)
2023-05-05 09:10:14,360 [Listener at 0.0.0.0/34861] INFO  server.RaftServer (ConfUtils.java:logGet(46)) - raft.rpc.type = GRPC (default)
2023-05-05 09:10:14,435 [Listener at 0.0.0.0/34861] INFO  grpc.GrpcConfigKeys (ConfUtils.java:logFallback(53)) - raft.grpc.admin.host = null (fallback to raft.grpc.server.host)
2023-05-05 09:10:14,439 [Listener at 0.0.0.0/34861] INFO  grpc.GrpcConfigKeys (ConfUtils.java:logFallback(53)) - raft.grpc.admin.port = 9872 (fallback to raft.grpc.server.port)
2023-05-05 09:10:14,440 [Listener at 0.0.0.0/34861] INFO  grpc.GrpcConfigKeys (ConfUtils.java:logFallback(53)) - raft.grpc.client.host = null (fallback to raft.grpc.server.host)
2023-05-05 09:10:14,443 [Listener at 0.0.0.0/34861] INFO  grpc.GrpcConfigKeys (ConfUtils.java:logFallback(53)) - raft.grpc.client.port = 9872 (fallback to raft.grpc.server.port)
2023-05-05 09:10:14,443 [Listener at 0.0.0.0/34861] INFO  grpc.GrpcConfigKeys (ConfUtils.java:logGet(46)) - raft.grpc.server.host = null (default)
2023-05-05 09:10:14,443 [Listener at 0.0.0.0/34861] INFO  grpc.GrpcConfigKeys (ConfUtils.java:logGet(46)) - raft.grpc.server.port = 9872 (custom)
2023-05-05 09:10:14,445 [Listener at 0.0.0.0/34861] INFO  server.GrpcService (ConfUtils.java:logGet(46)) - raft.grpc.message.size.max = 33554432 (custom)
2023-05-05 09:10:14,447 [Listener at 0.0.0.0/34861] INFO  server.RaftServerConfigKeys (ConfUtils.java:logGet(46)) - raft.server.log.appender.buffer.byte-limit = 33554432 (custom)
2023-05-05 09:10:14,447 [Listener at 0.0.0.0/34861] INFO  server.GrpcService (ConfUtils.java:logGet(46)) - raft.grpc.flow.control.window = 1MB (=1048576) (default)
2023-05-05 09:10:14,449 [Listener at 0.0.0.0/34861] INFO  server.RaftServerConfigKeys (ConfUtils.java:logGet(46)) - raft.server.rpc.request.timeout = 3000ms (default)
2023-05-05 09:10:14,462 [Listener at 0.0.0.0/34861] INFO  grpc.GrpcConfigKeys (ConfUtils.java:logGet(46)) - raft.grpc.server.heartbeat.channel = true (default)
2023-05-05 09:10:14,466 [Listener at 0.0.0.0/34861] INFO  grpc.GrpcConfigKeys (ConfUtils.java:logGet(46)) - raft.grpc.server.async.request.thread.pool.cached = true (default)
2023-05-05 09:10:14,467 [Listener at 0.0.0.0/34861] INFO  grpc.GrpcConfigKeys (ConfUtils.java:logGet(46)) - raft.grpc.server.async.request.thread.pool.size = 32 (default)
2023-05-05 09:10:14,673 [Listener at 0.0.0.0/34861] INFO  impl.DataStreamServerImpl (ConfUtils.java:logGet(46)) - raft.datastream.type = DISABLED (default)
2023-05-05 09:10:14,675 [Listener at 0.0.0.0/34861] INFO  server.RaftServerConfigKeys (ConfUtils.java:logGet(46)) - raft.server.threadpool.proxy.cached = true (default)
2023-05-05 09:10:14,676 [Listener at 0.0.0.0/34861] INFO  server.RaftServerConfigKeys (ConfUtils.java:logGet(46)) - raft.server.threadpool.proxy.size = 0 (default)
2023-05-05 09:10:14,676 [Listener at 0.0.0.0/34861] INFO  server.RaftServerConfigKeys (ConfUtils.java:logGet(46)) - raft.server.rpc.slowness.timeout = 120s (custom)
2023-05-05 09:10:14,676 [Listener at 0.0.0.0/34861] INFO  server.RaftServerConfigKeys (ConfUtils.java:logGet(46)) - raft.server.leaderelection.leader.step-down.wait-time = 10s (default)
2023-05-05 09:10:14,679 [Listener at 0.0.0.0/34861] INFO  server.RaftServerConfigKeys (ConfUtils.java:logGet(46)) - raft.server.storage.dir = [/home/runner/work/ozone/ozone/hadoop-ozone/integration-test/target/test-dir/MiniOzoneClusterImpl-ed01f5d4-5545-4c64-89b6-17c207d9d767/ozone-meta/ratis] (custom)
2023-05-05 09:10:14,688 [Listener at 0.0.0.0/34861] INFO  server.RaftServer (RaftServerProxy.java:addNew(96)) - om1: addNew group-C5BA1605619E:[om1|rpc:localhost:9872|priority:0|startupRole:FOLLOWER] returns group-C5BA1605619E:java.util.concurrent.CompletableFuture@69cc69d[Not completed]
2023-05-05 09:10:14,689 [Listener at 0.0.0.0/34861] INFO  om.OzoneManager (OzoneManager.java:initializeRatisServer(2106)) - OzoneManager Ratis server initialized at port 9872
2023-05-05 09:10:14,691 [Listener at 0.0.0.0/34861] INFO  om.OzoneManager (OzoneManager.java:getRpcServer(1153)) - Creating RPC Server
2023-05-05 09:10:14,727 [pool-61-thread-1] INFO  server.RaftServer$Division (RaftServerImpl.java:<init>(195)) - om1: new RaftServerImpl for group-C5BA1605619E:[om1|rpc:localhost:9872|priority:0|startupRole:FOLLOWER] with OzoneManagerStateMachine:uninitialized
2023-05-05 09:10:14,729 [pool-61-thread-1] INFO  server.RaftServerConfigKeys (ConfUtils.java:logGet(46)) - raft.server.rpc.timeout.min = 1s (custom)
2023-05-05 09:10:14,731 [pool-61-thread-1] INFO  server.RaftServerConfigKeys (ConfUtils.java:logGet(46)) - raft.server.rpc.timeout.max = 1200ms (custom)
2023-05-05 09:10:14,731 [pool-61-thread-1] INFO  server.RaftServerConfigKeys (ConfUtils.java:logGet(46)) - raft.server.rpc.sleep.time = 25ms (default)
2023-05-05 09:10:14,731 [pool-61-thread-1] INFO  server.RaftServerConfigKeys (ConfUtils.java:logGet(46)) - raft.server.rpc.slowness.timeout = 120s (custom)
2023-05-05 09:10:14,731 [pool-61-thread-1] INFO  server.RaftServerConfigKeys (ConfUtils.java:logGet(46)) - raft.server.leaderelection.leader.step-down.wait-time = 10s (default)
2023-05-05 09:10:14,732 [pool-61-thread-1] INFO  server.RaftServerConfigKeys (ConfUtils.java:logGet(46)) - raft.server.sleep.deviation.threshold = 300ms (default)
2023-05-05 09:10:14,746 [pool-61-thread-1] INFO  server.RaftServer$Division (ServerState.java:<init>(118)) - om1@group-C5BA1605619E: ConfigurationManager, init=-1: peers:[om1|rpc:localhost:9872|priority:0|startupRole:FOLLOWER]|listeners:[], old=null, confs=<EMPTY_MAP>
2023-05-05 09:10:14,746 [pool-61-thread-1] INFO  server.RaftServerConfigKeys (ConfUtils.java:logGet(46)) - raft.server.storage.dir = [/home/runner/work/ozone/ozone/hadoop-ozone/integration-test/target/test-dir/MiniOzoneClusterImpl-ed01f5d4-5545-4c64-89b6-17c207d9d767/ozone-meta/ratis] (custom)
2023-05-05 09:10:14,761 [pool-61-thread-1] INFO  server.RaftServerConfigKeys (ConfUtils.java:logGet(46)) - raft.server.log.corruption.policy = EXCEPTION (default)
2023-05-05 09:10:14,762 [pool-61-thread-1] INFO  server.RaftServerConfigKeys (ConfUtils.java:logGet(46)) - raft.server.storage.free-space.min = 0MB (=0) (default)
2023-05-05 09:10:14,790 [pool-61-thread-1] INFO  server.RaftServerConfigKeys (ConfUtils.java:logGet(46)) - raft.server.notification.no-leader.timeout = 120s (custom)
2023-05-05 09:10:14,800 [pool-61-thread-1] INFO  server.RaftServerConfigKeys (ConfUtils.java:logGet(46)) - raft.server.retrycache.expirytime = 300s (custom)
2023-05-05 09:10:14,800 [pool-61-thread-1] INFO  server.RaftServerConfigKeys (ConfUtils.java:logGet(46)) - raft.server.retrycache.statistics.expirytime = 100μs (default)
2023-05-05 09:10:14,975 [pool-61-thread-1] INFO  server.RaftServerConfigKeys (ConfUtils.java:logGet(46)) - raft.server.log.appender.install.snapshot.enabled = false (custom)
2023-05-05 09:10:14,976 [pool-61-thread-1] INFO  server.RaftServerConfigKeys (ConfUtils.java:logGet(46)) - raft.server.threadpool.server.cached = true (default)
2023-05-05 09:10:14,976 [pool-61-thread-1] INFO  server.RaftServerConfigKeys (ConfUtils.java:logGet(46)) - raft.server.threadpool.server.size = 0 (default)
2023-05-05 09:10:14,977 [pool-61-thread-1] INFO  server.RaftServerConfigKeys (ConfUtils.java:logGet(46)) - raft.server.threadpool.client.cached = true (default)
2023-05-05 09:10:14,977 [pool-61-thread-1] INFO  server.RaftServerConfigKeys (ConfUtils.java:logGet(46)) - raft.server.threadpool.client.size = 0 (default)
2023-05-05 09:10:15,626 [Listener at 0.0.0.0/34861] INFO  reflections.Reflections (Reflections.java:scan(232)) - Reflections took 881 ms to scan 19 urls, producing 68 keys and 5137 values [using 2 cores]
2023-05-05 09:10:15,807 [Listener at 0.0.0.0/34861] INFO  ipc.CallQueueManager (CallQueueManager.java:<init>(90)) - Using callQueue: class java.util.concurrent.LinkedBlockingQueue, queueCapacity: 2000, scheduler: class org.apache.hadoop.ipc.DefaultRpcScheduler, ipcBackoff: false.
2023-05-05 09:10:15,807 [Socket Reader #1 for port 0] INFO  ipc.Server (Server.java:run(1319)) - Starting Socket Reader #1 for port 0
2023-05-05 09:10:15,845 [Listener at 127.0.0.1/44179] INFO  impl.MetricsSystemImpl (MetricsSystemImpl.java:init(158)) - OzoneManager metrics system started (again)
2023-05-05 09:10:15,857 [Listener at 127.0.0.1/44179] INFO  om.OzoneManager (OzoneManager.java:start(1574)) - OzoneManager RPC server is listening at localhost/127.0.0.1:44179
2023-05-05 09:10:15,857 [Listener at 127.0.0.1/44179] INFO  ratis.OzoneManagerRatisServer (OzoneManagerRatisServer.java:start(558)) - Starting OzoneManagerRatisServer om1 at port 9872
2023-05-05 09:10:15,860 [om1-impl-thread1] INFO  storage.RaftStorageDirectory (RaftStorageDirectoryImpl.java:analyzeStorage(137)) - The storage directory /home/runner/work/ozone/ozone/hadoop-ozone/integration-test/target/test-dir/MiniOzoneClusterImpl-ed01f5d4-5545-4c64-89b6-17c207d9d767/ozone-meta/ratis/bf265839-605b-3f16-9796-c5ba1605619e does not exist. Creating ...
2023-05-05 09:10:15,864 [om1-impl-thread1] INFO  storage.RaftStorageDirectory (RaftStorageDirectoryImpl.java:tryLock(231)) - Lock on /home/runner/work/ozone/ozone/hadoop-ozone/integration-test/target/test-dir/MiniOzoneClusterImpl-ed01f5d4-5545-4c64-89b6-17c207d9d767/ozone-meta/ratis/bf265839-605b-3f16-9796-c5ba1605619e/in_use.lock acquired by nodename 7812@fv-az152-207
2023-05-05 09:10:15,869 [om1-impl-thread1] INFO  storage.RaftStorage (RaftStorageImpl.java:format(96)) - Storage directory /home/runner/work/ozone/ozone/hadoop-ozone/integration-test/target/test-dir/MiniOzoneClusterImpl-ed01f5d4-5545-4c64-89b6-17c207d9d767/ozone-meta/ratis/bf265839-605b-3f16-9796-c5ba1605619e has been successfully formatted.
2023-05-05 09:10:15,871 [om1-impl-thread1] INFO  server.RaftServerConfigKeys (ConfUtils.java:logGet(46)) - raft.server.log.use.memory = false (default)
2023-05-05 09:10:15,878 [om1-impl-thread1] INFO  server.RaftServerConfigKeys (ConfUtils.java:logGet(46)) - raft.server.log.purge.gap = 1000000 (custom)
2023-05-05 09:10:15,878 [om1-impl-thread1] INFO  server.RaftServerConfigKeys (ConfUtils.java:logGet(46)) - raft.server.log.appender.buffer.byte-limit = 33554432 (custom)
2023-05-05 09:10:15,880 [om1-impl-thread1] INFO  server.RaftServerConfigKeys (ConfUtils.java:logGet(46)) - raft.server.log.statemachine.data.read.timeout = 1000ms (default)
2023-05-05 09:10:15,881 [om1-impl-thread1] INFO  server.RaftServerConfigKeys (ConfUtils.java:logGet(46)) - raft.server.log.purge.preservation.log.num = 0 (default)
2023-05-05 09:10:15,883 [om1-impl-thread1] INFO  server.RaftServerConfigKeys (ConfUtils.java:logGet(46)) - raft.server.log.segment.size.max = 4194304 (custom)
2023-05-05 09:10:15,888 [om1-impl-thread1] INFO  server.RaftServerConfigKeys (ConfUtils.java:logGet(46)) - raft.server.log.segment.cache.num.max = 2 (custom)
2023-05-05 09:10:15,888 [om1-impl-thread1] INFO  server.RaftServerConfigKeys (ConfUtils.java:logGet(46)) - raft.server.log.segment.cache.size.max = 200MB (=209715200) (default)
2023-05-05 09:10:15,893 [om1-impl-thread1] INFO  segmented.SegmentedRaftLogWorker (SegmentedRaftLogWorker.java:<init>(189)) - new om1@group-C5BA1605619E-SegmentedRaftLogWorker for RaftStorageImpl:Storage Directory /home/runner/work/ozone/ozone/hadoop-ozone/integration-test/target/test-dir/MiniOzoneClusterImpl-ed01f5d4-5545-4c64-89b6-17c207d9d767/ozone-meta/ratis/bf265839-605b-3f16-9796-c5ba1605619e
2023-05-05 09:10:15,894 [om1-impl-thread1] INFO  server.RaftServerConfigKeys (ConfUtils.java:logGet(46)) - raft.server.log.queue.byte-limit = 64MB (=67108864) (default)
2023-05-05 09:10:15,894 [om1-impl-thread1] INFO  server.RaftServerConfigKeys (ConfUtils.java:logGet(46)) - raft.server.log.queue.element-limit = 4096 (default)
2023-05-05 09:10:15,895 [om1-impl-thread1] INFO  server.RaftServerConfigKeys (ConfUtils.java:logGet(46)) - raft.server.log.segment.size.max = 4194304 (custom)
2023-05-05 09:10:15,895 [om1-impl-thread1] INFO  server.RaftServerConfigKeys (ConfUtils.java:logGet(46)) - raft.server.log.preallocated.size = 4194304 (custom)
2023-05-05 09:10:15,895 [om1-impl-thread1] INFO  server.RaftServerConfigKeys (ConfUtils.java:logGet(46)) - raft.server.log.force.sync.num = 128 (default)
2023-05-05 09:10:15,896 [om1-impl-thread1] INFO  server.RaftServerConfigKeys (ConfUtils.java:logGet(46)) - raft.server.log.statemachine.data.sync = true (default)
2023-05-05 09:10:15,896 [om1-impl-thread1] INFO  server.RaftServerConfigKeys (ConfUtils.java:logGet(46)) - raft.server.log.statemachine.data.sync.timeout = 10s (default)
2023-05-05 09:10:15,897 [om1-impl-thread1] INFO  server.RaftServerConfigKeys (ConfUtils.java:logGet(46)) - raft.server.log.statemachine.data.sync.timeout.retry = -1 (default)
2023-05-05 09:10:15,905 [om1-impl-thread1] INFO  server.RaftServerConfigKeys (ConfUtils.java:logGet(46)) - raft.server.log.write.buffer.size = 64KB (=65536) (default)
2023-05-05 09:10:15,905 [om1-impl-thread1] INFO  server.RaftServerConfigKeys (ConfUtils.java:logGet(46)) - raft.server.log.appender.buffer.byte-limit = 33554432 (custom)
2023-05-05 09:10:15,911 [om1-impl-thread1] INFO  server.RaftServerConfigKeys (ConfUtils.java:logGet(46)) - raft.server.log.unsafe-flush.enabled = false (default)
2023-05-05 09:10:15,911 [om1-impl-thread1] INFO  server.RaftServerConfigKeys (ConfUtils.java:logGet(46)) - raft.server.log.async-flush.enabled = false (default)
2023-05-05 09:10:15,911 [om1-impl-thread1] INFO  server.RaftServerConfigKeys (ConfUtils.java:logGet(46)) - raft.server.log.statemachine.data.caching.enabled = false (default)
2023-05-05 09:10:15,918 [om1-impl-thread1] INFO  segmented.SegmentedRaftLogWorker (SegmentedRaftLogWorker.java:lambda$new$0(135)) - om1@group-C5BA1605619E-SegmentedRaftLogWorker: flushIndex: setUnconditionally 0 -> -1
2023-05-05 09:10:15,918 [om1-impl-thread1] INFO  segmented.SegmentedRaftLogWorker (SegmentedRaftLogWorker.java:lambda$new$0(135)) - om1@group-C5BA1605619E-SegmentedRaftLogWorker: safeCacheEvictIndex: setUnconditionally 0 -> -1
2023-05-05 09:10:15,920 [om1-impl-thread1] INFO  server.RaftServer$Division (RaftServerImpl.java:start(334)) - om1@group-C5BA1605619E: start as a follower, conf=-1: peers:[om1|rpc:localhost:9872|priority:0|startupRole:FOLLOWER]|listeners:[], old=null
2023-05-05 09:10:15,920 [om1-impl-thread1] INFO  server.RaftServer$Division (RaftServerImpl.java:setRole(321)) - om1@group-C5BA1605619E: changes role from      null to FOLLOWER at term 0 for startAsFollower
2023-05-05 09:10:15,922 [om1-impl-thread1] INFO  impl.RoleInfo (RoleInfo.java:updateAndGet(139)) - om1: start om1@group-C5BA1605619E-FollowerState
2023-05-05 09:10:15,923 [om1-impl-thread1] INFO  util.JmxRegister (JmxRegister.java:tryRegister(44)) - Successfully registered JMX Bean with object name Ratis:service=RaftServer,group=group-C5BA1605619E,id=om1
2023-05-05 09:10:15,925 [om1-impl-thread1] INFO  server.RaftServerConfigKeys (ConfUtils.java:logGet(46)) - raft.server.snapshot.auto.trigger.enabled = true (custom)
2023-05-05 09:10:15,925 [om1-impl-thread1] INFO  server.RaftServerConfigKeys (ConfUtils.java:logGet(46)) - raft.server.snapshot.auto.trigger.threshold = 400000 (default)
2023-05-05 09:10:15,925 [om1-impl-thread1] INFO  server.RaftServerConfigKeys (ConfUtils.java:logGet(46)) - raft.server.snapshot.retention.file.num = -1 (default)
2023-05-05 09:10:15,926 [om1-impl-thread1] INFO  server.RaftServerConfigKeys (ConfUtils.java:logGet(46)) - raft.server.log.purge.upto.snapshot.index = true (custom)
2023-05-05 09:10:15,928 [om1@group-C5BA1605619E-FollowerState] INFO  server.RaftServerConfigKeys (ConfUtils.java:logFallback(53)) - raft.server.rpc.first-election.timeout.min = 1s (fallback to raft.server.rpc.timeout.min)
2023-05-05 09:10:15,929 [om1@group-C5BA1605619E-FollowerState] INFO  server.RaftServerConfigKeys (ConfUtils.java:logFallback(53)) - raft.server.rpc.first-election.timeout.max = 1200ms (fallback to raft.server.rpc.timeout.max)
2023-05-05 09:10:15,934 [Listener at 127.0.0.1/44179] INFO  server.RaftServer (RaftServerProxy.java:startImpl(393)) - om1: start RPC server
2023-05-05 09:10:15,980 [Listener at 127.0.0.1/44179] INFO  server.GrpcService (GrpcService.java:startImpl(262)) - om1: GrpcService started, listening on 9872
2023-05-05 09:10:15,984 [Listener at 127.0.0.1/44179] INFO  om.OzoneManager (OzoneManager.java:start(1590)) - Version File has different layout version (4) than OM DB (null). That is expected if this OM has never been finalized to a newer layout version.
2023-05-05 09:10:15,987 [JvmPauseMonitor0] INFO  util.JvmPauseMonitor (JvmPauseMonitor.java:run(105)) - JvmPauseMonitor-om1: Started
2023-05-05 09:10:16,005 [Listener at 127.0.0.1/44179] INFO  http.BaseHttpServer (BaseHttpServer.java:newHttpServer2BuilderForOzone(224)) - Starting Web-server for ozoneManager at: http://0.0.0.0:0
2023-05-05 09:10:16,005 [Listener at 127.0.0.1/44179] INFO  http.BaseHttpServer (BaseHttpServer.java:<init>(111)) - Hadoop Security Enabled: false Ozone Security Enabled: false Ozone HTTP Security Enabled: false 
2023-05-05 09:10:16,009 [Listener at 127.0.0.1/44179] WARN  server.AuthenticationFilter (AuthenticationFilter.java:constructSecretProvider(240)) - Unable to initialize FileSignerSecretProvider, falling back to use random secrets. Reason: Could not read signature secret file: /home/runner/hadoop-http-auth-signature-secret
2023-05-05 09:10:16,014 [Listener at 127.0.0.1/44179] INFO  http.HttpRequestLog (HttpRequestLog.java:getRequestLog(86)) - Http request log for http.requests.ozoneManager is not defined
2023-05-05 09:10:16,016 [Listener at 127.0.0.1/44179] INFO  http.HttpServer2 (HttpServer2.java:addGlobalFilter(1031)) - Added global filter 'safety' (class=org.apache.hadoop.hdds.server.http.HttpServer2$QuotingInputFilter)
2023-05-05 09:10:16,017 [Listener at 127.0.0.1/44179] INFO  http.HttpServer2 (HttpServer2.java:addFilter(1007)) - Added filter static_user_filter (class=org.apache.hadoop.http.lib.StaticUserWebFilter$StaticUserFilter) to context ozoneManager
2023-05-05 09:10:16,017 [Listener at 127.0.0.1/44179] INFO  http.HttpServer2 (HttpServer2.java:addFilter(1015)) - Added filter static_user_filter (class=org.apache.hadoop.http.lib.StaticUserWebFilter$StaticUserFilter) to context logs
2023-05-05 09:10:16,017 [Listener at 127.0.0.1/44179] INFO  http.HttpServer2 (HttpServer2.java:addFilter(1015)) - Added filter static_user_filter (class=org.apache.hadoop.http.lib.StaticUserWebFilter$StaticUserFilter) to context static
2023-05-05 09:10:16,018 [Listener at 127.0.0.1/44179] INFO  http.BaseHttpServer (BaseHttpServer.java:<init>(190)) - HTTP server of ozoneManager uses base directory /home/runner/work/ozone/ozone/hadoop-ozone/integration-test/target/test-dir/MiniOzoneClusterImpl-ed01f5d4-5545-4c64-89b6-17c207d9d767/ozone-meta/webserver
2023-05-05 09:10:16,020 [Listener at 127.0.0.1/44179] INFO  http.HttpServer2 (HttpServer2.java:bindListener(1250)) - Jetty bound to port 33573
2023-05-05 09:10:16,020 [Listener at 127.0.0.1/44179] INFO  server.Server (Server.java:doStart(375)) - jetty-9.4.51.v20230217; built: 2023-02-17T08:19:37.309Z; git: b45c405e4544384de066f814ed42ae3dceacdd49; jvm 1.8.0_362-b09
2023-05-05 09:10:16,037 [Listener at 127.0.0.1/44179] INFO  server.session (DefaultSessionIdManager.java:doStart(334)) - DefaultSessionIdManager workerName=node0
2023-05-05 09:10:16,038 [Listener at 127.0.0.1/44179] INFO  server.session (DefaultSessionIdManager.java:doStart(339)) - No SessionScavenger set, using defaults
2023-05-05 09:10:16,038 [Listener at 127.0.0.1/44179] INFO  server.session (HouseKeeper.java:startScavenging(132)) - node0 Scavenging every 660000ms
2023-05-05 09:10:16,041 [Listener at 127.0.0.1/44179] INFO  handler.ContextHandler (ContextHandler.java:doStart(921)) - Started o.e.j.s.ServletContextHandler@6068add9{logs,/logs,file:///home/runner/work/ozone/ozone/hadoop-ozone/integration-test/target/log,AVAILABLE}
2023-05-05 09:10:16,041 [Listener at 127.0.0.1/44179] INFO  handler.ContextHandler (ContextHandler.java:doStart(921)) - Started o.e.j.s.ServletContextHandler@52cf7f81{static,/static,file:///home/runner/work/ozone/ozone/hadoop-ozone/integration-test/target/test-classes/webapps/static,AVAILABLE}
2023-05-05 09:10:16,045 [Listener at 127.0.0.1/44179] INFO  handler.ContextHandler (ContextHandler.java:doStart(921)) - Started o.e.j.w.WebAppContext@7bc2c5ac{ozoneManager,/,file:///home/runner/work/ozone/ozone/hadoop-ozone/integration-test/target/test-classes/webapps/ozoneManager/,AVAILABLE}{file:/home/runner/work/ozone/ozone/hadoop-ozone/integration-test/target/test-classes/webapps/ozoneManager}
2023-05-05 09:10:16,047 [Listener at 127.0.0.1/44179] INFO  server.AbstractConnector (AbstractConnector.java:doStart(333)) - Started ServerConnector@2170b34c{HTTP/1.1, (http/1.1)}{0.0.0.0:33573}
2023-05-05 09:10:16,047 [Listener at 127.0.0.1/44179] INFO  server.Server (Server.java:doStart(415)) - Started @7401ms
2023-05-05 09:10:16,048 [Listener at 127.0.0.1/44179] WARN  impl.MetricsSystemImpl (MetricsSystemImpl.java:register(279)) - Sink prometheus already exists!
2023-05-05 09:10:16,048 [Listener at 127.0.0.1/44179] INFO  http.BaseHttpServer (BaseHttpServer.java:updateConnectorAddress(344)) - HTTP server of ozoneManager listening at http://0.0.0.0:33573
2023-05-05 09:10:16,052 [IPC Server Responder] INFO  ipc.Server (Server.java:run(1558)) - IPC Server Responder: starting
2023-05-05 09:10:16,052 [IPC Server listener on 0] INFO  ipc.Server (Server.java:run(1398)) - IPC Server listener on 0: starting
2023-05-05 09:10:16,059 [Listener at 127.0.0.1/44179] INFO  om.OzoneManager (OzoneManager.java:startTrashEmptier(2050)) - Trash Interval set to 0. Files deleted won't move to trash
2023-05-05 09:10:16,070 [org.apache.hadoop.util.JvmPauseMonitor$Monitor@392f6cc] INFO  util.JvmPauseMonitor (JvmPauseMonitor.java:run(188)) - Starting JVM pause monitor
2023-05-05 09:10:16,193 [Listener at 127.0.0.1/44179] WARN  impl.MetricRegistriesImpl (MetricRegistriesImpl.java:addReporterRegistration(111)) - New reporters are added after registries were created. Some metrics will be missing from the reporter. Please add reporter before adding any new registry.
2023-05-05 09:10:16,193 [Listener at 127.0.0.1/44179] WARN  impl.MetricRegistriesImpl (MetricRegistriesImpl.java:addReporterRegistration(111)) - New reporters are added after registries were created. Some metrics will be missing from the reporter. Please add reporter before adding any new registry.
2023-05-05 09:10:16,193 [Listener at 127.0.0.1/44179] INFO  impl.MetricsSystemImpl (MetricsSystemImpl.java:init(158)) - HddsDatanode metrics system started (again)
2023-05-05 09:10:16,211 [Listener at 127.0.0.1/44179] INFO  ozone.HddsDatanodeService (HddsDatanodeService.java:start(252)) - HddsDatanodeService host:fv-az152-207.qln5d00okglujjccfnhxhxodph.cx.internal.cloudapp.net ip:10.1.0.42
2023-05-05 09:10:16,238 [Listener at 127.0.0.1/44179] INFO  upgrade.AbstractLayoutVersionManager (AbstractLayoutVersionManager.java:init(83)) - Initializing Layout version manager with metadata layout = WEBUI_PORTS_IN_DATANODEDETAILS (version = 6), software layout = WEBUI_PORTS_IN_DATANODEDETAILS (version = 6)
2023-05-05 09:10:16,298 [Listener at 127.0.0.1/44179] INFO  reflections.Reflections (Reflections.java:scan(232)) - Reflections took 59 ms to scan 7 urls, producing 156 keys and 369 values 
2023-05-05 09:10:16,308 [Listener at 127.0.0.1/44179] INFO  statemachine.DatanodeStateMachine (DatanodeStateMachine.java:getEndPointTaskThreadPoolSize(267)) - Datanode State Machine Task Thread Pool size 2
2023-05-05 09:10:16,392 [Listener at 127.0.0.1/44179] INFO  volume.HddsVolume (HddsVolume.java:<init>(130)) - Creating HddsVolume: /home/runner/work/ozone/ozone/hadoop-ozone/integration-test/target/test-dir/MiniOzoneClusterImpl-ed01f5d4-5545-4c64-89b6-17c207d9d767/datanode-0/data-0/containers/hdds of storage type : DISK capacity : 9223372036854775807
2023-05-05 09:10:16,394 [Listener at 127.0.0.1/44179] INFO  volume.MutableVolumeSet (MutableVolumeSet.java:initializeVolumeSet(175)) - Added Volume : /home/runner/work/ozone/ozone/hadoop-ozone/integration-test/target/test-dir/MiniOzoneClusterImpl-ed01f5d4-5545-4c64-89b6-17c207d9d767/datanode-0/data-0/containers/hdds to VolumeSet
2023-05-05 09:10:16,395 [Listener at 127.0.0.1/44179] INFO  volume.ThrottledAsyncChecker (ThrottledAsyncChecker.java:schedule(141)) - Scheduling a check for /home/runner/work/ozone/ozone/hadoop-ozone/integration-test/target/test-dir/MiniOzoneClusterImpl-ed01f5d4-5545-4c64-89b6-17c207d9d767/datanode-0/data-0/containers/hdds
2023-05-05 09:10:16,408 [Listener at 127.0.0.1/44179] INFO  volume.StorageVolumeChecker (StorageVolumeChecker.java:checkAllVolumes(202)) - Scheduled health check for volume /home/runner/work/ozone/ozone/hadoop-ozone/integration-test/target/test-dir/MiniOzoneClusterImpl-ed01f5d4-5545-4c64-89b6-17c207d9d767/datanode-0/data-0/containers/hdds
2023-05-05 09:10:16,425 [Listener at 127.0.0.1/44179] INFO  volume.MutableVolumeSet (MutableVolumeSet.java:initializeVolumeSet(175)) - Added Volume : /home/runner/work/ozone/ozone/hadoop-ozone/integration-test/target/test-dir/MiniOzoneClusterImpl-ed01f5d4-5545-4c64-89b6-17c207d9d767/datanode-0/data/ratis to VolumeSet
2023-05-05 09:10:16,425 [Listener at 127.0.0.1/44179] INFO  volume.ThrottledAsyncChecker (ThrottledAsyncChecker.java:schedule(141)) - Scheduling a check for /home/runner/work/ozone/ozone/hadoop-ozone/integration-test/target/test-dir/MiniOzoneClusterImpl-ed01f5d4-5545-4c64-89b6-17c207d9d767/datanode-0/data/ratis
2023-05-05 09:10:16,425 [Listener at 127.0.0.1/44179] INFO  volume.StorageVolumeChecker (StorageVolumeChecker.java:checkAllVolumes(202)) - Scheduled health check for volume /home/runner/work/ozone/ozone/hadoop-ozone/integration-test/target/test-dir/MiniOzoneClusterImpl-ed01f5d4-5545-4c64-89b6-17c207d9d767/datanode-0/data/ratis
2023-05-05 09:10:16,447 [Thread-139] INFO  ozoneimpl.ContainerReader (ContainerReader.java:readVolume(175)) - Finish verifying containers on volume /home/runner/work/ozone/ozone/hadoop-ozone/integration-test/target/test-dir/MiniOzoneClusterImpl-ed01f5d4-5545-4c64-89b6-17c207d9d767/datanode-0/data-0/containers/hdds
2023-05-05 09:10:16,447 [Listener at 127.0.0.1/44179] INFO  ozoneimpl.OzoneContainer (OzoneContainer.java:buildContainerSet(303)) - Build ContainerSet costs 0s
2023-05-05 09:10:16,494 [Listener at 127.0.0.1/44179] INFO  audit.AuditLogger (AuditLogger.java:refreshDebugCmdSet(126)) - Refresh DebugCmdSet for DNAudit to [].
2023-05-05 09:10:16,524 [Listener at 127.0.0.1/44179] INFO  server.RaftServer (ConfUtils.java:logGet(46)) - raft.rpc.type = GRPC (default)
2023-05-05 09:10:16,524 [Listener at 127.0.0.1/44179] INFO  grpc.GrpcConfigKeys (ConfUtils.java:logFallback(53)) - raft.grpc.admin.host = null (fallback to raft.grpc.server.host)
2023-05-05 09:10:16,524 [Listener at 127.0.0.1/44179] INFO  grpc.GrpcConfigKeys (ConfUtils.java:logGet(46)) - raft.grpc.admin.port = 0 (custom)
2023-05-05 09:10:16,524 [Listener at 127.0.0.1/44179] INFO  grpc.GrpcConfigKeys (ConfUtils.java:logFallback(53)) - raft.grpc.client.host = null (fallback to raft.grpc.server.host)
2023-05-05 09:10:16,525 [Listener at 127.0.0.1/44179] INFO  grpc.GrpcConfigKeys (ConfUtils.java:logGet(46)) - raft.grpc.client.port = 0 (custom)
2023-05-05 09:10:16,525 [Listener at 127.0.0.1/44179] INFO  grpc.GrpcConfigKeys (ConfUtils.java:logGet(46)) - raft.grpc.server.host = null (default)
2023-05-05 09:10:16,525 [Listener at 127.0.0.1/44179] INFO  grpc.GrpcConfigKeys (ConfUtils.java:logGet(46)) - raft.grpc.server.port = 0 (default)
2023-05-05 09:10:16,525 [Listener at 127.0.0.1/44179] INFO  server.GrpcService (ConfUtils.java:logGet(46)) - raft.grpc.message.size.max = 32MB (=33554432) (custom)
2023-05-05 09:10:16,525 [Listener at 127.0.0.1/44179] INFO  server.RaftServerConfigKeys (ConfUtils.java:logGet(46)) - raft.server.log.appender.buffer.byte-limit = 33554432 (custom)
2023-05-05 09:10:16,525 [Listener at 127.0.0.1/44179] INFO  server.GrpcService (ConfUtils.java:logGet(46)) - raft.grpc.flow.control.window = 5MB (=5242880) (custom)
2023-05-05 09:10:16,525 [Listener at 127.0.0.1/44179] INFO  server.RaftServerConfigKeys (ConfUtils.java:logGet(46)) - raft.server.rpc.request.timeout = 60s (custom)
2023-05-05 09:10:16,525 [Listener at 127.0.0.1/44179] INFO  grpc.GrpcConfigKeys (ConfUtils.java:logGet(46)) - raft.grpc.server.heartbeat.channel = true (default)
2023-05-05 09:10:16,525 [Listener at 127.0.0.1/44179] INFO  grpc.GrpcConfigKeys (ConfUtils.java:logGet(46)) - raft.grpc.server.async.request.thread.pool.cached = true (default)
2023-05-05 09:10:16,526 [Listener at 127.0.0.1/44179] INFO  grpc.GrpcConfigKeys (ConfUtils.java:logGet(46)) - raft.grpc.server.async.request.thread.pool.size = 32 (default)
2023-05-05 09:10:16,527 [Listener at 127.0.0.1/44179] INFO  impl.DataStreamServerImpl (ConfUtils.java:logGet(46)) - raft.datastream.type = NETTY (custom)
2023-05-05 09:10:16,536 [Listener at 127.0.0.1/44179] INFO  server.RaftServerConfigKeys (ConfUtils.java:logGet(46)) - raft.server.data-stream.async.request.thread.pool.cached = false (default)
2023-05-05 09:10:16,536 [Listener at 127.0.0.1/44179] INFO  server.RaftServerConfigKeys (ConfUtils.java:logGet(46)) - raft.server.data-stream.async.request.thread.pool.size = 20 (custom)
2023-05-05 09:10:16,536 [Listener at 127.0.0.1/44179] INFO  server.RaftServerConfigKeys (ConfUtils.java:logGet(46)) - raft.server.data-stream.async.write.thread.pool.size = 16 (default)
2023-05-05 09:10:16,537 [Listener at 127.0.0.1/44179] INFO  server.RaftServerConfigKeys (ConfUtils.java:logGet(46)) - raft.server.data-stream.client.pool.size = 10 (default)
2023-05-05 09:10:16,540 [Listener at 127.0.0.1/44179] INFO  netty.NettyConfigKeys$DataStream (ConfUtils.java:logGet(46)) - raft.netty.dataStream.server.use-epoll = false (default)
2023-05-05 09:10:16,541 [Listener at 127.0.0.1/44179] INFO  netty.NettyConfigKeys$DataStream (ConfUtils.java:logGet(46)) - raft.netty.dataStream.server.boss-group.size = 0 (default)
2023-05-05 09:10:16,547 [Listener at 127.0.0.1/44179] INFO  netty.NettyConfigKeys$DataStream (ConfUtils.java:logGet(46)) - raft.netty.dataStream.server.worker-group.size = 0 (default)
2023-05-05 09:10:16,548 [Listener at 127.0.0.1/44179] INFO  netty.NettyConfigKeys$DataStream (ConfUtils.java:logGet(46)) - raft.netty.dataStream.server.tls.conf = null (default)
2023-05-05 09:10:16,549 [Listener at 127.0.0.1/44179] INFO  netty.NettyConfigKeys$DataStream (ConfUtils.java:logGet(46)) - raft.netty.dataStream.host = null (default)
2023-05-05 09:10:16,550 [Listener at 127.0.0.1/44179] INFO  netty.NettyConfigKeys$DataStream (ConfUtils.java:logGet(46)) - raft.netty.dataStream.port = 0 (default)
2023-05-05 09:10:16,558 [Listener at 127.0.0.1/44179] INFO  server.RaftServerConfigKeys (ConfUtils.java:logGet(46)) - raft.server.threadpool.proxy.cached = true (default)
2023-05-05 09:10:16,558 [Listener at 127.0.0.1/44179] INFO  server.RaftServerConfigKeys (ConfUtils.java:logGet(46)) - raft.server.threadpool.proxy.size = 0 (default)
2023-05-05 09:10:16,558 [Listener at 127.0.0.1/44179] INFO  server.RaftServerConfigKeys (ConfUtils.java:logGet(46)) - raft.server.rpc.slowness.timeout = 300s (custom)
2023-05-05 09:10:16,558 [Listener at 127.0.0.1/44179] INFO  server.RaftServerConfigKeys (ConfUtils.java:logGet(46)) - raft.server.leaderelection.leader.step-down.wait-time = 10s (default)
2023-05-05 09:10:16,558 [Listener at 127.0.0.1/44179] INFO  server.RaftServerConfigKeys (ConfUtils.java:logGet(46)) - raft.server.storage.dir = [/home/runner/work/ozone/ozone/hadoop-ozone/integration-test/target/test-dir/MiniOzoneClusterImpl-ed01f5d4-5545-4c64-89b6-17c207d9d767/datanode-0/data/ratis] (custom)
2023-05-05 09:10:16,575 [13da8014-cf59-4ce9-8837-b97ce342a136-NettyServerStreamRpc-bossGroup--thread1] INFO  logging.LoggingHandler (AbstractInternalLogger.java:log(148)) - [id: 0x9cfc26dd] REGISTERED
2023-05-05 09:10:16,576 [13da8014-cf59-4ce9-8837-b97ce342a136-NettyServerStreamRpc-bossGroup--thread1] INFO  logging.LoggingHandler (AbstractInternalLogger.java:log(148)) - [id: 0x9cfc26dd] BIND: 0.0.0.0/0.0.0.0:0
2023-05-05 09:10:16,581 [13da8014-cf59-4ce9-8837-b97ce342a136-NettyServerStreamRpc-bossGroup--thread1] INFO  logging.LoggingHandler (AbstractInternalLogger.java:log(148)) - [id: 0x9cfc26dd, L:/0:0:0:0:0:0:0:0:43129] ACTIVE
2023-05-05 09:10:16,592 [Listener at 127.0.0.1/44179] INFO  server.XceiverServerGrpc (XceiverServerGrpc.java:<init>(132)) - GrpcServer channel type EpollServerSocketChannel
2023-05-05 09:10:16,631 [Listener at 127.0.0.1/44179] INFO  replication.ReplicationSupervisor (ReplicationSupervisor.java:nodeStateUpdated(290)) - Node state updated to IN_SERVICE, scaling executor pool size to 10
2023-05-05 09:10:16,715 [Listener at 127.0.0.1/44179] INFO  http.BaseHttpServer (BaseHttpServer.java:newHttpServer2BuilderForOzone(224)) - Starting Web-server for hddsDatanode at: http://0.0.0.0:0
2023-05-05 09:10:16,715 [Listener at 127.0.0.1/44179] INFO  http.BaseHttpServer (BaseHttpServer.java:<init>(111)) - Hadoop Security Enabled: false Ozone Security Enabled: false Ozone HTTP Security Enabled: false 
2023-05-05 09:10:16,717 [Listener at 127.0.0.1/44179] WARN  server.AuthenticationFilter (AuthenticationFilter.java:constructSecretProvider(240)) - Unable to initialize FileSignerSecretProvider, falling back to use random secrets. Reason: Could not read signature secret file: /home/runner/hadoop-http-auth-signature-secret
2023-05-05 09:10:16,718 [Listener at 127.0.0.1/44179] INFO  http.HttpRequestLog (HttpRequestLog.java:getRequestLog(86)) - Http request log for http.requests.hddsDatanode is not defined
2023-05-05 09:10:16,719 [Listener at 127.0.0.1/44179] INFO  http.HttpServer2 (HttpServer2.java:addGlobalFilter(1031)) - Added global filter 'safety' (class=org.apache.hadoop.hdds.server.http.HttpServer2$QuotingInputFilter)
2023-05-05 09:10:16,720 [Listener at 127.0.0.1/44179] INFO  http.HttpServer2 (HttpServer2.java:addFilter(1007)) - Added filter static_user_filter (class=org.apache.hadoop.http.lib.StaticUserWebFilter$StaticUserFilter) to context hddsDatanode
2023-05-05 09:10:16,721 [Listener at 127.0.0.1/44179] INFO  http.HttpServer2 (HttpServer2.java:addFilter(1015)) - Added filter static_user_filter (class=org.apache.hadoop.http.lib.StaticUserWebFilter$StaticUserFilter) to context logs
2023-05-05 09:10:16,721 [Listener at 127.0.0.1/44179] INFO  http.HttpServer2 (HttpServer2.java:addFilter(1015)) - Added filter static_user_filter (class=org.apache.hadoop.http.lib.StaticUserWebFilter$StaticUserFilter) to context static
2023-05-05 09:10:16,721 [Listener at 127.0.0.1/44179] INFO  http.BaseHttpServer (BaseHttpServer.java:<init>(190)) - HTTP server of hddsDatanode uses base directory /home/runner/work/ozone/ozone/hadoop-ozone/integration-test/target/test-dir/MiniOzoneClusterImpl-ed01f5d4-5545-4c64-89b6-17c207d9d767/datanode-0/meta/webserver
2023-05-05 09:10:16,722 [Listener at 127.0.0.1/44179] INFO  http.HttpServer2 (HttpServer2.java:bindListener(1250)) - Jetty bound to port 40593
2023-05-05 09:10:16,722 [Listener at 127.0.0.1/44179] INFO  server.Server (Server.java:doStart(375)) - jetty-9.4.51.v20230217; built: 2023-02-17T08:19:37.309Z; git: b45c405e4544384de066f814ed42ae3dceacdd49; jvm 1.8.0_362-b09
2023-05-05 09:10:16,727 [Listener at 127.0.0.1/44179] INFO  server.session (DefaultSessionIdManager.java:doStart(334)) - DefaultSessionIdManager workerName=node0
2023-05-05 09:10:16,727 [Listener at 127.0.0.1/44179] INFO  server.session (DefaultSessionIdManager.java:doStart(339)) - No SessionScavenger set, using defaults
2023-05-05 09:10:16,727 [Listener at 127.0.0.1/44179] INFO  server.session (HouseKeeper.java:startScavenging(132)) - node0 Scavenging every 600000ms
2023-05-05 09:10:16,729 [Listener at 127.0.0.1/44179] INFO  handler.ContextHandler (ContextHandler.java:doStart(921)) - Started o.e.j.s.ServletContextHandler@2a06b934{logs,/logs,file:///home/runner/work/ozone/ozone/hadoop-ozone/integration-test/target/log,AVAILABLE}
2023-05-05 09:10:16,730 [Listener at 127.0.0.1/44179] INFO  handler.ContextHandler (ContextHandler.java:doStart(921)) - Started o.e.j.s.ServletContextHandler@1f5f2e8a{static,/static,jar:file:/home/runner/.m2/repository/org/apache/ozone/hdds-container-service/1.4.0-SNAPSHOT/hdds-container-service-1.4.0-SNAPSHOT.jar!/webapps/static,AVAILABLE}
2023-05-05 09:10:16,975 [Listener at 127.0.0.1/44179] INFO  handler.ContextHandler (ContextHandler.java:doStart(921)) - Started o.e.j.w.WebAppContext@699bf6ca{hddsDatanode,/,file:///home/runner/work/ozone/ozone/hadoop-ozone/integration-test/target/test-dir/MiniOzoneClusterImpl-ed01f5d4-5545-4c64-89b6-17c207d9d767/datanode-0/meta/webserver/jetty-0_0_0_0-40593-hdds-container-service-1_4_0-SNAPSHOT_jar-_-any-4012755501620254214/webapp/,AVAILABLE}{jar:file:/home/runner/.m2/repository/org/apache/ozone/hdds-container-service/1.4.0-SNAPSHOT/hdds-container-service-1.4.0-SNAPSHOT.jar!/webapps/hddsDatanode}
2023-05-05 09:10:16,978 [Listener at 127.0.0.1/44179] INFO  server.AbstractConnector (AbstractConnector.java:doStart(333)) - Started ServerConnector@3829f43f{HTTP/1.1, (http/1.1)}{0.0.0.0:40593}
2023-05-05 09:10:16,978 [Listener at 127.0.0.1/44179] INFO  server.Server (Server.java:doStart(415)) - Started @8332ms
2023-05-05 09:10:16,978 [Listener at 127.0.0.1/44179] WARN  impl.MetricsSystemImpl (MetricsSystemImpl.java:register(279)) - Sink prometheus already exists!
2023-05-05 09:10:16,979 [Listener at 127.0.0.1/44179] INFO  http.BaseHttpServer (BaseHttpServer.java:updateConnectorAddress(344)) - HTTP server of hddsDatanode listening at http://0.0.0.0:40593
2023-05-05 09:10:16,983 [Datanode State Machine Daemon Thread] INFO  statemachine.DatanodeStateMachine (DatanodeStateMachine.java:lambda$startDaemon$0(524)) - Ozone container server started.
2023-05-05 09:10:16,985 [Listener at 127.0.0.1/44179] WARN  impl.MetricRegistriesImpl (MetricRegistriesImpl.java:addReporterRegistration(111)) - New reporters are added after registries were created. Some metrics will be missing from the reporter. Please add reporter before adding any new registry.
2023-05-05 09:10:16,986 [Listener at 127.0.0.1/44179] WARN  impl.MetricRegistriesImpl (MetricRegistriesImpl.java:addReporterRegistration(111)) - New reporters are added after registries were created. Some metrics will be missing from the reporter. Please add reporter before adding any new registry.
2023-05-05 09:10:16,986 [Listener at 127.0.0.1/44179] INFO  impl.MetricsSystemImpl (MetricsSystemImpl.java:init(158)) - HddsDatanode metrics system started (again)
2023-05-05 09:10:17,000 [om1@group-C5BA1605619E-FollowerState] INFO  impl.FollowerState (FollowerState.java:run(143)) - om1@group-C5BA1605619E-FollowerState: change to CANDIDATE, lastRpcElapsedTime:1078608595ns, electionTimeout:1070ms
2023-05-05 09:10:17,001 [om1@group-C5BA1605619E-FollowerState] INFO  impl.RoleInfo (RoleInfo.java:shutdownFollowerState(110)) - om1: shutdown om1@group-C5BA1605619E-FollowerState
2023-05-05 09:10:17,009 [om1@group-C5BA1605619E-FollowerState] INFO  server.RaftServer$Division (RaftServerImpl.java:setRole(321)) - om1@group-C5BA1605619E: changes role from  FOLLOWER to CANDIDATE at term 0 for changeToCandidate
2023-05-05 09:10:17,011 [om1@group-C5BA1605619E-FollowerState] INFO  server.RaftServerConfigKeys (ConfUtils.java:logGet(46)) - raft.server.leaderelection.pre-vote = true (default)
2023-05-05 09:10:17,012 [om1@group-C5BA1605619E-FollowerState] INFO  impl.RoleInfo (RoleInfo.java:updateAndGet(139)) - om1: start om1@group-C5BA1605619E-LeaderElection1
2023-05-05 09:10:17,017 [org.apache.hadoop.util.JvmPauseMonitor$Monitor@68463939] INFO  util.JvmPauseMonitor (JvmPauseMonitor.java:run(188)) - Starting JVM pause monitor
2023-05-05 09:10:17,023 [om1@group-C5BA1605619E-LeaderElection1] INFO  impl.LeaderElection (LeaderElection.java:askForVotes(312)) - om1@group-C5BA1605619E-LeaderElection1 PRE_VOTE round 0: submit vote requests at term 0 for -1: peers:[om1|rpc:localhost:9872|priority:0|startupRole:FOLLOWER]|listeners:[], old=null
2023-05-05 09:10:17,024 [om1@group-C5BA1605619E-LeaderElection1] INFO  impl.LeaderElection (LeaderElection.java:askForVotes(314)) - om1@group-C5BA1605619E-LeaderElection1 PRE_VOTE round 0: result PASSED (term=0)
2023-05-05 09:10:17,027 [Listener at 127.0.0.1/44179] INFO  ozone.HddsDatanodeService (HddsDatanodeService.java:start(252)) - HddsDatanodeService host:fv-az152-207.qln5d00okglujjccfnhxhxodph.cx.internal.cloudapp.net ip:10.1.0.42
2023-05-05 09:10:17,031 [om1@group-C5BA1605619E-LeaderElection1] INFO  impl.LeaderElection (LeaderElection.java:askForVotes(312)) - om1@group-C5BA1605619E-LeaderElection1 ELECTION round 0: submit vote requests at term 1 for -1: peers:[om1|rpc:localhost:9872|priority:0|startupRole:FOLLOWER]|listeners:[], old=null
2023-05-05 09:10:17,031 [om1@group-C5BA1605619E-LeaderElection1] INFO  impl.LeaderElection (LeaderElection.java:askForVotes(314)) - om1@group-C5BA1605619E-LeaderElection1 ELECTION round 0: result PASSED (term=1)
2023-05-05 09:10:17,031 [om1@group-C5BA1605619E-LeaderElection1] INFO  impl.RoleInfo (RoleInfo.java:shutdownLeaderElection(130)) - om1: shutdown om1@group-C5BA1605619E-LeaderElection1
2023-05-05 09:10:17,032 [om1@group-C5BA1605619E-LeaderElection1] INFO  server.RaftServer$Division (RaftServerImpl.java:setRole(321)) - om1@group-C5BA1605619E: changes role from CANDIDATE to LEADER at term 1 for changeToLeader
2023-05-05 09:10:17,037 [om1@group-C5BA1605619E-LeaderElection1] INFO  server.RaftServer$Division (ServerState.java:setLeader(313)) - om1@group-C5BA1605619E: change Leader from null to om1 at term 1 for becomeLeader, leader elected after 2244ms
2023-05-05 09:10:17,045 [om1@group-C5BA1605619E-LeaderElection1] INFO  server.RaftServerConfigKeys (ConfUtils.java:logGet(46)) - raft.server.staging.catchup.gap = 1000 (default)
2023-05-05 09:10:17,057 [Listener at 127.0.0.1/44179] INFO  upgrade.AbstractLayoutVersionManager (AbstractLayoutVersionManager.java:init(83)) - Initializing Layout version manager with metadata layout = WEBUI_PORTS_IN_DATANODEDETAILS (version = 6), software layout = WEBUI_PORTS_IN_DATANODEDETAILS (version = 6)
2023-05-05 09:10:17,060 [om1@group-C5BA1605619E-LeaderElection1] INFO  server.RaftServerConfigKeys (ConfUtils.java:logGet(46)) - raft.server.write.element-limit = 4096 (default)
2023-05-05 09:10:17,061 [om1@group-C5BA1605619E-LeaderElection1] INFO  server.RaftServerConfigKeys (ConfUtils.java:logGet(46)) - raft.server.write.byte-limit = 64MB (=67108864) (default)
2023-05-05 09:10:17,070 [om1@group-C5BA1605619E-LeaderElection1] INFO  server.RaftServerConfigKeys (ConfUtils.java:logGet(46)) - raft.server.watch.timeout = 10s (default)
2023-05-05 09:10:17,071 [om1@group-C5BA1605619E-LeaderElection1] INFO  server.RaftServerConfigKeys (ConfUtils.java:logGet(46)) - raft.server.watch.timeout.denomination = 1s (default)
2023-05-05 09:10:17,072 [om1@group-C5BA1605619E-LeaderElection1] INFO  server.RaftServerConfigKeys (ConfUtils.java:logGet(46)) - raft.server.watch.element-limit = 65536 (default)
2023-05-05 09:10:17,085 [om1@group-C5BA1605619E-LeaderElection1] INFO  server.RaftServerConfigKeys (ConfUtils.java:logGet(46)) - raft.server.write.element-limit = 4096 (default)
2023-05-05 09:10:17,095 [om1@group-C5BA1605619E-LeaderElection1] INFO  server.RaftServerConfigKeys (ConfUtils.java:logGet(46)) - raft.server.write.follower.gap.ratio.max = -1.0 (default)
2023-05-05 09:10:17,099 [om1@group-C5BA1605619E-LeaderElection1] INFO  impl.RoleInfo (RoleInfo.java:updateAndGet(139)) - om1: start om1@group-C5BA1605619E-LeaderStateImpl
2023-05-05 09:10:17,152 [om1@group-C5BA1605619E-LeaderElection1] INFO  segmented.SegmentedRaftLogWorker (SegmentedRaftLogWorker.java:startLogSegment(452)) - om1@group-C5BA1605619E-SegmentedRaftLogWorker: Starting segment from index:0
2023-05-05 09:10:17,221 [om1@group-C5BA1605619E-LeaderElection1] INFO  server.RaftServer$Division (ServerState.java:setRaftConf(430)) - om1@group-C5BA1605619E: set configuration 0: peers:[om1|rpc:localhost:9872|admin:|client:|dataStream:|priority:0|startupRole:FOLLOWER]|listeners:[], old=null
2023-05-05 09:10:17,244 [Listener at 127.0.0.1/44179] INFO  reflections.Reflections (Reflections.java:scan(232)) - Reflections took 184 ms to scan 7 urls, producing 156 keys and 369 values 
2023-05-05 09:10:17,253 [Listener at 127.0.0.1/44179] INFO  statemachine.DatanodeStateMachine (DatanodeStateMachine.java:getEndPointTaskThreadPoolSize(267)) - Datanode State Machine Task Thread Pool size 2
2023-05-05 09:10:17,258 [Datanode State Machine Task Thread - 0] INFO  datanode.InitDatanodeState (InitDatanodeState.java:persistContainerDatanodeDetails(138)) - DatanodeDetails is persisted to /home/runner/work/ozone/ozone/hadoop-ozone/integration-test/target/test-dir/MiniOzoneClusterImpl-ed01f5d4-5545-4c64-89b6-17c207d9d767/datanode-0/meta/datanode.id
2023-05-05 09:10:17,266 [Listener at 127.0.0.1/44179] INFO  volume.HddsVolume (HddsVolume.java:<init>(130)) - Creating HddsVolume: /home/runner/work/ozone/ozone/hadoop-ozone/integration-test/target/test-dir/MiniOzoneClusterImpl-ed01f5d4-5545-4c64-89b6-17c207d9d767/datanode-1/data-0/containers/hdds of storage type : DISK capacity : 9223372036854775807
2023-05-05 09:10:17,267 [Listener at 127.0.0.1/44179] INFO  volume.MutableVolumeSet (MutableVolumeSet.java:initializeVolumeSet(175)) - Added Volume : /home/runner/work/ozone/ozone/hadoop-ozone/integration-test/target/test-dir/MiniOzoneClusterImpl-ed01f5d4-5545-4c64-89b6-17c207d9d767/datanode-1/data-0/containers/hdds to VolumeSet
2023-05-05 09:10:17,267 [Listener at 127.0.0.1/44179] INFO  volume.ThrottledAsyncChecker (ThrottledAsyncChecker.java:schedule(141)) - Scheduling a check for /home/runner/work/ozone/ozone/hadoop-ozone/integration-test/target/test-dir/MiniOzoneClusterImpl-ed01f5d4-5545-4c64-89b6-17c207d9d767/datanode-1/data-0/containers/hdds
2023-05-05 09:10:17,277 [Listener at 127.0.0.1/44179] INFO  volume.StorageVolumeChecker (StorageVolumeChecker.java:checkAllVolumes(202)) - Scheduled health check for volume /home/runner/work/ozone/ozone/hadoop-ozone/integration-test/target/test-dir/MiniOzoneClusterImpl-ed01f5d4-5545-4c64-89b6-17c207d9d767/datanode-1/data-0/containers/hdds
2023-05-05 09:10:17,315 [Listener at 127.0.0.1/44179] INFO  volume.MutableVolumeSet (MutableVolumeSet.java:initializeVolumeSet(175)) - Added Volume : /home/runner/work/ozone/ozone/hadoop-ozone/integration-test/target/test-dir/MiniOzoneClusterImpl-ed01f5d4-5545-4c64-89b6-17c207d9d767/datanode-1/data/ratis to VolumeSet
2023-05-05 09:10:17,315 [Listener at 127.0.0.1/44179] INFO  volume.ThrottledAsyncChecker (ThrottledAsyncChecker.java:schedule(141)) - Scheduling a check for /home/runner/work/ozone/ozone/hadoop-ozone/integration-test/target/test-dir/MiniOzoneClusterImpl-ed01f5d4-5545-4c64-89b6-17c207d9d767/datanode-1/data/ratis
2023-05-05 09:10:17,315 [Listener at 127.0.0.1/44179] INFO  volume.StorageVolumeChecker (StorageVolumeChecker.java:checkAllVolumes(202)) - Scheduled health check for volume /home/runner/work/ozone/ozone/hadoop-ozone/integration-test/target/test-dir/MiniOzoneClusterImpl-ed01f5d4-5545-4c64-89b6-17c207d9d767/datanode-1/data/ratis
2023-05-05 09:10:17,335 [Thread-155] INFO  ozoneimpl.ContainerReader (ContainerReader.java:readVolume(175)) - Finish verifying containers on volume /home/runner/work/ozone/ozone/hadoop-ozone/integration-test/target/test-dir/MiniOzoneClusterImpl-ed01f5d4-5545-4c64-89b6-17c207d9d767/datanode-1/data-0/containers/hdds
2023-05-05 09:10:17,347 [Listener at 127.0.0.1/44179] INFO  ozoneimpl.OzoneContainer (OzoneContainer.java:buildContainerSet(303)) - Build ContainerSet costs 0s
2023-05-05 09:10:17,351 [Listener at 127.0.0.1/44179] INFO  server.RaftServer (ConfUtils.java:logGet(46)) - raft.rpc.type = GRPC (default)
2023-05-05 09:10:17,351 [Listener at 127.0.0.1/44179] INFO  grpc.GrpcConfigKeys (ConfUtils.java:logFallback(53)) - raft.grpc.admin.host = null (fallback to raft.grpc.server.host)
2023-05-05 09:10:17,351 [Listener at 127.0.0.1/44179] INFO  grpc.GrpcConfigKeys (ConfUtils.java:logGet(46)) - raft.grpc.admin.port = 0 (custom)
2023-05-05 09:10:17,351 [Listener at 127.0.0.1/44179] INFO  grpc.GrpcConfigKeys (ConfUtils.java:logFallback(53)) - raft.grpc.client.host = null (fallback to raft.grpc.server.host)
2023-05-05 09:10:17,351 [Listener at 127.0.0.1/44179] INFO  grpc.GrpcConfigKeys (ConfUtils.java:logGet(46)) - raft.grpc.client.port = 0 (custom)
2023-05-05 09:10:17,351 [Listener at 127.0.0.1/44179] INFO  grpc.GrpcConfigKeys (ConfUtils.java:logGet(46)) - raft.grpc.server.host = null (default)
2023-05-05 09:10:17,351 [Listener at 127.0.0.1/44179] INFO  grpc.GrpcConfigKeys (ConfUtils.java:logGet(46)) - raft.grpc.server.port = 0 (default)
2023-05-05 09:10:17,351 [Listener at 127.0.0.1/44179] INFO  server.GrpcService (ConfUtils.java:logGet(46)) - raft.grpc.message.size.max = 32MB (=33554432) (custom)
2023-05-05 09:10:17,352 [Listener at 127.0.0.1/44179] INFO  server.RaftServerConfigKeys (ConfUtils.java:logGet(46)) - raft.server.log.appender.buffer.byte-limit = 33554432 (custom)
2023-05-05 09:10:17,352 [Listener at 127.0.0.1/44179] INFO  server.GrpcService (ConfUtils.java:logGet(46)) - raft.grpc.flow.control.window = 5MB (=5242880) (custom)
2023-05-05 09:10:17,352 [Listener at 127.0.0.1/44179] INFO  server.RaftServerConfigKeys (ConfUtils.java:logGet(46)) - raft.server.rpc.request.timeout = 60s (custom)
2023-05-05 09:10:17,352 [Listener at 127.0.0.1/44179] INFO  grpc.GrpcConfigKeys (ConfUtils.java:logGet(46)) - raft.grpc.server.heartbeat.channel = true (default)
2023-05-05 09:10:17,353 [Listener at 127.0.0.1/44179] INFO  grpc.GrpcConfigKeys (ConfUtils.java:logGet(46)) - raft.grpc.server.async.request.thread.pool.cached = true (default)
2023-05-05 09:10:17,354 [Listener at 127.0.0.1/44179] INFO  grpc.GrpcConfigKeys (ConfUtils.java:logGet(46)) - raft.grpc.server.async.request.thread.pool.size = 32 (default)
2023-05-05 09:10:17,356 [Listener at 127.0.0.1/44179] INFO  impl.DataStreamServerImpl (ConfUtils.java:logGet(46)) - raft.datastream.type = NETTY (custom)
2023-05-05 09:10:17,357 [Listener at 127.0.0.1/44179] INFO  server.RaftServerConfigKeys (ConfUtils.java:logGet(46)) - raft.server.data-stream.async.request.thread.pool.cached = false (default)
2023-05-05 09:10:17,358 [Listener at 127.0.0.1/44179] INFO  server.RaftServerConfigKeys (ConfUtils.java:logGet(46)) - raft.server.data-stream.async.request.thread.pool.size = 20 (custom)
2023-05-05 09:10:17,358 [Listener at 127.0.0.1/44179] INFO  server.RaftServerConfigKeys (ConfUtils.java:logGet(46)) - raft.server.data-stream.async.write.thread.pool.size = 16 (default)
2023-05-05 09:10:17,358 [Listener at 127.0.0.1/44179] INFO  server.RaftServerConfigKeys (ConfUtils.java:logGet(46)) - raft.server.data-stream.client.pool.size = 10 (default)
2023-05-05 09:10:17,358 [Listener at 127.0.0.1/44179] INFO  netty.NettyConfigKeys$DataStream (ConfUtils.java:logGet(46)) - raft.netty.dataStream.server.use-epoll = false (default)
2023-05-05 09:10:17,358 [Listener at 127.0.0.1/44179] INFO  netty.NettyConfigKeys$DataStream (ConfUtils.java:logGet(46)) - raft.netty.dataStream.server.boss-group.size = 0 (default)
2023-05-05 09:10:17,360 [Listener at 127.0.0.1/44179] INFO  netty.NettyConfigKeys$DataStream (ConfUtils.java:logGet(46)) - raft.netty.dataStream.server.worker-group.size = 0 (default)
2023-05-05 09:10:17,360 [Listener at 127.0.0.1/44179] INFO  netty.NettyConfigKeys$DataStream (ConfUtils.java:logGet(46)) - raft.netty.dataStream.server.tls.conf = null (default)
2023-05-05 09:10:17,361 [Listener at 127.0.0.1/44179] INFO  netty.NettyConfigKeys$DataStream (ConfUtils.java:logGet(46)) - raft.netty.dataStream.host = null (default)
2023-05-05 09:10:17,361 [Listener at 127.0.0.1/44179] INFO  netty.NettyConfigKeys$DataStream (ConfUtils.java:logGet(46)) - raft.netty.dataStream.port = 0 (default)
2023-05-05 09:10:17,361 [Listener at 127.0.0.1/44179] INFO  server.RaftServerConfigKeys (ConfUtils.java:logGet(46)) - raft.server.threadpool.proxy.cached = true (default)
2023-05-05 09:10:17,361 [Listener at 127.0.0.1/44179] INFO  server.RaftServerConfigKeys (ConfUtils.java:logGet(46)) - raft.server.threadpool.proxy.size = 0 (default)
2023-05-05 09:10:17,361 [Listener at 127.0.0.1/44179] INFO  server.RaftServerConfigKeys (ConfUtils.java:logGet(46)) - raft.server.rpc.slowness.timeout = 300s (custom)
2023-05-05 09:10:17,361 [Listener at 127.0.0.1/44179] INFO  server.RaftServerConfigKeys (ConfUtils.java:logGet(46)) - raft.server.leaderelection.leader.step-down.wait-time = 10s (default)
2023-05-05 09:10:17,362 [Listener at 127.0.0.1/44179] INFO  server.RaftServerConfigKeys (ConfUtils.java:logGet(46)) - raft.server.storage.dir = [/home/runner/work/ozone/ozone/hadoop-ozone/integration-test/target/test-dir/MiniOzoneClusterImpl-ed01f5d4-5545-4c64-89b6-17c207d9d767/datanode-1/data/ratis] (custom)
2023-05-05 09:10:17,366 [Listener at 127.0.0.1/44179] INFO  server.XceiverServerGrpc (XceiverServerGrpc.java:<init>(132)) - GrpcServer channel type EpollServerSocketChannel
2023-05-05 09:10:17,368 [Listener at 127.0.0.1/44179] INFO  replication.ReplicationSupervisor (ReplicationSupervisor.java:nodeStateUpdated(290)) - Node state updated to IN_SERVICE, scaling executor pool size to 10
2023-05-05 09:10:17,369 [2cb290fa-4f34-406f-8eca-2b7b4ff38328-NettyServerStreamRpc-bossGroup--thread1] INFO  logging.LoggingHandler (AbstractInternalLogger.java:log(148)) - [id: 0xb555ed85] REGISTERED
2023-05-05 09:10:17,372 [2cb290fa-4f34-406f-8eca-2b7b4ff38328-NettyServerStreamRpc-bossGroup--thread1] INFO  logging.LoggingHandler (AbstractInternalLogger.java:log(148)) - [id: 0xb555ed85] BIND: 0.0.0.0/0.0.0.0:0
2023-05-05 09:10:17,373 [2cb290fa-4f34-406f-8eca-2b7b4ff38328-NettyServerStreamRpc-bossGroup--thread1] INFO  logging.LoggingHandler (AbstractInternalLogger.java:log(148)) - [id: 0xb555ed85, L:/0:0:0:0:0:0:0:0:44345] ACTIVE
2023-05-05 09:10:17,375 [Listener at 127.0.0.1/44179] INFO  http.BaseHttpServer (BaseHttpServer.java:newHttpServer2BuilderForOzone(224)) - Starting Web-server for hddsDatanode at: http://0.0.0.0:0
2023-05-05 09:10:17,375 [Listener at 127.0.0.1/44179] INFO  http.BaseHttpServer (BaseHttpServer.java:<init>(111)) - Hadoop Security Enabled: false Ozone Security Enabled: false Ozone HTTP Security Enabled: false 
2023-05-05 09:10:17,376 [Listener at 127.0.0.1/44179] WARN  server.AuthenticationFilter (AuthenticationFilter.java:constructSecretProvider(240)) - Unable to initialize FileSignerSecretProvider, falling back to use random secrets. Reason: Could not read signature secret file: /home/runner/hadoop-http-auth-signature-secret
2023-05-05 09:10:17,380 [Listener at 127.0.0.1/44179] INFO  http.HttpRequestLog (HttpRequestLog.java:getRequestLog(86)) - Http request log for http.requests.hddsDatanode is not defined
2023-05-05 09:10:17,382 [Listener at 127.0.0.1/44179] INFO  http.HttpServer2 (HttpServer2.java:addGlobalFilter(1031)) - Added global filter 'safety' (class=org.apache.hadoop.hdds.server.http.HttpServer2$QuotingInputFilter)
2023-05-05 09:10:17,383 [Listener at 127.0.0.1/44179] INFO  http.HttpServer2 (HttpServer2.java:addFilter(1007)) - Added filter static_user_filter (class=org.apache.hadoop.http.lib.StaticUserWebFilter$StaticUserFilter) to context hddsDatanode
2023-05-05 09:10:17,383 [Listener at 127.0.0.1/44179] INFO  http.HttpServer2 (HttpServer2.java:addFilter(1015)) - Added filter static_user_filter (class=org.apache.hadoop.http.lib.StaticUserWebFilter$StaticUserFilter) to context static
2023-05-05 09:10:17,383 [Listener at 127.0.0.1/44179] INFO  http.HttpServer2 (HttpServer2.java:addFilter(1015)) - Added filter static_user_filter (class=org.apache.hadoop.http.lib.StaticUserWebFilter$StaticUserFilter) to context logs
2023-05-05 09:10:17,383 [Listener at 127.0.0.1/44179] INFO  http.BaseHttpServer (BaseHttpServer.java:<init>(190)) - HTTP server of hddsDatanode uses base directory /home/runner/work/ozone/ozone/hadoop-ozone/integration-test/target/test-dir/MiniOzoneClusterImpl-ed01f5d4-5545-4c64-89b6-17c207d9d767/datanode-1/meta/webserver
2023-05-05 09:10:17,384 [Listener at 127.0.0.1/44179] INFO  http.HttpServer2 (HttpServer2.java:bindListener(1250)) - Jetty bound to port 33971
2023-05-05 09:10:17,384 [Listener at 127.0.0.1/44179] INFO  server.Server (Server.java:doStart(375)) - jetty-9.4.51.v20230217; built: 2023-02-17T08:19:37.309Z; git: b45c405e4544384de066f814ed42ae3dceacdd49; jvm 1.8.0_362-b09
2023-05-05 09:10:17,385 [om1@group-C5BA1605619E-SegmentedRaftLogWorker] INFO  segmented.SegmentedRaftLogWorker (SegmentedRaftLogWorker.java:execute(656)) - om1@group-C5BA1605619E-SegmentedRaftLogWorker: created new log segment /home/runner/work/ozone/ozone/hadoop-ozone/integration-test/target/test-dir/MiniOzoneClusterImpl-ed01f5d4-5545-4c64-89b6-17c207d9d767/ozone-meta/ratis/bf265839-605b-3f16-9796-c5ba1605619e/current/log_inprogress_0
2023-05-05 09:10:17,393 [Listener at 127.0.0.1/44179] INFO  server.session (DefaultSessionIdManager.java:doStart(334)) - DefaultSessionIdManager workerName=node0
2023-05-05 09:10:17,393 [Listener at 127.0.0.1/44179] INFO  server.session (DefaultSessionIdManager.java:doStart(339)) - No SessionScavenger set, using defaults
2023-05-05 09:10:17,393 [Listener at 127.0.0.1/44179] INFO  server.session (HouseKeeper.java:startScavenging(132)) - node0 Scavenging every 600000ms
2023-05-05 09:10:17,394 [Listener at 127.0.0.1/44179] INFO  handler.ContextHandler (ContextHandler.java:doStart(921)) - Started o.e.j.s.ServletContextHandler@34fe0b71{logs,/logs,file:///home/runner/work/ozone/ozone/hadoop-ozone/integration-test/target/log,AVAILABLE}
2023-05-05 09:10:17,395 [Listener at 127.0.0.1/44179] INFO  handler.ContextHandler (ContextHandler.java:doStart(921)) - Started o.e.j.s.ServletContextHandler@2dee3c86{static,/static,jar:file:/home/runner/.m2/repository/org/apache/ozone/hdds-container-service/1.4.0-SNAPSHOT/hdds-container-service-1.4.0-SNAPSHOT.jar!/webapps/static,AVAILABLE}
2023-05-05 09:10:17,527 [om1@group-C5BA1605619E-StateMachineUpdater] INFO  ratis.OzoneManagerStateMachine (OzoneManagerStateMachine.java:notifyConfigurationChanged(201)) - Received Configuration change notification from Ratis. New Peer list:
[id: "om1"
address: "localhost:9872"
startupRole: FOLLOWER
]
2023-05-05 09:10:17,621 [Listener at 127.0.0.1/44179] INFO  handler.ContextHandler (ContextHandler.java:doStart(921)) - Started o.e.j.w.WebAppContext@25d358cc{hddsDatanode,/,file:///home/runner/work/ozone/ozone/hadoop-ozone/integration-test/target/test-dir/MiniOzoneClusterImpl-ed01f5d4-5545-4c64-89b6-17c207d9d767/datanode-1/meta/webserver/jetty-0_0_0_0-33971-hdds-container-service-1_4_0-SNAPSHOT_jar-_-any-295426686737737518/webapp/,AVAILABLE}{jar:file:/home/runner/.m2/repository/org/apache/ozone/hdds-container-service/1.4.0-SNAPSHOT/hdds-container-service-1.4.0-SNAPSHOT.jar!/webapps/hddsDatanode}
2023-05-05 09:10:17,622 [Listener at 127.0.0.1/44179] INFO  server.AbstractConnector (AbstractConnector.java:doStart(333)) - Started ServerConnector@22395c3{HTTP/1.1, (http/1.1)}{0.0.0.0:33971}
2023-05-05 09:10:17,622 [Listener at 127.0.0.1/44179] INFO  server.Server (Server.java:doStart(415)) - Started @8976ms
2023-05-05 09:10:17,623 [Listener at 127.0.0.1/44179] WARN  impl.MetricsSystemImpl (MetricsSystemImpl.java:register(279)) - Sink prometheus already exists!
2023-05-05 09:10:17,623 [Listener at 127.0.0.1/44179] INFO  http.BaseHttpServer (BaseHttpServer.java:updateConnectorAddress(344)) - HTTP server of hddsDatanode listening at http://0.0.0.0:33971
2023-05-05 09:10:17,624 [Datanode State Machine Daemon Thread] INFO  statemachine.DatanodeStateMachine (DatanodeStateMachine.java:lambda$startDaemon$0(524)) - Ozone container server started.
2023-05-05 09:10:17,629 [Listener at 127.0.0.1/44179] WARN  impl.MetricRegistriesImpl (MetricRegistriesImpl.java:addReporterRegistration(111)) - New reporters are added after registries were created. Some metrics will be missing from the reporter. Please add reporter before adding any new registry.
2023-05-05 09:10:17,629 [Listener at 127.0.0.1/44179] WARN  impl.MetricRegistriesImpl (MetricRegistriesImpl.java:addReporterRegistration(111)) - New reporters are added after registries were created. Some metrics will be missing from the reporter. Please add reporter before adding any new registry.
2023-05-05 09:10:17,629 [Listener at 127.0.0.1/44179] INFO  impl.MetricsSystemImpl (MetricsSystemImpl.java:init(158)) - HddsDatanode metrics system started (again)
2023-05-05 09:10:17,643 [Listener at 127.0.0.1/44179] INFO  ozone.HddsDatanodeService (HddsDatanodeService.java:start(252)) - HddsDatanodeService host:fv-az152-207.qln5d00okglujjccfnhxhxodph.cx.internal.cloudapp.net ip:10.1.0.42
2023-05-05 09:10:17,650 [org.apache.hadoop.util.JvmPauseMonitor$Monitor@4531a76e] INFO  util.JvmPauseMonitor (JvmPauseMonitor.java:run(188)) - Starting JVM pause monitor
2023-05-05 09:10:17,664 [Datanode State Machine Task Thread - 0] INFO  datanode.InitDatanodeState (InitDatanodeState.java:persistContainerDatanodeDetails(138)) - DatanodeDetails is persisted to /home/runner/work/ozone/ozone/hadoop-ozone/integration-test/target/test-dir/MiniOzoneClusterImpl-ed01f5d4-5545-4c64-89b6-17c207d9d767/datanode-1/meta/datanode.id
2023-05-05 09:10:17,679 [Listener at 127.0.0.1/44179] INFO  upgrade.AbstractLayoutVersionManager (AbstractLayoutVersionManager.java:init(83)) - Initializing Layout version manager with metadata layout = WEBUI_PORTS_IN_DATANODEDETAILS (version = 6), software layout = WEBUI_PORTS_IN_DATANODEDETAILS (version = 6)
2023-05-05 09:10:17,736 [Listener at 127.0.0.1/44179] INFO  reflections.Reflections (Reflections.java:scan(232)) - Reflections took 56 ms to scan 7 urls, producing 156 keys and 369 values 
2023-05-05 09:10:17,738 [Listener at 127.0.0.1/44179] INFO  statemachine.DatanodeStateMachine (DatanodeStateMachine.java:getEndPointTaskThreadPoolSize(267)) - Datanode State Machine Task Thread Pool size 2
2023-05-05 09:10:17,741 [Listener at 127.0.0.1/44179] INFO  volume.HddsVolume (HddsVolume.java:<init>(130)) - Creating HddsVolume: /home/runner/work/ozone/ozone/hadoop-ozone/integration-test/target/test-dir/MiniOzoneClusterImpl-ed01f5d4-5545-4c64-89b6-17c207d9d767/datanode-2/data-0/containers/hdds of storage type : DISK capacity : 9223372036854775807
2023-05-05 09:10:17,741 [Listener at 127.0.0.1/44179] INFO  volume.MutableVolumeSet (MutableVolumeSet.java:initializeVolumeSet(175)) - Added Volume : /home/runner/work/ozone/ozone/hadoop-ozone/integration-test/target/test-dir/MiniOzoneClusterImpl-ed01f5d4-5545-4c64-89b6-17c207d9d767/datanode-2/data-0/containers/hdds to VolumeSet
2023-05-05 09:10:17,741 [Listener at 127.0.0.1/44179] INFO  volume.ThrottledAsyncChecker (ThrottledAsyncChecker.java:schedule(141)) - Scheduling a check for /home/runner/work/ozone/ozone/hadoop-ozone/integration-test/target/test-dir/MiniOzoneClusterImpl-ed01f5d4-5545-4c64-89b6-17c207d9d767/datanode-2/data-0/containers/hdds
2023-05-05 09:10:17,743 [Listener at 127.0.0.1/44179] INFO  volume.StorageVolumeChecker (StorageVolumeChecker.java:checkAllVolumes(202)) - Scheduled health check for volume /home/runner/work/ozone/ozone/hadoop-ozone/integration-test/target/test-dir/MiniOzoneClusterImpl-ed01f5d4-5545-4c64-89b6-17c207d9d767/datanode-2/data-0/containers/hdds
2023-05-05 09:10:17,755 [Listener at 127.0.0.1/44179] INFO  volume.MutableVolumeSet (MutableVolumeSet.java:initializeVolumeSet(175)) - Added Volume : /home/runner/work/ozone/ozone/hadoop-ozone/integration-test/target/test-dir/MiniOzoneClusterImpl-ed01f5d4-5545-4c64-89b6-17c207d9d767/datanode-2/data/ratis to VolumeSet
2023-05-05 09:10:17,755 [Listener at 127.0.0.1/44179] INFO  volume.ThrottledAsyncChecker (ThrottledAsyncChecker.java:schedule(141)) - Scheduling a check for /home/runner/work/ozone/ozone/hadoop-ozone/integration-test/target/test-dir/MiniOzoneClusterImpl-ed01f5d4-5545-4c64-89b6-17c207d9d767/datanode-2/data/ratis
2023-05-05 09:10:17,756 [Listener at 127.0.0.1/44179] INFO  volume.StorageVolumeChecker (StorageVolumeChecker.java:checkAllVolumes(202)) - Scheduled health check for volume /home/runner/work/ozone/ozone/hadoop-ozone/integration-test/target/test-dir/MiniOzoneClusterImpl-ed01f5d4-5545-4c64-89b6-17c207d9d767/datanode-2/data/ratis
2023-05-05 09:10:17,767 [Thread-169] INFO  ozoneimpl.ContainerReader (ContainerReader.java:readVolume(175)) - Finish verifying containers on volume /home/runner/work/ozone/ozone/hadoop-ozone/integration-test/target/test-dir/MiniOzoneClusterImpl-ed01f5d4-5545-4c64-89b6-17c207d9d767/datanode-2/data-0/containers/hdds
2023-05-05 09:10:17,767 [Listener at 127.0.0.1/44179] INFO  ozoneimpl.OzoneContainer (OzoneContainer.java:buildContainerSet(303)) - Build ContainerSet costs 0s
2023-05-05 09:10:17,770 [Listener at 127.0.0.1/44179] INFO  server.RaftServer (ConfUtils.java:logGet(46)) - raft.rpc.type = GRPC (default)
2023-05-05 09:10:17,771 [Listener at 127.0.0.1/44179] INFO  grpc.GrpcConfigKeys (ConfUtils.java:logFallback(53)) - raft.grpc.admin.host = null (fallback to raft.grpc.server.host)
2023-05-05 09:10:17,771 [Listener at 127.0.0.1/44179] INFO  grpc.GrpcConfigKeys (ConfUtils.java:logGet(46)) - raft.grpc.admin.port = 0 (custom)
2023-05-05 09:10:17,771 [Listener at 127.0.0.1/44179] INFO  grpc.GrpcConfigKeys (ConfUtils.java:logFallback(53)) - raft.grpc.client.host = null (fallback to raft.grpc.server.host)
2023-05-05 09:10:17,771 [Listener at 127.0.0.1/44179] INFO  grpc.GrpcConfigKeys (ConfUtils.java:logGet(46)) - raft.grpc.client.port = 0 (custom)
2023-05-05 09:10:17,771 [Listener at 127.0.0.1/44179] INFO  grpc.GrpcConfigKeys (ConfUtils.java:logGet(46)) - raft.grpc.server.host = null (default)
2023-05-05 09:10:17,771 [Listener at 127.0.0.1/44179] INFO  grpc.GrpcConfigKeys (ConfUtils.java:logGet(46)) - raft.grpc.server.port = 0 (default)
2023-05-05 09:10:17,771 [Listener at 127.0.0.1/44179] INFO  server.GrpcService (ConfUtils.java:logGet(46)) - raft.grpc.message.size.max = 32MB (=33554432) (custom)
2023-05-05 09:10:17,771 [Listener at 127.0.0.1/44179] INFO  server.RaftServerConfigKeys (ConfUtils.java:logGet(46)) - raft.server.log.appender.buffer.byte-limit = 33554432 (custom)
2023-05-05 09:10:17,771 [Listener at 127.0.0.1/44179] INFO  server.GrpcService (ConfUtils.java:logGet(46)) - raft.grpc.flow.control.window = 5MB (=5242880) (custom)
2023-05-05 09:10:17,771 [Listener at 127.0.0.1/44179] INFO  server.RaftServerConfigKeys (ConfUtils.java:logGet(46)) - raft.server.rpc.request.timeout = 60s (custom)
2023-05-05 09:10:17,772 [Listener at 127.0.0.1/44179] INFO  grpc.GrpcConfigKeys (ConfUtils.java:logGet(46)) - raft.grpc.server.heartbeat.channel = true (default)
2023-05-05 09:10:17,772 [Listener at 127.0.0.1/44179] INFO  grpc.GrpcConfigKeys (ConfUtils.java:logGet(46)) - raft.grpc.server.async.request.thread.pool.cached = true (default)
2023-05-05 09:10:17,772 [Listener at 127.0.0.1/44179] INFO  grpc.GrpcConfigKeys (ConfUtils.java:logGet(46)) - raft.grpc.server.async.request.thread.pool.size = 32 (default)
2023-05-05 09:10:17,777 [Listener at 127.0.0.1/44179] INFO  impl.DataStreamServerImpl (ConfUtils.java:logGet(46)) - raft.datastream.type = NETTY (custom)
2023-05-05 09:10:17,777 [Listener at 127.0.0.1/44179] INFO  server.RaftServerConfigKeys (ConfUtils.java:logGet(46)) - raft.server.data-stream.async.request.thread.pool.cached = false (default)
2023-05-05 09:10:17,777 [Listener at 127.0.0.1/44179] INFO  server.RaftServerConfigKeys (ConfUtils.java:logGet(46)) - raft.server.data-stream.async.request.thread.pool.size = 20 (custom)
2023-05-05 09:10:17,778 [Listener at 127.0.0.1/44179] INFO  server.RaftServerConfigKeys (ConfUtils.java:logGet(46)) - raft.server.data-stream.async.write.thread.pool.size = 16 (default)
2023-05-05 09:10:17,778 [Listener at 127.0.0.1/44179] INFO  server.RaftServerConfigKeys (ConfUtils.java:logGet(46)) - raft.server.data-stream.client.pool.size = 10 (default)
2023-05-05 09:10:17,778 [Listener at 127.0.0.1/44179] INFO  netty.NettyConfigKeys$DataStream (ConfUtils.java:logGet(46)) - raft.netty.dataStream.server.use-epoll = false (default)
2023-05-05 09:10:17,778 [Listener at 127.0.0.1/44179] INFO  netty.NettyConfigKeys$DataStream (ConfUtils.java:logGet(46)) - raft.netty.dataStream.server.boss-group.size = 0 (default)
2023-05-05 09:10:17,778 [Listener at 127.0.0.1/44179] INFO  netty.NettyConfigKeys$DataStream (ConfUtils.java:logGet(46)) - raft.netty.dataStream.server.worker-group.size = 0 (default)
2023-05-05 09:10:17,779 [Listener at 127.0.0.1/44179] INFO  netty.NettyConfigKeys$DataStream (ConfUtils.java:logGet(46)) - raft.netty.dataStream.server.tls.conf = null (default)
2023-05-05 09:10:17,779 [Listener at 127.0.0.1/44179] INFO  netty.NettyConfigKeys$DataStream (ConfUtils.java:logGet(46)) - raft.netty.dataStream.host = null (default)
2023-05-05 09:10:17,779 [Listener at 127.0.0.1/44179] INFO  netty.NettyConfigKeys$DataStream (ConfUtils.java:logGet(46)) - raft.netty.dataStream.port = 0 (default)
2023-05-05 09:10:17,779 [Listener at 127.0.0.1/44179] INFO  server.RaftServerConfigKeys (ConfUtils.java:logGet(46)) - raft.server.threadpool.proxy.cached = true (default)
2023-05-05 09:10:17,780 [Listener at 127.0.0.1/44179] INFO  server.RaftServerConfigKeys (ConfUtils.java:logGet(46)) - raft.server.threadpool.proxy.size = 0 (default)
2023-05-05 09:10:17,780 [Listener at 127.0.0.1/44179] INFO  server.RaftServerConfigKeys (ConfUtils.java:logGet(46)) - raft.server.rpc.slowness.timeout = 300s (custom)
2023-05-05 09:10:17,780 [Listener at 127.0.0.1/44179] INFO  server.RaftServerConfigKeys (ConfUtils.java:logGet(46)) - raft.server.leaderelection.leader.step-down.wait-time = 10s (default)
2023-05-05 09:10:17,780 [Listener at 127.0.0.1/44179] INFO  server.RaftServerConfigKeys (ConfUtils.java:logGet(46)) - raft.server.storage.dir = [/home/runner/work/ozone/ozone/hadoop-ozone/integration-test/target/test-dir/MiniOzoneClusterImpl-ed01f5d4-5545-4c64-89b6-17c207d9d767/datanode-2/data/ratis] (custom)
2023-05-05 09:10:17,782 [a461b031-87cf-46ec-8015-141f82ba476b-NettyServerStreamRpc-bossGroup--thread1] INFO  logging.LoggingHandler (AbstractInternalLogger.java:log(148)) - [id: 0xa2bd7108] REGISTERED
2023-05-05 09:10:17,782 [a461b031-87cf-46ec-8015-141f82ba476b-NettyServerStreamRpc-bossGroup--thread1] INFO  logging.LoggingHandler (AbstractInternalLogger.java:log(148)) - [id: 0xa2bd7108] BIND: 0.0.0.0/0.0.0.0:0
2023-05-05 09:10:17,782 [a461b031-87cf-46ec-8015-141f82ba476b-NettyServerStreamRpc-bossGroup--thread1] INFO  logging.LoggingHandler (AbstractInternalLogger.java:log(148)) - [id: 0xa2bd7108, L:/0:0:0:0:0:0:0:0:44165] ACTIVE
2023-05-05 09:10:17,786 [Listener at 127.0.0.1/44179] INFO  server.XceiverServerGrpc (XceiverServerGrpc.java:<init>(132)) - GrpcServer channel type EpollServerSocketChannel
2023-05-05 09:10:17,794 [Listener at 127.0.0.1/44179] INFO  replication.ReplicationSupervisor (ReplicationSupervisor.java:nodeStateUpdated(290)) - Node state updated to IN_SERVICE, scaling executor pool size to 10
2023-05-05 09:10:17,801 [Listener at 127.0.0.1/44179] INFO  http.BaseHttpServer (BaseHttpServer.java:newHttpServer2BuilderForOzone(224)) - Starting Web-server for hddsDatanode at: http://0.0.0.0:0
2023-05-05 09:10:17,801 [Listener at 127.0.0.1/44179] INFO  http.BaseHttpServer (BaseHttpServer.java:<init>(111)) - Hadoop Security Enabled: false Ozone Security Enabled: false Ozone HTTP Security Enabled: false 
2023-05-05 09:10:17,802 [Listener at 127.0.0.1/44179] WARN  server.AuthenticationFilter (AuthenticationFilter.java:constructSecretProvider(240)) - Unable to initialize FileSignerSecretProvider, falling back to use random secrets. Reason: Could not read signature secret file: /home/runner/hadoop-http-auth-signature-secret
2023-05-05 09:10:17,804 [Listener at 127.0.0.1/44179] INFO  http.HttpRequestLog (HttpRequestLog.java:getRequestLog(86)) - Http request log for http.requests.hddsDatanode is not defined
2023-05-05 09:10:17,805 [Listener at 127.0.0.1/44179] INFO  http.HttpServer2 (HttpServer2.java:addGlobalFilter(1031)) - Added global filter 'safety' (class=org.apache.hadoop.hdds.server.http.HttpServer2$QuotingInputFilter)
2023-05-05 09:10:17,806 [Listener at 127.0.0.1/44179] INFO  http.HttpServer2 (HttpServer2.java:addFilter(1007)) - Added filter static_user_filter (class=org.apache.hadoop.http.lib.StaticUserWebFilter$StaticUserFilter) to context hddsDatanode
2023-05-05 09:10:17,806 [Listener at 127.0.0.1/44179] INFO  http.HttpServer2 (HttpServer2.java:addFilter(1015)) - Added filter static_user_filter (class=org.apache.hadoop.http.lib.StaticUserWebFilter$StaticUserFilter) to context logs
2023-05-05 09:10:17,806 [Listener at 127.0.0.1/44179] INFO  http.HttpServer2 (HttpServer2.java:addFilter(1015)) - Added filter static_user_filter (class=org.apache.hadoop.http.lib.StaticUserWebFilter$StaticUserFilter) to context static
2023-05-05 09:10:17,807 [Listener at 127.0.0.1/44179] INFO  http.BaseHttpServer (BaseHttpServer.java:<init>(190)) - HTTP server of hddsDatanode uses base directory /home/runner/work/ozone/ozone/hadoop-ozone/integration-test/target/test-dir/MiniOzoneClusterImpl-ed01f5d4-5545-4c64-89b6-17c207d9d767/datanode-2/meta/webserver
2023-05-05 09:10:17,807 [Listener at 127.0.0.1/44179] INFO  http.HttpServer2 (HttpServer2.java:bindListener(1250)) - Jetty bound to port 43233
2023-05-05 09:10:17,807 [Listener at 127.0.0.1/44179] INFO  server.Server (Server.java:doStart(375)) - jetty-9.4.51.v20230217; built: 2023-02-17T08:19:37.309Z; git: b45c405e4544384de066f814ed42ae3dceacdd49; jvm 1.8.0_362-b09
2023-05-05 09:10:17,814 [Listener at 127.0.0.1/44179] INFO  server.session (DefaultSessionIdManager.java:doStart(334)) - DefaultSessionIdManager workerName=node0
2023-05-05 09:10:17,814 [Listener at 127.0.0.1/44179] INFO  server.session (DefaultSessionIdManager.java:doStart(339)) - No SessionScavenger set, using defaults
2023-05-05 09:10:17,814 [Listener at 127.0.0.1/44179] INFO  server.session (HouseKeeper.java:startScavenging(132)) - node0 Scavenging every 660000ms
2023-05-05 09:10:17,815 [Listener at 127.0.0.1/44179] INFO  handler.ContextHandler (ContextHandler.java:doStart(921)) - Started o.e.j.s.ServletContextHandler@6662f945{logs,/logs,file:///home/runner/work/ozone/ozone/hadoop-ozone/integration-test/target/log,AVAILABLE}
2023-05-05 09:10:17,815 [Listener at 127.0.0.1/44179] INFO  handler.ContextHandler (ContextHandler.java:doStart(921)) - Started o.e.j.s.ServletContextHandler@7ea69ef1{static,/static,jar:file:/home/runner/.m2/repository/org/apache/ozone/hdds-container-service/1.4.0-SNAPSHOT/hdds-container-service-1.4.0-SNAPSHOT.jar!/webapps/static,AVAILABLE}
2023-05-05 09:10:18,029 [Listener at 127.0.0.1/44179] INFO  handler.ContextHandler (ContextHandler.java:doStart(921)) - Started o.e.j.w.WebAppContext@506c0e05{hddsDatanode,/,file:///home/runner/work/ozone/ozone/hadoop-ozone/integration-test/target/test-dir/MiniOzoneClusterImpl-ed01f5d4-5545-4c64-89b6-17c207d9d767/datanode-2/meta/webserver/jetty-0_0_0_0-43233-hdds-container-service-1_4_0-SNAPSHOT_jar-_-any-8761484750085403594/webapp/,AVAILABLE}{jar:file:/home/runner/.m2/repository/org/apache/ozone/hdds-container-service/1.4.0-SNAPSHOT/hdds-container-service-1.4.0-SNAPSHOT.jar!/webapps/hddsDatanode}
2023-05-05 09:10:18,031 [Listener at 127.0.0.1/44179] INFO  server.AbstractConnector (AbstractConnector.java:doStart(333)) - Started ServerConnector@45c8f820{HTTP/1.1, (http/1.1)}{0.0.0.0:43233}
2023-05-05 09:10:18,031 [Listener at 127.0.0.1/44179] INFO  server.Server (Server.java:doStart(415)) - Started @9384ms
2023-05-05 09:10:18,031 [Listener at 127.0.0.1/44179] WARN  impl.MetricsSystemImpl (MetricsSystemImpl.java:register(279)) - Sink prometheus already exists!
2023-05-05 09:10:18,032 [Listener at 127.0.0.1/44179] INFO  http.BaseHttpServer (BaseHttpServer.java:updateConnectorAddress(344)) - HTTP server of hddsDatanode listening at http://0.0.0.0:43233
2023-05-05 09:10:18,036 [Datanode State Machine Daemon Thread] INFO  statemachine.DatanodeStateMachine (DatanodeStateMachine.java:lambda$startDaemon$0(524)) - Ozone container server started.
2023-05-05 09:10:18,039 [Listener at 127.0.0.1/44179] INFO  ozone.MiniOzoneClusterImpl (MiniOzoneClusterImpl.java:lambda$waitForClusterToBeReady$0(223)) - Waiting for nodes to be ready. Got 0 of 3 DN Heartbeats.
2023-05-05 09:10:18,039 [Listener at 127.0.0.1/44179] INFO  ozone.MiniOzoneClusterImpl (MiniOzoneClusterImpl.java:lambda$waitForClusterToBeReady$0(226)) - Waiting for cluster to exit safe mode
2023-05-05 09:10:18,039 [Listener at 127.0.0.1/44179] INFO  ozone.MiniOzoneClusterImpl (MiniOzoneClusterImpl.java:lambda$waitForClusterToBeReady$0(228)) - SCM became leader
2023-05-05 09:10:18,051 [org.apache.hadoop.util.JvmPauseMonitor$Monitor@2d27aaf7] INFO  util.JvmPauseMonitor (JvmPauseMonitor.java:run(188)) - Starting JVM pause monitor
2023-05-05 09:10:18,054 [Datanode State Machine Task Thread - 0] INFO  datanode.InitDatanodeState (InitDatanodeState.java:persistContainerDatanodeDetails(138)) - DatanodeDetails is persisted to /home/runner/work/ozone/ozone/hadoop-ozone/integration-test/target/test-dir/MiniOzoneClusterImpl-ed01f5d4-5545-4c64-89b6-17c207d9d767/datanode-2/meta/datanode.id
2023-05-05 09:10:19,039 [Listener at 127.0.0.1/44179] INFO  ozone.MiniOzoneClusterImpl (MiniOzoneClusterImpl.java:lambda$waitForClusterToBeReady$0(223)) - Waiting for nodes to be ready. Got 0 of 3 DN Heartbeats.
2023-05-05 09:10:19,039 [Listener at 127.0.0.1/44179] INFO  ozone.MiniOzoneClusterImpl (MiniOzoneClusterImpl.java:lambda$waitForClusterToBeReady$0(226)) - Waiting for cluster to exit safe mode
2023-05-05 09:10:19,039 [Listener at 127.0.0.1/44179] INFO  ozone.MiniOzoneClusterImpl (MiniOzoneClusterImpl.java:lambda$waitForClusterToBeReady$0(228)) - SCM became leader
2023-05-05 09:10:19,130 [EndpointStateMachine task thread for /0.0.0.0:34303 - 0 ] INFO  utils.DatanodeStoreCache (DatanodeStoreCache.java:addDB(58)) - Added db /home/runner/work/ozone/ozone/hadoop-ozone/integration-test/target/test-dir/MiniOzoneClusterImpl-ed01f5d4-5545-4c64-89b6-17c207d9d767/datanode-0/data-0/containers/hdds/ed01f5d4-5545-4c64-89b6-17c207d9d767/DS-cc1b0857-60d0-4e4c-b679-14507c032368/container.db to cache
2023-05-05 09:10:19,130 [EndpointStateMachine task thread for /0.0.0.0:34303 - 0 ] INFO  volume.HddsVolume (HddsVolume.java:createDbStore(350)) - SchemaV3 db is created and loaded at /home/runner/work/ozone/ozone/hadoop-ozone/integration-test/target/test-dir/MiniOzoneClusterImpl-ed01f5d4-5545-4c64-89b6-17c207d9d767/datanode-0/data-0/containers/hdds/ed01f5d4-5545-4c64-89b6-17c207d9d767/DS-cc1b0857-60d0-4e4c-b679-14507c032368/container.db for volume DS-cc1b0857-60d0-4e4c-b679-14507c032368
2023-05-05 09:10:19,134 [EndpointStateMachine task thread for /0.0.0.0:34303 - 0 ] INFO  ozoneimpl.OzoneContainer (OzoneContainer.java:start(397)) - Attempting to start container services.
2023-05-05 09:10:19,137 [EndpointStateMachine task thread for /0.0.0.0:34303 - 0 ] INFO  ozoneimpl.OzoneContainer (OzoneContainer.java:startContainerScrub(314)) - Scheduled background container scanners and the on-demand container scanner have been disabled.
2023-05-05 09:10:19,139 [EndpointStateMachine task thread for /0.0.0.0:34303 - 0 ] INFO  replication.ReplicationServer (ReplicationServer.java:start(109)) - ReplicationServer is started using port 44585
2023-05-05 09:10:19,139 [EndpointStateMachine task thread for /0.0.0.0:34303 - 0 ] INFO  ratis.XceiverServerRatis (XceiverServerRatis.java:start(517)) - Starting XceiverServerRatis 13da8014-cf59-4ce9-8837-b97ce342a136
2023-05-05 09:10:19,141 [EndpointStateMachine task thread for /0.0.0.0:34303 - 0 ] INFO  server.RaftServer (RaftServerProxy.java:startImpl(393)) - 13da8014-cf59-4ce9-8837-b97ce342a136: start RPC server
2023-05-05 09:10:19,145 [EndpointStateMachine task thread for /0.0.0.0:34303 - 0 ] INFO  server.GrpcService (GrpcService.java:startImpl(262)) - 13da8014-cf59-4ce9-8837-b97ce342a136: GrpcService started, listening on 33283
2023-05-05 09:10:19,146 [EndpointStateMachine task thread for /0.0.0.0:34303 - 0 ] INFO  ratis.XceiverServerRatis (XceiverServerRatis.java:getRealPort(543)) - XceiverServerRatis 13da8014-cf59-4ce9-8837-b97ce342a136 is started using port 33283 for RATIS
2023-05-05 09:10:19,146 [EndpointStateMachine task thread for /0.0.0.0:34303 - 0 ] INFO  ratis.XceiverServerRatis (XceiverServerRatis.java:getRealPort(543)) - XceiverServerRatis 13da8014-cf59-4ce9-8837-b97ce342a136 is started using port 33283 for RATIS_ADMIN
2023-05-05 09:10:19,146 [EndpointStateMachine task thread for /0.0.0.0:34303 - 0 ] INFO  ratis.XceiverServerRatis (XceiverServerRatis.java:getRealPort(543)) - XceiverServerRatis 13da8014-cf59-4ce9-8837-b97ce342a136 is started using port 33283 for RATIS_SERVER
2023-05-05 09:10:19,146 [EndpointStateMachine task thread for /0.0.0.0:34303 - 0 ] INFO  ratis.XceiverServerRatis (XceiverServerRatis.java:getRealPort(543)) - XceiverServerRatis 13da8014-cf59-4ce9-8837-b97ce342a136 is started using port 43129 for RATIS_DATASTREAM
2023-05-05 09:10:19,146 [JvmPauseMonitor1] INFO  util.JvmPauseMonitor (JvmPauseMonitor.java:run(105)) - JvmPauseMonitor-13da8014-cf59-4ce9-8837-b97ce342a136: Started
2023-05-05 09:10:19,148 [EndpointStateMachine task thread for /0.0.0.0:34303 - 0 ] INFO  server.XceiverServerGrpc (XceiverServerGrpc.java:start(180)) - XceiverServerGrpc 13da8014-cf59-4ce9-8837-b97ce342a136 is started using port 40941
2023-05-05 09:10:19,155 [BlockDeletingService#0] INFO  interfaces.ContainerDeletionChoosingPolicyTemplate (ContainerDeletionChoosingPolicyTemplate.java:chooseContainerForBlockDeletion(83)) - Chosen 0/5000 blocks from 0 candidate containers.
2023-05-05 09:10:19,691 [EndpointStateMachine task thread for /0.0.0.0:34303 - 0 ] INFO  utils.DatanodeStoreCache (DatanodeStoreCache.java:addDB(58)) - Added db /home/runner/work/ozone/ozone/hadoop-ozone/integration-test/target/test-dir/MiniOzoneClusterImpl-ed01f5d4-5545-4c64-89b6-17c207d9d767/datanode-1/data-0/containers/hdds/ed01f5d4-5545-4c64-89b6-17c207d9d767/DS-f89bea82-4adb-4428-93fe-4eeef3845409/container.db to cache
2023-05-05 09:10:19,692 [EndpointStateMachine task thread for /0.0.0.0:34303 - 0 ] INFO  volume.HddsVolume (HddsVolume.java:createDbStore(350)) - SchemaV3 db is created and loaded at /home/runner/work/ozone/ozone/hadoop-ozone/integration-test/target/test-dir/MiniOzoneClusterImpl-ed01f5d4-5545-4c64-89b6-17c207d9d767/datanode-1/data-0/containers/hdds/ed01f5d4-5545-4c64-89b6-17c207d9d767/DS-f89bea82-4adb-4428-93fe-4eeef3845409/container.db for volume DS-f89bea82-4adb-4428-93fe-4eeef3845409
2023-05-05 09:10:19,694 [EndpointStateMachine task thread for /0.0.0.0:34303 - 0 ] INFO  ozoneimpl.OzoneContainer (OzoneContainer.java:start(397)) - Attempting to start container services.
2023-05-05 09:10:19,694 [EndpointStateMachine task thread for /0.0.0.0:34303 - 0 ] INFO  ozoneimpl.OzoneContainer (OzoneContainer.java:startContainerScrub(314)) - Scheduled background container scanners and the on-demand container scanner have been disabled.
2023-05-05 09:10:19,698 [EndpointStateMachine task thread for /0.0.0.0:34303 - 0 ] INFO  replication.ReplicationServer (ReplicationServer.java:start(109)) - ReplicationServer is started using port 33567
2023-05-05 09:10:19,699 [EndpointStateMachine task thread for /0.0.0.0:34303 - 0 ] INFO  ratis.XceiverServerRatis (XceiverServerRatis.java:start(517)) - Starting XceiverServerRatis 2cb290fa-4f34-406f-8eca-2b7b4ff38328
2023-05-05 09:10:19,700 [EndpointStateMachine task thread for /0.0.0.0:34303 - 0 ] INFO  server.RaftServer (RaftServerProxy.java:startImpl(393)) - 2cb290fa-4f34-406f-8eca-2b7b4ff38328: start RPC server
2023-05-05 09:10:19,706 [EndpointStateMachine task thread for /0.0.0.0:34303 - 0 ] INFO  server.GrpcService (GrpcService.java:startImpl(262)) - 2cb290fa-4f34-406f-8eca-2b7b4ff38328: GrpcService started, listening on 33685
2023-05-05 09:10:19,706 [EndpointStateMachine task thread for /0.0.0.0:34303 - 0 ] INFO  ratis.XceiverServerRatis (XceiverServerRatis.java:getRealPort(543)) - XceiverServerRatis 2cb290fa-4f34-406f-8eca-2b7b4ff38328 is started using port 33685 for RATIS
2023-05-05 09:10:19,706 [JvmPauseMonitor2] INFO  util.JvmPauseMonitor (JvmPauseMonitor.java:run(105)) - JvmPauseMonitor-2cb290fa-4f34-406f-8eca-2b7b4ff38328: Started
2023-05-05 09:10:19,706 [EndpointStateMachine task thread for /0.0.0.0:34303 - 0 ] INFO  ratis.XceiverServerRatis (XceiverServerRatis.java:getRealPort(543)) - XceiverServerRatis 2cb290fa-4f34-406f-8eca-2b7b4ff38328 is started using port 33685 for RATIS_ADMIN
2023-05-05 09:10:19,707 [EndpointStateMachine task thread for /0.0.0.0:34303 - 0 ] INFO  ratis.XceiverServerRatis (XceiverServerRatis.java:getRealPort(543)) - XceiverServerRatis 2cb290fa-4f34-406f-8eca-2b7b4ff38328 is started using port 33685 for RATIS_SERVER
2023-05-05 09:10:19,707 [EndpointStateMachine task thread for /0.0.0.0:34303 - 0 ] INFO  ratis.XceiverServerRatis (XceiverServerRatis.java:getRealPort(543)) - XceiverServerRatis 2cb290fa-4f34-406f-8eca-2b7b4ff38328 is started using port 44345 for RATIS_DATASTREAM
2023-05-05 09:10:19,714 [EndpointStateMachine task thread for /0.0.0.0:34303 - 0 ] INFO  server.XceiverServerGrpc (XceiverServerGrpc.java:start(180)) - XceiverServerGrpc 2cb290fa-4f34-406f-8eca-2b7b4ff38328 is started using port 37885
2023-05-05 09:10:19,717 [BlockDeletingService#0] INFO  interfaces.ContainerDeletionChoosingPolicyTemplate (ContainerDeletionChoosingPolicyTemplate.java:chooseContainerForBlockDeletion(83)) - Chosen 0/5000 blocks from 0 candidate containers.
2023-05-05 09:10:20,040 [Listener at 127.0.0.1/44179] INFO  ozone.MiniOzoneClusterImpl (MiniOzoneClusterImpl.java:lambda$waitForClusterToBeReady$0(223)) - Waiting for nodes to be ready. Got 0 of 3 DN Heartbeats.
2023-05-05 09:10:20,040 [Listener at 127.0.0.1/44179] INFO  ozone.MiniOzoneClusterImpl (MiniOzoneClusterImpl.java:lambda$waitForClusterToBeReady$0(226)) - Waiting for cluster to exit safe mode
2023-05-05 09:10:20,040 [Listener at 127.0.0.1/44179] INFO  ozone.MiniOzoneClusterImpl (MiniOzoneClusterImpl.java:lambda$waitForClusterToBeReady$0(228)) - SCM became leader
2023-05-05 09:10:20,084 [EndpointStateMachine task thread for /0.0.0.0:34303 - 0 ] INFO  utils.DatanodeStoreCache (DatanodeStoreCache.java:addDB(58)) - Added db /home/runner/work/ozone/ozone/hadoop-ozone/integration-test/target/test-dir/MiniOzoneClusterImpl-ed01f5d4-5545-4c64-89b6-17c207d9d767/datanode-2/data-0/containers/hdds/ed01f5d4-5545-4c64-89b6-17c207d9d767/DS-5074f189-11a2-4730-96d7-aaa78286cf83/container.db to cache
2023-05-05 09:10:20,084 [EndpointStateMachine task thread for /0.0.0.0:34303 - 0 ] INFO  volume.HddsVolume (HddsVolume.java:createDbStore(350)) - SchemaV3 db is created and loaded at /home/runner/work/ozone/ozone/hadoop-ozone/integration-test/target/test-dir/MiniOzoneClusterImpl-ed01f5d4-5545-4c64-89b6-17c207d9d767/datanode-2/data-0/containers/hdds/ed01f5d4-5545-4c64-89b6-17c207d9d767/DS-5074f189-11a2-4730-96d7-aaa78286cf83/container.db for volume DS-5074f189-11a2-4730-96d7-aaa78286cf83
2023-05-05 09:10:20,085 [EndpointStateMachine task thread for /0.0.0.0:34303 - 0 ] INFO  ozoneimpl.OzoneContainer (OzoneContainer.java:start(397)) - Attempting to start container services.
2023-05-05 09:10:20,085 [EndpointStateMachine task thread for /0.0.0.0:34303 - 0 ] INFO  ozoneimpl.OzoneContainer (OzoneContainer.java:startContainerScrub(314)) - Scheduled background container scanners and the on-demand container scanner have been disabled.
2023-05-05 09:10:20,087 [EndpointStateMachine task thread for /0.0.0.0:34303 - 0 ] INFO  replication.ReplicationServer (ReplicationServer.java:start(109)) - ReplicationServer is started using port 32797
2023-05-05 09:10:20,088 [EndpointStateMachine task thread for /0.0.0.0:34303 - 0 ] INFO  ratis.XceiverServerRatis (XceiverServerRatis.java:start(517)) - Starting XceiverServerRatis a461b031-87cf-46ec-8015-141f82ba476b
2023-05-05 09:10:20,088 [EndpointStateMachine task thread for /0.0.0.0:34303 - 0 ] INFO  server.RaftServer (RaftServerProxy.java:startImpl(393)) - a461b031-87cf-46ec-8015-141f82ba476b: start RPC server
2023-05-05 09:10:20,090 [EndpointStateMachine task thread for /0.0.0.0:34303 - 0 ] INFO  server.GrpcService (GrpcService.java:startImpl(262)) - a461b031-87cf-46ec-8015-141f82ba476b: GrpcService started, listening on 41513
2023-05-05 09:10:20,090 [EndpointStateMachine task thread for /0.0.0.0:34303 - 0 ] INFO  ratis.XceiverServerRatis (XceiverServerRatis.java:getRealPort(543)) - XceiverServerRatis a461b031-87cf-46ec-8015-141f82ba476b is started using port 41513 for RATIS
2023-05-05 09:10:20,090 [JvmPauseMonitor3] INFO  util.JvmPauseMonitor (JvmPauseMonitor.java:run(105)) - JvmPauseMonitor-a461b031-87cf-46ec-8015-141f82ba476b: Started
2023-05-05 09:10:20,090 [EndpointStateMachine task thread for /0.0.0.0:34303 - 0 ] INFO  ratis.XceiverServerRatis (XceiverServerRatis.java:getRealPort(543)) - XceiverServerRatis a461b031-87cf-46ec-8015-141f82ba476b is started using port 41513 for RATIS_ADMIN
2023-05-05 09:10:20,091 [EndpointStateMachine task thread for /0.0.0.0:34303 - 0 ] INFO  ratis.XceiverServerRatis (XceiverServerRatis.java:getRealPort(543)) - XceiverServerRatis a461b031-87cf-46ec-8015-141f82ba476b is started using port 41513 for RATIS_SERVER
2023-05-05 09:10:20,091 [EndpointStateMachine task thread for /0.0.0.0:34303 - 0 ] INFO  ratis.XceiverServerRatis (XceiverServerRatis.java:getRealPort(543)) - XceiverServerRatis a461b031-87cf-46ec-8015-141f82ba476b is started using port 44165 for RATIS_DATASTREAM
2023-05-05 09:10:20,094 [EndpointStateMachine task thread for /0.0.0.0:34303 - 0 ] INFO  server.XceiverServerGrpc (XceiverServerGrpc.java:start(180)) - XceiverServerGrpc a461b031-87cf-46ec-8015-141f82ba476b is started using port 35661
2023-05-05 09:10:20,096 [BlockDeletingService#0] INFO  interfaces.ContainerDeletionChoosingPolicyTemplate (ContainerDeletionChoosingPolicyTemplate.java:chooseContainerForBlockDeletion(83)) - Chosen 0/5000 blocks from 0 candidate containers.
2023-05-05 09:10:21,040 [Listener at 127.0.0.1/44179] INFO  ozone.MiniOzoneClusterImpl (MiniOzoneClusterImpl.java:lambda$waitForClusterToBeReady$0(223)) - Waiting for nodes to be ready. Got 0 of 3 DN Heartbeats.
2023-05-05 09:10:21,040 [Listener at 127.0.0.1/44179] INFO  ozone.MiniOzoneClusterImpl (MiniOzoneClusterImpl.java:lambda$waitForClusterToBeReady$0(226)) - Waiting for cluster to exit safe mode
2023-05-05 09:10:21,040 [Listener at 127.0.0.1/44179] INFO  ozone.MiniOzoneClusterImpl (MiniOzoneClusterImpl.java:lambda$waitForClusterToBeReady$0(228)) - SCM became leader
2023-05-05 09:10:21,046 [IPC Server handler 19 on default port 34303] INFO  net.NetworkTopologyImpl (NetworkTopologyImpl.java:add(112)) - Added a new node: /default-rack/13da8014-cf59-4ce9-8837-b97ce342a136
2023-05-05 09:10:21,048 [IPC Server handler 19 on default port 34303] INFO  node.SCMNodeManager (SCMNodeManager.java:register(407)) - Registered Data node : 13da8014-cf59-4ce9-8837-b97ce342a136{ip: 10.1.0.42, host: fv-az152-207.qln5d00okglujjccfnhxhxodph.cx.internal.cloudapp.net, ports: [HTTP=40593, REPLICATION=44585, RATIS=33283, RATIS_ADMIN=33283, RATIS_SERVER=33283, RATIS_DATASTREAM=43129, STANDALONE=40941], networkLocation: /default-rack, certSerialId: null, persistedOpState: null, persistedOpStateExpiryEpochSec: 0}
2023-05-05 09:10:21,053 [EventQueue-NewNodeForNewNodeHandler] INFO  pipeline.BackgroundPipelineCreator (BackgroundPipelineCreator.java:notifyEventTriggered(276)) - trigger a one-shot run on RatisPipelineUtilsThread.
2023-05-05 09:10:21,055 [EventQueue-NodeRegistrationContainerReportForContainerSafeModeRule] INFO  safemode.SCMSafeModeManager (SCMSafeModeManager.java:validateSafeModeExitRules(200)) - ContainerSafeModeRule rule is successfully validated
2023-05-05 09:10:21,061 [EventQueue-NodeRegistrationContainerReportForDataNodeSafeModeRule] INFO  safemode.SCMSafeModeManager (DataNodeSafeModeRule.java:process(71)) - SCM in safe mode. 1 DataNodes registered, 3 required.
2023-05-05 09:10:21,062 [RatisPipelineUtilsThread - 0] INFO  pipeline.RatisPipelineProvider (RatisPipelineProvider.java:lambda$create$0(206)) - Sending CreatePipelineCommand for pipeline:PipelineID=e2cf92e9-e8e8-4e8c-9411-970ac766e94d to datanode:13da8014-cf59-4ce9-8837-b97ce342a136
2023-05-05 09:10:21,066 [EventQueue-PipelineReportForOneReplicaPipelineSafeModeRule] INFO  safemode.SCMSafeModeManager (SCMSafeModeManager.java:validateSafeModeExitRules(200)) - AtleastOneDatanodeReportedRule rule is successfully validated
2023-05-05 09:10:21,076 [RatisPipelineUtilsThread - 0] INFO  pipeline.PipelineStateManagerImpl (PipelineStateManagerImpl.java:addPipeline(103)) - Created pipeline Pipeline[ Id: e2cf92e9-e8e8-4e8c-9411-970ac766e94d, Nodes: 13da8014-cf59-4ce9-8837-b97ce342a136(fv-az152-207.qln5d00okglujjccfnhxhxodph.cx.internal.cloudapp.net/10.1.0.42), ReplicationConfig: RATIS/ONE, State:ALLOCATED, leaderId:, CreationTimestamp2023-05-05T09:10:21.061Z[Etc/UTC]].
2023-05-05 09:10:21,652 [IPC Server handler 17 on default port 34303] INFO  net.NetworkTopologyImpl (NetworkTopologyImpl.java:add(112)) - Added a new node: /default-rack/2cb290fa-4f34-406f-8eca-2b7b4ff38328
2023-05-05 09:10:21,653 [IPC Server handler 17 on default port 34303] INFO  node.SCMNodeManager (SCMNodeManager.java:register(407)) - Registered Data node : 2cb290fa-4f34-406f-8eca-2b7b4ff38328{ip: 10.1.0.42, host: fv-az152-207.qln5d00okglujjccfnhxhxodph.cx.internal.cloudapp.net, ports: [HTTP=33971, REPLICATION=33567, RATIS=33685, RATIS_ADMIN=33685, RATIS_SERVER=33685, RATIS_DATASTREAM=44345, STANDALONE=37885], networkLocation: /default-rack, certSerialId: null, persistedOpState: null, persistedOpStateExpiryEpochSec: 0}
2023-05-05 09:10:21,653 [EventQueue-NodeRegistrationContainerReportForDataNodeSafeModeRule] INFO  safemode.SCMSafeModeManager (DataNodeSafeModeRule.java:process(71)) - SCM in safe mode. 2 DataNodes registered, 3 required.
2023-05-05 09:10:21,654 [EventQueue-NewNodeForNewNodeHandler] INFO  pipeline.BackgroundPipelineCreator (BackgroundPipelineCreator.java:notifyEventTriggered(276)) - trigger a one-shot run on RatisPipelineUtilsThread.
2023-05-05 09:10:21,656 [RatisPipelineUtilsThread - 0] INFO  pipeline.RatisPipelineProvider (RatisPipelineProvider.java:lambda$create$0(206)) - Sending CreatePipelineCommand for pipeline:PipelineID=b7c58ef7-c0eb-4d20-82f1-56d6e17d1ea1 to datanode:2cb290fa-4f34-406f-8eca-2b7b4ff38328
2023-05-05 09:10:21,657 [RatisPipelineUtilsThread - 0] INFO  pipeline.PipelineStateManagerImpl (PipelineStateManagerImpl.java:addPipeline(103)) - Created pipeline Pipeline[ Id: b7c58ef7-c0eb-4d20-82f1-56d6e17d1ea1, Nodes: 2cb290fa-4f34-406f-8eca-2b7b4ff38328(fv-az152-207.qln5d00okglujjccfnhxhxodph.cx.internal.cloudapp.net/10.1.0.42), ReplicationConfig: RATIS/ONE, State:ALLOCATED, leaderId:, CreationTimestamp2023-05-05T09:10:21.656Z[Etc/UTC]].
2023-05-05 09:10:22,041 [Listener at 127.0.0.1/44179] INFO  ozone.MiniOzoneClusterImpl (MiniOzoneClusterImpl.java:lambda$waitForClusterToBeReady$0(223)) - Waiting for nodes to be ready. Got 2 of 3 DN Heartbeats.
2023-05-05 09:10:22,041 [Listener at 127.0.0.1/44179] INFO  ozone.MiniOzoneClusterImpl (MiniOzoneClusterImpl.java:lambda$waitForClusterToBeReady$0(226)) - Waiting for cluster to exit safe mode
2023-05-05 09:10:22,041 [Listener at 127.0.0.1/44179] INFO  ozone.MiniOzoneClusterImpl (MiniOzoneClusterImpl.java:lambda$waitForClusterToBeReady$0(228)) - SCM became leader
2023-05-05 09:10:22,054 [IPC Server handler 19 on default port 34303] INFO  net.NetworkTopologyImpl (NetworkTopologyImpl.java:add(112)) - Added a new node: /default-rack/a461b031-87cf-46ec-8015-141f82ba476b
2023-05-05 09:10:22,055 [IPC Server handler 19 on default port 34303] INFO  node.SCMNodeManager (SCMNodeManager.java:register(407)) - Registered Data node : a461b031-87cf-46ec-8015-141f82ba476b{ip: 10.1.0.42, host: fv-az152-207.qln5d00okglujjccfnhxhxodph.cx.internal.cloudapp.net, ports: [HTTP=43233, REPLICATION=32797, RATIS=41513, RATIS_ADMIN=41513, RATIS_SERVER=41513, RATIS_DATASTREAM=44165, STANDALONE=35661], networkLocation: /default-rack, certSerialId: null, persistedOpState: null, persistedOpStateExpiryEpochSec: 0}
2023-05-05 09:10:22,055 [EventQueue-NewNodeForNewNodeHandler] INFO  pipeline.BackgroundPipelineCreator (BackgroundPipelineCreator.java:notifyEventTriggered(276)) - trigger a one-shot run on RatisPipelineUtilsThread.
2023-05-05 09:10:22,055 [EventQueue-NodeRegistrationContainerReportForDataNodeSafeModeRule] INFO  safemode.SCMSafeModeManager (DataNodeSafeModeRule.java:process(71)) - SCM in safe mode. 3 DataNodes registered, 3 required.
2023-05-05 09:10:22,057 [EventQueue-NodeRegistrationContainerReportForDataNodeSafeModeRule] INFO  safemode.SCMSafeModeManager (SCMSafeModeManager.java:validateSafeModeExitRules(200)) - DataNodeSafeModeRule rule is successfully validated
2023-05-05 09:10:22,057 [EventQueue-NodeRegistrationContainerReportForDataNodeSafeModeRule] INFO  safemode.SCMSafeModeManager (SCMSafeModeManager.java:completePreCheck(229)) - All SCM safe mode pre check rules have passed
2023-05-05 09:10:22,057 [EventQueue-NodeRegistrationContainerReportForDataNodeSafeModeRule] INFO  ha.SCMContext (SCMContext.java:updateSafeModeStatus(228)) - Update SafeModeStatus from SafeModeStatus{safeModeStatus=true, preCheckPassed=false} to SafeModeStatus{safeModeStatus=true, preCheckPassed=true}.
2023-05-05 09:10:22,057 [EventQueue-NodeRegistrationContainerReportForDataNodeSafeModeRule] INFO  pipeline.BackgroundPipelineCreator (BackgroundPipelineCreator.java:notifyEventTriggered(276)) - trigger a one-shot run on RatisPipelineUtilsThread.
2023-05-05 09:10:22,056 [RatisPipelineUtilsThread - 0] INFO  pipeline.RatisPipelineProvider (RatisPipelineProvider.java:lambda$create$0(206)) - Sending CreatePipelineCommand for pipeline:PipelineID=2bdbe702-3e18-456f-b598-5db8c5cafde0 to datanode:a461b031-87cf-46ec-8015-141f82ba476b
2023-05-05 09:10:22,058 [RatisPipelineUtilsThread - 0] INFO  pipeline.PipelineStateManagerImpl (PipelineStateManagerImpl.java:addPipeline(103)) - Created pipeline Pipeline[ Id: 2bdbe702-3e18-456f-b598-5db8c5cafde0, Nodes: a461b031-87cf-46ec-8015-141f82ba476b(fv-az152-207.qln5d00okglujjccfnhxhxodph.cx.internal.cloudapp.net/10.1.0.42), ReplicationConfig: RATIS/ONE, State:ALLOCATED, leaderId:, CreationTimestamp2023-05-05T09:10:22.056Z[Etc/UTC]].
2023-05-05 09:10:22,062 [RatisPipelineUtilsThread - 0] INFO  pipeline.RatisPipelineProvider (RatisPipelineProvider.java:lambda$create$0(206)) - Sending CreatePipelineCommand for pipeline:PipelineID=08e985b8-55ba-4488-a4d4-8c23974a5725 to datanode:a461b031-87cf-46ec-8015-141f82ba476b
2023-05-05 09:10:22,062 [RatisPipelineUtilsThread - 0] INFO  pipeline.RatisPipelineProvider (RatisPipelineProvider.java:lambda$create$0(206)) - Sending CreatePipelineCommand for pipeline:PipelineID=08e985b8-55ba-4488-a4d4-8c23974a5725 to datanode:2cb290fa-4f34-406f-8eca-2b7b4ff38328
2023-05-05 09:10:22,062 [RatisPipelineUtilsThread - 0] INFO  pipeline.RatisPipelineProvider (RatisPipelineProvider.java:lambda$create$0(206)) - Sending CreatePipelineCommand for pipeline:PipelineID=08e985b8-55ba-4488-a4d4-8c23974a5725 to datanode:13da8014-cf59-4ce9-8837-b97ce342a136
2023-05-05 09:10:22,063 [RatisPipelineUtilsThread - 0] INFO  pipeline.PipelineStateManagerImpl (PipelineStateManagerImpl.java:addPipeline(103)) - Created pipeline Pipeline[ Id: 08e985b8-55ba-4488-a4d4-8c23974a5725, Nodes: a461b031-87cf-46ec-8015-141f82ba476b(fv-az152-207.qln5d00okglujjccfnhxhxodph.cx.internal.cloudapp.net/10.1.0.42)2cb290fa-4f34-406f-8eca-2b7b4ff38328(fv-az152-207.qln5d00okglujjccfnhxhxodph.cx.internal.cloudapp.net/10.1.0.42)13da8014-cf59-4ce9-8837-b97ce342a136(fv-az152-207.qln5d00okglujjccfnhxhxodph.cx.internal.cloudapp.net/10.1.0.42), ReplicationConfig: RATIS/THREE, State:ALLOCATED, leaderId:, CreationTimestamp2023-05-05T09:10:22.062Z[Etc/UTC]].
2023-05-05 09:10:22,064 [RatisPipelineUtilsThread - 0] INFO  pipeline.RatisPipelineProvider (RatisPipelineProvider.java:lambda$create$0(206)) - Sending CreatePipelineCommand for pipeline:PipelineID=41b28b5b-d76b-49b3-8b21-904bab61a37c to datanode:2cb290fa-4f34-406f-8eca-2b7b4ff38328
2023-05-05 09:10:22,065 [RatisPipelineUtilsThread - 0] INFO  pipeline.RatisPipelineProvider (RatisPipelineProvider.java:lambda$create$0(206)) - Sending CreatePipelineCommand for pipeline:PipelineID=41b28b5b-d76b-49b3-8b21-904bab61a37c to datanode:a461b031-87cf-46ec-8015-141f82ba476b
2023-05-05 09:10:22,065 [RatisPipelineUtilsThread - 0] INFO  pipeline.RatisPipelineProvider (RatisPipelineProvider.java:lambda$create$0(206)) - Sending CreatePipelineCommand for pipeline:PipelineID=41b28b5b-d76b-49b3-8b21-904bab61a37c to datanode:13da8014-cf59-4ce9-8837-b97ce342a136
2023-05-05 09:10:22,065 [RatisPipelineUtilsThread - 0] INFO  pipeline.PipelineStateManagerImpl (PipelineStateManagerImpl.java:addPipeline(103)) - Created pipeline Pipeline[ Id: 41b28b5b-d76b-49b3-8b21-904bab61a37c, Nodes: 2cb290fa-4f34-406f-8eca-2b7b4ff38328(fv-az152-207.qln5d00okglujjccfnhxhxodph.cx.internal.cloudapp.net/10.1.0.42)a461b031-87cf-46ec-8015-141f82ba476b(fv-az152-207.qln5d00okglujjccfnhxhxodph.cx.internal.cloudapp.net/10.1.0.42)13da8014-cf59-4ce9-8837-b97ce342a136(fv-az152-207.qln5d00okglujjccfnhxhxodph.cx.internal.cloudapp.net/10.1.0.42), ReplicationConfig: RATIS/THREE, State:ALLOCATED, leaderId:, CreationTimestamp2023-05-05T09:10:22.064Z[Etc/UTC]].
2023-05-05 09:10:22,066 [RatisPipelineUtilsThread - 0] INFO  pipeline.PipelineManagerImpl (PipelineManagerImpl.java:recordMetricsForPipeline(826)) - Pipeline: PipelineID=41b28b5b-d76b-49b3-8b21-904bab61a37c contains same datanodes as previous pipelines: PipelineID=08e985b8-55ba-4488-a4d4-8c23974a5725 nodeIds: 2cb290fa-4f34-406f-8eca-2b7b4ff38328, a461b031-87cf-46ec-8015-141f82ba476b, 13da8014-cf59-4ce9-8837-b97ce342a136
2023-05-05 09:10:22,066 [RatisPipelineUtilsThread - 0] WARN  pipeline.PipelinePlacementPolicy (PipelinePlacementPolicy.java:filterViableNodes(160)) - Pipeline creation failed due to no sufficient healthy datanodes. Required 3. Found 0. Excluded 3.
2023-05-05 09:10:22,067 [RatisPipelineUtilsThread - 0] WARN  pipeline.PipelinePlacementPolicy (PipelinePlacementPolicy.java:filterViableNodes(160)) - Pipeline creation failed due to no sufficient healthy datanodes. Required 3. Found 0. Excluded 3.
2023-05-05 09:10:23,041 [Listener at 127.0.0.1/44179] INFO  ozone.MiniOzoneClusterImpl (MiniOzoneClusterImpl.java:lambda$waitForClusterToBeReady$0(223)) - Nodes are ready. Got 3 of 3 DN Heartbeats.
2023-05-05 09:10:23,042 [Listener at 127.0.0.1/44179] INFO  ozone.MiniOzoneClusterImpl (MiniOzoneClusterImpl.java:lambda$waitForClusterToBeReady$0(226)) - Waiting for cluster to exit safe mode
2023-05-05 09:10:23,042 [Listener at 127.0.0.1/44179] INFO  ozone.MiniOzoneClusterImpl (MiniOzoneClusterImpl.java:lambda$waitForClusterToBeReady$0(228)) - SCM became leader
2023-05-05 09:10:24,042 [Listener at 127.0.0.1/44179] INFO  ozone.MiniOzoneClusterImpl (MiniOzoneClusterImpl.java:lambda$waitForClusterToBeReady$0(223)) - Nodes are ready. Got 3 of 3 DN Heartbeats.
2023-05-05 09:10:24,043 [Listener at 127.0.0.1/44179] INFO  ozone.MiniOzoneClusterImpl (MiniOzoneClusterImpl.java:lambda$waitForClusterToBeReady$0(226)) - Waiting for cluster to exit safe mode
2023-05-05 09:10:24,043 [Listener at 127.0.0.1/44179] INFO  ozone.MiniOzoneClusterImpl (MiniOzoneClusterImpl.java:lambda$waitForClusterToBeReady$0(228)) - SCM became leader
2023-05-05 09:10:24,048 [Command processor thread] INFO  server.RaftServer (RaftServerProxy.java:addNew(96)) - 13da8014-cf59-4ce9-8837-b97ce342a136: addNew group-970AC766E94D:[13da8014-cf59-4ce9-8837-b97ce342a136|rpc:10.1.0.42:33283|dataStream:10.1.0.42:43129|priority:1|startupRole:FOLLOWER] returns group-970AC766E94D:java.util.concurrent.CompletableFuture@64d3fd95[Not completed]
2023-05-05 09:10:24,074 [pool-79-thread-1] INFO  server.RaftServer$Division (RaftServerImpl.java:<init>(195)) - 13da8014-cf59-4ce9-8837-b97ce342a136: new RaftServerImpl for group-970AC766E94D:[13da8014-cf59-4ce9-8837-b97ce342a136|rpc:10.1.0.42:33283|dataStream:10.1.0.42:43129|priority:1|startupRole:FOLLOWER] with ContainerStateMachine:uninitialized
2023-05-05 09:10:24,074 [pool-79-thread-1] INFO  server.RaftServerConfigKeys (ConfUtils.java:logGet(46)) - raft.server.rpc.timeout.min = 5s (custom)
2023-05-05 09:10:24,074 [pool-79-thread-1] INFO  server.RaftServerConfigKeys (ConfUtils.java:logGet(46)) - raft.server.rpc.timeout.max = 5200ms (custom)
2023-05-05 09:10:24,074 [pool-79-thread-1] INFO  server.RaftServerConfigKeys (ConfUtils.java:logGet(46)) - raft.server.rpc.sleep.time = 25ms (default)
2023-05-05 09:10:24,074 [pool-79-thread-1] INFO  server.RaftServerConfigKeys (ConfUtils.java:logGet(46)) - raft.server.rpc.slowness.timeout = 300s (custom)
2023-05-05 09:10:24,074 [pool-79-thread-1] INFO  server.RaftServerConfigKeys (ConfUtils.java:logGet(46)) - raft.server.leaderelection.leader.step-down.wait-time = 10s (default)
2023-05-05 09:10:24,074 [pool-79-thread-1] INFO  server.RaftServerConfigKeys (ConfUtils.java:logGet(46)) - raft.server.sleep.deviation.threshold = 300ms (default)
2023-05-05 09:10:24,074 [pool-79-thread-1] INFO  server.RaftServer$Division (ServerState.java:<init>(118)) - 13da8014-cf59-4ce9-8837-b97ce342a136@group-970AC766E94D: ConfigurationManager, init=-1: peers:[13da8014-cf59-4ce9-8837-b97ce342a136|rpc:10.1.0.42:33283|dataStream:10.1.0.42:43129|priority:1|startupRole:FOLLOWER]|listeners:[], old=null, confs=<EMPTY_MAP>
2023-05-05 09:10:24,074 [pool-79-thread-1] INFO  server.RaftServerConfigKeys (ConfUtils.java:logGet(46)) - raft.server.storage.dir = [/home/runner/work/ozone/ozone/hadoop-ozone/integration-test/target/test-dir/MiniOzoneClusterImpl-ed01f5d4-5545-4c64-89b6-17c207d9d767/datanode-0/data/ratis] (custom)
2023-05-05 09:10:24,075 [pool-79-thread-1] INFO  server.RaftServerConfigKeys (ConfUtils.java:logGet(46)) - raft.server.log.corruption.policy = EXCEPTION (default)
2023-05-05 09:10:24,075 [pool-79-thread-1] INFO  server.RaftServerConfigKeys (ConfUtils.java:logGet(46)) - raft.server.storage.free-space.min = 0MB (=0) (default)
2023-05-05 09:10:24,075 [pool-79-thread-1] INFO  server.RaftServerConfigKeys (ConfUtils.java:logGet(46)) - raft.server.notification.no-leader.timeout = 300s (custom)
2023-05-05 09:10:24,075 [pool-79-thread-1] INFO  server.RaftServerConfigKeys (ConfUtils.java:logGet(46)) - raft.server.retrycache.expirytime = 600000ms (custom)
2023-05-05 09:10:24,075 [pool-79-thread-1] INFO  server.RaftServerConfigKeys (ConfUtils.java:logGet(46)) - raft.server.retrycache.statistics.expirytime = 100μs (default)
2023-05-05 09:10:24,077 [pool-79-thread-1] INFO  server.RaftServerConfigKeys (ConfUtils.java:logGet(46)) - raft.server.log.appender.install.snapshot.enabled = false (custom)
2023-05-05 09:10:24,077 [pool-79-thread-1] INFO  server.RaftServerConfigKeys (ConfUtils.java:logGet(46)) - raft.server.threadpool.server.cached = true (default)
2023-05-05 09:10:24,077 [pool-79-thread-1] INFO  server.RaftServerConfigKeys (ConfUtils.java:logGet(46)) - raft.server.threadpool.server.size = 0 (default)
2023-05-05 09:10:24,077 [pool-79-thread-1] INFO  server.RaftServerConfigKeys (ConfUtils.java:logGet(46)) - raft.server.threadpool.client.cached = true (default)
2023-05-05 09:10:24,077 [pool-79-thread-1] INFO  server.RaftServerConfigKeys (ConfUtils.java:logGet(46)) - raft.server.threadpool.client.size = 0 (default)
2023-05-05 09:10:24,077 [pool-79-thread-1] INFO  storage.RaftStorageDirectory (RaftStorageDirectoryImpl.java:analyzeStorage(137)) - The storage directory /home/runner/work/ozone/ozone/hadoop-ozone/integration-test/target/test-dir/MiniOzoneClusterImpl-ed01f5d4-5545-4c64-89b6-17c207d9d767/datanode-0/data/ratis/e2cf92e9-e8e8-4e8c-9411-970ac766e94d does not exist. Creating ...
2023-05-05 09:10:24,080 [pool-79-thread-1] INFO  storage.RaftStorageDirectory (RaftStorageDirectoryImpl.java:tryLock(231)) - Lock on /home/runner/work/ozone/ozone/hadoop-ozone/integration-test/target/test-dir/MiniOzoneClusterImpl-ed01f5d4-5545-4c64-89b6-17c207d9d767/datanode-0/data/ratis/e2cf92e9-e8e8-4e8c-9411-970ac766e94d/in_use.lock acquired by nodename 7812@fv-az152-207
2023-05-05 09:10:24,082 [pool-79-thread-1] INFO  storage.RaftStorage (RaftStorageImpl.java:format(96)) - Storage directory /home/runner/work/ozone/ozone/hadoop-ozone/integration-test/target/test-dir/MiniOzoneClusterImpl-ed01f5d4-5545-4c64-89b6-17c207d9d767/datanode-0/data/ratis/e2cf92e9-e8e8-4e8c-9411-970ac766e94d has been successfully formatted.
2023-05-05 09:10:24,086 [pool-79-thread-1] INFO  ratis.ContainerStateMachine (ContainerStateMachine.java:loadSnapshot(262)) - group-970AC766E94D: The snapshot info is null. Setting the last applied indexto:(t:0, i:~)
2023-05-05 09:10:24,086 [pool-79-thread-1] INFO  server.RaftServerConfigKeys (ConfUtils.java:logGet(46)) - raft.server.log.use.memory = false (default)
2023-05-05 09:10:24,086 [pool-79-thread-1] INFO  server.RaftServerConfigKeys (ConfUtils.java:logGet(46)) - raft.server.log.purge.gap = 1000000 (custom)
2023-05-05 09:10:24,086 [pool-79-thread-1] INFO  server.RaftServerConfigKeys (ConfUtils.java:logGet(46)) - raft.server.log.appender.buffer.byte-limit = 33554432 (custom)
2023-05-05 09:10:24,086 [pool-79-thread-1] INFO  server.RaftServerConfigKeys (ConfUtils.java:logGet(46)) - raft.server.log.statemachine.data.read.timeout = 1000ms (default)
2023-05-05 09:10:24,086 [pool-79-thread-1] INFO  server.RaftServerConfigKeys (ConfUtils.java:logGet(46)) - raft.server.log.purge.preservation.log.num = 0 (default)
2023-05-05 09:10:24,086 [pool-79-thread-1] INFO  server.RaftServerConfigKeys (ConfUtils.java:logGet(46)) - raft.server.log.segment.size.max = 1048576 (custom)
2023-05-05 09:10:24,088 [EventQueue-PipelineReportForPipelineReportHandler] INFO  pipeline.PipelineManagerImpl (PipelineManagerImpl.java:openPipeline(367)) - Pipeline Pipeline[ Id: e2cf92e9-e8e8-4e8c-9411-970ac766e94d, Nodes: 13da8014-cf59-4ce9-8837-b97ce342a136(fv-az152-207.qln5d00okglujjccfnhxhxodph.cx.internal.cloudapp.net/10.1.0.42), ReplicationConfig: RATIS/ONE, State:ALLOCATED, leaderId:13da8014-cf59-4ce9-8837-b97ce342a136, CreationTimestamp2023-05-05T09:10:21.061Z[Etc/UTC]] moved to OPEN state
2023-05-05 09:10:24,089 [pool-79-thread-1] INFO  server.RaftServerConfigKeys (ConfUtils.java:logGet(46)) - raft.server.log.segment.cache.num.max = 2 (custom)
2023-05-05 09:10:24,089 [pool-79-thread-1] INFO  server.RaftServerConfigKeys (ConfUtils.java:logGet(46)) - raft.server.log.segment.cache.size.max = 200MB (=209715200) (default)
2023-05-05 09:10:24,089 [pool-79-thread-1] INFO  segmented.SegmentedRaftLogWorker (SegmentedRaftLogWorker.java:<init>(189)) - new 13da8014-cf59-4ce9-8837-b97ce342a136@group-970AC766E94D-SegmentedRaftLogWorker for RaftStorageImpl:Storage Directory /home/runner/work/ozone/ozone/hadoop-ozone/integration-test/target/test-dir/MiniOzoneClusterImpl-ed01f5d4-5545-4c64-89b6-17c207d9d767/datanode-0/data/ratis/e2cf92e9-e8e8-4e8c-9411-970ac766e94d
2023-05-05 09:10:24,089 [pool-79-thread-1] INFO  server.RaftServerConfigKeys (ConfUtils.java:logGet(46)) - raft.server.log.queue.byte-limit = 4294967296 (custom)
2023-05-05 09:10:24,089 [pool-79-thread-1] INFO  server.RaftServerConfigKeys (ConfUtils.java:logGet(46)) - raft.server.log.queue.element-limit = 1024 (custom)
2023-05-05 09:10:24,089 [pool-79-thread-1] INFO  server.RaftServerConfigKeys (ConfUtils.java:logGet(46)) - raft.server.log.segment.size.max = 1048576 (custom)
2023-05-05 09:10:24,089 [pool-79-thread-1] INFO  server.RaftServerConfigKeys (ConfUtils.java:logGet(46)) - raft.server.log.preallocated.size = 16384 (custom)
2023-05-05 09:10:24,089 [pool-79-thread-1] INFO  server.RaftServerConfigKeys (ConfUtils.java:logGet(46)) - raft.server.log.force.sync.num = 128 (default)
2023-05-05 09:10:24,089 [pool-79-thread-1] INFO  server.RaftServerConfigKeys (ConfUtils.java:logGet(46)) - raft.server.log.statemachine.data.sync = true (default)
2023-05-05 09:10:24,090 [pool-79-thread-1] INFO  server.RaftServerConfigKeys (ConfUtils.java:logGet(46)) - raft.server.log.statemachine.data.sync.timeout = 10s (default)
2023-05-05 09:10:24,090 [pool-79-thread-1] INFO  server.RaftServerConfigKeys (ConfUtils.java:logGet(46)) - raft.server.log.statemachine.data.sync.timeout.retry = -1 (default)
2023-05-05 09:10:24,094 [pool-79-thread-1] INFO  server.RaftServerConfigKeys (ConfUtils.java:logGet(46)) - raft.server.log.write.buffer.size = 1048576 (custom)
2023-05-05 09:10:24,094 [pool-79-thread-1] INFO  server.RaftServerConfigKeys (ConfUtils.java:logGet(46)) - raft.server.log.appender.buffer.byte-limit = 33554432 (custom)
2023-05-05 09:10:24,092 [EventQueue-OpenPipelineForHealthyPipelineSafeModeRule] INFO  safemode.SCMSafeModeManager (HealthyPipelineSafeModeRule.java:process(137)) - SCM in safe mode. Healthy pipelines reported count is 0, required healthy pipeline reported count is 1
2023-05-05 09:10:24,099 [pool-79-thread-1] INFO  server.RaftServerConfigKeys (ConfUtils.java:logGet(46)) - raft.server.log.unsafe-flush.enabled = false (default)
2023-05-05 09:10:24,099 [pool-79-thread-1] INFO  server.RaftServerConfigKeys (ConfUtils.java:logGet(46)) - raft.server.log.async-flush.enabled = false (default)
2023-05-05 09:10:24,099 [pool-79-thread-1] INFO  server.RaftServerConfigKeys (ConfUtils.java:logGet(46)) - raft.server.log.statemachine.data.caching.enabled = true (custom)
2023-05-05 09:10:24,100 [pool-79-thread-1] INFO  segmented.SegmentedRaftLogWorker (SegmentedRaftLogWorker.java:lambda$new$0(135)) - 13da8014-cf59-4ce9-8837-b97ce342a136@group-970AC766E94D-SegmentedRaftLogWorker: flushIndex: setUnconditionally 0 -> -1
2023-05-05 09:10:24,100 [pool-79-thread-1] INFO  segmented.SegmentedRaftLogWorker (SegmentedRaftLogWorker.java:lambda$new$0(135)) - 13da8014-cf59-4ce9-8837-b97ce342a136@group-970AC766E94D-SegmentedRaftLogWorker: safeCacheEvictIndex: setUnconditionally 0 -> -1
2023-05-05 09:10:24,104 [pool-79-thread-1] INFO  server.RaftServer$Division (RaftServerImpl.java:start(334)) - 13da8014-cf59-4ce9-8837-b97ce342a136@group-970AC766E94D: start as a follower, conf=-1: peers:[13da8014-cf59-4ce9-8837-b97ce342a136|rpc:10.1.0.42:33283|dataStream:10.1.0.42:43129|priority:1|startupRole:FOLLOWER]|listeners:[], old=null
2023-05-05 09:10:24,104 [pool-79-thread-1] INFO  server.RaftServer$Division (RaftServerImpl.java:setRole(321)) - 13da8014-cf59-4ce9-8837-b97ce342a136@group-970AC766E94D: changes role from      null to FOLLOWER at term 0 for startAsFollower
2023-05-05 09:10:24,104 [pool-79-thread-1] INFO  impl.RoleInfo (RoleInfo.java:updateAndGet(139)) - 13da8014-cf59-4ce9-8837-b97ce342a136: start 13da8014-cf59-4ce9-8837-b97ce342a136@group-970AC766E94D-FollowerState
2023-05-05 09:10:24,105 [pool-79-thread-1] INFO  util.JmxRegister (JmxRegister.java:tryRegister(44)) - Successfully registered JMX Bean with object name Ratis:service=RaftServer,group=group-970AC766E94D,id=13da8014-cf59-4ce9-8837-b97ce342a136
2023-05-05 09:10:24,105 [pool-79-thread-1] INFO  server.RaftServerConfigKeys (ConfUtils.java:logGet(46)) - raft.server.snapshot.auto.trigger.enabled = true (custom)
2023-05-05 09:10:24,105 [pool-79-thread-1] INFO  server.RaftServerConfigKeys (ConfUtils.java:logGet(46)) - raft.server.snapshot.auto.trigger.threshold = 10000 (custom)
2023-05-05 09:10:24,105 [pool-79-thread-1] INFO  server.RaftServerConfigKeys (ConfUtils.java:logGet(46)) - raft.server.snapshot.retention.file.num = 5 (custom)
2023-05-05 09:10:24,105 [pool-79-thread-1] INFO  server.RaftServerConfigKeys (ConfUtils.java:logGet(46)) - raft.server.log.purge.upto.snapshot.index = false (default)
2023-05-05 09:10:24,106 [13da8014-cf59-4ce9-8837-b97ce342a136@group-970AC766E94D-FollowerState] INFO  server.RaftServerConfigKeys (ConfUtils.java:logFallback(53)) - raft.server.rpc.first-election.timeout.min = 5s (fallback to raft.server.rpc.timeout.min)
2023-05-05 09:10:24,106 [13da8014-cf59-4ce9-8837-b97ce342a136@group-970AC766E94D-FollowerState] INFO  server.RaftServerConfigKeys (ConfUtils.java:logFallback(53)) - raft.server.rpc.first-election.timeout.max = 5200ms (fallback to raft.server.rpc.timeout.max)
2023-05-05 09:10:24,114 [Command processor thread] INFO  ratis.XceiverServerRatis (XceiverServerRatis.java:addGroup(806)) - Created group PipelineID=e2cf92e9-e8e8-4e8c-9411-970ac766e94d
2023-05-05 09:10:24,115 [Command processor thread] INFO  commandhandler.CreatePipelineCommandHandler (CreatePipelineCommandHandler.java:handle(113)) - Created Pipeline RATIS ONE PipelineID=e2cf92e9-e8e8-4e8c-9411-970ac766e94d.
2023-05-05 09:10:24,115 [Command processor thread] INFO  server.RaftServer (RaftServerProxy.java:addNew(96)) - 13da8014-cf59-4ce9-8837-b97ce342a136: addNew group-8C23974A5725:[2cb290fa-4f34-406f-8eca-2b7b4ff38328|rpc:10.1.0.42:33685|dataStream:10.1.0.42:44345|priority:0|startupRole:FOLLOWER, 13da8014-cf59-4ce9-8837-b97ce342a136|rpc:10.1.0.42:33283|dataStream:10.1.0.42:43129|priority:1|startupRole:FOLLOWER, a461b031-87cf-46ec-8015-141f82ba476b|rpc:10.1.0.42:41513|dataStream:10.1.0.42:44165|priority:0|startupRole:FOLLOWER] returns group-8C23974A5725:java.util.concurrent.CompletableFuture@4aeee838[Not completed]
2023-05-05 09:10:24,117 [pool-79-thread-1] INFO  server.RaftServer$Division (RaftServerImpl.java:<init>(195)) - 13da8014-cf59-4ce9-8837-b97ce342a136: new RaftServerImpl for group-8C23974A5725:[2cb290fa-4f34-406f-8eca-2b7b4ff38328|rpc:10.1.0.42:33685|dataStream:10.1.0.42:44345|priority:0|startupRole:FOLLOWER, 13da8014-cf59-4ce9-8837-b97ce342a136|rpc:10.1.0.42:33283|dataStream:10.1.0.42:43129|priority:1|startupRole:FOLLOWER, a461b031-87cf-46ec-8015-141f82ba476b|rpc:10.1.0.42:41513|dataStream:10.1.0.42:44165|priority:0|startupRole:FOLLOWER] with ContainerStateMachine:uninitialized
2023-05-05 09:10:24,117 [pool-79-thread-1] INFO  server.RaftServerConfigKeys (ConfUtils.java:logGet(46)) - raft.server.rpc.timeout.min = 5s (custom)
2023-05-05 09:10:24,117 [pool-79-thread-1] INFO  server.RaftServerConfigKeys (ConfUtils.java:logGet(46)) - raft.server.rpc.timeout.max = 5200ms (custom)
2023-05-05 09:10:24,117 [pool-79-thread-1] INFO  server.RaftServerConfigKeys (ConfUtils.java:logGet(46)) - raft.server.rpc.sleep.time = 25ms (default)
2023-05-05 09:10:24,117 [pool-79-thread-1] INFO  server.RaftServerConfigKeys (ConfUtils.java:logGet(46)) - raft.server.rpc.slowness.timeout = 300s (custom)
2023-05-05 09:10:24,117 [pool-79-thread-1] INFO  server.RaftServerConfigKeys (ConfUtils.java:logGet(46)) - raft.server.leaderelection.leader.step-down.wait-time = 10s (default)
2023-05-05 09:10:24,117 [pool-79-thread-1] INFO  server.RaftServerConfigKeys (ConfUtils.java:logGet(46)) - raft.server.sleep.deviation.threshold = 300ms (default)
2023-05-05 09:10:24,117 [pool-79-thread-1] INFO  server.RaftServer$Division (ServerState.java:<init>(118)) - 13da8014-cf59-4ce9-8837-b97ce342a136@group-8C23974A5725: ConfigurationManager, init=-1: peers:[2cb290fa-4f34-406f-8eca-2b7b4ff38328|rpc:10.1.0.42:33685|dataStream:10.1.0.42:44345|priority:0|startupRole:FOLLOWER, 13da8014-cf59-4ce9-8837-b97ce342a136|rpc:10.1.0.42:33283|dataStream:10.1.0.42:43129|priority:1|startupRole:FOLLOWER, a461b031-87cf-46ec-8015-141f82ba476b|rpc:10.1.0.42:41513|dataStream:10.1.0.42:44165|priority:0|startupRole:FOLLOWER]|listeners:[], old=null, confs=<EMPTY_MAP>
2023-05-05 09:10:24,117 [pool-79-thread-1] INFO  server.RaftServerConfigKeys (ConfUtils.java:logGet(46)) - raft.server.storage.dir = [/home/runner/work/ozone/ozone/hadoop-ozone/integration-test/target/test-dir/MiniOzoneClusterImpl-ed01f5d4-5545-4c64-89b6-17c207d9d767/datanode-0/data/ratis] (custom)
2023-05-05 09:10:24,117 [pool-79-thread-1] INFO  server.RaftServerConfigKeys (ConfUtils.java:logGet(46)) - raft.server.log.corruption.policy = EXCEPTION (default)
2023-05-05 09:10:24,117 [pool-79-thread-1] INFO  server.RaftServerConfigKeys (ConfUtils.java:logGet(46)) - raft.server.storage.free-space.min = 0MB (=0) (default)
2023-05-05 09:10:24,118 [pool-79-thread-1] INFO  server.RaftServerConfigKeys (ConfUtils.java:logGet(46)) - raft.server.notification.no-leader.timeout = 300s (custom)
2023-05-05 09:10:24,118 [pool-79-thread-1] INFO  server.RaftServerConfigKeys (ConfUtils.java:logGet(46)) - raft.server.retrycache.expirytime = 600000ms (custom)
2023-05-05 09:10:24,118 [pool-79-thread-1] INFO  server.RaftServerConfigKeys (ConfUtils.java:logGet(46)) - raft.server.retrycache.statistics.expirytime = 100μs (default)
2023-05-05 09:10:24,119 [pool-79-thread-1] INFO  server.RaftServerConfigKeys (ConfUtils.java:logGet(46)) - raft.server.log.appender.install.snapshot.enabled = false (custom)
2023-05-05 09:10:24,119 [pool-79-thread-1] INFO  server.RaftServerConfigKeys (ConfUtils.java:logGet(46)) - raft.server.threadpool.server.cached = true (default)
2023-05-05 09:10:24,119 [pool-79-thread-1] INFO  server.RaftServerConfigKeys (ConfUtils.java:logGet(46)) - raft.server.threadpool.server.size = 0 (default)
2023-05-05 09:10:24,119 [pool-79-thread-1] INFO  server.RaftServerConfigKeys (ConfUtils.java:logGet(46)) - raft.server.threadpool.client.cached = true (default)
2023-05-05 09:10:24,119 [pool-79-thread-1] INFO  server.RaftServerConfigKeys (ConfUtils.java:logGet(46)) - raft.server.threadpool.client.size = 0 (default)
2023-05-05 09:10:24,120 [pool-79-thread-1] INFO  storage.RaftStorageDirectory (RaftStorageDirectoryImpl.java:analyzeStorage(137)) - The storage directory /home/runner/work/ozone/ozone/hadoop-ozone/integration-test/target/test-dir/MiniOzoneClusterImpl-ed01f5d4-5545-4c64-89b6-17c207d9d767/datanode-0/data/ratis/08e985b8-55ba-4488-a4d4-8c23974a5725 does not exist. Creating ...
2023-05-05 09:10:24,121 [pool-79-thread-1] INFO  storage.RaftStorageDirectory (RaftStorageDirectoryImpl.java:tryLock(231)) - Lock on /home/runner/work/ozone/ozone/hadoop-ozone/integration-test/target/test-dir/MiniOzoneClusterImpl-ed01f5d4-5545-4c64-89b6-17c207d9d767/datanode-0/data/ratis/08e985b8-55ba-4488-a4d4-8c23974a5725/in_use.lock acquired by nodename 7812@fv-az152-207
2023-05-05 09:10:24,122 [pool-79-thread-1] INFO  storage.RaftStorage (RaftStorageImpl.java:format(96)) - Storage directory /home/runner/work/ozone/ozone/hadoop-ozone/integration-test/target/test-dir/MiniOzoneClusterImpl-ed01f5d4-5545-4c64-89b6-17c207d9d767/datanode-0/data/ratis/08e985b8-55ba-4488-a4d4-8c23974a5725 has been successfully formatted.
2023-05-05 09:10:24,122 [pool-79-thread-1] INFO  ratis.ContainerStateMachine (ContainerStateMachine.java:loadSnapshot(262)) - group-8C23974A5725: The snapshot info is null. Setting the last applied indexto:(t:0, i:~)
2023-05-05 09:10:24,122 [pool-79-thread-1] INFO  server.RaftServerConfigKeys (ConfUtils.java:logGet(46)) - raft.server.log.use.memory = false (default)
2023-05-05 09:10:24,122 [pool-79-thread-1] INFO  server.RaftServerConfigKeys (ConfUtils.java:logGet(46)) - raft.server.log.purge.gap = 1000000 (custom)
2023-05-05 09:10:24,122 [pool-79-thread-1] INFO  server.RaftServerConfigKeys (ConfUtils.java:logGet(46)) - raft.server.log.appender.buffer.byte-limit = 33554432 (custom)
2023-05-05 09:10:24,123 [pool-79-thread-1] INFO  server.RaftServerConfigKeys (ConfUtils.java:logGet(46)) - raft.server.log.statemachine.data.read.timeout = 1000ms (default)
2023-05-05 09:10:24,123 [pool-79-thread-1] INFO  server.RaftServerConfigKeys (ConfUtils.java:logGet(46)) - raft.server.log.purge.preservation.log.num = 0 (default)
2023-05-05 09:10:24,123 [pool-79-thread-1] INFO  server.RaftServerConfigKeys (ConfUtils.java:logGet(46)) - raft.server.log.segment.size.max = 1048576 (custom)
2023-05-05 09:10:24,130 [EventQueue-OpenPipelineForHealthyPipelineSafeModeRule] INFO  safemode.SCMSafeModeManager (HealthyPipelineSafeModeRule.java:process(137)) - SCM in safe mode. Healthy pipelines reported count is 0, required healthy pipeline reported count is 1
2023-05-05 09:10:24,132 [pool-79-thread-1] INFO  server.RaftServerConfigKeys (ConfUtils.java:logGet(46)) - raft.server.log.segment.cache.num.max = 2 (custom)
2023-05-05 09:10:24,133 [pool-79-thread-1] INFO  server.RaftServerConfigKeys (ConfUtils.java:logGet(46)) - raft.server.log.segment.cache.size.max = 200MB (=209715200) (default)
2023-05-05 09:10:24,133 [pool-79-thread-1] INFO  segmented.SegmentedRaftLogWorker (SegmentedRaftLogWorker.java:<init>(189)) - new 13da8014-cf59-4ce9-8837-b97ce342a136@group-8C23974A5725-SegmentedRaftLogWorker for RaftStorageImpl:Storage Directory /home/runner/work/ozone/ozone/hadoop-ozone/integration-test/target/test-dir/MiniOzoneClusterImpl-ed01f5d4-5545-4c64-89b6-17c207d9d767/datanode-0/data/ratis/08e985b8-55ba-4488-a4d4-8c23974a5725
2023-05-05 09:10:24,133 [pool-79-thread-1] INFO  server.RaftServerConfigKeys (ConfUtils.java:logGet(46)) - raft.server.log.queue.byte-limit = 4294967296 (custom)
2023-05-05 09:10:24,133 [pool-79-thread-1] INFO  server.RaftServerConfigKeys (ConfUtils.java:logGet(46)) - raft.server.log.queue.element-limit = 1024 (custom)
2023-05-05 09:10:24,133 [pool-79-thread-1] INFO  server.RaftServerConfigKeys (ConfUtils.java:logGet(46)) - raft.server.log.segment.size.max = 1048576 (custom)
2023-05-05 09:10:24,133 [pool-79-thread-1] INFO  server.RaftServerConfigKeys (ConfUtils.java:logGet(46)) - raft.server.log.preallocated.size = 16384 (custom)
2023-05-05 09:10:24,134 [pool-79-thread-1] INFO  server.RaftServerConfigKeys (ConfUtils.java:logGet(46)) - raft.server.log.force.sync.num = 128 (default)
2023-05-05 09:10:24,134 [pool-79-thread-1] INFO  server.RaftServerConfigKeys (ConfUtils.java:logGet(46)) - raft.server.log.statemachine.data.sync = true (default)
2023-05-05 09:10:24,134 [pool-79-thread-1] INFO  server.RaftServerConfigKeys (ConfUtils.java:logGet(46)) - raft.server.log.statemachine.data.sync.timeout = 10s (default)
2023-05-05 09:10:24,134 [pool-79-thread-1] INFO  server.RaftServerConfigKeys (ConfUtils.java:logGet(46)) - raft.server.log.statemachine.data.sync.timeout.retry = -1 (default)
2023-05-05 09:10:24,136 [pool-79-thread-1] INFO  server.RaftServerConfigKeys (ConfUtils.java:logGet(46)) - raft.server.log.write.buffer.size = 1048576 (custom)
2023-05-05 09:10:24,138 [pool-79-thread-1] INFO  server.RaftServerConfigKeys (ConfUtils.java:logGet(46)) - raft.server.log.appender.buffer.byte-limit = 33554432 (custom)
2023-05-05 09:10:24,144 [pool-79-thread-1] INFO  server.RaftServerConfigKeys (ConfUtils.java:logGet(46)) - raft.server.log.unsafe-flush.enabled = false (default)
2023-05-05 09:10:24,144 [pool-79-thread-1] INFO  server.RaftServerConfigKeys (ConfUtils.java:logGet(46)) - raft.server.log.async-flush.enabled = false (default)
2023-05-05 09:10:24,144 [pool-79-thread-1] INFO  server.RaftServerConfigKeys (ConfUtils.java:logGet(46)) - raft.server.log.statemachine.data.caching.enabled = true (custom)
2023-05-05 09:10:24,144 [pool-79-thread-1] INFO  segmented.SegmentedRaftLogWorker (SegmentedRaftLogWorker.java:lambda$new$0(135)) - 13da8014-cf59-4ce9-8837-b97ce342a136@group-8C23974A5725-SegmentedRaftLogWorker: flushIndex: setUnconditionally 0 -> -1
2023-05-05 09:10:24,144 [pool-79-thread-1] INFO  segmented.SegmentedRaftLogWorker (SegmentedRaftLogWorker.java:lambda$new$0(135)) - 13da8014-cf59-4ce9-8837-b97ce342a136@group-8C23974A5725-SegmentedRaftLogWorker: safeCacheEvictIndex: setUnconditionally 0 -> -1
2023-05-05 09:10:24,144 [pool-79-thread-1] INFO  server.RaftServer$Division (RaftServerImpl.java:start(334)) - 13da8014-cf59-4ce9-8837-b97ce342a136@group-8C23974A5725: start as a follower, conf=-1: peers:[2cb290fa-4f34-406f-8eca-2b7b4ff38328|rpc:10.1.0.42:33685|dataStream:10.1.0.42:44345|priority:0|startupRole:FOLLOWER, 13da8014-cf59-4ce9-8837-b97ce342a136|rpc:10.1.0.42:33283|dataStream:10.1.0.42:43129|priority:1|startupRole:FOLLOWER, a461b031-87cf-46ec-8015-141f82ba476b|rpc:10.1.0.42:41513|dataStream:10.1.0.42:44165|priority:0|startupRole:FOLLOWER]|listeners:[], old=null
2023-05-05 09:10:24,145 [pool-79-thread-1] INFO  server.RaftServer$Division (RaftServerImpl.java:setRole(321)) - 13da8014-cf59-4ce9-8837-b97ce342a136@group-8C23974A5725: changes role from      null to FOLLOWER at term 0 for startAsFollower
2023-05-05 09:10:24,145 [pool-79-thread-1] INFO  impl.RoleInfo (RoleInfo.java:updateAndGet(139)) - 13da8014-cf59-4ce9-8837-b97ce342a136: start 13da8014-cf59-4ce9-8837-b97ce342a136@group-8C23974A5725-FollowerState
2023-05-05 09:10:24,145 [pool-79-thread-1] INFO  util.JmxRegister (JmxRegister.java:tryRegister(44)) - Successfully registered JMX Bean with object name Ratis:service=RaftServer,group=group-8C23974A5725,id=13da8014-cf59-4ce9-8837-b97ce342a136
2023-05-05 09:10:24,145 [pool-79-thread-1] INFO  server.RaftServerConfigKeys (ConfUtils.java:logGet(46)) - raft.server.snapshot.auto.trigger.enabled = true (custom)
2023-05-05 09:10:24,145 [pool-79-thread-1] INFO  server.RaftServerConfigKeys (ConfUtils.java:logGet(46)) - raft.server.snapshot.auto.trigger.threshold = 10000 (custom)
2023-05-05 09:10:24,145 [pool-79-thread-1] INFO  server.RaftServerConfigKeys (ConfUtils.java:logGet(46)) - raft.server.snapshot.retention.file.num = 5 (custom)
2023-05-05 09:10:24,145 [pool-79-thread-1] INFO  server.RaftServerConfigKeys (ConfUtils.java:logGet(46)) - raft.server.log.purge.upto.snapshot.index = false (default)
2023-05-05 09:10:24,146 [13da8014-cf59-4ce9-8837-b97ce342a136@group-8C23974A5725-FollowerState] INFO  server.RaftServerConfigKeys (ConfUtils.java:logFallback(53)) - raft.server.rpc.first-election.timeout.min = 5s (fallback to raft.server.rpc.timeout.min)
2023-05-05 09:10:24,147 [13da8014-cf59-4ce9-8837-b97ce342a136@group-8C23974A5725-FollowerState] INFO  server.RaftServerConfigKeys (ConfUtils.java:logFallback(53)) - raft.server.rpc.first-election.timeout.max = 5200ms (fallback to raft.server.rpc.timeout.max)
2023-05-05 09:10:24,148 [Command processor thread] INFO  ratis.XceiverServerRatis (XceiverServerRatis.java:addGroup(806)) - Created group PipelineID=08e985b8-55ba-4488-a4d4-8c23974a5725
2023-05-05 09:10:24,539 [grpc-default-executor-0] INFO  server.RaftServer (RaftServerProxy.java:addNew(96)) - a461b031-87cf-46ec-8015-141f82ba476b: addNew group-8C23974A5725:[2cb290fa-4f34-406f-8eca-2b7b4ff38328|rpc:10.1.0.42:33685|dataStream:10.1.0.42:44345|priority:0|startupRole:FOLLOWER, 13da8014-cf59-4ce9-8837-b97ce342a136|rpc:10.1.0.42:33283|dataStream:10.1.0.42:43129|priority:1|startupRole:FOLLOWER, a461b031-87cf-46ec-8015-141f82ba476b|rpc:10.1.0.42:41513|dataStream:10.1.0.42:44165|priority:0|startupRole:FOLLOWER] returns group-8C23974A5725:java.util.concurrent.CompletableFuture@144cdea9[Not completed]
2023-05-05 09:10:24,544 [pool-123-thread-1] INFO  server.RaftServer$Division (RaftServerImpl.java:<init>(195)) - a461b031-87cf-46ec-8015-141f82ba476b: new RaftServerImpl for group-8C23974A5725:[2cb290fa-4f34-406f-8eca-2b7b4ff38328|rpc:10.1.0.42:33685|dataStream:10.1.0.42:44345|priority:0|startupRole:FOLLOWER, 13da8014-cf59-4ce9-8837-b97ce342a136|rpc:10.1.0.42:33283|dataStream:10.1.0.42:43129|priority:1|startupRole:FOLLOWER, a461b031-87cf-46ec-8015-141f82ba476b|rpc:10.1.0.42:41513|dataStream:10.1.0.42:44165|priority:0|startupRole:FOLLOWER] with ContainerStateMachine:uninitialized
2023-05-05 09:10:24,544 [pool-123-thread-1] INFO  server.RaftServerConfigKeys (ConfUtils.java:logGet(46)) - raft.server.rpc.timeout.min = 5s (custom)
2023-05-05 09:10:24,545 [pool-123-thread-1] INFO  server.RaftServerConfigKeys (ConfUtils.java:logGet(46)) - raft.server.rpc.timeout.max = 5200ms (custom)
2023-05-05 09:10:24,545 [pool-123-thread-1] INFO  server.RaftServerConfigKeys (ConfUtils.java:logGet(46)) - raft.server.rpc.sleep.time = 25ms (default)
2023-05-05 09:10:24,545 [pool-123-thread-1] INFO  server.RaftServerConfigKeys (ConfUtils.java:logGet(46)) - raft.server.rpc.slowness.timeout = 300s (custom)
2023-05-05 09:10:24,545 [pool-123-thread-1] INFO  server.RaftServerConfigKeys (ConfUtils.java:logGet(46)) - raft.server.leaderelection.leader.step-down.wait-time = 10s (default)
2023-05-05 09:10:24,545 [pool-123-thread-1] INFO  server.RaftServerConfigKeys (ConfUtils.java:logGet(46)) - raft.server.sleep.deviation.threshold = 300ms (default)
2023-05-05 09:10:24,545 [pool-123-thread-1] INFO  server.RaftServer$Division (ServerState.java:<init>(118)) - a461b031-87cf-46ec-8015-141f82ba476b@group-8C23974A5725: ConfigurationManager, init=-1: peers:[2cb290fa-4f34-406f-8eca-2b7b4ff38328|rpc:10.1.0.42:33685|dataStream:10.1.0.42:44345|priority:0|startupRole:FOLLOWER, 13da8014-cf59-4ce9-8837-b97ce342a136|rpc:10.1.0.42:33283|dataStream:10.1.0.42:43129|priority:1|startupRole:FOLLOWER, a461b031-87cf-46ec-8015-141f82ba476b|rpc:10.1.0.42:41513|dataStream:10.1.0.42:44165|priority:0|startupRole:FOLLOWER]|listeners:[], old=null, confs=<EMPTY_MAP>
2023-05-05 09:10:24,545 [pool-123-thread-1] INFO  server.RaftServerConfigKeys (ConfUtils.java:logGet(46)) - raft.server.storage.dir = [/home/runner/work/ozone/ozone/hadoop-ozone/integration-test/target/test-dir/MiniOzoneClusterImpl-ed01f5d4-5545-4c64-89b6-17c207d9d767/datanode-2/data/ratis] (custom)
2023-05-05 09:10:24,545 [pool-123-thread-1] INFO  server.RaftServerConfigKeys (ConfUtils.java:logGet(46)) - raft.server.log.corruption.policy = EXCEPTION (default)
2023-05-05 09:10:24,545 [pool-123-thread-1] INFO  server.RaftServerConfigKeys (ConfUtils.java:logGet(46)) - raft.server.storage.free-space.min = 0MB (=0) (default)
2023-05-05 09:10:24,545 [pool-123-thread-1] INFO  server.RaftServerConfigKeys (ConfUtils.java:logGet(46)) - raft.server.notification.no-leader.timeout = 300s (custom)
2023-05-05 09:10:24,545 [pool-123-thread-1] INFO  server.RaftServerConfigKeys (ConfUtils.java:logGet(46)) - raft.server.retrycache.expirytime = 600000ms (custom)
2023-05-05 09:10:24,546 [pool-123-thread-1] INFO  server.RaftServerConfigKeys (ConfUtils.java:logGet(46)) - raft.server.retrycache.statistics.expirytime = 100μs (default)
2023-05-05 09:10:24,548 [pool-123-thread-1] INFO  server.RaftServerConfigKeys (ConfUtils.java:logGet(46)) - raft.server.log.appender.install.snapshot.enabled = false (custom)
2023-05-05 09:10:24,548 [pool-123-thread-1] INFO  server.RaftServerConfigKeys (ConfUtils.java:logGet(46)) - raft.server.threadpool.server.cached = true (default)
2023-05-05 09:10:24,548 [pool-123-thread-1] INFO  server.RaftServerConfigKeys (ConfUtils.java:logGet(46)) - raft.server.threadpool.server.size = 0 (default)
2023-05-05 09:10:24,548 [pool-123-thread-1] INFO  server.RaftServerConfigKeys (ConfUtils.java:logGet(46)) - raft.server.threadpool.client.cached = true (default)
2023-05-05 09:10:24,548 [pool-123-thread-1] INFO  server.RaftServerConfigKeys (ConfUtils.java:logGet(46)) - raft.server.threadpool.client.size = 0 (default)
2023-05-05 09:10:24,548 [pool-123-thread-1] INFO  storage.RaftStorageDirectory (RaftStorageDirectoryImpl.java:analyzeStorage(137)) - The storage directory /home/runner/work/ozone/ozone/hadoop-ozone/integration-test/target/test-dir/MiniOzoneClusterImpl-ed01f5d4-5545-4c64-89b6-17c207d9d767/datanode-2/data/ratis/08e985b8-55ba-4488-a4d4-8c23974a5725 does not exist. Creating ...
2023-05-05 09:10:24,550 [pool-123-thread-1] INFO  storage.RaftStorageDirectory (RaftStorageDirectoryImpl.java:tryLock(231)) - Lock on /home/runner/work/ozone/ozone/hadoop-ozone/integration-test/target/test-dir/MiniOzoneClusterImpl-ed01f5d4-5545-4c64-89b6-17c207d9d767/datanode-2/data/ratis/08e985b8-55ba-4488-a4d4-8c23974a5725/in_use.lock acquired by nodename 7812@fv-az152-207
2023-05-05 09:10:24,552 [pool-123-thread-1] INFO  storage.RaftStorage (RaftStorageImpl.java:format(96)) - Storage directory /home/runner/work/ozone/ozone/hadoop-ozone/integration-test/target/test-dir/MiniOzoneClusterImpl-ed01f5d4-5545-4c64-89b6-17c207d9d767/datanode-2/data/ratis/08e985b8-55ba-4488-a4d4-8c23974a5725 has been successfully formatted.
2023-05-05 09:10:24,558 [pool-123-thread-1] INFO  ratis.ContainerStateMachine (ContainerStateMachine.java:loadSnapshot(262)) - group-8C23974A5725: The snapshot info is null. Setting the last applied indexto:(t:0, i:~)
2023-05-05 09:10:24,560 [pool-123-thread-1] INFO  server.RaftServerConfigKeys (ConfUtils.java:logGet(46)) - raft.server.log.use.memory = false (default)
2023-05-05 09:10:24,560 [pool-123-thread-1] INFO  server.RaftServerConfigKeys (ConfUtils.java:logGet(46)) - raft.server.log.purge.gap = 1000000 (custom)
2023-05-05 09:10:24,560 [pool-123-thread-1] INFO  server.RaftServerConfigKeys (ConfUtils.java:logGet(46)) - raft.server.log.appender.buffer.byte-limit = 33554432 (custom)
2023-05-05 09:10:24,561 [pool-123-thread-1] INFO  server.RaftServerConfigKeys (ConfUtils.java:logGet(46)) - raft.server.log.statemachine.data.read.timeout = 1000ms (default)
2023-05-05 09:10:24,561 [pool-123-thread-1] INFO  server.RaftServerConfigKeys (ConfUtils.java:logGet(46)) - raft.server.log.purge.preservation.log.num = 0 (default)
2023-05-05 09:10:24,563 [pool-123-thread-1] INFO  server.RaftServerConfigKeys (ConfUtils.java:logGet(46)) - raft.server.log.segment.size.max = 1048576 (custom)
2023-05-05 09:10:24,563 [pool-123-thread-1] INFO  server.RaftServerConfigKeys (ConfUtils.java:logGet(46)) - raft.server.log.segment.cache.num.max = 2 (custom)
2023-05-05 09:10:24,563 [pool-123-thread-1] INFO  server.RaftServerConfigKeys (ConfUtils.java:logGet(46)) - raft.server.log.segment.cache.size.max = 200MB (=209715200) (default)
2023-05-05 09:10:24,563 [pool-123-thread-1] INFO  segmented.SegmentedRaftLogWorker (SegmentedRaftLogWorker.java:<init>(189)) - new a461b031-87cf-46ec-8015-141f82ba476b@group-8C23974A5725-SegmentedRaftLogWorker for RaftStorageImpl:Storage Directory /home/runner/work/ozone/ozone/hadoop-ozone/integration-test/target/test-dir/MiniOzoneClusterImpl-ed01f5d4-5545-4c64-89b6-17c207d9d767/datanode-2/data/ratis/08e985b8-55ba-4488-a4d4-8c23974a5725
2023-05-05 09:10:24,563 [pool-123-thread-1] INFO  server.RaftServerConfigKeys (ConfUtils.java:logGet(46)) - raft.server.log.queue.byte-limit = 4294967296 (custom)
2023-05-05 09:10:24,563 [pool-123-thread-1] INFO  server.RaftServerConfigKeys (ConfUtils.java:logGet(46)) - raft.server.log.queue.element-limit = 1024 (custom)
2023-05-05 09:10:24,563 [pool-123-thread-1] INFO  server.RaftServerConfigKeys (ConfUtils.java:logGet(46)) - raft.server.log.segment.size.max = 1048576 (custom)
2023-05-05 09:10:24,563 [pool-123-thread-1] INFO  server.RaftServerConfigKeys (ConfUtils.java:logGet(46)) - raft.server.log.preallocated.size = 16384 (custom)
2023-05-05 09:10:24,563 [pool-123-thread-1] INFO  server.RaftServerConfigKeys (ConfUtils.java:logGet(46)) - raft.server.log.force.sync.num = 128 (default)
2023-05-05 09:10:24,564 [pool-123-thread-1] INFO  server.RaftServerConfigKeys (ConfUtils.java:logGet(46)) - raft.server.log.statemachine.data.sync = true (default)
2023-05-05 09:10:24,564 [pool-123-thread-1] INFO  server.RaftServerConfigKeys (ConfUtils.java:logGet(46)) - raft.server.log.statemachine.data.sync.timeout = 10s (default)
2023-05-05 09:10:24,564 [pool-123-thread-1] INFO  server.RaftServerConfigKeys (ConfUtils.java:logGet(46)) - raft.server.log.statemachine.data.sync.timeout.retry = -1 (default)
2023-05-05 09:10:24,566 [pool-123-thread-1] INFO  server.RaftServerConfigKeys (ConfUtils.java:logGet(46)) - raft.server.log.write.buffer.size = 1048576 (custom)
2023-05-05 09:10:24,566 [pool-123-thread-1] INFO  server.RaftServerConfigKeys (ConfUtils.java:logGet(46)) - raft.server.log.appender.buffer.byte-limit = 33554432 (custom)
2023-05-05 09:10:24,571 [pool-123-thread-1] INFO  server.RaftServerConfigKeys (ConfUtils.java:logGet(46)) - raft.server.log.unsafe-flush.enabled = false (default)
2023-05-05 09:10:24,571 [pool-123-thread-1] INFO  server.RaftServerConfigKeys (ConfUtils.java:logGet(46)) - raft.server.log.async-flush.enabled = false (default)
2023-05-05 09:10:24,571 [pool-123-thread-1] INFO  server.RaftServerConfigKeys (ConfUtils.java:logGet(46)) - raft.server.log.statemachine.data.caching.enabled = true (custom)
2023-05-05 09:10:24,572 [pool-123-thread-1] INFO  segmented.SegmentedRaftLogWorker (SegmentedRaftLogWorker.java:lambda$new$0(135)) - a461b031-87cf-46ec-8015-141f82ba476b@group-8C23974A5725-SegmentedRaftLogWorker: flushIndex: setUnconditionally 0 -> -1
2023-05-05 09:10:24,572 [pool-123-thread-1] INFO  segmented.SegmentedRaftLogWorker (SegmentedRaftLogWorker.java:lambda$new$0(135)) - a461b031-87cf-46ec-8015-141f82ba476b@group-8C23974A5725-SegmentedRaftLogWorker: safeCacheEvictIndex: setUnconditionally 0 -> -1
2023-05-05 09:10:24,572 [pool-123-thread-1] INFO  server.RaftServer$Division (RaftServerImpl.java:start(334)) - a461b031-87cf-46ec-8015-141f82ba476b@group-8C23974A5725: start as a follower, conf=-1: peers:[2cb290fa-4f34-406f-8eca-2b7b4ff38328|rpc:10.1.0.42:33685|dataStream:10.1.0.42:44345|priority:0|startupRole:FOLLOWER, 13da8014-cf59-4ce9-8837-b97ce342a136|rpc:10.1.0.42:33283|dataStream:10.1.0.42:43129|priority:1|startupRole:FOLLOWER, a461b031-87cf-46ec-8015-141f82ba476b|rpc:10.1.0.42:41513|dataStream:10.1.0.42:44165|priority:0|startupRole:FOLLOWER]|listeners:[], old=null
2023-05-05 09:10:24,572 [pool-123-thread-1] INFO  server.RaftServer$Division (RaftServerImpl.java:setRole(321)) - a461b031-87cf-46ec-8015-141f82ba476b@group-8C23974A5725: changes role from      null to FOLLOWER at term 0 for startAsFollower
2023-05-05 09:10:24,572 [pool-123-thread-1] INFO  impl.RoleInfo (RoleInfo.java:updateAndGet(139)) - a461b031-87cf-46ec-8015-141f82ba476b: start a461b031-87cf-46ec-8015-141f82ba476b@group-8C23974A5725-FollowerState
2023-05-05 09:10:24,574 [a461b031-87cf-46ec-8015-141f82ba476b@group-8C23974A5725-FollowerState] INFO  server.RaftServerConfigKeys (ConfUtils.java:logFallback(53)) - raft.server.rpc.first-election.timeout.min = 5s (fallback to raft.server.rpc.timeout.min)
2023-05-05 09:10:24,575 [pool-123-thread-1] INFO  util.JmxRegister (JmxRegister.java:tryRegister(44)) - Successfully registered JMX Bean with object name Ratis:service=RaftServer,group=group-8C23974A5725,id=a461b031-87cf-46ec-8015-141f82ba476b
2023-05-05 09:10:24,575 [a461b031-87cf-46ec-8015-141f82ba476b@group-8C23974A5725-FollowerState] INFO  server.RaftServerConfigKeys (ConfUtils.java:logFallback(53)) - raft.server.rpc.first-election.timeout.max = 5200ms (fallback to raft.server.rpc.timeout.max)
2023-05-05 09:10:24,575 [pool-123-thread-1] INFO  server.RaftServerConfigKeys (ConfUtils.java:logGet(46)) - raft.server.snapshot.auto.trigger.enabled = true (custom)
2023-05-05 09:10:24,575 [pool-123-thread-1] INFO  server.RaftServerConfigKeys (ConfUtils.java:logGet(46)) - raft.server.snapshot.auto.trigger.threshold = 10000 (custom)
2023-05-05 09:10:24,576 [pool-123-thread-1] INFO  server.RaftServerConfigKeys (ConfUtils.java:logGet(46)) - raft.server.snapshot.retention.file.num = 5 (custom)
2023-05-05 09:10:24,576 [pool-123-thread-1] INFO  server.RaftServerConfigKeys (ConfUtils.java:logGet(46)) - raft.server.log.purge.upto.snapshot.index = false (default)
2023-05-05 09:10:24,628 [grpc-default-executor-0] INFO  server.RaftServer (RaftServerProxy.java:addNew(96)) - 2cb290fa-4f34-406f-8eca-2b7b4ff38328: addNew group-8C23974A5725:[2cb290fa-4f34-406f-8eca-2b7b4ff38328|rpc:10.1.0.42:33685|dataStream:10.1.0.42:44345|priority:0|startupRole:FOLLOWER, 13da8014-cf59-4ce9-8837-b97ce342a136|rpc:10.1.0.42:33283|dataStream:10.1.0.42:43129|priority:1|startupRole:FOLLOWER, a461b031-87cf-46ec-8015-141f82ba476b|rpc:10.1.0.42:41513|dataStream:10.1.0.42:44165|priority:0|startupRole:FOLLOWER] returns group-8C23974A5725:java.util.concurrent.CompletableFuture@7c0dea3f[Not completed]
2023-05-05 09:10:24,630 [pool-101-thread-1] INFO  server.RaftServer$Division (RaftServerImpl.java:<init>(195)) - 2cb290fa-4f34-406f-8eca-2b7b4ff38328: new RaftServerImpl for group-8C23974A5725:[2cb290fa-4f34-406f-8eca-2b7b4ff38328|rpc:10.1.0.42:33685|dataStream:10.1.0.42:44345|priority:0|startupRole:FOLLOWER, 13da8014-cf59-4ce9-8837-b97ce342a136|rpc:10.1.0.42:33283|dataStream:10.1.0.42:43129|priority:1|startupRole:FOLLOWER, a461b031-87cf-46ec-8015-141f82ba476b|rpc:10.1.0.42:41513|dataStream:10.1.0.42:44165|priority:0|startupRole:FOLLOWER] with ContainerStateMachine:uninitialized
2023-05-05 09:10:24,630 [pool-101-thread-1] INFO  server.RaftServerConfigKeys (ConfUtils.java:logGet(46)) - raft.server.rpc.timeout.min = 5s (custom)
2023-05-05 09:10:24,630 [pool-101-thread-1] INFO  server.RaftServerConfigKeys (ConfUtils.java:logGet(46)) - raft.server.rpc.timeout.max = 5200ms (custom)
2023-05-05 09:10:24,630 [pool-101-thread-1] INFO  server.RaftServerConfigKeys (ConfUtils.java:logGet(46)) - raft.server.rpc.sleep.time = 25ms (default)
2023-05-05 09:10:24,630 [pool-101-thread-1] INFO  server.RaftServerConfigKeys (ConfUtils.java:logGet(46)) - raft.server.rpc.slowness.timeout = 300s (custom)
2023-05-05 09:10:24,630 [pool-101-thread-1] INFO  server.RaftServerConfigKeys (ConfUtils.java:logGet(46)) - raft.server.leaderelection.leader.step-down.wait-time = 10s (default)
2023-05-05 09:10:24,630 [pool-101-thread-1] INFO  server.RaftServerConfigKeys (ConfUtils.java:logGet(46)) - raft.server.sleep.deviation.threshold = 300ms (default)
2023-05-05 09:10:24,630 [pool-101-thread-1] INFO  server.RaftServer$Division (ServerState.java:<init>(118)) - 2cb290fa-4f34-406f-8eca-2b7b4ff38328@group-8C23974A5725: ConfigurationManager, init=-1: peers:[2cb290fa-4f34-406f-8eca-2b7b4ff38328|rpc:10.1.0.42:33685|dataStream:10.1.0.42:44345|priority:0|startupRole:FOLLOWER, 13da8014-cf59-4ce9-8837-b97ce342a136|rpc:10.1.0.42:33283|dataStream:10.1.0.42:43129|priority:1|startupRole:FOLLOWER, a461b031-87cf-46ec-8015-141f82ba476b|rpc:10.1.0.42:41513|dataStream:10.1.0.42:44165|priority:0|startupRole:FOLLOWER]|listeners:[], old=null, confs=<EMPTY_MAP>
2023-05-05 09:10:24,630 [pool-101-thread-1] INFO  server.RaftServerConfigKeys (ConfUtils.java:logGet(46)) - raft.server.storage.dir = [/home/runner/work/ozone/ozone/hadoop-ozone/integration-test/target/test-dir/MiniOzoneClusterImpl-ed01f5d4-5545-4c64-89b6-17c207d9d767/datanode-1/data/ratis] (custom)
2023-05-05 09:10:24,631 [pool-101-thread-1] INFO  server.RaftServerConfigKeys (ConfUtils.java:logGet(46)) - raft.server.log.corruption.policy = EXCEPTION (default)
2023-05-05 09:10:24,631 [pool-101-thread-1] INFO  server.RaftServerConfigKeys (ConfUtils.java:logGet(46)) - raft.server.storage.free-space.min = 0MB (=0) (default)
2023-05-05 09:10:24,631 [pool-101-thread-1] INFO  server.RaftServerConfigKeys (ConfUtils.java:logGet(46)) - raft.server.notification.no-leader.timeout = 300s (custom)
2023-05-05 09:10:24,631 [pool-101-thread-1] INFO  server.RaftServerConfigKeys (ConfUtils.java:logGet(46)) - raft.server.retrycache.expirytime = 600000ms (custom)
2023-05-05 09:10:24,631 [pool-101-thread-1] INFO  server.RaftServerConfigKeys (ConfUtils.java:logGet(46)) - raft.server.retrycache.statistics.expirytime = 100μs (default)
2023-05-05 09:10:24,632 [pool-101-thread-1] INFO  server.RaftServerConfigKeys (ConfUtils.java:logGet(46)) - raft.server.log.appender.install.snapshot.enabled = false (custom)
2023-05-05 09:10:24,632 [pool-101-thread-1] INFO  server.RaftServerConfigKeys (ConfUtils.java:logGet(46)) - raft.server.threadpool.server.cached = true (default)
2023-05-05 09:10:24,632 [pool-101-thread-1] INFO  server.RaftServerConfigKeys (ConfUtils.java:logGet(46)) - raft.server.threadpool.server.size = 0 (default)
2023-05-05 09:10:24,632 [pool-101-thread-1] INFO  server.RaftServerConfigKeys (ConfUtils.java:logGet(46)) - raft.server.threadpool.client.cached = true (default)
2023-05-05 09:10:24,632 [pool-101-thread-1] INFO  server.RaftServerConfigKeys (ConfUtils.java:logGet(46)) - raft.server.threadpool.client.size = 0 (default)
2023-05-05 09:10:24,632 [pool-101-thread-1] INFO  storage.RaftStorageDirectory (RaftStorageDirectoryImpl.java:analyzeStorage(137)) - The storage directory /home/runner/work/ozone/ozone/hadoop-ozone/integration-test/target/test-dir/MiniOzoneClusterImpl-ed01f5d4-5545-4c64-89b6-17c207d9d767/datanode-1/data/ratis/08e985b8-55ba-4488-a4d4-8c23974a5725 does not exist. Creating ...
2023-05-05 09:10:24,634 [pool-101-thread-1] INFO  storage.RaftStorageDirectory (RaftStorageDirectoryImpl.java:tryLock(231)) - Lock on /home/runner/work/ozone/ozone/hadoop-ozone/integration-test/target/test-dir/MiniOzoneClusterImpl-ed01f5d4-5545-4c64-89b6-17c207d9d767/datanode-1/data/ratis/08e985b8-55ba-4488-a4d4-8c23974a5725/in_use.lock acquired by nodename 7812@fv-az152-207
2023-05-05 09:10:24,635 [pool-101-thread-1] INFO  storage.RaftStorage (RaftStorageImpl.java:format(96)) - Storage directory /home/runner/work/ozone/ozone/hadoop-ozone/integration-test/target/test-dir/MiniOzoneClusterImpl-ed01f5d4-5545-4c64-89b6-17c207d9d767/datanode-1/data/ratis/08e985b8-55ba-4488-a4d4-8c23974a5725 has been successfully formatted.
2023-05-05 09:10:24,635 [pool-101-thread-1] INFO  ratis.ContainerStateMachine (ContainerStateMachine.java:loadSnapshot(262)) - group-8C23974A5725: The snapshot info is null. Setting the last applied indexto:(t:0, i:~)
2023-05-05 09:10:24,635 [pool-101-thread-1] INFO  server.RaftServerConfigKeys (ConfUtils.java:logGet(46)) - raft.server.log.use.memory = false (default)
2023-05-05 09:10:24,635 [pool-101-thread-1] INFO  server.RaftServerConfigKeys (ConfUtils.java:logGet(46)) - raft.server.log.purge.gap = 1000000 (custom)
2023-05-05 09:10:24,635 [pool-101-thread-1] INFO  server.RaftServerConfigKeys (ConfUtils.java:logGet(46)) - raft.server.log.appender.buffer.byte-limit = 33554432 (custom)
2023-05-05 09:10:24,635 [pool-101-thread-1] INFO  server.RaftServerConfigKeys (ConfUtils.java:logGet(46)) - raft.server.log.statemachine.data.read.timeout = 1000ms (default)
2023-05-05 09:10:24,636 [pool-101-thread-1] INFO  server.RaftServerConfigKeys (ConfUtils.java:logGet(46)) - raft.server.log.purge.preservation.log.num = 0 (default)
2023-05-05 09:10:24,636 [pool-101-thread-1] INFO  server.RaftServerConfigKeys (ConfUtils.java:logGet(46)) - raft.server.log.segment.size.max = 1048576 (custom)
2023-05-05 09:10:24,637 [pool-101-thread-1] INFO  server.RaftServerConfigKeys (ConfUtils.java:logGet(46)) - raft.server.log.segment.cache.num.max = 2 (custom)
2023-05-05 09:10:24,637 [pool-101-thread-1] INFO  server.RaftServerConfigKeys (ConfUtils.java:logGet(46)) - raft.server.log.segment.cache.size.max = 200MB (=209715200) (default)
2023-05-05 09:10:24,637 [pool-101-thread-1] INFO  segmented.SegmentedRaftLogWorker (SegmentedRaftLogWorker.java:<init>(189)) - new 2cb290fa-4f34-406f-8eca-2b7b4ff38328@group-8C23974A5725-SegmentedRaftLogWorker for RaftStorageImpl:Storage Directory /home/runner/work/ozone/ozone/hadoop-ozone/integration-test/target/test-dir/MiniOzoneClusterImpl-ed01f5d4-5545-4c64-89b6-17c207d9d767/datanode-1/data/ratis/08e985b8-55ba-4488-a4d4-8c23974a5725
2023-05-05 09:10:24,637 [pool-101-thread-1] INFO  server.RaftServerConfigKeys (ConfUtils.java:logGet(46)) - raft.server.log.queue.byte-limit = 4294967296 (custom)
2023-05-05 09:10:24,637 [pool-101-thread-1] INFO  server.RaftServerConfigKeys (ConfUtils.java:logGet(46)) - raft.server.log.queue.element-limit = 1024 (custom)
2023-05-05 09:10:24,637 [pool-101-thread-1] INFO  server.RaftServerConfigKeys (ConfUtils.java:logGet(46)) - raft.server.log.segment.size.max = 1048576 (custom)
2023-05-05 09:10:24,637 [pool-101-thread-1] INFO  server.RaftServerConfigKeys (ConfUtils.java:logGet(46)) - raft.server.log.preallocated.size = 16384 (custom)
2023-05-05 09:10:24,637 [pool-101-thread-1] INFO  server.RaftServerConfigKeys (ConfUtils.java:logGet(46)) - raft.server.log.force.sync.num = 128 (default)
2023-05-05 09:10:24,637 [pool-101-thread-1] INFO  server.RaftServerConfigKeys (ConfUtils.java:logGet(46)) - raft.server.log.statemachine.data.sync = true (default)
2023-05-05 09:10:24,637 [pool-101-thread-1] INFO  server.RaftServerConfigKeys (ConfUtils.java:logGet(46)) - raft.server.log.statemachine.data.sync.timeout = 10s (default)
2023-05-05 09:10:24,637 [pool-101-thread-1] INFO  server.RaftServerConfigKeys (ConfUtils.java:logGet(46)) - raft.server.log.statemachine.data.sync.timeout.retry = -1 (default)
2023-05-05 09:10:24,638 [pool-101-thread-1] INFO  server.RaftServerConfigKeys (ConfUtils.java:logGet(46)) - raft.server.log.write.buffer.size = 1048576 (custom)
2023-05-05 09:10:24,639 [pool-101-thread-1] INFO  server.RaftServerConfigKeys (ConfUtils.java:logGet(46)) - raft.server.log.appender.buffer.byte-limit = 33554432 (custom)
2023-05-05 09:10:24,644 [pool-101-thread-1] INFO  server.RaftServerConfigKeys (ConfUtils.java:logGet(46)) - raft.server.log.unsafe-flush.enabled = false (default)
2023-05-05 09:10:24,644 [pool-101-thread-1] INFO  server.RaftServerConfigKeys (ConfUtils.java:logGet(46)) - raft.server.log.async-flush.enabled = false (default)
2023-05-05 09:10:24,644 [pool-101-thread-1] INFO  server.RaftServerConfigKeys (ConfUtils.java:logGet(46)) - raft.server.log.statemachine.data.caching.enabled = true (custom)
2023-05-05 09:10:24,644 [pool-101-thread-1] INFO  segmented.SegmentedRaftLogWorker (SegmentedRaftLogWorker.java:lambda$new$0(135)) - 2cb290fa-4f34-406f-8eca-2b7b4ff38328@group-8C23974A5725-SegmentedRaftLogWorker: flushIndex: setUnconditionally 0 -> -1
2023-05-05 09:10:24,644 [pool-101-thread-1] INFO  segmented.SegmentedRaftLogWorker (SegmentedRaftLogWorker.java:lambda$new$0(135)) - 2cb290fa-4f34-406f-8eca-2b7b4ff38328@group-8C23974A5725-SegmentedRaftLogWorker: safeCacheEvictIndex: setUnconditionally 0 -> -1
2023-05-05 09:10:24,644 [pool-101-thread-1] INFO  server.RaftServer$Division (RaftServerImpl.java:start(334)) - 2cb290fa-4f34-406f-8eca-2b7b4ff38328@group-8C23974A5725: start as a follower, conf=-1: peers:[2cb290fa-4f34-406f-8eca-2b7b4ff38328|rpc:10.1.0.42:33685|dataStream:10.1.0.42:44345|priority:0|startupRole:FOLLOWER, 13da8014-cf59-4ce9-8837-b97ce342a136|rpc:10.1.0.42:33283|dataStream:10.1.0.42:43129|priority:1|startupRole:FOLLOWER, a461b031-87cf-46ec-8015-141f82ba476b|rpc:10.1.0.42:41513|dataStream:10.1.0.42:44165|priority:0|startupRole:FOLLOWER]|listeners:[], old=null
2023-05-05 09:10:24,645 [pool-101-thread-1] INFO  server.RaftServer$Division (RaftServerImpl.java:setRole(321)) - 2cb290fa-4f34-406f-8eca-2b7b4ff38328@group-8C23974A5725: changes role from      null to FOLLOWER at term 0 for startAsFollower
2023-05-05 09:10:24,645 [pool-101-thread-1] INFO  impl.RoleInfo (RoleInfo.java:updateAndGet(139)) - 2cb290fa-4f34-406f-8eca-2b7b4ff38328: start 2cb290fa-4f34-406f-8eca-2b7b4ff38328@group-8C23974A5725-FollowerState
2023-05-05 09:10:24,657 [Command processor thread] INFO  server.RaftServer (RaftServerProxy.java:addNew(96)) - 2cb290fa-4f34-406f-8eca-2b7b4ff38328: addNew group-56D6E17D1EA1:[2cb290fa-4f34-406f-8eca-2b7b4ff38328|rpc:10.1.0.42:33685|dataStream:10.1.0.42:44345|priority:1|startupRole:FOLLOWER] returns group-56D6E17D1EA1:java.util.concurrent.CompletableFuture@9570df9[Not completed]
2023-05-05 09:10:24,661 [pool-101-thread-1] INFO  util.JmxRegister (JmxRegister.java:tryRegister(44)) - Successfully registered JMX Bean with object name Ratis:service=RaftServer,group=group-8C23974A5725,id=2cb290fa-4f34-406f-8eca-2b7b4ff38328
2023-05-05 09:10:24,661 [pool-101-thread-1] INFO  server.RaftServerConfigKeys (ConfUtils.java:logGet(46)) - raft.server.snapshot.auto.trigger.enabled = true (custom)
2023-05-05 09:10:24,661 [pool-101-thread-1] INFO  server.RaftServerConfigKeys (ConfUtils.java:logGet(46)) - raft.server.snapshot.auto.trigger.threshold = 10000 (custom)
2023-05-05 09:10:24,661 [pool-101-thread-1] INFO  server.RaftServerConfigKeys (ConfUtils.java:logGet(46)) - raft.server.snapshot.retention.file.num = 5 (custom)
2023-05-05 09:10:24,661 [pool-101-thread-1] INFO  server.RaftServerConfigKeys (ConfUtils.java:logGet(46)) - raft.server.log.purge.upto.snapshot.index = false (default)
2023-05-05 09:10:24,662 [2cb290fa-4f34-406f-8eca-2b7b4ff38328@group-8C23974A5725-FollowerState] INFO  server.RaftServerConfigKeys (ConfUtils.java:logFallback(53)) - raft.server.rpc.first-election.timeout.min = 5s (fallback to raft.server.rpc.timeout.min)
2023-05-05 09:10:24,662 [2cb290fa-4f34-406f-8eca-2b7b4ff38328@group-8C23974A5725-FollowerState] INFO  server.RaftServerConfigKeys (ConfUtils.java:logFallback(53)) - raft.server.rpc.first-election.timeout.max = 5200ms (fallback to raft.server.rpc.timeout.max)
2023-05-05 09:10:24,665 [pool-101-thread-1] INFO  server.RaftServer$Division (RaftServerImpl.java:<init>(195)) - 2cb290fa-4f34-406f-8eca-2b7b4ff38328: new RaftServerImpl for group-56D6E17D1EA1:[2cb290fa-4f34-406f-8eca-2b7b4ff38328|rpc:10.1.0.42:33685|dataStream:10.1.0.42:44345|priority:1|startupRole:FOLLOWER] with ContainerStateMachine:uninitialized
2023-05-05 09:10:24,665 [pool-101-thread-1] INFO  server.RaftServerConfigKeys (ConfUtils.java:logGet(46)) - raft.server.rpc.timeout.min = 5s (custom)
2023-05-05 09:10:24,665 [pool-101-thread-1] INFO  server.RaftServerConfigKeys (ConfUtils.java:logGet(46)) - raft.server.rpc.timeout.max = 5200ms (custom)
2023-05-05 09:10:24,665 [pool-101-thread-1] INFO  server.RaftServerConfigKeys (ConfUtils.java:logGet(46)) - raft.server.rpc.sleep.time = 25ms (default)
2023-05-05 09:10:24,666 [pool-101-thread-1] INFO  server.RaftServerConfigKeys (ConfUtils.java:logGet(46)) - raft.server.rpc.slowness.timeout = 300s (custom)
2023-05-05 09:10:24,666 [pool-101-thread-1] INFO  server.RaftServerConfigKeys (ConfUtils.java:logGet(46)) - raft.server.leaderelection.leader.step-down.wait-time = 10s (default)
2023-05-05 09:10:24,666 [pool-101-thread-1] INFO  server.RaftServerConfigKeys (ConfUtils.java:logGet(46)) - raft.server.sleep.deviation.threshold = 300ms (default)
2023-05-05 09:10:24,666 [pool-101-thread-1] INFO  server.RaftServer$Division (ServerState.java:<init>(118)) - 2cb290fa-4f34-406f-8eca-2b7b4ff38328@group-56D6E17D1EA1: ConfigurationManager, init=-1: peers:[2cb290fa-4f34-406f-8eca-2b7b4ff38328|rpc:10.1.0.42:33685|dataStream:10.1.0.42:44345|priority:1|startupRole:FOLLOWER]|listeners:[], old=null, confs=<EMPTY_MAP>
2023-05-05 09:10:24,666 [pool-101-thread-1] INFO  server.RaftServerConfigKeys (ConfUtils.java:logGet(46)) - raft.server.storage.dir = [/home/runner/work/ozone/ozone/hadoop-ozone/integration-test/target/test-dir/MiniOzoneClusterImpl-ed01f5d4-5545-4c64-89b6-17c207d9d767/datanode-1/data/ratis] (custom)
2023-05-05 09:10:24,666 [pool-101-thread-1] INFO  server.RaftServerConfigKeys (ConfUtils.java:logGet(46)) - raft.server.log.corruption.policy = EXCEPTION (default)
2023-05-05 09:10:24,666 [pool-101-thread-1] INFO  server.RaftServerConfigKeys (ConfUtils.java:logGet(46)) - raft.server.storage.free-space.min = 0MB (=0) (default)
2023-05-05 09:10:24,666 [pool-101-thread-1] INFO  server.RaftServerConfigKeys (ConfUtils.java:logGet(46)) - raft.server.notification.no-leader.timeout = 300s (custom)
2023-05-05 09:10:24,666 [pool-101-thread-1] INFO  server.RaftServerConfigKeys (ConfUtils.java:logGet(46)) - raft.server.retrycache.expirytime = 600000ms (custom)
2023-05-05 09:10:24,666 [pool-101-thread-1] INFO  server.RaftServerConfigKeys (ConfUtils.java:logGet(46)) - raft.server.retrycache.statistics.expirytime = 100μs (default)
2023-05-05 09:10:24,667 [pool-101-thread-1] INFO  server.RaftServerConfigKeys (ConfUtils.java:logGet(46)) - raft.server.log.appender.install.snapshot.enabled = false (custom)
2023-05-05 09:10:24,667 [pool-101-thread-1] INFO  server.RaftServerConfigKeys (ConfUtils.java:logGet(46)) - raft.server.threadpool.server.cached = true (default)
2023-05-05 09:10:24,667 [pool-101-thread-1] INFO  server.RaftServerConfigKeys (ConfUtils.java:logGet(46)) - raft.server.threadpool.server.size = 0 (default)
2023-05-05 09:10:24,667 [pool-101-thread-1] INFO  server.RaftServerConfigKeys (ConfUtils.java:logGet(46)) - raft.server.threadpool.client.cached = true (default)
2023-05-05 09:10:24,668 [pool-101-thread-1] INFO  server.RaftServerConfigKeys (ConfUtils.java:logGet(46)) - raft.server.threadpool.client.size = 0 (default)
2023-05-05 09:10:24,668 [pool-101-thread-1] INFO  storage.RaftStorageDirectory (RaftStorageDirectoryImpl.java:analyzeStorage(137)) - The storage directory /home/runner/work/ozone/ozone/hadoop-ozone/integration-test/target/test-dir/MiniOzoneClusterImpl-ed01f5d4-5545-4c64-89b6-17c207d9d767/datanode-1/data/ratis/b7c58ef7-c0eb-4d20-82f1-56d6e17d1ea1 does not exist. Creating ...
2023-05-05 09:10:24,672 [pool-101-thread-1] INFO  storage.RaftStorageDirectory (RaftStorageDirectoryImpl.java:tryLock(231)) - Lock on /home/runner/work/ozone/ozone/hadoop-ozone/integration-test/target/test-dir/MiniOzoneClusterImpl-ed01f5d4-5545-4c64-89b6-17c207d9d767/datanode-1/data/ratis/b7c58ef7-c0eb-4d20-82f1-56d6e17d1ea1/in_use.lock acquired by nodename 7812@fv-az152-207
2023-05-05 09:10:24,674 [pool-101-thread-1] INFO  storage.RaftStorage (RaftStorageImpl.java:format(96)) - Storage directory /home/runner/work/ozone/ozone/hadoop-ozone/integration-test/target/test-dir/MiniOzoneClusterImpl-ed01f5d4-5545-4c64-89b6-17c207d9d767/datanode-1/data/ratis/b7c58ef7-c0eb-4d20-82f1-56d6e17d1ea1 has been successfully formatted.
2023-05-05 09:10:24,675 [pool-101-thread-1] INFO  ratis.ContainerStateMachine (ContainerStateMachine.java:loadSnapshot(262)) - group-56D6E17D1EA1: The snapshot info is null. Setting the last applied indexto:(t:0, i:~)
2023-05-05 09:10:24,675 [pool-101-thread-1] INFO  server.RaftServerConfigKeys (ConfUtils.java:logGet(46)) - raft.server.log.use.memory = false (default)
2023-05-05 09:10:24,676 [pool-101-thread-1] INFO  server.RaftServerConfigKeys (ConfUtils.java:logGet(46)) - raft.server.log.purge.gap = 1000000 (custom)
2023-05-05 09:10:24,676 [pool-101-thread-1] INFO  server.RaftServerConfigKeys (ConfUtils.java:logGet(46)) - raft.server.log.appender.buffer.byte-limit = 33554432 (custom)
2023-05-05 09:10:24,676 [EventQueue-PipelineReportForPipelineReportHandler] INFO  pipeline.PipelineManagerImpl (PipelineManagerImpl.java:openPipeline(367)) - Pipeline Pipeline[ Id: b7c58ef7-c0eb-4d20-82f1-56d6e17d1ea1, Nodes: 2cb290fa-4f34-406f-8eca-2b7b4ff38328(fv-az152-207.qln5d00okglujjccfnhxhxodph.cx.internal.cloudapp.net/10.1.0.42), ReplicationConfig: RATIS/ONE, State:ALLOCATED, leaderId:2cb290fa-4f34-406f-8eca-2b7b4ff38328, CreationTimestamp2023-05-05T09:10:21.656Z[Etc/UTC]] moved to OPEN state
2023-05-05 09:10:24,677 [pool-101-thread-1] INFO  server.RaftServerConfigKeys (ConfUtils.java:logGet(46)) - raft.server.log.statemachine.data.read.timeout = 1000ms (default)
2023-05-05 09:10:24,677 [pool-101-thread-1] INFO  server.RaftServerConfigKeys (ConfUtils.java:logGet(46)) - raft.server.log.purge.preservation.log.num = 0 (default)
2023-05-05 09:10:24,677 [pool-101-thread-1] INFO  server.RaftServerConfigKeys (ConfUtils.java:logGet(46)) - raft.server.log.segment.size.max = 1048576 (custom)
2023-05-05 09:10:24,678 [EventQueue-OpenPipelineForHealthyPipelineSafeModeRule] INFO  safemode.SCMSafeModeManager (HealthyPipelineSafeModeRule.java:process(137)) - SCM in safe mode. Healthy pipelines reported count is 0, required healthy pipeline reported count is 1
2023-05-05 09:10:24,679 [pool-101-thread-1] INFO  server.RaftServerConfigKeys (ConfUtils.java:logGet(46)) - raft.server.log.segment.cache.num.max = 2 (custom)
2023-05-05 09:10:24,679 [pool-101-thread-1] INFO  server.RaftServerConfigKeys (ConfUtils.java:logGet(46)) - raft.server.log.segment.cache.size.max = 200MB (=209715200) (default)
2023-05-05 09:10:24,679 [pool-101-thread-1] INFO  segmented.SegmentedRaftLogWorker (SegmentedRaftLogWorker.java:<init>(189)) - new 2cb290fa-4f34-406f-8eca-2b7b4ff38328@group-56D6E17D1EA1-SegmentedRaftLogWorker for RaftStorageImpl:Storage Directory /home/runner/work/ozone/ozone/hadoop-ozone/integration-test/target/test-dir/MiniOzoneClusterImpl-ed01f5d4-5545-4c64-89b6-17c207d9d767/datanode-1/data/ratis/b7c58ef7-c0eb-4d20-82f1-56d6e17d1ea1
2023-05-05 09:10:24,679 [pool-101-thread-1] INFO  server.RaftServerConfigKeys (ConfUtils.java:logGet(46)) - raft.server.log.queue.byte-limit = 4294967296 (custom)
2023-05-05 09:10:24,679 [pool-101-thread-1] INFO  server.RaftServerConfigKeys (ConfUtils.java:logGet(46)) - raft.server.log.queue.element-limit = 1024 (custom)
2023-05-05 09:10:24,680 [pool-101-thread-1] INFO  server.RaftServerConfigKeys (ConfUtils.java:logGet(46)) - raft.server.log.segment.size.max = 1048576 (custom)
2023-05-05 09:10:24,680 [pool-101-thread-1] INFO  server.RaftServerConfigKeys (ConfUtils.java:logGet(46)) - raft.server.log.preallocated.size = 16384 (custom)
2023-05-05 09:10:24,680 [pool-101-thread-1] INFO  server.RaftServerConfigKeys (ConfUtils.java:logGet(46)) - raft.server.log.force.sync.num = 128 (default)
2023-05-05 09:10:24,680 [pool-101-thread-1] INFO  server.RaftServerConfigKeys (ConfUtils.java:logGet(46)) - raft.server.log.statemachine.data.sync = true (default)
2023-05-05 09:10:24,680 [pool-101-thread-1] INFO  server.RaftServerConfigKeys (ConfUtils.java:logGet(46)) - raft.server.log.statemachine.data.sync.timeout = 10s (default)
2023-05-05 09:10:24,680 [pool-101-thread-1] INFO  server.RaftServerConfigKeys (ConfUtils.java:logGet(46)) - raft.server.log.statemachine.data.sync.timeout.retry = -1 (default)
2023-05-05 09:10:24,684 [Command processor thread] INFO  commandhandler.CreatePipelineCommandHandler (CreatePipelineCommandHandler.java:handle(113)) - Created Pipeline RATIS THREE PipelineID=08e985b8-55ba-4488-a4d4-8c23974a5725.
2023-05-05 09:10:24,685 [Command processor thread] INFO  server.RaftServer (RaftServerProxy.java:addNew(96)) - 13da8014-cf59-4ce9-8837-b97ce342a136: addNew group-904BAB61A37C:[2cb290fa-4f34-406f-8eca-2b7b4ff38328|rpc:10.1.0.42:33685|dataStream:10.1.0.42:44345|priority:0|startupRole:FOLLOWER, 13da8014-cf59-4ce9-8837-b97ce342a136|rpc:10.1.0.42:33283|dataStream:10.1.0.42:43129|priority:0|startupRole:FOLLOWER, a461b031-87cf-46ec-8015-141f82ba476b|rpc:10.1.0.42:41513|dataStream:10.1.0.42:44165|priority:1|startupRole:FOLLOWER] returns group-904BAB61A37C:java.util.concurrent.CompletableFuture@62950b03[Not completed]
2023-05-05 09:10:24,686 [pool-79-thread-1] INFO  server.RaftServer$Division (RaftServerImpl.java:<init>(195)) - 13da8014-cf59-4ce9-8837-b97ce342a136: new RaftServerImpl for group-904BAB61A37C:[2cb290fa-4f34-406f-8eca-2b7b4ff38328|rpc:10.1.0.42:33685|dataStream:10.1.0.42:44345|priority:0|startupRole:FOLLOWER, 13da8014-cf59-4ce9-8837-b97ce342a136|rpc:10.1.0.42:33283|dataStream:10.1.0.42:43129|priority:0|startupRole:FOLLOWER, a461b031-87cf-46ec-8015-141f82ba476b|rpc:10.1.0.42:41513|dataStream:10.1.0.42:44165|priority:1|startupRole:FOLLOWER] with ContainerStateMachine:uninitialized
2023-05-05 09:10:24,686 [pool-79-thread-1] INFO  server.RaftServerConfigKeys (ConfUtils.java:logGet(46)) - raft.server.rpc.timeout.min = 5s (custom)
2023-05-05 09:10:24,686 [pool-101-thread-1] INFO  server.RaftServerConfigKeys (ConfUtils.java:logGet(46)) - raft.server.log.write.buffer.size = 1048576 (custom)
2023-05-05 09:10:24,686 [pool-79-thread-1] INFO  server.RaftServerConfigKeys (ConfUtils.java:logGet(46)) - raft.server.rpc.timeout.max = 5200ms (custom)
2023-05-05 09:10:24,687 [pool-79-thread-1] INFO  server.RaftServerConfigKeys (ConfUtils.java:logGet(46)) - raft.server.rpc.sleep.time = 25ms (default)
2023-05-05 09:10:24,687 [pool-79-thread-1] INFO  server.RaftServerConfigKeys (ConfUtils.java:logGet(46)) - raft.server.rpc.slowness.timeout = 300s (custom)
2023-05-05 09:10:24,687 [pool-79-thread-1] INFO  server.RaftServerConfigKeys (ConfUtils.java:logGet(46)) - raft.server.leaderelection.leader.step-down.wait-time = 10s (default)
2023-05-05 09:10:24,687 [pool-79-thread-1] INFO  server.RaftServerConfigKeys (ConfUtils.java:logGet(46)) - raft.server.sleep.deviation.threshold = 300ms (default)
2023-05-05 09:10:24,687 [pool-79-thread-1] INFO  server.RaftServer$Division (ServerState.java:<init>(118)) - 13da8014-cf59-4ce9-8837-b97ce342a136@group-904BAB61A37C: ConfigurationManager, init=-1: peers:[2cb290fa-4f34-406f-8eca-2b7b4ff38328|rpc:10.1.0.42:33685|dataStream:10.1.0.42:44345|priority:0|startupRole:FOLLOWER, 13da8014-cf59-4ce9-8837-b97ce342a136|rpc:10.1.0.42:33283|dataStream:10.1.0.42:43129|priority:0|startupRole:FOLLOWER, a461b031-87cf-46ec-8015-141f82ba476b|rpc:10.1.0.42:41513|dataStream:10.1.0.42:44165|priority:1|startupRole:FOLLOWER]|listeners:[], old=null, confs=<EMPTY_MAP>
2023-05-05 09:10:24,688 [pool-79-thread-1] INFO  server.RaftServerConfigKeys (ConfUtils.java:logGet(46)) - raft.server.storage.dir = [/home/runner/work/ozone/ozone/hadoop-ozone/integration-test/target/test-dir/MiniOzoneClusterImpl-ed01f5d4-5545-4c64-89b6-17c207d9d767/datanode-0/data/ratis] (custom)
2023-05-05 09:10:24,688 [pool-79-thread-1] INFO  server.RaftServerConfigKeys (ConfUtils.java:logGet(46)) - raft.server.log.corruption.policy = EXCEPTION (default)
2023-05-05 09:10:24,688 [pool-79-thread-1] INFO  server.RaftServerConfigKeys (ConfUtils.java:logGet(46)) - raft.server.storage.free-space.min = 0MB (=0) (default)
2023-05-05 09:10:24,688 [pool-79-thread-1] INFO  server.RaftServerConfigKeys (ConfUtils.java:logGet(46)) - raft.server.notification.no-leader.timeout = 300s (custom)
2023-05-05 09:10:24,688 [pool-79-thread-1] INFO  server.RaftServerConfigKeys (ConfUtils.java:logGet(46)) - raft.server.retrycache.expirytime = 600000ms (custom)
2023-05-05 09:10:24,688 [pool-79-thread-1] INFO  server.RaftServerConfigKeys (ConfUtils.java:logGet(46)) - raft.server.retrycache.statistics.expirytime = 100μs (default)
2023-05-05 09:10:24,689 [pool-101-thread-1] INFO  server.RaftServerConfigKeys (ConfUtils.java:logGet(46)) - raft.server.log.appender.buffer.byte-limit = 33554432 (custom)
2023-05-05 09:10:24,690 [pool-79-thread-1] INFO  server.RaftServerConfigKeys (ConfUtils.java:logGet(46)) - raft.server.log.appender.install.snapshot.enabled = false (custom)
2023-05-05 09:10:24,690 [pool-79-thread-1] INFO  server.RaftServerConfigKeys (ConfUtils.java:logGet(46)) - raft.server.threadpool.server.cached = true (default)
2023-05-05 09:10:24,690 [pool-79-thread-1] INFO  server.RaftServerConfigKeys (ConfUtils.java:logGet(46)) - raft.server.threadpool.server.size = 0 (default)
2023-05-05 09:10:24,690 [pool-79-thread-1] INFO  server.RaftServerConfigKeys (ConfUtils.java:logGet(46)) - raft.server.threadpool.client.cached = true (default)
2023-05-05 09:10:24,690 [pool-79-thread-1] INFO  server.RaftServerConfigKeys (ConfUtils.java:logGet(46)) - raft.server.threadpool.client.size = 0 (default)
2023-05-05 09:10:24,691 [pool-79-thread-1] INFO  storage.RaftStorageDirectory (RaftStorageDirectoryImpl.java:analyzeStorage(137)) - The storage directory /home/runner/work/ozone/ozone/hadoop-ozone/integration-test/target/test-dir/MiniOzoneClusterImpl-ed01f5d4-5545-4c64-89b6-17c207d9d767/datanode-0/data/ratis/41b28b5b-d76b-49b3-8b21-904bab61a37c does not exist. Creating ...
2023-05-05 09:10:24,692 [pool-79-thread-1] INFO  storage.RaftStorageDirectory (RaftStorageDirectoryImpl.java:tryLock(231)) - Lock on /home/runner/work/ozone/ozone/hadoop-ozone/integration-test/target/test-dir/MiniOzoneClusterImpl-ed01f5d4-5545-4c64-89b6-17c207d9d767/datanode-0/data/ratis/41b28b5b-d76b-49b3-8b21-904bab61a37c/in_use.lock acquired by nodename 7812@fv-az152-207
2023-05-05 09:10:24,693 [pool-79-thread-1] INFO  storage.RaftStorage (RaftStorageImpl.java:format(96)) - Storage directory /home/runner/work/ozone/ozone/hadoop-ozone/integration-test/target/test-dir/MiniOzoneClusterImpl-ed01f5d4-5545-4c64-89b6-17c207d9d767/datanode-0/data/ratis/41b28b5b-d76b-49b3-8b21-904bab61a37c has been successfully formatted.
2023-05-05 09:10:24,694 [pool-79-thread-1] INFO  ratis.ContainerStateMachine (ContainerStateMachine.java:loadSnapshot(262)) - group-904BAB61A37C: The snapshot info is null. Setting the last applied indexto:(t:0, i:~)
2023-05-05 09:10:24,694 [pool-79-thread-1] INFO  server.RaftServerConfigKeys (ConfUtils.java:logGet(46)) - raft.server.log.use.memory = false (default)
2023-05-05 09:10:24,694 [pool-79-thread-1] INFO  server.RaftServerConfigKeys (ConfUtils.java:logGet(46)) - raft.server.log.purge.gap = 1000000 (custom)
2023-05-05 09:10:24,694 [pool-79-thread-1] INFO  server.RaftServerConfigKeys (ConfUtils.java:logGet(46)) - raft.server.log.appender.buffer.byte-limit = 33554432 (custom)
2023-05-05 09:10:24,695 [pool-79-thread-1] INFO  server.RaftServerConfigKeys (ConfUtils.java:logGet(46)) - raft.server.log.statemachine.data.read.timeout = 1000ms (default)
2023-05-05 09:10:24,695 [pool-79-thread-1] INFO  server.RaftServerConfigKeys (ConfUtils.java:logGet(46)) - raft.server.log.purge.preservation.log.num = 0 (default)
2023-05-05 09:10:24,695 [EventQueue-OpenPipelineForHealthyPipelineSafeModeRule] INFO  safemode.SCMSafeModeManager (HealthyPipelineSafeModeRule.java:process(137)) - SCM in safe mode. Healthy pipelines reported count is 0, required healthy pipeline reported count is 1
2023-05-05 09:10:24,696 [pool-79-thread-1] INFO  server.RaftServerConfigKeys (ConfUtils.java:logGet(46)) - raft.server.log.segment.size.max = 1048576 (custom)
2023-05-05 09:10:24,696 [pool-79-thread-1] INFO  server.RaftServerConfigKeys (ConfUtils.java:logGet(46)) - raft.server.log.segment.cache.num.max = 2 (custom)
2023-05-05 09:10:24,696 [pool-79-thread-1] INFO  server.RaftServerConfigKeys (ConfUtils.java:logGet(46)) - raft.server.log.segment.cache.size.max = 200MB (=209715200) (default)
2023-05-05 09:10:24,696 [pool-79-thread-1] INFO  segmented.SegmentedRaftLogWorker (SegmentedRaftLogWorker.java:<init>(189)) - new 13da8014-cf59-4ce9-8837-b97ce342a136@group-904BAB61A37C-SegmentedRaftLogWorker for RaftStorageImpl:Storage Directory /home/runner/work/ozone/ozone/hadoop-ozone/integration-test/target/test-dir/MiniOzoneClusterImpl-ed01f5d4-5545-4c64-89b6-17c207d9d767/datanode-0/data/ratis/41b28b5b-d76b-49b3-8b21-904bab61a37c
2023-05-05 09:10:24,696 [pool-79-thread-1] INFO  server.RaftServerConfigKeys (ConfUtils.java:logGet(46)) - raft.server.log.queue.byte-limit = 4294967296 (custom)
2023-05-05 09:10:24,696 [pool-79-thread-1] INFO  server.RaftServerConfigKeys (ConfUtils.java:logGet(46)) - raft.server.log.queue.element-limit = 1024 (custom)
2023-05-05 09:10:24,696 [pool-79-thread-1] INFO  server.RaftServerConfigKeys (ConfUtils.java:logGet(46)) - raft.server.log.segment.size.max = 1048576 (custom)
2023-05-05 09:10:24,697 [pool-79-thread-1] INFO  server.RaftServerConfigKeys (ConfUtils.java:logGet(46)) - raft.server.log.preallocated.size = 16384 (custom)
2023-05-05 09:10:24,697 [pool-79-thread-1] INFO  server.RaftServerConfigKeys (ConfUtils.java:logGet(46)) - raft.server.log.force.sync.num = 128 (default)
2023-05-05 09:10:24,697 [pool-79-thread-1] INFO  server.RaftServerConfigKeys (ConfUtils.java:logGet(46)) - raft.server.log.statemachine.data.sync = true (default)
2023-05-05 09:10:24,697 [pool-79-thread-1] INFO  server.RaftServerConfigKeys (ConfUtils.java:logGet(46)) - raft.server.log.statemachine.data.sync.timeout = 10s (default)
2023-05-05 09:10:24,697 [pool-79-thread-1] INFO  server.RaftServerConfigKeys (ConfUtils.java:logGet(46)) - raft.server.log.statemachine.data.sync.timeout.retry = -1 (default)
2023-05-05 09:10:24,697 [pool-79-thread-1] INFO  server.RaftServerConfigKeys (ConfUtils.java:logGet(46)) - raft.server.log.write.buffer.size = 1048576 (custom)
2023-05-05 09:10:24,698 [pool-79-thread-1] INFO  server.RaftServerConfigKeys (ConfUtils.java:logGet(46)) - raft.server.log.appender.buffer.byte-limit = 33554432 (custom)
2023-05-05 09:10:24,705 [pool-101-thread-1] INFO  server.RaftServerConfigKeys (ConfUtils.java:logGet(46)) - raft.server.log.unsafe-flush.enabled = false (default)
2023-05-05 09:10:24,705 [pool-101-thread-1] INFO  server.RaftServerConfigKeys (ConfUtils.java:logGet(46)) - raft.server.log.async-flush.enabled = false (default)
2023-05-05 09:10:24,705 [pool-101-thread-1] INFO  server.RaftServerConfigKeys (ConfUtils.java:logGet(46)) - raft.server.log.statemachine.data.caching.enabled = true (custom)
2023-05-05 09:10:24,705 [pool-101-thread-1] INFO  segmented.SegmentedRaftLogWorker (SegmentedRaftLogWorker.java:lambda$new$0(135)) - 2cb290fa-4f34-406f-8eca-2b7b4ff38328@group-56D6E17D1EA1-SegmentedRaftLogWorker: flushIndex: setUnconditionally 0 -> -1
2023-05-05 09:10:24,705 [pool-101-thread-1] INFO  segmented.SegmentedRaftLogWorker (SegmentedRaftLogWorker.java:lambda$new$0(135)) - 2cb290fa-4f34-406f-8eca-2b7b4ff38328@group-56D6E17D1EA1-SegmentedRaftLogWorker: safeCacheEvictIndex: setUnconditionally 0 -> -1
2023-05-05 09:10:24,707 [pool-79-thread-1] INFO  server.RaftServerConfigKeys (ConfUtils.java:logGet(46)) - raft.server.log.unsafe-flush.enabled = false (default)
2023-05-05 09:10:24,707 [pool-79-thread-1] INFO  server.RaftServerConfigKeys (ConfUtils.java:logGet(46)) - raft.server.log.async-flush.enabled = false (default)
2023-05-05 09:10:24,708 [pool-79-thread-1] INFO  server.RaftServerConfigKeys (ConfUtils.java:logGet(46)) - raft.server.log.statemachine.data.caching.enabled = true (custom)
2023-05-05 09:10:24,708 [pool-79-thread-1] INFO  segmented.SegmentedRaftLogWorker (SegmentedRaftLogWorker.java:lambda$new$0(135)) - 13da8014-cf59-4ce9-8837-b97ce342a136@group-904BAB61A37C-SegmentedRaftLogWorker: flushIndex: setUnconditionally 0 -> -1
2023-05-05 09:10:24,708 [pool-79-thread-1] INFO  segmented.SegmentedRaftLogWorker (SegmentedRaftLogWorker.java:lambda$new$0(135)) - 13da8014-cf59-4ce9-8837-b97ce342a136@group-904BAB61A37C-SegmentedRaftLogWorker: safeCacheEvictIndex: setUnconditionally 0 -> -1
2023-05-05 09:10:24,708 [pool-101-thread-1] INFO  server.RaftServer$Division (RaftServerImpl.java:start(334)) - 2cb290fa-4f34-406f-8eca-2b7b4ff38328@group-56D6E17D1EA1: start as a follower, conf=-1: peers:[2cb290fa-4f34-406f-8eca-2b7b4ff38328|rpc:10.1.0.42:33685|dataStream:10.1.0.42:44345|priority:1|startupRole:FOLLOWER]|listeners:[], old=null
2023-05-05 09:10:24,708 [pool-101-thread-1] INFO  server.RaftServer$Division (RaftServerImpl.java:setRole(321)) - 2cb290fa-4f34-406f-8eca-2b7b4ff38328@group-56D6E17D1EA1: changes role from      null to FOLLOWER at term 0 for startAsFollower
2023-05-05 09:10:24,708 [pool-101-thread-1] INFO  impl.RoleInfo (RoleInfo.java:updateAndGet(139)) - 2cb290fa-4f34-406f-8eca-2b7b4ff38328: start 2cb290fa-4f34-406f-8eca-2b7b4ff38328@group-56D6E17D1EA1-FollowerState
2023-05-05 09:10:24,709 [pool-101-thread-1] INFO  util.JmxRegister (JmxRegister.java:tryRegister(44)) - Successfully registered JMX Bean with object name Ratis:service=RaftServer,group=group-56D6E17D1EA1,id=2cb290fa-4f34-406f-8eca-2b7b4ff38328
2023-05-05 09:10:24,709 [pool-101-thread-1] INFO  server.RaftServerConfigKeys (ConfUtils.java:logGet(46)) - raft.server.snapshot.auto.trigger.enabled = true (custom)
2023-05-05 09:10:24,709 [pool-101-thread-1] INFO  server.RaftServerConfigKeys (ConfUtils.java:logGet(46)) - raft.server.snapshot.auto.trigger.threshold = 10000 (custom)
2023-05-05 09:10:24,709 [pool-101-thread-1] INFO  server.RaftServerConfigKeys (ConfUtils.java:logGet(46)) - raft.server.snapshot.retention.file.num = 5 (custom)
2023-05-05 09:10:24,709 [pool-101-thread-1] INFO  server.RaftServerConfigKeys (ConfUtils.java:logGet(46)) - raft.server.log.purge.upto.snapshot.index = false (default)
2023-05-05 09:10:24,710 [2cb290fa-4f34-406f-8eca-2b7b4ff38328@group-56D6E17D1EA1-FollowerState] INFO  server.RaftServerConfigKeys (ConfUtils.java:logFallback(53)) - raft.server.rpc.first-election.timeout.min = 5s (fallback to raft.server.rpc.timeout.min)
2023-05-05 09:10:24,710 [2cb290fa-4f34-406f-8eca-2b7b4ff38328@group-56D6E17D1EA1-FollowerState] INFO  server.RaftServerConfigKeys (ConfUtils.java:logFallback(53)) - raft.server.rpc.first-election.timeout.max = 5200ms (fallback to raft.server.rpc.timeout.max)
2023-05-05 09:10:24,710 [Command processor thread] INFO  ratis.XceiverServerRatis (XceiverServerRatis.java:addGroup(806)) - Created group PipelineID=b7c58ef7-c0eb-4d20-82f1-56d6e17d1ea1
2023-05-05 09:10:24,710 [Command processor thread] INFO  commandhandler.CreatePipelineCommandHandler (CreatePipelineCommandHandler.java:handle(113)) - Created Pipeline RATIS ONE PipelineID=b7c58ef7-c0eb-4d20-82f1-56d6e17d1ea1.
2023-05-05 09:10:24,713 [pool-79-thread-1] INFO  server.RaftServer$Division (RaftServerImpl.java:start(334)) - 13da8014-cf59-4ce9-8837-b97ce342a136@group-904BAB61A37C: start as a follower, conf=-1: peers:[2cb290fa-4f34-406f-8eca-2b7b4ff38328|rpc:10.1.0.42:33685|dataStream:10.1.0.42:44345|priority:0|startupRole:FOLLOWER, 13da8014-cf59-4ce9-8837-b97ce342a136|rpc:10.1.0.42:33283|dataStream:10.1.0.42:43129|priority:0|startupRole:FOLLOWER, a461b031-87cf-46ec-8015-141f82ba476b|rpc:10.1.0.42:41513|dataStream:10.1.0.42:44165|priority:1|startupRole:FOLLOWER]|listeners:[], old=null
2023-05-05 09:10:24,713 [pool-79-thread-1] INFO  server.RaftServer$Division (RaftServerImpl.java:setRole(321)) - 13da8014-cf59-4ce9-8837-b97ce342a136@group-904BAB61A37C: changes role from      null to FOLLOWER at term 0 for startAsFollower
2023-05-05 09:10:24,713 [pool-79-thread-1] INFO  impl.RoleInfo (RoleInfo.java:updateAndGet(139)) - 13da8014-cf59-4ce9-8837-b97ce342a136: start 13da8014-cf59-4ce9-8837-b97ce342a136@group-904BAB61A37C-FollowerState
2023-05-05 09:10:24,717 [Command processor thread] INFO  server.RaftServer (RaftServerProxy.java:addNew(96)) - 2cb290fa-4f34-406f-8eca-2b7b4ff38328: addNew group-904BAB61A37C:[2cb290fa-4f34-406f-8eca-2b7b4ff38328|rpc:10.1.0.42:33685|dataStream:10.1.0.42:44345|priority:0|startupRole:FOLLOWER, 13da8014-cf59-4ce9-8837-b97ce342a136|rpc:10.1.0.42:33283|dataStream:10.1.0.42:43129|priority:0|startupRole:FOLLOWER, a461b031-87cf-46ec-8015-141f82ba476b|rpc:10.1.0.42:41513|dataStream:10.1.0.42:44165|priority:1|startupRole:FOLLOWER] returns group-904BAB61A37C:java.util.concurrent.CompletableFuture@790e2a3[Not completed]
2023-05-05 09:10:24,717 [pool-79-thread-1] INFO  util.JmxRegister (JmxRegister.java:tryRegister(44)) - Successfully registered JMX Bean with object name Ratis:service=RaftServer,group=group-904BAB61A37C,id=13da8014-cf59-4ce9-8837-b97ce342a136
2023-05-05 09:10:24,721 [pool-79-thread-1] INFO  server.RaftServerConfigKeys (ConfUtils.java:logGet(46)) - raft.server.snapshot.auto.trigger.enabled = true (custom)
2023-05-05 09:10:24,721 [pool-79-thread-1] INFO  server.RaftServerConfigKeys (ConfUtils.java:logGet(46)) - raft.server.snapshot.auto.trigger.threshold = 10000 (custom)
2023-05-05 09:10:24,721 [pool-79-thread-1] INFO  server.RaftServerConfigKeys (ConfUtils.java:logGet(46)) - raft.server.snapshot.retention.file.num = 5 (custom)
2023-05-05 09:10:24,721 [pool-79-thread-1] INFO  server.RaftServerConfigKeys (ConfUtils.java:logGet(46)) - raft.server.log.purge.upto.snapshot.index = false (default)
2023-05-05 09:10:24,717 [13da8014-cf59-4ce9-8837-b97ce342a136@group-904BAB61A37C-FollowerState] INFO  server.RaftServerConfigKeys (ConfUtils.java:logFallback(53)) - raft.server.rpc.first-election.timeout.min = 5s (fallback to raft.server.rpc.timeout.min)
2023-05-05 09:10:24,734 [13da8014-cf59-4ce9-8837-b97ce342a136@group-904BAB61A37C-FollowerState] INFO  server.RaftServerConfigKeys (ConfUtils.java:logFallback(53)) - raft.server.rpc.first-election.timeout.max = 5200ms (fallback to raft.server.rpc.timeout.max)
2023-05-05 09:10:24,734 [Command processor thread] INFO  ratis.XceiverServerRatis (XceiverServerRatis.java:addGroup(806)) - Created group PipelineID=41b28b5b-d76b-49b3-8b21-904bab61a37c
2023-05-05 09:10:24,735 [pool-101-thread-1] INFO  server.RaftServer$Division (RaftServerImpl.java:<init>(195)) - 2cb290fa-4f34-406f-8eca-2b7b4ff38328: new RaftServerImpl for group-904BAB61A37C:[2cb290fa-4f34-406f-8eca-2b7b4ff38328|rpc:10.1.0.42:33685|dataStream:10.1.0.42:44345|priority:0|startupRole:FOLLOWER, 13da8014-cf59-4ce9-8837-b97ce342a136|rpc:10.1.0.42:33283|dataStream:10.1.0.42:43129|priority:0|startupRole:FOLLOWER, a461b031-87cf-46ec-8015-141f82ba476b|rpc:10.1.0.42:41513|dataStream:10.1.0.42:44165|priority:1|startupRole:FOLLOWER] with ContainerStateMachine:uninitialized
2023-05-05 09:10:24,735 [pool-101-thread-1] INFO  server.RaftServerConfigKeys (ConfUtils.java:logGet(46)) - raft.server.rpc.timeout.min = 5s (custom)
2023-05-05 09:10:24,735 [pool-101-thread-1] INFO  server.RaftServerConfigKeys (ConfUtils.java:logGet(46)) - raft.server.rpc.timeout.max = 5200ms (custom)
2023-05-05 09:10:24,735 [pool-101-thread-1] INFO  server.RaftServerConfigKeys (ConfUtils.java:logGet(46)) - raft.server.rpc.sleep.time = 25ms (default)
2023-05-05 09:10:24,735 [pool-101-thread-1] INFO  server.RaftServerConfigKeys (ConfUtils.java:logGet(46)) - raft.server.rpc.slowness.timeout = 300s (custom)
2023-05-05 09:10:24,735 [pool-101-thread-1] INFO  server.RaftServerConfigKeys (ConfUtils.java:logGet(46)) - raft.server.leaderelection.leader.step-down.wait-time = 10s (default)
2023-05-05 09:10:24,735 [pool-101-thread-1] INFO  server.RaftServerConfigKeys (ConfUtils.java:logGet(46)) - raft.server.sleep.deviation.threshold = 300ms (default)
2023-05-05 09:10:24,735 [pool-101-thread-1] INFO  server.RaftServer$Division (ServerState.java:<init>(118)) - 2cb290fa-4f34-406f-8eca-2b7b4ff38328@group-904BAB61A37C: ConfigurationManager, init=-1: peers:[2cb290fa-4f34-406f-8eca-2b7b4ff38328|rpc:10.1.0.42:33685|dataStream:10.1.0.42:44345|priority:0|startupRole:FOLLOWER, 13da8014-cf59-4ce9-8837-b97ce342a136|rpc:10.1.0.42:33283|dataStream:10.1.0.42:43129|priority:0|startupRole:FOLLOWER, a461b031-87cf-46ec-8015-141f82ba476b|rpc:10.1.0.42:41513|dataStream:10.1.0.42:44165|priority:1|startupRole:FOLLOWER]|listeners:[], old=null, confs=<EMPTY_MAP>
2023-05-05 09:10:24,735 [pool-101-thread-1] INFO  server.RaftServerConfigKeys (ConfUtils.java:logGet(46)) - raft.server.storage.dir = [/home/runner/work/ozone/ozone/hadoop-ozone/integration-test/target/test-dir/MiniOzoneClusterImpl-ed01f5d4-5545-4c64-89b6-17c207d9d767/datanode-1/data/ratis] (custom)
2023-05-05 09:10:24,736 [pool-101-thread-1] INFO  server.RaftServerConfigKeys (ConfUtils.java:logGet(46)) - raft.server.log.corruption.policy = EXCEPTION (default)
2023-05-05 09:10:24,736 [pool-101-thread-1] INFO  server.RaftServerConfigKeys (ConfUtils.java:logGet(46)) - raft.server.storage.free-space.min = 0MB (=0) (default)
2023-05-05 09:10:24,736 [pool-101-thread-1] INFO  server.RaftServerConfigKeys (ConfUtils.java:logGet(46)) - raft.server.notification.no-leader.timeout = 300s (custom)
2023-05-05 09:10:24,736 [pool-101-thread-1] INFO  server.RaftServerConfigKeys (ConfUtils.java:logGet(46)) - raft.server.retrycache.expirytime = 600000ms (custom)
2023-05-05 09:10:24,736 [pool-101-thread-1] INFO  server.RaftServerConfigKeys (ConfUtils.java:logGet(46)) - raft.server.retrycache.statistics.expirytime = 100μs (default)
2023-05-05 09:10:24,737 [pool-101-thread-1] INFO  server.RaftServerConfigKeys (ConfUtils.java:logGet(46)) - raft.server.log.appender.install.snapshot.enabled = false (custom)
2023-05-05 09:10:24,737 [pool-101-thread-1] INFO  server.RaftServerConfigKeys (ConfUtils.java:logGet(46)) - raft.server.threadpool.server.cached = true (default)
2023-05-05 09:10:24,737 [pool-101-thread-1] INFO  server.RaftServerConfigKeys (ConfUtils.java:logGet(46)) - raft.server.threadpool.server.size = 0 (default)
2023-05-05 09:10:24,737 [pool-101-thread-1] INFO  server.RaftServerConfigKeys (ConfUtils.java:logGet(46)) - raft.server.threadpool.client.cached = true (default)
2023-05-05 09:10:24,737 [pool-101-thread-1] INFO  server.RaftServerConfigKeys (ConfUtils.java:logGet(46)) - raft.server.threadpool.client.size = 0 (default)
2023-05-05 09:10:24,737 [pool-101-thread-1] INFO  storage.RaftStorageDirectory (RaftStorageDirectoryImpl.java:analyzeStorage(137)) - The storage directory /home/runner/work/ozone/ozone/hadoop-ozone/integration-test/target/test-dir/MiniOzoneClusterImpl-ed01f5d4-5545-4c64-89b6-17c207d9d767/datanode-1/data/ratis/41b28b5b-d76b-49b3-8b21-904bab61a37c does not exist. Creating ...
2023-05-05 09:10:24,738 [pool-101-thread-1] INFO  storage.RaftStorageDirectory (RaftStorageDirectoryImpl.java:tryLock(231)) - Lock on /home/runner/work/ozone/ozone/hadoop-ozone/integration-test/target/test-dir/MiniOzoneClusterImpl-ed01f5d4-5545-4c64-89b6-17c207d9d767/datanode-1/data/ratis/41b28b5b-d76b-49b3-8b21-904bab61a37c/in_use.lock acquired by nodename 7812@fv-az152-207
2023-05-05 09:10:24,740 [pool-101-thread-1] INFO  storage.RaftStorage (RaftStorageImpl.java:format(96)) - Storage directory /home/runner/work/ozone/ozone/hadoop-ozone/integration-test/target/test-dir/MiniOzoneClusterImpl-ed01f5d4-5545-4c64-89b6-17c207d9d767/datanode-1/data/ratis/41b28b5b-d76b-49b3-8b21-904bab61a37c has been successfully formatted.
2023-05-05 09:10:24,741 [pool-101-thread-1] INFO  ratis.ContainerStateMachine (ContainerStateMachine.java:loadSnapshot(262)) - group-904BAB61A37C: The snapshot info is null. Setting the last applied indexto:(t:0, i:~)
2023-05-05 09:10:24,741 [pool-101-thread-1] INFO  server.RaftServerConfigKeys (ConfUtils.java:logGet(46)) - raft.server.log.use.memory = false (default)
2023-05-05 09:10:24,741 [pool-101-thread-1] INFO  server.RaftServerConfigKeys (ConfUtils.java:logGet(46)) - raft.server.log.purge.gap = 1000000 (custom)
2023-05-05 09:10:24,741 [pool-101-thread-1] INFO  server.RaftServerConfigKeys (ConfUtils.java:logGet(46)) - raft.server.log.appender.buffer.byte-limit = 33554432 (custom)
2023-05-05 09:10:24,741 [pool-101-thread-1] INFO  server.RaftServerConfigKeys (ConfUtils.java:logGet(46)) - raft.server.log.statemachine.data.read.timeout = 1000ms (default)
2023-05-05 09:10:24,741 [pool-101-thread-1] INFO  server.RaftServerConfigKeys (ConfUtils.java:logGet(46)) - raft.server.log.purge.preservation.log.num = 0 (default)
2023-05-05 09:10:24,741 [pool-101-thread-1] INFO  server.RaftServerConfigKeys (ConfUtils.java:logGet(46)) - raft.server.log.segment.size.max = 1048576 (custom)
2023-05-05 09:10:24,742 [pool-101-thread-1] INFO  server.RaftServerConfigKeys (ConfUtils.java:logGet(46)) - raft.server.log.segment.cache.num.max = 2 (custom)
2023-05-05 09:10:24,742 [pool-101-thread-1] INFO  server.RaftServerConfigKeys (ConfUtils.java:logGet(46)) - raft.server.log.segment.cache.size.max = 200MB (=209715200) (default)
2023-05-05 09:10:24,742 [pool-101-thread-1] INFO  segmented.SegmentedRaftLogWorker (SegmentedRaftLogWorker.java:<init>(189)) - new 2cb290fa-4f34-406f-8eca-2b7b4ff38328@group-904BAB61A37C-SegmentedRaftLogWorker for RaftStorageImpl:Storage Directory /home/runner/work/ozone/ozone/hadoop-ozone/integration-test/target/test-dir/MiniOzoneClusterImpl-ed01f5d4-5545-4c64-89b6-17c207d9d767/datanode-1/data/ratis/41b28b5b-d76b-49b3-8b21-904bab61a37c
2023-05-05 09:10:24,742 [pool-101-thread-1] INFO  server.RaftServerConfigKeys (ConfUtils.java:logGet(46)) - raft.server.log.queue.byte-limit = 4294967296 (custom)
2023-05-05 09:10:24,742 [pool-101-thread-1] INFO  server.RaftServerConfigKeys (ConfUtils.java:logGet(46)) - raft.server.log.queue.element-limit = 1024 (custom)
2023-05-05 09:10:24,742 [pool-101-thread-1] INFO  server.RaftServerConfigKeys (ConfUtils.java:logGet(46)) - raft.server.log.segment.size.max = 1048576 (custom)
2023-05-05 09:10:24,742 [pool-101-thread-1] INFO  server.RaftServerConfigKeys (ConfUtils.java:logGet(46)) - raft.server.log.preallocated.size = 16384 (custom)
2023-05-05 09:10:24,742 [EventQueue-OpenPipelineForHealthyPipelineSafeModeRule] INFO  safemode.SCMSafeModeManager (HealthyPipelineSafeModeRule.java:process(137)) - SCM in safe mode. Healthy pipelines reported count is 0, required healthy pipeline reported count is 1
2023-05-05 09:10:24,742 [pool-101-thread-1] INFO  server.RaftServerConfigKeys (ConfUtils.java:logGet(46)) - raft.server.log.force.sync.num = 128 (default)
2023-05-05 09:10:24,746 [pool-101-thread-1] INFO  server.RaftServerConfigKeys (ConfUtils.java:logGet(46)) - raft.server.log.statemachine.data.sync = true (default)
2023-05-05 09:10:24,746 [pool-101-thread-1] INFO  server.RaftServerConfigKeys (ConfUtils.java:logGet(46)) - raft.server.log.statemachine.data.sync.timeout = 10s (default)
2023-05-05 09:10:24,746 [pool-101-thread-1] INFO  server.RaftServerConfigKeys (ConfUtils.java:logGet(46)) - raft.server.log.statemachine.data.sync.timeout.retry = -1 (default)
2023-05-05 09:10:24,746 [pool-101-thread-1] INFO  server.RaftServerConfigKeys (ConfUtils.java:logGet(46)) - raft.server.log.write.buffer.size = 1048576 (custom)
2023-05-05 09:10:24,748 [pool-101-thread-1] INFO  server.RaftServerConfigKeys (ConfUtils.java:logGet(46)) - raft.server.log.appender.buffer.byte-limit = 33554432 (custom)
2023-05-05 09:10:24,758 [pool-101-thread-1] INFO  server.RaftServerConfigKeys (ConfUtils.java:logGet(46)) - raft.server.log.unsafe-flush.enabled = false (default)
2023-05-05 09:10:24,758 [pool-101-thread-1] INFO  server.RaftServerConfigKeys (ConfUtils.java:logGet(46)) - raft.server.log.async-flush.enabled = false (default)
2023-05-05 09:10:24,758 [pool-101-thread-1] INFO  server.RaftServerConfigKeys (ConfUtils.java:logGet(46)) - raft.server.log.statemachine.data.caching.enabled = true (custom)
2023-05-05 09:10:24,758 [pool-101-thread-1] INFO  segmented.SegmentedRaftLogWorker (SegmentedRaftLogWorker.java:lambda$new$0(135)) - 2cb290fa-4f34-406f-8eca-2b7b4ff38328@group-904BAB61A37C-SegmentedRaftLogWorker: flushIndex: setUnconditionally 0 -> -1
2023-05-05 09:10:24,759 [pool-101-thread-1] INFO  segmented.SegmentedRaftLogWorker (SegmentedRaftLogWorker.java:lambda$new$0(135)) - 2cb290fa-4f34-406f-8eca-2b7b4ff38328@group-904BAB61A37C-SegmentedRaftLogWorker: safeCacheEvictIndex: setUnconditionally 0 -> -1
2023-05-05 09:10:24,759 [pool-101-thread-1] INFO  server.RaftServer$Division (RaftServerImpl.java:start(334)) - 2cb290fa-4f34-406f-8eca-2b7b4ff38328@group-904BAB61A37C: start as a follower, conf=-1: peers:[2cb290fa-4f34-406f-8eca-2b7b4ff38328|rpc:10.1.0.42:33685|dataStream:10.1.0.42:44345|priority:0|startupRole:FOLLOWER, 13da8014-cf59-4ce9-8837-b97ce342a136|rpc:10.1.0.42:33283|dataStream:10.1.0.42:43129|priority:0|startupRole:FOLLOWER, a461b031-87cf-46ec-8015-141f82ba476b|rpc:10.1.0.42:41513|dataStream:10.1.0.42:44165|priority:1|startupRole:FOLLOWER]|listeners:[], old=null
2023-05-05 09:10:24,759 [pool-101-thread-1] INFO  server.RaftServer$Division (RaftServerImpl.java:setRole(321)) - 2cb290fa-4f34-406f-8eca-2b7b4ff38328@group-904BAB61A37C: changes role from      null to FOLLOWER at term 0 for startAsFollower
2023-05-05 09:10:24,759 [pool-101-thread-1] INFO  impl.RoleInfo (RoleInfo.java:updateAndGet(139)) - 2cb290fa-4f34-406f-8eca-2b7b4ff38328: start 2cb290fa-4f34-406f-8eca-2b7b4ff38328@group-904BAB61A37C-FollowerState
2023-05-05 09:10:24,768 [pool-101-thread-1] INFO  util.JmxRegister (JmxRegister.java:tryRegister(44)) - Successfully registered JMX Bean with object name Ratis:service=RaftServer,group=group-904BAB61A37C,id=2cb290fa-4f34-406f-8eca-2b7b4ff38328
2023-05-05 09:10:24,768 [pool-101-thread-1] INFO  server.RaftServerConfigKeys (ConfUtils.java:logGet(46)) - raft.server.snapshot.auto.trigger.enabled = true (custom)
2023-05-05 09:10:24,768 [pool-101-thread-1] INFO  server.RaftServerConfigKeys (ConfUtils.java:logGet(46)) - raft.server.snapshot.auto.trigger.threshold = 10000 (custom)
2023-05-05 09:10:24,768 [pool-101-thread-1] INFO  server.RaftServerConfigKeys (ConfUtils.java:logGet(46)) - raft.server.snapshot.retention.file.num = 5 (custom)
2023-05-05 09:10:24,768 [pool-101-thread-1] INFO  server.RaftServerConfigKeys (ConfUtils.java:logGet(46)) - raft.server.log.purge.upto.snapshot.index = false (default)
2023-05-05 09:10:24,772 [Command processor thread] INFO  ratis.XceiverServerRatis (XceiverServerRatis.java:addGroup(806)) - Created group PipelineID=41b28b5b-d76b-49b3-8b21-904bab61a37c
2023-05-05 09:10:24,779 [2cb290fa-4f34-406f-8eca-2b7b4ff38328@group-904BAB61A37C-FollowerState] INFO  server.RaftServerConfigKeys (ConfUtils.java:logFallback(53)) - raft.server.rpc.first-election.timeout.min = 5s (fallback to raft.server.rpc.timeout.min)
2023-05-05 09:10:24,779 [2cb290fa-4f34-406f-8eca-2b7b4ff38328@group-904BAB61A37C-FollowerState] INFO  server.RaftServerConfigKeys (ConfUtils.java:logFallback(53)) - raft.server.rpc.first-election.timeout.max = 5200ms (fallback to raft.server.rpc.timeout.max)
2023-05-05 09:10:24,791 [grpc-default-executor-0] INFO  server.RaftServer (RaftServerProxy.java:addNew(96)) - a461b031-87cf-46ec-8015-141f82ba476b: addNew group-904BAB61A37C:[2cb290fa-4f34-406f-8eca-2b7b4ff38328|rpc:10.1.0.42:33685|dataStream:10.1.0.42:44345|priority:0|startupRole:FOLLOWER, 13da8014-cf59-4ce9-8837-b97ce342a136|rpc:10.1.0.42:33283|dataStream:10.1.0.42:43129|priority:0|startupRole:FOLLOWER, a461b031-87cf-46ec-8015-141f82ba476b|rpc:10.1.0.42:41513|dataStream:10.1.0.42:44165|priority:1|startupRole:FOLLOWER] returns group-904BAB61A37C:java.util.concurrent.CompletableFuture@4a427a2d[Not completed]
2023-05-05 09:10:24,792 [pool-123-thread-1] INFO  server.RaftServer$Division (RaftServerImpl.java:<init>(195)) - a461b031-87cf-46ec-8015-141f82ba476b: new RaftServerImpl for group-904BAB61A37C:[2cb290fa-4f34-406f-8eca-2b7b4ff38328|rpc:10.1.0.42:33685|dataStream:10.1.0.42:44345|priority:0|startupRole:FOLLOWER, 13da8014-cf59-4ce9-8837-b97ce342a136|rpc:10.1.0.42:33283|dataStream:10.1.0.42:43129|priority:0|startupRole:FOLLOWER, a461b031-87cf-46ec-8015-141f82ba476b|rpc:10.1.0.42:41513|dataStream:10.1.0.42:44165|priority:1|startupRole:FOLLOWER] with ContainerStateMachine:uninitialized
2023-05-05 09:10:24,793 [pool-123-thread-1] INFO  server.RaftServerConfigKeys (ConfUtils.java:logGet(46)) - raft.server.rpc.timeout.min = 5s (custom)
2023-05-05 09:10:24,794 [pool-123-thread-1] INFO  server.RaftServerConfigKeys (ConfUtils.java:logGet(46)) - raft.server.rpc.timeout.max = 5200ms (custom)
2023-05-05 09:10:24,794 [pool-123-thread-1] INFO  server.RaftServerConfigKeys (ConfUtils.java:logGet(46)) - raft.server.rpc.sleep.time = 25ms (default)
2023-05-05 09:10:24,794 [pool-123-thread-1] INFO  server.RaftServerConfigKeys (ConfUtils.java:logGet(46)) - raft.server.rpc.slowness.timeout = 300s (custom)
2023-05-05 09:10:24,794 [pool-123-thread-1] INFO  server.RaftServerConfigKeys (ConfUtils.java:logGet(46)) - raft.server.leaderelection.leader.step-down.wait-time = 10s (default)
2023-05-05 09:10:24,794 [pool-123-thread-1] INFO  server.RaftServerConfigKeys (ConfUtils.java:logGet(46)) - raft.server.sleep.deviation.threshold = 300ms (default)
2023-05-05 09:10:24,794 [pool-123-thread-1] INFO  server.RaftServer$Division (ServerState.java:<init>(118)) - a461b031-87cf-46ec-8015-141f82ba476b@group-904BAB61A37C: ConfigurationManager, init=-1: peers:[2cb290fa-4f34-406f-8eca-2b7b4ff38328|rpc:10.1.0.42:33685|dataStream:10.1.0.42:44345|priority:0|startupRole:FOLLOWER, 13da8014-cf59-4ce9-8837-b97ce342a136|rpc:10.1.0.42:33283|dataStream:10.1.0.42:43129|priority:0|startupRole:FOLLOWER, a461b031-87cf-46ec-8015-141f82ba476b|rpc:10.1.0.42:41513|dataStream:10.1.0.42:44165|priority:1|startupRole:FOLLOWER]|listeners:[], old=null, confs=<EMPTY_MAP>
2023-05-05 09:10:24,794 [pool-123-thread-1] INFO  server.RaftServerConfigKeys (ConfUtils.java:logGet(46)) - raft.server.storage.dir = [/home/runner/work/ozone/ozone/hadoop-ozone/integration-test/target/test-dir/MiniOzoneClusterImpl-ed01f5d4-5545-4c64-89b6-17c207d9d767/datanode-2/data/ratis] (custom)
2023-05-05 09:10:24,794 [pool-123-thread-1] INFO  server.RaftServerConfigKeys (ConfUtils.java:logGet(46)) - raft.server.log.corruption.policy = EXCEPTION (default)
2023-05-05 09:10:24,794 [pool-123-thread-1] INFO  server.RaftServerConfigKeys (ConfUtils.java:logGet(46)) - raft.server.storage.free-space.min = 0MB (=0) (default)
2023-05-05 09:10:24,796 [pool-123-thread-1] INFO  server.RaftServerConfigKeys (ConfUtils.java:logGet(46)) - raft.server.notification.no-leader.timeout = 300s (custom)
2023-05-05 09:10:24,796 [pool-123-thread-1] INFO  server.RaftServerConfigKeys (ConfUtils.java:logGet(46)) - raft.server.retrycache.expirytime = 600000ms (custom)
2023-05-05 09:10:24,796 [pool-123-thread-1] INFO  server.RaftServerConfigKeys (ConfUtils.java:logGet(46)) - raft.server.retrycache.statistics.expirytime = 100μs (default)
2023-05-05 09:10:24,797 [pool-123-thread-1] INFO  server.RaftServerConfigKeys (ConfUtils.java:logGet(46)) - raft.server.log.appender.install.snapshot.enabled = false (custom)
2023-05-05 09:10:24,797 [pool-123-thread-1] INFO  server.RaftServerConfigKeys (ConfUtils.java:logGet(46)) - raft.server.threadpool.server.cached = true (default)
2023-05-05 09:10:24,797 [pool-123-thread-1] INFO  server.RaftServerConfigKeys (ConfUtils.java:logGet(46)) - raft.server.threadpool.server.size = 0 (default)
2023-05-05 09:10:24,797 [pool-123-thread-1] INFO  server.RaftServerConfigKeys (ConfUtils.java:logGet(46)) - raft.server.threadpool.client.cached = true (default)
2023-05-05 09:10:24,797 [pool-123-thread-1] INFO  server.RaftServerConfigKeys (ConfUtils.java:logGet(46)) - raft.server.threadpool.client.size = 0 (default)
2023-05-05 09:10:24,797 [pool-123-thread-1] INFO  storage.RaftStorageDirectory (RaftStorageDirectoryImpl.java:analyzeStorage(137)) - The storage directory /home/runner/work/ozone/ozone/hadoop-ozone/integration-test/target/test-dir/MiniOzoneClusterImpl-ed01f5d4-5545-4c64-89b6-17c207d9d767/datanode-2/data/ratis/41b28b5b-d76b-49b3-8b21-904bab61a37c does not exist. Creating ...
2023-05-05 09:10:24,799 [pool-123-thread-1] INFO  storage.RaftStorageDirectory (RaftStorageDirectoryImpl.java:tryLock(231)) - Lock on /home/runner/work/ozone/ozone/hadoop-ozone/integration-test/target/test-dir/MiniOzoneClusterImpl-ed01f5d4-5545-4c64-89b6-17c207d9d767/datanode-2/data/ratis/41b28b5b-d76b-49b3-8b21-904bab61a37c/in_use.lock acquired by nodename 7812@fv-az152-207
2023-05-05 09:10:24,801 [pool-123-thread-1] INFO  storage.RaftStorage (RaftStorageImpl.java:format(96)) - Storage directory /home/runner/work/ozone/ozone/hadoop-ozone/integration-test/target/test-dir/MiniOzoneClusterImpl-ed01f5d4-5545-4c64-89b6-17c207d9d767/datanode-2/data/ratis/41b28b5b-d76b-49b3-8b21-904bab61a37c has been successfully formatted.
2023-05-05 09:10:24,804 [pool-123-thread-1] INFO  ratis.ContainerStateMachine (ContainerStateMachine.java:loadSnapshot(262)) - group-904BAB61A37C: The snapshot info is null. Setting the last applied indexto:(t:0, i:~)
2023-05-05 09:10:24,804 [pool-123-thread-1] INFO  server.RaftServerConfigKeys (ConfUtils.java:logGet(46)) - raft.server.log.use.memory = false (default)
2023-05-05 09:10:24,804 [pool-123-thread-1] INFO  server.RaftServerConfigKeys (ConfUtils.java:logGet(46)) - raft.server.log.purge.gap = 1000000 (custom)
2023-05-05 09:10:24,804 [pool-123-thread-1] INFO  server.RaftServerConfigKeys (ConfUtils.java:logGet(46)) - raft.server.log.appender.buffer.byte-limit = 33554432 (custom)
2023-05-05 09:10:24,804 [pool-123-thread-1] INFO  server.RaftServerConfigKeys (ConfUtils.java:logGet(46)) - raft.server.log.statemachine.data.read.timeout = 1000ms (default)
2023-05-05 09:10:24,804 [pool-123-thread-1] INFO  server.RaftServerConfigKeys (ConfUtils.java:logGet(46)) - raft.server.log.purge.preservation.log.num = 0 (default)
2023-05-05 09:10:24,805 [pool-123-thread-1] INFO  server.RaftServerConfigKeys (ConfUtils.java:logGet(46)) - raft.server.log.segment.size.max = 1048576 (custom)
2023-05-05 09:10:24,805 [pool-123-thread-1] INFO  server.RaftServerConfigKeys (ConfUtils.java:logGet(46)) - raft.server.log.segment.cache.num.max = 2 (custom)
2023-05-05 09:10:24,805 [pool-123-thread-1] INFO  server.RaftServerConfigKeys (ConfUtils.java:logGet(46)) - raft.server.log.segment.cache.size.max = 200MB (=209715200) (default)
2023-05-05 09:10:24,805 [pool-123-thread-1] INFO  segmented.SegmentedRaftLogWorker (SegmentedRaftLogWorker.java:<init>(189)) - new a461b031-87cf-46ec-8015-141f82ba476b@group-904BAB61A37C-SegmentedRaftLogWorker for RaftStorageImpl:Storage Directory /home/runner/work/ozone/ozone/hadoop-ozone/integration-test/target/test-dir/MiniOzoneClusterImpl-ed01f5d4-5545-4c64-89b6-17c207d9d767/datanode-2/data/ratis/41b28b5b-d76b-49b3-8b21-904bab61a37c
2023-05-05 09:10:24,805 [pool-123-thread-1] INFO  server.RaftServerConfigKeys (ConfUtils.java:logGet(46)) - raft.server.log.queue.byte-limit = 4294967296 (custom)
2023-05-05 09:10:24,805 [pool-123-thread-1] INFO  server.RaftServerConfigKeys (ConfUtils.java:logGet(46)) - raft.server.log.queue.element-limit = 1024 (custom)
2023-05-05 09:10:24,805 [pool-123-thread-1] INFO  server.RaftServerConfigKeys (ConfUtils.java:logGet(46)) - raft.server.log.segment.size.max = 1048576 (custom)
2023-05-05 09:10:24,805 [pool-123-thread-1] INFO  server.RaftServerConfigKeys (ConfUtils.java:logGet(46)) - raft.server.log.preallocated.size = 16384 (custom)
2023-05-05 09:10:24,805 [pool-123-thread-1] INFO  server.RaftServerConfigKeys (ConfUtils.java:logGet(46)) - raft.server.log.force.sync.num = 128 (default)
2023-05-05 09:10:24,805 [pool-123-thread-1] INFO  server.RaftServerConfigKeys (ConfUtils.java:logGet(46)) - raft.server.log.statemachine.data.sync = true (default)
2023-05-05 09:10:24,806 [pool-123-thread-1] INFO  server.RaftServerConfigKeys (ConfUtils.java:logGet(46)) - raft.server.log.statemachine.data.sync.timeout = 10s (default)
2023-05-05 09:10:24,806 [pool-123-thread-1] INFO  server.RaftServerConfigKeys (ConfUtils.java:logGet(46)) - raft.server.log.statemachine.data.sync.timeout.retry = -1 (default)
2023-05-05 09:10:24,806 [pool-123-thread-1] INFO  server.RaftServerConfigKeys (ConfUtils.java:logGet(46)) - raft.server.log.write.buffer.size = 1048576 (custom)
2023-05-05 09:10:24,807 [pool-123-thread-1] INFO  server.RaftServerConfigKeys (ConfUtils.java:logGet(46)) - raft.server.log.appender.buffer.byte-limit = 33554432 (custom)
2023-05-05 09:10:24,815 [pool-123-thread-1] INFO  server.RaftServerConfigKeys (ConfUtils.java:logGet(46)) - raft.server.log.unsafe-flush.enabled = false (default)
2023-05-05 09:10:24,815 [pool-123-thread-1] INFO  server.RaftServerConfigKeys (ConfUtils.java:logGet(46)) - raft.server.log.async-flush.enabled = false (default)
2023-05-05 09:10:24,815 [pool-123-thread-1] INFO  server.RaftServerConfigKeys (ConfUtils.java:logGet(46)) - raft.server.log.statemachine.data.caching.enabled = true (custom)
2023-05-05 09:10:24,815 [pool-123-thread-1] INFO  segmented.SegmentedRaftLogWorker (SegmentedRaftLogWorker.java:lambda$new$0(135)) - a461b031-87cf-46ec-8015-141f82ba476b@group-904BAB61A37C-SegmentedRaftLogWorker: flushIndex: setUnconditionally 0 -> -1
2023-05-05 09:10:24,815 [pool-123-thread-1] INFO  segmented.SegmentedRaftLogWorker (SegmentedRaftLogWorker.java:lambda$new$0(135)) - a461b031-87cf-46ec-8015-141f82ba476b@group-904BAB61A37C-SegmentedRaftLogWorker: safeCacheEvictIndex: setUnconditionally 0 -> -1
2023-05-05 09:10:24,815 [pool-123-thread-1] INFO  server.RaftServer$Division (RaftServerImpl.java:start(334)) - a461b031-87cf-46ec-8015-141f82ba476b@group-904BAB61A37C: start as a follower, conf=-1: peers:[2cb290fa-4f34-406f-8eca-2b7b4ff38328|rpc:10.1.0.42:33685|dataStream:10.1.0.42:44345|priority:0|startupRole:FOLLOWER, 13da8014-cf59-4ce9-8837-b97ce342a136|rpc:10.1.0.42:33283|dataStream:10.1.0.42:43129|priority:0|startupRole:FOLLOWER, a461b031-87cf-46ec-8015-141f82ba476b|rpc:10.1.0.42:41513|dataStream:10.1.0.42:44165|priority:1|startupRole:FOLLOWER]|listeners:[], old=null
2023-05-05 09:10:24,815 [pool-123-thread-1] INFO  server.RaftServer$Division (RaftServerImpl.java:setRole(321)) - a461b031-87cf-46ec-8015-141f82ba476b@group-904BAB61A37C: changes role from      null to FOLLOWER at term 0 for startAsFollower
2023-05-05 09:10:24,816 [pool-123-thread-1] INFO  impl.RoleInfo (RoleInfo.java:updateAndGet(139)) - a461b031-87cf-46ec-8015-141f82ba476b: start a461b031-87cf-46ec-8015-141f82ba476b@group-904BAB61A37C-FollowerState
2023-05-05 09:10:24,816 [pool-123-thread-1] INFO  util.JmxRegister (JmxRegister.java:tryRegister(44)) - Successfully registered JMX Bean with object name Ratis:service=RaftServer,group=group-904BAB61A37C,id=a461b031-87cf-46ec-8015-141f82ba476b
2023-05-05 09:10:24,816 [pool-123-thread-1] INFO  server.RaftServerConfigKeys (ConfUtils.java:logGet(46)) - raft.server.snapshot.auto.trigger.enabled = true (custom)
2023-05-05 09:10:24,816 [pool-123-thread-1] INFO  server.RaftServerConfigKeys (ConfUtils.java:logGet(46)) - raft.server.snapshot.auto.trigger.threshold = 10000 (custom)
2023-05-05 09:10:24,816 [pool-123-thread-1] INFO  server.RaftServerConfigKeys (ConfUtils.java:logGet(46)) - raft.server.snapshot.retention.file.num = 5 (custom)
2023-05-05 09:10:24,817 [pool-123-thread-1] INFO  server.RaftServerConfigKeys (ConfUtils.java:logGet(46)) - raft.server.log.purge.upto.snapshot.index = false (default)
2023-05-05 09:10:24,817 [a461b031-87cf-46ec-8015-141f82ba476b@group-904BAB61A37C-FollowerState] INFO  server.RaftServerConfigKeys (ConfUtils.java:logFallback(53)) - raft.server.rpc.first-election.timeout.min = 5s (fallback to raft.server.rpc.timeout.min)
2023-05-05 09:10:24,826 [a461b031-87cf-46ec-8015-141f82ba476b@group-904BAB61A37C-FollowerState] INFO  server.RaftServerConfigKeys (ConfUtils.java:logFallback(53)) - raft.server.rpc.first-election.timeout.max = 5200ms (fallback to raft.server.rpc.timeout.max)
2023-05-05 09:10:24,884 [Command processor thread] INFO  commandhandler.CreatePipelineCommandHandler (CreatePipelineCommandHandler.java:handle(113)) - Created Pipeline RATIS THREE PipelineID=41b28b5b-d76b-49b3-8b21-904bab61a37c.
2023-05-05 09:10:24,904 [Command processor thread] INFO  commandhandler.CreatePipelineCommandHandler (CreatePipelineCommandHandler.java:handle(113)) - Created Pipeline RATIS THREE PipelineID=41b28b5b-d76b-49b3-8b21-904bab61a37c.
2023-05-05 09:10:25,043 [Listener at 127.0.0.1/44179] INFO  ozone.MiniOzoneClusterImpl (MiniOzoneClusterImpl.java:lambda$waitForClusterToBeReady$0(223)) - Nodes are ready. Got 3 of 3 DN Heartbeats.
2023-05-05 09:10:25,043 [Listener at 127.0.0.1/44179] INFO  ozone.MiniOzoneClusterImpl (MiniOzoneClusterImpl.java:lambda$waitForClusterToBeReady$0(226)) - Waiting for cluster to exit safe mode
2023-05-05 09:10:25,043 [Listener at 127.0.0.1/44179] INFO  ozone.MiniOzoneClusterImpl (MiniOzoneClusterImpl.java:lambda$waitForClusterToBeReady$0(228)) - SCM became leader
2023-05-05 09:10:25,052 [Command processor thread] INFO  server.RaftServer (RaftServerProxy.java:addNew(96)) - a461b031-87cf-46ec-8015-141f82ba476b: addNew group-5DB8C5CAFDE0:[a461b031-87cf-46ec-8015-141f82ba476b|rpc:10.1.0.42:41513|dataStream:10.1.0.42:44165|priority:1|startupRole:FOLLOWER] returns group-5DB8C5CAFDE0:java.util.concurrent.CompletableFuture@2357f95e[Not completed]
2023-05-05 09:10:25,053 [pool-123-thread-1] INFO  server.RaftServer$Division (RaftServerImpl.java:<init>(195)) - a461b031-87cf-46ec-8015-141f82ba476b: new RaftServerImpl for group-5DB8C5CAFDE0:[a461b031-87cf-46ec-8015-141f82ba476b|rpc:10.1.0.42:41513|dataStream:10.1.0.42:44165|priority:1|startupRole:FOLLOWER] with ContainerStateMachine:uninitialized
2023-05-05 09:10:25,053 [pool-123-thread-1] INFO  server.RaftServerConfigKeys (ConfUtils.java:logGet(46)) - raft.server.rpc.timeout.min = 5s (custom)
2023-05-05 09:10:25,053 [pool-123-thread-1] INFO  server.RaftServerConfigKeys (ConfUtils.java:logGet(46)) - raft.server.rpc.timeout.max = 5200ms (custom)
2023-05-05 09:10:25,053 [pool-123-thread-1] INFO  server.RaftServerConfigKeys (ConfUtils.java:logGet(46)) - raft.server.rpc.sleep.time = 25ms (default)
2023-05-05 09:10:25,053 [pool-123-thread-1] INFO  server.RaftServerConfigKeys (ConfUtils.java:logGet(46)) - raft.server.rpc.slowness.timeout = 300s (custom)
2023-05-05 09:10:25,053 [pool-123-thread-1] INFO  server.RaftServerConfigKeys (ConfUtils.java:logGet(46)) - raft.server.leaderelection.leader.step-down.wait-time = 10s (default)
2023-05-05 09:10:25,053 [pool-123-thread-1] INFO  server.RaftServerConfigKeys (ConfUtils.java:logGet(46)) - raft.server.sleep.deviation.threshold = 300ms (default)
2023-05-05 09:10:25,054 [pool-123-thread-1] INFO  server.RaftServer$Division (ServerState.java:<init>(118)) - a461b031-87cf-46ec-8015-141f82ba476b@group-5DB8C5CAFDE0: ConfigurationManager, init=-1: peers:[a461b031-87cf-46ec-8015-141f82ba476b|rpc:10.1.0.42:41513|dataStream:10.1.0.42:44165|priority:1|startupRole:FOLLOWER]|listeners:[], old=null, confs=<EMPTY_MAP>
2023-05-05 09:10:25,054 [pool-123-thread-1] INFO  server.RaftServerConfigKeys (ConfUtils.java:logGet(46)) - raft.server.storage.dir = [/home/runner/work/ozone/ozone/hadoop-ozone/integration-test/target/test-dir/MiniOzoneClusterImpl-ed01f5d4-5545-4c64-89b6-17c207d9d767/datanode-2/data/ratis] (custom)
2023-05-05 09:10:25,054 [pool-123-thread-1] INFO  server.RaftServerConfigKeys (ConfUtils.java:logGet(46)) - raft.server.log.corruption.policy = EXCEPTION (default)
2023-05-05 09:10:25,054 [pool-123-thread-1] INFO  server.RaftServerConfigKeys (ConfUtils.java:logGet(46)) - raft.server.storage.free-space.min = 0MB (=0) (default)
2023-05-05 09:10:25,054 [pool-123-thread-1] INFO  server.RaftServerConfigKeys (ConfUtils.java:logGet(46)) - raft.server.notification.no-leader.timeout = 300s (custom)
2023-05-05 09:10:25,054 [pool-123-thread-1] INFO  server.RaftServerConfigKeys (ConfUtils.java:logGet(46)) - raft.server.retrycache.expirytime = 600000ms (custom)
2023-05-05 09:10:25,054 [pool-123-thread-1] INFO  server.RaftServerConfigKeys (ConfUtils.java:logGet(46)) - raft.server.retrycache.statistics.expirytime = 100μs (default)
2023-05-05 09:10:25,055 [pool-123-thread-1] INFO  server.RaftServerConfigKeys (ConfUtils.java:logGet(46)) - raft.server.log.appender.install.snapshot.enabled = false (custom)
2023-05-05 09:10:25,056 [pool-123-thread-1] INFO  server.RaftServerConfigKeys (ConfUtils.java:logGet(46)) - raft.server.threadpool.server.cached = true (default)
2023-05-05 09:10:25,056 [pool-123-thread-1] INFO  server.RaftServerConfigKeys (ConfUtils.java:logGet(46)) - raft.server.threadpool.server.size = 0 (default)
2023-05-05 09:10:25,056 [pool-123-thread-1] INFO  server.RaftServerConfigKeys (ConfUtils.java:logGet(46)) - raft.server.threadpool.client.cached = true (default)
2023-05-05 09:10:25,056 [pool-123-thread-1] INFO  server.RaftServerConfigKeys (ConfUtils.java:logGet(46)) - raft.server.threadpool.client.size = 0 (default)
2023-05-05 09:10:25,056 [pool-123-thread-1] INFO  storage.RaftStorageDirectory (RaftStorageDirectoryImpl.java:analyzeStorage(137)) - The storage directory /home/runner/work/ozone/ozone/hadoop-ozone/integration-test/target/test-dir/MiniOzoneClusterImpl-ed01f5d4-5545-4c64-89b6-17c207d9d767/datanode-2/data/ratis/2bdbe702-3e18-456f-b598-5db8c5cafde0 does not exist. Creating ...
2023-05-05 09:10:25,057 [pool-123-thread-1] INFO  storage.RaftStorageDirectory (RaftStorageDirectoryImpl.java:tryLock(231)) - Lock on /home/runner/work/ozone/ozone/hadoop-ozone/integration-test/target/test-dir/MiniOzoneClusterImpl-ed01f5d4-5545-4c64-89b6-17c207d9d767/datanode-2/data/ratis/2bdbe702-3e18-456f-b598-5db8c5cafde0/in_use.lock acquired by nodename 7812@fv-az152-207
2023-05-05 09:10:25,058 [pool-123-thread-1] INFO  storage.RaftStorage (RaftStorageImpl.java:format(96)) - Storage directory /home/runner/work/ozone/ozone/hadoop-ozone/integration-test/target/test-dir/MiniOzoneClusterImpl-ed01f5d4-5545-4c64-89b6-17c207d9d767/datanode-2/data/ratis/2bdbe702-3e18-456f-b598-5db8c5cafde0 has been successfully formatted.
2023-05-05 09:10:25,059 [pool-123-thread-1] INFO  ratis.ContainerStateMachine (ContainerStateMachine.java:loadSnapshot(262)) - group-5DB8C5CAFDE0: The snapshot info is null. Setting the last applied indexto:(t:0, i:~)
2023-05-05 09:10:25,059 [pool-123-thread-1] INFO  server.RaftServerConfigKeys (ConfUtils.java:logGet(46)) - raft.server.log.use.memory = false (default)
2023-05-05 09:10:25,059 [pool-123-thread-1] INFO  server.RaftServerConfigKeys (ConfUtils.java:logGet(46)) - raft.server.log.purge.gap = 1000000 (custom)
2023-05-05 09:10:25,059 [pool-123-thread-1] INFO  server.RaftServerConfigKeys (ConfUtils.java:logGet(46)) - raft.server.log.appender.buffer.byte-limit = 33554432 (custom)
2023-05-05 09:10:25,059 [pool-123-thread-1] INFO  server.RaftServerConfigKeys (ConfUtils.java:logGet(46)) - raft.server.log.statemachine.data.read.timeout = 1000ms (default)
2023-05-05 09:10:25,059 [pool-123-thread-1] INFO  server.RaftServerConfigKeys (ConfUtils.java:logGet(46)) - raft.server.log.purge.preservation.log.num = 0 (default)
2023-05-05 09:10:25,059 [pool-123-thread-1] INFO  server.RaftServerConfigKeys (ConfUtils.java:logGet(46)) - raft.server.log.segment.size.max = 1048576 (custom)
2023-05-05 09:10:25,060 [pool-123-thread-1] INFO  server.RaftServerConfigKeys (ConfUtils.java:logGet(46)) - raft.server.log.segment.cache.num.max = 2 (custom)
2023-05-05 09:10:25,060 [pool-123-thread-1] INFO  server.RaftServerConfigKeys (ConfUtils.java:logGet(46)) - raft.server.log.segment.cache.size.max = 200MB (=209715200) (default)
2023-05-05 09:10:25,060 [pool-123-thread-1] INFO  segmented.SegmentedRaftLogWorker (SegmentedRaftLogWorker.java:<init>(189)) - new a461b031-87cf-46ec-8015-141f82ba476b@group-5DB8C5CAFDE0-SegmentedRaftLogWorker for RaftStorageImpl:Storage Directory /home/runner/work/ozone/ozone/hadoop-ozone/integration-test/target/test-dir/MiniOzoneClusterImpl-ed01f5d4-5545-4c64-89b6-17c207d9d767/datanode-2/data/ratis/2bdbe702-3e18-456f-b598-5db8c5cafde0
2023-05-05 09:10:25,060 [pool-123-thread-1] INFO  server.RaftServerConfigKeys (ConfUtils.java:logGet(46)) - raft.server.log.queue.byte-limit = 4294967296 (custom)
2023-05-05 09:10:25,060 [pool-123-thread-1] INFO  server.RaftServerConfigKeys (ConfUtils.java:logGet(46)) - raft.server.log.queue.element-limit = 1024 (custom)
2023-05-05 09:10:25,060 [pool-123-thread-1] INFO  server.RaftServerConfigKeys (ConfUtils.java:logGet(46)) - raft.server.log.segment.size.max = 1048576 (custom)
2023-05-05 09:10:25,060 [pool-123-thread-1] INFO  server.RaftServerConfigKeys (ConfUtils.java:logGet(46)) - raft.server.log.preallocated.size = 16384 (custom)
2023-05-05 09:10:25,060 [pool-123-thread-1] INFO  server.RaftServerConfigKeys (ConfUtils.java:logGet(46)) - raft.server.log.force.sync.num = 128 (default)
2023-05-05 09:10:25,060 [pool-123-thread-1] INFO  server.RaftServerConfigKeys (ConfUtils.java:logGet(46)) - raft.server.log.statemachine.data.sync = true (default)
2023-05-05 09:10:25,060 [pool-123-thread-1] INFO  server.RaftServerConfigKeys (ConfUtils.java:logGet(46)) - raft.server.log.statemachine.data.sync.timeout = 10s (default)
2023-05-05 09:10:25,060 [pool-123-thread-1] INFO  server.RaftServerConfigKeys (ConfUtils.java:logGet(46)) - raft.server.log.statemachine.data.sync.timeout.retry = -1 (default)
2023-05-05 09:10:25,061 [EventQueue-PipelineReportForPipelineReportHandler] INFO  pipeline.PipelineManagerImpl (PipelineManagerImpl.java:openPipeline(367)) - Pipeline Pipeline[ Id: 2bdbe702-3e18-456f-b598-5db8c5cafde0, Nodes: a461b031-87cf-46ec-8015-141f82ba476b(fv-az152-207.qln5d00okglujjccfnhxhxodph.cx.internal.cloudapp.net/10.1.0.42), ReplicationConfig: RATIS/ONE, State:ALLOCATED, leaderId:a461b031-87cf-46ec-8015-141f82ba476b, CreationTimestamp2023-05-05T09:10:22.056Z[Etc/UTC]] moved to OPEN state
2023-05-05 09:10:25,061 [pool-123-thread-1] INFO  server.RaftServerConfigKeys (ConfUtils.java:logGet(46)) - raft.server.log.write.buffer.size = 1048576 (custom)
2023-05-05 09:10:25,061 [EventQueue-OpenPipelineForHealthyPipelineSafeModeRule] INFO  safemode.SCMSafeModeManager (HealthyPipelineSafeModeRule.java:process(137)) - SCM in safe mode. Healthy pipelines reported count is 0, required healthy pipeline reported count is 1
2023-05-05 09:10:25,064 [pool-123-thread-1] INFO  server.RaftServerConfigKeys (ConfUtils.java:logGet(46)) - raft.server.log.appender.buffer.byte-limit = 33554432 (custom)
2023-05-05 09:10:25,306 [JvmPauseMonitor1] WARN  util.JvmPauseMonitor (JvmPauseMonitor.java:detectPause(126)) - JvmPauseMonitor-13da8014-cf59-4ce9-8837-b97ce342a136: Detected pause in JVM or host machine (eg GC): pause of approximately 156633553ns.
GC pool 'PS MarkSweep' had collection(s): count=1 time=158ms
GC pool 'PS Scavenge' had collection(s): count=1 time=83ms
2023-05-05 09:10:25,312 [JvmPauseMonitor3] WARN  util.JvmPauseMonitor (JvmPauseMonitor.java:detectPause(126)) - JvmPauseMonitor-a461b031-87cf-46ec-8015-141f82ba476b: Detected pause in JVM or host machine (eg GC): pause of approximately 211334740ns.
GC pool 'PS MarkSweep' had collection(s): count=1 time=158ms
GC pool 'PS Scavenge' had collection(s): count=1 time=83ms
2023-05-05 09:10:25,322 [pool-123-thread-1] INFO  server.RaftServerConfigKeys (ConfUtils.java:logGet(46)) - raft.server.log.unsafe-flush.enabled = false (default)
2023-05-05 09:10:25,323 [pool-123-thread-1] INFO  server.RaftServerConfigKeys (ConfUtils.java:logGet(46)) - raft.server.log.async-flush.enabled = false (default)
2023-05-05 09:10:25,323 [pool-123-thread-1] INFO  server.RaftServerConfigKeys (ConfUtils.java:logGet(46)) - raft.server.log.statemachine.data.caching.enabled = true (custom)
2023-05-05 09:10:25,323 [pool-123-thread-1] INFO  segmented.SegmentedRaftLogWorker (SegmentedRaftLogWorker.java:lambda$new$0(135)) - a461b031-87cf-46ec-8015-141f82ba476b@group-5DB8C5CAFDE0-SegmentedRaftLogWorker: flushIndex: setUnconditionally 0 -> -1
2023-05-05 09:10:25,323 [pool-123-thread-1] INFO  segmented.SegmentedRaftLogWorker (SegmentedRaftLogWorker.java:lambda$new$0(135)) - a461b031-87cf-46ec-8015-141f82ba476b@group-5DB8C5CAFDE0-SegmentedRaftLogWorker: safeCacheEvictIndex: setUnconditionally 0 -> -1
2023-05-05 09:10:25,328 [pool-123-thread-1] INFO  server.RaftServer$Division (RaftServerImpl.java:start(334)) - a461b031-87cf-46ec-8015-141f82ba476b@group-5DB8C5CAFDE0: start as a follower, conf=-1: peers:[a461b031-87cf-46ec-8015-141f82ba476b|rpc:10.1.0.42:41513|dataStream:10.1.0.42:44165|priority:1|startupRole:FOLLOWER]|listeners:[], old=null
2023-05-05 09:10:25,328 [pool-123-thread-1] INFO  server.RaftServer$Division (RaftServerImpl.java:setRole(321)) - a461b031-87cf-46ec-8015-141f82ba476b@group-5DB8C5CAFDE0: changes role from      null to FOLLOWER at term 0 for startAsFollower
2023-05-05 09:10:25,328 [pool-123-thread-1] INFO  impl.RoleInfo (RoleInfo.java:updateAndGet(139)) - a461b031-87cf-46ec-8015-141f82ba476b: start a461b031-87cf-46ec-8015-141f82ba476b@group-5DB8C5CAFDE0-FollowerState
2023-05-05 09:10:25,329 [pool-123-thread-1] INFO  util.JmxRegister (JmxRegister.java:tryRegister(44)) - Successfully registered JMX Bean with object name Ratis:service=RaftServer,group=group-5DB8C5CAFDE0,id=a461b031-87cf-46ec-8015-141f82ba476b
2023-05-05 09:10:25,329 [a461b031-87cf-46ec-8015-141f82ba476b@group-5DB8C5CAFDE0-FollowerState] INFO  server.RaftServerConfigKeys (ConfUtils.java:logFallback(53)) - raft.server.rpc.first-election.timeout.min = 5s (fallback to raft.server.rpc.timeout.min)
2023-05-05 09:10:25,331 [pool-123-thread-1] INFO  server.RaftServerConfigKeys (ConfUtils.java:logGet(46)) - raft.server.snapshot.auto.trigger.enabled = true (custom)
2023-05-05 09:10:25,331 [a461b031-87cf-46ec-8015-141f82ba476b@group-5DB8C5CAFDE0-FollowerState] INFO  server.RaftServerConfigKeys (ConfUtils.java:logFallback(53)) - raft.server.rpc.first-election.timeout.max = 5200ms (fallback to raft.server.rpc.timeout.max)
2023-05-05 09:10:25,331 [pool-123-thread-1] INFO  server.RaftServerConfigKeys (ConfUtils.java:logGet(46)) - raft.server.snapshot.auto.trigger.threshold = 10000 (custom)
2023-05-05 09:10:25,331 [pool-123-thread-1] INFO  server.RaftServerConfigKeys (ConfUtils.java:logGet(46)) - raft.server.snapshot.retention.file.num = 5 (custom)
2023-05-05 09:10:25,331 [pool-123-thread-1] INFO  server.RaftServerConfigKeys (ConfUtils.java:logGet(46)) - raft.server.log.purge.upto.snapshot.index = false (default)
2023-05-05 09:10:25,340 [Command processor thread] INFO  ratis.XceiverServerRatis (XceiverServerRatis.java:addGroup(806)) - Created group PipelineID=2bdbe702-3e18-456f-b598-5db8c5cafde0
2023-05-05 09:10:25,340 [Command processor thread] INFO  commandhandler.CreatePipelineCommandHandler (CreatePipelineCommandHandler.java:handle(113)) - Created Pipeline RATIS ONE PipelineID=2bdbe702-3e18-456f-b598-5db8c5cafde0.
2023-05-05 09:10:26,043 [Listener at 127.0.0.1/44179] INFO  ozone.MiniOzoneClusterImpl (MiniOzoneClusterImpl.java:lambda$waitForClusterToBeReady$0(223)) - Nodes are ready. Got 3 of 3 DN Heartbeats.
2023-05-05 09:10:26,044 [Listener at 127.0.0.1/44179] INFO  ozone.MiniOzoneClusterImpl (MiniOzoneClusterImpl.java:lambda$waitForClusterToBeReady$0(226)) - Waiting for cluster to exit safe mode
2023-05-05 09:10:26,044 [Listener at 127.0.0.1/44179] INFO  ozone.MiniOzoneClusterImpl (MiniOzoneClusterImpl.java:lambda$waitForClusterToBeReady$0(228)) - SCM became leader
2023-05-05 09:10:27,044 [Listener at 127.0.0.1/44179] INFO  ozone.MiniOzoneClusterImpl (MiniOzoneClusterImpl.java:lambda$waitForClusterToBeReady$0(223)) - Nodes are ready. Got 3 of 3 DN Heartbeats.
2023-05-05 09:10:27,044 [Listener at 127.0.0.1/44179] INFO  ozone.MiniOzoneClusterImpl (MiniOzoneClusterImpl.java:lambda$waitForClusterToBeReady$0(226)) - Waiting for cluster to exit safe mode
2023-05-05 09:10:27,044 [Listener at 127.0.0.1/44179] INFO  ozone.MiniOzoneClusterImpl (MiniOzoneClusterImpl.java:lambda$waitForClusterToBeReady$0(228)) - SCM became leader
2023-05-05 09:10:28,044 [Listener at 127.0.0.1/44179] INFO  ozone.MiniOzoneClusterImpl (MiniOzoneClusterImpl.java:lambda$waitForClusterToBeReady$0(223)) - Nodes are ready. Got 3 of 3 DN Heartbeats.
2023-05-05 09:10:28,044 [Listener at 127.0.0.1/44179] INFO  ozone.MiniOzoneClusterImpl (MiniOzoneClusterImpl.java:lambda$waitForClusterToBeReady$0(226)) - Waiting for cluster to exit safe mode
2023-05-05 09:10:28,045 [Listener at 127.0.0.1/44179] INFO  ozone.MiniOzoneClusterImpl (MiniOzoneClusterImpl.java:lambda$waitForClusterToBeReady$0(228)) - SCM became leader
2023-05-05 09:10:29,045 [Listener at 127.0.0.1/44179] INFO  ozone.MiniOzoneClusterImpl (MiniOzoneClusterImpl.java:lambda$waitForClusterToBeReady$0(223)) - Nodes are ready. Got 3 of 3 DN Heartbeats.
2023-05-05 09:10:29,045 [Listener at 127.0.0.1/44179] INFO  ozone.MiniOzoneClusterImpl (MiniOzoneClusterImpl.java:lambda$waitForClusterToBeReady$0(226)) - Waiting for cluster to exit safe mode
2023-05-05 09:10:29,045 [Listener at 127.0.0.1/44179] INFO  ozone.MiniOzoneClusterImpl (MiniOzoneClusterImpl.java:lambda$waitForClusterToBeReady$0(228)) - SCM became leader
2023-05-05 09:10:29,214 [13da8014-cf59-4ce9-8837-b97ce342a136@group-970AC766E94D-FollowerState] INFO  impl.FollowerState (FollowerState.java:run(143)) - 13da8014-cf59-4ce9-8837-b97ce342a136@group-970AC766E94D-FollowerState: change to CANDIDATE, lastRpcElapsedTime:5109812992ns, electionTimeout:5108ms
2023-05-05 09:10:29,215 [13da8014-cf59-4ce9-8837-b97ce342a136@group-970AC766E94D-FollowerState] INFO  impl.RoleInfo (RoleInfo.java:shutdownFollowerState(110)) - 13da8014-cf59-4ce9-8837-b97ce342a136: shutdown 13da8014-cf59-4ce9-8837-b97ce342a136@group-970AC766E94D-FollowerState
2023-05-05 09:10:29,215 [13da8014-cf59-4ce9-8837-b97ce342a136@group-970AC766E94D-FollowerState] INFO  server.RaftServer$Division (RaftServerImpl.java:setRole(321)) - 13da8014-cf59-4ce9-8837-b97ce342a136@group-970AC766E94D: changes role from  FOLLOWER to CANDIDATE at term 0 for changeToCandidate
2023-05-05 09:10:29,216 [13da8014-cf59-4ce9-8837-b97ce342a136@group-970AC766E94D-FollowerState] INFO  server.RaftServerConfigKeys (ConfUtils.java:logGet(46)) - raft.server.leaderelection.pre-vote = true (default)
2023-05-05 09:10:29,216 [13da8014-cf59-4ce9-8837-b97ce342a136@group-970AC766E94D-FollowerState] INFO  impl.RoleInfo (RoleInfo.java:updateAndGet(139)) - 13da8014-cf59-4ce9-8837-b97ce342a136: start 13da8014-cf59-4ce9-8837-b97ce342a136@group-970AC766E94D-LeaderElection2
2023-05-05 09:10:29,222 [13da8014-cf59-4ce9-8837-b97ce342a136@group-970AC766E94D-LeaderElection2] INFO  impl.LeaderElection (LeaderElection.java:askForVotes(312)) - 13da8014-cf59-4ce9-8837-b97ce342a136@group-970AC766E94D-LeaderElection2 PRE_VOTE round 0: submit vote requests at term 0 for -1: peers:[13da8014-cf59-4ce9-8837-b97ce342a136|rpc:10.1.0.42:33283|dataStream:10.1.0.42:43129|priority:1|startupRole:FOLLOWER]|listeners:[], old=null
2023-05-05 09:10:29,222 [13da8014-cf59-4ce9-8837-b97ce342a136@group-970AC766E94D-LeaderElection2] INFO  impl.LeaderElection (LeaderElection.java:askForVotes(314)) - 13da8014-cf59-4ce9-8837-b97ce342a136@group-970AC766E94D-LeaderElection2 PRE_VOTE round 0: result PASSED (term=0)
2023-05-05 09:10:29,224 [13da8014-cf59-4ce9-8837-b97ce342a136@group-970AC766E94D-LeaderElection2] INFO  impl.LeaderElection (LeaderElection.java:askForVotes(312)) - 13da8014-cf59-4ce9-8837-b97ce342a136@group-970AC766E94D-LeaderElection2 ELECTION round 0: submit vote requests at term 1 for -1: peers:[13da8014-cf59-4ce9-8837-b97ce342a136|rpc:10.1.0.42:33283|dataStream:10.1.0.42:43129|priority:1|startupRole:FOLLOWER]|listeners:[], old=null
2023-05-05 09:10:29,224 [13da8014-cf59-4ce9-8837-b97ce342a136@group-970AC766E94D-LeaderElection2] INFO  impl.LeaderElection (LeaderElection.java:askForVotes(314)) - 13da8014-cf59-4ce9-8837-b97ce342a136@group-970AC766E94D-LeaderElection2 ELECTION round 0: result PASSED (term=1)
2023-05-05 09:10:29,224 [13da8014-cf59-4ce9-8837-b97ce342a136@group-970AC766E94D-LeaderElection2] INFO  impl.RoleInfo (RoleInfo.java:shutdownLeaderElection(130)) - 13da8014-cf59-4ce9-8837-b97ce342a136: shutdown 13da8014-cf59-4ce9-8837-b97ce342a136@group-970AC766E94D-LeaderElection2
2023-05-05 09:10:29,224 [13da8014-cf59-4ce9-8837-b97ce342a136@group-970AC766E94D-LeaderElection2] INFO  server.RaftServer$Division (RaftServerImpl.java:setRole(321)) - 13da8014-cf59-4ce9-8837-b97ce342a136@group-970AC766E94D: changes role from CANDIDATE to LEADER at term 1 for changeToLeader
2023-05-05 09:10:29,224 [13da8014-cf59-4ce9-8837-b97ce342a136@group-970AC766E94D-LeaderElection2] INFO  ratis.XceiverServerRatis (XceiverServerRatis.java:handleLeaderChangedNotification(904)) - Leader change notification received for group: group-970AC766E94D with new leaderId: 13da8014-cf59-4ce9-8837-b97ce342a136
2023-05-05 09:10:29,224 [13da8014-cf59-4ce9-8837-b97ce342a136@group-970AC766E94D-LeaderElection2] INFO  server.RaftServer$Division (ServerState.java:setLeader(313)) - 13da8014-cf59-4ce9-8837-b97ce342a136@group-970AC766E94D: change Leader from null to 13da8014-cf59-4ce9-8837-b97ce342a136 at term 1 for becomeLeader, leader elected after 5149ms
2023-05-05 09:10:29,225 [13da8014-cf59-4ce9-8837-b97ce342a136@group-970AC766E94D-LeaderElection2] INFO  server.RaftServerConfigKeys (ConfUtils.java:logGet(46)) - raft.server.staging.catchup.gap = 1000 (default)
2023-05-05 09:10:29,225 [13da8014-cf59-4ce9-8837-b97ce342a136@group-970AC766E94D-LeaderElection2] INFO  server.RaftServerConfigKeys (ConfUtils.java:logGet(46)) - raft.server.write.element-limit = 1024 (custom)
2023-05-05 09:10:29,225 [13da8014-cf59-4ce9-8837-b97ce342a136@group-970AC766E94D-LeaderElection2] INFO  server.RaftServerConfigKeys (ConfUtils.java:logGet(46)) - raft.server.write.byte-limit = 1024 M (=1073741824) (custom)
2023-05-05 09:10:29,225 [13da8014-cf59-4ce9-8837-b97ce342a136@group-970AC766E94D-LeaderElection2] INFO  server.RaftServerConfigKeys (ConfUtils.java:logGet(46)) - raft.server.watch.timeout = 180s (custom)
2023-05-05 09:10:29,225 [13da8014-cf59-4ce9-8837-b97ce342a136@group-970AC766E94D-LeaderElection2] INFO  server.RaftServerConfigKeys (ConfUtils.java:logGet(46)) - raft.server.watch.timeout.denomination = 1s (default)
2023-05-05 09:10:29,226 [13da8014-cf59-4ce9-8837-b97ce342a136@group-970AC766E94D-LeaderElection2] INFO  server.RaftServerConfigKeys (ConfUtils.java:logGet(46)) - raft.server.watch.element-limit = 65536 (default)
2023-05-05 09:10:29,226 [13da8014-cf59-4ce9-8837-b97ce342a136@group-970AC766E94D-LeaderElection2] INFO  server.RaftServerConfigKeys (ConfUtils.java:logGet(46)) - raft.server.write.element-limit = 1024 (custom)
2023-05-05 09:10:29,226 [13da8014-cf59-4ce9-8837-b97ce342a136@group-970AC766E94D-LeaderElection2] INFO  server.RaftServerConfigKeys (ConfUtils.java:logGet(46)) - raft.server.write.follower.gap.ratio.max = -1.0 (default)
2023-05-05 09:10:29,226 [13da8014-cf59-4ce9-8837-b97ce342a136@group-970AC766E94D-LeaderElection2] INFO  impl.RoleInfo (RoleInfo.java:updateAndGet(139)) - 13da8014-cf59-4ce9-8837-b97ce342a136: start 13da8014-cf59-4ce9-8837-b97ce342a136@group-970AC766E94D-LeaderStateImpl
2023-05-05 09:10:29,226 [13da8014-cf59-4ce9-8837-b97ce342a136@group-970AC766E94D-LeaderElection2] INFO  segmented.SegmentedRaftLogWorker (SegmentedRaftLogWorker.java:startLogSegment(452)) - 13da8014-cf59-4ce9-8837-b97ce342a136@group-970AC766E94D-SegmentedRaftLogWorker: Starting segment from index:0
2023-05-05 09:10:29,228 [13da8014-cf59-4ce9-8837-b97ce342a136@group-970AC766E94D-SegmentedRaftLogWorker] INFO  segmented.SegmentedRaftLogWorker (SegmentedRaftLogWorker.java:execute(656)) - 13da8014-cf59-4ce9-8837-b97ce342a136@group-970AC766E94D-SegmentedRaftLogWorker: created new log segment /home/runner/work/ozone/ozone/hadoop-ozone/integration-test/target/test-dir/MiniOzoneClusterImpl-ed01f5d4-5545-4c64-89b6-17c207d9d767/datanode-0/data/ratis/e2cf92e9-e8e8-4e8c-9411-970ac766e94d/current/log_inprogress_0
2023-05-05 09:10:29,229 [EventQueue-OpenPipelineForHealthyPipelineSafeModeRule] INFO  safemode.SCMSafeModeManager (HealthyPipelineSafeModeRule.java:process(137)) - SCM in safe mode. Healthy pipelines reported count is 0, required healthy pipeline reported count is 1
2023-05-05 09:10:29,233 [13da8014-cf59-4ce9-8837-b97ce342a136@group-970AC766E94D-LeaderElection2] INFO  server.RaftServer$Division (ServerState.java:setRaftConf(430)) - 13da8014-cf59-4ce9-8837-b97ce342a136@group-970AC766E94D: set configuration 0: peers:[13da8014-cf59-4ce9-8837-b97ce342a136|rpc:10.1.0.42:33283|dataStream:10.1.0.42:43129|priority:1|startupRole:FOLLOWER]|listeners:[], old=null
2023-05-05 09:10:29,257 [13da8014-cf59-4ce9-8837-b97ce342a136@group-8C23974A5725-FollowerState] INFO  impl.FollowerState (FollowerState.java:run(143)) - 13da8014-cf59-4ce9-8837-b97ce342a136@group-8C23974A5725-FollowerState: change to CANDIDATE, lastRpcElapsedTime:5112230954ns, electionTimeout:5110ms
2023-05-05 09:10:29,258 [13da8014-cf59-4ce9-8837-b97ce342a136@group-8C23974A5725-FollowerState] INFO  impl.RoleInfo (RoleInfo.java:shutdownFollowerState(110)) - 13da8014-cf59-4ce9-8837-b97ce342a136: shutdown 13da8014-cf59-4ce9-8837-b97ce342a136@group-8C23974A5725-FollowerState
2023-05-05 09:10:29,258 [13da8014-cf59-4ce9-8837-b97ce342a136@group-8C23974A5725-FollowerState] INFO  server.RaftServer$Division (RaftServerImpl.java:setRole(321)) - 13da8014-cf59-4ce9-8837-b97ce342a136@group-8C23974A5725: changes role from  FOLLOWER to CANDIDATE at term 0 for changeToCandidate
2023-05-05 09:10:29,259 [13da8014-cf59-4ce9-8837-b97ce342a136@group-8C23974A5725-FollowerState] INFO  server.RaftServerConfigKeys (ConfUtils.java:logGet(46)) - raft.server.leaderelection.pre-vote = true (default)
2023-05-05 09:10:29,259 [13da8014-cf59-4ce9-8837-b97ce342a136@group-8C23974A5725-FollowerState] INFO  impl.RoleInfo (RoleInfo.java:updateAndGet(139)) - 13da8014-cf59-4ce9-8837-b97ce342a136: start 13da8014-cf59-4ce9-8837-b97ce342a136@group-8C23974A5725-LeaderElection3
2023-05-05 09:10:29,260 [13da8014-cf59-4ce9-8837-b97ce342a136@group-8C23974A5725-LeaderElection3] INFO  impl.LeaderElection (LeaderElection.java:askForVotes(312)) - 13da8014-cf59-4ce9-8837-b97ce342a136@group-8C23974A5725-LeaderElection3 PRE_VOTE round 0: submit vote requests at term 0 for -1: peers:[2cb290fa-4f34-406f-8eca-2b7b4ff38328|rpc:10.1.0.42:33685|dataStream:10.1.0.42:44345|priority:0|startupRole:FOLLOWER, 13da8014-cf59-4ce9-8837-b97ce342a136|rpc:10.1.0.42:33283|dataStream:10.1.0.42:43129|priority:1|startupRole:FOLLOWER, a461b031-87cf-46ec-8015-141f82ba476b|rpc:10.1.0.42:41513|dataStream:10.1.0.42:44165|priority:0|startupRole:FOLLOWER]|listeners:[], old=null
2023-05-05 09:10:29,265 [13da8014-cf59-4ce9-8837-b97ce342a136@group-8C23974A5725-LeaderElection3] INFO  server.RaftServerConfigKeys (ConfUtils.java:logFallback(53)) - raft.server.rpc.first-election.timeout.min = 5s (fallback to raft.server.rpc.timeout.min)
2023-05-05 09:10:29,265 [13da8014-cf59-4ce9-8837-b97ce342a136@group-8C23974A5725-LeaderElection3] INFO  server.RaftServerConfigKeys (ConfUtils.java:logFallback(53)) - raft.server.rpc.first-election.timeout.max = 5200ms (fallback to raft.server.rpc.timeout.max)
2023-05-05 09:10:29,265 [13da8014-cf59-4ce9-8837-b97ce342a136@group-8C23974A5725-LeaderElection3-1] INFO  server.GrpcServerProtocolClient (GrpcServerProtocolClient.java:<init>(63)) - Build channel for 2cb290fa-4f34-406f-8eca-2b7b4ff38328
2023-05-05 09:10:29,266 [13da8014-cf59-4ce9-8837-b97ce342a136@group-8C23974A5725-LeaderElection3-2] INFO  server.GrpcServerProtocolClient (GrpcServerProtocolClient.java:<init>(63)) - Build channel for a461b031-87cf-46ec-8015-141f82ba476b
2023-05-05 09:10:29,297 [grpc-default-executor-1] INFO  server.RaftServer$Division (RaftServerImpl.java:requestVote(1218)) - 2cb290fa-4f34-406f-8eca-2b7b4ff38328@group-8C23974A5725: receive requestVote(PRE_VOTE, 13da8014-cf59-4ce9-8837-b97ce342a136, group-8C23974A5725, 0, (t:0, i:0))
2023-05-05 09:10:29,299 [grpc-default-executor-1] INFO  impl.VoteContext (VoteContext.java:log(49)) - 2cb290fa-4f34-406f-8eca-2b7b4ff38328@group-8C23974A5725-FOLLOWER: accept PRE_VOTE from 13da8014-cf59-4ce9-8837-b97ce342a136: our priority 0 <= candidate's priority 1
2023-05-05 09:10:29,305 [grpc-default-executor-1] INFO  server.RaftServer$Division (RaftServerImpl.java:requestVote(1251)) - 2cb290fa-4f34-406f-8eca-2b7b4ff38328@group-8C23974A5725 replies to PRE_VOTE vote request: 13da8014-cf59-4ce9-8837-b97ce342a136<-2cb290fa-4f34-406f-8eca-2b7b4ff38328#0:OK-t0. Peer's state: 2cb290fa-4f34-406f-8eca-2b7b4ff38328@group-8C23974A5725:t0, leader=null, voted=, raftlog=Memoized:2cb290fa-4f34-406f-8eca-2b7b4ff38328@group-8C23974A5725-SegmentedRaftLog:OPENED:c-1, conf=-1: peers:[2cb290fa-4f34-406f-8eca-2b7b4ff38328|rpc:10.1.0.42:33685|dataStream:10.1.0.42:44345|priority:0|startupRole:FOLLOWER, 13da8014-cf59-4ce9-8837-b97ce342a136|rpc:10.1.0.42:33283|dataStream:10.1.0.42:43129|priority:1|startupRole:FOLLOWER, a461b031-87cf-46ec-8015-141f82ba476b|rpc:10.1.0.42:41513|dataStream:10.1.0.42:44165|priority:0|startupRole:FOLLOWER]|listeners:[], old=null
2023-05-05 09:10:29,307 [grpc-default-executor-0] INFO  server.RaftServer$Division (RaftServerImpl.java:requestVote(1218)) - a461b031-87cf-46ec-8015-141f82ba476b@group-8C23974A5725: receive requestVote(PRE_VOTE, 13da8014-cf59-4ce9-8837-b97ce342a136, group-8C23974A5725, 0, (t:0, i:0))
2023-05-05 09:10:29,308 [13da8014-cf59-4ce9-8837-b97ce342a136@group-8C23974A5725-LeaderElection3] INFO  impl.LeaderElection (LeaderElection.java:logAndReturn(90)) - 13da8014-cf59-4ce9-8837-b97ce342a136@group-8C23974A5725-LeaderElection3: PRE_VOTE PASSED received 1 response(s) and 0 exception(s):
2023-05-05 09:10:29,310 [13da8014-cf59-4ce9-8837-b97ce342a136@group-8C23974A5725-LeaderElection3] INFO  impl.LeaderElection (LeaderElection.java:logAndReturn(94)) -   Response 0: 13da8014-cf59-4ce9-8837-b97ce342a136<-2cb290fa-4f34-406f-8eca-2b7b4ff38328#0:OK-t0
2023-05-05 09:10:29,310 [13da8014-cf59-4ce9-8837-b97ce342a136@group-8C23974A5725-LeaderElection3] INFO  impl.LeaderElection (LeaderElection.java:askForVotes(314)) - 13da8014-cf59-4ce9-8837-b97ce342a136@group-8C23974A5725-LeaderElection3 PRE_VOTE round 0: result PASSED
2023-05-05 09:10:29,307 [grpc-default-executor-0] INFO  impl.VoteContext (VoteContext.java:log(49)) - a461b031-87cf-46ec-8015-141f82ba476b@group-8C23974A5725-FOLLOWER: accept PRE_VOTE from 13da8014-cf59-4ce9-8837-b97ce342a136: our priority 0 <= candidate's priority 1
2023-05-05 09:10:29,312 [grpc-default-executor-0] INFO  server.RaftServer$Division (RaftServerImpl.java:requestVote(1251)) - a461b031-87cf-46ec-8015-141f82ba476b@group-8C23974A5725 replies to PRE_VOTE vote request: 13da8014-cf59-4ce9-8837-b97ce342a136<-a461b031-87cf-46ec-8015-141f82ba476b#0:OK-t0. Peer's state: a461b031-87cf-46ec-8015-141f82ba476b@group-8C23974A5725:t0, leader=null, voted=, raftlog=Memoized:a461b031-87cf-46ec-8015-141f82ba476b@group-8C23974A5725-SegmentedRaftLog:OPENED:c-1, conf=-1: peers:[2cb290fa-4f34-406f-8eca-2b7b4ff38328|rpc:10.1.0.42:33685|dataStream:10.1.0.42:44345|priority:0|startupRole:FOLLOWER, 13da8014-cf59-4ce9-8837-b97ce342a136|rpc:10.1.0.42:33283|dataStream:10.1.0.42:43129|priority:1|startupRole:FOLLOWER, a461b031-87cf-46ec-8015-141f82ba476b|rpc:10.1.0.42:41513|dataStream:10.1.0.42:44165|priority:0|startupRole:FOLLOWER]|listeners:[], old=null
2023-05-05 09:10:29,313 [13da8014-cf59-4ce9-8837-b97ce342a136@group-8C23974A5725-LeaderElection3] INFO  impl.LeaderElection (LeaderElection.java:askForVotes(312)) - 13da8014-cf59-4ce9-8837-b97ce342a136@group-8C23974A5725-LeaderElection3 ELECTION round 0: submit vote requests at term 1 for -1: peers:[2cb290fa-4f34-406f-8eca-2b7b4ff38328|rpc:10.1.0.42:33685|dataStream:10.1.0.42:44345|priority:0|startupRole:FOLLOWER, 13da8014-cf59-4ce9-8837-b97ce342a136|rpc:10.1.0.42:33283|dataStream:10.1.0.42:43129|priority:1|startupRole:FOLLOWER, a461b031-87cf-46ec-8015-141f82ba476b|rpc:10.1.0.42:41513|dataStream:10.1.0.42:44165|priority:0|startupRole:FOLLOWER]|listeners:[], old=null
2023-05-05 09:10:29,315 [13da8014-cf59-4ce9-8837-b97ce342a136@group-8C23974A5725-LeaderElection3] INFO  server.RaftServerConfigKeys (ConfUtils.java:logFallback(53)) - raft.server.rpc.first-election.timeout.min = 5s (fallback to raft.server.rpc.timeout.min)
2023-05-05 09:10:29,316 [13da8014-cf59-4ce9-8837-b97ce342a136@group-8C23974A5725-LeaderElection3] INFO  server.RaftServerConfigKeys (ConfUtils.java:logFallback(53)) - raft.server.rpc.first-election.timeout.max = 5200ms (fallback to raft.server.rpc.timeout.max)
2023-05-05 09:10:29,326 [grpc-default-executor-0] INFO  server.RaftServer$Division (RaftServerImpl.java:requestVote(1218)) - 2cb290fa-4f34-406f-8eca-2b7b4ff38328@group-8C23974A5725: receive requestVote(ELECTION, 13da8014-cf59-4ce9-8837-b97ce342a136, group-8C23974A5725, 1, (t:0, i:0))
2023-05-05 09:10:29,327 [grpc-default-executor-1] INFO  server.RaftServer$Division (RaftServerImpl.java:requestVote(1218)) - a461b031-87cf-46ec-8015-141f82ba476b@group-8C23974A5725: receive requestVote(ELECTION, 13da8014-cf59-4ce9-8837-b97ce342a136, group-8C23974A5725, 1, (t:0, i:0))
2023-05-05 09:10:29,327 [grpc-default-executor-0] INFO  impl.VoteContext (VoteContext.java:log(49)) - 2cb290fa-4f34-406f-8eca-2b7b4ff38328@group-8C23974A5725-FOLLOWER: accept ELECTION from 13da8014-cf59-4ce9-8837-b97ce342a136: our priority 0 <= candidate's priority 1
2023-05-05 09:10:29,328 [grpc-default-executor-0] INFO  server.RaftServer$Division (RaftServerImpl.java:setRole(321)) - 2cb290fa-4f34-406f-8eca-2b7b4ff38328@group-8C23974A5725: changes role from  FOLLOWER to FOLLOWER at term 1 for candidate:13da8014-cf59-4ce9-8837-b97ce342a136
2023-05-05 09:10:29,328 [grpc-default-executor-0] INFO  impl.RoleInfo (RoleInfo.java:shutdownFollowerState(110)) - 2cb290fa-4f34-406f-8eca-2b7b4ff38328: shutdown 2cb290fa-4f34-406f-8eca-2b7b4ff38328@group-8C23974A5725-FollowerState
2023-05-05 09:10:29,328 [2cb290fa-4f34-406f-8eca-2b7b4ff38328@group-8C23974A5725-FollowerState] INFO  impl.FollowerState (FollowerState.java:run(152)) - 2cb290fa-4f34-406f-8eca-2b7b4ff38328@group-8C23974A5725-FollowerState was interrupted
2023-05-05 09:10:29,328 [grpc-default-executor-1] INFO  impl.VoteContext (VoteContext.java:log(49)) - a461b031-87cf-46ec-8015-141f82ba476b@group-8C23974A5725-FOLLOWER: accept ELECTION from 13da8014-cf59-4ce9-8837-b97ce342a136: our priority 0 <= candidate's priority 1
2023-05-05 09:10:29,328 [grpc-default-executor-1] INFO  server.RaftServer$Division (RaftServerImpl.java:setRole(321)) - a461b031-87cf-46ec-8015-141f82ba476b@group-8C23974A5725: changes role from  FOLLOWER to FOLLOWER at term 1 for candidate:13da8014-cf59-4ce9-8837-b97ce342a136
2023-05-05 09:10:29,328 [grpc-default-executor-1] INFO  impl.RoleInfo (RoleInfo.java:shutdownFollowerState(110)) - a461b031-87cf-46ec-8015-141f82ba476b: shutdown a461b031-87cf-46ec-8015-141f82ba476b@group-8C23974A5725-FollowerState
2023-05-05 09:10:29,330 [grpc-default-executor-0] INFO  impl.RoleInfo (RoleInfo.java:updateAndGet(139)) - 2cb290fa-4f34-406f-8eca-2b7b4ff38328: start 2cb290fa-4f34-406f-8eca-2b7b4ff38328@group-8C23974A5725-FollowerState
2023-05-05 09:10:29,330 [a461b031-87cf-46ec-8015-141f82ba476b@group-8C23974A5725-FollowerState] INFO  impl.FollowerState (FollowerState.java:run(152)) - a461b031-87cf-46ec-8015-141f82ba476b@group-8C23974A5725-FollowerState was interrupted
2023-05-05 09:10:29,331 [2cb290fa-4f34-406f-8eca-2b7b4ff38328@group-8C23974A5725-FollowerState] INFO  server.RaftServerConfigKeys (ConfUtils.java:logFallback(53)) - raft.server.rpc.first-election.timeout.min = 5s (fallback to raft.server.rpc.timeout.min)
2023-05-05 09:10:29,331 [2cb290fa-4f34-406f-8eca-2b7b4ff38328@group-8C23974A5725-FollowerState] INFO  server.RaftServerConfigKeys (ConfUtils.java:logFallback(53)) - raft.server.rpc.first-election.timeout.max = 5200ms (fallback to raft.server.rpc.timeout.max)
2023-05-05 09:10:29,331 [grpc-default-executor-0] INFO  server.RaftServer$Division (RaftServerImpl.java:requestVote(1251)) - 2cb290fa-4f34-406f-8eca-2b7b4ff38328@group-8C23974A5725 replies to ELECTION vote request: 13da8014-cf59-4ce9-8837-b97ce342a136<-2cb290fa-4f34-406f-8eca-2b7b4ff38328#0:OK-t1. Peer's state: 2cb290fa-4f34-406f-8eca-2b7b4ff38328@group-8C23974A5725:t1, leader=null, voted=13da8014-cf59-4ce9-8837-b97ce342a136, raftlog=Memoized:2cb290fa-4f34-406f-8eca-2b7b4ff38328@group-8C23974A5725-SegmentedRaftLog:OPENED:c-1, conf=-1: peers:[2cb290fa-4f34-406f-8eca-2b7b4ff38328|rpc:10.1.0.42:33685|dataStream:10.1.0.42:44345|priority:0|startupRole:FOLLOWER, 13da8014-cf59-4ce9-8837-b97ce342a136|rpc:10.1.0.42:33283|dataStream:10.1.0.42:43129|priority:1|startupRole:FOLLOWER, a461b031-87cf-46ec-8015-141f82ba476b|rpc:10.1.0.42:41513|dataStream:10.1.0.42:44165|priority:0|startupRole:FOLLOWER]|listeners:[], old=null
2023-05-05 09:10:29,333 [13da8014-cf59-4ce9-8837-b97ce342a136@group-8C23974A5725-LeaderElection3] INFO  impl.LeaderElection (LeaderElection.java:logAndReturn(90)) - 13da8014-cf59-4ce9-8837-b97ce342a136@group-8C23974A5725-LeaderElection3: ELECTION PASSED received 1 response(s) and 0 exception(s):
2023-05-05 09:10:29,333 [13da8014-cf59-4ce9-8837-b97ce342a136@group-8C23974A5725-LeaderElection3] INFO  impl.LeaderElection (LeaderElection.java:logAndReturn(94)) -   Response 0: 13da8014-cf59-4ce9-8837-b97ce342a136<-2cb290fa-4f34-406f-8eca-2b7b4ff38328#0:OK-t1
2023-05-05 09:10:29,333 [13da8014-cf59-4ce9-8837-b97ce342a136@group-8C23974A5725-LeaderElection3] INFO  impl.LeaderElection (LeaderElection.java:askForVotes(314)) - 13da8014-cf59-4ce9-8837-b97ce342a136@group-8C23974A5725-LeaderElection3 ELECTION round 0: result PASSED
2023-05-05 09:10:29,333 [13da8014-cf59-4ce9-8837-b97ce342a136@group-8C23974A5725-LeaderElection3] INFO  impl.RoleInfo (RoleInfo.java:shutdownLeaderElection(130)) - 13da8014-cf59-4ce9-8837-b97ce342a136: shutdown 13da8014-cf59-4ce9-8837-b97ce342a136@group-8C23974A5725-LeaderElection3
2023-05-05 09:10:29,333 [13da8014-cf59-4ce9-8837-b97ce342a136@group-8C23974A5725-LeaderElection3] INFO  server.RaftServer$Division (RaftServerImpl.java:setRole(321)) - 13da8014-cf59-4ce9-8837-b97ce342a136@group-8C23974A5725: changes role from CANDIDATE to LEADER at term 1 for changeToLeader
2023-05-05 09:10:29,333 [13da8014-cf59-4ce9-8837-b97ce342a136@group-8C23974A5725-LeaderElection3] INFO  ratis.XceiverServerRatis (XceiverServerRatis.java:handleLeaderChangedNotification(904)) - Leader change notification received for group: group-8C23974A5725 with new leaderId: 13da8014-cf59-4ce9-8837-b97ce342a136
2023-05-05 09:10:29,333 [13da8014-cf59-4ce9-8837-b97ce342a136@group-8C23974A5725-LeaderElection3] INFO  server.RaftServer$Division (ServerState.java:setLeader(313)) - 13da8014-cf59-4ce9-8837-b97ce342a136@group-8C23974A5725: change Leader from null to 13da8014-cf59-4ce9-8837-b97ce342a136 at term 1 for becomeLeader, leader elected after 5215ms
2023-05-05 09:10:29,333 [13da8014-cf59-4ce9-8837-b97ce342a136@group-8C23974A5725-LeaderElection3] INFO  server.RaftServerConfigKeys (ConfUtils.java:logGet(46)) - raft.server.staging.catchup.gap = 1000 (default)
2023-05-05 09:10:29,334 [13da8014-cf59-4ce9-8837-b97ce342a136@group-8C23974A5725-LeaderElection3] INFO  server.RaftServerConfigKeys (ConfUtils.java:logGet(46)) - raft.server.write.element-limit = 1024 (custom)
2023-05-05 09:10:29,334 [13da8014-cf59-4ce9-8837-b97ce342a136@group-8C23974A5725-LeaderElection3] INFO  server.RaftServerConfigKeys (ConfUtils.java:logGet(46)) - raft.server.write.byte-limit = 1024 M (=1073741824) (custom)
2023-05-05 09:10:29,334 [13da8014-cf59-4ce9-8837-b97ce342a136@group-8C23974A5725-LeaderElection3] INFO  server.RaftServerConfigKeys (ConfUtils.java:logGet(46)) - raft.server.watch.timeout = 180s (custom)
2023-05-05 09:10:29,334 [13da8014-cf59-4ce9-8837-b97ce342a136@group-8C23974A5725-LeaderElection3] INFO  server.RaftServerConfigKeys (ConfUtils.java:logGet(46)) - raft.server.watch.timeout.denomination = 1s (default)
2023-05-05 09:10:29,334 [13da8014-cf59-4ce9-8837-b97ce342a136@group-8C23974A5725-LeaderElection3] INFO  server.RaftServerConfigKeys (ConfUtils.java:logGet(46)) - raft.server.watch.element-limit = 65536 (default)
2023-05-05 09:10:29,334 [13da8014-cf59-4ce9-8837-b97ce342a136@group-8C23974A5725-LeaderElection3] INFO  server.RaftServerConfigKeys (ConfUtils.java:logGet(46)) - raft.server.write.element-limit = 1024 (custom)
2023-05-05 09:10:29,334 [13da8014-cf59-4ce9-8837-b97ce342a136@group-8C23974A5725-LeaderElection3] INFO  server.RaftServerConfigKeys (ConfUtils.java:logGet(46)) - raft.server.write.follower.gap.ratio.max = -1.0 (default)
2023-05-05 09:10:29,337 [grpc-default-executor-1] INFO  impl.RoleInfo (RoleInfo.java:updateAndGet(139)) - a461b031-87cf-46ec-8015-141f82ba476b: start a461b031-87cf-46ec-8015-141f82ba476b@group-8C23974A5725-FollowerState
2023-05-05 09:10:29,338 [EventQueue-OpenPipelineForHealthyPipelineSafeModeRule] INFO  safemode.SCMSafeModeManager (HealthyPipelineSafeModeRule.java:process(137)) - SCM in safe mode. Healthy pipelines reported count is 0, required healthy pipeline reported count is 1
2023-05-05 09:10:29,338 [EventQueue-PipelineReportForPipelineReportHandler] INFO  pipeline.PipelineManagerImpl (PipelineManagerImpl.java:openPipeline(367)) - Pipeline Pipeline[ Id: 08e985b8-55ba-4488-a4d4-8c23974a5725, Nodes: a461b031-87cf-46ec-8015-141f82ba476b(fv-az152-207.qln5d00okglujjccfnhxhxodph.cx.internal.cloudapp.net/10.1.0.42)2cb290fa-4f34-406f-8eca-2b7b4ff38328(fv-az152-207.qln5d00okglujjccfnhxhxodph.cx.internal.cloudapp.net/10.1.0.42)13da8014-cf59-4ce9-8837-b97ce342a136(fv-az152-207.qln5d00okglujjccfnhxhxodph.cx.internal.cloudapp.net/10.1.0.42), ReplicationConfig: RATIS/THREE, State:ALLOCATED, leaderId:13da8014-cf59-4ce9-8837-b97ce342a136, CreationTimestamp2023-05-05T09:10:22.062Z[Etc/UTC]] moved to OPEN state
2023-05-05 09:10:29,339 [EventQueue-OpenPipelineForHealthyPipelineSafeModeRule] INFO  safemode.SCMSafeModeManager (HealthyPipelineSafeModeRule.java:process(137)) - SCM in safe mode. Healthy pipelines reported count is 1, required healthy pipeline reported count is 1
2023-05-05 09:10:29,339 [EventQueue-OpenPipelineForHealthyPipelineSafeModeRule] INFO  safemode.SCMSafeModeManager (SCMSafeModeManager.java:validateSafeModeExitRules(200)) - HealthyPipelineSafeModeRule rule is successfully validated
2023-05-05 09:10:29,339 [EventQueue-OpenPipelineForHealthyPipelineSafeModeRule] INFO  safemode.SCMSafeModeManager (SCMSafeModeManager.java:validateSafeModeExitRules(215)) - ScmSafeModeManager, all rules are successfully validated
2023-05-05 09:10:29,339 [EventQueue-OpenPipelineForHealthyPipelineSafeModeRule] INFO  safemode.SCMSafeModeManager (SCMSafeModeManager.java:exitSafeMode(244)) - SCM exiting safe mode.
2023-05-05 09:10:29,339 [EventQueue-OpenPipelineForHealthyPipelineSafeModeRule] INFO  ha.SCMContext (SCMContext.java:updateSafeModeStatus(228)) - Update SafeModeStatus from SafeModeStatus{safeModeStatus=true, preCheckPassed=true} to SafeModeStatus{safeModeStatus=false, preCheckPassed=true}.
2023-05-05 09:10:29,340 [EventQueue-OpenPipelineForHealthyPipelineSafeModeRule] INFO  pipeline.BackgroundPipelineCreator (BackgroundPipelineCreator.java:notifyStatusChanged(254)) - Service BackgroundPipelineCreator transitions to RUNNING.
2023-05-05 09:10:29,340 [EventQueue-OpenPipelineForHealthyPipelineSafeModeRule] INFO  BackgroundPipelineScrubber (BackgroundSCMService.java:notifyStatusChanged(82)) - Service BackgroundPipelineScrubber transitions to RUNNING.
2023-05-05 09:10:29,340 [EventQueue-OpenPipelineForHealthyPipelineSafeModeRule] INFO  ExpiredContainerReplicaOpScrubber (BackgroundSCMService.java:notifyStatusChanged(82)) - Service ExpiredContainerReplicaOpScrubber transitions to RUNNING.
2023-05-05 09:10:29,340 [EventQueue-OpenPipelineForHealthyPipelineSafeModeRule] INFO  replication.ReplicationManager (ReplicationManager.java:notifyStatusChanged(1370)) - Service ReplicationManager transitions to RUNNING.
2023-05-05 09:10:29,340 [a461b031-87cf-46ec-8015-141f82ba476b@group-8C23974A5725-FollowerState] INFO  server.RaftServerConfigKeys (ConfUtils.java:logFallback(53)) - raft.server.rpc.first-election.timeout.min = 5s (fallback to raft.server.rpc.timeout.min)
2023-05-05 09:10:29,341 [a461b031-87cf-46ec-8015-141f82ba476b@group-8C23974A5725-FollowerState] INFO  server.RaftServerConfigKeys (ConfUtils.java:logFallback(53)) - raft.server.rpc.first-election.timeout.max = 5200ms (fallback to raft.server.rpc.timeout.max)
2023-05-05 09:10:29,343 [EventQueue-OpenPipelineForHealthyPipelineSafeModeRule] WARN  balancer.ContainerBalancer (ContainerBalancer.java:shouldRun(132)) - Could not find persisted configuration for ContainerBalancer when checking if ContainerBalancer should run. ContainerBalancer should not run now.
2023-05-05 09:10:29,345 [grpc-default-executor-1] INFO  server.RaftServer$Division (RaftServerImpl.java:requestVote(1251)) - a461b031-87cf-46ec-8015-141f82ba476b@group-8C23974A5725 replies to ELECTION vote request: 13da8014-cf59-4ce9-8837-b97ce342a136<-a461b031-87cf-46ec-8015-141f82ba476b#0:OK-t1. Peer's state: a461b031-87cf-46ec-8015-141f82ba476b@group-8C23974A5725:t1, leader=null, voted=13da8014-cf59-4ce9-8837-b97ce342a136, raftlog=Memoized:a461b031-87cf-46ec-8015-141f82ba476b@group-8C23974A5725-SegmentedRaftLog:OPENED:c-1, conf=-1: peers:[2cb290fa-4f34-406f-8eca-2b7b4ff38328|rpc:10.1.0.42:33685|dataStream:10.1.0.42:44345|priority:0|startupRole:FOLLOWER, 13da8014-cf59-4ce9-8837-b97ce342a136|rpc:10.1.0.42:33283|dataStream:10.1.0.42:43129|priority:1|startupRole:FOLLOWER, a461b031-87cf-46ec-8015-141f82ba476b|rpc:10.1.0.42:41513|dataStream:10.1.0.42:44165|priority:0|startupRole:FOLLOWER]|listeners:[], old=null
2023-05-05 09:10:29,353 [13da8014-cf59-4ce9-8837-b97ce342a136@group-8C23974A5725-LeaderElection3] INFO  server.RaftServerConfigKeys (ConfUtils.java:logGet(46)) - raft.server.log.appender.snapshot.chunk.size.max = 16MB (=16777216) (default)
2023-05-05 09:10:29,353 [13da8014-cf59-4ce9-8837-b97ce342a136@group-8C23974A5725-LeaderElection3] INFO  server.RaftServerConfigKeys (ConfUtils.java:logGet(46)) - raft.server.log.appender.buffer.byte-limit = 33554432 (custom)
2023-05-05 09:10:29,354 [13da8014-cf59-4ce9-8837-b97ce342a136@group-8C23974A5725-LeaderElection3] INFO  server.RaftServerConfigKeys (ConfUtils.java:logGet(46)) - raft.server.log.appender.buffer.element-limit = 1 (custom)
2023-05-05 09:10:29,356 [13da8014-cf59-4ce9-8837-b97ce342a136@group-8C23974A5725-LeaderElection3] INFO  grpc.GrpcConfigKeys (ConfUtils.java:logGet(46)) - raft.grpc.server.leader.outstanding.appends.max = 128 (default)
2023-05-05 09:10:29,356 [13da8014-cf59-4ce9-8837-b97ce342a136@group-8C23974A5725-LeaderElection3] INFO  server.RaftServerConfigKeys (ConfUtils.java:logGet(46)) - raft.server.rpc.request.timeout = 60s (custom)
2023-05-05 09:10:29,356 [13da8014-cf59-4ce9-8837-b97ce342a136@group-8C23974A5725-LeaderElection3] INFO  server.RaftServerConfigKeys (ConfUtils.java:logGet(46)) - raft.server.log.appender.install.snapshot.enabled = false (custom)
2023-05-05 09:10:29,356 [13da8014-cf59-4ce9-8837-b97ce342a136@group-8C23974A5725-LeaderElection3] INFO  grpc.GrpcConfigKeys (ConfUtils.java:logGet(46)) - raft.grpc.server.heartbeat.channel = true (default)
2023-05-05 09:10:29,356 [13da8014-cf59-4ce9-8837-b97ce342a136@group-8C23974A5725-LeaderElection3] INFO  server.RaftServerConfigKeys (ConfUtils.java:logGet(46)) - raft.server.log.appender.wait-time.min = 10ms (default)
2023-05-05 09:10:29,358 [13da8014-cf59-4ce9-8837-b97ce342a136@group-8C23974A5725-LeaderElection3] INFO  server.RaftServerConfigKeys (ConfUtils.java:logGet(46)) - raft.server.log.appender.snapshot.chunk.size.max = 16MB (=16777216) (default)
2023-05-05 09:10:29,358 [13da8014-cf59-4ce9-8837-b97ce342a136@group-8C23974A5725-LeaderElection3] INFO  server.RaftServerConfigKeys (ConfUtils.java:logGet(46)) - raft.server.log.appender.buffer.byte-limit = 33554432 (custom)
2023-05-05 09:10:29,358 [13da8014-cf59-4ce9-8837-b97ce342a136@group-8C23974A5725-LeaderElection3] INFO  server.RaftServerConfigKeys (ConfUtils.java:logGet(46)) - raft.server.log.appender.buffer.element-limit = 1 (custom)
2023-05-05 09:10:29,358 [13da8014-cf59-4ce9-8837-b97ce342a136@group-8C23974A5725-LeaderElection3] INFO  grpc.GrpcConfigKeys (ConfUtils.java:logGet(46)) - raft.grpc.server.leader.outstanding.appends.max = 128 (default)
2023-05-05 09:10:29,358 [13da8014-cf59-4ce9-8837-b97ce342a136@group-8C23974A5725-LeaderElection3] INFO  server.RaftServerConfigKeys (ConfUtils.java:logGet(46)) - raft.server.rpc.request.timeout = 60s (custom)
2023-05-05 09:10:29,358 [13da8014-cf59-4ce9-8837-b97ce342a136@group-8C23974A5725-LeaderElection3] INFO  server.RaftServerConfigKeys (ConfUtils.java:logGet(46)) - raft.server.log.appender.install.snapshot.enabled = false (custom)
2023-05-05 09:10:29,358 [13da8014-cf59-4ce9-8837-b97ce342a136@group-8C23974A5725-LeaderElection3] INFO  grpc.GrpcConfigKeys (ConfUtils.java:logGet(46)) - raft.grpc.server.heartbeat.channel = true (default)
2023-05-05 09:10:29,358 [13da8014-cf59-4ce9-8837-b97ce342a136@group-8C23974A5725-LeaderElection3] INFO  server.RaftServerConfigKeys (ConfUtils.java:logGet(46)) - raft.server.log.appender.wait-time.min = 10ms (default)
2023-05-05 09:10:29,359 [13da8014-cf59-4ce9-8837-b97ce342a136@group-8C23974A5725-LeaderElection3] INFO  impl.RoleInfo (RoleInfo.java:updateAndGet(139)) - 13da8014-cf59-4ce9-8837-b97ce342a136: start 13da8014-cf59-4ce9-8837-b97ce342a136@group-8C23974A5725-LeaderStateImpl
2023-05-05 09:10:29,360 [13da8014-cf59-4ce9-8837-b97ce342a136@group-8C23974A5725-LeaderElection3] INFO  segmented.SegmentedRaftLogWorker (SegmentedRaftLogWorker.java:startLogSegment(452)) - 13da8014-cf59-4ce9-8837-b97ce342a136@group-8C23974A5725-SegmentedRaftLogWorker: Starting segment from index:0
2023-05-05 09:10:29,361 [13da8014-cf59-4ce9-8837-b97ce342a136@group-8C23974A5725-SegmentedRaftLogWorker] INFO  segmented.SegmentedRaftLogWorker (SegmentedRaftLogWorker.java:execute(656)) - 13da8014-cf59-4ce9-8837-b97ce342a136@group-8C23974A5725-SegmentedRaftLogWorker: created new log segment /home/runner/work/ozone/ozone/hadoop-ozone/integration-test/target/test-dir/MiniOzoneClusterImpl-ed01f5d4-5545-4c64-89b6-17c207d9d767/datanode-0/data/ratis/08e985b8-55ba-4488-a4d4-8c23974a5725/current/log_inprogress_0
2023-05-05 09:10:29,368 [13da8014-cf59-4ce9-8837-b97ce342a136@group-8C23974A5725-LeaderElection3] INFO  server.RaftServer$Division (ServerState.java:setRaftConf(430)) - 13da8014-cf59-4ce9-8837-b97ce342a136@group-8C23974A5725: set configuration 0: peers:[2cb290fa-4f34-406f-8eca-2b7b4ff38328|rpc:10.1.0.42:33685|dataStream:10.1.0.42:44345|priority:0|startupRole:FOLLOWER, 13da8014-cf59-4ce9-8837-b97ce342a136|rpc:10.1.0.42:33283|dataStream:10.1.0.42:43129|priority:1|startupRole:FOLLOWER, a461b031-87cf-46ec-8015-141f82ba476b|rpc:10.1.0.42:41513|dataStream:10.1.0.42:44165|priority:0|startupRole:FOLLOWER]|listeners:[], old=null
2023-05-05 09:10:29,415 [2cb290fa-4f34-406f-8eca-2b7b4ff38328-server-thread1] INFO  ratis.XceiverServerRatis (XceiverServerRatis.java:handleLeaderChangedNotification(904)) - Leader change notification received for group: group-8C23974A5725 with new leaderId: 13da8014-cf59-4ce9-8837-b97ce342a136
2023-05-05 09:10:29,415 [2cb290fa-4f34-406f-8eca-2b7b4ff38328-server-thread1] INFO  server.RaftServer$Division (ServerState.java:setLeader(313)) - 2cb290fa-4f34-406f-8eca-2b7b4ff38328@group-8C23974A5725: change Leader from null to 13da8014-cf59-4ce9-8837-b97ce342a136 at term 1 for appendEntries, leader elected after 4784ms
2023-05-05 09:10:29,421 [a461b031-87cf-46ec-8015-141f82ba476b-server-thread1] INFO  ratis.XceiverServerRatis (XceiverServerRatis.java:handleLeaderChangedNotification(904)) - Leader change notification received for group: group-8C23974A5725 with new leaderId: 13da8014-cf59-4ce9-8837-b97ce342a136
2023-05-05 09:10:29,422 [a461b031-87cf-46ec-8015-141f82ba476b-server-thread1] INFO  server.RaftServer$Division (ServerState.java:setLeader(313)) - a461b031-87cf-46ec-8015-141f82ba476b@group-8C23974A5725: change Leader from null to 13da8014-cf59-4ce9-8837-b97ce342a136 at term 1 for appendEntries, leader elected after 4876ms
2023-05-05 09:10:29,428 [a461b031-87cf-46ec-8015-141f82ba476b-server-thread2] INFO  server.RaftServer$Division (ServerState.java:setRaftConf(430)) - a461b031-87cf-46ec-8015-141f82ba476b@group-8C23974A5725: set configuration 0: peers:[2cb290fa-4f34-406f-8eca-2b7b4ff38328|rpc:10.1.0.42:33685|dataStream:10.1.0.42:44345|priority:0|startupRole:FOLLOWER, 13da8014-cf59-4ce9-8837-b97ce342a136|rpc:10.1.0.42:33283|dataStream:10.1.0.42:43129|priority:1|startupRole:FOLLOWER, a461b031-87cf-46ec-8015-141f82ba476b|rpc:10.1.0.42:41513|dataStream:10.1.0.42:44165|priority:0|startupRole:FOLLOWER]|listeners:[], old=null
2023-05-05 09:10:29,428 [2cb290fa-4f34-406f-8eca-2b7b4ff38328-server-thread2] INFO  server.RaftServer$Division (ServerState.java:setRaftConf(430)) - 2cb290fa-4f34-406f-8eca-2b7b4ff38328@group-8C23974A5725: set configuration 0: peers:[2cb290fa-4f34-406f-8eca-2b7b4ff38328|rpc:10.1.0.42:33685|dataStream:10.1.0.42:44345|priority:0|startupRole:FOLLOWER, 13da8014-cf59-4ce9-8837-b97ce342a136|rpc:10.1.0.42:33283|dataStream:10.1.0.42:43129|priority:1|startupRole:FOLLOWER, a461b031-87cf-46ec-8015-141f82ba476b|rpc:10.1.0.42:41513|dataStream:10.1.0.42:44165|priority:0|startupRole:FOLLOWER]|listeners:[], old=null
2023-05-05 09:10:29,429 [2cb290fa-4f34-406f-8eca-2b7b4ff38328-server-thread2] INFO  segmented.SegmentedRaftLogWorker (SegmentedRaftLogWorker.java:startLogSegment(452)) - 2cb290fa-4f34-406f-8eca-2b7b4ff38328@group-8C23974A5725-SegmentedRaftLogWorker: Starting segment from index:0
2023-05-05 09:10:29,429 [a461b031-87cf-46ec-8015-141f82ba476b-server-thread2] INFO  segmented.SegmentedRaftLogWorker (SegmentedRaftLogWorker.java:startLogSegment(452)) - a461b031-87cf-46ec-8015-141f82ba476b@group-8C23974A5725-SegmentedRaftLogWorker: Starting segment from index:0
2023-05-05 09:10:29,430 [2cb290fa-4f34-406f-8eca-2b7b4ff38328@group-8C23974A5725-SegmentedRaftLogWorker] INFO  segmented.SegmentedRaftLogWorker (SegmentedRaftLogWorker.java:execute(656)) - 2cb290fa-4f34-406f-8eca-2b7b4ff38328@group-8C23974A5725-SegmentedRaftLogWorker: created new log segment /home/runner/work/ozone/ozone/hadoop-ozone/integration-test/target/test-dir/MiniOzoneClusterImpl-ed01f5d4-5545-4c64-89b6-17c207d9d767/datanode-1/data/ratis/08e985b8-55ba-4488-a4d4-8c23974a5725/current/log_inprogress_0
2023-05-05 09:10:29,431 [a461b031-87cf-46ec-8015-141f82ba476b@group-8C23974A5725-SegmentedRaftLogWorker] INFO  segmented.SegmentedRaftLogWorker (SegmentedRaftLogWorker.java:execute(656)) - a461b031-87cf-46ec-8015-141f82ba476b@group-8C23974A5725-SegmentedRaftLogWorker: created new log segment /home/runner/work/ozone/ozone/hadoop-ozone/integration-test/target/test-dir/MiniOzoneClusterImpl-ed01f5d4-5545-4c64-89b6-17c207d9d767/datanode-2/data/ratis/08e985b8-55ba-4488-a4d4-8c23974a5725/current/log_inprogress_0
2023-05-05 09:10:29,808 [2cb290fa-4f34-406f-8eca-2b7b4ff38328@group-904BAB61A37C-FollowerState] INFO  impl.FollowerState (FollowerState.java:run(143)) - 2cb290fa-4f34-406f-8eca-2b7b4ff38328@group-904BAB61A37C-FollowerState: change to CANDIDATE, lastRpcElapsedTime:5049514140ns, electionTimeout:5029ms
2023-05-05 09:10:29,809 [2cb290fa-4f34-406f-8eca-2b7b4ff38328@group-904BAB61A37C-FollowerState] INFO  impl.RoleInfo (RoleInfo.java:shutdownFollowerState(110)) - 2cb290fa-4f34-406f-8eca-2b7b4ff38328: shutdown 2cb290fa-4f34-406f-8eca-2b7b4ff38328@group-904BAB61A37C-FollowerState
2023-05-05 09:10:29,809 [2cb290fa-4f34-406f-8eca-2b7b4ff38328@group-904BAB61A37C-FollowerState] INFO  server.RaftServer$Division (RaftServerImpl.java:setRole(321)) - 2cb290fa-4f34-406f-8eca-2b7b4ff38328@group-904BAB61A37C: changes role from  FOLLOWER to CANDIDATE at term 0 for changeToCandidate
2023-05-05 09:10:29,809 [2cb290fa-4f34-406f-8eca-2b7b4ff38328@group-904BAB61A37C-FollowerState] INFO  server.RaftServerConfigKeys (ConfUtils.java:logGet(46)) - raft.server.leaderelection.pre-vote = true (default)
2023-05-05 09:10:29,809 [2cb290fa-4f34-406f-8eca-2b7b4ff38328@group-904BAB61A37C-FollowerState] INFO  impl.RoleInfo (RoleInfo.java:updateAndGet(139)) - 2cb290fa-4f34-406f-8eca-2b7b4ff38328: start 2cb290fa-4f34-406f-8eca-2b7b4ff38328@group-904BAB61A37C-LeaderElection4
2023-05-05 09:10:29,813 [2cb290fa-4f34-406f-8eca-2b7b4ff38328@group-904BAB61A37C-LeaderElection4] INFO  impl.LeaderElection (LeaderElection.java:askForVotes(312)) - 2cb290fa-4f34-406f-8eca-2b7b4ff38328@group-904BAB61A37C-LeaderElection4 PRE_VOTE round 0: submit vote requests at term 0 for -1: peers:[2cb290fa-4f34-406f-8eca-2b7b4ff38328|rpc:10.1.0.42:33685|dataStream:10.1.0.42:44345|priority:0|startupRole:FOLLOWER, 13da8014-cf59-4ce9-8837-b97ce342a136|rpc:10.1.0.42:33283|dataStream:10.1.0.42:43129|priority:0|startupRole:FOLLOWER, a461b031-87cf-46ec-8015-141f82ba476b|rpc:10.1.0.42:41513|dataStream:10.1.0.42:44165|priority:1|startupRole:FOLLOWER]|listeners:[], old=null
2023-05-05 09:10:29,815 [2cb290fa-4f34-406f-8eca-2b7b4ff38328@group-904BAB61A37C-LeaderElection4] INFO  server.RaftServerConfigKeys (ConfUtils.java:logFallback(53)) - raft.server.rpc.first-election.timeout.min = 5s (fallback to raft.server.rpc.timeout.min)
2023-05-05 09:10:29,815 [2cb290fa-4f34-406f-8eca-2b7b4ff38328@group-904BAB61A37C-LeaderElection4] INFO  server.RaftServerConfigKeys (ConfUtils.java:logFallback(53)) - raft.server.rpc.first-election.timeout.max = 5200ms (fallback to raft.server.rpc.timeout.max)
2023-05-05 09:10:29,817 [2cb290fa-4f34-406f-8eca-2b7b4ff38328@group-904BAB61A37C-LeaderElection4-2] INFO  server.GrpcServerProtocolClient (GrpcServerProtocolClient.java:<init>(63)) - Build channel for a461b031-87cf-46ec-8015-141f82ba476b
2023-05-05 09:10:29,817 [2cb290fa-4f34-406f-8eca-2b7b4ff38328@group-904BAB61A37C-LeaderElection4-1] INFO  server.GrpcServerProtocolClient (GrpcServerProtocolClient.java:<init>(63)) - Build channel for 13da8014-cf59-4ce9-8837-b97ce342a136
2023-05-05 09:10:29,829 [grpc-default-executor-1] INFO  server.RaftServer$Division (RaftServerImpl.java:requestVote(1218)) - a461b031-87cf-46ec-8015-141f82ba476b@group-904BAB61A37C: receive requestVote(PRE_VOTE, 2cb290fa-4f34-406f-8eca-2b7b4ff38328, group-904BAB61A37C, 0, (t:0, i:0))
2023-05-05 09:10:29,829 [grpc-default-executor-1] INFO  impl.VoteContext (VoteContext.java:log(49)) - a461b031-87cf-46ec-8015-141f82ba476b@group-904BAB61A37C-FOLLOWER: reject PRE_VOTE from 2cb290fa-4f34-406f-8eca-2b7b4ff38328: our priority 1 > candidate's priority 0
2023-05-05 09:10:29,830 [grpc-default-executor-1] INFO  server.RaftServer$Division (RaftServerImpl.java:requestVote(1251)) - a461b031-87cf-46ec-8015-141f82ba476b@group-904BAB61A37C replies to PRE_VOTE vote request: 2cb290fa-4f34-406f-8eca-2b7b4ff38328<-a461b031-87cf-46ec-8015-141f82ba476b#0:FAIL-t0. Peer's state: a461b031-87cf-46ec-8015-141f82ba476b@group-904BAB61A37C:t0, leader=null, voted=, raftlog=Memoized:a461b031-87cf-46ec-8015-141f82ba476b@group-904BAB61A37C-SegmentedRaftLog:OPENED:c-1, conf=-1: peers:[2cb290fa-4f34-406f-8eca-2b7b4ff38328|rpc:10.1.0.42:33685|dataStream:10.1.0.42:44345|priority:0|startupRole:FOLLOWER, 13da8014-cf59-4ce9-8837-b97ce342a136|rpc:10.1.0.42:33283|dataStream:10.1.0.42:43129|priority:0|startupRole:FOLLOWER, a461b031-87cf-46ec-8015-141f82ba476b|rpc:10.1.0.42:41513|dataStream:10.1.0.42:44165|priority:1|startupRole:FOLLOWER]|listeners:[], old=null
2023-05-05 09:10:29,833 [grpc-default-executor-0] INFO  server.RaftServer$Division (RaftServerImpl.java:requestVote(1218)) - 13da8014-cf59-4ce9-8837-b97ce342a136@group-904BAB61A37C: receive requestVote(PRE_VOTE, 2cb290fa-4f34-406f-8eca-2b7b4ff38328, group-904BAB61A37C, 0, (t:0, i:0))
2023-05-05 09:10:29,833 [grpc-default-executor-0] INFO  impl.VoteContext (VoteContext.java:log(49)) - 13da8014-cf59-4ce9-8837-b97ce342a136@group-904BAB61A37C-FOLLOWER: accept PRE_VOTE from 2cb290fa-4f34-406f-8eca-2b7b4ff38328: our priority 0 <= candidate's priority 0
2023-05-05 09:10:29,834 [grpc-default-executor-0] INFO  server.RaftServer$Division (RaftServerImpl.java:requestVote(1251)) - 13da8014-cf59-4ce9-8837-b97ce342a136@group-904BAB61A37C replies to PRE_VOTE vote request: 2cb290fa-4f34-406f-8eca-2b7b4ff38328<-13da8014-cf59-4ce9-8837-b97ce342a136#0:OK-t0. Peer's state: 13da8014-cf59-4ce9-8837-b97ce342a136@group-904BAB61A37C:t0, leader=null, voted=, raftlog=Memoized:13da8014-cf59-4ce9-8837-b97ce342a136@group-904BAB61A37C-SegmentedRaftLog:OPENED:c-1, conf=-1: peers:[2cb290fa-4f34-406f-8eca-2b7b4ff38328|rpc:10.1.0.42:33685|dataStream:10.1.0.42:44345|priority:0|startupRole:FOLLOWER, 13da8014-cf59-4ce9-8837-b97ce342a136|rpc:10.1.0.42:33283|dataStream:10.1.0.42:43129|priority:0|startupRole:FOLLOWER, a461b031-87cf-46ec-8015-141f82ba476b|rpc:10.1.0.42:41513|dataStream:10.1.0.42:44165|priority:1|startupRole:FOLLOWER]|listeners:[], old=null
2023-05-05 09:10:29,834 [2cb290fa-4f34-406f-8eca-2b7b4ff38328@group-904BAB61A37C-LeaderElection4] INFO  impl.LeaderElection (LeaderElection.java:logAndReturn(90)) - 2cb290fa-4f34-406f-8eca-2b7b4ff38328@group-904BAB61A37C-LeaderElection4: PRE_VOTE REJECTED received 1 response(s) and 0 exception(s):
2023-05-05 09:10:29,835 [2cb290fa-4f34-406f-8eca-2b7b4ff38328@group-904BAB61A37C-LeaderElection4] INFO  impl.LeaderElection (LeaderElection.java:logAndReturn(94)) -   Response 0: 2cb290fa-4f34-406f-8eca-2b7b4ff38328<-a461b031-87cf-46ec-8015-141f82ba476b#0:FAIL-t0
2023-05-05 09:10:29,835 [2cb290fa-4f34-406f-8eca-2b7b4ff38328@group-904BAB61A37C-LeaderElection4] INFO  impl.LeaderElection (LeaderElection.java:askForVotes(314)) - 2cb290fa-4f34-406f-8eca-2b7b4ff38328@group-904BAB61A37C-LeaderElection4 PRE_VOTE round 0: result REJECTED
2023-05-05 09:10:29,835 [2cb290fa-4f34-406f-8eca-2b7b4ff38328@group-904BAB61A37C-LeaderElection4] INFO  server.RaftServer$Division (RaftServerImpl.java:setRole(321)) - 2cb290fa-4f34-406f-8eca-2b7b4ff38328@group-904BAB61A37C: changes role from CANDIDATE to FOLLOWER at term 0 for REJECTED
2023-05-05 09:10:29,835 [2cb290fa-4f34-406f-8eca-2b7b4ff38328@group-904BAB61A37C-LeaderElection4] INFO  impl.RoleInfo (RoleInfo.java:shutdownLeaderElection(130)) - 2cb290fa-4f34-406f-8eca-2b7b4ff38328: shutdown 2cb290fa-4f34-406f-8eca-2b7b4ff38328@group-904BAB61A37C-LeaderElection4
2023-05-05 09:10:29,835 [2cb290fa-4f34-406f-8eca-2b7b4ff38328@group-904BAB61A37C-LeaderElection4] INFO  impl.RoleInfo (RoleInfo.java:updateAndGet(139)) - 2cb290fa-4f34-406f-8eca-2b7b4ff38328: start 2cb290fa-4f34-406f-8eca-2b7b4ff38328@group-904BAB61A37C-FollowerState
2023-05-05 09:10:29,846 [2cb290fa-4f34-406f-8eca-2b7b4ff38328@group-904BAB61A37C-FollowerState] INFO  server.RaftServerConfigKeys (ConfUtils.java:logFallback(53)) - raft.server.rpc.first-election.timeout.min = 5s (fallback to raft.server.rpc.timeout.min)
2023-05-05 09:10:29,849 [2cb290fa-4f34-406f-8eca-2b7b4ff38328@group-904BAB61A37C-FollowerState] INFO  server.RaftServerConfigKeys (ConfUtils.java:logFallback(53)) - raft.server.rpc.first-election.timeout.max = 5200ms (fallback to raft.server.rpc.timeout.max)
2023-05-05 09:10:29,871 [2cb290fa-4f34-406f-8eca-2b7b4ff38328@group-56D6E17D1EA1-FollowerState] INFO  impl.FollowerState (FollowerState.java:run(143)) - 2cb290fa-4f34-406f-8eca-2b7b4ff38328@group-56D6E17D1EA1-FollowerState: change to CANDIDATE, lastRpcElapsedTime:5162699608ns, electionTimeout:5161ms
2023-05-05 09:10:29,871 [2cb290fa-4f34-406f-8eca-2b7b4ff38328@group-56D6E17D1EA1-FollowerState] INFO  impl.RoleInfo (RoleInfo.java:shutdownFollowerState(110)) - 2cb290fa-4f34-406f-8eca-2b7b4ff38328: shutdown 2cb290fa-4f34-406f-8eca-2b7b4ff38328@group-56D6E17D1EA1-FollowerState
2023-05-05 09:10:29,871 [2cb290fa-4f34-406f-8eca-2b7b4ff38328@group-56D6E17D1EA1-FollowerState] INFO  server.RaftServer$Division (RaftServerImpl.java:setRole(321)) - 2cb290fa-4f34-406f-8eca-2b7b4ff38328@group-56D6E17D1EA1: changes role from  FOLLOWER to CANDIDATE at term 0 for changeToCandidate
2023-05-05 09:10:29,871 [2cb290fa-4f34-406f-8eca-2b7b4ff38328@group-56D6E17D1EA1-FollowerState] INFO  server.RaftServerConfigKeys (ConfUtils.java:logGet(46)) - raft.server.leaderelection.pre-vote = true (default)
2023-05-05 09:10:29,872 [2cb290fa-4f34-406f-8eca-2b7b4ff38328@group-56D6E17D1EA1-FollowerState] INFO  impl.RoleInfo (RoleInfo.java:updateAndGet(139)) - 2cb290fa-4f34-406f-8eca-2b7b4ff38328: start 2cb290fa-4f34-406f-8eca-2b7b4ff38328@group-56D6E17D1EA1-LeaderElection5
2023-05-05 09:10:29,874 [2cb290fa-4f34-406f-8eca-2b7b4ff38328@group-56D6E17D1EA1-LeaderElection5] INFO  impl.LeaderElection (LeaderElection.java:askForVotes(312)) - 2cb290fa-4f34-406f-8eca-2b7b4ff38328@group-56D6E17D1EA1-LeaderElection5 PRE_VOTE round 0: submit vote requests at term 0 for -1: peers:[2cb290fa-4f34-406f-8eca-2b7b4ff38328|rpc:10.1.0.42:33685|dataStream:10.1.0.42:44345|priority:1|startupRole:FOLLOWER]|listeners:[], old=null
2023-05-05 09:10:29,874 [2cb290fa-4f34-406f-8eca-2b7b4ff38328@group-56D6E17D1EA1-LeaderElection5] INFO  impl.LeaderElection (LeaderElection.java:askForVotes(314)) - 2cb290fa-4f34-406f-8eca-2b7b4ff38328@group-56D6E17D1EA1-LeaderElection5 PRE_VOTE round 0: result PASSED (term=0)
2023-05-05 09:10:29,875 [2cb290fa-4f34-406f-8eca-2b7b4ff38328@group-56D6E17D1EA1-LeaderElection5] INFO  impl.LeaderElection (LeaderElection.java:askForVotes(312)) - 2cb290fa-4f34-406f-8eca-2b7b4ff38328@group-56D6E17D1EA1-LeaderElection5 ELECTION round 0: submit vote requests at term 1 for -1: peers:[2cb290fa-4f34-406f-8eca-2b7b4ff38328|rpc:10.1.0.42:33685|dataStream:10.1.0.42:44345|priority:1|startupRole:FOLLOWER]|listeners:[], old=null
2023-05-05 09:10:29,875 [2cb290fa-4f34-406f-8eca-2b7b4ff38328@group-56D6E17D1EA1-LeaderElection5] INFO  impl.LeaderElection (LeaderElection.java:askForVotes(314)) - 2cb290fa-4f34-406f-8eca-2b7b4ff38328@group-56D6E17D1EA1-LeaderElection5 ELECTION round 0: result PASSED (term=1)
2023-05-05 09:10:29,875 [2cb290fa-4f34-406f-8eca-2b7b4ff38328@group-56D6E17D1EA1-LeaderElection5] INFO  impl.RoleInfo (RoleInfo.java:shutdownLeaderElection(130)) - 2cb290fa-4f34-406f-8eca-2b7b4ff38328: shutdown 2cb290fa-4f34-406f-8eca-2b7b4ff38328@group-56D6E17D1EA1-LeaderElection5
2023-05-05 09:10:29,875 [2cb290fa-4f34-406f-8eca-2b7b4ff38328@group-56D6E17D1EA1-LeaderElection5] INFO  server.RaftServer$Division (RaftServerImpl.java:setRole(321)) - 2cb290fa-4f34-406f-8eca-2b7b4ff38328@group-56D6E17D1EA1: changes role from CANDIDATE to LEADER at term 1 for changeToLeader
2023-05-05 09:10:29,875 [2cb290fa-4f34-406f-8eca-2b7b4ff38328@group-56D6E17D1EA1-LeaderElection5] INFO  ratis.XceiverServerRatis (XceiverServerRatis.java:handleLeaderChangedNotification(904)) - Leader change notification received for group: group-56D6E17D1EA1 with new leaderId: 2cb290fa-4f34-406f-8eca-2b7b4ff38328
2023-05-05 09:10:29,876 [2cb290fa-4f34-406f-8eca-2b7b4ff38328@group-56D6E17D1EA1-LeaderElection5] INFO  server.RaftServer$Division (ServerState.java:setLeader(313)) - 2cb290fa-4f34-406f-8eca-2b7b4ff38328@group-56D6E17D1EA1: change Leader from null to 2cb290fa-4f34-406f-8eca-2b7b4ff38328 at term 1 for becomeLeader, leader elected after 5209ms
2023-05-05 09:10:29,876 [2cb290fa-4f34-406f-8eca-2b7b4ff38328@group-56D6E17D1EA1-LeaderElection5] INFO  server.RaftServerConfigKeys (ConfUtils.java:logGet(46)) - raft.server.staging.catchup.gap = 1000 (default)
2023-05-05 09:10:29,877 [2cb290fa-4f34-406f-8eca-2b7b4ff38328@group-56D6E17D1EA1-LeaderElection5] INFO  server.RaftServerConfigKeys (ConfUtils.java:logGet(46)) - raft.server.write.element-limit = 1024 (custom)
2023-05-05 09:10:29,877 [2cb290fa-4f34-406f-8eca-2b7b4ff38328@group-56D6E17D1EA1-LeaderElection5] INFO  server.RaftServerConfigKeys (ConfUtils.java:logGet(46)) - raft.server.write.byte-limit = 1024 M (=1073741824) (custom)
2023-05-05 09:10:29,878 [2cb290fa-4f34-406f-8eca-2b7b4ff38328@group-56D6E17D1EA1-LeaderElection5] INFO  server.RaftServerConfigKeys (ConfUtils.java:logGet(46)) - raft.server.watch.timeout = 180s (custom)
2023-05-05 09:10:29,878 [2cb290fa-4f34-406f-8eca-2b7b4ff38328@group-56D6E17D1EA1-LeaderElection5] INFO  server.RaftServerConfigKeys (ConfUtils.java:logGet(46)) - raft.server.watch.timeout.denomination = 1s (default)
2023-05-05 09:10:29,878 [2cb290fa-4f34-406f-8eca-2b7b4ff38328@group-56D6E17D1EA1-LeaderElection5] INFO  server.RaftServerConfigKeys (ConfUtils.java:logGet(46)) - raft.server.watch.element-limit = 65536 (default)
2023-05-05 09:10:29,878 [2cb290fa-4f34-406f-8eca-2b7b4ff38328@group-56D6E17D1EA1-LeaderElection5] INFO  server.RaftServerConfigKeys (ConfUtils.java:logGet(46)) - raft.server.write.element-limit = 1024 (custom)
2023-05-05 09:10:29,878 [2cb290fa-4f34-406f-8eca-2b7b4ff38328@group-56D6E17D1EA1-LeaderElection5] INFO  server.RaftServerConfigKeys (ConfUtils.java:logGet(46)) - raft.server.write.follower.gap.ratio.max = -1.0 (default)
2023-05-05 09:10:29,878 [2cb290fa-4f34-406f-8eca-2b7b4ff38328@group-56D6E17D1EA1-LeaderElection5] INFO  impl.RoleInfo (RoleInfo.java:updateAndGet(139)) - 2cb290fa-4f34-406f-8eca-2b7b4ff38328: start 2cb290fa-4f34-406f-8eca-2b7b4ff38328@group-56D6E17D1EA1-LeaderStateImpl
2023-05-05 09:10:29,878 [2cb290fa-4f34-406f-8eca-2b7b4ff38328@group-56D6E17D1EA1-LeaderElection5] INFO  segmented.SegmentedRaftLogWorker (SegmentedRaftLogWorker.java:startLogSegment(452)) - 2cb290fa-4f34-406f-8eca-2b7b4ff38328@group-56D6E17D1EA1-SegmentedRaftLogWorker: Starting segment from index:0
2023-05-05 09:10:29,880 [2cb290fa-4f34-406f-8eca-2b7b4ff38328@group-56D6E17D1EA1-LeaderElection5] INFO  server.RaftServer$Division (ServerState.java:setRaftConf(430)) - 2cb290fa-4f34-406f-8eca-2b7b4ff38328@group-56D6E17D1EA1: set configuration 0: peers:[2cb290fa-4f34-406f-8eca-2b7b4ff38328|rpc:10.1.0.42:33685|dataStream:10.1.0.42:44345|priority:1|startupRole:FOLLOWER]|listeners:[], old=null
2023-05-05 09:10:29,881 [2cb290fa-4f34-406f-8eca-2b7b4ff38328@group-56D6E17D1EA1-SegmentedRaftLogWorker] INFO  segmented.SegmentedRaftLogWorker (SegmentedRaftLogWorker.java:execute(656)) - 2cb290fa-4f34-406f-8eca-2b7b4ff38328@group-56D6E17D1EA1-SegmentedRaftLogWorker: created new log segment /home/runner/work/ozone/ozone/hadoop-ozone/integration-test/target/test-dir/MiniOzoneClusterImpl-ed01f5d4-5545-4c64-89b6-17c207d9d767/datanode-1/data/ratis/b7c58ef7-c0eb-4d20-82f1-56d6e17d1ea1/current/log_inprogress_0
2023-05-05 09:10:29,907 [13da8014-cf59-4ce9-8837-b97ce342a136@group-904BAB61A37C-FollowerState] INFO  server.RaftServerConfigKeys (ConfUtils.java:logFallback(53)) - raft.server.rpc.first-election.timeout.min = 5s (fallback to raft.server.rpc.timeout.min)
2023-05-05 09:10:29,908 [13da8014-cf59-4ce9-8837-b97ce342a136@group-904BAB61A37C-FollowerState] INFO  server.RaftServerConfigKeys (ConfUtils.java:logFallback(53)) - raft.server.rpc.first-election.timeout.max = 5200ms (fallback to raft.server.rpc.timeout.max)
2023-05-05 09:10:29,933 [a461b031-87cf-46ec-8015-141f82ba476b@group-904BAB61A37C-FollowerState] INFO  impl.FollowerState (FollowerState.java:run(143)) - a461b031-87cf-46ec-8015-141f82ba476b@group-904BAB61A37C-FollowerState: change to CANDIDATE, lastRpcElapsedTime:5117396073ns, electionTimeout:5106ms
2023-05-05 09:10:29,933 [a461b031-87cf-46ec-8015-141f82ba476b@group-904BAB61A37C-FollowerState] INFO  impl.RoleInfo (RoleInfo.java:shutdownFollowerState(110)) - a461b031-87cf-46ec-8015-141f82ba476b: shutdown a461b031-87cf-46ec-8015-141f82ba476b@group-904BAB61A37C-FollowerState
2023-05-05 09:10:29,933 [a461b031-87cf-46ec-8015-141f82ba476b@group-904BAB61A37C-FollowerState] INFO  server.RaftServer$Division (RaftServerImpl.java:setRole(321)) - a461b031-87cf-46ec-8015-141f82ba476b@group-904BAB61A37C: changes role from  FOLLOWER to CANDIDATE at term 0 for changeToCandidate
2023-05-05 09:10:29,933 [a461b031-87cf-46ec-8015-141f82ba476b@group-904BAB61A37C-FollowerState] INFO  server.RaftServerConfigKeys (ConfUtils.java:logGet(46)) - raft.server.leaderelection.pre-vote = true (default)
2023-05-05 09:10:29,934 [a461b031-87cf-46ec-8015-141f82ba476b@group-904BAB61A37C-FollowerState] INFO  impl.RoleInfo (RoleInfo.java:updateAndGet(139)) - a461b031-87cf-46ec-8015-141f82ba476b: start a461b031-87cf-46ec-8015-141f82ba476b@group-904BAB61A37C-LeaderElection6
2023-05-05 09:10:29,935 [a461b031-87cf-46ec-8015-141f82ba476b@group-904BAB61A37C-LeaderElection6] INFO  impl.LeaderElection (LeaderElection.java:askForVotes(312)) - a461b031-87cf-46ec-8015-141f82ba476b@group-904BAB61A37C-LeaderElection6 PRE_VOTE round 0: submit vote requests at term 0 for -1: peers:[2cb290fa-4f34-406f-8eca-2b7b4ff38328|rpc:10.1.0.42:33685|dataStream:10.1.0.42:44345|priority:0|startupRole:FOLLOWER, 13da8014-cf59-4ce9-8837-b97ce342a136|rpc:10.1.0.42:33283|dataStream:10.1.0.42:43129|priority:0|startupRole:FOLLOWER, a461b031-87cf-46ec-8015-141f82ba476b|rpc:10.1.0.42:41513|dataStream:10.1.0.42:44165|priority:1|startupRole:FOLLOWER]|listeners:[], old=null
2023-05-05 09:10:29,937 [a461b031-87cf-46ec-8015-141f82ba476b@group-904BAB61A37C-LeaderElection6] INFO  server.RaftServerConfigKeys (ConfUtils.java:logFallback(53)) - raft.server.rpc.first-election.timeout.min = 5s (fallback to raft.server.rpc.timeout.min)
2023-05-05 09:10:29,937 [a461b031-87cf-46ec-8015-141f82ba476b@group-904BAB61A37C-LeaderElection6] INFO  server.RaftServerConfigKeys (ConfUtils.java:logFallback(53)) - raft.server.rpc.first-election.timeout.max = 5200ms (fallback to raft.server.rpc.timeout.max)
2023-05-05 09:10:29,937 [a461b031-87cf-46ec-8015-141f82ba476b@group-904BAB61A37C-LeaderElection6-1] INFO  server.GrpcServerProtocolClient (GrpcServerProtocolClient.java:<init>(63)) - Build channel for 2cb290fa-4f34-406f-8eca-2b7b4ff38328
2023-05-05 09:10:29,942 [a461b031-87cf-46ec-8015-141f82ba476b@group-904BAB61A37C-LeaderElection6-2] INFO  server.GrpcServerProtocolClient (GrpcServerProtocolClient.java:<init>(63)) - Build channel for 13da8014-cf59-4ce9-8837-b97ce342a136
2023-05-05 09:10:29,957 [grpc-default-executor-0] INFO  server.RaftServer$Division (RaftServerImpl.java:requestVote(1218)) - 13da8014-cf59-4ce9-8837-b97ce342a136@group-904BAB61A37C: receive requestVote(PRE_VOTE, a461b031-87cf-46ec-8015-141f82ba476b, group-904BAB61A37C, 0, (t:0, i:0))
2023-05-05 09:10:29,957 [grpc-default-executor-0] INFO  impl.VoteContext (VoteContext.java:log(49)) - 13da8014-cf59-4ce9-8837-b97ce342a136@group-904BAB61A37C-FOLLOWER: accept PRE_VOTE from a461b031-87cf-46ec-8015-141f82ba476b: our priority 0 <= candidate's priority 1
2023-05-05 09:10:29,957 [grpc-default-executor-0] INFO  server.RaftServer$Division (RaftServerImpl.java:requestVote(1251)) - 13da8014-cf59-4ce9-8837-b97ce342a136@group-904BAB61A37C replies to PRE_VOTE vote request: a461b031-87cf-46ec-8015-141f82ba476b<-13da8014-cf59-4ce9-8837-b97ce342a136#0:OK-t0. Peer's state: 13da8014-cf59-4ce9-8837-b97ce342a136@group-904BAB61A37C:t0, leader=null, voted=, raftlog=Memoized:13da8014-cf59-4ce9-8837-b97ce342a136@group-904BAB61A37C-SegmentedRaftLog:OPENED:c-1, conf=-1: peers:[2cb290fa-4f34-406f-8eca-2b7b4ff38328|rpc:10.1.0.42:33685|dataStream:10.1.0.42:44345|priority:0|startupRole:FOLLOWER, 13da8014-cf59-4ce9-8837-b97ce342a136|rpc:10.1.0.42:33283|dataStream:10.1.0.42:43129|priority:0|startupRole:FOLLOWER, a461b031-87cf-46ec-8015-141f82ba476b|rpc:10.1.0.42:41513|dataStream:10.1.0.42:44165|priority:1|startupRole:FOLLOWER]|listeners:[], old=null
2023-05-05 09:10:29,959 [a461b031-87cf-46ec-8015-141f82ba476b@group-904BAB61A37C-LeaderElection6] INFO  impl.LeaderElection (LeaderElection.java:logAndReturn(90)) - a461b031-87cf-46ec-8015-141f82ba476b@group-904BAB61A37C-LeaderElection6: PRE_VOTE PASSED received 1 response(s) and 0 exception(s):
2023-05-05 09:10:29,959 [grpc-default-executor-0] INFO  server.RaftServer$Division (RaftServerImpl.java:requestVote(1218)) - 2cb290fa-4f34-406f-8eca-2b7b4ff38328@group-904BAB61A37C: receive requestVote(PRE_VOTE, a461b031-87cf-46ec-8015-141f82ba476b, group-904BAB61A37C, 0, (t:0, i:0))
2023-05-05 09:10:29,959 [a461b031-87cf-46ec-8015-141f82ba476b@group-904BAB61A37C-LeaderElection6] INFO  impl.LeaderElection (LeaderElection.java:logAndReturn(94)) -   Response 0: a461b031-87cf-46ec-8015-141f82ba476b<-13da8014-cf59-4ce9-8837-b97ce342a136#0:OK-t0
2023-05-05 09:10:29,959 [grpc-default-executor-0] INFO  impl.VoteContext (VoteContext.java:log(49)) - 2cb290fa-4f34-406f-8eca-2b7b4ff38328@group-904BAB61A37C-FOLLOWER: accept PRE_VOTE from a461b031-87cf-46ec-8015-141f82ba476b: our priority 0 <= candidate's priority 1
2023-05-05 09:10:29,959 [a461b031-87cf-46ec-8015-141f82ba476b@group-904BAB61A37C-LeaderElection6] INFO  impl.LeaderElection (LeaderElection.java:askForVotes(314)) - a461b031-87cf-46ec-8015-141f82ba476b@group-904BAB61A37C-LeaderElection6 PRE_VOTE round 0: result PASSED
2023-05-05 09:10:29,960 [grpc-default-executor-0] INFO  server.RaftServer$Division (RaftServerImpl.java:requestVote(1251)) - 2cb290fa-4f34-406f-8eca-2b7b4ff38328@group-904BAB61A37C replies to PRE_VOTE vote request: a461b031-87cf-46ec-8015-141f82ba476b<-2cb290fa-4f34-406f-8eca-2b7b4ff38328#0:OK-t0. Peer's state: 2cb290fa-4f34-406f-8eca-2b7b4ff38328@group-904BAB61A37C:t0, leader=null, voted=, raftlog=Memoized:2cb290fa-4f34-406f-8eca-2b7b4ff38328@group-904BAB61A37C-SegmentedRaftLog:OPENED:c-1, conf=-1: peers:[2cb290fa-4f34-406f-8eca-2b7b4ff38328|rpc:10.1.0.42:33685|dataStream:10.1.0.42:44345|priority:0|startupRole:FOLLOWER, 13da8014-cf59-4ce9-8837-b97ce342a136|rpc:10.1.0.42:33283|dataStream:10.1.0.42:43129|priority:0|startupRole:FOLLOWER, a461b031-87cf-46ec-8015-141f82ba476b|rpc:10.1.0.42:41513|dataStream:10.1.0.42:44165|priority:1|startupRole:FOLLOWER]|listeners:[], old=null
2023-05-05 09:10:29,961 [a461b031-87cf-46ec-8015-141f82ba476b@group-904BAB61A37C-LeaderElection6] INFO  impl.LeaderElection (LeaderElection.java:askForVotes(312)) - a461b031-87cf-46ec-8015-141f82ba476b@group-904BAB61A37C-LeaderElection6 ELECTION round 0: submit vote requests at term 1 for -1: peers:[2cb290fa-4f34-406f-8eca-2b7b4ff38328|rpc:10.1.0.42:33685|dataStream:10.1.0.42:44345|priority:0|startupRole:FOLLOWER, 13da8014-cf59-4ce9-8837-b97ce342a136|rpc:10.1.0.42:33283|dataStream:10.1.0.42:43129|priority:0|startupRole:FOLLOWER, a461b031-87cf-46ec-8015-141f82ba476b|rpc:10.1.0.42:41513|dataStream:10.1.0.42:44165|priority:1|startupRole:FOLLOWER]|listeners:[], old=null
2023-05-05 09:10:29,968 [a461b031-87cf-46ec-8015-141f82ba476b@group-904BAB61A37C-LeaderElection6] INFO  server.RaftServerConfigKeys (ConfUtils.java:logFallback(53)) - raft.server.rpc.first-election.timeout.min = 5s (fallback to raft.server.rpc.timeout.min)
2023-05-05 09:10:29,968 [a461b031-87cf-46ec-8015-141f82ba476b@group-904BAB61A37C-LeaderElection6] INFO  server.RaftServerConfigKeys (ConfUtils.java:logFallback(53)) - raft.server.rpc.first-election.timeout.max = 5200ms (fallback to raft.server.rpc.timeout.max)
2023-05-05 09:10:29,970 [grpc-default-executor-0] INFO  server.RaftServer$Division (RaftServerImpl.java:requestVote(1218)) - 2cb290fa-4f34-406f-8eca-2b7b4ff38328@group-904BAB61A37C: receive requestVote(ELECTION, a461b031-87cf-46ec-8015-141f82ba476b, group-904BAB61A37C, 1, (t:0, i:0))
2023-05-05 09:10:29,971 [grpc-default-executor-0] INFO  impl.VoteContext (VoteContext.java:log(49)) - 2cb290fa-4f34-406f-8eca-2b7b4ff38328@group-904BAB61A37C-FOLLOWER: accept ELECTION from a461b031-87cf-46ec-8015-141f82ba476b: our priority 0 <= candidate's priority 1
2023-05-05 09:10:29,971 [grpc-default-executor-0] INFO  server.RaftServer$Division (RaftServerImpl.java:setRole(321)) - 2cb290fa-4f34-406f-8eca-2b7b4ff38328@group-904BAB61A37C: changes role from  FOLLOWER to FOLLOWER at term 1 for candidate:a461b031-87cf-46ec-8015-141f82ba476b
2023-05-05 09:10:29,971 [grpc-default-executor-0] INFO  impl.RoleInfo (RoleInfo.java:shutdownFollowerState(110)) - 2cb290fa-4f34-406f-8eca-2b7b4ff38328: shutdown 2cb290fa-4f34-406f-8eca-2b7b4ff38328@group-904BAB61A37C-FollowerState
2023-05-05 09:10:29,971 [grpc-default-executor-0] INFO  impl.RoleInfo (RoleInfo.java:updateAndGet(139)) - 2cb290fa-4f34-406f-8eca-2b7b4ff38328: start 2cb290fa-4f34-406f-8eca-2b7b4ff38328@group-904BAB61A37C-FollowerState
2023-05-05 09:10:29,971 [2cb290fa-4f34-406f-8eca-2b7b4ff38328@group-904BAB61A37C-FollowerState] INFO  impl.FollowerState (FollowerState.java:run(152)) - 2cb290fa-4f34-406f-8eca-2b7b4ff38328@group-904BAB61A37C-FollowerState was interrupted
2023-05-05 09:10:29,972 [2cb290fa-4f34-406f-8eca-2b7b4ff38328@group-904BAB61A37C-FollowerState] INFO  server.RaftServerConfigKeys (ConfUtils.java:logFallback(53)) - raft.server.rpc.first-election.timeout.min = 5s (fallback to raft.server.rpc.timeout.min)
2023-05-05 09:10:29,972 [2cb290fa-4f34-406f-8eca-2b7b4ff38328@group-904BAB61A37C-FollowerState] INFO  server.RaftServerConfigKeys (ConfUtils.java:logFallback(53)) - raft.server.rpc.first-election.timeout.max = 5200ms (fallback to raft.server.rpc.timeout.max)
2023-05-05 09:10:29,972 [grpc-default-executor-1] INFO  server.RaftServer$Division (RaftServerImpl.java:requestVote(1218)) - 13da8014-cf59-4ce9-8837-b97ce342a136@group-904BAB61A37C: receive requestVote(ELECTION, a461b031-87cf-46ec-8015-141f82ba476b, group-904BAB61A37C, 1, (t:0, i:0))
2023-05-05 09:10:29,973 [grpc-default-executor-1] INFO  impl.VoteContext (VoteContext.java:log(49)) - 13da8014-cf59-4ce9-8837-b97ce342a136@group-904BAB61A37C-FOLLOWER: accept ELECTION from a461b031-87cf-46ec-8015-141f82ba476b: our priority 0 <= candidate's priority 1
2023-05-05 09:10:29,973 [grpc-default-executor-1] INFO  server.RaftServer$Division (RaftServerImpl.java:setRole(321)) - 13da8014-cf59-4ce9-8837-b97ce342a136@group-904BAB61A37C: changes role from  FOLLOWER to FOLLOWER at term 1 for candidate:a461b031-87cf-46ec-8015-141f82ba476b
2023-05-05 09:10:29,973 [grpc-default-executor-1] INFO  impl.RoleInfo (RoleInfo.java:shutdownFollowerState(110)) - 13da8014-cf59-4ce9-8837-b97ce342a136: shutdown 13da8014-cf59-4ce9-8837-b97ce342a136@group-904BAB61A37C-FollowerState
2023-05-05 09:10:29,973 [grpc-default-executor-1] INFO  impl.RoleInfo (RoleInfo.java:updateAndGet(139)) - 13da8014-cf59-4ce9-8837-b97ce342a136: start 13da8014-cf59-4ce9-8837-b97ce342a136@group-904BAB61A37C-FollowerState
2023-05-05 09:10:29,973 [13da8014-cf59-4ce9-8837-b97ce342a136@group-904BAB61A37C-FollowerState] INFO  impl.FollowerState (FollowerState.java:run(152)) - 13da8014-cf59-4ce9-8837-b97ce342a136@group-904BAB61A37C-FollowerState was interrupted
2023-05-05 09:10:29,974 [grpc-default-executor-0] INFO  server.RaftServer$Division (RaftServerImpl.java:requestVote(1251)) - 2cb290fa-4f34-406f-8eca-2b7b4ff38328@group-904BAB61A37C replies to ELECTION vote request: a461b031-87cf-46ec-8015-141f82ba476b<-2cb290fa-4f34-406f-8eca-2b7b4ff38328#0:OK-t1. Peer's state: 2cb290fa-4f34-406f-8eca-2b7b4ff38328@group-904BAB61A37C:t1, leader=null, voted=a461b031-87cf-46ec-8015-141f82ba476b, raftlog=Memoized:2cb290fa-4f34-406f-8eca-2b7b4ff38328@group-904BAB61A37C-SegmentedRaftLog:OPENED:c-1, conf=-1: peers:[2cb290fa-4f34-406f-8eca-2b7b4ff38328|rpc:10.1.0.42:33685|dataStream:10.1.0.42:44345|priority:0|startupRole:FOLLOWER, 13da8014-cf59-4ce9-8837-b97ce342a136|rpc:10.1.0.42:33283|dataStream:10.1.0.42:43129|priority:0|startupRole:FOLLOWER, a461b031-87cf-46ec-8015-141f82ba476b|rpc:10.1.0.42:41513|dataStream:10.1.0.42:44165|priority:1|startupRole:FOLLOWER]|listeners:[], old=null
2023-05-05 09:10:29,978 [a461b031-87cf-46ec-8015-141f82ba476b@group-904BAB61A37C-LeaderElection6] INFO  impl.LeaderElection (LeaderElection.java:logAndReturn(90)) - a461b031-87cf-46ec-8015-141f82ba476b@group-904BAB61A37C-LeaderElection6: ELECTION PASSED received 1 response(s) and 0 exception(s):
2023-05-05 09:10:29,978 [a461b031-87cf-46ec-8015-141f82ba476b@group-904BAB61A37C-LeaderElection6] INFO  impl.LeaderElection (LeaderElection.java:logAndReturn(94)) -   Response 0: a461b031-87cf-46ec-8015-141f82ba476b<-2cb290fa-4f34-406f-8eca-2b7b4ff38328#0:OK-t1
2023-05-05 09:10:29,978 [a461b031-87cf-46ec-8015-141f82ba476b@group-904BAB61A37C-LeaderElection6] INFO  impl.LeaderElection (LeaderElection.java:askForVotes(314)) - a461b031-87cf-46ec-8015-141f82ba476b@group-904BAB61A37C-LeaderElection6 ELECTION round 0: result PASSED
2023-05-05 09:10:29,978 [a461b031-87cf-46ec-8015-141f82ba476b@group-904BAB61A37C-LeaderElection6] INFO  impl.RoleInfo (RoleInfo.java:shutdownLeaderElection(130)) - a461b031-87cf-46ec-8015-141f82ba476b: shutdown a461b031-87cf-46ec-8015-141f82ba476b@group-904BAB61A37C-LeaderElection6
2023-05-05 09:10:29,978 [a461b031-87cf-46ec-8015-141f82ba476b@group-904BAB61A37C-LeaderElection6] INFO  server.RaftServer$Division (RaftServerImpl.java:setRole(321)) - a461b031-87cf-46ec-8015-141f82ba476b@group-904BAB61A37C: changes role from CANDIDATE to LEADER at term 1 for changeToLeader
2023-05-05 09:10:29,978 [a461b031-87cf-46ec-8015-141f82ba476b@group-904BAB61A37C-LeaderElection6] INFO  ratis.XceiverServerRatis (XceiverServerRatis.java:handleLeaderChangedNotification(904)) - Leader change notification received for group: group-904BAB61A37C with new leaderId: a461b031-87cf-46ec-8015-141f82ba476b
2023-05-05 09:10:29,979 [a461b031-87cf-46ec-8015-141f82ba476b@group-904BAB61A37C-LeaderElection6] INFO  server.RaftServer$Division (ServerState.java:setLeader(313)) - a461b031-87cf-46ec-8015-141f82ba476b@group-904BAB61A37C: change Leader from null to a461b031-87cf-46ec-8015-141f82ba476b at term 1 for becomeLeader, leader elected after 5182ms
2023-05-05 09:10:29,979 [a461b031-87cf-46ec-8015-141f82ba476b@group-904BAB61A37C-LeaderElection6] INFO  server.RaftServerConfigKeys (ConfUtils.java:logGet(46)) - raft.server.staging.catchup.gap = 1000 (default)
2023-05-05 09:10:29,981 [grpc-default-executor-1] INFO  server.RaftServer$Division (RaftServerImpl.java:requestVote(1251)) - 13da8014-cf59-4ce9-8837-b97ce342a136@group-904BAB61A37C replies to ELECTION vote request: a461b031-87cf-46ec-8015-141f82ba476b<-13da8014-cf59-4ce9-8837-b97ce342a136#0:OK-t1. Peer's state: 13da8014-cf59-4ce9-8837-b97ce342a136@group-904BAB61A37C:t1, leader=null, voted=a461b031-87cf-46ec-8015-141f82ba476b, raftlog=Memoized:13da8014-cf59-4ce9-8837-b97ce342a136@group-904BAB61A37C-SegmentedRaftLog:OPENED:c-1, conf=-1: peers:[2cb290fa-4f34-406f-8eca-2b7b4ff38328|rpc:10.1.0.42:33685|dataStream:10.1.0.42:44345|priority:0|startupRole:FOLLOWER, 13da8014-cf59-4ce9-8837-b97ce342a136|rpc:10.1.0.42:33283|dataStream:10.1.0.42:43129|priority:0|startupRole:FOLLOWER, a461b031-87cf-46ec-8015-141f82ba476b|rpc:10.1.0.42:41513|dataStream:10.1.0.42:44165|priority:1|startupRole:FOLLOWER]|listeners:[], old=null
2023-05-05 09:10:29,986 [13da8014-cf59-4ce9-8837-b97ce342a136@group-904BAB61A37C-FollowerState] INFO  server.RaftServerConfigKeys (ConfUtils.java:logFallback(53)) - raft.server.rpc.first-election.timeout.min = 5s (fallback to raft.server.rpc.timeout.min)
2023-05-05 09:10:29,986 [13da8014-cf59-4ce9-8837-b97ce342a136@group-904BAB61A37C-FollowerState] INFO  server.RaftServerConfigKeys (ConfUtils.java:logFallback(53)) - raft.server.rpc.first-election.timeout.max = 5200ms (fallback to raft.server.rpc.timeout.max)
2023-05-05 09:10:29,987 [EventQueue-PipelineReportForPipelineReportHandler] INFO  pipeline.PipelineManagerImpl (PipelineManagerImpl.java:openPipeline(367)) - Pipeline Pipeline[ Id: 41b28b5b-d76b-49b3-8b21-904bab61a37c, Nodes: 2cb290fa-4f34-406f-8eca-2b7b4ff38328(fv-az152-207.qln5d00okglujjccfnhxhxodph.cx.internal.cloudapp.net/10.1.0.42)a461b031-87cf-46ec-8015-141f82ba476b(fv-az152-207.qln5d00okglujjccfnhxhxodph.cx.internal.cloudapp.net/10.1.0.42)13da8014-cf59-4ce9-8837-b97ce342a136(fv-az152-207.qln5d00okglujjccfnhxhxodph.cx.internal.cloudapp.net/10.1.0.42), ReplicationConfig: RATIS/THREE, State:ALLOCATED, leaderId:a461b031-87cf-46ec-8015-141f82ba476b, CreationTimestamp2023-05-05T09:10:22.064Z[Etc/UTC]] moved to OPEN state
2023-05-05 09:10:29,981 [a461b031-87cf-46ec-8015-141f82ba476b@group-904BAB61A37C-LeaderElection6] INFO  server.RaftServerConfigKeys (ConfUtils.java:logGet(46)) - raft.server.write.element-limit = 1024 (custom)
2023-05-05 09:10:29,989 [a461b031-87cf-46ec-8015-141f82ba476b@group-904BAB61A37C-LeaderElection6] INFO  server.RaftServerConfigKeys (ConfUtils.java:logGet(46)) - raft.server.write.byte-limit = 1024 M (=1073741824) (custom)
2023-05-05 09:10:29,989 [a461b031-87cf-46ec-8015-141f82ba476b@group-904BAB61A37C-LeaderElection6] INFO  server.RaftServerConfigKeys (ConfUtils.java:logGet(46)) - raft.server.watch.timeout = 180s (custom)
2023-05-05 09:10:29,989 [a461b031-87cf-46ec-8015-141f82ba476b@group-904BAB61A37C-LeaderElection6] INFO  server.RaftServerConfigKeys (ConfUtils.java:logGet(46)) - raft.server.watch.timeout.denomination = 1s (default)
2023-05-05 09:10:29,989 [a461b031-87cf-46ec-8015-141f82ba476b@group-904BAB61A37C-LeaderElection6] INFO  server.RaftServerConfigKeys (ConfUtils.java:logGet(46)) - raft.server.watch.element-limit = 65536 (default)
2023-05-05 09:10:29,989 [a461b031-87cf-46ec-8015-141f82ba476b@group-904BAB61A37C-LeaderElection6] INFO  server.RaftServerConfigKeys (ConfUtils.java:logGet(46)) - raft.server.write.element-limit = 1024 (custom)
2023-05-05 09:10:29,989 [a461b031-87cf-46ec-8015-141f82ba476b@group-904BAB61A37C-LeaderElection6] INFO  server.RaftServerConfigKeys (ConfUtils.java:logGet(46)) - raft.server.write.follower.gap.ratio.max = -1.0 (default)
2023-05-05 09:10:29,990 [a461b031-87cf-46ec-8015-141f82ba476b@group-904BAB61A37C-LeaderElection6] INFO  server.RaftServerConfigKeys (ConfUtils.java:logGet(46)) - raft.server.log.appender.snapshot.chunk.size.max = 16MB (=16777216) (default)
2023-05-05 09:10:29,990 [a461b031-87cf-46ec-8015-141f82ba476b@group-904BAB61A37C-LeaderElection6] INFO  server.RaftServerConfigKeys (ConfUtils.java:logGet(46)) - raft.server.log.appender.buffer.byte-limit = 33554432 (custom)
2023-05-05 09:10:29,990 [a461b031-87cf-46ec-8015-141f82ba476b@group-904BAB61A37C-LeaderElection6] INFO  server.RaftServerConfigKeys (ConfUtils.java:logGet(46)) - raft.server.log.appender.buffer.element-limit = 1 (custom)
2023-05-05 09:10:29,990 [a461b031-87cf-46ec-8015-141f82ba476b@group-904BAB61A37C-LeaderElection6] INFO  grpc.GrpcConfigKeys (ConfUtils.java:logGet(46)) - raft.grpc.server.leader.outstanding.appends.max = 128 (default)
2023-05-05 09:10:29,991 [a461b031-87cf-46ec-8015-141f82ba476b@group-904BAB61A37C-LeaderElection6] INFO  server.RaftServerConfigKeys (ConfUtils.java:logGet(46)) - raft.server.rpc.request.timeout = 60s (custom)
2023-05-05 09:10:29,991 [a461b031-87cf-46ec-8015-141f82ba476b@group-904BAB61A37C-LeaderElection6] INFO  server.RaftServerConfigKeys (ConfUtils.java:logGet(46)) - raft.server.log.appender.install.snapshot.enabled = false (custom)
2023-05-05 09:10:29,992 [a461b031-87cf-46ec-8015-141f82ba476b@group-904BAB61A37C-LeaderElection6] INFO  grpc.GrpcConfigKeys (ConfUtils.java:logGet(46)) - raft.grpc.server.heartbeat.channel = true (default)
2023-05-05 09:10:29,992 [a461b031-87cf-46ec-8015-141f82ba476b@group-904BAB61A37C-LeaderElection6] INFO  server.RaftServerConfigKeys (ConfUtils.java:logGet(46)) - raft.server.log.appender.wait-time.min = 10ms (default)
2023-05-05 09:10:29,992 [a461b031-87cf-46ec-8015-141f82ba476b@group-904BAB61A37C-LeaderElection6] INFO  server.RaftServerConfigKeys (ConfUtils.java:logGet(46)) - raft.server.log.appender.snapshot.chunk.size.max = 16MB (=16777216) (default)
2023-05-05 09:10:29,992 [a461b031-87cf-46ec-8015-141f82ba476b@group-904BAB61A37C-LeaderElection6] INFO  server.RaftServerConfigKeys (ConfUtils.java:logGet(46)) - raft.server.log.appender.buffer.byte-limit = 33554432 (custom)
2023-05-05 09:10:29,992 [a461b031-87cf-46ec-8015-141f82ba476b@group-904BAB61A37C-LeaderElection6] INFO  server.RaftServerConfigKeys (ConfUtils.java:logGet(46)) - raft.server.log.appender.buffer.element-limit = 1 (custom)
2023-05-05 09:10:29,992 [a461b031-87cf-46ec-8015-141f82ba476b@group-904BAB61A37C-LeaderElection6] INFO  grpc.GrpcConfigKeys (ConfUtils.java:logGet(46)) - raft.grpc.server.leader.outstanding.appends.max = 128 (default)
2023-05-05 09:10:29,993 [a461b031-87cf-46ec-8015-141f82ba476b@group-904BAB61A37C-LeaderElection6] INFO  server.RaftServerConfigKeys (ConfUtils.java:logGet(46)) - raft.server.rpc.request.timeout = 60s (custom)
2023-05-05 09:10:29,993 [a461b031-87cf-46ec-8015-141f82ba476b@group-904BAB61A37C-LeaderElection6] INFO  server.RaftServerConfigKeys (ConfUtils.java:logGet(46)) - raft.server.log.appender.install.snapshot.enabled = false (custom)
2023-05-05 09:10:29,993 [a461b031-87cf-46ec-8015-141f82ba476b@group-904BAB61A37C-LeaderElection6] INFO  grpc.GrpcConfigKeys (ConfUtils.java:logGet(46)) - raft.grpc.server.heartbeat.channel = true (default)
2023-05-05 09:10:29,993 [a461b031-87cf-46ec-8015-141f82ba476b@group-904BAB61A37C-LeaderElection6] INFO  server.RaftServerConfigKeys (ConfUtils.java:logGet(46)) - raft.server.log.appender.wait-time.min = 10ms (default)
2023-05-05 09:10:29,993 [a461b031-87cf-46ec-8015-141f82ba476b@group-904BAB61A37C-LeaderElection6] INFO  impl.RoleInfo (RoleInfo.java:updateAndGet(139)) - a461b031-87cf-46ec-8015-141f82ba476b: start a461b031-87cf-46ec-8015-141f82ba476b@group-904BAB61A37C-LeaderStateImpl
2023-05-05 09:10:29,993 [a461b031-87cf-46ec-8015-141f82ba476b@group-904BAB61A37C-LeaderElection6] INFO  segmented.SegmentedRaftLogWorker (SegmentedRaftLogWorker.java:startLogSegment(452)) - a461b031-87cf-46ec-8015-141f82ba476b@group-904BAB61A37C-SegmentedRaftLogWorker: Starting segment from index:0
2023-05-05 09:10:29,995 [a461b031-87cf-46ec-8015-141f82ba476b@group-904BAB61A37C-SegmentedRaftLogWorker] INFO  segmented.SegmentedRaftLogWorker (SegmentedRaftLogWorker.java:execute(656)) - a461b031-87cf-46ec-8015-141f82ba476b@group-904BAB61A37C-SegmentedRaftLogWorker: created new log segment /home/runner/work/ozone/ozone/hadoop-ozone/integration-test/target/test-dir/MiniOzoneClusterImpl-ed01f5d4-5545-4c64-89b6-17c207d9d767/datanode-2/data/ratis/41b28b5b-d76b-49b3-8b21-904bab61a37c/current/log_inprogress_0
2023-05-05 09:10:30,005 [a461b031-87cf-46ec-8015-141f82ba476b@group-904BAB61A37C-LeaderElection6] INFO  server.RaftServer$Division (ServerState.java:setRaftConf(430)) - a461b031-87cf-46ec-8015-141f82ba476b@group-904BAB61A37C: set configuration 0: peers:[2cb290fa-4f34-406f-8eca-2b7b4ff38328|rpc:10.1.0.42:33685|dataStream:10.1.0.42:44345|priority:0|startupRole:FOLLOWER, 13da8014-cf59-4ce9-8837-b97ce342a136|rpc:10.1.0.42:33283|dataStream:10.1.0.42:43129|priority:0|startupRole:FOLLOWER, a461b031-87cf-46ec-8015-141f82ba476b|rpc:10.1.0.42:41513|dataStream:10.1.0.42:44165|priority:1|startupRole:FOLLOWER]|listeners:[], old=null
2023-05-05 09:10:30,017 [13da8014-cf59-4ce9-8837-b97ce342a136-server-thread1] INFO  ratis.XceiverServerRatis (XceiverServerRatis.java:handleLeaderChangedNotification(904)) - Leader change notification received for group: group-904BAB61A37C with new leaderId: a461b031-87cf-46ec-8015-141f82ba476b
2023-05-05 09:10:30,017 [13da8014-cf59-4ce9-8837-b97ce342a136-server-thread1] INFO  server.RaftServer$Division (ServerState.java:setLeader(313)) - 13da8014-cf59-4ce9-8837-b97ce342a136@group-904BAB61A37C: change Leader from null to a461b031-87cf-46ec-8015-141f82ba476b at term 1 for appendEntries, leader elected after 5329ms
2023-05-05 09:10:30,026 [13da8014-cf59-4ce9-8837-b97ce342a136-server-thread1] INFO  server.RaftServer$Division (ServerState.java:setRaftConf(430)) - 13da8014-cf59-4ce9-8837-b97ce342a136@group-904BAB61A37C: set configuration 0: peers:[2cb290fa-4f34-406f-8eca-2b7b4ff38328|rpc:10.1.0.42:33685|dataStream:10.1.0.42:44345|priority:0|startupRole:FOLLOWER, 13da8014-cf59-4ce9-8837-b97ce342a136|rpc:10.1.0.42:33283|dataStream:10.1.0.42:43129|priority:0|startupRole:FOLLOWER, a461b031-87cf-46ec-8015-141f82ba476b|rpc:10.1.0.42:41513|dataStream:10.1.0.42:44165|priority:1|startupRole:FOLLOWER]|listeners:[], old=null
2023-05-05 09:10:30,027 [2cb290fa-4f34-406f-8eca-2b7b4ff38328-server-thread1] INFO  ratis.XceiverServerRatis (XceiverServerRatis.java:handleLeaderChangedNotification(904)) - Leader change notification received for group: group-904BAB61A37C with new leaderId: a461b031-87cf-46ec-8015-141f82ba476b
2023-05-05 09:10:30,027 [13da8014-cf59-4ce9-8837-b97ce342a136-server-thread1] INFO  segmented.SegmentedRaftLogWorker (SegmentedRaftLogWorker.java:startLogSegment(452)) - 13da8014-cf59-4ce9-8837-b97ce342a136@group-904BAB61A37C-SegmentedRaftLogWorker: Starting segment from index:0
2023-05-05 09:10:30,033 [2cb290fa-4f34-406f-8eca-2b7b4ff38328-server-thread1] INFO  server.RaftServer$Division (ServerState.java:setLeader(313)) - 2cb290fa-4f34-406f-8eca-2b7b4ff38328@group-904BAB61A37C: change Leader from null to a461b031-87cf-46ec-8015-141f82ba476b at term 1 for appendEntries, leader elected after 5290ms
2023-05-05 09:10:30,036 [2cb290fa-4f34-406f-8eca-2b7b4ff38328-server-thread1] INFO  server.RaftServer$Division (ServerState.java:setRaftConf(430)) - 2cb290fa-4f34-406f-8eca-2b7b4ff38328@group-904BAB61A37C: set configuration 0: peers:[2cb290fa-4f34-406f-8eca-2b7b4ff38328|rpc:10.1.0.42:33685|dataStream:10.1.0.42:44345|priority:0|startupRole:FOLLOWER, 13da8014-cf59-4ce9-8837-b97ce342a136|rpc:10.1.0.42:33283|dataStream:10.1.0.42:43129|priority:0|startupRole:FOLLOWER, a461b031-87cf-46ec-8015-141f82ba476b|rpc:10.1.0.42:41513|dataStream:10.1.0.42:44165|priority:1|startupRole:FOLLOWER]|listeners:[], old=null
2023-05-05 09:10:30,036 [2cb290fa-4f34-406f-8eca-2b7b4ff38328-server-thread1] INFO  segmented.SegmentedRaftLogWorker (SegmentedRaftLogWorker.java:startLogSegment(452)) - 2cb290fa-4f34-406f-8eca-2b7b4ff38328@group-904BAB61A37C-SegmentedRaftLogWorker: Starting segment from index:0
2023-05-05 09:10:30,036 [13da8014-cf59-4ce9-8837-b97ce342a136@group-904BAB61A37C-SegmentedRaftLogWorker] INFO  segmented.SegmentedRaftLogWorker (SegmentedRaftLogWorker.java:execute(656)) - 13da8014-cf59-4ce9-8837-b97ce342a136@group-904BAB61A37C-SegmentedRaftLogWorker: created new log segment /home/runner/work/ozone/ozone/hadoop-ozone/integration-test/target/test-dir/MiniOzoneClusterImpl-ed01f5d4-5545-4c64-89b6-17c207d9d767/datanode-0/data/ratis/41b28b5b-d76b-49b3-8b21-904bab61a37c/current/log_inprogress_0
2023-05-05 09:10:30,039 [2cb290fa-4f34-406f-8eca-2b7b4ff38328@group-904BAB61A37C-SegmentedRaftLogWorker] INFO  segmented.SegmentedRaftLogWorker (SegmentedRaftLogWorker.java:execute(656)) - 2cb290fa-4f34-406f-8eca-2b7b4ff38328@group-904BAB61A37C-SegmentedRaftLogWorker: created new log segment /home/runner/work/ozone/ozone/hadoop-ozone/integration-test/target/test-dir/MiniOzoneClusterImpl-ed01f5d4-5545-4c64-89b6-17c207d9d767/datanode-1/data/ratis/41b28b5b-d76b-49b3-8b21-904bab61a37c/current/log_inprogress_0
2023-05-05 09:10:30,045 [Listener at 127.0.0.1/44179] INFO  ozone.MiniOzoneClusterImpl (MiniOzoneClusterImpl.java:lambda$waitForClusterToBeReady$0(223)) - Nodes are ready. Got 3 of 3 DN Heartbeats.
2023-05-05 09:10:30,045 [Listener at 127.0.0.1/44179] INFO  ozone.MiniOzoneClusterImpl (MiniOzoneClusterImpl.java:lambda$waitForClusterToBeReady$0(226)) - Cluster exits safe mode
2023-05-05 09:10:30,046 [Listener at 127.0.0.1/44179] INFO  ozone.MiniOzoneClusterImpl (MiniOzoneClusterImpl.java:lambda$waitForClusterToBeReady$0(228)) - SCM became leader
2023-05-05 09:10:30,376 [a461b031-87cf-46ec-8015-141f82ba476b@group-5DB8C5CAFDE0-FollowerState] INFO  impl.FollowerState (FollowerState.java:run(143)) - a461b031-87cf-46ec-8015-141f82ba476b@group-5DB8C5CAFDE0-FollowerState: change to CANDIDATE, lastRpcElapsedTime:5047982997ns, electionTimeout:5045ms
2023-05-05 09:10:30,381 [a461b031-87cf-46ec-8015-141f82ba476b@group-5DB8C5CAFDE0-FollowerState] INFO  impl.RoleInfo (RoleInfo.java:shutdownFollowerState(110)) - a461b031-87cf-46ec-8015-141f82ba476b: shutdown a461b031-87cf-46ec-8015-141f82ba476b@group-5DB8C5CAFDE0-FollowerState
2023-05-05 09:10:30,381 [a461b031-87cf-46ec-8015-141f82ba476b@group-5DB8C5CAFDE0-FollowerState] INFO  server.RaftServer$Division (RaftServerImpl.java:setRole(321)) - a461b031-87cf-46ec-8015-141f82ba476b@group-5DB8C5CAFDE0: changes role from  FOLLOWER to CANDIDATE at term 0 for changeToCandidate
2023-05-05 09:10:30,381 [a461b031-87cf-46ec-8015-141f82ba476b@group-5DB8C5CAFDE0-FollowerState] INFO  server.RaftServerConfigKeys (ConfUtils.java:logGet(46)) - raft.server.leaderelection.pre-vote = true (default)
2023-05-05 09:10:30,382 [a461b031-87cf-46ec-8015-141f82ba476b@group-5DB8C5CAFDE0-FollowerState] INFO  impl.RoleInfo (RoleInfo.java:updateAndGet(139)) - a461b031-87cf-46ec-8015-141f82ba476b: start a461b031-87cf-46ec-8015-141f82ba476b@group-5DB8C5CAFDE0-LeaderElection7
2023-05-05 09:10:30,391 [a461b031-87cf-46ec-8015-141f82ba476b@group-5DB8C5CAFDE0-LeaderElection7] INFO  impl.LeaderElection (LeaderElection.java:askForVotes(312)) - a461b031-87cf-46ec-8015-141f82ba476b@group-5DB8C5CAFDE0-LeaderElection7 PRE_VOTE round 0: submit vote requests at term 0 for -1: peers:[a461b031-87cf-46ec-8015-141f82ba476b|rpc:10.1.0.42:41513|dataStream:10.1.0.42:44165|priority:1|startupRole:FOLLOWER]|listeners:[], old=null
2023-05-05 09:10:30,391 [a461b031-87cf-46ec-8015-141f82ba476b@group-5DB8C5CAFDE0-LeaderElection7] INFO  impl.LeaderElection (LeaderElection.java:askForVotes(314)) - a461b031-87cf-46ec-8015-141f82ba476b@group-5DB8C5CAFDE0-LeaderElection7 PRE_VOTE round 0: result PASSED (term=0)
2023-05-05 09:10:30,393 [a461b031-87cf-46ec-8015-141f82ba476b@group-5DB8C5CAFDE0-LeaderElection7] INFO  impl.LeaderElection (LeaderElection.java:askForVotes(312)) - a461b031-87cf-46ec-8015-141f82ba476b@group-5DB8C5CAFDE0-LeaderElection7 ELECTION round 0: submit vote requests at term 1 for -1: peers:[a461b031-87cf-46ec-8015-141f82ba476b|rpc:10.1.0.42:41513|dataStream:10.1.0.42:44165|priority:1|startupRole:FOLLOWER]|listeners:[], old=null
2023-05-05 09:10:30,393 [a461b031-87cf-46ec-8015-141f82ba476b@group-5DB8C5CAFDE0-LeaderElection7] INFO  impl.LeaderElection (LeaderElection.java:askForVotes(314)) - a461b031-87cf-46ec-8015-141f82ba476b@group-5DB8C5CAFDE0-LeaderElection7 ELECTION round 0: result PASSED (term=1)
2023-05-05 09:10:30,393 [a461b031-87cf-46ec-8015-141f82ba476b@group-5DB8C5CAFDE0-LeaderElection7] INFO  impl.RoleInfo (RoleInfo.java:shutdownLeaderElection(130)) - a461b031-87cf-46ec-8015-141f82ba476b: shutdown a461b031-87cf-46ec-8015-141f82ba476b@group-5DB8C5CAFDE0-LeaderElection7
2023-05-05 09:10:30,393 [a461b031-87cf-46ec-8015-141f82ba476b@group-5DB8C5CAFDE0-LeaderElection7] INFO  server.RaftServer$Division (RaftServerImpl.java:setRole(321)) - a461b031-87cf-46ec-8015-141f82ba476b@group-5DB8C5CAFDE0: changes role from CANDIDATE to LEADER at term 1 for changeToLeader
2023-05-05 09:10:30,393 [a461b031-87cf-46ec-8015-141f82ba476b@group-5DB8C5CAFDE0-LeaderElection7] INFO  ratis.XceiverServerRatis (XceiverServerRatis.java:handleLeaderChangedNotification(904)) - Leader change notification received for group: group-5DB8C5CAFDE0 with new leaderId: a461b031-87cf-46ec-8015-141f82ba476b
2023-05-05 09:10:30,394 [a461b031-87cf-46ec-8015-141f82ba476b@group-5DB8C5CAFDE0-LeaderElection7] INFO  server.RaftServer$Division (ServerState.java:setLeader(313)) - a461b031-87cf-46ec-8015-141f82ba476b@group-5DB8C5CAFDE0: change Leader from null to a461b031-87cf-46ec-8015-141f82ba476b at term 1 for becomeLeader, leader elected after 5339ms
2023-05-05 09:10:30,394 [a461b031-87cf-46ec-8015-141f82ba476b@group-5DB8C5CAFDE0-LeaderElection7] INFO  server.RaftServerConfigKeys (ConfUtils.java:logGet(46)) - raft.server.staging.catchup.gap = 1000 (default)
2023-05-05 09:10:30,397 [a461b031-87cf-46ec-8015-141f82ba476b@group-5DB8C5CAFDE0-LeaderElection7] INFO  server.RaftServerConfigKeys (ConfUtils.java:logGet(46)) - raft.server.write.element-limit = 1024 (custom)
2023-05-05 09:10:30,397 [a461b031-87cf-46ec-8015-141f82ba476b@group-5DB8C5CAFDE0-LeaderElection7] INFO  server.RaftServerConfigKeys (ConfUtils.java:logGet(46)) - raft.server.write.byte-limit = 1024 M (=1073741824) (custom)
2023-05-05 09:10:30,397 [a461b031-87cf-46ec-8015-141f82ba476b@group-5DB8C5CAFDE0-LeaderElection7] INFO  server.RaftServerConfigKeys (ConfUtils.java:logGet(46)) - raft.server.watch.timeout = 180s (custom)
2023-05-05 09:10:30,397 [a461b031-87cf-46ec-8015-141f82ba476b@group-5DB8C5CAFDE0-LeaderElection7] INFO  server.RaftServerConfigKeys (ConfUtils.java:logGet(46)) - raft.server.watch.timeout.denomination = 1s (default)
2023-05-05 09:10:30,397 [a461b031-87cf-46ec-8015-141f82ba476b@group-5DB8C5CAFDE0-LeaderElection7] INFO  server.RaftServerConfigKeys (ConfUtils.java:logGet(46)) - raft.server.watch.element-limit = 65536 (default)
2023-05-05 09:10:30,398 [a461b031-87cf-46ec-8015-141f82ba476b@group-5DB8C5CAFDE0-LeaderElection7] INFO  server.RaftServerConfigKeys (ConfUtils.java:logGet(46)) - raft.server.write.element-limit = 1024 (custom)
2023-05-05 09:10:30,398 [a461b031-87cf-46ec-8015-141f82ba476b@group-5DB8C5CAFDE0-LeaderElection7] INFO  server.RaftServerConfigKeys (ConfUtils.java:logGet(46)) - raft.server.write.follower.gap.ratio.max = -1.0 (default)
2023-05-05 09:10:30,398 [a461b031-87cf-46ec-8015-141f82ba476b@group-5DB8C5CAFDE0-LeaderElection7] INFO  impl.RoleInfo (RoleInfo.java:updateAndGet(139)) - a461b031-87cf-46ec-8015-141f82ba476b: start a461b031-87cf-46ec-8015-141f82ba476b@group-5DB8C5CAFDE0-LeaderStateImpl
2023-05-05 09:10:30,398 [a461b031-87cf-46ec-8015-141f82ba476b@group-5DB8C5CAFDE0-LeaderElection7] INFO  segmented.SegmentedRaftLogWorker (SegmentedRaftLogWorker.java:startLogSegment(452)) - a461b031-87cf-46ec-8015-141f82ba476b@group-5DB8C5CAFDE0-SegmentedRaftLogWorker: Starting segment from index:0
2023-05-05 09:10:30,399 [a461b031-87cf-46ec-8015-141f82ba476b@group-5DB8C5CAFDE0-SegmentedRaftLogWorker] INFO  segmented.SegmentedRaftLogWorker (SegmentedRaftLogWorker.java:execute(656)) - a461b031-87cf-46ec-8015-141f82ba476b@group-5DB8C5CAFDE0-SegmentedRaftLogWorker: created new log segment /home/runner/work/ozone/ozone/hadoop-ozone/integration-test/target/test-dir/MiniOzoneClusterImpl-ed01f5d4-5545-4c64-89b6-17c207d9d767/datanode-2/data/ratis/2bdbe702-3e18-456f-b598-5db8c5cafde0/current/log_inprogress_0
2023-05-05 09:10:30,408 [a461b031-87cf-46ec-8015-141f82ba476b@group-5DB8C5CAFDE0-LeaderElection7] INFO  server.RaftServer$Division (ServerState.java:setRaftConf(430)) - a461b031-87cf-46ec-8015-141f82ba476b@group-5DB8C5CAFDE0: set configuration 0: peers:[a461b031-87cf-46ec-8015-141f82ba476b|rpc:10.1.0.42:41513|dataStream:10.1.0.42:44165|priority:1|startupRole:FOLLOWER]|listeners:[], old=null
2023-05-05 09:10:30,603 [Listener at 127.0.0.1/44179] INFO  rpc.RpcClient (RpcClient.java:createVolume(476)) - Creating Volume: volume79718, with user84680 as owner and space quota set to -1 bytes, counts quota set to -1
2023-05-05 09:10:30,656 [OM StateMachine ApplyTransaction Thread - 0] INFO  volume.OMVolumeCreateRequest (OMVolumeCreateRequest.java:validateAndUpdateCache(195)) - created volume:volume79718 for user:user84680
2023-05-05 09:10:30,686 [Listener at 127.0.0.1/44179] INFO  rpc.RpcClient (RpcClient.java:createBucket(697)) - Creating Bucket: volume79718/bucket75522, with bucket layout LEGACY, runner as owner, Versioning false, Storage Type set to DISK and Encryption set to false, Replication Type set to server-side default replication type, Namespace Quota set to -1, Space Quota set to -1 
2023-05-05 09:10:30,705 [OM StateMachine ApplyTransaction Thread - 0] INFO  bucket.OMBucketCreateRequest (OMBucketCreateRequest.java:validateAndUpdateCache(270)) - created bucket: bucket75522 of layout LEGACY in volume: volume79718
2023-05-05 09:10:30,758 [IPC Server handler 1 on default port 42581] INFO  ha.SequenceIdGenerator (SequenceIdGenerator.java:getNextId(128)) - Allocate a batch for containerId, change lastId from 0 to 1000.
2023-05-05 09:10:30,768 [IPC Server handler 1 on default port 42581] WARN  ha.SequenceIdGenerator (SequenceIdGenerator.java:allocateBatch(237)) - Failed to allocate a batch for localId, expected lastId is 0, actual lastId is 111677748019200000.
2023-05-05 09:10:30,768 [IPC Server handler 1 on default port 42581] INFO  ha.SequenceIdGenerator (SequenceIdGenerator.java:getNextId(128)) - Allocate a batch for localId, change lastId from 111677748019200000 to 111677748019201000.
2023-05-05 09:10:30,854 [Listener at 127.0.0.1/44179] INFO  impl.MetricsSystemImpl (MetricsSystemImpl.java:init(158)) - XceiverClientMetrics metrics system started (again)
2023-05-05 09:10:30,855 [Listener at 127.0.0.1/44179] INFO  lib.Interns (Interns.java:removeEldestEntry(50)) - Metrics intern cache overflow at 2011 for MetricsSystem={MetricsSystem=MetricsInfoImpl{name=MetricsSystem, description=MetricsSystem}, MetricsSystem record=MetricsInfoImpl{name=MetricsSystem, description=MetricsSystem record}}
2023-05-05 09:10:32,592 [Listener at 127.0.0.1/44179] INFO  ha.SequenceIdGenerator (SequenceIdGenerator.java:getNextId(128)) - Allocate a batch for delTxnId, change lastId from 0 to 1000.
2023-05-05 09:10:32,796 [SCMBlockDeletingService#0] INFO  block.SCMBlockDeletingService (SCMBlockDeletingService.java:call(198)) - Totally added 5 blocks to be deleted for 3 datanodes, task elapsed time: 6ms
2023-05-05 09:10:33,380 [org.apache.hadoop.ozone.container.common.statemachine.commandhandler.DeleteBlocksCommandHandler$DeleteCmdWorker@7fc5b4e1] INFO  commandhandler.DeleteBlocksCommandHandler (DeleteBlocksCommandHandler.java:processCmd(275)) - Start to delete container blocks, TXIDs=[4(0),5(0)], numOfContainers=2, numOfBlocks=2
2023-05-05 09:10:33,791 [SCMBlockDeletingService#0] INFO  block.SCMBlockDeletingService (SCMBlockDeletingService.java:call(198)) - Totally added 3 blocks to be deleted for 2 datanodes, task elapsed time: 0ms
2023-05-05 09:10:33,801 [org.apache.hadoop.ozone.container.common.statemachine.commandhandler.DeleteBlocksCommandHandler$DeleteCmdWorker@85560c5] INFO  commandhandler.DeleteBlocksCommandHandler (DeleteBlocksCommandHandler.java:processCmd(275)) - Start to delete container blocks, TXIDs=[3(0)], numOfContainers=1, numOfBlocks=1
2023-05-05 09:10:34,698 [org.apache.hadoop.ozone.container.common.statemachine.commandhandler.DeleteBlocksCommandHandler$DeleteCmdWorker@594bd6c2] INFO  commandhandler.DeleteBlocksCommandHandler (DeleteBlocksCommandHandler.java:processCmd(275)) - Start to delete container blocks, TXIDs=[1(0),2(0)], numOfContainers=2, numOfBlocks=2
2023-05-05 09:10:34,700 [org.apache.hadoop.ozone.container.common.statemachine.commandhandler.DeleteBlocksCommandHandler$DeleteCmdWorker@594bd6c2] INFO  commandhandler.DeleteBlocksCommandHandler (DeleteBlocksCommandHandler.java:processCmd(275)) - Start to delete container blocks, TXIDs=[1(1),2(1)], numOfContainers=2, numOfBlocks=2
2023-05-05 09:10:34,701 [DeleteBlocksCommandHandlerThread-2] INFO  commandhandler.DeleteBlocksCommandHandler (DeleteBlocksCommandHandler.java:logDeleteTransaction(493)) - Delete blocks for containerId: 1 is either received out of order or retried, 1 <= 1
2023-05-05 09:10:34,701 [DeleteBlocksCommandHandlerThread-3] INFO  commandhandler.DeleteBlocksCommandHandler (DeleteBlocksCommandHandler.java:logDeleteTransaction(493)) - Delete blocks for containerId: 2 is either received out of order or retried, 2 <= 2
2023-05-05 09:10:34,791 [SCMBlockDeletingService#0] INFO  block.SCMBlockDeletingService (SCMBlockDeletingService.java:call(198)) - Totally added 2 blocks to be deleted for 1 datanodes, task elapsed time: 0ms
2023-05-05 09:10:35,602 [Listener at 127.0.0.1/44179] INFO  ozone.MiniOzoneClusterImpl (MiniOzoneClusterImpl.java:shutdown(456)) - Shutting down the Mini Ozone Cluster
2023-05-05 09:10:35,602 [Listener at 127.0.0.1/44179] INFO  ozone.MiniOzoneClusterImpl (MiniOzoneClusterImpl.java:stop(474)) - Stopping the Mini Ozone Cluster
2023-05-05 09:10:35,602 [Listener at 127.0.0.1/44179] INFO  ozone.MiniOzoneClusterImpl (MiniOzoneClusterImpl.java:stopOM(560)) - Stopping the OzoneManager
2023-05-05 09:10:35,603 [Listener at 127.0.0.1/44179] INFO  om.OzoneManager (OzoneManager.java:stop(2165)) - om1[localhost:0]: Stopping Ozone Manager
2023-05-05 09:10:35,604 [Listener at 127.0.0.1/44179] INFO  ipc.Server (Server.java:stop(3501)) - Stopping server on 44179
2023-05-05 09:10:35,610 [IPC Server listener on 0] INFO  ipc.Server (Server.java:run(1430)) - Stopping IPC Server listener on 0
2023-05-05 09:10:35,611 [IPC Server Responder] INFO  ipc.Server (Server.java:run(1563)) - Stopping IPC Server Responder
2023-05-05 09:10:35,612 [Listener at 127.0.0.1/44179] INFO  server.RaftServer (RaftServerProxy.java:lambda$close$6(409)) - om1: close
2023-05-05 09:10:35,613 [Listener at 127.0.0.1/44179] INFO  server.GrpcService (GrpcService.java:closeImpl(271)) - om1: shutdown server GrpcServerProtocolService now
2023-05-05 09:10:35,613 [om1-impl-thread1] INFO  server.RaftServer$Division (RaftServerImpl.java:lambda$close$4(458)) - om1@group-C5BA1605619E: shutdown
2023-05-05 09:10:35,613 [om1-impl-thread1] INFO  util.JmxRegister (JmxRegister.java:unregister(73)) - Successfully un-registered JMX Bean with object name Ratis:service=RaftServer,group=group-C5BA1605619E,id=om1
2023-05-05 09:10:35,613 [om1-impl-thread1] INFO  impl.RoleInfo (RoleInfo.java:shutdownLeaderState(93)) - om1: shutdown om1@group-C5BA1605619E-LeaderStateImpl
2023-05-05 09:10:35,614 [om1-impl-thread1] INFO  impl.PendingRequests (PendingRequests.java:sendNotLeaderResponses(282)) - om1@group-C5BA1605619E-PendingRequests: sendNotLeaderResponses
2023-05-05 09:10:35,616 [om1-impl-thread1] INFO  impl.StateMachineUpdater (StateMachineUpdater.java:stopAndJoin(153)) - om1@group-C5BA1605619E-StateMachineUpdater: set stopIndex = 24
2023-05-05 09:10:35,617 [om1@group-C5BA1605619E-StateMachineUpdater] INFO  ratis.OzoneManagerStateMachine (OzoneManagerStateMachine.java:takeSnapshot(479)) - Current Snapshot Index (t:1, i:24)
2023-05-05 09:10:35,620 [Listener at 127.0.0.1/44179] INFO  server.GrpcService (GrpcService.java:closeImpl(280)) - om1: shutdown server GrpcServerProtocolService successfully
2023-05-05 09:10:35,670 [om1@group-C5BA1605619E-StateMachineUpdater] INFO  impl.StateMachineUpdater (StateMachineUpdater.java:takeSnapshot(287)) - om1@group-C5BA1605619E-StateMachineUpdater: Took a snapshot at index 24
2023-05-05 09:10:35,671 [om1@group-C5BA1605619E-StateMachineUpdater] INFO  impl.StateMachineUpdater (StateMachineUpdater.java:lambda$new$0(92)) - om1@group-C5BA1605619E-StateMachineUpdater: snapshotIndex: updateIncreasingly -1 -> 24
2023-05-05 09:10:35,671 [om1@group-C5BA1605619E-StateMachineUpdater] INFO  ratis.OzoneManagerStateMachine (OzoneManagerStateMachine.java:close(533)) - StateMachine has shutdown. Shutdown OzoneManager if not already shutdown.
2023-05-05 09:10:35,672 [om1@group-C5BA1605619E-StateMachineUpdater] INFO  ratis.OzoneManagerDoubleBuffer (OzoneManagerDoubleBuffer.java:stopDaemon(540)) - Stopping OMDoubleBuffer flush thread
2023-05-05 09:10:35,672 [OMDoubleBufferFlushThread] INFO  ratis.OzoneManagerDoubleBuffer (OzoneManagerDoubleBuffer.java:canFlush(625)) - OMDoubleBuffer flush thread OMDoubleBufferFlushThread is interrupted and will exit.
2023-05-05 09:10:35,673 [om1-impl-thread1] INFO  server.RaftServer$Division (ServerState.java:close(466)) - om1@group-C5BA1605619E: closes. applyIndex: 24
2023-05-05 09:10:35,674 [om1@group-C5BA1605619E-SegmentedRaftLogWorker] INFO  segmented.SegmentedRaftLogWorker (SegmentedRaftLogWorker.java:run(347)) - om1@group-C5BA1605619E-SegmentedRaftLogWorker was interrupted, exiting. There are 0 tasks remaining in the queue.
2023-05-05 09:10:35,678 [om1-impl-thread1] INFO  segmented.SegmentedRaftLogWorker (SegmentedRaftLogWorker.java:close(257)) - om1@group-C5BA1605619E-SegmentedRaftLogWorker close()
2023-05-05 09:10:35,678 [JvmPauseMonitor0] INFO  util.JvmPauseMonitor (JvmPauseMonitor.java:run(111)) - JvmPauseMonitor-om1: Stopped
2023-05-05 09:10:35,678 [Listener at 127.0.0.1/44179] INFO  ratis.OzoneManagerStateMachine (OzoneManagerStateMachine.java:close(533)) - StateMachine has shutdown. Shutdown OzoneManager if not already shutdown.
2023-05-05 09:10:35,678 [Listener at 127.0.0.1/44179] INFO  ratis.OzoneManagerDoubleBuffer (OzoneManagerDoubleBuffer.java:stopDaemon(549)) - OMDoubleBuffer flush thread is not running.
2023-05-05 09:10:35,679 [Listener at 127.0.0.1/44179] INFO  utils.BackgroundService (BackgroundService.java:shutdown(141)) - Shutting down service KeyDeletingService
2023-05-05 09:10:35,679 [Listener at 127.0.0.1/44179] INFO  utils.BackgroundService (BackgroundService.java:shutdown(141)) - Shutting down service KeyDeletingService
2023-05-05 09:10:35,679 [Listener at 127.0.0.1/44179] INFO  utils.BackgroundService (BackgroundService.java:shutdown(141)) - Shutting down service OpenKeyCleanupService
2023-05-05 09:10:35,679 [Listener at 127.0.0.1/44179] INFO  utils.BackgroundService (BackgroundService.java:shutdown(141)) - Shutting down service SstFilteringService
2023-05-05 09:10:35,680 [Listener at 127.0.0.1/44179] INFO  utils.BackgroundService (BackgroundService.java:shutdown(141)) - Shutting down service SnapshotDeletingService
2023-05-05 09:10:35,681 [Listener at 127.0.0.1/44179] INFO  handler.ContextHandler (ContextHandler.java:doStop(1159)) - Stopped o.e.j.w.WebAppContext@7bc2c5ac{ozoneManager,/,null,STOPPED}{file:/home/runner/work/ozone/ozone/hadoop-ozone/integration-test/target/test-classes/webapps/ozoneManager}
2023-05-05 09:10:35,685 [Listener at 127.0.0.1/44179] INFO  server.AbstractConnector (AbstractConnector.java:doStop(383)) - Stopped ServerConnector@2170b34c{HTTP/1.1, (http/1.1)}{0.0.0.0:0}
2023-05-05 09:10:35,685 [Listener at 127.0.0.1/44179] INFO  server.session (HouseKeeper.java:stopScavenging(149)) - node0 Stopped scavenging
2023-05-05 09:10:35,685 [Listener at 127.0.0.1/44179] INFO  handler.ContextHandler (ContextHandler.java:doStop(1159)) - Stopped o.e.j.s.ServletContextHandler@52cf7f81{static,/static,file:///home/runner/work/ozone/ozone/hadoop-ozone/integration-test/target/test-classes/webapps/static,STOPPED}
2023-05-05 09:10:35,685 [Listener at 127.0.0.1/44179] INFO  handler.ContextHandler (ContextHandler.java:doStop(1159)) - Stopped o.e.j.s.ServletContextHandler@6068add9{logs,/logs,file:///home/runner/work/ozone/ozone/hadoop-ozone/integration-test/target/log,STOPPED}
2023-05-05 09:10:35,692 [Listener at 127.0.0.1/44179] INFO  utils.BackgroundService (BackgroundService.java:shutdown(141)) - Shutting down service SnapshotDiffCleanupService
2023-05-05 09:10:35,694 [Listener at 127.0.0.1/44179] INFO  ozone.MiniOzoneClusterImpl (MiniOzoneClusterImpl.java:stopDatanodes(537)) - Stopping the HddsDatanodes
2023-05-05 09:10:35,698 [ForkJoinPool.commonPool-worker-1] INFO  ozoneimpl.OzoneContainer (OzoneContainer.java:stop(419)) - Attempting to stop container services.
2023-05-05 09:10:35,698 [Listener at 127.0.0.1/44179] INFO  ozoneimpl.OzoneContainer (OzoneContainer.java:stop(419)) - Attempting to stop container services.
2023-05-05 09:10:35,702 [Listener at 127.0.0.1/44179] INFO  server.RaftServer (RaftServerProxy.java:lambda$close$6(409)) - 2cb290fa-4f34-406f-8eca-2b7b4ff38328: close
2023-05-05 09:10:35,702 [2cb290fa-4f34-406f-8eca-2b7b4ff38328-impl-thread1] INFO  server.RaftServer$Division (RaftServerImpl.java:lambda$close$4(458)) - 2cb290fa-4f34-406f-8eca-2b7b4ff38328@group-56D6E17D1EA1: shutdown
2023-05-05 09:10:35,702 [ForkJoinPool.commonPool-worker-1] INFO  server.RaftServer (RaftServerProxy.java:lambda$close$6(409)) - 13da8014-cf59-4ce9-8837-b97ce342a136: close
2023-05-05 09:10:35,702 [2cb290fa-4f34-406f-8eca-2b7b4ff38328-impl-thread1] INFO  util.JmxRegister (JmxRegister.java:unregister(73)) - Successfully un-registered JMX Bean with object name Ratis:service=RaftServer,group=group-56D6E17D1EA1,id=2cb290fa-4f34-406f-8eca-2b7b4ff38328
2023-05-05 09:10:35,702 [2cb290fa-4f34-406f-8eca-2b7b4ff38328-impl-thread1] INFO  impl.RoleInfo (RoleInfo.java:shutdownLeaderState(93)) - 2cb290fa-4f34-406f-8eca-2b7b4ff38328: shutdown 2cb290fa-4f34-406f-8eca-2b7b4ff38328@group-56D6E17D1EA1-LeaderStateImpl
2023-05-05 09:10:35,703 [2cb290fa-4f34-406f-8eca-2b7b4ff38328-impl-thread2] INFO  server.RaftServer$Division (RaftServerImpl.java:lambda$close$4(458)) - 2cb290fa-4f34-406f-8eca-2b7b4ff38328@group-904BAB61A37C: shutdown
2023-05-05 09:10:35,703 [2cb290fa-4f34-406f-8eca-2b7b4ff38328-impl-thread2] INFO  util.JmxRegister (JmxRegister.java:unregister(73)) - Successfully un-registered JMX Bean with object name Ratis:service=RaftServer,group=group-904BAB61A37C,id=2cb290fa-4f34-406f-8eca-2b7b4ff38328
2023-05-05 09:10:35,703 [2cb290fa-4f34-406f-8eca-2b7b4ff38328-impl-thread2] INFO  impl.RoleInfo (RoleInfo.java:shutdownFollowerState(110)) - 2cb290fa-4f34-406f-8eca-2b7b4ff38328: shutdown 2cb290fa-4f34-406f-8eca-2b7b4ff38328@group-904BAB61A37C-FollowerState
2023-05-05 09:10:35,703 [Listener at 127.0.0.1/44179] INFO  server.GrpcService (GrpcService.java:closeImpl(271)) - 2cb290fa-4f34-406f-8eca-2b7b4ff38328: shutdown server GrpcServerProtocolService now
2023-05-05 09:10:35,703 [13da8014-cf59-4ce9-8837-b97ce342a136-impl-thread1] INFO  server.RaftServer$Division (RaftServerImpl.java:lambda$close$4(458)) - 13da8014-cf59-4ce9-8837-b97ce342a136@group-970AC766E94D: shutdown
2023-05-05 09:10:35,703 [13da8014-cf59-4ce9-8837-b97ce342a136-impl-thread1] INFO  util.JmxRegister (JmxRegister.java:unregister(73)) - Successfully un-registered JMX Bean with object name Ratis:service=RaftServer,group=group-970AC766E94D,id=13da8014-cf59-4ce9-8837-b97ce342a136
2023-05-05 09:10:35,703 [13da8014-cf59-4ce9-8837-b97ce342a136-impl-thread1] INFO  impl.RoleInfo (RoleInfo.java:shutdownLeaderState(93)) - 13da8014-cf59-4ce9-8837-b97ce342a136: shutdown 13da8014-cf59-4ce9-8837-b97ce342a136@group-970AC766E94D-LeaderStateImpl
2023-05-05 09:10:35,705 [2cb290fa-4f34-406f-8eca-2b7b4ff38328-impl-thread3] INFO  server.RaftServer$Division (RaftServerImpl.java:lambda$close$4(458)) - 2cb290fa-4f34-406f-8eca-2b7b4ff38328@group-8C23974A5725: shutdown
2023-05-05 09:10:35,705 [2cb290fa-4f34-406f-8eca-2b7b4ff38328-impl-thread3] INFO  util.JmxRegister (JmxRegister.java:unregister(73)) - Successfully un-registered JMX Bean with object name Ratis:service=RaftServer,group=group-8C23974A5725,id=2cb290fa-4f34-406f-8eca-2b7b4ff38328
2023-05-05 09:10:35,705 [2cb290fa-4f34-406f-8eca-2b7b4ff38328-impl-thread3] INFO  impl.RoleInfo (RoleInfo.java:shutdownFollowerState(110)) - 2cb290fa-4f34-406f-8eca-2b7b4ff38328: shutdown 2cb290fa-4f34-406f-8eca-2b7b4ff38328@group-8C23974A5725-FollowerState
2023-05-05 09:10:35,703 [2cb290fa-4f34-406f-8eca-2b7b4ff38328-impl-thread1] INFO  impl.PendingRequests (PendingRequests.java:sendNotLeaderResponses(282)) - 2cb290fa-4f34-406f-8eca-2b7b4ff38328@group-56D6E17D1EA1-PendingRequests: sendNotLeaderResponses
2023-05-05 09:10:35,703 [13da8014-cf59-4ce9-8837-b97ce342a136-impl-thread1] INFO  impl.PendingRequests (PendingRequests.java:sendNotLeaderResponses(282)) - 13da8014-cf59-4ce9-8837-b97ce342a136@group-970AC766E94D-PendingRequests: sendNotLeaderResponses
2023-05-05 09:10:35,709 [Listener at 127.0.0.1/44179] INFO  server.GrpcServerProtocolClient (GrpcServerProtocolClient.java:close(101)) - 13da8014-cf59-4ce9-8837-b97ce342a136 Close channels
2023-05-05 09:10:35,712 [2cb290fa-4f34-406f-8eca-2b7b4ff38328-impl-thread2] INFO  impl.StateMachineUpdater (StateMachineUpdater.java:stopAndJoin(153)) - 2cb290fa-4f34-406f-8eca-2b7b4ff38328@group-904BAB61A37C-StateMachineUpdater: set stopIndex = 0
2023-05-05 09:10:35,711 [2cb290fa-4f34-406f-8eca-2b7b4ff38328@group-8C23974A5725-FollowerState] INFO  impl.FollowerState (FollowerState.java:run(152)) - 2cb290fa-4f34-406f-8eca-2b7b4ff38328@group-8C23974A5725-FollowerState was interrupted
2023-05-05 09:10:35,711 [2cb290fa-4f34-406f-8eca-2b7b4ff38328@group-904BAB61A37C-FollowerState] INFO  impl.FollowerState (FollowerState.java:run(152)) - 2cb290fa-4f34-406f-8eca-2b7b4ff38328@group-904BAB61A37C-FollowerState was interrupted
2023-05-05 09:10:35,712 [2cb290fa-4f34-406f-8eca-2b7b4ff38328@group-904BAB61A37C-StateMachineUpdater] INFO  ratis.ContainerStateMachine (ContainerStateMachine.java:takeSnapshot(330)) - group-904BAB61A37C: Taking a snapshot at:(t:1, i:0) file /home/runner/work/ozone/ozone/hadoop-ozone/integration-test/target/test-dir/MiniOzoneClusterImpl-ed01f5d4-5545-4c64-89b6-17c207d9d767/datanode-1/data/ratis/41b28b5b-d76b-49b3-8b21-904bab61a37c/sm/snapshot.1_0
2023-05-05 09:10:35,711 [2cb290fa-4f34-406f-8eca-2b7b4ff38328-impl-thread3] INFO  impl.StateMachineUpdater (StateMachineUpdater.java:stopAndJoin(153)) - 2cb290fa-4f34-406f-8eca-2b7b4ff38328@group-8C23974A5725-StateMachineUpdater: set stopIndex = 0
2023-05-05 09:10:35,711 [grpc-default-executor-2] WARN  server.GrpcServerProtocolService (LogUtils.java:warn(122)) - 2cb290fa-4f34-406f-8eca-2b7b4ff38328: installSnapshot onError, lastRequest: null: org.apache.ratis.thirdparty.io.grpc.StatusRuntimeException: CANCELLED: client cancelled
2023-05-05 09:10:35,710 [ForkJoinPool.commonPool-worker-1] INFO  server.GrpcService (GrpcService.java:closeImpl(271)) - 13da8014-cf59-4ce9-8837-b97ce342a136: shutdown server GrpcServerProtocolService now
2023-05-05 09:10:35,720 [2cb290fa-4f34-406f-8eca-2b7b4ff38328@group-8C23974A5725-StateMachineUpdater] INFO  ratis.ContainerStateMachine (ContainerStateMachine.java:takeSnapshot(330)) - group-8C23974A5725: Taking a snapshot at:(t:1, i:0) file /home/runner/work/ozone/ozone/hadoop-ozone/integration-test/target/test-dir/MiniOzoneClusterImpl-ed01f5d4-5545-4c64-89b6-17c207d9d767/datanode-1/data/ratis/08e985b8-55ba-4488-a4d4-8c23974a5725/sm/snapshot.1_0
2023-05-05 09:10:35,720 [13da8014-cf59-4ce9-8837-b97ce342a136-impl-thread2] INFO  server.RaftServer$Division (RaftServerImpl.java:lambda$close$4(458)) - 13da8014-cf59-4ce9-8837-b97ce342a136@group-904BAB61A37C: shutdown
2023-05-05 09:10:35,721 [13da8014-cf59-4ce9-8837-b97ce342a136-impl-thread2] INFO  util.JmxRegister (JmxRegister.java:unregister(73)) - Successfully un-registered JMX Bean with object name Ratis:service=RaftServer,group=group-904BAB61A37C,id=13da8014-cf59-4ce9-8837-b97ce342a136
2023-05-05 09:10:35,721 [13da8014-cf59-4ce9-8837-b97ce342a136-impl-thread2] INFO  impl.RoleInfo (RoleInfo.java:shutdownFollowerState(110)) - 13da8014-cf59-4ce9-8837-b97ce342a136: shutdown 13da8014-cf59-4ce9-8837-b97ce342a136@group-904BAB61A37C-FollowerState
2023-05-05 09:10:35,721 [grpc-default-executor-6] WARN  server.GrpcServerProtocolService (LogUtils.java:warn(122)) - 2cb290fa-4f34-406f-8eca-2b7b4ff38328: installSnapshot onError, lastRequest: null: org.apache.ratis.thirdparty.io.grpc.StatusRuntimeException: CANCELLED: client cancelled
2023-05-05 09:10:35,722 [grpc-default-executor-7] WARN  server.GrpcLogAppender (LogUtils.java:warn(122)) - a461b031-87cf-46ec-8015-141f82ba476b@group-904BAB61A37C->2cb290fa-4f34-406f-8eca-2b7b4ff38328-AppendLogResponseHandler: Failed appendEntries: org.apache.ratis.thirdparty.io.grpc.StatusRuntimeException: CANCELLED: RST_STREAM closed stream. HTTP/2 error code: CANCEL
2023-05-05 09:10:35,722 [13da8014-cf59-4ce9-8837-b97ce342a136-impl-thread1] INFO  impl.StateMachineUpdater (StateMachineUpdater.java:stopAndJoin(153)) - 13da8014-cf59-4ce9-8837-b97ce342a136@group-970AC766E94D-StateMachineUpdater: set stopIndex = 6
2023-05-05 09:10:35,722 [13da8014-cf59-4ce9-8837-b97ce342a136@group-970AC766E94D-StateMachineUpdater] INFO  ratis.ContainerStateMachine (ContainerStateMachine.java:takeSnapshot(330)) - group-970AC766E94D: Taking a snapshot at:(t:1, i:6) file /home/runner/work/ozone/ozone/hadoop-ozone/integration-test/target/test-dir/MiniOzoneClusterImpl-ed01f5d4-5545-4c64-89b6-17c207d9d767/datanode-0/data/ratis/e2cf92e9-e8e8-4e8c-9411-970ac766e94d/sm/snapshot.1_6
2023-05-05 09:10:35,723 [grpc-default-executor-7] WARN  server.GrpcLogAppender (GrpcLogAppender.java:resetClient(131)) - a461b031-87cf-46ec-8015-141f82ba476b@group-904BAB61A37C->2cb290fa-4f34-406f-8eca-2b7b4ff38328-GrpcLogAppender: Leader has not got in touch with Follower a461b031-87cf-46ec-8015-141f82ba476b@group-904BAB61A37C->2cb290fa-4f34-406f-8eca-2b7b4ff38328(c0,m0,n1, attendVote=true, lastRpcSendTime=660, lastRpcResponseTime=658) yet, just keep nextIndex unchanged and retry.
2023-05-05 09:10:35,727 [grpc-default-executor-7] WARN  server.GrpcServerProtocolService (LogUtils.java:warn(122)) - 13da8014-cf59-4ce9-8837-b97ce342a136: installSnapshot onError, lastRequest: a461b031-87cf-46ec-8015-141f82ba476b->13da8014-cf59-4ce9-8837-b97ce342a136#1-t1,previous=(t:0, i:0),leaderCommit=0,initializing? true,entries: size=1, first=(t:1, i:0), CONFIGURATIONENTRY(current:id: "2cb290fa-4f34-406f-8eca-2b7b4ff38328"
address: "10.1.0.42:33685"
dataStreamAddress: "10.1.0.42:44345"
clientAddress: "10.1.0.42:33685"
adminAddress: "10.1.0.42:33685"
startupRole: FOLLOWER
,id: "13da8014-cf59-4ce9-8837-b97ce342a136"
address: "10.1.0.42:33283"
dataStreamAddress: "10.1.0.42:43129"
clientAddress: "10.1.0.42:33283"
adminAddress: "10.1.0.42:33283"
startupRole: FOLLOWER
,id: "a461b031-87cf-46ec-8015-141f82ba476b"
address: "10.1.0.42:41513"
priority: 1
dataStreamAddress: "10.1.0.42:44165"
clientAddress: "10.1.0.42:41513"
adminAddress: "10.1.0.42:41513"
startupRole: FOLLOWER
, old:): org.apache.ratis.thirdparty.io.grpc.StatusRuntimeException: CANCELLED: client cancelled
2023-05-05 09:10:35,710 [13da8014-cf59-4ce9-8837-b97ce342a136-impl-thread3] INFO  server.RaftServer$Division (RaftServerImpl.java:lambda$close$4(458)) - 13da8014-cf59-4ce9-8837-b97ce342a136@group-8C23974A5725: shutdown
2023-05-05 09:10:35,715 [grpc-default-executor-4] WARN  server.GrpcServerProtocolService (LogUtils.java:warn(122)) - 2cb290fa-4f34-406f-8eca-2b7b4ff38328: installSnapshot onError, lastRequest: 13da8014-cf59-4ce9-8837-b97ce342a136->2cb290fa-4f34-406f-8eca-2b7b4ff38328#1-t1,previous=(t:0, i:0),leaderCommit=0,initializing? true,entries: size=1, first=(t:1, i:0), CONFIGURATIONENTRY(current:id: "2cb290fa-4f34-406f-8eca-2b7b4ff38328"
address: "10.1.0.42:33685"
dataStreamAddress: "10.1.0.42:44345"
clientAddress: "10.1.0.42:33685"
adminAddress: "10.1.0.42:33685"
startupRole: FOLLOWER
,id: "13da8014-cf59-4ce9-8837-b97ce342a136"
address: "10.1.0.42:33283"
priority: 1
dataStreamAddress: "10.1.0.42:43129"
clientAddress: "10.1.0.42:33283"
adminAddress: "10.1.0.42:33283"
startupRole: FOLLOWER
,id: "a461b031-87cf-46ec-8015-141f82ba476b"
address: "10.1.0.42:41513"
dataStreamAddress: "10.1.0.42:44165"
clientAddress: "10.1.0.42:41513"
adminAddress: "10.1.0.42:41513"
startupRole: FOLLOWER
, old:): org.apache.ratis.thirdparty.io.grpc.StatusRuntimeException: CANCELLED: client cancelled
2023-05-05 09:10:35,729 [13da8014-cf59-4ce9-8837-b97ce342a136-impl-thread3] INFO  util.JmxRegister (JmxRegister.java:unregister(73)) - Successfully un-registered JMX Bean with object name Ratis:service=RaftServer,group=group-8C23974A5725,id=13da8014-cf59-4ce9-8837-b97ce342a136
2023-05-05 09:10:35,715 [grpc-default-executor-1] WARN  server.GrpcServerProtocolService (LogUtils.java:warn(122)) - 2cb290fa-4f34-406f-8eca-2b7b4ff38328: installSnapshot onError, lastRequest: a461b031-87cf-46ec-8015-141f82ba476b->2cb290fa-4f34-406f-8eca-2b7b4ff38328#1-t1,previous=(t:0, i:0),leaderCommit=0,initializing? true,entries: size=1, first=(t:1, i:0), CONFIGURATIONENTRY(current:id: "2cb290fa-4f34-406f-8eca-2b7b4ff38328"
address: "10.1.0.42:33685"
dataStreamAddress: "10.1.0.42:44345"
clientAddress: "10.1.0.42:33685"
adminAddress: "10.1.0.42:33685"
startupRole: FOLLOWER
,id: "13da8014-cf59-4ce9-8837-b97ce342a136"
address: "10.1.0.42:33283"
dataStreamAddress: "10.1.0.42:43129"
clientAddress: "10.1.0.42:33283"
adminAddress: "10.1.0.42:33283"
startupRole: FOLLOWER
,id: "a461b031-87cf-46ec-8015-141f82ba476b"
address: "10.1.0.42:41513"
priority: 1
dataStreamAddress: "10.1.0.42:44165"
clientAddress: "10.1.0.42:41513"
adminAddress: "10.1.0.42:41513"
startupRole: FOLLOWER
, old:): org.apache.ratis.thirdparty.io.grpc.StatusRuntimeException: CANCELLED: client cancelled
2023-05-05 09:10:35,724 [13da8014-cf59-4ce9-8837-b97ce342a136@group-904BAB61A37C-StateMachineUpdater] INFO  ratis.ContainerStateMachine (ContainerStateMachine.java:takeSnapshot(330)) - group-904BAB61A37C: Taking a snapshot at:(t:1, i:0) file /home/runner/work/ozone/ozone/hadoop-ozone/integration-test/target/test-dir/MiniOzoneClusterImpl-ed01f5d4-5545-4c64-89b6-17c207d9d767/datanode-0/data/ratis/41b28b5b-d76b-49b3-8b21-904bab61a37c/sm/snapshot.1_0
2023-05-05 09:10:35,724 [13da8014-cf59-4ce9-8837-b97ce342a136@group-904BAB61A37C-FollowerState] INFO  impl.FollowerState (FollowerState.java:run(152)) - 13da8014-cf59-4ce9-8837-b97ce342a136@group-904BAB61A37C-FollowerState was interrupted
2023-05-05 09:10:35,724 [13da8014-cf59-4ce9-8837-b97ce342a136-impl-thread2] INFO  impl.StateMachineUpdater (StateMachineUpdater.java:stopAndJoin(153)) - 13da8014-cf59-4ce9-8837-b97ce342a136@group-904BAB61A37C-StateMachineUpdater: set stopIndex = 0
2023-05-05 09:10:35,739 [grpc-default-executor-4] WARN  server.GrpcServerProtocolService (LogUtils.java:warn(122)) - 13da8014-cf59-4ce9-8837-b97ce342a136: installSnapshot onError, lastRequest: null: org.apache.ratis.thirdparty.io.grpc.StatusRuntimeException: CANCELLED: client cancelled
2023-05-05 09:10:35,738 [grpc-default-executor-2] WARN  server.GrpcLogAppender (LogUtils.java:warn(122)) - a461b031-87cf-46ec-8015-141f82ba476b@group-904BAB61A37C->13da8014-cf59-4ce9-8837-b97ce342a136-AppendLogResponseHandler: Failed appendEntries: org.apache.ratis.thirdparty.io.grpc.StatusRuntimeException: CANCELLED: RST_STREAM closed stream. HTTP/2 error code: CANCEL
2023-05-05 09:10:35,738 [Listener at 127.0.0.1/44179] INFO  server.GrpcServerProtocolClient (GrpcServerProtocolClient.java:close(101)) - a461b031-87cf-46ec-8015-141f82ba476b Close channels
2023-05-05 09:10:35,740 [grpc-default-executor-4] WARN  server.GrpcLogAppender (LogUtils.java:warn(122)) - 13da8014-cf59-4ce9-8837-b97ce342a136@group-8C23974A5725->2cb290fa-4f34-406f-8eca-2b7b4ff38328-AppendLogResponseHandler: Failed appendEntries: org.apache.ratis.thirdparty.io.grpc.StatusRuntimeException: CANCELLED: RST_STREAM closed stream. HTTP/2 error code: CANCEL
2023-05-05 09:10:35,737 [grpc-default-executor-9] WARN  server.GrpcLogAppender (LogUtils.java:warn(122)) - a461b031-87cf-46ec-8015-141f82ba476b@group-904BAB61A37C->13da8014-cf59-4ce9-8837-b97ce342a136-AppendLogResponseHandler: Failed appendEntries: org.apache.ratis.thirdparty.io.grpc.StatusRuntimeException: CANCELLED: RST_STREAM closed stream. HTTP/2 error code: CANCEL
2023-05-05 09:10:35,732 [grpc-default-executor-1] WARN  server.GrpcLogAppender (LogUtils.java:warn(122)) - 13da8014-cf59-4ce9-8837-b97ce342a136@group-8C23974A5725->2cb290fa-4f34-406f-8eca-2b7b4ff38328-AppendLogResponseHandler: Failed appendEntries: org.apache.ratis.thirdparty.io.grpc.StatusRuntimeException: CANCELLED: RST_STREAM closed stream. HTTP/2 error code: CANCEL
2023-05-05 09:10:35,735 [2cb290fa-4f34-406f-8eca-2b7b4ff38328@group-56D6E17D1EA1-StateMachineUpdater] INFO  ratis.ContainerStateMachine (ContainerStateMachine.java:takeSnapshot(330)) - group-56D6E17D1EA1: Taking a snapshot at:(t:1, i:6) file /home/runner/work/ozone/ozone/hadoop-ozone/integration-test/target/test-dir/MiniOzoneClusterImpl-ed01f5d4-5545-4c64-89b6-17c207d9d767/datanode-1/data/ratis/b7c58ef7-c0eb-4d20-82f1-56d6e17d1ea1/sm/snapshot.1_6
2023-05-05 09:10:35,735 [2cb290fa-4f34-406f-8eca-2b7b4ff38328-impl-thread1] INFO  impl.StateMachineUpdater (StateMachineUpdater.java:stopAndJoin(153)) - 2cb290fa-4f34-406f-8eca-2b7b4ff38328@group-56D6E17D1EA1-StateMachineUpdater: set stopIndex = 6
2023-05-05 09:10:35,725 [grpc-default-executor-8] WARN  server.GrpcLogAppender (LogUtils.java:warn(122)) - a461b031-87cf-46ec-8015-141f82ba476b@group-904BAB61A37C->2cb290fa-4f34-406f-8eca-2b7b4ff38328-AppendLogResponseHandler: Failed appendEntries: org.apache.ratis.thirdparty.io.grpc.StatusRuntimeException: CANCELLED: RST_STREAM closed stream. HTTP/2 error code: CANCEL
2023-05-05 09:10:35,735 [ForkJoinPool.commonPool-worker-1] INFO  server.GrpcServerProtocolClient (GrpcServerProtocolClient.java:close(101)) - 2cb290fa-4f34-406f-8eca-2b7b4ff38328 Close channels
2023-05-05 09:10:35,729 [13da8014-cf59-4ce9-8837-b97ce342a136-impl-thread3] INFO  impl.RoleInfo (RoleInfo.java:shutdownLeaderState(93)) - 13da8014-cf59-4ce9-8837-b97ce342a136: shutdown 13da8014-cf59-4ce9-8837-b97ce342a136@group-8C23974A5725-LeaderStateImpl
2023-05-05 09:10:35,747 [grpc-default-executor-8] WARN  server.GrpcLogAppender (GrpcLogAppender.java:resetClient(131)) - a461b031-87cf-46ec-8015-141f82ba476b@group-904BAB61A37C->2cb290fa-4f34-406f-8eca-2b7b4ff38328-GrpcLogAppender: Leader has not got in touch with Follower a461b031-87cf-46ec-8015-141f82ba476b@group-904BAB61A37C->2cb290fa-4f34-406f-8eca-2b7b4ff38328(c0,m0,n1, attendVote=true, lastRpcSendTime=683, lastRpcResponseTime=682) yet, just keep nextIndex unchanged and retry.
2023-05-05 09:10:35,747 [grpc-default-executor-1] WARN  server.GrpcLogAppender (GrpcLogAppender.java:resetClient(137)) - 13da8014-cf59-4ce9-8837-b97ce342a136@group-8C23974A5725->2cb290fa-4f34-406f-8eca-2b7b4ff38328-GrpcLogAppender: Failed to getClient for 2cb290fa-4f34-406f-8eca-2b7b4ff38328
org.apache.ratis.protocol.exceptions.AlreadyClosedException: 13da8014-cf59-4ce9-8837-b97ce342a136 is already CLOSED
	at org.apache.ratis.util.PeerProxyMap$PeerAndProxy.getProxy(PeerProxyMap.java:61)
	at org.apache.ratis.util.PeerProxyMap.getProxy(PeerProxyMap.java:115)
	at org.apache.ratis.grpc.server.GrpcLogAppender.getClient(GrpcLogAppender.java:116)
	at org.apache.ratis.grpc.server.GrpcLogAppender.resetClient(GrpcLogAppender.java:121)
	at org.apache.ratis.grpc.server.GrpcLogAppender.access$500(GrpcLogAppender.java:58)
	at org.apache.ratis.grpc.server.GrpcLogAppender$AppendLogResponseHandler.onError(GrpcLogAppender.java:410)
	at org.apache.ratis.thirdparty.io.grpc.stub.ClientCalls$StreamObserverToCallListenerAdapter.onClose(ClientCalls.java:487)
	at org.apache.ratis.thirdparty.io.grpc.internal.DelayedClientCall$DelayedListener$3.run(DelayedClientCall.java:468)
	at org.apache.ratis.thirdparty.io.grpc.internal.DelayedClientCall$DelayedListener.delayOrExecute(DelayedClientCall.java:432)
	at org.apache.ratis.thirdparty.io.grpc.internal.DelayedClientCall$DelayedListener.onClose(DelayedClientCall.java:465)
	at org.apache.ratis.thirdparty.io.grpc.internal.ClientCallImpl.closeObserver(ClientCallImpl.java:562)
	at org.apache.ratis.thirdparty.io.grpc.internal.ClientCallImpl.access$300(ClientCallImpl.java:70)
	at org.apache.ratis.thirdparty.io.grpc.internal.ClientCallImpl$ClientStreamListenerImpl$1StreamClosed.runInternal(ClientCallImpl.java:743)
	at org.apache.ratis.thirdparty.io.grpc.internal.ClientCallImpl$ClientStreamListenerImpl$1StreamClosed.runInContext(ClientCallImpl.java:722)
	at org.apache.ratis.thirdparty.io.grpc.internal.ContextRunnable.run(ContextRunnable.java:37)
	at org.apache.ratis.thirdparty.io.grpc.internal.SerializingExecutor.run(SerializingExecutor.java:133)
	at java.util.concurrent.ThreadPoolExecutor.runWorker(ThreadPoolExecutor.java:1149)
	at java.util.concurrent.ThreadPoolExecutor$Worker.run(ThreadPoolExecutor.java:624)
	at java.lang.Thread.run(Thread.java:750)
2023-05-05 09:10:35,744 [Listener at 127.0.0.1/44179] INFO  server.GrpcService (GrpcService.java:closeImpl(280)) - 2cb290fa-4f34-406f-8eca-2b7b4ff38328: shutdown server GrpcServerProtocolService successfully
2023-05-05 09:10:35,741 [grpc-default-executor-4] WARN  server.GrpcLogAppender (GrpcLogAppender.java:resetClient(137)) - 13da8014-cf59-4ce9-8837-b97ce342a136@group-8C23974A5725->2cb290fa-4f34-406f-8eca-2b7b4ff38328-GrpcLogAppender: Failed to getClient for 2cb290fa-4f34-406f-8eca-2b7b4ff38328
org.apache.ratis.protocol.exceptions.AlreadyClosedException: 13da8014-cf59-4ce9-8837-b97ce342a136 is already CLOSED
	at org.apache.ratis.util.PeerProxyMap$PeerAndProxy.getProxy(PeerProxyMap.java:61)
	at org.apache.ratis.util.PeerProxyMap.getProxy(PeerProxyMap.java:115)
	at org.apache.ratis.grpc.server.GrpcLogAppender.getClient(GrpcLogAppender.java:116)
	at org.apache.ratis.grpc.server.GrpcLogAppender.resetClient(GrpcLogAppender.java:121)
	at org.apache.ratis.grpc.server.GrpcLogAppender.access$500(GrpcLogAppender.java:58)
	at org.apache.ratis.grpc.server.GrpcLogAppender$AppendLogResponseHandler.onError(GrpcLogAppender.java:410)
	at org.apache.ratis.thirdparty.io.grpc.stub.ClientCalls$StreamObserverToCallListenerAdapter.onClose(ClientCalls.java:487)
	at org.apache.ratis.thirdparty.io.grpc.internal.ClientCallImpl.closeObserver(ClientCallImpl.java:562)
	at org.apache.ratis.thirdparty.io.grpc.internal.ClientCallImpl.access$300(ClientCallImpl.java:70)
	at org.apache.ratis.thirdparty.io.grpc.internal.ClientCallImpl$ClientStreamListenerImpl$1StreamClosed.runInternal(ClientCallImpl.java:743)
	at org.apache.ratis.thirdparty.io.grpc.internal.ClientCallImpl$ClientStreamListenerImpl$1StreamClosed.runInContext(ClientCallImpl.java:722)
	at org.apache.ratis.thirdparty.io.grpc.internal.ContextRunnable.run(ContextRunnable.java:37)
	at org.apache.ratis.thirdparty.io.grpc.internal.SerializingExecutor.run(SerializingExecutor.java:133)
	at java.util.concurrent.ThreadPoolExecutor.runWorker(ThreadPoolExecutor.java:1149)
	at java.util.concurrent.ThreadPoolExecutor$Worker.run(ThreadPoolExecutor.java:624)
	at java.lang.Thread.run(Thread.java:750)
2023-05-05 09:10:35,739 [grpc-default-executor-2] WARN  server.GrpcLogAppender (GrpcLogAppender.java:resetClient(131)) - a461b031-87cf-46ec-8015-141f82ba476b@group-904BAB61A37C->13da8014-cf59-4ce9-8837-b97ce342a136-GrpcLogAppender: Leader has not got in touch with Follower a461b031-87cf-46ec-8015-141f82ba476b@group-904BAB61A37C->13da8014-cf59-4ce9-8837-b97ce342a136(c0,m0,n1, attendVote=true, lastRpcSendTime=683, lastRpcResponseTime=681) yet, just keep nextIndex unchanged and retry.
2023-05-05 09:10:35,749 [13da8014-cf59-4ce9-8837-b97ce342a136@group-8C23974A5725->2cb290fa-4f34-406f-8eca-2b7b4ff38328-GrpcLogAppender-LogAppenderDaemon] WARN  server.GrpcLogAppender (GrpcLogAppender.java:mayWait(200)) - 13da8014-cf59-4ce9-8837-b97ce342a136@group-8C23974A5725->2cb290fa-4f34-406f-8eca-2b7b4ff38328-GrpcLogAppender: Wait interrupted by java.lang.InterruptedException
2023-05-05 09:10:35,751 [grpc-default-executor-9] WARN  server.GrpcLogAppender (GrpcLogAppender.java:resetClient(131)) - a461b031-87cf-46ec-8015-141f82ba476b@group-904BAB61A37C->13da8014-cf59-4ce9-8837-b97ce342a136-GrpcLogAppender: Leader has not got in touch with Follower a461b031-87cf-46ec-8015-141f82ba476b@group-904BAB61A37C->13da8014-cf59-4ce9-8837-b97ce342a136(c0,m0,n1, attendVote=true, lastRpcSendTime=694, lastRpcResponseTime=692) yet, just keep nextIndex unchanged and retry.
2023-05-05 09:10:35,758 [2cb290fa-4f34-406f-8eca-2b7b4ff38328-NettyServerStreamRpc-bossGroup--thread1] INFO  logging.LoggingHandler (AbstractInternalLogger.java:log(148)) - [id: 0xb555ed85, L:/0:0:0:0:0:0:0:0:44345] CLOSE
2023-05-05 09:10:35,758 [2cb290fa-4f34-406f-8eca-2b7b4ff38328-NettyServerStreamRpc-bossGroup--thread1] INFO  logging.LoggingHandler (AbstractInternalLogger.java:log(148)) - [id: 0xb555ed85, L:/0:0:0:0:0:0:0:0:44345] INACTIVE
2023-05-05 09:10:35,758 [2cb290fa-4f34-406f-8eca-2b7b4ff38328-NettyServerStreamRpc-bossGroup--thread1] INFO  logging.LoggingHandler (AbstractInternalLogger.java:log(148)) - [id: 0xb555ed85, L:/0:0:0:0:0:0:0:0:44345] UNREGISTERED
2023-05-05 09:10:35,747 [13da8014-cf59-4ce9-8837-b97ce342a136-impl-thread3] INFO  impl.PendingRequests (PendingRequests.java:sendNotLeaderResponses(282)) - 13da8014-cf59-4ce9-8837-b97ce342a136@group-8C23974A5725-PendingRequests: sendNotLeaderResponses
2023-05-05 09:10:35,760 [13da8014-cf59-4ce9-8837-b97ce342a136-impl-thread3] INFO  impl.StateMachineUpdater (StateMachineUpdater.java:stopAndJoin(153)) - 13da8014-cf59-4ce9-8837-b97ce342a136@group-8C23974A5725-StateMachineUpdater: set stopIndex = 0
2023-05-05 09:10:35,747 [13da8014-cf59-4ce9-8837-b97ce342a136@group-8C23974A5725->a461b031-87cf-46ec-8015-141f82ba476b-GrpcLogAppender-LogAppenderDaemon] WARN  server.GrpcLogAppender (GrpcLogAppender.java:mayWait(200)) - 13da8014-cf59-4ce9-8837-b97ce342a136@group-8C23974A5725->a461b031-87cf-46ec-8015-141f82ba476b-GrpcLogAppender: Wait interrupted by java.lang.InterruptedException
2023-05-05 09:10:35,760 [13da8014-cf59-4ce9-8837-b97ce342a136@group-8C23974A5725-StateMachineUpdater] INFO  ratis.ContainerStateMachine (ContainerStateMachine.java:takeSnapshot(330)) - group-8C23974A5725: Taking a snapshot at:(t:1, i:0) file /home/runner/work/ozone/ozone/hadoop-ozone/integration-test/target/test-dir/MiniOzoneClusterImpl-ed01f5d4-5545-4c64-89b6-17c207d9d767/datanode-0/data/ratis/08e985b8-55ba-4488-a4d4-8c23974a5725/sm/snapshot.1_0
2023-05-05 09:10:35,761 [grpc-default-executor-9] INFO  server.GrpcServerProtocolService (GrpcServerProtocolService.java:onCompleted(143)) - a461b031-87cf-46ec-8015-141f82ba476b: Completed APPEND_ENTRIES, lastRequest: null
2023-05-05 09:10:35,763 [grpc-default-executor-2] INFO  server.GrpcServerProtocolService (GrpcServerProtocolService.java:onCompleted(143)) - a461b031-87cf-46ec-8015-141f82ba476b: Completed APPEND_ENTRIES, lastRequest: 13da8014-cf59-4ce9-8837-b97ce342a136->a461b031-87cf-46ec-8015-141f82ba476b#1-t1,previous=(t:0, i:0),leaderCommit=0,initializing? true,entries: size=1, first=(t:1, i:0), CONFIGURATIONENTRY(current:id: "2cb290fa-4f34-406f-8eca-2b7b4ff38328"
address: "10.1.0.42:33685"
dataStreamAddress: "10.1.0.42:44345"
clientAddress: "10.1.0.42:33685"
adminAddress: "10.1.0.42:33685"
startupRole: FOLLOWER
,id: "13da8014-cf59-4ce9-8837-b97ce342a136"
address: "10.1.0.42:33283"
priority: 1
dataStreamAddress: "10.1.0.42:43129"
clientAddress: "10.1.0.42:33283"
adminAddress: "10.1.0.42:33283"
startupRole: FOLLOWER
,id: "a461b031-87cf-46ec-8015-141f82ba476b"
address: "10.1.0.42:41513"
dataStreamAddress: "10.1.0.42:44165"
clientAddress: "10.1.0.42:41513"
adminAddress: "10.1.0.42:41513"
startupRole: FOLLOWER
, old:)
2023-05-05 09:10:35,764 [grpc-default-executor-9] INFO  server.GrpcLogAppender (GrpcLogAppender.java:onCompleted(415)) - 13da8014-cf59-4ce9-8837-b97ce342a136@group-8C23974A5725->a461b031-87cf-46ec-8015-141f82ba476b-AppendLogResponseHandler: follower responses appendEntries COMPLETED
2023-05-05 09:10:35,765 [grpc-default-executor-9] INFO  leader.FollowerInfo (FollowerInfoImpl.java:lambda$new$0(48)) - 13da8014-cf59-4ce9-8837-b97ce342a136@group-8C23974A5725->a461b031-87cf-46ec-8015-141f82ba476b: nextIndex: updateUnconditionally 1 -> 0
2023-05-05 09:10:35,773 [ForkJoinPool.commonPool-worker-1] INFO  server.GrpcServerProtocolClient (GrpcServerProtocolClient.java:close(101)) - a461b031-87cf-46ec-8015-141f82ba476b Close channels
2023-05-05 09:10:35,773 [grpc-default-executor-4] INFO  server.GrpcLogAppender (GrpcLogAppender.java:onCompleted(415)) - 13da8014-cf59-4ce9-8837-b97ce342a136@group-8C23974A5725->a461b031-87cf-46ec-8015-141f82ba476b-AppendLogResponseHandler: follower responses appendEntries COMPLETED
2023-05-05 09:10:35,773 [grpc-default-executor-4] WARN  server.GrpcLogAppender (GrpcLogAppender.java:resetClient(137)) - 13da8014-cf59-4ce9-8837-b97ce342a136@group-8C23974A5725->a461b031-87cf-46ec-8015-141f82ba476b-GrpcLogAppender: Failed to getClient for a461b031-87cf-46ec-8015-141f82ba476b
org.apache.ratis.protocol.exceptions.AlreadyClosedException: 13da8014-cf59-4ce9-8837-b97ce342a136 is already CLOSED
	at org.apache.ratis.util.PeerProxyMap$PeerAndProxy.getProxy(PeerProxyMap.java:61)
	at org.apache.ratis.util.PeerProxyMap.getProxy(PeerProxyMap.java:115)
	at org.apache.ratis.grpc.server.GrpcLogAppender.getClient(GrpcLogAppender.java:116)
	at org.apache.ratis.grpc.server.GrpcLogAppender.resetClient(GrpcLogAppender.java:121)
	at org.apache.ratis.grpc.server.GrpcLogAppender.access$500(GrpcLogAppender.java:58)
	at org.apache.ratis.grpc.server.GrpcLogAppender$AppendLogResponseHandler.onCompleted(GrpcLogAppender.java:416)
	at org.apache.ratis.thirdparty.io.grpc.stub.ClientCalls$StreamObserverToCallListenerAdapter.onClose(ClientCalls.java:485)
	at org.apache.ratis.thirdparty.io.grpc.internal.DelayedClientCall$DelayedListener$3.run(DelayedClientCall.java:468)
	at org.apache.ratis.thirdparty.io.grpc.internal.DelayedClientCall$DelayedListener.delayOrExecute(DelayedClientCall.java:432)
	at org.apache.ratis.thirdparty.io.grpc.internal.DelayedClientCall$DelayedListener.onClose(DelayedClientCall.java:465)
	at org.apache.ratis.thirdparty.io.grpc.internal.ClientCallImpl.closeObserver(ClientCallImpl.java:562)
	at org.apache.ratis.thirdparty.io.grpc.internal.ClientCallImpl.access$300(ClientCallImpl.java:70)
	at org.apache.ratis.thirdparty.io.grpc.internal.ClientCallImpl$ClientStreamListenerImpl$1StreamClosed.runInternal(ClientCallImpl.java:743)
	at org.apache.ratis.thirdparty.io.grpc.internal.ClientCallImpl$ClientStreamListenerImpl$1StreamClosed.runInContext(ClientCallImpl.java:722)
	at org.apache.ratis.thirdparty.io.grpc.internal.ContextRunnable.run(ContextRunnable.java:37)
	at org.apache.ratis.thirdparty.io.grpc.internal.SerializingExecutor.run(SerializingExecutor.java:133)
	at java.util.concurrent.ThreadPoolExecutor.runWorker(ThreadPoolExecutor.java:1149)
	at java.util.concurrent.ThreadPoolExecutor$Worker.run(ThreadPoolExecutor.java:624)
	at java.lang.Thread.run(Thread.java:750)
2023-05-05 09:10:35,791 [SCMBlockDeletingService#0] INFO  block.SCMBlockDeletingService (SCMBlockDeletingService.java:call(198)) - Totally added 10 blocks to be deleted for 3 datanodes, task elapsed time: 1ms
2023-05-05 09:10:35,803 [org.apache.hadoop.ozone.container.common.statemachine.commandhandler.DeleteBlocksCommandHandler$DeleteCmdWorker@85560c5] INFO  commandhandler.DeleteBlocksCommandHandler (DeleteBlocksCommandHandler.java:processCmd(275)) - Start to delete container blocks, TXIDs=[3(1)], numOfContainers=1, numOfBlocks=1
2023-05-05 09:10:35,810 [2cb290fa-4f34-406f-8eca-2b7b4ff38328@group-904BAB61A37C-StateMachineUpdater] INFO  ratis.ContainerStateMachine (ContainerStateMachine.java:takeSnapshot(341)) - group-904BAB61A37C: Finished taking a snapshot at:(t:1, i:0) file:/home/runner/work/ozone/ozone/hadoop-ozone/integration-test/target/test-dir/MiniOzoneClusterImpl-ed01f5d4-5545-4c64-89b6-17c207d9d767/datanode-1/data/ratis/41b28b5b-d76b-49b3-8b21-904bab61a37c/sm/snapshot.1_0 took: 98 ms
2023-05-05 09:10:35,812 [2cb290fa-4f34-406f-8eca-2b7b4ff38328@group-904BAB61A37C-StateMachineUpdater] INFO  impl.StateMachineUpdater (StateMachineUpdater.java:takeSnapshot(287)) - 2cb290fa-4f34-406f-8eca-2b7b4ff38328@group-904BAB61A37C-StateMachineUpdater: Took a snapshot at index 0
2023-05-05 09:10:35,812 [2cb290fa-4f34-406f-8eca-2b7b4ff38328@group-904BAB61A37C-StateMachineUpdater] INFO  impl.StateMachineUpdater (StateMachineUpdater.java:lambda$new$0(92)) - 2cb290fa-4f34-406f-8eca-2b7b4ff38328@group-904BAB61A37C-StateMachineUpdater: snapshotIndex: updateIncreasingly -1 -> 0
2023-05-05 09:10:35,812 [13da8014-cf59-4ce9-8837-b97ce342a136@group-8C23974A5725-StateMachineUpdater] INFO  ratis.ContainerStateMachine (ContainerStateMachine.java:takeSnapshot(341)) - group-8C23974A5725: Finished taking a snapshot at:(t:1, i:0) file:/home/runner/work/ozone/ozone/hadoop-ozone/integration-test/target/test-dir/MiniOzoneClusterImpl-ed01f5d4-5545-4c64-89b6-17c207d9d767/datanode-0/data/ratis/08e985b8-55ba-4488-a4d4-8c23974a5725/sm/snapshot.1_0 took: 52 ms
2023-05-05 09:10:35,813 [13da8014-cf59-4ce9-8837-b97ce342a136@group-904BAB61A37C-StateMachineUpdater] INFO  ratis.ContainerStateMachine (ContainerStateMachine.java:takeSnapshot(341)) - group-904BAB61A37C: Finished taking a snapshot at:(t:1, i:0) file:/home/runner/work/ozone/ozone/hadoop-ozone/integration-test/target/test-dir/MiniOzoneClusterImpl-ed01f5d4-5545-4c64-89b6-17c207d9d767/datanode-0/data/ratis/41b28b5b-d76b-49b3-8b21-904bab61a37c/sm/snapshot.1_0 took: 88 ms
2023-05-05 09:10:35,813 [13da8014-cf59-4ce9-8837-b97ce342a136@group-8C23974A5725-StateMachineUpdater] INFO  impl.StateMachineUpdater (StateMachineUpdater.java:takeSnapshot(287)) - 13da8014-cf59-4ce9-8837-b97ce342a136@group-8C23974A5725-StateMachineUpdater: Took a snapshot at index 0
2023-05-05 09:10:35,813 [13da8014-cf59-4ce9-8837-b97ce342a136@group-904BAB61A37C-StateMachineUpdater] INFO  impl.StateMachineUpdater (StateMachineUpdater.java:takeSnapshot(287)) - 13da8014-cf59-4ce9-8837-b97ce342a136@group-904BAB61A37C-StateMachineUpdater: Took a snapshot at index 0
2023-05-05 09:10:35,813 [13da8014-cf59-4ce9-8837-b97ce342a136@group-904BAB61A37C-StateMachineUpdater] INFO  impl.StateMachineUpdater (StateMachineUpdater.java:lambda$new$0(92)) - 13da8014-cf59-4ce9-8837-b97ce342a136@group-904BAB61A37C-StateMachineUpdater: snapshotIndex: updateIncreasingly -1 -> 0
2023-05-05 09:10:35,813 [13da8014-cf59-4ce9-8837-b97ce342a136@group-8C23974A5725-StateMachineUpdater] INFO  impl.StateMachineUpdater (StateMachineUpdater.java:lambda$new$0(92)) - 13da8014-cf59-4ce9-8837-b97ce342a136@group-8C23974A5725-StateMachineUpdater: snapshotIndex: updateIncreasingly -1 -> 0
2023-05-05 09:10:35,813 [2cb290fa-4f34-406f-8eca-2b7b4ff38328@group-8C23974A5725-StateMachineUpdater] INFO  ratis.ContainerStateMachine (ContainerStateMachine.java:takeSnapshot(341)) - group-8C23974A5725: Finished taking a snapshot at:(t:1, i:0) file:/home/runner/work/ozone/ozone/hadoop-ozone/integration-test/target/test-dir/MiniOzoneClusterImpl-ed01f5d4-5545-4c64-89b6-17c207d9d767/datanode-1/data/ratis/08e985b8-55ba-4488-a4d4-8c23974a5725/sm/snapshot.1_0 took: 94 ms
2023-05-05 09:10:35,813 [13da8014-cf59-4ce9-8837-b97ce342a136@group-970AC766E94D-StateMachineUpdater] INFO  ratis.ContainerStateMachine (ContainerStateMachine.java:takeSnapshot(341)) - group-970AC766E94D: Finished taking a snapshot at:(t:1, i:6) file:/home/runner/work/ozone/ozone/hadoop-ozone/integration-test/target/test-dir/MiniOzoneClusterImpl-ed01f5d4-5545-4c64-89b6-17c207d9d767/datanode-0/data/ratis/e2cf92e9-e8e8-4e8c-9411-970ac766e94d/sm/snapshot.1_6 took: 91 ms
2023-05-05 09:10:35,813 [2cb290fa-4f34-406f-8eca-2b7b4ff38328@group-8C23974A5725-StateMachineUpdater] INFO  impl.StateMachineUpdater (StateMachineUpdater.java:takeSnapshot(287)) - 2cb290fa-4f34-406f-8eca-2b7b4ff38328@group-8C23974A5725-StateMachineUpdater: Took a snapshot at index 0
2023-05-05 09:10:35,813 [2cb290fa-4f34-406f-8eca-2b7b4ff38328@group-8C23974A5725-StateMachineUpdater] INFO  impl.StateMachineUpdater (StateMachineUpdater.java:lambda$new$0(92)) - 2cb290fa-4f34-406f-8eca-2b7b4ff38328@group-8C23974A5725-StateMachineUpdater: snapshotIndex: updateIncreasingly -1 -> 0
2023-05-05 09:10:35,813 [13da8014-cf59-4ce9-8837-b97ce342a136@group-970AC766E94D-StateMachineUpdater] INFO  impl.StateMachineUpdater (StateMachineUpdater.java:takeSnapshot(287)) - 13da8014-cf59-4ce9-8837-b97ce342a136@group-970AC766E94D-StateMachineUpdater: Took a snapshot at index 6
2023-05-05 09:10:35,813 [13da8014-cf59-4ce9-8837-b97ce342a136@group-970AC766E94D-StateMachineUpdater] INFO  impl.StateMachineUpdater (StateMachineUpdater.java:lambda$new$0(92)) - 13da8014-cf59-4ce9-8837-b97ce342a136@group-970AC766E94D-StateMachineUpdater: snapshotIndex: updateIncreasingly -1 -> 6
2023-05-05 09:10:35,814 [2cb290fa-4f34-406f-8eca-2b7b4ff38328@group-56D6E17D1EA1-StateMachineUpdater] INFO  ratis.ContainerStateMachine (ContainerStateMachine.java:takeSnapshot(341)) - group-56D6E17D1EA1: Finished taking a snapshot at:(t:1, i:6) file:/home/runner/work/ozone/ozone/hadoop-ozone/integration-test/target/test-dir/MiniOzoneClusterImpl-ed01f5d4-5545-4c64-89b6-17c207d9d767/datanode-1/data/ratis/b7c58ef7-c0eb-4d20-82f1-56d6e17d1ea1/sm/snapshot.1_6 took: 78 ms
2023-05-05 09:10:35,814 [2cb290fa-4f34-406f-8eca-2b7b4ff38328@group-56D6E17D1EA1-StateMachineUpdater] INFO  impl.StateMachineUpdater (StateMachineUpdater.java:takeSnapshot(287)) - 2cb290fa-4f34-406f-8eca-2b7b4ff38328@group-56D6E17D1EA1-StateMachineUpdater: Took a snapshot at index 6
2023-05-05 09:10:35,814 [2cb290fa-4f34-406f-8eca-2b7b4ff38328@group-56D6E17D1EA1-StateMachineUpdater] INFO  impl.StateMachineUpdater (StateMachineUpdater.java:lambda$new$0(92)) - 2cb290fa-4f34-406f-8eca-2b7b4ff38328@group-56D6E17D1EA1-StateMachineUpdater: snapshotIndex: updateIncreasingly -1 -> 6
2023-05-05 09:10:35,828 [13da8014-cf59-4ce9-8837-b97ce342a136-impl-thread3] INFO  server.RaftServer$Division (ServerState.java:close(466)) - 13da8014-cf59-4ce9-8837-b97ce342a136@group-8C23974A5725: closes. applyIndex: 0
2023-05-05 09:10:35,828 [2cb290fa-4f34-406f-8eca-2b7b4ff38328-impl-thread3] INFO  server.RaftServer$Division (ServerState.java:close(466)) - 2cb290fa-4f34-406f-8eca-2b7b4ff38328@group-8C23974A5725: closes. applyIndex: 0
2023-05-05 09:10:35,828 [13da8014-cf59-4ce9-8837-b97ce342a136-impl-thread2] INFO  server.RaftServer$Division (ServerState.java:close(466)) - 13da8014-cf59-4ce9-8837-b97ce342a136@group-904BAB61A37C: closes. applyIndex: 0
2023-05-05 09:10:35,829 [13da8014-cf59-4ce9-8837-b97ce342a136@group-904BAB61A37C-SegmentedRaftLogWorker] INFO  segmented.SegmentedRaftLogWorker (SegmentedRaftLogWorker.java:run(347)) - 13da8014-cf59-4ce9-8837-b97ce342a136@group-904BAB61A37C-SegmentedRaftLogWorker was interrupted, exiting. There are 0 tasks remaining in the queue.
2023-05-05 09:10:35,829 [2cb290fa-4f34-406f-8eca-2b7b4ff38328-impl-thread1] INFO  server.RaftServer$Division (ServerState.java:close(466)) - 2cb290fa-4f34-406f-8eca-2b7b4ff38328@group-56D6E17D1EA1: closes. applyIndex: 6
2023-05-05 09:10:35,829 [2cb290fa-4f34-406f-8eca-2b7b4ff38328@group-8C23974A5725-SegmentedRaftLogWorker] INFO  segmented.SegmentedRaftLogWorker (SegmentedRaftLogWorker.java:run(347)) - 2cb290fa-4f34-406f-8eca-2b7b4ff38328@group-8C23974A5725-SegmentedRaftLogWorker was interrupted, exiting. There are 0 tasks remaining in the queue.
2023-05-05 09:10:35,829 [2cb290fa-4f34-406f-8eca-2b7b4ff38328@group-56D6E17D1EA1-SegmentedRaftLogWorker] INFO  segmented.SegmentedRaftLogWorker (SegmentedRaftLogWorker.java:run(347)) - 2cb290fa-4f34-406f-8eca-2b7b4ff38328@group-56D6E17D1EA1-SegmentedRaftLogWorker was interrupted, exiting. There are 0 tasks remaining in the queue.
2023-05-05 09:10:35,829 [13da8014-cf59-4ce9-8837-b97ce342a136@group-8C23974A5725-SegmentedRaftLogWorker] INFO  segmented.SegmentedRaftLogWorker (SegmentedRaftLogWorker.java:run(347)) - 13da8014-cf59-4ce9-8837-b97ce342a136@group-8C23974A5725-SegmentedRaftLogWorker was interrupted, exiting. There are 0 tasks remaining in the queue.
2023-05-05 09:10:35,830 [ForkJoinPool.commonPool-worker-1] INFO  server.GrpcService (GrpcService.java:closeImpl(280)) - 13da8014-cf59-4ce9-8837-b97ce342a136: shutdown server GrpcServerProtocolService successfully
2023-05-05 09:10:35,831 [13da8014-cf59-4ce9-8837-b97ce342a136-NettyServerStreamRpc-bossGroup--thread1] INFO  logging.LoggingHandler (AbstractInternalLogger.java:log(148)) - [id: 0x9cfc26dd, L:/0:0:0:0:0:0:0:0:43129] CLOSE
2023-05-05 09:10:35,831 [13da8014-cf59-4ce9-8837-b97ce342a136-NettyServerStreamRpc-bossGroup--thread1] INFO  logging.LoggingHandler (AbstractInternalLogger.java:log(148)) - [id: 0x9cfc26dd, L:/0:0:0:0:0:0:0:0:43129] INACTIVE
2023-05-05 09:10:35,831 [13da8014-cf59-4ce9-8837-b97ce342a136-NettyServerStreamRpc-bossGroup--thread1] INFO  logging.LoggingHandler (AbstractInternalLogger.java:log(148)) - [id: 0x9cfc26dd, L:/0:0:0:0:0:0:0:0:43129] UNREGISTERED
2023-05-05 09:10:35,831 [DeleteBlocksCommandHandlerThread-1] INFO  commandhandler.DeleteBlocksCommandHandler (DeleteBlocksCommandHandler.java:logDeleteTransaction(493)) - Delete blocks for containerId: 3 is either received out of order or retried, 3 <= 3
2023-05-05 09:10:35,840 [2cb290fa-4f34-406f-8eca-2b7b4ff38328-impl-thread2] INFO  server.RaftServer$Division (ServerState.java:close(466)) - 2cb290fa-4f34-406f-8eca-2b7b4ff38328@group-904BAB61A37C: closes. applyIndex: 0
2023-05-05 09:10:35,841 [2cb290fa-4f34-406f-8eca-2b7b4ff38328@group-904BAB61A37C-SegmentedRaftLogWorker] INFO  segmented.SegmentedRaftLogWorker (SegmentedRaftLogWorker.java:run(347)) - 2cb290fa-4f34-406f-8eca-2b7b4ff38328@group-904BAB61A37C-SegmentedRaftLogWorker was interrupted, exiting. There are 0 tasks remaining in the queue.
2023-05-05 09:10:35,848 [13da8014-cf59-4ce9-8837-b97ce342a136-impl-thread1] INFO  server.RaftServer$Division (ServerState.java:close(466)) - 13da8014-cf59-4ce9-8837-b97ce342a136@group-970AC766E94D: closes. applyIndex: 6
2023-05-05 09:10:35,846 [13da8014-cf59-4ce9-8837-b97ce342a136-impl-thread3] INFO  segmented.SegmentedRaftLogWorker (SegmentedRaftLogWorker.java:close(257)) - 13da8014-cf59-4ce9-8837-b97ce342a136@group-8C23974A5725-SegmentedRaftLogWorker close()
2023-05-05 09:10:35,852 [13da8014-cf59-4ce9-8837-b97ce342a136@group-970AC766E94D-SegmentedRaftLogWorker] INFO  segmented.SegmentedRaftLogWorker (SegmentedRaftLogWorker.java:run(347)) - 13da8014-cf59-4ce9-8837-b97ce342a136@group-970AC766E94D-SegmentedRaftLogWorker was interrupted, exiting. There are 0 tasks remaining in the queue.
2023-05-05 09:10:35,846 [2cb290fa-4f34-406f-8eca-2b7b4ff38328-impl-thread1] INFO  segmented.SegmentedRaftLogWorker (SegmentedRaftLogWorker.java:close(257)) - 2cb290fa-4f34-406f-8eca-2b7b4ff38328@group-56D6E17D1EA1-SegmentedRaftLogWorker close()
2023-05-05 09:10:35,846 [2cb290fa-4f34-406f-8eca-2b7b4ff38328-impl-thread3] INFO  segmented.SegmentedRaftLogWorker (SegmentedRaftLogWorker.java:close(257)) - 2cb290fa-4f34-406f-8eca-2b7b4ff38328@group-8C23974A5725-SegmentedRaftLogWorker close()
2023-05-05 09:10:35,846 [13da8014-cf59-4ce9-8837-b97ce342a136-impl-thread2] INFO  segmented.SegmentedRaftLogWorker (SegmentedRaftLogWorker.java:close(257)) - 13da8014-cf59-4ce9-8837-b97ce342a136@group-904BAB61A37C-SegmentedRaftLogWorker close()
2023-05-05 09:10:35,853 [13da8014-cf59-4ce9-8837-b97ce342a136-impl-thread1] INFO  segmented.SegmentedRaftLogWorker (SegmentedRaftLogWorker.java:close(257)) - 13da8014-cf59-4ce9-8837-b97ce342a136@group-970AC766E94D-SegmentedRaftLogWorker close()
2023-05-05 09:10:35,853 [2cb290fa-4f34-406f-8eca-2b7b4ff38328-impl-thread2] INFO  segmented.SegmentedRaftLogWorker (SegmentedRaftLogWorker.java:close(257)) - 2cb290fa-4f34-406f-8eca-2b7b4ff38328@group-904BAB61A37C-SegmentedRaftLogWorker close()
2023-05-05 09:10:35,877 [JvmPauseMonitor2] INFO  util.JvmPauseMonitor (JvmPauseMonitor.java:run(111)) - JvmPauseMonitor-2cb290fa-4f34-406f-8eca-2b7b4ff38328: Stopped
2023-05-05 09:10:35,887 [JvmPauseMonitor1] INFO  util.JvmPauseMonitor (JvmPauseMonitor.java:run(111)) - JvmPauseMonitor-13da8014-cf59-4ce9-8837-b97ce342a136: Stopped
2023-05-05 09:10:36,701 [org.apache.hadoop.ozone.container.common.statemachine.commandhandler.DeleteBlocksCommandHandler$DeleteCmdWorker@594bd6c2] INFO  commandhandler.DeleteBlocksCommandHandler (DeleteBlocksCommandHandler.java:processCmd(275)) - Start to delete container blocks, TXIDs=[1(2),2(2)], numOfContainers=2, numOfBlocks=2
2023-05-05 09:10:36,707 [DeleteBlocksCommandHandlerThread-0] INFO  commandhandler.DeleteBlocksCommandHandler (DeleteBlocksCommandHandler.java:logDeleteTransaction(493)) - Delete blocks for containerId: 2 is either received out of order or retried, 2 <= 2
2023-05-05 09:10:36,707 [DeleteBlocksCommandHandlerThread-4] INFO  commandhandler.DeleteBlocksCommandHandler (DeleteBlocksCommandHandler.java:logDeleteTransaction(493)) - Delete blocks for containerId: 1 is either received out of order or retried, 1 <= 1
2023-05-05 09:10:36,791 [SCMBlockDeletingService#0] INFO  block.SCMBlockDeletingService (SCMBlockDeletingService.java:call(198)) - Totally added 2 blocks to be deleted for 1 datanodes, task elapsed time: 1ms
2023-05-05 09:10:37,574 [grpc-default-executor-4] WARN  server.GrpcLogAppender (LogUtils.java:warn(122)) - a461b031-87cf-46ec-8015-141f82ba476b@group-904BAB61A37C->13da8014-cf59-4ce9-8837-b97ce342a136-AppendLogResponseHandler: Failed appendEntries: org.apache.ratis.thirdparty.io.grpc.StatusRuntimeException: UNAVAILABLE: io exception
2023-05-05 09:10:37,575 [grpc-default-executor-4] WARN  server.GrpcLogAppender (GrpcLogAppender.java:resetClient(131)) - a461b031-87cf-46ec-8015-141f82ba476b@group-904BAB61A37C->13da8014-cf59-4ce9-8837-b97ce342a136-GrpcLogAppender: Leader has not got in touch with Follower a461b031-87cf-46ec-8015-141f82ba476b@group-904BAB61A37C->13da8014-cf59-4ce9-8837-b97ce342a136(c0,m0,n1, attendVote=true, lastRpcSendTime=6, lastRpcResponseTime=2516) yet, just keep nextIndex unchanged and retry.
2023-05-05 09:10:37,575 [grpc-default-executor-1] WARN  server.GrpcLogAppender (LogUtils.java:warn(122)) - a461b031-87cf-46ec-8015-141f82ba476b@group-904BAB61A37C->2cb290fa-4f34-406f-8eca-2b7b4ff38328-AppendLogResponseHandler: Failed appendEntries: org.apache.ratis.thirdparty.io.grpc.StatusRuntimeException: UNAVAILABLE: io exception
2023-05-05 09:10:37,576 [grpc-default-executor-4] WARN  server.GrpcLogAppender (LogUtils.java:warn(122)) - a461b031-87cf-46ec-8015-141f82ba476b@group-904BAB61A37C->2cb290fa-4f34-406f-8eca-2b7b4ff38328-AppendLogResponseHandler: Failed appendEntries: org.apache.ratis.thirdparty.io.grpc.StatusRuntimeException: UNAVAILABLE: io exception
2023-05-05 09:10:37,576 [grpc-default-executor-1] WARN  server.GrpcLogAppender (GrpcLogAppender.java:resetClient(131)) - a461b031-87cf-46ec-8015-141f82ba476b@group-904BAB61A37C->2cb290fa-4f34-406f-8eca-2b7b4ff38328-GrpcLogAppender: Leader has not got in touch with Follower a461b031-87cf-46ec-8015-141f82ba476b@group-904BAB61A37C->2cb290fa-4f34-406f-8eca-2b7b4ff38328(c0,m0,n1, attendVote=true, lastRpcSendTime=8, lastRpcResponseTime=2511) yet, just keep nextIndex unchanged and retry.
2023-05-05 09:10:37,577 [grpc-default-executor-4] WARN  server.GrpcLogAppender (GrpcLogAppender.java:resetClient(131)) - a461b031-87cf-46ec-8015-141f82ba476b@group-904BAB61A37C->2cb290fa-4f34-406f-8eca-2b7b4ff38328-GrpcLogAppender: Leader has not got in touch with Follower a461b031-87cf-46ec-8015-141f82ba476b@group-904BAB61A37C->2cb290fa-4f34-406f-8eca-2b7b4ff38328(c0,m0,n1, attendVote=true, lastRpcSendTime=8, lastRpcResponseTime=2511) yet, just keep nextIndex unchanged and retry.
2023-05-05 09:10:37,580 [grpc-default-executor-1] WARN  server.GrpcLogAppender (LogUtils.java:warn(122)) - a461b031-87cf-46ec-8015-141f82ba476b@group-904BAB61A37C->13da8014-cf59-4ce9-8837-b97ce342a136-AppendLogResponseHandler: Failed appendEntries: org.apache.ratis.thirdparty.io.grpc.StatusRuntimeException: UNAVAILABLE: io exception
2023-05-05 09:10:37,582 [grpc-default-executor-1] WARN  server.GrpcLogAppender (GrpcLogAppender.java:resetClient(131)) - a461b031-87cf-46ec-8015-141f82ba476b@group-904BAB61A37C->13da8014-cf59-4ce9-8837-b97ce342a136-GrpcLogAppender: Leader has not got in touch with Follower a461b031-87cf-46ec-8015-141f82ba476b@group-904BAB61A37C->13da8014-cf59-4ce9-8837-b97ce342a136(c0,m0,n1, attendVote=true, lastRpcSendTime=13, lastRpcResponseTime=2524) yet, just keep nextIndex unchanged and retry.
2023-05-05 09:10:37,791 [SCMBlockDeletingService#0] INFO  block.SCMBlockDeletingService (SCMBlockDeletingService.java:call(198)) - Totally added 2 blocks to be deleted for 1 datanodes, task elapsed time: 1ms
2023-05-05 09:10:37,832 [org.apache.hadoop.ozone.container.common.statemachine.commandhandler.DeleteBlocksCommandHandler$DeleteCmdWorker@85560c5] INFO  commandhandler.DeleteBlocksCommandHandler (DeleteBlocksCommandHandler.java:processCmd(275)) - Start to delete container blocks, TXIDs=[8(0)], numOfContainers=1, numOfBlocks=2
2023-05-05 09:10:37,923 [Listener at 127.0.0.1/44179] INFO  volume.HddsVolume (HddsVolume.java:closeDbStore(437)) - SchemaV3 db is stopped at /home/runner/work/ozone/ozone/hadoop-ozone/integration-test/target/test-dir/MiniOzoneClusterImpl-ed01f5d4-5545-4c64-89b6-17c207d9d767/datanode-1/data-0/containers/hdds/ed01f5d4-5545-4c64-89b6-17c207d9d767/DS-f89bea82-4adb-4428-93fe-4eeef3845409/container.db for volume DS-f89bea82-4adb-4428-93fe-4eeef3845409
2023-05-05 09:10:37,923 [Listener at 127.0.0.1/44179] INFO  utils.BackgroundService (BackgroundService.java:shutdown(141)) - Shutting down service BlockDeletingService
2023-05-05 09:10:37,925 [Listener at 127.0.0.1/44179] INFO  utils.BackgroundService (BackgroundService.java:shutdown(141)) - Shutting down service StaleRecoveringContainerScrubbingService
2023-05-05 09:10:37,926 [ForkJoinPool.commonPool-worker-1] INFO  volume.HddsVolume (HddsVolume.java:closeDbStore(437)) - SchemaV3 db is stopped at /home/runner/work/ozone/ozone/hadoop-ozone/integration-test/target/test-dir/MiniOzoneClusterImpl-ed01f5d4-5545-4c64-89b6-17c207d9d767/datanode-0/data-0/containers/hdds/ed01f5d4-5545-4c64-89b6-17c207d9d767/DS-cc1b0857-60d0-4e4c-b679-14507c032368/container.db for volume DS-cc1b0857-60d0-4e4c-b679-14507c032368
2023-05-05 09:10:37,927 [ForkJoinPool.commonPool-worker-1] INFO  utils.BackgroundService (BackgroundService.java:shutdown(141)) - Shutting down service BlockDeletingService
2023-05-05 09:10:37,928 [ForkJoinPool.commonPool-worker-1] INFO  utils.BackgroundService (BackgroundService.java:shutdown(141)) - Shutting down service StaleRecoveringContainerScrubbingService
2023-05-05 09:10:37,929 [Listener at 127.0.0.1/44179] INFO  statemachine.DatanodeStateMachine (DatanodeStateMachine.java:stopDaemon(608)) - Ozone container server stopped.
2023-05-05 09:10:37,934 [ForkJoinPool.commonPool-worker-1] INFO  statemachine.DatanodeStateMachine (DatanodeStateMachine.java:stopDaemon(608)) - Ozone container server stopped.
2023-05-05 09:10:37,956 [Listener at 127.0.0.1/44179] INFO  handler.ContextHandler (ContextHandler.java:doStop(1159)) - Stopped o.e.j.w.WebAppContext@25d358cc{hddsDatanode,/,null,STOPPED}{jar:file:/home/runner/.m2/repository/org/apache/ozone/hdds-container-service/1.4.0-SNAPSHOT/hdds-container-service-1.4.0-SNAPSHOT.jar!/webapps/hddsDatanode}
2023-05-05 09:10:37,957 [Listener at 127.0.0.1/44179] INFO  server.AbstractConnector (AbstractConnector.java:doStop(383)) - Stopped ServerConnector@22395c3{HTTP/1.1, (http/1.1)}{0.0.0.0:0}
2023-05-05 09:10:37,957 [Listener at 127.0.0.1/44179] INFO  server.session (HouseKeeper.java:stopScavenging(149)) - node0 Stopped scavenging
2023-05-05 09:10:37,961 [ForkJoinPool.commonPool-worker-1] INFO  handler.ContextHandler (ContextHandler.java:doStop(1159)) - Stopped o.e.j.w.WebAppContext@699bf6ca{hddsDatanode,/,null,STOPPED}{jar:file:/home/runner/.m2/repository/org/apache/ozone/hdds-container-service/1.4.0-SNAPSHOT/hdds-container-service-1.4.0-SNAPSHOT.jar!/webapps/hddsDatanode}
2023-05-05 09:10:37,962 [Listener at 127.0.0.1/44179] INFO  handler.ContextHandler (ContextHandler.java:doStop(1159)) - Stopped o.e.j.s.ServletContextHandler@2dee3c86{static,/static,jar:file:/home/runner/.m2/repository/org/apache/ozone/hdds-container-service/1.4.0-SNAPSHOT/hdds-container-service-1.4.0-SNAPSHOT.jar!/webapps/static,STOPPED}
2023-05-05 09:10:37,962 [Listener at 127.0.0.1/44179] INFO  handler.ContextHandler (ContextHandler.java:doStop(1159)) - Stopped o.e.j.s.ServletContextHandler@34fe0b71{logs,/logs,file:///home/runner/work/ozone/ozone/hadoop-ozone/integration-test/target/log,STOPPED}
2023-05-05 09:10:37,963 [ForkJoinPool.commonPool-worker-1] INFO  server.AbstractConnector (AbstractConnector.java:doStop(383)) - Stopped ServerConnector@3829f43f{HTTP/1.1, (http/1.1)}{0.0.0.0:0}
2023-05-05 09:10:37,967 [ForkJoinPool.commonPool-worker-1] INFO  server.session (HouseKeeper.java:stopScavenging(149)) - node0 Stopped scavenging
2023-05-05 09:10:37,967 [ForkJoinPool.commonPool-worker-1] INFO  handler.ContextHandler (ContextHandler.java:doStop(1159)) - Stopped o.e.j.s.ServletContextHandler@1f5f2e8a{static,/static,jar:file:/home/runner/.m2/repository/org/apache/ozone/hdds-container-service/1.4.0-SNAPSHOT/hdds-container-service-1.4.0-SNAPSHOT.jar!/webapps/static,STOPPED}
2023-05-05 09:10:37,969 [ForkJoinPool.commonPool-worker-1] INFO  handler.ContextHandler (ContextHandler.java:doStop(1159)) - Stopped o.e.j.s.ServletContextHandler@2a06b934{logs,/logs,file:///home/runner/work/ozone/ozone/hadoop-ozone/integration-test/target/log,STOPPED}
2023-05-05 09:10:37,975 [Listener at 127.0.0.1/44179] INFO  ozoneimpl.OzoneContainer (OzoneContainer.java:stop(419)) - Attempting to stop container services.
2023-05-05 09:10:37,976 [Listener at 127.0.0.1/44179] INFO  server.RaftServer (RaftServerProxy.java:lambda$close$6(409)) - a461b031-87cf-46ec-8015-141f82ba476b: close
2023-05-05 09:10:37,976 [a461b031-87cf-46ec-8015-141f82ba476b-impl-thread1] INFO  server.RaftServer$Division (RaftServerImpl.java:lambda$close$4(458)) - a461b031-87cf-46ec-8015-141f82ba476b@group-5DB8C5CAFDE0: shutdown
2023-05-05 09:10:37,976 [a461b031-87cf-46ec-8015-141f82ba476b-impl-thread1] INFO  util.JmxRegister (JmxRegister.java:unregister(73)) - Successfully un-registered JMX Bean with object name Ratis:service=RaftServer,group=group-5DB8C5CAFDE0,id=a461b031-87cf-46ec-8015-141f82ba476b
2023-05-05 09:10:37,976 [a461b031-87cf-46ec-8015-141f82ba476b-impl-thread1] INFO  impl.RoleInfo (RoleInfo.java:shutdownLeaderState(93)) - a461b031-87cf-46ec-8015-141f82ba476b: shutdown a461b031-87cf-46ec-8015-141f82ba476b@group-5DB8C5CAFDE0-LeaderStateImpl
2023-05-05 09:10:37,976 [a461b031-87cf-46ec-8015-141f82ba476b-impl-thread1] INFO  impl.PendingRequests (PendingRequests.java:sendNotLeaderResponses(282)) - a461b031-87cf-46ec-8015-141f82ba476b@group-5DB8C5CAFDE0-PendingRequests: sendNotLeaderResponses
2023-05-05 09:10:37,976 [a461b031-87cf-46ec-8015-141f82ba476b-impl-thread2] INFO  server.RaftServer$Division (RaftServerImpl.java:lambda$close$4(458)) - a461b031-87cf-46ec-8015-141f82ba476b@group-904BAB61A37C: shutdown
2023-05-05 09:10:37,976 [a461b031-87cf-46ec-8015-141f82ba476b-impl-thread2] INFO  util.JmxRegister (JmxRegister.java:unregister(73)) - Successfully un-registered JMX Bean with object name Ratis:service=RaftServer,group=group-904BAB61A37C,id=a461b031-87cf-46ec-8015-141f82ba476b
2023-05-05 09:10:37,976 [a461b031-87cf-46ec-8015-141f82ba476b-impl-thread2] INFO  impl.RoleInfo (RoleInfo.java:shutdownLeaderState(93)) - a461b031-87cf-46ec-8015-141f82ba476b: shutdown a461b031-87cf-46ec-8015-141f82ba476b@group-904BAB61A37C-LeaderStateImpl
2023-05-05 09:10:37,980 [Listener at 127.0.0.1/44179] INFO  server.GrpcService (GrpcService.java:closeImpl(271)) - a461b031-87cf-46ec-8015-141f82ba476b: shutdown server GrpcServerProtocolService now
2023-05-05 09:10:37,982 [a461b031-87cf-46ec-8015-141f82ba476b-impl-thread3] INFO  server.RaftServer$Division (RaftServerImpl.java:lambda$close$4(458)) - a461b031-87cf-46ec-8015-141f82ba476b@group-8C23974A5725: shutdown
2023-05-05 09:10:37,982 [a461b031-87cf-46ec-8015-141f82ba476b-impl-thread3] INFO  util.JmxRegister (JmxRegister.java:unregister(73)) - Successfully un-registered JMX Bean with object name Ratis:service=RaftServer,group=group-8C23974A5725,id=a461b031-87cf-46ec-8015-141f82ba476b
2023-05-05 09:10:37,983 [a461b031-87cf-46ec-8015-141f82ba476b-impl-thread3] INFO  impl.RoleInfo (RoleInfo.java:shutdownFollowerState(110)) - a461b031-87cf-46ec-8015-141f82ba476b: shutdown a461b031-87cf-46ec-8015-141f82ba476b@group-8C23974A5725-FollowerState
2023-05-05 09:10:37,988 [Listener at 127.0.0.1/44179] INFO  server.GrpcServerProtocolClient (GrpcServerProtocolClient.java:close(101)) - 2cb290fa-4f34-406f-8eca-2b7b4ff38328 Close channels
2023-05-05 09:10:37,992 [a461b031-87cf-46ec-8015-141f82ba476b@group-8C23974A5725-FollowerState] INFO  impl.FollowerState (FollowerState.java:run(152)) - a461b031-87cf-46ec-8015-141f82ba476b@group-8C23974A5725-FollowerState was interrupted
2023-05-05 09:10:37,993 [Listener at 127.0.0.1/44179] INFO  server.GrpcServerProtocolClient (GrpcServerProtocolClient.java:close(101)) - 13da8014-cf59-4ce9-8837-b97ce342a136 Close channels
2023-05-05 09:10:37,993 [a461b031-87cf-46ec-8015-141f82ba476b-impl-thread1] INFO  impl.StateMachineUpdater (StateMachineUpdater.java:stopAndJoin(153)) - a461b031-87cf-46ec-8015-141f82ba476b@group-5DB8C5CAFDE0-StateMachineUpdater: set stopIndex = 3
2023-05-05 09:10:37,993 [a461b031-87cf-46ec-8015-141f82ba476b@group-5DB8C5CAFDE0-StateMachineUpdater] INFO  ratis.ContainerStateMachine (ContainerStateMachine.java:takeSnapshot(330)) - group-5DB8C5CAFDE0: Taking a snapshot at:(t:1, i:3) file /home/runner/work/ozone/ozone/hadoop-ozone/integration-test/target/test-dir/MiniOzoneClusterImpl-ed01f5d4-5545-4c64-89b6-17c207d9d767/datanode-2/data/ratis/2bdbe702-3e18-456f-b598-5db8c5cafde0/sm/snapshot.1_3
2023-05-05 09:10:37,993 [a461b031-87cf-46ec-8015-141f82ba476b-impl-thread2] INFO  impl.PendingRequests (PendingRequests.java:sendNotLeaderResponses(282)) - a461b031-87cf-46ec-8015-141f82ba476b@group-904BAB61A37C-PendingRequests: sendNotLeaderResponses
2023-05-05 09:10:37,994 [Listener at 127.0.0.1/44179] INFO  server.GrpcService (GrpcService.java:closeImpl(280)) - a461b031-87cf-46ec-8015-141f82ba476b: shutdown server GrpcServerProtocolService successfully
2023-05-05 09:10:37,994 [a461b031-87cf-46ec-8015-141f82ba476b@group-904BAB61A37C-StateMachineUpdater] INFO  ratis.ContainerStateMachine (ContainerStateMachine.java:takeSnapshot(330)) - group-904BAB61A37C: Taking a snapshot at:(t:1, i:0) file /home/runner/work/ozone/ozone/hadoop-ozone/integration-test/target/test-dir/MiniOzoneClusterImpl-ed01f5d4-5545-4c64-89b6-17c207d9d767/datanode-2/data/ratis/41b28b5b-d76b-49b3-8b21-904bab61a37c/sm/snapshot.1_0
2023-05-05 09:10:37,994 [a461b031-87cf-46ec-8015-141f82ba476b-impl-thread2] INFO  impl.StateMachineUpdater (StateMachineUpdater.java:stopAndJoin(153)) - a461b031-87cf-46ec-8015-141f82ba476b@group-904BAB61A37C-StateMachineUpdater: set stopIndex = 0
2023-05-05 09:10:37,994 [a461b031-87cf-46ec-8015-141f82ba476b-NettyServerStreamRpc-bossGroup--thread1] INFO  logging.LoggingHandler (AbstractInternalLogger.java:log(148)) - [id: 0xa2bd7108, L:/0:0:0:0:0:0:0:0:44165] CLOSE
2023-05-05 09:10:37,995 [a461b031-87cf-46ec-8015-141f82ba476b-NettyServerStreamRpc-bossGroup--thread1] INFO  logging.LoggingHandler (AbstractInternalLogger.java:log(148)) - [id: 0xa2bd7108, L:/0:0:0:0:0:0:0:0:44165] INACTIVE
2023-05-05 09:10:37,995 [a461b031-87cf-46ec-8015-141f82ba476b-NettyServerStreamRpc-bossGroup--thread1] INFO  logging.LoggingHandler (AbstractInternalLogger.java:log(148)) - [id: 0xa2bd7108, L:/0:0:0:0:0:0:0:0:44165] UNREGISTERED
2023-05-05 09:10:37,995 [a461b031-87cf-46ec-8015-141f82ba476b@group-5DB8C5CAFDE0-StateMachineUpdater] INFO  ratis.ContainerStateMachine (ContainerStateMachine.java:takeSnapshot(341)) - group-5DB8C5CAFDE0: Finished taking a snapshot at:(t:1, i:3) file:/home/runner/work/ozone/ozone/hadoop-ozone/integration-test/target/test-dir/MiniOzoneClusterImpl-ed01f5d4-5545-4c64-89b6-17c207d9d767/datanode-2/data/ratis/2bdbe702-3e18-456f-b598-5db8c5cafde0/sm/snapshot.1_3 took: 2 ms
2023-05-05 09:10:37,996 [a461b031-87cf-46ec-8015-141f82ba476b@group-5DB8C5CAFDE0-StateMachineUpdater] INFO  impl.StateMachineUpdater (StateMachineUpdater.java:takeSnapshot(287)) - a461b031-87cf-46ec-8015-141f82ba476b@group-5DB8C5CAFDE0-StateMachineUpdater: Took a snapshot at index 3
2023-05-05 09:10:37,996 [a461b031-87cf-46ec-8015-141f82ba476b@group-904BAB61A37C-StateMachineUpdater] INFO  ratis.ContainerStateMachine (ContainerStateMachine.java:takeSnapshot(341)) - group-904BAB61A37C: Finished taking a snapshot at:(t:1, i:0) file:/home/runner/work/ozone/ozone/hadoop-ozone/integration-test/target/test-dir/MiniOzoneClusterImpl-ed01f5d4-5545-4c64-89b6-17c207d9d767/datanode-2/data/ratis/41b28b5b-d76b-49b3-8b21-904bab61a37c/sm/snapshot.1_0 took: 1 ms
2023-05-05 09:10:37,996 [a461b031-87cf-46ec-8015-141f82ba476b@group-5DB8C5CAFDE0-StateMachineUpdater] INFO  impl.StateMachineUpdater (StateMachineUpdater.java:lambda$new$0(92)) - a461b031-87cf-46ec-8015-141f82ba476b@group-5DB8C5CAFDE0-StateMachineUpdater: snapshotIndex: updateIncreasingly -1 -> 3
2023-05-05 09:10:37,997 [a461b031-87cf-46ec-8015-141f82ba476b@group-904BAB61A37C-StateMachineUpdater] INFO  impl.StateMachineUpdater (StateMachineUpdater.java:takeSnapshot(287)) - a461b031-87cf-46ec-8015-141f82ba476b@group-904BAB61A37C-StateMachineUpdater: Took a snapshot at index 0
2023-05-05 09:10:37,997 [a461b031-87cf-46ec-8015-141f82ba476b@group-904BAB61A37C-StateMachineUpdater] INFO  impl.StateMachineUpdater (StateMachineUpdater.java:lambda$new$0(92)) - a461b031-87cf-46ec-8015-141f82ba476b@group-904BAB61A37C-StateMachineUpdater: snapshotIndex: updateIncreasingly -1 -> 0
2023-05-05 09:10:37,997 [a461b031-87cf-46ec-8015-141f82ba476b-impl-thread2] INFO  server.RaftServer$Division (ServerState.java:close(466)) - a461b031-87cf-46ec-8015-141f82ba476b@group-904BAB61A37C: closes. applyIndex: 0
2023-05-05 09:10:37,997 [a461b031-87cf-46ec-8015-141f82ba476b-impl-thread3] INFO  impl.StateMachineUpdater (StateMachineUpdater.java:stopAndJoin(153)) - a461b031-87cf-46ec-8015-141f82ba476b@group-8C23974A5725-StateMachineUpdater: set stopIndex = 0
2023-05-05 09:10:37,998 [a461b031-87cf-46ec-8015-141f82ba476b@group-8C23974A5725-StateMachineUpdater] INFO  ratis.ContainerStateMachine (ContainerStateMachine.java:takeSnapshot(330)) - group-8C23974A5725: Taking a snapshot at:(t:1, i:0) file /home/runner/work/ozone/ozone/hadoop-ozone/integration-test/target/test-dir/MiniOzoneClusterImpl-ed01f5d4-5545-4c64-89b6-17c207d9d767/datanode-2/data/ratis/08e985b8-55ba-4488-a4d4-8c23974a5725/sm/snapshot.1_0
2023-05-05 09:10:37,998 [a461b031-87cf-46ec-8015-141f82ba476b@group-904BAB61A37C-SegmentedRaftLogWorker] INFO  segmented.SegmentedRaftLogWorker (SegmentedRaftLogWorker.java:run(347)) - a461b031-87cf-46ec-8015-141f82ba476b@group-904BAB61A37C-SegmentedRaftLogWorker was interrupted, exiting. There are 0 tasks remaining in the queue.
2023-05-05 09:10:38,000 [a461b031-87cf-46ec-8015-141f82ba476b-impl-thread2] INFO  segmented.SegmentedRaftLogWorker (SegmentedRaftLogWorker.java:close(257)) - a461b031-87cf-46ec-8015-141f82ba476b@group-904BAB61A37C-SegmentedRaftLogWorker close()
2023-05-05 09:10:38,001 [a461b031-87cf-46ec-8015-141f82ba476b-impl-thread1] INFO  server.RaftServer$Division (ServerState.java:close(466)) - a461b031-87cf-46ec-8015-141f82ba476b@group-5DB8C5CAFDE0: closes. applyIndex: 3
2023-05-05 09:10:38,001 [a461b031-87cf-46ec-8015-141f82ba476b@group-5DB8C5CAFDE0-SegmentedRaftLogWorker] INFO  segmented.SegmentedRaftLogWorker (SegmentedRaftLogWorker.java:run(347)) - a461b031-87cf-46ec-8015-141f82ba476b@group-5DB8C5CAFDE0-SegmentedRaftLogWorker was interrupted, exiting. There are 0 tasks remaining in the queue.
2023-05-05 09:10:38,002 [a461b031-87cf-46ec-8015-141f82ba476b@group-8C23974A5725-StateMachineUpdater] INFO  ratis.ContainerStateMachine (ContainerStateMachine.java:takeSnapshot(341)) - group-8C23974A5725: Finished taking a snapshot at:(t:1, i:0) file:/home/runner/work/ozone/ozone/hadoop-ozone/integration-test/target/test-dir/MiniOzoneClusterImpl-ed01f5d4-5545-4c64-89b6-17c207d9d767/datanode-2/data/ratis/08e985b8-55ba-4488-a4d4-8c23974a5725/sm/snapshot.1_0 took: 4 ms
2023-05-05 09:10:38,002 [a461b031-87cf-46ec-8015-141f82ba476b@group-8C23974A5725-StateMachineUpdater] INFO  impl.StateMachineUpdater (StateMachineUpdater.java:takeSnapshot(287)) - a461b031-87cf-46ec-8015-141f82ba476b@group-8C23974A5725-StateMachineUpdater: Took a snapshot at index 0
2023-05-05 09:10:38,002 [a461b031-87cf-46ec-8015-141f82ba476b@group-8C23974A5725-StateMachineUpdater] INFO  impl.StateMachineUpdater (StateMachineUpdater.java:lambda$new$0(92)) - a461b031-87cf-46ec-8015-141f82ba476b@group-8C23974A5725-StateMachineUpdater: snapshotIndex: updateIncreasingly -1 -> 0
2023-05-05 09:10:38,002 [a461b031-87cf-46ec-8015-141f82ba476b-impl-thread3] INFO  server.RaftServer$Division (ServerState.java:close(466)) - a461b031-87cf-46ec-8015-141f82ba476b@group-8C23974A5725: closes. applyIndex: 0
2023-05-05 09:10:38,002 [a461b031-87cf-46ec-8015-141f82ba476b@group-8C23974A5725-SegmentedRaftLogWorker] INFO  segmented.SegmentedRaftLogWorker (SegmentedRaftLogWorker.java:run(347)) - a461b031-87cf-46ec-8015-141f82ba476b@group-8C23974A5725-SegmentedRaftLogWorker was interrupted, exiting. There are 0 tasks remaining in the queue.
2023-05-05 09:10:38,003 [a461b031-87cf-46ec-8015-141f82ba476b-impl-thread3] INFO  segmented.SegmentedRaftLogWorker (SegmentedRaftLogWorker.java:close(257)) - a461b031-87cf-46ec-8015-141f82ba476b@group-8C23974A5725-SegmentedRaftLogWorker close()
2023-05-05 09:10:38,004 [a461b031-87cf-46ec-8015-141f82ba476b-impl-thread1] INFO  segmented.SegmentedRaftLogWorker (SegmentedRaftLogWorker.java:close(257)) - a461b031-87cf-46ec-8015-141f82ba476b@group-5DB8C5CAFDE0-SegmentedRaftLogWorker close()
2023-05-05 09:10:38,007 [JvmPauseMonitor3] INFO  util.JvmPauseMonitor (JvmPauseMonitor.java:run(111)) - JvmPauseMonitor-a461b031-87cf-46ec-8015-141f82ba476b: Stopped
2023-05-05 09:10:39,839 [org.apache.hadoop.ozone.container.common.statemachine.commandhandler.DeleteBlocksCommandHandler$DeleteCmdWorker@85560c5] INFO  commandhandler.DeleteBlocksCommandHandler (DeleteBlocksCommandHandler.java:processCmd(275)) - Start to delete container blocks, TXIDs=[8(1)], numOfContainers=1, numOfBlocks=2
2023-05-05 09:10:39,839 [DeleteBlocksCommandHandlerThread-3] INFO  commandhandler.DeleteBlocksCommandHandler (DeleteBlocksCommandHandler.java:logDeleteTransaction(493)) - Delete blocks for containerId: 3 is either received out of order or retried, 8 <= 8
2023-05-05 09:10:40,014 [Listener at 127.0.0.1/44179] INFO  volume.HddsVolume (HddsVolume.java:closeDbStore(437)) - SchemaV3 db is stopped at /home/runner/work/ozone/ozone/hadoop-ozone/integration-test/target/test-dir/MiniOzoneClusterImpl-ed01f5d4-5545-4c64-89b6-17c207d9d767/datanode-2/data-0/containers/hdds/ed01f5d4-5545-4c64-89b6-17c207d9d767/DS-5074f189-11a2-4730-96d7-aaa78286cf83/container.db for volume DS-5074f189-11a2-4730-96d7-aaa78286cf83
2023-05-05 09:10:40,014 [Listener at 127.0.0.1/44179] INFO  utils.BackgroundService (BackgroundService.java:shutdown(141)) - Shutting down service BlockDeletingService
2023-05-05 09:10:40,020 [Listener at 127.0.0.1/44179] INFO  utils.BackgroundService (BackgroundService.java:shutdown(141)) - Shutting down service StaleRecoveringContainerScrubbingService
2023-05-05 09:10:40,025 [Listener at 127.0.0.1/44179] INFO  statemachine.DatanodeStateMachine (DatanodeStateMachine.java:stopDaemon(608)) - Ozone container server stopped.
2023-05-05 09:10:40,045 [Listener at 127.0.0.1/44179] INFO  handler.ContextHandler (ContextHandler.java:doStop(1159)) - Stopped o.e.j.w.WebAppContext@506c0e05{hddsDatanode,/,null,STOPPED}{jar:file:/home/runner/.m2/repository/org/apache/ozone/hdds-container-service/1.4.0-SNAPSHOT/hdds-container-service-1.4.0-SNAPSHOT.jar!/webapps/hddsDatanode}
2023-05-05 09:10:40,050 [Listener at 127.0.0.1/44179] INFO  server.AbstractConnector (AbstractConnector.java:doStop(383)) - Stopped ServerConnector@45c8f820{HTTP/1.1, (http/1.1)}{0.0.0.0:0}
2023-05-05 09:10:40,050 [Listener at 127.0.0.1/44179] INFO  server.session (HouseKeeper.java:stopScavenging(149)) - node0 Stopped scavenging
2023-05-05 09:10:40,057 [Listener at 127.0.0.1/44179] INFO  handler.ContextHandler (ContextHandler.java:doStop(1159)) - Stopped o.e.j.s.ServletContextHandler@7ea69ef1{static,/static,jar:file:/home/runner/.m2/repository/org/apache/ozone/hdds-container-service/1.4.0-SNAPSHOT/hdds-container-service-1.4.0-SNAPSHOT.jar!/webapps/static,STOPPED}
2023-05-05 09:10:40,057 [Listener at 127.0.0.1/44179] INFO  handler.ContextHandler (ContextHandler.java:doStop(1159)) - Stopped o.e.j.s.ServletContextHandler@6662f945{logs,/logs,file:///home/runner/work/ozone/ozone/hadoop-ozone/integration-test/target/log,STOPPED}
2023-05-05 09:10:40,061 [Listener at 127.0.0.1/44179] INFO  ozone.MiniOzoneClusterImpl (MiniOzoneClusterImpl.java:stopSCM(552)) - Stopping the StorageContainerManager
2023-05-05 09:10:40,062 [Listener at 127.0.0.1/44179] INFO  server.StorageContainerManager (StorageContainerManager.java:stop(1578)) - Container Balancer is not running.
2023-05-05 09:10:40,062 [Listener at 127.0.0.1/44179] INFO  server.StorageContainerManager (StorageContainerManager.java:stopReplicationManager(1709)) - Stopping Replication Manager Service.
2023-05-05 09:10:40,062 [Listener at 127.0.0.1/44179] INFO  replication.ReplicationManager (ReplicationManager.java:stop(326)) - Stopping Replication Monitor Thread.
2023-05-05 09:10:40,062 [Under Replicated Processor] WARN  replication.UnhealthyReplicationProcessor (UnhealthyReplicationProcessor.java:run(167)) - Under Replicated Processor interrupted. Exiting...
2023-05-05 09:10:40,062 [Over Replicated Processor] WARN  replication.UnhealthyReplicationProcessor (UnhealthyReplicationProcessor.java:run(167)) - Over Replicated Processor interrupted. Exiting...
2023-05-05 09:10:40,063 [ReplicationMonitor] INFO  replication.ReplicationManager (ReplicationManager.java:run(937)) - Replication Monitor Thread is stopped
2023-05-05 09:10:40,063 [Listener at 127.0.0.1/44179] INFO  server.StorageContainerManager (StorageContainerManager.java:stop(1587)) - Stopping the Datanode Admin Monitor.
2023-05-05 09:10:40,063 [Listener at 127.0.0.1/44179] INFO  server.StorageContainerManager (StorageContainerManager.java:stop(1594)) - Stopping datanode service RPC server
2023-05-05 09:10:40,063 [Listener at 127.0.0.1/44179] INFO  server.SCMDatanodeProtocolServer (SCMDatanodeProtocolServer.java:stop(424)) - Stopping the RPC server for DataNodes
2023-05-05 09:10:40,063 [Listener at 127.0.0.1/44179] INFO  ipc.Server (Server.java:stop(3501)) - Stopping server on 34303
2023-05-05 09:10:40,065 [IPC Server listener on 0] INFO  ipc.Server (Server.java:run(1430)) - Stopping IPC Server listener on 0
2023-05-05 09:10:40,066 [IPC Server Responder] INFO  ipc.Server (Server.java:run(1563)) - Stopping IPC Server Responder
2023-05-05 09:10:40,165 [SCM Heartbeat Processing Thread - 0] WARN  node.NodeStateManager (NodeStateManager.java:scheduleNextHealthCheck(870)) - Current Thread is interrupted, shutting down HB processing thread for Node Manager.
2023-05-05 09:10:40,165 [Listener at 127.0.0.1/44179] INFO  server.StorageContainerManager (StorageContainerManager.java:stop(1602)) - Stopping block service RPC server
2023-05-05 09:10:40,165 [Listener at 127.0.0.1/44179] INFO  server.SCMBlockProtocolServer (SCMBlockProtocolServer.java:stop(161)) - Stopping the RPC server for Block Protocol
2023-05-05 09:10:40,165 [Listener at 127.0.0.1/44179] INFO  ipc.Server (Server.java:stop(3501)) - Stopping server on 42581
2023-05-05 09:10:40,167 [IPC Server Responder] INFO  ipc.Server (Server.java:run(1563)) - Stopping IPC Server Responder
2023-05-05 09:10:40,167 [Listener at 127.0.0.1/44179] INFO  server.StorageContainerManager (StorageContainerManager.java:stop(1609)) - Stopping the StorageContainerLocationProtocol RPC server
2023-05-05 09:10:40,167 [IPC Server listener on 0] INFO  ipc.Server (Server.java:run(1430)) - Stopping IPC Server listener on 0
2023-05-05 09:10:40,167 [Listener at 127.0.0.1/44179] INFO  server.SCMClientProtocolServer (SCMClientProtocolServer.java:stop(208)) - Stopping the RPC server for Client Protocol
2023-05-05 09:10:40,167 [Listener at 127.0.0.1/44179] INFO  ipc.Server (Server.java:stop(3501)) - Stopping server on 34861
2023-05-05 09:10:40,168 [IPC Server Responder] INFO  ipc.Server (Server.java:run(1563)) - Stopping IPC Server Responder
2023-05-05 09:10:40,168 [IPC Server listener on 0] INFO  ipc.Server (Server.java:run(1430)) - Stopping IPC Server listener on 0
2023-05-05 09:10:40,168 [Listener at 127.0.0.1/44179] INFO  server.StorageContainerManager (StorageContainerManager.java:stop(1616)) - Stopping Storage Container Manager HTTP server.
2023-05-05 09:10:40,169 [Listener at 127.0.0.1/44179] INFO  handler.ContextHandler (ContextHandler.java:doStop(1159)) - Stopped o.e.j.w.WebAppContext@511a0ac3{scm,/,null,STOPPED}{file:/home/runner/work/ozone/ozone/hadoop-ozone/integration-test/target/test-classes/webapps/scm}
2023-05-05 09:10:40,170 [Listener at 127.0.0.1/44179] INFO  server.AbstractConnector (AbstractConnector.java:doStop(383)) - Stopped ServerConnector@1b9e3501{HTTP/1.1, (http/1.1)}{0.0.0.0:0}
2023-05-05 09:10:40,170 [Listener at 127.0.0.1/44179] INFO  server.session (HouseKeeper.java:stopScavenging(149)) - node0 Stopped scavenging
2023-05-05 09:10:40,172 [Listener at 127.0.0.1/44179] INFO  handler.ContextHandler (ContextHandler.java:doStop(1159)) - Stopped o.e.j.s.ServletContextHandler@19c026a7{static,/static,file:///home/runner/work/ozone/ozone/hadoop-ozone/integration-test/target/test-classes/webapps/static,STOPPED}
2023-05-05 09:10:40,173 [Listener at 127.0.0.1/44179] INFO  handler.ContextHandler (ContextHandler.java:doStop(1159)) - Stopped o.e.j.s.ServletContextHandler@47a639e9{logs,/logs,file:///home/runner/work/ozone/ozone/hadoop-ozone/integration-test/target/log,STOPPED}
2023-05-05 09:10:40,174 [Listener at 127.0.0.1/44179] INFO  server.StorageContainerManager (StorageContainerManager.java:stop(1624)) - Stopping SCM LayoutVersionManager Service.
2023-05-05 09:10:40,174 [Listener at 127.0.0.1/44179] INFO  server.StorageContainerManager (StorageContainerManager.java:stop(1632)) - Stopping Block Manager Service.
2023-05-05 09:10:40,174 [Listener at 127.0.0.1/44179] INFO  utils.BackgroundService (BackgroundService.java:shutdown(141)) - Shutting down service SCMBlockDeletingService
2023-05-05 09:10:40,174 [Listener at 127.0.0.1/44179] INFO  utils.BackgroundService (BackgroundService.java:shutdown(141)) - Shutting down service SCMBlockDeletingService
2023-05-05 09:10:40,175 [Listener at 127.0.0.1/44179] INFO  server.StorageContainerManager (StorageContainerManager.java:stop(1654)) - Stopping SCM Event Queue.
2023-05-05 09:10:40,180 [Listener at 127.0.0.1/44179] INFO  server.StorageContainerManager (StorageContainerManager.java:stop(1665)) - Stopping SCM HA services.
2023-05-05 09:10:40,180 [Listener at 127.0.0.1/44179] INFO  pipeline.BackgroundPipelineCreator (BackgroundPipelineCreator.java:stop(149)) - Stopping RatisPipelineUtilsThread.
2023-05-05 09:10:40,180 [RatisPipelineUtilsThread - 0] WARN  pipeline.BackgroundPipelineCreator (BackgroundPipelineCreator.java:run(180)) - RatisPipelineUtilsThread is interrupted.
2023-05-05 09:10:40,180 [BackgroundPipelineScrubberThread] WARN  BackgroundPipelineScrubber (BackgroundSCMService.java:run(115)) - BackgroundPipelineScrubber is interrupted, exit
2023-05-05 09:10:40,181 [Listener at 127.0.0.1/44179] INFO  BackgroundPipelineScrubber (BackgroundSCMService.java:stop(131)) - Stopping BackgroundPipelineScrubber Service.
2023-05-05 09:10:40,182 [Listener at 127.0.0.1/44179] INFO  impl.MetricsSystemImpl (MetricsSystemImpl.java:stop(210)) - Stopping XceiverClientMetrics metrics system...
2023-05-05 09:10:40,183 [prometheus] INFO  impl.MetricsSinkAdapter (MetricsSinkAdapter.java:publishMetricsFromQueue(141)) - prometheus thread interrupted.
2023-05-05 09:10:40,184 [Listener at 127.0.0.1/44179] INFO  impl.MetricsSystemImpl (MetricsSystemImpl.java:stop(216)) - XceiverClientMetrics metrics system stopped.
2023-05-05 09:10:40,184 [Listener at 127.0.0.1/44179] WARN  pipeline.BackgroundPipelineCreator (BackgroundPipelineCreator.java:stop(145)) - RatisPipelineUtilsThread is not running, just ignore.
2023-05-05 09:10:40,184 [Listener at 127.0.0.1/44179] INFO  BackgroundPipelineScrubber (BackgroundSCMService.java:stop(126)) - BackgroundPipelineScrubber Service is not running, skip stop.
2023-05-05 09:10:40,184 [Listener at 127.0.0.1/44179] INFO  ExpiredContainerReplicaOpScrubber (BackgroundSCMService.java:stop(131)) - Stopping ExpiredContainerReplicaOpScrubber Service.
2023-05-05 09:10:40,184 [ExpiredContainerReplicaOpScrubberThread] WARN  ExpiredContainerReplicaOpScrubber (BackgroundSCMService.java:run(115)) - ExpiredContainerReplicaOpScrubber is interrupted, exit
2023-05-05 09:10:40,184 [Listener at 127.0.0.1/44179] INFO  utils.BackgroundService (BackgroundService.java:shutdown(141)) - Shutting down service SCMBlockDeletingService
2023-05-05 09:10:40,185 [Listener at 127.0.0.1/44179] INFO  replication.ReplicationManager (ReplicationManager.java:stop(336)) - Replication Monitor Thread is not running.
2023-05-05 09:10:40,185 [Listener at 127.0.0.1/44179] WARN  balancer.ContainerBalancer (ContainerBalancer.java:stop(324)) - Cannot stop Container Balancer because it's not running or stopping
2023-05-05 09:10:40,185 [Listener at 127.0.0.1/44179] INFO  server.StorageContainerManager (StorageContainerManager.java:stop(1700)) - Stopping SCM MetadataStore.
]]></system-out>
  </testcase>
  <testcase name="testBlockDeletingThrottling" classname="org.apache.hadoop.ozone.TestStorageContainerManager" time="33.206">
    <system-out><![CDATA[2023-05-05 09:10:40,244 [Time-limited test] WARN  server.ServerUtils (ServerUtils.java:getScmDbDir(148)) - ozone.scm.db.dirs is not configured. We recommend adding this setting. Falling back to ozone.metadata.dirs instead.
2023-05-05 09:10:40,247 [Time-limited test] WARN  server.ServerUtils (ServerUtils.java:getScmDbDir(148)) - ozone.scm.db.dirs is not configured. We recommend adding this setting. Falling back to ozone.metadata.dirs instead.
2023-05-05 09:10:40,247 [Time-limited test] INFO  ha.SCMHANodeDetails (SCMHANodeDetails.java:loadSCMHAConfig(209)) - ServiceID for StorageContainerManager is null
2023-05-05 09:10:40,247 [Time-limited test] WARN  ha.SCMHANodeDetails (SCMHANodeDetails.java:validateSCMHAConfig(182)) - Invalid config ozone.scm.ratis.enable. The config was not specified, but the default value true conflicts with the expected config value false. Falling back to the expected value. Current State of SCM: SCM is running in Non-HA without Ratis Ratis SCM -> Non Ratis SCM or Non HA SCM -> HA SCM is not supported
2023-05-05 09:10:40,247 [Time-limited test] INFO  ha.SCMHANodeDetails (SCMHANodeDetails.java:loadSCMHAConfig(214)) - ozone.scm.default.service.id is not defined, falling back to ozone.scm.service.ids to find serviceID for StorageContainerManager if it is HA enabled cluster
2023-05-05 09:10:40,248 [Time-limited test] WARN  utils.HAUtils (HAUtils.java:getMetaDir(350)) - ozone.scm.db.dirs is not configured. We recommend adding this setting. Falling back to ozone.metadata.dirs instead.
2023-05-05 09:10:40,248 [Time-limited test] WARN  db.DBStoreBuilder (DBStoreBuilder.java:applyDBDefinition(164)) - ozone.scm.db.dirs is not configured. We recommend adding this setting. Falling back to ozone.metadata.dirs instead.
2023-05-05 09:10:40,342 [Time-limited test] INFO  net.NodeSchemaLoader (NodeSchemaLoader.java:loadSchemaFromFile(129)) - Loading schema from [jar:file:/home/runner/.m2/repository/org/apache/ozone/hdds-common/1.4.0-SNAPSHOT/hdds-common-1.4.0-SNAPSHOT.jar!/network-topology-default.xml]
2023-05-05 09:10:40,342 [Time-limited test] INFO  net.NodeSchemaLoader (NodeSchemaLoader.java:loadSchema(176)) - Loading network topology layer schema file
2023-05-05 09:10:40,344 [Time-limited test] INFO  upgrade.AbstractLayoutVersionManager (AbstractLayoutVersionManager.java:init(83)) - Initializing Layout version manager with metadata layout = WEBUI_PORTS_IN_DATANODEDETAILS (version = 6), software layout = WEBUI_PORTS_IN_DATANODEDETAILS (version = 6)
2023-05-05 09:10:40,396 [Time-limited test] INFO  reflections.Reflections (Reflections.java:scan(232)) - Reflections took 51 ms to scan 7 urls, producing 156 keys and 369 values 
2023-05-05 09:10:40,398 [Time-limited test] INFO  ha.SequenceIdGenerator (SequenceIdGenerator.java:upgradeToSequenceId(349)) - upgrade localId to 111677748019200000
2023-05-05 09:10:40,398 [Time-limited test] INFO  ha.SequenceIdGenerator (SequenceIdGenerator.java:upgradeToSequenceId(359)) - upgrade delTxnId to 0
2023-05-05 09:10:40,398 [Time-limited test] INFO  ha.SequenceIdGenerator (SequenceIdGenerator.java:upgradeToSequenceId(376)) - upgrade containerId to 0
2023-05-05 09:10:40,399 [Time-limited test] INFO  ha.SequenceIdGenerator (SequenceIdGenerator.java:<init>(220)) - Init the HA SequenceIdGenerator.
2023-05-05 09:10:40,399 [Time-limited test] INFO  node.SCMNodeManager (SCMNodeManager.java:<init>(159)) - Entering startup safe mode.
2023-05-05 09:10:40,400 [Time-limited test] INFO  algorithms.ContainerPlacementPolicyFactory (ContainerPlacementPolicyFactory.java:getPolicyInternal(86)) - Create container placement policy of type org.apache.hadoop.hdds.scm.container.placement.algorithms.SCMContainerPlacementRackAware
2023-05-05 09:10:40,400 [Time-limited test] INFO  algorithms.ContainerPlacementPolicyFactory (ContainerPlacementPolicyFactory.java:getPolicyInternal(86)) - Create container placement policy of type org.apache.hadoop.hdds.scm.container.placement.algorithms.SCMContainerPlacementRackScatter
2023-05-05 09:10:40,400 [Time-limited test] INFO  pipeline.PipelineStateManagerImpl (PipelineStateManagerImpl.java:initialize(78)) - No pipeline exists in current db
2023-05-05 09:10:40,400 [Time-limited test] INFO  algorithms.LeaderChoosePolicyFactory (LeaderChoosePolicyFactory.java:getPolicy(57)) - Create leader choose policy of type org.apache.hadoop.hdds.scm.pipeline.leader.choose.algorithms.MinLeaderCountChoosePolicy
2023-05-05 09:10:40,401 [Time-limited test] INFO  algorithms.ContainerPlacementPolicyFactory (ContainerPlacementPolicyFactory.java:getPolicyInternal(86)) - Create container placement policy of type org.apache.hadoop.hdds.scm.container.placement.algorithms.SCMContainerPlacementRackScatter
2023-05-05 09:10:40,401 [Time-limited test] INFO  ha.SCMServiceManager (SCMServiceManager.java:register(42)) - Registering service BackgroundPipelineCreator.
2023-05-05 09:10:40,401 [Time-limited test] INFO  pipeline.BackgroundPipelineCreator (BackgroundPipelineCreator.java:start(124)) - Starting RatisPipelineUtilsThread.
2023-05-05 09:10:40,401 [Time-limited test] INFO  BackgroundPipelineScrubber (BackgroundSCMService.java:start(68)) - Starting BackgroundPipelineScrubber Service.
2023-05-05 09:10:40,401 [Time-limited test] INFO  ha.SCMServiceManager (SCMServiceManager.java:register(42)) - Registering service BackgroundPipelineScrubber.
2023-05-05 09:10:40,402 [Time-limited test] INFO  ExpiredContainerReplicaOpScrubber (BackgroundSCMService.java:start(68)) - Starting ExpiredContainerReplicaOpScrubber Service.
2023-05-05 09:10:40,402 [Time-limited test] INFO  ha.SCMServiceManager (SCMServiceManager.java:register(42)) - Registering service ExpiredContainerReplicaOpScrubber.
2023-05-05 09:10:40,403 [Time-limited test] INFO  algorithms.PipelineChoosePolicyFactory (PipelineChoosePolicyFactory.java:createPipelineChoosePolicyFromClass(73)) - Create pipeline choose policy of type org.apache.hadoop.hdds.scm.pipeline.choose.algorithms.RandomPipelineChoosePolicy
2023-05-05 09:10:40,403 [Time-limited test] INFO  ha.SCMServiceManager (SCMServiceManager.java:register(42)) - Registering service SCMBlockDeletingService.
2023-05-05 09:10:40,404 [Time-limited test] INFO  replication.ReplicationManager (ReplicationManager.java:start(293)) - Starting Replication Monitor Thread.
2023-05-05 09:10:40,404 [Time-limited test] INFO  ha.SCMServiceManager (SCMServiceManager.java:register(42)) - Registering service ReplicationManager.
2023-05-05 09:10:40,404 [Time-limited test] INFO  safemode.ContainerSafeModeRule (ContainerSafeModeRule.java:<init>(89)) - containers with one replica threshold count 0
2023-05-05 09:10:40,405 [Time-limited test] INFO  safemode.HealthyPipelineSafeModeRule (HealthyPipelineSafeModeRule.java:initializeRule(169)) - Total pipeline count is 0, healthy pipeline threshold count is 0
2023-05-05 09:10:40,405 [Time-limited test] INFO  safemode.OneReplicaPipelineSafeModeRule (OneReplicaPipelineSafeModeRule.java:initializeRule(180)) - Total pipeline count is 0, pipeline's with at least one datanode reported threshold count is 0
2023-05-05 09:10:40,405 [Time-limited test] INFO  server.StorageContainerManager (StorageContainerManager.java:<init>(403)) - SCM start with adminUsers: [runner]
2023-05-05 09:10:40,405 [Time-limited test] INFO  ipc.CallQueueManager (CallQueueManager.java:<init>(90)) - Using callQueue: class java.util.concurrent.LinkedBlockingQueue, queueCapacity: 2000, scheduler: class org.apache.hadoop.ipc.DefaultRpcScheduler, ipcBackoff: false.
2023-05-05 09:10:40,406 [Socket Reader #1 for port 0] INFO  ipc.Server (Server.java:run(1319)) - Starting Socket Reader #1 for port 0
2023-05-05 09:10:40,408 [ReplicationMonitor] INFO  replication.ReplicationManager (ReplicationManager.java:processAll(368)) - Replication Manager is not ready to run until 3000ms after safemode exit
2023-05-05 09:10:40,408 [Listener at 0.0.0.0/35847] INFO  ipc.CallQueueManager (CallQueueManager.java:<init>(90)) - Using callQueue: class java.util.concurrent.LinkedBlockingQueue, queueCapacity: 2000, scheduler: class org.apache.hadoop.ipc.DefaultRpcScheduler, ipcBackoff: false.
2023-05-05 09:10:40,408 [Socket Reader #1 for port 0] INFO  ipc.Server (Server.java:run(1319)) - Starting Socket Reader #1 for port 0
2023-05-05 09:10:40,410 [Listener at 0.0.0.0/41981] INFO  ipc.CallQueueManager (CallQueueManager.java:<init>(90)) - Using callQueue: class java.util.concurrent.LinkedBlockingQueue, queueCapacity: 2000, scheduler: class org.apache.hadoop.ipc.DefaultRpcScheduler, ipcBackoff: false.
2023-05-05 09:10:40,411 [Socket Reader #1 for port 0] INFO  ipc.Server (Server.java:run(1319)) - Starting Socket Reader #1 for port 0
2023-05-05 09:10:40,419 [Listener at 0.0.0.0/33559] INFO  ha.SCMServiceManager (SCMServiceManager.java:register(42)) - Registering service ContainerBalancer.
2023-05-05 09:10:40,420 [Listener at 0.0.0.0/33559] INFO  server.StorageContainerManager (StorageContainerManager.java:<init>(420)) - 
Container Balancer status:
Key                            Value
Running                        false
Container Balancer Configuration values:
Key                                                Value
Threshold                                          10
Max Datanodes to Involve per Iteration(percent)    20
Max Size to Move per Iteration                     500GB
Max Size Entering Target per Iteration             26GB
Max Size Leaving Source per Iteration              26GB

2023-05-05 09:10:40,420 [Listener at 0.0.0.0/33559] INFO  ha.SCMContext (SCMContext.java:updateSafeModeStatus(228)) - Update SafeModeStatus from SafeModeStatus{safeModeStatus=true, preCheckPassed=false} to SafeModeStatus{safeModeStatus=true, preCheckPassed=false}.
2023-05-05 09:10:40,420 [Listener at 0.0.0.0/33559] INFO  server.StorageContainerManager (StorageContainerManager.java:start(1477)) - StorageContainerLocationProtocol RPC server is listening at /0.0.0.0:33559
2023-05-05 09:10:40,421 [Listener at 0.0.0.0/33559] WARN  impl.MetricsConfig (MetricsConfig.java:loadFirst(136)) - Cannot locate configuration: tried hadoop-metrics2-storagecontainermanager.properties,hadoop-metrics2.properties
2023-05-05 09:10:40,423 [Listener at 0.0.0.0/33559] INFO  impl.MetricsSystemImpl (MetricsSystemImpl.java:startTimer(378)) - Scheduled Metric snapshot period at 10 second(s).
2023-05-05 09:10:40,423 [Listener at 0.0.0.0/33559] INFO  impl.MetricsSystemImpl (MetricsSystemImpl.java:start(191)) - StorageContainerManager metrics system started
2023-05-05 09:10:40,448 [Listener at 0.0.0.0/33559] INFO  impl.MetricsSinkAdapter (MetricsSinkAdapter.java:start(204)) - Sink prometheus started
2023-05-05 09:10:40,448 [Listener at 0.0.0.0/33559] INFO  impl.MetricsSystemImpl (MetricsSystemImpl.java:registerSink(305)) - Registered sink prometheus
2023-05-05 09:10:40,463 [Listener at 0.0.0.0/33559] INFO  server.SCMClientProtocolServer (SCMClientProtocolServer.java:start(199)) - RPC server for Client  is listening at /0.0.0.0:33559
2023-05-05 09:10:40,464 [IPC Server Responder] INFO  ipc.Server (Server.java:run(1558)) - IPC Server Responder: starting
2023-05-05 09:10:40,464 [IPC Server listener on 0] INFO  ipc.Server (Server.java:run(1398)) - IPC Server listener on 0: starting
2023-05-05 09:10:40,469 [Listener at 0.0.0.0/33559] INFO  server.StorageContainerManager (StorageContainerManager.java:start(1491)) - ScmBlockLocationProtocol RPC server is listening at /0.0.0.0:41981
2023-05-05 09:10:40,469 [Listener at 0.0.0.0/33559] INFO  server.SCMBlockProtocolServer (SCMBlockProtocolServer.java:start(152)) - RPC server for Block Protocol is listening at /0.0.0.0:41981
2023-05-05 09:10:40,469 [IPC Server Responder] INFO  ipc.Server (Server.java:run(1558)) - IPC Server Responder: starting
2023-05-05 09:10:40,469 [IPC Server listener on 0] INFO  ipc.Server (Server.java:run(1398)) - IPC Server listener on 0: starting
2023-05-05 09:10:40,478 [Listener at 0.0.0.0/33559] INFO  server.SCMDatanodeProtocolServer (SCMDatanodeProtocolServer.java:start(193)) - ScmDatanodeProtocol RPC server for DataNodes is listening at /0.0.0.0:35847
2023-05-05 09:10:40,479 [IPC Server Responder] INFO  ipc.Server (Server.java:run(1558)) - IPC Server Responder: starting
2023-05-05 09:10:40,479 [IPC Server listener on 0] INFO  ipc.Server (Server.java:run(1398)) - IPC Server listener on 0: starting
2023-05-05 09:10:40,483 [org.apache.hadoop.util.JvmPauseMonitor$Monitor@6040cd87] INFO  util.JvmPauseMonitor (JvmPauseMonitor.java:run(188)) - Starting JVM pause monitor
2023-05-05 09:10:40,483 [Listener at 0.0.0.0/33559] INFO  http.BaseHttpServer (BaseHttpServer.java:newHttpServer2BuilderForOzone(224)) - Starting Web-server for scm at: http://0.0.0.0:0
2023-05-05 09:10:40,484 [Listener at 0.0.0.0/33559] INFO  http.BaseHttpServer (BaseHttpServer.java:<init>(111)) - Hadoop Security Enabled: false Ozone Security Enabled: false Ozone HTTP Security Enabled: false 
2023-05-05 09:10:40,485 [Listener at 0.0.0.0/33559] WARN  server.AuthenticationFilter (AuthenticationFilter.java:constructSecretProvider(240)) - Unable to initialize FileSignerSecretProvider, falling back to use random secrets. Reason: Could not read signature secret file: /home/runner/hadoop-http-auth-signature-secret
2023-05-05 09:10:40,486 [Listener at 0.0.0.0/33559] INFO  http.HttpRequestLog (HttpRequestLog.java:getRequestLog(86)) - Http request log for http.requests.scm is not defined
2023-05-05 09:10:40,488 [Listener at 0.0.0.0/33559] INFO  http.HttpServer2 (HttpServer2.java:addGlobalFilter(1031)) - Added global filter 'safety' (class=org.apache.hadoop.hdds.server.http.HttpServer2$QuotingInputFilter)
2023-05-05 09:10:40,488 [Listener at 0.0.0.0/33559] INFO  http.HttpServer2 (HttpServer2.java:addFilter(1007)) - Added filter static_user_filter (class=org.apache.hadoop.http.lib.StaticUserWebFilter$StaticUserFilter) to context scm
2023-05-05 09:10:40,489 [Listener at 0.0.0.0/33559] INFO  http.HttpServer2 (HttpServer2.java:addFilter(1015)) - Added filter static_user_filter (class=org.apache.hadoop.http.lib.StaticUserWebFilter$StaticUserFilter) to context static
2023-05-05 09:10:40,489 [Listener at 0.0.0.0/33559] INFO  http.HttpServer2 (HttpServer2.java:addFilter(1015)) - Added filter static_user_filter (class=org.apache.hadoop.http.lib.StaticUserWebFilter$StaticUserFilter) to context logs
2023-05-05 09:10:40,489 [Listener at 0.0.0.0/33559] INFO  http.BaseHttpServer (BaseHttpServer.java:<init>(190)) - HTTP server of scm uses base directory /home/runner/work/ozone/ozone/hadoop-ozone/integration-test/target/test-dir/MiniOzoneClusterImpl-8d3a45d2-812c-4831-b42d-971cc57d672f/ozone-meta/webserver
2023-05-05 09:10:40,489 [Listener at 0.0.0.0/33559] INFO  http.HttpServer2 (HttpServer2.java:bindListener(1250)) - Jetty bound to port 39605
2023-05-05 09:10:40,490 [Listener at 0.0.0.0/33559] INFO  server.Server (Server.java:doStart(375)) - jetty-9.4.51.v20230217; built: 2023-02-17T08:19:37.309Z; git: b45c405e4544384de066f814ed42ae3dceacdd49; jvm 1.8.0_362-b09
2023-05-05 09:10:40,493 [Listener at 0.0.0.0/33559] INFO  server.session (DefaultSessionIdManager.java:doStart(334)) - DefaultSessionIdManager workerName=node0
2023-05-05 09:10:40,493 [Listener at 0.0.0.0/33559] INFO  server.session (DefaultSessionIdManager.java:doStart(339)) - No SessionScavenger set, using defaults
2023-05-05 09:10:40,493 [Listener at 0.0.0.0/33559] INFO  server.session (HouseKeeper.java:startScavenging(132)) - node0 Scavenging every 600000ms
2023-05-05 09:10:40,494 [Listener at 0.0.0.0/33559] INFO  handler.ContextHandler (ContextHandler.java:doStart(921)) - Started o.e.j.s.ServletContextHandler@13358f5f{logs,/logs,file:///home/runner/work/ozone/ozone/hadoop-ozone/integration-test/target/log,AVAILABLE}
2023-05-05 09:10:40,494 [Listener at 0.0.0.0/33559] INFO  handler.ContextHandler (ContextHandler.java:doStart(921)) - Started o.e.j.s.ServletContextHandler@15fe1e0d{static,/static,file:///home/runner/work/ozone/ozone/hadoop-ozone/integration-test/target/test-classes/webapps/static,AVAILABLE}
2023-05-05 09:10:40,502 [Listener at 0.0.0.0/33559] INFO  handler.ContextHandler (ContextHandler.java:doStart(921)) - Started o.e.j.w.WebAppContext@7fca684f{scm,/,file:///home/runner/work/ozone/ozone/hadoop-ozone/integration-test/target/test-classes/webapps/scm/,AVAILABLE}{file:/home/runner/work/ozone/ozone/hadoop-ozone/integration-test/target/test-classes/webapps/scm}
2023-05-05 09:10:40,503 [Listener at 0.0.0.0/33559] INFO  server.AbstractConnector (AbstractConnector.java:doStart(333)) - Started ServerConnector@177a500d{HTTP/1.1, (http/1.1)}{0.0.0.0:39605}
2023-05-05 09:10:40,503 [Listener at 0.0.0.0/33559] INFO  server.Server (Server.java:doStart(415)) - Started @31857ms
2023-05-05 09:10:40,503 [Listener at 0.0.0.0/33559] WARN  impl.MetricsSystemImpl (MetricsSystemImpl.java:register(279)) - Sink prometheus already exists!
2023-05-05 09:10:40,504 [Listener at 0.0.0.0/33559] INFO  http.BaseHttpServer (BaseHttpServer.java:updateConnectorAddress(344)) - HTTP server of scm listening at http://0.0.0.0:39605
2023-05-05 09:10:40,504 [Listener at 0.0.0.0/33559] WARN  server.ServerUtils (ServerUtils.java:getDBPath(225)) - ozone.om.db.dirs is not configured. We recommend adding this setting. Falling back to ozone.metadata.dirs instead.
2023-05-05 09:10:40,506 [Listener at 0.0.0.0/33559] INFO  ha.OMHANodeDetails (OMHANodeDetails.java:loadOMHAConfig(115)) - ozone.om.internal.service.id is not defined, falling back to ozone.om.service.ids to find serviceID for OzoneManager if it is HA enabled cluster
2023-05-05 09:10:40,507 [Listener at 0.0.0.0/33559] INFO  ha.OMHANodeDetails (OMHANodeDetails.java:loadOMHAConfig(226)) - Configuration does not have ozone.om.address set. Falling back to the default OM address /127.0.0.1:0
2023-05-05 09:10:40,507 [Listener at 0.0.0.0/33559] INFO  ha.OMHANodeDetails (OMHANodeDetails.java:getOMNodeDetailsForNonHA(254)) - OM Service ID is not set. Setting it to the default ID: omServiceIdDefault
2023-05-05 09:10:40,507 [Listener at 0.0.0.0/33559] INFO  ha.OMHANodeDetails (OMHANodeDetails.java:getOMNodeDetailsForNonHA(261)) - OM Node ID is not set. Setting it to the default ID: om1
2023-05-05 09:10:40,507 [Listener at 0.0.0.0/33559] WARN  server.ServerUtils (ServerUtils.java:getDBPath(225)) - ozone.om.db.dirs is not configured. We recommend adding this setting. Falling back to ozone.metadata.dirs instead.
2023-05-05 09:10:40,508 [Listener at 0.0.0.0/33559] INFO  upgrade.AbstractLayoutVersionManager (AbstractLayoutVersionManager.java:init(83)) - Initializing Layout version manager with metadata layout = HSYNC (version = 4), software layout = HSYNC (version = 4)
2023-05-05 09:10:40,583 [Listener at 0.0.0.0/33559] INFO  reflections.Reflections (Reflections.java:scan(232)) - Reflections took 74 ms to scan 2 urls, producing 172 keys and 475 values [using 2 cores]
2023-05-05 09:10:40,583 [Listener at 0.0.0.0/33559] INFO  upgrade.OMLayoutVersionManager (OMLayoutVersionManager.java:lambda$0(115)) - Skipping Upgrade Action MockOmUpgradeAction since it has been finalized.
2023-05-05 09:10:40,584 [Listener at 0.0.0.0/33559] WARN  server.ServerUtils (ServerUtils.java:getDBPath(225)) - ozone.om.db.dirs is not configured. We recommend adding this setting. Falling back to ozone.metadata.dirs instead.
2023-05-05 09:10:40,584 [Listener at 0.0.0.0/33559] INFO  proxy.SCMBlockLocationFailoverProxyProvider (SCMBlockLocationFailoverProxyProvider.java:<init>(114)) - Created block location fail-over proxy with 1 nodes: [nodeId=scmNodeId,nodeAddress=/0.0.0.0:41981]
2023-05-05 09:10:40,586 [Listener at 0.0.0.0/33559] INFO  proxy.SCMBlockLocationFailoverProxyProvider (SCMBlockLocationFailoverProxyProvider.java:<init>(114)) - Created block location fail-over proxy with 1 nodes: [nodeId=scmNodeId,nodeAddress=/0.0.0.0:41981]
2023-05-05 09:10:40,594 [Listener at 0.0.0.0/33559] INFO  om.OzoneManager (OzoneManager.java:<init>(634)) - OM start with adminUsers: [runner]
2023-05-05 09:10:40,595 [Listener at 0.0.0.0/33559] WARN  server.ServerUtils (ServerUtils.java:getDBPath(225)) - ozone.om.db.dirs is not configured. We recommend adding this setting. Falling back to ozone.metadata.dirs instead.
2023-05-05 09:10:40,595 [Listener at 0.0.0.0/33559] INFO  codec.OmKeyInfoCodec (OmKeyInfoCodec.java:<init>(49)) - OmKeyInfoCodec ignorePipeline = true
2023-05-05 09:10:40,595 [Listener at 0.0.0.0/33559] INFO  codec.RepeatedOmKeyInfoCodec (RepeatedOmKeyInfoCodec.java:<init>(41)) - RepeatedOmKeyInfoCodec ignorePipeline = true
2023-05-05 09:10:40,757 [Listener at 0.0.0.0/33559] INFO  om.OzoneManager (OzoneManager.java:instantiateServices(764)) - S3 Multi-Tenancy is disabled
2023-05-05 09:10:40,758 [Listener at 0.0.0.0/33559] WARN  server.ServerUtils (ServerUtils.java:getDBPath(225)) - ozone.om.snapshot.diff.db.dir is not configured. We recommend adding this setting. Falling back to ozone.metadata.dirs instead.
2023-05-05 09:10:40,778 [Listener at 0.0.0.0/33559] INFO  om.OzoneManager (OzoneManager.java:addS3GVolumeToDB(4263)) - Created Volume s3v With Owner runner required for S3Gateway operations.
2023-05-05 09:10:40,778 [Listener at 0.0.0.0/33559] WARN  server.ServerUtils (ServerUtils.java:getDefaultRatisDirectory(237)) - Storage directory for Ratis is not configured. It is a good idea to map this to an SSD disk. Falling back to ozone.metadata.dirs
2023-05-05 09:10:40,779 [Listener at 0.0.0.0/33559] WARN  utils.OzoneManagerRatisUtils (OzoneManagerRatisUtils.java:getOMRatisSnapshotDirectory(456)) - ozone.om.ratis.snapshot.dir is not configured. Falling back to ozone.metadata.dirs config
2023-05-05 09:10:40,779 [Listener at 0.0.0.0/33559] WARN  server.ServerUtils (ServerUtils.java:getDefaultRatisDirectory(237)) - Storage directory for Ratis is not configured. It is a good idea to map this to an SSD disk. Falling back to ozone.metadata.dirs
2023-05-05 09:10:40,781 [Listener at 0.0.0.0/33559] INFO  ratis.OzoneManagerRatisServer (OzoneManagerRatisServer.java:<init>(163)) - Instantiating OM Ratis server with groupID: omServiceIdDefault and peers: localhost:9872
2023-05-05 09:10:40,781 [Listener at 0.0.0.0/33559] INFO  ratis.OzoneManagerStateMachine (OzoneManagerStateMachine.java:loadSnapshotInfoFromDB(670)) - LastAppliedIndex is set from TransactionInfo from OM DB as (t:0, i:~)
2023-05-05 09:10:40,781 [Listener at 0.0.0.0/33559] INFO  server.RaftServer (ConfUtils.java:logGet(46)) - raft.rpc.type = GRPC (default)
2023-05-05 09:10:40,782 [Listener at 0.0.0.0/33559] INFO  grpc.GrpcConfigKeys (ConfUtils.java:logFallback(53)) - raft.grpc.admin.host = null (fallback to raft.grpc.server.host)
2023-05-05 09:10:40,782 [Listener at 0.0.0.0/33559] INFO  grpc.GrpcConfigKeys (ConfUtils.java:logFallback(53)) - raft.grpc.admin.port = 9872 (fallback to raft.grpc.server.port)
2023-05-05 09:10:40,782 [Listener at 0.0.0.0/33559] INFO  grpc.GrpcConfigKeys (ConfUtils.java:logFallback(53)) - raft.grpc.client.host = null (fallback to raft.grpc.server.host)
2023-05-05 09:10:40,782 [Listener at 0.0.0.0/33559] INFO  grpc.GrpcConfigKeys (ConfUtils.java:logFallback(53)) - raft.grpc.client.port = 9872 (fallback to raft.grpc.server.port)
2023-05-05 09:10:40,782 [Listener at 0.0.0.0/33559] INFO  grpc.GrpcConfigKeys (ConfUtils.java:logGet(46)) - raft.grpc.server.host = null (default)
2023-05-05 09:10:40,782 [Listener at 0.0.0.0/33559] INFO  grpc.GrpcConfigKeys (ConfUtils.java:logGet(46)) - raft.grpc.server.port = 9872 (custom)
2023-05-05 09:10:40,783 [Listener at 0.0.0.0/33559] INFO  server.GrpcService (ConfUtils.java:logGet(46)) - raft.grpc.message.size.max = 33554432 (custom)
2023-05-05 09:10:40,783 [Listener at 0.0.0.0/33559] INFO  server.RaftServerConfigKeys (ConfUtils.java:logGet(46)) - raft.server.log.appender.buffer.byte-limit = 33554432 (custom)
2023-05-05 09:10:40,783 [Listener at 0.0.0.0/33559] INFO  server.GrpcService (ConfUtils.java:logGet(46)) - raft.grpc.flow.control.window = 1MB (=1048576) (default)
2023-05-05 09:10:40,783 [Listener at 0.0.0.0/33559] INFO  server.RaftServerConfigKeys (ConfUtils.java:logGet(46)) - raft.server.rpc.request.timeout = 3000ms (default)
2023-05-05 09:10:40,783 [Listener at 0.0.0.0/33559] INFO  grpc.GrpcConfigKeys (ConfUtils.java:logGet(46)) - raft.grpc.server.heartbeat.channel = true (default)
2023-05-05 09:10:40,783 [Listener at 0.0.0.0/33559] INFO  grpc.GrpcConfigKeys (ConfUtils.java:logGet(46)) - raft.grpc.server.async.request.thread.pool.cached = true (default)
2023-05-05 09:10:40,783 [Listener at 0.0.0.0/33559] INFO  grpc.GrpcConfigKeys (ConfUtils.java:logGet(46)) - raft.grpc.server.async.request.thread.pool.size = 32 (default)
2023-05-05 09:10:40,785 [Listener at 0.0.0.0/33559] INFO  impl.DataStreamServerImpl (ConfUtils.java:logGet(46)) - raft.datastream.type = DISABLED (default)
2023-05-05 09:10:40,785 [Listener at 0.0.0.0/33559] INFO  server.RaftServerConfigKeys (ConfUtils.java:logGet(46)) - raft.server.threadpool.proxy.cached = true (default)
2023-05-05 09:10:40,785 [Listener at 0.0.0.0/33559] INFO  server.RaftServerConfigKeys (ConfUtils.java:logGet(46)) - raft.server.threadpool.proxy.size = 0 (default)
2023-05-05 09:10:40,785 [Listener at 0.0.0.0/33559] INFO  server.RaftServerConfigKeys (ConfUtils.java:logGet(46)) - raft.server.rpc.slowness.timeout = 120s (custom)
2023-05-05 09:10:40,785 [Listener at 0.0.0.0/33559] INFO  server.RaftServerConfigKeys (ConfUtils.java:logGet(46)) - raft.server.leaderelection.leader.step-down.wait-time = 10s (default)
2023-05-05 09:10:40,785 [Listener at 0.0.0.0/33559] INFO  server.RaftServerConfigKeys (ConfUtils.java:logGet(46)) - raft.server.storage.dir = [/home/runner/work/ozone/ozone/hadoop-ozone/integration-test/target/test-dir/MiniOzoneClusterImpl-8d3a45d2-812c-4831-b42d-971cc57d672f/ozone-meta/ratis] (custom)
2023-05-05 09:10:40,786 [Listener at 0.0.0.0/33559] INFO  server.RaftServer (RaftServerProxy.java:addNew(96)) - om1: addNew group-C5BA1605619E:[om1|rpc:localhost:9872|priority:0|startupRole:FOLLOWER] returns group-C5BA1605619E:java.util.concurrent.CompletableFuture@2b0dc6df[Not completed]
2023-05-05 09:10:40,786 [Listener at 0.0.0.0/33559] INFO  om.OzoneManager (OzoneManager.java:initializeRatisServer(2106)) - OzoneManager Ratis server initialized at port 9872
2023-05-05 09:10:40,786 [pool-223-thread-1] INFO  server.RaftServer$Division (RaftServerImpl.java:<init>(195)) - om1: new RaftServerImpl for group-C5BA1605619E:[om1|rpc:localhost:9872|priority:0|startupRole:FOLLOWER] with OzoneManagerStateMachine:uninitialized
2023-05-05 09:10:40,786 [Listener at 0.0.0.0/33559] INFO  om.OzoneManager (OzoneManager.java:getRpcServer(1153)) - Creating RPC Server
2023-05-05 09:10:40,786 [pool-223-thread-1] INFO  server.RaftServerConfigKeys (ConfUtils.java:logGet(46)) - raft.server.rpc.timeout.min = 1s (custom)
2023-05-05 09:10:40,786 [pool-223-thread-1] INFO  server.RaftServerConfigKeys (ConfUtils.java:logGet(46)) - raft.server.rpc.timeout.max = 1200ms (custom)
2023-05-05 09:10:40,786 [pool-223-thread-1] INFO  server.RaftServerConfigKeys (ConfUtils.java:logGet(46)) - raft.server.rpc.sleep.time = 25ms (default)
2023-05-05 09:10:40,786 [pool-223-thread-1] INFO  server.RaftServerConfigKeys (ConfUtils.java:logGet(46)) - raft.server.rpc.slowness.timeout = 120s (custom)
2023-05-05 09:10:40,786 [pool-223-thread-1] INFO  server.RaftServerConfigKeys (ConfUtils.java:logGet(46)) - raft.server.leaderelection.leader.step-down.wait-time = 10s (default)
2023-05-05 09:10:40,786 [pool-223-thread-1] INFO  server.RaftServerConfigKeys (ConfUtils.java:logGet(46)) - raft.server.sleep.deviation.threshold = 300ms (default)
2023-05-05 09:10:40,786 [pool-223-thread-1] INFO  server.RaftServer$Division (ServerState.java:<init>(118)) - om1@group-C5BA1605619E: ConfigurationManager, init=-1: peers:[om1|rpc:localhost:9872|priority:0|startupRole:FOLLOWER]|listeners:[], old=null, confs=<EMPTY_MAP>
2023-05-05 09:10:40,787 [pool-223-thread-1] INFO  server.RaftServerConfigKeys (ConfUtils.java:logGet(46)) - raft.server.storage.dir = [/home/runner/work/ozone/ozone/hadoop-ozone/integration-test/target/test-dir/MiniOzoneClusterImpl-8d3a45d2-812c-4831-b42d-971cc57d672f/ozone-meta/ratis] (custom)
2023-05-05 09:10:40,787 [pool-223-thread-1] INFO  server.RaftServerConfigKeys (ConfUtils.java:logGet(46)) - raft.server.log.corruption.policy = EXCEPTION (default)
2023-05-05 09:10:40,787 [pool-223-thread-1] INFO  server.RaftServerConfigKeys (ConfUtils.java:logGet(46)) - raft.server.storage.free-space.min = 0MB (=0) (default)
2023-05-05 09:10:40,787 [pool-223-thread-1] INFO  server.RaftServerConfigKeys (ConfUtils.java:logGet(46)) - raft.server.notification.no-leader.timeout = 120s (custom)
2023-05-05 09:10:40,787 [pool-223-thread-1] INFO  server.RaftServerConfigKeys (ConfUtils.java:logGet(46)) - raft.server.retrycache.expirytime = 300s (custom)
2023-05-05 09:10:40,787 [pool-223-thread-1] INFO  server.RaftServerConfigKeys (ConfUtils.java:logGet(46)) - raft.server.retrycache.statistics.expirytime = 100μs (default)
2023-05-05 09:10:40,788 [pool-223-thread-1] INFO  server.RaftServerConfigKeys (ConfUtils.java:logGet(46)) - raft.server.log.appender.install.snapshot.enabled = false (custom)
2023-05-05 09:10:40,788 [pool-223-thread-1] INFO  server.RaftServerConfigKeys (ConfUtils.java:logGet(46)) - raft.server.threadpool.server.cached = true (default)
2023-05-05 09:10:40,788 [pool-223-thread-1] INFO  server.RaftServerConfigKeys (ConfUtils.java:logGet(46)) - raft.server.threadpool.server.size = 0 (default)
2023-05-05 09:10:40,788 [pool-223-thread-1] INFO  server.RaftServerConfigKeys (ConfUtils.java:logGet(46)) - raft.server.threadpool.client.cached = true (default)
2023-05-05 09:10:40,788 [pool-223-thread-1] INFO  server.RaftServerConfigKeys (ConfUtils.java:logGet(46)) - raft.server.threadpool.client.size = 0 (default)
2023-05-05 09:10:41,301 [Listener at 0.0.0.0/33559] INFO  reflections.Reflections (Reflections.java:scan(232)) - Reflections took 512 ms to scan 19 urls, producing 68 keys and 5137 values [using 2 cores]
2023-05-05 09:10:41,303 [Listener at 0.0.0.0/33559] INFO  ipc.CallQueueManager (CallQueueManager.java:<init>(90)) - Using callQueue: class java.util.concurrent.LinkedBlockingQueue, queueCapacity: 2000, scheduler: class org.apache.hadoop.ipc.DefaultRpcScheduler, ipcBackoff: false.
2023-05-05 09:10:41,309 [Socket Reader #1 for port 0] INFO  ipc.Server (Server.java:run(1319)) - Starting Socket Reader #1 for port 0
2023-05-05 09:10:41,329 [Listener at 127.0.0.1/40491] INFO  impl.MetricsSystemImpl (MetricsSystemImpl.java:init(158)) - OzoneManager metrics system started (again)
2023-05-05 09:10:41,344 [Listener at 127.0.0.1/40491] INFO  om.OzoneManager (OzoneManager.java:start(1574)) - OzoneManager RPC server is listening at localhost/127.0.0.1:40491
2023-05-05 09:10:41,344 [Listener at 127.0.0.1/40491] INFO  ratis.OzoneManagerRatisServer (OzoneManagerRatisServer.java:start(558)) - Starting OzoneManagerRatisServer om1 at port 9872
2023-05-05 09:10:41,345 [om1-impl-thread1] INFO  storage.RaftStorageDirectory (RaftStorageDirectoryImpl.java:analyzeStorage(137)) - The storage directory /home/runner/work/ozone/ozone/hadoop-ozone/integration-test/target/test-dir/MiniOzoneClusterImpl-8d3a45d2-812c-4831-b42d-971cc57d672f/ozone-meta/ratis/bf265839-605b-3f16-9796-c5ba1605619e does not exist. Creating ...
2023-05-05 09:10:41,346 [om1-impl-thread1] INFO  storage.RaftStorageDirectory (RaftStorageDirectoryImpl.java:tryLock(231)) - Lock on /home/runner/work/ozone/ozone/hadoop-ozone/integration-test/target/test-dir/MiniOzoneClusterImpl-8d3a45d2-812c-4831-b42d-971cc57d672f/ozone-meta/ratis/bf265839-605b-3f16-9796-c5ba1605619e/in_use.lock acquired by nodename 7812@fv-az152-207
2023-05-05 09:10:41,347 [om1-impl-thread1] INFO  storage.RaftStorage (RaftStorageImpl.java:format(96)) - Storage directory /home/runner/work/ozone/ozone/hadoop-ozone/integration-test/target/test-dir/MiniOzoneClusterImpl-8d3a45d2-812c-4831-b42d-971cc57d672f/ozone-meta/ratis/bf265839-605b-3f16-9796-c5ba1605619e has been successfully formatted.
2023-05-05 09:10:41,347 [om1-impl-thread1] INFO  server.RaftServerConfigKeys (ConfUtils.java:logGet(46)) - raft.server.log.use.memory = false (default)
2023-05-05 09:10:41,348 [om1-impl-thread1] INFO  server.RaftServerConfigKeys (ConfUtils.java:logGet(46)) - raft.server.log.purge.gap = 1000000 (custom)
2023-05-05 09:10:41,348 [om1-impl-thread1] INFO  server.RaftServerConfigKeys (ConfUtils.java:logGet(46)) - raft.server.log.appender.buffer.byte-limit = 33554432 (custom)
2023-05-05 09:10:41,348 [om1-impl-thread1] INFO  server.RaftServerConfigKeys (ConfUtils.java:logGet(46)) - raft.server.log.statemachine.data.read.timeout = 1000ms (default)
2023-05-05 09:10:41,348 [om1-impl-thread1] INFO  server.RaftServerConfigKeys (ConfUtils.java:logGet(46)) - raft.server.log.purge.preservation.log.num = 0 (default)
2023-05-05 09:10:41,348 [om1-impl-thread1] INFO  server.RaftServerConfigKeys (ConfUtils.java:logGet(46)) - raft.server.log.segment.size.max = 4194304 (custom)
2023-05-05 09:10:41,348 [om1-impl-thread1] INFO  server.RaftServerConfigKeys (ConfUtils.java:logGet(46)) - raft.server.log.segment.cache.num.max = 2 (custom)
2023-05-05 09:10:41,348 [om1-impl-thread1] INFO  server.RaftServerConfigKeys (ConfUtils.java:logGet(46)) - raft.server.log.segment.cache.size.max = 200MB (=209715200) (default)
2023-05-05 09:10:41,348 [om1-impl-thread1] INFO  segmented.SegmentedRaftLogWorker (SegmentedRaftLogWorker.java:<init>(189)) - new om1@group-C5BA1605619E-SegmentedRaftLogWorker for RaftStorageImpl:Storage Directory /home/runner/work/ozone/ozone/hadoop-ozone/integration-test/target/test-dir/MiniOzoneClusterImpl-8d3a45d2-812c-4831-b42d-971cc57d672f/ozone-meta/ratis/bf265839-605b-3f16-9796-c5ba1605619e
2023-05-05 09:10:41,348 [om1-impl-thread1] INFO  server.RaftServerConfigKeys (ConfUtils.java:logGet(46)) - raft.server.log.queue.byte-limit = 64MB (=67108864) (default)
2023-05-05 09:10:41,348 [om1-impl-thread1] INFO  server.RaftServerConfigKeys (ConfUtils.java:logGet(46)) - raft.server.log.queue.element-limit = 4096 (default)
2023-05-05 09:10:41,348 [om1-impl-thread1] INFO  server.RaftServerConfigKeys (ConfUtils.java:logGet(46)) - raft.server.log.segment.size.max = 4194304 (custom)
2023-05-05 09:10:41,348 [om1-impl-thread1] INFO  server.RaftServerConfigKeys (ConfUtils.java:logGet(46)) - raft.server.log.preallocated.size = 4194304 (custom)
2023-05-05 09:10:41,348 [om1-impl-thread1] INFO  server.RaftServerConfigKeys (ConfUtils.java:logGet(46)) - raft.server.log.force.sync.num = 128 (default)
2023-05-05 09:10:41,349 [om1-impl-thread1] INFO  server.RaftServerConfigKeys (ConfUtils.java:logGet(46)) - raft.server.log.statemachine.data.sync = true (default)
2023-05-05 09:10:41,349 [om1-impl-thread1] INFO  server.RaftServerConfigKeys (ConfUtils.java:logGet(46)) - raft.server.log.statemachine.data.sync.timeout = 10s (default)
2023-05-05 09:10:41,349 [om1-impl-thread1] INFO  server.RaftServerConfigKeys (ConfUtils.java:logGet(46)) - raft.server.log.statemachine.data.sync.timeout.retry = -1 (default)
2023-05-05 09:10:41,349 [om1-impl-thread1] INFO  server.RaftServerConfigKeys (ConfUtils.java:logGet(46)) - raft.server.log.write.buffer.size = 64KB (=65536) (default)
2023-05-05 09:10:41,349 [om1-impl-thread1] INFO  server.RaftServerConfigKeys (ConfUtils.java:logGet(46)) - raft.server.log.appender.buffer.byte-limit = 33554432 (custom)
2023-05-05 09:10:41,356 [om1-impl-thread1] INFO  server.RaftServerConfigKeys (ConfUtils.java:logGet(46)) - raft.server.log.unsafe-flush.enabled = false (default)
2023-05-05 09:10:41,356 [om1-impl-thread1] INFO  server.RaftServerConfigKeys (ConfUtils.java:logGet(46)) - raft.server.log.async-flush.enabled = false (default)
2023-05-05 09:10:41,356 [om1-impl-thread1] INFO  server.RaftServerConfigKeys (ConfUtils.java:logGet(46)) - raft.server.log.statemachine.data.caching.enabled = false (default)
2023-05-05 09:10:41,356 [om1-impl-thread1] INFO  segmented.SegmentedRaftLogWorker (SegmentedRaftLogWorker.java:lambda$new$0(135)) - om1@group-C5BA1605619E-SegmentedRaftLogWorker: flushIndex: setUnconditionally 0 -> -1
2023-05-05 09:10:41,356 [om1-impl-thread1] INFO  segmented.SegmentedRaftLogWorker (SegmentedRaftLogWorker.java:lambda$new$0(135)) - om1@group-C5BA1605619E-SegmentedRaftLogWorker: safeCacheEvictIndex: setUnconditionally 0 -> -1
2023-05-05 09:10:41,356 [om1-impl-thread1] INFO  server.RaftServer$Division (RaftServerImpl.java:start(334)) - om1@group-C5BA1605619E: start as a follower, conf=-1: peers:[om1|rpc:localhost:9872|priority:0|startupRole:FOLLOWER]|listeners:[], old=null
2023-05-05 09:10:41,356 [om1-impl-thread1] INFO  server.RaftServer$Division (RaftServerImpl.java:setRole(321)) - om1@group-C5BA1605619E: changes role from      null to FOLLOWER at term 0 for startAsFollower
2023-05-05 09:10:41,361 [om1-impl-thread1] INFO  impl.RoleInfo (RoleInfo.java:updateAndGet(139)) - om1: start om1@group-C5BA1605619E-FollowerState
2023-05-05 09:10:41,364 [om1-impl-thread1] INFO  util.JmxRegister (JmxRegister.java:tryRegister(44)) - Successfully registered JMX Bean with object name Ratis:service=RaftServer,group=group-C5BA1605619E,id=om1
2023-05-05 09:10:41,364 [om1-impl-thread1] INFO  server.RaftServerConfigKeys (ConfUtils.java:logGet(46)) - raft.server.snapshot.auto.trigger.enabled = true (custom)
2023-05-05 09:10:41,364 [om1-impl-thread1] INFO  server.RaftServerConfigKeys (ConfUtils.java:logGet(46)) - raft.server.snapshot.auto.trigger.threshold = 400000 (default)
2023-05-05 09:10:41,364 [om1-impl-thread1] INFO  server.RaftServerConfigKeys (ConfUtils.java:logGet(46)) - raft.server.snapshot.retention.file.num = -1 (default)
2023-05-05 09:10:41,364 [om1-impl-thread1] INFO  server.RaftServerConfigKeys (ConfUtils.java:logGet(46)) - raft.server.log.purge.upto.snapshot.index = true (custom)
2023-05-05 09:10:41,367 [om1@group-C5BA1605619E-FollowerState] INFO  server.RaftServerConfigKeys (ConfUtils.java:logFallback(53)) - raft.server.rpc.first-election.timeout.min = 1s (fallback to raft.server.rpc.timeout.min)
2023-05-05 09:10:41,368 [om1@group-C5BA1605619E-FollowerState] INFO  server.RaftServerConfigKeys (ConfUtils.java:logFallback(53)) - raft.server.rpc.first-election.timeout.max = 1200ms (fallback to raft.server.rpc.timeout.max)
2023-05-05 09:10:41,368 [Listener at 127.0.0.1/40491] INFO  server.RaftServer (RaftServerProxy.java:startImpl(393)) - om1: start RPC server
2023-05-05 09:10:41,377 [Listener at 127.0.0.1/40491] INFO  server.GrpcService (GrpcService.java:startImpl(262)) - om1: GrpcService started, listening on 9872
2023-05-05 09:10:41,381 [Listener at 127.0.0.1/40491] INFO  om.OzoneManager (OzoneManager.java:start(1590)) - Version File has different layout version (4) than OM DB (null). That is expected if this OM has never been finalized to a newer layout version.
2023-05-05 09:10:41,381 [JvmPauseMonitor4] INFO  util.JvmPauseMonitor (JvmPauseMonitor.java:run(105)) - JvmPauseMonitor-om1: Started
2023-05-05 09:10:41,388 [Listener at 127.0.0.1/40491] INFO  http.BaseHttpServer (BaseHttpServer.java:newHttpServer2BuilderForOzone(224)) - Starting Web-server for ozoneManager at: http://0.0.0.0:0
2023-05-05 09:10:41,389 [Listener at 127.0.0.1/40491] INFO  http.BaseHttpServer (BaseHttpServer.java:<init>(111)) - Hadoop Security Enabled: false Ozone Security Enabled: false Ozone HTTP Security Enabled: false 
2023-05-05 09:10:41,390 [Listener at 127.0.0.1/40491] WARN  server.AuthenticationFilter (AuthenticationFilter.java:constructSecretProvider(240)) - Unable to initialize FileSignerSecretProvider, falling back to use random secrets. Reason: Could not read signature secret file: /home/runner/hadoop-http-auth-signature-secret
2023-05-05 09:10:41,392 [Listener at 127.0.0.1/40491] INFO  http.HttpRequestLog (HttpRequestLog.java:getRequestLog(86)) - Http request log for http.requests.ozoneManager is not defined
2023-05-05 09:10:41,395 [Listener at 127.0.0.1/40491] INFO  http.HttpServer2 (HttpServer2.java:addGlobalFilter(1031)) - Added global filter 'safety' (class=org.apache.hadoop.hdds.server.http.HttpServer2$QuotingInputFilter)
2023-05-05 09:10:41,396 [Listener at 127.0.0.1/40491] INFO  http.HttpServer2 (HttpServer2.java:addFilter(1007)) - Added filter static_user_filter (class=org.apache.hadoop.http.lib.StaticUserWebFilter$StaticUserFilter) to context ozoneManager
2023-05-05 09:10:41,396 [Listener at 127.0.0.1/40491] INFO  http.HttpServer2 (HttpServer2.java:addFilter(1015)) - Added filter static_user_filter (class=org.apache.hadoop.http.lib.StaticUserWebFilter$StaticUserFilter) to context logs
2023-05-05 09:10:41,396 [Listener at 127.0.0.1/40491] INFO  http.HttpServer2 (HttpServer2.java:addFilter(1015)) - Added filter static_user_filter (class=org.apache.hadoop.http.lib.StaticUserWebFilter$StaticUserFilter) to context static
2023-05-05 09:10:41,397 [Listener at 127.0.0.1/40491] INFO  http.BaseHttpServer (BaseHttpServer.java:<init>(190)) - HTTP server of ozoneManager uses base directory /home/runner/work/ozone/ozone/hadoop-ozone/integration-test/target/test-dir/MiniOzoneClusterImpl-8d3a45d2-812c-4831-b42d-971cc57d672f/ozone-meta/webserver
2023-05-05 09:10:41,397 [Listener at 127.0.0.1/40491] INFO  http.HttpServer2 (HttpServer2.java:bindListener(1250)) - Jetty bound to port 40007
2023-05-05 09:10:41,397 [Listener at 127.0.0.1/40491] INFO  server.Server (Server.java:doStart(375)) - jetty-9.4.51.v20230217; built: 2023-02-17T08:19:37.309Z; git: b45c405e4544384de066f814ed42ae3dceacdd49; jvm 1.8.0_362-b09
2023-05-05 09:10:41,399 [Listener at 127.0.0.1/40491] INFO  server.session (DefaultSessionIdManager.java:doStart(334)) - DefaultSessionIdManager workerName=node0
2023-05-05 09:10:41,399 [Listener at 127.0.0.1/40491] INFO  server.session (DefaultSessionIdManager.java:doStart(339)) - No SessionScavenger set, using defaults
2023-05-05 09:10:41,399 [Listener at 127.0.0.1/40491] INFO  server.session (HouseKeeper.java:startScavenging(132)) - node0 Scavenging every 600000ms
2023-05-05 09:10:41,400 [Listener at 127.0.0.1/40491] INFO  handler.ContextHandler (ContextHandler.java:doStart(921)) - Started o.e.j.s.ServletContextHandler@d7e1184{logs,/logs,file:///home/runner/work/ozone/ozone/hadoop-ozone/integration-test/target/log,AVAILABLE}
2023-05-05 09:10:41,400 [Listener at 127.0.0.1/40491] INFO  handler.ContextHandler (ContextHandler.java:doStart(921)) - Started o.e.j.s.ServletContextHandler@16d5bbe8{static,/static,file:///home/runner/work/ozone/ozone/hadoop-ozone/integration-test/target/test-classes/webapps/static,AVAILABLE}
2023-05-05 09:10:41,405 [Listener at 127.0.0.1/40491] INFO  handler.ContextHandler (ContextHandler.java:doStart(921)) - Started o.e.j.w.WebAppContext@940b007{ozoneManager,/,file:///home/runner/work/ozone/ozone/hadoop-ozone/integration-test/target/test-classes/webapps/ozoneManager/,AVAILABLE}{file:/home/runner/work/ozone/ozone/hadoop-ozone/integration-test/target/test-classes/webapps/ozoneManager}
2023-05-05 09:10:41,406 [Listener at 127.0.0.1/40491] INFO  server.AbstractConnector (AbstractConnector.java:doStart(333)) - Started ServerConnector@367af9b5{HTTP/1.1, (http/1.1)}{0.0.0.0:40007}
2023-05-05 09:10:41,406 [Listener at 127.0.0.1/40491] INFO  server.Server (Server.java:doStart(415)) - Started @32759ms
2023-05-05 09:10:41,406 [Listener at 127.0.0.1/40491] WARN  impl.MetricsSystemImpl (MetricsSystemImpl.java:register(279)) - Sink prometheus already exists!
2023-05-05 09:10:41,407 [Listener at 127.0.0.1/40491] INFO  http.BaseHttpServer (BaseHttpServer.java:updateConnectorAddress(344)) - HTTP server of ozoneManager listening at http://0.0.0.0:40007
2023-05-05 09:10:41,407 [IPC Server Responder] INFO  ipc.Server (Server.java:run(1558)) - IPC Server Responder: starting
2023-05-05 09:10:41,407 [IPC Server listener on 0] INFO  ipc.Server (Server.java:run(1398)) - IPC Server listener on 0: starting
2023-05-05 09:10:41,410 [Listener at 127.0.0.1/40491] INFO  om.OzoneManager (OzoneManager.java:startTrashEmptier(2050)) - Trash Interval set to 0. Files deleted won't move to trash
2023-05-05 09:10:41,415 [Listener at 127.0.0.1/40491] WARN  impl.MetricRegistriesImpl (MetricRegistriesImpl.java:addReporterRegistration(111)) - New reporters are added after registries were created. Some metrics will be missing from the reporter. Please add reporter before adding any new registry.
2023-05-05 09:10:41,415 [Listener at 127.0.0.1/40491] WARN  impl.MetricRegistriesImpl (MetricRegistriesImpl.java:addReporterRegistration(111)) - New reporters are added after registries were created. Some metrics will be missing from the reporter. Please add reporter before adding any new registry.
2023-05-05 09:10:41,415 [Listener at 127.0.0.1/40491] INFO  impl.MetricsSystemImpl (MetricsSystemImpl.java:init(158)) - HddsDatanode metrics system started (again)
2023-05-05 09:10:41,423 [org.apache.hadoop.util.JvmPauseMonitor$Monitor@2803e8b6] INFO  util.JvmPauseMonitor (JvmPauseMonitor.java:run(188)) - Starting JVM pause monitor
2023-05-05 09:10:41,434 [Listener at 127.0.0.1/40491] INFO  ozone.HddsDatanodeService (HddsDatanodeService.java:start(252)) - HddsDatanodeService host:fv-az152-207.qln5d00okglujjccfnhxhxodph.cx.internal.cloudapp.net ip:10.1.0.42
2023-05-05 09:10:41,453 [Listener at 127.0.0.1/40491] INFO  upgrade.AbstractLayoutVersionManager (AbstractLayoutVersionManager.java:init(83)) - Initializing Layout version manager with metadata layout = WEBUI_PORTS_IN_DATANODEDETAILS (version = 6), software layout = WEBUI_PORTS_IN_DATANODEDETAILS (version = 6)
2023-05-05 09:10:41,503 [Listener at 127.0.0.1/40491] INFO  reflections.Reflections (Reflections.java:scan(232)) - Reflections took 48 ms to scan 7 urls, producing 156 keys and 369 values 
2023-05-05 09:10:41,504 [Listener at 127.0.0.1/40491] INFO  statemachine.DatanodeStateMachine (DatanodeStateMachine.java:getEndPointTaskThreadPoolSize(267)) - Datanode State Machine Task Thread Pool size 2
2023-05-05 09:10:41,513 [Listener at 127.0.0.1/40491] INFO  volume.HddsVolume (HddsVolume.java:<init>(130)) - Creating HddsVolume: /home/runner/work/ozone/ozone/hadoop-ozone/integration-test/target/test-dir/MiniOzoneClusterImpl-8d3a45d2-812c-4831-b42d-971cc57d672f/datanode-0/data-0/containers/hdds of storage type : DISK capacity : 9223372036854775807
2023-05-05 09:10:41,513 [Listener at 127.0.0.1/40491] INFO  volume.MutableVolumeSet (MutableVolumeSet.java:initializeVolumeSet(175)) - Added Volume : /home/runner/work/ozone/ozone/hadoop-ozone/integration-test/target/test-dir/MiniOzoneClusterImpl-8d3a45d2-812c-4831-b42d-971cc57d672f/datanode-0/data-0/containers/hdds to VolumeSet
2023-05-05 09:10:41,513 [Listener at 127.0.0.1/40491] INFO  volume.ThrottledAsyncChecker (ThrottledAsyncChecker.java:schedule(141)) - Scheduling a check for /home/runner/work/ozone/ozone/hadoop-ozone/integration-test/target/test-dir/MiniOzoneClusterImpl-8d3a45d2-812c-4831-b42d-971cc57d672f/datanode-0/data-0/containers/hdds
2023-05-05 09:10:41,514 [Listener at 127.0.0.1/40491] INFO  volume.StorageVolumeChecker (StorageVolumeChecker.java:checkAllVolumes(202)) - Scheduled health check for volume /home/runner/work/ozone/ozone/hadoop-ozone/integration-test/target/test-dir/MiniOzoneClusterImpl-8d3a45d2-812c-4831-b42d-971cc57d672f/datanode-0/data-0/containers/hdds
2023-05-05 09:10:41,529 [Listener at 127.0.0.1/40491] INFO  volume.MutableVolumeSet (MutableVolumeSet.java:initializeVolumeSet(175)) - Added Volume : /home/runner/work/ozone/ozone/hadoop-ozone/integration-test/target/test-dir/MiniOzoneClusterImpl-8d3a45d2-812c-4831-b42d-971cc57d672f/datanode-0/data/ratis to VolumeSet
2023-05-05 09:10:41,529 [Listener at 127.0.0.1/40491] INFO  volume.ThrottledAsyncChecker (ThrottledAsyncChecker.java:schedule(141)) - Scheduling a check for /home/runner/work/ozone/ozone/hadoop-ozone/integration-test/target/test-dir/MiniOzoneClusterImpl-8d3a45d2-812c-4831-b42d-971cc57d672f/datanode-0/data/ratis
2023-05-05 09:10:41,530 [Listener at 127.0.0.1/40491] INFO  volume.StorageVolumeChecker (StorageVolumeChecker.java:checkAllVolumes(202)) - Scheduled health check for volume /home/runner/work/ozone/ozone/hadoop-ozone/integration-test/target/test-dir/MiniOzoneClusterImpl-8d3a45d2-812c-4831-b42d-971cc57d672f/datanode-0/data/ratis
2023-05-05 09:10:41,541 [Thread-526] INFO  ozoneimpl.ContainerReader (ContainerReader.java:readVolume(175)) - Finish verifying containers on volume /home/runner/work/ozone/ozone/hadoop-ozone/integration-test/target/test-dir/MiniOzoneClusterImpl-8d3a45d2-812c-4831-b42d-971cc57d672f/datanode-0/data-0/containers/hdds
2023-05-05 09:10:41,541 [Listener at 127.0.0.1/40491] INFO  ozoneimpl.OzoneContainer (OzoneContainer.java:buildContainerSet(303)) - Build ContainerSet costs 0s
2023-05-05 09:10:41,547 [Listener at 127.0.0.1/40491] INFO  server.RaftServer (ConfUtils.java:logGet(46)) - raft.rpc.type = GRPC (default)
2023-05-05 09:10:41,547 [Listener at 127.0.0.1/40491] INFO  grpc.GrpcConfigKeys (ConfUtils.java:logFallback(53)) - raft.grpc.admin.host = null (fallback to raft.grpc.server.host)
2023-05-05 09:10:41,547 [Listener at 127.0.0.1/40491] INFO  grpc.GrpcConfigKeys (ConfUtils.java:logGet(46)) - raft.grpc.admin.port = 0 (custom)
2023-05-05 09:10:41,547 [Listener at 127.0.0.1/40491] INFO  grpc.GrpcConfigKeys (ConfUtils.java:logFallback(53)) - raft.grpc.client.host = null (fallback to raft.grpc.server.host)
2023-05-05 09:10:41,547 [Listener at 127.0.0.1/40491] INFO  grpc.GrpcConfigKeys (ConfUtils.java:logGet(46)) - raft.grpc.client.port = 0 (custom)
2023-05-05 09:10:41,547 [Listener at 127.0.0.1/40491] INFO  grpc.GrpcConfigKeys (ConfUtils.java:logGet(46)) - raft.grpc.server.host = null (default)
2023-05-05 09:10:41,547 [Listener at 127.0.0.1/40491] INFO  grpc.GrpcConfigKeys (ConfUtils.java:logGet(46)) - raft.grpc.server.port = 0 (default)
2023-05-05 09:10:41,547 [Listener at 127.0.0.1/40491] INFO  server.GrpcService (ConfUtils.java:logGet(46)) - raft.grpc.message.size.max = 32MB (=33554432) (custom)
2023-05-05 09:10:41,547 [Listener at 127.0.0.1/40491] INFO  server.RaftServerConfigKeys (ConfUtils.java:logGet(46)) - raft.server.log.appender.buffer.byte-limit = 33554432 (custom)
2023-05-05 09:10:41,547 [Listener at 127.0.0.1/40491] INFO  server.GrpcService (ConfUtils.java:logGet(46)) - raft.grpc.flow.control.window = 5MB (=5242880) (custom)
2023-05-05 09:10:41,547 [Listener at 127.0.0.1/40491] INFO  server.RaftServerConfigKeys (ConfUtils.java:logGet(46)) - raft.server.rpc.request.timeout = 60s (custom)
2023-05-05 09:10:41,548 [Listener at 127.0.0.1/40491] INFO  grpc.GrpcConfigKeys (ConfUtils.java:logGet(46)) - raft.grpc.server.heartbeat.channel = true (default)
2023-05-05 09:10:41,548 [Listener at 127.0.0.1/40491] INFO  grpc.GrpcConfigKeys (ConfUtils.java:logGet(46)) - raft.grpc.server.async.request.thread.pool.cached = true (default)
2023-05-05 09:10:41,548 [Listener at 127.0.0.1/40491] INFO  grpc.GrpcConfigKeys (ConfUtils.java:logGet(46)) - raft.grpc.server.async.request.thread.pool.size = 32 (default)
2023-05-05 09:10:41,549 [Listener at 127.0.0.1/40491] INFO  impl.DataStreamServerImpl (ConfUtils.java:logGet(46)) - raft.datastream.type = NETTY (custom)
2023-05-05 09:10:41,549 [Listener at 127.0.0.1/40491] INFO  server.RaftServerConfigKeys (ConfUtils.java:logGet(46)) - raft.server.data-stream.async.request.thread.pool.cached = false (default)
2023-05-05 09:10:41,549 [Listener at 127.0.0.1/40491] INFO  server.RaftServerConfigKeys (ConfUtils.java:logGet(46)) - raft.server.data-stream.async.request.thread.pool.size = 20 (custom)
2023-05-05 09:10:41,549 [Listener at 127.0.0.1/40491] INFO  server.RaftServerConfigKeys (ConfUtils.java:logGet(46)) - raft.server.data-stream.async.write.thread.pool.size = 16 (default)
2023-05-05 09:10:41,550 [Listener at 127.0.0.1/40491] INFO  server.RaftServerConfigKeys (ConfUtils.java:logGet(46)) - raft.server.data-stream.client.pool.size = 10 (default)
2023-05-05 09:10:41,550 [Listener at 127.0.0.1/40491] INFO  netty.NettyConfigKeys$DataStream (ConfUtils.java:logGet(46)) - raft.netty.dataStream.server.use-epoll = false (default)
2023-05-05 09:10:41,550 [Listener at 127.0.0.1/40491] INFO  netty.NettyConfigKeys$DataStream (ConfUtils.java:logGet(46)) - raft.netty.dataStream.server.boss-group.size = 0 (default)
2023-05-05 09:10:41,550 [Listener at 127.0.0.1/40491] INFO  netty.NettyConfigKeys$DataStream (ConfUtils.java:logGet(46)) - raft.netty.dataStream.server.worker-group.size = 0 (default)
2023-05-05 09:10:41,550 [Listener at 127.0.0.1/40491] INFO  netty.NettyConfigKeys$DataStream (ConfUtils.java:logGet(46)) - raft.netty.dataStream.server.tls.conf = null (default)
2023-05-05 09:10:41,551 [Listener at 127.0.0.1/40491] INFO  netty.NettyConfigKeys$DataStream (ConfUtils.java:logGet(46)) - raft.netty.dataStream.host = null (default)
2023-05-05 09:10:41,551 [Listener at 127.0.0.1/40491] INFO  netty.NettyConfigKeys$DataStream (ConfUtils.java:logGet(46)) - raft.netty.dataStream.port = 0 (default)
2023-05-05 09:10:41,551 [Listener at 127.0.0.1/40491] INFO  server.RaftServerConfigKeys (ConfUtils.java:logGet(46)) - raft.server.threadpool.proxy.cached = true (default)
2023-05-05 09:10:41,551 [Listener at 127.0.0.1/40491] INFO  server.RaftServerConfigKeys (ConfUtils.java:logGet(46)) - raft.server.threadpool.proxy.size = 0 (default)
2023-05-05 09:10:41,552 [18bfe3e5-6fd5-4998-af4a-a17fade5ed83-NettyServerStreamRpc-bossGroup--thread1] INFO  logging.LoggingHandler (AbstractInternalLogger.java:log(148)) - [id: 0x429c8510] REGISTERED
2023-05-05 09:10:41,552 [Listener at 127.0.0.1/40491] INFO  server.RaftServerConfigKeys (ConfUtils.java:logGet(46)) - raft.server.rpc.slowness.timeout = 300s (custom)
2023-05-05 09:10:41,552 [18bfe3e5-6fd5-4998-af4a-a17fade5ed83-NettyServerStreamRpc-bossGroup--thread1] INFO  logging.LoggingHandler (AbstractInternalLogger.java:log(148)) - [id: 0x429c8510] BIND: 0.0.0.0/0.0.0.0:0
2023-05-05 09:10:41,552 [Listener at 127.0.0.1/40491] INFO  server.RaftServerConfigKeys (ConfUtils.java:logGet(46)) - raft.server.leaderelection.leader.step-down.wait-time = 10s (default)
2023-05-05 09:10:41,552 [18bfe3e5-6fd5-4998-af4a-a17fade5ed83-NettyServerStreamRpc-bossGroup--thread1] INFO  logging.LoggingHandler (AbstractInternalLogger.java:log(148)) - [id: 0x429c8510, L:/0:0:0:0:0:0:0:0:35561] ACTIVE
2023-05-05 09:10:41,552 [Listener at 127.0.0.1/40491] INFO  server.RaftServerConfigKeys (ConfUtils.java:logGet(46)) - raft.server.storage.dir = [/home/runner/work/ozone/ozone/hadoop-ozone/integration-test/target/test-dir/MiniOzoneClusterImpl-8d3a45d2-812c-4831-b42d-971cc57d672f/datanode-0/data/ratis] (custom)
2023-05-05 09:10:41,554 [Listener at 127.0.0.1/40491] INFO  server.XceiverServerGrpc (XceiverServerGrpc.java:<init>(132)) - GrpcServer channel type EpollServerSocketChannel
2023-05-05 09:10:41,556 [Listener at 127.0.0.1/40491] INFO  replication.ReplicationSupervisor (ReplicationSupervisor.java:nodeStateUpdated(290)) - Node state updated to IN_SERVICE, scaling executor pool size to 10
2023-05-05 09:10:41,563 [Listener at 127.0.0.1/40491] INFO  http.BaseHttpServer (BaseHttpServer.java:newHttpServer2BuilderForOzone(224)) - Starting Web-server for hddsDatanode at: http://0.0.0.0:0
2023-05-05 09:10:41,563 [Listener at 127.0.0.1/40491] INFO  http.BaseHttpServer (BaseHttpServer.java:<init>(111)) - Hadoop Security Enabled: false Ozone Security Enabled: false Ozone HTTP Security Enabled: false 
2023-05-05 09:10:41,564 [Listener at 127.0.0.1/40491] WARN  server.AuthenticationFilter (AuthenticationFilter.java:constructSecretProvider(240)) - Unable to initialize FileSignerSecretProvider, falling back to use random secrets. Reason: Could not read signature secret file: /home/runner/hadoop-http-auth-signature-secret
2023-05-05 09:10:41,566 [Listener at 127.0.0.1/40491] INFO  http.HttpRequestLog (HttpRequestLog.java:getRequestLog(86)) - Http request log for http.requests.hddsDatanode is not defined
2023-05-05 09:10:41,567 [Listener at 127.0.0.1/40491] INFO  http.HttpServer2 (HttpServer2.java:addGlobalFilter(1031)) - Added global filter 'safety' (class=org.apache.hadoop.hdds.server.http.HttpServer2$QuotingInputFilter)
2023-05-05 09:10:41,569 [Listener at 127.0.0.1/40491] INFO  http.HttpServer2 (HttpServer2.java:addFilter(1007)) - Added filter static_user_filter (class=org.apache.hadoop.http.lib.StaticUserWebFilter$StaticUserFilter) to context hddsDatanode
2023-05-05 09:10:41,569 [Listener at 127.0.0.1/40491] INFO  http.HttpServer2 (HttpServer2.java:addFilter(1015)) - Added filter static_user_filter (class=org.apache.hadoop.http.lib.StaticUserWebFilter$StaticUserFilter) to context logs
2023-05-05 09:10:41,569 [Listener at 127.0.0.1/40491] INFO  http.HttpServer2 (HttpServer2.java:addFilter(1015)) - Added filter static_user_filter (class=org.apache.hadoop.http.lib.StaticUserWebFilter$StaticUserFilter) to context static
2023-05-05 09:10:41,571 [Listener at 127.0.0.1/40491] INFO  http.BaseHttpServer (BaseHttpServer.java:<init>(190)) - HTTP server of hddsDatanode uses base directory /home/runner/work/ozone/ozone/hadoop-ozone/integration-test/target/test-dir/MiniOzoneClusterImpl-8d3a45d2-812c-4831-b42d-971cc57d672f/datanode-0/meta/webserver
2023-05-05 09:10:41,572 [Listener at 127.0.0.1/40491] INFO  http.HttpServer2 (HttpServer2.java:bindListener(1250)) - Jetty bound to port 34449
2023-05-05 09:10:41,572 [Listener at 127.0.0.1/40491] INFO  server.Server (Server.java:doStart(375)) - jetty-9.4.51.v20230217; built: 2023-02-17T08:19:37.309Z; git: b45c405e4544384de066f814ed42ae3dceacdd49; jvm 1.8.0_362-b09
2023-05-05 09:10:41,575 [Listener at 127.0.0.1/40491] INFO  server.session (DefaultSessionIdManager.java:doStart(334)) - DefaultSessionIdManager workerName=node0
2023-05-05 09:10:41,575 [Listener at 127.0.0.1/40491] INFO  server.session (DefaultSessionIdManager.java:doStart(339)) - No SessionScavenger set, using defaults
2023-05-05 09:10:41,576 [Listener at 127.0.0.1/40491] INFO  server.session (HouseKeeper.java:startScavenging(132)) - node0 Scavenging every 600000ms
2023-05-05 09:10:41,576 [Listener at 127.0.0.1/40491] INFO  handler.ContextHandler (ContextHandler.java:doStart(921)) - Started o.e.j.s.ServletContextHandler@6d3f796c{logs,/logs,file:///home/runner/work/ozone/ozone/hadoop-ozone/integration-test/target/log,AVAILABLE}
2023-05-05 09:10:41,577 [Listener at 127.0.0.1/40491] INFO  handler.ContextHandler (ContextHandler.java:doStart(921)) - Started o.e.j.s.ServletContextHandler@1f22e6b1{static,/static,jar:file:/home/runner/.m2/repository/org/apache/ozone/hdds-container-service/1.4.0-SNAPSHOT/hdds-container-service-1.4.0-SNAPSHOT.jar!/webapps/static,AVAILABLE}
2023-05-05 09:10:41,778 [Listener at 127.0.0.1/40491] INFO  handler.ContextHandler (ContextHandler.java:doStart(921)) - Started o.e.j.w.WebAppContext@48c4db02{hddsDatanode,/,file:///home/runner/work/ozone/ozone/hadoop-ozone/integration-test/target/test-dir/MiniOzoneClusterImpl-8d3a45d2-812c-4831-b42d-971cc57d672f/datanode-0/meta/webserver/jetty-0_0_0_0-34449-hdds-container-service-1_4_0-SNAPSHOT_jar-_-any-7635354333453634775/webapp/,AVAILABLE}{jar:file:/home/runner/.m2/repository/org/apache/ozone/hdds-container-service/1.4.0-SNAPSHOT/hdds-container-service-1.4.0-SNAPSHOT.jar!/webapps/hddsDatanode}
2023-05-05 09:10:41,781 [Listener at 127.0.0.1/40491] INFO  server.AbstractConnector (AbstractConnector.java:doStart(333)) - Started ServerConnector@12eefa3{HTTP/1.1, (http/1.1)}{0.0.0.0:34449}
2023-05-05 09:10:41,781 [Listener at 127.0.0.1/40491] INFO  server.Server (Server.java:doStart(415)) - Started @33135ms
2023-05-05 09:10:41,781 [Listener at 127.0.0.1/40491] WARN  impl.MetricsSystemImpl (MetricsSystemImpl.java:register(279)) - Sink prometheus already exists!
2023-05-05 09:10:41,782 [Listener at 127.0.0.1/40491] INFO  http.BaseHttpServer (BaseHttpServer.java:updateConnectorAddress(344)) - HTTP server of hddsDatanode listening at http://0.0.0.0:34449
2023-05-05 09:10:41,783 [Datanode State Machine Daemon Thread] INFO  statemachine.DatanodeStateMachine (DatanodeStateMachine.java:lambda$startDaemon$0(524)) - Ozone container server started.
2023-05-05 09:10:41,783 [Listener at 127.0.0.1/40491] INFO  ozone.MiniOzoneClusterImpl (MiniOzoneClusterImpl.java:lambda$waitForClusterToBeReady$0(223)) - Waiting for nodes to be ready. Got 0 of 1 DN Heartbeats.
2023-05-05 09:10:41,783 [Listener at 127.0.0.1/40491] INFO  ozone.MiniOzoneClusterImpl (MiniOzoneClusterImpl.java:lambda$waitForClusterToBeReady$0(226)) - Waiting for cluster to exit safe mode
2023-05-05 09:10:41,783 [Listener at 127.0.0.1/40491] INFO  ozone.MiniOzoneClusterImpl (MiniOzoneClusterImpl.java:lambda$waitForClusterToBeReady$0(228)) - SCM became leader
2023-05-05 09:10:41,784 [org.apache.hadoop.util.JvmPauseMonitor$Monitor@c08a6c] INFO  util.JvmPauseMonitor (JvmPauseMonitor.java:run(188)) - Starting JVM pause monitor
2023-05-05 09:10:41,791 [Datanode State Machine Task Thread - 0] INFO  datanode.InitDatanodeState (InitDatanodeState.java:persistContainerDatanodeDetails(138)) - DatanodeDetails is persisted to /home/runner/work/ozone/ozone/hadoop-ozone/integration-test/target/test-dir/MiniOzoneClusterImpl-8d3a45d2-812c-4831-b42d-971cc57d672f/datanode-0/meta/datanode.id
2023-05-05 09:10:42,458 [om1@group-C5BA1605619E-FollowerState] INFO  impl.FollowerState (FollowerState.java:run(143)) - om1@group-C5BA1605619E-FollowerState: change to CANDIDATE, lastRpcElapsedTime:1096850835ns, electionTimeout:1089ms
2023-05-05 09:10:42,458 [om1@group-C5BA1605619E-FollowerState] INFO  impl.RoleInfo (RoleInfo.java:shutdownFollowerState(110)) - om1: shutdown om1@group-C5BA1605619E-FollowerState
2023-05-05 09:10:42,458 [om1@group-C5BA1605619E-FollowerState] INFO  server.RaftServer$Division (RaftServerImpl.java:setRole(321)) - om1@group-C5BA1605619E: changes role from  FOLLOWER to CANDIDATE at term 0 for changeToCandidate
2023-05-05 09:10:42,458 [om1@group-C5BA1605619E-FollowerState] INFO  server.RaftServerConfigKeys (ConfUtils.java:logGet(46)) - raft.server.leaderelection.pre-vote = true (default)
2023-05-05 09:10:42,458 [om1@group-C5BA1605619E-FollowerState] INFO  impl.RoleInfo (RoleInfo.java:updateAndGet(139)) - om1: start om1@group-C5BA1605619E-LeaderElection8
2023-05-05 09:10:42,460 [om1@group-C5BA1605619E-LeaderElection8] INFO  impl.LeaderElection (LeaderElection.java:askForVotes(312)) - om1@group-C5BA1605619E-LeaderElection8 PRE_VOTE round 0: submit vote requests at term 0 for -1: peers:[om1|rpc:localhost:9872|priority:0|startupRole:FOLLOWER]|listeners:[], old=null
2023-05-05 09:10:42,460 [om1@group-C5BA1605619E-LeaderElection8] INFO  impl.LeaderElection (LeaderElection.java:askForVotes(314)) - om1@group-C5BA1605619E-LeaderElection8 PRE_VOTE round 0: result PASSED (term=0)
2023-05-05 09:10:42,462 [om1@group-C5BA1605619E-LeaderElection8] INFO  impl.LeaderElection (LeaderElection.java:askForVotes(312)) - om1@group-C5BA1605619E-LeaderElection8 ELECTION round 0: submit vote requests at term 1 for -1: peers:[om1|rpc:localhost:9872|priority:0|startupRole:FOLLOWER]|listeners:[], old=null
2023-05-05 09:10:42,462 [om1@group-C5BA1605619E-LeaderElection8] INFO  impl.LeaderElection (LeaderElection.java:askForVotes(314)) - om1@group-C5BA1605619E-LeaderElection8 ELECTION round 0: result PASSED (term=1)
2023-05-05 09:10:42,462 [om1@group-C5BA1605619E-LeaderElection8] INFO  impl.RoleInfo (RoleInfo.java:shutdownLeaderElection(130)) - om1: shutdown om1@group-C5BA1605619E-LeaderElection8
2023-05-05 09:10:42,462 [om1@group-C5BA1605619E-LeaderElection8] INFO  server.RaftServer$Division (RaftServerImpl.java:setRole(321)) - om1@group-C5BA1605619E: changes role from CANDIDATE to LEADER at term 1 for changeToLeader
2023-05-05 09:10:42,462 [om1@group-C5BA1605619E-LeaderElection8] INFO  server.RaftServer$Division (ServerState.java:setLeader(313)) - om1@group-C5BA1605619E: change Leader from null to om1 at term 1 for becomeLeader, leader elected after 1675ms
2023-05-05 09:10:42,463 [om1@group-C5BA1605619E-LeaderElection8] INFO  server.RaftServerConfigKeys (ConfUtils.java:logGet(46)) - raft.server.staging.catchup.gap = 1000 (default)
2023-05-05 09:10:42,463 [om1@group-C5BA1605619E-LeaderElection8] INFO  server.RaftServerConfigKeys (ConfUtils.java:logGet(46)) - raft.server.write.element-limit = 4096 (default)
2023-05-05 09:10:42,463 [om1@group-C5BA1605619E-LeaderElection8] INFO  server.RaftServerConfigKeys (ConfUtils.java:logGet(46)) - raft.server.write.byte-limit = 64MB (=67108864) (default)
2023-05-05 09:10:42,463 [om1@group-C5BA1605619E-LeaderElection8] INFO  server.RaftServerConfigKeys (ConfUtils.java:logGet(46)) - raft.server.watch.timeout = 10s (default)
2023-05-05 09:10:42,463 [om1@group-C5BA1605619E-LeaderElection8] INFO  server.RaftServerConfigKeys (ConfUtils.java:logGet(46)) - raft.server.watch.timeout.denomination = 1s (default)
2023-05-05 09:10:42,463 [om1@group-C5BA1605619E-LeaderElection8] INFO  server.RaftServerConfigKeys (ConfUtils.java:logGet(46)) - raft.server.watch.element-limit = 65536 (default)
2023-05-05 09:10:42,463 [om1@group-C5BA1605619E-LeaderElection8] INFO  server.RaftServerConfigKeys (ConfUtils.java:logGet(46)) - raft.server.write.element-limit = 4096 (default)
2023-05-05 09:10:42,463 [om1@group-C5BA1605619E-LeaderElection8] INFO  server.RaftServerConfigKeys (ConfUtils.java:logGet(46)) - raft.server.write.follower.gap.ratio.max = -1.0 (default)
2023-05-05 09:10:42,463 [om1@group-C5BA1605619E-LeaderElection8] INFO  impl.RoleInfo (RoleInfo.java:updateAndGet(139)) - om1: start om1@group-C5BA1605619E-LeaderStateImpl
2023-05-05 09:10:42,464 [om1@group-C5BA1605619E-LeaderElection8] INFO  segmented.SegmentedRaftLogWorker (SegmentedRaftLogWorker.java:startLogSegment(452)) - om1@group-C5BA1605619E-SegmentedRaftLogWorker: Starting segment from index:0
2023-05-05 09:10:42,468 [om1@group-C5BA1605619E-LeaderElection8] INFO  server.RaftServer$Division (ServerState.java:setRaftConf(430)) - om1@group-C5BA1605619E: set configuration 0: peers:[om1|rpc:localhost:9872|admin:|client:|dataStream:|priority:0|startupRole:FOLLOWER]|listeners:[], old=null
2023-05-05 09:10:42,479 [om1@group-C5BA1605619E-SegmentedRaftLogWorker] INFO  segmented.SegmentedRaftLogWorker (SegmentedRaftLogWorker.java:execute(656)) - om1@group-C5BA1605619E-SegmentedRaftLogWorker: created new log segment /home/runner/work/ozone/ozone/hadoop-ozone/integration-test/target/test-dir/MiniOzoneClusterImpl-8d3a45d2-812c-4831-b42d-971cc57d672f/ozone-meta/ratis/bf265839-605b-3f16-9796-c5ba1605619e/current/log_inprogress_0
2023-05-05 09:10:42,481 [om1@group-C5BA1605619E-StateMachineUpdater] INFO  ratis.OzoneManagerStateMachine (OzoneManagerStateMachine.java:notifyConfigurationChanged(201)) - Received Configuration change notification from Ratis. New Peer list:
[id: "om1"
address: "localhost:9872"
startupRole: FOLLOWER
]
2023-05-05 09:10:42,783 [Listener at 127.0.0.1/40491] INFO  ozone.MiniOzoneClusterImpl (MiniOzoneClusterImpl.java:lambda$waitForClusterToBeReady$0(223)) - Waiting for nodes to be ready. Got 0 of 1 DN Heartbeats.
2023-05-05 09:10:42,784 [Listener at 127.0.0.1/40491] INFO  ozone.MiniOzoneClusterImpl (MiniOzoneClusterImpl.java:lambda$waitForClusterToBeReady$0(226)) - Waiting for cluster to exit safe mode
2023-05-05 09:10:42,784 [Listener at 127.0.0.1/40491] INFO  ozone.MiniOzoneClusterImpl (MiniOzoneClusterImpl.java:lambda$waitForClusterToBeReady$0(228)) - SCM became leader
2023-05-05 09:10:43,784 [Listener at 127.0.0.1/40491] INFO  ozone.MiniOzoneClusterImpl (MiniOzoneClusterImpl.java:lambda$waitForClusterToBeReady$0(223)) - Waiting for nodes to be ready. Got 0 of 1 DN Heartbeats.
2023-05-05 09:10:43,784 [Listener at 127.0.0.1/40491] INFO  ozone.MiniOzoneClusterImpl (MiniOzoneClusterImpl.java:lambda$waitForClusterToBeReady$0(226)) - Waiting for cluster to exit safe mode
2023-05-05 09:10:43,784 [Listener at 127.0.0.1/40491] INFO  ozone.MiniOzoneClusterImpl (MiniOzoneClusterImpl.java:lambda$waitForClusterToBeReady$0(228)) - SCM became leader
2023-05-05 09:10:43,820 [EndpointStateMachine task thread for /0.0.0.0:35847 - 0 ] INFO  utils.DatanodeStoreCache (DatanodeStoreCache.java:addDB(58)) - Added db /home/runner/work/ozone/ozone/hadoop-ozone/integration-test/target/test-dir/MiniOzoneClusterImpl-8d3a45d2-812c-4831-b42d-971cc57d672f/datanode-0/data-0/containers/hdds/8d3a45d2-812c-4831-b42d-971cc57d672f/DS-5a481a5f-3290-4808-bc3d-9653a0859fb4/container.db to cache
2023-05-05 09:10:43,820 [EndpointStateMachine task thread for /0.0.0.0:35847 - 0 ] INFO  volume.HddsVolume (HddsVolume.java:createDbStore(350)) - SchemaV3 db is created and loaded at /home/runner/work/ozone/ozone/hadoop-ozone/integration-test/target/test-dir/MiniOzoneClusterImpl-8d3a45d2-812c-4831-b42d-971cc57d672f/datanode-0/data-0/containers/hdds/8d3a45d2-812c-4831-b42d-971cc57d672f/DS-5a481a5f-3290-4808-bc3d-9653a0859fb4/container.db for volume DS-5a481a5f-3290-4808-bc3d-9653a0859fb4
2023-05-05 09:10:43,821 [EndpointStateMachine task thread for /0.0.0.0:35847 - 0 ] INFO  ozoneimpl.OzoneContainer (OzoneContainer.java:start(397)) - Attempting to start container services.
2023-05-05 09:10:43,821 [EndpointStateMachine task thread for /0.0.0.0:35847 - 0 ] INFO  ozoneimpl.OzoneContainer (OzoneContainer.java:startContainerScrub(314)) - Scheduled background container scanners and the on-demand container scanner have been disabled.
2023-05-05 09:10:43,823 [EndpointStateMachine task thread for /0.0.0.0:35847 - 0 ] INFO  replication.ReplicationServer (ReplicationServer.java:start(109)) - ReplicationServer is started using port 44475
2023-05-05 09:10:43,823 [EndpointStateMachine task thread for /0.0.0.0:35847 - 0 ] INFO  ratis.XceiverServerRatis (XceiverServerRatis.java:start(517)) - Starting XceiverServerRatis 18bfe3e5-6fd5-4998-af4a-a17fade5ed83
2023-05-05 09:10:43,824 [EndpointStateMachine task thread for /0.0.0.0:35847 - 0 ] INFO  server.RaftServer (RaftServerProxy.java:startImpl(393)) - 18bfe3e5-6fd5-4998-af4a-a17fade5ed83: start RPC server
2023-05-05 09:10:43,826 [EndpointStateMachine task thread for /0.0.0.0:35847 - 0 ] INFO  server.GrpcService (GrpcService.java:startImpl(262)) - 18bfe3e5-6fd5-4998-af4a-a17fade5ed83: GrpcService started, listening on 44777
2023-05-05 09:10:43,827 [EndpointStateMachine task thread for /0.0.0.0:35847 - 0 ] INFO  ratis.XceiverServerRatis (XceiverServerRatis.java:getRealPort(543)) - XceiverServerRatis 18bfe3e5-6fd5-4998-af4a-a17fade5ed83 is started using port 44777 for RATIS
2023-05-05 09:10:43,827 [JvmPauseMonitor5] INFO  util.JvmPauseMonitor (JvmPauseMonitor.java:run(105)) - JvmPauseMonitor-18bfe3e5-6fd5-4998-af4a-a17fade5ed83: Started
2023-05-05 09:10:43,827 [EndpointStateMachine task thread for /0.0.0.0:35847 - 0 ] INFO  ratis.XceiverServerRatis (XceiverServerRatis.java:getRealPort(543)) - XceiverServerRatis 18bfe3e5-6fd5-4998-af4a-a17fade5ed83 is started using port 44777 for RATIS_ADMIN
2023-05-05 09:10:43,827 [EndpointStateMachine task thread for /0.0.0.0:35847 - 0 ] INFO  ratis.XceiverServerRatis (XceiverServerRatis.java:getRealPort(543)) - XceiverServerRatis 18bfe3e5-6fd5-4998-af4a-a17fade5ed83 is started using port 44777 for RATIS_SERVER
2023-05-05 09:10:43,827 [EndpointStateMachine task thread for /0.0.0.0:35847 - 0 ] INFO  ratis.XceiverServerRatis (XceiverServerRatis.java:getRealPort(543)) - XceiverServerRatis 18bfe3e5-6fd5-4998-af4a-a17fade5ed83 is started using port 35561 for RATIS_DATASTREAM
2023-05-05 09:10:43,828 [EndpointStateMachine task thread for /0.0.0.0:35847 - 0 ] INFO  server.XceiverServerGrpc (XceiverServerGrpc.java:start(180)) - XceiverServerGrpc 18bfe3e5-6fd5-4998-af4a-a17fade5ed83 is started using port 33111
2023-05-05 09:10:43,829 [BlockDeletingService#0] INFO  interfaces.ContainerDeletionChoosingPolicyTemplate (ContainerDeletionChoosingPolicyTemplate.java:chooseContainerForBlockDeletion(83)) - Chosen 0/5000 blocks from 0 candidate containers.
2023-05-05 09:10:44,784 [Listener at 127.0.0.1/40491] INFO  ozone.MiniOzoneClusterImpl (MiniOzoneClusterImpl.java:lambda$waitForClusterToBeReady$0(223)) - Waiting for nodes to be ready. Got 0 of 1 DN Heartbeats.
2023-05-05 09:10:44,785 [Listener at 127.0.0.1/40491] INFO  ozone.MiniOzoneClusterImpl (MiniOzoneClusterImpl.java:lambda$waitForClusterToBeReady$0(226)) - Waiting for cluster to exit safe mode
2023-05-05 09:10:44,785 [Listener at 127.0.0.1/40491] INFO  ozone.MiniOzoneClusterImpl (MiniOzoneClusterImpl.java:lambda$waitForClusterToBeReady$0(228)) - SCM became leader
2023-05-05 09:10:45,785 [Listener at 127.0.0.1/40491] INFO  ozone.MiniOzoneClusterImpl (MiniOzoneClusterImpl.java:lambda$waitForClusterToBeReady$0(223)) - Waiting for nodes to be ready. Got 0 of 1 DN Heartbeats.
2023-05-05 09:10:45,785 [Listener at 127.0.0.1/40491] INFO  ozone.MiniOzoneClusterImpl (MiniOzoneClusterImpl.java:lambda$waitForClusterToBeReady$0(226)) - Waiting for cluster to exit safe mode
2023-05-05 09:10:45,785 [Listener at 127.0.0.1/40491] INFO  ozone.MiniOzoneClusterImpl (MiniOzoneClusterImpl.java:lambda$waitForClusterToBeReady$0(228)) - SCM became leader
2023-05-05 09:10:45,787 [IPC Server handler 0 on default port 35847] INFO  net.NetworkTopologyImpl (NetworkTopologyImpl.java:add(112)) - Added a new node: /default-rack/18bfe3e5-6fd5-4998-af4a-a17fade5ed83
2023-05-05 09:10:45,787 [IPC Server handler 0 on default port 35847] INFO  node.SCMNodeManager (SCMNodeManager.java:register(407)) - Registered Data node : 18bfe3e5-6fd5-4998-af4a-a17fade5ed83{ip: 10.1.0.42, host: fv-az152-207.qln5d00okglujjccfnhxhxodph.cx.internal.cloudapp.net, ports: [HTTP=34449, REPLICATION=44475, RATIS=44777, RATIS_ADMIN=44777, RATIS_SERVER=44777, RATIS_DATASTREAM=35561, STANDALONE=33111], networkLocation: /default-rack, certSerialId: null, persistedOpState: null, persistedOpStateExpiryEpochSec: 0}
2023-05-05 09:10:45,793 [EventQueue-NodeRegistrationContainerReportForDataNodeSafeModeRule] INFO  safemode.SCMSafeModeManager (DataNodeSafeModeRule.java:process(71)) - SCM in safe mode. 1 DataNodes registered, 1 required.
2023-05-05 09:10:45,793 [EventQueue-NodeRegistrationContainerReportForDataNodeSafeModeRule] INFO  safemode.SCMSafeModeManager (SCMSafeModeManager.java:validateSafeModeExitRules(200)) - DataNodeSafeModeRule rule is successfully validated
2023-05-05 09:10:45,793 [EventQueue-NodeRegistrationContainerReportForDataNodeSafeModeRule] INFO  safemode.SCMSafeModeManager (SCMSafeModeManager.java:completePreCheck(229)) - All SCM safe mode pre check rules have passed
2023-05-05 09:10:45,793 [EventQueue-NodeRegistrationContainerReportForDataNodeSafeModeRule] INFO  ha.SCMContext (SCMContext.java:updateSafeModeStatus(228)) - Update SafeModeStatus from SafeModeStatus{safeModeStatus=true, preCheckPassed=false} to SafeModeStatus{safeModeStatus=true, preCheckPassed=true}.
2023-05-05 09:10:45,795 [EventQueue-NodeRegistrationContainerReportForDataNodeSafeModeRule] INFO  pipeline.BackgroundPipelineCreator (BackgroundPipelineCreator.java:notifyEventTriggered(276)) - trigger a one-shot run on RatisPipelineUtilsThread.
2023-05-05 09:10:45,796 [RatisPipelineUtilsThread - 0] INFO  pipeline.RatisPipelineProvider (RatisPipelineProvider.java:lambda$create$0(206)) - Sending CreatePipelineCommand for pipeline:PipelineID=fb55e1ac-e441-4a88-9548-ffb5842dca80 to datanode:18bfe3e5-6fd5-4998-af4a-a17fade5ed83
2023-05-05 09:10:45,796 [EventQueue-NewNodeForNewNodeHandler] INFO  pipeline.BackgroundPipelineCreator (BackgroundPipelineCreator.java:notifyEventTriggered(276)) - trigger a one-shot run on RatisPipelineUtilsThread.
2023-05-05 09:10:45,796 [EventQueue-PipelineReportForOneReplicaPipelineSafeModeRule] INFO  safemode.SCMSafeModeManager (SCMSafeModeManager.java:validateSafeModeExitRules(200)) - AtleastOneDatanodeReportedRule rule is successfully validated
2023-05-05 09:10:45,796 [EventQueue-NodeRegistrationContainerReportForContainerSafeModeRule] INFO  safemode.SCMSafeModeManager (SCMSafeModeManager.java:validateSafeModeExitRules(200)) - ContainerSafeModeRule rule is successfully validated
2023-05-05 09:10:45,797 [RatisPipelineUtilsThread - 0] INFO  pipeline.PipelineStateManagerImpl (PipelineStateManagerImpl.java:addPipeline(103)) - Created pipeline Pipeline[ Id: fb55e1ac-e441-4a88-9548-ffb5842dca80, Nodes: 18bfe3e5-6fd5-4998-af4a-a17fade5ed83(fv-az152-207.qln5d00okglujjccfnhxhxodph.cx.internal.cloudapp.net/10.1.0.42), ReplicationConfig: RATIS/ONE, State:ALLOCATED, leaderId:, CreationTimestamp2023-05-05T09:10:45.796Z[Etc/UTC]].
2023-05-05 09:10:45,797 [RatisPipelineUtilsThread - 0] ERROR scm.SCMCommonPlacementPolicy (SCMCommonPlacementPolicy.java:filterNodesWithSpace(285)) - Unable to find enough nodes that meet the space requirement of 1073741824 bytes for metadata and 5368709120 bytes for data in healthy node set. Required 3. Found 1.
2023-05-05 09:10:45,798 [RatisPipelineUtilsThread - 0] ERROR scm.SCMCommonPlacementPolicy (SCMCommonPlacementPolicy.java:filterNodesWithSpace(285)) - Unable to find enough nodes that meet the space requirement of 1073741824 bytes for metadata and 5368709120 bytes for data in healthy node set. Required 3. Found 1.
2023-05-05 09:10:46,786 [Listener at 127.0.0.1/40491] INFO  ozone.MiniOzoneClusterImpl (MiniOzoneClusterImpl.java:lambda$waitForClusterToBeReady$0(223)) - Nodes are ready. Got 1 of 1 DN Heartbeats.
2023-05-05 09:10:46,786 [Listener at 127.0.0.1/40491] INFO  ozone.MiniOzoneClusterImpl (MiniOzoneClusterImpl.java:lambda$waitForClusterToBeReady$0(226)) - Waiting for cluster to exit safe mode
2023-05-05 09:10:46,786 [Listener at 127.0.0.1/40491] INFO  ozone.MiniOzoneClusterImpl (MiniOzoneClusterImpl.java:lambda$waitForClusterToBeReady$0(228)) - SCM became leader
2023-05-05 09:10:47,786 [Listener at 127.0.0.1/40491] INFO  ozone.MiniOzoneClusterImpl (MiniOzoneClusterImpl.java:lambda$waitForClusterToBeReady$0(223)) - Nodes are ready. Got 1 of 1 DN Heartbeats.
2023-05-05 09:10:47,786 [Listener at 127.0.0.1/40491] INFO  ozone.MiniOzoneClusterImpl (MiniOzoneClusterImpl.java:lambda$waitForClusterToBeReady$0(226)) - Waiting for cluster to exit safe mode
2023-05-05 09:10:47,786 [Listener at 127.0.0.1/40491] INFO  ozone.MiniOzoneClusterImpl (MiniOzoneClusterImpl.java:lambda$waitForClusterToBeReady$0(228)) - SCM became leader
2023-05-05 09:10:48,786 [Command processor thread] INFO  server.RaftServer (RaftServerProxy.java:addNew(96)) - 18bfe3e5-6fd5-4998-af4a-a17fade5ed83: addNew group-FFB5842DCA80:[18bfe3e5-6fd5-4998-af4a-a17fade5ed83|rpc:10.1.0.42:44777|dataStream:10.1.0.42:35561|priority:1|startupRole:FOLLOWER] returns group-FFB5842DCA80:java.util.concurrent.CompletableFuture@6e690292[Not completed]
2023-05-05 09:10:48,787 [Listener at 127.0.0.1/40491] INFO  ozone.MiniOzoneClusterImpl (MiniOzoneClusterImpl.java:lambda$waitForClusterToBeReady$0(223)) - Nodes are ready. Got 1 of 1 DN Heartbeats.
2023-05-05 09:10:48,787 [Listener at 127.0.0.1/40491] INFO  ozone.MiniOzoneClusterImpl (MiniOzoneClusterImpl.java:lambda$waitForClusterToBeReady$0(226)) - Waiting for cluster to exit safe mode
2023-05-05 09:10:48,787 [Listener at 127.0.0.1/40491] INFO  ozone.MiniOzoneClusterImpl (MiniOzoneClusterImpl.java:lambda$waitForClusterToBeReady$0(228)) - SCM became leader
2023-05-05 09:10:48,788 [pool-239-thread-1] INFO  server.RaftServer$Division (RaftServerImpl.java:<init>(195)) - 18bfe3e5-6fd5-4998-af4a-a17fade5ed83: new RaftServerImpl for group-FFB5842DCA80:[18bfe3e5-6fd5-4998-af4a-a17fade5ed83|rpc:10.1.0.42:44777|dataStream:10.1.0.42:35561|priority:1|startupRole:FOLLOWER] with ContainerStateMachine:uninitialized
2023-05-05 09:10:48,788 [pool-239-thread-1] INFO  server.RaftServerConfigKeys (ConfUtils.java:logGet(46)) - raft.server.rpc.timeout.min = 5s (custom)
2023-05-05 09:10:48,788 [pool-239-thread-1] INFO  server.RaftServerConfigKeys (ConfUtils.java:logGet(46)) - raft.server.rpc.timeout.max = 5200ms (custom)
2023-05-05 09:10:48,788 [pool-239-thread-1] INFO  server.RaftServerConfigKeys (ConfUtils.java:logGet(46)) - raft.server.rpc.sleep.time = 25ms (default)
2023-05-05 09:10:48,788 [pool-239-thread-1] INFO  server.RaftServerConfigKeys (ConfUtils.java:logGet(46)) - raft.server.rpc.slowness.timeout = 300s (custom)
2023-05-05 09:10:48,788 [pool-239-thread-1] INFO  server.RaftServerConfigKeys (ConfUtils.java:logGet(46)) - raft.server.leaderelection.leader.step-down.wait-time = 10s (default)
2023-05-05 09:10:48,788 [pool-239-thread-1] INFO  server.RaftServerConfigKeys (ConfUtils.java:logGet(46)) - raft.server.sleep.deviation.threshold = 300ms (default)
2023-05-05 09:10:48,788 [pool-239-thread-1] INFO  server.RaftServer$Division (ServerState.java:<init>(118)) - 18bfe3e5-6fd5-4998-af4a-a17fade5ed83@group-FFB5842DCA80: ConfigurationManager, init=-1: peers:[18bfe3e5-6fd5-4998-af4a-a17fade5ed83|rpc:10.1.0.42:44777|dataStream:10.1.0.42:35561|priority:1|startupRole:FOLLOWER]|listeners:[], old=null, confs=<EMPTY_MAP>
2023-05-05 09:10:48,788 [pool-239-thread-1] INFO  server.RaftServerConfigKeys (ConfUtils.java:logGet(46)) - raft.server.storage.dir = [/home/runner/work/ozone/ozone/hadoop-ozone/integration-test/target/test-dir/MiniOzoneClusterImpl-8d3a45d2-812c-4831-b42d-971cc57d672f/datanode-0/data/ratis] (custom)
2023-05-05 09:10:48,788 [pool-239-thread-1] INFO  server.RaftServerConfigKeys (ConfUtils.java:logGet(46)) - raft.server.log.corruption.policy = EXCEPTION (default)
2023-05-05 09:10:48,789 [pool-239-thread-1] INFO  server.RaftServerConfigKeys (ConfUtils.java:logGet(46)) - raft.server.storage.free-space.min = 0MB (=0) (default)
2023-05-05 09:10:48,789 [pool-239-thread-1] INFO  server.RaftServerConfigKeys (ConfUtils.java:logGet(46)) - raft.server.notification.no-leader.timeout = 300s (custom)
2023-05-05 09:10:48,789 [pool-239-thread-1] INFO  server.RaftServerConfigKeys (ConfUtils.java:logGet(46)) - raft.server.retrycache.expirytime = 600000ms (custom)
2023-05-05 09:10:48,790 [pool-239-thread-1] INFO  server.RaftServerConfigKeys (ConfUtils.java:logGet(46)) - raft.server.retrycache.statistics.expirytime = 100μs (default)
2023-05-05 09:10:48,792 [pool-239-thread-1] INFO  server.RaftServerConfigKeys (ConfUtils.java:logGet(46)) - raft.server.log.appender.install.snapshot.enabled = false (custom)
2023-05-05 09:10:48,792 [pool-239-thread-1] INFO  server.RaftServerConfigKeys (ConfUtils.java:logGet(46)) - raft.server.threadpool.server.cached = true (default)
2023-05-05 09:10:48,792 [pool-239-thread-1] INFO  server.RaftServerConfigKeys (ConfUtils.java:logGet(46)) - raft.server.threadpool.server.size = 0 (default)
2023-05-05 09:10:48,792 [pool-239-thread-1] INFO  server.RaftServerConfigKeys (ConfUtils.java:logGet(46)) - raft.server.threadpool.client.cached = true (default)
2023-05-05 09:10:48,792 [pool-239-thread-1] INFO  server.RaftServerConfigKeys (ConfUtils.java:logGet(46)) - raft.server.threadpool.client.size = 0 (default)
2023-05-05 09:10:48,793 [pool-239-thread-1] INFO  storage.RaftStorageDirectory (RaftStorageDirectoryImpl.java:analyzeStorage(137)) - The storage directory /home/runner/work/ozone/ozone/hadoop-ozone/integration-test/target/test-dir/MiniOzoneClusterImpl-8d3a45d2-812c-4831-b42d-971cc57d672f/datanode-0/data/ratis/fb55e1ac-e441-4a88-9548-ffb5842dca80 does not exist. Creating ...
2023-05-05 09:10:48,794 [pool-239-thread-1] INFO  storage.RaftStorageDirectory (RaftStorageDirectoryImpl.java:tryLock(231)) - Lock on /home/runner/work/ozone/ozone/hadoop-ozone/integration-test/target/test-dir/MiniOzoneClusterImpl-8d3a45d2-812c-4831-b42d-971cc57d672f/datanode-0/data/ratis/fb55e1ac-e441-4a88-9548-ffb5842dca80/in_use.lock acquired by nodename 7812@fv-az152-207
2023-05-05 09:10:48,795 [pool-239-thread-1] INFO  storage.RaftStorage (RaftStorageImpl.java:format(96)) - Storage directory /home/runner/work/ozone/ozone/hadoop-ozone/integration-test/target/test-dir/MiniOzoneClusterImpl-8d3a45d2-812c-4831-b42d-971cc57d672f/datanode-0/data/ratis/fb55e1ac-e441-4a88-9548-ffb5842dca80 has been successfully formatted.
2023-05-05 09:10:48,795 [pool-239-thread-1] INFO  ratis.ContainerStateMachine (ContainerStateMachine.java:loadSnapshot(262)) - group-FFB5842DCA80: The snapshot info is null. Setting the last applied indexto:(t:0, i:~)
2023-05-05 09:10:48,795 [pool-239-thread-1] INFO  server.RaftServerConfigKeys (ConfUtils.java:logGet(46)) - raft.server.log.use.memory = false (default)
2023-05-05 09:10:48,796 [pool-239-thread-1] INFO  server.RaftServerConfigKeys (ConfUtils.java:logGet(46)) - raft.server.log.purge.gap = 1000000 (custom)
2023-05-05 09:10:48,796 [pool-239-thread-1] INFO  server.RaftServerConfigKeys (ConfUtils.java:logGet(46)) - raft.server.log.appender.buffer.byte-limit = 33554432 (custom)
2023-05-05 09:10:48,796 [pool-239-thread-1] INFO  server.RaftServerConfigKeys (ConfUtils.java:logGet(46)) - raft.server.log.statemachine.data.read.timeout = 1000ms (default)
2023-05-05 09:10:48,796 [pool-239-thread-1] INFO  server.RaftServerConfigKeys (ConfUtils.java:logGet(46)) - raft.server.log.purge.preservation.log.num = 0 (default)
2023-05-05 09:10:48,796 [pool-239-thread-1] INFO  server.RaftServerConfigKeys (ConfUtils.java:logGet(46)) - raft.server.log.segment.size.max = 1048576 (custom)
2023-05-05 09:10:48,796 [pool-239-thread-1] INFO  server.RaftServerConfigKeys (ConfUtils.java:logGet(46)) - raft.server.log.segment.cache.num.max = 2 (custom)
2023-05-05 09:10:48,796 [pool-239-thread-1] INFO  server.RaftServerConfigKeys (ConfUtils.java:logGet(46)) - raft.server.log.segment.cache.size.max = 200MB (=209715200) (default)
2023-05-05 09:10:48,796 [pool-239-thread-1] INFO  segmented.SegmentedRaftLogWorker (SegmentedRaftLogWorker.java:<init>(189)) - new 18bfe3e5-6fd5-4998-af4a-a17fade5ed83@group-FFB5842DCA80-SegmentedRaftLogWorker for RaftStorageImpl:Storage Directory /home/runner/work/ozone/ozone/hadoop-ozone/integration-test/target/test-dir/MiniOzoneClusterImpl-8d3a45d2-812c-4831-b42d-971cc57d672f/datanode-0/data/ratis/fb55e1ac-e441-4a88-9548-ffb5842dca80
2023-05-05 09:10:48,796 [pool-239-thread-1] INFO  server.RaftServerConfigKeys (ConfUtils.java:logGet(46)) - raft.server.log.queue.byte-limit = 4294967296 (custom)
2023-05-05 09:10:48,796 [pool-239-thread-1] INFO  server.RaftServerConfigKeys (ConfUtils.java:logGet(46)) - raft.server.log.queue.element-limit = 1024 (custom)
2023-05-05 09:10:48,796 [pool-239-thread-1] INFO  server.RaftServerConfigKeys (ConfUtils.java:logGet(46)) - raft.server.log.segment.size.max = 1048576 (custom)
2023-05-05 09:10:48,797 [EventQueue-PipelineReportForPipelineReportHandler] INFO  pipeline.PipelineManagerImpl (PipelineManagerImpl.java:openPipeline(367)) - Pipeline Pipeline[ Id: fb55e1ac-e441-4a88-9548-ffb5842dca80, Nodes: 18bfe3e5-6fd5-4998-af4a-a17fade5ed83(fv-az152-207.qln5d00okglujjccfnhxhxodph.cx.internal.cloudapp.net/10.1.0.42), ReplicationConfig: RATIS/ONE, State:ALLOCATED, leaderId:18bfe3e5-6fd5-4998-af4a-a17fade5ed83, CreationTimestamp2023-05-05T09:10:45.796Z[Etc/UTC]] moved to OPEN state
2023-05-05 09:10:48,802 [EventQueue-OpenPipelineForHealthyPipelineSafeModeRule] INFO  safemode.SCMSafeModeManager (SCMSafeModeManager.java:validateSafeModeExitRules(200)) - HealthyPipelineSafeModeRule rule is successfully validated
2023-05-05 09:10:48,802 [EventQueue-OpenPipelineForHealthyPipelineSafeModeRule] INFO  safemode.SCMSafeModeManager (SCMSafeModeManager.java:validateSafeModeExitRules(215)) - ScmSafeModeManager, all rules are successfully validated
2023-05-05 09:10:48,802 [EventQueue-OpenPipelineForHealthyPipelineSafeModeRule] INFO  safemode.SCMSafeModeManager (SCMSafeModeManager.java:exitSafeMode(244)) - SCM exiting safe mode.
2023-05-05 09:10:48,802 [EventQueue-OpenPipelineForHealthyPipelineSafeModeRule] INFO  ha.SCMContext (SCMContext.java:updateSafeModeStatus(228)) - Update SafeModeStatus from SafeModeStatus{safeModeStatus=true, preCheckPassed=true} to SafeModeStatus{safeModeStatus=false, preCheckPassed=true}.
2023-05-05 09:10:48,802 [EventQueue-OpenPipelineForHealthyPipelineSafeModeRule] INFO  pipeline.BackgroundPipelineCreator (BackgroundPipelineCreator.java:notifyStatusChanged(254)) - Service BackgroundPipelineCreator transitions to RUNNING.
2023-05-05 09:10:48,802 [EventQueue-OpenPipelineForHealthyPipelineSafeModeRule] INFO  BackgroundPipelineScrubber (BackgroundSCMService.java:notifyStatusChanged(82)) - Service BackgroundPipelineScrubber transitions to RUNNING.
2023-05-05 09:10:48,802 [EventQueue-OpenPipelineForHealthyPipelineSafeModeRule] INFO  ExpiredContainerReplicaOpScrubber (BackgroundSCMService.java:notifyStatusChanged(82)) - Service ExpiredContainerReplicaOpScrubber transitions to RUNNING.
2023-05-05 09:10:48,803 [EventQueue-OpenPipelineForHealthyPipelineSafeModeRule] INFO  replication.ReplicationManager (ReplicationManager.java:notifyStatusChanged(1370)) - Service ReplicationManager transitions to RUNNING.
2023-05-05 09:10:48,803 [EventQueue-OpenPipelineForHealthyPipelineSafeModeRule] WARN  balancer.ContainerBalancer (ContainerBalancer.java:shouldRun(132)) - Could not find persisted configuration for ContainerBalancer when checking if ContainerBalancer should run. ContainerBalancer should not run now.
2023-05-05 09:10:48,802 [pool-239-thread-1] INFO  server.RaftServerConfigKeys (ConfUtils.java:logGet(46)) - raft.server.log.preallocated.size = 16384 (custom)
2023-05-05 09:10:48,804 [pool-239-thread-1] INFO  server.RaftServerConfigKeys (ConfUtils.java:logGet(46)) - raft.server.log.force.sync.num = 128 (default)
2023-05-05 09:10:48,804 [pool-239-thread-1] INFO  server.RaftServerConfigKeys (ConfUtils.java:logGet(46)) - raft.server.log.statemachine.data.sync = true (default)
2023-05-05 09:10:48,804 [pool-239-thread-1] INFO  server.RaftServerConfigKeys (ConfUtils.java:logGet(46)) - raft.server.log.statemachine.data.sync.timeout = 10s (default)
2023-05-05 09:10:48,804 [pool-239-thread-1] INFO  server.RaftServerConfigKeys (ConfUtils.java:logGet(46)) - raft.server.log.statemachine.data.sync.timeout.retry = -1 (default)
2023-05-05 09:10:48,804 [pool-239-thread-1] INFO  server.RaftServerConfigKeys (ConfUtils.java:logGet(46)) - raft.server.log.write.buffer.size = 1048576 (custom)
2023-05-05 09:10:48,805 [pool-239-thread-1] INFO  server.RaftServerConfigKeys (ConfUtils.java:logGet(46)) - raft.server.log.appender.buffer.byte-limit = 33554432 (custom)
2023-05-05 09:10:48,810 [pool-239-thread-1] INFO  server.RaftServerConfigKeys (ConfUtils.java:logGet(46)) - raft.server.log.unsafe-flush.enabled = false (default)
2023-05-05 09:10:48,810 [pool-239-thread-1] INFO  server.RaftServerConfigKeys (ConfUtils.java:logGet(46)) - raft.server.log.async-flush.enabled = false (default)
2023-05-05 09:10:48,810 [pool-239-thread-1] INFO  server.RaftServerConfigKeys (ConfUtils.java:logGet(46)) - raft.server.log.statemachine.data.caching.enabled = true (custom)
2023-05-05 09:10:48,810 [pool-239-thread-1] INFO  segmented.SegmentedRaftLogWorker (SegmentedRaftLogWorker.java:lambda$new$0(135)) - 18bfe3e5-6fd5-4998-af4a-a17fade5ed83@group-FFB5842DCA80-SegmentedRaftLogWorker: flushIndex: setUnconditionally 0 -> -1
2023-05-05 09:10:48,811 [pool-239-thread-1] INFO  segmented.SegmentedRaftLogWorker (SegmentedRaftLogWorker.java:lambda$new$0(135)) - 18bfe3e5-6fd5-4998-af4a-a17fade5ed83@group-FFB5842DCA80-SegmentedRaftLogWorker: safeCacheEvictIndex: setUnconditionally 0 -> -1
2023-05-05 09:10:48,811 [pool-239-thread-1] INFO  server.RaftServer$Division (RaftServerImpl.java:start(334)) - 18bfe3e5-6fd5-4998-af4a-a17fade5ed83@group-FFB5842DCA80: start as a follower, conf=-1: peers:[18bfe3e5-6fd5-4998-af4a-a17fade5ed83|rpc:10.1.0.42:44777|dataStream:10.1.0.42:35561|priority:1|startupRole:FOLLOWER]|listeners:[], old=null
2023-05-05 09:10:48,811 [pool-239-thread-1] INFO  server.RaftServer$Division (RaftServerImpl.java:setRole(321)) - 18bfe3e5-6fd5-4998-af4a-a17fade5ed83@group-FFB5842DCA80: changes role from      null to FOLLOWER at term 0 for startAsFollower
2023-05-05 09:10:48,811 [pool-239-thread-1] INFO  impl.RoleInfo (RoleInfo.java:updateAndGet(139)) - 18bfe3e5-6fd5-4998-af4a-a17fade5ed83: start 18bfe3e5-6fd5-4998-af4a-a17fade5ed83@group-FFB5842DCA80-FollowerState
2023-05-05 09:10:48,811 [18bfe3e5-6fd5-4998-af4a-a17fade5ed83@group-FFB5842DCA80-FollowerState] INFO  server.RaftServerConfigKeys (ConfUtils.java:logFallback(53)) - raft.server.rpc.first-election.timeout.min = 5s (fallback to raft.server.rpc.timeout.min)
2023-05-05 09:10:48,811 [pool-239-thread-1] INFO  util.JmxRegister (JmxRegister.java:tryRegister(44)) - Successfully registered JMX Bean with object name Ratis:service=RaftServer,group=group-FFB5842DCA80,id=18bfe3e5-6fd5-4998-af4a-a17fade5ed83
2023-05-05 09:10:48,811 [18bfe3e5-6fd5-4998-af4a-a17fade5ed83@group-FFB5842DCA80-FollowerState] INFO  server.RaftServerConfigKeys (ConfUtils.java:logFallback(53)) - raft.server.rpc.first-election.timeout.max = 5200ms (fallback to raft.server.rpc.timeout.max)
2023-05-05 09:10:48,815 [pool-239-thread-1] INFO  server.RaftServerConfigKeys (ConfUtils.java:logGet(46)) - raft.server.snapshot.auto.trigger.enabled = true (custom)
2023-05-05 09:10:48,815 [pool-239-thread-1] INFO  server.RaftServerConfigKeys (ConfUtils.java:logGet(46)) - raft.server.snapshot.auto.trigger.threshold = 10000 (custom)
2023-05-05 09:10:48,816 [pool-239-thread-1] INFO  server.RaftServerConfigKeys (ConfUtils.java:logGet(46)) - raft.server.snapshot.retention.file.num = 5 (custom)
2023-05-05 09:10:48,816 [pool-239-thread-1] INFO  server.RaftServerConfigKeys (ConfUtils.java:logGet(46)) - raft.server.log.purge.upto.snapshot.index = false (default)
2023-05-05 09:10:48,818 [Command processor thread] INFO  ratis.XceiverServerRatis (XceiverServerRatis.java:addGroup(806)) - Created group PipelineID=fb55e1ac-e441-4a88-9548-ffb5842dca80
2023-05-05 09:10:48,818 [Command processor thread] INFO  commandhandler.CreatePipelineCommandHandler (CreatePipelineCommandHandler.java:handle(113)) - Created Pipeline RATIS ONE PipelineID=fb55e1ac-e441-4a88-9548-ffb5842dca80.
2023-05-05 09:10:49,787 [Listener at 127.0.0.1/40491] INFO  ozone.MiniOzoneClusterImpl (MiniOzoneClusterImpl.java:lambda$waitForClusterToBeReady$0(223)) - Nodes are ready. Got 1 of 1 DN Heartbeats.
2023-05-05 09:10:49,787 [Listener at 127.0.0.1/40491] INFO  ozone.MiniOzoneClusterImpl (MiniOzoneClusterImpl.java:lambda$waitForClusterToBeReady$0(226)) - Cluster exits safe mode
2023-05-05 09:10:49,787 [Listener at 127.0.0.1/40491] INFO  ozone.MiniOzoneClusterImpl (MiniOzoneClusterImpl.java:lambda$waitForClusterToBeReady$0(228)) - SCM became leader
2023-05-05 09:10:49,808 [Listener at 127.0.0.1/40491] INFO  rpc.RpcClient (RpcClient.java:createVolume(476)) - Creating Volume: volume80247, with user44396 as owner and space quota set to -1 bytes, counts quota set to -1
2023-05-05 09:10:49,818 [OM StateMachine ApplyTransaction Thread - 0] INFO  volume.OMVolumeCreateRequest (OMVolumeCreateRequest.java:validateAndUpdateCache(195)) - created volume:volume80247 for user:user44396
2023-05-05 09:10:49,823 [Listener at 127.0.0.1/40491] INFO  rpc.RpcClient (RpcClient.java:createBucket(697)) - Creating Bucket: volume80247/bucket77381, with bucket layout LEGACY, runner as owner, Versioning false, Storage Type set to DISK and Encryption set to false, Replication Type set to server-side default replication type, Namespace Quota set to -1, Space Quota set to -1 
2023-05-05 09:10:49,827 [OM StateMachine ApplyTransaction Thread - 0] INFO  bucket.OMBucketCreateRequest (OMBucketCreateRequest.java:validateAndUpdateCache(270)) - created bucket: bucket77381 of layout LEGACY in volume: volume80247
2023-05-05 09:10:49,838 [IPC Server handler 1 on default port 41981] INFO  ha.SequenceIdGenerator (SequenceIdGenerator.java:getNextId(128)) - Allocate a batch for containerId, change lastId from 0 to 1000.
2023-05-05 09:10:49,838 [IPC Server handler 1 on default port 41981] WARN  ha.SequenceIdGenerator (SequenceIdGenerator.java:allocateBatch(237)) - Failed to allocate a batch for localId, expected lastId is 0, actual lastId is 111677748019200000.
2023-05-05 09:10:49,838 [IPC Server handler 1 on default port 41981] INFO  ha.SequenceIdGenerator (SequenceIdGenerator.java:getNextId(128)) - Allocate a batch for localId, change lastId from 111677748019200000 to 111677748019201000.
2023-05-05 09:10:53,987 [18bfe3e5-6fd5-4998-af4a-a17fade5ed83@group-FFB5842DCA80-FollowerState] INFO  impl.FollowerState (FollowerState.java:run(143)) - 18bfe3e5-6fd5-4998-af4a-a17fade5ed83@group-FFB5842DCA80-FollowerState: change to CANDIDATE, lastRpcElapsedTime:5175865999ns, electionTimeout:5172ms
2023-05-05 09:10:53,987 [18bfe3e5-6fd5-4998-af4a-a17fade5ed83@group-FFB5842DCA80-FollowerState] INFO  impl.RoleInfo (RoleInfo.java:shutdownFollowerState(110)) - 18bfe3e5-6fd5-4998-af4a-a17fade5ed83: shutdown 18bfe3e5-6fd5-4998-af4a-a17fade5ed83@group-FFB5842DCA80-FollowerState
2023-05-05 09:10:53,987 [18bfe3e5-6fd5-4998-af4a-a17fade5ed83@group-FFB5842DCA80-FollowerState] INFO  server.RaftServer$Division (RaftServerImpl.java:setRole(321)) - 18bfe3e5-6fd5-4998-af4a-a17fade5ed83@group-FFB5842DCA80: changes role from  FOLLOWER to CANDIDATE at term 0 for changeToCandidate
2023-05-05 09:10:53,987 [18bfe3e5-6fd5-4998-af4a-a17fade5ed83@group-FFB5842DCA80-FollowerState] INFO  server.RaftServerConfigKeys (ConfUtils.java:logGet(46)) - raft.server.leaderelection.pre-vote = true (default)
2023-05-05 09:10:53,987 [18bfe3e5-6fd5-4998-af4a-a17fade5ed83@group-FFB5842DCA80-FollowerState] INFO  impl.RoleInfo (RoleInfo.java:updateAndGet(139)) - 18bfe3e5-6fd5-4998-af4a-a17fade5ed83: start 18bfe3e5-6fd5-4998-af4a-a17fade5ed83@group-FFB5842DCA80-LeaderElection9
2023-05-05 09:10:53,990 [18bfe3e5-6fd5-4998-af4a-a17fade5ed83@group-FFB5842DCA80-LeaderElection9] INFO  impl.LeaderElection (LeaderElection.java:askForVotes(312)) - 18bfe3e5-6fd5-4998-af4a-a17fade5ed83@group-FFB5842DCA80-LeaderElection9 PRE_VOTE round 0: submit vote requests at term 0 for -1: peers:[18bfe3e5-6fd5-4998-af4a-a17fade5ed83|rpc:10.1.0.42:44777|dataStream:10.1.0.42:35561|priority:1|startupRole:FOLLOWER]|listeners:[], old=null
2023-05-05 09:10:53,990 [18bfe3e5-6fd5-4998-af4a-a17fade5ed83@group-FFB5842DCA80-LeaderElection9] INFO  impl.LeaderElection (LeaderElection.java:askForVotes(314)) - 18bfe3e5-6fd5-4998-af4a-a17fade5ed83@group-FFB5842DCA80-LeaderElection9 PRE_VOTE round 0: result PASSED (term=0)
2023-05-05 09:10:53,991 [18bfe3e5-6fd5-4998-af4a-a17fade5ed83@group-FFB5842DCA80-LeaderElection9] INFO  impl.LeaderElection (LeaderElection.java:askForVotes(312)) - 18bfe3e5-6fd5-4998-af4a-a17fade5ed83@group-FFB5842DCA80-LeaderElection9 ELECTION round 0: submit vote requests at term 1 for -1: peers:[18bfe3e5-6fd5-4998-af4a-a17fade5ed83|rpc:10.1.0.42:44777|dataStream:10.1.0.42:35561|priority:1|startupRole:FOLLOWER]|listeners:[], old=null
2023-05-05 09:10:53,991 [18bfe3e5-6fd5-4998-af4a-a17fade5ed83@group-FFB5842DCA80-LeaderElection9] INFO  impl.LeaderElection (LeaderElection.java:askForVotes(314)) - 18bfe3e5-6fd5-4998-af4a-a17fade5ed83@group-FFB5842DCA80-LeaderElection9 ELECTION round 0: result PASSED (term=1)
2023-05-05 09:10:53,992 [18bfe3e5-6fd5-4998-af4a-a17fade5ed83@group-FFB5842DCA80-LeaderElection9] INFO  impl.RoleInfo (RoleInfo.java:shutdownLeaderElection(130)) - 18bfe3e5-6fd5-4998-af4a-a17fade5ed83: shutdown 18bfe3e5-6fd5-4998-af4a-a17fade5ed83@group-FFB5842DCA80-LeaderElection9
2023-05-05 09:10:53,992 [18bfe3e5-6fd5-4998-af4a-a17fade5ed83@group-FFB5842DCA80-LeaderElection9] INFO  server.RaftServer$Division (RaftServerImpl.java:setRole(321)) - 18bfe3e5-6fd5-4998-af4a-a17fade5ed83@group-FFB5842DCA80: changes role from CANDIDATE to LEADER at term 1 for changeToLeader
2023-05-05 09:10:53,992 [18bfe3e5-6fd5-4998-af4a-a17fade5ed83@group-FFB5842DCA80-LeaderElection9] INFO  ratis.XceiverServerRatis (XceiverServerRatis.java:handleLeaderChangedNotification(904)) - Leader change notification received for group: group-FFB5842DCA80 with new leaderId: 18bfe3e5-6fd5-4998-af4a-a17fade5ed83
2023-05-05 09:10:53,992 [18bfe3e5-6fd5-4998-af4a-a17fade5ed83@group-FFB5842DCA80-LeaderElection9] INFO  server.RaftServer$Division (ServerState.java:setLeader(313)) - 18bfe3e5-6fd5-4998-af4a-a17fade5ed83@group-FFB5842DCA80: change Leader from null to 18bfe3e5-6fd5-4998-af4a-a17fade5ed83 at term 1 for becomeLeader, leader elected after 5203ms
2023-05-05 09:10:53,992 [18bfe3e5-6fd5-4998-af4a-a17fade5ed83@group-FFB5842DCA80-LeaderElection9] INFO  server.RaftServerConfigKeys (ConfUtils.java:logGet(46)) - raft.server.staging.catchup.gap = 1000 (default)
2023-05-05 09:10:53,992 [18bfe3e5-6fd5-4998-af4a-a17fade5ed83@group-FFB5842DCA80-LeaderElection9] INFO  server.RaftServerConfigKeys (ConfUtils.java:logGet(46)) - raft.server.write.element-limit = 1024 (custom)
2023-05-05 09:10:53,992 [18bfe3e5-6fd5-4998-af4a-a17fade5ed83@group-FFB5842DCA80-LeaderElection9] INFO  server.RaftServerConfigKeys (ConfUtils.java:logGet(46)) - raft.server.write.byte-limit = 1024 M (=1073741824) (custom)
2023-05-05 09:10:53,993 [18bfe3e5-6fd5-4998-af4a-a17fade5ed83@group-FFB5842DCA80-LeaderElection9] INFO  server.RaftServerConfigKeys (ConfUtils.java:logGet(46)) - raft.server.watch.timeout = 180s (custom)
2023-05-05 09:10:53,993 [18bfe3e5-6fd5-4998-af4a-a17fade5ed83@group-FFB5842DCA80-LeaderElection9] INFO  server.RaftServerConfigKeys (ConfUtils.java:logGet(46)) - raft.server.watch.timeout.denomination = 1s (default)
2023-05-05 09:10:53,993 [18bfe3e5-6fd5-4998-af4a-a17fade5ed83@group-FFB5842DCA80-LeaderElection9] INFO  server.RaftServerConfigKeys (ConfUtils.java:logGet(46)) - raft.server.watch.element-limit = 65536 (default)
2023-05-05 09:10:53,993 [18bfe3e5-6fd5-4998-af4a-a17fade5ed83@group-FFB5842DCA80-LeaderElection9] INFO  server.RaftServerConfigKeys (ConfUtils.java:logGet(46)) - raft.server.write.element-limit = 1024 (custom)
2023-05-05 09:10:53,994 [18bfe3e5-6fd5-4998-af4a-a17fade5ed83@group-FFB5842DCA80-LeaderElection9] INFO  server.RaftServerConfigKeys (ConfUtils.java:logGet(46)) - raft.server.write.follower.gap.ratio.max = -1.0 (default)
2023-05-05 09:10:53,994 [18bfe3e5-6fd5-4998-af4a-a17fade5ed83@group-FFB5842DCA80-LeaderElection9] INFO  impl.RoleInfo (RoleInfo.java:updateAndGet(139)) - 18bfe3e5-6fd5-4998-af4a-a17fade5ed83: start 18bfe3e5-6fd5-4998-af4a-a17fade5ed83@group-FFB5842DCA80-LeaderStateImpl
2023-05-05 09:10:53,994 [18bfe3e5-6fd5-4998-af4a-a17fade5ed83@group-FFB5842DCA80-LeaderElection9] INFO  segmented.SegmentedRaftLogWorker (SegmentedRaftLogWorker.java:startLogSegment(452)) - 18bfe3e5-6fd5-4998-af4a-a17fade5ed83@group-FFB5842DCA80-SegmentedRaftLogWorker: Starting segment from index:0
2023-05-05 09:10:53,995 [18bfe3e5-6fd5-4998-af4a-a17fade5ed83@group-FFB5842DCA80-SegmentedRaftLogWorker] INFO  segmented.SegmentedRaftLogWorker (SegmentedRaftLogWorker.java:execute(656)) - 18bfe3e5-6fd5-4998-af4a-a17fade5ed83@group-FFB5842DCA80-SegmentedRaftLogWorker: created new log segment /home/runner/work/ozone/ozone/hadoop-ozone/integration-test/target/test-dir/MiniOzoneClusterImpl-8d3a45d2-812c-4831-b42d-971cc57d672f/datanode-0/data/ratis/fb55e1ac-e441-4a88-9548-ffb5842dca80/current/log_inprogress_0
2023-05-05 09:10:53,997 [18bfe3e5-6fd5-4998-af4a-a17fade5ed83@group-FFB5842DCA80-LeaderElection9] INFO  server.RaftServer$Division (ServerState.java:setRaftConf(430)) - 18bfe3e5-6fd5-4998-af4a-a17fade5ed83@group-FFB5842DCA80: set configuration 0: peers:[18bfe3e5-6fd5-4998-af4a-a17fade5ed83|rpc:10.1.0.42:44777|dataStream:10.1.0.42:35561|priority:1|startupRole:FOLLOWER]|listeners:[], old=null
2023-05-05 09:11:09,295 [Listener at 127.0.0.1/40491] INFO  ha.SequenceIdGenerator (SequenceIdGenerator.java:getNextId(128)) - Allocate a batch for delTxnId, change lastId from 0 to 1000.
2023-05-05 09:11:09,322 [SCMBlockDeletingService#0] INFO  block.SCMBlockDeletingService (SCMBlockDeletingService.java:call(198)) - Totally added 2 blocks to be deleted for 1 datanodes, task elapsed time: 0ms
2023-05-05 09:11:09,797 [Listener at 127.0.0.1/40491] INFO  ozone.MiniOzoneClusterImpl (MiniOzoneClusterImpl.java:shutdown(456)) - Shutting down the Mini Ozone Cluster
2023-05-05 09:11:09,797 [Listener at 127.0.0.1/40491] INFO  ozone.MiniOzoneClusterImpl (MiniOzoneClusterImpl.java:stop(474)) - Stopping the Mini Ozone Cluster
2023-05-05 09:11:09,797 [Listener at 127.0.0.1/40491] INFO  ozone.MiniOzoneClusterImpl (MiniOzoneClusterImpl.java:stopOM(560)) - Stopping the OzoneManager
2023-05-05 09:11:09,797 [Listener at 127.0.0.1/40491] INFO  om.OzoneManager (OzoneManager.java:stop(2165)) - om1[localhost:0]: Stopping Ozone Manager
2023-05-05 09:11:09,797 [Listener at 127.0.0.1/40491] INFO  ipc.Server (Server.java:stop(3501)) - Stopping server on 40491
2023-05-05 09:11:09,798 [IPC Server listener on 0] INFO  ipc.Server (Server.java:run(1430)) - Stopping IPC Server listener on 0
2023-05-05 09:11:09,803 [IPC Server Responder] INFO  ipc.Server (Server.java:run(1563)) - Stopping IPC Server Responder
2023-05-05 09:11:09,804 [Listener at 127.0.0.1/40491] INFO  server.RaftServer (RaftServerProxy.java:lambda$close$6(409)) - om1: close
2023-05-05 09:11:09,804 [Listener at 127.0.0.1/40491] INFO  server.GrpcService (GrpcService.java:closeImpl(271)) - om1: shutdown server GrpcServerProtocolService now
2023-05-05 09:11:09,804 [om1-impl-thread1] INFO  server.RaftServer$Division (RaftServerImpl.java:lambda$close$4(458)) - om1@group-C5BA1605619E: shutdown
2023-05-05 09:11:09,804 [om1-impl-thread1] INFO  util.JmxRegister (JmxRegister.java:unregister(73)) - Successfully un-registered JMX Bean with object name Ratis:service=RaftServer,group=group-C5BA1605619E,id=om1
2023-05-05 09:11:09,804 [om1-impl-thread1] INFO  impl.RoleInfo (RoleInfo.java:shutdownLeaderState(93)) - om1: shutdown om1@group-C5BA1605619E-LeaderStateImpl
2023-05-05 09:11:09,804 [om1-impl-thread1] INFO  impl.PendingRequests (PendingRequests.java:sendNotLeaderResponses(282)) - om1@group-C5BA1605619E-PendingRequests: sendNotLeaderResponses
2023-05-05 09:11:09,805 [Listener at 127.0.0.1/40491] INFO  server.GrpcService (GrpcService.java:closeImpl(280)) - om1: shutdown server GrpcServerProtocolService successfully
2023-05-05 09:11:09,811 [om1-impl-thread1] INFO  impl.StateMachineUpdater (StateMachineUpdater.java:stopAndJoin(153)) - om1@group-C5BA1605619E-StateMachineUpdater: set stopIndex = 64
2023-05-05 09:11:09,811 [om1@group-C5BA1605619E-StateMachineUpdater] INFO  ratis.OzoneManagerStateMachine (OzoneManagerStateMachine.java:takeSnapshot(479)) - Current Snapshot Index (t:1, i:64)
2023-05-05 09:11:09,822 [SCMBlockDeletingService#0] INFO  block.SCMBlockDeletingService (SCMBlockDeletingService.java:call(198)) - Totally added 2 blocks to be deleted for 1 datanodes, task elapsed time: 0ms
2023-05-05 09:11:09,827 [om1@group-C5BA1605619E-StateMachineUpdater] INFO  impl.StateMachineUpdater (StateMachineUpdater.java:takeSnapshot(287)) - om1@group-C5BA1605619E-StateMachineUpdater: Took a snapshot at index 64
2023-05-05 09:11:09,827 [om1@group-C5BA1605619E-StateMachineUpdater] INFO  impl.StateMachineUpdater (StateMachineUpdater.java:lambda$new$0(92)) - om1@group-C5BA1605619E-StateMachineUpdater: snapshotIndex: updateIncreasingly -1 -> 64
2023-05-05 09:11:09,827 [om1@group-C5BA1605619E-StateMachineUpdater] INFO  ratis.OzoneManagerStateMachine (OzoneManagerStateMachine.java:close(533)) - StateMachine has shutdown. Shutdown OzoneManager if not already shutdown.
2023-05-05 09:11:09,827 [om1@group-C5BA1605619E-StateMachineUpdater] INFO  ratis.OzoneManagerDoubleBuffer (OzoneManagerDoubleBuffer.java:stopDaemon(540)) - Stopping OMDoubleBuffer flush thread
2023-05-05 09:11:09,827 [OMDoubleBufferFlushThread] INFO  ratis.OzoneManagerDoubleBuffer (OzoneManagerDoubleBuffer.java:canFlush(625)) - OMDoubleBuffer flush thread OMDoubleBufferFlushThread is interrupted and will exit.
2023-05-05 09:11:09,828 [om1-impl-thread1] INFO  server.RaftServer$Division (ServerState.java:close(466)) - om1@group-C5BA1605619E: closes. applyIndex: 64
2023-05-05 09:11:09,828 [om1@group-C5BA1605619E-SegmentedRaftLogWorker] INFO  segmented.SegmentedRaftLogWorker (SegmentedRaftLogWorker.java:run(347)) - om1@group-C5BA1605619E-SegmentedRaftLogWorker was interrupted, exiting. There are 0 tasks remaining in the queue.
2023-05-05 09:11:09,830 [om1-impl-thread1] INFO  segmented.SegmentedRaftLogWorker (SegmentedRaftLogWorker.java:close(257)) - om1@group-C5BA1605619E-SegmentedRaftLogWorker close()
2023-05-05 09:11:09,830 [JvmPauseMonitor4] INFO  util.JvmPauseMonitor (JvmPauseMonitor.java:run(111)) - JvmPauseMonitor-om1: Stopped
2023-05-05 09:11:09,830 [Listener at 127.0.0.1/40491] INFO  ratis.OzoneManagerStateMachine (OzoneManagerStateMachine.java:close(533)) - StateMachine has shutdown. Shutdown OzoneManager if not already shutdown.
2023-05-05 09:11:09,830 [Listener at 127.0.0.1/40491] INFO  ratis.OzoneManagerDoubleBuffer (OzoneManagerDoubleBuffer.java:stopDaemon(549)) - OMDoubleBuffer flush thread is not running.
2023-05-05 09:11:09,831 [Listener at 127.0.0.1/40491] INFO  utils.BackgroundService (BackgroundService.java:shutdown(141)) - Shutting down service KeyDeletingService
2023-05-05 09:11:09,831 [Listener at 127.0.0.1/40491] INFO  utils.BackgroundService (BackgroundService.java:shutdown(141)) - Shutting down service KeyDeletingService
2023-05-05 09:11:09,831 [Listener at 127.0.0.1/40491] INFO  utils.BackgroundService (BackgroundService.java:shutdown(141)) - Shutting down service OpenKeyCleanupService
2023-05-05 09:11:09,832 [Listener at 127.0.0.1/40491] INFO  utils.BackgroundService (BackgroundService.java:shutdown(141)) - Shutting down service SstFilteringService
2023-05-05 09:11:09,832 [Listener at 127.0.0.1/40491] INFO  utils.BackgroundService (BackgroundService.java:shutdown(141)) - Shutting down service SnapshotDeletingService
2023-05-05 09:11:09,833 [Listener at 127.0.0.1/40491] INFO  handler.ContextHandler (ContextHandler.java:doStop(1159)) - Stopped o.e.j.w.WebAppContext@940b007{ozoneManager,/,null,STOPPED}{file:/home/runner/work/ozone/ozone/hadoop-ozone/integration-test/target/test-classes/webapps/ozoneManager}
2023-05-05 09:11:09,835 [Listener at 127.0.0.1/40491] INFO  server.AbstractConnector (AbstractConnector.java:doStop(383)) - Stopped ServerConnector@367af9b5{HTTP/1.1, (http/1.1)}{0.0.0.0:0}
2023-05-05 09:11:09,835 [Listener at 127.0.0.1/40491] INFO  server.session (HouseKeeper.java:stopScavenging(149)) - node0 Stopped scavenging
2023-05-05 09:11:09,836 [Listener at 127.0.0.1/40491] INFO  handler.ContextHandler (ContextHandler.java:doStop(1159)) - Stopped o.e.j.s.ServletContextHandler@16d5bbe8{static,/static,file:///home/runner/work/ozone/ozone/hadoop-ozone/integration-test/target/test-classes/webapps/static,STOPPED}
2023-05-05 09:11:09,836 [Listener at 127.0.0.1/40491] INFO  handler.ContextHandler (ContextHandler.java:doStop(1159)) - Stopped o.e.j.s.ServletContextHandler@d7e1184{logs,/logs,file:///home/runner/work/ozone/ozone/hadoop-ozone/integration-test/target/log,STOPPED}
2023-05-05 09:11:09,842 [Listener at 127.0.0.1/40491] INFO  utils.BackgroundService (BackgroundService.java:shutdown(141)) - Shutting down service SnapshotDiffCleanupService
2023-05-05 09:11:09,843 [Listener at 127.0.0.1/40491] INFO  ozone.MiniOzoneClusterImpl (MiniOzoneClusterImpl.java:stopDatanodes(537)) - Stopping the HddsDatanodes
2023-05-05 09:11:09,845 [Listener at 127.0.0.1/40491] INFO  ozoneimpl.OzoneContainer (OzoneContainer.java:stop(419)) - Attempting to stop container services.
2023-05-05 09:11:09,845 [Listener at 127.0.0.1/40491] INFO  server.RaftServer (RaftServerProxy.java:lambda$close$6(409)) - 18bfe3e5-6fd5-4998-af4a-a17fade5ed83: close
2023-05-05 09:11:09,846 [18bfe3e5-6fd5-4998-af4a-a17fade5ed83-impl-thread1] INFO  server.RaftServer$Division (RaftServerImpl.java:lambda$close$4(458)) - 18bfe3e5-6fd5-4998-af4a-a17fade5ed83@group-FFB5842DCA80: shutdown
2023-05-05 09:11:09,846 [18bfe3e5-6fd5-4998-af4a-a17fade5ed83-impl-thread1] INFO  util.JmxRegister (JmxRegister.java:unregister(73)) - Successfully un-registered JMX Bean with object name Ratis:service=RaftServer,group=group-FFB5842DCA80,id=18bfe3e5-6fd5-4998-af4a-a17fade5ed83
2023-05-05 09:11:09,846 [18bfe3e5-6fd5-4998-af4a-a17fade5ed83-impl-thread1] INFO  impl.RoleInfo (RoleInfo.java:shutdownLeaderState(93)) - 18bfe3e5-6fd5-4998-af4a-a17fade5ed83: shutdown 18bfe3e5-6fd5-4998-af4a-a17fade5ed83@group-FFB5842DCA80-LeaderStateImpl
2023-05-05 09:11:09,846 [18bfe3e5-6fd5-4998-af4a-a17fade5ed83-impl-thread1] INFO  impl.PendingRequests (PendingRequests.java:sendNotLeaderResponses(282)) - 18bfe3e5-6fd5-4998-af4a-a17fade5ed83@group-FFB5842DCA80-PendingRequests: sendNotLeaderResponses
2023-05-05 09:11:09,846 [18bfe3e5-6fd5-4998-af4a-a17fade5ed83-impl-thread1] INFO  impl.StateMachineUpdater (StateMachineUpdater.java:stopAndJoin(153)) - 18bfe3e5-6fd5-4998-af4a-a17fade5ed83@group-FFB5842DCA80-StateMachineUpdater: set stopIndex = 50
2023-05-05 09:11:09,847 [Listener at 127.0.0.1/40491] INFO  server.GrpcService (GrpcService.java:closeImpl(271)) - 18bfe3e5-6fd5-4998-af4a-a17fade5ed83: shutdown server GrpcServerProtocolService now
2023-05-05 09:11:09,847 [18bfe3e5-6fd5-4998-af4a-a17fade5ed83@group-FFB5842DCA80-StateMachineUpdater] INFO  ratis.ContainerStateMachine (ContainerStateMachine.java:takeSnapshot(330)) - group-FFB5842DCA80: Taking a snapshot at:(t:1, i:50) file /home/runner/work/ozone/ozone/hadoop-ozone/integration-test/target/test-dir/MiniOzoneClusterImpl-8d3a45d2-812c-4831-b42d-971cc57d672f/datanode-0/data/ratis/fb55e1ac-e441-4a88-9548-ffb5842dca80/sm/snapshot.1_50
2023-05-05 09:11:09,849 [18bfe3e5-6fd5-4998-af4a-a17fade5ed83@group-FFB5842DCA80-StateMachineUpdater] INFO  ratis.ContainerStateMachine (ContainerStateMachine.java:takeSnapshot(341)) - group-FFB5842DCA80: Finished taking a snapshot at:(t:1, i:50) file:/home/runner/work/ozone/ozone/hadoop-ozone/integration-test/target/test-dir/MiniOzoneClusterImpl-8d3a45d2-812c-4831-b42d-971cc57d672f/datanode-0/data/ratis/fb55e1ac-e441-4a88-9548-ffb5842dca80/sm/snapshot.1_50 took: 1 ms
2023-05-05 09:11:09,849 [18bfe3e5-6fd5-4998-af4a-a17fade5ed83@group-FFB5842DCA80-StateMachineUpdater] INFO  impl.StateMachineUpdater (StateMachineUpdater.java:takeSnapshot(287)) - 18bfe3e5-6fd5-4998-af4a-a17fade5ed83@group-FFB5842DCA80-StateMachineUpdater: Took a snapshot at index 50
2023-05-05 09:11:09,849 [18bfe3e5-6fd5-4998-af4a-a17fade5ed83@group-FFB5842DCA80-StateMachineUpdater] INFO  impl.StateMachineUpdater (StateMachineUpdater.java:lambda$new$0(92)) - 18bfe3e5-6fd5-4998-af4a-a17fade5ed83@group-FFB5842DCA80-StateMachineUpdater: snapshotIndex: updateIncreasingly -1 -> 50
2023-05-05 09:11:09,850 [18bfe3e5-6fd5-4998-af4a-a17fade5ed83-impl-thread1] INFO  server.RaftServer$Division (ServerState.java:close(466)) - 18bfe3e5-6fd5-4998-af4a-a17fade5ed83@group-FFB5842DCA80: closes. applyIndex: 50
2023-05-05 09:11:09,850 [18bfe3e5-6fd5-4998-af4a-a17fade5ed83@group-FFB5842DCA80-SegmentedRaftLogWorker] INFO  segmented.SegmentedRaftLogWorker (SegmentedRaftLogWorker.java:run(347)) - 18bfe3e5-6fd5-4998-af4a-a17fade5ed83@group-FFB5842DCA80-SegmentedRaftLogWorker was interrupted, exiting. There are 0 tasks remaining in the queue.
2023-05-05 09:11:09,851 [Listener at 127.0.0.1/40491] INFO  server.GrpcService (GrpcService.java:closeImpl(280)) - 18bfe3e5-6fd5-4998-af4a-a17fade5ed83: shutdown server GrpcServerProtocolService successfully
2023-05-05 09:11:09,852 [18bfe3e5-6fd5-4998-af4a-a17fade5ed83-impl-thread1] INFO  segmented.SegmentedRaftLogWorker (SegmentedRaftLogWorker.java:close(257)) - 18bfe3e5-6fd5-4998-af4a-a17fade5ed83@group-FFB5842DCA80-SegmentedRaftLogWorker close()
2023-05-05 09:11:09,852 [18bfe3e5-6fd5-4998-af4a-a17fade5ed83-NettyServerStreamRpc-bossGroup--thread1] INFO  logging.LoggingHandler (AbstractInternalLogger.java:log(148)) - [id: 0x429c8510, L:/0:0:0:0:0:0:0:0:35561] CLOSE
2023-05-05 09:11:09,852 [18bfe3e5-6fd5-4998-af4a-a17fade5ed83-NettyServerStreamRpc-bossGroup--thread1] INFO  logging.LoggingHandler (AbstractInternalLogger.java:log(148)) - [id: 0x429c8510, L:/0:0:0:0:0:0:0:0:35561] INACTIVE
2023-05-05 09:11:09,852 [18bfe3e5-6fd5-4998-af4a-a17fade5ed83-NettyServerStreamRpc-bossGroup--thread1] INFO  logging.LoggingHandler (AbstractInternalLogger.java:log(148)) - [id: 0x429c8510, L:/0:0:0:0:0:0:0:0:35561] UNREGISTERED
2023-05-05 09:11:09,861 [JvmPauseMonitor5] INFO  util.JvmPauseMonitor (JvmPauseMonitor.java:run(111)) - JvmPauseMonitor-18bfe3e5-6fd5-4998-af4a-a17fade5ed83: Stopped
2023-05-05 09:11:11,871 [Listener at 127.0.0.1/40491] INFO  volume.HddsVolume (HddsVolume.java:closeDbStore(437)) - SchemaV3 db is stopped at /home/runner/work/ozone/ozone/hadoop-ozone/integration-test/target/test-dir/MiniOzoneClusterImpl-8d3a45d2-812c-4831-b42d-971cc57d672f/datanode-0/data-0/containers/hdds/8d3a45d2-812c-4831-b42d-971cc57d672f/DS-5a481a5f-3290-4808-bc3d-9653a0859fb4/container.db for volume DS-5a481a5f-3290-4808-bc3d-9653a0859fb4
2023-05-05 09:11:11,871 [Listener at 127.0.0.1/40491] INFO  utils.BackgroundService (BackgroundService.java:shutdown(141)) - Shutting down service BlockDeletingService
2023-05-05 09:11:11,872 [Listener at 127.0.0.1/40491] INFO  utils.BackgroundService (BackgroundService.java:shutdown(141)) - Shutting down service StaleRecoveringContainerScrubbingService
2023-05-05 09:11:11,874 [Listener at 127.0.0.1/40491] INFO  statemachine.DatanodeStateMachine (DatanodeStateMachine.java:stopDaemon(608)) - Ozone container server stopped.
2023-05-05 09:11:11,883 [Listener at 127.0.0.1/40491] INFO  handler.ContextHandler (ContextHandler.java:doStop(1159)) - Stopped o.e.j.w.WebAppContext@48c4db02{hddsDatanode,/,null,STOPPED}{jar:file:/home/runner/.m2/repository/org/apache/ozone/hdds-container-service/1.4.0-SNAPSHOT/hdds-container-service-1.4.0-SNAPSHOT.jar!/webapps/hddsDatanode}
2023-05-05 09:11:11,884 [Listener at 127.0.0.1/40491] INFO  server.AbstractConnector (AbstractConnector.java:doStop(383)) - Stopped ServerConnector@12eefa3{HTTP/1.1, (http/1.1)}{0.0.0.0:0}
2023-05-05 09:11:11,884 [Listener at 127.0.0.1/40491] INFO  server.session (HouseKeeper.java:stopScavenging(149)) - node0 Stopped scavenging
2023-05-05 09:11:11,884 [Listener at 127.0.0.1/40491] INFO  handler.ContextHandler (ContextHandler.java:doStop(1159)) - Stopped o.e.j.s.ServletContextHandler@1f22e6b1{static,/static,jar:file:/home/runner/.m2/repository/org/apache/ozone/hdds-container-service/1.4.0-SNAPSHOT/hdds-container-service-1.4.0-SNAPSHOT.jar!/webapps/static,STOPPED}
2023-05-05 09:11:11,884 [Listener at 127.0.0.1/40491] INFO  handler.ContextHandler (ContextHandler.java:doStop(1159)) - Stopped o.e.j.s.ServletContextHandler@6d3f796c{logs,/logs,file:///home/runner/work/ozone/ozone/hadoop-ozone/integration-test/target/log,STOPPED}
2023-05-05 09:11:11,886 [Listener at 127.0.0.1/40491] INFO  ozone.MiniOzoneClusterImpl (MiniOzoneClusterImpl.java:stopSCM(552)) - Stopping the StorageContainerManager
2023-05-05 09:11:11,886 [Listener at 127.0.0.1/40491] INFO  server.StorageContainerManager (StorageContainerManager.java:stop(1578)) - Container Balancer is not running.
2023-05-05 09:11:11,886 [Listener at 127.0.0.1/40491] INFO  server.StorageContainerManager (StorageContainerManager.java:stopReplicationManager(1709)) - Stopping Replication Manager Service.
2023-05-05 09:11:11,886 [Listener at 127.0.0.1/40491] INFO  replication.ReplicationManager (ReplicationManager.java:stop(326)) - Stopping Replication Monitor Thread.
2023-05-05 09:11:11,886 [Under Replicated Processor] WARN  replication.UnhealthyReplicationProcessor (UnhealthyReplicationProcessor.java:run(167)) - Under Replicated Processor interrupted. Exiting...
2023-05-05 09:11:11,886 [Listener at 127.0.0.1/40491] INFO  server.StorageContainerManager (StorageContainerManager.java:stop(1587)) - Stopping the Datanode Admin Monitor.
2023-05-05 09:11:11,887 [ReplicationMonitor] INFO  replication.ReplicationManager (ReplicationManager.java:run(937)) - Replication Monitor Thread is stopped
2023-05-05 09:11:11,887 [Listener at 127.0.0.1/40491] INFO  server.StorageContainerManager (StorageContainerManager.java:stop(1594)) - Stopping datanode service RPC server
2023-05-05 09:11:11,887 [Listener at 127.0.0.1/40491] INFO  server.SCMDatanodeProtocolServer (SCMDatanodeProtocolServer.java:stop(424)) - Stopping the RPC server for DataNodes
2023-05-05 09:11:11,887 [Listener at 127.0.0.1/40491] INFO  ipc.Server (Server.java:stop(3501)) - Stopping server on 35847
2023-05-05 09:11:11,886 [Over Replicated Processor] WARN  replication.UnhealthyReplicationProcessor (UnhealthyReplicationProcessor.java:run(167)) - Over Replicated Processor interrupted. Exiting...
2023-05-05 09:11:11,889 [IPC Server listener on 0] INFO  ipc.Server (Server.java:run(1430)) - Stopping IPC Server listener on 0
2023-05-05 09:11:11,895 [IPC Server Responder] INFO  ipc.Server (Server.java:run(1563)) - Stopping IPC Server Responder
2023-05-05 09:11:13,401 [SCM Heartbeat Processing Thread - 0] WARN  node.NodeStateManager (NodeStateManager.java:scheduleNextHealthCheck(870)) - Current Thread is interrupted, shutting down HB processing thread for Node Manager.
2023-05-05 09:11:13,401 [Listener at 127.0.0.1/40491] INFO  server.StorageContainerManager (StorageContainerManager.java:stop(1602)) - Stopping block service RPC server
2023-05-05 09:11:13,401 [Listener at 127.0.0.1/40491] INFO  server.SCMBlockProtocolServer (SCMBlockProtocolServer.java:stop(161)) - Stopping the RPC server for Block Protocol
2023-05-05 09:11:13,401 [Listener at 127.0.0.1/40491] INFO  ipc.Server (Server.java:stop(3501)) - Stopping server on 41981
2023-05-05 09:11:13,404 [IPC Server listener on 0] INFO  ipc.Server (Server.java:run(1430)) - Stopping IPC Server listener on 0
2023-05-05 09:11:13,404 [IPC Server Responder] INFO  ipc.Server (Server.java:run(1563)) - Stopping IPC Server Responder
2023-05-05 09:11:13,404 [Listener at 127.0.0.1/40491] INFO  server.StorageContainerManager (StorageContainerManager.java:stop(1609)) - Stopping the StorageContainerLocationProtocol RPC server
2023-05-05 09:11:13,405 [Listener at 127.0.0.1/40491] INFO  server.SCMClientProtocolServer (SCMClientProtocolServer.java:stop(208)) - Stopping the RPC server for Client Protocol
2023-05-05 09:11:13,405 [Listener at 127.0.0.1/40491] INFO  ipc.Server (Server.java:stop(3501)) - Stopping server on 33559
2023-05-05 09:11:13,407 [IPC Server Responder] INFO  ipc.Server (Server.java:run(1563)) - Stopping IPC Server Responder
2023-05-05 09:11:13,407 [Listener at 127.0.0.1/40491] INFO  server.StorageContainerManager (StorageContainerManager.java:stop(1616)) - Stopping Storage Container Manager HTTP server.
2023-05-05 09:11:13,407 [IPC Server listener on 0] INFO  ipc.Server (Server.java:run(1430)) - Stopping IPC Server listener on 0
2023-05-05 09:11:13,408 [Listener at 127.0.0.1/40491] INFO  handler.ContextHandler (ContextHandler.java:doStop(1159)) - Stopped o.e.j.w.WebAppContext@7fca684f{scm,/,null,STOPPED}{file:/home/runner/work/ozone/ozone/hadoop-ozone/integration-test/target/test-classes/webapps/scm}
2023-05-05 09:11:13,409 [Listener at 127.0.0.1/40491] INFO  server.AbstractConnector (AbstractConnector.java:doStop(383)) - Stopped ServerConnector@177a500d{HTTP/1.1, (http/1.1)}{0.0.0.0:0}
2023-05-05 09:11:13,409 [Listener at 127.0.0.1/40491] INFO  server.session (HouseKeeper.java:stopScavenging(149)) - node0 Stopped scavenging
2023-05-05 09:11:13,409 [Listener at 127.0.0.1/40491] INFO  handler.ContextHandler (ContextHandler.java:doStop(1159)) - Stopped o.e.j.s.ServletContextHandler@15fe1e0d{static,/static,file:///home/runner/work/ozone/ozone/hadoop-ozone/integration-test/target/test-classes/webapps/static,STOPPED}
2023-05-05 09:11:13,409 [Listener at 127.0.0.1/40491] INFO  handler.ContextHandler (ContextHandler.java:doStop(1159)) - Stopped o.e.j.s.ServletContextHandler@13358f5f{logs,/logs,file:///home/runner/work/ozone/ozone/hadoop-ozone/integration-test/target/log,STOPPED}
2023-05-05 09:11:13,410 [Listener at 127.0.0.1/40491] INFO  server.StorageContainerManager (StorageContainerManager.java:stop(1624)) - Stopping SCM LayoutVersionManager Service.
2023-05-05 09:11:13,410 [Listener at 127.0.0.1/40491] INFO  server.StorageContainerManager (StorageContainerManager.java:stop(1632)) - Stopping Block Manager Service.
2023-05-05 09:11:13,410 [Listener at 127.0.0.1/40491] INFO  utils.BackgroundService (BackgroundService.java:shutdown(141)) - Shutting down service SCMBlockDeletingService
2023-05-05 09:11:13,411 [Listener at 127.0.0.1/40491] INFO  utils.BackgroundService (BackgroundService.java:shutdown(141)) - Shutting down service SCMBlockDeletingService
2023-05-05 09:11:13,411 [Listener at 127.0.0.1/40491] INFO  server.StorageContainerManager (StorageContainerManager.java:stop(1654)) - Stopping SCM Event Queue.
2023-05-05 09:11:13,412 [Listener at 127.0.0.1/40491] INFO  server.StorageContainerManager (StorageContainerManager.java:stop(1665)) - Stopping SCM HA services.
2023-05-05 09:11:13,412 [Listener at 127.0.0.1/40491] INFO  pipeline.BackgroundPipelineCreator (BackgroundPipelineCreator.java:stop(149)) - Stopping RatisPipelineUtilsThread.
2023-05-05 09:11:13,412 [RatisPipelineUtilsThread - 0] WARN  pipeline.BackgroundPipelineCreator (BackgroundPipelineCreator.java:run(180)) - RatisPipelineUtilsThread is interrupted.
2023-05-05 09:11:13,412 [BackgroundPipelineScrubberThread] WARN  BackgroundPipelineScrubber (BackgroundSCMService.java:run(115)) - BackgroundPipelineScrubber is interrupted, exit
2023-05-05 09:11:13,412 [Listener at 127.0.0.1/40491] INFO  BackgroundPipelineScrubber (BackgroundSCMService.java:stop(131)) - Stopping BackgroundPipelineScrubber Service.
2023-05-05 09:11:13,413 [Listener at 127.0.0.1/40491] INFO  impl.MetricsSystemImpl (MetricsSystemImpl.java:stop(210)) - Stopping HddsDatanode metrics system...
2023-05-05 09:11:13,417 [prometheus] INFO  impl.MetricsSinkAdapter (MetricsSinkAdapter.java:publishMetricsFromQueue(141)) - prometheus thread interrupted.
2023-05-05 09:11:13,417 [Listener at 127.0.0.1/40491] INFO  impl.MetricsSystemImpl (MetricsSystemImpl.java:stop(216)) - HddsDatanode metrics system stopped.
2023-05-05 09:11:13,417 [Listener at 127.0.0.1/40491] WARN  pipeline.BackgroundPipelineCreator (BackgroundPipelineCreator.java:stop(145)) - RatisPipelineUtilsThread is not running, just ignore.
2023-05-05 09:11:13,417 [Listener at 127.0.0.1/40491] INFO  BackgroundPipelineScrubber (BackgroundSCMService.java:stop(126)) - BackgroundPipelineScrubber Service is not running, skip stop.
2023-05-05 09:11:13,417 [ExpiredContainerReplicaOpScrubberThread] WARN  ExpiredContainerReplicaOpScrubber (BackgroundSCMService.java:run(115)) - ExpiredContainerReplicaOpScrubber is interrupted, exit
2023-05-05 09:11:13,418 [Listener at 127.0.0.1/40491] INFO  ExpiredContainerReplicaOpScrubber (BackgroundSCMService.java:stop(131)) - Stopping ExpiredContainerReplicaOpScrubber Service.
2023-05-05 09:11:13,418 [Listener at 127.0.0.1/40491] INFO  utils.BackgroundService (BackgroundService.java:shutdown(141)) - Shutting down service SCMBlockDeletingService
2023-05-05 09:11:13,418 [Listener at 127.0.0.1/40491] INFO  replication.ReplicationManager (ReplicationManager.java:stop(336)) - Replication Monitor Thread is not running.
2023-05-05 09:11:13,418 [Listener at 127.0.0.1/40491] WARN  balancer.ContainerBalancer (ContainerBalancer.java:stop(324)) - Cannot stop Container Balancer because it's not running or stopping
2023-05-05 09:11:13,418 [Listener at 127.0.0.1/40491] INFO  server.StorageContainerManager (StorageContainerManager.java:stop(1700)) - Stopping SCM MetadataStore.
]]></system-out>
  </testcase>
  <testcase name="testSCMReinitialization" classname="org.apache.hadoop.ozone.TestStorageContainerManager" time="18.492">
    <system-out><![CDATA[2023-05-05 09:11:13,457 [Time-limited test] WARN  server.ServerUtils (ServerUtils.java:getScmDbDir(148)) - ozone.scm.db.dirs is not configured. We recommend adding this setting. Falling back to ozone.metadata.dirs instead.
2023-05-05 09:11:13,459 [Time-limited test] WARN  server.ServerUtils (ServerUtils.java:getScmDbDir(148)) - ozone.scm.db.dirs is not configured. We recommend adding this setting. Falling back to ozone.metadata.dirs instead.
2023-05-05 09:11:13,459 [Time-limited test] INFO  ha.SCMHANodeDetails (SCMHANodeDetails.java:loadSCMHAConfig(209)) - ServiceID for StorageContainerManager is null
2023-05-05 09:11:13,460 [Time-limited test] WARN  ha.SCMHANodeDetails (SCMHANodeDetails.java:validateSCMHAConfig(182)) - Invalid config ozone.scm.ratis.enable. The config was not specified, but the default value true conflicts with the expected config value false. Falling back to the expected value. Current State of SCM: SCM is running in Non-HA without Ratis Ratis SCM -> Non Ratis SCM or Non HA SCM -> HA SCM is not supported
2023-05-05 09:11:13,460 [Time-limited test] INFO  ha.SCMHANodeDetails (SCMHANodeDetails.java:loadSCMHAConfig(214)) - ozone.scm.default.service.id is not defined, falling back to ozone.scm.service.ids to find serviceID for StorageContainerManager if it is HA enabled cluster
2023-05-05 09:11:13,460 [Time-limited test] WARN  utils.HAUtils (HAUtils.java:getMetaDir(350)) - ozone.scm.db.dirs is not configured. We recommend adding this setting. Falling back to ozone.metadata.dirs instead.
2023-05-05 09:11:13,461 [Time-limited test] WARN  db.DBStoreBuilder (DBStoreBuilder.java:applyDBDefinition(164)) - ozone.scm.db.dirs is not configured. We recommend adding this setting. Falling back to ozone.metadata.dirs instead.
2023-05-05 09:11:13,554 [Time-limited test] INFO  net.NodeSchemaLoader (NodeSchemaLoader.java:loadSchemaFromFile(129)) - Loading schema from [jar:file:/home/runner/.m2/repository/org/apache/ozone/hdds-common/1.4.0-SNAPSHOT/hdds-common-1.4.0-SNAPSHOT.jar!/network-topology-default.xml]
2023-05-05 09:11:13,554 [Time-limited test] INFO  net.NodeSchemaLoader (NodeSchemaLoader.java:loadSchema(176)) - Loading network topology layer schema file
2023-05-05 09:11:13,556 [Time-limited test] INFO  upgrade.AbstractLayoutVersionManager (AbstractLayoutVersionManager.java:init(83)) - Initializing Layout version manager with metadata layout = WEBUI_PORTS_IN_DATANODEDETAILS (version = 6), software layout = WEBUI_PORTS_IN_DATANODEDETAILS (version = 6)
2023-05-05 09:11:13,603 [Time-limited test] INFO  reflections.Reflections (Reflections.java:scan(232)) - Reflections took 46 ms to scan 7 urls, producing 156 keys and 369 values 
2023-05-05 09:11:13,605 [Time-limited test] INFO  ha.SequenceIdGenerator (SequenceIdGenerator.java:upgradeToSequenceId(349)) - upgrade localId to 111677748019200000
2023-05-05 09:11:13,605 [Time-limited test] INFO  ha.SequenceIdGenerator (SequenceIdGenerator.java:upgradeToSequenceId(359)) - upgrade delTxnId to 0
2023-05-05 09:11:13,605 [Time-limited test] INFO  ha.SequenceIdGenerator (SequenceIdGenerator.java:upgradeToSequenceId(376)) - upgrade containerId to 0
2023-05-05 09:11:13,605 [Time-limited test] INFO  ha.SequenceIdGenerator (SequenceIdGenerator.java:<init>(220)) - Init the HA SequenceIdGenerator.
2023-05-05 09:11:13,606 [Time-limited test] WARN  server.ServerUtils (ServerUtils.java:sanitizeUserArgs(73)) - ozone.scm.stale.node.interval value = 300000 is larger than max = 100000 based on the key value of ozone.scm.heartbeat.thread.interval, reset to the max value 100000.
2023-05-05 09:11:13,606 [Time-limited test] WARN  server.ServerUtils (ServerUtils.java:sanitizeUserArgs(73)) - ozone.scm.stale.node.interval value = 300000 is larger than max = 100000 based on the key value of ozone.scm.heartbeat.thread.interval, reset to the max value 100000.
2023-05-05 09:11:13,606 [Time-limited test] INFO  node.SCMNodeManager (SCMNodeManager.java:<init>(159)) - Entering startup safe mode.
2023-05-05 09:11:13,606 [Time-limited test] INFO  algorithms.ContainerPlacementPolicyFactory (ContainerPlacementPolicyFactory.java:getPolicyInternal(86)) - Create container placement policy of type org.apache.hadoop.hdds.scm.container.placement.algorithms.SCMContainerPlacementRackAware
2023-05-05 09:11:13,607 [Time-limited test] INFO  algorithms.ContainerPlacementPolicyFactory (ContainerPlacementPolicyFactory.java:getPolicyInternal(86)) - Create container placement policy of type org.apache.hadoop.hdds.scm.container.placement.algorithms.SCMContainerPlacementRackScatter
2023-05-05 09:11:13,607 [Time-limited test] INFO  pipeline.PipelineStateManagerImpl (PipelineStateManagerImpl.java:initialize(78)) - No pipeline exists in current db
2023-05-05 09:11:13,607 [Time-limited test] INFO  algorithms.LeaderChoosePolicyFactory (LeaderChoosePolicyFactory.java:getPolicy(57)) - Create leader choose policy of type org.apache.hadoop.hdds.scm.pipeline.leader.choose.algorithms.MinLeaderCountChoosePolicy
2023-05-05 09:11:13,607 [Time-limited test] INFO  algorithms.ContainerPlacementPolicyFactory (ContainerPlacementPolicyFactory.java:getPolicyInternal(86)) - Create container placement policy of type org.apache.hadoop.hdds.scm.container.placement.algorithms.SCMContainerPlacementRackScatter
2023-05-05 09:11:13,607 [Time-limited test] INFO  ha.SCMServiceManager (SCMServiceManager.java:register(42)) - Registering service BackgroundPipelineCreator.
2023-05-05 09:11:13,607 [Time-limited test] INFO  pipeline.BackgroundPipelineCreator (BackgroundPipelineCreator.java:start(124)) - Starting RatisPipelineUtilsThread.
2023-05-05 09:11:13,608 [Time-limited test] INFO  BackgroundPipelineScrubber (BackgroundSCMService.java:start(68)) - Starting BackgroundPipelineScrubber Service.
2023-05-05 09:11:13,608 [Time-limited test] INFO  ha.SCMServiceManager (SCMServiceManager.java:register(42)) - Registering service BackgroundPipelineScrubber.
2023-05-05 09:11:13,608 [Time-limited test] INFO  ExpiredContainerReplicaOpScrubber (BackgroundSCMService.java:start(68)) - Starting ExpiredContainerReplicaOpScrubber Service.
2023-05-05 09:11:13,608 [Time-limited test] INFO  ha.SCMServiceManager (SCMServiceManager.java:register(42)) - Registering service ExpiredContainerReplicaOpScrubber.
2023-05-05 09:11:13,609 [Time-limited test] INFO  algorithms.PipelineChoosePolicyFactory (PipelineChoosePolicyFactory.java:createPipelineChoosePolicyFromClass(73)) - Create pipeline choose policy of type org.apache.hadoop.hdds.scm.pipeline.choose.algorithms.RandomPipelineChoosePolicy
2023-05-05 09:11:13,610 [Time-limited test] INFO  ha.SCMServiceManager (SCMServiceManager.java:register(42)) - Registering service SCMBlockDeletingService.
2023-05-05 09:11:13,610 [Time-limited test] INFO  replication.ReplicationManager (ReplicationManager.java:start(293)) - Starting Replication Monitor Thread.
2023-05-05 09:11:13,611 [Time-limited test] INFO  ha.SCMServiceManager (SCMServiceManager.java:register(42)) - Registering service ReplicationManager.
2023-05-05 09:11:13,612 [Time-limited test] INFO  safemode.ContainerSafeModeRule (ContainerSafeModeRule.java:<init>(89)) - containers with one replica threshold count 0
2023-05-05 09:11:13,612 [Time-limited test] INFO  safemode.HealthyPipelineSafeModeRule (HealthyPipelineSafeModeRule.java:initializeRule(169)) - Total pipeline count is 0, healthy pipeline threshold count is 1
2023-05-05 09:11:13,612 [Time-limited test] INFO  safemode.OneReplicaPipelineSafeModeRule (OneReplicaPipelineSafeModeRule.java:initializeRule(180)) - Total pipeline count is 0, pipeline's with at least one datanode reported threshold count is 0
2023-05-05 09:11:13,613 [Time-limited test] INFO  server.StorageContainerManager (StorageContainerManager.java:<init>(403)) - SCM start with adminUsers: [runner]
2023-05-05 09:11:13,613 [Time-limited test] INFO  ipc.CallQueueManager (CallQueueManager.java:<init>(90)) - Using callQueue: class java.util.concurrent.LinkedBlockingQueue, queueCapacity: 2000, scheduler: class org.apache.hadoop.ipc.DefaultRpcScheduler, ipcBackoff: false.
2023-05-05 09:11:13,613 [Socket Reader #1 for port 0] INFO  ipc.Server (Server.java:run(1319)) - Starting Socket Reader #1 for port 0
2023-05-05 09:11:13,614 [Listener at 0.0.0.0/43239] INFO  ipc.CallQueueManager (CallQueueManager.java:<init>(90)) - Using callQueue: class java.util.concurrent.LinkedBlockingQueue, queueCapacity: 2000, scheduler: class org.apache.hadoop.ipc.DefaultRpcScheduler, ipcBackoff: false.
2023-05-05 09:11:13,614 [Socket Reader #1 for port 0] INFO  ipc.Server (Server.java:run(1319)) - Starting Socket Reader #1 for port 0
2023-05-05 09:11:13,615 [Listener at 0.0.0.0/37919] INFO  ipc.CallQueueManager (CallQueueManager.java:<init>(90)) - Using callQueue: class java.util.concurrent.LinkedBlockingQueue, queueCapacity: 2000, scheduler: class org.apache.hadoop.ipc.DefaultRpcScheduler, ipcBackoff: false.
2023-05-05 09:11:13,616 [Socket Reader #1 for port 0] INFO  ipc.Server (Server.java:run(1319)) - Starting Socket Reader #1 for port 0
2023-05-05 09:11:13,620 [ReplicationMonitor] INFO  replication.ReplicationManager (ReplicationManager.java:processAll(368)) - Replication Manager is not ready to run until 3000ms after safemode exit
2023-05-05 09:11:13,622 [Listener at 0.0.0.0/39717] INFO  ha.SCMServiceManager (SCMServiceManager.java:register(42)) - Registering service ContainerBalancer.
2023-05-05 09:11:13,623 [Listener at 0.0.0.0/39717] INFO  server.StorageContainerManager (StorageContainerManager.java:<init>(420)) - 
Container Balancer status:
Key                            Value
Running                        false
Container Balancer Configuration values:
Key                                                Value
Threshold                                          10
Max Datanodes to Involve per Iteration(percent)    20
Max Size to Move per Iteration                     500GB
Max Size Entering Target per Iteration             26GB
Max Size Leaving Source per Iteration              26GB

2023-05-05 09:11:13,623 [Listener at 0.0.0.0/39717] INFO  ha.SCMContext (SCMContext.java:updateSafeModeStatus(228)) - Update SafeModeStatus from SafeModeStatus{safeModeStatus=true, preCheckPassed=false} to SafeModeStatus{safeModeStatus=true, preCheckPassed=false}.
2023-05-05 09:11:13,623 [Listener at 0.0.0.0/39717] INFO  server.StorageContainerManager (StorageContainerManager.java:start(1477)) - StorageContainerLocationProtocol RPC server is listening at /0.0.0.0:39717
2023-05-05 09:11:13,624 [Listener at 0.0.0.0/39717] WARN  impl.MetricsConfig (MetricsConfig.java:loadFirst(136)) - Cannot locate configuration: tried hadoop-metrics2-storagecontainermanager.properties,hadoop-metrics2.properties
2023-05-05 09:11:13,629 [Listener at 0.0.0.0/39717] INFO  impl.MetricsSystemImpl (MetricsSystemImpl.java:startTimer(378)) - Scheduled Metric snapshot period at 10 second(s).
2023-05-05 09:11:13,629 [Listener at 0.0.0.0/39717] INFO  impl.MetricsSystemImpl (MetricsSystemImpl.java:start(191)) - StorageContainerManager metrics system started
2023-05-05 09:11:13,637 [Listener at 0.0.0.0/39717] INFO  impl.MetricsSinkAdapter (MetricsSinkAdapter.java:start(204)) - Sink prometheus started
2023-05-05 09:11:13,637 [Listener at 0.0.0.0/39717] INFO  impl.MetricsSystemImpl (MetricsSystemImpl.java:registerSink(305)) - Registered sink prometheus
2023-05-05 09:11:13,651 [Listener at 0.0.0.0/39717] INFO  server.SCMClientProtocolServer (SCMClientProtocolServer.java:start(199)) - RPC server for Client  is listening at /0.0.0.0:39717
2023-05-05 09:11:13,652 [IPC Server Responder] INFO  ipc.Server (Server.java:run(1558)) - IPC Server Responder: starting
2023-05-05 09:11:13,652 [IPC Server listener on 0] INFO  ipc.Server (Server.java:run(1398)) - IPC Server listener on 0: starting
2023-05-05 09:11:13,656 [Listener at 0.0.0.0/39717] INFO  server.StorageContainerManager (StorageContainerManager.java:start(1491)) - ScmBlockLocationProtocol RPC server is listening at /0.0.0.0:37919
2023-05-05 09:11:13,656 [Listener at 0.0.0.0/39717] INFO  server.SCMBlockProtocolServer (SCMBlockProtocolServer.java:start(152)) - RPC server for Block Protocol is listening at /0.0.0.0:37919
2023-05-05 09:11:13,656 [IPC Server Responder] INFO  ipc.Server (Server.java:run(1558)) - IPC Server Responder: starting
2023-05-05 09:11:13,657 [IPC Server listener on 0] INFO  ipc.Server (Server.java:run(1398)) - IPC Server listener on 0: starting
2023-05-05 09:11:13,660 [Listener at 0.0.0.0/39717] INFO  server.SCMDatanodeProtocolServer (SCMDatanodeProtocolServer.java:start(193)) - ScmDatanodeProtocol RPC server for DataNodes is listening at /0.0.0.0:43239
2023-05-05 09:11:13,661 [IPC Server Responder] INFO  ipc.Server (Server.java:run(1558)) - IPC Server Responder: starting
2023-05-05 09:11:13,661 [IPC Server listener on 0] INFO  ipc.Server (Server.java:run(1398)) - IPC Server listener on 0: starting
2023-05-05 09:11:13,663 [org.apache.hadoop.util.JvmPauseMonitor$Monitor@63e16f44] INFO  util.JvmPauseMonitor (JvmPauseMonitor.java:run(188)) - Starting JVM pause monitor
2023-05-05 09:11:13,666 [Listener at 0.0.0.0/39717] INFO  http.BaseHttpServer (BaseHttpServer.java:newHttpServer2BuilderForOzone(224)) - Starting Web-server for scm at: http://0.0.0.0:0
2023-05-05 09:11:13,666 [Listener at 0.0.0.0/39717] INFO  http.BaseHttpServer (BaseHttpServer.java:<init>(111)) - Hadoop Security Enabled: false Ozone Security Enabled: false Ozone HTTP Security Enabled: false 
2023-05-05 09:11:13,667 [Listener at 0.0.0.0/39717] WARN  server.AuthenticationFilter (AuthenticationFilter.java:constructSecretProvider(240)) - Unable to initialize FileSignerSecretProvider, falling back to use random secrets. Reason: Could not read signature secret file: /home/runner/hadoop-http-auth-signature-secret
2023-05-05 09:11:13,669 [Listener at 0.0.0.0/39717] INFO  http.HttpRequestLog (HttpRequestLog.java:getRequestLog(86)) - Http request log for http.requests.scm is not defined
2023-05-05 09:11:13,673 [Listener at 0.0.0.0/39717] INFO  http.HttpServer2 (HttpServer2.java:addGlobalFilter(1031)) - Added global filter 'safety' (class=org.apache.hadoop.hdds.server.http.HttpServer2$QuotingInputFilter)
2023-05-05 09:11:13,674 [Listener at 0.0.0.0/39717] INFO  http.HttpServer2 (HttpServer2.java:addFilter(1007)) - Added filter static_user_filter (class=org.apache.hadoop.http.lib.StaticUserWebFilter$StaticUserFilter) to context scm
2023-05-05 09:11:13,674 [Listener at 0.0.0.0/39717] INFO  http.HttpServer2 (HttpServer2.java:addFilter(1015)) - Added filter static_user_filter (class=org.apache.hadoop.http.lib.StaticUserWebFilter$StaticUserFilter) to context static
2023-05-05 09:11:13,674 [Listener at 0.0.0.0/39717] INFO  http.HttpServer2 (HttpServer2.java:addFilter(1015)) - Added filter static_user_filter (class=org.apache.hadoop.http.lib.StaticUserWebFilter$StaticUserFilter) to context logs
2023-05-05 09:11:13,675 [Listener at 0.0.0.0/39717] INFO  http.BaseHttpServer (BaseHttpServer.java:<init>(190)) - HTTP server of scm uses base directory /home/runner/work/ozone/ozone/hadoop-ozone/integration-test/target/test-dir/MiniOzoneClusterImpl-c61bf99b-c16a-4bd9-9ddf-73aa51c031b9/ozone-meta/webserver
2023-05-05 09:11:13,676 [Listener at 0.0.0.0/39717] INFO  http.HttpServer2 (HttpServer2.java:bindListener(1250)) - Jetty bound to port 34919
2023-05-05 09:11:13,676 [Listener at 0.0.0.0/39717] INFO  server.Server (Server.java:doStart(375)) - jetty-9.4.51.v20230217; built: 2023-02-17T08:19:37.309Z; git: b45c405e4544384de066f814ed42ae3dceacdd49; jvm 1.8.0_362-b09
2023-05-05 09:11:13,680 [Listener at 0.0.0.0/39717] INFO  server.session (DefaultSessionIdManager.java:doStart(334)) - DefaultSessionIdManager workerName=node0
2023-05-05 09:11:13,680 [Listener at 0.0.0.0/39717] INFO  server.session (DefaultSessionIdManager.java:doStart(339)) - No SessionScavenger set, using defaults
2023-05-05 09:11:13,680 [Listener at 0.0.0.0/39717] INFO  server.session (HouseKeeper.java:startScavenging(132)) - node0 Scavenging every 660000ms
2023-05-05 09:11:13,681 [Listener at 0.0.0.0/39717] INFO  handler.ContextHandler (ContextHandler.java:doStart(921)) - Started o.e.j.s.ServletContextHandler@3810c8aa{logs,/logs,file:///home/runner/work/ozone/ozone/hadoop-ozone/integration-test/target/log,AVAILABLE}
2023-05-05 09:11:13,682 [Listener at 0.0.0.0/39717] INFO  handler.ContextHandler (ContextHandler.java:doStart(921)) - Started o.e.j.s.ServletContextHandler@c79b5da{static,/static,file:///home/runner/work/ozone/ozone/hadoop-ozone/integration-test/target/test-classes/webapps/static,AVAILABLE}
2023-05-05 09:11:13,687 [Listener at 0.0.0.0/39717] INFO  handler.ContextHandler (ContextHandler.java:doStart(921)) - Started o.e.j.w.WebAppContext@3902cc64{scm,/,file:///home/runner/work/ozone/ozone/hadoop-ozone/integration-test/target/test-classes/webapps/scm/,AVAILABLE}{file:/home/runner/work/ozone/ozone/hadoop-ozone/integration-test/target/test-classes/webapps/scm}
2023-05-05 09:11:13,688 [Listener at 0.0.0.0/39717] INFO  server.AbstractConnector (AbstractConnector.java:doStart(333)) - Started ServerConnector@7248e60e{HTTP/1.1, (http/1.1)}{0.0.0.0:34919}
2023-05-05 09:11:13,688 [Listener at 0.0.0.0/39717] INFO  server.Server (Server.java:doStart(415)) - Started @65041ms
2023-05-05 09:11:13,688 [Listener at 0.0.0.0/39717] WARN  impl.MetricsSystemImpl (MetricsSystemImpl.java:register(279)) - Sink prometheus already exists!
2023-05-05 09:11:13,689 [Listener at 0.0.0.0/39717] INFO  http.BaseHttpServer (BaseHttpServer.java:updateConnectorAddress(344)) - HTTP server of scm listening at http://0.0.0.0:34919
2023-05-05 09:11:13,689 [Listener at 0.0.0.0/39717] WARN  server.ServerUtils (ServerUtils.java:getDBPath(225)) - ozone.om.db.dirs is not configured. We recommend adding this setting. Falling back to ozone.metadata.dirs instead.
2023-05-05 09:11:13,692 [Listener at 0.0.0.0/39717] INFO  ha.OMHANodeDetails (OMHANodeDetails.java:loadOMHAConfig(115)) - ozone.om.internal.service.id is not defined, falling back to ozone.om.service.ids to find serviceID for OzoneManager if it is HA enabled cluster
2023-05-05 09:11:13,692 [Listener at 0.0.0.0/39717] INFO  ha.OMHANodeDetails (OMHANodeDetails.java:loadOMHAConfig(226)) - Configuration does not have ozone.om.address set. Falling back to the default OM address /127.0.0.1:0
2023-05-05 09:11:13,692 [Listener at 0.0.0.0/39717] INFO  ha.OMHANodeDetails (OMHANodeDetails.java:getOMNodeDetailsForNonHA(254)) - OM Service ID is not set. Setting it to the default ID: omServiceIdDefault
2023-05-05 09:11:13,692 [Listener at 0.0.0.0/39717] INFO  ha.OMHANodeDetails (OMHANodeDetails.java:getOMNodeDetailsForNonHA(261)) - OM Node ID is not set. Setting it to the default ID: om1
2023-05-05 09:11:13,692 [Listener at 0.0.0.0/39717] WARN  server.ServerUtils (ServerUtils.java:getDBPath(225)) - ozone.om.db.dirs is not configured. We recommend adding this setting. Falling back to ozone.metadata.dirs instead.
2023-05-05 09:11:13,696 [Listener at 0.0.0.0/39717] INFO  upgrade.AbstractLayoutVersionManager (AbstractLayoutVersionManager.java:init(83)) - Initializing Layout version manager with metadata layout = HSYNC (version = 4), software layout = HSYNC (version = 4)
2023-05-05 09:11:13,768 [Listener at 0.0.0.0/39717] INFO  reflections.Reflections (Reflections.java:scan(232)) - Reflections took 70 ms to scan 2 urls, producing 172 keys and 475 values [using 2 cores]
2023-05-05 09:11:13,768 [Listener at 0.0.0.0/39717] INFO  upgrade.OMLayoutVersionManager (OMLayoutVersionManager.java:lambda$0(115)) - Skipping Upgrade Action MockOmUpgradeAction since it has been finalized.
2023-05-05 09:11:13,768 [Listener at 0.0.0.0/39717] WARN  server.ServerUtils (ServerUtils.java:getDBPath(225)) - ozone.om.db.dirs is not configured. We recommend adding this setting. Falling back to ozone.metadata.dirs instead.
2023-05-05 09:11:13,770 [Listener at 0.0.0.0/39717] INFO  proxy.SCMBlockLocationFailoverProxyProvider (SCMBlockLocationFailoverProxyProvider.java:<init>(114)) - Created block location fail-over proxy with 1 nodes: [nodeId=scmNodeId,nodeAddress=/0.0.0.0:37919]
2023-05-05 09:11:13,771 [Listener at 0.0.0.0/39717] INFO  proxy.SCMBlockLocationFailoverProxyProvider (SCMBlockLocationFailoverProxyProvider.java:<init>(114)) - Created block location fail-over proxy with 1 nodes: [nodeId=scmNodeId,nodeAddress=/0.0.0.0:37919]
2023-05-05 09:11:13,777 [Listener at 0.0.0.0/39717] INFO  om.OzoneManager (OzoneManager.java:<init>(634)) - OM start with adminUsers: [runner]
2023-05-05 09:11:13,778 [Listener at 0.0.0.0/39717] WARN  server.ServerUtils (ServerUtils.java:getDBPath(225)) - ozone.om.db.dirs is not configured. We recommend adding this setting. Falling back to ozone.metadata.dirs instead.
2023-05-05 09:11:13,778 [Listener at 0.0.0.0/39717] INFO  codec.OmKeyInfoCodec (OmKeyInfoCodec.java:<init>(49)) - OmKeyInfoCodec ignorePipeline = true
2023-05-05 09:11:13,778 [Listener at 0.0.0.0/39717] INFO  codec.RepeatedOmKeyInfoCodec (RepeatedOmKeyInfoCodec.java:<init>(41)) - RepeatedOmKeyInfoCodec ignorePipeline = true
2023-05-05 09:11:13,944 [Listener at 0.0.0.0/39717] INFO  om.OzoneManager (OzoneManager.java:instantiateServices(764)) - S3 Multi-Tenancy is disabled
2023-05-05 09:11:13,944 [Listener at 0.0.0.0/39717] WARN  server.ServerUtils (ServerUtils.java:getDBPath(225)) - ozone.om.snapshot.diff.db.dir is not configured. We recommend adding this setting. Falling back to ozone.metadata.dirs instead.
2023-05-05 09:11:13,967 [Listener at 0.0.0.0/39717] INFO  om.OzoneManager (OzoneManager.java:addS3GVolumeToDB(4263)) - Created Volume s3v With Owner runner required for S3Gateway operations.
2023-05-05 09:11:13,967 [Listener at 0.0.0.0/39717] WARN  server.ServerUtils (ServerUtils.java:getDefaultRatisDirectory(237)) - Storage directory for Ratis is not configured. It is a good idea to map this to an SSD disk. Falling back to ozone.metadata.dirs
2023-05-05 09:11:13,968 [Listener at 0.0.0.0/39717] WARN  utils.OzoneManagerRatisUtils (OzoneManagerRatisUtils.java:getOMRatisSnapshotDirectory(456)) - ozone.om.ratis.snapshot.dir is not configured. Falling back to ozone.metadata.dirs config
2023-05-05 09:11:13,968 [Listener at 0.0.0.0/39717] WARN  server.ServerUtils (ServerUtils.java:getDefaultRatisDirectory(237)) - Storage directory for Ratis is not configured. It is a good idea to map this to an SSD disk. Falling back to ozone.metadata.dirs
2023-05-05 09:11:13,969 [Listener at 0.0.0.0/39717] INFO  ratis.OzoneManagerRatisServer (OzoneManagerRatisServer.java:<init>(163)) - Instantiating OM Ratis server with groupID: omServiceIdDefault and peers: localhost:9872
2023-05-05 09:11:13,969 [Listener at 0.0.0.0/39717] INFO  ratis.OzoneManagerStateMachine (OzoneManagerStateMachine.java:loadSnapshotInfoFromDB(670)) - LastAppliedIndex is set from TransactionInfo from OM DB as (t:0, i:~)
2023-05-05 09:11:13,970 [Listener at 0.0.0.0/39717] INFO  server.RaftServer (ConfUtils.java:logGet(46)) - raft.rpc.type = GRPC (default)
2023-05-05 09:11:13,970 [Listener at 0.0.0.0/39717] INFO  grpc.GrpcConfigKeys (ConfUtils.java:logFallback(53)) - raft.grpc.admin.host = null (fallback to raft.grpc.server.host)
2023-05-05 09:11:13,970 [Listener at 0.0.0.0/39717] INFO  grpc.GrpcConfigKeys (ConfUtils.java:logFallback(53)) - raft.grpc.admin.port = 9872 (fallback to raft.grpc.server.port)
2023-05-05 09:11:13,970 [Listener at 0.0.0.0/39717] INFO  grpc.GrpcConfigKeys (ConfUtils.java:logFallback(53)) - raft.grpc.client.host = null (fallback to raft.grpc.server.host)
2023-05-05 09:11:13,970 [Listener at 0.0.0.0/39717] INFO  grpc.GrpcConfigKeys (ConfUtils.java:logFallback(53)) - raft.grpc.client.port = 9872 (fallback to raft.grpc.server.port)
2023-05-05 09:11:13,970 [Listener at 0.0.0.0/39717] INFO  grpc.GrpcConfigKeys (ConfUtils.java:logGet(46)) - raft.grpc.server.host = null (default)
2023-05-05 09:11:13,970 [Listener at 0.0.0.0/39717] INFO  grpc.GrpcConfigKeys (ConfUtils.java:logGet(46)) - raft.grpc.server.port = 9872 (custom)
2023-05-05 09:11:13,970 [Listener at 0.0.0.0/39717] INFO  server.GrpcService (ConfUtils.java:logGet(46)) - raft.grpc.message.size.max = 33554432 (custom)
2023-05-05 09:11:13,970 [Listener at 0.0.0.0/39717] INFO  server.RaftServerConfigKeys (ConfUtils.java:logGet(46)) - raft.server.log.appender.buffer.byte-limit = 33554432 (custom)
2023-05-05 09:11:13,970 [Listener at 0.0.0.0/39717] INFO  server.GrpcService (ConfUtils.java:logGet(46)) - raft.grpc.flow.control.window = 1MB (=1048576) (default)
2023-05-05 09:11:13,971 [Listener at 0.0.0.0/39717] INFO  server.RaftServerConfigKeys (ConfUtils.java:logGet(46)) - raft.server.rpc.request.timeout = 3000ms (default)
2023-05-05 09:11:13,971 [Listener at 0.0.0.0/39717] INFO  grpc.GrpcConfigKeys (ConfUtils.java:logGet(46)) - raft.grpc.server.heartbeat.channel = true (default)
2023-05-05 09:11:13,971 [Listener at 0.0.0.0/39717] INFO  grpc.GrpcConfigKeys (ConfUtils.java:logGet(46)) - raft.grpc.server.async.request.thread.pool.cached = true (default)
2023-05-05 09:11:13,971 [Listener at 0.0.0.0/39717] INFO  grpc.GrpcConfigKeys (ConfUtils.java:logGet(46)) - raft.grpc.server.async.request.thread.pool.size = 32 (default)
2023-05-05 09:11:13,972 [Listener at 0.0.0.0/39717] INFO  impl.DataStreamServerImpl (ConfUtils.java:logGet(46)) - raft.datastream.type = DISABLED (default)
2023-05-05 09:11:13,972 [Listener at 0.0.0.0/39717] INFO  server.RaftServerConfigKeys (ConfUtils.java:logGet(46)) - raft.server.threadpool.proxy.cached = true (default)
2023-05-05 09:11:13,972 [Listener at 0.0.0.0/39717] INFO  server.RaftServerConfigKeys (ConfUtils.java:logGet(46)) - raft.server.threadpool.proxy.size = 0 (default)
2023-05-05 09:11:13,973 [Listener at 0.0.0.0/39717] INFO  server.RaftServerConfigKeys (ConfUtils.java:logGet(46)) - raft.server.rpc.slowness.timeout = 120s (custom)
2023-05-05 09:11:13,973 [Listener at 0.0.0.0/39717] INFO  server.RaftServerConfigKeys (ConfUtils.java:logGet(46)) - raft.server.leaderelection.leader.step-down.wait-time = 10s (default)
2023-05-05 09:11:13,973 [Listener at 0.0.0.0/39717] INFO  server.RaftServerConfigKeys (ConfUtils.java:logGet(46)) - raft.server.storage.dir = [/home/runner/work/ozone/ozone/hadoop-ozone/integration-test/target/test-dir/MiniOzoneClusterImpl-c61bf99b-c16a-4bd9-9ddf-73aa51c031b9/ozone-meta/ratis] (custom)
2023-05-05 09:11:13,973 [Listener at 0.0.0.0/39717] INFO  server.RaftServer (RaftServerProxy.java:addNew(96)) - om1: addNew group-C5BA1605619E:[om1|rpc:localhost:9872|priority:0|startupRole:FOLLOWER] returns group-C5BA1605619E:java.util.concurrent.CompletableFuture@695b6ac[Not completed]
2023-05-05 09:11:13,973 [Listener at 0.0.0.0/39717] INFO  om.OzoneManager (OzoneManager.java:initializeRatisServer(2106)) - OzoneManager Ratis server initialized at port 9872
2023-05-05 09:11:13,973 [Listener at 0.0.0.0/39717] INFO  om.OzoneManager (OzoneManager.java:getRpcServer(1153)) - Creating RPC Server
2023-05-05 09:11:13,975 [pool-329-thread-1] INFO  server.RaftServer$Division (RaftServerImpl.java:<init>(195)) - om1: new RaftServerImpl for group-C5BA1605619E:[om1|rpc:localhost:9872|priority:0|startupRole:FOLLOWER] with OzoneManagerStateMachine:uninitialized
2023-05-05 09:11:13,975 [pool-329-thread-1] INFO  server.RaftServerConfigKeys (ConfUtils.java:logGet(46)) - raft.server.rpc.timeout.min = 1s (custom)
2023-05-05 09:11:13,975 [pool-329-thread-1] INFO  server.RaftServerConfigKeys (ConfUtils.java:logGet(46)) - raft.server.rpc.timeout.max = 1200ms (custom)
2023-05-05 09:11:13,975 [pool-329-thread-1] INFO  server.RaftServerConfigKeys (ConfUtils.java:logGet(46)) - raft.server.rpc.sleep.time = 25ms (default)
2023-05-05 09:11:13,975 [pool-329-thread-1] INFO  server.RaftServerConfigKeys (ConfUtils.java:logGet(46)) - raft.server.rpc.slowness.timeout = 120s (custom)
2023-05-05 09:11:13,975 [pool-329-thread-1] INFO  server.RaftServerConfigKeys (ConfUtils.java:logGet(46)) - raft.server.leaderelection.leader.step-down.wait-time = 10s (default)
2023-05-05 09:11:13,975 [pool-329-thread-1] INFO  server.RaftServerConfigKeys (ConfUtils.java:logGet(46)) - raft.server.sleep.deviation.threshold = 300ms (default)
2023-05-05 09:11:13,975 [pool-329-thread-1] INFO  server.RaftServer$Division (ServerState.java:<init>(118)) - om1@group-C5BA1605619E: ConfigurationManager, init=-1: peers:[om1|rpc:localhost:9872|priority:0|startupRole:FOLLOWER]|listeners:[], old=null, confs=<EMPTY_MAP>
2023-05-05 09:11:13,975 [pool-329-thread-1] INFO  server.RaftServerConfigKeys (ConfUtils.java:logGet(46)) - raft.server.storage.dir = [/home/runner/work/ozone/ozone/hadoop-ozone/integration-test/target/test-dir/MiniOzoneClusterImpl-c61bf99b-c16a-4bd9-9ddf-73aa51c031b9/ozone-meta/ratis] (custom)
2023-05-05 09:11:13,975 [pool-329-thread-1] INFO  server.RaftServerConfigKeys (ConfUtils.java:logGet(46)) - raft.server.log.corruption.policy = EXCEPTION (default)
2023-05-05 09:11:13,975 [pool-329-thread-1] INFO  server.RaftServerConfigKeys (ConfUtils.java:logGet(46)) - raft.server.storage.free-space.min = 0MB (=0) (default)
2023-05-05 09:11:13,976 [pool-329-thread-1] INFO  server.RaftServerConfigKeys (ConfUtils.java:logGet(46)) - raft.server.notification.no-leader.timeout = 120s (custom)
2023-05-05 09:11:13,976 [pool-329-thread-1] INFO  server.RaftServerConfigKeys (ConfUtils.java:logGet(46)) - raft.server.retrycache.expirytime = 300s (custom)
2023-05-05 09:11:13,976 [pool-329-thread-1] INFO  server.RaftServerConfigKeys (ConfUtils.java:logGet(46)) - raft.server.retrycache.statistics.expirytime = 100μs (default)
2023-05-05 09:11:13,977 [pool-329-thread-1] INFO  server.RaftServerConfigKeys (ConfUtils.java:logGet(46)) - raft.server.log.appender.install.snapshot.enabled = false (custom)
2023-05-05 09:11:13,979 [pool-329-thread-1] INFO  server.RaftServerConfigKeys (ConfUtils.java:logGet(46)) - raft.server.threadpool.server.cached = true (default)
2023-05-05 09:11:13,979 [pool-329-thread-1] INFO  server.RaftServerConfigKeys (ConfUtils.java:logGet(46)) - raft.server.threadpool.server.size = 0 (default)
2023-05-05 09:11:13,979 [pool-329-thread-1] INFO  server.RaftServerConfigKeys (ConfUtils.java:logGet(46)) - raft.server.threadpool.client.cached = true (default)
2023-05-05 09:11:13,979 [pool-329-thread-1] INFO  server.RaftServerConfigKeys (ConfUtils.java:logGet(46)) - raft.server.threadpool.client.size = 0 (default)
2023-05-05 09:11:14,391 [Listener at 0.0.0.0/39717] INFO  reflections.Reflections (Reflections.java:scan(232)) - Reflections took 417 ms to scan 19 urls, producing 68 keys and 5137 values [using 2 cores]
2023-05-05 09:11:14,393 [Listener at 0.0.0.0/39717] INFO  ipc.CallQueueManager (CallQueueManager.java:<init>(90)) - Using callQueue: class java.util.concurrent.LinkedBlockingQueue, queueCapacity: 2000, scheduler: class org.apache.hadoop.ipc.DefaultRpcScheduler, ipcBackoff: false.
2023-05-05 09:11:14,394 [Socket Reader #1 for port 0] INFO  ipc.Server (Server.java:run(1319)) - Starting Socket Reader #1 for port 0
2023-05-05 09:11:14,413 [Listener at 127.0.0.1/34263] INFO  impl.MetricsSystemImpl (MetricsSystemImpl.java:init(158)) - OzoneManager metrics system started (again)
2023-05-05 09:11:14,424 [Listener at 127.0.0.1/34263] INFO  om.OzoneManager (OzoneManager.java:start(1574)) - OzoneManager RPC server is listening at localhost/127.0.0.1:34263
2023-05-05 09:11:14,424 [Listener at 127.0.0.1/34263] INFO  ratis.OzoneManagerRatisServer (OzoneManagerRatisServer.java:start(558)) - Starting OzoneManagerRatisServer om1 at port 9872
2023-05-05 09:11:14,424 [om1-impl-thread1] INFO  storage.RaftStorageDirectory (RaftStorageDirectoryImpl.java:analyzeStorage(137)) - The storage directory /home/runner/work/ozone/ozone/hadoop-ozone/integration-test/target/test-dir/MiniOzoneClusterImpl-c61bf99b-c16a-4bd9-9ddf-73aa51c031b9/ozone-meta/ratis/bf265839-605b-3f16-9796-c5ba1605619e does not exist. Creating ...
2023-05-05 09:11:14,425 [om1-impl-thread1] INFO  storage.RaftStorageDirectory (RaftStorageDirectoryImpl.java:tryLock(231)) - Lock on /home/runner/work/ozone/ozone/hadoop-ozone/integration-test/target/test-dir/MiniOzoneClusterImpl-c61bf99b-c16a-4bd9-9ddf-73aa51c031b9/ozone-meta/ratis/bf265839-605b-3f16-9796-c5ba1605619e/in_use.lock acquired by nodename 7812@fv-az152-207
2023-05-05 09:11:14,426 [om1-impl-thread1] INFO  storage.RaftStorage (RaftStorageImpl.java:format(96)) - Storage directory /home/runner/work/ozone/ozone/hadoop-ozone/integration-test/target/test-dir/MiniOzoneClusterImpl-c61bf99b-c16a-4bd9-9ddf-73aa51c031b9/ozone-meta/ratis/bf265839-605b-3f16-9796-c5ba1605619e has been successfully formatted.
2023-05-05 09:11:14,427 [om1-impl-thread1] INFO  server.RaftServerConfigKeys (ConfUtils.java:logGet(46)) - raft.server.log.use.memory = false (default)
2023-05-05 09:11:14,427 [om1-impl-thread1] INFO  server.RaftServerConfigKeys (ConfUtils.java:logGet(46)) - raft.server.log.purge.gap = 1000000 (custom)
2023-05-05 09:11:14,427 [om1-impl-thread1] INFO  server.RaftServerConfigKeys (ConfUtils.java:logGet(46)) - raft.server.log.appender.buffer.byte-limit = 33554432 (custom)
2023-05-05 09:11:14,427 [om1-impl-thread1] INFO  server.RaftServerConfigKeys (ConfUtils.java:logGet(46)) - raft.server.log.statemachine.data.read.timeout = 1000ms (default)
2023-05-05 09:11:14,427 [om1-impl-thread1] INFO  server.RaftServerConfigKeys (ConfUtils.java:logGet(46)) - raft.server.log.purge.preservation.log.num = 0 (default)
2023-05-05 09:11:14,427 [om1-impl-thread1] INFO  server.RaftServerConfigKeys (ConfUtils.java:logGet(46)) - raft.server.log.segment.size.max = 4194304 (custom)
2023-05-05 09:11:14,427 [om1-impl-thread1] INFO  server.RaftServerConfigKeys (ConfUtils.java:logGet(46)) - raft.server.log.segment.cache.num.max = 2 (custom)
2023-05-05 09:11:14,427 [om1-impl-thread1] INFO  server.RaftServerConfigKeys (ConfUtils.java:logGet(46)) - raft.server.log.segment.cache.size.max = 200MB (=209715200) (default)
2023-05-05 09:11:14,427 [om1-impl-thread1] INFO  segmented.SegmentedRaftLogWorker (SegmentedRaftLogWorker.java:<init>(189)) - new om1@group-C5BA1605619E-SegmentedRaftLogWorker for RaftStorageImpl:Storage Directory /home/runner/work/ozone/ozone/hadoop-ozone/integration-test/target/test-dir/MiniOzoneClusterImpl-c61bf99b-c16a-4bd9-9ddf-73aa51c031b9/ozone-meta/ratis/bf265839-605b-3f16-9796-c5ba1605619e
2023-05-05 09:11:14,427 [om1-impl-thread1] INFO  server.RaftServerConfigKeys (ConfUtils.java:logGet(46)) - raft.server.log.queue.byte-limit = 64MB (=67108864) (default)
2023-05-05 09:11:14,427 [om1-impl-thread1] INFO  server.RaftServerConfigKeys (ConfUtils.java:logGet(46)) - raft.server.log.queue.element-limit = 4096 (default)
2023-05-05 09:11:14,427 [om1-impl-thread1] INFO  server.RaftServerConfigKeys (ConfUtils.java:logGet(46)) - raft.server.log.segment.size.max = 4194304 (custom)
2023-05-05 09:11:14,428 [om1-impl-thread1] INFO  server.RaftServerConfigKeys (ConfUtils.java:logGet(46)) - raft.server.log.preallocated.size = 4194304 (custom)
2023-05-05 09:11:14,428 [om1-impl-thread1] INFO  server.RaftServerConfigKeys (ConfUtils.java:logGet(46)) - raft.server.log.force.sync.num = 128 (default)
2023-05-05 09:11:14,428 [om1-impl-thread1] INFO  server.RaftServerConfigKeys (ConfUtils.java:logGet(46)) - raft.server.log.statemachine.data.sync = true (default)
2023-05-05 09:11:14,428 [om1-impl-thread1] INFO  server.RaftServerConfigKeys (ConfUtils.java:logGet(46)) - raft.server.log.statemachine.data.sync.timeout = 10s (default)
2023-05-05 09:11:14,428 [om1-impl-thread1] INFO  server.RaftServerConfigKeys (ConfUtils.java:logGet(46)) - raft.server.log.statemachine.data.sync.timeout.retry = -1 (default)
2023-05-05 09:11:14,428 [om1-impl-thread1] INFO  server.RaftServerConfigKeys (ConfUtils.java:logGet(46)) - raft.server.log.write.buffer.size = 64KB (=65536) (default)
2023-05-05 09:11:14,428 [om1-impl-thread1] INFO  server.RaftServerConfigKeys (ConfUtils.java:logGet(46)) - raft.server.log.appender.buffer.byte-limit = 33554432 (custom)
2023-05-05 09:11:14,433 [om1-impl-thread1] INFO  server.RaftServerConfigKeys (ConfUtils.java:logGet(46)) - raft.server.log.unsafe-flush.enabled = false (default)
2023-05-05 09:11:14,433 [om1-impl-thread1] INFO  server.RaftServerConfigKeys (ConfUtils.java:logGet(46)) - raft.server.log.async-flush.enabled = false (default)
2023-05-05 09:11:14,433 [om1-impl-thread1] INFO  server.RaftServerConfigKeys (ConfUtils.java:logGet(46)) - raft.server.log.statemachine.data.caching.enabled = false (default)
2023-05-05 09:11:14,433 [om1-impl-thread1] INFO  segmented.SegmentedRaftLogWorker (SegmentedRaftLogWorker.java:lambda$new$0(135)) - om1@group-C5BA1605619E-SegmentedRaftLogWorker: flushIndex: setUnconditionally 0 -> -1
2023-05-05 09:11:14,433 [om1-impl-thread1] INFO  segmented.SegmentedRaftLogWorker (SegmentedRaftLogWorker.java:lambda$new$0(135)) - om1@group-C5BA1605619E-SegmentedRaftLogWorker: safeCacheEvictIndex: setUnconditionally 0 -> -1
2023-05-05 09:11:14,433 [om1-impl-thread1] INFO  server.RaftServer$Division (RaftServerImpl.java:start(334)) - om1@group-C5BA1605619E: start as a follower, conf=-1: peers:[om1|rpc:localhost:9872|priority:0|startupRole:FOLLOWER]|listeners:[], old=null
2023-05-05 09:11:14,433 [om1-impl-thread1] INFO  server.RaftServer$Division (RaftServerImpl.java:setRole(321)) - om1@group-C5BA1605619E: changes role from      null to FOLLOWER at term 0 for startAsFollower
2023-05-05 09:11:14,433 [om1-impl-thread1] INFO  impl.RoleInfo (RoleInfo.java:updateAndGet(139)) - om1: start om1@group-C5BA1605619E-FollowerState
2023-05-05 09:11:14,434 [om1@group-C5BA1605619E-FollowerState] INFO  server.RaftServerConfigKeys (ConfUtils.java:logFallback(53)) - raft.server.rpc.first-election.timeout.min = 1s (fallback to raft.server.rpc.timeout.min)
2023-05-05 09:11:14,434 [om1-impl-thread1] INFO  util.JmxRegister (JmxRegister.java:tryRegister(44)) - Successfully registered JMX Bean with object name Ratis:service=RaftServer,group=group-C5BA1605619E,id=om1
2023-05-05 09:11:14,434 [om1@group-C5BA1605619E-FollowerState] INFO  server.RaftServerConfigKeys (ConfUtils.java:logFallback(53)) - raft.server.rpc.first-election.timeout.max = 1200ms (fallback to raft.server.rpc.timeout.max)
2023-05-05 09:11:14,434 [om1-impl-thread1] INFO  server.RaftServerConfigKeys (ConfUtils.java:logGet(46)) - raft.server.snapshot.auto.trigger.enabled = true (custom)
2023-05-05 09:11:14,434 [om1-impl-thread1] INFO  server.RaftServerConfigKeys (ConfUtils.java:logGet(46)) - raft.server.snapshot.auto.trigger.threshold = 400000 (default)
2023-05-05 09:11:14,434 [om1-impl-thread1] INFO  server.RaftServerConfigKeys (ConfUtils.java:logGet(46)) - raft.server.snapshot.retention.file.num = -1 (default)
2023-05-05 09:11:14,434 [om1-impl-thread1] INFO  server.RaftServerConfigKeys (ConfUtils.java:logGet(46)) - raft.server.log.purge.upto.snapshot.index = true (custom)
2023-05-05 09:11:14,434 [Listener at 127.0.0.1/34263] INFO  server.RaftServer (RaftServerProxy.java:startImpl(393)) - om1: start RPC server
2023-05-05 09:11:14,438 [Listener at 127.0.0.1/34263] INFO  server.GrpcService (GrpcService.java:startImpl(262)) - om1: GrpcService started, listening on 9872
2023-05-05 09:11:14,439 [JvmPauseMonitor6] INFO  util.JvmPauseMonitor (JvmPauseMonitor.java:run(105)) - JvmPauseMonitor-om1: Started
2023-05-05 09:11:14,439 [Listener at 127.0.0.1/34263] INFO  om.OzoneManager (OzoneManager.java:start(1590)) - Version File has different layout version (4) than OM DB (null). That is expected if this OM has never been finalized to a newer layout version.
2023-05-05 09:11:14,442 [Listener at 127.0.0.1/34263] INFO  http.BaseHttpServer (BaseHttpServer.java:newHttpServer2BuilderForOzone(224)) - Starting Web-server for ozoneManager at: http://0.0.0.0:0
2023-05-05 09:11:14,442 [Listener at 127.0.0.1/34263] INFO  http.BaseHttpServer (BaseHttpServer.java:<init>(111)) - Hadoop Security Enabled: false Ozone Security Enabled: false Ozone HTTP Security Enabled: false 
2023-05-05 09:11:14,444 [Listener at 127.0.0.1/34263] WARN  server.AuthenticationFilter (AuthenticationFilter.java:constructSecretProvider(240)) - Unable to initialize FileSignerSecretProvider, falling back to use random secrets. Reason: Could not read signature secret file: /home/runner/hadoop-http-auth-signature-secret
2023-05-05 09:11:14,444 [Listener at 127.0.0.1/34263] INFO  http.HttpRequestLog (HttpRequestLog.java:getRequestLog(86)) - Http request log for http.requests.ozoneManager is not defined
2023-05-05 09:11:14,446 [Listener at 127.0.0.1/34263] INFO  http.HttpServer2 (HttpServer2.java:addGlobalFilter(1031)) - Added global filter 'safety' (class=org.apache.hadoop.hdds.server.http.HttpServer2$QuotingInputFilter)
2023-05-05 09:11:14,448 [Listener at 127.0.0.1/34263] INFO  http.HttpServer2 (HttpServer2.java:addFilter(1007)) - Added filter static_user_filter (class=org.apache.hadoop.http.lib.StaticUserWebFilter$StaticUserFilter) to context ozoneManager
2023-05-05 09:11:14,448 [Listener at 127.0.0.1/34263] INFO  http.HttpServer2 (HttpServer2.java:addFilter(1015)) - Added filter static_user_filter (class=org.apache.hadoop.http.lib.StaticUserWebFilter$StaticUserFilter) to context static
2023-05-05 09:11:14,448 [Listener at 127.0.0.1/34263] INFO  http.HttpServer2 (HttpServer2.java:addFilter(1015)) - Added filter static_user_filter (class=org.apache.hadoop.http.lib.StaticUserWebFilter$StaticUserFilter) to context logs
2023-05-05 09:11:14,449 [Listener at 127.0.0.1/34263] INFO  http.BaseHttpServer (BaseHttpServer.java:<init>(190)) - HTTP server of ozoneManager uses base directory /home/runner/work/ozone/ozone/hadoop-ozone/integration-test/target/test-dir/MiniOzoneClusterImpl-c61bf99b-c16a-4bd9-9ddf-73aa51c031b9/ozone-meta/webserver
2023-05-05 09:11:14,449 [Listener at 127.0.0.1/34263] INFO  http.HttpServer2 (HttpServer2.java:bindListener(1250)) - Jetty bound to port 43915
2023-05-05 09:11:14,449 [Listener at 127.0.0.1/34263] INFO  server.Server (Server.java:doStart(375)) - jetty-9.4.51.v20230217; built: 2023-02-17T08:19:37.309Z; git: b45c405e4544384de066f814ed42ae3dceacdd49; jvm 1.8.0_362-b09
2023-05-05 09:11:14,451 [Listener at 127.0.0.1/34263] INFO  server.session (DefaultSessionIdManager.java:doStart(334)) - DefaultSessionIdManager workerName=node0
2023-05-05 09:11:14,451 [Listener at 127.0.0.1/34263] INFO  server.session (DefaultSessionIdManager.java:doStart(339)) - No SessionScavenger set, using defaults
2023-05-05 09:11:14,451 [Listener at 127.0.0.1/34263] INFO  server.session (HouseKeeper.java:startScavenging(132)) - node0 Scavenging every 600000ms
2023-05-05 09:11:14,452 [Listener at 127.0.0.1/34263] INFO  handler.ContextHandler (ContextHandler.java:doStart(921)) - Started o.e.j.s.ServletContextHandler@67411e98{logs,/logs,file:///home/runner/work/ozone/ozone/hadoop-ozone/integration-test/target/log,AVAILABLE}
2023-05-05 09:11:14,453 [Listener at 127.0.0.1/34263] INFO  handler.ContextHandler (ContextHandler.java:doStart(921)) - Started o.e.j.s.ServletContextHandler@654da0fd{static,/static,file:///home/runner/work/ozone/ozone/hadoop-ozone/integration-test/target/test-classes/webapps/static,AVAILABLE}
2023-05-05 09:11:14,457 [Listener at 127.0.0.1/34263] INFO  handler.ContextHandler (ContextHandler.java:doStart(921)) - Started o.e.j.w.WebAppContext@7cbb477c{ozoneManager,/,file:///home/runner/work/ozone/ozone/hadoop-ozone/integration-test/target/test-classes/webapps/ozoneManager/,AVAILABLE}{file:/home/runner/work/ozone/ozone/hadoop-ozone/integration-test/target/test-classes/webapps/ozoneManager}
2023-05-05 09:11:14,458 [Listener at 127.0.0.1/34263] INFO  server.AbstractConnector (AbstractConnector.java:doStart(333)) - Started ServerConnector@4fec23f1{HTTP/1.1, (http/1.1)}{0.0.0.0:43915}
2023-05-05 09:11:14,459 [Listener at 127.0.0.1/34263] INFO  server.Server (Server.java:doStart(415)) - Started @65812ms
2023-05-05 09:11:14,459 [Listener at 127.0.0.1/34263] WARN  impl.MetricsSystemImpl (MetricsSystemImpl.java:register(279)) - Sink prometheus already exists!
2023-05-05 09:11:14,459 [Listener at 127.0.0.1/34263] INFO  http.BaseHttpServer (BaseHttpServer.java:updateConnectorAddress(344)) - HTTP server of ozoneManager listening at http://0.0.0.0:43915
2023-05-05 09:11:14,460 [IPC Server Responder] INFO  ipc.Server (Server.java:run(1558)) - IPC Server Responder: starting
2023-05-05 09:11:14,463 [IPC Server listener on 0] INFO  ipc.Server (Server.java:run(1398)) - IPC Server listener on 0: starting
2023-05-05 09:11:14,466 [Listener at 127.0.0.1/34263] INFO  om.OzoneManager (OzoneManager.java:startTrashEmptier(2050)) - Trash Interval set to 0. Files deleted won't move to trash
2023-05-05 09:11:14,478 [Listener at 127.0.0.1/34263] WARN  impl.MetricRegistriesImpl (MetricRegistriesImpl.java:addReporterRegistration(111)) - New reporters are added after registries were created. Some metrics will be missing from the reporter. Please add reporter before adding any new registry.
2023-05-05 09:11:14,478 [Listener at 127.0.0.1/34263] WARN  impl.MetricRegistriesImpl (MetricRegistriesImpl.java:addReporterRegistration(111)) - New reporters are added after registries were created. Some metrics will be missing from the reporter. Please add reporter before adding any new registry.
2023-05-05 09:11:14,478 [Listener at 127.0.0.1/34263] INFO  impl.MetricsSystemImpl (MetricsSystemImpl.java:init(158)) - HddsDatanode metrics system started (again)
2023-05-05 09:11:14,482 [org.apache.hadoop.util.JvmPauseMonitor$Monitor@238e6bb3] INFO  util.JvmPauseMonitor (JvmPauseMonitor.java:run(188)) - Starting JVM pause monitor
2023-05-05 09:11:14,489 [Listener at 127.0.0.1/34263] INFO  ozone.HddsDatanodeService (HddsDatanodeService.java:start(252)) - HddsDatanodeService host:fv-az152-207.qln5d00okglujjccfnhxhxodph.cx.internal.cloudapp.net ip:10.1.0.42
2023-05-05 09:11:14,508 [Listener at 127.0.0.1/34263] INFO  upgrade.AbstractLayoutVersionManager (AbstractLayoutVersionManager.java:init(83)) - Initializing Layout version manager with metadata layout = WEBUI_PORTS_IN_DATANODEDETAILS (version = 6), software layout = WEBUI_PORTS_IN_DATANODEDETAILS (version = 6)
2023-05-05 09:11:14,554 [Listener at 127.0.0.1/34263] INFO  reflections.Reflections (Reflections.java:scan(232)) - Reflections took 45 ms to scan 7 urls, producing 156 keys and 369 values 
2023-05-05 09:11:14,556 [Listener at 127.0.0.1/34263] INFO  statemachine.DatanodeStateMachine (DatanodeStateMachine.java:getEndPointTaskThreadPoolSize(267)) - Datanode State Machine Task Thread Pool size 2
2023-05-05 09:11:14,558 [Listener at 127.0.0.1/34263] INFO  volume.HddsVolume (HddsVolume.java:<init>(130)) - Creating HddsVolume: /home/runner/work/ozone/ozone/hadoop-ozone/integration-test/target/test-dir/MiniOzoneClusterImpl-c61bf99b-c16a-4bd9-9ddf-73aa51c031b9/datanode-0/data-0/containers/hdds of storage type : DISK capacity : 9223372036854775807
2023-05-05 09:11:14,558 [Listener at 127.0.0.1/34263] INFO  volume.MutableVolumeSet (MutableVolumeSet.java:initializeVolumeSet(175)) - Added Volume : /home/runner/work/ozone/ozone/hadoop-ozone/integration-test/target/test-dir/MiniOzoneClusterImpl-c61bf99b-c16a-4bd9-9ddf-73aa51c031b9/datanode-0/data-0/containers/hdds to VolumeSet
2023-05-05 09:11:14,558 [Listener at 127.0.0.1/34263] INFO  volume.ThrottledAsyncChecker (ThrottledAsyncChecker.java:schedule(141)) - Scheduling a check for /home/runner/work/ozone/ozone/hadoop-ozone/integration-test/target/test-dir/MiniOzoneClusterImpl-c61bf99b-c16a-4bd9-9ddf-73aa51c031b9/datanode-0/data-0/containers/hdds
2023-05-05 09:11:14,559 [Listener at 127.0.0.1/34263] INFO  volume.StorageVolumeChecker (StorageVolumeChecker.java:checkAllVolumes(202)) - Scheduled health check for volume /home/runner/work/ozone/ozone/hadoop-ozone/integration-test/target/test-dir/MiniOzoneClusterImpl-c61bf99b-c16a-4bd9-9ddf-73aa51c031b9/datanode-0/data-0/containers/hdds
2023-05-05 09:11:14,570 [Listener at 127.0.0.1/34263] INFO  volume.MutableVolumeSet (MutableVolumeSet.java:initializeVolumeSet(175)) - Added Volume : /home/runner/work/ozone/ozone/hadoop-ozone/integration-test/target/test-dir/MiniOzoneClusterImpl-c61bf99b-c16a-4bd9-9ddf-73aa51c031b9/datanode-0/data/ratis to VolumeSet
2023-05-05 09:11:14,570 [Listener at 127.0.0.1/34263] INFO  volume.ThrottledAsyncChecker (ThrottledAsyncChecker.java:schedule(141)) - Scheduling a check for /home/runner/work/ozone/ozone/hadoop-ozone/integration-test/target/test-dir/MiniOzoneClusterImpl-c61bf99b-c16a-4bd9-9ddf-73aa51c031b9/datanode-0/data/ratis
2023-05-05 09:11:14,570 [Listener at 127.0.0.1/34263] INFO  volume.StorageVolumeChecker (StorageVolumeChecker.java:checkAllVolumes(202)) - Scheduled health check for volume /home/runner/work/ozone/ozone/hadoop-ozone/integration-test/target/test-dir/MiniOzoneClusterImpl-c61bf99b-c16a-4bd9-9ddf-73aa51c031b9/datanode-0/data/ratis
2023-05-05 09:11:14,580 [Thread-780] INFO  ozoneimpl.ContainerReader (ContainerReader.java:readVolume(175)) - Finish verifying containers on volume /home/runner/work/ozone/ozone/hadoop-ozone/integration-test/target/test-dir/MiniOzoneClusterImpl-c61bf99b-c16a-4bd9-9ddf-73aa51c031b9/datanode-0/data-0/containers/hdds
2023-05-05 09:11:14,580 [Listener at 127.0.0.1/34263] INFO  ozoneimpl.OzoneContainer (OzoneContainer.java:buildContainerSet(303)) - Build ContainerSet costs 0s
2023-05-05 09:11:14,582 [Listener at 127.0.0.1/34263] INFO  server.RaftServer (ConfUtils.java:logGet(46)) - raft.rpc.type = GRPC (default)
2023-05-05 09:11:14,582 [Listener at 127.0.0.1/34263] INFO  grpc.GrpcConfigKeys (ConfUtils.java:logFallback(53)) - raft.grpc.admin.host = null (fallback to raft.grpc.server.host)
2023-05-05 09:11:14,583 [Listener at 127.0.0.1/34263] INFO  grpc.GrpcConfigKeys (ConfUtils.java:logGet(46)) - raft.grpc.admin.port = 0 (custom)
2023-05-05 09:11:14,583 [Listener at 127.0.0.1/34263] INFO  grpc.GrpcConfigKeys (ConfUtils.java:logFallback(53)) - raft.grpc.client.host = null (fallback to raft.grpc.server.host)
2023-05-05 09:11:14,583 [Listener at 127.0.0.1/34263] INFO  grpc.GrpcConfigKeys (ConfUtils.java:logGet(46)) - raft.grpc.client.port = 0 (custom)
2023-05-05 09:11:14,583 [Listener at 127.0.0.1/34263] INFO  grpc.GrpcConfigKeys (ConfUtils.java:logGet(46)) - raft.grpc.server.host = null (default)
2023-05-05 09:11:14,583 [Listener at 127.0.0.1/34263] INFO  grpc.GrpcConfigKeys (ConfUtils.java:logGet(46)) - raft.grpc.server.port = 0 (default)
2023-05-05 09:11:14,583 [Listener at 127.0.0.1/34263] INFO  server.GrpcService (ConfUtils.java:logGet(46)) - raft.grpc.message.size.max = 32MB (=33554432) (custom)
2023-05-05 09:11:14,583 [Listener at 127.0.0.1/34263] INFO  server.RaftServerConfigKeys (ConfUtils.java:logGet(46)) - raft.server.log.appender.buffer.byte-limit = 33554432 (custom)
2023-05-05 09:11:14,583 [Listener at 127.0.0.1/34263] INFO  server.GrpcService (ConfUtils.java:logGet(46)) - raft.grpc.flow.control.window = 5MB (=5242880) (custom)
2023-05-05 09:11:14,583 [Listener at 127.0.0.1/34263] INFO  server.RaftServerConfigKeys (ConfUtils.java:logGet(46)) - raft.server.rpc.request.timeout = 60s (custom)
2023-05-05 09:11:14,583 [Listener at 127.0.0.1/34263] INFO  grpc.GrpcConfigKeys (ConfUtils.java:logGet(46)) - raft.grpc.server.heartbeat.channel = true (default)
2023-05-05 09:11:14,583 [Listener at 127.0.0.1/34263] INFO  grpc.GrpcConfigKeys (ConfUtils.java:logGet(46)) - raft.grpc.server.async.request.thread.pool.cached = true (default)
2023-05-05 09:11:14,583 [Listener at 127.0.0.1/34263] INFO  grpc.GrpcConfigKeys (ConfUtils.java:logGet(46)) - raft.grpc.server.async.request.thread.pool.size = 32 (default)
2023-05-05 09:11:14,584 [Listener at 127.0.0.1/34263] INFO  impl.DataStreamServerImpl (ConfUtils.java:logGet(46)) - raft.datastream.type = NETTY (custom)
2023-05-05 09:11:14,585 [Listener at 127.0.0.1/34263] INFO  server.RaftServerConfigKeys (ConfUtils.java:logGet(46)) - raft.server.data-stream.async.request.thread.pool.cached = false (default)
2023-05-05 09:11:14,585 [Listener at 127.0.0.1/34263] INFO  server.RaftServerConfigKeys (ConfUtils.java:logGet(46)) - raft.server.data-stream.async.request.thread.pool.size = 20 (custom)
2023-05-05 09:11:14,585 [Listener at 127.0.0.1/34263] INFO  server.RaftServerConfigKeys (ConfUtils.java:logGet(46)) - raft.server.data-stream.async.write.thread.pool.size = 16 (default)
2023-05-05 09:11:14,585 [Listener at 127.0.0.1/34263] INFO  server.RaftServerConfigKeys (ConfUtils.java:logGet(46)) - raft.server.data-stream.client.pool.size = 10 (default)
2023-05-05 09:11:14,585 [Listener at 127.0.0.1/34263] INFO  netty.NettyConfigKeys$DataStream (ConfUtils.java:logGet(46)) - raft.netty.dataStream.server.use-epoll = false (default)
2023-05-05 09:11:14,585 [Listener at 127.0.0.1/34263] INFO  netty.NettyConfigKeys$DataStream (ConfUtils.java:logGet(46)) - raft.netty.dataStream.server.boss-group.size = 0 (default)
2023-05-05 09:11:14,585 [Listener at 127.0.0.1/34263] INFO  netty.NettyConfigKeys$DataStream (ConfUtils.java:logGet(46)) - raft.netty.dataStream.server.worker-group.size = 0 (default)
2023-05-05 09:11:14,585 [Listener at 127.0.0.1/34263] INFO  netty.NettyConfigKeys$DataStream (ConfUtils.java:logGet(46)) - raft.netty.dataStream.server.tls.conf = null (default)
2023-05-05 09:11:14,586 [Listener at 127.0.0.1/34263] INFO  netty.NettyConfigKeys$DataStream (ConfUtils.java:logGet(46)) - raft.netty.dataStream.host = null (default)
2023-05-05 09:11:14,586 [Listener at 127.0.0.1/34263] INFO  netty.NettyConfigKeys$DataStream (ConfUtils.java:logGet(46)) - raft.netty.dataStream.port = 0 (default)
2023-05-05 09:11:14,586 [Listener at 127.0.0.1/34263] INFO  server.RaftServerConfigKeys (ConfUtils.java:logGet(46)) - raft.server.threadpool.proxy.cached = true (default)
2023-05-05 09:11:14,586 [Listener at 127.0.0.1/34263] INFO  server.RaftServerConfigKeys (ConfUtils.java:logGet(46)) - raft.server.threadpool.proxy.size = 0 (default)
2023-05-05 09:11:14,586 [Listener at 127.0.0.1/34263] INFO  server.RaftServerConfigKeys (ConfUtils.java:logGet(46)) - raft.server.rpc.slowness.timeout = 300s (custom)
2023-05-05 09:11:14,586 [Listener at 127.0.0.1/34263] INFO  server.RaftServerConfigKeys (ConfUtils.java:logGet(46)) - raft.server.leaderelection.leader.step-down.wait-time = 10s (default)
2023-05-05 09:11:14,587 [Listener at 127.0.0.1/34263] INFO  server.RaftServerConfigKeys (ConfUtils.java:logGet(46)) - raft.server.storage.dir = [/home/runner/work/ozone/ozone/hadoop-ozone/integration-test/target/test-dir/MiniOzoneClusterImpl-c61bf99b-c16a-4bd9-9ddf-73aa51c031b9/datanode-0/data/ratis] (custom)
2023-05-05 09:11:14,587 [01b6ceb7-397f-4531-b0f0-6cdac58298e0-NettyServerStreamRpc-bossGroup--thread1] INFO  logging.LoggingHandler (AbstractInternalLogger.java:log(148)) - [id: 0xfe2e969b] REGISTERED
2023-05-05 09:11:14,587 [01b6ceb7-397f-4531-b0f0-6cdac58298e0-NettyServerStreamRpc-bossGroup--thread1] INFO  logging.LoggingHandler (AbstractInternalLogger.java:log(148)) - [id: 0xfe2e969b] BIND: 0.0.0.0/0.0.0.0:0
2023-05-05 09:11:14,587 [01b6ceb7-397f-4531-b0f0-6cdac58298e0-NettyServerStreamRpc-bossGroup--thread1] INFO  logging.LoggingHandler (AbstractInternalLogger.java:log(148)) - [id: 0xfe2e969b, L:/0:0:0:0:0:0:0:0:36671] ACTIVE
2023-05-05 09:11:14,588 [Listener at 127.0.0.1/34263] INFO  server.XceiverServerGrpc (XceiverServerGrpc.java:<init>(132)) - GrpcServer channel type EpollServerSocketChannel
2023-05-05 09:11:14,589 [Listener at 127.0.0.1/34263] INFO  replication.ReplicationSupervisor (ReplicationSupervisor.java:nodeStateUpdated(290)) - Node state updated to IN_SERVICE, scaling executor pool size to 10
2023-05-05 09:11:14,591 [Listener at 127.0.0.1/34263] INFO  http.BaseHttpServer (BaseHttpServer.java:newHttpServer2BuilderForOzone(224)) - Starting Web-server for hddsDatanode at: http://0.0.0.0:0
2023-05-05 09:11:14,591 [Listener at 127.0.0.1/34263] INFO  http.BaseHttpServer (BaseHttpServer.java:<init>(111)) - Hadoop Security Enabled: false Ozone Security Enabled: false Ozone HTTP Security Enabled: false 
2023-05-05 09:11:14,592 [Listener at 127.0.0.1/34263] WARN  server.AuthenticationFilter (AuthenticationFilter.java:constructSecretProvider(240)) - Unable to initialize FileSignerSecretProvider, falling back to use random secrets. Reason: Could not read signature secret file: /home/runner/hadoop-http-auth-signature-secret
2023-05-05 09:11:14,593 [Listener at 127.0.0.1/34263] INFO  http.HttpRequestLog (HttpRequestLog.java:getRequestLog(86)) - Http request log for http.requests.hddsDatanode is not defined
2023-05-05 09:11:14,595 [Listener at 127.0.0.1/34263] INFO  http.HttpServer2 (HttpServer2.java:addGlobalFilter(1031)) - Added global filter 'safety' (class=org.apache.hadoop.hdds.server.http.HttpServer2$QuotingInputFilter)
2023-05-05 09:11:14,595 [Listener at 127.0.0.1/34263] INFO  http.HttpServer2 (HttpServer2.java:addFilter(1007)) - Added filter static_user_filter (class=org.apache.hadoop.http.lib.StaticUserWebFilter$StaticUserFilter) to context hddsDatanode
2023-05-05 09:11:14,595 [Listener at 127.0.0.1/34263] INFO  http.HttpServer2 (HttpServer2.java:addFilter(1015)) - Added filter static_user_filter (class=org.apache.hadoop.http.lib.StaticUserWebFilter$StaticUserFilter) to context logs
2023-05-05 09:11:14,595 [Listener at 127.0.0.1/34263] INFO  http.HttpServer2 (HttpServer2.java:addFilter(1015)) - Added filter static_user_filter (class=org.apache.hadoop.http.lib.StaticUserWebFilter$StaticUserFilter) to context static
2023-05-05 09:11:14,596 [Listener at 127.0.0.1/34263] INFO  http.BaseHttpServer (BaseHttpServer.java:<init>(190)) - HTTP server of hddsDatanode uses base directory /home/runner/work/ozone/ozone/hadoop-ozone/integration-test/target/test-dir/MiniOzoneClusterImpl-c61bf99b-c16a-4bd9-9ddf-73aa51c031b9/datanode-0/meta/webserver
2023-05-05 09:11:14,596 [Listener at 127.0.0.1/34263] INFO  http.HttpServer2 (HttpServer2.java:bindListener(1250)) - Jetty bound to port 32903
2023-05-05 09:11:14,596 [Listener at 127.0.0.1/34263] INFO  server.Server (Server.java:doStart(375)) - jetty-9.4.51.v20230217; built: 2023-02-17T08:19:37.309Z; git: b45c405e4544384de066f814ed42ae3dceacdd49; jvm 1.8.0_362-b09
2023-05-05 09:11:14,597 [Listener at 127.0.0.1/34263] INFO  server.session (DefaultSessionIdManager.java:doStart(334)) - DefaultSessionIdManager workerName=node0
2023-05-05 09:11:14,597 [Listener at 127.0.0.1/34263] INFO  server.session (DefaultSessionIdManager.java:doStart(339)) - No SessionScavenger set, using defaults
2023-05-05 09:11:14,597 [Listener at 127.0.0.1/34263] INFO  server.session (HouseKeeper.java:startScavenging(132)) - node0 Scavenging every 600000ms
2023-05-05 09:11:14,598 [Listener at 127.0.0.1/34263] INFO  handler.ContextHandler (ContextHandler.java:doStart(921)) - Started o.e.j.s.ServletContextHandler@54e83d78{logs,/logs,file:///home/runner/work/ozone/ozone/hadoop-ozone/integration-test/target/log,AVAILABLE}
2023-05-05 09:11:14,598 [Listener at 127.0.0.1/34263] INFO  handler.ContextHandler (ContextHandler.java:doStart(921)) - Started o.e.j.s.ServletContextHandler@22f4fbe0{static,/static,jar:file:/home/runner/.m2/repository/org/apache/ozone/hdds-container-service/1.4.0-SNAPSHOT/hdds-container-service-1.4.0-SNAPSHOT.jar!/webapps/static,AVAILABLE}
2023-05-05 09:11:14,791 [Listener at 127.0.0.1/34263] INFO  handler.ContextHandler (ContextHandler.java:doStart(921)) - Started o.e.j.w.WebAppContext@49fd6f00{hddsDatanode,/,file:///home/runner/work/ozone/ozone/hadoop-ozone/integration-test/target/test-dir/MiniOzoneClusterImpl-c61bf99b-c16a-4bd9-9ddf-73aa51c031b9/datanode-0/meta/webserver/jetty-0_0_0_0-32903-hdds-container-service-1_4_0-SNAPSHOT_jar-_-any-1097732387726282356/webapp/,AVAILABLE}{jar:file:/home/runner/.m2/repository/org/apache/ozone/hdds-container-service/1.4.0-SNAPSHOT/hdds-container-service-1.4.0-SNAPSHOT.jar!/webapps/hddsDatanode}
2023-05-05 09:11:14,793 [Listener at 127.0.0.1/34263] INFO  server.AbstractConnector (AbstractConnector.java:doStart(333)) - Started ServerConnector@37cf8047{HTTP/1.1, (http/1.1)}{0.0.0.0:32903}
2023-05-05 09:11:14,793 [Listener at 127.0.0.1/34263] INFO  server.Server (Server.java:doStart(415)) - Started @66147ms
2023-05-05 09:11:14,794 [Listener at 127.0.0.1/34263] WARN  impl.MetricsSystemImpl (MetricsSystemImpl.java:register(279)) - Sink prometheus already exists!
2023-05-05 09:11:14,796 [Listener at 127.0.0.1/34263] INFO  http.BaseHttpServer (BaseHttpServer.java:updateConnectorAddress(344)) - HTTP server of hddsDatanode listening at http://0.0.0.0:32903
2023-05-05 09:11:14,798 [Datanode State Machine Daemon Thread] INFO  statemachine.DatanodeStateMachine (DatanodeStateMachine.java:lambda$startDaemon$0(524)) - Ozone container server started.
2023-05-05 09:11:14,805 [Listener at 127.0.0.1/34263] WARN  impl.MetricRegistriesImpl (MetricRegistriesImpl.java:addReporterRegistration(111)) - New reporters are added after registries were created. Some metrics will be missing from the reporter. Please add reporter before adding any new registry.
2023-05-05 09:11:14,805 [Listener at 127.0.0.1/34263] WARN  impl.MetricRegistriesImpl (MetricRegistriesImpl.java:addReporterRegistration(111)) - New reporters are added after registries were created. Some metrics will be missing from the reporter. Please add reporter before adding any new registry.
2023-05-05 09:11:14,805 [Listener at 127.0.0.1/34263] INFO  impl.MetricsSystemImpl (MetricsSystemImpl.java:init(158)) - HddsDatanode metrics system started (again)
2023-05-05 09:11:14,812 [org.apache.hadoop.util.JvmPauseMonitor$Monitor@68a4b6c1] INFO  util.JvmPauseMonitor (JvmPauseMonitor.java:run(188)) - Starting JVM pause monitor
2023-05-05 09:11:14,818 [Listener at 127.0.0.1/34263] INFO  ozone.HddsDatanodeService (HddsDatanodeService.java:start(252)) - HddsDatanodeService host:fv-az152-207.qln5d00okglujjccfnhxhxodph.cx.internal.cloudapp.net ip:10.1.0.42
2023-05-05 09:11:14,824 [Datanode State Machine Task Thread - 0] INFO  datanode.InitDatanodeState (InitDatanodeState.java:persistContainerDatanodeDetails(138)) - DatanodeDetails is persisted to /home/runner/work/ozone/ozone/hadoop-ozone/integration-test/target/test-dir/MiniOzoneClusterImpl-c61bf99b-c16a-4bd9-9ddf-73aa51c031b9/datanode-0/meta/datanode.id
2023-05-05 09:11:14,841 [Listener at 127.0.0.1/34263] INFO  upgrade.AbstractLayoutVersionManager (AbstractLayoutVersionManager.java:init(83)) - Initializing Layout version manager with metadata layout = WEBUI_PORTS_IN_DATANODEDETAILS (version = 6), software layout = WEBUI_PORTS_IN_DATANODEDETAILS (version = 6)
2023-05-05 09:11:14,888 [Listener at 127.0.0.1/34263] INFO  reflections.Reflections (Reflections.java:scan(232)) - Reflections took 46 ms to scan 7 urls, producing 156 keys and 369 values 
2023-05-05 09:11:14,890 [Listener at 127.0.0.1/34263] INFO  statemachine.DatanodeStateMachine (DatanodeStateMachine.java:getEndPointTaskThreadPoolSize(267)) - Datanode State Machine Task Thread Pool size 2
2023-05-05 09:11:14,893 [Listener at 127.0.0.1/34263] INFO  volume.HddsVolume (HddsVolume.java:<init>(130)) - Creating HddsVolume: /home/runner/work/ozone/ozone/hadoop-ozone/integration-test/target/test-dir/MiniOzoneClusterImpl-c61bf99b-c16a-4bd9-9ddf-73aa51c031b9/datanode-1/data-0/containers/hdds of storage type : DISK capacity : 9223372036854775807
2023-05-05 09:11:14,893 [Listener at 127.0.0.1/34263] INFO  volume.MutableVolumeSet (MutableVolumeSet.java:initializeVolumeSet(175)) - Added Volume : /home/runner/work/ozone/ozone/hadoop-ozone/integration-test/target/test-dir/MiniOzoneClusterImpl-c61bf99b-c16a-4bd9-9ddf-73aa51c031b9/datanode-1/data-0/containers/hdds to VolumeSet
2023-05-05 09:11:14,893 [Listener at 127.0.0.1/34263] INFO  volume.ThrottledAsyncChecker (ThrottledAsyncChecker.java:schedule(141)) - Scheduling a check for /home/runner/work/ozone/ozone/hadoop-ozone/integration-test/target/test-dir/MiniOzoneClusterImpl-c61bf99b-c16a-4bd9-9ddf-73aa51c031b9/datanode-1/data-0/containers/hdds
2023-05-05 09:11:14,897 [Listener at 127.0.0.1/34263] INFO  volume.StorageVolumeChecker (StorageVolumeChecker.java:checkAllVolumes(202)) - Scheduled health check for volume /home/runner/work/ozone/ozone/hadoop-ozone/integration-test/target/test-dir/MiniOzoneClusterImpl-c61bf99b-c16a-4bd9-9ddf-73aa51c031b9/datanode-1/data-0/containers/hdds
2023-05-05 09:11:14,909 [Listener at 127.0.0.1/34263] INFO  volume.MutableVolumeSet (MutableVolumeSet.java:initializeVolumeSet(175)) - Added Volume : /home/runner/work/ozone/ozone/hadoop-ozone/integration-test/target/test-dir/MiniOzoneClusterImpl-c61bf99b-c16a-4bd9-9ddf-73aa51c031b9/datanode-1/data/ratis to VolumeSet
2023-05-05 09:11:14,909 [Listener at 127.0.0.1/34263] INFO  volume.ThrottledAsyncChecker (ThrottledAsyncChecker.java:schedule(141)) - Scheduling a check for /home/runner/work/ozone/ozone/hadoop-ozone/integration-test/target/test-dir/MiniOzoneClusterImpl-c61bf99b-c16a-4bd9-9ddf-73aa51c031b9/datanode-1/data/ratis
2023-05-05 09:11:14,909 [Listener at 127.0.0.1/34263] INFO  volume.StorageVolumeChecker (StorageVolumeChecker.java:checkAllVolumes(202)) - Scheduled health check for volume /home/runner/work/ozone/ozone/hadoop-ozone/integration-test/target/test-dir/MiniOzoneClusterImpl-c61bf99b-c16a-4bd9-9ddf-73aa51c031b9/datanode-1/data/ratis
2023-05-05 09:11:14,919 [Thread-794] INFO  ozoneimpl.ContainerReader (ContainerReader.java:readVolume(175)) - Finish verifying containers on volume /home/runner/work/ozone/ozone/hadoop-ozone/integration-test/target/test-dir/MiniOzoneClusterImpl-c61bf99b-c16a-4bd9-9ddf-73aa51c031b9/datanode-1/data-0/containers/hdds
2023-05-05 09:11:14,919 [Listener at 127.0.0.1/34263] INFO  ozoneimpl.OzoneContainer (OzoneContainer.java:buildContainerSet(303)) - Build ContainerSet costs 0s
2023-05-05 09:11:14,922 [Listener at 127.0.0.1/34263] INFO  server.RaftServer (ConfUtils.java:logGet(46)) - raft.rpc.type = GRPC (default)
2023-05-05 09:11:14,922 [Listener at 127.0.0.1/34263] INFO  grpc.GrpcConfigKeys (ConfUtils.java:logFallback(53)) - raft.grpc.admin.host = null (fallback to raft.grpc.server.host)
2023-05-05 09:11:14,922 [Listener at 127.0.0.1/34263] INFO  grpc.GrpcConfigKeys (ConfUtils.java:logGet(46)) - raft.grpc.admin.port = 0 (custom)
2023-05-05 09:11:14,923 [Listener at 127.0.0.1/34263] INFO  grpc.GrpcConfigKeys (ConfUtils.java:logFallback(53)) - raft.grpc.client.host = null (fallback to raft.grpc.server.host)
2023-05-05 09:11:14,923 [Listener at 127.0.0.1/34263] INFO  grpc.GrpcConfigKeys (ConfUtils.java:logGet(46)) - raft.grpc.client.port = 0 (custom)
2023-05-05 09:11:14,923 [Listener at 127.0.0.1/34263] INFO  grpc.GrpcConfigKeys (ConfUtils.java:logGet(46)) - raft.grpc.server.host = null (default)
2023-05-05 09:11:14,923 [Listener at 127.0.0.1/34263] INFO  grpc.GrpcConfigKeys (ConfUtils.java:logGet(46)) - raft.grpc.server.port = 0 (default)
2023-05-05 09:11:14,923 [Listener at 127.0.0.1/34263] INFO  server.GrpcService (ConfUtils.java:logGet(46)) - raft.grpc.message.size.max = 32MB (=33554432) (custom)
2023-05-05 09:11:14,923 [Listener at 127.0.0.1/34263] INFO  server.RaftServerConfigKeys (ConfUtils.java:logGet(46)) - raft.server.log.appender.buffer.byte-limit = 33554432 (custom)
2023-05-05 09:11:14,923 [Listener at 127.0.0.1/34263] INFO  server.GrpcService (ConfUtils.java:logGet(46)) - raft.grpc.flow.control.window = 5MB (=5242880) (custom)
2023-05-05 09:11:14,923 [Listener at 127.0.0.1/34263] INFO  server.RaftServerConfigKeys (ConfUtils.java:logGet(46)) - raft.server.rpc.request.timeout = 60s (custom)
2023-05-05 09:11:14,923 [Listener at 127.0.0.1/34263] INFO  grpc.GrpcConfigKeys (ConfUtils.java:logGet(46)) - raft.grpc.server.heartbeat.channel = true (default)
2023-05-05 09:11:14,923 [Listener at 127.0.0.1/34263] INFO  grpc.GrpcConfigKeys (ConfUtils.java:logGet(46)) - raft.grpc.server.async.request.thread.pool.cached = true (default)
2023-05-05 09:11:14,923 [Listener at 127.0.0.1/34263] INFO  grpc.GrpcConfigKeys (ConfUtils.java:logGet(46)) - raft.grpc.server.async.request.thread.pool.size = 32 (default)
2023-05-05 09:11:14,924 [Listener at 127.0.0.1/34263] INFO  impl.DataStreamServerImpl (ConfUtils.java:logGet(46)) - raft.datastream.type = NETTY (custom)
2023-05-05 09:11:14,925 [Listener at 127.0.0.1/34263] INFO  server.RaftServerConfigKeys (ConfUtils.java:logGet(46)) - raft.server.data-stream.async.request.thread.pool.cached = false (default)
2023-05-05 09:11:14,925 [Listener at 127.0.0.1/34263] INFO  server.RaftServerConfigKeys (ConfUtils.java:logGet(46)) - raft.server.data-stream.async.request.thread.pool.size = 20 (custom)
2023-05-05 09:11:14,925 [Listener at 127.0.0.1/34263] INFO  server.RaftServerConfigKeys (ConfUtils.java:logGet(46)) - raft.server.data-stream.async.write.thread.pool.size = 16 (default)
2023-05-05 09:11:14,925 [Listener at 127.0.0.1/34263] INFO  server.RaftServerConfigKeys (ConfUtils.java:logGet(46)) - raft.server.data-stream.client.pool.size = 10 (default)
2023-05-05 09:11:14,925 [Listener at 127.0.0.1/34263] INFO  netty.NettyConfigKeys$DataStream (ConfUtils.java:logGet(46)) - raft.netty.dataStream.server.use-epoll = false (default)
2023-05-05 09:11:14,925 [Listener at 127.0.0.1/34263] INFO  netty.NettyConfigKeys$DataStream (ConfUtils.java:logGet(46)) - raft.netty.dataStream.server.boss-group.size = 0 (default)
2023-05-05 09:11:14,926 [Listener at 127.0.0.1/34263] INFO  netty.NettyConfigKeys$DataStream (ConfUtils.java:logGet(46)) - raft.netty.dataStream.server.worker-group.size = 0 (default)
2023-05-05 09:11:14,926 [Listener at 127.0.0.1/34263] INFO  netty.NettyConfigKeys$DataStream (ConfUtils.java:logGet(46)) - raft.netty.dataStream.server.tls.conf = null (default)
2023-05-05 09:11:14,926 [Listener at 127.0.0.1/34263] INFO  netty.NettyConfigKeys$DataStream (ConfUtils.java:logGet(46)) - raft.netty.dataStream.host = null (default)
2023-05-05 09:11:14,926 [Listener at 127.0.0.1/34263] INFO  netty.NettyConfigKeys$DataStream (ConfUtils.java:logGet(46)) - raft.netty.dataStream.port = 0 (default)
2023-05-05 09:11:14,927 [Listener at 127.0.0.1/34263] INFO  server.RaftServerConfigKeys (ConfUtils.java:logGet(46)) - raft.server.threadpool.proxy.cached = true (default)
2023-05-05 09:11:14,927 [Listener at 127.0.0.1/34263] INFO  server.RaftServerConfigKeys (ConfUtils.java:logGet(46)) - raft.server.threadpool.proxy.size = 0 (default)
2023-05-05 09:11:14,927 [Listener at 127.0.0.1/34263] INFO  server.RaftServerConfigKeys (ConfUtils.java:logGet(46)) - raft.server.rpc.slowness.timeout = 300s (custom)
2023-05-05 09:11:14,927 [Listener at 127.0.0.1/34263] INFO  server.RaftServerConfigKeys (ConfUtils.java:logGet(46)) - raft.server.leaderelection.leader.step-down.wait-time = 10s (default)
2023-05-05 09:11:14,927 [Listener at 127.0.0.1/34263] INFO  server.RaftServerConfigKeys (ConfUtils.java:logGet(46)) - raft.server.storage.dir = [/home/runner/work/ozone/ozone/hadoop-ozone/integration-test/target/test-dir/MiniOzoneClusterImpl-c61bf99b-c16a-4bd9-9ddf-73aa51c031b9/datanode-1/data/ratis] (custom)
2023-05-05 09:11:14,927 [cbbeb21a-10ea-4a95-b948-f7c95f693eb9-NettyServerStreamRpc-bossGroup--thread1] INFO  logging.LoggingHandler (AbstractInternalLogger.java:log(148)) - [id: 0x84847131] REGISTERED
2023-05-05 09:11:14,927 [cbbeb21a-10ea-4a95-b948-f7c95f693eb9-NettyServerStreamRpc-bossGroup--thread1] INFO  logging.LoggingHandler (AbstractInternalLogger.java:log(148)) - [id: 0x84847131] BIND: 0.0.0.0/0.0.0.0:0
2023-05-05 09:11:14,928 [cbbeb21a-10ea-4a95-b948-f7c95f693eb9-NettyServerStreamRpc-bossGroup--thread1] INFO  logging.LoggingHandler (AbstractInternalLogger.java:log(148)) - [id: 0x84847131, L:/0:0:0:0:0:0:0:0:37147] ACTIVE
2023-05-05 09:11:14,929 [Listener at 127.0.0.1/34263] INFO  server.XceiverServerGrpc (XceiverServerGrpc.java:<init>(132)) - GrpcServer channel type EpollServerSocketChannel
2023-05-05 09:11:14,930 [Listener at 127.0.0.1/34263] INFO  replication.ReplicationSupervisor (ReplicationSupervisor.java:nodeStateUpdated(290)) - Node state updated to IN_SERVICE, scaling executor pool size to 10
2023-05-05 09:11:14,932 [Listener at 127.0.0.1/34263] INFO  http.BaseHttpServer (BaseHttpServer.java:newHttpServer2BuilderForOzone(224)) - Starting Web-server for hddsDatanode at: http://0.0.0.0:0
2023-05-05 09:11:14,932 [Listener at 127.0.0.1/34263] INFO  http.BaseHttpServer (BaseHttpServer.java:<init>(111)) - Hadoop Security Enabled: false Ozone Security Enabled: false Ozone HTTP Security Enabled: false 
2023-05-05 09:11:14,933 [Listener at 127.0.0.1/34263] WARN  server.AuthenticationFilter (AuthenticationFilter.java:constructSecretProvider(240)) - Unable to initialize FileSignerSecretProvider, falling back to use random secrets. Reason: Could not read signature secret file: /home/runner/hadoop-http-auth-signature-secret
2023-05-05 09:11:14,933 [Listener at 127.0.0.1/34263] INFO  http.HttpRequestLog (HttpRequestLog.java:getRequestLog(86)) - Http request log for http.requests.hddsDatanode is not defined
2023-05-05 09:11:14,935 [Listener at 127.0.0.1/34263] INFO  http.HttpServer2 (HttpServer2.java:addGlobalFilter(1031)) - Added global filter 'safety' (class=org.apache.hadoop.hdds.server.http.HttpServer2$QuotingInputFilter)
2023-05-05 09:11:14,935 [Listener at 127.0.0.1/34263] INFO  http.HttpServer2 (HttpServer2.java:addFilter(1007)) - Added filter static_user_filter (class=org.apache.hadoop.http.lib.StaticUserWebFilter$StaticUserFilter) to context hddsDatanode
2023-05-05 09:11:14,935 [Listener at 127.0.0.1/34263] INFO  http.HttpServer2 (HttpServer2.java:addFilter(1015)) - Added filter static_user_filter (class=org.apache.hadoop.http.lib.StaticUserWebFilter$StaticUserFilter) to context logs
2023-05-05 09:11:14,935 [Listener at 127.0.0.1/34263] INFO  http.HttpServer2 (HttpServer2.java:addFilter(1015)) - Added filter static_user_filter (class=org.apache.hadoop.http.lib.StaticUserWebFilter$StaticUserFilter) to context static
2023-05-05 09:11:14,936 [Listener at 127.0.0.1/34263] INFO  http.BaseHttpServer (BaseHttpServer.java:<init>(190)) - HTTP server of hddsDatanode uses base directory /home/runner/work/ozone/ozone/hadoop-ozone/integration-test/target/test-dir/MiniOzoneClusterImpl-c61bf99b-c16a-4bd9-9ddf-73aa51c031b9/datanode-1/meta/webserver
2023-05-05 09:11:14,936 [Listener at 127.0.0.1/34263] INFO  http.HttpServer2 (HttpServer2.java:bindListener(1250)) - Jetty bound to port 42027
2023-05-05 09:11:14,936 [Listener at 127.0.0.1/34263] INFO  server.Server (Server.java:doStart(375)) - jetty-9.4.51.v20230217; built: 2023-02-17T08:19:37.309Z; git: b45c405e4544384de066f814ed42ae3dceacdd49; jvm 1.8.0_362-b09
2023-05-05 09:11:14,944 [Listener at 127.0.0.1/34263] INFO  server.session (DefaultSessionIdManager.java:doStart(334)) - DefaultSessionIdManager workerName=node0
2023-05-05 09:11:14,944 [Listener at 127.0.0.1/34263] INFO  server.session (DefaultSessionIdManager.java:doStart(339)) - No SessionScavenger set, using defaults
2023-05-05 09:11:14,944 [Listener at 127.0.0.1/34263] INFO  server.session (HouseKeeper.java:startScavenging(132)) - node0 Scavenging every 660000ms
2023-05-05 09:11:14,945 [Listener at 127.0.0.1/34263] INFO  handler.ContextHandler (ContextHandler.java:doStart(921)) - Started o.e.j.s.ServletContextHandler@3d5a722b{logs,/logs,file:///home/runner/work/ozone/ozone/hadoop-ozone/integration-test/target/log,AVAILABLE}
2023-05-05 09:11:14,945 [Listener at 127.0.0.1/34263] INFO  handler.ContextHandler (ContextHandler.java:doStart(921)) - Started o.e.j.s.ServletContextHandler@242055b4{static,/static,jar:file:/home/runner/.m2/repository/org/apache/ozone/hdds-container-service/1.4.0-SNAPSHOT/hdds-container-service-1.4.0-SNAPSHOT.jar!/webapps/static,AVAILABLE}
2023-05-05 09:11:15,136 [Listener at 127.0.0.1/34263] INFO  handler.ContextHandler (ContextHandler.java:doStart(921)) - Started o.e.j.w.WebAppContext@573d916b{hddsDatanode,/,file:///home/runner/work/ozone/ozone/hadoop-ozone/integration-test/target/test-dir/MiniOzoneClusterImpl-c61bf99b-c16a-4bd9-9ddf-73aa51c031b9/datanode-1/meta/webserver/jetty-0_0_0_0-42027-hdds-container-service-1_4_0-SNAPSHOT_jar-_-any-5961320549396676799/webapp/,AVAILABLE}{jar:file:/home/runner/.m2/repository/org/apache/ozone/hdds-container-service/1.4.0-SNAPSHOT/hdds-container-service-1.4.0-SNAPSHOT.jar!/webapps/hddsDatanode}
2023-05-05 09:11:15,138 [Listener at 127.0.0.1/34263] INFO  server.AbstractConnector (AbstractConnector.java:doStart(333)) - Started ServerConnector@3ae3e2e0{HTTP/1.1, (http/1.1)}{0.0.0.0:42027}
2023-05-05 09:11:15,138 [Listener at 127.0.0.1/34263] INFO  server.Server (Server.java:doStart(415)) - Started @66491ms
2023-05-05 09:11:15,138 [Listener at 127.0.0.1/34263] WARN  impl.MetricsSystemImpl (MetricsSystemImpl.java:register(279)) - Sink prometheus already exists!
2023-05-05 09:11:15,139 [Listener at 127.0.0.1/34263] INFO  http.BaseHttpServer (BaseHttpServer.java:updateConnectorAddress(344)) - HTTP server of hddsDatanode listening at http://0.0.0.0:42027
2023-05-05 09:11:15,140 [Listener at 127.0.0.1/34263] WARN  impl.MetricRegistriesImpl (MetricRegistriesImpl.java:addReporterRegistration(111)) - New reporters are added after registries were created. Some metrics will be missing from the reporter. Please add reporter before adding any new registry.
2023-05-05 09:11:15,140 [Listener at 127.0.0.1/34263] WARN  impl.MetricRegistriesImpl (MetricRegistriesImpl.java:addReporterRegistration(111)) - New reporters are added after registries were created. Some metrics will be missing from the reporter. Please add reporter before adding any new registry.
2023-05-05 09:11:15,140 [Listener at 127.0.0.1/34263] INFO  impl.MetricsSystemImpl (MetricsSystemImpl.java:init(158)) - HddsDatanode metrics system started (again)
2023-05-05 09:11:15,146 [Datanode State Machine Daemon Thread] INFO  statemachine.DatanodeStateMachine (DatanodeStateMachine.java:lambda$startDaemon$0(524)) - Ozone container server started.
2023-05-05 09:11:15,169 [org.apache.hadoop.util.JvmPauseMonitor$Monitor@3d58e84b] INFO  util.JvmPauseMonitor (JvmPauseMonitor.java:run(188)) - Starting JVM pause monitor
2023-05-05 09:11:15,171 [Listener at 127.0.0.1/34263] INFO  ozone.HddsDatanodeService (HddsDatanodeService.java:start(252)) - HddsDatanodeService host:fv-az152-207.qln5d00okglujjccfnhxhxodph.cx.internal.cloudapp.net ip:10.1.0.42
2023-05-05 09:11:15,175 [Datanode State Machine Task Thread - 0] INFO  datanode.InitDatanodeState (InitDatanodeState.java:persistContainerDatanodeDetails(138)) - DatanodeDetails is persisted to /home/runner/work/ozone/ozone/hadoop-ozone/integration-test/target/test-dir/MiniOzoneClusterImpl-c61bf99b-c16a-4bd9-9ddf-73aa51c031b9/datanode-1/meta/datanode.id
2023-05-05 09:11:15,195 [Listener at 127.0.0.1/34263] INFO  upgrade.AbstractLayoutVersionManager (AbstractLayoutVersionManager.java:init(83)) - Initializing Layout version manager with metadata layout = WEBUI_PORTS_IN_DATANODEDETAILS (version = 6), software layout = WEBUI_PORTS_IN_DATANODEDETAILS (version = 6)
2023-05-05 09:11:15,244 [Listener at 127.0.0.1/34263] INFO  reflections.Reflections (Reflections.java:scan(232)) - Reflections took 47 ms to scan 7 urls, producing 156 keys and 369 values 
2023-05-05 09:11:15,246 [Listener at 127.0.0.1/34263] INFO  statemachine.DatanodeStateMachine (DatanodeStateMachine.java:getEndPointTaskThreadPoolSize(267)) - Datanode State Machine Task Thread Pool size 2
2023-05-05 09:11:15,252 [Listener at 127.0.0.1/34263] INFO  volume.HddsVolume (HddsVolume.java:<init>(130)) - Creating HddsVolume: /home/runner/work/ozone/ozone/hadoop-ozone/integration-test/target/test-dir/MiniOzoneClusterImpl-c61bf99b-c16a-4bd9-9ddf-73aa51c031b9/datanode-2/data-0/containers/hdds of storage type : DISK capacity : 9223372036854775807
2023-05-05 09:11:15,252 [Listener at 127.0.0.1/34263] INFO  volume.MutableVolumeSet (MutableVolumeSet.java:initializeVolumeSet(175)) - Added Volume : /home/runner/work/ozone/ozone/hadoop-ozone/integration-test/target/test-dir/MiniOzoneClusterImpl-c61bf99b-c16a-4bd9-9ddf-73aa51c031b9/datanode-2/data-0/containers/hdds to VolumeSet
2023-05-05 09:11:15,252 [Listener at 127.0.0.1/34263] INFO  volume.ThrottledAsyncChecker (ThrottledAsyncChecker.java:schedule(141)) - Scheduling a check for /home/runner/work/ozone/ozone/hadoop-ozone/integration-test/target/test-dir/MiniOzoneClusterImpl-c61bf99b-c16a-4bd9-9ddf-73aa51c031b9/datanode-2/data-0/containers/hdds
2023-05-05 09:11:15,254 [Listener at 127.0.0.1/34263] INFO  volume.StorageVolumeChecker (StorageVolumeChecker.java:checkAllVolumes(202)) - Scheduled health check for volume /home/runner/work/ozone/ozone/hadoop-ozone/integration-test/target/test-dir/MiniOzoneClusterImpl-c61bf99b-c16a-4bd9-9ddf-73aa51c031b9/datanode-2/data-0/containers/hdds
2023-05-05 09:11:15,265 [Listener at 127.0.0.1/34263] INFO  volume.MutableVolumeSet (MutableVolumeSet.java:initializeVolumeSet(175)) - Added Volume : /home/runner/work/ozone/ozone/hadoop-ozone/integration-test/target/test-dir/MiniOzoneClusterImpl-c61bf99b-c16a-4bd9-9ddf-73aa51c031b9/datanode-2/data/ratis to VolumeSet
2023-05-05 09:11:15,265 [Listener at 127.0.0.1/34263] INFO  volume.ThrottledAsyncChecker (ThrottledAsyncChecker.java:schedule(141)) - Scheduling a check for /home/runner/work/ozone/ozone/hadoop-ozone/integration-test/target/test-dir/MiniOzoneClusterImpl-c61bf99b-c16a-4bd9-9ddf-73aa51c031b9/datanode-2/data/ratis
2023-05-05 09:11:15,265 [Listener at 127.0.0.1/34263] INFO  volume.StorageVolumeChecker (StorageVolumeChecker.java:checkAllVolumes(202)) - Scheduled health check for volume /home/runner/work/ozone/ozone/hadoop-ozone/integration-test/target/test-dir/MiniOzoneClusterImpl-c61bf99b-c16a-4bd9-9ddf-73aa51c031b9/datanode-2/data/ratis
2023-05-05 09:11:15,276 [Thread-808] INFO  ozoneimpl.ContainerReader (ContainerReader.java:readVolume(175)) - Finish verifying containers on volume /home/runner/work/ozone/ozone/hadoop-ozone/integration-test/target/test-dir/MiniOzoneClusterImpl-c61bf99b-c16a-4bd9-9ddf-73aa51c031b9/datanode-2/data-0/containers/hdds
2023-05-05 09:11:15,278 [Listener at 127.0.0.1/34263] INFO  ozoneimpl.OzoneContainer (OzoneContainer.java:buildContainerSet(303)) - Build ContainerSet costs 0s
2023-05-05 09:11:15,280 [Listener at 127.0.0.1/34263] INFO  server.RaftServer (ConfUtils.java:logGet(46)) - raft.rpc.type = GRPC (default)
2023-05-05 09:11:15,280 [Listener at 127.0.0.1/34263] INFO  grpc.GrpcConfigKeys (ConfUtils.java:logFallback(53)) - raft.grpc.admin.host = null (fallback to raft.grpc.server.host)
2023-05-05 09:11:15,280 [Listener at 127.0.0.1/34263] INFO  grpc.GrpcConfigKeys (ConfUtils.java:logGet(46)) - raft.grpc.admin.port = 0 (custom)
2023-05-05 09:11:15,280 [Listener at 127.0.0.1/34263] INFO  grpc.GrpcConfigKeys (ConfUtils.java:logFallback(53)) - raft.grpc.client.host = null (fallback to raft.grpc.server.host)
2023-05-05 09:11:15,280 [Listener at 127.0.0.1/34263] INFO  grpc.GrpcConfigKeys (ConfUtils.java:logGet(46)) - raft.grpc.client.port = 0 (custom)
2023-05-05 09:11:15,280 [Listener at 127.0.0.1/34263] INFO  grpc.GrpcConfigKeys (ConfUtils.java:logGet(46)) - raft.grpc.server.host = null (default)
2023-05-05 09:11:15,281 [Listener at 127.0.0.1/34263] INFO  grpc.GrpcConfigKeys (ConfUtils.java:logGet(46)) - raft.grpc.server.port = 0 (default)
2023-05-05 09:11:15,281 [Listener at 127.0.0.1/34263] INFO  server.GrpcService (ConfUtils.java:logGet(46)) - raft.grpc.message.size.max = 32MB (=33554432) (custom)
2023-05-05 09:11:15,281 [Listener at 127.0.0.1/34263] INFO  server.RaftServerConfigKeys (ConfUtils.java:logGet(46)) - raft.server.log.appender.buffer.byte-limit = 33554432 (custom)
2023-05-05 09:11:15,281 [Listener at 127.0.0.1/34263] INFO  server.GrpcService (ConfUtils.java:logGet(46)) - raft.grpc.flow.control.window = 5MB (=5242880) (custom)
2023-05-05 09:11:15,281 [Listener at 127.0.0.1/34263] INFO  server.RaftServerConfigKeys (ConfUtils.java:logGet(46)) - raft.server.rpc.request.timeout = 60s (custom)
2023-05-05 09:11:15,281 [Listener at 127.0.0.1/34263] INFO  grpc.GrpcConfigKeys (ConfUtils.java:logGet(46)) - raft.grpc.server.heartbeat.channel = true (default)
2023-05-05 09:11:15,281 [Listener at 127.0.0.1/34263] INFO  grpc.GrpcConfigKeys (ConfUtils.java:logGet(46)) - raft.grpc.server.async.request.thread.pool.cached = true (default)
2023-05-05 09:11:15,281 [Listener at 127.0.0.1/34263] INFO  grpc.GrpcConfigKeys (ConfUtils.java:logGet(46)) - raft.grpc.server.async.request.thread.pool.size = 32 (default)
2023-05-05 09:11:15,282 [Listener at 127.0.0.1/34263] INFO  impl.DataStreamServerImpl (ConfUtils.java:logGet(46)) - raft.datastream.type = NETTY (custom)
2023-05-05 09:11:15,282 [Listener at 127.0.0.1/34263] INFO  server.RaftServerConfigKeys (ConfUtils.java:logGet(46)) - raft.server.data-stream.async.request.thread.pool.cached = false (default)
2023-05-05 09:11:15,283 [Listener at 127.0.0.1/34263] INFO  server.RaftServerConfigKeys (ConfUtils.java:logGet(46)) - raft.server.data-stream.async.request.thread.pool.size = 20 (custom)
2023-05-05 09:11:15,283 [Listener at 127.0.0.1/34263] INFO  server.RaftServerConfigKeys (ConfUtils.java:logGet(46)) - raft.server.data-stream.async.write.thread.pool.size = 16 (default)
2023-05-05 09:11:15,283 [Listener at 127.0.0.1/34263] INFO  server.RaftServerConfigKeys (ConfUtils.java:logGet(46)) - raft.server.data-stream.client.pool.size = 10 (default)
2023-05-05 09:11:15,283 [Listener at 127.0.0.1/34263] INFO  netty.NettyConfigKeys$DataStream (ConfUtils.java:logGet(46)) - raft.netty.dataStream.server.use-epoll = false (default)
2023-05-05 09:11:15,283 [Listener at 127.0.0.1/34263] INFO  netty.NettyConfigKeys$DataStream (ConfUtils.java:logGet(46)) - raft.netty.dataStream.server.boss-group.size = 0 (default)
2023-05-05 09:11:15,283 [Listener at 127.0.0.1/34263] INFO  netty.NettyConfigKeys$DataStream (ConfUtils.java:logGet(46)) - raft.netty.dataStream.server.worker-group.size = 0 (default)
2023-05-05 09:11:15,283 [Listener at 127.0.0.1/34263] INFO  netty.NettyConfigKeys$DataStream (ConfUtils.java:logGet(46)) - raft.netty.dataStream.server.tls.conf = null (default)
2023-05-05 09:11:15,284 [Listener at 127.0.0.1/34263] INFO  netty.NettyConfigKeys$DataStream (ConfUtils.java:logGet(46)) - raft.netty.dataStream.host = null (default)
2023-05-05 09:11:15,284 [Listener at 127.0.0.1/34263] INFO  netty.NettyConfigKeys$DataStream (ConfUtils.java:logGet(46)) - raft.netty.dataStream.port = 0 (default)
2023-05-05 09:11:15,287 [Listener at 127.0.0.1/34263] INFO  server.RaftServerConfigKeys (ConfUtils.java:logGet(46)) - raft.server.threadpool.proxy.cached = true (default)
2023-05-05 09:11:15,287 [Listener at 127.0.0.1/34263] INFO  server.RaftServerConfigKeys (ConfUtils.java:logGet(46)) - raft.server.threadpool.proxy.size = 0 (default)
2023-05-05 09:11:15,287 [Listener at 127.0.0.1/34263] INFO  server.RaftServerConfigKeys (ConfUtils.java:logGet(46)) - raft.server.rpc.slowness.timeout = 300s (custom)
2023-05-05 09:11:15,287 [Listener at 127.0.0.1/34263] INFO  server.RaftServerConfigKeys (ConfUtils.java:logGet(46)) - raft.server.leaderelection.leader.step-down.wait-time = 10s (default)
2023-05-05 09:11:15,287 [e841f512-b055-4fc0-94e5-70e8baf078a1-NettyServerStreamRpc-bossGroup--thread1] INFO  logging.LoggingHandler (AbstractInternalLogger.java:log(148)) - [id: 0x8e8f5515] REGISTERED
2023-05-05 09:11:15,287 [Listener at 127.0.0.1/34263] INFO  server.RaftServerConfigKeys (ConfUtils.java:logGet(46)) - raft.server.storage.dir = [/home/runner/work/ozone/ozone/hadoop-ozone/integration-test/target/test-dir/MiniOzoneClusterImpl-c61bf99b-c16a-4bd9-9ddf-73aa51c031b9/datanode-2/data/ratis] (custom)
2023-05-05 09:11:15,287 [e841f512-b055-4fc0-94e5-70e8baf078a1-NettyServerStreamRpc-bossGroup--thread1] INFO  logging.LoggingHandler (AbstractInternalLogger.java:log(148)) - [id: 0x8e8f5515] BIND: 0.0.0.0/0.0.0.0:0
2023-05-05 09:11:15,288 [e841f512-b055-4fc0-94e5-70e8baf078a1-NettyServerStreamRpc-bossGroup--thread1] INFO  logging.LoggingHandler (AbstractInternalLogger.java:log(148)) - [id: 0x8e8f5515, L:/0:0:0:0:0:0:0:0:46347] ACTIVE
2023-05-05 09:11:15,289 [Listener at 127.0.0.1/34263] INFO  server.XceiverServerGrpc (XceiverServerGrpc.java:<init>(132)) - GrpcServer channel type EpollServerSocketChannel
2023-05-05 09:11:15,290 [Listener at 127.0.0.1/34263] INFO  replication.ReplicationSupervisor (ReplicationSupervisor.java:nodeStateUpdated(290)) - Node state updated to IN_SERVICE, scaling executor pool size to 10
2023-05-05 09:11:15,292 [Listener at 127.0.0.1/34263] INFO  http.BaseHttpServer (BaseHttpServer.java:newHttpServer2BuilderForOzone(224)) - Starting Web-server for hddsDatanode at: http://0.0.0.0:0
2023-05-05 09:11:15,292 [Listener at 127.0.0.1/34263] INFO  http.BaseHttpServer (BaseHttpServer.java:<init>(111)) - Hadoop Security Enabled: false Ozone Security Enabled: false Ozone HTTP Security Enabled: false 
2023-05-05 09:11:15,293 [Listener at 127.0.0.1/34263] WARN  server.AuthenticationFilter (AuthenticationFilter.java:constructSecretProvider(240)) - Unable to initialize FileSignerSecretProvider, falling back to use random secrets. Reason: Could not read signature secret file: /home/runner/hadoop-http-auth-signature-secret
2023-05-05 09:11:15,294 [Listener at 127.0.0.1/34263] INFO  http.HttpRequestLog (HttpRequestLog.java:getRequestLog(86)) - Http request log for http.requests.hddsDatanode is not defined
2023-05-05 09:11:15,295 [Listener at 127.0.0.1/34263] INFO  http.HttpServer2 (HttpServer2.java:addGlobalFilter(1031)) - Added global filter 'safety' (class=org.apache.hadoop.hdds.server.http.HttpServer2$QuotingInputFilter)
2023-05-05 09:11:15,295 [Listener at 127.0.0.1/34263] INFO  http.HttpServer2 (HttpServer2.java:addFilter(1007)) - Added filter static_user_filter (class=org.apache.hadoop.http.lib.StaticUserWebFilter$StaticUserFilter) to context hddsDatanode
2023-05-05 09:11:15,295 [Listener at 127.0.0.1/34263] INFO  http.HttpServer2 (HttpServer2.java:addFilter(1015)) - Added filter static_user_filter (class=org.apache.hadoop.http.lib.StaticUserWebFilter$StaticUserFilter) to context logs
2023-05-05 09:11:15,295 [Listener at 127.0.0.1/34263] INFO  http.HttpServer2 (HttpServer2.java:addFilter(1015)) - Added filter static_user_filter (class=org.apache.hadoop.http.lib.StaticUserWebFilter$StaticUserFilter) to context static
2023-05-05 09:11:15,296 [Listener at 127.0.0.1/34263] INFO  http.BaseHttpServer (BaseHttpServer.java:<init>(190)) - HTTP server of hddsDatanode uses base directory /home/runner/work/ozone/ozone/hadoop-ozone/integration-test/target/test-dir/MiniOzoneClusterImpl-c61bf99b-c16a-4bd9-9ddf-73aa51c031b9/datanode-2/meta/webserver
2023-05-05 09:11:15,296 [Listener at 127.0.0.1/34263] INFO  http.HttpServer2 (HttpServer2.java:bindListener(1250)) - Jetty bound to port 43641
2023-05-05 09:11:15,296 [Listener at 127.0.0.1/34263] INFO  server.Server (Server.java:doStart(375)) - jetty-9.4.51.v20230217; built: 2023-02-17T08:19:37.309Z; git: b45c405e4544384de066f814ed42ae3dceacdd49; jvm 1.8.0_362-b09
2023-05-05 09:11:15,298 [Listener at 127.0.0.1/34263] INFO  server.session (DefaultSessionIdManager.java:doStart(334)) - DefaultSessionIdManager workerName=node0
2023-05-05 09:11:15,298 [Listener at 127.0.0.1/34263] INFO  server.session (DefaultSessionIdManager.java:doStart(339)) - No SessionScavenger set, using defaults
2023-05-05 09:11:15,298 [Listener at 127.0.0.1/34263] INFO  server.session (HouseKeeper.java:startScavenging(132)) - node0 Scavenging every 660000ms
2023-05-05 09:11:15,298 [Listener at 127.0.0.1/34263] INFO  handler.ContextHandler (ContextHandler.java:doStart(921)) - Started o.e.j.s.ServletContextHandler@77ec77e4{logs,/logs,file:///home/runner/work/ozone/ozone/hadoop-ozone/integration-test/target/log,AVAILABLE}
2023-05-05 09:11:15,299 [Listener at 127.0.0.1/34263] INFO  handler.ContextHandler (ContextHandler.java:doStart(921)) - Started o.e.j.s.ServletContextHandler@6aabf457{static,/static,jar:file:/home/runner/.m2/repository/org/apache/ozone/hdds-container-service/1.4.0-SNAPSHOT/hdds-container-service-1.4.0-SNAPSHOT.jar!/webapps/static,AVAILABLE}
2023-05-05 09:11:15,479 [om1@group-C5BA1605619E-FollowerState] INFO  impl.FollowerState (FollowerState.java:run(143)) - om1@group-C5BA1605619E-FollowerState: change to CANDIDATE, lastRpcElapsedTime:1045607794ns, electionTimeout:1045ms
2023-05-05 09:11:15,479 [om1@group-C5BA1605619E-FollowerState] INFO  impl.RoleInfo (RoleInfo.java:shutdownFollowerState(110)) - om1: shutdown om1@group-C5BA1605619E-FollowerState
2023-05-05 09:11:15,479 [om1@group-C5BA1605619E-FollowerState] INFO  server.RaftServer$Division (RaftServerImpl.java:setRole(321)) - om1@group-C5BA1605619E: changes role from  FOLLOWER to CANDIDATE at term 0 for changeToCandidate
2023-05-05 09:11:15,480 [om1@group-C5BA1605619E-FollowerState] INFO  server.RaftServerConfigKeys (ConfUtils.java:logGet(46)) - raft.server.leaderelection.pre-vote = true (default)
2023-05-05 09:11:15,480 [om1@group-C5BA1605619E-FollowerState] INFO  impl.RoleInfo (RoleInfo.java:updateAndGet(139)) - om1: start om1@group-C5BA1605619E-LeaderElection10
2023-05-05 09:11:15,481 [om1@group-C5BA1605619E-LeaderElection10] INFO  impl.LeaderElection (LeaderElection.java:askForVotes(312)) - om1@group-C5BA1605619E-LeaderElection10 PRE_VOTE round 0: submit vote requests at term 0 for -1: peers:[om1|rpc:localhost:9872|priority:0|startupRole:FOLLOWER]|listeners:[], old=null
2023-05-05 09:11:15,482 [om1@group-C5BA1605619E-LeaderElection10] INFO  impl.LeaderElection (LeaderElection.java:askForVotes(314)) - om1@group-C5BA1605619E-LeaderElection10 PRE_VOTE round 0: result PASSED (term=0)
2023-05-05 09:11:15,483 [om1@group-C5BA1605619E-LeaderElection10] INFO  impl.LeaderElection (LeaderElection.java:askForVotes(312)) - om1@group-C5BA1605619E-LeaderElection10 ELECTION round 0: submit vote requests at term 1 for -1: peers:[om1|rpc:localhost:9872|priority:0|startupRole:FOLLOWER]|listeners:[], old=null
2023-05-05 09:11:15,483 [om1@group-C5BA1605619E-LeaderElection10] INFO  impl.LeaderElection (LeaderElection.java:askForVotes(314)) - om1@group-C5BA1605619E-LeaderElection10 ELECTION round 0: result PASSED (term=1)
2023-05-05 09:11:15,483 [om1@group-C5BA1605619E-LeaderElection10] INFO  impl.RoleInfo (RoleInfo.java:shutdownLeaderElection(130)) - om1: shutdown om1@group-C5BA1605619E-LeaderElection10
2023-05-05 09:11:15,483 [om1@group-C5BA1605619E-LeaderElection10] INFO  server.RaftServer$Division (RaftServerImpl.java:setRole(321)) - om1@group-C5BA1605619E: changes role from CANDIDATE to LEADER at term 1 for changeToLeader
2023-05-05 09:11:15,484 [om1@group-C5BA1605619E-LeaderElection10] INFO  server.RaftServer$Division (ServerState.java:setLeader(313)) - om1@group-C5BA1605619E: change Leader from null to om1 at term 1 for becomeLeader, leader elected after 1507ms
2023-05-05 09:11:15,484 [om1@group-C5BA1605619E-LeaderElection10] INFO  server.RaftServerConfigKeys (ConfUtils.java:logGet(46)) - raft.server.staging.catchup.gap = 1000 (default)
2023-05-05 09:11:15,484 [om1@group-C5BA1605619E-LeaderElection10] INFO  server.RaftServerConfigKeys (ConfUtils.java:logGet(46)) - raft.server.write.element-limit = 4096 (default)
2023-05-05 09:11:15,484 [om1@group-C5BA1605619E-LeaderElection10] INFO  server.RaftServerConfigKeys (ConfUtils.java:logGet(46)) - raft.server.write.byte-limit = 64MB (=67108864) (default)
2023-05-05 09:11:15,484 [om1@group-C5BA1605619E-LeaderElection10] INFO  server.RaftServerConfigKeys (ConfUtils.java:logGet(46)) - raft.server.watch.timeout = 10s (default)
2023-05-05 09:11:15,484 [om1@group-C5BA1605619E-LeaderElection10] INFO  server.RaftServerConfigKeys (ConfUtils.java:logGet(46)) - raft.server.watch.timeout.denomination = 1s (default)
2023-05-05 09:11:15,484 [om1@group-C5BA1605619E-LeaderElection10] INFO  server.RaftServerConfigKeys (ConfUtils.java:logGet(46)) - raft.server.watch.element-limit = 65536 (default)
2023-05-05 09:11:15,485 [om1@group-C5BA1605619E-LeaderElection10] INFO  server.RaftServerConfigKeys (ConfUtils.java:logGet(46)) - raft.server.write.element-limit = 4096 (default)
2023-05-05 09:11:15,485 [om1@group-C5BA1605619E-LeaderElection10] INFO  server.RaftServerConfigKeys (ConfUtils.java:logGet(46)) - raft.server.write.follower.gap.ratio.max = -1.0 (default)
2023-05-05 09:11:15,485 [om1@group-C5BA1605619E-LeaderElection10] INFO  impl.RoleInfo (RoleInfo.java:updateAndGet(139)) - om1: start om1@group-C5BA1605619E-LeaderStateImpl
2023-05-05 09:11:15,485 [om1@group-C5BA1605619E-LeaderElection10] INFO  segmented.SegmentedRaftLogWorker (SegmentedRaftLogWorker.java:startLogSegment(452)) - om1@group-C5BA1605619E-SegmentedRaftLogWorker: Starting segment from index:0
2023-05-05 09:11:15,490 [Listener at 127.0.0.1/34263] INFO  handler.ContextHandler (ContextHandler.java:doStart(921)) - Started o.e.j.w.WebAppContext@33c60470{hddsDatanode,/,file:///home/runner/work/ozone/ozone/hadoop-ozone/integration-test/target/test-dir/MiniOzoneClusterImpl-c61bf99b-c16a-4bd9-9ddf-73aa51c031b9/datanode-2/meta/webserver/jetty-0_0_0_0-43641-hdds-container-service-1_4_0-SNAPSHOT_jar-_-any-2445721952826811874/webapp/,AVAILABLE}{jar:file:/home/runner/.m2/repository/org/apache/ozone/hdds-container-service/1.4.0-SNAPSHOT/hdds-container-service-1.4.0-SNAPSHOT.jar!/webapps/hddsDatanode}
2023-05-05 09:11:15,493 [Listener at 127.0.0.1/34263] INFO  server.AbstractConnector (AbstractConnector.java:doStart(333)) - Started ServerConnector@72433a65{HTTP/1.1, (http/1.1)}{0.0.0.0:43641}
2023-05-05 09:11:15,493 [Listener at 127.0.0.1/34263] INFO  server.Server (Server.java:doStart(415)) - Started @66847ms
2023-05-05 09:11:15,493 [Listener at 127.0.0.1/34263] WARN  impl.MetricsSystemImpl (MetricsSystemImpl.java:register(279)) - Sink prometheus already exists!
2023-05-05 09:11:15,494 [Listener at 127.0.0.1/34263] INFO  http.BaseHttpServer (BaseHttpServer.java:updateConnectorAddress(344)) - HTTP server of hddsDatanode listening at http://0.0.0.0:43641
2023-05-05 09:11:15,495 [Listener at 127.0.0.1/34263] INFO  ozone.MiniOzoneClusterImpl (MiniOzoneClusterImpl.java:lambda$waitForClusterToBeReady$0(223)) - Waiting for nodes to be ready. Got 0 of 3 DN Heartbeats.
2023-05-05 09:11:15,495 [Listener at 127.0.0.1/34263] INFO  ozone.MiniOzoneClusterImpl (MiniOzoneClusterImpl.java:lambda$waitForClusterToBeReady$0(226)) - Waiting for cluster to exit safe mode
2023-05-05 09:11:15,495 [Listener at 127.0.0.1/34263] INFO  ozone.MiniOzoneClusterImpl (MiniOzoneClusterImpl.java:lambda$waitForClusterToBeReady$0(228)) - SCM became leader
2023-05-05 09:11:15,495 [Datanode State Machine Daemon Thread] INFO  statemachine.DatanodeStateMachine (DatanodeStateMachine.java:lambda$startDaemon$0(524)) - Ozone container server started.
2023-05-05 09:11:15,499 [om1@group-C5BA1605619E-SegmentedRaftLogWorker] INFO  segmented.SegmentedRaftLogWorker (SegmentedRaftLogWorker.java:execute(656)) - om1@group-C5BA1605619E-SegmentedRaftLogWorker: created new log segment /home/runner/work/ozone/ozone/hadoop-ozone/integration-test/target/test-dir/MiniOzoneClusterImpl-c61bf99b-c16a-4bd9-9ddf-73aa51c031b9/ozone-meta/ratis/bf265839-605b-3f16-9796-c5ba1605619e/current/log_inprogress_0
2023-05-05 09:11:15,504 [om1@group-C5BA1605619E-LeaderElection10] INFO  server.RaftServer$Division (ServerState.java:setRaftConf(430)) - om1@group-C5BA1605619E: set configuration 0: peers:[om1|rpc:localhost:9872|admin:|client:|dataStream:|priority:0|startupRole:FOLLOWER]|listeners:[], old=null
2023-05-05 09:11:15,513 [org.apache.hadoop.util.JvmPauseMonitor$Monitor@522405c0] INFO  util.JvmPauseMonitor (JvmPauseMonitor.java:run(188)) - Starting JVM pause monitor
2023-05-05 09:11:15,514 [om1@group-C5BA1605619E-StateMachineUpdater] INFO  ratis.OzoneManagerStateMachine (OzoneManagerStateMachine.java:notifyConfigurationChanged(201)) - Received Configuration change notification from Ratis. New Peer list:
[id: "om1"
address: "localhost:9872"
startupRole: FOLLOWER
]
2023-05-05 09:11:15,520 [Datanode State Machine Task Thread - 0] INFO  datanode.InitDatanodeState (InitDatanodeState.java:persistContainerDatanodeDetails(138)) - DatanodeDetails is persisted to /home/runner/work/ozone/ozone/hadoop-ozone/integration-test/target/test-dir/MiniOzoneClusterImpl-c61bf99b-c16a-4bd9-9ddf-73aa51c031b9/datanode-2/meta/datanode.id
2023-05-05 09:11:16,495 [Listener at 127.0.0.1/34263] INFO  ozone.MiniOzoneClusterImpl (MiniOzoneClusterImpl.java:lambda$waitForClusterToBeReady$0(223)) - Waiting for nodes to be ready. Got 0 of 3 DN Heartbeats.
2023-05-05 09:11:16,495 [Listener at 127.0.0.1/34263] INFO  ozone.MiniOzoneClusterImpl (MiniOzoneClusterImpl.java:lambda$waitForClusterToBeReady$0(226)) - Waiting for cluster to exit safe mode
2023-05-05 09:11:16,495 [Listener at 127.0.0.1/34263] INFO  ozone.MiniOzoneClusterImpl (MiniOzoneClusterImpl.java:lambda$waitForClusterToBeReady$0(228)) - SCM became leader
2023-05-05 09:11:16,843 [EndpointStateMachine task thread for /0.0.0.0:43239 - 0 ] INFO  utils.DatanodeStoreCache (DatanodeStoreCache.java:addDB(58)) - Added db /home/runner/work/ozone/ozone/hadoop-ozone/integration-test/target/test-dir/MiniOzoneClusterImpl-c61bf99b-c16a-4bd9-9ddf-73aa51c031b9/datanode-0/data-0/containers/hdds/c61bf99b-c16a-4bd9-9ddf-73aa51c031b9/DS-6bc5f606-e1a6-4ddd-b4d6-7f40b5358a23/container.db to cache
2023-05-05 09:11:16,843 [EndpointStateMachine task thread for /0.0.0.0:43239 - 0 ] INFO  volume.HddsVolume (HddsVolume.java:createDbStore(350)) - SchemaV3 db is created and loaded at /home/runner/work/ozone/ozone/hadoop-ozone/integration-test/target/test-dir/MiniOzoneClusterImpl-c61bf99b-c16a-4bd9-9ddf-73aa51c031b9/datanode-0/data-0/containers/hdds/c61bf99b-c16a-4bd9-9ddf-73aa51c031b9/DS-6bc5f606-e1a6-4ddd-b4d6-7f40b5358a23/container.db for volume DS-6bc5f606-e1a6-4ddd-b4d6-7f40b5358a23
2023-05-05 09:11:16,844 [EndpointStateMachine task thread for /0.0.0.0:43239 - 0 ] INFO  ozoneimpl.OzoneContainer (OzoneContainer.java:start(397)) - Attempting to start container services.
2023-05-05 09:11:16,844 [EndpointStateMachine task thread for /0.0.0.0:43239 - 0 ] INFO  ozoneimpl.OzoneContainer (OzoneContainer.java:startContainerScrub(314)) - Scheduled background container scanners and the on-demand container scanner have been disabled.
2023-05-05 09:11:16,849 [EndpointStateMachine task thread for /0.0.0.0:43239 - 0 ] INFO  replication.ReplicationServer (ReplicationServer.java:start(109)) - ReplicationServer is started using port 46225
2023-05-05 09:11:16,849 [EndpointStateMachine task thread for /0.0.0.0:43239 - 0 ] INFO  ratis.XceiverServerRatis (XceiverServerRatis.java:start(517)) - Starting XceiverServerRatis 01b6ceb7-397f-4531-b0f0-6cdac58298e0
2023-05-05 09:11:16,855 [EndpointStateMachine task thread for /0.0.0.0:43239 - 0 ] INFO  server.RaftServer (RaftServerProxy.java:startImpl(393)) - 01b6ceb7-397f-4531-b0f0-6cdac58298e0: start RPC server
2023-05-05 09:11:16,857 [EndpointStateMachine task thread for /0.0.0.0:43239 - 0 ] INFO  server.GrpcService (GrpcService.java:startImpl(262)) - 01b6ceb7-397f-4531-b0f0-6cdac58298e0: GrpcService started, listening on 43257
2023-05-05 09:11:16,858 [EndpointStateMachine task thread for /0.0.0.0:43239 - 0 ] INFO  ratis.XceiverServerRatis (XceiverServerRatis.java:getRealPort(543)) - XceiverServerRatis 01b6ceb7-397f-4531-b0f0-6cdac58298e0 is started using port 43257 for RATIS
2023-05-05 09:11:16,858 [JvmPauseMonitor7] INFO  util.JvmPauseMonitor (JvmPauseMonitor.java:run(105)) - JvmPauseMonitor-01b6ceb7-397f-4531-b0f0-6cdac58298e0: Started
2023-05-05 09:11:16,858 [EndpointStateMachine task thread for /0.0.0.0:43239 - 0 ] INFO  ratis.XceiverServerRatis (XceiverServerRatis.java:getRealPort(543)) - XceiverServerRatis 01b6ceb7-397f-4531-b0f0-6cdac58298e0 is started using port 43257 for RATIS_ADMIN
2023-05-05 09:11:16,858 [EndpointStateMachine task thread for /0.0.0.0:43239 - 0 ] INFO  ratis.XceiverServerRatis (XceiverServerRatis.java:getRealPort(543)) - XceiverServerRatis 01b6ceb7-397f-4531-b0f0-6cdac58298e0 is started using port 43257 for RATIS_SERVER
2023-05-05 09:11:16,858 [EndpointStateMachine task thread for /0.0.0.0:43239 - 0 ] INFO  ratis.XceiverServerRatis (XceiverServerRatis.java:getRealPort(543)) - XceiverServerRatis 01b6ceb7-397f-4531-b0f0-6cdac58298e0 is started using port 36671 for RATIS_DATASTREAM
2023-05-05 09:11:16,860 [EndpointStateMachine task thread for /0.0.0.0:43239 - 0 ] INFO  server.XceiverServerGrpc (XceiverServerGrpc.java:start(180)) - XceiverServerGrpc 01b6ceb7-397f-4531-b0f0-6cdac58298e0 is started using port 34621
2023-05-05 09:11:16,860 [BlockDeletingService#0] INFO  interfaces.ContainerDeletionChoosingPolicyTemplate (ContainerDeletionChoosingPolicyTemplate.java:chooseContainerForBlockDeletion(83)) - Chosen 0/5000 blocks from 0 candidate containers.
2023-05-05 09:11:17,191 [EndpointStateMachine task thread for /0.0.0.0:43239 - 0 ] INFO  utils.DatanodeStoreCache (DatanodeStoreCache.java:addDB(58)) - Added db /home/runner/work/ozone/ozone/hadoop-ozone/integration-test/target/test-dir/MiniOzoneClusterImpl-c61bf99b-c16a-4bd9-9ddf-73aa51c031b9/datanode-1/data-0/containers/hdds/c61bf99b-c16a-4bd9-9ddf-73aa51c031b9/DS-0d382203-2460-457c-863f-cdd4a6bd1f0d/container.db to cache
2023-05-05 09:11:17,191 [EndpointStateMachine task thread for /0.0.0.0:43239 - 0 ] INFO  volume.HddsVolume (HddsVolume.java:createDbStore(350)) - SchemaV3 db is created and loaded at /home/runner/work/ozone/ozone/hadoop-ozone/integration-test/target/test-dir/MiniOzoneClusterImpl-c61bf99b-c16a-4bd9-9ddf-73aa51c031b9/datanode-1/data-0/containers/hdds/c61bf99b-c16a-4bd9-9ddf-73aa51c031b9/DS-0d382203-2460-457c-863f-cdd4a6bd1f0d/container.db for volume DS-0d382203-2460-457c-863f-cdd4a6bd1f0d
2023-05-05 09:11:17,191 [EndpointStateMachine task thread for /0.0.0.0:43239 - 0 ] INFO  ozoneimpl.OzoneContainer (OzoneContainer.java:start(397)) - Attempting to start container services.
2023-05-05 09:11:17,191 [EndpointStateMachine task thread for /0.0.0.0:43239 - 0 ] INFO  ozoneimpl.OzoneContainer (OzoneContainer.java:startContainerScrub(314)) - Scheduled background container scanners and the on-demand container scanner have been disabled.
2023-05-05 09:11:17,196 [EndpointStateMachine task thread for /0.0.0.0:43239 - 0 ] INFO  replication.ReplicationServer (ReplicationServer.java:start(109)) - ReplicationServer is started using port 33275
2023-05-05 09:11:17,196 [EndpointStateMachine task thread for /0.0.0.0:43239 - 0 ] INFO  ratis.XceiverServerRatis (XceiverServerRatis.java:start(517)) - Starting XceiverServerRatis cbbeb21a-10ea-4a95-b948-f7c95f693eb9
2023-05-05 09:11:17,200 [EndpointStateMachine task thread for /0.0.0.0:43239 - 0 ] INFO  server.RaftServer (RaftServerProxy.java:startImpl(393)) - cbbeb21a-10ea-4a95-b948-f7c95f693eb9: start RPC server
2023-05-05 09:11:17,204 [EndpointStateMachine task thread for /0.0.0.0:43239 - 0 ] INFO  server.GrpcService (GrpcService.java:startImpl(262)) - cbbeb21a-10ea-4a95-b948-f7c95f693eb9: GrpcService started, listening on 38525
2023-05-05 09:11:17,208 [EndpointStateMachine task thread for /0.0.0.0:43239 - 0 ] INFO  ratis.XceiverServerRatis (XceiverServerRatis.java:getRealPort(543)) - XceiverServerRatis cbbeb21a-10ea-4a95-b948-f7c95f693eb9 is started using port 38525 for RATIS
2023-05-05 09:11:17,208 [EndpointStateMachine task thread for /0.0.0.0:43239 - 0 ] INFO  ratis.XceiverServerRatis (XceiverServerRatis.java:getRealPort(543)) - XceiverServerRatis cbbeb21a-10ea-4a95-b948-f7c95f693eb9 is started using port 38525 for RATIS_ADMIN
2023-05-05 09:11:17,208 [EndpointStateMachine task thread for /0.0.0.0:43239 - 0 ] INFO  ratis.XceiverServerRatis (XceiverServerRatis.java:getRealPort(543)) - XceiverServerRatis cbbeb21a-10ea-4a95-b948-f7c95f693eb9 is started using port 38525 for RATIS_SERVER
2023-05-05 09:11:17,208 [EndpointStateMachine task thread for /0.0.0.0:43239 - 0 ] INFO  ratis.XceiverServerRatis (XceiverServerRatis.java:getRealPort(543)) - XceiverServerRatis cbbeb21a-10ea-4a95-b948-f7c95f693eb9 is started using port 37147 for RATIS_DATASTREAM
2023-05-05 09:11:17,208 [JvmPauseMonitor8] INFO  util.JvmPauseMonitor (JvmPauseMonitor.java:run(105)) - JvmPauseMonitor-cbbeb21a-10ea-4a95-b948-f7c95f693eb9: Started
2023-05-05 09:11:17,212 [EndpointStateMachine task thread for /0.0.0.0:43239 - 0 ] INFO  server.XceiverServerGrpc (XceiverServerGrpc.java:start(180)) - XceiverServerGrpc cbbeb21a-10ea-4a95-b948-f7c95f693eb9 is started using port 41801
2023-05-05 09:11:17,213 [BlockDeletingService#0] INFO  interfaces.ContainerDeletionChoosingPolicyTemplate (ContainerDeletionChoosingPolicyTemplate.java:chooseContainerForBlockDeletion(83)) - Chosen 0/5000 blocks from 0 candidate containers.
2023-05-05 09:11:17,496 [Listener at 127.0.0.1/34263] INFO  ozone.MiniOzoneClusterImpl (MiniOzoneClusterImpl.java:lambda$waitForClusterToBeReady$0(223)) - Waiting for nodes to be ready. Got 0 of 3 DN Heartbeats.
2023-05-05 09:11:17,496 [Listener at 127.0.0.1/34263] INFO  ozone.MiniOzoneClusterImpl (MiniOzoneClusterImpl.java:lambda$waitForClusterToBeReady$0(226)) - Waiting for cluster to exit safe mode
2023-05-05 09:11:17,496 [Listener at 127.0.0.1/34263] INFO  ozone.MiniOzoneClusterImpl (MiniOzoneClusterImpl.java:lambda$waitForClusterToBeReady$0(228)) - SCM became leader
2023-05-05 09:11:17,543 [EndpointStateMachine task thread for /0.0.0.0:43239 - 0 ] INFO  utils.DatanodeStoreCache (DatanodeStoreCache.java:addDB(58)) - Added db /home/runner/work/ozone/ozone/hadoop-ozone/integration-test/target/test-dir/MiniOzoneClusterImpl-c61bf99b-c16a-4bd9-9ddf-73aa51c031b9/datanode-2/data-0/containers/hdds/c61bf99b-c16a-4bd9-9ddf-73aa51c031b9/DS-87fe32ea-f4e7-44e1-9fa0-54a6d4264997/container.db to cache
2023-05-05 09:11:17,543 [EndpointStateMachine task thread for /0.0.0.0:43239 - 0 ] INFO  volume.HddsVolume (HddsVolume.java:createDbStore(350)) - SchemaV3 db is created and loaded at /home/runner/work/ozone/ozone/hadoop-ozone/integration-test/target/test-dir/MiniOzoneClusterImpl-c61bf99b-c16a-4bd9-9ddf-73aa51c031b9/datanode-2/data-0/containers/hdds/c61bf99b-c16a-4bd9-9ddf-73aa51c031b9/DS-87fe32ea-f4e7-44e1-9fa0-54a6d4264997/container.db for volume DS-87fe32ea-f4e7-44e1-9fa0-54a6d4264997
2023-05-05 09:11:17,543 [EndpointStateMachine task thread for /0.0.0.0:43239 - 0 ] INFO  ozoneimpl.OzoneContainer (OzoneContainer.java:start(397)) - Attempting to start container services.
2023-05-05 09:11:17,543 [EndpointStateMachine task thread for /0.0.0.0:43239 - 0 ] INFO  ozoneimpl.OzoneContainer (OzoneContainer.java:startContainerScrub(314)) - Scheduled background container scanners and the on-demand container scanner have been disabled.
2023-05-05 09:11:17,547 [EndpointStateMachine task thread for /0.0.0.0:43239 - 0 ] INFO  replication.ReplicationServer (ReplicationServer.java:start(109)) - ReplicationServer is started using port 39831
2023-05-05 09:11:17,548 [EndpointStateMachine task thread for /0.0.0.0:43239 - 0 ] INFO  ratis.XceiverServerRatis (XceiverServerRatis.java:start(517)) - Starting XceiverServerRatis e841f512-b055-4fc0-94e5-70e8baf078a1
2023-05-05 09:11:17,555 [EndpointStateMachine task thread for /0.0.0.0:43239 - 0 ] INFO  server.RaftServer (RaftServerProxy.java:startImpl(393)) - e841f512-b055-4fc0-94e5-70e8baf078a1: start RPC server
2023-05-05 09:11:17,557 [EndpointStateMachine task thread for /0.0.0.0:43239 - 0 ] INFO  server.GrpcService (GrpcService.java:startImpl(262)) - e841f512-b055-4fc0-94e5-70e8baf078a1: GrpcService started, listening on 41953
2023-05-05 09:11:17,557 [EndpointStateMachine task thread for /0.0.0.0:43239 - 0 ] INFO  ratis.XceiverServerRatis (XceiverServerRatis.java:getRealPort(543)) - XceiverServerRatis e841f512-b055-4fc0-94e5-70e8baf078a1 is started using port 41953 for RATIS
2023-05-05 09:11:17,557 [JvmPauseMonitor9] INFO  util.JvmPauseMonitor (JvmPauseMonitor.java:run(105)) - JvmPauseMonitor-e841f512-b055-4fc0-94e5-70e8baf078a1: Started
2023-05-05 09:11:17,557 [EndpointStateMachine task thread for /0.0.0.0:43239 - 0 ] INFO  ratis.XceiverServerRatis (XceiverServerRatis.java:getRealPort(543)) - XceiverServerRatis e841f512-b055-4fc0-94e5-70e8baf078a1 is started using port 41953 for RATIS_ADMIN
2023-05-05 09:11:17,557 [EndpointStateMachine task thread for /0.0.0.0:43239 - 0 ] INFO  ratis.XceiverServerRatis (XceiverServerRatis.java:getRealPort(543)) - XceiverServerRatis e841f512-b055-4fc0-94e5-70e8baf078a1 is started using port 41953 for RATIS_SERVER
2023-05-05 09:11:17,557 [EndpointStateMachine task thread for /0.0.0.0:43239 - 0 ] INFO  ratis.XceiverServerRatis (XceiverServerRatis.java:getRealPort(543)) - XceiverServerRatis e841f512-b055-4fc0-94e5-70e8baf078a1 is started using port 46347 for RATIS_DATASTREAM
2023-05-05 09:11:17,561 [EndpointStateMachine task thread for /0.0.0.0:43239 - 0 ] INFO  server.XceiverServerGrpc (XceiverServerGrpc.java:start(180)) - XceiverServerGrpc e841f512-b055-4fc0-94e5-70e8baf078a1 is started using port 46229
2023-05-05 09:11:17,562 [BlockDeletingService#0] INFO  interfaces.ContainerDeletionChoosingPolicyTemplate (ContainerDeletionChoosingPolicyTemplate.java:chooseContainerForBlockDeletion(83)) - Chosen 0/5000 blocks from 0 candidate containers.
2023-05-05 09:11:18,496 [Listener at 127.0.0.1/34263] INFO  ozone.MiniOzoneClusterImpl (MiniOzoneClusterImpl.java:lambda$waitForClusterToBeReady$0(223)) - Waiting for nodes to be ready. Got 0 of 3 DN Heartbeats.
2023-05-05 09:11:18,497 [Listener at 127.0.0.1/34263] INFO  ozone.MiniOzoneClusterImpl (MiniOzoneClusterImpl.java:lambda$waitForClusterToBeReady$0(226)) - Waiting for cluster to exit safe mode
2023-05-05 09:11:18,497 [Listener at 127.0.0.1/34263] INFO  ozone.MiniOzoneClusterImpl (MiniOzoneClusterImpl.java:lambda$waitForClusterToBeReady$0(228)) - SCM became leader
2023-05-05 09:11:18,812 [IPC Server handler 0 on default port 43239] INFO  net.NetworkTopologyImpl (NetworkTopologyImpl.java:add(112)) - Added a new node: /default-rack/01b6ceb7-397f-4531-b0f0-6cdac58298e0
2023-05-05 09:11:18,813 [IPC Server handler 0 on default port 43239] INFO  node.SCMNodeManager (SCMNodeManager.java:register(407)) - Registered Data node : 01b6ceb7-397f-4531-b0f0-6cdac58298e0{ip: 10.1.0.42, host: fv-az152-207.qln5d00okglujjccfnhxhxodph.cx.internal.cloudapp.net, ports: [HTTP=32903, REPLICATION=46225, RATIS=43257, RATIS_ADMIN=43257, RATIS_SERVER=43257, RATIS_DATASTREAM=36671, STANDALONE=34621], networkLocation: /default-rack, certSerialId: null, persistedOpState: null, persistedOpStateExpiryEpochSec: 0}
2023-05-05 09:11:18,817 [EventQueue-NodeRegistrationContainerReportForContainerSafeModeRule] INFO  safemode.SCMSafeModeManager (SCMSafeModeManager.java:validateSafeModeExitRules(200)) - ContainerSafeModeRule rule is successfully validated
2023-05-05 09:11:18,817 [EventQueue-NodeRegistrationContainerReportForDataNodeSafeModeRule] INFO  safemode.SCMSafeModeManager (DataNodeSafeModeRule.java:process(71)) - SCM in safe mode. 1 DataNodes registered, 3 required.
2023-05-05 09:11:18,820 [EventQueue-NewNodeForNewNodeHandler] INFO  pipeline.BackgroundPipelineCreator (BackgroundPipelineCreator.java:notifyEventTriggered(276)) - trigger a one-shot run on RatisPipelineUtilsThread.
2023-05-05 09:11:18,821 [RatisPipelineUtilsThread - 0] INFO  pipeline.RatisPipelineProvider (RatisPipelineProvider.java:lambda$create$0(206)) - Sending CreatePipelineCommand for pipeline:PipelineID=fd7b5ac8-74ab-4d87-8a0c-584db4bfa710 to datanode:01b6ceb7-397f-4531-b0f0-6cdac58298e0
2023-05-05 09:11:18,821 [EventQueue-PipelineReportForOneReplicaPipelineSafeModeRule] INFO  safemode.SCMSafeModeManager (SCMSafeModeManager.java:validateSafeModeExitRules(200)) - AtleastOneDatanodeReportedRule rule is successfully validated
2023-05-05 09:11:18,822 [RatisPipelineUtilsThread - 0] INFO  pipeline.PipelineStateManagerImpl (PipelineStateManagerImpl.java:addPipeline(103)) - Created pipeline Pipeline[ Id: fd7b5ac8-74ab-4d87-8a0c-584db4bfa710, Nodes: 01b6ceb7-397f-4531-b0f0-6cdac58298e0(fv-az152-207.qln5d00okglujjccfnhxhxodph.cx.internal.cloudapp.net/10.1.0.42), ReplicationConfig: RATIS/ONE, State:ALLOCATED, leaderId:, CreationTimestamp2023-05-05T09:11:18.821Z[Etc/UTC]].
2023-05-05 09:11:19,160 [IPC Server handler 1 on default port 43239] INFO  net.NetworkTopologyImpl (NetworkTopologyImpl.java:add(112)) - Added a new node: /default-rack/cbbeb21a-10ea-4a95-b948-f7c95f693eb9
2023-05-05 09:11:19,160 [IPC Server handler 1 on default port 43239] INFO  node.SCMNodeManager (SCMNodeManager.java:register(407)) - Registered Data node : cbbeb21a-10ea-4a95-b948-f7c95f693eb9{ip: 10.1.0.42, host: fv-az152-207.qln5d00okglujjccfnhxhxodph.cx.internal.cloudapp.net, ports: [HTTP=42027, REPLICATION=33275, RATIS=38525, RATIS_ADMIN=38525, RATIS_SERVER=38525, RATIS_DATASTREAM=37147, STANDALONE=41801], networkLocation: /default-rack, certSerialId: null, persistedOpState: null, persistedOpStateExpiryEpochSec: 0}
2023-05-05 09:11:19,160 [EventQueue-NewNodeForNewNodeHandler] INFO  pipeline.BackgroundPipelineCreator (BackgroundPipelineCreator.java:notifyEventTriggered(276)) - trigger a one-shot run on RatisPipelineUtilsThread.
2023-05-05 09:11:19,162 [RatisPipelineUtilsThread - 0] INFO  pipeline.RatisPipelineProvider (RatisPipelineProvider.java:lambda$create$0(206)) - Sending CreatePipelineCommand for pipeline:PipelineID=1e0a4218-2674-43b2-85f7-e269f53961f5 to datanode:cbbeb21a-10ea-4a95-b948-f7c95f693eb9
2023-05-05 09:11:19,162 [RatisPipelineUtilsThread - 0] INFO  pipeline.PipelineStateManagerImpl (PipelineStateManagerImpl.java:addPipeline(103)) - Created pipeline Pipeline[ Id: 1e0a4218-2674-43b2-85f7-e269f53961f5, Nodes: cbbeb21a-10ea-4a95-b948-f7c95f693eb9(fv-az152-207.qln5d00okglujjccfnhxhxodph.cx.internal.cloudapp.net/10.1.0.42), ReplicationConfig: RATIS/ONE, State:ALLOCATED, leaderId:, CreationTimestamp2023-05-05T09:11:19.162Z[Etc/UTC]].
2023-05-05 09:11:19,163 [EventQueue-NodeRegistrationContainerReportForDataNodeSafeModeRule] INFO  safemode.SCMSafeModeManager (DataNodeSafeModeRule.java:process(71)) - SCM in safe mode. 2 DataNodes registered, 3 required.
2023-05-05 09:11:19,497 [Listener at 127.0.0.1/34263] INFO  ozone.MiniOzoneClusterImpl (MiniOzoneClusterImpl.java:lambda$waitForClusterToBeReady$0(223)) - Waiting for nodes to be ready. Got 2 of 3 DN Heartbeats.
2023-05-05 09:11:19,497 [Listener at 127.0.0.1/34263] INFO  ozone.MiniOzoneClusterImpl (MiniOzoneClusterImpl.java:lambda$waitForClusterToBeReady$0(226)) - Waiting for cluster to exit safe mode
2023-05-05 09:11:19,497 [Listener at 127.0.0.1/34263] INFO  ozone.MiniOzoneClusterImpl (MiniOzoneClusterImpl.java:lambda$waitForClusterToBeReady$0(228)) - SCM became leader
2023-05-05 09:11:19,514 [IPC Server handler 2 on default port 43239] INFO  net.NetworkTopologyImpl (NetworkTopologyImpl.java:add(112)) - Added a new node: /default-rack/e841f512-b055-4fc0-94e5-70e8baf078a1
2023-05-05 09:11:19,514 [IPC Server handler 2 on default port 43239] INFO  node.SCMNodeManager (SCMNodeManager.java:register(407)) - Registered Data node : e841f512-b055-4fc0-94e5-70e8baf078a1{ip: 10.1.0.42, host: fv-az152-207.qln5d00okglujjccfnhxhxodph.cx.internal.cloudapp.net, ports: [HTTP=43641, REPLICATION=39831, RATIS=41953, RATIS_ADMIN=41953, RATIS_SERVER=41953, RATIS_DATASTREAM=46347, STANDALONE=46229], networkLocation: /default-rack, certSerialId: null, persistedOpState: null, persistedOpStateExpiryEpochSec: 0}
2023-05-05 09:11:19,515 [EventQueue-NewNodeForNewNodeHandler] INFO  pipeline.BackgroundPipelineCreator (BackgroundPipelineCreator.java:notifyEventTriggered(276)) - trigger a one-shot run on RatisPipelineUtilsThread.
2023-05-05 09:11:19,515 [EventQueue-NodeRegistrationContainerReportForDataNodeSafeModeRule] INFO  safemode.SCMSafeModeManager (DataNodeSafeModeRule.java:process(71)) - SCM in safe mode. 3 DataNodes registered, 3 required.
2023-05-05 09:11:19,515 [EventQueue-NodeRegistrationContainerReportForDataNodeSafeModeRule] INFO  safemode.SCMSafeModeManager (SCMSafeModeManager.java:validateSafeModeExitRules(200)) - DataNodeSafeModeRule rule is successfully validated
2023-05-05 09:11:19,515 [EventQueue-NodeRegistrationContainerReportForDataNodeSafeModeRule] INFO  safemode.SCMSafeModeManager (SCMSafeModeManager.java:completePreCheck(229)) - All SCM safe mode pre check rules have passed
2023-05-05 09:11:19,515 [EventQueue-NodeRegistrationContainerReportForDataNodeSafeModeRule] INFO  ha.SCMContext (SCMContext.java:updateSafeModeStatus(228)) - Update SafeModeStatus from SafeModeStatus{safeModeStatus=true, preCheckPassed=false} to SafeModeStatus{safeModeStatus=true, preCheckPassed=true}.
2023-05-05 09:11:19,515 [EventQueue-NodeRegistrationContainerReportForDataNodeSafeModeRule] INFO  pipeline.BackgroundPipelineCreator (BackgroundPipelineCreator.java:notifyEventTriggered(276)) - trigger a one-shot run on RatisPipelineUtilsThread.
2023-05-05 09:11:19,517 [RatisPipelineUtilsThread - 0] INFO  pipeline.RatisPipelineProvider (RatisPipelineProvider.java:lambda$create$0(206)) - Sending CreatePipelineCommand for pipeline:PipelineID=63a1a7f4-df07-4147-a10e-919854d4a736 to datanode:e841f512-b055-4fc0-94e5-70e8baf078a1
2023-05-05 09:11:19,517 [RatisPipelineUtilsThread - 0] INFO  pipeline.PipelineStateManagerImpl (PipelineStateManagerImpl.java:addPipeline(103)) - Created pipeline Pipeline[ Id: 63a1a7f4-df07-4147-a10e-919854d4a736, Nodes: e841f512-b055-4fc0-94e5-70e8baf078a1(fv-az152-207.qln5d00okglujjccfnhxhxodph.cx.internal.cloudapp.net/10.1.0.42), ReplicationConfig: RATIS/ONE, State:ALLOCATED, leaderId:, CreationTimestamp2023-05-05T09:11:19.517Z[Etc/UTC]].
2023-05-05 09:11:19,519 [RatisPipelineUtilsThread - 0] INFO  pipeline.RatisPipelineProvider (RatisPipelineProvider.java:lambda$create$0(206)) - Sending CreatePipelineCommand for pipeline:PipelineID=f1dc1d9c-bce3-4fbb-93ec-f08e02d63e68 to datanode:cbbeb21a-10ea-4a95-b948-f7c95f693eb9
2023-05-05 09:11:19,519 [RatisPipelineUtilsThread - 0] INFO  pipeline.RatisPipelineProvider (RatisPipelineProvider.java:lambda$create$0(206)) - Sending CreatePipelineCommand for pipeline:PipelineID=f1dc1d9c-bce3-4fbb-93ec-f08e02d63e68 to datanode:e841f512-b055-4fc0-94e5-70e8baf078a1
2023-05-05 09:11:19,519 [RatisPipelineUtilsThread - 0] INFO  pipeline.RatisPipelineProvider (RatisPipelineProvider.java:lambda$create$0(206)) - Sending CreatePipelineCommand for pipeline:PipelineID=f1dc1d9c-bce3-4fbb-93ec-f08e02d63e68 to datanode:01b6ceb7-397f-4531-b0f0-6cdac58298e0
2023-05-05 09:11:19,519 [RatisPipelineUtilsThread - 0] INFO  pipeline.PipelineStateManagerImpl (PipelineStateManagerImpl.java:addPipeline(103)) - Created pipeline Pipeline[ Id: f1dc1d9c-bce3-4fbb-93ec-f08e02d63e68, Nodes: cbbeb21a-10ea-4a95-b948-f7c95f693eb9(fv-az152-207.qln5d00okglujjccfnhxhxodph.cx.internal.cloudapp.net/10.1.0.42)e841f512-b055-4fc0-94e5-70e8baf078a1(fv-az152-207.qln5d00okglujjccfnhxhxodph.cx.internal.cloudapp.net/10.1.0.42)01b6ceb7-397f-4531-b0f0-6cdac58298e0(fv-az152-207.qln5d00okglujjccfnhxhxodph.cx.internal.cloudapp.net/10.1.0.42), ReplicationConfig: RATIS/THREE, State:ALLOCATED, leaderId:, CreationTimestamp2023-05-05T09:11:19.519Z[Etc/UTC]].
2023-05-05 09:11:19,520 [RatisPipelineUtilsThread - 0] INFO  pipeline.RatisPipelineProvider (RatisPipelineProvider.java:lambda$create$0(206)) - Sending CreatePipelineCommand for pipeline:PipelineID=74946601-6469-47ef-8e9b-a49b3673eedc to datanode:01b6ceb7-397f-4531-b0f0-6cdac58298e0
2023-05-05 09:11:19,520 [RatisPipelineUtilsThread - 0] INFO  pipeline.RatisPipelineProvider (RatisPipelineProvider.java:lambda$create$0(206)) - Sending CreatePipelineCommand for pipeline:PipelineID=74946601-6469-47ef-8e9b-a49b3673eedc to datanode:e841f512-b055-4fc0-94e5-70e8baf078a1
2023-05-05 09:11:19,520 [RatisPipelineUtilsThread - 0] INFO  pipeline.RatisPipelineProvider (RatisPipelineProvider.java:lambda$create$0(206)) - Sending CreatePipelineCommand for pipeline:PipelineID=74946601-6469-47ef-8e9b-a49b3673eedc to datanode:cbbeb21a-10ea-4a95-b948-f7c95f693eb9
2023-05-05 09:11:19,521 [RatisPipelineUtilsThread - 0] INFO  pipeline.PipelineStateManagerImpl (PipelineStateManagerImpl.java:addPipeline(103)) - Created pipeline Pipeline[ Id: 74946601-6469-47ef-8e9b-a49b3673eedc, Nodes: 01b6ceb7-397f-4531-b0f0-6cdac58298e0(fv-az152-207.qln5d00okglujjccfnhxhxodph.cx.internal.cloudapp.net/10.1.0.42)e841f512-b055-4fc0-94e5-70e8baf078a1(fv-az152-207.qln5d00okglujjccfnhxhxodph.cx.internal.cloudapp.net/10.1.0.42)cbbeb21a-10ea-4a95-b948-f7c95f693eb9(fv-az152-207.qln5d00okglujjccfnhxhxodph.cx.internal.cloudapp.net/10.1.0.42), ReplicationConfig: RATIS/THREE, State:ALLOCATED, leaderId:, CreationTimestamp2023-05-05T09:11:19.520Z[Etc/UTC]].
2023-05-05 09:11:19,521 [RatisPipelineUtilsThread - 0] INFO  pipeline.PipelineManagerImpl (PipelineManagerImpl.java:recordMetricsForPipeline(826)) - Pipeline: PipelineID=74946601-6469-47ef-8e9b-a49b3673eedc contains same datanodes as previous pipelines: PipelineID=f1dc1d9c-bce3-4fbb-93ec-f08e02d63e68 nodeIds: 01b6ceb7-397f-4531-b0f0-6cdac58298e0, e841f512-b055-4fc0-94e5-70e8baf078a1, cbbeb21a-10ea-4a95-b948-f7c95f693eb9
2023-05-05 09:11:19,522 [RatisPipelineUtilsThread - 0] WARN  pipeline.PipelinePlacementPolicy (PipelinePlacementPolicy.java:filterViableNodes(160)) - Pipeline creation failed due to no sufficient healthy datanodes. Required 3. Found 0. Excluded 3.
2023-05-05 09:11:20,497 [Listener at 127.0.0.1/34263] INFO  ozone.MiniOzoneClusterImpl (MiniOzoneClusterImpl.java:lambda$waitForClusterToBeReady$0(223)) - Nodes are ready. Got 3 of 3 DN Heartbeats.
2023-05-05 09:11:20,498 [Listener at 127.0.0.1/34263] INFO  ozone.MiniOzoneClusterImpl (MiniOzoneClusterImpl.java:lambda$waitForClusterToBeReady$0(226)) - Waiting for cluster to exit safe mode
2023-05-05 09:11:20,498 [Listener at 127.0.0.1/34263] INFO  ozone.MiniOzoneClusterImpl (MiniOzoneClusterImpl.java:lambda$waitForClusterToBeReady$0(228)) - SCM became leader
2023-05-05 09:11:21,498 [Listener at 127.0.0.1/34263] INFO  ozone.MiniOzoneClusterImpl (MiniOzoneClusterImpl.java:lambda$waitForClusterToBeReady$0(223)) - Nodes are ready. Got 3 of 3 DN Heartbeats.
2023-05-05 09:11:21,498 [Listener at 127.0.0.1/34263] INFO  ozone.MiniOzoneClusterImpl (MiniOzoneClusterImpl.java:lambda$waitForClusterToBeReady$0(226)) - Waiting for cluster to exit safe mode
2023-05-05 09:11:21,498 [Listener at 127.0.0.1/34263] INFO  ozone.MiniOzoneClusterImpl (MiniOzoneClusterImpl.java:lambda$waitForClusterToBeReady$0(228)) - SCM became leader
2023-05-05 09:11:21,812 [Command processor thread] INFO  server.RaftServer (RaftServerProxy.java:addNew(96)) - 01b6ceb7-397f-4531-b0f0-6cdac58298e0: addNew group-584DB4BFA710:[01b6ceb7-397f-4531-b0f0-6cdac58298e0|rpc:10.1.0.42:43257|dataStream:10.1.0.42:36671|priority:1|startupRole:FOLLOWER] returns group-584DB4BFA710:java.util.concurrent.CompletableFuture@5420cab4[Not completed]
2023-05-05 09:11:21,813 [pool-345-thread-1] INFO  server.RaftServer$Division (RaftServerImpl.java:<init>(195)) - 01b6ceb7-397f-4531-b0f0-6cdac58298e0: new RaftServerImpl for group-584DB4BFA710:[01b6ceb7-397f-4531-b0f0-6cdac58298e0|rpc:10.1.0.42:43257|dataStream:10.1.0.42:36671|priority:1|startupRole:FOLLOWER] with ContainerStateMachine:uninitialized
2023-05-05 09:11:21,814 [pool-345-thread-1] INFO  server.RaftServerConfigKeys (ConfUtils.java:logGet(46)) - raft.server.rpc.timeout.min = 5s (custom)
2023-05-05 09:11:21,814 [pool-345-thread-1] INFO  server.RaftServerConfigKeys (ConfUtils.java:logGet(46)) - raft.server.rpc.timeout.max = 5200ms (custom)
2023-05-05 09:11:21,814 [pool-345-thread-1] INFO  server.RaftServerConfigKeys (ConfUtils.java:logGet(46)) - raft.server.rpc.sleep.time = 25ms (default)
2023-05-05 09:11:21,814 [pool-345-thread-1] INFO  server.RaftServerConfigKeys (ConfUtils.java:logGet(46)) - raft.server.rpc.slowness.timeout = 300s (custom)
2023-05-05 09:11:21,814 [pool-345-thread-1] INFO  server.RaftServerConfigKeys (ConfUtils.java:logGet(46)) - raft.server.leaderelection.leader.step-down.wait-time = 10s (default)
2023-05-05 09:11:21,814 [pool-345-thread-1] INFO  server.RaftServerConfigKeys (ConfUtils.java:logGet(46)) - raft.server.sleep.deviation.threshold = 300ms (default)
2023-05-05 09:11:21,814 [pool-345-thread-1] INFO  server.RaftServer$Division (ServerState.java:<init>(118)) - 01b6ceb7-397f-4531-b0f0-6cdac58298e0@group-584DB4BFA710: ConfigurationManager, init=-1: peers:[01b6ceb7-397f-4531-b0f0-6cdac58298e0|rpc:10.1.0.42:43257|dataStream:10.1.0.42:36671|priority:1|startupRole:FOLLOWER]|listeners:[], old=null, confs=<EMPTY_MAP>
2023-05-05 09:11:21,814 [pool-345-thread-1] INFO  server.RaftServerConfigKeys (ConfUtils.java:logGet(46)) - raft.server.storage.dir = [/home/runner/work/ozone/ozone/hadoop-ozone/integration-test/target/test-dir/MiniOzoneClusterImpl-c61bf99b-c16a-4bd9-9ddf-73aa51c031b9/datanode-0/data/ratis] (custom)
2023-05-05 09:11:21,814 [pool-345-thread-1] INFO  server.RaftServerConfigKeys (ConfUtils.java:logGet(46)) - raft.server.log.corruption.policy = EXCEPTION (default)
2023-05-05 09:11:21,814 [pool-345-thread-1] INFO  server.RaftServerConfigKeys (ConfUtils.java:logGet(46)) - raft.server.storage.free-space.min = 0MB (=0) (default)
2023-05-05 09:11:21,814 [pool-345-thread-1] INFO  server.RaftServerConfigKeys (ConfUtils.java:logGet(46)) - raft.server.notification.no-leader.timeout = 300s (custom)
2023-05-05 09:11:21,814 [pool-345-thread-1] INFO  server.RaftServerConfigKeys (ConfUtils.java:logGet(46)) - raft.server.retrycache.expirytime = 600000ms (custom)
2023-05-05 09:11:21,814 [pool-345-thread-1] INFO  server.RaftServerConfigKeys (ConfUtils.java:logGet(46)) - raft.server.retrycache.statistics.expirytime = 100μs (default)
2023-05-05 09:11:21,815 [pool-345-thread-1] INFO  server.RaftServerConfigKeys (ConfUtils.java:logGet(46)) - raft.server.log.appender.install.snapshot.enabled = false (custom)
2023-05-05 09:11:21,815 [pool-345-thread-1] INFO  server.RaftServerConfigKeys (ConfUtils.java:logGet(46)) - raft.server.threadpool.server.cached = true (default)
2023-05-05 09:11:21,815 [pool-345-thread-1] INFO  server.RaftServerConfigKeys (ConfUtils.java:logGet(46)) - raft.server.threadpool.server.size = 0 (default)
2023-05-05 09:11:21,815 [pool-345-thread-1] INFO  server.RaftServerConfigKeys (ConfUtils.java:logGet(46)) - raft.server.threadpool.client.cached = true (default)
2023-05-05 09:11:21,815 [pool-345-thread-1] INFO  server.RaftServerConfigKeys (ConfUtils.java:logGet(46)) - raft.server.threadpool.client.size = 0 (default)
2023-05-05 09:11:21,815 [pool-345-thread-1] INFO  storage.RaftStorageDirectory (RaftStorageDirectoryImpl.java:analyzeStorage(137)) - The storage directory /home/runner/work/ozone/ozone/hadoop-ozone/integration-test/target/test-dir/MiniOzoneClusterImpl-c61bf99b-c16a-4bd9-9ddf-73aa51c031b9/datanode-0/data/ratis/fd7b5ac8-74ab-4d87-8a0c-584db4bfa710 does not exist. Creating ...
2023-05-05 09:11:21,817 [pool-345-thread-1] INFO  storage.RaftStorageDirectory (RaftStorageDirectoryImpl.java:tryLock(231)) - Lock on /home/runner/work/ozone/ozone/hadoop-ozone/integration-test/target/test-dir/MiniOzoneClusterImpl-c61bf99b-c16a-4bd9-9ddf-73aa51c031b9/datanode-0/data/ratis/fd7b5ac8-74ab-4d87-8a0c-584db4bfa710/in_use.lock acquired by nodename 7812@fv-az152-207
2023-05-05 09:11:21,818 [pool-345-thread-1] INFO  storage.RaftStorage (RaftStorageImpl.java:format(96)) - Storage directory /home/runner/work/ozone/ozone/hadoop-ozone/integration-test/target/test-dir/MiniOzoneClusterImpl-c61bf99b-c16a-4bd9-9ddf-73aa51c031b9/datanode-0/data/ratis/fd7b5ac8-74ab-4d87-8a0c-584db4bfa710 has been successfully formatted.
2023-05-05 09:11:21,819 [pool-345-thread-1] INFO  ratis.ContainerStateMachine (ContainerStateMachine.java:loadSnapshot(262)) - group-584DB4BFA710: The snapshot info is null. Setting the last applied indexto:(t:0, i:~)
2023-05-05 09:11:21,819 [pool-345-thread-1] INFO  server.RaftServerConfigKeys (ConfUtils.java:logGet(46)) - raft.server.log.use.memory = false (default)
2023-05-05 09:11:21,819 [pool-345-thread-1] INFO  server.RaftServerConfigKeys (ConfUtils.java:logGet(46)) - raft.server.log.purge.gap = 1000000 (custom)
2023-05-05 09:11:21,819 [pool-345-thread-1] INFO  server.RaftServerConfigKeys (ConfUtils.java:logGet(46)) - raft.server.log.appender.buffer.byte-limit = 33554432 (custom)
2023-05-05 09:11:21,819 [pool-345-thread-1] INFO  server.RaftServerConfigKeys (ConfUtils.java:logGet(46)) - raft.server.log.statemachine.data.read.timeout = 1000ms (default)
2023-05-05 09:11:21,819 [pool-345-thread-1] INFO  server.RaftServerConfigKeys (ConfUtils.java:logGet(46)) - raft.server.log.purge.preservation.log.num = 0 (default)
2023-05-05 09:11:21,819 [pool-345-thread-1] INFO  server.RaftServerConfigKeys (ConfUtils.java:logGet(46)) - raft.server.log.segment.size.max = 1048576 (custom)
2023-05-05 09:11:21,820 [pool-345-thread-1] INFO  server.RaftServerConfigKeys (ConfUtils.java:logGet(46)) - raft.server.log.segment.cache.num.max = 2 (custom)
2023-05-05 09:11:21,820 [pool-345-thread-1] INFO  server.RaftServerConfigKeys (ConfUtils.java:logGet(46)) - raft.server.log.segment.cache.size.max = 200MB (=209715200) (default)
2023-05-05 09:11:21,820 [pool-345-thread-1] INFO  segmented.SegmentedRaftLogWorker (SegmentedRaftLogWorker.java:<init>(189)) - new 01b6ceb7-397f-4531-b0f0-6cdac58298e0@group-584DB4BFA710-SegmentedRaftLogWorker for RaftStorageImpl:Storage Directory /home/runner/work/ozone/ozone/hadoop-ozone/integration-test/target/test-dir/MiniOzoneClusterImpl-c61bf99b-c16a-4bd9-9ddf-73aa51c031b9/datanode-0/data/ratis/fd7b5ac8-74ab-4d87-8a0c-584db4bfa710
2023-05-05 09:11:21,820 [pool-345-thread-1] INFO  server.RaftServerConfigKeys (ConfUtils.java:logGet(46)) - raft.server.log.queue.byte-limit = 4294967296 (custom)
2023-05-05 09:11:21,820 [pool-345-thread-1] INFO  server.RaftServerConfigKeys (ConfUtils.java:logGet(46)) - raft.server.log.queue.element-limit = 1024 (custom)
2023-05-05 09:11:21,820 [pool-345-thread-1] INFO  server.RaftServerConfigKeys (ConfUtils.java:logGet(46)) - raft.server.log.segment.size.max = 1048576 (custom)
2023-05-05 09:11:21,820 [pool-345-thread-1] INFO  server.RaftServerConfigKeys (ConfUtils.java:logGet(46)) - raft.server.log.preallocated.size = 16384 (custom)
2023-05-05 09:11:21,820 [pool-345-thread-1] INFO  server.RaftServerConfigKeys (ConfUtils.java:logGet(46)) - raft.server.log.force.sync.num = 128 (default)
2023-05-05 09:11:21,820 [pool-345-thread-1] INFO  server.RaftServerConfigKeys (ConfUtils.java:logGet(46)) - raft.server.log.statemachine.data.sync = true (default)
2023-05-05 09:11:21,820 [pool-345-thread-1] INFO  server.RaftServerConfigKeys (ConfUtils.java:logGet(46)) - raft.server.log.statemachine.data.sync.timeout = 10s (default)
2023-05-05 09:11:21,820 [pool-345-thread-1] INFO  server.RaftServerConfigKeys (ConfUtils.java:logGet(46)) - raft.server.log.statemachine.data.sync.timeout.retry = -1 (default)
2023-05-05 09:11:21,821 [EventQueue-PipelineReportForPipelineReportHandler] INFO  pipeline.PipelineManagerImpl (PipelineManagerImpl.java:openPipeline(367)) - Pipeline Pipeline[ Id: fd7b5ac8-74ab-4d87-8a0c-584db4bfa710, Nodes: 01b6ceb7-397f-4531-b0f0-6cdac58298e0(fv-az152-207.qln5d00okglujjccfnhxhxodph.cx.internal.cloudapp.net/10.1.0.42), ReplicationConfig: RATIS/ONE, State:ALLOCATED, leaderId:01b6ceb7-397f-4531-b0f0-6cdac58298e0, CreationTimestamp2023-05-05T09:11:18.821Z[Etc/UTC]] moved to OPEN state
2023-05-05 09:11:21,822 [pool-345-thread-1] INFO  server.RaftServerConfigKeys (ConfUtils.java:logGet(46)) - raft.server.log.write.buffer.size = 1048576 (custom)
2023-05-05 09:11:21,822 [pool-345-thread-1] INFO  server.RaftServerConfigKeys (ConfUtils.java:logGet(46)) - raft.server.log.appender.buffer.byte-limit = 33554432 (custom)
2023-05-05 09:11:21,828 [pool-345-thread-1] INFO  server.RaftServerConfigKeys (ConfUtils.java:logGet(46)) - raft.server.log.unsafe-flush.enabled = false (default)
2023-05-05 09:11:21,828 [pool-345-thread-1] INFO  server.RaftServerConfigKeys (ConfUtils.java:logGet(46)) - raft.server.log.async-flush.enabled = false (default)
2023-05-05 09:11:21,828 [pool-345-thread-1] INFO  server.RaftServerConfigKeys (ConfUtils.java:logGet(46)) - raft.server.log.statemachine.data.caching.enabled = true (custom)
2023-05-05 09:11:21,829 [EventQueue-OpenPipelineForHealthyPipelineSafeModeRule] INFO  safemode.SCMSafeModeManager (HealthyPipelineSafeModeRule.java:process(137)) - SCM in safe mode. Healthy pipelines reported count is 0, required healthy pipeline reported count is 1
2023-05-05 09:11:21,832 [pool-345-thread-1] INFO  segmented.SegmentedRaftLogWorker (SegmentedRaftLogWorker.java:lambda$new$0(135)) - 01b6ceb7-397f-4531-b0f0-6cdac58298e0@group-584DB4BFA710-SegmentedRaftLogWorker: flushIndex: setUnconditionally 0 -> -1
2023-05-05 09:11:21,832 [pool-345-thread-1] INFO  segmented.SegmentedRaftLogWorker (SegmentedRaftLogWorker.java:lambda$new$0(135)) - 01b6ceb7-397f-4531-b0f0-6cdac58298e0@group-584DB4BFA710-SegmentedRaftLogWorker: safeCacheEvictIndex: setUnconditionally 0 -> -1
2023-05-05 09:11:21,832 [pool-345-thread-1] INFO  server.RaftServer$Division (RaftServerImpl.java:start(334)) - 01b6ceb7-397f-4531-b0f0-6cdac58298e0@group-584DB4BFA710: start as a follower, conf=-1: peers:[01b6ceb7-397f-4531-b0f0-6cdac58298e0|rpc:10.1.0.42:43257|dataStream:10.1.0.42:36671|priority:1|startupRole:FOLLOWER]|listeners:[], old=null
2023-05-05 09:11:21,832 [pool-345-thread-1] INFO  server.RaftServer$Division (RaftServerImpl.java:setRole(321)) - 01b6ceb7-397f-4531-b0f0-6cdac58298e0@group-584DB4BFA710: changes role from      null to FOLLOWER at term 0 for startAsFollower
2023-05-05 09:11:21,833 [pool-345-thread-1] INFO  impl.RoleInfo (RoleInfo.java:updateAndGet(139)) - 01b6ceb7-397f-4531-b0f0-6cdac58298e0: start 01b6ceb7-397f-4531-b0f0-6cdac58298e0@group-584DB4BFA710-FollowerState
2023-05-05 09:11:21,833 [pool-345-thread-1] INFO  util.JmxRegister (JmxRegister.java:tryRegister(44)) - Successfully registered JMX Bean with object name Ratis:service=RaftServer,group=group-584DB4BFA710,id=01b6ceb7-397f-4531-b0f0-6cdac58298e0
2023-05-05 09:11:21,833 [pool-345-thread-1] INFO  server.RaftServerConfigKeys (ConfUtils.java:logGet(46)) - raft.server.snapshot.auto.trigger.enabled = true (custom)
2023-05-05 09:11:21,833 [pool-345-thread-1] INFO  server.RaftServerConfigKeys (ConfUtils.java:logGet(46)) - raft.server.snapshot.auto.trigger.threshold = 10000 (custom)
2023-05-05 09:11:21,833 [pool-345-thread-1] INFO  server.RaftServerConfigKeys (ConfUtils.java:logGet(46)) - raft.server.snapshot.retention.file.num = 5 (custom)
2023-05-05 09:11:21,833 [pool-345-thread-1] INFO  server.RaftServerConfigKeys (ConfUtils.java:logGet(46)) - raft.server.log.purge.upto.snapshot.index = false (default)
2023-05-05 09:11:21,834 [01b6ceb7-397f-4531-b0f0-6cdac58298e0@group-584DB4BFA710-FollowerState] INFO  server.RaftServerConfigKeys (ConfUtils.java:logFallback(53)) - raft.server.rpc.first-election.timeout.min = 5s (fallback to raft.server.rpc.timeout.min)
2023-05-05 09:11:21,834 [01b6ceb7-397f-4531-b0f0-6cdac58298e0@group-584DB4BFA710-FollowerState] INFO  server.RaftServerConfigKeys (ConfUtils.java:logFallback(53)) - raft.server.rpc.first-election.timeout.max = 5200ms (fallback to raft.server.rpc.timeout.max)
2023-05-05 09:11:21,835 [Command processor thread] INFO  ratis.XceiverServerRatis (XceiverServerRatis.java:addGroup(806)) - Created group PipelineID=fd7b5ac8-74ab-4d87-8a0c-584db4bfa710
2023-05-05 09:11:21,835 [Command processor thread] INFO  commandhandler.CreatePipelineCommandHandler (CreatePipelineCommandHandler.java:handle(113)) - Created Pipeline RATIS ONE PipelineID=fd7b5ac8-74ab-4d87-8a0c-584db4bfa710.
2023-05-05 09:11:21,835 [Command processor thread] INFO  server.RaftServer (RaftServerProxy.java:addNew(96)) - 01b6ceb7-397f-4531-b0f0-6cdac58298e0: addNew group-F08E02D63E68:[cbbeb21a-10ea-4a95-b948-f7c95f693eb9|rpc:10.1.0.42:38525|dataStream:10.1.0.42:37147|priority:0|startupRole:FOLLOWER, e841f512-b055-4fc0-94e5-70e8baf078a1|rpc:10.1.0.42:41953|dataStream:10.1.0.42:46347|priority:0|startupRole:FOLLOWER, 01b6ceb7-397f-4531-b0f0-6cdac58298e0|rpc:10.1.0.42:43257|dataStream:10.1.0.42:36671|priority:1|startupRole:FOLLOWER] returns group-F08E02D63E68:java.util.concurrent.CompletableFuture@501f44e8[Not completed]
2023-05-05 09:11:21,836 [pool-345-thread-1] INFO  server.RaftServer$Division (RaftServerImpl.java:<init>(195)) - 01b6ceb7-397f-4531-b0f0-6cdac58298e0: new RaftServerImpl for group-F08E02D63E68:[cbbeb21a-10ea-4a95-b948-f7c95f693eb9|rpc:10.1.0.42:38525|dataStream:10.1.0.42:37147|priority:0|startupRole:FOLLOWER, e841f512-b055-4fc0-94e5-70e8baf078a1|rpc:10.1.0.42:41953|dataStream:10.1.0.42:46347|priority:0|startupRole:FOLLOWER, 01b6ceb7-397f-4531-b0f0-6cdac58298e0|rpc:10.1.0.42:43257|dataStream:10.1.0.42:36671|priority:1|startupRole:FOLLOWER] with ContainerStateMachine:uninitialized
2023-05-05 09:11:21,836 [pool-345-thread-1] INFO  server.RaftServerConfigKeys (ConfUtils.java:logGet(46)) - raft.server.rpc.timeout.min = 5s (custom)
2023-05-05 09:11:21,836 [pool-345-thread-1] INFO  server.RaftServerConfigKeys (ConfUtils.java:logGet(46)) - raft.server.rpc.timeout.max = 5200ms (custom)
2023-05-05 09:11:21,836 [pool-345-thread-1] INFO  server.RaftServerConfigKeys (ConfUtils.java:logGet(46)) - raft.server.rpc.sleep.time = 25ms (default)
2023-05-05 09:11:21,836 [pool-345-thread-1] INFO  server.RaftServerConfigKeys (ConfUtils.java:logGet(46)) - raft.server.rpc.slowness.timeout = 300s (custom)
2023-05-05 09:11:21,836 [pool-345-thread-1] INFO  server.RaftServerConfigKeys (ConfUtils.java:logGet(46)) - raft.server.leaderelection.leader.step-down.wait-time = 10s (default)
2023-05-05 09:11:21,836 [pool-345-thread-1] INFO  server.RaftServerConfigKeys (ConfUtils.java:logGet(46)) - raft.server.sleep.deviation.threshold = 300ms (default)
2023-05-05 09:11:21,837 [pool-345-thread-1] INFO  server.RaftServer$Division (ServerState.java:<init>(118)) - 01b6ceb7-397f-4531-b0f0-6cdac58298e0@group-F08E02D63E68: ConfigurationManager, init=-1: peers:[cbbeb21a-10ea-4a95-b948-f7c95f693eb9|rpc:10.1.0.42:38525|dataStream:10.1.0.42:37147|priority:0|startupRole:FOLLOWER, e841f512-b055-4fc0-94e5-70e8baf078a1|rpc:10.1.0.42:41953|dataStream:10.1.0.42:46347|priority:0|startupRole:FOLLOWER, 01b6ceb7-397f-4531-b0f0-6cdac58298e0|rpc:10.1.0.42:43257|dataStream:10.1.0.42:36671|priority:1|startupRole:FOLLOWER]|listeners:[], old=null, confs=<EMPTY_MAP>
2023-05-05 09:11:21,837 [pool-345-thread-1] INFO  server.RaftServerConfigKeys (ConfUtils.java:logGet(46)) - raft.server.storage.dir = [/home/runner/work/ozone/ozone/hadoop-ozone/integration-test/target/test-dir/MiniOzoneClusterImpl-c61bf99b-c16a-4bd9-9ddf-73aa51c031b9/datanode-0/data/ratis] (custom)
2023-05-05 09:11:21,837 [pool-345-thread-1] INFO  server.RaftServerConfigKeys (ConfUtils.java:logGet(46)) - raft.server.log.corruption.policy = EXCEPTION (default)
2023-05-05 09:11:21,837 [pool-345-thread-1] INFO  server.RaftServerConfigKeys (ConfUtils.java:logGet(46)) - raft.server.storage.free-space.min = 0MB (=0) (default)
2023-05-05 09:11:21,837 [pool-345-thread-1] INFO  server.RaftServerConfigKeys (ConfUtils.java:logGet(46)) - raft.server.notification.no-leader.timeout = 300s (custom)
2023-05-05 09:11:21,837 [pool-345-thread-1] INFO  server.RaftServerConfigKeys (ConfUtils.java:logGet(46)) - raft.server.retrycache.expirytime = 600000ms (custom)
2023-05-05 09:11:21,837 [pool-345-thread-1] INFO  server.RaftServerConfigKeys (ConfUtils.java:logGet(46)) - raft.server.retrycache.statistics.expirytime = 100μs (default)
2023-05-05 09:11:21,838 [pool-345-thread-1] INFO  server.RaftServerConfigKeys (ConfUtils.java:logGet(46)) - raft.server.log.appender.install.snapshot.enabled = false (custom)
2023-05-05 09:11:21,838 [pool-345-thread-1] INFO  server.RaftServerConfigKeys (ConfUtils.java:logGet(46)) - raft.server.threadpool.server.cached = true (default)
2023-05-05 09:11:21,838 [pool-345-thread-1] INFO  server.RaftServerConfigKeys (ConfUtils.java:logGet(46)) - raft.server.threadpool.server.size = 0 (default)
2023-05-05 09:11:21,838 [pool-345-thread-1] INFO  server.RaftServerConfigKeys (ConfUtils.java:logGet(46)) - raft.server.threadpool.client.cached = true (default)
2023-05-05 09:11:21,838 [pool-345-thread-1] INFO  server.RaftServerConfigKeys (ConfUtils.java:logGet(46)) - raft.server.threadpool.client.size = 0 (default)
2023-05-05 09:11:21,838 [pool-345-thread-1] INFO  storage.RaftStorageDirectory (RaftStorageDirectoryImpl.java:analyzeStorage(137)) - The storage directory /home/runner/work/ozone/ozone/hadoop-ozone/integration-test/target/test-dir/MiniOzoneClusterImpl-c61bf99b-c16a-4bd9-9ddf-73aa51c031b9/datanode-0/data/ratis/f1dc1d9c-bce3-4fbb-93ec-f08e02d63e68 does not exist. Creating ...
2023-05-05 09:11:21,839 [pool-345-thread-1] INFO  storage.RaftStorageDirectory (RaftStorageDirectoryImpl.java:tryLock(231)) - Lock on /home/runner/work/ozone/ozone/hadoop-ozone/integration-test/target/test-dir/MiniOzoneClusterImpl-c61bf99b-c16a-4bd9-9ddf-73aa51c031b9/datanode-0/data/ratis/f1dc1d9c-bce3-4fbb-93ec-f08e02d63e68/in_use.lock acquired by nodename 7812@fv-az152-207
2023-05-05 09:11:21,840 [pool-345-thread-1] INFO  storage.RaftStorage (RaftStorageImpl.java:format(96)) - Storage directory /home/runner/work/ozone/ozone/hadoop-ozone/integration-test/target/test-dir/MiniOzoneClusterImpl-c61bf99b-c16a-4bd9-9ddf-73aa51c031b9/datanode-0/data/ratis/f1dc1d9c-bce3-4fbb-93ec-f08e02d63e68 has been successfully formatted.
2023-05-05 09:11:21,841 [pool-345-thread-1] INFO  ratis.ContainerStateMachine (ContainerStateMachine.java:loadSnapshot(262)) - group-F08E02D63E68: The snapshot info is null. Setting the last applied indexto:(t:0, i:~)
2023-05-05 09:11:21,841 [pool-345-thread-1] INFO  server.RaftServerConfigKeys (ConfUtils.java:logGet(46)) - raft.server.log.use.memory = false (default)
2023-05-05 09:11:21,842 [pool-345-thread-1] INFO  server.RaftServerConfigKeys (ConfUtils.java:logGet(46)) - raft.server.log.purge.gap = 1000000 (custom)
2023-05-05 09:11:21,842 [pool-345-thread-1] INFO  server.RaftServerConfigKeys (ConfUtils.java:logGet(46)) - raft.server.log.appender.buffer.byte-limit = 33554432 (custom)
2023-05-05 09:11:21,842 [EventQueue-OpenPipelineForHealthyPipelineSafeModeRule] INFO  safemode.SCMSafeModeManager (HealthyPipelineSafeModeRule.java:process(137)) - SCM in safe mode. Healthy pipelines reported count is 0, required healthy pipeline reported count is 1
2023-05-05 09:11:21,843 [pool-345-thread-1] INFO  server.RaftServerConfigKeys (ConfUtils.java:logGet(46)) - raft.server.log.statemachine.data.read.timeout = 1000ms (default)
2023-05-05 09:11:21,843 [pool-345-thread-1] INFO  server.RaftServerConfigKeys (ConfUtils.java:logGet(46)) - raft.server.log.purge.preservation.log.num = 0 (default)
2023-05-05 09:11:21,843 [pool-345-thread-1] INFO  server.RaftServerConfigKeys (ConfUtils.java:logGet(46)) - raft.server.log.segment.size.max = 1048576 (custom)
2023-05-05 09:11:21,843 [pool-345-thread-1] INFO  server.RaftServerConfigKeys (ConfUtils.java:logGet(46)) - raft.server.log.segment.cache.num.max = 2 (custom)
2023-05-05 09:11:21,843 [pool-345-thread-1] INFO  server.RaftServerConfigKeys (ConfUtils.java:logGet(46)) - raft.server.log.segment.cache.size.max = 200MB (=209715200) (default)
2023-05-05 09:11:21,843 [pool-345-thread-1] INFO  segmented.SegmentedRaftLogWorker (SegmentedRaftLogWorker.java:<init>(189)) - new 01b6ceb7-397f-4531-b0f0-6cdac58298e0@group-F08E02D63E68-SegmentedRaftLogWorker for RaftStorageImpl:Storage Directory /home/runner/work/ozone/ozone/hadoop-ozone/integration-test/target/test-dir/MiniOzoneClusterImpl-c61bf99b-c16a-4bd9-9ddf-73aa51c031b9/datanode-0/data/ratis/f1dc1d9c-bce3-4fbb-93ec-f08e02d63e68
2023-05-05 09:11:21,843 [pool-345-thread-1] INFO  server.RaftServerConfigKeys (ConfUtils.java:logGet(46)) - raft.server.log.queue.byte-limit = 4294967296 (custom)
2023-05-05 09:11:21,843 [pool-345-thread-1] INFO  server.RaftServerConfigKeys (ConfUtils.java:logGet(46)) - raft.server.log.queue.element-limit = 1024 (custom)
2023-05-05 09:11:21,843 [pool-345-thread-1] INFO  server.RaftServerConfigKeys (ConfUtils.java:logGet(46)) - raft.server.log.segment.size.max = 1048576 (custom)
2023-05-05 09:11:21,843 [pool-345-thread-1] INFO  server.RaftServerConfigKeys (ConfUtils.java:logGet(46)) - raft.server.log.preallocated.size = 16384 (custom)
2023-05-05 09:11:21,844 [pool-345-thread-1] INFO  server.RaftServerConfigKeys (ConfUtils.java:logGet(46)) - raft.server.log.force.sync.num = 128 (default)
2023-05-05 09:11:21,844 [pool-345-thread-1] INFO  server.RaftServerConfigKeys (ConfUtils.java:logGet(46)) - raft.server.log.statemachine.data.sync = true (default)
2023-05-05 09:11:21,844 [pool-345-thread-1] INFO  server.RaftServerConfigKeys (ConfUtils.java:logGet(46)) - raft.server.log.statemachine.data.sync.timeout = 10s (default)
2023-05-05 09:11:21,844 [pool-345-thread-1] INFO  server.RaftServerConfigKeys (ConfUtils.java:logGet(46)) - raft.server.log.statemachine.data.sync.timeout.retry = -1 (default)
2023-05-05 09:11:21,844 [pool-345-thread-1] INFO  server.RaftServerConfigKeys (ConfUtils.java:logGet(46)) - raft.server.log.write.buffer.size = 1048576 (custom)
2023-05-05 09:11:21,845 [pool-345-thread-1] INFO  server.RaftServerConfigKeys (ConfUtils.java:logGet(46)) - raft.server.log.appender.buffer.byte-limit = 33554432 (custom)
2023-05-05 09:11:21,850 [pool-345-thread-1] INFO  server.RaftServerConfigKeys (ConfUtils.java:logGet(46)) - raft.server.log.unsafe-flush.enabled = false (default)
2023-05-05 09:11:21,850 [pool-345-thread-1] INFO  server.RaftServerConfigKeys (ConfUtils.java:logGet(46)) - raft.server.log.async-flush.enabled = false (default)
2023-05-05 09:11:21,850 [pool-345-thread-1] INFO  server.RaftServerConfigKeys (ConfUtils.java:logGet(46)) - raft.server.log.statemachine.data.caching.enabled = true (custom)
2023-05-05 09:11:21,850 [pool-345-thread-1] INFO  segmented.SegmentedRaftLogWorker (SegmentedRaftLogWorker.java:lambda$new$0(135)) - 01b6ceb7-397f-4531-b0f0-6cdac58298e0@group-F08E02D63E68-SegmentedRaftLogWorker: flushIndex: setUnconditionally 0 -> -1
2023-05-05 09:11:21,850 [pool-345-thread-1] INFO  segmented.SegmentedRaftLogWorker (SegmentedRaftLogWorker.java:lambda$new$0(135)) - 01b6ceb7-397f-4531-b0f0-6cdac58298e0@group-F08E02D63E68-SegmentedRaftLogWorker: safeCacheEvictIndex: setUnconditionally 0 -> -1
2023-05-05 09:11:21,850 [pool-345-thread-1] INFO  server.RaftServer$Division (RaftServerImpl.java:start(334)) - 01b6ceb7-397f-4531-b0f0-6cdac58298e0@group-F08E02D63E68: start as a follower, conf=-1: peers:[cbbeb21a-10ea-4a95-b948-f7c95f693eb9|rpc:10.1.0.42:38525|dataStream:10.1.0.42:37147|priority:0|startupRole:FOLLOWER, e841f512-b055-4fc0-94e5-70e8baf078a1|rpc:10.1.0.42:41953|dataStream:10.1.0.42:46347|priority:0|startupRole:FOLLOWER, 01b6ceb7-397f-4531-b0f0-6cdac58298e0|rpc:10.1.0.42:43257|dataStream:10.1.0.42:36671|priority:1|startupRole:FOLLOWER]|listeners:[], old=null
2023-05-05 09:11:21,850 [pool-345-thread-1] INFO  server.RaftServer$Division (RaftServerImpl.java:setRole(321)) - 01b6ceb7-397f-4531-b0f0-6cdac58298e0@group-F08E02D63E68: changes role from      null to FOLLOWER at term 0 for startAsFollower
2023-05-05 09:11:21,850 [pool-345-thread-1] INFO  impl.RoleInfo (RoleInfo.java:updateAndGet(139)) - 01b6ceb7-397f-4531-b0f0-6cdac58298e0: start 01b6ceb7-397f-4531-b0f0-6cdac58298e0@group-F08E02D63E68-FollowerState
2023-05-05 09:11:21,852 [pool-345-thread-1] INFO  util.JmxRegister (JmxRegister.java:tryRegister(44)) - Successfully registered JMX Bean with object name Ratis:service=RaftServer,group=group-F08E02D63E68,id=01b6ceb7-397f-4531-b0f0-6cdac58298e0
2023-05-05 09:11:21,852 [pool-345-thread-1] INFO  server.RaftServerConfigKeys (ConfUtils.java:logGet(46)) - raft.server.snapshot.auto.trigger.enabled = true (custom)
2023-05-05 09:11:21,852 [pool-345-thread-1] INFO  server.RaftServerConfigKeys (ConfUtils.java:logGet(46)) - raft.server.snapshot.auto.trigger.threshold = 10000 (custom)
2023-05-05 09:11:21,852 [pool-345-thread-1] INFO  server.RaftServerConfigKeys (ConfUtils.java:logGet(46)) - raft.server.snapshot.retention.file.num = 5 (custom)
2023-05-05 09:11:21,852 [pool-345-thread-1] INFO  server.RaftServerConfigKeys (ConfUtils.java:logGet(46)) - raft.server.log.purge.upto.snapshot.index = false (default)
2023-05-05 09:11:21,853 [01b6ceb7-397f-4531-b0f0-6cdac58298e0@group-F08E02D63E68-FollowerState] INFO  server.RaftServerConfigKeys (ConfUtils.java:logFallback(53)) - raft.server.rpc.first-election.timeout.min = 5s (fallback to raft.server.rpc.timeout.min)
2023-05-05 09:11:21,853 [01b6ceb7-397f-4531-b0f0-6cdac58298e0@group-F08E02D63E68-FollowerState] INFO  server.RaftServerConfigKeys (ConfUtils.java:logFallback(53)) - raft.server.rpc.first-election.timeout.max = 5200ms (fallback to raft.server.rpc.timeout.max)
2023-05-05 09:11:21,855 [Command processor thread] INFO  ratis.XceiverServerRatis (XceiverServerRatis.java:addGroup(806)) - Created group PipelineID=f1dc1d9c-bce3-4fbb-93ec-f08e02d63e68
2023-05-05 09:11:21,878 [grpc-default-executor-0] INFO  server.RaftServer (RaftServerProxy.java:addNew(96)) - cbbeb21a-10ea-4a95-b948-f7c95f693eb9: addNew group-F08E02D63E68:[cbbeb21a-10ea-4a95-b948-f7c95f693eb9|rpc:10.1.0.42:38525|dataStream:10.1.0.42:37147|priority:0|startupRole:FOLLOWER, e841f512-b055-4fc0-94e5-70e8baf078a1|rpc:10.1.0.42:41953|dataStream:10.1.0.42:46347|priority:0|startupRole:FOLLOWER, 01b6ceb7-397f-4531-b0f0-6cdac58298e0|rpc:10.1.0.42:43257|dataStream:10.1.0.42:36671|priority:1|startupRole:FOLLOWER] returns group-F08E02D63E68:java.util.concurrent.CompletableFuture@e9ec97e[Not completed]
2023-05-05 09:11:21,880 [pool-367-thread-1] INFO  server.RaftServer$Division (RaftServerImpl.java:<init>(195)) - cbbeb21a-10ea-4a95-b948-f7c95f693eb9: new RaftServerImpl for group-F08E02D63E68:[cbbeb21a-10ea-4a95-b948-f7c95f693eb9|rpc:10.1.0.42:38525|dataStream:10.1.0.42:37147|priority:0|startupRole:FOLLOWER, e841f512-b055-4fc0-94e5-70e8baf078a1|rpc:10.1.0.42:41953|dataStream:10.1.0.42:46347|priority:0|startupRole:FOLLOWER, 01b6ceb7-397f-4531-b0f0-6cdac58298e0|rpc:10.1.0.42:43257|dataStream:10.1.0.42:36671|priority:1|startupRole:FOLLOWER] with ContainerStateMachine:uninitialized
2023-05-05 09:11:21,881 [pool-367-thread-1] INFO  server.RaftServerConfigKeys (ConfUtils.java:logGet(46)) - raft.server.rpc.timeout.min = 5s (custom)
2023-05-05 09:11:21,881 [pool-367-thread-1] INFO  server.RaftServerConfigKeys (ConfUtils.java:logGet(46)) - raft.server.rpc.timeout.max = 5200ms (custom)
2023-05-05 09:11:21,881 [pool-367-thread-1] INFO  server.RaftServerConfigKeys (ConfUtils.java:logGet(46)) - raft.server.rpc.sleep.time = 25ms (default)
2023-05-05 09:11:21,881 [pool-367-thread-1] INFO  server.RaftServerConfigKeys (ConfUtils.java:logGet(46)) - raft.server.rpc.slowness.timeout = 300s (custom)
2023-05-05 09:11:21,881 [pool-367-thread-1] INFO  server.RaftServerConfigKeys (ConfUtils.java:logGet(46)) - raft.server.leaderelection.leader.step-down.wait-time = 10s (default)
2023-05-05 09:11:21,881 [pool-367-thread-1] INFO  server.RaftServerConfigKeys (ConfUtils.java:logGet(46)) - raft.server.sleep.deviation.threshold = 300ms (default)
2023-05-05 09:11:21,881 [pool-367-thread-1] INFO  server.RaftServer$Division (ServerState.java:<init>(118)) - cbbeb21a-10ea-4a95-b948-f7c95f693eb9@group-F08E02D63E68: ConfigurationManager, init=-1: peers:[cbbeb21a-10ea-4a95-b948-f7c95f693eb9|rpc:10.1.0.42:38525|dataStream:10.1.0.42:37147|priority:0|startupRole:FOLLOWER, e841f512-b055-4fc0-94e5-70e8baf078a1|rpc:10.1.0.42:41953|dataStream:10.1.0.42:46347|priority:0|startupRole:FOLLOWER, 01b6ceb7-397f-4531-b0f0-6cdac58298e0|rpc:10.1.0.42:43257|dataStream:10.1.0.42:36671|priority:1|startupRole:FOLLOWER]|listeners:[], old=null, confs=<EMPTY_MAP>
2023-05-05 09:11:21,881 [pool-367-thread-1] INFO  server.RaftServerConfigKeys (ConfUtils.java:logGet(46)) - raft.server.storage.dir = [/home/runner/work/ozone/ozone/hadoop-ozone/integration-test/target/test-dir/MiniOzoneClusterImpl-c61bf99b-c16a-4bd9-9ddf-73aa51c031b9/datanode-1/data/ratis] (custom)
2023-05-05 09:11:21,881 [pool-367-thread-1] INFO  server.RaftServerConfigKeys (ConfUtils.java:logGet(46)) - raft.server.log.corruption.policy = EXCEPTION (default)
2023-05-05 09:11:21,881 [pool-367-thread-1] INFO  server.RaftServerConfigKeys (ConfUtils.java:logGet(46)) - raft.server.storage.free-space.min = 0MB (=0) (default)
2023-05-05 09:11:21,882 [pool-367-thread-1] INFO  server.RaftServerConfigKeys (ConfUtils.java:logGet(46)) - raft.server.notification.no-leader.timeout = 300s (custom)
2023-05-05 09:11:21,882 [pool-367-thread-1] INFO  server.RaftServerConfigKeys (ConfUtils.java:logGet(46)) - raft.server.retrycache.expirytime = 600000ms (custom)
2023-05-05 09:11:21,882 [pool-367-thread-1] INFO  server.RaftServerConfigKeys (ConfUtils.java:logGet(46)) - raft.server.retrycache.statistics.expirytime = 100μs (default)
2023-05-05 09:11:21,883 [pool-367-thread-1] INFO  server.RaftServerConfigKeys (ConfUtils.java:logGet(46)) - raft.server.log.appender.install.snapshot.enabled = false (custom)
2023-05-05 09:11:21,883 [pool-367-thread-1] INFO  server.RaftServerConfigKeys (ConfUtils.java:logGet(46)) - raft.server.threadpool.server.cached = true (default)
2023-05-05 09:11:21,883 [pool-367-thread-1] INFO  server.RaftServerConfigKeys (ConfUtils.java:logGet(46)) - raft.server.threadpool.server.size = 0 (default)
2023-05-05 09:11:21,883 [pool-367-thread-1] INFO  server.RaftServerConfigKeys (ConfUtils.java:logGet(46)) - raft.server.threadpool.client.cached = true (default)
2023-05-05 09:11:21,883 [pool-367-thread-1] INFO  server.RaftServerConfigKeys (ConfUtils.java:logGet(46)) - raft.server.threadpool.client.size = 0 (default)
2023-05-05 09:11:21,885 [pool-367-thread-1] INFO  storage.RaftStorageDirectory (RaftStorageDirectoryImpl.java:analyzeStorage(137)) - The storage directory /home/runner/work/ozone/ozone/hadoop-ozone/integration-test/target/test-dir/MiniOzoneClusterImpl-c61bf99b-c16a-4bd9-9ddf-73aa51c031b9/datanode-1/data/ratis/f1dc1d9c-bce3-4fbb-93ec-f08e02d63e68 does not exist. Creating ...
2023-05-05 09:11:21,886 [pool-367-thread-1] INFO  storage.RaftStorageDirectory (RaftStorageDirectoryImpl.java:tryLock(231)) - Lock on /home/runner/work/ozone/ozone/hadoop-ozone/integration-test/target/test-dir/MiniOzoneClusterImpl-c61bf99b-c16a-4bd9-9ddf-73aa51c031b9/datanode-1/data/ratis/f1dc1d9c-bce3-4fbb-93ec-f08e02d63e68/in_use.lock acquired by nodename 7812@fv-az152-207
2023-05-05 09:11:21,887 [pool-367-thread-1] INFO  storage.RaftStorage (RaftStorageImpl.java:format(96)) - Storage directory /home/runner/work/ozone/ozone/hadoop-ozone/integration-test/target/test-dir/MiniOzoneClusterImpl-c61bf99b-c16a-4bd9-9ddf-73aa51c031b9/datanode-1/data/ratis/f1dc1d9c-bce3-4fbb-93ec-f08e02d63e68 has been successfully formatted.
2023-05-05 09:11:21,889 [pool-367-thread-1] INFO  ratis.ContainerStateMachine (ContainerStateMachine.java:loadSnapshot(262)) - group-F08E02D63E68: The snapshot info is null. Setting the last applied indexto:(t:0, i:~)
2023-05-05 09:11:21,889 [pool-367-thread-1] INFO  server.RaftServerConfigKeys (ConfUtils.java:logGet(46)) - raft.server.log.use.memory = false (default)
2023-05-05 09:11:21,889 [pool-367-thread-1] INFO  server.RaftServerConfigKeys (ConfUtils.java:logGet(46)) - raft.server.log.purge.gap = 1000000 (custom)
2023-05-05 09:11:21,889 [pool-367-thread-1] INFO  server.RaftServerConfigKeys (ConfUtils.java:logGet(46)) - raft.server.log.appender.buffer.byte-limit = 33554432 (custom)
2023-05-05 09:11:21,889 [pool-367-thread-1] INFO  server.RaftServerConfigKeys (ConfUtils.java:logGet(46)) - raft.server.log.statemachine.data.read.timeout = 1000ms (default)
2023-05-05 09:11:21,889 [pool-367-thread-1] INFO  server.RaftServerConfigKeys (ConfUtils.java:logGet(46)) - raft.server.log.purge.preservation.log.num = 0 (default)
2023-05-05 09:11:21,889 [pool-367-thread-1] INFO  server.RaftServerConfigKeys (ConfUtils.java:logGet(46)) - raft.server.log.segment.size.max = 1048576 (custom)
2023-05-05 09:11:21,890 [pool-367-thread-1] INFO  server.RaftServerConfigKeys (ConfUtils.java:logGet(46)) - raft.server.log.segment.cache.num.max = 2 (custom)
2023-05-05 09:11:21,890 [pool-367-thread-1] INFO  server.RaftServerConfigKeys (ConfUtils.java:logGet(46)) - raft.server.log.segment.cache.size.max = 200MB (=209715200) (default)
2023-05-05 09:11:21,890 [pool-367-thread-1] INFO  segmented.SegmentedRaftLogWorker (SegmentedRaftLogWorker.java:<init>(189)) - new cbbeb21a-10ea-4a95-b948-f7c95f693eb9@group-F08E02D63E68-SegmentedRaftLogWorker for RaftStorageImpl:Storage Directory /home/runner/work/ozone/ozone/hadoop-ozone/integration-test/target/test-dir/MiniOzoneClusterImpl-c61bf99b-c16a-4bd9-9ddf-73aa51c031b9/datanode-1/data/ratis/f1dc1d9c-bce3-4fbb-93ec-f08e02d63e68
2023-05-05 09:11:21,890 [pool-367-thread-1] INFO  server.RaftServerConfigKeys (ConfUtils.java:logGet(46)) - raft.server.log.queue.byte-limit = 4294967296 (custom)
2023-05-05 09:11:21,890 [pool-367-thread-1] INFO  server.RaftServerConfigKeys (ConfUtils.java:logGet(46)) - raft.server.log.queue.element-limit = 1024 (custom)
2023-05-05 09:11:21,890 [pool-367-thread-1] INFO  server.RaftServerConfigKeys (ConfUtils.java:logGet(46)) - raft.server.log.segment.size.max = 1048576 (custom)
2023-05-05 09:11:21,890 [pool-367-thread-1] INFO  server.RaftServerConfigKeys (ConfUtils.java:logGet(46)) - raft.server.log.preallocated.size = 16384 (custom)
2023-05-05 09:11:21,892 [pool-367-thread-1] INFO  server.RaftServerConfigKeys (ConfUtils.java:logGet(46)) - raft.server.log.force.sync.num = 128 (default)
2023-05-05 09:11:21,892 [pool-367-thread-1] INFO  server.RaftServerConfigKeys (ConfUtils.java:logGet(46)) - raft.server.log.statemachine.data.sync = true (default)
2023-05-05 09:11:21,892 [pool-367-thread-1] INFO  server.RaftServerConfigKeys (ConfUtils.java:logGet(46)) - raft.server.log.statemachine.data.sync.timeout = 10s (default)
2023-05-05 09:11:21,892 [pool-367-thread-1] INFO  server.RaftServerConfigKeys (ConfUtils.java:logGet(46)) - raft.server.log.statemachine.data.sync.timeout.retry = -1 (default)
2023-05-05 09:11:21,893 [pool-367-thread-1] INFO  server.RaftServerConfigKeys (ConfUtils.java:logGet(46)) - raft.server.log.write.buffer.size = 1048576 (custom)
2023-05-05 09:11:21,893 [pool-367-thread-1] INFO  server.RaftServerConfigKeys (ConfUtils.java:logGet(46)) - raft.server.log.appender.buffer.byte-limit = 33554432 (custom)
2023-05-05 09:11:21,898 [pool-367-thread-1] INFO  server.RaftServerConfigKeys (ConfUtils.java:logGet(46)) - raft.server.log.unsafe-flush.enabled = false (default)
2023-05-05 09:11:21,898 [pool-367-thread-1] INFO  server.RaftServerConfigKeys (ConfUtils.java:logGet(46)) - raft.server.log.async-flush.enabled = false (default)
2023-05-05 09:11:21,898 [pool-367-thread-1] INFO  server.RaftServerConfigKeys (ConfUtils.java:logGet(46)) - raft.server.log.statemachine.data.caching.enabled = true (custom)
2023-05-05 09:11:21,899 [pool-367-thread-1] INFO  segmented.SegmentedRaftLogWorker (SegmentedRaftLogWorker.java:lambda$new$0(135)) - cbbeb21a-10ea-4a95-b948-f7c95f693eb9@group-F08E02D63E68-SegmentedRaftLogWorker: flushIndex: setUnconditionally 0 -> -1
2023-05-05 09:11:21,899 [pool-367-thread-1] INFO  segmented.SegmentedRaftLogWorker (SegmentedRaftLogWorker.java:lambda$new$0(135)) - cbbeb21a-10ea-4a95-b948-f7c95f693eb9@group-F08E02D63E68-SegmentedRaftLogWorker: safeCacheEvictIndex: setUnconditionally 0 -> -1
2023-05-05 09:11:21,900 [pool-367-thread-1] INFO  server.RaftServer$Division (RaftServerImpl.java:start(334)) - cbbeb21a-10ea-4a95-b948-f7c95f693eb9@group-F08E02D63E68: start as a follower, conf=-1: peers:[cbbeb21a-10ea-4a95-b948-f7c95f693eb9|rpc:10.1.0.42:38525|dataStream:10.1.0.42:37147|priority:0|startupRole:FOLLOWER, e841f512-b055-4fc0-94e5-70e8baf078a1|rpc:10.1.0.42:41953|dataStream:10.1.0.42:46347|priority:0|startupRole:FOLLOWER, 01b6ceb7-397f-4531-b0f0-6cdac58298e0|rpc:10.1.0.42:43257|dataStream:10.1.0.42:36671|priority:1|startupRole:FOLLOWER]|listeners:[], old=null
2023-05-05 09:11:21,900 [pool-367-thread-1] INFO  server.RaftServer$Division (RaftServerImpl.java:setRole(321)) - cbbeb21a-10ea-4a95-b948-f7c95f693eb9@group-F08E02D63E68: changes role from      null to FOLLOWER at term 0 for startAsFollower
2023-05-05 09:11:21,900 [pool-367-thread-1] INFO  impl.RoleInfo (RoleInfo.java:updateAndGet(139)) - cbbeb21a-10ea-4a95-b948-f7c95f693eb9: start cbbeb21a-10ea-4a95-b948-f7c95f693eb9@group-F08E02D63E68-FollowerState
2023-05-05 09:11:21,903 [pool-367-thread-1] INFO  util.JmxRegister (JmxRegister.java:tryRegister(44)) - Successfully registered JMX Bean with object name Ratis:service=RaftServer,group=group-F08E02D63E68,id=cbbeb21a-10ea-4a95-b948-f7c95f693eb9
2023-05-05 09:11:21,903 [pool-367-thread-1] INFO  server.RaftServerConfigKeys (ConfUtils.java:logGet(46)) - raft.server.snapshot.auto.trigger.enabled = true (custom)
2023-05-05 09:11:21,903 [pool-367-thread-1] INFO  server.RaftServerConfigKeys (ConfUtils.java:logGet(46)) - raft.server.snapshot.auto.trigger.threshold = 10000 (custom)
2023-05-05 09:11:21,903 [pool-367-thread-1] INFO  server.RaftServerConfigKeys (ConfUtils.java:logGet(46)) - raft.server.snapshot.retention.file.num = 5 (custom)
2023-05-05 09:11:21,903 [pool-367-thread-1] INFO  server.RaftServerConfigKeys (ConfUtils.java:logGet(46)) - raft.server.log.purge.upto.snapshot.index = false (default)
2023-05-05 09:11:21,905 [cbbeb21a-10ea-4a95-b948-f7c95f693eb9@group-F08E02D63E68-FollowerState] INFO  server.RaftServerConfigKeys (ConfUtils.java:logFallback(53)) - raft.server.rpc.first-election.timeout.min = 5s (fallback to raft.server.rpc.timeout.min)
2023-05-05 09:11:21,905 [cbbeb21a-10ea-4a95-b948-f7c95f693eb9@group-F08E02D63E68-FollowerState] INFO  server.RaftServerConfigKeys (ConfUtils.java:logFallback(53)) - raft.server.rpc.first-election.timeout.max = 5200ms (fallback to raft.server.rpc.timeout.max)
2023-05-05 09:11:21,922 [grpc-default-executor-0] INFO  server.RaftServer (RaftServerProxy.java:addNew(96)) - e841f512-b055-4fc0-94e5-70e8baf078a1: addNew group-F08E02D63E68:[cbbeb21a-10ea-4a95-b948-f7c95f693eb9|rpc:10.1.0.42:38525|dataStream:10.1.0.42:37147|priority:0|startupRole:FOLLOWER, e841f512-b055-4fc0-94e5-70e8baf078a1|rpc:10.1.0.42:41953|dataStream:10.1.0.42:46347|priority:0|startupRole:FOLLOWER, 01b6ceb7-397f-4531-b0f0-6cdac58298e0|rpc:10.1.0.42:43257|dataStream:10.1.0.42:36671|priority:1|startupRole:FOLLOWER] returns group-F08E02D63E68:java.util.concurrent.CompletableFuture@7896ef53[Not completed]
2023-05-05 09:11:21,926 [pool-389-thread-1] INFO  server.RaftServer$Division (RaftServerImpl.java:<init>(195)) - e841f512-b055-4fc0-94e5-70e8baf078a1: new RaftServerImpl for group-F08E02D63E68:[cbbeb21a-10ea-4a95-b948-f7c95f693eb9|rpc:10.1.0.42:38525|dataStream:10.1.0.42:37147|priority:0|startupRole:FOLLOWER, e841f512-b055-4fc0-94e5-70e8baf078a1|rpc:10.1.0.42:41953|dataStream:10.1.0.42:46347|priority:0|startupRole:FOLLOWER, 01b6ceb7-397f-4531-b0f0-6cdac58298e0|rpc:10.1.0.42:43257|dataStream:10.1.0.42:36671|priority:1|startupRole:FOLLOWER] with ContainerStateMachine:uninitialized
2023-05-05 09:11:21,926 [pool-389-thread-1] INFO  server.RaftServerConfigKeys (ConfUtils.java:logGet(46)) - raft.server.rpc.timeout.min = 5s (custom)
2023-05-05 09:11:21,926 [pool-389-thread-1] INFO  server.RaftServerConfigKeys (ConfUtils.java:logGet(46)) - raft.server.rpc.timeout.max = 5200ms (custom)
2023-05-05 09:11:21,926 [pool-389-thread-1] INFO  server.RaftServerConfigKeys (ConfUtils.java:logGet(46)) - raft.server.rpc.sleep.time = 25ms (default)
2023-05-05 09:11:21,926 [pool-389-thread-1] INFO  server.RaftServerConfigKeys (ConfUtils.java:logGet(46)) - raft.server.rpc.slowness.timeout = 300s (custom)
2023-05-05 09:11:21,926 [pool-389-thread-1] INFO  server.RaftServerConfigKeys (ConfUtils.java:logGet(46)) - raft.server.leaderelection.leader.step-down.wait-time = 10s (default)
2023-05-05 09:11:21,926 [pool-389-thread-1] INFO  server.RaftServerConfigKeys (ConfUtils.java:logGet(46)) - raft.server.sleep.deviation.threshold = 300ms (default)
2023-05-05 09:11:21,926 [pool-389-thread-1] INFO  server.RaftServer$Division (ServerState.java:<init>(118)) - e841f512-b055-4fc0-94e5-70e8baf078a1@group-F08E02D63E68: ConfigurationManager, init=-1: peers:[cbbeb21a-10ea-4a95-b948-f7c95f693eb9|rpc:10.1.0.42:38525|dataStream:10.1.0.42:37147|priority:0|startupRole:FOLLOWER, e841f512-b055-4fc0-94e5-70e8baf078a1|rpc:10.1.0.42:41953|dataStream:10.1.0.42:46347|priority:0|startupRole:FOLLOWER, 01b6ceb7-397f-4531-b0f0-6cdac58298e0|rpc:10.1.0.42:43257|dataStream:10.1.0.42:36671|priority:1|startupRole:FOLLOWER]|listeners:[], old=null, confs=<EMPTY_MAP>
2023-05-05 09:11:21,927 [pool-389-thread-1] INFO  server.RaftServerConfigKeys (ConfUtils.java:logGet(46)) - raft.server.storage.dir = [/home/runner/work/ozone/ozone/hadoop-ozone/integration-test/target/test-dir/MiniOzoneClusterImpl-c61bf99b-c16a-4bd9-9ddf-73aa51c031b9/datanode-2/data/ratis] (custom)
2023-05-05 09:11:21,927 [pool-389-thread-1] INFO  server.RaftServerConfigKeys (ConfUtils.java:logGet(46)) - raft.server.log.corruption.policy = EXCEPTION (default)
2023-05-05 09:11:21,927 [pool-389-thread-1] INFO  server.RaftServerConfigKeys (ConfUtils.java:logGet(46)) - raft.server.storage.free-space.min = 0MB (=0) (default)
2023-05-05 09:11:21,927 [pool-389-thread-1] INFO  server.RaftServerConfigKeys (ConfUtils.java:logGet(46)) - raft.server.notification.no-leader.timeout = 300s (custom)
2023-05-05 09:11:21,927 [pool-389-thread-1] INFO  server.RaftServerConfigKeys (ConfUtils.java:logGet(46)) - raft.server.retrycache.expirytime = 600000ms (custom)
2023-05-05 09:11:21,927 [pool-389-thread-1] INFO  server.RaftServerConfigKeys (ConfUtils.java:logGet(46)) - raft.server.retrycache.statistics.expirytime = 100μs (default)
2023-05-05 09:11:21,928 [pool-389-thread-1] INFO  server.RaftServerConfigKeys (ConfUtils.java:logGet(46)) - raft.server.log.appender.install.snapshot.enabled = false (custom)
2023-05-05 09:11:21,928 [pool-389-thread-1] INFO  server.RaftServerConfigKeys (ConfUtils.java:logGet(46)) - raft.server.threadpool.server.cached = true (default)
2023-05-05 09:11:21,928 [pool-389-thread-1] INFO  server.RaftServerConfigKeys (ConfUtils.java:logGet(46)) - raft.server.threadpool.server.size = 0 (default)
2023-05-05 09:11:21,928 [pool-389-thread-1] INFO  server.RaftServerConfigKeys (ConfUtils.java:logGet(46)) - raft.server.threadpool.client.cached = true (default)
2023-05-05 09:11:21,928 [pool-389-thread-1] INFO  server.RaftServerConfigKeys (ConfUtils.java:logGet(46)) - raft.server.threadpool.client.size = 0 (default)
2023-05-05 09:11:21,928 [pool-389-thread-1] INFO  storage.RaftStorageDirectory (RaftStorageDirectoryImpl.java:analyzeStorage(137)) - The storage directory /home/runner/work/ozone/ozone/hadoop-ozone/integration-test/target/test-dir/MiniOzoneClusterImpl-c61bf99b-c16a-4bd9-9ddf-73aa51c031b9/datanode-2/data/ratis/f1dc1d9c-bce3-4fbb-93ec-f08e02d63e68 does not exist. Creating ...
2023-05-05 09:11:21,929 [pool-389-thread-1] INFO  storage.RaftStorageDirectory (RaftStorageDirectoryImpl.java:tryLock(231)) - Lock on /home/runner/work/ozone/ozone/hadoop-ozone/integration-test/target/test-dir/MiniOzoneClusterImpl-c61bf99b-c16a-4bd9-9ddf-73aa51c031b9/datanode-2/data/ratis/f1dc1d9c-bce3-4fbb-93ec-f08e02d63e68/in_use.lock acquired by nodename 7812@fv-az152-207
2023-05-05 09:11:21,930 [pool-389-thread-1] INFO  storage.RaftStorage (RaftStorageImpl.java:format(96)) - Storage directory /home/runner/work/ozone/ozone/hadoop-ozone/integration-test/target/test-dir/MiniOzoneClusterImpl-c61bf99b-c16a-4bd9-9ddf-73aa51c031b9/datanode-2/data/ratis/f1dc1d9c-bce3-4fbb-93ec-f08e02d63e68 has been successfully formatted.
2023-05-05 09:11:21,932 [pool-389-thread-1] INFO  ratis.ContainerStateMachine (ContainerStateMachine.java:loadSnapshot(262)) - group-F08E02D63E68: The snapshot info is null. Setting the last applied indexto:(t:0, i:~)
2023-05-05 09:11:21,932 [pool-389-thread-1] INFO  server.RaftServerConfigKeys (ConfUtils.java:logGet(46)) - raft.server.log.use.memory = false (default)
2023-05-05 09:11:21,932 [pool-389-thread-1] INFO  server.RaftServerConfigKeys (ConfUtils.java:logGet(46)) - raft.server.log.purge.gap = 1000000 (custom)
2023-05-05 09:11:21,932 [pool-389-thread-1] INFO  server.RaftServerConfigKeys (ConfUtils.java:logGet(46)) - raft.server.log.appender.buffer.byte-limit = 33554432 (custom)
2023-05-05 09:11:21,932 [pool-389-thread-1] INFO  server.RaftServerConfigKeys (ConfUtils.java:logGet(46)) - raft.server.log.statemachine.data.read.timeout = 1000ms (default)
2023-05-05 09:11:21,932 [pool-389-thread-1] INFO  server.RaftServerConfigKeys (ConfUtils.java:logGet(46)) - raft.server.log.purge.preservation.log.num = 0 (default)
2023-05-05 09:11:21,933 [pool-389-thread-1] INFO  server.RaftServerConfigKeys (ConfUtils.java:logGet(46)) - raft.server.log.segment.size.max = 1048576 (custom)
2023-05-05 09:11:21,933 [pool-389-thread-1] INFO  server.RaftServerConfigKeys (ConfUtils.java:logGet(46)) - raft.server.log.segment.cache.num.max = 2 (custom)
2023-05-05 09:11:21,933 [pool-389-thread-1] INFO  server.RaftServerConfigKeys (ConfUtils.java:logGet(46)) - raft.server.log.segment.cache.size.max = 200MB (=209715200) (default)
2023-05-05 09:11:21,933 [pool-389-thread-1] INFO  segmented.SegmentedRaftLogWorker (SegmentedRaftLogWorker.java:<init>(189)) - new e841f512-b055-4fc0-94e5-70e8baf078a1@group-F08E02D63E68-SegmentedRaftLogWorker for RaftStorageImpl:Storage Directory /home/runner/work/ozone/ozone/hadoop-ozone/integration-test/target/test-dir/MiniOzoneClusterImpl-c61bf99b-c16a-4bd9-9ddf-73aa51c031b9/datanode-2/data/ratis/f1dc1d9c-bce3-4fbb-93ec-f08e02d63e68
2023-05-05 09:11:21,933 [pool-389-thread-1] INFO  server.RaftServerConfigKeys (ConfUtils.java:logGet(46)) - raft.server.log.queue.byte-limit = 4294967296 (custom)
2023-05-05 09:11:21,933 [pool-389-thread-1] INFO  server.RaftServerConfigKeys (ConfUtils.java:logGet(46)) - raft.server.log.queue.element-limit = 1024 (custom)
2023-05-05 09:11:21,933 [pool-389-thread-1] INFO  server.RaftServerConfigKeys (ConfUtils.java:logGet(46)) - raft.server.log.segment.size.max = 1048576 (custom)
2023-05-05 09:11:21,933 [pool-389-thread-1] INFO  server.RaftServerConfigKeys (ConfUtils.java:logGet(46)) - raft.server.log.preallocated.size = 16384 (custom)
2023-05-05 09:11:21,933 [pool-389-thread-1] INFO  server.RaftServerConfigKeys (ConfUtils.java:logGet(46)) - raft.server.log.force.sync.num = 128 (default)
2023-05-05 09:11:21,933 [pool-389-thread-1] INFO  server.RaftServerConfigKeys (ConfUtils.java:logGet(46)) - raft.server.log.statemachine.data.sync = true (default)
2023-05-05 09:11:21,933 [pool-389-thread-1] INFO  server.RaftServerConfigKeys (ConfUtils.java:logGet(46)) - raft.server.log.statemachine.data.sync.timeout = 10s (default)
2023-05-05 09:11:21,933 [pool-389-thread-1] INFO  server.RaftServerConfigKeys (ConfUtils.java:logGet(46)) - raft.server.log.statemachine.data.sync.timeout.retry = -1 (default)
2023-05-05 09:11:21,934 [pool-389-thread-1] INFO  server.RaftServerConfigKeys (ConfUtils.java:logGet(46)) - raft.server.log.write.buffer.size = 1048576 (custom)
2023-05-05 09:11:21,935 [pool-389-thread-1] INFO  server.RaftServerConfigKeys (ConfUtils.java:logGet(46)) - raft.server.log.appender.buffer.byte-limit = 33554432 (custom)
2023-05-05 09:11:21,939 [pool-389-thread-1] INFO  server.RaftServerConfigKeys (ConfUtils.java:logGet(46)) - raft.server.log.unsafe-flush.enabled = false (default)
2023-05-05 09:11:21,940 [pool-389-thread-1] INFO  server.RaftServerConfigKeys (ConfUtils.java:logGet(46)) - raft.server.log.async-flush.enabled = false (default)
2023-05-05 09:11:21,940 [pool-389-thread-1] INFO  server.RaftServerConfigKeys (ConfUtils.java:logGet(46)) - raft.server.log.statemachine.data.caching.enabled = true (custom)
2023-05-05 09:11:21,940 [pool-389-thread-1] INFO  segmented.SegmentedRaftLogWorker (SegmentedRaftLogWorker.java:lambda$new$0(135)) - e841f512-b055-4fc0-94e5-70e8baf078a1@group-F08E02D63E68-SegmentedRaftLogWorker: flushIndex: setUnconditionally 0 -> -1
2023-05-05 09:11:21,940 [pool-389-thread-1] INFO  segmented.SegmentedRaftLogWorker (SegmentedRaftLogWorker.java:lambda$new$0(135)) - e841f512-b055-4fc0-94e5-70e8baf078a1@group-F08E02D63E68-SegmentedRaftLogWorker: safeCacheEvictIndex: setUnconditionally 0 -> -1
2023-05-05 09:11:21,944 [pool-389-thread-1] INFO  server.RaftServer$Division (RaftServerImpl.java:start(334)) - e841f512-b055-4fc0-94e5-70e8baf078a1@group-F08E02D63E68: start as a follower, conf=-1: peers:[cbbeb21a-10ea-4a95-b948-f7c95f693eb9|rpc:10.1.0.42:38525|dataStream:10.1.0.42:37147|priority:0|startupRole:FOLLOWER, e841f512-b055-4fc0-94e5-70e8baf078a1|rpc:10.1.0.42:41953|dataStream:10.1.0.42:46347|priority:0|startupRole:FOLLOWER, 01b6ceb7-397f-4531-b0f0-6cdac58298e0|rpc:10.1.0.42:43257|dataStream:10.1.0.42:36671|priority:1|startupRole:FOLLOWER]|listeners:[], old=null
2023-05-05 09:11:21,944 [pool-389-thread-1] INFO  server.RaftServer$Division (RaftServerImpl.java:setRole(321)) - e841f512-b055-4fc0-94e5-70e8baf078a1@group-F08E02D63E68: changes role from      null to FOLLOWER at term 0 for startAsFollower
2023-05-05 09:11:21,944 [pool-389-thread-1] INFO  impl.RoleInfo (RoleInfo.java:updateAndGet(139)) - e841f512-b055-4fc0-94e5-70e8baf078a1: start e841f512-b055-4fc0-94e5-70e8baf078a1@group-F08E02D63E68-FollowerState
2023-05-05 09:11:21,945 [pool-389-thread-1] INFO  util.JmxRegister (JmxRegister.java:tryRegister(44)) - Successfully registered JMX Bean with object name Ratis:service=RaftServer,group=group-F08E02D63E68,id=e841f512-b055-4fc0-94e5-70e8baf078a1
2023-05-05 09:11:21,945 [pool-389-thread-1] INFO  server.RaftServerConfigKeys (ConfUtils.java:logGet(46)) - raft.server.snapshot.auto.trigger.enabled = true (custom)
2023-05-05 09:11:21,945 [pool-389-thread-1] INFO  server.RaftServerConfigKeys (ConfUtils.java:logGet(46)) - raft.server.snapshot.auto.trigger.threshold = 10000 (custom)
2023-05-05 09:11:21,945 [pool-389-thread-1] INFO  server.RaftServerConfigKeys (ConfUtils.java:logGet(46)) - raft.server.snapshot.retention.file.num = 5 (custom)
2023-05-05 09:11:21,945 [pool-389-thread-1] INFO  server.RaftServerConfigKeys (ConfUtils.java:logGet(46)) - raft.server.log.purge.upto.snapshot.index = false (default)
2023-05-05 09:11:21,945 [e841f512-b055-4fc0-94e5-70e8baf078a1@group-F08E02D63E68-FollowerState] INFO  server.RaftServerConfigKeys (ConfUtils.java:logFallback(53)) - raft.server.rpc.first-election.timeout.min = 5s (fallback to raft.server.rpc.timeout.min)
2023-05-05 09:11:21,945 [e841f512-b055-4fc0-94e5-70e8baf078a1@group-F08E02D63E68-FollowerState] INFO  server.RaftServerConfigKeys (ConfUtils.java:logFallback(53)) - raft.server.rpc.first-election.timeout.max = 5200ms (fallback to raft.server.rpc.timeout.max)
2023-05-05 09:11:21,950 [Command processor thread] INFO  commandhandler.CreatePipelineCommandHandler (CreatePipelineCommandHandler.java:handle(113)) - Created Pipeline RATIS THREE PipelineID=f1dc1d9c-bce3-4fbb-93ec-f08e02d63e68.
2023-05-05 09:11:21,950 [Command processor thread] INFO  server.RaftServer (RaftServerProxy.java:addNew(96)) - 01b6ceb7-397f-4531-b0f0-6cdac58298e0: addNew group-A49B3673EEDC:[cbbeb21a-10ea-4a95-b948-f7c95f693eb9|rpc:10.1.0.42:38525|dataStream:10.1.0.42:37147|priority:0|startupRole:FOLLOWER, 01b6ceb7-397f-4531-b0f0-6cdac58298e0|rpc:10.1.0.42:43257|dataStream:10.1.0.42:36671|priority:0|startupRole:FOLLOWER, e841f512-b055-4fc0-94e5-70e8baf078a1|rpc:10.1.0.42:41953|dataStream:10.1.0.42:46347|priority:1|startupRole:FOLLOWER] returns group-A49B3673EEDC:java.util.concurrent.CompletableFuture@7f7707ed[Not completed]
2023-05-05 09:11:21,951 [pool-345-thread-1] INFO  server.RaftServer$Division (RaftServerImpl.java:<init>(195)) - 01b6ceb7-397f-4531-b0f0-6cdac58298e0: new RaftServerImpl for group-A49B3673EEDC:[cbbeb21a-10ea-4a95-b948-f7c95f693eb9|rpc:10.1.0.42:38525|dataStream:10.1.0.42:37147|priority:0|startupRole:FOLLOWER, 01b6ceb7-397f-4531-b0f0-6cdac58298e0|rpc:10.1.0.42:43257|dataStream:10.1.0.42:36671|priority:0|startupRole:FOLLOWER, e841f512-b055-4fc0-94e5-70e8baf078a1|rpc:10.1.0.42:41953|dataStream:10.1.0.42:46347|priority:1|startupRole:FOLLOWER] with ContainerStateMachine:uninitialized
2023-05-05 09:11:21,951 [pool-345-thread-1] INFO  server.RaftServerConfigKeys (ConfUtils.java:logGet(46)) - raft.server.rpc.timeout.min = 5s (custom)
2023-05-05 09:11:21,951 [pool-345-thread-1] INFO  server.RaftServerConfigKeys (ConfUtils.java:logGet(46)) - raft.server.rpc.timeout.max = 5200ms (custom)
2023-05-05 09:11:21,951 [pool-345-thread-1] INFO  server.RaftServerConfigKeys (ConfUtils.java:logGet(46)) - raft.server.rpc.sleep.time = 25ms (default)
2023-05-05 09:11:21,952 [pool-345-thread-1] INFO  server.RaftServerConfigKeys (ConfUtils.java:logGet(46)) - raft.server.rpc.slowness.timeout = 300s (custom)
2023-05-05 09:11:21,952 [pool-345-thread-1] INFO  server.RaftServerConfigKeys (ConfUtils.java:logGet(46)) - raft.server.leaderelection.leader.step-down.wait-time = 10s (default)
2023-05-05 09:11:21,952 [pool-345-thread-1] INFO  server.RaftServerConfigKeys (ConfUtils.java:logGet(46)) - raft.server.sleep.deviation.threshold = 300ms (default)
2023-05-05 09:11:21,952 [pool-345-thread-1] INFO  server.RaftServer$Division (ServerState.java:<init>(118)) - 01b6ceb7-397f-4531-b0f0-6cdac58298e0@group-A49B3673EEDC: ConfigurationManager, init=-1: peers:[cbbeb21a-10ea-4a95-b948-f7c95f693eb9|rpc:10.1.0.42:38525|dataStream:10.1.0.42:37147|priority:0|startupRole:FOLLOWER, 01b6ceb7-397f-4531-b0f0-6cdac58298e0|rpc:10.1.0.42:43257|dataStream:10.1.0.42:36671|priority:0|startupRole:FOLLOWER, e841f512-b055-4fc0-94e5-70e8baf078a1|rpc:10.1.0.42:41953|dataStream:10.1.0.42:46347|priority:1|startupRole:FOLLOWER]|listeners:[], old=null, confs=<EMPTY_MAP>
2023-05-05 09:11:21,952 [pool-345-thread-1] INFO  server.RaftServerConfigKeys (ConfUtils.java:logGet(46)) - raft.server.storage.dir = [/home/runner/work/ozone/ozone/hadoop-ozone/integration-test/target/test-dir/MiniOzoneClusterImpl-c61bf99b-c16a-4bd9-9ddf-73aa51c031b9/datanode-0/data/ratis] (custom)
2023-05-05 09:11:21,952 [pool-345-thread-1] INFO  server.RaftServerConfigKeys (ConfUtils.java:logGet(46)) - raft.server.log.corruption.policy = EXCEPTION (default)
2023-05-05 09:11:21,952 [pool-345-thread-1] INFO  server.RaftServerConfigKeys (ConfUtils.java:logGet(46)) - raft.server.storage.free-space.min = 0MB (=0) (default)
2023-05-05 09:11:21,952 [pool-345-thread-1] INFO  server.RaftServerConfigKeys (ConfUtils.java:logGet(46)) - raft.server.notification.no-leader.timeout = 300s (custom)
2023-05-05 09:11:21,952 [pool-345-thread-1] INFO  server.RaftServerConfigKeys (ConfUtils.java:logGet(46)) - raft.server.retrycache.expirytime = 600000ms (custom)
2023-05-05 09:11:21,952 [pool-345-thread-1] INFO  server.RaftServerConfigKeys (ConfUtils.java:logGet(46)) - raft.server.retrycache.statistics.expirytime = 100μs (default)
2023-05-05 09:11:21,953 [pool-345-thread-1] INFO  server.RaftServerConfigKeys (ConfUtils.java:logGet(46)) - raft.server.log.appender.install.snapshot.enabled = false (custom)
2023-05-05 09:11:21,953 [pool-345-thread-1] INFO  server.RaftServerConfigKeys (ConfUtils.java:logGet(46)) - raft.server.threadpool.server.cached = true (default)
2023-05-05 09:11:21,953 [pool-345-thread-1] INFO  server.RaftServerConfigKeys (ConfUtils.java:logGet(46)) - raft.server.threadpool.server.size = 0 (default)
2023-05-05 09:11:21,953 [pool-345-thread-1] INFO  server.RaftServerConfigKeys (ConfUtils.java:logGet(46)) - raft.server.threadpool.client.cached = true (default)
2023-05-05 09:11:21,953 [pool-345-thread-1] INFO  server.RaftServerConfigKeys (ConfUtils.java:logGet(46)) - raft.server.threadpool.client.size = 0 (default)
2023-05-05 09:11:21,953 [pool-345-thread-1] INFO  storage.RaftStorageDirectory (RaftStorageDirectoryImpl.java:analyzeStorage(137)) - The storage directory /home/runner/work/ozone/ozone/hadoop-ozone/integration-test/target/test-dir/MiniOzoneClusterImpl-c61bf99b-c16a-4bd9-9ddf-73aa51c031b9/datanode-0/data/ratis/74946601-6469-47ef-8e9b-a49b3673eedc does not exist. Creating ...
2023-05-05 09:11:21,954 [pool-345-thread-1] INFO  storage.RaftStorageDirectory (RaftStorageDirectoryImpl.java:tryLock(231)) - Lock on /home/runner/work/ozone/ozone/hadoop-ozone/integration-test/target/test-dir/MiniOzoneClusterImpl-c61bf99b-c16a-4bd9-9ddf-73aa51c031b9/datanode-0/data/ratis/74946601-6469-47ef-8e9b-a49b3673eedc/in_use.lock acquired by nodename 7812@fv-az152-207
2023-05-05 09:11:21,955 [pool-345-thread-1] INFO  storage.RaftStorage (RaftStorageImpl.java:format(96)) - Storage directory /home/runner/work/ozone/ozone/hadoop-ozone/integration-test/target/test-dir/MiniOzoneClusterImpl-c61bf99b-c16a-4bd9-9ddf-73aa51c031b9/datanode-0/data/ratis/74946601-6469-47ef-8e9b-a49b3673eedc has been successfully formatted.
2023-05-05 09:11:21,956 [pool-345-thread-1] INFO  ratis.ContainerStateMachine (ContainerStateMachine.java:loadSnapshot(262)) - group-A49B3673EEDC: The snapshot info is null. Setting the last applied indexto:(t:0, i:~)
2023-05-05 09:11:21,956 [pool-345-thread-1] INFO  server.RaftServerConfigKeys (ConfUtils.java:logGet(46)) - raft.server.log.use.memory = false (default)
2023-05-05 09:11:21,956 [pool-345-thread-1] INFO  server.RaftServerConfigKeys (ConfUtils.java:logGet(46)) - raft.server.log.purge.gap = 1000000 (custom)
2023-05-05 09:11:21,956 [pool-345-thread-1] INFO  server.RaftServerConfigKeys (ConfUtils.java:logGet(46)) - raft.server.log.appender.buffer.byte-limit = 33554432 (custom)
2023-05-05 09:11:21,956 [pool-345-thread-1] INFO  server.RaftServerConfigKeys (ConfUtils.java:logGet(46)) - raft.server.log.statemachine.data.read.timeout = 1000ms (default)
2023-05-05 09:11:21,956 [pool-345-thread-1] INFO  server.RaftServerConfigKeys (ConfUtils.java:logGet(46)) - raft.server.log.purge.preservation.log.num = 0 (default)
2023-05-05 09:11:21,957 [pool-345-thread-1] INFO  server.RaftServerConfigKeys (ConfUtils.java:logGet(46)) - raft.server.log.segment.size.max = 1048576 (custom)
2023-05-05 09:11:21,957 [pool-345-thread-1] INFO  server.RaftServerConfigKeys (ConfUtils.java:logGet(46)) - raft.server.log.segment.cache.num.max = 2 (custom)
2023-05-05 09:11:21,957 [EventQueue-OpenPipelineForHealthyPipelineSafeModeRule] INFO  safemode.SCMSafeModeManager (HealthyPipelineSafeModeRule.java:process(137)) - SCM in safe mode. Healthy pipelines reported count is 0, required healthy pipeline reported count is 1
2023-05-05 09:11:21,957 [pool-345-thread-1] INFO  server.RaftServerConfigKeys (ConfUtils.java:logGet(46)) - raft.server.log.segment.cache.size.max = 200MB (=209715200) (default)
2023-05-05 09:11:21,957 [pool-345-thread-1] INFO  segmented.SegmentedRaftLogWorker (SegmentedRaftLogWorker.java:<init>(189)) - new 01b6ceb7-397f-4531-b0f0-6cdac58298e0@group-A49B3673EEDC-SegmentedRaftLogWorker for RaftStorageImpl:Storage Directory /home/runner/work/ozone/ozone/hadoop-ozone/integration-test/target/test-dir/MiniOzoneClusterImpl-c61bf99b-c16a-4bd9-9ddf-73aa51c031b9/datanode-0/data/ratis/74946601-6469-47ef-8e9b-a49b3673eedc
2023-05-05 09:11:21,957 [pool-345-thread-1] INFO  server.RaftServerConfigKeys (ConfUtils.java:logGet(46)) - raft.server.log.queue.byte-limit = 4294967296 (custom)
2023-05-05 09:11:21,957 [pool-345-thread-1] INFO  server.RaftServerConfigKeys (ConfUtils.java:logGet(46)) - raft.server.log.queue.element-limit = 1024 (custom)
2023-05-05 09:11:21,957 [pool-345-thread-1] INFO  server.RaftServerConfigKeys (ConfUtils.java:logGet(46)) - raft.server.log.segment.size.max = 1048576 (custom)
2023-05-05 09:11:21,957 [pool-345-thread-1] INFO  server.RaftServerConfigKeys (ConfUtils.java:logGet(46)) - raft.server.log.preallocated.size = 16384 (custom)
2023-05-05 09:11:21,958 [pool-345-thread-1] INFO  server.RaftServerConfigKeys (ConfUtils.java:logGet(46)) - raft.server.log.force.sync.num = 128 (default)
2023-05-05 09:11:21,958 [pool-345-thread-1] INFO  server.RaftServerConfigKeys (ConfUtils.java:logGet(46)) - raft.server.log.statemachine.data.sync = true (default)
2023-05-05 09:11:21,958 [pool-345-thread-1] INFO  server.RaftServerConfigKeys (ConfUtils.java:logGet(46)) - raft.server.log.statemachine.data.sync.timeout = 10s (default)
2023-05-05 09:11:21,958 [pool-345-thread-1] INFO  server.RaftServerConfigKeys (ConfUtils.java:logGet(46)) - raft.server.log.statemachine.data.sync.timeout.retry = -1 (default)
2023-05-05 09:11:21,958 [pool-345-thread-1] INFO  server.RaftServerConfigKeys (ConfUtils.java:logGet(46)) - raft.server.log.write.buffer.size = 1048576 (custom)
2023-05-05 09:11:21,959 [pool-345-thread-1] INFO  server.RaftServerConfigKeys (ConfUtils.java:logGet(46)) - raft.server.log.appender.buffer.byte-limit = 33554432 (custom)
2023-05-05 09:11:22,268 [JvmPauseMonitor9] WARN  util.JvmPauseMonitor (JvmPauseMonitor.java:detectPause(126)) - JvmPauseMonitor-e841f512-b055-4fc0-94e5-70e8baf078a1: Detected pause in JVM or host machine (eg GC): pause of approximately 209405673ns.
GC pool 'PS MarkSweep' had collection(s): count=1 time=193ms
GC pool 'PS Scavenge' had collection(s): count=1 time=114ms
2023-05-05 09:11:22,268 [Command processor thread] INFO  server.RaftServer (RaftServerProxy.java:addNew(96)) - cbbeb21a-10ea-4a95-b948-f7c95f693eb9: addNew group-E269F53961F5:[cbbeb21a-10ea-4a95-b948-f7c95f693eb9|rpc:10.1.0.42:38525|dataStream:10.1.0.42:37147|priority:1|startupRole:FOLLOWER] returns group-E269F53961F5:java.util.concurrent.CompletableFuture@5e79a24a[Not completed]
2023-05-05 09:11:22,269 [pool-367-thread-1] INFO  server.RaftServer$Division (RaftServerImpl.java:<init>(195)) - cbbeb21a-10ea-4a95-b948-f7c95f693eb9: new RaftServerImpl for group-E269F53961F5:[cbbeb21a-10ea-4a95-b948-f7c95f693eb9|rpc:10.1.0.42:38525|dataStream:10.1.0.42:37147|priority:1|startupRole:FOLLOWER] with ContainerStateMachine:uninitialized
2023-05-05 09:11:22,269 [pool-367-thread-1] INFO  server.RaftServerConfigKeys (ConfUtils.java:logGet(46)) - raft.server.rpc.timeout.min = 5s (custom)
2023-05-05 09:11:22,269 [pool-367-thread-1] INFO  server.RaftServerConfigKeys (ConfUtils.java:logGet(46)) - raft.server.rpc.timeout.max = 5200ms (custom)
2023-05-05 09:11:22,269 [pool-367-thread-1] INFO  server.RaftServerConfigKeys (ConfUtils.java:logGet(46)) - raft.server.rpc.sleep.time = 25ms (default)
2023-05-05 09:11:22,269 [pool-367-thread-1] INFO  server.RaftServerConfigKeys (ConfUtils.java:logGet(46)) - raft.server.rpc.slowness.timeout = 300s (custom)
2023-05-05 09:11:22,269 [pool-367-thread-1] INFO  server.RaftServerConfigKeys (ConfUtils.java:logGet(46)) - raft.server.leaderelection.leader.step-down.wait-time = 10s (default)
2023-05-05 09:11:22,269 [pool-367-thread-1] INFO  server.RaftServerConfigKeys (ConfUtils.java:logGet(46)) - raft.server.sleep.deviation.threshold = 300ms (default)
2023-05-05 09:11:22,270 [pool-367-thread-1] INFO  server.RaftServer$Division (ServerState.java:<init>(118)) - cbbeb21a-10ea-4a95-b948-f7c95f693eb9@group-E269F53961F5: ConfigurationManager, init=-1: peers:[cbbeb21a-10ea-4a95-b948-f7c95f693eb9|rpc:10.1.0.42:38525|dataStream:10.1.0.42:37147|priority:1|startupRole:FOLLOWER]|listeners:[], old=null, confs=<EMPTY_MAP>
2023-05-05 09:11:22,270 [pool-367-thread-1] INFO  server.RaftServerConfigKeys (ConfUtils.java:logGet(46)) - raft.server.storage.dir = [/home/runner/work/ozone/ozone/hadoop-ozone/integration-test/target/test-dir/MiniOzoneClusterImpl-c61bf99b-c16a-4bd9-9ddf-73aa51c031b9/datanode-1/data/ratis] (custom)
2023-05-05 09:11:22,270 [pool-367-thread-1] INFO  server.RaftServerConfigKeys (ConfUtils.java:logGet(46)) - raft.server.log.corruption.policy = EXCEPTION (default)
2023-05-05 09:11:22,270 [pool-367-thread-1] INFO  server.RaftServerConfigKeys (ConfUtils.java:logGet(46)) - raft.server.storage.free-space.min = 0MB (=0) (default)
2023-05-05 09:11:22,270 [pool-367-thread-1] INFO  server.RaftServerConfigKeys (ConfUtils.java:logGet(46)) - raft.server.notification.no-leader.timeout = 300s (custom)
2023-05-05 09:11:22,270 [pool-367-thread-1] INFO  server.RaftServerConfigKeys (ConfUtils.java:logGet(46)) - raft.server.retrycache.expirytime = 600000ms (custom)
2023-05-05 09:11:22,270 [pool-367-thread-1] INFO  server.RaftServerConfigKeys (ConfUtils.java:logGet(46)) - raft.server.retrycache.statistics.expirytime = 100μs (default)
2023-05-05 09:11:22,271 [pool-367-thread-1] INFO  server.RaftServerConfigKeys (ConfUtils.java:logGet(46)) - raft.server.log.appender.install.snapshot.enabled = false (custom)
2023-05-05 09:11:22,271 [pool-367-thread-1] INFO  server.RaftServerConfigKeys (ConfUtils.java:logGet(46)) - raft.server.threadpool.server.cached = true (default)
2023-05-05 09:11:22,271 [pool-367-thread-1] INFO  server.RaftServerConfigKeys (ConfUtils.java:logGet(46)) - raft.server.threadpool.server.size = 0 (default)
2023-05-05 09:11:22,271 [pool-367-thread-1] INFO  server.RaftServerConfigKeys (ConfUtils.java:logGet(46)) - raft.server.threadpool.client.cached = true (default)
2023-05-05 09:11:22,271 [pool-367-thread-1] INFO  server.RaftServerConfigKeys (ConfUtils.java:logGet(46)) - raft.server.threadpool.client.size = 0 (default)
2023-05-05 09:11:22,271 [pool-367-thread-1] INFO  storage.RaftStorageDirectory (RaftStorageDirectoryImpl.java:analyzeStorage(137)) - The storage directory /home/runner/work/ozone/ozone/hadoop-ozone/integration-test/target/test-dir/MiniOzoneClusterImpl-c61bf99b-c16a-4bd9-9ddf-73aa51c031b9/datanode-1/data/ratis/1e0a4218-2674-43b2-85f7-e269f53961f5 does not exist. Creating ...
2023-05-05 09:11:22,278 [pool-345-thread-1] INFO  server.RaftServerConfigKeys (ConfUtils.java:logGet(46)) - raft.server.log.unsafe-flush.enabled = false (default)
2023-05-05 09:11:22,278 [pool-345-thread-1] INFO  server.RaftServerConfigKeys (ConfUtils.java:logGet(46)) - raft.server.log.async-flush.enabled = false (default)
2023-05-05 09:11:22,278 [pool-345-thread-1] INFO  server.RaftServerConfigKeys (ConfUtils.java:logGet(46)) - raft.server.log.statemachine.data.caching.enabled = true (custom)
2023-05-05 09:11:22,279 [pool-345-thread-1] INFO  segmented.SegmentedRaftLogWorker (SegmentedRaftLogWorker.java:lambda$new$0(135)) - 01b6ceb7-397f-4531-b0f0-6cdac58298e0@group-A49B3673EEDC-SegmentedRaftLogWorker: flushIndex: setUnconditionally 0 -> -1
2023-05-05 09:11:22,279 [pool-345-thread-1] INFO  segmented.SegmentedRaftLogWorker (SegmentedRaftLogWorker.java:lambda$new$0(135)) - 01b6ceb7-397f-4531-b0f0-6cdac58298e0@group-A49B3673EEDC-SegmentedRaftLogWorker: safeCacheEvictIndex: setUnconditionally 0 -> -1
2023-05-05 09:11:22,279 [pool-367-thread-1] INFO  storage.RaftStorageDirectory (RaftStorageDirectoryImpl.java:tryLock(231)) - Lock on /home/runner/work/ozone/ozone/hadoop-ozone/integration-test/target/test-dir/MiniOzoneClusterImpl-c61bf99b-c16a-4bd9-9ddf-73aa51c031b9/datanode-1/data/ratis/1e0a4218-2674-43b2-85f7-e269f53961f5/in_use.lock acquired by nodename 7812@fv-az152-207
2023-05-05 09:11:22,279 [pool-345-thread-1] INFO  server.RaftServer$Division (RaftServerImpl.java:start(334)) - 01b6ceb7-397f-4531-b0f0-6cdac58298e0@group-A49B3673EEDC: start as a follower, conf=-1: peers:[cbbeb21a-10ea-4a95-b948-f7c95f693eb9|rpc:10.1.0.42:38525|dataStream:10.1.0.42:37147|priority:0|startupRole:FOLLOWER, 01b6ceb7-397f-4531-b0f0-6cdac58298e0|rpc:10.1.0.42:43257|dataStream:10.1.0.42:36671|priority:0|startupRole:FOLLOWER, e841f512-b055-4fc0-94e5-70e8baf078a1|rpc:10.1.0.42:41953|dataStream:10.1.0.42:46347|priority:1|startupRole:FOLLOWER]|listeners:[], old=null
2023-05-05 09:11:22,279 [pool-345-thread-1] INFO  server.RaftServer$Division (RaftServerImpl.java:setRole(321)) - 01b6ceb7-397f-4531-b0f0-6cdac58298e0@group-A49B3673EEDC: changes role from      null to FOLLOWER at term 0 for startAsFollower
2023-05-05 09:11:22,280 [pool-345-thread-1] INFO  impl.RoleInfo (RoleInfo.java:updateAndGet(139)) - 01b6ceb7-397f-4531-b0f0-6cdac58298e0: start 01b6ceb7-397f-4531-b0f0-6cdac58298e0@group-A49B3673EEDC-FollowerState
2023-05-05 09:11:22,280 [pool-345-thread-1] INFO  util.JmxRegister (JmxRegister.java:tryRegister(44)) - Successfully registered JMX Bean with object name Ratis:service=RaftServer,group=group-A49B3673EEDC,id=01b6ceb7-397f-4531-b0f0-6cdac58298e0
2023-05-05 09:11:22,280 [pool-345-thread-1] INFO  server.RaftServerConfigKeys (ConfUtils.java:logGet(46)) - raft.server.snapshot.auto.trigger.enabled = true (custom)
2023-05-05 09:11:22,280 [pool-345-thread-1] INFO  server.RaftServerConfigKeys (ConfUtils.java:logGet(46)) - raft.server.snapshot.auto.trigger.threshold = 10000 (custom)
2023-05-05 09:11:22,280 [pool-345-thread-1] INFO  server.RaftServerConfigKeys (ConfUtils.java:logGet(46)) - raft.server.snapshot.retention.file.num = 5 (custom)
2023-05-05 09:11:22,280 [pool-345-thread-1] INFO  server.RaftServerConfigKeys (ConfUtils.java:logGet(46)) - raft.server.log.purge.upto.snapshot.index = false (default)
2023-05-05 09:11:22,281 [pool-367-thread-1] INFO  storage.RaftStorage (RaftStorageImpl.java:format(96)) - Storage directory /home/runner/work/ozone/ozone/hadoop-ozone/integration-test/target/test-dir/MiniOzoneClusterImpl-c61bf99b-c16a-4bd9-9ddf-73aa51c031b9/datanode-1/data/ratis/1e0a4218-2674-43b2-85f7-e269f53961f5 has been successfully formatted.
2023-05-05 09:11:22,282 [01b6ceb7-397f-4531-b0f0-6cdac58298e0@group-A49B3673EEDC-FollowerState] INFO  server.RaftServerConfigKeys (ConfUtils.java:logFallback(53)) - raft.server.rpc.first-election.timeout.min = 5s (fallback to raft.server.rpc.timeout.min)
2023-05-05 09:11:22,282 [01b6ceb7-397f-4531-b0f0-6cdac58298e0@group-A49B3673EEDC-FollowerState] INFO  server.RaftServerConfigKeys (ConfUtils.java:logFallback(53)) - raft.server.rpc.first-election.timeout.max = 5200ms (fallback to raft.server.rpc.timeout.max)
2023-05-05 09:11:22,289 [Command processor thread] INFO  ratis.XceiverServerRatis (XceiverServerRatis.java:addGroup(806)) - Created group PipelineID=74946601-6469-47ef-8e9b-a49b3673eedc
2023-05-05 09:11:22,294 [pool-367-thread-1] INFO  ratis.ContainerStateMachine (ContainerStateMachine.java:loadSnapshot(262)) - group-E269F53961F5: The snapshot info is null. Setting the last applied indexto:(t:0, i:~)
2023-05-05 09:11:22,294 [pool-367-thread-1] INFO  server.RaftServerConfigKeys (ConfUtils.java:logGet(46)) - raft.server.log.use.memory = false (default)
2023-05-05 09:11:22,294 [pool-367-thread-1] INFO  server.RaftServerConfigKeys (ConfUtils.java:logGet(46)) - raft.server.log.purge.gap = 1000000 (custom)
2023-05-05 09:11:22,294 [pool-367-thread-1] INFO  server.RaftServerConfigKeys (ConfUtils.java:logGet(46)) - raft.server.log.appender.buffer.byte-limit = 33554432 (custom)
2023-05-05 09:11:22,294 [pool-367-thread-1] INFO  server.RaftServerConfigKeys (ConfUtils.java:logGet(46)) - raft.server.log.statemachine.data.read.timeout = 1000ms (default)
2023-05-05 09:11:22,294 [pool-367-thread-1] INFO  server.RaftServerConfigKeys (ConfUtils.java:logGet(46)) - raft.server.log.purge.preservation.log.num = 0 (default)
2023-05-05 09:11:22,294 [pool-367-thread-1] INFO  server.RaftServerConfigKeys (ConfUtils.java:logGet(46)) - raft.server.log.segment.size.max = 1048576 (custom)
2023-05-05 09:11:22,294 [pool-367-thread-1] INFO  server.RaftServerConfigKeys (ConfUtils.java:logGet(46)) - raft.server.log.segment.cache.num.max = 2 (custom)
2023-05-05 09:11:22,294 [pool-367-thread-1] INFO  server.RaftServerConfigKeys (ConfUtils.java:logGet(46)) - raft.server.log.segment.cache.size.max = 200MB (=209715200) (default)
2023-05-05 09:11:22,294 [pool-367-thread-1] INFO  segmented.SegmentedRaftLogWorker (SegmentedRaftLogWorker.java:<init>(189)) - new cbbeb21a-10ea-4a95-b948-f7c95f693eb9@group-E269F53961F5-SegmentedRaftLogWorker for RaftStorageImpl:Storage Directory /home/runner/work/ozone/ozone/hadoop-ozone/integration-test/target/test-dir/MiniOzoneClusterImpl-c61bf99b-c16a-4bd9-9ddf-73aa51c031b9/datanode-1/data/ratis/1e0a4218-2674-43b2-85f7-e269f53961f5
2023-05-05 09:11:22,294 [pool-367-thread-1] INFO  server.RaftServerConfigKeys (ConfUtils.java:logGet(46)) - raft.server.log.queue.byte-limit = 4294967296 (custom)
2023-05-05 09:11:22,295 [pool-367-thread-1] INFO  server.RaftServerConfigKeys (ConfUtils.java:logGet(46)) - raft.server.log.queue.element-limit = 1024 (custom)
2023-05-05 09:11:22,297 [pool-367-thread-1] INFO  server.RaftServerConfigKeys (ConfUtils.java:logGet(46)) - raft.server.log.segment.size.max = 1048576 (custom)
2023-05-05 09:11:22,297 [pool-367-thread-1] INFO  server.RaftServerConfigKeys (ConfUtils.java:logGet(46)) - raft.server.log.preallocated.size = 16384 (custom)
2023-05-05 09:11:22,297 [pool-367-thread-1] INFO  server.RaftServerConfigKeys (ConfUtils.java:logGet(46)) - raft.server.log.force.sync.num = 128 (default)
2023-05-05 09:11:22,297 [pool-367-thread-1] INFO  server.RaftServerConfigKeys (ConfUtils.java:logGet(46)) - raft.server.log.statemachine.data.sync = true (default)
2023-05-05 09:11:22,297 [pool-367-thread-1] INFO  server.RaftServerConfigKeys (ConfUtils.java:logGet(46)) - raft.server.log.statemachine.data.sync.timeout = 10s (default)
2023-05-05 09:11:22,297 [pool-367-thread-1] INFO  server.RaftServerConfigKeys (ConfUtils.java:logGet(46)) - raft.server.log.statemachine.data.sync.timeout.retry = -1 (default)
2023-05-05 09:11:22,298 [pool-367-thread-1] INFO  server.RaftServerConfigKeys (ConfUtils.java:logGet(46)) - raft.server.log.write.buffer.size = 1048576 (custom)
2023-05-05 09:11:22,298 [pool-367-thread-1] INFO  server.RaftServerConfigKeys (ConfUtils.java:logGet(46)) - raft.server.log.appender.buffer.byte-limit = 33554432 (custom)
2023-05-05 09:11:22,301 [EventQueue-PipelineReportForPipelineReportHandler] INFO  pipeline.PipelineManagerImpl (PipelineManagerImpl.java:openPipeline(367)) - Pipeline Pipeline[ Id: 1e0a4218-2674-43b2-85f7-e269f53961f5, Nodes: cbbeb21a-10ea-4a95-b948-f7c95f693eb9(fv-az152-207.qln5d00okglujjccfnhxhxodph.cx.internal.cloudapp.net/10.1.0.42), ReplicationConfig: RATIS/ONE, State:ALLOCATED, leaderId:cbbeb21a-10ea-4a95-b948-f7c95f693eb9, CreationTimestamp2023-05-05T09:11:19.162Z[Etc/UTC]] moved to OPEN state
2023-05-05 09:11:22,301 [EventQueue-OpenPipelineForHealthyPipelineSafeModeRule] INFO  safemode.SCMSafeModeManager (HealthyPipelineSafeModeRule.java:process(137)) - SCM in safe mode. Healthy pipelines reported count is 0, required healthy pipeline reported count is 1
2023-05-05 09:11:22,303 [pool-367-thread-1] INFO  server.RaftServerConfigKeys (ConfUtils.java:logGet(46)) - raft.server.log.unsafe-flush.enabled = false (default)
2023-05-05 09:11:22,303 [pool-367-thread-1] INFO  server.RaftServerConfigKeys (ConfUtils.java:logGet(46)) - raft.server.log.async-flush.enabled = false (default)
2023-05-05 09:11:22,303 [pool-367-thread-1] INFO  server.RaftServerConfigKeys (ConfUtils.java:logGet(46)) - raft.server.log.statemachine.data.caching.enabled = true (custom)
2023-05-05 09:11:22,303 [pool-367-thread-1] INFO  segmented.SegmentedRaftLogWorker (SegmentedRaftLogWorker.java:lambda$new$0(135)) - cbbeb21a-10ea-4a95-b948-f7c95f693eb9@group-E269F53961F5-SegmentedRaftLogWorker: flushIndex: setUnconditionally 0 -> -1
2023-05-05 09:11:22,303 [pool-367-thread-1] INFO  segmented.SegmentedRaftLogWorker (SegmentedRaftLogWorker.java:lambda$new$0(135)) - cbbeb21a-10ea-4a95-b948-f7c95f693eb9@group-E269F53961F5-SegmentedRaftLogWorker: safeCacheEvictIndex: setUnconditionally 0 -> -1
2023-05-05 09:11:22,313 [pool-367-thread-1] INFO  server.RaftServer$Division (RaftServerImpl.java:start(334)) - cbbeb21a-10ea-4a95-b948-f7c95f693eb9@group-E269F53961F5: start as a follower, conf=-1: peers:[cbbeb21a-10ea-4a95-b948-f7c95f693eb9|rpc:10.1.0.42:38525|dataStream:10.1.0.42:37147|priority:1|startupRole:FOLLOWER]|listeners:[], old=null
2023-05-05 09:11:22,313 [pool-367-thread-1] INFO  server.RaftServer$Division (RaftServerImpl.java:setRole(321)) - cbbeb21a-10ea-4a95-b948-f7c95f693eb9@group-E269F53961F5: changes role from      null to FOLLOWER at term 0 for startAsFollower
2023-05-05 09:11:22,314 [pool-367-thread-1] INFO  impl.RoleInfo (RoleInfo.java:updateAndGet(139)) - cbbeb21a-10ea-4a95-b948-f7c95f693eb9: start cbbeb21a-10ea-4a95-b948-f7c95f693eb9@group-E269F53961F5-FollowerState
2023-05-05 09:11:22,316 [pool-367-thread-1] INFO  util.JmxRegister (JmxRegister.java:tryRegister(44)) - Successfully registered JMX Bean with object name Ratis:service=RaftServer,group=group-E269F53961F5,id=cbbeb21a-10ea-4a95-b948-f7c95f693eb9
2023-05-05 09:11:22,317 [grpc-default-executor-0] INFO  server.RaftServer (RaftServerProxy.java:addNew(96)) - e841f512-b055-4fc0-94e5-70e8baf078a1: addNew group-A49B3673EEDC:[cbbeb21a-10ea-4a95-b948-f7c95f693eb9|rpc:10.1.0.42:38525|dataStream:10.1.0.42:37147|priority:0|startupRole:FOLLOWER, 01b6ceb7-397f-4531-b0f0-6cdac58298e0|rpc:10.1.0.42:43257|dataStream:10.1.0.42:36671|priority:0|startupRole:FOLLOWER, e841f512-b055-4fc0-94e5-70e8baf078a1|rpc:10.1.0.42:41953|dataStream:10.1.0.42:46347|priority:1|startupRole:FOLLOWER] returns group-A49B3673EEDC:java.util.concurrent.CompletableFuture@735711ab[Not completed]
2023-05-05 09:11:22,319 [pool-367-thread-1] INFO  server.RaftServerConfigKeys (ConfUtils.java:logGet(46)) - raft.server.snapshot.auto.trigger.enabled = true (custom)
2023-05-05 09:11:22,319 [pool-367-thread-1] INFO  server.RaftServerConfigKeys (ConfUtils.java:logGet(46)) - raft.server.snapshot.auto.trigger.threshold = 10000 (custom)
2023-05-05 09:11:22,319 [pool-367-thread-1] INFO  server.RaftServerConfigKeys (ConfUtils.java:logGet(46)) - raft.server.snapshot.retention.file.num = 5 (custom)
2023-05-05 09:11:22,319 [pool-367-thread-1] INFO  server.RaftServerConfigKeys (ConfUtils.java:logGet(46)) - raft.server.log.purge.upto.snapshot.index = false (default)
2023-05-05 09:11:22,320 [pool-389-thread-1] INFO  server.RaftServer$Division (RaftServerImpl.java:<init>(195)) - e841f512-b055-4fc0-94e5-70e8baf078a1: new RaftServerImpl for group-A49B3673EEDC:[cbbeb21a-10ea-4a95-b948-f7c95f693eb9|rpc:10.1.0.42:38525|dataStream:10.1.0.42:37147|priority:0|startupRole:FOLLOWER, 01b6ceb7-397f-4531-b0f0-6cdac58298e0|rpc:10.1.0.42:43257|dataStream:10.1.0.42:36671|priority:0|startupRole:FOLLOWER, e841f512-b055-4fc0-94e5-70e8baf078a1|rpc:10.1.0.42:41953|dataStream:10.1.0.42:46347|priority:1|startupRole:FOLLOWER] with ContainerStateMachine:uninitialized
2023-05-05 09:11:22,320 [pool-389-thread-1] INFO  server.RaftServerConfigKeys (ConfUtils.java:logGet(46)) - raft.server.rpc.timeout.min = 5s (custom)
2023-05-05 09:11:22,320 [pool-389-thread-1] INFO  server.RaftServerConfigKeys (ConfUtils.java:logGet(46)) - raft.server.rpc.timeout.max = 5200ms (custom)
2023-05-05 09:11:22,320 [pool-389-thread-1] INFO  server.RaftServerConfigKeys (ConfUtils.java:logGet(46)) - raft.server.rpc.sleep.time = 25ms (default)
2023-05-05 09:11:22,320 [pool-389-thread-1] INFO  server.RaftServerConfigKeys (ConfUtils.java:logGet(46)) - raft.server.rpc.slowness.timeout = 300s (custom)
2023-05-05 09:11:22,320 [pool-389-thread-1] INFO  server.RaftServerConfigKeys (ConfUtils.java:logGet(46)) - raft.server.leaderelection.leader.step-down.wait-time = 10s (default)
2023-05-05 09:11:22,320 [pool-389-thread-1] INFO  server.RaftServerConfigKeys (ConfUtils.java:logGet(46)) - raft.server.sleep.deviation.threshold = 300ms (default)
2023-05-05 09:11:22,320 [pool-389-thread-1] INFO  server.RaftServer$Division (ServerState.java:<init>(118)) - e841f512-b055-4fc0-94e5-70e8baf078a1@group-A49B3673EEDC: ConfigurationManager, init=-1: peers:[cbbeb21a-10ea-4a95-b948-f7c95f693eb9|rpc:10.1.0.42:38525|dataStream:10.1.0.42:37147|priority:0|startupRole:FOLLOWER, 01b6ceb7-397f-4531-b0f0-6cdac58298e0|rpc:10.1.0.42:43257|dataStream:10.1.0.42:36671|priority:0|startupRole:FOLLOWER, e841f512-b055-4fc0-94e5-70e8baf078a1|rpc:10.1.0.42:41953|dataStream:10.1.0.42:46347|priority:1|startupRole:FOLLOWER]|listeners:[], old=null, confs=<EMPTY_MAP>
2023-05-05 09:11:22,320 [pool-389-thread-1] INFO  server.RaftServerConfigKeys (ConfUtils.java:logGet(46)) - raft.server.storage.dir = [/home/runner/work/ozone/ozone/hadoop-ozone/integration-test/target/test-dir/MiniOzoneClusterImpl-c61bf99b-c16a-4bd9-9ddf-73aa51c031b9/datanode-2/data/ratis] (custom)
2023-05-05 09:11:22,320 [pool-389-thread-1] INFO  server.RaftServerConfigKeys (ConfUtils.java:logGet(46)) - raft.server.log.corruption.policy = EXCEPTION (default)
2023-05-05 09:11:22,321 [pool-389-thread-1] INFO  server.RaftServerConfigKeys (ConfUtils.java:logGet(46)) - raft.server.storage.free-space.min = 0MB (=0) (default)
2023-05-05 09:11:22,321 [pool-389-thread-1] INFO  server.RaftServerConfigKeys (ConfUtils.java:logGet(46)) - raft.server.notification.no-leader.timeout = 300s (custom)
2023-05-05 09:11:22,321 [pool-389-thread-1] INFO  server.RaftServerConfigKeys (ConfUtils.java:logGet(46)) - raft.server.retrycache.expirytime = 600000ms (custom)
2023-05-05 09:11:22,321 [pool-389-thread-1] INFO  server.RaftServerConfigKeys (ConfUtils.java:logGet(46)) - raft.server.retrycache.statistics.expirytime = 100μs (default)
2023-05-05 09:11:22,321 [pool-389-thread-1] INFO  server.RaftServerConfigKeys (ConfUtils.java:logGet(46)) - raft.server.log.appender.install.snapshot.enabled = false (custom)
2023-05-05 09:11:22,321 [pool-389-thread-1] INFO  server.RaftServerConfigKeys (ConfUtils.java:logGet(46)) - raft.server.threadpool.server.cached = true (default)
2023-05-05 09:11:22,321 [pool-389-thread-1] INFO  server.RaftServerConfigKeys (ConfUtils.java:logGet(46)) - raft.server.threadpool.server.size = 0 (default)
2023-05-05 09:11:22,322 [pool-389-thread-1] INFO  server.RaftServerConfigKeys (ConfUtils.java:logGet(46)) - raft.server.threadpool.client.cached = true (default)
2023-05-05 09:11:22,322 [pool-389-thread-1] INFO  server.RaftServerConfigKeys (ConfUtils.java:logGet(46)) - raft.server.threadpool.client.size = 0 (default)
2023-05-05 09:11:22,322 [pool-389-thread-1] INFO  storage.RaftStorageDirectory (RaftStorageDirectoryImpl.java:analyzeStorage(137)) - The storage directory /home/runner/work/ozone/ozone/hadoop-ozone/integration-test/target/test-dir/MiniOzoneClusterImpl-c61bf99b-c16a-4bd9-9ddf-73aa51c031b9/datanode-2/data/ratis/74946601-6469-47ef-8e9b-a49b3673eedc does not exist. Creating ...
2023-05-05 09:11:22,323 [pool-389-thread-1] INFO  storage.RaftStorageDirectory (RaftStorageDirectoryImpl.java:tryLock(231)) - Lock on /home/runner/work/ozone/ozone/hadoop-ozone/integration-test/target/test-dir/MiniOzoneClusterImpl-c61bf99b-c16a-4bd9-9ddf-73aa51c031b9/datanode-2/data/ratis/74946601-6469-47ef-8e9b-a49b3673eedc/in_use.lock acquired by nodename 7812@fv-az152-207
2023-05-05 09:11:22,323 [cbbeb21a-10ea-4a95-b948-f7c95f693eb9@group-E269F53961F5-FollowerState] INFO  server.RaftServerConfigKeys (ConfUtils.java:logFallback(53)) - raft.server.rpc.first-election.timeout.min = 5s (fallback to raft.server.rpc.timeout.min)
2023-05-05 09:11:22,324 [cbbeb21a-10ea-4a95-b948-f7c95f693eb9@group-E269F53961F5-FollowerState] INFO  server.RaftServerConfigKeys (ConfUtils.java:logFallback(53)) - raft.server.rpc.first-election.timeout.max = 5200ms (fallback to raft.server.rpc.timeout.max)
2023-05-05 09:11:22,324 [pool-389-thread-1] INFO  storage.RaftStorage (RaftStorageImpl.java:format(96)) - Storage directory /home/runner/work/ozone/ozone/hadoop-ozone/integration-test/target/test-dir/MiniOzoneClusterImpl-c61bf99b-c16a-4bd9-9ddf-73aa51c031b9/datanode-2/data/ratis/74946601-6469-47ef-8e9b-a49b3673eedc has been successfully formatted.
2023-05-05 09:11:22,324 [Command processor thread] INFO  ratis.XceiverServerRatis (XceiverServerRatis.java:addGroup(806)) - Created group PipelineID=1e0a4218-2674-43b2-85f7-e269f53961f5
2023-05-05 09:11:22,324 [Command processor thread] INFO  commandhandler.CreatePipelineCommandHandler (CreatePipelineCommandHandler.java:handle(113)) - Created Pipeline RATIS ONE PipelineID=1e0a4218-2674-43b2-85f7-e269f53961f5.
2023-05-05 09:11:22,325 [Command processor thread] INFO  server.RaftServer (RaftServerProxy.java:addNew(96)) - cbbeb21a-10ea-4a95-b948-f7c95f693eb9: addNew group-A49B3673EEDC:[cbbeb21a-10ea-4a95-b948-f7c95f693eb9|rpc:10.1.0.42:38525|dataStream:10.1.0.42:37147|priority:0|startupRole:FOLLOWER, 01b6ceb7-397f-4531-b0f0-6cdac58298e0|rpc:10.1.0.42:43257|dataStream:10.1.0.42:36671|priority:0|startupRole:FOLLOWER, e841f512-b055-4fc0-94e5-70e8baf078a1|rpc:10.1.0.42:41953|dataStream:10.1.0.42:46347|priority:1|startupRole:FOLLOWER] returns group-A49B3673EEDC:java.util.concurrent.CompletableFuture@50be47f5[Not completed]
2023-05-05 09:11:22,326 [pool-367-thread-1] INFO  server.RaftServer$Division (RaftServerImpl.java:<init>(195)) - cbbeb21a-10ea-4a95-b948-f7c95f693eb9: new RaftServerImpl for group-A49B3673EEDC:[cbbeb21a-10ea-4a95-b948-f7c95f693eb9|rpc:10.1.0.42:38525|dataStream:10.1.0.42:37147|priority:0|startupRole:FOLLOWER, 01b6ceb7-397f-4531-b0f0-6cdac58298e0|rpc:10.1.0.42:43257|dataStream:10.1.0.42:36671|priority:0|startupRole:FOLLOWER, e841f512-b055-4fc0-94e5-70e8baf078a1|rpc:10.1.0.42:41953|dataStream:10.1.0.42:46347|priority:1|startupRole:FOLLOWER] with ContainerStateMachine:uninitialized
2023-05-05 09:11:22,326 [pool-367-thread-1] INFO  server.RaftServerConfigKeys (ConfUtils.java:logGet(46)) - raft.server.rpc.timeout.min = 5s (custom)
2023-05-05 09:11:22,326 [pool-367-thread-1] INFO  server.RaftServerConfigKeys (ConfUtils.java:logGet(46)) - raft.server.rpc.timeout.max = 5200ms (custom)
2023-05-05 09:11:22,326 [pool-367-thread-1] INFO  server.RaftServerConfigKeys (ConfUtils.java:logGet(46)) - raft.server.rpc.sleep.time = 25ms (default)
2023-05-05 09:11:22,326 [pool-367-thread-1] INFO  server.RaftServerConfigKeys (ConfUtils.java:logGet(46)) - raft.server.rpc.slowness.timeout = 300s (custom)
2023-05-05 09:11:22,326 [pool-367-thread-1] INFO  server.RaftServerConfigKeys (ConfUtils.java:logGet(46)) - raft.server.leaderelection.leader.step-down.wait-time = 10s (default)
2023-05-05 09:11:22,326 [pool-367-thread-1] INFO  server.RaftServerConfigKeys (ConfUtils.java:logGet(46)) - raft.server.sleep.deviation.threshold = 300ms (default)
2023-05-05 09:11:22,326 [pool-367-thread-1] INFO  server.RaftServer$Division (ServerState.java:<init>(118)) - cbbeb21a-10ea-4a95-b948-f7c95f693eb9@group-A49B3673EEDC: ConfigurationManager, init=-1: peers:[cbbeb21a-10ea-4a95-b948-f7c95f693eb9|rpc:10.1.0.42:38525|dataStream:10.1.0.42:37147|priority:0|startupRole:FOLLOWER, 01b6ceb7-397f-4531-b0f0-6cdac58298e0|rpc:10.1.0.42:43257|dataStream:10.1.0.42:36671|priority:0|startupRole:FOLLOWER, e841f512-b055-4fc0-94e5-70e8baf078a1|rpc:10.1.0.42:41953|dataStream:10.1.0.42:46347|priority:1|startupRole:FOLLOWER]|listeners:[], old=null, confs=<EMPTY_MAP>
2023-05-05 09:11:22,326 [pool-367-thread-1] INFO  server.RaftServerConfigKeys (ConfUtils.java:logGet(46)) - raft.server.storage.dir = [/home/runner/work/ozone/ozone/hadoop-ozone/integration-test/target/test-dir/MiniOzoneClusterImpl-c61bf99b-c16a-4bd9-9ddf-73aa51c031b9/datanode-1/data/ratis] (custom)
2023-05-05 09:11:22,326 [pool-367-thread-1] INFO  server.RaftServerConfigKeys (ConfUtils.java:logGet(46)) - raft.server.log.corruption.policy = EXCEPTION (default)
2023-05-05 09:11:22,326 [pool-367-thread-1] INFO  server.RaftServerConfigKeys (ConfUtils.java:logGet(46)) - raft.server.storage.free-space.min = 0MB (=0) (default)
2023-05-05 09:11:22,326 [pool-367-thread-1] INFO  server.RaftServerConfigKeys (ConfUtils.java:logGet(46)) - raft.server.notification.no-leader.timeout = 300s (custom)
2023-05-05 09:11:22,326 [pool-367-thread-1] INFO  server.RaftServerConfigKeys (ConfUtils.java:logGet(46)) - raft.server.retrycache.expirytime = 600000ms (custom)
2023-05-05 09:11:22,326 [pool-367-thread-1] INFO  server.RaftServerConfigKeys (ConfUtils.java:logGet(46)) - raft.server.retrycache.statistics.expirytime = 100μs (default)
2023-05-05 09:11:22,327 [pool-389-thread-1] INFO  ratis.ContainerStateMachine (ContainerStateMachine.java:loadSnapshot(262)) - group-A49B3673EEDC: The snapshot info is null. Setting the last applied indexto:(t:0, i:~)
2023-05-05 09:11:22,327 [pool-367-thread-1] INFO  server.RaftServerConfigKeys (ConfUtils.java:logGet(46)) - raft.server.log.appender.install.snapshot.enabled = false (custom)
2023-05-05 09:11:22,328 [pool-367-thread-1] INFO  server.RaftServerConfigKeys (ConfUtils.java:logGet(46)) - raft.server.threadpool.server.cached = true (default)
2023-05-05 09:11:22,328 [pool-389-thread-1] INFO  server.RaftServerConfigKeys (ConfUtils.java:logGet(46)) - raft.server.log.use.memory = false (default)
2023-05-05 09:11:22,328 [pool-367-thread-1] INFO  server.RaftServerConfigKeys (ConfUtils.java:logGet(46)) - raft.server.threadpool.server.size = 0 (default)
2023-05-05 09:11:22,328 [pool-389-thread-1] INFO  server.RaftServerConfigKeys (ConfUtils.java:logGet(46)) - raft.server.log.purge.gap = 1000000 (custom)
2023-05-05 09:11:22,328 [pool-367-thread-1] INFO  server.RaftServerConfigKeys (ConfUtils.java:logGet(46)) - raft.server.threadpool.client.cached = true (default)
2023-05-05 09:11:22,328 [pool-389-thread-1] INFO  server.RaftServerConfigKeys (ConfUtils.java:logGet(46)) - raft.server.log.appender.buffer.byte-limit = 33554432 (custom)
2023-05-05 09:11:22,328 [pool-367-thread-1] INFO  server.RaftServerConfigKeys (ConfUtils.java:logGet(46)) - raft.server.threadpool.client.size = 0 (default)
2023-05-05 09:11:22,328 [pool-367-thread-1] INFO  storage.RaftStorageDirectory (RaftStorageDirectoryImpl.java:analyzeStorage(137)) - The storage directory /home/runner/work/ozone/ozone/hadoop-ozone/integration-test/target/test-dir/MiniOzoneClusterImpl-c61bf99b-c16a-4bd9-9ddf-73aa51c031b9/datanode-1/data/ratis/74946601-6469-47ef-8e9b-a49b3673eedc does not exist. Creating ...
2023-05-05 09:11:22,328 [pool-389-thread-1] INFO  server.RaftServerConfigKeys (ConfUtils.java:logGet(46)) - raft.server.log.statemachine.data.read.timeout = 1000ms (default)
2023-05-05 09:11:22,329 [pool-389-thread-1] INFO  server.RaftServerConfigKeys (ConfUtils.java:logGet(46)) - raft.server.log.purge.preservation.log.num = 0 (default)
2023-05-05 09:11:22,329 [pool-389-thread-1] INFO  server.RaftServerConfigKeys (ConfUtils.java:logGet(46)) - raft.server.log.segment.size.max = 1048576 (custom)
2023-05-05 09:11:22,329 [pool-367-thread-1] INFO  storage.RaftStorageDirectory (RaftStorageDirectoryImpl.java:tryLock(231)) - Lock on /home/runner/work/ozone/ozone/hadoop-ozone/integration-test/target/test-dir/MiniOzoneClusterImpl-c61bf99b-c16a-4bd9-9ddf-73aa51c031b9/datanode-1/data/ratis/74946601-6469-47ef-8e9b-a49b3673eedc/in_use.lock acquired by nodename 7812@fv-az152-207
2023-05-05 09:11:22,330 [pool-389-thread-1] INFO  server.RaftServerConfigKeys (ConfUtils.java:logGet(46)) - raft.server.log.segment.cache.num.max = 2 (custom)
2023-05-05 09:11:22,330 [pool-389-thread-1] INFO  server.RaftServerConfigKeys (ConfUtils.java:logGet(46)) - raft.server.log.segment.cache.size.max = 200MB (=209715200) (default)
2023-05-05 09:11:22,330 [pool-389-thread-1] INFO  segmented.SegmentedRaftLogWorker (SegmentedRaftLogWorker.java:<init>(189)) - new e841f512-b055-4fc0-94e5-70e8baf078a1@group-A49B3673EEDC-SegmentedRaftLogWorker for RaftStorageImpl:Storage Directory /home/runner/work/ozone/ozone/hadoop-ozone/integration-test/target/test-dir/MiniOzoneClusterImpl-c61bf99b-c16a-4bd9-9ddf-73aa51c031b9/datanode-2/data/ratis/74946601-6469-47ef-8e9b-a49b3673eedc
2023-05-05 09:11:22,330 [pool-389-thread-1] INFO  server.RaftServerConfigKeys (ConfUtils.java:logGet(46)) - raft.server.log.queue.byte-limit = 4294967296 (custom)
2023-05-05 09:11:22,330 [pool-367-thread-1] INFO  storage.RaftStorage (RaftStorageImpl.java:format(96)) - Storage directory /home/runner/work/ozone/ozone/hadoop-ozone/integration-test/target/test-dir/MiniOzoneClusterImpl-c61bf99b-c16a-4bd9-9ddf-73aa51c031b9/datanode-1/data/ratis/74946601-6469-47ef-8e9b-a49b3673eedc has been successfully formatted.
2023-05-05 09:11:22,332 [EventQueue-OpenPipelineForHealthyPipelineSafeModeRule] INFO  safemode.SCMSafeModeManager (HealthyPipelineSafeModeRule.java:process(137)) - SCM in safe mode. Healthy pipelines reported count is 0, required healthy pipeline reported count is 1
2023-05-05 09:11:22,332 [pool-367-thread-1] INFO  ratis.ContainerStateMachine (ContainerStateMachine.java:loadSnapshot(262)) - group-A49B3673EEDC: The snapshot info is null. Setting the last applied indexto:(t:0, i:~)
2023-05-05 09:11:22,332 [pool-367-thread-1] INFO  server.RaftServerConfigKeys (ConfUtils.java:logGet(46)) - raft.server.log.use.memory = false (default)
2023-05-05 09:11:22,332 [pool-367-thread-1] INFO  server.RaftServerConfigKeys (ConfUtils.java:logGet(46)) - raft.server.log.purge.gap = 1000000 (custom)
2023-05-05 09:11:22,332 [pool-367-thread-1] INFO  server.RaftServerConfigKeys (ConfUtils.java:logGet(46)) - raft.server.log.appender.buffer.byte-limit = 33554432 (custom)
2023-05-05 09:11:22,332 [pool-367-thread-1] INFO  server.RaftServerConfigKeys (ConfUtils.java:logGet(46)) - raft.server.log.statemachine.data.read.timeout = 1000ms (default)
2023-05-05 09:11:22,332 [pool-367-thread-1] INFO  server.RaftServerConfigKeys (ConfUtils.java:logGet(46)) - raft.server.log.purge.preservation.log.num = 0 (default)
2023-05-05 09:11:22,332 [pool-367-thread-1] INFO  server.RaftServerConfigKeys (ConfUtils.java:logGet(46)) - raft.server.log.segment.size.max = 1048576 (custom)
2023-05-05 09:11:22,333 [pool-367-thread-1] INFO  server.RaftServerConfigKeys (ConfUtils.java:logGet(46)) - raft.server.log.segment.cache.num.max = 2 (custom)
2023-05-05 09:11:22,333 [pool-367-thread-1] INFO  server.RaftServerConfigKeys (ConfUtils.java:logGet(46)) - raft.server.log.segment.cache.size.max = 200MB (=209715200) (default)
2023-05-05 09:11:22,333 [pool-367-thread-1] INFO  segmented.SegmentedRaftLogWorker (SegmentedRaftLogWorker.java:<init>(189)) - new cbbeb21a-10ea-4a95-b948-f7c95f693eb9@group-A49B3673EEDC-SegmentedRaftLogWorker for RaftStorageImpl:Storage Directory /home/runner/work/ozone/ozone/hadoop-ozone/integration-test/target/test-dir/MiniOzoneClusterImpl-c61bf99b-c16a-4bd9-9ddf-73aa51c031b9/datanode-1/data/ratis/74946601-6469-47ef-8e9b-a49b3673eedc
2023-05-05 09:11:22,333 [pool-367-thread-1] INFO  server.RaftServerConfigKeys (ConfUtils.java:logGet(46)) - raft.server.log.queue.byte-limit = 4294967296 (custom)
2023-05-05 09:11:22,333 [pool-367-thread-1] INFO  server.RaftServerConfigKeys (ConfUtils.java:logGet(46)) - raft.server.log.queue.element-limit = 1024 (custom)
2023-05-05 09:11:22,333 [pool-367-thread-1] INFO  server.RaftServerConfigKeys (ConfUtils.java:logGet(46)) - raft.server.log.segment.size.max = 1048576 (custom)
2023-05-05 09:11:22,333 [pool-367-thread-1] INFO  server.RaftServerConfigKeys (ConfUtils.java:logGet(46)) - raft.server.log.preallocated.size = 16384 (custom)
2023-05-05 09:11:22,333 [pool-367-thread-1] INFO  server.RaftServerConfigKeys (ConfUtils.java:logGet(46)) - raft.server.log.force.sync.num = 128 (default)
2023-05-05 09:11:22,333 [pool-367-thread-1] INFO  server.RaftServerConfigKeys (ConfUtils.java:logGet(46)) - raft.server.log.statemachine.data.sync = true (default)
2023-05-05 09:11:22,333 [pool-367-thread-1] INFO  server.RaftServerConfigKeys (ConfUtils.java:logGet(46)) - raft.server.log.statemachine.data.sync.timeout = 10s (default)
2023-05-05 09:11:22,333 [pool-367-thread-1] INFO  server.RaftServerConfigKeys (ConfUtils.java:logGet(46)) - raft.server.log.statemachine.data.sync.timeout.retry = -1 (default)
2023-05-05 09:11:22,333 [pool-367-thread-1] INFO  server.RaftServerConfigKeys (ConfUtils.java:logGet(46)) - raft.server.log.write.buffer.size = 1048576 (custom)
2023-05-05 09:11:22,334 [pool-389-thread-1] INFO  server.RaftServerConfigKeys (ConfUtils.java:logGet(46)) - raft.server.log.queue.element-limit = 1024 (custom)
2023-05-05 09:11:22,334 [pool-389-thread-1] INFO  server.RaftServerConfigKeys (ConfUtils.java:logGet(46)) - raft.server.log.segment.size.max = 1048576 (custom)
2023-05-05 09:11:22,334 [pool-389-thread-1] INFO  server.RaftServerConfigKeys (ConfUtils.java:logGet(46)) - raft.server.log.preallocated.size = 16384 (custom)
2023-05-05 09:11:22,334 [pool-389-thread-1] INFO  server.RaftServerConfigKeys (ConfUtils.java:logGet(46)) - raft.server.log.force.sync.num = 128 (default)
2023-05-05 09:11:22,334 [pool-389-thread-1] INFO  server.RaftServerConfigKeys (ConfUtils.java:logGet(46)) - raft.server.log.statemachine.data.sync = true (default)
2023-05-05 09:11:22,334 [pool-389-thread-1] INFO  server.RaftServerConfigKeys (ConfUtils.java:logGet(46)) - raft.server.log.statemachine.data.sync.timeout = 10s (default)
2023-05-05 09:11:22,334 [pool-389-thread-1] INFO  server.RaftServerConfigKeys (ConfUtils.java:logGet(46)) - raft.server.log.statemachine.data.sync.timeout.retry = -1 (default)
2023-05-05 09:11:22,334 [pool-389-thread-1] INFO  server.RaftServerConfigKeys (ConfUtils.java:logGet(46)) - raft.server.log.write.buffer.size = 1048576 (custom)
2023-05-05 09:11:22,335 [pool-367-thread-1] INFO  server.RaftServerConfigKeys (ConfUtils.java:logGet(46)) - raft.server.log.appender.buffer.byte-limit = 33554432 (custom)
2023-05-05 09:11:22,336 [pool-389-thread-1] INFO  server.RaftServerConfigKeys (ConfUtils.java:logGet(46)) - raft.server.log.appender.buffer.byte-limit = 33554432 (custom)
2023-05-05 09:11:22,344 [pool-367-thread-1] INFO  server.RaftServerConfigKeys (ConfUtils.java:logGet(46)) - raft.server.log.unsafe-flush.enabled = false (default)
2023-05-05 09:11:22,345 [pool-389-thread-1] INFO  server.RaftServerConfigKeys (ConfUtils.java:logGet(46)) - raft.server.log.unsafe-flush.enabled = false (default)
2023-05-05 09:11:22,345 [pool-389-thread-1] INFO  server.RaftServerConfigKeys (ConfUtils.java:logGet(46)) - raft.server.log.async-flush.enabled = false (default)
2023-05-05 09:11:22,345 [pool-367-thread-1] INFO  server.RaftServerConfigKeys (ConfUtils.java:logGet(46)) - raft.server.log.async-flush.enabled = false (default)
2023-05-05 09:11:22,346 [pool-367-thread-1] INFO  server.RaftServerConfigKeys (ConfUtils.java:logGet(46)) - raft.server.log.statemachine.data.caching.enabled = true (custom)
2023-05-05 09:11:22,346 [pool-367-thread-1] INFO  segmented.SegmentedRaftLogWorker (SegmentedRaftLogWorker.java:lambda$new$0(135)) - cbbeb21a-10ea-4a95-b948-f7c95f693eb9@group-A49B3673EEDC-SegmentedRaftLogWorker: flushIndex: setUnconditionally 0 -> -1
2023-05-05 09:11:22,346 [pool-367-thread-1] INFO  segmented.SegmentedRaftLogWorker (SegmentedRaftLogWorker.java:lambda$new$0(135)) - cbbeb21a-10ea-4a95-b948-f7c95f693eb9@group-A49B3673EEDC-SegmentedRaftLogWorker: safeCacheEvictIndex: setUnconditionally 0 -> -1
2023-05-05 09:11:22,346 [pool-389-thread-1] INFO  server.RaftServerConfigKeys (ConfUtils.java:logGet(46)) - raft.server.log.statemachine.data.caching.enabled = true (custom)
2023-05-05 09:11:22,346 [pool-389-thread-1] INFO  segmented.SegmentedRaftLogWorker (SegmentedRaftLogWorker.java:lambda$new$0(135)) - e841f512-b055-4fc0-94e5-70e8baf078a1@group-A49B3673EEDC-SegmentedRaftLogWorker: flushIndex: setUnconditionally 0 -> -1
2023-05-05 09:11:22,346 [pool-389-thread-1] INFO  segmented.SegmentedRaftLogWorker (SegmentedRaftLogWorker.java:lambda$new$0(135)) - e841f512-b055-4fc0-94e5-70e8baf078a1@group-A49B3673EEDC-SegmentedRaftLogWorker: safeCacheEvictIndex: setUnconditionally 0 -> -1
2023-05-05 09:11:22,346 [pool-367-thread-1] INFO  server.RaftServer$Division (RaftServerImpl.java:start(334)) - cbbeb21a-10ea-4a95-b948-f7c95f693eb9@group-A49B3673EEDC: start as a follower, conf=-1: peers:[cbbeb21a-10ea-4a95-b948-f7c95f693eb9|rpc:10.1.0.42:38525|dataStream:10.1.0.42:37147|priority:0|startupRole:FOLLOWER, 01b6ceb7-397f-4531-b0f0-6cdac58298e0|rpc:10.1.0.42:43257|dataStream:10.1.0.42:36671|priority:0|startupRole:FOLLOWER, e841f512-b055-4fc0-94e5-70e8baf078a1|rpc:10.1.0.42:41953|dataStream:10.1.0.42:46347|priority:1|startupRole:FOLLOWER]|listeners:[], old=null
2023-05-05 09:11:22,346 [pool-367-thread-1] INFO  server.RaftServer$Division (RaftServerImpl.java:setRole(321)) - cbbeb21a-10ea-4a95-b948-f7c95f693eb9@group-A49B3673EEDC: changes role from      null to FOLLOWER at term 0 for startAsFollower
2023-05-05 09:11:22,347 [pool-367-thread-1] INFO  impl.RoleInfo (RoleInfo.java:updateAndGet(139)) - cbbeb21a-10ea-4a95-b948-f7c95f693eb9: start cbbeb21a-10ea-4a95-b948-f7c95f693eb9@group-A49B3673EEDC-FollowerState
2023-05-05 09:11:22,347 [pool-389-thread-1] INFO  server.RaftServer$Division (RaftServerImpl.java:start(334)) - e841f512-b055-4fc0-94e5-70e8baf078a1@group-A49B3673EEDC: start as a follower, conf=-1: peers:[cbbeb21a-10ea-4a95-b948-f7c95f693eb9|rpc:10.1.0.42:38525|dataStream:10.1.0.42:37147|priority:0|startupRole:FOLLOWER, 01b6ceb7-397f-4531-b0f0-6cdac58298e0|rpc:10.1.0.42:43257|dataStream:10.1.0.42:36671|priority:0|startupRole:FOLLOWER, e841f512-b055-4fc0-94e5-70e8baf078a1|rpc:10.1.0.42:41953|dataStream:10.1.0.42:46347|priority:1|startupRole:FOLLOWER]|listeners:[], old=null
2023-05-05 09:11:22,347 [pool-389-thread-1] INFO  server.RaftServer$Division (RaftServerImpl.java:setRole(321)) - e841f512-b055-4fc0-94e5-70e8baf078a1@group-A49B3673EEDC: changes role from      null to FOLLOWER at term 0 for startAsFollower
2023-05-05 09:11:22,349 [pool-367-thread-1] INFO  util.JmxRegister (JmxRegister.java:tryRegister(44)) - Successfully registered JMX Bean with object name Ratis:service=RaftServer,group=group-A49B3673EEDC,id=cbbeb21a-10ea-4a95-b948-f7c95f693eb9
2023-05-05 09:11:22,350 [pool-367-thread-1] INFO  server.RaftServerConfigKeys (ConfUtils.java:logGet(46)) - raft.server.snapshot.auto.trigger.enabled = true (custom)
2023-05-05 09:11:22,350 [pool-389-thread-1] INFO  impl.RoleInfo (RoleInfo.java:updateAndGet(139)) - e841f512-b055-4fc0-94e5-70e8baf078a1: start e841f512-b055-4fc0-94e5-70e8baf078a1@group-A49B3673EEDC-FollowerState
2023-05-05 09:11:22,350 [pool-367-thread-1] INFO  server.RaftServerConfigKeys (ConfUtils.java:logGet(46)) - raft.server.snapshot.auto.trigger.threshold = 10000 (custom)
2023-05-05 09:11:22,350 [pool-367-thread-1] INFO  server.RaftServerConfigKeys (ConfUtils.java:logGet(46)) - raft.server.snapshot.retention.file.num = 5 (custom)
2023-05-05 09:11:22,350 [pool-367-thread-1] INFO  server.RaftServerConfigKeys (ConfUtils.java:logGet(46)) - raft.server.log.purge.upto.snapshot.index = false (default)
2023-05-05 09:11:22,350 [cbbeb21a-10ea-4a95-b948-f7c95f693eb9@group-A49B3673EEDC-FollowerState] INFO  server.RaftServerConfigKeys (ConfUtils.java:logFallback(53)) - raft.server.rpc.first-election.timeout.min = 5s (fallback to raft.server.rpc.timeout.min)
2023-05-05 09:11:22,350 [cbbeb21a-10ea-4a95-b948-f7c95f693eb9@group-A49B3673EEDC-FollowerState] INFO  server.RaftServerConfigKeys (ConfUtils.java:logFallback(53)) - raft.server.rpc.first-election.timeout.max = 5200ms (fallback to raft.server.rpc.timeout.max)
2023-05-05 09:11:22,352 [pool-389-thread-1] INFO  util.JmxRegister (JmxRegister.java:tryRegister(44)) - Successfully registered JMX Bean with object name Ratis:service=RaftServer,group=group-A49B3673EEDC,id=e841f512-b055-4fc0-94e5-70e8baf078a1
2023-05-05 09:11:22,352 [pool-389-thread-1] INFO  server.RaftServerConfigKeys (ConfUtils.java:logGet(46)) - raft.server.snapshot.auto.trigger.enabled = true (custom)
2023-05-05 09:11:22,352 [pool-389-thread-1] INFO  server.RaftServerConfigKeys (ConfUtils.java:logGet(46)) - raft.server.snapshot.auto.trigger.threshold = 10000 (custom)
2023-05-05 09:11:22,352 [pool-389-thread-1] INFO  server.RaftServerConfigKeys (ConfUtils.java:logGet(46)) - raft.server.snapshot.retention.file.num = 5 (custom)
2023-05-05 09:11:22,352 [pool-389-thread-1] INFO  server.RaftServerConfigKeys (ConfUtils.java:logGet(46)) - raft.server.log.purge.upto.snapshot.index = false (default)
2023-05-05 09:11:22,353 [e841f512-b055-4fc0-94e5-70e8baf078a1@group-A49B3673EEDC-FollowerState] INFO  server.RaftServerConfigKeys (ConfUtils.java:logFallback(53)) - raft.server.rpc.first-election.timeout.min = 5s (fallback to raft.server.rpc.timeout.min)
2023-05-05 09:11:22,353 [e841f512-b055-4fc0-94e5-70e8baf078a1@group-A49B3673EEDC-FollowerState] INFO  server.RaftServerConfigKeys (ConfUtils.java:logFallback(53)) - raft.server.rpc.first-election.timeout.max = 5200ms (fallback to raft.server.rpc.timeout.max)
2023-05-05 09:11:22,355 [Command processor thread] INFO  ratis.XceiverServerRatis (XceiverServerRatis.java:addGroup(806)) - Created group PipelineID=74946601-6469-47ef-8e9b-a49b3673eedc
2023-05-05 09:11:22,393 [Command processor thread] INFO  commandhandler.CreatePipelineCommandHandler (CreatePipelineCommandHandler.java:handle(113)) - Created Pipeline RATIS THREE PipelineID=74946601-6469-47ef-8e9b-a49b3673eedc.
2023-05-05 09:11:22,402 [Command processor thread] INFO  commandhandler.CreatePipelineCommandHandler (CreatePipelineCommandHandler.java:handle(113)) - Created Pipeline RATIS THREE PipelineID=74946601-6469-47ef-8e9b-a49b3673eedc.
2023-05-05 09:11:22,498 [Listener at 127.0.0.1/34263] INFO  ozone.MiniOzoneClusterImpl (MiniOzoneClusterImpl.java:lambda$waitForClusterToBeReady$0(223)) - Nodes are ready. Got 3 of 3 DN Heartbeats.
2023-05-05 09:11:22,499 [Listener at 127.0.0.1/34263] INFO  ozone.MiniOzoneClusterImpl (MiniOzoneClusterImpl.java:lambda$waitForClusterToBeReady$0(226)) - Waiting for cluster to exit safe mode
2023-05-05 09:11:22,499 [Listener at 127.0.0.1/34263] INFO  ozone.MiniOzoneClusterImpl (MiniOzoneClusterImpl.java:lambda$waitForClusterToBeReady$0(228)) - SCM became leader
2023-05-05 09:11:22,512 [Command processor thread] INFO  server.RaftServer (RaftServerProxy.java:addNew(96)) - e841f512-b055-4fc0-94e5-70e8baf078a1: addNew group-919854D4A736:[e841f512-b055-4fc0-94e5-70e8baf078a1|rpc:10.1.0.42:41953|dataStream:10.1.0.42:46347|priority:1|startupRole:FOLLOWER] returns group-919854D4A736:java.util.concurrent.CompletableFuture@5a993195[Not completed]
2023-05-05 09:11:22,514 [pool-389-thread-1] INFO  server.RaftServer$Division (RaftServerImpl.java:<init>(195)) - e841f512-b055-4fc0-94e5-70e8baf078a1: new RaftServerImpl for group-919854D4A736:[e841f512-b055-4fc0-94e5-70e8baf078a1|rpc:10.1.0.42:41953|dataStream:10.1.0.42:46347|priority:1|startupRole:FOLLOWER] with ContainerStateMachine:uninitialized
2023-05-05 09:11:22,514 [pool-389-thread-1] INFO  server.RaftServerConfigKeys (ConfUtils.java:logGet(46)) - raft.server.rpc.timeout.min = 5s (custom)
2023-05-05 09:11:22,514 [pool-389-thread-1] INFO  server.RaftServerConfigKeys (ConfUtils.java:logGet(46)) - raft.server.rpc.timeout.max = 5200ms (custom)
2023-05-05 09:11:22,514 [pool-389-thread-1] INFO  server.RaftServerConfigKeys (ConfUtils.java:logGet(46)) - raft.server.rpc.sleep.time = 25ms (default)
2023-05-05 09:11:22,514 [pool-389-thread-1] INFO  server.RaftServerConfigKeys (ConfUtils.java:logGet(46)) - raft.server.rpc.slowness.timeout = 300s (custom)
2023-05-05 09:11:22,514 [pool-389-thread-1] INFO  server.RaftServerConfigKeys (ConfUtils.java:logGet(46)) - raft.server.leaderelection.leader.step-down.wait-time = 10s (default)
2023-05-05 09:11:22,514 [pool-389-thread-1] INFO  server.RaftServerConfigKeys (ConfUtils.java:logGet(46)) - raft.server.sleep.deviation.threshold = 300ms (default)
2023-05-05 09:11:22,514 [pool-389-thread-1] INFO  server.RaftServer$Division (ServerState.java:<init>(118)) - e841f512-b055-4fc0-94e5-70e8baf078a1@group-919854D4A736: ConfigurationManager, init=-1: peers:[e841f512-b055-4fc0-94e5-70e8baf078a1|rpc:10.1.0.42:41953|dataStream:10.1.0.42:46347|priority:1|startupRole:FOLLOWER]|listeners:[], old=null, confs=<EMPTY_MAP>
2023-05-05 09:11:22,514 [pool-389-thread-1] INFO  server.RaftServerConfigKeys (ConfUtils.java:logGet(46)) - raft.server.storage.dir = [/home/runner/work/ozone/ozone/hadoop-ozone/integration-test/target/test-dir/MiniOzoneClusterImpl-c61bf99b-c16a-4bd9-9ddf-73aa51c031b9/datanode-2/data/ratis] (custom)
2023-05-05 09:11:22,514 [pool-389-thread-1] INFO  server.RaftServerConfigKeys (ConfUtils.java:logGet(46)) - raft.server.log.corruption.policy = EXCEPTION (default)
2023-05-05 09:11:22,514 [pool-389-thread-1] INFO  server.RaftServerConfigKeys (ConfUtils.java:logGet(46)) - raft.server.storage.free-space.min = 0MB (=0) (default)
2023-05-05 09:11:22,514 [pool-389-thread-1] INFO  server.RaftServerConfigKeys (ConfUtils.java:logGet(46)) - raft.server.notification.no-leader.timeout = 300s (custom)
2023-05-05 09:11:22,515 [pool-389-thread-1] INFO  server.RaftServerConfigKeys (ConfUtils.java:logGet(46)) - raft.server.retrycache.expirytime = 600000ms (custom)
2023-05-05 09:11:22,515 [pool-389-thread-1] INFO  server.RaftServerConfigKeys (ConfUtils.java:logGet(46)) - raft.server.retrycache.statistics.expirytime = 100μs (default)
2023-05-05 09:11:22,515 [pool-389-thread-1] INFO  server.RaftServerConfigKeys (ConfUtils.java:logGet(46)) - raft.server.log.appender.install.snapshot.enabled = false (custom)
2023-05-05 09:11:22,515 [pool-389-thread-1] INFO  server.RaftServerConfigKeys (ConfUtils.java:logGet(46)) - raft.server.threadpool.server.cached = true (default)
2023-05-05 09:11:22,515 [pool-389-thread-1] INFO  server.RaftServerConfigKeys (ConfUtils.java:logGet(46)) - raft.server.threadpool.server.size = 0 (default)
2023-05-05 09:11:22,515 [pool-389-thread-1] INFO  server.RaftServerConfigKeys (ConfUtils.java:logGet(46)) - raft.server.threadpool.client.cached = true (default)
2023-05-05 09:11:22,515 [pool-389-thread-1] INFO  server.RaftServerConfigKeys (ConfUtils.java:logGet(46)) - raft.server.threadpool.client.size = 0 (default)
2023-05-05 09:11:22,516 [pool-389-thread-1] INFO  storage.RaftStorageDirectory (RaftStorageDirectoryImpl.java:analyzeStorage(137)) - The storage directory /home/runner/work/ozone/ozone/hadoop-ozone/integration-test/target/test-dir/MiniOzoneClusterImpl-c61bf99b-c16a-4bd9-9ddf-73aa51c031b9/datanode-2/data/ratis/63a1a7f4-df07-4147-a10e-919854d4a736 does not exist. Creating ...
2023-05-05 09:11:22,517 [pool-389-thread-1] INFO  storage.RaftStorageDirectory (RaftStorageDirectoryImpl.java:tryLock(231)) - Lock on /home/runner/work/ozone/ozone/hadoop-ozone/integration-test/target/test-dir/MiniOzoneClusterImpl-c61bf99b-c16a-4bd9-9ddf-73aa51c031b9/datanode-2/data/ratis/63a1a7f4-df07-4147-a10e-919854d4a736/in_use.lock acquired by nodename 7812@fv-az152-207
2023-05-05 09:11:22,518 [pool-389-thread-1] INFO  storage.RaftStorage (RaftStorageImpl.java:format(96)) - Storage directory /home/runner/work/ozone/ozone/hadoop-ozone/integration-test/target/test-dir/MiniOzoneClusterImpl-c61bf99b-c16a-4bd9-9ddf-73aa51c031b9/datanode-2/data/ratis/63a1a7f4-df07-4147-a10e-919854d4a736 has been successfully formatted.
2023-05-05 09:11:22,519 [pool-389-thread-1] INFO  ratis.ContainerStateMachine (ContainerStateMachine.java:loadSnapshot(262)) - group-919854D4A736: The snapshot info is null. Setting the last applied indexto:(t:0, i:~)
2023-05-05 09:11:22,519 [pool-389-thread-1] INFO  server.RaftServerConfigKeys (ConfUtils.java:logGet(46)) - raft.server.log.use.memory = false (default)
2023-05-05 09:11:22,519 [pool-389-thread-1] INFO  server.RaftServerConfigKeys (ConfUtils.java:logGet(46)) - raft.server.log.purge.gap = 1000000 (custom)
2023-05-05 09:11:22,519 [pool-389-thread-1] INFO  server.RaftServerConfigKeys (ConfUtils.java:logGet(46)) - raft.server.log.appender.buffer.byte-limit = 33554432 (custom)
2023-05-05 09:11:22,519 [pool-389-thread-1] INFO  server.RaftServerConfigKeys (ConfUtils.java:logGet(46)) - raft.server.log.statemachine.data.read.timeout = 1000ms (default)
2023-05-05 09:11:22,519 [pool-389-thread-1] INFO  server.RaftServerConfigKeys (ConfUtils.java:logGet(46)) - raft.server.log.purge.preservation.log.num = 0 (default)
2023-05-05 09:11:22,520 [pool-389-thread-1] INFO  server.RaftServerConfigKeys (ConfUtils.java:logGet(46)) - raft.server.log.segment.size.max = 1048576 (custom)
2023-05-05 09:11:22,520 [pool-389-thread-1] INFO  server.RaftServerConfigKeys (ConfUtils.java:logGet(46)) - raft.server.log.segment.cache.num.max = 2 (custom)
2023-05-05 09:11:22,520 [pool-389-thread-1] INFO  server.RaftServerConfigKeys (ConfUtils.java:logGet(46)) - raft.server.log.segment.cache.size.max = 200MB (=209715200) (default)
2023-05-05 09:11:22,520 [pool-389-thread-1] INFO  segmented.SegmentedRaftLogWorker (SegmentedRaftLogWorker.java:<init>(189)) - new e841f512-b055-4fc0-94e5-70e8baf078a1@group-919854D4A736-SegmentedRaftLogWorker for RaftStorageImpl:Storage Directory /home/runner/work/ozone/ozone/hadoop-ozone/integration-test/target/test-dir/MiniOzoneClusterImpl-c61bf99b-c16a-4bd9-9ddf-73aa51c031b9/datanode-2/data/ratis/63a1a7f4-df07-4147-a10e-919854d4a736
2023-05-05 09:11:22,520 [pool-389-thread-1] INFO  server.RaftServerConfigKeys (ConfUtils.java:logGet(46)) - raft.server.log.queue.byte-limit = 4294967296 (custom)
2023-05-05 09:11:22,520 [pool-389-thread-1] INFO  server.RaftServerConfigKeys (ConfUtils.java:logGet(46)) - raft.server.log.queue.element-limit = 1024 (custom)
2023-05-05 09:11:22,520 [EventQueue-PipelineReportForPipelineReportHandler] INFO  pipeline.PipelineManagerImpl (PipelineManagerImpl.java:openPipeline(367)) - Pipeline Pipeline[ Id: 63a1a7f4-df07-4147-a10e-919854d4a736, Nodes: e841f512-b055-4fc0-94e5-70e8baf078a1(fv-az152-207.qln5d00okglujjccfnhxhxodph.cx.internal.cloudapp.net/10.1.0.42), ReplicationConfig: RATIS/ONE, State:ALLOCATED, leaderId:e841f512-b055-4fc0-94e5-70e8baf078a1, CreationTimestamp2023-05-05T09:11:19.517Z[Etc/UTC]] moved to OPEN state
2023-05-05 09:11:22,520 [pool-389-thread-1] INFO  server.RaftServerConfigKeys (ConfUtils.java:logGet(46)) - raft.server.log.segment.size.max = 1048576 (custom)
2023-05-05 09:11:22,520 [pool-389-thread-1] INFO  server.RaftServerConfigKeys (ConfUtils.java:logGet(46)) - raft.server.log.preallocated.size = 16384 (custom)
2023-05-05 09:11:22,520 [pool-389-thread-1] INFO  server.RaftServerConfigKeys (ConfUtils.java:logGet(46)) - raft.server.log.force.sync.num = 128 (default)
2023-05-05 09:11:22,520 [pool-389-thread-1] INFO  server.RaftServerConfigKeys (ConfUtils.java:logGet(46)) - raft.server.log.statemachine.data.sync = true (default)
2023-05-05 09:11:22,521 [pool-389-thread-1] INFO  server.RaftServerConfigKeys (ConfUtils.java:logGet(46)) - raft.server.log.statemachine.data.sync.timeout = 10s (default)
2023-05-05 09:11:22,521 [pool-389-thread-1] INFO  server.RaftServerConfigKeys (ConfUtils.java:logGet(46)) - raft.server.log.statemachine.data.sync.timeout.retry = -1 (default)
2023-05-05 09:11:22,521 [EventQueue-OpenPipelineForHealthyPipelineSafeModeRule] INFO  safemode.SCMSafeModeManager (HealthyPipelineSafeModeRule.java:process(137)) - SCM in safe mode. Healthy pipelines reported count is 0, required healthy pipeline reported count is 1
2023-05-05 09:11:22,521 [pool-389-thread-1] INFO  server.RaftServerConfigKeys (ConfUtils.java:logGet(46)) - raft.server.log.write.buffer.size = 1048576 (custom)
2023-05-05 09:11:22,522 [pool-389-thread-1] INFO  server.RaftServerConfigKeys (ConfUtils.java:logGet(46)) - raft.server.log.appender.buffer.byte-limit = 33554432 (custom)
2023-05-05 09:11:22,527 [pool-389-thread-1] INFO  server.RaftServerConfigKeys (ConfUtils.java:logGet(46)) - raft.server.log.unsafe-flush.enabled = false (default)
2023-05-05 09:11:22,527 [pool-389-thread-1] INFO  server.RaftServerConfigKeys (ConfUtils.java:logGet(46)) - raft.server.log.async-flush.enabled = false (default)
2023-05-05 09:11:22,527 [pool-389-thread-1] INFO  server.RaftServerConfigKeys (ConfUtils.java:logGet(46)) - raft.server.log.statemachine.data.caching.enabled = true (custom)
2023-05-05 09:11:22,527 [pool-389-thread-1] INFO  segmented.SegmentedRaftLogWorker (SegmentedRaftLogWorker.java:lambda$new$0(135)) - e841f512-b055-4fc0-94e5-70e8baf078a1@group-919854D4A736-SegmentedRaftLogWorker: flushIndex: setUnconditionally 0 -> -1
2023-05-05 09:11:22,527 [pool-389-thread-1] INFO  segmented.SegmentedRaftLogWorker (SegmentedRaftLogWorker.java:lambda$new$0(135)) - e841f512-b055-4fc0-94e5-70e8baf078a1@group-919854D4A736-SegmentedRaftLogWorker: safeCacheEvictIndex: setUnconditionally 0 -> -1
2023-05-05 09:11:22,527 [pool-389-thread-1] INFO  server.RaftServer$Division (RaftServerImpl.java:start(334)) - e841f512-b055-4fc0-94e5-70e8baf078a1@group-919854D4A736: start as a follower, conf=-1: peers:[e841f512-b055-4fc0-94e5-70e8baf078a1|rpc:10.1.0.42:41953|dataStream:10.1.0.42:46347|priority:1|startupRole:FOLLOWER]|listeners:[], old=null
2023-05-05 09:11:22,527 [pool-389-thread-1] INFO  server.RaftServer$Division (RaftServerImpl.java:setRole(321)) - e841f512-b055-4fc0-94e5-70e8baf078a1@group-919854D4A736: changes role from      null to FOLLOWER at term 0 for startAsFollower
2023-05-05 09:11:22,527 [pool-389-thread-1] INFO  impl.RoleInfo (RoleInfo.java:updateAndGet(139)) - e841f512-b055-4fc0-94e5-70e8baf078a1: start e841f512-b055-4fc0-94e5-70e8baf078a1@group-919854D4A736-FollowerState
2023-05-05 09:11:22,528 [pool-389-thread-1] INFO  util.JmxRegister (JmxRegister.java:tryRegister(44)) - Successfully registered JMX Bean with object name Ratis:service=RaftServer,group=group-919854D4A736,id=e841f512-b055-4fc0-94e5-70e8baf078a1
2023-05-05 09:11:22,528 [pool-389-thread-1] INFO  server.RaftServerConfigKeys (ConfUtils.java:logGet(46)) - raft.server.snapshot.auto.trigger.enabled = true (custom)
2023-05-05 09:11:22,528 [pool-389-thread-1] INFO  server.RaftServerConfigKeys (ConfUtils.java:logGet(46)) - raft.server.snapshot.auto.trigger.threshold = 10000 (custom)
2023-05-05 09:11:22,528 [pool-389-thread-1] INFO  server.RaftServerConfigKeys (ConfUtils.java:logGet(46)) - raft.server.snapshot.retention.file.num = 5 (custom)
2023-05-05 09:11:22,528 [pool-389-thread-1] INFO  server.RaftServerConfigKeys (ConfUtils.java:logGet(46)) - raft.server.log.purge.upto.snapshot.index = false (default)
2023-05-05 09:11:22,529 [Command processor thread] INFO  ratis.XceiverServerRatis (XceiverServerRatis.java:addGroup(806)) - Created group PipelineID=63a1a7f4-df07-4147-a10e-919854d4a736
2023-05-05 09:11:22,529 [e841f512-b055-4fc0-94e5-70e8baf078a1@group-919854D4A736-FollowerState] INFO  server.RaftServerConfigKeys (ConfUtils.java:logFallback(53)) - raft.server.rpc.first-election.timeout.min = 5s (fallback to raft.server.rpc.timeout.min)
2023-05-05 09:11:22,529 [Command processor thread] INFO  commandhandler.CreatePipelineCommandHandler (CreatePipelineCommandHandler.java:handle(113)) - Created Pipeline RATIS ONE PipelineID=63a1a7f4-df07-4147-a10e-919854d4a736.
2023-05-05 09:11:22,529 [e841f512-b055-4fc0-94e5-70e8baf078a1@group-919854D4A736-FollowerState] INFO  server.RaftServerConfigKeys (ConfUtils.java:logFallback(53)) - raft.server.rpc.first-election.timeout.max = 5200ms (fallback to raft.server.rpc.timeout.max)
2023-05-05 09:11:23,499 [Listener at 127.0.0.1/34263] INFO  ozone.MiniOzoneClusterImpl (MiniOzoneClusterImpl.java:lambda$waitForClusterToBeReady$0(223)) - Nodes are ready. Got 3 of 3 DN Heartbeats.
2023-05-05 09:11:23,499 [Listener at 127.0.0.1/34263] INFO  ozone.MiniOzoneClusterImpl (MiniOzoneClusterImpl.java:lambda$waitForClusterToBeReady$0(226)) - Waiting for cluster to exit safe mode
2023-05-05 09:11:23,499 [Listener at 127.0.0.1/34263] INFO  ozone.MiniOzoneClusterImpl (MiniOzoneClusterImpl.java:lambda$waitForClusterToBeReady$0(228)) - SCM became leader
2023-05-05 09:11:24,499 [Listener at 127.0.0.1/34263] INFO  ozone.MiniOzoneClusterImpl (MiniOzoneClusterImpl.java:lambda$waitForClusterToBeReady$0(223)) - Nodes are ready. Got 3 of 3 DN Heartbeats.
2023-05-05 09:11:24,500 [Listener at 127.0.0.1/34263] INFO  ozone.MiniOzoneClusterImpl (MiniOzoneClusterImpl.java:lambda$waitForClusterToBeReady$0(226)) - Waiting for cluster to exit safe mode
2023-05-05 09:11:24,500 [Listener at 127.0.0.1/34263] INFO  ozone.MiniOzoneClusterImpl (MiniOzoneClusterImpl.java:lambda$waitForClusterToBeReady$0(228)) - SCM became leader
2023-05-05 09:11:25,500 [Listener at 127.0.0.1/34263] INFO  ozone.MiniOzoneClusterImpl (MiniOzoneClusterImpl.java:lambda$waitForClusterToBeReady$0(223)) - Nodes are ready. Got 3 of 3 DN Heartbeats.
2023-05-05 09:11:25,500 [Listener at 127.0.0.1/34263] INFO  ozone.MiniOzoneClusterImpl (MiniOzoneClusterImpl.java:lambda$waitForClusterToBeReady$0(226)) - Waiting for cluster to exit safe mode
2023-05-05 09:11:25,500 [Listener at 127.0.0.1/34263] INFO  ozone.MiniOzoneClusterImpl (MiniOzoneClusterImpl.java:lambda$waitForClusterToBeReady$0(228)) - SCM became leader
2023-05-05 09:11:26,500 [Listener at 127.0.0.1/34263] INFO  ozone.MiniOzoneClusterImpl (MiniOzoneClusterImpl.java:lambda$waitForClusterToBeReady$0(223)) - Nodes are ready. Got 3 of 3 DN Heartbeats.
2023-05-05 09:11:26,501 [Listener at 127.0.0.1/34263] INFO  ozone.MiniOzoneClusterImpl (MiniOzoneClusterImpl.java:lambda$waitForClusterToBeReady$0(226)) - Waiting for cluster to exit safe mode
2023-05-05 09:11:26,501 [Listener at 127.0.0.1/34263] INFO  ozone.MiniOzoneClusterImpl (MiniOzoneClusterImpl.java:lambda$waitForClusterToBeReady$0(228)) - SCM became leader
2023-05-05 09:11:26,888 [01b6ceb7-397f-4531-b0f0-6cdac58298e0@group-F08E02D63E68-FollowerState] INFO  impl.FollowerState (FollowerState.java:run(143)) - 01b6ceb7-397f-4531-b0f0-6cdac58298e0@group-F08E02D63E68-FollowerState: change to CANDIDATE, lastRpcElapsedTime:5037664078ns, electionTimeout:5035ms
2023-05-05 09:11:26,888 [01b6ceb7-397f-4531-b0f0-6cdac58298e0@group-F08E02D63E68-FollowerState] INFO  impl.RoleInfo (RoleInfo.java:shutdownFollowerState(110)) - 01b6ceb7-397f-4531-b0f0-6cdac58298e0: shutdown 01b6ceb7-397f-4531-b0f0-6cdac58298e0@group-F08E02D63E68-FollowerState
2023-05-05 09:11:26,888 [01b6ceb7-397f-4531-b0f0-6cdac58298e0@group-F08E02D63E68-FollowerState] INFO  server.RaftServer$Division (RaftServerImpl.java:setRole(321)) - 01b6ceb7-397f-4531-b0f0-6cdac58298e0@group-F08E02D63E68: changes role from  FOLLOWER to CANDIDATE at term 0 for changeToCandidate
2023-05-05 09:11:26,889 [01b6ceb7-397f-4531-b0f0-6cdac58298e0@group-F08E02D63E68-FollowerState] INFO  server.RaftServerConfigKeys (ConfUtils.java:logGet(46)) - raft.server.leaderelection.pre-vote = true (default)
2023-05-05 09:11:26,889 [01b6ceb7-397f-4531-b0f0-6cdac58298e0@group-F08E02D63E68-FollowerState] INFO  impl.RoleInfo (RoleInfo.java:updateAndGet(139)) - 01b6ceb7-397f-4531-b0f0-6cdac58298e0: start 01b6ceb7-397f-4531-b0f0-6cdac58298e0@group-F08E02D63E68-LeaderElection11
2023-05-05 09:11:26,891 [01b6ceb7-397f-4531-b0f0-6cdac58298e0@group-F08E02D63E68-LeaderElection11] INFO  impl.LeaderElection (LeaderElection.java:askForVotes(312)) - 01b6ceb7-397f-4531-b0f0-6cdac58298e0@group-F08E02D63E68-LeaderElection11 PRE_VOTE round 0: submit vote requests at term 0 for -1: peers:[cbbeb21a-10ea-4a95-b948-f7c95f693eb9|rpc:10.1.0.42:38525|dataStream:10.1.0.42:37147|priority:0|startupRole:FOLLOWER, e841f512-b055-4fc0-94e5-70e8baf078a1|rpc:10.1.0.42:41953|dataStream:10.1.0.42:46347|priority:0|startupRole:FOLLOWER, 01b6ceb7-397f-4531-b0f0-6cdac58298e0|rpc:10.1.0.42:43257|dataStream:10.1.0.42:36671|priority:1|startupRole:FOLLOWER]|listeners:[], old=null
2023-05-05 09:11:26,891 [01b6ceb7-397f-4531-b0f0-6cdac58298e0@group-F08E02D63E68-LeaderElection11] INFO  server.RaftServerConfigKeys (ConfUtils.java:logFallback(53)) - raft.server.rpc.first-election.timeout.min = 5s (fallback to raft.server.rpc.timeout.min)
2023-05-05 09:11:26,891 [01b6ceb7-397f-4531-b0f0-6cdac58298e0@group-F08E02D63E68-LeaderElection11-1] INFO  server.GrpcServerProtocolClient (GrpcServerProtocolClient.java:<init>(63)) - Build channel for cbbeb21a-10ea-4a95-b948-f7c95f693eb9
2023-05-05 09:11:26,891 [01b6ceb7-397f-4531-b0f0-6cdac58298e0@group-F08E02D63E68-LeaderElection11] INFO  server.RaftServerConfigKeys (ConfUtils.java:logFallback(53)) - raft.server.rpc.first-election.timeout.max = 5200ms (fallback to raft.server.rpc.timeout.max)
2023-05-05 09:11:26,892 [01b6ceb7-397f-4531-b0f0-6cdac58298e0@group-F08E02D63E68-LeaderElection11-2] INFO  server.GrpcServerProtocolClient (GrpcServerProtocolClient.java:<init>(63)) - Build channel for e841f512-b055-4fc0-94e5-70e8baf078a1
2023-05-05 09:11:26,903 [grpc-default-executor-0] INFO  server.RaftServer$Division (RaftServerImpl.java:requestVote(1218)) - cbbeb21a-10ea-4a95-b948-f7c95f693eb9@group-F08E02D63E68: receive requestVote(PRE_VOTE, 01b6ceb7-397f-4531-b0f0-6cdac58298e0, group-F08E02D63E68, 0, (t:0, i:0))
2023-05-05 09:11:26,903 [grpc-default-executor-0] INFO  impl.VoteContext (VoteContext.java:log(49)) - cbbeb21a-10ea-4a95-b948-f7c95f693eb9@group-F08E02D63E68-FOLLOWER: accept PRE_VOTE from 01b6ceb7-397f-4531-b0f0-6cdac58298e0: our priority 0 <= candidate's priority 1
2023-05-05 09:11:26,903 [grpc-default-executor-0] INFO  server.RaftServer$Division (RaftServerImpl.java:requestVote(1251)) - cbbeb21a-10ea-4a95-b948-f7c95f693eb9@group-F08E02D63E68 replies to PRE_VOTE vote request: 01b6ceb7-397f-4531-b0f0-6cdac58298e0<-cbbeb21a-10ea-4a95-b948-f7c95f693eb9#0:OK-t0. Peer's state: cbbeb21a-10ea-4a95-b948-f7c95f693eb9@group-F08E02D63E68:t0, leader=null, voted=, raftlog=Memoized:cbbeb21a-10ea-4a95-b948-f7c95f693eb9@group-F08E02D63E68-SegmentedRaftLog:OPENED:c-1, conf=-1: peers:[cbbeb21a-10ea-4a95-b948-f7c95f693eb9|rpc:10.1.0.42:38525|dataStream:10.1.0.42:37147|priority:0|startupRole:FOLLOWER, e841f512-b055-4fc0-94e5-70e8baf078a1|rpc:10.1.0.42:41953|dataStream:10.1.0.42:46347|priority:0|startupRole:FOLLOWER, 01b6ceb7-397f-4531-b0f0-6cdac58298e0|rpc:10.1.0.42:43257|dataStream:10.1.0.42:36671|priority:1|startupRole:FOLLOWER]|listeners:[], old=null
2023-05-05 09:11:26,904 [01b6ceb7-397f-4531-b0f0-6cdac58298e0@group-F08E02D63E68-LeaderElection11] INFO  impl.LeaderElection (LeaderElection.java:logAndReturn(90)) - 01b6ceb7-397f-4531-b0f0-6cdac58298e0@group-F08E02D63E68-LeaderElection11: PRE_VOTE PASSED received 1 response(s) and 0 exception(s):
2023-05-05 09:11:26,904 [01b6ceb7-397f-4531-b0f0-6cdac58298e0@group-F08E02D63E68-LeaderElection11] INFO  impl.LeaderElection (LeaderElection.java:logAndReturn(94)) -   Response 0: 01b6ceb7-397f-4531-b0f0-6cdac58298e0<-cbbeb21a-10ea-4a95-b948-f7c95f693eb9#0:OK-t0
2023-05-05 09:11:26,904 [01b6ceb7-397f-4531-b0f0-6cdac58298e0@group-F08E02D63E68-LeaderElection11] INFO  impl.LeaderElection (LeaderElection.java:askForVotes(314)) - 01b6ceb7-397f-4531-b0f0-6cdac58298e0@group-F08E02D63E68-LeaderElection11 PRE_VOTE round 0: result PASSED
2023-05-05 09:11:26,913 [01b6ceb7-397f-4531-b0f0-6cdac58298e0@group-F08E02D63E68-LeaderElection11] INFO  impl.LeaderElection (LeaderElection.java:askForVotes(312)) - 01b6ceb7-397f-4531-b0f0-6cdac58298e0@group-F08E02D63E68-LeaderElection11 ELECTION round 0: submit vote requests at term 1 for -1: peers:[cbbeb21a-10ea-4a95-b948-f7c95f693eb9|rpc:10.1.0.42:38525|dataStream:10.1.0.42:37147|priority:0|startupRole:FOLLOWER, e841f512-b055-4fc0-94e5-70e8baf078a1|rpc:10.1.0.42:41953|dataStream:10.1.0.42:46347|priority:0|startupRole:FOLLOWER, 01b6ceb7-397f-4531-b0f0-6cdac58298e0|rpc:10.1.0.42:43257|dataStream:10.1.0.42:36671|priority:1|startupRole:FOLLOWER]|listeners:[], old=null
2023-05-05 09:11:26,914 [01b6ceb7-397f-4531-b0f0-6cdac58298e0@group-F08E02D63E68-LeaderElection11] INFO  server.RaftServerConfigKeys (ConfUtils.java:logFallback(53)) - raft.server.rpc.first-election.timeout.min = 5s (fallback to raft.server.rpc.timeout.min)
2023-05-05 09:11:26,914 [01b6ceb7-397f-4531-b0f0-6cdac58298e0@group-F08E02D63E68-LeaderElection11] INFO  server.RaftServerConfigKeys (ConfUtils.java:logFallback(53)) - raft.server.rpc.first-election.timeout.max = 5200ms (fallback to raft.server.rpc.timeout.max)
2023-05-05 09:11:26,917 [grpc-default-executor-0] INFO  server.RaftServer$Division (RaftServerImpl.java:requestVote(1218)) - e841f512-b055-4fc0-94e5-70e8baf078a1@group-F08E02D63E68: receive requestVote(PRE_VOTE, 01b6ceb7-397f-4531-b0f0-6cdac58298e0, group-F08E02D63E68, 0, (t:0, i:0))
2023-05-05 09:11:26,917 [grpc-default-executor-0] INFO  impl.VoteContext (VoteContext.java:log(49)) - e841f512-b055-4fc0-94e5-70e8baf078a1@group-F08E02D63E68-FOLLOWER: accept PRE_VOTE from 01b6ceb7-397f-4531-b0f0-6cdac58298e0: our priority 0 <= candidate's priority 1
2023-05-05 09:11:26,917 [grpc-default-executor-0] INFO  server.RaftServer$Division (RaftServerImpl.java:requestVote(1251)) - e841f512-b055-4fc0-94e5-70e8baf078a1@group-F08E02D63E68 replies to PRE_VOTE vote request: 01b6ceb7-397f-4531-b0f0-6cdac58298e0<-e841f512-b055-4fc0-94e5-70e8baf078a1#0:OK-t0. Peer's state: e841f512-b055-4fc0-94e5-70e8baf078a1@group-F08E02D63E68:t0, leader=null, voted=, raftlog=Memoized:e841f512-b055-4fc0-94e5-70e8baf078a1@group-F08E02D63E68-SegmentedRaftLog:OPENED:c-1, conf=-1: peers:[cbbeb21a-10ea-4a95-b948-f7c95f693eb9|rpc:10.1.0.42:38525|dataStream:10.1.0.42:37147|priority:0|startupRole:FOLLOWER, e841f512-b055-4fc0-94e5-70e8baf078a1|rpc:10.1.0.42:41953|dataStream:10.1.0.42:46347|priority:0|startupRole:FOLLOWER, 01b6ceb7-397f-4531-b0f0-6cdac58298e0|rpc:10.1.0.42:43257|dataStream:10.1.0.42:36671|priority:1|startupRole:FOLLOWER]|listeners:[], old=null
2023-05-05 09:11:26,918 [grpc-default-executor-1] INFO  server.RaftServer$Division (RaftServerImpl.java:requestVote(1218)) - cbbeb21a-10ea-4a95-b948-f7c95f693eb9@group-F08E02D63E68: receive requestVote(ELECTION, 01b6ceb7-397f-4531-b0f0-6cdac58298e0, group-F08E02D63E68, 1, (t:0, i:0))
2023-05-05 09:11:26,920 [grpc-default-executor-1] INFO  impl.VoteContext (VoteContext.java:log(49)) - cbbeb21a-10ea-4a95-b948-f7c95f693eb9@group-F08E02D63E68-FOLLOWER: accept ELECTION from 01b6ceb7-397f-4531-b0f0-6cdac58298e0: our priority 0 <= candidate's priority 1
2023-05-05 09:11:26,920 [grpc-default-executor-1] INFO  server.RaftServer$Division (RaftServerImpl.java:setRole(321)) - cbbeb21a-10ea-4a95-b948-f7c95f693eb9@group-F08E02D63E68: changes role from  FOLLOWER to FOLLOWER at term 1 for candidate:01b6ceb7-397f-4531-b0f0-6cdac58298e0
2023-05-05 09:11:26,920 [grpc-default-executor-1] INFO  impl.RoleInfo (RoleInfo.java:shutdownFollowerState(110)) - cbbeb21a-10ea-4a95-b948-f7c95f693eb9: shutdown cbbeb21a-10ea-4a95-b948-f7c95f693eb9@group-F08E02D63E68-FollowerState
2023-05-05 09:11:26,920 [cbbeb21a-10ea-4a95-b948-f7c95f693eb9@group-F08E02D63E68-FollowerState] INFO  impl.FollowerState (FollowerState.java:run(152)) - cbbeb21a-10ea-4a95-b948-f7c95f693eb9@group-F08E02D63E68-FollowerState was interrupted
2023-05-05 09:11:26,920 [grpc-default-executor-1] INFO  impl.RoleInfo (RoleInfo.java:updateAndGet(139)) - cbbeb21a-10ea-4a95-b948-f7c95f693eb9: start cbbeb21a-10ea-4a95-b948-f7c95f693eb9@group-F08E02D63E68-FollowerState
2023-05-05 09:11:26,922 [cbbeb21a-10ea-4a95-b948-f7c95f693eb9@group-F08E02D63E68-FollowerState] INFO  server.RaftServerConfigKeys (ConfUtils.java:logFallback(53)) - raft.server.rpc.first-election.timeout.min = 5s (fallback to raft.server.rpc.timeout.min)
2023-05-05 09:11:26,922 [cbbeb21a-10ea-4a95-b948-f7c95f693eb9@group-F08E02D63E68-FollowerState] INFO  server.RaftServerConfigKeys (ConfUtils.java:logFallback(53)) - raft.server.rpc.first-election.timeout.max = 5200ms (fallback to raft.server.rpc.timeout.max)
2023-05-05 09:11:26,923 [grpc-default-executor-2] INFO  server.RaftServer$Division (RaftServerImpl.java:requestVote(1218)) - e841f512-b055-4fc0-94e5-70e8baf078a1@group-F08E02D63E68: receive requestVote(ELECTION, 01b6ceb7-397f-4531-b0f0-6cdac58298e0, group-F08E02D63E68, 1, (t:0, i:0))
2023-05-05 09:11:26,924 [grpc-default-executor-2] INFO  impl.VoteContext (VoteContext.java:log(49)) - e841f512-b055-4fc0-94e5-70e8baf078a1@group-F08E02D63E68-FOLLOWER: accept ELECTION from 01b6ceb7-397f-4531-b0f0-6cdac58298e0: our priority 0 <= candidate's priority 1
2023-05-05 09:11:26,924 [grpc-default-executor-2] INFO  server.RaftServer$Division (RaftServerImpl.java:setRole(321)) - e841f512-b055-4fc0-94e5-70e8baf078a1@group-F08E02D63E68: changes role from  FOLLOWER to FOLLOWER at term 1 for candidate:01b6ceb7-397f-4531-b0f0-6cdac58298e0
2023-05-05 09:11:26,924 [grpc-default-executor-2] INFO  impl.RoleInfo (RoleInfo.java:shutdownFollowerState(110)) - e841f512-b055-4fc0-94e5-70e8baf078a1: shutdown e841f512-b055-4fc0-94e5-70e8baf078a1@group-F08E02D63E68-FollowerState
2023-05-05 09:11:26,924 [grpc-default-executor-2] INFO  impl.RoleInfo (RoleInfo.java:updateAndGet(139)) - e841f512-b055-4fc0-94e5-70e8baf078a1: start e841f512-b055-4fc0-94e5-70e8baf078a1@group-F08E02D63E68-FollowerState
2023-05-05 09:11:26,924 [e841f512-b055-4fc0-94e5-70e8baf078a1@group-F08E02D63E68-FollowerState] INFO  impl.FollowerState (FollowerState.java:run(152)) - e841f512-b055-4fc0-94e5-70e8baf078a1@group-F08E02D63E68-FollowerState was interrupted
2023-05-05 09:11:26,932 [01b6ceb7-397f-4531-b0f0-6cdac58298e0@group-584DB4BFA710-FollowerState] INFO  impl.FollowerState (FollowerState.java:run(143)) - 01b6ceb7-397f-4531-b0f0-6cdac58298e0@group-584DB4BFA710-FollowerState: change to CANDIDATE, lastRpcElapsedTime:5099345764ns, electionTimeout:5098ms
2023-05-05 09:11:26,932 [grpc-default-executor-2] INFO  server.RaftServer$Division (RaftServerImpl.java:requestVote(1251)) - e841f512-b055-4fc0-94e5-70e8baf078a1@group-F08E02D63E68 replies to ELECTION vote request: 01b6ceb7-397f-4531-b0f0-6cdac58298e0<-e841f512-b055-4fc0-94e5-70e8baf078a1#0:OK-t1. Peer's state: e841f512-b055-4fc0-94e5-70e8baf078a1@group-F08E02D63E68:t1, leader=null, voted=01b6ceb7-397f-4531-b0f0-6cdac58298e0, raftlog=Memoized:e841f512-b055-4fc0-94e5-70e8baf078a1@group-F08E02D63E68-SegmentedRaftLog:OPENED:c-1, conf=-1: peers:[cbbeb21a-10ea-4a95-b948-f7c95f693eb9|rpc:10.1.0.42:38525|dataStream:10.1.0.42:37147|priority:0|startupRole:FOLLOWER, e841f512-b055-4fc0-94e5-70e8baf078a1|rpc:10.1.0.42:41953|dataStream:10.1.0.42:46347|priority:0|startupRole:FOLLOWER, 01b6ceb7-397f-4531-b0f0-6cdac58298e0|rpc:10.1.0.42:43257|dataStream:10.1.0.42:36671|priority:1|startupRole:FOLLOWER]|listeners:[], old=null
2023-05-05 09:11:26,932 [01b6ceb7-397f-4531-b0f0-6cdac58298e0@group-584DB4BFA710-FollowerState] INFO  impl.RoleInfo (RoleInfo.java:shutdownFollowerState(110)) - 01b6ceb7-397f-4531-b0f0-6cdac58298e0: shutdown 01b6ceb7-397f-4531-b0f0-6cdac58298e0@group-584DB4BFA710-FollowerState
2023-05-05 09:11:26,932 [01b6ceb7-397f-4531-b0f0-6cdac58298e0@group-584DB4BFA710-FollowerState] INFO  server.RaftServer$Division (RaftServerImpl.java:setRole(321)) - 01b6ceb7-397f-4531-b0f0-6cdac58298e0@group-584DB4BFA710: changes role from  FOLLOWER to CANDIDATE at term 0 for changeToCandidate
2023-05-05 09:11:26,932 [01b6ceb7-397f-4531-b0f0-6cdac58298e0@group-584DB4BFA710-FollowerState] INFO  server.RaftServerConfigKeys (ConfUtils.java:logGet(46)) - raft.server.leaderelection.pre-vote = true (default)
2023-05-05 09:11:26,932 [01b6ceb7-397f-4531-b0f0-6cdac58298e0@group-584DB4BFA710-FollowerState] INFO  impl.RoleInfo (RoleInfo.java:updateAndGet(139)) - 01b6ceb7-397f-4531-b0f0-6cdac58298e0: start 01b6ceb7-397f-4531-b0f0-6cdac58298e0@group-584DB4BFA710-LeaderElection12
2023-05-05 09:11:26,934 [grpc-default-executor-1] INFO  server.RaftServer$Division (RaftServerImpl.java:requestVote(1251)) - cbbeb21a-10ea-4a95-b948-f7c95f693eb9@group-F08E02D63E68 replies to ELECTION vote request: 01b6ceb7-397f-4531-b0f0-6cdac58298e0<-cbbeb21a-10ea-4a95-b948-f7c95f693eb9#0:OK-t1. Peer's state: cbbeb21a-10ea-4a95-b948-f7c95f693eb9@group-F08E02D63E68:t1, leader=null, voted=01b6ceb7-397f-4531-b0f0-6cdac58298e0, raftlog=Memoized:cbbeb21a-10ea-4a95-b948-f7c95f693eb9@group-F08E02D63E68-SegmentedRaftLog:OPENED:c-1, conf=-1: peers:[cbbeb21a-10ea-4a95-b948-f7c95f693eb9|rpc:10.1.0.42:38525|dataStream:10.1.0.42:37147|priority:0|startupRole:FOLLOWER, e841f512-b055-4fc0-94e5-70e8baf078a1|rpc:10.1.0.42:41953|dataStream:10.1.0.42:46347|priority:0|startupRole:FOLLOWER, 01b6ceb7-397f-4531-b0f0-6cdac58298e0|rpc:10.1.0.42:43257|dataStream:10.1.0.42:36671|priority:1|startupRole:FOLLOWER]|listeners:[], old=null
2023-05-05 09:11:26,935 [e841f512-b055-4fc0-94e5-70e8baf078a1@group-F08E02D63E68-FollowerState] INFO  server.RaftServerConfigKeys (ConfUtils.java:logFallback(53)) - raft.server.rpc.first-election.timeout.min = 5s (fallback to raft.server.rpc.timeout.min)
2023-05-05 09:11:26,935 [e841f512-b055-4fc0-94e5-70e8baf078a1@group-F08E02D63E68-FollowerState] INFO  server.RaftServerConfigKeys (ConfUtils.java:logFallback(53)) - raft.server.rpc.first-election.timeout.max = 5200ms (fallback to raft.server.rpc.timeout.max)
2023-05-05 09:11:26,935 [01b6ceb7-397f-4531-b0f0-6cdac58298e0@group-F08E02D63E68-LeaderElection11] INFO  impl.LeaderElection (LeaderElection.java:logAndReturn(90)) - 01b6ceb7-397f-4531-b0f0-6cdac58298e0@group-F08E02D63E68-LeaderElection11: ELECTION PASSED received 1 response(s) and 0 exception(s):
2023-05-05 09:11:26,935 [01b6ceb7-397f-4531-b0f0-6cdac58298e0@group-F08E02D63E68-LeaderElection11] INFO  impl.LeaderElection (LeaderElection.java:logAndReturn(94)) -   Response 0: 01b6ceb7-397f-4531-b0f0-6cdac58298e0<-e841f512-b055-4fc0-94e5-70e8baf078a1#0:OK-t1
2023-05-05 09:11:26,935 [01b6ceb7-397f-4531-b0f0-6cdac58298e0@group-F08E02D63E68-LeaderElection11] INFO  impl.LeaderElection (LeaderElection.java:askForVotes(314)) - 01b6ceb7-397f-4531-b0f0-6cdac58298e0@group-F08E02D63E68-LeaderElection11 ELECTION round 0: result PASSED
2023-05-05 09:11:26,935 [01b6ceb7-397f-4531-b0f0-6cdac58298e0@group-F08E02D63E68-LeaderElection11] INFO  impl.RoleInfo (RoleInfo.java:shutdownLeaderElection(130)) - 01b6ceb7-397f-4531-b0f0-6cdac58298e0: shutdown 01b6ceb7-397f-4531-b0f0-6cdac58298e0@group-F08E02D63E68-LeaderElection11
2023-05-05 09:11:26,935 [01b6ceb7-397f-4531-b0f0-6cdac58298e0@group-F08E02D63E68-LeaderElection11] INFO  server.RaftServer$Division (RaftServerImpl.java:setRole(321)) - 01b6ceb7-397f-4531-b0f0-6cdac58298e0@group-F08E02D63E68: changes role from CANDIDATE to LEADER at term 1 for changeToLeader
2023-05-05 09:11:26,935 [01b6ceb7-397f-4531-b0f0-6cdac58298e0@group-F08E02D63E68-LeaderElection11] INFO  ratis.XceiverServerRatis (XceiverServerRatis.java:handleLeaderChangedNotification(904)) - Leader change notification received for group: group-F08E02D63E68 with new leaderId: 01b6ceb7-397f-4531-b0f0-6cdac58298e0
2023-05-05 09:11:26,935 [01b6ceb7-397f-4531-b0f0-6cdac58298e0@group-F08E02D63E68-LeaderElection11] INFO  server.RaftServer$Division (ServerState.java:setLeader(313)) - 01b6ceb7-397f-4531-b0f0-6cdac58298e0@group-F08E02D63E68: change Leader from null to 01b6ceb7-397f-4531-b0f0-6cdac58298e0 at term 1 for becomeLeader, leader elected after 5098ms
2023-05-05 09:11:26,936 [01b6ceb7-397f-4531-b0f0-6cdac58298e0@group-F08E02D63E68-LeaderElection11] INFO  server.RaftServerConfigKeys (ConfUtils.java:logGet(46)) - raft.server.staging.catchup.gap = 1000 (default)
2023-05-05 09:11:26,936 [01b6ceb7-397f-4531-b0f0-6cdac58298e0@group-F08E02D63E68-LeaderElection11] INFO  server.RaftServerConfigKeys (ConfUtils.java:logGet(46)) - raft.server.write.element-limit = 1024 (custom)
2023-05-05 09:11:26,936 [01b6ceb7-397f-4531-b0f0-6cdac58298e0@group-F08E02D63E68-LeaderElection11] INFO  server.RaftServerConfigKeys (ConfUtils.java:logGet(46)) - raft.server.write.byte-limit = 1024 M (=1073741824) (custom)
2023-05-05 09:11:26,936 [01b6ceb7-397f-4531-b0f0-6cdac58298e0@group-F08E02D63E68-LeaderElection11] INFO  server.RaftServerConfigKeys (ConfUtils.java:logGet(46)) - raft.server.watch.timeout = 180s (custom)
2023-05-05 09:11:26,936 [01b6ceb7-397f-4531-b0f0-6cdac58298e0@group-F08E02D63E68-LeaderElection11] INFO  server.RaftServerConfigKeys (ConfUtils.java:logGet(46)) - raft.server.watch.timeout.denomination = 1s (default)
2023-05-05 09:11:26,936 [01b6ceb7-397f-4531-b0f0-6cdac58298e0@group-F08E02D63E68-LeaderElection11] INFO  server.RaftServerConfigKeys (ConfUtils.java:logGet(46)) - raft.server.watch.element-limit = 65536 (default)
2023-05-05 09:11:26,936 [01b6ceb7-397f-4531-b0f0-6cdac58298e0@group-F08E02D63E68-LeaderElection11] INFO  server.RaftServerConfigKeys (ConfUtils.java:logGet(46)) - raft.server.write.element-limit = 1024 (custom)
2023-05-05 09:11:26,936 [01b6ceb7-397f-4531-b0f0-6cdac58298e0@group-F08E02D63E68-LeaderElection11] INFO  server.RaftServerConfigKeys (ConfUtils.java:logGet(46)) - raft.server.write.follower.gap.ratio.max = -1.0 (default)
2023-05-05 09:11:26,937 [01b6ceb7-397f-4531-b0f0-6cdac58298e0@group-F08E02D63E68-LeaderElection11] INFO  server.RaftServerConfigKeys (ConfUtils.java:logGet(46)) - raft.server.log.appender.snapshot.chunk.size.max = 16MB (=16777216) (default)
2023-05-05 09:11:26,941 [01b6ceb7-397f-4531-b0f0-6cdac58298e0@group-F08E02D63E68-LeaderElection11] INFO  server.RaftServerConfigKeys (ConfUtils.java:logGet(46)) - raft.server.log.appender.buffer.byte-limit = 33554432 (custom)
2023-05-05 09:11:26,941 [01b6ceb7-397f-4531-b0f0-6cdac58298e0@group-F08E02D63E68-LeaderElection11] INFO  server.RaftServerConfigKeys (ConfUtils.java:logGet(46)) - raft.server.log.appender.buffer.element-limit = 1 (custom)
2023-05-05 09:11:26,941 [01b6ceb7-397f-4531-b0f0-6cdac58298e0@group-F08E02D63E68-LeaderElection11] INFO  grpc.GrpcConfigKeys (ConfUtils.java:logGet(46)) - raft.grpc.server.leader.outstanding.appends.max = 128 (default)
2023-05-05 09:11:26,941 [01b6ceb7-397f-4531-b0f0-6cdac58298e0@group-F08E02D63E68-LeaderElection11] INFO  server.RaftServerConfigKeys (ConfUtils.java:logGet(46)) - raft.server.rpc.request.timeout = 60s (custom)
2023-05-05 09:11:26,941 [01b6ceb7-397f-4531-b0f0-6cdac58298e0@group-F08E02D63E68-LeaderElection11] INFO  server.RaftServerConfigKeys (ConfUtils.java:logGet(46)) - raft.server.log.appender.install.snapshot.enabled = false (custom)
2023-05-05 09:11:26,941 [01b6ceb7-397f-4531-b0f0-6cdac58298e0@group-F08E02D63E68-LeaderElection11] INFO  grpc.GrpcConfigKeys (ConfUtils.java:logGet(46)) - raft.grpc.server.heartbeat.channel = true (default)
2023-05-05 09:11:26,941 [01b6ceb7-397f-4531-b0f0-6cdac58298e0@group-F08E02D63E68-LeaderElection11] INFO  server.RaftServerConfigKeys (ConfUtils.java:logGet(46)) - raft.server.log.appender.wait-time.min = 10ms (default)
2023-05-05 09:11:26,942 [01b6ceb7-397f-4531-b0f0-6cdac58298e0@group-F08E02D63E68-LeaderElection11] INFO  server.RaftServerConfigKeys (ConfUtils.java:logGet(46)) - raft.server.log.appender.snapshot.chunk.size.max = 16MB (=16777216) (default)
2023-05-05 09:11:26,942 [01b6ceb7-397f-4531-b0f0-6cdac58298e0@group-F08E02D63E68-LeaderElection11] INFO  server.RaftServerConfigKeys (ConfUtils.java:logGet(46)) - raft.server.log.appender.buffer.byte-limit = 33554432 (custom)
2023-05-05 09:11:26,942 [01b6ceb7-397f-4531-b0f0-6cdac58298e0@group-F08E02D63E68-LeaderElection11] INFO  server.RaftServerConfigKeys (ConfUtils.java:logGet(46)) - raft.server.log.appender.buffer.element-limit = 1 (custom)
2023-05-05 09:11:26,942 [01b6ceb7-397f-4531-b0f0-6cdac58298e0@group-F08E02D63E68-LeaderElection11] INFO  grpc.GrpcConfigKeys (ConfUtils.java:logGet(46)) - raft.grpc.server.leader.outstanding.appends.max = 128 (default)
2023-05-05 09:11:26,942 [01b6ceb7-397f-4531-b0f0-6cdac58298e0@group-F08E02D63E68-LeaderElection11] INFO  server.RaftServerConfigKeys (ConfUtils.java:logGet(46)) - raft.server.rpc.request.timeout = 60s (custom)
2023-05-05 09:11:26,942 [01b6ceb7-397f-4531-b0f0-6cdac58298e0@group-F08E02D63E68-LeaderElection11] INFO  server.RaftServerConfigKeys (ConfUtils.java:logGet(46)) - raft.server.log.appender.install.snapshot.enabled = false (custom)
2023-05-05 09:11:26,942 [01b6ceb7-397f-4531-b0f0-6cdac58298e0@group-F08E02D63E68-LeaderElection11] INFO  grpc.GrpcConfigKeys (ConfUtils.java:logGet(46)) - raft.grpc.server.heartbeat.channel = true (default)
2023-05-05 09:11:26,942 [01b6ceb7-397f-4531-b0f0-6cdac58298e0@group-F08E02D63E68-LeaderElection11] INFO  server.RaftServerConfigKeys (ConfUtils.java:logGet(46)) - raft.server.log.appender.wait-time.min = 10ms (default)
2023-05-05 09:11:26,942 [01b6ceb7-397f-4531-b0f0-6cdac58298e0@group-F08E02D63E68-LeaderElection11] INFO  impl.RoleInfo (RoleInfo.java:updateAndGet(139)) - 01b6ceb7-397f-4531-b0f0-6cdac58298e0: start 01b6ceb7-397f-4531-b0f0-6cdac58298e0@group-F08E02D63E68-LeaderStateImpl
2023-05-05 09:11:26,942 [01b6ceb7-397f-4531-b0f0-6cdac58298e0@group-F08E02D63E68-LeaderElection11] INFO  segmented.SegmentedRaftLogWorker (SegmentedRaftLogWorker.java:startLogSegment(452)) - 01b6ceb7-397f-4531-b0f0-6cdac58298e0@group-F08E02D63E68-SegmentedRaftLogWorker: Starting segment from index:0
2023-05-05 09:11:26,944 [EventQueue-PipelineReportForPipelineReportHandler] INFO  pipeline.PipelineManagerImpl (PipelineManagerImpl.java:openPipeline(367)) - Pipeline Pipeline[ Id: f1dc1d9c-bce3-4fbb-93ec-f08e02d63e68, Nodes: cbbeb21a-10ea-4a95-b948-f7c95f693eb9(fv-az152-207.qln5d00okglujjccfnhxhxodph.cx.internal.cloudapp.net/10.1.0.42)e841f512-b055-4fc0-94e5-70e8baf078a1(fv-az152-207.qln5d00okglujjccfnhxhxodph.cx.internal.cloudapp.net/10.1.0.42)01b6ceb7-397f-4531-b0f0-6cdac58298e0(fv-az152-207.qln5d00okglujjccfnhxhxodph.cx.internal.cloudapp.net/10.1.0.42), ReplicationConfig: RATIS/THREE, State:ALLOCATED, leaderId:01b6ceb7-397f-4531-b0f0-6cdac58298e0, CreationTimestamp2023-05-05T09:11:19.519Z[Etc/UTC]] moved to OPEN state
2023-05-05 09:11:26,945 [EventQueue-OpenPipelineForHealthyPipelineSafeModeRule] INFO  safemode.SCMSafeModeManager (HealthyPipelineSafeModeRule.java:process(137)) - SCM in safe mode. Healthy pipelines reported count is 0, required healthy pipeline reported count is 1
2023-05-05 09:11:26,945 [EventQueue-OpenPipelineForHealthyPipelineSafeModeRule] INFO  safemode.SCMSafeModeManager (HealthyPipelineSafeModeRule.java:process(137)) - SCM in safe mode. Healthy pipelines reported count is 1, required healthy pipeline reported count is 1
2023-05-05 09:11:26,945 [EventQueue-OpenPipelineForHealthyPipelineSafeModeRule] INFO  safemode.SCMSafeModeManager (SCMSafeModeManager.java:validateSafeModeExitRules(200)) - HealthyPipelineSafeModeRule rule is successfully validated
2023-05-05 09:11:26,945 [EventQueue-OpenPipelineForHealthyPipelineSafeModeRule] INFO  safemode.SCMSafeModeManager (SCMSafeModeManager.java:validateSafeModeExitRules(215)) - ScmSafeModeManager, all rules are successfully validated
2023-05-05 09:11:26,945 [EventQueue-OpenPipelineForHealthyPipelineSafeModeRule] INFO  safemode.SCMSafeModeManager (SCMSafeModeManager.java:exitSafeMode(244)) - SCM exiting safe mode.
2023-05-05 09:11:26,945 [EventQueue-OpenPipelineForHealthyPipelineSafeModeRule] INFO  ha.SCMContext (SCMContext.java:updateSafeModeStatus(228)) - Update SafeModeStatus from SafeModeStatus{safeModeStatus=true, preCheckPassed=true} to SafeModeStatus{safeModeStatus=false, preCheckPassed=true}.
2023-05-05 09:11:26,945 [EventQueue-OpenPipelineForHealthyPipelineSafeModeRule] INFO  pipeline.BackgroundPipelineCreator (BackgroundPipelineCreator.java:notifyStatusChanged(254)) - Service BackgroundPipelineCreator transitions to RUNNING.
2023-05-05 09:11:26,945 [EventQueue-OpenPipelineForHealthyPipelineSafeModeRule] INFO  BackgroundPipelineScrubber (BackgroundSCMService.java:notifyStatusChanged(82)) - Service BackgroundPipelineScrubber transitions to RUNNING.
2023-05-05 09:11:26,945 [EventQueue-OpenPipelineForHealthyPipelineSafeModeRule] INFO  ExpiredContainerReplicaOpScrubber (BackgroundSCMService.java:notifyStatusChanged(82)) - Service ExpiredContainerReplicaOpScrubber transitions to RUNNING.
2023-05-05 09:11:26,945 [EventQueue-OpenPipelineForHealthyPipelineSafeModeRule] INFO  replication.ReplicationManager (ReplicationManager.java:notifyStatusChanged(1370)) - Service ReplicationManager transitions to RUNNING.
2023-05-05 09:11:26,945 [EventQueue-OpenPipelineForHealthyPipelineSafeModeRule] WARN  balancer.ContainerBalancer (ContainerBalancer.java:shouldRun(132)) - Could not find persisted configuration for ContainerBalancer when checking if ContainerBalancer should run. ContainerBalancer should not run now.
2023-05-05 09:11:26,946 [01b6ceb7-397f-4531-b0f0-6cdac58298e0@group-F08E02D63E68-SegmentedRaftLogWorker] INFO  segmented.SegmentedRaftLogWorker (SegmentedRaftLogWorker.java:execute(656)) - 01b6ceb7-397f-4531-b0f0-6cdac58298e0@group-F08E02D63E68-SegmentedRaftLogWorker: created new log segment /home/runner/work/ozone/ozone/hadoop-ozone/integration-test/target/test-dir/MiniOzoneClusterImpl-c61bf99b-c16a-4bd9-9ddf-73aa51c031b9/datanode-0/data/ratis/f1dc1d9c-bce3-4fbb-93ec-f08e02d63e68/current/log_inprogress_0
2023-05-05 09:11:26,953 [01b6ceb7-397f-4531-b0f0-6cdac58298e0@group-584DB4BFA710-LeaderElection12] INFO  impl.LeaderElection (LeaderElection.java:askForVotes(312)) - 01b6ceb7-397f-4531-b0f0-6cdac58298e0@group-584DB4BFA710-LeaderElection12 PRE_VOTE round 0: submit vote requests at term 0 for -1: peers:[01b6ceb7-397f-4531-b0f0-6cdac58298e0|rpc:10.1.0.42:43257|dataStream:10.1.0.42:36671|priority:1|startupRole:FOLLOWER]|listeners:[], old=null
2023-05-05 09:11:26,953 [01b6ceb7-397f-4531-b0f0-6cdac58298e0@group-584DB4BFA710-LeaderElection12] INFO  impl.LeaderElection (LeaderElection.java:askForVotes(314)) - 01b6ceb7-397f-4531-b0f0-6cdac58298e0@group-584DB4BFA710-LeaderElection12 PRE_VOTE round 0: result PASSED (term=0)
2023-05-05 09:11:26,953 [01b6ceb7-397f-4531-b0f0-6cdac58298e0@group-F08E02D63E68-LeaderElection11] INFO  server.RaftServer$Division (ServerState.java:setRaftConf(430)) - 01b6ceb7-397f-4531-b0f0-6cdac58298e0@group-F08E02D63E68: set configuration 0: peers:[cbbeb21a-10ea-4a95-b948-f7c95f693eb9|rpc:10.1.0.42:38525|dataStream:10.1.0.42:37147|priority:0|startupRole:FOLLOWER, e841f512-b055-4fc0-94e5-70e8baf078a1|rpc:10.1.0.42:41953|dataStream:10.1.0.42:46347|priority:0|startupRole:FOLLOWER, 01b6ceb7-397f-4531-b0f0-6cdac58298e0|rpc:10.1.0.42:43257|dataStream:10.1.0.42:36671|priority:1|startupRole:FOLLOWER]|listeners:[], old=null
2023-05-05 09:11:26,955 [01b6ceb7-397f-4531-b0f0-6cdac58298e0@group-584DB4BFA710-LeaderElection12] INFO  impl.LeaderElection (LeaderElection.java:askForVotes(312)) - 01b6ceb7-397f-4531-b0f0-6cdac58298e0@group-584DB4BFA710-LeaderElection12 ELECTION round 0: submit vote requests at term 1 for -1: peers:[01b6ceb7-397f-4531-b0f0-6cdac58298e0|rpc:10.1.0.42:43257|dataStream:10.1.0.42:36671|priority:1|startupRole:FOLLOWER]|listeners:[], old=null
2023-05-05 09:11:26,955 [01b6ceb7-397f-4531-b0f0-6cdac58298e0@group-584DB4BFA710-LeaderElection12] INFO  impl.LeaderElection (LeaderElection.java:askForVotes(314)) - 01b6ceb7-397f-4531-b0f0-6cdac58298e0@group-584DB4BFA710-LeaderElection12 ELECTION round 0: result PASSED (term=1)
2023-05-05 09:11:26,955 [01b6ceb7-397f-4531-b0f0-6cdac58298e0@group-584DB4BFA710-LeaderElection12] INFO  impl.RoleInfo (RoleInfo.java:shutdownLeaderElection(130)) - 01b6ceb7-397f-4531-b0f0-6cdac58298e0: shutdown 01b6ceb7-397f-4531-b0f0-6cdac58298e0@group-584DB4BFA710-LeaderElection12
2023-05-05 09:11:26,955 [01b6ceb7-397f-4531-b0f0-6cdac58298e0@group-584DB4BFA710-LeaderElection12] INFO  server.RaftServer$Division (RaftServerImpl.java:setRole(321)) - 01b6ceb7-397f-4531-b0f0-6cdac58298e0@group-584DB4BFA710: changes role from CANDIDATE to LEADER at term 1 for changeToLeader
2023-05-05 09:11:26,955 [01b6ceb7-397f-4531-b0f0-6cdac58298e0@group-584DB4BFA710-LeaderElection12] INFO  ratis.XceiverServerRatis (XceiverServerRatis.java:handleLeaderChangedNotification(904)) - Leader change notification received for group: group-584DB4BFA710 with new leaderId: 01b6ceb7-397f-4531-b0f0-6cdac58298e0
2023-05-05 09:11:26,955 [01b6ceb7-397f-4531-b0f0-6cdac58298e0@group-584DB4BFA710-LeaderElection12] INFO  server.RaftServer$Division (ServerState.java:setLeader(313)) - 01b6ceb7-397f-4531-b0f0-6cdac58298e0@group-584DB4BFA710: change Leader from null to 01b6ceb7-397f-4531-b0f0-6cdac58298e0 at term 1 for becomeLeader, leader elected after 5140ms
2023-05-05 09:11:26,955 [01b6ceb7-397f-4531-b0f0-6cdac58298e0@group-584DB4BFA710-LeaderElection12] INFO  server.RaftServerConfigKeys (ConfUtils.java:logGet(46)) - raft.server.staging.catchup.gap = 1000 (default)
2023-05-05 09:11:26,955 [01b6ceb7-397f-4531-b0f0-6cdac58298e0@group-584DB4BFA710-LeaderElection12] INFO  server.RaftServerConfigKeys (ConfUtils.java:logGet(46)) - raft.server.write.element-limit = 1024 (custom)
2023-05-05 09:11:26,955 [01b6ceb7-397f-4531-b0f0-6cdac58298e0@group-584DB4BFA710-LeaderElection12] INFO  server.RaftServerConfigKeys (ConfUtils.java:logGet(46)) - raft.server.write.byte-limit = 1024 M (=1073741824) (custom)
2023-05-05 09:11:26,955 [01b6ceb7-397f-4531-b0f0-6cdac58298e0@group-584DB4BFA710-LeaderElection12] INFO  server.RaftServerConfigKeys (ConfUtils.java:logGet(46)) - raft.server.watch.timeout = 180s (custom)
2023-05-05 09:11:26,955 [01b6ceb7-397f-4531-b0f0-6cdac58298e0@group-584DB4BFA710-LeaderElection12] INFO  server.RaftServerConfigKeys (ConfUtils.java:logGet(46)) - raft.server.watch.timeout.denomination = 1s (default)
2023-05-05 09:11:26,955 [01b6ceb7-397f-4531-b0f0-6cdac58298e0@group-584DB4BFA710-LeaderElection12] INFO  server.RaftServerConfigKeys (ConfUtils.java:logGet(46)) - raft.server.watch.element-limit = 65536 (default)
2023-05-05 09:11:26,956 [01b6ceb7-397f-4531-b0f0-6cdac58298e0@group-584DB4BFA710-LeaderElection12] INFO  server.RaftServerConfigKeys (ConfUtils.java:logGet(46)) - raft.server.write.element-limit = 1024 (custom)
2023-05-05 09:11:26,956 [01b6ceb7-397f-4531-b0f0-6cdac58298e0@group-584DB4BFA710-LeaderElection12] INFO  server.RaftServerConfigKeys (ConfUtils.java:logGet(46)) - raft.server.write.follower.gap.ratio.max = -1.0 (default)
2023-05-05 09:11:26,956 [01b6ceb7-397f-4531-b0f0-6cdac58298e0@group-584DB4BFA710-LeaderElection12] INFO  impl.RoleInfo (RoleInfo.java:updateAndGet(139)) - 01b6ceb7-397f-4531-b0f0-6cdac58298e0: start 01b6ceb7-397f-4531-b0f0-6cdac58298e0@group-584DB4BFA710-LeaderStateImpl
2023-05-05 09:11:26,956 [01b6ceb7-397f-4531-b0f0-6cdac58298e0@group-584DB4BFA710-LeaderElection12] INFO  segmented.SegmentedRaftLogWorker (SegmentedRaftLogWorker.java:startLogSegment(452)) - 01b6ceb7-397f-4531-b0f0-6cdac58298e0@group-584DB4BFA710-SegmentedRaftLogWorker: Starting segment from index:0
2023-05-05 09:11:26,968 [01b6ceb7-397f-4531-b0f0-6cdac58298e0@group-584DB4BFA710-SegmentedRaftLogWorker] INFO  segmented.SegmentedRaftLogWorker (SegmentedRaftLogWorker.java:execute(656)) - 01b6ceb7-397f-4531-b0f0-6cdac58298e0@group-584DB4BFA710-SegmentedRaftLogWorker: created new log segment /home/runner/work/ozone/ozone/hadoop-ozone/integration-test/target/test-dir/MiniOzoneClusterImpl-c61bf99b-c16a-4bd9-9ddf-73aa51c031b9/datanode-0/data/ratis/fd7b5ac8-74ab-4d87-8a0c-584db4bfa710/current/log_inprogress_0
2023-05-05 09:11:26,972 [cbbeb21a-10ea-4a95-b948-f7c95f693eb9-server-thread1] INFO  ratis.XceiverServerRatis (XceiverServerRatis.java:handleLeaderChangedNotification(904)) - Leader change notification received for group: group-F08E02D63E68 with new leaderId: 01b6ceb7-397f-4531-b0f0-6cdac58298e0
2023-05-05 09:11:26,972 [cbbeb21a-10ea-4a95-b948-f7c95f693eb9-server-thread1] INFO  server.RaftServer$Division (ServerState.java:setLeader(313)) - cbbeb21a-10ea-4a95-b948-f7c95f693eb9@group-F08E02D63E68: change Leader from null to 01b6ceb7-397f-4531-b0f0-6cdac58298e0 at term 1 for appendEntries, leader elected after 5089ms
2023-05-05 09:11:26,973 [01b6ceb7-397f-4531-b0f0-6cdac58298e0@group-584DB4BFA710-LeaderElection12] INFO  server.RaftServer$Division (ServerState.java:setRaftConf(430)) - 01b6ceb7-397f-4531-b0f0-6cdac58298e0@group-584DB4BFA710: set configuration 0: peers:[01b6ceb7-397f-4531-b0f0-6cdac58298e0|rpc:10.1.0.42:43257|dataStream:10.1.0.42:36671|priority:1|startupRole:FOLLOWER]|listeners:[], old=null
2023-05-05 09:11:26,977 [cbbeb21a-10ea-4a95-b948-f7c95f693eb9-server-thread3] INFO  server.RaftServer$Division (ServerState.java:setRaftConf(430)) - cbbeb21a-10ea-4a95-b948-f7c95f693eb9@group-F08E02D63E68: set configuration 0: peers:[cbbeb21a-10ea-4a95-b948-f7c95f693eb9|rpc:10.1.0.42:38525|dataStream:10.1.0.42:37147|priority:0|startupRole:FOLLOWER, e841f512-b055-4fc0-94e5-70e8baf078a1|rpc:10.1.0.42:41953|dataStream:10.1.0.42:46347|priority:0|startupRole:FOLLOWER, 01b6ceb7-397f-4531-b0f0-6cdac58298e0|rpc:10.1.0.42:43257|dataStream:10.1.0.42:36671|priority:1|startupRole:FOLLOWER]|listeners:[], old=null
2023-05-05 09:11:26,978 [cbbeb21a-10ea-4a95-b948-f7c95f693eb9-server-thread3] INFO  segmented.SegmentedRaftLogWorker (SegmentedRaftLogWorker.java:startLogSegment(452)) - cbbeb21a-10ea-4a95-b948-f7c95f693eb9@group-F08E02D63E68-SegmentedRaftLogWorker: Starting segment from index:0
2023-05-05 09:11:26,978 [e841f512-b055-4fc0-94e5-70e8baf078a1-server-thread1] INFO  ratis.XceiverServerRatis (XceiverServerRatis.java:handleLeaderChangedNotification(904)) - Leader change notification received for group: group-F08E02D63E68 with new leaderId: 01b6ceb7-397f-4531-b0f0-6cdac58298e0
2023-05-05 09:11:26,978 [e841f512-b055-4fc0-94e5-70e8baf078a1-server-thread1] INFO  server.RaftServer$Division (ServerState.java:setLeader(313)) - e841f512-b055-4fc0-94e5-70e8baf078a1@group-F08E02D63E68: change Leader from null to 01b6ceb7-397f-4531-b0f0-6cdac58298e0 at term 1 for appendEntries, leader elected after 5051ms
2023-05-05 09:11:26,979 [cbbeb21a-10ea-4a95-b948-f7c95f693eb9@group-F08E02D63E68-SegmentedRaftLogWorker] INFO  segmented.SegmentedRaftLogWorker (SegmentedRaftLogWorker.java:execute(656)) - cbbeb21a-10ea-4a95-b948-f7c95f693eb9@group-F08E02D63E68-SegmentedRaftLogWorker: created new log segment /home/runner/work/ozone/ozone/hadoop-ozone/integration-test/target/test-dir/MiniOzoneClusterImpl-c61bf99b-c16a-4bd9-9ddf-73aa51c031b9/datanode-1/data/ratis/f1dc1d9c-bce3-4fbb-93ec-f08e02d63e68/current/log_inprogress_0
2023-05-05 09:11:26,984 [e841f512-b055-4fc0-94e5-70e8baf078a1-server-thread2] INFO  server.RaftServer$Division (ServerState.java:setRaftConf(430)) - e841f512-b055-4fc0-94e5-70e8baf078a1@group-F08E02D63E68: set configuration 0: peers:[cbbeb21a-10ea-4a95-b948-f7c95f693eb9|rpc:10.1.0.42:38525|dataStream:10.1.0.42:37147|priority:0|startupRole:FOLLOWER, e841f512-b055-4fc0-94e5-70e8baf078a1|rpc:10.1.0.42:41953|dataStream:10.1.0.42:46347|priority:0|startupRole:FOLLOWER, 01b6ceb7-397f-4531-b0f0-6cdac58298e0|rpc:10.1.0.42:43257|dataStream:10.1.0.42:36671|priority:1|startupRole:FOLLOWER]|listeners:[], old=null
2023-05-05 09:11:26,984 [e841f512-b055-4fc0-94e5-70e8baf078a1-server-thread2] INFO  segmented.SegmentedRaftLogWorker (SegmentedRaftLogWorker.java:startLogSegment(452)) - e841f512-b055-4fc0-94e5-70e8baf078a1@group-F08E02D63E68-SegmentedRaftLogWorker: Starting segment from index:0
2023-05-05 09:11:26,985 [e841f512-b055-4fc0-94e5-70e8baf078a1@group-F08E02D63E68-SegmentedRaftLogWorker] INFO  segmented.SegmentedRaftLogWorker (SegmentedRaftLogWorker.java:execute(656)) - e841f512-b055-4fc0-94e5-70e8baf078a1@group-F08E02D63E68-SegmentedRaftLogWorker: created new log segment /home/runner/work/ozone/ozone/hadoop-ozone/integration-test/target/test-dir/MiniOzoneClusterImpl-c61bf99b-c16a-4bd9-9ddf-73aa51c031b9/datanode-2/data/ratis/f1dc1d9c-bce3-4fbb-93ec-f08e02d63e68/current/log_inprogress_0
2023-05-05 09:11:27,300 [01b6ceb7-397f-4531-b0f0-6cdac58298e0@group-A49B3673EEDC-FollowerState] INFO  impl.FollowerState (FollowerState.java:run(143)) - 01b6ceb7-397f-4531-b0f0-6cdac58298e0@group-A49B3673EEDC-FollowerState: change to CANDIDATE, lastRpcElapsedTime:5020448459ns, electionTimeout:5018ms
2023-05-05 09:11:27,300 [01b6ceb7-397f-4531-b0f0-6cdac58298e0@group-A49B3673EEDC-FollowerState] INFO  impl.RoleInfo (RoleInfo.java:shutdownFollowerState(110)) - 01b6ceb7-397f-4531-b0f0-6cdac58298e0: shutdown 01b6ceb7-397f-4531-b0f0-6cdac58298e0@group-A49B3673EEDC-FollowerState
2023-05-05 09:11:27,300 [01b6ceb7-397f-4531-b0f0-6cdac58298e0@group-A49B3673EEDC-FollowerState] INFO  server.RaftServer$Division (RaftServerImpl.java:setRole(321)) - 01b6ceb7-397f-4531-b0f0-6cdac58298e0@group-A49B3673EEDC: changes role from  FOLLOWER to CANDIDATE at term 0 for changeToCandidate
2023-05-05 09:11:27,301 [01b6ceb7-397f-4531-b0f0-6cdac58298e0@group-A49B3673EEDC-FollowerState] INFO  server.RaftServerConfigKeys (ConfUtils.java:logGet(46)) - raft.server.leaderelection.pre-vote = true (default)
2023-05-05 09:11:27,301 [01b6ceb7-397f-4531-b0f0-6cdac58298e0@group-A49B3673EEDC-FollowerState] INFO  impl.RoleInfo (RoleInfo.java:updateAndGet(139)) - 01b6ceb7-397f-4531-b0f0-6cdac58298e0: start 01b6ceb7-397f-4531-b0f0-6cdac58298e0@group-A49B3673EEDC-LeaderElection13
2023-05-05 09:11:27,302 [01b6ceb7-397f-4531-b0f0-6cdac58298e0@group-A49B3673EEDC-LeaderElection13] INFO  impl.LeaderElection (LeaderElection.java:askForVotes(312)) - 01b6ceb7-397f-4531-b0f0-6cdac58298e0@group-A49B3673EEDC-LeaderElection13 PRE_VOTE round 0: submit vote requests at term 0 for -1: peers:[cbbeb21a-10ea-4a95-b948-f7c95f693eb9|rpc:10.1.0.42:38525|dataStream:10.1.0.42:37147|priority:0|startupRole:FOLLOWER, 01b6ceb7-397f-4531-b0f0-6cdac58298e0|rpc:10.1.0.42:43257|dataStream:10.1.0.42:36671|priority:0|startupRole:FOLLOWER, e841f512-b055-4fc0-94e5-70e8baf078a1|rpc:10.1.0.42:41953|dataStream:10.1.0.42:46347|priority:1|startupRole:FOLLOWER]|listeners:[], old=null
2023-05-05 09:11:27,304 [01b6ceb7-397f-4531-b0f0-6cdac58298e0@group-A49B3673EEDC-LeaderElection13] INFO  server.RaftServerConfigKeys (ConfUtils.java:logFallback(53)) - raft.server.rpc.first-election.timeout.min = 5s (fallback to raft.server.rpc.timeout.min)
2023-05-05 09:11:27,304 [01b6ceb7-397f-4531-b0f0-6cdac58298e0@group-A49B3673EEDC-LeaderElection13] INFO  server.RaftServerConfigKeys (ConfUtils.java:logFallback(53)) - raft.server.rpc.first-election.timeout.max = 5200ms (fallback to raft.server.rpc.timeout.max)
2023-05-05 09:11:27,311 [grpc-default-executor-2] INFO  server.RaftServer$Division (RaftServerImpl.java:requestVote(1218)) - cbbeb21a-10ea-4a95-b948-f7c95f693eb9@group-A49B3673EEDC: receive requestVote(PRE_VOTE, 01b6ceb7-397f-4531-b0f0-6cdac58298e0, group-A49B3673EEDC, 0, (t:0, i:0))
2023-05-05 09:11:27,311 [grpc-default-executor-2] INFO  impl.VoteContext (VoteContext.java:log(49)) - cbbeb21a-10ea-4a95-b948-f7c95f693eb9@group-A49B3673EEDC-FOLLOWER: accept PRE_VOTE from 01b6ceb7-397f-4531-b0f0-6cdac58298e0: our priority 0 <= candidate's priority 0
2023-05-05 09:11:27,311 [grpc-default-executor-4] INFO  server.RaftServer$Division (RaftServerImpl.java:requestVote(1218)) - e841f512-b055-4fc0-94e5-70e8baf078a1@group-A49B3673EEDC: receive requestVote(PRE_VOTE, 01b6ceb7-397f-4531-b0f0-6cdac58298e0, group-A49B3673EEDC, 0, (t:0, i:0))
2023-05-05 09:11:27,311 [grpc-default-executor-4] INFO  impl.VoteContext (VoteContext.java:log(49)) - e841f512-b055-4fc0-94e5-70e8baf078a1@group-A49B3673EEDC-FOLLOWER: reject PRE_VOTE from 01b6ceb7-397f-4531-b0f0-6cdac58298e0: our priority 1 > candidate's priority 0
2023-05-05 09:11:27,311 [grpc-default-executor-4] INFO  server.RaftServer$Division (RaftServerImpl.java:requestVote(1251)) - e841f512-b055-4fc0-94e5-70e8baf078a1@group-A49B3673EEDC replies to PRE_VOTE vote request: 01b6ceb7-397f-4531-b0f0-6cdac58298e0<-e841f512-b055-4fc0-94e5-70e8baf078a1#0:FAIL-t0. Peer's state: e841f512-b055-4fc0-94e5-70e8baf078a1@group-A49B3673EEDC:t0, leader=null, voted=, raftlog=Memoized:e841f512-b055-4fc0-94e5-70e8baf078a1@group-A49B3673EEDC-SegmentedRaftLog:OPENED:c-1, conf=-1: peers:[cbbeb21a-10ea-4a95-b948-f7c95f693eb9|rpc:10.1.0.42:38525|dataStream:10.1.0.42:37147|priority:0|startupRole:FOLLOWER, 01b6ceb7-397f-4531-b0f0-6cdac58298e0|rpc:10.1.0.42:43257|dataStream:10.1.0.42:36671|priority:0|startupRole:FOLLOWER, e841f512-b055-4fc0-94e5-70e8baf078a1|rpc:10.1.0.42:41953|dataStream:10.1.0.42:46347|priority:1|startupRole:FOLLOWER]|listeners:[], old=null
2023-05-05 09:11:27,311 [grpc-default-executor-2] INFO  server.RaftServer$Division (RaftServerImpl.java:requestVote(1251)) - cbbeb21a-10ea-4a95-b948-f7c95f693eb9@group-A49B3673EEDC replies to PRE_VOTE vote request: 01b6ceb7-397f-4531-b0f0-6cdac58298e0<-cbbeb21a-10ea-4a95-b948-f7c95f693eb9#0:OK-t0. Peer's state: cbbeb21a-10ea-4a95-b948-f7c95f693eb9@group-A49B3673EEDC:t0, leader=null, voted=, raftlog=Memoized:cbbeb21a-10ea-4a95-b948-f7c95f693eb9@group-A49B3673EEDC-SegmentedRaftLog:OPENED:c-1, conf=-1: peers:[cbbeb21a-10ea-4a95-b948-f7c95f693eb9|rpc:10.1.0.42:38525|dataStream:10.1.0.42:37147|priority:0|startupRole:FOLLOWER, 01b6ceb7-397f-4531-b0f0-6cdac58298e0|rpc:10.1.0.42:43257|dataStream:10.1.0.42:36671|priority:0|startupRole:FOLLOWER, e841f512-b055-4fc0-94e5-70e8baf078a1|rpc:10.1.0.42:41953|dataStream:10.1.0.42:46347|priority:1|startupRole:FOLLOWER]|listeners:[], old=null
2023-05-05 09:11:27,314 [01b6ceb7-397f-4531-b0f0-6cdac58298e0@group-A49B3673EEDC-LeaderElection13] INFO  impl.LeaderElection (LeaderElection.java:logAndReturn(90)) - 01b6ceb7-397f-4531-b0f0-6cdac58298e0@group-A49B3673EEDC-LeaderElection13: PRE_VOTE REJECTED received 2 response(s) and 0 exception(s):
2023-05-05 09:11:27,314 [01b6ceb7-397f-4531-b0f0-6cdac58298e0@group-A49B3673EEDC-LeaderElection13] INFO  impl.LeaderElection (LeaderElection.java:logAndReturn(94)) -   Response 0: 01b6ceb7-397f-4531-b0f0-6cdac58298e0<-cbbeb21a-10ea-4a95-b948-f7c95f693eb9#0:OK-t0
2023-05-05 09:11:27,314 [01b6ceb7-397f-4531-b0f0-6cdac58298e0@group-A49B3673EEDC-LeaderElection13] INFO  impl.LeaderElection (LeaderElection.java:logAndReturn(94)) -   Response 1: 01b6ceb7-397f-4531-b0f0-6cdac58298e0<-e841f512-b055-4fc0-94e5-70e8baf078a1#0:FAIL-t0
2023-05-05 09:11:27,314 [01b6ceb7-397f-4531-b0f0-6cdac58298e0@group-A49B3673EEDC-LeaderElection13] INFO  impl.LeaderElection (LeaderElection.java:askForVotes(314)) - 01b6ceb7-397f-4531-b0f0-6cdac58298e0@group-A49B3673EEDC-LeaderElection13 PRE_VOTE round 0: result REJECTED
2023-05-05 09:11:27,314 [01b6ceb7-397f-4531-b0f0-6cdac58298e0@group-A49B3673EEDC-LeaderElection13] INFO  server.RaftServer$Division (RaftServerImpl.java:setRole(321)) - 01b6ceb7-397f-4531-b0f0-6cdac58298e0@group-A49B3673EEDC: changes role from CANDIDATE to FOLLOWER at term 0 for REJECTED
2023-05-05 09:11:27,314 [01b6ceb7-397f-4531-b0f0-6cdac58298e0@group-A49B3673EEDC-LeaderElection13] INFO  impl.RoleInfo (RoleInfo.java:shutdownLeaderElection(130)) - 01b6ceb7-397f-4531-b0f0-6cdac58298e0: shutdown 01b6ceb7-397f-4531-b0f0-6cdac58298e0@group-A49B3673EEDC-LeaderElection13
2023-05-05 09:11:27,314 [01b6ceb7-397f-4531-b0f0-6cdac58298e0@group-A49B3673EEDC-LeaderElection13] INFO  impl.RoleInfo (RoleInfo.java:updateAndGet(139)) - 01b6ceb7-397f-4531-b0f0-6cdac58298e0: start 01b6ceb7-397f-4531-b0f0-6cdac58298e0@group-A49B3673EEDC-FollowerState
2023-05-05 09:11:27,321 [01b6ceb7-397f-4531-b0f0-6cdac58298e0@group-A49B3673EEDC-FollowerState] INFO  server.RaftServerConfigKeys (ConfUtils.java:logFallback(53)) - raft.server.rpc.first-election.timeout.min = 5s (fallback to raft.server.rpc.timeout.min)
2023-05-05 09:11:27,321 [01b6ceb7-397f-4531-b0f0-6cdac58298e0@group-A49B3673EEDC-FollowerState] INFO  server.RaftServerConfigKeys (ConfUtils.java:logFallback(53)) - raft.server.rpc.first-election.timeout.max = 5200ms (fallback to raft.server.rpc.timeout.max)
2023-05-05 09:11:27,387 [cbbeb21a-10ea-4a95-b948-f7c95f693eb9@group-A49B3673EEDC-FollowerState] INFO  server.RaftServerConfigKeys (ConfUtils.java:logFallback(53)) - raft.server.rpc.first-election.timeout.min = 5s (fallback to raft.server.rpc.timeout.min)
2023-05-05 09:11:27,387 [cbbeb21a-10ea-4a95-b948-f7c95f693eb9@group-A49B3673EEDC-FollowerState] INFO  server.RaftServerConfigKeys (ConfUtils.java:logFallback(53)) - raft.server.rpc.first-election.timeout.max = 5200ms (fallback to raft.server.rpc.timeout.max)
2023-05-05 09:11:27,501 [Listener at 127.0.0.1/34263] INFO  ozone.MiniOzoneClusterImpl (MiniOzoneClusterImpl.java:lambda$waitForClusterToBeReady$0(223)) - Nodes are ready. Got 3 of 3 DN Heartbeats.
2023-05-05 09:11:27,501 [Listener at 127.0.0.1/34263] INFO  ozone.MiniOzoneClusterImpl (MiniOzoneClusterImpl.java:lambda$waitForClusterToBeReady$0(226)) - Cluster exits safe mode
2023-05-05 09:11:27,501 [Listener at 127.0.0.1/34263] INFO  ozone.MiniOzoneClusterImpl (MiniOzoneClusterImpl.java:lambda$waitForClusterToBeReady$0(228)) - SCM became leader
2023-05-05 09:11:27,501 [Listener at 127.0.0.1/34263] WARN  server.ServerUtils (ServerUtils.java:getScmDbDir(148)) - ozone.scm.db.dirs is not configured. We recommend adding this setting. Falling back to ozone.metadata.dirs instead.
2023-05-05 09:11:27,502 [Listener at 127.0.0.1/34263] INFO  ha.SCMHANodeDetails (SCMHANodeDetails.java:loadSCMHAConfig(209)) - ServiceID for StorageContainerManager is null
2023-05-05 09:11:27,502 [Listener at 127.0.0.1/34263] INFO  ha.SCMHANodeDetails (SCMHANodeDetails.java:loadSCMHAConfig(214)) - ozone.scm.default.service.id is not defined, falling back to ozone.scm.service.ids to find serviceID for StorageContainerManager if it is HA enabled cluster
2023-05-05 09:11:27,502 [Listener at 127.0.0.1/34263] INFO  upgrade.AbstractLayoutVersionManager (AbstractLayoutVersionManager.java:init(83)) - Initializing Layout version manager with metadata layout = WEBUI_PORTS_IN_DATANODEDETAILS (version = 6), software layout = WEBUI_PORTS_IN_DATANODEDETAILS (version = 6)
2023-05-05 09:11:27,522 [cbbeb21a-10ea-4a95-b948-f7c95f693eb9@group-E269F53961F5-FollowerState] INFO  impl.FollowerState (FollowerState.java:run(143)) - cbbeb21a-10ea-4a95-b948-f7c95f693eb9@group-E269F53961F5-FollowerState: change to CANDIDATE, lastRpcElapsedTime:5208342075ns, electionTimeout:5193ms
2023-05-05 09:11:27,522 [cbbeb21a-10ea-4a95-b948-f7c95f693eb9@group-E269F53961F5-FollowerState] INFO  impl.RoleInfo (RoleInfo.java:shutdownFollowerState(110)) - cbbeb21a-10ea-4a95-b948-f7c95f693eb9: shutdown cbbeb21a-10ea-4a95-b948-f7c95f693eb9@group-E269F53961F5-FollowerState
2023-05-05 09:11:27,522 [cbbeb21a-10ea-4a95-b948-f7c95f693eb9@group-E269F53961F5-FollowerState] INFO  server.RaftServer$Division (RaftServerImpl.java:setRole(321)) - cbbeb21a-10ea-4a95-b948-f7c95f693eb9@group-E269F53961F5: changes role from  FOLLOWER to CANDIDATE at term 0 for changeToCandidate
2023-05-05 09:11:27,522 [cbbeb21a-10ea-4a95-b948-f7c95f693eb9@group-E269F53961F5-FollowerState] INFO  server.RaftServerConfigKeys (ConfUtils.java:logGet(46)) - raft.server.leaderelection.pre-vote = true (default)
2023-05-05 09:11:27,522 [cbbeb21a-10ea-4a95-b948-f7c95f693eb9@group-E269F53961F5-FollowerState] INFO  impl.RoleInfo (RoleInfo.java:updateAndGet(139)) - cbbeb21a-10ea-4a95-b948-f7c95f693eb9: start cbbeb21a-10ea-4a95-b948-f7c95f693eb9@group-E269F53961F5-LeaderElection14
2023-05-05 09:11:27,523 [e841f512-b055-4fc0-94e5-70e8baf078a1@group-A49B3673EEDC-FollowerState] INFO  impl.FollowerState (FollowerState.java:run(143)) - e841f512-b055-4fc0-94e5-70e8baf078a1@group-A49B3673EEDC-FollowerState: change to CANDIDATE, lastRpcElapsedTime:5175392870ns, electionTimeout:5166ms
2023-05-05 09:11:27,523 [e841f512-b055-4fc0-94e5-70e8baf078a1@group-A49B3673EEDC-FollowerState] INFO  impl.RoleInfo (RoleInfo.java:shutdownFollowerState(110)) - e841f512-b055-4fc0-94e5-70e8baf078a1: shutdown e841f512-b055-4fc0-94e5-70e8baf078a1@group-A49B3673EEDC-FollowerState
2023-05-05 09:11:27,523 [e841f512-b055-4fc0-94e5-70e8baf078a1@group-A49B3673EEDC-FollowerState] INFO  server.RaftServer$Division (RaftServerImpl.java:setRole(321)) - e841f512-b055-4fc0-94e5-70e8baf078a1@group-A49B3673EEDC: changes role from  FOLLOWER to CANDIDATE at term 0 for changeToCandidate
2023-05-05 09:11:27,528 [e841f512-b055-4fc0-94e5-70e8baf078a1@group-A49B3673EEDC-FollowerState] INFO  server.RaftServerConfigKeys (ConfUtils.java:logGet(46)) - raft.server.leaderelection.pre-vote = true (default)
2023-05-05 09:11:27,529 [e841f512-b055-4fc0-94e5-70e8baf078a1@group-A49B3673EEDC-FollowerState] INFO  impl.RoleInfo (RoleInfo.java:updateAndGet(139)) - e841f512-b055-4fc0-94e5-70e8baf078a1: start e841f512-b055-4fc0-94e5-70e8baf078a1@group-A49B3673EEDC-LeaderElection15
2023-05-05 09:11:27,536 [cbbeb21a-10ea-4a95-b948-f7c95f693eb9@group-E269F53961F5-LeaderElection14] INFO  impl.LeaderElection (LeaderElection.java:askForVotes(312)) - cbbeb21a-10ea-4a95-b948-f7c95f693eb9@group-E269F53961F5-LeaderElection14 PRE_VOTE round 0: submit vote requests at term 0 for -1: peers:[cbbeb21a-10ea-4a95-b948-f7c95f693eb9|rpc:10.1.0.42:38525|dataStream:10.1.0.42:37147|priority:1|startupRole:FOLLOWER]|listeners:[], old=null
2023-05-05 09:11:27,536 [cbbeb21a-10ea-4a95-b948-f7c95f693eb9@group-E269F53961F5-LeaderElection14] INFO  impl.LeaderElection (LeaderElection.java:askForVotes(314)) - cbbeb21a-10ea-4a95-b948-f7c95f693eb9@group-E269F53961F5-LeaderElection14 PRE_VOTE round 0: result PASSED (term=0)
2023-05-05 09:11:27,537 [e841f512-b055-4fc0-94e5-70e8baf078a1@group-919854D4A736-FollowerState] INFO  impl.FollowerState (FollowerState.java:run(143)) - e841f512-b055-4fc0-94e5-70e8baf078a1@group-919854D4A736-FollowerState: change to CANDIDATE, lastRpcElapsedTime:5009246435ns, electionTimeout:5004ms
2023-05-05 09:11:27,537 [e841f512-b055-4fc0-94e5-70e8baf078a1@group-919854D4A736-FollowerState] INFO  impl.RoleInfo (RoleInfo.java:shutdownFollowerState(110)) - e841f512-b055-4fc0-94e5-70e8baf078a1: shutdown e841f512-b055-4fc0-94e5-70e8baf078a1@group-919854D4A736-FollowerState
2023-05-05 09:11:27,537 [e841f512-b055-4fc0-94e5-70e8baf078a1@group-919854D4A736-FollowerState] INFO  server.RaftServer$Division (RaftServerImpl.java:setRole(321)) - e841f512-b055-4fc0-94e5-70e8baf078a1@group-919854D4A736: changes role from  FOLLOWER to CANDIDATE at term 0 for changeToCandidate
2023-05-05 09:11:27,537 [e841f512-b055-4fc0-94e5-70e8baf078a1@group-919854D4A736-FollowerState] INFO  server.RaftServerConfigKeys (ConfUtils.java:logGet(46)) - raft.server.leaderelection.pre-vote = true (default)
2023-05-05 09:11:27,537 [e841f512-b055-4fc0-94e5-70e8baf078a1@group-919854D4A736-FollowerState] INFO  impl.RoleInfo (RoleInfo.java:updateAndGet(139)) - e841f512-b055-4fc0-94e5-70e8baf078a1: start e841f512-b055-4fc0-94e5-70e8baf078a1@group-919854D4A736-LeaderElection16
2023-05-05 09:11:27,541 [cbbeb21a-10ea-4a95-b948-f7c95f693eb9@group-E269F53961F5-LeaderElection14] INFO  impl.LeaderElection (LeaderElection.java:askForVotes(312)) - cbbeb21a-10ea-4a95-b948-f7c95f693eb9@group-E269F53961F5-LeaderElection14 ELECTION round 0: submit vote requests at term 1 for -1: peers:[cbbeb21a-10ea-4a95-b948-f7c95f693eb9|rpc:10.1.0.42:38525|dataStream:10.1.0.42:37147|priority:1|startupRole:FOLLOWER]|listeners:[], old=null
2023-05-05 09:11:27,541 [cbbeb21a-10ea-4a95-b948-f7c95f693eb9@group-E269F53961F5-LeaderElection14] INFO  impl.LeaderElection (LeaderElection.java:askForVotes(314)) - cbbeb21a-10ea-4a95-b948-f7c95f693eb9@group-E269F53961F5-LeaderElection14 ELECTION round 0: result PASSED (term=1)
2023-05-05 09:11:27,541 [cbbeb21a-10ea-4a95-b948-f7c95f693eb9@group-E269F53961F5-LeaderElection14] INFO  impl.RoleInfo (RoleInfo.java:shutdownLeaderElection(130)) - cbbeb21a-10ea-4a95-b948-f7c95f693eb9: shutdown cbbeb21a-10ea-4a95-b948-f7c95f693eb9@group-E269F53961F5-LeaderElection14
2023-05-05 09:11:27,541 [cbbeb21a-10ea-4a95-b948-f7c95f693eb9@group-E269F53961F5-LeaderElection14] INFO  server.RaftServer$Division (RaftServerImpl.java:setRole(321)) - cbbeb21a-10ea-4a95-b948-f7c95f693eb9@group-E269F53961F5: changes role from CANDIDATE to LEADER at term 1 for changeToLeader
2023-05-05 09:11:27,541 [cbbeb21a-10ea-4a95-b948-f7c95f693eb9@group-E269F53961F5-LeaderElection14] INFO  ratis.XceiverServerRatis (XceiverServerRatis.java:handleLeaderChangedNotification(904)) - Leader change notification received for group: group-E269F53961F5 with new leaderId: cbbeb21a-10ea-4a95-b948-f7c95f693eb9
2023-05-05 09:11:27,541 [cbbeb21a-10ea-4a95-b948-f7c95f693eb9@group-E269F53961F5-LeaderElection14] INFO  server.RaftServer$Division (ServerState.java:setLeader(313)) - cbbeb21a-10ea-4a95-b948-f7c95f693eb9@group-E269F53961F5: change Leader from null to cbbeb21a-10ea-4a95-b948-f7c95f693eb9 at term 1 for becomeLeader, leader elected after 5270ms
2023-05-05 09:11:27,541 [cbbeb21a-10ea-4a95-b948-f7c95f693eb9@group-E269F53961F5-LeaderElection14] INFO  server.RaftServerConfigKeys (ConfUtils.java:logGet(46)) - raft.server.staging.catchup.gap = 1000 (default)
2023-05-05 09:11:27,542 [e841f512-b055-4fc0-94e5-70e8baf078a1@group-A49B3673EEDC-LeaderElection15] INFO  impl.LeaderElection (LeaderElection.java:askForVotes(312)) - e841f512-b055-4fc0-94e5-70e8baf078a1@group-A49B3673EEDC-LeaderElection15 PRE_VOTE round 0: submit vote requests at term 0 for -1: peers:[cbbeb21a-10ea-4a95-b948-f7c95f693eb9|rpc:10.1.0.42:38525|dataStream:10.1.0.42:37147|priority:0|startupRole:FOLLOWER, 01b6ceb7-397f-4531-b0f0-6cdac58298e0|rpc:10.1.0.42:43257|dataStream:10.1.0.42:36671|priority:0|startupRole:FOLLOWER, e841f512-b055-4fc0-94e5-70e8baf078a1|rpc:10.1.0.42:41953|dataStream:10.1.0.42:46347|priority:1|startupRole:FOLLOWER]|listeners:[], old=null
2023-05-05 09:11:27,542 [cbbeb21a-10ea-4a95-b948-f7c95f693eb9@group-E269F53961F5-LeaderElection14] INFO  server.RaftServerConfigKeys (ConfUtils.java:logGet(46)) - raft.server.write.element-limit = 1024 (custom)
2023-05-05 09:11:27,542 [cbbeb21a-10ea-4a95-b948-f7c95f693eb9@group-E269F53961F5-LeaderElection14] INFO  server.RaftServerConfigKeys (ConfUtils.java:logGet(46)) - raft.server.write.byte-limit = 1024 M (=1073741824) (custom)
2023-05-05 09:11:27,544 [cbbeb21a-10ea-4a95-b948-f7c95f693eb9@group-E269F53961F5-LeaderElection14] INFO  server.RaftServerConfigKeys (ConfUtils.java:logGet(46)) - raft.server.watch.timeout = 180s (custom)
2023-05-05 09:11:27,544 [cbbeb21a-10ea-4a95-b948-f7c95f693eb9@group-E269F53961F5-LeaderElection14] INFO  server.RaftServerConfigKeys (ConfUtils.java:logGet(46)) - raft.server.watch.timeout.denomination = 1s (default)
2023-05-05 09:11:27,544 [cbbeb21a-10ea-4a95-b948-f7c95f693eb9@group-E269F53961F5-LeaderElection14] INFO  server.RaftServerConfigKeys (ConfUtils.java:logGet(46)) - raft.server.watch.element-limit = 65536 (default)
2023-05-05 09:11:27,544 [cbbeb21a-10ea-4a95-b948-f7c95f693eb9@group-E269F53961F5-LeaderElection14] INFO  server.RaftServerConfigKeys (ConfUtils.java:logGet(46)) - raft.server.write.element-limit = 1024 (custom)
2023-05-05 09:11:27,544 [cbbeb21a-10ea-4a95-b948-f7c95f693eb9@group-E269F53961F5-LeaderElection14] INFO  server.RaftServerConfigKeys (ConfUtils.java:logGet(46)) - raft.server.write.follower.gap.ratio.max = -1.0 (default)
2023-05-05 09:11:27,544 [cbbeb21a-10ea-4a95-b948-f7c95f693eb9@group-E269F53961F5-LeaderElection14] INFO  impl.RoleInfo (RoleInfo.java:updateAndGet(139)) - cbbeb21a-10ea-4a95-b948-f7c95f693eb9: start cbbeb21a-10ea-4a95-b948-f7c95f693eb9@group-E269F53961F5-LeaderStateImpl
2023-05-05 09:11:27,544 [cbbeb21a-10ea-4a95-b948-f7c95f693eb9@group-E269F53961F5-LeaderElection14] INFO  segmented.SegmentedRaftLogWorker (SegmentedRaftLogWorker.java:startLogSegment(452)) - cbbeb21a-10ea-4a95-b948-f7c95f693eb9@group-E269F53961F5-SegmentedRaftLogWorker: Starting segment from index:0
2023-05-05 09:11:27,549 [e841f512-b055-4fc0-94e5-70e8baf078a1@group-A49B3673EEDC-LeaderElection15-1] INFO  server.GrpcServerProtocolClient (GrpcServerProtocolClient.java:<init>(63)) - Build channel for cbbeb21a-10ea-4a95-b948-f7c95f693eb9
2023-05-05 09:11:27,550 [cbbeb21a-10ea-4a95-b948-f7c95f693eb9@group-E269F53961F5-SegmentedRaftLogWorker] INFO  segmented.SegmentedRaftLogWorker (SegmentedRaftLogWorker.java:execute(656)) - cbbeb21a-10ea-4a95-b948-f7c95f693eb9@group-E269F53961F5-SegmentedRaftLogWorker: created new log segment /home/runner/work/ozone/ozone/hadoop-ozone/integration-test/target/test-dir/MiniOzoneClusterImpl-c61bf99b-c16a-4bd9-9ddf-73aa51c031b9/datanode-1/data/ratis/1e0a4218-2674-43b2-85f7-e269f53961f5/current/log_inprogress_0
2023-05-05 09:11:27,564 [e841f512-b055-4fc0-94e5-70e8baf078a1@group-A49B3673EEDC-LeaderElection15] INFO  server.RaftServerConfigKeys (ConfUtils.java:logFallback(53)) - raft.server.rpc.first-election.timeout.min = 5s (fallback to raft.server.rpc.timeout.min)
2023-05-05 09:11:27,566 [e841f512-b055-4fc0-94e5-70e8baf078a1@group-A49B3673EEDC-LeaderElection15] INFO  server.RaftServerConfigKeys (ConfUtils.java:logFallback(53)) - raft.server.rpc.first-election.timeout.max = 5200ms (fallback to raft.server.rpc.timeout.max)
2023-05-05 09:11:27,566 [cbbeb21a-10ea-4a95-b948-f7c95f693eb9@group-E269F53961F5-LeaderElection14] INFO  server.RaftServer$Division (ServerState.java:setRaftConf(430)) - cbbeb21a-10ea-4a95-b948-f7c95f693eb9@group-E269F53961F5: set configuration 0: peers:[cbbeb21a-10ea-4a95-b948-f7c95f693eb9|rpc:10.1.0.42:38525|dataStream:10.1.0.42:37147|priority:1|startupRole:FOLLOWER]|listeners:[], old=null
2023-05-05 09:11:27,567 [e841f512-b055-4fc0-94e5-70e8baf078a1@group-A49B3673EEDC-LeaderElection15-2] INFO  server.GrpcServerProtocolClient (GrpcServerProtocolClient.java:<init>(63)) - Build channel for 01b6ceb7-397f-4531-b0f0-6cdac58298e0
2023-05-05 09:11:27,566 [e841f512-b055-4fc0-94e5-70e8baf078a1@group-919854D4A736-LeaderElection16] INFO  impl.LeaderElection (LeaderElection.java:askForVotes(312)) - e841f512-b055-4fc0-94e5-70e8baf078a1@group-919854D4A736-LeaderElection16 PRE_VOTE round 0: submit vote requests at term 0 for -1: peers:[e841f512-b055-4fc0-94e5-70e8baf078a1|rpc:10.1.0.42:41953|dataStream:10.1.0.42:46347|priority:1|startupRole:FOLLOWER]|listeners:[], old=null
2023-05-05 09:11:27,568 [e841f512-b055-4fc0-94e5-70e8baf078a1@group-919854D4A736-LeaderElection16] INFO  impl.LeaderElection (LeaderElection.java:askForVotes(314)) - e841f512-b055-4fc0-94e5-70e8baf078a1@group-919854D4A736-LeaderElection16 PRE_VOTE round 0: result PASSED (term=0)
2023-05-05 09:11:27,566 [grpc-default-executor-2] INFO  server.RaftServer$Division (RaftServerImpl.java:requestVote(1218)) - cbbeb21a-10ea-4a95-b948-f7c95f693eb9@group-A49B3673EEDC: receive requestVote(PRE_VOTE, e841f512-b055-4fc0-94e5-70e8baf078a1, group-A49B3673EEDC, 0, (t:0, i:0))
2023-05-05 09:11:27,569 [grpc-default-executor-2] INFO  impl.VoteContext (VoteContext.java:log(49)) - cbbeb21a-10ea-4a95-b948-f7c95f693eb9@group-A49B3673EEDC-FOLLOWER: accept PRE_VOTE from e841f512-b055-4fc0-94e5-70e8baf078a1: our priority 0 <= candidate's priority 1
2023-05-05 09:11:27,569 [grpc-default-executor-2] INFO  server.RaftServer$Division (RaftServerImpl.java:requestVote(1251)) - cbbeb21a-10ea-4a95-b948-f7c95f693eb9@group-A49B3673EEDC replies to PRE_VOTE vote request: e841f512-b055-4fc0-94e5-70e8baf078a1<-cbbeb21a-10ea-4a95-b948-f7c95f693eb9#0:OK-t0. Peer's state: cbbeb21a-10ea-4a95-b948-f7c95f693eb9@group-A49B3673EEDC:t0, leader=null, voted=, raftlog=Memoized:cbbeb21a-10ea-4a95-b948-f7c95f693eb9@group-A49B3673EEDC-SegmentedRaftLog:OPENED:c-1, conf=-1: peers:[cbbeb21a-10ea-4a95-b948-f7c95f693eb9|rpc:10.1.0.42:38525|dataStream:10.1.0.42:37147|priority:0|startupRole:FOLLOWER, 01b6ceb7-397f-4531-b0f0-6cdac58298e0|rpc:10.1.0.42:43257|dataStream:10.1.0.42:36671|priority:0|startupRole:FOLLOWER, e841f512-b055-4fc0-94e5-70e8baf078a1|rpc:10.1.0.42:41953|dataStream:10.1.0.42:46347|priority:1|startupRole:FOLLOWER]|listeners:[], old=null
2023-05-05 09:11:27,570 [e841f512-b055-4fc0-94e5-70e8baf078a1@group-A49B3673EEDC-LeaderElection15] INFO  impl.LeaderElection (LeaderElection.java:logAndReturn(90)) - e841f512-b055-4fc0-94e5-70e8baf078a1@group-A49B3673EEDC-LeaderElection15: PRE_VOTE PASSED received 1 response(s) and 0 exception(s):
2023-05-05 09:11:27,570 [e841f512-b055-4fc0-94e5-70e8baf078a1@group-A49B3673EEDC-LeaderElection15] INFO  impl.LeaderElection (LeaderElection.java:logAndReturn(94)) -   Response 0: e841f512-b055-4fc0-94e5-70e8baf078a1<-cbbeb21a-10ea-4a95-b948-f7c95f693eb9#0:OK-t0
2023-05-05 09:11:27,570 [e841f512-b055-4fc0-94e5-70e8baf078a1@group-A49B3673EEDC-LeaderElection15] INFO  impl.LeaderElection (LeaderElection.java:askForVotes(314)) - e841f512-b055-4fc0-94e5-70e8baf078a1@group-A49B3673EEDC-LeaderElection15 PRE_VOTE round 0: result PASSED
2023-05-05 09:11:27,571 [e841f512-b055-4fc0-94e5-70e8baf078a1@group-919854D4A736-LeaderElection16] INFO  impl.LeaderElection (LeaderElection.java:askForVotes(312)) - e841f512-b055-4fc0-94e5-70e8baf078a1@group-919854D4A736-LeaderElection16 ELECTION round 0: submit vote requests at term 1 for -1: peers:[e841f512-b055-4fc0-94e5-70e8baf078a1|rpc:10.1.0.42:41953|dataStream:10.1.0.42:46347|priority:1|startupRole:FOLLOWER]|listeners:[], old=null
2023-05-05 09:11:27,571 [e841f512-b055-4fc0-94e5-70e8baf078a1@group-919854D4A736-LeaderElection16] INFO  impl.LeaderElection (LeaderElection.java:askForVotes(314)) - e841f512-b055-4fc0-94e5-70e8baf078a1@group-919854D4A736-LeaderElection16 ELECTION round 0: result PASSED (term=1)
2023-05-05 09:11:27,571 [e841f512-b055-4fc0-94e5-70e8baf078a1@group-919854D4A736-LeaderElection16] INFO  impl.RoleInfo (RoleInfo.java:shutdownLeaderElection(130)) - e841f512-b055-4fc0-94e5-70e8baf078a1: shutdown e841f512-b055-4fc0-94e5-70e8baf078a1@group-919854D4A736-LeaderElection16
2023-05-05 09:11:27,571 [e841f512-b055-4fc0-94e5-70e8baf078a1@group-919854D4A736-LeaderElection16] INFO  server.RaftServer$Division (RaftServerImpl.java:setRole(321)) - e841f512-b055-4fc0-94e5-70e8baf078a1@group-919854D4A736: changes role from CANDIDATE to LEADER at term 1 for changeToLeader
2023-05-05 09:11:27,571 [e841f512-b055-4fc0-94e5-70e8baf078a1@group-919854D4A736-LeaderElection16] INFO  ratis.XceiverServerRatis (XceiverServerRatis.java:handleLeaderChangedNotification(904)) - Leader change notification received for group: group-919854D4A736 with new leaderId: e841f512-b055-4fc0-94e5-70e8baf078a1
2023-05-05 09:11:27,571 [e841f512-b055-4fc0-94e5-70e8baf078a1@group-A49B3673EEDC-LeaderElection15] INFO  impl.LeaderElection (LeaderElection.java:askForVotes(312)) - e841f512-b055-4fc0-94e5-70e8baf078a1@group-A49B3673EEDC-LeaderElection15 ELECTION round 0: submit vote requests at term 1 for -1: peers:[cbbeb21a-10ea-4a95-b948-f7c95f693eb9|rpc:10.1.0.42:38525|dataStream:10.1.0.42:37147|priority:0|startupRole:FOLLOWER, 01b6ceb7-397f-4531-b0f0-6cdac58298e0|rpc:10.1.0.42:43257|dataStream:10.1.0.42:36671|priority:0|startupRole:FOLLOWER, e841f512-b055-4fc0-94e5-70e8baf078a1|rpc:10.1.0.42:41953|dataStream:10.1.0.42:46347|priority:1|startupRole:FOLLOWER]|listeners:[], old=null
2023-05-05 09:11:27,578 [e841f512-b055-4fc0-94e5-70e8baf078a1@group-A49B3673EEDC-LeaderElection15] INFO  server.RaftServerConfigKeys (ConfUtils.java:logFallback(53)) - raft.server.rpc.first-election.timeout.min = 5s (fallback to raft.server.rpc.timeout.min)
2023-05-05 09:11:27,578 [e841f512-b055-4fc0-94e5-70e8baf078a1@group-A49B3673EEDC-LeaderElection15] INFO  server.RaftServerConfigKeys (ConfUtils.java:logFallback(53)) - raft.server.rpc.first-election.timeout.max = 5200ms (fallback to raft.server.rpc.timeout.max)
2023-05-05 09:11:27,586 [e841f512-b055-4fc0-94e5-70e8baf078a1@group-919854D4A736-LeaderElection16] INFO  server.RaftServer$Division (ServerState.java:setLeader(313)) - e841f512-b055-4fc0-94e5-70e8baf078a1@group-919854D4A736: change Leader from null to e841f512-b055-4fc0-94e5-70e8baf078a1 at term 1 for becomeLeader, leader elected after 5056ms
2023-05-05 09:11:27,586 [e841f512-b055-4fc0-94e5-70e8baf078a1@group-919854D4A736-LeaderElection16] INFO  server.RaftServerConfigKeys (ConfUtils.java:logGet(46)) - raft.server.staging.catchup.gap = 1000 (default)
2023-05-05 09:11:27,586 [e841f512-b055-4fc0-94e5-70e8baf078a1@group-919854D4A736-LeaderElection16] INFO  server.RaftServerConfigKeys (ConfUtils.java:logGet(46)) - raft.server.write.element-limit = 1024 (custom)
2023-05-05 09:11:27,586 [e841f512-b055-4fc0-94e5-70e8baf078a1@group-919854D4A736-LeaderElection16] INFO  server.RaftServerConfigKeys (ConfUtils.java:logGet(46)) - raft.server.write.byte-limit = 1024 M (=1073741824) (custom)
2023-05-05 09:11:27,586 [e841f512-b055-4fc0-94e5-70e8baf078a1@group-919854D4A736-LeaderElection16] INFO  server.RaftServerConfigKeys (ConfUtils.java:logGet(46)) - raft.server.watch.timeout = 180s (custom)
2023-05-05 09:11:27,586 [e841f512-b055-4fc0-94e5-70e8baf078a1@group-919854D4A736-LeaderElection16] INFO  server.RaftServerConfigKeys (ConfUtils.java:logGet(46)) - raft.server.watch.timeout.denomination = 1s (default)
2023-05-05 09:11:27,586 [e841f512-b055-4fc0-94e5-70e8baf078a1@group-919854D4A736-LeaderElection16] INFO  server.RaftServerConfigKeys (ConfUtils.java:logGet(46)) - raft.server.watch.element-limit = 65536 (default)
2023-05-05 09:11:27,586 [e841f512-b055-4fc0-94e5-70e8baf078a1@group-919854D4A736-LeaderElection16] INFO  server.RaftServerConfigKeys (ConfUtils.java:logGet(46)) - raft.server.write.element-limit = 1024 (custom)
2023-05-05 09:11:27,586 [e841f512-b055-4fc0-94e5-70e8baf078a1@group-919854D4A736-LeaderElection16] INFO  server.RaftServerConfigKeys (ConfUtils.java:logGet(46)) - raft.server.write.follower.gap.ratio.max = -1.0 (default)
2023-05-05 09:11:27,587 [e841f512-b055-4fc0-94e5-70e8baf078a1@group-919854D4A736-LeaderElection16] INFO  impl.RoleInfo (RoleInfo.java:updateAndGet(139)) - e841f512-b055-4fc0-94e5-70e8baf078a1: start e841f512-b055-4fc0-94e5-70e8baf078a1@group-919854D4A736-LeaderStateImpl
2023-05-05 09:11:27,587 [e841f512-b055-4fc0-94e5-70e8baf078a1@group-919854D4A736-LeaderElection16] INFO  segmented.SegmentedRaftLogWorker (SegmentedRaftLogWorker.java:startLogSegment(452)) - e841f512-b055-4fc0-94e5-70e8baf078a1@group-919854D4A736-SegmentedRaftLogWorker: Starting segment from index:0
2023-05-05 09:11:27,588 [grpc-default-executor-2] INFO  server.RaftServer$Division (RaftServerImpl.java:requestVote(1218)) - cbbeb21a-10ea-4a95-b948-f7c95f693eb9@group-A49B3673EEDC: receive requestVote(ELECTION, e841f512-b055-4fc0-94e5-70e8baf078a1, group-A49B3673EEDC, 1, (t:0, i:0))
2023-05-05 09:11:27,588 [grpc-default-executor-2] INFO  impl.VoteContext (VoteContext.java:log(49)) - cbbeb21a-10ea-4a95-b948-f7c95f693eb9@group-A49B3673EEDC-FOLLOWER: accept ELECTION from e841f512-b055-4fc0-94e5-70e8baf078a1: our priority 0 <= candidate's priority 1
2023-05-05 09:11:27,588 [grpc-default-executor-2] INFO  server.RaftServer$Division (RaftServerImpl.java:setRole(321)) - cbbeb21a-10ea-4a95-b948-f7c95f693eb9@group-A49B3673EEDC: changes role from  FOLLOWER to FOLLOWER at term 1 for candidate:e841f512-b055-4fc0-94e5-70e8baf078a1
2023-05-05 09:11:27,588 [grpc-default-executor-2] INFO  impl.RoleInfo (RoleInfo.java:shutdownFollowerState(110)) - cbbeb21a-10ea-4a95-b948-f7c95f693eb9: shutdown cbbeb21a-10ea-4a95-b948-f7c95f693eb9@group-A49B3673EEDC-FollowerState
2023-05-05 09:11:27,589 [e841f512-b055-4fc0-94e5-70e8baf078a1@group-919854D4A736-SegmentedRaftLogWorker] INFO  segmented.SegmentedRaftLogWorker (SegmentedRaftLogWorker.java:execute(656)) - e841f512-b055-4fc0-94e5-70e8baf078a1@group-919854D4A736-SegmentedRaftLogWorker: created new log segment /home/runner/work/ozone/ozone/hadoop-ozone/integration-test/target/test-dir/MiniOzoneClusterImpl-c61bf99b-c16a-4bd9-9ddf-73aa51c031b9/datanode-2/data/ratis/63a1a7f4-df07-4147-a10e-919854d4a736/current/log_inprogress_0
2023-05-05 09:11:27,595 [grpc-default-executor-2] INFO  impl.RoleInfo (RoleInfo.java:updateAndGet(139)) - cbbeb21a-10ea-4a95-b948-f7c95f693eb9: start cbbeb21a-10ea-4a95-b948-f7c95f693eb9@group-A49B3673EEDC-FollowerState
2023-05-05 09:11:27,596 [cbbeb21a-10ea-4a95-b948-f7c95f693eb9@group-A49B3673EEDC-FollowerState] INFO  impl.FollowerState (FollowerState.java:run(152)) - cbbeb21a-10ea-4a95-b948-f7c95f693eb9@group-A49B3673EEDC-FollowerState was interrupted
2023-05-05 09:11:27,597 [e841f512-b055-4fc0-94e5-70e8baf078a1@group-919854D4A736-LeaderElection16] INFO  server.RaftServer$Division (ServerState.java:setRaftConf(430)) - e841f512-b055-4fc0-94e5-70e8baf078a1@group-919854D4A736: set configuration 0: peers:[e841f512-b055-4fc0-94e5-70e8baf078a1|rpc:10.1.0.42:41953|dataStream:10.1.0.42:46347|priority:1|startupRole:FOLLOWER]|listeners:[], old=null
2023-05-05 09:11:27,601 [grpc-default-executor-2] INFO  server.RaftServer$Division (RaftServerImpl.java:requestVote(1251)) - cbbeb21a-10ea-4a95-b948-f7c95f693eb9@group-A49B3673EEDC replies to ELECTION vote request: e841f512-b055-4fc0-94e5-70e8baf078a1<-cbbeb21a-10ea-4a95-b948-f7c95f693eb9#0:OK-t1. Peer's state: cbbeb21a-10ea-4a95-b948-f7c95f693eb9@group-A49B3673EEDC:t1, leader=null, voted=e841f512-b055-4fc0-94e5-70e8baf078a1, raftlog=Memoized:cbbeb21a-10ea-4a95-b948-f7c95f693eb9@group-A49B3673EEDC-SegmentedRaftLog:OPENED:c-1, conf=-1: peers:[cbbeb21a-10ea-4a95-b948-f7c95f693eb9|rpc:10.1.0.42:38525|dataStream:10.1.0.42:37147|priority:0|startupRole:FOLLOWER, 01b6ceb7-397f-4531-b0f0-6cdac58298e0|rpc:10.1.0.42:43257|dataStream:10.1.0.42:36671|priority:0|startupRole:FOLLOWER, e841f512-b055-4fc0-94e5-70e8baf078a1|rpc:10.1.0.42:41953|dataStream:10.1.0.42:46347|priority:1|startupRole:FOLLOWER]|listeners:[], old=null
2023-05-05 09:11:27,602 [cbbeb21a-10ea-4a95-b948-f7c95f693eb9@group-A49B3673EEDC-FollowerState] INFO  server.RaftServerConfigKeys (ConfUtils.java:logFallback(53)) - raft.server.rpc.first-election.timeout.min = 5s (fallback to raft.server.rpc.timeout.min)
2023-05-05 09:11:27,602 [cbbeb21a-10ea-4a95-b948-f7c95f693eb9@group-A49B3673EEDC-FollowerState] INFO  server.RaftServerConfigKeys (ConfUtils.java:logFallback(53)) - raft.server.rpc.first-election.timeout.max = 5200ms (fallback to raft.server.rpc.timeout.max)
2023-05-05 09:11:27,606 [Listener at 127.0.0.1/34263] INFO  reflections.Reflections (Reflections.java:scan(232)) - Reflections took 103 ms to scan 7 urls, producing 156 keys and 369 values 
2023-05-05 09:11:27,607 [e841f512-b055-4fc0-94e5-70e8baf078a1@group-A49B3673EEDC-LeaderElection15] INFO  impl.LeaderElection (LeaderElection.java:logAndReturn(90)) - e841f512-b055-4fc0-94e5-70e8baf078a1@group-A49B3673EEDC-LeaderElection15: ELECTION PASSED received 1 response(s) and 0 exception(s):
2023-05-05 09:11:27,607 [e841f512-b055-4fc0-94e5-70e8baf078a1@group-A49B3673EEDC-LeaderElection15] INFO  impl.LeaderElection (LeaderElection.java:logAndReturn(94)) -   Response 0: e841f512-b055-4fc0-94e5-70e8baf078a1<-cbbeb21a-10ea-4a95-b948-f7c95f693eb9#0:OK-t1
2023-05-05 09:11:27,607 [e841f512-b055-4fc0-94e5-70e8baf078a1@group-A49B3673EEDC-LeaderElection15] INFO  impl.LeaderElection (LeaderElection.java:askForVotes(314)) - e841f512-b055-4fc0-94e5-70e8baf078a1@group-A49B3673EEDC-LeaderElection15 ELECTION round 0: result PASSED
2023-05-05 09:11:27,607 [e841f512-b055-4fc0-94e5-70e8baf078a1@group-A49B3673EEDC-LeaderElection15] INFO  impl.RoleInfo (RoleInfo.java:shutdownLeaderElection(130)) - e841f512-b055-4fc0-94e5-70e8baf078a1: shutdown e841f512-b055-4fc0-94e5-70e8baf078a1@group-A49B3673EEDC-LeaderElection15
2023-05-05 09:11:27,607 [e841f512-b055-4fc0-94e5-70e8baf078a1@group-A49B3673EEDC-LeaderElection15] INFO  server.RaftServer$Division (RaftServerImpl.java:setRole(321)) - e841f512-b055-4fc0-94e5-70e8baf078a1@group-A49B3673EEDC: changes role from CANDIDATE to LEADER at term 1 for changeToLeader
2023-05-05 09:11:27,607 [e841f512-b055-4fc0-94e5-70e8baf078a1@group-A49B3673EEDC-LeaderElection15] INFO  ratis.XceiverServerRatis (XceiverServerRatis.java:handleLeaderChangedNotification(904)) - Leader change notification received for group: group-A49B3673EEDC with new leaderId: e841f512-b055-4fc0-94e5-70e8baf078a1
2023-05-05 09:11:27,607 [e841f512-b055-4fc0-94e5-70e8baf078a1@group-A49B3673EEDC-LeaderElection15] INFO  server.RaftServer$Division (ServerState.java:setLeader(313)) - e841f512-b055-4fc0-94e5-70e8baf078a1@group-A49B3673EEDC: change Leader from null to e841f512-b055-4fc0-94e5-70e8baf078a1 at term 1 for becomeLeader, leader elected after 5286ms
2023-05-05 09:11:27,607 [e841f512-b055-4fc0-94e5-70e8baf078a1@group-A49B3673EEDC-LeaderElection15] INFO  server.RaftServerConfigKeys (ConfUtils.java:logGet(46)) - raft.server.staging.catchup.gap = 1000 (default)
2023-05-05 09:11:27,608 [e841f512-b055-4fc0-94e5-70e8baf078a1@group-A49B3673EEDC-LeaderElection15] INFO  server.RaftServerConfigKeys (ConfUtils.java:logGet(46)) - raft.server.write.element-limit = 1024 (custom)
2023-05-05 09:11:27,608 [e841f512-b055-4fc0-94e5-70e8baf078a1@group-A49B3673EEDC-LeaderElection15] INFO  server.RaftServerConfigKeys (ConfUtils.java:logGet(46)) - raft.server.write.byte-limit = 1024 M (=1073741824) (custom)
2023-05-05 09:11:27,608 [e841f512-b055-4fc0-94e5-70e8baf078a1@group-A49B3673EEDC-LeaderElection15] INFO  server.RaftServerConfigKeys (ConfUtils.java:logGet(46)) - raft.server.watch.timeout = 180s (custom)
2023-05-05 09:11:27,608 [e841f512-b055-4fc0-94e5-70e8baf078a1@group-A49B3673EEDC-LeaderElection15] INFO  server.RaftServerConfigKeys (ConfUtils.java:logGet(46)) - raft.server.watch.timeout.denomination = 1s (default)
2023-05-05 09:11:27,608 [e841f512-b055-4fc0-94e5-70e8baf078a1@group-A49B3673EEDC-LeaderElection15] INFO  server.RaftServerConfigKeys (ConfUtils.java:logGet(46)) - raft.server.watch.element-limit = 65536 (default)
2023-05-05 09:11:27,608 [e841f512-b055-4fc0-94e5-70e8baf078a1@group-A49B3673EEDC-LeaderElection15] INFO  server.RaftServerConfigKeys (ConfUtils.java:logGet(46)) - raft.server.write.element-limit = 1024 (custom)
2023-05-05 09:11:27,608 [e841f512-b055-4fc0-94e5-70e8baf078a1@group-A49B3673EEDC-LeaderElection15] INFO  server.RaftServerConfigKeys (ConfUtils.java:logGet(46)) - raft.server.write.follower.gap.ratio.max = -1.0 (default)
2023-05-05 09:11:27,608 [Listener at 127.0.0.1/34263] INFO  server.StorageContainerManager (StorageContainerManager.java:scmInit(1316)) - SCM already initialized. Reusing existing cluster id for sd=/home/runner/work/ozone/ozone/hadoop-ozone/integration-test/target/test-dir/MiniOzoneClusterImpl-c61bf99b-c16a-4bd9-9ddf-73aa51c031b9/ozone-meta/scm;cid=c61bf99b-c16a-4bd9-9ddf-73aa51c031b9; layoutVersion=6; HAEnabled=false
2023-05-05 09:11:27,608 [Listener at 127.0.0.1/34263] WARN  server.ServerUtils (ServerUtils.java:getScmDbDir(148)) - ozone.scm.db.dirs is not configured. We recommend adding this setting. Falling back to ozone.metadata.dirs instead.
2023-05-05 09:11:27,609 [e841f512-b055-4fc0-94e5-70e8baf078a1@group-A49B3673EEDC-LeaderElection15] INFO  server.RaftServerConfigKeys (ConfUtils.java:logGet(46)) - raft.server.log.appender.snapshot.chunk.size.max = 16MB (=16777216) (default)
2023-05-05 09:11:27,609 [e841f512-b055-4fc0-94e5-70e8baf078a1@group-A49B3673EEDC-LeaderElection15] INFO  server.RaftServerConfigKeys (ConfUtils.java:logGet(46)) - raft.server.log.appender.buffer.byte-limit = 33554432 (custom)
2023-05-05 09:11:27,609 [e841f512-b055-4fc0-94e5-70e8baf078a1@group-A49B3673EEDC-LeaderElection15] INFO  server.RaftServerConfigKeys (ConfUtils.java:logGet(46)) - raft.server.log.appender.buffer.element-limit = 1 (custom)
2023-05-05 09:11:27,609 [e841f512-b055-4fc0-94e5-70e8baf078a1@group-A49B3673EEDC-LeaderElection15] INFO  grpc.GrpcConfigKeys (ConfUtils.java:logGet(46)) - raft.grpc.server.leader.outstanding.appends.max = 128 (default)
2023-05-05 09:11:27,609 [Listener at 127.0.0.1/34263] INFO  ozone.MiniOzoneClusterImpl (MiniOzoneClusterImpl.java:shutdown(456)) - Shutting down the Mini Ozone Cluster
2023-05-05 09:11:27,609 [Listener at 127.0.0.1/34263] INFO  ozone.MiniOzoneClusterImpl (MiniOzoneClusterImpl.java:stop(474)) - Stopping the Mini Ozone Cluster
2023-05-05 09:11:27,609 [Listener at 127.0.0.1/34263] INFO  ozone.MiniOzoneClusterImpl (MiniOzoneClusterImpl.java:stopOM(560)) - Stopping the OzoneManager
2023-05-05 09:11:27,609 [Listener at 127.0.0.1/34263] INFO  om.OzoneManager (OzoneManager.java:stop(2165)) - om1[localhost:0]: Stopping Ozone Manager
2023-05-05 09:11:27,609 [Listener at 127.0.0.1/34263] INFO  ipc.Server (Server.java:stop(3501)) - Stopping server on 34263
2023-05-05 09:11:27,609 [EventQueue-PipelineReportForPipelineReportHandler] INFO  pipeline.PipelineManagerImpl (PipelineManagerImpl.java:openPipeline(367)) - Pipeline Pipeline[ Id: 74946601-6469-47ef-8e9b-a49b3673eedc, Nodes: 01b6ceb7-397f-4531-b0f0-6cdac58298e0(fv-az152-207.qln5d00okglujjccfnhxhxodph.cx.internal.cloudapp.net/10.1.0.42)e841f512-b055-4fc0-94e5-70e8baf078a1(fv-az152-207.qln5d00okglujjccfnhxhxodph.cx.internal.cloudapp.net/10.1.0.42)cbbeb21a-10ea-4a95-b948-f7c95f693eb9(fv-az152-207.qln5d00okglujjccfnhxhxodph.cx.internal.cloudapp.net/10.1.0.42), ReplicationConfig: RATIS/THREE, State:ALLOCATED, leaderId:e841f512-b055-4fc0-94e5-70e8baf078a1, CreationTimestamp2023-05-05T09:11:19.520Z[Etc/UTC]] moved to OPEN state
2023-05-05 09:11:27,609 [e841f512-b055-4fc0-94e5-70e8baf078a1@group-A49B3673EEDC-LeaderElection15] INFO  server.RaftServerConfigKeys (ConfUtils.java:logGet(46)) - raft.server.rpc.request.timeout = 60s (custom)
2023-05-05 09:11:27,610 [e841f512-b055-4fc0-94e5-70e8baf078a1@group-A49B3673EEDC-LeaderElection15] INFO  server.RaftServerConfigKeys (ConfUtils.java:logGet(46)) - raft.server.log.appender.install.snapshot.enabled = false (custom)
2023-05-05 09:11:27,610 [e841f512-b055-4fc0-94e5-70e8baf078a1@group-A49B3673EEDC-LeaderElection15] INFO  grpc.GrpcConfigKeys (ConfUtils.java:logGet(46)) - raft.grpc.server.heartbeat.channel = true (default)
2023-05-05 09:11:27,610 [e841f512-b055-4fc0-94e5-70e8baf078a1@group-A49B3673EEDC-LeaderElection15] INFO  server.RaftServerConfigKeys (ConfUtils.java:logGet(46)) - raft.server.log.appender.wait-time.min = 10ms (default)
2023-05-05 09:11:27,610 [IPC Server listener on 0] INFO  ipc.Server (Server.java:run(1430)) - Stopping IPC Server listener on 0
2023-05-05 09:11:27,611 [IPC Server Responder] INFO  ipc.Server (Server.java:run(1563)) - Stopping IPC Server Responder
2023-05-05 09:11:27,612 [Listener at 127.0.0.1/34263] INFO  server.RaftServer (RaftServerProxy.java:lambda$close$6(409)) - om1: close
2023-05-05 09:11:27,612 [om1-impl-thread1] INFO  server.RaftServer$Division (RaftServerImpl.java:lambda$close$4(458)) - om1@group-C5BA1605619E: shutdown
2023-05-05 09:11:27,613 [om1-impl-thread1] INFO  util.JmxRegister (JmxRegister.java:unregister(73)) - Successfully un-registered JMX Bean with object name Ratis:service=RaftServer,group=group-C5BA1605619E,id=om1
2023-05-05 09:11:27,613 [om1-impl-thread1] INFO  impl.RoleInfo (RoleInfo.java:shutdownLeaderState(93)) - om1: shutdown om1@group-C5BA1605619E-LeaderStateImpl
2023-05-05 09:11:27,613 [om1-impl-thread1] INFO  impl.PendingRequests (PendingRequests.java:sendNotLeaderResponses(282)) - om1@group-C5BA1605619E-PendingRequests: sendNotLeaderResponses
2023-05-05 09:11:27,613 [om1-impl-thread1] INFO  impl.StateMachineUpdater (StateMachineUpdater.java:stopAndJoin(153)) - om1@group-C5BA1605619E-StateMachineUpdater: set stopIndex = 0
2023-05-05 09:11:27,613 [om1@group-C5BA1605619E-StateMachineUpdater] INFO  ratis.OzoneManagerStateMachine (OzoneManagerStateMachine.java:takeSnapshot(479)) - Current Snapshot Index (t:1, i:0)
2023-05-05 09:11:27,614 [Listener at 127.0.0.1/34263] INFO  server.GrpcService (GrpcService.java:closeImpl(271)) - om1: shutdown server GrpcServerProtocolService now
2023-05-05 09:11:27,615 [e841f512-b055-4fc0-94e5-70e8baf078a1@group-A49B3673EEDC-LeaderElection15] INFO  server.RaftServerConfigKeys (ConfUtils.java:logGet(46)) - raft.server.log.appender.snapshot.chunk.size.max = 16MB (=16777216) (default)
2023-05-05 09:11:27,615 [e841f512-b055-4fc0-94e5-70e8baf078a1@group-A49B3673EEDC-LeaderElection15] INFO  server.RaftServerConfigKeys (ConfUtils.java:logGet(46)) - raft.server.log.appender.buffer.byte-limit = 33554432 (custom)
2023-05-05 09:11:27,620 [e841f512-b055-4fc0-94e5-70e8baf078a1@group-A49B3673EEDC-LeaderElection15] INFO  server.RaftServerConfigKeys (ConfUtils.java:logGet(46)) - raft.server.log.appender.buffer.element-limit = 1 (custom)
2023-05-05 09:11:27,620 [e841f512-b055-4fc0-94e5-70e8baf078a1@group-A49B3673EEDC-LeaderElection15] INFO  grpc.GrpcConfigKeys (ConfUtils.java:logGet(46)) - raft.grpc.server.leader.outstanding.appends.max = 128 (default)
2023-05-05 09:11:27,620 [e841f512-b055-4fc0-94e5-70e8baf078a1@group-A49B3673EEDC-LeaderElection15] INFO  server.RaftServerConfigKeys (ConfUtils.java:logGet(46)) - raft.server.rpc.request.timeout = 60s (custom)
2023-05-05 09:11:27,620 [e841f512-b055-4fc0-94e5-70e8baf078a1@group-A49B3673EEDC-LeaderElection15] INFO  server.RaftServerConfigKeys (ConfUtils.java:logGet(46)) - raft.server.log.appender.install.snapshot.enabled = false (custom)
2023-05-05 09:11:27,620 [e841f512-b055-4fc0-94e5-70e8baf078a1@group-A49B3673EEDC-LeaderElection15] INFO  grpc.GrpcConfigKeys (ConfUtils.java:logGet(46)) - raft.grpc.server.heartbeat.channel = true (default)
2023-05-05 09:11:27,621 [e841f512-b055-4fc0-94e5-70e8baf078a1@group-A49B3673EEDC-LeaderElection15] INFO  server.RaftServerConfigKeys (ConfUtils.java:logGet(46)) - raft.server.log.appender.wait-time.min = 10ms (default)
2023-05-05 09:11:27,621 [e841f512-b055-4fc0-94e5-70e8baf078a1@group-A49B3673EEDC-LeaderElection15] INFO  impl.RoleInfo (RoleInfo.java:updateAndGet(139)) - e841f512-b055-4fc0-94e5-70e8baf078a1: start e841f512-b055-4fc0-94e5-70e8baf078a1@group-A49B3673EEDC-LeaderStateImpl
2023-05-05 09:11:27,621 [e841f512-b055-4fc0-94e5-70e8baf078a1@group-A49B3673EEDC-LeaderElection15] INFO  segmented.SegmentedRaftLogWorker (SegmentedRaftLogWorker.java:startLogSegment(452)) - e841f512-b055-4fc0-94e5-70e8baf078a1@group-A49B3673EEDC-SegmentedRaftLogWorker: Starting segment from index:0
2023-05-05 09:11:27,620 [grpc-default-executor-4] INFO  server.RaftServer$Division (RaftServerImpl.java:requestVote(1218)) - 01b6ceb7-397f-4531-b0f0-6cdac58298e0@group-A49B3673EEDC: receive requestVote(PRE_VOTE, e841f512-b055-4fc0-94e5-70e8baf078a1, group-A49B3673EEDC, 0, (t:0, i:0))
2023-05-05 09:11:27,622 [grpc-default-executor-4] INFO  impl.VoteContext (VoteContext.java:log(49)) - 01b6ceb7-397f-4531-b0f0-6cdac58298e0@group-A49B3673EEDC-FOLLOWER: accept PRE_VOTE from e841f512-b055-4fc0-94e5-70e8baf078a1: our priority 0 <= candidate's priority 1
2023-05-05 09:11:27,622 [grpc-default-executor-4] INFO  server.RaftServer$Division (RaftServerImpl.java:requestVote(1251)) - 01b6ceb7-397f-4531-b0f0-6cdac58298e0@group-A49B3673EEDC replies to PRE_VOTE vote request: e841f512-b055-4fc0-94e5-70e8baf078a1<-01b6ceb7-397f-4531-b0f0-6cdac58298e0#0:OK-t0. Peer's state: 01b6ceb7-397f-4531-b0f0-6cdac58298e0@group-A49B3673EEDC:t0, leader=null, voted=, raftlog=Memoized:01b6ceb7-397f-4531-b0f0-6cdac58298e0@group-A49B3673EEDC-SegmentedRaftLog:OPENED:c-1, conf=-1: peers:[cbbeb21a-10ea-4a95-b948-f7c95f693eb9|rpc:10.1.0.42:38525|dataStream:10.1.0.42:37147|priority:0|startupRole:FOLLOWER, 01b6ceb7-397f-4531-b0f0-6cdac58298e0|rpc:10.1.0.42:43257|dataStream:10.1.0.42:36671|priority:0|startupRole:FOLLOWER, e841f512-b055-4fc0-94e5-70e8baf078a1|rpc:10.1.0.42:41953|dataStream:10.1.0.42:46347|priority:1|startupRole:FOLLOWER]|listeners:[], old=null
2023-05-05 09:11:27,619 [grpc-default-executor-2] INFO  server.RaftServer$Division (RaftServerImpl.java:requestVote(1218)) - 01b6ceb7-397f-4531-b0f0-6cdac58298e0@group-A49B3673EEDC: receive requestVote(ELECTION, e841f512-b055-4fc0-94e5-70e8baf078a1, group-A49B3673EEDC, 1, (t:0, i:0))
2023-05-05 09:11:27,623 [grpc-default-executor-2] INFO  impl.VoteContext (VoteContext.java:log(49)) - 01b6ceb7-397f-4531-b0f0-6cdac58298e0@group-A49B3673EEDC-FOLLOWER: accept ELECTION from e841f512-b055-4fc0-94e5-70e8baf078a1: our priority 0 <= candidate's priority 1
2023-05-05 09:11:27,623 [grpc-default-executor-2] INFO  server.RaftServer$Division (RaftServerImpl.java:setRole(321)) - 01b6ceb7-397f-4531-b0f0-6cdac58298e0@group-A49B3673EEDC: changes role from  FOLLOWER to FOLLOWER at term 1 for candidate:e841f512-b055-4fc0-94e5-70e8baf078a1
2023-05-05 09:11:27,623 [grpc-default-executor-2] INFO  impl.RoleInfo (RoleInfo.java:shutdownFollowerState(110)) - 01b6ceb7-397f-4531-b0f0-6cdac58298e0: shutdown 01b6ceb7-397f-4531-b0f0-6cdac58298e0@group-A49B3673EEDC-FollowerState
2023-05-05 09:11:27,624 [e841f512-b055-4fc0-94e5-70e8baf078a1@group-A49B3673EEDC-SegmentedRaftLogWorker] INFO  segmented.SegmentedRaftLogWorker (SegmentedRaftLogWorker.java:execute(656)) - e841f512-b055-4fc0-94e5-70e8baf078a1@group-A49B3673EEDC-SegmentedRaftLogWorker: created new log segment /home/runner/work/ozone/ozone/hadoop-ozone/integration-test/target/test-dir/MiniOzoneClusterImpl-c61bf99b-c16a-4bd9-9ddf-73aa51c031b9/datanode-2/data/ratis/74946601-6469-47ef-8e9b-a49b3673eedc/current/log_inprogress_0
2023-05-05 09:11:27,624 [Listener at 127.0.0.1/34263] INFO  server.GrpcService (GrpcService.java:closeImpl(280)) - om1: shutdown server GrpcServerProtocolService successfully
2023-05-05 09:11:27,633 [e841f512-b055-4fc0-94e5-70e8baf078a1@group-A49B3673EEDC-LeaderElection15] INFO  server.RaftServer$Division (ServerState.java:setRaftConf(430)) - e841f512-b055-4fc0-94e5-70e8baf078a1@group-A49B3673EEDC: set configuration 0: peers:[cbbeb21a-10ea-4a95-b948-f7c95f693eb9|rpc:10.1.0.42:38525|dataStream:10.1.0.42:37147|priority:0|startupRole:FOLLOWER, 01b6ceb7-397f-4531-b0f0-6cdac58298e0|rpc:10.1.0.42:43257|dataStream:10.1.0.42:36671|priority:0|startupRole:FOLLOWER, e841f512-b055-4fc0-94e5-70e8baf078a1|rpc:10.1.0.42:41953|dataStream:10.1.0.42:46347|priority:1|startupRole:FOLLOWER]|listeners:[], old=null
2023-05-05 09:11:27,638 [grpc-default-executor-2] INFO  impl.RoleInfo (RoleInfo.java:updateAndGet(139)) - 01b6ceb7-397f-4531-b0f0-6cdac58298e0: start 01b6ceb7-397f-4531-b0f0-6cdac58298e0@group-A49B3673EEDC-FollowerState
2023-05-05 09:11:27,638 [01b6ceb7-397f-4531-b0f0-6cdac58298e0@group-A49B3673EEDC-FollowerState] INFO  impl.FollowerState (FollowerState.java:run(152)) - 01b6ceb7-397f-4531-b0f0-6cdac58298e0@group-A49B3673EEDC-FollowerState was interrupted
2023-05-05 09:11:27,641 [01b6ceb7-397f-4531-b0f0-6cdac58298e0@group-A49B3673EEDC-FollowerState] INFO  server.RaftServerConfigKeys (ConfUtils.java:logFallback(53)) - raft.server.rpc.first-election.timeout.min = 5s (fallback to raft.server.rpc.timeout.min)
2023-05-05 09:11:27,641 [01b6ceb7-397f-4531-b0f0-6cdac58298e0@group-A49B3673EEDC-FollowerState] INFO  server.RaftServerConfigKeys (ConfUtils.java:logFallback(53)) - raft.server.rpc.first-election.timeout.max = 5200ms (fallback to raft.server.rpc.timeout.max)
2023-05-05 09:11:27,641 [grpc-default-executor-2] INFO  server.RaftServer$Division (RaftServerImpl.java:requestVote(1251)) - 01b6ceb7-397f-4531-b0f0-6cdac58298e0@group-A49B3673EEDC replies to ELECTION vote request: e841f512-b055-4fc0-94e5-70e8baf078a1<-01b6ceb7-397f-4531-b0f0-6cdac58298e0#0:OK-t1. Peer's state: 01b6ceb7-397f-4531-b0f0-6cdac58298e0@group-A49B3673EEDC:t1, leader=null, voted=e841f512-b055-4fc0-94e5-70e8baf078a1, raftlog=Memoized:01b6ceb7-397f-4531-b0f0-6cdac58298e0@group-A49B3673EEDC-SegmentedRaftLog:OPENED:c-1, conf=-1: peers:[cbbeb21a-10ea-4a95-b948-f7c95f693eb9|rpc:10.1.0.42:38525|dataStream:10.1.0.42:37147|priority:0|startupRole:FOLLOWER, 01b6ceb7-397f-4531-b0f0-6cdac58298e0|rpc:10.1.0.42:43257|dataStream:10.1.0.42:36671|priority:0|startupRole:FOLLOWER, e841f512-b055-4fc0-94e5-70e8baf078a1|rpc:10.1.0.42:41953|dataStream:10.1.0.42:46347|priority:1|startupRole:FOLLOWER]|listeners:[], old=null
2023-05-05 09:11:27,643 [cbbeb21a-10ea-4a95-b948-f7c95f693eb9-server-thread2] INFO  ratis.XceiverServerRatis (XceiverServerRatis.java:handleLeaderChangedNotification(904)) - Leader change notification received for group: group-A49B3673EEDC with new leaderId: e841f512-b055-4fc0-94e5-70e8baf078a1
2023-05-05 09:11:27,644 [cbbeb21a-10ea-4a95-b948-f7c95f693eb9-server-thread2] INFO  server.RaftServer$Division (ServerState.java:setLeader(313)) - cbbeb21a-10ea-4a95-b948-f7c95f693eb9@group-A49B3673EEDC: change Leader from null to e841f512-b055-4fc0-94e5-70e8baf078a1 at term 1 for appendEntries, leader elected after 5317ms
2023-05-05 09:11:27,644 [cbbeb21a-10ea-4a95-b948-f7c95f693eb9-server-thread2] INFO  server.RaftServer$Division (ServerState.java:setRaftConf(430)) - cbbeb21a-10ea-4a95-b948-f7c95f693eb9@group-A49B3673EEDC: set configuration 0: peers:[cbbeb21a-10ea-4a95-b948-f7c95f693eb9|rpc:10.1.0.42:38525|dataStream:10.1.0.42:37147|priority:0|startupRole:FOLLOWER, 01b6ceb7-397f-4531-b0f0-6cdac58298e0|rpc:10.1.0.42:43257|dataStream:10.1.0.42:36671|priority:0|startupRole:FOLLOWER, e841f512-b055-4fc0-94e5-70e8baf078a1|rpc:10.1.0.42:41953|dataStream:10.1.0.42:46347|priority:1|startupRole:FOLLOWER]|listeners:[], old=null
2023-05-05 09:11:27,644 [cbbeb21a-10ea-4a95-b948-f7c95f693eb9-server-thread2] INFO  segmented.SegmentedRaftLogWorker (SegmentedRaftLogWorker.java:startLogSegment(452)) - cbbeb21a-10ea-4a95-b948-f7c95f693eb9@group-A49B3673EEDC-SegmentedRaftLogWorker: Starting segment from index:0
2023-05-05 09:11:27,644 [01b6ceb7-397f-4531-b0f0-6cdac58298e0-server-thread2] INFO  ratis.XceiverServerRatis (XceiverServerRatis.java:handleLeaderChangedNotification(904)) - Leader change notification received for group: group-A49B3673EEDC with new leaderId: e841f512-b055-4fc0-94e5-70e8baf078a1
2023-05-05 09:11:27,644 [01b6ceb7-397f-4531-b0f0-6cdac58298e0-server-thread2] INFO  server.RaftServer$Division (ServerState.java:setLeader(313)) - 01b6ceb7-397f-4531-b0f0-6cdac58298e0@group-A49B3673EEDC: change Leader from null to e841f512-b055-4fc0-94e5-70e8baf078a1 at term 1 for appendEntries, leader elected after 5692ms
2023-05-05 09:11:27,645 [01b6ceb7-397f-4531-b0f0-6cdac58298e0-server-thread2] INFO  server.RaftServer$Division (ServerState.java:setRaftConf(430)) - 01b6ceb7-397f-4531-b0f0-6cdac58298e0@group-A49B3673EEDC: set configuration 0: peers:[cbbeb21a-10ea-4a95-b948-f7c95f693eb9|rpc:10.1.0.42:38525|dataStream:10.1.0.42:37147|priority:0|startupRole:FOLLOWER, 01b6ceb7-397f-4531-b0f0-6cdac58298e0|rpc:10.1.0.42:43257|dataStream:10.1.0.42:36671|priority:0|startupRole:FOLLOWER, e841f512-b055-4fc0-94e5-70e8baf078a1|rpc:10.1.0.42:41953|dataStream:10.1.0.42:46347|priority:1|startupRole:FOLLOWER]|listeners:[], old=null
2023-05-05 09:11:27,645 [01b6ceb7-397f-4531-b0f0-6cdac58298e0-server-thread2] INFO  segmented.SegmentedRaftLogWorker (SegmentedRaftLogWorker.java:startLogSegment(452)) - 01b6ceb7-397f-4531-b0f0-6cdac58298e0@group-A49B3673EEDC-SegmentedRaftLogWorker: Starting segment from index:0
2023-05-05 09:11:27,654 [01b6ceb7-397f-4531-b0f0-6cdac58298e0@group-A49B3673EEDC-SegmentedRaftLogWorker] INFO  segmented.SegmentedRaftLogWorker (SegmentedRaftLogWorker.java:execute(656)) - 01b6ceb7-397f-4531-b0f0-6cdac58298e0@group-A49B3673EEDC-SegmentedRaftLogWorker: created new log segment /home/runner/work/ozone/ozone/hadoop-ozone/integration-test/target/test-dir/MiniOzoneClusterImpl-c61bf99b-c16a-4bd9-9ddf-73aa51c031b9/datanode-0/data/ratis/74946601-6469-47ef-8e9b-a49b3673eedc/current/log_inprogress_0
2023-05-05 09:11:27,654 [cbbeb21a-10ea-4a95-b948-f7c95f693eb9@group-A49B3673EEDC-SegmentedRaftLogWorker] INFO  segmented.SegmentedRaftLogWorker (SegmentedRaftLogWorker.java:execute(656)) - cbbeb21a-10ea-4a95-b948-f7c95f693eb9@group-A49B3673EEDC-SegmentedRaftLogWorker: created new log segment /home/runner/work/ozone/ozone/hadoop-ozone/integration-test/target/test-dir/MiniOzoneClusterImpl-c61bf99b-c16a-4bd9-9ddf-73aa51c031b9/datanode-1/data/ratis/74946601-6469-47ef-8e9b-a49b3673eedc/current/log_inprogress_0
2023-05-05 09:11:27,659 [om1@group-C5BA1605619E-StateMachineUpdater] INFO  impl.StateMachineUpdater (StateMachineUpdater.java:takeSnapshot(287)) - om1@group-C5BA1605619E-StateMachineUpdater: Took a snapshot at index 0
2023-05-05 09:11:27,659 [om1@group-C5BA1605619E-StateMachineUpdater] INFO  impl.StateMachineUpdater (StateMachineUpdater.java:lambda$new$0(92)) - om1@group-C5BA1605619E-StateMachineUpdater: snapshotIndex: updateIncreasingly -1 -> 0
2023-05-05 09:11:27,659 [om1@group-C5BA1605619E-StateMachineUpdater] INFO  ratis.OzoneManagerStateMachine (OzoneManagerStateMachine.java:close(533)) - StateMachine has shutdown. Shutdown OzoneManager if not already shutdown.
2023-05-05 09:11:27,659 [om1@group-C5BA1605619E-StateMachineUpdater] INFO  ratis.OzoneManagerDoubleBuffer (OzoneManagerDoubleBuffer.java:stopDaemon(540)) - Stopping OMDoubleBuffer flush thread
2023-05-05 09:11:27,660 [OMDoubleBufferFlushThread] INFO  ratis.OzoneManagerDoubleBuffer (OzoneManagerDoubleBuffer.java:canFlush(625)) - OMDoubleBuffer flush thread OMDoubleBufferFlushThread is interrupted and will exit.
2023-05-05 09:11:27,661 [om1-impl-thread1] INFO  server.RaftServer$Division (ServerState.java:close(466)) - om1@group-C5BA1605619E: closes. applyIndex: 0
2023-05-05 09:11:27,661 [om1@group-C5BA1605619E-SegmentedRaftLogWorker] INFO  segmented.SegmentedRaftLogWorker (SegmentedRaftLogWorker.java:run(347)) - om1@group-C5BA1605619E-SegmentedRaftLogWorker was interrupted, exiting. There are 0 tasks remaining in the queue.
2023-05-05 09:11:27,666 [om1-impl-thread1] INFO  segmented.SegmentedRaftLogWorker (SegmentedRaftLogWorker.java:close(257)) - om1@group-C5BA1605619E-SegmentedRaftLogWorker close()
2023-05-05 09:11:27,667 [JvmPauseMonitor6] INFO  util.JvmPauseMonitor (JvmPauseMonitor.java:run(111)) - JvmPauseMonitor-om1: Stopped
2023-05-05 09:11:27,667 [Listener at 127.0.0.1/34263] INFO  ratis.OzoneManagerStateMachine (OzoneManagerStateMachine.java:close(533)) - StateMachine has shutdown. Shutdown OzoneManager if not already shutdown.
2023-05-05 09:11:27,667 [Listener at 127.0.0.1/34263] INFO  ratis.OzoneManagerDoubleBuffer (OzoneManagerDoubleBuffer.java:stopDaemon(549)) - OMDoubleBuffer flush thread is not running.
2023-05-05 09:11:27,668 [Listener at 127.0.0.1/34263] INFO  utils.BackgroundService (BackgroundService.java:shutdown(141)) - Shutting down service KeyDeletingService
2023-05-05 09:11:27,668 [Listener at 127.0.0.1/34263] INFO  utils.BackgroundService (BackgroundService.java:shutdown(141)) - Shutting down service KeyDeletingService
2023-05-05 09:11:27,668 [Listener at 127.0.0.1/34263] INFO  utils.BackgroundService (BackgroundService.java:shutdown(141)) - Shutting down service OpenKeyCleanupService
2023-05-05 09:11:27,668 [Listener at 127.0.0.1/34263] INFO  utils.BackgroundService (BackgroundService.java:shutdown(141)) - Shutting down service SstFilteringService
2023-05-05 09:11:27,668 [Listener at 127.0.0.1/34263] INFO  utils.BackgroundService (BackgroundService.java:shutdown(141)) - Shutting down service SnapshotDeletingService
2023-05-05 09:11:27,669 [Listener at 127.0.0.1/34263] INFO  handler.ContextHandler (ContextHandler.java:doStop(1159)) - Stopped o.e.j.w.WebAppContext@7cbb477c{ozoneManager,/,null,STOPPED}{file:/home/runner/work/ozone/ozone/hadoop-ozone/integration-test/target/test-classes/webapps/ozoneManager}
2023-05-05 09:11:27,670 [Listener at 127.0.0.1/34263] INFO  server.AbstractConnector (AbstractConnector.java:doStop(383)) - Stopped ServerConnector@4fec23f1{HTTP/1.1, (http/1.1)}{0.0.0.0:0}
2023-05-05 09:11:27,670 [Listener at 127.0.0.1/34263] INFO  server.session (HouseKeeper.java:stopScavenging(149)) - node0 Stopped scavenging
2023-05-05 09:11:27,670 [Listener at 127.0.0.1/34263] INFO  handler.ContextHandler (ContextHandler.java:doStop(1159)) - Stopped o.e.j.s.ServletContextHandler@654da0fd{static,/static,file:///home/runner/work/ozone/ozone/hadoop-ozone/integration-test/target/test-classes/webapps/static,STOPPED}
2023-05-05 09:11:27,670 [Listener at 127.0.0.1/34263] INFO  handler.ContextHandler (ContextHandler.java:doStop(1159)) - Stopped o.e.j.s.ServletContextHandler@67411e98{logs,/logs,file:///home/runner/work/ozone/ozone/hadoop-ozone/integration-test/target/log,STOPPED}
2023-05-05 09:11:27,673 [Listener at 127.0.0.1/34263] INFO  utils.BackgroundService (BackgroundService.java:shutdown(141)) - Shutting down service SnapshotDiffCleanupService
2023-05-05 09:11:27,674 [Listener at 127.0.0.1/34263] INFO  ozone.MiniOzoneClusterImpl (MiniOzoneClusterImpl.java:stopDatanodes(537)) - Stopping the HddsDatanodes
2023-05-05 09:11:27,676 [Listener at 127.0.0.1/34263] INFO  ozoneimpl.OzoneContainer (OzoneContainer.java:stop(419)) - Attempting to stop container services.
2023-05-05 09:11:27,677 [Listener at 127.0.0.1/34263] INFO  server.RaftServer (RaftServerProxy.java:lambda$close$6(409)) - cbbeb21a-10ea-4a95-b948-f7c95f693eb9: close
2023-05-05 09:11:27,677 [cbbeb21a-10ea-4a95-b948-f7c95f693eb9-impl-thread1] INFO  server.RaftServer$Division (RaftServerImpl.java:lambda$close$4(458)) - cbbeb21a-10ea-4a95-b948-f7c95f693eb9@group-F08E02D63E68: shutdown
2023-05-05 09:11:27,677 [cbbeb21a-10ea-4a95-b948-f7c95f693eb9-impl-thread1] INFO  util.JmxRegister (JmxRegister.java:unregister(73)) - Successfully un-registered JMX Bean with object name Ratis:service=RaftServer,group=group-F08E02D63E68,id=cbbeb21a-10ea-4a95-b948-f7c95f693eb9
2023-05-05 09:11:27,677 [cbbeb21a-10ea-4a95-b948-f7c95f693eb9-impl-thread1] INFO  impl.RoleInfo (RoleInfo.java:shutdownFollowerState(110)) - cbbeb21a-10ea-4a95-b948-f7c95f693eb9: shutdown cbbeb21a-10ea-4a95-b948-f7c95f693eb9@group-F08E02D63E68-FollowerState
2023-05-05 09:11:27,679 [cbbeb21a-10ea-4a95-b948-f7c95f693eb9-impl-thread2] INFO  server.RaftServer$Division (RaftServerImpl.java:lambda$close$4(458)) - cbbeb21a-10ea-4a95-b948-f7c95f693eb9@group-E269F53961F5: shutdown
2023-05-05 09:11:27,680 [Listener at 127.0.0.1/34263] INFO  server.GrpcService (GrpcService.java:closeImpl(271)) - cbbeb21a-10ea-4a95-b948-f7c95f693eb9: shutdown server GrpcServerProtocolService now
2023-05-05 09:11:27,680 [cbbeb21a-10ea-4a95-b948-f7c95f693eb9-impl-thread1] INFO  impl.StateMachineUpdater (StateMachineUpdater.java:stopAndJoin(153)) - cbbeb21a-10ea-4a95-b948-f7c95f693eb9@group-F08E02D63E68-StateMachineUpdater: set stopIndex = 0
2023-05-05 09:11:27,681 [cbbeb21a-10ea-4a95-b948-f7c95f693eb9-impl-thread3] INFO  server.RaftServer$Division (RaftServerImpl.java:lambda$close$4(458)) - cbbeb21a-10ea-4a95-b948-f7c95f693eb9@group-A49B3673EEDC: shutdown
2023-05-05 09:11:27,684 [grpc-default-executor-7] WARN  server.GrpcServerProtocolService (LogUtils.java:warn(122)) - cbbeb21a-10ea-4a95-b948-f7c95f693eb9: installSnapshot onError, lastRequest: null: org.apache.ratis.thirdparty.io.grpc.StatusRuntimeException: CANCELLED: client cancelled
2023-05-05 09:11:27,686 [grpc-default-executor-6] WARN  server.GrpcServerProtocolService (LogUtils.java:warn(122)) - cbbeb21a-10ea-4a95-b948-f7c95f693eb9: installSnapshot onError, lastRequest: e841f512-b055-4fc0-94e5-70e8baf078a1->cbbeb21a-10ea-4a95-b948-f7c95f693eb9#1-t1,previous=(t:0, i:0),leaderCommit=0,initializing? true,entries: size=1, first=(t:1, i:0), CONFIGURATIONENTRY(current:id: "cbbeb21a-10ea-4a95-b948-f7c95f693eb9"
address: "10.1.0.42:38525"
dataStreamAddress: "10.1.0.42:37147"
clientAddress: "10.1.0.42:38525"
adminAddress: "10.1.0.42:38525"
startupRole: FOLLOWER
,id: "01b6ceb7-397f-4531-b0f0-6cdac58298e0"
address: "10.1.0.42:43257"
dataStreamAddress: "10.1.0.42:36671"
clientAddress: "10.1.0.42:43257"
adminAddress: "10.1.0.42:43257"
startupRole: FOLLOWER
,id: "e841f512-b055-4fc0-94e5-70e8baf078a1"
address: "10.1.0.42:41953"
priority: 1
dataStreamAddress: "10.1.0.42:46347"
clientAddress: "10.1.0.42:41953"
adminAddress: "10.1.0.42:41953"
startupRole: FOLLOWER
, old:): org.apache.ratis.thirdparty.io.grpc.StatusRuntimeException: CANCELLED: client cancelled
2023-05-05 09:11:27,686 [grpc-default-executor-5] WARN  server.GrpcLogAppender (LogUtils.java:warn(122)) - 01b6ceb7-397f-4531-b0f0-6cdac58298e0@group-F08E02D63E68->cbbeb21a-10ea-4a95-b948-f7c95f693eb9-AppendLogResponseHandler: Failed appendEntries: org.apache.ratis.thirdparty.io.grpc.StatusRuntimeException: CANCELLED: RST_STREAM closed stream. HTTP/2 error code: CANCEL
2023-05-05 09:11:27,686 [grpc-default-executor-3] WARN  server.GrpcLogAppender (LogUtils.java:warn(122)) - e841f512-b055-4fc0-94e5-70e8baf078a1@group-A49B3673EEDC->cbbeb21a-10ea-4a95-b948-f7c95f693eb9-AppendLogResponseHandler: Failed appendEntries: org.apache.ratis.thirdparty.io.grpc.StatusRuntimeException: CANCELLED: RST_STREAM closed stream. HTTP/2 error code: CANCEL
2023-05-05 09:11:27,686 [grpc-default-executor-0] WARN  server.GrpcServerProtocolService (LogUtils.java:warn(122)) - cbbeb21a-10ea-4a95-b948-f7c95f693eb9: installSnapshot onError, lastRequest: 01b6ceb7-397f-4531-b0f0-6cdac58298e0->cbbeb21a-10ea-4a95-b948-f7c95f693eb9#1-t1,previous=(t:0, i:0),leaderCommit=0,initializing? true,entries: size=1, first=(t:1, i:0), CONFIGURATIONENTRY(current:id: "cbbeb21a-10ea-4a95-b948-f7c95f693eb9"
address: "10.1.0.42:38525"
dataStreamAddress: "10.1.0.42:37147"
clientAddress: "10.1.0.42:38525"
adminAddress: "10.1.0.42:38525"
startupRole: FOLLOWER
,id: "e841f512-b055-4fc0-94e5-70e8baf078a1"
address: "10.1.0.42:41953"
dataStreamAddress: "10.1.0.42:46347"
clientAddress: "10.1.0.42:41953"
adminAddress: "10.1.0.42:41953"
startupRole: FOLLOWER
,id: "01b6ceb7-397f-4531-b0f0-6cdac58298e0"
address: "10.1.0.42:43257"
priority: 1
dataStreamAddress: "10.1.0.42:36671"
clientAddress: "10.1.0.42:43257"
adminAddress: "10.1.0.42:43257"
startupRole: FOLLOWER
, old:): org.apache.ratis.thirdparty.io.grpc.StatusRuntimeException: CANCELLED: client cancelled
2023-05-05 09:11:27,687 [grpc-default-executor-8] WARN  server.GrpcLogAppender (LogUtils.java:warn(122)) - 01b6ceb7-397f-4531-b0f0-6cdac58298e0@group-F08E02D63E68->cbbeb21a-10ea-4a95-b948-f7c95f693eb9-AppendLogResponseHandler: Failed appendEntries: org.apache.ratis.thirdparty.io.grpc.StatusRuntimeException: CANCELLED: RST_STREAM closed stream. HTTP/2 error code: CANCEL
2023-05-05 09:11:27,687 [grpc-default-executor-8] WARN  server.GrpcLogAppender (GrpcLogAppender.java:resetClient(131)) - 01b6ceb7-397f-4531-b0f0-6cdac58298e0@group-F08E02D63E68->cbbeb21a-10ea-4a95-b948-f7c95f693eb9-GrpcLogAppender: Leader has not got in touch with Follower 01b6ceb7-397f-4531-b0f0-6cdac58298e0@group-F08E02D63E68->cbbeb21a-10ea-4a95-b948-f7c95f693eb9(c0,m0,n1, attendVote=true, lastRpcSendTime=718, lastRpcResponseTime=706) yet, just keep nextIndex unchanged and retry.
2023-05-05 09:11:27,688 [Listener at 127.0.0.1/34263] INFO  server.GrpcService (GrpcService.java:closeImpl(280)) - cbbeb21a-10ea-4a95-b948-f7c95f693eb9: shutdown server GrpcServerProtocolService successfully
2023-05-05 09:11:27,688 [cbbeb21a-10ea-4a95-b948-f7c95f693eb9@group-F08E02D63E68-FollowerState] INFO  impl.FollowerState (FollowerState.java:run(152)) - cbbeb21a-10ea-4a95-b948-f7c95f693eb9@group-F08E02D63E68-FollowerState was interrupted
2023-05-05 09:11:27,688 [cbbeb21a-10ea-4a95-b948-f7c95f693eb9-NettyServerStreamRpc-bossGroup--thread1] INFO  logging.LoggingHandler (AbstractInternalLogger.java:log(148)) - [id: 0x84847131, L:/0:0:0:0:0:0:0:0:37147] CLOSE
2023-05-05 09:11:27,690 [cbbeb21a-10ea-4a95-b948-f7c95f693eb9-NettyServerStreamRpc-bossGroup--thread1] INFO  logging.LoggingHandler (AbstractInternalLogger.java:log(148)) - [id: 0x84847131, L:/0:0:0:0:0:0:0:0:37147] INACTIVE
2023-05-05 09:11:27,690 [cbbeb21a-10ea-4a95-b948-f7c95f693eb9-NettyServerStreamRpc-bossGroup--thread1] INFO  logging.LoggingHandler (AbstractInternalLogger.java:log(148)) - [id: 0x84847131, L:/0:0:0:0:0:0:0:0:37147] UNREGISTERED
2023-05-05 09:11:27,692 [grpc-default-executor-9] WARN  server.GrpcServerProtocolService (LogUtils.java:warn(122)) - cbbeb21a-10ea-4a95-b948-f7c95f693eb9: installSnapshot onError, lastRequest: null: org.apache.ratis.thirdparty.io.grpc.StatusRuntimeException: CANCELLED: client cancelled
2023-05-05 09:11:27,692 [cbbeb21a-10ea-4a95-b948-f7c95f693eb9-impl-thread2] INFO  util.JmxRegister (JmxRegister.java:unregister(73)) - Successfully un-registered JMX Bean with object name Ratis:service=RaftServer,group=group-E269F53961F5,id=cbbeb21a-10ea-4a95-b948-f7c95f693eb9
2023-05-05 09:11:27,692 [cbbeb21a-10ea-4a95-b948-f7c95f693eb9-impl-thread2] INFO  impl.RoleInfo (RoleInfo.java:shutdownLeaderState(93)) - cbbeb21a-10ea-4a95-b948-f7c95f693eb9: shutdown cbbeb21a-10ea-4a95-b948-f7c95f693eb9@group-E269F53961F5-LeaderStateImpl
2023-05-05 09:11:27,692 [cbbeb21a-10ea-4a95-b948-f7c95f693eb9-impl-thread2] INFO  impl.PendingRequests (PendingRequests.java:sendNotLeaderResponses(282)) - cbbeb21a-10ea-4a95-b948-f7c95f693eb9@group-E269F53961F5-PendingRequests: sendNotLeaderResponses
2023-05-05 09:11:27,698 [grpc-default-executor-8] WARN  server.GrpcLogAppender (LogUtils.java:warn(122)) - e841f512-b055-4fc0-94e5-70e8baf078a1@group-A49B3673EEDC->cbbeb21a-10ea-4a95-b948-f7c95f693eb9-AppendLogResponseHandler: Failed appendEntries: org.apache.ratis.thirdparty.io.grpc.StatusRuntimeException: CANCELLED: RST_STREAM closed stream. HTTP/2 error code: CANCEL
2023-05-05 09:11:27,698 [grpc-default-executor-8] WARN  server.GrpcLogAppender (GrpcLogAppender.java:resetClient(131)) - e841f512-b055-4fc0-94e5-70e8baf078a1@group-A49B3673EEDC->cbbeb21a-10ea-4a95-b948-f7c95f693eb9-GrpcLogAppender: Leader has not got in touch with Follower e841f512-b055-4fc0-94e5-70e8baf078a1@group-A49B3673EEDC->cbbeb21a-10ea-4a95-b948-f7c95f693eb9(c0,m0,n1, attendVote=true, lastRpcSendTime=59, lastRpcResponseTime=32) yet, just keep nextIndex unchanged and retry.
2023-05-05 09:11:27,699 [ForkJoinPool.commonPool-worker-0] INFO  ozoneimpl.OzoneContainer (OzoneContainer.java:stop(419)) - Attempting to stop container services.
2023-05-05 09:11:27,700 [cbbeb21a-10ea-4a95-b948-f7c95f693eb9-impl-thread3] INFO  util.JmxRegister (JmxRegister.java:unregister(73)) - Successfully un-registered JMX Bean with object name Ratis:service=RaftServer,group=group-A49B3673EEDC,id=cbbeb21a-10ea-4a95-b948-f7c95f693eb9
2023-05-05 09:11:27,700 [cbbeb21a-10ea-4a95-b948-f7c95f693eb9-impl-thread3] INFO  impl.RoleInfo (RoleInfo.java:shutdownFollowerState(110)) - cbbeb21a-10ea-4a95-b948-f7c95f693eb9: shutdown cbbeb21a-10ea-4a95-b948-f7c95f693eb9@group-A49B3673EEDC-FollowerState
2023-05-05 09:11:27,700 [cbbeb21a-10ea-4a95-b948-f7c95f693eb9-impl-thread3] INFO  impl.StateMachineUpdater (StateMachineUpdater.java:stopAndJoin(153)) - cbbeb21a-10ea-4a95-b948-f7c95f693eb9@group-A49B3673EEDC-StateMachineUpdater: set stopIndex = 0
2023-05-05 09:11:27,700 [cbbeb21a-10ea-4a95-b948-f7c95f693eb9@group-F08E02D63E68-StateMachineUpdater] INFO  ratis.ContainerStateMachine (ContainerStateMachine.java:takeSnapshot(330)) - group-F08E02D63E68: Taking a snapshot at:(t:1, i:0) file /home/runner/work/ozone/ozone/hadoop-ozone/integration-test/target/test-dir/MiniOzoneClusterImpl-c61bf99b-c16a-4bd9-9ddf-73aa51c031b9/datanode-1/data/ratis/f1dc1d9c-bce3-4fbb-93ec-f08e02d63e68/sm/snapshot.1_0
2023-05-05 09:11:27,701 [grpc-default-executor-5] WARN  server.GrpcLogAppender (GrpcLogAppender.java:resetClient(131)) - 01b6ceb7-397f-4531-b0f0-6cdac58298e0@group-F08E02D63E68->cbbeb21a-10ea-4a95-b948-f7c95f693eb9-GrpcLogAppender: Leader has not got in touch with Follower 01b6ceb7-397f-4531-b0f0-6cdac58298e0@group-F08E02D63E68->cbbeb21a-10ea-4a95-b948-f7c95f693eb9(c0,m0,n1, attendVote=true, lastRpcSendTime=731, lastRpcResponseTime=719) yet, just keep nextIndex unchanged and retry.
2023-05-05 09:11:27,701 [cbbeb21a-10ea-4a95-b948-f7c95f693eb9@group-A49B3673EEDC-FollowerState] INFO  impl.FollowerState (FollowerState.java:run(152)) - cbbeb21a-10ea-4a95-b948-f7c95f693eb9@group-A49B3673EEDC-FollowerState was interrupted
2023-05-05 09:11:27,701 [grpc-default-executor-3] WARN  server.GrpcLogAppender (GrpcLogAppender.java:resetClient(131)) - e841f512-b055-4fc0-94e5-70e8baf078a1@group-A49B3673EEDC->cbbeb21a-10ea-4a95-b948-f7c95f693eb9-GrpcLogAppender: Leader has not got in touch with Follower e841f512-b055-4fc0-94e5-70e8baf078a1@group-A49B3673EEDC->cbbeb21a-10ea-4a95-b948-f7c95f693eb9(c0,m0,n1, attendVote=true, lastRpcSendTime=61, lastRpcResponseTime=35) yet, just keep nextIndex unchanged and retry.
2023-05-05 09:11:27,701 [ForkJoinPool.commonPool-worker-0] INFO  server.RaftServer (RaftServerProxy.java:lambda$close$6(409)) - 01b6ceb7-397f-4531-b0f0-6cdac58298e0: close
2023-05-05 09:11:27,701 [01b6ceb7-397f-4531-b0f0-6cdac58298e0-impl-thread1] INFO  server.RaftServer$Division (RaftServerImpl.java:lambda$close$4(458)) - 01b6ceb7-397f-4531-b0f0-6cdac58298e0@group-584DB4BFA710: shutdown
2023-05-05 09:11:27,701 [cbbeb21a-10ea-4a95-b948-f7c95f693eb9@group-F08E02D63E68-StateMachineUpdater] INFO  ratis.ContainerStateMachine (ContainerStateMachine.java:takeSnapshot(341)) - group-F08E02D63E68: Finished taking a snapshot at:(t:1, i:0) file:/home/runner/work/ozone/ozone/hadoop-ozone/integration-test/target/test-dir/MiniOzoneClusterImpl-c61bf99b-c16a-4bd9-9ddf-73aa51c031b9/datanode-1/data/ratis/f1dc1d9c-bce3-4fbb-93ec-f08e02d63e68/sm/snapshot.1_0 took: 1 ms
2023-05-05 09:11:27,702 [cbbeb21a-10ea-4a95-b948-f7c95f693eb9@group-F08E02D63E68-StateMachineUpdater] INFO  impl.StateMachineUpdater (StateMachineUpdater.java:takeSnapshot(287)) - cbbeb21a-10ea-4a95-b948-f7c95f693eb9@group-F08E02D63E68-StateMachineUpdater: Took a snapshot at index 0
2023-05-05 09:11:27,702 [01b6ceb7-397f-4531-b0f0-6cdac58298e0-impl-thread1] INFO  util.JmxRegister (JmxRegister.java:unregister(73)) - Successfully un-registered JMX Bean with object name Ratis:service=RaftServer,group=group-584DB4BFA710,id=01b6ceb7-397f-4531-b0f0-6cdac58298e0
2023-05-05 09:11:27,702 [01b6ceb7-397f-4531-b0f0-6cdac58298e0-impl-thread1] INFO  impl.RoleInfo (RoleInfo.java:shutdownLeaderState(93)) - 01b6ceb7-397f-4531-b0f0-6cdac58298e0: shutdown 01b6ceb7-397f-4531-b0f0-6cdac58298e0@group-584DB4BFA710-LeaderStateImpl
2023-05-05 09:11:27,702 [01b6ceb7-397f-4531-b0f0-6cdac58298e0-impl-thread1] INFO  impl.PendingRequests (PendingRequests.java:sendNotLeaderResponses(282)) - 01b6ceb7-397f-4531-b0f0-6cdac58298e0@group-584DB4BFA710-PendingRequests: sendNotLeaderResponses
2023-05-05 09:11:27,702 [01b6ceb7-397f-4531-b0f0-6cdac58298e0-impl-thread1] INFO  impl.StateMachineUpdater (StateMachineUpdater.java:stopAndJoin(153)) - 01b6ceb7-397f-4531-b0f0-6cdac58298e0@group-584DB4BFA710-StateMachineUpdater: set stopIndex = 0
2023-05-05 09:11:27,702 [cbbeb21a-10ea-4a95-b948-f7c95f693eb9@group-F08E02D63E68-StateMachineUpdater] INFO  impl.StateMachineUpdater (StateMachineUpdater.java:lambda$new$0(92)) - cbbeb21a-10ea-4a95-b948-f7c95f693eb9@group-F08E02D63E68-StateMachineUpdater: snapshotIndex: updateIncreasingly -1 -> 0
2023-05-05 09:11:27,702 [cbbeb21a-10ea-4a95-b948-f7c95f693eb9-impl-thread1] INFO  server.RaftServer$Division (ServerState.java:close(466)) - cbbeb21a-10ea-4a95-b948-f7c95f693eb9@group-F08E02D63E68: closes. applyIndex: 0
2023-05-05 09:11:27,703 [01b6ceb7-397f-4531-b0f0-6cdac58298e0@group-584DB4BFA710-StateMachineUpdater] INFO  ratis.ContainerStateMachine (ContainerStateMachine.java:takeSnapshot(330)) - group-584DB4BFA710: Taking a snapshot at:(t:1, i:0) file /home/runner/work/ozone/ozone/hadoop-ozone/integration-test/target/test-dir/MiniOzoneClusterImpl-c61bf99b-c16a-4bd9-9ddf-73aa51c031b9/datanode-0/data/ratis/fd7b5ac8-74ab-4d87-8a0c-584db4bfa710/sm/snapshot.1_0
2023-05-05 09:11:27,703 [cbbeb21a-10ea-4a95-b948-f7c95f693eb9@group-A49B3673EEDC-StateMachineUpdater] INFO  ratis.ContainerStateMachine (ContainerStateMachine.java:takeSnapshot(330)) - group-A49B3673EEDC: Taking a snapshot at:(t:1, i:0) file /home/runner/work/ozone/ozone/hadoop-ozone/integration-test/target/test-dir/MiniOzoneClusterImpl-c61bf99b-c16a-4bd9-9ddf-73aa51c031b9/datanode-1/data/ratis/74946601-6469-47ef-8e9b-a49b3673eedc/sm/snapshot.1_0
2023-05-05 09:11:27,703 [cbbeb21a-10ea-4a95-b948-f7c95f693eb9@group-F08E02D63E68-SegmentedRaftLogWorker] INFO  segmented.SegmentedRaftLogWorker (SegmentedRaftLogWorker.java:run(347)) - cbbeb21a-10ea-4a95-b948-f7c95f693eb9@group-F08E02D63E68-SegmentedRaftLogWorker was interrupted, exiting. There are 0 tasks remaining in the queue.
2023-05-05 09:11:27,703 [01b6ceb7-397f-4531-b0f0-6cdac58298e0@group-584DB4BFA710-StateMachineUpdater] INFO  ratis.ContainerStateMachine (ContainerStateMachine.java:takeSnapshot(341)) - group-584DB4BFA710: Finished taking a snapshot at:(t:1, i:0) file:/home/runner/work/ozone/ozone/hadoop-ozone/integration-test/target/test-dir/MiniOzoneClusterImpl-c61bf99b-c16a-4bd9-9ddf-73aa51c031b9/datanode-0/data/ratis/fd7b5ac8-74ab-4d87-8a0c-584db4bfa710/sm/snapshot.1_0 took: 0 ms
2023-05-05 09:11:27,703 [01b6ceb7-397f-4531-b0f0-6cdac58298e0@group-584DB4BFA710-StateMachineUpdater] INFO  impl.StateMachineUpdater (StateMachineUpdater.java:takeSnapshot(287)) - 01b6ceb7-397f-4531-b0f0-6cdac58298e0@group-584DB4BFA710-StateMachineUpdater: Took a snapshot at index 0
2023-05-05 09:11:27,703 [01b6ceb7-397f-4531-b0f0-6cdac58298e0@group-584DB4BFA710-StateMachineUpdater] INFO  impl.StateMachineUpdater (StateMachineUpdater.java:lambda$new$0(92)) - 01b6ceb7-397f-4531-b0f0-6cdac58298e0@group-584DB4BFA710-StateMachineUpdater: snapshotIndex: updateIncreasingly -1 -> 0
2023-05-05 09:11:27,703 [01b6ceb7-397f-4531-b0f0-6cdac58298e0-impl-thread1] INFO  server.RaftServer$Division (ServerState.java:close(466)) - 01b6ceb7-397f-4531-b0f0-6cdac58298e0@group-584DB4BFA710: closes. applyIndex: 0
2023-05-05 09:11:27,704 [cbbeb21a-10ea-4a95-b948-f7c95f693eb9-impl-thread2] INFO  impl.StateMachineUpdater (StateMachineUpdater.java:stopAndJoin(153)) - cbbeb21a-10ea-4a95-b948-f7c95f693eb9@group-E269F53961F5-StateMachineUpdater: set stopIndex = 0
2023-05-05 09:11:27,704 [cbbeb21a-10ea-4a95-b948-f7c95f693eb9@group-E269F53961F5-StateMachineUpdater] INFO  ratis.ContainerStateMachine (ContainerStateMachine.java:takeSnapshot(330)) - group-E269F53961F5: Taking a snapshot at:(t:1, i:0) file /home/runner/work/ozone/ozone/hadoop-ozone/integration-test/target/test-dir/MiniOzoneClusterImpl-c61bf99b-c16a-4bd9-9ddf-73aa51c031b9/datanode-1/data/ratis/1e0a4218-2674-43b2-85f7-e269f53961f5/sm/snapshot.1_0
2023-05-05 09:11:27,704 [cbbeb21a-10ea-4a95-b948-f7c95f693eb9@group-A49B3673EEDC-StateMachineUpdater] INFO  ratis.ContainerStateMachine (ContainerStateMachine.java:takeSnapshot(341)) - group-A49B3673EEDC: Finished taking a snapshot at:(t:1, i:0) file:/home/runner/work/ozone/ozone/hadoop-ozone/integration-test/target/test-dir/MiniOzoneClusterImpl-c61bf99b-c16a-4bd9-9ddf-73aa51c031b9/datanode-1/data/ratis/74946601-6469-47ef-8e9b-a49b3673eedc/sm/snapshot.1_0 took: 2 ms
2023-05-05 09:11:27,704 [cbbeb21a-10ea-4a95-b948-f7c95f693eb9@group-A49B3673EEDC-StateMachineUpdater] INFO  impl.StateMachineUpdater (StateMachineUpdater.java:takeSnapshot(287)) - cbbeb21a-10ea-4a95-b948-f7c95f693eb9@group-A49B3673EEDC-StateMachineUpdater: Took a snapshot at index 0
2023-05-05 09:11:27,704 [cbbeb21a-10ea-4a95-b948-f7c95f693eb9@group-A49B3673EEDC-StateMachineUpdater] INFO  impl.StateMachineUpdater (StateMachineUpdater.java:lambda$new$0(92)) - cbbeb21a-10ea-4a95-b948-f7c95f693eb9@group-A49B3673EEDC-StateMachineUpdater: snapshotIndex: updateIncreasingly -1 -> 0
2023-05-05 09:11:27,704 [cbbeb21a-10ea-4a95-b948-f7c95f693eb9@group-E269F53961F5-StateMachineUpdater] INFO  ratis.ContainerStateMachine (ContainerStateMachine.java:takeSnapshot(341)) - group-E269F53961F5: Finished taking a snapshot at:(t:1, i:0) file:/home/runner/work/ozone/ozone/hadoop-ozone/integration-test/target/test-dir/MiniOzoneClusterImpl-c61bf99b-c16a-4bd9-9ddf-73aa51c031b9/datanode-1/data/ratis/1e0a4218-2674-43b2-85f7-e269f53961f5/sm/snapshot.1_0 took: 1 ms
2023-05-05 09:11:27,704 [cbbeb21a-10ea-4a95-b948-f7c95f693eb9@group-E269F53961F5-StateMachineUpdater] INFO  impl.StateMachineUpdater (StateMachineUpdater.java:takeSnapshot(287)) - cbbeb21a-10ea-4a95-b948-f7c95f693eb9@group-E269F53961F5-StateMachineUpdater: Took a snapshot at index 0
2023-05-05 09:11:27,704 [cbbeb21a-10ea-4a95-b948-f7c95f693eb9@group-E269F53961F5-StateMachineUpdater] INFO  impl.StateMachineUpdater (StateMachineUpdater.java:lambda$new$0(92)) - cbbeb21a-10ea-4a95-b948-f7c95f693eb9@group-E269F53961F5-StateMachineUpdater: snapshotIndex: updateIncreasingly -1 -> 0
2023-05-05 09:11:27,704 [cbbeb21a-10ea-4a95-b948-f7c95f693eb9-impl-thread2] INFO  server.RaftServer$Division (ServerState.java:close(466)) - cbbeb21a-10ea-4a95-b948-f7c95f693eb9@group-E269F53961F5: closes. applyIndex: 0
2023-05-05 09:11:27,704 [cbbeb21a-10ea-4a95-b948-f7c95f693eb9-impl-thread3] INFO  server.RaftServer$Division (ServerState.java:close(466)) - cbbeb21a-10ea-4a95-b948-f7c95f693eb9@group-A49B3673EEDC: closes. applyIndex: 0
2023-05-05 09:11:27,705 [ForkJoinPool.commonPool-worker-0] INFO  server.GrpcService (GrpcService.java:closeImpl(271)) - 01b6ceb7-397f-4531-b0f0-6cdac58298e0: shutdown server GrpcServerProtocolService now
2023-05-05 09:11:27,705 [01b6ceb7-397f-4531-b0f0-6cdac58298e0-impl-thread3] INFO  server.RaftServer$Division (RaftServerImpl.java:lambda$close$4(458)) - 01b6ceb7-397f-4531-b0f0-6cdac58298e0@group-A49B3673EEDC: shutdown
2023-05-05 09:11:27,706 [grpc-default-executor-8] WARN  server.GrpcServerProtocolService (LogUtils.java:warn(122)) - 01b6ceb7-397f-4531-b0f0-6cdac58298e0: installSnapshot onError, lastRequest: e841f512-b055-4fc0-94e5-70e8baf078a1->01b6ceb7-397f-4531-b0f0-6cdac58298e0#1-t1,previous=(t:0, i:0),leaderCommit=0,initializing? true,entries: size=1, first=(t:1, i:0), CONFIGURATIONENTRY(current:id: "cbbeb21a-10ea-4a95-b948-f7c95f693eb9"
address: "10.1.0.42:38525"
dataStreamAddress: "10.1.0.42:37147"
clientAddress: "10.1.0.42:38525"
adminAddress: "10.1.0.42:38525"
startupRole: FOLLOWER
,id: "01b6ceb7-397f-4531-b0f0-6cdac58298e0"
address: "10.1.0.42:43257"
dataStreamAddress: "10.1.0.42:36671"
clientAddress: "10.1.0.42:43257"
adminAddress: "10.1.0.42:43257"
startupRole: FOLLOWER
,id: "e841f512-b055-4fc0-94e5-70e8baf078a1"
address: "10.1.0.42:41953"
priority: 1
dataStreamAddress: "10.1.0.42:46347"
clientAddress: "10.1.0.42:41953"
adminAddress: "10.1.0.42:41953"
startupRole: FOLLOWER
, old:): org.apache.ratis.thirdparty.io.grpc.StatusRuntimeException: CANCELLED: client cancelled
2023-05-05 09:11:27,706 [01b6ceb7-397f-4531-b0f0-6cdac58298e0-impl-thread3] INFO  util.JmxRegister (JmxRegister.java:unregister(73)) - Successfully un-registered JMX Bean with object name Ratis:service=RaftServer,group=group-A49B3673EEDC,id=01b6ceb7-397f-4531-b0f0-6cdac58298e0
2023-05-05 09:11:27,706 [grpc-default-executor-9] WARN  server.GrpcServerProtocolService (LogUtils.java:warn(122)) - 01b6ceb7-397f-4531-b0f0-6cdac58298e0: installSnapshot onError, lastRequest: null: org.apache.ratis.thirdparty.io.grpc.StatusRuntimeException: CANCELLED: client cancelled
2023-05-05 09:11:27,706 [01b6ceb7-397f-4531-b0f0-6cdac58298e0-impl-thread3] INFO  impl.RoleInfo (RoleInfo.java:shutdownFollowerState(110)) - 01b6ceb7-397f-4531-b0f0-6cdac58298e0: shutdown 01b6ceb7-397f-4531-b0f0-6cdac58298e0@group-A49B3673EEDC-FollowerState
2023-05-05 09:11:27,706 [grpc-default-executor-5] WARN  server.GrpcLogAppender (LogUtils.java:warn(122)) - e841f512-b055-4fc0-94e5-70e8baf078a1@group-A49B3673EEDC->01b6ceb7-397f-4531-b0f0-6cdac58298e0-AppendLogResponseHandler: Failed appendEntries: org.apache.ratis.thirdparty.io.grpc.StatusRuntimeException: CANCELLED: RST_STREAM closed stream. HTTP/2 error code: CANCEL
2023-05-05 09:11:27,706 [grpc-default-executor-5] WARN  server.GrpcLogAppender (GrpcLogAppender.java:resetClient(131)) - e841f512-b055-4fc0-94e5-70e8baf078a1@group-A49B3673EEDC->01b6ceb7-397f-4531-b0f0-6cdac58298e0-GrpcLogAppender: Leader has not got in touch with Follower e841f512-b055-4fc0-94e5-70e8baf078a1@group-A49B3673EEDC->01b6ceb7-397f-4531-b0f0-6cdac58298e0(c0,m0,n1, attendVote=true, lastRpcSendTime=67, lastRpcResponseTime=47) yet, just keep nextIndex unchanged and retry.
2023-05-05 09:11:27,706 [01b6ceb7-397f-4531-b0f0-6cdac58298e0@group-A49B3673EEDC-StateMachineUpdater] INFO  ratis.ContainerStateMachine (ContainerStateMachine.java:takeSnapshot(330)) - group-A49B3673EEDC: Taking a snapshot at:(t:1, i:0) file /home/runner/work/ozone/ozone/hadoop-ozone/integration-test/target/test-dir/MiniOzoneClusterImpl-c61bf99b-c16a-4bd9-9ddf-73aa51c031b9/datanode-0/data/ratis/74946601-6469-47ef-8e9b-a49b3673eedc/sm/snapshot.1_0
2023-05-05 09:11:27,706 [01b6ceb7-397f-4531-b0f0-6cdac58298e0@group-A49B3673EEDC-FollowerState] INFO  impl.FollowerState (FollowerState.java:run(152)) - 01b6ceb7-397f-4531-b0f0-6cdac58298e0@group-A49B3673EEDC-FollowerState was interrupted
2023-05-05 09:11:27,707 [01b6ceb7-397f-4531-b0f0-6cdac58298e0-impl-thread3] INFO  impl.StateMachineUpdater (StateMachineUpdater.java:stopAndJoin(153)) - 01b6ceb7-397f-4531-b0f0-6cdac58298e0@group-A49B3673EEDC-StateMachineUpdater: set stopIndex = 0
2023-05-05 09:11:27,707 [01b6ceb7-397f-4531-b0f0-6cdac58298e0@group-A49B3673EEDC-StateMachineUpdater] INFO  ratis.ContainerStateMachine (ContainerStateMachine.java:takeSnapshot(341)) - group-A49B3673EEDC: Finished taking a snapshot at:(t:1, i:0) file:/home/runner/work/ozone/ozone/hadoop-ozone/integration-test/target/test-dir/MiniOzoneClusterImpl-c61bf99b-c16a-4bd9-9ddf-73aa51c031b9/datanode-0/data/ratis/74946601-6469-47ef-8e9b-a49b3673eedc/sm/snapshot.1_0 took: 1 ms
2023-05-05 09:11:27,707 [01b6ceb7-397f-4531-b0f0-6cdac58298e0@group-A49B3673EEDC-StateMachineUpdater] INFO  impl.StateMachineUpdater (StateMachineUpdater.java:takeSnapshot(287)) - 01b6ceb7-397f-4531-b0f0-6cdac58298e0@group-A49B3673EEDC-StateMachineUpdater: Took a snapshot at index 0
2023-05-05 09:11:27,707 [01b6ceb7-397f-4531-b0f0-6cdac58298e0@group-A49B3673EEDC-StateMachineUpdater] INFO  impl.StateMachineUpdater (StateMachineUpdater.java:lambda$new$0(92)) - 01b6ceb7-397f-4531-b0f0-6cdac58298e0@group-A49B3673EEDC-StateMachineUpdater: snapshotIndex: updateIncreasingly -1 -> 0
2023-05-05 09:11:27,707 [01b6ceb7-397f-4531-b0f0-6cdac58298e0-impl-thread3] INFO  server.RaftServer$Division (ServerState.java:close(466)) - 01b6ceb7-397f-4531-b0f0-6cdac58298e0@group-A49B3673EEDC: closes. applyIndex: 0
2023-05-05 09:11:27,708 [01b6ceb7-397f-4531-b0f0-6cdac58298e0@group-A49B3673EEDC-SegmentedRaftLogWorker] INFO  segmented.SegmentedRaftLogWorker (SegmentedRaftLogWorker.java:run(347)) - 01b6ceb7-397f-4531-b0f0-6cdac58298e0@group-A49B3673EEDC-SegmentedRaftLogWorker was interrupted, exiting. There are 0 tasks remaining in the queue.
2023-05-05 09:11:27,714 [ForkJoinPool.commonPool-worker-0] INFO  server.GrpcServerProtocolClient (GrpcServerProtocolClient.java:close(101)) - cbbeb21a-10ea-4a95-b948-f7c95f693eb9 Close channels
2023-05-05 09:11:27,714 [grpc-default-executor-3] WARN  server.GrpcLogAppender (LogUtils.java:warn(122)) - e841f512-b055-4fc0-94e5-70e8baf078a1@group-A49B3673EEDC->01b6ceb7-397f-4531-b0f0-6cdac58298e0-AppendLogResponseHandler: Failed appendEntries: org.apache.ratis.thirdparty.io.grpc.StatusRuntimeException: CANCELLED: RST_STREAM closed stream. HTTP/2 error code: CANCEL
2023-05-05 09:11:27,728 [01b6ceb7-397f-4531-b0f0-6cdac58298e0@group-584DB4BFA710-SegmentedRaftLogWorker] INFO  segmented.SegmentedRaftLogWorker (SegmentedRaftLogWorker.java:run(347)) - 01b6ceb7-397f-4531-b0f0-6cdac58298e0@group-584DB4BFA710-SegmentedRaftLogWorker was interrupted, exiting. There are 0 tasks remaining in the queue.
2023-05-05 09:11:27,728 [cbbeb21a-10ea-4a95-b948-f7c95f693eb9@group-E269F53961F5-SegmentedRaftLogWorker] INFO  segmented.SegmentedRaftLogWorker (SegmentedRaftLogWorker.java:run(347)) - cbbeb21a-10ea-4a95-b948-f7c95f693eb9@group-E269F53961F5-SegmentedRaftLogWorker was interrupted, exiting. There are 0 tasks remaining in the queue.
2023-05-05 09:11:27,728 [cbbeb21a-10ea-4a95-b948-f7c95f693eb9@group-A49B3673EEDC-SegmentedRaftLogWorker] INFO  segmented.SegmentedRaftLogWorker (SegmentedRaftLogWorker.java:run(347)) - cbbeb21a-10ea-4a95-b948-f7c95f693eb9@group-A49B3673EEDC-SegmentedRaftLogWorker was interrupted, exiting. There are 0 tasks remaining in the queue.
2023-05-05 09:11:27,736 [grpc-default-executor-3] WARN  server.GrpcLogAppender (GrpcLogAppender.java:resetClient(131)) - e841f512-b055-4fc0-94e5-70e8baf078a1@group-A49B3673EEDC->01b6ceb7-397f-4531-b0f0-6cdac58298e0-GrpcLogAppender: Leader has not got in touch with Follower e841f512-b055-4fc0-94e5-70e8baf078a1@group-A49B3673EEDC->01b6ceb7-397f-4531-b0f0-6cdac58298e0(c0,m0,n1, attendVote=true, lastRpcSendTime=96, lastRpcResponseTime=77) yet, just keep nextIndex unchanged and retry.
2023-05-05 09:11:27,737 [01b6ceb7-397f-4531-b0f0-6cdac58298e0-impl-thread2] INFO  server.RaftServer$Division (RaftServerImpl.java:lambda$close$4(458)) - 01b6ceb7-397f-4531-b0f0-6cdac58298e0@group-F08E02D63E68: shutdown
2023-05-05 09:11:27,737 [01b6ceb7-397f-4531-b0f0-6cdac58298e0-impl-thread2] INFO  util.JmxRegister (JmxRegister.java:unregister(73)) - Successfully un-registered JMX Bean with object name Ratis:service=RaftServer,group=group-F08E02D63E68,id=01b6ceb7-397f-4531-b0f0-6cdac58298e0
2023-05-05 09:11:27,737 [01b6ceb7-397f-4531-b0f0-6cdac58298e0-impl-thread2] INFO  impl.RoleInfo (RoleInfo.java:shutdownLeaderState(93)) - 01b6ceb7-397f-4531-b0f0-6cdac58298e0: shutdown 01b6ceb7-397f-4531-b0f0-6cdac58298e0@group-F08E02D63E68-LeaderStateImpl
2023-05-05 09:11:27,737 [01b6ceb7-397f-4531-b0f0-6cdac58298e0@group-F08E02D63E68->e841f512-b055-4fc0-94e5-70e8baf078a1-GrpcLogAppender-LogAppenderDaemon] WARN  server.GrpcLogAppender (GrpcLogAppender.java:mayWait(200)) - 01b6ceb7-397f-4531-b0f0-6cdac58298e0@group-F08E02D63E68->e841f512-b055-4fc0-94e5-70e8baf078a1-GrpcLogAppender: Wait interrupted by java.lang.InterruptedException
2023-05-05 09:11:27,738 [grpc-default-executor-3] INFO  server.GrpcServerProtocolService (GrpcServerProtocolService.java:onCompleted(143)) - e841f512-b055-4fc0-94e5-70e8baf078a1: Completed APPEND_ENTRIES, lastRequest: 01b6ceb7-397f-4531-b0f0-6cdac58298e0->e841f512-b055-4fc0-94e5-70e8baf078a1#1-t1,previous=(t:0, i:0),leaderCommit=0,initializing? true,entries: size=1, first=(t:1, i:0), CONFIGURATIONENTRY(current:id: "cbbeb21a-10ea-4a95-b948-f7c95f693eb9"
address: "10.1.0.42:38525"
dataStreamAddress: "10.1.0.42:37147"
clientAddress: "10.1.0.42:38525"
adminAddress: "10.1.0.42:38525"
startupRole: FOLLOWER
,id: "e841f512-b055-4fc0-94e5-70e8baf078a1"
address: "10.1.0.42:41953"
dataStreamAddress: "10.1.0.42:46347"
clientAddress: "10.1.0.42:41953"
adminAddress: "10.1.0.42:41953"
startupRole: FOLLOWER
,id: "01b6ceb7-397f-4531-b0f0-6cdac58298e0"
address: "10.1.0.42:43257"
priority: 1
dataStreamAddress: "10.1.0.42:36671"
clientAddress: "10.1.0.42:43257"
adminAddress: "10.1.0.42:43257"
startupRole: FOLLOWER
, old:)
2023-05-05 09:11:27,739 [grpc-default-executor-9] INFO  server.GrpcServerProtocolService (GrpcServerProtocolService.java:onCompleted(143)) - e841f512-b055-4fc0-94e5-70e8baf078a1: Completed APPEND_ENTRIES, lastRequest: null
2023-05-05 09:11:27,739 [grpc-default-executor-9] INFO  server.GrpcLogAppender (GrpcLogAppender.java:onCompleted(415)) - 01b6ceb7-397f-4531-b0f0-6cdac58298e0@group-F08E02D63E68->e841f512-b055-4fc0-94e5-70e8baf078a1-AppendLogResponseHandler: follower responses appendEntries COMPLETED
2023-05-05 09:11:27,739 [01b6ceb7-397f-4531-b0f0-6cdac58298e0-impl-thread2] INFO  impl.PendingRequests (PendingRequests.java:sendNotLeaderResponses(282)) - 01b6ceb7-397f-4531-b0f0-6cdac58298e0@group-F08E02D63E68-PendingRequests: sendNotLeaderResponses
2023-05-05 09:11:27,739 [grpc-default-executor-9] INFO  leader.FollowerInfo (FollowerInfoImpl.java:lambda$new$0(48)) - 01b6ceb7-397f-4531-b0f0-6cdac58298e0@group-F08E02D63E68->e841f512-b055-4fc0-94e5-70e8baf078a1: nextIndex: updateUnconditionally 1 -> 0
2023-05-05 09:11:27,740 [01b6ceb7-397f-4531-b0f0-6cdac58298e0@group-F08E02D63E68-StateMachineUpdater] INFO  ratis.ContainerStateMachine (ContainerStateMachine.java:takeSnapshot(330)) - group-F08E02D63E68: Taking a snapshot at:(t:1, i:0) file /home/runner/work/ozone/ozone/hadoop-ozone/integration-test/target/test-dir/MiniOzoneClusterImpl-c61bf99b-c16a-4bd9-9ddf-73aa51c031b9/datanode-0/data/ratis/f1dc1d9c-bce3-4fbb-93ec-f08e02d63e68/sm/snapshot.1_0
2023-05-05 09:11:27,740 [01b6ceb7-397f-4531-b0f0-6cdac58298e0-impl-thread2] INFO  impl.StateMachineUpdater (StateMachineUpdater.java:stopAndJoin(153)) - 01b6ceb7-397f-4531-b0f0-6cdac58298e0@group-F08E02D63E68-StateMachineUpdater: set stopIndex = 0
2023-05-05 09:11:27,741 [01b6ceb7-397f-4531-b0f0-6cdac58298e0@group-F08E02D63E68-StateMachineUpdater] INFO  ratis.ContainerStateMachine (ContainerStateMachine.java:takeSnapshot(341)) - group-F08E02D63E68: Finished taking a snapshot at:(t:1, i:0) file:/home/runner/work/ozone/ozone/hadoop-ozone/integration-test/target/test-dir/MiniOzoneClusterImpl-c61bf99b-c16a-4bd9-9ddf-73aa51c031b9/datanode-0/data/ratis/f1dc1d9c-bce3-4fbb-93ec-f08e02d63e68/sm/snapshot.1_0 took: 1 ms
2023-05-05 09:11:27,745 [01b6ceb7-397f-4531-b0f0-6cdac58298e0@group-F08E02D63E68-StateMachineUpdater] INFO  impl.StateMachineUpdater (StateMachineUpdater.java:takeSnapshot(287)) - 01b6ceb7-397f-4531-b0f0-6cdac58298e0@group-F08E02D63E68-StateMachineUpdater: Took a snapshot at index 0
2023-05-05 09:11:27,745 [01b6ceb7-397f-4531-b0f0-6cdac58298e0@group-F08E02D63E68-StateMachineUpdater] INFO  impl.StateMachineUpdater (StateMachineUpdater.java:lambda$new$0(92)) - 01b6ceb7-397f-4531-b0f0-6cdac58298e0@group-F08E02D63E68-StateMachineUpdater: snapshotIndex: updateIncreasingly -1 -> 0
2023-05-05 09:11:27,745 [01b6ceb7-397f-4531-b0f0-6cdac58298e0-impl-thread2] INFO  server.RaftServer$Division (ServerState.java:close(466)) - 01b6ceb7-397f-4531-b0f0-6cdac58298e0@group-F08E02D63E68: closes. applyIndex: 0
2023-05-05 09:11:27,745 [01b6ceb7-397f-4531-b0f0-6cdac58298e0@group-F08E02D63E68-SegmentedRaftLogWorker] INFO  segmented.SegmentedRaftLogWorker (SegmentedRaftLogWorker.java:run(347)) - 01b6ceb7-397f-4531-b0f0-6cdac58298e0@group-F08E02D63E68-SegmentedRaftLogWorker was interrupted, exiting. There are 0 tasks remaining in the queue.
2023-05-05 09:11:27,748 [cbbeb21a-10ea-4a95-b948-f7c95f693eb9-impl-thread1] INFO  segmented.SegmentedRaftLogWorker (SegmentedRaftLogWorker.java:close(257)) - cbbeb21a-10ea-4a95-b948-f7c95f693eb9@group-F08E02D63E68-SegmentedRaftLogWorker close()
2023-05-05 09:11:27,752 [01b6ceb7-397f-4531-b0f0-6cdac58298e0-impl-thread3] INFO  segmented.SegmentedRaftLogWorker (SegmentedRaftLogWorker.java:close(257)) - 01b6ceb7-397f-4531-b0f0-6cdac58298e0@group-A49B3673EEDC-SegmentedRaftLogWorker close()
2023-05-05 09:11:27,752 [01b6ceb7-397f-4531-b0f0-6cdac58298e0-impl-thread1] INFO  segmented.SegmentedRaftLogWorker (SegmentedRaftLogWorker.java:close(257)) - 01b6ceb7-397f-4531-b0f0-6cdac58298e0@group-584DB4BFA710-SegmentedRaftLogWorker close()
2023-05-05 09:11:27,752 [cbbeb21a-10ea-4a95-b948-f7c95f693eb9-impl-thread2] INFO  segmented.SegmentedRaftLogWorker (SegmentedRaftLogWorker.java:close(257)) - cbbeb21a-10ea-4a95-b948-f7c95f693eb9@group-E269F53961F5-SegmentedRaftLogWorker close()
2023-05-05 09:11:27,752 [cbbeb21a-10ea-4a95-b948-f7c95f693eb9-impl-thread3] INFO  segmented.SegmentedRaftLogWorker (SegmentedRaftLogWorker.java:close(257)) - cbbeb21a-10ea-4a95-b948-f7c95f693eb9@group-A49B3673EEDC-SegmentedRaftLogWorker close()
2023-05-05 09:11:27,753 [grpc-default-executor-9] INFO  server.GrpcLogAppender (GrpcLogAppender.java:onCompleted(415)) - 01b6ceb7-397f-4531-b0f0-6cdac58298e0@group-F08E02D63E68->e841f512-b055-4fc0-94e5-70e8baf078a1-AppendLogResponseHandler: follower responses appendEntries COMPLETED
2023-05-05 09:11:27,757 [01b6ceb7-397f-4531-b0f0-6cdac58298e0-impl-thread2] INFO  segmented.SegmentedRaftLogWorker (SegmentedRaftLogWorker.java:close(257)) - 01b6ceb7-397f-4531-b0f0-6cdac58298e0@group-F08E02D63E68-SegmentedRaftLogWorker close()
2023-05-05 09:11:27,757 [grpc-default-executor-9] INFO  leader.FollowerInfo (FollowerInfoImpl.java:lambda$new$0(48)) - 01b6ceb7-397f-4531-b0f0-6cdac58298e0@group-F08E02D63E68->e841f512-b055-4fc0-94e5-70e8baf078a1: nextIndex: updateUnconditionally 0 -> 0
2023-05-05 09:11:27,758 [ForkJoinPool.commonPool-worker-0] INFO  server.GrpcServerProtocolClient (GrpcServerProtocolClient.java:close(101)) - e841f512-b055-4fc0-94e5-70e8baf078a1 Close channels
2023-05-05 09:11:27,760 [JvmPauseMonitor8] INFO  util.JvmPauseMonitor (JvmPauseMonitor.java:run(111)) - JvmPauseMonitor-cbbeb21a-10ea-4a95-b948-f7c95f693eb9: Stopped
2023-05-05 09:11:27,772 [ForkJoinPool.commonPool-worker-0] INFO  server.GrpcService (GrpcService.java:closeImpl(280)) - 01b6ceb7-397f-4531-b0f0-6cdac58298e0: shutdown server GrpcServerProtocolService successfully
2023-05-05 09:11:27,773 [01b6ceb7-397f-4531-b0f0-6cdac58298e0-NettyServerStreamRpc-bossGroup--thread1] INFO  logging.LoggingHandler (AbstractInternalLogger.java:log(148)) - [id: 0xfe2e969b, L:/0:0:0:0:0:0:0:0:36671] CLOSE
2023-05-05 09:11:27,773 [01b6ceb7-397f-4531-b0f0-6cdac58298e0-NettyServerStreamRpc-bossGroup--thread1] INFO  logging.LoggingHandler (AbstractInternalLogger.java:log(148)) - [id: 0xfe2e969b, L:/0:0:0:0:0:0:0:0:36671] INACTIVE
2023-05-05 09:11:27,773 [01b6ceb7-397f-4531-b0f0-6cdac58298e0-NettyServerStreamRpc-bossGroup--thread1] INFO  logging.LoggingHandler (AbstractInternalLogger.java:log(148)) - [id: 0xfe2e969b, L:/0:0:0:0:0:0:0:0:36671] UNREGISTERED
2023-05-05 09:11:27,776 [JvmPauseMonitor7] INFO  util.JvmPauseMonitor (JvmPauseMonitor.java:run(111)) - JvmPauseMonitor-01b6ceb7-397f-4531-b0f0-6cdac58298e0: Stopped
2023-05-05 09:11:29,778 [Listener at 127.0.0.1/34263] INFO  volume.HddsVolume (HddsVolume.java:closeDbStore(437)) - SchemaV3 db is stopped at /home/runner/work/ozone/ozone/hadoop-ozone/integration-test/target/test-dir/MiniOzoneClusterImpl-c61bf99b-c16a-4bd9-9ddf-73aa51c031b9/datanode-1/data-0/containers/hdds/c61bf99b-c16a-4bd9-9ddf-73aa51c031b9/DS-0d382203-2460-457c-863f-cdd4a6bd1f0d/container.db for volume DS-0d382203-2460-457c-863f-cdd4a6bd1f0d
2023-05-05 09:11:29,779 [Listener at 127.0.0.1/34263] INFO  utils.BackgroundService (BackgroundService.java:shutdown(141)) - Shutting down service BlockDeletingService
2023-05-05 09:11:29,782 [Listener at 127.0.0.1/34263] INFO  utils.BackgroundService (BackgroundService.java:shutdown(141)) - Shutting down service StaleRecoveringContainerScrubbingService
2023-05-05 09:11:29,785 [Listener at 127.0.0.1/34263] INFO  statemachine.DatanodeStateMachine (DatanodeStateMachine.java:stopDaemon(608)) - Ozone container server stopped.
2023-05-05 09:11:29,797 [ForkJoinPool.commonPool-worker-0] INFO  volume.HddsVolume (HddsVolume.java:closeDbStore(437)) - SchemaV3 db is stopped at /home/runner/work/ozone/ozone/hadoop-ozone/integration-test/target/test-dir/MiniOzoneClusterImpl-c61bf99b-c16a-4bd9-9ddf-73aa51c031b9/datanode-0/data-0/containers/hdds/c61bf99b-c16a-4bd9-9ddf-73aa51c031b9/DS-6bc5f606-e1a6-4ddd-b4d6-7f40b5358a23/container.db for volume DS-6bc5f606-e1a6-4ddd-b4d6-7f40b5358a23
2023-05-05 09:11:29,797 [ForkJoinPool.commonPool-worker-0] INFO  utils.BackgroundService (BackgroundService.java:shutdown(141)) - Shutting down service BlockDeletingService
2023-05-05 09:11:29,798 [ForkJoinPool.commonPool-worker-0] INFO  utils.BackgroundService (BackgroundService.java:shutdown(141)) - Shutting down service StaleRecoveringContainerScrubbingService
2023-05-05 09:11:29,799 [ForkJoinPool.commonPool-worker-0] INFO  statemachine.DatanodeStateMachine (DatanodeStateMachine.java:stopDaemon(608)) - Ozone container server stopped.
2023-05-05 09:11:29,811 [Listener at 127.0.0.1/34263] INFO  handler.ContextHandler (ContextHandler.java:doStop(1159)) - Stopped o.e.j.w.WebAppContext@573d916b{hddsDatanode,/,null,STOPPED}{jar:file:/home/runner/.m2/repository/org/apache/ozone/hdds-container-service/1.4.0-SNAPSHOT/hdds-container-service-1.4.0-SNAPSHOT.jar!/webapps/hddsDatanode}
2023-05-05 09:11:29,812 [Listener at 127.0.0.1/34263] INFO  server.AbstractConnector (AbstractConnector.java:doStop(383)) - Stopped ServerConnector@3ae3e2e0{HTTP/1.1, (http/1.1)}{0.0.0.0:0}
2023-05-05 09:11:29,812 [Listener at 127.0.0.1/34263] INFO  server.session (HouseKeeper.java:stopScavenging(149)) - node0 Stopped scavenging
2023-05-05 09:11:29,812 [Listener at 127.0.0.1/34263] INFO  handler.ContextHandler (ContextHandler.java:doStop(1159)) - Stopped o.e.j.s.ServletContextHandler@242055b4{static,/static,jar:file:/home/runner/.m2/repository/org/apache/ozone/hdds-container-service/1.4.0-SNAPSHOT/hdds-container-service-1.4.0-SNAPSHOT.jar!/webapps/static,STOPPED}
2023-05-05 09:11:29,812 [Listener at 127.0.0.1/34263] INFO  handler.ContextHandler (ContextHandler.java:doStop(1159)) - Stopped o.e.j.s.ServletContextHandler@3d5a722b{logs,/logs,file:///home/runner/work/ozone/ozone/hadoop-ozone/integration-test/target/log,STOPPED}
2023-05-05 09:11:29,817 [Listener at 127.0.0.1/34263] INFO  ozoneimpl.OzoneContainer (OzoneContainer.java:stop(419)) - Attempting to stop container services.
2023-05-05 09:11:29,822 [Listener at 127.0.0.1/34263] INFO  server.RaftServer (RaftServerProxy.java:lambda$close$6(409)) - e841f512-b055-4fc0-94e5-70e8baf078a1: close
2023-05-05 09:11:29,822 [e841f512-b055-4fc0-94e5-70e8baf078a1-impl-thread1] INFO  server.RaftServer$Division (RaftServerImpl.java:lambda$close$4(458)) - e841f512-b055-4fc0-94e5-70e8baf078a1@group-919854D4A736: shutdown
2023-05-05 09:11:29,822 [e841f512-b055-4fc0-94e5-70e8baf078a1-impl-thread1] INFO  util.JmxRegister (JmxRegister.java:unregister(73)) - Successfully un-registered JMX Bean with object name Ratis:service=RaftServer,group=group-919854D4A736,id=e841f512-b055-4fc0-94e5-70e8baf078a1
2023-05-05 09:11:29,822 [e841f512-b055-4fc0-94e5-70e8baf078a1-impl-thread1] INFO  impl.RoleInfo (RoleInfo.java:shutdownLeaderState(93)) - e841f512-b055-4fc0-94e5-70e8baf078a1: shutdown e841f512-b055-4fc0-94e5-70e8baf078a1@group-919854D4A736-LeaderStateImpl
2023-05-05 09:11:29,822 [e841f512-b055-4fc0-94e5-70e8baf078a1-impl-thread1] INFO  impl.PendingRequests (PendingRequests.java:sendNotLeaderResponses(282)) - e841f512-b055-4fc0-94e5-70e8baf078a1@group-919854D4A736-PendingRequests: sendNotLeaderResponses
2023-05-05 09:11:29,822 [e841f512-b055-4fc0-94e5-70e8baf078a1-impl-thread1] INFO  impl.StateMachineUpdater (StateMachineUpdater.java:stopAndJoin(153)) - e841f512-b055-4fc0-94e5-70e8baf078a1@group-919854D4A736-StateMachineUpdater: set stopIndex = 0
2023-05-05 09:11:29,828 [e841f512-b055-4fc0-94e5-70e8baf078a1@group-919854D4A736-StateMachineUpdater] INFO  ratis.ContainerStateMachine (ContainerStateMachine.java:takeSnapshot(330)) - group-919854D4A736: Taking a snapshot at:(t:1, i:0) file /home/runner/work/ozone/ozone/hadoop-ozone/integration-test/target/test-dir/MiniOzoneClusterImpl-c61bf99b-c16a-4bd9-9ddf-73aa51c031b9/datanode-2/data/ratis/63a1a7f4-df07-4147-a10e-919854d4a736/sm/snapshot.1_0
2023-05-05 09:11:29,830 [e841f512-b055-4fc0-94e5-70e8baf078a1@group-919854D4A736-StateMachineUpdater] INFO  ratis.ContainerStateMachine (ContainerStateMachine.java:takeSnapshot(341)) - group-919854D4A736: Finished taking a snapshot at:(t:1, i:0) file:/home/runner/work/ozone/ozone/hadoop-ozone/integration-test/target/test-dir/MiniOzoneClusterImpl-c61bf99b-c16a-4bd9-9ddf-73aa51c031b9/datanode-2/data/ratis/63a1a7f4-df07-4147-a10e-919854d4a736/sm/snapshot.1_0 took: 1 ms
2023-05-05 09:11:29,830 [e841f512-b055-4fc0-94e5-70e8baf078a1@group-919854D4A736-StateMachineUpdater] INFO  impl.StateMachineUpdater (StateMachineUpdater.java:takeSnapshot(287)) - e841f512-b055-4fc0-94e5-70e8baf078a1@group-919854D4A736-StateMachineUpdater: Took a snapshot at index 0
2023-05-05 09:11:29,830 [e841f512-b055-4fc0-94e5-70e8baf078a1@group-919854D4A736-StateMachineUpdater] INFO  impl.StateMachineUpdater (StateMachineUpdater.java:lambda$new$0(92)) - e841f512-b055-4fc0-94e5-70e8baf078a1@group-919854D4A736-StateMachineUpdater: snapshotIndex: updateIncreasingly -1 -> 0
2023-05-05 09:11:29,831 [e841f512-b055-4fc0-94e5-70e8baf078a1-impl-thread1] INFO  server.RaftServer$Division (ServerState.java:close(466)) - e841f512-b055-4fc0-94e5-70e8baf078a1@group-919854D4A736: closes. applyIndex: 0
2023-05-05 09:11:29,832 [e841f512-b055-4fc0-94e5-70e8baf078a1-impl-thread2] INFO  server.RaftServer$Division (RaftServerImpl.java:lambda$close$4(458)) - e841f512-b055-4fc0-94e5-70e8baf078a1@group-F08E02D63E68: shutdown
2023-05-05 09:11:29,832 [e841f512-b055-4fc0-94e5-70e8baf078a1-impl-thread2] INFO  util.JmxRegister (JmxRegister.java:unregister(73)) - Successfully un-registered JMX Bean with object name Ratis:service=RaftServer,group=group-F08E02D63E68,id=e841f512-b055-4fc0-94e5-70e8baf078a1
2023-05-05 09:11:29,832 [e841f512-b055-4fc0-94e5-70e8baf078a1-impl-thread2] INFO  impl.RoleInfo (RoleInfo.java:shutdownFollowerState(110)) - e841f512-b055-4fc0-94e5-70e8baf078a1: shutdown e841f512-b055-4fc0-94e5-70e8baf078a1@group-F08E02D63E68-FollowerState
2023-05-05 09:11:29,832 [Listener at 127.0.0.1/34263] INFO  server.GrpcService (GrpcService.java:closeImpl(271)) - e841f512-b055-4fc0-94e5-70e8baf078a1: shutdown server GrpcServerProtocolService now
2023-05-05 09:11:29,833 [e841f512-b055-4fc0-94e5-70e8baf078a1-impl-thread3] INFO  server.RaftServer$Division (RaftServerImpl.java:lambda$close$4(458)) - e841f512-b055-4fc0-94e5-70e8baf078a1@group-A49B3673EEDC: shutdown
2023-05-05 09:11:29,833 [e841f512-b055-4fc0-94e5-70e8baf078a1-impl-thread3] INFO  util.JmxRegister (JmxRegister.java:unregister(73)) - Successfully un-registered JMX Bean with object name Ratis:service=RaftServer,group=group-A49B3673EEDC,id=e841f512-b055-4fc0-94e5-70e8baf078a1
2023-05-05 09:11:29,833 [e841f512-b055-4fc0-94e5-70e8baf078a1-impl-thread3] INFO  impl.RoleInfo (RoleInfo.java:shutdownLeaderState(93)) - e841f512-b055-4fc0-94e5-70e8baf078a1: shutdown e841f512-b055-4fc0-94e5-70e8baf078a1@group-A49B3673EEDC-LeaderStateImpl
2023-05-05 09:11:29,834 [e841f512-b055-4fc0-94e5-70e8baf078a1-impl-thread2] INFO  impl.StateMachineUpdater (StateMachineUpdater.java:stopAndJoin(153)) - e841f512-b055-4fc0-94e5-70e8baf078a1@group-F08E02D63E68-StateMachineUpdater: set stopIndex = 0
2023-05-05 09:11:29,834 [e841f512-b055-4fc0-94e5-70e8baf078a1-impl-thread3] INFO  impl.PendingRequests (PendingRequests.java:sendNotLeaderResponses(282)) - e841f512-b055-4fc0-94e5-70e8baf078a1@group-A49B3673EEDC-PendingRequests: sendNotLeaderResponses
2023-05-05 09:11:29,834 [e841f512-b055-4fc0-94e5-70e8baf078a1@group-F08E02D63E68-StateMachineUpdater] INFO  ratis.ContainerStateMachine (ContainerStateMachine.java:takeSnapshot(330)) - group-F08E02D63E68: Taking a snapshot at:(t:1, i:0) file /home/runner/work/ozone/ozone/hadoop-ozone/integration-test/target/test-dir/MiniOzoneClusterImpl-c61bf99b-c16a-4bd9-9ddf-73aa51c031b9/datanode-2/data/ratis/f1dc1d9c-bce3-4fbb-93ec-f08e02d63e68/sm/snapshot.1_0
2023-05-05 09:11:29,834 [e841f512-b055-4fc0-94e5-70e8baf078a1-impl-thread3] INFO  impl.StateMachineUpdater (StateMachineUpdater.java:stopAndJoin(153)) - e841f512-b055-4fc0-94e5-70e8baf078a1@group-A49B3673EEDC-StateMachineUpdater: set stopIndex = 0
2023-05-05 09:11:29,834 [e841f512-b055-4fc0-94e5-70e8baf078a1@group-A49B3673EEDC-StateMachineUpdater] INFO  ratis.ContainerStateMachine (ContainerStateMachine.java:takeSnapshot(330)) - group-A49B3673EEDC: Taking a snapshot at:(t:1, i:0) file /home/runner/work/ozone/ozone/hadoop-ozone/integration-test/target/test-dir/MiniOzoneClusterImpl-c61bf99b-c16a-4bd9-9ddf-73aa51c031b9/datanode-2/data/ratis/74946601-6469-47ef-8e9b-a49b3673eedc/sm/snapshot.1_0
2023-05-05 09:11:29,834 [e841f512-b055-4fc0-94e5-70e8baf078a1@group-F08E02D63E68-FollowerState] INFO  impl.FollowerState (FollowerState.java:run(152)) - e841f512-b055-4fc0-94e5-70e8baf078a1@group-F08E02D63E68-FollowerState was interrupted
2023-05-05 09:11:29,834 [e841f512-b055-4fc0-94e5-70e8baf078a1@group-919854D4A736-SegmentedRaftLogWorker] INFO  segmented.SegmentedRaftLogWorker (SegmentedRaftLogWorker.java:run(347)) - e841f512-b055-4fc0-94e5-70e8baf078a1@group-919854D4A736-SegmentedRaftLogWorker was interrupted, exiting. There are 0 tasks remaining in the queue.
2023-05-05 09:11:29,834 [e841f512-b055-4fc0-94e5-70e8baf078a1@group-F08E02D63E68-StateMachineUpdater] INFO  ratis.ContainerStateMachine (ContainerStateMachine.java:takeSnapshot(341)) - group-F08E02D63E68: Finished taking a snapshot at:(t:1, i:0) file:/home/runner/work/ozone/ozone/hadoop-ozone/integration-test/target/test-dir/MiniOzoneClusterImpl-c61bf99b-c16a-4bd9-9ddf-73aa51c031b9/datanode-2/data/ratis/f1dc1d9c-bce3-4fbb-93ec-f08e02d63e68/sm/snapshot.1_0 took: 1 ms
2023-05-05 09:11:29,835 [e841f512-b055-4fc0-94e5-70e8baf078a1@group-F08E02D63E68-StateMachineUpdater] INFO  impl.StateMachineUpdater (StateMachineUpdater.java:takeSnapshot(287)) - e841f512-b055-4fc0-94e5-70e8baf078a1@group-F08E02D63E68-StateMachineUpdater: Took a snapshot at index 0
2023-05-05 09:11:29,835 [e841f512-b055-4fc0-94e5-70e8baf078a1@group-F08E02D63E68-StateMachineUpdater] INFO  impl.StateMachineUpdater (StateMachineUpdater.java:lambda$new$0(92)) - e841f512-b055-4fc0-94e5-70e8baf078a1@group-F08E02D63E68-StateMachineUpdater: snapshotIndex: updateIncreasingly -1 -> 0
2023-05-05 09:11:29,835 [e841f512-b055-4fc0-94e5-70e8baf078a1-impl-thread2] INFO  server.RaftServer$Division (ServerState.java:close(466)) - e841f512-b055-4fc0-94e5-70e8baf078a1@group-F08E02D63E68: closes. applyIndex: 0
2023-05-05 09:11:29,835 [e841f512-b055-4fc0-94e5-70e8baf078a1@group-F08E02D63E68-SegmentedRaftLogWorker] INFO  segmented.SegmentedRaftLogWorker (SegmentedRaftLogWorker.java:run(347)) - e841f512-b055-4fc0-94e5-70e8baf078a1@group-F08E02D63E68-SegmentedRaftLogWorker was interrupted, exiting. There are 0 tasks remaining in the queue.
2023-05-05 09:11:29,835 [e841f512-b055-4fc0-94e5-70e8baf078a1@group-A49B3673EEDC-StateMachineUpdater] INFO  ratis.ContainerStateMachine (ContainerStateMachine.java:takeSnapshot(341)) - group-A49B3673EEDC: Finished taking a snapshot at:(t:1, i:0) file:/home/runner/work/ozone/ozone/hadoop-ozone/integration-test/target/test-dir/MiniOzoneClusterImpl-c61bf99b-c16a-4bd9-9ddf-73aa51c031b9/datanode-2/data/ratis/74946601-6469-47ef-8e9b-a49b3673eedc/sm/snapshot.1_0 took: 1 ms
2023-05-05 09:11:29,835 [e841f512-b055-4fc0-94e5-70e8baf078a1@group-A49B3673EEDC-StateMachineUpdater] INFO  impl.StateMachineUpdater (StateMachineUpdater.java:takeSnapshot(287)) - e841f512-b055-4fc0-94e5-70e8baf078a1@group-A49B3673EEDC-StateMachineUpdater: Took a snapshot at index 0
2023-05-05 09:11:29,835 [e841f512-b055-4fc0-94e5-70e8baf078a1@group-A49B3673EEDC-StateMachineUpdater] INFO  impl.StateMachineUpdater (StateMachineUpdater.java:lambda$new$0(92)) - e841f512-b055-4fc0-94e5-70e8baf078a1@group-A49B3673EEDC-StateMachineUpdater: snapshotIndex: updateIncreasingly -1 -> 0
2023-05-05 09:11:29,836 [e841f512-b055-4fc0-94e5-70e8baf078a1-impl-thread3] INFO  server.RaftServer$Division (ServerState.java:close(466)) - e841f512-b055-4fc0-94e5-70e8baf078a1@group-A49B3673EEDC: closes. applyIndex: 0
2023-05-05 09:11:29,836 [e841f512-b055-4fc0-94e5-70e8baf078a1-impl-thread2] INFO  segmented.SegmentedRaftLogWorker (SegmentedRaftLogWorker.java:close(257)) - e841f512-b055-4fc0-94e5-70e8baf078a1@group-F08E02D63E68-SegmentedRaftLogWorker close()
2023-05-05 09:11:29,836 [e841f512-b055-4fc0-94e5-70e8baf078a1@group-A49B3673EEDC-SegmentedRaftLogWorker] INFO  segmented.SegmentedRaftLogWorker (SegmentedRaftLogWorker.java:run(347)) - e841f512-b055-4fc0-94e5-70e8baf078a1@group-A49B3673EEDC-SegmentedRaftLogWorker was interrupted, exiting. There are 0 tasks remaining in the queue.
2023-05-05 09:11:29,836 [e841f512-b055-4fc0-94e5-70e8baf078a1-impl-thread1] INFO  segmented.SegmentedRaftLogWorker (SegmentedRaftLogWorker.java:close(257)) - e841f512-b055-4fc0-94e5-70e8baf078a1@group-919854D4A736-SegmentedRaftLogWorker close()
2023-05-05 09:11:29,836 [e841f512-b055-4fc0-94e5-70e8baf078a1-impl-thread3] INFO  segmented.SegmentedRaftLogWorker (SegmentedRaftLogWorker.java:close(257)) - e841f512-b055-4fc0-94e5-70e8baf078a1@group-A49B3673EEDC-SegmentedRaftLogWorker close()
2023-05-05 09:11:29,837 [Listener at 127.0.0.1/34263] INFO  server.GrpcServerProtocolClient (GrpcServerProtocolClient.java:close(101)) - cbbeb21a-10ea-4a95-b948-f7c95f693eb9 Close channels
2023-05-05 09:11:29,838 [ForkJoinPool.commonPool-worker-0] INFO  handler.ContextHandler (ContextHandler.java:doStop(1159)) - Stopped o.e.j.w.WebAppContext@49fd6f00{hddsDatanode,/,null,STOPPED}{jar:file:/home/runner/.m2/repository/org/apache/ozone/hdds-container-service/1.4.0-SNAPSHOT/hdds-container-service-1.4.0-SNAPSHOT.jar!/webapps/hddsDatanode}
2023-05-05 09:11:29,838 [ForkJoinPool.commonPool-worker-0] INFO  server.AbstractConnector (AbstractConnector.java:doStop(383)) - Stopped ServerConnector@37cf8047{HTTP/1.1, (http/1.1)}{0.0.0.0:0}
2023-05-05 09:11:29,838 [ForkJoinPool.commonPool-worker-0] INFO  server.session (HouseKeeper.java:stopScavenging(149)) - node0 Stopped scavenging
2023-05-05 09:11:29,839 [ForkJoinPool.commonPool-worker-0] INFO  handler.ContextHandler (ContextHandler.java:doStop(1159)) - Stopped o.e.j.s.ServletContextHandler@22f4fbe0{static,/static,jar:file:/home/runner/.m2/repository/org/apache/ozone/hdds-container-service/1.4.0-SNAPSHOT/hdds-container-service-1.4.0-SNAPSHOT.jar!/webapps/static,STOPPED}
2023-05-05 09:11:29,840 [Listener at 127.0.0.1/34263] INFO  server.GrpcServerProtocolClient (GrpcServerProtocolClient.java:close(101)) - 01b6ceb7-397f-4531-b0f0-6cdac58298e0 Close channels
2023-05-05 09:11:29,840 [ForkJoinPool.commonPool-worker-0] INFO  handler.ContextHandler (ContextHandler.java:doStop(1159)) - Stopped o.e.j.s.ServletContextHandler@54e83d78{logs,/logs,file:///home/runner/work/ozone/ozone/hadoop-ozone/integration-test/target/log,STOPPED}
2023-05-05 09:11:29,841 [Listener at 127.0.0.1/34263] INFO  server.GrpcService (GrpcService.java:closeImpl(280)) - e841f512-b055-4fc0-94e5-70e8baf078a1: shutdown server GrpcServerProtocolService successfully
2023-05-05 09:11:29,841 [e841f512-b055-4fc0-94e5-70e8baf078a1-NettyServerStreamRpc-bossGroup--thread1] INFO  logging.LoggingHandler (AbstractInternalLogger.java:log(148)) - [id: 0x8e8f5515, L:/0:0:0:0:0:0:0:0:46347] CLOSE
2023-05-05 09:11:29,841 [e841f512-b055-4fc0-94e5-70e8baf078a1-NettyServerStreamRpc-bossGroup--thread1] INFO  logging.LoggingHandler (AbstractInternalLogger.java:log(148)) - [id: 0x8e8f5515, L:/0:0:0:0:0:0:0:0:46347] INACTIVE
2023-05-05 09:11:29,841 [e841f512-b055-4fc0-94e5-70e8baf078a1-NettyServerStreamRpc-bossGroup--thread1] INFO  logging.LoggingHandler (AbstractInternalLogger.java:log(148)) - [id: 0x8e8f5515, L:/0:0:0:0:0:0:0:0:46347] UNREGISTERED
2023-05-05 09:11:29,852 [JvmPauseMonitor9] INFO  util.JvmPauseMonitor (JvmPauseMonitor.java:run(111)) - JvmPauseMonitor-e841f512-b055-4fc0-94e5-70e8baf078a1: Stopped
2023-05-05 09:11:31,856 [Listener at 127.0.0.1/34263] INFO  volume.HddsVolume (HddsVolume.java:closeDbStore(437)) - SchemaV3 db is stopped at /home/runner/work/ozone/ozone/hadoop-ozone/integration-test/target/test-dir/MiniOzoneClusterImpl-c61bf99b-c16a-4bd9-9ddf-73aa51c031b9/datanode-2/data-0/containers/hdds/c61bf99b-c16a-4bd9-9ddf-73aa51c031b9/DS-87fe32ea-f4e7-44e1-9fa0-54a6d4264997/container.db for volume DS-87fe32ea-f4e7-44e1-9fa0-54a6d4264997
2023-05-05 09:11:31,856 [Listener at 127.0.0.1/34263] INFO  utils.BackgroundService (BackgroundService.java:shutdown(141)) - Shutting down service BlockDeletingService
2023-05-05 09:11:31,857 [Listener at 127.0.0.1/34263] INFO  utils.BackgroundService (BackgroundService.java:shutdown(141)) - Shutting down service StaleRecoveringContainerScrubbingService
2023-05-05 09:11:31,858 [Listener at 127.0.0.1/34263] INFO  statemachine.DatanodeStateMachine (DatanodeStateMachine.java:stopDaemon(608)) - Ozone container server stopped.
2023-05-05 09:11:31,866 [Listener at 127.0.0.1/34263] INFO  handler.ContextHandler (ContextHandler.java:doStop(1159)) - Stopped o.e.j.w.WebAppContext@33c60470{hddsDatanode,/,null,STOPPED}{jar:file:/home/runner/.m2/repository/org/apache/ozone/hdds-container-service/1.4.0-SNAPSHOT/hdds-container-service-1.4.0-SNAPSHOT.jar!/webapps/hddsDatanode}
2023-05-05 09:11:31,867 [Listener at 127.0.0.1/34263] INFO  server.AbstractConnector (AbstractConnector.java:doStop(383)) - Stopped ServerConnector@72433a65{HTTP/1.1, (http/1.1)}{0.0.0.0:0}
2023-05-05 09:11:31,867 [Listener at 127.0.0.1/34263] INFO  server.session (HouseKeeper.java:stopScavenging(149)) - node0 Stopped scavenging
2023-05-05 09:11:31,867 [Listener at 127.0.0.1/34263] INFO  handler.ContextHandler (ContextHandler.java:doStop(1159)) - Stopped o.e.j.s.ServletContextHandler@6aabf457{static,/static,jar:file:/home/runner/.m2/repository/org/apache/ozone/hdds-container-service/1.4.0-SNAPSHOT/hdds-container-service-1.4.0-SNAPSHOT.jar!/webapps/static,STOPPED}
2023-05-05 09:11:31,867 [Listener at 127.0.0.1/34263] INFO  handler.ContextHandler (ContextHandler.java:doStop(1159)) - Stopped o.e.j.s.ServletContextHandler@77ec77e4{logs,/logs,file:///home/runner/work/ozone/ozone/hadoop-ozone/integration-test/target/log,STOPPED}
2023-05-05 09:11:31,869 [Listener at 127.0.0.1/34263] INFO  ozone.MiniOzoneClusterImpl (MiniOzoneClusterImpl.java:stopSCM(552)) - Stopping the StorageContainerManager
2023-05-05 09:11:31,869 [Listener at 127.0.0.1/34263] INFO  server.StorageContainerManager (StorageContainerManager.java:stop(1578)) - Container Balancer is not running.
2023-05-05 09:11:31,869 [Listener at 127.0.0.1/34263] INFO  server.StorageContainerManager (StorageContainerManager.java:stopReplicationManager(1709)) - Stopping Replication Manager Service.
2023-05-05 09:11:31,869 [Listener at 127.0.0.1/34263] INFO  replication.ReplicationManager (ReplicationManager.java:stop(326)) - Stopping Replication Monitor Thread.
2023-05-05 09:11:31,869 [Listener at 127.0.0.1/34263] INFO  server.StorageContainerManager (StorageContainerManager.java:stop(1587)) - Stopping the Datanode Admin Monitor.
2023-05-05 09:11:31,869 [Under Replicated Processor] WARN  replication.UnhealthyReplicationProcessor (UnhealthyReplicationProcessor.java:run(167)) - Under Replicated Processor interrupted. Exiting...
2023-05-05 09:11:31,869 [Listener at 127.0.0.1/34263] INFO  server.StorageContainerManager (StorageContainerManager.java:stop(1594)) - Stopping datanode service RPC server
2023-05-05 09:11:31,870 [Listener at 127.0.0.1/34263] INFO  server.SCMDatanodeProtocolServer (SCMDatanodeProtocolServer.java:stop(424)) - Stopping the RPC server for DataNodes
2023-05-05 09:11:31,870 [Listener at 127.0.0.1/34263] INFO  ipc.Server (Server.java:stop(3501)) - Stopping server on 43239
2023-05-05 09:11:31,870 [ReplicationMonitor] INFO  replication.ReplicationManager (ReplicationManager.java:run(937)) - Replication Monitor Thread is stopped
2023-05-05 09:11:31,870 [Over Replicated Processor] WARN  replication.UnhealthyReplicationProcessor (UnhealthyReplicationProcessor.java:run(167)) - Over Replicated Processor interrupted. Exiting...
2023-05-05 09:11:31,870 [IPC Server listener on 0] INFO  ipc.Server (Server.java:run(1430)) - Stopping IPC Server listener on 0
2023-05-05 09:11:31,872 [IPC Server Responder] INFO  ipc.Server (Server.java:run(1563)) - Stopping IPC Server Responder
2023-05-05 09:11:31,890 [SCM Heartbeat Processing Thread - 0] WARN  node.NodeStateManager (NodeStateManager.java:scheduleNextHealthCheck(870)) - Current Thread is interrupted, shutting down HB processing thread for Node Manager.
2023-05-05 09:11:31,890 [Listener at 127.0.0.1/34263] INFO  server.StorageContainerManager (StorageContainerManager.java:stop(1602)) - Stopping block service RPC server
2023-05-05 09:11:31,890 [Listener at 127.0.0.1/34263] INFO  server.SCMBlockProtocolServer (SCMBlockProtocolServer.java:stop(161)) - Stopping the RPC server for Block Protocol
2023-05-05 09:11:31,890 [Listener at 127.0.0.1/34263] INFO  ipc.Server (Server.java:stop(3501)) - Stopping server on 37919
2023-05-05 09:11:31,891 [IPC Server listener on 0] INFO  ipc.Server (Server.java:run(1430)) - Stopping IPC Server listener on 0
2023-05-05 09:11:31,893 [IPC Server Responder] INFO  ipc.Server (Server.java:run(1563)) - Stopping IPC Server Responder
2023-05-05 09:11:31,893 [Listener at 127.0.0.1/34263] INFO  server.StorageContainerManager (StorageContainerManager.java:stop(1609)) - Stopping the StorageContainerLocationProtocol RPC server
2023-05-05 09:11:31,893 [Listener at 127.0.0.1/34263] INFO  server.SCMClientProtocolServer (SCMClientProtocolServer.java:stop(208)) - Stopping the RPC server for Client Protocol
2023-05-05 09:11:31,893 [Listener at 127.0.0.1/34263] INFO  ipc.Server (Server.java:stop(3501)) - Stopping server on 39717
2023-05-05 09:11:31,894 [IPC Server listener on 0] INFO  ipc.Server (Server.java:run(1430)) - Stopping IPC Server listener on 0
2023-05-05 09:11:31,895 [IPC Server Responder] INFO  ipc.Server (Server.java:run(1563)) - Stopping IPC Server Responder
2023-05-05 09:11:31,895 [Listener at 127.0.0.1/34263] INFO  server.StorageContainerManager (StorageContainerManager.java:stop(1616)) - Stopping Storage Container Manager HTTP server.
2023-05-05 09:11:31,896 [Listener at 127.0.0.1/34263] INFO  handler.ContextHandler (ContextHandler.java:doStop(1159)) - Stopped o.e.j.w.WebAppContext@3902cc64{scm,/,null,STOPPED}{file:/home/runner/work/ozone/ozone/hadoop-ozone/integration-test/target/test-classes/webapps/scm}
2023-05-05 09:11:31,896 [Listener at 127.0.0.1/34263] INFO  server.AbstractConnector (AbstractConnector.java:doStop(383)) - Stopped ServerConnector@7248e60e{HTTP/1.1, (http/1.1)}{0.0.0.0:0}
2023-05-05 09:11:31,896 [Listener at 127.0.0.1/34263] INFO  server.session (HouseKeeper.java:stopScavenging(149)) - node0 Stopped scavenging
2023-05-05 09:11:31,896 [Listener at 127.0.0.1/34263] INFO  handler.ContextHandler (ContextHandler.java:doStop(1159)) - Stopped o.e.j.s.ServletContextHandler@c79b5da{static,/static,file:///home/runner/work/ozone/ozone/hadoop-ozone/integration-test/target/test-classes/webapps/static,STOPPED}
2023-05-05 09:11:31,896 [Listener at 127.0.0.1/34263] INFO  handler.ContextHandler (ContextHandler.java:doStop(1159)) - Stopped o.e.j.s.ServletContextHandler@3810c8aa{logs,/logs,file:///home/runner/work/ozone/ozone/hadoop-ozone/integration-test/target/log,STOPPED}
2023-05-05 09:11:31,897 [Listener at 127.0.0.1/34263] INFO  server.StorageContainerManager (StorageContainerManager.java:stop(1624)) - Stopping SCM LayoutVersionManager Service.
2023-05-05 09:11:31,897 [Listener at 127.0.0.1/34263] INFO  server.StorageContainerManager (StorageContainerManager.java:stop(1632)) - Stopping Block Manager Service.
2023-05-05 09:11:31,897 [Listener at 127.0.0.1/34263] INFO  utils.BackgroundService (BackgroundService.java:shutdown(141)) - Shutting down service SCMBlockDeletingService
2023-05-05 09:11:31,897 [Listener at 127.0.0.1/34263] INFO  utils.BackgroundService (BackgroundService.java:shutdown(141)) - Shutting down service SCMBlockDeletingService
2023-05-05 09:11:31,897 [Listener at 127.0.0.1/34263] INFO  server.StorageContainerManager (StorageContainerManager.java:stop(1654)) - Stopping SCM Event Queue.
2023-05-05 09:11:31,899 [Listener at 127.0.0.1/34263] INFO  server.StorageContainerManager (StorageContainerManager.java:stop(1665)) - Stopping SCM HA services.
2023-05-05 09:11:31,899 [Listener at 127.0.0.1/34263] INFO  pipeline.BackgroundPipelineCreator (BackgroundPipelineCreator.java:stop(149)) - Stopping RatisPipelineUtilsThread.
2023-05-05 09:11:31,899 [RatisPipelineUtilsThread - 0] WARN  pipeline.BackgroundPipelineCreator (BackgroundPipelineCreator.java:run(180)) - RatisPipelineUtilsThread is interrupted.
2023-05-05 09:11:31,899 [BackgroundPipelineScrubberThread] WARN  BackgroundPipelineScrubber (BackgroundSCMService.java:run(115)) - BackgroundPipelineScrubber is interrupted, exit
2023-05-05 09:11:31,899 [Listener at 127.0.0.1/34263] INFO  BackgroundPipelineScrubber (BackgroundSCMService.java:stop(131)) - Stopping BackgroundPipelineScrubber Service.
2023-05-05 09:11:31,899 [Listener at 127.0.0.1/34263] INFO  impl.MetricsSystemImpl (MetricsSystemImpl.java:stop(210)) - Stopping HddsDatanode metrics system...
2023-05-05 09:11:31,905 [prometheus] INFO  impl.MetricsSinkAdapter (MetricsSinkAdapter.java:publishMetricsFromQueue(141)) - prometheus thread interrupted.
2023-05-05 09:11:31,905 [Listener at 127.0.0.1/34263] INFO  impl.MetricsSystemImpl (MetricsSystemImpl.java:stop(216)) - HddsDatanode metrics system stopped.
2023-05-05 09:11:31,905 [Listener at 127.0.0.1/34263] WARN  pipeline.BackgroundPipelineCreator (BackgroundPipelineCreator.java:stop(145)) - RatisPipelineUtilsThread is not running, just ignore.
2023-05-05 09:11:31,905 [Listener at 127.0.0.1/34263] INFO  BackgroundPipelineScrubber (BackgroundSCMService.java:stop(126)) - BackgroundPipelineScrubber Service is not running, skip stop.
2023-05-05 09:11:31,905 [Listener at 127.0.0.1/34263] INFO  ExpiredContainerReplicaOpScrubber (BackgroundSCMService.java:stop(131)) - Stopping ExpiredContainerReplicaOpScrubber Service.
2023-05-05 09:11:31,905 [ExpiredContainerReplicaOpScrubberThread] WARN  ExpiredContainerReplicaOpScrubber (BackgroundSCMService.java:run(115)) - ExpiredContainerReplicaOpScrubber is interrupted, exit
2023-05-05 09:11:31,905 [Listener at 127.0.0.1/34263] INFO  utils.BackgroundService (BackgroundService.java:shutdown(141)) - Shutting down service SCMBlockDeletingService
2023-05-05 09:11:31,905 [Listener at 127.0.0.1/34263] INFO  replication.ReplicationManager (ReplicationManager.java:stop(336)) - Replication Monitor Thread is not running.
2023-05-05 09:11:31,906 [Listener at 127.0.0.1/34263] WARN  balancer.ContainerBalancer (ContainerBalancer.java:stop(324)) - Cannot stop Container Balancer because it's not running or stopping
2023-05-05 09:11:31,906 [Listener at 127.0.0.1/34263] INFO  server.StorageContainerManager (StorageContainerManager.java:stop(1700)) - Stopping SCM MetadataStore.
]]></system-out>
  </testcase>
  <testcase name="testCloseContainerCommandOnRestart" classname="org.apache.hadoop.ozone.TestStorageContainerManager" time="39.508">
    <system-out><![CDATA[2023-05-05 09:11:31,946 [Time-limited test] WARN  server.ServerUtils (ServerUtils.java:getScmDbDir(148)) - ozone.scm.db.dirs is not configured. We recommend adding this setting. Falling back to ozone.metadata.dirs instead.
2023-05-05 09:11:31,948 [Time-limited test] WARN  server.ServerUtils (ServerUtils.java:getScmDbDir(148)) - ozone.scm.db.dirs is not configured. We recommend adding this setting. Falling back to ozone.metadata.dirs instead.
2023-05-05 09:11:31,948 [Time-limited test] INFO  ha.SCMHANodeDetails (SCMHANodeDetails.java:loadSCMHAConfig(209)) - ServiceID for StorageContainerManager is null
2023-05-05 09:11:31,948 [Time-limited test] WARN  ha.SCMHANodeDetails (SCMHANodeDetails.java:validateSCMHAConfig(182)) - Invalid config ozone.scm.ratis.enable. The config was not specified, but the default value true conflicts with the expected config value false. Falling back to the expected value. Current State of SCM: SCM is running in Non-HA without Ratis Ratis SCM -> Non Ratis SCM or Non HA SCM -> HA SCM is not supported
2023-05-05 09:11:31,948 [Time-limited test] INFO  ha.SCMHANodeDetails (SCMHANodeDetails.java:loadSCMHAConfig(214)) - ozone.scm.default.service.id is not defined, falling back to ozone.scm.service.ids to find serviceID for StorageContainerManager if it is HA enabled cluster
2023-05-05 09:11:31,949 [Time-limited test] WARN  utils.HAUtils (HAUtils.java:getMetaDir(350)) - ozone.scm.db.dirs is not configured. We recommend adding this setting. Falling back to ozone.metadata.dirs instead.
2023-05-05 09:11:31,949 [Time-limited test] WARN  db.DBStoreBuilder (DBStoreBuilder.java:applyDBDefinition(164)) - ozone.scm.db.dirs is not configured. We recommend adding this setting. Falling back to ozone.metadata.dirs instead.
2023-05-05 09:11:32,045 [Time-limited test] INFO  net.NodeSchemaLoader (NodeSchemaLoader.java:loadSchemaFromFile(129)) - Loading schema from [jar:file:/home/runner/.m2/repository/org/apache/ozone/hdds-common/1.4.0-SNAPSHOT/hdds-common-1.4.0-SNAPSHOT.jar!/network-topology-default.xml]
2023-05-05 09:11:32,045 [Time-limited test] INFO  net.NodeSchemaLoader (NodeSchemaLoader.java:loadSchema(176)) - Loading network topology layer schema file
2023-05-05 09:11:32,050 [Time-limited test] INFO  upgrade.AbstractLayoutVersionManager (AbstractLayoutVersionManager.java:init(83)) - Initializing Layout version manager with metadata layout = WEBUI_PORTS_IN_DATANODEDETAILS (version = 6), software layout = WEBUI_PORTS_IN_DATANODEDETAILS (version = 6)
2023-05-05 09:11:32,096 [Time-limited test] INFO  reflections.Reflections (Reflections.java:scan(232)) - Reflections took 45 ms to scan 7 urls, producing 156 keys and 369 values 
2023-05-05 09:11:32,098 [Time-limited test] INFO  ha.SequenceIdGenerator (SequenceIdGenerator.java:upgradeToSequenceId(349)) - upgrade localId to 111677748019200000
2023-05-05 09:11:32,098 [Time-limited test] INFO  ha.SequenceIdGenerator (SequenceIdGenerator.java:upgradeToSequenceId(359)) - upgrade delTxnId to 0
2023-05-05 09:11:32,098 [Time-limited test] INFO  ha.SequenceIdGenerator (SequenceIdGenerator.java:upgradeToSequenceId(376)) - upgrade containerId to 0
2023-05-05 09:11:32,099 [Time-limited test] INFO  ha.SequenceIdGenerator (SequenceIdGenerator.java:<init>(220)) - Init the HA SequenceIdGenerator.
2023-05-05 09:11:32,102 [Time-limited test] INFO  node.SCMNodeManager (SCMNodeManager.java:<init>(159)) - Entering startup safe mode.
2023-05-05 09:11:32,102 [Time-limited test] INFO  algorithms.ContainerPlacementPolicyFactory (ContainerPlacementPolicyFactory.java:getPolicyInternal(86)) - Create container placement policy of type org.apache.hadoop.hdds.scm.container.placement.algorithms.SCMContainerPlacementRackAware
2023-05-05 09:11:32,102 [Time-limited test] INFO  algorithms.ContainerPlacementPolicyFactory (ContainerPlacementPolicyFactory.java:getPolicyInternal(86)) - Create container placement policy of type org.apache.hadoop.hdds.scm.container.placement.algorithms.SCMContainerPlacementRackScatter
2023-05-05 09:11:32,103 [Time-limited test] INFO  pipeline.PipelineStateManagerImpl (PipelineStateManagerImpl.java:initialize(78)) - No pipeline exists in current db
2023-05-05 09:11:32,103 [Time-limited test] INFO  algorithms.LeaderChoosePolicyFactory (LeaderChoosePolicyFactory.java:getPolicy(57)) - Create leader choose policy of type org.apache.hadoop.hdds.scm.pipeline.leader.choose.algorithms.MinLeaderCountChoosePolicy
2023-05-05 09:11:32,103 [Time-limited test] INFO  algorithms.ContainerPlacementPolicyFactory (ContainerPlacementPolicyFactory.java:getPolicyInternal(86)) - Create container placement policy of type org.apache.hadoop.hdds.scm.container.placement.algorithms.SCMContainerPlacementRackScatter
2023-05-05 09:11:32,103 [Time-limited test] INFO  ha.SCMServiceManager (SCMServiceManager.java:register(42)) - Registering service BackgroundPipelineCreator.
2023-05-05 09:11:32,103 [Time-limited test] INFO  pipeline.BackgroundPipelineCreator (BackgroundPipelineCreator.java:start(124)) - Starting RatisPipelineUtilsThread.
2023-05-05 09:11:32,104 [Time-limited test] INFO  BackgroundPipelineScrubber (BackgroundSCMService.java:start(68)) - Starting BackgroundPipelineScrubber Service.
2023-05-05 09:11:32,104 [Time-limited test] INFO  ha.SCMServiceManager (SCMServiceManager.java:register(42)) - Registering service BackgroundPipelineScrubber.
2023-05-05 09:11:32,105 [Time-limited test] INFO  ExpiredContainerReplicaOpScrubber (BackgroundSCMService.java:start(68)) - Starting ExpiredContainerReplicaOpScrubber Service.
2023-05-05 09:11:32,105 [Time-limited test] INFO  ha.SCMServiceManager (SCMServiceManager.java:register(42)) - Registering service ExpiredContainerReplicaOpScrubber.
2023-05-05 09:11:32,106 [Time-limited test] INFO  algorithms.PipelineChoosePolicyFactory (PipelineChoosePolicyFactory.java:createPipelineChoosePolicyFromClass(73)) - Create pipeline choose policy of type org.apache.hadoop.hdds.scm.pipeline.choose.algorithms.RandomPipelineChoosePolicy
2023-05-05 09:11:32,107 [Time-limited test] INFO  ha.SCMServiceManager (SCMServiceManager.java:register(42)) - Registering service SCMBlockDeletingService.
2023-05-05 09:11:32,107 [Time-limited test] INFO  replication.ReplicationManager (ReplicationManager.java:start(293)) - Starting Replication Monitor Thread.
2023-05-05 09:11:32,109 [Time-limited test] INFO  ha.SCMServiceManager (SCMServiceManager.java:register(42)) - Registering service ReplicationManager.
2023-05-05 09:11:32,110 [Time-limited test] INFO  safemode.ContainerSafeModeRule (ContainerSafeModeRule.java:<init>(89)) - containers with one replica threshold count 0
2023-05-05 09:11:32,110 [Time-limited test] INFO  safemode.HealthyPipelineSafeModeRule (HealthyPipelineSafeModeRule.java:initializeRule(169)) - Total pipeline count is 0, healthy pipeline threshold count is 0
2023-05-05 09:11:32,110 [Time-limited test] INFO  safemode.OneReplicaPipelineSafeModeRule (OneReplicaPipelineSafeModeRule.java:initializeRule(180)) - Total pipeline count is 0, pipeline's with at least one datanode reported threshold count is 0
2023-05-05 09:11:32,111 [Time-limited test] INFO  server.StorageContainerManager (StorageContainerManager.java:<init>(403)) - SCM start with adminUsers: [runner]
2023-05-05 09:11:32,111 [Time-limited test] INFO  ipc.CallQueueManager (CallQueueManager.java:<init>(90)) - Using callQueue: class java.util.concurrent.LinkedBlockingQueue, queueCapacity: 2000, scheduler: class org.apache.hadoop.ipc.DefaultRpcScheduler, ipcBackoff: false.
2023-05-05 09:11:32,112 [Socket Reader #1 for port 0] INFO  ipc.Server (Server.java:run(1319)) - Starting Socket Reader #1 for port 0
2023-05-05 09:11:32,112 [Listener at 0.0.0.0/33799] INFO  ipc.CallQueueManager (CallQueueManager.java:<init>(90)) - Using callQueue: class java.util.concurrent.LinkedBlockingQueue, queueCapacity: 2000, scheduler: class org.apache.hadoop.ipc.DefaultRpcScheduler, ipcBackoff: false.
2023-05-05 09:11:32,113 [Socket Reader #1 for port 0] INFO  ipc.Server (Server.java:run(1319)) - Starting Socket Reader #1 for port 0
2023-05-05 09:11:32,114 [Listener at 0.0.0.0/42693] INFO  ipc.CallQueueManager (CallQueueManager.java:<init>(90)) - Using callQueue: class java.util.concurrent.LinkedBlockingQueue, queueCapacity: 2000, scheduler: class org.apache.hadoop.ipc.DefaultRpcScheduler, ipcBackoff: false.
2023-05-05 09:11:32,121 [ReplicationMonitor] INFO  replication.ReplicationManager (ReplicationManager.java:processAll(368)) - Replication Manager is not ready to run until 3000ms after safemode exit
2023-05-05 09:11:32,122 [Socket Reader #1 for port 0] INFO  ipc.Server (Server.java:run(1319)) - Starting Socket Reader #1 for port 0
2023-05-05 09:11:32,125 [Listener at 0.0.0.0/34507] INFO  ha.SCMServiceManager (SCMServiceManager.java:register(42)) - Registering service ContainerBalancer.
2023-05-05 09:11:32,125 [Listener at 0.0.0.0/34507] INFO  server.StorageContainerManager (StorageContainerManager.java:<init>(420)) - 
Container Balancer status:
Key                            Value
Running                        false
Container Balancer Configuration values:
Key                                                Value
Threshold                                          10
Max Datanodes to Involve per Iteration(percent)    20
Max Size to Move per Iteration                     500GB
Max Size Entering Target per Iteration             26GB
Max Size Leaving Source per Iteration              26GB

2023-05-05 09:11:32,125 [Listener at 0.0.0.0/34507] INFO  ha.SCMContext (SCMContext.java:updateSafeModeStatus(228)) - Update SafeModeStatus from SafeModeStatus{safeModeStatus=true, preCheckPassed=false} to SafeModeStatus{safeModeStatus=true, preCheckPassed=false}.
2023-05-05 09:11:32,125 [Listener at 0.0.0.0/34507] INFO  server.StorageContainerManager (StorageContainerManager.java:start(1477)) - StorageContainerLocationProtocol RPC server is listening at /0.0.0.0:34507
2023-05-05 09:11:32,127 [Listener at 0.0.0.0/34507] WARN  impl.MetricsConfig (MetricsConfig.java:loadFirst(136)) - Cannot locate configuration: tried hadoop-metrics2-storagecontainermanager.properties,hadoop-metrics2.properties
2023-05-05 09:11:32,128 [Listener at 0.0.0.0/34507] INFO  impl.MetricsSystemImpl (MetricsSystemImpl.java:startTimer(378)) - Scheduled Metric snapshot period at 10 second(s).
2023-05-05 09:11:32,128 [Listener at 0.0.0.0/34507] INFO  impl.MetricsSystemImpl (MetricsSystemImpl.java:start(191)) - StorageContainerManager metrics system started
2023-05-05 09:11:32,148 [Listener at 0.0.0.0/34507] INFO  impl.MetricsSinkAdapter (MetricsSinkAdapter.java:start(204)) - Sink prometheus started
2023-05-05 09:11:32,148 [Listener at 0.0.0.0/34507] INFO  impl.MetricsSystemImpl (MetricsSystemImpl.java:registerSink(305)) - Registered sink prometheus
2023-05-05 09:11:32,166 [Listener at 0.0.0.0/34507] INFO  server.SCMClientProtocolServer (SCMClientProtocolServer.java:start(199)) - RPC server for Client  is listening at /0.0.0.0:34507
2023-05-05 09:11:32,166 [IPC Server Responder] INFO  ipc.Server (Server.java:run(1558)) - IPC Server Responder: starting
2023-05-05 09:11:32,166 [IPC Server listener on 0] INFO  ipc.Server (Server.java:run(1398)) - IPC Server listener on 0: starting
2023-05-05 09:11:32,178 [Listener at 0.0.0.0/34507] INFO  server.StorageContainerManager (StorageContainerManager.java:start(1491)) - ScmBlockLocationProtocol RPC server is listening at /0.0.0.0:42693
2023-05-05 09:11:32,179 [Listener at 0.0.0.0/34507] INFO  server.SCMBlockProtocolServer (SCMBlockProtocolServer.java:start(152)) - RPC server for Block Protocol is listening at /0.0.0.0:42693
2023-05-05 09:11:32,179 [IPC Server Responder] INFO  ipc.Server (Server.java:run(1558)) - IPC Server Responder: starting
2023-05-05 09:11:32,179 [IPC Server listener on 0] INFO  ipc.Server (Server.java:run(1398)) - IPC Server listener on 0: starting
2023-05-05 09:11:32,180 [Listener at 0.0.0.0/34507] INFO  server.SCMDatanodeProtocolServer (SCMDatanodeProtocolServer.java:start(193)) - ScmDatanodeProtocol RPC server for DataNodes is listening at /0.0.0.0:33799
2023-05-05 09:11:32,181 [IPC Server Responder] INFO  ipc.Server (Server.java:run(1558)) - IPC Server Responder: starting
2023-05-05 09:11:32,181 [IPC Server listener on 0] INFO  ipc.Server (Server.java:run(1398)) - IPC Server listener on 0: starting
2023-05-05 09:11:32,187 [Listener at 0.0.0.0/34507] INFO  http.BaseHttpServer (BaseHttpServer.java:newHttpServer2BuilderForOzone(224)) - Starting Web-server for scm at: http://0.0.0.0:0
2023-05-05 09:11:32,187 [Listener at 0.0.0.0/34507] INFO  http.BaseHttpServer (BaseHttpServer.java:<init>(111)) - Hadoop Security Enabled: false Ozone Security Enabled: false Ozone HTTP Security Enabled: false 
2023-05-05 09:11:32,189 [Listener at 0.0.0.0/34507] WARN  server.AuthenticationFilter (AuthenticationFilter.java:constructSecretProvider(240)) - Unable to initialize FileSignerSecretProvider, falling back to use random secrets. Reason: Could not read signature secret file: /home/runner/hadoop-http-auth-signature-secret
2023-05-05 09:11:32,187 [org.apache.hadoop.util.JvmPauseMonitor$Monitor@6651d495] INFO  util.JvmPauseMonitor (JvmPauseMonitor.java:run(188)) - Starting JVM pause monitor
2023-05-05 09:11:32,192 [Listener at 0.0.0.0/34507] INFO  http.HttpRequestLog (HttpRequestLog.java:getRequestLog(86)) - Http request log for http.requests.scm is not defined
2023-05-05 09:11:32,194 [Listener at 0.0.0.0/34507] INFO  http.HttpServer2 (HttpServer2.java:addGlobalFilter(1031)) - Added global filter 'safety' (class=org.apache.hadoop.hdds.server.http.HttpServer2$QuotingInputFilter)
2023-05-05 09:11:32,194 [Listener at 0.0.0.0/34507] INFO  http.HttpServer2 (HttpServer2.java:addFilter(1007)) - Added filter static_user_filter (class=org.apache.hadoop.http.lib.StaticUserWebFilter$StaticUserFilter) to context scm
2023-05-05 09:11:32,194 [Listener at 0.0.0.0/34507] INFO  http.HttpServer2 (HttpServer2.java:addFilter(1015)) - Added filter static_user_filter (class=org.apache.hadoop.http.lib.StaticUserWebFilter$StaticUserFilter) to context logs
2023-05-05 09:11:32,194 [Listener at 0.0.0.0/34507] INFO  http.HttpServer2 (HttpServer2.java:addFilter(1015)) - Added filter static_user_filter (class=org.apache.hadoop.http.lib.StaticUserWebFilter$StaticUserFilter) to context static
2023-05-05 09:11:32,195 [Listener at 0.0.0.0/34507] INFO  http.BaseHttpServer (BaseHttpServer.java:<init>(190)) - HTTP server of scm uses base directory /home/runner/work/ozone/ozone/hadoop-ozone/integration-test/target/test-dir/MiniOzoneClusterImpl-a20a8466-aa08-482f-847f-7aedf63b4aa3/ozone-meta/webserver
2023-05-05 09:11:32,195 [Listener at 0.0.0.0/34507] INFO  http.HttpServer2 (HttpServer2.java:bindListener(1250)) - Jetty bound to port 46463
2023-05-05 09:11:32,195 [Listener at 0.0.0.0/34507] INFO  server.Server (Server.java:doStart(375)) - jetty-9.4.51.v20230217; built: 2023-02-17T08:19:37.309Z; git: b45c405e4544384de066f814ed42ae3dceacdd49; jvm 1.8.0_362-b09
2023-05-05 09:11:32,197 [Listener at 0.0.0.0/34507] INFO  server.session (DefaultSessionIdManager.java:doStart(334)) - DefaultSessionIdManager workerName=node0
2023-05-05 09:11:32,198 [Listener at 0.0.0.0/34507] INFO  server.session (DefaultSessionIdManager.java:doStart(339)) - No SessionScavenger set, using defaults
2023-05-05 09:11:32,198 [Listener at 0.0.0.0/34507] INFO  server.session (HouseKeeper.java:startScavenging(132)) - node0 Scavenging every 660000ms
2023-05-05 09:11:32,199 [Listener at 0.0.0.0/34507] INFO  handler.ContextHandler (ContextHandler.java:doStart(921)) - Started o.e.j.s.ServletContextHandler@48b90210{logs,/logs,file:///home/runner/work/ozone/ozone/hadoop-ozone/integration-test/target/log,AVAILABLE}
2023-05-05 09:11:32,200 [Listener at 0.0.0.0/34507] INFO  handler.ContextHandler (ContextHandler.java:doStart(921)) - Started o.e.j.s.ServletContextHandler@50c85b23{static,/static,file:///home/runner/work/ozone/ozone/hadoop-ozone/integration-test/target/test-classes/webapps/static,AVAILABLE}
2023-05-05 09:11:32,202 [Listener at 0.0.0.0/34507] INFO  handler.ContextHandler (ContextHandler.java:doStart(921)) - Started o.e.j.w.WebAppContext@321e99fe{scm,/,file:///home/runner/work/ozone/ozone/hadoop-ozone/integration-test/target/test-classes/webapps/scm/,AVAILABLE}{file:/home/runner/work/ozone/ozone/hadoop-ozone/integration-test/target/test-classes/webapps/scm}
2023-05-05 09:11:32,206 [Listener at 0.0.0.0/34507] INFO  server.AbstractConnector (AbstractConnector.java:doStart(333)) - Started ServerConnector@577a057e{HTTP/1.1, (http/1.1)}{0.0.0.0:46463}
2023-05-05 09:11:32,206 [Listener at 0.0.0.0/34507] INFO  server.Server (Server.java:doStart(415)) - Started @83560ms
2023-05-05 09:11:32,207 [Listener at 0.0.0.0/34507] WARN  impl.MetricsSystemImpl (MetricsSystemImpl.java:register(279)) - Sink prometheus already exists!
2023-05-05 09:11:32,207 [Listener at 0.0.0.0/34507] INFO  http.BaseHttpServer (BaseHttpServer.java:updateConnectorAddress(344)) - HTTP server of scm listening at http://0.0.0.0:46463
2023-05-05 09:11:32,207 [Listener at 0.0.0.0/34507] WARN  server.ServerUtils (ServerUtils.java:getDBPath(225)) - ozone.om.db.dirs is not configured. We recommend adding this setting. Falling back to ozone.metadata.dirs instead.
2023-05-05 09:11:32,213 [Listener at 0.0.0.0/34507] INFO  ha.OMHANodeDetails (OMHANodeDetails.java:loadOMHAConfig(115)) - ozone.om.internal.service.id is not defined, falling back to ozone.om.service.ids to find serviceID for OzoneManager if it is HA enabled cluster
2023-05-05 09:11:32,213 [Listener at 0.0.0.0/34507] INFO  ha.OMHANodeDetails (OMHANodeDetails.java:loadOMHAConfig(226)) - Configuration does not have ozone.om.address set. Falling back to the default OM address /127.0.0.1:0
2023-05-05 09:11:32,213 [Listener at 0.0.0.0/34507] INFO  ha.OMHANodeDetails (OMHANodeDetails.java:getOMNodeDetailsForNonHA(254)) - OM Service ID is not set. Setting it to the default ID: omServiceIdDefault
2023-05-05 09:11:32,213 [Listener at 0.0.0.0/34507] INFO  ha.OMHANodeDetails (OMHANodeDetails.java:getOMNodeDetailsForNonHA(261)) - OM Node ID is not set. Setting it to the default ID: om1
2023-05-05 09:11:32,213 [Listener at 0.0.0.0/34507] WARN  server.ServerUtils (ServerUtils.java:getDBPath(225)) - ozone.om.db.dirs is not configured. We recommend adding this setting. Falling back to ozone.metadata.dirs instead.
2023-05-05 09:11:32,214 [Listener at 0.0.0.0/34507] INFO  upgrade.AbstractLayoutVersionManager (AbstractLayoutVersionManager.java:init(83)) - Initializing Layout version manager with metadata layout = HSYNC (version = 4), software layout = HSYNC (version = 4)
2023-05-05 09:11:32,296 [Listener at 0.0.0.0/34507] INFO  reflections.Reflections (Reflections.java:scan(232)) - Reflections took 80 ms to scan 2 urls, producing 172 keys and 475 values [using 2 cores]
2023-05-05 09:11:32,296 [Listener at 0.0.0.0/34507] INFO  upgrade.OMLayoutVersionManager (OMLayoutVersionManager.java:lambda$0(115)) - Skipping Upgrade Action MockOmUpgradeAction since it has been finalized.
2023-05-05 09:11:32,296 [Listener at 0.0.0.0/34507] WARN  server.ServerUtils (ServerUtils.java:getDBPath(225)) - ozone.om.db.dirs is not configured. We recommend adding this setting. Falling back to ozone.metadata.dirs instead.
2023-05-05 09:11:32,297 [Listener at 0.0.0.0/34507] INFO  proxy.SCMBlockLocationFailoverProxyProvider (SCMBlockLocationFailoverProxyProvider.java:<init>(114)) - Created block location fail-over proxy with 1 nodes: [nodeId=scmNodeId,nodeAddress=/0.0.0.0:42693]
2023-05-05 09:11:32,298 [Listener at 0.0.0.0/34507] INFO  proxy.SCMBlockLocationFailoverProxyProvider (SCMBlockLocationFailoverProxyProvider.java:<init>(114)) - Created block location fail-over proxy with 1 nodes: [nodeId=scmNodeId,nodeAddress=/0.0.0.0:42693]
2023-05-05 09:11:32,308 [Listener at 0.0.0.0/34507] INFO  om.OzoneManager (OzoneManager.java:<init>(634)) - OM start with adminUsers: [runner]
2023-05-05 09:11:32,309 [Listener at 0.0.0.0/34507] WARN  server.ServerUtils (ServerUtils.java:getDBPath(225)) - ozone.om.db.dirs is not configured. We recommend adding this setting. Falling back to ozone.metadata.dirs instead.
2023-05-05 09:11:32,309 [Listener at 0.0.0.0/34507] INFO  codec.OmKeyInfoCodec (OmKeyInfoCodec.java:<init>(49)) - OmKeyInfoCodec ignorePipeline = true
2023-05-05 09:11:32,309 [Listener at 0.0.0.0/34507] INFO  codec.RepeatedOmKeyInfoCodec (RepeatedOmKeyInfoCodec.java:<init>(41)) - RepeatedOmKeyInfoCodec ignorePipeline = true
2023-05-05 09:11:32,472 [Listener at 0.0.0.0/34507] INFO  om.OzoneManager (OzoneManager.java:instantiateServices(764)) - S3 Multi-Tenancy is disabled
2023-05-05 09:11:32,473 [Listener at 0.0.0.0/34507] WARN  server.ServerUtils (ServerUtils.java:getDBPath(225)) - ozone.om.snapshot.diff.db.dir is not configured. We recommend adding this setting. Falling back to ozone.metadata.dirs instead.
2023-05-05 09:11:32,498 [Listener at 0.0.0.0/34507] INFO  om.OzoneManager (OzoneManager.java:addS3GVolumeToDB(4263)) - Created Volume s3v With Owner runner required for S3Gateway operations.
2023-05-05 09:11:32,498 [Listener at 0.0.0.0/34507] WARN  server.ServerUtils (ServerUtils.java:getDefaultRatisDirectory(237)) - Storage directory for Ratis is not configured. It is a good idea to map this to an SSD disk. Falling back to ozone.metadata.dirs
2023-05-05 09:11:32,498 [Listener at 0.0.0.0/34507] WARN  utils.OzoneManagerRatisUtils (OzoneManagerRatisUtils.java:getOMRatisSnapshotDirectory(456)) - ozone.om.ratis.snapshot.dir is not configured. Falling back to ozone.metadata.dirs config
2023-05-05 09:11:32,499 [Listener at 0.0.0.0/34507] WARN  server.ServerUtils (ServerUtils.java:getDefaultRatisDirectory(237)) - Storage directory for Ratis is not configured. It is a good idea to map this to an SSD disk. Falling back to ozone.metadata.dirs
2023-05-05 09:11:32,500 [Listener at 0.0.0.0/34507] INFO  ratis.OzoneManagerRatisServer (OzoneManagerRatisServer.java:<init>(163)) - Instantiating OM Ratis server with groupID: omServiceIdDefault and peers: localhost:9872
2023-05-05 09:11:32,500 [Listener at 0.0.0.0/34507] INFO  ratis.OzoneManagerStateMachine (OzoneManagerStateMachine.java:loadSnapshotInfoFromDB(670)) - LastAppliedIndex is set from TransactionInfo from OM DB as (t:0, i:~)
2023-05-05 09:11:32,504 [Listener at 0.0.0.0/34507] INFO  server.RaftServer (ConfUtils.java:logGet(46)) - raft.rpc.type = GRPC (default)
2023-05-05 09:11:32,504 [Listener at 0.0.0.0/34507] INFO  grpc.GrpcConfigKeys (ConfUtils.java:logFallback(53)) - raft.grpc.admin.host = null (fallback to raft.grpc.server.host)
2023-05-05 09:11:32,504 [Listener at 0.0.0.0/34507] INFO  grpc.GrpcConfigKeys (ConfUtils.java:logFallback(53)) - raft.grpc.admin.port = 9872 (fallback to raft.grpc.server.port)
2023-05-05 09:11:32,504 [Listener at 0.0.0.0/34507] INFO  grpc.GrpcConfigKeys (ConfUtils.java:logFallback(53)) - raft.grpc.client.host = null (fallback to raft.grpc.server.host)
2023-05-05 09:11:32,505 [Listener at 0.0.0.0/34507] INFO  grpc.GrpcConfigKeys (ConfUtils.java:logFallback(53)) - raft.grpc.client.port = 9872 (fallback to raft.grpc.server.port)
2023-05-05 09:11:32,505 [Listener at 0.0.0.0/34507] INFO  grpc.GrpcConfigKeys (ConfUtils.java:logGet(46)) - raft.grpc.server.host = null (default)
2023-05-05 09:11:32,505 [Listener at 0.0.0.0/34507] INFO  grpc.GrpcConfigKeys (ConfUtils.java:logGet(46)) - raft.grpc.server.port = 9872 (custom)
2023-05-05 09:11:32,505 [Listener at 0.0.0.0/34507] INFO  server.GrpcService (ConfUtils.java:logGet(46)) - raft.grpc.message.size.max = 33554432 (custom)
2023-05-05 09:11:32,505 [Listener at 0.0.0.0/34507] INFO  server.RaftServerConfigKeys (ConfUtils.java:logGet(46)) - raft.server.log.appender.buffer.byte-limit = 33554432 (custom)
2023-05-05 09:11:32,505 [Listener at 0.0.0.0/34507] INFO  server.GrpcService (ConfUtils.java:logGet(46)) - raft.grpc.flow.control.window = 1MB (=1048576) (default)
2023-05-05 09:11:32,505 [Listener at 0.0.0.0/34507] INFO  server.RaftServerConfigKeys (ConfUtils.java:logGet(46)) - raft.server.rpc.request.timeout = 3000ms (default)
2023-05-05 09:11:32,505 [Listener at 0.0.0.0/34507] INFO  grpc.GrpcConfigKeys (ConfUtils.java:logGet(46)) - raft.grpc.server.heartbeat.channel = true (default)
2023-05-05 09:11:32,505 [Listener at 0.0.0.0/34507] INFO  grpc.GrpcConfigKeys (ConfUtils.java:logGet(46)) - raft.grpc.server.async.request.thread.pool.cached = true (default)
2023-05-05 09:11:32,505 [Listener at 0.0.0.0/34507] INFO  grpc.GrpcConfigKeys (ConfUtils.java:logGet(46)) - raft.grpc.server.async.request.thread.pool.size = 32 (default)
2023-05-05 09:11:32,506 [Listener at 0.0.0.0/34507] INFO  impl.DataStreamServerImpl (ConfUtils.java:logGet(46)) - raft.datastream.type = DISABLED (default)
2023-05-05 09:11:32,507 [Listener at 0.0.0.0/34507] INFO  server.RaftServerConfigKeys (ConfUtils.java:logGet(46)) - raft.server.threadpool.proxy.cached = true (default)
2023-05-05 09:11:32,507 [Listener at 0.0.0.0/34507] INFO  server.RaftServerConfigKeys (ConfUtils.java:logGet(46)) - raft.server.threadpool.proxy.size = 0 (default)
2023-05-05 09:11:32,507 [Listener at 0.0.0.0/34507] INFO  server.RaftServerConfigKeys (ConfUtils.java:logGet(46)) - raft.server.rpc.slowness.timeout = 120s (custom)
2023-05-05 09:11:32,507 [Listener at 0.0.0.0/34507] INFO  server.RaftServerConfigKeys (ConfUtils.java:logGet(46)) - raft.server.leaderelection.leader.step-down.wait-time = 10s (default)
2023-05-05 09:11:32,507 [Listener at 0.0.0.0/34507] INFO  server.RaftServerConfigKeys (ConfUtils.java:logGet(46)) - raft.server.storage.dir = [/home/runner/work/ozone/ozone/hadoop-ozone/integration-test/target/test-dir/MiniOzoneClusterImpl-a20a8466-aa08-482f-847f-7aedf63b4aa3/ozone-meta/ratis] (custom)
2023-05-05 09:11:32,510 [Listener at 0.0.0.0/34507] INFO  server.RaftServer (RaftServerProxy.java:addNew(96)) - om1: addNew group-C5BA1605619E:[om1|rpc:localhost:9872|priority:0|startupRole:FOLLOWER] returns group-C5BA1605619E:java.util.concurrent.CompletableFuture@72be52b4[Not completed]
2023-05-05 09:11:32,510 [Listener at 0.0.0.0/34507] INFO  om.OzoneManager (OzoneManager.java:initializeRatisServer(2106)) - OzoneManager Ratis server initialized at port 9872
2023-05-05 09:11:32,510 [Listener at 0.0.0.0/34507] INFO  om.OzoneManager (OzoneManager.java:getRpcServer(1153)) - Creating RPC Server
2023-05-05 09:11:32,511 [pool-480-thread-1] INFO  server.RaftServer$Division (RaftServerImpl.java:<init>(195)) - om1: new RaftServerImpl for group-C5BA1605619E:[om1|rpc:localhost:9872|priority:0|startupRole:FOLLOWER] with OzoneManagerStateMachine:uninitialized
2023-05-05 09:11:32,511 [pool-480-thread-1] INFO  server.RaftServerConfigKeys (ConfUtils.java:logGet(46)) - raft.server.rpc.timeout.min = 1s (custom)
2023-05-05 09:11:32,511 [pool-480-thread-1] INFO  server.RaftServerConfigKeys (ConfUtils.java:logGet(46)) - raft.server.rpc.timeout.max = 1200ms (custom)
2023-05-05 09:11:32,511 [pool-480-thread-1] INFO  server.RaftServerConfigKeys (ConfUtils.java:logGet(46)) - raft.server.rpc.sleep.time = 25ms (default)
2023-05-05 09:11:32,511 [pool-480-thread-1] INFO  server.RaftServerConfigKeys (ConfUtils.java:logGet(46)) - raft.server.rpc.slowness.timeout = 120s (custom)
2023-05-05 09:11:32,511 [pool-480-thread-1] INFO  server.RaftServerConfigKeys (ConfUtils.java:logGet(46)) - raft.server.leaderelection.leader.step-down.wait-time = 10s (default)
2023-05-05 09:11:32,511 [pool-480-thread-1] INFO  server.RaftServerConfigKeys (ConfUtils.java:logGet(46)) - raft.server.sleep.deviation.threshold = 300ms (default)
2023-05-05 09:11:32,512 [pool-480-thread-1] INFO  server.RaftServer$Division (ServerState.java:<init>(118)) - om1@group-C5BA1605619E: ConfigurationManager, init=-1: peers:[om1|rpc:localhost:9872|priority:0|startupRole:FOLLOWER]|listeners:[], old=null, confs=<EMPTY_MAP>
2023-05-05 09:11:32,512 [pool-480-thread-1] INFO  server.RaftServerConfigKeys (ConfUtils.java:logGet(46)) - raft.server.storage.dir = [/home/runner/work/ozone/ozone/hadoop-ozone/integration-test/target/test-dir/MiniOzoneClusterImpl-a20a8466-aa08-482f-847f-7aedf63b4aa3/ozone-meta/ratis] (custom)
2023-05-05 09:11:32,512 [pool-480-thread-1] INFO  server.RaftServerConfigKeys (ConfUtils.java:logGet(46)) - raft.server.log.corruption.policy = EXCEPTION (default)
2023-05-05 09:11:32,512 [pool-480-thread-1] INFO  server.RaftServerConfigKeys (ConfUtils.java:logGet(46)) - raft.server.storage.free-space.min = 0MB (=0) (default)
2023-05-05 09:11:32,512 [pool-480-thread-1] INFO  server.RaftServerConfigKeys (ConfUtils.java:logGet(46)) - raft.server.notification.no-leader.timeout = 120s (custom)
2023-05-05 09:11:32,512 [pool-480-thread-1] INFO  server.RaftServerConfigKeys (ConfUtils.java:logGet(46)) - raft.server.retrycache.expirytime = 300s (custom)
2023-05-05 09:11:32,512 [pool-480-thread-1] INFO  server.RaftServerConfigKeys (ConfUtils.java:logGet(46)) - raft.server.retrycache.statistics.expirytime = 100μs (default)
2023-05-05 09:11:32,513 [pool-480-thread-1] INFO  server.RaftServerConfigKeys (ConfUtils.java:logGet(46)) - raft.server.log.appender.install.snapshot.enabled = false (custom)
2023-05-05 09:11:32,513 [pool-480-thread-1] INFO  server.RaftServerConfigKeys (ConfUtils.java:logGet(46)) - raft.server.threadpool.server.cached = true (default)
2023-05-05 09:11:32,513 [pool-480-thread-1] INFO  server.RaftServerConfigKeys (ConfUtils.java:logGet(46)) - raft.server.threadpool.server.size = 0 (default)
2023-05-05 09:11:32,513 [pool-480-thread-1] INFO  server.RaftServerConfigKeys (ConfUtils.java:logGet(46)) - raft.server.threadpool.client.cached = true (default)
2023-05-05 09:11:32,513 [pool-480-thread-1] INFO  server.RaftServerConfigKeys (ConfUtils.java:logGet(46)) - raft.server.threadpool.client.size = 0 (default)
2023-05-05 09:11:32,871 [Listener at 0.0.0.0/34507] INFO  reflections.Reflections (Reflections.java:scan(232)) - Reflections took 360 ms to scan 19 urls, producing 68 keys and 5137 values [using 2 cores]
2023-05-05 09:11:32,873 [Listener at 0.0.0.0/34507] INFO  ipc.CallQueueManager (CallQueueManager.java:<init>(90)) - Using callQueue: class java.util.concurrent.LinkedBlockingQueue, queueCapacity: 2000, scheduler: class org.apache.hadoop.ipc.DefaultRpcScheduler, ipcBackoff: false.
2023-05-05 09:11:32,873 [Socket Reader #1 for port 0] INFO  ipc.Server (Server.java:run(1319)) - Starting Socket Reader #1 for port 0
2023-05-05 09:11:32,896 [Listener at 127.0.0.1/34059] INFO  impl.MetricsSystemImpl (MetricsSystemImpl.java:init(158)) - OzoneManager metrics system started (again)
2023-05-05 09:11:32,907 [Listener at 127.0.0.1/34059] INFO  om.OzoneManager (OzoneManager.java:start(1574)) - OzoneManager RPC server is listening at localhost/127.0.0.1:34059
2023-05-05 09:11:32,908 [Listener at 127.0.0.1/34059] INFO  ratis.OzoneManagerRatisServer (OzoneManagerRatisServer.java:start(558)) - Starting OzoneManagerRatisServer om1 at port 9872
2023-05-05 09:11:32,908 [om1-impl-thread1] INFO  storage.RaftStorageDirectory (RaftStorageDirectoryImpl.java:analyzeStorage(137)) - The storage directory /home/runner/work/ozone/ozone/hadoop-ozone/integration-test/target/test-dir/MiniOzoneClusterImpl-a20a8466-aa08-482f-847f-7aedf63b4aa3/ozone-meta/ratis/bf265839-605b-3f16-9796-c5ba1605619e does not exist. Creating ...
2023-05-05 09:11:32,909 [om1-impl-thread1] INFO  storage.RaftStorageDirectory (RaftStorageDirectoryImpl.java:tryLock(231)) - Lock on /home/runner/work/ozone/ozone/hadoop-ozone/integration-test/target/test-dir/MiniOzoneClusterImpl-a20a8466-aa08-482f-847f-7aedf63b4aa3/ozone-meta/ratis/bf265839-605b-3f16-9796-c5ba1605619e/in_use.lock acquired by nodename 7812@fv-az152-207
2023-05-05 09:11:32,910 [om1-impl-thread1] INFO  storage.RaftStorage (RaftStorageImpl.java:format(96)) - Storage directory /home/runner/work/ozone/ozone/hadoop-ozone/integration-test/target/test-dir/MiniOzoneClusterImpl-a20a8466-aa08-482f-847f-7aedf63b4aa3/ozone-meta/ratis/bf265839-605b-3f16-9796-c5ba1605619e has been successfully formatted.
2023-05-05 09:11:32,911 [om1-impl-thread1] INFO  server.RaftServerConfigKeys (ConfUtils.java:logGet(46)) - raft.server.log.use.memory = false (default)
2023-05-05 09:11:32,911 [om1-impl-thread1] INFO  server.RaftServerConfigKeys (ConfUtils.java:logGet(46)) - raft.server.log.purge.gap = 1000000 (custom)
2023-05-05 09:11:32,911 [om1-impl-thread1] INFO  server.RaftServerConfigKeys (ConfUtils.java:logGet(46)) - raft.server.log.appender.buffer.byte-limit = 33554432 (custom)
2023-05-05 09:11:32,911 [om1-impl-thread1] INFO  server.RaftServerConfigKeys (ConfUtils.java:logGet(46)) - raft.server.log.statemachine.data.read.timeout = 1000ms (default)
2023-05-05 09:11:32,911 [om1-impl-thread1] INFO  server.RaftServerConfigKeys (ConfUtils.java:logGet(46)) - raft.server.log.purge.preservation.log.num = 0 (default)
2023-05-05 09:11:32,911 [om1-impl-thread1] INFO  server.RaftServerConfigKeys (ConfUtils.java:logGet(46)) - raft.server.log.segment.size.max = 4194304 (custom)
2023-05-05 09:11:32,911 [om1-impl-thread1] INFO  server.RaftServerConfigKeys (ConfUtils.java:logGet(46)) - raft.server.log.segment.cache.num.max = 2 (custom)
2023-05-05 09:11:32,911 [om1-impl-thread1] INFO  server.RaftServerConfigKeys (ConfUtils.java:logGet(46)) - raft.server.log.segment.cache.size.max = 200MB (=209715200) (default)
2023-05-05 09:11:32,911 [om1-impl-thread1] INFO  segmented.SegmentedRaftLogWorker (SegmentedRaftLogWorker.java:<init>(189)) - new om1@group-C5BA1605619E-SegmentedRaftLogWorker for RaftStorageImpl:Storage Directory /home/runner/work/ozone/ozone/hadoop-ozone/integration-test/target/test-dir/MiniOzoneClusterImpl-a20a8466-aa08-482f-847f-7aedf63b4aa3/ozone-meta/ratis/bf265839-605b-3f16-9796-c5ba1605619e
2023-05-05 09:11:32,911 [om1-impl-thread1] INFO  server.RaftServerConfigKeys (ConfUtils.java:logGet(46)) - raft.server.log.queue.byte-limit = 64MB (=67108864) (default)
2023-05-05 09:11:32,911 [om1-impl-thread1] INFO  server.RaftServerConfigKeys (ConfUtils.java:logGet(46)) - raft.server.log.queue.element-limit = 4096 (default)
2023-05-05 09:11:32,911 [om1-impl-thread1] INFO  server.RaftServerConfigKeys (ConfUtils.java:logGet(46)) - raft.server.log.segment.size.max = 4194304 (custom)
2023-05-05 09:11:32,911 [om1-impl-thread1] INFO  server.RaftServerConfigKeys (ConfUtils.java:logGet(46)) - raft.server.log.preallocated.size = 4194304 (custom)
2023-05-05 09:11:32,912 [om1-impl-thread1] INFO  server.RaftServerConfigKeys (ConfUtils.java:logGet(46)) - raft.server.log.force.sync.num = 128 (default)
2023-05-05 09:11:32,912 [om1-impl-thread1] INFO  server.RaftServerConfigKeys (ConfUtils.java:logGet(46)) - raft.server.log.statemachine.data.sync = true (default)
2023-05-05 09:11:32,912 [om1-impl-thread1] INFO  server.RaftServerConfigKeys (ConfUtils.java:logGet(46)) - raft.server.log.statemachine.data.sync.timeout = 10s (default)
2023-05-05 09:11:32,912 [om1-impl-thread1] INFO  server.RaftServerConfigKeys (ConfUtils.java:logGet(46)) - raft.server.log.statemachine.data.sync.timeout.retry = -1 (default)
2023-05-05 09:11:32,912 [om1-impl-thread1] INFO  server.RaftServerConfigKeys (ConfUtils.java:logGet(46)) - raft.server.log.write.buffer.size = 64KB (=65536) (default)
2023-05-05 09:11:32,912 [om1-impl-thread1] INFO  server.RaftServerConfigKeys (ConfUtils.java:logGet(46)) - raft.server.log.appender.buffer.byte-limit = 33554432 (custom)
2023-05-05 09:11:32,917 [om1-impl-thread1] INFO  server.RaftServerConfigKeys (ConfUtils.java:logGet(46)) - raft.server.log.unsafe-flush.enabled = false (default)
2023-05-05 09:11:32,917 [om1-impl-thread1] INFO  server.RaftServerConfigKeys (ConfUtils.java:logGet(46)) - raft.server.log.async-flush.enabled = false (default)
2023-05-05 09:11:32,917 [om1-impl-thread1] INFO  server.RaftServerConfigKeys (ConfUtils.java:logGet(46)) - raft.server.log.statemachine.data.caching.enabled = false (default)
2023-05-05 09:11:32,917 [om1-impl-thread1] INFO  segmented.SegmentedRaftLogWorker (SegmentedRaftLogWorker.java:lambda$new$0(135)) - om1@group-C5BA1605619E-SegmentedRaftLogWorker: flushIndex: setUnconditionally 0 -> -1
2023-05-05 09:11:32,917 [om1-impl-thread1] INFO  segmented.SegmentedRaftLogWorker (SegmentedRaftLogWorker.java:lambda$new$0(135)) - om1@group-C5BA1605619E-SegmentedRaftLogWorker: safeCacheEvictIndex: setUnconditionally 0 -> -1
2023-05-05 09:11:32,918 [om1-impl-thread1] INFO  server.RaftServer$Division (RaftServerImpl.java:start(334)) - om1@group-C5BA1605619E: start as a follower, conf=-1: peers:[om1|rpc:localhost:9872|priority:0|startupRole:FOLLOWER]|listeners:[], old=null
2023-05-05 09:11:32,918 [om1-impl-thread1] INFO  server.RaftServer$Division (RaftServerImpl.java:setRole(321)) - om1@group-C5BA1605619E: changes role from      null to FOLLOWER at term 0 for startAsFollower
2023-05-05 09:11:32,918 [om1-impl-thread1] INFO  impl.RoleInfo (RoleInfo.java:updateAndGet(139)) - om1: start om1@group-C5BA1605619E-FollowerState
2023-05-05 09:11:32,918 [om1-impl-thread1] INFO  util.JmxRegister (JmxRegister.java:tryRegister(44)) - Successfully registered JMX Bean with object name Ratis:service=RaftServer,group=group-C5BA1605619E,id=om1
2023-05-05 09:11:32,918 [om1-impl-thread1] INFO  server.RaftServerConfigKeys (ConfUtils.java:logGet(46)) - raft.server.snapshot.auto.trigger.enabled = true (custom)
2023-05-05 09:11:32,918 [om1-impl-thread1] INFO  server.RaftServerConfigKeys (ConfUtils.java:logGet(46)) - raft.server.snapshot.auto.trigger.threshold = 400000 (default)
2023-05-05 09:11:32,918 [om1-impl-thread1] INFO  server.RaftServerConfigKeys (ConfUtils.java:logGet(46)) - raft.server.snapshot.retention.file.num = -1 (default)
2023-05-05 09:11:32,918 [om1-impl-thread1] INFO  server.RaftServerConfigKeys (ConfUtils.java:logGet(46)) - raft.server.log.purge.upto.snapshot.index = true (custom)
2023-05-05 09:11:32,919 [om1@group-C5BA1605619E-FollowerState] INFO  server.RaftServerConfigKeys (ConfUtils.java:logFallback(53)) - raft.server.rpc.first-election.timeout.min = 1s (fallback to raft.server.rpc.timeout.min)
2023-05-05 09:11:32,919 [om1@group-C5BA1605619E-FollowerState] INFO  server.RaftServerConfigKeys (ConfUtils.java:logFallback(53)) - raft.server.rpc.first-election.timeout.max = 1200ms (fallback to raft.server.rpc.timeout.max)
2023-05-05 09:11:32,919 [Listener at 127.0.0.1/34059] INFO  server.RaftServer (RaftServerProxy.java:startImpl(393)) - om1: start RPC server
2023-05-05 09:11:32,925 [Listener at 127.0.0.1/34059] INFO  server.GrpcService (GrpcService.java:startImpl(262)) - om1: GrpcService started, listening on 9872
2023-05-05 09:11:32,925 [Listener at 127.0.0.1/34059] INFO  om.OzoneManager (OzoneManager.java:start(1590)) - Version File has different layout version (4) than OM DB (null). That is expected if this OM has never been finalized to a newer layout version.
2023-05-05 09:11:32,926 [JvmPauseMonitor10] INFO  util.JvmPauseMonitor (JvmPauseMonitor.java:run(105)) - JvmPauseMonitor-om1: Started
2023-05-05 09:11:32,928 [Listener at 127.0.0.1/34059] INFO  http.BaseHttpServer (BaseHttpServer.java:newHttpServer2BuilderForOzone(224)) - Starting Web-server for ozoneManager at: http://0.0.0.0:0
2023-05-05 09:11:32,928 [Listener at 127.0.0.1/34059] INFO  http.BaseHttpServer (BaseHttpServer.java:<init>(111)) - Hadoop Security Enabled: false Ozone Security Enabled: false Ozone HTTP Security Enabled: false 
2023-05-05 09:11:32,930 [Listener at 127.0.0.1/34059] WARN  server.AuthenticationFilter (AuthenticationFilter.java:constructSecretProvider(240)) - Unable to initialize FileSignerSecretProvider, falling back to use random secrets. Reason: Could not read signature secret file: /home/runner/hadoop-http-auth-signature-secret
2023-05-05 09:11:32,932 [Listener at 127.0.0.1/34059] INFO  http.HttpRequestLog (HttpRequestLog.java:getRequestLog(86)) - Http request log for http.requests.ozoneManager is not defined
2023-05-05 09:11:32,934 [Listener at 127.0.0.1/34059] INFO  http.HttpServer2 (HttpServer2.java:addGlobalFilter(1031)) - Added global filter 'safety' (class=org.apache.hadoop.hdds.server.http.HttpServer2$QuotingInputFilter)
2023-05-05 09:11:32,935 [Listener at 127.0.0.1/34059] INFO  http.HttpServer2 (HttpServer2.java:addFilter(1007)) - Added filter static_user_filter (class=org.apache.hadoop.http.lib.StaticUserWebFilter$StaticUserFilter) to context ozoneManager
2023-05-05 09:11:32,935 [Listener at 127.0.0.1/34059] INFO  http.HttpServer2 (HttpServer2.java:addFilter(1015)) - Added filter static_user_filter (class=org.apache.hadoop.http.lib.StaticUserWebFilter$StaticUserFilter) to context static
2023-05-05 09:11:32,937 [Listener at 127.0.0.1/34059] INFO  http.HttpServer2 (HttpServer2.java:addFilter(1015)) - Added filter static_user_filter (class=org.apache.hadoop.http.lib.StaticUserWebFilter$StaticUserFilter) to context logs
2023-05-05 09:11:32,937 [Listener at 127.0.0.1/34059] INFO  http.BaseHttpServer (BaseHttpServer.java:<init>(190)) - HTTP server of ozoneManager uses base directory /home/runner/work/ozone/ozone/hadoop-ozone/integration-test/target/test-dir/MiniOzoneClusterImpl-a20a8466-aa08-482f-847f-7aedf63b4aa3/ozone-meta/webserver
2023-05-05 09:11:32,937 [Listener at 127.0.0.1/34059] INFO  http.HttpServer2 (HttpServer2.java:bindListener(1250)) - Jetty bound to port 44453
2023-05-05 09:11:32,938 [Listener at 127.0.0.1/34059] INFO  server.Server (Server.java:doStart(375)) - jetty-9.4.51.v20230217; built: 2023-02-17T08:19:37.309Z; git: b45c405e4544384de066f814ed42ae3dceacdd49; jvm 1.8.0_362-b09
2023-05-05 09:11:32,939 [Listener at 127.0.0.1/34059] INFO  server.session (DefaultSessionIdManager.java:doStart(334)) - DefaultSessionIdManager workerName=node0
2023-05-05 09:11:32,939 [Listener at 127.0.0.1/34059] INFO  server.session (DefaultSessionIdManager.java:doStart(339)) - No SessionScavenger set, using defaults
2023-05-05 09:11:32,940 [Listener at 127.0.0.1/34059] INFO  server.session (HouseKeeper.java:startScavenging(132)) - node0 Scavenging every 660000ms
2023-05-05 09:11:32,940 [Listener at 127.0.0.1/34059] INFO  handler.ContextHandler (ContextHandler.java:doStart(921)) - Started o.e.j.s.ServletContextHandler@45431c01{logs,/logs,file:///home/runner/work/ozone/ozone/hadoop-ozone/integration-test/target/log,AVAILABLE}
2023-05-05 09:11:32,941 [Listener at 127.0.0.1/34059] INFO  handler.ContextHandler (ContextHandler.java:doStart(921)) - Started o.e.j.s.ServletContextHandler@42a99699{static,/static,file:///home/runner/work/ozone/ozone/hadoop-ozone/integration-test/target/test-classes/webapps/static,AVAILABLE}
2023-05-05 09:11:32,943 [Listener at 127.0.0.1/34059] INFO  handler.ContextHandler (ContextHandler.java:doStart(921)) - Started o.e.j.w.WebAppContext@41e51cc9{ozoneManager,/,file:///home/runner/work/ozone/ozone/hadoop-ozone/integration-test/target/test-classes/webapps/ozoneManager/,AVAILABLE}{file:/home/runner/work/ozone/ozone/hadoop-ozone/integration-test/target/test-classes/webapps/ozoneManager}
2023-05-05 09:11:32,949 [Listener at 127.0.0.1/34059] INFO  server.AbstractConnector (AbstractConnector.java:doStart(333)) - Started ServerConnector@42587438{HTTP/1.1, (http/1.1)}{0.0.0.0:44453}
2023-05-05 09:11:32,949 [Listener at 127.0.0.1/34059] INFO  server.Server (Server.java:doStart(415)) - Started @84303ms
2023-05-05 09:11:32,949 [Listener at 127.0.0.1/34059] WARN  impl.MetricsSystemImpl (MetricsSystemImpl.java:register(279)) - Sink prometheus already exists!
2023-05-05 09:11:32,950 [Listener at 127.0.0.1/34059] INFO  http.BaseHttpServer (BaseHttpServer.java:updateConnectorAddress(344)) - HTTP server of ozoneManager listening at http://0.0.0.0:44453
2023-05-05 09:11:32,950 [IPC Server Responder] INFO  ipc.Server (Server.java:run(1558)) - IPC Server Responder: starting
2023-05-05 09:11:32,951 [IPC Server listener on 0] INFO  ipc.Server (Server.java:run(1398)) - IPC Server listener on 0: starting
2023-05-05 09:11:32,952 [Listener at 127.0.0.1/34059] INFO  om.OzoneManager (OzoneManager.java:startTrashEmptier(2050)) - Trash Interval set to 0. Files deleted won't move to trash
2023-05-05 09:11:32,955 [Listener at 127.0.0.1/34059] WARN  impl.MetricRegistriesImpl (MetricRegistriesImpl.java:addReporterRegistration(111)) - New reporters are added after registries were created. Some metrics will be missing from the reporter. Please add reporter before adding any new registry.
2023-05-05 09:11:32,955 [Listener at 127.0.0.1/34059] WARN  impl.MetricRegistriesImpl (MetricRegistriesImpl.java:addReporterRegistration(111)) - New reporters are added after registries were created. Some metrics will be missing from the reporter. Please add reporter before adding any new registry.
2023-05-05 09:11:32,955 [Listener at 127.0.0.1/34059] INFO  impl.MetricsSystemImpl (MetricsSystemImpl.java:init(158)) - HddsDatanode metrics system started (again)
2023-05-05 09:11:32,964 [org.apache.hadoop.util.JvmPauseMonitor$Monitor@64a261d7] INFO  util.JvmPauseMonitor (JvmPauseMonitor.java:run(188)) - Starting JVM pause monitor
2023-05-05 09:11:32,972 [Listener at 127.0.0.1/34059] INFO  ozone.HddsDatanodeService (HddsDatanodeService.java:start(252)) - HddsDatanodeService host:fv-az152-207.qln5d00okglujjccfnhxhxodph.cx.internal.cloudapp.net ip:10.1.0.42
2023-05-05 09:11:33,004 [Listener at 127.0.0.1/34059] INFO  upgrade.AbstractLayoutVersionManager (AbstractLayoutVersionManager.java:init(83)) - Initializing Layout version manager with metadata layout = WEBUI_PORTS_IN_DATANODEDETAILS (version = 6), software layout = WEBUI_PORTS_IN_DATANODEDETAILS (version = 6)
2023-05-05 09:11:33,053 [Listener at 127.0.0.1/34059] INFO  reflections.Reflections (Reflections.java:scan(232)) - Reflections took 48 ms to scan 7 urls, producing 156 keys and 369 values 
2023-05-05 09:11:33,055 [Listener at 127.0.0.1/34059] INFO  statemachine.DatanodeStateMachine (DatanodeStateMachine.java:getEndPointTaskThreadPoolSize(267)) - Datanode State Machine Task Thread Pool size 2
2023-05-05 09:11:33,056 [Listener at 127.0.0.1/34059] INFO  volume.HddsVolume (HddsVolume.java:<init>(130)) - Creating HddsVolume: /home/runner/work/ozone/ozone/hadoop-ozone/integration-test/target/test-dir/MiniOzoneClusterImpl-a20a8466-aa08-482f-847f-7aedf63b4aa3/datanode-0/data-0/containers/hdds of storage type : DISK capacity : 9223372036854775807
2023-05-05 09:11:33,057 [Listener at 127.0.0.1/34059] INFO  volume.MutableVolumeSet (MutableVolumeSet.java:initializeVolumeSet(175)) - Added Volume : /home/runner/work/ozone/ozone/hadoop-ozone/integration-test/target/test-dir/MiniOzoneClusterImpl-a20a8466-aa08-482f-847f-7aedf63b4aa3/datanode-0/data-0/containers/hdds to VolumeSet
2023-05-05 09:11:33,057 [Listener at 127.0.0.1/34059] INFO  volume.ThrottledAsyncChecker (ThrottledAsyncChecker.java:schedule(141)) - Scheduling a check for /home/runner/work/ozone/ozone/hadoop-ozone/integration-test/target/test-dir/MiniOzoneClusterImpl-a20a8466-aa08-482f-847f-7aedf63b4aa3/datanode-0/data-0/containers/hdds
2023-05-05 09:11:33,057 [Listener at 127.0.0.1/34059] INFO  volume.StorageVolumeChecker (StorageVolumeChecker.java:checkAllVolumes(202)) - Scheduled health check for volume /home/runner/work/ozone/ozone/hadoop-ozone/integration-test/target/test-dir/MiniOzoneClusterImpl-a20a8466-aa08-482f-847f-7aedf63b4aa3/datanode-0/data-0/containers/hdds
2023-05-05 09:11:33,070 [Listener at 127.0.0.1/34059] INFO  volume.MutableVolumeSet (MutableVolumeSet.java:initializeVolumeSet(175)) - Added Volume : /home/runner/work/ozone/ozone/hadoop-ozone/integration-test/target/test-dir/MiniOzoneClusterImpl-a20a8466-aa08-482f-847f-7aedf63b4aa3/datanode-0/data/ratis to VolumeSet
2023-05-05 09:11:33,070 [Listener at 127.0.0.1/34059] INFO  volume.ThrottledAsyncChecker (ThrottledAsyncChecker.java:schedule(141)) - Scheduling a check for /home/runner/work/ozone/ozone/hadoop-ozone/integration-test/target/test-dir/MiniOzoneClusterImpl-a20a8466-aa08-482f-847f-7aedf63b4aa3/datanode-0/data/ratis
2023-05-05 09:11:33,071 [Listener at 127.0.0.1/34059] INFO  volume.StorageVolumeChecker (StorageVolumeChecker.java:checkAllVolumes(202)) - Scheduled health check for volume /home/runner/work/ozone/ozone/hadoop-ozone/integration-test/target/test-dir/MiniOzoneClusterImpl-a20a8466-aa08-482f-847f-7aedf63b4aa3/datanode-0/data/ratis
2023-05-05 09:11:33,083 [Thread-1108] INFO  ozoneimpl.ContainerReader (ContainerReader.java:readVolume(175)) - Finish verifying containers on volume /home/runner/work/ozone/ozone/hadoop-ozone/integration-test/target/test-dir/MiniOzoneClusterImpl-a20a8466-aa08-482f-847f-7aedf63b4aa3/datanode-0/data-0/containers/hdds
2023-05-05 09:11:33,083 [Listener at 127.0.0.1/34059] INFO  ozoneimpl.OzoneContainer (OzoneContainer.java:buildContainerSet(303)) - Build ContainerSet costs 0s
2023-05-05 09:11:33,085 [Listener at 127.0.0.1/34059] INFO  server.RaftServer (ConfUtils.java:logGet(46)) - raft.rpc.type = GRPC (default)
2023-05-05 09:11:33,086 [Listener at 127.0.0.1/34059] INFO  grpc.GrpcConfigKeys (ConfUtils.java:logFallback(53)) - raft.grpc.admin.host = null (fallback to raft.grpc.server.host)
2023-05-05 09:11:33,086 [Listener at 127.0.0.1/34059] INFO  grpc.GrpcConfigKeys (ConfUtils.java:logGet(46)) - raft.grpc.admin.port = 0 (custom)
2023-05-05 09:11:33,086 [Listener at 127.0.0.1/34059] INFO  grpc.GrpcConfigKeys (ConfUtils.java:logFallback(53)) - raft.grpc.client.host = null (fallback to raft.grpc.server.host)
2023-05-05 09:11:33,086 [Listener at 127.0.0.1/34059] INFO  grpc.GrpcConfigKeys (ConfUtils.java:logGet(46)) - raft.grpc.client.port = 0 (custom)
2023-05-05 09:11:33,086 [Listener at 127.0.0.1/34059] INFO  grpc.GrpcConfigKeys (ConfUtils.java:logGet(46)) - raft.grpc.server.host = null (default)
2023-05-05 09:11:33,086 [Listener at 127.0.0.1/34059] INFO  grpc.GrpcConfigKeys (ConfUtils.java:logGet(46)) - raft.grpc.server.port = 0 (default)
2023-05-05 09:11:33,086 [Listener at 127.0.0.1/34059] INFO  server.GrpcService (ConfUtils.java:logGet(46)) - raft.grpc.message.size.max = 32MB (=33554432) (custom)
2023-05-05 09:11:33,086 [Listener at 127.0.0.1/34059] INFO  server.RaftServerConfigKeys (ConfUtils.java:logGet(46)) - raft.server.log.appender.buffer.byte-limit = 33554432 (custom)
2023-05-05 09:11:33,086 [Listener at 127.0.0.1/34059] INFO  server.GrpcService (ConfUtils.java:logGet(46)) - raft.grpc.flow.control.window = 5MB (=5242880) (custom)
2023-05-05 09:11:33,086 [Listener at 127.0.0.1/34059] INFO  server.RaftServerConfigKeys (ConfUtils.java:logGet(46)) - raft.server.rpc.request.timeout = 60s (custom)
2023-05-05 09:11:33,086 [Listener at 127.0.0.1/34059] INFO  grpc.GrpcConfigKeys (ConfUtils.java:logGet(46)) - raft.grpc.server.heartbeat.channel = true (default)
2023-05-05 09:11:33,086 [Listener at 127.0.0.1/34059] INFO  grpc.GrpcConfigKeys (ConfUtils.java:logGet(46)) - raft.grpc.server.async.request.thread.pool.cached = true (default)
2023-05-05 09:11:33,086 [Listener at 127.0.0.1/34059] INFO  grpc.GrpcConfigKeys (ConfUtils.java:logGet(46)) - raft.grpc.server.async.request.thread.pool.size = 32 (default)
2023-05-05 09:11:33,088 [Listener at 127.0.0.1/34059] INFO  impl.DataStreamServerImpl (ConfUtils.java:logGet(46)) - raft.datastream.type = NETTY (custom)
2023-05-05 09:11:33,088 [Listener at 127.0.0.1/34059] INFO  server.RaftServerConfigKeys (ConfUtils.java:logGet(46)) - raft.server.data-stream.async.request.thread.pool.cached = false (default)
2023-05-05 09:11:33,088 [Listener at 127.0.0.1/34059] INFO  server.RaftServerConfigKeys (ConfUtils.java:logGet(46)) - raft.server.data-stream.async.request.thread.pool.size = 20 (custom)
2023-05-05 09:11:33,088 [Listener at 127.0.0.1/34059] INFO  server.RaftServerConfigKeys (ConfUtils.java:logGet(46)) - raft.server.data-stream.async.write.thread.pool.size = 16 (default)
2023-05-05 09:11:33,088 [Listener at 127.0.0.1/34059] INFO  server.RaftServerConfigKeys (ConfUtils.java:logGet(46)) - raft.server.data-stream.client.pool.size = 10 (default)
2023-05-05 09:11:33,088 [Listener at 127.0.0.1/34059] INFO  netty.NettyConfigKeys$DataStream (ConfUtils.java:logGet(46)) - raft.netty.dataStream.server.use-epoll = false (default)
2023-05-05 09:11:33,088 [Listener at 127.0.0.1/34059] INFO  netty.NettyConfigKeys$DataStream (ConfUtils.java:logGet(46)) - raft.netty.dataStream.server.boss-group.size = 0 (default)
2023-05-05 09:11:33,089 [Listener at 127.0.0.1/34059] INFO  netty.NettyConfigKeys$DataStream (ConfUtils.java:logGet(46)) - raft.netty.dataStream.server.worker-group.size = 0 (default)
2023-05-05 09:11:33,089 [Listener at 127.0.0.1/34059] INFO  netty.NettyConfigKeys$DataStream (ConfUtils.java:logGet(46)) - raft.netty.dataStream.server.tls.conf = null (default)
2023-05-05 09:11:33,089 [Listener at 127.0.0.1/34059] INFO  netty.NettyConfigKeys$DataStream (ConfUtils.java:logGet(46)) - raft.netty.dataStream.host = null (default)
2023-05-05 09:11:33,089 [Listener at 127.0.0.1/34059] INFO  netty.NettyConfigKeys$DataStream (ConfUtils.java:logGet(46)) - raft.netty.dataStream.port = 0 (default)
2023-05-05 09:11:33,092 [Listener at 127.0.0.1/34059] INFO  server.RaftServerConfigKeys (ConfUtils.java:logGet(46)) - raft.server.threadpool.proxy.cached = true (default)
2023-05-05 09:11:33,092 [Listener at 127.0.0.1/34059] INFO  server.RaftServerConfigKeys (ConfUtils.java:logGet(46)) - raft.server.threadpool.proxy.size = 0 (default)
2023-05-05 09:11:33,092 [Listener at 127.0.0.1/34059] INFO  server.RaftServerConfigKeys (ConfUtils.java:logGet(46)) - raft.server.rpc.slowness.timeout = 300s (custom)
2023-05-05 09:11:33,092 [Listener at 127.0.0.1/34059] INFO  server.RaftServerConfigKeys (ConfUtils.java:logGet(46)) - raft.server.leaderelection.leader.step-down.wait-time = 10s (default)
2023-05-05 09:11:33,092 [Listener at 127.0.0.1/34059] INFO  server.RaftServerConfigKeys (ConfUtils.java:logGet(46)) - raft.server.storage.dir = [/home/runner/work/ozone/ozone/hadoop-ozone/integration-test/target/test-dir/MiniOzoneClusterImpl-a20a8466-aa08-482f-847f-7aedf63b4aa3/datanode-0/data/ratis] (custom)
2023-05-05 09:11:33,093 [e6dd3cf2-cd2d-497c-af02-212f98fb8d65-NettyServerStreamRpc-bossGroup--thread1] INFO  logging.LoggingHandler (AbstractInternalLogger.java:log(148)) - [id: 0x75167356] REGISTERED
2023-05-05 09:11:33,093 [e6dd3cf2-cd2d-497c-af02-212f98fb8d65-NettyServerStreamRpc-bossGroup--thread1] INFO  logging.LoggingHandler (AbstractInternalLogger.java:log(148)) - [id: 0x75167356] BIND: 0.0.0.0/0.0.0.0:0
2023-05-05 09:11:33,093 [e6dd3cf2-cd2d-497c-af02-212f98fb8d65-NettyServerStreamRpc-bossGroup--thread1] INFO  logging.LoggingHandler (AbstractInternalLogger.java:log(148)) - [id: 0x75167356, L:/0:0:0:0:0:0:0:0:38413] ACTIVE
2023-05-05 09:11:33,097 [Listener at 127.0.0.1/34059] INFO  server.XceiverServerGrpc (XceiverServerGrpc.java:<init>(132)) - GrpcServer channel type EpollServerSocketChannel
2023-05-05 09:11:33,099 [Listener at 127.0.0.1/34059] INFO  replication.ReplicationSupervisor (ReplicationSupervisor.java:nodeStateUpdated(290)) - Node state updated to IN_SERVICE, scaling executor pool size to 10
2023-05-05 09:11:33,101 [Listener at 127.0.0.1/34059] INFO  http.BaseHttpServer (BaseHttpServer.java:newHttpServer2BuilderForOzone(224)) - Starting Web-server for hddsDatanode at: http://0.0.0.0:0
2023-05-05 09:11:33,101 [Listener at 127.0.0.1/34059] INFO  http.BaseHttpServer (BaseHttpServer.java:<init>(111)) - Hadoop Security Enabled: false Ozone Security Enabled: false Ozone HTTP Security Enabled: false 
2023-05-05 09:11:33,103 [Listener at 127.0.0.1/34059] WARN  server.AuthenticationFilter (AuthenticationFilter.java:constructSecretProvider(240)) - Unable to initialize FileSignerSecretProvider, falling back to use random secrets. Reason: Could not read signature secret file: /home/runner/hadoop-http-auth-signature-secret
2023-05-05 09:11:33,103 [Listener at 127.0.0.1/34059] INFO  http.HttpRequestLog (HttpRequestLog.java:getRequestLog(86)) - Http request log for http.requests.hddsDatanode is not defined
2023-05-05 09:11:33,105 [Listener at 127.0.0.1/34059] INFO  http.HttpServer2 (HttpServer2.java:addGlobalFilter(1031)) - Added global filter 'safety' (class=org.apache.hadoop.hdds.server.http.HttpServer2$QuotingInputFilter)
2023-05-05 09:11:33,106 [Listener at 127.0.0.1/34059] INFO  http.HttpServer2 (HttpServer2.java:addFilter(1007)) - Added filter static_user_filter (class=org.apache.hadoop.http.lib.StaticUserWebFilter$StaticUserFilter) to context hddsDatanode
2023-05-05 09:11:33,106 [Listener at 127.0.0.1/34059] INFO  http.HttpServer2 (HttpServer2.java:addFilter(1015)) - Added filter static_user_filter (class=org.apache.hadoop.http.lib.StaticUserWebFilter$StaticUserFilter) to context logs
2023-05-05 09:11:33,106 [Listener at 127.0.0.1/34059] INFO  http.HttpServer2 (HttpServer2.java:addFilter(1015)) - Added filter static_user_filter (class=org.apache.hadoop.http.lib.StaticUserWebFilter$StaticUserFilter) to context static
2023-05-05 09:11:33,106 [Listener at 127.0.0.1/34059] INFO  http.BaseHttpServer (BaseHttpServer.java:<init>(190)) - HTTP server of hddsDatanode uses base directory /home/runner/work/ozone/ozone/hadoop-ozone/integration-test/target/test-dir/MiniOzoneClusterImpl-a20a8466-aa08-482f-847f-7aedf63b4aa3/datanode-0/meta/webserver
2023-05-05 09:11:33,107 [Listener at 127.0.0.1/34059] INFO  http.HttpServer2 (HttpServer2.java:bindListener(1250)) - Jetty bound to port 35189
2023-05-05 09:11:33,107 [Listener at 127.0.0.1/34059] INFO  server.Server (Server.java:doStart(375)) - jetty-9.4.51.v20230217; built: 2023-02-17T08:19:37.309Z; git: b45c405e4544384de066f814ed42ae3dceacdd49; jvm 1.8.0_362-b09
2023-05-05 09:11:33,113 [Listener at 127.0.0.1/34059] INFO  server.session (DefaultSessionIdManager.java:doStart(334)) - DefaultSessionIdManager workerName=node0
2023-05-05 09:11:33,113 [Listener at 127.0.0.1/34059] INFO  server.session (DefaultSessionIdManager.java:doStart(339)) - No SessionScavenger set, using defaults
2023-05-05 09:11:33,114 [Listener at 127.0.0.1/34059] INFO  server.session (HouseKeeper.java:startScavenging(132)) - node0 Scavenging every 600000ms
2023-05-05 09:11:33,115 [Listener at 127.0.0.1/34059] INFO  handler.ContextHandler (ContextHandler.java:doStart(921)) - Started o.e.j.s.ServletContextHandler@b22c353{logs,/logs,file:///home/runner/work/ozone/ozone/hadoop-ozone/integration-test/target/log,AVAILABLE}
2023-05-05 09:11:33,115 [Listener at 127.0.0.1/34059] INFO  handler.ContextHandler (ContextHandler.java:doStart(921)) - Started o.e.j.s.ServletContextHandler@2fb11e20{static,/static,jar:file:/home/runner/.m2/repository/org/apache/ozone/hdds-container-service/1.4.0-SNAPSHOT/hdds-container-service-1.4.0-SNAPSHOT.jar!/webapps/static,AVAILABLE}
2023-05-05 09:11:33,313 [Listener at 127.0.0.1/34059] INFO  handler.ContextHandler (ContextHandler.java:doStart(921)) - Started o.e.j.w.WebAppContext@23d7e555{hddsDatanode,/,file:///home/runner/work/ozone/ozone/hadoop-ozone/integration-test/target/test-dir/MiniOzoneClusterImpl-a20a8466-aa08-482f-847f-7aedf63b4aa3/datanode-0/meta/webserver/jetty-0_0_0_0-35189-hdds-container-service-1_4_0-SNAPSHOT_jar-_-any-7302685801516732707/webapp/,AVAILABLE}{jar:file:/home/runner/.m2/repository/org/apache/ozone/hdds-container-service/1.4.0-SNAPSHOT/hdds-container-service-1.4.0-SNAPSHOT.jar!/webapps/hddsDatanode}
2023-05-05 09:11:33,315 [Listener at 127.0.0.1/34059] INFO  server.AbstractConnector (AbstractConnector.java:doStart(333)) - Started ServerConnector@3e81122{HTTP/1.1, (http/1.1)}{0.0.0.0:35189}
2023-05-05 09:11:33,315 [Listener at 127.0.0.1/34059] INFO  server.Server (Server.java:doStart(415)) - Started @84669ms
2023-05-05 09:11:33,315 [Listener at 127.0.0.1/34059] WARN  impl.MetricsSystemImpl (MetricsSystemImpl.java:register(279)) - Sink prometheus already exists!
2023-05-05 09:11:33,316 [Listener at 127.0.0.1/34059] INFO  http.BaseHttpServer (BaseHttpServer.java:updateConnectorAddress(344)) - HTTP server of hddsDatanode listening at http://0.0.0.0:35189
2023-05-05 09:11:33,317 [Listener at 127.0.0.1/34059] INFO  ozone.MiniOzoneClusterImpl (MiniOzoneClusterImpl.java:lambda$waitForClusterToBeReady$0(223)) - Waiting for nodes to be ready. Got 0 of 1 DN Heartbeats.
2023-05-05 09:11:33,317 [Listener at 127.0.0.1/34059] INFO  ozone.MiniOzoneClusterImpl (MiniOzoneClusterImpl.java:lambda$waitForClusterToBeReady$0(226)) - Waiting for cluster to exit safe mode
2023-05-05 09:11:33,317 [Listener at 127.0.0.1/34059] INFO  ozone.MiniOzoneClusterImpl (MiniOzoneClusterImpl.java:lambda$waitForClusterToBeReady$0(228)) - SCM became leader
2023-05-05 09:11:33,318 [Datanode State Machine Daemon Thread] INFO  statemachine.DatanodeStateMachine (DatanodeStateMachine.java:lambda$startDaemon$0(524)) - Ozone container server started.
2023-05-05 09:11:33,321 [org.apache.hadoop.util.JvmPauseMonitor$Monitor@8df168f] INFO  util.JvmPauseMonitor (JvmPauseMonitor.java:run(188)) - Starting JVM pause monitor
2023-05-05 09:11:33,335 [Datanode State Machine Task Thread - 0] INFO  datanode.InitDatanodeState (InitDatanodeState.java:persistContainerDatanodeDetails(138)) - DatanodeDetails is persisted to /home/runner/work/ozone/ozone/hadoop-ozone/integration-test/target/test-dir/MiniOzoneClusterImpl-a20a8466-aa08-482f-847f-7aedf63b4aa3/datanode-0/meta/datanode.id
2023-05-05 09:11:34,026 [om1@group-C5BA1605619E-FollowerState] INFO  impl.FollowerState (FollowerState.java:run(143)) - om1@group-C5BA1605619E-FollowerState: change to CANDIDATE, lastRpcElapsedTime:1108247619ns, electionTimeout:1107ms
2023-05-05 09:11:34,026 [om1@group-C5BA1605619E-FollowerState] INFO  impl.RoleInfo (RoleInfo.java:shutdownFollowerState(110)) - om1: shutdown om1@group-C5BA1605619E-FollowerState
2023-05-05 09:11:34,026 [om1@group-C5BA1605619E-FollowerState] INFO  server.RaftServer$Division (RaftServerImpl.java:setRole(321)) - om1@group-C5BA1605619E: changes role from  FOLLOWER to CANDIDATE at term 0 for changeToCandidate
2023-05-05 09:11:34,026 [om1@group-C5BA1605619E-FollowerState] INFO  server.RaftServerConfigKeys (ConfUtils.java:logGet(46)) - raft.server.leaderelection.pre-vote = true (default)
2023-05-05 09:11:34,027 [om1@group-C5BA1605619E-FollowerState] INFO  impl.RoleInfo (RoleInfo.java:updateAndGet(139)) - om1: start om1@group-C5BA1605619E-LeaderElection17
2023-05-05 09:11:34,028 [om1@group-C5BA1605619E-LeaderElection17] INFO  impl.LeaderElection (LeaderElection.java:askForVotes(312)) - om1@group-C5BA1605619E-LeaderElection17 PRE_VOTE round 0: submit vote requests at term 0 for -1: peers:[om1|rpc:localhost:9872|priority:0|startupRole:FOLLOWER]|listeners:[], old=null
2023-05-05 09:11:34,028 [om1@group-C5BA1605619E-LeaderElection17] INFO  impl.LeaderElection (LeaderElection.java:askForVotes(314)) - om1@group-C5BA1605619E-LeaderElection17 PRE_VOTE round 0: result PASSED (term=0)
2023-05-05 09:11:34,030 [om1@group-C5BA1605619E-LeaderElection17] INFO  impl.LeaderElection (LeaderElection.java:askForVotes(312)) - om1@group-C5BA1605619E-LeaderElection17 ELECTION round 0: submit vote requests at term 1 for -1: peers:[om1|rpc:localhost:9872|priority:0|startupRole:FOLLOWER]|listeners:[], old=null
2023-05-05 09:11:34,030 [om1@group-C5BA1605619E-LeaderElection17] INFO  impl.LeaderElection (LeaderElection.java:askForVotes(314)) - om1@group-C5BA1605619E-LeaderElection17 ELECTION round 0: result PASSED (term=1)
2023-05-05 09:11:34,030 [om1@group-C5BA1605619E-LeaderElection17] INFO  impl.RoleInfo (RoleInfo.java:shutdownLeaderElection(130)) - om1: shutdown om1@group-C5BA1605619E-LeaderElection17
2023-05-05 09:11:34,030 [om1@group-C5BA1605619E-LeaderElection17] INFO  server.RaftServer$Division (RaftServerImpl.java:setRole(321)) - om1@group-C5BA1605619E: changes role from CANDIDATE to LEADER at term 1 for changeToLeader
2023-05-05 09:11:34,031 [om1@group-C5BA1605619E-LeaderElection17] INFO  server.RaftServer$Division (ServerState.java:setLeader(313)) - om1@group-C5BA1605619E: change Leader from null to om1 at term 1 for becomeLeader, leader elected after 1518ms
2023-05-05 09:11:34,031 [om1@group-C5BA1605619E-LeaderElection17] INFO  server.RaftServerConfigKeys (ConfUtils.java:logGet(46)) - raft.server.staging.catchup.gap = 1000 (default)
2023-05-05 09:11:34,031 [om1@group-C5BA1605619E-LeaderElection17] INFO  server.RaftServerConfigKeys (ConfUtils.java:logGet(46)) - raft.server.write.element-limit = 4096 (default)
2023-05-05 09:11:34,031 [om1@group-C5BA1605619E-LeaderElection17] INFO  server.RaftServerConfigKeys (ConfUtils.java:logGet(46)) - raft.server.write.byte-limit = 64MB (=67108864) (default)
2023-05-05 09:11:34,031 [om1@group-C5BA1605619E-LeaderElection17] INFO  server.RaftServerConfigKeys (ConfUtils.java:logGet(46)) - raft.server.watch.timeout = 10s (default)
2023-05-05 09:11:34,031 [om1@group-C5BA1605619E-LeaderElection17] INFO  server.RaftServerConfigKeys (ConfUtils.java:logGet(46)) - raft.server.watch.timeout.denomination = 1s (default)
2023-05-05 09:11:34,031 [om1@group-C5BA1605619E-LeaderElection17] INFO  server.RaftServerConfigKeys (ConfUtils.java:logGet(46)) - raft.server.watch.element-limit = 65536 (default)
2023-05-05 09:11:34,031 [om1@group-C5BA1605619E-LeaderElection17] INFO  server.RaftServerConfigKeys (ConfUtils.java:logGet(46)) - raft.server.write.element-limit = 4096 (default)
2023-05-05 09:11:34,031 [om1@group-C5BA1605619E-LeaderElection17] INFO  server.RaftServerConfigKeys (ConfUtils.java:logGet(46)) - raft.server.write.follower.gap.ratio.max = -1.0 (default)
2023-05-05 09:11:34,031 [om1@group-C5BA1605619E-LeaderElection17] INFO  impl.RoleInfo (RoleInfo.java:updateAndGet(139)) - om1: start om1@group-C5BA1605619E-LeaderStateImpl
2023-05-05 09:11:34,032 [om1@group-C5BA1605619E-LeaderElection17] INFO  segmented.SegmentedRaftLogWorker (SegmentedRaftLogWorker.java:startLogSegment(452)) - om1@group-C5BA1605619E-SegmentedRaftLogWorker: Starting segment from index:0
2023-05-05 09:11:34,037 [om1@group-C5BA1605619E-LeaderElection17] INFO  server.RaftServer$Division (ServerState.java:setRaftConf(430)) - om1@group-C5BA1605619E: set configuration 0: peers:[om1|rpc:localhost:9872|admin:|client:|dataStream:|priority:0|startupRole:FOLLOWER]|listeners:[], old=null
2023-05-05 09:11:34,047 [om1@group-C5BA1605619E-SegmentedRaftLogWorker] INFO  segmented.SegmentedRaftLogWorker (SegmentedRaftLogWorker.java:execute(656)) - om1@group-C5BA1605619E-SegmentedRaftLogWorker: created new log segment /home/runner/work/ozone/ozone/hadoop-ozone/integration-test/target/test-dir/MiniOzoneClusterImpl-a20a8466-aa08-482f-847f-7aedf63b4aa3/ozone-meta/ratis/bf265839-605b-3f16-9796-c5ba1605619e/current/log_inprogress_0
2023-05-05 09:11:34,048 [om1@group-C5BA1605619E-StateMachineUpdater] INFO  ratis.OzoneManagerStateMachine (OzoneManagerStateMachine.java:notifyConfigurationChanged(201)) - Received Configuration change notification from Ratis. New Peer list:
[id: "om1"
address: "localhost:9872"
startupRole: FOLLOWER
]
2023-05-05 09:11:34,317 [Listener at 127.0.0.1/34059] INFO  ozone.MiniOzoneClusterImpl (MiniOzoneClusterImpl.java:lambda$waitForClusterToBeReady$0(223)) - Waiting for nodes to be ready. Got 0 of 1 DN Heartbeats.
2023-05-05 09:11:34,317 [Listener at 127.0.0.1/34059] INFO  ozone.MiniOzoneClusterImpl (MiniOzoneClusterImpl.java:lambda$waitForClusterToBeReady$0(226)) - Waiting for cluster to exit safe mode
2023-05-05 09:11:34,317 [Listener at 127.0.0.1/34059] INFO  ozone.MiniOzoneClusterImpl (MiniOzoneClusterImpl.java:lambda$waitForClusterToBeReady$0(228)) - SCM became leader
2023-05-05 09:11:35,318 [Listener at 127.0.0.1/34059] INFO  ozone.MiniOzoneClusterImpl (MiniOzoneClusterImpl.java:lambda$waitForClusterToBeReady$0(223)) - Waiting for nodes to be ready. Got 0 of 1 DN Heartbeats.
2023-05-05 09:11:35,318 [Listener at 127.0.0.1/34059] INFO  ozone.MiniOzoneClusterImpl (MiniOzoneClusterImpl.java:lambda$waitForClusterToBeReady$0(226)) - Waiting for cluster to exit safe mode
2023-05-05 09:11:35,318 [Listener at 127.0.0.1/34059] INFO  ozone.MiniOzoneClusterImpl (MiniOzoneClusterImpl.java:lambda$waitForClusterToBeReady$0(228)) - SCM became leader
2023-05-05 09:11:35,356 [EndpointStateMachine task thread for /0.0.0.0:33799 - 0 ] INFO  utils.DatanodeStoreCache (DatanodeStoreCache.java:addDB(58)) - Added db /home/runner/work/ozone/ozone/hadoop-ozone/integration-test/target/test-dir/MiniOzoneClusterImpl-a20a8466-aa08-482f-847f-7aedf63b4aa3/datanode-0/data-0/containers/hdds/a20a8466-aa08-482f-847f-7aedf63b4aa3/DS-724cc7c7-63ee-4b8e-b980-cd34ecd57bdd/container.db to cache
2023-05-05 09:11:35,356 [EndpointStateMachine task thread for /0.0.0.0:33799 - 0 ] INFO  volume.HddsVolume (HddsVolume.java:createDbStore(350)) - SchemaV3 db is created and loaded at /home/runner/work/ozone/ozone/hadoop-ozone/integration-test/target/test-dir/MiniOzoneClusterImpl-a20a8466-aa08-482f-847f-7aedf63b4aa3/datanode-0/data-0/containers/hdds/a20a8466-aa08-482f-847f-7aedf63b4aa3/DS-724cc7c7-63ee-4b8e-b980-cd34ecd57bdd/container.db for volume DS-724cc7c7-63ee-4b8e-b980-cd34ecd57bdd
2023-05-05 09:11:35,357 [EndpointStateMachine task thread for /0.0.0.0:33799 - 0 ] INFO  ozoneimpl.OzoneContainer (OzoneContainer.java:start(397)) - Attempting to start container services.
2023-05-05 09:11:35,357 [EndpointStateMachine task thread for /0.0.0.0:33799 - 0 ] INFO  ozoneimpl.OzoneContainer (OzoneContainer.java:startContainerScrub(314)) - Scheduled background container scanners and the on-demand container scanner have been disabled.
2023-05-05 09:11:35,358 [EndpointStateMachine task thread for /0.0.0.0:33799 - 0 ] INFO  replication.ReplicationServer (ReplicationServer.java:start(109)) - ReplicationServer is started using port 33955
2023-05-05 09:11:35,359 [EndpointStateMachine task thread for /0.0.0.0:33799 - 0 ] INFO  ratis.XceiverServerRatis (XceiverServerRatis.java:start(517)) - Starting XceiverServerRatis e6dd3cf2-cd2d-497c-af02-212f98fb8d65
2023-05-05 09:11:35,359 [EndpointStateMachine task thread for /0.0.0.0:33799 - 0 ] INFO  server.RaftServer (RaftServerProxy.java:startImpl(393)) - e6dd3cf2-cd2d-497c-af02-212f98fb8d65: start RPC server
2023-05-05 09:11:35,361 [EndpointStateMachine task thread for /0.0.0.0:33799 - 0 ] INFO  server.GrpcService (GrpcService.java:startImpl(262)) - e6dd3cf2-cd2d-497c-af02-212f98fb8d65: GrpcService started, listening on 43809
2023-05-05 09:11:35,361 [EndpointStateMachine task thread for /0.0.0.0:33799 - 0 ] INFO  ratis.XceiverServerRatis (XceiverServerRatis.java:getRealPort(543)) - XceiverServerRatis e6dd3cf2-cd2d-497c-af02-212f98fb8d65 is started using port 43809 for RATIS
2023-05-05 09:11:35,361 [EndpointStateMachine task thread for /0.0.0.0:33799 - 0 ] INFO  ratis.XceiverServerRatis (XceiverServerRatis.java:getRealPort(543)) - XceiverServerRatis e6dd3cf2-cd2d-497c-af02-212f98fb8d65 is started using port 43809 for RATIS_ADMIN
2023-05-05 09:11:35,361 [EndpointStateMachine task thread for /0.0.0.0:33799 - 0 ] INFO  ratis.XceiverServerRatis (XceiverServerRatis.java:getRealPort(543)) - XceiverServerRatis e6dd3cf2-cd2d-497c-af02-212f98fb8d65 is started using port 43809 for RATIS_SERVER
2023-05-05 09:11:35,361 [EndpointStateMachine task thread for /0.0.0.0:33799 - 0 ] INFO  ratis.XceiverServerRatis (XceiverServerRatis.java:getRealPort(543)) - XceiverServerRatis e6dd3cf2-cd2d-497c-af02-212f98fb8d65 is started using port 38413 for RATIS_DATASTREAM
2023-05-05 09:11:35,361 [JvmPauseMonitor11] INFO  util.JvmPauseMonitor (JvmPauseMonitor.java:run(105)) - JvmPauseMonitor-e6dd3cf2-cd2d-497c-af02-212f98fb8d65: Started
2023-05-05 09:11:35,364 [EndpointStateMachine task thread for /0.0.0.0:33799 - 0 ] INFO  server.XceiverServerGrpc (XceiverServerGrpc.java:start(180)) - XceiverServerGrpc e6dd3cf2-cd2d-497c-af02-212f98fb8d65 is started using port 35035
2023-05-05 09:11:35,364 [BlockDeletingService#0] INFO  interfaces.ContainerDeletionChoosingPolicyTemplate (ContainerDeletionChoosingPolicyTemplate.java:chooseContainerForBlockDeletion(83)) - Chosen 0/5000 blocks from 0 candidate containers.
2023-05-05 09:11:36,318 [Listener at 127.0.0.1/34059] INFO  ozone.MiniOzoneClusterImpl (MiniOzoneClusterImpl.java:lambda$waitForClusterToBeReady$0(223)) - Waiting for nodes to be ready. Got 0 of 1 DN Heartbeats.
2023-05-05 09:11:36,318 [Listener at 127.0.0.1/34059] INFO  ozone.MiniOzoneClusterImpl (MiniOzoneClusterImpl.java:lambda$waitForClusterToBeReady$0(226)) - Waiting for cluster to exit safe mode
2023-05-05 09:11:36,318 [Listener at 127.0.0.1/34059] INFO  ozone.MiniOzoneClusterImpl (MiniOzoneClusterImpl.java:lambda$waitForClusterToBeReady$0(228)) - SCM became leader
2023-05-05 09:11:37,319 [Listener at 127.0.0.1/34059] INFO  ozone.MiniOzoneClusterImpl (MiniOzoneClusterImpl.java:lambda$waitForClusterToBeReady$0(223)) - Waiting for nodes to be ready. Got 0 of 1 DN Heartbeats.
2023-05-05 09:11:37,319 [Listener at 127.0.0.1/34059] INFO  ozone.MiniOzoneClusterImpl (MiniOzoneClusterImpl.java:lambda$waitForClusterToBeReady$0(226)) - Waiting for cluster to exit safe mode
2023-05-05 09:11:37,319 [Listener at 127.0.0.1/34059] INFO  ozone.MiniOzoneClusterImpl (MiniOzoneClusterImpl.java:lambda$waitForClusterToBeReady$0(228)) - SCM became leader
2023-05-05 09:11:37,323 [IPC Server handler 0 on default port 33799] INFO  net.NetworkTopologyImpl (NetworkTopologyImpl.java:add(112)) - Added a new node: /default-rack/e6dd3cf2-cd2d-497c-af02-212f98fb8d65
2023-05-05 09:11:37,323 [IPC Server handler 0 on default port 33799] INFO  node.SCMNodeManager (SCMNodeManager.java:register(407)) - Registered Data node : e6dd3cf2-cd2d-497c-af02-212f98fb8d65{ip: 10.1.0.42, host: fv-az152-207.qln5d00okglujjccfnhxhxodph.cx.internal.cloudapp.net, ports: [HTTP=35189, REPLICATION=33955, RATIS=43809, RATIS_ADMIN=43809, RATIS_SERVER=43809, RATIS_DATASTREAM=38413, STANDALONE=35035], networkLocation: /default-rack, certSerialId: null, persistedOpState: null, persistedOpStateExpiryEpochSec: 0}
2023-05-05 09:11:37,325 [EventQueue-NodeRegistrationContainerReportForContainerSafeModeRule] INFO  safemode.SCMSafeModeManager (SCMSafeModeManager.java:validateSafeModeExitRules(200)) - ContainerSafeModeRule rule is successfully validated
2023-05-05 09:11:37,325 [EventQueue-NodeRegistrationContainerReportForDataNodeSafeModeRule] INFO  safemode.SCMSafeModeManager (DataNodeSafeModeRule.java:process(71)) - SCM in safe mode. 1 DataNodes registered, 1 required.
2023-05-05 09:11:37,328 [EventQueue-NodeRegistrationContainerReportForDataNodeSafeModeRule] INFO  safemode.SCMSafeModeManager (SCMSafeModeManager.java:validateSafeModeExitRules(200)) - DataNodeSafeModeRule rule is successfully validated
2023-05-05 09:11:37,328 [EventQueue-NewNodeForNewNodeHandler] INFO  pipeline.BackgroundPipelineCreator (BackgroundPipelineCreator.java:notifyEventTriggered(276)) - trigger a one-shot run on RatisPipelineUtilsThread.
2023-05-05 09:11:37,329 [RatisPipelineUtilsThread - 0] INFO  pipeline.RatisPipelineProvider (RatisPipelineProvider.java:lambda$create$0(206)) - Sending CreatePipelineCommand for pipeline:PipelineID=b39ede66-2829-4e83-bf65-dafb3c2fa0b6 to datanode:e6dd3cf2-cd2d-497c-af02-212f98fb8d65
2023-05-05 09:11:37,328 [EventQueue-NodeRegistrationContainerReportForDataNodeSafeModeRule] INFO  safemode.SCMSafeModeManager (SCMSafeModeManager.java:completePreCheck(229)) - All SCM safe mode pre check rules have passed
2023-05-05 09:11:37,329 [RatisPipelineUtilsThread - 0] INFO  pipeline.PipelineStateManagerImpl (PipelineStateManagerImpl.java:addPipeline(103)) - Created pipeline Pipeline[ Id: b39ede66-2829-4e83-bf65-dafb3c2fa0b6, Nodes: e6dd3cf2-cd2d-497c-af02-212f98fb8d65(fv-az152-207.qln5d00okglujjccfnhxhxodph.cx.internal.cloudapp.net/10.1.0.42), ReplicationConfig: RATIS/ONE, State:ALLOCATED, leaderId:, CreationTimestamp2023-05-05T09:11:37.329Z[Etc/UTC]].
2023-05-05 09:11:37,330 [EventQueue-NodeRegistrationContainerReportForDataNodeSafeModeRule] INFO  ha.SCMContext (SCMContext.java:updateSafeModeStatus(228)) - Update SafeModeStatus from SafeModeStatus{safeModeStatus=true, preCheckPassed=false} to SafeModeStatus{safeModeStatus=true, preCheckPassed=true}.
2023-05-05 09:11:37,330 [EventQueue-NodeRegistrationContainerReportForDataNodeSafeModeRule] INFO  pipeline.BackgroundPipelineCreator (BackgroundPipelineCreator.java:notifyEventTriggered(276)) - trigger a one-shot run on RatisPipelineUtilsThread.
2023-05-05 09:11:37,330 [RatisPipelineUtilsThread - 0] ERROR scm.SCMCommonPlacementPolicy (SCMCommonPlacementPolicy.java:filterNodesWithSpace(285)) - Unable to find enough nodes that meet the space requirement of 1073741824 bytes for metadata and 5368709120 bytes for data in healthy node set. Required 3. Found 1.
2023-05-05 09:11:37,332 [EventQueue-PipelineReportForOneReplicaPipelineSafeModeRule] INFO  safemode.SCMSafeModeManager (SCMSafeModeManager.java:validateSafeModeExitRules(200)) - AtleastOneDatanodeReportedRule rule is successfully validated
2023-05-05 09:11:38,319 [Listener at 127.0.0.1/34059] INFO  ozone.MiniOzoneClusterImpl (MiniOzoneClusterImpl.java:lambda$waitForClusterToBeReady$0(223)) - Nodes are ready. Got 1 of 1 DN Heartbeats.
2023-05-05 09:11:38,319 [Listener at 127.0.0.1/34059] INFO  ozone.MiniOzoneClusterImpl (MiniOzoneClusterImpl.java:lambda$waitForClusterToBeReady$0(226)) - Waiting for cluster to exit safe mode
2023-05-05 09:11:38,319 [Listener at 127.0.0.1/34059] INFO  ozone.MiniOzoneClusterImpl (MiniOzoneClusterImpl.java:lambda$waitForClusterToBeReady$0(228)) - SCM became leader
2023-05-05 09:11:39,320 [Listener at 127.0.0.1/34059] INFO  ozone.MiniOzoneClusterImpl (MiniOzoneClusterImpl.java:lambda$waitForClusterToBeReady$0(223)) - Nodes are ready. Got 1 of 1 DN Heartbeats.
2023-05-05 09:11:39,320 [Listener at 127.0.0.1/34059] INFO  ozone.MiniOzoneClusterImpl (MiniOzoneClusterImpl.java:lambda$waitForClusterToBeReady$0(226)) - Waiting for cluster to exit safe mode
2023-05-05 09:11:39,320 [Listener at 127.0.0.1/34059] INFO  ozone.MiniOzoneClusterImpl (MiniOzoneClusterImpl.java:lambda$waitForClusterToBeReady$0(228)) - SCM became leader
2023-05-05 09:11:40,320 [Listener at 127.0.0.1/34059] INFO  ozone.MiniOzoneClusterImpl (MiniOzoneClusterImpl.java:lambda$waitForClusterToBeReady$0(223)) - Nodes are ready. Got 1 of 1 DN Heartbeats.
2023-05-05 09:11:40,320 [Listener at 127.0.0.1/34059] INFO  ozone.MiniOzoneClusterImpl (MiniOzoneClusterImpl.java:lambda$waitForClusterToBeReady$0(226)) - Waiting for cluster to exit safe mode
2023-05-05 09:11:40,320 [Listener at 127.0.0.1/34059] INFO  ozone.MiniOzoneClusterImpl (MiniOzoneClusterImpl.java:lambda$waitForClusterToBeReady$0(228)) - SCM became leader
2023-05-05 09:11:40,324 [Command processor thread] INFO  server.RaftServer (RaftServerProxy.java:addNew(96)) - e6dd3cf2-cd2d-497c-af02-212f98fb8d65: addNew group-DAFB3C2FA0B6:[e6dd3cf2-cd2d-497c-af02-212f98fb8d65|rpc:10.1.0.42:43809|dataStream:10.1.0.42:38413|priority:1|startupRole:FOLLOWER] returns group-DAFB3C2FA0B6:java.util.concurrent.CompletableFuture@4155a249[Not completed]
2023-05-05 09:11:40,325 [pool-496-thread-1] INFO  server.RaftServer$Division (RaftServerImpl.java:<init>(195)) - e6dd3cf2-cd2d-497c-af02-212f98fb8d65: new RaftServerImpl for group-DAFB3C2FA0B6:[e6dd3cf2-cd2d-497c-af02-212f98fb8d65|rpc:10.1.0.42:43809|dataStream:10.1.0.42:38413|priority:1|startupRole:FOLLOWER] with ContainerStateMachine:uninitialized
2023-05-05 09:11:40,325 [pool-496-thread-1] INFO  server.RaftServerConfigKeys (ConfUtils.java:logGet(46)) - raft.server.rpc.timeout.min = 5s (custom)
2023-05-05 09:11:40,325 [pool-496-thread-1] INFO  server.RaftServerConfigKeys (ConfUtils.java:logGet(46)) - raft.server.rpc.timeout.max = 5200ms (custom)
2023-05-05 09:11:40,326 [pool-496-thread-1] INFO  server.RaftServerConfigKeys (ConfUtils.java:logGet(46)) - raft.server.rpc.sleep.time = 25ms (default)
2023-05-05 09:11:40,326 [pool-496-thread-1] INFO  server.RaftServerConfigKeys (ConfUtils.java:logGet(46)) - raft.server.rpc.slowness.timeout = 300s (custom)
2023-05-05 09:11:40,326 [pool-496-thread-1] INFO  server.RaftServerConfigKeys (ConfUtils.java:logGet(46)) - raft.server.leaderelection.leader.step-down.wait-time = 10s (default)
2023-05-05 09:11:40,326 [pool-496-thread-1] INFO  server.RaftServerConfigKeys (ConfUtils.java:logGet(46)) - raft.server.sleep.deviation.threshold = 300ms (default)
2023-05-05 09:11:40,327 [pool-496-thread-1] INFO  server.RaftServer$Division (ServerState.java:<init>(118)) - e6dd3cf2-cd2d-497c-af02-212f98fb8d65@group-DAFB3C2FA0B6: ConfigurationManager, init=-1: peers:[e6dd3cf2-cd2d-497c-af02-212f98fb8d65|rpc:10.1.0.42:43809|dataStream:10.1.0.42:38413|priority:1|startupRole:FOLLOWER]|listeners:[], old=null, confs=<EMPTY_MAP>
2023-05-05 09:11:40,327 [pool-496-thread-1] INFO  server.RaftServerConfigKeys (ConfUtils.java:logGet(46)) - raft.server.storage.dir = [/home/runner/work/ozone/ozone/hadoop-ozone/integration-test/target/test-dir/MiniOzoneClusterImpl-a20a8466-aa08-482f-847f-7aedf63b4aa3/datanode-0/data/ratis] (custom)
2023-05-05 09:11:40,327 [pool-496-thread-1] INFO  server.RaftServerConfigKeys (ConfUtils.java:logGet(46)) - raft.server.log.corruption.policy = EXCEPTION (default)
2023-05-05 09:11:40,328 [pool-496-thread-1] INFO  server.RaftServerConfigKeys (ConfUtils.java:logGet(46)) - raft.server.storage.free-space.min = 0MB (=0) (default)
2023-05-05 09:11:40,328 [pool-496-thread-1] INFO  server.RaftServerConfigKeys (ConfUtils.java:logGet(46)) - raft.server.notification.no-leader.timeout = 300s (custom)
2023-05-05 09:11:40,328 [pool-496-thread-1] INFO  server.RaftServerConfigKeys (ConfUtils.java:logGet(46)) - raft.server.retrycache.expirytime = 600000ms (custom)
2023-05-05 09:11:40,328 [pool-496-thread-1] INFO  server.RaftServerConfigKeys (ConfUtils.java:logGet(46)) - raft.server.retrycache.statistics.expirytime = 100μs (default)
2023-05-05 09:11:40,328 [pool-496-thread-1] INFO  server.RaftServerConfigKeys (ConfUtils.java:logGet(46)) - raft.server.log.appender.install.snapshot.enabled = false (custom)
2023-05-05 09:11:40,328 [pool-496-thread-1] INFO  server.RaftServerConfigKeys (ConfUtils.java:logGet(46)) - raft.server.threadpool.server.cached = true (default)
2023-05-05 09:11:40,328 [pool-496-thread-1] INFO  server.RaftServerConfigKeys (ConfUtils.java:logGet(46)) - raft.server.threadpool.server.size = 0 (default)
2023-05-05 09:11:40,329 [pool-496-thread-1] INFO  server.RaftServerConfigKeys (ConfUtils.java:logGet(46)) - raft.server.threadpool.client.cached = true (default)
2023-05-05 09:11:40,329 [pool-496-thread-1] INFO  server.RaftServerConfigKeys (ConfUtils.java:logGet(46)) - raft.server.threadpool.client.size = 0 (default)
2023-05-05 09:11:40,329 [pool-496-thread-1] INFO  storage.RaftStorageDirectory (RaftStorageDirectoryImpl.java:analyzeStorage(137)) - The storage directory /home/runner/work/ozone/ozone/hadoop-ozone/integration-test/target/test-dir/MiniOzoneClusterImpl-a20a8466-aa08-482f-847f-7aedf63b4aa3/datanode-0/data/ratis/b39ede66-2829-4e83-bf65-dafb3c2fa0b6 does not exist. Creating ...
2023-05-05 09:11:40,332 [pool-496-thread-1] INFO  storage.RaftStorageDirectory (RaftStorageDirectoryImpl.java:tryLock(231)) - Lock on /home/runner/work/ozone/ozone/hadoop-ozone/integration-test/target/test-dir/MiniOzoneClusterImpl-a20a8466-aa08-482f-847f-7aedf63b4aa3/datanode-0/data/ratis/b39ede66-2829-4e83-bf65-dafb3c2fa0b6/in_use.lock acquired by nodename 7812@fv-az152-207
2023-05-05 09:11:40,333 [pool-496-thread-1] INFO  storage.RaftStorage (RaftStorageImpl.java:format(96)) - Storage directory /home/runner/work/ozone/ozone/hadoop-ozone/integration-test/target/test-dir/MiniOzoneClusterImpl-a20a8466-aa08-482f-847f-7aedf63b4aa3/datanode-0/data/ratis/b39ede66-2829-4e83-bf65-dafb3c2fa0b6 has been successfully formatted.
2023-05-05 09:11:40,334 [pool-496-thread-1] INFO  ratis.ContainerStateMachine (ContainerStateMachine.java:loadSnapshot(262)) - group-DAFB3C2FA0B6: The snapshot info is null. Setting the last applied indexto:(t:0, i:~)
2023-05-05 09:11:40,334 [pool-496-thread-1] INFO  server.RaftServerConfigKeys (ConfUtils.java:logGet(46)) - raft.server.log.use.memory = false (default)
2023-05-05 09:11:40,334 [pool-496-thread-1] INFO  server.RaftServerConfigKeys (ConfUtils.java:logGet(46)) - raft.server.log.purge.gap = 1000000 (custom)
2023-05-05 09:11:40,334 [pool-496-thread-1] INFO  server.RaftServerConfigKeys (ConfUtils.java:logGet(46)) - raft.server.log.appender.buffer.byte-limit = 33554432 (custom)
2023-05-05 09:11:40,334 [pool-496-thread-1] INFO  server.RaftServerConfigKeys (ConfUtils.java:logGet(46)) - raft.server.log.statemachine.data.read.timeout = 1000ms (default)
2023-05-05 09:11:40,335 [pool-496-thread-1] INFO  server.RaftServerConfigKeys (ConfUtils.java:logGet(46)) - raft.server.log.purge.preservation.log.num = 0 (default)
2023-05-05 09:11:40,336 [pool-496-thread-1] INFO  server.RaftServerConfigKeys (ConfUtils.java:logGet(46)) - raft.server.log.segment.size.max = 1048576 (custom)
2023-05-05 09:11:40,336 [EventQueue-PipelineReportForPipelineReportHandler] INFO  pipeline.PipelineManagerImpl (PipelineManagerImpl.java:openPipeline(367)) - Pipeline Pipeline[ Id: b39ede66-2829-4e83-bf65-dafb3c2fa0b6, Nodes: e6dd3cf2-cd2d-497c-af02-212f98fb8d65(fv-az152-207.qln5d00okglujjccfnhxhxodph.cx.internal.cloudapp.net/10.1.0.42), ReplicationConfig: RATIS/ONE, State:ALLOCATED, leaderId:e6dd3cf2-cd2d-497c-af02-212f98fb8d65, CreationTimestamp2023-05-05T09:11:37.329Z[Etc/UTC]] moved to OPEN state
2023-05-05 09:11:40,341 [pool-496-thread-1] INFO  server.RaftServerConfigKeys (ConfUtils.java:logGet(46)) - raft.server.log.segment.cache.num.max = 2 (custom)
2023-05-05 09:11:40,341 [EventQueue-OpenPipelineForHealthyPipelineSafeModeRule] INFO  safemode.SCMSafeModeManager (SCMSafeModeManager.java:validateSafeModeExitRules(200)) - HealthyPipelineSafeModeRule rule is successfully validated
2023-05-05 09:11:40,342 [EventQueue-OpenPipelineForHealthyPipelineSafeModeRule] INFO  safemode.SCMSafeModeManager (SCMSafeModeManager.java:validateSafeModeExitRules(215)) - ScmSafeModeManager, all rules are successfully validated
2023-05-05 09:11:40,342 [EventQueue-OpenPipelineForHealthyPipelineSafeModeRule] INFO  safemode.SCMSafeModeManager (SCMSafeModeManager.java:exitSafeMode(244)) - SCM exiting safe mode.
2023-05-05 09:11:40,342 [EventQueue-OpenPipelineForHealthyPipelineSafeModeRule] INFO  ha.SCMContext (SCMContext.java:updateSafeModeStatus(228)) - Update SafeModeStatus from SafeModeStatus{safeModeStatus=true, preCheckPassed=true} to SafeModeStatus{safeModeStatus=false, preCheckPassed=true}.
2023-05-05 09:11:40,342 [EventQueue-OpenPipelineForHealthyPipelineSafeModeRule] INFO  pipeline.BackgroundPipelineCreator (BackgroundPipelineCreator.java:notifyStatusChanged(254)) - Service BackgroundPipelineCreator transitions to RUNNING.
2023-05-05 09:11:40,342 [EventQueue-OpenPipelineForHealthyPipelineSafeModeRule] INFO  BackgroundPipelineScrubber (BackgroundSCMService.java:notifyStatusChanged(82)) - Service BackgroundPipelineScrubber transitions to RUNNING.
2023-05-05 09:11:40,342 [EventQueue-OpenPipelineForHealthyPipelineSafeModeRule] INFO  ExpiredContainerReplicaOpScrubber (BackgroundSCMService.java:notifyStatusChanged(82)) - Service ExpiredContainerReplicaOpScrubber transitions to RUNNING.
2023-05-05 09:11:40,342 [EventQueue-OpenPipelineForHealthyPipelineSafeModeRule] INFO  replication.ReplicationManager (ReplicationManager.java:notifyStatusChanged(1370)) - Service ReplicationManager transitions to RUNNING.
2023-05-05 09:11:40,342 [EventQueue-OpenPipelineForHealthyPipelineSafeModeRule] WARN  balancer.ContainerBalancer (ContainerBalancer.java:shouldRun(132)) - Could not find persisted configuration for ContainerBalancer when checking if ContainerBalancer should run. ContainerBalancer should not run now.
2023-05-05 09:11:40,341 [pool-496-thread-1] INFO  server.RaftServerConfigKeys (ConfUtils.java:logGet(46)) - raft.server.log.segment.cache.size.max = 200MB (=209715200) (default)
2023-05-05 09:11:40,342 [pool-496-thread-1] INFO  segmented.SegmentedRaftLogWorker (SegmentedRaftLogWorker.java:<init>(189)) - new e6dd3cf2-cd2d-497c-af02-212f98fb8d65@group-DAFB3C2FA0B6-SegmentedRaftLogWorker for RaftStorageImpl:Storage Directory /home/runner/work/ozone/ozone/hadoop-ozone/integration-test/target/test-dir/MiniOzoneClusterImpl-a20a8466-aa08-482f-847f-7aedf63b4aa3/datanode-0/data/ratis/b39ede66-2829-4e83-bf65-dafb3c2fa0b6
2023-05-05 09:11:40,343 [pool-496-thread-1] INFO  server.RaftServerConfigKeys (ConfUtils.java:logGet(46)) - raft.server.log.queue.byte-limit = 4294967296 (custom)
2023-05-05 09:11:40,343 [pool-496-thread-1] INFO  server.RaftServerConfigKeys (ConfUtils.java:logGet(46)) - raft.server.log.queue.element-limit = 1024 (custom)
2023-05-05 09:11:40,343 [pool-496-thread-1] INFO  server.RaftServerConfigKeys (ConfUtils.java:logGet(46)) - raft.server.log.segment.size.max = 1048576 (custom)
2023-05-05 09:11:40,343 [pool-496-thread-1] INFO  server.RaftServerConfigKeys (ConfUtils.java:logGet(46)) - raft.server.log.preallocated.size = 16384 (custom)
2023-05-05 09:11:40,343 [pool-496-thread-1] INFO  server.RaftServerConfigKeys (ConfUtils.java:logGet(46)) - raft.server.log.force.sync.num = 128 (default)
2023-05-05 09:11:40,343 [pool-496-thread-1] INFO  server.RaftServerConfigKeys (ConfUtils.java:logGet(46)) - raft.server.log.statemachine.data.sync = true (default)
2023-05-05 09:11:40,343 [pool-496-thread-1] INFO  server.RaftServerConfigKeys (ConfUtils.java:logGet(46)) - raft.server.log.statemachine.data.sync.timeout = 10s (default)
2023-05-05 09:11:40,343 [pool-496-thread-1] INFO  server.RaftServerConfigKeys (ConfUtils.java:logGet(46)) - raft.server.log.statemachine.data.sync.timeout.retry = -1 (default)
2023-05-05 09:11:40,343 [pool-496-thread-1] INFO  server.RaftServerConfigKeys (ConfUtils.java:logGet(46)) - raft.server.log.write.buffer.size = 1048576 (custom)
2023-05-05 09:11:40,344 [pool-496-thread-1] INFO  server.RaftServerConfigKeys (ConfUtils.java:logGet(46)) - raft.server.log.appender.buffer.byte-limit = 33554432 (custom)
2023-05-05 09:11:40,349 [pool-496-thread-1] INFO  server.RaftServerConfigKeys (ConfUtils.java:logGet(46)) - raft.server.log.unsafe-flush.enabled = false (default)
2023-05-05 09:11:40,349 [pool-496-thread-1] INFO  server.RaftServerConfigKeys (ConfUtils.java:logGet(46)) - raft.server.log.async-flush.enabled = false (default)
2023-05-05 09:11:40,349 [pool-496-thread-1] INFO  server.RaftServerConfigKeys (ConfUtils.java:logGet(46)) - raft.server.log.statemachine.data.caching.enabled = true (custom)
2023-05-05 09:11:40,349 [pool-496-thread-1] INFO  segmented.SegmentedRaftLogWorker (SegmentedRaftLogWorker.java:lambda$new$0(135)) - e6dd3cf2-cd2d-497c-af02-212f98fb8d65@group-DAFB3C2FA0B6-SegmentedRaftLogWorker: flushIndex: setUnconditionally 0 -> -1
2023-05-05 09:11:40,349 [pool-496-thread-1] INFO  segmented.SegmentedRaftLogWorker (SegmentedRaftLogWorker.java:lambda$new$0(135)) - e6dd3cf2-cd2d-497c-af02-212f98fb8d65@group-DAFB3C2FA0B6-SegmentedRaftLogWorker: safeCacheEvictIndex: setUnconditionally 0 -> -1
2023-05-05 09:11:40,349 [pool-496-thread-1] INFO  server.RaftServer$Division (RaftServerImpl.java:start(334)) - e6dd3cf2-cd2d-497c-af02-212f98fb8d65@group-DAFB3C2FA0B6: start as a follower, conf=-1: peers:[e6dd3cf2-cd2d-497c-af02-212f98fb8d65|rpc:10.1.0.42:43809|dataStream:10.1.0.42:38413|priority:1|startupRole:FOLLOWER]|listeners:[], old=null
2023-05-05 09:11:40,349 [pool-496-thread-1] INFO  server.RaftServer$Division (RaftServerImpl.java:setRole(321)) - e6dd3cf2-cd2d-497c-af02-212f98fb8d65@group-DAFB3C2FA0B6: changes role from      null to FOLLOWER at term 0 for startAsFollower
2023-05-05 09:11:40,350 [pool-496-thread-1] INFO  impl.RoleInfo (RoleInfo.java:updateAndGet(139)) - e6dd3cf2-cd2d-497c-af02-212f98fb8d65: start e6dd3cf2-cd2d-497c-af02-212f98fb8d65@group-DAFB3C2FA0B6-FollowerState
2023-05-05 09:11:40,350 [pool-496-thread-1] INFO  util.JmxRegister (JmxRegister.java:tryRegister(44)) - Successfully registered JMX Bean with object name Ratis:service=RaftServer,group=group-DAFB3C2FA0B6,id=e6dd3cf2-cd2d-497c-af02-212f98fb8d65
2023-05-05 09:11:40,350 [pool-496-thread-1] INFO  server.RaftServerConfigKeys (ConfUtils.java:logGet(46)) - raft.server.snapshot.auto.trigger.enabled = true (custom)
2023-05-05 09:11:40,350 [pool-496-thread-1] INFO  server.RaftServerConfigKeys (ConfUtils.java:logGet(46)) - raft.server.snapshot.auto.trigger.threshold = 10000 (custom)
2023-05-05 09:11:40,350 [pool-496-thread-1] INFO  server.RaftServerConfigKeys (ConfUtils.java:logGet(46)) - raft.server.snapshot.retention.file.num = 5 (custom)
2023-05-05 09:11:40,350 [pool-496-thread-1] INFO  server.RaftServerConfigKeys (ConfUtils.java:logGet(46)) - raft.server.log.purge.upto.snapshot.index = false (default)
2023-05-05 09:11:40,351 [Command processor thread] INFO  ratis.XceiverServerRatis (XceiverServerRatis.java:addGroup(806)) - Created group PipelineID=b39ede66-2829-4e83-bf65-dafb3c2fa0b6
2023-05-05 09:11:40,351 [Command processor thread] INFO  commandhandler.CreatePipelineCommandHandler (CreatePipelineCommandHandler.java:handle(113)) - Created Pipeline RATIS ONE PipelineID=b39ede66-2829-4e83-bf65-dafb3c2fa0b6.
2023-05-05 09:11:40,352 [e6dd3cf2-cd2d-497c-af02-212f98fb8d65@group-DAFB3C2FA0B6-FollowerState] INFO  server.RaftServerConfigKeys (ConfUtils.java:logFallback(53)) - raft.server.rpc.first-election.timeout.min = 5s (fallback to raft.server.rpc.timeout.min)
2023-05-05 09:11:40,352 [e6dd3cf2-cd2d-497c-af02-212f98fb8d65@group-DAFB3C2FA0B6-FollowerState] INFO  server.RaftServerConfigKeys (ConfUtils.java:logFallback(53)) - raft.server.rpc.first-election.timeout.max = 5200ms (fallback to raft.server.rpc.timeout.max)
2023-05-05 09:11:41,321 [Listener at 127.0.0.1/34059] INFO  ozone.MiniOzoneClusterImpl (MiniOzoneClusterImpl.java:lambda$waitForClusterToBeReady$0(223)) - Nodes are ready. Got 1 of 1 DN Heartbeats.
2023-05-05 09:11:41,321 [Listener at 127.0.0.1/34059] INFO  ozone.MiniOzoneClusterImpl (MiniOzoneClusterImpl.java:lambda$waitForClusterToBeReady$0(226)) - Cluster exits safe mode
2023-05-05 09:11:41,321 [Listener at 127.0.0.1/34059] INFO  ozone.MiniOzoneClusterImpl (MiniOzoneClusterImpl.java:lambda$waitForClusterToBeReady$0(228)) - SCM became leader
2023-05-05 09:11:41,339 [Listener at 127.0.0.1/34059] INFO  rpc.RpcClient (RpcClient.java:createVolume(476)) - Creating Volume: volume24004, with user28378 as owner and space quota set to -1 bytes, counts quota set to -1
2023-05-05 09:11:41,347 [OM StateMachine ApplyTransaction Thread - 0] INFO  volume.OMVolumeCreateRequest (OMVolumeCreateRequest.java:validateAndUpdateCache(195)) - created volume:volume24004 for user:user28378
2023-05-05 09:11:41,352 [Listener at 127.0.0.1/34059] INFO  rpc.RpcClient (RpcClient.java:createBucket(697)) - Creating Bucket: volume24004/bucket80638, with bucket layout LEGACY, runner as owner, Versioning false, Storage Type set to DISK and Encryption set to false, Replication Type set to server-side default replication type, Namespace Quota set to -1, Space Quota set to -1 
2023-05-05 09:11:41,357 [OM StateMachine ApplyTransaction Thread - 0] INFO  bucket.OMBucketCreateRequest (OMBucketCreateRequest.java:validateAndUpdateCache(270)) - created bucket: bucket80638 of layout LEGACY in volume: volume24004
2023-05-05 09:11:41,371 [IPC Server handler 1 on default port 42693] INFO  ha.SequenceIdGenerator (SequenceIdGenerator.java:getNextId(128)) - Allocate a batch for containerId, change lastId from 0 to 1000.
2023-05-05 09:11:41,371 [IPC Server handler 1 on default port 42693] WARN  ha.SequenceIdGenerator (SequenceIdGenerator.java:allocateBatch(237)) - Failed to allocate a batch for localId, expected lastId is 0, actual lastId is 111677748019200000.
2023-05-05 09:11:41,372 [IPC Server handler 1 on default port 42693] INFO  ha.SequenceIdGenerator (SequenceIdGenerator.java:getNextId(128)) - Allocate a batch for localId, change lastId from 111677748019200000 to 111677748019201000.
2023-05-05 09:11:45,421 [e6dd3cf2-cd2d-497c-af02-212f98fb8d65@group-DAFB3C2FA0B6-FollowerState] INFO  impl.FollowerState (FollowerState.java:run(143)) - e6dd3cf2-cd2d-497c-af02-212f98fb8d65@group-DAFB3C2FA0B6-FollowerState: change to CANDIDATE, lastRpcElapsedTime:5071787904ns, electionTimeout:5069ms
2023-05-05 09:11:45,422 [e6dd3cf2-cd2d-497c-af02-212f98fb8d65@group-DAFB3C2FA0B6-FollowerState] INFO  impl.RoleInfo (RoleInfo.java:shutdownFollowerState(110)) - e6dd3cf2-cd2d-497c-af02-212f98fb8d65: shutdown e6dd3cf2-cd2d-497c-af02-212f98fb8d65@group-DAFB3C2FA0B6-FollowerState
2023-05-05 09:11:45,422 [e6dd3cf2-cd2d-497c-af02-212f98fb8d65@group-DAFB3C2FA0B6-FollowerState] INFO  server.RaftServer$Division (RaftServerImpl.java:setRole(321)) - e6dd3cf2-cd2d-497c-af02-212f98fb8d65@group-DAFB3C2FA0B6: changes role from  FOLLOWER to CANDIDATE at term 0 for changeToCandidate
2023-05-05 09:11:45,422 [e6dd3cf2-cd2d-497c-af02-212f98fb8d65@group-DAFB3C2FA0B6-FollowerState] INFO  server.RaftServerConfigKeys (ConfUtils.java:logGet(46)) - raft.server.leaderelection.pre-vote = true (default)
2023-05-05 09:11:45,422 [e6dd3cf2-cd2d-497c-af02-212f98fb8d65@group-DAFB3C2FA0B6-FollowerState] INFO  impl.RoleInfo (RoleInfo.java:updateAndGet(139)) - e6dd3cf2-cd2d-497c-af02-212f98fb8d65: start e6dd3cf2-cd2d-497c-af02-212f98fb8d65@group-DAFB3C2FA0B6-LeaderElection18
2023-05-05 09:11:45,424 [e6dd3cf2-cd2d-497c-af02-212f98fb8d65@group-DAFB3C2FA0B6-LeaderElection18] INFO  impl.LeaderElection (LeaderElection.java:askForVotes(312)) - e6dd3cf2-cd2d-497c-af02-212f98fb8d65@group-DAFB3C2FA0B6-LeaderElection18 PRE_VOTE round 0: submit vote requests at term 0 for -1: peers:[e6dd3cf2-cd2d-497c-af02-212f98fb8d65|rpc:10.1.0.42:43809|dataStream:10.1.0.42:38413|priority:1|startupRole:FOLLOWER]|listeners:[], old=null
2023-05-05 09:11:45,424 [e6dd3cf2-cd2d-497c-af02-212f98fb8d65@group-DAFB3C2FA0B6-LeaderElection18] INFO  impl.LeaderElection (LeaderElection.java:askForVotes(314)) - e6dd3cf2-cd2d-497c-af02-212f98fb8d65@group-DAFB3C2FA0B6-LeaderElection18 PRE_VOTE round 0: result PASSED (term=0)
2023-05-05 09:11:45,426 [e6dd3cf2-cd2d-497c-af02-212f98fb8d65@group-DAFB3C2FA0B6-LeaderElection18] INFO  impl.LeaderElection (LeaderElection.java:askForVotes(312)) - e6dd3cf2-cd2d-497c-af02-212f98fb8d65@group-DAFB3C2FA0B6-LeaderElection18 ELECTION round 0: submit vote requests at term 1 for -1: peers:[e6dd3cf2-cd2d-497c-af02-212f98fb8d65|rpc:10.1.0.42:43809|dataStream:10.1.0.42:38413|priority:1|startupRole:FOLLOWER]|listeners:[], old=null
2023-05-05 09:11:45,426 [e6dd3cf2-cd2d-497c-af02-212f98fb8d65@group-DAFB3C2FA0B6-LeaderElection18] INFO  impl.LeaderElection (LeaderElection.java:askForVotes(314)) - e6dd3cf2-cd2d-497c-af02-212f98fb8d65@group-DAFB3C2FA0B6-LeaderElection18 ELECTION round 0: result PASSED (term=1)
2023-05-05 09:11:45,426 [e6dd3cf2-cd2d-497c-af02-212f98fb8d65@group-DAFB3C2FA0B6-LeaderElection18] INFO  impl.RoleInfo (RoleInfo.java:shutdownLeaderElection(130)) - e6dd3cf2-cd2d-497c-af02-212f98fb8d65: shutdown e6dd3cf2-cd2d-497c-af02-212f98fb8d65@group-DAFB3C2FA0B6-LeaderElection18
2023-05-05 09:11:45,426 [e6dd3cf2-cd2d-497c-af02-212f98fb8d65@group-DAFB3C2FA0B6-LeaderElection18] INFO  server.RaftServer$Division (RaftServerImpl.java:setRole(321)) - e6dd3cf2-cd2d-497c-af02-212f98fb8d65@group-DAFB3C2FA0B6: changes role from CANDIDATE to LEADER at term 1 for changeToLeader
2023-05-05 09:11:45,426 [e6dd3cf2-cd2d-497c-af02-212f98fb8d65@group-DAFB3C2FA0B6-LeaderElection18] INFO  ratis.XceiverServerRatis (XceiverServerRatis.java:handleLeaderChangedNotification(904)) - Leader change notification received for group: group-DAFB3C2FA0B6 with new leaderId: e6dd3cf2-cd2d-497c-af02-212f98fb8d65
2023-05-05 09:11:45,426 [e6dd3cf2-cd2d-497c-af02-212f98fb8d65@group-DAFB3C2FA0B6-LeaderElection18] INFO  server.RaftServer$Division (ServerState.java:setLeader(313)) - e6dd3cf2-cd2d-497c-af02-212f98fb8d65@group-DAFB3C2FA0B6: change Leader from null to e6dd3cf2-cd2d-497c-af02-212f98fb8d65 at term 1 for becomeLeader, leader elected after 5098ms
2023-05-05 09:11:45,426 [e6dd3cf2-cd2d-497c-af02-212f98fb8d65@group-DAFB3C2FA0B6-LeaderElection18] INFO  server.RaftServerConfigKeys (ConfUtils.java:logGet(46)) - raft.server.staging.catchup.gap = 1000 (default)
2023-05-05 09:11:45,426 [e6dd3cf2-cd2d-497c-af02-212f98fb8d65@group-DAFB3C2FA0B6-LeaderElection18] INFO  server.RaftServerConfigKeys (ConfUtils.java:logGet(46)) - raft.server.write.element-limit = 1024 (custom)
2023-05-05 09:11:45,427 [e6dd3cf2-cd2d-497c-af02-212f98fb8d65@group-DAFB3C2FA0B6-LeaderElection18] INFO  server.RaftServerConfigKeys (ConfUtils.java:logGet(46)) - raft.server.write.byte-limit = 1024 M (=1073741824) (custom)
2023-05-05 09:11:45,427 [e6dd3cf2-cd2d-497c-af02-212f98fb8d65@group-DAFB3C2FA0B6-LeaderElection18] INFO  server.RaftServerConfigKeys (ConfUtils.java:logGet(46)) - raft.server.watch.timeout = 180s (custom)
2023-05-05 09:11:45,427 [e6dd3cf2-cd2d-497c-af02-212f98fb8d65@group-DAFB3C2FA0B6-LeaderElection18] INFO  server.RaftServerConfigKeys (ConfUtils.java:logGet(46)) - raft.server.watch.timeout.denomination = 1s (default)
2023-05-05 09:11:45,427 [e6dd3cf2-cd2d-497c-af02-212f98fb8d65@group-DAFB3C2FA0B6-LeaderElection18] INFO  server.RaftServerConfigKeys (ConfUtils.java:logGet(46)) - raft.server.watch.element-limit = 65536 (default)
2023-05-05 09:11:45,427 [e6dd3cf2-cd2d-497c-af02-212f98fb8d65@group-DAFB3C2FA0B6-LeaderElection18] INFO  server.RaftServerConfigKeys (ConfUtils.java:logGet(46)) - raft.server.write.element-limit = 1024 (custom)
2023-05-05 09:11:45,427 [e6dd3cf2-cd2d-497c-af02-212f98fb8d65@group-DAFB3C2FA0B6-LeaderElection18] INFO  server.RaftServerConfigKeys (ConfUtils.java:logGet(46)) - raft.server.write.follower.gap.ratio.max = -1.0 (default)
2023-05-05 09:11:45,427 [e6dd3cf2-cd2d-497c-af02-212f98fb8d65@group-DAFB3C2FA0B6-LeaderElection18] INFO  impl.RoleInfo (RoleInfo.java:updateAndGet(139)) - e6dd3cf2-cd2d-497c-af02-212f98fb8d65: start e6dd3cf2-cd2d-497c-af02-212f98fb8d65@group-DAFB3C2FA0B6-LeaderStateImpl
2023-05-05 09:11:45,428 [e6dd3cf2-cd2d-497c-af02-212f98fb8d65@group-DAFB3C2FA0B6-LeaderElection18] INFO  segmented.SegmentedRaftLogWorker (SegmentedRaftLogWorker.java:startLogSegment(452)) - e6dd3cf2-cd2d-497c-af02-212f98fb8d65@group-DAFB3C2FA0B6-SegmentedRaftLogWorker: Starting segment from index:0
2023-05-05 09:11:45,429 [e6dd3cf2-cd2d-497c-af02-212f98fb8d65@group-DAFB3C2FA0B6-SegmentedRaftLogWorker] INFO  segmented.SegmentedRaftLogWorker (SegmentedRaftLogWorker.java:execute(656)) - e6dd3cf2-cd2d-497c-af02-212f98fb8d65@group-DAFB3C2FA0B6-SegmentedRaftLogWorker: created new log segment /home/runner/work/ozone/ozone/hadoop-ozone/integration-test/target/test-dir/MiniOzoneClusterImpl-a20a8466-aa08-482f-847f-7aedf63b4aa3/datanode-0/data/ratis/b39ede66-2829-4e83-bf65-dafb3c2fa0b6/current/log_inprogress_0
2023-05-05 09:11:45,430 [e6dd3cf2-cd2d-497c-af02-212f98fb8d65@group-DAFB3C2FA0B6-LeaderElection18] INFO  server.RaftServer$Division (ServerState.java:setRaftConf(430)) - e6dd3cf2-cd2d-497c-af02-212f98fb8d65@group-DAFB3C2FA0B6: set configuration 0: peers:[e6dd3cf2-cd2d-497c-af02-212f98fb8d65|rpc:10.1.0.42:43809|dataStream:10.1.0.42:38413|priority:1|startupRole:FOLLOWER]|listeners:[], old=null
2023-05-05 09:11:55,596 [Listener at 127.0.0.1/34059] INFO  server.SCMDatanodeProtocolServer (SCMDatanodeProtocolServer.java:stop(424)) - Stopping the RPC server for DataNodes
2023-05-05 09:11:55,596 [Listener at 127.0.0.1/34059] INFO  ipc.Server (Server.java:stop(3501)) - Stopping server on 33799
2023-05-05 09:11:55,598 [IPC Server listener on 0] INFO  ipc.Server (Server.java:run(1430)) - Stopping IPC Server listener on 0
2023-05-05 09:11:55,599 [IPC Server Responder] INFO  ipc.Server (Server.java:run(1563)) - Stopping IPC Server Responder
2023-05-05 09:11:56,101 [SCM Heartbeat Processing Thread - 0] WARN  node.NodeStateManager (NodeStateManager.java:scheduleNextHealthCheck(870)) - Current Thread is interrupted, shutting down HB processing thread for Node Manager.
2023-05-05 09:11:56,102 [Listener at 127.0.0.1/34059] INFO  ozone.TestStorageContainerManager (TestStorageContainerManager.java:testCloseContainerCommandOnRestart(791)) - Current Container State is OPEN
2023-05-05 09:11:56,102 [Listener at 127.0.0.1/34059] INFO  ozone.MiniOzoneClusterImpl (MiniOzoneClusterImpl.java:restartStorageContainerManager(357)) - Restarting SCM in cluster class org.apache.hadoop.ozone.MiniOzoneClusterImpl
2023-05-05 09:11:56,102 [Listener at 127.0.0.1/34059] INFO  server.StorageContainerManager (StorageContainerManager.java:stop(1578)) - Container Balancer is not running.
2023-05-05 09:11:56,102 [Listener at 127.0.0.1/34059] INFO  server.StorageContainerManager (StorageContainerManager.java:stopReplicationManager(1709)) - Stopping Replication Manager Service.
2023-05-05 09:11:56,103 [Listener at 127.0.0.1/34059] INFO  replication.ReplicationManager (ReplicationManager.java:stop(326)) - Stopping Replication Monitor Thread.
2023-05-05 09:11:56,103 [Over Replicated Processor] WARN  replication.UnhealthyReplicationProcessor (UnhealthyReplicationProcessor.java:run(167)) - Over Replicated Processor interrupted. Exiting...
2023-05-05 09:11:56,103 [Under Replicated Processor] WARN  replication.UnhealthyReplicationProcessor (UnhealthyReplicationProcessor.java:run(167)) - Under Replicated Processor interrupted. Exiting...
2023-05-05 09:11:56,103 [Listener at 127.0.0.1/34059] INFO  server.StorageContainerManager (StorageContainerManager.java:stop(1587)) - Stopping the Datanode Admin Monitor.
2023-05-05 09:11:56,103 [ReplicationMonitor] INFO  replication.ReplicationManager (ReplicationManager.java:run(937)) - Replication Monitor Thread is stopped
2023-05-05 09:11:56,103 [Listener at 127.0.0.1/34059] INFO  server.StorageContainerManager (StorageContainerManager.java:stop(1594)) - Stopping datanode service RPC server
2023-05-05 09:11:56,103 [Listener at 127.0.0.1/34059] INFO  server.SCMDatanodeProtocolServer (SCMDatanodeProtocolServer.java:stop(424)) - Stopping the RPC server for DataNodes
2023-05-05 09:11:56,103 [Listener at 127.0.0.1/34059] INFO  ipc.Server (Server.java:stop(3501)) - Stopping server on 33799
2023-05-05 09:11:56,103 [Listener at 127.0.0.1/34059] INFO  server.StorageContainerManager (StorageContainerManager.java:stop(1602)) - Stopping block service RPC server
2023-05-05 09:11:56,103 [Listener at 127.0.0.1/34059] INFO  server.SCMBlockProtocolServer (SCMBlockProtocolServer.java:stop(161)) - Stopping the RPC server for Block Protocol
2023-05-05 09:11:56,104 [Listener at 127.0.0.1/34059] INFO  ipc.Server (Server.java:stop(3501)) - Stopping server on 42693
2023-05-05 09:11:56,106 [IPC Server listener on 0] INFO  ipc.Server (Server.java:run(1430)) - Stopping IPC Server listener on 0
2023-05-05 09:11:56,107 [IPC Server Responder] INFO  ipc.Server (Server.java:run(1563)) - Stopping IPC Server Responder
2023-05-05 09:11:56,107 [Listener at 127.0.0.1/34059] INFO  server.StorageContainerManager (StorageContainerManager.java:stop(1609)) - Stopping the StorageContainerLocationProtocol RPC server
2023-05-05 09:11:56,107 [Listener at 127.0.0.1/34059] INFO  server.SCMClientProtocolServer (SCMClientProtocolServer.java:stop(208)) - Stopping the RPC server for Client Protocol
2023-05-05 09:11:56,107 [Listener at 127.0.0.1/34059] INFO  ipc.Server (Server.java:stop(3501)) - Stopping server on 34507
2023-05-05 09:11:56,110 [IPC Server Responder] INFO  ipc.Server (Server.java:run(1563)) - Stopping IPC Server Responder
2023-05-05 09:11:56,110 [Listener at 127.0.0.1/34059] INFO  server.StorageContainerManager (StorageContainerManager.java:stop(1616)) - Stopping Storage Container Manager HTTP server.
2023-05-05 09:11:56,110 [IPC Server listener on 0] INFO  ipc.Server (Server.java:run(1430)) - Stopping IPC Server listener on 0
2023-05-05 09:11:56,113 [Listener at 127.0.0.1/34059] INFO  handler.ContextHandler (ContextHandler.java:doStop(1159)) - Stopped o.e.j.w.WebAppContext@321e99fe{scm,/,null,STOPPED}{file:/home/runner/work/ozone/ozone/hadoop-ozone/integration-test/target/test-classes/webapps/scm}
2023-05-05 09:11:56,115 [Listener at 127.0.0.1/34059] INFO  server.AbstractConnector (AbstractConnector.java:doStop(383)) - Stopped ServerConnector@577a057e{HTTP/1.1, (http/1.1)}{0.0.0.0:0}
2023-05-05 09:11:56,115 [Listener at 127.0.0.1/34059] INFO  server.session (HouseKeeper.java:stopScavenging(149)) - node0 Stopped scavenging
2023-05-05 09:11:56,115 [Listener at 127.0.0.1/34059] INFO  handler.ContextHandler (ContextHandler.java:doStop(1159)) - Stopped o.e.j.s.ServletContextHandler@50c85b23{static,/static,file:///home/runner/work/ozone/ozone/hadoop-ozone/integration-test/target/test-classes/webapps/static,STOPPED}
2023-05-05 09:11:56,115 [Listener at 127.0.0.1/34059] INFO  handler.ContextHandler (ContextHandler.java:doStop(1159)) - Stopped o.e.j.s.ServletContextHandler@48b90210{logs,/logs,file:///home/runner/work/ozone/ozone/hadoop-ozone/integration-test/target/log,STOPPED}
2023-05-05 09:11:56,116 [Listener at 127.0.0.1/34059] INFO  server.StorageContainerManager (StorageContainerManager.java:stop(1624)) - Stopping SCM LayoutVersionManager Service.
2023-05-05 09:11:56,116 [Listener at 127.0.0.1/34059] INFO  server.StorageContainerManager (StorageContainerManager.java:stop(1632)) - Stopping Block Manager Service.
2023-05-05 09:11:56,116 [Listener at 127.0.0.1/34059] INFO  utils.BackgroundService (BackgroundService.java:shutdown(141)) - Shutting down service SCMBlockDeletingService
2023-05-05 09:11:56,116 [Listener at 127.0.0.1/34059] INFO  utils.BackgroundService (BackgroundService.java:shutdown(141)) - Shutting down service SCMBlockDeletingService
2023-05-05 09:11:56,116 [Listener at 127.0.0.1/34059] INFO  server.StorageContainerManager (StorageContainerManager.java:stop(1654)) - Stopping SCM Event Queue.
2023-05-05 09:11:56,118 [Listener at 127.0.0.1/34059] INFO  server.StorageContainerManager (StorageContainerManager.java:stop(1665)) - Stopping SCM HA services.
2023-05-05 09:11:56,118 [Listener at 127.0.0.1/34059] INFO  pipeline.BackgroundPipelineCreator (BackgroundPipelineCreator.java:stop(149)) - Stopping RatisPipelineUtilsThread.
2023-05-05 09:11:56,118 [RatisPipelineUtilsThread - 0] WARN  pipeline.BackgroundPipelineCreator (BackgroundPipelineCreator.java:run(180)) - RatisPipelineUtilsThread is interrupted.
2023-05-05 09:11:56,118 [BackgroundPipelineScrubberThread] WARN  BackgroundPipelineScrubber (BackgroundSCMService.java:run(115)) - BackgroundPipelineScrubber is interrupted, exit
2023-05-05 09:11:56,118 [Listener at 127.0.0.1/34059] INFO  BackgroundPipelineScrubber (BackgroundSCMService.java:stop(131)) - Stopping BackgroundPipelineScrubber Service.
2023-05-05 09:11:56,118 [Listener at 127.0.0.1/34059] INFO  impl.MetricsSystemImpl (MetricsSystemImpl.java:stop(210)) - Stopping HddsDatanode metrics system...
2023-05-05 09:11:56,120 [prometheus] INFO  impl.MetricsSinkAdapter (MetricsSinkAdapter.java:publishMetricsFromQueue(141)) - prometheus thread interrupted.
2023-05-05 09:11:56,121 [Listener at 127.0.0.1/34059] INFO  impl.MetricsSystemImpl (MetricsSystemImpl.java:stop(216)) - HddsDatanode metrics system stopped.
2023-05-05 09:11:56,121 [Listener at 127.0.0.1/34059] WARN  pipeline.BackgroundPipelineCreator (BackgroundPipelineCreator.java:stop(145)) - RatisPipelineUtilsThread is not running, just ignore.
2023-05-05 09:11:56,121 [Listener at 127.0.0.1/34059] INFO  BackgroundPipelineScrubber (BackgroundSCMService.java:stop(126)) - BackgroundPipelineScrubber Service is not running, skip stop.
2023-05-05 09:11:56,121 [ExpiredContainerReplicaOpScrubberThread] WARN  ExpiredContainerReplicaOpScrubber (BackgroundSCMService.java:run(115)) - ExpiredContainerReplicaOpScrubber is interrupted, exit
2023-05-05 09:11:56,121 [Listener at 127.0.0.1/34059] INFO  ExpiredContainerReplicaOpScrubber (BackgroundSCMService.java:stop(131)) - Stopping ExpiredContainerReplicaOpScrubber Service.
2023-05-05 09:11:56,121 [Listener at 127.0.0.1/34059] INFO  utils.BackgroundService (BackgroundService.java:shutdown(141)) - Shutting down service SCMBlockDeletingService
2023-05-05 09:11:56,121 [Listener at 127.0.0.1/34059] INFO  replication.ReplicationManager (ReplicationManager.java:stop(336)) - Replication Monitor Thread is not running.
2023-05-05 09:11:56,121 [Listener at 127.0.0.1/34059] WARN  balancer.ContainerBalancer (ContainerBalancer.java:stop(324)) - Cannot stop Container Balancer because it's not running or stopping
2023-05-05 09:11:56,121 [Listener at 127.0.0.1/34059] INFO  server.StorageContainerManager (StorageContainerManager.java:stop(1700)) - Stopping SCM MetadataStore.
2023-05-05 09:11:56,123 [Listener at 127.0.0.1/34059] WARN  server.ServerUtils (ServerUtils.java:getScmDbDir(148)) - ozone.scm.db.dirs is not configured. We recommend adding this setting. Falling back to ozone.metadata.dirs instead.
2023-05-05 09:11:56,123 [Listener at 127.0.0.1/34059] INFO  ha.SCMHANodeDetails (SCMHANodeDetails.java:loadSCMHAConfig(209)) - ServiceID for StorageContainerManager is null
2023-05-05 09:11:56,123 [Listener at 127.0.0.1/34059] INFO  ha.SCMHANodeDetails (SCMHANodeDetails.java:loadSCMHAConfig(214)) - ozone.scm.default.service.id is not defined, falling back to ozone.scm.service.ids to find serviceID for StorageContainerManager if it is HA enabled cluster
2023-05-05 09:11:56,123 [Listener at 127.0.0.1/34059] WARN  utils.HAUtils (HAUtils.java:getMetaDir(350)) - ozone.scm.db.dirs is not configured. We recommend adding this setting. Falling back to ozone.metadata.dirs instead.
2023-05-05 09:11:56,124 [Listener at 127.0.0.1/34059] WARN  db.DBStoreBuilder (DBStoreBuilder.java:applyDBDefinition(164)) - ozone.scm.db.dirs is not configured. We recommend adding this setting. Falling back to ozone.metadata.dirs instead.
2023-05-05 09:11:56,159 [Listener at 127.0.0.1/34059] INFO  net.NodeSchemaLoader (NodeSchemaLoader.java:loadSchemaFromFile(129)) - Loading schema from [jar:file:/home/runner/.m2/repository/org/apache/ozone/hdds-common/1.4.0-SNAPSHOT/hdds-common-1.4.0-SNAPSHOT.jar!/network-topology-default.xml]
2023-05-05 09:11:56,159 [Listener at 127.0.0.1/34059] INFO  net.NodeSchemaLoader (NodeSchemaLoader.java:loadSchema(176)) - Loading network topology layer schema file
2023-05-05 09:11:56,165 [Listener at 127.0.0.1/34059] INFO  upgrade.AbstractLayoutVersionManager (AbstractLayoutVersionManager.java:init(83)) - Initializing Layout version manager with metadata layout = WEBUI_PORTS_IN_DATANODEDETAILS (version = 6), software layout = WEBUI_PORTS_IN_DATANODEDETAILS (version = 6)
2023-05-05 09:11:56,357 [Listener at 127.0.0.1/34059] INFO  reflections.Reflections (Reflections.java:scan(232)) - Reflections took 191 ms to scan 7 urls, producing 156 keys and 369 values 
2023-05-05 09:11:56,359 [Listener at 127.0.0.1/34059] INFO  ha.SequenceIdGenerator (SequenceIdGenerator.java:<init>(220)) - Init the HA SequenceIdGenerator.
2023-05-05 09:11:56,365 [Listener at 127.0.0.1/34059] INFO  node.SCMNodeManager (SCMNodeManager.java:<init>(159)) - Entering startup safe mode.
2023-05-05 09:11:56,365 [Listener at 127.0.0.1/34059] INFO  algorithms.ContainerPlacementPolicyFactory (ContainerPlacementPolicyFactory.java:getPolicyInternal(86)) - Create container placement policy of type org.apache.hadoop.hdds.scm.container.placement.algorithms.SCMContainerPlacementRackAware
2023-05-05 09:11:56,365 [Listener at 127.0.0.1/34059] INFO  algorithms.ContainerPlacementPolicyFactory (ContainerPlacementPolicyFactory.java:getPolicyInternal(86)) - Create container placement policy of type org.apache.hadoop.hdds.scm.container.placement.algorithms.SCMContainerPlacementRackScatter
2023-05-05 09:11:56,367 [Listener at 127.0.0.1/34059] INFO  algorithms.LeaderChoosePolicyFactory (LeaderChoosePolicyFactory.java:getPolicy(57)) - Create leader choose policy of type org.apache.hadoop.hdds.scm.pipeline.leader.choose.algorithms.MinLeaderCountChoosePolicy
2023-05-05 09:11:56,367 [Listener at 127.0.0.1/34059] INFO  algorithms.ContainerPlacementPolicyFactory (ContainerPlacementPolicyFactory.java:getPolicyInternal(86)) - Create container placement policy of type org.apache.hadoop.hdds.scm.container.placement.algorithms.SCMContainerPlacementRackScatter
2023-05-05 09:11:56,367 [Listener at 127.0.0.1/34059] INFO  ha.SCMServiceManager (SCMServiceManager.java:register(42)) - Registering service BackgroundPipelineCreator.
2023-05-05 09:11:56,367 [Listener at 127.0.0.1/34059] INFO  pipeline.BackgroundPipelineCreator (BackgroundPipelineCreator.java:start(124)) - Starting RatisPipelineUtilsThread.
2023-05-05 09:11:56,369 [Listener at 127.0.0.1/34059] INFO  BackgroundPipelineScrubber (BackgroundSCMService.java:start(68)) - Starting BackgroundPipelineScrubber Service.
2023-05-05 09:11:56,369 [Listener at 127.0.0.1/34059] INFO  ha.SCMServiceManager (SCMServiceManager.java:register(42)) - Registering service BackgroundPipelineScrubber.
2023-05-05 09:11:56,369 [Listener at 127.0.0.1/34059] INFO  ExpiredContainerReplicaOpScrubber (BackgroundSCMService.java:start(68)) - Starting ExpiredContainerReplicaOpScrubber Service.
2023-05-05 09:11:56,369 [Listener at 127.0.0.1/34059] INFO  ha.SCMServiceManager (SCMServiceManager.java:register(42)) - Registering service ExpiredContainerReplicaOpScrubber.
2023-05-05 09:11:56,371 [Listener at 127.0.0.1/34059] INFO  algorithms.PipelineChoosePolicyFactory (PipelineChoosePolicyFactory.java:createPipelineChoosePolicyFromClass(73)) - Create pipeline choose policy of type org.apache.hadoop.hdds.scm.pipeline.choose.algorithms.RandomPipelineChoosePolicy
2023-05-05 09:11:56,371 [Listener at 127.0.0.1/34059] INFO  ha.SCMServiceManager (SCMServiceManager.java:register(42)) - Registering service SCMBlockDeletingService.
2023-05-05 09:11:56,372 [Listener at 127.0.0.1/34059] INFO  replication.ReplicationManager (ReplicationManager.java:start(293)) - Starting Replication Monitor Thread.
2023-05-05 09:11:56,380 [Listener at 127.0.0.1/34059] INFO  ha.SCMServiceManager (SCMServiceManager.java:register(42)) - Registering service ReplicationManager.
2023-05-05 09:11:56,385 [Listener at 127.0.0.1/34059] INFO  safemode.ContainerSafeModeRule (ContainerSafeModeRule.java:<init>(89)) - containers with one replica threshold count 0
2023-05-05 09:11:56,385 [Listener at 127.0.0.1/34059] INFO  safemode.HealthyPipelineSafeModeRule (HealthyPipelineSafeModeRule.java:initializeRule(169)) - Total pipeline count is 0, healthy pipeline threshold count is 0
2023-05-05 09:11:56,386 [Listener at 127.0.0.1/34059] INFO  safemode.OneReplicaPipelineSafeModeRule (OneReplicaPipelineSafeModeRule.java:initializeRule(180)) - Total pipeline count is 0, pipeline's with at least one datanode reported threshold count is 0
2023-05-05 09:11:56,386 [Listener at 127.0.0.1/34059] INFO  server.StorageContainerManager (StorageContainerManager.java:<init>(403)) - SCM start with adminUsers: [runner]
2023-05-05 09:11:56,386 [ReplicationMonitor] INFO  replication.ReplicationManager (ReplicationManager.java:processAll(368)) - Replication Manager is not ready to run until 3000ms after safemode exit
2023-05-05 09:11:56,386 [Listener at 127.0.0.1/34059] INFO  ipc.CallQueueManager (CallQueueManager.java:<init>(90)) - Using callQueue: class java.util.concurrent.LinkedBlockingQueue, queueCapacity: 2000, scheduler: class org.apache.hadoop.ipc.DefaultRpcScheduler, ipcBackoff: false.
2023-05-05 09:11:56,387 [Socket Reader #1 for port 33799] INFO  ipc.Server (Server.java:run(1319)) - Starting Socket Reader #1 for port 33799
2023-05-05 09:11:56,388 [Listener at 0.0.0.0/33799] INFO  ipc.CallQueueManager (CallQueueManager.java:<init>(90)) - Using callQueue: class java.util.concurrent.LinkedBlockingQueue, queueCapacity: 2000, scheduler: class org.apache.hadoop.ipc.DefaultRpcScheduler, ipcBackoff: false.
2023-05-05 09:11:56,389 [Socket Reader #1 for port 42693] INFO  ipc.Server (Server.java:run(1319)) - Starting Socket Reader #1 for port 42693
2023-05-05 09:11:56,390 [Listener at 0.0.0.0/42693] INFO  ipc.CallQueueManager (CallQueueManager.java:<init>(90)) - Using callQueue: class java.util.concurrent.LinkedBlockingQueue, queueCapacity: 2000, scheduler: class org.apache.hadoop.ipc.DefaultRpcScheduler, ipcBackoff: false.
2023-05-05 09:11:56,390 [Socket Reader #1 for port 34507] INFO  ipc.Server (Server.java:run(1319)) - Starting Socket Reader #1 for port 34507
2023-05-05 09:11:56,398 [Listener at 0.0.0.0/34507] INFO  ha.SCMServiceManager (SCMServiceManager.java:register(42)) - Registering service ContainerBalancer.
2023-05-05 09:11:56,398 [Listener at 0.0.0.0/34507] INFO  server.StorageContainerManager (StorageContainerManager.java:<init>(420)) - 
Container Balancer status:
Key                            Value
Running                        false
Container Balancer Configuration values:
Key                                                Value
Threshold                                          10
Max Datanodes to Involve per Iteration(percent)    20
Max Size to Move per Iteration                     500GB
Max Size Entering Target per Iteration             26GB
Max Size Leaving Source per Iteration              26GB

2023-05-05 09:11:56,398 [Listener at 0.0.0.0/34507] INFO  ha.SCMContext (SCMContext.java:updateSafeModeStatus(228)) - Update SafeModeStatus from SafeModeStatus{safeModeStatus=true, preCheckPassed=false} to SafeModeStatus{safeModeStatus=true, preCheckPassed=false}.
2023-05-05 09:11:56,399 [Listener at 0.0.0.0/34507] INFO  server.StorageContainerManager (StorageContainerManager.java:start(1477)) - StorageContainerLocationProtocol RPC server is listening at /0.0.0.0:34507
2023-05-05 09:11:56,400 [Listener at 0.0.0.0/34507] WARN  impl.MetricsConfig (MetricsConfig.java:loadFirst(136)) - Cannot locate configuration: tried hadoop-metrics2-storagecontainermanager.properties,hadoop-metrics2.properties
2023-05-05 09:11:56,401 [Listener at 0.0.0.0/34507] INFO  impl.MetricsSystemImpl (MetricsSystemImpl.java:startTimer(378)) - Scheduled Metric snapshot period at 10 second(s).
2023-05-05 09:11:56,401 [Listener at 0.0.0.0/34507] INFO  impl.MetricsSystemImpl (MetricsSystemImpl.java:start(191)) - StorageContainerManager metrics system started
2023-05-05 09:11:56,430 [Listener at 0.0.0.0/34507] INFO  impl.MetricsSinkAdapter (MetricsSinkAdapter.java:start(204)) - Sink prometheus started
2023-05-05 09:11:56,430 [Listener at 0.0.0.0/34507] INFO  impl.MetricsSystemImpl (MetricsSystemImpl.java:registerSink(305)) - Registered sink prometheus
2023-05-05 09:11:56,451 [Listener at 0.0.0.0/34507] INFO  server.SCMClientProtocolServer (SCMClientProtocolServer.java:start(199)) - RPC server for Client  is listening at /0.0.0.0:34507
2023-05-05 09:11:56,453 [IPC Server Responder] INFO  ipc.Server (Server.java:run(1558)) - IPC Server Responder: starting
2023-05-05 09:11:56,453 [IPC Server listener on 34507] INFO  ipc.Server (Server.java:run(1398)) - IPC Server listener on 34507: starting
2023-05-05 09:11:56,456 [Listener at 0.0.0.0/34507] INFO  server.StorageContainerManager (StorageContainerManager.java:start(1491)) - ScmBlockLocationProtocol RPC server is listening at /0.0.0.0:42693
2023-05-05 09:11:56,458 [Listener at 0.0.0.0/34507] INFO  server.SCMBlockProtocolServer (SCMBlockProtocolServer.java:start(152)) - RPC server for Block Protocol is listening at /0.0.0.0:42693
2023-05-05 09:11:56,458 [IPC Server Responder] INFO  ipc.Server (Server.java:run(1558)) - IPC Server Responder: starting
2023-05-05 09:11:56,459 [IPC Server listener on 42693] INFO  ipc.Server (Server.java:run(1398)) - IPC Server listener on 42693: starting
2023-05-05 09:11:56,460 [Listener at 0.0.0.0/34507] INFO  server.SCMDatanodeProtocolServer (SCMDatanodeProtocolServer.java:start(193)) - ScmDatanodeProtocol RPC server for DataNodes is listening at /0.0.0.0:33799
2023-05-05 09:11:56,461 [IPC Server Responder] INFO  ipc.Server (Server.java:run(1558)) - IPC Server Responder: starting
2023-05-05 09:11:56,461 [IPC Server listener on 33799] INFO  ipc.Server (Server.java:run(1398)) - IPC Server listener on 33799: starting
2023-05-05 09:11:56,463 [org.apache.hadoop.util.JvmPauseMonitor$Monitor@3c4d82a8] INFO  util.JvmPauseMonitor (JvmPauseMonitor.java:run(188)) - Starting JVM pause monitor
2023-05-05 09:11:56,468 [Listener at 0.0.0.0/34507] INFO  http.BaseHttpServer (BaseHttpServer.java:newHttpServer2BuilderForOzone(224)) - Starting Web-server for scm at: http://0.0.0.0:46463
2023-05-05 09:11:56,468 [Listener at 0.0.0.0/34507] INFO  http.BaseHttpServer (BaseHttpServer.java:<init>(111)) - Hadoop Security Enabled: false Ozone Security Enabled: false Ozone HTTP Security Enabled: false 
2023-05-05 09:11:56,469 [Listener at 0.0.0.0/34507] WARN  server.AuthenticationFilter (AuthenticationFilter.java:constructSecretProvider(240)) - Unable to initialize FileSignerSecretProvider, falling back to use random secrets. Reason: Could not read signature secret file: /home/runner/hadoop-http-auth-signature-secret
2023-05-05 09:11:56,470 [Listener at 0.0.0.0/34507] INFO  http.HttpRequestLog (HttpRequestLog.java:getRequestLog(86)) - Http request log for http.requests.scm is not defined
2023-05-05 09:11:56,474 [Listener at 0.0.0.0/34507] INFO  http.HttpServer2 (HttpServer2.java:addGlobalFilter(1031)) - Added global filter 'safety' (class=org.apache.hadoop.hdds.server.http.HttpServer2$QuotingInputFilter)
2023-05-05 09:11:56,474 [Listener at 0.0.0.0/34507] INFO  http.HttpServer2 (HttpServer2.java:addFilter(1007)) - Added filter static_user_filter (class=org.apache.hadoop.http.lib.StaticUserWebFilter$StaticUserFilter) to context scm
2023-05-05 09:11:56,474 [Listener at 0.0.0.0/34507] INFO  http.HttpServer2 (HttpServer2.java:addFilter(1015)) - Added filter static_user_filter (class=org.apache.hadoop.http.lib.StaticUserWebFilter$StaticUserFilter) to context static
2023-05-05 09:11:56,474 [Listener at 0.0.0.0/34507] INFO  http.HttpServer2 (HttpServer2.java:addFilter(1015)) - Added filter static_user_filter (class=org.apache.hadoop.http.lib.StaticUserWebFilter$StaticUserFilter) to context logs
2023-05-05 09:11:56,475 [Listener at 0.0.0.0/34507] INFO  http.BaseHttpServer (BaseHttpServer.java:<init>(190)) - HTTP server of scm uses base directory /home/runner/work/ozone/ozone/hadoop-ozone/integration-test/target/test-dir/MiniOzoneClusterImpl-a20a8466-aa08-482f-847f-7aedf63b4aa3/ozone-meta/webserver
2023-05-05 09:11:56,475 [Listener at 0.0.0.0/34507] INFO  http.HttpServer2 (HttpServer2.java:bindListener(1250)) - Jetty bound to port 46463
2023-05-05 09:11:56,475 [Listener at 0.0.0.0/34507] INFO  server.Server (Server.java:doStart(375)) - jetty-9.4.51.v20230217; built: 2023-02-17T08:19:37.309Z; git: b45c405e4544384de066f814ed42ae3dceacdd49; jvm 1.8.0_362-b09
2023-05-05 09:11:56,477 [Listener at 0.0.0.0/34507] INFO  server.session (DefaultSessionIdManager.java:doStart(334)) - DefaultSessionIdManager workerName=node0
2023-05-05 09:11:56,477 [Listener at 0.0.0.0/34507] INFO  server.session (DefaultSessionIdManager.java:doStart(339)) - No SessionScavenger set, using defaults
2023-05-05 09:11:56,477 [Listener at 0.0.0.0/34507] INFO  server.session (HouseKeeper.java:startScavenging(132)) - node0 Scavenging every 600000ms
2023-05-05 09:11:56,477 [Listener at 0.0.0.0/34507] INFO  handler.ContextHandler (ContextHandler.java:doStart(921)) - Started o.e.j.s.ServletContextHandler@547f363a{logs,/logs,file:///home/runner/work/ozone/ozone/hadoop-ozone/integration-test/target/log,AVAILABLE}
2023-05-05 09:11:56,478 [Listener at 0.0.0.0/34507] INFO  handler.ContextHandler (ContextHandler.java:doStart(921)) - Started o.e.j.s.ServletContextHandler@7138271{static,/static,file:///home/runner/work/ozone/ozone/hadoop-ozone/integration-test/target/test-classes/webapps/static,AVAILABLE}
2023-05-05 09:11:56,483 [Listener at 0.0.0.0/34507] INFO  handler.ContextHandler (ContextHandler.java:doStart(921)) - Started o.e.j.w.WebAppContext@7b468aa2{scm,/,file:///home/runner/work/ozone/ozone/hadoop-ozone/integration-test/target/test-classes/webapps/scm/,AVAILABLE}{file:/home/runner/work/ozone/ozone/hadoop-ozone/integration-test/target/test-classes/webapps/scm}
2023-05-05 09:11:56,485 [Listener at 0.0.0.0/34507] INFO  server.AbstractConnector (AbstractConnector.java:doStart(333)) - Started ServerConnector@183bbad4{HTTP/1.1, (http/1.1)}{0.0.0.0:46463}
2023-05-05 09:11:56,485 [Listener at 0.0.0.0/34507] INFO  server.Server (Server.java:doStart(415)) - Started @107838ms
2023-05-05 09:11:56,485 [Listener at 0.0.0.0/34507] WARN  impl.MetricsSystemImpl (MetricsSystemImpl.java:register(279)) - Sink prometheus already exists!
2023-05-05 09:11:56,486 [Listener at 0.0.0.0/34507] INFO  http.BaseHttpServer (BaseHttpServer.java:updateConnectorAddress(344)) - HTTP server of scm listening at http://0.0.0.0:46463
2023-05-05 09:11:56,517 [EndpointStateMachine task thread for /0.0.0.0:33799 - 0 ] WARN  statemachine.EndpointStateMachine (EndpointStateMachine.java:logIfNeeded(242)) - Unable to communicate to SCM server at 0.0.0.0:33799 for past 0 seconds.
java.io.EOFException: End of File Exception between local host is: "fv-az152-207/10.1.0.42"; destination host is: "0.0.0.0":33799; : java.io.EOFException; For more details see:  http://wiki.apache.org/hadoop/EOFException
	at sun.reflect.NativeConstructorAccessorImpl.newInstance0(Native Method)
	at sun.reflect.NativeConstructorAccessorImpl.newInstance(NativeConstructorAccessorImpl.java:62)
	at sun.reflect.DelegatingConstructorAccessorImpl.newInstance(DelegatingConstructorAccessorImpl.java:45)
	at java.lang.reflect.Constructor.newInstance(Constructor.java:423)
	at org.apache.hadoop.net.NetUtils.wrapWithMessage(NetUtils.java:930)
	at org.apache.hadoop.net.NetUtils.wrapException(NetUtils.java:879)
	at org.apache.hadoop.ipc.Client.getRpcResponse(Client.java:1588)
	at org.apache.hadoop.ipc.Client.call(Client.java:1530)
	at org.apache.hadoop.ipc.Client.call(Client.java:1427)
	at org.apache.hadoop.ipc.ProtobufRpcEngine$Invoker.invoke(ProtobufRpcEngine.java:250)
	at org.apache.hadoop.ipc.ProtobufRpcEngine$Invoker.invoke(ProtobufRpcEngine.java:132)
	at com.sun.proxy.$Proxy54.submitRequest(Unknown Source)
	at org.apache.hadoop.ozone.protocolPB.StorageContainerDatanodeProtocolClientSideTranslatorPB.submitRequest(StorageContainerDatanodeProtocolClientSideTranslatorPB.java:117)
	at org.apache.hadoop.ozone.protocolPB.StorageContainerDatanodeProtocolClientSideTranslatorPB.sendHeartbeat(StorageContainerDatanodeProtocolClientSideTranslatorPB.java:149)
	at org.apache.hadoop.ozone.container.common.states.endpoint.HeartbeatEndpointTask.call(HeartbeatEndpointTask.java:185)
	at org.apache.hadoop.ozone.container.common.states.endpoint.HeartbeatEndpointTask.call(HeartbeatEndpointTask.java:87)
	at java.util.concurrent.FutureTask.run(FutureTask.java:266)
	at java.util.concurrent.ThreadPoolExecutor.runWorker(ThreadPoolExecutor.java:1149)
	at java.util.concurrent.ThreadPoolExecutor$Worker.run(ThreadPoolExecutor.java:624)
	at java.lang.Thread.run(Thread.java:750)
Caused by: java.io.EOFException
	at java.io.DataInputStream.readInt(DataInputStream.java:392)
	at org.apache.hadoop.ipc.Client$IpcStreams.readResponse(Client.java:1923)
	at org.apache.hadoop.ipc.Client$Connection.receiveRpcResponse(Client.java:1204)
	at org.apache.hadoop.ipc.Client$Connection.run(Client.java:1095)
2023-05-05 09:11:57,524 [IPC Server handler 0 on default port 33799] INFO  server.SCMDatanodeHeartbeatDispatcher (SCMDatanodeHeartbeatDispatcher.java:dispatch(106)) - SCM received heartbeat from an unregistered datanode e6dd3cf2-cd2d-497c-af02-212f98fb8d65(fv-az152-207.qln5d00okglujjccfnhxhxodph.cx.internal.cloudapp.net/10.1.0.42). Asking datanode to re-register.
2023-05-05 09:11:58,519 [IPC Server handler 0 on default port 33799] INFO  net.NetworkTopologyImpl (NetworkTopologyImpl.java:add(112)) - Added a new node: /default-rack/e6dd3cf2-cd2d-497c-af02-212f98fb8d65
2023-05-05 09:11:58,520 [IPC Server handler 0 on default port 33799] INFO  node.SCMNodeManager (SCMNodeManager.java:register(407)) - Registered Data node : e6dd3cf2-cd2d-497c-af02-212f98fb8d65{ip: 10.1.0.42, host: fv-az152-207.qln5d00okglujjccfnhxhxodph.cx.internal.cloudapp.net, ports: [HTTP=35189, REPLICATION=33955, RATIS=43809, RATIS_ADMIN=43809, RATIS_SERVER=43809, RATIS_DATASTREAM=38413, STANDALONE=35035], networkLocation: /default-rack, certSerialId: null, persistedOpState: null, persistedOpStateExpiryEpochSec: 0}
2023-05-05 09:11:58,525 [EventQueue-NodeRegistrationContainerReportForContainerSafeModeRule] INFO  safemode.SCMSafeModeManager (SCMSafeModeManager.java:validateSafeModeExitRules(200)) - ContainerSafeModeRule rule is successfully validated
2023-05-05 09:11:58,526 [EventQueue-NodeRegistrationContainerReportForDataNodeSafeModeRule] INFO  safemode.SCMSafeModeManager (DataNodeSafeModeRule.java:process(71)) - SCM in safe mode. 1 DataNodes registered, 1 required.
2023-05-05 09:11:58,532 [EventQueue-NodeRegistrationContainerReportForDataNodeSafeModeRule] INFO  safemode.SCMSafeModeManager (SCMSafeModeManager.java:validateSafeModeExitRules(200)) - DataNodeSafeModeRule rule is successfully validated
2023-05-05 09:11:58,532 [EventQueue-NodeRegistrationContainerReportForDataNodeSafeModeRule] INFO  safemode.SCMSafeModeManager (SCMSafeModeManager.java:completePreCheck(229)) - All SCM safe mode pre check rules have passed
2023-05-05 09:11:58,532 [EventQueue-NodeRegistrationContainerReportForDataNodeSafeModeRule] INFO  ha.SCMContext (SCMContext.java:updateSafeModeStatus(228)) - Update SafeModeStatus from SafeModeStatus{safeModeStatus=true, preCheckPassed=false} to SafeModeStatus{safeModeStatus=true, preCheckPassed=true}.
2023-05-05 09:11:58,534 [EventQueue-NodeRegistrationContainerReportForDataNodeSafeModeRule] INFO  pipeline.BackgroundPipelineCreator (BackgroundPipelineCreator.java:notifyEventTriggered(276)) - trigger a one-shot run on RatisPipelineUtilsThread.
2023-05-05 09:11:58,535 [EventQueue-NewNodeForNewNodeHandler] INFO  pipeline.BackgroundPipelineCreator (BackgroundPipelineCreator.java:notifyEventTriggered(276)) - trigger a one-shot run on RatisPipelineUtilsThread.
2023-05-05 09:11:58,538 [EventQueue-PipelineReportForOneReplicaPipelineSafeModeRule] INFO  safemode.SCMSafeModeManager (SCMSafeModeManager.java:validateSafeModeExitRules(200)) - AtleastOneDatanodeReportedRule rule is successfully validated
2023-05-05 09:11:58,535 [RatisPipelineUtilsThread - 0] ERROR scm.SCMCommonPlacementPolicy (SCMCommonPlacementPolicy.java:filterNodesWithSpace(285)) - Unable to find enough nodes that meet the space requirement of 1073741824 bytes for metadata and 5368709120 bytes for data in healthy node set. Required 3. Found 1.
2023-05-05 09:11:58,541 [RatisPipelineUtilsThread - 0] ERROR scm.SCMCommonPlacementPolicy (SCMCommonPlacementPolicy.java:filterNodesWithSpace(285)) - Unable to find enough nodes that meet the space requirement of 1073741824 bytes for metadata and 5368709120 bytes for data in healthy node set. Required 3. Found 1.
2023-05-05 09:11:58,541 [EventQueue-OpenPipelineForHealthyPipelineSafeModeRule] INFO  safemode.SCMSafeModeManager (SCMSafeModeManager.java:validateSafeModeExitRules(200)) - HealthyPipelineSafeModeRule rule is successfully validated
2023-05-05 09:11:58,541 [EventQueue-OpenPipelineForHealthyPipelineSafeModeRule] INFO  safemode.SCMSafeModeManager (SCMSafeModeManager.java:validateSafeModeExitRules(215)) - ScmSafeModeManager, all rules are successfully validated
2023-05-05 09:11:58,541 [EventQueue-OpenPipelineForHealthyPipelineSafeModeRule] INFO  safemode.SCMSafeModeManager (SCMSafeModeManager.java:exitSafeMode(244)) - SCM exiting safe mode.
2023-05-05 09:11:58,542 [EventQueue-OpenPipelineForHealthyPipelineSafeModeRule] INFO  ha.SCMContext (SCMContext.java:updateSafeModeStatus(228)) - Update SafeModeStatus from SafeModeStatus{safeModeStatus=true, preCheckPassed=true} to SafeModeStatus{safeModeStatus=false, preCheckPassed=true}.
2023-05-05 09:11:58,542 [EventQueue-OpenPipelineForHealthyPipelineSafeModeRule] INFO  pipeline.BackgroundPipelineCreator (BackgroundPipelineCreator.java:notifyStatusChanged(254)) - Service BackgroundPipelineCreator transitions to RUNNING.
2023-05-05 09:11:58,542 [EventQueue-OpenPipelineForHealthyPipelineSafeModeRule] INFO  BackgroundPipelineScrubber (BackgroundSCMService.java:notifyStatusChanged(82)) - Service BackgroundPipelineScrubber transitions to RUNNING.
2023-05-05 09:11:58,542 [EventQueue-OpenPipelineForHealthyPipelineSafeModeRule] INFO  ExpiredContainerReplicaOpScrubber (BackgroundSCMService.java:notifyStatusChanged(82)) - Service ExpiredContainerReplicaOpScrubber transitions to RUNNING.
2023-05-05 09:11:58,542 [EventQueue-OpenPipelineForHealthyPipelineSafeModeRule] INFO  replication.ReplicationManager (ReplicationManager.java:notifyStatusChanged(1370)) - Service ReplicationManager transitions to RUNNING.
2023-05-05 09:11:58,542 [EventQueue-OpenPipelineForHealthyPipelineSafeModeRule] WARN  balancer.ContainerBalancer (ContainerBalancer.java:shouldRun(132)) - Could not find persisted configuration for ContainerBalancer when checking if ContainerBalancer should run. ContainerBalancer should not run now.
2023-05-05 09:12:04,132 [Listener at 0.0.0.0/34507] INFO  replication.ReplicationManager (ReplicationManager.java:sendDatanodeCommand(677)) - Sending command [closeContainerCommand: containerID: 1, pipelineID: PipelineID=b39ede66-2829-4e83-bf65-dafb3c2fa0b6, force: false] for container ContainerInfo{id=#1, state=CLOSING, pipelineID=PipelineID=b39ede66-2829-4e83-bf65-dafb3c2fa0b6, stateEnterTime=2023-05-05T09:11:41.371Z, owner=om1} to e6dd3cf2-cd2d-497c-af02-212f98fb8d65(fv-az152-207.qln5d00okglujjccfnhxhxodph.cx.internal.cloudapp.net/10.1.0.42) with datanode deadline 1683279694132 and scm deadline 1683279724132
2023-05-05 09:12:04,153 [Listener at 0.0.0.0/34507] INFO  replication.ReplicationManager (ReplicationManager.java:processAll(396)) - Replication Monitor Thread took 26 milliseconds for processing 8 containers.
2023-05-05 09:12:09,168 [Listener at 0.0.0.0/34507] INFO  ozone.MiniOzoneClusterImpl (MiniOzoneClusterImpl.java:shutdown(456)) - Shutting down the Mini Ozone Cluster
2023-05-05 09:12:09,169 [Listener at 0.0.0.0/34507] INFO  ozone.MiniOzoneClusterImpl (MiniOzoneClusterImpl.java:stop(474)) - Stopping the Mini Ozone Cluster
2023-05-05 09:12:09,169 [Listener at 0.0.0.0/34507] INFO  ozone.MiniOzoneClusterImpl (MiniOzoneClusterImpl.java:stopOM(560)) - Stopping the OzoneManager
2023-05-05 09:12:09,169 [Listener at 0.0.0.0/34507] INFO  om.OzoneManager (OzoneManager.java:stop(2165)) - om1[localhost:0]: Stopping Ozone Manager
2023-05-05 09:12:09,170 [Listener at 0.0.0.0/34507] INFO  ipc.Server (Server.java:stop(3501)) - Stopping server on 34059
2023-05-05 09:12:09,173 [IPC Server listener on 0] INFO  ipc.Server (Server.java:run(1430)) - Stopping IPC Server listener on 0
2023-05-05 09:12:09,174 [IPC Server Responder] INFO  ipc.Server (Server.java:run(1563)) - Stopping IPC Server Responder
2023-05-05 09:12:09,183 [Listener at 0.0.0.0/34507] INFO  server.RaftServer (RaftServerProxy.java:lambda$close$6(409)) - om1: close
2023-05-05 09:12:09,183 [om1-impl-thread1] INFO  server.RaftServer$Division (RaftServerImpl.java:lambda$close$4(458)) - om1@group-C5BA1605619E: shutdown
2023-05-05 09:12:09,183 [om1-impl-thread1] INFO  util.JmxRegister (JmxRegister.java:unregister(73)) - Successfully un-registered JMX Bean with object name Ratis:service=RaftServer,group=group-C5BA1605619E,id=om1
2023-05-05 09:12:09,183 [om1-impl-thread1] INFO  impl.RoleInfo (RoleInfo.java:shutdownLeaderState(93)) - om1: shutdown om1@group-C5BA1605619E-LeaderStateImpl
2023-05-05 09:12:09,184 [om1-impl-thread1] INFO  impl.PendingRequests (PendingRequests.java:sendNotLeaderResponses(282)) - om1@group-C5BA1605619E-PendingRequests: sendNotLeaderResponses
2023-05-05 09:12:09,186 [om1-impl-thread1] INFO  impl.StateMachineUpdater (StateMachineUpdater.java:stopAndJoin(153)) - om1@group-C5BA1605619E-StateMachineUpdater: set stopIndex = 44
2023-05-05 09:12:09,186 [om1@group-C5BA1605619E-StateMachineUpdater] INFO  ratis.OzoneManagerStateMachine (OzoneManagerStateMachine.java:takeSnapshot(479)) - Current Snapshot Index (t:1, i:44)
2023-05-05 09:12:09,187 [Listener at 0.0.0.0/34507] INFO  server.GrpcService (GrpcService.java:closeImpl(271)) - om1: shutdown server GrpcServerProtocolService now
2023-05-05 09:12:09,188 [Listener at 0.0.0.0/34507] INFO  server.GrpcService (GrpcService.java:closeImpl(280)) - om1: shutdown server GrpcServerProtocolService successfully
2023-05-05 09:12:09,205 [om1@group-C5BA1605619E-StateMachineUpdater] INFO  impl.StateMachineUpdater (StateMachineUpdater.java:takeSnapshot(287)) - om1@group-C5BA1605619E-StateMachineUpdater: Took a snapshot at index 44
2023-05-05 09:12:09,205 [om1@group-C5BA1605619E-StateMachineUpdater] INFO  impl.StateMachineUpdater (StateMachineUpdater.java:lambda$new$0(92)) - om1@group-C5BA1605619E-StateMachineUpdater: snapshotIndex: updateIncreasingly -1 -> 44
2023-05-05 09:12:09,205 [om1@group-C5BA1605619E-StateMachineUpdater] INFO  ratis.OzoneManagerStateMachine (OzoneManagerStateMachine.java:close(533)) - StateMachine has shutdown. Shutdown OzoneManager if not already shutdown.
2023-05-05 09:12:09,205 [om1@group-C5BA1605619E-StateMachineUpdater] INFO  ratis.OzoneManagerDoubleBuffer (OzoneManagerDoubleBuffer.java:stopDaemon(540)) - Stopping OMDoubleBuffer flush thread
2023-05-05 09:12:09,206 [OMDoubleBufferFlushThread] INFO  ratis.OzoneManagerDoubleBuffer (OzoneManagerDoubleBuffer.java:canFlush(625)) - OMDoubleBuffer flush thread OMDoubleBufferFlushThread is interrupted and will exit.
2023-05-05 09:12:09,207 [om1-impl-thread1] INFO  server.RaftServer$Division (ServerState.java:close(466)) - om1@group-C5BA1605619E: closes. applyIndex: 44
2023-05-05 09:12:09,207 [om1@group-C5BA1605619E-SegmentedRaftLogWorker] INFO  segmented.SegmentedRaftLogWorker (SegmentedRaftLogWorker.java:run(347)) - om1@group-C5BA1605619E-SegmentedRaftLogWorker was interrupted, exiting. There are 0 tasks remaining in the queue.
2023-05-05 09:12:09,209 [om1-impl-thread1] INFO  segmented.SegmentedRaftLogWorker (SegmentedRaftLogWorker.java:close(257)) - om1@group-C5BA1605619E-SegmentedRaftLogWorker close()
2023-05-05 09:12:09,209 [JvmPauseMonitor10] INFO  util.JvmPauseMonitor (JvmPauseMonitor.java:run(111)) - JvmPauseMonitor-om1: Stopped
2023-05-05 09:12:09,210 [Listener at 0.0.0.0/34507] INFO  ratis.OzoneManagerStateMachine (OzoneManagerStateMachine.java:close(533)) - StateMachine has shutdown. Shutdown OzoneManager if not already shutdown.
2023-05-05 09:12:09,210 [Listener at 0.0.0.0/34507] INFO  ratis.OzoneManagerDoubleBuffer (OzoneManagerDoubleBuffer.java:stopDaemon(549)) - OMDoubleBuffer flush thread is not running.
2023-05-05 09:12:09,210 [Listener at 0.0.0.0/34507] INFO  utils.BackgroundService (BackgroundService.java:shutdown(141)) - Shutting down service KeyDeletingService
2023-05-05 09:12:09,210 [Listener at 0.0.0.0/34507] INFO  utils.BackgroundService (BackgroundService.java:shutdown(141)) - Shutting down service KeyDeletingService
2023-05-05 09:12:09,211 [Listener at 0.0.0.0/34507] INFO  utils.BackgroundService (BackgroundService.java:shutdown(141)) - Shutting down service OpenKeyCleanupService
2023-05-05 09:12:09,211 [Listener at 0.0.0.0/34507] INFO  utils.BackgroundService (BackgroundService.java:shutdown(141)) - Shutting down service SstFilteringService
2023-05-05 09:12:09,211 [Listener at 0.0.0.0/34507] INFO  utils.BackgroundService (BackgroundService.java:shutdown(141)) - Shutting down service SnapshotDeletingService
2023-05-05 09:12:09,212 [Listener at 0.0.0.0/34507] INFO  handler.ContextHandler (ContextHandler.java:doStop(1159)) - Stopped o.e.j.w.WebAppContext@41e51cc9{ozoneManager,/,null,STOPPED}{file:/home/runner/work/ozone/ozone/hadoop-ozone/integration-test/target/test-classes/webapps/ozoneManager}
2023-05-05 09:12:09,213 [Listener at 0.0.0.0/34507] INFO  server.AbstractConnector (AbstractConnector.java:doStop(383)) - Stopped ServerConnector@42587438{HTTP/1.1, (http/1.1)}{0.0.0.0:0}
2023-05-05 09:12:09,214 [Listener at 0.0.0.0/34507] INFO  server.session (HouseKeeper.java:stopScavenging(149)) - node0 Stopped scavenging
2023-05-05 09:12:09,214 [Listener at 0.0.0.0/34507] INFO  handler.ContextHandler (ContextHandler.java:doStop(1159)) - Stopped o.e.j.s.ServletContextHandler@42a99699{static,/static,file:///home/runner/work/ozone/ozone/hadoop-ozone/integration-test/target/test-classes/webapps/static,STOPPED}
2023-05-05 09:12:09,214 [Listener at 0.0.0.0/34507] INFO  handler.ContextHandler (ContextHandler.java:doStop(1159)) - Stopped o.e.j.s.ServletContextHandler@45431c01{logs,/logs,file:///home/runner/work/ozone/ozone/hadoop-ozone/integration-test/target/log,STOPPED}
2023-05-05 09:12:09,217 [Listener at 0.0.0.0/34507] INFO  utils.BackgroundService (BackgroundService.java:shutdown(141)) - Shutting down service SnapshotDiffCleanupService
2023-05-05 09:12:09,220 [Listener at 0.0.0.0/34507] INFO  ozone.MiniOzoneClusterImpl (MiniOzoneClusterImpl.java:stopDatanodes(537)) - Stopping the HddsDatanodes
2023-05-05 09:12:09,222 [Listener at 0.0.0.0/34507] INFO  ozoneimpl.OzoneContainer (OzoneContainer.java:stop(419)) - Attempting to stop container services.
2023-05-05 09:12:09,224 [Listener at 0.0.0.0/34507] INFO  server.RaftServer (RaftServerProxy.java:lambda$close$6(409)) - e6dd3cf2-cd2d-497c-af02-212f98fb8d65: close
2023-05-05 09:12:09,224 [Listener at 0.0.0.0/34507] INFO  server.GrpcService (GrpcService.java:closeImpl(271)) - e6dd3cf2-cd2d-497c-af02-212f98fb8d65: shutdown server GrpcServerProtocolService now
2023-05-05 09:12:09,224 [e6dd3cf2-cd2d-497c-af02-212f98fb8d65-impl-thread1] INFO  server.RaftServer$Division (RaftServerImpl.java:lambda$close$4(458)) - e6dd3cf2-cd2d-497c-af02-212f98fb8d65@group-DAFB3C2FA0B6: shutdown
2023-05-05 09:12:09,225 [e6dd3cf2-cd2d-497c-af02-212f98fb8d65-impl-thread1] INFO  util.JmxRegister (JmxRegister.java:unregister(73)) - Successfully un-registered JMX Bean with object name Ratis:service=RaftServer,group=group-DAFB3C2FA0B6,id=e6dd3cf2-cd2d-497c-af02-212f98fb8d65
2023-05-05 09:12:09,225 [e6dd3cf2-cd2d-497c-af02-212f98fb8d65-impl-thread1] INFO  impl.RoleInfo (RoleInfo.java:shutdownLeaderState(93)) - e6dd3cf2-cd2d-497c-af02-212f98fb8d65: shutdown e6dd3cf2-cd2d-497c-af02-212f98fb8d65@group-DAFB3C2FA0B6-LeaderStateImpl
2023-05-05 09:12:09,225 [e6dd3cf2-cd2d-497c-af02-212f98fb8d65-impl-thread1] INFO  impl.PendingRequests (PendingRequests.java:sendNotLeaderResponses(282)) - e6dd3cf2-cd2d-497c-af02-212f98fb8d65@group-DAFB3C2FA0B6-PendingRequests: sendNotLeaderResponses
2023-05-05 09:12:09,228 [Listener at 0.0.0.0/34507] INFO  server.GrpcService (GrpcService.java:closeImpl(280)) - e6dd3cf2-cd2d-497c-af02-212f98fb8d65: shutdown server GrpcServerProtocolService successfully
2023-05-05 09:12:09,234 [e6dd3cf2-cd2d-497c-af02-212f98fb8d65@group-DAFB3C2FA0B6-StateMachineUpdater] INFO  ratis.ContainerStateMachine (ContainerStateMachine.java:takeSnapshot(330)) - group-DAFB3C2FA0B6: Taking a snapshot at:(t:1, i:31) file /home/runner/work/ozone/ozone/hadoop-ozone/integration-test/target/test-dir/MiniOzoneClusterImpl-a20a8466-aa08-482f-847f-7aedf63b4aa3/datanode-0/data/ratis/b39ede66-2829-4e83-bf65-dafb3c2fa0b6/sm/snapshot.1_31
2023-05-05 09:12:09,234 [e6dd3cf2-cd2d-497c-af02-212f98fb8d65-impl-thread1] INFO  impl.StateMachineUpdater (StateMachineUpdater.java:stopAndJoin(153)) - e6dd3cf2-cd2d-497c-af02-212f98fb8d65@group-DAFB3C2FA0B6-StateMachineUpdater: set stopIndex = 31
2023-05-05 09:12:09,235 [e6dd3cf2-cd2d-497c-af02-212f98fb8d65-NettyServerStreamRpc-bossGroup--thread1] INFO  logging.LoggingHandler (AbstractInternalLogger.java:log(148)) - [id: 0x75167356, L:/0:0:0:0:0:0:0:0:38413] CLOSE
2023-05-05 09:12:09,236 [e6dd3cf2-cd2d-497c-af02-212f98fb8d65-NettyServerStreamRpc-bossGroup--thread1] INFO  logging.LoggingHandler (AbstractInternalLogger.java:log(148)) - [id: 0x75167356, L:/0:0:0:0:0:0:0:0:38413] INACTIVE
2023-05-05 09:12:09,236 [e6dd3cf2-cd2d-497c-af02-212f98fb8d65-NettyServerStreamRpc-bossGroup--thread1] INFO  logging.LoggingHandler (AbstractInternalLogger.java:log(148)) - [id: 0x75167356, L:/0:0:0:0:0:0:0:0:38413] UNREGISTERED
2023-05-05 09:12:09,237 [e6dd3cf2-cd2d-497c-af02-212f98fb8d65@group-DAFB3C2FA0B6-StateMachineUpdater] INFO  ratis.ContainerStateMachine (ContainerStateMachine.java:takeSnapshot(341)) - group-DAFB3C2FA0B6: Finished taking a snapshot at:(t:1, i:31) file:/home/runner/work/ozone/ozone/hadoop-ozone/integration-test/target/test-dir/MiniOzoneClusterImpl-a20a8466-aa08-482f-847f-7aedf63b4aa3/datanode-0/data/ratis/b39ede66-2829-4e83-bf65-dafb3c2fa0b6/sm/snapshot.1_31 took: 2 ms
2023-05-05 09:12:09,237 [e6dd3cf2-cd2d-497c-af02-212f98fb8d65@group-DAFB3C2FA0B6-StateMachineUpdater] INFO  impl.StateMachineUpdater (StateMachineUpdater.java:takeSnapshot(287)) - e6dd3cf2-cd2d-497c-af02-212f98fb8d65@group-DAFB3C2FA0B6-StateMachineUpdater: Took a snapshot at index 31
2023-05-05 09:12:09,237 [e6dd3cf2-cd2d-497c-af02-212f98fb8d65@group-DAFB3C2FA0B6-StateMachineUpdater] INFO  impl.StateMachineUpdater (StateMachineUpdater.java:lambda$new$0(92)) - e6dd3cf2-cd2d-497c-af02-212f98fb8d65@group-DAFB3C2FA0B6-StateMachineUpdater: snapshotIndex: updateIncreasingly -1 -> 31
2023-05-05 09:12:09,245 [e6dd3cf2-cd2d-497c-af02-212f98fb8d65-impl-thread1] INFO  server.RaftServer$Division (ServerState.java:close(466)) - e6dd3cf2-cd2d-497c-af02-212f98fb8d65@group-DAFB3C2FA0B6: closes. applyIndex: 31
2023-05-05 09:12:09,245 [e6dd3cf2-cd2d-497c-af02-212f98fb8d65@group-DAFB3C2FA0B6-SegmentedRaftLogWorker] INFO  segmented.SegmentedRaftLogWorker (SegmentedRaftLogWorker.java:run(347)) - e6dd3cf2-cd2d-497c-af02-212f98fb8d65@group-DAFB3C2FA0B6-SegmentedRaftLogWorker was interrupted, exiting. There are 0 tasks remaining in the queue.
2023-05-05 09:12:09,272 [e6dd3cf2-cd2d-497c-af02-212f98fb8d65-impl-thread1] INFO  segmented.SegmentedRaftLogWorker (SegmentedRaftLogWorker.java:close(257)) - e6dd3cf2-cd2d-497c-af02-212f98fb8d65@group-DAFB3C2FA0B6-SegmentedRaftLogWorker close()
2023-05-05 09:12:09,276 [JvmPauseMonitor11] INFO  util.JvmPauseMonitor (JvmPauseMonitor.java:run(111)) - JvmPauseMonitor-e6dd3cf2-cd2d-497c-af02-212f98fb8d65: Stopped
2023-05-05 09:12:11,287 [Listener at 0.0.0.0/34507] INFO  volume.HddsVolume (HddsVolume.java:closeDbStore(437)) - SchemaV3 db is stopped at /home/runner/work/ozone/ozone/hadoop-ozone/integration-test/target/test-dir/MiniOzoneClusterImpl-a20a8466-aa08-482f-847f-7aedf63b4aa3/datanode-0/data-0/containers/hdds/a20a8466-aa08-482f-847f-7aedf63b4aa3/DS-724cc7c7-63ee-4b8e-b980-cd34ecd57bdd/container.db for volume DS-724cc7c7-63ee-4b8e-b980-cd34ecd57bdd
2023-05-05 09:12:11,287 [Listener at 0.0.0.0/34507] INFO  utils.BackgroundService (BackgroundService.java:shutdown(141)) - Shutting down service BlockDeletingService
2023-05-05 09:12:11,288 [Listener at 0.0.0.0/34507] INFO  utils.BackgroundService (BackgroundService.java:shutdown(141)) - Shutting down service StaleRecoveringContainerScrubbingService
2023-05-05 09:12:11,291 [Listener at 0.0.0.0/34507] INFO  statemachine.DatanodeStateMachine (DatanodeStateMachine.java:stopDaemon(608)) - Ozone container server stopped.
2023-05-05 09:12:11,315 [Listener at 0.0.0.0/34507] INFO  handler.ContextHandler (ContextHandler.java:doStop(1159)) - Stopped o.e.j.w.WebAppContext@23d7e555{hddsDatanode,/,null,STOPPED}{jar:file:/home/runner/.m2/repository/org/apache/ozone/hdds-container-service/1.4.0-SNAPSHOT/hdds-container-service-1.4.0-SNAPSHOT.jar!/webapps/hddsDatanode}
2023-05-05 09:12:11,317 [Listener at 0.0.0.0/34507] INFO  server.AbstractConnector (AbstractConnector.java:doStop(383)) - Stopped ServerConnector@3e81122{HTTP/1.1, (http/1.1)}{0.0.0.0:0}
2023-05-05 09:12:11,317 [Listener at 0.0.0.0/34507] INFO  server.session (HouseKeeper.java:stopScavenging(149)) - node0 Stopped scavenging
2023-05-05 09:12:11,317 [Listener at 0.0.0.0/34507] INFO  handler.ContextHandler (ContextHandler.java:doStop(1159)) - Stopped o.e.j.s.ServletContextHandler@2fb11e20{static,/static,jar:file:/home/runner/.m2/repository/org/apache/ozone/hdds-container-service/1.4.0-SNAPSHOT/hdds-container-service-1.4.0-SNAPSHOT.jar!/webapps/static,STOPPED}
2023-05-05 09:12:11,318 [Listener at 0.0.0.0/34507] INFO  handler.ContextHandler (ContextHandler.java:doStop(1159)) - Stopped o.e.j.s.ServletContextHandler@b22c353{logs,/logs,file:///home/runner/work/ozone/ozone/hadoop-ozone/integration-test/target/log,STOPPED}
2023-05-05 09:12:11,322 [Listener at 0.0.0.0/34507] INFO  ozone.MiniOzoneClusterImpl (MiniOzoneClusterImpl.java:stopSCM(552)) - Stopping the StorageContainerManager
2023-05-05 09:12:11,323 [Listener at 0.0.0.0/34507] INFO  server.StorageContainerManager (StorageContainerManager.java:stop(1578)) - Container Balancer is not running.
2023-05-05 09:12:11,323 [Listener at 0.0.0.0/34507] INFO  server.StorageContainerManager (StorageContainerManager.java:stopReplicationManager(1709)) - Stopping Replication Manager Service.
2023-05-05 09:12:11,323 [Listener at 0.0.0.0/34507] INFO  replication.ReplicationManager (ReplicationManager.java:stop(326)) - Stopping Replication Monitor Thread.
2023-05-05 09:12:11,323 [Under Replicated Processor] WARN  replication.UnhealthyReplicationProcessor (UnhealthyReplicationProcessor.java:run(167)) - Under Replicated Processor interrupted. Exiting...
2023-05-05 09:12:11,323 [Over Replicated Processor] WARN  replication.UnhealthyReplicationProcessor (UnhealthyReplicationProcessor.java:run(167)) - Over Replicated Processor interrupted. Exiting...
2023-05-05 09:12:11,324 [ReplicationMonitor] INFO  replication.ReplicationManager (ReplicationManager.java:run(937)) - Replication Monitor Thread is stopped
2023-05-05 09:12:11,325 [Listener at 0.0.0.0/34507] INFO  server.StorageContainerManager (StorageContainerManager.java:stop(1587)) - Stopping the Datanode Admin Monitor.
2023-05-05 09:12:11,325 [Listener at 0.0.0.0/34507] INFO  server.StorageContainerManager (StorageContainerManager.java:stop(1594)) - Stopping datanode service RPC server
2023-05-05 09:12:11,325 [Listener at 0.0.0.0/34507] INFO  server.SCMDatanodeProtocolServer (SCMDatanodeProtocolServer.java:stop(424)) - Stopping the RPC server for DataNodes
2023-05-05 09:12:11,325 [Listener at 0.0.0.0/34507] INFO  ipc.Server (Server.java:stop(3501)) - Stopping server on 33799
2023-05-05 09:12:11,326 [IPC Server listener on 33799] INFO  ipc.Server (Server.java:run(1430)) - Stopping IPC Server listener on 33799
2023-05-05 09:12:11,329 [IPC Server Responder] INFO  ipc.Server (Server.java:run(1563)) - Stopping IPC Server Responder
2023-05-05 09:12:11,366 [SCM Heartbeat Processing Thread - 0] WARN  node.NodeStateManager (NodeStateManager.java:scheduleNextHealthCheck(870)) - Current Thread is interrupted, shutting down HB processing thread for Node Manager.
2023-05-05 09:12:11,367 [Listener at 0.0.0.0/34507] INFO  server.StorageContainerManager (StorageContainerManager.java:stop(1602)) - Stopping block service RPC server
2023-05-05 09:12:11,367 [Listener at 0.0.0.0/34507] INFO  server.SCMBlockProtocolServer (SCMBlockProtocolServer.java:stop(161)) - Stopping the RPC server for Block Protocol
2023-05-05 09:12:11,367 [Listener at 0.0.0.0/34507] INFO  ipc.Server (Server.java:stop(3501)) - Stopping server on 42693
2023-05-05 09:12:11,370 [IPC Server listener on 42693] INFO  ipc.Server (Server.java:run(1430)) - Stopping IPC Server listener on 42693
2023-05-05 09:12:11,371 [IPC Server Responder] INFO  ipc.Server (Server.java:run(1563)) - Stopping IPC Server Responder
2023-05-05 09:12:11,371 [Listener at 0.0.0.0/34507] INFO  server.StorageContainerManager (StorageContainerManager.java:stop(1609)) - Stopping the StorageContainerLocationProtocol RPC server
2023-05-05 09:12:11,371 [Listener at 0.0.0.0/34507] INFO  server.SCMClientProtocolServer (SCMClientProtocolServer.java:stop(208)) - Stopping the RPC server for Client Protocol
2023-05-05 09:12:11,371 [Listener at 0.0.0.0/34507] INFO  ipc.Server (Server.java:stop(3501)) - Stopping server on 34507
2023-05-05 09:12:11,374 [IPC Server Responder] INFO  ipc.Server (Server.java:run(1563)) - Stopping IPC Server Responder
2023-05-05 09:12:11,374 [Listener at 0.0.0.0/34507] INFO  server.StorageContainerManager (StorageContainerManager.java:stop(1616)) - Stopping Storage Container Manager HTTP server.
2023-05-05 09:12:11,374 [IPC Server listener on 34507] INFO  ipc.Server (Server.java:run(1430)) - Stopping IPC Server listener on 34507
2023-05-05 09:12:11,375 [Listener at 0.0.0.0/34507] INFO  handler.ContextHandler (ContextHandler.java:doStop(1159)) - Stopped o.e.j.w.WebAppContext@7b468aa2{scm,/,null,STOPPED}{file:/home/runner/work/ozone/ozone/hadoop-ozone/integration-test/target/test-classes/webapps/scm}
2023-05-05 09:12:11,376 [Listener at 0.0.0.0/34507] INFO  server.AbstractConnector (AbstractConnector.java:doStop(383)) - Stopped ServerConnector@183bbad4{HTTP/1.1, (http/1.1)}{0.0.0.0:46463}
2023-05-05 09:12:11,376 [Listener at 0.0.0.0/34507] INFO  server.session (HouseKeeper.java:stopScavenging(149)) - node0 Stopped scavenging
2023-05-05 09:12:11,376 [Listener at 0.0.0.0/34507] INFO  handler.ContextHandler (ContextHandler.java:doStop(1159)) - Stopped o.e.j.s.ServletContextHandler@7138271{static,/static,file:///home/runner/work/ozone/ozone/hadoop-ozone/integration-test/target/test-classes/webapps/static,STOPPED}
2023-05-05 09:12:11,376 [Listener at 0.0.0.0/34507] INFO  handler.ContextHandler (ContextHandler.java:doStop(1159)) - Stopped o.e.j.s.ServletContextHandler@547f363a{logs,/logs,file:///home/runner/work/ozone/ozone/hadoop-ozone/integration-test/target/log,STOPPED}
2023-05-05 09:12:11,379 [Listener at 0.0.0.0/34507] INFO  server.StorageContainerManager (StorageContainerManager.java:stop(1624)) - Stopping SCM LayoutVersionManager Service.
2023-05-05 09:12:11,379 [Listener at 0.0.0.0/34507] INFO  server.StorageContainerManager (StorageContainerManager.java:stop(1632)) - Stopping Block Manager Service.
2023-05-05 09:12:11,381 [Listener at 0.0.0.0/34507] INFO  utils.BackgroundService (BackgroundService.java:shutdown(141)) - Shutting down service SCMBlockDeletingService
2023-05-05 09:12:11,382 [Listener at 0.0.0.0/34507] INFO  utils.BackgroundService (BackgroundService.java:shutdown(141)) - Shutting down service SCMBlockDeletingService
2023-05-05 09:12:11,382 [Listener at 0.0.0.0/34507] INFO  server.StorageContainerManager (StorageContainerManager.java:stop(1654)) - Stopping SCM Event Queue.
2023-05-05 09:12:11,385 [Listener at 0.0.0.0/34507] INFO  server.StorageContainerManager (StorageContainerManager.java:stop(1665)) - Stopping SCM HA services.
2023-05-05 09:12:11,385 [Listener at 0.0.0.0/34507] INFO  pipeline.BackgroundPipelineCreator (BackgroundPipelineCreator.java:stop(149)) - Stopping RatisPipelineUtilsThread.
2023-05-05 09:12:11,388 [RatisPipelineUtilsThread - 0] WARN  pipeline.BackgroundPipelineCreator (BackgroundPipelineCreator.java:run(180)) - RatisPipelineUtilsThread is interrupted.
2023-05-05 09:12:11,388 [BackgroundPipelineScrubberThread] WARN  BackgroundPipelineScrubber (BackgroundSCMService.java:run(115)) - BackgroundPipelineScrubber is interrupted, exit
2023-05-05 09:12:11,389 [Listener at 0.0.0.0/34507] INFO  BackgroundPipelineScrubber (BackgroundSCMService.java:stop(131)) - Stopping BackgroundPipelineScrubber Service.
2023-05-05 09:12:11,389 [Listener at 0.0.0.0/34507] INFO  impl.MetricsSystemImpl (MetricsSystemImpl.java:stop(210)) - Stopping StorageContainerManager metrics system...
2023-05-05 09:12:11,390 [prometheus] INFO  impl.MetricsSinkAdapter (MetricsSinkAdapter.java:publishMetricsFromQueue(141)) - prometheus thread interrupted.
2023-05-05 09:12:11,391 [Listener at 0.0.0.0/34507] INFO  impl.MetricsSystemImpl (MetricsSystemImpl.java:stop(216)) - StorageContainerManager metrics system stopped.
2023-05-05 09:12:11,391 [Listener at 0.0.0.0/34507] WARN  pipeline.BackgroundPipelineCreator (BackgroundPipelineCreator.java:stop(145)) - RatisPipelineUtilsThread is not running, just ignore.
2023-05-05 09:12:11,391 [Listener at 0.0.0.0/34507] INFO  BackgroundPipelineScrubber (BackgroundSCMService.java:stop(126)) - BackgroundPipelineScrubber Service is not running, skip stop.
2023-05-05 09:12:11,391 [ExpiredContainerReplicaOpScrubberThread] WARN  ExpiredContainerReplicaOpScrubber (BackgroundSCMService.java:run(115)) - ExpiredContainerReplicaOpScrubber is interrupted, exit
2023-05-05 09:12:11,391 [Listener at 0.0.0.0/34507] INFO  ExpiredContainerReplicaOpScrubber (BackgroundSCMService.java:stop(131)) - Stopping ExpiredContainerReplicaOpScrubber Service.
2023-05-05 09:12:11,391 [Listener at 0.0.0.0/34507] INFO  utils.BackgroundService (BackgroundService.java:shutdown(141)) - Shutting down service SCMBlockDeletingService
2023-05-05 09:12:11,391 [Listener at 0.0.0.0/34507] INFO  replication.ReplicationManager (ReplicationManager.java:stop(336)) - Replication Monitor Thread is not running.
2023-05-05 09:12:11,391 [Listener at 0.0.0.0/34507] WARN  balancer.ContainerBalancer (ContainerBalancer.java:stop(324)) - Cannot stop Container Balancer because it's not running or stopping
2023-05-05 09:12:11,391 [Listener at 0.0.0.0/34507] INFO  server.StorageContainerManager (StorageContainerManager.java:stop(1700)) - Stopping SCM MetadataStore.
]]></system-out>
  </testcase>
  <testcase name="testContainerReportQueueWithDrop" classname="org.apache.hadoop.ozone.TestStorageContainerManager" time="1.15"/>
  <testcase name="testRpcPermission" classname="org.apache.hadoop.ozone.TestStorageContainerManager" time="57.786">
    <system-out><![CDATA[2023-05-05 09:12:12,677 [Time-limited test] WARN  server.ServerUtils (ServerUtils.java:getScmDbDir(148)) - ozone.scm.db.dirs is not configured. We recommend adding this setting. Falling back to ozone.metadata.dirs instead.
2023-05-05 09:12:12,681 [Time-limited test] WARN  server.ServerUtils (ServerUtils.java:getScmDbDir(148)) - ozone.scm.db.dirs is not configured. We recommend adding this setting. Falling back to ozone.metadata.dirs instead.
2023-05-05 09:12:12,681 [Time-limited test] INFO  ha.SCMHANodeDetails (SCMHANodeDetails.java:loadSCMHAConfig(209)) - ServiceID for StorageContainerManager is null
2023-05-05 09:12:12,682 [Time-limited test] WARN  ha.SCMHANodeDetails (SCMHANodeDetails.java:validateSCMHAConfig(182)) - Invalid config ozone.scm.ratis.enable. The config was not specified, but the default value true conflicts with the expected config value false. Falling back to the expected value. Current State of SCM: SCM is running in Non-HA without Ratis Ratis SCM -> Non Ratis SCM or Non HA SCM -> HA SCM is not supported
2023-05-05 09:12:12,682 [Time-limited test] INFO  ha.SCMHANodeDetails (SCMHANodeDetails.java:loadSCMHAConfig(214)) - ozone.scm.default.service.id is not defined, falling back to ozone.scm.service.ids to find serviceID for StorageContainerManager if it is HA enabled cluster
2023-05-05 09:12:12,686 [Time-limited test] WARN  utils.HAUtils (HAUtils.java:getMetaDir(350)) - ozone.scm.db.dirs is not configured. We recommend adding this setting. Falling back to ozone.metadata.dirs instead.
2023-05-05 09:12:12,689 [Time-limited test] WARN  db.DBStoreBuilder (DBStoreBuilder.java:applyDBDefinition(164)) - ozone.scm.db.dirs is not configured. We recommend adding this setting. Falling back to ozone.metadata.dirs instead.
2023-05-05 09:12:12,815 [Time-limited test] INFO  net.NodeSchemaLoader (NodeSchemaLoader.java:loadSchemaFromFile(129)) - Loading schema from [jar:file:/home/runner/.m2/repository/org/apache/ozone/hdds-common/1.4.0-SNAPSHOT/hdds-common-1.4.0-SNAPSHOT.jar!/network-topology-default.xml]
2023-05-05 09:12:12,815 [Time-limited test] INFO  net.NodeSchemaLoader (NodeSchemaLoader.java:loadSchema(176)) - Loading network topology layer schema file
2023-05-05 09:12:12,819 [Time-limited test] INFO  upgrade.AbstractLayoutVersionManager (AbstractLayoutVersionManager.java:init(83)) - Initializing Layout version manager with metadata layout = WEBUI_PORTS_IN_DATANODEDETAILS (version = 6), software layout = WEBUI_PORTS_IN_DATANODEDETAILS (version = 6)
2023-05-05 09:12:13,062 [Time-limited test] INFO  reflections.Reflections (Reflections.java:scan(232)) - Reflections took 241 ms to scan 7 urls, producing 156 keys and 369 values 
2023-05-05 09:12:13,066 [Time-limited test] INFO  ha.SequenceIdGenerator (SequenceIdGenerator.java:upgradeToSequenceId(349)) - upgrade localId to 111677748019200000
2023-05-05 09:12:13,066 [Time-limited test] INFO  ha.SequenceIdGenerator (SequenceIdGenerator.java:upgradeToSequenceId(359)) - upgrade delTxnId to 0
2023-05-05 09:12:13,067 [Time-limited test] INFO  ha.SequenceIdGenerator (SequenceIdGenerator.java:upgradeToSequenceId(376)) - upgrade containerId to 0
2023-05-05 09:12:13,067 [Time-limited test] INFO  ha.SequenceIdGenerator (SequenceIdGenerator.java:<init>(220)) - Init the HA SequenceIdGenerator.
2023-05-05 09:12:13,067 [Time-limited test] WARN  server.ServerUtils (ServerUtils.java:sanitizeUserArgs(73)) - ozone.scm.stale.node.interval value = 300000 is larger than max = 100000 based on the key value of ozone.scm.heartbeat.thread.interval, reset to the max value 100000.
2023-05-05 09:12:13,076 [Time-limited test] WARN  server.ServerUtils (ServerUtils.java:sanitizeUserArgs(73)) - ozone.scm.stale.node.interval value = 300000 is larger than max = 100000 based on the key value of ozone.scm.heartbeat.thread.interval, reset to the max value 100000.
2023-05-05 09:12:13,084 [Time-limited test] INFO  node.SCMNodeManager (SCMNodeManager.java:<init>(159)) - Entering startup safe mode.
2023-05-05 09:12:13,086 [Time-limited test] INFO  algorithms.ContainerPlacementPolicyFactory (ContainerPlacementPolicyFactory.java:getPolicyInternal(86)) - Create container placement policy of type org.apache.hadoop.hdds.scm.container.placement.algorithms.SCMContainerPlacementRackAware
2023-05-05 09:12:13,087 [Time-limited test] INFO  algorithms.ContainerPlacementPolicyFactory (ContainerPlacementPolicyFactory.java:getPolicyInternal(86)) - Create container placement policy of type org.apache.hadoop.hdds.scm.container.placement.algorithms.SCMContainerPlacementRackScatter
2023-05-05 09:12:13,087 [Time-limited test] INFO  pipeline.PipelineStateManagerImpl (PipelineStateManagerImpl.java:initialize(78)) - No pipeline exists in current db
2023-05-05 09:12:13,087 [Time-limited test] INFO  algorithms.LeaderChoosePolicyFactory (LeaderChoosePolicyFactory.java:getPolicy(57)) - Create leader choose policy of type org.apache.hadoop.hdds.scm.pipeline.leader.choose.algorithms.MinLeaderCountChoosePolicy
2023-05-05 09:12:13,087 [Time-limited test] INFO  algorithms.ContainerPlacementPolicyFactory (ContainerPlacementPolicyFactory.java:getPolicyInternal(86)) - Create container placement policy of type org.apache.hadoop.hdds.scm.container.placement.algorithms.SCMContainerPlacementRackScatter
2023-05-05 09:12:13,088 [Time-limited test] INFO  ha.SCMServiceManager (SCMServiceManager.java:register(42)) - Registering service BackgroundPipelineCreator.
2023-05-05 09:12:13,088 [Time-limited test] INFO  pipeline.BackgroundPipelineCreator (BackgroundPipelineCreator.java:start(124)) - Starting RatisPipelineUtilsThread.
2023-05-05 09:12:13,092 [Time-limited test] INFO  BackgroundPipelineScrubber (BackgroundSCMService.java:start(68)) - Starting BackgroundPipelineScrubber Service.
2023-05-05 09:12:13,092 [Time-limited test] INFO  ha.SCMServiceManager (SCMServiceManager.java:register(42)) - Registering service BackgroundPipelineScrubber.
2023-05-05 09:12:13,093 [Time-limited test] INFO  ExpiredContainerReplicaOpScrubber (BackgroundSCMService.java:start(68)) - Starting ExpiredContainerReplicaOpScrubber Service.
2023-05-05 09:12:13,093 [Time-limited test] INFO  ha.SCMServiceManager (SCMServiceManager.java:register(42)) - Registering service ExpiredContainerReplicaOpScrubber.
2023-05-05 09:12:13,096 [Time-limited test] INFO  algorithms.PipelineChoosePolicyFactory (PipelineChoosePolicyFactory.java:createPipelineChoosePolicyFromClass(73)) - Create pipeline choose policy of type org.apache.hadoop.hdds.scm.pipeline.choose.algorithms.RandomPipelineChoosePolicy
2023-05-05 09:12:13,097 [Time-limited test] INFO  ha.SCMServiceManager (SCMServiceManager.java:register(42)) - Registering service SCMBlockDeletingService.
2023-05-05 09:12:13,098 [Time-limited test] INFO  replication.ReplicationManager (ReplicationManager.java:start(293)) - Starting Replication Monitor Thread.
2023-05-05 09:12:13,121 [Time-limited test] INFO  ha.SCMServiceManager (SCMServiceManager.java:register(42)) - Registering service ReplicationManager.
2023-05-05 09:12:13,122 [Time-limited test] INFO  safemode.ContainerSafeModeRule (ContainerSafeModeRule.java:<init>(89)) - containers with one replica threshold count 0
2023-05-05 09:12:13,122 [Time-limited test] INFO  safemode.HealthyPipelineSafeModeRule (HealthyPipelineSafeModeRule.java:initializeRule(169)) - Total pipeline count is 0, healthy pipeline threshold count is 1
2023-05-05 09:12:13,123 [Time-limited test] INFO  safemode.OneReplicaPipelineSafeModeRule (OneReplicaPipelineSafeModeRule.java:initializeRule(180)) - Total pipeline count is 0, pipeline's with at least one datanode reported threshold count is 0
2023-05-05 09:12:13,124 [ReplicationMonitor] INFO  replication.ReplicationManager (ReplicationManager.java:processAll(368)) - Replication Manager is not ready to run until 3000ms after safemode exit
2023-05-05 09:12:13,124 [Time-limited test] INFO  server.StorageContainerManager (StorageContainerManager.java:<init>(403)) - SCM start with adminUsers: [runner]
2023-05-05 09:12:13,125 [Time-limited test] INFO  ipc.CallQueueManager (CallQueueManager.java:<init>(90)) - Using callQueue: class java.util.concurrent.LinkedBlockingQueue, queueCapacity: 2000, scheduler: class org.apache.hadoop.ipc.DefaultRpcScheduler, ipcBackoff: false.
2023-05-05 09:12:13,125 [Socket Reader #1 for port 0] INFO  ipc.Server (Server.java:run(1319)) - Starting Socket Reader #1 for port 0
2023-05-05 09:12:13,133 [Listener at 0.0.0.0/34253] INFO  ipc.CallQueueManager (CallQueueManager.java:<init>(90)) - Using callQueue: class java.util.concurrent.LinkedBlockingQueue, queueCapacity: 2000, scheduler: class org.apache.hadoop.ipc.DefaultRpcScheduler, ipcBackoff: false.
2023-05-05 09:12:13,136 [Socket Reader #1 for port 0] INFO  ipc.Server (Server.java:run(1319)) - Starting Socket Reader #1 for port 0
2023-05-05 09:12:13,142 [Listener at 0.0.0.0/34631] INFO  ipc.CallQueueManager (CallQueueManager.java:<init>(90)) - Using callQueue: class java.util.concurrent.LinkedBlockingQueue, queueCapacity: 2000, scheduler: class org.apache.hadoop.ipc.DefaultRpcScheduler, ipcBackoff: false.
2023-05-05 09:12:13,146 [Socket Reader #1 for port 0] INFO  ipc.Server (Server.java:run(1319)) - Starting Socket Reader #1 for port 0
2023-05-05 09:12:13,164 [Listener at 0.0.0.0/44021] INFO  ha.SCMServiceManager (SCMServiceManager.java:register(42)) - Registering service ContainerBalancer.
2023-05-05 09:12:13,173 [Listener at 0.0.0.0/44021] INFO  server.StorageContainerManager (StorageContainerManager.java:<init>(420)) - 
Container Balancer status:
Key                            Value
Running                        false
Container Balancer Configuration values:
Key                                                Value
Threshold                                          10
Max Datanodes to Involve per Iteration(percent)    20
Max Size to Move per Iteration                     500GB
Max Size Entering Target per Iteration             26GB
Max Size Leaving Source per Iteration              26GB

2023-05-05 09:12:13,174 [Listener at 0.0.0.0/44021] INFO  ha.SCMContext (SCMContext.java:updateSafeModeStatus(228)) - Update SafeModeStatus from SafeModeStatus{safeModeStatus=true, preCheckPassed=false} to SafeModeStatus{safeModeStatus=true, preCheckPassed=false}.
2023-05-05 09:12:13,176 [Listener at 0.0.0.0/44021] INFO  server.StorageContainerManager (StorageContainerManager.java:start(1477)) - StorageContainerLocationProtocol RPC server is listening at /0.0.0.0:44021
2023-05-05 09:12:13,178 [Listener at 0.0.0.0/44021] WARN  impl.MetricsConfig (MetricsConfig.java:loadFirst(136)) - Cannot locate configuration: tried hadoop-metrics2-storagecontainermanager.properties,hadoop-metrics2.properties
2023-05-05 09:12:13,180 [Listener at 0.0.0.0/44021] INFO  impl.MetricsSystemImpl (MetricsSystemImpl.java:startTimer(378)) - Scheduled Metric snapshot period at 10 second(s).
2023-05-05 09:12:13,180 [Listener at 0.0.0.0/44021] INFO  impl.MetricsSystemImpl (MetricsSystemImpl.java:start(191)) - StorageContainerManager metrics system started
2023-05-05 09:12:13,216 [Listener at 0.0.0.0/44021] INFO  impl.MetricsSinkAdapter (MetricsSinkAdapter.java:start(204)) - Sink prometheus started
2023-05-05 09:12:13,216 [Listener at 0.0.0.0/44021] INFO  impl.MetricsSystemImpl (MetricsSystemImpl.java:registerSink(305)) - Registered sink prometheus
2023-05-05 09:12:13,254 [Listener at 0.0.0.0/44021] INFO  server.SCMClientProtocolServer (SCMClientProtocolServer.java:start(199)) - RPC server for Client  is listening at /0.0.0.0:44021
2023-05-05 09:12:13,259 [IPC Server Responder] INFO  ipc.Server (Server.java:run(1558)) - IPC Server Responder: starting
2023-05-05 09:12:13,261 [IPC Server listener on 0] INFO  ipc.Server (Server.java:run(1398)) - IPC Server listener on 0: starting
2023-05-05 09:12:13,272 [Listener at 0.0.0.0/44021] INFO  server.StorageContainerManager (StorageContainerManager.java:start(1491)) - ScmBlockLocationProtocol RPC server is listening at /0.0.0.0:34631
2023-05-05 09:12:13,273 [Listener at 0.0.0.0/44021] INFO  server.SCMBlockProtocolServer (SCMBlockProtocolServer.java:start(152)) - RPC server for Block Protocol is listening at /0.0.0.0:34631
2023-05-05 09:12:13,274 [IPC Server Responder] INFO  ipc.Server (Server.java:run(1558)) - IPC Server Responder: starting
2023-05-05 09:12:13,275 [IPC Server listener on 0] INFO  ipc.Server (Server.java:run(1398)) - IPC Server listener on 0: starting
2023-05-05 09:12:13,283 [Listener at 0.0.0.0/44021] INFO  server.SCMDatanodeProtocolServer (SCMDatanodeProtocolServer.java:start(193)) - ScmDatanodeProtocol RPC server for DataNodes is listening at /0.0.0.0:34253
2023-05-05 09:12:13,286 [IPC Server Responder] INFO  ipc.Server (Server.java:run(1558)) - IPC Server Responder: starting
2023-05-05 09:12:13,295 [org.apache.hadoop.util.JvmPauseMonitor$Monitor@44051350] INFO  util.JvmPauseMonitor (JvmPauseMonitor.java:run(188)) - Starting JVM pause monitor
2023-05-05 09:12:13,296 [IPC Server listener on 0] INFO  ipc.Server (Server.java:run(1398)) - IPC Server listener on 0: starting
2023-05-05 09:12:13,297 [Listener at 0.0.0.0/44021] INFO  http.BaseHttpServer (BaseHttpServer.java:newHttpServer2BuilderForOzone(224)) - Starting Web-server for scm at: http://0.0.0.0:0
2023-05-05 09:12:13,297 [Listener at 0.0.0.0/44021] INFO  http.BaseHttpServer (BaseHttpServer.java:<init>(111)) - Hadoop Security Enabled: false Ozone Security Enabled: false Ozone HTTP Security Enabled: false 
2023-05-05 09:12:13,306 [Listener at 0.0.0.0/44021] WARN  server.AuthenticationFilter (AuthenticationFilter.java:constructSecretProvider(240)) - Unable to initialize FileSignerSecretProvider, falling back to use random secrets. Reason: Could not read signature secret file: /home/runner/hadoop-http-auth-signature-secret
2023-05-05 09:12:13,308 [Listener at 0.0.0.0/44021] INFO  http.HttpRequestLog (HttpRequestLog.java:getRequestLog(86)) - Http request log for http.requests.scm is not defined
2023-05-05 09:12:13,310 [Listener at 0.0.0.0/44021] INFO  http.HttpServer2 (HttpServer2.java:addGlobalFilter(1031)) - Added global filter 'safety' (class=org.apache.hadoop.hdds.server.http.HttpServer2$QuotingInputFilter)
2023-05-05 09:12:13,311 [Listener at 0.0.0.0/44021] INFO  http.HttpServer2 (HttpServer2.java:addFilter(1007)) - Added filter static_user_filter (class=org.apache.hadoop.http.lib.StaticUserWebFilter$StaticUserFilter) to context scm
2023-05-05 09:12:13,311 [Listener at 0.0.0.0/44021] INFO  http.HttpServer2 (HttpServer2.java:addFilter(1015)) - Added filter static_user_filter (class=org.apache.hadoop.http.lib.StaticUserWebFilter$StaticUserFilter) to context static
2023-05-05 09:12:13,312 [Listener at 0.0.0.0/44021] INFO  http.HttpServer2 (HttpServer2.java:addFilter(1015)) - Added filter static_user_filter (class=org.apache.hadoop.http.lib.StaticUserWebFilter$StaticUserFilter) to context logs
2023-05-05 09:12:13,313 [Listener at 0.0.0.0/44021] INFO  http.BaseHttpServer (BaseHttpServer.java:<init>(190)) - HTTP server of scm uses base directory /home/runner/work/ozone/ozone/hadoop-ozone/integration-test/target/test-dir/MiniOzoneClusterImpl-da0de1e2-202c-4ae6-9300-2fe7d9a9c5f7/ozone-meta/webserver
2023-05-05 09:12:13,315 [Listener at 0.0.0.0/44021] INFO  http.HttpServer2 (HttpServer2.java:bindListener(1250)) - Jetty bound to port 34493
2023-05-05 09:12:13,315 [Listener at 0.0.0.0/44021] INFO  server.Server (Server.java:doStart(375)) - jetty-9.4.51.v20230217; built: 2023-02-17T08:19:37.309Z; git: b45c405e4544384de066f814ed42ae3dceacdd49; jvm 1.8.0_362-b09
2023-05-05 09:12:13,331 [Listener at 0.0.0.0/44021] INFO  server.session (DefaultSessionIdManager.java:doStart(334)) - DefaultSessionIdManager workerName=node0
2023-05-05 09:12:13,331 [Listener at 0.0.0.0/44021] INFO  server.session (DefaultSessionIdManager.java:doStart(339)) - No SessionScavenger set, using defaults
2023-05-05 09:12:13,332 [Listener at 0.0.0.0/44021] INFO  server.session (HouseKeeper.java:startScavenging(132)) - node0 Scavenging every 660000ms
2023-05-05 09:12:13,333 [Listener at 0.0.0.0/44021] INFO  handler.ContextHandler (ContextHandler.java:doStart(921)) - Started o.e.j.s.ServletContextHandler@7c982c94{logs,/logs,file:///home/runner/work/ozone/ozone/hadoop-ozone/integration-test/target/log,AVAILABLE}
2023-05-05 09:12:13,334 [Listener at 0.0.0.0/44021] INFO  handler.ContextHandler (ContextHandler.java:doStart(921)) - Started o.e.j.s.ServletContextHandler@5f1c0588{static,/static,file:///home/runner/work/ozone/ozone/hadoop-ozone/integration-test/target/test-classes/webapps/static,AVAILABLE}
2023-05-05 09:12:13,344 [Listener at 0.0.0.0/44021] INFO  handler.ContextHandler (ContextHandler.java:doStart(921)) - Started o.e.j.w.WebAppContext@db1b5f8{scm,/,file:///home/runner/work/ozone/ozone/hadoop-ozone/integration-test/target/test-classes/webapps/scm/,AVAILABLE}{file:/home/runner/work/ozone/ozone/hadoop-ozone/integration-test/target/test-classes/webapps/scm}
2023-05-05 09:12:13,347 [Listener at 0.0.0.0/44021] INFO  server.AbstractConnector (AbstractConnector.java:doStart(333)) - Started ServerConnector@6a91dcce{HTTP/1.1, (http/1.1)}{0.0.0.0:34493}
2023-05-05 09:12:13,347 [Listener at 0.0.0.0/44021] INFO  server.Server (Server.java:doStart(415)) - Started @124700ms
2023-05-05 09:12:13,347 [Listener at 0.0.0.0/44021] WARN  impl.MetricsSystemImpl (MetricsSystemImpl.java:register(279)) - Sink prometheus already exists!
2023-05-05 09:12:13,349 [Listener at 0.0.0.0/44021] INFO  http.BaseHttpServer (BaseHttpServer.java:updateConnectorAddress(344)) - HTTP server of scm listening at http://0.0.0.0:34493
2023-05-05 09:12:13,349 [Listener at 0.0.0.0/44021] WARN  server.ServerUtils (ServerUtils.java:getDBPath(225)) - ozone.om.db.dirs is not configured. We recommend adding this setting. Falling back to ozone.metadata.dirs instead.
2023-05-05 09:12:13,354 [Listener at 0.0.0.0/44021] INFO  ha.OMHANodeDetails (OMHANodeDetails.java:loadOMHAConfig(115)) - ozone.om.internal.service.id is not defined, falling back to ozone.om.service.ids to find serviceID for OzoneManager if it is HA enabled cluster
2023-05-05 09:12:13,354 [Listener at 0.0.0.0/44021] INFO  ha.OMHANodeDetails (OMHANodeDetails.java:loadOMHAConfig(226)) - Configuration does not have ozone.om.address set. Falling back to the default OM address /127.0.0.1:0
2023-05-05 09:12:13,354 [Listener at 0.0.0.0/44021] INFO  ha.OMHANodeDetails (OMHANodeDetails.java:getOMNodeDetailsForNonHA(254)) - OM Service ID is not set. Setting it to the default ID: omServiceIdDefault
2023-05-05 09:12:13,354 [Listener at 0.0.0.0/44021] INFO  ha.OMHANodeDetails (OMHANodeDetails.java:getOMNodeDetailsForNonHA(261)) - OM Node ID is not set. Setting it to the default ID: om1
2023-05-05 09:12:13,354 [Listener at 0.0.0.0/44021] WARN  server.ServerUtils (ServerUtils.java:getDBPath(225)) - ozone.om.db.dirs is not configured. We recommend adding this setting. Falling back to ozone.metadata.dirs instead.
2023-05-05 09:12:13,356 [Listener at 0.0.0.0/44021] INFO  upgrade.AbstractLayoutVersionManager (AbstractLayoutVersionManager.java:init(83)) - Initializing Layout version manager with metadata layout = HSYNC (version = 4), software layout = HSYNC (version = 4)
2023-05-05 09:12:13,570 [Listener at 0.0.0.0/44021] INFO  reflections.Reflections (Reflections.java:scan(232)) - Reflections took 212 ms to scan 2 urls, producing 172 keys and 475 values [using 2 cores]
2023-05-05 09:12:13,571 [Listener at 0.0.0.0/44021] INFO  upgrade.OMLayoutVersionManager (OMLayoutVersionManager.java:lambda$0(115)) - Skipping Upgrade Action MockOmUpgradeAction since it has been finalized.
2023-05-05 09:12:13,571 [Listener at 0.0.0.0/44021] WARN  server.ServerUtils (ServerUtils.java:getDBPath(225)) - ozone.om.db.dirs is not configured. We recommend adding this setting. Falling back to ozone.metadata.dirs instead.
2023-05-05 09:12:13,576 [Listener at 0.0.0.0/44021] INFO  proxy.SCMBlockLocationFailoverProxyProvider (SCMBlockLocationFailoverProxyProvider.java:<init>(114)) - Created block location fail-over proxy with 1 nodes: [nodeId=scmNodeId,nodeAddress=/0.0.0.0:34631]
2023-05-05 09:12:13,579 [Listener at 0.0.0.0/44021] INFO  proxy.SCMBlockLocationFailoverProxyProvider (SCMBlockLocationFailoverProxyProvider.java:<init>(114)) - Created block location fail-over proxy with 1 nodes: [nodeId=scmNodeId,nodeAddress=/0.0.0.0:34631]
2023-05-05 09:12:13,592 [Listener at 0.0.0.0/44021] INFO  om.OzoneManager (OzoneManager.java:<init>(634)) - OM start with adminUsers: [runner]
2023-05-05 09:12:13,594 [Listener at 0.0.0.0/44021] WARN  server.ServerUtils (ServerUtils.java:getDBPath(225)) - ozone.om.db.dirs is not configured. We recommend adding this setting. Falling back to ozone.metadata.dirs instead.
2023-05-05 09:12:13,594 [Listener at 0.0.0.0/44021] INFO  codec.OmKeyInfoCodec (OmKeyInfoCodec.java:<init>(49)) - OmKeyInfoCodec ignorePipeline = true
2023-05-05 09:12:13,595 [Listener at 0.0.0.0/44021] INFO  codec.RepeatedOmKeyInfoCodec (RepeatedOmKeyInfoCodec.java:<init>(41)) - RepeatedOmKeyInfoCodec ignorePipeline = true
2023-05-05 09:12:13,799 [Listener at 0.0.0.0/44021] INFO  om.OzoneManager (OzoneManager.java:instantiateServices(764)) - S3 Multi-Tenancy is disabled
2023-05-05 09:12:13,802 [Listener at 0.0.0.0/44021] WARN  server.ServerUtils (ServerUtils.java:getDBPath(225)) - ozone.om.snapshot.diff.db.dir is not configured. We recommend adding this setting. Falling back to ozone.metadata.dirs instead.
2023-05-05 09:12:13,838 [Listener at 0.0.0.0/44021] INFO  om.OzoneManager (OzoneManager.java:addS3GVolumeToDB(4263)) - Created Volume s3v With Owner runner required for S3Gateway operations.
2023-05-05 09:12:13,839 [Listener at 0.0.0.0/44021] WARN  server.ServerUtils (ServerUtils.java:getDefaultRatisDirectory(237)) - Storage directory for Ratis is not configured. It is a good idea to map this to an SSD disk. Falling back to ozone.metadata.dirs
2023-05-05 09:12:13,840 [Listener at 0.0.0.0/44021] WARN  utils.OzoneManagerRatisUtils (OzoneManagerRatisUtils.java:getOMRatisSnapshotDirectory(456)) - ozone.om.ratis.snapshot.dir is not configured. Falling back to ozone.metadata.dirs config
2023-05-05 09:12:13,841 [Listener at 0.0.0.0/44021] WARN  server.ServerUtils (ServerUtils.java:getDefaultRatisDirectory(237)) - Storage directory for Ratis is not configured. It is a good idea to map this to an SSD disk. Falling back to ozone.metadata.dirs
2023-05-05 09:12:13,845 [Listener at 0.0.0.0/44021] INFO  ratis.OzoneManagerRatisServer (OzoneManagerRatisServer.java:<init>(163)) - Instantiating OM Ratis server with groupID: omServiceIdDefault and peers: localhost:9872
2023-05-05 09:12:13,847 [Listener at 0.0.0.0/44021] INFO  ratis.OzoneManagerStateMachine (OzoneManagerStateMachine.java:loadSnapshotInfoFromDB(670)) - LastAppliedIndex is set from TransactionInfo from OM DB as (t:0, i:~)
2023-05-05 09:12:13,848 [Listener at 0.0.0.0/44021] INFO  server.RaftServer (ConfUtils.java:logGet(46)) - raft.rpc.type = GRPC (default)
2023-05-05 09:12:13,848 [Listener at 0.0.0.0/44021] INFO  grpc.GrpcConfigKeys (ConfUtils.java:logFallback(53)) - raft.grpc.admin.host = null (fallback to raft.grpc.server.host)
2023-05-05 09:12:13,849 [Listener at 0.0.0.0/44021] INFO  grpc.GrpcConfigKeys (ConfUtils.java:logFallback(53)) - raft.grpc.admin.port = 9872 (fallback to raft.grpc.server.port)
2023-05-05 09:12:13,849 [Listener at 0.0.0.0/44021] INFO  grpc.GrpcConfigKeys (ConfUtils.java:logFallback(53)) - raft.grpc.client.host = null (fallback to raft.grpc.server.host)
2023-05-05 09:12:13,849 [Listener at 0.0.0.0/44021] INFO  grpc.GrpcConfigKeys (ConfUtils.java:logFallback(53)) - raft.grpc.client.port = 9872 (fallback to raft.grpc.server.port)
2023-05-05 09:12:13,849 [Listener at 0.0.0.0/44021] INFO  grpc.GrpcConfigKeys (ConfUtils.java:logGet(46)) - raft.grpc.server.host = null (default)
2023-05-05 09:12:13,849 [Listener at 0.0.0.0/44021] INFO  grpc.GrpcConfigKeys (ConfUtils.java:logGet(46)) - raft.grpc.server.port = 9872 (custom)
2023-05-05 09:12:13,849 [Listener at 0.0.0.0/44021] INFO  server.GrpcService (ConfUtils.java:logGet(46)) - raft.grpc.message.size.max = 33554432 (custom)
2023-05-05 09:12:13,849 [Listener at 0.0.0.0/44021] INFO  server.RaftServerConfigKeys (ConfUtils.java:logGet(46)) - raft.server.log.appender.buffer.byte-limit = 33554432 (custom)
2023-05-05 09:12:13,849 [Listener at 0.0.0.0/44021] INFO  server.GrpcService (ConfUtils.java:logGet(46)) - raft.grpc.flow.control.window = 1MB (=1048576) (default)
2023-05-05 09:12:13,849 [Listener at 0.0.0.0/44021] INFO  server.RaftServerConfigKeys (ConfUtils.java:logGet(46)) - raft.server.rpc.request.timeout = 3000ms (default)
2023-05-05 09:12:13,849 [Listener at 0.0.0.0/44021] INFO  grpc.GrpcConfigKeys (ConfUtils.java:logGet(46)) - raft.grpc.server.heartbeat.channel = true (default)
2023-05-05 09:12:13,850 [Listener at 0.0.0.0/44021] INFO  grpc.GrpcConfigKeys (ConfUtils.java:logGet(46)) - raft.grpc.server.async.request.thread.pool.cached = true (default)
2023-05-05 09:12:13,851 [Listener at 0.0.0.0/44021] INFO  grpc.GrpcConfigKeys (ConfUtils.java:logGet(46)) - raft.grpc.server.async.request.thread.pool.size = 32 (default)
2023-05-05 09:12:13,855 [Listener at 0.0.0.0/44021] INFO  impl.DataStreamServerImpl (ConfUtils.java:logGet(46)) - raft.datastream.type = DISABLED (default)
2023-05-05 09:12:13,855 [Listener at 0.0.0.0/44021] INFO  server.RaftServerConfigKeys (ConfUtils.java:logGet(46)) - raft.server.threadpool.proxy.cached = true (default)
2023-05-05 09:12:13,855 [Listener at 0.0.0.0/44021] INFO  server.RaftServerConfigKeys (ConfUtils.java:logGet(46)) - raft.server.threadpool.proxy.size = 0 (default)
2023-05-05 09:12:13,856 [Listener at 0.0.0.0/44021] INFO  server.RaftServerConfigKeys (ConfUtils.java:logGet(46)) - raft.server.rpc.slowness.timeout = 120s (custom)
2023-05-05 09:12:13,856 [Listener at 0.0.0.0/44021] INFO  server.RaftServerConfigKeys (ConfUtils.java:logGet(46)) - raft.server.leaderelection.leader.step-down.wait-time = 10s (default)
2023-05-05 09:12:13,857 [Listener at 0.0.0.0/44021] INFO  server.RaftServerConfigKeys (ConfUtils.java:logGet(46)) - raft.server.storage.dir = [/home/runner/work/ozone/ozone/hadoop-ozone/integration-test/target/test-dir/MiniOzoneClusterImpl-da0de1e2-202c-4ae6-9300-2fe7d9a9c5f7/ozone-meta/ratis] (custom)
2023-05-05 09:12:13,867 [Listener at 0.0.0.0/44021] INFO  server.RaftServer (RaftServerProxy.java:addNew(96)) - om1: addNew group-C5BA1605619E:[om1|rpc:localhost:9872|priority:0|startupRole:FOLLOWER] returns group-C5BA1605619E:java.util.concurrent.CompletableFuture@368d0e22[Not completed]
2023-05-05 09:12:13,867 [Listener at 0.0.0.0/44021] INFO  om.OzoneManager (OzoneManager.java:initializeRatisServer(2106)) - OzoneManager Ratis server initialized at port 9872
2023-05-05 09:12:13,867 [Listener at 0.0.0.0/44021] INFO  om.OzoneManager (OzoneManager.java:getRpcServer(1153)) - Creating RPC Server
2023-05-05 09:12:13,867 [pool-614-thread-1] INFO  server.RaftServer$Division (RaftServerImpl.java:<init>(195)) - om1: new RaftServerImpl for group-C5BA1605619E:[om1|rpc:localhost:9872|priority:0|startupRole:FOLLOWER] with OzoneManagerStateMachine:uninitialized
2023-05-05 09:12:13,868 [pool-614-thread-1] INFO  server.RaftServerConfigKeys (ConfUtils.java:logGet(46)) - raft.server.rpc.timeout.min = 1s (custom)
2023-05-05 09:12:13,868 [pool-614-thread-1] INFO  server.RaftServerConfigKeys (ConfUtils.java:logGet(46)) - raft.server.rpc.timeout.max = 1200ms (custom)
2023-05-05 09:12:13,868 [pool-614-thread-1] INFO  server.RaftServerConfigKeys (ConfUtils.java:logGet(46)) - raft.server.rpc.sleep.time = 25ms (default)
2023-05-05 09:12:13,868 [pool-614-thread-1] INFO  server.RaftServerConfigKeys (ConfUtils.java:logGet(46)) - raft.server.rpc.slowness.timeout = 120s (custom)
2023-05-05 09:12:13,868 [pool-614-thread-1] INFO  server.RaftServerConfigKeys (ConfUtils.java:logGet(46)) - raft.server.leaderelection.leader.step-down.wait-time = 10s (default)
2023-05-05 09:12:13,868 [pool-614-thread-1] INFO  server.RaftServerConfigKeys (ConfUtils.java:logGet(46)) - raft.server.sleep.deviation.threshold = 300ms (default)
2023-05-05 09:12:13,868 [pool-614-thread-1] INFO  server.RaftServer$Division (ServerState.java:<init>(118)) - om1@group-C5BA1605619E: ConfigurationManager, init=-1: peers:[om1|rpc:localhost:9872|priority:0|startupRole:FOLLOWER]|listeners:[], old=null, confs=<EMPTY_MAP>
2023-05-05 09:12:13,869 [pool-614-thread-1] INFO  server.RaftServerConfigKeys (ConfUtils.java:logGet(46)) - raft.server.storage.dir = [/home/runner/work/ozone/ozone/hadoop-ozone/integration-test/target/test-dir/MiniOzoneClusterImpl-da0de1e2-202c-4ae6-9300-2fe7d9a9c5f7/ozone-meta/ratis] (custom)
2023-05-05 09:12:13,869 [pool-614-thread-1] INFO  server.RaftServerConfigKeys (ConfUtils.java:logGet(46)) - raft.server.log.corruption.policy = EXCEPTION (default)
2023-05-05 09:12:13,869 [pool-614-thread-1] INFO  server.RaftServerConfigKeys (ConfUtils.java:logGet(46)) - raft.server.storage.free-space.min = 0MB (=0) (default)
2023-05-05 09:12:13,869 [pool-614-thread-1] INFO  server.RaftServerConfigKeys (ConfUtils.java:logGet(46)) - raft.server.notification.no-leader.timeout = 120s (custom)
2023-05-05 09:12:13,870 [pool-614-thread-1] INFO  server.RaftServerConfigKeys (ConfUtils.java:logGet(46)) - raft.server.retrycache.expirytime = 300s (custom)
2023-05-05 09:12:13,870 [pool-614-thread-1] INFO  server.RaftServerConfigKeys (ConfUtils.java:logGet(46)) - raft.server.retrycache.statistics.expirytime = 100μs (default)
2023-05-05 09:12:13,872 [pool-614-thread-1] INFO  server.RaftServerConfigKeys (ConfUtils.java:logGet(46)) - raft.server.log.appender.install.snapshot.enabled = false (custom)
2023-05-05 09:12:13,872 [pool-614-thread-1] INFO  server.RaftServerConfigKeys (ConfUtils.java:logGet(46)) - raft.server.threadpool.server.cached = true (default)
2023-05-05 09:12:13,872 [pool-614-thread-1] INFO  server.RaftServerConfigKeys (ConfUtils.java:logGet(46)) - raft.server.threadpool.server.size = 0 (default)
2023-05-05 09:12:13,872 [pool-614-thread-1] INFO  server.RaftServerConfigKeys (ConfUtils.java:logGet(46)) - raft.server.threadpool.client.cached = true (default)
2023-05-05 09:12:13,872 [pool-614-thread-1] INFO  server.RaftServerConfigKeys (ConfUtils.java:logGet(46)) - raft.server.threadpool.client.size = 0 (default)
2023-05-05 09:12:14,980 [Listener at 0.0.0.0/44021] INFO  reflections.Reflections (Reflections.java:scan(232)) - Reflections took 1111 ms to scan 19 urls, producing 68 keys and 5137 values [using 2 cores]
2023-05-05 09:12:14,991 [Listener at 0.0.0.0/44021] INFO  ipc.CallQueueManager (CallQueueManager.java:<init>(90)) - Using callQueue: class java.util.concurrent.LinkedBlockingQueue, queueCapacity: 2000, scheduler: class org.apache.hadoop.ipc.DefaultRpcScheduler, ipcBackoff: false.
2023-05-05 09:12:14,996 [Socket Reader #1 for port 0] INFO  ipc.Server (Server.java:run(1319)) - Starting Socket Reader #1 for port 0
2023-05-05 09:12:15,036 [Listener at 127.0.0.1/33465] INFO  impl.MetricsSystemImpl (MetricsSystemImpl.java:init(158)) - OzoneManager metrics system started (again)
2023-05-05 09:12:15,052 [Listener at 127.0.0.1/33465] INFO  om.OzoneManager (OzoneManager.java:start(1574)) - OzoneManager RPC server is listening at localhost/127.0.0.1:33465
2023-05-05 09:12:15,053 [Listener at 127.0.0.1/33465] INFO  ratis.OzoneManagerRatisServer (OzoneManagerRatisServer.java:start(558)) - Starting OzoneManagerRatisServer om1 at port 9872
2023-05-05 09:12:15,053 [om1-impl-thread1] INFO  storage.RaftStorageDirectory (RaftStorageDirectoryImpl.java:analyzeStorage(137)) - The storage directory /home/runner/work/ozone/ozone/hadoop-ozone/integration-test/target/test-dir/MiniOzoneClusterImpl-da0de1e2-202c-4ae6-9300-2fe7d9a9c5f7/ozone-meta/ratis/bf265839-605b-3f16-9796-c5ba1605619e does not exist. Creating ...
2023-05-05 09:12:15,054 [om1-impl-thread1] INFO  storage.RaftStorageDirectory (RaftStorageDirectoryImpl.java:tryLock(231)) - Lock on /home/runner/work/ozone/ozone/hadoop-ozone/integration-test/target/test-dir/MiniOzoneClusterImpl-da0de1e2-202c-4ae6-9300-2fe7d9a9c5f7/ozone-meta/ratis/bf265839-605b-3f16-9796-c5ba1605619e/in_use.lock acquired by nodename 7812@fv-az152-207
2023-05-05 09:12:15,056 [om1-impl-thread1] INFO  storage.RaftStorage (RaftStorageImpl.java:format(96)) - Storage directory /home/runner/work/ozone/ozone/hadoop-ozone/integration-test/target/test-dir/MiniOzoneClusterImpl-da0de1e2-202c-4ae6-9300-2fe7d9a9c5f7/ozone-meta/ratis/bf265839-605b-3f16-9796-c5ba1605619e has been successfully formatted.
2023-05-05 09:12:15,057 [om1-impl-thread1] INFO  server.RaftServerConfigKeys (ConfUtils.java:logGet(46)) - raft.server.log.use.memory = false (default)
2023-05-05 09:12:15,057 [om1-impl-thread1] INFO  server.RaftServerConfigKeys (ConfUtils.java:logGet(46)) - raft.server.log.purge.gap = 1000000 (custom)
2023-05-05 09:12:15,057 [om1-impl-thread1] INFO  server.RaftServerConfigKeys (ConfUtils.java:logGet(46)) - raft.server.log.appender.buffer.byte-limit = 33554432 (custom)
2023-05-05 09:12:15,057 [om1-impl-thread1] INFO  server.RaftServerConfigKeys (ConfUtils.java:logGet(46)) - raft.server.log.statemachine.data.read.timeout = 1000ms (default)
2023-05-05 09:12:15,057 [om1-impl-thread1] INFO  server.RaftServerConfigKeys (ConfUtils.java:logGet(46)) - raft.server.log.purge.preservation.log.num = 0 (default)
2023-05-05 09:12:15,057 [om1-impl-thread1] INFO  server.RaftServerConfigKeys (ConfUtils.java:logGet(46)) - raft.server.log.segment.size.max = 4194304 (custom)
2023-05-05 09:12:15,058 [om1-impl-thread1] INFO  server.RaftServerConfigKeys (ConfUtils.java:logGet(46)) - raft.server.log.segment.cache.num.max = 2 (custom)
2023-05-05 09:12:15,058 [om1-impl-thread1] INFO  server.RaftServerConfigKeys (ConfUtils.java:logGet(46)) - raft.server.log.segment.cache.size.max = 200MB (=209715200) (default)
2023-05-05 09:12:15,058 [om1-impl-thread1] INFO  segmented.SegmentedRaftLogWorker (SegmentedRaftLogWorker.java:<init>(189)) - new om1@group-C5BA1605619E-SegmentedRaftLogWorker for RaftStorageImpl:Storage Directory /home/runner/work/ozone/ozone/hadoop-ozone/integration-test/target/test-dir/MiniOzoneClusterImpl-da0de1e2-202c-4ae6-9300-2fe7d9a9c5f7/ozone-meta/ratis/bf265839-605b-3f16-9796-c5ba1605619e
2023-05-05 09:12:15,058 [om1-impl-thread1] INFO  server.RaftServerConfigKeys (ConfUtils.java:logGet(46)) - raft.server.log.queue.byte-limit = 64MB (=67108864) (default)
2023-05-05 09:12:15,058 [om1-impl-thread1] INFO  server.RaftServerConfigKeys (ConfUtils.java:logGet(46)) - raft.server.log.queue.element-limit = 4096 (default)
2023-05-05 09:12:15,058 [om1-impl-thread1] INFO  server.RaftServerConfigKeys (ConfUtils.java:logGet(46)) - raft.server.log.segment.size.max = 4194304 (custom)
2023-05-05 09:12:15,058 [om1-impl-thread1] INFO  server.RaftServerConfigKeys (ConfUtils.java:logGet(46)) - raft.server.log.preallocated.size = 4194304 (custom)
2023-05-05 09:12:15,058 [om1-impl-thread1] INFO  server.RaftServerConfigKeys (ConfUtils.java:logGet(46)) - raft.server.log.force.sync.num = 128 (default)
2023-05-05 09:12:15,058 [om1-impl-thread1] INFO  server.RaftServerConfigKeys (ConfUtils.java:logGet(46)) - raft.server.log.statemachine.data.sync = true (default)
2023-05-05 09:12:15,058 [om1-impl-thread1] INFO  server.RaftServerConfigKeys (ConfUtils.java:logGet(46)) - raft.server.log.statemachine.data.sync.timeout = 10s (default)
2023-05-05 09:12:15,058 [om1-impl-thread1] INFO  server.RaftServerConfigKeys (ConfUtils.java:logGet(46)) - raft.server.log.statemachine.data.sync.timeout.retry = -1 (default)
2023-05-05 09:12:15,059 [om1-impl-thread1] INFO  server.RaftServerConfigKeys (ConfUtils.java:logGet(46)) - raft.server.log.write.buffer.size = 64KB (=65536) (default)
2023-05-05 09:12:15,059 [om1-impl-thread1] INFO  server.RaftServerConfigKeys (ConfUtils.java:logGet(46)) - raft.server.log.appender.buffer.byte-limit = 33554432 (custom)
2023-05-05 09:12:15,070 [om1-impl-thread1] INFO  server.RaftServerConfigKeys (ConfUtils.java:logGet(46)) - raft.server.log.unsafe-flush.enabled = false (default)
2023-05-05 09:12:15,070 [om1-impl-thread1] INFO  server.RaftServerConfigKeys (ConfUtils.java:logGet(46)) - raft.server.log.async-flush.enabled = false (default)
2023-05-05 09:12:15,070 [om1-impl-thread1] INFO  server.RaftServerConfigKeys (ConfUtils.java:logGet(46)) - raft.server.log.statemachine.data.caching.enabled = false (default)
2023-05-05 09:12:15,071 [om1-impl-thread1] INFO  segmented.SegmentedRaftLogWorker (SegmentedRaftLogWorker.java:lambda$new$0(135)) - om1@group-C5BA1605619E-SegmentedRaftLogWorker: flushIndex: setUnconditionally 0 -> -1
2023-05-05 09:12:15,071 [om1-impl-thread1] INFO  segmented.SegmentedRaftLogWorker (SegmentedRaftLogWorker.java:lambda$new$0(135)) - om1@group-C5BA1605619E-SegmentedRaftLogWorker: safeCacheEvictIndex: setUnconditionally 0 -> -1
2023-05-05 09:12:15,071 [om1-impl-thread1] INFO  server.RaftServer$Division (RaftServerImpl.java:start(334)) - om1@group-C5BA1605619E: start as a follower, conf=-1: peers:[om1|rpc:localhost:9872|priority:0|startupRole:FOLLOWER]|listeners:[], old=null
2023-05-05 09:12:15,071 [om1-impl-thread1] INFO  server.RaftServer$Division (RaftServerImpl.java:setRole(321)) - om1@group-C5BA1605619E: changes role from      null to FOLLOWER at term 0 for startAsFollower
2023-05-05 09:12:15,071 [om1-impl-thread1] INFO  impl.RoleInfo (RoleInfo.java:updateAndGet(139)) - om1: start om1@group-C5BA1605619E-FollowerState
2023-05-05 09:12:15,072 [om1-impl-thread1] INFO  util.JmxRegister (JmxRegister.java:tryRegister(44)) - Successfully registered JMX Bean with object name Ratis:service=RaftServer,group=group-C5BA1605619E,id=om1
2023-05-05 09:12:15,072 [om1-impl-thread1] INFO  server.RaftServerConfigKeys (ConfUtils.java:logGet(46)) - raft.server.snapshot.auto.trigger.enabled = true (custom)
2023-05-05 09:12:15,072 [om1-impl-thread1] INFO  server.RaftServerConfigKeys (ConfUtils.java:logGet(46)) - raft.server.snapshot.auto.trigger.threshold = 400000 (default)
2023-05-05 09:12:15,073 [om1-impl-thread1] INFO  server.RaftServerConfigKeys (ConfUtils.java:logGet(46)) - raft.server.snapshot.retention.file.num = -1 (default)
2023-05-05 09:12:15,073 [om1-impl-thread1] INFO  server.RaftServerConfigKeys (ConfUtils.java:logGet(46)) - raft.server.log.purge.upto.snapshot.index = true (custom)
2023-05-05 09:12:15,074 [om1@group-C5BA1605619E-FollowerState] INFO  server.RaftServerConfigKeys (ConfUtils.java:logFallback(53)) - raft.server.rpc.first-election.timeout.min = 1s (fallback to raft.server.rpc.timeout.min)
2023-05-05 09:12:15,074 [om1@group-C5BA1605619E-FollowerState] INFO  server.RaftServerConfigKeys (ConfUtils.java:logFallback(53)) - raft.server.rpc.first-election.timeout.max = 1200ms (fallback to raft.server.rpc.timeout.max)
2023-05-05 09:12:15,075 [Listener at 127.0.0.1/33465] INFO  server.RaftServer (RaftServerProxy.java:startImpl(393)) - om1: start RPC server
2023-05-05 09:12:15,090 [Listener at 127.0.0.1/33465] INFO  server.GrpcService (GrpcService.java:startImpl(262)) - om1: GrpcService started, listening on 9872
2023-05-05 09:12:15,090 [Listener at 127.0.0.1/33465] INFO  om.OzoneManager (OzoneManager.java:start(1590)) - Version File has different layout version (4) than OM DB (null). That is expected if this OM has never been finalized to a newer layout version.
2023-05-05 09:12:15,091 [JvmPauseMonitor12] INFO  util.JvmPauseMonitor (JvmPauseMonitor.java:run(105)) - JvmPauseMonitor-om1: Started
2023-05-05 09:12:15,101 [Listener at 127.0.0.1/33465] INFO  http.BaseHttpServer (BaseHttpServer.java:newHttpServer2BuilderForOzone(224)) - Starting Web-server for ozoneManager at: http://0.0.0.0:0
2023-05-05 09:12:15,101 [Listener at 127.0.0.1/33465] INFO  http.BaseHttpServer (BaseHttpServer.java:<init>(111)) - Hadoop Security Enabled: false Ozone Security Enabled: false Ozone HTTP Security Enabled: false 
2023-05-05 09:12:15,102 [Listener at 127.0.0.1/33465] WARN  server.AuthenticationFilter (AuthenticationFilter.java:constructSecretProvider(240)) - Unable to initialize FileSignerSecretProvider, falling back to use random secrets. Reason: Could not read signature secret file: /home/runner/hadoop-http-auth-signature-secret
2023-05-05 09:12:15,107 [Listener at 127.0.0.1/33465] INFO  http.HttpRequestLog (HttpRequestLog.java:getRequestLog(86)) - Http request log for http.requests.ozoneManager is not defined
2023-05-05 09:12:15,110 [Listener at 127.0.0.1/33465] INFO  http.HttpServer2 (HttpServer2.java:addGlobalFilter(1031)) - Added global filter 'safety' (class=org.apache.hadoop.hdds.server.http.HttpServer2$QuotingInputFilter)
2023-05-05 09:12:15,113 [Listener at 127.0.0.1/33465] INFO  http.HttpServer2 (HttpServer2.java:addFilter(1007)) - Added filter static_user_filter (class=org.apache.hadoop.http.lib.StaticUserWebFilter$StaticUserFilter) to context ozoneManager
2023-05-05 09:12:15,114 [Listener at 127.0.0.1/33465] INFO  http.HttpServer2 (HttpServer2.java:addFilter(1015)) - Added filter static_user_filter (class=org.apache.hadoop.http.lib.StaticUserWebFilter$StaticUserFilter) to context logs
2023-05-05 09:12:15,114 [Listener at 127.0.0.1/33465] INFO  http.HttpServer2 (HttpServer2.java:addFilter(1015)) - Added filter static_user_filter (class=org.apache.hadoop.http.lib.StaticUserWebFilter$StaticUserFilter) to context static
2023-05-05 09:12:15,115 [Listener at 127.0.0.1/33465] INFO  http.BaseHttpServer (BaseHttpServer.java:<init>(190)) - HTTP server of ozoneManager uses base directory /home/runner/work/ozone/ozone/hadoop-ozone/integration-test/target/test-dir/MiniOzoneClusterImpl-da0de1e2-202c-4ae6-9300-2fe7d9a9c5f7/ozone-meta/webserver
2023-05-05 09:12:15,116 [Listener at 127.0.0.1/33465] INFO  http.HttpServer2 (HttpServer2.java:bindListener(1250)) - Jetty bound to port 42075
2023-05-05 09:12:15,117 [Listener at 127.0.0.1/33465] INFO  server.Server (Server.java:doStart(375)) - jetty-9.4.51.v20230217; built: 2023-02-17T08:19:37.309Z; git: b45c405e4544384de066f814ed42ae3dceacdd49; jvm 1.8.0_362-b09
2023-05-05 09:12:15,120 [Listener at 127.0.0.1/33465] INFO  server.session (DefaultSessionIdManager.java:doStart(334)) - DefaultSessionIdManager workerName=node0
2023-05-05 09:12:15,120 [Listener at 127.0.0.1/33465] INFO  server.session (DefaultSessionIdManager.java:doStart(339)) - No SessionScavenger set, using defaults
2023-05-05 09:12:15,121 [Listener at 127.0.0.1/33465] INFO  server.session (HouseKeeper.java:startScavenging(132)) - node0 Scavenging every 600000ms
2023-05-05 09:12:15,122 [Listener at 127.0.0.1/33465] INFO  handler.ContextHandler (ContextHandler.java:doStart(921)) - Started o.e.j.s.ServletContextHandler@71b63ea5{logs,/logs,file:///home/runner/work/ozone/ozone/hadoop-ozone/integration-test/target/log,AVAILABLE}
2023-05-05 09:12:15,122 [Listener at 127.0.0.1/33465] INFO  handler.ContextHandler (ContextHandler.java:doStart(921)) - Started o.e.j.s.ServletContextHandler@6ece8dd7{static,/static,file:///home/runner/work/ozone/ozone/hadoop-ozone/integration-test/target/test-classes/webapps/static,AVAILABLE}
2023-05-05 09:12:15,130 [Listener at 127.0.0.1/33465] INFO  handler.ContextHandler (ContextHandler.java:doStart(921)) - Started o.e.j.w.WebAppContext@182fb38{ozoneManager,/,file:///home/runner/work/ozone/ozone/hadoop-ozone/integration-test/target/test-classes/webapps/ozoneManager/,AVAILABLE}{file:/home/runner/work/ozone/ozone/hadoop-ozone/integration-test/target/test-classes/webapps/ozoneManager}
2023-05-05 09:12:15,136 [Listener at 127.0.0.1/33465] INFO  server.AbstractConnector (AbstractConnector.java:doStart(333)) - Started ServerConnector@668a4ca3{HTTP/1.1, (http/1.1)}{0.0.0.0:42075}
2023-05-05 09:12:15,136 [Listener at 127.0.0.1/33465] INFO  server.Server (Server.java:doStart(415)) - Started @126490ms
2023-05-05 09:12:15,136 [Listener at 127.0.0.1/33465] WARN  impl.MetricsSystemImpl (MetricsSystemImpl.java:register(279)) - Sink prometheus already exists!
2023-05-05 09:12:15,137 [Listener at 127.0.0.1/33465] INFO  http.BaseHttpServer (BaseHttpServer.java:updateConnectorAddress(344)) - HTTP server of ozoneManager listening at http://0.0.0.0:42075
2023-05-05 09:12:15,137 [IPC Server Responder] INFO  ipc.Server (Server.java:run(1558)) - IPC Server Responder: starting
2023-05-05 09:12:15,137 [IPC Server listener on 0] INFO  ipc.Server (Server.java:run(1398)) - IPC Server listener on 0: starting
2023-05-05 09:12:15,139 [Listener at 127.0.0.1/33465] INFO  om.OzoneManager (OzoneManager.java:startTrashEmptier(2050)) - Trash Interval set to 0. Files deleted won't move to trash
2023-05-05 09:12:15,155 [org.apache.hadoop.util.JvmPauseMonitor$Monitor@33f7c586] INFO  util.JvmPauseMonitor (JvmPauseMonitor.java:run(188)) - Starting JVM pause monitor
2023-05-05 09:12:15,169 [Listener at 127.0.0.1/33465] WARN  impl.MetricRegistriesImpl (MetricRegistriesImpl.java:addReporterRegistration(111)) - New reporters are added after registries were created. Some metrics will be missing from the reporter. Please add reporter before adding any new registry.
2023-05-05 09:12:15,169 [Listener at 127.0.0.1/33465] WARN  impl.MetricRegistriesImpl (MetricRegistriesImpl.java:addReporterRegistration(111)) - New reporters are added after registries were created. Some metrics will be missing from the reporter. Please add reporter before adding any new registry.
2023-05-05 09:12:15,169 [Listener at 127.0.0.1/33465] INFO  impl.MetricsSystemImpl (MetricsSystemImpl.java:init(158)) - HddsDatanode metrics system started (again)
2023-05-05 09:12:15,198 [Listener at 127.0.0.1/33465] INFO  ozone.HddsDatanodeService (HddsDatanodeService.java:start(252)) - HddsDatanodeService host:fv-az152-207.qln5d00okglujjccfnhxhxodph.cx.internal.cloudapp.net ip:10.1.0.42
2023-05-05 09:12:15,237 [Listener at 127.0.0.1/33465] INFO  upgrade.AbstractLayoutVersionManager (AbstractLayoutVersionManager.java:init(83)) - Initializing Layout version manager with metadata layout = WEBUI_PORTS_IN_DATANODEDETAILS (version = 6), software layout = WEBUI_PORTS_IN_DATANODEDETAILS (version = 6)
2023-05-05 09:12:15,455 [Listener at 127.0.0.1/33465] INFO  reflections.Reflections (Reflections.java:scan(232)) - Reflections took 212 ms to scan 7 urls, producing 156 keys and 369 values 
2023-05-05 09:12:15,460 [Listener at 127.0.0.1/33465] INFO  statemachine.DatanodeStateMachine (DatanodeStateMachine.java:getEndPointTaskThreadPoolSize(267)) - Datanode State Machine Task Thread Pool size 2
2023-05-05 09:12:15,463 [Listener at 127.0.0.1/33465] INFO  volume.HddsVolume (HddsVolume.java:<init>(130)) - Creating HddsVolume: /home/runner/work/ozone/ozone/hadoop-ozone/integration-test/target/test-dir/MiniOzoneClusterImpl-da0de1e2-202c-4ae6-9300-2fe7d9a9c5f7/datanode-0/data-0/containers/hdds of storage type : DISK capacity : 9223372036854775807
2023-05-05 09:12:15,463 [Listener at 127.0.0.1/33465] INFO  volume.MutableVolumeSet (MutableVolumeSet.java:initializeVolumeSet(175)) - Added Volume : /home/runner/work/ozone/ozone/hadoop-ozone/integration-test/target/test-dir/MiniOzoneClusterImpl-da0de1e2-202c-4ae6-9300-2fe7d9a9c5f7/datanode-0/data-0/containers/hdds to VolumeSet
2023-05-05 09:12:15,463 [Listener at 127.0.0.1/33465] INFO  volume.ThrottledAsyncChecker (ThrottledAsyncChecker.java:schedule(141)) - Scheduling a check for /home/runner/work/ozone/ozone/hadoop-ozone/integration-test/target/test-dir/MiniOzoneClusterImpl-da0de1e2-202c-4ae6-9300-2fe7d9a9c5f7/datanode-0/data-0/containers/hdds
2023-05-05 09:12:15,468 [Listener at 127.0.0.1/33465] INFO  volume.StorageVolumeChecker (StorageVolumeChecker.java:checkAllVolumes(202)) - Scheduled health check for volume /home/runner/work/ozone/ozone/hadoop-ozone/integration-test/target/test-dir/MiniOzoneClusterImpl-da0de1e2-202c-4ae6-9300-2fe7d9a9c5f7/datanode-0/data-0/containers/hdds
2023-05-05 09:12:15,491 [Listener at 127.0.0.1/33465] INFO  volume.MutableVolumeSet (MutableVolumeSet.java:initializeVolumeSet(175)) - Added Volume : /home/runner/work/ozone/ozone/hadoop-ozone/integration-test/target/test-dir/MiniOzoneClusterImpl-da0de1e2-202c-4ae6-9300-2fe7d9a9c5f7/datanode-0/data/ratis to VolumeSet
2023-05-05 09:12:15,492 [Listener at 127.0.0.1/33465] INFO  volume.ThrottledAsyncChecker (ThrottledAsyncChecker.java:schedule(141)) - Scheduling a check for /home/runner/work/ozone/ozone/hadoop-ozone/integration-test/target/test-dir/MiniOzoneClusterImpl-da0de1e2-202c-4ae6-9300-2fe7d9a9c5f7/datanode-0/data/ratis
2023-05-05 09:12:15,492 [Listener at 127.0.0.1/33465] INFO  volume.StorageVolumeChecker (StorageVolumeChecker.java:checkAllVolumes(202)) - Scheduled health check for volume /home/runner/work/ozone/ozone/hadoop-ozone/integration-test/target/test-dir/MiniOzoneClusterImpl-da0de1e2-202c-4ae6-9300-2fe7d9a9c5f7/datanode-0/data/ratis
2023-05-05 09:12:15,509 [Thread-1457] INFO  ozoneimpl.ContainerReader (ContainerReader.java:readVolume(175)) - Finish verifying containers on volume /home/runner/work/ozone/ozone/hadoop-ozone/integration-test/target/test-dir/MiniOzoneClusterImpl-da0de1e2-202c-4ae6-9300-2fe7d9a9c5f7/datanode-0/data-0/containers/hdds
2023-05-05 09:12:15,509 [Listener at 127.0.0.1/33465] INFO  ozoneimpl.OzoneContainer (OzoneContainer.java:buildContainerSet(303)) - Build ContainerSet costs 0s
2023-05-05 09:12:15,517 [Listener at 127.0.0.1/33465] INFO  server.RaftServer (ConfUtils.java:logGet(46)) - raft.rpc.type = GRPC (default)
2023-05-05 09:12:15,518 [Listener at 127.0.0.1/33465] INFO  grpc.GrpcConfigKeys (ConfUtils.java:logFallback(53)) - raft.grpc.admin.host = null (fallback to raft.grpc.server.host)
2023-05-05 09:12:15,518 [Listener at 127.0.0.1/33465] INFO  grpc.GrpcConfigKeys (ConfUtils.java:logGet(46)) - raft.grpc.admin.port = 0 (custom)
2023-05-05 09:12:15,518 [Listener at 127.0.0.1/33465] INFO  grpc.GrpcConfigKeys (ConfUtils.java:logFallback(53)) - raft.grpc.client.host = null (fallback to raft.grpc.server.host)
2023-05-05 09:12:15,518 [Listener at 127.0.0.1/33465] INFO  grpc.GrpcConfigKeys (ConfUtils.java:logGet(46)) - raft.grpc.client.port = 0 (custom)
2023-05-05 09:12:15,518 [Listener at 127.0.0.1/33465] INFO  grpc.GrpcConfigKeys (ConfUtils.java:logGet(46)) - raft.grpc.server.host = null (default)
2023-05-05 09:12:15,518 [Listener at 127.0.0.1/33465] INFO  grpc.GrpcConfigKeys (ConfUtils.java:logGet(46)) - raft.grpc.server.port = 0 (default)
2023-05-05 09:12:15,518 [Listener at 127.0.0.1/33465] INFO  server.GrpcService (ConfUtils.java:logGet(46)) - raft.grpc.message.size.max = 32MB (=33554432) (custom)
2023-05-05 09:12:15,519 [Listener at 127.0.0.1/33465] INFO  server.RaftServerConfigKeys (ConfUtils.java:logGet(46)) - raft.server.log.appender.buffer.byte-limit = 33554432 (custom)
2023-05-05 09:12:15,519 [Listener at 127.0.0.1/33465] INFO  server.GrpcService (ConfUtils.java:logGet(46)) - raft.grpc.flow.control.window = 5MB (=5242880) (custom)
2023-05-05 09:12:15,520 [Listener at 127.0.0.1/33465] INFO  server.RaftServerConfigKeys (ConfUtils.java:logGet(46)) - raft.server.rpc.request.timeout = 60s (custom)
2023-05-05 09:12:15,520 [Listener at 127.0.0.1/33465] INFO  grpc.GrpcConfigKeys (ConfUtils.java:logGet(46)) - raft.grpc.server.heartbeat.channel = true (default)
2023-05-05 09:12:15,520 [Listener at 127.0.0.1/33465] INFO  grpc.GrpcConfigKeys (ConfUtils.java:logGet(46)) - raft.grpc.server.async.request.thread.pool.cached = true (default)
2023-05-05 09:12:15,520 [Listener at 127.0.0.1/33465] INFO  grpc.GrpcConfigKeys (ConfUtils.java:logGet(46)) - raft.grpc.server.async.request.thread.pool.size = 32 (default)
2023-05-05 09:12:15,523 [Listener at 127.0.0.1/33465] INFO  impl.DataStreamServerImpl (ConfUtils.java:logGet(46)) - raft.datastream.type = NETTY (custom)
2023-05-05 09:12:15,523 [Listener at 127.0.0.1/33465] INFO  server.RaftServerConfigKeys (ConfUtils.java:logGet(46)) - raft.server.data-stream.async.request.thread.pool.cached = false (default)
2023-05-05 09:12:15,524 [Listener at 127.0.0.1/33465] INFO  server.RaftServerConfigKeys (ConfUtils.java:logGet(46)) - raft.server.data-stream.async.request.thread.pool.size = 20 (custom)
2023-05-05 09:12:15,524 [Listener at 127.0.0.1/33465] INFO  server.RaftServerConfigKeys (ConfUtils.java:logGet(46)) - raft.server.data-stream.async.write.thread.pool.size = 16 (default)
2023-05-05 09:12:15,524 [Listener at 127.0.0.1/33465] INFO  server.RaftServerConfigKeys (ConfUtils.java:logGet(46)) - raft.server.data-stream.client.pool.size = 10 (default)
2023-05-05 09:12:15,524 [Listener at 127.0.0.1/33465] INFO  netty.NettyConfigKeys$DataStream (ConfUtils.java:logGet(46)) - raft.netty.dataStream.server.use-epoll = false (default)
2023-05-05 09:12:15,524 [Listener at 127.0.0.1/33465] INFO  netty.NettyConfigKeys$DataStream (ConfUtils.java:logGet(46)) - raft.netty.dataStream.server.boss-group.size = 0 (default)
2023-05-05 09:12:15,525 [Listener at 127.0.0.1/33465] INFO  netty.NettyConfigKeys$DataStream (ConfUtils.java:logGet(46)) - raft.netty.dataStream.server.worker-group.size = 0 (default)
2023-05-05 09:12:15,526 [Listener at 127.0.0.1/33465] INFO  netty.NettyConfigKeys$DataStream (ConfUtils.java:logGet(46)) - raft.netty.dataStream.server.tls.conf = null (default)
2023-05-05 09:12:15,526 [Listener at 127.0.0.1/33465] INFO  netty.NettyConfigKeys$DataStream (ConfUtils.java:logGet(46)) - raft.netty.dataStream.host = null (default)
2023-05-05 09:12:15,526 [Listener at 127.0.0.1/33465] INFO  netty.NettyConfigKeys$DataStream (ConfUtils.java:logGet(46)) - raft.netty.dataStream.port = 0 (default)
2023-05-05 09:12:15,528 [Listener at 127.0.0.1/33465] INFO  server.RaftServerConfigKeys (ConfUtils.java:logGet(46)) - raft.server.threadpool.proxy.cached = true (default)
2023-05-05 09:12:15,528 [Listener at 127.0.0.1/33465] INFO  server.RaftServerConfigKeys (ConfUtils.java:logGet(46)) - raft.server.threadpool.proxy.size = 0 (default)
2023-05-05 09:12:15,528 [Listener at 127.0.0.1/33465] INFO  server.RaftServerConfigKeys (ConfUtils.java:logGet(46)) - raft.server.rpc.slowness.timeout = 300s (custom)
2023-05-05 09:12:15,528 [Listener at 127.0.0.1/33465] INFO  server.RaftServerConfigKeys (ConfUtils.java:logGet(46)) - raft.server.leaderelection.leader.step-down.wait-time = 10s (default)
2023-05-05 09:12:15,529 [Listener at 127.0.0.1/33465] INFO  server.RaftServerConfigKeys (ConfUtils.java:logGet(46)) - raft.server.storage.dir = [/home/runner/work/ozone/ozone/hadoop-ozone/integration-test/target/test-dir/MiniOzoneClusterImpl-da0de1e2-202c-4ae6-9300-2fe7d9a9c5f7/datanode-0/data/ratis] (custom)
2023-05-05 09:12:15,530 [6520bee8-8bdf-48f9-93d9-ec62562c6e83-NettyServerStreamRpc-bossGroup--thread1] INFO  logging.LoggingHandler (AbstractInternalLogger.java:log(148)) - [id: 0xb902b819] REGISTERED
2023-05-05 09:12:15,530 [6520bee8-8bdf-48f9-93d9-ec62562c6e83-NettyServerStreamRpc-bossGroup--thread1] INFO  logging.LoggingHandler (AbstractInternalLogger.java:log(148)) - [id: 0xb902b819] BIND: 0.0.0.0/0.0.0.0:0
2023-05-05 09:12:15,530 [6520bee8-8bdf-48f9-93d9-ec62562c6e83-NettyServerStreamRpc-bossGroup--thread1] INFO  logging.LoggingHandler (AbstractInternalLogger.java:log(148)) - [id: 0xb902b819, L:/0:0:0:0:0:0:0:0:41833] ACTIVE
2023-05-05 09:12:15,535 [Listener at 127.0.0.1/33465] INFO  server.XceiverServerGrpc (XceiverServerGrpc.java:<init>(132)) - GrpcServer channel type EpollServerSocketChannel
2023-05-05 09:12:15,540 [Listener at 127.0.0.1/33465] INFO  replication.ReplicationSupervisor (ReplicationSupervisor.java:nodeStateUpdated(290)) - Node state updated to IN_SERVICE, scaling executor pool size to 10
2023-05-05 09:12:15,545 [Listener at 127.0.0.1/33465] INFO  http.BaseHttpServer (BaseHttpServer.java:newHttpServer2BuilderForOzone(224)) - Starting Web-server for hddsDatanode at: http://0.0.0.0:0
2023-05-05 09:12:15,545 [Listener at 127.0.0.1/33465] INFO  http.BaseHttpServer (BaseHttpServer.java:<init>(111)) - Hadoop Security Enabled: false Ozone Security Enabled: false Ozone HTTP Security Enabled: false 
2023-05-05 09:12:15,547 [Listener at 127.0.0.1/33465] WARN  server.AuthenticationFilter (AuthenticationFilter.java:constructSecretProvider(240)) - Unable to initialize FileSignerSecretProvider, falling back to use random secrets. Reason: Could not read signature secret file: /home/runner/hadoop-http-auth-signature-secret
2023-05-05 09:12:15,550 [Listener at 127.0.0.1/33465] INFO  http.HttpRequestLog (HttpRequestLog.java:getRequestLog(86)) - Http request log for http.requests.hddsDatanode is not defined
2023-05-05 09:12:15,552 [Listener at 127.0.0.1/33465] INFO  http.HttpServer2 (HttpServer2.java:addGlobalFilter(1031)) - Added global filter 'safety' (class=org.apache.hadoop.hdds.server.http.HttpServer2$QuotingInputFilter)
2023-05-05 09:12:15,552 [Listener at 127.0.0.1/33465] INFO  http.HttpServer2 (HttpServer2.java:addFilter(1007)) - Added filter static_user_filter (class=org.apache.hadoop.http.lib.StaticUserWebFilter$StaticUserFilter) to context hddsDatanode
2023-05-05 09:12:15,552 [Listener at 127.0.0.1/33465] INFO  http.HttpServer2 (HttpServer2.java:addFilter(1015)) - Added filter static_user_filter (class=org.apache.hadoop.http.lib.StaticUserWebFilter$StaticUserFilter) to context static
2023-05-05 09:12:15,553 [Listener at 127.0.0.1/33465] INFO  http.HttpServer2 (HttpServer2.java:addFilter(1015)) - Added filter static_user_filter (class=org.apache.hadoop.http.lib.StaticUserWebFilter$StaticUserFilter) to context logs
2023-05-05 09:12:15,555 [Listener at 127.0.0.1/33465] INFO  http.BaseHttpServer (BaseHttpServer.java:<init>(190)) - HTTP server of hddsDatanode uses base directory /home/runner/work/ozone/ozone/hadoop-ozone/integration-test/target/test-dir/MiniOzoneClusterImpl-da0de1e2-202c-4ae6-9300-2fe7d9a9c5f7/datanode-0/meta/webserver
2023-05-05 09:12:15,555 [Listener at 127.0.0.1/33465] INFO  http.HttpServer2 (HttpServer2.java:bindListener(1250)) - Jetty bound to port 45811
2023-05-05 09:12:15,556 [Listener at 127.0.0.1/33465] INFO  server.Server (Server.java:doStart(375)) - jetty-9.4.51.v20230217; built: 2023-02-17T08:19:37.309Z; git: b45c405e4544384de066f814ed42ae3dceacdd49; jvm 1.8.0_362-b09
2023-05-05 09:12:15,558 [Listener at 127.0.0.1/33465] INFO  server.session (DefaultSessionIdManager.java:doStart(334)) - DefaultSessionIdManager workerName=node0
2023-05-05 09:12:15,558 [Listener at 127.0.0.1/33465] INFO  server.session (DefaultSessionIdManager.java:doStart(339)) - No SessionScavenger set, using defaults
2023-05-05 09:12:15,558 [Listener at 127.0.0.1/33465] INFO  server.session (HouseKeeper.java:startScavenging(132)) - node0 Scavenging every 660000ms
2023-05-05 09:12:15,559 [Listener at 127.0.0.1/33465] INFO  handler.ContextHandler (ContextHandler.java:doStart(921)) - Started o.e.j.s.ServletContextHandler@7b6da49{logs,/logs,file:///home/runner/work/ozone/ozone/hadoop-ozone/integration-test/target/log,AVAILABLE}
2023-05-05 09:12:15,560 [Listener at 127.0.0.1/33465] INFO  handler.ContextHandler (ContextHandler.java:doStart(921)) - Started o.e.j.s.ServletContextHandler@10715b9b{static,/static,jar:file:/home/runner/.m2/repository/org/apache/ozone/hdds-container-service/1.4.0-SNAPSHOT/hdds-container-service-1.4.0-SNAPSHOT.jar!/webapps/static,AVAILABLE}
2023-05-05 09:12:15,796 [Listener at 127.0.0.1/33465] INFO  handler.ContextHandler (ContextHandler.java:doStart(921)) - Started o.e.j.w.WebAppContext@15202bb4{hddsDatanode,/,file:///home/runner/work/ozone/ozone/hadoop-ozone/integration-test/target/test-dir/MiniOzoneClusterImpl-da0de1e2-202c-4ae6-9300-2fe7d9a9c5f7/datanode-0/meta/webserver/jetty-0_0_0_0-45811-hdds-container-service-1_4_0-SNAPSHOT_jar-_-any-7309311359550645068/webapp/,AVAILABLE}{jar:file:/home/runner/.m2/repository/org/apache/ozone/hdds-container-service/1.4.0-SNAPSHOT/hdds-container-service-1.4.0-SNAPSHOT.jar!/webapps/hddsDatanode}
2023-05-05 09:12:15,800 [Listener at 127.0.0.1/33465] INFO  server.AbstractConnector (AbstractConnector.java:doStart(333)) - Started ServerConnector@7fa4f2a0{HTTP/1.1, (http/1.1)}{0.0.0.0:45811}
2023-05-05 09:12:15,800 [Listener at 127.0.0.1/33465] INFO  server.Server (Server.java:doStart(415)) - Started @127153ms
2023-05-05 09:12:15,800 [Listener at 127.0.0.1/33465] WARN  impl.MetricsSystemImpl (MetricsSystemImpl.java:register(279)) - Sink prometheus already exists!
2023-05-05 09:12:15,801 [Listener at 127.0.0.1/33465] INFO  http.BaseHttpServer (BaseHttpServer.java:updateConnectorAddress(344)) - HTTP server of hddsDatanode listening at http://0.0.0.0:45811
2023-05-05 09:12:15,804 [Listener at 127.0.0.1/33465] WARN  impl.MetricRegistriesImpl (MetricRegistriesImpl.java:addReporterRegistration(111)) - New reporters are added after registries were created. Some metrics will be missing from the reporter. Please add reporter before adding any new registry.
2023-05-05 09:12:15,804 [Listener at 127.0.0.1/33465] WARN  impl.MetricRegistriesImpl (MetricRegistriesImpl.java:addReporterRegistration(111)) - New reporters are added after registries were created. Some metrics will be missing from the reporter. Please add reporter before adding any new registry.
2023-05-05 09:12:15,804 [Listener at 127.0.0.1/33465] INFO  impl.MetricsSystemImpl (MetricsSystemImpl.java:init(158)) - HddsDatanode metrics system started (again)
2023-05-05 09:12:15,806 [Datanode State Machine Daemon Thread] INFO  statemachine.DatanodeStateMachine (DatanodeStateMachine.java:lambda$startDaemon$0(524)) - Ozone container server started.
2023-05-05 09:12:15,827 [Listener at 127.0.0.1/33465] INFO  ozone.HddsDatanodeService (HddsDatanodeService.java:start(252)) - HddsDatanodeService host:fv-az152-207.qln5d00okglujjccfnhxhxodph.cx.internal.cloudapp.net ip:10.1.0.42
2023-05-05 09:12:15,832 [org.apache.hadoop.util.JvmPauseMonitor$Monitor@2592b] INFO  util.JvmPauseMonitor (JvmPauseMonitor.java:run(188)) - Starting JVM pause monitor
2023-05-05 09:12:15,850 [Datanode State Machine Task Thread - 0] INFO  datanode.InitDatanodeState (InitDatanodeState.java:persistContainerDatanodeDetails(138)) - DatanodeDetails is persisted to /home/runner/work/ozone/ozone/hadoop-ozone/integration-test/target/test-dir/MiniOzoneClusterImpl-da0de1e2-202c-4ae6-9300-2fe7d9a9c5f7/datanode-0/meta/datanode.id
2023-05-05 09:12:15,853 [Listener at 127.0.0.1/33465] INFO  upgrade.AbstractLayoutVersionManager (AbstractLayoutVersionManager.java:init(83)) - Initializing Layout version manager with metadata layout = WEBUI_PORTS_IN_DATANODEDETAILS (version = 6), software layout = WEBUI_PORTS_IN_DATANODEDETAILS (version = 6)
2023-05-05 09:12:15,932 [Listener at 127.0.0.1/33465] INFO  reflections.Reflections (Reflections.java:scan(232)) - Reflections took 78 ms to scan 7 urls, producing 156 keys and 369 values 
2023-05-05 09:12:15,934 [Listener at 127.0.0.1/33465] INFO  statemachine.DatanodeStateMachine (DatanodeStateMachine.java:getEndPointTaskThreadPoolSize(267)) - Datanode State Machine Task Thread Pool size 2
2023-05-05 09:12:15,937 [Listener at 127.0.0.1/33465] INFO  volume.HddsVolume (HddsVolume.java:<init>(130)) - Creating HddsVolume: /home/runner/work/ozone/ozone/hadoop-ozone/integration-test/target/test-dir/MiniOzoneClusterImpl-da0de1e2-202c-4ae6-9300-2fe7d9a9c5f7/datanode-1/data-0/containers/hdds of storage type : DISK capacity : 9223372036854775807
2023-05-05 09:12:15,937 [Listener at 127.0.0.1/33465] INFO  volume.MutableVolumeSet (MutableVolumeSet.java:initializeVolumeSet(175)) - Added Volume : /home/runner/work/ozone/ozone/hadoop-ozone/integration-test/target/test-dir/MiniOzoneClusterImpl-da0de1e2-202c-4ae6-9300-2fe7d9a9c5f7/datanode-1/data-0/containers/hdds to VolumeSet
2023-05-05 09:12:15,937 [Listener at 127.0.0.1/33465] INFO  volume.ThrottledAsyncChecker (ThrottledAsyncChecker.java:schedule(141)) - Scheduling a check for /home/runner/work/ozone/ozone/hadoop-ozone/integration-test/target/test-dir/MiniOzoneClusterImpl-da0de1e2-202c-4ae6-9300-2fe7d9a9c5f7/datanode-1/data-0/containers/hdds
2023-05-05 09:12:15,941 [Listener at 127.0.0.1/33465] INFO  volume.StorageVolumeChecker (StorageVolumeChecker.java:checkAllVolumes(202)) - Scheduled health check for volume /home/runner/work/ozone/ozone/hadoop-ozone/integration-test/target/test-dir/MiniOzoneClusterImpl-da0de1e2-202c-4ae6-9300-2fe7d9a9c5f7/datanode-1/data-0/containers/hdds
2023-05-05 09:12:15,957 [Listener at 127.0.0.1/33465] INFO  volume.MutableVolumeSet (MutableVolumeSet.java:initializeVolumeSet(175)) - Added Volume : /home/runner/work/ozone/ozone/hadoop-ozone/integration-test/target/test-dir/MiniOzoneClusterImpl-da0de1e2-202c-4ae6-9300-2fe7d9a9c5f7/datanode-1/data/ratis to VolumeSet
2023-05-05 09:12:15,957 [Listener at 127.0.0.1/33465] INFO  volume.ThrottledAsyncChecker (ThrottledAsyncChecker.java:schedule(141)) - Scheduling a check for /home/runner/work/ozone/ozone/hadoop-ozone/integration-test/target/test-dir/MiniOzoneClusterImpl-da0de1e2-202c-4ae6-9300-2fe7d9a9c5f7/datanode-1/data/ratis
2023-05-05 09:12:15,958 [Listener at 127.0.0.1/33465] INFO  volume.StorageVolumeChecker (StorageVolumeChecker.java:checkAllVolumes(202)) - Scheduled health check for volume /home/runner/work/ozone/ozone/hadoop-ozone/integration-test/target/test-dir/MiniOzoneClusterImpl-da0de1e2-202c-4ae6-9300-2fe7d9a9c5f7/datanode-1/data/ratis
2023-05-05 09:12:15,976 [Thread-1471] INFO  ozoneimpl.ContainerReader (ContainerReader.java:readVolume(175)) - Finish verifying containers on volume /home/runner/work/ozone/ozone/hadoop-ozone/integration-test/target/test-dir/MiniOzoneClusterImpl-da0de1e2-202c-4ae6-9300-2fe7d9a9c5f7/datanode-1/data-0/containers/hdds
2023-05-05 09:12:15,976 [Listener at 127.0.0.1/33465] INFO  ozoneimpl.OzoneContainer (OzoneContainer.java:buildContainerSet(303)) - Build ContainerSet costs 0s
2023-05-05 09:12:15,979 [Listener at 127.0.0.1/33465] INFO  server.RaftServer (ConfUtils.java:logGet(46)) - raft.rpc.type = GRPC (default)
2023-05-05 09:12:15,979 [Listener at 127.0.0.1/33465] INFO  grpc.GrpcConfigKeys (ConfUtils.java:logFallback(53)) - raft.grpc.admin.host = null (fallback to raft.grpc.server.host)
2023-05-05 09:12:15,979 [Listener at 127.0.0.1/33465] INFO  grpc.GrpcConfigKeys (ConfUtils.java:logGet(46)) - raft.grpc.admin.port = 0 (custom)
2023-05-05 09:12:15,979 [Listener at 127.0.0.1/33465] INFO  grpc.GrpcConfigKeys (ConfUtils.java:logFallback(53)) - raft.grpc.client.host = null (fallback to raft.grpc.server.host)
2023-05-05 09:12:15,979 [Listener at 127.0.0.1/33465] INFO  grpc.GrpcConfigKeys (ConfUtils.java:logGet(46)) - raft.grpc.client.port = 0 (custom)
2023-05-05 09:12:15,979 [Listener at 127.0.0.1/33465] INFO  grpc.GrpcConfigKeys (ConfUtils.java:logGet(46)) - raft.grpc.server.host = null (default)
2023-05-05 09:12:15,980 [Listener at 127.0.0.1/33465] INFO  grpc.GrpcConfigKeys (ConfUtils.java:logGet(46)) - raft.grpc.server.port = 0 (default)
2023-05-05 09:12:15,980 [Listener at 127.0.0.1/33465] INFO  server.GrpcService (ConfUtils.java:logGet(46)) - raft.grpc.message.size.max = 32MB (=33554432) (custom)
2023-05-05 09:12:15,980 [Listener at 127.0.0.1/33465] INFO  server.RaftServerConfigKeys (ConfUtils.java:logGet(46)) - raft.server.log.appender.buffer.byte-limit = 33554432 (custom)
2023-05-05 09:12:15,980 [Listener at 127.0.0.1/33465] INFO  server.GrpcService (ConfUtils.java:logGet(46)) - raft.grpc.flow.control.window = 5MB (=5242880) (custom)
2023-05-05 09:12:15,980 [Listener at 127.0.0.1/33465] INFO  server.RaftServerConfigKeys (ConfUtils.java:logGet(46)) - raft.server.rpc.request.timeout = 60s (custom)
2023-05-05 09:12:15,986 [Listener at 127.0.0.1/33465] INFO  grpc.GrpcConfigKeys (ConfUtils.java:logGet(46)) - raft.grpc.server.heartbeat.channel = true (default)
2023-05-05 09:12:15,986 [Listener at 127.0.0.1/33465] INFO  grpc.GrpcConfigKeys (ConfUtils.java:logGet(46)) - raft.grpc.server.async.request.thread.pool.cached = true (default)
2023-05-05 09:12:15,986 [Listener at 127.0.0.1/33465] INFO  grpc.GrpcConfigKeys (ConfUtils.java:logGet(46)) - raft.grpc.server.async.request.thread.pool.size = 32 (default)
2023-05-05 09:12:15,989 [Listener at 127.0.0.1/33465] INFO  impl.DataStreamServerImpl (ConfUtils.java:logGet(46)) - raft.datastream.type = NETTY (custom)
2023-05-05 09:12:15,989 [Listener at 127.0.0.1/33465] INFO  server.RaftServerConfigKeys (ConfUtils.java:logGet(46)) - raft.server.data-stream.async.request.thread.pool.cached = false (default)
2023-05-05 09:12:15,989 [Listener at 127.0.0.1/33465] INFO  server.RaftServerConfigKeys (ConfUtils.java:logGet(46)) - raft.server.data-stream.async.request.thread.pool.size = 20 (custom)
2023-05-05 09:12:15,989 [Listener at 127.0.0.1/33465] INFO  server.RaftServerConfigKeys (ConfUtils.java:logGet(46)) - raft.server.data-stream.async.write.thread.pool.size = 16 (default)
2023-05-05 09:12:15,989 [Listener at 127.0.0.1/33465] INFO  server.RaftServerConfigKeys (ConfUtils.java:logGet(46)) - raft.server.data-stream.client.pool.size = 10 (default)
2023-05-05 09:12:15,990 [Listener at 127.0.0.1/33465] INFO  netty.NettyConfigKeys$DataStream (ConfUtils.java:logGet(46)) - raft.netty.dataStream.server.use-epoll = false (default)
2023-05-05 09:12:15,990 [Listener at 127.0.0.1/33465] INFO  netty.NettyConfigKeys$DataStream (ConfUtils.java:logGet(46)) - raft.netty.dataStream.server.boss-group.size = 0 (default)
2023-05-05 09:12:15,991 [Listener at 127.0.0.1/33465] INFO  netty.NettyConfigKeys$DataStream (ConfUtils.java:logGet(46)) - raft.netty.dataStream.server.worker-group.size = 0 (default)
2023-05-05 09:12:15,993 [Listener at 127.0.0.1/33465] INFO  netty.NettyConfigKeys$DataStream (ConfUtils.java:logGet(46)) - raft.netty.dataStream.server.tls.conf = null (default)
2023-05-05 09:12:15,993 [Listener at 127.0.0.1/33465] INFO  netty.NettyConfigKeys$DataStream (ConfUtils.java:logGet(46)) - raft.netty.dataStream.host = null (default)
2023-05-05 09:12:15,993 [Listener at 127.0.0.1/33465] INFO  netty.NettyConfigKeys$DataStream (ConfUtils.java:logGet(46)) - raft.netty.dataStream.port = 0 (default)
2023-05-05 09:12:15,994 [Listener at 127.0.0.1/33465] INFO  server.RaftServerConfigKeys (ConfUtils.java:logGet(46)) - raft.server.threadpool.proxy.cached = true (default)
2023-05-05 09:12:15,994 [Listener at 127.0.0.1/33465] INFO  server.RaftServerConfigKeys (ConfUtils.java:logGet(46)) - raft.server.threadpool.proxy.size = 0 (default)
2023-05-05 09:12:15,994 [Listener at 127.0.0.1/33465] INFO  server.RaftServerConfigKeys (ConfUtils.java:logGet(46)) - raft.server.rpc.slowness.timeout = 300s (custom)
2023-05-05 09:12:15,994 [Listener at 127.0.0.1/33465] INFO  server.RaftServerConfigKeys (ConfUtils.java:logGet(46)) - raft.server.leaderelection.leader.step-down.wait-time = 10s (default)
2023-05-05 09:12:15,994 [ee38f84b-8433-476e-8c71-34949542cd2b-NettyServerStreamRpc-bossGroup--thread1] INFO  logging.LoggingHandler (AbstractInternalLogger.java:log(148)) - [id: 0x0c84dfb1] REGISTERED
2023-05-05 09:12:15,995 [ee38f84b-8433-476e-8c71-34949542cd2b-NettyServerStreamRpc-bossGroup--thread1] INFO  logging.LoggingHandler (AbstractInternalLogger.java:log(148)) - [id: 0x0c84dfb1] BIND: 0.0.0.0/0.0.0.0:0
2023-05-05 09:12:15,995 [Listener at 127.0.0.1/33465] INFO  server.RaftServerConfigKeys (ConfUtils.java:logGet(46)) - raft.server.storage.dir = [/home/runner/work/ozone/ozone/hadoop-ozone/integration-test/target/test-dir/MiniOzoneClusterImpl-da0de1e2-202c-4ae6-9300-2fe7d9a9c5f7/datanode-1/data/ratis] (custom)
2023-05-05 09:12:15,997 [ee38f84b-8433-476e-8c71-34949542cd2b-NettyServerStreamRpc-bossGroup--thread1] INFO  logging.LoggingHandler (AbstractInternalLogger.java:log(148)) - [id: 0x0c84dfb1, L:/0:0:0:0:0:0:0:0:39375] ACTIVE
2023-05-05 09:12:16,000 [Listener at 127.0.0.1/33465] INFO  server.XceiverServerGrpc (XceiverServerGrpc.java:<init>(132)) - GrpcServer channel type EpollServerSocketChannel
2023-05-05 09:12:16,003 [Listener at 127.0.0.1/33465] INFO  replication.ReplicationSupervisor (ReplicationSupervisor.java:nodeStateUpdated(290)) - Node state updated to IN_SERVICE, scaling executor pool size to 10
2023-05-05 09:12:16,008 [Listener at 127.0.0.1/33465] INFO  http.BaseHttpServer (BaseHttpServer.java:newHttpServer2BuilderForOzone(224)) - Starting Web-server for hddsDatanode at: http://0.0.0.0:0
2023-05-05 09:12:16,008 [Listener at 127.0.0.1/33465] INFO  http.BaseHttpServer (BaseHttpServer.java:<init>(111)) - Hadoop Security Enabled: false Ozone Security Enabled: false Ozone HTTP Security Enabled: false 
2023-05-05 09:12:16,013 [Listener at 127.0.0.1/33465] WARN  server.AuthenticationFilter (AuthenticationFilter.java:constructSecretProvider(240)) - Unable to initialize FileSignerSecretProvider, falling back to use random secrets. Reason: Could not read signature secret file: /home/runner/hadoop-http-auth-signature-secret
2023-05-05 09:12:16,016 [Listener at 127.0.0.1/33465] INFO  http.HttpRequestLog (HttpRequestLog.java:getRequestLog(86)) - Http request log for http.requests.hddsDatanode is not defined
2023-05-05 09:12:16,019 [Listener at 127.0.0.1/33465] INFO  http.HttpServer2 (HttpServer2.java:addGlobalFilter(1031)) - Added global filter 'safety' (class=org.apache.hadoop.hdds.server.http.HttpServer2$QuotingInputFilter)
2023-05-05 09:12:16,019 [Listener at 127.0.0.1/33465] INFO  http.HttpServer2 (HttpServer2.java:addFilter(1007)) - Added filter static_user_filter (class=org.apache.hadoop.http.lib.StaticUserWebFilter$StaticUserFilter) to context hddsDatanode
2023-05-05 09:12:16,020 [Listener at 127.0.0.1/33465] INFO  http.HttpServer2 (HttpServer2.java:addFilter(1015)) - Added filter static_user_filter (class=org.apache.hadoop.http.lib.StaticUserWebFilter$StaticUserFilter) to context static
2023-05-05 09:12:16,020 [Listener at 127.0.0.1/33465] INFO  http.HttpServer2 (HttpServer2.java:addFilter(1015)) - Added filter static_user_filter (class=org.apache.hadoop.http.lib.StaticUserWebFilter$StaticUserFilter) to context logs
2023-05-05 09:12:16,021 [Listener at 127.0.0.1/33465] INFO  http.BaseHttpServer (BaseHttpServer.java:<init>(190)) - HTTP server of hddsDatanode uses base directory /home/runner/work/ozone/ozone/hadoop-ozone/integration-test/target/test-dir/MiniOzoneClusterImpl-da0de1e2-202c-4ae6-9300-2fe7d9a9c5f7/datanode-1/meta/webserver
2023-05-05 09:12:16,021 [Listener at 127.0.0.1/33465] INFO  http.HttpServer2 (HttpServer2.java:bindListener(1250)) - Jetty bound to port 34839
2023-05-05 09:12:16,021 [Listener at 127.0.0.1/33465] INFO  server.Server (Server.java:doStart(375)) - jetty-9.4.51.v20230217; built: 2023-02-17T08:19:37.309Z; git: b45c405e4544384de066f814ed42ae3dceacdd49; jvm 1.8.0_362-b09
2023-05-05 09:12:16,023 [Listener at 127.0.0.1/33465] INFO  server.session (DefaultSessionIdManager.java:doStart(334)) - DefaultSessionIdManager workerName=node0
2023-05-05 09:12:16,023 [Listener at 127.0.0.1/33465] INFO  server.session (DefaultSessionIdManager.java:doStart(339)) - No SessionScavenger set, using defaults
2023-05-05 09:12:16,028 [Listener at 127.0.0.1/33465] INFO  server.session (HouseKeeper.java:startScavenging(132)) - node0 Scavenging every 600000ms
2023-05-05 09:12:16,033 [Listener at 127.0.0.1/33465] INFO  handler.ContextHandler (ContextHandler.java:doStart(921)) - Started o.e.j.s.ServletContextHandler@49ea3924{logs,/logs,file:///home/runner/work/ozone/ozone/hadoop-ozone/integration-test/target/log,AVAILABLE}
2023-05-05 09:12:16,033 [Listener at 127.0.0.1/33465] INFO  handler.ContextHandler (ContextHandler.java:doStart(921)) - Started o.e.j.s.ServletContextHandler@10efc98a{static,/static,jar:file:/home/runner/.m2/repository/org/apache/ozone/hdds-container-service/1.4.0-SNAPSHOT/hdds-container-service-1.4.0-SNAPSHOT.jar!/webapps/static,AVAILABLE}
2023-05-05 09:12:16,177 [om1@group-C5BA1605619E-FollowerState] INFO  impl.FollowerState (FollowerState.java:run(143)) - om1@group-C5BA1605619E-FollowerState: change to CANDIDATE, lastRpcElapsedTime:1105633336ns, electionTimeout:1102ms
2023-05-05 09:12:16,177 [om1@group-C5BA1605619E-FollowerState] INFO  impl.RoleInfo (RoleInfo.java:shutdownFollowerState(110)) - om1: shutdown om1@group-C5BA1605619E-FollowerState
2023-05-05 09:12:16,177 [om1@group-C5BA1605619E-FollowerState] INFO  server.RaftServer$Division (RaftServerImpl.java:setRole(321)) - om1@group-C5BA1605619E: changes role from  FOLLOWER to CANDIDATE at term 0 for changeToCandidate
2023-05-05 09:12:16,177 [om1@group-C5BA1605619E-FollowerState] INFO  server.RaftServerConfigKeys (ConfUtils.java:logGet(46)) - raft.server.leaderelection.pre-vote = true (default)
2023-05-05 09:12:16,177 [om1@group-C5BA1605619E-FollowerState] INFO  impl.RoleInfo (RoleInfo.java:updateAndGet(139)) - om1: start om1@group-C5BA1605619E-LeaderElection19
2023-05-05 09:12:16,185 [om1@group-C5BA1605619E-LeaderElection19] INFO  impl.LeaderElection (LeaderElection.java:askForVotes(312)) - om1@group-C5BA1605619E-LeaderElection19 PRE_VOTE round 0: submit vote requests at term 0 for -1: peers:[om1|rpc:localhost:9872|priority:0|startupRole:FOLLOWER]|listeners:[], old=null
2023-05-05 09:12:16,185 [om1@group-C5BA1605619E-LeaderElection19] INFO  impl.LeaderElection (LeaderElection.java:askForVotes(314)) - om1@group-C5BA1605619E-LeaderElection19 PRE_VOTE round 0: result PASSED (term=0)
2023-05-05 09:12:16,187 [om1@group-C5BA1605619E-LeaderElection19] INFO  impl.LeaderElection (LeaderElection.java:askForVotes(312)) - om1@group-C5BA1605619E-LeaderElection19 ELECTION round 0: submit vote requests at term 1 for -1: peers:[om1|rpc:localhost:9872|priority:0|startupRole:FOLLOWER]|listeners:[], old=null
2023-05-05 09:12:16,187 [om1@group-C5BA1605619E-LeaderElection19] INFO  impl.LeaderElection (LeaderElection.java:askForVotes(314)) - om1@group-C5BA1605619E-LeaderElection19 ELECTION round 0: result PASSED (term=1)
2023-05-05 09:12:16,187 [om1@group-C5BA1605619E-LeaderElection19] INFO  impl.RoleInfo (RoleInfo.java:shutdownLeaderElection(130)) - om1: shutdown om1@group-C5BA1605619E-LeaderElection19
2023-05-05 09:12:16,187 [om1@group-C5BA1605619E-LeaderElection19] INFO  server.RaftServer$Division (RaftServerImpl.java:setRole(321)) - om1@group-C5BA1605619E: changes role from CANDIDATE to LEADER at term 1 for changeToLeader
2023-05-05 09:12:16,188 [om1@group-C5BA1605619E-LeaderElection19] INFO  server.RaftServer$Division (ServerState.java:setLeader(313)) - om1@group-C5BA1605619E: change Leader from null to om1 at term 1 for becomeLeader, leader elected after 2318ms
2023-05-05 09:12:16,189 [om1@group-C5BA1605619E-LeaderElection19] INFO  server.RaftServerConfigKeys (ConfUtils.java:logGet(46)) - raft.server.staging.catchup.gap = 1000 (default)
2023-05-05 09:12:16,189 [om1@group-C5BA1605619E-LeaderElection19] INFO  server.RaftServerConfigKeys (ConfUtils.java:logGet(46)) - raft.server.write.element-limit = 4096 (default)
2023-05-05 09:12:16,189 [om1@group-C5BA1605619E-LeaderElection19] INFO  server.RaftServerConfigKeys (ConfUtils.java:logGet(46)) - raft.server.write.byte-limit = 64MB (=67108864) (default)
2023-05-05 09:12:16,189 [om1@group-C5BA1605619E-LeaderElection19] INFO  server.RaftServerConfigKeys (ConfUtils.java:logGet(46)) - raft.server.watch.timeout = 10s (default)
2023-05-05 09:12:16,190 [om1@group-C5BA1605619E-LeaderElection19] INFO  server.RaftServerConfigKeys (ConfUtils.java:logGet(46)) - raft.server.watch.timeout.denomination = 1s (default)
2023-05-05 09:12:16,190 [om1@group-C5BA1605619E-LeaderElection19] INFO  server.RaftServerConfigKeys (ConfUtils.java:logGet(46)) - raft.server.watch.element-limit = 65536 (default)
2023-05-05 09:12:16,190 [om1@group-C5BA1605619E-LeaderElection19] INFO  server.RaftServerConfigKeys (ConfUtils.java:logGet(46)) - raft.server.write.element-limit = 4096 (default)
2023-05-05 09:12:16,190 [om1@group-C5BA1605619E-LeaderElection19] INFO  server.RaftServerConfigKeys (ConfUtils.java:logGet(46)) - raft.server.write.follower.gap.ratio.max = -1.0 (default)
2023-05-05 09:12:16,190 [om1@group-C5BA1605619E-LeaderElection19] INFO  impl.RoleInfo (RoleInfo.java:updateAndGet(139)) - om1: start om1@group-C5BA1605619E-LeaderStateImpl
2023-05-05 09:12:16,192 [om1@group-C5BA1605619E-LeaderElection19] INFO  segmented.SegmentedRaftLogWorker (SegmentedRaftLogWorker.java:startLogSegment(452)) - om1@group-C5BA1605619E-SegmentedRaftLogWorker: Starting segment from index:0
2023-05-05 09:12:16,208 [om1@group-C5BA1605619E-LeaderElection19] INFO  server.RaftServer$Division (ServerState.java:setRaftConf(430)) - om1@group-C5BA1605619E: set configuration 0: peers:[om1|rpc:localhost:9872|admin:|client:|dataStream:|priority:0|startupRole:FOLLOWER]|listeners:[], old=null
2023-05-05 09:12:16,209 [om1@group-C5BA1605619E-SegmentedRaftLogWorker] INFO  segmented.SegmentedRaftLogWorker (SegmentedRaftLogWorker.java:execute(656)) - om1@group-C5BA1605619E-SegmentedRaftLogWorker: created new log segment /home/runner/work/ozone/ozone/hadoop-ozone/integration-test/target/test-dir/MiniOzoneClusterImpl-da0de1e2-202c-4ae6-9300-2fe7d9a9c5f7/ozone-meta/ratis/bf265839-605b-3f16-9796-c5ba1605619e/current/log_inprogress_0
2023-05-05 09:12:16,215 [om1@group-C5BA1605619E-StateMachineUpdater] INFO  ratis.OzoneManagerStateMachine (OzoneManagerStateMachine.java:notifyConfigurationChanged(201)) - Received Configuration change notification from Ratis. New Peer list:
[id: "om1"
address: "localhost:9872"
startupRole: FOLLOWER
]
2023-05-05 09:12:16,257 [Listener at 127.0.0.1/33465] INFO  handler.ContextHandler (ContextHandler.java:doStart(921)) - Started o.e.j.w.WebAppContext@69f02035{hddsDatanode,/,file:///home/runner/work/ozone/ozone/hadoop-ozone/integration-test/target/test-dir/MiniOzoneClusterImpl-da0de1e2-202c-4ae6-9300-2fe7d9a9c5f7/datanode-1/meta/webserver/jetty-0_0_0_0-34839-hdds-container-service-1_4_0-SNAPSHOT_jar-_-any-1957905201394898647/webapp/,AVAILABLE}{jar:file:/home/runner/.m2/repository/org/apache/ozone/hdds-container-service/1.4.0-SNAPSHOT/hdds-container-service-1.4.0-SNAPSHOT.jar!/webapps/hddsDatanode}
2023-05-05 09:12:16,262 [Listener at 127.0.0.1/33465] INFO  server.AbstractConnector (AbstractConnector.java:doStart(333)) - Started ServerConnector@1de2bd3f{HTTP/1.1, (http/1.1)}{0.0.0.0:34839}
2023-05-05 09:12:16,262 [Listener at 127.0.0.1/33465] INFO  server.Server (Server.java:doStart(415)) - Started @127615ms
2023-05-05 09:12:16,262 [Listener at 127.0.0.1/33465] WARN  impl.MetricsSystemImpl (MetricsSystemImpl.java:register(279)) - Sink prometheus already exists!
2023-05-05 09:12:16,263 [Listener at 127.0.0.1/33465] INFO  http.BaseHttpServer (BaseHttpServer.java:updateConnectorAddress(344)) - HTTP server of hddsDatanode listening at http://0.0.0.0:34839
2023-05-05 09:12:16,263 [Listener at 127.0.0.1/33465] WARN  impl.MetricRegistriesImpl (MetricRegistriesImpl.java:addReporterRegistration(111)) - New reporters are added after registries were created. Some metrics will be missing from the reporter. Please add reporter before adding any new registry.
2023-05-05 09:12:16,263 [Listener at 127.0.0.1/33465] WARN  impl.MetricRegistriesImpl (MetricRegistriesImpl.java:addReporterRegistration(111)) - New reporters are added after registries were created. Some metrics will be missing from the reporter. Please add reporter before adding any new registry.
2023-05-05 09:12:16,263 [Listener at 127.0.0.1/33465] INFO  impl.MetricsSystemImpl (MetricsSystemImpl.java:init(158)) - HddsDatanode metrics system started (again)
2023-05-05 09:12:16,271 [Datanode State Machine Daemon Thread] INFO  statemachine.DatanodeStateMachine (DatanodeStateMachine.java:lambda$startDaemon$0(524)) - Ozone container server started.
2023-05-05 09:12:16,279 [org.apache.hadoop.util.JvmPauseMonitor$Monitor@64065625] INFO  util.JvmPauseMonitor (JvmPauseMonitor.java:run(188)) - Starting JVM pause monitor
2023-05-05 09:12:16,288 [Listener at 127.0.0.1/33465] INFO  ozone.HddsDatanodeService (HddsDatanodeService.java:start(252)) - HddsDatanodeService host:fv-az152-207.qln5d00okglujjccfnhxhxodph.cx.internal.cloudapp.net ip:10.1.0.42
2023-05-05 09:12:16,300 [Datanode State Machine Task Thread - 0] INFO  datanode.InitDatanodeState (InitDatanodeState.java:persistContainerDatanodeDetails(138)) - DatanodeDetails is persisted to /home/runner/work/ozone/ozone/hadoop-ozone/integration-test/target/test-dir/MiniOzoneClusterImpl-da0de1e2-202c-4ae6-9300-2fe7d9a9c5f7/datanode-1/meta/datanode.id
2023-05-05 09:12:16,318 [Listener at 127.0.0.1/33465] INFO  upgrade.AbstractLayoutVersionManager (AbstractLayoutVersionManager.java:init(83)) - Initializing Layout version manager with metadata layout = WEBUI_PORTS_IN_DATANODEDETAILS (version = 6), software layout = WEBUI_PORTS_IN_DATANODEDETAILS (version = 6)
2023-05-05 09:12:16,394 [Listener at 127.0.0.1/33465] INFO  reflections.Reflections (Reflections.java:scan(232)) - Reflections took 75 ms to scan 7 urls, producing 156 keys and 369 values 
2023-05-05 09:12:16,397 [Listener at 127.0.0.1/33465] INFO  statemachine.DatanodeStateMachine (DatanodeStateMachine.java:getEndPointTaskThreadPoolSize(267)) - Datanode State Machine Task Thread Pool size 2
2023-05-05 09:12:16,400 [Listener at 127.0.0.1/33465] INFO  volume.HddsVolume (HddsVolume.java:<init>(130)) - Creating HddsVolume: /home/runner/work/ozone/ozone/hadoop-ozone/integration-test/target/test-dir/MiniOzoneClusterImpl-da0de1e2-202c-4ae6-9300-2fe7d9a9c5f7/datanode-2/data-0/containers/hdds of storage type : DISK capacity : 9223372036854775807
2023-05-05 09:12:16,400 [Listener at 127.0.0.1/33465] INFO  volume.MutableVolumeSet (MutableVolumeSet.java:initializeVolumeSet(175)) - Added Volume : /home/runner/work/ozone/ozone/hadoop-ozone/integration-test/target/test-dir/MiniOzoneClusterImpl-da0de1e2-202c-4ae6-9300-2fe7d9a9c5f7/datanode-2/data-0/containers/hdds to VolumeSet
2023-05-05 09:12:16,401 [Listener at 127.0.0.1/33465] INFO  volume.ThrottledAsyncChecker (ThrottledAsyncChecker.java:schedule(141)) - Scheduling a check for /home/runner/work/ozone/ozone/hadoop-ozone/integration-test/target/test-dir/MiniOzoneClusterImpl-da0de1e2-202c-4ae6-9300-2fe7d9a9c5f7/datanode-2/data-0/containers/hdds
2023-05-05 09:12:16,404 [Listener at 127.0.0.1/33465] INFO  volume.StorageVolumeChecker (StorageVolumeChecker.java:checkAllVolumes(202)) - Scheduled health check for volume /home/runner/work/ozone/ozone/hadoop-ozone/integration-test/target/test-dir/MiniOzoneClusterImpl-da0de1e2-202c-4ae6-9300-2fe7d9a9c5f7/datanode-2/data-0/containers/hdds
2023-05-05 09:12:16,418 [Listener at 127.0.0.1/33465] INFO  volume.MutableVolumeSet (MutableVolumeSet.java:initializeVolumeSet(175)) - Added Volume : /home/runner/work/ozone/ozone/hadoop-ozone/integration-test/target/test-dir/MiniOzoneClusterImpl-da0de1e2-202c-4ae6-9300-2fe7d9a9c5f7/datanode-2/data/ratis to VolumeSet
2023-05-05 09:12:16,418 [Listener at 127.0.0.1/33465] INFO  volume.ThrottledAsyncChecker (ThrottledAsyncChecker.java:schedule(141)) - Scheduling a check for /home/runner/work/ozone/ozone/hadoop-ozone/integration-test/target/test-dir/MiniOzoneClusterImpl-da0de1e2-202c-4ae6-9300-2fe7d9a9c5f7/datanode-2/data/ratis
2023-05-05 09:12:16,418 [Listener at 127.0.0.1/33465] INFO  volume.StorageVolumeChecker (StorageVolumeChecker.java:checkAllVolumes(202)) - Scheduled health check for volume /home/runner/work/ozone/ozone/hadoop-ozone/integration-test/target/test-dir/MiniOzoneClusterImpl-da0de1e2-202c-4ae6-9300-2fe7d9a9c5f7/datanode-2/data/ratis
2023-05-05 09:12:16,436 [Thread-1487] INFO  ozoneimpl.ContainerReader (ContainerReader.java:readVolume(175)) - Finish verifying containers on volume /home/runner/work/ozone/ozone/hadoop-ozone/integration-test/target/test-dir/MiniOzoneClusterImpl-da0de1e2-202c-4ae6-9300-2fe7d9a9c5f7/datanode-2/data-0/containers/hdds
2023-05-05 09:12:16,436 [Listener at 127.0.0.1/33465] INFO  ozoneimpl.OzoneContainer (OzoneContainer.java:buildContainerSet(303)) - Build ContainerSet costs 0s
2023-05-05 09:12:16,447 [Listener at 127.0.0.1/33465] INFO  server.RaftServer (ConfUtils.java:logGet(46)) - raft.rpc.type = GRPC (default)
2023-05-05 09:12:16,447 [Listener at 127.0.0.1/33465] INFO  grpc.GrpcConfigKeys (ConfUtils.java:logFallback(53)) - raft.grpc.admin.host = null (fallback to raft.grpc.server.host)
2023-05-05 09:12:16,447 [Listener at 127.0.0.1/33465] INFO  grpc.GrpcConfigKeys (ConfUtils.java:logGet(46)) - raft.grpc.admin.port = 0 (custom)
2023-05-05 09:12:16,447 [Listener at 127.0.0.1/33465] INFO  grpc.GrpcConfigKeys (ConfUtils.java:logFallback(53)) - raft.grpc.client.host = null (fallback to raft.grpc.server.host)
2023-05-05 09:12:16,447 [Listener at 127.0.0.1/33465] INFO  grpc.GrpcConfigKeys (ConfUtils.java:logGet(46)) - raft.grpc.client.port = 0 (custom)
2023-05-05 09:12:16,448 [Listener at 127.0.0.1/33465] INFO  grpc.GrpcConfigKeys (ConfUtils.java:logGet(46)) - raft.grpc.server.host = null (default)
2023-05-05 09:12:16,448 [Listener at 127.0.0.1/33465] INFO  grpc.GrpcConfigKeys (ConfUtils.java:logGet(46)) - raft.grpc.server.port = 0 (default)
2023-05-05 09:12:16,448 [Listener at 127.0.0.1/33465] INFO  server.GrpcService (ConfUtils.java:logGet(46)) - raft.grpc.message.size.max = 32MB (=33554432) (custom)
2023-05-05 09:12:16,448 [Listener at 127.0.0.1/33465] INFO  server.RaftServerConfigKeys (ConfUtils.java:logGet(46)) - raft.server.log.appender.buffer.byte-limit = 33554432 (custom)
2023-05-05 09:12:16,448 [Listener at 127.0.0.1/33465] INFO  server.GrpcService (ConfUtils.java:logGet(46)) - raft.grpc.flow.control.window = 5MB (=5242880) (custom)
2023-05-05 09:12:16,448 [Listener at 127.0.0.1/33465] INFO  server.RaftServerConfigKeys (ConfUtils.java:logGet(46)) - raft.server.rpc.request.timeout = 60s (custom)
2023-05-05 09:12:16,448 [Listener at 127.0.0.1/33465] INFO  grpc.GrpcConfigKeys (ConfUtils.java:logGet(46)) - raft.grpc.server.heartbeat.channel = true (default)
2023-05-05 09:12:16,448 [Listener at 127.0.0.1/33465] INFO  grpc.GrpcConfigKeys (ConfUtils.java:logGet(46)) - raft.grpc.server.async.request.thread.pool.cached = true (default)
2023-05-05 09:12:16,448 [Listener at 127.0.0.1/33465] INFO  grpc.GrpcConfigKeys (ConfUtils.java:logGet(46)) - raft.grpc.server.async.request.thread.pool.size = 32 (default)
2023-05-05 09:12:16,450 [Listener at 127.0.0.1/33465] INFO  impl.DataStreamServerImpl (ConfUtils.java:logGet(46)) - raft.datastream.type = NETTY (custom)
2023-05-05 09:12:16,451 [Listener at 127.0.0.1/33465] INFO  server.RaftServerConfigKeys (ConfUtils.java:logGet(46)) - raft.server.data-stream.async.request.thread.pool.cached = false (default)
2023-05-05 09:12:16,451 [Listener at 127.0.0.1/33465] INFO  server.RaftServerConfigKeys (ConfUtils.java:logGet(46)) - raft.server.data-stream.async.request.thread.pool.size = 20 (custom)
2023-05-05 09:12:16,451 [Listener at 127.0.0.1/33465] INFO  server.RaftServerConfigKeys (ConfUtils.java:logGet(46)) - raft.server.data-stream.async.write.thread.pool.size = 16 (default)
2023-05-05 09:12:16,451 [Listener at 127.0.0.1/33465] INFO  server.RaftServerConfigKeys (ConfUtils.java:logGet(46)) - raft.server.data-stream.client.pool.size = 10 (default)
2023-05-05 09:12:16,451 [Listener at 127.0.0.1/33465] INFO  netty.NettyConfigKeys$DataStream (ConfUtils.java:logGet(46)) - raft.netty.dataStream.server.use-epoll = false (default)
2023-05-05 09:12:16,451 [Listener at 127.0.0.1/33465] INFO  netty.NettyConfigKeys$DataStream (ConfUtils.java:logGet(46)) - raft.netty.dataStream.server.boss-group.size = 0 (default)
2023-05-05 09:12:16,453 [Listener at 127.0.0.1/33465] INFO  netty.NettyConfigKeys$DataStream (ConfUtils.java:logGet(46)) - raft.netty.dataStream.server.worker-group.size = 0 (default)
2023-05-05 09:12:16,453 [Listener at 127.0.0.1/33465] INFO  netty.NettyConfigKeys$DataStream (ConfUtils.java:logGet(46)) - raft.netty.dataStream.server.tls.conf = null (default)
2023-05-05 09:12:16,453 [Listener at 127.0.0.1/33465] INFO  netty.NettyConfigKeys$DataStream (ConfUtils.java:logGet(46)) - raft.netty.dataStream.host = null (default)
2023-05-05 09:12:16,453 [Listener at 127.0.0.1/33465] INFO  netty.NettyConfigKeys$DataStream (ConfUtils.java:logGet(46)) - raft.netty.dataStream.port = 0 (default)
2023-05-05 09:12:16,454 [Listener at 127.0.0.1/33465] INFO  server.RaftServerConfigKeys (ConfUtils.java:logGet(46)) - raft.server.threadpool.proxy.cached = true (default)
2023-05-05 09:12:16,454 [Listener at 127.0.0.1/33465] INFO  server.RaftServerConfigKeys (ConfUtils.java:logGet(46)) - raft.server.threadpool.proxy.size = 0 (default)
2023-05-05 09:12:16,454 [Listener at 127.0.0.1/33465] INFO  server.RaftServerConfigKeys (ConfUtils.java:logGet(46)) - raft.server.rpc.slowness.timeout = 300s (custom)
2023-05-05 09:12:16,454 [Listener at 127.0.0.1/33465] INFO  server.RaftServerConfigKeys (ConfUtils.java:logGet(46)) - raft.server.leaderelection.leader.step-down.wait-time = 10s (default)
2023-05-05 09:12:16,455 [Listener at 127.0.0.1/33465] INFO  server.RaftServerConfigKeys (ConfUtils.java:logGet(46)) - raft.server.storage.dir = [/home/runner/work/ozone/ozone/hadoop-ozone/integration-test/target/test-dir/MiniOzoneClusterImpl-da0de1e2-202c-4ae6-9300-2fe7d9a9c5f7/datanode-2/data/ratis] (custom)
2023-05-05 09:12:16,459 [Listener at 127.0.0.1/33465] INFO  server.XceiverServerGrpc (XceiverServerGrpc.java:<init>(132)) - GrpcServer channel type EpollServerSocketChannel
2023-05-05 09:12:16,462 [Listener at 127.0.0.1/33465] INFO  replication.ReplicationSupervisor (ReplicationSupervisor.java:nodeStateUpdated(290)) - Node state updated to IN_SERVICE, scaling executor pool size to 10
2023-05-05 09:12:16,465 [5ca39de1-525d-4da6-b46f-4f3b09d3711c-NettyServerStreamRpc-bossGroup--thread1] INFO  logging.LoggingHandler (AbstractInternalLogger.java:log(148)) - [id: 0x42392533] REGISTERED
2023-05-05 09:12:16,465 [5ca39de1-525d-4da6-b46f-4f3b09d3711c-NettyServerStreamRpc-bossGroup--thread1] INFO  logging.LoggingHandler (AbstractInternalLogger.java:log(148)) - [id: 0x42392533] BIND: 0.0.0.0/0.0.0.0:0
2023-05-05 09:12:16,465 [5ca39de1-525d-4da6-b46f-4f3b09d3711c-NettyServerStreamRpc-bossGroup--thread1] INFO  logging.LoggingHandler (AbstractInternalLogger.java:log(148)) - [id: 0x42392533, L:/0:0:0:0:0:0:0:0:38643] ACTIVE
2023-05-05 09:12:16,466 [Listener at 127.0.0.1/33465] INFO  http.BaseHttpServer (BaseHttpServer.java:newHttpServer2BuilderForOzone(224)) - Starting Web-server for hddsDatanode at: http://0.0.0.0:0
2023-05-05 09:12:16,466 [Listener at 127.0.0.1/33465] INFO  http.BaseHttpServer (BaseHttpServer.java:<init>(111)) - Hadoop Security Enabled: false Ozone Security Enabled: false Ozone HTTP Security Enabled: false 
2023-05-05 09:12:16,468 [Listener at 127.0.0.1/33465] WARN  server.AuthenticationFilter (AuthenticationFilter.java:constructSecretProvider(240)) - Unable to initialize FileSignerSecretProvider, falling back to use random secrets. Reason: Could not read signature secret file: /home/runner/hadoop-http-auth-signature-secret
2023-05-05 09:12:16,469 [Listener at 127.0.0.1/33465] INFO  http.HttpRequestLog (HttpRequestLog.java:getRequestLog(86)) - Http request log for http.requests.hddsDatanode is not defined
2023-05-05 09:12:16,470 [Listener at 127.0.0.1/33465] INFO  http.HttpServer2 (HttpServer2.java:addGlobalFilter(1031)) - Added global filter 'safety' (class=org.apache.hadoop.hdds.server.http.HttpServer2$QuotingInputFilter)
2023-05-05 09:12:16,470 [Listener at 127.0.0.1/33465] INFO  http.HttpServer2 (HttpServer2.java:addFilter(1007)) - Added filter static_user_filter (class=org.apache.hadoop.http.lib.StaticUserWebFilter$StaticUserFilter) to context hddsDatanode
2023-05-05 09:12:16,471 [Listener at 127.0.0.1/33465] INFO  http.HttpServer2 (HttpServer2.java:addFilter(1015)) - Added filter static_user_filter (class=org.apache.hadoop.http.lib.StaticUserWebFilter$StaticUserFilter) to context static
2023-05-05 09:12:16,471 [Listener at 127.0.0.1/33465] INFO  http.HttpServer2 (HttpServer2.java:addFilter(1015)) - Added filter static_user_filter (class=org.apache.hadoop.http.lib.StaticUserWebFilter$StaticUserFilter) to context logs
2023-05-05 09:12:16,471 [Listener at 127.0.0.1/33465] INFO  http.BaseHttpServer (BaseHttpServer.java:<init>(190)) - HTTP server of hddsDatanode uses base directory /home/runner/work/ozone/ozone/hadoop-ozone/integration-test/target/test-dir/MiniOzoneClusterImpl-da0de1e2-202c-4ae6-9300-2fe7d9a9c5f7/datanode-2/meta/webserver
2023-05-05 09:12:16,471 [Listener at 127.0.0.1/33465] INFO  http.HttpServer2 (HttpServer2.java:bindListener(1250)) - Jetty bound to port 43127
2023-05-05 09:12:16,471 [Listener at 127.0.0.1/33465] INFO  server.Server (Server.java:doStart(375)) - jetty-9.4.51.v20230217; built: 2023-02-17T08:19:37.309Z; git: b45c405e4544384de066f814ed42ae3dceacdd49; jvm 1.8.0_362-b09
2023-05-05 09:12:16,475 [Listener at 127.0.0.1/33465] INFO  server.session (DefaultSessionIdManager.java:doStart(334)) - DefaultSessionIdManager workerName=node0
2023-05-05 09:12:16,475 [Listener at 127.0.0.1/33465] INFO  server.session (DefaultSessionIdManager.java:doStart(339)) - No SessionScavenger set, using defaults
2023-05-05 09:12:16,475 [Listener at 127.0.0.1/33465] INFO  server.session (HouseKeeper.java:startScavenging(132)) - node0 Scavenging every 600000ms
2023-05-05 09:12:16,476 [Listener at 127.0.0.1/33465] INFO  handler.ContextHandler (ContextHandler.java:doStart(921)) - Started o.e.j.s.ServletContextHandler@692511b{logs,/logs,file:///home/runner/work/ozone/ozone/hadoop-ozone/integration-test/target/log,AVAILABLE}
2023-05-05 09:12:16,477 [Listener at 127.0.0.1/33465] INFO  handler.ContextHandler (ContextHandler.java:doStart(921)) - Started o.e.j.s.ServletContextHandler@37d72107{static,/static,jar:file:/home/runner/.m2/repository/org/apache/ozone/hdds-container-service/1.4.0-SNAPSHOT/hdds-container-service-1.4.0-SNAPSHOT.jar!/webapps/static,AVAILABLE}
2023-05-05 09:12:16,681 [Listener at 127.0.0.1/33465] INFO  handler.ContextHandler (ContextHandler.java:doStart(921)) - Started o.e.j.w.WebAppContext@33970245{hddsDatanode,/,file:///home/runner/work/ozone/ozone/hadoop-ozone/integration-test/target/test-dir/MiniOzoneClusterImpl-da0de1e2-202c-4ae6-9300-2fe7d9a9c5f7/datanode-2/meta/webserver/jetty-0_0_0_0-43127-hdds-container-service-1_4_0-SNAPSHOT_jar-_-any-148857865754996589/webapp/,AVAILABLE}{jar:file:/home/runner/.m2/repository/org/apache/ozone/hdds-container-service/1.4.0-SNAPSHOT/hdds-container-service-1.4.0-SNAPSHOT.jar!/webapps/hddsDatanode}
2023-05-05 09:12:16,683 [Listener at 127.0.0.1/33465] INFO  server.AbstractConnector (AbstractConnector.java:doStart(333)) - Started ServerConnector@4e65068f{HTTP/1.1, (http/1.1)}{0.0.0.0:43127}
2023-05-05 09:12:16,683 [Listener at 127.0.0.1/33465] INFO  server.Server (Server.java:doStart(415)) - Started @128036ms
2023-05-05 09:12:16,683 [Listener at 127.0.0.1/33465] WARN  impl.MetricsSystemImpl (MetricsSystemImpl.java:register(279)) - Sink prometheus already exists!
2023-05-05 09:12:16,683 [Listener at 127.0.0.1/33465] INFO  http.BaseHttpServer (BaseHttpServer.java:updateConnectorAddress(344)) - HTTP server of hddsDatanode listening at http://0.0.0.0:43127
2023-05-05 09:12:16,685 [Listener at 127.0.0.1/33465] INFO  ozone.MiniOzoneClusterImpl (MiniOzoneClusterImpl.java:lambda$waitForClusterToBeReady$0(223)) - Waiting for nodes to be ready. Got 0 of 3 DN Heartbeats.
2023-05-05 09:12:16,685 [Listener at 127.0.0.1/33465] INFO  ozone.MiniOzoneClusterImpl (MiniOzoneClusterImpl.java:lambda$waitForClusterToBeReady$0(226)) - Waiting for cluster to exit safe mode
2023-05-05 09:12:16,685 [Listener at 127.0.0.1/33465] INFO  ozone.MiniOzoneClusterImpl (MiniOzoneClusterImpl.java:lambda$waitForClusterToBeReady$0(228)) - SCM became leader
2023-05-05 09:12:16,685 [Datanode State Machine Daemon Thread] INFO  statemachine.DatanodeStateMachine (DatanodeStateMachine.java:lambda$startDaemon$0(524)) - Ozone container server started.
2023-05-05 09:12:16,694 [org.apache.hadoop.util.JvmPauseMonitor$Monitor@4aa8cb5a] INFO  util.JvmPauseMonitor (JvmPauseMonitor.java:run(188)) - Starting JVM pause monitor
2023-05-05 09:12:16,703 [Datanode State Machine Task Thread - 0] INFO  datanode.InitDatanodeState (InitDatanodeState.java:persistContainerDatanodeDetails(138)) - DatanodeDetails is persisted to /home/runner/work/ozone/ozone/hadoop-ozone/integration-test/target/test-dir/MiniOzoneClusterImpl-da0de1e2-202c-4ae6-9300-2fe7d9a9c5f7/datanode-2/meta/datanode.id
2023-05-05 09:12:17,685 [Listener at 127.0.0.1/33465] INFO  ozone.MiniOzoneClusterImpl (MiniOzoneClusterImpl.java:lambda$waitForClusterToBeReady$0(223)) - Waiting for nodes to be ready. Got 0 of 3 DN Heartbeats.
2023-05-05 09:12:17,686 [Listener at 127.0.0.1/33465] INFO  ozone.MiniOzoneClusterImpl (MiniOzoneClusterImpl.java:lambda$waitForClusterToBeReady$0(226)) - Waiting for cluster to exit safe mode
2023-05-05 09:12:17,686 [Listener at 127.0.0.1/33465] INFO  ozone.MiniOzoneClusterImpl (MiniOzoneClusterImpl.java:lambda$waitForClusterToBeReady$0(228)) - SCM became leader
2023-05-05 09:12:17,876 [EndpointStateMachine task thread for /0.0.0.0:34253 - 0 ] INFO  utils.DatanodeStoreCache (DatanodeStoreCache.java:addDB(58)) - Added db /home/runner/work/ozone/ozone/hadoop-ozone/integration-test/target/test-dir/MiniOzoneClusterImpl-da0de1e2-202c-4ae6-9300-2fe7d9a9c5f7/datanode-0/data-0/containers/hdds/da0de1e2-202c-4ae6-9300-2fe7d9a9c5f7/DS-086a400f-f642-42d2-abf1-b4a614206785/container.db to cache
2023-05-05 09:12:17,876 [EndpointStateMachine task thread for /0.0.0.0:34253 - 0 ] INFO  volume.HddsVolume (HddsVolume.java:createDbStore(350)) - SchemaV3 db is created and loaded at /home/runner/work/ozone/ozone/hadoop-ozone/integration-test/target/test-dir/MiniOzoneClusterImpl-da0de1e2-202c-4ae6-9300-2fe7d9a9c5f7/datanode-0/data-0/containers/hdds/da0de1e2-202c-4ae6-9300-2fe7d9a9c5f7/DS-086a400f-f642-42d2-abf1-b4a614206785/container.db for volume DS-086a400f-f642-42d2-abf1-b4a614206785
2023-05-05 09:12:17,877 [EndpointStateMachine task thread for /0.0.0.0:34253 - 0 ] INFO  ozoneimpl.OzoneContainer (OzoneContainer.java:start(397)) - Attempting to start container services.
2023-05-05 09:12:17,878 [EndpointStateMachine task thread for /0.0.0.0:34253 - 0 ] INFO  ozoneimpl.OzoneContainer (OzoneContainer.java:startContainerScrub(314)) - Scheduled background container scanners and the on-demand container scanner have been disabled.
2023-05-05 09:12:17,881 [EndpointStateMachine task thread for /0.0.0.0:34253 - 0 ] INFO  replication.ReplicationServer (ReplicationServer.java:start(109)) - ReplicationServer is started using port 42917
2023-05-05 09:12:17,881 [EndpointStateMachine task thread for /0.0.0.0:34253 - 0 ] INFO  ratis.XceiverServerRatis (XceiverServerRatis.java:start(517)) - Starting XceiverServerRatis 6520bee8-8bdf-48f9-93d9-ec62562c6e83
2023-05-05 09:12:17,884 [EndpointStateMachine task thread for /0.0.0.0:34253 - 0 ] INFO  server.RaftServer (RaftServerProxy.java:startImpl(393)) - 6520bee8-8bdf-48f9-93d9-ec62562c6e83: start RPC server
2023-05-05 09:12:17,886 [EndpointStateMachine task thread for /0.0.0.0:34253 - 0 ] INFO  server.GrpcService (GrpcService.java:startImpl(262)) - 6520bee8-8bdf-48f9-93d9-ec62562c6e83: GrpcService started, listening on 40233
2023-05-05 09:12:17,886 [EndpointStateMachine task thread for /0.0.0.0:34253 - 0 ] INFO  ratis.XceiverServerRatis (XceiverServerRatis.java:getRealPort(543)) - XceiverServerRatis 6520bee8-8bdf-48f9-93d9-ec62562c6e83 is started using port 40233 for RATIS
2023-05-05 09:12:17,886 [JvmPauseMonitor13] INFO  util.JvmPauseMonitor (JvmPauseMonitor.java:run(105)) - JvmPauseMonitor-6520bee8-8bdf-48f9-93d9-ec62562c6e83: Started
2023-05-05 09:12:17,887 [EndpointStateMachine task thread for /0.0.0.0:34253 - 0 ] INFO  ratis.XceiverServerRatis (XceiverServerRatis.java:getRealPort(543)) - XceiverServerRatis 6520bee8-8bdf-48f9-93d9-ec62562c6e83 is started using port 40233 for RATIS_ADMIN
2023-05-05 09:12:17,892 [EndpointStateMachine task thread for /0.0.0.0:34253 - 0 ] INFO  ratis.XceiverServerRatis (XceiverServerRatis.java:getRealPort(543)) - XceiverServerRatis 6520bee8-8bdf-48f9-93d9-ec62562c6e83 is started using port 40233 for RATIS_SERVER
2023-05-05 09:12:17,893 [EndpointStateMachine task thread for /0.0.0.0:34253 - 0 ] INFO  ratis.XceiverServerRatis (XceiverServerRatis.java:getRealPort(543)) - XceiverServerRatis 6520bee8-8bdf-48f9-93d9-ec62562c6e83 is started using port 41833 for RATIS_DATASTREAM
2023-05-05 09:12:17,895 [EndpointStateMachine task thread for /0.0.0.0:34253 - 0 ] INFO  server.XceiverServerGrpc (XceiverServerGrpc.java:start(180)) - XceiverServerGrpc 6520bee8-8bdf-48f9-93d9-ec62562c6e83 is started using port 44097
2023-05-05 09:12:17,896 [BlockDeletingService#0] INFO  interfaces.ContainerDeletionChoosingPolicyTemplate (ContainerDeletionChoosingPolicyTemplate.java:chooseContainerForBlockDeletion(83)) - Chosen 0/5000 blocks from 0 candidate containers.
2023-05-05 09:12:18,319 [EndpointStateMachine task thread for /0.0.0.0:34253 - 0 ] INFO  utils.DatanodeStoreCache (DatanodeStoreCache.java:addDB(58)) - Added db /home/runner/work/ozone/ozone/hadoop-ozone/integration-test/target/test-dir/MiniOzoneClusterImpl-da0de1e2-202c-4ae6-9300-2fe7d9a9c5f7/datanode-1/data-0/containers/hdds/da0de1e2-202c-4ae6-9300-2fe7d9a9c5f7/DS-ecb2d0e2-b0fc-44e8-81ed-3ae2a70d214f/container.db to cache
2023-05-05 09:12:18,319 [EndpointStateMachine task thread for /0.0.0.0:34253 - 0 ] INFO  volume.HddsVolume (HddsVolume.java:createDbStore(350)) - SchemaV3 db is created and loaded at /home/runner/work/ozone/ozone/hadoop-ozone/integration-test/target/test-dir/MiniOzoneClusterImpl-da0de1e2-202c-4ae6-9300-2fe7d9a9c5f7/datanode-1/data-0/containers/hdds/da0de1e2-202c-4ae6-9300-2fe7d9a9c5f7/DS-ecb2d0e2-b0fc-44e8-81ed-3ae2a70d214f/container.db for volume DS-ecb2d0e2-b0fc-44e8-81ed-3ae2a70d214f
2023-05-05 09:12:18,319 [EndpointStateMachine task thread for /0.0.0.0:34253 - 0 ] INFO  ozoneimpl.OzoneContainer (OzoneContainer.java:start(397)) - Attempting to start container services.
2023-05-05 09:12:18,319 [EndpointStateMachine task thread for /0.0.0.0:34253 - 0 ] INFO  ozoneimpl.OzoneContainer (OzoneContainer.java:startContainerScrub(314)) - Scheduled background container scanners and the on-demand container scanner have been disabled.
2023-05-05 09:12:18,322 [EndpointStateMachine task thread for /0.0.0.0:34253 - 0 ] INFO  replication.ReplicationServer (ReplicationServer.java:start(109)) - ReplicationServer is started using port 33291
2023-05-05 09:12:18,322 [EndpointStateMachine task thread for /0.0.0.0:34253 - 0 ] INFO  ratis.XceiverServerRatis (XceiverServerRatis.java:start(517)) - Starting XceiverServerRatis ee38f84b-8433-476e-8c71-34949542cd2b
2023-05-05 09:12:18,323 [EndpointStateMachine task thread for /0.0.0.0:34253 - 0 ] INFO  server.RaftServer (RaftServerProxy.java:startImpl(393)) - ee38f84b-8433-476e-8c71-34949542cd2b: start RPC server
2023-05-05 09:12:18,325 [EndpointStateMachine task thread for /0.0.0.0:34253 - 0 ] INFO  server.GrpcService (GrpcService.java:startImpl(262)) - ee38f84b-8433-476e-8c71-34949542cd2b: GrpcService started, listening on 33633
2023-05-05 09:12:18,327 [EndpointStateMachine task thread for /0.0.0.0:34253 - 0 ] INFO  ratis.XceiverServerRatis (XceiverServerRatis.java:getRealPort(543)) - XceiverServerRatis ee38f84b-8433-476e-8c71-34949542cd2b is started using port 33633 for RATIS
2023-05-05 09:12:18,327 [JvmPauseMonitor14] INFO  util.JvmPauseMonitor (JvmPauseMonitor.java:run(105)) - JvmPauseMonitor-ee38f84b-8433-476e-8c71-34949542cd2b: Started
2023-05-05 09:12:18,327 [EndpointStateMachine task thread for /0.0.0.0:34253 - 0 ] INFO  ratis.XceiverServerRatis (XceiverServerRatis.java:getRealPort(543)) - XceiverServerRatis ee38f84b-8433-476e-8c71-34949542cd2b is started using port 33633 for RATIS_ADMIN
2023-05-05 09:12:18,332 [EndpointStateMachine task thread for /0.0.0.0:34253 - 0 ] INFO  ratis.XceiverServerRatis (XceiverServerRatis.java:getRealPort(543)) - XceiverServerRatis ee38f84b-8433-476e-8c71-34949542cd2b is started using port 33633 for RATIS_SERVER
2023-05-05 09:12:18,332 [EndpointStateMachine task thread for /0.0.0.0:34253 - 0 ] INFO  ratis.XceiverServerRatis (XceiverServerRatis.java:getRealPort(543)) - XceiverServerRatis ee38f84b-8433-476e-8c71-34949542cd2b is started using port 39375 for RATIS_DATASTREAM
2023-05-05 09:12:18,344 [EndpointStateMachine task thread for /0.0.0.0:34253 - 0 ] INFO  server.XceiverServerGrpc (XceiverServerGrpc.java:start(180)) - XceiverServerGrpc ee38f84b-8433-476e-8c71-34949542cd2b is started using port 44489
2023-05-05 09:12:18,345 [BlockDeletingService#0] INFO  interfaces.ContainerDeletionChoosingPolicyTemplate (ContainerDeletionChoosingPolicyTemplate.java:chooseContainerForBlockDeletion(83)) - Chosen 0/5000 blocks from 0 candidate containers.
2023-05-05 09:12:18,686 [Listener at 127.0.0.1/33465] INFO  ozone.MiniOzoneClusterImpl (MiniOzoneClusterImpl.java:lambda$waitForClusterToBeReady$0(223)) - Waiting for nodes to be ready. Got 0 of 3 DN Heartbeats.
2023-05-05 09:12:18,686 [Listener at 127.0.0.1/33465] INFO  ozone.MiniOzoneClusterImpl (MiniOzoneClusterImpl.java:lambda$waitForClusterToBeReady$0(226)) - Waiting for cluster to exit safe mode
2023-05-05 09:12:18,686 [Listener at 127.0.0.1/33465] INFO  ozone.MiniOzoneClusterImpl (MiniOzoneClusterImpl.java:lambda$waitForClusterToBeReady$0(228)) - SCM became leader
2023-05-05 09:12:18,734 [EndpointStateMachine task thread for /0.0.0.0:34253 - 0 ] INFO  utils.DatanodeStoreCache (DatanodeStoreCache.java:addDB(58)) - Added db /home/runner/work/ozone/ozone/hadoop-ozone/integration-test/target/test-dir/MiniOzoneClusterImpl-da0de1e2-202c-4ae6-9300-2fe7d9a9c5f7/datanode-2/data-0/containers/hdds/da0de1e2-202c-4ae6-9300-2fe7d9a9c5f7/DS-313afc53-94c2-4d19-a48e-62274ab1993c/container.db to cache
2023-05-05 09:12:18,734 [EndpointStateMachine task thread for /0.0.0.0:34253 - 0 ] INFO  volume.HddsVolume (HddsVolume.java:createDbStore(350)) - SchemaV3 db is created and loaded at /home/runner/work/ozone/ozone/hadoop-ozone/integration-test/target/test-dir/MiniOzoneClusterImpl-da0de1e2-202c-4ae6-9300-2fe7d9a9c5f7/datanode-2/data-0/containers/hdds/da0de1e2-202c-4ae6-9300-2fe7d9a9c5f7/DS-313afc53-94c2-4d19-a48e-62274ab1993c/container.db for volume DS-313afc53-94c2-4d19-a48e-62274ab1993c
2023-05-05 09:12:18,735 [EndpointStateMachine task thread for /0.0.0.0:34253 - 0 ] INFO  ozoneimpl.OzoneContainer (OzoneContainer.java:start(397)) - Attempting to start container services.
2023-05-05 09:12:18,735 [EndpointStateMachine task thread for /0.0.0.0:34253 - 0 ] INFO  ozoneimpl.OzoneContainer (OzoneContainer.java:startContainerScrub(314)) - Scheduled background container scanners and the on-demand container scanner have been disabled.
2023-05-05 09:12:18,738 [EndpointStateMachine task thread for /0.0.0.0:34253 - 0 ] INFO  replication.ReplicationServer (ReplicationServer.java:start(109)) - ReplicationServer is started using port 43431
2023-05-05 09:12:18,738 [EndpointStateMachine task thread for /0.0.0.0:34253 - 0 ] INFO  ratis.XceiverServerRatis (XceiverServerRatis.java:start(517)) - Starting XceiverServerRatis 5ca39de1-525d-4da6-b46f-4f3b09d3711c
2023-05-05 09:12:18,745 [EndpointStateMachine task thread for /0.0.0.0:34253 - 0 ] INFO  server.RaftServer (RaftServerProxy.java:startImpl(393)) - 5ca39de1-525d-4da6-b46f-4f3b09d3711c: start RPC server
2023-05-05 09:12:18,754 [EndpointStateMachine task thread for /0.0.0.0:34253 - 0 ] INFO  server.GrpcService (GrpcService.java:startImpl(262)) - 5ca39de1-525d-4da6-b46f-4f3b09d3711c: GrpcService started, listening on 35995
2023-05-05 09:12:18,754 [EndpointStateMachine task thread for /0.0.0.0:34253 - 0 ] INFO  ratis.XceiverServerRatis (XceiverServerRatis.java:getRealPort(543)) - XceiverServerRatis 5ca39de1-525d-4da6-b46f-4f3b09d3711c is started using port 35995 for RATIS
2023-05-05 09:12:18,754 [EndpointStateMachine task thread for /0.0.0.0:34253 - 0 ] INFO  ratis.XceiverServerRatis (XceiverServerRatis.java:getRealPort(543)) - XceiverServerRatis 5ca39de1-525d-4da6-b46f-4f3b09d3711c is started using port 35995 for RATIS_ADMIN
2023-05-05 09:12:18,754 [EndpointStateMachine task thread for /0.0.0.0:34253 - 0 ] INFO  ratis.XceiverServerRatis (XceiverServerRatis.java:getRealPort(543)) - XceiverServerRatis 5ca39de1-525d-4da6-b46f-4f3b09d3711c is started using port 35995 for RATIS_SERVER
2023-05-05 09:12:18,754 [EndpointStateMachine task thread for /0.0.0.0:34253 - 0 ] INFO  ratis.XceiverServerRatis (XceiverServerRatis.java:getRealPort(543)) - XceiverServerRatis 5ca39de1-525d-4da6-b46f-4f3b09d3711c is started using port 38643 for RATIS_DATASTREAM
2023-05-05 09:12:18,755 [JvmPauseMonitor15] INFO  util.JvmPauseMonitor (JvmPauseMonitor.java:run(105)) - JvmPauseMonitor-5ca39de1-525d-4da6-b46f-4f3b09d3711c: Started
2023-05-05 09:12:18,759 [EndpointStateMachine task thread for /0.0.0.0:34253 - 0 ] INFO  server.XceiverServerGrpc (XceiverServerGrpc.java:start(180)) - XceiverServerGrpc 5ca39de1-525d-4da6-b46f-4f3b09d3711c is started using port 36141
2023-05-05 09:12:18,760 [BlockDeletingService#0] INFO  interfaces.ContainerDeletionChoosingPolicyTemplate (ContainerDeletionChoosingPolicyTemplate.java:chooseContainerForBlockDeletion(83)) - Chosen 0/5000 blocks from 0 candidate containers.
2023-05-05 09:12:19,686 [Listener at 127.0.0.1/33465] INFO  ozone.MiniOzoneClusterImpl (MiniOzoneClusterImpl.java:lambda$waitForClusterToBeReady$0(223)) - Waiting for nodes to be ready. Got 0 of 3 DN Heartbeats.
2023-05-05 09:12:19,687 [Listener at 127.0.0.1/33465] INFO  ozone.MiniOzoneClusterImpl (MiniOzoneClusterImpl.java:lambda$waitForClusterToBeReady$0(226)) - Waiting for cluster to exit safe mode
2023-05-05 09:12:19,687 [Listener at 127.0.0.1/33465] INFO  ozone.MiniOzoneClusterImpl (MiniOzoneClusterImpl.java:lambda$waitForClusterToBeReady$0(228)) - SCM became leader
2023-05-05 09:12:19,834 [IPC Server handler 18 on default port 34253] INFO  net.NetworkTopologyImpl (NetworkTopologyImpl.java:add(112)) - Added a new node: /default-rack/6520bee8-8bdf-48f9-93d9-ec62562c6e83
2023-05-05 09:12:19,834 [IPC Server handler 18 on default port 34253] INFO  node.SCMNodeManager (SCMNodeManager.java:register(407)) - Registered Data node : 6520bee8-8bdf-48f9-93d9-ec62562c6e83{ip: 10.1.0.42, host: fv-az152-207.qln5d00okglujjccfnhxhxodph.cx.internal.cloudapp.net, ports: [HTTP=45811, REPLICATION=42917, RATIS=40233, RATIS_ADMIN=40233, RATIS_SERVER=40233, RATIS_DATASTREAM=41833, STANDALONE=44097], networkLocation: /default-rack, certSerialId: null, persistedOpState: null, persistedOpStateExpiryEpochSec: 0}
2023-05-05 09:12:19,842 [EventQueue-NodeRegistrationContainerReportForDataNodeSafeModeRule] INFO  safemode.SCMSafeModeManager (DataNodeSafeModeRule.java:process(71)) - SCM in safe mode. 1 DataNodes registered, 3 required.
2023-05-05 09:12:19,843 [EventQueue-NodeRegistrationContainerReportForContainerSafeModeRule] INFO  safemode.SCMSafeModeManager (SCMSafeModeManager.java:validateSafeModeExitRules(200)) - ContainerSafeModeRule rule is successfully validated
2023-05-05 09:12:19,844 [EventQueue-PipelineReportForOneReplicaPipelineSafeModeRule] INFO  safemode.SCMSafeModeManager (SCMSafeModeManager.java:validateSafeModeExitRules(200)) - AtleastOneDatanodeReportedRule rule is successfully validated
2023-05-05 09:12:19,847 [EventQueue-NewNodeForNewNodeHandler] INFO  pipeline.BackgroundPipelineCreator (BackgroundPipelineCreator.java:notifyEventTriggered(276)) - trigger a one-shot run on RatisPipelineUtilsThread.
2023-05-05 09:12:19,848 [RatisPipelineUtilsThread - 0] INFO  pipeline.RatisPipelineProvider (RatisPipelineProvider.java:lambda$create$0(206)) - Sending CreatePipelineCommand for pipeline:PipelineID=3367e7d3-0d4d-4207-b439-a96105fc7dd3 to datanode:6520bee8-8bdf-48f9-93d9-ec62562c6e83
2023-05-05 09:12:19,849 [RatisPipelineUtilsThread - 0] INFO  pipeline.PipelineStateManagerImpl (PipelineStateManagerImpl.java:addPipeline(103)) - Created pipeline Pipeline[ Id: 3367e7d3-0d4d-4207-b439-a96105fc7dd3, Nodes: 6520bee8-8bdf-48f9-93d9-ec62562c6e83(fv-az152-207.qln5d00okglujjccfnhxhxodph.cx.internal.cloudapp.net/10.1.0.42), ReplicationConfig: RATIS/ONE, State:ALLOCATED, leaderId:, CreationTimestamp2023-05-05T09:12:19.848Z[Etc/UTC]].
2023-05-05 09:12:20,280 [IPC Server handler 17 on default port 34253] INFO  net.NetworkTopologyImpl (NetworkTopologyImpl.java:add(112)) - Added a new node: /default-rack/ee38f84b-8433-476e-8c71-34949542cd2b
2023-05-05 09:12:20,280 [IPC Server handler 17 on default port 34253] INFO  node.SCMNodeManager (SCMNodeManager.java:register(407)) - Registered Data node : ee38f84b-8433-476e-8c71-34949542cd2b{ip: 10.1.0.42, host: fv-az152-207.qln5d00okglujjccfnhxhxodph.cx.internal.cloudapp.net, ports: [HTTP=34839, REPLICATION=33291, RATIS=33633, RATIS_ADMIN=33633, RATIS_SERVER=33633, RATIS_DATASTREAM=39375, STANDALONE=44489], networkLocation: /default-rack, certSerialId: null, persistedOpState: null, persistedOpStateExpiryEpochSec: 0}
2023-05-05 09:12:20,282 [EventQueue-NewNodeForNewNodeHandler] INFO  pipeline.BackgroundPipelineCreator (BackgroundPipelineCreator.java:notifyEventTriggered(276)) - trigger a one-shot run on RatisPipelineUtilsThread.
2023-05-05 09:12:20,282 [EventQueue-NodeRegistrationContainerReportForDataNodeSafeModeRule] INFO  safemode.SCMSafeModeManager (DataNodeSafeModeRule.java:process(71)) - SCM in safe mode. 2 DataNodes registered, 3 required.
2023-05-05 09:12:20,287 [RatisPipelineUtilsThread - 0] INFO  pipeline.RatisPipelineProvider (RatisPipelineProvider.java:lambda$create$0(206)) - Sending CreatePipelineCommand for pipeline:PipelineID=0085d319-24d9-4a87-8152-05e55721e5fe to datanode:ee38f84b-8433-476e-8c71-34949542cd2b
2023-05-05 09:12:20,288 [RatisPipelineUtilsThread - 0] INFO  pipeline.PipelineStateManagerImpl (PipelineStateManagerImpl.java:addPipeline(103)) - Created pipeline Pipeline[ Id: 0085d319-24d9-4a87-8152-05e55721e5fe, Nodes: ee38f84b-8433-476e-8c71-34949542cd2b(fv-az152-207.qln5d00okglujjccfnhxhxodph.cx.internal.cloudapp.net/10.1.0.42), ReplicationConfig: RATIS/ONE, State:ALLOCATED, leaderId:, CreationTimestamp2023-05-05T09:12:20.287Z[Etc/UTC]].
2023-05-05 09:12:20,687 [Listener at 127.0.0.1/33465] INFO  ozone.MiniOzoneClusterImpl (MiniOzoneClusterImpl.java:lambda$waitForClusterToBeReady$0(223)) - Waiting for nodes to be ready. Got 2 of 3 DN Heartbeats.
2023-05-05 09:12:20,687 [Listener at 127.0.0.1/33465] INFO  ozone.MiniOzoneClusterImpl (MiniOzoneClusterImpl.java:lambda$waitForClusterToBeReady$0(226)) - Waiting for cluster to exit safe mode
2023-05-05 09:12:20,687 [Listener at 127.0.0.1/33465] INFO  ozone.MiniOzoneClusterImpl (MiniOzoneClusterImpl.java:lambda$waitForClusterToBeReady$0(228)) - SCM became leader
2023-05-05 09:12:20,695 [IPC Server handler 19 on default port 34253] INFO  net.NetworkTopologyImpl (NetworkTopologyImpl.java:add(112)) - Added a new node: /default-rack/5ca39de1-525d-4da6-b46f-4f3b09d3711c
2023-05-05 09:12:20,695 [IPC Server handler 19 on default port 34253] INFO  node.SCMNodeManager (SCMNodeManager.java:register(407)) - Registered Data node : 5ca39de1-525d-4da6-b46f-4f3b09d3711c{ip: 10.1.0.42, host: fv-az152-207.qln5d00okglujjccfnhxhxodph.cx.internal.cloudapp.net, ports: [HTTP=43127, REPLICATION=43431, RATIS=35995, RATIS_ADMIN=35995, RATIS_SERVER=35995, RATIS_DATASTREAM=38643, STANDALONE=36141], networkLocation: /default-rack, certSerialId: null, persistedOpState: null, persistedOpStateExpiryEpochSec: 0}
2023-05-05 09:12:20,696 [EventQueue-NewNodeForNewNodeHandler] INFO  pipeline.BackgroundPipelineCreator (BackgroundPipelineCreator.java:notifyEventTriggered(276)) - trigger a one-shot run on RatisPipelineUtilsThread.
2023-05-05 09:12:20,696 [EventQueue-NodeRegistrationContainerReportForDataNodeSafeModeRule] INFO  safemode.SCMSafeModeManager (DataNodeSafeModeRule.java:process(71)) - SCM in safe mode. 3 DataNodes registered, 3 required.
2023-05-05 09:12:20,696 [EventQueue-NodeRegistrationContainerReportForDataNodeSafeModeRule] INFO  safemode.SCMSafeModeManager (SCMSafeModeManager.java:validateSafeModeExitRules(200)) - DataNodeSafeModeRule rule is successfully validated
2023-05-05 09:12:20,696 [EventQueue-NodeRegistrationContainerReportForDataNodeSafeModeRule] INFO  safemode.SCMSafeModeManager (SCMSafeModeManager.java:completePreCheck(229)) - All SCM safe mode pre check rules have passed
2023-05-05 09:12:20,696 [EventQueue-NodeRegistrationContainerReportForDataNodeSafeModeRule] INFO  ha.SCMContext (SCMContext.java:updateSafeModeStatus(228)) - Update SafeModeStatus from SafeModeStatus{safeModeStatus=true, preCheckPassed=false} to SafeModeStatus{safeModeStatus=true, preCheckPassed=true}.
2023-05-05 09:12:20,696 [EventQueue-NodeRegistrationContainerReportForDataNodeSafeModeRule] INFO  pipeline.BackgroundPipelineCreator (BackgroundPipelineCreator.java:notifyEventTriggered(276)) - trigger a one-shot run on RatisPipelineUtilsThread.
2023-05-05 09:12:20,696 [RatisPipelineUtilsThread - 0] INFO  pipeline.RatisPipelineProvider (RatisPipelineProvider.java:lambda$create$0(206)) - Sending CreatePipelineCommand for pipeline:PipelineID=79861fcd-7e94-47f1-9a81-89aed4cb039f to datanode:5ca39de1-525d-4da6-b46f-4f3b09d3711c
2023-05-05 09:12:20,697 [RatisPipelineUtilsThread - 0] INFO  pipeline.PipelineStateManagerImpl (PipelineStateManagerImpl.java:addPipeline(103)) - Created pipeline Pipeline[ Id: 79861fcd-7e94-47f1-9a81-89aed4cb039f, Nodes: 5ca39de1-525d-4da6-b46f-4f3b09d3711c(fv-az152-207.qln5d00okglujjccfnhxhxodph.cx.internal.cloudapp.net/10.1.0.42), ReplicationConfig: RATIS/ONE, State:ALLOCATED, leaderId:, CreationTimestamp2023-05-05T09:12:20.696Z[Etc/UTC]].
2023-05-05 09:12:20,698 [RatisPipelineUtilsThread - 0] INFO  pipeline.RatisPipelineProvider (RatisPipelineProvider.java:lambda$create$0(206)) - Sending CreatePipelineCommand for pipeline:PipelineID=6994c7d0-c0fa-4509-b024-4c3c251172cf to datanode:ee38f84b-8433-476e-8c71-34949542cd2b
2023-05-05 09:12:20,698 [RatisPipelineUtilsThread - 0] INFO  pipeline.RatisPipelineProvider (RatisPipelineProvider.java:lambda$create$0(206)) - Sending CreatePipelineCommand for pipeline:PipelineID=6994c7d0-c0fa-4509-b024-4c3c251172cf to datanode:5ca39de1-525d-4da6-b46f-4f3b09d3711c
2023-05-05 09:12:20,698 [RatisPipelineUtilsThread - 0] INFO  pipeline.RatisPipelineProvider (RatisPipelineProvider.java:lambda$create$0(206)) - Sending CreatePipelineCommand for pipeline:PipelineID=6994c7d0-c0fa-4509-b024-4c3c251172cf to datanode:6520bee8-8bdf-48f9-93d9-ec62562c6e83
2023-05-05 09:12:20,699 [RatisPipelineUtilsThread - 0] INFO  pipeline.PipelineStateManagerImpl (PipelineStateManagerImpl.java:addPipeline(103)) - Created pipeline Pipeline[ Id: 6994c7d0-c0fa-4509-b024-4c3c251172cf, Nodes: ee38f84b-8433-476e-8c71-34949542cd2b(fv-az152-207.qln5d00okglujjccfnhxhxodph.cx.internal.cloudapp.net/10.1.0.42)5ca39de1-525d-4da6-b46f-4f3b09d3711c(fv-az152-207.qln5d00okglujjccfnhxhxodph.cx.internal.cloudapp.net/10.1.0.42)6520bee8-8bdf-48f9-93d9-ec62562c6e83(fv-az152-207.qln5d00okglujjccfnhxhxodph.cx.internal.cloudapp.net/10.1.0.42), ReplicationConfig: RATIS/THREE, State:ALLOCATED, leaderId:, CreationTimestamp2023-05-05T09:12:20.698Z[Etc/UTC]].
2023-05-05 09:12:20,700 [RatisPipelineUtilsThread - 0] INFO  pipeline.RatisPipelineProvider (RatisPipelineProvider.java:lambda$create$0(206)) - Sending CreatePipelineCommand for pipeline:PipelineID=36af11ff-bacc-4460-99d7-d11728a34643 to datanode:6520bee8-8bdf-48f9-93d9-ec62562c6e83
2023-05-05 09:12:20,702 [RatisPipelineUtilsThread - 0] INFO  pipeline.RatisPipelineProvider (RatisPipelineProvider.java:lambda$create$0(206)) - Sending CreatePipelineCommand for pipeline:PipelineID=36af11ff-bacc-4460-99d7-d11728a34643 to datanode:5ca39de1-525d-4da6-b46f-4f3b09d3711c
2023-05-05 09:12:20,702 [RatisPipelineUtilsThread - 0] INFO  pipeline.RatisPipelineProvider (RatisPipelineProvider.java:lambda$create$0(206)) - Sending CreatePipelineCommand for pipeline:PipelineID=36af11ff-bacc-4460-99d7-d11728a34643 to datanode:ee38f84b-8433-476e-8c71-34949542cd2b
2023-05-05 09:12:20,703 [RatisPipelineUtilsThread - 0] INFO  pipeline.PipelineStateManagerImpl (PipelineStateManagerImpl.java:addPipeline(103)) - Created pipeline Pipeline[ Id: 36af11ff-bacc-4460-99d7-d11728a34643, Nodes: 6520bee8-8bdf-48f9-93d9-ec62562c6e83(fv-az152-207.qln5d00okglujjccfnhxhxodph.cx.internal.cloudapp.net/10.1.0.42)5ca39de1-525d-4da6-b46f-4f3b09d3711c(fv-az152-207.qln5d00okglujjccfnhxhxodph.cx.internal.cloudapp.net/10.1.0.42)ee38f84b-8433-476e-8c71-34949542cd2b(fv-az152-207.qln5d00okglujjccfnhxhxodph.cx.internal.cloudapp.net/10.1.0.42), ReplicationConfig: RATIS/THREE, State:ALLOCATED, leaderId:, CreationTimestamp2023-05-05T09:12:20.700Z[Etc/UTC]].
2023-05-05 09:12:20,703 [RatisPipelineUtilsThread - 0] INFO  pipeline.PipelineManagerImpl (PipelineManagerImpl.java:recordMetricsForPipeline(826)) - Pipeline: PipelineID=36af11ff-bacc-4460-99d7-d11728a34643 contains same datanodes as previous pipelines: PipelineID=6994c7d0-c0fa-4509-b024-4c3c251172cf nodeIds: 6520bee8-8bdf-48f9-93d9-ec62562c6e83, 5ca39de1-525d-4da6-b46f-4f3b09d3711c, ee38f84b-8433-476e-8c71-34949542cd2b
2023-05-05 09:12:20,704 [RatisPipelineUtilsThread - 0] WARN  pipeline.PipelinePlacementPolicy (PipelinePlacementPolicy.java:filterViableNodes(160)) - Pipeline creation failed due to no sufficient healthy datanodes. Required 3. Found 0. Excluded 3.
2023-05-05 09:12:21,687 [Listener at 127.0.0.1/33465] INFO  ozone.MiniOzoneClusterImpl (MiniOzoneClusterImpl.java:lambda$waitForClusterToBeReady$0(223)) - Nodes are ready. Got 3 of 3 DN Heartbeats.
2023-05-05 09:12:21,688 [Listener at 127.0.0.1/33465] INFO  ozone.MiniOzoneClusterImpl (MiniOzoneClusterImpl.java:lambda$waitForClusterToBeReady$0(226)) - Waiting for cluster to exit safe mode
2023-05-05 09:12:21,688 [Listener at 127.0.0.1/33465] INFO  ozone.MiniOzoneClusterImpl (MiniOzoneClusterImpl.java:lambda$waitForClusterToBeReady$0(228)) - SCM became leader
2023-05-05 09:12:22,688 [Listener at 127.0.0.1/33465] INFO  ozone.MiniOzoneClusterImpl (MiniOzoneClusterImpl.java:lambda$waitForClusterToBeReady$0(223)) - Nodes are ready. Got 3 of 3 DN Heartbeats.
2023-05-05 09:12:22,688 [Listener at 127.0.0.1/33465] INFO  ozone.MiniOzoneClusterImpl (MiniOzoneClusterImpl.java:lambda$waitForClusterToBeReady$0(226)) - Waiting for cluster to exit safe mode
2023-05-05 09:12:22,688 [Listener at 127.0.0.1/33465] INFO  ozone.MiniOzoneClusterImpl (MiniOzoneClusterImpl.java:lambda$waitForClusterToBeReady$0(228)) - SCM became leader
2023-05-05 09:12:22,833 [Command processor thread] INFO  server.RaftServer (RaftServerProxy.java:addNew(96)) - 6520bee8-8bdf-48f9-93d9-ec62562c6e83: addNew group-A96105FC7DD3:[6520bee8-8bdf-48f9-93d9-ec62562c6e83|rpc:10.1.0.42:40233|dataStream:10.1.0.42:41833|priority:1|startupRole:FOLLOWER] returns group-A96105FC7DD3:java.util.concurrent.CompletableFuture@380fcf33[Not completed]
2023-05-05 09:12:22,837 [pool-630-thread-1] INFO  server.RaftServer$Division (RaftServerImpl.java:<init>(195)) - 6520bee8-8bdf-48f9-93d9-ec62562c6e83: new RaftServerImpl for group-A96105FC7DD3:[6520bee8-8bdf-48f9-93d9-ec62562c6e83|rpc:10.1.0.42:40233|dataStream:10.1.0.42:41833|priority:1|startupRole:FOLLOWER] with ContainerStateMachine:uninitialized
2023-05-05 09:12:22,837 [pool-630-thread-1] INFO  server.RaftServerConfigKeys (ConfUtils.java:logGet(46)) - raft.server.rpc.timeout.min = 5s (custom)
2023-05-05 09:12:22,837 [pool-630-thread-1] INFO  server.RaftServerConfigKeys (ConfUtils.java:logGet(46)) - raft.server.rpc.timeout.max = 5200ms (custom)
2023-05-05 09:12:22,837 [pool-630-thread-1] INFO  server.RaftServerConfigKeys (ConfUtils.java:logGet(46)) - raft.server.rpc.sleep.time = 25ms (default)
2023-05-05 09:12:22,838 [pool-630-thread-1] INFO  server.RaftServerConfigKeys (ConfUtils.java:logGet(46)) - raft.server.rpc.slowness.timeout = 300s (custom)
2023-05-05 09:12:22,838 [pool-630-thread-1] INFO  server.RaftServerConfigKeys (ConfUtils.java:logGet(46)) - raft.server.leaderelection.leader.step-down.wait-time = 10s (default)
2023-05-05 09:12:22,838 [pool-630-thread-1] INFO  server.RaftServerConfigKeys (ConfUtils.java:logGet(46)) - raft.server.sleep.deviation.threshold = 300ms (default)
2023-05-05 09:12:22,839 [pool-630-thread-1] INFO  server.RaftServer$Division (ServerState.java:<init>(118)) - 6520bee8-8bdf-48f9-93d9-ec62562c6e83@group-A96105FC7DD3: ConfigurationManager, init=-1: peers:[6520bee8-8bdf-48f9-93d9-ec62562c6e83|rpc:10.1.0.42:40233|dataStream:10.1.0.42:41833|priority:1|startupRole:FOLLOWER]|listeners:[], old=null, confs=<EMPTY_MAP>
2023-05-05 09:12:22,839 [pool-630-thread-1] INFO  server.RaftServerConfigKeys (ConfUtils.java:logGet(46)) - raft.server.storage.dir = [/home/runner/work/ozone/ozone/hadoop-ozone/integration-test/target/test-dir/MiniOzoneClusterImpl-da0de1e2-202c-4ae6-9300-2fe7d9a9c5f7/datanode-0/data/ratis] (custom)
2023-05-05 09:12:22,839 [pool-630-thread-1] INFO  server.RaftServerConfigKeys (ConfUtils.java:logGet(46)) - raft.server.log.corruption.policy = EXCEPTION (default)
2023-05-05 09:12:22,839 [pool-630-thread-1] INFO  server.RaftServerConfigKeys (ConfUtils.java:logGet(46)) - raft.server.storage.free-space.min = 0MB (=0) (default)
2023-05-05 09:12:22,839 [pool-630-thread-1] INFO  server.RaftServerConfigKeys (ConfUtils.java:logGet(46)) - raft.server.notification.no-leader.timeout = 300s (custom)
2023-05-05 09:12:22,839 [pool-630-thread-1] INFO  server.RaftServerConfigKeys (ConfUtils.java:logGet(46)) - raft.server.retrycache.expirytime = 600000ms (custom)
2023-05-05 09:12:22,839 [pool-630-thread-1] INFO  server.RaftServerConfigKeys (ConfUtils.java:logGet(46)) - raft.server.retrycache.statistics.expirytime = 100μs (default)
2023-05-05 09:12:22,842 [pool-630-thread-1] INFO  server.RaftServerConfigKeys (ConfUtils.java:logGet(46)) - raft.server.log.appender.install.snapshot.enabled = false (custom)
2023-05-05 09:12:22,842 [pool-630-thread-1] INFO  server.RaftServerConfigKeys (ConfUtils.java:logGet(46)) - raft.server.threadpool.server.cached = true (default)
2023-05-05 09:12:22,842 [pool-630-thread-1] INFO  server.RaftServerConfigKeys (ConfUtils.java:logGet(46)) - raft.server.threadpool.server.size = 0 (default)
2023-05-05 09:12:22,842 [pool-630-thread-1] INFO  server.RaftServerConfigKeys (ConfUtils.java:logGet(46)) - raft.server.threadpool.client.cached = true (default)
2023-05-05 09:12:22,842 [pool-630-thread-1] INFO  server.RaftServerConfigKeys (ConfUtils.java:logGet(46)) - raft.server.threadpool.client.size = 0 (default)
2023-05-05 09:12:22,843 [pool-630-thread-1] INFO  storage.RaftStorageDirectory (RaftStorageDirectoryImpl.java:analyzeStorage(137)) - The storage directory /home/runner/work/ozone/ozone/hadoop-ozone/integration-test/target/test-dir/MiniOzoneClusterImpl-da0de1e2-202c-4ae6-9300-2fe7d9a9c5f7/datanode-0/data/ratis/3367e7d3-0d4d-4207-b439-a96105fc7dd3 does not exist. Creating ...
2023-05-05 09:12:22,844 [pool-630-thread-1] INFO  storage.RaftStorageDirectory (RaftStorageDirectoryImpl.java:tryLock(231)) - Lock on /home/runner/work/ozone/ozone/hadoop-ozone/integration-test/target/test-dir/MiniOzoneClusterImpl-da0de1e2-202c-4ae6-9300-2fe7d9a9c5f7/datanode-0/data/ratis/3367e7d3-0d4d-4207-b439-a96105fc7dd3/in_use.lock acquired by nodename 7812@fv-az152-207
2023-05-05 09:12:22,846 [pool-630-thread-1] INFO  storage.RaftStorage (RaftStorageImpl.java:format(96)) - Storage directory /home/runner/work/ozone/ozone/hadoop-ozone/integration-test/target/test-dir/MiniOzoneClusterImpl-da0de1e2-202c-4ae6-9300-2fe7d9a9c5f7/datanode-0/data/ratis/3367e7d3-0d4d-4207-b439-a96105fc7dd3 has been successfully formatted.
2023-05-05 09:12:22,847 [pool-630-thread-1] INFO  ratis.ContainerStateMachine (ContainerStateMachine.java:loadSnapshot(262)) - group-A96105FC7DD3: The snapshot info is null. Setting the last applied indexto:(t:0, i:~)
2023-05-05 09:12:22,847 [pool-630-thread-1] INFO  server.RaftServerConfigKeys (ConfUtils.java:logGet(46)) - raft.server.log.use.memory = false (default)
2023-05-05 09:12:22,847 [pool-630-thread-1] INFO  server.RaftServerConfigKeys (ConfUtils.java:logGet(46)) - raft.server.log.purge.gap = 1000000 (custom)
2023-05-05 09:12:22,847 [pool-630-thread-1] INFO  server.RaftServerConfigKeys (ConfUtils.java:logGet(46)) - raft.server.log.appender.buffer.byte-limit = 33554432 (custom)
2023-05-05 09:12:22,847 [pool-630-thread-1] INFO  server.RaftServerConfigKeys (ConfUtils.java:logGet(46)) - raft.server.log.statemachine.data.read.timeout = 1000ms (default)
2023-05-05 09:12:22,847 [pool-630-thread-1] INFO  server.RaftServerConfigKeys (ConfUtils.java:logGet(46)) - raft.server.log.purge.preservation.log.num = 0 (default)
2023-05-05 09:12:22,847 [pool-630-thread-1] INFO  server.RaftServerConfigKeys (ConfUtils.java:logGet(46)) - raft.server.log.segment.size.max = 1048576 (custom)
2023-05-05 09:12:22,849 [EventQueue-PipelineReportForPipelineReportHandler] INFO  pipeline.PipelineManagerImpl (PipelineManagerImpl.java:openPipeline(367)) - Pipeline Pipeline[ Id: 3367e7d3-0d4d-4207-b439-a96105fc7dd3, Nodes: 6520bee8-8bdf-48f9-93d9-ec62562c6e83(fv-az152-207.qln5d00okglujjccfnhxhxodph.cx.internal.cloudapp.net/10.1.0.42), ReplicationConfig: RATIS/ONE, State:ALLOCATED, leaderId:6520bee8-8bdf-48f9-93d9-ec62562c6e83, CreationTimestamp2023-05-05T09:12:19.848Z[Etc/UTC]] moved to OPEN state
2023-05-05 09:12:22,849 [pool-630-thread-1] INFO  server.RaftServerConfigKeys (ConfUtils.java:logGet(46)) - raft.server.log.segment.cache.num.max = 2 (custom)
2023-05-05 09:12:22,849 [pool-630-thread-1] INFO  server.RaftServerConfigKeys (ConfUtils.java:logGet(46)) - raft.server.log.segment.cache.size.max = 200MB (=209715200) (default)
2023-05-05 09:12:22,849 [pool-630-thread-1] INFO  segmented.SegmentedRaftLogWorker (SegmentedRaftLogWorker.java:<init>(189)) - new 6520bee8-8bdf-48f9-93d9-ec62562c6e83@group-A96105FC7DD3-SegmentedRaftLogWorker for RaftStorageImpl:Storage Directory /home/runner/work/ozone/ozone/hadoop-ozone/integration-test/target/test-dir/MiniOzoneClusterImpl-da0de1e2-202c-4ae6-9300-2fe7d9a9c5f7/datanode-0/data/ratis/3367e7d3-0d4d-4207-b439-a96105fc7dd3
2023-05-05 09:12:22,849 [pool-630-thread-1] INFO  server.RaftServerConfigKeys (ConfUtils.java:logGet(46)) - raft.server.log.queue.byte-limit = 4294967296 (custom)
2023-05-05 09:12:22,849 [pool-630-thread-1] INFO  server.RaftServerConfigKeys (ConfUtils.java:logGet(46)) - raft.server.log.queue.element-limit = 1024 (custom)
2023-05-05 09:12:22,849 [pool-630-thread-1] INFO  server.RaftServerConfigKeys (ConfUtils.java:logGet(46)) - raft.server.log.segment.size.max = 1048576 (custom)
2023-05-05 09:12:22,849 [pool-630-thread-1] INFO  server.RaftServerConfigKeys (ConfUtils.java:logGet(46)) - raft.server.log.preallocated.size = 16384 (custom)
2023-05-05 09:12:22,850 [pool-630-thread-1] INFO  server.RaftServerConfigKeys (ConfUtils.java:logGet(46)) - raft.server.log.force.sync.num = 128 (default)
2023-05-05 09:12:22,850 [pool-630-thread-1] INFO  server.RaftServerConfigKeys (ConfUtils.java:logGet(46)) - raft.server.log.statemachine.data.sync = true (default)
2023-05-05 09:12:22,850 [pool-630-thread-1] INFO  server.RaftServerConfigKeys (ConfUtils.java:logGet(46)) - raft.server.log.statemachine.data.sync.timeout = 10s (default)
2023-05-05 09:12:22,850 [pool-630-thread-1] INFO  server.RaftServerConfigKeys (ConfUtils.java:logGet(46)) - raft.server.log.statemachine.data.sync.timeout.retry = -1 (default)
2023-05-05 09:12:22,853 [EventQueue-OpenPipelineForHealthyPipelineSafeModeRule] INFO  safemode.SCMSafeModeManager (HealthyPipelineSafeModeRule.java:process(137)) - SCM in safe mode. Healthy pipelines reported count is 0, required healthy pipeline reported count is 1
2023-05-05 09:12:22,855 [pool-630-thread-1] INFO  server.RaftServerConfigKeys (ConfUtils.java:logGet(46)) - raft.server.log.write.buffer.size = 1048576 (custom)
2023-05-05 09:12:22,855 [pool-630-thread-1] INFO  server.RaftServerConfigKeys (ConfUtils.java:logGet(46)) - raft.server.log.appender.buffer.byte-limit = 33554432 (custom)
2023-05-05 09:12:22,860 [pool-630-thread-1] INFO  server.RaftServerConfigKeys (ConfUtils.java:logGet(46)) - raft.server.log.unsafe-flush.enabled = false (default)
2023-05-05 09:12:22,860 [pool-630-thread-1] INFO  server.RaftServerConfigKeys (ConfUtils.java:logGet(46)) - raft.server.log.async-flush.enabled = false (default)
2023-05-05 09:12:22,860 [pool-630-thread-1] INFO  server.RaftServerConfigKeys (ConfUtils.java:logGet(46)) - raft.server.log.statemachine.data.caching.enabled = true (custom)
2023-05-05 09:12:22,861 [pool-630-thread-1] INFO  segmented.SegmentedRaftLogWorker (SegmentedRaftLogWorker.java:lambda$new$0(135)) - 6520bee8-8bdf-48f9-93d9-ec62562c6e83@group-A96105FC7DD3-SegmentedRaftLogWorker: flushIndex: setUnconditionally 0 -> -1
2023-05-05 09:12:22,861 [pool-630-thread-1] INFO  segmented.SegmentedRaftLogWorker (SegmentedRaftLogWorker.java:lambda$new$0(135)) - 6520bee8-8bdf-48f9-93d9-ec62562c6e83@group-A96105FC7DD3-SegmentedRaftLogWorker: safeCacheEvictIndex: setUnconditionally 0 -> -1
2023-05-05 09:12:22,865 [pool-630-thread-1] INFO  server.RaftServer$Division (RaftServerImpl.java:start(334)) - 6520bee8-8bdf-48f9-93d9-ec62562c6e83@group-A96105FC7DD3: start as a follower, conf=-1: peers:[6520bee8-8bdf-48f9-93d9-ec62562c6e83|rpc:10.1.0.42:40233|dataStream:10.1.0.42:41833|priority:1|startupRole:FOLLOWER]|listeners:[], old=null
2023-05-05 09:12:22,865 [pool-630-thread-1] INFO  server.RaftServer$Division (RaftServerImpl.java:setRole(321)) - 6520bee8-8bdf-48f9-93d9-ec62562c6e83@group-A96105FC7DD3: changes role from      null to FOLLOWER at term 0 for startAsFollower
2023-05-05 09:12:22,865 [pool-630-thread-1] INFO  impl.RoleInfo (RoleInfo.java:updateAndGet(139)) - 6520bee8-8bdf-48f9-93d9-ec62562c6e83: start 6520bee8-8bdf-48f9-93d9-ec62562c6e83@group-A96105FC7DD3-FollowerState
2023-05-05 09:12:22,866 [pool-630-thread-1] INFO  util.JmxRegister (JmxRegister.java:tryRegister(44)) - Successfully registered JMX Bean with object name Ratis:service=RaftServer,group=group-A96105FC7DD3,id=6520bee8-8bdf-48f9-93d9-ec62562c6e83
2023-05-05 09:12:22,866 [6520bee8-8bdf-48f9-93d9-ec62562c6e83@group-A96105FC7DD3-FollowerState] INFO  server.RaftServerConfigKeys (ConfUtils.java:logFallback(53)) - raft.server.rpc.first-election.timeout.min = 5s (fallback to raft.server.rpc.timeout.min)
2023-05-05 09:12:22,866 [pool-630-thread-1] INFO  server.RaftServerConfigKeys (ConfUtils.java:logGet(46)) - raft.server.snapshot.auto.trigger.enabled = true (custom)
2023-05-05 09:12:22,866 [6520bee8-8bdf-48f9-93d9-ec62562c6e83@group-A96105FC7DD3-FollowerState] INFO  server.RaftServerConfigKeys (ConfUtils.java:logFallback(53)) - raft.server.rpc.first-election.timeout.max = 5200ms (fallback to raft.server.rpc.timeout.max)
2023-05-05 09:12:22,866 [pool-630-thread-1] INFO  server.RaftServerConfigKeys (ConfUtils.java:logGet(46)) - raft.server.snapshot.auto.trigger.threshold = 10000 (custom)
2023-05-05 09:12:22,866 [pool-630-thread-1] INFO  server.RaftServerConfigKeys (ConfUtils.java:logGet(46)) - raft.server.snapshot.retention.file.num = 5 (custom)
2023-05-05 09:12:22,866 [pool-630-thread-1] INFO  server.RaftServerConfigKeys (ConfUtils.java:logGet(46)) - raft.server.log.purge.upto.snapshot.index = false (default)
2023-05-05 09:12:22,867 [Command processor thread] INFO  ratis.XceiverServerRatis (XceiverServerRatis.java:addGroup(806)) - Created group PipelineID=3367e7d3-0d4d-4207-b439-a96105fc7dd3
2023-05-05 09:12:22,867 [Command processor thread] INFO  commandhandler.CreatePipelineCommandHandler (CreatePipelineCommandHandler.java:handle(113)) - Created Pipeline RATIS ONE PipelineID=3367e7d3-0d4d-4207-b439-a96105fc7dd3.
2023-05-05 09:12:22,867 [Command processor thread] INFO  server.RaftServer (RaftServerProxy.java:addNew(96)) - 6520bee8-8bdf-48f9-93d9-ec62562c6e83: addNew group-4C3C251172CF:[5ca39de1-525d-4da6-b46f-4f3b09d3711c|rpc:10.1.0.42:35995|dataStream:10.1.0.42:38643|priority:0|startupRole:FOLLOWER, ee38f84b-8433-476e-8c71-34949542cd2b|rpc:10.1.0.42:33633|dataStream:10.1.0.42:39375|priority:1|startupRole:FOLLOWER, 6520bee8-8bdf-48f9-93d9-ec62562c6e83|rpc:10.1.0.42:40233|dataStream:10.1.0.42:41833|priority:0|startupRole:FOLLOWER] returns group-4C3C251172CF:java.util.concurrent.CompletableFuture@3c305cea[Not completed]
2023-05-05 09:12:22,869 [pool-630-thread-1] INFO  server.RaftServer$Division (RaftServerImpl.java:<init>(195)) - 6520bee8-8bdf-48f9-93d9-ec62562c6e83: new RaftServerImpl for group-4C3C251172CF:[5ca39de1-525d-4da6-b46f-4f3b09d3711c|rpc:10.1.0.42:35995|dataStream:10.1.0.42:38643|priority:0|startupRole:FOLLOWER, ee38f84b-8433-476e-8c71-34949542cd2b|rpc:10.1.0.42:33633|dataStream:10.1.0.42:39375|priority:1|startupRole:FOLLOWER, 6520bee8-8bdf-48f9-93d9-ec62562c6e83|rpc:10.1.0.42:40233|dataStream:10.1.0.42:41833|priority:0|startupRole:FOLLOWER] with ContainerStateMachine:uninitialized
2023-05-05 09:12:22,869 [pool-630-thread-1] INFO  server.RaftServerConfigKeys (ConfUtils.java:logGet(46)) - raft.server.rpc.timeout.min = 5s (custom)
2023-05-05 09:12:22,869 [pool-630-thread-1] INFO  server.RaftServerConfigKeys (ConfUtils.java:logGet(46)) - raft.server.rpc.timeout.max = 5200ms (custom)
2023-05-05 09:12:22,869 [pool-630-thread-1] INFO  server.RaftServerConfigKeys (ConfUtils.java:logGet(46)) - raft.server.rpc.sleep.time = 25ms (default)
2023-05-05 09:12:22,869 [pool-630-thread-1] INFO  server.RaftServerConfigKeys (ConfUtils.java:logGet(46)) - raft.server.rpc.slowness.timeout = 300s (custom)
2023-05-05 09:12:22,869 [pool-630-thread-1] INFO  server.RaftServerConfigKeys (ConfUtils.java:logGet(46)) - raft.server.leaderelection.leader.step-down.wait-time = 10s (default)
2023-05-05 09:12:22,869 [pool-630-thread-1] INFO  server.RaftServerConfigKeys (ConfUtils.java:logGet(46)) - raft.server.sleep.deviation.threshold = 300ms (default)
2023-05-05 09:12:22,869 [pool-630-thread-1] INFO  server.RaftServer$Division (ServerState.java:<init>(118)) - 6520bee8-8bdf-48f9-93d9-ec62562c6e83@group-4C3C251172CF: ConfigurationManager, init=-1: peers:[5ca39de1-525d-4da6-b46f-4f3b09d3711c|rpc:10.1.0.42:35995|dataStream:10.1.0.42:38643|priority:0|startupRole:FOLLOWER, ee38f84b-8433-476e-8c71-34949542cd2b|rpc:10.1.0.42:33633|dataStream:10.1.0.42:39375|priority:1|startupRole:FOLLOWER, 6520bee8-8bdf-48f9-93d9-ec62562c6e83|rpc:10.1.0.42:40233|dataStream:10.1.0.42:41833|priority:0|startupRole:FOLLOWER]|listeners:[], old=null, confs=<EMPTY_MAP>
2023-05-05 09:12:22,869 [pool-630-thread-1] INFO  server.RaftServerConfigKeys (ConfUtils.java:logGet(46)) - raft.server.storage.dir = [/home/runner/work/ozone/ozone/hadoop-ozone/integration-test/target/test-dir/MiniOzoneClusterImpl-da0de1e2-202c-4ae6-9300-2fe7d9a9c5f7/datanode-0/data/ratis] (custom)
2023-05-05 09:12:22,869 [pool-630-thread-1] INFO  server.RaftServerConfigKeys (ConfUtils.java:logGet(46)) - raft.server.log.corruption.policy = EXCEPTION (default)
2023-05-05 09:12:22,869 [pool-630-thread-1] INFO  server.RaftServerConfigKeys (ConfUtils.java:logGet(46)) - raft.server.storage.free-space.min = 0MB (=0) (default)
2023-05-05 09:12:22,869 [pool-630-thread-1] INFO  server.RaftServerConfigKeys (ConfUtils.java:logGet(46)) - raft.server.notification.no-leader.timeout = 300s (custom)
2023-05-05 09:12:22,870 [pool-630-thread-1] INFO  server.RaftServerConfigKeys (ConfUtils.java:logGet(46)) - raft.server.retrycache.expirytime = 600000ms (custom)
2023-05-05 09:12:22,870 [pool-630-thread-1] INFO  server.RaftServerConfigKeys (ConfUtils.java:logGet(46)) - raft.server.retrycache.statistics.expirytime = 100μs (default)
2023-05-05 09:12:22,870 [pool-630-thread-1] INFO  server.RaftServerConfigKeys (ConfUtils.java:logGet(46)) - raft.server.log.appender.install.snapshot.enabled = false (custom)
2023-05-05 09:12:22,870 [pool-630-thread-1] INFO  server.RaftServerConfigKeys (ConfUtils.java:logGet(46)) - raft.server.threadpool.server.cached = true (default)
2023-05-05 09:12:22,870 [pool-630-thread-1] INFO  server.RaftServerConfigKeys (ConfUtils.java:logGet(46)) - raft.server.threadpool.server.size = 0 (default)
2023-05-05 09:12:22,870 [pool-630-thread-1] INFO  server.RaftServerConfigKeys (ConfUtils.java:logGet(46)) - raft.server.threadpool.client.cached = true (default)
2023-05-05 09:12:22,870 [pool-630-thread-1] INFO  server.RaftServerConfigKeys (ConfUtils.java:logGet(46)) - raft.server.threadpool.client.size = 0 (default)
2023-05-05 09:12:22,871 [pool-630-thread-1] INFO  storage.RaftStorageDirectory (RaftStorageDirectoryImpl.java:analyzeStorage(137)) - The storage directory /home/runner/work/ozone/ozone/hadoop-ozone/integration-test/target/test-dir/MiniOzoneClusterImpl-da0de1e2-202c-4ae6-9300-2fe7d9a9c5f7/datanode-0/data/ratis/6994c7d0-c0fa-4509-b024-4c3c251172cf does not exist. Creating ...
2023-05-05 09:12:22,872 [pool-630-thread-1] INFO  storage.RaftStorageDirectory (RaftStorageDirectoryImpl.java:tryLock(231)) - Lock on /home/runner/work/ozone/ozone/hadoop-ozone/integration-test/target/test-dir/MiniOzoneClusterImpl-da0de1e2-202c-4ae6-9300-2fe7d9a9c5f7/datanode-0/data/ratis/6994c7d0-c0fa-4509-b024-4c3c251172cf/in_use.lock acquired by nodename 7812@fv-az152-207
2023-05-05 09:12:22,873 [pool-630-thread-1] INFO  storage.RaftStorage (RaftStorageImpl.java:format(96)) - Storage directory /home/runner/work/ozone/ozone/hadoop-ozone/integration-test/target/test-dir/MiniOzoneClusterImpl-da0de1e2-202c-4ae6-9300-2fe7d9a9c5f7/datanode-0/data/ratis/6994c7d0-c0fa-4509-b024-4c3c251172cf has been successfully formatted.
2023-05-05 09:12:22,874 [pool-630-thread-1] INFO  ratis.ContainerStateMachine (ContainerStateMachine.java:loadSnapshot(262)) - group-4C3C251172CF: The snapshot info is null. Setting the last applied indexto:(t:0, i:~)
2023-05-05 09:12:22,875 [pool-630-thread-1] INFO  server.RaftServerConfigKeys (ConfUtils.java:logGet(46)) - raft.server.log.use.memory = false (default)
2023-05-05 09:12:22,875 [pool-630-thread-1] INFO  server.RaftServerConfigKeys (ConfUtils.java:logGet(46)) - raft.server.log.purge.gap = 1000000 (custom)
2023-05-05 09:12:22,875 [pool-630-thread-1] INFO  server.RaftServerConfigKeys (ConfUtils.java:logGet(46)) - raft.server.log.appender.buffer.byte-limit = 33554432 (custom)
2023-05-05 09:12:22,875 [pool-630-thread-1] INFO  server.RaftServerConfigKeys (ConfUtils.java:logGet(46)) - raft.server.log.statemachine.data.read.timeout = 1000ms (default)
2023-05-05 09:12:22,875 [pool-630-thread-1] INFO  server.RaftServerConfigKeys (ConfUtils.java:logGet(46)) - raft.server.log.purge.preservation.log.num = 0 (default)
2023-05-05 09:12:22,875 [pool-630-thread-1] INFO  server.RaftServerConfigKeys (ConfUtils.java:logGet(46)) - raft.server.log.segment.size.max = 1048576 (custom)
2023-05-05 09:12:22,875 [EventQueue-OpenPipelineForHealthyPipelineSafeModeRule] INFO  safemode.SCMSafeModeManager (HealthyPipelineSafeModeRule.java:process(137)) - SCM in safe mode. Healthy pipelines reported count is 0, required healthy pipeline reported count is 1
2023-05-05 09:12:22,877 [pool-630-thread-1] INFO  server.RaftServerConfigKeys (ConfUtils.java:logGet(46)) - raft.server.log.segment.cache.num.max = 2 (custom)
2023-05-05 09:12:22,877 [pool-630-thread-1] INFO  server.RaftServerConfigKeys (ConfUtils.java:logGet(46)) - raft.server.log.segment.cache.size.max = 200MB (=209715200) (default)
2023-05-05 09:12:22,877 [pool-630-thread-1] INFO  segmented.SegmentedRaftLogWorker (SegmentedRaftLogWorker.java:<init>(189)) - new 6520bee8-8bdf-48f9-93d9-ec62562c6e83@group-4C3C251172CF-SegmentedRaftLogWorker for RaftStorageImpl:Storage Directory /home/runner/work/ozone/ozone/hadoop-ozone/integration-test/target/test-dir/MiniOzoneClusterImpl-da0de1e2-202c-4ae6-9300-2fe7d9a9c5f7/datanode-0/data/ratis/6994c7d0-c0fa-4509-b024-4c3c251172cf
2023-05-05 09:12:22,877 [pool-630-thread-1] INFO  server.RaftServerConfigKeys (ConfUtils.java:logGet(46)) - raft.server.log.queue.byte-limit = 4294967296 (custom)
2023-05-05 09:12:22,877 [pool-630-thread-1] INFO  server.RaftServerConfigKeys (ConfUtils.java:logGet(46)) - raft.server.log.queue.element-limit = 1024 (custom)
2023-05-05 09:12:22,877 [pool-630-thread-1] INFO  server.RaftServerConfigKeys (ConfUtils.java:logGet(46)) - raft.server.log.segment.size.max = 1048576 (custom)
2023-05-05 09:12:22,877 [pool-630-thread-1] INFO  server.RaftServerConfigKeys (ConfUtils.java:logGet(46)) - raft.server.log.preallocated.size = 16384 (custom)
2023-05-05 09:12:22,877 [pool-630-thread-1] INFO  server.RaftServerConfigKeys (ConfUtils.java:logGet(46)) - raft.server.log.force.sync.num = 128 (default)
2023-05-05 09:12:22,877 [pool-630-thread-1] INFO  server.RaftServerConfigKeys (ConfUtils.java:logGet(46)) - raft.server.log.statemachine.data.sync = true (default)
2023-05-05 09:12:22,877 [pool-630-thread-1] INFO  server.RaftServerConfigKeys (ConfUtils.java:logGet(46)) - raft.server.log.statemachine.data.sync.timeout = 10s (default)
2023-05-05 09:12:22,877 [pool-630-thread-1] INFO  server.RaftServerConfigKeys (ConfUtils.java:logGet(46)) - raft.server.log.statemachine.data.sync.timeout.retry = -1 (default)
2023-05-05 09:12:22,879 [pool-630-thread-1] INFO  server.RaftServerConfigKeys (ConfUtils.java:logGet(46)) - raft.server.log.write.buffer.size = 1048576 (custom)
2023-05-05 09:12:22,879 [pool-630-thread-1] INFO  server.RaftServerConfigKeys (ConfUtils.java:logGet(46)) - raft.server.log.appender.buffer.byte-limit = 33554432 (custom)
2023-05-05 09:12:22,886 [pool-630-thread-1] INFO  server.RaftServerConfigKeys (ConfUtils.java:logGet(46)) - raft.server.log.unsafe-flush.enabled = false (default)
2023-05-05 09:12:22,887 [pool-630-thread-1] INFO  server.RaftServerConfigKeys (ConfUtils.java:logGet(46)) - raft.server.log.async-flush.enabled = false (default)
2023-05-05 09:12:22,887 [pool-630-thread-1] INFO  server.RaftServerConfigKeys (ConfUtils.java:logGet(46)) - raft.server.log.statemachine.data.caching.enabled = true (custom)
2023-05-05 09:12:22,887 [pool-630-thread-1] INFO  segmented.SegmentedRaftLogWorker (SegmentedRaftLogWorker.java:lambda$new$0(135)) - 6520bee8-8bdf-48f9-93d9-ec62562c6e83@group-4C3C251172CF-SegmentedRaftLogWorker: flushIndex: setUnconditionally 0 -> -1
2023-05-05 09:12:22,887 [pool-630-thread-1] INFO  segmented.SegmentedRaftLogWorker (SegmentedRaftLogWorker.java:lambda$new$0(135)) - 6520bee8-8bdf-48f9-93d9-ec62562c6e83@group-4C3C251172CF-SegmentedRaftLogWorker: safeCacheEvictIndex: setUnconditionally 0 -> -1
2023-05-05 09:12:22,887 [pool-630-thread-1] INFO  server.RaftServer$Division (RaftServerImpl.java:start(334)) - 6520bee8-8bdf-48f9-93d9-ec62562c6e83@group-4C3C251172CF: start as a follower, conf=-1: peers:[5ca39de1-525d-4da6-b46f-4f3b09d3711c|rpc:10.1.0.42:35995|dataStream:10.1.0.42:38643|priority:0|startupRole:FOLLOWER, ee38f84b-8433-476e-8c71-34949542cd2b|rpc:10.1.0.42:33633|dataStream:10.1.0.42:39375|priority:1|startupRole:FOLLOWER, 6520bee8-8bdf-48f9-93d9-ec62562c6e83|rpc:10.1.0.42:40233|dataStream:10.1.0.42:41833|priority:0|startupRole:FOLLOWER]|listeners:[], old=null
2023-05-05 09:12:22,887 [pool-630-thread-1] INFO  server.RaftServer$Division (RaftServerImpl.java:setRole(321)) - 6520bee8-8bdf-48f9-93d9-ec62562c6e83@group-4C3C251172CF: changes role from      null to FOLLOWER at term 0 for startAsFollower
2023-05-05 09:12:22,887 [pool-630-thread-1] INFO  impl.RoleInfo (RoleInfo.java:updateAndGet(139)) - 6520bee8-8bdf-48f9-93d9-ec62562c6e83: start 6520bee8-8bdf-48f9-93d9-ec62562c6e83@group-4C3C251172CF-FollowerState
2023-05-05 09:12:22,888 [pool-630-thread-1] INFO  util.JmxRegister (JmxRegister.java:tryRegister(44)) - Successfully registered JMX Bean with object name Ratis:service=RaftServer,group=group-4C3C251172CF,id=6520bee8-8bdf-48f9-93d9-ec62562c6e83
2023-05-05 09:12:22,888 [pool-630-thread-1] INFO  server.RaftServerConfigKeys (ConfUtils.java:logGet(46)) - raft.server.snapshot.auto.trigger.enabled = true (custom)
2023-05-05 09:12:22,888 [pool-630-thread-1] INFO  server.RaftServerConfigKeys (ConfUtils.java:logGet(46)) - raft.server.snapshot.auto.trigger.threshold = 10000 (custom)
2023-05-05 09:12:22,888 [pool-630-thread-1] INFO  server.RaftServerConfigKeys (ConfUtils.java:logGet(46)) - raft.server.snapshot.retention.file.num = 5 (custom)
2023-05-05 09:12:22,888 [pool-630-thread-1] INFO  server.RaftServerConfigKeys (ConfUtils.java:logGet(46)) - raft.server.log.purge.upto.snapshot.index = false (default)
2023-05-05 09:12:22,890 [6520bee8-8bdf-48f9-93d9-ec62562c6e83@group-4C3C251172CF-FollowerState] INFO  server.RaftServerConfigKeys (ConfUtils.java:logFallback(53)) - raft.server.rpc.first-election.timeout.min = 5s (fallback to raft.server.rpc.timeout.min)
2023-05-05 09:12:22,890 [6520bee8-8bdf-48f9-93d9-ec62562c6e83@group-4C3C251172CF-FollowerState] INFO  server.RaftServerConfigKeys (ConfUtils.java:logFallback(53)) - raft.server.rpc.first-election.timeout.max = 5200ms (fallback to raft.server.rpc.timeout.max)
2023-05-05 09:12:22,890 [Command processor thread] INFO  ratis.XceiverServerRatis (XceiverServerRatis.java:addGroup(806)) - Created group PipelineID=6994c7d0-c0fa-4509-b024-4c3c251172cf
2023-05-05 09:12:22,920 [grpc-default-executor-0] INFO  server.RaftServer (RaftServerProxy.java:addNew(96)) - ee38f84b-8433-476e-8c71-34949542cd2b: addNew group-4C3C251172CF:[5ca39de1-525d-4da6-b46f-4f3b09d3711c|rpc:10.1.0.42:35995|dataStream:10.1.0.42:38643|priority:0|startupRole:FOLLOWER, ee38f84b-8433-476e-8c71-34949542cd2b|rpc:10.1.0.42:33633|dataStream:10.1.0.42:39375|priority:1|startupRole:FOLLOWER, 6520bee8-8bdf-48f9-93d9-ec62562c6e83|rpc:10.1.0.42:40233|dataStream:10.1.0.42:41833|priority:0|startupRole:FOLLOWER] returns group-4C3C251172CF:java.util.concurrent.CompletableFuture@6c79e27e[Not completed]
2023-05-05 09:12:22,921 [pool-652-thread-1] INFO  server.RaftServer$Division (RaftServerImpl.java:<init>(195)) - ee38f84b-8433-476e-8c71-34949542cd2b: new RaftServerImpl for group-4C3C251172CF:[5ca39de1-525d-4da6-b46f-4f3b09d3711c|rpc:10.1.0.42:35995|dataStream:10.1.0.42:38643|priority:0|startupRole:FOLLOWER, ee38f84b-8433-476e-8c71-34949542cd2b|rpc:10.1.0.42:33633|dataStream:10.1.0.42:39375|priority:1|startupRole:FOLLOWER, 6520bee8-8bdf-48f9-93d9-ec62562c6e83|rpc:10.1.0.42:40233|dataStream:10.1.0.42:41833|priority:0|startupRole:FOLLOWER] with ContainerStateMachine:uninitialized
2023-05-05 09:12:22,922 [pool-652-thread-1] INFO  server.RaftServerConfigKeys (ConfUtils.java:logGet(46)) - raft.server.rpc.timeout.min = 5s (custom)
2023-05-05 09:12:22,922 [pool-652-thread-1] INFO  server.RaftServerConfigKeys (ConfUtils.java:logGet(46)) - raft.server.rpc.timeout.max = 5200ms (custom)
2023-05-05 09:12:22,922 [pool-652-thread-1] INFO  server.RaftServerConfigKeys (ConfUtils.java:logGet(46)) - raft.server.rpc.sleep.time = 25ms (default)
2023-05-05 09:12:22,922 [pool-652-thread-1] INFO  server.RaftServerConfigKeys (ConfUtils.java:logGet(46)) - raft.server.rpc.slowness.timeout = 300s (custom)
2023-05-05 09:12:22,922 [pool-652-thread-1] INFO  server.RaftServerConfigKeys (ConfUtils.java:logGet(46)) - raft.server.leaderelection.leader.step-down.wait-time = 10s (default)
2023-05-05 09:12:22,922 [pool-652-thread-1] INFO  server.RaftServerConfigKeys (ConfUtils.java:logGet(46)) - raft.server.sleep.deviation.threshold = 300ms (default)
2023-05-05 09:12:22,922 [pool-652-thread-1] INFO  server.RaftServer$Division (ServerState.java:<init>(118)) - ee38f84b-8433-476e-8c71-34949542cd2b@group-4C3C251172CF: ConfigurationManager, init=-1: peers:[5ca39de1-525d-4da6-b46f-4f3b09d3711c|rpc:10.1.0.42:35995|dataStream:10.1.0.42:38643|priority:0|startupRole:FOLLOWER, ee38f84b-8433-476e-8c71-34949542cd2b|rpc:10.1.0.42:33633|dataStream:10.1.0.42:39375|priority:1|startupRole:FOLLOWER, 6520bee8-8bdf-48f9-93d9-ec62562c6e83|rpc:10.1.0.42:40233|dataStream:10.1.0.42:41833|priority:0|startupRole:FOLLOWER]|listeners:[], old=null, confs=<EMPTY_MAP>
2023-05-05 09:12:22,922 [pool-652-thread-1] INFO  server.RaftServerConfigKeys (ConfUtils.java:logGet(46)) - raft.server.storage.dir = [/home/runner/work/ozone/ozone/hadoop-ozone/integration-test/target/test-dir/MiniOzoneClusterImpl-da0de1e2-202c-4ae6-9300-2fe7d9a9c5f7/datanode-1/data/ratis] (custom)
2023-05-05 09:12:22,922 [pool-652-thread-1] INFO  server.RaftServerConfigKeys (ConfUtils.java:logGet(46)) - raft.server.log.corruption.policy = EXCEPTION (default)
2023-05-05 09:12:22,922 [pool-652-thread-1] INFO  server.RaftServerConfigKeys (ConfUtils.java:logGet(46)) - raft.server.storage.free-space.min = 0MB (=0) (default)
2023-05-05 09:12:22,922 [pool-652-thread-1] INFO  server.RaftServerConfigKeys (ConfUtils.java:logGet(46)) - raft.server.notification.no-leader.timeout = 300s (custom)
2023-05-05 09:12:22,922 [pool-652-thread-1] INFO  server.RaftServerConfigKeys (ConfUtils.java:logGet(46)) - raft.server.retrycache.expirytime = 600000ms (custom)
2023-05-05 09:12:22,922 [pool-652-thread-1] INFO  server.RaftServerConfigKeys (ConfUtils.java:logGet(46)) - raft.server.retrycache.statistics.expirytime = 100μs (default)
2023-05-05 09:12:22,924 [pool-652-thread-1] INFO  server.RaftServerConfigKeys (ConfUtils.java:logGet(46)) - raft.server.log.appender.install.snapshot.enabled = false (custom)
2023-05-05 09:12:22,924 [pool-652-thread-1] INFO  server.RaftServerConfigKeys (ConfUtils.java:logGet(46)) - raft.server.threadpool.server.cached = true (default)
2023-05-05 09:12:22,924 [pool-652-thread-1] INFO  server.RaftServerConfigKeys (ConfUtils.java:logGet(46)) - raft.server.threadpool.server.size = 0 (default)
2023-05-05 09:12:22,924 [pool-652-thread-1] INFO  server.RaftServerConfigKeys (ConfUtils.java:logGet(46)) - raft.server.threadpool.client.cached = true (default)
2023-05-05 09:12:22,924 [pool-652-thread-1] INFO  server.RaftServerConfigKeys (ConfUtils.java:logGet(46)) - raft.server.threadpool.client.size = 0 (default)
2023-05-05 09:12:22,924 [pool-652-thread-1] INFO  storage.RaftStorageDirectory (RaftStorageDirectoryImpl.java:analyzeStorage(137)) - The storage directory /home/runner/work/ozone/ozone/hadoop-ozone/integration-test/target/test-dir/MiniOzoneClusterImpl-da0de1e2-202c-4ae6-9300-2fe7d9a9c5f7/datanode-1/data/ratis/6994c7d0-c0fa-4509-b024-4c3c251172cf does not exist. Creating ...
2023-05-05 09:12:22,925 [pool-652-thread-1] INFO  storage.RaftStorageDirectory (RaftStorageDirectoryImpl.java:tryLock(231)) - Lock on /home/runner/work/ozone/ozone/hadoop-ozone/integration-test/target/test-dir/MiniOzoneClusterImpl-da0de1e2-202c-4ae6-9300-2fe7d9a9c5f7/datanode-1/data/ratis/6994c7d0-c0fa-4509-b024-4c3c251172cf/in_use.lock acquired by nodename 7812@fv-az152-207
2023-05-05 09:12:22,931 [pool-652-thread-1] INFO  storage.RaftStorage (RaftStorageImpl.java:format(96)) - Storage directory /home/runner/work/ozone/ozone/hadoop-ozone/integration-test/target/test-dir/MiniOzoneClusterImpl-da0de1e2-202c-4ae6-9300-2fe7d9a9c5f7/datanode-1/data/ratis/6994c7d0-c0fa-4509-b024-4c3c251172cf has been successfully formatted.
2023-05-05 09:12:22,933 [pool-652-thread-1] INFO  ratis.ContainerStateMachine (ContainerStateMachine.java:loadSnapshot(262)) - group-4C3C251172CF: The snapshot info is null. Setting the last applied indexto:(t:0, i:~)
2023-05-05 09:12:22,933 [pool-652-thread-1] INFO  server.RaftServerConfigKeys (ConfUtils.java:logGet(46)) - raft.server.log.use.memory = false (default)
2023-05-05 09:12:22,933 [pool-652-thread-1] INFO  server.RaftServerConfigKeys (ConfUtils.java:logGet(46)) - raft.server.log.purge.gap = 1000000 (custom)
2023-05-05 09:12:22,933 [pool-652-thread-1] INFO  server.RaftServerConfigKeys (ConfUtils.java:logGet(46)) - raft.server.log.appender.buffer.byte-limit = 33554432 (custom)
2023-05-05 09:12:22,933 [pool-652-thread-1] INFO  server.RaftServerConfigKeys (ConfUtils.java:logGet(46)) - raft.server.log.statemachine.data.read.timeout = 1000ms (default)
2023-05-05 09:12:22,934 [pool-652-thread-1] INFO  server.RaftServerConfigKeys (ConfUtils.java:logGet(46)) - raft.server.log.purge.preservation.log.num = 0 (default)
2023-05-05 09:12:22,935 [pool-652-thread-1] INFO  server.RaftServerConfigKeys (ConfUtils.java:logGet(46)) - raft.server.log.segment.size.max = 1048576 (custom)
2023-05-05 09:12:22,935 [pool-652-thread-1] INFO  server.RaftServerConfigKeys (ConfUtils.java:logGet(46)) - raft.server.log.segment.cache.num.max = 2 (custom)
2023-05-05 09:12:22,936 [pool-652-thread-1] INFO  server.RaftServerConfigKeys (ConfUtils.java:logGet(46)) - raft.server.log.segment.cache.size.max = 200MB (=209715200) (default)
2023-05-05 09:12:22,936 [pool-652-thread-1] INFO  segmented.SegmentedRaftLogWorker (SegmentedRaftLogWorker.java:<init>(189)) - new ee38f84b-8433-476e-8c71-34949542cd2b@group-4C3C251172CF-SegmentedRaftLogWorker for RaftStorageImpl:Storage Directory /home/runner/work/ozone/ozone/hadoop-ozone/integration-test/target/test-dir/MiniOzoneClusterImpl-da0de1e2-202c-4ae6-9300-2fe7d9a9c5f7/datanode-1/data/ratis/6994c7d0-c0fa-4509-b024-4c3c251172cf
2023-05-05 09:12:22,936 [pool-652-thread-1] INFO  server.RaftServerConfigKeys (ConfUtils.java:logGet(46)) - raft.server.log.queue.byte-limit = 4294967296 (custom)
2023-05-05 09:12:22,936 [pool-652-thread-1] INFO  server.RaftServerConfigKeys (ConfUtils.java:logGet(46)) - raft.server.log.queue.element-limit = 1024 (custom)
2023-05-05 09:12:22,936 [pool-652-thread-1] INFO  server.RaftServerConfigKeys (ConfUtils.java:logGet(46)) - raft.server.log.segment.size.max = 1048576 (custom)
2023-05-05 09:12:22,936 [pool-652-thread-1] INFO  server.RaftServerConfigKeys (ConfUtils.java:logGet(46)) - raft.server.log.preallocated.size = 16384 (custom)
2023-05-05 09:12:22,936 [pool-652-thread-1] INFO  server.RaftServerConfigKeys (ConfUtils.java:logGet(46)) - raft.server.log.force.sync.num = 128 (default)
2023-05-05 09:12:22,936 [pool-652-thread-1] INFO  server.RaftServerConfigKeys (ConfUtils.java:logGet(46)) - raft.server.log.statemachine.data.sync = true (default)
2023-05-05 09:12:22,936 [pool-652-thread-1] INFO  server.RaftServerConfigKeys (ConfUtils.java:logGet(46)) - raft.server.log.statemachine.data.sync.timeout = 10s (default)
2023-05-05 09:12:22,936 [pool-652-thread-1] INFO  server.RaftServerConfigKeys (ConfUtils.java:logGet(46)) - raft.server.log.statemachine.data.sync.timeout.retry = -1 (default)
2023-05-05 09:12:22,937 [pool-652-thread-1] INFO  server.RaftServerConfigKeys (ConfUtils.java:logGet(46)) - raft.server.log.write.buffer.size = 1048576 (custom)
2023-05-05 09:12:22,938 [pool-652-thread-1] INFO  server.RaftServerConfigKeys (ConfUtils.java:logGet(46)) - raft.server.log.appender.buffer.byte-limit = 33554432 (custom)
2023-05-05 09:12:22,945 [pool-652-thread-1] INFO  server.RaftServerConfigKeys (ConfUtils.java:logGet(46)) - raft.server.log.unsafe-flush.enabled = false (default)
2023-05-05 09:12:22,945 [pool-652-thread-1] INFO  server.RaftServerConfigKeys (ConfUtils.java:logGet(46)) - raft.server.log.async-flush.enabled = false (default)
2023-05-05 09:12:22,945 [pool-652-thread-1] INFO  server.RaftServerConfigKeys (ConfUtils.java:logGet(46)) - raft.server.log.statemachine.data.caching.enabled = true (custom)
2023-05-05 09:12:22,945 [pool-652-thread-1] INFO  segmented.SegmentedRaftLogWorker (SegmentedRaftLogWorker.java:lambda$new$0(135)) - ee38f84b-8433-476e-8c71-34949542cd2b@group-4C3C251172CF-SegmentedRaftLogWorker: flushIndex: setUnconditionally 0 -> -1
2023-05-05 09:12:22,945 [pool-652-thread-1] INFO  segmented.SegmentedRaftLogWorker (SegmentedRaftLogWorker.java:lambda$new$0(135)) - ee38f84b-8433-476e-8c71-34949542cd2b@group-4C3C251172CF-SegmentedRaftLogWorker: safeCacheEvictIndex: setUnconditionally 0 -> -1
2023-05-05 09:12:22,946 [pool-652-thread-1] INFO  server.RaftServer$Division (RaftServerImpl.java:start(334)) - ee38f84b-8433-476e-8c71-34949542cd2b@group-4C3C251172CF: start as a follower, conf=-1: peers:[5ca39de1-525d-4da6-b46f-4f3b09d3711c|rpc:10.1.0.42:35995|dataStream:10.1.0.42:38643|priority:0|startupRole:FOLLOWER, ee38f84b-8433-476e-8c71-34949542cd2b|rpc:10.1.0.42:33633|dataStream:10.1.0.42:39375|priority:1|startupRole:FOLLOWER, 6520bee8-8bdf-48f9-93d9-ec62562c6e83|rpc:10.1.0.42:40233|dataStream:10.1.0.42:41833|priority:0|startupRole:FOLLOWER]|listeners:[], old=null
2023-05-05 09:12:22,946 [pool-652-thread-1] INFO  server.RaftServer$Division (RaftServerImpl.java:setRole(321)) - ee38f84b-8433-476e-8c71-34949542cd2b@group-4C3C251172CF: changes role from      null to FOLLOWER at term 0 for startAsFollower
2023-05-05 09:12:22,946 [pool-652-thread-1] INFO  impl.RoleInfo (RoleInfo.java:updateAndGet(139)) - ee38f84b-8433-476e-8c71-34949542cd2b: start ee38f84b-8433-476e-8c71-34949542cd2b@group-4C3C251172CF-FollowerState
2023-05-05 09:12:22,948 [pool-652-thread-1] INFO  util.JmxRegister (JmxRegister.java:tryRegister(44)) - Successfully registered JMX Bean with object name Ratis:service=RaftServer,group=group-4C3C251172CF,id=ee38f84b-8433-476e-8c71-34949542cd2b
2023-05-05 09:12:22,948 [pool-652-thread-1] INFO  server.RaftServerConfigKeys (ConfUtils.java:logGet(46)) - raft.server.snapshot.auto.trigger.enabled = true (custom)
2023-05-05 09:12:22,948 [pool-652-thread-1] INFO  server.RaftServerConfigKeys (ConfUtils.java:logGet(46)) - raft.server.snapshot.auto.trigger.threshold = 10000 (custom)
2023-05-05 09:12:22,948 [pool-652-thread-1] INFO  server.RaftServerConfigKeys (ConfUtils.java:logGet(46)) - raft.server.snapshot.retention.file.num = 5 (custom)
2023-05-05 09:12:22,948 [pool-652-thread-1] INFO  server.RaftServerConfigKeys (ConfUtils.java:logGet(46)) - raft.server.log.purge.upto.snapshot.index = false (default)
2023-05-05 09:12:22,949 [ee38f84b-8433-476e-8c71-34949542cd2b@group-4C3C251172CF-FollowerState] INFO  server.RaftServerConfigKeys (ConfUtils.java:logFallback(53)) - raft.server.rpc.first-election.timeout.min = 5s (fallback to raft.server.rpc.timeout.min)
2023-05-05 09:12:22,949 [ee38f84b-8433-476e-8c71-34949542cd2b@group-4C3C251172CF-FollowerState] INFO  server.RaftServerConfigKeys (ConfUtils.java:logFallback(53)) - raft.server.rpc.first-election.timeout.max = 5200ms (fallback to raft.server.rpc.timeout.max)
2023-05-05 09:12:22,975 [grpc-default-executor-0] INFO  server.RaftServer (RaftServerProxy.java:addNew(96)) - 5ca39de1-525d-4da6-b46f-4f3b09d3711c: addNew group-4C3C251172CF:[5ca39de1-525d-4da6-b46f-4f3b09d3711c|rpc:10.1.0.42:35995|dataStream:10.1.0.42:38643|priority:0|startupRole:FOLLOWER, ee38f84b-8433-476e-8c71-34949542cd2b|rpc:10.1.0.42:33633|dataStream:10.1.0.42:39375|priority:1|startupRole:FOLLOWER, 6520bee8-8bdf-48f9-93d9-ec62562c6e83|rpc:10.1.0.42:40233|dataStream:10.1.0.42:41833|priority:0|startupRole:FOLLOWER] returns group-4C3C251172CF:java.util.concurrent.CompletableFuture@348e39b5[Not completed]
2023-05-05 09:12:22,976 [pool-674-thread-1] INFO  server.RaftServer$Division (RaftServerImpl.java:<init>(195)) - 5ca39de1-525d-4da6-b46f-4f3b09d3711c: new RaftServerImpl for group-4C3C251172CF:[5ca39de1-525d-4da6-b46f-4f3b09d3711c|rpc:10.1.0.42:35995|dataStream:10.1.0.42:38643|priority:0|startupRole:FOLLOWER, ee38f84b-8433-476e-8c71-34949542cd2b|rpc:10.1.0.42:33633|dataStream:10.1.0.42:39375|priority:1|startupRole:FOLLOWER, 6520bee8-8bdf-48f9-93d9-ec62562c6e83|rpc:10.1.0.42:40233|dataStream:10.1.0.42:41833|priority:0|startupRole:FOLLOWER] with ContainerStateMachine:uninitialized
2023-05-05 09:12:22,976 [pool-674-thread-1] INFO  server.RaftServerConfigKeys (ConfUtils.java:logGet(46)) - raft.server.rpc.timeout.min = 5s (custom)
2023-05-05 09:12:22,976 [pool-674-thread-1] INFO  server.RaftServerConfigKeys (ConfUtils.java:logGet(46)) - raft.server.rpc.timeout.max = 5200ms (custom)
2023-05-05 09:12:22,976 [pool-674-thread-1] INFO  server.RaftServerConfigKeys (ConfUtils.java:logGet(46)) - raft.server.rpc.sleep.time = 25ms (default)
2023-05-05 09:12:22,976 [pool-674-thread-1] INFO  server.RaftServerConfigKeys (ConfUtils.java:logGet(46)) - raft.server.rpc.slowness.timeout = 300s (custom)
2023-05-05 09:12:22,976 [pool-674-thread-1] INFO  server.RaftServerConfigKeys (ConfUtils.java:logGet(46)) - raft.server.leaderelection.leader.step-down.wait-time = 10s (default)
2023-05-05 09:12:22,976 [pool-674-thread-1] INFO  server.RaftServerConfigKeys (ConfUtils.java:logGet(46)) - raft.server.sleep.deviation.threshold = 300ms (default)
2023-05-05 09:12:22,976 [pool-674-thread-1] INFO  server.RaftServer$Division (ServerState.java:<init>(118)) - 5ca39de1-525d-4da6-b46f-4f3b09d3711c@group-4C3C251172CF: ConfigurationManager, init=-1: peers:[5ca39de1-525d-4da6-b46f-4f3b09d3711c|rpc:10.1.0.42:35995|dataStream:10.1.0.42:38643|priority:0|startupRole:FOLLOWER, ee38f84b-8433-476e-8c71-34949542cd2b|rpc:10.1.0.42:33633|dataStream:10.1.0.42:39375|priority:1|startupRole:FOLLOWER, 6520bee8-8bdf-48f9-93d9-ec62562c6e83|rpc:10.1.0.42:40233|dataStream:10.1.0.42:41833|priority:0|startupRole:FOLLOWER]|listeners:[], old=null, confs=<EMPTY_MAP>
2023-05-05 09:12:22,976 [pool-674-thread-1] INFO  server.RaftServerConfigKeys (ConfUtils.java:logGet(46)) - raft.server.storage.dir = [/home/runner/work/ozone/ozone/hadoop-ozone/integration-test/target/test-dir/MiniOzoneClusterImpl-da0de1e2-202c-4ae6-9300-2fe7d9a9c5f7/datanode-2/data/ratis] (custom)
2023-05-05 09:12:22,977 [pool-674-thread-1] INFO  server.RaftServerConfigKeys (ConfUtils.java:logGet(46)) - raft.server.log.corruption.policy = EXCEPTION (default)
2023-05-05 09:12:22,977 [pool-674-thread-1] INFO  server.RaftServerConfigKeys (ConfUtils.java:logGet(46)) - raft.server.storage.free-space.min = 0MB (=0) (default)
2023-05-05 09:12:22,977 [pool-674-thread-1] INFO  server.RaftServerConfigKeys (ConfUtils.java:logGet(46)) - raft.server.notification.no-leader.timeout = 300s (custom)
2023-05-05 09:12:22,977 [pool-674-thread-1] INFO  server.RaftServerConfigKeys (ConfUtils.java:logGet(46)) - raft.server.retrycache.expirytime = 600000ms (custom)
2023-05-05 09:12:22,977 [pool-674-thread-1] INFO  server.RaftServerConfigKeys (ConfUtils.java:logGet(46)) - raft.server.retrycache.statistics.expirytime = 100μs (default)
2023-05-05 09:12:22,978 [pool-674-thread-1] INFO  server.RaftServerConfigKeys (ConfUtils.java:logGet(46)) - raft.server.log.appender.install.snapshot.enabled = false (custom)
2023-05-05 09:12:22,978 [pool-674-thread-1] INFO  server.RaftServerConfigKeys (ConfUtils.java:logGet(46)) - raft.server.threadpool.server.cached = true (default)
2023-05-05 09:12:22,978 [pool-674-thread-1] INFO  server.RaftServerConfigKeys (ConfUtils.java:logGet(46)) - raft.server.threadpool.server.size = 0 (default)
2023-05-05 09:12:22,978 [pool-674-thread-1] INFO  server.RaftServerConfigKeys (ConfUtils.java:logGet(46)) - raft.server.threadpool.client.cached = true (default)
2023-05-05 09:12:22,978 [pool-674-thread-1] INFO  server.RaftServerConfigKeys (ConfUtils.java:logGet(46)) - raft.server.threadpool.client.size = 0 (default)
2023-05-05 09:12:22,978 [pool-674-thread-1] INFO  storage.RaftStorageDirectory (RaftStorageDirectoryImpl.java:analyzeStorage(137)) - The storage directory /home/runner/work/ozone/ozone/hadoop-ozone/integration-test/target/test-dir/MiniOzoneClusterImpl-da0de1e2-202c-4ae6-9300-2fe7d9a9c5f7/datanode-2/data/ratis/6994c7d0-c0fa-4509-b024-4c3c251172cf does not exist. Creating ...
2023-05-05 09:12:22,979 [pool-674-thread-1] INFO  storage.RaftStorageDirectory (RaftStorageDirectoryImpl.java:tryLock(231)) - Lock on /home/runner/work/ozone/ozone/hadoop-ozone/integration-test/target/test-dir/MiniOzoneClusterImpl-da0de1e2-202c-4ae6-9300-2fe7d9a9c5f7/datanode-2/data/ratis/6994c7d0-c0fa-4509-b024-4c3c251172cf/in_use.lock acquired by nodename 7812@fv-az152-207
2023-05-05 09:12:22,980 [pool-674-thread-1] INFO  storage.RaftStorage (RaftStorageImpl.java:format(96)) - Storage directory /home/runner/work/ozone/ozone/hadoop-ozone/integration-test/target/test-dir/MiniOzoneClusterImpl-da0de1e2-202c-4ae6-9300-2fe7d9a9c5f7/datanode-2/data/ratis/6994c7d0-c0fa-4509-b024-4c3c251172cf has been successfully formatted.
2023-05-05 09:12:22,982 [pool-674-thread-1] INFO  ratis.ContainerStateMachine (ContainerStateMachine.java:loadSnapshot(262)) - group-4C3C251172CF: The snapshot info is null. Setting the last applied indexto:(t:0, i:~)
2023-05-05 09:12:22,982 [pool-674-thread-1] INFO  server.RaftServerConfigKeys (ConfUtils.java:logGet(46)) - raft.server.log.use.memory = false (default)
2023-05-05 09:12:22,982 [pool-674-thread-1] INFO  server.RaftServerConfigKeys (ConfUtils.java:logGet(46)) - raft.server.log.purge.gap = 1000000 (custom)
2023-05-05 09:12:22,982 [pool-674-thread-1] INFO  server.RaftServerConfigKeys (ConfUtils.java:logGet(46)) - raft.server.log.appender.buffer.byte-limit = 33554432 (custom)
2023-05-05 09:12:22,983 [pool-674-thread-1] INFO  server.RaftServerConfigKeys (ConfUtils.java:logGet(46)) - raft.server.log.statemachine.data.read.timeout = 1000ms (default)
2023-05-05 09:12:22,983 [pool-674-thread-1] INFO  server.RaftServerConfigKeys (ConfUtils.java:logGet(46)) - raft.server.log.purge.preservation.log.num = 0 (default)
2023-05-05 09:12:22,983 [pool-674-thread-1] INFO  server.RaftServerConfigKeys (ConfUtils.java:logGet(46)) - raft.server.log.segment.size.max = 1048576 (custom)
2023-05-05 09:12:22,983 [pool-674-thread-1] INFO  server.RaftServerConfigKeys (ConfUtils.java:logGet(46)) - raft.server.log.segment.cache.num.max = 2 (custom)
2023-05-05 09:12:22,983 [pool-674-thread-1] INFO  server.RaftServerConfigKeys (ConfUtils.java:logGet(46)) - raft.server.log.segment.cache.size.max = 200MB (=209715200) (default)
2023-05-05 09:12:22,983 [pool-674-thread-1] INFO  segmented.SegmentedRaftLogWorker (SegmentedRaftLogWorker.java:<init>(189)) - new 5ca39de1-525d-4da6-b46f-4f3b09d3711c@group-4C3C251172CF-SegmentedRaftLogWorker for RaftStorageImpl:Storage Directory /home/runner/work/ozone/ozone/hadoop-ozone/integration-test/target/test-dir/MiniOzoneClusterImpl-da0de1e2-202c-4ae6-9300-2fe7d9a9c5f7/datanode-2/data/ratis/6994c7d0-c0fa-4509-b024-4c3c251172cf
2023-05-05 09:12:22,983 [pool-674-thread-1] INFO  server.RaftServerConfigKeys (ConfUtils.java:logGet(46)) - raft.server.log.queue.byte-limit = 4294967296 (custom)
2023-05-05 09:12:22,985 [pool-674-thread-1] INFO  server.RaftServerConfigKeys (ConfUtils.java:logGet(46)) - raft.server.log.queue.element-limit = 1024 (custom)
2023-05-05 09:12:22,985 [pool-674-thread-1] INFO  server.RaftServerConfigKeys (ConfUtils.java:logGet(46)) - raft.server.log.segment.size.max = 1048576 (custom)
2023-05-05 09:12:22,985 [pool-674-thread-1] INFO  server.RaftServerConfigKeys (ConfUtils.java:logGet(46)) - raft.server.log.preallocated.size = 16384 (custom)
2023-05-05 09:12:22,985 [pool-674-thread-1] INFO  server.RaftServerConfigKeys (ConfUtils.java:logGet(46)) - raft.server.log.force.sync.num = 128 (default)
2023-05-05 09:12:22,985 [pool-674-thread-1] INFO  server.RaftServerConfigKeys (ConfUtils.java:logGet(46)) - raft.server.log.statemachine.data.sync = true (default)
2023-05-05 09:12:22,985 [pool-674-thread-1] INFO  server.RaftServerConfigKeys (ConfUtils.java:logGet(46)) - raft.server.log.statemachine.data.sync.timeout = 10s (default)
2023-05-05 09:12:22,985 [pool-674-thread-1] INFO  server.RaftServerConfigKeys (ConfUtils.java:logGet(46)) - raft.server.log.statemachine.data.sync.timeout.retry = -1 (default)
2023-05-05 09:12:22,986 [pool-674-thread-1] INFO  server.RaftServerConfigKeys (ConfUtils.java:logGet(46)) - raft.server.log.write.buffer.size = 1048576 (custom)
2023-05-05 09:12:22,987 [pool-674-thread-1] INFO  server.RaftServerConfigKeys (ConfUtils.java:logGet(46)) - raft.server.log.appender.buffer.byte-limit = 33554432 (custom)
2023-05-05 09:12:22,996 [pool-674-thread-1] INFO  server.RaftServerConfigKeys (ConfUtils.java:logGet(46)) - raft.server.log.unsafe-flush.enabled = false (default)
2023-05-05 09:12:22,996 [pool-674-thread-1] INFO  server.RaftServerConfigKeys (ConfUtils.java:logGet(46)) - raft.server.log.async-flush.enabled = false (default)
2023-05-05 09:12:22,996 [pool-674-thread-1] INFO  server.RaftServerConfigKeys (ConfUtils.java:logGet(46)) - raft.server.log.statemachine.data.caching.enabled = true (custom)
2023-05-05 09:12:22,996 [pool-674-thread-1] INFO  segmented.SegmentedRaftLogWorker (SegmentedRaftLogWorker.java:lambda$new$0(135)) - 5ca39de1-525d-4da6-b46f-4f3b09d3711c@group-4C3C251172CF-SegmentedRaftLogWorker: flushIndex: setUnconditionally 0 -> -1
2023-05-05 09:12:22,997 [pool-674-thread-1] INFO  segmented.SegmentedRaftLogWorker (SegmentedRaftLogWorker.java:lambda$new$0(135)) - 5ca39de1-525d-4da6-b46f-4f3b09d3711c@group-4C3C251172CF-SegmentedRaftLogWorker: safeCacheEvictIndex: setUnconditionally 0 -> -1
2023-05-05 09:12:22,997 [pool-674-thread-1] INFO  server.RaftServer$Division (RaftServerImpl.java:start(334)) - 5ca39de1-525d-4da6-b46f-4f3b09d3711c@group-4C3C251172CF: start as a follower, conf=-1: peers:[5ca39de1-525d-4da6-b46f-4f3b09d3711c|rpc:10.1.0.42:35995|dataStream:10.1.0.42:38643|priority:0|startupRole:FOLLOWER, ee38f84b-8433-476e-8c71-34949542cd2b|rpc:10.1.0.42:33633|dataStream:10.1.0.42:39375|priority:1|startupRole:FOLLOWER, 6520bee8-8bdf-48f9-93d9-ec62562c6e83|rpc:10.1.0.42:40233|dataStream:10.1.0.42:41833|priority:0|startupRole:FOLLOWER]|listeners:[], old=null
2023-05-05 09:12:22,997 [pool-674-thread-1] INFO  server.RaftServer$Division (RaftServerImpl.java:setRole(321)) - 5ca39de1-525d-4da6-b46f-4f3b09d3711c@group-4C3C251172CF: changes role from      null to FOLLOWER at term 0 for startAsFollower
2023-05-05 09:12:22,997 [pool-674-thread-1] INFO  impl.RoleInfo (RoleInfo.java:updateAndGet(139)) - 5ca39de1-525d-4da6-b46f-4f3b09d3711c: start 5ca39de1-525d-4da6-b46f-4f3b09d3711c@group-4C3C251172CF-FollowerState
2023-05-05 09:12:22,997 [pool-674-thread-1] INFO  util.JmxRegister (JmxRegister.java:tryRegister(44)) - Successfully registered JMX Bean with object name Ratis:service=RaftServer,group=group-4C3C251172CF,id=5ca39de1-525d-4da6-b46f-4f3b09d3711c
2023-05-05 09:12:22,998 [pool-674-thread-1] INFO  server.RaftServerConfigKeys (ConfUtils.java:logGet(46)) - raft.server.snapshot.auto.trigger.enabled = true (custom)
2023-05-05 09:12:22,998 [pool-674-thread-1] INFO  server.RaftServerConfigKeys (ConfUtils.java:logGet(46)) - raft.server.snapshot.auto.trigger.threshold = 10000 (custom)
2023-05-05 09:12:22,998 [pool-674-thread-1] INFO  server.RaftServerConfigKeys (ConfUtils.java:logGet(46)) - raft.server.snapshot.retention.file.num = 5 (custom)
2023-05-05 09:12:22,998 [pool-674-thread-1] INFO  server.RaftServerConfigKeys (ConfUtils.java:logGet(46)) - raft.server.log.purge.upto.snapshot.index = false (default)
2023-05-05 09:12:22,998 [5ca39de1-525d-4da6-b46f-4f3b09d3711c@group-4C3C251172CF-FollowerState] INFO  server.RaftServerConfigKeys (ConfUtils.java:logFallback(53)) - raft.server.rpc.first-election.timeout.min = 5s (fallback to raft.server.rpc.timeout.min)
2023-05-05 09:12:22,998 [5ca39de1-525d-4da6-b46f-4f3b09d3711c@group-4C3C251172CF-FollowerState] INFO  server.RaftServerConfigKeys (ConfUtils.java:logFallback(53)) - raft.server.rpc.first-election.timeout.max = 5200ms (fallback to raft.server.rpc.timeout.max)
2023-05-05 09:12:23,009 [Command processor thread] INFO  commandhandler.CreatePipelineCommandHandler (CreatePipelineCommandHandler.java:handle(113)) - Created Pipeline RATIS THREE PipelineID=6994c7d0-c0fa-4509-b024-4c3c251172cf.
2023-05-05 09:12:23,009 [Command processor thread] INFO  server.RaftServer (RaftServerProxy.java:addNew(96)) - 6520bee8-8bdf-48f9-93d9-ec62562c6e83: addNew group-D11728A34643:[5ca39de1-525d-4da6-b46f-4f3b09d3711c|rpc:10.1.0.42:35995|dataStream:10.1.0.42:38643|priority:1|startupRole:FOLLOWER, ee38f84b-8433-476e-8c71-34949542cd2b|rpc:10.1.0.42:33633|dataStream:10.1.0.42:39375|priority:0|startupRole:FOLLOWER, 6520bee8-8bdf-48f9-93d9-ec62562c6e83|rpc:10.1.0.42:40233|dataStream:10.1.0.42:41833|priority:0|startupRole:FOLLOWER] returns group-D11728A34643:java.util.concurrent.CompletableFuture@697c187e[Not completed]
2023-05-05 09:12:23,010 [pool-630-thread-1] INFO  server.RaftServer$Division (RaftServerImpl.java:<init>(195)) - 6520bee8-8bdf-48f9-93d9-ec62562c6e83: new RaftServerImpl for group-D11728A34643:[5ca39de1-525d-4da6-b46f-4f3b09d3711c|rpc:10.1.0.42:35995|dataStream:10.1.0.42:38643|priority:1|startupRole:FOLLOWER, ee38f84b-8433-476e-8c71-34949542cd2b|rpc:10.1.0.42:33633|dataStream:10.1.0.42:39375|priority:0|startupRole:FOLLOWER, 6520bee8-8bdf-48f9-93d9-ec62562c6e83|rpc:10.1.0.42:40233|dataStream:10.1.0.42:41833|priority:0|startupRole:FOLLOWER] with ContainerStateMachine:uninitialized
2023-05-05 09:12:23,010 [pool-630-thread-1] INFO  server.RaftServerConfigKeys (ConfUtils.java:logGet(46)) - raft.server.rpc.timeout.min = 5s (custom)
2023-05-05 09:12:23,010 [pool-630-thread-1] INFO  server.RaftServerConfigKeys (ConfUtils.java:logGet(46)) - raft.server.rpc.timeout.max = 5200ms (custom)
2023-05-05 09:12:23,010 [pool-630-thread-1] INFO  server.RaftServerConfigKeys (ConfUtils.java:logGet(46)) - raft.server.rpc.sleep.time = 25ms (default)
2023-05-05 09:12:23,010 [pool-630-thread-1] INFO  server.RaftServerConfigKeys (ConfUtils.java:logGet(46)) - raft.server.rpc.slowness.timeout = 300s (custom)
2023-05-05 09:12:23,011 [pool-630-thread-1] INFO  server.RaftServerConfigKeys (ConfUtils.java:logGet(46)) - raft.server.leaderelection.leader.step-down.wait-time = 10s (default)
2023-05-05 09:12:23,011 [pool-630-thread-1] INFO  server.RaftServerConfigKeys (ConfUtils.java:logGet(46)) - raft.server.sleep.deviation.threshold = 300ms (default)
2023-05-05 09:12:23,011 [pool-630-thread-1] INFO  server.RaftServer$Division (ServerState.java:<init>(118)) - 6520bee8-8bdf-48f9-93d9-ec62562c6e83@group-D11728A34643: ConfigurationManager, init=-1: peers:[5ca39de1-525d-4da6-b46f-4f3b09d3711c|rpc:10.1.0.42:35995|dataStream:10.1.0.42:38643|priority:1|startupRole:FOLLOWER, ee38f84b-8433-476e-8c71-34949542cd2b|rpc:10.1.0.42:33633|dataStream:10.1.0.42:39375|priority:0|startupRole:FOLLOWER, 6520bee8-8bdf-48f9-93d9-ec62562c6e83|rpc:10.1.0.42:40233|dataStream:10.1.0.42:41833|priority:0|startupRole:FOLLOWER]|listeners:[], old=null, confs=<EMPTY_MAP>
2023-05-05 09:12:23,011 [pool-630-thread-1] INFO  server.RaftServerConfigKeys (ConfUtils.java:logGet(46)) - raft.server.storage.dir = [/home/runner/work/ozone/ozone/hadoop-ozone/integration-test/target/test-dir/MiniOzoneClusterImpl-da0de1e2-202c-4ae6-9300-2fe7d9a9c5f7/datanode-0/data/ratis] (custom)
2023-05-05 09:12:23,011 [pool-630-thread-1] INFO  server.RaftServerConfigKeys (ConfUtils.java:logGet(46)) - raft.server.log.corruption.policy = EXCEPTION (default)
2023-05-05 09:12:23,011 [pool-630-thread-1] INFO  server.RaftServerConfigKeys (ConfUtils.java:logGet(46)) - raft.server.storage.free-space.min = 0MB (=0) (default)
2023-05-05 09:12:23,011 [pool-630-thread-1] INFO  server.RaftServerConfigKeys (ConfUtils.java:logGet(46)) - raft.server.notification.no-leader.timeout = 300s (custom)
2023-05-05 09:12:23,011 [pool-630-thread-1] INFO  server.RaftServerConfigKeys (ConfUtils.java:logGet(46)) - raft.server.retrycache.expirytime = 600000ms (custom)
2023-05-05 09:12:23,011 [pool-630-thread-1] INFO  server.RaftServerConfigKeys (ConfUtils.java:logGet(46)) - raft.server.retrycache.statistics.expirytime = 100μs (default)
2023-05-05 09:12:23,012 [pool-630-thread-1] INFO  server.RaftServerConfigKeys (ConfUtils.java:logGet(46)) - raft.server.log.appender.install.snapshot.enabled = false (custom)
2023-05-05 09:12:23,012 [pool-630-thread-1] INFO  server.RaftServerConfigKeys (ConfUtils.java:logGet(46)) - raft.server.threadpool.server.cached = true (default)
2023-05-05 09:12:23,012 [pool-630-thread-1] INFO  server.RaftServerConfigKeys (ConfUtils.java:logGet(46)) - raft.server.threadpool.server.size = 0 (default)
2023-05-05 09:12:23,012 [pool-630-thread-1] INFO  server.RaftServerConfigKeys (ConfUtils.java:logGet(46)) - raft.server.threadpool.client.cached = true (default)
2023-05-05 09:12:23,012 [pool-630-thread-1] INFO  server.RaftServerConfigKeys (ConfUtils.java:logGet(46)) - raft.server.threadpool.client.size = 0 (default)
2023-05-05 09:12:23,012 [pool-630-thread-1] INFO  storage.RaftStorageDirectory (RaftStorageDirectoryImpl.java:analyzeStorage(137)) - The storage directory /home/runner/work/ozone/ozone/hadoop-ozone/integration-test/target/test-dir/MiniOzoneClusterImpl-da0de1e2-202c-4ae6-9300-2fe7d9a9c5f7/datanode-0/data/ratis/36af11ff-bacc-4460-99d7-d11728a34643 does not exist. Creating ...
2023-05-05 09:12:23,013 [pool-630-thread-1] INFO  storage.RaftStorageDirectory (RaftStorageDirectoryImpl.java:tryLock(231)) - Lock on /home/runner/work/ozone/ozone/hadoop-ozone/integration-test/target/test-dir/MiniOzoneClusterImpl-da0de1e2-202c-4ae6-9300-2fe7d9a9c5f7/datanode-0/data/ratis/36af11ff-bacc-4460-99d7-d11728a34643/in_use.lock acquired by nodename 7812@fv-az152-207
2023-05-05 09:12:23,014 [pool-630-thread-1] INFO  storage.RaftStorage (RaftStorageImpl.java:format(96)) - Storage directory /home/runner/work/ozone/ozone/hadoop-ozone/integration-test/target/test-dir/MiniOzoneClusterImpl-da0de1e2-202c-4ae6-9300-2fe7d9a9c5f7/datanode-0/data/ratis/36af11ff-bacc-4460-99d7-d11728a34643 has been successfully formatted.
2023-05-05 09:12:23,015 [pool-630-thread-1] INFO  ratis.ContainerStateMachine (ContainerStateMachine.java:loadSnapshot(262)) - group-D11728A34643: The snapshot info is null. Setting the last applied indexto:(t:0, i:~)
2023-05-05 09:12:23,015 [pool-630-thread-1] INFO  server.RaftServerConfigKeys (ConfUtils.java:logGet(46)) - raft.server.log.use.memory = false (default)
2023-05-05 09:12:23,015 [pool-630-thread-1] INFO  server.RaftServerConfigKeys (ConfUtils.java:logGet(46)) - raft.server.log.purge.gap = 1000000 (custom)
2023-05-05 09:12:23,015 [pool-630-thread-1] INFO  server.RaftServerConfigKeys (ConfUtils.java:logGet(46)) - raft.server.log.appender.buffer.byte-limit = 33554432 (custom)
2023-05-05 09:12:23,015 [pool-630-thread-1] INFO  server.RaftServerConfigKeys (ConfUtils.java:logGet(46)) - raft.server.log.statemachine.data.read.timeout = 1000ms (default)
2023-05-05 09:12:23,015 [pool-630-thread-1] INFO  server.RaftServerConfigKeys (ConfUtils.java:logGet(46)) - raft.server.log.purge.preservation.log.num = 0 (default)
2023-05-05 09:12:23,015 [pool-630-thread-1] INFO  server.RaftServerConfigKeys (ConfUtils.java:logGet(46)) - raft.server.log.segment.size.max = 1048576 (custom)
2023-05-05 09:12:23,016 [pool-630-thread-1] INFO  server.RaftServerConfigKeys (ConfUtils.java:logGet(46)) - raft.server.log.segment.cache.num.max = 2 (custom)
2023-05-05 09:12:23,016 [pool-630-thread-1] INFO  server.RaftServerConfigKeys (ConfUtils.java:logGet(46)) - raft.server.log.segment.cache.size.max = 200MB (=209715200) (default)
2023-05-05 09:12:23,016 [pool-630-thread-1] INFO  segmented.SegmentedRaftLogWorker (SegmentedRaftLogWorker.java:<init>(189)) - new 6520bee8-8bdf-48f9-93d9-ec62562c6e83@group-D11728A34643-SegmentedRaftLogWorker for RaftStorageImpl:Storage Directory /home/runner/work/ozone/ozone/hadoop-ozone/integration-test/target/test-dir/MiniOzoneClusterImpl-da0de1e2-202c-4ae6-9300-2fe7d9a9c5f7/datanode-0/data/ratis/36af11ff-bacc-4460-99d7-d11728a34643
2023-05-05 09:12:23,016 [pool-630-thread-1] INFO  server.RaftServerConfigKeys (ConfUtils.java:logGet(46)) - raft.server.log.queue.byte-limit = 4294967296 (custom)
2023-05-05 09:12:23,016 [pool-630-thread-1] INFO  server.RaftServerConfigKeys (ConfUtils.java:logGet(46)) - raft.server.log.queue.element-limit = 1024 (custom)
2023-05-05 09:12:23,017 [EventQueue-OpenPipelineForHealthyPipelineSafeModeRule] INFO  safemode.SCMSafeModeManager (HealthyPipelineSafeModeRule.java:process(137)) - SCM in safe mode. Healthy pipelines reported count is 0, required healthy pipeline reported count is 1
2023-05-05 09:12:23,017 [pool-630-thread-1] INFO  server.RaftServerConfigKeys (ConfUtils.java:logGet(46)) - raft.server.log.segment.size.max = 1048576 (custom)
2023-05-05 09:12:23,017 [pool-630-thread-1] INFO  server.RaftServerConfigKeys (ConfUtils.java:logGet(46)) - raft.server.log.preallocated.size = 16384 (custom)
2023-05-05 09:12:23,017 [pool-630-thread-1] INFO  server.RaftServerConfigKeys (ConfUtils.java:logGet(46)) - raft.server.log.force.sync.num = 128 (default)
2023-05-05 09:12:23,017 [pool-630-thread-1] INFO  server.RaftServerConfigKeys (ConfUtils.java:logGet(46)) - raft.server.log.statemachine.data.sync = true (default)
2023-05-05 09:12:23,017 [pool-630-thread-1] INFO  server.RaftServerConfigKeys (ConfUtils.java:logGet(46)) - raft.server.log.statemachine.data.sync.timeout = 10s (default)
2023-05-05 09:12:23,017 [pool-630-thread-1] INFO  server.RaftServerConfigKeys (ConfUtils.java:logGet(46)) - raft.server.log.statemachine.data.sync.timeout.retry = -1 (default)
2023-05-05 09:12:23,018 [pool-630-thread-1] INFO  server.RaftServerConfigKeys (ConfUtils.java:logGet(46)) - raft.server.log.write.buffer.size = 1048576 (custom)
2023-05-05 09:12:23,018 [pool-630-thread-1] INFO  server.RaftServerConfigKeys (ConfUtils.java:logGet(46)) - raft.server.log.appender.buffer.byte-limit = 33554432 (custom)
2023-05-05 09:12:23,025 [pool-630-thread-1] INFO  server.RaftServerConfigKeys (ConfUtils.java:logGet(46)) - raft.server.log.unsafe-flush.enabled = false (default)
2023-05-05 09:12:23,025 [pool-630-thread-1] INFO  server.RaftServerConfigKeys (ConfUtils.java:logGet(46)) - raft.server.log.async-flush.enabled = false (default)
2023-05-05 09:12:23,025 [pool-630-thread-1] INFO  server.RaftServerConfigKeys (ConfUtils.java:logGet(46)) - raft.server.log.statemachine.data.caching.enabled = true (custom)
2023-05-05 09:12:23,026 [pool-630-thread-1] INFO  segmented.SegmentedRaftLogWorker (SegmentedRaftLogWorker.java:lambda$new$0(135)) - 6520bee8-8bdf-48f9-93d9-ec62562c6e83@group-D11728A34643-SegmentedRaftLogWorker: flushIndex: setUnconditionally 0 -> -1
2023-05-05 09:12:23,026 [pool-630-thread-1] INFO  segmented.SegmentedRaftLogWorker (SegmentedRaftLogWorker.java:lambda$new$0(135)) - 6520bee8-8bdf-48f9-93d9-ec62562c6e83@group-D11728A34643-SegmentedRaftLogWorker: safeCacheEvictIndex: setUnconditionally 0 -> -1
2023-05-05 09:12:23,027 [pool-630-thread-1] INFO  server.RaftServer$Division (RaftServerImpl.java:start(334)) - 6520bee8-8bdf-48f9-93d9-ec62562c6e83@group-D11728A34643: start as a follower, conf=-1: peers:[5ca39de1-525d-4da6-b46f-4f3b09d3711c|rpc:10.1.0.42:35995|dataStream:10.1.0.42:38643|priority:1|startupRole:FOLLOWER, ee38f84b-8433-476e-8c71-34949542cd2b|rpc:10.1.0.42:33633|dataStream:10.1.0.42:39375|priority:0|startupRole:FOLLOWER, 6520bee8-8bdf-48f9-93d9-ec62562c6e83|rpc:10.1.0.42:40233|dataStream:10.1.0.42:41833|priority:0|startupRole:FOLLOWER]|listeners:[], old=null
2023-05-05 09:12:23,028 [pool-630-thread-1] INFO  server.RaftServer$Division (RaftServerImpl.java:setRole(321)) - 6520bee8-8bdf-48f9-93d9-ec62562c6e83@group-D11728A34643: changes role from      null to FOLLOWER at term 0 for startAsFollower
2023-05-05 09:12:23,028 [pool-630-thread-1] INFO  impl.RoleInfo (RoleInfo.java:updateAndGet(139)) - 6520bee8-8bdf-48f9-93d9-ec62562c6e83: start 6520bee8-8bdf-48f9-93d9-ec62562c6e83@group-D11728A34643-FollowerState
2023-05-05 09:12:23,030 [pool-630-thread-1] INFO  util.JmxRegister (JmxRegister.java:tryRegister(44)) - Successfully registered JMX Bean with object name Ratis:service=RaftServer,group=group-D11728A34643,id=6520bee8-8bdf-48f9-93d9-ec62562c6e83
2023-05-05 09:12:23,030 [pool-630-thread-1] INFO  server.RaftServerConfigKeys (ConfUtils.java:logGet(46)) - raft.server.snapshot.auto.trigger.enabled = true (custom)
2023-05-05 09:12:23,030 [pool-630-thread-1] INFO  server.RaftServerConfigKeys (ConfUtils.java:logGet(46)) - raft.server.snapshot.auto.trigger.threshold = 10000 (custom)
2023-05-05 09:12:23,030 [pool-630-thread-1] INFO  server.RaftServerConfigKeys (ConfUtils.java:logGet(46)) - raft.server.snapshot.retention.file.num = 5 (custom)
2023-05-05 09:12:23,030 [pool-630-thread-1] INFO  server.RaftServerConfigKeys (ConfUtils.java:logGet(46)) - raft.server.log.purge.upto.snapshot.index = false (default)
2023-05-05 09:12:23,031 [6520bee8-8bdf-48f9-93d9-ec62562c6e83@group-D11728A34643-FollowerState] INFO  server.RaftServerConfigKeys (ConfUtils.java:logFallback(53)) - raft.server.rpc.first-election.timeout.min = 5s (fallback to raft.server.rpc.timeout.min)
2023-05-05 09:12:23,031 [6520bee8-8bdf-48f9-93d9-ec62562c6e83@group-D11728A34643-FollowerState] INFO  server.RaftServerConfigKeys (ConfUtils.java:logFallback(53)) - raft.server.rpc.first-election.timeout.max = 5200ms (fallback to raft.server.rpc.timeout.max)
2023-05-05 09:12:23,034 [Command processor thread] INFO  ratis.XceiverServerRatis (XceiverServerRatis.java:addGroup(806)) - Created group PipelineID=36af11ff-bacc-4460-99d7-d11728a34643
2023-05-05 09:12:23,049 [grpc-default-executor-0] INFO  server.RaftServer (RaftServerProxy.java:addNew(96)) - 5ca39de1-525d-4da6-b46f-4f3b09d3711c: addNew group-D11728A34643:[5ca39de1-525d-4da6-b46f-4f3b09d3711c|rpc:10.1.0.42:35995|dataStream:10.1.0.42:38643|priority:1|startupRole:FOLLOWER, ee38f84b-8433-476e-8c71-34949542cd2b|rpc:10.1.0.42:33633|dataStream:10.1.0.42:39375|priority:0|startupRole:FOLLOWER, 6520bee8-8bdf-48f9-93d9-ec62562c6e83|rpc:10.1.0.42:40233|dataStream:10.1.0.42:41833|priority:0|startupRole:FOLLOWER] returns group-D11728A34643:java.util.concurrent.CompletableFuture@633b87d8[Not completed]
2023-05-05 09:12:23,050 [pool-674-thread-1] INFO  server.RaftServer$Division (RaftServerImpl.java:<init>(195)) - 5ca39de1-525d-4da6-b46f-4f3b09d3711c: new RaftServerImpl for group-D11728A34643:[5ca39de1-525d-4da6-b46f-4f3b09d3711c|rpc:10.1.0.42:35995|dataStream:10.1.0.42:38643|priority:1|startupRole:FOLLOWER, ee38f84b-8433-476e-8c71-34949542cd2b|rpc:10.1.0.42:33633|dataStream:10.1.0.42:39375|priority:0|startupRole:FOLLOWER, 6520bee8-8bdf-48f9-93d9-ec62562c6e83|rpc:10.1.0.42:40233|dataStream:10.1.0.42:41833|priority:0|startupRole:FOLLOWER] with ContainerStateMachine:uninitialized
2023-05-05 09:12:23,050 [pool-674-thread-1] INFO  server.RaftServerConfigKeys (ConfUtils.java:logGet(46)) - raft.server.rpc.timeout.min = 5s (custom)
2023-05-05 09:12:23,050 [pool-674-thread-1] INFO  server.RaftServerConfigKeys (ConfUtils.java:logGet(46)) - raft.server.rpc.timeout.max = 5200ms (custom)
2023-05-05 09:12:23,050 [pool-674-thread-1] INFO  server.RaftServerConfigKeys (ConfUtils.java:logGet(46)) - raft.server.rpc.sleep.time = 25ms (default)
2023-05-05 09:12:23,050 [pool-674-thread-1] INFO  server.RaftServerConfigKeys (ConfUtils.java:logGet(46)) - raft.server.rpc.slowness.timeout = 300s (custom)
2023-05-05 09:12:23,050 [pool-674-thread-1] INFO  server.RaftServerConfigKeys (ConfUtils.java:logGet(46)) - raft.server.leaderelection.leader.step-down.wait-time = 10s (default)
2023-05-05 09:12:23,050 [pool-674-thread-1] INFO  server.RaftServerConfigKeys (ConfUtils.java:logGet(46)) - raft.server.sleep.deviation.threshold = 300ms (default)
2023-05-05 09:12:23,050 [pool-674-thread-1] INFO  server.RaftServer$Division (ServerState.java:<init>(118)) - 5ca39de1-525d-4da6-b46f-4f3b09d3711c@group-D11728A34643: ConfigurationManager, init=-1: peers:[5ca39de1-525d-4da6-b46f-4f3b09d3711c|rpc:10.1.0.42:35995|dataStream:10.1.0.42:38643|priority:1|startupRole:FOLLOWER, ee38f84b-8433-476e-8c71-34949542cd2b|rpc:10.1.0.42:33633|dataStream:10.1.0.42:39375|priority:0|startupRole:FOLLOWER, 6520bee8-8bdf-48f9-93d9-ec62562c6e83|rpc:10.1.0.42:40233|dataStream:10.1.0.42:41833|priority:0|startupRole:FOLLOWER]|listeners:[], old=null, confs=<EMPTY_MAP>
2023-05-05 09:12:23,050 [pool-674-thread-1] INFO  server.RaftServerConfigKeys (ConfUtils.java:logGet(46)) - raft.server.storage.dir = [/home/runner/work/ozone/ozone/hadoop-ozone/integration-test/target/test-dir/MiniOzoneClusterImpl-da0de1e2-202c-4ae6-9300-2fe7d9a9c5f7/datanode-2/data/ratis] (custom)
2023-05-05 09:12:23,051 [pool-674-thread-1] INFO  server.RaftServerConfigKeys (ConfUtils.java:logGet(46)) - raft.server.log.corruption.policy = EXCEPTION (default)
2023-05-05 09:12:23,051 [pool-674-thread-1] INFO  server.RaftServerConfigKeys (ConfUtils.java:logGet(46)) - raft.server.storage.free-space.min = 0MB (=0) (default)
2023-05-05 09:12:23,051 [pool-674-thread-1] INFO  server.RaftServerConfigKeys (ConfUtils.java:logGet(46)) - raft.server.notification.no-leader.timeout = 300s (custom)
2023-05-05 09:12:23,051 [pool-674-thread-1] INFO  server.RaftServerConfigKeys (ConfUtils.java:logGet(46)) - raft.server.retrycache.expirytime = 600000ms (custom)
2023-05-05 09:12:23,051 [pool-674-thread-1] INFO  server.RaftServerConfigKeys (ConfUtils.java:logGet(46)) - raft.server.retrycache.statistics.expirytime = 100μs (default)
2023-05-05 09:12:23,051 [pool-674-thread-1] INFO  server.RaftServerConfigKeys (ConfUtils.java:logGet(46)) - raft.server.log.appender.install.snapshot.enabled = false (custom)
2023-05-05 09:12:23,051 [pool-674-thread-1] INFO  server.RaftServerConfigKeys (ConfUtils.java:logGet(46)) - raft.server.threadpool.server.cached = true (default)
2023-05-05 09:12:23,052 [pool-674-thread-1] INFO  server.RaftServerConfigKeys (ConfUtils.java:logGet(46)) - raft.server.threadpool.server.size = 0 (default)
2023-05-05 09:12:23,052 [pool-674-thread-1] INFO  server.RaftServerConfigKeys (ConfUtils.java:logGet(46)) - raft.server.threadpool.client.cached = true (default)
2023-05-05 09:12:23,052 [pool-674-thread-1] INFO  server.RaftServerConfigKeys (ConfUtils.java:logGet(46)) - raft.server.threadpool.client.size = 0 (default)
2023-05-05 09:12:23,052 [pool-674-thread-1] INFO  storage.RaftStorageDirectory (RaftStorageDirectoryImpl.java:analyzeStorage(137)) - The storage directory /home/runner/work/ozone/ozone/hadoop-ozone/integration-test/target/test-dir/MiniOzoneClusterImpl-da0de1e2-202c-4ae6-9300-2fe7d9a9c5f7/datanode-2/data/ratis/36af11ff-bacc-4460-99d7-d11728a34643 does not exist. Creating ...
2023-05-05 09:12:23,053 [pool-674-thread-1] INFO  storage.RaftStorageDirectory (RaftStorageDirectoryImpl.java:tryLock(231)) - Lock on /home/runner/work/ozone/ozone/hadoop-ozone/integration-test/target/test-dir/MiniOzoneClusterImpl-da0de1e2-202c-4ae6-9300-2fe7d9a9c5f7/datanode-2/data/ratis/36af11ff-bacc-4460-99d7-d11728a34643/in_use.lock acquired by nodename 7812@fv-az152-207
2023-05-05 09:12:23,054 [pool-674-thread-1] INFO  storage.RaftStorage (RaftStorageImpl.java:format(96)) - Storage directory /home/runner/work/ozone/ozone/hadoop-ozone/integration-test/target/test-dir/MiniOzoneClusterImpl-da0de1e2-202c-4ae6-9300-2fe7d9a9c5f7/datanode-2/data/ratis/36af11ff-bacc-4460-99d7-d11728a34643 has been successfully formatted.
2023-05-05 09:12:23,055 [pool-674-thread-1] INFO  ratis.ContainerStateMachine (ContainerStateMachine.java:loadSnapshot(262)) - group-D11728A34643: The snapshot info is null. Setting the last applied indexto:(t:0, i:~)
2023-05-05 09:12:23,056 [pool-674-thread-1] INFO  server.RaftServerConfigKeys (ConfUtils.java:logGet(46)) - raft.server.log.use.memory = false (default)
2023-05-05 09:12:23,056 [pool-674-thread-1] INFO  server.RaftServerConfigKeys (ConfUtils.java:logGet(46)) - raft.server.log.purge.gap = 1000000 (custom)
2023-05-05 09:12:23,057 [pool-674-thread-1] INFO  server.RaftServerConfigKeys (ConfUtils.java:logGet(46)) - raft.server.log.appender.buffer.byte-limit = 33554432 (custom)
2023-05-05 09:12:23,057 [pool-674-thread-1] INFO  server.RaftServerConfigKeys (ConfUtils.java:logGet(46)) - raft.server.log.statemachine.data.read.timeout = 1000ms (default)
2023-05-05 09:12:23,057 [pool-674-thread-1] INFO  server.RaftServerConfigKeys (ConfUtils.java:logGet(46)) - raft.server.log.purge.preservation.log.num = 0 (default)
2023-05-05 09:12:23,057 [pool-674-thread-1] INFO  server.RaftServerConfigKeys (ConfUtils.java:logGet(46)) - raft.server.log.segment.size.max = 1048576 (custom)
2023-05-05 09:12:23,057 [pool-674-thread-1] INFO  server.RaftServerConfigKeys (ConfUtils.java:logGet(46)) - raft.server.log.segment.cache.num.max = 2 (custom)
2023-05-05 09:12:23,057 [pool-674-thread-1] INFO  server.RaftServerConfigKeys (ConfUtils.java:logGet(46)) - raft.server.log.segment.cache.size.max = 200MB (=209715200) (default)
2023-05-05 09:12:23,057 [pool-674-thread-1] INFO  segmented.SegmentedRaftLogWorker (SegmentedRaftLogWorker.java:<init>(189)) - new 5ca39de1-525d-4da6-b46f-4f3b09d3711c@group-D11728A34643-SegmentedRaftLogWorker for RaftStorageImpl:Storage Directory /home/runner/work/ozone/ozone/hadoop-ozone/integration-test/target/test-dir/MiniOzoneClusterImpl-da0de1e2-202c-4ae6-9300-2fe7d9a9c5f7/datanode-2/data/ratis/36af11ff-bacc-4460-99d7-d11728a34643
2023-05-05 09:12:23,057 [pool-674-thread-1] INFO  server.RaftServerConfigKeys (ConfUtils.java:logGet(46)) - raft.server.log.queue.byte-limit = 4294967296 (custom)
2023-05-05 09:12:23,057 [pool-674-thread-1] INFO  server.RaftServerConfigKeys (ConfUtils.java:logGet(46)) - raft.server.log.queue.element-limit = 1024 (custom)
2023-05-05 09:12:23,057 [pool-674-thread-1] INFO  server.RaftServerConfigKeys (ConfUtils.java:logGet(46)) - raft.server.log.segment.size.max = 1048576 (custom)
2023-05-05 09:12:23,057 [pool-674-thread-1] INFO  server.RaftServerConfigKeys (ConfUtils.java:logGet(46)) - raft.server.log.preallocated.size = 16384 (custom)
2023-05-05 09:12:23,057 [pool-674-thread-1] INFO  server.RaftServerConfigKeys (ConfUtils.java:logGet(46)) - raft.server.log.force.sync.num = 128 (default)
2023-05-05 09:12:23,057 [pool-674-thread-1] INFO  server.RaftServerConfigKeys (ConfUtils.java:logGet(46)) - raft.server.log.statemachine.data.sync = true (default)
2023-05-05 09:12:23,057 [pool-674-thread-1] INFO  server.RaftServerConfigKeys (ConfUtils.java:logGet(46)) - raft.server.log.statemachine.data.sync.timeout = 10s (default)
2023-05-05 09:12:23,057 [pool-674-thread-1] INFO  server.RaftServerConfigKeys (ConfUtils.java:logGet(46)) - raft.server.log.statemachine.data.sync.timeout.retry = -1 (default)
2023-05-05 09:12:23,058 [pool-674-thread-1] INFO  server.RaftServerConfigKeys (ConfUtils.java:logGet(46)) - raft.server.log.write.buffer.size = 1048576 (custom)
2023-05-05 09:12:23,059 [pool-674-thread-1] INFO  server.RaftServerConfigKeys (ConfUtils.java:logGet(46)) - raft.server.log.appender.buffer.byte-limit = 33554432 (custom)
2023-05-05 09:12:23,063 [pool-674-thread-1] INFO  server.RaftServerConfigKeys (ConfUtils.java:logGet(46)) - raft.server.log.unsafe-flush.enabled = false (default)
2023-05-05 09:12:23,063 [pool-674-thread-1] INFO  server.RaftServerConfigKeys (ConfUtils.java:logGet(46)) - raft.server.log.async-flush.enabled = false (default)
2023-05-05 09:12:23,063 [pool-674-thread-1] INFO  server.RaftServerConfigKeys (ConfUtils.java:logGet(46)) - raft.server.log.statemachine.data.caching.enabled = true (custom)
2023-05-05 09:12:23,064 [pool-674-thread-1] INFO  segmented.SegmentedRaftLogWorker (SegmentedRaftLogWorker.java:lambda$new$0(135)) - 5ca39de1-525d-4da6-b46f-4f3b09d3711c@group-D11728A34643-SegmentedRaftLogWorker: flushIndex: setUnconditionally 0 -> -1
2023-05-05 09:12:23,064 [pool-674-thread-1] INFO  segmented.SegmentedRaftLogWorker (SegmentedRaftLogWorker.java:lambda$new$0(135)) - 5ca39de1-525d-4da6-b46f-4f3b09d3711c@group-D11728A34643-SegmentedRaftLogWorker: safeCacheEvictIndex: setUnconditionally 0 -> -1
2023-05-05 09:12:23,070 [pool-674-thread-1] INFO  server.RaftServer$Division (RaftServerImpl.java:start(334)) - 5ca39de1-525d-4da6-b46f-4f3b09d3711c@group-D11728A34643: start as a follower, conf=-1: peers:[5ca39de1-525d-4da6-b46f-4f3b09d3711c|rpc:10.1.0.42:35995|dataStream:10.1.0.42:38643|priority:1|startupRole:FOLLOWER, ee38f84b-8433-476e-8c71-34949542cd2b|rpc:10.1.0.42:33633|dataStream:10.1.0.42:39375|priority:0|startupRole:FOLLOWER, 6520bee8-8bdf-48f9-93d9-ec62562c6e83|rpc:10.1.0.42:40233|dataStream:10.1.0.42:41833|priority:0|startupRole:FOLLOWER]|listeners:[], old=null
2023-05-05 09:12:23,070 [pool-674-thread-1] INFO  server.RaftServer$Division (RaftServerImpl.java:setRole(321)) - 5ca39de1-525d-4da6-b46f-4f3b09d3711c@group-D11728A34643: changes role from      null to FOLLOWER at term 0 for startAsFollower
2023-05-05 09:12:23,070 [pool-674-thread-1] INFO  impl.RoleInfo (RoleInfo.java:updateAndGet(139)) - 5ca39de1-525d-4da6-b46f-4f3b09d3711c: start 5ca39de1-525d-4da6-b46f-4f3b09d3711c@group-D11728A34643-FollowerState
2023-05-05 09:12:23,072 [pool-674-thread-1] INFO  util.JmxRegister (JmxRegister.java:tryRegister(44)) - Successfully registered JMX Bean with object name Ratis:service=RaftServer,group=group-D11728A34643,id=5ca39de1-525d-4da6-b46f-4f3b09d3711c
2023-05-05 09:12:23,072 [pool-674-thread-1] INFO  server.RaftServerConfigKeys (ConfUtils.java:logGet(46)) - raft.server.snapshot.auto.trigger.enabled = true (custom)
2023-05-05 09:12:23,072 [pool-674-thread-1] INFO  server.RaftServerConfigKeys (ConfUtils.java:logGet(46)) - raft.server.snapshot.auto.trigger.threshold = 10000 (custom)
2023-05-05 09:12:23,072 [pool-674-thread-1] INFO  server.RaftServerConfigKeys (ConfUtils.java:logGet(46)) - raft.server.snapshot.retention.file.num = 5 (custom)
2023-05-05 09:12:23,073 [pool-674-thread-1] INFO  server.RaftServerConfigKeys (ConfUtils.java:logGet(46)) - raft.server.log.purge.upto.snapshot.index = false (default)
2023-05-05 09:12:23,073 [5ca39de1-525d-4da6-b46f-4f3b09d3711c@group-D11728A34643-FollowerState] INFO  server.RaftServerConfigKeys (ConfUtils.java:logFallback(53)) - raft.server.rpc.first-election.timeout.min = 5s (fallback to raft.server.rpc.timeout.min)
2023-05-05 09:12:23,073 [5ca39de1-525d-4da6-b46f-4f3b09d3711c@group-D11728A34643-FollowerState] INFO  server.RaftServerConfigKeys (ConfUtils.java:logFallback(53)) - raft.server.rpc.first-election.timeout.max = 5200ms (fallback to raft.server.rpc.timeout.max)
2023-05-05 09:12:23,089 [grpc-default-executor-0] INFO  server.RaftServer (RaftServerProxy.java:addNew(96)) - ee38f84b-8433-476e-8c71-34949542cd2b: addNew group-D11728A34643:[5ca39de1-525d-4da6-b46f-4f3b09d3711c|rpc:10.1.0.42:35995|dataStream:10.1.0.42:38643|priority:1|startupRole:FOLLOWER, ee38f84b-8433-476e-8c71-34949542cd2b|rpc:10.1.0.42:33633|dataStream:10.1.0.42:39375|priority:0|startupRole:FOLLOWER, 6520bee8-8bdf-48f9-93d9-ec62562c6e83|rpc:10.1.0.42:40233|dataStream:10.1.0.42:41833|priority:0|startupRole:FOLLOWER] returns group-D11728A34643:java.util.concurrent.CompletableFuture@734a0fbe[Not completed]
2023-05-05 09:12:23,090 [pool-652-thread-1] INFO  server.RaftServer$Division (RaftServerImpl.java:<init>(195)) - ee38f84b-8433-476e-8c71-34949542cd2b: new RaftServerImpl for group-D11728A34643:[5ca39de1-525d-4da6-b46f-4f3b09d3711c|rpc:10.1.0.42:35995|dataStream:10.1.0.42:38643|priority:1|startupRole:FOLLOWER, ee38f84b-8433-476e-8c71-34949542cd2b|rpc:10.1.0.42:33633|dataStream:10.1.0.42:39375|priority:0|startupRole:FOLLOWER, 6520bee8-8bdf-48f9-93d9-ec62562c6e83|rpc:10.1.0.42:40233|dataStream:10.1.0.42:41833|priority:0|startupRole:FOLLOWER] with ContainerStateMachine:uninitialized
2023-05-05 09:12:23,090 [pool-652-thread-1] INFO  server.RaftServerConfigKeys (ConfUtils.java:logGet(46)) - raft.server.rpc.timeout.min = 5s (custom)
2023-05-05 09:12:23,090 [pool-652-thread-1] INFO  server.RaftServerConfigKeys (ConfUtils.java:logGet(46)) - raft.server.rpc.timeout.max = 5200ms (custom)
2023-05-05 09:12:23,090 [pool-652-thread-1] INFO  server.RaftServerConfigKeys (ConfUtils.java:logGet(46)) - raft.server.rpc.sleep.time = 25ms (default)
2023-05-05 09:12:23,090 [pool-652-thread-1] INFO  server.RaftServerConfigKeys (ConfUtils.java:logGet(46)) - raft.server.rpc.slowness.timeout = 300s (custom)
2023-05-05 09:12:23,090 [pool-652-thread-1] INFO  server.RaftServerConfigKeys (ConfUtils.java:logGet(46)) - raft.server.leaderelection.leader.step-down.wait-time = 10s (default)
2023-05-05 09:12:23,090 [pool-652-thread-1] INFO  server.RaftServerConfigKeys (ConfUtils.java:logGet(46)) - raft.server.sleep.deviation.threshold = 300ms (default)
2023-05-05 09:12:23,091 [pool-652-thread-1] INFO  server.RaftServer$Division (ServerState.java:<init>(118)) - ee38f84b-8433-476e-8c71-34949542cd2b@group-D11728A34643: ConfigurationManager, init=-1: peers:[5ca39de1-525d-4da6-b46f-4f3b09d3711c|rpc:10.1.0.42:35995|dataStream:10.1.0.42:38643|priority:1|startupRole:FOLLOWER, ee38f84b-8433-476e-8c71-34949542cd2b|rpc:10.1.0.42:33633|dataStream:10.1.0.42:39375|priority:0|startupRole:FOLLOWER, 6520bee8-8bdf-48f9-93d9-ec62562c6e83|rpc:10.1.0.42:40233|dataStream:10.1.0.42:41833|priority:0|startupRole:FOLLOWER]|listeners:[], old=null, confs=<EMPTY_MAP>
2023-05-05 09:12:23,091 [pool-652-thread-1] INFO  server.RaftServerConfigKeys (ConfUtils.java:logGet(46)) - raft.server.storage.dir = [/home/runner/work/ozone/ozone/hadoop-ozone/integration-test/target/test-dir/MiniOzoneClusterImpl-da0de1e2-202c-4ae6-9300-2fe7d9a9c5f7/datanode-1/data/ratis] (custom)
2023-05-05 09:12:23,091 [pool-652-thread-1] INFO  server.RaftServerConfigKeys (ConfUtils.java:logGet(46)) - raft.server.log.corruption.policy = EXCEPTION (default)
2023-05-05 09:12:23,091 [pool-652-thread-1] INFO  server.RaftServerConfigKeys (ConfUtils.java:logGet(46)) - raft.server.storage.free-space.min = 0MB (=0) (default)
2023-05-05 09:12:23,091 [pool-652-thread-1] INFO  server.RaftServerConfigKeys (ConfUtils.java:logGet(46)) - raft.server.notification.no-leader.timeout = 300s (custom)
2023-05-05 09:12:23,091 [pool-652-thread-1] INFO  server.RaftServerConfigKeys (ConfUtils.java:logGet(46)) - raft.server.retrycache.expirytime = 600000ms (custom)
2023-05-05 09:12:23,091 [pool-652-thread-1] INFO  server.RaftServerConfigKeys (ConfUtils.java:logGet(46)) - raft.server.retrycache.statistics.expirytime = 100μs (default)
2023-05-05 09:12:23,092 [pool-652-thread-1] INFO  server.RaftServerConfigKeys (ConfUtils.java:logGet(46)) - raft.server.log.appender.install.snapshot.enabled = false (custom)
2023-05-05 09:12:23,092 [pool-652-thread-1] INFO  server.RaftServerConfigKeys (ConfUtils.java:logGet(46)) - raft.server.threadpool.server.cached = true (default)
2023-05-05 09:12:23,092 [pool-652-thread-1] INFO  server.RaftServerConfigKeys (ConfUtils.java:logGet(46)) - raft.server.threadpool.server.size = 0 (default)
2023-05-05 09:12:23,092 [pool-652-thread-1] INFO  server.RaftServerConfigKeys (ConfUtils.java:logGet(46)) - raft.server.threadpool.client.cached = true (default)
2023-05-05 09:12:23,092 [pool-652-thread-1] INFO  server.RaftServerConfigKeys (ConfUtils.java:logGet(46)) - raft.server.threadpool.client.size = 0 (default)
2023-05-05 09:12:23,095 [pool-652-thread-1] INFO  storage.RaftStorageDirectory (RaftStorageDirectoryImpl.java:analyzeStorage(137)) - The storage directory /home/runner/work/ozone/ozone/hadoop-ozone/integration-test/target/test-dir/MiniOzoneClusterImpl-da0de1e2-202c-4ae6-9300-2fe7d9a9c5f7/datanode-1/data/ratis/36af11ff-bacc-4460-99d7-d11728a34643 does not exist. Creating ...
2023-05-05 09:12:23,096 [pool-652-thread-1] INFO  storage.RaftStorageDirectory (RaftStorageDirectoryImpl.java:tryLock(231)) - Lock on /home/runner/work/ozone/ozone/hadoop-ozone/integration-test/target/test-dir/MiniOzoneClusterImpl-da0de1e2-202c-4ae6-9300-2fe7d9a9c5f7/datanode-1/data/ratis/36af11ff-bacc-4460-99d7-d11728a34643/in_use.lock acquired by nodename 7812@fv-az152-207
2023-05-05 09:12:23,098 [pool-652-thread-1] INFO  storage.RaftStorage (RaftStorageImpl.java:format(96)) - Storage directory /home/runner/work/ozone/ozone/hadoop-ozone/integration-test/target/test-dir/MiniOzoneClusterImpl-da0de1e2-202c-4ae6-9300-2fe7d9a9c5f7/datanode-1/data/ratis/36af11ff-bacc-4460-99d7-d11728a34643 has been successfully formatted.
2023-05-05 09:12:23,099 [pool-652-thread-1] INFO  ratis.ContainerStateMachine (ContainerStateMachine.java:loadSnapshot(262)) - group-D11728A34643: The snapshot info is null. Setting the last applied indexto:(t:0, i:~)
2023-05-05 09:12:23,099 [pool-652-thread-1] INFO  server.RaftServerConfigKeys (ConfUtils.java:logGet(46)) - raft.server.log.use.memory = false (default)
2023-05-05 09:12:23,099 [pool-652-thread-1] INFO  server.RaftServerConfigKeys (ConfUtils.java:logGet(46)) - raft.server.log.purge.gap = 1000000 (custom)
2023-05-05 09:12:23,099 [pool-652-thread-1] INFO  server.RaftServerConfigKeys (ConfUtils.java:logGet(46)) - raft.server.log.appender.buffer.byte-limit = 33554432 (custom)
2023-05-05 09:12:23,099 [pool-652-thread-1] INFO  server.RaftServerConfigKeys (ConfUtils.java:logGet(46)) - raft.server.log.statemachine.data.read.timeout = 1000ms (default)
2023-05-05 09:12:23,099 [pool-652-thread-1] INFO  server.RaftServerConfigKeys (ConfUtils.java:logGet(46)) - raft.server.log.purge.preservation.log.num = 0 (default)
2023-05-05 09:12:23,100 [pool-652-thread-1] INFO  server.RaftServerConfigKeys (ConfUtils.java:logGet(46)) - raft.server.log.segment.size.max = 1048576 (custom)
2023-05-05 09:12:23,100 [pool-652-thread-1] INFO  server.RaftServerConfigKeys (ConfUtils.java:logGet(46)) - raft.server.log.segment.cache.num.max = 2 (custom)
2023-05-05 09:12:23,100 [pool-652-thread-1] INFO  server.RaftServerConfigKeys (ConfUtils.java:logGet(46)) - raft.server.log.segment.cache.size.max = 200MB (=209715200) (default)
2023-05-05 09:12:23,100 [pool-652-thread-1] INFO  segmented.SegmentedRaftLogWorker (SegmentedRaftLogWorker.java:<init>(189)) - new ee38f84b-8433-476e-8c71-34949542cd2b@group-D11728A34643-SegmentedRaftLogWorker for RaftStorageImpl:Storage Directory /home/runner/work/ozone/ozone/hadoop-ozone/integration-test/target/test-dir/MiniOzoneClusterImpl-da0de1e2-202c-4ae6-9300-2fe7d9a9c5f7/datanode-1/data/ratis/36af11ff-bacc-4460-99d7-d11728a34643
2023-05-05 09:12:23,100 [pool-652-thread-1] INFO  server.RaftServerConfigKeys (ConfUtils.java:logGet(46)) - raft.server.log.queue.byte-limit = 4294967296 (custom)
2023-05-05 09:12:23,100 [pool-652-thread-1] INFO  server.RaftServerConfigKeys (ConfUtils.java:logGet(46)) - raft.server.log.queue.element-limit = 1024 (custom)
2023-05-05 09:12:23,101 [pool-652-thread-1] INFO  server.RaftServerConfigKeys (ConfUtils.java:logGet(46)) - raft.server.log.segment.size.max = 1048576 (custom)
2023-05-05 09:12:23,101 [pool-652-thread-1] INFO  server.RaftServerConfigKeys (ConfUtils.java:logGet(46)) - raft.server.log.preallocated.size = 16384 (custom)
2023-05-05 09:12:23,101 [pool-652-thread-1] INFO  server.RaftServerConfigKeys (ConfUtils.java:logGet(46)) - raft.server.log.force.sync.num = 128 (default)
2023-05-05 09:12:23,101 [pool-652-thread-1] INFO  server.RaftServerConfigKeys (ConfUtils.java:logGet(46)) - raft.server.log.statemachine.data.sync = true (default)
2023-05-05 09:12:23,101 [pool-652-thread-1] INFO  server.RaftServerConfigKeys (ConfUtils.java:logGet(46)) - raft.server.log.statemachine.data.sync.timeout = 10s (default)
2023-05-05 09:12:23,101 [pool-652-thread-1] INFO  server.RaftServerConfigKeys (ConfUtils.java:logGet(46)) - raft.server.log.statemachine.data.sync.timeout.retry = -1 (default)
2023-05-05 09:12:23,101 [pool-652-thread-1] INFO  server.RaftServerConfigKeys (ConfUtils.java:logGet(46)) - raft.server.log.write.buffer.size = 1048576 (custom)
2023-05-05 09:12:23,101 [pool-652-thread-1] INFO  server.RaftServerConfigKeys (ConfUtils.java:logGet(46)) - raft.server.log.appender.buffer.byte-limit = 33554432 (custom)
2023-05-05 09:12:23,110 [pool-652-thread-1] INFO  server.RaftServerConfigKeys (ConfUtils.java:logGet(46)) - raft.server.log.unsafe-flush.enabled = false (default)
2023-05-05 09:12:23,111 [pool-652-thread-1] INFO  server.RaftServerConfigKeys (ConfUtils.java:logGet(46)) - raft.server.log.async-flush.enabled = false (default)
2023-05-05 09:12:23,111 [pool-652-thread-1] INFO  server.RaftServerConfigKeys (ConfUtils.java:logGet(46)) - raft.server.log.statemachine.data.caching.enabled = true (custom)
2023-05-05 09:12:23,111 [pool-652-thread-1] INFO  segmented.SegmentedRaftLogWorker (SegmentedRaftLogWorker.java:lambda$new$0(135)) - ee38f84b-8433-476e-8c71-34949542cd2b@group-D11728A34643-SegmentedRaftLogWorker: flushIndex: setUnconditionally 0 -> -1
2023-05-05 09:12:23,111 [pool-652-thread-1] INFO  segmented.SegmentedRaftLogWorker (SegmentedRaftLogWorker.java:lambda$new$0(135)) - ee38f84b-8433-476e-8c71-34949542cd2b@group-D11728A34643-SegmentedRaftLogWorker: safeCacheEvictIndex: setUnconditionally 0 -> -1
2023-05-05 09:12:23,116 [pool-652-thread-1] INFO  server.RaftServer$Division (RaftServerImpl.java:start(334)) - ee38f84b-8433-476e-8c71-34949542cd2b@group-D11728A34643: start as a follower, conf=-1: peers:[5ca39de1-525d-4da6-b46f-4f3b09d3711c|rpc:10.1.0.42:35995|dataStream:10.1.0.42:38643|priority:1|startupRole:FOLLOWER, ee38f84b-8433-476e-8c71-34949542cd2b|rpc:10.1.0.42:33633|dataStream:10.1.0.42:39375|priority:0|startupRole:FOLLOWER, 6520bee8-8bdf-48f9-93d9-ec62562c6e83|rpc:10.1.0.42:40233|dataStream:10.1.0.42:41833|priority:0|startupRole:FOLLOWER]|listeners:[], old=null
2023-05-05 09:12:23,116 [pool-652-thread-1] INFO  server.RaftServer$Division (RaftServerImpl.java:setRole(321)) - ee38f84b-8433-476e-8c71-34949542cd2b@group-D11728A34643: changes role from      null to FOLLOWER at term 0 for startAsFollower
2023-05-05 09:12:23,116 [pool-652-thread-1] INFO  impl.RoleInfo (RoleInfo.java:updateAndGet(139)) - ee38f84b-8433-476e-8c71-34949542cd2b: start ee38f84b-8433-476e-8c71-34949542cd2b@group-D11728A34643-FollowerState
2023-05-05 09:12:23,122 [pool-652-thread-1] INFO  util.JmxRegister (JmxRegister.java:tryRegister(44)) - Successfully registered JMX Bean with object name Ratis:service=RaftServer,group=group-D11728A34643,id=ee38f84b-8433-476e-8c71-34949542cd2b
2023-05-05 09:12:23,122 [pool-652-thread-1] INFO  server.RaftServerConfigKeys (ConfUtils.java:logGet(46)) - raft.server.snapshot.auto.trigger.enabled = true (custom)
2023-05-05 09:12:23,122 [pool-652-thread-1] INFO  server.RaftServerConfigKeys (ConfUtils.java:logGet(46)) - raft.server.snapshot.auto.trigger.threshold = 10000 (custom)
2023-05-05 09:12:23,122 [pool-652-thread-1] INFO  server.RaftServerConfigKeys (ConfUtils.java:logGet(46)) - raft.server.snapshot.retention.file.num = 5 (custom)
2023-05-05 09:12:23,122 [pool-652-thread-1] INFO  server.RaftServerConfigKeys (ConfUtils.java:logGet(46)) - raft.server.log.purge.upto.snapshot.index = false (default)
2023-05-05 09:12:23,122 [ee38f84b-8433-476e-8c71-34949542cd2b@group-D11728A34643-FollowerState] INFO  server.RaftServerConfigKeys (ConfUtils.java:logFallback(53)) - raft.server.rpc.first-election.timeout.min = 5s (fallback to raft.server.rpc.timeout.min)
2023-05-05 09:12:23,122 [ee38f84b-8433-476e-8c71-34949542cd2b@group-D11728A34643-FollowerState] INFO  server.RaftServerConfigKeys (ConfUtils.java:logFallback(53)) - raft.server.rpc.first-election.timeout.max = 5200ms (fallback to raft.server.rpc.timeout.max)
2023-05-05 09:12:23,133 [Command processor thread] INFO  commandhandler.CreatePipelineCommandHandler (CreatePipelineCommandHandler.java:handle(113)) - Created Pipeline RATIS THREE PipelineID=36af11ff-bacc-4460-99d7-d11728a34643.
2023-05-05 09:12:23,279 [Command processor thread] INFO  server.RaftServer (RaftServerProxy.java:addNew(96)) - ee38f84b-8433-476e-8c71-34949542cd2b: addNew group-05E55721E5FE:[ee38f84b-8433-476e-8c71-34949542cd2b|rpc:10.1.0.42:33633|dataStream:10.1.0.42:39375|priority:1|startupRole:FOLLOWER] returns group-05E55721E5FE:java.util.concurrent.CompletableFuture@377374ae[Not completed]
2023-05-05 09:12:23,280 [pool-652-thread-1] INFO  server.RaftServer$Division (RaftServerImpl.java:<init>(195)) - ee38f84b-8433-476e-8c71-34949542cd2b: new RaftServerImpl for group-05E55721E5FE:[ee38f84b-8433-476e-8c71-34949542cd2b|rpc:10.1.0.42:33633|dataStream:10.1.0.42:39375|priority:1|startupRole:FOLLOWER] with ContainerStateMachine:uninitialized
2023-05-05 09:12:23,280 [pool-652-thread-1] INFO  server.RaftServerConfigKeys (ConfUtils.java:logGet(46)) - raft.server.rpc.timeout.min = 5s (custom)
2023-05-05 09:12:23,280 [pool-652-thread-1] INFO  server.RaftServerConfigKeys (ConfUtils.java:logGet(46)) - raft.server.rpc.timeout.max = 5200ms (custom)
2023-05-05 09:12:23,280 [pool-652-thread-1] INFO  server.RaftServerConfigKeys (ConfUtils.java:logGet(46)) - raft.server.rpc.sleep.time = 25ms (default)
2023-05-05 09:12:23,280 [pool-652-thread-1] INFO  server.RaftServerConfigKeys (ConfUtils.java:logGet(46)) - raft.server.rpc.slowness.timeout = 300s (custom)
2023-05-05 09:12:23,281 [pool-652-thread-1] INFO  server.RaftServerConfigKeys (ConfUtils.java:logGet(46)) - raft.server.leaderelection.leader.step-down.wait-time = 10s (default)
2023-05-05 09:12:23,281 [pool-652-thread-1] INFO  server.RaftServerConfigKeys (ConfUtils.java:logGet(46)) - raft.server.sleep.deviation.threshold = 300ms (default)
2023-05-05 09:12:23,281 [pool-652-thread-1] INFO  server.RaftServer$Division (ServerState.java:<init>(118)) - ee38f84b-8433-476e-8c71-34949542cd2b@group-05E55721E5FE: ConfigurationManager, init=-1: peers:[ee38f84b-8433-476e-8c71-34949542cd2b|rpc:10.1.0.42:33633|dataStream:10.1.0.42:39375|priority:1|startupRole:FOLLOWER]|listeners:[], old=null, confs=<EMPTY_MAP>
2023-05-05 09:12:23,281 [pool-652-thread-1] INFO  server.RaftServerConfigKeys (ConfUtils.java:logGet(46)) - raft.server.storage.dir = [/home/runner/work/ozone/ozone/hadoop-ozone/integration-test/target/test-dir/MiniOzoneClusterImpl-da0de1e2-202c-4ae6-9300-2fe7d9a9c5f7/datanode-1/data/ratis] (custom)
2023-05-05 09:12:23,281 [pool-652-thread-1] INFO  server.RaftServerConfigKeys (ConfUtils.java:logGet(46)) - raft.server.log.corruption.policy = EXCEPTION (default)
2023-05-05 09:12:23,281 [pool-652-thread-1] INFO  server.RaftServerConfigKeys (ConfUtils.java:logGet(46)) - raft.server.storage.free-space.min = 0MB (=0) (default)
2023-05-05 09:12:23,281 [pool-652-thread-1] INFO  server.RaftServerConfigKeys (ConfUtils.java:logGet(46)) - raft.server.notification.no-leader.timeout = 300s (custom)
2023-05-05 09:12:23,281 [pool-652-thread-1] INFO  server.RaftServerConfigKeys (ConfUtils.java:logGet(46)) - raft.server.retrycache.expirytime = 600000ms (custom)
2023-05-05 09:12:23,281 [pool-652-thread-1] INFO  server.RaftServerConfigKeys (ConfUtils.java:logGet(46)) - raft.server.retrycache.statistics.expirytime = 100μs (default)
2023-05-05 09:12:23,282 [pool-652-thread-1] INFO  server.RaftServerConfigKeys (ConfUtils.java:logGet(46)) - raft.server.log.appender.install.snapshot.enabled = false (custom)
2023-05-05 09:12:23,282 [pool-652-thread-1] INFO  server.RaftServerConfigKeys (ConfUtils.java:logGet(46)) - raft.server.threadpool.server.cached = true (default)
2023-05-05 09:12:23,282 [pool-652-thread-1] INFO  server.RaftServerConfigKeys (ConfUtils.java:logGet(46)) - raft.server.threadpool.server.size = 0 (default)
2023-05-05 09:12:23,282 [pool-652-thread-1] INFO  server.RaftServerConfigKeys (ConfUtils.java:logGet(46)) - raft.server.threadpool.client.cached = true (default)
2023-05-05 09:12:23,282 [pool-652-thread-1] INFO  server.RaftServerConfigKeys (ConfUtils.java:logGet(46)) - raft.server.threadpool.client.size = 0 (default)
2023-05-05 09:12:23,282 [pool-652-thread-1] INFO  storage.RaftStorageDirectory (RaftStorageDirectoryImpl.java:analyzeStorage(137)) - The storage directory /home/runner/work/ozone/ozone/hadoop-ozone/integration-test/target/test-dir/MiniOzoneClusterImpl-da0de1e2-202c-4ae6-9300-2fe7d9a9c5f7/datanode-1/data/ratis/0085d319-24d9-4a87-8152-05e55721e5fe does not exist. Creating ...
2023-05-05 09:12:23,285 [pool-652-thread-1] INFO  storage.RaftStorageDirectory (RaftStorageDirectoryImpl.java:tryLock(231)) - Lock on /home/runner/work/ozone/ozone/hadoop-ozone/integration-test/target/test-dir/MiniOzoneClusterImpl-da0de1e2-202c-4ae6-9300-2fe7d9a9c5f7/datanode-1/data/ratis/0085d319-24d9-4a87-8152-05e55721e5fe/in_use.lock acquired by nodename 7812@fv-az152-207
2023-05-05 09:12:23,288 [pool-652-thread-1] INFO  storage.RaftStorage (RaftStorageImpl.java:format(96)) - Storage directory /home/runner/work/ozone/ozone/hadoop-ozone/integration-test/target/test-dir/MiniOzoneClusterImpl-da0de1e2-202c-4ae6-9300-2fe7d9a9c5f7/datanode-1/data/ratis/0085d319-24d9-4a87-8152-05e55721e5fe has been successfully formatted.
2023-05-05 09:12:23,291 [EventQueue-PipelineReportForPipelineReportHandler] INFO  pipeline.PipelineManagerImpl (PipelineManagerImpl.java:openPipeline(367)) - Pipeline Pipeline[ Id: 0085d319-24d9-4a87-8152-05e55721e5fe, Nodes: ee38f84b-8433-476e-8c71-34949542cd2b(fv-az152-207.qln5d00okglujjccfnhxhxodph.cx.internal.cloudapp.net/10.1.0.42), ReplicationConfig: RATIS/ONE, State:ALLOCATED, leaderId:ee38f84b-8433-476e-8c71-34949542cd2b, CreationTimestamp2023-05-05T09:12:20.287Z[Etc/UTC]] moved to OPEN state
2023-05-05 09:12:23,292 [EventQueue-OpenPipelineForHealthyPipelineSafeModeRule] INFO  safemode.SCMSafeModeManager (HealthyPipelineSafeModeRule.java:process(137)) - SCM in safe mode. Healthy pipelines reported count is 0, required healthy pipeline reported count is 1
2023-05-05 09:12:23,294 [pool-652-thread-1] INFO  ratis.ContainerStateMachine (ContainerStateMachine.java:loadSnapshot(262)) - group-05E55721E5FE: The snapshot info is null. Setting the last applied indexto:(t:0, i:~)
2023-05-05 09:12:23,294 [pool-652-thread-1] INFO  server.RaftServerConfigKeys (ConfUtils.java:logGet(46)) - raft.server.log.use.memory = false (default)
2023-05-05 09:12:23,294 [pool-652-thread-1] INFO  server.RaftServerConfigKeys (ConfUtils.java:logGet(46)) - raft.server.log.purge.gap = 1000000 (custom)
2023-05-05 09:12:23,294 [pool-652-thread-1] INFO  server.RaftServerConfigKeys (ConfUtils.java:logGet(46)) - raft.server.log.appender.buffer.byte-limit = 33554432 (custom)
2023-05-05 09:12:23,294 [pool-652-thread-1] INFO  server.RaftServerConfigKeys (ConfUtils.java:logGet(46)) - raft.server.log.statemachine.data.read.timeout = 1000ms (default)
2023-05-05 09:12:23,294 [pool-652-thread-1] INFO  server.RaftServerConfigKeys (ConfUtils.java:logGet(46)) - raft.server.log.purge.preservation.log.num = 0 (default)
2023-05-05 09:12:23,294 [pool-652-thread-1] INFO  server.RaftServerConfigKeys (ConfUtils.java:logGet(46)) - raft.server.log.segment.size.max = 1048576 (custom)
2023-05-05 09:12:23,294 [pool-652-thread-1] INFO  server.RaftServerConfigKeys (ConfUtils.java:logGet(46)) - raft.server.log.segment.cache.num.max = 2 (custom)
2023-05-05 09:12:23,295 [pool-652-thread-1] INFO  server.RaftServerConfigKeys (ConfUtils.java:logGet(46)) - raft.server.log.segment.cache.size.max = 200MB (=209715200) (default)
2023-05-05 09:12:23,295 [pool-652-thread-1] INFO  segmented.SegmentedRaftLogWorker (SegmentedRaftLogWorker.java:<init>(189)) - new ee38f84b-8433-476e-8c71-34949542cd2b@group-05E55721E5FE-SegmentedRaftLogWorker for RaftStorageImpl:Storage Directory /home/runner/work/ozone/ozone/hadoop-ozone/integration-test/target/test-dir/MiniOzoneClusterImpl-da0de1e2-202c-4ae6-9300-2fe7d9a9c5f7/datanode-1/data/ratis/0085d319-24d9-4a87-8152-05e55721e5fe
2023-05-05 09:12:23,295 [pool-652-thread-1] INFO  server.RaftServerConfigKeys (ConfUtils.java:logGet(46)) - raft.server.log.queue.byte-limit = 4294967296 (custom)
2023-05-05 09:12:23,295 [pool-652-thread-1] INFO  server.RaftServerConfigKeys (ConfUtils.java:logGet(46)) - raft.server.log.queue.element-limit = 1024 (custom)
2023-05-05 09:12:23,296 [pool-652-thread-1] INFO  server.RaftServerConfigKeys (ConfUtils.java:logGet(46)) - raft.server.log.segment.size.max = 1048576 (custom)
2023-05-05 09:12:23,296 [pool-652-thread-1] INFO  server.RaftServerConfigKeys (ConfUtils.java:logGet(46)) - raft.server.log.preallocated.size = 16384 (custom)
2023-05-05 09:12:23,296 [pool-652-thread-1] INFO  server.RaftServerConfigKeys (ConfUtils.java:logGet(46)) - raft.server.log.force.sync.num = 128 (default)
2023-05-05 09:12:23,296 [pool-652-thread-1] INFO  server.RaftServerConfigKeys (ConfUtils.java:logGet(46)) - raft.server.log.statemachine.data.sync = true (default)
2023-05-05 09:12:23,296 [pool-652-thread-1] INFO  server.RaftServerConfigKeys (ConfUtils.java:logGet(46)) - raft.server.log.statemachine.data.sync.timeout = 10s (default)
2023-05-05 09:12:23,296 [pool-652-thread-1] INFO  server.RaftServerConfigKeys (ConfUtils.java:logGet(46)) - raft.server.log.statemachine.data.sync.timeout.retry = -1 (default)
2023-05-05 09:12:23,296 [pool-652-thread-1] INFO  server.RaftServerConfigKeys (ConfUtils.java:logGet(46)) - raft.server.log.write.buffer.size = 1048576 (custom)
2023-05-05 09:12:23,297 [pool-652-thread-1] INFO  server.RaftServerConfigKeys (ConfUtils.java:logGet(46)) - raft.server.log.appender.buffer.byte-limit = 33554432 (custom)
2023-05-05 09:12:23,305 [pool-652-thread-1] INFO  server.RaftServerConfigKeys (ConfUtils.java:logGet(46)) - raft.server.log.unsafe-flush.enabled = false (default)
2023-05-05 09:12:23,305 [pool-652-thread-1] INFO  server.RaftServerConfigKeys (ConfUtils.java:logGet(46)) - raft.server.log.async-flush.enabled = false (default)
2023-05-05 09:12:23,305 [pool-652-thread-1] INFO  server.RaftServerConfigKeys (ConfUtils.java:logGet(46)) - raft.server.log.statemachine.data.caching.enabled = true (custom)
2023-05-05 09:12:23,306 [pool-652-thread-1] INFO  segmented.SegmentedRaftLogWorker (SegmentedRaftLogWorker.java:lambda$new$0(135)) - ee38f84b-8433-476e-8c71-34949542cd2b@group-05E55721E5FE-SegmentedRaftLogWorker: flushIndex: setUnconditionally 0 -> -1
2023-05-05 09:12:23,306 [pool-652-thread-1] INFO  segmented.SegmentedRaftLogWorker (SegmentedRaftLogWorker.java:lambda$new$0(135)) - ee38f84b-8433-476e-8c71-34949542cd2b@group-05E55721E5FE-SegmentedRaftLogWorker: safeCacheEvictIndex: setUnconditionally 0 -> -1
2023-05-05 09:12:23,308 [pool-652-thread-1] INFO  server.RaftServer$Division (RaftServerImpl.java:start(334)) - ee38f84b-8433-476e-8c71-34949542cd2b@group-05E55721E5FE: start as a follower, conf=-1: peers:[ee38f84b-8433-476e-8c71-34949542cd2b|rpc:10.1.0.42:33633|dataStream:10.1.0.42:39375|priority:1|startupRole:FOLLOWER]|listeners:[], old=null
2023-05-05 09:12:23,308 [pool-652-thread-1] INFO  server.RaftServer$Division (RaftServerImpl.java:setRole(321)) - ee38f84b-8433-476e-8c71-34949542cd2b@group-05E55721E5FE: changes role from      null to FOLLOWER at term 0 for startAsFollower
2023-05-05 09:12:23,308 [pool-652-thread-1] INFO  impl.RoleInfo (RoleInfo.java:updateAndGet(139)) - ee38f84b-8433-476e-8c71-34949542cd2b: start ee38f84b-8433-476e-8c71-34949542cd2b@group-05E55721E5FE-FollowerState
2023-05-05 09:12:23,309 [pool-652-thread-1] INFO  util.JmxRegister (JmxRegister.java:tryRegister(44)) - Successfully registered JMX Bean with object name Ratis:service=RaftServer,group=group-05E55721E5FE,id=ee38f84b-8433-476e-8c71-34949542cd2b
2023-05-05 09:12:23,309 [pool-652-thread-1] INFO  server.RaftServerConfigKeys (ConfUtils.java:logGet(46)) - raft.server.snapshot.auto.trigger.enabled = true (custom)
2023-05-05 09:12:23,309 [pool-652-thread-1] INFO  server.RaftServerConfigKeys (ConfUtils.java:logGet(46)) - raft.server.snapshot.auto.trigger.threshold = 10000 (custom)
2023-05-05 09:12:23,309 [pool-652-thread-1] INFO  server.RaftServerConfigKeys (ConfUtils.java:logGet(46)) - raft.server.snapshot.retention.file.num = 5 (custom)
2023-05-05 09:12:23,309 [pool-652-thread-1] INFO  server.RaftServerConfigKeys (ConfUtils.java:logGet(46)) - raft.server.log.purge.upto.snapshot.index = false (default)
2023-05-05 09:12:23,309 [ee38f84b-8433-476e-8c71-34949542cd2b@group-05E55721E5FE-FollowerState] INFO  server.RaftServerConfigKeys (ConfUtils.java:logFallback(53)) - raft.server.rpc.first-election.timeout.min = 5s (fallback to raft.server.rpc.timeout.min)
2023-05-05 09:12:23,310 [ee38f84b-8433-476e-8c71-34949542cd2b@group-05E55721E5FE-FollowerState] INFO  server.RaftServerConfigKeys (ConfUtils.java:logFallback(53)) - raft.server.rpc.first-election.timeout.max = 5200ms (fallback to raft.server.rpc.timeout.max)
2023-05-05 09:12:23,310 [Command processor thread] INFO  ratis.XceiverServerRatis (XceiverServerRatis.java:addGroup(806)) - Created group PipelineID=0085d319-24d9-4a87-8152-05e55721e5fe
2023-05-05 09:12:23,310 [Command processor thread] INFO  commandhandler.CreatePipelineCommandHandler (CreatePipelineCommandHandler.java:handle(113)) - Created Pipeline RATIS ONE PipelineID=0085d319-24d9-4a87-8152-05e55721e5fe.
2023-05-05 09:12:23,688 [Listener at 127.0.0.1/33465] INFO  ozone.MiniOzoneClusterImpl (MiniOzoneClusterImpl.java:lambda$waitForClusterToBeReady$0(223)) - Nodes are ready. Got 3 of 3 DN Heartbeats.
2023-05-05 09:12:23,689 [Listener at 127.0.0.1/33465] INFO  ozone.MiniOzoneClusterImpl (MiniOzoneClusterImpl.java:lambda$waitForClusterToBeReady$0(226)) - Waiting for cluster to exit safe mode
2023-05-05 09:12:23,689 [Listener at 127.0.0.1/33465] INFO  ozone.MiniOzoneClusterImpl (MiniOzoneClusterImpl.java:lambda$waitForClusterToBeReady$0(228)) - SCM became leader
2023-05-05 09:12:23,694 [Command processor thread] INFO  server.RaftServer (RaftServerProxy.java:addNew(96)) - 5ca39de1-525d-4da6-b46f-4f3b09d3711c: addNew group-89AED4CB039F:[5ca39de1-525d-4da6-b46f-4f3b09d3711c|rpc:10.1.0.42:35995|dataStream:10.1.0.42:38643|priority:1|startupRole:FOLLOWER] returns group-89AED4CB039F:java.util.concurrent.CompletableFuture@70a0a8aa[Not completed]
2023-05-05 09:12:23,695 [pool-674-thread-1] INFO  server.RaftServer$Division (RaftServerImpl.java:<init>(195)) - 5ca39de1-525d-4da6-b46f-4f3b09d3711c: new RaftServerImpl for group-89AED4CB039F:[5ca39de1-525d-4da6-b46f-4f3b09d3711c|rpc:10.1.0.42:35995|dataStream:10.1.0.42:38643|priority:1|startupRole:FOLLOWER] with ContainerStateMachine:uninitialized
2023-05-05 09:12:23,695 [pool-674-thread-1] INFO  server.RaftServerConfigKeys (ConfUtils.java:logGet(46)) - raft.server.rpc.timeout.min = 5s (custom)
2023-05-05 09:12:23,695 [pool-674-thread-1] INFO  server.RaftServerConfigKeys (ConfUtils.java:logGet(46)) - raft.server.rpc.timeout.max = 5200ms (custom)
2023-05-05 09:12:23,695 [pool-674-thread-1] INFO  server.RaftServerConfigKeys (ConfUtils.java:logGet(46)) - raft.server.rpc.sleep.time = 25ms (default)
2023-05-05 09:12:23,695 [pool-674-thread-1] INFO  server.RaftServerConfigKeys (ConfUtils.java:logGet(46)) - raft.server.rpc.slowness.timeout = 300s (custom)
2023-05-05 09:12:23,695 [pool-674-thread-1] INFO  server.RaftServerConfigKeys (ConfUtils.java:logGet(46)) - raft.server.leaderelection.leader.step-down.wait-time = 10s (default)
2023-05-05 09:12:23,695 [pool-674-thread-1] INFO  server.RaftServerConfigKeys (ConfUtils.java:logGet(46)) - raft.server.sleep.deviation.threshold = 300ms (default)
2023-05-05 09:12:23,696 [pool-674-thread-1] INFO  server.RaftServer$Division (ServerState.java:<init>(118)) - 5ca39de1-525d-4da6-b46f-4f3b09d3711c@group-89AED4CB039F: ConfigurationManager, init=-1: peers:[5ca39de1-525d-4da6-b46f-4f3b09d3711c|rpc:10.1.0.42:35995|dataStream:10.1.0.42:38643|priority:1|startupRole:FOLLOWER]|listeners:[], old=null, confs=<EMPTY_MAP>
2023-05-05 09:12:23,696 [pool-674-thread-1] INFO  server.RaftServerConfigKeys (ConfUtils.java:logGet(46)) - raft.server.storage.dir = [/home/runner/work/ozone/ozone/hadoop-ozone/integration-test/target/test-dir/MiniOzoneClusterImpl-da0de1e2-202c-4ae6-9300-2fe7d9a9c5f7/datanode-2/data/ratis] (custom)
2023-05-05 09:12:23,696 [pool-674-thread-1] INFO  server.RaftServerConfigKeys (ConfUtils.java:logGet(46)) - raft.server.log.corruption.policy = EXCEPTION (default)
2023-05-05 09:12:23,696 [pool-674-thread-1] INFO  server.RaftServerConfigKeys (ConfUtils.java:logGet(46)) - raft.server.storage.free-space.min = 0MB (=0) (default)
2023-05-05 09:12:23,696 [pool-674-thread-1] INFO  server.RaftServerConfigKeys (ConfUtils.java:logGet(46)) - raft.server.notification.no-leader.timeout = 300s (custom)
2023-05-05 09:12:23,696 [pool-674-thread-1] INFO  server.RaftServerConfigKeys (ConfUtils.java:logGet(46)) - raft.server.retrycache.expirytime = 600000ms (custom)
2023-05-05 09:12:23,696 [pool-674-thread-1] INFO  server.RaftServerConfigKeys (ConfUtils.java:logGet(46)) - raft.server.retrycache.statistics.expirytime = 100μs (default)
2023-05-05 09:12:23,697 [pool-674-thread-1] INFO  server.RaftServerConfigKeys (ConfUtils.java:logGet(46)) - raft.server.log.appender.install.snapshot.enabled = false (custom)
2023-05-05 09:12:23,697 [pool-674-thread-1] INFO  server.RaftServerConfigKeys (ConfUtils.java:logGet(46)) - raft.server.threadpool.server.cached = true (default)
2023-05-05 09:12:23,697 [pool-674-thread-1] INFO  server.RaftServerConfigKeys (ConfUtils.java:logGet(46)) - raft.server.threadpool.server.size = 0 (default)
2023-05-05 09:12:23,697 [pool-674-thread-1] INFO  server.RaftServerConfigKeys (ConfUtils.java:logGet(46)) - raft.server.threadpool.client.cached = true (default)
2023-05-05 09:12:23,697 [pool-674-thread-1] INFO  server.RaftServerConfigKeys (ConfUtils.java:logGet(46)) - raft.server.threadpool.client.size = 0 (default)
2023-05-05 09:12:23,698 [pool-674-thread-1] INFO  storage.RaftStorageDirectory (RaftStorageDirectoryImpl.java:analyzeStorage(137)) - The storage directory /home/runner/work/ozone/ozone/hadoop-ozone/integration-test/target/test-dir/MiniOzoneClusterImpl-da0de1e2-202c-4ae6-9300-2fe7d9a9c5f7/datanode-2/data/ratis/79861fcd-7e94-47f1-9a81-89aed4cb039f does not exist. Creating ...
2023-05-05 09:12:23,699 [pool-674-thread-1] INFO  storage.RaftStorageDirectory (RaftStorageDirectoryImpl.java:tryLock(231)) - Lock on /home/runner/work/ozone/ozone/hadoop-ozone/integration-test/target/test-dir/MiniOzoneClusterImpl-da0de1e2-202c-4ae6-9300-2fe7d9a9c5f7/datanode-2/data/ratis/79861fcd-7e94-47f1-9a81-89aed4cb039f/in_use.lock acquired by nodename 7812@fv-az152-207
2023-05-05 09:12:23,700 [pool-674-thread-1] INFO  storage.RaftStorage (RaftStorageImpl.java:format(96)) - Storage directory /home/runner/work/ozone/ozone/hadoop-ozone/integration-test/target/test-dir/MiniOzoneClusterImpl-da0de1e2-202c-4ae6-9300-2fe7d9a9c5f7/datanode-2/data/ratis/79861fcd-7e94-47f1-9a81-89aed4cb039f has been successfully formatted.
2023-05-05 09:12:23,704 [EventQueue-PipelineReportForPipelineReportHandler] INFO  pipeline.PipelineManagerImpl (PipelineManagerImpl.java:openPipeline(367)) - Pipeline Pipeline[ Id: 79861fcd-7e94-47f1-9a81-89aed4cb039f, Nodes: 5ca39de1-525d-4da6-b46f-4f3b09d3711c(fv-az152-207.qln5d00okglujjccfnhxhxodph.cx.internal.cloudapp.net/10.1.0.42), ReplicationConfig: RATIS/ONE, State:ALLOCATED, leaderId:5ca39de1-525d-4da6-b46f-4f3b09d3711c, CreationTimestamp2023-05-05T09:12:20.696Z[Etc/UTC]] moved to OPEN state
2023-05-05 09:12:23,705 [EventQueue-OpenPipelineForHealthyPipelineSafeModeRule] INFO  safemode.SCMSafeModeManager (HealthyPipelineSafeModeRule.java:process(137)) - SCM in safe mode. Healthy pipelines reported count is 0, required healthy pipeline reported count is 1
2023-05-05 09:12:23,708 [pool-674-thread-1] INFO  ratis.ContainerStateMachine (ContainerStateMachine.java:loadSnapshot(262)) - group-89AED4CB039F: The snapshot info is null. Setting the last applied indexto:(t:0, i:~)
2023-05-05 09:12:23,708 [pool-674-thread-1] INFO  server.RaftServerConfigKeys (ConfUtils.java:logGet(46)) - raft.server.log.use.memory = false (default)
2023-05-05 09:12:23,708 [pool-674-thread-1] INFO  server.RaftServerConfigKeys (ConfUtils.java:logGet(46)) - raft.server.log.purge.gap = 1000000 (custom)
2023-05-05 09:12:23,708 [pool-674-thread-1] INFO  server.RaftServerConfigKeys (ConfUtils.java:logGet(46)) - raft.server.log.appender.buffer.byte-limit = 33554432 (custom)
2023-05-05 09:12:23,708 [pool-674-thread-1] INFO  server.RaftServerConfigKeys (ConfUtils.java:logGet(46)) - raft.server.log.statemachine.data.read.timeout = 1000ms (default)
2023-05-05 09:12:23,708 [pool-674-thread-1] INFO  server.RaftServerConfigKeys (ConfUtils.java:logGet(46)) - raft.server.log.purge.preservation.log.num = 0 (default)
2023-05-05 09:12:23,708 [pool-674-thread-1] INFO  server.RaftServerConfigKeys (ConfUtils.java:logGet(46)) - raft.server.log.segment.size.max = 1048576 (custom)
2023-05-05 09:12:23,708 [pool-674-thread-1] INFO  server.RaftServerConfigKeys (ConfUtils.java:logGet(46)) - raft.server.log.segment.cache.num.max = 2 (custom)
2023-05-05 09:12:23,708 [pool-674-thread-1] INFO  server.RaftServerConfigKeys (ConfUtils.java:logGet(46)) - raft.server.log.segment.cache.size.max = 200MB (=209715200) (default)
2023-05-05 09:12:23,709 [pool-674-thread-1] INFO  segmented.SegmentedRaftLogWorker (SegmentedRaftLogWorker.java:<init>(189)) - new 5ca39de1-525d-4da6-b46f-4f3b09d3711c@group-89AED4CB039F-SegmentedRaftLogWorker for RaftStorageImpl:Storage Directory /home/runner/work/ozone/ozone/hadoop-ozone/integration-test/target/test-dir/MiniOzoneClusterImpl-da0de1e2-202c-4ae6-9300-2fe7d9a9c5f7/datanode-2/data/ratis/79861fcd-7e94-47f1-9a81-89aed4cb039f
2023-05-05 09:12:23,709 [pool-674-thread-1] INFO  server.RaftServerConfigKeys (ConfUtils.java:logGet(46)) - raft.server.log.queue.byte-limit = 4294967296 (custom)
2023-05-05 09:12:23,709 [pool-674-thread-1] INFO  server.RaftServerConfigKeys (ConfUtils.java:logGet(46)) - raft.server.log.queue.element-limit = 1024 (custom)
2023-05-05 09:12:23,709 [pool-674-thread-1] INFO  server.RaftServerConfigKeys (ConfUtils.java:logGet(46)) - raft.server.log.segment.size.max = 1048576 (custom)
2023-05-05 09:12:23,709 [pool-674-thread-1] INFO  server.RaftServerConfigKeys (ConfUtils.java:logGet(46)) - raft.server.log.preallocated.size = 16384 (custom)
2023-05-05 09:12:23,710 [pool-674-thread-1] INFO  server.RaftServerConfigKeys (ConfUtils.java:logGet(46)) - raft.server.log.force.sync.num = 128 (default)
2023-05-05 09:12:23,710 [pool-674-thread-1] INFO  server.RaftServerConfigKeys (ConfUtils.java:logGet(46)) - raft.server.log.statemachine.data.sync = true (default)
2023-05-05 09:12:23,710 [pool-674-thread-1] INFO  server.RaftServerConfigKeys (ConfUtils.java:logGet(46)) - raft.server.log.statemachine.data.sync.timeout = 10s (default)
2023-05-05 09:12:23,710 [pool-674-thread-1] INFO  server.RaftServerConfigKeys (ConfUtils.java:logGet(46)) - raft.server.log.statemachine.data.sync.timeout.retry = -1 (default)
2023-05-05 09:12:23,710 [pool-674-thread-1] INFO  server.RaftServerConfigKeys (ConfUtils.java:logGet(46)) - raft.server.log.write.buffer.size = 1048576 (custom)
2023-05-05 09:12:23,712 [pool-674-thread-1] INFO  server.RaftServerConfigKeys (ConfUtils.java:logGet(46)) - raft.server.log.appender.buffer.byte-limit = 33554432 (custom)
2023-05-05 09:12:23,717 [pool-674-thread-1] INFO  server.RaftServerConfigKeys (ConfUtils.java:logGet(46)) - raft.server.log.unsafe-flush.enabled = false (default)
2023-05-05 09:12:23,717 [pool-674-thread-1] INFO  server.RaftServerConfigKeys (ConfUtils.java:logGet(46)) - raft.server.log.async-flush.enabled = false (default)
2023-05-05 09:12:23,717 [pool-674-thread-1] INFO  server.RaftServerConfigKeys (ConfUtils.java:logGet(46)) - raft.server.log.statemachine.data.caching.enabled = true (custom)
2023-05-05 09:12:23,717 [pool-674-thread-1] INFO  segmented.SegmentedRaftLogWorker (SegmentedRaftLogWorker.java:lambda$new$0(135)) - 5ca39de1-525d-4da6-b46f-4f3b09d3711c@group-89AED4CB039F-SegmentedRaftLogWorker: flushIndex: setUnconditionally 0 -> -1
2023-05-05 09:12:23,717 [pool-674-thread-1] INFO  segmented.SegmentedRaftLogWorker (SegmentedRaftLogWorker.java:lambda$new$0(135)) - 5ca39de1-525d-4da6-b46f-4f3b09d3711c@group-89AED4CB039F-SegmentedRaftLogWorker: safeCacheEvictIndex: setUnconditionally 0 -> -1
2023-05-05 09:12:23,717 [pool-674-thread-1] INFO  server.RaftServer$Division (RaftServerImpl.java:start(334)) - 5ca39de1-525d-4da6-b46f-4f3b09d3711c@group-89AED4CB039F: start as a follower, conf=-1: peers:[5ca39de1-525d-4da6-b46f-4f3b09d3711c|rpc:10.1.0.42:35995|dataStream:10.1.0.42:38643|priority:1|startupRole:FOLLOWER]|listeners:[], old=null
2023-05-05 09:12:23,717 [pool-674-thread-1] INFO  server.RaftServer$Division (RaftServerImpl.java:setRole(321)) - 5ca39de1-525d-4da6-b46f-4f3b09d3711c@group-89AED4CB039F: changes role from      null to FOLLOWER at term 0 for startAsFollower
2023-05-05 09:12:23,717 [pool-674-thread-1] INFO  impl.RoleInfo (RoleInfo.java:updateAndGet(139)) - 5ca39de1-525d-4da6-b46f-4f3b09d3711c: start 5ca39de1-525d-4da6-b46f-4f3b09d3711c@group-89AED4CB039F-FollowerState
2023-05-05 09:12:23,718 [pool-674-thread-1] INFO  util.JmxRegister (JmxRegister.java:tryRegister(44)) - Successfully registered JMX Bean with object name Ratis:service=RaftServer,group=group-89AED4CB039F,id=5ca39de1-525d-4da6-b46f-4f3b09d3711c
2023-05-05 09:12:23,718 [pool-674-thread-1] INFO  server.RaftServerConfigKeys (ConfUtils.java:logGet(46)) - raft.server.snapshot.auto.trigger.enabled = true (custom)
2023-05-05 09:12:23,718 [pool-674-thread-1] INFO  server.RaftServerConfigKeys (ConfUtils.java:logGet(46)) - raft.server.snapshot.auto.trigger.threshold = 10000 (custom)
2023-05-05 09:12:23,718 [pool-674-thread-1] INFO  server.RaftServerConfigKeys (ConfUtils.java:logGet(46)) - raft.server.snapshot.retention.file.num = 5 (custom)
2023-05-05 09:12:23,718 [pool-674-thread-1] INFO  server.RaftServerConfigKeys (ConfUtils.java:logGet(46)) - raft.server.log.purge.upto.snapshot.index = false (default)
2023-05-05 09:12:23,721 [Command processor thread] INFO  ratis.XceiverServerRatis (XceiverServerRatis.java:addGroup(806)) - Created group PipelineID=79861fcd-7e94-47f1-9a81-89aed4cb039f
2023-05-05 09:12:23,722 [Command processor thread] INFO  commandhandler.CreatePipelineCommandHandler (CreatePipelineCommandHandler.java:handle(113)) - Created Pipeline RATIS ONE PipelineID=79861fcd-7e94-47f1-9a81-89aed4cb039f.
2023-05-05 09:12:23,722 [5ca39de1-525d-4da6-b46f-4f3b09d3711c@group-89AED4CB039F-FollowerState] INFO  server.RaftServerConfigKeys (ConfUtils.java:logFallback(53)) - raft.server.rpc.first-election.timeout.min = 5s (fallback to raft.server.rpc.timeout.min)
2023-05-05 09:12:23,722 [5ca39de1-525d-4da6-b46f-4f3b09d3711c@group-89AED4CB039F-FollowerState] INFO  server.RaftServerConfigKeys (ConfUtils.java:logFallback(53)) - raft.server.rpc.first-election.timeout.max = 5200ms (fallback to raft.server.rpc.timeout.max)
2023-05-05 09:12:24,689 [Listener at 127.0.0.1/33465] INFO  ozone.MiniOzoneClusterImpl (MiniOzoneClusterImpl.java:lambda$waitForClusterToBeReady$0(223)) - Nodes are ready. Got 3 of 3 DN Heartbeats.
2023-05-05 09:12:24,689 [Listener at 127.0.0.1/33465] INFO  ozone.MiniOzoneClusterImpl (MiniOzoneClusterImpl.java:lambda$waitForClusterToBeReady$0(226)) - Waiting for cluster to exit safe mode
2023-05-05 09:12:24,689 [Listener at 127.0.0.1/33465] INFO  ozone.MiniOzoneClusterImpl (MiniOzoneClusterImpl.java:lambda$waitForClusterToBeReady$0(228)) - SCM became leader
2023-05-05 09:12:25,690 [Listener at 127.0.0.1/33465] INFO  ozone.MiniOzoneClusterImpl (MiniOzoneClusterImpl.java:lambda$waitForClusterToBeReady$0(223)) - Nodes are ready. Got 3 of 3 DN Heartbeats.
2023-05-05 09:12:25,690 [Listener at 127.0.0.1/33465] INFO  ozone.MiniOzoneClusterImpl (MiniOzoneClusterImpl.java:lambda$waitForClusterToBeReady$0(226)) - Waiting for cluster to exit safe mode
2023-05-05 09:12:25,690 [Listener at 127.0.0.1/33465] INFO  ozone.MiniOzoneClusterImpl (MiniOzoneClusterImpl.java:lambda$waitForClusterToBeReady$0(228)) - SCM became leader
2023-05-05 09:12:26,690 [Listener at 127.0.0.1/33465] INFO  ozone.MiniOzoneClusterImpl (MiniOzoneClusterImpl.java:lambda$waitForClusterToBeReady$0(223)) - Nodes are ready. Got 3 of 3 DN Heartbeats.
2023-05-05 09:12:26,690 [Listener at 127.0.0.1/33465] INFO  ozone.MiniOzoneClusterImpl (MiniOzoneClusterImpl.java:lambda$waitForClusterToBeReady$0(226)) - Waiting for cluster to exit safe mode
2023-05-05 09:12:26,690 [Listener at 127.0.0.1/33465] INFO  ozone.MiniOzoneClusterImpl (MiniOzoneClusterImpl.java:lambda$waitForClusterToBeReady$0(228)) - SCM became leader
2023-05-05 09:12:27,691 [Listener at 127.0.0.1/33465] INFO  ozone.MiniOzoneClusterImpl (MiniOzoneClusterImpl.java:lambda$waitForClusterToBeReady$0(223)) - Nodes are ready. Got 3 of 3 DN Heartbeats.
2023-05-05 09:12:27,691 [Listener at 127.0.0.1/33465] INFO  ozone.MiniOzoneClusterImpl (MiniOzoneClusterImpl.java:lambda$waitForClusterToBeReady$0(226)) - Waiting for cluster to exit safe mode
2023-05-05 09:12:27,691 [Listener at 127.0.0.1/33465] INFO  ozone.MiniOzoneClusterImpl (MiniOzoneClusterImpl.java:lambda$waitForClusterToBeReady$0(228)) - SCM became leader
2023-05-05 09:12:27,870 [6520bee8-8bdf-48f9-93d9-ec62562c6e83@group-A96105FC7DD3-FollowerState] INFO  impl.FollowerState (FollowerState.java:run(143)) - 6520bee8-8bdf-48f9-93d9-ec62562c6e83@group-A96105FC7DD3-FollowerState: change to CANDIDATE, lastRpcElapsedTime:5004769083ns, electionTimeout:5004ms
2023-05-05 09:12:27,871 [6520bee8-8bdf-48f9-93d9-ec62562c6e83@group-A96105FC7DD3-FollowerState] INFO  impl.RoleInfo (RoleInfo.java:shutdownFollowerState(110)) - 6520bee8-8bdf-48f9-93d9-ec62562c6e83: shutdown 6520bee8-8bdf-48f9-93d9-ec62562c6e83@group-A96105FC7DD3-FollowerState
2023-05-05 09:12:27,871 [6520bee8-8bdf-48f9-93d9-ec62562c6e83@group-A96105FC7DD3-FollowerState] INFO  server.RaftServer$Division (RaftServerImpl.java:setRole(321)) - 6520bee8-8bdf-48f9-93d9-ec62562c6e83@group-A96105FC7DD3: changes role from  FOLLOWER to CANDIDATE at term 0 for changeToCandidate
2023-05-05 09:12:27,871 [6520bee8-8bdf-48f9-93d9-ec62562c6e83@group-A96105FC7DD3-FollowerState] INFO  server.RaftServerConfigKeys (ConfUtils.java:logGet(46)) - raft.server.leaderelection.pre-vote = true (default)
2023-05-05 09:12:27,871 [6520bee8-8bdf-48f9-93d9-ec62562c6e83@group-A96105FC7DD3-FollowerState] INFO  impl.RoleInfo (RoleInfo.java:updateAndGet(139)) - 6520bee8-8bdf-48f9-93d9-ec62562c6e83: start 6520bee8-8bdf-48f9-93d9-ec62562c6e83@group-A96105FC7DD3-LeaderElection20
2023-05-05 09:12:27,874 [6520bee8-8bdf-48f9-93d9-ec62562c6e83@group-A96105FC7DD3-LeaderElection20] INFO  impl.LeaderElection (LeaderElection.java:askForVotes(312)) - 6520bee8-8bdf-48f9-93d9-ec62562c6e83@group-A96105FC7DD3-LeaderElection20 PRE_VOTE round 0: submit vote requests at term 0 for -1: peers:[6520bee8-8bdf-48f9-93d9-ec62562c6e83|rpc:10.1.0.42:40233|dataStream:10.1.0.42:41833|priority:1|startupRole:FOLLOWER]|listeners:[], old=null
2023-05-05 09:12:27,874 [6520bee8-8bdf-48f9-93d9-ec62562c6e83@group-A96105FC7DD3-LeaderElection20] INFO  impl.LeaderElection (LeaderElection.java:askForVotes(314)) - 6520bee8-8bdf-48f9-93d9-ec62562c6e83@group-A96105FC7DD3-LeaderElection20 PRE_VOTE round 0: result PASSED (term=0)
2023-05-05 09:12:27,875 [6520bee8-8bdf-48f9-93d9-ec62562c6e83@group-A96105FC7DD3-LeaderElection20] INFO  impl.LeaderElection (LeaderElection.java:askForVotes(312)) - 6520bee8-8bdf-48f9-93d9-ec62562c6e83@group-A96105FC7DD3-LeaderElection20 ELECTION round 0: submit vote requests at term 1 for -1: peers:[6520bee8-8bdf-48f9-93d9-ec62562c6e83|rpc:10.1.0.42:40233|dataStream:10.1.0.42:41833|priority:1|startupRole:FOLLOWER]|listeners:[], old=null
2023-05-05 09:12:27,876 [6520bee8-8bdf-48f9-93d9-ec62562c6e83@group-A96105FC7DD3-LeaderElection20] INFO  impl.LeaderElection (LeaderElection.java:askForVotes(314)) - 6520bee8-8bdf-48f9-93d9-ec62562c6e83@group-A96105FC7DD3-LeaderElection20 ELECTION round 0: result PASSED (term=1)
2023-05-05 09:12:27,876 [6520bee8-8bdf-48f9-93d9-ec62562c6e83@group-A96105FC7DD3-LeaderElection20] INFO  impl.RoleInfo (RoleInfo.java:shutdownLeaderElection(130)) - 6520bee8-8bdf-48f9-93d9-ec62562c6e83: shutdown 6520bee8-8bdf-48f9-93d9-ec62562c6e83@group-A96105FC7DD3-LeaderElection20
2023-05-05 09:12:27,876 [6520bee8-8bdf-48f9-93d9-ec62562c6e83@group-A96105FC7DD3-LeaderElection20] INFO  server.RaftServer$Division (RaftServerImpl.java:setRole(321)) - 6520bee8-8bdf-48f9-93d9-ec62562c6e83@group-A96105FC7DD3: changes role from CANDIDATE to LEADER at term 1 for changeToLeader
2023-05-05 09:12:27,876 [6520bee8-8bdf-48f9-93d9-ec62562c6e83@group-A96105FC7DD3-LeaderElection20] INFO  ratis.XceiverServerRatis (XceiverServerRatis.java:handleLeaderChangedNotification(904)) - Leader change notification received for group: group-A96105FC7DD3 with new leaderId: 6520bee8-8bdf-48f9-93d9-ec62562c6e83
2023-05-05 09:12:27,876 [6520bee8-8bdf-48f9-93d9-ec62562c6e83@group-A96105FC7DD3-LeaderElection20] INFO  server.RaftServer$Division (ServerState.java:setLeader(313)) - 6520bee8-8bdf-48f9-93d9-ec62562c6e83@group-A96105FC7DD3: change Leader from null to 6520bee8-8bdf-48f9-93d9-ec62562c6e83 at term 1 for becomeLeader, leader elected after 5036ms
2023-05-05 09:12:27,876 [6520bee8-8bdf-48f9-93d9-ec62562c6e83@group-A96105FC7DD3-LeaderElection20] INFO  server.RaftServerConfigKeys (ConfUtils.java:logGet(46)) - raft.server.staging.catchup.gap = 1000 (default)
2023-05-05 09:12:27,877 [6520bee8-8bdf-48f9-93d9-ec62562c6e83@group-A96105FC7DD3-LeaderElection20] INFO  server.RaftServerConfigKeys (ConfUtils.java:logGet(46)) - raft.server.write.element-limit = 1024 (custom)
2023-05-05 09:12:27,877 [6520bee8-8bdf-48f9-93d9-ec62562c6e83@group-A96105FC7DD3-LeaderElection20] INFO  server.RaftServerConfigKeys (ConfUtils.java:logGet(46)) - raft.server.write.byte-limit = 1024 M (=1073741824) (custom)
2023-05-05 09:12:27,878 [6520bee8-8bdf-48f9-93d9-ec62562c6e83@group-A96105FC7DD3-LeaderElection20] INFO  server.RaftServerConfigKeys (ConfUtils.java:logGet(46)) - raft.server.watch.timeout = 180s (custom)
2023-05-05 09:12:27,878 [6520bee8-8bdf-48f9-93d9-ec62562c6e83@group-A96105FC7DD3-LeaderElection20] INFO  server.RaftServerConfigKeys (ConfUtils.java:logGet(46)) - raft.server.watch.timeout.denomination = 1s (default)
2023-05-05 09:12:27,878 [6520bee8-8bdf-48f9-93d9-ec62562c6e83@group-A96105FC7DD3-LeaderElection20] INFO  server.RaftServerConfigKeys (ConfUtils.java:logGet(46)) - raft.server.watch.element-limit = 65536 (default)
2023-05-05 09:12:27,878 [6520bee8-8bdf-48f9-93d9-ec62562c6e83@group-A96105FC7DD3-LeaderElection20] INFO  server.RaftServerConfigKeys (ConfUtils.java:logGet(46)) - raft.server.write.element-limit = 1024 (custom)
2023-05-05 09:12:27,878 [6520bee8-8bdf-48f9-93d9-ec62562c6e83@group-A96105FC7DD3-LeaderElection20] INFO  server.RaftServerConfigKeys (ConfUtils.java:logGet(46)) - raft.server.write.follower.gap.ratio.max = -1.0 (default)
2023-05-05 09:12:27,878 [6520bee8-8bdf-48f9-93d9-ec62562c6e83@group-A96105FC7DD3-LeaderElection20] INFO  impl.RoleInfo (RoleInfo.java:updateAndGet(139)) - 6520bee8-8bdf-48f9-93d9-ec62562c6e83: start 6520bee8-8bdf-48f9-93d9-ec62562c6e83@group-A96105FC7DD3-LeaderStateImpl
2023-05-05 09:12:27,879 [6520bee8-8bdf-48f9-93d9-ec62562c6e83@group-A96105FC7DD3-LeaderElection20] INFO  segmented.SegmentedRaftLogWorker (SegmentedRaftLogWorker.java:startLogSegment(452)) - 6520bee8-8bdf-48f9-93d9-ec62562c6e83@group-A96105FC7DD3-SegmentedRaftLogWorker: Starting segment from index:0
2023-05-05 09:12:27,881 [6520bee8-8bdf-48f9-93d9-ec62562c6e83@group-A96105FC7DD3-LeaderElection20] INFO  server.RaftServer$Division (ServerState.java:setRaftConf(430)) - 6520bee8-8bdf-48f9-93d9-ec62562c6e83@group-A96105FC7DD3: set configuration 0: peers:[6520bee8-8bdf-48f9-93d9-ec62562c6e83|rpc:10.1.0.42:40233|dataStream:10.1.0.42:41833|priority:1|startupRole:FOLLOWER]|listeners:[], old=null
2023-05-05 09:12:27,882 [EventQueue-OpenPipelineForHealthyPipelineSafeModeRule] INFO  safemode.SCMSafeModeManager (HealthyPipelineSafeModeRule.java:process(137)) - SCM in safe mode. Healthy pipelines reported count is 0, required healthy pipeline reported count is 1
2023-05-05 09:12:27,882 [6520bee8-8bdf-48f9-93d9-ec62562c6e83@group-A96105FC7DD3-SegmentedRaftLogWorker] INFO  segmented.SegmentedRaftLogWorker (SegmentedRaftLogWorker.java:execute(656)) - 6520bee8-8bdf-48f9-93d9-ec62562c6e83@group-A96105FC7DD3-SegmentedRaftLogWorker: created new log segment /home/runner/work/ozone/ozone/hadoop-ozone/integration-test/target/test-dir/MiniOzoneClusterImpl-da0de1e2-202c-4ae6-9300-2fe7d9a9c5f7/datanode-0/data/ratis/3367e7d3-0d4d-4207-b439-a96105fc7dd3/current/log_inprogress_0
2023-05-05 09:12:27,916 [6520bee8-8bdf-48f9-93d9-ec62562c6e83@group-4C3C251172CF-FollowerState] INFO  impl.FollowerState (FollowerState.java:run(143)) - 6520bee8-8bdf-48f9-93d9-ec62562c6e83@group-4C3C251172CF-FollowerState: change to CANDIDATE, lastRpcElapsedTime:5028421403ns, electionTimeout:5026ms
2023-05-05 09:12:27,916 [6520bee8-8bdf-48f9-93d9-ec62562c6e83@group-4C3C251172CF-FollowerState] INFO  impl.RoleInfo (RoleInfo.java:shutdownFollowerState(110)) - 6520bee8-8bdf-48f9-93d9-ec62562c6e83: shutdown 6520bee8-8bdf-48f9-93d9-ec62562c6e83@group-4C3C251172CF-FollowerState
2023-05-05 09:12:27,916 [6520bee8-8bdf-48f9-93d9-ec62562c6e83@group-4C3C251172CF-FollowerState] INFO  server.RaftServer$Division (RaftServerImpl.java:setRole(321)) - 6520bee8-8bdf-48f9-93d9-ec62562c6e83@group-4C3C251172CF: changes role from  FOLLOWER to CANDIDATE at term 0 for changeToCandidate
2023-05-05 09:12:27,916 [6520bee8-8bdf-48f9-93d9-ec62562c6e83@group-4C3C251172CF-FollowerState] INFO  server.RaftServerConfigKeys (ConfUtils.java:logGet(46)) - raft.server.leaderelection.pre-vote = true (default)
2023-05-05 09:12:27,916 [6520bee8-8bdf-48f9-93d9-ec62562c6e83@group-4C3C251172CF-FollowerState] INFO  impl.RoleInfo (RoleInfo.java:updateAndGet(139)) - 6520bee8-8bdf-48f9-93d9-ec62562c6e83: start 6520bee8-8bdf-48f9-93d9-ec62562c6e83@group-4C3C251172CF-LeaderElection21
2023-05-05 09:12:27,918 [6520bee8-8bdf-48f9-93d9-ec62562c6e83@group-4C3C251172CF-LeaderElection21] INFO  impl.LeaderElection (LeaderElection.java:askForVotes(312)) - 6520bee8-8bdf-48f9-93d9-ec62562c6e83@group-4C3C251172CF-LeaderElection21 PRE_VOTE round 0: submit vote requests at term 0 for -1: peers:[5ca39de1-525d-4da6-b46f-4f3b09d3711c|rpc:10.1.0.42:35995|dataStream:10.1.0.42:38643|priority:0|startupRole:FOLLOWER, ee38f84b-8433-476e-8c71-34949542cd2b|rpc:10.1.0.42:33633|dataStream:10.1.0.42:39375|priority:1|startupRole:FOLLOWER, 6520bee8-8bdf-48f9-93d9-ec62562c6e83|rpc:10.1.0.42:40233|dataStream:10.1.0.42:41833|priority:0|startupRole:FOLLOWER]|listeners:[], old=null
2023-05-05 09:12:27,919 [6520bee8-8bdf-48f9-93d9-ec62562c6e83@group-4C3C251172CF-LeaderElection21-1] INFO  server.GrpcServerProtocolClient (GrpcServerProtocolClient.java:<init>(63)) - Build channel for 5ca39de1-525d-4da6-b46f-4f3b09d3711c
2023-05-05 09:12:27,920 [6520bee8-8bdf-48f9-93d9-ec62562c6e83@group-4C3C251172CF-LeaderElection21] INFO  server.RaftServerConfigKeys (ConfUtils.java:logFallback(53)) - raft.server.rpc.first-election.timeout.min = 5s (fallback to raft.server.rpc.timeout.min)
2023-05-05 09:12:27,920 [6520bee8-8bdf-48f9-93d9-ec62562c6e83@group-4C3C251172CF-LeaderElection21] INFO  server.RaftServerConfigKeys (ConfUtils.java:logFallback(53)) - raft.server.rpc.first-election.timeout.max = 5200ms (fallback to raft.server.rpc.timeout.max)
2023-05-05 09:12:27,922 [6520bee8-8bdf-48f9-93d9-ec62562c6e83@group-4C3C251172CF-LeaderElection21-2] INFO  server.GrpcServerProtocolClient (GrpcServerProtocolClient.java:<init>(63)) - Build channel for ee38f84b-8433-476e-8c71-34949542cd2b
2023-05-05 09:12:27,929 [grpc-default-executor-0] INFO  server.RaftServer$Division (RaftServerImpl.java:requestVote(1218)) - 5ca39de1-525d-4da6-b46f-4f3b09d3711c@group-4C3C251172CF: receive requestVote(PRE_VOTE, 6520bee8-8bdf-48f9-93d9-ec62562c6e83, group-4C3C251172CF, 0, (t:0, i:0))
2023-05-05 09:12:27,929 [grpc-default-executor-0] INFO  impl.VoteContext (VoteContext.java:log(49)) - 5ca39de1-525d-4da6-b46f-4f3b09d3711c@group-4C3C251172CF-FOLLOWER: accept PRE_VOTE from 6520bee8-8bdf-48f9-93d9-ec62562c6e83: our priority 0 <= candidate's priority 0
2023-05-05 09:12:27,929 [grpc-default-executor-0] INFO  server.RaftServer$Division (RaftServerImpl.java:requestVote(1251)) - 5ca39de1-525d-4da6-b46f-4f3b09d3711c@group-4C3C251172CF replies to PRE_VOTE vote request: 6520bee8-8bdf-48f9-93d9-ec62562c6e83<-5ca39de1-525d-4da6-b46f-4f3b09d3711c#0:OK-t0. Peer's state: 5ca39de1-525d-4da6-b46f-4f3b09d3711c@group-4C3C251172CF:t0, leader=null, voted=, raftlog=Memoized:5ca39de1-525d-4da6-b46f-4f3b09d3711c@group-4C3C251172CF-SegmentedRaftLog:OPENED:c-1, conf=-1: peers:[5ca39de1-525d-4da6-b46f-4f3b09d3711c|rpc:10.1.0.42:35995|dataStream:10.1.0.42:38643|priority:0|startupRole:FOLLOWER, ee38f84b-8433-476e-8c71-34949542cd2b|rpc:10.1.0.42:33633|dataStream:10.1.0.42:39375|priority:1|startupRole:FOLLOWER, 6520bee8-8bdf-48f9-93d9-ec62562c6e83|rpc:10.1.0.42:40233|dataStream:10.1.0.42:41833|priority:0|startupRole:FOLLOWER]|listeners:[], old=null
2023-05-05 09:12:27,946 [grpc-default-executor-0] INFO  server.RaftServer$Division (RaftServerImpl.java:requestVote(1218)) - ee38f84b-8433-476e-8c71-34949542cd2b@group-4C3C251172CF: receive requestVote(PRE_VOTE, 6520bee8-8bdf-48f9-93d9-ec62562c6e83, group-4C3C251172CF, 0, (t:0, i:0))
2023-05-05 09:12:27,946 [grpc-default-executor-0] INFO  impl.VoteContext (VoteContext.java:log(49)) - ee38f84b-8433-476e-8c71-34949542cd2b@group-4C3C251172CF-FOLLOWER: reject PRE_VOTE from 6520bee8-8bdf-48f9-93d9-ec62562c6e83: our priority 1 > candidate's priority 0
2023-05-05 09:12:27,946 [grpc-default-executor-0] INFO  server.RaftServer$Division (RaftServerImpl.java:requestVote(1251)) - ee38f84b-8433-476e-8c71-34949542cd2b@group-4C3C251172CF replies to PRE_VOTE vote request: 6520bee8-8bdf-48f9-93d9-ec62562c6e83<-ee38f84b-8433-476e-8c71-34949542cd2b#0:FAIL-t0. Peer's state: ee38f84b-8433-476e-8c71-34949542cd2b@group-4C3C251172CF:t0, leader=null, voted=, raftlog=Memoized:ee38f84b-8433-476e-8c71-34949542cd2b@group-4C3C251172CF-SegmentedRaftLog:OPENED:c-1, conf=-1: peers:[5ca39de1-525d-4da6-b46f-4f3b09d3711c|rpc:10.1.0.42:35995|dataStream:10.1.0.42:38643|priority:0|startupRole:FOLLOWER, ee38f84b-8433-476e-8c71-34949542cd2b|rpc:10.1.0.42:33633|dataStream:10.1.0.42:39375|priority:1|startupRole:FOLLOWER, 6520bee8-8bdf-48f9-93d9-ec62562c6e83|rpc:10.1.0.42:40233|dataStream:10.1.0.42:41833|priority:0|startupRole:FOLLOWER]|listeners:[], old=null
2023-05-05 09:12:27,948 [6520bee8-8bdf-48f9-93d9-ec62562c6e83@group-4C3C251172CF-LeaderElection21] INFO  impl.LeaderElection (LeaderElection.java:logAndReturn(90)) - 6520bee8-8bdf-48f9-93d9-ec62562c6e83@group-4C3C251172CF-LeaderElection21: PRE_VOTE REJECTED received 2 response(s) and 0 exception(s):
2023-05-05 09:12:27,948 [6520bee8-8bdf-48f9-93d9-ec62562c6e83@group-4C3C251172CF-LeaderElection21] INFO  impl.LeaderElection (LeaderElection.java:logAndReturn(94)) -   Response 0: 6520bee8-8bdf-48f9-93d9-ec62562c6e83<-5ca39de1-525d-4da6-b46f-4f3b09d3711c#0:OK-t0
2023-05-05 09:12:27,948 [6520bee8-8bdf-48f9-93d9-ec62562c6e83@group-4C3C251172CF-LeaderElection21] INFO  impl.LeaderElection (LeaderElection.java:logAndReturn(94)) -   Response 1: 6520bee8-8bdf-48f9-93d9-ec62562c6e83<-ee38f84b-8433-476e-8c71-34949542cd2b#0:FAIL-t0
2023-05-05 09:12:27,948 [6520bee8-8bdf-48f9-93d9-ec62562c6e83@group-4C3C251172CF-LeaderElection21] INFO  impl.LeaderElection (LeaderElection.java:askForVotes(314)) - 6520bee8-8bdf-48f9-93d9-ec62562c6e83@group-4C3C251172CF-LeaderElection21 PRE_VOTE round 0: result REJECTED
2023-05-05 09:12:27,948 [6520bee8-8bdf-48f9-93d9-ec62562c6e83@group-4C3C251172CF-LeaderElection21] INFO  server.RaftServer$Division (RaftServerImpl.java:setRole(321)) - 6520bee8-8bdf-48f9-93d9-ec62562c6e83@group-4C3C251172CF: changes role from CANDIDATE to FOLLOWER at term 0 for REJECTED
2023-05-05 09:12:27,948 [6520bee8-8bdf-48f9-93d9-ec62562c6e83@group-4C3C251172CF-LeaderElection21] INFO  impl.RoleInfo (RoleInfo.java:shutdownLeaderElection(130)) - 6520bee8-8bdf-48f9-93d9-ec62562c6e83: shutdown 6520bee8-8bdf-48f9-93d9-ec62562c6e83@group-4C3C251172CF-LeaderElection21
2023-05-05 09:12:27,948 [6520bee8-8bdf-48f9-93d9-ec62562c6e83@group-4C3C251172CF-LeaderElection21] INFO  impl.RoleInfo (RoleInfo.java:updateAndGet(139)) - 6520bee8-8bdf-48f9-93d9-ec62562c6e83: start 6520bee8-8bdf-48f9-93d9-ec62562c6e83@group-4C3C251172CF-FollowerState
2023-05-05 09:12:27,954 [6520bee8-8bdf-48f9-93d9-ec62562c6e83@group-4C3C251172CF-FollowerState] INFO  server.RaftServerConfigKeys (ConfUtils.java:logFallback(53)) - raft.server.rpc.first-election.timeout.min = 5s (fallback to raft.server.rpc.timeout.min)
2023-05-05 09:12:27,954 [6520bee8-8bdf-48f9-93d9-ec62562c6e83@group-4C3C251172CF-FollowerState] INFO  server.RaftServerConfigKeys (ConfUtils.java:logFallback(53)) - raft.server.rpc.first-election.timeout.max = 5200ms (fallback to raft.server.rpc.timeout.max)
2023-05-05 09:12:28,057 [5ca39de1-525d-4da6-b46f-4f3b09d3711c@group-4C3C251172CF-FollowerState] INFO  server.RaftServerConfigKeys (ConfUtils.java:logFallback(53)) - raft.server.rpc.first-election.timeout.min = 5s (fallback to raft.server.rpc.timeout.min)
2023-05-05 09:12:28,057 [5ca39de1-525d-4da6-b46f-4f3b09d3711c@group-4C3C251172CF-FollowerState] INFO  server.RaftServerConfigKeys (ConfUtils.java:logFallback(53)) - raft.server.rpc.first-election.timeout.max = 5200ms (fallback to raft.server.rpc.timeout.max)
2023-05-05 09:12:28,093 [6520bee8-8bdf-48f9-93d9-ec62562c6e83@group-D11728A34643-FollowerState] INFO  impl.FollowerState (FollowerState.java:run(143)) - 6520bee8-8bdf-48f9-93d9-ec62562c6e83@group-D11728A34643-FollowerState: change to CANDIDATE, lastRpcElapsedTime:5065271150ns, electionTimeout:5062ms
2023-05-05 09:12:28,093 [6520bee8-8bdf-48f9-93d9-ec62562c6e83@group-D11728A34643-FollowerState] INFO  impl.RoleInfo (RoleInfo.java:shutdownFollowerState(110)) - 6520bee8-8bdf-48f9-93d9-ec62562c6e83: shutdown 6520bee8-8bdf-48f9-93d9-ec62562c6e83@group-D11728A34643-FollowerState
2023-05-05 09:12:28,093 [6520bee8-8bdf-48f9-93d9-ec62562c6e83@group-D11728A34643-FollowerState] INFO  server.RaftServer$Division (RaftServerImpl.java:setRole(321)) - 6520bee8-8bdf-48f9-93d9-ec62562c6e83@group-D11728A34643: changes role from  FOLLOWER to CANDIDATE at term 0 for changeToCandidate
2023-05-05 09:12:28,093 [6520bee8-8bdf-48f9-93d9-ec62562c6e83@group-D11728A34643-FollowerState] INFO  server.RaftServerConfigKeys (ConfUtils.java:logGet(46)) - raft.server.leaderelection.pre-vote = true (default)
2023-05-05 09:12:28,094 [6520bee8-8bdf-48f9-93d9-ec62562c6e83@group-D11728A34643-FollowerState] INFO  impl.RoleInfo (RoleInfo.java:updateAndGet(139)) - 6520bee8-8bdf-48f9-93d9-ec62562c6e83: start 6520bee8-8bdf-48f9-93d9-ec62562c6e83@group-D11728A34643-LeaderElection22
2023-05-05 09:12:28,096 [6520bee8-8bdf-48f9-93d9-ec62562c6e83@group-D11728A34643-LeaderElection22] INFO  impl.LeaderElection (LeaderElection.java:askForVotes(312)) - 6520bee8-8bdf-48f9-93d9-ec62562c6e83@group-D11728A34643-LeaderElection22 PRE_VOTE round 0: submit vote requests at term 0 for -1: peers:[5ca39de1-525d-4da6-b46f-4f3b09d3711c|rpc:10.1.0.42:35995|dataStream:10.1.0.42:38643|priority:1|startupRole:FOLLOWER, ee38f84b-8433-476e-8c71-34949542cd2b|rpc:10.1.0.42:33633|dataStream:10.1.0.42:39375|priority:0|startupRole:FOLLOWER, 6520bee8-8bdf-48f9-93d9-ec62562c6e83|rpc:10.1.0.42:40233|dataStream:10.1.0.42:41833|priority:0|startupRole:FOLLOWER]|listeners:[], old=null
2023-05-05 09:12:28,097 [6520bee8-8bdf-48f9-93d9-ec62562c6e83@group-D11728A34643-LeaderElection22] INFO  server.RaftServerConfigKeys (ConfUtils.java:logFallback(53)) - raft.server.rpc.first-election.timeout.min = 5s (fallback to raft.server.rpc.timeout.min)
2023-05-05 09:12:28,097 [6520bee8-8bdf-48f9-93d9-ec62562c6e83@group-D11728A34643-LeaderElection22] INFO  server.RaftServerConfigKeys (ConfUtils.java:logFallback(53)) - raft.server.rpc.first-election.timeout.max = 5200ms (fallback to raft.server.rpc.timeout.max)
2023-05-05 09:12:28,101 [grpc-default-executor-0] INFO  server.RaftServer$Division (RaftServerImpl.java:requestVote(1218)) - ee38f84b-8433-476e-8c71-34949542cd2b@group-D11728A34643: receive requestVote(PRE_VOTE, 6520bee8-8bdf-48f9-93d9-ec62562c6e83, group-D11728A34643, 0, (t:0, i:0))
2023-05-05 09:12:28,101 [grpc-default-executor-0] INFO  impl.VoteContext (VoteContext.java:log(49)) - ee38f84b-8433-476e-8c71-34949542cd2b@group-D11728A34643-FOLLOWER: accept PRE_VOTE from 6520bee8-8bdf-48f9-93d9-ec62562c6e83: our priority 0 <= candidate's priority 0
2023-05-05 09:12:28,101 [grpc-default-executor-0] INFO  server.RaftServer$Division (RaftServerImpl.java:requestVote(1251)) - ee38f84b-8433-476e-8c71-34949542cd2b@group-D11728A34643 replies to PRE_VOTE vote request: 6520bee8-8bdf-48f9-93d9-ec62562c6e83<-ee38f84b-8433-476e-8c71-34949542cd2b#0:OK-t0. Peer's state: ee38f84b-8433-476e-8c71-34949542cd2b@group-D11728A34643:t0, leader=null, voted=, raftlog=Memoized:ee38f84b-8433-476e-8c71-34949542cd2b@group-D11728A34643-SegmentedRaftLog:OPENED:c-1, conf=-1: peers:[5ca39de1-525d-4da6-b46f-4f3b09d3711c|rpc:10.1.0.42:35995|dataStream:10.1.0.42:38643|priority:1|startupRole:FOLLOWER, ee38f84b-8433-476e-8c71-34949542cd2b|rpc:10.1.0.42:33633|dataStream:10.1.0.42:39375|priority:0|startupRole:FOLLOWER, 6520bee8-8bdf-48f9-93d9-ec62562c6e83|rpc:10.1.0.42:40233|dataStream:10.1.0.42:41833|priority:0|startupRole:FOLLOWER]|listeners:[], old=null
2023-05-05 09:12:28,102 [grpc-default-executor-1] INFO  server.RaftServer$Division (RaftServerImpl.java:requestVote(1218)) - 5ca39de1-525d-4da6-b46f-4f3b09d3711c@group-D11728A34643: receive requestVote(PRE_VOTE, 6520bee8-8bdf-48f9-93d9-ec62562c6e83, group-D11728A34643, 0, (t:0, i:0))
2023-05-05 09:12:28,103 [grpc-default-executor-1] INFO  impl.VoteContext (VoteContext.java:log(49)) - 5ca39de1-525d-4da6-b46f-4f3b09d3711c@group-D11728A34643-FOLLOWER: reject PRE_VOTE from 6520bee8-8bdf-48f9-93d9-ec62562c6e83: our priority 1 > candidate's priority 0
2023-05-05 09:12:28,103 [grpc-default-executor-1] INFO  server.RaftServer$Division (RaftServerImpl.java:requestVote(1251)) - 5ca39de1-525d-4da6-b46f-4f3b09d3711c@group-D11728A34643 replies to PRE_VOTE vote request: 6520bee8-8bdf-48f9-93d9-ec62562c6e83<-5ca39de1-525d-4da6-b46f-4f3b09d3711c#0:FAIL-t0. Peer's state: 5ca39de1-525d-4da6-b46f-4f3b09d3711c@group-D11728A34643:t0, leader=null, voted=, raftlog=Memoized:5ca39de1-525d-4da6-b46f-4f3b09d3711c@group-D11728A34643-SegmentedRaftLog:OPENED:c-1, conf=-1: peers:[5ca39de1-525d-4da6-b46f-4f3b09d3711c|rpc:10.1.0.42:35995|dataStream:10.1.0.42:38643|priority:1|startupRole:FOLLOWER, ee38f84b-8433-476e-8c71-34949542cd2b|rpc:10.1.0.42:33633|dataStream:10.1.0.42:39375|priority:0|startupRole:FOLLOWER, 6520bee8-8bdf-48f9-93d9-ec62562c6e83|rpc:10.1.0.42:40233|dataStream:10.1.0.42:41833|priority:0|startupRole:FOLLOWER]|listeners:[], old=null
2023-05-05 09:12:28,104 [6520bee8-8bdf-48f9-93d9-ec62562c6e83@group-D11728A34643-LeaderElection22] INFO  impl.LeaderElection (LeaderElection.java:logAndReturn(90)) - 6520bee8-8bdf-48f9-93d9-ec62562c6e83@group-D11728A34643-LeaderElection22: PRE_VOTE REJECTED received 2 response(s) and 0 exception(s):
2023-05-05 09:12:28,104 [6520bee8-8bdf-48f9-93d9-ec62562c6e83@group-D11728A34643-LeaderElection22] INFO  impl.LeaderElection (LeaderElection.java:logAndReturn(94)) -   Response 0: 6520bee8-8bdf-48f9-93d9-ec62562c6e83<-5ca39de1-525d-4da6-b46f-4f3b09d3711c#0:FAIL-t0
2023-05-05 09:12:28,104 [6520bee8-8bdf-48f9-93d9-ec62562c6e83@group-D11728A34643-LeaderElection22] INFO  impl.LeaderElection (LeaderElection.java:logAndReturn(94)) -   Response 1: 6520bee8-8bdf-48f9-93d9-ec62562c6e83<-ee38f84b-8433-476e-8c71-34949542cd2b#0:OK-t0
2023-05-05 09:12:28,104 [6520bee8-8bdf-48f9-93d9-ec62562c6e83@group-D11728A34643-LeaderElection22] INFO  impl.LeaderElection (LeaderElection.java:askForVotes(314)) - 6520bee8-8bdf-48f9-93d9-ec62562c6e83@group-D11728A34643-LeaderElection22 PRE_VOTE round 0: result REJECTED
2023-05-05 09:12:28,104 [6520bee8-8bdf-48f9-93d9-ec62562c6e83@group-D11728A34643-LeaderElection22] INFO  server.RaftServer$Division (RaftServerImpl.java:setRole(321)) - 6520bee8-8bdf-48f9-93d9-ec62562c6e83@group-D11728A34643: changes role from CANDIDATE to FOLLOWER at term 0 for REJECTED
2023-05-05 09:12:28,104 [6520bee8-8bdf-48f9-93d9-ec62562c6e83@group-D11728A34643-LeaderElection22] INFO  impl.RoleInfo (RoleInfo.java:shutdownLeaderElection(130)) - 6520bee8-8bdf-48f9-93d9-ec62562c6e83: shutdown 6520bee8-8bdf-48f9-93d9-ec62562c6e83@group-D11728A34643-LeaderElection22
2023-05-05 09:12:28,105 [6520bee8-8bdf-48f9-93d9-ec62562c6e83@group-D11728A34643-LeaderElection22] INFO  impl.RoleInfo (RoleInfo.java:updateAndGet(139)) - 6520bee8-8bdf-48f9-93d9-ec62562c6e83: start 6520bee8-8bdf-48f9-93d9-ec62562c6e83@group-D11728A34643-FollowerState
2023-05-05 09:12:28,107 [6520bee8-8bdf-48f9-93d9-ec62562c6e83@group-D11728A34643-FollowerState] INFO  server.RaftServerConfigKeys (ConfUtils.java:logFallback(53)) - raft.server.rpc.first-election.timeout.min = 5s (fallback to raft.server.rpc.timeout.min)
2023-05-05 09:12:28,108 [6520bee8-8bdf-48f9-93d9-ec62562c6e83@group-D11728A34643-FollowerState] INFO  server.RaftServerConfigKeys (ConfUtils.java:logFallback(53)) - raft.server.rpc.first-election.timeout.max = 5200ms (fallback to raft.server.rpc.timeout.max)
2023-05-05 09:12:28,109 [ee38f84b-8433-476e-8c71-34949542cd2b@group-4C3C251172CF-FollowerState] INFO  impl.FollowerState (FollowerState.java:run(143)) - ee38f84b-8433-476e-8c71-34949542cd2b@group-4C3C251172CF-FollowerState: change to CANDIDATE, lastRpcElapsedTime:5163285853ns, electionTimeout:5159ms
2023-05-05 09:12:28,109 [ee38f84b-8433-476e-8c71-34949542cd2b@group-4C3C251172CF-FollowerState] INFO  impl.RoleInfo (RoleInfo.java:shutdownFollowerState(110)) - ee38f84b-8433-476e-8c71-34949542cd2b: shutdown ee38f84b-8433-476e-8c71-34949542cd2b@group-4C3C251172CF-FollowerState
2023-05-05 09:12:28,109 [ee38f84b-8433-476e-8c71-34949542cd2b@group-4C3C251172CF-FollowerState] INFO  server.RaftServer$Division (RaftServerImpl.java:setRole(321)) - ee38f84b-8433-476e-8c71-34949542cd2b@group-4C3C251172CF: changes role from  FOLLOWER to CANDIDATE at term 0 for changeToCandidate
2023-05-05 09:12:28,109 [ee38f84b-8433-476e-8c71-34949542cd2b@group-4C3C251172CF-FollowerState] INFO  server.RaftServerConfigKeys (ConfUtils.java:logGet(46)) - raft.server.leaderelection.pre-vote = true (default)
2023-05-05 09:12:28,109 [ee38f84b-8433-476e-8c71-34949542cd2b@group-4C3C251172CF-FollowerState] INFO  impl.RoleInfo (RoleInfo.java:updateAndGet(139)) - ee38f84b-8433-476e-8c71-34949542cd2b: start ee38f84b-8433-476e-8c71-34949542cd2b@group-4C3C251172CF-LeaderElection23
2023-05-05 09:12:28,110 [ee38f84b-8433-476e-8c71-34949542cd2b@group-4C3C251172CF-LeaderElection23] INFO  impl.LeaderElection (LeaderElection.java:askForVotes(312)) - ee38f84b-8433-476e-8c71-34949542cd2b@group-4C3C251172CF-LeaderElection23 PRE_VOTE round 0: submit vote requests at term 0 for -1: peers:[5ca39de1-525d-4da6-b46f-4f3b09d3711c|rpc:10.1.0.42:35995|dataStream:10.1.0.42:38643|priority:0|startupRole:FOLLOWER, ee38f84b-8433-476e-8c71-34949542cd2b|rpc:10.1.0.42:33633|dataStream:10.1.0.42:39375|priority:1|startupRole:FOLLOWER, 6520bee8-8bdf-48f9-93d9-ec62562c6e83|rpc:10.1.0.42:40233|dataStream:10.1.0.42:41833|priority:0|startupRole:FOLLOWER]|listeners:[], old=null
2023-05-05 09:12:28,111 [ee38f84b-8433-476e-8c71-34949542cd2b@group-4C3C251172CF-LeaderElection23-1] INFO  server.GrpcServerProtocolClient (GrpcServerProtocolClient.java:<init>(63)) - Build channel for 5ca39de1-525d-4da6-b46f-4f3b09d3711c
2023-05-05 09:12:28,111 [ee38f84b-8433-476e-8c71-34949542cd2b@group-4C3C251172CF-LeaderElection23] INFO  server.RaftServerConfigKeys (ConfUtils.java:logFallback(53)) - raft.server.rpc.first-election.timeout.min = 5s (fallback to raft.server.rpc.timeout.min)
2023-05-05 09:12:28,111 [ee38f84b-8433-476e-8c71-34949542cd2b@group-4C3C251172CF-LeaderElection23] INFO  server.RaftServerConfigKeys (ConfUtils.java:logFallback(53)) - raft.server.rpc.first-election.timeout.max = 5200ms (fallback to raft.server.rpc.timeout.max)
2023-05-05 09:12:28,112 [ee38f84b-8433-476e-8c71-34949542cd2b@group-4C3C251172CF-LeaderElection23-2] INFO  server.GrpcServerProtocolClient (GrpcServerProtocolClient.java:<init>(63)) - Build channel for 6520bee8-8bdf-48f9-93d9-ec62562c6e83
2023-05-05 09:12:28,119 [grpc-default-executor-1] INFO  server.RaftServer$Division (RaftServerImpl.java:requestVote(1218)) - 5ca39de1-525d-4da6-b46f-4f3b09d3711c@group-4C3C251172CF: receive requestVote(PRE_VOTE, ee38f84b-8433-476e-8c71-34949542cd2b, group-4C3C251172CF, 0, (t:0, i:0))
2023-05-05 09:12:28,119 [grpc-default-executor-1] INFO  impl.VoteContext (VoteContext.java:log(49)) - 5ca39de1-525d-4da6-b46f-4f3b09d3711c@group-4C3C251172CF-FOLLOWER: accept PRE_VOTE from ee38f84b-8433-476e-8c71-34949542cd2b: our priority 0 <= candidate's priority 1
2023-05-05 09:12:28,119 [grpc-default-executor-1] INFO  server.RaftServer$Division (RaftServerImpl.java:requestVote(1251)) - 5ca39de1-525d-4da6-b46f-4f3b09d3711c@group-4C3C251172CF replies to PRE_VOTE vote request: ee38f84b-8433-476e-8c71-34949542cd2b<-5ca39de1-525d-4da6-b46f-4f3b09d3711c#0:OK-t0. Peer's state: 5ca39de1-525d-4da6-b46f-4f3b09d3711c@group-4C3C251172CF:t0, leader=null, voted=, raftlog=Memoized:5ca39de1-525d-4da6-b46f-4f3b09d3711c@group-4C3C251172CF-SegmentedRaftLog:OPENED:c-1, conf=-1: peers:[5ca39de1-525d-4da6-b46f-4f3b09d3711c|rpc:10.1.0.42:35995|dataStream:10.1.0.42:38643|priority:0|startupRole:FOLLOWER, ee38f84b-8433-476e-8c71-34949542cd2b|rpc:10.1.0.42:33633|dataStream:10.1.0.42:39375|priority:1|startupRole:FOLLOWER, 6520bee8-8bdf-48f9-93d9-ec62562c6e83|rpc:10.1.0.42:40233|dataStream:10.1.0.42:41833|priority:0|startupRole:FOLLOWER]|listeners:[], old=null
2023-05-05 09:12:28,123 [ee38f84b-8433-476e-8c71-34949542cd2b@group-4C3C251172CF-LeaderElection23] INFO  impl.LeaderElection (LeaderElection.java:logAndReturn(90)) - ee38f84b-8433-476e-8c71-34949542cd2b@group-4C3C251172CF-LeaderElection23: PRE_VOTE PASSED received 1 response(s) and 0 exception(s):
2023-05-05 09:12:28,123 [ee38f84b-8433-476e-8c71-34949542cd2b@group-4C3C251172CF-LeaderElection23] INFO  impl.LeaderElection (LeaderElection.java:logAndReturn(94)) -   Response 0: ee38f84b-8433-476e-8c71-34949542cd2b<-5ca39de1-525d-4da6-b46f-4f3b09d3711c#0:OK-t0
2023-05-05 09:12:28,124 [ee38f84b-8433-476e-8c71-34949542cd2b@group-4C3C251172CF-LeaderElection23] INFO  impl.LeaderElection (LeaderElection.java:askForVotes(314)) - ee38f84b-8433-476e-8c71-34949542cd2b@group-4C3C251172CF-LeaderElection23 PRE_VOTE round 0: result PASSED
2023-05-05 09:12:28,125 [ee38f84b-8433-476e-8c71-34949542cd2b@group-4C3C251172CF-LeaderElection23] INFO  impl.LeaderElection (LeaderElection.java:askForVotes(312)) - ee38f84b-8433-476e-8c71-34949542cd2b@group-4C3C251172CF-LeaderElection23 ELECTION round 0: submit vote requests at term 1 for -1: peers:[5ca39de1-525d-4da6-b46f-4f3b09d3711c|rpc:10.1.0.42:35995|dataStream:10.1.0.42:38643|priority:0|startupRole:FOLLOWER, ee38f84b-8433-476e-8c71-34949542cd2b|rpc:10.1.0.42:33633|dataStream:10.1.0.42:39375|priority:1|startupRole:FOLLOWER, 6520bee8-8bdf-48f9-93d9-ec62562c6e83|rpc:10.1.0.42:40233|dataStream:10.1.0.42:41833|priority:0|startupRole:FOLLOWER]|listeners:[], old=null
2023-05-05 09:12:28,126 [ee38f84b-8433-476e-8c71-34949542cd2b@group-4C3C251172CF-LeaderElection23] INFO  server.RaftServerConfigKeys (ConfUtils.java:logFallback(53)) - raft.server.rpc.first-election.timeout.min = 5s (fallback to raft.server.rpc.timeout.min)
2023-05-05 09:12:28,126 [ee38f84b-8433-476e-8c71-34949542cd2b@group-4C3C251172CF-LeaderElection23] INFO  server.RaftServerConfigKeys (ConfUtils.java:logFallback(53)) - raft.server.rpc.first-election.timeout.max = 5200ms (fallback to raft.server.rpc.timeout.max)
2023-05-05 09:12:28,128 [grpc-default-executor-1] INFO  server.RaftServer$Division (RaftServerImpl.java:requestVote(1218)) - 5ca39de1-525d-4da6-b46f-4f3b09d3711c@group-4C3C251172CF: receive requestVote(ELECTION, ee38f84b-8433-476e-8c71-34949542cd2b, group-4C3C251172CF, 1, (t:0, i:0))
2023-05-05 09:12:28,128 [grpc-default-executor-1] INFO  impl.VoteContext (VoteContext.java:log(49)) - 5ca39de1-525d-4da6-b46f-4f3b09d3711c@group-4C3C251172CF-FOLLOWER: accept ELECTION from ee38f84b-8433-476e-8c71-34949542cd2b: our priority 0 <= candidate's priority 1
2023-05-05 09:12:28,128 [grpc-default-executor-1] INFO  server.RaftServer$Division (RaftServerImpl.java:setRole(321)) - 5ca39de1-525d-4da6-b46f-4f3b09d3711c@group-4C3C251172CF: changes role from  FOLLOWER to FOLLOWER at term 1 for candidate:ee38f84b-8433-476e-8c71-34949542cd2b
2023-05-05 09:12:28,129 [grpc-default-executor-1] INFO  impl.RoleInfo (RoleInfo.java:shutdownFollowerState(110)) - 5ca39de1-525d-4da6-b46f-4f3b09d3711c: shutdown 5ca39de1-525d-4da6-b46f-4f3b09d3711c@group-4C3C251172CF-FollowerState
2023-05-05 09:12:28,129 [grpc-default-executor-1] INFO  impl.RoleInfo (RoleInfo.java:updateAndGet(139)) - 5ca39de1-525d-4da6-b46f-4f3b09d3711c: start 5ca39de1-525d-4da6-b46f-4f3b09d3711c@group-4C3C251172CF-FollowerState
2023-05-05 09:12:28,129 [5ca39de1-525d-4da6-b46f-4f3b09d3711c@group-4C3C251172CF-FollowerState] INFO  impl.FollowerState (FollowerState.java:run(152)) - 5ca39de1-525d-4da6-b46f-4f3b09d3711c@group-4C3C251172CF-FollowerState was interrupted
2023-05-05 09:12:28,133 [grpc-default-executor-1] INFO  server.RaftServer$Division (RaftServerImpl.java:requestVote(1251)) - 5ca39de1-525d-4da6-b46f-4f3b09d3711c@group-4C3C251172CF replies to ELECTION vote request: ee38f84b-8433-476e-8c71-34949542cd2b<-5ca39de1-525d-4da6-b46f-4f3b09d3711c#0:OK-t1. Peer's state: 5ca39de1-525d-4da6-b46f-4f3b09d3711c@group-4C3C251172CF:t1, leader=null, voted=ee38f84b-8433-476e-8c71-34949542cd2b, raftlog=Memoized:5ca39de1-525d-4da6-b46f-4f3b09d3711c@group-4C3C251172CF-SegmentedRaftLog:OPENED:c-1, conf=-1: peers:[5ca39de1-525d-4da6-b46f-4f3b09d3711c|rpc:10.1.0.42:35995|dataStream:10.1.0.42:38643|priority:0|startupRole:FOLLOWER, ee38f84b-8433-476e-8c71-34949542cd2b|rpc:10.1.0.42:33633|dataStream:10.1.0.42:39375|priority:1|startupRole:FOLLOWER, 6520bee8-8bdf-48f9-93d9-ec62562c6e83|rpc:10.1.0.42:40233|dataStream:10.1.0.42:41833|priority:0|startupRole:FOLLOWER]|listeners:[], old=null
2023-05-05 09:12:28,134 [5ca39de1-525d-4da6-b46f-4f3b09d3711c@group-4C3C251172CF-FollowerState] INFO  server.RaftServerConfigKeys (ConfUtils.java:logFallback(53)) - raft.server.rpc.first-election.timeout.min = 5s (fallback to raft.server.rpc.timeout.min)
2023-05-05 09:12:28,134 [5ca39de1-525d-4da6-b46f-4f3b09d3711c@group-4C3C251172CF-FollowerState] INFO  server.RaftServerConfigKeys (ConfUtils.java:logFallback(53)) - raft.server.rpc.first-election.timeout.max = 5200ms (fallback to raft.server.rpc.timeout.max)
2023-05-05 09:12:28,137 [grpc-default-executor-1] INFO  server.RaftServer$Division (RaftServerImpl.java:requestVote(1218)) - 6520bee8-8bdf-48f9-93d9-ec62562c6e83@group-4C3C251172CF: receive requestVote(PRE_VOTE, ee38f84b-8433-476e-8c71-34949542cd2b, group-4C3C251172CF, 0, (t:0, i:0))
2023-05-05 09:12:28,137 [grpc-default-executor-1] INFO  impl.VoteContext (VoteContext.java:log(49)) - 6520bee8-8bdf-48f9-93d9-ec62562c6e83@group-4C3C251172CF-FOLLOWER: accept PRE_VOTE from ee38f84b-8433-476e-8c71-34949542cd2b: our priority 0 <= candidate's priority 1
2023-05-05 09:12:28,137 [grpc-default-executor-1] INFO  server.RaftServer$Division (RaftServerImpl.java:requestVote(1251)) - 6520bee8-8bdf-48f9-93d9-ec62562c6e83@group-4C3C251172CF replies to PRE_VOTE vote request: ee38f84b-8433-476e-8c71-34949542cd2b<-6520bee8-8bdf-48f9-93d9-ec62562c6e83#0:OK-t0. Peer's state: 6520bee8-8bdf-48f9-93d9-ec62562c6e83@group-4C3C251172CF:t0, leader=null, voted=, raftlog=Memoized:6520bee8-8bdf-48f9-93d9-ec62562c6e83@group-4C3C251172CF-SegmentedRaftLog:OPENED:c-1, conf=-1: peers:[5ca39de1-525d-4da6-b46f-4f3b09d3711c|rpc:10.1.0.42:35995|dataStream:10.1.0.42:38643|priority:0|startupRole:FOLLOWER, ee38f84b-8433-476e-8c71-34949542cd2b|rpc:10.1.0.42:33633|dataStream:10.1.0.42:39375|priority:1|startupRole:FOLLOWER, 6520bee8-8bdf-48f9-93d9-ec62562c6e83|rpc:10.1.0.42:40233|dataStream:10.1.0.42:41833|priority:0|startupRole:FOLLOWER]|listeners:[], old=null
2023-05-05 09:12:28,138 [ee38f84b-8433-476e-8c71-34949542cd2b@group-4C3C251172CF-LeaderElection23] INFO  impl.LeaderElection (LeaderElection.java:logAndReturn(90)) - ee38f84b-8433-476e-8c71-34949542cd2b@group-4C3C251172CF-LeaderElection23: ELECTION PASSED received 1 response(s) and 0 exception(s):
2023-05-05 09:12:28,138 [ee38f84b-8433-476e-8c71-34949542cd2b@group-4C3C251172CF-LeaderElection23] INFO  impl.LeaderElection (LeaderElection.java:logAndReturn(94)) -   Response 0: ee38f84b-8433-476e-8c71-34949542cd2b<-5ca39de1-525d-4da6-b46f-4f3b09d3711c#0:OK-t1
2023-05-05 09:12:28,138 [ee38f84b-8433-476e-8c71-34949542cd2b@group-4C3C251172CF-LeaderElection23] INFO  impl.LeaderElection (LeaderElection.java:askForVotes(314)) - ee38f84b-8433-476e-8c71-34949542cd2b@group-4C3C251172CF-LeaderElection23 ELECTION round 0: result PASSED
2023-05-05 09:12:28,138 [ee38f84b-8433-476e-8c71-34949542cd2b@group-4C3C251172CF-LeaderElection23] INFO  impl.RoleInfo (RoleInfo.java:shutdownLeaderElection(130)) - ee38f84b-8433-476e-8c71-34949542cd2b: shutdown ee38f84b-8433-476e-8c71-34949542cd2b@group-4C3C251172CF-LeaderElection23
2023-05-05 09:12:28,138 [ee38f84b-8433-476e-8c71-34949542cd2b@group-4C3C251172CF-LeaderElection23] INFO  server.RaftServer$Division (RaftServerImpl.java:setRole(321)) - ee38f84b-8433-476e-8c71-34949542cd2b@group-4C3C251172CF: changes role from CANDIDATE to LEADER at term 1 for changeToLeader
2023-05-05 09:12:28,138 [ee38f84b-8433-476e-8c71-34949542cd2b@group-4C3C251172CF-LeaderElection23] INFO  ratis.XceiverServerRatis (XceiverServerRatis.java:handleLeaderChangedNotification(904)) - Leader change notification received for group: group-4C3C251172CF with new leaderId: ee38f84b-8433-476e-8c71-34949542cd2b
2023-05-05 09:12:28,138 [ee38f84b-8433-476e-8c71-34949542cd2b@group-4C3C251172CF-LeaderElection23] INFO  server.RaftServer$Division (ServerState.java:setLeader(313)) - ee38f84b-8433-476e-8c71-34949542cd2b@group-4C3C251172CF: change Leader from null to ee38f84b-8433-476e-8c71-34949542cd2b at term 1 for becomeLeader, leader elected after 5215ms
2023-05-05 09:12:28,139 [ee38f84b-8433-476e-8c71-34949542cd2b@group-4C3C251172CF-LeaderElection23] INFO  server.RaftServerConfigKeys (ConfUtils.java:logGet(46)) - raft.server.staging.catchup.gap = 1000 (default)
2023-05-05 09:12:28,139 [ee38f84b-8433-476e-8c71-34949542cd2b@group-4C3C251172CF-LeaderElection23] INFO  server.RaftServerConfigKeys (ConfUtils.java:logGet(46)) - raft.server.write.element-limit = 1024 (custom)
2023-05-05 09:12:28,139 [ee38f84b-8433-476e-8c71-34949542cd2b@group-4C3C251172CF-LeaderElection23] INFO  server.RaftServerConfigKeys (ConfUtils.java:logGet(46)) - raft.server.write.byte-limit = 1024 M (=1073741824) (custom)
2023-05-05 09:12:28,139 [ee38f84b-8433-476e-8c71-34949542cd2b@group-4C3C251172CF-LeaderElection23] INFO  server.RaftServerConfigKeys (ConfUtils.java:logGet(46)) - raft.server.watch.timeout = 180s (custom)
2023-05-05 09:12:28,139 [ee38f84b-8433-476e-8c71-34949542cd2b@group-4C3C251172CF-LeaderElection23] INFO  server.RaftServerConfigKeys (ConfUtils.java:logGet(46)) - raft.server.watch.timeout.denomination = 1s (default)
2023-05-05 09:12:28,139 [ee38f84b-8433-476e-8c71-34949542cd2b@group-4C3C251172CF-LeaderElection23] INFO  server.RaftServerConfigKeys (ConfUtils.java:logGet(46)) - raft.server.watch.element-limit = 65536 (default)
2023-05-05 09:12:28,139 [ee38f84b-8433-476e-8c71-34949542cd2b@group-4C3C251172CF-LeaderElection23] INFO  server.RaftServerConfigKeys (ConfUtils.java:logGet(46)) - raft.server.write.element-limit = 1024 (custom)
2023-05-05 09:12:28,139 [ee38f84b-8433-476e-8c71-34949542cd2b@group-4C3C251172CF-LeaderElection23] INFO  server.RaftServerConfigKeys (ConfUtils.java:logGet(46)) - raft.server.write.follower.gap.ratio.max = -1.0 (default)
2023-05-05 09:12:28,140 [ee38f84b-8433-476e-8c71-34949542cd2b@group-4C3C251172CF-LeaderElection23] INFO  server.RaftServerConfigKeys (ConfUtils.java:logGet(46)) - raft.server.log.appender.snapshot.chunk.size.max = 16MB (=16777216) (default)
2023-05-05 09:12:28,140 [ee38f84b-8433-476e-8c71-34949542cd2b@group-4C3C251172CF-LeaderElection23] INFO  server.RaftServerConfigKeys (ConfUtils.java:logGet(46)) - raft.server.log.appender.buffer.byte-limit = 33554432 (custom)
2023-05-05 09:12:28,140 [ee38f84b-8433-476e-8c71-34949542cd2b@group-4C3C251172CF-LeaderElection23] INFO  server.RaftServerConfigKeys (ConfUtils.java:logGet(46)) - raft.server.log.appender.buffer.element-limit = 1 (custom)
2023-05-05 09:12:28,140 [ee38f84b-8433-476e-8c71-34949542cd2b@group-4C3C251172CF-LeaderElection23] INFO  grpc.GrpcConfigKeys (ConfUtils.java:logGet(46)) - raft.grpc.server.leader.outstanding.appends.max = 128 (default)
2023-05-05 09:12:28,140 [ee38f84b-8433-476e-8c71-34949542cd2b@group-4C3C251172CF-LeaderElection23] INFO  server.RaftServerConfigKeys (ConfUtils.java:logGet(46)) - raft.server.rpc.request.timeout = 60s (custom)
2023-05-05 09:12:28,140 [ee38f84b-8433-476e-8c71-34949542cd2b@group-4C3C251172CF-LeaderElection23] INFO  server.RaftServerConfigKeys (ConfUtils.java:logGet(46)) - raft.server.log.appender.install.snapshot.enabled = false (custom)
2023-05-05 09:12:28,140 [ee38f84b-8433-476e-8c71-34949542cd2b@group-4C3C251172CF-LeaderElection23] INFO  grpc.GrpcConfigKeys (ConfUtils.java:logGet(46)) - raft.grpc.server.heartbeat.channel = true (default)
2023-05-05 09:12:28,141 [ee38f84b-8433-476e-8c71-34949542cd2b@group-4C3C251172CF-LeaderElection23] INFO  server.RaftServerConfigKeys (ConfUtils.java:logGet(46)) - raft.server.log.appender.wait-time.min = 10ms (default)
2023-05-05 09:12:28,142 [ee38f84b-8433-476e-8c71-34949542cd2b@group-4C3C251172CF-LeaderElection23] INFO  server.RaftServerConfigKeys (ConfUtils.java:logGet(46)) - raft.server.log.appender.snapshot.chunk.size.max = 16MB (=16777216) (default)
2023-05-05 09:12:28,142 [ee38f84b-8433-476e-8c71-34949542cd2b@group-4C3C251172CF-LeaderElection23] INFO  server.RaftServerConfigKeys (ConfUtils.java:logGet(46)) - raft.server.log.appender.buffer.byte-limit = 33554432 (custom)
2023-05-05 09:12:28,142 [ee38f84b-8433-476e-8c71-34949542cd2b@group-4C3C251172CF-LeaderElection23] INFO  server.RaftServerConfigKeys (ConfUtils.java:logGet(46)) - raft.server.log.appender.buffer.element-limit = 1 (custom)
2023-05-05 09:12:28,143 [EventQueue-PipelineReportForPipelineReportHandler] INFO  pipeline.PipelineManagerImpl (PipelineManagerImpl.java:openPipeline(367)) - Pipeline Pipeline[ Id: 6994c7d0-c0fa-4509-b024-4c3c251172cf, Nodes: ee38f84b-8433-476e-8c71-34949542cd2b(fv-az152-207.qln5d00okglujjccfnhxhxodph.cx.internal.cloudapp.net/10.1.0.42)5ca39de1-525d-4da6-b46f-4f3b09d3711c(fv-az152-207.qln5d00okglujjccfnhxhxodph.cx.internal.cloudapp.net/10.1.0.42)6520bee8-8bdf-48f9-93d9-ec62562c6e83(fv-az152-207.qln5d00okglujjccfnhxhxodph.cx.internal.cloudapp.net/10.1.0.42), ReplicationConfig: RATIS/THREE, State:ALLOCATED, leaderId:ee38f84b-8433-476e-8c71-34949542cd2b, CreationTimestamp2023-05-05T09:12:20.698Z[Etc/UTC]] moved to OPEN state
2023-05-05 09:12:28,147 [EventQueue-OpenPipelineForHealthyPipelineSafeModeRule] INFO  safemode.SCMSafeModeManager (HealthyPipelineSafeModeRule.java:process(137)) - SCM in safe mode. Healthy pipelines reported count is 1, required healthy pipeline reported count is 1
2023-05-05 09:12:28,147 [EventQueue-OpenPipelineForHealthyPipelineSafeModeRule] INFO  safemode.SCMSafeModeManager (SCMSafeModeManager.java:validateSafeModeExitRules(200)) - HealthyPipelineSafeModeRule rule is successfully validated
2023-05-05 09:12:28,147 [EventQueue-OpenPipelineForHealthyPipelineSafeModeRule] INFO  safemode.SCMSafeModeManager (SCMSafeModeManager.java:validateSafeModeExitRules(215)) - ScmSafeModeManager, all rules are successfully validated
2023-05-05 09:12:28,147 [EventQueue-OpenPipelineForHealthyPipelineSafeModeRule] INFO  safemode.SCMSafeModeManager (SCMSafeModeManager.java:exitSafeMode(244)) - SCM exiting safe mode.
2023-05-05 09:12:28,147 [EventQueue-OpenPipelineForHealthyPipelineSafeModeRule] INFO  ha.SCMContext (SCMContext.java:updateSafeModeStatus(228)) - Update SafeModeStatus from SafeModeStatus{safeModeStatus=true, preCheckPassed=true} to SafeModeStatus{safeModeStatus=false, preCheckPassed=true}.
2023-05-05 09:12:28,147 [EventQueue-OpenPipelineForHealthyPipelineSafeModeRule] INFO  pipeline.BackgroundPipelineCreator (BackgroundPipelineCreator.java:notifyStatusChanged(254)) - Service BackgroundPipelineCreator transitions to RUNNING.
2023-05-05 09:12:28,147 [EventQueue-OpenPipelineForHealthyPipelineSafeModeRule] INFO  BackgroundPipelineScrubber (BackgroundSCMService.java:notifyStatusChanged(82)) - Service BackgroundPipelineScrubber transitions to RUNNING.
2023-05-05 09:12:28,147 [EventQueue-OpenPipelineForHealthyPipelineSafeModeRule] INFO  ExpiredContainerReplicaOpScrubber (BackgroundSCMService.java:notifyStatusChanged(82)) - Service ExpiredContainerReplicaOpScrubber transitions to RUNNING.
2023-05-05 09:12:28,147 [EventQueue-OpenPipelineForHealthyPipelineSafeModeRule] INFO  replication.ReplicationManager (ReplicationManager.java:notifyStatusChanged(1370)) - Service ReplicationManager transitions to RUNNING.
2023-05-05 09:12:28,148 [EventQueue-OpenPipelineForHealthyPipelineSafeModeRule] WARN  balancer.ContainerBalancer (ContainerBalancer.java:shouldRun(132)) - Could not find persisted configuration for ContainerBalancer when checking if ContainerBalancer should run. ContainerBalancer should not run now.
2023-05-05 09:12:28,145 [ee38f84b-8433-476e-8c71-34949542cd2b@group-4C3C251172CF-LeaderElection23] INFO  grpc.GrpcConfigKeys (ConfUtils.java:logGet(46)) - raft.grpc.server.leader.outstanding.appends.max = 128 (default)
2023-05-05 09:12:28,148 [ee38f84b-8433-476e-8c71-34949542cd2b@group-4C3C251172CF-LeaderElection23] INFO  server.RaftServerConfigKeys (ConfUtils.java:logGet(46)) - raft.server.rpc.request.timeout = 60s (custom)
2023-05-05 09:12:28,148 [ee38f84b-8433-476e-8c71-34949542cd2b@group-4C3C251172CF-LeaderElection23] INFO  server.RaftServerConfigKeys (ConfUtils.java:logGet(46)) - raft.server.log.appender.install.snapshot.enabled = false (custom)
2023-05-05 09:12:28,148 [ee38f84b-8433-476e-8c71-34949542cd2b@group-4C3C251172CF-LeaderElection23] INFO  grpc.GrpcConfigKeys (ConfUtils.java:logGet(46)) - raft.grpc.server.heartbeat.channel = true (default)
2023-05-05 09:12:28,148 [ee38f84b-8433-476e-8c71-34949542cd2b@group-4C3C251172CF-LeaderElection23] INFO  server.RaftServerConfigKeys (ConfUtils.java:logGet(46)) - raft.server.log.appender.wait-time.min = 10ms (default)
2023-05-05 09:12:28,148 [ee38f84b-8433-476e-8c71-34949542cd2b@group-4C3C251172CF-LeaderElection23] INFO  impl.RoleInfo (RoleInfo.java:updateAndGet(139)) - ee38f84b-8433-476e-8c71-34949542cd2b: start ee38f84b-8433-476e-8c71-34949542cd2b@group-4C3C251172CF-LeaderStateImpl
2023-05-05 09:12:28,148 [ee38f84b-8433-476e-8c71-34949542cd2b@group-4C3C251172CF-LeaderElection23] INFO  segmented.SegmentedRaftLogWorker (SegmentedRaftLogWorker.java:startLogSegment(452)) - ee38f84b-8433-476e-8c71-34949542cd2b@group-4C3C251172CF-SegmentedRaftLogWorker: Starting segment from index:0
2023-05-05 09:12:28,150 [ee38f84b-8433-476e-8c71-34949542cd2b@group-4C3C251172CF-SegmentedRaftLogWorker] INFO  segmented.SegmentedRaftLogWorker (SegmentedRaftLogWorker.java:execute(656)) - ee38f84b-8433-476e-8c71-34949542cd2b@group-4C3C251172CF-SegmentedRaftLogWorker: created new log segment /home/runner/work/ozone/ozone/hadoop-ozone/integration-test/target/test-dir/MiniOzoneClusterImpl-da0de1e2-202c-4ae6-9300-2fe7d9a9c5f7/datanode-1/data/ratis/6994c7d0-c0fa-4509-b024-4c3c251172cf/current/log_inprogress_0
2023-05-05 09:12:28,156 [grpc-default-executor-2] INFO  server.RaftServer$Division (RaftServerImpl.java:requestVote(1218)) - 6520bee8-8bdf-48f9-93d9-ec62562c6e83@group-4C3C251172CF: receive requestVote(ELECTION, ee38f84b-8433-476e-8c71-34949542cd2b, group-4C3C251172CF, 1, (t:0, i:0))
2023-05-05 09:12:28,156 [5ca39de1-525d-4da6-b46f-4f3b09d3711c-server-thread1] INFO  ratis.XceiverServerRatis (XceiverServerRatis.java:handleLeaderChangedNotification(904)) - Leader change notification received for group: group-4C3C251172CF with new leaderId: ee38f84b-8433-476e-8c71-34949542cd2b
2023-05-05 09:12:28,156 [5ca39de1-525d-4da6-b46f-4f3b09d3711c-server-thread1] INFO  server.RaftServer$Division (ServerState.java:setLeader(313)) - 5ca39de1-525d-4da6-b46f-4f3b09d3711c@group-4C3C251172CF: change Leader from null to ee38f84b-8433-476e-8c71-34949542cd2b at term 1 for appendEntries, leader elected after 5179ms
2023-05-05 09:12:28,156 [grpc-default-executor-2] INFO  impl.VoteContext (VoteContext.java:log(49)) - 6520bee8-8bdf-48f9-93d9-ec62562c6e83@group-4C3C251172CF-FOLLOWER: accept ELECTION from ee38f84b-8433-476e-8c71-34949542cd2b: our priority 0 <= candidate's priority 1
2023-05-05 09:12:28,160 [grpc-default-executor-2] INFO  server.RaftServer$Division (RaftServerImpl.java:setRole(321)) - 6520bee8-8bdf-48f9-93d9-ec62562c6e83@group-4C3C251172CF: changes role from  FOLLOWER to FOLLOWER at term 1 for candidate:ee38f84b-8433-476e-8c71-34949542cd2b
2023-05-05 09:12:28,160 [grpc-default-executor-2] INFO  impl.RoleInfo (RoleInfo.java:shutdownFollowerState(110)) - 6520bee8-8bdf-48f9-93d9-ec62562c6e83: shutdown 6520bee8-8bdf-48f9-93d9-ec62562c6e83@group-4C3C251172CF-FollowerState
2023-05-05 09:12:28,173 [ee38f84b-8433-476e-8c71-34949542cd2b@group-4C3C251172CF-LeaderElection23] INFO  server.RaftServer$Division (ServerState.java:setRaftConf(430)) - ee38f84b-8433-476e-8c71-34949542cd2b@group-4C3C251172CF: set configuration 0: peers:[5ca39de1-525d-4da6-b46f-4f3b09d3711c|rpc:10.1.0.42:35995|dataStream:10.1.0.42:38643|priority:0|startupRole:FOLLOWER, ee38f84b-8433-476e-8c71-34949542cd2b|rpc:10.1.0.42:33633|dataStream:10.1.0.42:39375|priority:1|startupRole:FOLLOWER, 6520bee8-8bdf-48f9-93d9-ec62562c6e83|rpc:10.1.0.42:40233|dataStream:10.1.0.42:41833|priority:0|startupRole:FOLLOWER]|listeners:[], old=null
2023-05-05 09:12:28,179 [grpc-default-executor-2] INFO  impl.RoleInfo (RoleInfo.java:updateAndGet(139)) - 6520bee8-8bdf-48f9-93d9-ec62562c6e83: start 6520bee8-8bdf-48f9-93d9-ec62562c6e83@group-4C3C251172CF-FollowerState
2023-05-05 09:12:28,179 [6520bee8-8bdf-48f9-93d9-ec62562c6e83@group-4C3C251172CF-FollowerState] INFO  impl.FollowerState (FollowerState.java:run(152)) - 6520bee8-8bdf-48f9-93d9-ec62562c6e83@group-4C3C251172CF-FollowerState was interrupted
2023-05-05 09:12:28,180 [6520bee8-8bdf-48f9-93d9-ec62562c6e83@group-4C3C251172CF-FollowerState] INFO  server.RaftServerConfigKeys (ConfUtils.java:logFallback(53)) - raft.server.rpc.first-election.timeout.min = 5s (fallback to raft.server.rpc.timeout.min)
2023-05-05 09:12:28,180 [6520bee8-8bdf-48f9-93d9-ec62562c6e83@group-4C3C251172CF-FollowerState] INFO  server.RaftServerConfigKeys (ConfUtils.java:logFallback(53)) - raft.server.rpc.first-election.timeout.max = 5200ms (fallback to raft.server.rpc.timeout.max)
2023-05-05 09:12:28,183 [grpc-default-executor-2] INFO  server.RaftServer$Division (RaftServerImpl.java:requestVote(1251)) - 6520bee8-8bdf-48f9-93d9-ec62562c6e83@group-4C3C251172CF replies to ELECTION vote request: ee38f84b-8433-476e-8c71-34949542cd2b<-6520bee8-8bdf-48f9-93d9-ec62562c6e83#0:OK-t1. Peer's state: 6520bee8-8bdf-48f9-93d9-ec62562c6e83@group-4C3C251172CF:t1, leader=null, voted=ee38f84b-8433-476e-8c71-34949542cd2b, raftlog=Memoized:6520bee8-8bdf-48f9-93d9-ec62562c6e83@group-4C3C251172CF-SegmentedRaftLog:OPENED:c-1, conf=-1: peers:[5ca39de1-525d-4da6-b46f-4f3b09d3711c|rpc:10.1.0.42:35995|dataStream:10.1.0.42:38643|priority:0|startupRole:FOLLOWER, ee38f84b-8433-476e-8c71-34949542cd2b|rpc:10.1.0.42:33633|dataStream:10.1.0.42:39375|priority:1|startupRole:FOLLOWER, 6520bee8-8bdf-48f9-93d9-ec62562c6e83|rpc:10.1.0.42:40233|dataStream:10.1.0.42:41833|priority:0|startupRole:FOLLOWER]|listeners:[], old=null
2023-05-05 09:12:28,183 [6520bee8-8bdf-48f9-93d9-ec62562c6e83-server-thread2] INFO  ratis.XceiverServerRatis (XceiverServerRatis.java:handleLeaderChangedNotification(904)) - Leader change notification received for group: group-4C3C251172CF with new leaderId: ee38f84b-8433-476e-8c71-34949542cd2b
2023-05-05 09:12:28,183 [6520bee8-8bdf-48f9-93d9-ec62562c6e83-server-thread2] INFO  server.RaftServer$Division (ServerState.java:setLeader(313)) - 6520bee8-8bdf-48f9-93d9-ec62562c6e83@group-4C3C251172CF: change Leader from null to ee38f84b-8433-476e-8c71-34949542cd2b at term 1 for appendEntries, leader elected after 5313ms
2023-05-05 09:12:28,184 [6520bee8-8bdf-48f9-93d9-ec62562c6e83-server-thread1] INFO  server.RaftServer$Division (ServerState.java:setRaftConf(430)) - 6520bee8-8bdf-48f9-93d9-ec62562c6e83@group-4C3C251172CF: set configuration 0: peers:[5ca39de1-525d-4da6-b46f-4f3b09d3711c|rpc:10.1.0.42:35995|dataStream:10.1.0.42:38643|priority:0|startupRole:FOLLOWER, ee38f84b-8433-476e-8c71-34949542cd2b|rpc:10.1.0.42:33633|dataStream:10.1.0.42:39375|priority:1|startupRole:FOLLOWER, 6520bee8-8bdf-48f9-93d9-ec62562c6e83|rpc:10.1.0.42:40233|dataStream:10.1.0.42:41833|priority:0|startupRole:FOLLOWER]|listeners:[], old=null
2023-05-05 09:12:28,185 [6520bee8-8bdf-48f9-93d9-ec62562c6e83-server-thread1] INFO  segmented.SegmentedRaftLogWorker (SegmentedRaftLogWorker.java:startLogSegment(452)) - 6520bee8-8bdf-48f9-93d9-ec62562c6e83@group-4C3C251172CF-SegmentedRaftLogWorker: Starting segment from index:0
2023-05-05 09:12:28,188 [5ca39de1-525d-4da6-b46f-4f3b09d3711c-server-thread3] INFO  server.RaftServer$Division (ServerState.java:setRaftConf(430)) - 5ca39de1-525d-4da6-b46f-4f3b09d3711c@group-4C3C251172CF: set configuration 0: peers:[5ca39de1-525d-4da6-b46f-4f3b09d3711c|rpc:10.1.0.42:35995|dataStream:10.1.0.42:38643|priority:0|startupRole:FOLLOWER, ee38f84b-8433-476e-8c71-34949542cd2b|rpc:10.1.0.42:33633|dataStream:10.1.0.42:39375|priority:1|startupRole:FOLLOWER, 6520bee8-8bdf-48f9-93d9-ec62562c6e83|rpc:10.1.0.42:40233|dataStream:10.1.0.42:41833|priority:0|startupRole:FOLLOWER]|listeners:[], old=null
2023-05-05 09:12:28,188 [5ca39de1-525d-4da6-b46f-4f3b09d3711c-server-thread3] INFO  segmented.SegmentedRaftLogWorker (SegmentedRaftLogWorker.java:startLogSegment(452)) - 5ca39de1-525d-4da6-b46f-4f3b09d3711c@group-4C3C251172CF-SegmentedRaftLogWorker: Starting segment from index:0
2023-05-05 09:12:28,189 [6520bee8-8bdf-48f9-93d9-ec62562c6e83@group-4C3C251172CF-SegmentedRaftLogWorker] INFO  segmented.SegmentedRaftLogWorker (SegmentedRaftLogWorker.java:execute(656)) - 6520bee8-8bdf-48f9-93d9-ec62562c6e83@group-4C3C251172CF-SegmentedRaftLogWorker: created new log segment /home/runner/work/ozone/ozone/hadoop-ozone/integration-test/target/test-dir/MiniOzoneClusterImpl-da0de1e2-202c-4ae6-9300-2fe7d9a9c5f7/datanode-0/data/ratis/6994c7d0-c0fa-4509-b024-4c3c251172cf/current/log_inprogress_0
2023-05-05 09:12:28,191 [5ca39de1-525d-4da6-b46f-4f3b09d3711c@group-4C3C251172CF-SegmentedRaftLogWorker] INFO  segmented.SegmentedRaftLogWorker (SegmentedRaftLogWorker.java:execute(656)) - 5ca39de1-525d-4da6-b46f-4f3b09d3711c@group-4C3C251172CF-SegmentedRaftLogWorker: created new log segment /home/runner/work/ozone/ozone/hadoop-ozone/integration-test/target/test-dir/MiniOzoneClusterImpl-da0de1e2-202c-4ae6-9300-2fe7d9a9c5f7/datanode-2/data/ratis/6994c7d0-c0fa-4509-b024-4c3c251172cf/current/log_inprogress_0
2023-05-05 09:12:28,213 [5ca39de1-525d-4da6-b46f-4f3b09d3711c@group-D11728A34643-FollowerState] INFO  impl.FollowerState (FollowerState.java:run(143)) - 5ca39de1-525d-4da6-b46f-4f3b09d3711c@group-D11728A34643-FollowerState: change to CANDIDATE, lastRpcElapsedTime:5142759369ns, electionTimeout:5139ms
2023-05-05 09:12:28,213 [5ca39de1-525d-4da6-b46f-4f3b09d3711c@group-D11728A34643-FollowerState] INFO  impl.RoleInfo (RoleInfo.java:shutdownFollowerState(110)) - 5ca39de1-525d-4da6-b46f-4f3b09d3711c: shutdown 5ca39de1-525d-4da6-b46f-4f3b09d3711c@group-D11728A34643-FollowerState
2023-05-05 09:12:28,213 [5ca39de1-525d-4da6-b46f-4f3b09d3711c@group-D11728A34643-FollowerState] INFO  server.RaftServer$Division (RaftServerImpl.java:setRole(321)) - 5ca39de1-525d-4da6-b46f-4f3b09d3711c@group-D11728A34643: changes role from  FOLLOWER to CANDIDATE at term 0 for changeToCandidate
2023-05-05 09:12:28,214 [5ca39de1-525d-4da6-b46f-4f3b09d3711c@group-D11728A34643-FollowerState] INFO  server.RaftServerConfigKeys (ConfUtils.java:logGet(46)) - raft.server.leaderelection.pre-vote = true (default)
2023-05-05 09:12:28,214 [5ca39de1-525d-4da6-b46f-4f3b09d3711c@group-D11728A34643-FollowerState] INFO  impl.RoleInfo (RoleInfo.java:updateAndGet(139)) - 5ca39de1-525d-4da6-b46f-4f3b09d3711c: start 5ca39de1-525d-4da6-b46f-4f3b09d3711c@group-D11728A34643-LeaderElection24
2023-05-05 09:12:28,217 [5ca39de1-525d-4da6-b46f-4f3b09d3711c@group-D11728A34643-LeaderElection24] INFO  impl.LeaderElection (LeaderElection.java:askForVotes(312)) - 5ca39de1-525d-4da6-b46f-4f3b09d3711c@group-D11728A34643-LeaderElection24 PRE_VOTE round 0: submit vote requests at term 0 for -1: peers:[5ca39de1-525d-4da6-b46f-4f3b09d3711c|rpc:10.1.0.42:35995|dataStream:10.1.0.42:38643|priority:1|startupRole:FOLLOWER, ee38f84b-8433-476e-8c71-34949542cd2b|rpc:10.1.0.42:33633|dataStream:10.1.0.42:39375|priority:0|startupRole:FOLLOWER, 6520bee8-8bdf-48f9-93d9-ec62562c6e83|rpc:10.1.0.42:40233|dataStream:10.1.0.42:41833|priority:0|startupRole:FOLLOWER]|listeners:[], old=null
2023-05-05 09:12:28,218 [5ca39de1-525d-4da6-b46f-4f3b09d3711c@group-D11728A34643-LeaderElection24-1] INFO  server.GrpcServerProtocolClient (GrpcServerProtocolClient.java:<init>(63)) - Build channel for ee38f84b-8433-476e-8c71-34949542cd2b
2023-05-05 09:12:28,223 [5ca39de1-525d-4da6-b46f-4f3b09d3711c@group-D11728A34643-LeaderElection24] INFO  server.RaftServerConfigKeys (ConfUtils.java:logFallback(53)) - raft.server.rpc.first-election.timeout.min = 5s (fallback to raft.server.rpc.timeout.min)
2023-05-05 09:12:28,223 [5ca39de1-525d-4da6-b46f-4f3b09d3711c@group-D11728A34643-LeaderElection24] INFO  server.RaftServerConfigKeys (ConfUtils.java:logFallback(53)) - raft.server.rpc.first-election.timeout.max = 5200ms (fallback to raft.server.rpc.timeout.max)
2023-05-05 09:12:28,223 [5ca39de1-525d-4da6-b46f-4f3b09d3711c@group-D11728A34643-LeaderElection24-2] INFO  server.GrpcServerProtocolClient (GrpcServerProtocolClient.java:<init>(63)) - Build channel for 6520bee8-8bdf-48f9-93d9-ec62562c6e83
2023-05-05 09:12:28,231 [grpc-default-executor-0] INFO  server.RaftServer$Division (RaftServerImpl.java:requestVote(1218)) - ee38f84b-8433-476e-8c71-34949542cd2b@group-D11728A34643: receive requestVote(PRE_VOTE, 5ca39de1-525d-4da6-b46f-4f3b09d3711c, group-D11728A34643, 0, (t:0, i:0))
2023-05-05 09:12:28,231 [grpc-default-executor-0] INFO  impl.VoteContext (VoteContext.java:log(49)) - ee38f84b-8433-476e-8c71-34949542cd2b@group-D11728A34643-FOLLOWER: accept PRE_VOTE from 5ca39de1-525d-4da6-b46f-4f3b09d3711c: our priority 0 <= candidate's priority 1
2023-05-05 09:12:28,231 [grpc-default-executor-0] INFO  server.RaftServer$Division (RaftServerImpl.java:requestVote(1251)) - ee38f84b-8433-476e-8c71-34949542cd2b@group-D11728A34643 replies to PRE_VOTE vote request: 5ca39de1-525d-4da6-b46f-4f3b09d3711c<-ee38f84b-8433-476e-8c71-34949542cd2b#0:OK-t0. Peer's state: ee38f84b-8433-476e-8c71-34949542cd2b@group-D11728A34643:t0, leader=null, voted=, raftlog=Memoized:ee38f84b-8433-476e-8c71-34949542cd2b@group-D11728A34643-SegmentedRaftLog:OPENED:c-1, conf=-1: peers:[5ca39de1-525d-4da6-b46f-4f3b09d3711c|rpc:10.1.0.42:35995|dataStream:10.1.0.42:38643|priority:1|startupRole:FOLLOWER, ee38f84b-8433-476e-8c71-34949542cd2b|rpc:10.1.0.42:33633|dataStream:10.1.0.42:39375|priority:0|startupRole:FOLLOWER, 6520bee8-8bdf-48f9-93d9-ec62562c6e83|rpc:10.1.0.42:40233|dataStream:10.1.0.42:41833|priority:0|startupRole:FOLLOWER]|listeners:[], old=null
2023-05-05 09:12:28,235 [grpc-default-executor-3] INFO  server.RaftServer$Division (RaftServerImpl.java:requestVote(1218)) - 6520bee8-8bdf-48f9-93d9-ec62562c6e83@group-D11728A34643: receive requestVote(PRE_VOTE, 5ca39de1-525d-4da6-b46f-4f3b09d3711c, group-D11728A34643, 0, (t:0, i:0))
2023-05-05 09:12:28,235 [grpc-default-executor-3] INFO  impl.VoteContext (VoteContext.java:log(49)) - 6520bee8-8bdf-48f9-93d9-ec62562c6e83@group-D11728A34643-FOLLOWER: accept PRE_VOTE from 5ca39de1-525d-4da6-b46f-4f3b09d3711c: our priority 0 <= candidate's priority 1
2023-05-05 09:12:28,235 [grpc-default-executor-3] INFO  server.RaftServer$Division (RaftServerImpl.java:requestVote(1251)) - 6520bee8-8bdf-48f9-93d9-ec62562c6e83@group-D11728A34643 replies to PRE_VOTE vote request: 5ca39de1-525d-4da6-b46f-4f3b09d3711c<-6520bee8-8bdf-48f9-93d9-ec62562c6e83#0:OK-t0. Peer's state: 6520bee8-8bdf-48f9-93d9-ec62562c6e83@group-D11728A34643:t0, leader=null, voted=, raftlog=Memoized:6520bee8-8bdf-48f9-93d9-ec62562c6e83@group-D11728A34643-SegmentedRaftLog:OPENED:c-1, conf=-1: peers:[5ca39de1-525d-4da6-b46f-4f3b09d3711c|rpc:10.1.0.42:35995|dataStream:10.1.0.42:38643|priority:1|startupRole:FOLLOWER, ee38f84b-8433-476e-8c71-34949542cd2b|rpc:10.1.0.42:33633|dataStream:10.1.0.42:39375|priority:0|startupRole:FOLLOWER, 6520bee8-8bdf-48f9-93d9-ec62562c6e83|rpc:10.1.0.42:40233|dataStream:10.1.0.42:41833|priority:0|startupRole:FOLLOWER]|listeners:[], old=null
2023-05-05 09:12:28,237 [5ca39de1-525d-4da6-b46f-4f3b09d3711c@group-D11728A34643-LeaderElection24] INFO  impl.LeaderElection (LeaderElection.java:logAndReturn(90)) - 5ca39de1-525d-4da6-b46f-4f3b09d3711c@group-D11728A34643-LeaderElection24: PRE_VOTE PASSED received 1 response(s) and 0 exception(s):
2023-05-05 09:12:28,237 [5ca39de1-525d-4da6-b46f-4f3b09d3711c@group-D11728A34643-LeaderElection24] INFO  impl.LeaderElection (LeaderElection.java:logAndReturn(94)) -   Response 0: 5ca39de1-525d-4da6-b46f-4f3b09d3711c<-6520bee8-8bdf-48f9-93d9-ec62562c6e83#0:OK-t0
2023-05-05 09:12:28,237 [5ca39de1-525d-4da6-b46f-4f3b09d3711c@group-D11728A34643-LeaderElection24] INFO  impl.LeaderElection (LeaderElection.java:askForVotes(314)) - 5ca39de1-525d-4da6-b46f-4f3b09d3711c@group-D11728A34643-LeaderElection24 PRE_VOTE round 0: result PASSED
2023-05-05 09:12:28,240 [5ca39de1-525d-4da6-b46f-4f3b09d3711c@group-D11728A34643-LeaderElection24] INFO  impl.LeaderElection (LeaderElection.java:askForVotes(312)) - 5ca39de1-525d-4da6-b46f-4f3b09d3711c@group-D11728A34643-LeaderElection24 ELECTION round 0: submit vote requests at term 1 for -1: peers:[5ca39de1-525d-4da6-b46f-4f3b09d3711c|rpc:10.1.0.42:35995|dataStream:10.1.0.42:38643|priority:1|startupRole:FOLLOWER, ee38f84b-8433-476e-8c71-34949542cd2b|rpc:10.1.0.42:33633|dataStream:10.1.0.42:39375|priority:0|startupRole:FOLLOWER, 6520bee8-8bdf-48f9-93d9-ec62562c6e83|rpc:10.1.0.42:40233|dataStream:10.1.0.42:41833|priority:0|startupRole:FOLLOWER]|listeners:[], old=null
2023-05-05 09:12:28,242 [grpc-default-executor-3] INFO  server.RaftServer$Division (RaftServerImpl.java:requestVote(1218)) - ee38f84b-8433-476e-8c71-34949542cd2b@group-D11728A34643: receive requestVote(ELECTION, 5ca39de1-525d-4da6-b46f-4f3b09d3711c, group-D11728A34643, 1, (t:0, i:0))
2023-05-05 09:12:28,242 [5ca39de1-525d-4da6-b46f-4f3b09d3711c@group-D11728A34643-LeaderElection24] INFO  server.RaftServerConfigKeys (ConfUtils.java:logFallback(53)) - raft.server.rpc.first-election.timeout.min = 5s (fallback to raft.server.rpc.timeout.min)
2023-05-05 09:12:28,242 [5ca39de1-525d-4da6-b46f-4f3b09d3711c@group-D11728A34643-LeaderElection24] INFO  server.RaftServerConfigKeys (ConfUtils.java:logFallback(53)) - raft.server.rpc.first-election.timeout.max = 5200ms (fallback to raft.server.rpc.timeout.max)
2023-05-05 09:12:28,243 [grpc-default-executor-3] INFO  impl.VoteContext (VoteContext.java:log(49)) - ee38f84b-8433-476e-8c71-34949542cd2b@group-D11728A34643-FOLLOWER: accept ELECTION from 5ca39de1-525d-4da6-b46f-4f3b09d3711c: our priority 0 <= candidate's priority 1
2023-05-05 09:12:28,243 [grpc-default-executor-3] INFO  server.RaftServer$Division (RaftServerImpl.java:setRole(321)) - ee38f84b-8433-476e-8c71-34949542cd2b@group-D11728A34643: changes role from  FOLLOWER to FOLLOWER at term 1 for candidate:5ca39de1-525d-4da6-b46f-4f3b09d3711c
2023-05-05 09:12:28,243 [grpc-default-executor-3] INFO  impl.RoleInfo (RoleInfo.java:shutdownFollowerState(110)) - ee38f84b-8433-476e-8c71-34949542cd2b: shutdown ee38f84b-8433-476e-8c71-34949542cd2b@group-D11728A34643-FollowerState
2023-05-05 09:12:28,243 [grpc-default-executor-3] INFO  impl.RoleInfo (RoleInfo.java:updateAndGet(139)) - ee38f84b-8433-476e-8c71-34949542cd2b: start ee38f84b-8433-476e-8c71-34949542cd2b@group-D11728A34643-FollowerState
2023-05-05 09:12:28,243 [ee38f84b-8433-476e-8c71-34949542cd2b@group-D11728A34643-FollowerState] INFO  impl.FollowerState (FollowerState.java:run(152)) - ee38f84b-8433-476e-8c71-34949542cd2b@group-D11728A34643-FollowerState was interrupted
2023-05-05 09:12:28,244 [grpc-default-executor-3] INFO  server.RaftServer$Division (RaftServerImpl.java:requestVote(1251)) - ee38f84b-8433-476e-8c71-34949542cd2b@group-D11728A34643 replies to ELECTION vote request: 5ca39de1-525d-4da6-b46f-4f3b09d3711c<-ee38f84b-8433-476e-8c71-34949542cd2b#0:OK-t1. Peer's state: ee38f84b-8433-476e-8c71-34949542cd2b@group-D11728A34643:t1, leader=null, voted=5ca39de1-525d-4da6-b46f-4f3b09d3711c, raftlog=Memoized:ee38f84b-8433-476e-8c71-34949542cd2b@group-D11728A34643-SegmentedRaftLog:OPENED:c-1, conf=-1: peers:[5ca39de1-525d-4da6-b46f-4f3b09d3711c|rpc:10.1.0.42:35995|dataStream:10.1.0.42:38643|priority:1|startupRole:FOLLOWER, ee38f84b-8433-476e-8c71-34949542cd2b|rpc:10.1.0.42:33633|dataStream:10.1.0.42:39375|priority:0|startupRole:FOLLOWER, 6520bee8-8bdf-48f9-93d9-ec62562c6e83|rpc:10.1.0.42:40233|dataStream:10.1.0.42:41833|priority:0|startupRole:FOLLOWER]|listeners:[], old=null
2023-05-05 09:12:28,245 [ee38f84b-8433-476e-8c71-34949542cd2b@group-D11728A34643-FollowerState] INFO  server.RaftServerConfigKeys (ConfUtils.java:logFallback(53)) - raft.server.rpc.first-election.timeout.min = 5s (fallback to raft.server.rpc.timeout.min)
2023-05-05 09:12:28,245 [ee38f84b-8433-476e-8c71-34949542cd2b@group-D11728A34643-FollowerState] INFO  server.RaftServerConfigKeys (ConfUtils.java:logFallback(53)) - raft.server.rpc.first-election.timeout.max = 5200ms (fallback to raft.server.rpc.timeout.max)
2023-05-05 09:12:28,246 [5ca39de1-525d-4da6-b46f-4f3b09d3711c@group-D11728A34643-LeaderElection24] INFO  impl.LeaderElection (LeaderElection.java:logAndReturn(90)) - 5ca39de1-525d-4da6-b46f-4f3b09d3711c@group-D11728A34643-LeaderElection24: ELECTION PASSED received 1 response(s) and 0 exception(s):
2023-05-05 09:12:28,246 [5ca39de1-525d-4da6-b46f-4f3b09d3711c@group-D11728A34643-LeaderElection24] INFO  impl.LeaderElection (LeaderElection.java:logAndReturn(94)) -   Response 0: 5ca39de1-525d-4da6-b46f-4f3b09d3711c<-ee38f84b-8433-476e-8c71-34949542cd2b#0:OK-t1
2023-05-05 09:12:28,246 [5ca39de1-525d-4da6-b46f-4f3b09d3711c@group-D11728A34643-LeaderElection24] INFO  impl.LeaderElection (LeaderElection.java:askForVotes(314)) - 5ca39de1-525d-4da6-b46f-4f3b09d3711c@group-D11728A34643-LeaderElection24 ELECTION round 0: result PASSED
2023-05-05 09:12:28,246 [5ca39de1-525d-4da6-b46f-4f3b09d3711c@group-D11728A34643-LeaderElection24] INFO  impl.RoleInfo (RoleInfo.java:shutdownLeaderElection(130)) - 5ca39de1-525d-4da6-b46f-4f3b09d3711c: shutdown 5ca39de1-525d-4da6-b46f-4f3b09d3711c@group-D11728A34643-LeaderElection24
2023-05-05 09:12:28,246 [5ca39de1-525d-4da6-b46f-4f3b09d3711c@group-D11728A34643-LeaderElection24] INFO  server.RaftServer$Division (RaftServerImpl.java:setRole(321)) - 5ca39de1-525d-4da6-b46f-4f3b09d3711c@group-D11728A34643: changes role from CANDIDATE to LEADER at term 1 for changeToLeader
2023-05-05 09:12:28,246 [5ca39de1-525d-4da6-b46f-4f3b09d3711c@group-D11728A34643-LeaderElection24] INFO  ratis.XceiverServerRatis (XceiverServerRatis.java:handleLeaderChangedNotification(904)) - Leader change notification received for group: group-D11728A34643 with new leaderId: 5ca39de1-525d-4da6-b46f-4f3b09d3711c
2023-05-05 09:12:28,246 [grpc-default-executor-3] INFO  server.RaftServer$Division (RaftServerImpl.java:requestVote(1218)) - 6520bee8-8bdf-48f9-93d9-ec62562c6e83@group-D11728A34643: receive requestVote(ELECTION, 5ca39de1-525d-4da6-b46f-4f3b09d3711c, group-D11728A34643, 1, (t:0, i:0))
2023-05-05 09:12:28,247 [grpc-default-executor-3] INFO  impl.VoteContext (VoteContext.java:log(49)) - 6520bee8-8bdf-48f9-93d9-ec62562c6e83@group-D11728A34643-FOLLOWER: accept ELECTION from 5ca39de1-525d-4da6-b46f-4f3b09d3711c: our priority 0 <= candidate's priority 1
2023-05-05 09:12:28,247 [5ca39de1-525d-4da6-b46f-4f3b09d3711c@group-D11728A34643-LeaderElection24] INFO  server.RaftServer$Division (ServerState.java:setLeader(313)) - 5ca39de1-525d-4da6-b46f-4f3b09d3711c@group-D11728A34643: change Leader from null to 5ca39de1-525d-4da6-b46f-4f3b09d3711c at term 1 for becomeLeader, leader elected after 5195ms
2023-05-05 09:12:28,247 [grpc-default-executor-3] INFO  server.RaftServer$Division (RaftServerImpl.java:setRole(321)) - 6520bee8-8bdf-48f9-93d9-ec62562c6e83@group-D11728A34643: changes role from  FOLLOWER to FOLLOWER at term 1 for candidate:5ca39de1-525d-4da6-b46f-4f3b09d3711c
2023-05-05 09:12:28,247 [5ca39de1-525d-4da6-b46f-4f3b09d3711c@group-D11728A34643-LeaderElection24] INFO  server.RaftServerConfigKeys (ConfUtils.java:logGet(46)) - raft.server.staging.catchup.gap = 1000 (default)
2023-05-05 09:12:28,247 [grpc-default-executor-3] INFO  impl.RoleInfo (RoleInfo.java:shutdownFollowerState(110)) - 6520bee8-8bdf-48f9-93d9-ec62562c6e83: shutdown 6520bee8-8bdf-48f9-93d9-ec62562c6e83@group-D11728A34643-FollowerState
2023-05-05 09:12:28,247 [5ca39de1-525d-4da6-b46f-4f3b09d3711c@group-D11728A34643-LeaderElection24] INFO  server.RaftServerConfigKeys (ConfUtils.java:logGet(46)) - raft.server.write.element-limit = 1024 (custom)
2023-05-05 09:12:28,247 [grpc-default-executor-3] INFO  impl.RoleInfo (RoleInfo.java:updateAndGet(139)) - 6520bee8-8bdf-48f9-93d9-ec62562c6e83: start 6520bee8-8bdf-48f9-93d9-ec62562c6e83@group-D11728A34643-FollowerState
2023-05-05 09:12:28,247 [5ca39de1-525d-4da6-b46f-4f3b09d3711c@group-D11728A34643-LeaderElection24] INFO  server.RaftServerConfigKeys (ConfUtils.java:logGet(46)) - raft.server.write.byte-limit = 1024 M (=1073741824) (custom)
2023-05-05 09:12:28,247 [6520bee8-8bdf-48f9-93d9-ec62562c6e83@group-D11728A34643-FollowerState] INFO  impl.FollowerState (FollowerState.java:run(152)) - 6520bee8-8bdf-48f9-93d9-ec62562c6e83@group-D11728A34643-FollowerState was interrupted
2023-05-05 09:12:28,247 [5ca39de1-525d-4da6-b46f-4f3b09d3711c@group-D11728A34643-LeaderElection24] INFO  server.RaftServerConfigKeys (ConfUtils.java:logGet(46)) - raft.server.watch.timeout = 180s (custom)
2023-05-05 09:12:28,247 [5ca39de1-525d-4da6-b46f-4f3b09d3711c@group-D11728A34643-LeaderElection24] INFO  server.RaftServerConfigKeys (ConfUtils.java:logGet(46)) - raft.server.watch.timeout.denomination = 1s (default)
2023-05-05 09:12:28,247 [5ca39de1-525d-4da6-b46f-4f3b09d3711c@group-D11728A34643-LeaderElection24] INFO  server.RaftServerConfigKeys (ConfUtils.java:logGet(46)) - raft.server.watch.element-limit = 65536 (default)
2023-05-05 09:12:28,247 [5ca39de1-525d-4da6-b46f-4f3b09d3711c@group-D11728A34643-LeaderElection24] INFO  server.RaftServerConfigKeys (ConfUtils.java:logGet(46)) - raft.server.write.element-limit = 1024 (custom)
2023-05-05 09:12:28,247 [5ca39de1-525d-4da6-b46f-4f3b09d3711c@group-D11728A34643-LeaderElection24] INFO  server.RaftServerConfigKeys (ConfUtils.java:logGet(46)) - raft.server.write.follower.gap.ratio.max = -1.0 (default)
2023-05-05 09:12:28,248 [5ca39de1-525d-4da6-b46f-4f3b09d3711c@group-D11728A34643-LeaderElection24] INFO  server.RaftServerConfigKeys (ConfUtils.java:logGet(46)) - raft.server.log.appender.snapshot.chunk.size.max = 16MB (=16777216) (default)
2023-05-05 09:12:28,248 [5ca39de1-525d-4da6-b46f-4f3b09d3711c@group-D11728A34643-LeaderElection24] INFO  server.RaftServerConfigKeys (ConfUtils.java:logGet(46)) - raft.server.log.appender.buffer.byte-limit = 33554432 (custom)
2023-05-05 09:12:28,248 [5ca39de1-525d-4da6-b46f-4f3b09d3711c@group-D11728A34643-LeaderElection24] INFO  server.RaftServerConfigKeys (ConfUtils.java:logGet(46)) - raft.server.log.appender.buffer.element-limit = 1 (custom)
2023-05-05 09:12:28,249 [EventQueue-PipelineReportForPipelineReportHandler] INFO  pipeline.PipelineManagerImpl (PipelineManagerImpl.java:openPipeline(367)) - Pipeline Pipeline[ Id: 36af11ff-bacc-4460-99d7-d11728a34643, Nodes: 6520bee8-8bdf-48f9-93d9-ec62562c6e83(fv-az152-207.qln5d00okglujjccfnhxhxodph.cx.internal.cloudapp.net/10.1.0.42)5ca39de1-525d-4da6-b46f-4f3b09d3711c(fv-az152-207.qln5d00okglujjccfnhxhxodph.cx.internal.cloudapp.net/10.1.0.42)ee38f84b-8433-476e-8c71-34949542cd2b(fv-az152-207.qln5d00okglujjccfnhxhxodph.cx.internal.cloudapp.net/10.1.0.42), ReplicationConfig: RATIS/THREE, State:ALLOCATED, leaderId:5ca39de1-525d-4da6-b46f-4f3b09d3711c, CreationTimestamp2023-05-05T09:12:20.700Z[Etc/UTC]] moved to OPEN state
2023-05-05 09:12:28,251 [5ca39de1-525d-4da6-b46f-4f3b09d3711c@group-D11728A34643-LeaderElection24] INFO  grpc.GrpcConfigKeys (ConfUtils.java:logGet(46)) - raft.grpc.server.leader.outstanding.appends.max = 128 (default)
2023-05-05 09:12:28,252 [5ca39de1-525d-4da6-b46f-4f3b09d3711c@group-D11728A34643-LeaderElection24] INFO  server.RaftServerConfigKeys (ConfUtils.java:logGet(46)) - raft.server.rpc.request.timeout = 60s (custom)
2023-05-05 09:12:28,252 [5ca39de1-525d-4da6-b46f-4f3b09d3711c@group-D11728A34643-LeaderElection24] INFO  server.RaftServerConfigKeys (ConfUtils.java:logGet(46)) - raft.server.log.appender.install.snapshot.enabled = false (custom)
2023-05-05 09:12:28,252 [5ca39de1-525d-4da6-b46f-4f3b09d3711c@group-D11728A34643-LeaderElection24] INFO  grpc.GrpcConfigKeys (ConfUtils.java:logGet(46)) - raft.grpc.server.heartbeat.channel = true (default)
2023-05-05 09:12:28,252 [5ca39de1-525d-4da6-b46f-4f3b09d3711c@group-D11728A34643-LeaderElection24] INFO  server.RaftServerConfigKeys (ConfUtils.java:logGet(46)) - raft.server.log.appender.wait-time.min = 10ms (default)
2023-05-05 09:12:28,259 [6520bee8-8bdf-48f9-93d9-ec62562c6e83@group-D11728A34643-FollowerState] INFO  server.RaftServerConfigKeys (ConfUtils.java:logFallback(53)) - raft.server.rpc.first-election.timeout.min = 5s (fallback to raft.server.rpc.timeout.min)
2023-05-05 09:12:28,259 [6520bee8-8bdf-48f9-93d9-ec62562c6e83@group-D11728A34643-FollowerState] INFO  server.RaftServerConfigKeys (ConfUtils.java:logFallback(53)) - raft.server.rpc.first-election.timeout.max = 5200ms (fallback to raft.server.rpc.timeout.max)
2023-05-05 09:12:28,259 [5ca39de1-525d-4da6-b46f-4f3b09d3711c@group-D11728A34643-LeaderElection24] INFO  server.RaftServerConfigKeys (ConfUtils.java:logGet(46)) - raft.server.log.appender.snapshot.chunk.size.max = 16MB (=16777216) (default)
2023-05-05 09:12:28,259 [5ca39de1-525d-4da6-b46f-4f3b09d3711c@group-D11728A34643-LeaderElection24] INFO  server.RaftServerConfigKeys (ConfUtils.java:logGet(46)) - raft.server.log.appender.buffer.byte-limit = 33554432 (custom)
2023-05-05 09:12:28,259 [5ca39de1-525d-4da6-b46f-4f3b09d3711c@group-D11728A34643-LeaderElection24] INFO  server.RaftServerConfigKeys (ConfUtils.java:logGet(46)) - raft.server.log.appender.buffer.element-limit = 1 (custom)
2023-05-05 09:12:28,260 [5ca39de1-525d-4da6-b46f-4f3b09d3711c@group-D11728A34643-LeaderElection24] INFO  grpc.GrpcConfigKeys (ConfUtils.java:logGet(46)) - raft.grpc.server.leader.outstanding.appends.max = 128 (default)
2023-05-05 09:12:28,260 [5ca39de1-525d-4da6-b46f-4f3b09d3711c@group-D11728A34643-LeaderElection24] INFO  server.RaftServerConfigKeys (ConfUtils.java:logGet(46)) - raft.server.rpc.request.timeout = 60s (custom)
2023-05-05 09:12:28,260 [5ca39de1-525d-4da6-b46f-4f3b09d3711c@group-D11728A34643-LeaderElection24] INFO  server.RaftServerConfigKeys (ConfUtils.java:logGet(46)) - raft.server.log.appender.install.snapshot.enabled = false (custom)
2023-05-05 09:12:28,260 [5ca39de1-525d-4da6-b46f-4f3b09d3711c@group-D11728A34643-LeaderElection24] INFO  grpc.GrpcConfigKeys (ConfUtils.java:logGet(46)) - raft.grpc.server.heartbeat.channel = true (default)
2023-05-05 09:12:28,260 [5ca39de1-525d-4da6-b46f-4f3b09d3711c@group-D11728A34643-LeaderElection24] INFO  server.RaftServerConfigKeys (ConfUtils.java:logGet(46)) - raft.server.log.appender.wait-time.min = 10ms (default)
2023-05-05 09:12:28,260 [5ca39de1-525d-4da6-b46f-4f3b09d3711c@group-D11728A34643-LeaderElection24] INFO  impl.RoleInfo (RoleInfo.java:updateAndGet(139)) - 5ca39de1-525d-4da6-b46f-4f3b09d3711c: start 5ca39de1-525d-4da6-b46f-4f3b09d3711c@group-D11728A34643-LeaderStateImpl
2023-05-05 09:12:28,260 [5ca39de1-525d-4da6-b46f-4f3b09d3711c@group-D11728A34643-LeaderElection24] INFO  segmented.SegmentedRaftLogWorker (SegmentedRaftLogWorker.java:startLogSegment(452)) - 5ca39de1-525d-4da6-b46f-4f3b09d3711c@group-D11728A34643-SegmentedRaftLogWorker: Starting segment from index:0
2023-05-05 09:12:28,261 [5ca39de1-525d-4da6-b46f-4f3b09d3711c@group-D11728A34643-SegmentedRaftLogWorker] INFO  segmented.SegmentedRaftLogWorker (SegmentedRaftLogWorker.java:execute(656)) - 5ca39de1-525d-4da6-b46f-4f3b09d3711c@group-D11728A34643-SegmentedRaftLogWorker: created new log segment /home/runner/work/ozone/ozone/hadoop-ozone/integration-test/target/test-dir/MiniOzoneClusterImpl-da0de1e2-202c-4ae6-9300-2fe7d9a9c5f7/datanode-2/data/ratis/36af11ff-bacc-4460-99d7-d11728a34643/current/log_inprogress_0
2023-05-05 09:12:28,268 [grpc-default-executor-3] INFO  server.RaftServer$Division (RaftServerImpl.java:requestVote(1251)) - 6520bee8-8bdf-48f9-93d9-ec62562c6e83@group-D11728A34643 replies to ELECTION vote request: 5ca39de1-525d-4da6-b46f-4f3b09d3711c<-6520bee8-8bdf-48f9-93d9-ec62562c6e83#0:OK-t1. Peer's state: 6520bee8-8bdf-48f9-93d9-ec62562c6e83@group-D11728A34643:t1, leader=null, voted=5ca39de1-525d-4da6-b46f-4f3b09d3711c, raftlog=Memoized:6520bee8-8bdf-48f9-93d9-ec62562c6e83@group-D11728A34643-SegmentedRaftLog:OPENED:c-1, conf=-1: peers:[5ca39de1-525d-4da6-b46f-4f3b09d3711c|rpc:10.1.0.42:35995|dataStream:10.1.0.42:38643|priority:1|startupRole:FOLLOWER, ee38f84b-8433-476e-8c71-34949542cd2b|rpc:10.1.0.42:33633|dataStream:10.1.0.42:39375|priority:0|startupRole:FOLLOWER, 6520bee8-8bdf-48f9-93d9-ec62562c6e83|rpc:10.1.0.42:40233|dataStream:10.1.0.42:41833|priority:0|startupRole:FOLLOWER]|listeners:[], old=null
2023-05-05 09:12:28,271 [5ca39de1-525d-4da6-b46f-4f3b09d3711c@group-D11728A34643-LeaderElection24] INFO  server.RaftServer$Division (ServerState.java:setRaftConf(430)) - 5ca39de1-525d-4da6-b46f-4f3b09d3711c@group-D11728A34643: set configuration 0: peers:[5ca39de1-525d-4da6-b46f-4f3b09d3711c|rpc:10.1.0.42:35995|dataStream:10.1.0.42:38643|priority:1|startupRole:FOLLOWER, ee38f84b-8433-476e-8c71-34949542cd2b|rpc:10.1.0.42:33633|dataStream:10.1.0.42:39375|priority:0|startupRole:FOLLOWER, 6520bee8-8bdf-48f9-93d9-ec62562c6e83|rpc:10.1.0.42:40233|dataStream:10.1.0.42:41833|priority:0|startupRole:FOLLOWER]|listeners:[], old=null
2023-05-05 09:12:28,285 [ee38f84b-8433-476e-8c71-34949542cd2b-server-thread2] INFO  ratis.XceiverServerRatis (XceiverServerRatis.java:handleLeaderChangedNotification(904)) - Leader change notification received for group: group-D11728A34643 with new leaderId: 5ca39de1-525d-4da6-b46f-4f3b09d3711c
2023-05-05 09:12:28,285 [ee38f84b-8433-476e-8c71-34949542cd2b-server-thread2] INFO  server.RaftServer$Division (ServerState.java:setLeader(313)) - ee38f84b-8433-476e-8c71-34949542cd2b@group-D11728A34643: change Leader from null to 5ca39de1-525d-4da6-b46f-4f3b09d3711c at term 1 for appendEntries, leader elected after 5193ms
2023-05-05 09:12:28,285 [6520bee8-8bdf-48f9-93d9-ec62562c6e83-server-thread1] INFO  ratis.XceiverServerRatis (XceiverServerRatis.java:handleLeaderChangedNotification(904)) - Leader change notification received for group: group-D11728A34643 with new leaderId: 5ca39de1-525d-4da6-b46f-4f3b09d3711c
2023-05-05 09:12:28,285 [6520bee8-8bdf-48f9-93d9-ec62562c6e83-server-thread1] INFO  server.RaftServer$Division (ServerState.java:setLeader(313)) - 6520bee8-8bdf-48f9-93d9-ec62562c6e83@group-D11728A34643: change Leader from null to 5ca39de1-525d-4da6-b46f-4f3b09d3711c at term 1 for appendEntries, leader elected after 5273ms
2023-05-05 09:12:28,290 [ee38f84b-8433-476e-8c71-34949542cd2b-server-thread2] INFO  server.RaftServer$Division (ServerState.java:setRaftConf(430)) - ee38f84b-8433-476e-8c71-34949542cd2b@group-D11728A34643: set configuration 0: peers:[5ca39de1-525d-4da6-b46f-4f3b09d3711c|rpc:10.1.0.42:35995|dataStream:10.1.0.42:38643|priority:1|startupRole:FOLLOWER, ee38f84b-8433-476e-8c71-34949542cd2b|rpc:10.1.0.42:33633|dataStream:10.1.0.42:39375|priority:0|startupRole:FOLLOWER, 6520bee8-8bdf-48f9-93d9-ec62562c6e83|rpc:10.1.0.42:40233|dataStream:10.1.0.42:41833|priority:0|startupRole:FOLLOWER]|listeners:[], old=null
2023-05-05 09:12:28,291 [ee38f84b-8433-476e-8c71-34949542cd2b-server-thread2] INFO  segmented.SegmentedRaftLogWorker (SegmentedRaftLogWorker.java:startLogSegment(452)) - ee38f84b-8433-476e-8c71-34949542cd2b@group-D11728A34643-SegmentedRaftLogWorker: Starting segment from index:0
2023-05-05 09:12:28,292 [ee38f84b-8433-476e-8c71-34949542cd2b@group-D11728A34643-SegmentedRaftLogWorker] INFO  segmented.SegmentedRaftLogWorker (SegmentedRaftLogWorker.java:execute(656)) - ee38f84b-8433-476e-8c71-34949542cd2b@group-D11728A34643-SegmentedRaftLogWorker: created new log segment /home/runner/work/ozone/ozone/hadoop-ozone/integration-test/target/test-dir/MiniOzoneClusterImpl-da0de1e2-202c-4ae6-9300-2fe7d9a9c5f7/datanode-1/data/ratis/36af11ff-bacc-4460-99d7-d11728a34643/current/log_inprogress_0
2023-05-05 09:12:28,296 [6520bee8-8bdf-48f9-93d9-ec62562c6e83-server-thread1] INFO  server.RaftServer$Division (ServerState.java:setRaftConf(430)) - 6520bee8-8bdf-48f9-93d9-ec62562c6e83@group-D11728A34643: set configuration 0: peers:[5ca39de1-525d-4da6-b46f-4f3b09d3711c|rpc:10.1.0.42:35995|dataStream:10.1.0.42:38643|priority:1|startupRole:FOLLOWER, ee38f84b-8433-476e-8c71-34949542cd2b|rpc:10.1.0.42:33633|dataStream:10.1.0.42:39375|priority:0|startupRole:FOLLOWER, 6520bee8-8bdf-48f9-93d9-ec62562c6e83|rpc:10.1.0.42:40233|dataStream:10.1.0.42:41833|priority:0|startupRole:FOLLOWER]|listeners:[], old=null
2023-05-05 09:12:28,296 [6520bee8-8bdf-48f9-93d9-ec62562c6e83-server-thread1] INFO  segmented.SegmentedRaftLogWorker (SegmentedRaftLogWorker.java:startLogSegment(452)) - 6520bee8-8bdf-48f9-93d9-ec62562c6e83@group-D11728A34643-SegmentedRaftLogWorker: Starting segment from index:0
2023-05-05 09:12:28,297 [6520bee8-8bdf-48f9-93d9-ec62562c6e83@group-D11728A34643-SegmentedRaftLogWorker] INFO  segmented.SegmentedRaftLogWorker (SegmentedRaftLogWorker.java:execute(656)) - 6520bee8-8bdf-48f9-93d9-ec62562c6e83@group-D11728A34643-SegmentedRaftLogWorker: created new log segment /home/runner/work/ozone/ozone/hadoop-ozone/integration-test/target/test-dir/MiniOzoneClusterImpl-da0de1e2-202c-4ae6-9300-2fe7d9a9c5f7/datanode-0/data/ratis/36af11ff-bacc-4460-99d7-d11728a34643/current/log_inprogress_0
2023-05-05 09:12:28,497 [ee38f84b-8433-476e-8c71-34949542cd2b@group-05E55721E5FE-FollowerState] INFO  impl.FollowerState (FollowerState.java:run(143)) - ee38f84b-8433-476e-8c71-34949542cd2b@group-05E55721E5FE-FollowerState: change to CANDIDATE, lastRpcElapsedTime:5188342602ns, electionTimeout:5187ms
2023-05-05 09:12:28,497 [ee38f84b-8433-476e-8c71-34949542cd2b@group-05E55721E5FE-FollowerState] INFO  impl.RoleInfo (RoleInfo.java:shutdownFollowerState(110)) - ee38f84b-8433-476e-8c71-34949542cd2b: shutdown ee38f84b-8433-476e-8c71-34949542cd2b@group-05E55721E5FE-FollowerState
2023-05-05 09:12:28,497 [ee38f84b-8433-476e-8c71-34949542cd2b@group-05E55721E5FE-FollowerState] INFO  server.RaftServer$Division (RaftServerImpl.java:setRole(321)) - ee38f84b-8433-476e-8c71-34949542cd2b@group-05E55721E5FE: changes role from  FOLLOWER to CANDIDATE at term 0 for changeToCandidate
2023-05-05 09:12:28,497 [ee38f84b-8433-476e-8c71-34949542cd2b@group-05E55721E5FE-FollowerState] INFO  server.RaftServerConfigKeys (ConfUtils.java:logGet(46)) - raft.server.leaderelection.pre-vote = true (default)
2023-05-05 09:12:28,497 [ee38f84b-8433-476e-8c71-34949542cd2b@group-05E55721E5FE-FollowerState] INFO  impl.RoleInfo (RoleInfo.java:updateAndGet(139)) - ee38f84b-8433-476e-8c71-34949542cd2b: start ee38f84b-8433-476e-8c71-34949542cd2b@group-05E55721E5FE-LeaderElection25
2023-05-05 09:12:28,500 [ee38f84b-8433-476e-8c71-34949542cd2b@group-05E55721E5FE-LeaderElection25] INFO  impl.LeaderElection (LeaderElection.java:askForVotes(312)) - ee38f84b-8433-476e-8c71-34949542cd2b@group-05E55721E5FE-LeaderElection25 PRE_VOTE round 0: submit vote requests at term 0 for -1: peers:[ee38f84b-8433-476e-8c71-34949542cd2b|rpc:10.1.0.42:33633|dataStream:10.1.0.42:39375|priority:1|startupRole:FOLLOWER]|listeners:[], old=null
2023-05-05 09:12:28,500 [ee38f84b-8433-476e-8c71-34949542cd2b@group-05E55721E5FE-LeaderElection25] INFO  impl.LeaderElection (LeaderElection.java:askForVotes(314)) - ee38f84b-8433-476e-8c71-34949542cd2b@group-05E55721E5FE-LeaderElection25 PRE_VOTE round 0: result PASSED (term=0)
2023-05-05 09:12:28,502 [ee38f84b-8433-476e-8c71-34949542cd2b@group-05E55721E5FE-LeaderElection25] INFO  impl.LeaderElection (LeaderElection.java:askForVotes(312)) - ee38f84b-8433-476e-8c71-34949542cd2b@group-05E55721E5FE-LeaderElection25 ELECTION round 0: submit vote requests at term 1 for -1: peers:[ee38f84b-8433-476e-8c71-34949542cd2b|rpc:10.1.0.42:33633|dataStream:10.1.0.42:39375|priority:1|startupRole:FOLLOWER]|listeners:[], old=null
2023-05-05 09:12:28,502 [ee38f84b-8433-476e-8c71-34949542cd2b@group-05E55721E5FE-LeaderElection25] INFO  impl.LeaderElection (LeaderElection.java:askForVotes(314)) - ee38f84b-8433-476e-8c71-34949542cd2b@group-05E55721E5FE-LeaderElection25 ELECTION round 0: result PASSED (term=1)
2023-05-05 09:12:28,502 [ee38f84b-8433-476e-8c71-34949542cd2b@group-05E55721E5FE-LeaderElection25] INFO  impl.RoleInfo (RoleInfo.java:shutdownLeaderElection(130)) - ee38f84b-8433-476e-8c71-34949542cd2b: shutdown ee38f84b-8433-476e-8c71-34949542cd2b@group-05E55721E5FE-LeaderElection25
2023-05-05 09:12:28,502 [ee38f84b-8433-476e-8c71-34949542cd2b@group-05E55721E5FE-LeaderElection25] INFO  server.RaftServer$Division (RaftServerImpl.java:setRole(321)) - ee38f84b-8433-476e-8c71-34949542cd2b@group-05E55721E5FE: changes role from CANDIDATE to LEADER at term 1 for changeToLeader
2023-05-05 09:12:28,502 [ee38f84b-8433-476e-8c71-34949542cd2b@group-05E55721E5FE-LeaderElection25] INFO  ratis.XceiverServerRatis (XceiverServerRatis.java:handleLeaderChangedNotification(904)) - Leader change notification received for group: group-05E55721E5FE with new leaderId: ee38f84b-8433-476e-8c71-34949542cd2b
2023-05-05 09:12:28,502 [ee38f84b-8433-476e-8c71-34949542cd2b@group-05E55721E5FE-LeaderElection25] INFO  server.RaftServer$Division (ServerState.java:setLeader(313)) - ee38f84b-8433-476e-8c71-34949542cd2b@group-05E55721E5FE: change Leader from null to ee38f84b-8433-476e-8c71-34949542cd2b at term 1 for becomeLeader, leader elected after 5220ms
2023-05-05 09:12:28,502 [ee38f84b-8433-476e-8c71-34949542cd2b@group-05E55721E5FE-LeaderElection25] INFO  server.RaftServerConfigKeys (ConfUtils.java:logGet(46)) - raft.server.staging.catchup.gap = 1000 (default)
2023-05-05 09:12:28,503 [ee38f84b-8433-476e-8c71-34949542cd2b@group-05E55721E5FE-LeaderElection25] INFO  server.RaftServerConfigKeys (ConfUtils.java:logGet(46)) - raft.server.write.element-limit = 1024 (custom)
2023-05-05 09:12:28,503 [ee38f84b-8433-476e-8c71-34949542cd2b@group-05E55721E5FE-LeaderElection25] INFO  server.RaftServerConfigKeys (ConfUtils.java:logGet(46)) - raft.server.write.byte-limit = 1024 M (=1073741824) (custom)
2023-05-05 09:12:28,503 [ee38f84b-8433-476e-8c71-34949542cd2b@group-05E55721E5FE-LeaderElection25] INFO  server.RaftServerConfigKeys (ConfUtils.java:logGet(46)) - raft.server.watch.timeout = 180s (custom)
2023-05-05 09:12:28,503 [ee38f84b-8433-476e-8c71-34949542cd2b@group-05E55721E5FE-LeaderElection25] INFO  server.RaftServerConfigKeys (ConfUtils.java:logGet(46)) - raft.server.watch.timeout.denomination = 1s (default)
2023-05-05 09:12:28,503 [ee38f84b-8433-476e-8c71-34949542cd2b@group-05E55721E5FE-LeaderElection25] INFO  server.RaftServerConfigKeys (ConfUtils.java:logGet(46)) - raft.server.watch.element-limit = 65536 (default)
2023-05-05 09:12:28,503 [ee38f84b-8433-476e-8c71-34949542cd2b@group-05E55721E5FE-LeaderElection25] INFO  server.RaftServerConfigKeys (ConfUtils.java:logGet(46)) - raft.server.write.element-limit = 1024 (custom)
2023-05-05 09:12:28,503 [ee38f84b-8433-476e-8c71-34949542cd2b@group-05E55721E5FE-LeaderElection25] INFO  server.RaftServerConfigKeys (ConfUtils.java:logGet(46)) - raft.server.write.follower.gap.ratio.max = -1.0 (default)
2023-05-05 09:12:28,503 [ee38f84b-8433-476e-8c71-34949542cd2b@group-05E55721E5FE-LeaderElection25] INFO  impl.RoleInfo (RoleInfo.java:updateAndGet(139)) - ee38f84b-8433-476e-8c71-34949542cd2b: start ee38f84b-8433-476e-8c71-34949542cd2b@group-05E55721E5FE-LeaderStateImpl
2023-05-05 09:12:28,507 [ee38f84b-8433-476e-8c71-34949542cd2b@group-05E55721E5FE-LeaderElection25] INFO  segmented.SegmentedRaftLogWorker (SegmentedRaftLogWorker.java:startLogSegment(452)) - ee38f84b-8433-476e-8c71-34949542cd2b@group-05E55721E5FE-SegmentedRaftLogWorker: Starting segment from index:0
2023-05-05 09:12:28,509 [ee38f84b-8433-476e-8c71-34949542cd2b@group-05E55721E5FE-SegmentedRaftLogWorker] INFO  segmented.SegmentedRaftLogWorker (SegmentedRaftLogWorker.java:execute(656)) - ee38f84b-8433-476e-8c71-34949542cd2b@group-05E55721E5FE-SegmentedRaftLogWorker: created new log segment /home/runner/work/ozone/ozone/hadoop-ozone/integration-test/target/test-dir/MiniOzoneClusterImpl-da0de1e2-202c-4ae6-9300-2fe7d9a9c5f7/datanode-1/data/ratis/0085d319-24d9-4a87-8152-05e55721e5fe/current/log_inprogress_0
2023-05-05 09:12:28,509 [ee38f84b-8433-476e-8c71-34949542cd2b@group-05E55721E5FE-LeaderElection25] INFO  server.RaftServer$Division (ServerState.java:setRaftConf(430)) - ee38f84b-8433-476e-8c71-34949542cd2b@group-05E55721E5FE: set configuration 0: peers:[ee38f84b-8433-476e-8c71-34949542cd2b|rpc:10.1.0.42:33633|dataStream:10.1.0.42:39375|priority:1|startupRole:FOLLOWER]|listeners:[], old=null
2023-05-05 09:12:28,691 [Listener at 127.0.0.1/33465] INFO  ozone.MiniOzoneClusterImpl (MiniOzoneClusterImpl.java:lambda$waitForClusterToBeReady$0(223)) - Nodes are ready. Got 3 of 3 DN Heartbeats.
2023-05-05 09:12:28,691 [Listener at 127.0.0.1/33465] INFO  ozone.MiniOzoneClusterImpl (MiniOzoneClusterImpl.java:lambda$waitForClusterToBeReady$0(226)) - Cluster exits safe mode
2023-05-05 09:12:28,691 [Listener at 127.0.0.1/33465] INFO  ozone.MiniOzoneClusterImpl (MiniOzoneClusterImpl.java:lambda$waitForClusterToBeReady$0(228)) - SCM became leader
2023-05-05 09:12:28,747 [5ca39de1-525d-4da6-b46f-4f3b09d3711c@group-89AED4CB039F-FollowerState] INFO  impl.FollowerState (FollowerState.java:run(143)) - 5ca39de1-525d-4da6-b46f-4f3b09d3711c@group-89AED4CB039F-FollowerState: change to CANDIDATE, lastRpcElapsedTime:5029883255ns, electionTimeout:5025ms
2023-05-05 09:12:28,748 [5ca39de1-525d-4da6-b46f-4f3b09d3711c@group-89AED4CB039F-FollowerState] INFO  impl.RoleInfo (RoleInfo.java:shutdownFollowerState(110)) - 5ca39de1-525d-4da6-b46f-4f3b09d3711c: shutdown 5ca39de1-525d-4da6-b46f-4f3b09d3711c@group-89AED4CB039F-FollowerState
2023-05-05 09:12:28,748 [5ca39de1-525d-4da6-b46f-4f3b09d3711c@group-89AED4CB039F-FollowerState] INFO  server.RaftServer$Division (RaftServerImpl.java:setRole(321)) - 5ca39de1-525d-4da6-b46f-4f3b09d3711c@group-89AED4CB039F: changes role from  FOLLOWER to CANDIDATE at term 0 for changeToCandidate
2023-05-05 09:12:28,748 [5ca39de1-525d-4da6-b46f-4f3b09d3711c@group-89AED4CB039F-FollowerState] INFO  server.RaftServerConfigKeys (ConfUtils.java:logGet(46)) - raft.server.leaderelection.pre-vote = true (default)
2023-05-05 09:12:28,748 [5ca39de1-525d-4da6-b46f-4f3b09d3711c@group-89AED4CB039F-FollowerState] INFO  impl.RoleInfo (RoleInfo.java:updateAndGet(139)) - 5ca39de1-525d-4da6-b46f-4f3b09d3711c: start 5ca39de1-525d-4da6-b46f-4f3b09d3711c@group-89AED4CB039F-LeaderElection26
2023-05-05 09:12:28,760 [5ca39de1-525d-4da6-b46f-4f3b09d3711c@group-89AED4CB039F-LeaderElection26] INFO  impl.LeaderElection (LeaderElection.java:askForVotes(312)) - 5ca39de1-525d-4da6-b46f-4f3b09d3711c@group-89AED4CB039F-LeaderElection26 PRE_VOTE round 0: submit vote requests at term 0 for -1: peers:[5ca39de1-525d-4da6-b46f-4f3b09d3711c|rpc:10.1.0.42:35995|dataStream:10.1.0.42:38643|priority:1|startupRole:FOLLOWER]|listeners:[], old=null
2023-05-05 09:12:28,760 [5ca39de1-525d-4da6-b46f-4f3b09d3711c@group-89AED4CB039F-LeaderElection26] INFO  impl.LeaderElection (LeaderElection.java:askForVotes(314)) - 5ca39de1-525d-4da6-b46f-4f3b09d3711c@group-89AED4CB039F-LeaderElection26 PRE_VOTE round 0: result PASSED (term=0)
2023-05-05 09:12:28,768 [5ca39de1-525d-4da6-b46f-4f3b09d3711c@group-89AED4CB039F-LeaderElection26] INFO  impl.LeaderElection (LeaderElection.java:askForVotes(312)) - 5ca39de1-525d-4da6-b46f-4f3b09d3711c@group-89AED4CB039F-LeaderElection26 ELECTION round 0: submit vote requests at term 1 for -1: peers:[5ca39de1-525d-4da6-b46f-4f3b09d3711c|rpc:10.1.0.42:35995|dataStream:10.1.0.42:38643|priority:1|startupRole:FOLLOWER]|listeners:[], old=null
2023-05-05 09:12:28,769 [5ca39de1-525d-4da6-b46f-4f3b09d3711c@group-89AED4CB039F-LeaderElection26] INFO  impl.LeaderElection (LeaderElection.java:askForVotes(314)) - 5ca39de1-525d-4da6-b46f-4f3b09d3711c@group-89AED4CB039F-LeaderElection26 ELECTION round 0: result PASSED (term=1)
2023-05-05 09:12:28,769 [5ca39de1-525d-4da6-b46f-4f3b09d3711c@group-89AED4CB039F-LeaderElection26] INFO  impl.RoleInfo (RoleInfo.java:shutdownLeaderElection(130)) - 5ca39de1-525d-4da6-b46f-4f3b09d3711c: shutdown 5ca39de1-525d-4da6-b46f-4f3b09d3711c@group-89AED4CB039F-LeaderElection26
2023-05-05 09:12:28,769 [5ca39de1-525d-4da6-b46f-4f3b09d3711c@group-89AED4CB039F-LeaderElection26] INFO  server.RaftServer$Division (RaftServerImpl.java:setRole(321)) - 5ca39de1-525d-4da6-b46f-4f3b09d3711c@group-89AED4CB039F: changes role from CANDIDATE to LEADER at term 1 for changeToLeader
2023-05-05 09:12:28,769 [5ca39de1-525d-4da6-b46f-4f3b09d3711c@group-89AED4CB039F-LeaderElection26] INFO  ratis.XceiverServerRatis (XceiverServerRatis.java:handleLeaderChangedNotification(904)) - Leader change notification received for group: group-89AED4CB039F with new leaderId: 5ca39de1-525d-4da6-b46f-4f3b09d3711c
2023-05-05 09:12:28,770 [5ca39de1-525d-4da6-b46f-4f3b09d3711c@group-89AED4CB039F-LeaderElection26] INFO  server.RaftServer$Division (ServerState.java:setLeader(313)) - 5ca39de1-525d-4da6-b46f-4f3b09d3711c@group-89AED4CB039F: change Leader from null to 5ca39de1-525d-4da6-b46f-4f3b09d3711c at term 1 for becomeLeader, leader elected after 5072ms
2023-05-05 09:12:28,770 [5ca39de1-525d-4da6-b46f-4f3b09d3711c@group-89AED4CB039F-LeaderElection26] INFO  server.RaftServerConfigKeys (ConfUtils.java:logGet(46)) - raft.server.staging.catchup.gap = 1000 (default)
2023-05-05 09:12:28,770 [5ca39de1-525d-4da6-b46f-4f3b09d3711c@group-89AED4CB039F-LeaderElection26] INFO  server.RaftServerConfigKeys (ConfUtils.java:logGet(46)) - raft.server.write.element-limit = 1024 (custom)
2023-05-05 09:12:28,770 [5ca39de1-525d-4da6-b46f-4f3b09d3711c@group-89AED4CB039F-LeaderElection26] INFO  server.RaftServerConfigKeys (ConfUtils.java:logGet(46)) - raft.server.write.byte-limit = 1024 M (=1073741824) (custom)
2023-05-05 09:12:28,770 [5ca39de1-525d-4da6-b46f-4f3b09d3711c@group-89AED4CB039F-LeaderElection26] INFO  server.RaftServerConfigKeys (ConfUtils.java:logGet(46)) - raft.server.watch.timeout = 180s (custom)
2023-05-05 09:12:28,770 [5ca39de1-525d-4da6-b46f-4f3b09d3711c@group-89AED4CB039F-LeaderElection26] INFO  server.RaftServerConfigKeys (ConfUtils.java:logGet(46)) - raft.server.watch.timeout.denomination = 1s (default)
2023-05-05 09:12:28,770 [5ca39de1-525d-4da6-b46f-4f3b09d3711c@group-89AED4CB039F-LeaderElection26] INFO  server.RaftServerConfigKeys (ConfUtils.java:logGet(46)) - raft.server.watch.element-limit = 65536 (default)
2023-05-05 09:12:28,770 [5ca39de1-525d-4da6-b46f-4f3b09d3711c@group-89AED4CB039F-LeaderElection26] INFO  server.RaftServerConfigKeys (ConfUtils.java:logGet(46)) - raft.server.write.element-limit = 1024 (custom)
2023-05-05 09:12:28,771 [5ca39de1-525d-4da6-b46f-4f3b09d3711c@group-89AED4CB039F-LeaderElection26] INFO  server.RaftServerConfigKeys (ConfUtils.java:logGet(46)) - raft.server.write.follower.gap.ratio.max = -1.0 (default)
2023-05-05 09:12:28,771 [5ca39de1-525d-4da6-b46f-4f3b09d3711c@group-89AED4CB039F-LeaderElection26] INFO  impl.RoleInfo (RoleInfo.java:updateAndGet(139)) - 5ca39de1-525d-4da6-b46f-4f3b09d3711c: start 5ca39de1-525d-4da6-b46f-4f3b09d3711c@group-89AED4CB039F-LeaderStateImpl
2023-05-05 09:12:28,771 [5ca39de1-525d-4da6-b46f-4f3b09d3711c@group-89AED4CB039F-LeaderElection26] INFO  segmented.SegmentedRaftLogWorker (SegmentedRaftLogWorker.java:startLogSegment(452)) - 5ca39de1-525d-4da6-b46f-4f3b09d3711c@group-89AED4CB039F-SegmentedRaftLogWorker: Starting segment from index:0
2023-05-05 09:12:28,772 [5ca39de1-525d-4da6-b46f-4f3b09d3711c@group-89AED4CB039F-SegmentedRaftLogWorker] INFO  segmented.SegmentedRaftLogWorker (SegmentedRaftLogWorker.java:execute(656)) - 5ca39de1-525d-4da6-b46f-4f3b09d3711c@group-89AED4CB039F-SegmentedRaftLogWorker: created new log segment /home/runner/work/ozone/ozone/hadoop-ozone/integration-test/target/test-dir/MiniOzoneClusterImpl-da0de1e2-202c-4ae6-9300-2fe7d9a9c5f7/datanode-2/data/ratis/79861fcd-7e94-47f1-9a81-89aed4cb039f/current/log_inprogress_0
2023-05-05 09:12:28,777 [5ca39de1-525d-4da6-b46f-4f3b09d3711c@group-89AED4CB039F-LeaderElection26] INFO  server.RaftServer$Division (ServerState.java:setRaftConf(430)) - 5ca39de1-525d-4da6-b46f-4f3b09d3711c@group-89AED4CB039F: set configuration 0: peers:[5ca39de1-525d-4da6-b46f-4f3b09d3711c|rpc:10.1.0.42:35995|dataStream:10.1.0.42:38643|priority:1|startupRole:FOLLOWER]|listeners:[], old=null
2023-05-05 09:12:28,965 [JvmPauseMonitor14] WARN  util.JvmPauseMonitor (JvmPauseMonitor.java:detectPause(126)) - JvmPauseMonitor-ee38f84b-8433-476e-8c71-34949542cd2b: Detected pause in JVM or host machine (eg GC): pause of approximately 117603313ns. No GCs detected.
09:12:29.030 [Listener at 127.0.0.1/33465] ERROR SCMAudit - user=null | ip=null | op=DELETE_CONTAINER {remoteUser=unknownUser, containerID=1683277948999} | ret=FAILURE
org.apache.hadoop.security.AccessControlException: Access denied for user unknownUser. SCM superuser privilege is required.
	at org.apache.hadoop.hdds.scm.server.StorageContainerManager.checkAdminAccess(StorageContainerManager.java:1862) ~[hdds-server-scm-1.4.0-SNAPSHOT.jar:?]
	at org.apache.hadoop.hdds.scm.server.SCMClientProtocolServer.deleteContainer(SCMClientProtocolServer.java:587) [hdds-server-scm-1.4.0-SNAPSHOT.jar:?]
	at sun.reflect.NativeMethodAccessorImpl.invoke0(Native Method) ~[?:1.8.0_362]
	at sun.reflect.NativeMethodAccessorImpl.invoke(NativeMethodAccessorImpl.java:62) ~[?:1.8.0_362]
	at sun.reflect.DelegatingMethodAccessorImpl.invoke(DelegatingMethodAccessorImpl.java:43) ~[?:1.8.0_362]
	at java.lang.reflect.Method.invoke(Method.java:498) ~[?:1.8.0_362]
	at org.mockito.internal.creation.bytebuddy.MockMethodAdvice.tryInvoke(MockMethodAdvice.java:212) [mockito-core-2.28.2.jar:?]
	at org.mockito.internal.creation.bytebuddy.MockMethodAdvice.access$400(MockMethodAdvice.java:34) [mockito-core-2.28.2.jar:?]
	at org.mockito.internal.creation.bytebuddy.MockMethodAdvice$RealMethodCall.invoke(MockMethodAdvice.java:164) [mockito-core-2.28.2.jar:?]
	at org.mockito.internal.invocation.InterceptedInvocation.callRealMethod(InterceptedInvocation.java:152) [mockito-core-2.28.2.jar:?]
	at org.mockito.internal.stubbing.answers.CallsRealMethods.answer(CallsRealMethods.java:43) [mockito-core-2.28.2.jar:?]
	at org.mockito.Answers.answer(Answers.java:100) [mockito-core-2.28.2.jar:?]
	at org.mockito.internal.handler.MockHandlerImpl.handle(MockHandlerImpl.java:103) [mockito-core-2.28.2.jar:?]
	at org.mockito.internal.handler.NullResultGuardian.handle(NullResultGuardian.java:29) [mockito-core-2.28.2.jar:?]
	at org.mockito.internal.handler.InvocationNotifierHandler.handle(InvocationNotifierHandler.java:35) [mockito-core-2.28.2.jar:?]
	at org.mockito.internal.creation.bytebuddy.MockMethodInterceptor.doIntercept(MockMethodInterceptor.java:61) [mockito-core-2.28.2.jar:?]
	at org.mockito.internal.creation.bytebuddy.MockMethodAdvice.handle(MockMethodAdvice.java:105) [mockito-core-2.28.2.jar:?]
	at org.apache.hadoop.hdds.scm.server.SCMClientProtocolServer.deleteContainer(SCMClientProtocolServer.java:582) [hdds-server-scm-1.4.0-SNAPSHOT.jar:?]
	at org.apache.hadoop.ozone.TestStorageContainerManager.testRpcPermissionWithConf(TestStorageContainerManager.java:204) [test-classes/:?]
	at org.apache.hadoop.ozone.TestStorageContainerManager.testRpcPermission(TestStorageContainerManager.java:178) [test-classes/:?]
	at sun.reflect.NativeMethodAccessorImpl.invoke0(Native Method) ~[?:1.8.0_362]
	at sun.reflect.NativeMethodAccessorImpl.invoke(NativeMethodAccessorImpl.java:62) ~[?:1.8.0_362]
	at sun.reflect.DelegatingMethodAccessorImpl.invoke(DelegatingMethodAccessorImpl.java:43) ~[?:1.8.0_362]
	at java.lang.reflect.Method.invoke(Method.java:498) ~[?:1.8.0_362]
	at org.junit.runners.model.FrameworkMethod$1.runReflectiveCall(FrameworkMethod.java:59) [junit-4.13.1.jar:4.13.1]
	at org.junit.internal.runners.model.ReflectiveCallable.run(ReflectiveCallable.java:12) [junit-4.13.1.jar:4.13.1]
	at org.junit.runners.model.FrameworkMethod.invokeExplosively(FrameworkMethod.java:56) [junit-4.13.1.jar:4.13.1]
	at org.junit.internal.runners.statements.InvokeMethod.evaluate(InvokeMethod.java:17) [junit-4.13.1.jar:4.13.1]
	at org.junit.internal.runners.statements.RunAfters.evaluate(RunAfters.java:27) [junit-4.13.1.jar:4.13.1]
	at org.junit.rules.ExpectedException$ExpectedExceptionStatement.evaluate(ExpectedException.java:258) [junit-4.13.1.jar:4.13.1]
	at org.junit.internal.runners.statements.FailOnTimeout$CallableStatement.call(FailOnTimeout.java:288) [junit-4.13.1.jar:4.13.1]
	at org.junit.internal.runners.statements.FailOnTimeout$CallableStatement.call(FailOnTimeout.java:282) [junit-4.13.1.jar:4.13.1]
	at java.util.concurrent.FutureTask.run(FutureTask.java:266) [?:1.8.0_362]
	at java.lang.Thread.run(Thread.java:750) [?:1.8.0_362]
2023-05-05 09:12:29,067 [Listener at 127.0.0.1/33465] INFO  ozone.MiniOzoneClusterImpl (MiniOzoneClusterImpl.java:shutdown(456)) - Shutting down the Mini Ozone Cluster
2023-05-05 09:12:29,068 [Listener at 127.0.0.1/33465] INFO  ozone.MiniOzoneClusterImpl (MiniOzoneClusterImpl.java:stop(474)) - Stopping the Mini Ozone Cluster
2023-05-05 09:12:29,068 [Listener at 127.0.0.1/33465] INFO  ozone.MiniOzoneClusterImpl (MiniOzoneClusterImpl.java:stopOM(560)) - Stopping the OzoneManager
2023-05-05 09:12:29,068 [Listener at 127.0.0.1/33465] INFO  om.OzoneManager (OzoneManager.java:stop(2165)) - om1[localhost:0]: Stopping Ozone Manager
2023-05-05 09:12:29,068 [Listener at 127.0.0.1/33465] INFO  ipc.Server (Server.java:stop(3501)) - Stopping server on 33465
2023-05-05 09:12:29,074 [IPC Server listener on 0] INFO  ipc.Server (Server.java:run(1430)) - Stopping IPC Server listener on 0
2023-05-05 09:12:29,075 [IPC Server Responder] INFO  ipc.Server (Server.java:run(1563)) - Stopping IPC Server Responder
2023-05-05 09:12:29,076 [Listener at 127.0.0.1/33465] INFO  server.RaftServer (RaftServerProxy.java:lambda$close$6(409)) - om1: close
2023-05-05 09:12:29,076 [Listener at 127.0.0.1/33465] INFO  server.GrpcService (GrpcService.java:closeImpl(271)) - om1: shutdown server GrpcServerProtocolService now
2023-05-05 09:12:29,076 [om1-impl-thread1] INFO  server.RaftServer$Division (RaftServerImpl.java:lambda$close$4(458)) - om1@group-C5BA1605619E: shutdown
2023-05-05 09:12:29,076 [om1-impl-thread1] INFO  util.JmxRegister (JmxRegister.java:unregister(73)) - Successfully un-registered JMX Bean with object name Ratis:service=RaftServer,group=group-C5BA1605619E,id=om1
2023-05-05 09:12:29,076 [om1-impl-thread1] INFO  impl.RoleInfo (RoleInfo.java:shutdownLeaderState(93)) - om1: shutdown om1@group-C5BA1605619E-LeaderStateImpl
2023-05-05 09:12:29,077 [om1-impl-thread1] INFO  impl.PendingRequests (PendingRequests.java:sendNotLeaderResponses(282)) - om1@group-C5BA1605619E-PendingRequests: sendNotLeaderResponses
2023-05-05 09:12:29,077 [om1-impl-thread1] INFO  impl.StateMachineUpdater (StateMachineUpdater.java:stopAndJoin(153)) - om1@group-C5BA1605619E-StateMachineUpdater: set stopIndex = 0
2023-05-05 09:12:29,078 [om1@group-C5BA1605619E-StateMachineUpdater] INFO  ratis.OzoneManagerStateMachine (OzoneManagerStateMachine.java:takeSnapshot(479)) - Current Snapshot Index (t:1, i:0)
2023-05-05 09:12:29,079 [Listener at 127.0.0.1/33465] INFO  server.GrpcService (GrpcService.java:closeImpl(280)) - om1: shutdown server GrpcServerProtocolService successfully
2023-05-05 09:12:29,091 [om1@group-C5BA1605619E-StateMachineUpdater] INFO  impl.StateMachineUpdater (StateMachineUpdater.java:takeSnapshot(287)) - om1@group-C5BA1605619E-StateMachineUpdater: Took a snapshot at index 0
2023-05-05 09:12:29,091 [om1@group-C5BA1605619E-StateMachineUpdater] INFO  impl.StateMachineUpdater (StateMachineUpdater.java:lambda$new$0(92)) - om1@group-C5BA1605619E-StateMachineUpdater: snapshotIndex: updateIncreasingly -1 -> 0
2023-05-05 09:12:29,091 [om1@group-C5BA1605619E-StateMachineUpdater] INFO  ratis.OzoneManagerStateMachine (OzoneManagerStateMachine.java:close(533)) - StateMachine has shutdown. Shutdown OzoneManager if not already shutdown.
2023-05-05 09:12:29,091 [om1@group-C5BA1605619E-StateMachineUpdater] INFO  ratis.OzoneManagerDoubleBuffer (OzoneManagerDoubleBuffer.java:stopDaemon(540)) - Stopping OMDoubleBuffer flush thread
2023-05-05 09:12:29,092 [OMDoubleBufferFlushThread] INFO  ratis.OzoneManagerDoubleBuffer (OzoneManagerDoubleBuffer.java:canFlush(625)) - OMDoubleBuffer flush thread OMDoubleBufferFlushThread is interrupted and will exit.
2023-05-05 09:12:29,092 [om1-impl-thread1] INFO  server.RaftServer$Division (ServerState.java:close(466)) - om1@group-C5BA1605619E: closes. applyIndex: 0
2023-05-05 09:12:29,093 [om1@group-C5BA1605619E-SegmentedRaftLogWorker] INFO  segmented.SegmentedRaftLogWorker (SegmentedRaftLogWorker.java:run(347)) - om1@group-C5BA1605619E-SegmentedRaftLogWorker was interrupted, exiting. There are 0 tasks remaining in the queue.
2023-05-05 09:12:29,094 [om1-impl-thread1] INFO  segmented.SegmentedRaftLogWorker (SegmentedRaftLogWorker.java:close(257)) - om1@group-C5BA1605619E-SegmentedRaftLogWorker close()
2023-05-05 09:12:29,094 [JvmPauseMonitor12] INFO  util.JvmPauseMonitor (JvmPauseMonitor.java:run(111)) - JvmPauseMonitor-om1: Stopped
2023-05-05 09:12:29,094 [Listener at 127.0.0.1/33465] INFO  ratis.OzoneManagerStateMachine (OzoneManagerStateMachine.java:close(533)) - StateMachine has shutdown. Shutdown OzoneManager if not already shutdown.
2023-05-05 09:12:29,095 [Listener at 127.0.0.1/33465] INFO  ratis.OzoneManagerDoubleBuffer (OzoneManagerDoubleBuffer.java:stopDaemon(549)) - OMDoubleBuffer flush thread is not running.
2023-05-05 09:12:29,095 [Listener at 127.0.0.1/33465] INFO  utils.BackgroundService (BackgroundService.java:shutdown(141)) - Shutting down service KeyDeletingService
2023-05-05 09:12:29,095 [Listener at 127.0.0.1/33465] INFO  utils.BackgroundService (BackgroundService.java:shutdown(141)) - Shutting down service KeyDeletingService
2023-05-05 09:12:29,096 [Listener at 127.0.0.1/33465] INFO  utils.BackgroundService (BackgroundService.java:shutdown(141)) - Shutting down service OpenKeyCleanupService
2023-05-05 09:12:29,096 [Listener at 127.0.0.1/33465] INFO  utils.BackgroundService (BackgroundService.java:shutdown(141)) - Shutting down service SstFilteringService
2023-05-05 09:12:29,096 [Listener at 127.0.0.1/33465] INFO  utils.BackgroundService (BackgroundService.java:shutdown(141)) - Shutting down service SnapshotDeletingService
2023-05-05 09:12:29,097 [Listener at 127.0.0.1/33465] INFO  handler.ContextHandler (ContextHandler.java:doStop(1159)) - Stopped o.e.j.w.WebAppContext@182fb38{ozoneManager,/,null,STOPPED}{file:/home/runner/work/ozone/ozone/hadoop-ozone/integration-test/target/test-classes/webapps/ozoneManager}
2023-05-05 09:12:29,097 [Listener at 127.0.0.1/33465] INFO  server.AbstractConnector (AbstractConnector.java:doStop(383)) - Stopped ServerConnector@668a4ca3{HTTP/1.1, (http/1.1)}{0.0.0.0:0}
2023-05-05 09:12:29,098 [Listener at 127.0.0.1/33465] INFO  server.session (HouseKeeper.java:stopScavenging(149)) - node0 Stopped scavenging
2023-05-05 09:12:29,098 [Listener at 127.0.0.1/33465] INFO  handler.ContextHandler (ContextHandler.java:doStop(1159)) - Stopped o.e.j.s.ServletContextHandler@6ece8dd7{static,/static,file:///home/runner/work/ozone/ozone/hadoop-ozone/integration-test/target/test-classes/webapps/static,STOPPED}
2023-05-05 09:12:29,098 [Listener at 127.0.0.1/33465] INFO  handler.ContextHandler (ContextHandler.java:doStop(1159)) - Stopped o.e.j.s.ServletContextHandler@71b63ea5{logs,/logs,file:///home/runner/work/ozone/ozone/hadoop-ozone/integration-test/target/log,STOPPED}
2023-05-05 09:12:29,101 [Listener at 127.0.0.1/33465] INFO  utils.BackgroundService (BackgroundService.java:shutdown(141)) - Shutting down service SnapshotDiffCleanupService
2023-05-05 09:12:29,103 [Listener at 127.0.0.1/33465] INFO  ozone.MiniOzoneClusterImpl (MiniOzoneClusterImpl.java:stopDatanodes(537)) - Stopping the HddsDatanodes
2023-05-05 09:12:29,105 [Listener at 127.0.0.1/33465] INFO  ozoneimpl.OzoneContainer (OzoneContainer.java:stop(419)) - Attempting to stop container services.
2023-05-05 09:12:29,106 [Listener at 127.0.0.1/33465] INFO  server.RaftServer (RaftServerProxy.java:lambda$close$6(409)) - ee38f84b-8433-476e-8c71-34949542cd2b: close
2023-05-05 09:12:29,106 [ee38f84b-8433-476e-8c71-34949542cd2b-impl-thread1] INFO  server.RaftServer$Division (RaftServerImpl.java:lambda$close$4(458)) - ee38f84b-8433-476e-8c71-34949542cd2b@group-4C3C251172CF: shutdown
2023-05-05 09:12:29,107 [ee38f84b-8433-476e-8c71-34949542cd2b-impl-thread1] INFO  util.JmxRegister (JmxRegister.java:unregister(73)) - Successfully un-registered JMX Bean with object name Ratis:service=RaftServer,group=group-4C3C251172CF,id=ee38f84b-8433-476e-8c71-34949542cd2b
2023-05-05 09:12:29,107 [ee38f84b-8433-476e-8c71-34949542cd2b-impl-thread1] INFO  impl.RoleInfo (RoleInfo.java:shutdownLeaderState(93)) - ee38f84b-8433-476e-8c71-34949542cd2b: shutdown ee38f84b-8433-476e-8c71-34949542cd2b@group-4C3C251172CF-LeaderStateImpl
2023-05-05 09:12:29,110 [grpc-default-executor-3] INFO  server.GrpcServerProtocolService (GrpcServerProtocolService.java:onCompleted(143)) - 5ca39de1-525d-4da6-b46f-4f3b09d3711c: Completed APPEND_ENTRIES, lastRequest: ee38f84b-8433-476e-8c71-34949542cd2b->5ca39de1-525d-4da6-b46f-4f3b09d3711c#1-t1,previous=(t:0, i:0),leaderCommit=-1,initializing? true,entries: size=1, first=(t:1, i:0), CONFIGURATIONENTRY(current:id: "5ca39de1-525d-4da6-b46f-4f3b09d3711c"
address: "10.1.0.42:35995"
dataStreamAddress: "10.1.0.42:38643"
clientAddress: "10.1.0.42:35995"
adminAddress: "10.1.0.42:35995"
startupRole: FOLLOWER
,id: "ee38f84b-8433-476e-8c71-34949542cd2b"
address: "10.1.0.42:33633"
priority: 1
dataStreamAddress: "10.1.0.42:39375"
clientAddress: "10.1.0.42:33633"
adminAddress: "10.1.0.42:33633"
startupRole: FOLLOWER
,id: "6520bee8-8bdf-48f9-93d9-ec62562c6e83"
address: "10.1.0.42:40233"
dataStreamAddress: "10.1.0.42:41833"
clientAddress: "10.1.0.42:40233"
adminAddress: "10.1.0.42:40233"
startupRole: FOLLOWER
, old:)
2023-05-05 09:12:29,112 [ee38f84b-8433-476e-8c71-34949542cd2b-impl-thread1] INFO  impl.PendingRequests (PendingRequests.java:sendNotLeaderResponses(282)) - ee38f84b-8433-476e-8c71-34949542cd2b@group-4C3C251172CF-PendingRequests: sendNotLeaderResponses
2023-05-05 09:12:29,114 [ee38f84b-8433-476e-8c71-34949542cd2b@group-4C3C251172CF->6520bee8-8bdf-48f9-93d9-ec62562c6e83-GrpcLogAppender-LogAppenderDaemon] WARN  server.GrpcLogAppender (GrpcLogAppender.java:mayWait(200)) - ee38f84b-8433-476e-8c71-34949542cd2b@group-4C3C251172CF->6520bee8-8bdf-48f9-93d9-ec62562c6e83-GrpcLogAppender: Wait interrupted by java.lang.InterruptedException
2023-05-05 09:12:29,114 [grpc-default-executor-4] INFO  server.GrpcLogAppender (GrpcLogAppender.java:onCompleted(415)) - ee38f84b-8433-476e-8c71-34949542cd2b@group-4C3C251172CF->5ca39de1-525d-4da6-b46f-4f3b09d3711c-AppendLogResponseHandler: follower responses appendEntries COMPLETED
2023-05-05 09:12:29,114 [grpc-default-executor-4] INFO  leader.FollowerInfo (FollowerInfoImpl.java:lambda$new$0(48)) - ee38f84b-8433-476e-8c71-34949542cd2b@group-4C3C251172CF->5ca39de1-525d-4da6-b46f-4f3b09d3711c: nextIndex: updateUnconditionally 1 -> 0
2023-05-05 09:12:29,115 [Listener at 127.0.0.1/33465] INFO  server.GrpcService (GrpcService.java:closeImpl(271)) - ee38f84b-8433-476e-8c71-34949542cd2b: shutdown server GrpcServerProtocolService now
2023-05-05 09:12:29,115 [ee38f84b-8433-476e-8c71-34949542cd2b-impl-thread2] INFO  server.RaftServer$Division (RaftServerImpl.java:lambda$close$4(458)) - ee38f84b-8433-476e-8c71-34949542cd2b@group-05E55721E5FE: shutdown
2023-05-05 09:12:29,115 [ee38f84b-8433-476e-8c71-34949542cd2b-impl-thread2] INFO  util.JmxRegister (JmxRegister.java:unregister(73)) - Successfully un-registered JMX Bean with object name Ratis:service=RaftServer,group=group-05E55721E5FE,id=ee38f84b-8433-476e-8c71-34949542cd2b
2023-05-05 09:12:29,115 [ee38f84b-8433-476e-8c71-34949542cd2b-impl-thread2] INFO  impl.RoleInfo (RoleInfo.java:shutdownLeaderState(93)) - ee38f84b-8433-476e-8c71-34949542cd2b: shutdown ee38f84b-8433-476e-8c71-34949542cd2b@group-05E55721E5FE-LeaderStateImpl
2023-05-05 09:12:29,115 [ee38f84b-8433-476e-8c71-34949542cd2b-impl-thread2] INFO  impl.PendingRequests (PendingRequests.java:sendNotLeaderResponses(282)) - ee38f84b-8433-476e-8c71-34949542cd2b@group-05E55721E5FE-PendingRequests: sendNotLeaderResponses
2023-05-05 09:12:29,115 [grpc-default-executor-3] INFO  server.GrpcServerProtocolService (GrpcServerProtocolService.java:onCompleted(143)) - 5ca39de1-525d-4da6-b46f-4f3b09d3711c: Completed APPEND_ENTRIES, lastRequest: null
2023-05-05 09:12:29,115 [ForkJoinPool.commonPool-worker-1] INFO  ozoneimpl.OzoneContainer (OzoneContainer.java:stop(419)) - Attempting to stop container services.
2023-05-05 09:12:29,116 [ee38f84b-8433-476e-8c71-34949542cd2b-impl-thread1] INFO  impl.StateMachineUpdater (StateMachineUpdater.java:stopAndJoin(153)) - ee38f84b-8433-476e-8c71-34949542cd2b@group-4C3C251172CF-StateMachineUpdater: set stopIndex = 0
2023-05-05 09:12:29,116 [ee38f84b-8433-476e-8c71-34949542cd2b@group-4C3C251172CF-StateMachineUpdater] INFO  ratis.ContainerStateMachine (ContainerStateMachine.java:takeSnapshot(330)) - group-4C3C251172CF: Taking a snapshot at:(t:1, i:0) file /home/runner/work/ozone/ozone/hadoop-ozone/integration-test/target/test-dir/MiniOzoneClusterImpl-da0de1e2-202c-4ae6-9300-2fe7d9a9c5f7/datanode-1/data/ratis/6994c7d0-c0fa-4509-b024-4c3c251172cf/sm/snapshot.1_0
2023-05-05 09:12:29,116 [ee38f84b-8433-476e-8c71-34949542cd2b-impl-thread2] INFO  impl.StateMachineUpdater (StateMachineUpdater.java:stopAndJoin(153)) - ee38f84b-8433-476e-8c71-34949542cd2b@group-05E55721E5FE-StateMachineUpdater: set stopIndex = 0
2023-05-05 09:12:29,119 [ee38f84b-8433-476e-8c71-34949542cd2b@group-4C3C251172CF-StateMachineUpdater] INFO  ratis.ContainerStateMachine (ContainerStateMachine.java:takeSnapshot(341)) - group-4C3C251172CF: Finished taking a snapshot at:(t:1, i:0) file:/home/runner/work/ozone/ozone/hadoop-ozone/integration-test/target/test-dir/MiniOzoneClusterImpl-da0de1e2-202c-4ae6-9300-2fe7d9a9c5f7/datanode-1/data/ratis/6994c7d0-c0fa-4509-b024-4c3c251172cf/sm/snapshot.1_0 took: 4 ms
2023-05-05 09:12:29,119 [grpc-default-executor-6] INFO  server.GrpcServerProtocolService (GrpcServerProtocolService.java:onCompleted(143)) - 6520bee8-8bdf-48f9-93d9-ec62562c6e83: Completed APPEND_ENTRIES, lastRequest: null
2023-05-05 09:12:29,126 [ee38f84b-8433-476e-8c71-34949542cd2b@group-4C3C251172CF-StateMachineUpdater] INFO  impl.StateMachineUpdater (StateMachineUpdater.java:takeSnapshot(287)) - ee38f84b-8433-476e-8c71-34949542cd2b@group-4C3C251172CF-StateMachineUpdater: Took a snapshot at index 0
2023-05-05 09:12:29,119 [grpc-default-executor-4] INFO  server.GrpcServerProtocolService (GrpcServerProtocolService.java:onCompleted(143)) - 6520bee8-8bdf-48f9-93d9-ec62562c6e83: Completed APPEND_ENTRIES, lastRequest: ee38f84b-8433-476e-8c71-34949542cd2b->6520bee8-8bdf-48f9-93d9-ec62562c6e83#1-t1,previous=(t:0, i:0),leaderCommit=0,initializing? true,entries: size=1, first=(t:1, i:0), CONFIGURATIONENTRY(current:id: "5ca39de1-525d-4da6-b46f-4f3b09d3711c"
address: "10.1.0.42:35995"
dataStreamAddress: "10.1.0.42:38643"
clientAddress: "10.1.0.42:35995"
adminAddress: "10.1.0.42:35995"
startupRole: FOLLOWER
,id: "ee38f84b-8433-476e-8c71-34949542cd2b"
address: "10.1.0.42:33633"
priority: 1
dataStreamAddress: "10.1.0.42:39375"
clientAddress: "10.1.0.42:33633"
adminAddress: "10.1.0.42:33633"
startupRole: FOLLOWER
,id: "6520bee8-8bdf-48f9-93d9-ec62562c6e83"
address: "10.1.0.42:40233"
dataStreamAddress: "10.1.0.42:41833"
clientAddress: "10.1.0.42:40233"
adminAddress: "10.1.0.42:40233"
startupRole: FOLLOWER
, old:)
2023-05-05 09:12:29,116 [ee38f84b-8433-476e-8c71-34949542cd2b@group-05E55721E5FE-StateMachineUpdater] INFO  ratis.ContainerStateMachine (ContainerStateMachine.java:takeSnapshot(330)) - group-05E55721E5FE: Taking a snapshot at:(t:1, i:0) file /home/runner/work/ozone/ozone/hadoop-ozone/integration-test/target/test-dir/MiniOzoneClusterImpl-da0de1e2-202c-4ae6-9300-2fe7d9a9c5f7/datanode-1/data/ratis/0085d319-24d9-4a87-8152-05e55721e5fe/sm/snapshot.1_0
2023-05-05 09:12:29,126 [ee38f84b-8433-476e-8c71-34949542cd2b@group-4C3C251172CF-StateMachineUpdater] INFO  impl.StateMachineUpdater (StateMachineUpdater.java:lambda$new$0(92)) - ee38f84b-8433-476e-8c71-34949542cd2b@group-4C3C251172CF-StateMachineUpdater: snapshotIndex: updateIncreasingly -1 -> 0
2023-05-05 09:12:29,127 [ee38f84b-8433-476e-8c71-34949542cd2b-impl-thread3] INFO  server.RaftServer$Division (RaftServerImpl.java:lambda$close$4(458)) - ee38f84b-8433-476e-8c71-34949542cd2b@group-D11728A34643: shutdown
2023-05-05 09:12:29,125 [grpc-default-executor-0] WARN  server.GrpcServerProtocolService (LogUtils.java:warn(122)) - ee38f84b-8433-476e-8c71-34949542cd2b: installSnapshot onError, lastRequest: null: org.apache.ratis.thirdparty.io.grpc.StatusRuntimeException: CANCELLED: client cancelled
2023-05-05 09:12:29,125 [Listener at 127.0.0.1/33465] INFO  server.GrpcServerProtocolClient (GrpcServerProtocolClient.java:close(101)) - 5ca39de1-525d-4da6-b46f-4f3b09d3711c Close channels
2023-05-05 09:12:29,127 [ee38f84b-8433-476e-8c71-34949542cd2b@group-05E55721E5FE-StateMachineUpdater] INFO  ratis.ContainerStateMachine (ContainerStateMachine.java:takeSnapshot(341)) - group-05E55721E5FE: Finished taking a snapshot at:(t:1, i:0) file:/home/runner/work/ozone/ozone/hadoop-ozone/integration-test/target/test-dir/MiniOzoneClusterImpl-da0de1e2-202c-4ae6-9300-2fe7d9a9c5f7/datanode-1/data/ratis/0085d319-24d9-4a87-8152-05e55721e5fe/sm/snapshot.1_0 took: 11 ms
2023-05-05 09:12:29,129 [ee38f84b-8433-476e-8c71-34949542cd2b@group-05E55721E5FE-StateMachineUpdater] INFO  impl.StateMachineUpdater (StateMachineUpdater.java:takeSnapshot(287)) - ee38f84b-8433-476e-8c71-34949542cd2b@group-05E55721E5FE-StateMachineUpdater: Took a snapshot at index 0
2023-05-05 09:12:29,129 [ee38f84b-8433-476e-8c71-34949542cd2b@group-05E55721E5FE-StateMachineUpdater] INFO  impl.StateMachineUpdater (StateMachineUpdater.java:lambda$new$0(92)) - ee38f84b-8433-476e-8c71-34949542cd2b@group-05E55721E5FE-StateMachineUpdater: snapshotIndex: updateIncreasingly -1 -> 0
2023-05-05 09:12:29,129 [ee38f84b-8433-476e-8c71-34949542cd2b-impl-thread2] INFO  server.RaftServer$Division (ServerState.java:close(466)) - ee38f84b-8433-476e-8c71-34949542cd2b@group-05E55721E5FE: closes. applyIndex: 0
2023-05-05 09:12:29,127 [ee38f84b-8433-476e-8c71-34949542cd2b-impl-thread1] INFO  server.RaftServer$Division (ServerState.java:close(466)) - ee38f84b-8433-476e-8c71-34949542cd2b@group-4C3C251172CF: closes. applyIndex: 0
2023-05-05 09:12:29,129 [ee38f84b-8433-476e-8c71-34949542cd2b@group-05E55721E5FE-SegmentedRaftLogWorker] INFO  segmented.SegmentedRaftLogWorker (SegmentedRaftLogWorker.java:run(347)) - ee38f84b-8433-476e-8c71-34949542cd2b@group-05E55721E5FE-SegmentedRaftLogWorker was interrupted, exiting. There are 0 tasks remaining in the queue.
2023-05-05 09:12:29,129 [ee38f84b-8433-476e-8c71-34949542cd2b@group-4C3C251172CF-SegmentedRaftLogWorker] INFO  segmented.SegmentedRaftLogWorker (SegmentedRaftLogWorker.java:run(347)) - ee38f84b-8433-476e-8c71-34949542cd2b@group-4C3C251172CF-SegmentedRaftLogWorker was interrupted, exiting. There are 0 tasks remaining in the queue.
2023-05-05 09:12:29,127 [ForkJoinPool.commonPool-worker-1] INFO  server.RaftServer (RaftServerProxy.java:lambda$close$6(409)) - 6520bee8-8bdf-48f9-93d9-ec62562c6e83: close
2023-05-05 09:12:29,130 [6520bee8-8bdf-48f9-93d9-ec62562c6e83-impl-thread1] INFO  server.RaftServer$Division (RaftServerImpl.java:lambda$close$4(458)) - 6520bee8-8bdf-48f9-93d9-ec62562c6e83@group-4C3C251172CF: shutdown
2023-05-05 09:12:29,130 [6520bee8-8bdf-48f9-93d9-ec62562c6e83-impl-thread1] INFO  util.JmxRegister (JmxRegister.java:unregister(73)) - Successfully un-registered JMX Bean with object name Ratis:service=RaftServer,group=group-4C3C251172CF,id=6520bee8-8bdf-48f9-93d9-ec62562c6e83
2023-05-05 09:12:29,130 [6520bee8-8bdf-48f9-93d9-ec62562c6e83-impl-thread1] INFO  impl.RoleInfo (RoleInfo.java:shutdownFollowerState(110)) - 6520bee8-8bdf-48f9-93d9-ec62562c6e83: shutdown 6520bee8-8bdf-48f9-93d9-ec62562c6e83@group-4C3C251172CF-FollowerState
2023-05-05 09:12:29,130 [6520bee8-8bdf-48f9-93d9-ec62562c6e83-impl-thread1] INFO  impl.StateMachineUpdater (StateMachineUpdater.java:stopAndJoin(153)) - 6520bee8-8bdf-48f9-93d9-ec62562c6e83@group-4C3C251172CF-StateMachineUpdater: set stopIndex = 0
2023-05-05 09:12:29,130 [6520bee8-8bdf-48f9-93d9-ec62562c6e83@group-4C3C251172CF-FollowerState] INFO  impl.FollowerState (FollowerState.java:run(152)) - 6520bee8-8bdf-48f9-93d9-ec62562c6e83@group-4C3C251172CF-FollowerState was interrupted
2023-05-05 09:12:29,131 [ee38f84b-8433-476e-8c71-34949542cd2b-impl-thread1] INFO  segmented.SegmentedRaftLogWorker (SegmentedRaftLogWorker.java:close(257)) - ee38f84b-8433-476e-8c71-34949542cd2b@group-4C3C251172CF-SegmentedRaftLogWorker close()
2023-05-05 09:12:29,141 [grpc-default-executor-6] INFO  server.GrpcLogAppender (GrpcLogAppender.java:onCompleted(415)) - ee38f84b-8433-476e-8c71-34949542cd2b@group-4C3C251172CF->5ca39de1-525d-4da6-b46f-4f3b09d3711c-AppendLogResponseHandler: follower responses appendEntries COMPLETED
2023-05-05 09:12:29,141 [grpc-default-executor-6] WARN  server.GrpcLogAppender (GrpcLogAppender.java:resetClient(137)) - ee38f84b-8433-476e-8c71-34949542cd2b@group-4C3C251172CF->5ca39de1-525d-4da6-b46f-4f3b09d3711c-GrpcLogAppender: Failed to getClient for 5ca39de1-525d-4da6-b46f-4f3b09d3711c
org.apache.ratis.protocol.exceptions.AlreadyClosedException: ee38f84b-8433-476e-8c71-34949542cd2b is already CLOSED
	at org.apache.ratis.util.PeerProxyMap$PeerAndProxy.getProxy(PeerProxyMap.java:61)
	at org.apache.ratis.util.PeerProxyMap.getProxy(PeerProxyMap.java:115)
	at org.apache.ratis.grpc.server.GrpcLogAppender.getClient(GrpcLogAppender.java:116)
	at org.apache.ratis.grpc.server.GrpcLogAppender.resetClient(GrpcLogAppender.java:121)
	at org.apache.ratis.grpc.server.GrpcLogAppender.access$500(GrpcLogAppender.java:58)
	at org.apache.ratis.grpc.server.GrpcLogAppender$AppendLogResponseHandler.onCompleted(GrpcLogAppender.java:416)
	at org.apache.ratis.thirdparty.io.grpc.stub.ClientCalls$StreamObserverToCallListenerAdapter.onClose(ClientCalls.java:485)
	at org.apache.ratis.thirdparty.io.grpc.internal.ClientCallImpl.closeObserver(ClientCallImpl.java:562)
	at org.apache.ratis.thirdparty.io.grpc.internal.ClientCallImpl.access$300(ClientCallImpl.java:70)
	at org.apache.ratis.thirdparty.io.grpc.internal.ClientCallImpl$ClientStreamListenerImpl$1StreamClosed.runInternal(ClientCallImpl.java:743)
	at org.apache.ratis.thirdparty.io.grpc.internal.ClientCallImpl$ClientStreamListenerImpl$1StreamClosed.runInContext(ClientCallImpl.java:722)
	at org.apache.ratis.thirdparty.io.grpc.internal.ContextRunnable.run(ContextRunnable.java:37)
	at org.apache.ratis.thirdparty.io.grpc.internal.SerializingExecutor.run(SerializingExecutor.java:133)
	at java.util.concurrent.ThreadPoolExecutor.runWorker(ThreadPoolExecutor.java:1149)
	at java.util.concurrent.ThreadPoolExecutor$Worker.run(ThreadPoolExecutor.java:624)
	at java.lang.Thread.run(Thread.java:750)
2023-05-05 09:12:29,141 [grpc-default-executor-0] WARN  server.GrpcLogAppender (LogUtils.java:warn(122)) - 5ca39de1-525d-4da6-b46f-4f3b09d3711c@group-D11728A34643->ee38f84b-8433-476e-8c71-34949542cd2b-AppendLogResponseHandler: Failed appendEntries: org.apache.ratis.thirdparty.io.grpc.StatusRuntimeException: CANCELLED: RST_STREAM closed stream. HTTP/2 error code: CANCEL
2023-05-05 09:12:29,142 [grpc-default-executor-0] WARN  server.GrpcLogAppender (GrpcLogAppender.java:resetClient(131)) - 5ca39de1-525d-4da6-b46f-4f3b09d3711c@group-D11728A34643->ee38f84b-8433-476e-8c71-34949542cd2b-GrpcLogAppender: Leader has not got in touch with Follower 5ca39de1-525d-4da6-b46f-4f3b09d3711c@group-D11728A34643->ee38f84b-8433-476e-8c71-34949542cd2b(c0,m0,n1, attendVote=true, lastRpcSendTime=863, lastRpcResponseTime=842) yet, just keep nextIndex unchanged and retry.
2023-05-05 09:12:29,142 [6520bee8-8bdf-48f9-93d9-ec62562c6e83@group-4C3C251172CF-StateMachineUpdater] INFO  ratis.ContainerStateMachine (ContainerStateMachine.java:takeSnapshot(330)) - group-4C3C251172CF: Taking a snapshot at:(t:1, i:0) file /home/runner/work/ozone/ozone/hadoop-ozone/integration-test/target/test-dir/MiniOzoneClusterImpl-da0de1e2-202c-4ae6-9300-2fe7d9a9c5f7/datanode-0/data/ratis/6994c7d0-c0fa-4509-b024-4c3c251172cf/sm/snapshot.1_0
2023-05-05 09:12:29,142 [ee38f84b-8433-476e-8c71-34949542cd2b-impl-thread3] INFO  util.JmxRegister (JmxRegister.java:unregister(73)) - Successfully un-registered JMX Bean with object name Ratis:service=RaftServer,group=group-D11728A34643,id=ee38f84b-8433-476e-8c71-34949542cd2b
2023-05-05 09:12:29,142 [ee38f84b-8433-476e-8c71-34949542cd2b-impl-thread3] INFO  impl.RoleInfo (RoleInfo.java:shutdownFollowerState(110)) - ee38f84b-8433-476e-8c71-34949542cd2b: shutdown ee38f84b-8433-476e-8c71-34949542cd2b@group-D11728A34643-FollowerState
2023-05-05 09:12:29,142 [ee38f84b-8433-476e-8c71-34949542cd2b@group-D11728A34643-FollowerState] INFO  impl.FollowerState (FollowerState.java:run(152)) - ee38f84b-8433-476e-8c71-34949542cd2b@group-D11728A34643-FollowerState was interrupted
2023-05-05 09:12:29,142 [ee38f84b-8433-476e-8c71-34949542cd2b@group-D11728A34643-StateMachineUpdater] INFO  ratis.ContainerStateMachine (ContainerStateMachine.java:takeSnapshot(330)) - group-D11728A34643: Taking a snapshot at:(t:1, i:0) file /home/runner/work/ozone/ozone/hadoop-ozone/integration-test/target/test-dir/MiniOzoneClusterImpl-da0de1e2-202c-4ae6-9300-2fe7d9a9c5f7/datanode-1/data/ratis/36af11ff-bacc-4460-99d7-d11728a34643/sm/snapshot.1_0
2023-05-05 09:12:29,144 [6520bee8-8bdf-48f9-93d9-ec62562c6e83@group-4C3C251172CF-StateMachineUpdater] INFO  ratis.ContainerStateMachine (ContainerStateMachine.java:takeSnapshot(341)) - group-4C3C251172CF: Finished taking a snapshot at:(t:1, i:0) file:/home/runner/work/ozone/ozone/hadoop-ozone/integration-test/target/test-dir/MiniOzoneClusterImpl-da0de1e2-202c-4ae6-9300-2fe7d9a9c5f7/datanode-0/data/ratis/6994c7d0-c0fa-4509-b024-4c3c251172cf/sm/snapshot.1_0 took: 12 ms
2023-05-05 09:12:29,144 [6520bee8-8bdf-48f9-93d9-ec62562c6e83@group-4C3C251172CF-StateMachineUpdater] INFO  impl.StateMachineUpdater (StateMachineUpdater.java:takeSnapshot(287)) - 6520bee8-8bdf-48f9-93d9-ec62562c6e83@group-4C3C251172CF-StateMachineUpdater: Took a snapshot at index 0
2023-05-05 09:12:29,144 [6520bee8-8bdf-48f9-93d9-ec62562c6e83@group-4C3C251172CF-StateMachineUpdater] INFO  impl.StateMachineUpdater (StateMachineUpdater.java:lambda$new$0(92)) - 6520bee8-8bdf-48f9-93d9-ec62562c6e83@group-4C3C251172CF-StateMachineUpdater: snapshotIndex: updateIncreasingly -1 -> 0
2023-05-05 09:12:29,144 [grpc-default-executor-4] WARN  server.GrpcServerProtocolService (LogUtils.java:warn(122)) - ee38f84b-8433-476e-8c71-34949542cd2b: installSnapshot onError, lastRequest: 5ca39de1-525d-4da6-b46f-4f3b09d3711c->ee38f84b-8433-476e-8c71-34949542cd2b#1-t1,previous=(t:0, i:0),leaderCommit=0,initializing? true,entries: size=1, first=(t:1, i:0), CONFIGURATIONENTRY(current:id: "5ca39de1-525d-4da6-b46f-4f3b09d3711c"
address: "10.1.0.42:35995"
priority: 1
dataStreamAddress: "10.1.0.42:38643"
clientAddress: "10.1.0.42:35995"
adminAddress: "10.1.0.42:35995"
startupRole: FOLLOWER
,id: "ee38f84b-8433-476e-8c71-34949542cd2b"
address: "10.1.0.42:33633"
dataStreamAddress: "10.1.0.42:39375"
clientAddress: "10.1.0.42:33633"
adminAddress: "10.1.0.42:33633"
startupRole: FOLLOWER
,id: "6520bee8-8bdf-48f9-93d9-ec62562c6e83"
address: "10.1.0.42:40233"
dataStreamAddress: "10.1.0.42:41833"
clientAddress: "10.1.0.42:40233"
adminAddress: "10.1.0.42:40233"
startupRole: FOLLOWER
, old:): org.apache.ratis.thirdparty.io.grpc.StatusRuntimeException: CANCELLED: client cancelled
2023-05-05 09:12:29,144 [6520bee8-8bdf-48f9-93d9-ec62562c6e83-impl-thread1] INFO  server.RaftServer$Division (ServerState.java:close(466)) - 6520bee8-8bdf-48f9-93d9-ec62562c6e83@group-4C3C251172CF: closes. applyIndex: 0
2023-05-05 09:12:29,144 [grpc-default-executor-0] INFO  server.GrpcLogAppender (GrpcLogAppender.java:onCompleted(415)) - ee38f84b-8433-476e-8c71-34949542cd2b@group-4C3C251172CF->6520bee8-8bdf-48f9-93d9-ec62562c6e83-AppendLogResponseHandler: follower responses appendEntries COMPLETED
2023-05-05 09:12:29,146 [grpc-default-executor-0] INFO  leader.FollowerInfo (FollowerInfoImpl.java:lambda$new$0(48)) - ee38f84b-8433-476e-8c71-34949542cd2b@group-4C3C251172CF->6520bee8-8bdf-48f9-93d9-ec62562c6e83: nextIndex: updateUnconditionally 1 -> 0
2023-05-05 09:12:29,146 [ee38f84b-8433-476e-8c71-34949542cd2b-impl-thread3] INFO  impl.StateMachineUpdater (StateMachineUpdater.java:stopAndJoin(153)) - ee38f84b-8433-476e-8c71-34949542cd2b@group-D11728A34643-StateMachineUpdater: set stopIndex = 0
2023-05-05 09:12:29,146 [ee38f84b-8433-476e-8c71-34949542cd2b-impl-thread2] INFO  segmented.SegmentedRaftLogWorker (SegmentedRaftLogWorker.java:close(257)) - ee38f84b-8433-476e-8c71-34949542cd2b@group-05E55721E5FE-SegmentedRaftLogWorker close()
2023-05-05 09:12:29,146 [ee38f84b-8433-476e-8c71-34949542cd2b@group-D11728A34643-StateMachineUpdater] INFO  ratis.ContainerStateMachine (ContainerStateMachine.java:takeSnapshot(341)) - group-D11728A34643: Finished taking a snapshot at:(t:1, i:0) file:/home/runner/work/ozone/ozone/hadoop-ozone/integration-test/target/test-dir/MiniOzoneClusterImpl-da0de1e2-202c-4ae6-9300-2fe7d9a9c5f7/datanode-1/data/ratis/36af11ff-bacc-4460-99d7-d11728a34643/sm/snapshot.1_0 took: 4 ms
2023-05-05 09:12:29,147 [ee38f84b-8433-476e-8c71-34949542cd2b@group-D11728A34643-StateMachineUpdater] INFO  impl.StateMachineUpdater (StateMachineUpdater.java:takeSnapshot(287)) - ee38f84b-8433-476e-8c71-34949542cd2b@group-D11728A34643-StateMachineUpdater: Took a snapshot at index 0
2023-05-05 09:12:29,147 [ee38f84b-8433-476e-8c71-34949542cd2b@group-D11728A34643-StateMachineUpdater] INFO  impl.StateMachineUpdater (StateMachineUpdater.java:lambda$new$0(92)) - ee38f84b-8433-476e-8c71-34949542cd2b@group-D11728A34643-StateMachineUpdater: snapshotIndex: updateIncreasingly -1 -> 0
2023-05-05 09:12:29,147 [ee38f84b-8433-476e-8c71-34949542cd2b-impl-thread3] INFO  server.RaftServer$Division (ServerState.java:close(466)) - ee38f84b-8433-476e-8c71-34949542cd2b@group-D11728A34643: closes. applyIndex: 0
2023-05-05 09:12:29,148 [ee38f84b-8433-476e-8c71-34949542cd2b@group-D11728A34643-SegmentedRaftLogWorker] INFO  segmented.SegmentedRaftLogWorker (SegmentedRaftLogWorker.java:run(347)) - ee38f84b-8433-476e-8c71-34949542cd2b@group-D11728A34643-SegmentedRaftLogWorker was interrupted, exiting. There are 0 tasks remaining in the queue.
2023-05-05 09:12:29,149 [6520bee8-8bdf-48f9-93d9-ec62562c6e83@group-4C3C251172CF-SegmentedRaftLogWorker] INFO  segmented.SegmentedRaftLogWorker (SegmentedRaftLogWorker.java:run(347)) - 6520bee8-8bdf-48f9-93d9-ec62562c6e83@group-4C3C251172CF-SegmentedRaftLogWorker was interrupted, exiting. There are 0 tasks remaining in the queue.
2023-05-05 09:12:29,149 [grpc-default-executor-2] INFO  server.GrpcLogAppender (GrpcLogAppender.java:onCompleted(415)) - ee38f84b-8433-476e-8c71-34949542cd2b@group-4C3C251172CF->6520bee8-8bdf-48f9-93d9-ec62562c6e83-AppendLogResponseHandler: follower responses appendEntries COMPLETED
2023-05-05 09:12:29,149 [grpc-default-executor-2] INFO  leader.FollowerInfo (FollowerInfoImpl.java:lambda$new$0(48)) - ee38f84b-8433-476e-8c71-34949542cd2b@group-4C3C251172CF->6520bee8-8bdf-48f9-93d9-ec62562c6e83: nextIndex: updateUnconditionally 0 -> 0
2023-05-05 09:12:29,150 [6520bee8-8bdf-48f9-93d9-ec62562c6e83-impl-thread2] INFO  server.RaftServer$Division (RaftServerImpl.java:lambda$close$4(458)) - 6520bee8-8bdf-48f9-93d9-ec62562c6e83@group-A96105FC7DD3: shutdown
2023-05-05 09:12:29,150 [6520bee8-8bdf-48f9-93d9-ec62562c6e83-impl-thread2] INFO  util.JmxRegister (JmxRegister.java:unregister(73)) - Successfully un-registered JMX Bean with object name Ratis:service=RaftServer,group=group-A96105FC7DD3,id=6520bee8-8bdf-48f9-93d9-ec62562c6e83
2023-05-05 09:12:29,150 [6520bee8-8bdf-48f9-93d9-ec62562c6e83-impl-thread2] INFO  impl.RoleInfo (RoleInfo.java:shutdownLeaderState(93)) - 6520bee8-8bdf-48f9-93d9-ec62562c6e83: shutdown 6520bee8-8bdf-48f9-93d9-ec62562c6e83@group-A96105FC7DD3-LeaderStateImpl
2023-05-05 09:12:29,150 [6520bee8-8bdf-48f9-93d9-ec62562c6e83-impl-thread2] INFO  impl.PendingRequests (PendingRequests.java:sendNotLeaderResponses(282)) - 6520bee8-8bdf-48f9-93d9-ec62562c6e83@group-A96105FC7DD3-PendingRequests: sendNotLeaderResponses
2023-05-05 09:12:29,152 [grpc-default-executor-2] WARN  server.GrpcLogAppender (LogUtils.java:warn(122)) - 5ca39de1-525d-4da6-b46f-4f3b09d3711c@group-D11728A34643->ee38f84b-8433-476e-8c71-34949542cd2b-AppendLogResponseHandler: Failed appendEntries: org.apache.ratis.thirdparty.io.grpc.StatusRuntimeException: CANCELLED: RST_STREAM closed stream. HTTP/2 error code: CANCEL
2023-05-05 09:12:29,153 [grpc-default-executor-2] WARN  server.GrpcLogAppender (GrpcLogAppender.java:resetClient(131)) - 5ca39de1-525d-4da6-b46f-4f3b09d3711c@group-D11728A34643->ee38f84b-8433-476e-8c71-34949542cd2b-GrpcLogAppender: Leader has not got in touch with Follower 5ca39de1-525d-4da6-b46f-4f3b09d3711c@group-D11728A34643->ee38f84b-8433-476e-8c71-34949542cd2b(c0,m0,n1, attendVote=true, lastRpcSendTime=874, lastRpcResponseTime=852) yet, just keep nextIndex unchanged and retry.
2023-05-05 09:12:29,160 [6520bee8-8bdf-48f9-93d9-ec62562c6e83@group-A96105FC7DD3-StateMachineUpdater] INFO  ratis.ContainerStateMachine (ContainerStateMachine.java:takeSnapshot(330)) - group-A96105FC7DD3: Taking a snapshot at:(t:1, i:0) file /home/runner/work/ozone/ozone/hadoop-ozone/integration-test/target/test-dir/MiniOzoneClusterImpl-da0de1e2-202c-4ae6-9300-2fe7d9a9c5f7/datanode-0/data/ratis/3367e7d3-0d4d-4207-b439-a96105fc7dd3/sm/snapshot.1_0
2023-05-05 09:12:29,160 [6520bee8-8bdf-48f9-93d9-ec62562c6e83-impl-thread2] INFO  impl.StateMachineUpdater (StateMachineUpdater.java:stopAndJoin(153)) - 6520bee8-8bdf-48f9-93d9-ec62562c6e83@group-A96105FC7DD3-StateMachineUpdater: set stopIndex = 0
2023-05-05 09:12:29,165 [6520bee8-8bdf-48f9-93d9-ec62562c6e83-impl-thread3] INFO  server.RaftServer$Division (RaftServerImpl.java:lambda$close$4(458)) - 6520bee8-8bdf-48f9-93d9-ec62562c6e83@group-D11728A34643: shutdown
2023-05-05 09:12:29,165 [Listener at 127.0.0.1/33465] INFO  server.GrpcServerProtocolClient (GrpcServerProtocolClient.java:close(101)) - 6520bee8-8bdf-48f9-93d9-ec62562c6e83 Close channels
2023-05-05 09:12:29,165 [6520bee8-8bdf-48f9-93d9-ec62562c6e83@group-A96105FC7DD3-StateMachineUpdater] INFO  ratis.ContainerStateMachine (ContainerStateMachine.java:takeSnapshot(341)) - group-A96105FC7DD3: Finished taking a snapshot at:(t:1, i:0) file:/home/runner/work/ozone/ozone/hadoop-ozone/integration-test/target/test-dir/MiniOzoneClusterImpl-da0de1e2-202c-4ae6-9300-2fe7d9a9c5f7/datanode-0/data/ratis/3367e7d3-0d4d-4207-b439-a96105fc7dd3/sm/snapshot.1_0 took: 5 ms
2023-05-05 09:12:29,164 [ee38f84b-8433-476e-8c71-34949542cd2b-impl-thread3] INFO  segmented.SegmentedRaftLogWorker (SegmentedRaftLogWorker.java:close(257)) - ee38f84b-8433-476e-8c71-34949542cd2b@group-D11728A34643-SegmentedRaftLogWorker close()
2023-05-05 09:12:29,163 [6520bee8-8bdf-48f9-93d9-ec62562c6e83-impl-thread1] INFO  segmented.SegmentedRaftLogWorker (SegmentedRaftLogWorker.java:close(257)) - 6520bee8-8bdf-48f9-93d9-ec62562c6e83@group-4C3C251172CF-SegmentedRaftLogWorker close()
2023-05-05 09:12:29,160 [ForkJoinPool.commonPool-worker-1] INFO  server.GrpcService (GrpcService.java:closeImpl(271)) - 6520bee8-8bdf-48f9-93d9-ec62562c6e83: shutdown server GrpcServerProtocolService now
2023-05-05 09:12:29,166 [6520bee8-8bdf-48f9-93d9-ec62562c6e83@group-A96105FC7DD3-StateMachineUpdater] INFO  impl.StateMachineUpdater (StateMachineUpdater.java:takeSnapshot(287)) - 6520bee8-8bdf-48f9-93d9-ec62562c6e83@group-A96105FC7DD3-StateMachineUpdater: Took a snapshot at index 0
2023-05-05 09:12:29,169 [6520bee8-8bdf-48f9-93d9-ec62562c6e83@group-A96105FC7DD3-StateMachineUpdater] INFO  impl.StateMachineUpdater (StateMachineUpdater.java:lambda$new$0(92)) - 6520bee8-8bdf-48f9-93d9-ec62562c6e83@group-A96105FC7DD3-StateMachineUpdater: snapshotIndex: updateIncreasingly -1 -> 0
2023-05-05 09:12:29,170 [ForkJoinPool.commonPool-worker-1] INFO  server.GrpcServerProtocolClient (GrpcServerProtocolClient.java:close(101)) - 5ca39de1-525d-4da6-b46f-4f3b09d3711c Close channels
2023-05-05 09:12:29,170 [grpc-default-executor-0] WARN  server.GrpcServerProtocolService (LogUtils.java:warn(122)) - 6520bee8-8bdf-48f9-93d9-ec62562c6e83: installSnapshot onError, lastRequest: null: org.apache.ratis.thirdparty.io.grpc.StatusRuntimeException: CANCELLED: client cancelled
2023-05-05 09:12:29,165 [6520bee8-8bdf-48f9-93d9-ec62562c6e83-impl-thread3] INFO  util.JmxRegister (JmxRegister.java:unregister(73)) - Successfully un-registered JMX Bean with object name Ratis:service=RaftServer,group=group-D11728A34643,id=6520bee8-8bdf-48f9-93d9-ec62562c6e83
2023-05-05 09:12:29,172 [6520bee8-8bdf-48f9-93d9-ec62562c6e83-impl-thread3] INFO  impl.RoleInfo (RoleInfo.java:shutdownFollowerState(110)) - 6520bee8-8bdf-48f9-93d9-ec62562c6e83: shutdown 6520bee8-8bdf-48f9-93d9-ec62562c6e83@group-D11728A34643-FollowerState
2023-05-05 09:12:29,173 [6520bee8-8bdf-48f9-93d9-ec62562c6e83-impl-thread3] INFO  impl.StateMachineUpdater (StateMachineUpdater.java:stopAndJoin(153)) - 6520bee8-8bdf-48f9-93d9-ec62562c6e83@group-D11728A34643-StateMachineUpdater: set stopIndex = 0
2023-05-05 09:12:29,173 [6520bee8-8bdf-48f9-93d9-ec62562c6e83@group-D11728A34643-FollowerState] INFO  impl.FollowerState (FollowerState.java:run(152)) - 6520bee8-8bdf-48f9-93d9-ec62562c6e83@group-D11728A34643-FollowerState was interrupted
2023-05-05 09:12:29,173 [6520bee8-8bdf-48f9-93d9-ec62562c6e83@group-D11728A34643-StateMachineUpdater] INFO  ratis.ContainerStateMachine (ContainerStateMachine.java:takeSnapshot(330)) - group-D11728A34643: Taking a snapshot at:(t:1, i:0) file /home/runner/work/ozone/ozone/hadoop-ozone/integration-test/target/test-dir/MiniOzoneClusterImpl-da0de1e2-202c-4ae6-9300-2fe7d9a9c5f7/datanode-0/data/ratis/36af11ff-bacc-4460-99d7-d11728a34643/sm/snapshot.1_0
2023-05-05 09:12:29,173 [6520bee8-8bdf-48f9-93d9-ec62562c6e83-impl-thread2] INFO  server.RaftServer$Division (ServerState.java:close(466)) - 6520bee8-8bdf-48f9-93d9-ec62562c6e83@group-A96105FC7DD3: closes. applyIndex: 0
2023-05-05 09:12:29,173 [6520bee8-8bdf-48f9-93d9-ec62562c6e83@group-A96105FC7DD3-SegmentedRaftLogWorker] INFO  segmented.SegmentedRaftLogWorker (SegmentedRaftLogWorker.java:run(347)) - 6520bee8-8bdf-48f9-93d9-ec62562c6e83@group-A96105FC7DD3-SegmentedRaftLogWorker was interrupted, exiting. There are 0 tasks remaining in the queue.
2023-05-05 09:12:29,174 [grpc-default-executor-2] WARN  server.GrpcLogAppender (LogUtils.java:warn(122)) - 5ca39de1-525d-4da6-b46f-4f3b09d3711c@group-D11728A34643->6520bee8-8bdf-48f9-93d9-ec62562c6e83-AppendLogResponseHandler: Failed appendEntries: org.apache.ratis.thirdparty.io.grpc.StatusRuntimeException: CANCELLED: RST_STREAM closed stream. HTTP/2 error code: CANCEL
2023-05-05 09:12:29,174 [grpc-default-executor-2] WARN  server.GrpcLogAppender (GrpcLogAppender.java:resetClient(131)) - 5ca39de1-525d-4da6-b46f-4f3b09d3711c@group-D11728A34643->6520bee8-8bdf-48f9-93d9-ec62562c6e83-GrpcLogAppender: Leader has not got in touch with Follower 5ca39de1-525d-4da6-b46f-4f3b09d3711c@group-D11728A34643->6520bee8-8bdf-48f9-93d9-ec62562c6e83(c0,m0,n1, attendVote=true, lastRpcSendTime=880, lastRpcResponseTime=875) yet, just keep nextIndex unchanged and retry.
2023-05-05 09:12:29,174 [grpc-default-executor-3] WARN  server.GrpcServerProtocolService (LogUtils.java:warn(122)) - 6520bee8-8bdf-48f9-93d9-ec62562c6e83: installSnapshot onError, lastRequest: 5ca39de1-525d-4da6-b46f-4f3b09d3711c->6520bee8-8bdf-48f9-93d9-ec62562c6e83#1-t1,previous=(t:0, i:0),leaderCommit=0,initializing? true,entries: size=1, first=(t:1, i:0), CONFIGURATIONENTRY(current:id: "5ca39de1-525d-4da6-b46f-4f3b09d3711c"
address: "10.1.0.42:35995"
priority: 1
dataStreamAddress: "10.1.0.42:38643"
clientAddress: "10.1.0.42:35995"
adminAddress: "10.1.0.42:35995"
startupRole: FOLLOWER
,id: "ee38f84b-8433-476e-8c71-34949542cd2b"
address: "10.1.0.42:33633"
dataStreamAddress: "10.1.0.42:39375"
clientAddress: "10.1.0.42:33633"
adminAddress: "10.1.0.42:33633"
startupRole: FOLLOWER
,id: "6520bee8-8bdf-48f9-93d9-ec62562c6e83"
address: "10.1.0.42:40233"
dataStreamAddress: "10.1.0.42:41833"
clientAddress: "10.1.0.42:40233"
adminAddress: "10.1.0.42:40233"
startupRole: FOLLOWER
, old:): org.apache.ratis.thirdparty.io.grpc.StatusRuntimeException: CANCELLED: client cancelled
2023-05-05 09:12:29,175 [6520bee8-8bdf-48f9-93d9-ec62562c6e83@group-D11728A34643-StateMachineUpdater] INFO  ratis.ContainerStateMachine (ContainerStateMachine.java:takeSnapshot(341)) - group-D11728A34643: Finished taking a snapshot at:(t:1, i:0) file:/home/runner/work/ozone/ozone/hadoop-ozone/integration-test/target/test-dir/MiniOzoneClusterImpl-da0de1e2-202c-4ae6-9300-2fe7d9a9c5f7/datanode-0/data/ratis/36af11ff-bacc-4460-99d7-d11728a34643/sm/snapshot.1_0 took: 2 ms
2023-05-05 09:12:29,175 [6520bee8-8bdf-48f9-93d9-ec62562c6e83@group-D11728A34643-StateMachineUpdater] INFO  impl.StateMachineUpdater (StateMachineUpdater.java:takeSnapshot(287)) - 6520bee8-8bdf-48f9-93d9-ec62562c6e83@group-D11728A34643-StateMachineUpdater: Took a snapshot at index 0
2023-05-05 09:12:29,175 [6520bee8-8bdf-48f9-93d9-ec62562c6e83@group-D11728A34643-StateMachineUpdater] INFO  impl.StateMachineUpdater (StateMachineUpdater.java:lambda$new$0(92)) - 6520bee8-8bdf-48f9-93d9-ec62562c6e83@group-D11728A34643-StateMachineUpdater: snapshotIndex: updateIncreasingly -1 -> 0
2023-05-05 09:12:29,175 [6520bee8-8bdf-48f9-93d9-ec62562c6e83-impl-thread3] INFO  server.RaftServer$Division (ServerState.java:close(466)) - 6520bee8-8bdf-48f9-93d9-ec62562c6e83@group-D11728A34643: closes. applyIndex: 0
2023-05-05 09:12:29,175 [6520bee8-8bdf-48f9-93d9-ec62562c6e83-impl-thread2] INFO  segmented.SegmentedRaftLogWorker (SegmentedRaftLogWorker.java:close(257)) - 6520bee8-8bdf-48f9-93d9-ec62562c6e83@group-A96105FC7DD3-SegmentedRaftLogWorker close()
2023-05-05 09:12:29,175 [6520bee8-8bdf-48f9-93d9-ec62562c6e83@group-D11728A34643-SegmentedRaftLogWorker] INFO  segmented.SegmentedRaftLogWorker (SegmentedRaftLogWorker.java:run(347)) - 6520bee8-8bdf-48f9-93d9-ec62562c6e83@group-D11728A34643-SegmentedRaftLogWorker was interrupted, exiting. There are 0 tasks remaining in the queue.
2023-05-05 09:12:29,175 [6520bee8-8bdf-48f9-93d9-ec62562c6e83-impl-thread3] INFO  segmented.SegmentedRaftLogWorker (SegmentedRaftLogWorker.java:close(257)) - 6520bee8-8bdf-48f9-93d9-ec62562c6e83@group-D11728A34643-SegmentedRaftLogWorker close()
2023-05-05 09:12:29,182 [grpc-default-executor-4] WARN  server.GrpcLogAppender (LogUtils.java:warn(122)) - 5ca39de1-525d-4da6-b46f-4f3b09d3711c@group-D11728A34643->6520bee8-8bdf-48f9-93d9-ec62562c6e83-AppendLogResponseHandler: Failed appendEntries: org.apache.ratis.thirdparty.io.grpc.StatusRuntimeException: CANCELLED: RST_STREAM closed stream. HTTP/2 error code: CANCEL
2023-05-05 09:12:29,182 [grpc-default-executor-4] WARN  server.GrpcLogAppender (GrpcLogAppender.java:resetClient(131)) - 5ca39de1-525d-4da6-b46f-4f3b09d3711c@group-D11728A34643->6520bee8-8bdf-48f9-93d9-ec62562c6e83-GrpcLogAppender: Leader has not got in touch with Follower 5ca39de1-525d-4da6-b46f-4f3b09d3711c@group-D11728A34643->6520bee8-8bdf-48f9-93d9-ec62562c6e83(c0,m0,n1, attendVote=true, lastRpcSendTime=888, lastRpcResponseTime=883) yet, just keep nextIndex unchanged and retry.
2023-05-05 09:12:29,188 [ForkJoinPool.commonPool-worker-1] INFO  server.GrpcServerProtocolClient (GrpcServerProtocolClient.java:close(101)) - ee38f84b-8433-476e-8c71-34949542cd2b Close channels
2023-05-05 09:12:29,195 [Listener at 127.0.0.1/33465] INFO  server.GrpcService (GrpcService.java:closeImpl(280)) - ee38f84b-8433-476e-8c71-34949542cd2b: shutdown server GrpcServerProtocolService successfully
2023-05-05 09:12:29,196 [ForkJoinPool.commonPool-worker-1] INFO  server.GrpcService (GrpcService.java:closeImpl(280)) - 6520bee8-8bdf-48f9-93d9-ec62562c6e83: shutdown server GrpcServerProtocolService successfully
2023-05-05 09:12:29,196 [ee38f84b-8433-476e-8c71-34949542cd2b-NettyServerStreamRpc-bossGroup--thread1] INFO  logging.LoggingHandler (AbstractInternalLogger.java:log(148)) - [id: 0x0c84dfb1, L:/0:0:0:0:0:0:0:0:39375] CLOSE
2023-05-05 09:12:29,196 [6520bee8-8bdf-48f9-93d9-ec62562c6e83-NettyServerStreamRpc-bossGroup--thread1] INFO  logging.LoggingHandler (AbstractInternalLogger.java:log(148)) - [id: 0xb902b819, L:/0:0:0:0:0:0:0:0:41833] CLOSE
2023-05-05 09:12:29,196 [6520bee8-8bdf-48f9-93d9-ec62562c6e83-NettyServerStreamRpc-bossGroup--thread1] INFO  logging.LoggingHandler (AbstractInternalLogger.java:log(148)) - [id: 0xb902b819, L:/0:0:0:0:0:0:0:0:41833] INACTIVE
2023-05-05 09:12:29,196 [6520bee8-8bdf-48f9-93d9-ec62562c6e83-NettyServerStreamRpc-bossGroup--thread1] INFO  logging.LoggingHandler (AbstractInternalLogger.java:log(148)) - [id: 0xb902b819, L:/0:0:0:0:0:0:0:0:41833] UNREGISTERED
2023-05-05 09:12:29,196 [ee38f84b-8433-476e-8c71-34949542cd2b-NettyServerStreamRpc-bossGroup--thread1] INFO  logging.LoggingHandler (AbstractInternalLogger.java:log(148)) - [id: 0x0c84dfb1, L:/0:0:0:0:0:0:0:0:39375] INACTIVE
2023-05-05 09:12:29,196 [ee38f84b-8433-476e-8c71-34949542cd2b-NettyServerStreamRpc-bossGroup--thread1] INFO  logging.LoggingHandler (AbstractInternalLogger.java:log(148)) - [id: 0x0c84dfb1, L:/0:0:0:0:0:0:0:0:39375] UNREGISTERED
2023-05-05 09:12:29,281 [JvmPauseMonitor13] INFO  util.JvmPauseMonitor (JvmPauseMonitor.java:run(111)) - JvmPauseMonitor-6520bee8-8bdf-48f9-93d9-ec62562c6e83: Stopped
2023-05-05 09:12:29,282 [JvmPauseMonitor14] INFO  util.JvmPauseMonitor (JvmPauseMonitor.java:run(111)) - JvmPauseMonitor-ee38f84b-8433-476e-8c71-34949542cd2b: Stopped
2023-05-05 09:12:30,803 [grpc-default-executor-2] WARN  server.GrpcLogAppender (LogUtils.java:warn(122)) - 5ca39de1-525d-4da6-b46f-4f3b09d3711c@group-D11728A34643->ee38f84b-8433-476e-8c71-34949542cd2b-AppendLogResponseHandler: Failed appendEntries: org.apache.ratis.thirdparty.io.grpc.StatusRuntimeException: UNAVAILABLE: io exception
2023-05-05 09:12:30,804 [grpc-default-executor-2] WARN  server.GrpcLogAppender (GrpcLogAppender.java:resetClient(131)) - 5ca39de1-525d-4da6-b46f-4f3b09d3711c@group-D11728A34643->ee38f84b-8433-476e-8c71-34949542cd2b-GrpcLogAppender: Leader has not got in touch with Follower 5ca39de1-525d-4da6-b46f-4f3b09d3711c@group-D11728A34643->ee38f84b-8433-476e-8c71-34949542cd2b(c0,m0,n1, attendVote=true, lastRpcSendTime=2, lastRpcResponseTime=2503) yet, just keep nextIndex unchanged and retry.
2023-05-05 09:12:30,804 [grpc-default-executor-2] WARN  server.GrpcLogAppender (LogUtils.java:warn(122)) - 5ca39de1-525d-4da6-b46f-4f3b09d3711c@group-D11728A34643->ee38f84b-8433-476e-8c71-34949542cd2b-AppendLogResponseHandler: Failed appendEntries: org.apache.ratis.thirdparty.io.grpc.StatusRuntimeException: UNAVAILABLE: io exception
2023-05-05 09:12:30,805 [grpc-default-executor-2] WARN  server.GrpcLogAppender (GrpcLogAppender.java:resetClient(131)) - 5ca39de1-525d-4da6-b46f-4f3b09d3711c@group-D11728A34643->ee38f84b-8433-476e-8c71-34949542cd2b-GrpcLogAppender: Leader has not got in touch with Follower 5ca39de1-525d-4da6-b46f-4f3b09d3711c@group-D11728A34643->ee38f84b-8433-476e-8c71-34949542cd2b(c0,m0,n1, attendVote=true, lastRpcSendTime=3, lastRpcResponseTime=2505) yet, just keep nextIndex unchanged and retry.
2023-05-05 09:12:30,809 [grpc-default-executor-2] WARN  server.GrpcLogAppender (LogUtils.java:warn(122)) - 5ca39de1-525d-4da6-b46f-4f3b09d3711c@group-D11728A34643->6520bee8-8bdf-48f9-93d9-ec62562c6e83-AppendLogResponseHandler: Failed appendEntries: org.apache.ratis.thirdparty.io.grpc.StatusRuntimeException: UNAVAILABLE: io exception
2023-05-05 09:12:30,810 [grpc-default-executor-2] WARN  server.GrpcLogAppender (GrpcLogAppender.java:resetClient(131)) - 5ca39de1-525d-4da6-b46f-4f3b09d3711c@group-D11728A34643->6520bee8-8bdf-48f9-93d9-ec62562c6e83-GrpcLogAppender: Leader has not got in touch with Follower 5ca39de1-525d-4da6-b46f-4f3b09d3711c@group-D11728A34643->6520bee8-8bdf-48f9-93d9-ec62562c6e83(c0,m0,n1, attendVote=true, lastRpcSendTime=2516, lastRpcResponseTime=2511) yet, just keep nextIndex unchanged and retry.
2023-05-05 09:12:30,812 [grpc-default-executor-2] WARN  server.GrpcLogAppender (LogUtils.java:warn(122)) - 5ca39de1-525d-4da6-b46f-4f3b09d3711c@group-D11728A34643->6520bee8-8bdf-48f9-93d9-ec62562c6e83-AppendLogResponseHandler: Failed appendEntries: org.apache.ratis.thirdparty.io.grpc.StatusRuntimeException: UNAVAILABLE: io exception
2023-05-05 09:12:30,812 [grpc-default-executor-2] WARN  server.GrpcLogAppender (GrpcLogAppender.java:resetClient(131)) - 5ca39de1-525d-4da6-b46f-4f3b09d3711c@group-D11728A34643->6520bee8-8bdf-48f9-93d9-ec62562c6e83-GrpcLogAppender: Leader has not got in touch with Follower 5ca39de1-525d-4da6-b46f-4f3b09d3711c@group-D11728A34643->6520bee8-8bdf-48f9-93d9-ec62562c6e83(c0,m0,n1, attendVote=true, lastRpcSendTime=2518, lastRpcResponseTime=2513) yet, just keep nextIndex unchanged and retry.
2023-05-05 09:12:30,813 [grpc-default-executor-2] WARN  server.GrpcLogAppender (LogUtils.java:warn(122)) - 5ca39de1-525d-4da6-b46f-4f3b09d3711c@group-D11728A34643->6520bee8-8bdf-48f9-93d9-ec62562c6e83-AppendLogResponseHandler: Failed appendEntries: org.apache.ratis.thirdparty.io.grpc.StatusRuntimeException: UNAVAILABLE: io exception
2023-05-05 09:12:30,813 [grpc-default-executor-3] WARN  server.GrpcLogAppender (LogUtils.java:warn(122)) - 5ca39de1-525d-4da6-b46f-4f3b09d3711c@group-D11728A34643->6520bee8-8bdf-48f9-93d9-ec62562c6e83-AppendLogResponseHandler: Failed appendEntries: org.apache.ratis.thirdparty.io.grpc.StatusRuntimeException: UNAVAILABLE: io exception
2023-05-05 09:12:30,814 [grpc-default-executor-2] WARN  server.GrpcLogAppender (GrpcLogAppender.java:resetClient(131)) - 5ca39de1-525d-4da6-b46f-4f3b09d3711c@group-D11728A34643->6520bee8-8bdf-48f9-93d9-ec62562c6e83-GrpcLogAppender: Leader has not got in touch with Follower 5ca39de1-525d-4da6-b46f-4f3b09d3711c@group-D11728A34643->6520bee8-8bdf-48f9-93d9-ec62562c6e83(c0,m0,n1, attendVote=true, lastRpcSendTime=2520, lastRpcResponseTime=2515) yet, just keep nextIndex unchanged and retry.
2023-05-05 09:12:30,819 [grpc-default-executor-3] WARN  server.GrpcLogAppender (GrpcLogAppender.java:resetClient(131)) - 5ca39de1-525d-4da6-b46f-4f3b09d3711c@group-D11728A34643->6520bee8-8bdf-48f9-93d9-ec62562c6e83-GrpcLogAppender: Leader has not got in touch with Follower 5ca39de1-525d-4da6-b46f-4f3b09d3711c@group-D11728A34643->6520bee8-8bdf-48f9-93d9-ec62562c6e83(c0,m0,n1, attendVote=true, lastRpcSendTime=2525, lastRpcResponseTime=2520) yet, just keep nextIndex unchanged and retry.
2023-05-05 09:12:30,821 [grpc-default-executor-2] WARN  server.GrpcLogAppender (LogUtils.java:warn(122)) - 5ca39de1-525d-4da6-b46f-4f3b09d3711c@group-D11728A34643->6520bee8-8bdf-48f9-93d9-ec62562c6e83-AppendLogResponseHandler: Failed appendEntries: org.apache.ratis.thirdparty.io.grpc.StatusRuntimeException: UNAVAILABLE: io exception
2023-05-05 09:12:30,821 [grpc-default-executor-3] WARN  server.GrpcLogAppender (LogUtils.java:warn(122)) - 5ca39de1-525d-4da6-b46f-4f3b09d3711c@group-D11728A34643->6520bee8-8bdf-48f9-93d9-ec62562c6e83-AppendLogResponseHandler: Failed appendEntries: org.apache.ratis.thirdparty.io.grpc.StatusRuntimeException: UNAVAILABLE: io exception
2023-05-05 09:12:30,821 [grpc-default-executor-2] WARN  server.GrpcLogAppender (GrpcLogAppender.java:resetClient(131)) - 5ca39de1-525d-4da6-b46f-4f3b09d3711c@group-D11728A34643->6520bee8-8bdf-48f9-93d9-ec62562c6e83-GrpcLogAppender: Leader has not got in touch with Follower 5ca39de1-525d-4da6-b46f-4f3b09d3711c@group-D11728A34643->6520bee8-8bdf-48f9-93d9-ec62562c6e83(c0,m0,n1, attendVote=true, lastRpcSendTime=2527, lastRpcResponseTime=2522) yet, just keep nextIndex unchanged and retry.
2023-05-05 09:12:30,823 [grpc-default-executor-3] WARN  server.GrpcLogAppender (GrpcLogAppender.java:resetClient(131)) - 5ca39de1-525d-4da6-b46f-4f3b09d3711c@group-D11728A34643->6520bee8-8bdf-48f9-93d9-ec62562c6e83-GrpcLogAppender: Leader has not got in touch with Follower 5ca39de1-525d-4da6-b46f-4f3b09d3711c@group-D11728A34643->6520bee8-8bdf-48f9-93d9-ec62562c6e83(c0,m0,n1, attendVote=true, lastRpcSendTime=2529, lastRpcResponseTime=2524) yet, just keep nextIndex unchanged and retry.
2023-05-05 09:12:30,824 [grpc-default-executor-2] WARN  server.GrpcLogAppender (LogUtils.java:warn(122)) - 5ca39de1-525d-4da6-b46f-4f3b09d3711c@group-D11728A34643->6520bee8-8bdf-48f9-93d9-ec62562c6e83-AppendLogResponseHandler: Failed appendEntries: org.apache.ratis.thirdparty.io.grpc.StatusRuntimeException: UNAVAILABLE: io exception
2023-05-05 09:12:30,824 [grpc-default-executor-3] WARN  server.GrpcLogAppender (LogUtils.java:warn(122)) - 5ca39de1-525d-4da6-b46f-4f3b09d3711c@group-D11728A34643->6520bee8-8bdf-48f9-93d9-ec62562c6e83-AppendLogResponseHandler: Failed appendEntries: org.apache.ratis.thirdparty.io.grpc.StatusRuntimeException: UNAVAILABLE: io exception
2023-05-05 09:12:30,825 [grpc-default-executor-2] WARN  server.GrpcLogAppender (GrpcLogAppender.java:resetClient(131)) - 5ca39de1-525d-4da6-b46f-4f3b09d3711c@group-D11728A34643->6520bee8-8bdf-48f9-93d9-ec62562c6e83-GrpcLogAppender: Leader has not got in touch with Follower 5ca39de1-525d-4da6-b46f-4f3b09d3711c@group-D11728A34643->6520bee8-8bdf-48f9-93d9-ec62562c6e83(c0,m0,n1, attendVote=true, lastRpcSendTime=2531, lastRpcResponseTime=2525) yet, just keep nextIndex unchanged and retry.
2023-05-05 09:12:30,826 [grpc-default-executor-3] WARN  server.GrpcLogAppender (GrpcLogAppender.java:resetClient(131)) - 5ca39de1-525d-4da6-b46f-4f3b09d3711c@group-D11728A34643->6520bee8-8bdf-48f9-93d9-ec62562c6e83-GrpcLogAppender: Leader has not got in touch with Follower 5ca39de1-525d-4da6-b46f-4f3b09d3711c@group-D11728A34643->6520bee8-8bdf-48f9-93d9-ec62562c6e83(c0,m0,n1, attendVote=true, lastRpcSendTime=2532, lastRpcResponseTime=2527) yet, just keep nextIndex unchanged and retry.
2023-05-05 09:12:30,827 [grpc-default-executor-2] WARN  server.GrpcLogAppender (LogUtils.java:warn(122)) - 5ca39de1-525d-4da6-b46f-4f3b09d3711c@group-D11728A34643->6520bee8-8bdf-48f9-93d9-ec62562c6e83-AppendLogResponseHandler: Failed appendEntries: org.apache.ratis.thirdparty.io.grpc.StatusRuntimeException: UNAVAILABLE: io exception
2023-05-05 09:12:30,827 [grpc-default-executor-3] WARN  server.GrpcLogAppender (LogUtils.java:warn(122)) - 5ca39de1-525d-4da6-b46f-4f3b09d3711c@group-D11728A34643->6520bee8-8bdf-48f9-93d9-ec62562c6e83-AppendLogResponseHandler: Failed appendEntries: org.apache.ratis.thirdparty.io.grpc.StatusRuntimeException: UNAVAILABLE: io exception
2023-05-05 09:12:30,828 [grpc-default-executor-2] WARN  server.GrpcLogAppender (GrpcLogAppender.java:resetClient(131)) - 5ca39de1-525d-4da6-b46f-4f3b09d3711c@group-D11728A34643->6520bee8-8bdf-48f9-93d9-ec62562c6e83-GrpcLogAppender: Leader has not got in touch with Follower 5ca39de1-525d-4da6-b46f-4f3b09d3711c@group-D11728A34643->6520bee8-8bdf-48f9-93d9-ec62562c6e83(c0,m0,n1, attendVote=true, lastRpcSendTime=2534, lastRpcResponseTime=2529) yet, just keep nextIndex unchanged and retry.
2023-05-05 09:12:30,829 [grpc-default-executor-3] WARN  server.GrpcLogAppender (GrpcLogAppender.java:resetClient(131)) - 5ca39de1-525d-4da6-b46f-4f3b09d3711c@group-D11728A34643->6520bee8-8bdf-48f9-93d9-ec62562c6e83-GrpcLogAppender: Leader has not got in touch with Follower 5ca39de1-525d-4da6-b46f-4f3b09d3711c@group-D11728A34643->6520bee8-8bdf-48f9-93d9-ec62562c6e83(c0,m0,n1, attendVote=true, lastRpcSendTime=2535, lastRpcResponseTime=2530) yet, just keep nextIndex unchanged and retry.
2023-05-05 09:12:30,830 [grpc-default-executor-2] WARN  server.GrpcLogAppender (LogUtils.java:warn(122)) - 5ca39de1-525d-4da6-b46f-4f3b09d3711c@group-D11728A34643->6520bee8-8bdf-48f9-93d9-ec62562c6e83-AppendLogResponseHandler: Failed appendEntries: org.apache.ratis.thirdparty.io.grpc.StatusRuntimeException: UNAVAILABLE: io exception
2023-05-05 09:12:30,830 [grpc-default-executor-3] WARN  server.GrpcLogAppender (LogUtils.java:warn(122)) - 5ca39de1-525d-4da6-b46f-4f3b09d3711c@group-D11728A34643->6520bee8-8bdf-48f9-93d9-ec62562c6e83-AppendLogResponseHandler: Failed appendEntries: org.apache.ratis.thirdparty.io.grpc.StatusRuntimeException: UNAVAILABLE: io exception
2023-05-05 09:12:30,831 [grpc-default-executor-2] WARN  server.GrpcLogAppender (GrpcLogAppender.java:resetClient(131)) - 5ca39de1-525d-4da6-b46f-4f3b09d3711c@group-D11728A34643->6520bee8-8bdf-48f9-93d9-ec62562c6e83-GrpcLogAppender: Leader has not got in touch with Follower 5ca39de1-525d-4da6-b46f-4f3b09d3711c@group-D11728A34643->6520bee8-8bdf-48f9-93d9-ec62562c6e83(c0,m0,n1, attendVote=true, lastRpcSendTime=2537, lastRpcResponseTime=2532) yet, just keep nextIndex unchanged and retry.
2023-05-05 09:12:30,832 [grpc-default-executor-3] WARN  server.GrpcLogAppender (GrpcLogAppender.java:resetClient(131)) - 5ca39de1-525d-4da6-b46f-4f3b09d3711c@group-D11728A34643->6520bee8-8bdf-48f9-93d9-ec62562c6e83-GrpcLogAppender: Leader has not got in touch with Follower 5ca39de1-525d-4da6-b46f-4f3b09d3711c@group-D11728A34643->6520bee8-8bdf-48f9-93d9-ec62562c6e83(c0,m0,n1, attendVote=true, lastRpcSendTime=2538, lastRpcResponseTime=2533) yet, just keep nextIndex unchanged and retry.
2023-05-05 09:12:30,833 [grpc-default-executor-2] WARN  server.GrpcLogAppender (LogUtils.java:warn(122)) - 5ca39de1-525d-4da6-b46f-4f3b09d3711c@group-D11728A34643->6520bee8-8bdf-48f9-93d9-ec62562c6e83-AppendLogResponseHandler: Failed appendEntries: org.apache.ratis.thirdparty.io.grpc.StatusRuntimeException: UNAVAILABLE: io exception
2023-05-05 09:12:30,833 [grpc-default-executor-3] WARN  server.GrpcLogAppender (LogUtils.java:warn(122)) - 5ca39de1-525d-4da6-b46f-4f3b09d3711c@group-D11728A34643->6520bee8-8bdf-48f9-93d9-ec62562c6e83-AppendLogResponseHandler: Failed appendEntries: org.apache.ratis.thirdparty.io.grpc.StatusRuntimeException: UNAVAILABLE: io exception
2023-05-05 09:12:30,834 [grpc-default-executor-2] WARN  server.GrpcLogAppender (GrpcLogAppender.java:resetClient(131)) - 5ca39de1-525d-4da6-b46f-4f3b09d3711c@group-D11728A34643->6520bee8-8bdf-48f9-93d9-ec62562c6e83-GrpcLogAppender: Leader has not got in touch with Follower 5ca39de1-525d-4da6-b46f-4f3b09d3711c@group-D11728A34643->6520bee8-8bdf-48f9-93d9-ec62562c6e83(c0,m0,n1, attendVote=true, lastRpcSendTime=0, lastRpcResponseTime=2535) yet, just keep nextIndex unchanged and retry.
2023-05-05 09:12:30,837 [grpc-default-executor-3] WARN  server.GrpcLogAppender (GrpcLogAppender.java:resetClient(131)) - 5ca39de1-525d-4da6-b46f-4f3b09d3711c@group-D11728A34643->6520bee8-8bdf-48f9-93d9-ec62562c6e83-GrpcLogAppender: Leader has not got in touch with Follower 5ca39de1-525d-4da6-b46f-4f3b09d3711c@group-D11728A34643->6520bee8-8bdf-48f9-93d9-ec62562c6e83(c0,m0,n1, attendVote=true, lastRpcSendTime=3, lastRpcResponseTime=2538) yet, just keep nextIndex unchanged and retry.
2023-05-05 09:12:31,348 [Listener at 127.0.0.1/33465] INFO  volume.HddsVolume (HddsVolume.java:closeDbStore(437)) - SchemaV3 db is stopped at /home/runner/work/ozone/ozone/hadoop-ozone/integration-test/target/test-dir/MiniOzoneClusterImpl-da0de1e2-202c-4ae6-9300-2fe7d9a9c5f7/datanode-1/data-0/containers/hdds/da0de1e2-202c-4ae6-9300-2fe7d9a9c5f7/DS-ecb2d0e2-b0fc-44e8-81ed-3ae2a70d214f/container.db for volume DS-ecb2d0e2-b0fc-44e8-81ed-3ae2a70d214f
2023-05-05 09:12:31,349 [Listener at 127.0.0.1/33465] INFO  utils.BackgroundService (BackgroundService.java:shutdown(141)) - Shutting down service BlockDeletingService
2023-05-05 09:12:31,352 [Listener at 127.0.0.1/33465] INFO  utils.BackgroundService (BackgroundService.java:shutdown(141)) - Shutting down service StaleRecoveringContainerScrubbingService
2023-05-05 09:12:31,360 [ForkJoinPool.commonPool-worker-1] INFO  volume.HddsVolume (HddsVolume.java:closeDbStore(437)) - SchemaV3 db is stopped at /home/runner/work/ozone/ozone/hadoop-ozone/integration-test/target/test-dir/MiniOzoneClusterImpl-da0de1e2-202c-4ae6-9300-2fe7d9a9c5f7/datanode-0/data-0/containers/hdds/da0de1e2-202c-4ae6-9300-2fe7d9a9c5f7/DS-086a400f-f642-42d2-abf1-b4a614206785/container.db for volume DS-086a400f-f642-42d2-abf1-b4a614206785
2023-05-05 09:12:31,360 [Listener at 127.0.0.1/33465] INFO  statemachine.DatanodeStateMachine (DatanodeStateMachine.java:stopDaemon(608)) - Ozone container server stopped.
2023-05-05 09:12:31,364 [ForkJoinPool.commonPool-worker-1] INFO  utils.BackgroundService (BackgroundService.java:shutdown(141)) - Shutting down service BlockDeletingService
2023-05-05 09:12:31,365 [ForkJoinPool.commonPool-worker-1] INFO  utils.BackgroundService (BackgroundService.java:shutdown(141)) - Shutting down service StaleRecoveringContainerScrubbingService
2023-05-05 09:12:31,381 [Listener at 127.0.0.1/33465] INFO  handler.ContextHandler (ContextHandler.java:doStop(1159)) - Stopped o.e.j.w.WebAppContext@69f02035{hddsDatanode,/,null,STOPPED}{jar:file:/home/runner/.m2/repository/org/apache/ozone/hdds-container-service/1.4.0-SNAPSHOT/hdds-container-service-1.4.0-SNAPSHOT.jar!/webapps/hddsDatanode}
2023-05-05 09:12:31,382 [ForkJoinPool.commonPool-worker-1] INFO  statemachine.DatanodeStateMachine (DatanodeStateMachine.java:stopDaemon(608)) - Ozone container server stopped.
2023-05-05 09:12:31,395 [Listener at 127.0.0.1/33465] INFO  server.AbstractConnector (AbstractConnector.java:doStop(383)) - Stopped ServerConnector@1de2bd3f{HTTP/1.1, (http/1.1)}{0.0.0.0:0}
2023-05-05 09:12:31,395 [Listener at 127.0.0.1/33465] INFO  server.session (HouseKeeper.java:stopScavenging(149)) - node0 Stopped scavenging
2023-05-05 09:12:31,397 [Listener at 127.0.0.1/33465] INFO  handler.ContextHandler (ContextHandler.java:doStop(1159)) - Stopped o.e.j.s.ServletContextHandler@10efc98a{static,/static,jar:file:/home/runner/.m2/repository/org/apache/ozone/hdds-container-service/1.4.0-SNAPSHOT/hdds-container-service-1.4.0-SNAPSHOT.jar!/webapps/static,STOPPED}
2023-05-05 09:12:31,398 [Listener at 127.0.0.1/33465] INFO  handler.ContextHandler (ContextHandler.java:doStop(1159)) - Stopped o.e.j.s.ServletContextHandler@49ea3924{logs,/logs,file:///home/runner/work/ozone/ozone/hadoop-ozone/integration-test/target/log,STOPPED}
2023-05-05 09:12:31,402 [ForkJoinPool.commonPool-worker-1] INFO  handler.ContextHandler (ContextHandler.java:doStop(1159)) - Stopped o.e.j.w.WebAppContext@15202bb4{hddsDatanode,/,null,STOPPED}{jar:file:/home/runner/.m2/repository/org/apache/ozone/hdds-container-service/1.4.0-SNAPSHOT/hdds-container-service-1.4.0-SNAPSHOT.jar!/webapps/hddsDatanode}
2023-05-05 09:12:31,409 [ForkJoinPool.commonPool-worker-1] INFO  server.AbstractConnector (AbstractConnector.java:doStop(383)) - Stopped ServerConnector@7fa4f2a0{HTTP/1.1, (http/1.1)}{0.0.0.0:0}
2023-05-05 09:12:31,409 [ForkJoinPool.commonPool-worker-1] INFO  server.session (HouseKeeper.java:stopScavenging(149)) - node0 Stopped scavenging
2023-05-05 09:12:31,413 [ForkJoinPool.commonPool-worker-1] INFO  handler.ContextHandler (ContextHandler.java:doStop(1159)) - Stopped o.e.j.s.ServletContextHandler@10715b9b{static,/static,jar:file:/home/runner/.m2/repository/org/apache/ozone/hdds-container-service/1.4.0-SNAPSHOT/hdds-container-service-1.4.0-SNAPSHOT.jar!/webapps/static,STOPPED}
2023-05-05 09:12:31,413 [ForkJoinPool.commonPool-worker-1] INFO  handler.ContextHandler (ContextHandler.java:doStop(1159)) - Stopped o.e.j.s.ServletContextHandler@7b6da49{logs,/logs,file:///home/runner/work/ozone/ozone/hadoop-ozone/integration-test/target/log,STOPPED}
2023-05-05 09:12:31,420 [ForkJoinPool.commonPool-worker-1] INFO  ozoneimpl.OzoneContainer (OzoneContainer.java:stop(419)) - Attempting to stop container services.
2023-05-05 09:12:31,421 [ForkJoinPool.commonPool-worker-1] INFO  server.RaftServer (RaftServerProxy.java:lambda$close$6(409)) - 5ca39de1-525d-4da6-b46f-4f3b09d3711c: close
2023-05-05 09:12:31,421 [5ca39de1-525d-4da6-b46f-4f3b09d3711c-impl-thread1] INFO  server.RaftServer$Division (RaftServerImpl.java:lambda$close$4(458)) - 5ca39de1-525d-4da6-b46f-4f3b09d3711c@group-4C3C251172CF: shutdown
2023-05-05 09:12:31,421 [5ca39de1-525d-4da6-b46f-4f3b09d3711c-impl-thread1] INFO  util.JmxRegister (JmxRegister.java:unregister(73)) - Successfully un-registered JMX Bean with object name Ratis:service=RaftServer,group=group-4C3C251172CF,id=5ca39de1-525d-4da6-b46f-4f3b09d3711c
2023-05-05 09:12:31,421 [5ca39de1-525d-4da6-b46f-4f3b09d3711c-impl-thread1] INFO  impl.RoleInfo (RoleInfo.java:shutdownFollowerState(110)) - 5ca39de1-525d-4da6-b46f-4f3b09d3711c: shutdown 5ca39de1-525d-4da6-b46f-4f3b09d3711c@group-4C3C251172CF-FollowerState
2023-05-05 09:12:31,423 [5ca39de1-525d-4da6-b46f-4f3b09d3711c-impl-thread2] INFO  server.RaftServer$Division (RaftServerImpl.java:lambda$close$4(458)) - 5ca39de1-525d-4da6-b46f-4f3b09d3711c@group-89AED4CB039F: shutdown
2023-05-05 09:12:31,423 [5ca39de1-525d-4da6-b46f-4f3b09d3711c-impl-thread2] INFO  util.JmxRegister (JmxRegister.java:unregister(73)) - Successfully un-registered JMX Bean with object name Ratis:service=RaftServer,group=group-89AED4CB039F,id=5ca39de1-525d-4da6-b46f-4f3b09d3711c
2023-05-05 09:12:31,423 [5ca39de1-525d-4da6-b46f-4f3b09d3711c-impl-thread2] INFO  impl.RoleInfo (RoleInfo.java:shutdownLeaderState(93)) - 5ca39de1-525d-4da6-b46f-4f3b09d3711c: shutdown 5ca39de1-525d-4da6-b46f-4f3b09d3711c@group-89AED4CB039F-LeaderStateImpl
2023-05-05 09:12:31,423 [5ca39de1-525d-4da6-b46f-4f3b09d3711c-impl-thread2] INFO  impl.PendingRequests (PendingRequests.java:sendNotLeaderResponses(282)) - 5ca39de1-525d-4da6-b46f-4f3b09d3711c@group-89AED4CB039F-PendingRequests: sendNotLeaderResponses
2023-05-05 09:12:31,424 [5ca39de1-525d-4da6-b46f-4f3b09d3711c-impl-thread2] INFO  impl.StateMachineUpdater (StateMachineUpdater.java:stopAndJoin(153)) - 5ca39de1-525d-4da6-b46f-4f3b09d3711c@group-89AED4CB039F-StateMachineUpdater: set stopIndex = 0
2023-05-05 09:12:31,424 [5ca39de1-525d-4da6-b46f-4f3b09d3711c@group-89AED4CB039F-StateMachineUpdater] INFO  ratis.ContainerStateMachine (ContainerStateMachine.java:takeSnapshot(330)) - group-89AED4CB039F: Taking a snapshot at:(t:1, i:0) file /home/runner/work/ozone/ozone/hadoop-ozone/integration-test/target/test-dir/MiniOzoneClusterImpl-da0de1e2-202c-4ae6-9300-2fe7d9a9c5f7/datanode-2/data/ratis/79861fcd-7e94-47f1-9a81-89aed4cb039f/sm/snapshot.1_0
2023-05-05 09:12:31,425 [5ca39de1-525d-4da6-b46f-4f3b09d3711c@group-89AED4CB039F-StateMachineUpdater] INFO  ratis.ContainerStateMachine (ContainerStateMachine.java:takeSnapshot(341)) - group-89AED4CB039F: Finished taking a snapshot at:(t:1, i:0) file:/home/runner/work/ozone/ozone/hadoop-ozone/integration-test/target/test-dir/MiniOzoneClusterImpl-da0de1e2-202c-4ae6-9300-2fe7d9a9c5f7/datanode-2/data/ratis/79861fcd-7e94-47f1-9a81-89aed4cb039f/sm/snapshot.1_0 took: 2 ms
2023-05-05 09:12:31,425 [5ca39de1-525d-4da6-b46f-4f3b09d3711c@group-89AED4CB039F-StateMachineUpdater] INFO  impl.StateMachineUpdater (StateMachineUpdater.java:takeSnapshot(287)) - 5ca39de1-525d-4da6-b46f-4f3b09d3711c@group-89AED4CB039F-StateMachineUpdater: Took a snapshot at index 0
2023-05-05 09:12:31,425 [5ca39de1-525d-4da6-b46f-4f3b09d3711c@group-89AED4CB039F-StateMachineUpdater] INFO  impl.StateMachineUpdater (StateMachineUpdater.java:lambda$new$0(92)) - 5ca39de1-525d-4da6-b46f-4f3b09d3711c@group-89AED4CB039F-StateMachineUpdater: snapshotIndex: updateIncreasingly -1 -> 0
2023-05-05 09:12:31,428 [5ca39de1-525d-4da6-b46f-4f3b09d3711c-impl-thread2] INFO  server.RaftServer$Division (ServerState.java:close(466)) - 5ca39de1-525d-4da6-b46f-4f3b09d3711c@group-89AED4CB039F: closes. applyIndex: 0
2023-05-05 09:12:31,431 [ForkJoinPool.commonPool-worker-1] INFO  server.GrpcService (GrpcService.java:closeImpl(271)) - 5ca39de1-525d-4da6-b46f-4f3b09d3711c: shutdown server GrpcServerProtocolService now
2023-05-05 09:12:31,432 [ForkJoinPool.commonPool-worker-1] INFO  server.GrpcServerProtocolClient (GrpcServerProtocolClient.java:close(101)) - ee38f84b-8433-476e-8c71-34949542cd2b Close channels
2023-05-05 09:12:31,432 [5ca39de1-525d-4da6-b46f-4f3b09d3711c-impl-thread3] INFO  server.RaftServer$Division (RaftServerImpl.java:lambda$close$4(458)) - 5ca39de1-525d-4da6-b46f-4f3b09d3711c@group-D11728A34643: shutdown
2023-05-05 09:12:31,432 [5ca39de1-525d-4da6-b46f-4f3b09d3711c-impl-thread3] INFO  util.JmxRegister (JmxRegister.java:unregister(73)) - Successfully un-registered JMX Bean with object name Ratis:service=RaftServer,group=group-D11728A34643,id=5ca39de1-525d-4da6-b46f-4f3b09d3711c
2023-05-05 09:12:31,432 [5ca39de1-525d-4da6-b46f-4f3b09d3711c-impl-thread3] INFO  impl.RoleInfo (RoleInfo.java:shutdownLeaderState(93)) - 5ca39de1-525d-4da6-b46f-4f3b09d3711c: shutdown 5ca39de1-525d-4da6-b46f-4f3b09d3711c@group-D11728A34643-LeaderStateImpl
2023-05-05 09:12:31,441 [ForkJoinPool.commonPool-worker-1] INFO  server.GrpcServerProtocolClient (GrpcServerProtocolClient.java:close(101)) - 6520bee8-8bdf-48f9-93d9-ec62562c6e83 Close channels
2023-05-05 09:12:31,441 [5ca39de1-525d-4da6-b46f-4f3b09d3711c@group-89AED4CB039F-SegmentedRaftLogWorker] INFO  segmented.SegmentedRaftLogWorker (SegmentedRaftLogWorker.java:run(347)) - 5ca39de1-525d-4da6-b46f-4f3b09d3711c@group-89AED4CB039F-SegmentedRaftLogWorker was interrupted, exiting. There are 0 tasks remaining in the queue.
2023-05-05 09:12:31,441 [5ca39de1-525d-4da6-b46f-4f3b09d3711c-impl-thread2] INFO  segmented.SegmentedRaftLogWorker (SegmentedRaftLogWorker.java:close(257)) - 5ca39de1-525d-4da6-b46f-4f3b09d3711c@group-89AED4CB039F-SegmentedRaftLogWorker close()
2023-05-05 09:12:31,441 [5ca39de1-525d-4da6-b46f-4f3b09d3711c-impl-thread1] INFO  impl.StateMachineUpdater (StateMachineUpdater.java:stopAndJoin(153)) - 5ca39de1-525d-4da6-b46f-4f3b09d3711c@group-4C3C251172CF-StateMachineUpdater: set stopIndex = -1
2023-05-05 09:12:31,441 [5ca39de1-525d-4da6-b46f-4f3b09d3711c@group-4C3C251172CF-FollowerState] INFO  impl.FollowerState (FollowerState.java:run(152)) - 5ca39de1-525d-4da6-b46f-4f3b09d3711c@group-4C3C251172CF-FollowerState was interrupted
2023-05-05 09:12:31,448 [5ca39de1-525d-4da6-b46f-4f3b09d3711c-impl-thread1] INFO  server.RaftServer$Division (ServerState.java:close(466)) - 5ca39de1-525d-4da6-b46f-4f3b09d3711c@group-4C3C251172CF: closes. applyIndex: -1
2023-05-05 09:12:31,448 [ForkJoinPool.commonPool-worker-1] INFO  server.GrpcService (GrpcService.java:closeImpl(280)) - 5ca39de1-525d-4da6-b46f-4f3b09d3711c: shutdown server GrpcServerProtocolService successfully
2023-05-05 09:12:31,448 [5ca39de1-525d-4da6-b46f-4f3b09d3711c@group-4C3C251172CF-SegmentedRaftLogWorker] INFO  segmented.SegmentedRaftLogWorker (SegmentedRaftLogWorker.java:run(347)) - 5ca39de1-525d-4da6-b46f-4f3b09d3711c@group-4C3C251172CF-SegmentedRaftLogWorker was interrupted, exiting. There are 0 tasks remaining in the queue.
2023-05-05 09:12:31,449 [5ca39de1-525d-4da6-b46f-4f3b09d3711c-NettyServerStreamRpc-bossGroup--thread1] INFO  logging.LoggingHandler (AbstractInternalLogger.java:log(148)) - [id: 0x42392533, L:/0:0:0:0:0:0:0:0:38643] CLOSE
2023-05-05 09:12:31,449 [5ca39de1-525d-4da6-b46f-4f3b09d3711c-NettyServerStreamRpc-bossGroup--thread1] INFO  logging.LoggingHandler (AbstractInternalLogger.java:log(148)) - [id: 0x42392533, L:/0:0:0:0:0:0:0:0:38643] INACTIVE
2023-05-05 09:12:31,449 [5ca39de1-525d-4da6-b46f-4f3b09d3711c-NettyServerStreamRpc-bossGroup--thread1] INFO  logging.LoggingHandler (AbstractInternalLogger.java:log(148)) - [id: 0x42392533, L:/0:0:0:0:0:0:0:0:38643] UNREGISTERED
2023-05-05 09:12:31,442 [5ca39de1-525d-4da6-b46f-4f3b09d3711c-impl-thread3] INFO  impl.PendingRequests (PendingRequests.java:sendNotLeaderResponses(282)) - 5ca39de1-525d-4da6-b46f-4f3b09d3711c@group-D11728A34643-PendingRequests: sendNotLeaderResponses
2023-05-05 09:12:31,449 [5ca39de1-525d-4da6-b46f-4f3b09d3711c-impl-thread1] INFO  segmented.SegmentedRaftLogWorker (SegmentedRaftLogWorker.java:close(257)) - 5ca39de1-525d-4da6-b46f-4f3b09d3711c@group-4C3C251172CF-SegmentedRaftLogWorker close()
2023-05-05 09:12:31,451 [5ca39de1-525d-4da6-b46f-4f3b09d3711c@group-D11728A34643-StateMachineUpdater] INFO  ratis.ContainerStateMachine (ContainerStateMachine.java:takeSnapshot(330)) - group-D11728A34643: Taking a snapshot at:(t:1, i:0) file /home/runner/work/ozone/ozone/hadoop-ozone/integration-test/target/test-dir/MiniOzoneClusterImpl-da0de1e2-202c-4ae6-9300-2fe7d9a9c5f7/datanode-2/data/ratis/36af11ff-bacc-4460-99d7-d11728a34643/sm/snapshot.1_0
2023-05-05 09:12:31,451 [5ca39de1-525d-4da6-b46f-4f3b09d3711c-impl-thread3] INFO  impl.StateMachineUpdater (StateMachineUpdater.java:stopAndJoin(153)) - 5ca39de1-525d-4da6-b46f-4f3b09d3711c@group-D11728A34643-StateMachineUpdater: set stopIndex = 0
2023-05-05 09:12:31,452 [5ca39de1-525d-4da6-b46f-4f3b09d3711c@group-D11728A34643-StateMachineUpdater] INFO  ratis.ContainerStateMachine (ContainerStateMachine.java:takeSnapshot(341)) - group-D11728A34643: Finished taking a snapshot at:(t:1, i:0) file:/home/runner/work/ozone/ozone/hadoop-ozone/integration-test/target/test-dir/MiniOzoneClusterImpl-da0de1e2-202c-4ae6-9300-2fe7d9a9c5f7/datanode-2/data/ratis/36af11ff-bacc-4460-99d7-d11728a34643/sm/snapshot.1_0 took: 1 ms
2023-05-05 09:12:31,452 [5ca39de1-525d-4da6-b46f-4f3b09d3711c@group-D11728A34643-StateMachineUpdater] INFO  impl.StateMachineUpdater (StateMachineUpdater.java:takeSnapshot(287)) - 5ca39de1-525d-4da6-b46f-4f3b09d3711c@group-D11728A34643-StateMachineUpdater: Took a snapshot at index 0
2023-05-05 09:12:31,452 [5ca39de1-525d-4da6-b46f-4f3b09d3711c@group-D11728A34643-StateMachineUpdater] INFO  impl.StateMachineUpdater (StateMachineUpdater.java:lambda$new$0(92)) - 5ca39de1-525d-4da6-b46f-4f3b09d3711c@group-D11728A34643-StateMachineUpdater: snapshotIndex: updateIncreasingly -1 -> 0
2023-05-05 09:12:31,452 [5ca39de1-525d-4da6-b46f-4f3b09d3711c-impl-thread3] INFO  server.RaftServer$Division (ServerState.java:close(466)) - 5ca39de1-525d-4da6-b46f-4f3b09d3711c@group-D11728A34643: closes. applyIndex: 0
2023-05-05 09:12:31,461 [5ca39de1-525d-4da6-b46f-4f3b09d3711c@group-D11728A34643-SegmentedRaftLogWorker] INFO  segmented.SegmentedRaftLogWorker (SegmentedRaftLogWorker.java:run(347)) - 5ca39de1-525d-4da6-b46f-4f3b09d3711c@group-D11728A34643-SegmentedRaftLogWorker was interrupted, exiting. There are 0 tasks remaining in the queue.
2023-05-05 09:12:31,462 [5ca39de1-525d-4da6-b46f-4f3b09d3711c-impl-thread3] INFO  segmented.SegmentedRaftLogWorker (SegmentedRaftLogWorker.java:close(257)) - 5ca39de1-525d-4da6-b46f-4f3b09d3711c@group-D11728A34643-SegmentedRaftLogWorker close()
2023-05-05 09:12:31,464 [JvmPauseMonitor15] INFO  util.JvmPauseMonitor (JvmPauseMonitor.java:run(111)) - JvmPauseMonitor-5ca39de1-525d-4da6-b46f-4f3b09d3711c: Stopped
2023-05-05 09:12:33,471 [ForkJoinPool.commonPool-worker-1] INFO  volume.HddsVolume (HddsVolume.java:closeDbStore(437)) - SchemaV3 db is stopped at /home/runner/work/ozone/ozone/hadoop-ozone/integration-test/target/test-dir/MiniOzoneClusterImpl-da0de1e2-202c-4ae6-9300-2fe7d9a9c5f7/datanode-2/data-0/containers/hdds/da0de1e2-202c-4ae6-9300-2fe7d9a9c5f7/DS-313afc53-94c2-4d19-a48e-62274ab1993c/container.db for volume DS-313afc53-94c2-4d19-a48e-62274ab1993c
2023-05-05 09:12:33,472 [ForkJoinPool.commonPool-worker-1] INFO  utils.BackgroundService (BackgroundService.java:shutdown(141)) - Shutting down service BlockDeletingService
2023-05-05 09:12:33,472 [ForkJoinPool.commonPool-worker-1] INFO  utils.BackgroundService (BackgroundService.java:shutdown(141)) - Shutting down service StaleRecoveringContainerScrubbingService
2023-05-05 09:12:33,477 [ForkJoinPool.commonPool-worker-1] INFO  statemachine.DatanodeStateMachine (DatanodeStateMachine.java:stopDaemon(608)) - Ozone container server stopped.
2023-05-05 09:12:33,491 [ForkJoinPool.commonPool-worker-1] INFO  handler.ContextHandler (ContextHandler.java:doStop(1159)) - Stopped o.e.j.w.WebAppContext@33970245{hddsDatanode,/,null,STOPPED}{jar:file:/home/runner/.m2/repository/org/apache/ozone/hdds-container-service/1.4.0-SNAPSHOT/hdds-container-service-1.4.0-SNAPSHOT.jar!/webapps/hddsDatanode}
2023-05-05 09:12:33,491 [ForkJoinPool.commonPool-worker-1] INFO  server.AbstractConnector (AbstractConnector.java:doStop(383)) - Stopped ServerConnector@4e65068f{HTTP/1.1, (http/1.1)}{0.0.0.0:0}
2023-05-05 09:12:33,492 [ForkJoinPool.commonPool-worker-1] INFO  server.session (HouseKeeper.java:stopScavenging(149)) - node0 Stopped scavenging
2023-05-05 09:12:33,493 [ForkJoinPool.commonPool-worker-1] INFO  handler.ContextHandler (ContextHandler.java:doStop(1159)) - Stopped o.e.j.s.ServletContextHandler@37d72107{static,/static,jar:file:/home/runner/.m2/repository/org/apache/ozone/hdds-container-service/1.4.0-SNAPSHOT/hdds-container-service-1.4.0-SNAPSHOT.jar!/webapps/static,STOPPED}
2023-05-05 09:12:33,494 [ForkJoinPool.commonPool-worker-1] INFO  handler.ContextHandler (ContextHandler.java:doStop(1159)) - Stopped o.e.j.s.ServletContextHandler@692511b{logs,/logs,file:///home/runner/work/ozone/ozone/hadoop-ozone/integration-test/target/log,STOPPED}
2023-05-05 09:12:33,496 [Listener at 127.0.0.1/33465] INFO  ozone.MiniOzoneClusterImpl (MiniOzoneClusterImpl.java:stopSCM(552)) - Stopping the StorageContainerManager
2023-05-05 09:12:33,496 [Listener at 127.0.0.1/33465] INFO  server.StorageContainerManager (StorageContainerManager.java:stop(1578)) - Container Balancer is not running.
2023-05-05 09:12:33,496 [Listener at 127.0.0.1/33465] INFO  server.StorageContainerManager (StorageContainerManager.java:stopReplicationManager(1709)) - Stopping Replication Manager Service.
2023-05-05 09:12:33,496 [Listener at 127.0.0.1/33465] INFO  replication.ReplicationManager (ReplicationManager.java:stop(326)) - Stopping Replication Monitor Thread.
2023-05-05 09:12:33,496 [Listener at 127.0.0.1/33465] INFO  server.StorageContainerManager (StorageContainerManager.java:stop(1587)) - Stopping the Datanode Admin Monitor.
2023-05-05 09:12:33,496 [Over Replicated Processor] WARN  replication.UnhealthyReplicationProcessor (UnhealthyReplicationProcessor.java:run(167)) - Over Replicated Processor interrupted. Exiting...
2023-05-05 09:12:33,496 [Under Replicated Processor] WARN  replication.UnhealthyReplicationProcessor (UnhealthyReplicationProcessor.java:run(167)) - Under Replicated Processor interrupted. Exiting...
2023-05-05 09:12:33,496 [ReplicationMonitor] INFO  replication.ReplicationManager (ReplicationManager.java:run(937)) - Replication Monitor Thread is stopped
2023-05-05 09:12:33,496 [Listener at 127.0.0.1/33465] INFO  server.StorageContainerManager (StorageContainerManager.java:stop(1594)) - Stopping datanode service RPC server
2023-05-05 09:12:33,497 [Listener at 127.0.0.1/33465] INFO  server.SCMDatanodeProtocolServer (SCMDatanodeProtocolServer.java:stop(424)) - Stopping the RPC server for DataNodes
2023-05-05 09:12:33,497 [Listener at 127.0.0.1/33465] INFO  ipc.Server (Server.java:stop(3501)) - Stopping server on 34253
2023-05-05 09:12:33,498 [IPC Server Responder] INFO  ipc.Server (Server.java:run(1563)) - Stopping IPC Server Responder
2023-05-05 09:12:33,498 [IPC Server listener on 0] INFO  ipc.Server (Server.java:run(1430)) - Stopping IPC Server listener on 0
2023-05-05 09:12:33,531 [SCM Heartbeat Processing Thread - 0] WARN  node.NodeStateManager (NodeStateManager.java:scheduleNextHealthCheck(870)) - Current Thread is interrupted, shutting down HB processing thread for Node Manager.
2023-05-05 09:12:33,532 [Listener at 127.0.0.1/33465] INFO  server.StorageContainerManager (StorageContainerManager.java:stop(1602)) - Stopping block service RPC server
2023-05-05 09:12:33,532 [Listener at 127.0.0.1/33465] INFO  server.SCMBlockProtocolServer (SCMBlockProtocolServer.java:stop(161)) - Stopping the RPC server for Block Protocol
2023-05-05 09:12:33,532 [Listener at 127.0.0.1/33465] INFO  ipc.Server (Server.java:stop(3501)) - Stopping server on 34631
2023-05-05 09:12:33,534 [IPC Server listener on 0] INFO  ipc.Server (Server.java:run(1430)) - Stopping IPC Server listener on 0
2023-05-05 09:12:33,535 [IPC Server Responder] INFO  ipc.Server (Server.java:run(1563)) - Stopping IPC Server Responder
2023-05-05 09:12:33,536 [Listener at 127.0.0.1/33465] INFO  server.StorageContainerManager (StorageContainerManager.java:stop(1609)) - Stopping the StorageContainerLocationProtocol RPC server
2023-05-05 09:12:33,536 [Listener at 127.0.0.1/33465] INFO  server.SCMClientProtocolServer (SCMClientProtocolServer.java:stop(208)) - Stopping the RPC server for Client Protocol
2023-05-05 09:12:33,536 [Listener at 127.0.0.1/33465] INFO  ipc.Server (Server.java:stop(3501)) - Stopping server on 44021
2023-05-05 09:12:33,538 [IPC Server listener on 0] INFO  ipc.Server (Server.java:run(1430)) - Stopping IPC Server listener on 0
2023-05-05 09:12:33,540 [IPC Server Responder] INFO  ipc.Server (Server.java:run(1563)) - Stopping IPC Server Responder
2023-05-05 09:12:33,541 [Listener at 127.0.0.1/33465] INFO  server.StorageContainerManager (StorageContainerManager.java:stop(1616)) - Stopping Storage Container Manager HTTP server.
2023-05-05 09:12:33,543 [Listener at 127.0.0.1/33465] INFO  handler.ContextHandler (ContextHandler.java:doStop(1159)) - Stopped o.e.j.w.WebAppContext@db1b5f8{scm,/,null,STOPPED}{file:/home/runner/work/ozone/ozone/hadoop-ozone/integration-test/target/test-classes/webapps/scm}
2023-05-05 09:12:33,543 [Listener at 127.0.0.1/33465] INFO  server.AbstractConnector (AbstractConnector.java:doStop(383)) - Stopped ServerConnector@6a91dcce{HTTP/1.1, (http/1.1)}{0.0.0.0:0}
2023-05-05 09:12:33,543 [Listener at 127.0.0.1/33465] INFO  server.session (HouseKeeper.java:stopScavenging(149)) - node0 Stopped scavenging
2023-05-05 09:12:33,543 [Listener at 127.0.0.1/33465] INFO  handler.ContextHandler (ContextHandler.java:doStop(1159)) - Stopped o.e.j.s.ServletContextHandler@5f1c0588{static,/static,file:///home/runner/work/ozone/ozone/hadoop-ozone/integration-test/target/test-classes/webapps/static,STOPPED}
2023-05-05 09:12:33,543 [Listener at 127.0.0.1/33465] INFO  handler.ContextHandler (ContextHandler.java:doStop(1159)) - Stopped o.e.j.s.ServletContextHandler@7c982c94{logs,/logs,file:///home/runner/work/ozone/ozone/hadoop-ozone/integration-test/target/log,STOPPED}
2023-05-05 09:12:33,544 [Listener at 127.0.0.1/33465] INFO  server.StorageContainerManager (StorageContainerManager.java:stop(1624)) - Stopping SCM LayoutVersionManager Service.
2023-05-05 09:12:33,544 [Listener at 127.0.0.1/33465] INFO  server.StorageContainerManager (StorageContainerManager.java:stop(1632)) - Stopping Block Manager Service.
2023-05-05 09:12:33,544 [Listener at 127.0.0.1/33465] INFO  utils.BackgroundService (BackgroundService.java:shutdown(141)) - Shutting down service SCMBlockDeletingService
2023-05-05 09:12:33,545 [Listener at 127.0.0.1/33465] INFO  utils.BackgroundService (BackgroundService.java:shutdown(141)) - Shutting down service SCMBlockDeletingService
2023-05-05 09:12:33,545 [Listener at 127.0.0.1/33465] INFO  server.StorageContainerManager (StorageContainerManager.java:stop(1654)) - Stopping SCM Event Queue.
2023-05-05 09:12:33,548 [Listener at 127.0.0.1/33465] INFO  server.StorageContainerManager (StorageContainerManager.java:stop(1665)) - Stopping SCM HA services.
2023-05-05 09:12:33,548 [Listener at 127.0.0.1/33465] INFO  pipeline.BackgroundPipelineCreator (BackgroundPipelineCreator.java:stop(149)) - Stopping RatisPipelineUtilsThread.
2023-05-05 09:12:33,548 [RatisPipelineUtilsThread - 0] WARN  pipeline.BackgroundPipelineCreator (BackgroundPipelineCreator.java:run(180)) - RatisPipelineUtilsThread is interrupted.
2023-05-05 09:12:33,548 [BackgroundPipelineScrubberThread] WARN  BackgroundPipelineScrubber (BackgroundSCMService.java:run(115)) - BackgroundPipelineScrubber is interrupted, exit
2023-05-05 09:12:33,548 [Listener at 127.0.0.1/33465] INFO  BackgroundPipelineScrubber (BackgroundSCMService.java:stop(131)) - Stopping BackgroundPipelineScrubber Service.
2023-05-05 09:12:33,549 [Listener at 127.0.0.1/33465] INFO  impl.MetricsSystemImpl (MetricsSystemImpl.java:stop(210)) - Stopping HddsDatanode metrics system...
2023-05-05 09:12:33,554 [prometheus] INFO  impl.MetricsSinkAdapter (MetricsSinkAdapter.java:publishMetricsFromQueue(141)) - prometheus thread interrupted.
2023-05-05 09:12:33,555 [Listener at 127.0.0.1/33465] INFO  impl.MetricsSystemImpl (MetricsSystemImpl.java:stop(216)) - HddsDatanode metrics system stopped.
2023-05-05 09:12:33,555 [Listener at 127.0.0.1/33465] WARN  pipeline.BackgroundPipelineCreator (BackgroundPipelineCreator.java:stop(145)) - RatisPipelineUtilsThread is not running, just ignore.
2023-05-05 09:12:33,555 [Listener at 127.0.0.1/33465] INFO  BackgroundPipelineScrubber (BackgroundSCMService.java:stop(126)) - BackgroundPipelineScrubber Service is not running, skip stop.
2023-05-05 09:12:33,555 [ExpiredContainerReplicaOpScrubberThread] WARN  ExpiredContainerReplicaOpScrubber (BackgroundSCMService.java:run(115)) - ExpiredContainerReplicaOpScrubber is interrupted, exit
2023-05-05 09:12:33,555 [Listener at 127.0.0.1/33465] INFO  ExpiredContainerReplicaOpScrubber (BackgroundSCMService.java:stop(131)) - Stopping ExpiredContainerReplicaOpScrubber Service.
2023-05-05 09:12:33,555 [Listener at 127.0.0.1/33465] INFO  utils.BackgroundService (BackgroundService.java:shutdown(141)) - Shutting down service SCMBlockDeletingService
2023-05-05 09:12:33,555 [Listener at 127.0.0.1/33465] INFO  replication.ReplicationManager (ReplicationManager.java:stop(336)) - Replication Monitor Thread is not running.
2023-05-05 09:12:33,555 [Listener at 127.0.0.1/33465] WARN  balancer.ContainerBalancer (ContainerBalancer.java:stop(324)) - Cannot stop Container Balancer because it's not running or stopping
2023-05-05 09:12:33,555 [Listener at 127.0.0.1/33465] INFO  server.StorageContainerManager (StorageContainerManager.java:stop(1700)) - Stopping SCM MetadataStore.
2023-05-05 09:12:33,626 [Listener at 127.0.0.1/33465] WARN  server.ServerUtils (ServerUtils.java:getScmDbDir(148)) - ozone.scm.db.dirs is not configured. We recommend adding this setting. Falling back to ozone.metadata.dirs instead.
2023-05-05 09:12:33,629 [Listener at 127.0.0.1/33465] WARN  server.ServerUtils (ServerUtils.java:getScmDbDir(148)) - ozone.scm.db.dirs is not configured. We recommend adding this setting. Falling back to ozone.metadata.dirs instead.
2023-05-05 09:12:33,630 [Listener at 127.0.0.1/33465] INFO  ha.SCMHANodeDetails (SCMHANodeDetails.java:loadSCMHAConfig(209)) - ServiceID for StorageContainerManager is null
2023-05-05 09:12:33,630 [Listener at 127.0.0.1/33465] INFO  ha.SCMHANodeDetails (SCMHANodeDetails.java:loadSCMHAConfig(214)) - ozone.scm.default.service.id is not defined, falling back to ozone.scm.service.ids to find serviceID for StorageContainerManager if it is HA enabled cluster
2023-05-05 09:12:33,631 [Listener at 127.0.0.1/33465] WARN  utils.HAUtils (HAUtils.java:getMetaDir(350)) - ozone.scm.db.dirs is not configured. We recommend adding this setting. Falling back to ozone.metadata.dirs instead.
2023-05-05 09:12:33,631 [Listener at 127.0.0.1/33465] WARN  db.DBStoreBuilder (DBStoreBuilder.java:applyDBDefinition(164)) - ozone.scm.db.dirs is not configured. We recommend adding this setting. Falling back to ozone.metadata.dirs instead.
2023-05-05 09:12:33,736 [Listener at 127.0.0.1/33465] INFO  net.NodeSchemaLoader (NodeSchemaLoader.java:loadSchemaFromFile(129)) - Loading schema from [jar:file:/home/runner/.m2/repository/org/apache/ozone/hdds-common/1.4.0-SNAPSHOT/hdds-common-1.4.0-SNAPSHOT.jar!/network-topology-default.xml]
2023-05-05 09:12:33,736 [Listener at 127.0.0.1/33465] INFO  net.NodeSchemaLoader (NodeSchemaLoader.java:loadSchema(176)) - Loading network topology layer schema file
2023-05-05 09:12:33,748 [Listener at 127.0.0.1/33465] INFO  upgrade.AbstractLayoutVersionManager (AbstractLayoutVersionManager.java:init(83)) - Initializing Layout version manager with metadata layout = WEBUI_PORTS_IN_DATANODEDETAILS (version = 6), software layout = WEBUI_PORTS_IN_DATANODEDETAILS (version = 6)
2023-05-05 09:12:33,800 [Listener at 127.0.0.1/33465] INFO  reflections.Reflections (Reflections.java:scan(232)) - Reflections took 51 ms to scan 7 urls, producing 156 keys and 369 values 
2023-05-05 09:12:33,803 [Listener at 127.0.0.1/33465] INFO  ha.SequenceIdGenerator (SequenceIdGenerator.java:upgradeToSequenceId(349)) - upgrade localId to 111677748019200000
2023-05-05 09:12:33,803 [Listener at 127.0.0.1/33465] INFO  ha.SequenceIdGenerator (SequenceIdGenerator.java:upgradeToSequenceId(359)) - upgrade delTxnId to 0
2023-05-05 09:12:33,803 [Listener at 127.0.0.1/33465] INFO  ha.SequenceIdGenerator (SequenceIdGenerator.java:upgradeToSequenceId(376)) - upgrade containerId to 0
2023-05-05 09:12:33,803 [Listener at 127.0.0.1/33465] INFO  ha.SequenceIdGenerator (SequenceIdGenerator.java:<init>(220)) - Init the HA SequenceIdGenerator.
2023-05-05 09:12:33,804 [Listener at 127.0.0.1/33465] WARN  server.ServerUtils (ServerUtils.java:sanitizeUserArgs(73)) - ozone.scm.stale.node.interval value = 300000 is larger than max = 100000 based on the key value of ozone.scm.heartbeat.thread.interval, reset to the max value 100000.
2023-05-05 09:12:33,804 [Listener at 127.0.0.1/33465] WARN  server.ServerUtils (ServerUtils.java:sanitizeUserArgs(73)) - ozone.scm.stale.node.interval value = 300000 is larger than max = 100000 based on the key value of ozone.scm.heartbeat.thread.interval, reset to the max value 100000.
2023-05-05 09:12:33,804 [Listener at 127.0.0.1/33465] INFO  node.SCMNodeManager (SCMNodeManager.java:<init>(159)) - Entering startup safe mode.
2023-05-05 09:12:33,804 [Listener at 127.0.0.1/33465] INFO  algorithms.ContainerPlacementPolicyFactory (ContainerPlacementPolicyFactory.java:getPolicyInternal(86)) - Create container placement policy of type org.apache.hadoop.hdds.scm.container.placement.algorithms.SCMContainerPlacementRackAware
2023-05-05 09:12:33,805 [Listener at 127.0.0.1/33465] INFO  algorithms.ContainerPlacementPolicyFactory (ContainerPlacementPolicyFactory.java:getPolicyInternal(86)) - Create container placement policy of type org.apache.hadoop.hdds.scm.container.placement.algorithms.SCMContainerPlacementRackScatter
2023-05-05 09:12:33,805 [Listener at 127.0.0.1/33465] INFO  pipeline.PipelineStateManagerImpl (PipelineStateManagerImpl.java:initialize(78)) - No pipeline exists in current db
2023-05-05 09:12:33,805 [Listener at 127.0.0.1/33465] INFO  algorithms.LeaderChoosePolicyFactory (LeaderChoosePolicyFactory.java:getPolicy(57)) - Create leader choose policy of type org.apache.hadoop.hdds.scm.pipeline.leader.choose.algorithms.MinLeaderCountChoosePolicy
2023-05-05 09:12:33,805 [Listener at 127.0.0.1/33465] INFO  algorithms.ContainerPlacementPolicyFactory (ContainerPlacementPolicyFactory.java:getPolicyInternal(86)) - Create container placement policy of type org.apache.hadoop.hdds.scm.container.placement.algorithms.SCMContainerPlacementRackScatter
2023-05-05 09:12:33,805 [Listener at 127.0.0.1/33465] INFO  ha.SCMServiceManager (SCMServiceManager.java:register(42)) - Registering service BackgroundPipelineCreator.
2023-05-05 09:12:33,805 [Listener at 127.0.0.1/33465] INFO  pipeline.BackgroundPipelineCreator (BackgroundPipelineCreator.java:start(124)) - Starting RatisPipelineUtilsThread.
2023-05-05 09:12:33,805 [Listener at 127.0.0.1/33465] INFO  BackgroundPipelineScrubber (BackgroundSCMService.java:start(68)) - Starting BackgroundPipelineScrubber Service.
2023-05-05 09:12:33,808 [Listener at 127.0.0.1/33465] INFO  ha.SCMServiceManager (SCMServiceManager.java:register(42)) - Registering service BackgroundPipelineScrubber.
2023-05-05 09:12:33,808 [Listener at 127.0.0.1/33465] INFO  ExpiredContainerReplicaOpScrubber (BackgroundSCMService.java:start(68)) - Starting ExpiredContainerReplicaOpScrubber Service.
2023-05-05 09:12:33,812 [Listener at 127.0.0.1/33465] INFO  ha.SCMServiceManager (SCMServiceManager.java:register(42)) - Registering service ExpiredContainerReplicaOpScrubber.
2023-05-05 09:12:33,813 [Listener at 127.0.0.1/33465] INFO  algorithms.PipelineChoosePolicyFactory (PipelineChoosePolicyFactory.java:createPipelineChoosePolicyFromClass(73)) - Create pipeline choose policy of type org.apache.hadoop.hdds.scm.pipeline.choose.algorithms.RandomPipelineChoosePolicy
2023-05-05 09:12:33,814 [Listener at 127.0.0.1/33465] INFO  ha.SCMServiceManager (SCMServiceManager.java:register(42)) - Registering service SCMBlockDeletingService.
2023-05-05 09:12:33,814 [Listener at 127.0.0.1/33465] INFO  replication.ReplicationManager (ReplicationManager.java:start(293)) - Starting Replication Monitor Thread.
2023-05-05 09:12:33,818 [Listener at 127.0.0.1/33465] INFO  ha.SCMServiceManager (SCMServiceManager.java:register(42)) - Registering service ReplicationManager.
2023-05-05 09:12:33,818 [Listener at 127.0.0.1/33465] INFO  safemode.ContainerSafeModeRule (ContainerSafeModeRule.java:<init>(89)) - containers with one replica threshold count 0
2023-05-05 09:12:33,818 [Listener at 127.0.0.1/33465] INFO  safemode.HealthyPipelineSafeModeRule (HealthyPipelineSafeModeRule.java:initializeRule(169)) - Total pipeline count is 0, healthy pipeline threshold count is 1
2023-05-05 09:12:33,818 [Listener at 127.0.0.1/33465] INFO  safemode.OneReplicaPipelineSafeModeRule (OneReplicaPipelineSafeModeRule.java:initializeRule(180)) - Total pipeline count is 0, pipeline's with at least one datanode reported threshold count is 0
2023-05-05 09:12:33,819 [ReplicationMonitor] INFO  replication.ReplicationManager (ReplicationManager.java:processAll(368)) - Replication Manager is not ready to run until 3000ms after safemode exit
2023-05-05 09:12:33,819 [Listener at 127.0.0.1/33465] INFO  server.StorageContainerManager (StorageContainerManager.java:<init>(403)) - SCM start with adminUsers: [adminUser1, adminUser2, runner]
2023-05-05 09:12:33,820 [Listener at 127.0.0.1/33465] INFO  ipc.CallQueueManager (CallQueueManager.java:<init>(90)) - Using callQueue: class java.util.concurrent.LinkedBlockingQueue, queueCapacity: 2000, scheduler: class org.apache.hadoop.ipc.DefaultRpcScheduler, ipcBackoff: false.
2023-05-05 09:12:33,820 [Socket Reader #1 for port 0] INFO  ipc.Server (Server.java:run(1319)) - Starting Socket Reader #1 for port 0
2023-05-05 09:12:33,821 [Listener at 0.0.0.0/39903] INFO  ipc.CallQueueManager (CallQueueManager.java:<init>(90)) - Using callQueue: class java.util.concurrent.LinkedBlockingQueue, queueCapacity: 2000, scheduler: class org.apache.hadoop.ipc.DefaultRpcScheduler, ipcBackoff: false.
2023-05-05 09:12:33,822 [Socket Reader #1 for port 0] INFO  ipc.Server (Server.java:run(1319)) - Starting Socket Reader #1 for port 0
2023-05-05 09:12:33,823 [Listener at 0.0.0.0/41835] INFO  ipc.CallQueueManager (CallQueueManager.java:<init>(90)) - Using callQueue: class java.util.concurrent.LinkedBlockingQueue, queueCapacity: 2000, scheduler: class org.apache.hadoop.ipc.DefaultRpcScheduler, ipcBackoff: false.
2023-05-05 09:12:33,824 [Socket Reader #1 for port 0] INFO  ipc.Server (Server.java:run(1319)) - Starting Socket Reader #1 for port 0
2023-05-05 09:12:33,827 [Listener at 0.0.0.0/42455] INFO  ha.SCMServiceManager (SCMServiceManager.java:register(42)) - Registering service ContainerBalancer.
2023-05-05 09:12:33,827 [Listener at 0.0.0.0/42455] INFO  server.StorageContainerManager (StorageContainerManager.java:<init>(420)) - 
Container Balancer status:
Key                            Value
Running                        false
Container Balancer Configuration values:
Key                                                Value
Threshold                                          10
Max Datanodes to Involve per Iteration(percent)    20
Max Size to Move per Iteration                     500GB
Max Size Entering Target per Iteration             26GB
Max Size Leaving Source per Iteration              26GB

2023-05-05 09:12:33,827 [Listener at 0.0.0.0/42455] INFO  ha.SCMContext (SCMContext.java:updateSafeModeStatus(228)) - Update SafeModeStatus from SafeModeStatus{safeModeStatus=true, preCheckPassed=false} to SafeModeStatus{safeModeStatus=true, preCheckPassed=false}.
2023-05-05 09:12:33,827 [Listener at 0.0.0.0/42455] INFO  server.StorageContainerManager (StorageContainerManager.java:start(1477)) - StorageContainerLocationProtocol RPC server is listening at /0.0.0.0:42455
2023-05-05 09:12:33,830 [Listener at 0.0.0.0/42455] WARN  impl.MetricsConfig (MetricsConfig.java:loadFirst(136)) - Cannot locate configuration: tried hadoop-metrics2-storagecontainermanager.properties,hadoop-metrics2.properties
2023-05-05 09:12:33,831 [Listener at 0.0.0.0/42455] INFO  impl.MetricsSystemImpl (MetricsSystemImpl.java:startTimer(378)) - Scheduled Metric snapshot period at 10 second(s).
2023-05-05 09:12:33,831 [Listener at 0.0.0.0/42455] INFO  impl.MetricsSystemImpl (MetricsSystemImpl.java:start(191)) - StorageContainerManager metrics system started
2023-05-05 09:12:33,833 [Listener at 0.0.0.0/42455] INFO  impl.MetricsSinkAdapter (MetricsSinkAdapter.java:start(204)) - Sink prometheus started
2023-05-05 09:12:33,834 [Listener at 0.0.0.0/42455] INFO  impl.MetricsSystemImpl (MetricsSystemImpl.java:registerSink(305)) - Registered sink prometheus
2023-05-05 09:12:33,850 [Listener at 0.0.0.0/42455] INFO  server.SCMClientProtocolServer (SCMClientProtocolServer.java:start(199)) - RPC server for Client  is listening at /0.0.0.0:42455
2023-05-05 09:12:33,850 [IPC Server Responder] INFO  ipc.Server (Server.java:run(1558)) - IPC Server Responder: starting
2023-05-05 09:12:33,854 [Listener at 0.0.0.0/42455] INFO  server.StorageContainerManager (StorageContainerManager.java:start(1491)) - ScmBlockLocationProtocol RPC server is listening at /0.0.0.0:41835
2023-05-05 09:12:33,854 [Listener at 0.0.0.0/42455] INFO  server.SCMBlockProtocolServer (SCMBlockProtocolServer.java:start(152)) - RPC server for Block Protocol is listening at /0.0.0.0:41835
2023-05-05 09:12:33,854 [IPC Server Responder] INFO  ipc.Server (Server.java:run(1558)) - IPC Server Responder: starting
2023-05-05 09:12:33,854 [IPC Server listener on 0] INFO  ipc.Server (Server.java:run(1398)) - IPC Server listener on 0: starting
2023-05-05 09:12:33,860 [Listener at 0.0.0.0/42455] INFO  server.SCMDatanodeProtocolServer (SCMDatanodeProtocolServer.java:start(193)) - ScmDatanodeProtocol RPC server for DataNodes is listening at /0.0.0.0:39903
2023-05-05 09:12:33,861 [IPC Server Responder] INFO  ipc.Server (Server.java:run(1558)) - IPC Server Responder: starting
2023-05-05 09:12:33,861 [IPC Server listener on 0] INFO  ipc.Server (Server.java:run(1398)) - IPC Server listener on 0: starting
2023-05-05 09:12:33,864 [IPC Server listener on 0] INFO  ipc.Server (Server.java:run(1398)) - IPC Server listener on 0: starting
2023-05-05 09:12:33,865 [Listener at 0.0.0.0/42455] INFO  http.BaseHttpServer (BaseHttpServer.java:newHttpServer2BuilderForOzone(224)) - Starting Web-server for scm at: http://0.0.0.0:0
2023-05-05 09:12:33,865 [Listener at 0.0.0.0/42455] INFO  http.BaseHttpServer (BaseHttpServer.java:<init>(111)) - Hadoop Security Enabled: false Ozone Security Enabled: false Ozone HTTP Security Enabled: false 
2023-05-05 09:12:33,867 [Listener at 0.0.0.0/42455] WARN  server.AuthenticationFilter (AuthenticationFilter.java:constructSecretProvider(240)) - Unable to initialize FileSignerSecretProvider, falling back to use random secrets. Reason: Could not read signature secret file: /home/runner/hadoop-http-auth-signature-secret
2023-05-05 09:12:33,867 [org.apache.hadoop.util.JvmPauseMonitor$Monitor@3ae802a] INFO  util.JvmPauseMonitor (JvmPauseMonitor.java:run(188)) - Starting JVM pause monitor
2023-05-05 09:12:33,867 [Listener at 0.0.0.0/42455] INFO  http.HttpRequestLog (HttpRequestLog.java:getRequestLog(86)) - Http request log for http.requests.scm is not defined
2023-05-05 09:12:33,869 [Listener at 0.0.0.0/42455] INFO  http.HttpServer2 (HttpServer2.java:addGlobalFilter(1031)) - Added global filter 'safety' (class=org.apache.hadoop.hdds.server.http.HttpServer2$QuotingInputFilter)
2023-05-05 09:12:33,870 [Listener at 0.0.0.0/42455] INFO  http.HttpServer2 (HttpServer2.java:addFilter(1007)) - Added filter static_user_filter (class=org.apache.hadoop.http.lib.StaticUserWebFilter$StaticUserFilter) to context scm
2023-05-05 09:12:33,870 [Listener at 0.0.0.0/42455] INFO  http.HttpServer2 (HttpServer2.java:addFilter(1015)) - Added filter static_user_filter (class=org.apache.hadoop.http.lib.StaticUserWebFilter$StaticUserFilter) to context logs
2023-05-05 09:12:33,870 [Listener at 0.0.0.0/42455] INFO  http.HttpServer2 (HttpServer2.java:addFilter(1015)) - Added filter static_user_filter (class=org.apache.hadoop.http.lib.StaticUserWebFilter$StaticUserFilter) to context static
2023-05-05 09:12:33,870 [Listener at 0.0.0.0/42455] INFO  http.BaseHttpServer (BaseHttpServer.java:<init>(190)) - HTTP server of scm uses base directory /home/runner/work/ozone/ozone/hadoop-ozone/integration-test/target/test-dir/MiniOzoneClusterImpl-4dcb9f95-e710-4738-865b-4645215bc4f4/ozone-meta/webserver
2023-05-05 09:12:33,871 [Listener at 0.0.0.0/42455] INFO  http.HttpServer2 (HttpServer2.java:bindListener(1250)) - Jetty bound to port 44831
2023-05-05 09:12:33,871 [Listener at 0.0.0.0/42455] INFO  server.Server (Server.java:doStart(375)) - jetty-9.4.51.v20230217; built: 2023-02-17T08:19:37.309Z; git: b45c405e4544384de066f814ed42ae3dceacdd49; jvm 1.8.0_362-b09
2023-05-05 09:12:33,872 [Listener at 0.0.0.0/42455] INFO  server.session (DefaultSessionIdManager.java:doStart(334)) - DefaultSessionIdManager workerName=node0
2023-05-05 09:12:33,872 [Listener at 0.0.0.0/42455] INFO  server.session (DefaultSessionIdManager.java:doStart(339)) - No SessionScavenger set, using defaults
2023-05-05 09:12:33,872 [Listener at 0.0.0.0/42455] INFO  server.session (HouseKeeper.java:startScavenging(132)) - node0 Scavenging every 660000ms
2023-05-05 09:12:33,873 [Listener at 0.0.0.0/42455] INFO  handler.ContextHandler (ContextHandler.java:doStart(921)) - Started o.e.j.s.ServletContextHandler@57be45ff{logs,/logs,file:///home/runner/work/ozone/ozone/hadoop-ozone/integration-test/target/log,AVAILABLE}
2023-05-05 09:12:33,874 [Listener at 0.0.0.0/42455] INFO  handler.ContextHandler (ContextHandler.java:doStart(921)) - Started o.e.j.s.ServletContextHandler@65d7bcde{static,/static,file:///home/runner/work/ozone/ozone/hadoop-ozone/integration-test/target/test-classes/webapps/static,AVAILABLE}
2023-05-05 09:12:33,877 [Listener at 0.0.0.0/42455] INFO  handler.ContextHandler (ContextHandler.java:doStart(921)) - Started o.e.j.w.WebAppContext@72612a69{scm,/,file:///home/runner/work/ozone/ozone/hadoop-ozone/integration-test/target/test-classes/webapps/scm/,AVAILABLE}{file:/home/runner/work/ozone/ozone/hadoop-ozone/integration-test/target/test-classes/webapps/scm}
2023-05-05 09:12:33,879 [Listener at 0.0.0.0/42455] INFO  server.AbstractConnector (AbstractConnector.java:doStart(333)) - Started ServerConnector@69e87f8b{HTTP/1.1, (http/1.1)}{0.0.0.0:44831}
2023-05-05 09:12:33,879 [Listener at 0.0.0.0/42455] INFO  server.Server (Server.java:doStart(415)) - Started @145233ms
2023-05-05 09:12:33,879 [Listener at 0.0.0.0/42455] WARN  impl.MetricsSystemImpl (MetricsSystemImpl.java:register(279)) - Sink prometheus already exists!
2023-05-05 09:12:33,880 [Listener at 0.0.0.0/42455] INFO  http.BaseHttpServer (BaseHttpServer.java:updateConnectorAddress(344)) - HTTP server of scm listening at http://0.0.0.0:44831
2023-05-05 09:12:33,880 [Listener at 0.0.0.0/42455] WARN  server.ServerUtils (ServerUtils.java:getDBPath(225)) - ozone.om.db.dirs is not configured. We recommend adding this setting. Falling back to ozone.metadata.dirs instead.
2023-05-05 09:12:33,882 [Listener at 0.0.0.0/42455] INFO  ha.OMHANodeDetails (OMHANodeDetails.java:loadOMHAConfig(115)) - ozone.om.internal.service.id is not defined, falling back to ozone.om.service.ids to find serviceID for OzoneManager if it is HA enabled cluster
2023-05-05 09:12:33,882 [Listener at 0.0.0.0/42455] INFO  ha.OMHANodeDetails (OMHANodeDetails.java:loadOMHAConfig(226)) - Configuration does not have ozone.om.address set. Falling back to the default OM address /127.0.0.1:0
2023-05-05 09:12:33,882 [Listener at 0.0.0.0/42455] INFO  ha.OMHANodeDetails (OMHANodeDetails.java:getOMNodeDetailsForNonHA(254)) - OM Service ID is not set. Setting it to the default ID: omServiceIdDefault
2023-05-05 09:12:33,882 [Listener at 0.0.0.0/42455] INFO  ha.OMHANodeDetails (OMHANodeDetails.java:getOMNodeDetailsForNonHA(261)) - OM Node ID is not set. Setting it to the default ID: om1
2023-05-05 09:12:33,883 [Listener at 0.0.0.0/42455] WARN  server.ServerUtils (ServerUtils.java:getDBPath(225)) - ozone.om.db.dirs is not configured. We recommend adding this setting. Falling back to ozone.metadata.dirs instead.
2023-05-05 09:12:33,884 [Listener at 0.0.0.0/42455] INFO  upgrade.AbstractLayoutVersionManager (AbstractLayoutVersionManager.java:init(83)) - Initializing Layout version manager with metadata layout = HSYNC (version = 4), software layout = HSYNC (version = 4)
2023-05-05 09:12:33,966 [Listener at 0.0.0.0/42455] INFO  reflections.Reflections (Reflections.java:scan(232)) - Reflections took 81 ms to scan 2 urls, producing 172 keys and 475 values [using 2 cores]
2023-05-05 09:12:33,967 [Listener at 0.0.0.0/42455] INFO  upgrade.OMLayoutVersionManager (OMLayoutVersionManager.java:lambda$0(115)) - Skipping Upgrade Action MockOmUpgradeAction since it has been finalized.
2023-05-05 09:12:33,967 [Listener at 0.0.0.0/42455] WARN  server.ServerUtils (ServerUtils.java:getDBPath(225)) - ozone.om.db.dirs is not configured. We recommend adding this setting. Falling back to ozone.metadata.dirs instead.
2023-05-05 09:12:33,967 [Listener at 0.0.0.0/42455] INFO  proxy.SCMBlockLocationFailoverProxyProvider (SCMBlockLocationFailoverProxyProvider.java:<init>(114)) - Created block location fail-over proxy with 1 nodes: [nodeId=scmNodeId,nodeAddress=/0.0.0.0:41835]
2023-05-05 09:12:33,970 [Listener at 0.0.0.0/42455] INFO  proxy.SCMBlockLocationFailoverProxyProvider (SCMBlockLocationFailoverProxyProvider.java:<init>(114)) - Created block location fail-over proxy with 1 nodes: [nodeId=scmNodeId,nodeAddress=/0.0.0.0:41835]
2023-05-05 09:12:33,982 [Listener at 0.0.0.0/42455] INFO  om.OzoneManager (OzoneManager.java:<init>(634)) - OM start with adminUsers: [adminUser1, adminUser2, runner]
2023-05-05 09:12:33,983 [Listener at 0.0.0.0/42455] WARN  server.ServerUtils (ServerUtils.java:getDBPath(225)) - ozone.om.db.dirs is not configured. We recommend adding this setting. Falling back to ozone.metadata.dirs instead.
2023-05-05 09:12:33,983 [Listener at 0.0.0.0/42455] INFO  codec.OmKeyInfoCodec (OmKeyInfoCodec.java:<init>(49)) - OmKeyInfoCodec ignorePipeline = true
2023-05-05 09:12:33,983 [Listener at 0.0.0.0/42455] INFO  codec.RepeatedOmKeyInfoCodec (RepeatedOmKeyInfoCodec.java:<init>(41)) - RepeatedOmKeyInfoCodec ignorePipeline = true
2023-05-05 09:12:34,160 [Listener at 0.0.0.0/42455] INFO  om.OzoneManager (OzoneManager.java:instantiateServices(764)) - S3 Multi-Tenancy is disabled
2023-05-05 09:12:34,160 [Listener at 0.0.0.0/42455] WARN  server.ServerUtils (ServerUtils.java:getDBPath(225)) - ozone.om.snapshot.diff.db.dir is not configured. We recommend adding this setting. Falling back to ozone.metadata.dirs instead.
2023-05-05 09:12:34,194 [Listener at 0.0.0.0/42455] INFO  om.OzoneManager (OzoneManager.java:addS3GVolumeToDB(4263)) - Created Volume s3v With Owner runner required for S3Gateway operations.
2023-05-05 09:12:34,194 [Listener at 0.0.0.0/42455] WARN  server.ServerUtils (ServerUtils.java:getDefaultRatisDirectory(237)) - Storage directory for Ratis is not configured. It is a good idea to map this to an SSD disk. Falling back to ozone.metadata.dirs
2023-05-05 09:12:34,194 [Listener at 0.0.0.0/42455] WARN  utils.OzoneManagerRatisUtils (OzoneManagerRatisUtils.java:getOMRatisSnapshotDirectory(456)) - ozone.om.ratis.snapshot.dir is not configured. Falling back to ozone.metadata.dirs config
2023-05-05 09:12:34,195 [Listener at 0.0.0.0/42455] WARN  server.ServerUtils (ServerUtils.java:getDefaultRatisDirectory(237)) - Storage directory for Ratis is not configured. It is a good idea to map this to an SSD disk. Falling back to ozone.metadata.dirs
2023-05-05 09:12:34,196 [Listener at 0.0.0.0/42455] INFO  ratis.OzoneManagerRatisServer (OzoneManagerRatisServer.java:<init>(163)) - Instantiating OM Ratis server with groupID: omServiceIdDefault and peers: localhost:9872
2023-05-05 09:12:34,196 [Listener at 0.0.0.0/42455] INFO  ratis.OzoneManagerStateMachine (OzoneManagerStateMachine.java:loadSnapshotInfoFromDB(670)) - LastAppliedIndex is set from TransactionInfo from OM DB as (t:0, i:~)
2023-05-05 09:12:34,197 [Listener at 0.0.0.0/42455] INFO  server.RaftServer (ConfUtils.java:logGet(46)) - raft.rpc.type = GRPC (default)
2023-05-05 09:12:34,197 [Listener at 0.0.0.0/42455] INFO  grpc.GrpcConfigKeys (ConfUtils.java:logFallback(53)) - raft.grpc.admin.host = null (fallback to raft.grpc.server.host)
2023-05-05 09:12:34,197 [Listener at 0.0.0.0/42455] INFO  grpc.GrpcConfigKeys (ConfUtils.java:logFallback(53)) - raft.grpc.admin.port = 9872 (fallback to raft.grpc.server.port)
2023-05-05 09:12:34,197 [Listener at 0.0.0.0/42455] INFO  grpc.GrpcConfigKeys (ConfUtils.java:logFallback(53)) - raft.grpc.client.host = null (fallback to raft.grpc.server.host)
2023-05-05 09:12:34,197 [Listener at 0.0.0.0/42455] INFO  grpc.GrpcConfigKeys (ConfUtils.java:logFallback(53)) - raft.grpc.client.port = 9872 (fallback to raft.grpc.server.port)
2023-05-05 09:12:34,197 [Listener at 0.0.0.0/42455] INFO  grpc.GrpcConfigKeys (ConfUtils.java:logGet(46)) - raft.grpc.server.host = null (default)
2023-05-05 09:12:34,198 [Listener at 0.0.0.0/42455] INFO  grpc.GrpcConfigKeys (ConfUtils.java:logGet(46)) - raft.grpc.server.port = 9872 (custom)
2023-05-05 09:12:34,198 [Listener at 0.0.0.0/42455] INFO  server.GrpcService (ConfUtils.java:logGet(46)) - raft.grpc.message.size.max = 33554432 (custom)
2023-05-05 09:12:34,198 [Listener at 0.0.0.0/42455] INFO  server.RaftServerConfigKeys (ConfUtils.java:logGet(46)) - raft.server.log.appender.buffer.byte-limit = 33554432 (custom)
2023-05-05 09:12:34,198 [Listener at 0.0.0.0/42455] INFO  server.GrpcService (ConfUtils.java:logGet(46)) - raft.grpc.flow.control.window = 1MB (=1048576) (default)
2023-05-05 09:12:34,198 [Listener at 0.0.0.0/42455] INFO  server.RaftServerConfigKeys (ConfUtils.java:logGet(46)) - raft.server.rpc.request.timeout = 3000ms (default)
2023-05-05 09:12:34,198 [Listener at 0.0.0.0/42455] INFO  grpc.GrpcConfigKeys (ConfUtils.java:logGet(46)) - raft.grpc.server.heartbeat.channel = true (default)
2023-05-05 09:12:34,198 [Listener at 0.0.0.0/42455] INFO  grpc.GrpcConfigKeys (ConfUtils.java:logGet(46)) - raft.grpc.server.async.request.thread.pool.cached = true (default)
2023-05-05 09:12:34,198 [Listener at 0.0.0.0/42455] INFO  grpc.GrpcConfigKeys (ConfUtils.java:logGet(46)) - raft.grpc.server.async.request.thread.pool.size = 32 (default)
2023-05-05 09:12:34,200 [Listener at 0.0.0.0/42455] INFO  impl.DataStreamServerImpl (ConfUtils.java:logGet(46)) - raft.datastream.type = DISABLED (default)
2023-05-05 09:12:34,200 [Listener at 0.0.0.0/42455] INFO  server.RaftServerConfigKeys (ConfUtils.java:logGet(46)) - raft.server.threadpool.proxy.cached = true (default)
2023-05-05 09:12:34,200 [Listener at 0.0.0.0/42455] INFO  server.RaftServerConfigKeys (ConfUtils.java:logGet(46)) - raft.server.threadpool.proxy.size = 0 (default)
2023-05-05 09:12:34,202 [Listener at 0.0.0.0/42455] INFO  server.RaftServerConfigKeys (ConfUtils.java:logGet(46)) - raft.server.rpc.slowness.timeout = 120s (custom)
2023-05-05 09:12:34,202 [Listener at 0.0.0.0/42455] INFO  server.RaftServerConfigKeys (ConfUtils.java:logGet(46)) - raft.server.leaderelection.leader.step-down.wait-time = 10s (default)
2023-05-05 09:12:34,202 [Listener at 0.0.0.0/42455] INFO  server.RaftServerConfigKeys (ConfUtils.java:logGet(46)) - raft.server.storage.dir = [/home/runner/work/ozone/ozone/hadoop-ozone/integration-test/target/test-dir/MiniOzoneClusterImpl-4dcb9f95-e710-4738-865b-4645215bc4f4/ozone-meta/ratis] (custom)
2023-05-05 09:12:34,208 [Listener at 0.0.0.0/42455] INFO  server.RaftServer (RaftServerProxy.java:addNew(96)) - om1: addNew group-C5BA1605619E:[om1|rpc:localhost:9872|priority:0|startupRole:FOLLOWER] returns group-C5BA1605619E:java.util.concurrent.CompletableFuture@6331c362[Not completed]
2023-05-05 09:12:34,209 [Listener at 0.0.0.0/42455] INFO  om.OzoneManager (OzoneManager.java:initializeRatisServer(2106)) - OzoneManager Ratis server initialized at port 9872
2023-05-05 09:12:34,209 [Listener at 0.0.0.0/42455] INFO  om.OzoneManager (OzoneManager.java:getRpcServer(1153)) - Creating RPC Server
2023-05-05 09:12:34,210 [pool-765-thread-1] INFO  server.RaftServer$Division (RaftServerImpl.java:<init>(195)) - om1: new RaftServerImpl for group-C5BA1605619E:[om1|rpc:localhost:9872|priority:0|startupRole:FOLLOWER] with OzoneManagerStateMachine:uninitialized
2023-05-05 09:12:34,210 [pool-765-thread-1] INFO  server.RaftServerConfigKeys (ConfUtils.java:logGet(46)) - raft.server.rpc.timeout.min = 1s (custom)
2023-05-05 09:12:34,210 [pool-765-thread-1] INFO  server.RaftServerConfigKeys (ConfUtils.java:logGet(46)) - raft.server.rpc.timeout.max = 1200ms (custom)
2023-05-05 09:12:34,210 [pool-765-thread-1] INFO  server.RaftServerConfigKeys (ConfUtils.java:logGet(46)) - raft.server.rpc.sleep.time = 25ms (default)
2023-05-05 09:12:34,210 [pool-765-thread-1] INFO  server.RaftServerConfigKeys (ConfUtils.java:logGet(46)) - raft.server.rpc.slowness.timeout = 120s (custom)
2023-05-05 09:12:34,210 [pool-765-thread-1] INFO  server.RaftServerConfigKeys (ConfUtils.java:logGet(46)) - raft.server.leaderelection.leader.step-down.wait-time = 10s (default)
2023-05-05 09:12:34,210 [pool-765-thread-1] INFO  server.RaftServerConfigKeys (ConfUtils.java:logGet(46)) - raft.server.sleep.deviation.threshold = 300ms (default)
2023-05-05 09:12:34,210 [pool-765-thread-1] INFO  server.RaftServer$Division (ServerState.java:<init>(118)) - om1@group-C5BA1605619E: ConfigurationManager, init=-1: peers:[om1|rpc:localhost:9872|priority:0|startupRole:FOLLOWER]|listeners:[], old=null, confs=<EMPTY_MAP>
2023-05-05 09:12:34,210 [pool-765-thread-1] INFO  server.RaftServerConfigKeys (ConfUtils.java:logGet(46)) - raft.server.storage.dir = [/home/runner/work/ozone/ozone/hadoop-ozone/integration-test/target/test-dir/MiniOzoneClusterImpl-4dcb9f95-e710-4738-865b-4645215bc4f4/ozone-meta/ratis] (custom)
2023-05-05 09:12:34,211 [pool-765-thread-1] INFO  server.RaftServerConfigKeys (ConfUtils.java:logGet(46)) - raft.server.log.corruption.policy = EXCEPTION (default)
2023-05-05 09:12:34,211 [pool-765-thread-1] INFO  server.RaftServerConfigKeys (ConfUtils.java:logGet(46)) - raft.server.storage.free-space.min = 0MB (=0) (default)
2023-05-05 09:12:34,211 [pool-765-thread-1] INFO  server.RaftServerConfigKeys (ConfUtils.java:logGet(46)) - raft.server.notification.no-leader.timeout = 120s (custom)
2023-05-05 09:12:34,211 [pool-765-thread-1] INFO  server.RaftServerConfigKeys (ConfUtils.java:logGet(46)) - raft.server.retrycache.expirytime = 300s (custom)
2023-05-05 09:12:34,211 [pool-765-thread-1] INFO  server.RaftServerConfigKeys (ConfUtils.java:logGet(46)) - raft.server.retrycache.statistics.expirytime = 100μs (default)
2023-05-05 09:12:34,211 [pool-765-thread-1] INFO  server.RaftServerConfigKeys (ConfUtils.java:logGet(46)) - raft.server.log.appender.install.snapshot.enabled = false (custom)
2023-05-05 09:12:34,211 [pool-765-thread-1] INFO  server.RaftServerConfigKeys (ConfUtils.java:logGet(46)) - raft.server.threadpool.server.cached = true (default)
2023-05-05 09:12:34,211 [pool-765-thread-1] INFO  server.RaftServerConfigKeys (ConfUtils.java:logGet(46)) - raft.server.threadpool.server.size = 0 (default)
2023-05-05 09:12:34,211 [pool-765-thread-1] INFO  server.RaftServerConfigKeys (ConfUtils.java:logGet(46)) - raft.server.threadpool.client.cached = true (default)
2023-05-05 09:12:34,211 [pool-765-thread-1] INFO  server.RaftServerConfigKeys (ConfUtils.java:logGet(46)) - raft.server.threadpool.client.size = 0 (default)
2023-05-05 09:12:34,569 [Listener at 0.0.0.0/42455] INFO  reflections.Reflections (Reflections.java:scan(232)) - Reflections took 359 ms to scan 19 urls, producing 68 keys and 5137 values [using 2 cores]
2023-05-05 09:12:34,570 [Listener at 0.0.0.0/42455] INFO  ipc.CallQueueManager (CallQueueManager.java:<init>(90)) - Using callQueue: class java.util.concurrent.LinkedBlockingQueue, queueCapacity: 2000, scheduler: class org.apache.hadoop.ipc.DefaultRpcScheduler, ipcBackoff: false.
2023-05-05 09:12:34,571 [Socket Reader #1 for port 0] INFO  ipc.Server (Server.java:run(1319)) - Starting Socket Reader #1 for port 0
2023-05-05 09:12:34,596 [Listener at 127.0.0.1/42865] INFO  impl.MetricsSystemImpl (MetricsSystemImpl.java:init(158)) - OzoneManager metrics system started (again)
2023-05-05 09:12:34,608 [Listener at 127.0.0.1/42865] INFO  om.OzoneManager (OzoneManager.java:start(1574)) - OzoneManager RPC server is listening at localhost/127.0.0.1:42865
2023-05-05 09:12:34,608 [Listener at 127.0.0.1/42865] INFO  ratis.OzoneManagerRatisServer (OzoneManagerRatisServer.java:start(558)) - Starting OzoneManagerRatisServer om1 at port 9872
2023-05-05 09:12:34,608 [om1-impl-thread1] INFO  storage.RaftStorageDirectory (RaftStorageDirectoryImpl.java:analyzeStorage(137)) - The storage directory /home/runner/work/ozone/ozone/hadoop-ozone/integration-test/target/test-dir/MiniOzoneClusterImpl-4dcb9f95-e710-4738-865b-4645215bc4f4/ozone-meta/ratis/bf265839-605b-3f16-9796-c5ba1605619e does not exist. Creating ...
2023-05-05 09:12:34,610 [om1-impl-thread1] INFO  storage.RaftStorageDirectory (RaftStorageDirectoryImpl.java:tryLock(231)) - Lock on /home/runner/work/ozone/ozone/hadoop-ozone/integration-test/target/test-dir/MiniOzoneClusterImpl-4dcb9f95-e710-4738-865b-4645215bc4f4/ozone-meta/ratis/bf265839-605b-3f16-9796-c5ba1605619e/in_use.lock acquired by nodename 7812@fv-az152-207
2023-05-05 09:12:34,611 [om1-impl-thread1] INFO  storage.RaftStorage (RaftStorageImpl.java:format(96)) - Storage directory /home/runner/work/ozone/ozone/hadoop-ozone/integration-test/target/test-dir/MiniOzoneClusterImpl-4dcb9f95-e710-4738-865b-4645215bc4f4/ozone-meta/ratis/bf265839-605b-3f16-9796-c5ba1605619e has been successfully formatted.
2023-05-05 09:12:34,611 [om1-impl-thread1] INFO  server.RaftServerConfigKeys (ConfUtils.java:logGet(46)) - raft.server.log.use.memory = false (default)
2023-05-05 09:12:34,611 [om1-impl-thread1] INFO  server.RaftServerConfigKeys (ConfUtils.java:logGet(46)) - raft.server.log.purge.gap = 1000000 (custom)
2023-05-05 09:12:34,611 [om1-impl-thread1] INFO  server.RaftServerConfigKeys (ConfUtils.java:logGet(46)) - raft.server.log.appender.buffer.byte-limit = 33554432 (custom)
2023-05-05 09:12:34,611 [om1-impl-thread1] INFO  server.RaftServerConfigKeys (ConfUtils.java:logGet(46)) - raft.server.log.statemachine.data.read.timeout = 1000ms (default)
2023-05-05 09:12:34,611 [om1-impl-thread1] INFO  server.RaftServerConfigKeys (ConfUtils.java:logGet(46)) - raft.server.log.purge.preservation.log.num = 0 (default)
2023-05-05 09:12:34,611 [om1-impl-thread1] INFO  server.RaftServerConfigKeys (ConfUtils.java:logGet(46)) - raft.server.log.segment.size.max = 4194304 (custom)
2023-05-05 09:12:34,612 [om1-impl-thread1] INFO  server.RaftServerConfigKeys (ConfUtils.java:logGet(46)) - raft.server.log.segment.cache.num.max = 2 (custom)
2023-05-05 09:12:34,612 [om1-impl-thread1] INFO  server.RaftServerConfigKeys (ConfUtils.java:logGet(46)) - raft.server.log.segment.cache.size.max = 200MB (=209715200) (default)
2023-05-05 09:12:34,612 [om1-impl-thread1] INFO  segmented.SegmentedRaftLogWorker (SegmentedRaftLogWorker.java:<init>(189)) - new om1@group-C5BA1605619E-SegmentedRaftLogWorker for RaftStorageImpl:Storage Directory /home/runner/work/ozone/ozone/hadoop-ozone/integration-test/target/test-dir/MiniOzoneClusterImpl-4dcb9f95-e710-4738-865b-4645215bc4f4/ozone-meta/ratis/bf265839-605b-3f16-9796-c5ba1605619e
2023-05-05 09:12:34,612 [om1-impl-thread1] INFO  server.RaftServerConfigKeys (ConfUtils.java:logGet(46)) - raft.server.log.queue.byte-limit = 64MB (=67108864) (default)
2023-05-05 09:12:34,612 [om1-impl-thread1] INFO  server.RaftServerConfigKeys (ConfUtils.java:logGet(46)) - raft.server.log.queue.element-limit = 4096 (default)
2023-05-05 09:12:34,612 [om1-impl-thread1] INFO  server.RaftServerConfigKeys (ConfUtils.java:logGet(46)) - raft.server.log.segment.size.max = 4194304 (custom)
2023-05-05 09:12:34,612 [om1-impl-thread1] INFO  server.RaftServerConfigKeys (ConfUtils.java:logGet(46)) - raft.server.log.preallocated.size = 4194304 (custom)
2023-05-05 09:12:34,612 [om1-impl-thread1] INFO  server.RaftServerConfigKeys (ConfUtils.java:logGet(46)) - raft.server.log.force.sync.num = 128 (default)
2023-05-05 09:12:34,612 [om1-impl-thread1] INFO  server.RaftServerConfigKeys (ConfUtils.java:logGet(46)) - raft.server.log.statemachine.data.sync = true (default)
2023-05-05 09:12:34,612 [om1-impl-thread1] INFO  server.RaftServerConfigKeys (ConfUtils.java:logGet(46)) - raft.server.log.statemachine.data.sync.timeout = 10s (default)
2023-05-05 09:12:34,612 [om1-impl-thread1] INFO  server.RaftServerConfigKeys (ConfUtils.java:logGet(46)) - raft.server.log.statemachine.data.sync.timeout.retry = -1 (default)
2023-05-05 09:12:34,612 [om1-impl-thread1] INFO  server.RaftServerConfigKeys (ConfUtils.java:logGet(46)) - raft.server.log.write.buffer.size = 64KB (=65536) (default)
2023-05-05 09:12:34,612 [om1-impl-thread1] INFO  server.RaftServerConfigKeys (ConfUtils.java:logGet(46)) - raft.server.log.appender.buffer.byte-limit = 33554432 (custom)
2023-05-05 09:12:34,617 [om1-impl-thread1] INFO  server.RaftServerConfigKeys (ConfUtils.java:logGet(46)) - raft.server.log.unsafe-flush.enabled = false (default)
2023-05-05 09:12:34,617 [om1-impl-thread1] INFO  server.RaftServerConfigKeys (ConfUtils.java:logGet(46)) - raft.server.log.async-flush.enabled = false (default)
2023-05-05 09:12:34,617 [om1-impl-thread1] INFO  server.RaftServerConfigKeys (ConfUtils.java:logGet(46)) - raft.server.log.statemachine.data.caching.enabled = false (default)
2023-05-05 09:12:34,617 [om1-impl-thread1] INFO  segmented.SegmentedRaftLogWorker (SegmentedRaftLogWorker.java:lambda$new$0(135)) - om1@group-C5BA1605619E-SegmentedRaftLogWorker: flushIndex: setUnconditionally 0 -> -1
2023-05-05 09:12:34,618 [om1-impl-thread1] INFO  segmented.SegmentedRaftLogWorker (SegmentedRaftLogWorker.java:lambda$new$0(135)) - om1@group-C5BA1605619E-SegmentedRaftLogWorker: safeCacheEvictIndex: setUnconditionally 0 -> -1
2023-05-05 09:12:34,618 [om1-impl-thread1] INFO  server.RaftServer$Division (RaftServerImpl.java:start(334)) - om1@group-C5BA1605619E: start as a follower, conf=-1: peers:[om1|rpc:localhost:9872|priority:0|startupRole:FOLLOWER]|listeners:[], old=null
2023-05-05 09:12:34,618 [om1-impl-thread1] INFO  server.RaftServer$Division (RaftServerImpl.java:setRole(321)) - om1@group-C5BA1605619E: changes role from      null to FOLLOWER at term 0 for startAsFollower
2023-05-05 09:12:34,618 [om1-impl-thread1] INFO  impl.RoleInfo (RoleInfo.java:updateAndGet(139)) - om1: start om1@group-C5BA1605619E-FollowerState
2023-05-05 09:12:34,618 [om1@group-C5BA1605619E-FollowerState] INFO  server.RaftServerConfigKeys (ConfUtils.java:logFallback(53)) - raft.server.rpc.first-election.timeout.min = 1s (fallback to raft.server.rpc.timeout.min)
2023-05-05 09:12:34,618 [om1-impl-thread1] INFO  util.JmxRegister (JmxRegister.java:tryRegister(44)) - Successfully registered JMX Bean with object name Ratis:service=RaftServer,group=group-C5BA1605619E,id=om1
2023-05-05 09:12:34,618 [om1@group-C5BA1605619E-FollowerState] INFO  server.RaftServerConfigKeys (ConfUtils.java:logFallback(53)) - raft.server.rpc.first-election.timeout.max = 1200ms (fallback to raft.server.rpc.timeout.max)
2023-05-05 09:12:34,618 [om1-impl-thread1] INFO  server.RaftServerConfigKeys (ConfUtils.java:logGet(46)) - raft.server.snapshot.auto.trigger.enabled = true (custom)
2023-05-05 09:12:34,618 [om1-impl-thread1] INFO  server.RaftServerConfigKeys (ConfUtils.java:logGet(46)) - raft.server.snapshot.auto.trigger.threshold = 400000 (default)
2023-05-05 09:12:34,618 [om1-impl-thread1] INFO  server.RaftServerConfigKeys (ConfUtils.java:logGet(46)) - raft.server.snapshot.retention.file.num = -1 (default)
2023-05-05 09:12:34,619 [om1-impl-thread1] INFO  server.RaftServerConfigKeys (ConfUtils.java:logGet(46)) - raft.server.log.purge.upto.snapshot.index = true (custom)
2023-05-05 09:12:34,619 [Listener at 127.0.0.1/42865] INFO  server.RaftServer (RaftServerProxy.java:startImpl(393)) - om1: start RPC server
2023-05-05 09:12:34,622 [Listener at 127.0.0.1/42865] INFO  server.GrpcService (GrpcService.java:startImpl(262)) - om1: GrpcService started, listening on 9872
2023-05-05 09:12:34,622 [JvmPauseMonitor16] INFO  util.JvmPauseMonitor (JvmPauseMonitor.java:run(105)) - JvmPauseMonitor-om1: Started
2023-05-05 09:12:34,622 [Listener at 127.0.0.1/42865] INFO  om.OzoneManager (OzoneManager.java:start(1590)) - Version File has different layout version (4) than OM DB (null). That is expected if this OM has never been finalized to a newer layout version.
2023-05-05 09:12:34,626 [Listener at 127.0.0.1/42865] INFO  http.BaseHttpServer (BaseHttpServer.java:newHttpServer2BuilderForOzone(224)) - Starting Web-server for ozoneManager at: http://0.0.0.0:0
2023-05-05 09:12:34,626 [Listener at 127.0.0.1/42865] INFO  http.BaseHttpServer (BaseHttpServer.java:<init>(111)) - Hadoop Security Enabled: false Ozone Security Enabled: false Ozone HTTP Security Enabled: false 
2023-05-05 09:12:34,627 [Listener at 127.0.0.1/42865] WARN  server.AuthenticationFilter (AuthenticationFilter.java:constructSecretProvider(240)) - Unable to initialize FileSignerSecretProvider, falling back to use random secrets. Reason: Could not read signature secret file: /home/runner/hadoop-http-auth-signature-secret
2023-05-05 09:12:34,630 [Listener at 127.0.0.1/42865] INFO  http.HttpRequestLog (HttpRequestLog.java:getRequestLog(86)) - Http request log for http.requests.ozoneManager is not defined
2023-05-05 09:12:34,632 [Listener at 127.0.0.1/42865] INFO  http.HttpServer2 (HttpServer2.java:addGlobalFilter(1031)) - Added global filter 'safety' (class=org.apache.hadoop.hdds.server.http.HttpServer2$QuotingInputFilter)
2023-05-05 09:12:34,633 [Listener at 127.0.0.1/42865] INFO  http.HttpServer2 (HttpServer2.java:addFilter(1007)) - Added filter static_user_filter (class=org.apache.hadoop.http.lib.StaticUserWebFilter$StaticUserFilter) to context ozoneManager
2023-05-05 09:12:34,633 [Listener at 127.0.0.1/42865] INFO  http.HttpServer2 (HttpServer2.java:addFilter(1015)) - Added filter static_user_filter (class=org.apache.hadoop.http.lib.StaticUserWebFilter$StaticUserFilter) to context logs
2023-05-05 09:12:34,633 [Listener at 127.0.0.1/42865] INFO  http.HttpServer2 (HttpServer2.java:addFilter(1015)) - Added filter static_user_filter (class=org.apache.hadoop.http.lib.StaticUserWebFilter$StaticUserFilter) to context static
2023-05-05 09:12:34,633 [Listener at 127.0.0.1/42865] INFO  http.BaseHttpServer (BaseHttpServer.java:<init>(190)) - HTTP server of ozoneManager uses base directory /home/runner/work/ozone/ozone/hadoop-ozone/integration-test/target/test-dir/MiniOzoneClusterImpl-4dcb9f95-e710-4738-865b-4645215bc4f4/ozone-meta/webserver
2023-05-05 09:12:34,634 [Listener at 127.0.0.1/42865] INFO  http.HttpServer2 (HttpServer2.java:bindListener(1250)) - Jetty bound to port 45691
2023-05-05 09:12:34,634 [Listener at 127.0.0.1/42865] INFO  server.Server (Server.java:doStart(375)) - jetty-9.4.51.v20230217; built: 2023-02-17T08:19:37.309Z; git: b45c405e4544384de066f814ed42ae3dceacdd49; jvm 1.8.0_362-b09
2023-05-05 09:12:34,635 [Listener at 127.0.0.1/42865] INFO  server.session (DefaultSessionIdManager.java:doStart(334)) - DefaultSessionIdManager workerName=node0
2023-05-05 09:12:34,635 [Listener at 127.0.0.1/42865] INFO  server.session (DefaultSessionIdManager.java:doStart(339)) - No SessionScavenger set, using defaults
2023-05-05 09:12:34,635 [Listener at 127.0.0.1/42865] INFO  server.session (HouseKeeper.java:startScavenging(132)) - node0 Scavenging every 600000ms
2023-05-05 09:12:34,636 [Listener at 127.0.0.1/42865] INFO  handler.ContextHandler (ContextHandler.java:doStart(921)) - Started o.e.j.s.ServletContextHandler@1e891c43{logs,/logs,file:///home/runner/work/ozone/ozone/hadoop-ozone/integration-test/target/log,AVAILABLE}
2023-05-05 09:12:34,637 [Listener at 127.0.0.1/42865] INFO  handler.ContextHandler (ContextHandler.java:doStart(921)) - Started o.e.j.s.ServletContextHandler@3f0f28c1{static,/static,file:///home/runner/work/ozone/ozone/hadoop-ozone/integration-test/target/test-classes/webapps/static,AVAILABLE}
2023-05-05 09:12:34,639 [Listener at 127.0.0.1/42865] INFO  handler.ContextHandler (ContextHandler.java:doStart(921)) - Started o.e.j.w.WebAppContext@41bcc685{ozoneManager,/,file:///home/runner/work/ozone/ozone/hadoop-ozone/integration-test/target/test-classes/webapps/ozoneManager/,AVAILABLE}{file:/home/runner/work/ozone/ozone/hadoop-ozone/integration-test/target/test-classes/webapps/ozoneManager}
2023-05-05 09:12:34,641 [Listener at 127.0.0.1/42865] INFO  server.AbstractConnector (AbstractConnector.java:doStart(333)) - Started ServerConnector@5f774bb{HTTP/1.1, (http/1.1)}{0.0.0.0:45691}
2023-05-05 09:12:34,641 [Listener at 127.0.0.1/42865] INFO  server.Server (Server.java:doStart(415)) - Started @145994ms
2023-05-05 09:12:34,641 [Listener at 127.0.0.1/42865] WARN  impl.MetricsSystemImpl (MetricsSystemImpl.java:register(279)) - Sink prometheus already exists!
2023-05-05 09:12:34,642 [Listener at 127.0.0.1/42865] INFO  http.BaseHttpServer (BaseHttpServer.java:updateConnectorAddress(344)) - HTTP server of ozoneManager listening at http://0.0.0.0:45691
2023-05-05 09:12:34,644 [IPC Server Responder] INFO  ipc.Server (Server.java:run(1558)) - IPC Server Responder: starting
2023-05-05 09:12:34,646 [Listener at 127.0.0.1/42865] INFO  om.OzoneManager (OzoneManager.java:startTrashEmptier(2050)) - Trash Interval set to 0. Files deleted won't move to trash
2023-05-05 09:12:34,647 [org.apache.hadoop.util.JvmPauseMonitor$Monitor@14268b28] INFO  util.JvmPauseMonitor (JvmPauseMonitor.java:run(188)) - Starting JVM pause monitor
2023-05-05 09:12:34,652 [IPC Server listener on 0] INFO  ipc.Server (Server.java:run(1398)) - IPC Server listener on 0: starting
2023-05-05 09:12:34,665 [Listener at 127.0.0.1/42865] WARN  impl.MetricRegistriesImpl (MetricRegistriesImpl.java:addReporterRegistration(111)) - New reporters are added after registries were created. Some metrics will be missing from the reporter. Please add reporter before adding any new registry.
2023-05-05 09:12:34,665 [Listener at 127.0.0.1/42865] WARN  impl.MetricRegistriesImpl (MetricRegistriesImpl.java:addReporterRegistration(111)) - New reporters are added after registries were created. Some metrics will be missing from the reporter. Please add reporter before adding any new registry.
2023-05-05 09:12:34,665 [Listener at 127.0.0.1/42865] INFO  impl.MetricsSystemImpl (MetricsSystemImpl.java:init(158)) - HddsDatanode metrics system started (again)
2023-05-05 09:12:34,678 [Listener at 127.0.0.1/42865] INFO  ozone.HddsDatanodeService (HddsDatanodeService.java:start(252)) - HddsDatanodeService host:fv-az152-207.qln5d00okglujjccfnhxhxodph.cx.internal.cloudapp.net ip:10.1.0.42
2023-05-05 09:12:34,705 [Listener at 127.0.0.1/42865] INFO  upgrade.AbstractLayoutVersionManager (AbstractLayoutVersionManager.java:init(83)) - Initializing Layout version manager with metadata layout = WEBUI_PORTS_IN_DATANODEDETAILS (version = 6), software layout = WEBUI_PORTS_IN_DATANODEDETAILS (version = 6)
2023-05-05 09:12:34,755 [Listener at 127.0.0.1/42865] INFO  reflections.Reflections (Reflections.java:scan(232)) - Reflections took 48 ms to scan 7 urls, producing 156 keys and 369 values 
2023-05-05 09:12:34,757 [Listener at 127.0.0.1/42865] INFO  statemachine.DatanodeStateMachine (DatanodeStateMachine.java:getEndPointTaskThreadPoolSize(267)) - Datanode State Machine Task Thread Pool size 2
2023-05-05 09:12:34,765 [Listener at 127.0.0.1/42865] INFO  volume.HddsVolume (HddsVolume.java:<init>(130)) - Creating HddsVolume: /home/runner/work/ozone/ozone/hadoop-ozone/integration-test/target/test-dir/MiniOzoneClusterImpl-4dcb9f95-e710-4738-865b-4645215bc4f4/datanode-0/data-0/containers/hdds of storage type : DISK capacity : 9223372036854775807
2023-05-05 09:12:34,765 [Listener at 127.0.0.1/42865] INFO  volume.MutableVolumeSet (MutableVolumeSet.java:initializeVolumeSet(175)) - Added Volume : /home/runner/work/ozone/ozone/hadoop-ozone/integration-test/target/test-dir/MiniOzoneClusterImpl-4dcb9f95-e710-4738-865b-4645215bc4f4/datanode-0/data-0/containers/hdds to VolumeSet
2023-05-05 09:12:34,765 [Listener at 127.0.0.1/42865] INFO  volume.ThrottledAsyncChecker (ThrottledAsyncChecker.java:schedule(141)) - Scheduling a check for /home/runner/work/ozone/ozone/hadoop-ozone/integration-test/target/test-dir/MiniOzoneClusterImpl-4dcb9f95-e710-4738-865b-4645215bc4f4/datanode-0/data-0/containers/hdds
2023-05-05 09:12:34,766 [Listener at 127.0.0.1/42865] INFO  volume.StorageVolumeChecker (StorageVolumeChecker.java:checkAllVolumes(202)) - Scheduled health check for volume /home/runner/work/ozone/ozone/hadoop-ozone/integration-test/target/test-dir/MiniOzoneClusterImpl-4dcb9f95-e710-4738-865b-4645215bc4f4/datanode-0/data-0/containers/hdds
2023-05-05 09:12:34,778 [Listener at 127.0.0.1/42865] INFO  volume.MutableVolumeSet (MutableVolumeSet.java:initializeVolumeSet(175)) - Added Volume : /home/runner/work/ozone/ozone/hadoop-ozone/integration-test/target/test-dir/MiniOzoneClusterImpl-4dcb9f95-e710-4738-865b-4645215bc4f4/datanode-0/data/ratis to VolumeSet
2023-05-05 09:12:34,779 [Listener at 127.0.0.1/42865] INFO  volume.ThrottledAsyncChecker (ThrottledAsyncChecker.java:schedule(141)) - Scheduling a check for /home/runner/work/ozone/ozone/hadoop-ozone/integration-test/target/test-dir/MiniOzoneClusterImpl-4dcb9f95-e710-4738-865b-4645215bc4f4/datanode-0/data/ratis
2023-05-05 09:12:34,779 [Listener at 127.0.0.1/42865] INFO  volume.StorageVolumeChecker (StorageVolumeChecker.java:checkAllVolumes(202)) - Scheduled health check for volume /home/runner/work/ozone/ozone/hadoop-ozone/integration-test/target/test-dir/MiniOzoneClusterImpl-4dcb9f95-e710-4738-865b-4645215bc4f4/datanode-0/data/ratis
2023-05-05 09:12:34,792 [Thread-1788] INFO  ozoneimpl.ContainerReader (ContainerReader.java:readVolume(175)) - Finish verifying containers on volume /home/runner/work/ozone/ozone/hadoop-ozone/integration-test/target/test-dir/MiniOzoneClusterImpl-4dcb9f95-e710-4738-865b-4645215bc4f4/datanode-0/data-0/containers/hdds
2023-05-05 09:12:34,792 [Listener at 127.0.0.1/42865] INFO  ozoneimpl.OzoneContainer (OzoneContainer.java:buildContainerSet(303)) - Build ContainerSet costs 0s
2023-05-05 09:12:34,794 [Listener at 127.0.0.1/42865] INFO  server.RaftServer (ConfUtils.java:logGet(46)) - raft.rpc.type = GRPC (default)
2023-05-05 09:12:34,796 [Listener at 127.0.0.1/42865] INFO  grpc.GrpcConfigKeys (ConfUtils.java:logFallback(53)) - raft.grpc.admin.host = null (fallback to raft.grpc.server.host)
2023-05-05 09:12:34,796 [Listener at 127.0.0.1/42865] INFO  grpc.GrpcConfigKeys (ConfUtils.java:logGet(46)) - raft.grpc.admin.port = 0 (custom)
2023-05-05 09:12:34,796 [Listener at 127.0.0.1/42865] INFO  grpc.GrpcConfigKeys (ConfUtils.java:logFallback(53)) - raft.grpc.client.host = null (fallback to raft.grpc.server.host)
2023-05-05 09:12:34,796 [Listener at 127.0.0.1/42865] INFO  grpc.GrpcConfigKeys (ConfUtils.java:logGet(46)) - raft.grpc.client.port = 0 (custom)
2023-05-05 09:12:34,796 [Listener at 127.0.0.1/42865] INFO  grpc.GrpcConfigKeys (ConfUtils.java:logGet(46)) - raft.grpc.server.host = null (default)
2023-05-05 09:12:34,797 [Listener at 127.0.0.1/42865] INFO  grpc.GrpcConfigKeys (ConfUtils.java:logGet(46)) - raft.grpc.server.port = 0 (default)
2023-05-05 09:12:34,797 [Listener at 127.0.0.1/42865] INFO  server.GrpcService (ConfUtils.java:logGet(46)) - raft.grpc.message.size.max = 32MB (=33554432) (custom)
2023-05-05 09:12:34,797 [Listener at 127.0.0.1/42865] INFO  server.RaftServerConfigKeys (ConfUtils.java:logGet(46)) - raft.server.log.appender.buffer.byte-limit = 33554432 (custom)
2023-05-05 09:12:34,797 [Listener at 127.0.0.1/42865] INFO  server.GrpcService (ConfUtils.java:logGet(46)) - raft.grpc.flow.control.window = 5MB (=5242880) (custom)
2023-05-05 09:12:34,797 [Listener at 127.0.0.1/42865] INFO  server.RaftServerConfigKeys (ConfUtils.java:logGet(46)) - raft.server.rpc.request.timeout = 60s (custom)
2023-05-05 09:12:34,797 [Listener at 127.0.0.1/42865] INFO  grpc.GrpcConfigKeys (ConfUtils.java:logGet(46)) - raft.grpc.server.heartbeat.channel = true (default)
2023-05-05 09:12:34,797 [Listener at 127.0.0.1/42865] INFO  grpc.GrpcConfigKeys (ConfUtils.java:logGet(46)) - raft.grpc.server.async.request.thread.pool.cached = true (default)
2023-05-05 09:12:34,797 [Listener at 127.0.0.1/42865] INFO  grpc.GrpcConfigKeys (ConfUtils.java:logGet(46)) - raft.grpc.server.async.request.thread.pool.size = 32 (default)
2023-05-05 09:12:34,800 [Listener at 127.0.0.1/42865] INFO  impl.DataStreamServerImpl (ConfUtils.java:logGet(46)) - raft.datastream.type = NETTY (custom)
2023-05-05 09:12:34,801 [Listener at 127.0.0.1/42865] INFO  server.RaftServerConfigKeys (ConfUtils.java:logGet(46)) - raft.server.data-stream.async.request.thread.pool.cached = false (default)
2023-05-05 09:12:34,801 [Listener at 127.0.0.1/42865] INFO  server.RaftServerConfigKeys (ConfUtils.java:logGet(46)) - raft.server.data-stream.async.request.thread.pool.size = 20 (custom)
2023-05-05 09:12:34,801 [Listener at 127.0.0.1/42865] INFO  server.RaftServerConfigKeys (ConfUtils.java:logGet(46)) - raft.server.data-stream.async.write.thread.pool.size = 16 (default)
2023-05-05 09:12:34,801 [Listener at 127.0.0.1/42865] INFO  server.RaftServerConfigKeys (ConfUtils.java:logGet(46)) - raft.server.data-stream.client.pool.size = 10 (default)
2023-05-05 09:12:34,801 [Listener at 127.0.0.1/42865] INFO  netty.NettyConfigKeys$DataStream (ConfUtils.java:logGet(46)) - raft.netty.dataStream.server.use-epoll = false (default)
2023-05-05 09:12:34,801 [Listener at 127.0.0.1/42865] INFO  netty.NettyConfigKeys$DataStream (ConfUtils.java:logGet(46)) - raft.netty.dataStream.server.boss-group.size = 0 (default)
2023-05-05 09:12:34,802 [Listener at 127.0.0.1/42865] INFO  netty.NettyConfigKeys$DataStream (ConfUtils.java:logGet(46)) - raft.netty.dataStream.server.worker-group.size = 0 (default)
2023-05-05 09:12:34,802 [Listener at 127.0.0.1/42865] INFO  netty.NettyConfigKeys$DataStream (ConfUtils.java:logGet(46)) - raft.netty.dataStream.server.tls.conf = null (default)
2023-05-05 09:12:34,802 [Listener at 127.0.0.1/42865] INFO  netty.NettyConfigKeys$DataStream (ConfUtils.java:logGet(46)) - raft.netty.dataStream.host = null (default)
2023-05-05 09:12:34,802 [Listener at 127.0.0.1/42865] INFO  netty.NettyConfigKeys$DataStream (ConfUtils.java:logGet(46)) - raft.netty.dataStream.port = 0 (default)
2023-05-05 09:12:34,803 [Listener at 127.0.0.1/42865] INFO  server.RaftServerConfigKeys (ConfUtils.java:logGet(46)) - raft.server.threadpool.proxy.cached = true (default)
2023-05-05 09:12:34,803 [Listener at 127.0.0.1/42865] INFO  server.RaftServerConfigKeys (ConfUtils.java:logGet(46)) - raft.server.threadpool.proxy.size = 0 (default)
2023-05-05 09:12:34,803 [Listener at 127.0.0.1/42865] INFO  server.RaftServerConfigKeys (ConfUtils.java:logGet(46)) - raft.server.rpc.slowness.timeout = 300s (custom)
2023-05-05 09:12:34,803 [Listener at 127.0.0.1/42865] INFO  server.RaftServerConfigKeys (ConfUtils.java:logGet(46)) - raft.server.leaderelection.leader.step-down.wait-time = 10s (default)
2023-05-05 09:12:34,803 [Listener at 127.0.0.1/42865] INFO  server.RaftServerConfigKeys (ConfUtils.java:logGet(46)) - raft.server.storage.dir = [/home/runner/work/ozone/ozone/hadoop-ozone/integration-test/target/test-dir/MiniOzoneClusterImpl-4dcb9f95-e710-4738-865b-4645215bc4f4/datanode-0/data/ratis] (custom)
2023-05-05 09:12:34,804 [00583802-0da6-49c8-9580-d04d83e5b4a4-NettyServerStreamRpc-bossGroup--thread1] INFO  logging.LoggingHandler (AbstractInternalLogger.java:log(148)) - [id: 0x38194266] REGISTERED
2023-05-05 09:12:34,804 [00583802-0da6-49c8-9580-d04d83e5b4a4-NettyServerStreamRpc-bossGroup--thread1] INFO  logging.LoggingHandler (AbstractInternalLogger.java:log(148)) - [id: 0x38194266] BIND: 0.0.0.0/0.0.0.0:0
2023-05-05 09:12:34,804 [00583802-0da6-49c8-9580-d04d83e5b4a4-NettyServerStreamRpc-bossGroup--thread1] INFO  logging.LoggingHandler (AbstractInternalLogger.java:log(148)) - [id: 0x38194266, L:/0:0:0:0:0:0:0:0:46501] ACTIVE
2023-05-05 09:12:34,806 [Listener at 127.0.0.1/42865] INFO  server.XceiverServerGrpc (XceiverServerGrpc.java:<init>(132)) - GrpcServer channel type EpollServerSocketChannel
2023-05-05 09:12:34,807 [Listener at 127.0.0.1/42865] INFO  replication.ReplicationSupervisor (ReplicationSupervisor.java:nodeStateUpdated(290)) - Node state updated to IN_SERVICE, scaling executor pool size to 10
2023-05-05 09:12:34,811 [Listener at 127.0.0.1/42865] INFO  http.BaseHttpServer (BaseHttpServer.java:newHttpServer2BuilderForOzone(224)) - Starting Web-server for hddsDatanode at: http://0.0.0.0:0
2023-05-05 09:12:34,811 [Listener at 127.0.0.1/42865] INFO  http.BaseHttpServer (BaseHttpServer.java:<init>(111)) - Hadoop Security Enabled: false Ozone Security Enabled: false Ozone HTTP Security Enabled: false 
2023-05-05 09:12:34,812 [Listener at 127.0.0.1/42865] WARN  server.AuthenticationFilter (AuthenticationFilter.java:constructSecretProvider(240)) - Unable to initialize FileSignerSecretProvider, falling back to use random secrets. Reason: Could not read signature secret file: /home/runner/hadoop-http-auth-signature-secret
2023-05-05 09:12:34,816 [Listener at 127.0.0.1/42865] INFO  http.HttpRequestLog (HttpRequestLog.java:getRequestLog(86)) - Http request log for http.requests.hddsDatanode is not defined
2023-05-05 09:12:34,818 [Listener at 127.0.0.1/42865] INFO  http.HttpServer2 (HttpServer2.java:addGlobalFilter(1031)) - Added global filter 'safety' (class=org.apache.hadoop.hdds.server.http.HttpServer2$QuotingInputFilter)
2023-05-05 09:12:34,818 [Listener at 127.0.0.1/42865] INFO  http.HttpServer2 (HttpServer2.java:addFilter(1007)) - Added filter static_user_filter (class=org.apache.hadoop.http.lib.StaticUserWebFilter$StaticUserFilter) to context hddsDatanode
2023-05-05 09:12:34,818 [Listener at 127.0.0.1/42865] INFO  http.HttpServer2 (HttpServer2.java:addFilter(1015)) - Added filter static_user_filter (class=org.apache.hadoop.http.lib.StaticUserWebFilter$StaticUserFilter) to context logs
2023-05-05 09:12:34,818 [Listener at 127.0.0.1/42865] INFO  http.HttpServer2 (HttpServer2.java:addFilter(1015)) - Added filter static_user_filter (class=org.apache.hadoop.http.lib.StaticUserWebFilter$StaticUserFilter) to context static
2023-05-05 09:12:34,819 [Listener at 127.0.0.1/42865] INFO  http.BaseHttpServer (BaseHttpServer.java:<init>(190)) - HTTP server of hddsDatanode uses base directory /home/runner/work/ozone/ozone/hadoop-ozone/integration-test/target/test-dir/MiniOzoneClusterImpl-4dcb9f95-e710-4738-865b-4645215bc4f4/datanode-0/meta/webserver
2023-05-05 09:12:34,819 [Listener at 127.0.0.1/42865] INFO  http.HttpServer2 (HttpServer2.java:bindListener(1250)) - Jetty bound to port 33169
2023-05-05 09:12:34,819 [Listener at 127.0.0.1/42865] INFO  server.Server (Server.java:doStart(375)) - jetty-9.4.51.v20230217; built: 2023-02-17T08:19:37.309Z; git: b45c405e4544384de066f814ed42ae3dceacdd49; jvm 1.8.0_362-b09
2023-05-05 09:12:34,824 [Listener at 127.0.0.1/42865] INFO  server.session (DefaultSessionIdManager.java:doStart(334)) - DefaultSessionIdManager workerName=node0
2023-05-05 09:12:34,824 [Listener at 127.0.0.1/42865] INFO  server.session (DefaultSessionIdManager.java:doStart(339)) - No SessionScavenger set, using defaults
2023-05-05 09:12:34,825 [Listener at 127.0.0.1/42865] INFO  server.session (HouseKeeper.java:startScavenging(132)) - node0 Scavenging every 660000ms
2023-05-05 09:12:34,825 [Listener at 127.0.0.1/42865] INFO  handler.ContextHandler (ContextHandler.java:doStart(921)) - Started o.e.j.s.ServletContextHandler@3013fde6{logs,/logs,file:///home/runner/work/ozone/ozone/hadoop-ozone/integration-test/target/log,AVAILABLE}
2023-05-05 09:12:34,825 [Listener at 127.0.0.1/42865] INFO  handler.ContextHandler (ContextHandler.java:doStart(921)) - Started o.e.j.s.ServletContextHandler@7a6864d6{static,/static,jar:file:/home/runner/.m2/repository/org/apache/ozone/hdds-container-service/1.4.0-SNAPSHOT/hdds-container-service-1.4.0-SNAPSHOT.jar!/webapps/static,AVAILABLE}
2023-05-05 09:12:35,028 [Listener at 127.0.0.1/42865] INFO  handler.ContextHandler (ContextHandler.java:doStart(921)) - Started o.e.j.w.WebAppContext@7eabb37c{hddsDatanode,/,file:///home/runner/work/ozone/ozone/hadoop-ozone/integration-test/target/test-dir/MiniOzoneClusterImpl-4dcb9f95-e710-4738-865b-4645215bc4f4/datanode-0/meta/webserver/jetty-0_0_0_0-33169-hdds-container-service-1_4_0-SNAPSHOT_jar-_-any-1453753395729813092/webapp/,AVAILABLE}{jar:file:/home/runner/.m2/repository/org/apache/ozone/hdds-container-service/1.4.0-SNAPSHOT/hdds-container-service-1.4.0-SNAPSHOT.jar!/webapps/hddsDatanode}
2023-05-05 09:12:35,030 [Listener at 127.0.0.1/42865] INFO  server.AbstractConnector (AbstractConnector.java:doStart(333)) - Started ServerConnector@3c8b3508{HTTP/1.1, (http/1.1)}{0.0.0.0:33169}
2023-05-05 09:12:35,030 [Listener at 127.0.0.1/42865] INFO  server.Server (Server.java:doStart(415)) - Started @146383ms
2023-05-05 09:12:35,030 [Listener at 127.0.0.1/42865] WARN  impl.MetricsSystemImpl (MetricsSystemImpl.java:register(279)) - Sink prometheus already exists!
2023-05-05 09:12:35,031 [Listener at 127.0.0.1/42865] INFO  http.BaseHttpServer (BaseHttpServer.java:updateConnectorAddress(344)) - HTTP server of hddsDatanode listening at http://0.0.0.0:33169
2023-05-05 09:12:35,031 [Datanode State Machine Daemon Thread] INFO  statemachine.DatanodeStateMachine (DatanodeStateMachine.java:lambda$startDaemon$0(524)) - Ozone container server started.
2023-05-05 09:12:35,033 [Listener at 127.0.0.1/42865] WARN  impl.MetricRegistriesImpl (MetricRegistriesImpl.java:addReporterRegistration(111)) - New reporters are added after registries were created. Some metrics will be missing from the reporter. Please add reporter before adding any new registry.
2023-05-05 09:12:35,034 [Listener at 127.0.0.1/42865] WARN  impl.MetricRegistriesImpl (MetricRegistriesImpl.java:addReporterRegistration(111)) - New reporters are added after registries were created. Some metrics will be missing from the reporter. Please add reporter before adding any new registry.
2023-05-05 09:12:35,034 [Listener at 127.0.0.1/42865] INFO  impl.MetricsSystemImpl (MetricsSystemImpl.java:init(158)) - HddsDatanode metrics system started (again)
2023-05-05 09:12:35,048 [org.apache.hadoop.util.JvmPauseMonitor$Monitor@17fbdc1c] INFO  util.JvmPauseMonitor (JvmPauseMonitor.java:run(188)) - Starting JVM pause monitor
2023-05-05 09:12:35,051 [Listener at 127.0.0.1/42865] INFO  ozone.HddsDatanodeService (HddsDatanodeService.java:start(252)) - HddsDatanodeService host:fv-az152-207.qln5d00okglujjccfnhxhxodph.cx.internal.cloudapp.net ip:10.1.0.42
2023-05-05 09:12:35,056 [Datanode State Machine Task Thread - 0] INFO  datanode.InitDatanodeState (InitDatanodeState.java:persistContainerDatanodeDetails(138)) - DatanodeDetails is persisted to /home/runner/work/ozone/ozone/hadoop-ozone/integration-test/target/test-dir/MiniOzoneClusterImpl-4dcb9f95-e710-4738-865b-4645215bc4f4/datanode-0/meta/datanode.id
2023-05-05 09:12:35,074 [Listener at 127.0.0.1/42865] INFO  upgrade.AbstractLayoutVersionManager (AbstractLayoutVersionManager.java:init(83)) - Initializing Layout version manager with metadata layout = WEBUI_PORTS_IN_DATANODEDETAILS (version = 6), software layout = WEBUI_PORTS_IN_DATANODEDETAILS (version = 6)
2023-05-05 09:12:35,125 [Listener at 127.0.0.1/42865] INFO  reflections.Reflections (Reflections.java:scan(232)) - Reflections took 50 ms to scan 7 urls, producing 156 keys and 369 values 
2023-05-05 09:12:35,127 [Listener at 127.0.0.1/42865] INFO  statemachine.DatanodeStateMachine (DatanodeStateMachine.java:getEndPointTaskThreadPoolSize(267)) - Datanode State Machine Task Thread Pool size 2
2023-05-05 09:12:35,129 [Listener at 127.0.0.1/42865] INFO  volume.HddsVolume (HddsVolume.java:<init>(130)) - Creating HddsVolume: /home/runner/work/ozone/ozone/hadoop-ozone/integration-test/target/test-dir/MiniOzoneClusterImpl-4dcb9f95-e710-4738-865b-4645215bc4f4/datanode-1/data-0/containers/hdds of storage type : DISK capacity : 9223372036854775807
2023-05-05 09:12:35,129 [Listener at 127.0.0.1/42865] INFO  volume.MutableVolumeSet (MutableVolumeSet.java:initializeVolumeSet(175)) - Added Volume : /home/runner/work/ozone/ozone/hadoop-ozone/integration-test/target/test-dir/MiniOzoneClusterImpl-4dcb9f95-e710-4738-865b-4645215bc4f4/datanode-1/data-0/containers/hdds to VolumeSet
2023-05-05 09:12:35,130 [Listener at 127.0.0.1/42865] INFO  volume.ThrottledAsyncChecker (ThrottledAsyncChecker.java:schedule(141)) - Scheduling a check for /home/runner/work/ozone/ozone/hadoop-ozone/integration-test/target/test-dir/MiniOzoneClusterImpl-4dcb9f95-e710-4738-865b-4645215bc4f4/datanode-1/data-0/containers/hdds
2023-05-05 09:12:35,130 [Listener at 127.0.0.1/42865] INFO  volume.StorageVolumeChecker (StorageVolumeChecker.java:checkAllVolumes(202)) - Scheduled health check for volume /home/runner/work/ozone/ozone/hadoop-ozone/integration-test/target/test-dir/MiniOzoneClusterImpl-4dcb9f95-e710-4738-865b-4645215bc4f4/datanode-1/data-0/containers/hdds
2023-05-05 09:12:35,142 [Listener at 127.0.0.1/42865] INFO  volume.MutableVolumeSet (MutableVolumeSet.java:initializeVolumeSet(175)) - Added Volume : /home/runner/work/ozone/ozone/hadoop-ozone/integration-test/target/test-dir/MiniOzoneClusterImpl-4dcb9f95-e710-4738-865b-4645215bc4f4/datanode-1/data/ratis to VolumeSet
2023-05-05 09:12:35,144 [Listener at 127.0.0.1/42865] INFO  volume.ThrottledAsyncChecker (ThrottledAsyncChecker.java:schedule(141)) - Scheduling a check for /home/runner/work/ozone/ozone/hadoop-ozone/integration-test/target/test-dir/MiniOzoneClusterImpl-4dcb9f95-e710-4738-865b-4645215bc4f4/datanode-1/data/ratis
2023-05-05 09:12:35,144 [Listener at 127.0.0.1/42865] INFO  volume.StorageVolumeChecker (StorageVolumeChecker.java:checkAllVolumes(202)) - Scheduled health check for volume /home/runner/work/ozone/ozone/hadoop-ozone/integration-test/target/test-dir/MiniOzoneClusterImpl-4dcb9f95-e710-4738-865b-4645215bc4f4/datanode-1/data/ratis
2023-05-05 09:12:35,157 [Thread-1802] INFO  ozoneimpl.ContainerReader (ContainerReader.java:readVolume(175)) - Finish verifying containers on volume /home/runner/work/ozone/ozone/hadoop-ozone/integration-test/target/test-dir/MiniOzoneClusterImpl-4dcb9f95-e710-4738-865b-4645215bc4f4/datanode-1/data-0/containers/hdds
2023-05-05 09:12:35,157 [Listener at 127.0.0.1/42865] INFO  ozoneimpl.OzoneContainer (OzoneContainer.java:buildContainerSet(303)) - Build ContainerSet costs 0s
2023-05-05 09:12:35,159 [Listener at 127.0.0.1/42865] INFO  server.RaftServer (ConfUtils.java:logGet(46)) - raft.rpc.type = GRPC (default)
2023-05-05 09:12:35,159 [Listener at 127.0.0.1/42865] INFO  grpc.GrpcConfigKeys (ConfUtils.java:logFallback(53)) - raft.grpc.admin.host = null (fallback to raft.grpc.server.host)
2023-05-05 09:12:35,159 [Listener at 127.0.0.1/42865] INFO  grpc.GrpcConfigKeys (ConfUtils.java:logGet(46)) - raft.grpc.admin.port = 0 (custom)
2023-05-05 09:12:35,159 [Listener at 127.0.0.1/42865] INFO  grpc.GrpcConfigKeys (ConfUtils.java:logFallback(53)) - raft.grpc.client.host = null (fallback to raft.grpc.server.host)
2023-05-05 09:12:35,159 [Listener at 127.0.0.1/42865] INFO  grpc.GrpcConfigKeys (ConfUtils.java:logGet(46)) - raft.grpc.client.port = 0 (custom)
2023-05-05 09:12:35,159 [Listener at 127.0.0.1/42865] INFO  grpc.GrpcConfigKeys (ConfUtils.java:logGet(46)) - raft.grpc.server.host = null (default)
2023-05-05 09:12:35,159 [Listener at 127.0.0.1/42865] INFO  grpc.GrpcConfigKeys (ConfUtils.java:logGet(46)) - raft.grpc.server.port = 0 (default)
2023-05-05 09:12:35,160 [Listener at 127.0.0.1/42865] INFO  server.GrpcService (ConfUtils.java:logGet(46)) - raft.grpc.message.size.max = 32MB (=33554432) (custom)
2023-05-05 09:12:35,160 [Listener at 127.0.0.1/42865] INFO  server.RaftServerConfigKeys (ConfUtils.java:logGet(46)) - raft.server.log.appender.buffer.byte-limit = 33554432 (custom)
2023-05-05 09:12:35,160 [Listener at 127.0.0.1/42865] INFO  server.GrpcService (ConfUtils.java:logGet(46)) - raft.grpc.flow.control.window = 5MB (=5242880) (custom)
2023-05-05 09:12:35,160 [Listener at 127.0.0.1/42865] INFO  server.RaftServerConfigKeys (ConfUtils.java:logGet(46)) - raft.server.rpc.request.timeout = 60s (custom)
2023-05-05 09:12:35,160 [Listener at 127.0.0.1/42865] INFO  grpc.GrpcConfigKeys (ConfUtils.java:logGet(46)) - raft.grpc.server.heartbeat.channel = true (default)
2023-05-05 09:12:35,160 [Listener at 127.0.0.1/42865] INFO  grpc.GrpcConfigKeys (ConfUtils.java:logGet(46)) - raft.grpc.server.async.request.thread.pool.cached = true (default)
2023-05-05 09:12:35,160 [Listener at 127.0.0.1/42865] INFO  grpc.GrpcConfigKeys (ConfUtils.java:logGet(46)) - raft.grpc.server.async.request.thread.pool.size = 32 (default)
2023-05-05 09:12:35,162 [Listener at 127.0.0.1/42865] INFO  impl.DataStreamServerImpl (ConfUtils.java:logGet(46)) - raft.datastream.type = NETTY (custom)
2023-05-05 09:12:35,163 [Listener at 127.0.0.1/42865] INFO  server.RaftServerConfigKeys (ConfUtils.java:logGet(46)) - raft.server.data-stream.async.request.thread.pool.cached = false (default)
2023-05-05 09:12:35,163 [Listener at 127.0.0.1/42865] INFO  server.RaftServerConfigKeys (ConfUtils.java:logGet(46)) - raft.server.data-stream.async.request.thread.pool.size = 20 (custom)
2023-05-05 09:12:35,163 [Listener at 127.0.0.1/42865] INFO  server.RaftServerConfigKeys (ConfUtils.java:logGet(46)) - raft.server.data-stream.async.write.thread.pool.size = 16 (default)
2023-05-05 09:12:35,163 [Listener at 127.0.0.1/42865] INFO  server.RaftServerConfigKeys (ConfUtils.java:logGet(46)) - raft.server.data-stream.client.pool.size = 10 (default)
2023-05-05 09:12:35,164 [Listener at 127.0.0.1/42865] INFO  netty.NettyConfigKeys$DataStream (ConfUtils.java:logGet(46)) - raft.netty.dataStream.server.use-epoll = false (default)
2023-05-05 09:12:35,164 [Listener at 127.0.0.1/42865] INFO  netty.NettyConfigKeys$DataStream (ConfUtils.java:logGet(46)) - raft.netty.dataStream.server.boss-group.size = 0 (default)
2023-05-05 09:12:35,164 [Listener at 127.0.0.1/42865] INFO  netty.NettyConfigKeys$DataStream (ConfUtils.java:logGet(46)) - raft.netty.dataStream.server.worker-group.size = 0 (default)
2023-05-05 09:12:35,165 [Listener at 127.0.0.1/42865] INFO  netty.NettyConfigKeys$DataStream (ConfUtils.java:logGet(46)) - raft.netty.dataStream.server.tls.conf = null (default)
2023-05-05 09:12:35,165 [Listener at 127.0.0.1/42865] INFO  netty.NettyConfigKeys$DataStream (ConfUtils.java:logGet(46)) - raft.netty.dataStream.host = null (default)
2023-05-05 09:12:35,165 [Listener at 127.0.0.1/42865] INFO  netty.NettyConfigKeys$DataStream (ConfUtils.java:logGet(46)) - raft.netty.dataStream.port = 0 (default)
2023-05-05 09:12:35,166 [Listener at 127.0.0.1/42865] INFO  server.RaftServerConfigKeys (ConfUtils.java:logGet(46)) - raft.server.threadpool.proxy.cached = true (default)
2023-05-05 09:12:35,166 [Listener at 127.0.0.1/42865] INFO  server.RaftServerConfigKeys (ConfUtils.java:logGet(46)) - raft.server.threadpool.proxy.size = 0 (default)
2023-05-05 09:12:35,166 [Listener at 127.0.0.1/42865] INFO  server.RaftServerConfigKeys (ConfUtils.java:logGet(46)) - raft.server.rpc.slowness.timeout = 300s (custom)
2023-05-05 09:12:35,166 [Listener at 127.0.0.1/42865] INFO  server.RaftServerConfigKeys (ConfUtils.java:logGet(46)) - raft.server.leaderelection.leader.step-down.wait-time = 10s (default)
2023-05-05 09:12:35,166 [Listener at 127.0.0.1/42865] INFO  server.RaftServerConfigKeys (ConfUtils.java:logGet(46)) - raft.server.storage.dir = [/home/runner/work/ozone/ozone/hadoop-ozone/integration-test/target/test-dir/MiniOzoneClusterImpl-4dcb9f95-e710-4738-865b-4645215bc4f4/datanode-1/data/ratis] (custom)
2023-05-05 09:12:35,167 [e3b1ee5f-ff3e-466d-8a57-c6afea7503f8-NettyServerStreamRpc-bossGroup--thread1] INFO  logging.LoggingHandler (AbstractInternalLogger.java:log(148)) - [id: 0xe11fe434] REGISTERED
2023-05-05 09:12:35,167 [e3b1ee5f-ff3e-466d-8a57-c6afea7503f8-NettyServerStreamRpc-bossGroup--thread1] INFO  logging.LoggingHandler (AbstractInternalLogger.java:log(148)) - [id: 0xe11fe434] BIND: 0.0.0.0/0.0.0.0:0
2023-05-05 09:12:35,167 [e3b1ee5f-ff3e-466d-8a57-c6afea7503f8-NettyServerStreamRpc-bossGroup--thread1] INFO  logging.LoggingHandler (AbstractInternalLogger.java:log(148)) - [id: 0xe11fe434, L:/0:0:0:0:0:0:0:0:36275] ACTIVE
2023-05-05 09:12:35,169 [Listener at 127.0.0.1/42865] INFO  server.XceiverServerGrpc (XceiverServerGrpc.java:<init>(132)) - GrpcServer channel type EpollServerSocketChannel
2023-05-05 09:12:35,171 [Listener at 127.0.0.1/42865] INFO  replication.ReplicationSupervisor (ReplicationSupervisor.java:nodeStateUpdated(290)) - Node state updated to IN_SERVICE, scaling executor pool size to 10
2023-05-05 09:12:35,173 [Listener at 127.0.0.1/42865] INFO  http.BaseHttpServer (BaseHttpServer.java:newHttpServer2BuilderForOzone(224)) - Starting Web-server for hddsDatanode at: http://0.0.0.0:0
2023-05-05 09:12:35,174 [Listener at 127.0.0.1/42865] INFO  http.BaseHttpServer (BaseHttpServer.java:<init>(111)) - Hadoop Security Enabled: false Ozone Security Enabled: false Ozone HTTP Security Enabled: false 
2023-05-05 09:12:35,175 [Listener at 127.0.0.1/42865] WARN  server.AuthenticationFilter (AuthenticationFilter.java:constructSecretProvider(240)) - Unable to initialize FileSignerSecretProvider, falling back to use random secrets. Reason: Could not read signature secret file: /home/runner/hadoop-http-auth-signature-secret
2023-05-05 09:12:35,176 [Listener at 127.0.0.1/42865] INFO  http.HttpRequestLog (HttpRequestLog.java:getRequestLog(86)) - Http request log for http.requests.hddsDatanode is not defined
2023-05-05 09:12:35,177 [Listener at 127.0.0.1/42865] INFO  http.HttpServer2 (HttpServer2.java:addGlobalFilter(1031)) - Added global filter 'safety' (class=org.apache.hadoop.hdds.server.http.HttpServer2$QuotingInputFilter)
2023-05-05 09:12:35,178 [Listener at 127.0.0.1/42865] INFO  http.HttpServer2 (HttpServer2.java:addFilter(1007)) - Added filter static_user_filter (class=org.apache.hadoop.http.lib.StaticUserWebFilter$StaticUserFilter) to context hddsDatanode
2023-05-05 09:12:35,178 [Listener at 127.0.0.1/42865] INFO  http.HttpServer2 (HttpServer2.java:addFilter(1015)) - Added filter static_user_filter (class=org.apache.hadoop.http.lib.StaticUserWebFilter$StaticUserFilter) to context logs
2023-05-05 09:12:35,178 [Listener at 127.0.0.1/42865] INFO  http.HttpServer2 (HttpServer2.java:addFilter(1015)) - Added filter static_user_filter (class=org.apache.hadoop.http.lib.StaticUserWebFilter$StaticUserFilter) to context static
2023-05-05 09:12:35,180 [Listener at 127.0.0.1/42865] INFO  http.BaseHttpServer (BaseHttpServer.java:<init>(190)) - HTTP server of hddsDatanode uses base directory /home/runner/work/ozone/ozone/hadoop-ozone/integration-test/target/test-dir/MiniOzoneClusterImpl-4dcb9f95-e710-4738-865b-4645215bc4f4/datanode-1/meta/webserver
2023-05-05 09:12:35,181 [Listener at 127.0.0.1/42865] INFO  http.HttpServer2 (HttpServer2.java:bindListener(1250)) - Jetty bound to port 43463
2023-05-05 09:12:35,181 [Listener at 127.0.0.1/42865] INFO  server.Server (Server.java:doStart(375)) - jetty-9.4.51.v20230217; built: 2023-02-17T08:19:37.309Z; git: b45c405e4544384de066f814ed42ae3dceacdd49; jvm 1.8.0_362-b09
2023-05-05 09:12:35,189 [Listener at 127.0.0.1/42865] INFO  server.session (DefaultSessionIdManager.java:doStart(334)) - DefaultSessionIdManager workerName=node0
2023-05-05 09:12:35,189 [Listener at 127.0.0.1/42865] INFO  server.session (DefaultSessionIdManager.java:doStart(339)) - No SessionScavenger set, using defaults
2023-05-05 09:12:35,189 [Listener at 127.0.0.1/42865] INFO  server.session (HouseKeeper.java:startScavenging(132)) - node0 Scavenging every 600000ms
2023-05-05 09:12:35,190 [Listener at 127.0.0.1/42865] INFO  handler.ContextHandler (ContextHandler.java:doStart(921)) - Started o.e.j.s.ServletContextHandler@6c43b886{logs,/logs,file:///home/runner/work/ozone/ozone/hadoop-ozone/integration-test/target/log,AVAILABLE}
2023-05-05 09:12:35,190 [Listener at 127.0.0.1/42865] INFO  handler.ContextHandler (ContextHandler.java:doStart(921)) - Started o.e.j.s.ServletContextHandler@11f5d87e{static,/static,jar:file:/home/runner/.m2/repository/org/apache/ozone/hdds-container-service/1.4.0-SNAPSHOT/hdds-container-service-1.4.0-SNAPSHOT.jar!/webapps/static,AVAILABLE}
2023-05-05 09:12:35,390 [Listener at 127.0.0.1/42865] INFO  handler.ContextHandler (ContextHandler.java:doStart(921)) - Started o.e.j.w.WebAppContext@513418cd{hddsDatanode,/,file:///home/runner/work/ozone/ozone/hadoop-ozone/integration-test/target/test-dir/MiniOzoneClusterImpl-4dcb9f95-e710-4738-865b-4645215bc4f4/datanode-1/meta/webserver/jetty-0_0_0_0-43463-hdds-container-service-1_4_0-SNAPSHOT_jar-_-any-2123156569807318769/webapp/,AVAILABLE}{jar:file:/home/runner/.m2/repository/org/apache/ozone/hdds-container-service/1.4.0-SNAPSHOT/hdds-container-service-1.4.0-SNAPSHOT.jar!/webapps/hddsDatanode}
2023-05-05 09:12:35,392 [Listener at 127.0.0.1/42865] INFO  server.AbstractConnector (AbstractConnector.java:doStart(333)) - Started ServerConnector@2a7dbfdd{HTTP/1.1, (http/1.1)}{0.0.0.0:43463}
2023-05-05 09:12:35,392 [Listener at 127.0.0.1/42865] INFO  server.Server (Server.java:doStart(415)) - Started @146745ms
2023-05-05 09:12:35,392 [Listener at 127.0.0.1/42865] WARN  impl.MetricsSystemImpl (MetricsSystemImpl.java:register(279)) - Sink prometheus already exists!
2023-05-05 09:12:35,393 [Listener at 127.0.0.1/42865] INFO  http.BaseHttpServer (BaseHttpServer.java:updateConnectorAddress(344)) - HTTP server of hddsDatanode listening at http://0.0.0.0:43463
2023-05-05 09:12:35,393 [Datanode State Machine Daemon Thread] INFO  statemachine.DatanodeStateMachine (DatanodeStateMachine.java:lambda$startDaemon$0(524)) - Ozone container server started.
2023-05-05 09:12:35,393 [Listener at 127.0.0.1/42865] WARN  impl.MetricRegistriesImpl (MetricRegistriesImpl.java:addReporterRegistration(111)) - New reporters are added after registries were created. Some metrics will be missing from the reporter. Please add reporter before adding any new registry.
2023-05-05 09:12:35,396 [Listener at 127.0.0.1/42865] WARN  impl.MetricRegistriesImpl (MetricRegistriesImpl.java:addReporterRegistration(111)) - New reporters are added after registries were created. Some metrics will be missing from the reporter. Please add reporter before adding any new registry.
2023-05-05 09:12:35,396 [Listener at 127.0.0.1/42865] INFO  impl.MetricsSystemImpl (MetricsSystemImpl.java:init(158)) - HddsDatanode metrics system started (again)
2023-05-05 09:12:35,408 [Listener at 127.0.0.1/42865] INFO  ozone.HddsDatanodeService (HddsDatanodeService.java:start(252)) - HddsDatanodeService host:fv-az152-207.qln5d00okglujjccfnhxhxodph.cx.internal.cloudapp.net ip:10.1.0.42
2023-05-05 09:12:35,409 [org.apache.hadoop.util.JvmPauseMonitor$Monitor@98e47d0] INFO  util.JvmPauseMonitor (JvmPauseMonitor.java:run(188)) - Starting JVM pause monitor
2023-05-05 09:12:35,423 [Datanode State Machine Task Thread - 0] INFO  datanode.InitDatanodeState (InitDatanodeState.java:persistContainerDatanodeDetails(138)) - DatanodeDetails is persisted to /home/runner/work/ozone/ozone/hadoop-ozone/integration-test/target/test-dir/MiniOzoneClusterImpl-4dcb9f95-e710-4738-865b-4645215bc4f4/datanode-1/meta/datanode.id
2023-05-05 09:12:35,440 [Listener at 127.0.0.1/42865] INFO  upgrade.AbstractLayoutVersionManager (AbstractLayoutVersionManager.java:init(83)) - Initializing Layout version manager with metadata layout = WEBUI_PORTS_IN_DATANODEDETAILS (version = 6), software layout = WEBUI_PORTS_IN_DATANODEDETAILS (version = 6)
2023-05-05 09:12:35,488 [Listener at 127.0.0.1/42865] INFO  reflections.Reflections (Reflections.java:scan(232)) - Reflections took 47 ms to scan 7 urls, producing 156 keys and 369 values 
2023-05-05 09:12:35,491 [Listener at 127.0.0.1/42865] INFO  statemachine.DatanodeStateMachine (DatanodeStateMachine.java:getEndPointTaskThreadPoolSize(267)) - Datanode State Machine Task Thread Pool size 2
2023-05-05 09:12:35,492 [Listener at 127.0.0.1/42865] INFO  volume.HddsVolume (HddsVolume.java:<init>(130)) - Creating HddsVolume: /home/runner/work/ozone/ozone/hadoop-ozone/integration-test/target/test-dir/MiniOzoneClusterImpl-4dcb9f95-e710-4738-865b-4645215bc4f4/datanode-2/data-0/containers/hdds of storage type : DISK capacity : 9223372036854775807
2023-05-05 09:12:35,493 [Listener at 127.0.0.1/42865] INFO  volume.MutableVolumeSet (MutableVolumeSet.java:initializeVolumeSet(175)) - Added Volume : /home/runner/work/ozone/ozone/hadoop-ozone/integration-test/target/test-dir/MiniOzoneClusterImpl-4dcb9f95-e710-4738-865b-4645215bc4f4/datanode-2/data-0/containers/hdds to VolumeSet
2023-05-05 09:12:35,493 [Listener at 127.0.0.1/42865] INFO  volume.ThrottledAsyncChecker (ThrottledAsyncChecker.java:schedule(141)) - Scheduling a check for /home/runner/work/ozone/ozone/hadoop-ozone/integration-test/target/test-dir/MiniOzoneClusterImpl-4dcb9f95-e710-4738-865b-4645215bc4f4/datanode-2/data-0/containers/hdds
2023-05-05 09:12:35,493 [Listener at 127.0.0.1/42865] INFO  volume.StorageVolumeChecker (StorageVolumeChecker.java:checkAllVolumes(202)) - Scheduled health check for volume /home/runner/work/ozone/ozone/hadoop-ozone/integration-test/target/test-dir/MiniOzoneClusterImpl-4dcb9f95-e710-4738-865b-4645215bc4f4/datanode-2/data-0/containers/hdds
2023-05-05 09:12:35,510 [Listener at 127.0.0.1/42865] INFO  volume.MutableVolumeSet (MutableVolumeSet.java:initializeVolumeSet(175)) - Added Volume : /home/runner/work/ozone/ozone/hadoop-ozone/integration-test/target/test-dir/MiniOzoneClusterImpl-4dcb9f95-e710-4738-865b-4645215bc4f4/datanode-2/data/ratis to VolumeSet
2023-05-05 09:12:35,512 [Listener at 127.0.0.1/42865] INFO  volume.ThrottledAsyncChecker (ThrottledAsyncChecker.java:schedule(141)) - Scheduling a check for /home/runner/work/ozone/ozone/hadoop-ozone/integration-test/target/test-dir/MiniOzoneClusterImpl-4dcb9f95-e710-4738-865b-4645215bc4f4/datanode-2/data/ratis
2023-05-05 09:12:35,512 [Listener at 127.0.0.1/42865] INFO  volume.StorageVolumeChecker (StorageVolumeChecker.java:checkAllVolumes(202)) - Scheduled health check for volume /home/runner/work/ozone/ozone/hadoop-ozone/integration-test/target/test-dir/MiniOzoneClusterImpl-4dcb9f95-e710-4738-865b-4645215bc4f4/datanode-2/data/ratis
2023-05-05 09:12:35,524 [Thread-1816] INFO  ozoneimpl.ContainerReader (ContainerReader.java:readVolume(175)) - Finish verifying containers on volume /home/runner/work/ozone/ozone/hadoop-ozone/integration-test/target/test-dir/MiniOzoneClusterImpl-4dcb9f95-e710-4738-865b-4645215bc4f4/datanode-2/data-0/containers/hdds
2023-05-05 09:12:35,524 [Listener at 127.0.0.1/42865] INFO  ozoneimpl.OzoneContainer (OzoneContainer.java:buildContainerSet(303)) - Build ContainerSet costs 0s
2023-05-05 09:12:35,526 [Listener at 127.0.0.1/42865] INFO  server.RaftServer (ConfUtils.java:logGet(46)) - raft.rpc.type = GRPC (default)
2023-05-05 09:12:35,526 [Listener at 127.0.0.1/42865] INFO  grpc.GrpcConfigKeys (ConfUtils.java:logFallback(53)) - raft.grpc.admin.host = null (fallback to raft.grpc.server.host)
2023-05-05 09:12:35,526 [Listener at 127.0.0.1/42865] INFO  grpc.GrpcConfigKeys (ConfUtils.java:logGet(46)) - raft.grpc.admin.port = 0 (custom)
2023-05-05 09:12:35,527 [Listener at 127.0.0.1/42865] INFO  grpc.GrpcConfigKeys (ConfUtils.java:logFallback(53)) - raft.grpc.client.host = null (fallback to raft.grpc.server.host)
2023-05-05 09:12:35,527 [Listener at 127.0.0.1/42865] INFO  grpc.GrpcConfigKeys (ConfUtils.java:logGet(46)) - raft.grpc.client.port = 0 (custom)
2023-05-05 09:12:35,527 [Listener at 127.0.0.1/42865] INFO  grpc.GrpcConfigKeys (ConfUtils.java:logGet(46)) - raft.grpc.server.host = null (default)
2023-05-05 09:12:35,527 [Listener at 127.0.0.1/42865] INFO  grpc.GrpcConfigKeys (ConfUtils.java:logGet(46)) - raft.grpc.server.port = 0 (default)
2023-05-05 09:12:35,528 [Listener at 127.0.0.1/42865] INFO  server.GrpcService (ConfUtils.java:logGet(46)) - raft.grpc.message.size.max = 32MB (=33554432) (custom)
2023-05-05 09:12:35,528 [Listener at 127.0.0.1/42865] INFO  server.RaftServerConfigKeys (ConfUtils.java:logGet(46)) - raft.server.log.appender.buffer.byte-limit = 33554432 (custom)
2023-05-05 09:12:35,528 [Listener at 127.0.0.1/42865] INFO  server.GrpcService (ConfUtils.java:logGet(46)) - raft.grpc.flow.control.window = 5MB (=5242880) (custom)
2023-05-05 09:12:35,528 [Listener at 127.0.0.1/42865] INFO  server.RaftServerConfigKeys (ConfUtils.java:logGet(46)) - raft.server.rpc.request.timeout = 60s (custom)
2023-05-05 09:12:35,528 [Listener at 127.0.0.1/42865] INFO  grpc.GrpcConfigKeys (ConfUtils.java:logGet(46)) - raft.grpc.server.heartbeat.channel = true (default)
2023-05-05 09:12:35,528 [Listener at 127.0.0.1/42865] INFO  grpc.GrpcConfigKeys (ConfUtils.java:logGet(46)) - raft.grpc.server.async.request.thread.pool.cached = true (default)
2023-05-05 09:12:35,528 [Listener at 127.0.0.1/42865] INFO  grpc.GrpcConfigKeys (ConfUtils.java:logGet(46)) - raft.grpc.server.async.request.thread.pool.size = 32 (default)
2023-05-05 09:12:35,530 [Listener at 127.0.0.1/42865] INFO  impl.DataStreamServerImpl (ConfUtils.java:logGet(46)) - raft.datastream.type = NETTY (custom)
2023-05-05 09:12:35,530 [Listener at 127.0.0.1/42865] INFO  server.RaftServerConfigKeys (ConfUtils.java:logGet(46)) - raft.server.data-stream.async.request.thread.pool.cached = false (default)
2023-05-05 09:12:35,530 [Listener at 127.0.0.1/42865] INFO  server.RaftServerConfigKeys (ConfUtils.java:logGet(46)) - raft.server.data-stream.async.request.thread.pool.size = 20 (custom)
2023-05-05 09:12:35,530 [Listener at 127.0.0.1/42865] INFO  server.RaftServerConfigKeys (ConfUtils.java:logGet(46)) - raft.server.data-stream.async.write.thread.pool.size = 16 (default)
2023-05-05 09:12:35,530 [Listener at 127.0.0.1/42865] INFO  server.RaftServerConfigKeys (ConfUtils.java:logGet(46)) - raft.server.data-stream.client.pool.size = 10 (default)
2023-05-05 09:12:35,530 [Listener at 127.0.0.1/42865] INFO  netty.NettyConfigKeys$DataStream (ConfUtils.java:logGet(46)) - raft.netty.dataStream.server.use-epoll = false (default)
2023-05-05 09:12:35,530 [Listener at 127.0.0.1/42865] INFO  netty.NettyConfigKeys$DataStream (ConfUtils.java:logGet(46)) - raft.netty.dataStream.server.boss-group.size = 0 (default)
2023-05-05 09:12:35,530 [Listener at 127.0.0.1/42865] INFO  netty.NettyConfigKeys$DataStream (ConfUtils.java:logGet(46)) - raft.netty.dataStream.server.worker-group.size = 0 (default)
2023-05-05 09:12:35,531 [Listener at 127.0.0.1/42865] INFO  netty.NettyConfigKeys$DataStream (ConfUtils.java:logGet(46)) - raft.netty.dataStream.server.tls.conf = null (default)
2023-05-05 09:12:35,531 [Listener at 127.0.0.1/42865] INFO  netty.NettyConfigKeys$DataStream (ConfUtils.java:logGet(46)) - raft.netty.dataStream.host = null (default)
2023-05-05 09:12:35,531 [Listener at 127.0.0.1/42865] INFO  netty.NettyConfigKeys$DataStream (ConfUtils.java:logGet(46)) - raft.netty.dataStream.port = 0 (default)
2023-05-05 09:12:35,531 [Listener at 127.0.0.1/42865] INFO  server.RaftServerConfigKeys (ConfUtils.java:logGet(46)) - raft.server.threadpool.proxy.cached = true (default)
2023-05-05 09:12:35,531 [Listener at 127.0.0.1/42865] INFO  server.RaftServerConfigKeys (ConfUtils.java:logGet(46)) - raft.server.threadpool.proxy.size = 0 (default)
2023-05-05 09:12:35,532 [Listener at 127.0.0.1/42865] INFO  server.RaftServerConfigKeys (ConfUtils.java:logGet(46)) - raft.server.rpc.slowness.timeout = 300s (custom)
2023-05-05 09:12:35,532 [Listener at 127.0.0.1/42865] INFO  server.RaftServerConfigKeys (ConfUtils.java:logGet(46)) - raft.server.leaderelection.leader.step-down.wait-time = 10s (default)
2023-05-05 09:12:35,532 [Listener at 127.0.0.1/42865] INFO  server.RaftServerConfigKeys (ConfUtils.java:logGet(46)) - raft.server.storage.dir = [/home/runner/work/ozone/ozone/hadoop-ozone/integration-test/target/test-dir/MiniOzoneClusterImpl-4dcb9f95-e710-4738-865b-4645215bc4f4/datanode-2/data/ratis] (custom)
2023-05-05 09:12:35,535 [437eba2d-58d6-4629-9360-2128a0cccd66-NettyServerStreamRpc-bossGroup--thread1] INFO  logging.LoggingHandler (AbstractInternalLogger.java:log(148)) - [id: 0x29264518] REGISTERED
2023-05-05 09:12:35,535 [437eba2d-58d6-4629-9360-2128a0cccd66-NettyServerStreamRpc-bossGroup--thread1] INFO  logging.LoggingHandler (AbstractInternalLogger.java:log(148)) - [id: 0x29264518] BIND: 0.0.0.0/0.0.0.0:0
2023-05-05 09:12:35,535 [437eba2d-58d6-4629-9360-2128a0cccd66-NettyServerStreamRpc-bossGroup--thread1] INFO  logging.LoggingHandler (AbstractInternalLogger.java:log(148)) - [id: 0x29264518, L:/0:0:0:0:0:0:0:0:45909] ACTIVE
2023-05-05 09:12:35,538 [Listener at 127.0.0.1/42865] INFO  server.XceiverServerGrpc (XceiverServerGrpc.java:<init>(132)) - GrpcServer channel type EpollServerSocketChannel
2023-05-05 09:12:35,539 [Listener at 127.0.0.1/42865] INFO  replication.ReplicationSupervisor (ReplicationSupervisor.java:nodeStateUpdated(290)) - Node state updated to IN_SERVICE, scaling executor pool size to 10
2023-05-05 09:12:35,541 [Listener at 127.0.0.1/42865] INFO  http.BaseHttpServer (BaseHttpServer.java:newHttpServer2BuilderForOzone(224)) - Starting Web-server for hddsDatanode at: http://0.0.0.0:0
2023-05-05 09:12:35,541 [Listener at 127.0.0.1/42865] INFO  http.BaseHttpServer (BaseHttpServer.java:<init>(111)) - Hadoop Security Enabled: false Ozone Security Enabled: false Ozone HTTP Security Enabled: false 
2023-05-05 09:12:35,542 [Listener at 127.0.0.1/42865] WARN  server.AuthenticationFilter (AuthenticationFilter.java:constructSecretProvider(240)) - Unable to initialize FileSignerSecretProvider, falling back to use random secrets. Reason: Could not read signature secret file: /home/runner/hadoop-http-auth-signature-secret
2023-05-05 09:12:35,543 [Listener at 127.0.0.1/42865] INFO  http.HttpRequestLog (HttpRequestLog.java:getRequestLog(86)) - Http request log for http.requests.hddsDatanode is not defined
2023-05-05 09:12:35,545 [Listener at 127.0.0.1/42865] INFO  http.HttpServer2 (HttpServer2.java:addGlobalFilter(1031)) - Added global filter 'safety' (class=org.apache.hadoop.hdds.server.http.HttpServer2$QuotingInputFilter)
2023-05-05 09:12:35,546 [Listener at 127.0.0.1/42865] INFO  http.HttpServer2 (HttpServer2.java:addFilter(1007)) - Added filter static_user_filter (class=org.apache.hadoop.http.lib.StaticUserWebFilter$StaticUserFilter) to context hddsDatanode
2023-05-05 09:12:35,546 [Listener at 127.0.0.1/42865] INFO  http.HttpServer2 (HttpServer2.java:addFilter(1015)) - Added filter static_user_filter (class=org.apache.hadoop.http.lib.StaticUserWebFilter$StaticUserFilter) to context static
2023-05-05 09:12:35,546 [Listener at 127.0.0.1/42865] INFO  http.HttpServer2 (HttpServer2.java:addFilter(1015)) - Added filter static_user_filter (class=org.apache.hadoop.http.lib.StaticUserWebFilter$StaticUserFilter) to context logs
2023-05-05 09:12:35,550 [Listener at 127.0.0.1/42865] INFO  http.BaseHttpServer (BaseHttpServer.java:<init>(190)) - HTTP server of hddsDatanode uses base directory /home/runner/work/ozone/ozone/hadoop-ozone/integration-test/target/test-dir/MiniOzoneClusterImpl-4dcb9f95-e710-4738-865b-4645215bc4f4/datanode-2/meta/webserver
2023-05-05 09:12:35,551 [Listener at 127.0.0.1/42865] INFO  http.HttpServer2 (HttpServer2.java:bindListener(1250)) - Jetty bound to port 42309
2023-05-05 09:12:35,551 [Listener at 127.0.0.1/42865] INFO  server.Server (Server.java:doStart(375)) - jetty-9.4.51.v20230217; built: 2023-02-17T08:19:37.309Z; git: b45c405e4544384de066f814ed42ae3dceacdd49; jvm 1.8.0_362-b09
2023-05-05 09:12:35,554 [Listener at 127.0.0.1/42865] INFO  server.session (DefaultSessionIdManager.java:doStart(334)) - DefaultSessionIdManager workerName=node0
2023-05-05 09:12:35,554 [Listener at 127.0.0.1/42865] INFO  server.session (DefaultSessionIdManager.java:doStart(339)) - No SessionScavenger set, using defaults
2023-05-05 09:12:35,554 [Listener at 127.0.0.1/42865] INFO  server.session (HouseKeeper.java:startScavenging(132)) - node0 Scavenging every 660000ms
2023-05-05 09:12:35,555 [Listener at 127.0.0.1/42865] INFO  handler.ContextHandler (ContextHandler.java:doStart(921)) - Started o.e.j.s.ServletContextHandler@11c641a3{logs,/logs,file:///home/runner/work/ozone/ozone/hadoop-ozone/integration-test/target/log,AVAILABLE}
2023-05-05 09:12:35,555 [Listener at 127.0.0.1/42865] INFO  handler.ContextHandler (ContextHandler.java:doStart(921)) - Started o.e.j.s.ServletContextHandler@5f3bab78{static,/static,jar:file:/home/runner/.m2/repository/org/apache/ozone/hdds-container-service/1.4.0-SNAPSHOT/hdds-container-service-1.4.0-SNAPSHOT.jar!/webapps/static,AVAILABLE}
2023-05-05 09:12:35,645 [om1@group-C5BA1605619E-FollowerState] INFO  impl.FollowerState (FollowerState.java:run(143)) - om1@group-C5BA1605619E-FollowerState: change to CANDIDATE, lastRpcElapsedTime:1026658258ns, electionTimeout:1026ms
2023-05-05 09:12:35,645 [om1@group-C5BA1605619E-FollowerState] INFO  impl.RoleInfo (RoleInfo.java:shutdownFollowerState(110)) - om1: shutdown om1@group-C5BA1605619E-FollowerState
2023-05-05 09:12:35,645 [om1@group-C5BA1605619E-FollowerState] INFO  server.RaftServer$Division (RaftServerImpl.java:setRole(321)) - om1@group-C5BA1605619E: changes role from  FOLLOWER to CANDIDATE at term 0 for changeToCandidate
2023-05-05 09:12:35,645 [om1@group-C5BA1605619E-FollowerState] INFO  server.RaftServerConfigKeys (ConfUtils.java:logGet(46)) - raft.server.leaderelection.pre-vote = true (default)
2023-05-05 09:12:35,645 [om1@group-C5BA1605619E-FollowerState] INFO  impl.RoleInfo (RoleInfo.java:updateAndGet(139)) - om1: start om1@group-C5BA1605619E-LeaderElection27
2023-05-05 09:12:35,658 [om1@group-C5BA1605619E-LeaderElection27] INFO  impl.LeaderElection (LeaderElection.java:askForVotes(312)) - om1@group-C5BA1605619E-LeaderElection27 PRE_VOTE round 0: submit vote requests at term 0 for -1: peers:[om1|rpc:localhost:9872|priority:0|startupRole:FOLLOWER]|listeners:[], old=null
2023-05-05 09:12:35,658 [om1@group-C5BA1605619E-LeaderElection27] INFO  impl.LeaderElection (LeaderElection.java:askForVotes(314)) - om1@group-C5BA1605619E-LeaderElection27 PRE_VOTE round 0: result PASSED (term=0)
2023-05-05 09:12:35,660 [om1@group-C5BA1605619E-LeaderElection27] INFO  impl.LeaderElection (LeaderElection.java:askForVotes(312)) - om1@group-C5BA1605619E-LeaderElection27 ELECTION round 0: submit vote requests at term 1 for -1: peers:[om1|rpc:localhost:9872|priority:0|startupRole:FOLLOWER]|listeners:[], old=null
2023-05-05 09:12:35,660 [om1@group-C5BA1605619E-LeaderElection27] INFO  impl.LeaderElection (LeaderElection.java:askForVotes(314)) - om1@group-C5BA1605619E-LeaderElection27 ELECTION round 0: result PASSED (term=1)
2023-05-05 09:12:35,660 [om1@group-C5BA1605619E-LeaderElection27] INFO  impl.RoleInfo (RoleInfo.java:shutdownLeaderElection(130)) - om1: shutdown om1@group-C5BA1605619E-LeaderElection27
2023-05-05 09:12:35,660 [om1@group-C5BA1605619E-LeaderElection27] INFO  server.RaftServer$Division (RaftServerImpl.java:setRole(321)) - om1@group-C5BA1605619E: changes role from CANDIDATE to LEADER at term 1 for changeToLeader
2023-05-05 09:12:35,660 [om1@group-C5BA1605619E-LeaderElection27] INFO  server.RaftServer$Division (ServerState.java:setLeader(313)) - om1@group-C5BA1605619E: change Leader from null to om1 at term 1 for becomeLeader, leader elected after 1449ms
2023-05-05 09:12:35,660 [om1@group-C5BA1605619E-LeaderElection27] INFO  server.RaftServerConfigKeys (ConfUtils.java:logGet(46)) - raft.server.staging.catchup.gap = 1000 (default)
2023-05-05 09:12:35,660 [om1@group-C5BA1605619E-LeaderElection27] INFO  server.RaftServerConfigKeys (ConfUtils.java:logGet(46)) - raft.server.write.element-limit = 4096 (default)
2023-05-05 09:12:35,660 [om1@group-C5BA1605619E-LeaderElection27] INFO  server.RaftServerConfigKeys (ConfUtils.java:logGet(46)) - raft.server.write.byte-limit = 64MB (=67108864) (default)
2023-05-05 09:12:35,661 [om1@group-C5BA1605619E-LeaderElection27] INFO  server.RaftServerConfigKeys (ConfUtils.java:logGet(46)) - raft.server.watch.timeout = 10s (default)
2023-05-05 09:12:35,661 [om1@group-C5BA1605619E-LeaderElection27] INFO  server.RaftServerConfigKeys (ConfUtils.java:logGet(46)) - raft.server.watch.timeout.denomination = 1s (default)
2023-05-05 09:12:35,661 [om1@group-C5BA1605619E-LeaderElection27] INFO  server.RaftServerConfigKeys (ConfUtils.java:logGet(46)) - raft.server.watch.element-limit = 65536 (default)
2023-05-05 09:12:35,661 [om1@group-C5BA1605619E-LeaderElection27] INFO  server.RaftServerConfigKeys (ConfUtils.java:logGet(46)) - raft.server.write.element-limit = 4096 (default)
2023-05-05 09:12:35,661 [om1@group-C5BA1605619E-LeaderElection27] INFO  server.RaftServerConfigKeys (ConfUtils.java:logGet(46)) - raft.server.write.follower.gap.ratio.max = -1.0 (default)
2023-05-05 09:12:35,661 [om1@group-C5BA1605619E-LeaderElection27] INFO  impl.RoleInfo (RoleInfo.java:updateAndGet(139)) - om1: start om1@group-C5BA1605619E-LeaderStateImpl
2023-05-05 09:12:35,661 [om1@group-C5BA1605619E-LeaderElection27] INFO  segmented.SegmentedRaftLogWorker (SegmentedRaftLogWorker.java:startLogSegment(452)) - om1@group-C5BA1605619E-SegmentedRaftLogWorker: Starting segment from index:0
2023-05-05 09:12:35,671 [om1@group-C5BA1605619E-LeaderElection27] INFO  server.RaftServer$Division (ServerState.java:setRaftConf(430)) - om1@group-C5BA1605619E: set configuration 0: peers:[om1|rpc:localhost:9872|admin:|client:|dataStream:|priority:0|startupRole:FOLLOWER]|listeners:[], old=null
2023-05-05 09:12:35,672 [om1@group-C5BA1605619E-SegmentedRaftLogWorker] INFO  segmented.SegmentedRaftLogWorker (SegmentedRaftLogWorker.java:execute(656)) - om1@group-C5BA1605619E-SegmentedRaftLogWorker: created new log segment /home/runner/work/ozone/ozone/hadoop-ozone/integration-test/target/test-dir/MiniOzoneClusterImpl-4dcb9f95-e710-4738-865b-4645215bc4f4/ozone-meta/ratis/bf265839-605b-3f16-9796-c5ba1605619e/current/log_inprogress_0
2023-05-05 09:12:35,673 [om1@group-C5BA1605619E-StateMachineUpdater] INFO  ratis.OzoneManagerStateMachine (OzoneManagerStateMachine.java:notifyConfigurationChanged(201)) - Received Configuration change notification from Ratis. New Peer list:
[id: "om1"
address: "localhost:9872"
startupRole: FOLLOWER
]
2023-05-05 09:12:35,765 [Listener at 127.0.0.1/42865] INFO  handler.ContextHandler (ContextHandler.java:doStart(921)) - Started o.e.j.w.WebAppContext@5239421d{hddsDatanode,/,file:///home/runner/work/ozone/ozone/hadoop-ozone/integration-test/target/test-dir/MiniOzoneClusterImpl-4dcb9f95-e710-4738-865b-4645215bc4f4/datanode-2/meta/webserver/jetty-0_0_0_0-42309-hdds-container-service-1_4_0-SNAPSHOT_jar-_-any-1609070523318741037/webapp/,AVAILABLE}{jar:file:/home/runner/.m2/repository/org/apache/ozone/hdds-container-service/1.4.0-SNAPSHOT/hdds-container-service-1.4.0-SNAPSHOT.jar!/webapps/hddsDatanode}
2023-05-05 09:12:35,767 [Listener at 127.0.0.1/42865] INFO  server.AbstractConnector (AbstractConnector.java:doStart(333)) - Started ServerConnector@2f75fbf2{HTTP/1.1, (http/1.1)}{0.0.0.0:42309}
2023-05-05 09:12:35,767 [Listener at 127.0.0.1/42865] INFO  server.Server (Server.java:doStart(415)) - Started @147120ms
2023-05-05 09:12:35,767 [Listener at 127.0.0.1/42865] WARN  impl.MetricsSystemImpl (MetricsSystemImpl.java:register(279)) - Sink prometheus already exists!
2023-05-05 09:12:35,768 [Listener at 127.0.0.1/42865] INFO  http.BaseHttpServer (BaseHttpServer.java:updateConnectorAddress(344)) - HTTP server of hddsDatanode listening at http://0.0.0.0:42309
2023-05-05 09:12:35,768 [Listener at 127.0.0.1/42865] INFO  ozone.MiniOzoneClusterImpl (MiniOzoneClusterImpl.java:lambda$waitForClusterToBeReady$0(223)) - Waiting for nodes to be ready. Got 0 of 3 DN Heartbeats.
2023-05-05 09:12:35,768 [Listener at 127.0.0.1/42865] INFO  ozone.MiniOzoneClusterImpl (MiniOzoneClusterImpl.java:lambda$waitForClusterToBeReady$0(226)) - Waiting for cluster to exit safe mode
2023-05-05 09:12:35,768 [Listener at 127.0.0.1/42865] INFO  ozone.MiniOzoneClusterImpl (MiniOzoneClusterImpl.java:lambda$waitForClusterToBeReady$0(228)) - SCM became leader
2023-05-05 09:12:35,769 [Datanode State Machine Daemon Thread] INFO  statemachine.DatanodeStateMachine (DatanodeStateMachine.java:lambda$startDaemon$0(524)) - Ozone container server started.
2023-05-05 09:12:35,773 [org.apache.hadoop.util.JvmPauseMonitor$Monitor@5807ceaf] INFO  util.JvmPauseMonitor (JvmPauseMonitor.java:run(188)) - Starting JVM pause monitor
2023-05-05 09:12:35,775 [Datanode State Machine Task Thread - 0] INFO  datanode.InitDatanodeState (InitDatanodeState.java:persistContainerDatanodeDetails(138)) - DatanodeDetails is persisted to /home/runner/work/ozone/ozone/hadoop-ozone/integration-test/target/test-dir/MiniOzoneClusterImpl-4dcb9f95-e710-4738-865b-4645215bc4f4/datanode-2/meta/datanode.id
2023-05-05 09:12:36,769 [Listener at 127.0.0.1/42865] INFO  ozone.MiniOzoneClusterImpl (MiniOzoneClusterImpl.java:lambda$waitForClusterToBeReady$0(223)) - Waiting for nodes to be ready. Got 0 of 3 DN Heartbeats.
2023-05-05 09:12:36,769 [Listener at 127.0.0.1/42865] INFO  ozone.MiniOzoneClusterImpl (MiniOzoneClusterImpl.java:lambda$waitForClusterToBeReady$0(226)) - Waiting for cluster to exit safe mode
2023-05-05 09:12:36,769 [Listener at 127.0.0.1/42865] INFO  ozone.MiniOzoneClusterImpl (MiniOzoneClusterImpl.java:lambda$waitForClusterToBeReady$0(228)) - SCM became leader
2023-05-05 09:12:37,087 [EndpointStateMachine task thread for /0.0.0.0:39903 - 0 ] INFO  utils.DatanodeStoreCache (DatanodeStoreCache.java:addDB(58)) - Added db /home/runner/work/ozone/ozone/hadoop-ozone/integration-test/target/test-dir/MiniOzoneClusterImpl-4dcb9f95-e710-4738-865b-4645215bc4f4/datanode-0/data-0/containers/hdds/4dcb9f95-e710-4738-865b-4645215bc4f4/DS-a0f9b12a-2d2a-4047-ae22-09e7471b6ba7/container.db to cache
2023-05-05 09:12:37,087 [EndpointStateMachine task thread for /0.0.0.0:39903 - 0 ] INFO  volume.HddsVolume (HddsVolume.java:createDbStore(350)) - SchemaV3 db is created and loaded at /home/runner/work/ozone/ozone/hadoop-ozone/integration-test/target/test-dir/MiniOzoneClusterImpl-4dcb9f95-e710-4738-865b-4645215bc4f4/datanode-0/data-0/containers/hdds/4dcb9f95-e710-4738-865b-4645215bc4f4/DS-a0f9b12a-2d2a-4047-ae22-09e7471b6ba7/container.db for volume DS-a0f9b12a-2d2a-4047-ae22-09e7471b6ba7
2023-05-05 09:12:37,087 [EndpointStateMachine task thread for /0.0.0.0:39903 - 0 ] INFO  ozoneimpl.OzoneContainer (OzoneContainer.java:start(397)) - Attempting to start container services.
2023-05-05 09:12:37,087 [EndpointStateMachine task thread for /0.0.0.0:39903 - 0 ] INFO  ozoneimpl.OzoneContainer (OzoneContainer.java:startContainerScrub(314)) - Scheduled background container scanners and the on-demand container scanner have been disabled.
2023-05-05 09:12:37,090 [EndpointStateMachine task thread for /0.0.0.0:39903 - 0 ] INFO  replication.ReplicationServer (ReplicationServer.java:start(109)) - ReplicationServer is started using port 43813
2023-05-05 09:12:37,090 [EndpointStateMachine task thread for /0.0.0.0:39903 - 0 ] INFO  ratis.XceiverServerRatis (XceiverServerRatis.java:start(517)) - Starting XceiverServerRatis 00583802-0da6-49c8-9580-d04d83e5b4a4
2023-05-05 09:12:37,104 [EndpointStateMachine task thread for /0.0.0.0:39903 - 0 ] INFO  server.RaftServer (RaftServerProxy.java:startImpl(393)) - 00583802-0da6-49c8-9580-d04d83e5b4a4: start RPC server
2023-05-05 09:12:37,106 [EndpointStateMachine task thread for /0.0.0.0:39903 - 0 ] INFO  server.GrpcService (GrpcService.java:startImpl(262)) - 00583802-0da6-49c8-9580-d04d83e5b4a4: GrpcService started, listening on 34153
2023-05-05 09:12:37,107 [EndpointStateMachine task thread for /0.0.0.0:39903 - 0 ] INFO  ratis.XceiverServerRatis (XceiverServerRatis.java:getRealPort(543)) - XceiverServerRatis 00583802-0da6-49c8-9580-d04d83e5b4a4 is started using port 34153 for RATIS
2023-05-05 09:12:37,107 [JvmPauseMonitor17] INFO  util.JvmPauseMonitor (JvmPauseMonitor.java:run(105)) - JvmPauseMonitor-00583802-0da6-49c8-9580-d04d83e5b4a4: Started
2023-05-05 09:12:37,107 [EndpointStateMachine task thread for /0.0.0.0:39903 - 0 ] INFO  ratis.XceiverServerRatis (XceiverServerRatis.java:getRealPort(543)) - XceiverServerRatis 00583802-0da6-49c8-9580-d04d83e5b4a4 is started using port 34153 for RATIS_ADMIN
2023-05-05 09:12:37,107 [EndpointStateMachine task thread for /0.0.0.0:39903 - 0 ] INFO  ratis.XceiverServerRatis (XceiverServerRatis.java:getRealPort(543)) - XceiverServerRatis 00583802-0da6-49c8-9580-d04d83e5b4a4 is started using port 34153 for RATIS_SERVER
2023-05-05 09:12:37,107 [EndpointStateMachine task thread for /0.0.0.0:39903 - 0 ] INFO  ratis.XceiverServerRatis (XceiverServerRatis.java:getRealPort(543)) - XceiverServerRatis 00583802-0da6-49c8-9580-d04d83e5b4a4 is started using port 46501 for RATIS_DATASTREAM
2023-05-05 09:12:37,110 [EndpointStateMachine task thread for /0.0.0.0:39903 - 0 ] INFO  server.XceiverServerGrpc (XceiverServerGrpc.java:start(180)) - XceiverServerGrpc 00583802-0da6-49c8-9580-d04d83e5b4a4 is started using port 45711
2023-05-05 09:12:37,112 [BlockDeletingService#0] INFO  interfaces.ContainerDeletionChoosingPolicyTemplate (ContainerDeletionChoosingPolicyTemplate.java:chooseContainerForBlockDeletion(83)) - Chosen 0/5000 blocks from 0 candidate containers.
2023-05-05 09:12:37,448 [EndpointStateMachine task thread for /0.0.0.0:39903 - 0 ] INFO  utils.DatanodeStoreCache (DatanodeStoreCache.java:addDB(58)) - Added db /home/runner/work/ozone/ozone/hadoop-ozone/integration-test/target/test-dir/MiniOzoneClusterImpl-4dcb9f95-e710-4738-865b-4645215bc4f4/datanode-1/data-0/containers/hdds/4dcb9f95-e710-4738-865b-4645215bc4f4/DS-c65ab92a-e5d9-4be7-9b8f-e34c3eecbd06/container.db to cache
2023-05-05 09:12:37,449 [EndpointStateMachine task thread for /0.0.0.0:39903 - 0 ] INFO  volume.HddsVolume (HddsVolume.java:createDbStore(350)) - SchemaV3 db is created and loaded at /home/runner/work/ozone/ozone/hadoop-ozone/integration-test/target/test-dir/MiniOzoneClusterImpl-4dcb9f95-e710-4738-865b-4645215bc4f4/datanode-1/data-0/containers/hdds/4dcb9f95-e710-4738-865b-4645215bc4f4/DS-c65ab92a-e5d9-4be7-9b8f-e34c3eecbd06/container.db for volume DS-c65ab92a-e5d9-4be7-9b8f-e34c3eecbd06
2023-05-05 09:12:37,449 [EndpointStateMachine task thread for /0.0.0.0:39903 - 0 ] INFO  ozoneimpl.OzoneContainer (OzoneContainer.java:start(397)) - Attempting to start container services.
2023-05-05 09:12:37,449 [EndpointStateMachine task thread for /0.0.0.0:39903 - 0 ] INFO  ozoneimpl.OzoneContainer (OzoneContainer.java:startContainerScrub(314)) - Scheduled background container scanners and the on-demand container scanner have been disabled.
2023-05-05 09:12:37,451 [EndpointStateMachine task thread for /0.0.0.0:39903 - 0 ] INFO  replication.ReplicationServer (ReplicationServer.java:start(109)) - ReplicationServer is started using port 39831
2023-05-05 09:12:37,452 [EndpointStateMachine task thread for /0.0.0.0:39903 - 0 ] INFO  ratis.XceiverServerRatis (XceiverServerRatis.java:start(517)) - Starting XceiverServerRatis e3b1ee5f-ff3e-466d-8a57-c6afea7503f8
2023-05-05 09:12:37,452 [EndpointStateMachine task thread for /0.0.0.0:39903 - 0 ] INFO  server.RaftServer (RaftServerProxy.java:startImpl(393)) - e3b1ee5f-ff3e-466d-8a57-c6afea7503f8: start RPC server
2023-05-05 09:12:37,454 [EndpointStateMachine task thread for /0.0.0.0:39903 - 0 ] INFO  server.GrpcService (GrpcService.java:startImpl(262)) - e3b1ee5f-ff3e-466d-8a57-c6afea7503f8: GrpcService started, listening on 45593
2023-05-05 09:12:37,454 [EndpointStateMachine task thread for /0.0.0.0:39903 - 0 ] INFO  ratis.XceiverServerRatis (XceiverServerRatis.java:getRealPort(543)) - XceiverServerRatis e3b1ee5f-ff3e-466d-8a57-c6afea7503f8 is started using port 45593 for RATIS
2023-05-05 09:12:37,454 [JvmPauseMonitor18] INFO  util.JvmPauseMonitor (JvmPauseMonitor.java:run(105)) - JvmPauseMonitor-e3b1ee5f-ff3e-466d-8a57-c6afea7503f8: Started
2023-05-05 09:12:37,456 [EndpointStateMachine task thread for /0.0.0.0:39903 - 0 ] INFO  ratis.XceiverServerRatis (XceiverServerRatis.java:getRealPort(543)) - XceiverServerRatis e3b1ee5f-ff3e-466d-8a57-c6afea7503f8 is started using port 45593 for RATIS_ADMIN
2023-05-05 09:12:37,456 [EndpointStateMachine task thread for /0.0.0.0:39903 - 0 ] INFO  ratis.XceiverServerRatis (XceiverServerRatis.java:getRealPort(543)) - XceiverServerRatis e3b1ee5f-ff3e-466d-8a57-c6afea7503f8 is started using port 45593 for RATIS_SERVER
2023-05-05 09:12:37,456 [EndpointStateMachine task thread for /0.0.0.0:39903 - 0 ] INFO  ratis.XceiverServerRatis (XceiverServerRatis.java:getRealPort(543)) - XceiverServerRatis e3b1ee5f-ff3e-466d-8a57-c6afea7503f8 is started using port 36275 for RATIS_DATASTREAM
2023-05-05 09:12:37,460 [EndpointStateMachine task thread for /0.0.0.0:39903 - 0 ] INFO  server.XceiverServerGrpc (XceiverServerGrpc.java:start(180)) - XceiverServerGrpc e3b1ee5f-ff3e-466d-8a57-c6afea7503f8 is started using port 40019
2023-05-05 09:12:37,461 [BlockDeletingService#0] INFO  interfaces.ContainerDeletionChoosingPolicyTemplate (ContainerDeletionChoosingPolicyTemplate.java:chooseContainerForBlockDeletion(83)) - Chosen 0/5000 blocks from 0 candidate containers.
2023-05-05 09:12:37,769 [Listener at 127.0.0.1/42865] INFO  ozone.MiniOzoneClusterImpl (MiniOzoneClusterImpl.java:lambda$waitForClusterToBeReady$0(223)) - Waiting for nodes to be ready. Got 0 of 3 DN Heartbeats.
2023-05-05 09:12:37,769 [Listener at 127.0.0.1/42865] INFO  ozone.MiniOzoneClusterImpl (MiniOzoneClusterImpl.java:lambda$waitForClusterToBeReady$0(226)) - Waiting for cluster to exit safe mode
2023-05-05 09:12:37,769 [Listener at 127.0.0.1/42865] INFO  ozone.MiniOzoneClusterImpl (MiniOzoneClusterImpl.java:lambda$waitForClusterToBeReady$0(228)) - SCM became leader
2023-05-05 09:12:37,804 [EndpointStateMachine task thread for /0.0.0.0:39903 - 0 ] INFO  utils.DatanodeStoreCache (DatanodeStoreCache.java:addDB(58)) - Added db /home/runner/work/ozone/ozone/hadoop-ozone/integration-test/target/test-dir/MiniOzoneClusterImpl-4dcb9f95-e710-4738-865b-4645215bc4f4/datanode-2/data-0/containers/hdds/4dcb9f95-e710-4738-865b-4645215bc4f4/DS-7bd46819-e089-4e50-83cd-4e32540f6aba/container.db to cache
2023-05-05 09:12:37,804 [EndpointStateMachine task thread for /0.0.0.0:39903 - 0 ] INFO  volume.HddsVolume (HddsVolume.java:createDbStore(350)) - SchemaV3 db is created and loaded at /home/runner/work/ozone/ozone/hadoop-ozone/integration-test/target/test-dir/MiniOzoneClusterImpl-4dcb9f95-e710-4738-865b-4645215bc4f4/datanode-2/data-0/containers/hdds/4dcb9f95-e710-4738-865b-4645215bc4f4/DS-7bd46819-e089-4e50-83cd-4e32540f6aba/container.db for volume DS-7bd46819-e089-4e50-83cd-4e32540f6aba
2023-05-05 09:12:37,806 [EndpointStateMachine task thread for /0.0.0.0:39903 - 0 ] INFO  ozoneimpl.OzoneContainer (OzoneContainer.java:start(397)) - Attempting to start container services.
2023-05-05 09:12:37,806 [EndpointStateMachine task thread for /0.0.0.0:39903 - 0 ] INFO  ozoneimpl.OzoneContainer (OzoneContainer.java:startContainerScrub(314)) - Scheduled background container scanners and the on-demand container scanner have been disabled.
2023-05-05 09:12:37,810 [EndpointStateMachine task thread for /0.0.0.0:39903 - 0 ] INFO  replication.ReplicationServer (ReplicationServer.java:start(109)) - ReplicationServer is started using port 39981
2023-05-05 09:12:37,810 [EndpointStateMachine task thread for /0.0.0.0:39903 - 0 ] INFO  ratis.XceiverServerRatis (XceiverServerRatis.java:start(517)) - Starting XceiverServerRatis 437eba2d-58d6-4629-9360-2128a0cccd66
2023-05-05 09:12:37,811 [EndpointStateMachine task thread for /0.0.0.0:39903 - 0 ] INFO  server.RaftServer (RaftServerProxy.java:startImpl(393)) - 437eba2d-58d6-4629-9360-2128a0cccd66: start RPC server
2023-05-05 09:12:37,812 [EndpointStateMachine task thread for /0.0.0.0:39903 - 0 ] INFO  server.GrpcService (GrpcService.java:startImpl(262)) - 437eba2d-58d6-4629-9360-2128a0cccd66: GrpcService started, listening on 40629
2023-05-05 09:12:37,814 [EndpointStateMachine task thread for /0.0.0.0:39903 - 0 ] INFO  ratis.XceiverServerRatis (XceiverServerRatis.java:getRealPort(543)) - XceiverServerRatis 437eba2d-58d6-4629-9360-2128a0cccd66 is started using port 40629 for RATIS
2023-05-05 09:12:37,814 [EndpointStateMachine task thread for /0.0.0.0:39903 - 0 ] INFO  ratis.XceiverServerRatis (XceiverServerRatis.java:getRealPort(543)) - XceiverServerRatis 437eba2d-58d6-4629-9360-2128a0cccd66 is started using port 40629 for RATIS_ADMIN
2023-05-05 09:12:37,814 [JvmPauseMonitor19] INFO  util.JvmPauseMonitor (JvmPauseMonitor.java:run(105)) - JvmPauseMonitor-437eba2d-58d6-4629-9360-2128a0cccd66: Started
2023-05-05 09:12:37,814 [EndpointStateMachine task thread for /0.0.0.0:39903 - 0 ] INFO  ratis.XceiverServerRatis (XceiverServerRatis.java:getRealPort(543)) - XceiverServerRatis 437eba2d-58d6-4629-9360-2128a0cccd66 is started using port 40629 for RATIS_SERVER
2023-05-05 09:12:37,814 [EndpointStateMachine task thread for /0.0.0.0:39903 - 0 ] INFO  ratis.XceiverServerRatis (XceiverServerRatis.java:getRealPort(543)) - XceiverServerRatis 437eba2d-58d6-4629-9360-2128a0cccd66 is started using port 45909 for RATIS_DATASTREAM
2023-05-05 09:12:37,820 [EndpointStateMachine task thread for /0.0.0.0:39903 - 0 ] INFO  server.XceiverServerGrpc (XceiverServerGrpc.java:start(180)) - XceiverServerGrpc 437eba2d-58d6-4629-9360-2128a0cccd66 is started using port 39059
2023-05-05 09:12:37,820 [BlockDeletingService#0] INFO  interfaces.ContainerDeletionChoosingPolicyTemplate (ContainerDeletionChoosingPolicyTemplate.java:chooseContainerForBlockDeletion(83)) - Chosen 0/5000 blocks from 0 candidate containers.
2023-05-05 09:12:38,770 [Listener at 127.0.0.1/42865] INFO  ozone.MiniOzoneClusterImpl (MiniOzoneClusterImpl.java:lambda$waitForClusterToBeReady$0(223)) - Waiting for nodes to be ready. Got 0 of 3 DN Heartbeats.
2023-05-05 09:12:38,770 [Listener at 127.0.0.1/42865] INFO  ozone.MiniOzoneClusterImpl (MiniOzoneClusterImpl.java:lambda$waitForClusterToBeReady$0(226)) - Waiting for cluster to exit safe mode
2023-05-05 09:12:38,770 [Listener at 127.0.0.1/42865] INFO  ozone.MiniOzoneClusterImpl (MiniOzoneClusterImpl.java:lambda$waitForClusterToBeReady$0(228)) - SCM became leader
2023-05-05 09:12:39,045 [IPC Server handler 0 on default port 39903] INFO  net.NetworkTopologyImpl (NetworkTopologyImpl.java:add(112)) - Added a new node: /default-rack/00583802-0da6-49c8-9580-d04d83e5b4a4
2023-05-05 09:12:39,045 [IPC Server handler 0 on default port 39903] INFO  node.SCMNodeManager (SCMNodeManager.java:register(407)) - Registered Data node : 00583802-0da6-49c8-9580-d04d83e5b4a4{ip: 10.1.0.42, host: fv-az152-207.qln5d00okglujjccfnhxhxodph.cx.internal.cloudapp.net, ports: [HTTP=33169, REPLICATION=43813, RATIS=34153, RATIS_ADMIN=34153, RATIS_SERVER=34153, RATIS_DATASTREAM=46501, STANDALONE=45711], networkLocation: /default-rack, certSerialId: null, persistedOpState: null, persistedOpStateExpiryEpochSec: 0}
2023-05-05 09:12:39,052 [EventQueue-NewNodeForNewNodeHandler] INFO  pipeline.BackgroundPipelineCreator (BackgroundPipelineCreator.java:notifyEventTriggered(276)) - trigger a one-shot run on RatisPipelineUtilsThread.
2023-05-05 09:12:39,053 [EventQueue-NodeRegistrationContainerReportForDataNodeSafeModeRule] INFO  safemode.SCMSafeModeManager (DataNodeSafeModeRule.java:process(71)) - SCM in safe mode. 1 DataNodes registered, 3 required.
2023-05-05 09:12:39,053 [RatisPipelineUtilsThread - 0] INFO  pipeline.RatisPipelineProvider (RatisPipelineProvider.java:lambda$create$0(206)) - Sending CreatePipelineCommand for pipeline:PipelineID=a948da45-d7f1-4c83-908c-91207d80bf59 to datanode:00583802-0da6-49c8-9580-d04d83e5b4a4
2023-05-05 09:12:39,054 [RatisPipelineUtilsThread - 0] INFO  pipeline.PipelineStateManagerImpl (PipelineStateManagerImpl.java:addPipeline(103)) - Created pipeline Pipeline[ Id: a948da45-d7f1-4c83-908c-91207d80bf59, Nodes: 00583802-0da6-49c8-9580-d04d83e5b4a4(fv-az152-207.qln5d00okglujjccfnhxhxodph.cx.internal.cloudapp.net/10.1.0.42), ReplicationConfig: RATIS/ONE, State:ALLOCATED, leaderId:, CreationTimestamp2023-05-05T09:12:39.053Z[Etc/UTC]].
2023-05-05 09:12:39,058 [EventQueue-NodeRegistrationContainerReportForContainerSafeModeRule] INFO  safemode.SCMSafeModeManager (SCMSafeModeManager.java:validateSafeModeExitRules(200)) - ContainerSafeModeRule rule is successfully validated
2023-05-05 09:12:39,059 [EventQueue-PipelineReportForOneReplicaPipelineSafeModeRule] INFO  safemode.SCMSafeModeManager (SCMSafeModeManager.java:validateSafeModeExitRules(200)) - AtleastOneDatanodeReportedRule rule is successfully validated
2023-05-05 09:12:39,411 [IPC Server handler 1 on default port 39903] INFO  net.NetworkTopologyImpl (NetworkTopologyImpl.java:add(112)) - Added a new node: /default-rack/e3b1ee5f-ff3e-466d-8a57-c6afea7503f8
2023-05-05 09:12:39,411 [IPC Server handler 1 on default port 39903] INFO  node.SCMNodeManager (SCMNodeManager.java:register(407)) - Registered Data node : e3b1ee5f-ff3e-466d-8a57-c6afea7503f8{ip: 10.1.0.42, host: fv-az152-207.qln5d00okglujjccfnhxhxodph.cx.internal.cloudapp.net, ports: [HTTP=43463, REPLICATION=39831, RATIS=45593, RATIS_ADMIN=45593, RATIS_SERVER=45593, RATIS_DATASTREAM=36275, STANDALONE=40019], networkLocation: /default-rack, certSerialId: null, persistedOpState: null, persistedOpStateExpiryEpochSec: 0}
2023-05-05 09:12:39,416 [EventQueue-NodeRegistrationContainerReportForDataNodeSafeModeRule] INFO  safemode.SCMSafeModeManager (DataNodeSafeModeRule.java:process(71)) - SCM in safe mode. 2 DataNodes registered, 3 required.
2023-05-05 09:12:39,417 [EventQueue-NewNodeForNewNodeHandler] INFO  pipeline.BackgroundPipelineCreator (BackgroundPipelineCreator.java:notifyEventTriggered(276)) - trigger a one-shot run on RatisPipelineUtilsThread.
2023-05-05 09:12:39,417 [RatisPipelineUtilsThread - 0] INFO  pipeline.RatisPipelineProvider (RatisPipelineProvider.java:lambda$create$0(206)) - Sending CreatePipelineCommand for pipeline:PipelineID=50541a57-2f1a-4afc-a6a5-0aa125ab99cf to datanode:e3b1ee5f-ff3e-466d-8a57-c6afea7503f8
2023-05-05 09:12:39,418 [RatisPipelineUtilsThread - 0] INFO  pipeline.PipelineStateManagerImpl (PipelineStateManagerImpl.java:addPipeline(103)) - Created pipeline Pipeline[ Id: 50541a57-2f1a-4afc-a6a5-0aa125ab99cf, Nodes: e3b1ee5f-ff3e-466d-8a57-c6afea7503f8(fv-az152-207.qln5d00okglujjccfnhxhxodph.cx.internal.cloudapp.net/10.1.0.42), ReplicationConfig: RATIS/ONE, State:ALLOCATED, leaderId:, CreationTimestamp2023-05-05T09:12:39.417Z[Etc/UTC]].
2023-05-05 09:12:39,770 [Listener at 127.0.0.1/42865] INFO  ozone.MiniOzoneClusterImpl (MiniOzoneClusterImpl.java:lambda$waitForClusterToBeReady$0(223)) - Waiting for nodes to be ready. Got 2 of 3 DN Heartbeats.
2023-05-05 09:12:39,770 [Listener at 127.0.0.1/42865] INFO  ozone.MiniOzoneClusterImpl (MiniOzoneClusterImpl.java:lambda$waitForClusterToBeReady$0(226)) - Waiting for cluster to exit safe mode
2023-05-05 09:12:39,770 [Listener at 127.0.0.1/42865] INFO  ozone.MiniOzoneClusterImpl (MiniOzoneClusterImpl.java:lambda$waitForClusterToBeReady$0(228)) - SCM became leader
2023-05-05 09:12:39,774 [IPC Server handler 2 on default port 39903] INFO  net.NetworkTopologyImpl (NetworkTopologyImpl.java:add(112)) - Added a new node: /default-rack/437eba2d-58d6-4629-9360-2128a0cccd66
2023-05-05 09:12:39,775 [IPC Server handler 2 on default port 39903] INFO  node.SCMNodeManager (SCMNodeManager.java:register(407)) - Registered Data node : 437eba2d-58d6-4629-9360-2128a0cccd66{ip: 10.1.0.42, host: fv-az152-207.qln5d00okglujjccfnhxhxodph.cx.internal.cloudapp.net, ports: [HTTP=42309, REPLICATION=39981, RATIS=40629, RATIS_ADMIN=40629, RATIS_SERVER=40629, RATIS_DATASTREAM=45909, STANDALONE=39059], networkLocation: /default-rack, certSerialId: null, persistedOpState: null, persistedOpStateExpiryEpochSec: 0}
2023-05-05 09:12:39,775 [EventQueue-NewNodeForNewNodeHandler] INFO  pipeline.BackgroundPipelineCreator (BackgroundPipelineCreator.java:notifyEventTriggered(276)) - trigger a one-shot run on RatisPipelineUtilsThread.
2023-05-05 09:12:39,776 [EventQueue-NodeRegistrationContainerReportForDataNodeSafeModeRule] INFO  safemode.SCMSafeModeManager (DataNodeSafeModeRule.java:process(71)) - SCM in safe mode. 3 DataNodes registered, 3 required.
2023-05-05 09:12:39,776 [EventQueue-NodeRegistrationContainerReportForDataNodeSafeModeRule] INFO  safemode.SCMSafeModeManager (SCMSafeModeManager.java:validateSafeModeExitRules(200)) - DataNodeSafeModeRule rule is successfully validated
2023-05-05 09:12:39,776 [EventQueue-NodeRegistrationContainerReportForDataNodeSafeModeRule] INFO  safemode.SCMSafeModeManager (SCMSafeModeManager.java:completePreCheck(229)) - All SCM safe mode pre check rules have passed
2023-05-05 09:12:39,776 [RatisPipelineUtilsThread - 0] INFO  pipeline.RatisPipelineProvider (RatisPipelineProvider.java:lambda$create$0(206)) - Sending CreatePipelineCommand for pipeline:PipelineID=6101422d-55cf-4b5b-8bf4-2ba7789e05af to datanode:437eba2d-58d6-4629-9360-2128a0cccd66
2023-05-05 09:12:39,776 [EventQueue-NodeRegistrationContainerReportForDataNodeSafeModeRule] INFO  ha.SCMContext (SCMContext.java:updateSafeModeStatus(228)) - Update SafeModeStatus from SafeModeStatus{safeModeStatus=true, preCheckPassed=false} to SafeModeStatus{safeModeStatus=true, preCheckPassed=true}.
2023-05-05 09:12:39,777 [EventQueue-NodeRegistrationContainerReportForDataNodeSafeModeRule] INFO  pipeline.BackgroundPipelineCreator (BackgroundPipelineCreator.java:notifyEventTriggered(276)) - trigger a one-shot run on RatisPipelineUtilsThread.
2023-05-05 09:12:39,777 [RatisPipelineUtilsThread - 0] INFO  pipeline.PipelineStateManagerImpl (PipelineStateManagerImpl.java:addPipeline(103)) - Created pipeline Pipeline[ Id: 6101422d-55cf-4b5b-8bf4-2ba7789e05af, Nodes: 437eba2d-58d6-4629-9360-2128a0cccd66(fv-az152-207.qln5d00okglujjccfnhxhxodph.cx.internal.cloudapp.net/10.1.0.42), ReplicationConfig: RATIS/ONE, State:ALLOCATED, leaderId:, CreationTimestamp2023-05-05T09:12:39.776Z[Etc/UTC]].
2023-05-05 09:12:39,778 [RatisPipelineUtilsThread - 0] INFO  pipeline.RatisPipelineProvider (RatisPipelineProvider.java:lambda$create$0(206)) - Sending CreatePipelineCommand for pipeline:PipelineID=635d7c40-a330-4127-a96b-37f04239934c to datanode:e3b1ee5f-ff3e-466d-8a57-c6afea7503f8
2023-05-05 09:12:39,778 [RatisPipelineUtilsThread - 0] INFO  pipeline.RatisPipelineProvider (RatisPipelineProvider.java:lambda$create$0(206)) - Sending CreatePipelineCommand for pipeline:PipelineID=635d7c40-a330-4127-a96b-37f04239934c to datanode:00583802-0da6-49c8-9580-d04d83e5b4a4
2023-05-05 09:12:39,778 [RatisPipelineUtilsThread - 0] INFO  pipeline.RatisPipelineProvider (RatisPipelineProvider.java:lambda$create$0(206)) - Sending CreatePipelineCommand for pipeline:PipelineID=635d7c40-a330-4127-a96b-37f04239934c to datanode:437eba2d-58d6-4629-9360-2128a0cccd66
2023-05-05 09:12:39,778 [RatisPipelineUtilsThread - 0] INFO  pipeline.PipelineStateManagerImpl (PipelineStateManagerImpl.java:addPipeline(103)) - Created pipeline Pipeline[ Id: 635d7c40-a330-4127-a96b-37f04239934c, Nodes: e3b1ee5f-ff3e-466d-8a57-c6afea7503f8(fv-az152-207.qln5d00okglujjccfnhxhxodph.cx.internal.cloudapp.net/10.1.0.42)00583802-0da6-49c8-9580-d04d83e5b4a4(fv-az152-207.qln5d00okglujjccfnhxhxodph.cx.internal.cloudapp.net/10.1.0.42)437eba2d-58d6-4629-9360-2128a0cccd66(fv-az152-207.qln5d00okglujjccfnhxhxodph.cx.internal.cloudapp.net/10.1.0.42), ReplicationConfig: RATIS/THREE, State:ALLOCATED, leaderId:, CreationTimestamp2023-05-05T09:12:39.778Z[Etc/UTC]].
2023-05-05 09:12:39,779 [RatisPipelineUtilsThread - 0] INFO  pipeline.RatisPipelineProvider (RatisPipelineProvider.java:lambda$create$0(206)) - Sending CreatePipelineCommand for pipeline:PipelineID=ec0cdf10-09b8-4fd0-b718-3cb6521d8ecb to datanode:e3b1ee5f-ff3e-466d-8a57-c6afea7503f8
2023-05-05 09:12:39,779 [RatisPipelineUtilsThread - 0] INFO  pipeline.RatisPipelineProvider (RatisPipelineProvider.java:lambda$create$0(206)) - Sending CreatePipelineCommand for pipeline:PipelineID=ec0cdf10-09b8-4fd0-b718-3cb6521d8ecb to datanode:00583802-0da6-49c8-9580-d04d83e5b4a4
2023-05-05 09:12:39,779 [RatisPipelineUtilsThread - 0] INFO  pipeline.RatisPipelineProvider (RatisPipelineProvider.java:lambda$create$0(206)) - Sending CreatePipelineCommand for pipeline:PipelineID=ec0cdf10-09b8-4fd0-b718-3cb6521d8ecb to datanode:437eba2d-58d6-4629-9360-2128a0cccd66
2023-05-05 09:12:39,779 [RatisPipelineUtilsThread - 0] INFO  pipeline.PipelineStateManagerImpl (PipelineStateManagerImpl.java:addPipeline(103)) - Created pipeline Pipeline[ Id: ec0cdf10-09b8-4fd0-b718-3cb6521d8ecb, Nodes: e3b1ee5f-ff3e-466d-8a57-c6afea7503f8(fv-az152-207.qln5d00okglujjccfnhxhxodph.cx.internal.cloudapp.net/10.1.0.42)00583802-0da6-49c8-9580-d04d83e5b4a4(fv-az152-207.qln5d00okglujjccfnhxhxodph.cx.internal.cloudapp.net/10.1.0.42)437eba2d-58d6-4629-9360-2128a0cccd66(fv-az152-207.qln5d00okglujjccfnhxhxodph.cx.internal.cloudapp.net/10.1.0.42), ReplicationConfig: RATIS/THREE, State:ALLOCATED, leaderId:, CreationTimestamp2023-05-05T09:12:39.779Z[Etc/UTC]].
2023-05-05 09:12:39,779 [RatisPipelineUtilsThread - 0] INFO  pipeline.PipelineManagerImpl (PipelineManagerImpl.java:recordMetricsForPipeline(826)) - Pipeline: PipelineID=ec0cdf10-09b8-4fd0-b718-3cb6521d8ecb contains same datanodes as previous pipelines: PipelineID=635d7c40-a330-4127-a96b-37f04239934c nodeIds: e3b1ee5f-ff3e-466d-8a57-c6afea7503f8, 00583802-0da6-49c8-9580-d04d83e5b4a4, 437eba2d-58d6-4629-9360-2128a0cccd66
2023-05-05 09:12:39,779 [RatisPipelineUtilsThread - 0] WARN  pipeline.PipelinePlacementPolicy (PipelinePlacementPolicy.java:filterViableNodes(160)) - Pipeline creation failed due to no sufficient healthy datanodes. Required 3. Found 0. Excluded 3.
2023-05-05 09:12:39,780 [RatisPipelineUtilsThread - 0] WARN  pipeline.PipelinePlacementPolicy (PipelinePlacementPolicy.java:filterViableNodes(160)) - Pipeline creation failed due to no sufficient healthy datanodes. Required 3. Found 0. Excluded 3.
2023-05-05 09:12:40,771 [Listener at 127.0.0.1/42865] INFO  ozone.MiniOzoneClusterImpl (MiniOzoneClusterImpl.java:lambda$waitForClusterToBeReady$0(223)) - Nodes are ready. Got 3 of 3 DN Heartbeats.
2023-05-05 09:12:40,771 [Listener at 127.0.0.1/42865] INFO  ozone.MiniOzoneClusterImpl (MiniOzoneClusterImpl.java:lambda$waitForClusterToBeReady$0(226)) - Waiting for cluster to exit safe mode
2023-05-05 09:12:40,771 [Listener at 127.0.0.1/42865] INFO  ozone.MiniOzoneClusterImpl (MiniOzoneClusterImpl.java:lambda$waitForClusterToBeReady$0(228)) - SCM became leader
2023-05-05 09:12:41,771 [Listener at 127.0.0.1/42865] INFO  ozone.MiniOzoneClusterImpl (MiniOzoneClusterImpl.java:lambda$waitForClusterToBeReady$0(223)) - Nodes are ready. Got 3 of 3 DN Heartbeats.
2023-05-05 09:12:41,771 [Listener at 127.0.0.1/42865] INFO  ozone.MiniOzoneClusterImpl (MiniOzoneClusterImpl.java:lambda$waitForClusterToBeReady$0(226)) - Waiting for cluster to exit safe mode
2023-05-05 09:12:41,771 [Listener at 127.0.0.1/42865] INFO  ozone.MiniOzoneClusterImpl (MiniOzoneClusterImpl.java:lambda$waitForClusterToBeReady$0(228)) - SCM became leader
2023-05-05 09:12:42,044 [Command processor thread] INFO  server.RaftServer (RaftServerProxy.java:addNew(96)) - 00583802-0da6-49c8-9580-d04d83e5b4a4: addNew group-91207D80BF59:[00583802-0da6-49c8-9580-d04d83e5b4a4|rpc:10.1.0.42:34153|dataStream:10.1.0.42:46501|priority:1|startupRole:FOLLOWER] returns group-91207D80BF59:java.util.concurrent.CompletableFuture@4b69542c[Not completed]
2023-05-05 09:12:42,045 [pool-781-thread-1] INFO  server.RaftServer$Division (RaftServerImpl.java:<init>(195)) - 00583802-0da6-49c8-9580-d04d83e5b4a4: new RaftServerImpl for group-91207D80BF59:[00583802-0da6-49c8-9580-d04d83e5b4a4|rpc:10.1.0.42:34153|dataStream:10.1.0.42:46501|priority:1|startupRole:FOLLOWER] with ContainerStateMachine:uninitialized
2023-05-05 09:12:42,045 [pool-781-thread-1] INFO  server.RaftServerConfigKeys (ConfUtils.java:logGet(46)) - raft.server.rpc.timeout.min = 5s (custom)
2023-05-05 09:12:42,045 [pool-781-thread-1] INFO  server.RaftServerConfigKeys (ConfUtils.java:logGet(46)) - raft.server.rpc.timeout.max = 5200ms (custom)
2023-05-05 09:12:42,045 [pool-781-thread-1] INFO  server.RaftServerConfigKeys (ConfUtils.java:logGet(46)) - raft.server.rpc.sleep.time = 25ms (default)
2023-05-05 09:12:42,045 [pool-781-thread-1] INFO  server.RaftServerConfigKeys (ConfUtils.java:logGet(46)) - raft.server.rpc.slowness.timeout = 300s (custom)
2023-05-05 09:12:42,045 [pool-781-thread-1] INFO  server.RaftServerConfigKeys (ConfUtils.java:logGet(46)) - raft.server.leaderelection.leader.step-down.wait-time = 10s (default)
2023-05-05 09:12:42,045 [pool-781-thread-1] INFO  server.RaftServerConfigKeys (ConfUtils.java:logGet(46)) - raft.server.sleep.deviation.threshold = 300ms (default)
2023-05-05 09:12:42,045 [pool-781-thread-1] INFO  server.RaftServer$Division (ServerState.java:<init>(118)) - 00583802-0da6-49c8-9580-d04d83e5b4a4@group-91207D80BF59: ConfigurationManager, init=-1: peers:[00583802-0da6-49c8-9580-d04d83e5b4a4|rpc:10.1.0.42:34153|dataStream:10.1.0.42:46501|priority:1|startupRole:FOLLOWER]|listeners:[], old=null, confs=<EMPTY_MAP>
2023-05-05 09:12:42,045 [pool-781-thread-1] INFO  server.RaftServerConfigKeys (ConfUtils.java:logGet(46)) - raft.server.storage.dir = [/home/runner/work/ozone/ozone/hadoop-ozone/integration-test/target/test-dir/MiniOzoneClusterImpl-4dcb9f95-e710-4738-865b-4645215bc4f4/datanode-0/data/ratis] (custom)
2023-05-05 09:12:42,046 [pool-781-thread-1] INFO  server.RaftServerConfigKeys (ConfUtils.java:logGet(46)) - raft.server.log.corruption.policy = EXCEPTION (default)
2023-05-05 09:12:42,046 [pool-781-thread-1] INFO  server.RaftServerConfigKeys (ConfUtils.java:logGet(46)) - raft.server.storage.free-space.min = 0MB (=0) (default)
2023-05-05 09:12:42,046 [pool-781-thread-1] INFO  server.RaftServerConfigKeys (ConfUtils.java:logGet(46)) - raft.server.notification.no-leader.timeout = 300s (custom)
2023-05-05 09:12:42,046 [pool-781-thread-1] INFO  server.RaftServerConfigKeys (ConfUtils.java:logGet(46)) - raft.server.retrycache.expirytime = 600000ms (custom)
2023-05-05 09:12:42,046 [pool-781-thread-1] INFO  server.RaftServerConfigKeys (ConfUtils.java:logGet(46)) - raft.server.retrycache.statistics.expirytime = 100μs (default)
2023-05-05 09:12:42,046 [pool-781-thread-1] INFO  server.RaftServerConfigKeys (ConfUtils.java:logGet(46)) - raft.server.log.appender.install.snapshot.enabled = false (custom)
2023-05-05 09:12:42,047 [pool-781-thread-1] INFO  server.RaftServerConfigKeys (ConfUtils.java:logGet(46)) - raft.server.threadpool.server.cached = true (default)
2023-05-05 09:12:42,047 [pool-781-thread-1] INFO  server.RaftServerConfigKeys (ConfUtils.java:logGet(46)) - raft.server.threadpool.server.size = 0 (default)
2023-05-05 09:12:42,047 [pool-781-thread-1] INFO  server.RaftServerConfigKeys (ConfUtils.java:logGet(46)) - raft.server.threadpool.client.cached = true (default)
2023-05-05 09:12:42,047 [pool-781-thread-1] INFO  server.RaftServerConfigKeys (ConfUtils.java:logGet(46)) - raft.server.threadpool.client.size = 0 (default)
2023-05-05 09:12:42,047 [pool-781-thread-1] INFO  storage.RaftStorageDirectory (RaftStorageDirectoryImpl.java:analyzeStorage(137)) - The storage directory /home/runner/work/ozone/ozone/hadoop-ozone/integration-test/target/test-dir/MiniOzoneClusterImpl-4dcb9f95-e710-4738-865b-4645215bc4f4/datanode-0/data/ratis/a948da45-d7f1-4c83-908c-91207d80bf59 does not exist. Creating ...
2023-05-05 09:12:42,049 [pool-781-thread-1] INFO  storage.RaftStorageDirectory (RaftStorageDirectoryImpl.java:tryLock(231)) - Lock on /home/runner/work/ozone/ozone/hadoop-ozone/integration-test/target/test-dir/MiniOzoneClusterImpl-4dcb9f95-e710-4738-865b-4645215bc4f4/datanode-0/data/ratis/a948da45-d7f1-4c83-908c-91207d80bf59/in_use.lock acquired by nodename 7812@fv-az152-207
2023-05-05 09:12:42,050 [pool-781-thread-1] INFO  storage.RaftStorage (RaftStorageImpl.java:format(96)) - Storage directory /home/runner/work/ozone/ozone/hadoop-ozone/integration-test/target/test-dir/MiniOzoneClusterImpl-4dcb9f95-e710-4738-865b-4645215bc4f4/datanode-0/data/ratis/a948da45-d7f1-4c83-908c-91207d80bf59 has been successfully formatted.
2023-05-05 09:12:42,052 [pool-781-thread-1] INFO  ratis.ContainerStateMachine (ContainerStateMachine.java:loadSnapshot(262)) - group-91207D80BF59: The snapshot info is null. Setting the last applied indexto:(t:0, i:~)
2023-05-05 09:12:42,052 [pool-781-thread-1] INFO  server.RaftServerConfigKeys (ConfUtils.java:logGet(46)) - raft.server.log.use.memory = false (default)
2023-05-05 09:12:42,052 [pool-781-thread-1] INFO  server.RaftServerConfigKeys (ConfUtils.java:logGet(46)) - raft.server.log.purge.gap = 1000000 (custom)
2023-05-05 09:12:42,052 [pool-781-thread-1] INFO  server.RaftServerConfigKeys (ConfUtils.java:logGet(46)) - raft.server.log.appender.buffer.byte-limit = 33554432 (custom)
2023-05-05 09:12:42,052 [pool-781-thread-1] INFO  server.RaftServerConfigKeys (ConfUtils.java:logGet(46)) - raft.server.log.statemachine.data.read.timeout = 1000ms (default)
2023-05-05 09:12:42,052 [pool-781-thread-1] INFO  server.RaftServerConfigKeys (ConfUtils.java:logGet(46)) - raft.server.log.purge.preservation.log.num = 0 (default)
2023-05-05 09:12:42,052 [pool-781-thread-1] INFO  server.RaftServerConfigKeys (ConfUtils.java:logGet(46)) - raft.server.log.segment.size.max = 1048576 (custom)
2023-05-05 09:12:42,052 [pool-781-thread-1] INFO  server.RaftServerConfigKeys (ConfUtils.java:logGet(46)) - raft.server.log.segment.cache.num.max = 2 (custom)
2023-05-05 09:12:42,052 [pool-781-thread-1] INFO  server.RaftServerConfigKeys (ConfUtils.java:logGet(46)) - raft.server.log.segment.cache.size.max = 200MB (=209715200) (default)
2023-05-05 09:12:42,052 [pool-781-thread-1] INFO  segmented.SegmentedRaftLogWorker (SegmentedRaftLogWorker.java:<init>(189)) - new 00583802-0da6-49c8-9580-d04d83e5b4a4@group-91207D80BF59-SegmentedRaftLogWorker for RaftStorageImpl:Storage Directory /home/runner/work/ozone/ozone/hadoop-ozone/integration-test/target/test-dir/MiniOzoneClusterImpl-4dcb9f95-e710-4738-865b-4645215bc4f4/datanode-0/data/ratis/a948da45-d7f1-4c83-908c-91207d80bf59
2023-05-05 09:12:42,052 [pool-781-thread-1] INFO  server.RaftServerConfigKeys (ConfUtils.java:logGet(46)) - raft.server.log.queue.byte-limit = 4294967296 (custom)
2023-05-05 09:12:42,052 [pool-781-thread-1] INFO  server.RaftServerConfigKeys (ConfUtils.java:logGet(46)) - raft.server.log.queue.element-limit = 1024 (custom)
2023-05-05 09:12:42,053 [pool-781-thread-1] INFO  server.RaftServerConfigKeys (ConfUtils.java:logGet(46)) - raft.server.log.segment.size.max = 1048576 (custom)
2023-05-05 09:12:42,053 [pool-781-thread-1] INFO  server.RaftServerConfigKeys (ConfUtils.java:logGet(46)) - raft.server.log.preallocated.size = 16384 (custom)
2023-05-05 09:12:42,053 [pool-781-thread-1] INFO  server.RaftServerConfigKeys (ConfUtils.java:logGet(46)) - raft.server.log.force.sync.num = 128 (default)
2023-05-05 09:12:42,053 [pool-781-thread-1] INFO  server.RaftServerConfigKeys (ConfUtils.java:logGet(46)) - raft.server.log.statemachine.data.sync = true (default)
2023-05-05 09:12:42,053 [pool-781-thread-1] INFO  server.RaftServerConfigKeys (ConfUtils.java:logGet(46)) - raft.server.log.statemachine.data.sync.timeout = 10s (default)
2023-05-05 09:12:42,053 [pool-781-thread-1] INFO  server.RaftServerConfigKeys (ConfUtils.java:logGet(46)) - raft.server.log.statemachine.data.sync.timeout.retry = -1 (default)
2023-05-05 09:12:42,053 [pool-781-thread-1] INFO  server.RaftServerConfigKeys (ConfUtils.java:logGet(46)) - raft.server.log.write.buffer.size = 1048576 (custom)
2023-05-05 09:12:42,053 [EventQueue-PipelineReportForPipelineReportHandler] INFO  pipeline.PipelineManagerImpl (PipelineManagerImpl.java:openPipeline(367)) - Pipeline Pipeline[ Id: a948da45-d7f1-4c83-908c-91207d80bf59, Nodes: 00583802-0da6-49c8-9580-d04d83e5b4a4(fv-az152-207.qln5d00okglujjccfnhxhxodph.cx.internal.cloudapp.net/10.1.0.42), ReplicationConfig: RATIS/ONE, State:ALLOCATED, leaderId:00583802-0da6-49c8-9580-d04d83e5b4a4, CreationTimestamp2023-05-05T09:12:39.053Z[Etc/UTC]] moved to OPEN state
2023-05-05 09:12:42,057 [pool-781-thread-1] INFO  server.RaftServerConfigKeys (ConfUtils.java:logGet(46)) - raft.server.log.appender.buffer.byte-limit = 33554432 (custom)
2023-05-05 09:12:42,062 [pool-781-thread-1] INFO  server.RaftServerConfigKeys (ConfUtils.java:logGet(46)) - raft.server.log.unsafe-flush.enabled = false (default)
2023-05-05 09:12:42,062 [pool-781-thread-1] INFO  server.RaftServerConfigKeys (ConfUtils.java:logGet(46)) - raft.server.log.async-flush.enabled = false (default)
2023-05-05 09:12:42,062 [pool-781-thread-1] INFO  server.RaftServerConfigKeys (ConfUtils.java:logGet(46)) - raft.server.log.statemachine.data.caching.enabled = true (custom)
2023-05-05 09:12:42,063 [pool-781-thread-1] INFO  segmented.SegmentedRaftLogWorker (SegmentedRaftLogWorker.java:lambda$new$0(135)) - 00583802-0da6-49c8-9580-d04d83e5b4a4@group-91207D80BF59-SegmentedRaftLogWorker: flushIndex: setUnconditionally 0 -> -1
2023-05-05 09:12:42,063 [pool-781-thread-1] INFO  segmented.SegmentedRaftLogWorker (SegmentedRaftLogWorker.java:lambda$new$0(135)) - 00583802-0da6-49c8-9580-d04d83e5b4a4@group-91207D80BF59-SegmentedRaftLogWorker: safeCacheEvictIndex: setUnconditionally 0 -> -1
2023-05-05 09:12:42,063 [pool-781-thread-1] INFO  server.RaftServer$Division (RaftServerImpl.java:start(334)) - 00583802-0da6-49c8-9580-d04d83e5b4a4@group-91207D80BF59: start as a follower, conf=-1: peers:[00583802-0da6-49c8-9580-d04d83e5b4a4|rpc:10.1.0.42:34153|dataStream:10.1.0.42:46501|priority:1|startupRole:FOLLOWER]|listeners:[], old=null
2023-05-05 09:12:42,063 [pool-781-thread-1] INFO  server.RaftServer$Division (RaftServerImpl.java:setRole(321)) - 00583802-0da6-49c8-9580-d04d83e5b4a4@group-91207D80BF59: changes role from      null to FOLLOWER at term 0 for startAsFollower
2023-05-05 09:12:42,063 [pool-781-thread-1] INFO  impl.RoleInfo (RoleInfo.java:updateAndGet(139)) - 00583802-0da6-49c8-9580-d04d83e5b4a4: start 00583802-0da6-49c8-9580-d04d83e5b4a4@group-91207D80BF59-FollowerState
2023-05-05 09:12:42,064 [EventQueue-OpenPipelineForHealthyPipelineSafeModeRule] INFO  safemode.SCMSafeModeManager (HealthyPipelineSafeModeRule.java:process(137)) - SCM in safe mode. Healthy pipelines reported count is 0, required healthy pipeline reported count is 1
2023-05-05 09:12:42,068 [pool-781-thread-1] INFO  util.JmxRegister (JmxRegister.java:tryRegister(44)) - Successfully registered JMX Bean with object name Ratis:service=RaftServer,group=group-91207D80BF59,id=00583802-0da6-49c8-9580-d04d83e5b4a4
2023-05-05 09:12:42,068 [pool-781-thread-1] INFO  server.RaftServerConfigKeys (ConfUtils.java:logGet(46)) - raft.server.snapshot.auto.trigger.enabled = true (custom)
2023-05-05 09:12:42,068 [pool-781-thread-1] INFO  server.RaftServerConfigKeys (ConfUtils.java:logGet(46)) - raft.server.snapshot.auto.trigger.threshold = 10000 (custom)
2023-05-05 09:12:42,068 [pool-781-thread-1] INFO  server.RaftServerConfigKeys (ConfUtils.java:logGet(46)) - raft.server.snapshot.retention.file.num = 5 (custom)
2023-05-05 09:12:42,068 [pool-781-thread-1] INFO  server.RaftServerConfigKeys (ConfUtils.java:logGet(46)) - raft.server.log.purge.upto.snapshot.index = false (default)
2023-05-05 09:12:42,068 [00583802-0da6-49c8-9580-d04d83e5b4a4@group-91207D80BF59-FollowerState] INFO  server.RaftServerConfigKeys (ConfUtils.java:logFallback(53)) - raft.server.rpc.first-election.timeout.min = 5s (fallback to raft.server.rpc.timeout.min)
2023-05-05 09:12:42,068 [00583802-0da6-49c8-9580-d04d83e5b4a4@group-91207D80BF59-FollowerState] INFO  server.RaftServerConfigKeys (ConfUtils.java:logFallback(53)) - raft.server.rpc.first-election.timeout.max = 5200ms (fallback to raft.server.rpc.timeout.max)
2023-05-05 09:12:42,072 [Command processor thread] INFO  ratis.XceiverServerRatis (XceiverServerRatis.java:addGroup(806)) - Created group PipelineID=a948da45-d7f1-4c83-908c-91207d80bf59
2023-05-05 09:12:42,072 [Command processor thread] INFO  commandhandler.CreatePipelineCommandHandler (CreatePipelineCommandHandler.java:handle(113)) - Created Pipeline RATIS ONE PipelineID=a948da45-d7f1-4c83-908c-91207d80bf59.
2023-05-05 09:12:42,072 [Command processor thread] INFO  server.RaftServer (RaftServerProxy.java:addNew(96)) - 00583802-0da6-49c8-9580-d04d83e5b4a4: addNew group-37F04239934C:[437eba2d-58d6-4629-9360-2128a0cccd66|rpc:10.1.0.42:40629|dataStream:10.1.0.42:45909|priority:0|startupRole:FOLLOWER, e3b1ee5f-ff3e-466d-8a57-c6afea7503f8|rpc:10.1.0.42:45593|dataStream:10.1.0.42:36275|priority:1|startupRole:FOLLOWER, 00583802-0da6-49c8-9580-d04d83e5b4a4|rpc:10.1.0.42:34153|dataStream:10.1.0.42:46501|priority:0|startupRole:FOLLOWER] returns group-37F04239934C:java.util.concurrent.CompletableFuture@4f56d999[Not completed]
2023-05-05 09:12:42,073 [pool-781-thread-1] INFO  server.RaftServer$Division (RaftServerImpl.java:<init>(195)) - 00583802-0da6-49c8-9580-d04d83e5b4a4: new RaftServerImpl for group-37F04239934C:[437eba2d-58d6-4629-9360-2128a0cccd66|rpc:10.1.0.42:40629|dataStream:10.1.0.42:45909|priority:0|startupRole:FOLLOWER, e3b1ee5f-ff3e-466d-8a57-c6afea7503f8|rpc:10.1.0.42:45593|dataStream:10.1.0.42:36275|priority:1|startupRole:FOLLOWER, 00583802-0da6-49c8-9580-d04d83e5b4a4|rpc:10.1.0.42:34153|dataStream:10.1.0.42:46501|priority:0|startupRole:FOLLOWER] with ContainerStateMachine:uninitialized
2023-05-05 09:12:42,073 [pool-781-thread-1] INFO  server.RaftServerConfigKeys (ConfUtils.java:logGet(46)) - raft.server.rpc.timeout.min = 5s (custom)
2023-05-05 09:12:42,073 [pool-781-thread-1] INFO  server.RaftServerConfigKeys (ConfUtils.java:logGet(46)) - raft.server.rpc.timeout.max = 5200ms (custom)
2023-05-05 09:12:42,073 [pool-781-thread-1] INFO  server.RaftServerConfigKeys (ConfUtils.java:logGet(46)) - raft.server.rpc.sleep.time = 25ms (default)
2023-05-05 09:12:42,073 [pool-781-thread-1] INFO  server.RaftServerConfigKeys (ConfUtils.java:logGet(46)) - raft.server.rpc.slowness.timeout = 300s (custom)
2023-05-05 09:12:42,073 [pool-781-thread-1] INFO  server.RaftServerConfigKeys (ConfUtils.java:logGet(46)) - raft.server.leaderelection.leader.step-down.wait-time = 10s (default)
2023-05-05 09:12:42,073 [pool-781-thread-1] INFO  server.RaftServerConfigKeys (ConfUtils.java:logGet(46)) - raft.server.sleep.deviation.threshold = 300ms (default)
2023-05-05 09:12:42,074 [pool-781-thread-1] INFO  server.RaftServer$Division (ServerState.java:<init>(118)) - 00583802-0da6-49c8-9580-d04d83e5b4a4@group-37F04239934C: ConfigurationManager, init=-1: peers:[437eba2d-58d6-4629-9360-2128a0cccd66|rpc:10.1.0.42:40629|dataStream:10.1.0.42:45909|priority:0|startupRole:FOLLOWER, e3b1ee5f-ff3e-466d-8a57-c6afea7503f8|rpc:10.1.0.42:45593|dataStream:10.1.0.42:36275|priority:1|startupRole:FOLLOWER, 00583802-0da6-49c8-9580-d04d83e5b4a4|rpc:10.1.0.42:34153|dataStream:10.1.0.42:46501|priority:0|startupRole:FOLLOWER]|listeners:[], old=null, confs=<EMPTY_MAP>
2023-05-05 09:12:42,074 [pool-781-thread-1] INFO  server.RaftServerConfigKeys (ConfUtils.java:logGet(46)) - raft.server.storage.dir = [/home/runner/work/ozone/ozone/hadoop-ozone/integration-test/target/test-dir/MiniOzoneClusterImpl-4dcb9f95-e710-4738-865b-4645215bc4f4/datanode-0/data/ratis] (custom)
2023-05-05 09:12:42,074 [pool-781-thread-1] INFO  server.RaftServerConfigKeys (ConfUtils.java:logGet(46)) - raft.server.log.corruption.policy = EXCEPTION (default)
2023-05-05 09:12:42,074 [pool-781-thread-1] INFO  server.RaftServerConfigKeys (ConfUtils.java:logGet(46)) - raft.server.storage.free-space.min = 0MB (=0) (default)
2023-05-05 09:12:42,074 [pool-781-thread-1] INFO  server.RaftServerConfigKeys (ConfUtils.java:logGet(46)) - raft.server.notification.no-leader.timeout = 300s (custom)
2023-05-05 09:12:42,074 [pool-781-thread-1] INFO  server.RaftServerConfigKeys (ConfUtils.java:logGet(46)) - raft.server.retrycache.expirytime = 600000ms (custom)
2023-05-05 09:12:42,074 [pool-781-thread-1] INFO  server.RaftServerConfigKeys (ConfUtils.java:logGet(46)) - raft.server.retrycache.statistics.expirytime = 100μs (default)
2023-05-05 09:12:42,075 [pool-781-thread-1] INFO  server.RaftServerConfigKeys (ConfUtils.java:logGet(46)) - raft.server.log.appender.install.snapshot.enabled = false (custom)
2023-05-05 09:12:42,075 [pool-781-thread-1] INFO  server.RaftServerConfigKeys (ConfUtils.java:logGet(46)) - raft.server.threadpool.server.cached = true (default)
2023-05-05 09:12:42,075 [pool-781-thread-1] INFO  server.RaftServerConfigKeys (ConfUtils.java:logGet(46)) - raft.server.threadpool.server.size = 0 (default)
2023-05-05 09:12:42,075 [pool-781-thread-1] INFO  server.RaftServerConfigKeys (ConfUtils.java:logGet(46)) - raft.server.threadpool.client.cached = true (default)
2023-05-05 09:12:42,075 [pool-781-thread-1] INFO  server.RaftServerConfigKeys (ConfUtils.java:logGet(46)) - raft.server.threadpool.client.size = 0 (default)
2023-05-05 09:12:42,075 [pool-781-thread-1] INFO  storage.RaftStorageDirectory (RaftStorageDirectoryImpl.java:analyzeStorage(137)) - The storage directory /home/runner/work/ozone/ozone/hadoop-ozone/integration-test/target/test-dir/MiniOzoneClusterImpl-4dcb9f95-e710-4738-865b-4645215bc4f4/datanode-0/data/ratis/635d7c40-a330-4127-a96b-37f04239934c does not exist. Creating ...
2023-05-05 09:12:42,076 [pool-781-thread-1] INFO  storage.RaftStorageDirectory (RaftStorageDirectoryImpl.java:tryLock(231)) - Lock on /home/runner/work/ozone/ozone/hadoop-ozone/integration-test/target/test-dir/MiniOzoneClusterImpl-4dcb9f95-e710-4738-865b-4645215bc4f4/datanode-0/data/ratis/635d7c40-a330-4127-a96b-37f04239934c/in_use.lock acquired by nodename 7812@fv-az152-207
2023-05-05 09:12:42,077 [pool-781-thread-1] INFO  storage.RaftStorage (RaftStorageImpl.java:format(96)) - Storage directory /home/runner/work/ozone/ozone/hadoop-ozone/integration-test/target/test-dir/MiniOzoneClusterImpl-4dcb9f95-e710-4738-865b-4645215bc4f4/datanode-0/data/ratis/635d7c40-a330-4127-a96b-37f04239934c has been successfully formatted.
2023-05-05 09:12:42,077 [pool-781-thread-1] INFO  ratis.ContainerStateMachine (ContainerStateMachine.java:loadSnapshot(262)) - group-37F04239934C: The snapshot info is null. Setting the last applied indexto:(t:0, i:~)
2023-05-05 09:12:42,077 [pool-781-thread-1] INFO  server.RaftServerConfigKeys (ConfUtils.java:logGet(46)) - raft.server.log.use.memory = false (default)
2023-05-05 09:12:42,078 [pool-781-thread-1] INFO  server.RaftServerConfigKeys (ConfUtils.java:logGet(46)) - raft.server.log.purge.gap = 1000000 (custom)
2023-05-05 09:12:42,078 [pool-781-thread-1] INFO  server.RaftServerConfigKeys (ConfUtils.java:logGet(46)) - raft.server.log.appender.buffer.byte-limit = 33554432 (custom)
2023-05-05 09:12:42,078 [pool-781-thread-1] INFO  server.RaftServerConfigKeys (ConfUtils.java:logGet(46)) - raft.server.log.statemachine.data.read.timeout = 1000ms (default)
2023-05-05 09:12:42,078 [pool-781-thread-1] INFO  server.RaftServerConfigKeys (ConfUtils.java:logGet(46)) - raft.server.log.purge.preservation.log.num = 0 (default)
2023-05-05 09:12:42,078 [pool-781-thread-1] INFO  server.RaftServerConfigKeys (ConfUtils.java:logGet(46)) - raft.server.log.segment.size.max = 1048576 (custom)
2023-05-05 09:12:42,078 [pool-781-thread-1] INFO  server.RaftServerConfigKeys (ConfUtils.java:logGet(46)) - raft.server.log.segment.cache.num.max = 2 (custom)
2023-05-05 09:12:42,078 [pool-781-thread-1] INFO  server.RaftServerConfigKeys (ConfUtils.java:logGet(46)) - raft.server.log.segment.cache.size.max = 200MB (=209715200) (default)
2023-05-05 09:12:42,078 [pool-781-thread-1] INFO  segmented.SegmentedRaftLogWorker (SegmentedRaftLogWorker.java:<init>(189)) - new 00583802-0da6-49c8-9580-d04d83e5b4a4@group-37F04239934C-SegmentedRaftLogWorker for RaftStorageImpl:Storage Directory /home/runner/work/ozone/ozone/hadoop-ozone/integration-test/target/test-dir/MiniOzoneClusterImpl-4dcb9f95-e710-4738-865b-4645215bc4f4/datanode-0/data/ratis/635d7c40-a330-4127-a96b-37f04239934c
2023-05-05 09:12:42,078 [pool-781-thread-1] INFO  server.RaftServerConfigKeys (ConfUtils.java:logGet(46)) - raft.server.log.queue.byte-limit = 4294967296 (custom)
2023-05-05 09:12:42,078 [pool-781-thread-1] INFO  server.RaftServerConfigKeys (ConfUtils.java:logGet(46)) - raft.server.log.queue.element-limit = 1024 (custom)
2023-05-05 09:12:42,079 [pool-781-thread-1] INFO  server.RaftServerConfigKeys (ConfUtils.java:logGet(46)) - raft.server.log.segment.size.max = 1048576 (custom)
2023-05-05 09:12:42,079 [pool-781-thread-1] INFO  server.RaftServerConfigKeys (ConfUtils.java:logGet(46)) - raft.server.log.preallocated.size = 16384 (custom)
2023-05-05 09:12:42,079 [pool-781-thread-1] INFO  server.RaftServerConfigKeys (ConfUtils.java:logGet(46)) - raft.server.log.force.sync.num = 128 (default)
2023-05-05 09:12:42,079 [pool-781-thread-1] INFO  server.RaftServerConfigKeys (ConfUtils.java:logGet(46)) - raft.server.log.statemachine.data.sync = true (default)
2023-05-05 09:12:42,079 [EventQueue-OpenPipelineForHealthyPipelineSafeModeRule] INFO  safemode.SCMSafeModeManager (HealthyPipelineSafeModeRule.java:process(137)) - SCM in safe mode. Healthy pipelines reported count is 0, required healthy pipeline reported count is 1
2023-05-05 09:12:42,081 [pool-781-thread-1] INFO  server.RaftServerConfigKeys (ConfUtils.java:logGet(46)) - raft.server.log.statemachine.data.sync.timeout = 10s (default)
2023-05-05 09:12:42,081 [pool-781-thread-1] INFO  server.RaftServerConfigKeys (ConfUtils.java:logGet(46)) - raft.server.log.statemachine.data.sync.timeout.retry = -1 (default)
2023-05-05 09:12:42,081 [pool-781-thread-1] INFO  server.RaftServerConfigKeys (ConfUtils.java:logGet(46)) - raft.server.log.write.buffer.size = 1048576 (custom)
2023-05-05 09:12:42,084 [pool-781-thread-1] INFO  server.RaftServerConfigKeys (ConfUtils.java:logGet(46)) - raft.server.log.appender.buffer.byte-limit = 33554432 (custom)
2023-05-05 09:12:42,095 [pool-781-thread-1] INFO  server.RaftServerConfigKeys (ConfUtils.java:logGet(46)) - raft.server.log.unsafe-flush.enabled = false (default)
2023-05-05 09:12:42,095 [pool-781-thread-1] INFO  server.RaftServerConfigKeys (ConfUtils.java:logGet(46)) - raft.server.log.async-flush.enabled = false (default)
2023-05-05 09:12:42,095 [pool-781-thread-1] INFO  server.RaftServerConfigKeys (ConfUtils.java:logGet(46)) - raft.server.log.statemachine.data.caching.enabled = true (custom)
2023-05-05 09:12:42,095 [pool-781-thread-1] INFO  segmented.SegmentedRaftLogWorker (SegmentedRaftLogWorker.java:lambda$new$0(135)) - 00583802-0da6-49c8-9580-d04d83e5b4a4@group-37F04239934C-SegmentedRaftLogWorker: flushIndex: setUnconditionally 0 -> -1
2023-05-05 09:12:42,095 [pool-781-thread-1] INFO  segmented.SegmentedRaftLogWorker (SegmentedRaftLogWorker.java:lambda$new$0(135)) - 00583802-0da6-49c8-9580-d04d83e5b4a4@group-37F04239934C-SegmentedRaftLogWorker: safeCacheEvictIndex: setUnconditionally 0 -> -1
2023-05-05 09:12:42,100 [pool-781-thread-1] INFO  server.RaftServer$Division (RaftServerImpl.java:start(334)) - 00583802-0da6-49c8-9580-d04d83e5b4a4@group-37F04239934C: start as a follower, conf=-1: peers:[437eba2d-58d6-4629-9360-2128a0cccd66|rpc:10.1.0.42:40629|dataStream:10.1.0.42:45909|priority:0|startupRole:FOLLOWER, e3b1ee5f-ff3e-466d-8a57-c6afea7503f8|rpc:10.1.0.42:45593|dataStream:10.1.0.42:36275|priority:1|startupRole:FOLLOWER, 00583802-0da6-49c8-9580-d04d83e5b4a4|rpc:10.1.0.42:34153|dataStream:10.1.0.42:46501|priority:0|startupRole:FOLLOWER]|listeners:[], old=null
2023-05-05 09:12:42,100 [pool-781-thread-1] INFO  server.RaftServer$Division (RaftServerImpl.java:setRole(321)) - 00583802-0da6-49c8-9580-d04d83e5b4a4@group-37F04239934C: changes role from      null to FOLLOWER at term 0 for startAsFollower
2023-05-05 09:12:42,100 [pool-781-thread-1] INFO  impl.RoleInfo (RoleInfo.java:updateAndGet(139)) - 00583802-0da6-49c8-9580-d04d83e5b4a4: start 00583802-0da6-49c8-9580-d04d83e5b4a4@group-37F04239934C-FollowerState
2023-05-05 09:12:42,102 [pool-781-thread-1] INFO  util.JmxRegister (JmxRegister.java:tryRegister(44)) - Successfully registered JMX Bean with object name Ratis:service=RaftServer,group=group-37F04239934C,id=00583802-0da6-49c8-9580-d04d83e5b4a4
2023-05-05 09:12:42,102 [pool-781-thread-1] INFO  server.RaftServerConfigKeys (ConfUtils.java:logGet(46)) - raft.server.snapshot.auto.trigger.enabled = true (custom)
2023-05-05 09:12:42,102 [pool-781-thread-1] INFO  server.RaftServerConfigKeys (ConfUtils.java:logGet(46)) - raft.server.snapshot.auto.trigger.threshold = 10000 (custom)
2023-05-05 09:12:42,102 [pool-781-thread-1] INFO  server.RaftServerConfigKeys (ConfUtils.java:logGet(46)) - raft.server.snapshot.retention.file.num = 5 (custom)
2023-05-05 09:12:42,102 [pool-781-thread-1] INFO  server.RaftServerConfigKeys (ConfUtils.java:logGet(46)) - raft.server.log.purge.upto.snapshot.index = false (default)
2023-05-05 09:12:42,103 [00583802-0da6-49c8-9580-d04d83e5b4a4@group-37F04239934C-FollowerState] INFO  server.RaftServerConfigKeys (ConfUtils.java:logFallback(53)) - raft.server.rpc.first-election.timeout.min = 5s (fallback to raft.server.rpc.timeout.min)
2023-05-05 09:12:42,103 [00583802-0da6-49c8-9580-d04d83e5b4a4@group-37F04239934C-FollowerState] INFO  server.RaftServerConfigKeys (ConfUtils.java:logFallback(53)) - raft.server.rpc.first-election.timeout.max = 5200ms (fallback to raft.server.rpc.timeout.max)
2023-05-05 09:12:42,103 [Command processor thread] INFO  ratis.XceiverServerRatis (XceiverServerRatis.java:addGroup(806)) - Created group PipelineID=635d7c40-a330-4127-a96b-37f04239934c
2023-05-05 09:12:42,126 [grpc-default-executor-0] INFO  server.RaftServer (RaftServerProxy.java:addNew(96)) - e3b1ee5f-ff3e-466d-8a57-c6afea7503f8: addNew group-37F04239934C:[437eba2d-58d6-4629-9360-2128a0cccd66|rpc:10.1.0.42:40629|dataStream:10.1.0.42:45909|priority:0|startupRole:FOLLOWER, e3b1ee5f-ff3e-466d-8a57-c6afea7503f8|rpc:10.1.0.42:45593|dataStream:10.1.0.42:36275|priority:1|startupRole:FOLLOWER, 00583802-0da6-49c8-9580-d04d83e5b4a4|rpc:10.1.0.42:34153|dataStream:10.1.0.42:46501|priority:0|startupRole:FOLLOWER] returns group-37F04239934C:java.util.concurrent.CompletableFuture@67a12de[Not completed]
2023-05-05 09:12:42,127 [pool-803-thread-1] INFO  server.RaftServer$Division (RaftServerImpl.java:<init>(195)) - e3b1ee5f-ff3e-466d-8a57-c6afea7503f8: new RaftServerImpl for group-37F04239934C:[437eba2d-58d6-4629-9360-2128a0cccd66|rpc:10.1.0.42:40629|dataStream:10.1.0.42:45909|priority:0|startupRole:FOLLOWER, e3b1ee5f-ff3e-466d-8a57-c6afea7503f8|rpc:10.1.0.42:45593|dataStream:10.1.0.42:36275|priority:1|startupRole:FOLLOWER, 00583802-0da6-49c8-9580-d04d83e5b4a4|rpc:10.1.0.42:34153|dataStream:10.1.0.42:46501|priority:0|startupRole:FOLLOWER] with ContainerStateMachine:uninitialized
2023-05-05 09:12:42,127 [pool-803-thread-1] INFO  server.RaftServerConfigKeys (ConfUtils.java:logGet(46)) - raft.server.rpc.timeout.min = 5s (custom)
2023-05-05 09:12:42,127 [pool-803-thread-1] INFO  server.RaftServerConfigKeys (ConfUtils.java:logGet(46)) - raft.server.rpc.timeout.max = 5200ms (custom)
2023-05-05 09:12:42,127 [pool-803-thread-1] INFO  server.RaftServerConfigKeys (ConfUtils.java:logGet(46)) - raft.server.rpc.sleep.time = 25ms (default)
2023-05-05 09:12:42,127 [pool-803-thread-1] INFO  server.RaftServerConfigKeys (ConfUtils.java:logGet(46)) - raft.server.rpc.slowness.timeout = 300s (custom)
2023-05-05 09:12:42,127 [pool-803-thread-1] INFO  server.RaftServerConfigKeys (ConfUtils.java:logGet(46)) - raft.server.leaderelection.leader.step-down.wait-time = 10s (default)
2023-05-05 09:12:42,127 [pool-803-thread-1] INFO  server.RaftServerConfigKeys (ConfUtils.java:logGet(46)) - raft.server.sleep.deviation.threshold = 300ms (default)
2023-05-05 09:12:42,127 [pool-803-thread-1] INFO  server.RaftServer$Division (ServerState.java:<init>(118)) - e3b1ee5f-ff3e-466d-8a57-c6afea7503f8@group-37F04239934C: ConfigurationManager, init=-1: peers:[437eba2d-58d6-4629-9360-2128a0cccd66|rpc:10.1.0.42:40629|dataStream:10.1.0.42:45909|priority:0|startupRole:FOLLOWER, e3b1ee5f-ff3e-466d-8a57-c6afea7503f8|rpc:10.1.0.42:45593|dataStream:10.1.0.42:36275|priority:1|startupRole:FOLLOWER, 00583802-0da6-49c8-9580-d04d83e5b4a4|rpc:10.1.0.42:34153|dataStream:10.1.0.42:46501|priority:0|startupRole:FOLLOWER]|listeners:[], old=null, confs=<EMPTY_MAP>
2023-05-05 09:12:42,127 [pool-803-thread-1] INFO  server.RaftServerConfigKeys (ConfUtils.java:logGet(46)) - raft.server.storage.dir = [/home/runner/work/ozone/ozone/hadoop-ozone/integration-test/target/test-dir/MiniOzoneClusterImpl-4dcb9f95-e710-4738-865b-4645215bc4f4/datanode-1/data/ratis] (custom)
2023-05-05 09:12:42,127 [pool-803-thread-1] INFO  server.RaftServerConfigKeys (ConfUtils.java:logGet(46)) - raft.server.log.corruption.policy = EXCEPTION (default)
2023-05-05 09:12:42,128 [pool-803-thread-1] INFO  server.RaftServerConfigKeys (ConfUtils.java:logGet(46)) - raft.server.storage.free-space.min = 0MB (=0) (default)
2023-05-05 09:12:42,128 [pool-803-thread-1] INFO  server.RaftServerConfigKeys (ConfUtils.java:logGet(46)) - raft.server.notification.no-leader.timeout = 300s (custom)
2023-05-05 09:12:42,128 [pool-803-thread-1] INFO  server.RaftServerConfigKeys (ConfUtils.java:logGet(46)) - raft.server.retrycache.expirytime = 600000ms (custom)
2023-05-05 09:12:42,128 [pool-803-thread-1] INFO  server.RaftServerConfigKeys (ConfUtils.java:logGet(46)) - raft.server.retrycache.statistics.expirytime = 100μs (default)
2023-05-05 09:12:42,131 [pool-803-thread-1] INFO  server.RaftServerConfigKeys (ConfUtils.java:logGet(46)) - raft.server.log.appender.install.snapshot.enabled = false (custom)
2023-05-05 09:12:42,132 [pool-803-thread-1] INFO  server.RaftServerConfigKeys (ConfUtils.java:logGet(46)) - raft.server.threadpool.server.cached = true (default)
2023-05-05 09:12:42,132 [pool-803-thread-1] INFO  server.RaftServerConfigKeys (ConfUtils.java:logGet(46)) - raft.server.threadpool.server.size = 0 (default)
2023-05-05 09:12:42,132 [pool-803-thread-1] INFO  server.RaftServerConfigKeys (ConfUtils.java:logGet(46)) - raft.server.threadpool.client.cached = true (default)
2023-05-05 09:12:42,132 [pool-803-thread-1] INFO  server.RaftServerConfigKeys (ConfUtils.java:logGet(46)) - raft.server.threadpool.client.size = 0 (default)
2023-05-05 09:12:42,132 [pool-803-thread-1] INFO  storage.RaftStorageDirectory (RaftStorageDirectoryImpl.java:analyzeStorage(137)) - The storage directory /home/runner/work/ozone/ozone/hadoop-ozone/integration-test/target/test-dir/MiniOzoneClusterImpl-4dcb9f95-e710-4738-865b-4645215bc4f4/datanode-1/data/ratis/635d7c40-a330-4127-a96b-37f04239934c does not exist. Creating ...
2023-05-05 09:12:42,133 [pool-803-thread-1] INFO  storage.RaftStorageDirectory (RaftStorageDirectoryImpl.java:tryLock(231)) - Lock on /home/runner/work/ozone/ozone/hadoop-ozone/integration-test/target/test-dir/MiniOzoneClusterImpl-4dcb9f95-e710-4738-865b-4645215bc4f4/datanode-1/data/ratis/635d7c40-a330-4127-a96b-37f04239934c/in_use.lock acquired by nodename 7812@fv-az152-207
2023-05-05 09:12:42,134 [pool-803-thread-1] INFO  storage.RaftStorage (RaftStorageImpl.java:format(96)) - Storage directory /home/runner/work/ozone/ozone/hadoop-ozone/integration-test/target/test-dir/MiniOzoneClusterImpl-4dcb9f95-e710-4738-865b-4645215bc4f4/datanode-1/data/ratis/635d7c40-a330-4127-a96b-37f04239934c has been successfully formatted.
2023-05-05 09:12:42,136 [pool-803-thread-1] INFO  ratis.ContainerStateMachine (ContainerStateMachine.java:loadSnapshot(262)) - group-37F04239934C: The snapshot info is null. Setting the last applied indexto:(t:0, i:~)
2023-05-05 09:12:42,136 [pool-803-thread-1] INFO  server.RaftServerConfigKeys (ConfUtils.java:logGet(46)) - raft.server.log.use.memory = false (default)
2023-05-05 09:12:42,136 [pool-803-thread-1] INFO  server.RaftServerConfigKeys (ConfUtils.java:logGet(46)) - raft.server.log.purge.gap = 1000000 (custom)
2023-05-05 09:12:42,138 [pool-803-thread-1] INFO  server.RaftServerConfigKeys (ConfUtils.java:logGet(46)) - raft.server.log.appender.buffer.byte-limit = 33554432 (custom)
2023-05-05 09:12:42,138 [pool-803-thread-1] INFO  server.RaftServerConfigKeys (ConfUtils.java:logGet(46)) - raft.server.log.statemachine.data.read.timeout = 1000ms (default)
2023-05-05 09:12:42,138 [pool-803-thread-1] INFO  server.RaftServerConfigKeys (ConfUtils.java:logGet(46)) - raft.server.log.purge.preservation.log.num = 0 (default)
2023-05-05 09:12:42,139 [pool-803-thread-1] INFO  server.RaftServerConfigKeys (ConfUtils.java:logGet(46)) - raft.server.log.segment.size.max = 1048576 (custom)
2023-05-05 09:12:42,139 [pool-803-thread-1] INFO  server.RaftServerConfigKeys (ConfUtils.java:logGet(46)) - raft.server.log.segment.cache.num.max = 2 (custom)
2023-05-05 09:12:42,139 [pool-803-thread-1] INFO  server.RaftServerConfigKeys (ConfUtils.java:logGet(46)) - raft.server.log.segment.cache.size.max = 200MB (=209715200) (default)
2023-05-05 09:12:42,139 [pool-803-thread-1] INFO  segmented.SegmentedRaftLogWorker (SegmentedRaftLogWorker.java:<init>(189)) - new e3b1ee5f-ff3e-466d-8a57-c6afea7503f8@group-37F04239934C-SegmentedRaftLogWorker for RaftStorageImpl:Storage Directory /home/runner/work/ozone/ozone/hadoop-ozone/integration-test/target/test-dir/MiniOzoneClusterImpl-4dcb9f95-e710-4738-865b-4645215bc4f4/datanode-1/data/ratis/635d7c40-a330-4127-a96b-37f04239934c
2023-05-05 09:12:42,139 [pool-803-thread-1] INFO  server.RaftServerConfigKeys (ConfUtils.java:logGet(46)) - raft.server.log.queue.byte-limit = 4294967296 (custom)
2023-05-05 09:12:42,139 [pool-803-thread-1] INFO  server.RaftServerConfigKeys (ConfUtils.java:logGet(46)) - raft.server.log.queue.element-limit = 1024 (custom)
2023-05-05 09:12:42,139 [pool-803-thread-1] INFO  server.RaftServerConfigKeys (ConfUtils.java:logGet(46)) - raft.server.log.segment.size.max = 1048576 (custom)
2023-05-05 09:12:42,139 [pool-803-thread-1] INFO  server.RaftServerConfigKeys (ConfUtils.java:logGet(46)) - raft.server.log.preallocated.size = 16384 (custom)
2023-05-05 09:12:42,139 [pool-803-thread-1] INFO  server.RaftServerConfigKeys (ConfUtils.java:logGet(46)) - raft.server.log.force.sync.num = 128 (default)
2023-05-05 09:12:42,139 [pool-803-thread-1] INFO  server.RaftServerConfigKeys (ConfUtils.java:logGet(46)) - raft.server.log.statemachine.data.sync = true (default)
2023-05-05 09:12:42,139 [pool-803-thread-1] INFO  server.RaftServerConfigKeys (ConfUtils.java:logGet(46)) - raft.server.log.statemachine.data.sync.timeout = 10s (default)
2023-05-05 09:12:42,139 [pool-803-thread-1] INFO  server.RaftServerConfigKeys (ConfUtils.java:logGet(46)) - raft.server.log.statemachine.data.sync.timeout.retry = -1 (default)
2023-05-05 09:12:42,140 [pool-803-thread-1] INFO  server.RaftServerConfigKeys (ConfUtils.java:logGet(46)) - raft.server.log.write.buffer.size = 1048576 (custom)
2023-05-05 09:12:42,140 [pool-803-thread-1] INFO  server.RaftServerConfigKeys (ConfUtils.java:logGet(46)) - raft.server.log.appender.buffer.byte-limit = 33554432 (custom)
2023-05-05 09:12:42,284 [pool-803-thread-1] INFO  server.RaftServerConfigKeys (ConfUtils.java:logGet(46)) - raft.server.log.unsafe-flush.enabled = false (default)
2023-05-05 09:12:42,285 [pool-803-thread-1] INFO  server.RaftServerConfigKeys (ConfUtils.java:logGet(46)) - raft.server.log.async-flush.enabled = false (default)
2023-05-05 09:12:42,286 [pool-803-thread-1] INFO  server.RaftServerConfigKeys (ConfUtils.java:logGet(46)) - raft.server.log.statemachine.data.caching.enabled = true (custom)
2023-05-05 09:12:42,286 [pool-803-thread-1] INFO  segmented.SegmentedRaftLogWorker (SegmentedRaftLogWorker.java:lambda$new$0(135)) - e3b1ee5f-ff3e-466d-8a57-c6afea7503f8@group-37F04239934C-SegmentedRaftLogWorker: flushIndex: setUnconditionally 0 -> -1
2023-05-05 09:12:42,286 [pool-803-thread-1] INFO  segmented.SegmentedRaftLogWorker (SegmentedRaftLogWorker.java:lambda$new$0(135)) - e3b1ee5f-ff3e-466d-8a57-c6afea7503f8@group-37F04239934C-SegmentedRaftLogWorker: safeCacheEvictIndex: setUnconditionally 0 -> -1
2023-05-05 09:12:42,286 [pool-803-thread-1] INFO  server.RaftServer$Division (RaftServerImpl.java:start(334)) - e3b1ee5f-ff3e-466d-8a57-c6afea7503f8@group-37F04239934C: start as a follower, conf=-1: peers:[437eba2d-58d6-4629-9360-2128a0cccd66|rpc:10.1.0.42:40629|dataStream:10.1.0.42:45909|priority:0|startupRole:FOLLOWER, e3b1ee5f-ff3e-466d-8a57-c6afea7503f8|rpc:10.1.0.42:45593|dataStream:10.1.0.42:36275|priority:1|startupRole:FOLLOWER, 00583802-0da6-49c8-9580-d04d83e5b4a4|rpc:10.1.0.42:34153|dataStream:10.1.0.42:46501|priority:0|startupRole:FOLLOWER]|listeners:[], old=null
2023-05-05 09:12:42,286 [pool-803-thread-1] INFO  server.RaftServer$Division (RaftServerImpl.java:setRole(321)) - e3b1ee5f-ff3e-466d-8a57-c6afea7503f8@group-37F04239934C: changes role from      null to FOLLOWER at term 0 for startAsFollower
2023-05-05 09:12:42,286 [pool-803-thread-1] INFO  impl.RoleInfo (RoleInfo.java:updateAndGet(139)) - e3b1ee5f-ff3e-466d-8a57-c6afea7503f8: start e3b1ee5f-ff3e-466d-8a57-c6afea7503f8@group-37F04239934C-FollowerState
2023-05-05 09:12:42,287 [pool-803-thread-1] INFO  util.JmxRegister (JmxRegister.java:tryRegister(44)) - Successfully registered JMX Bean with object name Ratis:service=RaftServer,group=group-37F04239934C,id=e3b1ee5f-ff3e-466d-8a57-c6afea7503f8
2023-05-05 09:12:42,287 [pool-803-thread-1] INFO  server.RaftServerConfigKeys (ConfUtils.java:logGet(46)) - raft.server.snapshot.auto.trigger.enabled = true (custom)
2023-05-05 09:12:42,287 [pool-803-thread-1] INFO  server.RaftServerConfigKeys (ConfUtils.java:logGet(46)) - raft.server.snapshot.auto.trigger.threshold = 10000 (custom)
2023-05-05 09:12:42,287 [pool-803-thread-1] INFO  server.RaftServerConfigKeys (ConfUtils.java:logGet(46)) - raft.server.snapshot.retention.file.num = 5 (custom)
2023-05-05 09:12:42,287 [pool-803-thread-1] INFO  server.RaftServerConfigKeys (ConfUtils.java:logGet(46)) - raft.server.log.purge.upto.snapshot.index = false (default)
2023-05-05 09:12:42,287 [e3b1ee5f-ff3e-466d-8a57-c6afea7503f8@group-37F04239934C-FollowerState] INFO  server.RaftServerConfigKeys (ConfUtils.java:logFallback(53)) - raft.server.rpc.first-election.timeout.min = 5s (fallback to raft.server.rpc.timeout.min)
2023-05-05 09:12:42,287 [e3b1ee5f-ff3e-466d-8a57-c6afea7503f8@group-37F04239934C-FollowerState] INFO  server.RaftServerConfigKeys (ConfUtils.java:logFallback(53)) - raft.server.rpc.first-election.timeout.max = 5200ms (fallback to raft.server.rpc.timeout.max)
2023-05-05 09:12:42,329 [grpc-default-executor-0] INFO  server.RaftServer (RaftServerProxy.java:addNew(96)) - 437eba2d-58d6-4629-9360-2128a0cccd66: addNew group-37F04239934C:[437eba2d-58d6-4629-9360-2128a0cccd66|rpc:10.1.0.42:40629|dataStream:10.1.0.42:45909|priority:0|startupRole:FOLLOWER, e3b1ee5f-ff3e-466d-8a57-c6afea7503f8|rpc:10.1.0.42:45593|dataStream:10.1.0.42:36275|priority:1|startupRole:FOLLOWER, 00583802-0da6-49c8-9580-d04d83e5b4a4|rpc:10.1.0.42:34153|dataStream:10.1.0.42:46501|priority:0|startupRole:FOLLOWER] returns group-37F04239934C:java.util.concurrent.CompletableFuture@28513591[Not completed]
2023-05-05 09:12:42,336 [pool-825-thread-1] INFO  server.RaftServer$Division (RaftServerImpl.java:<init>(195)) - 437eba2d-58d6-4629-9360-2128a0cccd66: new RaftServerImpl for group-37F04239934C:[437eba2d-58d6-4629-9360-2128a0cccd66|rpc:10.1.0.42:40629|dataStream:10.1.0.42:45909|priority:0|startupRole:FOLLOWER, e3b1ee5f-ff3e-466d-8a57-c6afea7503f8|rpc:10.1.0.42:45593|dataStream:10.1.0.42:36275|priority:1|startupRole:FOLLOWER, 00583802-0da6-49c8-9580-d04d83e5b4a4|rpc:10.1.0.42:34153|dataStream:10.1.0.42:46501|priority:0|startupRole:FOLLOWER] with ContainerStateMachine:uninitialized
2023-05-05 09:12:42,337 [pool-825-thread-1] INFO  server.RaftServerConfigKeys (ConfUtils.java:logGet(46)) - raft.server.rpc.timeout.min = 5s (custom)
2023-05-05 09:12:42,338 [pool-825-thread-1] INFO  server.RaftServerConfigKeys (ConfUtils.java:logGet(46)) - raft.server.rpc.timeout.max = 5200ms (custom)
2023-05-05 09:12:42,338 [pool-825-thread-1] INFO  server.RaftServerConfigKeys (ConfUtils.java:logGet(46)) - raft.server.rpc.sleep.time = 25ms (default)
2023-05-05 09:12:42,338 [pool-825-thread-1] INFO  server.RaftServerConfigKeys (ConfUtils.java:logGet(46)) - raft.server.rpc.slowness.timeout = 300s (custom)
2023-05-05 09:12:42,338 [pool-825-thread-1] INFO  server.RaftServerConfigKeys (ConfUtils.java:logGet(46)) - raft.server.leaderelection.leader.step-down.wait-time = 10s (default)
2023-05-05 09:12:42,338 [pool-825-thread-1] INFO  server.RaftServerConfigKeys (ConfUtils.java:logGet(46)) - raft.server.sleep.deviation.threshold = 300ms (default)
2023-05-05 09:12:42,338 [pool-825-thread-1] INFO  server.RaftServer$Division (ServerState.java:<init>(118)) - 437eba2d-58d6-4629-9360-2128a0cccd66@group-37F04239934C: ConfigurationManager, init=-1: peers:[437eba2d-58d6-4629-9360-2128a0cccd66|rpc:10.1.0.42:40629|dataStream:10.1.0.42:45909|priority:0|startupRole:FOLLOWER, e3b1ee5f-ff3e-466d-8a57-c6afea7503f8|rpc:10.1.0.42:45593|dataStream:10.1.0.42:36275|priority:1|startupRole:FOLLOWER, 00583802-0da6-49c8-9580-d04d83e5b4a4|rpc:10.1.0.42:34153|dataStream:10.1.0.42:46501|priority:0|startupRole:FOLLOWER]|listeners:[], old=null, confs=<EMPTY_MAP>
2023-05-05 09:12:42,338 [pool-825-thread-1] INFO  server.RaftServerConfigKeys (ConfUtils.java:logGet(46)) - raft.server.storage.dir = [/home/runner/work/ozone/ozone/hadoop-ozone/integration-test/target/test-dir/MiniOzoneClusterImpl-4dcb9f95-e710-4738-865b-4645215bc4f4/datanode-2/data/ratis] (custom)
2023-05-05 09:12:42,338 [pool-825-thread-1] INFO  server.RaftServerConfigKeys (ConfUtils.java:logGet(46)) - raft.server.log.corruption.policy = EXCEPTION (default)
2023-05-05 09:12:42,338 [pool-825-thread-1] INFO  server.RaftServerConfigKeys (ConfUtils.java:logGet(46)) - raft.server.storage.free-space.min = 0MB (=0) (default)
2023-05-05 09:12:42,338 [pool-825-thread-1] INFO  server.RaftServerConfigKeys (ConfUtils.java:logGet(46)) - raft.server.notification.no-leader.timeout = 300s (custom)
2023-05-05 09:12:42,338 [pool-825-thread-1] INFO  server.RaftServerConfigKeys (ConfUtils.java:logGet(46)) - raft.server.retrycache.expirytime = 600000ms (custom)
2023-05-05 09:12:42,338 [pool-825-thread-1] INFO  server.RaftServerConfigKeys (ConfUtils.java:logGet(46)) - raft.server.retrycache.statistics.expirytime = 100μs (default)
2023-05-05 09:12:42,340 [pool-825-thread-1] INFO  server.RaftServerConfigKeys (ConfUtils.java:logGet(46)) - raft.server.log.appender.install.snapshot.enabled = false (custom)
2023-05-05 09:12:42,340 [pool-825-thread-1] INFO  server.RaftServerConfigKeys (ConfUtils.java:logGet(46)) - raft.server.threadpool.server.cached = true (default)
2023-05-05 09:12:42,340 [pool-825-thread-1] INFO  server.RaftServerConfigKeys (ConfUtils.java:logGet(46)) - raft.server.threadpool.server.size = 0 (default)
2023-05-05 09:12:42,340 [pool-825-thread-1] INFO  server.RaftServerConfigKeys (ConfUtils.java:logGet(46)) - raft.server.threadpool.client.cached = true (default)
2023-05-05 09:12:42,340 [pool-825-thread-1] INFO  server.RaftServerConfigKeys (ConfUtils.java:logGet(46)) - raft.server.threadpool.client.size = 0 (default)
2023-05-05 09:12:42,340 [pool-825-thread-1] INFO  storage.RaftStorageDirectory (RaftStorageDirectoryImpl.java:analyzeStorage(137)) - The storage directory /home/runner/work/ozone/ozone/hadoop-ozone/integration-test/target/test-dir/MiniOzoneClusterImpl-4dcb9f95-e710-4738-865b-4645215bc4f4/datanode-2/data/ratis/635d7c40-a330-4127-a96b-37f04239934c does not exist. Creating ...
2023-05-05 09:12:42,342 [pool-825-thread-1] INFO  storage.RaftStorageDirectory (RaftStorageDirectoryImpl.java:tryLock(231)) - Lock on /home/runner/work/ozone/ozone/hadoop-ozone/integration-test/target/test-dir/MiniOzoneClusterImpl-4dcb9f95-e710-4738-865b-4645215bc4f4/datanode-2/data/ratis/635d7c40-a330-4127-a96b-37f04239934c/in_use.lock acquired by nodename 7812@fv-az152-207
2023-05-05 09:12:42,343 [pool-825-thread-1] INFO  storage.RaftStorage (RaftStorageImpl.java:format(96)) - Storage directory /home/runner/work/ozone/ozone/hadoop-ozone/integration-test/target/test-dir/MiniOzoneClusterImpl-4dcb9f95-e710-4738-865b-4645215bc4f4/datanode-2/data/ratis/635d7c40-a330-4127-a96b-37f04239934c has been successfully formatted.
2023-05-05 09:12:42,345 [pool-825-thread-1] INFO  ratis.ContainerStateMachine (ContainerStateMachine.java:loadSnapshot(262)) - group-37F04239934C: The snapshot info is null. Setting the last applied indexto:(t:0, i:~)
2023-05-05 09:12:42,345 [pool-825-thread-1] INFO  server.RaftServerConfigKeys (ConfUtils.java:logGet(46)) - raft.server.log.use.memory = false (default)
2023-05-05 09:12:42,345 [pool-825-thread-1] INFO  server.RaftServerConfigKeys (ConfUtils.java:logGet(46)) - raft.server.log.purge.gap = 1000000 (custom)
2023-05-05 09:12:42,345 [pool-825-thread-1] INFO  server.RaftServerConfigKeys (ConfUtils.java:logGet(46)) - raft.server.log.appender.buffer.byte-limit = 33554432 (custom)
2023-05-05 09:12:42,345 [pool-825-thread-1] INFO  server.RaftServerConfigKeys (ConfUtils.java:logGet(46)) - raft.server.log.statemachine.data.read.timeout = 1000ms (default)
2023-05-05 09:12:42,345 [pool-825-thread-1] INFO  server.RaftServerConfigKeys (ConfUtils.java:logGet(46)) - raft.server.log.purge.preservation.log.num = 0 (default)
2023-05-05 09:12:42,345 [pool-825-thread-1] INFO  server.RaftServerConfigKeys (ConfUtils.java:logGet(46)) - raft.server.log.segment.size.max = 1048576 (custom)
2023-05-05 09:12:42,345 [pool-825-thread-1] INFO  server.RaftServerConfigKeys (ConfUtils.java:logGet(46)) - raft.server.log.segment.cache.num.max = 2 (custom)
2023-05-05 09:12:42,345 [pool-825-thread-1] INFO  server.RaftServerConfigKeys (ConfUtils.java:logGet(46)) - raft.server.log.segment.cache.size.max = 200MB (=209715200) (default)
2023-05-05 09:12:42,345 [pool-825-thread-1] INFO  segmented.SegmentedRaftLogWorker (SegmentedRaftLogWorker.java:<init>(189)) - new 437eba2d-58d6-4629-9360-2128a0cccd66@group-37F04239934C-SegmentedRaftLogWorker for RaftStorageImpl:Storage Directory /home/runner/work/ozone/ozone/hadoop-ozone/integration-test/target/test-dir/MiniOzoneClusterImpl-4dcb9f95-e710-4738-865b-4645215bc4f4/datanode-2/data/ratis/635d7c40-a330-4127-a96b-37f04239934c
2023-05-05 09:12:42,345 [pool-825-thread-1] INFO  server.RaftServerConfigKeys (ConfUtils.java:logGet(46)) - raft.server.log.queue.byte-limit = 4294967296 (custom)
2023-05-05 09:12:42,345 [pool-825-thread-1] INFO  server.RaftServerConfigKeys (ConfUtils.java:logGet(46)) - raft.server.log.queue.element-limit = 1024 (custom)
2023-05-05 09:12:42,345 [pool-825-thread-1] INFO  server.RaftServerConfigKeys (ConfUtils.java:logGet(46)) - raft.server.log.segment.size.max = 1048576 (custom)
2023-05-05 09:12:42,345 [pool-825-thread-1] INFO  server.RaftServerConfigKeys (ConfUtils.java:logGet(46)) - raft.server.log.preallocated.size = 16384 (custom)
2023-05-05 09:12:42,346 [pool-825-thread-1] INFO  server.RaftServerConfigKeys (ConfUtils.java:logGet(46)) - raft.server.log.force.sync.num = 128 (default)
2023-05-05 09:12:42,346 [pool-825-thread-1] INFO  server.RaftServerConfigKeys (ConfUtils.java:logGet(46)) - raft.server.log.statemachine.data.sync = true (default)
2023-05-05 09:12:42,346 [pool-825-thread-1] INFO  server.RaftServerConfigKeys (ConfUtils.java:logGet(46)) - raft.server.log.statemachine.data.sync.timeout = 10s (default)
2023-05-05 09:12:42,346 [pool-825-thread-1] INFO  server.RaftServerConfigKeys (ConfUtils.java:logGet(46)) - raft.server.log.statemachine.data.sync.timeout.retry = -1 (default)
2023-05-05 09:12:42,346 [pool-825-thread-1] INFO  server.RaftServerConfigKeys (ConfUtils.java:logGet(46)) - raft.server.log.write.buffer.size = 1048576 (custom)
2023-05-05 09:12:42,346 [pool-825-thread-1] INFO  server.RaftServerConfigKeys (ConfUtils.java:logGet(46)) - raft.server.log.appender.buffer.byte-limit = 33554432 (custom)
2023-05-05 09:12:42,351 [pool-825-thread-1] INFO  server.RaftServerConfigKeys (ConfUtils.java:logGet(46)) - raft.server.log.unsafe-flush.enabled = false (default)
2023-05-05 09:12:42,351 [pool-825-thread-1] INFO  server.RaftServerConfigKeys (ConfUtils.java:logGet(46)) - raft.server.log.async-flush.enabled = false (default)
2023-05-05 09:12:42,351 [pool-825-thread-1] INFO  server.RaftServerConfigKeys (ConfUtils.java:logGet(46)) - raft.server.log.statemachine.data.caching.enabled = true (custom)
2023-05-05 09:12:42,352 [pool-825-thread-1] INFO  segmented.SegmentedRaftLogWorker (SegmentedRaftLogWorker.java:lambda$new$0(135)) - 437eba2d-58d6-4629-9360-2128a0cccd66@group-37F04239934C-SegmentedRaftLogWorker: flushIndex: setUnconditionally 0 -> -1
2023-05-05 09:12:42,352 [pool-825-thread-1] INFO  segmented.SegmentedRaftLogWorker (SegmentedRaftLogWorker.java:lambda$new$0(135)) - 437eba2d-58d6-4629-9360-2128a0cccd66@group-37F04239934C-SegmentedRaftLogWorker: safeCacheEvictIndex: setUnconditionally 0 -> -1
2023-05-05 09:12:42,355 [pool-825-thread-1] INFO  server.RaftServer$Division (RaftServerImpl.java:start(334)) - 437eba2d-58d6-4629-9360-2128a0cccd66@group-37F04239934C: start as a follower, conf=-1: peers:[437eba2d-58d6-4629-9360-2128a0cccd66|rpc:10.1.0.42:40629|dataStream:10.1.0.42:45909|priority:0|startupRole:FOLLOWER, e3b1ee5f-ff3e-466d-8a57-c6afea7503f8|rpc:10.1.0.42:45593|dataStream:10.1.0.42:36275|priority:1|startupRole:FOLLOWER, 00583802-0da6-49c8-9580-d04d83e5b4a4|rpc:10.1.0.42:34153|dataStream:10.1.0.42:46501|priority:0|startupRole:FOLLOWER]|listeners:[], old=null
2023-05-05 09:12:42,355 [pool-825-thread-1] INFO  server.RaftServer$Division (RaftServerImpl.java:setRole(321)) - 437eba2d-58d6-4629-9360-2128a0cccd66@group-37F04239934C: changes role from      null to FOLLOWER at term 0 for startAsFollower
2023-05-05 09:12:42,356 [pool-825-thread-1] INFO  impl.RoleInfo (RoleInfo.java:updateAndGet(139)) - 437eba2d-58d6-4629-9360-2128a0cccd66: start 437eba2d-58d6-4629-9360-2128a0cccd66@group-37F04239934C-FollowerState
2023-05-05 09:12:42,356 [pool-825-thread-1] INFO  util.JmxRegister (JmxRegister.java:tryRegister(44)) - Successfully registered JMX Bean with object name Ratis:service=RaftServer,group=group-37F04239934C,id=437eba2d-58d6-4629-9360-2128a0cccd66
2023-05-05 09:12:42,356 [pool-825-thread-1] INFO  server.RaftServerConfigKeys (ConfUtils.java:logGet(46)) - raft.server.snapshot.auto.trigger.enabled = true (custom)
2023-05-05 09:12:42,356 [pool-825-thread-1] INFO  server.RaftServerConfigKeys (ConfUtils.java:logGet(46)) - raft.server.snapshot.auto.trigger.threshold = 10000 (custom)
2023-05-05 09:12:42,356 [pool-825-thread-1] INFO  server.RaftServerConfigKeys (ConfUtils.java:logGet(46)) - raft.server.snapshot.retention.file.num = 5 (custom)
2023-05-05 09:12:42,356 [pool-825-thread-1] INFO  server.RaftServerConfigKeys (ConfUtils.java:logGet(46)) - raft.server.log.purge.upto.snapshot.index = false (default)
2023-05-05 09:12:42,357 [437eba2d-58d6-4629-9360-2128a0cccd66@group-37F04239934C-FollowerState] INFO  server.RaftServerConfigKeys (ConfUtils.java:logFallback(53)) - raft.server.rpc.first-election.timeout.min = 5s (fallback to raft.server.rpc.timeout.min)
2023-05-05 09:12:42,357 [437eba2d-58d6-4629-9360-2128a0cccd66@group-37F04239934C-FollowerState] INFO  server.RaftServerConfigKeys (ConfUtils.java:logFallback(53)) - raft.server.rpc.first-election.timeout.max = 5200ms (fallback to raft.server.rpc.timeout.max)
2023-05-05 09:12:42,364 [Command processor thread] INFO  commandhandler.CreatePipelineCommandHandler (CreatePipelineCommandHandler.java:handle(113)) - Created Pipeline RATIS THREE PipelineID=635d7c40-a330-4127-a96b-37f04239934c.
2023-05-05 09:12:42,364 [Command processor thread] INFO  server.RaftServer (RaftServerProxy.java:addNew(96)) - 00583802-0da6-49c8-9580-d04d83e5b4a4: addNew group-3CB6521D8ECB:[437eba2d-58d6-4629-9360-2128a0cccd66|rpc:10.1.0.42:40629|dataStream:10.1.0.42:45909|priority:0|startupRole:FOLLOWER, e3b1ee5f-ff3e-466d-8a57-c6afea7503f8|rpc:10.1.0.42:45593|dataStream:10.1.0.42:36275|priority:0|startupRole:FOLLOWER, 00583802-0da6-49c8-9580-d04d83e5b4a4|rpc:10.1.0.42:34153|dataStream:10.1.0.42:46501|priority:1|startupRole:FOLLOWER] returns group-3CB6521D8ECB:java.util.concurrent.CompletableFuture@788d85f8[Not completed]
2023-05-05 09:12:42,365 [pool-781-thread-1] INFO  server.RaftServer$Division (RaftServerImpl.java:<init>(195)) - 00583802-0da6-49c8-9580-d04d83e5b4a4: new RaftServerImpl for group-3CB6521D8ECB:[437eba2d-58d6-4629-9360-2128a0cccd66|rpc:10.1.0.42:40629|dataStream:10.1.0.42:45909|priority:0|startupRole:FOLLOWER, e3b1ee5f-ff3e-466d-8a57-c6afea7503f8|rpc:10.1.0.42:45593|dataStream:10.1.0.42:36275|priority:0|startupRole:FOLLOWER, 00583802-0da6-49c8-9580-d04d83e5b4a4|rpc:10.1.0.42:34153|dataStream:10.1.0.42:46501|priority:1|startupRole:FOLLOWER] with ContainerStateMachine:uninitialized
2023-05-05 09:12:42,365 [pool-781-thread-1] INFO  server.RaftServerConfigKeys (ConfUtils.java:logGet(46)) - raft.server.rpc.timeout.min = 5s (custom)
2023-05-05 09:12:42,365 [pool-781-thread-1] INFO  server.RaftServerConfigKeys (ConfUtils.java:logGet(46)) - raft.server.rpc.timeout.max = 5200ms (custom)
2023-05-05 09:12:42,365 [pool-781-thread-1] INFO  server.RaftServerConfigKeys (ConfUtils.java:logGet(46)) - raft.server.rpc.sleep.time = 25ms (default)
2023-05-05 09:12:42,365 [pool-781-thread-1] INFO  server.RaftServerConfigKeys (ConfUtils.java:logGet(46)) - raft.server.rpc.slowness.timeout = 300s (custom)
2023-05-05 09:12:42,365 [pool-781-thread-1] INFO  server.RaftServerConfigKeys (ConfUtils.java:logGet(46)) - raft.server.leaderelection.leader.step-down.wait-time = 10s (default)
2023-05-05 09:12:42,366 [pool-781-thread-1] INFO  server.RaftServerConfigKeys (ConfUtils.java:logGet(46)) - raft.server.sleep.deviation.threshold = 300ms (default)
2023-05-05 09:12:42,366 [pool-781-thread-1] INFO  server.RaftServer$Division (ServerState.java:<init>(118)) - 00583802-0da6-49c8-9580-d04d83e5b4a4@group-3CB6521D8ECB: ConfigurationManager, init=-1: peers:[437eba2d-58d6-4629-9360-2128a0cccd66|rpc:10.1.0.42:40629|dataStream:10.1.0.42:45909|priority:0|startupRole:FOLLOWER, e3b1ee5f-ff3e-466d-8a57-c6afea7503f8|rpc:10.1.0.42:45593|dataStream:10.1.0.42:36275|priority:0|startupRole:FOLLOWER, 00583802-0da6-49c8-9580-d04d83e5b4a4|rpc:10.1.0.42:34153|dataStream:10.1.0.42:46501|priority:1|startupRole:FOLLOWER]|listeners:[], old=null, confs=<EMPTY_MAP>
2023-05-05 09:12:42,366 [pool-781-thread-1] INFO  server.RaftServerConfigKeys (ConfUtils.java:logGet(46)) - raft.server.storage.dir = [/home/runner/work/ozone/ozone/hadoop-ozone/integration-test/target/test-dir/MiniOzoneClusterImpl-4dcb9f95-e710-4738-865b-4645215bc4f4/datanode-0/data/ratis] (custom)
2023-05-05 09:12:42,366 [pool-781-thread-1] INFO  server.RaftServerConfigKeys (ConfUtils.java:logGet(46)) - raft.server.log.corruption.policy = EXCEPTION (default)
2023-05-05 09:12:42,366 [pool-781-thread-1] INFO  server.RaftServerConfigKeys (ConfUtils.java:logGet(46)) - raft.server.storage.free-space.min = 0MB (=0) (default)
2023-05-05 09:12:42,366 [pool-781-thread-1] INFO  server.RaftServerConfigKeys (ConfUtils.java:logGet(46)) - raft.server.notification.no-leader.timeout = 300s (custom)
2023-05-05 09:12:42,366 [pool-781-thread-1] INFO  server.RaftServerConfigKeys (ConfUtils.java:logGet(46)) - raft.server.retrycache.expirytime = 600000ms (custom)
2023-05-05 09:12:42,366 [pool-781-thread-1] INFO  server.RaftServerConfigKeys (ConfUtils.java:logGet(46)) - raft.server.retrycache.statistics.expirytime = 100μs (default)
2023-05-05 09:12:42,367 [pool-781-thread-1] INFO  server.RaftServerConfigKeys (ConfUtils.java:logGet(46)) - raft.server.log.appender.install.snapshot.enabled = false (custom)
2023-05-05 09:12:42,367 [pool-781-thread-1] INFO  server.RaftServerConfigKeys (ConfUtils.java:logGet(46)) - raft.server.threadpool.server.cached = true (default)
2023-05-05 09:12:42,367 [pool-781-thread-1] INFO  server.RaftServerConfigKeys (ConfUtils.java:logGet(46)) - raft.server.threadpool.server.size = 0 (default)
2023-05-05 09:12:42,367 [pool-781-thread-1] INFO  server.RaftServerConfigKeys (ConfUtils.java:logGet(46)) - raft.server.threadpool.client.cached = true (default)
2023-05-05 09:12:42,367 [pool-781-thread-1] INFO  server.RaftServerConfigKeys (ConfUtils.java:logGet(46)) - raft.server.threadpool.client.size = 0 (default)
2023-05-05 09:12:42,367 [pool-781-thread-1] INFO  storage.RaftStorageDirectory (RaftStorageDirectoryImpl.java:analyzeStorage(137)) - The storage directory /home/runner/work/ozone/ozone/hadoop-ozone/integration-test/target/test-dir/MiniOzoneClusterImpl-4dcb9f95-e710-4738-865b-4645215bc4f4/datanode-0/data/ratis/ec0cdf10-09b8-4fd0-b718-3cb6521d8ecb does not exist. Creating ...
2023-05-05 09:12:42,368 [pool-781-thread-1] INFO  storage.RaftStorageDirectory (RaftStorageDirectoryImpl.java:tryLock(231)) - Lock on /home/runner/work/ozone/ozone/hadoop-ozone/integration-test/target/test-dir/MiniOzoneClusterImpl-4dcb9f95-e710-4738-865b-4645215bc4f4/datanode-0/data/ratis/ec0cdf10-09b8-4fd0-b718-3cb6521d8ecb/in_use.lock acquired by nodename 7812@fv-az152-207
2023-05-05 09:12:42,369 [pool-781-thread-1] INFO  storage.RaftStorage (RaftStorageImpl.java:format(96)) - Storage directory /home/runner/work/ozone/ozone/hadoop-ozone/integration-test/target/test-dir/MiniOzoneClusterImpl-4dcb9f95-e710-4738-865b-4645215bc4f4/datanode-0/data/ratis/ec0cdf10-09b8-4fd0-b718-3cb6521d8ecb has been successfully formatted.
2023-05-05 09:12:42,371 [EventQueue-OpenPipelineForHealthyPipelineSafeModeRule] INFO  safemode.SCMSafeModeManager (HealthyPipelineSafeModeRule.java:process(137)) - SCM in safe mode. Healthy pipelines reported count is 0, required healthy pipeline reported count is 1
2023-05-05 09:12:42,371 [pool-781-thread-1] INFO  ratis.ContainerStateMachine (ContainerStateMachine.java:loadSnapshot(262)) - group-3CB6521D8ECB: The snapshot info is null. Setting the last applied indexto:(t:0, i:~)
2023-05-05 09:12:42,371 [pool-781-thread-1] INFO  server.RaftServerConfigKeys (ConfUtils.java:logGet(46)) - raft.server.log.use.memory = false (default)
2023-05-05 09:12:42,371 [pool-781-thread-1] INFO  server.RaftServerConfigKeys (ConfUtils.java:logGet(46)) - raft.server.log.purge.gap = 1000000 (custom)
2023-05-05 09:12:42,371 [pool-781-thread-1] INFO  server.RaftServerConfigKeys (ConfUtils.java:logGet(46)) - raft.server.log.appender.buffer.byte-limit = 33554432 (custom)
2023-05-05 09:12:42,372 [pool-781-thread-1] INFO  server.RaftServerConfigKeys (ConfUtils.java:logGet(46)) - raft.server.log.statemachine.data.read.timeout = 1000ms (default)
2023-05-05 09:12:42,372 [pool-781-thread-1] INFO  server.RaftServerConfigKeys (ConfUtils.java:logGet(46)) - raft.server.log.purge.preservation.log.num = 0 (default)
2023-05-05 09:12:42,372 [pool-781-thread-1] INFO  server.RaftServerConfigKeys (ConfUtils.java:logGet(46)) - raft.server.log.segment.size.max = 1048576 (custom)
2023-05-05 09:12:42,372 [pool-781-thread-1] INFO  server.RaftServerConfigKeys (ConfUtils.java:logGet(46)) - raft.server.log.segment.cache.num.max = 2 (custom)
2023-05-05 09:12:42,372 [pool-781-thread-1] INFO  server.RaftServerConfigKeys (ConfUtils.java:logGet(46)) - raft.server.log.segment.cache.size.max = 200MB (=209715200) (default)
2023-05-05 09:12:42,372 [pool-781-thread-1] INFO  segmented.SegmentedRaftLogWorker (SegmentedRaftLogWorker.java:<init>(189)) - new 00583802-0da6-49c8-9580-d04d83e5b4a4@group-3CB6521D8ECB-SegmentedRaftLogWorker for RaftStorageImpl:Storage Directory /home/runner/work/ozone/ozone/hadoop-ozone/integration-test/target/test-dir/MiniOzoneClusterImpl-4dcb9f95-e710-4738-865b-4645215bc4f4/datanode-0/data/ratis/ec0cdf10-09b8-4fd0-b718-3cb6521d8ecb
2023-05-05 09:12:42,372 [pool-781-thread-1] INFO  server.RaftServerConfigKeys (ConfUtils.java:logGet(46)) - raft.server.log.queue.byte-limit = 4294967296 (custom)
2023-05-05 09:12:42,372 [pool-781-thread-1] INFO  server.RaftServerConfigKeys (ConfUtils.java:logGet(46)) - raft.server.log.queue.element-limit = 1024 (custom)
2023-05-05 09:12:42,372 [pool-781-thread-1] INFO  server.RaftServerConfigKeys (ConfUtils.java:logGet(46)) - raft.server.log.segment.size.max = 1048576 (custom)
2023-05-05 09:12:42,372 [pool-781-thread-1] INFO  server.RaftServerConfigKeys (ConfUtils.java:logGet(46)) - raft.server.log.preallocated.size = 16384 (custom)
2023-05-05 09:12:42,372 [pool-781-thread-1] INFO  server.RaftServerConfigKeys (ConfUtils.java:logGet(46)) - raft.server.log.force.sync.num = 128 (default)
2023-05-05 09:12:42,372 [pool-781-thread-1] INFO  server.RaftServerConfigKeys (ConfUtils.java:logGet(46)) - raft.server.log.statemachine.data.sync = true (default)
2023-05-05 09:12:42,372 [pool-781-thread-1] INFO  server.RaftServerConfigKeys (ConfUtils.java:logGet(46)) - raft.server.log.statemachine.data.sync.timeout = 10s (default)
2023-05-05 09:12:42,372 [pool-781-thread-1] INFO  server.RaftServerConfigKeys (ConfUtils.java:logGet(46)) - raft.server.log.statemachine.data.sync.timeout.retry = -1 (default)
2023-05-05 09:12:42,373 [pool-781-thread-1] INFO  server.RaftServerConfigKeys (ConfUtils.java:logGet(46)) - raft.server.log.write.buffer.size = 1048576 (custom)
2023-05-05 09:12:42,373 [pool-781-thread-1] INFO  server.RaftServerConfigKeys (ConfUtils.java:logGet(46)) - raft.server.log.appender.buffer.byte-limit = 33554432 (custom)
2023-05-05 09:12:42,378 [pool-781-thread-1] INFO  server.RaftServerConfigKeys (ConfUtils.java:logGet(46)) - raft.server.log.unsafe-flush.enabled = false (default)
2023-05-05 09:12:42,378 [pool-781-thread-1] INFO  server.RaftServerConfigKeys (ConfUtils.java:logGet(46)) - raft.server.log.async-flush.enabled = false (default)
2023-05-05 09:12:42,378 [pool-781-thread-1] INFO  server.RaftServerConfigKeys (ConfUtils.java:logGet(46)) - raft.server.log.statemachine.data.caching.enabled = true (custom)
2023-05-05 09:12:42,378 [pool-781-thread-1] INFO  segmented.SegmentedRaftLogWorker (SegmentedRaftLogWorker.java:lambda$new$0(135)) - 00583802-0da6-49c8-9580-d04d83e5b4a4@group-3CB6521D8ECB-SegmentedRaftLogWorker: flushIndex: setUnconditionally 0 -> -1
2023-05-05 09:12:42,379 [pool-781-thread-1] INFO  segmented.SegmentedRaftLogWorker (SegmentedRaftLogWorker.java:lambda$new$0(135)) - 00583802-0da6-49c8-9580-d04d83e5b4a4@group-3CB6521D8ECB-SegmentedRaftLogWorker: safeCacheEvictIndex: setUnconditionally 0 -> -1
2023-05-05 09:12:42,379 [pool-781-thread-1] INFO  server.RaftServer$Division (RaftServerImpl.java:start(334)) - 00583802-0da6-49c8-9580-d04d83e5b4a4@group-3CB6521D8ECB: start as a follower, conf=-1: peers:[437eba2d-58d6-4629-9360-2128a0cccd66|rpc:10.1.0.42:40629|dataStream:10.1.0.42:45909|priority:0|startupRole:FOLLOWER, e3b1ee5f-ff3e-466d-8a57-c6afea7503f8|rpc:10.1.0.42:45593|dataStream:10.1.0.42:36275|priority:0|startupRole:FOLLOWER, 00583802-0da6-49c8-9580-d04d83e5b4a4|rpc:10.1.0.42:34153|dataStream:10.1.0.42:46501|priority:1|startupRole:FOLLOWER]|listeners:[], old=null
2023-05-05 09:12:42,379 [pool-781-thread-1] INFO  server.RaftServer$Division (RaftServerImpl.java:setRole(321)) - 00583802-0da6-49c8-9580-d04d83e5b4a4@group-3CB6521D8ECB: changes role from      null to FOLLOWER at term 0 for startAsFollower
2023-05-05 09:12:42,379 [pool-781-thread-1] INFO  impl.RoleInfo (RoleInfo.java:updateAndGet(139)) - 00583802-0da6-49c8-9580-d04d83e5b4a4: start 00583802-0da6-49c8-9580-d04d83e5b4a4@group-3CB6521D8ECB-FollowerState
2023-05-05 09:12:42,379 [pool-781-thread-1] INFO  util.JmxRegister (JmxRegister.java:tryRegister(44)) - Successfully registered JMX Bean with object name Ratis:service=RaftServer,group=group-3CB6521D8ECB,id=00583802-0da6-49c8-9580-d04d83e5b4a4
2023-05-05 09:12:42,379 [pool-781-thread-1] INFO  server.RaftServerConfigKeys (ConfUtils.java:logGet(46)) - raft.server.snapshot.auto.trigger.enabled = true (custom)
2023-05-05 09:12:42,379 [pool-781-thread-1] INFO  server.RaftServerConfigKeys (ConfUtils.java:logGet(46)) - raft.server.snapshot.auto.trigger.threshold = 10000 (custom)
2023-05-05 09:12:42,379 [pool-781-thread-1] INFO  server.RaftServerConfigKeys (ConfUtils.java:logGet(46)) - raft.server.snapshot.retention.file.num = 5 (custom)
2023-05-05 09:12:42,379 [pool-781-thread-1] INFO  server.RaftServerConfigKeys (ConfUtils.java:logGet(46)) - raft.server.log.purge.upto.snapshot.index = false (default)
2023-05-05 09:12:42,380 [00583802-0da6-49c8-9580-d04d83e5b4a4@group-3CB6521D8ECB-FollowerState] INFO  server.RaftServerConfigKeys (ConfUtils.java:logFallback(53)) - raft.server.rpc.first-election.timeout.min = 5s (fallback to raft.server.rpc.timeout.min)
2023-05-05 09:12:42,380 [00583802-0da6-49c8-9580-d04d83e5b4a4@group-3CB6521D8ECB-FollowerState] INFO  server.RaftServerConfigKeys (ConfUtils.java:logFallback(53)) - raft.server.rpc.first-election.timeout.max = 5200ms (fallback to raft.server.rpc.timeout.max)
2023-05-05 09:12:42,380 [Command processor thread] INFO  ratis.XceiverServerRatis (XceiverServerRatis.java:addGroup(806)) - Created group PipelineID=ec0cdf10-09b8-4fd0-b718-3cb6521d8ecb
2023-05-05 09:12:42,396 [grpc-default-executor-0] INFO  server.RaftServer (RaftServerProxy.java:addNew(96)) - e3b1ee5f-ff3e-466d-8a57-c6afea7503f8: addNew group-3CB6521D8ECB:[437eba2d-58d6-4629-9360-2128a0cccd66|rpc:10.1.0.42:40629|dataStream:10.1.0.42:45909|priority:0|startupRole:FOLLOWER, e3b1ee5f-ff3e-466d-8a57-c6afea7503f8|rpc:10.1.0.42:45593|dataStream:10.1.0.42:36275|priority:0|startupRole:FOLLOWER, 00583802-0da6-49c8-9580-d04d83e5b4a4|rpc:10.1.0.42:34153|dataStream:10.1.0.42:46501|priority:1|startupRole:FOLLOWER] returns group-3CB6521D8ECB:java.util.concurrent.CompletableFuture@7ab7e605[Not completed]
2023-05-05 09:12:42,397 [pool-803-thread-1] INFO  server.RaftServer$Division (RaftServerImpl.java:<init>(195)) - e3b1ee5f-ff3e-466d-8a57-c6afea7503f8: new RaftServerImpl for group-3CB6521D8ECB:[437eba2d-58d6-4629-9360-2128a0cccd66|rpc:10.1.0.42:40629|dataStream:10.1.0.42:45909|priority:0|startupRole:FOLLOWER, e3b1ee5f-ff3e-466d-8a57-c6afea7503f8|rpc:10.1.0.42:45593|dataStream:10.1.0.42:36275|priority:0|startupRole:FOLLOWER, 00583802-0da6-49c8-9580-d04d83e5b4a4|rpc:10.1.0.42:34153|dataStream:10.1.0.42:46501|priority:1|startupRole:FOLLOWER] with ContainerStateMachine:uninitialized
2023-05-05 09:12:42,397 [pool-803-thread-1] INFO  server.RaftServerConfigKeys (ConfUtils.java:logGet(46)) - raft.server.rpc.timeout.min = 5s (custom)
2023-05-05 09:12:42,397 [pool-803-thread-1] INFO  server.RaftServerConfigKeys (ConfUtils.java:logGet(46)) - raft.server.rpc.timeout.max = 5200ms (custom)
2023-05-05 09:12:42,397 [pool-803-thread-1] INFO  server.RaftServerConfigKeys (ConfUtils.java:logGet(46)) - raft.server.rpc.sleep.time = 25ms (default)
2023-05-05 09:12:42,397 [pool-803-thread-1] INFO  server.RaftServerConfigKeys (ConfUtils.java:logGet(46)) - raft.server.rpc.slowness.timeout = 300s (custom)
2023-05-05 09:12:42,397 [pool-803-thread-1] INFO  server.RaftServerConfigKeys (ConfUtils.java:logGet(46)) - raft.server.leaderelection.leader.step-down.wait-time = 10s (default)
2023-05-05 09:12:42,397 [pool-803-thread-1] INFO  server.RaftServerConfigKeys (ConfUtils.java:logGet(46)) - raft.server.sleep.deviation.threshold = 300ms (default)
2023-05-05 09:12:42,397 [pool-803-thread-1] INFO  server.RaftServer$Division (ServerState.java:<init>(118)) - e3b1ee5f-ff3e-466d-8a57-c6afea7503f8@group-3CB6521D8ECB: ConfigurationManager, init=-1: peers:[437eba2d-58d6-4629-9360-2128a0cccd66|rpc:10.1.0.42:40629|dataStream:10.1.0.42:45909|priority:0|startupRole:FOLLOWER, e3b1ee5f-ff3e-466d-8a57-c6afea7503f8|rpc:10.1.0.42:45593|dataStream:10.1.0.42:36275|priority:0|startupRole:FOLLOWER, 00583802-0da6-49c8-9580-d04d83e5b4a4|rpc:10.1.0.42:34153|dataStream:10.1.0.42:46501|priority:1|startupRole:FOLLOWER]|listeners:[], old=null, confs=<EMPTY_MAP>
2023-05-05 09:12:42,397 [pool-803-thread-1] INFO  server.RaftServerConfigKeys (ConfUtils.java:logGet(46)) - raft.server.storage.dir = [/home/runner/work/ozone/ozone/hadoop-ozone/integration-test/target/test-dir/MiniOzoneClusterImpl-4dcb9f95-e710-4738-865b-4645215bc4f4/datanode-1/data/ratis] (custom)
2023-05-05 09:12:42,397 [pool-803-thread-1] INFO  server.RaftServerConfigKeys (ConfUtils.java:logGet(46)) - raft.server.log.corruption.policy = EXCEPTION (default)
2023-05-05 09:12:42,397 [pool-803-thread-1] INFO  server.RaftServerConfigKeys (ConfUtils.java:logGet(46)) - raft.server.storage.free-space.min = 0MB (=0) (default)
2023-05-05 09:12:42,397 [pool-803-thread-1] INFO  server.RaftServerConfigKeys (ConfUtils.java:logGet(46)) - raft.server.notification.no-leader.timeout = 300s (custom)
2023-05-05 09:12:42,398 [pool-803-thread-1] INFO  server.RaftServerConfigKeys (ConfUtils.java:logGet(46)) - raft.server.retrycache.expirytime = 600000ms (custom)
2023-05-05 09:12:42,398 [pool-803-thread-1] INFO  server.RaftServerConfigKeys (ConfUtils.java:logGet(46)) - raft.server.retrycache.statistics.expirytime = 100μs (default)
2023-05-05 09:12:42,398 [pool-803-thread-1] INFO  server.RaftServerConfigKeys (ConfUtils.java:logGet(46)) - raft.server.log.appender.install.snapshot.enabled = false (custom)
2023-05-05 09:12:42,398 [pool-803-thread-1] INFO  server.RaftServerConfigKeys (ConfUtils.java:logGet(46)) - raft.server.threadpool.server.cached = true (default)
2023-05-05 09:12:42,398 [pool-803-thread-1] INFO  server.RaftServerConfigKeys (ConfUtils.java:logGet(46)) - raft.server.threadpool.server.size = 0 (default)
2023-05-05 09:12:42,398 [pool-803-thread-1] INFO  server.RaftServerConfigKeys (ConfUtils.java:logGet(46)) - raft.server.threadpool.client.cached = true (default)
2023-05-05 09:12:42,398 [pool-803-thread-1] INFO  server.RaftServerConfigKeys (ConfUtils.java:logGet(46)) - raft.server.threadpool.client.size = 0 (default)
2023-05-05 09:12:42,398 [pool-803-thread-1] INFO  storage.RaftStorageDirectory (RaftStorageDirectoryImpl.java:analyzeStorage(137)) - The storage directory /home/runner/work/ozone/ozone/hadoop-ozone/integration-test/target/test-dir/MiniOzoneClusterImpl-4dcb9f95-e710-4738-865b-4645215bc4f4/datanode-1/data/ratis/ec0cdf10-09b8-4fd0-b718-3cb6521d8ecb does not exist. Creating ...
2023-05-05 09:12:42,399 [pool-803-thread-1] INFO  storage.RaftStorageDirectory (RaftStorageDirectoryImpl.java:tryLock(231)) - Lock on /home/runner/work/ozone/ozone/hadoop-ozone/integration-test/target/test-dir/MiniOzoneClusterImpl-4dcb9f95-e710-4738-865b-4645215bc4f4/datanode-1/data/ratis/ec0cdf10-09b8-4fd0-b718-3cb6521d8ecb/in_use.lock acquired by nodename 7812@fv-az152-207
2023-05-05 09:12:42,401 [pool-803-thread-1] INFO  storage.RaftStorage (RaftStorageImpl.java:format(96)) - Storage directory /home/runner/work/ozone/ozone/hadoop-ozone/integration-test/target/test-dir/MiniOzoneClusterImpl-4dcb9f95-e710-4738-865b-4645215bc4f4/datanode-1/data/ratis/ec0cdf10-09b8-4fd0-b718-3cb6521d8ecb has been successfully formatted.
2023-05-05 09:12:42,401 [pool-803-thread-1] INFO  ratis.ContainerStateMachine (ContainerStateMachine.java:loadSnapshot(262)) - group-3CB6521D8ECB: The snapshot info is null. Setting the last applied indexto:(t:0, i:~)
2023-05-05 09:12:42,401 [pool-803-thread-1] INFO  server.RaftServerConfigKeys (ConfUtils.java:logGet(46)) - raft.server.log.use.memory = false (default)
2023-05-05 09:12:42,402 [pool-803-thread-1] INFO  server.RaftServerConfigKeys (ConfUtils.java:logGet(46)) - raft.server.log.purge.gap = 1000000 (custom)
2023-05-05 09:12:42,403 [pool-803-thread-1] INFO  server.RaftServerConfigKeys (ConfUtils.java:logGet(46)) - raft.server.log.appender.buffer.byte-limit = 33554432 (custom)
2023-05-05 09:12:42,403 [pool-803-thread-1] INFO  server.RaftServerConfigKeys (ConfUtils.java:logGet(46)) - raft.server.log.statemachine.data.read.timeout = 1000ms (default)
2023-05-05 09:12:42,403 [pool-803-thread-1] INFO  server.RaftServerConfigKeys (ConfUtils.java:logGet(46)) - raft.server.log.purge.preservation.log.num = 0 (default)
2023-05-05 09:12:42,403 [pool-803-thread-1] INFO  server.RaftServerConfigKeys (ConfUtils.java:logGet(46)) - raft.server.log.segment.size.max = 1048576 (custom)
2023-05-05 09:12:42,403 [pool-803-thread-1] INFO  server.RaftServerConfigKeys (ConfUtils.java:logGet(46)) - raft.server.log.segment.cache.num.max = 2 (custom)
2023-05-05 09:12:42,403 [pool-803-thread-1] INFO  server.RaftServerConfigKeys (ConfUtils.java:logGet(46)) - raft.server.log.segment.cache.size.max = 200MB (=209715200) (default)
2023-05-05 09:12:42,403 [pool-803-thread-1] INFO  segmented.SegmentedRaftLogWorker (SegmentedRaftLogWorker.java:<init>(189)) - new e3b1ee5f-ff3e-466d-8a57-c6afea7503f8@group-3CB6521D8ECB-SegmentedRaftLogWorker for RaftStorageImpl:Storage Directory /home/runner/work/ozone/ozone/hadoop-ozone/integration-test/target/test-dir/MiniOzoneClusterImpl-4dcb9f95-e710-4738-865b-4645215bc4f4/datanode-1/data/ratis/ec0cdf10-09b8-4fd0-b718-3cb6521d8ecb
2023-05-05 09:12:42,403 [pool-803-thread-1] INFO  server.RaftServerConfigKeys (ConfUtils.java:logGet(46)) - raft.server.log.queue.byte-limit = 4294967296 (custom)
2023-05-05 09:12:42,404 [pool-803-thread-1] INFO  server.RaftServerConfigKeys (ConfUtils.java:logGet(46)) - raft.server.log.queue.element-limit = 1024 (custom)
2023-05-05 09:12:42,404 [pool-803-thread-1] INFO  server.RaftServerConfigKeys (ConfUtils.java:logGet(46)) - raft.server.log.segment.size.max = 1048576 (custom)
2023-05-05 09:12:42,404 [pool-803-thread-1] INFO  server.RaftServerConfigKeys (ConfUtils.java:logGet(46)) - raft.server.log.preallocated.size = 16384 (custom)
2023-05-05 09:12:42,404 [pool-803-thread-1] INFO  server.RaftServerConfigKeys (ConfUtils.java:logGet(46)) - raft.server.log.force.sync.num = 128 (default)
2023-05-05 09:12:42,404 [pool-803-thread-1] INFO  server.RaftServerConfigKeys (ConfUtils.java:logGet(46)) - raft.server.log.statemachine.data.sync = true (default)
2023-05-05 09:12:42,404 [pool-803-thread-1] INFO  server.RaftServerConfigKeys (ConfUtils.java:logGet(46)) - raft.server.log.statemachine.data.sync.timeout = 10s (default)
2023-05-05 09:12:42,404 [pool-803-thread-1] INFO  server.RaftServerConfigKeys (ConfUtils.java:logGet(46)) - raft.server.log.statemachine.data.sync.timeout.retry = -1 (default)
2023-05-05 09:12:42,405 [pool-803-thread-1] INFO  server.RaftServerConfigKeys (ConfUtils.java:logGet(46)) - raft.server.log.write.buffer.size = 1048576 (custom)
2023-05-05 09:12:42,405 [pool-803-thread-1] INFO  server.RaftServerConfigKeys (ConfUtils.java:logGet(46)) - raft.server.log.appender.buffer.byte-limit = 33554432 (custom)
2023-05-05 09:12:42,410 [Command processor thread] INFO  server.RaftServer (RaftServerProxy.java:addNew(96)) - e3b1ee5f-ff3e-466d-8a57-c6afea7503f8: addNew group-0AA125AB99CF:[e3b1ee5f-ff3e-466d-8a57-c6afea7503f8|rpc:10.1.0.42:45593|dataStream:10.1.0.42:36275|priority:1|startupRole:FOLLOWER] returns group-0AA125AB99CF:java.util.concurrent.CompletableFuture@1330ddbd[Not completed]
2023-05-05 09:12:42,410 [pool-803-thread-1] INFO  server.RaftServerConfigKeys (ConfUtils.java:logGet(46)) - raft.server.log.unsafe-flush.enabled = false (default)
2023-05-05 09:12:42,411 [pool-803-thread-1] INFO  server.RaftServerConfigKeys (ConfUtils.java:logGet(46)) - raft.server.log.async-flush.enabled = false (default)
2023-05-05 09:12:42,411 [pool-803-thread-1] INFO  server.RaftServerConfigKeys (ConfUtils.java:logGet(46)) - raft.server.log.statemachine.data.caching.enabled = true (custom)
2023-05-05 09:12:42,411 [pool-803-thread-1] INFO  segmented.SegmentedRaftLogWorker (SegmentedRaftLogWorker.java:lambda$new$0(135)) - e3b1ee5f-ff3e-466d-8a57-c6afea7503f8@group-3CB6521D8ECB-SegmentedRaftLogWorker: flushIndex: setUnconditionally 0 -> -1
2023-05-05 09:12:42,411 [pool-803-thread-1] INFO  segmented.SegmentedRaftLogWorker (SegmentedRaftLogWorker.java:lambda$new$0(135)) - e3b1ee5f-ff3e-466d-8a57-c6afea7503f8@group-3CB6521D8ECB-SegmentedRaftLogWorker: safeCacheEvictIndex: setUnconditionally 0 -> -1
2023-05-05 09:12:42,412 [pool-803-thread-1] INFO  server.RaftServer$Division (RaftServerImpl.java:start(334)) - e3b1ee5f-ff3e-466d-8a57-c6afea7503f8@group-3CB6521D8ECB: start as a follower, conf=-1: peers:[437eba2d-58d6-4629-9360-2128a0cccd66|rpc:10.1.0.42:40629|dataStream:10.1.0.42:45909|priority:0|startupRole:FOLLOWER, e3b1ee5f-ff3e-466d-8a57-c6afea7503f8|rpc:10.1.0.42:45593|dataStream:10.1.0.42:36275|priority:0|startupRole:FOLLOWER, 00583802-0da6-49c8-9580-d04d83e5b4a4|rpc:10.1.0.42:34153|dataStream:10.1.0.42:46501|priority:1|startupRole:FOLLOWER]|listeners:[], old=null
2023-05-05 09:12:42,412 [pool-803-thread-1] INFO  server.RaftServer$Division (RaftServerImpl.java:setRole(321)) - e3b1ee5f-ff3e-466d-8a57-c6afea7503f8@group-3CB6521D8ECB: changes role from      null to FOLLOWER at term 0 for startAsFollower
2023-05-05 09:12:42,412 [pool-803-thread-1] INFO  impl.RoleInfo (RoleInfo.java:updateAndGet(139)) - e3b1ee5f-ff3e-466d-8a57-c6afea7503f8: start e3b1ee5f-ff3e-466d-8a57-c6afea7503f8@group-3CB6521D8ECB-FollowerState
2023-05-05 09:12:42,412 [pool-803-thread-1] INFO  util.JmxRegister (JmxRegister.java:tryRegister(44)) - Successfully registered JMX Bean with object name Ratis:service=RaftServer,group=group-3CB6521D8ECB,id=e3b1ee5f-ff3e-466d-8a57-c6afea7503f8
2023-05-05 09:12:42,412 [pool-803-thread-1] INFO  server.RaftServerConfigKeys (ConfUtils.java:logGet(46)) - raft.server.snapshot.auto.trigger.enabled = true (custom)
2023-05-05 09:12:42,412 [pool-803-thread-1] INFO  server.RaftServerConfigKeys (ConfUtils.java:logGet(46)) - raft.server.snapshot.auto.trigger.threshold = 10000 (custom)
2023-05-05 09:12:42,412 [pool-803-thread-1] INFO  server.RaftServerConfigKeys (ConfUtils.java:logGet(46)) - raft.server.snapshot.retention.file.num = 5 (custom)
2023-05-05 09:12:42,412 [pool-803-thread-1] INFO  server.RaftServerConfigKeys (ConfUtils.java:logGet(46)) - raft.server.log.purge.upto.snapshot.index = false (default)
2023-05-05 09:12:42,413 [e3b1ee5f-ff3e-466d-8a57-c6afea7503f8@group-3CB6521D8ECB-FollowerState] INFO  server.RaftServerConfigKeys (ConfUtils.java:logFallback(53)) - raft.server.rpc.first-election.timeout.min = 5s (fallback to raft.server.rpc.timeout.min)
2023-05-05 09:12:42,413 [e3b1ee5f-ff3e-466d-8a57-c6afea7503f8@group-3CB6521D8ECB-FollowerState] INFO  server.RaftServerConfigKeys (ConfUtils.java:logFallback(53)) - raft.server.rpc.first-election.timeout.max = 5200ms (fallback to raft.server.rpc.timeout.max)
2023-05-05 09:12:42,416 [pool-803-thread-1] INFO  server.RaftServer$Division (RaftServerImpl.java:<init>(195)) - e3b1ee5f-ff3e-466d-8a57-c6afea7503f8: new RaftServerImpl for group-0AA125AB99CF:[e3b1ee5f-ff3e-466d-8a57-c6afea7503f8|rpc:10.1.0.42:45593|dataStream:10.1.0.42:36275|priority:1|startupRole:FOLLOWER] with ContainerStateMachine:uninitialized
2023-05-05 09:12:42,416 [pool-803-thread-1] INFO  server.RaftServerConfigKeys (ConfUtils.java:logGet(46)) - raft.server.rpc.timeout.min = 5s (custom)
2023-05-05 09:12:42,416 [pool-803-thread-1] INFO  server.RaftServerConfigKeys (ConfUtils.java:logGet(46)) - raft.server.rpc.timeout.max = 5200ms (custom)
2023-05-05 09:12:42,416 [pool-803-thread-1] INFO  server.RaftServerConfigKeys (ConfUtils.java:logGet(46)) - raft.server.rpc.sleep.time = 25ms (default)
2023-05-05 09:12:42,416 [pool-803-thread-1] INFO  server.RaftServerConfigKeys (ConfUtils.java:logGet(46)) - raft.server.rpc.slowness.timeout = 300s (custom)
2023-05-05 09:12:42,416 [pool-803-thread-1] INFO  server.RaftServerConfigKeys (ConfUtils.java:logGet(46)) - raft.server.leaderelection.leader.step-down.wait-time = 10s (default)
2023-05-05 09:12:42,416 [pool-803-thread-1] INFO  server.RaftServerConfigKeys (ConfUtils.java:logGet(46)) - raft.server.sleep.deviation.threshold = 300ms (default)
2023-05-05 09:12:42,416 [pool-803-thread-1] INFO  server.RaftServer$Division (ServerState.java:<init>(118)) - e3b1ee5f-ff3e-466d-8a57-c6afea7503f8@group-0AA125AB99CF: ConfigurationManager, init=-1: peers:[e3b1ee5f-ff3e-466d-8a57-c6afea7503f8|rpc:10.1.0.42:45593|dataStream:10.1.0.42:36275|priority:1|startupRole:FOLLOWER]|listeners:[], old=null, confs=<EMPTY_MAP>
2023-05-05 09:12:42,417 [pool-803-thread-1] INFO  server.RaftServerConfigKeys (ConfUtils.java:logGet(46)) - raft.server.storage.dir = [/home/runner/work/ozone/ozone/hadoop-ozone/integration-test/target/test-dir/MiniOzoneClusterImpl-4dcb9f95-e710-4738-865b-4645215bc4f4/datanode-1/data/ratis] (custom)
2023-05-05 09:12:42,417 [pool-803-thread-1] INFO  server.RaftServerConfigKeys (ConfUtils.java:logGet(46)) - raft.server.log.corruption.policy = EXCEPTION (default)
2023-05-05 09:12:42,417 [pool-803-thread-1] INFO  server.RaftServerConfigKeys (ConfUtils.java:logGet(46)) - raft.server.storage.free-space.min = 0MB (=0) (default)
2023-05-05 09:12:42,417 [pool-803-thread-1] INFO  server.RaftServerConfigKeys (ConfUtils.java:logGet(46)) - raft.server.notification.no-leader.timeout = 300s (custom)
2023-05-05 09:12:42,417 [pool-803-thread-1] INFO  server.RaftServerConfigKeys (ConfUtils.java:logGet(46)) - raft.server.retrycache.expirytime = 600000ms (custom)
2023-05-05 09:12:42,417 [pool-803-thread-1] INFO  server.RaftServerConfigKeys (ConfUtils.java:logGet(46)) - raft.server.retrycache.statistics.expirytime = 100μs (default)
2023-05-05 09:12:42,417 [pool-803-thread-1] INFO  server.RaftServerConfigKeys (ConfUtils.java:logGet(46)) - raft.server.log.appender.install.snapshot.enabled = false (custom)
2023-05-05 09:12:42,417 [pool-803-thread-1] INFO  server.RaftServerConfigKeys (ConfUtils.java:logGet(46)) - raft.server.threadpool.server.cached = true (default)
2023-05-05 09:12:42,417 [pool-803-thread-1] INFO  server.RaftServerConfigKeys (ConfUtils.java:logGet(46)) - raft.server.threadpool.server.size = 0 (default)
2023-05-05 09:12:42,418 [pool-803-thread-1] INFO  server.RaftServerConfigKeys (ConfUtils.java:logGet(46)) - raft.server.threadpool.client.cached = true (default)
2023-05-05 09:12:42,418 [pool-803-thread-1] INFO  server.RaftServerConfigKeys (ConfUtils.java:logGet(46)) - raft.server.threadpool.client.size = 0 (default)
2023-05-05 09:12:42,418 [pool-803-thread-1] INFO  storage.RaftStorageDirectory (RaftStorageDirectoryImpl.java:analyzeStorage(137)) - The storage directory /home/runner/work/ozone/ozone/hadoop-ozone/integration-test/target/test-dir/MiniOzoneClusterImpl-4dcb9f95-e710-4738-865b-4645215bc4f4/datanode-1/data/ratis/50541a57-2f1a-4afc-a6a5-0aa125ab99cf does not exist. Creating ...
2023-05-05 09:12:42,421 [pool-803-thread-1] INFO  storage.RaftStorageDirectory (RaftStorageDirectoryImpl.java:tryLock(231)) - Lock on /home/runner/work/ozone/ozone/hadoop-ozone/integration-test/target/test-dir/MiniOzoneClusterImpl-4dcb9f95-e710-4738-865b-4645215bc4f4/datanode-1/data/ratis/50541a57-2f1a-4afc-a6a5-0aa125ab99cf/in_use.lock acquired by nodename 7812@fv-az152-207
2023-05-05 09:12:42,423 [pool-803-thread-1] INFO  storage.RaftStorage (RaftStorageImpl.java:format(96)) - Storage directory /home/runner/work/ozone/ozone/hadoop-ozone/integration-test/target/test-dir/MiniOzoneClusterImpl-4dcb9f95-e710-4738-865b-4645215bc4f4/datanode-1/data/ratis/50541a57-2f1a-4afc-a6a5-0aa125ab99cf has been successfully formatted.
2023-05-05 09:12:42,424 [pool-803-thread-1] INFO  ratis.ContainerStateMachine (ContainerStateMachine.java:loadSnapshot(262)) - group-0AA125AB99CF: The snapshot info is null. Setting the last applied indexto:(t:0, i:~)
2023-05-05 09:12:42,424 [pool-803-thread-1] INFO  server.RaftServerConfigKeys (ConfUtils.java:logGet(46)) - raft.server.log.use.memory = false (default)
2023-05-05 09:12:42,424 [pool-803-thread-1] INFO  server.RaftServerConfigKeys (ConfUtils.java:logGet(46)) - raft.server.log.purge.gap = 1000000 (custom)
2023-05-05 09:12:42,424 [pool-803-thread-1] INFO  server.RaftServerConfigKeys (ConfUtils.java:logGet(46)) - raft.server.log.appender.buffer.byte-limit = 33554432 (custom)
2023-05-05 09:12:42,424 [pool-803-thread-1] INFO  server.RaftServerConfigKeys (ConfUtils.java:logGet(46)) - raft.server.log.statemachine.data.read.timeout = 1000ms (default)
2023-05-05 09:12:42,424 [pool-803-thread-1] INFO  server.RaftServerConfigKeys (ConfUtils.java:logGet(46)) - raft.server.log.purge.preservation.log.num = 0 (default)
2023-05-05 09:12:42,424 [pool-803-thread-1] INFO  server.RaftServerConfigKeys (ConfUtils.java:logGet(46)) - raft.server.log.segment.size.max = 1048576 (custom)
2023-05-05 09:12:42,425 [EventQueue-PipelineReportForPipelineReportHandler] INFO  pipeline.PipelineManagerImpl (PipelineManagerImpl.java:openPipeline(367)) - Pipeline Pipeline[ Id: 50541a57-2f1a-4afc-a6a5-0aa125ab99cf, Nodes: e3b1ee5f-ff3e-466d-8a57-c6afea7503f8(fv-az152-207.qln5d00okglujjccfnhxhxodph.cx.internal.cloudapp.net/10.1.0.42), ReplicationConfig: RATIS/ONE, State:ALLOCATED, leaderId:e3b1ee5f-ff3e-466d-8a57-c6afea7503f8, CreationTimestamp2023-05-05T09:12:39.417Z[Etc/UTC]] moved to OPEN state
2023-05-05 09:12:42,425 [pool-803-thread-1] INFO  server.RaftServerConfigKeys (ConfUtils.java:logGet(46)) - raft.server.log.segment.cache.num.max = 2 (custom)
2023-05-05 09:12:42,425 [pool-803-thread-1] INFO  server.RaftServerConfigKeys (ConfUtils.java:logGet(46)) - raft.server.log.segment.cache.size.max = 200MB (=209715200) (default)
2023-05-05 09:12:42,425 [EventQueue-OpenPipelineForHealthyPipelineSafeModeRule] INFO  safemode.SCMSafeModeManager (HealthyPipelineSafeModeRule.java:process(137)) - SCM in safe mode. Healthy pipelines reported count is 0, required healthy pipeline reported count is 1
2023-05-05 09:12:42,425 [pool-803-thread-1] INFO  segmented.SegmentedRaftLogWorker (SegmentedRaftLogWorker.java:<init>(189)) - new e3b1ee5f-ff3e-466d-8a57-c6afea7503f8@group-0AA125AB99CF-SegmentedRaftLogWorker for RaftStorageImpl:Storage Directory /home/runner/work/ozone/ozone/hadoop-ozone/integration-test/target/test-dir/MiniOzoneClusterImpl-4dcb9f95-e710-4738-865b-4645215bc4f4/datanode-1/data/ratis/50541a57-2f1a-4afc-a6a5-0aa125ab99cf
2023-05-05 09:12:42,426 [pool-803-thread-1] INFO  server.RaftServerConfigKeys (ConfUtils.java:logGet(46)) - raft.server.log.queue.byte-limit = 4294967296 (custom)
2023-05-05 09:12:42,426 [pool-803-thread-1] INFO  server.RaftServerConfigKeys (ConfUtils.java:logGet(46)) - raft.server.log.queue.element-limit = 1024 (custom)
2023-05-05 09:12:42,426 [pool-803-thread-1] INFO  server.RaftServerConfigKeys (ConfUtils.java:logGet(46)) - raft.server.log.segment.size.max = 1048576 (custom)
2023-05-05 09:12:42,427 [pool-803-thread-1] INFO  server.RaftServerConfigKeys (ConfUtils.java:logGet(46)) - raft.server.log.preallocated.size = 16384 (custom)
2023-05-05 09:12:42,427 [pool-803-thread-1] INFO  server.RaftServerConfigKeys (ConfUtils.java:logGet(46)) - raft.server.log.force.sync.num = 128 (default)
2023-05-05 09:12:42,427 [pool-803-thread-1] INFO  server.RaftServerConfigKeys (ConfUtils.java:logGet(46)) - raft.server.log.statemachine.data.sync = true (default)
2023-05-05 09:12:42,427 [pool-803-thread-1] INFO  server.RaftServerConfigKeys (ConfUtils.java:logGet(46)) - raft.server.log.statemachine.data.sync.timeout = 10s (default)
2023-05-05 09:12:42,427 [pool-803-thread-1] INFO  server.RaftServerConfigKeys (ConfUtils.java:logGet(46)) - raft.server.log.statemachine.data.sync.timeout.retry = -1 (default)
2023-05-05 09:12:42,427 [pool-803-thread-1] INFO  server.RaftServerConfigKeys (ConfUtils.java:logGet(46)) - raft.server.log.write.buffer.size = 1048576 (custom)
2023-05-05 09:12:42,429 [pool-803-thread-1] INFO  server.RaftServerConfigKeys (ConfUtils.java:logGet(46)) - raft.server.log.appender.buffer.byte-limit = 33554432 (custom)
2023-05-05 09:12:42,445 [pool-803-thread-1] INFO  server.RaftServerConfigKeys (ConfUtils.java:logGet(46)) - raft.server.log.unsafe-flush.enabled = false (default)
2023-05-05 09:12:42,445 [pool-803-thread-1] INFO  server.RaftServerConfigKeys (ConfUtils.java:logGet(46)) - raft.server.log.async-flush.enabled = false (default)
2023-05-05 09:12:42,445 [pool-803-thread-1] INFO  server.RaftServerConfigKeys (ConfUtils.java:logGet(46)) - raft.server.log.statemachine.data.caching.enabled = true (custom)
2023-05-05 09:12:42,445 [pool-803-thread-1] INFO  segmented.SegmentedRaftLogWorker (SegmentedRaftLogWorker.java:lambda$new$0(135)) - e3b1ee5f-ff3e-466d-8a57-c6afea7503f8@group-0AA125AB99CF-SegmentedRaftLogWorker: flushIndex: setUnconditionally 0 -> -1
2023-05-05 09:12:42,445 [pool-803-thread-1] INFO  segmented.SegmentedRaftLogWorker (SegmentedRaftLogWorker.java:lambda$new$0(135)) - e3b1ee5f-ff3e-466d-8a57-c6afea7503f8@group-0AA125AB99CF-SegmentedRaftLogWorker: safeCacheEvictIndex: setUnconditionally 0 -> -1
2023-05-05 09:12:42,445 [pool-803-thread-1] INFO  server.RaftServer$Division (RaftServerImpl.java:start(334)) - e3b1ee5f-ff3e-466d-8a57-c6afea7503f8@group-0AA125AB99CF: start as a follower, conf=-1: peers:[e3b1ee5f-ff3e-466d-8a57-c6afea7503f8|rpc:10.1.0.42:45593|dataStream:10.1.0.42:36275|priority:1|startupRole:FOLLOWER]|listeners:[], old=null
2023-05-05 09:12:42,446 [pool-803-thread-1] INFO  server.RaftServer$Division (RaftServerImpl.java:setRole(321)) - e3b1ee5f-ff3e-466d-8a57-c6afea7503f8@group-0AA125AB99CF: changes role from      null to FOLLOWER at term 0 for startAsFollower
2023-05-05 09:12:42,446 [pool-803-thread-1] INFO  impl.RoleInfo (RoleInfo.java:updateAndGet(139)) - e3b1ee5f-ff3e-466d-8a57-c6afea7503f8: start e3b1ee5f-ff3e-466d-8a57-c6afea7503f8@group-0AA125AB99CF-FollowerState
2023-05-05 09:12:42,446 [pool-803-thread-1] INFO  util.JmxRegister (JmxRegister.java:tryRegister(44)) - Successfully registered JMX Bean with object name Ratis:service=RaftServer,group=group-0AA125AB99CF,id=e3b1ee5f-ff3e-466d-8a57-c6afea7503f8
2023-05-05 09:12:42,446 [pool-803-thread-1] INFO  server.RaftServerConfigKeys (ConfUtils.java:logGet(46)) - raft.server.snapshot.auto.trigger.enabled = true (custom)
2023-05-05 09:12:42,446 [pool-803-thread-1] INFO  server.RaftServerConfigKeys (ConfUtils.java:logGet(46)) - raft.server.snapshot.auto.trigger.threshold = 10000 (custom)
2023-05-05 09:12:42,446 [pool-803-thread-1] INFO  server.RaftServerConfigKeys (ConfUtils.java:logGet(46)) - raft.server.snapshot.retention.file.num = 5 (custom)
2023-05-05 09:12:42,446 [pool-803-thread-1] INFO  server.RaftServerConfigKeys (ConfUtils.java:logGet(46)) - raft.server.log.purge.upto.snapshot.index = false (default)
2023-05-05 09:12:42,446 [e3b1ee5f-ff3e-466d-8a57-c6afea7503f8@group-0AA125AB99CF-FollowerState] INFO  server.RaftServerConfigKeys (ConfUtils.java:logFallback(53)) - raft.server.rpc.first-election.timeout.min = 5s (fallback to raft.server.rpc.timeout.min)
2023-05-05 09:12:42,447 [e3b1ee5f-ff3e-466d-8a57-c6afea7503f8@group-0AA125AB99CF-FollowerState] INFO  server.RaftServerConfigKeys (ConfUtils.java:logFallback(53)) - raft.server.rpc.first-election.timeout.max = 5200ms (fallback to raft.server.rpc.timeout.max)
2023-05-05 09:12:42,447 [Command processor thread] INFO  ratis.XceiverServerRatis (XceiverServerRatis.java:addGroup(806)) - Created group PipelineID=50541a57-2f1a-4afc-a6a5-0aa125ab99cf
2023-05-05 09:12:42,447 [Command processor thread] INFO  commandhandler.CreatePipelineCommandHandler (CreatePipelineCommandHandler.java:handle(113)) - Created Pipeline RATIS ONE PipelineID=50541a57-2f1a-4afc-a6a5-0aa125ab99cf.
2023-05-05 09:12:42,455 [grpc-default-executor-0] INFO  server.RaftServer (RaftServerProxy.java:addNew(96)) - 437eba2d-58d6-4629-9360-2128a0cccd66: addNew group-3CB6521D8ECB:[437eba2d-58d6-4629-9360-2128a0cccd66|rpc:10.1.0.42:40629|dataStream:10.1.0.42:45909|priority:0|startupRole:FOLLOWER, e3b1ee5f-ff3e-466d-8a57-c6afea7503f8|rpc:10.1.0.42:45593|dataStream:10.1.0.42:36275|priority:0|startupRole:FOLLOWER, 00583802-0da6-49c8-9580-d04d83e5b4a4|rpc:10.1.0.42:34153|dataStream:10.1.0.42:46501|priority:1|startupRole:FOLLOWER] returns group-3CB6521D8ECB:java.util.concurrent.CompletableFuture@26603531[Not completed]
2023-05-05 09:12:42,458 [pool-825-thread-1] INFO  server.RaftServer$Division (RaftServerImpl.java:<init>(195)) - 437eba2d-58d6-4629-9360-2128a0cccd66: new RaftServerImpl for group-3CB6521D8ECB:[437eba2d-58d6-4629-9360-2128a0cccd66|rpc:10.1.0.42:40629|dataStream:10.1.0.42:45909|priority:0|startupRole:FOLLOWER, e3b1ee5f-ff3e-466d-8a57-c6afea7503f8|rpc:10.1.0.42:45593|dataStream:10.1.0.42:36275|priority:0|startupRole:FOLLOWER, 00583802-0da6-49c8-9580-d04d83e5b4a4|rpc:10.1.0.42:34153|dataStream:10.1.0.42:46501|priority:1|startupRole:FOLLOWER] with ContainerStateMachine:uninitialized
2023-05-05 09:12:42,458 [pool-825-thread-1] INFO  server.RaftServerConfigKeys (ConfUtils.java:logGet(46)) - raft.server.rpc.timeout.min = 5s (custom)
2023-05-05 09:12:42,458 [pool-825-thread-1] INFO  server.RaftServerConfigKeys (ConfUtils.java:logGet(46)) - raft.server.rpc.timeout.max = 5200ms (custom)
2023-05-05 09:12:42,458 [pool-825-thread-1] INFO  server.RaftServerConfigKeys (ConfUtils.java:logGet(46)) - raft.server.rpc.sleep.time = 25ms (default)
2023-05-05 09:12:42,458 [pool-825-thread-1] INFO  server.RaftServerConfigKeys (ConfUtils.java:logGet(46)) - raft.server.rpc.slowness.timeout = 300s (custom)
2023-05-05 09:12:42,458 [pool-825-thread-1] INFO  server.RaftServerConfigKeys (ConfUtils.java:logGet(46)) - raft.server.leaderelection.leader.step-down.wait-time = 10s (default)
2023-05-05 09:12:42,459 [pool-825-thread-1] INFO  server.RaftServerConfigKeys (ConfUtils.java:logGet(46)) - raft.server.sleep.deviation.threshold = 300ms (default)
2023-05-05 09:12:42,459 [pool-825-thread-1] INFO  server.RaftServer$Division (ServerState.java:<init>(118)) - 437eba2d-58d6-4629-9360-2128a0cccd66@group-3CB6521D8ECB: ConfigurationManager, init=-1: peers:[437eba2d-58d6-4629-9360-2128a0cccd66|rpc:10.1.0.42:40629|dataStream:10.1.0.42:45909|priority:0|startupRole:FOLLOWER, e3b1ee5f-ff3e-466d-8a57-c6afea7503f8|rpc:10.1.0.42:45593|dataStream:10.1.0.42:36275|priority:0|startupRole:FOLLOWER, 00583802-0da6-49c8-9580-d04d83e5b4a4|rpc:10.1.0.42:34153|dataStream:10.1.0.42:46501|priority:1|startupRole:FOLLOWER]|listeners:[], old=null, confs=<EMPTY_MAP>
2023-05-05 09:12:42,459 [pool-825-thread-1] INFO  server.RaftServerConfigKeys (ConfUtils.java:logGet(46)) - raft.server.storage.dir = [/home/runner/work/ozone/ozone/hadoop-ozone/integration-test/target/test-dir/MiniOzoneClusterImpl-4dcb9f95-e710-4738-865b-4645215bc4f4/datanode-2/data/ratis] (custom)
2023-05-05 09:12:42,459 [pool-825-thread-1] INFO  server.RaftServerConfigKeys (ConfUtils.java:logGet(46)) - raft.server.log.corruption.policy = EXCEPTION (default)
2023-05-05 09:12:42,459 [pool-825-thread-1] INFO  server.RaftServerConfigKeys (ConfUtils.java:logGet(46)) - raft.server.storage.free-space.min = 0MB (=0) (default)
2023-05-05 09:12:42,459 [pool-825-thread-1] INFO  server.RaftServerConfigKeys (ConfUtils.java:logGet(46)) - raft.server.notification.no-leader.timeout = 300s (custom)
2023-05-05 09:12:42,459 [pool-825-thread-1] INFO  server.RaftServerConfigKeys (ConfUtils.java:logGet(46)) - raft.server.retrycache.expirytime = 600000ms (custom)
2023-05-05 09:12:42,459 [pool-825-thread-1] INFO  server.RaftServerConfigKeys (ConfUtils.java:logGet(46)) - raft.server.retrycache.statistics.expirytime = 100μs (default)
2023-05-05 09:12:42,460 [pool-825-thread-1] INFO  server.RaftServerConfigKeys (ConfUtils.java:logGet(46)) - raft.server.log.appender.install.snapshot.enabled = false (custom)
2023-05-05 09:12:42,460 [pool-825-thread-1] INFO  server.RaftServerConfigKeys (ConfUtils.java:logGet(46)) - raft.server.threadpool.server.cached = true (default)
2023-05-05 09:12:42,460 [pool-825-thread-1] INFO  server.RaftServerConfigKeys (ConfUtils.java:logGet(46)) - raft.server.threadpool.server.size = 0 (default)
2023-05-05 09:12:42,460 [pool-825-thread-1] INFO  server.RaftServerConfigKeys (ConfUtils.java:logGet(46)) - raft.server.threadpool.client.cached = true (default)
2023-05-05 09:12:42,460 [pool-825-thread-1] INFO  server.RaftServerConfigKeys (ConfUtils.java:logGet(46)) - raft.server.threadpool.client.size = 0 (default)
2023-05-05 09:12:42,460 [pool-825-thread-1] INFO  storage.RaftStorageDirectory (RaftStorageDirectoryImpl.java:analyzeStorage(137)) - The storage directory /home/runner/work/ozone/ozone/hadoop-ozone/integration-test/target/test-dir/MiniOzoneClusterImpl-4dcb9f95-e710-4738-865b-4645215bc4f4/datanode-2/data/ratis/ec0cdf10-09b8-4fd0-b718-3cb6521d8ecb does not exist. Creating ...
2023-05-05 09:12:42,463 [pool-825-thread-1] INFO  storage.RaftStorageDirectory (RaftStorageDirectoryImpl.java:tryLock(231)) - Lock on /home/runner/work/ozone/ozone/hadoop-ozone/integration-test/target/test-dir/MiniOzoneClusterImpl-4dcb9f95-e710-4738-865b-4645215bc4f4/datanode-2/data/ratis/ec0cdf10-09b8-4fd0-b718-3cb6521d8ecb/in_use.lock acquired by nodename 7812@fv-az152-207
2023-05-05 09:12:42,464 [pool-825-thread-1] INFO  storage.RaftStorage (RaftStorageImpl.java:format(96)) - Storage directory /home/runner/work/ozone/ozone/hadoop-ozone/integration-test/target/test-dir/MiniOzoneClusterImpl-4dcb9f95-e710-4738-865b-4645215bc4f4/datanode-2/data/ratis/ec0cdf10-09b8-4fd0-b718-3cb6521d8ecb has been successfully formatted.
2023-05-05 09:12:42,465 [pool-825-thread-1] INFO  ratis.ContainerStateMachine (ContainerStateMachine.java:loadSnapshot(262)) - group-3CB6521D8ECB: The snapshot info is null. Setting the last applied indexto:(t:0, i:~)
2023-05-05 09:12:42,465 [pool-825-thread-1] INFO  server.RaftServerConfigKeys (ConfUtils.java:logGet(46)) - raft.server.log.use.memory = false (default)
2023-05-05 09:12:42,465 [pool-825-thread-1] INFO  server.RaftServerConfigKeys (ConfUtils.java:logGet(46)) - raft.server.log.purge.gap = 1000000 (custom)
2023-05-05 09:12:42,465 [pool-825-thread-1] INFO  server.RaftServerConfigKeys (ConfUtils.java:logGet(46)) - raft.server.log.appender.buffer.byte-limit = 33554432 (custom)
2023-05-05 09:12:42,465 [pool-825-thread-1] INFO  server.RaftServerConfigKeys (ConfUtils.java:logGet(46)) - raft.server.log.statemachine.data.read.timeout = 1000ms (default)
2023-05-05 09:12:42,465 [pool-825-thread-1] INFO  server.RaftServerConfigKeys (ConfUtils.java:logGet(46)) - raft.server.log.purge.preservation.log.num = 0 (default)
2023-05-05 09:12:42,465 [pool-825-thread-1] INFO  server.RaftServerConfigKeys (ConfUtils.java:logGet(46)) - raft.server.log.segment.size.max = 1048576 (custom)
2023-05-05 09:12:42,465 [pool-825-thread-1] INFO  server.RaftServerConfigKeys (ConfUtils.java:logGet(46)) - raft.server.log.segment.cache.num.max = 2 (custom)
2023-05-05 09:12:42,465 [pool-825-thread-1] INFO  server.RaftServerConfigKeys (ConfUtils.java:logGet(46)) - raft.server.log.segment.cache.size.max = 200MB (=209715200) (default)
2023-05-05 09:12:42,466 [pool-825-thread-1] INFO  segmented.SegmentedRaftLogWorker (SegmentedRaftLogWorker.java:<init>(189)) - new 437eba2d-58d6-4629-9360-2128a0cccd66@group-3CB6521D8ECB-SegmentedRaftLogWorker for RaftStorageImpl:Storage Directory /home/runner/work/ozone/ozone/hadoop-ozone/integration-test/target/test-dir/MiniOzoneClusterImpl-4dcb9f95-e710-4738-865b-4645215bc4f4/datanode-2/data/ratis/ec0cdf10-09b8-4fd0-b718-3cb6521d8ecb
2023-05-05 09:12:42,466 [pool-825-thread-1] INFO  server.RaftServerConfigKeys (ConfUtils.java:logGet(46)) - raft.server.log.queue.byte-limit = 4294967296 (custom)
2023-05-05 09:12:42,466 [pool-825-thread-1] INFO  server.RaftServerConfigKeys (ConfUtils.java:logGet(46)) - raft.server.log.queue.element-limit = 1024 (custom)
2023-05-05 09:12:42,466 [pool-825-thread-1] INFO  server.RaftServerConfigKeys (ConfUtils.java:logGet(46)) - raft.server.log.segment.size.max = 1048576 (custom)
2023-05-05 09:12:42,466 [pool-825-thread-1] INFO  server.RaftServerConfigKeys (ConfUtils.java:logGet(46)) - raft.server.log.preallocated.size = 16384 (custom)
2023-05-05 09:12:42,466 [pool-825-thread-1] INFO  server.RaftServerConfigKeys (ConfUtils.java:logGet(46)) - raft.server.log.force.sync.num = 128 (default)
2023-05-05 09:12:42,466 [pool-825-thread-1] INFO  server.RaftServerConfigKeys (ConfUtils.java:logGet(46)) - raft.server.log.statemachine.data.sync = true (default)
2023-05-05 09:12:42,466 [pool-825-thread-1] INFO  server.RaftServerConfigKeys (ConfUtils.java:logGet(46)) - raft.server.log.statemachine.data.sync.timeout = 10s (default)
2023-05-05 09:12:42,466 [pool-825-thread-1] INFO  server.RaftServerConfigKeys (ConfUtils.java:logGet(46)) - raft.server.log.statemachine.data.sync.timeout.retry = -1 (default)
2023-05-05 09:12:42,468 [pool-825-thread-1] INFO  server.RaftServerConfigKeys (ConfUtils.java:logGet(46)) - raft.server.log.write.buffer.size = 1048576 (custom)
2023-05-05 09:12:42,468 [pool-825-thread-1] INFO  server.RaftServerConfigKeys (ConfUtils.java:logGet(46)) - raft.server.log.appender.buffer.byte-limit = 33554432 (custom)
2023-05-05 09:12:42,474 [pool-825-thread-1] INFO  server.RaftServerConfigKeys (ConfUtils.java:logGet(46)) - raft.server.log.unsafe-flush.enabled = false (default)
2023-05-05 09:12:42,474 [pool-825-thread-1] INFO  server.RaftServerConfigKeys (ConfUtils.java:logGet(46)) - raft.server.log.async-flush.enabled = false (default)
2023-05-05 09:12:42,474 [pool-825-thread-1] INFO  server.RaftServerConfigKeys (ConfUtils.java:logGet(46)) - raft.server.log.statemachine.data.caching.enabled = true (custom)
2023-05-05 09:12:42,474 [pool-825-thread-1] INFO  segmented.SegmentedRaftLogWorker (SegmentedRaftLogWorker.java:lambda$new$0(135)) - 437eba2d-58d6-4629-9360-2128a0cccd66@group-3CB6521D8ECB-SegmentedRaftLogWorker: flushIndex: setUnconditionally 0 -> -1
2023-05-05 09:12:42,474 [pool-825-thread-1] INFO  segmented.SegmentedRaftLogWorker (SegmentedRaftLogWorker.java:lambda$new$0(135)) - 437eba2d-58d6-4629-9360-2128a0cccd66@group-3CB6521D8ECB-SegmentedRaftLogWorker: safeCacheEvictIndex: setUnconditionally 0 -> -1
2023-05-05 09:12:42,475 [pool-825-thread-1] INFO  server.RaftServer$Division (RaftServerImpl.java:start(334)) - 437eba2d-58d6-4629-9360-2128a0cccd66@group-3CB6521D8ECB: start as a follower, conf=-1: peers:[437eba2d-58d6-4629-9360-2128a0cccd66|rpc:10.1.0.42:40629|dataStream:10.1.0.42:45909|priority:0|startupRole:FOLLOWER, e3b1ee5f-ff3e-466d-8a57-c6afea7503f8|rpc:10.1.0.42:45593|dataStream:10.1.0.42:36275|priority:0|startupRole:FOLLOWER, 00583802-0da6-49c8-9580-d04d83e5b4a4|rpc:10.1.0.42:34153|dataStream:10.1.0.42:46501|priority:1|startupRole:FOLLOWER]|listeners:[], old=null
2023-05-05 09:12:42,475 [pool-825-thread-1] INFO  server.RaftServer$Division (RaftServerImpl.java:setRole(321)) - 437eba2d-58d6-4629-9360-2128a0cccd66@group-3CB6521D8ECB: changes role from      null to FOLLOWER at term 0 for startAsFollower
2023-05-05 09:12:42,475 [pool-825-thread-1] INFO  impl.RoleInfo (RoleInfo.java:updateAndGet(139)) - 437eba2d-58d6-4629-9360-2128a0cccd66: start 437eba2d-58d6-4629-9360-2128a0cccd66@group-3CB6521D8ECB-FollowerState
2023-05-05 09:12:42,476 [pool-825-thread-1] INFO  util.JmxRegister (JmxRegister.java:tryRegister(44)) - Successfully registered JMX Bean with object name Ratis:service=RaftServer,group=group-3CB6521D8ECB,id=437eba2d-58d6-4629-9360-2128a0cccd66
2023-05-05 09:12:42,476 [pool-825-thread-1] INFO  server.RaftServerConfigKeys (ConfUtils.java:logGet(46)) - raft.server.snapshot.auto.trigger.enabled = true (custom)
2023-05-05 09:12:42,476 [pool-825-thread-1] INFO  server.RaftServerConfigKeys (ConfUtils.java:logGet(46)) - raft.server.snapshot.auto.trigger.threshold = 10000 (custom)
2023-05-05 09:12:42,476 [pool-825-thread-1] INFO  server.RaftServerConfigKeys (ConfUtils.java:logGet(46)) - raft.server.snapshot.retention.file.num = 5 (custom)
2023-05-05 09:12:42,477 [pool-825-thread-1] INFO  server.RaftServerConfigKeys (ConfUtils.java:logGet(46)) - raft.server.log.purge.upto.snapshot.index = false (default)
2023-05-05 09:12:42,479 [437eba2d-58d6-4629-9360-2128a0cccd66@group-3CB6521D8ECB-FollowerState] INFO  server.RaftServerConfigKeys (ConfUtils.java:logFallback(53)) - raft.server.rpc.first-election.timeout.min = 5s (fallback to raft.server.rpc.timeout.min)
2023-05-05 09:12:42,479 [437eba2d-58d6-4629-9360-2128a0cccd66@group-3CB6521D8ECB-FollowerState] INFO  server.RaftServerConfigKeys (ConfUtils.java:logFallback(53)) - raft.server.rpc.first-election.timeout.max = 5200ms (fallback to raft.server.rpc.timeout.max)
2023-05-05 09:12:42,487 [Command processor thread] INFO  commandhandler.CreatePipelineCommandHandler (CreatePipelineCommandHandler.java:handle(113)) - Created Pipeline RATIS THREE PipelineID=ec0cdf10-09b8-4fd0-b718-3cb6521d8ecb.
2023-05-05 09:12:42,772 [Listener at 127.0.0.1/42865] INFO  ozone.MiniOzoneClusterImpl (MiniOzoneClusterImpl.java:lambda$waitForClusterToBeReady$0(223)) - Nodes are ready. Got 3 of 3 DN Heartbeats.
2023-05-05 09:12:42,772 [Listener at 127.0.0.1/42865] INFO  ozone.MiniOzoneClusterImpl (MiniOzoneClusterImpl.java:lambda$waitForClusterToBeReady$0(226)) - Waiting for cluster to exit safe mode
2023-05-05 09:12:42,772 [Listener at 127.0.0.1/42865] INFO  ozone.MiniOzoneClusterImpl (MiniOzoneClusterImpl.java:lambda$waitForClusterToBeReady$0(228)) - SCM became leader
2023-05-05 09:12:42,772 [Command processor thread] INFO  server.RaftServer (RaftServerProxy.java:addNew(96)) - 437eba2d-58d6-4629-9360-2128a0cccd66: addNew group-2BA7789E05AF:[437eba2d-58d6-4629-9360-2128a0cccd66|rpc:10.1.0.42:40629|dataStream:10.1.0.42:45909|priority:1|startupRole:FOLLOWER] returns group-2BA7789E05AF:java.util.concurrent.CompletableFuture@34005291[Not completed]
2023-05-05 09:12:42,774 [pool-825-thread-1] INFO  server.RaftServer$Division (RaftServerImpl.java:<init>(195)) - 437eba2d-58d6-4629-9360-2128a0cccd66: new RaftServerImpl for group-2BA7789E05AF:[437eba2d-58d6-4629-9360-2128a0cccd66|rpc:10.1.0.42:40629|dataStream:10.1.0.42:45909|priority:1|startupRole:FOLLOWER] with ContainerStateMachine:uninitialized
2023-05-05 09:12:42,774 [pool-825-thread-1] INFO  server.RaftServerConfigKeys (ConfUtils.java:logGet(46)) - raft.server.rpc.timeout.min = 5s (custom)
2023-05-05 09:12:42,774 [pool-825-thread-1] INFO  server.RaftServerConfigKeys (ConfUtils.java:logGet(46)) - raft.server.rpc.timeout.max = 5200ms (custom)
2023-05-05 09:12:42,774 [pool-825-thread-1] INFO  server.RaftServerConfigKeys (ConfUtils.java:logGet(46)) - raft.server.rpc.sleep.time = 25ms (default)
2023-05-05 09:12:42,774 [pool-825-thread-1] INFO  server.RaftServerConfigKeys (ConfUtils.java:logGet(46)) - raft.server.rpc.slowness.timeout = 300s (custom)
2023-05-05 09:12:42,774 [pool-825-thread-1] INFO  server.RaftServerConfigKeys (ConfUtils.java:logGet(46)) - raft.server.leaderelection.leader.step-down.wait-time = 10s (default)
2023-05-05 09:12:42,774 [pool-825-thread-1] INFO  server.RaftServerConfigKeys (ConfUtils.java:logGet(46)) - raft.server.sleep.deviation.threshold = 300ms (default)
2023-05-05 09:12:42,774 [pool-825-thread-1] INFO  server.RaftServer$Division (ServerState.java:<init>(118)) - 437eba2d-58d6-4629-9360-2128a0cccd66@group-2BA7789E05AF: ConfigurationManager, init=-1: peers:[437eba2d-58d6-4629-9360-2128a0cccd66|rpc:10.1.0.42:40629|dataStream:10.1.0.42:45909|priority:1|startupRole:FOLLOWER]|listeners:[], old=null, confs=<EMPTY_MAP>
2023-05-05 09:12:42,774 [pool-825-thread-1] INFO  server.RaftServerConfigKeys (ConfUtils.java:logGet(46)) - raft.server.storage.dir = [/home/runner/work/ozone/ozone/hadoop-ozone/integration-test/target/test-dir/MiniOzoneClusterImpl-4dcb9f95-e710-4738-865b-4645215bc4f4/datanode-2/data/ratis] (custom)
2023-05-05 09:12:42,774 [pool-825-thread-1] INFO  server.RaftServerConfigKeys (ConfUtils.java:logGet(46)) - raft.server.log.corruption.policy = EXCEPTION (default)
2023-05-05 09:12:42,774 [pool-825-thread-1] INFO  server.RaftServerConfigKeys (ConfUtils.java:logGet(46)) - raft.server.storage.free-space.min = 0MB (=0) (default)
2023-05-05 09:12:42,775 [pool-825-thread-1] INFO  server.RaftServerConfigKeys (ConfUtils.java:logGet(46)) - raft.server.notification.no-leader.timeout = 300s (custom)
2023-05-05 09:12:42,775 [pool-825-thread-1] INFO  server.RaftServerConfigKeys (ConfUtils.java:logGet(46)) - raft.server.retrycache.expirytime = 600000ms (custom)
2023-05-05 09:12:42,775 [pool-825-thread-1] INFO  server.RaftServerConfigKeys (ConfUtils.java:logGet(46)) - raft.server.retrycache.statistics.expirytime = 100μs (default)
2023-05-05 09:12:42,775 [pool-825-thread-1] INFO  server.RaftServerConfigKeys (ConfUtils.java:logGet(46)) - raft.server.log.appender.install.snapshot.enabled = false (custom)
2023-05-05 09:12:42,775 [pool-825-thread-1] INFO  server.RaftServerConfigKeys (ConfUtils.java:logGet(46)) - raft.server.threadpool.server.cached = true (default)
2023-05-05 09:12:42,775 [pool-825-thread-1] INFO  server.RaftServerConfigKeys (ConfUtils.java:logGet(46)) - raft.server.threadpool.server.size = 0 (default)
2023-05-05 09:12:42,775 [pool-825-thread-1] INFO  server.RaftServerConfigKeys (ConfUtils.java:logGet(46)) - raft.server.threadpool.client.cached = true (default)
2023-05-05 09:12:42,775 [pool-825-thread-1] INFO  server.RaftServerConfigKeys (ConfUtils.java:logGet(46)) - raft.server.threadpool.client.size = 0 (default)
2023-05-05 09:12:42,776 [pool-825-thread-1] INFO  storage.RaftStorageDirectory (RaftStorageDirectoryImpl.java:analyzeStorage(137)) - The storage directory /home/runner/work/ozone/ozone/hadoop-ozone/integration-test/target/test-dir/MiniOzoneClusterImpl-4dcb9f95-e710-4738-865b-4645215bc4f4/datanode-2/data/ratis/6101422d-55cf-4b5b-8bf4-2ba7789e05af does not exist. Creating ...
2023-05-05 09:12:42,777 [pool-825-thread-1] INFO  storage.RaftStorageDirectory (RaftStorageDirectoryImpl.java:tryLock(231)) - Lock on /home/runner/work/ozone/ozone/hadoop-ozone/integration-test/target/test-dir/MiniOzoneClusterImpl-4dcb9f95-e710-4738-865b-4645215bc4f4/datanode-2/data/ratis/6101422d-55cf-4b5b-8bf4-2ba7789e05af/in_use.lock acquired by nodename 7812@fv-az152-207
2023-05-05 09:12:42,778 [pool-825-thread-1] INFO  storage.RaftStorage (RaftStorageImpl.java:format(96)) - Storage directory /home/runner/work/ozone/ozone/hadoop-ozone/integration-test/target/test-dir/MiniOzoneClusterImpl-4dcb9f95-e710-4738-865b-4645215bc4f4/datanode-2/data/ratis/6101422d-55cf-4b5b-8bf4-2ba7789e05af has been successfully formatted.
2023-05-05 09:12:42,778 [pool-825-thread-1] INFO  ratis.ContainerStateMachine (ContainerStateMachine.java:loadSnapshot(262)) - group-2BA7789E05AF: The snapshot info is null. Setting the last applied indexto:(t:0, i:~)
2023-05-05 09:12:42,778 [pool-825-thread-1] INFO  server.RaftServerConfigKeys (ConfUtils.java:logGet(46)) - raft.server.log.use.memory = false (default)
2023-05-05 09:12:42,778 [pool-825-thread-1] INFO  server.RaftServerConfigKeys (ConfUtils.java:logGet(46)) - raft.server.log.purge.gap = 1000000 (custom)
2023-05-05 09:12:42,778 [pool-825-thread-1] INFO  server.RaftServerConfigKeys (ConfUtils.java:logGet(46)) - raft.server.log.appender.buffer.byte-limit = 33554432 (custom)
2023-05-05 09:12:42,778 [pool-825-thread-1] INFO  server.RaftServerConfigKeys (ConfUtils.java:logGet(46)) - raft.server.log.statemachine.data.read.timeout = 1000ms (default)
2023-05-05 09:12:42,778 [pool-825-thread-1] INFO  server.RaftServerConfigKeys (ConfUtils.java:logGet(46)) - raft.server.log.purge.preservation.log.num = 0 (default)
2023-05-05 09:12:42,779 [pool-825-thread-1] INFO  server.RaftServerConfigKeys (ConfUtils.java:logGet(46)) - raft.server.log.segment.size.max = 1048576 (custom)
2023-05-05 09:12:42,779 [pool-825-thread-1] INFO  server.RaftServerConfigKeys (ConfUtils.java:logGet(46)) - raft.server.log.segment.cache.num.max = 2 (custom)
2023-05-05 09:12:42,779 [pool-825-thread-1] INFO  server.RaftServerConfigKeys (ConfUtils.java:logGet(46)) - raft.server.log.segment.cache.size.max = 200MB (=209715200) (default)
2023-05-05 09:12:42,779 [pool-825-thread-1] INFO  segmented.SegmentedRaftLogWorker (SegmentedRaftLogWorker.java:<init>(189)) - new 437eba2d-58d6-4629-9360-2128a0cccd66@group-2BA7789E05AF-SegmentedRaftLogWorker for RaftStorageImpl:Storage Directory /home/runner/work/ozone/ozone/hadoop-ozone/integration-test/target/test-dir/MiniOzoneClusterImpl-4dcb9f95-e710-4738-865b-4645215bc4f4/datanode-2/data/ratis/6101422d-55cf-4b5b-8bf4-2ba7789e05af
2023-05-05 09:12:42,779 [pool-825-thread-1] INFO  server.RaftServerConfigKeys (ConfUtils.java:logGet(46)) - raft.server.log.queue.byte-limit = 4294967296 (custom)
2023-05-05 09:12:42,779 [pool-825-thread-1] INFO  server.RaftServerConfigKeys (ConfUtils.java:logGet(46)) - raft.server.log.queue.element-limit = 1024 (custom)
2023-05-05 09:12:42,779 [pool-825-thread-1] INFO  server.RaftServerConfigKeys (ConfUtils.java:logGet(46)) - raft.server.log.segment.size.max = 1048576 (custom)
2023-05-05 09:12:42,779 [pool-825-thread-1] INFO  server.RaftServerConfigKeys (ConfUtils.java:logGet(46)) - raft.server.log.preallocated.size = 16384 (custom)
2023-05-05 09:12:42,779 [pool-825-thread-1] INFO  server.RaftServerConfigKeys (ConfUtils.java:logGet(46)) - raft.server.log.force.sync.num = 128 (default)
2023-05-05 09:12:42,779 [pool-825-thread-1] INFO  server.RaftServerConfigKeys (ConfUtils.java:logGet(46)) - raft.server.log.statemachine.data.sync = true (default)
2023-05-05 09:12:42,779 [pool-825-thread-1] INFO  server.RaftServerConfigKeys (ConfUtils.java:logGet(46)) - raft.server.log.statemachine.data.sync.timeout = 10s (default)
2023-05-05 09:12:42,779 [pool-825-thread-1] INFO  server.RaftServerConfigKeys (ConfUtils.java:logGet(46)) - raft.server.log.statemachine.data.sync.timeout.retry = -1 (default)
2023-05-05 09:12:42,781 [pool-825-thread-1] INFO  server.RaftServerConfigKeys (ConfUtils.java:logGet(46)) - raft.server.log.write.buffer.size = 1048576 (custom)
2023-05-05 09:12:42,781 [pool-825-thread-1] INFO  server.RaftServerConfigKeys (ConfUtils.java:logGet(46)) - raft.server.log.appender.buffer.byte-limit = 33554432 (custom)
2023-05-05 09:12:42,782 [EventQueue-PipelineReportForPipelineReportHandler] INFO  pipeline.PipelineManagerImpl (PipelineManagerImpl.java:openPipeline(367)) - Pipeline Pipeline[ Id: 6101422d-55cf-4b5b-8bf4-2ba7789e05af, Nodes: 437eba2d-58d6-4629-9360-2128a0cccd66(fv-az152-207.qln5d00okglujjccfnhxhxodph.cx.internal.cloudapp.net/10.1.0.42), ReplicationConfig: RATIS/ONE, State:ALLOCATED, leaderId:437eba2d-58d6-4629-9360-2128a0cccd66, CreationTimestamp2023-05-05T09:12:39.776Z[Etc/UTC]] moved to OPEN state
2023-05-05 09:12:42,782 [EventQueue-OpenPipelineForHealthyPipelineSafeModeRule] INFO  safemode.SCMSafeModeManager (HealthyPipelineSafeModeRule.java:process(137)) - SCM in safe mode. Healthy pipelines reported count is 0, required healthy pipeline reported count is 1
2023-05-05 09:12:42,786 [pool-825-thread-1] INFO  server.RaftServerConfigKeys (ConfUtils.java:logGet(46)) - raft.server.log.unsafe-flush.enabled = false (default)
2023-05-05 09:12:42,786 [pool-825-thread-1] INFO  server.RaftServerConfigKeys (ConfUtils.java:logGet(46)) - raft.server.log.async-flush.enabled = false (default)
2023-05-05 09:12:42,786 [pool-825-thread-1] INFO  server.RaftServerConfigKeys (ConfUtils.java:logGet(46)) - raft.server.log.statemachine.data.caching.enabled = true (custom)
2023-05-05 09:12:42,786 [pool-825-thread-1] INFO  segmented.SegmentedRaftLogWorker (SegmentedRaftLogWorker.java:lambda$new$0(135)) - 437eba2d-58d6-4629-9360-2128a0cccd66@group-2BA7789E05AF-SegmentedRaftLogWorker: flushIndex: setUnconditionally 0 -> -1
2023-05-05 09:12:42,787 [pool-825-thread-1] INFO  segmented.SegmentedRaftLogWorker (SegmentedRaftLogWorker.java:lambda$new$0(135)) - 437eba2d-58d6-4629-9360-2128a0cccd66@group-2BA7789E05AF-SegmentedRaftLogWorker: safeCacheEvictIndex: setUnconditionally 0 -> -1
2023-05-05 09:12:42,787 [pool-825-thread-1] INFO  server.RaftServer$Division (RaftServerImpl.java:start(334)) - 437eba2d-58d6-4629-9360-2128a0cccd66@group-2BA7789E05AF: start as a follower, conf=-1: peers:[437eba2d-58d6-4629-9360-2128a0cccd66|rpc:10.1.0.42:40629|dataStream:10.1.0.42:45909|priority:1|startupRole:FOLLOWER]|listeners:[], old=null
2023-05-05 09:12:42,787 [pool-825-thread-1] INFO  server.RaftServer$Division (RaftServerImpl.java:setRole(321)) - 437eba2d-58d6-4629-9360-2128a0cccd66@group-2BA7789E05AF: changes role from      null to FOLLOWER at term 0 for startAsFollower
2023-05-05 09:12:42,787 [pool-825-thread-1] INFO  impl.RoleInfo (RoleInfo.java:updateAndGet(139)) - 437eba2d-58d6-4629-9360-2128a0cccd66: start 437eba2d-58d6-4629-9360-2128a0cccd66@group-2BA7789E05AF-FollowerState
2023-05-05 09:12:42,790 [pool-825-thread-1] INFO  util.JmxRegister (JmxRegister.java:tryRegister(44)) - Successfully registered JMX Bean with object name Ratis:service=RaftServer,group=group-2BA7789E05AF,id=437eba2d-58d6-4629-9360-2128a0cccd66
2023-05-05 09:12:42,790 [pool-825-thread-1] INFO  server.RaftServerConfigKeys (ConfUtils.java:logGet(46)) - raft.server.snapshot.auto.trigger.enabled = true (custom)
2023-05-05 09:12:42,790 [pool-825-thread-1] INFO  server.RaftServerConfigKeys (ConfUtils.java:logGet(46)) - raft.server.snapshot.auto.trigger.threshold = 10000 (custom)
2023-05-05 09:12:42,790 [pool-825-thread-1] INFO  server.RaftServerConfigKeys (ConfUtils.java:logGet(46)) - raft.server.snapshot.retention.file.num = 5 (custom)
2023-05-05 09:12:42,790 [pool-825-thread-1] INFO  server.RaftServerConfigKeys (ConfUtils.java:logGet(46)) - raft.server.log.purge.upto.snapshot.index = false (default)
2023-05-05 09:12:42,794 [437eba2d-58d6-4629-9360-2128a0cccd66@group-2BA7789E05AF-FollowerState] INFO  server.RaftServerConfigKeys (ConfUtils.java:logFallback(53)) - raft.server.rpc.first-election.timeout.min = 5s (fallback to raft.server.rpc.timeout.min)
2023-05-05 09:12:42,794 [437eba2d-58d6-4629-9360-2128a0cccd66@group-2BA7789E05AF-FollowerState] INFO  server.RaftServerConfigKeys (ConfUtils.java:logFallback(53)) - raft.server.rpc.first-election.timeout.max = 5200ms (fallback to raft.server.rpc.timeout.max)
2023-05-05 09:12:42,794 [Command processor thread] INFO  ratis.XceiverServerRatis (XceiverServerRatis.java:addGroup(806)) - Created group PipelineID=6101422d-55cf-4b5b-8bf4-2ba7789e05af
2023-05-05 09:12:42,794 [Command processor thread] INFO  commandhandler.CreatePipelineCommandHandler (CreatePipelineCommandHandler.java:handle(113)) - Created Pipeline RATIS ONE PipelineID=6101422d-55cf-4b5b-8bf4-2ba7789e05af.
2023-05-05 09:12:43,772 [Listener at 127.0.0.1/42865] INFO  ozone.MiniOzoneClusterImpl (MiniOzoneClusterImpl.java:lambda$waitForClusterToBeReady$0(223)) - Nodes are ready. Got 3 of 3 DN Heartbeats.
2023-05-05 09:12:43,772 [Listener at 127.0.0.1/42865] INFO  ozone.MiniOzoneClusterImpl (MiniOzoneClusterImpl.java:lambda$waitForClusterToBeReady$0(226)) - Waiting for cluster to exit safe mode
2023-05-05 09:12:43,772 [Listener at 127.0.0.1/42865] INFO  ozone.MiniOzoneClusterImpl (MiniOzoneClusterImpl.java:lambda$waitForClusterToBeReady$0(228)) - SCM became leader
2023-05-05 09:12:44,773 [Listener at 127.0.0.1/42865] INFO  ozone.MiniOzoneClusterImpl (MiniOzoneClusterImpl.java:lambda$waitForClusterToBeReady$0(223)) - Nodes are ready. Got 3 of 3 DN Heartbeats.
2023-05-05 09:12:44,773 [Listener at 127.0.0.1/42865] INFO  ozone.MiniOzoneClusterImpl (MiniOzoneClusterImpl.java:lambda$waitForClusterToBeReady$0(226)) - Waiting for cluster to exit safe mode
2023-05-05 09:12:44,773 [Listener at 127.0.0.1/42865] INFO  ozone.MiniOzoneClusterImpl (MiniOzoneClusterImpl.java:lambda$waitForClusterToBeReady$0(228)) - SCM became leader
2023-05-05 09:12:45,773 [Listener at 127.0.0.1/42865] INFO  ozone.MiniOzoneClusterImpl (MiniOzoneClusterImpl.java:lambda$waitForClusterToBeReady$0(223)) - Nodes are ready. Got 3 of 3 DN Heartbeats.
2023-05-05 09:12:45,773 [Listener at 127.0.0.1/42865] INFO  ozone.MiniOzoneClusterImpl (MiniOzoneClusterImpl.java:lambda$waitForClusterToBeReady$0(226)) - Waiting for cluster to exit safe mode
2023-05-05 09:12:45,773 [Listener at 127.0.0.1/42865] INFO  ozone.MiniOzoneClusterImpl (MiniOzoneClusterImpl.java:lambda$waitForClusterToBeReady$0(228)) - SCM became leader
2023-05-05 09:12:46,774 [Listener at 127.0.0.1/42865] INFO  ozone.MiniOzoneClusterImpl (MiniOzoneClusterImpl.java:lambda$waitForClusterToBeReady$0(223)) - Nodes are ready. Got 3 of 3 DN Heartbeats.
2023-05-05 09:12:46,774 [Listener at 127.0.0.1/42865] INFO  ozone.MiniOzoneClusterImpl (MiniOzoneClusterImpl.java:lambda$waitForClusterToBeReady$0(226)) - Waiting for cluster to exit safe mode
2023-05-05 09:12:46,774 [Listener at 127.0.0.1/42865] INFO  ozone.MiniOzoneClusterImpl (MiniOzoneClusterImpl.java:lambda$waitForClusterToBeReady$0(228)) - SCM became leader
2023-05-05 09:12:47,124 [00583802-0da6-49c8-9580-d04d83e5b4a4@group-37F04239934C-FollowerState] INFO  impl.FollowerState (FollowerState.java:run(143)) - 00583802-0da6-49c8-9580-d04d83e5b4a4@group-37F04239934C-FollowerState: change to CANDIDATE, lastRpcElapsedTime:5023876545ns, electionTimeout:5021ms
2023-05-05 09:12:47,124 [00583802-0da6-49c8-9580-d04d83e5b4a4@group-37F04239934C-FollowerState] INFO  impl.RoleInfo (RoleInfo.java:shutdownFollowerState(110)) - 00583802-0da6-49c8-9580-d04d83e5b4a4: shutdown 00583802-0da6-49c8-9580-d04d83e5b4a4@group-37F04239934C-FollowerState
2023-05-05 09:12:47,124 [00583802-0da6-49c8-9580-d04d83e5b4a4@group-37F04239934C-FollowerState] INFO  server.RaftServer$Division (RaftServerImpl.java:setRole(321)) - 00583802-0da6-49c8-9580-d04d83e5b4a4@group-37F04239934C: changes role from  FOLLOWER to CANDIDATE at term 0 for changeToCandidate
2023-05-05 09:12:47,124 [00583802-0da6-49c8-9580-d04d83e5b4a4@group-37F04239934C-FollowerState] INFO  server.RaftServerConfigKeys (ConfUtils.java:logGet(46)) - raft.server.leaderelection.pre-vote = true (default)
2023-05-05 09:12:47,124 [00583802-0da6-49c8-9580-d04d83e5b4a4@group-37F04239934C-FollowerState] INFO  impl.RoleInfo (RoleInfo.java:updateAndGet(139)) - 00583802-0da6-49c8-9580-d04d83e5b4a4: start 00583802-0da6-49c8-9580-d04d83e5b4a4@group-37F04239934C-LeaderElection28
2023-05-05 09:12:47,127 [00583802-0da6-49c8-9580-d04d83e5b4a4@group-37F04239934C-LeaderElection28] INFO  impl.LeaderElection (LeaderElection.java:askForVotes(312)) - 00583802-0da6-49c8-9580-d04d83e5b4a4@group-37F04239934C-LeaderElection28 PRE_VOTE round 0: submit vote requests at term 0 for -1: peers:[437eba2d-58d6-4629-9360-2128a0cccd66|rpc:10.1.0.42:40629|dataStream:10.1.0.42:45909|priority:0|startupRole:FOLLOWER, e3b1ee5f-ff3e-466d-8a57-c6afea7503f8|rpc:10.1.0.42:45593|dataStream:10.1.0.42:36275|priority:1|startupRole:FOLLOWER, 00583802-0da6-49c8-9580-d04d83e5b4a4|rpc:10.1.0.42:34153|dataStream:10.1.0.42:46501|priority:0|startupRole:FOLLOWER]|listeners:[], old=null
2023-05-05 09:12:47,127 [00583802-0da6-49c8-9580-d04d83e5b4a4@group-37F04239934C-LeaderElection28] INFO  server.RaftServerConfigKeys (ConfUtils.java:logFallback(53)) - raft.server.rpc.first-election.timeout.min = 5s (fallback to raft.server.rpc.timeout.min)
2023-05-05 09:12:47,127 [00583802-0da6-49c8-9580-d04d83e5b4a4@group-37F04239934C-LeaderElection28] INFO  server.RaftServerConfigKeys (ConfUtils.java:logFallback(53)) - raft.server.rpc.first-election.timeout.max = 5200ms (fallback to raft.server.rpc.timeout.max)
2023-05-05 09:12:47,128 [00583802-0da6-49c8-9580-d04d83e5b4a4@group-37F04239934C-LeaderElection28-2] INFO  server.GrpcServerProtocolClient (GrpcServerProtocolClient.java:<init>(63)) - Build channel for e3b1ee5f-ff3e-466d-8a57-c6afea7503f8
2023-05-05 09:12:47,136 [00583802-0da6-49c8-9580-d04d83e5b4a4@group-37F04239934C-LeaderElection28-1] INFO  server.GrpcServerProtocolClient (GrpcServerProtocolClient.java:<init>(63)) - Build channel for 437eba2d-58d6-4629-9360-2128a0cccd66
2023-05-05 09:12:47,137 [grpc-default-executor-0] INFO  server.RaftServer$Division (RaftServerImpl.java:requestVote(1218)) - e3b1ee5f-ff3e-466d-8a57-c6afea7503f8@group-37F04239934C: receive requestVote(PRE_VOTE, 00583802-0da6-49c8-9580-d04d83e5b4a4, group-37F04239934C, 0, (t:0, i:0))
2023-05-05 09:12:47,137 [grpc-default-executor-0] INFO  impl.VoteContext (VoteContext.java:log(49)) - e3b1ee5f-ff3e-466d-8a57-c6afea7503f8@group-37F04239934C-FOLLOWER: reject PRE_VOTE from 00583802-0da6-49c8-9580-d04d83e5b4a4: our priority 1 > candidate's priority 0
2023-05-05 09:12:47,137 [grpc-default-executor-0] INFO  server.RaftServer$Division (RaftServerImpl.java:requestVote(1251)) - e3b1ee5f-ff3e-466d-8a57-c6afea7503f8@group-37F04239934C replies to PRE_VOTE vote request: 00583802-0da6-49c8-9580-d04d83e5b4a4<-e3b1ee5f-ff3e-466d-8a57-c6afea7503f8#0:FAIL-t0. Peer's state: e3b1ee5f-ff3e-466d-8a57-c6afea7503f8@group-37F04239934C:t0, leader=null, voted=, raftlog=Memoized:e3b1ee5f-ff3e-466d-8a57-c6afea7503f8@group-37F04239934C-SegmentedRaftLog:OPENED:c-1, conf=-1: peers:[437eba2d-58d6-4629-9360-2128a0cccd66|rpc:10.1.0.42:40629|dataStream:10.1.0.42:45909|priority:0|startupRole:FOLLOWER, e3b1ee5f-ff3e-466d-8a57-c6afea7503f8|rpc:10.1.0.42:45593|dataStream:10.1.0.42:36275|priority:1|startupRole:FOLLOWER, 00583802-0da6-49c8-9580-d04d83e5b4a4|rpc:10.1.0.42:34153|dataStream:10.1.0.42:46501|priority:0|startupRole:FOLLOWER]|listeners:[], old=null
2023-05-05 09:12:47,138 [00583802-0da6-49c8-9580-d04d83e5b4a4@group-37F04239934C-LeaderElection28] INFO  impl.LeaderElection (LeaderElection.java:logAndReturn(90)) - 00583802-0da6-49c8-9580-d04d83e5b4a4@group-37F04239934C-LeaderElection28: PRE_VOTE REJECTED received 1 response(s) and 0 exception(s):
2023-05-05 09:12:47,138 [00583802-0da6-49c8-9580-d04d83e5b4a4@group-37F04239934C-LeaderElection28] INFO  impl.LeaderElection (LeaderElection.java:logAndReturn(94)) -   Response 0: 00583802-0da6-49c8-9580-d04d83e5b4a4<-e3b1ee5f-ff3e-466d-8a57-c6afea7503f8#0:FAIL-t0
2023-05-05 09:12:47,138 [00583802-0da6-49c8-9580-d04d83e5b4a4@group-37F04239934C-LeaderElection28] INFO  impl.LeaderElection (LeaderElection.java:askForVotes(314)) - 00583802-0da6-49c8-9580-d04d83e5b4a4@group-37F04239934C-LeaderElection28 PRE_VOTE round 0: result REJECTED
2023-05-05 09:12:47,138 [00583802-0da6-49c8-9580-d04d83e5b4a4@group-37F04239934C-LeaderElection28] INFO  server.RaftServer$Division (RaftServerImpl.java:setRole(321)) - 00583802-0da6-49c8-9580-d04d83e5b4a4@group-37F04239934C: changes role from CANDIDATE to FOLLOWER at term 0 for REJECTED
2023-05-05 09:12:47,138 [00583802-0da6-49c8-9580-d04d83e5b4a4@group-37F04239934C-LeaderElection28] INFO  impl.RoleInfo (RoleInfo.java:shutdownLeaderElection(130)) - 00583802-0da6-49c8-9580-d04d83e5b4a4: shutdown 00583802-0da6-49c8-9580-d04d83e5b4a4@group-37F04239934C-LeaderElection28
2023-05-05 09:12:47,138 [00583802-0da6-49c8-9580-d04d83e5b4a4@group-37F04239934C-LeaderElection28] INFO  impl.RoleInfo (RoleInfo.java:updateAndGet(139)) - 00583802-0da6-49c8-9580-d04d83e5b4a4: start 00583802-0da6-49c8-9580-d04d83e5b4a4@group-37F04239934C-FollowerState
2023-05-05 09:12:47,142 [00583802-0da6-49c8-9580-d04d83e5b4a4@group-37F04239934C-FollowerState] INFO  server.RaftServerConfigKeys (ConfUtils.java:logFallback(53)) - raft.server.rpc.first-election.timeout.min = 5s (fallback to raft.server.rpc.timeout.min)
2023-05-05 09:12:47,142 [00583802-0da6-49c8-9580-d04d83e5b4a4@group-37F04239934C-FollowerState] INFO  server.RaftServerConfigKeys (ConfUtils.java:logFallback(53)) - raft.server.rpc.first-election.timeout.max = 5200ms (fallback to raft.server.rpc.timeout.max)
2023-05-05 09:12:47,144 [grpc-default-executor-0] INFO  server.RaftServer$Division (RaftServerImpl.java:requestVote(1218)) - 437eba2d-58d6-4629-9360-2128a0cccd66@group-37F04239934C: receive requestVote(PRE_VOTE, 00583802-0da6-49c8-9580-d04d83e5b4a4, group-37F04239934C, 0, (t:0, i:0))
2023-05-05 09:12:47,144 [grpc-default-executor-0] INFO  impl.VoteContext (VoteContext.java:log(49)) - 437eba2d-58d6-4629-9360-2128a0cccd66@group-37F04239934C-FOLLOWER: accept PRE_VOTE from 00583802-0da6-49c8-9580-d04d83e5b4a4: our priority 0 <= candidate's priority 0
2023-05-05 09:12:47,144 [grpc-default-executor-0] INFO  server.RaftServer$Division (RaftServerImpl.java:requestVote(1251)) - 437eba2d-58d6-4629-9360-2128a0cccd66@group-37F04239934C replies to PRE_VOTE vote request: 00583802-0da6-49c8-9580-d04d83e5b4a4<-437eba2d-58d6-4629-9360-2128a0cccd66#0:OK-t0. Peer's state: 437eba2d-58d6-4629-9360-2128a0cccd66@group-37F04239934C:t0, leader=null, voted=, raftlog=Memoized:437eba2d-58d6-4629-9360-2128a0cccd66@group-37F04239934C-SegmentedRaftLog:OPENED:c-1, conf=-1: peers:[437eba2d-58d6-4629-9360-2128a0cccd66|rpc:10.1.0.42:40629|dataStream:10.1.0.42:45909|priority:0|startupRole:FOLLOWER, e3b1ee5f-ff3e-466d-8a57-c6afea7503f8|rpc:10.1.0.42:45593|dataStream:10.1.0.42:36275|priority:1|startupRole:FOLLOWER, 00583802-0da6-49c8-9580-d04d83e5b4a4|rpc:10.1.0.42:34153|dataStream:10.1.0.42:46501|priority:0|startupRole:FOLLOWER]|listeners:[], old=null
2023-05-05 09:12:47,236 [00583802-0da6-49c8-9580-d04d83e5b4a4@group-91207D80BF59-FollowerState] INFO  impl.FollowerState (FollowerState.java:run(143)) - 00583802-0da6-49c8-9580-d04d83e5b4a4@group-91207D80BF59-FollowerState: change to CANDIDATE, lastRpcElapsedTime:5173415216ns, electionTimeout:5168ms
2023-05-05 09:12:47,237 [00583802-0da6-49c8-9580-d04d83e5b4a4@group-91207D80BF59-FollowerState] INFO  impl.RoleInfo (RoleInfo.java:shutdownFollowerState(110)) - 00583802-0da6-49c8-9580-d04d83e5b4a4: shutdown 00583802-0da6-49c8-9580-d04d83e5b4a4@group-91207D80BF59-FollowerState
2023-05-05 09:12:47,237 [00583802-0da6-49c8-9580-d04d83e5b4a4@group-91207D80BF59-FollowerState] INFO  server.RaftServer$Division (RaftServerImpl.java:setRole(321)) - 00583802-0da6-49c8-9580-d04d83e5b4a4@group-91207D80BF59: changes role from  FOLLOWER to CANDIDATE at term 0 for changeToCandidate
2023-05-05 09:12:47,237 [00583802-0da6-49c8-9580-d04d83e5b4a4@group-91207D80BF59-FollowerState] INFO  server.RaftServerConfigKeys (ConfUtils.java:logGet(46)) - raft.server.leaderelection.pre-vote = true (default)
2023-05-05 09:12:47,237 [00583802-0da6-49c8-9580-d04d83e5b4a4@group-91207D80BF59-FollowerState] INFO  impl.RoleInfo (RoleInfo.java:updateAndGet(139)) - 00583802-0da6-49c8-9580-d04d83e5b4a4: start 00583802-0da6-49c8-9580-d04d83e5b4a4@group-91207D80BF59-LeaderElection29
2023-05-05 09:12:47,239 [00583802-0da6-49c8-9580-d04d83e5b4a4@group-91207D80BF59-LeaderElection29] INFO  impl.LeaderElection (LeaderElection.java:askForVotes(312)) - 00583802-0da6-49c8-9580-d04d83e5b4a4@group-91207D80BF59-LeaderElection29 PRE_VOTE round 0: submit vote requests at term 0 for -1: peers:[00583802-0da6-49c8-9580-d04d83e5b4a4|rpc:10.1.0.42:34153|dataStream:10.1.0.42:46501|priority:1|startupRole:FOLLOWER]|listeners:[], old=null
2023-05-05 09:12:47,239 [00583802-0da6-49c8-9580-d04d83e5b4a4@group-91207D80BF59-LeaderElection29] INFO  impl.LeaderElection (LeaderElection.java:askForVotes(314)) - 00583802-0da6-49c8-9580-d04d83e5b4a4@group-91207D80BF59-LeaderElection29 PRE_VOTE round 0: result PASSED (term=0)
2023-05-05 09:12:47,240 [00583802-0da6-49c8-9580-d04d83e5b4a4@group-91207D80BF59-LeaderElection29] INFO  impl.LeaderElection (LeaderElection.java:askForVotes(312)) - 00583802-0da6-49c8-9580-d04d83e5b4a4@group-91207D80BF59-LeaderElection29 ELECTION round 0: submit vote requests at term 1 for -1: peers:[00583802-0da6-49c8-9580-d04d83e5b4a4|rpc:10.1.0.42:34153|dataStream:10.1.0.42:46501|priority:1|startupRole:FOLLOWER]|listeners:[], old=null
2023-05-05 09:12:47,240 [00583802-0da6-49c8-9580-d04d83e5b4a4@group-91207D80BF59-LeaderElection29] INFO  impl.LeaderElection (LeaderElection.java:askForVotes(314)) - 00583802-0da6-49c8-9580-d04d83e5b4a4@group-91207D80BF59-LeaderElection29 ELECTION round 0: result PASSED (term=1)
2023-05-05 09:12:47,240 [00583802-0da6-49c8-9580-d04d83e5b4a4@group-91207D80BF59-LeaderElection29] INFO  impl.RoleInfo (RoleInfo.java:shutdownLeaderElection(130)) - 00583802-0da6-49c8-9580-d04d83e5b4a4: shutdown 00583802-0da6-49c8-9580-d04d83e5b4a4@group-91207D80BF59-LeaderElection29
2023-05-05 09:12:47,240 [00583802-0da6-49c8-9580-d04d83e5b4a4@group-91207D80BF59-LeaderElection29] INFO  server.RaftServer$Division (RaftServerImpl.java:setRole(321)) - 00583802-0da6-49c8-9580-d04d83e5b4a4@group-91207D80BF59: changes role from CANDIDATE to LEADER at term 1 for changeToLeader
2023-05-05 09:12:47,240 [00583802-0da6-49c8-9580-d04d83e5b4a4@group-91207D80BF59-LeaderElection29] INFO  ratis.XceiverServerRatis (XceiverServerRatis.java:handleLeaderChangedNotification(904)) - Leader change notification received for group: group-91207D80BF59 with new leaderId: 00583802-0da6-49c8-9580-d04d83e5b4a4
2023-05-05 09:12:47,241 [00583802-0da6-49c8-9580-d04d83e5b4a4@group-91207D80BF59-LeaderElection29] INFO  server.RaftServer$Division (ServerState.java:setLeader(313)) - 00583802-0da6-49c8-9580-d04d83e5b4a4@group-91207D80BF59: change Leader from null to 00583802-0da6-49c8-9580-d04d83e5b4a4 at term 1 for becomeLeader, leader elected after 5194ms
2023-05-05 09:12:47,241 [00583802-0da6-49c8-9580-d04d83e5b4a4@group-91207D80BF59-LeaderElection29] INFO  server.RaftServerConfigKeys (ConfUtils.java:logGet(46)) - raft.server.staging.catchup.gap = 1000 (default)
2023-05-05 09:12:47,241 [00583802-0da6-49c8-9580-d04d83e5b4a4@group-91207D80BF59-LeaderElection29] INFO  server.RaftServerConfigKeys (ConfUtils.java:logGet(46)) - raft.server.write.element-limit = 1024 (custom)
2023-05-05 09:12:47,241 [00583802-0da6-49c8-9580-d04d83e5b4a4@group-91207D80BF59-LeaderElection29] INFO  server.RaftServerConfigKeys (ConfUtils.java:logGet(46)) - raft.server.write.byte-limit = 1024 M (=1073741824) (custom)
2023-05-05 09:12:47,241 [00583802-0da6-49c8-9580-d04d83e5b4a4@group-91207D80BF59-LeaderElection29] INFO  server.RaftServerConfigKeys (ConfUtils.java:logGet(46)) - raft.server.watch.timeout = 180s (custom)
2023-05-05 09:12:47,241 [00583802-0da6-49c8-9580-d04d83e5b4a4@group-91207D80BF59-LeaderElection29] INFO  server.RaftServerConfigKeys (ConfUtils.java:logGet(46)) - raft.server.watch.timeout.denomination = 1s (default)
2023-05-05 09:12:47,241 [00583802-0da6-49c8-9580-d04d83e5b4a4@group-91207D80BF59-LeaderElection29] INFO  server.RaftServerConfigKeys (ConfUtils.java:logGet(46)) - raft.server.watch.element-limit = 65536 (default)
2023-05-05 09:12:47,241 [00583802-0da6-49c8-9580-d04d83e5b4a4@group-91207D80BF59-LeaderElection29] INFO  server.RaftServerConfigKeys (ConfUtils.java:logGet(46)) - raft.server.write.element-limit = 1024 (custom)
2023-05-05 09:12:47,241 [00583802-0da6-49c8-9580-d04d83e5b4a4@group-91207D80BF59-LeaderElection29] INFO  server.RaftServerConfigKeys (ConfUtils.java:logGet(46)) - raft.server.write.follower.gap.ratio.max = -1.0 (default)
2023-05-05 09:12:47,242 [00583802-0da6-49c8-9580-d04d83e5b4a4@group-91207D80BF59-LeaderElection29] INFO  impl.RoleInfo (RoleInfo.java:updateAndGet(139)) - 00583802-0da6-49c8-9580-d04d83e5b4a4: start 00583802-0da6-49c8-9580-d04d83e5b4a4@group-91207D80BF59-LeaderStateImpl
2023-05-05 09:12:47,242 [00583802-0da6-49c8-9580-d04d83e5b4a4@group-91207D80BF59-LeaderElection29] INFO  segmented.SegmentedRaftLogWorker (SegmentedRaftLogWorker.java:startLogSegment(452)) - 00583802-0da6-49c8-9580-d04d83e5b4a4@group-91207D80BF59-SegmentedRaftLogWorker: Starting segment from index:0
2023-05-05 09:12:47,242 [EventQueue-OpenPipelineForHealthyPipelineSafeModeRule] INFO  safemode.SCMSafeModeManager (HealthyPipelineSafeModeRule.java:process(137)) - SCM in safe mode. Healthy pipelines reported count is 0, required healthy pipeline reported count is 1
2023-05-05 09:12:47,243 [00583802-0da6-49c8-9580-d04d83e5b4a4@group-91207D80BF59-LeaderElection29] INFO  server.RaftServer$Division (ServerState.java:setRaftConf(430)) - 00583802-0da6-49c8-9580-d04d83e5b4a4@group-91207D80BF59: set configuration 0: peers:[00583802-0da6-49c8-9580-d04d83e5b4a4|rpc:10.1.0.42:34153|dataStream:10.1.0.42:46501|priority:1|startupRole:FOLLOWER]|listeners:[], old=null
2023-05-05 09:12:47,244 [00583802-0da6-49c8-9580-d04d83e5b4a4@group-91207D80BF59-SegmentedRaftLogWorker] INFO  segmented.SegmentedRaftLogWorker (SegmentedRaftLogWorker.java:execute(656)) - 00583802-0da6-49c8-9580-d04d83e5b4a4@group-91207D80BF59-SegmentedRaftLogWorker: created new log segment /home/runner/work/ozone/ozone/hadoop-ozone/integration-test/target/test-dir/MiniOzoneClusterImpl-4dcb9f95-e710-4738-865b-4645215bc4f4/datanode-0/data/ratis/a948da45-d7f1-4c83-908c-91207d80bf59/current/log_inprogress_0
2023-05-05 09:12:47,324 [e3b1ee5f-ff3e-466d-8a57-c6afea7503f8@group-37F04239934C-FollowerState] INFO  impl.FollowerState (FollowerState.java:run(143)) - e3b1ee5f-ff3e-466d-8a57-c6afea7503f8@group-37F04239934C-FollowerState: change to CANDIDATE, lastRpcElapsedTime:5037233388ns, electionTimeout:5035ms
2023-05-05 09:12:47,324 [e3b1ee5f-ff3e-466d-8a57-c6afea7503f8@group-37F04239934C-FollowerState] INFO  impl.RoleInfo (RoleInfo.java:shutdownFollowerState(110)) - e3b1ee5f-ff3e-466d-8a57-c6afea7503f8: shutdown e3b1ee5f-ff3e-466d-8a57-c6afea7503f8@group-37F04239934C-FollowerState
2023-05-05 09:12:47,324 [e3b1ee5f-ff3e-466d-8a57-c6afea7503f8@group-37F04239934C-FollowerState] INFO  server.RaftServer$Division (RaftServerImpl.java:setRole(321)) - e3b1ee5f-ff3e-466d-8a57-c6afea7503f8@group-37F04239934C: changes role from  FOLLOWER to CANDIDATE at term 0 for changeToCandidate
2023-05-05 09:12:47,324 [e3b1ee5f-ff3e-466d-8a57-c6afea7503f8@group-37F04239934C-FollowerState] INFO  server.RaftServerConfigKeys (ConfUtils.java:logGet(46)) - raft.server.leaderelection.pre-vote = true (default)
2023-05-05 09:12:47,324 [e3b1ee5f-ff3e-466d-8a57-c6afea7503f8@group-37F04239934C-FollowerState] INFO  impl.RoleInfo (RoleInfo.java:updateAndGet(139)) - e3b1ee5f-ff3e-466d-8a57-c6afea7503f8: start e3b1ee5f-ff3e-466d-8a57-c6afea7503f8@group-37F04239934C-LeaderElection30
2023-05-05 09:12:47,326 [e3b1ee5f-ff3e-466d-8a57-c6afea7503f8@group-37F04239934C-LeaderElection30] INFO  impl.LeaderElection (LeaderElection.java:askForVotes(312)) - e3b1ee5f-ff3e-466d-8a57-c6afea7503f8@group-37F04239934C-LeaderElection30 PRE_VOTE round 0: submit vote requests at term 0 for -1: peers:[437eba2d-58d6-4629-9360-2128a0cccd66|rpc:10.1.0.42:40629|dataStream:10.1.0.42:45909|priority:0|startupRole:FOLLOWER, e3b1ee5f-ff3e-466d-8a57-c6afea7503f8|rpc:10.1.0.42:45593|dataStream:10.1.0.42:36275|priority:1|startupRole:FOLLOWER, 00583802-0da6-49c8-9580-d04d83e5b4a4|rpc:10.1.0.42:34153|dataStream:10.1.0.42:46501|priority:0|startupRole:FOLLOWER]|listeners:[], old=null
2023-05-05 09:12:47,327 [e3b1ee5f-ff3e-466d-8a57-c6afea7503f8@group-37F04239934C-LeaderElection30-1] INFO  server.GrpcServerProtocolClient (GrpcServerProtocolClient.java:<init>(63)) - Build channel for 437eba2d-58d6-4629-9360-2128a0cccd66
2023-05-05 09:12:47,334 [grpc-default-executor-0] INFO  server.RaftServer$Division (RaftServerImpl.java:requestVote(1218)) - 437eba2d-58d6-4629-9360-2128a0cccd66@group-37F04239934C: receive requestVote(PRE_VOTE, e3b1ee5f-ff3e-466d-8a57-c6afea7503f8, group-37F04239934C, 0, (t:0, i:0))
2023-05-05 09:12:47,335 [grpc-default-executor-0] INFO  impl.VoteContext (VoteContext.java:log(49)) - 437eba2d-58d6-4629-9360-2128a0cccd66@group-37F04239934C-FOLLOWER: accept PRE_VOTE from e3b1ee5f-ff3e-466d-8a57-c6afea7503f8: our priority 0 <= candidate's priority 1
2023-05-05 09:12:47,335 [grpc-default-executor-0] INFO  server.RaftServer$Division (RaftServerImpl.java:requestVote(1251)) - 437eba2d-58d6-4629-9360-2128a0cccd66@group-37F04239934C replies to PRE_VOTE vote request: e3b1ee5f-ff3e-466d-8a57-c6afea7503f8<-437eba2d-58d6-4629-9360-2128a0cccd66#0:OK-t0. Peer's state: 437eba2d-58d6-4629-9360-2128a0cccd66@group-37F04239934C:t0, leader=null, voted=, raftlog=Memoized:437eba2d-58d6-4629-9360-2128a0cccd66@group-37F04239934C-SegmentedRaftLog:OPENED:c-1, conf=-1: peers:[437eba2d-58d6-4629-9360-2128a0cccd66|rpc:10.1.0.42:40629|dataStream:10.1.0.42:45909|priority:0|startupRole:FOLLOWER, e3b1ee5f-ff3e-466d-8a57-c6afea7503f8|rpc:10.1.0.42:45593|dataStream:10.1.0.42:36275|priority:1|startupRole:FOLLOWER, 00583802-0da6-49c8-9580-d04d83e5b4a4|rpc:10.1.0.42:34153|dataStream:10.1.0.42:46501|priority:0|startupRole:FOLLOWER]|listeners:[], old=null
2023-05-05 09:12:47,335 [e3b1ee5f-ff3e-466d-8a57-c6afea7503f8@group-37F04239934C-LeaderElection30] INFO  server.RaftServerConfigKeys (ConfUtils.java:logFallback(53)) - raft.server.rpc.first-election.timeout.min = 5s (fallback to raft.server.rpc.timeout.min)
2023-05-05 09:12:47,335 [e3b1ee5f-ff3e-466d-8a57-c6afea7503f8@group-37F04239934C-LeaderElection30] INFO  server.RaftServerConfigKeys (ConfUtils.java:logFallback(53)) - raft.server.rpc.first-election.timeout.max = 5200ms (fallback to raft.server.rpc.timeout.max)
2023-05-05 09:12:47,336 [e3b1ee5f-ff3e-466d-8a57-c6afea7503f8@group-37F04239934C-LeaderElection30] INFO  impl.LeaderElection (LeaderElection.java:logAndReturn(90)) - e3b1ee5f-ff3e-466d-8a57-c6afea7503f8@group-37F04239934C-LeaderElection30: PRE_VOTE PASSED received 1 response(s) and 0 exception(s):
2023-05-05 09:12:47,336 [e3b1ee5f-ff3e-466d-8a57-c6afea7503f8@group-37F04239934C-LeaderElection30] INFO  impl.LeaderElection (LeaderElection.java:logAndReturn(94)) -   Response 0: e3b1ee5f-ff3e-466d-8a57-c6afea7503f8<-437eba2d-58d6-4629-9360-2128a0cccd66#0:OK-t0
2023-05-05 09:12:47,336 [e3b1ee5f-ff3e-466d-8a57-c6afea7503f8@group-37F04239934C-LeaderElection30] INFO  impl.LeaderElection (LeaderElection.java:askForVotes(314)) - e3b1ee5f-ff3e-466d-8a57-c6afea7503f8@group-37F04239934C-LeaderElection30 PRE_VOTE round 0: result PASSED
2023-05-05 09:12:47,337 [e3b1ee5f-ff3e-466d-8a57-c6afea7503f8@group-37F04239934C-LeaderElection30-2] INFO  server.GrpcServerProtocolClient (GrpcServerProtocolClient.java:<init>(63)) - Build channel for 00583802-0da6-49c8-9580-d04d83e5b4a4
2023-05-05 09:12:47,337 [e3b1ee5f-ff3e-466d-8a57-c6afea7503f8@group-37F04239934C-LeaderElection30] INFO  impl.LeaderElection (LeaderElection.java:askForVotes(312)) - e3b1ee5f-ff3e-466d-8a57-c6afea7503f8@group-37F04239934C-LeaderElection30 ELECTION round 0: submit vote requests at term 1 for -1: peers:[437eba2d-58d6-4629-9360-2128a0cccd66|rpc:10.1.0.42:40629|dataStream:10.1.0.42:45909|priority:0|startupRole:FOLLOWER, e3b1ee5f-ff3e-466d-8a57-c6afea7503f8|rpc:10.1.0.42:45593|dataStream:10.1.0.42:36275|priority:1|startupRole:FOLLOWER, 00583802-0da6-49c8-9580-d04d83e5b4a4|rpc:10.1.0.42:34153|dataStream:10.1.0.42:46501|priority:0|startupRole:FOLLOWER]|listeners:[], old=null
2023-05-05 09:12:47,343 [grpc-default-executor-0] INFO  server.RaftServer$Division (RaftServerImpl.java:requestVote(1218)) - 00583802-0da6-49c8-9580-d04d83e5b4a4@group-37F04239934C: receive requestVote(PRE_VOTE, e3b1ee5f-ff3e-466d-8a57-c6afea7503f8, group-37F04239934C, 0, (t:0, i:0))
2023-05-05 09:12:47,343 [grpc-default-executor-0] INFO  impl.VoteContext (VoteContext.java:log(49)) - 00583802-0da6-49c8-9580-d04d83e5b4a4@group-37F04239934C-FOLLOWER: accept PRE_VOTE from e3b1ee5f-ff3e-466d-8a57-c6afea7503f8: our priority 0 <= candidate's priority 1
2023-05-05 09:12:47,343 [grpc-default-executor-0] INFO  server.RaftServer$Division (RaftServerImpl.java:requestVote(1251)) - 00583802-0da6-49c8-9580-d04d83e5b4a4@group-37F04239934C replies to PRE_VOTE vote request: e3b1ee5f-ff3e-466d-8a57-c6afea7503f8<-00583802-0da6-49c8-9580-d04d83e5b4a4#0:OK-t0. Peer's state: 00583802-0da6-49c8-9580-d04d83e5b4a4@group-37F04239934C:t0, leader=null, voted=, raftlog=Memoized:00583802-0da6-49c8-9580-d04d83e5b4a4@group-37F04239934C-SegmentedRaftLog:OPENED:c-1, conf=-1: peers:[437eba2d-58d6-4629-9360-2128a0cccd66|rpc:10.1.0.42:40629|dataStream:10.1.0.42:45909|priority:0|startupRole:FOLLOWER, e3b1ee5f-ff3e-466d-8a57-c6afea7503f8|rpc:10.1.0.42:45593|dataStream:10.1.0.42:36275|priority:1|startupRole:FOLLOWER, 00583802-0da6-49c8-9580-d04d83e5b4a4|rpc:10.1.0.42:34153|dataStream:10.1.0.42:46501|priority:0|startupRole:FOLLOWER]|listeners:[], old=null
2023-05-05 09:12:47,352 [e3b1ee5f-ff3e-466d-8a57-c6afea7503f8@group-37F04239934C-LeaderElection30] INFO  server.RaftServerConfigKeys (ConfUtils.java:logFallback(53)) - raft.server.rpc.first-election.timeout.min = 5s (fallback to raft.server.rpc.timeout.min)
2023-05-05 09:12:47,352 [e3b1ee5f-ff3e-466d-8a57-c6afea7503f8@group-37F04239934C-LeaderElection30] INFO  server.RaftServerConfigKeys (ConfUtils.java:logFallback(53)) - raft.server.rpc.first-election.timeout.max = 5200ms (fallback to raft.server.rpc.timeout.max)
2023-05-05 09:12:47,354 [grpc-default-executor-0] INFO  server.RaftServer$Division (RaftServerImpl.java:requestVote(1218)) - 437eba2d-58d6-4629-9360-2128a0cccd66@group-37F04239934C: receive requestVote(ELECTION, e3b1ee5f-ff3e-466d-8a57-c6afea7503f8, group-37F04239934C, 1, (t:0, i:0))
2023-05-05 09:12:47,355 [grpc-default-executor-0] INFO  impl.VoteContext (VoteContext.java:log(49)) - 437eba2d-58d6-4629-9360-2128a0cccd66@group-37F04239934C-FOLLOWER: accept ELECTION from e3b1ee5f-ff3e-466d-8a57-c6afea7503f8: our priority 0 <= candidate's priority 1
2023-05-05 09:12:47,355 [grpc-default-executor-0] INFO  server.RaftServer$Division (RaftServerImpl.java:setRole(321)) - 437eba2d-58d6-4629-9360-2128a0cccd66@group-37F04239934C: changes role from  FOLLOWER to FOLLOWER at term 1 for candidate:e3b1ee5f-ff3e-466d-8a57-c6afea7503f8
2023-05-05 09:12:47,355 [grpc-default-executor-0] INFO  impl.RoleInfo (RoleInfo.java:shutdownFollowerState(110)) - 437eba2d-58d6-4629-9360-2128a0cccd66: shutdown 437eba2d-58d6-4629-9360-2128a0cccd66@group-37F04239934C-FollowerState
2023-05-05 09:12:47,355 [grpc-default-executor-0] INFO  impl.RoleInfo (RoleInfo.java:updateAndGet(139)) - 437eba2d-58d6-4629-9360-2128a0cccd66: start 437eba2d-58d6-4629-9360-2128a0cccd66@group-37F04239934C-FollowerState
2023-05-05 09:12:47,355 [437eba2d-58d6-4629-9360-2128a0cccd66@group-37F04239934C-FollowerState] INFO  impl.FollowerState (FollowerState.java:run(152)) - 437eba2d-58d6-4629-9360-2128a0cccd66@group-37F04239934C-FollowerState was interrupted
2023-05-05 09:12:47,356 [grpc-default-executor-0] INFO  server.RaftServer$Division (RaftServerImpl.java:requestVote(1251)) - 437eba2d-58d6-4629-9360-2128a0cccd66@group-37F04239934C replies to ELECTION vote request: e3b1ee5f-ff3e-466d-8a57-c6afea7503f8<-437eba2d-58d6-4629-9360-2128a0cccd66#0:OK-t1. Peer's state: 437eba2d-58d6-4629-9360-2128a0cccd66@group-37F04239934C:t1, leader=null, voted=e3b1ee5f-ff3e-466d-8a57-c6afea7503f8, raftlog=Memoized:437eba2d-58d6-4629-9360-2128a0cccd66@group-37F04239934C-SegmentedRaftLog:OPENED:c-1, conf=-1: peers:[437eba2d-58d6-4629-9360-2128a0cccd66|rpc:10.1.0.42:40629|dataStream:10.1.0.42:45909|priority:0|startupRole:FOLLOWER, e3b1ee5f-ff3e-466d-8a57-c6afea7503f8|rpc:10.1.0.42:45593|dataStream:10.1.0.42:36275|priority:1|startupRole:FOLLOWER, 00583802-0da6-49c8-9580-d04d83e5b4a4|rpc:10.1.0.42:34153|dataStream:10.1.0.42:46501|priority:0|startupRole:FOLLOWER]|listeners:[], old=null
2023-05-05 09:12:47,363 [437eba2d-58d6-4629-9360-2128a0cccd66@group-37F04239934C-FollowerState] INFO  server.RaftServerConfigKeys (ConfUtils.java:logFallback(53)) - raft.server.rpc.first-election.timeout.min = 5s (fallback to raft.server.rpc.timeout.min)
2023-05-05 09:12:47,363 [437eba2d-58d6-4629-9360-2128a0cccd66@group-37F04239934C-FollowerState] INFO  server.RaftServerConfigKeys (ConfUtils.java:logFallback(53)) - raft.server.rpc.first-election.timeout.max = 5200ms (fallback to raft.server.rpc.timeout.max)
2023-05-05 09:12:47,364 [e3b1ee5f-ff3e-466d-8a57-c6afea7503f8@group-37F04239934C-LeaderElection30] INFO  impl.LeaderElection (LeaderElection.java:logAndReturn(90)) - e3b1ee5f-ff3e-466d-8a57-c6afea7503f8@group-37F04239934C-LeaderElection30: ELECTION PASSED received 1 response(s) and 0 exception(s):
2023-05-05 09:12:47,364 [e3b1ee5f-ff3e-466d-8a57-c6afea7503f8@group-37F04239934C-LeaderElection30] INFO  impl.LeaderElection (LeaderElection.java:logAndReturn(94)) -   Response 0: e3b1ee5f-ff3e-466d-8a57-c6afea7503f8<-437eba2d-58d6-4629-9360-2128a0cccd66#0:OK-t1
2023-05-05 09:12:47,364 [e3b1ee5f-ff3e-466d-8a57-c6afea7503f8@group-37F04239934C-LeaderElection30] INFO  impl.LeaderElection (LeaderElection.java:askForVotes(314)) - e3b1ee5f-ff3e-466d-8a57-c6afea7503f8@group-37F04239934C-LeaderElection30 ELECTION round 0: result PASSED
2023-05-05 09:12:47,364 [e3b1ee5f-ff3e-466d-8a57-c6afea7503f8@group-37F04239934C-LeaderElection30] INFO  impl.RoleInfo (RoleInfo.java:shutdownLeaderElection(130)) - e3b1ee5f-ff3e-466d-8a57-c6afea7503f8: shutdown e3b1ee5f-ff3e-466d-8a57-c6afea7503f8@group-37F04239934C-LeaderElection30
2023-05-05 09:12:47,365 [e3b1ee5f-ff3e-466d-8a57-c6afea7503f8@group-37F04239934C-LeaderElection30] INFO  server.RaftServer$Division (RaftServerImpl.java:setRole(321)) - e3b1ee5f-ff3e-466d-8a57-c6afea7503f8@group-37F04239934C: changes role from CANDIDATE to LEADER at term 1 for changeToLeader
2023-05-05 09:12:47,365 [e3b1ee5f-ff3e-466d-8a57-c6afea7503f8@group-37F04239934C-LeaderElection30] INFO  ratis.XceiverServerRatis (XceiverServerRatis.java:handleLeaderChangedNotification(904)) - Leader change notification received for group: group-37F04239934C with new leaderId: e3b1ee5f-ff3e-466d-8a57-c6afea7503f8
2023-05-05 09:12:47,365 [e3b1ee5f-ff3e-466d-8a57-c6afea7503f8@group-37F04239934C-LeaderElection30] INFO  server.RaftServer$Division (ServerState.java:setLeader(313)) - e3b1ee5f-ff3e-466d-8a57-c6afea7503f8@group-37F04239934C: change Leader from null to e3b1ee5f-ff3e-466d-8a57-c6afea7503f8 at term 1 for becomeLeader, leader elected after 5237ms
2023-05-05 09:12:47,365 [e3b1ee5f-ff3e-466d-8a57-c6afea7503f8@group-37F04239934C-LeaderElection30] INFO  server.RaftServerConfigKeys (ConfUtils.java:logGet(46)) - raft.server.staging.catchup.gap = 1000 (default)
2023-05-05 09:12:47,365 [e3b1ee5f-ff3e-466d-8a57-c6afea7503f8@group-37F04239934C-LeaderElection30] INFO  server.RaftServerConfigKeys (ConfUtils.java:logGet(46)) - raft.server.write.element-limit = 1024 (custom)
2023-05-05 09:12:47,366 [e3b1ee5f-ff3e-466d-8a57-c6afea7503f8@group-37F04239934C-LeaderElection30] INFO  server.RaftServerConfigKeys (ConfUtils.java:logGet(46)) - raft.server.write.byte-limit = 1024 M (=1073741824) (custom)
2023-05-05 09:12:47,366 [e3b1ee5f-ff3e-466d-8a57-c6afea7503f8@group-37F04239934C-LeaderElection30] INFO  server.RaftServerConfigKeys (ConfUtils.java:logGet(46)) - raft.server.watch.timeout = 180s (custom)
2023-05-05 09:12:47,366 [e3b1ee5f-ff3e-466d-8a57-c6afea7503f8@group-37F04239934C-LeaderElection30] INFO  server.RaftServerConfigKeys (ConfUtils.java:logGet(46)) - raft.server.watch.timeout.denomination = 1s (default)
2023-05-05 09:12:47,366 [e3b1ee5f-ff3e-466d-8a57-c6afea7503f8@group-37F04239934C-LeaderElection30] INFO  server.RaftServerConfigKeys (ConfUtils.java:logGet(46)) - raft.server.watch.element-limit = 65536 (default)
2023-05-05 09:12:47,366 [e3b1ee5f-ff3e-466d-8a57-c6afea7503f8@group-37F04239934C-LeaderElection30] INFO  server.RaftServerConfigKeys (ConfUtils.java:logGet(46)) - raft.server.write.element-limit = 1024 (custom)
2023-05-05 09:12:47,366 [e3b1ee5f-ff3e-466d-8a57-c6afea7503f8@group-37F04239934C-LeaderElection30] INFO  server.RaftServerConfigKeys (ConfUtils.java:logGet(46)) - raft.server.write.follower.gap.ratio.max = -1.0 (default)
2023-05-05 09:12:47,366 [e3b1ee5f-ff3e-466d-8a57-c6afea7503f8@group-37F04239934C-LeaderElection30] INFO  server.RaftServerConfigKeys (ConfUtils.java:logGet(46)) - raft.server.log.appender.snapshot.chunk.size.max = 16MB (=16777216) (default)
2023-05-05 09:12:47,366 [e3b1ee5f-ff3e-466d-8a57-c6afea7503f8@group-37F04239934C-LeaderElection30] INFO  server.RaftServerConfigKeys (ConfUtils.java:logGet(46)) - raft.server.log.appender.buffer.byte-limit = 33554432 (custom)
2023-05-05 09:12:47,366 [e3b1ee5f-ff3e-466d-8a57-c6afea7503f8@group-37F04239934C-LeaderElection30] INFO  server.RaftServerConfigKeys (ConfUtils.java:logGet(46)) - raft.server.log.appender.buffer.element-limit = 1 (custom)
2023-05-05 09:12:47,367 [e3b1ee5f-ff3e-466d-8a57-c6afea7503f8@group-37F04239934C-LeaderElection30] INFO  grpc.GrpcConfigKeys (ConfUtils.java:logGet(46)) - raft.grpc.server.leader.outstanding.appends.max = 128 (default)
2023-05-05 09:12:47,367 [e3b1ee5f-ff3e-466d-8a57-c6afea7503f8@group-37F04239934C-LeaderElection30] INFO  server.RaftServerConfigKeys (ConfUtils.java:logGet(46)) - raft.server.rpc.request.timeout = 60s (custom)
2023-05-05 09:12:47,367 [e3b1ee5f-ff3e-466d-8a57-c6afea7503f8@group-37F04239934C-LeaderElection30] INFO  server.RaftServerConfigKeys (ConfUtils.java:logGet(46)) - raft.server.log.appender.install.snapshot.enabled = false (custom)
2023-05-05 09:12:47,367 [e3b1ee5f-ff3e-466d-8a57-c6afea7503f8@group-37F04239934C-LeaderElection30] INFO  grpc.GrpcConfigKeys (ConfUtils.java:logGet(46)) - raft.grpc.server.heartbeat.channel = true (default)
2023-05-05 09:12:47,367 [e3b1ee5f-ff3e-466d-8a57-c6afea7503f8@group-37F04239934C-LeaderElection30] INFO  server.RaftServerConfigKeys (ConfUtils.java:logGet(46)) - raft.server.log.appender.wait-time.min = 10ms (default)
2023-05-05 09:12:47,367 [e3b1ee5f-ff3e-466d-8a57-c6afea7503f8@group-37F04239934C-LeaderElection30] INFO  server.RaftServerConfigKeys (ConfUtils.java:logGet(46)) - raft.server.log.appender.snapshot.chunk.size.max = 16MB (=16777216) (default)
2023-05-05 09:12:47,367 [e3b1ee5f-ff3e-466d-8a57-c6afea7503f8@group-37F04239934C-LeaderElection30] INFO  server.RaftServerConfigKeys (ConfUtils.java:logGet(46)) - raft.server.log.appender.buffer.byte-limit = 33554432 (custom)
2023-05-05 09:12:47,367 [e3b1ee5f-ff3e-466d-8a57-c6afea7503f8@group-37F04239934C-LeaderElection30] INFO  server.RaftServerConfigKeys (ConfUtils.java:logGet(46)) - raft.server.log.appender.buffer.element-limit = 1 (custom)
2023-05-05 09:12:47,367 [e3b1ee5f-ff3e-466d-8a57-c6afea7503f8@group-37F04239934C-LeaderElection30] INFO  grpc.GrpcConfigKeys (ConfUtils.java:logGet(46)) - raft.grpc.server.leader.outstanding.appends.max = 128 (default)
2023-05-05 09:12:47,367 [e3b1ee5f-ff3e-466d-8a57-c6afea7503f8@group-37F04239934C-LeaderElection30] INFO  server.RaftServerConfigKeys (ConfUtils.java:logGet(46)) - raft.server.rpc.request.timeout = 60s (custom)
2023-05-05 09:12:47,367 [e3b1ee5f-ff3e-466d-8a57-c6afea7503f8@group-37F04239934C-LeaderElection30] INFO  server.RaftServerConfigKeys (ConfUtils.java:logGet(46)) - raft.server.log.appender.install.snapshot.enabled = false (custom)
2023-05-05 09:12:47,367 [e3b1ee5f-ff3e-466d-8a57-c6afea7503f8@group-37F04239934C-LeaderElection30] INFO  grpc.GrpcConfigKeys (ConfUtils.java:logGet(46)) - raft.grpc.server.heartbeat.channel = true (default)
2023-05-05 09:12:47,367 [e3b1ee5f-ff3e-466d-8a57-c6afea7503f8@group-37F04239934C-LeaderElection30] INFO  server.RaftServerConfigKeys (ConfUtils.java:logGet(46)) - raft.server.log.appender.wait-time.min = 10ms (default)
2023-05-05 09:12:47,368 [e3b1ee5f-ff3e-466d-8a57-c6afea7503f8@group-37F04239934C-LeaderElection30] INFO  impl.RoleInfo (RoleInfo.java:updateAndGet(139)) - e3b1ee5f-ff3e-466d-8a57-c6afea7503f8: start e3b1ee5f-ff3e-466d-8a57-c6afea7503f8@group-37F04239934C-LeaderStateImpl
2023-05-05 09:12:47,368 [grpc-default-executor-1] INFO  server.RaftServer$Division (RaftServerImpl.java:requestVote(1218)) - 00583802-0da6-49c8-9580-d04d83e5b4a4@group-37F04239934C: receive requestVote(ELECTION, e3b1ee5f-ff3e-466d-8a57-c6afea7503f8, group-37F04239934C, 1, (t:0, i:0))
2023-05-05 09:12:47,369 [grpc-default-executor-1] INFO  impl.VoteContext (VoteContext.java:log(49)) - 00583802-0da6-49c8-9580-d04d83e5b4a4@group-37F04239934C-FOLLOWER: accept ELECTION from e3b1ee5f-ff3e-466d-8a57-c6afea7503f8: our priority 0 <= candidate's priority 1
2023-05-05 09:12:47,369 [grpc-default-executor-1] INFO  server.RaftServer$Division (RaftServerImpl.java:setRole(321)) - 00583802-0da6-49c8-9580-d04d83e5b4a4@group-37F04239934C: changes role from  FOLLOWER to FOLLOWER at term 1 for candidate:e3b1ee5f-ff3e-466d-8a57-c6afea7503f8
2023-05-05 09:12:47,369 [grpc-default-executor-1] INFO  impl.RoleInfo (RoleInfo.java:shutdownFollowerState(110)) - 00583802-0da6-49c8-9580-d04d83e5b4a4: shutdown 00583802-0da6-49c8-9580-d04d83e5b4a4@group-37F04239934C-FollowerState
2023-05-05 09:12:47,369 [00583802-0da6-49c8-9580-d04d83e5b4a4@group-37F04239934C-FollowerState] INFO  impl.FollowerState (FollowerState.java:run(152)) - 00583802-0da6-49c8-9580-d04d83e5b4a4@group-37F04239934C-FollowerState was interrupted
2023-05-05 09:12:47,369 [EventQueue-PipelineReportForPipelineReportHandler] INFO  pipeline.PipelineManagerImpl (PipelineManagerImpl.java:openPipeline(367)) - Pipeline Pipeline[ Id: 635d7c40-a330-4127-a96b-37f04239934c, Nodes: e3b1ee5f-ff3e-466d-8a57-c6afea7503f8(fv-az152-207.qln5d00okglujjccfnhxhxodph.cx.internal.cloudapp.net/10.1.0.42)00583802-0da6-49c8-9580-d04d83e5b4a4(fv-az152-207.qln5d00okglujjccfnhxhxodph.cx.internal.cloudapp.net/10.1.0.42)437eba2d-58d6-4629-9360-2128a0cccd66(fv-az152-207.qln5d00okglujjccfnhxhxodph.cx.internal.cloudapp.net/10.1.0.42), ReplicationConfig: RATIS/THREE, State:ALLOCATED, leaderId:e3b1ee5f-ff3e-466d-8a57-c6afea7503f8, CreationTimestamp2023-05-05T09:12:39.778Z[Etc/UTC]] moved to OPEN state
2023-05-05 09:12:47,369 [e3b1ee5f-ff3e-466d-8a57-c6afea7503f8@group-37F04239934C-LeaderElection30] INFO  segmented.SegmentedRaftLogWorker (SegmentedRaftLogWorker.java:startLogSegment(452)) - e3b1ee5f-ff3e-466d-8a57-c6afea7503f8@group-37F04239934C-SegmentedRaftLogWorker: Starting segment from index:0
2023-05-05 09:12:47,370 [EventQueue-OpenPipelineForHealthyPipelineSafeModeRule] INFO  safemode.SCMSafeModeManager (HealthyPipelineSafeModeRule.java:process(137)) - SCM in safe mode. Healthy pipelines reported count is 1, required healthy pipeline reported count is 1
2023-05-05 09:12:47,370 [EventQueue-OpenPipelineForHealthyPipelineSafeModeRule] INFO  safemode.SCMSafeModeManager (SCMSafeModeManager.java:validateSafeModeExitRules(200)) - HealthyPipelineSafeModeRule rule is successfully validated
2023-05-05 09:12:47,370 [EventQueue-OpenPipelineForHealthyPipelineSafeModeRule] INFO  safemode.SCMSafeModeManager (SCMSafeModeManager.java:validateSafeModeExitRules(215)) - ScmSafeModeManager, all rules are successfully validated
2023-05-05 09:12:47,370 [EventQueue-OpenPipelineForHealthyPipelineSafeModeRule] INFO  safemode.SCMSafeModeManager (SCMSafeModeManager.java:exitSafeMode(244)) - SCM exiting safe mode.
2023-05-05 09:12:47,370 [EventQueue-OpenPipelineForHealthyPipelineSafeModeRule] INFO  ha.SCMContext (SCMContext.java:updateSafeModeStatus(228)) - Update SafeModeStatus from SafeModeStatus{safeModeStatus=true, preCheckPassed=true} to SafeModeStatus{safeModeStatus=false, preCheckPassed=true}.
2023-05-05 09:12:47,370 [EventQueue-OpenPipelineForHealthyPipelineSafeModeRule] INFO  pipeline.BackgroundPipelineCreator (BackgroundPipelineCreator.java:notifyStatusChanged(254)) - Service BackgroundPipelineCreator transitions to RUNNING.
2023-05-05 09:12:47,370 [EventQueue-OpenPipelineForHealthyPipelineSafeModeRule] INFO  BackgroundPipelineScrubber (BackgroundSCMService.java:notifyStatusChanged(82)) - Service BackgroundPipelineScrubber transitions to RUNNING.
2023-05-05 09:12:47,370 [EventQueue-OpenPipelineForHealthyPipelineSafeModeRule] INFO  ExpiredContainerReplicaOpScrubber (BackgroundSCMService.java:notifyStatusChanged(82)) - Service ExpiredContainerReplicaOpScrubber transitions to RUNNING.
2023-05-05 09:12:47,370 [EventQueue-OpenPipelineForHealthyPipelineSafeModeRule] INFO  replication.ReplicationManager (ReplicationManager.java:notifyStatusChanged(1370)) - Service ReplicationManager transitions to RUNNING.
2023-05-05 09:12:47,370 [EventQueue-OpenPipelineForHealthyPipelineSafeModeRule] WARN  balancer.ContainerBalancer (ContainerBalancer.java:shouldRun(132)) - Could not find persisted configuration for ContainerBalancer when checking if ContainerBalancer should run. ContainerBalancer should not run now.
2023-05-05 09:12:47,371 [e3b1ee5f-ff3e-466d-8a57-c6afea7503f8@group-37F04239934C-SegmentedRaftLogWorker] INFO  segmented.SegmentedRaftLogWorker (SegmentedRaftLogWorker.java:execute(656)) - e3b1ee5f-ff3e-466d-8a57-c6afea7503f8@group-37F04239934C-SegmentedRaftLogWorker: created new log segment /home/runner/work/ozone/ozone/hadoop-ozone/integration-test/target/test-dir/MiniOzoneClusterImpl-4dcb9f95-e710-4738-865b-4645215bc4f4/datanode-1/data/ratis/635d7c40-a330-4127-a96b-37f04239934c/current/log_inprogress_0
2023-05-05 09:12:47,380 [grpc-default-executor-1] INFO  impl.RoleInfo (RoleInfo.java:updateAndGet(139)) - 00583802-0da6-49c8-9580-d04d83e5b4a4: start 00583802-0da6-49c8-9580-d04d83e5b4a4@group-37F04239934C-FollowerState
2023-05-05 09:12:47,384 [00583802-0da6-49c8-9580-d04d83e5b4a4@group-37F04239934C-FollowerState] INFO  server.RaftServerConfigKeys (ConfUtils.java:logFallback(53)) - raft.server.rpc.first-election.timeout.min = 5s (fallback to raft.server.rpc.timeout.min)
2023-05-05 09:12:47,384 [grpc-default-executor-1] INFO  server.RaftServer$Division (RaftServerImpl.java:requestVote(1251)) - 00583802-0da6-49c8-9580-d04d83e5b4a4@group-37F04239934C replies to ELECTION vote request: e3b1ee5f-ff3e-466d-8a57-c6afea7503f8<-00583802-0da6-49c8-9580-d04d83e5b4a4#0:OK-t1. Peer's state: 00583802-0da6-49c8-9580-d04d83e5b4a4@group-37F04239934C:t1, leader=null, voted=e3b1ee5f-ff3e-466d-8a57-c6afea7503f8, raftlog=Memoized:00583802-0da6-49c8-9580-d04d83e5b4a4@group-37F04239934C-SegmentedRaftLog:OPENED:c-1, conf=-1: peers:[437eba2d-58d6-4629-9360-2128a0cccd66|rpc:10.1.0.42:40629|dataStream:10.1.0.42:45909|priority:0|startupRole:FOLLOWER, e3b1ee5f-ff3e-466d-8a57-c6afea7503f8|rpc:10.1.0.42:45593|dataStream:10.1.0.42:36275|priority:1|startupRole:FOLLOWER, 00583802-0da6-49c8-9580-d04d83e5b4a4|rpc:10.1.0.42:34153|dataStream:10.1.0.42:46501|priority:0|startupRole:FOLLOWER]|listeners:[], old=null
2023-05-05 09:12:47,384 [00583802-0da6-49c8-9580-d04d83e5b4a4@group-37F04239934C-FollowerState] INFO  server.RaftServerConfigKeys (ConfUtils.java:logFallback(53)) - raft.server.rpc.first-election.timeout.max = 5200ms (fallback to raft.server.rpc.timeout.max)
2023-05-05 09:12:47,385 [00583802-0da6-49c8-9580-d04d83e5b4a4@group-3CB6521D8ECB-FollowerState] INFO  impl.FollowerState (FollowerState.java:run(143)) - 00583802-0da6-49c8-9580-d04d83e5b4a4@group-3CB6521D8ECB-FollowerState: change to CANDIDATE, lastRpcElapsedTime:5006083213ns, electionTimeout:5005ms
2023-05-05 09:12:47,385 [00583802-0da6-49c8-9580-d04d83e5b4a4@group-3CB6521D8ECB-FollowerState] INFO  impl.RoleInfo (RoleInfo.java:shutdownFollowerState(110)) - 00583802-0da6-49c8-9580-d04d83e5b4a4: shutdown 00583802-0da6-49c8-9580-d04d83e5b4a4@group-3CB6521D8ECB-FollowerState
2023-05-05 09:12:47,385 [00583802-0da6-49c8-9580-d04d83e5b4a4@group-3CB6521D8ECB-FollowerState] INFO  server.RaftServer$Division (RaftServerImpl.java:setRole(321)) - 00583802-0da6-49c8-9580-d04d83e5b4a4@group-3CB6521D8ECB: changes role from  FOLLOWER to CANDIDATE at term 0 for changeToCandidate
2023-05-05 09:12:47,389 [e3b1ee5f-ff3e-466d-8a57-c6afea7503f8@group-37F04239934C-LeaderElection30] INFO  server.RaftServer$Division (ServerState.java:setRaftConf(430)) - e3b1ee5f-ff3e-466d-8a57-c6afea7503f8@group-37F04239934C: set configuration 0: peers:[437eba2d-58d6-4629-9360-2128a0cccd66|rpc:10.1.0.42:40629|dataStream:10.1.0.42:45909|priority:0|startupRole:FOLLOWER, e3b1ee5f-ff3e-466d-8a57-c6afea7503f8|rpc:10.1.0.42:45593|dataStream:10.1.0.42:36275|priority:1|startupRole:FOLLOWER, 00583802-0da6-49c8-9580-d04d83e5b4a4|rpc:10.1.0.42:34153|dataStream:10.1.0.42:46501|priority:0|startupRole:FOLLOWER]|listeners:[], old=null
2023-05-05 09:12:47,390 [00583802-0da6-49c8-9580-d04d83e5b4a4@group-3CB6521D8ECB-FollowerState] INFO  server.RaftServerConfigKeys (ConfUtils.java:logGet(46)) - raft.server.leaderelection.pre-vote = true (default)
2023-05-05 09:12:47,390 [00583802-0da6-49c8-9580-d04d83e5b4a4@group-3CB6521D8ECB-FollowerState] INFO  impl.RoleInfo (RoleInfo.java:updateAndGet(139)) - 00583802-0da6-49c8-9580-d04d83e5b4a4: start 00583802-0da6-49c8-9580-d04d83e5b4a4@group-3CB6521D8ECB-LeaderElection31
2023-05-05 09:12:47,402 [00583802-0da6-49c8-9580-d04d83e5b4a4@group-3CB6521D8ECB-LeaderElection31] INFO  impl.LeaderElection (LeaderElection.java:askForVotes(312)) - 00583802-0da6-49c8-9580-d04d83e5b4a4@group-3CB6521D8ECB-LeaderElection31 PRE_VOTE round 0: submit vote requests at term 0 for -1: peers:[437eba2d-58d6-4629-9360-2128a0cccd66|rpc:10.1.0.42:40629|dataStream:10.1.0.42:45909|priority:0|startupRole:FOLLOWER, e3b1ee5f-ff3e-466d-8a57-c6afea7503f8|rpc:10.1.0.42:45593|dataStream:10.1.0.42:36275|priority:0|startupRole:FOLLOWER, 00583802-0da6-49c8-9580-d04d83e5b4a4|rpc:10.1.0.42:34153|dataStream:10.1.0.42:46501|priority:1|startupRole:FOLLOWER]|listeners:[], old=null
2023-05-05 09:12:47,403 [00583802-0da6-49c8-9580-d04d83e5b4a4-server-thread2] INFO  ratis.XceiverServerRatis (XceiverServerRatis.java:handleLeaderChangedNotification(904)) - Leader change notification received for group: group-37F04239934C with new leaderId: e3b1ee5f-ff3e-466d-8a57-c6afea7503f8
2023-05-05 09:12:47,403 [00583802-0da6-49c8-9580-d04d83e5b4a4-server-thread2] INFO  server.RaftServer$Division (ServerState.java:setLeader(313)) - 00583802-0da6-49c8-9580-d04d83e5b4a4@group-37F04239934C: change Leader from null to e3b1ee5f-ff3e-466d-8a57-c6afea7503f8 at term 1 for appendEntries, leader elected after 5329ms
2023-05-05 09:12:47,411 [00583802-0da6-49c8-9580-d04d83e5b4a4-server-thread2] INFO  server.RaftServer$Division (ServerState.java:setRaftConf(430)) - 00583802-0da6-49c8-9580-d04d83e5b4a4@group-37F04239934C: set configuration 0: peers:[437eba2d-58d6-4629-9360-2128a0cccd66|rpc:10.1.0.42:40629|dataStream:10.1.0.42:45909|priority:0|startupRole:FOLLOWER, e3b1ee5f-ff3e-466d-8a57-c6afea7503f8|rpc:10.1.0.42:45593|dataStream:10.1.0.42:36275|priority:1|startupRole:FOLLOWER, 00583802-0da6-49c8-9580-d04d83e5b4a4|rpc:10.1.0.42:34153|dataStream:10.1.0.42:46501|priority:0|startupRole:FOLLOWER]|listeners:[], old=null
2023-05-05 09:12:47,411 [00583802-0da6-49c8-9580-d04d83e5b4a4-server-thread2] INFO  segmented.SegmentedRaftLogWorker (SegmentedRaftLogWorker.java:startLogSegment(452)) - 00583802-0da6-49c8-9580-d04d83e5b4a4@group-37F04239934C-SegmentedRaftLogWorker: Starting segment from index:0
2023-05-05 09:12:47,421 [00583802-0da6-49c8-9580-d04d83e5b4a4@group-3CB6521D8ECB-LeaderElection31] INFO  server.RaftServerConfigKeys (ConfUtils.java:logFallback(53)) - raft.server.rpc.first-election.timeout.min = 5s (fallback to raft.server.rpc.timeout.min)
2023-05-05 09:12:47,421 [00583802-0da6-49c8-9580-d04d83e5b4a4@group-3CB6521D8ECB-LeaderElection31] INFO  server.RaftServerConfigKeys (ConfUtils.java:logFallback(53)) - raft.server.rpc.first-election.timeout.max = 5200ms (fallback to raft.server.rpc.timeout.max)
2023-05-05 09:12:47,424 [437eba2d-58d6-4629-9360-2128a0cccd66-server-thread1] INFO  ratis.XceiverServerRatis (XceiverServerRatis.java:handleLeaderChangedNotification(904)) - Leader change notification received for group: group-37F04239934C with new leaderId: e3b1ee5f-ff3e-466d-8a57-c6afea7503f8
2023-05-05 09:12:47,424 [437eba2d-58d6-4629-9360-2128a0cccd66-server-thread1] INFO  server.RaftServer$Division (ServerState.java:setLeader(313)) - 437eba2d-58d6-4629-9360-2128a0cccd66@group-37F04239934C: change Leader from null to e3b1ee5f-ff3e-466d-8a57-c6afea7503f8 at term 1 for appendEntries, leader elected after 5085ms
2023-05-05 09:12:47,425 [00583802-0da6-49c8-9580-d04d83e5b4a4@group-37F04239934C-SegmentedRaftLogWorker] INFO  segmented.SegmentedRaftLogWorker (SegmentedRaftLogWorker.java:execute(656)) - 00583802-0da6-49c8-9580-d04d83e5b4a4@group-37F04239934C-SegmentedRaftLogWorker: created new log segment /home/runner/work/ozone/ozone/hadoop-ozone/integration-test/target/test-dir/MiniOzoneClusterImpl-4dcb9f95-e710-4738-865b-4645215bc4f4/datanode-0/data/ratis/635d7c40-a330-4127-a96b-37f04239934c/current/log_inprogress_0
2023-05-05 09:12:47,427 [grpc-default-executor-1] INFO  server.RaftServer$Division (RaftServerImpl.java:requestVote(1218)) - 437eba2d-58d6-4629-9360-2128a0cccd66@group-3CB6521D8ECB: receive requestVote(PRE_VOTE, 00583802-0da6-49c8-9580-d04d83e5b4a4, group-3CB6521D8ECB, 0, (t:0, i:0))
2023-05-05 09:12:47,427 [grpc-default-executor-1] INFO  impl.VoteContext (VoteContext.java:log(49)) - 437eba2d-58d6-4629-9360-2128a0cccd66@group-3CB6521D8ECB-FOLLOWER: accept PRE_VOTE from 00583802-0da6-49c8-9580-d04d83e5b4a4: our priority 0 <= candidate's priority 1
2023-05-05 09:12:47,428 [grpc-default-executor-1] INFO  server.RaftServer$Division (RaftServerImpl.java:requestVote(1251)) - 437eba2d-58d6-4629-9360-2128a0cccd66@group-3CB6521D8ECB replies to PRE_VOTE vote request: 00583802-0da6-49c8-9580-d04d83e5b4a4<-437eba2d-58d6-4629-9360-2128a0cccd66#0:OK-t0. Peer's state: 437eba2d-58d6-4629-9360-2128a0cccd66@group-3CB6521D8ECB:t0, leader=null, voted=, raftlog=Memoized:437eba2d-58d6-4629-9360-2128a0cccd66@group-3CB6521D8ECB-SegmentedRaftLog:OPENED:c-1, conf=-1: peers:[437eba2d-58d6-4629-9360-2128a0cccd66|rpc:10.1.0.42:40629|dataStream:10.1.0.42:45909|priority:0|startupRole:FOLLOWER, e3b1ee5f-ff3e-466d-8a57-c6afea7503f8|rpc:10.1.0.42:45593|dataStream:10.1.0.42:36275|priority:0|startupRole:FOLLOWER, 00583802-0da6-49c8-9580-d04d83e5b4a4|rpc:10.1.0.42:34153|dataStream:10.1.0.42:46501|priority:1|startupRole:FOLLOWER]|listeners:[], old=null
2023-05-05 09:12:47,430 [00583802-0da6-49c8-9580-d04d83e5b4a4@group-3CB6521D8ECB-LeaderElection31] INFO  impl.LeaderElection (LeaderElection.java:logAndReturn(90)) - 00583802-0da6-49c8-9580-d04d83e5b4a4@group-3CB6521D8ECB-LeaderElection31: PRE_VOTE PASSED received 1 response(s) and 0 exception(s):
2023-05-05 09:12:47,430 [00583802-0da6-49c8-9580-d04d83e5b4a4@group-3CB6521D8ECB-LeaderElection31] INFO  impl.LeaderElection (LeaderElection.java:logAndReturn(94)) -   Response 0: 00583802-0da6-49c8-9580-d04d83e5b4a4<-437eba2d-58d6-4629-9360-2128a0cccd66#0:OK-t0
2023-05-05 09:12:47,430 [00583802-0da6-49c8-9580-d04d83e5b4a4@group-3CB6521D8ECB-LeaderElection31] INFO  impl.LeaderElection (LeaderElection.java:askForVotes(314)) - 00583802-0da6-49c8-9580-d04d83e5b4a4@group-3CB6521D8ECB-LeaderElection31 PRE_VOTE round 0: result PASSED
2023-05-05 09:12:47,431 [00583802-0da6-49c8-9580-d04d83e5b4a4@group-3CB6521D8ECB-LeaderElection31] INFO  impl.LeaderElection (LeaderElection.java:askForVotes(312)) - 00583802-0da6-49c8-9580-d04d83e5b4a4@group-3CB6521D8ECB-LeaderElection31 ELECTION round 0: submit vote requests at term 1 for -1: peers:[437eba2d-58d6-4629-9360-2128a0cccd66|rpc:10.1.0.42:40629|dataStream:10.1.0.42:45909|priority:0|startupRole:FOLLOWER, e3b1ee5f-ff3e-466d-8a57-c6afea7503f8|rpc:10.1.0.42:45593|dataStream:10.1.0.42:36275|priority:0|startupRole:FOLLOWER, 00583802-0da6-49c8-9580-d04d83e5b4a4|rpc:10.1.0.42:34153|dataStream:10.1.0.42:46501|priority:1|startupRole:FOLLOWER]|listeners:[], old=null
2023-05-05 09:12:47,437 [00583802-0da6-49c8-9580-d04d83e5b4a4@group-3CB6521D8ECB-LeaderElection31] INFO  server.RaftServerConfigKeys (ConfUtils.java:logFallback(53)) - raft.server.rpc.first-election.timeout.min = 5s (fallback to raft.server.rpc.timeout.min)
2023-05-05 09:12:47,437 [00583802-0da6-49c8-9580-d04d83e5b4a4@group-3CB6521D8ECB-LeaderElection31] INFO  server.RaftServerConfigKeys (ConfUtils.java:logFallback(53)) - raft.server.rpc.first-election.timeout.max = 5200ms (fallback to raft.server.rpc.timeout.max)
2023-05-05 09:12:47,440 [grpc-default-executor-4] INFO  server.RaftServer$Division (RaftServerImpl.java:requestVote(1218)) - e3b1ee5f-ff3e-466d-8a57-c6afea7503f8@group-3CB6521D8ECB: receive requestVote(PRE_VOTE, 00583802-0da6-49c8-9580-d04d83e5b4a4, group-3CB6521D8ECB, 0, (t:0, i:0))
2023-05-05 09:12:47,440 [grpc-default-executor-4] INFO  impl.VoteContext (VoteContext.java:log(49)) - e3b1ee5f-ff3e-466d-8a57-c6afea7503f8@group-3CB6521D8ECB-FOLLOWER: accept PRE_VOTE from 00583802-0da6-49c8-9580-d04d83e5b4a4: our priority 0 <= candidate's priority 1
2023-05-05 09:12:47,440 [grpc-default-executor-4] INFO  server.RaftServer$Division (RaftServerImpl.java:requestVote(1251)) - e3b1ee5f-ff3e-466d-8a57-c6afea7503f8@group-3CB6521D8ECB replies to PRE_VOTE vote request: 00583802-0da6-49c8-9580-d04d83e5b4a4<-e3b1ee5f-ff3e-466d-8a57-c6afea7503f8#0:OK-t0. Peer's state: e3b1ee5f-ff3e-466d-8a57-c6afea7503f8@group-3CB6521D8ECB:t0, leader=null, voted=, raftlog=Memoized:e3b1ee5f-ff3e-466d-8a57-c6afea7503f8@group-3CB6521D8ECB-SegmentedRaftLog:OPENED:c-1, conf=-1: peers:[437eba2d-58d6-4629-9360-2128a0cccd66|rpc:10.1.0.42:40629|dataStream:10.1.0.42:45909|priority:0|startupRole:FOLLOWER, e3b1ee5f-ff3e-466d-8a57-c6afea7503f8|rpc:10.1.0.42:45593|dataStream:10.1.0.42:36275|priority:0|startupRole:FOLLOWER, 00583802-0da6-49c8-9580-d04d83e5b4a4|rpc:10.1.0.42:34153|dataStream:10.1.0.42:46501|priority:1|startupRole:FOLLOWER]|listeners:[], old=null
2023-05-05 09:12:47,440 [437eba2d-58d6-4629-9360-2128a0cccd66-server-thread2] INFO  server.RaftServer$Division (ServerState.java:setRaftConf(430)) - 437eba2d-58d6-4629-9360-2128a0cccd66@group-37F04239934C: set configuration 0: peers:[437eba2d-58d6-4629-9360-2128a0cccd66|rpc:10.1.0.42:40629|dataStream:10.1.0.42:45909|priority:0|startupRole:FOLLOWER, e3b1ee5f-ff3e-466d-8a57-c6afea7503f8|rpc:10.1.0.42:45593|dataStream:10.1.0.42:36275|priority:1|startupRole:FOLLOWER, 00583802-0da6-49c8-9580-d04d83e5b4a4|rpc:10.1.0.42:34153|dataStream:10.1.0.42:46501|priority:0|startupRole:FOLLOWER]|listeners:[], old=null
2023-05-05 09:12:47,440 [437eba2d-58d6-4629-9360-2128a0cccd66-server-thread2] INFO  segmented.SegmentedRaftLogWorker (SegmentedRaftLogWorker.java:startLogSegment(452)) - 437eba2d-58d6-4629-9360-2128a0cccd66@group-37F04239934C-SegmentedRaftLogWorker: Starting segment from index:0
2023-05-05 09:12:47,444 [437eba2d-58d6-4629-9360-2128a0cccd66@group-37F04239934C-SegmentedRaftLogWorker] INFO  segmented.SegmentedRaftLogWorker (SegmentedRaftLogWorker.java:execute(656)) - 437eba2d-58d6-4629-9360-2128a0cccd66@group-37F04239934C-SegmentedRaftLogWorker: created new log segment /home/runner/work/ozone/ozone/hadoop-ozone/integration-test/target/test-dir/MiniOzoneClusterImpl-4dcb9f95-e710-4738-865b-4645215bc4f4/datanode-2/data/ratis/635d7c40-a330-4127-a96b-37f04239934c/current/log_inprogress_0
2023-05-05 09:12:47,445 [grpc-default-executor-0] INFO  server.RaftServer$Division (RaftServerImpl.java:requestVote(1218)) - e3b1ee5f-ff3e-466d-8a57-c6afea7503f8@group-3CB6521D8ECB: receive requestVote(ELECTION, 00583802-0da6-49c8-9580-d04d83e5b4a4, group-3CB6521D8ECB, 1, (t:0, i:0))
2023-05-05 09:12:47,454 [grpc-default-executor-0] INFO  impl.VoteContext (VoteContext.java:log(49)) - e3b1ee5f-ff3e-466d-8a57-c6afea7503f8@group-3CB6521D8ECB-FOLLOWER: accept ELECTION from 00583802-0da6-49c8-9580-d04d83e5b4a4: our priority 0 <= candidate's priority 1
2023-05-05 09:12:47,454 [grpc-default-executor-0] INFO  server.RaftServer$Division (RaftServerImpl.java:setRole(321)) - e3b1ee5f-ff3e-466d-8a57-c6afea7503f8@group-3CB6521D8ECB: changes role from  FOLLOWER to FOLLOWER at term 1 for candidate:00583802-0da6-49c8-9580-d04d83e5b4a4
2023-05-05 09:12:47,454 [grpc-default-executor-0] INFO  impl.RoleInfo (RoleInfo.java:shutdownFollowerState(110)) - e3b1ee5f-ff3e-466d-8a57-c6afea7503f8: shutdown e3b1ee5f-ff3e-466d-8a57-c6afea7503f8@group-3CB6521D8ECB-FollowerState
2023-05-05 09:12:47,454 [grpc-default-executor-0] INFO  impl.RoleInfo (RoleInfo.java:updateAndGet(139)) - e3b1ee5f-ff3e-466d-8a57-c6afea7503f8: start e3b1ee5f-ff3e-466d-8a57-c6afea7503f8@group-3CB6521D8ECB-FollowerState
2023-05-05 09:12:47,454 [e3b1ee5f-ff3e-466d-8a57-c6afea7503f8@group-3CB6521D8ECB-FollowerState] INFO  impl.FollowerState (FollowerState.java:run(152)) - e3b1ee5f-ff3e-466d-8a57-c6afea7503f8@group-3CB6521D8ECB-FollowerState was interrupted
2023-05-05 09:12:47,455 [grpc-default-executor-5] INFO  server.RaftServer$Division (RaftServerImpl.java:requestVote(1218)) - 437eba2d-58d6-4629-9360-2128a0cccd66@group-3CB6521D8ECB: receive requestVote(ELECTION, 00583802-0da6-49c8-9580-d04d83e5b4a4, group-3CB6521D8ECB, 1, (t:0, i:0))
2023-05-05 09:12:47,462 [grpc-default-executor-0] INFO  server.RaftServer$Division (RaftServerImpl.java:requestVote(1251)) - e3b1ee5f-ff3e-466d-8a57-c6afea7503f8@group-3CB6521D8ECB replies to ELECTION vote request: 00583802-0da6-49c8-9580-d04d83e5b4a4<-e3b1ee5f-ff3e-466d-8a57-c6afea7503f8#0:OK-t1. Peer's state: e3b1ee5f-ff3e-466d-8a57-c6afea7503f8@group-3CB6521D8ECB:t1, leader=null, voted=00583802-0da6-49c8-9580-d04d83e5b4a4, raftlog=Memoized:e3b1ee5f-ff3e-466d-8a57-c6afea7503f8@group-3CB6521D8ECB-SegmentedRaftLog:OPENED:c-1, conf=-1: peers:[437eba2d-58d6-4629-9360-2128a0cccd66|rpc:10.1.0.42:40629|dataStream:10.1.0.42:45909|priority:0|startupRole:FOLLOWER, e3b1ee5f-ff3e-466d-8a57-c6afea7503f8|rpc:10.1.0.42:45593|dataStream:10.1.0.42:36275|priority:0|startupRole:FOLLOWER, 00583802-0da6-49c8-9580-d04d83e5b4a4|rpc:10.1.0.42:34153|dataStream:10.1.0.42:46501|priority:1|startupRole:FOLLOWER]|listeners:[], old=null
2023-05-05 09:12:47,464 [00583802-0da6-49c8-9580-d04d83e5b4a4@group-3CB6521D8ECB-LeaderElection31] INFO  impl.LeaderElection (LeaderElection.java:logAndReturn(90)) - 00583802-0da6-49c8-9580-d04d83e5b4a4@group-3CB6521D8ECB-LeaderElection31: ELECTION PASSED received 1 response(s) and 0 exception(s):
2023-05-05 09:12:47,464 [00583802-0da6-49c8-9580-d04d83e5b4a4@group-3CB6521D8ECB-LeaderElection31] INFO  impl.LeaderElection (LeaderElection.java:logAndReturn(94)) -   Response 0: 00583802-0da6-49c8-9580-d04d83e5b4a4<-e3b1ee5f-ff3e-466d-8a57-c6afea7503f8#0:OK-t1
2023-05-05 09:12:47,464 [00583802-0da6-49c8-9580-d04d83e5b4a4@group-3CB6521D8ECB-LeaderElection31] INFO  impl.LeaderElection (LeaderElection.java:askForVotes(314)) - 00583802-0da6-49c8-9580-d04d83e5b4a4@group-3CB6521D8ECB-LeaderElection31 ELECTION round 0: result PASSED
2023-05-05 09:12:47,464 [00583802-0da6-49c8-9580-d04d83e5b4a4@group-3CB6521D8ECB-LeaderElection31] INFO  impl.RoleInfo (RoleInfo.java:shutdownLeaderElection(130)) - 00583802-0da6-49c8-9580-d04d83e5b4a4: shutdown 00583802-0da6-49c8-9580-d04d83e5b4a4@group-3CB6521D8ECB-LeaderElection31
2023-05-05 09:12:47,464 [00583802-0da6-49c8-9580-d04d83e5b4a4@group-3CB6521D8ECB-LeaderElection31] INFO  server.RaftServer$Division (RaftServerImpl.java:setRole(321)) - 00583802-0da6-49c8-9580-d04d83e5b4a4@group-3CB6521D8ECB: changes role from CANDIDATE to LEADER at term 1 for changeToLeader
2023-05-05 09:12:47,464 [00583802-0da6-49c8-9580-d04d83e5b4a4@group-3CB6521D8ECB-LeaderElection31] INFO  ratis.XceiverServerRatis (XceiverServerRatis.java:handleLeaderChangedNotification(904)) - Leader change notification received for group: group-3CB6521D8ECB with new leaderId: 00583802-0da6-49c8-9580-d04d83e5b4a4
2023-05-05 09:12:47,464 [00583802-0da6-49c8-9580-d04d83e5b4a4@group-3CB6521D8ECB-LeaderElection31] INFO  server.RaftServer$Division (ServerState.java:setLeader(313)) - 00583802-0da6-49c8-9580-d04d83e5b4a4@group-3CB6521D8ECB: change Leader from null to 00583802-0da6-49c8-9580-d04d83e5b4a4 at term 1 for becomeLeader, leader elected after 5097ms
2023-05-05 09:12:47,464 [00583802-0da6-49c8-9580-d04d83e5b4a4@group-3CB6521D8ECB-LeaderElection31] INFO  server.RaftServerConfigKeys (ConfUtils.java:logGet(46)) - raft.server.staging.catchup.gap = 1000 (default)
2023-05-05 09:12:47,464 [00583802-0da6-49c8-9580-d04d83e5b4a4@group-3CB6521D8ECB-LeaderElection31] INFO  server.RaftServerConfigKeys (ConfUtils.java:logGet(46)) - raft.server.write.element-limit = 1024 (custom)
2023-05-05 09:12:47,464 [00583802-0da6-49c8-9580-d04d83e5b4a4@group-3CB6521D8ECB-LeaderElection31] INFO  server.RaftServerConfigKeys (ConfUtils.java:logGet(46)) - raft.server.write.byte-limit = 1024 M (=1073741824) (custom)
2023-05-05 09:12:47,465 [00583802-0da6-49c8-9580-d04d83e5b4a4@group-3CB6521D8ECB-LeaderElection31] INFO  server.RaftServerConfigKeys (ConfUtils.java:logGet(46)) - raft.server.watch.timeout = 180s (custom)
2023-05-05 09:12:47,465 [00583802-0da6-49c8-9580-d04d83e5b4a4@group-3CB6521D8ECB-LeaderElection31] INFO  server.RaftServerConfigKeys (ConfUtils.java:logGet(46)) - raft.server.watch.timeout.denomination = 1s (default)
2023-05-05 09:12:47,465 [00583802-0da6-49c8-9580-d04d83e5b4a4@group-3CB6521D8ECB-LeaderElection31] INFO  server.RaftServerConfigKeys (ConfUtils.java:logGet(46)) - raft.server.watch.element-limit = 65536 (default)
2023-05-05 09:12:47,465 [00583802-0da6-49c8-9580-d04d83e5b4a4@group-3CB6521D8ECB-LeaderElection31] INFO  server.RaftServerConfigKeys (ConfUtils.java:logGet(46)) - raft.server.write.element-limit = 1024 (custom)
2023-05-05 09:12:47,465 [00583802-0da6-49c8-9580-d04d83e5b4a4@group-3CB6521D8ECB-LeaderElection31] INFO  server.RaftServerConfigKeys (ConfUtils.java:logGet(46)) - raft.server.write.follower.gap.ratio.max = -1.0 (default)
2023-05-05 09:12:47,465 [00583802-0da6-49c8-9580-d04d83e5b4a4@group-3CB6521D8ECB-LeaderElection31] INFO  server.RaftServerConfigKeys (ConfUtils.java:logGet(46)) - raft.server.log.appender.snapshot.chunk.size.max = 16MB (=16777216) (default)
2023-05-05 09:12:47,465 [00583802-0da6-49c8-9580-d04d83e5b4a4@group-3CB6521D8ECB-LeaderElection31] INFO  server.RaftServerConfigKeys (ConfUtils.java:logGet(46)) - raft.server.log.appender.buffer.byte-limit = 33554432 (custom)
2023-05-05 09:12:47,465 [00583802-0da6-49c8-9580-d04d83e5b4a4@group-3CB6521D8ECB-LeaderElection31] INFO  server.RaftServerConfigKeys (ConfUtils.java:logGet(46)) - raft.server.log.appender.buffer.element-limit = 1 (custom)
2023-05-05 09:12:47,465 [00583802-0da6-49c8-9580-d04d83e5b4a4@group-3CB6521D8ECB-LeaderElection31] INFO  grpc.GrpcConfigKeys (ConfUtils.java:logGet(46)) - raft.grpc.server.leader.outstanding.appends.max = 128 (default)
2023-05-05 09:12:47,465 [00583802-0da6-49c8-9580-d04d83e5b4a4@group-3CB6521D8ECB-LeaderElection31] INFO  server.RaftServerConfigKeys (ConfUtils.java:logGet(46)) - raft.server.rpc.request.timeout = 60s (custom)
2023-05-05 09:12:47,465 [00583802-0da6-49c8-9580-d04d83e5b4a4@group-3CB6521D8ECB-LeaderElection31] INFO  server.RaftServerConfigKeys (ConfUtils.java:logGet(46)) - raft.server.log.appender.install.snapshot.enabled = false (custom)
2023-05-05 09:12:47,465 [00583802-0da6-49c8-9580-d04d83e5b4a4@group-3CB6521D8ECB-LeaderElection31] INFO  grpc.GrpcConfigKeys (ConfUtils.java:logGet(46)) - raft.grpc.server.heartbeat.channel = true (default)
2023-05-05 09:12:47,466 [00583802-0da6-49c8-9580-d04d83e5b4a4@group-3CB6521D8ECB-LeaderElection31] INFO  server.RaftServerConfigKeys (ConfUtils.java:logGet(46)) - raft.server.log.appender.wait-time.min = 10ms (default)
2023-05-05 09:12:47,466 [00583802-0da6-49c8-9580-d04d83e5b4a4@group-3CB6521D8ECB-LeaderElection31] INFO  server.RaftServerConfigKeys (ConfUtils.java:logGet(46)) - raft.server.log.appender.snapshot.chunk.size.max = 16MB (=16777216) (default)
2023-05-05 09:12:47,466 [00583802-0da6-49c8-9580-d04d83e5b4a4@group-3CB6521D8ECB-LeaderElection31] INFO  server.RaftServerConfigKeys (ConfUtils.java:logGet(46)) - raft.server.log.appender.buffer.byte-limit = 33554432 (custom)
2023-05-05 09:12:47,466 [00583802-0da6-49c8-9580-d04d83e5b4a4@group-3CB6521D8ECB-LeaderElection31] INFO  server.RaftServerConfigKeys (ConfUtils.java:logGet(46)) - raft.server.log.appender.buffer.element-limit = 1 (custom)
2023-05-05 09:12:47,466 [00583802-0da6-49c8-9580-d04d83e5b4a4@group-3CB6521D8ECB-LeaderElection31] INFO  grpc.GrpcConfigKeys (ConfUtils.java:logGet(46)) - raft.grpc.server.leader.outstanding.appends.max = 128 (default)
2023-05-05 09:12:47,466 [EventQueue-PipelineReportForPipelineReportHandler] INFO  pipeline.PipelineManagerImpl (PipelineManagerImpl.java:openPipeline(367)) - Pipeline Pipeline[ Id: ec0cdf10-09b8-4fd0-b718-3cb6521d8ecb, Nodes: e3b1ee5f-ff3e-466d-8a57-c6afea7503f8(fv-az152-207.qln5d00okglujjccfnhxhxodph.cx.internal.cloudapp.net/10.1.0.42)00583802-0da6-49c8-9580-d04d83e5b4a4(fv-az152-207.qln5d00okglujjccfnhxhxodph.cx.internal.cloudapp.net/10.1.0.42)437eba2d-58d6-4629-9360-2128a0cccd66(fv-az152-207.qln5d00okglujjccfnhxhxodph.cx.internal.cloudapp.net/10.1.0.42), ReplicationConfig: RATIS/THREE, State:ALLOCATED, leaderId:00583802-0da6-49c8-9580-d04d83e5b4a4, CreationTimestamp2023-05-05T09:12:39.779Z[Etc/UTC]] moved to OPEN state
2023-05-05 09:12:47,466 [00583802-0da6-49c8-9580-d04d83e5b4a4@group-3CB6521D8ECB-LeaderElection31] INFO  server.RaftServerConfigKeys (ConfUtils.java:logGet(46)) - raft.server.rpc.request.timeout = 60s (custom)
2023-05-05 09:12:47,466 [00583802-0da6-49c8-9580-d04d83e5b4a4@group-3CB6521D8ECB-LeaderElection31] INFO  server.RaftServerConfigKeys (ConfUtils.java:logGet(46)) - raft.server.log.appender.install.snapshot.enabled = false (custom)
2023-05-05 09:12:47,466 [00583802-0da6-49c8-9580-d04d83e5b4a4@group-3CB6521D8ECB-LeaderElection31] INFO  grpc.GrpcConfigKeys (ConfUtils.java:logGet(46)) - raft.grpc.server.heartbeat.channel = true (default)
2023-05-05 09:12:47,467 [00583802-0da6-49c8-9580-d04d83e5b4a4@group-3CB6521D8ECB-LeaderElection31] INFO  server.RaftServerConfigKeys (ConfUtils.java:logGet(46)) - raft.server.log.appender.wait-time.min = 10ms (default)
2023-05-05 09:12:47,467 [00583802-0da6-49c8-9580-d04d83e5b4a4@group-3CB6521D8ECB-LeaderElection31] INFO  impl.RoleInfo (RoleInfo.java:updateAndGet(139)) - 00583802-0da6-49c8-9580-d04d83e5b4a4: start 00583802-0da6-49c8-9580-d04d83e5b4a4@group-3CB6521D8ECB-LeaderStateImpl
2023-05-05 09:12:47,467 [00583802-0da6-49c8-9580-d04d83e5b4a4@group-3CB6521D8ECB-LeaderElection31] INFO  segmented.SegmentedRaftLogWorker (SegmentedRaftLogWorker.java:startLogSegment(452)) - 00583802-0da6-49c8-9580-d04d83e5b4a4@group-3CB6521D8ECB-SegmentedRaftLogWorker: Starting segment from index:0
2023-05-05 09:12:47,468 [e3b1ee5f-ff3e-466d-8a57-c6afea7503f8@group-3CB6521D8ECB-FollowerState] INFO  server.RaftServerConfigKeys (ConfUtils.java:logFallback(53)) - raft.server.rpc.first-election.timeout.min = 5s (fallback to raft.server.rpc.timeout.min)
2023-05-05 09:12:47,468 [e3b1ee5f-ff3e-466d-8a57-c6afea7503f8@group-3CB6521D8ECB-FollowerState] INFO  server.RaftServerConfigKeys (ConfUtils.java:logFallback(53)) - raft.server.rpc.first-election.timeout.max = 5200ms (fallback to raft.server.rpc.timeout.max)
2023-05-05 09:12:47,468 [00583802-0da6-49c8-9580-d04d83e5b4a4@group-3CB6521D8ECB-SegmentedRaftLogWorker] INFO  segmented.SegmentedRaftLogWorker (SegmentedRaftLogWorker.java:execute(656)) - 00583802-0da6-49c8-9580-d04d83e5b4a4@group-3CB6521D8ECB-SegmentedRaftLogWorker: created new log segment /home/runner/work/ozone/ozone/hadoop-ozone/integration-test/target/test-dir/MiniOzoneClusterImpl-4dcb9f95-e710-4738-865b-4645215bc4f4/datanode-0/data/ratis/ec0cdf10-09b8-4fd0-b718-3cb6521d8ecb/current/log_inprogress_0
2023-05-05 09:12:47,469 [grpc-default-executor-5] INFO  impl.VoteContext (VoteContext.java:log(49)) - 437eba2d-58d6-4629-9360-2128a0cccd66@group-3CB6521D8ECB-FOLLOWER: accept ELECTION from 00583802-0da6-49c8-9580-d04d83e5b4a4: our priority 0 <= candidate's priority 1
2023-05-05 09:12:47,469 [grpc-default-executor-5] INFO  server.RaftServer$Division (RaftServerImpl.java:setRole(321)) - 437eba2d-58d6-4629-9360-2128a0cccd66@group-3CB6521D8ECB: changes role from  FOLLOWER to FOLLOWER at term 1 for candidate:00583802-0da6-49c8-9580-d04d83e5b4a4
2023-05-05 09:12:47,469 [grpc-default-executor-5] INFO  impl.RoleInfo (RoleInfo.java:shutdownFollowerState(110)) - 437eba2d-58d6-4629-9360-2128a0cccd66: shutdown 437eba2d-58d6-4629-9360-2128a0cccd66@group-3CB6521D8ECB-FollowerState
2023-05-05 09:12:47,481 [grpc-default-executor-5] INFO  impl.RoleInfo (RoleInfo.java:updateAndGet(139)) - 437eba2d-58d6-4629-9360-2128a0cccd66: start 437eba2d-58d6-4629-9360-2128a0cccd66@group-3CB6521D8ECB-FollowerState
2023-05-05 09:12:47,481 [00583802-0da6-49c8-9580-d04d83e5b4a4@group-3CB6521D8ECB-LeaderElection31] INFO  server.RaftServer$Division (ServerState.java:setRaftConf(430)) - 00583802-0da6-49c8-9580-d04d83e5b4a4@group-3CB6521D8ECB: set configuration 0: peers:[437eba2d-58d6-4629-9360-2128a0cccd66|rpc:10.1.0.42:40629|dataStream:10.1.0.42:45909|priority:0|startupRole:FOLLOWER, e3b1ee5f-ff3e-466d-8a57-c6afea7503f8|rpc:10.1.0.42:45593|dataStream:10.1.0.42:36275|priority:0|startupRole:FOLLOWER, 00583802-0da6-49c8-9580-d04d83e5b4a4|rpc:10.1.0.42:34153|dataStream:10.1.0.42:46501|priority:1|startupRole:FOLLOWER]|listeners:[], old=null
2023-05-05 09:12:47,485 [437eba2d-58d6-4629-9360-2128a0cccd66@group-3CB6521D8ECB-FollowerState] INFO  server.RaftServerConfigKeys (ConfUtils.java:logFallback(53)) - raft.server.rpc.first-election.timeout.min = 5s (fallback to raft.server.rpc.timeout.min)
2023-05-05 09:12:47,485 [437eba2d-58d6-4629-9360-2128a0cccd66@group-3CB6521D8ECB-FollowerState] INFO  server.RaftServerConfigKeys (ConfUtils.java:logFallback(53)) - raft.server.rpc.first-election.timeout.max = 5200ms (fallback to raft.server.rpc.timeout.max)
2023-05-05 09:12:47,486 [grpc-default-executor-5] INFO  server.RaftServer$Division (RaftServerImpl.java:requestVote(1251)) - 437eba2d-58d6-4629-9360-2128a0cccd66@group-3CB6521D8ECB replies to ELECTION vote request: 00583802-0da6-49c8-9580-d04d83e5b4a4<-437eba2d-58d6-4629-9360-2128a0cccd66#0:OK-t1. Peer's state: 437eba2d-58d6-4629-9360-2128a0cccd66@group-3CB6521D8ECB:t1, leader=null, voted=00583802-0da6-49c8-9580-d04d83e5b4a4, raftlog=Memoized:437eba2d-58d6-4629-9360-2128a0cccd66@group-3CB6521D8ECB-SegmentedRaftLog:OPENED:c-1, conf=-1: peers:[437eba2d-58d6-4629-9360-2128a0cccd66|rpc:10.1.0.42:40629|dataStream:10.1.0.42:45909|priority:0|startupRole:FOLLOWER, e3b1ee5f-ff3e-466d-8a57-c6afea7503f8|rpc:10.1.0.42:45593|dataStream:10.1.0.42:36275|priority:0|startupRole:FOLLOWER, 00583802-0da6-49c8-9580-d04d83e5b4a4|rpc:10.1.0.42:34153|dataStream:10.1.0.42:46501|priority:1|startupRole:FOLLOWER]|listeners:[], old=null
2023-05-05 09:12:47,488 [437eba2d-58d6-4629-9360-2128a0cccd66@group-3CB6521D8ECB-FollowerState] INFO  impl.FollowerState (FollowerState.java:run(152)) - 437eba2d-58d6-4629-9360-2128a0cccd66@group-3CB6521D8ECB-FollowerState was interrupted
2023-05-05 09:12:47,491 [437eba2d-58d6-4629-9360-2128a0cccd66-server-thread1] INFO  ratis.XceiverServerRatis (XceiverServerRatis.java:handleLeaderChangedNotification(904)) - Leader change notification received for group: group-3CB6521D8ECB with new leaderId: 00583802-0da6-49c8-9580-d04d83e5b4a4
2023-05-05 09:12:47,491 [437eba2d-58d6-4629-9360-2128a0cccd66-server-thread1] INFO  server.RaftServer$Division (ServerState.java:setLeader(313)) - 437eba2d-58d6-4629-9360-2128a0cccd66@group-3CB6521D8ECB: change Leader from null to 00583802-0da6-49c8-9580-d04d83e5b4a4 at term 1 for appendEntries, leader elected after 5031ms
2023-05-05 09:12:47,503 [e3b1ee5f-ff3e-466d-8a57-c6afea7503f8-server-thread1] INFO  ratis.XceiverServerRatis (XceiverServerRatis.java:handleLeaderChangedNotification(904)) - Leader change notification received for group: group-3CB6521D8ECB with new leaderId: 00583802-0da6-49c8-9580-d04d83e5b4a4
2023-05-05 09:12:47,503 [e3b1ee5f-ff3e-466d-8a57-c6afea7503f8-server-thread1] INFO  server.RaftServer$Division (ServerState.java:setLeader(313)) - e3b1ee5f-ff3e-466d-8a57-c6afea7503f8@group-3CB6521D8ECB: change Leader from null to 00583802-0da6-49c8-9580-d04d83e5b4a4 at term 1 for appendEntries, leader elected after 5105ms
2023-05-05 09:12:47,509 [e3b1ee5f-ff3e-466d-8a57-c6afea7503f8-server-thread1] INFO  server.RaftServer$Division (ServerState.java:setRaftConf(430)) - e3b1ee5f-ff3e-466d-8a57-c6afea7503f8@group-3CB6521D8ECB: set configuration 0: peers:[437eba2d-58d6-4629-9360-2128a0cccd66|rpc:10.1.0.42:40629|dataStream:10.1.0.42:45909|priority:0|startupRole:FOLLOWER, e3b1ee5f-ff3e-466d-8a57-c6afea7503f8|rpc:10.1.0.42:45593|dataStream:10.1.0.42:36275|priority:0|startupRole:FOLLOWER, 00583802-0da6-49c8-9580-d04d83e5b4a4|rpc:10.1.0.42:34153|dataStream:10.1.0.42:46501|priority:1|startupRole:FOLLOWER]|listeners:[], old=null
2023-05-05 09:12:47,509 [437eba2d-58d6-4629-9360-2128a0cccd66-server-thread2] INFO  server.RaftServer$Division (ServerState.java:setRaftConf(430)) - 437eba2d-58d6-4629-9360-2128a0cccd66@group-3CB6521D8ECB: set configuration 0: peers:[437eba2d-58d6-4629-9360-2128a0cccd66|rpc:10.1.0.42:40629|dataStream:10.1.0.42:45909|priority:0|startupRole:FOLLOWER, e3b1ee5f-ff3e-466d-8a57-c6afea7503f8|rpc:10.1.0.42:45593|dataStream:10.1.0.42:36275|priority:0|startupRole:FOLLOWER, 00583802-0da6-49c8-9580-d04d83e5b4a4|rpc:10.1.0.42:34153|dataStream:10.1.0.42:46501|priority:1|startupRole:FOLLOWER]|listeners:[], old=null
2023-05-05 09:12:47,509 [e3b1ee5f-ff3e-466d-8a57-c6afea7503f8-server-thread1] INFO  segmented.SegmentedRaftLogWorker (SegmentedRaftLogWorker.java:startLogSegment(452)) - e3b1ee5f-ff3e-466d-8a57-c6afea7503f8@group-3CB6521D8ECB-SegmentedRaftLogWorker: Starting segment from index:0
2023-05-05 09:12:47,509 [437eba2d-58d6-4629-9360-2128a0cccd66-server-thread2] INFO  segmented.SegmentedRaftLogWorker (SegmentedRaftLogWorker.java:startLogSegment(452)) - 437eba2d-58d6-4629-9360-2128a0cccd66@group-3CB6521D8ECB-SegmentedRaftLogWorker: Starting segment from index:0
2023-05-05 09:12:47,511 [e3b1ee5f-ff3e-466d-8a57-c6afea7503f8@group-3CB6521D8ECB-SegmentedRaftLogWorker] INFO  segmented.SegmentedRaftLogWorker (SegmentedRaftLogWorker.java:execute(656)) - e3b1ee5f-ff3e-466d-8a57-c6afea7503f8@group-3CB6521D8ECB-SegmentedRaftLogWorker: created new log segment /home/runner/work/ozone/ozone/hadoop-ozone/integration-test/target/test-dir/MiniOzoneClusterImpl-4dcb9f95-e710-4738-865b-4645215bc4f4/datanode-1/data/ratis/ec0cdf10-09b8-4fd0-b718-3cb6521d8ecb/current/log_inprogress_0
2023-05-05 09:12:47,511 [437eba2d-58d6-4629-9360-2128a0cccd66@group-3CB6521D8ECB-SegmentedRaftLogWorker] INFO  segmented.SegmentedRaftLogWorker (SegmentedRaftLogWorker.java:execute(656)) - 437eba2d-58d6-4629-9360-2128a0cccd66@group-3CB6521D8ECB-SegmentedRaftLogWorker: created new log segment /home/runner/work/ozone/ozone/hadoop-ozone/integration-test/target/test-dir/MiniOzoneClusterImpl-4dcb9f95-e710-4738-865b-4645215bc4f4/datanode-2/data/ratis/ec0cdf10-09b8-4fd0-b718-3cb6521d8ecb/current/log_inprogress_0
2023-05-05 09:12:47,545 [e3b1ee5f-ff3e-466d-8a57-c6afea7503f8@group-0AA125AB99CF-FollowerState] INFO  impl.FollowerState (FollowerState.java:run(143)) - e3b1ee5f-ff3e-466d-8a57-c6afea7503f8@group-0AA125AB99CF-FollowerState: change to CANDIDATE, lastRpcElapsedTime:5099044374ns, electionTimeout:5098ms
2023-05-05 09:12:47,545 [e3b1ee5f-ff3e-466d-8a57-c6afea7503f8@group-0AA125AB99CF-FollowerState] INFO  impl.RoleInfo (RoleInfo.java:shutdownFollowerState(110)) - e3b1ee5f-ff3e-466d-8a57-c6afea7503f8: shutdown e3b1ee5f-ff3e-466d-8a57-c6afea7503f8@group-0AA125AB99CF-FollowerState
2023-05-05 09:12:47,545 [e3b1ee5f-ff3e-466d-8a57-c6afea7503f8@group-0AA125AB99CF-FollowerState] INFO  server.RaftServer$Division (RaftServerImpl.java:setRole(321)) - e3b1ee5f-ff3e-466d-8a57-c6afea7503f8@group-0AA125AB99CF: changes role from  FOLLOWER to CANDIDATE at term 0 for changeToCandidate
2023-05-05 09:12:47,545 [e3b1ee5f-ff3e-466d-8a57-c6afea7503f8@group-0AA125AB99CF-FollowerState] INFO  server.RaftServerConfigKeys (ConfUtils.java:logGet(46)) - raft.server.leaderelection.pre-vote = true (default)
2023-05-05 09:12:47,545 [e3b1ee5f-ff3e-466d-8a57-c6afea7503f8@group-0AA125AB99CF-FollowerState] INFO  impl.RoleInfo (RoleInfo.java:updateAndGet(139)) - e3b1ee5f-ff3e-466d-8a57-c6afea7503f8: start e3b1ee5f-ff3e-466d-8a57-c6afea7503f8@group-0AA125AB99CF-LeaderElection32
2023-05-05 09:12:47,547 [e3b1ee5f-ff3e-466d-8a57-c6afea7503f8@group-0AA125AB99CF-LeaderElection32] INFO  impl.LeaderElection (LeaderElection.java:askForVotes(312)) - e3b1ee5f-ff3e-466d-8a57-c6afea7503f8@group-0AA125AB99CF-LeaderElection32 PRE_VOTE round 0: submit vote requests at term 0 for -1: peers:[e3b1ee5f-ff3e-466d-8a57-c6afea7503f8|rpc:10.1.0.42:45593|dataStream:10.1.0.42:36275|priority:1|startupRole:FOLLOWER]|listeners:[], old=null
2023-05-05 09:12:47,547 [e3b1ee5f-ff3e-466d-8a57-c6afea7503f8@group-0AA125AB99CF-LeaderElection32] INFO  impl.LeaderElection (LeaderElection.java:askForVotes(314)) - e3b1ee5f-ff3e-466d-8a57-c6afea7503f8@group-0AA125AB99CF-LeaderElection32 PRE_VOTE round 0: result PASSED (term=0)
2023-05-05 09:12:47,548 [e3b1ee5f-ff3e-466d-8a57-c6afea7503f8@group-0AA125AB99CF-LeaderElection32] INFO  impl.LeaderElection (LeaderElection.java:askForVotes(312)) - e3b1ee5f-ff3e-466d-8a57-c6afea7503f8@group-0AA125AB99CF-LeaderElection32 ELECTION round 0: submit vote requests at term 1 for -1: peers:[e3b1ee5f-ff3e-466d-8a57-c6afea7503f8|rpc:10.1.0.42:45593|dataStream:10.1.0.42:36275|priority:1|startupRole:FOLLOWER]|listeners:[], old=null
2023-05-05 09:12:47,548 [e3b1ee5f-ff3e-466d-8a57-c6afea7503f8@group-0AA125AB99CF-LeaderElection32] INFO  impl.LeaderElection (LeaderElection.java:askForVotes(314)) - e3b1ee5f-ff3e-466d-8a57-c6afea7503f8@group-0AA125AB99CF-LeaderElection32 ELECTION round 0: result PASSED (term=1)
2023-05-05 09:12:47,548 [e3b1ee5f-ff3e-466d-8a57-c6afea7503f8@group-0AA125AB99CF-LeaderElection32] INFO  impl.RoleInfo (RoleInfo.java:shutdownLeaderElection(130)) - e3b1ee5f-ff3e-466d-8a57-c6afea7503f8: shutdown e3b1ee5f-ff3e-466d-8a57-c6afea7503f8@group-0AA125AB99CF-LeaderElection32
2023-05-05 09:12:47,548 [e3b1ee5f-ff3e-466d-8a57-c6afea7503f8@group-0AA125AB99CF-LeaderElection32] INFO  server.RaftServer$Division (RaftServerImpl.java:setRole(321)) - e3b1ee5f-ff3e-466d-8a57-c6afea7503f8@group-0AA125AB99CF: changes role from CANDIDATE to LEADER at term 1 for changeToLeader
2023-05-05 09:12:47,548 [e3b1ee5f-ff3e-466d-8a57-c6afea7503f8@group-0AA125AB99CF-LeaderElection32] INFO  ratis.XceiverServerRatis (XceiverServerRatis.java:handleLeaderChangedNotification(904)) - Leader change notification received for group: group-0AA125AB99CF with new leaderId: e3b1ee5f-ff3e-466d-8a57-c6afea7503f8
2023-05-05 09:12:47,549 [e3b1ee5f-ff3e-466d-8a57-c6afea7503f8@group-0AA125AB99CF-LeaderElection32] INFO  server.RaftServer$Division (ServerState.java:setLeader(313)) - e3b1ee5f-ff3e-466d-8a57-c6afea7503f8@group-0AA125AB99CF: change Leader from null to e3b1ee5f-ff3e-466d-8a57-c6afea7503f8 at term 1 for becomeLeader, leader elected after 5131ms
2023-05-05 09:12:47,549 [e3b1ee5f-ff3e-466d-8a57-c6afea7503f8@group-0AA125AB99CF-LeaderElection32] INFO  server.RaftServerConfigKeys (ConfUtils.java:logGet(46)) - raft.server.staging.catchup.gap = 1000 (default)
2023-05-05 09:12:47,549 [e3b1ee5f-ff3e-466d-8a57-c6afea7503f8@group-0AA125AB99CF-LeaderElection32] INFO  server.RaftServerConfigKeys (ConfUtils.java:logGet(46)) - raft.server.write.element-limit = 1024 (custom)
2023-05-05 09:12:47,549 [e3b1ee5f-ff3e-466d-8a57-c6afea7503f8@group-0AA125AB99CF-LeaderElection32] INFO  server.RaftServerConfigKeys (ConfUtils.java:logGet(46)) - raft.server.write.byte-limit = 1024 M (=1073741824) (custom)
2023-05-05 09:12:47,550 [e3b1ee5f-ff3e-466d-8a57-c6afea7503f8@group-0AA125AB99CF-LeaderElection32] INFO  server.RaftServerConfigKeys (ConfUtils.java:logGet(46)) - raft.server.watch.timeout = 180s (custom)
2023-05-05 09:12:47,550 [e3b1ee5f-ff3e-466d-8a57-c6afea7503f8@group-0AA125AB99CF-LeaderElection32] INFO  server.RaftServerConfigKeys (ConfUtils.java:logGet(46)) - raft.server.watch.timeout.denomination = 1s (default)
2023-05-05 09:12:47,550 [e3b1ee5f-ff3e-466d-8a57-c6afea7503f8@group-0AA125AB99CF-LeaderElection32] INFO  server.RaftServerConfigKeys (ConfUtils.java:logGet(46)) - raft.server.watch.element-limit = 65536 (default)
2023-05-05 09:12:47,550 [e3b1ee5f-ff3e-466d-8a57-c6afea7503f8@group-0AA125AB99CF-LeaderElection32] INFO  server.RaftServerConfigKeys (ConfUtils.java:logGet(46)) - raft.server.write.element-limit = 1024 (custom)
2023-05-05 09:12:47,550 [e3b1ee5f-ff3e-466d-8a57-c6afea7503f8@group-0AA125AB99CF-LeaderElection32] INFO  server.RaftServerConfigKeys (ConfUtils.java:logGet(46)) - raft.server.write.follower.gap.ratio.max = -1.0 (default)
2023-05-05 09:12:47,551 [e3b1ee5f-ff3e-466d-8a57-c6afea7503f8@group-0AA125AB99CF-LeaderElection32] INFO  impl.RoleInfo (RoleInfo.java:updateAndGet(139)) - e3b1ee5f-ff3e-466d-8a57-c6afea7503f8: start e3b1ee5f-ff3e-466d-8a57-c6afea7503f8@group-0AA125AB99CF-LeaderStateImpl
2023-05-05 09:12:47,551 [e3b1ee5f-ff3e-466d-8a57-c6afea7503f8@group-0AA125AB99CF-LeaderElection32] INFO  segmented.SegmentedRaftLogWorker (SegmentedRaftLogWorker.java:startLogSegment(452)) - e3b1ee5f-ff3e-466d-8a57-c6afea7503f8@group-0AA125AB99CF-SegmentedRaftLogWorker: Starting segment from index:0
2023-05-05 09:12:47,552 [e3b1ee5f-ff3e-466d-8a57-c6afea7503f8@group-0AA125AB99CF-SegmentedRaftLogWorker] INFO  segmented.SegmentedRaftLogWorker (SegmentedRaftLogWorker.java:execute(656)) - e3b1ee5f-ff3e-466d-8a57-c6afea7503f8@group-0AA125AB99CF-SegmentedRaftLogWorker: created new log segment /home/runner/work/ozone/ozone/hadoop-ozone/integration-test/target/test-dir/MiniOzoneClusterImpl-4dcb9f95-e710-4738-865b-4645215bc4f4/datanode-1/data/ratis/50541a57-2f1a-4afc-a6a5-0aa125ab99cf/current/log_inprogress_0
2023-05-05 09:12:47,564 [e3b1ee5f-ff3e-466d-8a57-c6afea7503f8@group-0AA125AB99CF-LeaderElection32] INFO  server.RaftServer$Division (ServerState.java:setRaftConf(430)) - e3b1ee5f-ff3e-466d-8a57-c6afea7503f8@group-0AA125AB99CF: set configuration 0: peers:[e3b1ee5f-ff3e-466d-8a57-c6afea7503f8|rpc:10.1.0.42:45593|dataStream:10.1.0.42:36275|priority:1|startupRole:FOLLOWER]|listeners:[], old=null
2023-05-05 09:12:47,774 [Listener at 127.0.0.1/42865] INFO  ozone.MiniOzoneClusterImpl (MiniOzoneClusterImpl.java:lambda$waitForClusterToBeReady$0(223)) - Nodes are ready. Got 3 of 3 DN Heartbeats.
2023-05-05 09:12:47,774 [Listener at 127.0.0.1/42865] INFO  ozone.MiniOzoneClusterImpl (MiniOzoneClusterImpl.java:lambda$waitForClusterToBeReady$0(226)) - Cluster exits safe mode
2023-05-05 09:12:47,774 [Listener at 127.0.0.1/42865] INFO  ozone.MiniOzoneClusterImpl (MiniOzoneClusterImpl.java:lambda$waitForClusterToBeReady$0(228)) - SCM became leader
09:12:47.775 [Listener at 127.0.0.1/42865] ERROR SCMAudit - user=null | ip=null | op=DELETE_CONTAINER {remoteUser=unknownUser, containerID=1683277967775} | ret=FAILURE
org.apache.hadoop.security.AccessControlException: Access denied for user unknownUser. SCM superuser privilege is required.
	at org.apache.hadoop.hdds.scm.server.StorageContainerManager.checkAdminAccess(StorageContainerManager.java:1862) ~[hdds-server-scm-1.4.0-SNAPSHOT.jar:?]
	at org.apache.hadoop.hdds.scm.server.SCMClientProtocolServer.deleteContainer(SCMClientProtocolServer.java:587) [hdds-server-scm-1.4.0-SNAPSHOT.jar:?]
	at sun.reflect.NativeMethodAccessorImpl.invoke0(Native Method) ~[?:1.8.0_362]
	at sun.reflect.NativeMethodAccessorImpl.invoke(NativeMethodAccessorImpl.java:62) ~[?:1.8.0_362]
	at sun.reflect.DelegatingMethodAccessorImpl.invoke(DelegatingMethodAccessorImpl.java:43) ~[?:1.8.0_362]
	at java.lang.reflect.Method.invoke(Method.java:498) ~[?:1.8.0_362]
	at org.mockito.internal.creation.bytebuddy.MockMethodAdvice.tryInvoke(MockMethodAdvice.java:212) [mockito-core-2.28.2.jar:?]
	at org.mockito.internal.creation.bytebuddy.MockMethodAdvice.access$400(MockMethodAdvice.java:34) [mockito-core-2.28.2.jar:?]
	at org.mockito.internal.creation.bytebuddy.MockMethodAdvice$RealMethodCall.invoke(MockMethodAdvice.java:164) [mockito-core-2.28.2.jar:?]
	at org.mockito.internal.invocation.InterceptedInvocation.callRealMethod(InterceptedInvocation.java:152) [mockito-core-2.28.2.jar:?]
	at org.mockito.internal.stubbing.answers.CallsRealMethods.answer(CallsRealMethods.java:43) [mockito-core-2.28.2.jar:?]
	at org.mockito.Answers.answer(Answers.java:100) [mockito-core-2.28.2.jar:?]
	at org.mockito.internal.handler.MockHandlerImpl.handle(MockHandlerImpl.java:103) [mockito-core-2.28.2.jar:?]
	at org.mockito.internal.handler.NullResultGuardian.handle(NullResultGuardian.java:29) [mockito-core-2.28.2.jar:?]
	at org.mockito.internal.handler.InvocationNotifierHandler.handle(InvocationNotifierHandler.java:35) [mockito-core-2.28.2.jar:?]
	at org.mockito.internal.creation.bytebuddy.MockMethodInterceptor.doIntercept(MockMethodInterceptor.java:61) [mockito-core-2.28.2.jar:?]
	at org.mockito.internal.creation.bytebuddy.MockMethodAdvice.handle(MockMethodAdvice.java:105) [mockito-core-2.28.2.jar:?]
	at org.apache.hadoop.hdds.scm.server.SCMClientProtocolServer.deleteContainer(SCMClientProtocolServer.java:582) [hdds-server-scm-1.4.0-SNAPSHOT.jar:?]
	at org.apache.hadoop.ozone.TestStorageContainerManager.testRpcPermissionWithConf(TestStorageContainerManager.java:204) [test-classes/:?]
	at org.apache.hadoop.ozone.TestStorageContainerManager.testRpcPermission(TestStorageContainerManager.java:185) [test-classes/:?]
	at sun.reflect.NativeMethodAccessorImpl.invoke0(Native Method) ~[?:1.8.0_362]
	at sun.reflect.NativeMethodAccessorImpl.invoke(NativeMethodAccessorImpl.java:62) ~[?:1.8.0_362]
	at sun.reflect.DelegatingMethodAccessorImpl.invoke(DelegatingMethodAccessorImpl.java:43) ~[?:1.8.0_362]
	at java.lang.reflect.Method.invoke(Method.java:498) ~[?:1.8.0_362]
	at org.junit.runners.model.FrameworkMethod$1.runReflectiveCall(FrameworkMethod.java:59) [junit-4.13.1.jar:4.13.1]
	at org.junit.internal.runners.model.ReflectiveCallable.run(ReflectiveCallable.java:12) [junit-4.13.1.jar:4.13.1]
	at org.junit.runners.model.FrameworkMethod.invokeExplosively(FrameworkMethod.java:56) [junit-4.13.1.jar:4.13.1]
	at org.junit.internal.runners.statements.InvokeMethod.evaluate(InvokeMethod.java:17) [junit-4.13.1.jar:4.13.1]
	at org.junit.internal.runners.statements.RunAfters.evaluate(RunAfters.java:27) [junit-4.13.1.jar:4.13.1]
	at org.junit.rules.ExpectedException$ExpectedExceptionStatement.evaluate(ExpectedException.java:258) [junit-4.13.1.jar:4.13.1]
	at org.junit.internal.runners.statements.FailOnTimeout$CallableStatement.call(FailOnTimeout.java:288) [junit-4.13.1.jar:4.13.1]
	at org.junit.internal.runners.statements.FailOnTimeout$CallableStatement.call(FailOnTimeout.java:282) [junit-4.13.1.jar:4.13.1]
	at java.util.concurrent.FutureTask.run(FutureTask.java:266) [?:1.8.0_362]
	at java.lang.Thread.run(Thread.java:750) [?:1.8.0_362]
2023-05-05 09:12:47,777 [Listener at 127.0.0.1/42865] INFO  ozone.MiniOzoneClusterImpl (MiniOzoneClusterImpl.java:shutdown(456)) - Shutting down the Mini Ozone Cluster
2023-05-05 09:12:47,777 [Listener at 127.0.0.1/42865] INFO  ozone.MiniOzoneClusterImpl (MiniOzoneClusterImpl.java:stop(474)) - Stopping the Mini Ozone Cluster
2023-05-05 09:12:47,777 [Listener at 127.0.0.1/42865] INFO  ozone.MiniOzoneClusterImpl (MiniOzoneClusterImpl.java:stopOM(560)) - Stopping the OzoneManager
2023-05-05 09:12:47,777 [Listener at 127.0.0.1/42865] INFO  om.OzoneManager (OzoneManager.java:stop(2165)) - om1[localhost:0]: Stopping Ozone Manager
2023-05-05 09:12:47,777 [Listener at 127.0.0.1/42865] INFO  ipc.Server (Server.java:stop(3501)) - Stopping server on 42865
2023-05-05 09:12:47,778 [IPC Server listener on 0] INFO  ipc.Server (Server.java:run(1430)) - Stopping IPC Server listener on 0
2023-05-05 09:12:47,783 [IPC Server Responder] INFO  ipc.Server (Server.java:run(1563)) - Stopping IPC Server Responder
2023-05-05 09:12:47,783 [Listener at 127.0.0.1/42865] INFO  server.RaftServer (RaftServerProxy.java:lambda$close$6(409)) - om1: close
2023-05-05 09:12:47,783 [om1-impl-thread1] INFO  server.RaftServer$Division (RaftServerImpl.java:lambda$close$4(458)) - om1@group-C5BA1605619E: shutdown
2023-05-05 09:12:47,783 [om1-impl-thread1] INFO  util.JmxRegister (JmxRegister.java:unregister(73)) - Successfully un-registered JMX Bean with object name Ratis:service=RaftServer,group=group-C5BA1605619E,id=om1
2023-05-05 09:12:47,783 [om1-impl-thread1] INFO  impl.RoleInfo (RoleInfo.java:shutdownLeaderState(93)) - om1: shutdown om1@group-C5BA1605619E-LeaderStateImpl
2023-05-05 09:12:47,784 [om1-impl-thread1] INFO  impl.PendingRequests (PendingRequests.java:sendNotLeaderResponses(282)) - om1@group-C5BA1605619E-PendingRequests: sendNotLeaderResponses
2023-05-05 09:12:47,784 [om1-impl-thread1] INFO  impl.StateMachineUpdater (StateMachineUpdater.java:stopAndJoin(153)) - om1@group-C5BA1605619E-StateMachineUpdater: set stopIndex = 0
2023-05-05 09:12:47,784 [om1@group-C5BA1605619E-StateMachineUpdater] INFO  ratis.OzoneManagerStateMachine (OzoneManagerStateMachine.java:takeSnapshot(479)) - Current Snapshot Index (t:1, i:0)
2023-05-05 09:12:47,785 [Listener at 127.0.0.1/42865] INFO  server.GrpcService (GrpcService.java:closeImpl(271)) - om1: shutdown server GrpcServerProtocolService now
2023-05-05 09:12:47,789 [Listener at 127.0.0.1/42865] INFO  server.GrpcService (GrpcService.java:closeImpl(280)) - om1: shutdown server GrpcServerProtocolService successfully
2023-05-05 09:12:47,795 [om1@group-C5BA1605619E-StateMachineUpdater] INFO  impl.StateMachineUpdater (StateMachineUpdater.java:takeSnapshot(287)) - om1@group-C5BA1605619E-StateMachineUpdater: Took a snapshot at index 0
2023-05-05 09:12:47,795 [om1@group-C5BA1605619E-StateMachineUpdater] INFO  impl.StateMachineUpdater (StateMachineUpdater.java:lambda$new$0(92)) - om1@group-C5BA1605619E-StateMachineUpdater: snapshotIndex: updateIncreasingly -1 -> 0
2023-05-05 09:12:47,795 [om1@group-C5BA1605619E-StateMachineUpdater] INFO  ratis.OzoneManagerStateMachine (OzoneManagerStateMachine.java:close(533)) - StateMachine has shutdown. Shutdown OzoneManager if not already shutdown.
2023-05-05 09:12:47,795 [om1@group-C5BA1605619E-StateMachineUpdater] INFO  ratis.OzoneManagerDoubleBuffer (OzoneManagerDoubleBuffer.java:stopDaemon(540)) - Stopping OMDoubleBuffer flush thread
2023-05-05 09:12:47,796 [OMDoubleBufferFlushThread] INFO  ratis.OzoneManagerDoubleBuffer (OzoneManagerDoubleBuffer.java:canFlush(625)) - OMDoubleBuffer flush thread OMDoubleBufferFlushThread is interrupted and will exit.
2023-05-05 09:12:47,797 [om1-impl-thread1] INFO  server.RaftServer$Division (ServerState.java:close(466)) - om1@group-C5BA1605619E: closes. applyIndex: 0
2023-05-05 09:12:47,797 [om1@group-C5BA1605619E-SegmentedRaftLogWorker] INFO  segmented.SegmentedRaftLogWorker (SegmentedRaftLogWorker.java:run(347)) - om1@group-C5BA1605619E-SegmentedRaftLogWorker was interrupted, exiting. There are 0 tasks remaining in the queue.
2023-05-05 09:12:47,798 [om1-impl-thread1] INFO  segmented.SegmentedRaftLogWorker (SegmentedRaftLogWorker.java:close(257)) - om1@group-C5BA1605619E-SegmentedRaftLogWorker close()
2023-05-05 09:12:47,798 [JvmPauseMonitor16] INFO  util.JvmPauseMonitor (JvmPauseMonitor.java:run(111)) - JvmPauseMonitor-om1: Stopped
2023-05-05 09:12:47,798 [Listener at 127.0.0.1/42865] INFO  ratis.OzoneManagerStateMachine (OzoneManagerStateMachine.java:close(533)) - StateMachine has shutdown. Shutdown OzoneManager if not already shutdown.
2023-05-05 09:12:47,799 [Listener at 127.0.0.1/42865] INFO  ratis.OzoneManagerDoubleBuffer (OzoneManagerDoubleBuffer.java:stopDaemon(549)) - OMDoubleBuffer flush thread is not running.
2023-05-05 09:12:47,799 [Listener at 127.0.0.1/42865] INFO  utils.BackgroundService (BackgroundService.java:shutdown(141)) - Shutting down service KeyDeletingService
2023-05-05 09:12:47,799 [Listener at 127.0.0.1/42865] INFO  utils.BackgroundService (BackgroundService.java:shutdown(141)) - Shutting down service KeyDeletingService
2023-05-05 09:12:47,799 [Listener at 127.0.0.1/42865] INFO  utils.BackgroundService (BackgroundService.java:shutdown(141)) - Shutting down service OpenKeyCleanupService
2023-05-05 09:12:47,799 [Listener at 127.0.0.1/42865] INFO  utils.BackgroundService (BackgroundService.java:shutdown(141)) - Shutting down service SstFilteringService
2023-05-05 09:12:47,799 [Listener at 127.0.0.1/42865] INFO  utils.BackgroundService (BackgroundService.java:shutdown(141)) - Shutting down service SnapshotDeletingService
2023-05-05 09:12:47,800 [Listener at 127.0.0.1/42865] INFO  handler.ContextHandler (ContextHandler.java:doStop(1159)) - Stopped o.e.j.w.WebAppContext@41bcc685{ozoneManager,/,null,STOPPED}{file:/home/runner/work/ozone/ozone/hadoop-ozone/integration-test/target/test-classes/webapps/ozoneManager}
2023-05-05 09:12:47,801 [Listener at 127.0.0.1/42865] INFO  server.AbstractConnector (AbstractConnector.java:doStop(383)) - Stopped ServerConnector@5f774bb{HTTP/1.1, (http/1.1)}{0.0.0.0:0}
2023-05-05 09:12:47,801 [Listener at 127.0.0.1/42865] INFO  server.session (HouseKeeper.java:stopScavenging(149)) - node0 Stopped scavenging
2023-05-05 09:12:47,801 [Listener at 127.0.0.1/42865] INFO  handler.ContextHandler (ContextHandler.java:doStop(1159)) - Stopped o.e.j.s.ServletContextHandler@3f0f28c1{static,/static,file:///home/runner/work/ozone/ozone/hadoop-ozone/integration-test/target/test-classes/webapps/static,STOPPED}
2023-05-05 09:12:47,801 [Listener at 127.0.0.1/42865] INFO  handler.ContextHandler (ContextHandler.java:doStop(1159)) - Stopped o.e.j.s.ServletContextHandler@1e891c43{logs,/logs,file:///home/runner/work/ozone/ozone/hadoop-ozone/integration-test/target/log,STOPPED}
2023-05-05 09:12:47,804 [Listener at 127.0.0.1/42865] INFO  utils.BackgroundService (BackgroundService.java:shutdown(141)) - Shutting down service SnapshotDiffCleanupService
2023-05-05 09:12:47,804 [Listener at 127.0.0.1/42865] INFO  ozone.MiniOzoneClusterImpl (MiniOzoneClusterImpl.java:stopDatanodes(537)) - Stopping the HddsDatanodes
2023-05-05 09:12:47,808 [ForkJoinPool.commonPool-worker-0] INFO  ozoneimpl.OzoneContainer (OzoneContainer.java:stop(419)) - Attempting to stop container services.
2023-05-05 09:12:47,809 [Listener at 127.0.0.1/42865] INFO  ozoneimpl.OzoneContainer (OzoneContainer.java:stop(419)) - Attempting to stop container services.
2023-05-05 09:12:47,809 [ForkJoinPool.commonPool-worker-0] INFO  server.RaftServer (RaftServerProxy.java:lambda$close$6(409)) - 00583802-0da6-49c8-9580-d04d83e5b4a4: close
2023-05-05 09:12:47,809 [00583802-0da6-49c8-9580-d04d83e5b4a4-impl-thread1] INFO  server.RaftServer$Division (RaftServerImpl.java:lambda$close$4(458)) - 00583802-0da6-49c8-9580-d04d83e5b4a4@group-37F04239934C: shutdown
2023-05-05 09:12:47,809 [00583802-0da6-49c8-9580-d04d83e5b4a4-impl-thread1] INFO  util.JmxRegister (JmxRegister.java:unregister(73)) - Successfully un-registered JMX Bean with object name Ratis:service=RaftServer,group=group-37F04239934C,id=00583802-0da6-49c8-9580-d04d83e5b4a4
2023-05-05 09:12:47,809 [00583802-0da6-49c8-9580-d04d83e5b4a4-impl-thread1] INFO  impl.RoleInfo (RoleInfo.java:shutdownFollowerState(110)) - 00583802-0da6-49c8-9580-d04d83e5b4a4: shutdown 00583802-0da6-49c8-9580-d04d83e5b4a4@group-37F04239934C-FollowerState
2023-05-05 09:12:47,809 [00583802-0da6-49c8-9580-d04d83e5b4a4-impl-thread2] INFO  server.RaftServer$Division (RaftServerImpl.java:lambda$close$4(458)) - 00583802-0da6-49c8-9580-d04d83e5b4a4@group-91207D80BF59: shutdown
2023-05-05 09:12:47,814 [00583802-0da6-49c8-9580-d04d83e5b4a4@group-37F04239934C-FollowerState] INFO  impl.FollowerState (FollowerState.java:run(152)) - 00583802-0da6-49c8-9580-d04d83e5b4a4@group-37F04239934C-FollowerState was interrupted
2023-05-05 09:12:47,814 [00583802-0da6-49c8-9580-d04d83e5b4a4-impl-thread2] INFO  util.JmxRegister (JmxRegister.java:unregister(73)) - Successfully un-registered JMX Bean with object name Ratis:service=RaftServer,group=group-91207D80BF59,id=00583802-0da6-49c8-9580-d04d83e5b4a4
2023-05-05 09:12:47,814 [ForkJoinPool.commonPool-worker-0] INFO  server.GrpcService (GrpcService.java:closeImpl(271)) - 00583802-0da6-49c8-9580-d04d83e5b4a4: shutdown server GrpcServerProtocolService now
2023-05-05 09:12:47,814 [00583802-0da6-49c8-9580-d04d83e5b4a4@group-37F04239934C-StateMachineUpdater] INFO  ratis.ContainerStateMachine (ContainerStateMachine.java:takeSnapshot(330)) - group-37F04239934C: Taking a snapshot at:(t:1, i:0) file /home/runner/work/ozone/ozone/hadoop-ozone/integration-test/target/test-dir/MiniOzoneClusterImpl-4dcb9f95-e710-4738-865b-4645215bc4f4/datanode-0/data/ratis/635d7c40-a330-4127-a96b-37f04239934c/sm/snapshot.1_0
2023-05-05 09:12:47,814 [00583802-0da6-49c8-9580-d04d83e5b4a4-impl-thread2] INFO  impl.RoleInfo (RoleInfo.java:shutdownLeaderState(93)) - 00583802-0da6-49c8-9580-d04d83e5b4a4: shutdown 00583802-0da6-49c8-9580-d04d83e5b4a4@group-91207D80BF59-LeaderStateImpl
2023-05-05 09:12:47,815 [00583802-0da6-49c8-9580-d04d83e5b4a4-impl-thread2] INFO  impl.PendingRequests (PendingRequests.java:sendNotLeaderResponses(282)) - 00583802-0da6-49c8-9580-d04d83e5b4a4@group-91207D80BF59-PendingRequests: sendNotLeaderResponses
2023-05-05 09:12:47,816 [00583802-0da6-49c8-9580-d04d83e5b4a4@group-37F04239934C-StateMachineUpdater] INFO  ratis.ContainerStateMachine (ContainerStateMachine.java:takeSnapshot(341)) - group-37F04239934C: Finished taking a snapshot at:(t:1, i:0) file:/home/runner/work/ozone/ozone/hadoop-ozone/integration-test/target/test-dir/MiniOzoneClusterImpl-4dcb9f95-e710-4738-865b-4645215bc4f4/datanode-0/data/ratis/635d7c40-a330-4127-a96b-37f04239934c/sm/snapshot.1_0 took: 1 ms
2023-05-05 09:12:47,814 [00583802-0da6-49c8-9580-d04d83e5b4a4-impl-thread1] INFO  impl.StateMachineUpdater (StateMachineUpdater.java:stopAndJoin(153)) - 00583802-0da6-49c8-9580-d04d83e5b4a4@group-37F04239934C-StateMachineUpdater: set stopIndex = 0
2023-05-05 09:12:47,815 [437eba2d-58d6-4629-9360-2128a0cccd66@group-2BA7789E05AF-FollowerState] INFO  impl.FollowerState (FollowerState.java:run(143)) - 437eba2d-58d6-4629-9360-2128a0cccd66@group-2BA7789E05AF-FollowerState: change to CANDIDATE, lastRpcElapsedTime:5027919458ns, electionTimeout:5018ms
2023-05-05 09:12:47,816 [437eba2d-58d6-4629-9360-2128a0cccd66@group-2BA7789E05AF-FollowerState] INFO  impl.RoleInfo (RoleInfo.java:shutdownFollowerState(110)) - 437eba2d-58d6-4629-9360-2128a0cccd66: shutdown 437eba2d-58d6-4629-9360-2128a0cccd66@group-2BA7789E05AF-FollowerState
2023-05-05 09:12:47,816 [437eba2d-58d6-4629-9360-2128a0cccd66@group-2BA7789E05AF-FollowerState] INFO  server.RaftServer$Division (RaftServerImpl.java:setRole(321)) - 437eba2d-58d6-4629-9360-2128a0cccd66@group-2BA7789E05AF: changes role from  FOLLOWER to CANDIDATE at term 0 for changeToCandidate
2023-05-05 09:12:47,816 [437eba2d-58d6-4629-9360-2128a0cccd66@group-2BA7789E05AF-FollowerState] INFO  server.RaftServerConfigKeys (ConfUtils.java:logGet(46)) - raft.server.leaderelection.pre-vote = true (default)
2023-05-05 09:12:47,816 [437eba2d-58d6-4629-9360-2128a0cccd66@group-2BA7789E05AF-FollowerState] INFO  impl.RoleInfo (RoleInfo.java:updateAndGet(139)) - 437eba2d-58d6-4629-9360-2128a0cccd66: start 437eba2d-58d6-4629-9360-2128a0cccd66@group-2BA7789E05AF-LeaderElection33
2023-05-05 09:12:47,816 [00583802-0da6-49c8-9580-d04d83e5b4a4@group-37F04239934C-StateMachineUpdater] INFO  impl.StateMachineUpdater (StateMachineUpdater.java:takeSnapshot(287)) - 00583802-0da6-49c8-9580-d04d83e5b4a4@group-37F04239934C-StateMachineUpdater: Took a snapshot at index 0
2023-05-05 09:12:47,816 [00583802-0da6-49c8-9580-d04d83e5b4a4@group-37F04239934C-StateMachineUpdater] INFO  impl.StateMachineUpdater (StateMachineUpdater.java:lambda$new$0(92)) - 00583802-0da6-49c8-9580-d04d83e5b4a4@group-37F04239934C-StateMachineUpdater: snapshotIndex: updateIncreasingly -1 -> 0
2023-05-05 09:12:47,817 [00583802-0da6-49c8-9580-d04d83e5b4a4-impl-thread1] INFO  server.RaftServer$Division (ServerState.java:close(466)) - 00583802-0da6-49c8-9580-d04d83e5b4a4@group-37F04239934C: closes. applyIndex: 0
2023-05-05 09:12:47,815 [00583802-0da6-49c8-9580-d04d83e5b4a4-impl-thread3] INFO  server.RaftServer$Division (RaftServerImpl.java:lambda$close$4(458)) - 00583802-0da6-49c8-9580-d04d83e5b4a4@group-3CB6521D8ECB: shutdown
2023-05-05 09:12:47,817 [00583802-0da6-49c8-9580-d04d83e5b4a4-impl-thread3] INFO  util.JmxRegister (JmxRegister.java:unregister(73)) - Successfully un-registered JMX Bean with object name Ratis:service=RaftServer,group=group-3CB6521D8ECB,id=00583802-0da6-49c8-9580-d04d83e5b4a4
2023-05-05 09:12:47,817 [00583802-0da6-49c8-9580-d04d83e5b4a4-impl-thread3] INFO  impl.RoleInfo (RoleInfo.java:shutdownLeaderState(93)) - 00583802-0da6-49c8-9580-d04d83e5b4a4: shutdown 00583802-0da6-49c8-9580-d04d83e5b4a4@group-3CB6521D8ECB-LeaderStateImpl
2023-05-05 09:12:47,818 [ForkJoinPool.commonPool-worker-0] INFO  server.GrpcServerProtocolClient (GrpcServerProtocolClient.java:close(101)) - 437eba2d-58d6-4629-9360-2128a0cccd66 Close channels
2023-05-05 09:12:47,819 [grpc-default-executor-2] WARN  server.GrpcServerProtocolService (LogUtils.java:warn(122)) - 00583802-0da6-49c8-9580-d04d83e5b4a4: installSnapshot onError, lastRequest: null: org.apache.ratis.thirdparty.io.grpc.StatusRuntimeException: CANCELLED: client cancelled
2023-05-05 09:12:47,820 [grpc-default-executor-0] WARN  server.GrpcLogAppender (LogUtils.java:warn(122)) - e3b1ee5f-ff3e-466d-8a57-c6afea7503f8@group-37F04239934C->00583802-0da6-49c8-9580-d04d83e5b4a4-AppendLogResponseHandler: Failed appendEntries: org.apache.ratis.thirdparty.io.grpc.StatusRuntimeException: CANCELLED: RST_STREAM closed stream. HTTP/2 error code: CANCEL
2023-05-05 09:12:47,820 [grpc-default-executor-0] WARN  server.GrpcLogAppender (GrpcLogAppender.java:resetClient(131)) - e3b1ee5f-ff3e-466d-8a57-c6afea7503f8@group-37F04239934C->00583802-0da6-49c8-9580-d04d83e5b4a4-GrpcLogAppender: Leader has not got in touch with Follower e3b1ee5f-ff3e-466d-8a57-c6afea7503f8@group-37F04239934C->00583802-0da6-49c8-9580-d04d83e5b4a4(c0,m0,n1, attendVote=true, lastRpcSendTime=429, lastRpcResponseTime=390) yet, just keep nextIndex unchanged and retry.
2023-05-05 09:12:47,820 [grpc-default-executor-3] WARN  server.GrpcLogAppender (LogUtils.java:warn(122)) - e3b1ee5f-ff3e-466d-8a57-c6afea7503f8@group-37F04239934C->00583802-0da6-49c8-9580-d04d83e5b4a4-AppendLogResponseHandler: Failed appendEntries: org.apache.ratis.thirdparty.io.grpc.StatusRuntimeException: CANCELLED: RST_STREAM closed stream. HTTP/2 error code: CANCEL
2023-05-05 09:12:47,820 [grpc-default-executor-3] WARN  server.GrpcLogAppender (GrpcLogAppender.java:resetClient(131)) - e3b1ee5f-ff3e-466d-8a57-c6afea7503f8@group-37F04239934C->00583802-0da6-49c8-9580-d04d83e5b4a4-GrpcLogAppender: Leader has not got in touch with Follower e3b1ee5f-ff3e-466d-8a57-c6afea7503f8@group-37F04239934C->00583802-0da6-49c8-9580-d04d83e5b4a4(c0,m0,n1, attendVote=true, lastRpcSendTime=429, lastRpcResponseTime=390) yet, just keep nextIndex unchanged and retry.
2023-05-05 09:12:47,820 [grpc-default-executor-3] INFO  server.GrpcServerProtocolService (GrpcServerProtocolService.java:onCompleted(143)) - 437eba2d-58d6-4629-9360-2128a0cccd66: Completed APPEND_ENTRIES, lastRequest: null
2023-05-05 09:12:47,821 [grpc-default-executor-0] INFO  server.GrpcServerProtocolService (GrpcServerProtocolService.java:onCompleted(143)) - 437eba2d-58d6-4629-9360-2128a0cccd66: Completed APPEND_ENTRIES, lastRequest: 00583802-0da6-49c8-9580-d04d83e5b4a4->437eba2d-58d6-4629-9360-2128a0cccd66#1-t1,previous=(t:0, i:0),leaderCommit=0,initializing? true,entries: size=1, first=(t:1, i:0), CONFIGURATIONENTRY(current:id: "437eba2d-58d6-4629-9360-2128a0cccd66"
address: "10.1.0.42:40629"
dataStreamAddress: "10.1.0.42:45909"
clientAddress: "10.1.0.42:40629"
adminAddress: "10.1.0.42:40629"
startupRole: FOLLOWER
,id: "e3b1ee5f-ff3e-466d-8a57-c6afea7503f8"
address: "10.1.0.42:45593"
dataStreamAddress: "10.1.0.42:36275"
clientAddress: "10.1.0.42:45593"
adminAddress: "10.1.0.42:45593"
startupRole: FOLLOWER
,id: "00583802-0da6-49c8-9580-d04d83e5b4a4"
address: "10.1.0.42:34153"
priority: 1
dataStreamAddress: "10.1.0.42:46501"
clientAddress: "10.1.0.42:34153"
adminAddress: "10.1.0.42:34153"
startupRole: FOLLOWER
, old:)
2023-05-05 09:12:47,821 [grpc-default-executor-1] WARN  server.GrpcServerProtocolService (LogUtils.java:warn(122)) - 00583802-0da6-49c8-9580-d04d83e5b4a4: installSnapshot onError, lastRequest: e3b1ee5f-ff3e-466d-8a57-c6afea7503f8->00583802-0da6-49c8-9580-d04d83e5b4a4#1-t1,previous=(t:0, i:0),leaderCommit=0,initializing? true,entries: size=1, first=(t:1, i:0), CONFIGURATIONENTRY(current:id: "437eba2d-58d6-4629-9360-2128a0cccd66"
address: "10.1.0.42:40629"
dataStreamAddress: "10.1.0.42:45909"
clientAddress: "10.1.0.42:40629"
adminAddress: "10.1.0.42:40629"
startupRole: FOLLOWER
,id: "e3b1ee5f-ff3e-466d-8a57-c6afea7503f8"
address: "10.1.0.42:45593"
priority: 1
dataStreamAddress: "10.1.0.42:36275"
clientAddress: "10.1.0.42:45593"
adminAddress: "10.1.0.42:45593"
startupRole: FOLLOWER
,id: "00583802-0da6-49c8-9580-d04d83e5b4a4"
address: "10.1.0.42:34153"
dataStreamAddress: "10.1.0.42:46501"
clientAddress: "10.1.0.42:34153"
adminAddress: "10.1.0.42:34153"
startupRole: FOLLOWER
, old:): org.apache.ratis.thirdparty.io.grpc.StatusRuntimeException: CANCELLED: client cancelled
2023-05-05 09:12:47,822 [grpc-default-executor-1] INFO  server.GrpcLogAppender (GrpcLogAppender.java:onCompleted(415)) - 00583802-0da6-49c8-9580-d04d83e5b4a4@group-3CB6521D8ECB->437eba2d-58d6-4629-9360-2128a0cccd66-AppendLogResponseHandler: follower responses appendEntries COMPLETED
2023-05-05 09:12:47,822 [grpc-default-executor-1] WARN  server.GrpcLogAppender (GrpcLogAppender.java:resetClient(137)) - 00583802-0da6-49c8-9580-d04d83e5b4a4@group-3CB6521D8ECB->437eba2d-58d6-4629-9360-2128a0cccd66-GrpcLogAppender: Failed to getClient for 437eba2d-58d6-4629-9360-2128a0cccd66
org.apache.ratis.protocol.exceptions.AlreadyClosedException: 00583802-0da6-49c8-9580-d04d83e5b4a4 is already CLOSED
	at org.apache.ratis.util.PeerProxyMap$PeerAndProxy.getProxy(PeerProxyMap.java:61)
	at org.apache.ratis.util.PeerProxyMap.getProxy(PeerProxyMap.java:115)
	at org.apache.ratis.grpc.server.GrpcLogAppender.getClient(GrpcLogAppender.java:116)
	at org.apache.ratis.grpc.server.GrpcLogAppender.resetClient(GrpcLogAppender.java:121)
	at org.apache.ratis.grpc.server.GrpcLogAppender.access$500(GrpcLogAppender.java:58)
	at org.apache.ratis.grpc.server.GrpcLogAppender$AppendLogResponseHandler.onCompleted(GrpcLogAppender.java:416)
	at org.apache.ratis.thirdparty.io.grpc.stub.ClientCalls$StreamObserverToCallListenerAdapter.onClose(ClientCalls.java:485)
	at org.apache.ratis.thirdparty.io.grpc.internal.ClientCallImpl.closeObserver(ClientCallImpl.java:562)
	at org.apache.ratis.thirdparty.io.grpc.internal.ClientCallImpl.access$300(ClientCallImpl.java:70)
	at org.apache.ratis.thirdparty.io.grpc.internal.ClientCallImpl$ClientStreamListenerImpl$1StreamClosed.runInternal(ClientCallImpl.java:743)
	at org.apache.ratis.thirdparty.io.grpc.internal.ClientCallImpl$ClientStreamListenerImpl$1StreamClosed.runInContext(ClientCallImpl.java:722)
	at org.apache.ratis.thirdparty.io.grpc.internal.ContextRunnable.run(ContextRunnable.java:37)
	at org.apache.ratis.thirdparty.io.grpc.internal.SerializingExecutor.run(SerializingExecutor.java:133)
	at java.util.concurrent.ThreadPoolExecutor.runWorker(ThreadPoolExecutor.java:1149)
	at java.util.concurrent.ThreadPoolExecutor$Worker.run(ThreadPoolExecutor.java:624)
	at java.lang.Thread.run(Thread.java:750)
2023-05-05 09:12:47,822 [grpc-default-executor-0] INFO  server.GrpcLogAppender (GrpcLogAppender.java:onCompleted(415)) - 00583802-0da6-49c8-9580-d04d83e5b4a4@group-3CB6521D8ECB->437eba2d-58d6-4629-9360-2128a0cccd66-AppendLogResponseHandler: follower responses appendEntries COMPLETED
2023-05-05 09:12:47,822 [grpc-default-executor-0] WARN  server.GrpcLogAppender (GrpcLogAppender.java:resetClient(137)) - 00583802-0da6-49c8-9580-d04d83e5b4a4@group-3CB6521D8ECB->437eba2d-58d6-4629-9360-2128a0cccd66-GrpcLogAppender: Failed to getClient for 437eba2d-58d6-4629-9360-2128a0cccd66
org.apache.ratis.protocol.exceptions.AlreadyClosedException: 00583802-0da6-49c8-9580-d04d83e5b4a4 is already CLOSED
	at org.apache.ratis.util.PeerProxyMap$PeerAndProxy.getProxy(PeerProxyMap.java:61)
	at org.apache.ratis.util.PeerProxyMap.getProxy(PeerProxyMap.java:115)
	at org.apache.ratis.grpc.server.GrpcLogAppender.getClient(GrpcLogAppender.java:116)
	at org.apache.ratis.grpc.server.GrpcLogAppender.resetClient(GrpcLogAppender.java:121)
	at org.apache.ratis.grpc.server.GrpcLogAppender.access$500(GrpcLogAppender.java:58)
	at org.apache.ratis.grpc.server.GrpcLogAppender$AppendLogResponseHandler.onCompleted(GrpcLogAppender.java:416)
	at org.apache.ratis.thirdparty.io.grpc.stub.ClientCalls$StreamObserverToCallListenerAdapter.onClose(ClientCalls.java:485)
	at org.apache.ratis.thirdparty.io.grpc.internal.ClientCallImpl.closeObserver(ClientCallImpl.java:562)
	at org.apache.ratis.thirdparty.io.grpc.internal.ClientCallImpl.access$300(ClientCallImpl.java:70)
	at org.apache.ratis.thirdparty.io.grpc.internal.ClientCallImpl$ClientStreamListenerImpl$1StreamClosed.runInternal(ClientCallImpl.java:743)
	at org.apache.ratis.thirdparty.io.grpc.internal.ClientCallImpl$ClientStreamListenerImpl$1StreamClosed.runInContext(ClientCallImpl.java:722)
	at org.apache.ratis.thirdparty.io.grpc.internal.ContextRunnable.run(ContextRunnable.java:37)
	at org.apache.ratis.thirdparty.io.grpc.internal.SerializingExecutor.run(SerializingExecutor.java:133)
	at java.util.concurrent.ThreadPoolExecutor.runWorker(ThreadPoolExecutor.java:1149)
	at java.util.concurrent.ThreadPoolExecutor$Worker.run(ThreadPoolExecutor.java:624)
	at java.lang.Thread.run(Thread.java:750)
2023-05-05 09:12:47,825 [Listener at 127.0.0.1/42865] INFO  server.RaftServer (RaftServerProxy.java:lambda$close$6(409)) - e3b1ee5f-ff3e-466d-8a57-c6afea7503f8: close
2023-05-05 09:12:47,825 [e3b1ee5f-ff3e-466d-8a57-c6afea7503f8-impl-thread1] INFO  server.RaftServer$Division (RaftServerImpl.java:lambda$close$4(458)) - e3b1ee5f-ff3e-466d-8a57-c6afea7503f8@group-37F04239934C: shutdown
2023-05-05 09:12:47,825 [e3b1ee5f-ff3e-466d-8a57-c6afea7503f8-impl-thread1] INFO  util.JmxRegister (JmxRegister.java:unregister(73)) - Successfully un-registered JMX Bean with object name Ratis:service=RaftServer,group=group-37F04239934C,id=e3b1ee5f-ff3e-466d-8a57-c6afea7503f8
2023-05-05 09:12:47,825 [e3b1ee5f-ff3e-466d-8a57-c6afea7503f8-impl-thread1] INFO  impl.RoleInfo (RoleInfo.java:shutdownLeaderState(93)) - e3b1ee5f-ff3e-466d-8a57-c6afea7503f8: shutdown e3b1ee5f-ff3e-466d-8a57-c6afea7503f8@group-37F04239934C-LeaderStateImpl
2023-05-05 09:12:47,826 [e3b1ee5f-ff3e-466d-8a57-c6afea7503f8-impl-thread2] INFO  server.RaftServer$Division (RaftServerImpl.java:lambda$close$4(458)) - e3b1ee5f-ff3e-466d-8a57-c6afea7503f8@group-0AA125AB99CF: shutdown
2023-05-05 09:12:47,826 [e3b1ee5f-ff3e-466d-8a57-c6afea7503f8-impl-thread2] INFO  util.JmxRegister (JmxRegister.java:unregister(73)) - Successfully un-registered JMX Bean with object name Ratis:service=RaftServer,group=group-0AA125AB99CF,id=e3b1ee5f-ff3e-466d-8a57-c6afea7503f8
2023-05-05 09:12:47,826 [e3b1ee5f-ff3e-466d-8a57-c6afea7503f8-impl-thread2] INFO  impl.RoleInfo (RoleInfo.java:shutdownLeaderState(93)) - e3b1ee5f-ff3e-466d-8a57-c6afea7503f8: shutdown e3b1ee5f-ff3e-466d-8a57-c6afea7503f8@group-0AA125AB99CF-LeaderStateImpl
2023-05-05 09:12:47,826 [e3b1ee5f-ff3e-466d-8a57-c6afea7503f8-impl-thread2] INFO  impl.PendingRequests (PendingRequests.java:sendNotLeaderResponses(282)) - e3b1ee5f-ff3e-466d-8a57-c6afea7503f8@group-0AA125AB99CF-PendingRequests: sendNotLeaderResponses
2023-05-05 09:12:47,826 [e3b1ee5f-ff3e-466d-8a57-c6afea7503f8-impl-thread2] INFO  impl.StateMachineUpdater (StateMachineUpdater.java:stopAndJoin(153)) - e3b1ee5f-ff3e-466d-8a57-c6afea7503f8@group-0AA125AB99CF-StateMachineUpdater: set stopIndex = 0
2023-05-05 09:12:47,826 [e3b1ee5f-ff3e-466d-8a57-c6afea7503f8@group-0AA125AB99CF-StateMachineUpdater] INFO  ratis.ContainerStateMachine (ContainerStateMachine.java:takeSnapshot(330)) - group-0AA125AB99CF: Taking a snapshot at:(t:1, i:0) file /home/runner/work/ozone/ozone/hadoop-ozone/integration-test/target/test-dir/MiniOzoneClusterImpl-4dcb9f95-e710-4738-865b-4645215bc4f4/datanode-1/data/ratis/50541a57-2f1a-4afc-a6a5-0aa125ab99cf/sm/snapshot.1_0
2023-05-05 09:12:47,826 [Listener at 127.0.0.1/42865] INFO  server.GrpcService (GrpcService.java:closeImpl(271)) - e3b1ee5f-ff3e-466d-8a57-c6afea7503f8: shutdown server GrpcServerProtocolService now
2023-05-05 09:12:47,827 [00583802-0da6-49c8-9580-d04d83e5b4a4@group-37F04239934C-SegmentedRaftLogWorker] INFO  segmented.SegmentedRaftLogWorker (SegmentedRaftLogWorker.java:run(347)) - 00583802-0da6-49c8-9580-d04d83e5b4a4@group-37F04239934C-SegmentedRaftLogWorker was interrupted, exiting. There are 0 tasks remaining in the queue.
2023-05-05 09:12:47,827 [e3b1ee5f-ff3e-466d-8a57-c6afea7503f8@group-0AA125AB99CF-StateMachineUpdater] INFO  ratis.ContainerStateMachine (ContainerStateMachine.java:takeSnapshot(341)) - group-0AA125AB99CF: Finished taking a snapshot at:(t:1, i:0) file:/home/runner/work/ozone/ozone/hadoop-ozone/integration-test/target/test-dir/MiniOzoneClusterImpl-4dcb9f95-e710-4738-865b-4645215bc4f4/datanode-1/data/ratis/50541a57-2f1a-4afc-a6a5-0aa125ab99cf/sm/snapshot.1_0 took: 0 ms
2023-05-05 09:12:47,827 [e3b1ee5f-ff3e-466d-8a57-c6afea7503f8@group-0AA125AB99CF-StateMachineUpdater] INFO  impl.StateMachineUpdater (StateMachineUpdater.java:takeSnapshot(287)) - e3b1ee5f-ff3e-466d-8a57-c6afea7503f8@group-0AA125AB99CF-StateMachineUpdater: Took a snapshot at index 0
2023-05-05 09:12:47,827 [e3b1ee5f-ff3e-466d-8a57-c6afea7503f8@group-0AA125AB99CF-StateMachineUpdater] INFO  impl.StateMachineUpdater (StateMachineUpdater.java:lambda$new$0(92)) - e3b1ee5f-ff3e-466d-8a57-c6afea7503f8@group-0AA125AB99CF-StateMachineUpdater: snapshotIndex: updateIncreasingly -1 -> 0
2023-05-05 09:12:47,827 [00583802-0da6-49c8-9580-d04d83e5b4a4-impl-thread3] INFO  impl.PendingRequests (PendingRequests.java:sendNotLeaderResponses(282)) - 00583802-0da6-49c8-9580-d04d83e5b4a4@group-3CB6521D8ECB-PendingRequests: sendNotLeaderResponses
2023-05-05 09:12:47,828 [00583802-0da6-49c8-9580-d04d83e5b4a4@group-3CB6521D8ECB-StateMachineUpdater] INFO  ratis.ContainerStateMachine (ContainerStateMachine.java:takeSnapshot(330)) - group-3CB6521D8ECB: Taking a snapshot at:(t:1, i:0) file /home/runner/work/ozone/ozone/hadoop-ozone/integration-test/target/test-dir/MiniOzoneClusterImpl-4dcb9f95-e710-4738-865b-4645215bc4f4/datanode-0/data/ratis/ec0cdf10-09b8-4fd0-b718-3cb6521d8ecb/sm/snapshot.1_0
2023-05-05 09:12:47,828 [00583802-0da6-49c8-9580-d04d83e5b4a4-impl-thread3] INFO  impl.StateMachineUpdater (StateMachineUpdater.java:stopAndJoin(153)) - 00583802-0da6-49c8-9580-d04d83e5b4a4@group-3CB6521D8ECB-StateMachineUpdater: set stopIndex = 0
2023-05-05 09:12:47,829 [e3b1ee5f-ff3e-466d-8a57-c6afea7503f8-impl-thread1] INFO  impl.PendingRequests (PendingRequests.java:sendNotLeaderResponses(282)) - e3b1ee5f-ff3e-466d-8a57-c6afea7503f8@group-37F04239934C-PendingRequests: sendNotLeaderResponses
2023-05-05 09:12:47,829 [00583802-0da6-49c8-9580-d04d83e5b4a4-impl-thread2] INFO  impl.StateMachineUpdater (StateMachineUpdater.java:stopAndJoin(153)) - 00583802-0da6-49c8-9580-d04d83e5b4a4@group-91207D80BF59-StateMachineUpdater: set stopIndex = 0
2023-05-05 09:12:47,829 [e3b1ee5f-ff3e-466d-8a57-c6afea7503f8-impl-thread1] INFO  impl.StateMachineUpdater (StateMachineUpdater.java:stopAndJoin(153)) - e3b1ee5f-ff3e-466d-8a57-c6afea7503f8@group-37F04239934C-StateMachineUpdater: set stopIndex = 0
2023-05-05 09:12:47,829 [e3b1ee5f-ff3e-466d-8a57-c6afea7503f8@group-37F04239934C->437eba2d-58d6-4629-9360-2128a0cccd66-GrpcLogAppender-LogAppenderDaemon] WARN  server.GrpcLogAppender (GrpcLogAppender.java:mayWait(200)) - e3b1ee5f-ff3e-466d-8a57-c6afea7503f8@group-37F04239934C->437eba2d-58d6-4629-9360-2128a0cccd66-GrpcLogAppender: Wait interrupted by java.lang.InterruptedException
2023-05-05 09:12:47,829 [e3b1ee5f-ff3e-466d-8a57-c6afea7503f8-impl-thread2] INFO  server.RaftServer$Division (ServerState.java:close(466)) - e3b1ee5f-ff3e-466d-8a57-c6afea7503f8@group-0AA125AB99CF: closes. applyIndex: 0
2023-05-05 09:12:47,829 [e3b1ee5f-ff3e-466d-8a57-c6afea7503f8@group-0AA125AB99CF-SegmentedRaftLogWorker] INFO  segmented.SegmentedRaftLogWorker (SegmentedRaftLogWorker.java:run(347)) - e3b1ee5f-ff3e-466d-8a57-c6afea7503f8@group-0AA125AB99CF-SegmentedRaftLogWorker was interrupted, exiting. There are 0 tasks remaining in the queue.
2023-05-05 09:12:47,829 [e3b1ee5f-ff3e-466d-8a57-c6afea7503f8@group-37F04239934C-StateMachineUpdater] INFO  ratis.ContainerStateMachine (ContainerStateMachine.java:takeSnapshot(330)) - group-37F04239934C: Taking a snapshot at:(t:1, i:0) file /home/runner/work/ozone/ozone/hadoop-ozone/integration-test/target/test-dir/MiniOzoneClusterImpl-4dcb9f95-e710-4738-865b-4645215bc4f4/datanode-1/data/ratis/635d7c40-a330-4127-a96b-37f04239934c/sm/snapshot.1_0
2023-05-05 09:12:47,830 [00583802-0da6-49c8-9580-d04d83e5b4a4@group-91207D80BF59-StateMachineUpdater] INFO  ratis.ContainerStateMachine (ContainerStateMachine.java:takeSnapshot(330)) - group-91207D80BF59: Taking a snapshot at:(t:1, i:0) file /home/runner/work/ozone/ozone/hadoop-ozone/integration-test/target/test-dir/MiniOzoneClusterImpl-4dcb9f95-e710-4738-865b-4645215bc4f4/datanode-0/data/ratis/a948da45-d7f1-4c83-908c-91207d80bf59/sm/snapshot.1_0
2023-05-05 09:12:47,830 [e3b1ee5f-ff3e-466d-8a57-c6afea7503f8@group-37F04239934C-StateMachineUpdater] INFO  ratis.ContainerStateMachine (ContainerStateMachine.java:takeSnapshot(341)) - group-37F04239934C: Finished taking a snapshot at:(t:1, i:0) file:/home/runner/work/ozone/ozone/hadoop-ozone/integration-test/target/test-dir/MiniOzoneClusterImpl-4dcb9f95-e710-4738-865b-4645215bc4f4/datanode-1/data/ratis/635d7c40-a330-4127-a96b-37f04239934c/sm/snapshot.1_0 took: 0 ms
2023-05-05 09:12:47,830 [Listener at 127.0.0.1/42865] INFO  server.GrpcServerProtocolClient (GrpcServerProtocolClient.java:close(101)) - 437eba2d-58d6-4629-9360-2128a0cccd66 Close channels
2023-05-05 09:12:47,830 [00583802-0da6-49c8-9580-d04d83e5b4a4-impl-thread1] INFO  segmented.SegmentedRaftLogWorker (SegmentedRaftLogWorker.java:close(257)) - 00583802-0da6-49c8-9580-d04d83e5b4a4@group-37F04239934C-SegmentedRaftLogWorker close()
2023-05-05 09:12:47,832 [grpc-default-executor-1] WARN  server.GrpcServerProtocolService (LogUtils.java:warn(122)) - e3b1ee5f-ff3e-466d-8a57-c6afea7503f8: installSnapshot onError, lastRequest: 00583802-0da6-49c8-9580-d04d83e5b4a4->e3b1ee5f-ff3e-466d-8a57-c6afea7503f8#1-t1,previous=(t:0, i:0),leaderCommit=0,initializing? true,entries: size=1, first=(t:1, i:0), CONFIGURATIONENTRY(current:id: "437eba2d-58d6-4629-9360-2128a0cccd66"
address: "10.1.0.42:40629"
dataStreamAddress: "10.1.0.42:45909"
clientAddress: "10.1.0.42:40629"
adminAddress: "10.1.0.42:40629"
startupRole: FOLLOWER
,id: "e3b1ee5f-ff3e-466d-8a57-c6afea7503f8"
address: "10.1.0.42:45593"
dataStreamAddress: "10.1.0.42:36275"
clientAddress: "10.1.0.42:45593"
adminAddress: "10.1.0.42:45593"
startupRole: FOLLOWER
,id: "00583802-0da6-49c8-9580-d04d83e5b4a4"
address: "10.1.0.42:34153"
priority: 1
dataStreamAddress: "10.1.0.42:46501"
clientAddress: "10.1.0.42:34153"
adminAddress: "10.1.0.42:34153"
startupRole: FOLLOWER
, old:): org.apache.ratis.thirdparty.io.grpc.StatusRuntimeException: CANCELLED: client cancelled
2023-05-05 09:12:47,832 [grpc-default-executor-2] WARN  server.GrpcServerProtocolService (LogUtils.java:warn(122)) - e3b1ee5f-ff3e-466d-8a57-c6afea7503f8: installSnapshot onError, lastRequest: null: org.apache.ratis.thirdparty.io.grpc.StatusRuntimeException: CANCELLED: client cancelled
2023-05-05 09:12:47,832 [grpc-default-executor-5] INFO  server.GrpcServerProtocolService (GrpcServerProtocolService.java:onCompleted(143)) - 437eba2d-58d6-4629-9360-2128a0cccd66: Completed APPEND_ENTRIES, lastRequest: null
2023-05-05 09:12:47,833 [grpc-default-executor-3] INFO  server.GrpcServerProtocolService (GrpcServerProtocolService.java:onCompleted(143)) - 437eba2d-58d6-4629-9360-2128a0cccd66: Completed APPEND_ENTRIES, lastRequest: e3b1ee5f-ff3e-466d-8a57-c6afea7503f8->437eba2d-58d6-4629-9360-2128a0cccd66#1-t1,previous=(t:0, i:0),leaderCommit=0,initializing? true,entries: size=1, first=(t:1, i:0), CONFIGURATIONENTRY(current:id: "437eba2d-58d6-4629-9360-2128a0cccd66"
address: "10.1.0.42:40629"
dataStreamAddress: "10.1.0.42:45909"
clientAddress: "10.1.0.42:40629"
adminAddress: "10.1.0.42:40629"
startupRole: FOLLOWER
,id: "e3b1ee5f-ff3e-466d-8a57-c6afea7503f8"
address: "10.1.0.42:45593"
priority: 1
dataStreamAddress: "10.1.0.42:36275"
clientAddress: "10.1.0.42:45593"
adminAddress: "10.1.0.42:45593"
startupRole: FOLLOWER
,id: "00583802-0da6-49c8-9580-d04d83e5b4a4"
address: "10.1.0.42:34153"
dataStreamAddress: "10.1.0.42:46501"
clientAddress: "10.1.0.42:34153"
adminAddress: "10.1.0.42:34153"
startupRole: FOLLOWER
, old:)
2023-05-05 09:12:47,833 [grpc-default-executor-5] INFO  server.GrpcLogAppender (GrpcLogAppender.java:onError(404)) - 00583802-0da6-49c8-9580-d04d83e5b4a4@group-3CB6521D8ECB->e3b1ee5f-ff3e-466d-8a57-c6afea7503f8-GrpcLogAppender is already stopped
2023-05-05 09:12:47,833 [00583802-0da6-49c8-9580-d04d83e5b4a4@group-91207D80BF59-StateMachineUpdater] INFO  ratis.ContainerStateMachine (ContainerStateMachine.java:takeSnapshot(341)) - group-91207D80BF59: Finished taking a snapshot at:(t:1, i:0) file:/home/runner/work/ozone/ozone/hadoop-ozone/integration-test/target/test-dir/MiniOzoneClusterImpl-4dcb9f95-e710-4738-865b-4645215bc4f4/datanode-0/data/ratis/a948da45-d7f1-4c83-908c-91207d80bf59/sm/snapshot.1_0 took: 4 ms
2023-05-05 09:12:47,834 [00583802-0da6-49c8-9580-d04d83e5b4a4@group-91207D80BF59-StateMachineUpdater] INFO  impl.StateMachineUpdater (StateMachineUpdater.java:takeSnapshot(287)) - 00583802-0da6-49c8-9580-d04d83e5b4a4@group-91207D80BF59-StateMachineUpdater: Took a snapshot at index 0
2023-05-05 09:12:47,834 [00583802-0da6-49c8-9580-d04d83e5b4a4@group-91207D80BF59-StateMachineUpdater] INFO  impl.StateMachineUpdater (StateMachineUpdater.java:lambda$new$0(92)) - 00583802-0da6-49c8-9580-d04d83e5b4a4@group-91207D80BF59-StateMachineUpdater: snapshotIndex: updateIncreasingly -1 -> 0
2023-05-05 09:12:47,834 [e3b1ee5f-ff3e-466d-8a57-c6afea7503f8@group-37F04239934C-StateMachineUpdater] INFO  impl.StateMachineUpdater (StateMachineUpdater.java:takeSnapshot(287)) - e3b1ee5f-ff3e-466d-8a57-c6afea7503f8@group-37F04239934C-StateMachineUpdater: Took a snapshot at index 0
2023-05-05 09:12:47,834 [e3b1ee5f-ff3e-466d-8a57-c6afea7503f8@group-37F04239934C-StateMachineUpdater] INFO  impl.StateMachineUpdater (StateMachineUpdater.java:lambda$new$0(92)) - e3b1ee5f-ff3e-466d-8a57-c6afea7503f8@group-37F04239934C-StateMachineUpdater: snapshotIndex: updateIncreasingly -1 -> 0
2023-05-05 09:12:47,834 [e3b1ee5f-ff3e-466d-8a57-c6afea7503f8-impl-thread1] INFO  server.RaftServer$Division (ServerState.java:close(466)) - e3b1ee5f-ff3e-466d-8a57-c6afea7503f8@group-37F04239934C: closes. applyIndex: 0
2023-05-05 09:12:47,834 [e3b1ee5f-ff3e-466d-8a57-c6afea7503f8@group-37F04239934C-SegmentedRaftLogWorker] INFO  segmented.SegmentedRaftLogWorker (SegmentedRaftLogWorker.java:run(347)) - e3b1ee5f-ff3e-466d-8a57-c6afea7503f8@group-37F04239934C-SegmentedRaftLogWorker was interrupted, exiting. There are 0 tasks remaining in the queue.
2023-05-05 09:12:47,835 [grpc-default-executor-5] INFO  server.GrpcLogAppender (GrpcLogAppender.java:onCompleted(415)) - e3b1ee5f-ff3e-466d-8a57-c6afea7503f8@group-37F04239934C->437eba2d-58d6-4629-9360-2128a0cccd66-AppendLogResponseHandler: follower responses appendEntries COMPLETED
2023-05-05 09:12:47,835 [grpc-default-executor-5] WARN  server.GrpcLogAppender (GrpcLogAppender.java:resetClient(137)) - e3b1ee5f-ff3e-466d-8a57-c6afea7503f8@group-37F04239934C->437eba2d-58d6-4629-9360-2128a0cccd66-GrpcLogAppender: Failed to getClient for 437eba2d-58d6-4629-9360-2128a0cccd66
org.apache.ratis.protocol.exceptions.AlreadyClosedException: e3b1ee5f-ff3e-466d-8a57-c6afea7503f8 is already CLOSED
	at org.apache.ratis.util.PeerProxyMap$PeerAndProxy.getProxy(PeerProxyMap.java:61)
	at org.apache.ratis.util.PeerProxyMap.getProxy(PeerProxyMap.java:115)
	at org.apache.ratis.grpc.server.GrpcLogAppender.getClient(GrpcLogAppender.java:116)
	at org.apache.ratis.grpc.server.GrpcLogAppender.resetClient(GrpcLogAppender.java:121)
	at org.apache.ratis.grpc.server.GrpcLogAppender.access$500(GrpcLogAppender.java:58)
	at org.apache.ratis.grpc.server.GrpcLogAppender$AppendLogResponseHandler.onCompleted(GrpcLogAppender.java:416)
	at org.apache.ratis.thirdparty.io.grpc.stub.ClientCalls$StreamObserverToCallListenerAdapter.onClose(ClientCalls.java:485)
	at org.apache.ratis.thirdparty.io.grpc.internal.ClientCallImpl.closeObserver(ClientCallImpl.java:562)
	at org.apache.ratis.thirdparty.io.grpc.internal.ClientCallImpl.access$300(ClientCallImpl.java:70)
	at org.apache.ratis.thirdparty.io.grpc.internal.ClientCallImpl$ClientStreamListenerImpl$1StreamClosed.runInternal(ClientCallImpl.java:743)
	at org.apache.ratis.thirdparty.io.grpc.internal.ClientCallImpl$ClientStreamListenerImpl$1StreamClosed.runInContext(ClientCallImpl.java:722)
	at org.apache.ratis.thirdparty.io.grpc.internal.ContextRunnable.run(ContextRunnable.java:37)
	at org.apache.ratis.thirdparty.io.grpc.internal.SerializingExecutor.run(SerializingExecutor.java:133)
	at java.util.concurrent.ThreadPoolExecutor.runWorker(ThreadPoolExecutor.java:1149)
	at java.util.concurrent.ThreadPoolExecutor$Worker.run(ThreadPoolExecutor.java:624)
	at java.lang.Thread.run(Thread.java:750)
2023-05-05 09:12:47,835 [00583802-0da6-49c8-9580-d04d83e5b4a4-impl-thread2] INFO  server.RaftServer$Division (ServerState.java:close(466)) - 00583802-0da6-49c8-9580-d04d83e5b4a4@group-91207D80BF59: closes. applyIndex: 0
2023-05-05 09:12:47,835 [00583802-0da6-49c8-9580-d04d83e5b4a4@group-91207D80BF59-SegmentedRaftLogWorker] INFO  segmented.SegmentedRaftLogWorker (SegmentedRaftLogWorker.java:run(347)) - 00583802-0da6-49c8-9580-d04d83e5b4a4@group-91207D80BF59-SegmentedRaftLogWorker was interrupted, exiting. There are 0 tasks remaining in the queue.
2023-05-05 09:12:47,836 [grpc-default-executor-5] INFO  server.GrpcLogAppender (GrpcLogAppender.java:onCompleted(415)) - e3b1ee5f-ff3e-466d-8a57-c6afea7503f8@group-37F04239934C->437eba2d-58d6-4629-9360-2128a0cccd66-AppendLogResponseHandler: follower responses appendEntries COMPLETED
2023-05-05 09:12:47,836 [grpc-default-executor-5] WARN  server.GrpcLogAppender (GrpcLogAppender.java:resetClient(137)) - e3b1ee5f-ff3e-466d-8a57-c6afea7503f8@group-37F04239934C->437eba2d-58d6-4629-9360-2128a0cccd66-GrpcLogAppender: Failed to getClient for 437eba2d-58d6-4629-9360-2128a0cccd66
org.apache.ratis.protocol.exceptions.AlreadyClosedException: e3b1ee5f-ff3e-466d-8a57-c6afea7503f8 is already CLOSED
	at org.apache.ratis.util.PeerProxyMap$PeerAndProxy.getProxy(PeerProxyMap.java:61)
	at org.apache.ratis.util.PeerProxyMap.getProxy(PeerProxyMap.java:115)
	at org.apache.ratis.grpc.server.GrpcLogAppender.getClient(GrpcLogAppender.java:116)
	at org.apache.ratis.grpc.server.GrpcLogAppender.resetClient(GrpcLogAppender.java:121)
	at org.apache.ratis.grpc.server.GrpcLogAppender.access$500(GrpcLogAppender.java:58)
	at org.apache.ratis.grpc.server.GrpcLogAppender$AppendLogResponseHandler.onCompleted(GrpcLogAppender.java:416)
	at org.apache.ratis.thirdparty.io.grpc.stub.ClientCalls$StreamObserverToCallListenerAdapter.onClose(ClientCalls.java:485)
	at org.apache.ratis.thirdparty.io.grpc.internal.ClientCallImpl.closeObserver(ClientCallImpl.java:562)
	at org.apache.ratis.thirdparty.io.grpc.internal.ClientCallImpl.access$300(ClientCallImpl.java:70)
	at org.apache.ratis.thirdparty.io.grpc.internal.ClientCallImpl$ClientStreamListenerImpl$1StreamClosed.runInternal(ClientCallImpl.java:743)
	at org.apache.ratis.thirdparty.io.grpc.internal.ClientCallImpl$ClientStreamListenerImpl$1StreamClosed.runInContext(ClientCallImpl.java:722)
	at org.apache.ratis.thirdparty.io.grpc.internal.ContextRunnable.run(ContextRunnable.java:37)
	at org.apache.ratis.thirdparty.io.grpc.internal.SerializingExecutor.run(SerializingExecutor.java:133)
	at java.util.concurrent.ThreadPoolExecutor.runWorker(ThreadPoolExecutor.java:1149)
	at java.util.concurrent.ThreadPoolExecutor$Worker.run(ThreadPoolExecutor.java:624)
	at java.lang.Thread.run(Thread.java:750)
2023-05-05 09:12:47,836 [00583802-0da6-49c8-9580-d04d83e5b4a4@group-3CB6521D8ECB-StateMachineUpdater] INFO  ratis.ContainerStateMachine (ContainerStateMachine.java:takeSnapshot(341)) - group-3CB6521D8ECB: Finished taking a snapshot at:(t:1, i:0) file:/home/runner/work/ozone/ozone/hadoop-ozone/integration-test/target/test-dir/MiniOzoneClusterImpl-4dcb9f95-e710-4738-865b-4645215bc4f4/datanode-0/data/ratis/ec0cdf10-09b8-4fd0-b718-3cb6521d8ecb/sm/snapshot.1_0 took: 9 ms
2023-05-05 09:12:47,836 [00583802-0da6-49c8-9580-d04d83e5b4a4@group-3CB6521D8ECB->e3b1ee5f-ff3e-466d-8a57-c6afea7503f8-GrpcLogAppender-LogAppenderDaemon] WARN  server.GrpcLogAppender (GrpcLogAppender.java:mayWait(200)) - 00583802-0da6-49c8-9580-d04d83e5b4a4@group-3CB6521D8ECB->e3b1ee5f-ff3e-466d-8a57-c6afea7503f8-GrpcLogAppender: Wait interrupted by java.lang.InterruptedException
2023-05-05 09:12:47,836 [00583802-0da6-49c8-9580-d04d83e5b4a4@group-3CB6521D8ECB-StateMachineUpdater] INFO  impl.StateMachineUpdater (StateMachineUpdater.java:takeSnapshot(287)) - 00583802-0da6-49c8-9580-d04d83e5b4a4@group-3CB6521D8ECB-StateMachineUpdater: Took a snapshot at index 0
2023-05-05 09:12:47,836 [00583802-0da6-49c8-9580-d04d83e5b4a4@group-3CB6521D8ECB-StateMachineUpdater] INFO  impl.StateMachineUpdater (StateMachineUpdater.java:lambda$new$0(92)) - 00583802-0da6-49c8-9580-d04d83e5b4a4@group-3CB6521D8ECB-StateMachineUpdater: snapshotIndex: updateIncreasingly -1 -> 0
2023-05-05 09:12:47,836 [e3b1ee5f-ff3e-466d-8a57-c6afea7503f8@group-37F04239934C->00583802-0da6-49c8-9580-d04d83e5b4a4-GrpcLogAppender-LogAppenderDaemon] WARN  server.GrpcLogAppender (GrpcLogAppender.java:mayWait(200)) - e3b1ee5f-ff3e-466d-8a57-c6afea7503f8@group-37F04239934C->00583802-0da6-49c8-9580-d04d83e5b4a4-GrpcLogAppender: Wait interrupted by java.lang.InterruptedException
2023-05-05 09:12:47,836 [00583802-0da6-49c8-9580-d04d83e5b4a4-impl-thread3] INFO  server.RaftServer$Division (ServerState.java:close(466)) - 00583802-0da6-49c8-9580-d04d83e5b4a4@group-3CB6521D8ECB: closes. applyIndex: 0
2023-05-05 09:12:47,837 [00583802-0da6-49c8-9580-d04d83e5b4a4@group-3CB6521D8ECB-SegmentedRaftLogWorker] INFO  segmented.SegmentedRaftLogWorker (SegmentedRaftLogWorker.java:run(347)) - 00583802-0da6-49c8-9580-d04d83e5b4a4@group-3CB6521D8ECB-SegmentedRaftLogWorker was interrupted, exiting. There are 0 tasks remaining in the queue.
2023-05-05 09:12:47,840 [ForkJoinPool.commonPool-worker-0] INFO  server.GrpcServerProtocolClient (GrpcServerProtocolClient.java:close(101)) - e3b1ee5f-ff3e-466d-8a57-c6afea7503f8 Close channels
2023-05-05 09:12:47,837 [e3b1ee5f-ff3e-466d-8a57-c6afea7503f8-impl-thread3] INFO  server.RaftServer$Division (RaftServerImpl.java:lambda$close$4(458)) - e3b1ee5f-ff3e-466d-8a57-c6afea7503f8@group-3CB6521D8ECB: shutdown
2023-05-05 09:12:47,841 [e3b1ee5f-ff3e-466d-8a57-c6afea7503f8-impl-thread3] INFO  util.JmxRegister (JmxRegister.java:unregister(73)) - Successfully un-registered JMX Bean with object name Ratis:service=RaftServer,group=group-3CB6521D8ECB,id=e3b1ee5f-ff3e-466d-8a57-c6afea7503f8
2023-05-05 09:12:47,841 [e3b1ee5f-ff3e-466d-8a57-c6afea7503f8-impl-thread3] INFO  impl.RoleInfo (RoleInfo.java:shutdownFollowerState(110)) - e3b1ee5f-ff3e-466d-8a57-c6afea7503f8: shutdown e3b1ee5f-ff3e-466d-8a57-c6afea7503f8@group-3CB6521D8ECB-FollowerState
2023-05-05 09:12:47,841 [e3b1ee5f-ff3e-466d-8a57-c6afea7503f8@group-3CB6521D8ECB-FollowerState] INFO  impl.FollowerState (FollowerState.java:run(152)) - e3b1ee5f-ff3e-466d-8a57-c6afea7503f8@group-3CB6521D8ECB-FollowerState was interrupted
2023-05-05 09:12:47,841 [e3b1ee5f-ff3e-466d-8a57-c6afea7503f8@group-3CB6521D8ECB-StateMachineUpdater] INFO  ratis.ContainerStateMachine (ContainerStateMachine.java:takeSnapshot(330)) - group-3CB6521D8ECB: Taking a snapshot at:(t:1, i:0) file /home/runner/work/ozone/ozone/hadoop-ozone/integration-test/target/test-dir/MiniOzoneClusterImpl-4dcb9f95-e710-4738-865b-4645215bc4f4/datanode-1/data/ratis/ec0cdf10-09b8-4fd0-b718-3cb6521d8ecb/sm/snapshot.1_0
2023-05-05 09:12:47,841 [e3b1ee5f-ff3e-466d-8a57-c6afea7503f8-impl-thread3] INFO  impl.StateMachineUpdater (StateMachineUpdater.java:stopAndJoin(153)) - e3b1ee5f-ff3e-466d-8a57-c6afea7503f8@group-3CB6521D8ECB-StateMachineUpdater: set stopIndex = 0
2023-05-05 09:12:47,841 [grpc-default-executor-2] INFO  server.GrpcLogAppender (GrpcLogAppender.java:onError(404)) - 00583802-0da6-49c8-9580-d04d83e5b4a4@group-3CB6521D8ECB->e3b1ee5f-ff3e-466d-8a57-c6afea7503f8-GrpcLogAppender is already stopped
2023-05-05 09:12:47,842 [e3b1ee5f-ff3e-466d-8a57-c6afea7503f8-impl-thread2] INFO  segmented.SegmentedRaftLogWorker (SegmentedRaftLogWorker.java:close(257)) - e3b1ee5f-ff3e-466d-8a57-c6afea7503f8@group-0AA125AB99CF-SegmentedRaftLogWorker close()
2023-05-05 09:12:47,842 [00583802-0da6-49c8-9580-d04d83e5b4a4-impl-thread2] INFO  segmented.SegmentedRaftLogWorker (SegmentedRaftLogWorker.java:close(257)) - 00583802-0da6-49c8-9580-d04d83e5b4a4@group-91207D80BF59-SegmentedRaftLogWorker close()
2023-05-05 09:12:47,842 [e3b1ee5f-ff3e-466d-8a57-c6afea7503f8-impl-thread1] INFO  segmented.SegmentedRaftLogWorker (SegmentedRaftLogWorker.java:close(257)) - e3b1ee5f-ff3e-466d-8a57-c6afea7503f8@group-37F04239934C-SegmentedRaftLogWorker close()
2023-05-05 09:12:47,842 [437eba2d-58d6-4629-9360-2128a0cccd66@group-2BA7789E05AF-LeaderElection33] INFO  impl.LeaderElection (LeaderElection.java:askForVotes(312)) - 437eba2d-58d6-4629-9360-2128a0cccd66@group-2BA7789E05AF-LeaderElection33 PRE_VOTE round 0: submit vote requests at term 0 for -1: peers:[437eba2d-58d6-4629-9360-2128a0cccd66|rpc:10.1.0.42:40629|dataStream:10.1.0.42:45909|priority:1|startupRole:FOLLOWER]|listeners:[], old=null
2023-05-05 09:12:47,843 [e3b1ee5f-ff3e-466d-8a57-c6afea7503f8@group-3CB6521D8ECB-StateMachineUpdater] INFO  ratis.ContainerStateMachine (ContainerStateMachine.java:takeSnapshot(341)) - group-3CB6521D8ECB: Finished taking a snapshot at:(t:1, i:0) file:/home/runner/work/ozone/ozone/hadoop-ozone/integration-test/target/test-dir/MiniOzoneClusterImpl-4dcb9f95-e710-4738-865b-4645215bc4f4/datanode-1/data/ratis/ec0cdf10-09b8-4fd0-b718-3cb6521d8ecb/sm/snapshot.1_0 took: 2 ms
2023-05-05 09:12:47,843 [437eba2d-58d6-4629-9360-2128a0cccd66@group-2BA7789E05AF-LeaderElection33] INFO  impl.LeaderElection (LeaderElection.java:askForVotes(314)) - 437eba2d-58d6-4629-9360-2128a0cccd66@group-2BA7789E05AF-LeaderElection33 PRE_VOTE round 0: result PASSED (term=0)
2023-05-05 09:12:47,843 [e3b1ee5f-ff3e-466d-8a57-c6afea7503f8@group-3CB6521D8ECB-StateMachineUpdater] INFO  impl.StateMachineUpdater (StateMachineUpdater.java:takeSnapshot(287)) - e3b1ee5f-ff3e-466d-8a57-c6afea7503f8@group-3CB6521D8ECB-StateMachineUpdater: Took a snapshot at index 0
2023-05-05 09:12:47,843 [e3b1ee5f-ff3e-466d-8a57-c6afea7503f8@group-3CB6521D8ECB-StateMachineUpdater] INFO  impl.StateMachineUpdater (StateMachineUpdater.java:lambda$new$0(92)) - e3b1ee5f-ff3e-466d-8a57-c6afea7503f8@group-3CB6521D8ECB-StateMachineUpdater: snapshotIndex: updateIncreasingly -1 -> 0
2023-05-05 09:12:47,843 [e3b1ee5f-ff3e-466d-8a57-c6afea7503f8-impl-thread3] INFO  server.RaftServer$Division (ServerState.java:close(466)) - e3b1ee5f-ff3e-466d-8a57-c6afea7503f8@group-3CB6521D8ECB: closes. applyIndex: 0
2023-05-05 09:12:47,843 [e3b1ee5f-ff3e-466d-8a57-c6afea7503f8@group-3CB6521D8ECB-SegmentedRaftLogWorker] INFO  segmented.SegmentedRaftLogWorker (SegmentedRaftLogWorker.java:run(347)) - e3b1ee5f-ff3e-466d-8a57-c6afea7503f8@group-3CB6521D8ECB-SegmentedRaftLogWorker was interrupted, exiting. There are 0 tasks remaining in the queue.
2023-05-05 09:12:47,844 [437eba2d-58d6-4629-9360-2128a0cccd66@group-2BA7789E05AF-LeaderElection33] INFO  impl.LeaderElection (LeaderElection.java:askForVotes(312)) - 437eba2d-58d6-4629-9360-2128a0cccd66@group-2BA7789E05AF-LeaderElection33 ELECTION round 0: submit vote requests at term 1 for -1: peers:[437eba2d-58d6-4629-9360-2128a0cccd66|rpc:10.1.0.42:40629|dataStream:10.1.0.42:45909|priority:1|startupRole:FOLLOWER]|listeners:[], old=null
2023-05-05 09:12:47,844 [437eba2d-58d6-4629-9360-2128a0cccd66@group-2BA7789E05AF-LeaderElection33] INFO  impl.LeaderElection (LeaderElection.java:askForVotes(314)) - 437eba2d-58d6-4629-9360-2128a0cccd66@group-2BA7789E05AF-LeaderElection33 ELECTION round 0: result PASSED (term=1)
2023-05-05 09:12:47,844 [437eba2d-58d6-4629-9360-2128a0cccd66@group-2BA7789E05AF-LeaderElection33] INFO  impl.RoleInfo (RoleInfo.java:shutdownLeaderElection(130)) - 437eba2d-58d6-4629-9360-2128a0cccd66: shutdown 437eba2d-58d6-4629-9360-2128a0cccd66@group-2BA7789E05AF-LeaderElection33
2023-05-05 09:12:47,844 [437eba2d-58d6-4629-9360-2128a0cccd66@group-2BA7789E05AF-LeaderElection33] INFO  server.RaftServer$Division (RaftServerImpl.java:setRole(321)) - 437eba2d-58d6-4629-9360-2128a0cccd66@group-2BA7789E05AF: changes role from CANDIDATE to LEADER at term 1 for changeToLeader
2023-05-05 09:12:47,844 [437eba2d-58d6-4629-9360-2128a0cccd66@group-2BA7789E05AF-LeaderElection33] INFO  ratis.XceiverServerRatis (XceiverServerRatis.java:handleLeaderChangedNotification(904)) - Leader change notification received for group: group-2BA7789E05AF with new leaderId: 437eba2d-58d6-4629-9360-2128a0cccd66
2023-05-05 09:12:47,844 [437eba2d-58d6-4629-9360-2128a0cccd66@group-2BA7789E05AF-LeaderElection33] INFO  server.RaftServer$Division (ServerState.java:setLeader(313)) - 437eba2d-58d6-4629-9360-2128a0cccd66@group-2BA7789E05AF: change Leader from null to 437eba2d-58d6-4629-9360-2128a0cccd66 at term 1 for becomeLeader, leader elected after 5069ms
2023-05-05 09:12:47,844 [437eba2d-58d6-4629-9360-2128a0cccd66@group-2BA7789E05AF-LeaderElection33] INFO  server.RaftServerConfigKeys (ConfUtils.java:logGet(46)) - raft.server.staging.catchup.gap = 1000 (default)
2023-05-05 09:12:47,845 [437eba2d-58d6-4629-9360-2128a0cccd66@group-2BA7789E05AF-LeaderElection33] INFO  server.RaftServerConfigKeys (ConfUtils.java:logGet(46)) - raft.server.write.element-limit = 1024 (custom)
2023-05-05 09:12:47,845 [437eba2d-58d6-4629-9360-2128a0cccd66@group-2BA7789E05AF-LeaderElection33] INFO  server.RaftServerConfigKeys (ConfUtils.java:logGet(46)) - raft.server.write.byte-limit = 1024 M (=1073741824) (custom)
2023-05-05 09:12:47,847 [00583802-0da6-49c8-9580-d04d83e5b4a4-impl-thread3] INFO  segmented.SegmentedRaftLogWorker (SegmentedRaftLogWorker.java:close(257)) - 00583802-0da6-49c8-9580-d04d83e5b4a4@group-3CB6521D8ECB-SegmentedRaftLogWorker close()
2023-05-05 09:12:47,847 [e3b1ee5f-ff3e-466d-8a57-c6afea7503f8-impl-thread3] INFO  segmented.SegmentedRaftLogWorker (SegmentedRaftLogWorker.java:close(257)) - e3b1ee5f-ff3e-466d-8a57-c6afea7503f8@group-3CB6521D8ECB-SegmentedRaftLogWorker close()
2023-05-05 09:12:47,847 [437eba2d-58d6-4629-9360-2128a0cccd66@group-2BA7789E05AF-LeaderElection33] INFO  server.RaftServerConfigKeys (ConfUtils.java:logGet(46)) - raft.server.watch.timeout = 180s (custom)
2023-05-05 09:12:47,848 [437eba2d-58d6-4629-9360-2128a0cccd66@group-2BA7789E05AF-LeaderElection33] INFO  server.RaftServerConfigKeys (ConfUtils.java:logGet(46)) - raft.server.watch.timeout.denomination = 1s (default)
2023-05-05 09:12:47,848 [437eba2d-58d6-4629-9360-2128a0cccd66@group-2BA7789E05AF-LeaderElection33] INFO  server.RaftServerConfigKeys (ConfUtils.java:logGet(46)) - raft.server.watch.element-limit = 65536 (default)
2023-05-05 09:12:47,848 [437eba2d-58d6-4629-9360-2128a0cccd66@group-2BA7789E05AF-LeaderElection33] INFO  server.RaftServerConfigKeys (ConfUtils.java:logGet(46)) - raft.server.write.element-limit = 1024 (custom)
2023-05-05 09:12:47,848 [437eba2d-58d6-4629-9360-2128a0cccd66@group-2BA7789E05AF-LeaderElection33] INFO  server.RaftServerConfigKeys (ConfUtils.java:logGet(46)) - raft.server.write.follower.gap.ratio.max = -1.0 (default)
2023-05-05 09:12:47,848 [437eba2d-58d6-4629-9360-2128a0cccd66@group-2BA7789E05AF-LeaderElection33] INFO  impl.RoleInfo (RoleInfo.java:updateAndGet(139)) - 437eba2d-58d6-4629-9360-2128a0cccd66: start 437eba2d-58d6-4629-9360-2128a0cccd66@group-2BA7789E05AF-LeaderStateImpl
2023-05-05 09:12:47,848 [437eba2d-58d6-4629-9360-2128a0cccd66@group-2BA7789E05AF-LeaderElection33] INFO  segmented.SegmentedRaftLogWorker (SegmentedRaftLogWorker.java:startLogSegment(452)) - 437eba2d-58d6-4629-9360-2128a0cccd66@group-2BA7789E05AF-SegmentedRaftLogWorker: Starting segment from index:0
2023-05-05 09:12:47,854 [Listener at 127.0.0.1/42865] INFO  server.GrpcServerProtocolClient (GrpcServerProtocolClient.java:close(101)) - 00583802-0da6-49c8-9580-d04d83e5b4a4 Close channels
2023-05-05 09:12:47,854 [ForkJoinPool.commonPool-worker-0] INFO  server.GrpcService (GrpcService.java:closeImpl(280)) - 00583802-0da6-49c8-9580-d04d83e5b4a4: shutdown server GrpcServerProtocolService successfully
2023-05-05 09:12:47,859 [437eba2d-58d6-4629-9360-2128a0cccd66@group-2BA7789E05AF-SegmentedRaftLogWorker] INFO  segmented.SegmentedRaftLogWorker (SegmentedRaftLogWorker.java:execute(656)) - 437eba2d-58d6-4629-9360-2128a0cccd66@group-2BA7789E05AF-SegmentedRaftLogWorker: created new log segment /home/runner/work/ozone/ozone/hadoop-ozone/integration-test/target/test-dir/MiniOzoneClusterImpl-4dcb9f95-e710-4738-865b-4645215bc4f4/datanode-2/data/ratis/6101422d-55cf-4b5b-8bf4-2ba7789e05af/current/log_inprogress_0
2023-05-05 09:12:47,859 [00583802-0da6-49c8-9580-d04d83e5b4a4-NettyServerStreamRpc-bossGroup--thread1] INFO  logging.LoggingHandler (AbstractInternalLogger.java:log(148)) - [id: 0x38194266, L:/0:0:0:0:0:0:0:0:46501] CLOSE
2023-05-05 09:12:47,860 [437eba2d-58d6-4629-9360-2128a0cccd66@group-2BA7789E05AF-LeaderElection33] INFO  server.RaftServer$Division (ServerState.java:setRaftConf(430)) - 437eba2d-58d6-4629-9360-2128a0cccd66@group-2BA7789E05AF: set configuration 0: peers:[437eba2d-58d6-4629-9360-2128a0cccd66|rpc:10.1.0.42:40629|dataStream:10.1.0.42:45909|priority:1|startupRole:FOLLOWER]|listeners:[], old=null
2023-05-05 09:12:47,860 [00583802-0da6-49c8-9580-d04d83e5b4a4-NettyServerStreamRpc-bossGroup--thread1] INFO  logging.LoggingHandler (AbstractInternalLogger.java:log(148)) - [id: 0x38194266, L:/0:0:0:0:0:0:0:0:46501] INACTIVE
2023-05-05 09:12:47,860 [00583802-0da6-49c8-9580-d04d83e5b4a4-NettyServerStreamRpc-bossGroup--thread1] INFO  logging.LoggingHandler (AbstractInternalLogger.java:log(148)) - [id: 0x38194266, L:/0:0:0:0:0:0:0:0:46501] UNREGISTERED
2023-05-05 09:12:47,873 [Listener at 127.0.0.1/42865] INFO  server.GrpcService (GrpcService.java:closeImpl(280)) - e3b1ee5f-ff3e-466d-8a57-c6afea7503f8: shutdown server GrpcServerProtocolService successfully
2023-05-05 09:12:47,873 [e3b1ee5f-ff3e-466d-8a57-c6afea7503f8-NettyServerStreamRpc-bossGroup--thread1] INFO  logging.LoggingHandler (AbstractInternalLogger.java:log(148)) - [id: 0xe11fe434, L:/0:0:0:0:0:0:0:0:36275] CLOSE
2023-05-05 09:12:47,873 [e3b1ee5f-ff3e-466d-8a57-c6afea7503f8-NettyServerStreamRpc-bossGroup--thread1] INFO  logging.LoggingHandler (AbstractInternalLogger.java:log(148)) - [id: 0xe11fe434, L:/0:0:0:0:0:0:0:0:36275] INACTIVE
2023-05-05 09:12:47,873 [e3b1ee5f-ff3e-466d-8a57-c6afea7503f8-NettyServerStreamRpc-bossGroup--thread1] INFO  logging.LoggingHandler (AbstractInternalLogger.java:log(148)) - [id: 0xe11fe434, L:/0:0:0:0:0:0:0:0:36275] UNREGISTERED
2023-05-05 09:12:47,881 [JvmPauseMonitor17] INFO  util.JvmPauseMonitor (JvmPauseMonitor.java:run(111)) - JvmPauseMonitor-00583802-0da6-49c8-9580-d04d83e5b4a4: Stopped
2023-05-05 09:12:47,884 [JvmPauseMonitor18] INFO  util.JvmPauseMonitor (JvmPauseMonitor.java:run(111)) - JvmPauseMonitor-e3b1ee5f-ff3e-466d-8a57-c6afea7503f8: Stopped
2023-05-05 09:12:49,893 [Listener at 127.0.0.1/42865] INFO  volume.HddsVolume (HddsVolume.java:closeDbStore(437)) - SchemaV3 db is stopped at /home/runner/work/ozone/ozone/hadoop-ozone/integration-test/target/test-dir/MiniOzoneClusterImpl-4dcb9f95-e710-4738-865b-4645215bc4f4/datanode-1/data-0/containers/hdds/4dcb9f95-e710-4738-865b-4645215bc4f4/DS-c65ab92a-e5d9-4be7-9b8f-e34c3eecbd06/container.db for volume DS-c65ab92a-e5d9-4be7-9b8f-e34c3eecbd06
2023-05-05 09:12:49,893 [Listener at 127.0.0.1/42865] INFO  utils.BackgroundService (BackgroundService.java:shutdown(141)) - Shutting down service BlockDeletingService
2023-05-05 09:12:49,894 [Listener at 127.0.0.1/42865] INFO  utils.BackgroundService (BackgroundService.java:shutdown(141)) - Shutting down service StaleRecoveringContainerScrubbingService
2023-05-05 09:12:49,897 [ForkJoinPool.commonPool-worker-0] INFO  volume.HddsVolume (HddsVolume.java:closeDbStore(437)) - SchemaV3 db is stopped at /home/runner/work/ozone/ozone/hadoop-ozone/integration-test/target/test-dir/MiniOzoneClusterImpl-4dcb9f95-e710-4738-865b-4645215bc4f4/datanode-0/data-0/containers/hdds/4dcb9f95-e710-4738-865b-4645215bc4f4/DS-a0f9b12a-2d2a-4047-ae22-09e7471b6ba7/container.db for volume DS-a0f9b12a-2d2a-4047-ae22-09e7471b6ba7
2023-05-05 09:12:49,897 [ForkJoinPool.commonPool-worker-0] INFO  utils.BackgroundService (BackgroundService.java:shutdown(141)) - Shutting down service BlockDeletingService
2023-05-05 09:12:49,897 [ForkJoinPool.commonPool-worker-0] INFO  utils.BackgroundService (BackgroundService.java:shutdown(141)) - Shutting down service StaleRecoveringContainerScrubbingService
2023-05-05 09:12:49,900 [ForkJoinPool.commonPool-worker-0] INFO  statemachine.DatanodeStateMachine (DatanodeStateMachine.java:stopDaemon(608)) - Ozone container server stopped.
2023-05-05 09:12:49,904 [Listener at 127.0.0.1/42865] INFO  statemachine.DatanodeStateMachine (DatanodeStateMachine.java:stopDaemon(608)) - Ozone container server stopped.
2023-05-05 09:12:49,914 [ForkJoinPool.commonPool-worker-0] INFO  handler.ContextHandler (ContextHandler.java:doStop(1159)) - Stopped o.e.j.w.WebAppContext@7eabb37c{hddsDatanode,/,null,STOPPED}{jar:file:/home/runner/.m2/repository/org/apache/ozone/hdds-container-service/1.4.0-SNAPSHOT/hdds-container-service-1.4.0-SNAPSHOT.jar!/webapps/hddsDatanode}
2023-05-05 09:12:49,914 [ForkJoinPool.commonPool-worker-0] INFO  server.AbstractConnector (AbstractConnector.java:doStop(383)) - Stopped ServerConnector@3c8b3508{HTTP/1.1, (http/1.1)}{0.0.0.0:0}
2023-05-05 09:12:49,914 [ForkJoinPool.commonPool-worker-0] INFO  server.session (HouseKeeper.java:stopScavenging(149)) - node0 Stopped scavenging
2023-05-05 09:12:49,915 [ForkJoinPool.commonPool-worker-0] INFO  handler.ContextHandler (ContextHandler.java:doStop(1159)) - Stopped o.e.j.s.ServletContextHandler@7a6864d6{static,/static,jar:file:/home/runner/.m2/repository/org/apache/ozone/hdds-container-service/1.4.0-SNAPSHOT/hdds-container-service-1.4.0-SNAPSHOT.jar!/webapps/static,STOPPED}
2023-05-05 09:12:49,916 [ForkJoinPool.commonPool-worker-0] INFO  handler.ContextHandler (ContextHandler.java:doStop(1159)) - Stopped o.e.j.s.ServletContextHandler@3013fde6{logs,/logs,file:///home/runner/work/ozone/ozone/hadoop-ozone/integration-test/target/log,STOPPED}
2023-05-05 09:12:49,917 [Listener at 127.0.0.1/42865] INFO  handler.ContextHandler (ContextHandler.java:doStop(1159)) - Stopped o.e.j.w.WebAppContext@513418cd{hddsDatanode,/,null,STOPPED}{jar:file:/home/runner/.m2/repository/org/apache/ozone/hdds-container-service/1.4.0-SNAPSHOT/hdds-container-service-1.4.0-SNAPSHOT.jar!/webapps/hddsDatanode}
2023-05-05 09:12:49,920 [ForkJoinPool.commonPool-worker-0] INFO  ozoneimpl.OzoneContainer (OzoneContainer.java:stop(419)) - Attempting to stop container services.
2023-05-05 09:12:49,920 [Listener at 127.0.0.1/42865] INFO  server.AbstractConnector (AbstractConnector.java:doStop(383)) - Stopped ServerConnector@2a7dbfdd{HTTP/1.1, (http/1.1)}{0.0.0.0:0}
2023-05-05 09:12:49,920 [Listener at 127.0.0.1/42865] INFO  server.session (HouseKeeper.java:stopScavenging(149)) - node0 Stopped scavenging
2023-05-05 09:12:49,921 [ForkJoinPool.commonPool-worker-0] INFO  server.RaftServer (RaftServerProxy.java:lambda$close$6(409)) - 437eba2d-58d6-4629-9360-2128a0cccd66: close
2023-05-05 09:12:49,921 [437eba2d-58d6-4629-9360-2128a0cccd66-impl-thread1] INFO  server.RaftServer$Division (RaftServerImpl.java:lambda$close$4(458)) - 437eba2d-58d6-4629-9360-2128a0cccd66@group-37F04239934C: shutdown
2023-05-05 09:12:49,921 [437eba2d-58d6-4629-9360-2128a0cccd66-impl-thread1] INFO  util.JmxRegister (JmxRegister.java:unregister(73)) - Successfully un-registered JMX Bean with object name Ratis:service=RaftServer,group=group-37F04239934C,id=437eba2d-58d6-4629-9360-2128a0cccd66
2023-05-05 09:12:49,921 [437eba2d-58d6-4629-9360-2128a0cccd66-impl-thread1] INFO  impl.RoleInfo (RoleInfo.java:shutdownFollowerState(110)) - 437eba2d-58d6-4629-9360-2128a0cccd66: shutdown 437eba2d-58d6-4629-9360-2128a0cccd66@group-37F04239934C-FollowerState
2023-05-05 09:12:49,921 [437eba2d-58d6-4629-9360-2128a0cccd66-impl-thread1] INFO  impl.StateMachineUpdater (StateMachineUpdater.java:stopAndJoin(153)) - 437eba2d-58d6-4629-9360-2128a0cccd66@group-37F04239934C-StateMachineUpdater: set stopIndex = 0
2023-05-05 09:12:49,921 [437eba2d-58d6-4629-9360-2128a0cccd66@group-37F04239934C-FollowerState] INFO  impl.FollowerState (FollowerState.java:run(152)) - 437eba2d-58d6-4629-9360-2128a0cccd66@group-37F04239934C-FollowerState was interrupted
2023-05-05 09:12:49,922 [437eba2d-58d6-4629-9360-2128a0cccd66@group-37F04239934C-StateMachineUpdater] INFO  ratis.ContainerStateMachine (ContainerStateMachine.java:takeSnapshot(330)) - group-37F04239934C: Taking a snapshot at:(t:1, i:0) file /home/runner/work/ozone/ozone/hadoop-ozone/integration-test/target/test-dir/MiniOzoneClusterImpl-4dcb9f95-e710-4738-865b-4645215bc4f4/datanode-2/data/ratis/635d7c40-a330-4127-a96b-37f04239934c/sm/snapshot.1_0
2023-05-05 09:12:49,923 [437eba2d-58d6-4629-9360-2128a0cccd66-impl-thread2] INFO  server.RaftServer$Division (RaftServerImpl.java:lambda$close$4(458)) - 437eba2d-58d6-4629-9360-2128a0cccd66@group-2BA7789E05AF: shutdown
2023-05-05 09:12:49,923 [437eba2d-58d6-4629-9360-2128a0cccd66-impl-thread2] INFO  util.JmxRegister (JmxRegister.java:unregister(73)) - Successfully un-registered JMX Bean with object name Ratis:service=RaftServer,group=group-2BA7789E05AF,id=437eba2d-58d6-4629-9360-2128a0cccd66
2023-05-05 09:12:49,923 [437eba2d-58d6-4629-9360-2128a0cccd66-impl-thread2] INFO  impl.RoleInfo (RoleInfo.java:shutdownLeaderState(93)) - 437eba2d-58d6-4629-9360-2128a0cccd66: shutdown 437eba2d-58d6-4629-9360-2128a0cccd66@group-2BA7789E05AF-LeaderStateImpl
2023-05-05 09:12:49,923 [437eba2d-58d6-4629-9360-2128a0cccd66@group-37F04239934C-StateMachineUpdater] INFO  ratis.ContainerStateMachine (ContainerStateMachine.java:takeSnapshot(341)) - group-37F04239934C: Finished taking a snapshot at:(t:1, i:0) file:/home/runner/work/ozone/ozone/hadoop-ozone/integration-test/target/test-dir/MiniOzoneClusterImpl-4dcb9f95-e710-4738-865b-4645215bc4f4/datanode-2/data/ratis/635d7c40-a330-4127-a96b-37f04239934c/sm/snapshot.1_0 took: 2 ms
2023-05-05 09:12:49,923 [437eba2d-58d6-4629-9360-2128a0cccd66@group-37F04239934C-StateMachineUpdater] INFO  impl.StateMachineUpdater (StateMachineUpdater.java:takeSnapshot(287)) - 437eba2d-58d6-4629-9360-2128a0cccd66@group-37F04239934C-StateMachineUpdater: Took a snapshot at index 0
2023-05-05 09:12:49,923 [437eba2d-58d6-4629-9360-2128a0cccd66@group-37F04239934C-StateMachineUpdater] INFO  impl.StateMachineUpdater (StateMachineUpdater.java:lambda$new$0(92)) - 437eba2d-58d6-4629-9360-2128a0cccd66@group-37F04239934C-StateMachineUpdater: snapshotIndex: updateIncreasingly -1 -> 0
2023-05-05 09:12:49,924 [437eba2d-58d6-4629-9360-2128a0cccd66-impl-thread1] INFO  server.RaftServer$Division (ServerState.java:close(466)) - 437eba2d-58d6-4629-9360-2128a0cccd66@group-37F04239934C: closes. applyIndex: 0
2023-05-05 09:12:49,924 [437eba2d-58d6-4629-9360-2128a0cccd66-impl-thread2] INFO  impl.PendingRequests (PendingRequests.java:sendNotLeaderResponses(282)) - 437eba2d-58d6-4629-9360-2128a0cccd66@group-2BA7789E05AF-PendingRequests: sendNotLeaderResponses
2023-05-05 09:12:49,924 [437eba2d-58d6-4629-9360-2128a0cccd66@group-2BA7789E05AF-StateMachineUpdater] INFO  ratis.ContainerStateMachine (ContainerStateMachine.java:takeSnapshot(330)) - group-2BA7789E05AF: Taking a snapshot at:(t:1, i:0) file /home/runner/work/ozone/ozone/hadoop-ozone/integration-test/target/test-dir/MiniOzoneClusterImpl-4dcb9f95-e710-4738-865b-4645215bc4f4/datanode-2/data/ratis/6101422d-55cf-4b5b-8bf4-2ba7789e05af/sm/snapshot.1_0
2023-05-05 09:12:49,925 [437eba2d-58d6-4629-9360-2128a0cccd66-impl-thread2] INFO  impl.StateMachineUpdater (StateMachineUpdater.java:stopAndJoin(153)) - 437eba2d-58d6-4629-9360-2128a0cccd66@group-2BA7789E05AF-StateMachineUpdater: set stopIndex = 0
2023-05-05 09:12:49,925 [437eba2d-58d6-4629-9360-2128a0cccd66@group-2BA7789E05AF-StateMachineUpdater] INFO  ratis.ContainerStateMachine (ContainerStateMachine.java:takeSnapshot(341)) - group-2BA7789E05AF: Finished taking a snapshot at:(t:1, i:0) file:/home/runner/work/ozone/ozone/hadoop-ozone/integration-test/target/test-dir/MiniOzoneClusterImpl-4dcb9f95-e710-4738-865b-4645215bc4f4/datanode-2/data/ratis/6101422d-55cf-4b5b-8bf4-2ba7789e05af/sm/snapshot.1_0 took: 0 ms
2023-05-05 09:12:49,925 [437eba2d-58d6-4629-9360-2128a0cccd66@group-2BA7789E05AF-StateMachineUpdater] INFO  impl.StateMachineUpdater (StateMachineUpdater.java:takeSnapshot(287)) - 437eba2d-58d6-4629-9360-2128a0cccd66@group-2BA7789E05AF-StateMachineUpdater: Took a snapshot at index 0
2023-05-05 09:12:49,925 [437eba2d-58d6-4629-9360-2128a0cccd66@group-2BA7789E05AF-StateMachineUpdater] INFO  impl.StateMachineUpdater (StateMachineUpdater.java:lambda$new$0(92)) - 437eba2d-58d6-4629-9360-2128a0cccd66@group-2BA7789E05AF-StateMachineUpdater: snapshotIndex: updateIncreasingly -1 -> 0
2023-05-05 09:12:49,925 [Listener at 127.0.0.1/42865] INFO  handler.ContextHandler (ContextHandler.java:doStop(1159)) - Stopped o.e.j.s.ServletContextHandler@11f5d87e{static,/static,jar:file:/home/runner/.m2/repository/org/apache/ozone/hdds-container-service/1.4.0-SNAPSHOT/hdds-container-service-1.4.0-SNAPSHOT.jar!/webapps/static,STOPPED}
2023-05-05 09:12:49,925 [437eba2d-58d6-4629-9360-2128a0cccd66-impl-thread2] INFO  server.RaftServer$Division (ServerState.java:close(466)) - 437eba2d-58d6-4629-9360-2128a0cccd66@group-2BA7789E05AF: closes. applyIndex: 0
2023-05-05 09:12:49,925 [Listener at 127.0.0.1/42865] INFO  handler.ContextHandler (ContextHandler.java:doStop(1159)) - Stopped o.e.j.s.ServletContextHandler@6c43b886{logs,/logs,file:///home/runner/work/ozone/ozone/hadoop-ozone/integration-test/target/log,STOPPED}
2023-05-05 09:12:49,925 [ForkJoinPool.commonPool-worker-0] INFO  server.GrpcService (GrpcService.java:closeImpl(271)) - 437eba2d-58d6-4629-9360-2128a0cccd66: shutdown server GrpcServerProtocolService now
2023-05-05 09:12:49,925 [437eba2d-58d6-4629-9360-2128a0cccd66-impl-thread3] INFO  server.RaftServer$Division (RaftServerImpl.java:lambda$close$4(458)) - 437eba2d-58d6-4629-9360-2128a0cccd66@group-3CB6521D8ECB: shutdown
2023-05-05 09:12:49,926 [437eba2d-58d6-4629-9360-2128a0cccd66-impl-thread3] INFO  util.JmxRegister (JmxRegister.java:unregister(73)) - Successfully un-registered JMX Bean with object name Ratis:service=RaftServer,group=group-3CB6521D8ECB,id=437eba2d-58d6-4629-9360-2128a0cccd66
2023-05-05 09:12:49,926 [437eba2d-58d6-4629-9360-2128a0cccd66-impl-thread3] INFO  impl.RoleInfo (RoleInfo.java:shutdownFollowerState(110)) - 437eba2d-58d6-4629-9360-2128a0cccd66: shutdown 437eba2d-58d6-4629-9360-2128a0cccd66@group-3CB6521D8ECB-FollowerState
2023-05-05 09:12:49,926 [437eba2d-58d6-4629-9360-2128a0cccd66@group-3CB6521D8ECB-FollowerState] INFO  impl.FollowerState (FollowerState.java:run(152)) - 437eba2d-58d6-4629-9360-2128a0cccd66@group-3CB6521D8ECB-FollowerState was interrupted
2023-05-05 09:12:49,926 [437eba2d-58d6-4629-9360-2128a0cccd66-impl-thread3] INFO  impl.StateMachineUpdater (StateMachineUpdater.java:stopAndJoin(153)) - 437eba2d-58d6-4629-9360-2128a0cccd66@group-3CB6521D8ECB-StateMachineUpdater: set stopIndex = 0
2023-05-05 09:12:49,926 [437eba2d-58d6-4629-9360-2128a0cccd66@group-3CB6521D8ECB-StateMachineUpdater] INFO  ratis.ContainerStateMachine (ContainerStateMachine.java:takeSnapshot(330)) - group-3CB6521D8ECB: Taking a snapshot at:(t:1, i:0) file /home/runner/work/ozone/ozone/hadoop-ozone/integration-test/target/test-dir/MiniOzoneClusterImpl-4dcb9f95-e710-4738-865b-4645215bc4f4/datanode-2/data/ratis/ec0cdf10-09b8-4fd0-b718-3cb6521d8ecb/sm/snapshot.1_0
2023-05-05 09:12:49,929 [437eba2d-58d6-4629-9360-2128a0cccd66@group-3CB6521D8ECB-StateMachineUpdater] INFO  ratis.ContainerStateMachine (ContainerStateMachine.java:takeSnapshot(341)) - group-3CB6521D8ECB: Finished taking a snapshot at:(t:1, i:0) file:/home/runner/work/ozone/ozone/hadoop-ozone/integration-test/target/test-dir/MiniOzoneClusterImpl-4dcb9f95-e710-4738-865b-4645215bc4f4/datanode-2/data/ratis/ec0cdf10-09b8-4fd0-b718-3cb6521d8ecb/sm/snapshot.1_0 took: 3 ms
2023-05-05 09:12:49,929 [437eba2d-58d6-4629-9360-2128a0cccd66@group-3CB6521D8ECB-StateMachineUpdater] INFO  impl.StateMachineUpdater (StateMachineUpdater.java:takeSnapshot(287)) - 437eba2d-58d6-4629-9360-2128a0cccd66@group-3CB6521D8ECB-StateMachineUpdater: Took a snapshot at index 0
2023-05-05 09:12:49,929 [437eba2d-58d6-4629-9360-2128a0cccd66@group-3CB6521D8ECB-StateMachineUpdater] INFO  impl.StateMachineUpdater (StateMachineUpdater.java:lambda$new$0(92)) - 437eba2d-58d6-4629-9360-2128a0cccd66@group-3CB6521D8ECB-StateMachineUpdater: snapshotIndex: updateIncreasingly -1 -> 0
2023-05-05 09:12:49,929 [437eba2d-58d6-4629-9360-2128a0cccd66-impl-thread3] INFO  server.RaftServer$Division (ServerState.java:close(466)) - 437eba2d-58d6-4629-9360-2128a0cccd66@group-3CB6521D8ECB: closes. applyIndex: 0
2023-05-05 09:12:49,929 [437eba2d-58d6-4629-9360-2128a0cccd66@group-3CB6521D8ECB-SegmentedRaftLogWorker] INFO  segmented.SegmentedRaftLogWorker (SegmentedRaftLogWorker.java:run(347)) - 437eba2d-58d6-4629-9360-2128a0cccd66@group-3CB6521D8ECB-SegmentedRaftLogWorker was interrupted, exiting. There are 0 tasks remaining in the queue.
2023-05-05 09:12:49,931 [437eba2d-58d6-4629-9360-2128a0cccd66@group-2BA7789E05AF-SegmentedRaftLogWorker] INFO  segmented.SegmentedRaftLogWorker (SegmentedRaftLogWorker.java:run(347)) - 437eba2d-58d6-4629-9360-2128a0cccd66@group-2BA7789E05AF-SegmentedRaftLogWorker was interrupted, exiting. There are 0 tasks remaining in the queue.
2023-05-05 09:12:49,931 [437eba2d-58d6-4629-9360-2128a0cccd66@group-37F04239934C-SegmentedRaftLogWorker] INFO  segmented.SegmentedRaftLogWorker (SegmentedRaftLogWorker.java:run(347)) - 437eba2d-58d6-4629-9360-2128a0cccd66@group-37F04239934C-SegmentedRaftLogWorker was interrupted, exiting. There are 0 tasks remaining in the queue.
2023-05-05 09:12:49,932 [437eba2d-58d6-4629-9360-2128a0cccd66-impl-thread1] INFO  segmented.SegmentedRaftLogWorker (SegmentedRaftLogWorker.java:close(257)) - 437eba2d-58d6-4629-9360-2128a0cccd66@group-37F04239934C-SegmentedRaftLogWorker close()
2023-05-05 09:12:49,932 [437eba2d-58d6-4629-9360-2128a0cccd66-impl-thread3] INFO  segmented.SegmentedRaftLogWorker (SegmentedRaftLogWorker.java:close(257)) - 437eba2d-58d6-4629-9360-2128a0cccd66@group-3CB6521D8ECB-SegmentedRaftLogWorker close()
2023-05-05 09:12:49,937 [ForkJoinPool.commonPool-worker-0] INFO  server.GrpcService (GrpcService.java:closeImpl(280)) - 437eba2d-58d6-4629-9360-2128a0cccd66: shutdown server GrpcServerProtocolService successfully
2023-05-05 09:12:49,938 [437eba2d-58d6-4629-9360-2128a0cccd66-NettyServerStreamRpc-bossGroup--thread1] INFO  logging.LoggingHandler (AbstractInternalLogger.java:log(148)) - [id: 0x29264518, L:/0:0:0:0:0:0:0:0:45909] CLOSE
2023-05-05 09:12:49,938 [437eba2d-58d6-4629-9360-2128a0cccd66-NettyServerStreamRpc-bossGroup--thread1] INFO  logging.LoggingHandler (AbstractInternalLogger.java:log(148)) - [id: 0x29264518, L:/0:0:0:0:0:0:0:0:45909] INACTIVE
2023-05-05 09:12:49,938 [437eba2d-58d6-4629-9360-2128a0cccd66-NettyServerStreamRpc-bossGroup--thread1] INFO  logging.LoggingHandler (AbstractInternalLogger.java:log(148)) - [id: 0x29264518, L:/0:0:0:0:0:0:0:0:45909] UNREGISTERED
2023-05-05 09:12:49,938 [437eba2d-58d6-4629-9360-2128a0cccd66-impl-thread2] INFO  segmented.SegmentedRaftLogWorker (SegmentedRaftLogWorker.java:close(257)) - 437eba2d-58d6-4629-9360-2128a0cccd66@group-2BA7789E05AF-SegmentedRaftLogWorker close()
2023-05-05 09:12:49,945 [JvmPauseMonitor19] INFO  util.JvmPauseMonitor (JvmPauseMonitor.java:run(111)) - JvmPauseMonitor-437eba2d-58d6-4629-9360-2128a0cccd66: Stopped
2023-05-05 09:12:51,950 [ForkJoinPool.commonPool-worker-0] INFO  volume.HddsVolume (HddsVolume.java:closeDbStore(437)) - SchemaV3 db is stopped at /home/runner/work/ozone/ozone/hadoop-ozone/integration-test/target/test-dir/MiniOzoneClusterImpl-4dcb9f95-e710-4738-865b-4645215bc4f4/datanode-2/data-0/containers/hdds/4dcb9f95-e710-4738-865b-4645215bc4f4/DS-7bd46819-e089-4e50-83cd-4e32540f6aba/container.db for volume DS-7bd46819-e089-4e50-83cd-4e32540f6aba
2023-05-05 09:12:51,950 [ForkJoinPool.commonPool-worker-0] INFO  utils.BackgroundService (BackgroundService.java:shutdown(141)) - Shutting down service BlockDeletingService
2023-05-05 09:12:51,951 [ForkJoinPool.commonPool-worker-0] INFO  utils.BackgroundService (BackgroundService.java:shutdown(141)) - Shutting down service StaleRecoveringContainerScrubbingService
2023-05-05 09:12:51,952 [ForkJoinPool.commonPool-worker-0] INFO  statemachine.DatanodeStateMachine (DatanodeStateMachine.java:stopDaemon(608)) - Ozone container server stopped.
2023-05-05 09:12:51,962 [ForkJoinPool.commonPool-worker-0] INFO  handler.ContextHandler (ContextHandler.java:doStop(1159)) - Stopped o.e.j.w.WebAppContext@5239421d{hddsDatanode,/,null,STOPPED}{jar:file:/home/runner/.m2/repository/org/apache/ozone/hdds-container-service/1.4.0-SNAPSHOT/hdds-container-service-1.4.0-SNAPSHOT.jar!/webapps/hddsDatanode}
2023-05-05 09:12:51,962 [ForkJoinPool.commonPool-worker-0] INFO  server.AbstractConnector (AbstractConnector.java:doStop(383)) - Stopped ServerConnector@2f75fbf2{HTTP/1.1, (http/1.1)}{0.0.0.0:0}
2023-05-05 09:12:51,962 [ForkJoinPool.commonPool-worker-0] INFO  server.session (HouseKeeper.java:stopScavenging(149)) - node0 Stopped scavenging
2023-05-05 09:12:51,964 [ForkJoinPool.commonPool-worker-0] INFO  handler.ContextHandler (ContextHandler.java:doStop(1159)) - Stopped o.e.j.s.ServletContextHandler@5f3bab78{static,/static,jar:file:/home/runner/.m2/repository/org/apache/ozone/hdds-container-service/1.4.0-SNAPSHOT/hdds-container-service-1.4.0-SNAPSHOT.jar!/webapps/static,STOPPED}
2023-05-05 09:12:51,964 [ForkJoinPool.commonPool-worker-0] INFO  handler.ContextHandler (ContextHandler.java:doStop(1159)) - Stopped o.e.j.s.ServletContextHandler@11c641a3{logs,/logs,file:///home/runner/work/ozone/ozone/hadoop-ozone/integration-test/target/log,STOPPED}
2023-05-05 09:12:51,968 [Listener at 127.0.0.1/42865] INFO  ozone.MiniOzoneClusterImpl (MiniOzoneClusterImpl.java:stopSCM(552)) - Stopping the StorageContainerManager
2023-05-05 09:12:51,968 [Listener at 127.0.0.1/42865] INFO  server.StorageContainerManager (StorageContainerManager.java:stop(1578)) - Container Balancer is not running.
2023-05-05 09:12:51,968 [Listener at 127.0.0.1/42865] INFO  server.StorageContainerManager (StorageContainerManager.java:stopReplicationManager(1709)) - Stopping Replication Manager Service.
2023-05-05 09:12:51,968 [Listener at 127.0.0.1/42865] INFO  replication.ReplicationManager (ReplicationManager.java:stop(326)) - Stopping Replication Monitor Thread.
2023-05-05 09:12:51,968 [Listener at 127.0.0.1/42865] INFO  server.StorageContainerManager (StorageContainerManager.java:stop(1587)) - Stopping the Datanode Admin Monitor.
2023-05-05 09:12:51,968 [Listener at 127.0.0.1/42865] INFO  server.StorageContainerManager (StorageContainerManager.java:stop(1594)) - Stopping datanode service RPC server
2023-05-05 09:12:51,968 [Listener at 127.0.0.1/42865] INFO  server.SCMDatanodeProtocolServer (SCMDatanodeProtocolServer.java:stop(424)) - Stopping the RPC server for DataNodes
2023-05-05 09:12:51,968 [Listener at 127.0.0.1/42865] INFO  ipc.Server (Server.java:stop(3501)) - Stopping server on 39903
2023-05-05 09:12:51,968 [Under Replicated Processor] WARN  replication.UnhealthyReplicationProcessor (UnhealthyReplicationProcessor.java:run(167)) - Under Replicated Processor interrupted. Exiting...
2023-05-05 09:12:51,969 [Over Replicated Processor] WARN  replication.UnhealthyReplicationProcessor (UnhealthyReplicationProcessor.java:run(167)) - Over Replicated Processor interrupted. Exiting...
2023-05-05 09:12:51,969 [ReplicationMonitor] INFO  replication.ReplicationManager (ReplicationManager.java:run(937)) - Replication Monitor Thread is stopped
2023-05-05 09:12:51,970 [IPC Server Responder] INFO  ipc.Server (Server.java:run(1563)) - Stopping IPC Server Responder
2023-05-05 09:12:51,970 [IPC Server listener on 0] INFO  ipc.Server (Server.java:run(1430)) - Stopping IPC Server listener on 0
2023-05-05 09:12:51,988 [SCM Heartbeat Processing Thread - 0] WARN  node.NodeStateManager (NodeStateManager.java:scheduleNextHealthCheck(870)) - Current Thread is interrupted, shutting down HB processing thread for Node Manager.
2023-05-05 09:12:51,988 [Listener at 127.0.0.1/42865] INFO  server.StorageContainerManager (StorageContainerManager.java:stop(1602)) - Stopping block service RPC server
2023-05-05 09:12:51,988 [Listener at 127.0.0.1/42865] INFO  server.SCMBlockProtocolServer (SCMBlockProtocolServer.java:stop(161)) - Stopping the RPC server for Block Protocol
2023-05-05 09:12:51,988 [Listener at 127.0.0.1/42865] INFO  ipc.Server (Server.java:stop(3501)) - Stopping server on 41835
2023-05-05 09:12:51,991 [IPC Server Responder] INFO  ipc.Server (Server.java:run(1563)) - Stopping IPC Server Responder
2023-05-05 09:12:51,991 [IPC Server listener on 0] INFO  ipc.Server (Server.java:run(1430)) - Stopping IPC Server listener on 0
2023-05-05 09:12:51,991 [Listener at 127.0.0.1/42865] INFO  server.StorageContainerManager (StorageContainerManager.java:stop(1609)) - Stopping the StorageContainerLocationProtocol RPC server
2023-05-05 09:12:51,991 [Listener at 127.0.0.1/42865] INFO  server.SCMClientProtocolServer (SCMClientProtocolServer.java:stop(208)) - Stopping the RPC server for Client Protocol
2023-05-05 09:12:51,991 [Listener at 127.0.0.1/42865] INFO  ipc.Server (Server.java:stop(3501)) - Stopping server on 42455
2023-05-05 09:12:51,994 [IPC Server Responder] INFO  ipc.Server (Server.java:run(1563)) - Stopping IPC Server Responder
2023-05-05 09:12:51,994 [IPC Server listener on 0] INFO  ipc.Server (Server.java:run(1430)) - Stopping IPC Server listener on 0
2023-05-05 09:12:51,994 [Listener at 127.0.0.1/42865] INFO  server.StorageContainerManager (StorageContainerManager.java:stop(1616)) - Stopping Storage Container Manager HTTP server.
2023-05-05 09:12:51,996 [Listener at 127.0.0.1/42865] INFO  handler.ContextHandler (ContextHandler.java:doStop(1159)) - Stopped o.e.j.w.WebAppContext@72612a69{scm,/,null,STOPPED}{file:/home/runner/work/ozone/ozone/hadoop-ozone/integration-test/target/test-classes/webapps/scm}
2023-05-05 09:12:51,996 [Listener at 127.0.0.1/42865] INFO  server.AbstractConnector (AbstractConnector.java:doStop(383)) - Stopped ServerConnector@69e87f8b{HTTP/1.1, (http/1.1)}{0.0.0.0:0}
2023-05-05 09:12:51,996 [Listener at 127.0.0.1/42865] INFO  server.session (HouseKeeper.java:stopScavenging(149)) - node0 Stopped scavenging
2023-05-05 09:12:51,996 [Listener at 127.0.0.1/42865] INFO  handler.ContextHandler (ContextHandler.java:doStop(1159)) - Stopped o.e.j.s.ServletContextHandler@65d7bcde{static,/static,file:///home/runner/work/ozone/ozone/hadoop-ozone/integration-test/target/test-classes/webapps/static,STOPPED}
2023-05-05 09:12:51,996 [Listener at 127.0.0.1/42865] INFO  handler.ContextHandler (ContextHandler.java:doStop(1159)) - Stopped o.e.j.s.ServletContextHandler@57be45ff{logs,/logs,file:///home/runner/work/ozone/ozone/hadoop-ozone/integration-test/target/log,STOPPED}
2023-05-05 09:12:52,001 [Listener at 127.0.0.1/42865] INFO  server.StorageContainerManager (StorageContainerManager.java:stop(1624)) - Stopping SCM LayoutVersionManager Service.
2023-05-05 09:12:52,002 [Listener at 127.0.0.1/42865] INFO  server.StorageContainerManager (StorageContainerManager.java:stop(1632)) - Stopping Block Manager Service.
2023-05-05 09:12:52,002 [Listener at 127.0.0.1/42865] INFO  utils.BackgroundService (BackgroundService.java:shutdown(141)) - Shutting down service SCMBlockDeletingService
2023-05-05 09:12:52,002 [Listener at 127.0.0.1/42865] INFO  utils.BackgroundService (BackgroundService.java:shutdown(141)) - Shutting down service SCMBlockDeletingService
2023-05-05 09:12:52,002 [Listener at 127.0.0.1/42865] INFO  server.StorageContainerManager (StorageContainerManager.java:stop(1654)) - Stopping SCM Event Queue.
2023-05-05 09:12:52,006 [Listener at 127.0.0.1/42865] INFO  server.StorageContainerManager (StorageContainerManager.java:stop(1665)) - Stopping SCM HA services.
2023-05-05 09:12:52,006 [Listener at 127.0.0.1/42865] INFO  pipeline.BackgroundPipelineCreator (BackgroundPipelineCreator.java:stop(149)) - Stopping RatisPipelineUtilsThread.
2023-05-05 09:12:52,006 [RatisPipelineUtilsThread - 0] WARN  pipeline.BackgroundPipelineCreator (BackgroundPipelineCreator.java:run(180)) - RatisPipelineUtilsThread is interrupted.
2023-05-05 09:12:52,006 [BackgroundPipelineScrubberThread] WARN  BackgroundPipelineScrubber (BackgroundSCMService.java:run(115)) - BackgroundPipelineScrubber is interrupted, exit
2023-05-05 09:12:52,006 [Listener at 127.0.0.1/42865] INFO  BackgroundPipelineScrubber (BackgroundSCMService.java:stop(131)) - Stopping BackgroundPipelineScrubber Service.
2023-05-05 09:12:52,006 [Listener at 127.0.0.1/42865] INFO  impl.MetricsSystemImpl (MetricsSystemImpl.java:stop(210)) - Stopping HddsDatanode metrics system...
2023-05-05 09:12:52,011 [prometheus] INFO  impl.MetricsSinkAdapter (MetricsSinkAdapter.java:publishMetricsFromQueue(141)) - prometheus thread interrupted.
2023-05-05 09:12:52,011 [Listener at 127.0.0.1/42865] INFO  impl.MetricsSystemImpl (MetricsSystemImpl.java:stop(216)) - HddsDatanode metrics system stopped.
2023-05-05 09:12:52,011 [Listener at 127.0.0.1/42865] WARN  pipeline.BackgroundPipelineCreator (BackgroundPipelineCreator.java:stop(145)) - RatisPipelineUtilsThread is not running, just ignore.
2023-05-05 09:12:52,011 [Listener at 127.0.0.1/42865] INFO  BackgroundPipelineScrubber (BackgroundSCMService.java:stop(126)) - BackgroundPipelineScrubber Service is not running, skip stop.
2023-05-05 09:12:52,011 [ExpiredContainerReplicaOpScrubberThread] WARN  ExpiredContainerReplicaOpScrubber (BackgroundSCMService.java:run(115)) - ExpiredContainerReplicaOpScrubber is interrupted, exit
2023-05-05 09:12:52,011 [Listener at 127.0.0.1/42865] INFO  ExpiredContainerReplicaOpScrubber (BackgroundSCMService.java:stop(131)) - Stopping ExpiredContainerReplicaOpScrubber Service.
2023-05-05 09:12:52,012 [Listener at 127.0.0.1/42865] INFO  utils.BackgroundService (BackgroundService.java:shutdown(141)) - Shutting down service SCMBlockDeletingService
2023-05-05 09:12:52,012 [Listener at 127.0.0.1/42865] INFO  replication.ReplicationManager (ReplicationManager.java:stop(336)) - Replication Monitor Thread is not running.
2023-05-05 09:12:52,012 [Listener at 127.0.0.1/42865] WARN  balancer.ContainerBalancer (ContainerBalancer.java:stop(324)) - Cannot stop Container Balancer because it's not running or stopping
2023-05-05 09:12:52,012 [Listener at 127.0.0.1/42865] INFO  server.StorageContainerManager (StorageContainerManager.java:stop(1700)) - Stopping SCM MetadataStore.
2023-05-05 09:12:52,035 [Listener at 127.0.0.1/42865] WARN  server.ServerUtils (ServerUtils.java:getScmDbDir(148)) - ozone.scm.db.dirs is not configured. We recommend adding this setting. Falling back to ozone.metadata.dirs instead.
2023-05-05 09:12:52,037 [Listener at 127.0.0.1/42865] WARN  server.ServerUtils (ServerUtils.java:getScmDbDir(148)) - ozone.scm.db.dirs is not configured. We recommend adding this setting. Falling back to ozone.metadata.dirs instead.
2023-05-05 09:12:52,037 [Listener at 127.0.0.1/42865] INFO  ha.SCMHANodeDetails (SCMHANodeDetails.java:loadSCMHAConfig(209)) - ServiceID for StorageContainerManager is null
2023-05-05 09:12:52,037 [Listener at 127.0.0.1/42865] INFO  ha.SCMHANodeDetails (SCMHANodeDetails.java:loadSCMHAConfig(214)) - ozone.scm.default.service.id is not defined, falling back to ozone.scm.service.ids to find serviceID for StorageContainerManager if it is HA enabled cluster
2023-05-05 09:12:52,038 [Listener at 127.0.0.1/42865] WARN  utils.HAUtils (HAUtils.java:getMetaDir(350)) - ozone.scm.db.dirs is not configured. We recommend adding this setting. Falling back to ozone.metadata.dirs instead.
2023-05-05 09:12:52,038 [Listener at 127.0.0.1/42865] WARN  db.DBStoreBuilder (DBStoreBuilder.java:applyDBDefinition(164)) - ozone.scm.db.dirs is not configured. We recommend adding this setting. Falling back to ozone.metadata.dirs instead.
2023-05-05 09:12:52,133 [Listener at 127.0.0.1/42865] INFO  net.NodeSchemaLoader (NodeSchemaLoader.java:loadSchemaFromFile(129)) - Loading schema from [jar:file:/home/runner/.m2/repository/org/apache/ozone/hdds-common/1.4.0-SNAPSHOT/hdds-common-1.4.0-SNAPSHOT.jar!/network-topology-default.xml]
2023-05-05 09:12:52,134 [Listener at 127.0.0.1/42865] INFO  net.NodeSchemaLoader (NodeSchemaLoader.java:loadSchema(176)) - Loading network topology layer schema file
2023-05-05 09:12:52,136 [Listener at 127.0.0.1/42865] INFO  upgrade.AbstractLayoutVersionManager (AbstractLayoutVersionManager.java:init(83)) - Initializing Layout version manager with metadata layout = WEBUI_PORTS_IN_DATANODEDETAILS (version = 6), software layout = WEBUI_PORTS_IN_DATANODEDETAILS (version = 6)
2023-05-05 09:12:52,180 [Listener at 127.0.0.1/42865] INFO  reflections.Reflections (Reflections.java:scan(232)) - Reflections took 43 ms to scan 7 urls, producing 156 keys and 369 values 
2023-05-05 09:12:52,182 [Listener at 127.0.0.1/42865] INFO  ha.SequenceIdGenerator (SequenceIdGenerator.java:upgradeToSequenceId(349)) - upgrade localId to 111677748019200000
2023-05-05 09:12:52,183 [Listener at 127.0.0.1/42865] INFO  ha.SequenceIdGenerator (SequenceIdGenerator.java:upgradeToSequenceId(359)) - upgrade delTxnId to 0
2023-05-05 09:12:52,183 [Listener at 127.0.0.1/42865] INFO  ha.SequenceIdGenerator (SequenceIdGenerator.java:upgradeToSequenceId(376)) - upgrade containerId to 0
2023-05-05 09:12:52,183 [Listener at 127.0.0.1/42865] INFO  ha.SequenceIdGenerator (SequenceIdGenerator.java:<init>(220)) - Init the HA SequenceIdGenerator.
2023-05-05 09:12:52,183 [Listener at 127.0.0.1/42865] WARN  server.ServerUtils (ServerUtils.java:sanitizeUserArgs(73)) - ozone.scm.stale.node.interval value = 300000 is larger than max = 100000 based on the key value of ozone.scm.heartbeat.thread.interval, reset to the max value 100000.
2023-05-05 09:12:52,183 [Listener at 127.0.0.1/42865] WARN  server.ServerUtils (ServerUtils.java:sanitizeUserArgs(73)) - ozone.scm.stale.node.interval value = 300000 is larger than max = 100000 based on the key value of ozone.scm.heartbeat.thread.interval, reset to the max value 100000.
2023-05-05 09:12:52,184 [Listener at 127.0.0.1/42865] INFO  node.SCMNodeManager (SCMNodeManager.java:<init>(159)) - Entering startup safe mode.
2023-05-05 09:12:52,184 [Listener at 127.0.0.1/42865] INFO  algorithms.ContainerPlacementPolicyFactory (ContainerPlacementPolicyFactory.java:getPolicyInternal(86)) - Create container placement policy of type org.apache.hadoop.hdds.scm.container.placement.algorithms.SCMContainerPlacementRackAware
2023-05-05 09:12:52,184 [Listener at 127.0.0.1/42865] INFO  algorithms.ContainerPlacementPolicyFactory (ContainerPlacementPolicyFactory.java:getPolicyInternal(86)) - Create container placement policy of type org.apache.hadoop.hdds.scm.container.placement.algorithms.SCMContainerPlacementRackScatter
2023-05-05 09:12:52,185 [Listener at 127.0.0.1/42865] INFO  pipeline.PipelineStateManagerImpl (PipelineStateManagerImpl.java:initialize(78)) - No pipeline exists in current db
2023-05-05 09:12:52,185 [Listener at 127.0.0.1/42865] INFO  algorithms.LeaderChoosePolicyFactory (LeaderChoosePolicyFactory.java:getPolicy(57)) - Create leader choose policy of type org.apache.hadoop.hdds.scm.pipeline.leader.choose.algorithms.MinLeaderCountChoosePolicy
2023-05-05 09:12:52,185 [Listener at 127.0.0.1/42865] INFO  algorithms.ContainerPlacementPolicyFactory (ContainerPlacementPolicyFactory.java:getPolicyInternal(86)) - Create container placement policy of type org.apache.hadoop.hdds.scm.container.placement.algorithms.SCMContainerPlacementRackScatter
2023-05-05 09:12:52,185 [Listener at 127.0.0.1/42865] INFO  ha.SCMServiceManager (SCMServiceManager.java:register(42)) - Registering service BackgroundPipelineCreator.
2023-05-05 09:12:52,185 [Listener at 127.0.0.1/42865] INFO  pipeline.BackgroundPipelineCreator (BackgroundPipelineCreator.java:start(124)) - Starting RatisPipelineUtilsThread.
2023-05-05 09:12:52,185 [Listener at 127.0.0.1/42865] INFO  BackgroundPipelineScrubber (BackgroundSCMService.java:start(68)) - Starting BackgroundPipelineScrubber Service.
2023-05-05 09:12:52,186 [Listener at 127.0.0.1/42865] INFO  ha.SCMServiceManager (SCMServiceManager.java:register(42)) - Registering service BackgroundPipelineScrubber.
2023-05-05 09:12:52,186 [Listener at 127.0.0.1/42865] INFO  ExpiredContainerReplicaOpScrubber (BackgroundSCMService.java:start(68)) - Starting ExpiredContainerReplicaOpScrubber Service.
2023-05-05 09:12:52,186 [Listener at 127.0.0.1/42865] INFO  ha.SCMServiceManager (SCMServiceManager.java:register(42)) - Registering service ExpiredContainerReplicaOpScrubber.
2023-05-05 09:12:52,187 [Listener at 127.0.0.1/42865] INFO  algorithms.PipelineChoosePolicyFactory (PipelineChoosePolicyFactory.java:createPipelineChoosePolicyFromClass(73)) - Create pipeline choose policy of type org.apache.hadoop.hdds.scm.pipeline.choose.algorithms.RandomPipelineChoosePolicy
2023-05-05 09:12:52,187 [Listener at 127.0.0.1/42865] INFO  ha.SCMServiceManager (SCMServiceManager.java:register(42)) - Registering service SCMBlockDeletingService.
2023-05-05 09:12:52,188 [Listener at 127.0.0.1/42865] INFO  replication.ReplicationManager (ReplicationManager.java:start(293)) - Starting Replication Monitor Thread.
2023-05-05 09:12:52,191 [Listener at 127.0.0.1/42865] INFO  ha.SCMServiceManager (SCMServiceManager.java:register(42)) - Registering service ReplicationManager.
2023-05-05 09:12:52,191 [Listener at 127.0.0.1/42865] INFO  safemode.ContainerSafeModeRule (ContainerSafeModeRule.java:<init>(89)) - containers with one replica threshold count 0
2023-05-05 09:12:52,192 [Listener at 127.0.0.1/42865] INFO  safemode.HealthyPipelineSafeModeRule (HealthyPipelineSafeModeRule.java:initializeRule(169)) - Total pipeline count is 0, healthy pipeline threshold count is 1
2023-05-05 09:12:52,192 [Listener at 127.0.0.1/42865] INFO  safemode.OneReplicaPipelineSafeModeRule (OneReplicaPipelineSafeModeRule.java:initializeRule(180)) - Total pipeline count is 0, pipeline's with at least one datanode reported threshold count is 0
2023-05-05 09:12:52,192 [ReplicationMonitor] INFO  replication.ReplicationManager (ReplicationManager.java:processAll(368)) - Replication Manager is not ready to run until 3000ms after safemode exit
2023-05-05 09:12:52,193 [Listener at 127.0.0.1/42865] INFO  server.StorageContainerManager (StorageContainerManager.java:<init>(403)) - SCM start with adminUsers: [adminUser1, adminUser2, runner]
2023-05-05 09:12:52,194 [Listener at 127.0.0.1/42865] INFO  ipc.CallQueueManager (CallQueueManager.java:<init>(90)) - Using callQueue: class java.util.concurrent.LinkedBlockingQueue, queueCapacity: 2000, scheduler: class org.apache.hadoop.ipc.DefaultRpcScheduler, ipcBackoff: false.
2023-05-05 09:12:52,194 [Socket Reader #1 for port 0] INFO  ipc.Server (Server.java:run(1319)) - Starting Socket Reader #1 for port 0
2023-05-05 09:12:52,195 [Listener at 0.0.0.0/43231] INFO  ipc.CallQueueManager (CallQueueManager.java:<init>(90)) - Using callQueue: class java.util.concurrent.LinkedBlockingQueue, queueCapacity: 2000, scheduler: class org.apache.hadoop.ipc.DefaultRpcScheduler, ipcBackoff: false.
2023-05-05 09:12:52,196 [Socket Reader #1 for port 0] INFO  ipc.Server (Server.java:run(1319)) - Starting Socket Reader #1 for port 0
2023-05-05 09:12:52,197 [Listener at 0.0.0.0/44127] INFO  ipc.CallQueueManager (CallQueueManager.java:<init>(90)) - Using callQueue: class java.util.concurrent.LinkedBlockingQueue, queueCapacity: 2000, scheduler: class org.apache.hadoop.ipc.DefaultRpcScheduler, ipcBackoff: false.
2023-05-05 09:12:52,197 [Socket Reader #1 for port 0] INFO  ipc.Server (Server.java:run(1319)) - Starting Socket Reader #1 for port 0
2023-05-05 09:12:52,200 [Listener at 0.0.0.0/45073] INFO  ha.SCMServiceManager (SCMServiceManager.java:register(42)) - Registering service ContainerBalancer.
2023-05-05 09:12:52,200 [Listener at 0.0.0.0/45073] INFO  server.StorageContainerManager (StorageContainerManager.java:<init>(420)) - 
Container Balancer status:
Key                            Value
Running                        false
Container Balancer Configuration values:
Key                                                Value
Threshold                                          10
Max Datanodes to Involve per Iteration(percent)    20
Max Size to Move per Iteration                     500GB
Max Size Entering Target per Iteration             26GB
Max Size Leaving Source per Iteration              26GB

2023-05-05 09:12:52,201 [Listener at 0.0.0.0/45073] INFO  ha.SCMContext (SCMContext.java:updateSafeModeStatus(228)) - Update SafeModeStatus from SafeModeStatus{safeModeStatus=true, preCheckPassed=false} to SafeModeStatus{safeModeStatus=true, preCheckPassed=false}.
2023-05-05 09:12:52,201 [Listener at 0.0.0.0/45073] INFO  server.StorageContainerManager (StorageContainerManager.java:start(1477)) - StorageContainerLocationProtocol RPC server is listening at /0.0.0.0:45073
2023-05-05 09:12:52,202 [Listener at 0.0.0.0/45073] WARN  impl.MetricsConfig (MetricsConfig.java:loadFirst(136)) - Cannot locate configuration: tried hadoop-metrics2-storagecontainermanager.properties,hadoop-metrics2.properties
2023-05-05 09:12:52,204 [Listener at 0.0.0.0/45073] INFO  impl.MetricsSystemImpl (MetricsSystemImpl.java:startTimer(378)) - Scheduled Metric snapshot period at 10 second(s).
2023-05-05 09:12:52,205 [Listener at 0.0.0.0/45073] INFO  impl.MetricsSystemImpl (MetricsSystemImpl.java:start(191)) - StorageContainerManager metrics system started
2023-05-05 09:12:52,206 [Listener at 0.0.0.0/45073] INFO  impl.MetricsSinkAdapter (MetricsSinkAdapter.java:start(204)) - Sink prometheus started
2023-05-05 09:12:52,207 [Listener at 0.0.0.0/45073] INFO  impl.MetricsSystemImpl (MetricsSystemImpl.java:registerSink(305)) - Registered sink prometheus
2023-05-05 09:12:52,224 [Listener at 0.0.0.0/45073] INFO  server.SCMClientProtocolServer (SCMClientProtocolServer.java:start(199)) - RPC server for Client  is listening at /0.0.0.0:45073
2023-05-05 09:12:52,224 [IPC Server Responder] INFO  ipc.Server (Server.java:run(1558)) - IPC Server Responder: starting
2023-05-05 09:12:52,228 [IPC Server listener on 0] INFO  ipc.Server (Server.java:run(1398)) - IPC Server listener on 0: starting
2023-05-05 09:12:52,230 [Listener at 0.0.0.0/45073] INFO  server.StorageContainerManager (StorageContainerManager.java:start(1491)) - ScmBlockLocationProtocol RPC server is listening at /0.0.0.0:44127
2023-05-05 09:12:52,230 [Listener at 0.0.0.0/45073] INFO  server.SCMBlockProtocolServer (SCMBlockProtocolServer.java:start(152)) - RPC server for Block Protocol is listening at /0.0.0.0:44127
2023-05-05 09:12:52,231 [IPC Server Responder] INFO  ipc.Server (Server.java:run(1558)) - IPC Server Responder: starting
2023-05-05 09:12:52,231 [IPC Server listener on 0] INFO  ipc.Server (Server.java:run(1398)) - IPC Server listener on 0: starting
2023-05-05 09:12:52,233 [Listener at 0.0.0.0/45073] INFO  server.SCMDatanodeProtocolServer (SCMDatanodeProtocolServer.java:start(193)) - ScmDatanodeProtocol RPC server for DataNodes is listening at /0.0.0.0:43231
2023-05-05 09:12:52,233 [IPC Server Responder] INFO  ipc.Server (Server.java:run(1558)) - IPC Server Responder: starting
2023-05-05 09:12:52,233 [IPC Server listener on 0] INFO  ipc.Server (Server.java:run(1398)) - IPC Server listener on 0: starting
2023-05-05 09:12:52,237 [Listener at 0.0.0.0/45073] INFO  http.BaseHttpServer (BaseHttpServer.java:newHttpServer2BuilderForOzone(224)) - Starting Web-server for scm at: http://0.0.0.0:0
2023-05-05 09:12:52,237 [Listener at 0.0.0.0/45073] INFO  http.BaseHttpServer (BaseHttpServer.java:<init>(111)) - Hadoop Security Enabled: false Ozone Security Enabled: false Ozone HTTP Security Enabled: false 
2023-05-05 09:12:52,238 [org.apache.hadoop.util.JvmPauseMonitor$Monitor@457632b4] INFO  util.JvmPauseMonitor (JvmPauseMonitor.java:run(188)) - Starting JVM pause monitor
2023-05-05 09:12:52,238 [Listener at 0.0.0.0/45073] WARN  server.AuthenticationFilter (AuthenticationFilter.java:constructSecretProvider(240)) - Unable to initialize FileSignerSecretProvider, falling back to use random secrets. Reason: Could not read signature secret file: /home/runner/hadoop-http-auth-signature-secret
2023-05-05 09:12:52,238 [Listener at 0.0.0.0/45073] INFO  http.HttpRequestLog (HttpRequestLog.java:getRequestLog(86)) - Http request log for http.requests.scm is not defined
2023-05-05 09:12:52,240 [Listener at 0.0.0.0/45073] INFO  http.HttpServer2 (HttpServer2.java:addGlobalFilter(1031)) - Added global filter 'safety' (class=org.apache.hadoop.hdds.server.http.HttpServer2$QuotingInputFilter)
2023-05-05 09:12:52,240 [Listener at 0.0.0.0/45073] INFO  http.HttpServer2 (HttpServer2.java:addFilter(1007)) - Added filter static_user_filter (class=org.apache.hadoop.http.lib.StaticUserWebFilter$StaticUserFilter) to context scm
2023-05-05 09:12:52,240 [Listener at 0.0.0.0/45073] INFO  http.HttpServer2 (HttpServer2.java:addFilter(1015)) - Added filter static_user_filter (class=org.apache.hadoop.http.lib.StaticUserWebFilter$StaticUserFilter) to context logs
2023-05-05 09:12:52,240 [Listener at 0.0.0.0/45073] INFO  http.HttpServer2 (HttpServer2.java:addFilter(1015)) - Added filter static_user_filter (class=org.apache.hadoop.http.lib.StaticUserWebFilter$StaticUserFilter) to context static
2023-05-05 09:12:52,241 [Listener at 0.0.0.0/45073] INFO  http.BaseHttpServer (BaseHttpServer.java:<init>(190)) - HTTP server of scm uses base directory /home/runner/work/ozone/ozone/hadoop-ozone/integration-test/target/test-dir/MiniOzoneClusterImpl-44598e80-008f-49ac-96a9-a666e849b629/ozone-meta/webserver
2023-05-05 09:12:52,241 [Listener at 0.0.0.0/45073] INFO  http.HttpServer2 (HttpServer2.java:bindListener(1250)) - Jetty bound to port 38249
2023-05-05 09:12:52,241 [Listener at 0.0.0.0/45073] INFO  server.Server (Server.java:doStart(375)) - jetty-9.4.51.v20230217; built: 2023-02-17T08:19:37.309Z; git: b45c405e4544384de066f814ed42ae3dceacdd49; jvm 1.8.0_362-b09
2023-05-05 09:12:52,249 [Listener at 0.0.0.0/45073] INFO  server.session (DefaultSessionIdManager.java:doStart(334)) - DefaultSessionIdManager workerName=node0
2023-05-05 09:12:52,249 [Listener at 0.0.0.0/45073] INFO  server.session (DefaultSessionIdManager.java:doStart(339)) - No SessionScavenger set, using defaults
2023-05-05 09:12:52,249 [Listener at 0.0.0.0/45073] INFO  server.session (HouseKeeper.java:startScavenging(132)) - node0 Scavenging every 600000ms
2023-05-05 09:12:52,250 [Listener at 0.0.0.0/45073] INFO  handler.ContextHandler (ContextHandler.java:doStart(921)) - Started o.e.j.s.ServletContextHandler@5d747080{logs,/logs,file:///home/runner/work/ozone/ozone/hadoop-ozone/integration-test/target/log,AVAILABLE}
2023-05-05 09:12:52,250 [Listener at 0.0.0.0/45073] INFO  handler.ContextHandler (ContextHandler.java:doStart(921)) - Started o.e.j.s.ServletContextHandler@3f94a40e{static,/static,file:///home/runner/work/ozone/ozone/hadoop-ozone/integration-test/target/test-classes/webapps/static,AVAILABLE}
2023-05-05 09:12:52,252 [Listener at 0.0.0.0/45073] INFO  handler.ContextHandler (ContextHandler.java:doStart(921)) - Started o.e.j.w.WebAppContext@8c4339b{scm,/,file:///home/runner/work/ozone/ozone/hadoop-ozone/integration-test/target/test-classes/webapps/scm/,AVAILABLE}{file:/home/runner/work/ozone/ozone/hadoop-ozone/integration-test/target/test-classes/webapps/scm}
2023-05-05 09:12:52,254 [Listener at 0.0.0.0/45073] INFO  server.AbstractConnector (AbstractConnector.java:doStart(333)) - Started ServerConnector@2b4a047a{HTTP/1.1, (http/1.1)}{0.0.0.0:38249}
2023-05-05 09:12:52,254 [Listener at 0.0.0.0/45073] INFO  server.Server (Server.java:doStart(415)) - Started @163607ms
2023-05-05 09:12:52,254 [Listener at 0.0.0.0/45073] WARN  impl.MetricsSystemImpl (MetricsSystemImpl.java:register(279)) - Sink prometheus already exists!
2023-05-05 09:12:52,254 [Listener at 0.0.0.0/45073] INFO  http.BaseHttpServer (BaseHttpServer.java:updateConnectorAddress(344)) - HTTP server of scm listening at http://0.0.0.0:38249
2023-05-05 09:12:52,255 [Listener at 0.0.0.0/45073] WARN  server.ServerUtils (ServerUtils.java:getDBPath(225)) - ozone.om.db.dirs is not configured. We recommend adding this setting. Falling back to ozone.metadata.dirs instead.
2023-05-05 09:12:52,256 [Listener at 0.0.0.0/45073] INFO  ha.OMHANodeDetails (OMHANodeDetails.java:loadOMHAConfig(115)) - ozone.om.internal.service.id is not defined, falling back to ozone.om.service.ids to find serviceID for OzoneManager if it is HA enabled cluster
2023-05-05 09:12:52,256 [Listener at 0.0.0.0/45073] INFO  ha.OMHANodeDetails (OMHANodeDetails.java:loadOMHAConfig(226)) - Configuration does not have ozone.om.address set. Falling back to the default OM address /127.0.0.1:0
2023-05-05 09:12:52,256 [Listener at 0.0.0.0/45073] INFO  ha.OMHANodeDetails (OMHANodeDetails.java:getOMNodeDetailsForNonHA(254)) - OM Service ID is not set. Setting it to the default ID: omServiceIdDefault
2023-05-05 09:12:52,256 [Listener at 0.0.0.0/45073] INFO  ha.OMHANodeDetails (OMHANodeDetails.java:getOMNodeDetailsForNonHA(261)) - OM Node ID is not set. Setting it to the default ID: om1
2023-05-05 09:12:52,257 [Listener at 0.0.0.0/45073] WARN  server.ServerUtils (ServerUtils.java:getDBPath(225)) - ozone.om.db.dirs is not configured. We recommend adding this setting. Falling back to ozone.metadata.dirs instead.
2023-05-05 09:12:52,258 [Listener at 0.0.0.0/45073] INFO  upgrade.AbstractLayoutVersionManager (AbstractLayoutVersionManager.java:init(83)) - Initializing Layout version manager with metadata layout = HSYNC (version = 4), software layout = HSYNC (version = 4)
2023-05-05 09:12:52,338 [Listener at 0.0.0.0/45073] INFO  reflections.Reflections (Reflections.java:scan(232)) - Reflections took 80 ms to scan 2 urls, producing 172 keys and 475 values [using 2 cores]
2023-05-05 09:12:52,339 [Listener at 0.0.0.0/45073] INFO  upgrade.OMLayoutVersionManager (OMLayoutVersionManager.java:lambda$0(115)) - Skipping Upgrade Action MockOmUpgradeAction since it has been finalized.
2023-05-05 09:12:52,339 [Listener at 0.0.0.0/45073] WARN  server.ServerUtils (ServerUtils.java:getDBPath(225)) - ozone.om.db.dirs is not configured. We recommend adding this setting. Falling back to ozone.metadata.dirs instead.
2023-05-05 09:12:52,339 [Listener at 0.0.0.0/45073] INFO  proxy.SCMBlockLocationFailoverProxyProvider (SCMBlockLocationFailoverProxyProvider.java:<init>(114)) - Created block location fail-over proxy with 1 nodes: [nodeId=scmNodeId,nodeAddress=/0.0.0.0:44127]
2023-05-05 09:12:52,341 [Listener at 0.0.0.0/45073] INFO  proxy.SCMBlockLocationFailoverProxyProvider (SCMBlockLocationFailoverProxyProvider.java:<init>(114)) - Created block location fail-over proxy with 1 nodes: [nodeId=scmNodeId,nodeAddress=/0.0.0.0:44127]
2023-05-05 09:12:52,348 [Listener at 0.0.0.0/45073] INFO  om.OzoneManager (OzoneManager.java:<init>(634)) - OM start with adminUsers: [adminUser1, adminUser2, runner]
2023-05-05 09:12:52,349 [Listener at 0.0.0.0/45073] WARN  server.ServerUtils (ServerUtils.java:getDBPath(225)) - ozone.om.db.dirs is not configured. We recommend adding this setting. Falling back to ozone.metadata.dirs instead.
2023-05-05 09:12:52,349 [Listener at 0.0.0.0/45073] INFO  codec.OmKeyInfoCodec (OmKeyInfoCodec.java:<init>(49)) - OmKeyInfoCodec ignorePipeline = true
2023-05-05 09:12:52,349 [Listener at 0.0.0.0/45073] INFO  codec.RepeatedOmKeyInfoCodec (RepeatedOmKeyInfoCodec.java:<init>(41)) - RepeatedOmKeyInfoCodec ignorePipeline = true
2023-05-05 09:12:52,524 [Listener at 0.0.0.0/45073] INFO  om.OzoneManager (OzoneManager.java:instantiateServices(764)) - S3 Multi-Tenancy is disabled
2023-05-05 09:12:52,525 [Listener at 0.0.0.0/45073] WARN  server.ServerUtils (ServerUtils.java:getDBPath(225)) - ozone.om.snapshot.diff.db.dir is not configured. We recommend adding this setting. Falling back to ozone.metadata.dirs instead.
2023-05-05 09:12:52,547 [Listener at 0.0.0.0/45073] INFO  om.OzoneManager (OzoneManager.java:addS3GVolumeToDB(4263)) - Created Volume s3v With Owner runner required for S3Gateway operations.
2023-05-05 09:12:52,547 [Listener at 0.0.0.0/45073] WARN  server.ServerUtils (ServerUtils.java:getDefaultRatisDirectory(237)) - Storage directory for Ratis is not configured. It is a good idea to map this to an SSD disk. Falling back to ozone.metadata.dirs
2023-05-05 09:12:52,548 [Listener at 0.0.0.0/45073] WARN  utils.OzoneManagerRatisUtils (OzoneManagerRatisUtils.java:getOMRatisSnapshotDirectory(456)) - ozone.om.ratis.snapshot.dir is not configured. Falling back to ozone.metadata.dirs config
2023-05-05 09:12:52,548 [Listener at 0.0.0.0/45073] WARN  server.ServerUtils (ServerUtils.java:getDefaultRatisDirectory(237)) - Storage directory for Ratis is not configured. It is a good idea to map this to an SSD disk. Falling back to ozone.metadata.dirs
2023-05-05 09:12:52,549 [Listener at 0.0.0.0/45073] INFO  ratis.OzoneManagerRatisServer (OzoneManagerRatisServer.java:<init>(163)) - Instantiating OM Ratis server with groupID: omServiceIdDefault and peers: localhost:9872
2023-05-05 09:12:52,549 [Listener at 0.0.0.0/45073] INFO  ratis.OzoneManagerStateMachine (OzoneManagerStateMachine.java:loadSnapshotInfoFromDB(670)) - LastAppliedIndex is set from TransactionInfo from OM DB as (t:0, i:~)
2023-05-05 09:12:52,549 [Listener at 0.0.0.0/45073] INFO  server.RaftServer (ConfUtils.java:logGet(46)) - raft.rpc.type = GRPC (default)
2023-05-05 09:12:52,549 [Listener at 0.0.0.0/45073] INFO  grpc.GrpcConfigKeys (ConfUtils.java:logFallback(53)) - raft.grpc.admin.host = null (fallback to raft.grpc.server.host)
2023-05-05 09:12:52,549 [Listener at 0.0.0.0/45073] INFO  grpc.GrpcConfigKeys (ConfUtils.java:logFallback(53)) - raft.grpc.admin.port = 9872 (fallback to raft.grpc.server.port)
2023-05-05 09:12:52,549 [Listener at 0.0.0.0/45073] INFO  grpc.GrpcConfigKeys (ConfUtils.java:logFallback(53)) - raft.grpc.client.host = null (fallback to raft.grpc.server.host)
2023-05-05 09:12:52,549 [Listener at 0.0.0.0/45073] INFO  grpc.GrpcConfigKeys (ConfUtils.java:logFallback(53)) - raft.grpc.client.port = 9872 (fallback to raft.grpc.server.port)
2023-05-05 09:12:52,549 [Listener at 0.0.0.0/45073] INFO  grpc.GrpcConfigKeys (ConfUtils.java:logGet(46)) - raft.grpc.server.host = null (default)
2023-05-05 09:12:52,550 [Listener at 0.0.0.0/45073] INFO  grpc.GrpcConfigKeys (ConfUtils.java:logGet(46)) - raft.grpc.server.port = 9872 (custom)
2023-05-05 09:12:52,550 [Listener at 0.0.0.0/45073] INFO  server.GrpcService (ConfUtils.java:logGet(46)) - raft.grpc.message.size.max = 33554432 (custom)
2023-05-05 09:12:52,550 [Listener at 0.0.0.0/45073] INFO  server.RaftServerConfigKeys (ConfUtils.java:logGet(46)) - raft.server.log.appender.buffer.byte-limit = 33554432 (custom)
2023-05-05 09:12:52,550 [Listener at 0.0.0.0/45073] INFO  server.GrpcService (ConfUtils.java:logGet(46)) - raft.grpc.flow.control.window = 1MB (=1048576) (default)
2023-05-05 09:12:52,550 [Listener at 0.0.0.0/45073] INFO  server.RaftServerConfigKeys (ConfUtils.java:logGet(46)) - raft.server.rpc.request.timeout = 3000ms (default)
2023-05-05 09:12:52,550 [Listener at 0.0.0.0/45073] INFO  grpc.GrpcConfigKeys (ConfUtils.java:logGet(46)) - raft.grpc.server.heartbeat.channel = true (default)
2023-05-05 09:12:52,550 [Listener at 0.0.0.0/45073] INFO  grpc.GrpcConfigKeys (ConfUtils.java:logGet(46)) - raft.grpc.server.async.request.thread.pool.cached = true (default)
2023-05-05 09:12:52,550 [Listener at 0.0.0.0/45073] INFO  grpc.GrpcConfigKeys (ConfUtils.java:logGet(46)) - raft.grpc.server.async.request.thread.pool.size = 32 (default)
2023-05-05 09:12:52,551 [Listener at 0.0.0.0/45073] INFO  impl.DataStreamServerImpl (ConfUtils.java:logGet(46)) - raft.datastream.type = DISABLED (default)
2023-05-05 09:12:52,552 [Listener at 0.0.0.0/45073] INFO  server.RaftServerConfigKeys (ConfUtils.java:logGet(46)) - raft.server.threadpool.proxy.cached = true (default)
2023-05-05 09:12:52,552 [Listener at 0.0.0.0/45073] INFO  server.RaftServerConfigKeys (ConfUtils.java:logGet(46)) - raft.server.threadpool.proxy.size = 0 (default)
2023-05-05 09:12:52,552 [Listener at 0.0.0.0/45073] INFO  server.RaftServerConfigKeys (ConfUtils.java:logGet(46)) - raft.server.rpc.slowness.timeout = 120s (custom)
2023-05-05 09:12:52,552 [Listener at 0.0.0.0/45073] INFO  server.RaftServerConfigKeys (ConfUtils.java:logGet(46)) - raft.server.leaderelection.leader.step-down.wait-time = 10s (default)
2023-05-05 09:12:52,552 [Listener at 0.0.0.0/45073] INFO  server.RaftServerConfigKeys (ConfUtils.java:logGet(46)) - raft.server.storage.dir = [/home/runner/work/ozone/ozone/hadoop-ozone/integration-test/target/test-dir/MiniOzoneClusterImpl-44598e80-008f-49ac-96a9-a666e849b629/ozone-meta/ratis] (custom)
2023-05-05 09:12:52,552 [Listener at 0.0.0.0/45073] INFO  server.RaftServer (RaftServerProxy.java:addNew(96)) - om1: addNew group-C5BA1605619E:[om1|rpc:localhost:9872|priority:0|startupRole:FOLLOWER] returns group-C5BA1605619E:java.util.concurrent.CompletableFuture@d73fd27[Not completed]
2023-05-05 09:12:52,552 [Listener at 0.0.0.0/45073] INFO  om.OzoneManager (OzoneManager.java:initializeRatisServer(2106)) - OzoneManager Ratis server initialized at port 9872
2023-05-05 09:12:52,553 [Listener at 0.0.0.0/45073] INFO  om.OzoneManager (OzoneManager.java:getRpcServer(1153)) - Creating RPC Server
2023-05-05 09:12:52,554 [pool-916-thread-1] INFO  server.RaftServer$Division (RaftServerImpl.java:<init>(195)) - om1: new RaftServerImpl for group-C5BA1605619E:[om1|rpc:localhost:9872|priority:0|startupRole:FOLLOWER] with OzoneManagerStateMachine:uninitialized
2023-05-05 09:12:52,554 [pool-916-thread-1] INFO  server.RaftServerConfigKeys (ConfUtils.java:logGet(46)) - raft.server.rpc.timeout.min = 1s (custom)
2023-05-05 09:12:52,554 [pool-916-thread-1] INFO  server.RaftServerConfigKeys (ConfUtils.java:logGet(46)) - raft.server.rpc.timeout.max = 1200ms (custom)
2023-05-05 09:12:52,554 [pool-916-thread-1] INFO  server.RaftServerConfigKeys (ConfUtils.java:logGet(46)) - raft.server.rpc.sleep.time = 25ms (default)
2023-05-05 09:12:52,554 [pool-916-thread-1] INFO  server.RaftServerConfigKeys (ConfUtils.java:logGet(46)) - raft.server.rpc.slowness.timeout = 120s (custom)
2023-05-05 09:12:52,554 [pool-916-thread-1] INFO  server.RaftServerConfigKeys (ConfUtils.java:logGet(46)) - raft.server.leaderelection.leader.step-down.wait-time = 10s (default)
2023-05-05 09:12:52,554 [pool-916-thread-1] INFO  server.RaftServerConfigKeys (ConfUtils.java:logGet(46)) - raft.server.sleep.deviation.threshold = 300ms (default)
2023-05-05 09:12:52,554 [pool-916-thread-1] INFO  server.RaftServer$Division (ServerState.java:<init>(118)) - om1@group-C5BA1605619E: ConfigurationManager, init=-1: peers:[om1|rpc:localhost:9872|priority:0|startupRole:FOLLOWER]|listeners:[], old=null, confs=<EMPTY_MAP>
2023-05-05 09:12:52,554 [pool-916-thread-1] INFO  server.RaftServerConfigKeys (ConfUtils.java:logGet(46)) - raft.server.storage.dir = [/home/runner/work/ozone/ozone/hadoop-ozone/integration-test/target/test-dir/MiniOzoneClusterImpl-44598e80-008f-49ac-96a9-a666e849b629/ozone-meta/ratis] (custom)
2023-05-05 09:12:52,554 [pool-916-thread-1] INFO  server.RaftServerConfigKeys (ConfUtils.java:logGet(46)) - raft.server.log.corruption.policy = EXCEPTION (default)
2023-05-05 09:12:52,554 [pool-916-thread-1] INFO  server.RaftServerConfigKeys (ConfUtils.java:logGet(46)) - raft.server.storage.free-space.min = 0MB (=0) (default)
2023-05-05 09:12:52,555 [pool-916-thread-1] INFO  server.RaftServerConfigKeys (ConfUtils.java:logGet(46)) - raft.server.notification.no-leader.timeout = 120s (custom)
2023-05-05 09:12:52,555 [pool-916-thread-1] INFO  server.RaftServerConfigKeys (ConfUtils.java:logGet(46)) - raft.server.retrycache.expirytime = 300s (custom)
2023-05-05 09:12:52,555 [pool-916-thread-1] INFO  server.RaftServerConfigKeys (ConfUtils.java:logGet(46)) - raft.server.retrycache.statistics.expirytime = 100μs (default)
2023-05-05 09:12:52,555 [pool-916-thread-1] INFO  server.RaftServerConfigKeys (ConfUtils.java:logGet(46)) - raft.server.log.appender.install.snapshot.enabled = false (custom)
2023-05-05 09:12:52,555 [pool-916-thread-1] INFO  server.RaftServerConfigKeys (ConfUtils.java:logGet(46)) - raft.server.threadpool.server.cached = true (default)
2023-05-05 09:12:52,555 [pool-916-thread-1] INFO  server.RaftServerConfigKeys (ConfUtils.java:logGet(46)) - raft.server.threadpool.server.size = 0 (default)
2023-05-05 09:12:52,555 [pool-916-thread-1] INFO  server.RaftServerConfigKeys (ConfUtils.java:logGet(46)) - raft.server.threadpool.client.cached = true (default)
2023-05-05 09:12:52,555 [pool-916-thread-1] INFO  server.RaftServerConfigKeys (ConfUtils.java:logGet(46)) - raft.server.threadpool.client.size = 0 (default)
2023-05-05 09:12:52,868 [Listener at 0.0.0.0/45073] INFO  reflections.Reflections (Reflections.java:scan(232)) - Reflections took 315 ms to scan 19 urls, producing 68 keys and 5137 values [using 2 cores]
2023-05-05 09:12:52,870 [Listener at 0.0.0.0/45073] INFO  ipc.CallQueueManager (CallQueueManager.java:<init>(90)) - Using callQueue: class java.util.concurrent.LinkedBlockingQueue, queueCapacity: 2000, scheduler: class org.apache.hadoop.ipc.DefaultRpcScheduler, ipcBackoff: false.
2023-05-05 09:12:52,872 [Socket Reader #1 for port 0] INFO  ipc.Server (Server.java:run(1319)) - Starting Socket Reader #1 for port 0
2023-05-05 09:12:52,891 [Listener at 127.0.0.1/38811] INFO  impl.MetricsSystemImpl (MetricsSystemImpl.java:init(158)) - OzoneManager metrics system started (again)
2023-05-05 09:12:52,901 [Listener at 127.0.0.1/38811] INFO  om.OzoneManager (OzoneManager.java:start(1574)) - OzoneManager RPC server is listening at localhost/127.0.0.1:38811
2023-05-05 09:12:52,901 [Listener at 127.0.0.1/38811] INFO  ratis.OzoneManagerRatisServer (OzoneManagerRatisServer.java:start(558)) - Starting OzoneManagerRatisServer om1 at port 9872
2023-05-05 09:12:52,902 [om1-impl-thread1] INFO  storage.RaftStorageDirectory (RaftStorageDirectoryImpl.java:analyzeStorage(137)) - The storage directory /home/runner/work/ozone/ozone/hadoop-ozone/integration-test/target/test-dir/MiniOzoneClusterImpl-44598e80-008f-49ac-96a9-a666e849b629/ozone-meta/ratis/bf265839-605b-3f16-9796-c5ba1605619e does not exist. Creating ...
2023-05-05 09:12:52,903 [om1-impl-thread1] INFO  storage.RaftStorageDirectory (RaftStorageDirectoryImpl.java:tryLock(231)) - Lock on /home/runner/work/ozone/ozone/hadoop-ozone/integration-test/target/test-dir/MiniOzoneClusterImpl-44598e80-008f-49ac-96a9-a666e849b629/ozone-meta/ratis/bf265839-605b-3f16-9796-c5ba1605619e/in_use.lock acquired by nodename 7812@fv-az152-207
2023-05-05 09:12:52,904 [om1-impl-thread1] INFO  storage.RaftStorage (RaftStorageImpl.java:format(96)) - Storage directory /home/runner/work/ozone/ozone/hadoop-ozone/integration-test/target/test-dir/MiniOzoneClusterImpl-44598e80-008f-49ac-96a9-a666e849b629/ozone-meta/ratis/bf265839-605b-3f16-9796-c5ba1605619e has been successfully formatted.
2023-05-05 09:12:52,904 [om1-impl-thread1] INFO  server.RaftServerConfigKeys (ConfUtils.java:logGet(46)) - raft.server.log.use.memory = false (default)
2023-05-05 09:12:52,904 [om1-impl-thread1] INFO  server.RaftServerConfigKeys (ConfUtils.java:logGet(46)) - raft.server.log.purge.gap = 1000000 (custom)
2023-05-05 09:12:52,904 [om1-impl-thread1] INFO  server.RaftServerConfigKeys (ConfUtils.java:logGet(46)) - raft.server.log.appender.buffer.byte-limit = 33554432 (custom)
2023-05-05 09:12:52,904 [om1-impl-thread1] INFO  server.RaftServerConfigKeys (ConfUtils.java:logGet(46)) - raft.server.log.statemachine.data.read.timeout = 1000ms (default)
2023-05-05 09:12:52,904 [om1-impl-thread1] INFO  server.RaftServerConfigKeys (ConfUtils.java:logGet(46)) - raft.server.log.purge.preservation.log.num = 0 (default)
2023-05-05 09:12:52,904 [om1-impl-thread1] INFO  server.RaftServerConfigKeys (ConfUtils.java:logGet(46)) - raft.server.log.segment.size.max = 4194304 (custom)
2023-05-05 09:12:52,905 [om1-impl-thread1] INFO  server.RaftServerConfigKeys (ConfUtils.java:logGet(46)) - raft.server.log.segment.cache.num.max = 2 (custom)
2023-05-05 09:12:52,905 [om1-impl-thread1] INFO  server.RaftServerConfigKeys (ConfUtils.java:logGet(46)) - raft.server.log.segment.cache.size.max = 200MB (=209715200) (default)
2023-05-05 09:12:52,905 [om1-impl-thread1] INFO  segmented.SegmentedRaftLogWorker (SegmentedRaftLogWorker.java:<init>(189)) - new om1@group-C5BA1605619E-SegmentedRaftLogWorker for RaftStorageImpl:Storage Directory /home/runner/work/ozone/ozone/hadoop-ozone/integration-test/target/test-dir/MiniOzoneClusterImpl-44598e80-008f-49ac-96a9-a666e849b629/ozone-meta/ratis/bf265839-605b-3f16-9796-c5ba1605619e
2023-05-05 09:12:52,905 [om1-impl-thread1] INFO  server.RaftServerConfigKeys (ConfUtils.java:logGet(46)) - raft.server.log.queue.byte-limit = 64MB (=67108864) (default)
2023-05-05 09:12:52,905 [om1-impl-thread1] INFO  server.RaftServerConfigKeys (ConfUtils.java:logGet(46)) - raft.server.log.queue.element-limit = 4096 (default)
2023-05-05 09:12:52,905 [om1-impl-thread1] INFO  server.RaftServerConfigKeys (ConfUtils.java:logGet(46)) - raft.server.log.segment.size.max = 4194304 (custom)
2023-05-05 09:12:52,905 [om1-impl-thread1] INFO  server.RaftServerConfigKeys (ConfUtils.java:logGet(46)) - raft.server.log.preallocated.size = 4194304 (custom)
2023-05-05 09:12:52,905 [om1-impl-thread1] INFO  server.RaftServerConfigKeys (ConfUtils.java:logGet(46)) - raft.server.log.force.sync.num = 128 (default)
2023-05-05 09:12:52,905 [om1-impl-thread1] INFO  server.RaftServerConfigKeys (ConfUtils.java:logGet(46)) - raft.server.log.statemachine.data.sync = true (default)
2023-05-05 09:12:52,905 [om1-impl-thread1] INFO  server.RaftServerConfigKeys (ConfUtils.java:logGet(46)) - raft.server.log.statemachine.data.sync.timeout = 10s (default)
2023-05-05 09:12:52,905 [om1-impl-thread1] INFO  server.RaftServerConfigKeys (ConfUtils.java:logGet(46)) - raft.server.log.statemachine.data.sync.timeout.retry = -1 (default)
2023-05-05 09:12:52,905 [om1-impl-thread1] INFO  server.RaftServerConfigKeys (ConfUtils.java:logGet(46)) - raft.server.log.write.buffer.size = 64KB (=65536) (default)
2023-05-05 09:12:52,905 [om1-impl-thread1] INFO  server.RaftServerConfigKeys (ConfUtils.java:logGet(46)) - raft.server.log.appender.buffer.byte-limit = 33554432 (custom)
2023-05-05 09:12:52,910 [om1-impl-thread1] INFO  server.RaftServerConfigKeys (ConfUtils.java:logGet(46)) - raft.server.log.unsafe-flush.enabled = false (default)
2023-05-05 09:12:52,910 [om1-impl-thread1] INFO  server.RaftServerConfigKeys (ConfUtils.java:logGet(46)) - raft.server.log.async-flush.enabled = false (default)
2023-05-05 09:12:52,910 [om1-impl-thread1] INFO  server.RaftServerConfigKeys (ConfUtils.java:logGet(46)) - raft.server.log.statemachine.data.caching.enabled = false (default)
2023-05-05 09:12:52,910 [om1-impl-thread1] INFO  segmented.SegmentedRaftLogWorker (SegmentedRaftLogWorker.java:lambda$new$0(135)) - om1@group-C5BA1605619E-SegmentedRaftLogWorker: flushIndex: setUnconditionally 0 -> -1
2023-05-05 09:12:52,910 [om1-impl-thread1] INFO  segmented.SegmentedRaftLogWorker (SegmentedRaftLogWorker.java:lambda$new$0(135)) - om1@group-C5BA1605619E-SegmentedRaftLogWorker: safeCacheEvictIndex: setUnconditionally 0 -> -1
2023-05-05 09:12:52,911 [om1-impl-thread1] INFO  server.RaftServer$Division (RaftServerImpl.java:start(334)) - om1@group-C5BA1605619E: start as a follower, conf=-1: peers:[om1|rpc:localhost:9872|priority:0|startupRole:FOLLOWER]|listeners:[], old=null
2023-05-05 09:12:52,911 [om1-impl-thread1] INFO  server.RaftServer$Division (RaftServerImpl.java:setRole(321)) - om1@group-C5BA1605619E: changes role from      null to FOLLOWER at term 0 for startAsFollower
2023-05-05 09:12:52,911 [om1-impl-thread1] INFO  impl.RoleInfo (RoleInfo.java:updateAndGet(139)) - om1: start om1@group-C5BA1605619E-FollowerState
2023-05-05 09:12:52,911 [om1@group-C5BA1605619E-FollowerState] INFO  server.RaftServerConfigKeys (ConfUtils.java:logFallback(53)) - raft.server.rpc.first-election.timeout.min = 1s (fallback to raft.server.rpc.timeout.min)
2023-05-05 09:12:52,911 [om1-impl-thread1] INFO  util.JmxRegister (JmxRegister.java:tryRegister(44)) - Successfully registered JMX Bean with object name Ratis:service=RaftServer,group=group-C5BA1605619E,id=om1
2023-05-05 09:12:52,911 [om1-impl-thread1] INFO  server.RaftServerConfigKeys (ConfUtils.java:logGet(46)) - raft.server.snapshot.auto.trigger.enabled = true (custom)
2023-05-05 09:12:52,911 [om1@group-C5BA1605619E-FollowerState] INFO  server.RaftServerConfigKeys (ConfUtils.java:logFallback(53)) - raft.server.rpc.first-election.timeout.max = 1200ms (fallback to raft.server.rpc.timeout.max)
2023-05-05 09:12:52,911 [om1-impl-thread1] INFO  server.RaftServerConfigKeys (ConfUtils.java:logGet(46)) - raft.server.snapshot.auto.trigger.threshold = 400000 (default)
2023-05-05 09:12:52,911 [om1-impl-thread1] INFO  server.RaftServerConfigKeys (ConfUtils.java:logGet(46)) - raft.server.snapshot.retention.file.num = -1 (default)
2023-05-05 09:12:52,911 [om1-impl-thread1] INFO  server.RaftServerConfigKeys (ConfUtils.java:logGet(46)) - raft.server.log.purge.upto.snapshot.index = true (custom)
2023-05-05 09:12:52,912 [Listener at 127.0.0.1/38811] INFO  server.RaftServer (RaftServerProxy.java:startImpl(393)) - om1: start RPC server
2023-05-05 09:12:52,914 [Listener at 127.0.0.1/38811] INFO  server.GrpcService (GrpcService.java:startImpl(262)) - om1: GrpcService started, listening on 9872
2023-05-05 09:12:52,914 [Listener at 127.0.0.1/38811] INFO  om.OzoneManager (OzoneManager.java:start(1590)) - Version File has different layout version (4) than OM DB (null). That is expected if this OM has never been finalized to a newer layout version.
2023-05-05 09:12:52,915 [JvmPauseMonitor20] INFO  util.JvmPauseMonitor (JvmPauseMonitor.java:run(105)) - JvmPauseMonitor-om1: Started
2023-05-05 09:12:52,917 [Listener at 127.0.0.1/38811] INFO  http.BaseHttpServer (BaseHttpServer.java:newHttpServer2BuilderForOzone(224)) - Starting Web-server for ozoneManager at: http://0.0.0.0:0
2023-05-05 09:12:52,917 [Listener at 127.0.0.1/38811] INFO  http.BaseHttpServer (BaseHttpServer.java:<init>(111)) - Hadoop Security Enabled: false Ozone Security Enabled: false Ozone HTTP Security Enabled: false 
2023-05-05 09:12:52,918 [Listener at 127.0.0.1/38811] WARN  server.AuthenticationFilter (AuthenticationFilter.java:constructSecretProvider(240)) - Unable to initialize FileSignerSecretProvider, falling back to use random secrets. Reason: Could not read signature secret file: /home/runner/hadoop-http-auth-signature-secret
2023-05-05 09:12:52,918 [Listener at 127.0.0.1/38811] INFO  http.HttpRequestLog (HttpRequestLog.java:getRequestLog(86)) - Http request log for http.requests.ozoneManager is not defined
2023-05-05 09:12:52,919 [Listener at 127.0.0.1/38811] INFO  http.HttpServer2 (HttpServer2.java:addGlobalFilter(1031)) - Added global filter 'safety' (class=org.apache.hadoop.hdds.server.http.HttpServer2$QuotingInputFilter)
2023-05-05 09:12:52,920 [Listener at 127.0.0.1/38811] INFO  http.HttpServer2 (HttpServer2.java:addFilter(1007)) - Added filter static_user_filter (class=org.apache.hadoop.http.lib.StaticUserWebFilter$StaticUserFilter) to context ozoneManager
2023-05-05 09:12:52,920 [Listener at 127.0.0.1/38811] INFO  http.HttpServer2 (HttpServer2.java:addFilter(1015)) - Added filter static_user_filter (class=org.apache.hadoop.http.lib.StaticUserWebFilter$StaticUserFilter) to context logs
2023-05-05 09:12:52,920 [Listener at 127.0.0.1/38811] INFO  http.HttpServer2 (HttpServer2.java:addFilter(1015)) - Added filter static_user_filter (class=org.apache.hadoop.http.lib.StaticUserWebFilter$StaticUserFilter) to context static
2023-05-05 09:12:52,920 [Listener at 127.0.0.1/38811] INFO  http.BaseHttpServer (BaseHttpServer.java:<init>(190)) - HTTP server of ozoneManager uses base directory /home/runner/work/ozone/ozone/hadoop-ozone/integration-test/target/test-dir/MiniOzoneClusterImpl-44598e80-008f-49ac-96a9-a666e849b629/ozone-meta/webserver
2023-05-05 09:12:52,920 [Listener at 127.0.0.1/38811] INFO  http.HttpServer2 (HttpServer2.java:bindListener(1250)) - Jetty bound to port 42099
2023-05-05 09:12:52,920 [Listener at 127.0.0.1/38811] INFO  server.Server (Server.java:doStart(375)) - jetty-9.4.51.v20230217; built: 2023-02-17T08:19:37.309Z; git: b45c405e4544384de066f814ed42ae3dceacdd49; jvm 1.8.0_362-b09
2023-05-05 09:12:52,925 [Listener at 127.0.0.1/38811] INFO  server.session (DefaultSessionIdManager.java:doStart(334)) - DefaultSessionIdManager workerName=node0
2023-05-05 09:12:52,925 [Listener at 127.0.0.1/38811] INFO  server.session (DefaultSessionIdManager.java:doStart(339)) - No SessionScavenger set, using defaults
2023-05-05 09:12:52,925 [Listener at 127.0.0.1/38811] INFO  server.session (HouseKeeper.java:startScavenging(132)) - node0 Scavenging every 600000ms
2023-05-05 09:12:52,925 [Listener at 127.0.0.1/38811] INFO  handler.ContextHandler (ContextHandler.java:doStart(921)) - Started o.e.j.s.ServletContextHandler@349e808e{logs,/logs,file:///home/runner/work/ozone/ozone/hadoop-ozone/integration-test/target/log,AVAILABLE}
2023-05-05 09:12:52,926 [Listener at 127.0.0.1/38811] INFO  handler.ContextHandler (ContextHandler.java:doStart(921)) - Started o.e.j.s.ServletContextHandler@6cdd984f{static,/static,file:///home/runner/work/ozone/ozone/hadoop-ozone/integration-test/target/test-classes/webapps/static,AVAILABLE}
2023-05-05 09:12:52,928 [Listener at 127.0.0.1/38811] INFO  handler.ContextHandler (ContextHandler.java:doStart(921)) - Started o.e.j.w.WebAppContext@136576ab{ozoneManager,/,file:///home/runner/work/ozone/ozone/hadoop-ozone/integration-test/target/test-classes/webapps/ozoneManager/,AVAILABLE}{file:/home/runner/work/ozone/ozone/hadoop-ozone/integration-test/target/test-classes/webapps/ozoneManager}
2023-05-05 09:12:52,929 [Listener at 127.0.0.1/38811] INFO  server.AbstractConnector (AbstractConnector.java:doStart(333)) - Started ServerConnector@5b9771b4{HTTP/1.1, (http/1.1)}{0.0.0.0:42099}
2023-05-05 09:12:52,929 [Listener at 127.0.0.1/38811] INFO  server.Server (Server.java:doStart(415)) - Started @164282ms
2023-05-05 09:12:52,929 [Listener at 127.0.0.1/38811] WARN  impl.MetricsSystemImpl (MetricsSystemImpl.java:register(279)) - Sink prometheus already exists!
2023-05-05 09:12:52,930 [Listener at 127.0.0.1/38811] INFO  http.BaseHttpServer (BaseHttpServer.java:updateConnectorAddress(344)) - HTTP server of ozoneManager listening at http://0.0.0.0:42099
2023-05-05 09:12:52,931 [IPC Server Responder] INFO  ipc.Server (Server.java:run(1558)) - IPC Server Responder: starting
2023-05-05 09:12:52,931 [IPC Server listener on 0] INFO  ipc.Server (Server.java:run(1398)) - IPC Server listener on 0: starting
2023-05-05 09:12:52,938 [Listener at 127.0.0.1/38811] INFO  om.OzoneManager (OzoneManager.java:startTrashEmptier(2050)) - Trash Interval set to 0. Files deleted won't move to trash
2023-05-05 09:12:52,948 [org.apache.hadoop.util.JvmPauseMonitor$Monitor@1598af42] INFO  util.JvmPauseMonitor (JvmPauseMonitor.java:run(188)) - Starting JVM pause monitor
2023-05-05 09:12:52,949 [Listener at 127.0.0.1/38811] WARN  impl.MetricRegistriesImpl (MetricRegistriesImpl.java:addReporterRegistration(111)) - New reporters are added after registries were created. Some metrics will be missing from the reporter. Please add reporter before adding any new registry.
2023-05-05 09:12:52,949 [Listener at 127.0.0.1/38811] WARN  impl.MetricRegistriesImpl (MetricRegistriesImpl.java:addReporterRegistration(111)) - New reporters are added after registries were created. Some metrics will be missing from the reporter. Please add reporter before adding any new registry.
2023-05-05 09:12:52,949 [Listener at 127.0.0.1/38811] INFO  impl.MetricsSystemImpl (MetricsSystemImpl.java:init(158)) - HddsDatanode metrics system started (again)
2023-05-05 09:12:52,962 [Listener at 127.0.0.1/38811] INFO  ozone.HddsDatanodeService (HddsDatanodeService.java:start(252)) - HddsDatanodeService host:fv-az152-207.qln5d00okglujjccfnhxhxodph.cx.internal.cloudapp.net ip:10.1.0.42
2023-05-05 09:12:52,982 [Listener at 127.0.0.1/38811] INFO  upgrade.AbstractLayoutVersionManager (AbstractLayoutVersionManager.java:init(83)) - Initializing Layout version manager with metadata layout = WEBUI_PORTS_IN_DATANODEDETAILS (version = 6), software layout = WEBUI_PORTS_IN_DATANODEDETAILS (version = 6)
2023-05-05 09:12:53,028 [Listener at 127.0.0.1/38811] INFO  reflections.Reflections (Reflections.java:scan(232)) - Reflections took 45 ms to scan 7 urls, producing 156 keys and 369 values 
2023-05-05 09:12:53,030 [Listener at 127.0.0.1/38811] INFO  statemachine.DatanodeStateMachine (DatanodeStateMachine.java:getEndPointTaskThreadPoolSize(267)) - Datanode State Machine Task Thread Pool size 2
2023-05-05 09:12:53,033 [Listener at 127.0.0.1/38811] INFO  volume.HddsVolume (HddsVolume.java:<init>(130)) - Creating HddsVolume: /home/runner/work/ozone/ozone/hadoop-ozone/integration-test/target/test-dir/MiniOzoneClusterImpl-44598e80-008f-49ac-96a9-a666e849b629/datanode-0/data-0/containers/hdds of storage type : DISK capacity : 9223372036854775807
2023-05-05 09:12:53,034 [Listener at 127.0.0.1/38811] INFO  volume.MutableVolumeSet (MutableVolumeSet.java:initializeVolumeSet(175)) - Added Volume : /home/runner/work/ozone/ozone/hadoop-ozone/integration-test/target/test-dir/MiniOzoneClusterImpl-44598e80-008f-49ac-96a9-a666e849b629/datanode-0/data-0/containers/hdds to VolumeSet
2023-05-05 09:12:53,034 [Listener at 127.0.0.1/38811] INFO  volume.ThrottledAsyncChecker (ThrottledAsyncChecker.java:schedule(141)) - Scheduling a check for /home/runner/work/ozone/ozone/hadoop-ozone/integration-test/target/test-dir/MiniOzoneClusterImpl-44598e80-008f-49ac-96a9-a666e849b629/datanode-0/data-0/containers/hdds
2023-05-05 09:12:53,034 [Listener at 127.0.0.1/38811] INFO  volume.StorageVolumeChecker (StorageVolumeChecker.java:checkAllVolumes(202)) - Scheduled health check for volume /home/runner/work/ozone/ozone/hadoop-ozone/integration-test/target/test-dir/MiniOzoneClusterImpl-44598e80-008f-49ac-96a9-a666e849b629/datanode-0/data-0/containers/hdds
2023-05-05 09:12:53,046 [Listener at 127.0.0.1/38811] INFO  volume.MutableVolumeSet (MutableVolumeSet.java:initializeVolumeSet(175)) - Added Volume : /home/runner/work/ozone/ozone/hadoop-ozone/integration-test/target/test-dir/MiniOzoneClusterImpl-44598e80-008f-49ac-96a9-a666e849b629/datanode-0/data/ratis to VolumeSet
2023-05-05 09:12:53,046 [Listener at 127.0.0.1/38811] INFO  volume.ThrottledAsyncChecker (ThrottledAsyncChecker.java:schedule(141)) - Scheduling a check for /home/runner/work/ozone/ozone/hadoop-ozone/integration-test/target/test-dir/MiniOzoneClusterImpl-44598e80-008f-49ac-96a9-a666e849b629/datanode-0/data/ratis
2023-05-05 09:12:53,046 [Listener at 127.0.0.1/38811] INFO  volume.StorageVolumeChecker (StorageVolumeChecker.java:checkAllVolumes(202)) - Scheduled health check for volume /home/runner/work/ozone/ozone/hadoop-ozone/integration-test/target/test-dir/MiniOzoneClusterImpl-44598e80-008f-49ac-96a9-a666e849b629/datanode-0/data/ratis
2023-05-05 09:12:53,059 [Thread-2112] INFO  ozoneimpl.ContainerReader (ContainerReader.java:readVolume(175)) - Finish verifying containers on volume /home/runner/work/ozone/ozone/hadoop-ozone/integration-test/target/test-dir/MiniOzoneClusterImpl-44598e80-008f-49ac-96a9-a666e849b629/datanode-0/data-0/containers/hdds
2023-05-05 09:12:53,059 [Listener at 127.0.0.1/38811] INFO  ozoneimpl.OzoneContainer (OzoneContainer.java:buildContainerSet(303)) - Build ContainerSet costs 0s
2023-05-05 09:12:53,061 [Listener at 127.0.0.1/38811] INFO  server.RaftServer (ConfUtils.java:logGet(46)) - raft.rpc.type = GRPC (default)
2023-05-05 09:12:53,061 [Listener at 127.0.0.1/38811] INFO  grpc.GrpcConfigKeys (ConfUtils.java:logFallback(53)) - raft.grpc.admin.host = null (fallback to raft.grpc.server.host)
2023-05-05 09:12:53,061 [Listener at 127.0.0.1/38811] INFO  grpc.GrpcConfigKeys (ConfUtils.java:logGet(46)) - raft.grpc.admin.port = 0 (custom)
2023-05-05 09:12:53,061 [Listener at 127.0.0.1/38811] INFO  grpc.GrpcConfigKeys (ConfUtils.java:logFallback(53)) - raft.grpc.client.host = null (fallback to raft.grpc.server.host)
2023-05-05 09:12:53,061 [Listener at 127.0.0.1/38811] INFO  grpc.GrpcConfigKeys (ConfUtils.java:logGet(46)) - raft.grpc.client.port = 0 (custom)
2023-05-05 09:12:53,061 [Listener at 127.0.0.1/38811] INFO  grpc.GrpcConfigKeys (ConfUtils.java:logGet(46)) - raft.grpc.server.host = null (default)
2023-05-05 09:12:53,061 [Listener at 127.0.0.1/38811] INFO  grpc.GrpcConfigKeys (ConfUtils.java:logGet(46)) - raft.grpc.server.port = 0 (default)
2023-05-05 09:12:53,061 [Listener at 127.0.0.1/38811] INFO  server.GrpcService (ConfUtils.java:logGet(46)) - raft.grpc.message.size.max = 32MB (=33554432) (custom)
2023-05-05 09:12:53,061 [Listener at 127.0.0.1/38811] INFO  server.RaftServerConfigKeys (ConfUtils.java:logGet(46)) - raft.server.log.appender.buffer.byte-limit = 33554432 (custom)
2023-05-05 09:12:53,061 [Listener at 127.0.0.1/38811] INFO  server.GrpcService (ConfUtils.java:logGet(46)) - raft.grpc.flow.control.window = 5MB (=5242880) (custom)
2023-05-05 09:12:53,061 [Listener at 127.0.0.1/38811] INFO  server.RaftServerConfigKeys (ConfUtils.java:logGet(46)) - raft.server.rpc.request.timeout = 60s (custom)
2023-05-05 09:12:53,062 [Listener at 127.0.0.1/38811] INFO  grpc.GrpcConfigKeys (ConfUtils.java:logGet(46)) - raft.grpc.server.heartbeat.channel = true (default)
2023-05-05 09:12:53,062 [Listener at 127.0.0.1/38811] INFO  grpc.GrpcConfigKeys (ConfUtils.java:logGet(46)) - raft.grpc.server.async.request.thread.pool.cached = true (default)
2023-05-05 09:12:53,062 [Listener at 127.0.0.1/38811] INFO  grpc.GrpcConfigKeys (ConfUtils.java:logGet(46)) - raft.grpc.server.async.request.thread.pool.size = 32 (default)
2023-05-05 09:12:53,063 [Listener at 127.0.0.1/38811] INFO  impl.DataStreamServerImpl (ConfUtils.java:logGet(46)) - raft.datastream.type = NETTY (custom)
2023-05-05 09:12:53,063 [Listener at 127.0.0.1/38811] INFO  server.RaftServerConfigKeys (ConfUtils.java:logGet(46)) - raft.server.data-stream.async.request.thread.pool.cached = false (default)
2023-05-05 09:12:53,063 [Listener at 127.0.0.1/38811] INFO  server.RaftServerConfigKeys (ConfUtils.java:logGet(46)) - raft.server.data-stream.async.request.thread.pool.size = 20 (custom)
2023-05-05 09:12:53,063 [Listener at 127.0.0.1/38811] INFO  server.RaftServerConfigKeys (ConfUtils.java:logGet(46)) - raft.server.data-stream.async.write.thread.pool.size = 16 (default)
2023-05-05 09:12:53,063 [Listener at 127.0.0.1/38811] INFO  server.RaftServerConfigKeys (ConfUtils.java:logGet(46)) - raft.server.data-stream.client.pool.size = 10 (default)
2023-05-05 09:12:53,063 [Listener at 127.0.0.1/38811] INFO  netty.NettyConfigKeys$DataStream (ConfUtils.java:logGet(46)) - raft.netty.dataStream.server.use-epoll = false (default)
2023-05-05 09:12:53,063 [Listener at 127.0.0.1/38811] INFO  netty.NettyConfigKeys$DataStream (ConfUtils.java:logGet(46)) - raft.netty.dataStream.server.boss-group.size = 0 (default)
2023-05-05 09:12:53,063 [Listener at 127.0.0.1/38811] INFO  netty.NettyConfigKeys$DataStream (ConfUtils.java:logGet(46)) - raft.netty.dataStream.server.worker-group.size = 0 (default)
2023-05-05 09:12:53,064 [Listener at 127.0.0.1/38811] INFO  netty.NettyConfigKeys$DataStream (ConfUtils.java:logGet(46)) - raft.netty.dataStream.server.tls.conf = null (default)
2023-05-05 09:12:53,064 [Listener at 127.0.0.1/38811] INFO  netty.NettyConfigKeys$DataStream (ConfUtils.java:logGet(46)) - raft.netty.dataStream.host = null (default)
2023-05-05 09:12:53,064 [Listener at 127.0.0.1/38811] INFO  netty.NettyConfigKeys$DataStream (ConfUtils.java:logGet(46)) - raft.netty.dataStream.port = 0 (default)
2023-05-05 09:12:53,064 [Listener at 127.0.0.1/38811] INFO  server.RaftServerConfigKeys (ConfUtils.java:logGet(46)) - raft.server.threadpool.proxy.cached = true (default)
2023-05-05 09:12:53,064 [Listener at 127.0.0.1/38811] INFO  server.RaftServerConfigKeys (ConfUtils.java:logGet(46)) - raft.server.threadpool.proxy.size = 0 (default)
2023-05-05 09:12:53,064 [Listener at 127.0.0.1/38811] INFO  server.RaftServerConfigKeys (ConfUtils.java:logGet(46)) - raft.server.rpc.slowness.timeout = 300s (custom)
2023-05-05 09:12:53,065 [Listener at 127.0.0.1/38811] INFO  server.RaftServerConfigKeys (ConfUtils.java:logGet(46)) - raft.server.leaderelection.leader.step-down.wait-time = 10s (default)
2023-05-05 09:12:53,065 [01ec52f5-41b6-49aa-a875-886c0181af90-NettyServerStreamRpc-bossGroup--thread1] INFO  logging.LoggingHandler (AbstractInternalLogger.java:log(148)) - [id: 0xe1c6f14e] REGISTERED
2023-05-05 09:12:53,065 [Listener at 127.0.0.1/38811] INFO  server.RaftServerConfigKeys (ConfUtils.java:logGet(46)) - raft.server.storage.dir = [/home/runner/work/ozone/ozone/hadoop-ozone/integration-test/target/test-dir/MiniOzoneClusterImpl-44598e80-008f-49ac-96a9-a666e849b629/datanode-0/data/ratis] (custom)
2023-05-05 09:12:53,065 [01ec52f5-41b6-49aa-a875-886c0181af90-NettyServerStreamRpc-bossGroup--thread1] INFO  logging.LoggingHandler (AbstractInternalLogger.java:log(148)) - [id: 0xe1c6f14e] BIND: 0.0.0.0/0.0.0.0:0
2023-05-05 09:12:53,065 [01ec52f5-41b6-49aa-a875-886c0181af90-NettyServerStreamRpc-bossGroup--thread1] INFO  logging.LoggingHandler (AbstractInternalLogger.java:log(148)) - [id: 0xe1c6f14e, L:/0:0:0:0:0:0:0:0:41675] ACTIVE
2023-05-05 09:12:53,066 [Listener at 127.0.0.1/38811] INFO  server.XceiverServerGrpc (XceiverServerGrpc.java:<init>(132)) - GrpcServer channel type EpollServerSocketChannel
2023-05-05 09:12:53,067 [Listener at 127.0.0.1/38811] INFO  replication.ReplicationSupervisor (ReplicationSupervisor.java:nodeStateUpdated(290)) - Node state updated to IN_SERVICE, scaling executor pool size to 10
2023-05-05 09:12:53,069 [Listener at 127.0.0.1/38811] INFO  http.BaseHttpServer (BaseHttpServer.java:newHttpServer2BuilderForOzone(224)) - Starting Web-server for hddsDatanode at: http://0.0.0.0:0
2023-05-05 09:12:53,069 [Listener at 127.0.0.1/38811] INFO  http.BaseHttpServer (BaseHttpServer.java:<init>(111)) - Hadoop Security Enabled: false Ozone Security Enabled: false Ozone HTTP Security Enabled: false 
2023-05-05 09:12:53,070 [Listener at 127.0.0.1/38811] WARN  server.AuthenticationFilter (AuthenticationFilter.java:constructSecretProvider(240)) - Unable to initialize FileSignerSecretProvider, falling back to use random secrets. Reason: Could not read signature secret file: /home/runner/hadoop-http-auth-signature-secret
2023-05-05 09:12:53,070 [Listener at 127.0.0.1/38811] INFO  http.HttpRequestLog (HttpRequestLog.java:getRequestLog(86)) - Http request log for http.requests.hddsDatanode is not defined
2023-05-05 09:12:53,071 [Listener at 127.0.0.1/38811] INFO  http.HttpServer2 (HttpServer2.java:addGlobalFilter(1031)) - Added global filter 'safety' (class=org.apache.hadoop.hdds.server.http.HttpServer2$QuotingInputFilter)
2023-05-05 09:12:53,072 [Listener at 127.0.0.1/38811] INFO  http.HttpServer2 (HttpServer2.java:addFilter(1007)) - Added filter static_user_filter (class=org.apache.hadoop.http.lib.StaticUserWebFilter$StaticUserFilter) to context hddsDatanode
2023-05-05 09:12:53,072 [Listener at 127.0.0.1/38811] INFO  http.HttpServer2 (HttpServer2.java:addFilter(1015)) - Added filter static_user_filter (class=org.apache.hadoop.http.lib.StaticUserWebFilter$StaticUserFilter) to context static
2023-05-05 09:12:53,072 [Listener at 127.0.0.1/38811] INFO  http.HttpServer2 (HttpServer2.java:addFilter(1015)) - Added filter static_user_filter (class=org.apache.hadoop.http.lib.StaticUserWebFilter$StaticUserFilter) to context logs
2023-05-05 09:12:53,072 [Listener at 127.0.0.1/38811] INFO  http.BaseHttpServer (BaseHttpServer.java:<init>(190)) - HTTP server of hddsDatanode uses base directory /home/runner/work/ozone/ozone/hadoop-ozone/integration-test/target/test-dir/MiniOzoneClusterImpl-44598e80-008f-49ac-96a9-a666e849b629/datanode-0/meta/webserver
2023-05-05 09:12:53,072 [Listener at 127.0.0.1/38811] INFO  http.HttpServer2 (HttpServer2.java:bindListener(1250)) - Jetty bound to port 42297
2023-05-05 09:12:53,073 [Listener at 127.0.0.1/38811] INFO  server.Server (Server.java:doStart(375)) - jetty-9.4.51.v20230217; built: 2023-02-17T08:19:37.309Z; git: b45c405e4544384de066f814ed42ae3dceacdd49; jvm 1.8.0_362-b09
2023-05-05 09:12:53,078 [Listener at 127.0.0.1/38811] INFO  server.session (DefaultSessionIdManager.java:doStart(334)) - DefaultSessionIdManager workerName=node0
2023-05-05 09:12:53,078 [Listener at 127.0.0.1/38811] INFO  server.session (DefaultSessionIdManager.java:doStart(339)) - No SessionScavenger set, using defaults
2023-05-05 09:12:53,078 [Listener at 127.0.0.1/38811] INFO  server.session (HouseKeeper.java:startScavenging(132)) - node0 Scavenging every 660000ms
2023-05-05 09:12:53,079 [Listener at 127.0.0.1/38811] INFO  handler.ContextHandler (ContextHandler.java:doStart(921)) - Started o.e.j.s.ServletContextHandler@6801e01c{logs,/logs,file:///home/runner/work/ozone/ozone/hadoop-ozone/integration-test/target/log,AVAILABLE}
2023-05-05 09:12:53,079 [Listener at 127.0.0.1/38811] INFO  handler.ContextHandler (ContextHandler.java:doStart(921)) - Started o.e.j.s.ServletContextHandler@62501064{static,/static,jar:file:/home/runner/.m2/repository/org/apache/ozone/hdds-container-service/1.4.0-SNAPSHOT/hdds-container-service-1.4.0-SNAPSHOT.jar!/webapps/static,AVAILABLE}
2023-05-05 09:12:53,269 [Listener at 127.0.0.1/38811] INFO  handler.ContextHandler (ContextHandler.java:doStart(921)) - Started o.e.j.w.WebAppContext@3068cdb0{hddsDatanode,/,file:///home/runner/work/ozone/ozone/hadoop-ozone/integration-test/target/test-dir/MiniOzoneClusterImpl-44598e80-008f-49ac-96a9-a666e849b629/datanode-0/meta/webserver/jetty-0_0_0_0-42297-hdds-container-service-1_4_0-SNAPSHOT_jar-_-any-5896966713175758482/webapp/,AVAILABLE}{jar:file:/home/runner/.m2/repository/org/apache/ozone/hdds-container-service/1.4.0-SNAPSHOT/hdds-container-service-1.4.0-SNAPSHOT.jar!/webapps/hddsDatanode}
2023-05-05 09:12:53,270 [Listener at 127.0.0.1/38811] INFO  server.AbstractConnector (AbstractConnector.java:doStart(333)) - Started ServerConnector@56aed49d{HTTP/1.1, (http/1.1)}{0.0.0.0:42297}
2023-05-05 09:12:53,270 [Listener at 127.0.0.1/38811] INFO  server.Server (Server.java:doStart(415)) - Started @164623ms
2023-05-05 09:12:53,270 [Listener at 127.0.0.1/38811] WARN  impl.MetricsSystemImpl (MetricsSystemImpl.java:register(279)) - Sink prometheus already exists!
2023-05-05 09:12:53,271 [Listener at 127.0.0.1/38811] INFO  http.BaseHttpServer (BaseHttpServer.java:updateConnectorAddress(344)) - HTTP server of hddsDatanode listening at http://0.0.0.0:42297
2023-05-05 09:12:53,272 [Datanode State Machine Daemon Thread] INFO  statemachine.DatanodeStateMachine (DatanodeStateMachine.java:lambda$startDaemon$0(524)) - Ozone container server started.
2023-05-05 09:12:53,272 [Listener at 127.0.0.1/38811] WARN  impl.MetricRegistriesImpl (MetricRegistriesImpl.java:addReporterRegistration(111)) - New reporters are added after registries were created. Some metrics will be missing from the reporter. Please add reporter before adding any new registry.
2023-05-05 09:12:53,273 [Listener at 127.0.0.1/38811] WARN  impl.MetricRegistriesImpl (MetricRegistriesImpl.java:addReporterRegistration(111)) - New reporters are added after registries were created. Some metrics will be missing from the reporter. Please add reporter before adding any new registry.
2023-05-05 09:12:53,273 [Listener at 127.0.0.1/38811] INFO  impl.MetricsSystemImpl (MetricsSystemImpl.java:init(158)) - HddsDatanode metrics system started (again)
2023-05-05 09:12:53,280 [org.apache.hadoop.util.JvmPauseMonitor$Monitor@5c304c3] INFO  util.JvmPauseMonitor (JvmPauseMonitor.java:run(188)) - Starting JVM pause monitor
2023-05-05 09:12:53,285 [Datanode State Machine Task Thread - 0] INFO  datanode.InitDatanodeState (InitDatanodeState.java:persistContainerDatanodeDetails(138)) - DatanodeDetails is persisted to /home/runner/work/ozone/ozone/hadoop-ozone/integration-test/target/test-dir/MiniOzoneClusterImpl-44598e80-008f-49ac-96a9-a666e849b629/datanode-0/meta/datanode.id
2023-05-05 09:12:53,286 [Listener at 127.0.0.1/38811] INFO  ozone.HddsDatanodeService (HddsDatanodeService.java:start(252)) - HddsDatanodeService host:fv-az152-207.qln5d00okglujjccfnhxhxodph.cx.internal.cloudapp.net ip:10.1.0.42
2023-05-05 09:12:53,311 [Listener at 127.0.0.1/38811] INFO  upgrade.AbstractLayoutVersionManager (AbstractLayoutVersionManager.java:init(83)) - Initializing Layout version manager with metadata layout = WEBUI_PORTS_IN_DATANODEDETAILS (version = 6), software layout = WEBUI_PORTS_IN_DATANODEDETAILS (version = 6)
2023-05-05 09:12:53,422 [Listener at 127.0.0.1/38811] INFO  reflections.Reflections (Reflections.java:scan(232)) - Reflections took 110 ms to scan 7 urls, producing 156 keys and 369 values 
2023-05-05 09:12:53,423 [Listener at 127.0.0.1/38811] INFO  statemachine.DatanodeStateMachine (DatanodeStateMachine.java:getEndPointTaskThreadPoolSize(267)) - Datanode State Machine Task Thread Pool size 2
2023-05-05 09:12:53,425 [Listener at 127.0.0.1/38811] INFO  volume.HddsVolume (HddsVolume.java:<init>(130)) - Creating HddsVolume: /home/runner/work/ozone/ozone/hadoop-ozone/integration-test/target/test-dir/MiniOzoneClusterImpl-44598e80-008f-49ac-96a9-a666e849b629/datanode-1/data-0/containers/hdds of storage type : DISK capacity : 9223372036854775807
2023-05-05 09:12:53,425 [Listener at 127.0.0.1/38811] INFO  volume.MutableVolumeSet (MutableVolumeSet.java:initializeVolumeSet(175)) - Added Volume : /home/runner/work/ozone/ozone/hadoop-ozone/integration-test/target/test-dir/MiniOzoneClusterImpl-44598e80-008f-49ac-96a9-a666e849b629/datanode-1/data-0/containers/hdds to VolumeSet
2023-05-05 09:12:53,425 [Listener at 127.0.0.1/38811] INFO  volume.ThrottledAsyncChecker (ThrottledAsyncChecker.java:schedule(141)) - Scheduling a check for /home/runner/work/ozone/ozone/hadoop-ozone/integration-test/target/test-dir/MiniOzoneClusterImpl-44598e80-008f-49ac-96a9-a666e849b629/datanode-1/data-0/containers/hdds
2023-05-05 09:12:53,426 [Listener at 127.0.0.1/38811] INFO  volume.StorageVolumeChecker (StorageVolumeChecker.java:checkAllVolumes(202)) - Scheduled health check for volume /home/runner/work/ozone/ozone/hadoop-ozone/integration-test/target/test-dir/MiniOzoneClusterImpl-44598e80-008f-49ac-96a9-a666e849b629/datanode-1/data-0/containers/hdds
2023-05-05 09:12:53,437 [Listener at 127.0.0.1/38811] INFO  volume.MutableVolumeSet (MutableVolumeSet.java:initializeVolumeSet(175)) - Added Volume : /home/runner/work/ozone/ozone/hadoop-ozone/integration-test/target/test-dir/MiniOzoneClusterImpl-44598e80-008f-49ac-96a9-a666e849b629/datanode-1/data/ratis to VolumeSet
2023-05-05 09:12:53,437 [Listener at 127.0.0.1/38811] INFO  volume.ThrottledAsyncChecker (ThrottledAsyncChecker.java:schedule(141)) - Scheduling a check for /home/runner/work/ozone/ozone/hadoop-ozone/integration-test/target/test-dir/MiniOzoneClusterImpl-44598e80-008f-49ac-96a9-a666e849b629/datanode-1/data/ratis
2023-05-05 09:12:53,437 [Listener at 127.0.0.1/38811] INFO  volume.StorageVolumeChecker (StorageVolumeChecker.java:checkAllVolumes(202)) - Scheduled health check for volume /home/runner/work/ozone/ozone/hadoop-ozone/integration-test/target/test-dir/MiniOzoneClusterImpl-44598e80-008f-49ac-96a9-a666e849b629/datanode-1/data/ratis
2023-05-05 09:12:53,447 [Thread-2126] INFO  ozoneimpl.ContainerReader (ContainerReader.java:readVolume(175)) - Finish verifying containers on volume /home/runner/work/ozone/ozone/hadoop-ozone/integration-test/target/test-dir/MiniOzoneClusterImpl-44598e80-008f-49ac-96a9-a666e849b629/datanode-1/data-0/containers/hdds
2023-05-05 09:12:53,447 [Listener at 127.0.0.1/38811] INFO  ozoneimpl.OzoneContainer (OzoneContainer.java:buildContainerSet(303)) - Build ContainerSet costs 0s
2023-05-05 09:12:53,450 [Listener at 127.0.0.1/38811] INFO  server.RaftServer (ConfUtils.java:logGet(46)) - raft.rpc.type = GRPC (default)
2023-05-05 09:12:53,450 [Listener at 127.0.0.1/38811] INFO  grpc.GrpcConfigKeys (ConfUtils.java:logFallback(53)) - raft.grpc.admin.host = null (fallback to raft.grpc.server.host)
2023-05-05 09:12:53,450 [Listener at 127.0.0.1/38811] INFO  grpc.GrpcConfigKeys (ConfUtils.java:logGet(46)) - raft.grpc.admin.port = 0 (custom)
2023-05-05 09:12:53,450 [Listener at 127.0.0.1/38811] INFO  grpc.GrpcConfigKeys (ConfUtils.java:logFallback(53)) - raft.grpc.client.host = null (fallback to raft.grpc.server.host)
2023-05-05 09:12:53,450 [Listener at 127.0.0.1/38811] INFO  grpc.GrpcConfigKeys (ConfUtils.java:logGet(46)) - raft.grpc.client.port = 0 (custom)
2023-05-05 09:12:53,450 [Listener at 127.0.0.1/38811] INFO  grpc.GrpcConfigKeys (ConfUtils.java:logGet(46)) - raft.grpc.server.host = null (default)
2023-05-05 09:12:53,450 [Listener at 127.0.0.1/38811] INFO  grpc.GrpcConfigKeys (ConfUtils.java:logGet(46)) - raft.grpc.server.port = 0 (default)
2023-05-05 09:12:53,450 [Listener at 127.0.0.1/38811] INFO  server.GrpcService (ConfUtils.java:logGet(46)) - raft.grpc.message.size.max = 32MB (=33554432) (custom)
2023-05-05 09:12:53,450 [Listener at 127.0.0.1/38811] INFO  server.RaftServerConfigKeys (ConfUtils.java:logGet(46)) - raft.server.log.appender.buffer.byte-limit = 33554432 (custom)
2023-05-05 09:12:53,450 [Listener at 127.0.0.1/38811] INFO  server.GrpcService (ConfUtils.java:logGet(46)) - raft.grpc.flow.control.window = 5MB (=5242880) (custom)
2023-05-05 09:12:53,450 [Listener at 127.0.0.1/38811] INFO  server.RaftServerConfigKeys (ConfUtils.java:logGet(46)) - raft.server.rpc.request.timeout = 60s (custom)
2023-05-05 09:12:53,450 [Listener at 127.0.0.1/38811] INFO  grpc.GrpcConfigKeys (ConfUtils.java:logGet(46)) - raft.grpc.server.heartbeat.channel = true (default)
2023-05-05 09:12:53,451 [Listener at 127.0.0.1/38811] INFO  grpc.GrpcConfigKeys (ConfUtils.java:logGet(46)) - raft.grpc.server.async.request.thread.pool.cached = true (default)
2023-05-05 09:12:53,451 [Listener at 127.0.0.1/38811] INFO  grpc.GrpcConfigKeys (ConfUtils.java:logGet(46)) - raft.grpc.server.async.request.thread.pool.size = 32 (default)
2023-05-05 09:12:53,452 [Listener at 127.0.0.1/38811] INFO  impl.DataStreamServerImpl (ConfUtils.java:logGet(46)) - raft.datastream.type = NETTY (custom)
2023-05-05 09:12:53,452 [Listener at 127.0.0.1/38811] INFO  server.RaftServerConfigKeys (ConfUtils.java:logGet(46)) - raft.server.data-stream.async.request.thread.pool.cached = false (default)
2023-05-05 09:12:53,452 [Listener at 127.0.0.1/38811] INFO  server.RaftServerConfigKeys (ConfUtils.java:logGet(46)) - raft.server.data-stream.async.request.thread.pool.size = 20 (custom)
2023-05-05 09:12:53,452 [Listener at 127.0.0.1/38811] INFO  server.RaftServerConfigKeys (ConfUtils.java:logGet(46)) - raft.server.data-stream.async.write.thread.pool.size = 16 (default)
2023-05-05 09:12:53,452 [Listener at 127.0.0.1/38811] INFO  server.RaftServerConfigKeys (ConfUtils.java:logGet(46)) - raft.server.data-stream.client.pool.size = 10 (default)
2023-05-05 09:12:53,452 [Listener at 127.0.0.1/38811] INFO  netty.NettyConfigKeys$DataStream (ConfUtils.java:logGet(46)) - raft.netty.dataStream.server.use-epoll = false (default)
2023-05-05 09:12:53,452 [Listener at 127.0.0.1/38811] INFO  netty.NettyConfigKeys$DataStream (ConfUtils.java:logGet(46)) - raft.netty.dataStream.server.boss-group.size = 0 (default)
2023-05-05 09:12:53,453 [Listener at 127.0.0.1/38811] INFO  netty.NettyConfigKeys$DataStream (ConfUtils.java:logGet(46)) - raft.netty.dataStream.server.worker-group.size = 0 (default)
2023-05-05 09:12:53,453 [Listener at 127.0.0.1/38811] INFO  netty.NettyConfigKeys$DataStream (ConfUtils.java:logGet(46)) - raft.netty.dataStream.server.tls.conf = null (default)
2023-05-05 09:12:53,453 [Listener at 127.0.0.1/38811] INFO  netty.NettyConfigKeys$DataStream (ConfUtils.java:logGet(46)) - raft.netty.dataStream.host = null (default)
2023-05-05 09:12:53,453 [Listener at 127.0.0.1/38811] INFO  netty.NettyConfigKeys$DataStream (ConfUtils.java:logGet(46)) - raft.netty.dataStream.port = 0 (default)
2023-05-05 09:12:53,454 [Listener at 127.0.0.1/38811] INFO  server.RaftServerConfigKeys (ConfUtils.java:logGet(46)) - raft.server.threadpool.proxy.cached = true (default)
2023-05-05 09:12:53,454 [Listener at 127.0.0.1/38811] INFO  server.RaftServerConfigKeys (ConfUtils.java:logGet(46)) - raft.server.threadpool.proxy.size = 0 (default)
2023-05-05 09:12:53,454 [Listener at 127.0.0.1/38811] INFO  server.RaftServerConfigKeys (ConfUtils.java:logGet(46)) - raft.server.rpc.slowness.timeout = 300s (custom)
2023-05-05 09:12:53,454 [Listener at 127.0.0.1/38811] INFO  server.RaftServerConfigKeys (ConfUtils.java:logGet(46)) - raft.server.leaderelection.leader.step-down.wait-time = 10s (default)
2023-05-05 09:12:53,454 [Listener at 127.0.0.1/38811] INFO  server.RaftServerConfigKeys (ConfUtils.java:logGet(46)) - raft.server.storage.dir = [/home/runner/work/ozone/ozone/hadoop-ozone/integration-test/target/test-dir/MiniOzoneClusterImpl-44598e80-008f-49ac-96a9-a666e849b629/datanode-1/data/ratis] (custom)
2023-05-05 09:12:53,454 [88416288-d81a-4caa-b0be-4bb91378dc06-NettyServerStreamRpc-bossGroup--thread1] INFO  logging.LoggingHandler (AbstractInternalLogger.java:log(148)) - [id: 0x0ebc0e39] REGISTERED
2023-05-05 09:12:53,454 [88416288-d81a-4caa-b0be-4bb91378dc06-NettyServerStreamRpc-bossGroup--thread1] INFO  logging.LoggingHandler (AbstractInternalLogger.java:log(148)) - [id: 0x0ebc0e39] BIND: 0.0.0.0/0.0.0.0:0
2023-05-05 09:12:53,455 [88416288-d81a-4caa-b0be-4bb91378dc06-NettyServerStreamRpc-bossGroup--thread1] INFO  logging.LoggingHandler (AbstractInternalLogger.java:log(148)) - [id: 0x0ebc0e39, L:/0:0:0:0:0:0:0:0:38003] ACTIVE
2023-05-05 09:12:53,456 [Listener at 127.0.0.1/38811] INFO  server.XceiverServerGrpc (XceiverServerGrpc.java:<init>(132)) - GrpcServer channel type EpollServerSocketChannel
2023-05-05 09:12:53,458 [Listener at 127.0.0.1/38811] INFO  replication.ReplicationSupervisor (ReplicationSupervisor.java:nodeStateUpdated(290)) - Node state updated to IN_SERVICE, scaling executor pool size to 10
2023-05-05 09:12:53,465 [Listener at 127.0.0.1/38811] INFO  http.BaseHttpServer (BaseHttpServer.java:newHttpServer2BuilderForOzone(224)) - Starting Web-server for hddsDatanode at: http://0.0.0.0:0
2023-05-05 09:12:53,465 [Listener at 127.0.0.1/38811] INFO  http.BaseHttpServer (BaseHttpServer.java:<init>(111)) - Hadoop Security Enabled: false Ozone Security Enabled: false Ozone HTTP Security Enabled: false 
2023-05-05 09:12:53,467 [Listener at 127.0.0.1/38811] WARN  server.AuthenticationFilter (AuthenticationFilter.java:constructSecretProvider(240)) - Unable to initialize FileSignerSecretProvider, falling back to use random secrets. Reason: Could not read signature secret file: /home/runner/hadoop-http-auth-signature-secret
2023-05-05 09:12:53,472 [Listener at 127.0.0.1/38811] INFO  http.HttpRequestLog (HttpRequestLog.java:getRequestLog(86)) - Http request log for http.requests.hddsDatanode is not defined
2023-05-05 09:12:53,474 [Listener at 127.0.0.1/38811] INFO  http.HttpServer2 (HttpServer2.java:addGlobalFilter(1031)) - Added global filter 'safety' (class=org.apache.hadoop.hdds.server.http.HttpServer2$QuotingInputFilter)
2023-05-05 09:12:53,474 [Listener at 127.0.0.1/38811] INFO  http.HttpServer2 (HttpServer2.java:addFilter(1007)) - Added filter static_user_filter (class=org.apache.hadoop.http.lib.StaticUserWebFilter$StaticUserFilter) to context hddsDatanode
2023-05-05 09:12:53,474 [Listener at 127.0.0.1/38811] INFO  http.HttpServer2 (HttpServer2.java:addFilter(1015)) - Added filter static_user_filter (class=org.apache.hadoop.http.lib.StaticUserWebFilter$StaticUserFilter) to context logs
2023-05-05 09:12:53,474 [Listener at 127.0.0.1/38811] INFO  http.HttpServer2 (HttpServer2.java:addFilter(1015)) - Added filter static_user_filter (class=org.apache.hadoop.http.lib.StaticUserWebFilter$StaticUserFilter) to context static
2023-05-05 09:12:53,476 [Listener at 127.0.0.1/38811] INFO  http.BaseHttpServer (BaseHttpServer.java:<init>(190)) - HTTP server of hddsDatanode uses base directory /home/runner/work/ozone/ozone/hadoop-ozone/integration-test/target/test-dir/MiniOzoneClusterImpl-44598e80-008f-49ac-96a9-a666e849b629/datanode-1/meta/webserver
2023-05-05 09:12:53,476 [Listener at 127.0.0.1/38811] INFO  http.HttpServer2 (HttpServer2.java:bindListener(1250)) - Jetty bound to port 43951
2023-05-05 09:12:53,476 [Listener at 127.0.0.1/38811] INFO  server.Server (Server.java:doStart(375)) - jetty-9.4.51.v20230217; built: 2023-02-17T08:19:37.309Z; git: b45c405e4544384de066f814ed42ae3dceacdd49; jvm 1.8.0_362-b09
2023-05-05 09:12:53,477 [Listener at 127.0.0.1/38811] INFO  server.session (DefaultSessionIdManager.java:doStart(334)) - DefaultSessionIdManager workerName=node0
2023-05-05 09:12:53,477 [Listener at 127.0.0.1/38811] INFO  server.session (DefaultSessionIdManager.java:doStart(339)) - No SessionScavenger set, using defaults
2023-05-05 09:12:53,477 [Listener at 127.0.0.1/38811] INFO  server.session (HouseKeeper.java:startScavenging(132)) - node0 Scavenging every 600000ms
2023-05-05 09:12:53,478 [Listener at 127.0.0.1/38811] INFO  handler.ContextHandler (ContextHandler.java:doStart(921)) - Started o.e.j.s.ServletContextHandler@76870155{logs,/logs,file:///home/runner/work/ozone/ozone/hadoop-ozone/integration-test/target/log,AVAILABLE}
2023-05-05 09:12:53,478 [Listener at 127.0.0.1/38811] INFO  handler.ContextHandler (ContextHandler.java:doStart(921)) - Started o.e.j.s.ServletContextHandler@804c197{static,/static,jar:file:/home/runner/.m2/repository/org/apache/ozone/hdds-container-service/1.4.0-SNAPSHOT/hdds-container-service-1.4.0-SNAPSHOT.jar!/webapps/static,AVAILABLE}
2023-05-05 09:12:53,676 [Listener at 127.0.0.1/38811] INFO  handler.ContextHandler (ContextHandler.java:doStart(921)) - Started o.e.j.w.WebAppContext@7d11aed1{hddsDatanode,/,file:///home/runner/work/ozone/ozone/hadoop-ozone/integration-test/target/test-dir/MiniOzoneClusterImpl-44598e80-008f-49ac-96a9-a666e849b629/datanode-1/meta/webserver/jetty-0_0_0_0-43951-hdds-container-service-1_4_0-SNAPSHOT_jar-_-any-6022909997121217204/webapp/,AVAILABLE}{jar:file:/home/runner/.m2/repository/org/apache/ozone/hdds-container-service/1.4.0-SNAPSHOT/hdds-container-service-1.4.0-SNAPSHOT.jar!/webapps/hddsDatanode}
2023-05-05 09:12:53,678 [Listener at 127.0.0.1/38811] INFO  server.AbstractConnector (AbstractConnector.java:doStart(333)) - Started ServerConnector@18f4db10{HTTP/1.1, (http/1.1)}{0.0.0.0:43951}
2023-05-05 09:12:53,678 [Listener at 127.0.0.1/38811] INFO  server.Server (Server.java:doStart(415)) - Started @165031ms
2023-05-05 09:12:53,678 [Listener at 127.0.0.1/38811] WARN  impl.MetricsSystemImpl (MetricsSystemImpl.java:register(279)) - Sink prometheus already exists!
2023-05-05 09:12:53,679 [Listener at 127.0.0.1/38811] INFO  http.BaseHttpServer (BaseHttpServer.java:updateConnectorAddress(344)) - HTTP server of hddsDatanode listening at http://0.0.0.0:43951
2023-05-05 09:12:53,679 [Listener at 127.0.0.1/38811] WARN  impl.MetricRegistriesImpl (MetricRegistriesImpl.java:addReporterRegistration(111)) - New reporters are added after registries were created. Some metrics will be missing from the reporter. Please add reporter before adding any new registry.
2023-05-05 09:12:53,679 [Listener at 127.0.0.1/38811] WARN  impl.MetricRegistriesImpl (MetricRegistriesImpl.java:addReporterRegistration(111)) - New reporters are added after registries were created. Some metrics will be missing from the reporter. Please add reporter before adding any new registry.
2023-05-05 09:12:53,679 [Listener at 127.0.0.1/38811] INFO  impl.MetricsSystemImpl (MetricsSystemImpl.java:init(158)) - HddsDatanode metrics system started (again)
2023-05-05 09:12:53,686 [Datanode State Machine Daemon Thread] INFO  statemachine.DatanodeStateMachine (DatanodeStateMachine.java:lambda$startDaemon$0(524)) - Ozone container server started.
2023-05-05 09:12:53,689 [org.apache.hadoop.util.JvmPauseMonitor$Monitor@15f7350b] INFO  util.JvmPauseMonitor (JvmPauseMonitor.java:run(188)) - Starting JVM pause monitor
2023-05-05 09:12:53,693 [Listener at 127.0.0.1/38811] INFO  ozone.HddsDatanodeService (HddsDatanodeService.java:start(252)) - HddsDatanodeService host:fv-az152-207.qln5d00okglujjccfnhxhxodph.cx.internal.cloudapp.net ip:10.1.0.42
2023-05-05 09:12:53,695 [Datanode State Machine Task Thread - 0] INFO  datanode.InitDatanodeState (InitDatanodeState.java:persistContainerDatanodeDetails(138)) - DatanodeDetails is persisted to /home/runner/work/ozone/ozone/hadoop-ozone/integration-test/target/test-dir/MiniOzoneClusterImpl-44598e80-008f-49ac-96a9-a666e849b629/datanode-1/meta/datanode.id
2023-05-05 09:12:53,716 [Listener at 127.0.0.1/38811] INFO  upgrade.AbstractLayoutVersionManager (AbstractLayoutVersionManager.java:init(83)) - Initializing Layout version manager with metadata layout = WEBUI_PORTS_IN_DATANODEDETAILS (version = 6), software layout = WEBUI_PORTS_IN_DATANODEDETAILS (version = 6)
2023-05-05 09:12:53,760 [Listener at 127.0.0.1/38811] INFO  reflections.Reflections (Reflections.java:scan(232)) - Reflections took 43 ms to scan 7 urls, producing 156 keys and 369 values 
2023-05-05 09:12:53,762 [Listener at 127.0.0.1/38811] INFO  statemachine.DatanodeStateMachine (DatanodeStateMachine.java:getEndPointTaskThreadPoolSize(267)) - Datanode State Machine Task Thread Pool size 2
2023-05-05 09:12:53,770 [Listener at 127.0.0.1/38811] INFO  volume.HddsVolume (HddsVolume.java:<init>(130)) - Creating HddsVolume: /home/runner/work/ozone/ozone/hadoop-ozone/integration-test/target/test-dir/MiniOzoneClusterImpl-44598e80-008f-49ac-96a9-a666e849b629/datanode-2/data-0/containers/hdds of storage type : DISK capacity : 9223372036854775807
2023-05-05 09:12:53,771 [Listener at 127.0.0.1/38811] INFO  volume.MutableVolumeSet (MutableVolumeSet.java:initializeVolumeSet(175)) - Added Volume : /home/runner/work/ozone/ozone/hadoop-ozone/integration-test/target/test-dir/MiniOzoneClusterImpl-44598e80-008f-49ac-96a9-a666e849b629/datanode-2/data-0/containers/hdds to VolumeSet
2023-05-05 09:12:53,771 [Listener at 127.0.0.1/38811] INFO  volume.ThrottledAsyncChecker (ThrottledAsyncChecker.java:schedule(141)) - Scheduling a check for /home/runner/work/ozone/ozone/hadoop-ozone/integration-test/target/test-dir/MiniOzoneClusterImpl-44598e80-008f-49ac-96a9-a666e849b629/datanode-2/data-0/containers/hdds
2023-05-05 09:12:53,773 [Listener at 127.0.0.1/38811] INFO  volume.StorageVolumeChecker (StorageVolumeChecker.java:checkAllVolumes(202)) - Scheduled health check for volume /home/runner/work/ozone/ozone/hadoop-ozone/integration-test/target/test-dir/MiniOzoneClusterImpl-44598e80-008f-49ac-96a9-a666e849b629/datanode-2/data-0/containers/hdds
2023-05-05 09:12:53,784 [Listener at 127.0.0.1/38811] INFO  volume.MutableVolumeSet (MutableVolumeSet.java:initializeVolumeSet(175)) - Added Volume : /home/runner/work/ozone/ozone/hadoop-ozone/integration-test/target/test-dir/MiniOzoneClusterImpl-44598e80-008f-49ac-96a9-a666e849b629/datanode-2/data/ratis to VolumeSet
2023-05-05 09:12:53,784 [Listener at 127.0.0.1/38811] INFO  volume.ThrottledAsyncChecker (ThrottledAsyncChecker.java:schedule(141)) - Scheduling a check for /home/runner/work/ozone/ozone/hadoop-ozone/integration-test/target/test-dir/MiniOzoneClusterImpl-44598e80-008f-49ac-96a9-a666e849b629/datanode-2/data/ratis
2023-05-05 09:12:53,784 [Listener at 127.0.0.1/38811] INFO  volume.StorageVolumeChecker (StorageVolumeChecker.java:checkAllVolumes(202)) - Scheduled health check for volume /home/runner/work/ozone/ozone/hadoop-ozone/integration-test/target/test-dir/MiniOzoneClusterImpl-44598e80-008f-49ac-96a9-a666e849b629/datanode-2/data/ratis
2023-05-05 09:12:53,794 [Thread-2140] INFO  ozoneimpl.ContainerReader (ContainerReader.java:readVolume(175)) - Finish verifying containers on volume /home/runner/work/ozone/ozone/hadoop-ozone/integration-test/target/test-dir/MiniOzoneClusterImpl-44598e80-008f-49ac-96a9-a666e849b629/datanode-2/data-0/containers/hdds
2023-05-05 09:12:53,794 [Listener at 127.0.0.1/38811] INFO  ozoneimpl.OzoneContainer (OzoneContainer.java:buildContainerSet(303)) - Build ContainerSet costs 0s
2023-05-05 09:12:53,796 [Listener at 127.0.0.1/38811] INFO  server.RaftServer (ConfUtils.java:logGet(46)) - raft.rpc.type = GRPC (default)
2023-05-05 09:12:53,796 [Listener at 127.0.0.1/38811] INFO  grpc.GrpcConfigKeys (ConfUtils.java:logFallback(53)) - raft.grpc.admin.host = null (fallback to raft.grpc.server.host)
2023-05-05 09:12:53,796 [Listener at 127.0.0.1/38811] INFO  grpc.GrpcConfigKeys (ConfUtils.java:logGet(46)) - raft.grpc.admin.port = 0 (custom)
2023-05-05 09:12:53,796 [Listener at 127.0.0.1/38811] INFO  grpc.GrpcConfigKeys (ConfUtils.java:logFallback(53)) - raft.grpc.client.host = null (fallback to raft.grpc.server.host)
2023-05-05 09:12:53,796 [Listener at 127.0.0.1/38811] INFO  grpc.GrpcConfigKeys (ConfUtils.java:logGet(46)) - raft.grpc.client.port = 0 (custom)
2023-05-05 09:12:53,796 [Listener at 127.0.0.1/38811] INFO  grpc.GrpcConfigKeys (ConfUtils.java:logGet(46)) - raft.grpc.server.host = null (default)
2023-05-05 09:12:53,797 [Listener at 127.0.0.1/38811] INFO  grpc.GrpcConfigKeys (ConfUtils.java:logGet(46)) - raft.grpc.server.port = 0 (default)
2023-05-05 09:12:53,797 [Listener at 127.0.0.1/38811] INFO  server.GrpcService (ConfUtils.java:logGet(46)) - raft.grpc.message.size.max = 32MB (=33554432) (custom)
2023-05-05 09:12:53,797 [Listener at 127.0.0.1/38811] INFO  server.RaftServerConfigKeys (ConfUtils.java:logGet(46)) - raft.server.log.appender.buffer.byte-limit = 33554432 (custom)
2023-05-05 09:12:53,797 [Listener at 127.0.0.1/38811] INFO  server.GrpcService (ConfUtils.java:logGet(46)) - raft.grpc.flow.control.window = 5MB (=5242880) (custom)
2023-05-05 09:12:53,797 [Listener at 127.0.0.1/38811] INFO  server.RaftServerConfigKeys (ConfUtils.java:logGet(46)) - raft.server.rpc.request.timeout = 60s (custom)
2023-05-05 09:12:53,797 [Listener at 127.0.0.1/38811] INFO  grpc.GrpcConfigKeys (ConfUtils.java:logGet(46)) - raft.grpc.server.heartbeat.channel = true (default)
2023-05-05 09:12:53,797 [Listener at 127.0.0.1/38811] INFO  grpc.GrpcConfigKeys (ConfUtils.java:logGet(46)) - raft.grpc.server.async.request.thread.pool.cached = true (default)
2023-05-05 09:12:53,797 [Listener at 127.0.0.1/38811] INFO  grpc.GrpcConfigKeys (ConfUtils.java:logGet(46)) - raft.grpc.server.async.request.thread.pool.size = 32 (default)
2023-05-05 09:12:53,798 [Listener at 127.0.0.1/38811] INFO  impl.DataStreamServerImpl (ConfUtils.java:logGet(46)) - raft.datastream.type = NETTY (custom)
2023-05-05 09:12:53,798 [Listener at 127.0.0.1/38811] INFO  server.RaftServerConfigKeys (ConfUtils.java:logGet(46)) - raft.server.data-stream.async.request.thread.pool.cached = false (default)
2023-05-05 09:12:53,798 [Listener at 127.0.0.1/38811] INFO  server.RaftServerConfigKeys (ConfUtils.java:logGet(46)) - raft.server.data-stream.async.request.thread.pool.size = 20 (custom)
2023-05-05 09:12:53,798 [Listener at 127.0.0.1/38811] INFO  server.RaftServerConfigKeys (ConfUtils.java:logGet(46)) - raft.server.data-stream.async.write.thread.pool.size = 16 (default)
2023-05-05 09:12:53,798 [Listener at 127.0.0.1/38811] INFO  server.RaftServerConfigKeys (ConfUtils.java:logGet(46)) - raft.server.data-stream.client.pool.size = 10 (default)
2023-05-05 09:12:53,798 [Listener at 127.0.0.1/38811] INFO  netty.NettyConfigKeys$DataStream (ConfUtils.java:logGet(46)) - raft.netty.dataStream.server.use-epoll = false (default)
2023-05-05 09:12:53,798 [Listener at 127.0.0.1/38811] INFO  netty.NettyConfigKeys$DataStream (ConfUtils.java:logGet(46)) - raft.netty.dataStream.server.boss-group.size = 0 (default)
2023-05-05 09:12:53,799 [Listener at 127.0.0.1/38811] INFO  netty.NettyConfigKeys$DataStream (ConfUtils.java:logGet(46)) - raft.netty.dataStream.server.worker-group.size = 0 (default)
2023-05-05 09:12:53,799 [Listener at 127.0.0.1/38811] INFO  netty.NettyConfigKeys$DataStream (ConfUtils.java:logGet(46)) - raft.netty.dataStream.server.tls.conf = null (default)
2023-05-05 09:12:53,799 [Listener at 127.0.0.1/38811] INFO  netty.NettyConfigKeys$DataStream (ConfUtils.java:logGet(46)) - raft.netty.dataStream.host = null (default)
2023-05-05 09:12:53,799 [Listener at 127.0.0.1/38811] INFO  netty.NettyConfigKeys$DataStream (ConfUtils.java:logGet(46)) - raft.netty.dataStream.port = 0 (default)
2023-05-05 09:12:53,799 [Listener at 127.0.0.1/38811] INFO  server.RaftServerConfigKeys (ConfUtils.java:logGet(46)) - raft.server.threadpool.proxy.cached = true (default)
2023-05-05 09:12:53,800 [Listener at 127.0.0.1/38811] INFO  server.RaftServerConfigKeys (ConfUtils.java:logGet(46)) - raft.server.threadpool.proxy.size = 0 (default)
2023-05-05 09:12:53,800 [Listener at 127.0.0.1/38811] INFO  server.RaftServerConfigKeys (ConfUtils.java:logGet(46)) - raft.server.rpc.slowness.timeout = 300s (custom)
2023-05-05 09:12:53,800 [Listener at 127.0.0.1/38811] INFO  server.RaftServerConfigKeys (ConfUtils.java:logGet(46)) - raft.server.leaderelection.leader.step-down.wait-time = 10s (default)
2023-05-05 09:12:53,800 [Listener at 127.0.0.1/38811] INFO  server.RaftServerConfigKeys (ConfUtils.java:logGet(46)) - raft.server.storage.dir = [/home/runner/work/ozone/ozone/hadoop-ozone/integration-test/target/test-dir/MiniOzoneClusterImpl-44598e80-008f-49ac-96a9-a666e849b629/datanode-2/data/ratis] (custom)
2023-05-05 09:12:53,800 [f85e0dcc-39ca-49ef-85c9-6c51f48e3333-NettyServerStreamRpc-bossGroup--thread1] INFO  logging.LoggingHandler (AbstractInternalLogger.java:log(148)) - [id: 0x398de849] REGISTERED
2023-05-05 09:12:53,800 [f85e0dcc-39ca-49ef-85c9-6c51f48e3333-NettyServerStreamRpc-bossGroup--thread1] INFO  logging.LoggingHandler (AbstractInternalLogger.java:log(148)) - [id: 0x398de849] BIND: 0.0.0.0/0.0.0.0:0
2023-05-05 09:12:53,800 [f85e0dcc-39ca-49ef-85c9-6c51f48e3333-NettyServerStreamRpc-bossGroup--thread1] INFO  logging.LoggingHandler (AbstractInternalLogger.java:log(148)) - [id: 0x398de849, L:/0:0:0:0:0:0:0:0:32803] ACTIVE
2023-05-05 09:12:53,803 [Listener at 127.0.0.1/38811] INFO  server.XceiverServerGrpc (XceiverServerGrpc.java:<init>(132)) - GrpcServer channel type EpollServerSocketChannel
2023-05-05 09:12:53,804 [Listener at 127.0.0.1/38811] INFO  replication.ReplicationSupervisor (ReplicationSupervisor.java:nodeStateUpdated(290)) - Node state updated to IN_SERVICE, scaling executor pool size to 10
2023-05-05 09:12:53,805 [Listener at 127.0.0.1/38811] INFO  http.BaseHttpServer (BaseHttpServer.java:newHttpServer2BuilderForOzone(224)) - Starting Web-server for hddsDatanode at: http://0.0.0.0:0
2023-05-05 09:12:53,805 [Listener at 127.0.0.1/38811] INFO  http.BaseHttpServer (BaseHttpServer.java:<init>(111)) - Hadoop Security Enabled: false Ozone Security Enabled: false Ozone HTTP Security Enabled: false 
2023-05-05 09:12:53,806 [Listener at 127.0.0.1/38811] WARN  server.AuthenticationFilter (AuthenticationFilter.java:constructSecretProvider(240)) - Unable to initialize FileSignerSecretProvider, falling back to use random secrets. Reason: Could not read signature secret file: /home/runner/hadoop-http-auth-signature-secret
2023-05-05 09:12:53,807 [Listener at 127.0.0.1/38811] INFO  http.HttpRequestLog (HttpRequestLog.java:getRequestLog(86)) - Http request log for http.requests.hddsDatanode is not defined
2023-05-05 09:12:53,808 [Listener at 127.0.0.1/38811] INFO  http.HttpServer2 (HttpServer2.java:addGlobalFilter(1031)) - Added global filter 'safety' (class=org.apache.hadoop.hdds.server.http.HttpServer2$QuotingInputFilter)
2023-05-05 09:12:53,808 [Listener at 127.0.0.1/38811] INFO  http.HttpServer2 (HttpServer2.java:addFilter(1007)) - Added filter static_user_filter (class=org.apache.hadoop.http.lib.StaticUserWebFilter$StaticUserFilter) to context hddsDatanode
2023-05-05 09:12:53,808 [Listener at 127.0.0.1/38811] INFO  http.HttpServer2 (HttpServer2.java:addFilter(1015)) - Added filter static_user_filter (class=org.apache.hadoop.http.lib.StaticUserWebFilter$StaticUserFilter) to context logs
2023-05-05 09:12:53,808 [Listener at 127.0.0.1/38811] INFO  http.HttpServer2 (HttpServer2.java:addFilter(1015)) - Added filter static_user_filter (class=org.apache.hadoop.http.lib.StaticUserWebFilter$StaticUserFilter) to context static
2023-05-05 09:12:53,809 [Listener at 127.0.0.1/38811] INFO  http.BaseHttpServer (BaseHttpServer.java:<init>(190)) - HTTP server of hddsDatanode uses base directory /home/runner/work/ozone/ozone/hadoop-ozone/integration-test/target/test-dir/MiniOzoneClusterImpl-44598e80-008f-49ac-96a9-a666e849b629/datanode-2/meta/webserver
2023-05-05 09:12:53,809 [Listener at 127.0.0.1/38811] INFO  http.HttpServer2 (HttpServer2.java:bindListener(1250)) - Jetty bound to port 46857
2023-05-05 09:12:53,809 [Listener at 127.0.0.1/38811] INFO  server.Server (Server.java:doStart(375)) - jetty-9.4.51.v20230217; built: 2023-02-17T08:19:37.309Z; git: b45c405e4544384de066f814ed42ae3dceacdd49; jvm 1.8.0_362-b09
2023-05-05 09:12:53,818 [Listener at 127.0.0.1/38811] INFO  server.session (DefaultSessionIdManager.java:doStart(334)) - DefaultSessionIdManager workerName=node0
2023-05-05 09:12:53,818 [Listener at 127.0.0.1/38811] INFO  server.session (DefaultSessionIdManager.java:doStart(339)) - No SessionScavenger set, using defaults
2023-05-05 09:12:53,818 [Listener at 127.0.0.1/38811] INFO  server.session (HouseKeeper.java:startScavenging(132)) - node0 Scavenging every 660000ms
2023-05-05 09:12:53,822 [Listener at 127.0.0.1/38811] INFO  handler.ContextHandler (ContextHandler.java:doStart(921)) - Started o.e.j.s.ServletContextHandler@223c4cbc{logs,/logs,file:///home/runner/work/ozone/ozone/hadoop-ozone/integration-test/target/log,AVAILABLE}
2023-05-05 09:12:53,822 [Listener at 127.0.0.1/38811] INFO  handler.ContextHandler (ContextHandler.java:doStart(921)) - Started o.e.j.s.ServletContextHandler@5ed6be64{static,/static,jar:file:/home/runner/.m2/repository/org/apache/ozone/hdds-container-service/1.4.0-SNAPSHOT/hdds-container-service-1.4.0-SNAPSHOT.jar!/webapps/static,AVAILABLE}
2023-05-05 09:12:54,011 [Listener at 127.0.0.1/38811] INFO  handler.ContextHandler (ContextHandler.java:doStart(921)) - Started o.e.j.w.WebAppContext@633181d3{hddsDatanode,/,file:///home/runner/work/ozone/ozone/hadoop-ozone/integration-test/target/test-dir/MiniOzoneClusterImpl-44598e80-008f-49ac-96a9-a666e849b629/datanode-2/meta/webserver/jetty-0_0_0_0-46857-hdds-container-service-1_4_0-SNAPSHOT_jar-_-any-6811985933619890766/webapp/,AVAILABLE}{jar:file:/home/runner/.m2/repository/org/apache/ozone/hdds-container-service/1.4.0-SNAPSHOT/hdds-container-service-1.4.0-SNAPSHOT.jar!/webapps/hddsDatanode}
2023-05-05 09:12:54,013 [Listener at 127.0.0.1/38811] INFO  server.AbstractConnector (AbstractConnector.java:doStart(333)) - Started ServerConnector@b06aeac{HTTP/1.1, (http/1.1)}{0.0.0.0:46857}
2023-05-05 09:12:54,013 [Listener at 127.0.0.1/38811] INFO  server.Server (Server.java:doStart(415)) - Started @165367ms
2023-05-05 09:12:54,013 [Listener at 127.0.0.1/38811] WARN  impl.MetricsSystemImpl (MetricsSystemImpl.java:register(279)) - Sink prometheus already exists!
2023-05-05 09:12:54,014 [Listener at 127.0.0.1/38811] INFO  http.BaseHttpServer (BaseHttpServer.java:updateConnectorAddress(344)) - HTTP server of hddsDatanode listening at http://0.0.0.0:46857
2023-05-05 09:12:54,014 [Listener at 127.0.0.1/38811] INFO  ozone.MiniOzoneClusterImpl (MiniOzoneClusterImpl.java:lambda$waitForClusterToBeReady$0(223)) - Waiting for nodes to be ready. Got 0 of 3 DN Heartbeats.
2023-05-05 09:12:54,015 [Listener at 127.0.0.1/38811] INFO  ozone.MiniOzoneClusterImpl (MiniOzoneClusterImpl.java:lambda$waitForClusterToBeReady$0(226)) - Waiting for cluster to exit safe mode
2023-05-05 09:12:54,015 [Listener at 127.0.0.1/38811] INFO  ozone.MiniOzoneClusterImpl (MiniOzoneClusterImpl.java:lambda$waitForClusterToBeReady$0(228)) - SCM became leader
2023-05-05 09:12:54,015 [Datanode State Machine Daemon Thread] INFO  statemachine.DatanodeStateMachine (DatanodeStateMachine.java:lambda$startDaemon$0(524)) - Ozone container server started.
2023-05-05 09:12:54,020 [org.apache.hadoop.util.JvmPauseMonitor$Monitor@164bfee1] INFO  util.JvmPauseMonitor (JvmPauseMonitor.java:run(188)) - Starting JVM pause monitor
2023-05-05 09:12:54,022 [Datanode State Machine Task Thread - 0] INFO  datanode.InitDatanodeState (InitDatanodeState.java:persistContainerDatanodeDetails(138)) - DatanodeDetails is persisted to /home/runner/work/ozone/ozone/hadoop-ozone/integration-test/target/test-dir/MiniOzoneClusterImpl-44598e80-008f-49ac-96a9-a666e849b629/datanode-2/meta/datanode.id
2023-05-05 09:12:54,077 [om1@group-C5BA1605619E-FollowerState] INFO  impl.FollowerState (FollowerState.java:run(143)) - om1@group-C5BA1605619E-FollowerState: change to CANDIDATE, lastRpcElapsedTime:1166600261ns, electionTimeout:1166ms
2023-05-05 09:12:54,078 [om1@group-C5BA1605619E-FollowerState] INFO  impl.RoleInfo (RoleInfo.java:shutdownFollowerState(110)) - om1: shutdown om1@group-C5BA1605619E-FollowerState
2023-05-05 09:12:54,078 [om1@group-C5BA1605619E-FollowerState] INFO  server.RaftServer$Division (RaftServerImpl.java:setRole(321)) - om1@group-C5BA1605619E: changes role from  FOLLOWER to CANDIDATE at term 0 for changeToCandidate
2023-05-05 09:12:54,078 [om1@group-C5BA1605619E-FollowerState] INFO  server.RaftServerConfigKeys (ConfUtils.java:logGet(46)) - raft.server.leaderelection.pre-vote = true (default)
2023-05-05 09:12:54,078 [om1@group-C5BA1605619E-FollowerState] INFO  impl.RoleInfo (RoleInfo.java:updateAndGet(139)) - om1: start om1@group-C5BA1605619E-LeaderElection34
2023-05-05 09:12:54,080 [om1@group-C5BA1605619E-LeaderElection34] INFO  impl.LeaderElection (LeaderElection.java:askForVotes(312)) - om1@group-C5BA1605619E-LeaderElection34 PRE_VOTE round 0: submit vote requests at term 0 for -1: peers:[om1|rpc:localhost:9872|priority:0|startupRole:FOLLOWER]|listeners:[], old=null
2023-05-05 09:12:54,080 [om1@group-C5BA1605619E-LeaderElection34] INFO  impl.LeaderElection (LeaderElection.java:askForVotes(314)) - om1@group-C5BA1605619E-LeaderElection34 PRE_VOTE round 0: result PASSED (term=0)
2023-05-05 09:12:54,082 [om1@group-C5BA1605619E-LeaderElection34] INFO  impl.LeaderElection (LeaderElection.java:askForVotes(312)) - om1@group-C5BA1605619E-LeaderElection34 ELECTION round 0: submit vote requests at term 1 for -1: peers:[om1|rpc:localhost:9872|priority:0|startupRole:FOLLOWER]|listeners:[], old=null
2023-05-05 09:12:54,082 [om1@group-C5BA1605619E-LeaderElection34] INFO  impl.LeaderElection (LeaderElection.java:askForVotes(314)) - om1@group-C5BA1605619E-LeaderElection34 ELECTION round 0: result PASSED (term=1)
2023-05-05 09:12:54,082 [om1@group-C5BA1605619E-LeaderElection34] INFO  impl.RoleInfo (RoleInfo.java:shutdownLeaderElection(130)) - om1: shutdown om1@group-C5BA1605619E-LeaderElection34
2023-05-05 09:12:54,083 [om1@group-C5BA1605619E-LeaderElection34] INFO  server.RaftServer$Division (RaftServerImpl.java:setRole(321)) - om1@group-C5BA1605619E: changes role from CANDIDATE to LEADER at term 1 for changeToLeader
2023-05-05 09:12:54,083 [om1@group-C5BA1605619E-LeaderElection34] INFO  server.RaftServer$Division (ServerState.java:setLeader(313)) - om1@group-C5BA1605619E: change Leader from null to om1 at term 1 for becomeLeader, leader elected after 1527ms
2023-05-05 09:12:54,083 [om1@group-C5BA1605619E-LeaderElection34] INFO  server.RaftServerConfigKeys (ConfUtils.java:logGet(46)) - raft.server.staging.catchup.gap = 1000 (default)
2023-05-05 09:12:54,083 [om1@group-C5BA1605619E-LeaderElection34] INFO  server.RaftServerConfigKeys (ConfUtils.java:logGet(46)) - raft.server.write.element-limit = 4096 (default)
2023-05-05 09:12:54,083 [om1@group-C5BA1605619E-LeaderElection34] INFO  server.RaftServerConfigKeys (ConfUtils.java:logGet(46)) - raft.server.write.byte-limit = 64MB (=67108864) (default)
2023-05-05 09:12:54,083 [om1@group-C5BA1605619E-LeaderElection34] INFO  server.RaftServerConfigKeys (ConfUtils.java:logGet(46)) - raft.server.watch.timeout = 10s (default)
2023-05-05 09:12:54,083 [om1@group-C5BA1605619E-LeaderElection34] INFO  server.RaftServerConfigKeys (ConfUtils.java:logGet(46)) - raft.server.watch.timeout.denomination = 1s (default)
2023-05-05 09:12:54,083 [om1@group-C5BA1605619E-LeaderElection34] INFO  server.RaftServerConfigKeys (ConfUtils.java:logGet(46)) - raft.server.watch.element-limit = 65536 (default)
2023-05-05 09:12:54,083 [om1@group-C5BA1605619E-LeaderElection34] INFO  server.RaftServerConfigKeys (ConfUtils.java:logGet(46)) - raft.server.write.element-limit = 4096 (default)
2023-05-05 09:12:54,084 [om1@group-C5BA1605619E-LeaderElection34] INFO  server.RaftServerConfigKeys (ConfUtils.java:logGet(46)) - raft.server.write.follower.gap.ratio.max = -1.0 (default)
2023-05-05 09:12:54,084 [om1@group-C5BA1605619E-LeaderElection34] INFO  impl.RoleInfo (RoleInfo.java:updateAndGet(139)) - om1: start om1@group-C5BA1605619E-LeaderStateImpl
2023-05-05 09:12:54,084 [om1@group-C5BA1605619E-LeaderElection34] INFO  segmented.SegmentedRaftLogWorker (SegmentedRaftLogWorker.java:startLogSegment(452)) - om1@group-C5BA1605619E-SegmentedRaftLogWorker: Starting segment from index:0
2023-05-05 09:12:54,089 [om1@group-C5BA1605619E-LeaderElection34] INFO  server.RaftServer$Division (ServerState.java:setRaftConf(430)) - om1@group-C5BA1605619E: set configuration 0: peers:[om1|rpc:localhost:9872|admin:|client:|dataStream:|priority:0|startupRole:FOLLOWER]|listeners:[], old=null
2023-05-05 09:12:54,102 [om1@group-C5BA1605619E-SegmentedRaftLogWorker] INFO  segmented.SegmentedRaftLogWorker (SegmentedRaftLogWorker.java:execute(656)) - om1@group-C5BA1605619E-SegmentedRaftLogWorker: created new log segment /home/runner/work/ozone/ozone/hadoop-ozone/integration-test/target/test-dir/MiniOzoneClusterImpl-44598e80-008f-49ac-96a9-a666e849b629/ozone-meta/ratis/bf265839-605b-3f16-9796-c5ba1605619e/current/log_inprogress_0
2023-05-05 09:12:54,104 [om1@group-C5BA1605619E-StateMachineUpdater] INFO  ratis.OzoneManagerStateMachine (OzoneManagerStateMachine.java:notifyConfigurationChanged(201)) - Received Configuration change notification from Ratis. New Peer list:
[id: "om1"
address: "localhost:9872"
startupRole: FOLLOWER
]
2023-05-05 09:12:55,015 [Listener at 127.0.0.1/38811] INFO  ozone.MiniOzoneClusterImpl (MiniOzoneClusterImpl.java:lambda$waitForClusterToBeReady$0(223)) - Waiting for nodes to be ready. Got 0 of 3 DN Heartbeats.
2023-05-05 09:12:55,015 [Listener at 127.0.0.1/38811] INFO  ozone.MiniOzoneClusterImpl (MiniOzoneClusterImpl.java:lambda$waitForClusterToBeReady$0(226)) - Waiting for cluster to exit safe mode
2023-05-05 09:12:55,015 [Listener at 127.0.0.1/38811] INFO  ozone.MiniOzoneClusterImpl (MiniOzoneClusterImpl.java:lambda$waitForClusterToBeReady$0(228)) - SCM became leader
2023-05-05 09:12:55,318 [EndpointStateMachine task thread for /0.0.0.0:43231 - 0 ] INFO  utils.DatanodeStoreCache (DatanodeStoreCache.java:addDB(58)) - Added db /home/runner/work/ozone/ozone/hadoop-ozone/integration-test/target/test-dir/MiniOzoneClusterImpl-44598e80-008f-49ac-96a9-a666e849b629/datanode-0/data-0/containers/hdds/44598e80-008f-49ac-96a9-a666e849b629/DS-030cc72b-641b-4496-a724-997bbf91f676/container.db to cache
2023-05-05 09:12:55,318 [EndpointStateMachine task thread for /0.0.0.0:43231 - 0 ] INFO  volume.HddsVolume (HddsVolume.java:createDbStore(350)) - SchemaV3 db is created and loaded at /home/runner/work/ozone/ozone/hadoop-ozone/integration-test/target/test-dir/MiniOzoneClusterImpl-44598e80-008f-49ac-96a9-a666e849b629/datanode-0/data-0/containers/hdds/44598e80-008f-49ac-96a9-a666e849b629/DS-030cc72b-641b-4496-a724-997bbf91f676/container.db for volume DS-030cc72b-641b-4496-a724-997bbf91f676
2023-05-05 09:12:55,318 [EndpointStateMachine task thread for /0.0.0.0:43231 - 0 ] INFO  ozoneimpl.OzoneContainer (OzoneContainer.java:start(397)) - Attempting to start container services.
2023-05-05 09:12:55,318 [EndpointStateMachine task thread for /0.0.0.0:43231 - 0 ] INFO  ozoneimpl.OzoneContainer (OzoneContainer.java:startContainerScrub(314)) - Scheduled background container scanners and the on-demand container scanner have been disabled.
2023-05-05 09:12:55,321 [EndpointStateMachine task thread for /0.0.0.0:43231 - 0 ] INFO  replication.ReplicationServer (ReplicationServer.java:start(109)) - ReplicationServer is started using port 43581
2023-05-05 09:12:55,321 [EndpointStateMachine task thread for /0.0.0.0:43231 - 0 ] INFO  ratis.XceiverServerRatis (XceiverServerRatis.java:start(517)) - Starting XceiverServerRatis 01ec52f5-41b6-49aa-a875-886c0181af90
2023-05-05 09:12:55,321 [EndpointStateMachine task thread for /0.0.0.0:43231 - 0 ] INFO  server.RaftServer (RaftServerProxy.java:startImpl(393)) - 01ec52f5-41b6-49aa-a875-886c0181af90: start RPC server
2023-05-05 09:12:55,322 [EndpointStateMachine task thread for /0.0.0.0:43231 - 0 ] INFO  server.GrpcService (GrpcService.java:startImpl(262)) - 01ec52f5-41b6-49aa-a875-886c0181af90: GrpcService started, listening on 34459
2023-05-05 09:12:55,323 [EndpointStateMachine task thread for /0.0.0.0:43231 - 0 ] INFO  ratis.XceiverServerRatis (XceiverServerRatis.java:getRealPort(543)) - XceiverServerRatis 01ec52f5-41b6-49aa-a875-886c0181af90 is started using port 34459 for RATIS
2023-05-05 09:12:55,323 [EndpointStateMachine task thread for /0.0.0.0:43231 - 0 ] INFO  ratis.XceiverServerRatis (XceiverServerRatis.java:getRealPort(543)) - XceiverServerRatis 01ec52f5-41b6-49aa-a875-886c0181af90 is started using port 34459 for RATIS_ADMIN
2023-05-05 09:12:55,323 [JvmPauseMonitor21] INFO  util.JvmPauseMonitor (JvmPauseMonitor.java:run(105)) - JvmPauseMonitor-01ec52f5-41b6-49aa-a875-886c0181af90: Started
2023-05-05 09:12:55,323 [EndpointStateMachine task thread for /0.0.0.0:43231 - 0 ] INFO  ratis.XceiverServerRatis (XceiverServerRatis.java:getRealPort(543)) - XceiverServerRatis 01ec52f5-41b6-49aa-a875-886c0181af90 is started using port 34459 for RATIS_SERVER
2023-05-05 09:12:55,323 [EndpointStateMachine task thread for /0.0.0.0:43231 - 0 ] INFO  ratis.XceiverServerRatis (XceiverServerRatis.java:getRealPort(543)) - XceiverServerRatis 01ec52f5-41b6-49aa-a875-886c0181af90 is started using port 41675 for RATIS_DATASTREAM
2023-05-05 09:12:55,325 [EndpointStateMachine task thread for /0.0.0.0:43231 - 0 ] INFO  server.XceiverServerGrpc (XceiverServerGrpc.java:start(180)) - XceiverServerGrpc 01ec52f5-41b6-49aa-a875-886c0181af90 is started using port 39421
2023-05-05 09:12:55,325 [BlockDeletingService#0] INFO  interfaces.ContainerDeletionChoosingPolicyTemplate (ContainerDeletionChoosingPolicyTemplate.java:chooseContainerForBlockDeletion(83)) - Chosen 0/5000 blocks from 0 candidate containers.
2023-05-05 09:12:55,723 [EndpointStateMachine task thread for /0.0.0.0:43231 - 0 ] INFO  utils.DatanodeStoreCache (DatanodeStoreCache.java:addDB(58)) - Added db /home/runner/work/ozone/ozone/hadoop-ozone/integration-test/target/test-dir/MiniOzoneClusterImpl-44598e80-008f-49ac-96a9-a666e849b629/datanode-1/data-0/containers/hdds/44598e80-008f-49ac-96a9-a666e849b629/DS-50998e8c-4c8a-41f5-b622-2dbe2e7eafbf/container.db to cache
2023-05-05 09:12:55,723 [EndpointStateMachine task thread for /0.0.0.0:43231 - 0 ] INFO  volume.HddsVolume (HddsVolume.java:createDbStore(350)) - SchemaV3 db is created and loaded at /home/runner/work/ozone/ozone/hadoop-ozone/integration-test/target/test-dir/MiniOzoneClusterImpl-44598e80-008f-49ac-96a9-a666e849b629/datanode-1/data-0/containers/hdds/44598e80-008f-49ac-96a9-a666e849b629/DS-50998e8c-4c8a-41f5-b622-2dbe2e7eafbf/container.db for volume DS-50998e8c-4c8a-41f5-b622-2dbe2e7eafbf
2023-05-05 09:12:55,724 [EndpointStateMachine task thread for /0.0.0.0:43231 - 0 ] INFO  ozoneimpl.OzoneContainer (OzoneContainer.java:start(397)) - Attempting to start container services.
2023-05-05 09:12:55,724 [EndpointStateMachine task thread for /0.0.0.0:43231 - 0 ] INFO  ozoneimpl.OzoneContainer (OzoneContainer.java:startContainerScrub(314)) - Scheduled background container scanners and the on-demand container scanner have been disabled.
2023-05-05 09:12:55,726 [EndpointStateMachine task thread for /0.0.0.0:43231 - 0 ] INFO  replication.ReplicationServer (ReplicationServer.java:start(109)) - ReplicationServer is started using port 38691
2023-05-05 09:12:55,726 [EndpointStateMachine task thread for /0.0.0.0:43231 - 0 ] INFO  ratis.XceiverServerRatis (XceiverServerRatis.java:start(517)) - Starting XceiverServerRatis 88416288-d81a-4caa-b0be-4bb91378dc06
2023-05-05 09:12:55,726 [EndpointStateMachine task thread for /0.0.0.0:43231 - 0 ] INFO  server.RaftServer (RaftServerProxy.java:startImpl(393)) - 88416288-d81a-4caa-b0be-4bb91378dc06: start RPC server
2023-05-05 09:12:55,728 [EndpointStateMachine task thread for /0.0.0.0:43231 - 0 ] INFO  server.GrpcService (GrpcService.java:startImpl(262)) - 88416288-d81a-4caa-b0be-4bb91378dc06: GrpcService started, listening on 43207
2023-05-05 09:12:55,729 [EndpointStateMachine task thread for /0.0.0.0:43231 - 0 ] INFO  ratis.XceiverServerRatis (XceiverServerRatis.java:getRealPort(543)) - XceiverServerRatis 88416288-d81a-4caa-b0be-4bb91378dc06 is started using port 43207 for RATIS
2023-05-05 09:12:55,729 [EndpointStateMachine task thread for /0.0.0.0:43231 - 0 ] INFO  ratis.XceiverServerRatis (XceiverServerRatis.java:getRealPort(543)) - XceiverServerRatis 88416288-d81a-4caa-b0be-4bb91378dc06 is started using port 43207 for RATIS_ADMIN
2023-05-05 09:12:55,729 [EndpointStateMachine task thread for /0.0.0.0:43231 - 0 ] INFO  ratis.XceiverServerRatis (XceiverServerRatis.java:getRealPort(543)) - XceiverServerRatis 88416288-d81a-4caa-b0be-4bb91378dc06 is started using port 43207 for RATIS_SERVER
2023-05-05 09:12:55,729 [EndpointStateMachine task thread for /0.0.0.0:43231 - 0 ] INFO  ratis.XceiverServerRatis (XceiverServerRatis.java:getRealPort(543)) - XceiverServerRatis 88416288-d81a-4caa-b0be-4bb91378dc06 is started using port 38003 for RATIS_DATASTREAM
2023-05-05 09:12:55,729 [JvmPauseMonitor22] INFO  util.JvmPauseMonitor (JvmPauseMonitor.java:run(105)) - JvmPauseMonitor-88416288-d81a-4caa-b0be-4bb91378dc06: Started
2023-05-05 09:12:55,731 [EndpointStateMachine task thread for /0.0.0.0:43231 - 0 ] INFO  server.XceiverServerGrpc (XceiverServerGrpc.java:start(180)) - XceiverServerGrpc 88416288-d81a-4caa-b0be-4bb91378dc06 is started using port 40699
2023-05-05 09:12:55,732 [BlockDeletingService#0] INFO  interfaces.ContainerDeletionChoosingPolicyTemplate (ContainerDeletionChoosingPolicyTemplate.java:chooseContainerForBlockDeletion(83)) - Chosen 0/5000 blocks from 0 candidate containers.
2023-05-05 09:12:56,015 [Listener at 127.0.0.1/38811] INFO  ozone.MiniOzoneClusterImpl (MiniOzoneClusterImpl.java:lambda$waitForClusterToBeReady$0(223)) - Waiting for nodes to be ready. Got 0 of 3 DN Heartbeats.
2023-05-05 09:12:56,015 [Listener at 127.0.0.1/38811] INFO  ozone.MiniOzoneClusterImpl (MiniOzoneClusterImpl.java:lambda$waitForClusterToBeReady$0(226)) - Waiting for cluster to exit safe mode
2023-05-05 09:12:56,015 [Listener at 127.0.0.1/38811] INFO  ozone.MiniOzoneClusterImpl (MiniOzoneClusterImpl.java:lambda$waitForClusterToBeReady$0(228)) - SCM became leader
2023-05-05 09:12:56,053 [EndpointStateMachine task thread for /0.0.0.0:43231 - 0 ] INFO  utils.DatanodeStoreCache (DatanodeStoreCache.java:addDB(58)) - Added db /home/runner/work/ozone/ozone/hadoop-ozone/integration-test/target/test-dir/MiniOzoneClusterImpl-44598e80-008f-49ac-96a9-a666e849b629/datanode-2/data-0/containers/hdds/44598e80-008f-49ac-96a9-a666e849b629/DS-0edf968d-d31f-445c-9f75-a6dffd521768/container.db to cache
2023-05-05 09:12:56,053 [EndpointStateMachine task thread for /0.0.0.0:43231 - 0 ] INFO  volume.HddsVolume (HddsVolume.java:createDbStore(350)) - SchemaV3 db is created and loaded at /home/runner/work/ozone/ozone/hadoop-ozone/integration-test/target/test-dir/MiniOzoneClusterImpl-44598e80-008f-49ac-96a9-a666e849b629/datanode-2/data-0/containers/hdds/44598e80-008f-49ac-96a9-a666e849b629/DS-0edf968d-d31f-445c-9f75-a6dffd521768/container.db for volume DS-0edf968d-d31f-445c-9f75-a6dffd521768
2023-05-05 09:12:56,053 [EndpointStateMachine task thread for /0.0.0.0:43231 - 0 ] INFO  ozoneimpl.OzoneContainer (OzoneContainer.java:start(397)) - Attempting to start container services.
2023-05-05 09:12:56,054 [EndpointStateMachine task thread for /0.0.0.0:43231 - 0 ] INFO  ozoneimpl.OzoneContainer (OzoneContainer.java:startContainerScrub(314)) - Scheduled background container scanners and the on-demand container scanner have been disabled.
2023-05-05 09:12:56,055 [EndpointStateMachine task thread for /0.0.0.0:43231 - 0 ] INFO  replication.ReplicationServer (ReplicationServer.java:start(109)) - ReplicationServer is started using port 40225
2023-05-05 09:12:56,055 [EndpointStateMachine task thread for /0.0.0.0:43231 - 0 ] INFO  ratis.XceiverServerRatis (XceiverServerRatis.java:start(517)) - Starting XceiverServerRatis f85e0dcc-39ca-49ef-85c9-6c51f48e3333
2023-05-05 09:12:56,055 [EndpointStateMachine task thread for /0.0.0.0:43231 - 0 ] INFO  server.RaftServer (RaftServerProxy.java:startImpl(393)) - f85e0dcc-39ca-49ef-85c9-6c51f48e3333: start RPC server
2023-05-05 09:12:56,061 [EndpointStateMachine task thread for /0.0.0.0:43231 - 0 ] INFO  server.GrpcService (GrpcService.java:startImpl(262)) - f85e0dcc-39ca-49ef-85c9-6c51f48e3333: GrpcService started, listening on 39217
2023-05-05 09:12:56,061 [EndpointStateMachine task thread for /0.0.0.0:43231 - 0 ] INFO  ratis.XceiverServerRatis (XceiverServerRatis.java:getRealPort(543)) - XceiverServerRatis f85e0dcc-39ca-49ef-85c9-6c51f48e3333 is started using port 39217 for RATIS
2023-05-05 09:12:56,061 [EndpointStateMachine task thread for /0.0.0.0:43231 - 0 ] INFO  ratis.XceiverServerRatis (XceiverServerRatis.java:getRealPort(543)) - XceiverServerRatis f85e0dcc-39ca-49ef-85c9-6c51f48e3333 is started using port 39217 for RATIS_ADMIN
2023-05-05 09:12:56,061 [EndpointStateMachine task thread for /0.0.0.0:43231 - 0 ] INFO  ratis.XceiverServerRatis (XceiverServerRatis.java:getRealPort(543)) - XceiverServerRatis f85e0dcc-39ca-49ef-85c9-6c51f48e3333 is started using port 39217 for RATIS_SERVER
2023-05-05 09:12:56,061 [EndpointStateMachine task thread for /0.0.0.0:43231 - 0 ] INFO  ratis.XceiverServerRatis (XceiverServerRatis.java:getRealPort(543)) - XceiverServerRatis f85e0dcc-39ca-49ef-85c9-6c51f48e3333 is started using port 32803 for RATIS_DATASTREAM
2023-05-05 09:12:56,061 [JvmPauseMonitor23] INFO  util.JvmPauseMonitor (JvmPauseMonitor.java:run(105)) - JvmPauseMonitor-f85e0dcc-39ca-49ef-85c9-6c51f48e3333: Started
2023-05-05 09:12:56,072 [EndpointStateMachine task thread for /0.0.0.0:43231 - 0 ] INFO  server.XceiverServerGrpc (XceiverServerGrpc.java:start(180)) - XceiverServerGrpc f85e0dcc-39ca-49ef-85c9-6c51f48e3333 is started using port 36285
2023-05-05 09:12:56,073 [BlockDeletingService#0] INFO  interfaces.ContainerDeletionChoosingPolicyTemplate (ContainerDeletionChoosingPolicyTemplate.java:chooseContainerForBlockDeletion(83)) - Chosen 0/5000 blocks from 0 candidate containers.
2023-05-05 09:12:57,016 [Listener at 127.0.0.1/38811] INFO  ozone.MiniOzoneClusterImpl (MiniOzoneClusterImpl.java:lambda$waitForClusterToBeReady$0(223)) - Waiting for nodes to be ready. Got 0 of 3 DN Heartbeats.
2023-05-05 09:12:57,016 [Listener at 127.0.0.1/38811] INFO  ozone.MiniOzoneClusterImpl (MiniOzoneClusterImpl.java:lambda$waitForClusterToBeReady$0(226)) - Waiting for cluster to exit safe mode
2023-05-05 09:12:57,016 [Listener at 127.0.0.1/38811] INFO  ozone.MiniOzoneClusterImpl (MiniOzoneClusterImpl.java:lambda$waitForClusterToBeReady$0(228)) - SCM became leader
2023-05-05 09:12:57,281 [IPC Server handler 0 on default port 43231] INFO  net.NetworkTopologyImpl (NetworkTopologyImpl.java:add(112)) - Added a new node: /default-rack/01ec52f5-41b6-49aa-a875-886c0181af90
2023-05-05 09:12:57,281 [IPC Server handler 0 on default port 43231] INFO  node.SCMNodeManager (SCMNodeManager.java:register(407)) - Registered Data node : 01ec52f5-41b6-49aa-a875-886c0181af90{ip: 10.1.0.42, host: fv-az152-207.qln5d00okglujjccfnhxhxodph.cx.internal.cloudapp.net, ports: [HTTP=42297, REPLICATION=43581, RATIS=34459, RATIS_ADMIN=34459, RATIS_SERVER=34459, RATIS_DATASTREAM=41675, STANDALONE=39421], networkLocation: /default-rack, certSerialId: null, persistedOpState: null, persistedOpStateExpiryEpochSec: 0}
2023-05-05 09:12:57,285 [EventQueue-NodeRegistrationContainerReportForDataNodeSafeModeRule] INFO  safemode.SCMSafeModeManager (DataNodeSafeModeRule.java:process(71)) - SCM in safe mode. 1 DataNodes registered, 3 required.
2023-05-05 09:12:57,285 [EventQueue-NodeRegistrationContainerReportForContainerSafeModeRule] INFO  safemode.SCMSafeModeManager (SCMSafeModeManager.java:validateSafeModeExitRules(200)) - ContainerSafeModeRule rule is successfully validated
2023-05-05 09:12:57,293 [EventQueue-NewNodeForNewNodeHandler] INFO  pipeline.BackgroundPipelineCreator (BackgroundPipelineCreator.java:notifyEventTriggered(276)) - trigger a one-shot run on RatisPipelineUtilsThread.
2023-05-05 09:12:57,293 [RatisPipelineUtilsThread - 0] INFO  pipeline.RatisPipelineProvider (RatisPipelineProvider.java:lambda$create$0(206)) - Sending CreatePipelineCommand for pipeline:PipelineID=f4b2518b-1b32-43bc-89b6-af8248a4364f to datanode:01ec52f5-41b6-49aa-a875-886c0181af90
2023-05-05 09:12:57,294 [RatisPipelineUtilsThread - 0] INFO  pipeline.PipelineStateManagerImpl (PipelineStateManagerImpl.java:addPipeline(103)) - Created pipeline Pipeline[ Id: f4b2518b-1b32-43bc-89b6-af8248a4364f, Nodes: 01ec52f5-41b6-49aa-a875-886c0181af90(fv-az152-207.qln5d00okglujjccfnhxhxodph.cx.internal.cloudapp.net/10.1.0.42), ReplicationConfig: RATIS/ONE, State:ALLOCATED, leaderId:, CreationTimestamp2023-05-05T09:12:57.293Z[Etc/UTC]].
2023-05-05 09:12:57,295 [EventQueue-PipelineReportForOneReplicaPipelineSafeModeRule] INFO  safemode.SCMSafeModeManager (SCMSafeModeManager.java:validateSafeModeExitRules(200)) - AtleastOneDatanodeReportedRule rule is successfully validated
2023-05-05 09:12:57,690 [IPC Server handler 1 on default port 43231] INFO  net.NetworkTopologyImpl (NetworkTopologyImpl.java:add(112)) - Added a new node: /default-rack/88416288-d81a-4caa-b0be-4bb91378dc06
2023-05-05 09:12:57,690 [IPC Server handler 1 on default port 43231] INFO  node.SCMNodeManager (SCMNodeManager.java:register(407)) - Registered Data node : 88416288-d81a-4caa-b0be-4bb91378dc06{ip: 10.1.0.42, host: fv-az152-207.qln5d00okglujjccfnhxhxodph.cx.internal.cloudapp.net, ports: [HTTP=43951, REPLICATION=38691, RATIS=43207, RATIS_ADMIN=43207, RATIS_SERVER=43207, RATIS_DATASTREAM=38003, STANDALONE=40699], networkLocation: /default-rack, certSerialId: null, persistedOpState: null, persistedOpStateExpiryEpochSec: 0}
2023-05-05 09:12:57,691 [EventQueue-NewNodeForNewNodeHandler] INFO  pipeline.BackgroundPipelineCreator (BackgroundPipelineCreator.java:notifyEventTriggered(276)) - trigger a one-shot run on RatisPipelineUtilsThread.
2023-05-05 09:12:57,692 [EventQueue-NodeRegistrationContainerReportForDataNodeSafeModeRule] INFO  safemode.SCMSafeModeManager (DataNodeSafeModeRule.java:process(71)) - SCM in safe mode. 2 DataNodes registered, 3 required.
2023-05-05 09:12:57,693 [RatisPipelineUtilsThread - 0] INFO  pipeline.RatisPipelineProvider (RatisPipelineProvider.java:lambda$create$0(206)) - Sending CreatePipelineCommand for pipeline:PipelineID=2fcb2459-9574-44c8-9ce4-593221c92a9b to datanode:88416288-d81a-4caa-b0be-4bb91378dc06
2023-05-05 09:12:57,693 [RatisPipelineUtilsThread - 0] INFO  pipeline.PipelineStateManagerImpl (PipelineStateManagerImpl.java:addPipeline(103)) - Created pipeline Pipeline[ Id: 2fcb2459-9574-44c8-9ce4-593221c92a9b, Nodes: 88416288-d81a-4caa-b0be-4bb91378dc06(fv-az152-207.qln5d00okglujjccfnhxhxodph.cx.internal.cloudapp.net/10.1.0.42), ReplicationConfig: RATIS/ONE, State:ALLOCATED, leaderId:, CreationTimestamp2023-05-05T09:12:57.693Z[Etc/UTC]].
2023-05-05 09:12:58,016 [Listener at 127.0.0.1/38811] INFO  ozone.MiniOzoneClusterImpl (MiniOzoneClusterImpl.java:lambda$waitForClusterToBeReady$0(223)) - Waiting for nodes to be ready. Got 2 of 3 DN Heartbeats.
2023-05-05 09:12:58,016 [Listener at 127.0.0.1/38811] INFO  ozone.MiniOzoneClusterImpl (MiniOzoneClusterImpl.java:lambda$waitForClusterToBeReady$0(226)) - Waiting for cluster to exit safe mode
2023-05-05 09:12:58,016 [Listener at 127.0.0.1/38811] INFO  ozone.MiniOzoneClusterImpl (MiniOzoneClusterImpl.java:lambda$waitForClusterToBeReady$0(228)) - SCM became leader
2023-05-05 09:12:58,021 [IPC Server handler 2 on default port 43231] INFO  net.NetworkTopologyImpl (NetworkTopologyImpl.java:add(112)) - Added a new node: /default-rack/f85e0dcc-39ca-49ef-85c9-6c51f48e3333
2023-05-05 09:12:58,021 [IPC Server handler 2 on default port 43231] INFO  node.SCMNodeManager (SCMNodeManager.java:register(407)) - Registered Data node : f85e0dcc-39ca-49ef-85c9-6c51f48e3333{ip: 10.1.0.42, host: fv-az152-207.qln5d00okglujjccfnhxhxodph.cx.internal.cloudapp.net, ports: [HTTP=46857, REPLICATION=40225, RATIS=39217, RATIS_ADMIN=39217, RATIS_SERVER=39217, RATIS_DATASTREAM=32803, STANDALONE=36285], networkLocation: /default-rack, certSerialId: null, persistedOpState: null, persistedOpStateExpiryEpochSec: 0}
2023-05-05 09:12:58,021 [EventQueue-NewNodeForNewNodeHandler] INFO  pipeline.BackgroundPipelineCreator (BackgroundPipelineCreator.java:notifyEventTriggered(276)) - trigger a one-shot run on RatisPipelineUtilsThread.
2023-05-05 09:12:58,022 [EventQueue-NodeRegistrationContainerReportForDataNodeSafeModeRule] INFO  safemode.SCMSafeModeManager (DataNodeSafeModeRule.java:process(71)) - SCM in safe mode. 3 DataNodes registered, 3 required.
2023-05-05 09:12:58,022 [EventQueue-NodeRegistrationContainerReportForDataNodeSafeModeRule] INFO  safemode.SCMSafeModeManager (SCMSafeModeManager.java:validateSafeModeExitRules(200)) - DataNodeSafeModeRule rule is successfully validated
2023-05-05 09:12:58,022 [EventQueue-NodeRegistrationContainerReportForDataNodeSafeModeRule] INFO  safemode.SCMSafeModeManager (SCMSafeModeManager.java:completePreCheck(229)) - All SCM safe mode pre check rules have passed
2023-05-05 09:12:58,022 [EventQueue-NodeRegistrationContainerReportForDataNodeSafeModeRule] INFO  ha.SCMContext (SCMContext.java:updateSafeModeStatus(228)) - Update SafeModeStatus from SafeModeStatus{safeModeStatus=true, preCheckPassed=false} to SafeModeStatus{safeModeStatus=true, preCheckPassed=true}.
2023-05-05 09:12:58,022 [EventQueue-NodeRegistrationContainerReportForDataNodeSafeModeRule] INFO  pipeline.BackgroundPipelineCreator (BackgroundPipelineCreator.java:notifyEventTriggered(276)) - trigger a one-shot run on RatisPipelineUtilsThread.
2023-05-05 09:12:58,022 [RatisPipelineUtilsThread - 0] INFO  pipeline.RatisPipelineProvider (RatisPipelineProvider.java:lambda$create$0(206)) - Sending CreatePipelineCommand for pipeline:PipelineID=da8addc8-aaec-472a-955f-aabdb4147b7a to datanode:f85e0dcc-39ca-49ef-85c9-6c51f48e3333
2023-05-05 09:12:58,023 [RatisPipelineUtilsThread - 0] INFO  pipeline.PipelineStateManagerImpl (PipelineStateManagerImpl.java:addPipeline(103)) - Created pipeline Pipeline[ Id: da8addc8-aaec-472a-955f-aabdb4147b7a, Nodes: f85e0dcc-39ca-49ef-85c9-6c51f48e3333(fv-az152-207.qln5d00okglujjccfnhxhxodph.cx.internal.cloudapp.net/10.1.0.42), ReplicationConfig: RATIS/ONE, State:ALLOCATED, leaderId:, CreationTimestamp2023-05-05T09:12:58.022Z[Etc/UTC]].
2023-05-05 09:12:58,023 [RatisPipelineUtilsThread - 0] INFO  pipeline.RatisPipelineProvider (RatisPipelineProvider.java:lambda$create$0(206)) - Sending CreatePipelineCommand for pipeline:PipelineID=3f564c3e-2811-4e69-ab48-21a31c6bc464 to datanode:88416288-d81a-4caa-b0be-4bb91378dc06
2023-05-05 09:12:58,024 [RatisPipelineUtilsThread - 0] INFO  pipeline.RatisPipelineProvider (RatisPipelineProvider.java:lambda$create$0(206)) - Sending CreatePipelineCommand for pipeline:PipelineID=3f564c3e-2811-4e69-ab48-21a31c6bc464 to datanode:f85e0dcc-39ca-49ef-85c9-6c51f48e3333
2023-05-05 09:12:58,024 [RatisPipelineUtilsThread - 0] INFO  pipeline.RatisPipelineProvider (RatisPipelineProvider.java:lambda$create$0(206)) - Sending CreatePipelineCommand for pipeline:PipelineID=3f564c3e-2811-4e69-ab48-21a31c6bc464 to datanode:01ec52f5-41b6-49aa-a875-886c0181af90
2023-05-05 09:12:58,024 [RatisPipelineUtilsThread - 0] INFO  pipeline.PipelineStateManagerImpl (PipelineStateManagerImpl.java:addPipeline(103)) - Created pipeline Pipeline[ Id: 3f564c3e-2811-4e69-ab48-21a31c6bc464, Nodes: 88416288-d81a-4caa-b0be-4bb91378dc06(fv-az152-207.qln5d00okglujjccfnhxhxodph.cx.internal.cloudapp.net/10.1.0.42)f85e0dcc-39ca-49ef-85c9-6c51f48e3333(fv-az152-207.qln5d00okglujjccfnhxhxodph.cx.internal.cloudapp.net/10.1.0.42)01ec52f5-41b6-49aa-a875-886c0181af90(fv-az152-207.qln5d00okglujjccfnhxhxodph.cx.internal.cloudapp.net/10.1.0.42), ReplicationConfig: RATIS/THREE, State:ALLOCATED, leaderId:, CreationTimestamp2023-05-05T09:12:58.023Z[Etc/UTC]].
2023-05-05 09:12:58,025 [RatisPipelineUtilsThread - 0] INFO  pipeline.RatisPipelineProvider (RatisPipelineProvider.java:lambda$create$0(206)) - Sending CreatePipelineCommand for pipeline:PipelineID=f947ebb2-47ad-4183-88d0-81c215923a5e to datanode:01ec52f5-41b6-49aa-a875-886c0181af90
2023-05-05 09:12:58,025 [RatisPipelineUtilsThread - 0] INFO  pipeline.RatisPipelineProvider (RatisPipelineProvider.java:lambda$create$0(206)) - Sending CreatePipelineCommand for pipeline:PipelineID=f947ebb2-47ad-4183-88d0-81c215923a5e to datanode:f85e0dcc-39ca-49ef-85c9-6c51f48e3333
2023-05-05 09:12:58,025 [RatisPipelineUtilsThread - 0] INFO  pipeline.RatisPipelineProvider (RatisPipelineProvider.java:lambda$create$0(206)) - Sending CreatePipelineCommand for pipeline:PipelineID=f947ebb2-47ad-4183-88d0-81c215923a5e to datanode:88416288-d81a-4caa-b0be-4bb91378dc06
2023-05-05 09:12:58,025 [RatisPipelineUtilsThread - 0] INFO  pipeline.PipelineStateManagerImpl (PipelineStateManagerImpl.java:addPipeline(103)) - Created pipeline Pipeline[ Id: f947ebb2-47ad-4183-88d0-81c215923a5e, Nodes: 01ec52f5-41b6-49aa-a875-886c0181af90(fv-az152-207.qln5d00okglujjccfnhxhxodph.cx.internal.cloudapp.net/10.1.0.42)f85e0dcc-39ca-49ef-85c9-6c51f48e3333(fv-az152-207.qln5d00okglujjccfnhxhxodph.cx.internal.cloudapp.net/10.1.0.42)88416288-d81a-4caa-b0be-4bb91378dc06(fv-az152-207.qln5d00okglujjccfnhxhxodph.cx.internal.cloudapp.net/10.1.0.42), ReplicationConfig: RATIS/THREE, State:ALLOCATED, leaderId:, CreationTimestamp2023-05-05T09:12:58.025Z[Etc/UTC]].
2023-05-05 09:12:58,025 [RatisPipelineUtilsThread - 0] INFO  pipeline.PipelineManagerImpl (PipelineManagerImpl.java:recordMetricsForPipeline(826)) - Pipeline: PipelineID=f947ebb2-47ad-4183-88d0-81c215923a5e contains same datanodes as previous pipelines: PipelineID=3f564c3e-2811-4e69-ab48-21a31c6bc464 nodeIds: 01ec52f5-41b6-49aa-a875-886c0181af90, f85e0dcc-39ca-49ef-85c9-6c51f48e3333, 88416288-d81a-4caa-b0be-4bb91378dc06
2023-05-05 09:12:58,025 [RatisPipelineUtilsThread - 0] WARN  pipeline.PipelinePlacementPolicy (PipelinePlacementPolicy.java:filterViableNodes(160)) - Pipeline creation failed due to no sufficient healthy datanodes. Required 3. Found 0. Excluded 3.
2023-05-05 09:12:58,027 [RatisPipelineUtilsThread - 0] WARN  pipeline.PipelinePlacementPolicy (PipelinePlacementPolicy.java:filterViableNodes(160)) - Pipeline creation failed due to no sufficient healthy datanodes. Required 3. Found 0. Excluded 3.
2023-05-05 09:12:59,017 [Listener at 127.0.0.1/38811] INFO  ozone.MiniOzoneClusterImpl (MiniOzoneClusterImpl.java:lambda$waitForClusterToBeReady$0(223)) - Nodes are ready. Got 3 of 3 DN Heartbeats.
2023-05-05 09:12:59,017 [Listener at 127.0.0.1/38811] INFO  ozone.MiniOzoneClusterImpl (MiniOzoneClusterImpl.java:lambda$waitForClusterToBeReady$0(226)) - Waiting for cluster to exit safe mode
2023-05-05 09:12:59,017 [Listener at 127.0.0.1/38811] INFO  ozone.MiniOzoneClusterImpl (MiniOzoneClusterImpl.java:lambda$waitForClusterToBeReady$0(228)) - SCM became leader
2023-05-05 09:13:00,017 [Listener at 127.0.0.1/38811] INFO  ozone.MiniOzoneClusterImpl (MiniOzoneClusterImpl.java:lambda$waitForClusterToBeReady$0(223)) - Nodes are ready. Got 3 of 3 DN Heartbeats.
2023-05-05 09:13:00,017 [Listener at 127.0.0.1/38811] INFO  ozone.MiniOzoneClusterImpl (MiniOzoneClusterImpl.java:lambda$waitForClusterToBeReady$0(226)) - Waiting for cluster to exit safe mode
2023-05-05 09:13:00,017 [Listener at 127.0.0.1/38811] INFO  ozone.MiniOzoneClusterImpl (MiniOzoneClusterImpl.java:lambda$waitForClusterToBeReady$0(228)) - SCM became leader
2023-05-05 09:13:00,282 [Command processor thread] INFO  server.RaftServer (RaftServerProxy.java:addNew(96)) - 01ec52f5-41b6-49aa-a875-886c0181af90: addNew group-AF8248A4364F:[01ec52f5-41b6-49aa-a875-886c0181af90|rpc:10.1.0.42:34459|dataStream:10.1.0.42:41675|priority:1|startupRole:FOLLOWER] returns group-AF8248A4364F:java.util.concurrent.CompletableFuture@7e787c19[Not completed]
2023-05-05 09:13:00,284 [pool-932-thread-1] INFO  server.RaftServer$Division (RaftServerImpl.java:<init>(195)) - 01ec52f5-41b6-49aa-a875-886c0181af90: new RaftServerImpl for group-AF8248A4364F:[01ec52f5-41b6-49aa-a875-886c0181af90|rpc:10.1.0.42:34459|dataStream:10.1.0.42:41675|priority:1|startupRole:FOLLOWER] with ContainerStateMachine:uninitialized
2023-05-05 09:13:00,284 [pool-932-thread-1] INFO  server.RaftServerConfigKeys (ConfUtils.java:logGet(46)) - raft.server.rpc.timeout.min = 5s (custom)
2023-05-05 09:13:00,284 [pool-932-thread-1] INFO  server.RaftServerConfigKeys (ConfUtils.java:logGet(46)) - raft.server.rpc.timeout.max = 5200ms (custom)
2023-05-05 09:13:00,284 [pool-932-thread-1] INFO  server.RaftServerConfigKeys (ConfUtils.java:logGet(46)) - raft.server.rpc.sleep.time = 25ms (default)
2023-05-05 09:13:00,284 [pool-932-thread-1] INFO  server.RaftServerConfigKeys (ConfUtils.java:logGet(46)) - raft.server.rpc.slowness.timeout = 300s (custom)
2023-05-05 09:13:00,284 [pool-932-thread-1] INFO  server.RaftServerConfigKeys (ConfUtils.java:logGet(46)) - raft.server.leaderelection.leader.step-down.wait-time = 10s (default)
2023-05-05 09:13:00,284 [pool-932-thread-1] INFO  server.RaftServerConfigKeys (ConfUtils.java:logGet(46)) - raft.server.sleep.deviation.threshold = 300ms (default)
2023-05-05 09:13:00,284 [pool-932-thread-1] INFO  server.RaftServer$Division (ServerState.java:<init>(118)) - 01ec52f5-41b6-49aa-a875-886c0181af90@group-AF8248A4364F: ConfigurationManager, init=-1: peers:[01ec52f5-41b6-49aa-a875-886c0181af90|rpc:10.1.0.42:34459|dataStream:10.1.0.42:41675|priority:1|startupRole:FOLLOWER]|listeners:[], old=null, confs=<EMPTY_MAP>
2023-05-05 09:13:00,284 [pool-932-thread-1] INFO  server.RaftServerConfigKeys (ConfUtils.java:logGet(46)) - raft.server.storage.dir = [/home/runner/work/ozone/ozone/hadoop-ozone/integration-test/target/test-dir/MiniOzoneClusterImpl-44598e80-008f-49ac-96a9-a666e849b629/datanode-0/data/ratis] (custom)
2023-05-05 09:13:00,284 [pool-932-thread-1] INFO  server.RaftServerConfigKeys (ConfUtils.java:logGet(46)) - raft.server.log.corruption.policy = EXCEPTION (default)
2023-05-05 09:13:00,285 [pool-932-thread-1] INFO  server.RaftServerConfigKeys (ConfUtils.java:logGet(46)) - raft.server.storage.free-space.min = 0MB (=0) (default)
2023-05-05 09:13:00,285 [pool-932-thread-1] INFO  server.RaftServerConfigKeys (ConfUtils.java:logGet(46)) - raft.server.notification.no-leader.timeout = 300s (custom)
2023-05-05 09:13:00,285 [pool-932-thread-1] INFO  server.RaftServerConfigKeys (ConfUtils.java:logGet(46)) - raft.server.retrycache.expirytime = 600000ms (custom)
2023-05-05 09:13:00,285 [pool-932-thread-1] INFO  server.RaftServerConfigKeys (ConfUtils.java:logGet(46)) - raft.server.retrycache.statistics.expirytime = 100μs (default)
2023-05-05 09:13:00,285 [pool-932-thread-1] INFO  server.RaftServerConfigKeys (ConfUtils.java:logGet(46)) - raft.server.log.appender.install.snapshot.enabled = false (custom)
2023-05-05 09:13:00,286 [pool-932-thread-1] INFO  server.RaftServerConfigKeys (ConfUtils.java:logGet(46)) - raft.server.threadpool.server.cached = true (default)
2023-05-05 09:13:00,286 [pool-932-thread-1] INFO  server.RaftServerConfigKeys (ConfUtils.java:logGet(46)) - raft.server.threadpool.server.size = 0 (default)
2023-05-05 09:13:00,286 [pool-932-thread-1] INFO  server.RaftServerConfigKeys (ConfUtils.java:logGet(46)) - raft.server.threadpool.client.cached = true (default)
2023-05-05 09:13:00,286 [pool-932-thread-1] INFO  server.RaftServerConfigKeys (ConfUtils.java:logGet(46)) - raft.server.threadpool.client.size = 0 (default)
2023-05-05 09:13:00,286 [pool-932-thread-1] INFO  storage.RaftStorageDirectory (RaftStorageDirectoryImpl.java:analyzeStorage(137)) - The storage directory /home/runner/work/ozone/ozone/hadoop-ozone/integration-test/target/test-dir/MiniOzoneClusterImpl-44598e80-008f-49ac-96a9-a666e849b629/datanode-0/data/ratis/f4b2518b-1b32-43bc-89b6-af8248a4364f does not exist. Creating ...
2023-05-05 09:13:00,287 [pool-932-thread-1] INFO  storage.RaftStorageDirectory (RaftStorageDirectoryImpl.java:tryLock(231)) - Lock on /home/runner/work/ozone/ozone/hadoop-ozone/integration-test/target/test-dir/MiniOzoneClusterImpl-44598e80-008f-49ac-96a9-a666e849b629/datanode-0/data/ratis/f4b2518b-1b32-43bc-89b6-af8248a4364f/in_use.lock acquired by nodename 7812@fv-az152-207
2023-05-05 09:13:00,288 [pool-932-thread-1] INFO  storage.RaftStorage (RaftStorageImpl.java:format(96)) - Storage directory /home/runner/work/ozone/ozone/hadoop-ozone/integration-test/target/test-dir/MiniOzoneClusterImpl-44598e80-008f-49ac-96a9-a666e849b629/datanode-0/data/ratis/f4b2518b-1b32-43bc-89b6-af8248a4364f has been successfully formatted.
2023-05-05 09:13:00,290 [pool-932-thread-1] INFO  ratis.ContainerStateMachine (ContainerStateMachine.java:loadSnapshot(262)) - group-AF8248A4364F: The snapshot info is null. Setting the last applied indexto:(t:0, i:~)
2023-05-05 09:13:00,290 [pool-932-thread-1] INFO  server.RaftServerConfigKeys (ConfUtils.java:logGet(46)) - raft.server.log.use.memory = false (default)
2023-05-05 09:13:00,290 [pool-932-thread-1] INFO  server.RaftServerConfigKeys (ConfUtils.java:logGet(46)) - raft.server.log.purge.gap = 1000000 (custom)
2023-05-05 09:13:00,290 [pool-932-thread-1] INFO  server.RaftServerConfigKeys (ConfUtils.java:logGet(46)) - raft.server.log.appender.buffer.byte-limit = 33554432 (custom)
2023-05-05 09:13:00,290 [pool-932-thread-1] INFO  server.RaftServerConfigKeys (ConfUtils.java:logGet(46)) - raft.server.log.statemachine.data.read.timeout = 1000ms (default)
2023-05-05 09:13:00,290 [pool-932-thread-1] INFO  server.RaftServerConfigKeys (ConfUtils.java:logGet(46)) - raft.server.log.purge.preservation.log.num = 0 (default)
2023-05-05 09:13:00,290 [pool-932-thread-1] INFO  server.RaftServerConfigKeys (ConfUtils.java:logGet(46)) - raft.server.log.segment.size.max = 1048576 (custom)
2023-05-05 09:13:00,290 [pool-932-thread-1] INFO  server.RaftServerConfigKeys (ConfUtils.java:logGet(46)) - raft.server.log.segment.cache.num.max = 2 (custom)
2023-05-05 09:13:00,290 [pool-932-thread-1] INFO  server.RaftServerConfigKeys (ConfUtils.java:logGet(46)) - raft.server.log.segment.cache.size.max = 200MB (=209715200) (default)
2023-05-05 09:13:00,291 [EventQueue-PipelineReportForPipelineReportHandler] INFO  pipeline.PipelineManagerImpl (PipelineManagerImpl.java:openPipeline(367)) - Pipeline Pipeline[ Id: f4b2518b-1b32-43bc-89b6-af8248a4364f, Nodes: 01ec52f5-41b6-49aa-a875-886c0181af90(fv-az152-207.qln5d00okglujjccfnhxhxodph.cx.internal.cloudapp.net/10.1.0.42), ReplicationConfig: RATIS/ONE, State:ALLOCATED, leaderId:01ec52f5-41b6-49aa-a875-886c0181af90, CreationTimestamp2023-05-05T09:12:57.293Z[Etc/UTC]] moved to OPEN state
2023-05-05 09:13:00,291 [pool-932-thread-1] INFO  segmented.SegmentedRaftLogWorker (SegmentedRaftLogWorker.java:<init>(189)) - new 01ec52f5-41b6-49aa-a875-886c0181af90@group-AF8248A4364F-SegmentedRaftLogWorker for RaftStorageImpl:Storage Directory /home/runner/work/ozone/ozone/hadoop-ozone/integration-test/target/test-dir/MiniOzoneClusterImpl-44598e80-008f-49ac-96a9-a666e849b629/datanode-0/data/ratis/f4b2518b-1b32-43bc-89b6-af8248a4364f
2023-05-05 09:13:00,291 [pool-932-thread-1] INFO  server.RaftServerConfigKeys (ConfUtils.java:logGet(46)) - raft.server.log.queue.byte-limit = 4294967296 (custom)
2023-05-05 09:13:00,291 [pool-932-thread-1] INFO  server.RaftServerConfigKeys (ConfUtils.java:logGet(46)) - raft.server.log.queue.element-limit = 1024 (custom)
2023-05-05 09:13:00,291 [pool-932-thread-1] INFO  server.RaftServerConfigKeys (ConfUtils.java:logGet(46)) - raft.server.log.segment.size.max = 1048576 (custom)
2023-05-05 09:13:00,291 [pool-932-thread-1] INFO  server.RaftServerConfigKeys (ConfUtils.java:logGet(46)) - raft.server.log.preallocated.size = 16384 (custom)
2023-05-05 09:13:00,291 [pool-932-thread-1] INFO  server.RaftServerConfigKeys (ConfUtils.java:logGet(46)) - raft.server.log.force.sync.num = 128 (default)
2023-05-05 09:13:00,291 [pool-932-thread-1] INFO  server.RaftServerConfigKeys (ConfUtils.java:logGet(46)) - raft.server.log.statemachine.data.sync = true (default)
2023-05-05 09:13:00,292 [pool-932-thread-1] INFO  server.RaftServerConfigKeys (ConfUtils.java:logGet(46)) - raft.server.log.statemachine.data.sync.timeout = 10s (default)
2023-05-05 09:13:00,292 [pool-932-thread-1] INFO  server.RaftServerConfigKeys (ConfUtils.java:logGet(46)) - raft.server.log.statemachine.data.sync.timeout.retry = -1 (default)
2023-05-05 09:13:00,293 [pool-932-thread-1] INFO  server.RaftServerConfigKeys (ConfUtils.java:logGet(46)) - raft.server.log.write.buffer.size = 1048576 (custom)
2023-05-05 09:13:00,293 [pool-932-thread-1] INFO  server.RaftServerConfigKeys (ConfUtils.java:logGet(46)) - raft.server.log.appender.buffer.byte-limit = 33554432 (custom)
2023-05-05 09:13:00,299 [pool-932-thread-1] INFO  server.RaftServerConfigKeys (ConfUtils.java:logGet(46)) - raft.server.log.unsafe-flush.enabled = false (default)
2023-05-05 09:13:00,299 [pool-932-thread-1] INFO  server.RaftServerConfigKeys (ConfUtils.java:logGet(46)) - raft.server.log.async-flush.enabled = false (default)
2023-05-05 09:13:00,299 [pool-932-thread-1] INFO  server.RaftServerConfigKeys (ConfUtils.java:logGet(46)) - raft.server.log.statemachine.data.caching.enabled = true (custom)
2023-05-05 09:13:00,299 [EventQueue-OpenPipelineForHealthyPipelineSafeModeRule] INFO  safemode.SCMSafeModeManager (HealthyPipelineSafeModeRule.java:process(137)) - SCM in safe mode. Healthy pipelines reported count is 0, required healthy pipeline reported count is 1
2023-05-05 09:13:00,299 [pool-932-thread-1] INFO  segmented.SegmentedRaftLogWorker (SegmentedRaftLogWorker.java:lambda$new$0(135)) - 01ec52f5-41b6-49aa-a875-886c0181af90@group-AF8248A4364F-SegmentedRaftLogWorker: flushIndex: setUnconditionally 0 -> -1
2023-05-05 09:13:00,299 [pool-932-thread-1] INFO  segmented.SegmentedRaftLogWorker (SegmentedRaftLogWorker.java:lambda$new$0(135)) - 01ec52f5-41b6-49aa-a875-886c0181af90@group-AF8248A4364F-SegmentedRaftLogWorker: safeCacheEvictIndex: setUnconditionally 0 -> -1
2023-05-05 09:13:00,300 [pool-932-thread-1] INFO  server.RaftServer$Division (RaftServerImpl.java:start(334)) - 01ec52f5-41b6-49aa-a875-886c0181af90@group-AF8248A4364F: start as a follower, conf=-1: peers:[01ec52f5-41b6-49aa-a875-886c0181af90|rpc:10.1.0.42:34459|dataStream:10.1.0.42:41675|priority:1|startupRole:FOLLOWER]|listeners:[], old=null
2023-05-05 09:13:00,300 [pool-932-thread-1] INFO  server.RaftServer$Division (RaftServerImpl.java:setRole(321)) - 01ec52f5-41b6-49aa-a875-886c0181af90@group-AF8248A4364F: changes role from      null to FOLLOWER at term 0 for startAsFollower
2023-05-05 09:13:00,300 [pool-932-thread-1] INFO  impl.RoleInfo (RoleInfo.java:updateAndGet(139)) - 01ec52f5-41b6-49aa-a875-886c0181af90: start 01ec52f5-41b6-49aa-a875-886c0181af90@group-AF8248A4364F-FollowerState
2023-05-05 09:13:00,300 [pool-932-thread-1] INFO  util.JmxRegister (JmxRegister.java:tryRegister(44)) - Successfully registered JMX Bean with object name Ratis:service=RaftServer,group=group-AF8248A4364F,id=01ec52f5-41b6-49aa-a875-886c0181af90
2023-05-05 09:13:00,300 [pool-932-thread-1] INFO  server.RaftServerConfigKeys (ConfUtils.java:logGet(46)) - raft.server.snapshot.auto.trigger.enabled = true (custom)
2023-05-05 09:13:00,300 [pool-932-thread-1] INFO  server.RaftServerConfigKeys (ConfUtils.java:logGet(46)) - raft.server.snapshot.auto.trigger.threshold = 10000 (custom)
2023-05-05 09:13:00,300 [pool-932-thread-1] INFO  server.RaftServerConfigKeys (ConfUtils.java:logGet(46)) - raft.server.snapshot.retention.file.num = 5 (custom)
2023-05-05 09:13:00,300 [pool-932-thread-1] INFO  server.RaftServerConfigKeys (ConfUtils.java:logGet(46)) - raft.server.log.purge.upto.snapshot.index = false (default)
2023-05-05 09:13:00,301 [01ec52f5-41b6-49aa-a875-886c0181af90@group-AF8248A4364F-FollowerState] INFO  server.RaftServerConfigKeys (ConfUtils.java:logFallback(53)) - raft.server.rpc.first-election.timeout.min = 5s (fallback to raft.server.rpc.timeout.min)
2023-05-05 09:13:00,301 [01ec52f5-41b6-49aa-a875-886c0181af90@group-AF8248A4364F-FollowerState] INFO  server.RaftServerConfigKeys (ConfUtils.java:logFallback(53)) - raft.server.rpc.first-election.timeout.max = 5200ms (fallback to raft.server.rpc.timeout.max)
2023-05-05 09:13:00,302 [Command processor thread] INFO  ratis.XceiverServerRatis (XceiverServerRatis.java:addGroup(806)) - Created group PipelineID=f4b2518b-1b32-43bc-89b6-af8248a4364f
2023-05-05 09:13:00,302 [Command processor thread] INFO  commandhandler.CreatePipelineCommandHandler (CreatePipelineCommandHandler.java:handle(113)) - Created Pipeline RATIS ONE PipelineID=f4b2518b-1b32-43bc-89b6-af8248a4364f.
2023-05-05 09:13:00,303 [Command processor thread] INFO  server.RaftServer (RaftServerProxy.java:addNew(96)) - 01ec52f5-41b6-49aa-a875-886c0181af90: addNew group-21A31C6BC464:[f85e0dcc-39ca-49ef-85c9-6c51f48e3333|rpc:10.1.0.42:39217|dataStream:10.1.0.42:32803|priority:0|startupRole:FOLLOWER, 01ec52f5-41b6-49aa-a875-886c0181af90|rpc:10.1.0.42:34459|dataStream:10.1.0.42:41675|priority:0|startupRole:FOLLOWER, 88416288-d81a-4caa-b0be-4bb91378dc06|rpc:10.1.0.42:43207|dataStream:10.1.0.42:38003|priority:1|startupRole:FOLLOWER] returns group-21A31C6BC464:java.util.concurrent.CompletableFuture@7a47e70e[Not completed]
2023-05-05 09:13:00,303 [pool-932-thread-1] INFO  server.RaftServer$Division (RaftServerImpl.java:<init>(195)) - 01ec52f5-41b6-49aa-a875-886c0181af90: new RaftServerImpl for group-21A31C6BC464:[f85e0dcc-39ca-49ef-85c9-6c51f48e3333|rpc:10.1.0.42:39217|dataStream:10.1.0.42:32803|priority:0|startupRole:FOLLOWER, 01ec52f5-41b6-49aa-a875-886c0181af90|rpc:10.1.0.42:34459|dataStream:10.1.0.42:41675|priority:0|startupRole:FOLLOWER, 88416288-d81a-4caa-b0be-4bb91378dc06|rpc:10.1.0.42:43207|dataStream:10.1.0.42:38003|priority:1|startupRole:FOLLOWER] with ContainerStateMachine:uninitialized
2023-05-05 09:13:00,304 [pool-932-thread-1] INFO  server.RaftServerConfigKeys (ConfUtils.java:logGet(46)) - raft.server.rpc.timeout.min = 5s (custom)
2023-05-05 09:13:00,304 [pool-932-thread-1] INFO  server.RaftServerConfigKeys (ConfUtils.java:logGet(46)) - raft.server.rpc.timeout.max = 5200ms (custom)
2023-05-05 09:13:00,304 [pool-932-thread-1] INFO  server.RaftServerConfigKeys (ConfUtils.java:logGet(46)) - raft.server.rpc.sleep.time = 25ms (default)
2023-05-05 09:13:00,304 [pool-932-thread-1] INFO  server.RaftServerConfigKeys (ConfUtils.java:logGet(46)) - raft.server.rpc.slowness.timeout = 300s (custom)
2023-05-05 09:13:00,304 [pool-932-thread-1] INFO  server.RaftServerConfigKeys (ConfUtils.java:logGet(46)) - raft.server.leaderelection.leader.step-down.wait-time = 10s (default)
2023-05-05 09:13:00,304 [pool-932-thread-1] INFO  server.RaftServerConfigKeys (ConfUtils.java:logGet(46)) - raft.server.sleep.deviation.threshold = 300ms (default)
2023-05-05 09:13:00,304 [pool-932-thread-1] INFO  server.RaftServer$Division (ServerState.java:<init>(118)) - 01ec52f5-41b6-49aa-a875-886c0181af90@group-21A31C6BC464: ConfigurationManager, init=-1: peers:[f85e0dcc-39ca-49ef-85c9-6c51f48e3333|rpc:10.1.0.42:39217|dataStream:10.1.0.42:32803|priority:0|startupRole:FOLLOWER, 01ec52f5-41b6-49aa-a875-886c0181af90|rpc:10.1.0.42:34459|dataStream:10.1.0.42:41675|priority:0|startupRole:FOLLOWER, 88416288-d81a-4caa-b0be-4bb91378dc06|rpc:10.1.0.42:43207|dataStream:10.1.0.42:38003|priority:1|startupRole:FOLLOWER]|listeners:[], old=null, confs=<EMPTY_MAP>
2023-05-05 09:13:00,304 [pool-932-thread-1] INFO  server.RaftServerConfigKeys (ConfUtils.java:logGet(46)) - raft.server.storage.dir = [/home/runner/work/ozone/ozone/hadoop-ozone/integration-test/target/test-dir/MiniOzoneClusterImpl-44598e80-008f-49ac-96a9-a666e849b629/datanode-0/data/ratis] (custom)
2023-05-05 09:13:00,304 [pool-932-thread-1] INFO  server.RaftServerConfigKeys (ConfUtils.java:logGet(46)) - raft.server.log.corruption.policy = EXCEPTION (default)
2023-05-05 09:13:00,304 [pool-932-thread-1] INFO  server.RaftServerConfigKeys (ConfUtils.java:logGet(46)) - raft.server.storage.free-space.min = 0MB (=0) (default)
2023-05-05 09:13:00,304 [pool-932-thread-1] INFO  server.RaftServerConfigKeys (ConfUtils.java:logGet(46)) - raft.server.notification.no-leader.timeout = 300s (custom)
2023-05-05 09:13:00,304 [pool-932-thread-1] INFO  server.RaftServerConfigKeys (ConfUtils.java:logGet(46)) - raft.server.retrycache.expirytime = 600000ms (custom)
2023-05-05 09:13:00,304 [pool-932-thread-1] INFO  server.RaftServerConfigKeys (ConfUtils.java:logGet(46)) - raft.server.retrycache.statistics.expirytime = 100μs (default)
2023-05-05 09:13:00,305 [pool-932-thread-1] INFO  server.RaftServerConfigKeys (ConfUtils.java:logGet(46)) - raft.server.log.appender.install.snapshot.enabled = false (custom)
2023-05-05 09:13:00,305 [pool-932-thread-1] INFO  server.RaftServerConfigKeys (ConfUtils.java:logGet(46)) - raft.server.threadpool.server.cached = true (default)
2023-05-05 09:13:00,305 [pool-932-thread-1] INFO  server.RaftServerConfigKeys (ConfUtils.java:logGet(46)) - raft.server.threadpool.server.size = 0 (default)
2023-05-05 09:13:00,305 [pool-932-thread-1] INFO  server.RaftServerConfigKeys (ConfUtils.java:logGet(46)) - raft.server.threadpool.client.cached = true (default)
2023-05-05 09:13:00,305 [pool-932-thread-1] INFO  server.RaftServerConfigKeys (ConfUtils.java:logGet(46)) - raft.server.threadpool.client.size = 0 (default)
2023-05-05 09:13:00,305 [pool-932-thread-1] INFO  storage.RaftStorageDirectory (RaftStorageDirectoryImpl.java:analyzeStorage(137)) - The storage directory /home/runner/work/ozone/ozone/hadoop-ozone/integration-test/target/test-dir/MiniOzoneClusterImpl-44598e80-008f-49ac-96a9-a666e849b629/datanode-0/data/ratis/3f564c3e-2811-4e69-ab48-21a31c6bc464 does not exist. Creating ...
2023-05-05 09:13:00,306 [pool-932-thread-1] INFO  storage.RaftStorageDirectory (RaftStorageDirectoryImpl.java:tryLock(231)) - Lock on /home/runner/work/ozone/ozone/hadoop-ozone/integration-test/target/test-dir/MiniOzoneClusterImpl-44598e80-008f-49ac-96a9-a666e849b629/datanode-0/data/ratis/3f564c3e-2811-4e69-ab48-21a31c6bc464/in_use.lock acquired by nodename 7812@fv-az152-207
2023-05-05 09:13:00,307 [pool-932-thread-1] INFO  storage.RaftStorage (RaftStorageImpl.java:format(96)) - Storage directory /home/runner/work/ozone/ozone/hadoop-ozone/integration-test/target/test-dir/MiniOzoneClusterImpl-44598e80-008f-49ac-96a9-a666e849b629/datanode-0/data/ratis/3f564c3e-2811-4e69-ab48-21a31c6bc464 has been successfully formatted.
2023-05-05 09:13:00,308 [pool-932-thread-1] INFO  ratis.ContainerStateMachine (ContainerStateMachine.java:loadSnapshot(262)) - group-21A31C6BC464: The snapshot info is null. Setting the last applied indexto:(t:0, i:~)
2023-05-05 09:13:00,308 [pool-932-thread-1] INFO  server.RaftServerConfigKeys (ConfUtils.java:logGet(46)) - raft.server.log.use.memory = false (default)
2023-05-05 09:13:00,308 [pool-932-thread-1] INFO  server.RaftServerConfigKeys (ConfUtils.java:logGet(46)) - raft.server.log.purge.gap = 1000000 (custom)
2023-05-05 09:13:00,308 [pool-932-thread-1] INFO  server.RaftServerConfigKeys (ConfUtils.java:logGet(46)) - raft.server.log.appender.buffer.byte-limit = 33554432 (custom)
2023-05-05 09:13:00,308 [pool-932-thread-1] INFO  server.RaftServerConfigKeys (ConfUtils.java:logGet(46)) - raft.server.log.statemachine.data.read.timeout = 1000ms (default)
2023-05-05 09:13:00,308 [pool-932-thread-1] INFO  server.RaftServerConfigKeys (ConfUtils.java:logGet(46)) - raft.server.log.purge.preservation.log.num = 0 (default)
2023-05-05 09:13:00,308 [pool-932-thread-1] INFO  server.RaftServerConfigKeys (ConfUtils.java:logGet(46)) - raft.server.log.segment.size.max = 1048576 (custom)
2023-05-05 09:13:00,308 [pool-932-thread-1] INFO  server.RaftServerConfigKeys (ConfUtils.java:logGet(46)) - raft.server.log.segment.cache.num.max = 2 (custom)
2023-05-05 09:13:00,308 [pool-932-thread-1] INFO  server.RaftServerConfigKeys (ConfUtils.java:logGet(46)) - raft.server.log.segment.cache.size.max = 200MB (=209715200) (default)
2023-05-05 09:13:00,308 [pool-932-thread-1] INFO  segmented.SegmentedRaftLogWorker (SegmentedRaftLogWorker.java:<init>(189)) - new 01ec52f5-41b6-49aa-a875-886c0181af90@group-21A31C6BC464-SegmentedRaftLogWorker for RaftStorageImpl:Storage Directory /home/runner/work/ozone/ozone/hadoop-ozone/integration-test/target/test-dir/MiniOzoneClusterImpl-44598e80-008f-49ac-96a9-a666e849b629/datanode-0/data/ratis/3f564c3e-2811-4e69-ab48-21a31c6bc464
2023-05-05 09:13:00,308 [pool-932-thread-1] INFO  server.RaftServerConfigKeys (ConfUtils.java:logGet(46)) - raft.server.log.queue.byte-limit = 4294967296 (custom)
2023-05-05 09:13:00,309 [pool-932-thread-1] INFO  server.RaftServerConfigKeys (ConfUtils.java:logGet(46)) - raft.server.log.queue.element-limit = 1024 (custom)
2023-05-05 09:13:00,309 [pool-932-thread-1] INFO  server.RaftServerConfigKeys (ConfUtils.java:logGet(46)) - raft.server.log.segment.size.max = 1048576 (custom)
2023-05-05 09:13:00,309 [pool-932-thread-1] INFO  server.RaftServerConfigKeys (ConfUtils.java:logGet(46)) - raft.server.log.preallocated.size = 16384 (custom)
2023-05-05 09:13:00,309 [pool-932-thread-1] INFO  server.RaftServerConfigKeys (ConfUtils.java:logGet(46)) - raft.server.log.force.sync.num = 128 (default)
2023-05-05 09:13:00,309 [pool-932-thread-1] INFO  server.RaftServerConfigKeys (ConfUtils.java:logGet(46)) - raft.server.log.statemachine.data.sync = true (default)
2023-05-05 09:13:00,310 [EventQueue-OpenPipelineForHealthyPipelineSafeModeRule] INFO  safemode.SCMSafeModeManager (HealthyPipelineSafeModeRule.java:process(137)) - SCM in safe mode. Healthy pipelines reported count is 0, required healthy pipeline reported count is 1
2023-05-05 09:13:00,311 [pool-932-thread-1] INFO  server.RaftServerConfigKeys (ConfUtils.java:logGet(46)) - raft.server.log.statemachine.data.sync.timeout = 10s (default)
2023-05-05 09:13:00,311 [pool-932-thread-1] INFO  server.RaftServerConfigKeys (ConfUtils.java:logGet(46)) - raft.server.log.statemachine.data.sync.timeout.retry = -1 (default)
2023-05-05 09:13:00,311 [pool-932-thread-1] INFO  server.RaftServerConfigKeys (ConfUtils.java:logGet(46)) - raft.server.log.write.buffer.size = 1048576 (custom)
2023-05-05 09:13:00,312 [pool-932-thread-1] INFO  server.RaftServerConfigKeys (ConfUtils.java:logGet(46)) - raft.server.log.appender.buffer.byte-limit = 33554432 (custom)
2023-05-05 09:13:00,317 [pool-932-thread-1] INFO  server.RaftServerConfigKeys (ConfUtils.java:logGet(46)) - raft.server.log.unsafe-flush.enabled = false (default)
2023-05-05 09:13:00,317 [pool-932-thread-1] INFO  server.RaftServerConfigKeys (ConfUtils.java:logGet(46)) - raft.server.log.async-flush.enabled = false (default)
2023-05-05 09:13:00,317 [pool-932-thread-1] INFO  server.RaftServerConfigKeys (ConfUtils.java:logGet(46)) - raft.server.log.statemachine.data.caching.enabled = true (custom)
2023-05-05 09:13:00,317 [pool-932-thread-1] INFO  segmented.SegmentedRaftLogWorker (SegmentedRaftLogWorker.java:lambda$new$0(135)) - 01ec52f5-41b6-49aa-a875-886c0181af90@group-21A31C6BC464-SegmentedRaftLogWorker: flushIndex: setUnconditionally 0 -> -1
2023-05-05 09:13:00,317 [pool-932-thread-1] INFO  segmented.SegmentedRaftLogWorker (SegmentedRaftLogWorker.java:lambda$new$0(135)) - 01ec52f5-41b6-49aa-a875-886c0181af90@group-21A31C6BC464-SegmentedRaftLogWorker: safeCacheEvictIndex: setUnconditionally 0 -> -1
2023-05-05 09:13:00,317 [pool-932-thread-1] INFO  server.RaftServer$Division (RaftServerImpl.java:start(334)) - 01ec52f5-41b6-49aa-a875-886c0181af90@group-21A31C6BC464: start as a follower, conf=-1: peers:[f85e0dcc-39ca-49ef-85c9-6c51f48e3333|rpc:10.1.0.42:39217|dataStream:10.1.0.42:32803|priority:0|startupRole:FOLLOWER, 01ec52f5-41b6-49aa-a875-886c0181af90|rpc:10.1.0.42:34459|dataStream:10.1.0.42:41675|priority:0|startupRole:FOLLOWER, 88416288-d81a-4caa-b0be-4bb91378dc06|rpc:10.1.0.42:43207|dataStream:10.1.0.42:38003|priority:1|startupRole:FOLLOWER]|listeners:[], old=null
2023-05-05 09:13:00,317 [pool-932-thread-1] INFO  server.RaftServer$Division (RaftServerImpl.java:setRole(321)) - 01ec52f5-41b6-49aa-a875-886c0181af90@group-21A31C6BC464: changes role from      null to FOLLOWER at term 0 for startAsFollower
2023-05-05 09:13:00,317 [pool-932-thread-1] INFO  impl.RoleInfo (RoleInfo.java:updateAndGet(139)) - 01ec52f5-41b6-49aa-a875-886c0181af90: start 01ec52f5-41b6-49aa-a875-886c0181af90@group-21A31C6BC464-FollowerState
2023-05-05 09:13:00,318 [01ec52f5-41b6-49aa-a875-886c0181af90@group-21A31C6BC464-FollowerState] INFO  server.RaftServerConfigKeys (ConfUtils.java:logFallback(53)) - raft.server.rpc.first-election.timeout.min = 5s (fallback to raft.server.rpc.timeout.min)
2023-05-05 09:13:00,318 [pool-932-thread-1] INFO  util.JmxRegister (JmxRegister.java:tryRegister(44)) - Successfully registered JMX Bean with object name Ratis:service=RaftServer,group=group-21A31C6BC464,id=01ec52f5-41b6-49aa-a875-886c0181af90
2023-05-05 09:13:00,318 [01ec52f5-41b6-49aa-a875-886c0181af90@group-21A31C6BC464-FollowerState] INFO  server.RaftServerConfigKeys (ConfUtils.java:logFallback(53)) - raft.server.rpc.first-election.timeout.max = 5200ms (fallback to raft.server.rpc.timeout.max)
2023-05-05 09:13:00,318 [pool-932-thread-1] INFO  server.RaftServerConfigKeys (ConfUtils.java:logGet(46)) - raft.server.snapshot.auto.trigger.enabled = true (custom)
2023-05-05 09:13:00,318 [pool-932-thread-1] INFO  server.RaftServerConfigKeys (ConfUtils.java:logGet(46)) - raft.server.snapshot.auto.trigger.threshold = 10000 (custom)
2023-05-05 09:13:00,318 [pool-932-thread-1] INFO  server.RaftServerConfigKeys (ConfUtils.java:logGet(46)) - raft.server.snapshot.retention.file.num = 5 (custom)
2023-05-05 09:13:00,318 [pool-932-thread-1] INFO  server.RaftServerConfigKeys (ConfUtils.java:logGet(46)) - raft.server.log.purge.upto.snapshot.index = false (default)
2023-05-05 09:13:00,319 [Command processor thread] INFO  ratis.XceiverServerRatis (XceiverServerRatis.java:addGroup(806)) - Created group PipelineID=3f564c3e-2811-4e69-ab48-21a31c6bc464
2023-05-05 09:13:00,331 [grpc-default-executor-0] INFO  server.RaftServer (RaftServerProxy.java:addNew(96)) - 88416288-d81a-4caa-b0be-4bb91378dc06: addNew group-21A31C6BC464:[f85e0dcc-39ca-49ef-85c9-6c51f48e3333|rpc:10.1.0.42:39217|dataStream:10.1.0.42:32803|priority:0|startupRole:FOLLOWER, 01ec52f5-41b6-49aa-a875-886c0181af90|rpc:10.1.0.42:34459|dataStream:10.1.0.42:41675|priority:0|startupRole:FOLLOWER, 88416288-d81a-4caa-b0be-4bb91378dc06|rpc:10.1.0.42:43207|dataStream:10.1.0.42:38003|priority:1|startupRole:FOLLOWER] returns group-21A31C6BC464:java.util.concurrent.CompletableFuture@3979f29e[Not completed]
2023-05-05 09:13:00,334 [pool-954-thread-1] INFO  server.RaftServer$Division (RaftServerImpl.java:<init>(195)) - 88416288-d81a-4caa-b0be-4bb91378dc06: new RaftServerImpl for group-21A31C6BC464:[f85e0dcc-39ca-49ef-85c9-6c51f48e3333|rpc:10.1.0.42:39217|dataStream:10.1.0.42:32803|priority:0|startupRole:FOLLOWER, 01ec52f5-41b6-49aa-a875-886c0181af90|rpc:10.1.0.42:34459|dataStream:10.1.0.42:41675|priority:0|startupRole:FOLLOWER, 88416288-d81a-4caa-b0be-4bb91378dc06|rpc:10.1.0.42:43207|dataStream:10.1.0.42:38003|priority:1|startupRole:FOLLOWER] with ContainerStateMachine:uninitialized
2023-05-05 09:13:00,334 [pool-954-thread-1] INFO  server.RaftServerConfigKeys (ConfUtils.java:logGet(46)) - raft.server.rpc.timeout.min = 5s (custom)
2023-05-05 09:13:00,334 [pool-954-thread-1] INFO  server.RaftServerConfigKeys (ConfUtils.java:logGet(46)) - raft.server.rpc.timeout.max = 5200ms (custom)
2023-05-05 09:13:00,335 [pool-954-thread-1] INFO  server.RaftServerConfigKeys (ConfUtils.java:logGet(46)) - raft.server.rpc.sleep.time = 25ms (default)
2023-05-05 09:13:00,335 [pool-954-thread-1] INFO  server.RaftServerConfigKeys (ConfUtils.java:logGet(46)) - raft.server.rpc.slowness.timeout = 300s (custom)
2023-05-05 09:13:00,335 [pool-954-thread-1] INFO  server.RaftServerConfigKeys (ConfUtils.java:logGet(46)) - raft.server.leaderelection.leader.step-down.wait-time = 10s (default)
2023-05-05 09:13:00,335 [pool-954-thread-1] INFO  server.RaftServerConfigKeys (ConfUtils.java:logGet(46)) - raft.server.sleep.deviation.threshold = 300ms (default)
2023-05-05 09:13:00,335 [pool-954-thread-1] INFO  server.RaftServer$Division (ServerState.java:<init>(118)) - 88416288-d81a-4caa-b0be-4bb91378dc06@group-21A31C6BC464: ConfigurationManager, init=-1: peers:[f85e0dcc-39ca-49ef-85c9-6c51f48e3333|rpc:10.1.0.42:39217|dataStream:10.1.0.42:32803|priority:0|startupRole:FOLLOWER, 01ec52f5-41b6-49aa-a875-886c0181af90|rpc:10.1.0.42:34459|dataStream:10.1.0.42:41675|priority:0|startupRole:FOLLOWER, 88416288-d81a-4caa-b0be-4bb91378dc06|rpc:10.1.0.42:43207|dataStream:10.1.0.42:38003|priority:1|startupRole:FOLLOWER]|listeners:[], old=null, confs=<EMPTY_MAP>
2023-05-05 09:13:00,335 [pool-954-thread-1] INFO  server.RaftServerConfigKeys (ConfUtils.java:logGet(46)) - raft.server.storage.dir = [/home/runner/work/ozone/ozone/hadoop-ozone/integration-test/target/test-dir/MiniOzoneClusterImpl-44598e80-008f-49ac-96a9-a666e849b629/datanode-1/data/ratis] (custom)
2023-05-05 09:13:00,335 [pool-954-thread-1] INFO  server.RaftServerConfigKeys (ConfUtils.java:logGet(46)) - raft.server.log.corruption.policy = EXCEPTION (default)
2023-05-05 09:13:00,335 [pool-954-thread-1] INFO  server.RaftServerConfigKeys (ConfUtils.java:logGet(46)) - raft.server.storage.free-space.min = 0MB (=0) (default)
2023-05-05 09:13:00,335 [pool-954-thread-1] INFO  server.RaftServerConfigKeys (ConfUtils.java:logGet(46)) - raft.server.notification.no-leader.timeout = 300s (custom)
2023-05-05 09:13:00,335 [pool-954-thread-1] INFO  server.RaftServerConfigKeys (ConfUtils.java:logGet(46)) - raft.server.retrycache.expirytime = 600000ms (custom)
2023-05-05 09:13:00,335 [pool-954-thread-1] INFO  server.RaftServerConfigKeys (ConfUtils.java:logGet(46)) - raft.server.retrycache.statistics.expirytime = 100μs (default)
2023-05-05 09:13:00,336 [pool-954-thread-1] INFO  server.RaftServerConfigKeys (ConfUtils.java:logGet(46)) - raft.server.log.appender.install.snapshot.enabled = false (custom)
2023-05-05 09:13:00,336 [pool-954-thread-1] INFO  server.RaftServerConfigKeys (ConfUtils.java:logGet(46)) - raft.server.threadpool.server.cached = true (default)
2023-05-05 09:13:00,336 [pool-954-thread-1] INFO  server.RaftServerConfigKeys (ConfUtils.java:logGet(46)) - raft.server.threadpool.server.size = 0 (default)
2023-05-05 09:13:00,336 [pool-954-thread-1] INFO  server.RaftServerConfigKeys (ConfUtils.java:logGet(46)) - raft.server.threadpool.client.cached = true (default)
2023-05-05 09:13:00,336 [pool-954-thread-1] INFO  server.RaftServerConfigKeys (ConfUtils.java:logGet(46)) - raft.server.threadpool.client.size = 0 (default)
2023-05-05 09:13:00,337 [pool-954-thread-1] INFO  storage.RaftStorageDirectory (RaftStorageDirectoryImpl.java:analyzeStorage(137)) - The storage directory /home/runner/work/ozone/ozone/hadoop-ozone/integration-test/target/test-dir/MiniOzoneClusterImpl-44598e80-008f-49ac-96a9-a666e849b629/datanode-1/data/ratis/3f564c3e-2811-4e69-ab48-21a31c6bc464 does not exist. Creating ...
2023-05-05 09:13:00,338 [pool-954-thread-1] INFO  storage.RaftStorageDirectory (RaftStorageDirectoryImpl.java:tryLock(231)) - Lock on /home/runner/work/ozone/ozone/hadoop-ozone/integration-test/target/test-dir/MiniOzoneClusterImpl-44598e80-008f-49ac-96a9-a666e849b629/datanode-1/data/ratis/3f564c3e-2811-4e69-ab48-21a31c6bc464/in_use.lock acquired by nodename 7812@fv-az152-207
2023-05-05 09:13:00,339 [pool-954-thread-1] INFO  storage.RaftStorage (RaftStorageImpl.java:format(96)) - Storage directory /home/runner/work/ozone/ozone/hadoop-ozone/integration-test/target/test-dir/MiniOzoneClusterImpl-44598e80-008f-49ac-96a9-a666e849b629/datanode-1/data/ratis/3f564c3e-2811-4e69-ab48-21a31c6bc464 has been successfully formatted.
2023-05-05 09:13:00,340 [pool-954-thread-1] INFO  ratis.ContainerStateMachine (ContainerStateMachine.java:loadSnapshot(262)) - group-21A31C6BC464: The snapshot info is null. Setting the last applied indexto:(t:0, i:~)
2023-05-05 09:13:00,340 [pool-954-thread-1] INFO  server.RaftServerConfigKeys (ConfUtils.java:logGet(46)) - raft.server.log.use.memory = false (default)
2023-05-05 09:13:00,340 [pool-954-thread-1] INFO  server.RaftServerConfigKeys (ConfUtils.java:logGet(46)) - raft.server.log.purge.gap = 1000000 (custom)
2023-05-05 09:13:00,340 [pool-954-thread-1] INFO  server.RaftServerConfigKeys (ConfUtils.java:logGet(46)) - raft.server.log.appender.buffer.byte-limit = 33554432 (custom)
2023-05-05 09:13:00,340 [pool-954-thread-1] INFO  server.RaftServerConfigKeys (ConfUtils.java:logGet(46)) - raft.server.log.statemachine.data.read.timeout = 1000ms (default)
2023-05-05 09:13:00,340 [pool-954-thread-1] INFO  server.RaftServerConfigKeys (ConfUtils.java:logGet(46)) - raft.server.log.purge.preservation.log.num = 0 (default)
2023-05-05 09:13:00,340 [pool-954-thread-1] INFO  server.RaftServerConfigKeys (ConfUtils.java:logGet(46)) - raft.server.log.segment.size.max = 1048576 (custom)
2023-05-05 09:13:00,340 [pool-954-thread-1] INFO  server.RaftServerConfigKeys (ConfUtils.java:logGet(46)) - raft.server.log.segment.cache.num.max = 2 (custom)
2023-05-05 09:13:00,340 [pool-954-thread-1] INFO  server.RaftServerConfigKeys (ConfUtils.java:logGet(46)) - raft.server.log.segment.cache.size.max = 200MB (=209715200) (default)
2023-05-05 09:13:00,341 [pool-954-thread-1] INFO  segmented.SegmentedRaftLogWorker (SegmentedRaftLogWorker.java:<init>(189)) - new 88416288-d81a-4caa-b0be-4bb91378dc06@group-21A31C6BC464-SegmentedRaftLogWorker for RaftStorageImpl:Storage Directory /home/runner/work/ozone/ozone/hadoop-ozone/integration-test/target/test-dir/MiniOzoneClusterImpl-44598e80-008f-49ac-96a9-a666e849b629/datanode-1/data/ratis/3f564c3e-2811-4e69-ab48-21a31c6bc464
2023-05-05 09:13:00,341 [pool-954-thread-1] INFO  server.RaftServerConfigKeys (ConfUtils.java:logGet(46)) - raft.server.log.queue.byte-limit = 4294967296 (custom)
2023-05-05 09:13:00,341 [pool-954-thread-1] INFO  server.RaftServerConfigKeys (ConfUtils.java:logGet(46)) - raft.server.log.queue.element-limit = 1024 (custom)
2023-05-05 09:13:00,341 [pool-954-thread-1] INFO  server.RaftServerConfigKeys (ConfUtils.java:logGet(46)) - raft.server.log.segment.size.max = 1048576 (custom)
2023-05-05 09:13:00,341 [pool-954-thread-1] INFO  server.RaftServerConfigKeys (ConfUtils.java:logGet(46)) - raft.server.log.preallocated.size = 16384 (custom)
2023-05-05 09:13:00,341 [pool-954-thread-1] INFO  server.RaftServerConfigKeys (ConfUtils.java:logGet(46)) - raft.server.log.force.sync.num = 128 (default)
2023-05-05 09:13:00,341 [pool-954-thread-1] INFO  server.RaftServerConfigKeys (ConfUtils.java:logGet(46)) - raft.server.log.statemachine.data.sync = true (default)
2023-05-05 09:13:00,341 [pool-954-thread-1] INFO  server.RaftServerConfigKeys (ConfUtils.java:logGet(46)) - raft.server.log.statemachine.data.sync.timeout = 10s (default)
2023-05-05 09:13:00,341 [pool-954-thread-1] INFO  server.RaftServerConfigKeys (ConfUtils.java:logGet(46)) - raft.server.log.statemachine.data.sync.timeout.retry = -1 (default)
2023-05-05 09:13:00,341 [pool-954-thread-1] INFO  server.RaftServerConfigKeys (ConfUtils.java:logGet(46)) - raft.server.log.write.buffer.size = 1048576 (custom)
2023-05-05 09:13:00,342 [pool-954-thread-1] INFO  server.RaftServerConfigKeys (ConfUtils.java:logGet(46)) - raft.server.log.appender.buffer.byte-limit = 33554432 (custom)
2023-05-05 09:13:00,347 [pool-954-thread-1] INFO  server.RaftServerConfigKeys (ConfUtils.java:logGet(46)) - raft.server.log.unsafe-flush.enabled = false (default)
2023-05-05 09:13:00,347 [pool-954-thread-1] INFO  server.RaftServerConfigKeys (ConfUtils.java:logGet(46)) - raft.server.log.async-flush.enabled = false (default)
2023-05-05 09:13:00,347 [pool-954-thread-1] INFO  server.RaftServerConfigKeys (ConfUtils.java:logGet(46)) - raft.server.log.statemachine.data.caching.enabled = true (custom)
2023-05-05 09:13:00,347 [pool-954-thread-1] INFO  segmented.SegmentedRaftLogWorker (SegmentedRaftLogWorker.java:lambda$new$0(135)) - 88416288-d81a-4caa-b0be-4bb91378dc06@group-21A31C6BC464-SegmentedRaftLogWorker: flushIndex: setUnconditionally 0 -> -1
2023-05-05 09:13:00,347 [pool-954-thread-1] INFO  segmented.SegmentedRaftLogWorker (SegmentedRaftLogWorker.java:lambda$new$0(135)) - 88416288-d81a-4caa-b0be-4bb91378dc06@group-21A31C6BC464-SegmentedRaftLogWorker: safeCacheEvictIndex: setUnconditionally 0 -> -1
2023-05-05 09:13:00,347 [pool-954-thread-1] INFO  server.RaftServer$Division (RaftServerImpl.java:start(334)) - 88416288-d81a-4caa-b0be-4bb91378dc06@group-21A31C6BC464: start as a follower, conf=-1: peers:[f85e0dcc-39ca-49ef-85c9-6c51f48e3333|rpc:10.1.0.42:39217|dataStream:10.1.0.42:32803|priority:0|startupRole:FOLLOWER, 01ec52f5-41b6-49aa-a875-886c0181af90|rpc:10.1.0.42:34459|dataStream:10.1.0.42:41675|priority:0|startupRole:FOLLOWER, 88416288-d81a-4caa-b0be-4bb91378dc06|rpc:10.1.0.42:43207|dataStream:10.1.0.42:38003|priority:1|startupRole:FOLLOWER]|listeners:[], old=null
2023-05-05 09:13:00,347 [pool-954-thread-1] INFO  server.RaftServer$Division (RaftServerImpl.java:setRole(321)) - 88416288-d81a-4caa-b0be-4bb91378dc06@group-21A31C6BC464: changes role from      null to FOLLOWER at term 0 for startAsFollower
2023-05-05 09:13:00,347 [pool-954-thread-1] INFO  impl.RoleInfo (RoleInfo.java:updateAndGet(139)) - 88416288-d81a-4caa-b0be-4bb91378dc06: start 88416288-d81a-4caa-b0be-4bb91378dc06@group-21A31C6BC464-FollowerState
2023-05-05 09:13:00,351 [pool-954-thread-1] INFO  util.JmxRegister (JmxRegister.java:tryRegister(44)) - Successfully registered JMX Bean with object name Ratis:service=RaftServer,group=group-21A31C6BC464,id=88416288-d81a-4caa-b0be-4bb91378dc06
2023-05-05 09:13:00,351 [88416288-d81a-4caa-b0be-4bb91378dc06@group-21A31C6BC464-FollowerState] INFO  server.RaftServerConfigKeys (ConfUtils.java:logFallback(53)) - raft.server.rpc.first-election.timeout.min = 5s (fallback to raft.server.rpc.timeout.min)
2023-05-05 09:13:00,351 [pool-954-thread-1] INFO  server.RaftServerConfigKeys (ConfUtils.java:logGet(46)) - raft.server.snapshot.auto.trigger.enabled = true (custom)
2023-05-05 09:13:00,351 [88416288-d81a-4caa-b0be-4bb91378dc06@group-21A31C6BC464-FollowerState] INFO  server.RaftServerConfigKeys (ConfUtils.java:logFallback(53)) - raft.server.rpc.first-election.timeout.max = 5200ms (fallback to raft.server.rpc.timeout.max)
2023-05-05 09:13:00,351 [pool-954-thread-1] INFO  server.RaftServerConfigKeys (ConfUtils.java:logGet(46)) - raft.server.snapshot.auto.trigger.threshold = 10000 (custom)
2023-05-05 09:13:00,351 [pool-954-thread-1] INFO  server.RaftServerConfigKeys (ConfUtils.java:logGet(46)) - raft.server.snapshot.retention.file.num = 5 (custom)
2023-05-05 09:13:00,351 [pool-954-thread-1] INFO  server.RaftServerConfigKeys (ConfUtils.java:logGet(46)) - raft.server.log.purge.upto.snapshot.index = false (default)
2023-05-05 09:13:00,374 [grpc-default-executor-0] INFO  server.RaftServer (RaftServerProxy.java:addNew(96)) - f85e0dcc-39ca-49ef-85c9-6c51f48e3333: addNew group-21A31C6BC464:[f85e0dcc-39ca-49ef-85c9-6c51f48e3333|rpc:10.1.0.42:39217|dataStream:10.1.0.42:32803|priority:0|startupRole:FOLLOWER, 01ec52f5-41b6-49aa-a875-886c0181af90|rpc:10.1.0.42:34459|dataStream:10.1.0.42:41675|priority:0|startupRole:FOLLOWER, 88416288-d81a-4caa-b0be-4bb91378dc06|rpc:10.1.0.42:43207|dataStream:10.1.0.42:38003|priority:1|startupRole:FOLLOWER] returns group-21A31C6BC464:java.util.concurrent.CompletableFuture@21e9901c[Not completed]
2023-05-05 09:13:00,375 [pool-976-thread-1] INFO  server.RaftServer$Division (RaftServerImpl.java:<init>(195)) - f85e0dcc-39ca-49ef-85c9-6c51f48e3333: new RaftServerImpl for group-21A31C6BC464:[f85e0dcc-39ca-49ef-85c9-6c51f48e3333|rpc:10.1.0.42:39217|dataStream:10.1.0.42:32803|priority:0|startupRole:FOLLOWER, 01ec52f5-41b6-49aa-a875-886c0181af90|rpc:10.1.0.42:34459|dataStream:10.1.0.42:41675|priority:0|startupRole:FOLLOWER, 88416288-d81a-4caa-b0be-4bb91378dc06|rpc:10.1.0.42:43207|dataStream:10.1.0.42:38003|priority:1|startupRole:FOLLOWER] with ContainerStateMachine:uninitialized
2023-05-05 09:13:00,376 [pool-976-thread-1] INFO  server.RaftServerConfigKeys (ConfUtils.java:logGet(46)) - raft.server.rpc.timeout.min = 5s (custom)
2023-05-05 09:13:00,376 [pool-976-thread-1] INFO  server.RaftServerConfigKeys (ConfUtils.java:logGet(46)) - raft.server.rpc.timeout.max = 5200ms (custom)
2023-05-05 09:13:00,376 [pool-976-thread-1] INFO  server.RaftServerConfigKeys (ConfUtils.java:logGet(46)) - raft.server.rpc.sleep.time = 25ms (default)
2023-05-05 09:13:00,376 [pool-976-thread-1] INFO  server.RaftServerConfigKeys (ConfUtils.java:logGet(46)) - raft.server.rpc.slowness.timeout = 300s (custom)
2023-05-05 09:13:00,376 [pool-976-thread-1] INFO  server.RaftServerConfigKeys (ConfUtils.java:logGet(46)) - raft.server.leaderelection.leader.step-down.wait-time = 10s (default)
2023-05-05 09:13:00,376 [pool-976-thread-1] INFO  server.RaftServerConfigKeys (ConfUtils.java:logGet(46)) - raft.server.sleep.deviation.threshold = 300ms (default)
2023-05-05 09:13:00,376 [pool-976-thread-1] INFO  server.RaftServer$Division (ServerState.java:<init>(118)) - f85e0dcc-39ca-49ef-85c9-6c51f48e3333@group-21A31C6BC464: ConfigurationManager, init=-1: peers:[f85e0dcc-39ca-49ef-85c9-6c51f48e3333|rpc:10.1.0.42:39217|dataStream:10.1.0.42:32803|priority:0|startupRole:FOLLOWER, 01ec52f5-41b6-49aa-a875-886c0181af90|rpc:10.1.0.42:34459|dataStream:10.1.0.42:41675|priority:0|startupRole:FOLLOWER, 88416288-d81a-4caa-b0be-4bb91378dc06|rpc:10.1.0.42:43207|dataStream:10.1.0.42:38003|priority:1|startupRole:FOLLOWER]|listeners:[], old=null, confs=<EMPTY_MAP>
2023-05-05 09:13:00,376 [pool-976-thread-1] INFO  server.RaftServerConfigKeys (ConfUtils.java:logGet(46)) - raft.server.storage.dir = [/home/runner/work/ozone/ozone/hadoop-ozone/integration-test/target/test-dir/MiniOzoneClusterImpl-44598e80-008f-49ac-96a9-a666e849b629/datanode-2/data/ratis] (custom)
2023-05-05 09:13:00,376 [pool-976-thread-1] INFO  server.RaftServerConfigKeys (ConfUtils.java:logGet(46)) - raft.server.log.corruption.policy = EXCEPTION (default)
2023-05-05 09:13:00,376 [pool-976-thread-1] INFO  server.RaftServerConfigKeys (ConfUtils.java:logGet(46)) - raft.server.storage.free-space.min = 0MB (=0) (default)
2023-05-05 09:13:00,376 [pool-976-thread-1] INFO  server.RaftServerConfigKeys (ConfUtils.java:logGet(46)) - raft.server.notification.no-leader.timeout = 300s (custom)
2023-05-05 09:13:00,376 [pool-976-thread-1] INFO  server.RaftServerConfigKeys (ConfUtils.java:logGet(46)) - raft.server.retrycache.expirytime = 600000ms (custom)
2023-05-05 09:13:00,376 [pool-976-thread-1] INFO  server.RaftServerConfigKeys (ConfUtils.java:logGet(46)) - raft.server.retrycache.statistics.expirytime = 100μs (default)
2023-05-05 09:13:00,377 [pool-976-thread-1] INFO  server.RaftServerConfigKeys (ConfUtils.java:logGet(46)) - raft.server.log.appender.install.snapshot.enabled = false (custom)
2023-05-05 09:13:00,377 [pool-976-thread-1] INFO  server.RaftServerConfigKeys (ConfUtils.java:logGet(46)) - raft.server.threadpool.server.cached = true (default)
2023-05-05 09:13:00,377 [pool-976-thread-1] INFO  server.RaftServerConfigKeys (ConfUtils.java:logGet(46)) - raft.server.threadpool.server.size = 0 (default)
2023-05-05 09:13:00,377 [pool-976-thread-1] INFO  server.RaftServerConfigKeys (ConfUtils.java:logGet(46)) - raft.server.threadpool.client.cached = true (default)
2023-05-05 09:13:00,377 [pool-976-thread-1] INFO  server.RaftServerConfigKeys (ConfUtils.java:logGet(46)) - raft.server.threadpool.client.size = 0 (default)
2023-05-05 09:13:00,377 [pool-976-thread-1] INFO  storage.RaftStorageDirectory (RaftStorageDirectoryImpl.java:analyzeStorage(137)) - The storage directory /home/runner/work/ozone/ozone/hadoop-ozone/integration-test/target/test-dir/MiniOzoneClusterImpl-44598e80-008f-49ac-96a9-a666e849b629/datanode-2/data/ratis/3f564c3e-2811-4e69-ab48-21a31c6bc464 does not exist. Creating ...
2023-05-05 09:13:00,379 [pool-976-thread-1] INFO  storage.RaftStorageDirectory (RaftStorageDirectoryImpl.java:tryLock(231)) - Lock on /home/runner/work/ozone/ozone/hadoop-ozone/integration-test/target/test-dir/MiniOzoneClusterImpl-44598e80-008f-49ac-96a9-a666e849b629/datanode-2/data/ratis/3f564c3e-2811-4e69-ab48-21a31c6bc464/in_use.lock acquired by nodename 7812@fv-az152-207
2023-05-05 09:13:00,380 [pool-976-thread-1] INFO  storage.RaftStorage (RaftStorageImpl.java:format(96)) - Storage directory /home/runner/work/ozone/ozone/hadoop-ozone/integration-test/target/test-dir/MiniOzoneClusterImpl-44598e80-008f-49ac-96a9-a666e849b629/datanode-2/data/ratis/3f564c3e-2811-4e69-ab48-21a31c6bc464 has been successfully formatted.
2023-05-05 09:13:00,381 [pool-976-thread-1] INFO  ratis.ContainerStateMachine (ContainerStateMachine.java:loadSnapshot(262)) - group-21A31C6BC464: The snapshot info is null. Setting the last applied indexto:(t:0, i:~)
2023-05-05 09:13:00,381 [pool-976-thread-1] INFO  server.RaftServerConfigKeys (ConfUtils.java:logGet(46)) - raft.server.log.use.memory = false (default)
2023-05-05 09:13:00,382 [pool-976-thread-1] INFO  server.RaftServerConfigKeys (ConfUtils.java:logGet(46)) - raft.server.log.purge.gap = 1000000 (custom)
2023-05-05 09:13:00,382 [pool-976-thread-1] INFO  server.RaftServerConfigKeys (ConfUtils.java:logGet(46)) - raft.server.log.appender.buffer.byte-limit = 33554432 (custom)
2023-05-05 09:13:00,383 [pool-976-thread-1] INFO  server.RaftServerConfigKeys (ConfUtils.java:logGet(46)) - raft.server.log.statemachine.data.read.timeout = 1000ms (default)
2023-05-05 09:13:00,383 [pool-976-thread-1] INFO  server.RaftServerConfigKeys (ConfUtils.java:logGet(46)) - raft.server.log.purge.preservation.log.num = 0 (default)
2023-05-05 09:13:00,383 [pool-976-thread-1] INFO  server.RaftServerConfigKeys (ConfUtils.java:logGet(46)) - raft.server.log.segment.size.max = 1048576 (custom)
2023-05-05 09:13:00,383 [pool-976-thread-1] INFO  server.RaftServerConfigKeys (ConfUtils.java:logGet(46)) - raft.server.log.segment.cache.num.max = 2 (custom)
2023-05-05 09:13:00,383 [pool-976-thread-1] INFO  server.RaftServerConfigKeys (ConfUtils.java:logGet(46)) - raft.server.log.segment.cache.size.max = 200MB (=209715200) (default)
2023-05-05 09:13:00,383 [pool-976-thread-1] INFO  segmented.SegmentedRaftLogWorker (SegmentedRaftLogWorker.java:<init>(189)) - new f85e0dcc-39ca-49ef-85c9-6c51f48e3333@group-21A31C6BC464-SegmentedRaftLogWorker for RaftStorageImpl:Storage Directory /home/runner/work/ozone/ozone/hadoop-ozone/integration-test/target/test-dir/MiniOzoneClusterImpl-44598e80-008f-49ac-96a9-a666e849b629/datanode-2/data/ratis/3f564c3e-2811-4e69-ab48-21a31c6bc464
2023-05-05 09:13:00,383 [pool-976-thread-1] INFO  server.RaftServerConfigKeys (ConfUtils.java:logGet(46)) - raft.server.log.queue.byte-limit = 4294967296 (custom)
2023-05-05 09:13:00,383 [pool-976-thread-1] INFO  server.RaftServerConfigKeys (ConfUtils.java:logGet(46)) - raft.server.log.queue.element-limit = 1024 (custom)
2023-05-05 09:13:00,383 [pool-976-thread-1] INFO  server.RaftServerConfigKeys (ConfUtils.java:logGet(46)) - raft.server.log.segment.size.max = 1048576 (custom)
2023-05-05 09:13:00,383 [pool-976-thread-1] INFO  server.RaftServerConfigKeys (ConfUtils.java:logGet(46)) - raft.server.log.preallocated.size = 16384 (custom)
2023-05-05 09:13:00,383 [pool-976-thread-1] INFO  server.RaftServerConfigKeys (ConfUtils.java:logGet(46)) - raft.server.log.force.sync.num = 128 (default)
2023-05-05 09:13:00,383 [pool-976-thread-1] INFO  server.RaftServerConfigKeys (ConfUtils.java:logGet(46)) - raft.server.log.statemachine.data.sync = true (default)
2023-05-05 09:13:00,383 [pool-976-thread-1] INFO  server.RaftServerConfigKeys (ConfUtils.java:logGet(46)) - raft.server.log.statemachine.data.sync.timeout = 10s (default)
2023-05-05 09:13:00,383 [pool-976-thread-1] INFO  server.RaftServerConfigKeys (ConfUtils.java:logGet(46)) - raft.server.log.statemachine.data.sync.timeout.retry = -1 (default)
2023-05-05 09:13:00,384 [pool-976-thread-1] INFO  server.RaftServerConfigKeys (ConfUtils.java:logGet(46)) - raft.server.log.write.buffer.size = 1048576 (custom)
2023-05-05 09:13:00,384 [pool-976-thread-1] INFO  server.RaftServerConfigKeys (ConfUtils.java:logGet(46)) - raft.server.log.appender.buffer.byte-limit = 33554432 (custom)
2023-05-05 09:13:00,391 [pool-976-thread-1] INFO  server.RaftServerConfigKeys (ConfUtils.java:logGet(46)) - raft.server.log.unsafe-flush.enabled = false (default)
2023-05-05 09:13:00,391 [pool-976-thread-1] INFO  server.RaftServerConfigKeys (ConfUtils.java:logGet(46)) - raft.server.log.async-flush.enabled = false (default)
2023-05-05 09:13:00,391 [pool-976-thread-1] INFO  server.RaftServerConfigKeys (ConfUtils.java:logGet(46)) - raft.server.log.statemachine.data.caching.enabled = true (custom)
2023-05-05 09:13:00,392 [pool-976-thread-1] INFO  segmented.SegmentedRaftLogWorker (SegmentedRaftLogWorker.java:lambda$new$0(135)) - f85e0dcc-39ca-49ef-85c9-6c51f48e3333@group-21A31C6BC464-SegmentedRaftLogWorker: flushIndex: setUnconditionally 0 -> -1
2023-05-05 09:13:00,392 [pool-976-thread-1] INFO  segmented.SegmentedRaftLogWorker (SegmentedRaftLogWorker.java:lambda$new$0(135)) - f85e0dcc-39ca-49ef-85c9-6c51f48e3333@group-21A31C6BC464-SegmentedRaftLogWorker: safeCacheEvictIndex: setUnconditionally 0 -> -1
2023-05-05 09:13:00,393 [pool-976-thread-1] INFO  server.RaftServer$Division (RaftServerImpl.java:start(334)) - f85e0dcc-39ca-49ef-85c9-6c51f48e3333@group-21A31C6BC464: start as a follower, conf=-1: peers:[f85e0dcc-39ca-49ef-85c9-6c51f48e3333|rpc:10.1.0.42:39217|dataStream:10.1.0.42:32803|priority:0|startupRole:FOLLOWER, 01ec52f5-41b6-49aa-a875-886c0181af90|rpc:10.1.0.42:34459|dataStream:10.1.0.42:41675|priority:0|startupRole:FOLLOWER, 88416288-d81a-4caa-b0be-4bb91378dc06|rpc:10.1.0.42:43207|dataStream:10.1.0.42:38003|priority:1|startupRole:FOLLOWER]|listeners:[], old=null
2023-05-05 09:13:00,393 [pool-976-thread-1] INFO  server.RaftServer$Division (RaftServerImpl.java:setRole(321)) - f85e0dcc-39ca-49ef-85c9-6c51f48e3333@group-21A31C6BC464: changes role from      null to FOLLOWER at term 0 for startAsFollower
2023-05-05 09:13:00,393 [pool-976-thread-1] INFO  impl.RoleInfo (RoleInfo.java:updateAndGet(139)) - f85e0dcc-39ca-49ef-85c9-6c51f48e3333: start f85e0dcc-39ca-49ef-85c9-6c51f48e3333@group-21A31C6BC464-FollowerState
2023-05-05 09:13:00,394 [pool-976-thread-1] INFO  util.JmxRegister (JmxRegister.java:tryRegister(44)) - Successfully registered JMX Bean with object name Ratis:service=RaftServer,group=group-21A31C6BC464,id=f85e0dcc-39ca-49ef-85c9-6c51f48e3333
2023-05-05 09:13:00,394 [f85e0dcc-39ca-49ef-85c9-6c51f48e3333@group-21A31C6BC464-FollowerState] INFO  server.RaftServerConfigKeys (ConfUtils.java:logFallback(53)) - raft.server.rpc.first-election.timeout.min = 5s (fallback to raft.server.rpc.timeout.min)
2023-05-05 09:13:00,394 [pool-976-thread-1] INFO  server.RaftServerConfigKeys (ConfUtils.java:logGet(46)) - raft.server.snapshot.auto.trigger.enabled = true (custom)
2023-05-05 09:13:00,394 [f85e0dcc-39ca-49ef-85c9-6c51f48e3333@group-21A31C6BC464-FollowerState] INFO  server.RaftServerConfigKeys (ConfUtils.java:logFallback(53)) - raft.server.rpc.first-election.timeout.max = 5200ms (fallback to raft.server.rpc.timeout.max)
2023-05-05 09:13:00,394 [pool-976-thread-1] INFO  server.RaftServerConfigKeys (ConfUtils.java:logGet(46)) - raft.server.snapshot.auto.trigger.threshold = 10000 (custom)
2023-05-05 09:13:00,394 [pool-976-thread-1] INFO  server.RaftServerConfigKeys (ConfUtils.java:logGet(46)) - raft.server.snapshot.retention.file.num = 5 (custom)
2023-05-05 09:13:00,395 [pool-976-thread-1] INFO  server.RaftServerConfigKeys (ConfUtils.java:logGet(46)) - raft.server.log.purge.upto.snapshot.index = false (default)
2023-05-05 09:13:00,400 [Command processor thread] INFO  commandhandler.CreatePipelineCommandHandler (CreatePipelineCommandHandler.java:handle(113)) - Created Pipeline RATIS THREE PipelineID=3f564c3e-2811-4e69-ab48-21a31c6bc464.
2023-05-05 09:13:00,400 [Command processor thread] INFO  server.RaftServer (RaftServerProxy.java:addNew(96)) - 01ec52f5-41b6-49aa-a875-886c0181af90: addNew group-81C215923A5E:[f85e0dcc-39ca-49ef-85c9-6c51f48e3333|rpc:10.1.0.42:39217|dataStream:10.1.0.42:32803|priority:1|startupRole:FOLLOWER, 01ec52f5-41b6-49aa-a875-886c0181af90|rpc:10.1.0.42:34459|dataStream:10.1.0.42:41675|priority:0|startupRole:FOLLOWER, 88416288-d81a-4caa-b0be-4bb91378dc06|rpc:10.1.0.42:43207|dataStream:10.1.0.42:38003|priority:0|startupRole:FOLLOWER] returns group-81C215923A5E:java.util.concurrent.CompletableFuture@ef0197a[Not completed]
2023-05-05 09:13:00,401 [pool-932-thread-1] INFO  server.RaftServer$Division (RaftServerImpl.java:<init>(195)) - 01ec52f5-41b6-49aa-a875-886c0181af90: new RaftServerImpl for group-81C215923A5E:[f85e0dcc-39ca-49ef-85c9-6c51f48e3333|rpc:10.1.0.42:39217|dataStream:10.1.0.42:32803|priority:1|startupRole:FOLLOWER, 01ec52f5-41b6-49aa-a875-886c0181af90|rpc:10.1.0.42:34459|dataStream:10.1.0.42:41675|priority:0|startupRole:FOLLOWER, 88416288-d81a-4caa-b0be-4bb91378dc06|rpc:10.1.0.42:43207|dataStream:10.1.0.42:38003|priority:0|startupRole:FOLLOWER] with ContainerStateMachine:uninitialized
2023-05-05 09:13:00,401 [pool-932-thread-1] INFO  server.RaftServerConfigKeys (ConfUtils.java:logGet(46)) - raft.server.rpc.timeout.min = 5s (custom)
2023-05-05 09:13:00,401 [pool-932-thread-1] INFO  server.RaftServerConfigKeys (ConfUtils.java:logGet(46)) - raft.server.rpc.timeout.max = 5200ms (custom)
2023-05-05 09:13:00,401 [pool-932-thread-1] INFO  server.RaftServerConfigKeys (ConfUtils.java:logGet(46)) - raft.server.rpc.sleep.time = 25ms (default)
2023-05-05 09:13:00,401 [pool-932-thread-1] INFO  server.RaftServerConfigKeys (ConfUtils.java:logGet(46)) - raft.server.rpc.slowness.timeout = 300s (custom)
2023-05-05 09:13:00,401 [pool-932-thread-1] INFO  server.RaftServerConfigKeys (ConfUtils.java:logGet(46)) - raft.server.leaderelection.leader.step-down.wait-time = 10s (default)
2023-05-05 09:13:00,401 [pool-932-thread-1] INFO  server.RaftServerConfigKeys (ConfUtils.java:logGet(46)) - raft.server.sleep.deviation.threshold = 300ms (default)
2023-05-05 09:13:00,401 [pool-932-thread-1] INFO  server.RaftServer$Division (ServerState.java:<init>(118)) - 01ec52f5-41b6-49aa-a875-886c0181af90@group-81C215923A5E: ConfigurationManager, init=-1: peers:[f85e0dcc-39ca-49ef-85c9-6c51f48e3333|rpc:10.1.0.42:39217|dataStream:10.1.0.42:32803|priority:1|startupRole:FOLLOWER, 01ec52f5-41b6-49aa-a875-886c0181af90|rpc:10.1.0.42:34459|dataStream:10.1.0.42:41675|priority:0|startupRole:FOLLOWER, 88416288-d81a-4caa-b0be-4bb91378dc06|rpc:10.1.0.42:43207|dataStream:10.1.0.42:38003|priority:0|startupRole:FOLLOWER]|listeners:[], old=null, confs=<EMPTY_MAP>
2023-05-05 09:13:00,401 [pool-932-thread-1] INFO  server.RaftServerConfigKeys (ConfUtils.java:logGet(46)) - raft.server.storage.dir = [/home/runner/work/ozone/ozone/hadoop-ozone/integration-test/target/test-dir/MiniOzoneClusterImpl-44598e80-008f-49ac-96a9-a666e849b629/datanode-0/data/ratis] (custom)
2023-05-05 09:13:00,401 [pool-932-thread-1] INFO  server.RaftServerConfigKeys (ConfUtils.java:logGet(46)) - raft.server.log.corruption.policy = EXCEPTION (default)
2023-05-05 09:13:00,401 [pool-932-thread-1] INFO  server.RaftServerConfigKeys (ConfUtils.java:logGet(46)) - raft.server.storage.free-space.min = 0MB (=0) (default)
2023-05-05 09:13:00,401 [pool-932-thread-1] INFO  server.RaftServerConfigKeys (ConfUtils.java:logGet(46)) - raft.server.notification.no-leader.timeout = 300s (custom)
2023-05-05 09:13:00,401 [pool-932-thread-1] INFO  server.RaftServerConfigKeys (ConfUtils.java:logGet(46)) - raft.server.retrycache.expirytime = 600000ms (custom)
2023-05-05 09:13:00,401 [pool-932-thread-1] INFO  server.RaftServerConfigKeys (ConfUtils.java:logGet(46)) - raft.server.retrycache.statistics.expirytime = 100μs (default)
2023-05-05 09:13:00,402 [pool-932-thread-1] INFO  server.RaftServerConfigKeys (ConfUtils.java:logGet(46)) - raft.server.log.appender.install.snapshot.enabled = false (custom)
2023-05-05 09:13:00,402 [pool-932-thread-1] INFO  server.RaftServerConfigKeys (ConfUtils.java:logGet(46)) - raft.server.threadpool.server.cached = true (default)
2023-05-05 09:13:00,402 [pool-932-thread-1] INFO  server.RaftServerConfigKeys (ConfUtils.java:logGet(46)) - raft.server.threadpool.server.size = 0 (default)
2023-05-05 09:13:00,402 [pool-932-thread-1] INFO  server.RaftServerConfigKeys (ConfUtils.java:logGet(46)) - raft.server.threadpool.client.cached = true (default)
2023-05-05 09:13:00,402 [pool-932-thread-1] INFO  server.RaftServerConfigKeys (ConfUtils.java:logGet(46)) - raft.server.threadpool.client.size = 0 (default)
2023-05-05 09:13:00,402 [pool-932-thread-1] INFO  storage.RaftStorageDirectory (RaftStorageDirectoryImpl.java:analyzeStorage(137)) - The storage directory /home/runner/work/ozone/ozone/hadoop-ozone/integration-test/target/test-dir/MiniOzoneClusterImpl-44598e80-008f-49ac-96a9-a666e849b629/datanode-0/data/ratis/f947ebb2-47ad-4183-88d0-81c215923a5e does not exist. Creating ...
2023-05-05 09:13:00,404 [pool-932-thread-1] INFO  storage.RaftStorageDirectory (RaftStorageDirectoryImpl.java:tryLock(231)) - Lock on /home/runner/work/ozone/ozone/hadoop-ozone/integration-test/target/test-dir/MiniOzoneClusterImpl-44598e80-008f-49ac-96a9-a666e849b629/datanode-0/data/ratis/f947ebb2-47ad-4183-88d0-81c215923a5e/in_use.lock acquired by nodename 7812@fv-az152-207
2023-05-05 09:13:00,405 [pool-932-thread-1] INFO  storage.RaftStorage (RaftStorageImpl.java:format(96)) - Storage directory /home/runner/work/ozone/ozone/hadoop-ozone/integration-test/target/test-dir/MiniOzoneClusterImpl-44598e80-008f-49ac-96a9-a666e849b629/datanode-0/data/ratis/f947ebb2-47ad-4183-88d0-81c215923a5e has been successfully formatted.
2023-05-05 09:13:00,405 [pool-932-thread-1] INFO  ratis.ContainerStateMachine (ContainerStateMachine.java:loadSnapshot(262)) - group-81C215923A5E: The snapshot info is null. Setting the last applied indexto:(t:0, i:~)
2023-05-05 09:13:00,405 [pool-932-thread-1] INFO  server.RaftServerConfigKeys (ConfUtils.java:logGet(46)) - raft.server.log.use.memory = false (default)
2023-05-05 09:13:00,405 [pool-932-thread-1] INFO  server.RaftServerConfigKeys (ConfUtils.java:logGet(46)) - raft.server.log.purge.gap = 1000000 (custom)
2023-05-05 09:13:00,405 [pool-932-thread-1] INFO  server.RaftServerConfigKeys (ConfUtils.java:logGet(46)) - raft.server.log.appender.buffer.byte-limit = 33554432 (custom)
2023-05-05 09:13:00,405 [pool-932-thread-1] INFO  server.RaftServerConfigKeys (ConfUtils.java:logGet(46)) - raft.server.log.statemachine.data.read.timeout = 1000ms (default)
2023-05-05 09:13:00,405 [pool-932-thread-1] INFO  server.RaftServerConfigKeys (ConfUtils.java:logGet(46)) - raft.server.log.purge.preservation.log.num = 0 (default)
2023-05-05 09:13:00,405 [pool-932-thread-1] INFO  server.RaftServerConfigKeys (ConfUtils.java:logGet(46)) - raft.server.log.segment.size.max = 1048576 (custom)
2023-05-05 09:13:00,406 [pool-932-thread-1] INFO  server.RaftServerConfigKeys (ConfUtils.java:logGet(46)) - raft.server.log.segment.cache.num.max = 2 (custom)
2023-05-05 09:13:00,406 [pool-932-thread-1] INFO  server.RaftServerConfigKeys (ConfUtils.java:logGet(46)) - raft.server.log.segment.cache.size.max = 200MB (=209715200) (default)
2023-05-05 09:13:00,406 [pool-932-thread-1] INFO  segmented.SegmentedRaftLogWorker (SegmentedRaftLogWorker.java:<init>(189)) - new 01ec52f5-41b6-49aa-a875-886c0181af90@group-81C215923A5E-SegmentedRaftLogWorker for RaftStorageImpl:Storage Directory /home/runner/work/ozone/ozone/hadoop-ozone/integration-test/target/test-dir/MiniOzoneClusterImpl-44598e80-008f-49ac-96a9-a666e849b629/datanode-0/data/ratis/f947ebb2-47ad-4183-88d0-81c215923a5e
2023-05-05 09:13:00,406 [pool-932-thread-1] INFO  server.RaftServerConfigKeys (ConfUtils.java:logGet(46)) - raft.server.log.queue.byte-limit = 4294967296 (custom)
2023-05-05 09:13:00,406 [pool-932-thread-1] INFO  server.RaftServerConfigKeys (ConfUtils.java:logGet(46)) - raft.server.log.queue.element-limit = 1024 (custom)
2023-05-05 09:13:00,406 [pool-932-thread-1] INFO  server.RaftServerConfigKeys (ConfUtils.java:logGet(46)) - raft.server.log.segment.size.max = 1048576 (custom)
2023-05-05 09:13:00,406 [pool-932-thread-1] INFO  server.RaftServerConfigKeys (ConfUtils.java:logGet(46)) - raft.server.log.preallocated.size = 16384 (custom)
2023-05-05 09:13:00,406 [pool-932-thread-1] INFO  server.RaftServerConfigKeys (ConfUtils.java:logGet(46)) - raft.server.log.force.sync.num = 128 (default)
2023-05-05 09:13:00,406 [pool-932-thread-1] INFO  server.RaftServerConfigKeys (ConfUtils.java:logGet(46)) - raft.server.log.statemachine.data.sync = true (default)
2023-05-05 09:13:00,406 [pool-932-thread-1] INFO  server.RaftServerConfigKeys (ConfUtils.java:logGet(46)) - raft.server.log.statemachine.data.sync.timeout = 10s (default)
2023-05-05 09:13:00,406 [pool-932-thread-1] INFO  server.RaftServerConfigKeys (ConfUtils.java:logGet(46)) - raft.server.log.statemachine.data.sync.timeout.retry = -1 (default)
2023-05-05 09:13:00,406 [pool-932-thread-1] INFO  server.RaftServerConfigKeys (ConfUtils.java:logGet(46)) - raft.server.log.write.buffer.size = 1048576 (custom)
2023-05-05 09:13:00,407 [EventQueue-OpenPipelineForHealthyPipelineSafeModeRule] INFO  safemode.SCMSafeModeManager (HealthyPipelineSafeModeRule.java:process(137)) - SCM in safe mode. Healthy pipelines reported count is 0, required healthy pipeline reported count is 1
2023-05-05 09:13:00,407 [pool-932-thread-1] INFO  server.RaftServerConfigKeys (ConfUtils.java:logGet(46)) - raft.server.log.appender.buffer.byte-limit = 33554432 (custom)
2023-05-05 09:13:00,412 [pool-932-thread-1] INFO  server.RaftServerConfigKeys (ConfUtils.java:logGet(46)) - raft.server.log.unsafe-flush.enabled = false (default)
2023-05-05 09:13:00,412 [pool-932-thread-1] INFO  server.RaftServerConfigKeys (ConfUtils.java:logGet(46)) - raft.server.log.async-flush.enabled = false (default)
2023-05-05 09:13:00,412 [pool-932-thread-1] INFO  server.RaftServerConfigKeys (ConfUtils.java:logGet(46)) - raft.server.log.statemachine.data.caching.enabled = true (custom)
2023-05-05 09:13:00,412 [pool-932-thread-1] INFO  segmented.SegmentedRaftLogWorker (SegmentedRaftLogWorker.java:lambda$new$0(135)) - 01ec52f5-41b6-49aa-a875-886c0181af90@group-81C215923A5E-SegmentedRaftLogWorker: flushIndex: setUnconditionally 0 -> -1
2023-05-05 09:13:00,415 [pool-932-thread-1] INFO  segmented.SegmentedRaftLogWorker (SegmentedRaftLogWorker.java:lambda$new$0(135)) - 01ec52f5-41b6-49aa-a875-886c0181af90@group-81C215923A5E-SegmentedRaftLogWorker: safeCacheEvictIndex: setUnconditionally 0 -> -1
2023-05-05 09:13:00,415 [pool-932-thread-1] INFO  server.RaftServer$Division (RaftServerImpl.java:start(334)) - 01ec52f5-41b6-49aa-a875-886c0181af90@group-81C215923A5E: start as a follower, conf=-1: peers:[f85e0dcc-39ca-49ef-85c9-6c51f48e3333|rpc:10.1.0.42:39217|dataStream:10.1.0.42:32803|priority:1|startupRole:FOLLOWER, 01ec52f5-41b6-49aa-a875-886c0181af90|rpc:10.1.0.42:34459|dataStream:10.1.0.42:41675|priority:0|startupRole:FOLLOWER, 88416288-d81a-4caa-b0be-4bb91378dc06|rpc:10.1.0.42:43207|dataStream:10.1.0.42:38003|priority:0|startupRole:FOLLOWER]|listeners:[], old=null
2023-05-05 09:13:00,415 [pool-932-thread-1] INFO  server.RaftServer$Division (RaftServerImpl.java:setRole(321)) - 01ec52f5-41b6-49aa-a875-886c0181af90@group-81C215923A5E: changes role from      null to FOLLOWER at term 0 for startAsFollower
2023-05-05 09:13:00,416 [pool-932-thread-1] INFO  impl.RoleInfo (RoleInfo.java:updateAndGet(139)) - 01ec52f5-41b6-49aa-a875-886c0181af90: start 01ec52f5-41b6-49aa-a875-886c0181af90@group-81C215923A5E-FollowerState
2023-05-05 09:13:00,416 [pool-932-thread-1] INFO  util.JmxRegister (JmxRegister.java:tryRegister(44)) - Successfully registered JMX Bean with object name Ratis:service=RaftServer,group=group-81C215923A5E,id=01ec52f5-41b6-49aa-a875-886c0181af90
2023-05-05 09:13:00,416 [pool-932-thread-1] INFO  server.RaftServerConfigKeys (ConfUtils.java:logGet(46)) - raft.server.snapshot.auto.trigger.enabled = true (custom)
2023-05-05 09:13:00,417 [pool-932-thread-1] INFO  server.RaftServerConfigKeys (ConfUtils.java:logGet(46)) - raft.server.snapshot.auto.trigger.threshold = 10000 (custom)
2023-05-05 09:13:00,417 [pool-932-thread-1] INFO  server.RaftServerConfigKeys (ConfUtils.java:logGet(46)) - raft.server.snapshot.retention.file.num = 5 (custom)
2023-05-05 09:13:00,417 [pool-932-thread-1] INFO  server.RaftServerConfigKeys (ConfUtils.java:logGet(46)) - raft.server.log.purge.upto.snapshot.index = false (default)
2023-05-05 09:13:00,418 [01ec52f5-41b6-49aa-a875-886c0181af90@group-81C215923A5E-FollowerState] INFO  server.RaftServerConfigKeys (ConfUtils.java:logFallback(53)) - raft.server.rpc.first-election.timeout.min = 5s (fallback to raft.server.rpc.timeout.min)
2023-05-05 09:13:00,418 [01ec52f5-41b6-49aa-a875-886c0181af90@group-81C215923A5E-FollowerState] INFO  server.RaftServerConfigKeys (ConfUtils.java:logFallback(53)) - raft.server.rpc.first-election.timeout.max = 5200ms (fallback to raft.server.rpc.timeout.max)
2023-05-05 09:13:00,418 [Command processor thread] INFO  ratis.XceiverServerRatis (XceiverServerRatis.java:addGroup(806)) - Created group PipelineID=f947ebb2-47ad-4183-88d0-81c215923a5e
2023-05-05 09:13:00,430 [grpc-default-executor-0] INFO  server.RaftServer (RaftServerProxy.java:addNew(96)) - f85e0dcc-39ca-49ef-85c9-6c51f48e3333: addNew group-81C215923A5E:[f85e0dcc-39ca-49ef-85c9-6c51f48e3333|rpc:10.1.0.42:39217|dataStream:10.1.0.42:32803|priority:1|startupRole:FOLLOWER, 01ec52f5-41b6-49aa-a875-886c0181af90|rpc:10.1.0.42:34459|dataStream:10.1.0.42:41675|priority:0|startupRole:FOLLOWER, 88416288-d81a-4caa-b0be-4bb91378dc06|rpc:10.1.0.42:43207|dataStream:10.1.0.42:38003|priority:0|startupRole:FOLLOWER] returns group-81C215923A5E:java.util.concurrent.CompletableFuture@4628d63b[Not completed]
2023-05-05 09:13:00,431 [pool-976-thread-1] INFO  server.RaftServer$Division (RaftServerImpl.java:<init>(195)) - f85e0dcc-39ca-49ef-85c9-6c51f48e3333: new RaftServerImpl for group-81C215923A5E:[f85e0dcc-39ca-49ef-85c9-6c51f48e3333|rpc:10.1.0.42:39217|dataStream:10.1.0.42:32803|priority:1|startupRole:FOLLOWER, 01ec52f5-41b6-49aa-a875-886c0181af90|rpc:10.1.0.42:34459|dataStream:10.1.0.42:41675|priority:0|startupRole:FOLLOWER, 88416288-d81a-4caa-b0be-4bb91378dc06|rpc:10.1.0.42:43207|dataStream:10.1.0.42:38003|priority:0|startupRole:FOLLOWER] with ContainerStateMachine:uninitialized
2023-05-05 09:13:00,431 [pool-976-thread-1] INFO  server.RaftServerConfigKeys (ConfUtils.java:logGet(46)) - raft.server.rpc.timeout.min = 5s (custom)
2023-05-05 09:13:00,431 [pool-976-thread-1] INFO  server.RaftServerConfigKeys (ConfUtils.java:logGet(46)) - raft.server.rpc.timeout.max = 5200ms (custom)
2023-05-05 09:13:00,431 [pool-976-thread-1] INFO  server.RaftServerConfigKeys (ConfUtils.java:logGet(46)) - raft.server.rpc.sleep.time = 25ms (default)
2023-05-05 09:13:00,431 [pool-976-thread-1] INFO  server.RaftServerConfigKeys (ConfUtils.java:logGet(46)) - raft.server.rpc.slowness.timeout = 300s (custom)
2023-05-05 09:13:00,431 [pool-976-thread-1] INFO  server.RaftServerConfigKeys (ConfUtils.java:logGet(46)) - raft.server.leaderelection.leader.step-down.wait-time = 10s (default)
2023-05-05 09:13:00,431 [pool-976-thread-1] INFO  server.RaftServerConfigKeys (ConfUtils.java:logGet(46)) - raft.server.sleep.deviation.threshold = 300ms (default)
2023-05-05 09:13:00,431 [pool-976-thread-1] INFO  server.RaftServer$Division (ServerState.java:<init>(118)) - f85e0dcc-39ca-49ef-85c9-6c51f48e3333@group-81C215923A5E: ConfigurationManager, init=-1: peers:[f85e0dcc-39ca-49ef-85c9-6c51f48e3333|rpc:10.1.0.42:39217|dataStream:10.1.0.42:32803|priority:1|startupRole:FOLLOWER, 01ec52f5-41b6-49aa-a875-886c0181af90|rpc:10.1.0.42:34459|dataStream:10.1.0.42:41675|priority:0|startupRole:FOLLOWER, 88416288-d81a-4caa-b0be-4bb91378dc06|rpc:10.1.0.42:43207|dataStream:10.1.0.42:38003|priority:0|startupRole:FOLLOWER]|listeners:[], old=null, confs=<EMPTY_MAP>
2023-05-05 09:13:00,431 [pool-976-thread-1] INFO  server.RaftServerConfigKeys (ConfUtils.java:logGet(46)) - raft.server.storage.dir = [/home/runner/work/ozone/ozone/hadoop-ozone/integration-test/target/test-dir/MiniOzoneClusterImpl-44598e80-008f-49ac-96a9-a666e849b629/datanode-2/data/ratis] (custom)
2023-05-05 09:13:00,431 [pool-976-thread-1] INFO  server.RaftServerConfigKeys (ConfUtils.java:logGet(46)) - raft.server.log.corruption.policy = EXCEPTION (default)
2023-05-05 09:13:00,431 [pool-976-thread-1] INFO  server.RaftServerConfigKeys (ConfUtils.java:logGet(46)) - raft.server.storage.free-space.min = 0MB (=0) (default)
2023-05-05 09:13:00,431 [pool-976-thread-1] INFO  server.RaftServerConfigKeys (ConfUtils.java:logGet(46)) - raft.server.notification.no-leader.timeout = 300s (custom)
2023-05-05 09:13:00,431 [pool-976-thread-1] INFO  server.RaftServerConfigKeys (ConfUtils.java:logGet(46)) - raft.server.retrycache.expirytime = 600000ms (custom)
2023-05-05 09:13:00,431 [pool-976-thread-1] INFO  server.RaftServerConfigKeys (ConfUtils.java:logGet(46)) - raft.server.retrycache.statistics.expirytime = 100μs (default)
2023-05-05 09:13:00,432 [pool-976-thread-1] INFO  server.RaftServerConfigKeys (ConfUtils.java:logGet(46)) - raft.server.log.appender.install.snapshot.enabled = false (custom)
2023-05-05 09:13:00,432 [pool-976-thread-1] INFO  server.RaftServerConfigKeys (ConfUtils.java:logGet(46)) - raft.server.threadpool.server.cached = true (default)
2023-05-05 09:13:00,432 [pool-976-thread-1] INFO  server.RaftServerConfigKeys (ConfUtils.java:logGet(46)) - raft.server.threadpool.server.size = 0 (default)
2023-05-05 09:13:00,432 [pool-976-thread-1] INFO  server.RaftServerConfigKeys (ConfUtils.java:logGet(46)) - raft.server.threadpool.client.cached = true (default)
2023-05-05 09:13:00,432 [pool-976-thread-1] INFO  server.RaftServerConfigKeys (ConfUtils.java:logGet(46)) - raft.server.threadpool.client.size = 0 (default)
2023-05-05 09:13:00,432 [pool-976-thread-1] INFO  storage.RaftStorageDirectory (RaftStorageDirectoryImpl.java:analyzeStorage(137)) - The storage directory /home/runner/work/ozone/ozone/hadoop-ozone/integration-test/target/test-dir/MiniOzoneClusterImpl-44598e80-008f-49ac-96a9-a666e849b629/datanode-2/data/ratis/f947ebb2-47ad-4183-88d0-81c215923a5e does not exist. Creating ...
2023-05-05 09:13:00,433 [pool-976-thread-1] INFO  storage.RaftStorageDirectory (RaftStorageDirectoryImpl.java:tryLock(231)) - Lock on /home/runner/work/ozone/ozone/hadoop-ozone/integration-test/target/test-dir/MiniOzoneClusterImpl-44598e80-008f-49ac-96a9-a666e849b629/datanode-2/data/ratis/f947ebb2-47ad-4183-88d0-81c215923a5e/in_use.lock acquired by nodename 7812@fv-az152-207
2023-05-05 09:13:00,435 [pool-976-thread-1] INFO  storage.RaftStorage (RaftStorageImpl.java:format(96)) - Storage directory /home/runner/work/ozone/ozone/hadoop-ozone/integration-test/target/test-dir/MiniOzoneClusterImpl-44598e80-008f-49ac-96a9-a666e849b629/datanode-2/data/ratis/f947ebb2-47ad-4183-88d0-81c215923a5e has been successfully formatted.
2023-05-05 09:13:00,435 [pool-976-thread-1] INFO  ratis.ContainerStateMachine (ContainerStateMachine.java:loadSnapshot(262)) - group-81C215923A5E: The snapshot info is null. Setting the last applied indexto:(t:0, i:~)
2023-05-05 09:13:00,435 [pool-976-thread-1] INFO  server.RaftServerConfigKeys (ConfUtils.java:logGet(46)) - raft.server.log.use.memory = false (default)
2023-05-05 09:13:00,435 [pool-976-thread-1] INFO  server.RaftServerConfigKeys (ConfUtils.java:logGet(46)) - raft.server.log.purge.gap = 1000000 (custom)
2023-05-05 09:13:00,435 [pool-976-thread-1] INFO  server.RaftServerConfigKeys (ConfUtils.java:logGet(46)) - raft.server.log.appender.buffer.byte-limit = 33554432 (custom)
2023-05-05 09:13:00,435 [pool-976-thread-1] INFO  server.RaftServerConfigKeys (ConfUtils.java:logGet(46)) - raft.server.log.statemachine.data.read.timeout = 1000ms (default)
2023-05-05 09:13:00,435 [pool-976-thread-1] INFO  server.RaftServerConfigKeys (ConfUtils.java:logGet(46)) - raft.server.log.purge.preservation.log.num = 0 (default)
2023-05-05 09:13:00,435 [pool-976-thread-1] INFO  server.RaftServerConfigKeys (ConfUtils.java:logGet(46)) - raft.server.log.segment.size.max = 1048576 (custom)
2023-05-05 09:13:00,436 [pool-976-thread-1] INFO  server.RaftServerConfigKeys (ConfUtils.java:logGet(46)) - raft.server.log.segment.cache.num.max = 2 (custom)
2023-05-05 09:13:00,436 [pool-976-thread-1] INFO  server.RaftServerConfigKeys (ConfUtils.java:logGet(46)) - raft.server.log.segment.cache.size.max = 200MB (=209715200) (default)
2023-05-05 09:13:00,436 [pool-976-thread-1] INFO  segmented.SegmentedRaftLogWorker (SegmentedRaftLogWorker.java:<init>(189)) - new f85e0dcc-39ca-49ef-85c9-6c51f48e3333@group-81C215923A5E-SegmentedRaftLogWorker for RaftStorageImpl:Storage Directory /home/runner/work/ozone/ozone/hadoop-ozone/integration-test/target/test-dir/MiniOzoneClusterImpl-44598e80-008f-49ac-96a9-a666e849b629/datanode-2/data/ratis/f947ebb2-47ad-4183-88d0-81c215923a5e
2023-05-05 09:13:00,436 [pool-976-thread-1] INFO  server.RaftServerConfigKeys (ConfUtils.java:logGet(46)) - raft.server.log.queue.byte-limit = 4294967296 (custom)
2023-05-05 09:13:00,436 [pool-976-thread-1] INFO  server.RaftServerConfigKeys (ConfUtils.java:logGet(46)) - raft.server.log.queue.element-limit = 1024 (custom)
2023-05-05 09:13:00,436 [pool-976-thread-1] INFO  server.RaftServerConfigKeys (ConfUtils.java:logGet(46)) - raft.server.log.segment.size.max = 1048576 (custom)
2023-05-05 09:13:00,436 [pool-976-thread-1] INFO  server.RaftServerConfigKeys (ConfUtils.java:logGet(46)) - raft.server.log.preallocated.size = 16384 (custom)
2023-05-05 09:13:00,436 [pool-976-thread-1] INFO  server.RaftServerConfigKeys (ConfUtils.java:logGet(46)) - raft.server.log.force.sync.num = 128 (default)
2023-05-05 09:13:00,436 [pool-976-thread-1] INFO  server.RaftServerConfigKeys (ConfUtils.java:logGet(46)) - raft.server.log.statemachine.data.sync = true (default)
2023-05-05 09:13:00,437 [pool-976-thread-1] INFO  server.RaftServerConfigKeys (ConfUtils.java:logGet(46)) - raft.server.log.statemachine.data.sync.timeout = 10s (default)
2023-05-05 09:13:00,437 [pool-976-thread-1] INFO  server.RaftServerConfigKeys (ConfUtils.java:logGet(46)) - raft.server.log.statemachine.data.sync.timeout.retry = -1 (default)
2023-05-05 09:13:00,437 [pool-976-thread-1] INFO  server.RaftServerConfigKeys (ConfUtils.java:logGet(46)) - raft.server.log.write.buffer.size = 1048576 (custom)
2023-05-05 09:13:00,438 [pool-976-thread-1] INFO  server.RaftServerConfigKeys (ConfUtils.java:logGet(46)) - raft.server.log.appender.buffer.byte-limit = 33554432 (custom)
2023-05-05 09:13:00,444 [pool-976-thread-1] INFO  server.RaftServerConfigKeys (ConfUtils.java:logGet(46)) - raft.server.log.unsafe-flush.enabled = false (default)
2023-05-05 09:13:00,444 [pool-976-thread-1] INFO  server.RaftServerConfigKeys (ConfUtils.java:logGet(46)) - raft.server.log.async-flush.enabled = false (default)
2023-05-05 09:13:00,444 [pool-976-thread-1] INFO  server.RaftServerConfigKeys (ConfUtils.java:logGet(46)) - raft.server.log.statemachine.data.caching.enabled = true (custom)
2023-05-05 09:13:00,444 [pool-976-thread-1] INFO  segmented.SegmentedRaftLogWorker (SegmentedRaftLogWorker.java:lambda$new$0(135)) - f85e0dcc-39ca-49ef-85c9-6c51f48e3333@group-81C215923A5E-SegmentedRaftLogWorker: flushIndex: setUnconditionally 0 -> -1
2023-05-05 09:13:00,444 [pool-976-thread-1] INFO  segmented.SegmentedRaftLogWorker (SegmentedRaftLogWorker.java:lambda$new$0(135)) - f85e0dcc-39ca-49ef-85c9-6c51f48e3333@group-81C215923A5E-SegmentedRaftLogWorker: safeCacheEvictIndex: setUnconditionally 0 -> -1
2023-05-05 09:13:00,444 [pool-976-thread-1] INFO  server.RaftServer$Division (RaftServerImpl.java:start(334)) - f85e0dcc-39ca-49ef-85c9-6c51f48e3333@group-81C215923A5E: start as a follower, conf=-1: peers:[f85e0dcc-39ca-49ef-85c9-6c51f48e3333|rpc:10.1.0.42:39217|dataStream:10.1.0.42:32803|priority:1|startupRole:FOLLOWER, 01ec52f5-41b6-49aa-a875-886c0181af90|rpc:10.1.0.42:34459|dataStream:10.1.0.42:41675|priority:0|startupRole:FOLLOWER, 88416288-d81a-4caa-b0be-4bb91378dc06|rpc:10.1.0.42:43207|dataStream:10.1.0.42:38003|priority:0|startupRole:FOLLOWER]|listeners:[], old=null
2023-05-05 09:13:00,444 [pool-976-thread-1] INFO  server.RaftServer$Division (RaftServerImpl.java:setRole(321)) - f85e0dcc-39ca-49ef-85c9-6c51f48e3333@group-81C215923A5E: changes role from      null to FOLLOWER at term 0 for startAsFollower
2023-05-05 09:13:00,444 [pool-976-thread-1] INFO  impl.RoleInfo (RoleInfo.java:updateAndGet(139)) - f85e0dcc-39ca-49ef-85c9-6c51f48e3333: start f85e0dcc-39ca-49ef-85c9-6c51f48e3333@group-81C215923A5E-FollowerState
2023-05-05 09:13:00,445 [pool-976-thread-1] INFO  util.JmxRegister (JmxRegister.java:tryRegister(44)) - Successfully registered JMX Bean with object name Ratis:service=RaftServer,group=group-81C215923A5E,id=f85e0dcc-39ca-49ef-85c9-6c51f48e3333
2023-05-05 09:13:00,445 [f85e0dcc-39ca-49ef-85c9-6c51f48e3333@group-81C215923A5E-FollowerState] INFO  server.RaftServerConfigKeys (ConfUtils.java:logFallback(53)) - raft.server.rpc.first-election.timeout.min = 5s (fallback to raft.server.rpc.timeout.min)
2023-05-05 09:13:00,445 [pool-976-thread-1] INFO  server.RaftServerConfigKeys (ConfUtils.java:logGet(46)) - raft.server.snapshot.auto.trigger.enabled = true (custom)
2023-05-05 09:13:00,445 [f85e0dcc-39ca-49ef-85c9-6c51f48e3333@group-81C215923A5E-FollowerState] INFO  server.RaftServerConfigKeys (ConfUtils.java:logFallback(53)) - raft.server.rpc.first-election.timeout.max = 5200ms (fallback to raft.server.rpc.timeout.max)
2023-05-05 09:13:00,445 [pool-976-thread-1] INFO  server.RaftServerConfigKeys (ConfUtils.java:logGet(46)) - raft.server.snapshot.auto.trigger.threshold = 10000 (custom)
2023-05-05 09:13:00,445 [pool-976-thread-1] INFO  server.RaftServerConfigKeys (ConfUtils.java:logGet(46)) - raft.server.snapshot.retention.file.num = 5 (custom)
2023-05-05 09:13:00,445 [pool-976-thread-1] INFO  server.RaftServerConfigKeys (ConfUtils.java:logGet(46)) - raft.server.log.purge.upto.snapshot.index = false (default)
2023-05-05 09:13:00,456 [grpc-default-executor-0] INFO  server.RaftServer (RaftServerProxy.java:addNew(96)) - 88416288-d81a-4caa-b0be-4bb91378dc06: addNew group-81C215923A5E:[f85e0dcc-39ca-49ef-85c9-6c51f48e3333|rpc:10.1.0.42:39217|dataStream:10.1.0.42:32803|priority:1|startupRole:FOLLOWER, 01ec52f5-41b6-49aa-a875-886c0181af90|rpc:10.1.0.42:34459|dataStream:10.1.0.42:41675|priority:0|startupRole:FOLLOWER, 88416288-d81a-4caa-b0be-4bb91378dc06|rpc:10.1.0.42:43207|dataStream:10.1.0.42:38003|priority:0|startupRole:FOLLOWER] returns group-81C215923A5E:java.util.concurrent.CompletableFuture@4d18f9e4[Not completed]
2023-05-05 09:13:00,457 [pool-954-thread-1] INFO  server.RaftServer$Division (RaftServerImpl.java:<init>(195)) - 88416288-d81a-4caa-b0be-4bb91378dc06: new RaftServerImpl for group-81C215923A5E:[f85e0dcc-39ca-49ef-85c9-6c51f48e3333|rpc:10.1.0.42:39217|dataStream:10.1.0.42:32803|priority:1|startupRole:FOLLOWER, 01ec52f5-41b6-49aa-a875-886c0181af90|rpc:10.1.0.42:34459|dataStream:10.1.0.42:41675|priority:0|startupRole:FOLLOWER, 88416288-d81a-4caa-b0be-4bb91378dc06|rpc:10.1.0.42:43207|dataStream:10.1.0.42:38003|priority:0|startupRole:FOLLOWER] with ContainerStateMachine:uninitialized
2023-05-05 09:13:00,457 [pool-954-thread-1] INFO  server.RaftServerConfigKeys (ConfUtils.java:logGet(46)) - raft.server.rpc.timeout.min = 5s (custom)
2023-05-05 09:13:00,457 [pool-954-thread-1] INFO  server.RaftServerConfigKeys (ConfUtils.java:logGet(46)) - raft.server.rpc.timeout.max = 5200ms (custom)
2023-05-05 09:13:00,457 [pool-954-thread-1] INFO  server.RaftServerConfigKeys (ConfUtils.java:logGet(46)) - raft.server.rpc.sleep.time = 25ms (default)
2023-05-05 09:13:00,457 [pool-954-thread-1] INFO  server.RaftServerConfigKeys (ConfUtils.java:logGet(46)) - raft.server.rpc.slowness.timeout = 300s (custom)
2023-05-05 09:13:00,457 [pool-954-thread-1] INFO  server.RaftServerConfigKeys (ConfUtils.java:logGet(46)) - raft.server.leaderelection.leader.step-down.wait-time = 10s (default)
2023-05-05 09:13:00,457 [pool-954-thread-1] INFO  server.RaftServerConfigKeys (ConfUtils.java:logGet(46)) - raft.server.sleep.deviation.threshold = 300ms (default)
2023-05-05 09:13:00,457 [pool-954-thread-1] INFO  server.RaftServer$Division (ServerState.java:<init>(118)) - 88416288-d81a-4caa-b0be-4bb91378dc06@group-81C215923A5E: ConfigurationManager, init=-1: peers:[f85e0dcc-39ca-49ef-85c9-6c51f48e3333|rpc:10.1.0.42:39217|dataStream:10.1.0.42:32803|priority:1|startupRole:FOLLOWER, 01ec52f5-41b6-49aa-a875-886c0181af90|rpc:10.1.0.42:34459|dataStream:10.1.0.42:41675|priority:0|startupRole:FOLLOWER, 88416288-d81a-4caa-b0be-4bb91378dc06|rpc:10.1.0.42:43207|dataStream:10.1.0.42:38003|priority:0|startupRole:FOLLOWER]|listeners:[], old=null, confs=<EMPTY_MAP>
2023-05-05 09:13:00,457 [pool-954-thread-1] INFO  server.RaftServerConfigKeys (ConfUtils.java:logGet(46)) - raft.server.storage.dir = [/home/runner/work/ozone/ozone/hadoop-ozone/integration-test/target/test-dir/MiniOzoneClusterImpl-44598e80-008f-49ac-96a9-a666e849b629/datanode-1/data/ratis] (custom)
2023-05-05 09:13:00,458 [pool-954-thread-1] INFO  server.RaftServerConfigKeys (ConfUtils.java:logGet(46)) - raft.server.log.corruption.policy = EXCEPTION (default)
2023-05-05 09:13:00,458 [pool-954-thread-1] INFO  server.RaftServerConfigKeys (ConfUtils.java:logGet(46)) - raft.server.storage.free-space.min = 0MB (=0) (default)
2023-05-05 09:13:00,458 [pool-954-thread-1] INFO  server.RaftServerConfigKeys (ConfUtils.java:logGet(46)) - raft.server.notification.no-leader.timeout = 300s (custom)
2023-05-05 09:13:00,458 [pool-954-thread-1] INFO  server.RaftServerConfigKeys (ConfUtils.java:logGet(46)) - raft.server.retrycache.expirytime = 600000ms (custom)
2023-05-05 09:13:00,458 [pool-954-thread-1] INFO  server.RaftServerConfigKeys (ConfUtils.java:logGet(46)) - raft.server.retrycache.statistics.expirytime = 100μs (default)
2023-05-05 09:13:00,458 [pool-954-thread-1] INFO  server.RaftServerConfigKeys (ConfUtils.java:logGet(46)) - raft.server.log.appender.install.snapshot.enabled = false (custom)
2023-05-05 09:13:00,458 [pool-954-thread-1] INFO  server.RaftServerConfigKeys (ConfUtils.java:logGet(46)) - raft.server.threadpool.server.cached = true (default)
2023-05-05 09:13:00,458 [pool-954-thread-1] INFO  server.RaftServerConfigKeys (ConfUtils.java:logGet(46)) - raft.server.threadpool.server.size = 0 (default)
2023-05-05 09:13:00,458 [pool-954-thread-1] INFO  server.RaftServerConfigKeys (ConfUtils.java:logGet(46)) - raft.server.threadpool.client.cached = true (default)
2023-05-05 09:13:00,458 [pool-954-thread-1] INFO  server.RaftServerConfigKeys (ConfUtils.java:logGet(46)) - raft.server.threadpool.client.size = 0 (default)
2023-05-05 09:13:00,459 [pool-954-thread-1] INFO  storage.RaftStorageDirectory (RaftStorageDirectoryImpl.java:analyzeStorage(137)) - The storage directory /home/runner/work/ozone/ozone/hadoop-ozone/integration-test/target/test-dir/MiniOzoneClusterImpl-44598e80-008f-49ac-96a9-a666e849b629/datanode-1/data/ratis/f947ebb2-47ad-4183-88d0-81c215923a5e does not exist. Creating ...
2023-05-05 09:13:00,460 [pool-954-thread-1] INFO  storage.RaftStorageDirectory (RaftStorageDirectoryImpl.java:tryLock(231)) - Lock on /home/runner/work/ozone/ozone/hadoop-ozone/integration-test/target/test-dir/MiniOzoneClusterImpl-44598e80-008f-49ac-96a9-a666e849b629/datanode-1/data/ratis/f947ebb2-47ad-4183-88d0-81c215923a5e/in_use.lock acquired by nodename 7812@fv-az152-207
2023-05-05 09:13:00,461 [pool-954-thread-1] INFO  storage.RaftStorage (RaftStorageImpl.java:format(96)) - Storage directory /home/runner/work/ozone/ozone/hadoop-ozone/integration-test/target/test-dir/MiniOzoneClusterImpl-44598e80-008f-49ac-96a9-a666e849b629/datanode-1/data/ratis/f947ebb2-47ad-4183-88d0-81c215923a5e has been successfully formatted.
2023-05-05 09:13:00,461 [pool-954-thread-1] INFO  ratis.ContainerStateMachine (ContainerStateMachine.java:loadSnapshot(262)) - group-81C215923A5E: The snapshot info is null. Setting the last applied indexto:(t:0, i:~)
2023-05-05 09:13:00,461 [pool-954-thread-1] INFO  server.RaftServerConfigKeys (ConfUtils.java:logGet(46)) - raft.server.log.use.memory = false (default)
2023-05-05 09:13:00,461 [pool-954-thread-1] INFO  server.RaftServerConfigKeys (ConfUtils.java:logGet(46)) - raft.server.log.purge.gap = 1000000 (custom)
2023-05-05 09:13:00,461 [pool-954-thread-1] INFO  server.RaftServerConfigKeys (ConfUtils.java:logGet(46)) - raft.server.log.appender.buffer.byte-limit = 33554432 (custom)
2023-05-05 09:13:00,461 [pool-954-thread-1] INFO  server.RaftServerConfigKeys (ConfUtils.java:logGet(46)) - raft.server.log.statemachine.data.read.timeout = 1000ms (default)
2023-05-05 09:13:00,461 [pool-954-thread-1] INFO  server.RaftServerConfigKeys (ConfUtils.java:logGet(46)) - raft.server.log.purge.preservation.log.num = 0 (default)
2023-05-05 09:13:00,461 [pool-954-thread-1] INFO  server.RaftServerConfigKeys (ConfUtils.java:logGet(46)) - raft.server.log.segment.size.max = 1048576 (custom)
2023-05-05 09:13:00,462 [pool-954-thread-1] INFO  server.RaftServerConfigKeys (ConfUtils.java:logGet(46)) - raft.server.log.segment.cache.num.max = 2 (custom)
2023-05-05 09:13:00,462 [pool-954-thread-1] INFO  server.RaftServerConfigKeys (ConfUtils.java:logGet(46)) - raft.server.log.segment.cache.size.max = 200MB (=209715200) (default)
2023-05-05 09:13:00,462 [pool-954-thread-1] INFO  segmented.SegmentedRaftLogWorker (SegmentedRaftLogWorker.java:<init>(189)) - new 88416288-d81a-4caa-b0be-4bb91378dc06@group-81C215923A5E-SegmentedRaftLogWorker for RaftStorageImpl:Storage Directory /home/runner/work/ozone/ozone/hadoop-ozone/integration-test/target/test-dir/MiniOzoneClusterImpl-44598e80-008f-49ac-96a9-a666e849b629/datanode-1/data/ratis/f947ebb2-47ad-4183-88d0-81c215923a5e
2023-05-05 09:13:00,462 [pool-954-thread-1] INFO  server.RaftServerConfigKeys (ConfUtils.java:logGet(46)) - raft.server.log.queue.byte-limit = 4294967296 (custom)
2023-05-05 09:13:00,462 [pool-954-thread-1] INFO  server.RaftServerConfigKeys (ConfUtils.java:logGet(46)) - raft.server.log.queue.element-limit = 1024 (custom)
2023-05-05 09:13:00,462 [pool-954-thread-1] INFO  server.RaftServerConfigKeys (ConfUtils.java:logGet(46)) - raft.server.log.segment.size.max = 1048576 (custom)
2023-05-05 09:13:00,463 [pool-954-thread-1] INFO  server.RaftServerConfigKeys (ConfUtils.java:logGet(46)) - raft.server.log.preallocated.size = 16384 (custom)
2023-05-05 09:13:00,463 [pool-954-thread-1] INFO  server.RaftServerConfigKeys (ConfUtils.java:logGet(46)) - raft.server.log.force.sync.num = 128 (default)
2023-05-05 09:13:00,463 [pool-954-thread-1] INFO  server.RaftServerConfigKeys (ConfUtils.java:logGet(46)) - raft.server.log.statemachine.data.sync = true (default)
2023-05-05 09:13:00,463 [pool-954-thread-1] INFO  server.RaftServerConfigKeys (ConfUtils.java:logGet(46)) - raft.server.log.statemachine.data.sync.timeout = 10s (default)
2023-05-05 09:13:00,463 [pool-954-thread-1] INFO  server.RaftServerConfigKeys (ConfUtils.java:logGet(46)) - raft.server.log.statemachine.data.sync.timeout.retry = -1 (default)
2023-05-05 09:13:00,463 [pool-954-thread-1] INFO  server.RaftServerConfigKeys (ConfUtils.java:logGet(46)) - raft.server.log.write.buffer.size = 1048576 (custom)
2023-05-05 09:13:00,464 [pool-954-thread-1] INFO  server.RaftServerConfigKeys (ConfUtils.java:logGet(46)) - raft.server.log.appender.buffer.byte-limit = 33554432 (custom)
2023-05-05 09:13:00,470 [pool-954-thread-1] INFO  server.RaftServerConfigKeys (ConfUtils.java:logGet(46)) - raft.server.log.unsafe-flush.enabled = false (default)
2023-05-05 09:13:00,470 [pool-954-thread-1] INFO  server.RaftServerConfigKeys (ConfUtils.java:logGet(46)) - raft.server.log.async-flush.enabled = false (default)
2023-05-05 09:13:00,470 [pool-954-thread-1] INFO  server.RaftServerConfigKeys (ConfUtils.java:logGet(46)) - raft.server.log.statemachine.data.caching.enabled = true (custom)
2023-05-05 09:13:00,470 [pool-954-thread-1] INFO  segmented.SegmentedRaftLogWorker (SegmentedRaftLogWorker.java:lambda$new$0(135)) - 88416288-d81a-4caa-b0be-4bb91378dc06@group-81C215923A5E-SegmentedRaftLogWorker: flushIndex: setUnconditionally 0 -> -1
2023-05-05 09:13:00,470 [pool-954-thread-1] INFO  segmented.SegmentedRaftLogWorker (SegmentedRaftLogWorker.java:lambda$new$0(135)) - 88416288-d81a-4caa-b0be-4bb91378dc06@group-81C215923A5E-SegmentedRaftLogWorker: safeCacheEvictIndex: setUnconditionally 0 -> -1
2023-05-05 09:13:00,470 [pool-954-thread-1] INFO  server.RaftServer$Division (RaftServerImpl.java:start(334)) - 88416288-d81a-4caa-b0be-4bb91378dc06@group-81C215923A5E: start as a follower, conf=-1: peers:[f85e0dcc-39ca-49ef-85c9-6c51f48e3333|rpc:10.1.0.42:39217|dataStream:10.1.0.42:32803|priority:1|startupRole:FOLLOWER, 01ec52f5-41b6-49aa-a875-886c0181af90|rpc:10.1.0.42:34459|dataStream:10.1.0.42:41675|priority:0|startupRole:FOLLOWER, 88416288-d81a-4caa-b0be-4bb91378dc06|rpc:10.1.0.42:43207|dataStream:10.1.0.42:38003|priority:0|startupRole:FOLLOWER]|listeners:[], old=null
2023-05-05 09:13:00,471 [pool-954-thread-1] INFO  server.RaftServer$Division (RaftServerImpl.java:setRole(321)) - 88416288-d81a-4caa-b0be-4bb91378dc06@group-81C215923A5E: changes role from      null to FOLLOWER at term 0 for startAsFollower
2023-05-05 09:13:00,471 [pool-954-thread-1] INFO  impl.RoleInfo (RoleInfo.java:updateAndGet(139)) - 88416288-d81a-4caa-b0be-4bb91378dc06: start 88416288-d81a-4caa-b0be-4bb91378dc06@group-81C215923A5E-FollowerState
2023-05-05 09:13:00,472 [pool-954-thread-1] INFO  util.JmxRegister (JmxRegister.java:tryRegister(44)) - Successfully registered JMX Bean with object name Ratis:service=RaftServer,group=group-81C215923A5E,id=88416288-d81a-4caa-b0be-4bb91378dc06
2023-05-05 09:13:00,472 [pool-954-thread-1] INFO  server.RaftServerConfigKeys (ConfUtils.java:logGet(46)) - raft.server.snapshot.auto.trigger.enabled = true (custom)
2023-05-05 09:13:00,472 [pool-954-thread-1] INFO  server.RaftServerConfigKeys (ConfUtils.java:logGet(46)) - raft.server.snapshot.auto.trigger.threshold = 10000 (custom)
2023-05-05 09:13:00,472 [pool-954-thread-1] INFO  server.RaftServerConfigKeys (ConfUtils.java:logGet(46)) - raft.server.snapshot.retention.file.num = 5 (custom)
2023-05-05 09:13:00,472 [pool-954-thread-1] INFO  server.RaftServerConfigKeys (ConfUtils.java:logGet(46)) - raft.server.log.purge.upto.snapshot.index = false (default)
2023-05-05 09:13:00,473 [88416288-d81a-4caa-b0be-4bb91378dc06@group-81C215923A5E-FollowerState] INFO  server.RaftServerConfigKeys (ConfUtils.java:logFallback(53)) - raft.server.rpc.first-election.timeout.min = 5s (fallback to raft.server.rpc.timeout.min)
2023-05-05 09:13:00,473 [88416288-d81a-4caa-b0be-4bb91378dc06@group-81C215923A5E-FollowerState] INFO  server.RaftServerConfigKeys (ConfUtils.java:logFallback(53)) - raft.server.rpc.first-election.timeout.max = 5200ms (fallback to raft.server.rpc.timeout.max)
2023-05-05 09:13:00,479 [Command processor thread] INFO  commandhandler.CreatePipelineCommandHandler (CreatePipelineCommandHandler.java:handle(113)) - Created Pipeline RATIS THREE PipelineID=f947ebb2-47ad-4183-88d0-81c215923a5e.
2023-05-05 09:13:00,689 [Command processor thread] INFO  server.RaftServer (RaftServerProxy.java:addNew(96)) - 88416288-d81a-4caa-b0be-4bb91378dc06: addNew group-593221C92A9B:[88416288-d81a-4caa-b0be-4bb91378dc06|rpc:10.1.0.42:43207|dataStream:10.1.0.42:38003|priority:1|startupRole:FOLLOWER] returns group-593221C92A9B:java.util.concurrent.CompletableFuture@5a05c6f1[Not completed]
2023-05-05 09:13:00,690 [pool-954-thread-1] INFO  server.RaftServer$Division (RaftServerImpl.java:<init>(195)) - 88416288-d81a-4caa-b0be-4bb91378dc06: new RaftServerImpl for group-593221C92A9B:[88416288-d81a-4caa-b0be-4bb91378dc06|rpc:10.1.0.42:43207|dataStream:10.1.0.42:38003|priority:1|startupRole:FOLLOWER] with ContainerStateMachine:uninitialized
2023-05-05 09:13:00,690 [pool-954-thread-1] INFO  server.RaftServerConfigKeys (ConfUtils.java:logGet(46)) - raft.server.rpc.timeout.min = 5s (custom)
2023-05-05 09:13:00,690 [pool-954-thread-1] INFO  server.RaftServerConfigKeys (ConfUtils.java:logGet(46)) - raft.server.rpc.timeout.max = 5200ms (custom)
2023-05-05 09:13:00,690 [pool-954-thread-1] INFO  server.RaftServerConfigKeys (ConfUtils.java:logGet(46)) - raft.server.rpc.sleep.time = 25ms (default)
2023-05-05 09:13:00,690 [pool-954-thread-1] INFO  server.RaftServerConfigKeys (ConfUtils.java:logGet(46)) - raft.server.rpc.slowness.timeout = 300s (custom)
2023-05-05 09:13:00,691 [pool-954-thread-1] INFO  server.RaftServerConfigKeys (ConfUtils.java:logGet(46)) - raft.server.leaderelection.leader.step-down.wait-time = 10s (default)
2023-05-05 09:13:00,691 [pool-954-thread-1] INFO  server.RaftServerConfigKeys (ConfUtils.java:logGet(46)) - raft.server.sleep.deviation.threshold = 300ms (default)
2023-05-05 09:13:00,691 [pool-954-thread-1] INFO  server.RaftServer$Division (ServerState.java:<init>(118)) - 88416288-d81a-4caa-b0be-4bb91378dc06@group-593221C92A9B: ConfigurationManager, init=-1: peers:[88416288-d81a-4caa-b0be-4bb91378dc06|rpc:10.1.0.42:43207|dataStream:10.1.0.42:38003|priority:1|startupRole:FOLLOWER]|listeners:[], old=null, confs=<EMPTY_MAP>
2023-05-05 09:13:00,691 [pool-954-thread-1] INFO  server.RaftServerConfigKeys (ConfUtils.java:logGet(46)) - raft.server.storage.dir = [/home/runner/work/ozone/ozone/hadoop-ozone/integration-test/target/test-dir/MiniOzoneClusterImpl-44598e80-008f-49ac-96a9-a666e849b629/datanode-1/data/ratis] (custom)
2023-05-05 09:13:00,691 [pool-954-thread-1] INFO  server.RaftServerConfigKeys (ConfUtils.java:logGet(46)) - raft.server.log.corruption.policy = EXCEPTION (default)
2023-05-05 09:13:00,691 [pool-954-thread-1] INFO  server.RaftServerConfigKeys (ConfUtils.java:logGet(46)) - raft.server.storage.free-space.min = 0MB (=0) (default)
2023-05-05 09:13:00,691 [pool-954-thread-1] INFO  server.RaftServerConfigKeys (ConfUtils.java:logGet(46)) - raft.server.notification.no-leader.timeout = 300s (custom)
2023-05-05 09:13:00,691 [pool-954-thread-1] INFO  server.RaftServerConfigKeys (ConfUtils.java:logGet(46)) - raft.server.retrycache.expirytime = 600000ms (custom)
2023-05-05 09:13:00,691 [pool-954-thread-1] INFO  server.RaftServerConfigKeys (ConfUtils.java:logGet(46)) - raft.server.retrycache.statistics.expirytime = 100μs (default)
2023-05-05 09:13:00,692 [pool-954-thread-1] INFO  server.RaftServerConfigKeys (ConfUtils.java:logGet(46)) - raft.server.log.appender.install.snapshot.enabled = false (custom)
2023-05-05 09:13:00,692 [pool-954-thread-1] INFO  server.RaftServerConfigKeys (ConfUtils.java:logGet(46)) - raft.server.threadpool.server.cached = true (default)
2023-05-05 09:13:00,692 [pool-954-thread-1] INFO  server.RaftServerConfigKeys (ConfUtils.java:logGet(46)) - raft.server.threadpool.server.size = 0 (default)
2023-05-05 09:13:00,692 [pool-954-thread-1] INFO  server.RaftServerConfigKeys (ConfUtils.java:logGet(46)) - raft.server.threadpool.client.cached = true (default)
2023-05-05 09:13:00,692 [pool-954-thread-1] INFO  server.RaftServerConfigKeys (ConfUtils.java:logGet(46)) - raft.server.threadpool.client.size = 0 (default)
2023-05-05 09:13:00,692 [pool-954-thread-1] INFO  storage.RaftStorageDirectory (RaftStorageDirectoryImpl.java:analyzeStorage(137)) - The storage directory /home/runner/work/ozone/ozone/hadoop-ozone/integration-test/target/test-dir/MiniOzoneClusterImpl-44598e80-008f-49ac-96a9-a666e849b629/datanode-1/data/ratis/2fcb2459-9574-44c8-9ce4-593221c92a9b does not exist. Creating ...
2023-05-05 09:13:00,694 [pool-954-thread-1] INFO  storage.RaftStorageDirectory (RaftStorageDirectoryImpl.java:tryLock(231)) - Lock on /home/runner/work/ozone/ozone/hadoop-ozone/integration-test/target/test-dir/MiniOzoneClusterImpl-44598e80-008f-49ac-96a9-a666e849b629/datanode-1/data/ratis/2fcb2459-9574-44c8-9ce4-593221c92a9b/in_use.lock acquired by nodename 7812@fv-az152-207
2023-05-05 09:13:00,695 [pool-954-thread-1] INFO  storage.RaftStorage (RaftStorageImpl.java:format(96)) - Storage directory /home/runner/work/ozone/ozone/hadoop-ozone/integration-test/target/test-dir/MiniOzoneClusterImpl-44598e80-008f-49ac-96a9-a666e849b629/datanode-1/data/ratis/2fcb2459-9574-44c8-9ce4-593221c92a9b has been successfully formatted.
2023-05-05 09:13:00,695 [pool-954-thread-1] INFO  ratis.ContainerStateMachine (ContainerStateMachine.java:loadSnapshot(262)) - group-593221C92A9B: The snapshot info is null. Setting the last applied indexto:(t:0, i:~)
2023-05-05 09:13:00,696 [pool-954-thread-1] INFO  server.RaftServerConfigKeys (ConfUtils.java:logGet(46)) - raft.server.log.use.memory = false (default)
2023-05-05 09:13:00,696 [pool-954-thread-1] INFO  server.RaftServerConfigKeys (ConfUtils.java:logGet(46)) - raft.server.log.purge.gap = 1000000 (custom)
2023-05-05 09:13:00,696 [pool-954-thread-1] INFO  server.RaftServerConfigKeys (ConfUtils.java:logGet(46)) - raft.server.log.appender.buffer.byte-limit = 33554432 (custom)
2023-05-05 09:13:00,696 [pool-954-thread-1] INFO  server.RaftServerConfigKeys (ConfUtils.java:logGet(46)) - raft.server.log.statemachine.data.read.timeout = 1000ms (default)
2023-05-05 09:13:00,696 [pool-954-thread-1] INFO  server.RaftServerConfigKeys (ConfUtils.java:logGet(46)) - raft.server.log.purge.preservation.log.num = 0 (default)
2023-05-05 09:13:00,696 [pool-954-thread-1] INFO  server.RaftServerConfigKeys (ConfUtils.java:logGet(46)) - raft.server.log.segment.size.max = 1048576 (custom)
2023-05-05 09:13:00,696 [pool-954-thread-1] INFO  server.RaftServerConfigKeys (ConfUtils.java:logGet(46)) - raft.server.log.segment.cache.num.max = 2 (custom)
2023-05-05 09:13:00,696 [pool-954-thread-1] INFO  server.RaftServerConfigKeys (ConfUtils.java:logGet(46)) - raft.server.log.segment.cache.size.max = 200MB (=209715200) (default)
2023-05-05 09:13:00,696 [pool-954-thread-1] INFO  segmented.SegmentedRaftLogWorker (SegmentedRaftLogWorker.java:<init>(189)) - new 88416288-d81a-4caa-b0be-4bb91378dc06@group-593221C92A9B-SegmentedRaftLogWorker for RaftStorageImpl:Storage Directory /home/runner/work/ozone/ozone/hadoop-ozone/integration-test/target/test-dir/MiniOzoneClusterImpl-44598e80-008f-49ac-96a9-a666e849b629/datanode-1/data/ratis/2fcb2459-9574-44c8-9ce4-593221c92a9b
2023-05-05 09:13:00,697 [pool-954-thread-1] INFO  server.RaftServerConfigKeys (ConfUtils.java:logGet(46)) - raft.server.log.queue.byte-limit = 4294967296 (custom)
2023-05-05 09:13:00,697 [pool-954-thread-1] INFO  server.RaftServerConfigKeys (ConfUtils.java:logGet(46)) - raft.server.log.queue.element-limit = 1024 (custom)
2023-05-05 09:13:00,697 [pool-954-thread-1] INFO  server.RaftServerConfigKeys (ConfUtils.java:logGet(46)) - raft.server.log.segment.size.max = 1048576 (custom)
2023-05-05 09:13:00,697 [pool-954-thread-1] INFO  server.RaftServerConfigKeys (ConfUtils.java:logGet(46)) - raft.server.log.preallocated.size = 16384 (custom)
2023-05-05 09:13:00,697 [pool-954-thread-1] INFO  server.RaftServerConfigKeys (ConfUtils.java:logGet(46)) - raft.server.log.force.sync.num = 128 (default)
2023-05-05 09:13:00,697 [pool-954-thread-1] INFO  server.RaftServerConfigKeys (ConfUtils.java:logGet(46)) - raft.server.log.statemachine.data.sync = true (default)
2023-05-05 09:13:00,697 [EventQueue-PipelineReportForPipelineReportHandler] INFO  pipeline.PipelineManagerImpl (PipelineManagerImpl.java:openPipeline(367)) - Pipeline Pipeline[ Id: 2fcb2459-9574-44c8-9ce4-593221c92a9b, Nodes: 88416288-d81a-4caa-b0be-4bb91378dc06(fv-az152-207.qln5d00okglujjccfnhxhxodph.cx.internal.cloudapp.net/10.1.0.42), ReplicationConfig: RATIS/ONE, State:ALLOCATED, leaderId:88416288-d81a-4caa-b0be-4bb91378dc06, CreationTimestamp2023-05-05T09:12:57.693Z[Etc/UTC]] moved to OPEN state
2023-05-05 09:13:00,697 [EventQueue-OpenPipelineForHealthyPipelineSafeModeRule] INFO  safemode.SCMSafeModeManager (HealthyPipelineSafeModeRule.java:process(137)) - SCM in safe mode. Healthy pipelines reported count is 0, required healthy pipeline reported count is 1
2023-05-05 09:13:00,697 [pool-954-thread-1] INFO  server.RaftServerConfigKeys (ConfUtils.java:logGet(46)) - raft.server.log.statemachine.data.sync.timeout = 10s (default)
2023-05-05 09:13:00,698 [pool-954-thread-1] INFO  server.RaftServerConfigKeys (ConfUtils.java:logGet(46)) - raft.server.log.statemachine.data.sync.timeout.retry = -1 (default)
2023-05-05 09:13:00,698 [pool-954-thread-1] INFO  server.RaftServerConfigKeys (ConfUtils.java:logGet(46)) - raft.server.log.write.buffer.size = 1048576 (custom)
2023-05-05 09:13:00,699 [pool-954-thread-1] INFO  server.RaftServerConfigKeys (ConfUtils.java:logGet(46)) - raft.server.log.appender.buffer.byte-limit = 33554432 (custom)
2023-05-05 09:13:00,703 [pool-954-thread-1] INFO  server.RaftServerConfigKeys (ConfUtils.java:logGet(46)) - raft.server.log.unsafe-flush.enabled = false (default)
2023-05-05 09:13:00,703 [pool-954-thread-1] INFO  server.RaftServerConfigKeys (ConfUtils.java:logGet(46)) - raft.server.log.async-flush.enabled = false (default)
2023-05-05 09:13:00,703 [pool-954-thread-1] INFO  server.RaftServerConfigKeys (ConfUtils.java:logGet(46)) - raft.server.log.statemachine.data.caching.enabled = true (custom)
2023-05-05 09:13:00,704 [pool-954-thread-1] INFO  segmented.SegmentedRaftLogWorker (SegmentedRaftLogWorker.java:lambda$new$0(135)) - 88416288-d81a-4caa-b0be-4bb91378dc06@group-593221C92A9B-SegmentedRaftLogWorker: flushIndex: setUnconditionally 0 -> -1
2023-05-05 09:13:00,704 [pool-954-thread-1] INFO  segmented.SegmentedRaftLogWorker (SegmentedRaftLogWorker.java:lambda$new$0(135)) - 88416288-d81a-4caa-b0be-4bb91378dc06@group-593221C92A9B-SegmentedRaftLogWorker: safeCacheEvictIndex: setUnconditionally 0 -> -1
2023-05-05 09:13:00,705 [pool-954-thread-1] INFO  server.RaftServer$Division (RaftServerImpl.java:start(334)) - 88416288-d81a-4caa-b0be-4bb91378dc06@group-593221C92A9B: start as a follower, conf=-1: peers:[88416288-d81a-4caa-b0be-4bb91378dc06|rpc:10.1.0.42:43207|dataStream:10.1.0.42:38003|priority:1|startupRole:FOLLOWER]|listeners:[], old=null
2023-05-05 09:13:00,705 [pool-954-thread-1] INFO  server.RaftServer$Division (RaftServerImpl.java:setRole(321)) - 88416288-d81a-4caa-b0be-4bb91378dc06@group-593221C92A9B: changes role from      null to FOLLOWER at term 0 for startAsFollower
2023-05-05 09:13:00,705 [pool-954-thread-1] INFO  impl.RoleInfo (RoleInfo.java:updateAndGet(139)) - 88416288-d81a-4caa-b0be-4bb91378dc06: start 88416288-d81a-4caa-b0be-4bb91378dc06@group-593221C92A9B-FollowerState
2023-05-05 09:13:00,705 [pool-954-thread-1] INFO  util.JmxRegister (JmxRegister.java:tryRegister(44)) - Successfully registered JMX Bean with object name Ratis:service=RaftServer,group=group-593221C92A9B,id=88416288-d81a-4caa-b0be-4bb91378dc06
2023-05-05 09:13:00,705 [88416288-d81a-4caa-b0be-4bb91378dc06@group-593221C92A9B-FollowerState] INFO  server.RaftServerConfigKeys (ConfUtils.java:logFallback(53)) - raft.server.rpc.first-election.timeout.min = 5s (fallback to raft.server.rpc.timeout.min)
2023-05-05 09:13:00,705 [pool-954-thread-1] INFO  server.RaftServerConfigKeys (ConfUtils.java:logGet(46)) - raft.server.snapshot.auto.trigger.enabled = true (custom)
2023-05-05 09:13:00,705 [88416288-d81a-4caa-b0be-4bb91378dc06@group-593221C92A9B-FollowerState] INFO  server.RaftServerConfigKeys (ConfUtils.java:logFallback(53)) - raft.server.rpc.first-election.timeout.max = 5200ms (fallback to raft.server.rpc.timeout.max)
2023-05-05 09:13:00,705 [pool-954-thread-1] INFO  server.RaftServerConfigKeys (ConfUtils.java:logGet(46)) - raft.server.snapshot.auto.trigger.threshold = 10000 (custom)
2023-05-05 09:13:00,705 [pool-954-thread-1] INFO  server.RaftServerConfigKeys (ConfUtils.java:logGet(46)) - raft.server.snapshot.retention.file.num = 5 (custom)
2023-05-05 09:13:00,705 [pool-954-thread-1] INFO  server.RaftServerConfigKeys (ConfUtils.java:logGet(46)) - raft.server.log.purge.upto.snapshot.index = false (default)
2023-05-05 09:13:00,706 [Command processor thread] INFO  ratis.XceiverServerRatis (XceiverServerRatis.java:addGroup(806)) - Created group PipelineID=2fcb2459-9574-44c8-9ce4-593221c92a9b
2023-05-05 09:13:00,706 [Command processor thread] INFO  commandhandler.CreatePipelineCommandHandler (CreatePipelineCommandHandler.java:handle(113)) - Created Pipeline RATIS ONE PipelineID=2fcb2459-9574-44c8-9ce4-593221c92a9b.
2023-05-05 09:13:01,018 [Listener at 127.0.0.1/38811] INFO  ozone.MiniOzoneClusterImpl (MiniOzoneClusterImpl.java:lambda$waitForClusterToBeReady$0(223)) - Nodes are ready. Got 3 of 3 DN Heartbeats.
2023-05-05 09:13:01,018 [Listener at 127.0.0.1/38811] INFO  ozone.MiniOzoneClusterImpl (MiniOzoneClusterImpl.java:lambda$waitForClusterToBeReady$0(226)) - Waiting for cluster to exit safe mode
2023-05-05 09:13:01,018 [Listener at 127.0.0.1/38811] INFO  ozone.MiniOzoneClusterImpl (MiniOzoneClusterImpl.java:lambda$waitForClusterToBeReady$0(228)) - SCM became leader
2023-05-05 09:13:01,020 [Command processor thread] INFO  server.RaftServer (RaftServerProxy.java:addNew(96)) - f85e0dcc-39ca-49ef-85c9-6c51f48e3333: addNew group-AABDB4147B7A:[f85e0dcc-39ca-49ef-85c9-6c51f48e3333|rpc:10.1.0.42:39217|dataStream:10.1.0.42:32803|priority:1|startupRole:FOLLOWER] returns group-AABDB4147B7A:java.util.concurrent.CompletableFuture@99494b4[Not completed]
2023-05-05 09:13:01,021 [pool-976-thread-1] INFO  server.RaftServer$Division (RaftServerImpl.java:<init>(195)) - f85e0dcc-39ca-49ef-85c9-6c51f48e3333: new RaftServerImpl for group-AABDB4147B7A:[f85e0dcc-39ca-49ef-85c9-6c51f48e3333|rpc:10.1.0.42:39217|dataStream:10.1.0.42:32803|priority:1|startupRole:FOLLOWER] with ContainerStateMachine:uninitialized
2023-05-05 09:13:01,021 [pool-976-thread-1] INFO  server.RaftServerConfigKeys (ConfUtils.java:logGet(46)) - raft.server.rpc.timeout.min = 5s (custom)
2023-05-05 09:13:01,021 [pool-976-thread-1] INFO  server.RaftServerConfigKeys (ConfUtils.java:logGet(46)) - raft.server.rpc.timeout.max = 5200ms (custom)
2023-05-05 09:13:01,021 [pool-976-thread-1] INFO  server.RaftServerConfigKeys (ConfUtils.java:logGet(46)) - raft.server.rpc.sleep.time = 25ms (default)
2023-05-05 09:13:01,021 [pool-976-thread-1] INFO  server.RaftServerConfigKeys (ConfUtils.java:logGet(46)) - raft.server.rpc.slowness.timeout = 300s (custom)
2023-05-05 09:13:01,021 [pool-976-thread-1] INFO  server.RaftServerConfigKeys (ConfUtils.java:logGet(46)) - raft.server.leaderelection.leader.step-down.wait-time = 10s (default)
2023-05-05 09:13:01,021 [pool-976-thread-1] INFO  server.RaftServerConfigKeys (ConfUtils.java:logGet(46)) - raft.server.sleep.deviation.threshold = 300ms (default)
2023-05-05 09:13:01,021 [pool-976-thread-1] INFO  server.RaftServer$Division (ServerState.java:<init>(118)) - f85e0dcc-39ca-49ef-85c9-6c51f48e3333@group-AABDB4147B7A: ConfigurationManager, init=-1: peers:[f85e0dcc-39ca-49ef-85c9-6c51f48e3333|rpc:10.1.0.42:39217|dataStream:10.1.0.42:32803|priority:1|startupRole:FOLLOWER]|listeners:[], old=null, confs=<EMPTY_MAP>
2023-05-05 09:13:01,022 [pool-976-thread-1] INFO  server.RaftServerConfigKeys (ConfUtils.java:logGet(46)) - raft.server.storage.dir = [/home/runner/work/ozone/ozone/hadoop-ozone/integration-test/target/test-dir/MiniOzoneClusterImpl-44598e80-008f-49ac-96a9-a666e849b629/datanode-2/data/ratis] (custom)
2023-05-05 09:13:01,022 [pool-976-thread-1] INFO  server.RaftServerConfigKeys (ConfUtils.java:logGet(46)) - raft.server.log.corruption.policy = EXCEPTION (default)
2023-05-05 09:13:01,022 [pool-976-thread-1] INFO  server.RaftServerConfigKeys (ConfUtils.java:logGet(46)) - raft.server.storage.free-space.min = 0MB (=0) (default)
2023-05-05 09:13:01,022 [pool-976-thread-1] INFO  server.RaftServerConfigKeys (ConfUtils.java:logGet(46)) - raft.server.notification.no-leader.timeout = 300s (custom)
2023-05-05 09:13:01,022 [pool-976-thread-1] INFO  server.RaftServerConfigKeys (ConfUtils.java:logGet(46)) - raft.server.retrycache.expirytime = 600000ms (custom)
2023-05-05 09:13:01,022 [pool-976-thread-1] INFO  server.RaftServerConfigKeys (ConfUtils.java:logGet(46)) - raft.server.retrycache.statistics.expirytime = 100μs (default)
2023-05-05 09:13:01,022 [pool-976-thread-1] INFO  server.RaftServerConfigKeys (ConfUtils.java:logGet(46)) - raft.server.log.appender.install.snapshot.enabled = false (custom)
2023-05-05 09:13:01,022 [pool-976-thread-1] INFO  server.RaftServerConfigKeys (ConfUtils.java:logGet(46)) - raft.server.threadpool.server.cached = true (default)
2023-05-05 09:13:01,022 [pool-976-thread-1] INFO  server.RaftServerConfigKeys (ConfUtils.java:logGet(46)) - raft.server.threadpool.server.size = 0 (default)
2023-05-05 09:13:01,023 [pool-976-thread-1] INFO  server.RaftServerConfigKeys (ConfUtils.java:logGet(46)) - raft.server.threadpool.client.cached = true (default)
2023-05-05 09:13:01,023 [pool-976-thread-1] INFO  server.RaftServerConfigKeys (ConfUtils.java:logGet(46)) - raft.server.threadpool.client.size = 0 (default)
2023-05-05 09:13:01,023 [pool-976-thread-1] INFO  storage.RaftStorageDirectory (RaftStorageDirectoryImpl.java:analyzeStorage(137)) - The storage directory /home/runner/work/ozone/ozone/hadoop-ozone/integration-test/target/test-dir/MiniOzoneClusterImpl-44598e80-008f-49ac-96a9-a666e849b629/datanode-2/data/ratis/da8addc8-aaec-472a-955f-aabdb4147b7a does not exist. Creating ...
2023-05-05 09:13:01,024 [pool-976-thread-1] INFO  storage.RaftStorageDirectory (RaftStorageDirectoryImpl.java:tryLock(231)) - Lock on /home/runner/work/ozone/ozone/hadoop-ozone/integration-test/target/test-dir/MiniOzoneClusterImpl-44598e80-008f-49ac-96a9-a666e849b629/datanode-2/data/ratis/da8addc8-aaec-472a-955f-aabdb4147b7a/in_use.lock acquired by nodename 7812@fv-az152-207
2023-05-05 09:13:01,025 [pool-976-thread-1] INFO  storage.RaftStorage (RaftStorageImpl.java:format(96)) - Storage directory /home/runner/work/ozone/ozone/hadoop-ozone/integration-test/target/test-dir/MiniOzoneClusterImpl-44598e80-008f-49ac-96a9-a666e849b629/datanode-2/data/ratis/da8addc8-aaec-472a-955f-aabdb4147b7a has been successfully formatted.
2023-05-05 09:13:01,025 [pool-976-thread-1] INFO  ratis.ContainerStateMachine (ContainerStateMachine.java:loadSnapshot(262)) - group-AABDB4147B7A: The snapshot info is null. Setting the last applied indexto:(t:0, i:~)
2023-05-05 09:13:01,026 [pool-976-thread-1] INFO  server.RaftServerConfigKeys (ConfUtils.java:logGet(46)) - raft.server.log.use.memory = false (default)
2023-05-05 09:13:01,026 [pool-976-thread-1] INFO  server.RaftServerConfigKeys (ConfUtils.java:logGet(46)) - raft.server.log.purge.gap = 1000000 (custom)
2023-05-05 09:13:01,026 [pool-976-thread-1] INFO  server.RaftServerConfigKeys (ConfUtils.java:logGet(46)) - raft.server.log.appender.buffer.byte-limit = 33554432 (custom)
2023-05-05 09:13:01,026 [pool-976-thread-1] INFO  server.RaftServerConfigKeys (ConfUtils.java:logGet(46)) - raft.server.log.statemachine.data.read.timeout = 1000ms (default)
2023-05-05 09:13:01,026 [pool-976-thread-1] INFO  server.RaftServerConfigKeys (ConfUtils.java:logGet(46)) - raft.server.log.purge.preservation.log.num = 0 (default)
2023-05-05 09:13:01,026 [pool-976-thread-1] INFO  server.RaftServerConfigKeys (ConfUtils.java:logGet(46)) - raft.server.log.segment.size.max = 1048576 (custom)
2023-05-05 09:13:01,026 [pool-976-thread-1] INFO  server.RaftServerConfigKeys (ConfUtils.java:logGet(46)) - raft.server.log.segment.cache.num.max = 2 (custom)
2023-05-05 09:13:01,026 [pool-976-thread-1] INFO  server.RaftServerConfigKeys (ConfUtils.java:logGet(46)) - raft.server.log.segment.cache.size.max = 200MB (=209715200) (default)
2023-05-05 09:13:01,026 [pool-976-thread-1] INFO  segmented.SegmentedRaftLogWorker (SegmentedRaftLogWorker.java:<init>(189)) - new f85e0dcc-39ca-49ef-85c9-6c51f48e3333@group-AABDB4147B7A-SegmentedRaftLogWorker for RaftStorageImpl:Storage Directory /home/runner/work/ozone/ozone/hadoop-ozone/integration-test/target/test-dir/MiniOzoneClusterImpl-44598e80-008f-49ac-96a9-a666e849b629/datanode-2/data/ratis/da8addc8-aaec-472a-955f-aabdb4147b7a
2023-05-05 09:13:01,026 [pool-976-thread-1] INFO  server.RaftServerConfigKeys (ConfUtils.java:logGet(46)) - raft.server.log.queue.byte-limit = 4294967296 (custom)
2023-05-05 09:13:01,026 [pool-976-thread-1] INFO  server.RaftServerConfigKeys (ConfUtils.java:logGet(46)) - raft.server.log.queue.element-limit = 1024 (custom)
2023-05-05 09:13:01,027 [pool-976-thread-1] INFO  server.RaftServerConfigKeys (ConfUtils.java:logGet(46)) - raft.server.log.segment.size.max = 1048576 (custom)
2023-05-05 09:13:01,027 [pool-976-thread-1] INFO  server.RaftServerConfigKeys (ConfUtils.java:logGet(46)) - raft.server.log.preallocated.size = 16384 (custom)
2023-05-05 09:13:01,027 [pool-976-thread-1] INFO  server.RaftServerConfigKeys (ConfUtils.java:logGet(46)) - raft.server.log.force.sync.num = 128 (default)
2023-05-05 09:13:01,027 [pool-976-thread-1] INFO  server.RaftServerConfigKeys (ConfUtils.java:logGet(46)) - raft.server.log.statemachine.data.sync = true (default)
2023-05-05 09:13:01,027 [EventQueue-PipelineReportForPipelineReportHandler] INFO  pipeline.PipelineManagerImpl (PipelineManagerImpl.java:openPipeline(367)) - Pipeline Pipeline[ Id: da8addc8-aaec-472a-955f-aabdb4147b7a, Nodes: f85e0dcc-39ca-49ef-85c9-6c51f48e3333(fv-az152-207.qln5d00okglujjccfnhxhxodph.cx.internal.cloudapp.net/10.1.0.42), ReplicationConfig: RATIS/ONE, State:ALLOCATED, leaderId:f85e0dcc-39ca-49ef-85c9-6c51f48e3333, CreationTimestamp2023-05-05T09:12:58.022Z[Etc/UTC]] moved to OPEN state
2023-05-05 09:13:01,028 [pool-976-thread-1] INFO  server.RaftServerConfigKeys (ConfUtils.java:logGet(46)) - raft.server.log.statemachine.data.sync.timeout = 10s (default)
2023-05-05 09:13:01,028 [pool-976-thread-1] INFO  server.RaftServerConfigKeys (ConfUtils.java:logGet(46)) - raft.server.log.statemachine.data.sync.timeout.retry = -1 (default)
2023-05-05 09:13:01,028 [EventQueue-OpenPipelineForHealthyPipelineSafeModeRule] INFO  safemode.SCMSafeModeManager (HealthyPipelineSafeModeRule.java:process(137)) - SCM in safe mode. Healthy pipelines reported count is 0, required healthy pipeline reported count is 1
2023-05-05 09:13:01,030 [pool-976-thread-1] INFO  server.RaftServerConfigKeys (ConfUtils.java:logGet(46)) - raft.server.log.write.buffer.size = 1048576 (custom)
2023-05-05 09:13:01,031 [pool-976-thread-1] INFO  server.RaftServerConfigKeys (ConfUtils.java:logGet(46)) - raft.server.log.appender.buffer.byte-limit = 33554432 (custom)
2023-05-05 09:13:01,036 [pool-976-thread-1] INFO  server.RaftServerConfigKeys (ConfUtils.java:logGet(46)) - raft.server.log.unsafe-flush.enabled = false (default)
2023-05-05 09:13:01,036 [pool-976-thread-1] INFO  server.RaftServerConfigKeys (ConfUtils.java:logGet(46)) - raft.server.log.async-flush.enabled = false (default)
2023-05-05 09:13:01,041 [pool-976-thread-1] INFO  server.RaftServerConfigKeys (ConfUtils.java:logGet(46)) - raft.server.log.statemachine.data.caching.enabled = true (custom)
2023-05-05 09:13:01,041 [pool-976-thread-1] INFO  segmented.SegmentedRaftLogWorker (SegmentedRaftLogWorker.java:lambda$new$0(135)) - f85e0dcc-39ca-49ef-85c9-6c51f48e3333@group-AABDB4147B7A-SegmentedRaftLogWorker: flushIndex: setUnconditionally 0 -> -1
2023-05-05 09:13:01,041 [pool-976-thread-1] INFO  segmented.SegmentedRaftLogWorker (SegmentedRaftLogWorker.java:lambda$new$0(135)) - f85e0dcc-39ca-49ef-85c9-6c51f48e3333@group-AABDB4147B7A-SegmentedRaftLogWorker: safeCacheEvictIndex: setUnconditionally 0 -> -1
2023-05-05 09:13:01,042 [pool-976-thread-1] INFO  server.RaftServer$Division (RaftServerImpl.java:start(334)) - f85e0dcc-39ca-49ef-85c9-6c51f48e3333@group-AABDB4147B7A: start as a follower, conf=-1: peers:[f85e0dcc-39ca-49ef-85c9-6c51f48e3333|rpc:10.1.0.42:39217|dataStream:10.1.0.42:32803|priority:1|startupRole:FOLLOWER]|listeners:[], old=null
2023-05-05 09:13:01,042 [pool-976-thread-1] INFO  server.RaftServer$Division (RaftServerImpl.java:setRole(321)) - f85e0dcc-39ca-49ef-85c9-6c51f48e3333@group-AABDB4147B7A: changes role from      null to FOLLOWER at term 0 for startAsFollower
2023-05-05 09:13:01,042 [pool-976-thread-1] INFO  impl.RoleInfo (RoleInfo.java:updateAndGet(139)) - f85e0dcc-39ca-49ef-85c9-6c51f48e3333: start f85e0dcc-39ca-49ef-85c9-6c51f48e3333@group-AABDB4147B7A-FollowerState
2023-05-05 09:13:01,042 [f85e0dcc-39ca-49ef-85c9-6c51f48e3333@group-AABDB4147B7A-FollowerState] INFO  server.RaftServerConfigKeys (ConfUtils.java:logFallback(53)) - raft.server.rpc.first-election.timeout.min = 5s (fallback to raft.server.rpc.timeout.min)
2023-05-05 09:13:01,042 [pool-976-thread-1] INFO  util.JmxRegister (JmxRegister.java:tryRegister(44)) - Successfully registered JMX Bean with object name Ratis:service=RaftServer,group=group-AABDB4147B7A,id=f85e0dcc-39ca-49ef-85c9-6c51f48e3333
2023-05-05 09:13:01,042 [pool-976-thread-1] INFO  server.RaftServerConfigKeys (ConfUtils.java:logGet(46)) - raft.server.snapshot.auto.trigger.enabled = true (custom)
2023-05-05 09:13:01,042 [f85e0dcc-39ca-49ef-85c9-6c51f48e3333@group-AABDB4147B7A-FollowerState] INFO  server.RaftServerConfigKeys (ConfUtils.java:logFallback(53)) - raft.server.rpc.first-election.timeout.max = 5200ms (fallback to raft.server.rpc.timeout.max)
2023-05-05 09:13:01,042 [pool-976-thread-1] INFO  server.RaftServerConfigKeys (ConfUtils.java:logGet(46)) - raft.server.snapshot.auto.trigger.threshold = 10000 (custom)
2023-05-05 09:13:01,042 [pool-976-thread-1] INFO  server.RaftServerConfigKeys (ConfUtils.java:logGet(46)) - raft.server.snapshot.retention.file.num = 5 (custom)
2023-05-05 09:13:01,042 [pool-976-thread-1] INFO  server.RaftServerConfigKeys (ConfUtils.java:logGet(46)) - raft.server.log.purge.upto.snapshot.index = false (default)
2023-05-05 09:13:01,043 [Command processor thread] INFO  ratis.XceiverServerRatis (XceiverServerRatis.java:addGroup(806)) - Created group PipelineID=da8addc8-aaec-472a-955f-aabdb4147b7a
2023-05-05 09:13:01,043 [Command processor thread] INFO  commandhandler.CreatePipelineCommandHandler (CreatePipelineCommandHandler.java:handle(113)) - Created Pipeline RATIS ONE PipelineID=da8addc8-aaec-472a-955f-aabdb4147b7a.
2023-05-05 09:13:02,018 [Listener at 127.0.0.1/38811] INFO  ozone.MiniOzoneClusterImpl (MiniOzoneClusterImpl.java:lambda$waitForClusterToBeReady$0(223)) - Nodes are ready. Got 3 of 3 DN Heartbeats.
2023-05-05 09:13:02,018 [Listener at 127.0.0.1/38811] INFO  ozone.MiniOzoneClusterImpl (MiniOzoneClusterImpl.java:lambda$waitForClusterToBeReady$0(226)) - Waiting for cluster to exit safe mode
2023-05-05 09:13:02,018 [Listener at 127.0.0.1/38811] INFO  ozone.MiniOzoneClusterImpl (MiniOzoneClusterImpl.java:lambda$waitForClusterToBeReady$0(228)) - SCM became leader
2023-05-05 09:13:03,019 [Listener at 127.0.0.1/38811] INFO  ozone.MiniOzoneClusterImpl (MiniOzoneClusterImpl.java:lambda$waitForClusterToBeReady$0(223)) - Nodes are ready. Got 3 of 3 DN Heartbeats.
2023-05-05 09:13:03,019 [Listener at 127.0.0.1/38811] INFO  ozone.MiniOzoneClusterImpl (MiniOzoneClusterImpl.java:lambda$waitForClusterToBeReady$0(226)) - Waiting for cluster to exit safe mode
2023-05-05 09:13:03,019 [Listener at 127.0.0.1/38811] INFO  ozone.MiniOzoneClusterImpl (MiniOzoneClusterImpl.java:lambda$waitForClusterToBeReady$0(228)) - SCM became leader
2023-05-05 09:13:04,019 [Listener at 127.0.0.1/38811] INFO  ozone.MiniOzoneClusterImpl (MiniOzoneClusterImpl.java:lambda$waitForClusterToBeReady$0(223)) - Nodes are ready. Got 3 of 3 DN Heartbeats.
2023-05-05 09:13:04,019 [Listener at 127.0.0.1/38811] INFO  ozone.MiniOzoneClusterImpl (MiniOzoneClusterImpl.java:lambda$waitForClusterToBeReady$0(226)) - Waiting for cluster to exit safe mode
2023-05-05 09:13:04,019 [Listener at 127.0.0.1/38811] INFO  ozone.MiniOzoneClusterImpl (MiniOzoneClusterImpl.java:lambda$waitForClusterToBeReady$0(228)) - SCM became leader
2023-05-05 09:13:05,020 [Listener at 127.0.0.1/38811] INFO  ozone.MiniOzoneClusterImpl (MiniOzoneClusterImpl.java:lambda$waitForClusterToBeReady$0(223)) - Nodes are ready. Got 3 of 3 DN Heartbeats.
2023-05-05 09:13:05,020 [Listener at 127.0.0.1/38811] INFO  ozone.MiniOzoneClusterImpl (MiniOzoneClusterImpl.java:lambda$waitForClusterToBeReady$0(226)) - Waiting for cluster to exit safe mode
2023-05-05 09:13:05,020 [Listener at 127.0.0.1/38811] INFO  ozone.MiniOzoneClusterImpl (MiniOzoneClusterImpl.java:lambda$waitForClusterToBeReady$0(228)) - SCM became leader
2023-05-05 09:13:05,363 [01ec52f5-41b6-49aa-a875-886c0181af90@group-21A31C6BC464-FollowerState] INFO  impl.FollowerState (FollowerState.java:run(143)) - 01ec52f5-41b6-49aa-a875-886c0181af90@group-21A31C6BC464-FollowerState: change to CANDIDATE, lastRpcElapsedTime:5045529159ns, electionTimeout:5045ms
2023-05-05 09:13:05,363 [01ec52f5-41b6-49aa-a875-886c0181af90@group-21A31C6BC464-FollowerState] INFO  impl.RoleInfo (RoleInfo.java:shutdownFollowerState(110)) - 01ec52f5-41b6-49aa-a875-886c0181af90: shutdown 01ec52f5-41b6-49aa-a875-886c0181af90@group-21A31C6BC464-FollowerState
2023-05-05 09:13:05,363 [01ec52f5-41b6-49aa-a875-886c0181af90@group-21A31C6BC464-FollowerState] INFO  server.RaftServer$Division (RaftServerImpl.java:setRole(321)) - 01ec52f5-41b6-49aa-a875-886c0181af90@group-21A31C6BC464: changes role from  FOLLOWER to CANDIDATE at term 0 for changeToCandidate
2023-05-05 09:13:05,364 [01ec52f5-41b6-49aa-a875-886c0181af90@group-21A31C6BC464-FollowerState] INFO  server.RaftServerConfigKeys (ConfUtils.java:logGet(46)) - raft.server.leaderelection.pre-vote = true (default)
2023-05-05 09:13:05,364 [01ec52f5-41b6-49aa-a875-886c0181af90@group-21A31C6BC464-FollowerState] INFO  impl.RoleInfo (RoleInfo.java:updateAndGet(139)) - 01ec52f5-41b6-49aa-a875-886c0181af90: start 01ec52f5-41b6-49aa-a875-886c0181af90@group-21A31C6BC464-LeaderElection35
2023-05-05 09:13:05,367 [01ec52f5-41b6-49aa-a875-886c0181af90@group-21A31C6BC464-LeaderElection35] INFO  impl.LeaderElection (LeaderElection.java:askForVotes(312)) - 01ec52f5-41b6-49aa-a875-886c0181af90@group-21A31C6BC464-LeaderElection35 PRE_VOTE round 0: submit vote requests at term 0 for -1: peers:[f85e0dcc-39ca-49ef-85c9-6c51f48e3333|rpc:10.1.0.42:39217|dataStream:10.1.0.42:32803|priority:0|startupRole:FOLLOWER, 01ec52f5-41b6-49aa-a875-886c0181af90|rpc:10.1.0.42:34459|dataStream:10.1.0.42:41675|priority:0|startupRole:FOLLOWER, 88416288-d81a-4caa-b0be-4bb91378dc06|rpc:10.1.0.42:43207|dataStream:10.1.0.42:38003|priority:1|startupRole:FOLLOWER]|listeners:[], old=null
2023-05-05 09:13:05,368 [01ec52f5-41b6-49aa-a875-886c0181af90@group-21A31C6BC464-LeaderElection35] INFO  server.RaftServerConfigKeys (ConfUtils.java:logFallback(53)) - raft.server.rpc.first-election.timeout.min = 5s (fallback to raft.server.rpc.timeout.min)
2023-05-05 09:13:05,368 [01ec52f5-41b6-49aa-a875-886c0181af90@group-21A31C6BC464-LeaderElection35] INFO  server.RaftServerConfigKeys (ConfUtils.java:logFallback(53)) - raft.server.rpc.first-election.timeout.max = 5200ms (fallback to raft.server.rpc.timeout.max)
2023-05-05 09:13:05,368 [01ec52f5-41b6-49aa-a875-886c0181af90@group-21A31C6BC464-LeaderElection35-2] INFO  server.GrpcServerProtocolClient (GrpcServerProtocolClient.java:<init>(63)) - Build channel for 88416288-d81a-4caa-b0be-4bb91378dc06
2023-05-05 09:13:05,369 [01ec52f5-41b6-49aa-a875-886c0181af90@group-21A31C6BC464-LeaderElection35-1] INFO  server.GrpcServerProtocolClient (GrpcServerProtocolClient.java:<init>(63)) - Build channel for f85e0dcc-39ca-49ef-85c9-6c51f48e3333
2023-05-05 09:13:05,382 [grpc-default-executor-0] INFO  server.RaftServer$Division (RaftServerImpl.java:requestVote(1218)) - f85e0dcc-39ca-49ef-85c9-6c51f48e3333@group-21A31C6BC464: receive requestVote(PRE_VOTE, 01ec52f5-41b6-49aa-a875-886c0181af90, group-21A31C6BC464, 0, (t:0, i:0))
2023-05-05 09:13:05,382 [grpc-default-executor-0] INFO  impl.VoteContext (VoteContext.java:log(49)) - f85e0dcc-39ca-49ef-85c9-6c51f48e3333@group-21A31C6BC464-FOLLOWER: accept PRE_VOTE from 01ec52f5-41b6-49aa-a875-886c0181af90: our priority 0 <= candidate's priority 0
2023-05-05 09:13:05,382 [grpc-default-executor-0] INFO  server.RaftServer$Division (RaftServerImpl.java:requestVote(1251)) - f85e0dcc-39ca-49ef-85c9-6c51f48e3333@group-21A31C6BC464 replies to PRE_VOTE vote request: 01ec52f5-41b6-49aa-a875-886c0181af90<-f85e0dcc-39ca-49ef-85c9-6c51f48e3333#0:OK-t0. Peer's state: f85e0dcc-39ca-49ef-85c9-6c51f48e3333@group-21A31C6BC464:t0, leader=null, voted=, raftlog=Memoized:f85e0dcc-39ca-49ef-85c9-6c51f48e3333@group-21A31C6BC464-SegmentedRaftLog:OPENED:c-1, conf=-1: peers:[f85e0dcc-39ca-49ef-85c9-6c51f48e3333|rpc:10.1.0.42:39217|dataStream:10.1.0.42:32803|priority:0|startupRole:FOLLOWER, 01ec52f5-41b6-49aa-a875-886c0181af90|rpc:10.1.0.42:34459|dataStream:10.1.0.42:41675|priority:0|startupRole:FOLLOWER, 88416288-d81a-4caa-b0be-4bb91378dc06|rpc:10.1.0.42:43207|dataStream:10.1.0.42:38003|priority:1|startupRole:FOLLOWER]|listeners:[], old=null
2023-05-05 09:13:05,385 [grpc-default-executor-1] INFO  server.RaftServer$Division (RaftServerImpl.java:requestVote(1218)) - 88416288-d81a-4caa-b0be-4bb91378dc06@group-21A31C6BC464: receive requestVote(PRE_VOTE, 01ec52f5-41b6-49aa-a875-886c0181af90, group-21A31C6BC464, 0, (t:0, i:0))
2023-05-05 09:13:05,385 [grpc-default-executor-1] INFO  impl.VoteContext (VoteContext.java:log(49)) - 88416288-d81a-4caa-b0be-4bb91378dc06@group-21A31C6BC464-FOLLOWER: reject PRE_VOTE from 01ec52f5-41b6-49aa-a875-886c0181af90: our priority 1 > candidate's priority 0
2023-05-05 09:13:05,385 [grpc-default-executor-1] INFO  server.RaftServer$Division (RaftServerImpl.java:requestVote(1251)) - 88416288-d81a-4caa-b0be-4bb91378dc06@group-21A31C6BC464 replies to PRE_VOTE vote request: 01ec52f5-41b6-49aa-a875-886c0181af90<-88416288-d81a-4caa-b0be-4bb91378dc06#0:FAIL-t0. Peer's state: 88416288-d81a-4caa-b0be-4bb91378dc06@group-21A31C6BC464:t0, leader=null, voted=, raftlog=Memoized:88416288-d81a-4caa-b0be-4bb91378dc06@group-21A31C6BC464-SegmentedRaftLog:OPENED:c-1, conf=-1: peers:[f85e0dcc-39ca-49ef-85c9-6c51f48e3333|rpc:10.1.0.42:39217|dataStream:10.1.0.42:32803|priority:0|startupRole:FOLLOWER, 01ec52f5-41b6-49aa-a875-886c0181af90|rpc:10.1.0.42:34459|dataStream:10.1.0.42:41675|priority:0|startupRole:FOLLOWER, 88416288-d81a-4caa-b0be-4bb91378dc06|rpc:10.1.0.42:43207|dataStream:10.1.0.42:38003|priority:1|startupRole:FOLLOWER]|listeners:[], old=null
2023-05-05 09:13:05,386 [01ec52f5-41b6-49aa-a875-886c0181af90@group-21A31C6BC464-LeaderElection35] INFO  impl.LeaderElection (LeaderElection.java:logAndReturn(90)) - 01ec52f5-41b6-49aa-a875-886c0181af90@group-21A31C6BC464-LeaderElection35: PRE_VOTE REJECTED received 1 response(s) and 0 exception(s):
2023-05-05 09:13:05,386 [01ec52f5-41b6-49aa-a875-886c0181af90@group-21A31C6BC464-LeaderElection35] INFO  impl.LeaderElection (LeaderElection.java:logAndReturn(94)) -   Response 0: 01ec52f5-41b6-49aa-a875-886c0181af90<-88416288-d81a-4caa-b0be-4bb91378dc06#0:FAIL-t0
2023-05-05 09:13:05,386 [01ec52f5-41b6-49aa-a875-886c0181af90@group-21A31C6BC464-LeaderElection35] INFO  impl.LeaderElection (LeaderElection.java:askForVotes(314)) - 01ec52f5-41b6-49aa-a875-886c0181af90@group-21A31C6BC464-LeaderElection35 PRE_VOTE round 0: result REJECTED
2023-05-05 09:13:05,386 [01ec52f5-41b6-49aa-a875-886c0181af90@group-21A31C6BC464-LeaderElection35] INFO  server.RaftServer$Division (RaftServerImpl.java:setRole(321)) - 01ec52f5-41b6-49aa-a875-886c0181af90@group-21A31C6BC464: changes role from CANDIDATE to FOLLOWER at term 0 for REJECTED
2023-05-05 09:13:05,386 [01ec52f5-41b6-49aa-a875-886c0181af90@group-21A31C6BC464-LeaderElection35] INFO  impl.RoleInfo (RoleInfo.java:shutdownLeaderElection(130)) - 01ec52f5-41b6-49aa-a875-886c0181af90: shutdown 01ec52f5-41b6-49aa-a875-886c0181af90@group-21A31C6BC464-LeaderElection35
2023-05-05 09:13:05,386 [01ec52f5-41b6-49aa-a875-886c0181af90@group-21A31C6BC464-LeaderElection35] INFO  impl.RoleInfo (RoleInfo.java:updateAndGet(139)) - 01ec52f5-41b6-49aa-a875-886c0181af90: start 01ec52f5-41b6-49aa-a875-886c0181af90@group-21A31C6BC464-FollowerState
2023-05-05 09:13:05,388 [01ec52f5-41b6-49aa-a875-886c0181af90@group-21A31C6BC464-FollowerState] INFO  server.RaftServerConfigKeys (ConfUtils.java:logFallback(53)) - raft.server.rpc.first-election.timeout.min = 5s (fallback to raft.server.rpc.timeout.min)
2023-05-05 09:13:05,388 [01ec52f5-41b6-49aa-a875-886c0181af90@group-21A31C6BC464-FollowerState] INFO  server.RaftServerConfigKeys (ConfUtils.java:logFallback(53)) - raft.server.rpc.first-election.timeout.max = 5200ms (fallback to raft.server.rpc.timeout.max)
2023-05-05 09:13:05,420 [88416288-d81a-4caa-b0be-4bb91378dc06@group-21A31C6BC464-FollowerState] INFO  impl.FollowerState (FollowerState.java:run(143)) - 88416288-d81a-4caa-b0be-4bb91378dc06@group-21A31C6BC464-FollowerState: change to CANDIDATE, lastRpcElapsedTime:5072512206ns, electionTimeout:5068ms
2023-05-05 09:13:05,420 [88416288-d81a-4caa-b0be-4bb91378dc06@group-21A31C6BC464-FollowerState] INFO  impl.RoleInfo (RoleInfo.java:shutdownFollowerState(110)) - 88416288-d81a-4caa-b0be-4bb91378dc06: shutdown 88416288-d81a-4caa-b0be-4bb91378dc06@group-21A31C6BC464-FollowerState
2023-05-05 09:13:05,420 [88416288-d81a-4caa-b0be-4bb91378dc06@group-21A31C6BC464-FollowerState] INFO  server.RaftServer$Division (RaftServerImpl.java:setRole(321)) - 88416288-d81a-4caa-b0be-4bb91378dc06@group-21A31C6BC464: changes role from  FOLLOWER to CANDIDATE at term 0 for changeToCandidate
2023-05-05 09:13:05,420 [88416288-d81a-4caa-b0be-4bb91378dc06@group-21A31C6BC464-FollowerState] INFO  server.RaftServerConfigKeys (ConfUtils.java:logGet(46)) - raft.server.leaderelection.pre-vote = true (default)
2023-05-05 09:13:05,420 [88416288-d81a-4caa-b0be-4bb91378dc06@group-21A31C6BC464-FollowerState] INFO  impl.RoleInfo (RoleInfo.java:updateAndGet(139)) - 88416288-d81a-4caa-b0be-4bb91378dc06: start 88416288-d81a-4caa-b0be-4bb91378dc06@group-21A31C6BC464-LeaderElection36
2023-05-05 09:13:05,425 [01ec52f5-41b6-49aa-a875-886c0181af90@group-81C215923A5E-FollowerState] INFO  impl.FollowerState (FollowerState.java:run(143)) - 01ec52f5-41b6-49aa-a875-886c0181af90@group-81C215923A5E-FollowerState: change to CANDIDATE, lastRpcElapsedTime:5008782824ns, electionTimeout:5004ms
2023-05-05 09:13:05,425 [88416288-d81a-4caa-b0be-4bb91378dc06@group-21A31C6BC464-LeaderElection36] INFO  impl.LeaderElection (LeaderElection.java:askForVotes(312)) - 88416288-d81a-4caa-b0be-4bb91378dc06@group-21A31C6BC464-LeaderElection36 PRE_VOTE round 0: submit vote requests at term 0 for -1: peers:[f85e0dcc-39ca-49ef-85c9-6c51f48e3333|rpc:10.1.0.42:39217|dataStream:10.1.0.42:32803|priority:0|startupRole:FOLLOWER, 01ec52f5-41b6-49aa-a875-886c0181af90|rpc:10.1.0.42:34459|dataStream:10.1.0.42:41675|priority:0|startupRole:FOLLOWER, 88416288-d81a-4caa-b0be-4bb91378dc06|rpc:10.1.0.42:43207|dataStream:10.1.0.42:38003|priority:1|startupRole:FOLLOWER]|listeners:[], old=null
2023-05-05 09:13:05,425 [01ec52f5-41b6-49aa-a875-886c0181af90@group-81C215923A5E-FollowerState] INFO  impl.RoleInfo (RoleInfo.java:shutdownFollowerState(110)) - 01ec52f5-41b6-49aa-a875-886c0181af90: shutdown 01ec52f5-41b6-49aa-a875-886c0181af90@group-81C215923A5E-FollowerState
2023-05-05 09:13:05,427 [01ec52f5-41b6-49aa-a875-886c0181af90@group-81C215923A5E-FollowerState] INFO  server.RaftServer$Division (RaftServerImpl.java:setRole(321)) - 01ec52f5-41b6-49aa-a875-886c0181af90@group-81C215923A5E: changes role from  FOLLOWER to CANDIDATE at term 0 for changeToCandidate
2023-05-05 09:13:05,428 [88416288-d81a-4caa-b0be-4bb91378dc06@group-21A31C6BC464-LeaderElection36] INFO  server.RaftServerConfigKeys (ConfUtils.java:logFallback(53)) - raft.server.rpc.first-election.timeout.min = 5s (fallback to raft.server.rpc.timeout.min)
2023-05-05 09:13:05,428 [01ec52f5-41b6-49aa-a875-886c0181af90@group-81C215923A5E-FollowerState] INFO  server.RaftServerConfigKeys (ConfUtils.java:logGet(46)) - raft.server.leaderelection.pre-vote = true (default)
2023-05-05 09:13:05,428 [01ec52f5-41b6-49aa-a875-886c0181af90@group-81C215923A5E-FollowerState] INFO  impl.RoleInfo (RoleInfo.java:updateAndGet(139)) - 01ec52f5-41b6-49aa-a875-886c0181af90: start 01ec52f5-41b6-49aa-a875-886c0181af90@group-81C215923A5E-LeaderElection37
2023-05-05 09:13:05,428 [88416288-d81a-4caa-b0be-4bb91378dc06@group-21A31C6BC464-LeaderElection36-2] INFO  server.GrpcServerProtocolClient (GrpcServerProtocolClient.java:<init>(63)) - Build channel for 01ec52f5-41b6-49aa-a875-886c0181af90
2023-05-05 09:13:05,428 [88416288-d81a-4caa-b0be-4bb91378dc06@group-21A31C6BC464-LeaderElection36] INFO  server.RaftServerConfigKeys (ConfUtils.java:logFallback(53)) - raft.server.rpc.first-election.timeout.max = 5200ms (fallback to raft.server.rpc.timeout.max)
2023-05-05 09:13:05,428 [88416288-d81a-4caa-b0be-4bb91378dc06@group-21A31C6BC464-LeaderElection36-1] INFO  server.GrpcServerProtocolClient (GrpcServerProtocolClient.java:<init>(63)) - Build channel for f85e0dcc-39ca-49ef-85c9-6c51f48e3333
2023-05-05 09:13:05,441 [01ec52f5-41b6-49aa-a875-886c0181af90@group-81C215923A5E-LeaderElection37] INFO  impl.LeaderElection (LeaderElection.java:askForVotes(312)) - 01ec52f5-41b6-49aa-a875-886c0181af90@group-81C215923A5E-LeaderElection37 PRE_VOTE round 0: submit vote requests at term 0 for -1: peers:[f85e0dcc-39ca-49ef-85c9-6c51f48e3333|rpc:10.1.0.42:39217|dataStream:10.1.0.42:32803|priority:1|startupRole:FOLLOWER, 01ec52f5-41b6-49aa-a875-886c0181af90|rpc:10.1.0.42:34459|dataStream:10.1.0.42:41675|priority:0|startupRole:FOLLOWER, 88416288-d81a-4caa-b0be-4bb91378dc06|rpc:10.1.0.42:43207|dataStream:10.1.0.42:38003|priority:0|startupRole:FOLLOWER]|listeners:[], old=null
2023-05-05 09:13:05,443 [01ec52f5-41b6-49aa-a875-886c0181af90@group-AF8248A4364F-FollowerState] INFO  impl.FollowerState (FollowerState.java:run(143)) - 01ec52f5-41b6-49aa-a875-886c0181af90@group-AF8248A4364F-FollowerState: change to CANDIDATE, lastRpcElapsedTime:5143298552ns, electionTimeout:5142ms
2023-05-05 09:13:05,443 [01ec52f5-41b6-49aa-a875-886c0181af90@group-AF8248A4364F-FollowerState] INFO  impl.RoleInfo (RoleInfo.java:shutdownFollowerState(110)) - 01ec52f5-41b6-49aa-a875-886c0181af90: shutdown 01ec52f5-41b6-49aa-a875-886c0181af90@group-AF8248A4364F-FollowerState
2023-05-05 09:13:05,443 [01ec52f5-41b6-49aa-a875-886c0181af90@group-AF8248A4364F-FollowerState] INFO  server.RaftServer$Division (RaftServerImpl.java:setRole(321)) - 01ec52f5-41b6-49aa-a875-886c0181af90@group-AF8248A4364F: changes role from  FOLLOWER to CANDIDATE at term 0 for changeToCandidate
2023-05-05 09:13:05,443 [01ec52f5-41b6-49aa-a875-886c0181af90@group-AF8248A4364F-FollowerState] INFO  server.RaftServerConfigKeys (ConfUtils.java:logGet(46)) - raft.server.leaderelection.pre-vote = true (default)
2023-05-05 09:13:05,443 [01ec52f5-41b6-49aa-a875-886c0181af90@group-AF8248A4364F-FollowerState] INFO  impl.RoleInfo (RoleInfo.java:updateAndGet(139)) - 01ec52f5-41b6-49aa-a875-886c0181af90: start 01ec52f5-41b6-49aa-a875-886c0181af90@group-AF8248A4364F-LeaderElection38
2023-05-05 09:13:05,446 [grpc-default-executor-1] INFO  server.RaftServer$Division (RaftServerImpl.java:requestVote(1218)) - f85e0dcc-39ca-49ef-85c9-6c51f48e3333@group-21A31C6BC464: receive requestVote(PRE_VOTE, 88416288-d81a-4caa-b0be-4bb91378dc06, group-21A31C6BC464, 0, (t:0, i:0))
2023-05-05 09:13:05,447 [grpc-default-executor-0] INFO  server.RaftServer$Division (RaftServerImpl.java:requestVote(1218)) - 01ec52f5-41b6-49aa-a875-886c0181af90@group-21A31C6BC464: receive requestVote(PRE_VOTE, 88416288-d81a-4caa-b0be-4bb91378dc06, group-21A31C6BC464, 0, (t:0, i:0))
2023-05-05 09:13:05,448 [grpc-default-executor-0] INFO  impl.VoteContext (VoteContext.java:log(49)) - 01ec52f5-41b6-49aa-a875-886c0181af90@group-21A31C6BC464-FOLLOWER: accept PRE_VOTE from 88416288-d81a-4caa-b0be-4bb91378dc06: our priority 0 <= candidate's priority 1
2023-05-05 09:13:05,448 [grpc-default-executor-0] INFO  server.RaftServer$Division (RaftServerImpl.java:requestVote(1251)) - 01ec52f5-41b6-49aa-a875-886c0181af90@group-21A31C6BC464 replies to PRE_VOTE vote request: 88416288-d81a-4caa-b0be-4bb91378dc06<-01ec52f5-41b6-49aa-a875-886c0181af90#0:OK-t0. Peer's state: 01ec52f5-41b6-49aa-a875-886c0181af90@group-21A31C6BC464:t0, leader=null, voted=, raftlog=Memoized:01ec52f5-41b6-49aa-a875-886c0181af90@group-21A31C6BC464-SegmentedRaftLog:OPENED:c-1, conf=-1: peers:[f85e0dcc-39ca-49ef-85c9-6c51f48e3333|rpc:10.1.0.42:39217|dataStream:10.1.0.42:32803|priority:0|startupRole:FOLLOWER, 01ec52f5-41b6-49aa-a875-886c0181af90|rpc:10.1.0.42:34459|dataStream:10.1.0.42:41675|priority:0|startupRole:FOLLOWER, 88416288-d81a-4caa-b0be-4bb91378dc06|rpc:10.1.0.42:43207|dataStream:10.1.0.42:38003|priority:1|startupRole:FOLLOWER]|listeners:[], old=null
2023-05-05 09:13:05,454 [grpc-default-executor-0] INFO  server.RaftServer$Division (RaftServerImpl.java:requestVote(1218)) - f85e0dcc-39ca-49ef-85c9-6c51f48e3333@group-81C215923A5E: receive requestVote(PRE_VOTE, 01ec52f5-41b6-49aa-a875-886c0181af90, group-81C215923A5E, 0, (t:0, i:0))
2023-05-05 09:13:05,454 [grpc-default-executor-0] INFO  impl.VoteContext (VoteContext.java:log(49)) - f85e0dcc-39ca-49ef-85c9-6c51f48e3333@group-81C215923A5E-FOLLOWER: reject PRE_VOTE from 01ec52f5-41b6-49aa-a875-886c0181af90: our priority 1 > candidate's priority 0
2023-05-05 09:13:05,454 [grpc-default-executor-0] INFO  server.RaftServer$Division (RaftServerImpl.java:requestVote(1251)) - f85e0dcc-39ca-49ef-85c9-6c51f48e3333@group-81C215923A5E replies to PRE_VOTE vote request: 01ec52f5-41b6-49aa-a875-886c0181af90<-f85e0dcc-39ca-49ef-85c9-6c51f48e3333#0:FAIL-t0. Peer's state: f85e0dcc-39ca-49ef-85c9-6c51f48e3333@group-81C215923A5E:t0, leader=null, voted=, raftlog=Memoized:f85e0dcc-39ca-49ef-85c9-6c51f48e3333@group-81C215923A5E-SegmentedRaftLog:OPENED:c-1, conf=-1: peers:[f85e0dcc-39ca-49ef-85c9-6c51f48e3333|rpc:10.1.0.42:39217|dataStream:10.1.0.42:32803|priority:1|startupRole:FOLLOWER, 01ec52f5-41b6-49aa-a875-886c0181af90|rpc:10.1.0.42:34459|dataStream:10.1.0.42:41675|priority:0|startupRole:FOLLOWER, 88416288-d81a-4caa-b0be-4bb91378dc06|rpc:10.1.0.42:43207|dataStream:10.1.0.42:38003|priority:0|startupRole:FOLLOWER]|listeners:[], old=null
2023-05-05 09:13:05,456 [01ec52f5-41b6-49aa-a875-886c0181af90@group-81C215923A5E-LeaderElection37] INFO  server.RaftServerConfigKeys (ConfUtils.java:logFallback(53)) - raft.server.rpc.first-election.timeout.min = 5s (fallback to raft.server.rpc.timeout.min)
2023-05-05 09:13:05,456 [01ec52f5-41b6-49aa-a875-886c0181af90@group-81C215923A5E-LeaderElection37] INFO  server.RaftServerConfigKeys (ConfUtils.java:logFallback(53)) - raft.server.rpc.first-election.timeout.max = 5200ms (fallback to raft.server.rpc.timeout.max)
2023-05-05 09:13:05,457 [grpc-default-executor-1] INFO  impl.VoteContext (VoteContext.java:log(49)) - f85e0dcc-39ca-49ef-85c9-6c51f48e3333@group-21A31C6BC464-FOLLOWER: accept PRE_VOTE from 88416288-d81a-4caa-b0be-4bb91378dc06: our priority 0 <= candidate's priority 1
2023-05-05 09:13:05,457 [grpc-default-executor-1] INFO  server.RaftServer$Division (RaftServerImpl.java:requestVote(1251)) - f85e0dcc-39ca-49ef-85c9-6c51f48e3333@group-21A31C6BC464 replies to PRE_VOTE vote request: 88416288-d81a-4caa-b0be-4bb91378dc06<-f85e0dcc-39ca-49ef-85c9-6c51f48e3333#0:OK-t0. Peer's state: f85e0dcc-39ca-49ef-85c9-6c51f48e3333@group-21A31C6BC464:t0, leader=null, voted=, raftlog=Memoized:f85e0dcc-39ca-49ef-85c9-6c51f48e3333@group-21A31C6BC464-SegmentedRaftLog:OPENED:c-1, conf=-1: peers:[f85e0dcc-39ca-49ef-85c9-6c51f48e3333|rpc:10.1.0.42:39217|dataStream:10.1.0.42:32803|priority:0|startupRole:FOLLOWER, 01ec52f5-41b6-49aa-a875-886c0181af90|rpc:10.1.0.42:34459|dataStream:10.1.0.42:41675|priority:0|startupRole:FOLLOWER, 88416288-d81a-4caa-b0be-4bb91378dc06|rpc:10.1.0.42:43207|dataStream:10.1.0.42:38003|priority:1|startupRole:FOLLOWER]|listeners:[], old=null
2023-05-05 09:13:05,459 [01ec52f5-41b6-49aa-a875-886c0181af90@group-81C215923A5E-LeaderElection37] INFO  impl.LeaderElection (LeaderElection.java:logAndReturn(90)) - 01ec52f5-41b6-49aa-a875-886c0181af90@group-81C215923A5E-LeaderElection37: PRE_VOTE REJECTED received 1 response(s) and 0 exception(s):
2023-05-05 09:13:05,459 [01ec52f5-41b6-49aa-a875-886c0181af90@group-81C215923A5E-LeaderElection37] INFO  impl.LeaderElection (LeaderElection.java:logAndReturn(94)) -   Response 0: 01ec52f5-41b6-49aa-a875-886c0181af90<-f85e0dcc-39ca-49ef-85c9-6c51f48e3333#0:FAIL-t0
2023-05-05 09:13:05,459 [01ec52f5-41b6-49aa-a875-886c0181af90@group-81C215923A5E-LeaderElection37] INFO  impl.LeaderElection (LeaderElection.java:askForVotes(314)) - 01ec52f5-41b6-49aa-a875-886c0181af90@group-81C215923A5E-LeaderElection37 PRE_VOTE round 0: result REJECTED
2023-05-05 09:13:05,459 [01ec52f5-41b6-49aa-a875-886c0181af90@group-81C215923A5E-LeaderElection37] INFO  server.RaftServer$Division (RaftServerImpl.java:setRole(321)) - 01ec52f5-41b6-49aa-a875-886c0181af90@group-81C215923A5E: changes role from CANDIDATE to FOLLOWER at term 0 for REJECTED
2023-05-05 09:13:05,459 [01ec52f5-41b6-49aa-a875-886c0181af90@group-81C215923A5E-LeaderElection37] INFO  impl.RoleInfo (RoleInfo.java:shutdownLeaderElection(130)) - 01ec52f5-41b6-49aa-a875-886c0181af90: shutdown 01ec52f5-41b6-49aa-a875-886c0181af90@group-81C215923A5E-LeaderElection37
2023-05-05 09:13:05,460 [01ec52f5-41b6-49aa-a875-886c0181af90@group-81C215923A5E-LeaderElection37] INFO  impl.RoleInfo (RoleInfo.java:updateAndGet(139)) - 01ec52f5-41b6-49aa-a875-886c0181af90: start 01ec52f5-41b6-49aa-a875-886c0181af90@group-81C215923A5E-FollowerState
2023-05-05 09:13:05,460 [88416288-d81a-4caa-b0be-4bb91378dc06@group-21A31C6BC464-LeaderElection36] INFO  impl.LeaderElection (LeaderElection.java:logAndReturn(90)) - 88416288-d81a-4caa-b0be-4bb91378dc06@group-21A31C6BC464-LeaderElection36: PRE_VOTE PASSED received 1 response(s) and 0 exception(s):
2023-05-05 09:13:05,460 [01ec52f5-41b6-49aa-a875-886c0181af90@group-AF8248A4364F-LeaderElection38] INFO  impl.LeaderElection (LeaderElection.java:askForVotes(312)) - 01ec52f5-41b6-49aa-a875-886c0181af90@group-AF8248A4364F-LeaderElection38 PRE_VOTE round 0: submit vote requests at term 0 for -1: peers:[01ec52f5-41b6-49aa-a875-886c0181af90|rpc:10.1.0.42:34459|dataStream:10.1.0.42:41675|priority:1|startupRole:FOLLOWER]|listeners:[], old=null
2023-05-05 09:13:05,460 [01ec52f5-41b6-49aa-a875-886c0181af90@group-AF8248A4364F-LeaderElection38] INFO  impl.LeaderElection (LeaderElection.java:askForVotes(314)) - 01ec52f5-41b6-49aa-a875-886c0181af90@group-AF8248A4364F-LeaderElection38 PRE_VOTE round 0: result PASSED (term=0)
2023-05-05 09:13:05,460 [f85e0dcc-39ca-49ef-85c9-6c51f48e3333@group-21A31C6BC464-FollowerState] INFO  server.RaftServerConfigKeys (ConfUtils.java:logFallback(53)) - raft.server.rpc.first-election.timeout.min = 5s (fallback to raft.server.rpc.timeout.min)
2023-05-05 09:13:05,460 [f85e0dcc-39ca-49ef-85c9-6c51f48e3333@group-21A31C6BC464-FollowerState] INFO  server.RaftServerConfigKeys (ConfUtils.java:logFallback(53)) - raft.server.rpc.first-election.timeout.max = 5200ms (fallback to raft.server.rpc.timeout.max)
2023-05-05 09:13:05,460 [88416288-d81a-4caa-b0be-4bb91378dc06@group-21A31C6BC464-LeaderElection36] INFO  impl.LeaderElection (LeaderElection.java:logAndReturn(94)) -   Response 0: 88416288-d81a-4caa-b0be-4bb91378dc06<-01ec52f5-41b6-49aa-a875-886c0181af90#0:OK-t0
2023-05-05 09:13:05,462 [01ec52f5-41b6-49aa-a875-886c0181af90@group-AF8248A4364F-LeaderElection38] INFO  impl.LeaderElection (LeaderElection.java:askForVotes(312)) - 01ec52f5-41b6-49aa-a875-886c0181af90@group-AF8248A4364F-LeaderElection38 ELECTION round 0: submit vote requests at term 1 for -1: peers:[01ec52f5-41b6-49aa-a875-886c0181af90|rpc:10.1.0.42:34459|dataStream:10.1.0.42:41675|priority:1|startupRole:FOLLOWER]|listeners:[], old=null
2023-05-05 09:13:05,462 [01ec52f5-41b6-49aa-a875-886c0181af90@group-AF8248A4364F-LeaderElection38] INFO  impl.LeaderElection (LeaderElection.java:askForVotes(314)) - 01ec52f5-41b6-49aa-a875-886c0181af90@group-AF8248A4364F-LeaderElection38 ELECTION round 0: result PASSED (term=1)
2023-05-05 09:13:05,462 [01ec52f5-41b6-49aa-a875-886c0181af90@group-AF8248A4364F-LeaderElection38] INFO  impl.RoleInfo (RoleInfo.java:shutdownLeaderElection(130)) - 01ec52f5-41b6-49aa-a875-886c0181af90: shutdown 01ec52f5-41b6-49aa-a875-886c0181af90@group-AF8248A4364F-LeaderElection38
2023-05-05 09:13:05,462 [01ec52f5-41b6-49aa-a875-886c0181af90@group-AF8248A4364F-LeaderElection38] INFO  server.RaftServer$Division (RaftServerImpl.java:setRole(321)) - 01ec52f5-41b6-49aa-a875-886c0181af90@group-AF8248A4364F: changes role from CANDIDATE to LEADER at term 1 for changeToLeader
2023-05-05 09:13:05,462 [01ec52f5-41b6-49aa-a875-886c0181af90@group-AF8248A4364F-LeaderElection38] INFO  ratis.XceiverServerRatis (XceiverServerRatis.java:handleLeaderChangedNotification(904)) - Leader change notification received for group: group-AF8248A4364F with new leaderId: 01ec52f5-41b6-49aa-a875-886c0181af90
2023-05-05 09:13:05,464 [01ec52f5-41b6-49aa-a875-886c0181af90@group-81C215923A5E-FollowerState] INFO  server.RaftServerConfigKeys (ConfUtils.java:logFallback(53)) - raft.server.rpc.first-election.timeout.min = 5s (fallback to raft.server.rpc.timeout.min)
2023-05-05 09:13:05,464 [01ec52f5-41b6-49aa-a875-886c0181af90@group-81C215923A5E-FollowerState] INFO  server.RaftServerConfigKeys (ConfUtils.java:logFallback(53)) - raft.server.rpc.first-election.timeout.max = 5200ms (fallback to raft.server.rpc.timeout.max)
2023-05-05 09:13:05,464 [88416288-d81a-4caa-b0be-4bb91378dc06@group-21A31C6BC464-LeaderElection36] INFO  impl.LeaderElection (LeaderElection.java:askForVotes(314)) - 88416288-d81a-4caa-b0be-4bb91378dc06@group-21A31C6BC464-LeaderElection36 PRE_VOTE round 0: result PASSED
2023-05-05 09:13:05,467 [grpc-default-executor-1] INFO  server.RaftServer$Division (RaftServerImpl.java:requestVote(1218)) - 88416288-d81a-4caa-b0be-4bb91378dc06@group-81C215923A5E: receive requestVote(PRE_VOTE, 01ec52f5-41b6-49aa-a875-886c0181af90, group-81C215923A5E, 0, (t:0, i:0))
2023-05-05 09:13:05,467 [grpc-default-executor-1] INFO  impl.VoteContext (VoteContext.java:log(49)) - 88416288-d81a-4caa-b0be-4bb91378dc06@group-81C215923A5E-FOLLOWER: accept PRE_VOTE from 01ec52f5-41b6-49aa-a875-886c0181af90: our priority 0 <= candidate's priority 0
2023-05-05 09:13:05,467 [EventQueue-OpenPipelineForHealthyPipelineSafeModeRule] INFO  safemode.SCMSafeModeManager (HealthyPipelineSafeModeRule.java:process(137)) - SCM in safe mode. Healthy pipelines reported count is 0, required healthy pipeline reported count is 1
2023-05-05 09:13:05,467 [88416288-d81a-4caa-b0be-4bb91378dc06@group-21A31C6BC464-LeaderElection36] INFO  impl.LeaderElection (LeaderElection.java:askForVotes(312)) - 88416288-d81a-4caa-b0be-4bb91378dc06@group-21A31C6BC464-LeaderElection36 ELECTION round 0: submit vote requests at term 1 for -1: peers:[f85e0dcc-39ca-49ef-85c9-6c51f48e3333|rpc:10.1.0.42:39217|dataStream:10.1.0.42:32803|priority:0|startupRole:FOLLOWER, 01ec52f5-41b6-49aa-a875-886c0181af90|rpc:10.1.0.42:34459|dataStream:10.1.0.42:41675|priority:0|startupRole:FOLLOWER, 88416288-d81a-4caa-b0be-4bb91378dc06|rpc:10.1.0.42:43207|dataStream:10.1.0.42:38003|priority:1|startupRole:FOLLOWER]|listeners:[], old=null
2023-05-05 09:13:05,464 [01ec52f5-41b6-49aa-a875-886c0181af90@group-AF8248A4364F-LeaderElection38] INFO  server.RaftServer$Division (ServerState.java:setLeader(313)) - 01ec52f5-41b6-49aa-a875-886c0181af90@group-AF8248A4364F: change Leader from null to 01ec52f5-41b6-49aa-a875-886c0181af90 at term 1 for becomeLeader, leader elected after 5177ms
2023-05-05 09:13:05,467 [grpc-default-executor-1] INFO  server.RaftServer$Division (RaftServerImpl.java:requestVote(1251)) - 88416288-d81a-4caa-b0be-4bb91378dc06@group-81C215923A5E replies to PRE_VOTE vote request: 01ec52f5-41b6-49aa-a875-886c0181af90<-88416288-d81a-4caa-b0be-4bb91378dc06#0:OK-t0. Peer's state: 88416288-d81a-4caa-b0be-4bb91378dc06@group-81C215923A5E:t0, leader=null, voted=, raftlog=Memoized:88416288-d81a-4caa-b0be-4bb91378dc06@group-81C215923A5E-SegmentedRaftLog:OPENED:c-1, conf=-1: peers:[f85e0dcc-39ca-49ef-85c9-6c51f48e3333|rpc:10.1.0.42:39217|dataStream:10.1.0.42:32803|priority:1|startupRole:FOLLOWER, 01ec52f5-41b6-49aa-a875-886c0181af90|rpc:10.1.0.42:34459|dataStream:10.1.0.42:41675|priority:0|startupRole:FOLLOWER, 88416288-d81a-4caa-b0be-4bb91378dc06|rpc:10.1.0.42:43207|dataStream:10.1.0.42:38003|priority:0|startupRole:FOLLOWER]|listeners:[], old=null
2023-05-05 09:13:05,468 [01ec52f5-41b6-49aa-a875-886c0181af90@group-AF8248A4364F-LeaderElection38] INFO  server.RaftServerConfigKeys (ConfUtils.java:logGet(46)) - raft.server.staging.catchup.gap = 1000 (default)
2023-05-05 09:13:05,480 [88416288-d81a-4caa-b0be-4bb91378dc06@group-21A31C6BC464-LeaderElection36] INFO  server.RaftServerConfigKeys (ConfUtils.java:logFallback(53)) - raft.server.rpc.first-election.timeout.min = 5s (fallback to raft.server.rpc.timeout.min)
2023-05-05 09:13:05,480 [01ec52f5-41b6-49aa-a875-886c0181af90@group-AF8248A4364F-LeaderElection38] INFO  server.RaftServerConfigKeys (ConfUtils.java:logGet(46)) - raft.server.write.element-limit = 1024 (custom)
2023-05-05 09:13:05,480 [88416288-d81a-4caa-b0be-4bb91378dc06@group-21A31C6BC464-LeaderElection36] INFO  server.RaftServerConfigKeys (ConfUtils.java:logFallback(53)) - raft.server.rpc.first-election.timeout.max = 5200ms (fallback to raft.server.rpc.timeout.max)
2023-05-05 09:13:05,480 [01ec52f5-41b6-49aa-a875-886c0181af90@group-AF8248A4364F-LeaderElection38] INFO  server.RaftServerConfigKeys (ConfUtils.java:logGet(46)) - raft.server.write.byte-limit = 1024 M (=1073741824) (custom)
2023-05-05 09:13:05,480 [01ec52f5-41b6-49aa-a875-886c0181af90@group-AF8248A4364F-LeaderElection38] INFO  server.RaftServerConfigKeys (ConfUtils.java:logGet(46)) - raft.server.watch.timeout = 180s (custom)
2023-05-05 09:13:05,480 [01ec52f5-41b6-49aa-a875-886c0181af90@group-AF8248A4364F-LeaderElection38] INFO  server.RaftServerConfigKeys (ConfUtils.java:logGet(46)) - raft.server.watch.timeout.denomination = 1s (default)
2023-05-05 09:13:05,480 [01ec52f5-41b6-49aa-a875-886c0181af90@group-AF8248A4364F-LeaderElection38] INFO  server.RaftServerConfigKeys (ConfUtils.java:logGet(46)) - raft.server.watch.element-limit = 65536 (default)
2023-05-05 09:13:05,480 [01ec52f5-41b6-49aa-a875-886c0181af90@group-AF8248A4364F-LeaderElection38] INFO  server.RaftServerConfigKeys (ConfUtils.java:logGet(46)) - raft.server.write.element-limit = 1024 (custom)
2023-05-05 09:13:05,480 [01ec52f5-41b6-49aa-a875-886c0181af90@group-AF8248A4364F-LeaderElection38] INFO  server.RaftServerConfigKeys (ConfUtils.java:logGet(46)) - raft.server.write.follower.gap.ratio.max = -1.0 (default)
2023-05-05 09:13:05,481 [01ec52f5-41b6-49aa-a875-886c0181af90@group-AF8248A4364F-LeaderElection38] INFO  impl.RoleInfo (RoleInfo.java:updateAndGet(139)) - 01ec52f5-41b6-49aa-a875-886c0181af90: start 01ec52f5-41b6-49aa-a875-886c0181af90@group-AF8248A4364F-LeaderStateImpl
2023-05-05 09:13:05,481 [01ec52f5-41b6-49aa-a875-886c0181af90@group-AF8248A4364F-LeaderElection38] INFO  segmented.SegmentedRaftLogWorker (SegmentedRaftLogWorker.java:startLogSegment(452)) - 01ec52f5-41b6-49aa-a875-886c0181af90@group-AF8248A4364F-SegmentedRaftLogWorker: Starting segment from index:0
2023-05-05 09:13:05,486 [01ec52f5-41b6-49aa-a875-886c0181af90@group-AF8248A4364F-LeaderElection38] INFO  server.RaftServer$Division (ServerState.java:setRaftConf(430)) - 01ec52f5-41b6-49aa-a875-886c0181af90@group-AF8248A4364F: set configuration 0: peers:[01ec52f5-41b6-49aa-a875-886c0181af90|rpc:10.1.0.42:34459|dataStream:10.1.0.42:41675|priority:1|startupRole:FOLLOWER]|listeners:[], old=null
2023-05-05 09:13:05,488 [grpc-default-executor-1] INFO  server.RaftServer$Division (RaftServerImpl.java:requestVote(1218)) - 01ec52f5-41b6-49aa-a875-886c0181af90@group-21A31C6BC464: receive requestVote(ELECTION, 88416288-d81a-4caa-b0be-4bb91378dc06, group-21A31C6BC464, 1, (t:0, i:0))
2023-05-05 09:13:05,488 [grpc-default-executor-0] INFO  server.RaftServer$Division (RaftServerImpl.java:requestVote(1218)) - f85e0dcc-39ca-49ef-85c9-6c51f48e3333@group-21A31C6BC464: receive requestVote(ELECTION, 88416288-d81a-4caa-b0be-4bb91378dc06, group-21A31C6BC464, 1, (t:0, i:0))
2023-05-05 09:13:05,488 [grpc-default-executor-0] INFO  impl.VoteContext (VoteContext.java:log(49)) - f85e0dcc-39ca-49ef-85c9-6c51f48e3333@group-21A31C6BC464-FOLLOWER: accept ELECTION from 88416288-d81a-4caa-b0be-4bb91378dc06: our priority 0 <= candidate's priority 1
2023-05-05 09:13:05,488 [grpc-default-executor-0] INFO  server.RaftServer$Division (RaftServerImpl.java:setRole(321)) - f85e0dcc-39ca-49ef-85c9-6c51f48e3333@group-21A31C6BC464: changes role from  FOLLOWER to FOLLOWER at term 1 for candidate:88416288-d81a-4caa-b0be-4bb91378dc06
2023-05-05 09:13:05,488 [grpc-default-executor-0] INFO  impl.RoleInfo (RoleInfo.java:shutdownFollowerState(110)) - f85e0dcc-39ca-49ef-85c9-6c51f48e3333: shutdown f85e0dcc-39ca-49ef-85c9-6c51f48e3333@group-21A31C6BC464-FollowerState
2023-05-05 09:13:05,488 [grpc-default-executor-0] INFO  impl.RoleInfo (RoleInfo.java:updateAndGet(139)) - f85e0dcc-39ca-49ef-85c9-6c51f48e3333: start f85e0dcc-39ca-49ef-85c9-6c51f48e3333@group-21A31C6BC464-FollowerState
2023-05-05 09:13:05,488 [f85e0dcc-39ca-49ef-85c9-6c51f48e3333@group-21A31C6BC464-FollowerState] INFO  impl.FollowerState (FollowerState.java:run(152)) - f85e0dcc-39ca-49ef-85c9-6c51f48e3333@group-21A31C6BC464-FollowerState was interrupted
2023-05-05 09:13:05,488 [grpc-default-executor-1] INFO  impl.VoteContext (VoteContext.java:log(49)) - 01ec52f5-41b6-49aa-a875-886c0181af90@group-21A31C6BC464-FOLLOWER: accept ELECTION from 88416288-d81a-4caa-b0be-4bb91378dc06: our priority 0 <= candidate's priority 1
2023-05-05 09:13:05,489 [grpc-default-executor-1] INFO  server.RaftServer$Division (RaftServerImpl.java:setRole(321)) - 01ec52f5-41b6-49aa-a875-886c0181af90@group-21A31C6BC464: changes role from  FOLLOWER to FOLLOWER at term 1 for candidate:88416288-d81a-4caa-b0be-4bb91378dc06
2023-05-05 09:13:05,489 [grpc-default-executor-1] INFO  impl.RoleInfo (RoleInfo.java:shutdownFollowerState(110)) - 01ec52f5-41b6-49aa-a875-886c0181af90: shutdown 01ec52f5-41b6-49aa-a875-886c0181af90@group-21A31C6BC464-FollowerState
2023-05-05 09:13:05,489 [01ec52f5-41b6-49aa-a875-886c0181af90@group-AF8248A4364F-SegmentedRaftLogWorker] INFO  segmented.SegmentedRaftLogWorker (SegmentedRaftLogWorker.java:execute(656)) - 01ec52f5-41b6-49aa-a875-886c0181af90@group-AF8248A4364F-SegmentedRaftLogWorker: created new log segment /home/runner/work/ozone/ozone/hadoop-ozone/integration-test/target/test-dir/MiniOzoneClusterImpl-44598e80-008f-49ac-96a9-a666e849b629/datanode-0/data/ratis/f4b2518b-1b32-43bc-89b6-af8248a4364f/current/log_inprogress_0
2023-05-05 09:13:05,497 [grpc-default-executor-1] INFO  impl.RoleInfo (RoleInfo.java:updateAndGet(139)) - 01ec52f5-41b6-49aa-a875-886c0181af90: start 01ec52f5-41b6-49aa-a875-886c0181af90@group-21A31C6BC464-FollowerState
2023-05-05 09:13:05,498 [01ec52f5-41b6-49aa-a875-886c0181af90@group-21A31C6BC464-FollowerState] INFO  impl.FollowerState (FollowerState.java:run(152)) - 01ec52f5-41b6-49aa-a875-886c0181af90@group-21A31C6BC464-FollowerState was interrupted
2023-05-05 09:13:05,501 [f85e0dcc-39ca-49ef-85c9-6c51f48e3333@group-21A31C6BC464-FollowerState] INFO  server.RaftServerConfigKeys (ConfUtils.java:logFallback(53)) - raft.server.rpc.first-election.timeout.min = 5s (fallback to raft.server.rpc.timeout.min)
2023-05-05 09:13:05,501 [f85e0dcc-39ca-49ef-85c9-6c51f48e3333@group-21A31C6BC464-FollowerState] INFO  server.RaftServerConfigKeys (ConfUtils.java:logFallback(53)) - raft.server.rpc.first-election.timeout.max = 5200ms (fallback to raft.server.rpc.timeout.max)
2023-05-05 09:13:05,501 [grpc-default-executor-0] INFO  server.RaftServer$Division (RaftServerImpl.java:requestVote(1251)) - f85e0dcc-39ca-49ef-85c9-6c51f48e3333@group-21A31C6BC464 replies to ELECTION vote request: 88416288-d81a-4caa-b0be-4bb91378dc06<-f85e0dcc-39ca-49ef-85c9-6c51f48e3333#0:OK-t1. Peer's state: f85e0dcc-39ca-49ef-85c9-6c51f48e3333@group-21A31C6BC464:t1, leader=null, voted=88416288-d81a-4caa-b0be-4bb91378dc06, raftlog=Memoized:f85e0dcc-39ca-49ef-85c9-6c51f48e3333@group-21A31C6BC464-SegmentedRaftLog:OPENED:c-1, conf=-1: peers:[f85e0dcc-39ca-49ef-85c9-6c51f48e3333|rpc:10.1.0.42:39217|dataStream:10.1.0.42:32803|priority:0|startupRole:FOLLOWER, 01ec52f5-41b6-49aa-a875-886c0181af90|rpc:10.1.0.42:34459|dataStream:10.1.0.42:41675|priority:0|startupRole:FOLLOWER, 88416288-d81a-4caa-b0be-4bb91378dc06|rpc:10.1.0.42:43207|dataStream:10.1.0.42:38003|priority:1|startupRole:FOLLOWER]|listeners:[], old=null
2023-05-05 09:13:05,501 [01ec52f5-41b6-49aa-a875-886c0181af90@group-21A31C6BC464-FollowerState] INFO  server.RaftServerConfigKeys (ConfUtils.java:logFallback(53)) - raft.server.rpc.first-election.timeout.min = 5s (fallback to raft.server.rpc.timeout.min)
2023-05-05 09:13:05,502 [grpc-default-executor-1] INFO  server.RaftServer$Division (RaftServerImpl.java:requestVote(1251)) - 01ec52f5-41b6-49aa-a875-886c0181af90@group-21A31C6BC464 replies to ELECTION vote request: 88416288-d81a-4caa-b0be-4bb91378dc06<-01ec52f5-41b6-49aa-a875-886c0181af90#0:OK-t1. Peer's state: 01ec52f5-41b6-49aa-a875-886c0181af90@group-21A31C6BC464:t1, leader=null, voted=88416288-d81a-4caa-b0be-4bb91378dc06, raftlog=Memoized:01ec52f5-41b6-49aa-a875-886c0181af90@group-21A31C6BC464-SegmentedRaftLog:OPENED:c-1, conf=-1: peers:[f85e0dcc-39ca-49ef-85c9-6c51f48e3333|rpc:10.1.0.42:39217|dataStream:10.1.0.42:32803|priority:0|startupRole:FOLLOWER, 01ec52f5-41b6-49aa-a875-886c0181af90|rpc:10.1.0.42:34459|dataStream:10.1.0.42:41675|priority:0|startupRole:FOLLOWER, 88416288-d81a-4caa-b0be-4bb91378dc06|rpc:10.1.0.42:43207|dataStream:10.1.0.42:38003|priority:1|startupRole:FOLLOWER]|listeners:[], old=null
2023-05-05 09:13:05,502 [01ec52f5-41b6-49aa-a875-886c0181af90@group-21A31C6BC464-FollowerState] INFO  server.RaftServerConfigKeys (ConfUtils.java:logFallback(53)) - raft.server.rpc.first-election.timeout.max = 5200ms (fallback to raft.server.rpc.timeout.max)
2023-05-05 09:13:05,506 [88416288-d81a-4caa-b0be-4bb91378dc06@group-21A31C6BC464-LeaderElection36] INFO  impl.LeaderElection (LeaderElection.java:logAndReturn(90)) - 88416288-d81a-4caa-b0be-4bb91378dc06@group-21A31C6BC464-LeaderElection36: ELECTION PASSED received 1 response(s) and 0 exception(s):
2023-05-05 09:13:05,506 [88416288-d81a-4caa-b0be-4bb91378dc06@group-21A31C6BC464-LeaderElection36] INFO  impl.LeaderElection (LeaderElection.java:logAndReturn(94)) -   Response 0: 88416288-d81a-4caa-b0be-4bb91378dc06<-01ec52f5-41b6-49aa-a875-886c0181af90#0:OK-t1
2023-05-05 09:13:05,506 [88416288-d81a-4caa-b0be-4bb91378dc06@group-21A31C6BC464-LeaderElection36] INFO  impl.LeaderElection (LeaderElection.java:askForVotes(314)) - 88416288-d81a-4caa-b0be-4bb91378dc06@group-21A31C6BC464-LeaderElection36 ELECTION round 0: result PASSED
2023-05-05 09:13:05,507 [88416288-d81a-4caa-b0be-4bb91378dc06@group-21A31C6BC464-LeaderElection36] INFO  impl.RoleInfo (RoleInfo.java:shutdownLeaderElection(130)) - 88416288-d81a-4caa-b0be-4bb91378dc06: shutdown 88416288-d81a-4caa-b0be-4bb91378dc06@group-21A31C6BC464-LeaderElection36
2023-05-05 09:13:05,507 [88416288-d81a-4caa-b0be-4bb91378dc06@group-21A31C6BC464-LeaderElection36] INFO  server.RaftServer$Division (RaftServerImpl.java:setRole(321)) - 88416288-d81a-4caa-b0be-4bb91378dc06@group-21A31C6BC464: changes role from CANDIDATE to LEADER at term 1 for changeToLeader
2023-05-05 09:13:05,507 [88416288-d81a-4caa-b0be-4bb91378dc06@group-21A31C6BC464-LeaderElection36] INFO  ratis.XceiverServerRatis (XceiverServerRatis.java:handleLeaderChangedNotification(904)) - Leader change notification received for group: group-21A31C6BC464 with new leaderId: 88416288-d81a-4caa-b0be-4bb91378dc06
2023-05-05 09:13:05,507 [88416288-d81a-4caa-b0be-4bb91378dc06@group-21A31C6BC464-LeaderElection36] INFO  server.RaftServer$Division (ServerState.java:setLeader(313)) - 88416288-d81a-4caa-b0be-4bb91378dc06@group-21A31C6BC464: change Leader from null to 88416288-d81a-4caa-b0be-4bb91378dc06 at term 1 for becomeLeader, leader elected after 5171ms
2023-05-05 09:13:05,507 [88416288-d81a-4caa-b0be-4bb91378dc06@group-21A31C6BC464-LeaderElection36] INFO  server.RaftServerConfigKeys (ConfUtils.java:logGet(46)) - raft.server.staging.catchup.gap = 1000 (default)
2023-05-05 09:13:05,507 [88416288-d81a-4caa-b0be-4bb91378dc06@group-21A31C6BC464-LeaderElection36] INFO  server.RaftServerConfigKeys (ConfUtils.java:logGet(46)) - raft.server.write.element-limit = 1024 (custom)
2023-05-05 09:13:05,507 [88416288-d81a-4caa-b0be-4bb91378dc06@group-21A31C6BC464-LeaderElection36] INFO  server.RaftServerConfigKeys (ConfUtils.java:logGet(46)) - raft.server.write.byte-limit = 1024 M (=1073741824) (custom)
2023-05-05 09:13:05,507 [88416288-d81a-4caa-b0be-4bb91378dc06@group-21A31C6BC464-LeaderElection36] INFO  server.RaftServerConfigKeys (ConfUtils.java:logGet(46)) - raft.server.watch.timeout = 180s (custom)
2023-05-05 09:13:05,507 [88416288-d81a-4caa-b0be-4bb91378dc06@group-21A31C6BC464-LeaderElection36] INFO  server.RaftServerConfigKeys (ConfUtils.java:logGet(46)) - raft.server.watch.timeout.denomination = 1s (default)
2023-05-05 09:13:05,507 [88416288-d81a-4caa-b0be-4bb91378dc06@group-21A31C6BC464-LeaderElection36] INFO  server.RaftServerConfigKeys (ConfUtils.java:logGet(46)) - raft.server.watch.element-limit = 65536 (default)
2023-05-05 09:13:05,507 [88416288-d81a-4caa-b0be-4bb91378dc06@group-21A31C6BC464-LeaderElection36] INFO  server.RaftServerConfigKeys (ConfUtils.java:logGet(46)) - raft.server.write.element-limit = 1024 (custom)
2023-05-05 09:13:05,507 [88416288-d81a-4caa-b0be-4bb91378dc06@group-21A31C6BC464-LeaderElection36] INFO  server.RaftServerConfigKeys (ConfUtils.java:logGet(46)) - raft.server.write.follower.gap.ratio.max = -1.0 (default)
2023-05-05 09:13:05,508 [88416288-d81a-4caa-b0be-4bb91378dc06@group-21A31C6BC464-LeaderElection36] INFO  server.RaftServerConfigKeys (ConfUtils.java:logGet(46)) - raft.server.log.appender.snapshot.chunk.size.max = 16MB (=16777216) (default)
2023-05-05 09:13:05,508 [88416288-d81a-4caa-b0be-4bb91378dc06@group-21A31C6BC464-LeaderElection36] INFO  server.RaftServerConfigKeys (ConfUtils.java:logGet(46)) - raft.server.log.appender.buffer.byte-limit = 33554432 (custom)
2023-05-05 09:13:05,508 [88416288-d81a-4caa-b0be-4bb91378dc06@group-21A31C6BC464-LeaderElection36] INFO  server.RaftServerConfigKeys (ConfUtils.java:logGet(46)) - raft.server.log.appender.buffer.element-limit = 1 (custom)
2023-05-05 09:13:05,508 [88416288-d81a-4caa-b0be-4bb91378dc06@group-21A31C6BC464-LeaderElection36] INFO  grpc.GrpcConfigKeys (ConfUtils.java:logGet(46)) - raft.grpc.server.leader.outstanding.appends.max = 128 (default)
2023-05-05 09:13:05,508 [88416288-d81a-4caa-b0be-4bb91378dc06@group-21A31C6BC464-LeaderElection36] INFO  server.RaftServerConfigKeys (ConfUtils.java:logGet(46)) - raft.server.rpc.request.timeout = 60s (custom)
2023-05-05 09:13:05,508 [88416288-d81a-4caa-b0be-4bb91378dc06@group-21A31C6BC464-LeaderElection36] INFO  server.RaftServerConfigKeys (ConfUtils.java:logGet(46)) - raft.server.log.appender.install.snapshot.enabled = false (custom)
2023-05-05 09:13:05,508 [88416288-d81a-4caa-b0be-4bb91378dc06@group-21A31C6BC464-LeaderElection36] INFO  grpc.GrpcConfigKeys (ConfUtils.java:logGet(46)) - raft.grpc.server.heartbeat.channel = true (default)
2023-05-05 09:13:05,508 [88416288-d81a-4caa-b0be-4bb91378dc06@group-21A31C6BC464-LeaderElection36] INFO  server.RaftServerConfigKeys (ConfUtils.java:logGet(46)) - raft.server.log.appender.wait-time.min = 10ms (default)
2023-05-05 09:13:05,509 [88416288-d81a-4caa-b0be-4bb91378dc06@group-21A31C6BC464-LeaderElection36] INFO  server.RaftServerConfigKeys (ConfUtils.java:logGet(46)) - raft.server.log.appender.snapshot.chunk.size.max = 16MB (=16777216) (default)
2023-05-05 09:13:05,509 [88416288-d81a-4caa-b0be-4bb91378dc06@group-21A31C6BC464-LeaderElection36] INFO  server.RaftServerConfigKeys (ConfUtils.java:logGet(46)) - raft.server.log.appender.buffer.byte-limit = 33554432 (custom)
2023-05-05 09:13:05,509 [88416288-d81a-4caa-b0be-4bb91378dc06@group-21A31C6BC464-LeaderElection36] INFO  server.RaftServerConfigKeys (ConfUtils.java:logGet(46)) - raft.server.log.appender.buffer.element-limit = 1 (custom)
2023-05-05 09:13:05,509 [88416288-d81a-4caa-b0be-4bb91378dc06@group-21A31C6BC464-LeaderElection36] INFO  grpc.GrpcConfigKeys (ConfUtils.java:logGet(46)) - raft.grpc.server.leader.outstanding.appends.max = 128 (default)
2023-05-05 09:13:05,509 [88416288-d81a-4caa-b0be-4bb91378dc06@group-21A31C6BC464-LeaderElection36] INFO  server.RaftServerConfigKeys (ConfUtils.java:logGet(46)) - raft.server.rpc.request.timeout = 60s (custom)
2023-05-05 09:13:05,509 [88416288-d81a-4caa-b0be-4bb91378dc06@group-21A31C6BC464-LeaderElection36] INFO  server.RaftServerConfigKeys (ConfUtils.java:logGet(46)) - raft.server.log.appender.install.snapshot.enabled = false (custom)
2023-05-05 09:13:05,509 [88416288-d81a-4caa-b0be-4bb91378dc06@group-21A31C6BC464-LeaderElection36] INFO  grpc.GrpcConfigKeys (ConfUtils.java:logGet(46)) - raft.grpc.server.heartbeat.channel = true (default)
2023-05-05 09:13:05,509 [88416288-d81a-4caa-b0be-4bb91378dc06@group-21A31C6BC464-LeaderElection36] INFO  server.RaftServerConfigKeys (ConfUtils.java:logGet(46)) - raft.server.log.appender.wait-time.min = 10ms (default)
2023-05-05 09:13:05,509 [88416288-d81a-4caa-b0be-4bb91378dc06@group-21A31C6BC464-LeaderElection36] INFO  impl.RoleInfo (RoleInfo.java:updateAndGet(139)) - 88416288-d81a-4caa-b0be-4bb91378dc06: start 88416288-d81a-4caa-b0be-4bb91378dc06@group-21A31C6BC464-LeaderStateImpl
2023-05-05 09:13:05,509 [88416288-d81a-4caa-b0be-4bb91378dc06@group-21A31C6BC464-LeaderElection36] INFO  segmented.SegmentedRaftLogWorker (SegmentedRaftLogWorker.java:startLogSegment(452)) - 88416288-d81a-4caa-b0be-4bb91378dc06@group-21A31C6BC464-SegmentedRaftLogWorker: Starting segment from index:0
2023-05-05 09:13:05,511 [EventQueue-PipelineReportForPipelineReportHandler] INFO  pipeline.PipelineManagerImpl (PipelineManagerImpl.java:openPipeline(367)) - Pipeline Pipeline[ Id: 3f564c3e-2811-4e69-ab48-21a31c6bc464, Nodes: 88416288-d81a-4caa-b0be-4bb91378dc06(fv-az152-207.qln5d00okglujjccfnhxhxodph.cx.internal.cloudapp.net/10.1.0.42)f85e0dcc-39ca-49ef-85c9-6c51f48e3333(fv-az152-207.qln5d00okglujjccfnhxhxodph.cx.internal.cloudapp.net/10.1.0.42)01ec52f5-41b6-49aa-a875-886c0181af90(fv-az152-207.qln5d00okglujjccfnhxhxodph.cx.internal.cloudapp.net/10.1.0.42), ReplicationConfig: RATIS/THREE, State:ALLOCATED, leaderId:88416288-d81a-4caa-b0be-4bb91378dc06, CreationTimestamp2023-05-05T09:12:58.023Z[Etc/UTC]] moved to OPEN state
2023-05-05 09:13:05,511 [EventQueue-OpenPipelineForHealthyPipelineSafeModeRule] INFO  safemode.SCMSafeModeManager (HealthyPipelineSafeModeRule.java:process(137)) - SCM in safe mode. Healthy pipelines reported count is 1, required healthy pipeline reported count is 1
2023-05-05 09:13:05,511 [EventQueue-OpenPipelineForHealthyPipelineSafeModeRule] INFO  safemode.SCMSafeModeManager (SCMSafeModeManager.java:validateSafeModeExitRules(200)) - HealthyPipelineSafeModeRule rule is successfully validated
2023-05-05 09:13:05,511 [EventQueue-OpenPipelineForHealthyPipelineSafeModeRule] INFO  safemode.SCMSafeModeManager (SCMSafeModeManager.java:validateSafeModeExitRules(215)) - ScmSafeModeManager, all rules are successfully validated
2023-05-05 09:13:05,511 [EventQueue-OpenPipelineForHealthyPipelineSafeModeRule] INFO  safemode.SCMSafeModeManager (SCMSafeModeManager.java:exitSafeMode(244)) - SCM exiting safe mode.
2023-05-05 09:13:05,511 [EventQueue-OpenPipelineForHealthyPipelineSafeModeRule] INFO  ha.SCMContext (SCMContext.java:updateSafeModeStatus(228)) - Update SafeModeStatus from SafeModeStatus{safeModeStatus=true, preCheckPassed=true} to SafeModeStatus{safeModeStatus=false, preCheckPassed=true}.
2023-05-05 09:13:05,511 [EventQueue-OpenPipelineForHealthyPipelineSafeModeRule] INFO  pipeline.BackgroundPipelineCreator (BackgroundPipelineCreator.java:notifyStatusChanged(254)) - Service BackgroundPipelineCreator transitions to RUNNING.
2023-05-05 09:13:05,512 [EventQueue-OpenPipelineForHealthyPipelineSafeModeRule] INFO  BackgroundPipelineScrubber (BackgroundSCMService.java:notifyStatusChanged(82)) - Service BackgroundPipelineScrubber transitions to RUNNING.
2023-05-05 09:13:05,512 [EventQueue-OpenPipelineForHealthyPipelineSafeModeRule] INFO  ExpiredContainerReplicaOpScrubber (BackgroundSCMService.java:notifyStatusChanged(82)) - Service ExpiredContainerReplicaOpScrubber transitions to RUNNING.
2023-05-05 09:13:05,512 [EventQueue-OpenPipelineForHealthyPipelineSafeModeRule] INFO  replication.ReplicationManager (ReplicationManager.java:notifyStatusChanged(1370)) - Service ReplicationManager transitions to RUNNING.
2023-05-05 09:13:05,512 [EventQueue-OpenPipelineForHealthyPipelineSafeModeRule] WARN  balancer.ContainerBalancer (ContainerBalancer.java:shouldRun(132)) - Could not find persisted configuration for ContainerBalancer when checking if ContainerBalancer should run. ContainerBalancer should not run now.
2023-05-05 09:13:05,513 [88416288-d81a-4caa-b0be-4bb91378dc06@group-21A31C6BC464-SegmentedRaftLogWorker] INFO  segmented.SegmentedRaftLogWorker (SegmentedRaftLogWorker.java:execute(656)) - 88416288-d81a-4caa-b0be-4bb91378dc06@group-21A31C6BC464-SegmentedRaftLogWorker: created new log segment /home/runner/work/ozone/ozone/hadoop-ozone/integration-test/target/test-dir/MiniOzoneClusterImpl-44598e80-008f-49ac-96a9-a666e849b629/datanode-1/data/ratis/3f564c3e-2811-4e69-ab48-21a31c6bc464/current/log_inprogress_0
2023-05-05 09:13:05,527 [88416288-d81a-4caa-b0be-4bb91378dc06@group-21A31C6BC464-LeaderElection36] INFO  server.RaftServer$Division (ServerState.java:setRaftConf(430)) - 88416288-d81a-4caa-b0be-4bb91378dc06@group-21A31C6BC464: set configuration 0: peers:[f85e0dcc-39ca-49ef-85c9-6c51f48e3333|rpc:10.1.0.42:39217|dataStream:10.1.0.42:32803|priority:0|startupRole:FOLLOWER, 01ec52f5-41b6-49aa-a875-886c0181af90|rpc:10.1.0.42:34459|dataStream:10.1.0.42:41675|priority:0|startupRole:FOLLOWER, 88416288-d81a-4caa-b0be-4bb91378dc06|rpc:10.1.0.42:43207|dataStream:10.1.0.42:38003|priority:1|startupRole:FOLLOWER]|listeners:[], old=null
2023-05-05 09:13:05,536 [f85e0dcc-39ca-49ef-85c9-6c51f48e3333-server-thread1] INFO  ratis.XceiverServerRatis (XceiverServerRatis.java:handleLeaderChangedNotification(904)) - Leader change notification received for group: group-21A31C6BC464 with new leaderId: 88416288-d81a-4caa-b0be-4bb91378dc06
2023-05-05 09:13:05,536 [f85e0dcc-39ca-49ef-85c9-6c51f48e3333-server-thread1] INFO  server.RaftServer$Division (ServerState.java:setLeader(313)) - f85e0dcc-39ca-49ef-85c9-6c51f48e3333@group-21A31C6BC464: change Leader from null to 88416288-d81a-4caa-b0be-4bb91378dc06 at term 1 for appendEntries, leader elected after 5159ms
2023-05-05 09:13:05,550 [f85e0dcc-39ca-49ef-85c9-6c51f48e3333-server-thread2] INFO  server.RaftServer$Division (ServerState.java:setRaftConf(430)) - f85e0dcc-39ca-49ef-85c9-6c51f48e3333@group-21A31C6BC464: set configuration 0: peers:[f85e0dcc-39ca-49ef-85c9-6c51f48e3333|rpc:10.1.0.42:39217|dataStream:10.1.0.42:32803|priority:0|startupRole:FOLLOWER, 01ec52f5-41b6-49aa-a875-886c0181af90|rpc:10.1.0.42:34459|dataStream:10.1.0.42:41675|priority:0|startupRole:FOLLOWER, 88416288-d81a-4caa-b0be-4bb91378dc06|rpc:10.1.0.42:43207|dataStream:10.1.0.42:38003|priority:1|startupRole:FOLLOWER]|listeners:[], old=null
2023-05-05 09:13:05,550 [f85e0dcc-39ca-49ef-85c9-6c51f48e3333-server-thread2] INFO  segmented.SegmentedRaftLogWorker (SegmentedRaftLogWorker.java:startLogSegment(452)) - f85e0dcc-39ca-49ef-85c9-6c51f48e3333@group-21A31C6BC464-SegmentedRaftLogWorker: Starting segment from index:0
2023-05-05 09:13:05,551 [f85e0dcc-39ca-49ef-85c9-6c51f48e3333@group-21A31C6BC464-SegmentedRaftLogWorker] INFO  segmented.SegmentedRaftLogWorker (SegmentedRaftLogWorker.java:execute(656)) - f85e0dcc-39ca-49ef-85c9-6c51f48e3333@group-21A31C6BC464-SegmentedRaftLogWorker: created new log segment /home/runner/work/ozone/ozone/hadoop-ozone/integration-test/target/test-dir/MiniOzoneClusterImpl-44598e80-008f-49ac-96a9-a666e849b629/datanode-2/data/ratis/3f564c3e-2811-4e69-ab48-21a31c6bc464/current/log_inprogress_0
2023-05-05 09:13:05,552 [01ec52f5-41b6-49aa-a875-886c0181af90-server-thread1] INFO  ratis.XceiverServerRatis (XceiverServerRatis.java:handleLeaderChangedNotification(904)) - Leader change notification received for group: group-21A31C6BC464 with new leaderId: 88416288-d81a-4caa-b0be-4bb91378dc06
2023-05-05 09:13:05,552 [01ec52f5-41b6-49aa-a875-886c0181af90-server-thread1] INFO  server.RaftServer$Division (ServerState.java:setLeader(313)) - 01ec52f5-41b6-49aa-a875-886c0181af90@group-21A31C6BC464: change Leader from null to 88416288-d81a-4caa-b0be-4bb91378dc06 at term 1 for appendEntries, leader elected after 5247ms
2023-05-05 09:13:05,556 [01ec52f5-41b6-49aa-a875-886c0181af90-server-thread1] INFO  server.RaftServer$Division (ServerState.java:setRaftConf(430)) - 01ec52f5-41b6-49aa-a875-886c0181af90@group-21A31C6BC464: set configuration 0: peers:[f85e0dcc-39ca-49ef-85c9-6c51f48e3333|rpc:10.1.0.42:39217|dataStream:10.1.0.42:32803|priority:0|startupRole:FOLLOWER, 01ec52f5-41b6-49aa-a875-886c0181af90|rpc:10.1.0.42:34459|dataStream:10.1.0.42:41675|priority:0|startupRole:FOLLOWER, 88416288-d81a-4caa-b0be-4bb91378dc06|rpc:10.1.0.42:43207|dataStream:10.1.0.42:38003|priority:1|startupRole:FOLLOWER]|listeners:[], old=null
2023-05-05 09:13:05,556 [01ec52f5-41b6-49aa-a875-886c0181af90-server-thread1] INFO  segmented.SegmentedRaftLogWorker (SegmentedRaftLogWorker.java:startLogSegment(452)) - 01ec52f5-41b6-49aa-a875-886c0181af90@group-21A31C6BC464-SegmentedRaftLogWorker: Starting segment from index:0
2023-05-05 09:13:05,558 [01ec52f5-41b6-49aa-a875-886c0181af90@group-21A31C6BC464-SegmentedRaftLogWorker] INFO  segmented.SegmentedRaftLogWorker (SegmentedRaftLogWorker.java:execute(656)) - 01ec52f5-41b6-49aa-a875-886c0181af90@group-21A31C6BC464-SegmentedRaftLogWorker: created new log segment /home/runner/work/ozone/ozone/hadoop-ozone/integration-test/target/test-dir/MiniOzoneClusterImpl-44598e80-008f-49ac-96a9-a666e849b629/datanode-0/data/ratis/3f564c3e-2811-4e69-ab48-21a31c6bc464/current/log_inprogress_0
2023-05-05 09:13:05,575 [f85e0dcc-39ca-49ef-85c9-6c51f48e3333@group-81C215923A5E-FollowerState] INFO  impl.FollowerState (FollowerState.java:run(143)) - f85e0dcc-39ca-49ef-85c9-6c51f48e3333@group-81C215923A5E-FollowerState: change to CANDIDATE, lastRpcElapsedTime:5130541336ns, electionTimeout:5129ms
2023-05-05 09:13:05,575 [f85e0dcc-39ca-49ef-85c9-6c51f48e3333@group-81C215923A5E-FollowerState] INFO  impl.RoleInfo (RoleInfo.java:shutdownFollowerState(110)) - f85e0dcc-39ca-49ef-85c9-6c51f48e3333: shutdown f85e0dcc-39ca-49ef-85c9-6c51f48e3333@group-81C215923A5E-FollowerState
2023-05-05 09:13:05,575 [f85e0dcc-39ca-49ef-85c9-6c51f48e3333@group-81C215923A5E-FollowerState] INFO  server.RaftServer$Division (RaftServerImpl.java:setRole(321)) - f85e0dcc-39ca-49ef-85c9-6c51f48e3333@group-81C215923A5E: changes role from  FOLLOWER to CANDIDATE at term 0 for changeToCandidate
2023-05-05 09:13:05,575 [f85e0dcc-39ca-49ef-85c9-6c51f48e3333@group-81C215923A5E-FollowerState] INFO  server.RaftServerConfigKeys (ConfUtils.java:logGet(46)) - raft.server.leaderelection.pre-vote = true (default)
2023-05-05 09:13:05,575 [f85e0dcc-39ca-49ef-85c9-6c51f48e3333@group-81C215923A5E-FollowerState] INFO  impl.RoleInfo (RoleInfo.java:updateAndGet(139)) - f85e0dcc-39ca-49ef-85c9-6c51f48e3333: start f85e0dcc-39ca-49ef-85c9-6c51f48e3333@group-81C215923A5E-LeaderElection39
2023-05-05 09:13:05,577 [f85e0dcc-39ca-49ef-85c9-6c51f48e3333@group-81C215923A5E-LeaderElection39] INFO  impl.LeaderElection (LeaderElection.java:askForVotes(312)) - f85e0dcc-39ca-49ef-85c9-6c51f48e3333@group-81C215923A5E-LeaderElection39 PRE_VOTE round 0: submit vote requests at term 0 for -1: peers:[f85e0dcc-39ca-49ef-85c9-6c51f48e3333|rpc:10.1.0.42:39217|dataStream:10.1.0.42:32803|priority:1|startupRole:FOLLOWER, 01ec52f5-41b6-49aa-a875-886c0181af90|rpc:10.1.0.42:34459|dataStream:10.1.0.42:41675|priority:0|startupRole:FOLLOWER, 88416288-d81a-4caa-b0be-4bb91378dc06|rpc:10.1.0.42:43207|dataStream:10.1.0.42:38003|priority:0|startupRole:FOLLOWER]|listeners:[], old=null
2023-05-05 09:13:05,577 [f85e0dcc-39ca-49ef-85c9-6c51f48e3333@group-81C215923A5E-LeaderElection39-1] INFO  server.GrpcServerProtocolClient (GrpcServerProtocolClient.java:<init>(63)) - Build channel for 01ec52f5-41b6-49aa-a875-886c0181af90
2023-05-05 09:13:05,580 [f85e0dcc-39ca-49ef-85c9-6c51f48e3333@group-81C215923A5E-LeaderElection39] INFO  server.RaftServerConfigKeys (ConfUtils.java:logFallback(53)) - raft.server.rpc.first-election.timeout.min = 5s (fallback to raft.server.rpc.timeout.min)
2023-05-05 09:13:05,582 [f85e0dcc-39ca-49ef-85c9-6c51f48e3333@group-81C215923A5E-LeaderElection39] INFO  server.RaftServerConfigKeys (ConfUtils.java:logFallback(53)) - raft.server.rpc.first-election.timeout.max = 5200ms (fallback to raft.server.rpc.timeout.max)
2023-05-05 09:13:05,583 [f85e0dcc-39ca-49ef-85c9-6c51f48e3333@group-81C215923A5E-LeaderElection39-2] INFO  server.GrpcServerProtocolClient (GrpcServerProtocolClient.java:<init>(63)) - Build channel for 88416288-d81a-4caa-b0be-4bb91378dc06
2023-05-05 09:13:05,584 [grpc-default-executor-3] INFO  server.RaftServer$Division (RaftServerImpl.java:requestVote(1218)) - 01ec52f5-41b6-49aa-a875-886c0181af90@group-81C215923A5E: receive requestVote(PRE_VOTE, f85e0dcc-39ca-49ef-85c9-6c51f48e3333, group-81C215923A5E, 0, (t:0, i:0))
2023-05-05 09:13:05,585 [grpc-default-executor-3] INFO  impl.VoteContext (VoteContext.java:log(49)) - 01ec52f5-41b6-49aa-a875-886c0181af90@group-81C215923A5E-FOLLOWER: accept PRE_VOTE from f85e0dcc-39ca-49ef-85c9-6c51f48e3333: our priority 0 <= candidate's priority 1
2023-05-05 09:13:05,585 [grpc-default-executor-3] INFO  server.RaftServer$Division (RaftServerImpl.java:requestVote(1251)) - 01ec52f5-41b6-49aa-a875-886c0181af90@group-81C215923A5E replies to PRE_VOTE vote request: f85e0dcc-39ca-49ef-85c9-6c51f48e3333<-01ec52f5-41b6-49aa-a875-886c0181af90#0:OK-t0. Peer's state: 01ec52f5-41b6-49aa-a875-886c0181af90@group-81C215923A5E:t0, leader=null, voted=, raftlog=Memoized:01ec52f5-41b6-49aa-a875-886c0181af90@group-81C215923A5E-SegmentedRaftLog:OPENED:c-1, conf=-1: peers:[f85e0dcc-39ca-49ef-85c9-6c51f48e3333|rpc:10.1.0.42:39217|dataStream:10.1.0.42:32803|priority:1|startupRole:FOLLOWER, 01ec52f5-41b6-49aa-a875-886c0181af90|rpc:10.1.0.42:34459|dataStream:10.1.0.42:41675|priority:0|startupRole:FOLLOWER, 88416288-d81a-4caa-b0be-4bb91378dc06|rpc:10.1.0.42:43207|dataStream:10.1.0.42:38003|priority:0|startupRole:FOLLOWER]|listeners:[], old=null
2023-05-05 09:13:05,587 [88416288-d81a-4caa-b0be-4bb91378dc06@group-81C215923A5E-FollowerState] INFO  server.RaftServerConfigKeys (ConfUtils.java:logFallback(53)) - raft.server.rpc.first-election.timeout.min = 5s (fallback to raft.server.rpc.timeout.min)
2023-05-05 09:13:05,587 [88416288-d81a-4caa-b0be-4bb91378dc06@group-81C215923A5E-FollowerState] INFO  server.RaftServerConfigKeys (ConfUtils.java:logFallback(53)) - raft.server.rpc.first-election.timeout.max = 5200ms (fallback to raft.server.rpc.timeout.max)
2023-05-05 09:13:05,588 [f85e0dcc-39ca-49ef-85c9-6c51f48e3333@group-81C215923A5E-LeaderElection39] INFO  impl.LeaderElection (LeaderElection.java:logAndReturn(90)) - f85e0dcc-39ca-49ef-85c9-6c51f48e3333@group-81C215923A5E-LeaderElection39: PRE_VOTE PASSED received 1 response(s) and 0 exception(s):
2023-05-05 09:13:05,588 [f85e0dcc-39ca-49ef-85c9-6c51f48e3333@group-81C215923A5E-LeaderElection39] INFO  impl.LeaderElection (LeaderElection.java:logAndReturn(94)) -   Response 0: f85e0dcc-39ca-49ef-85c9-6c51f48e3333<-01ec52f5-41b6-49aa-a875-886c0181af90#0:OK-t0
2023-05-05 09:13:05,588 [f85e0dcc-39ca-49ef-85c9-6c51f48e3333@group-81C215923A5E-LeaderElection39] INFO  impl.LeaderElection (LeaderElection.java:askForVotes(314)) - f85e0dcc-39ca-49ef-85c9-6c51f48e3333@group-81C215923A5E-LeaderElection39 PRE_VOTE round 0: result PASSED
2023-05-05 09:13:05,590 [f85e0dcc-39ca-49ef-85c9-6c51f48e3333@group-81C215923A5E-LeaderElection39] INFO  impl.LeaderElection (LeaderElection.java:askForVotes(312)) - f85e0dcc-39ca-49ef-85c9-6c51f48e3333@group-81C215923A5E-LeaderElection39 ELECTION round 0: submit vote requests at term 1 for -1: peers:[f85e0dcc-39ca-49ef-85c9-6c51f48e3333|rpc:10.1.0.42:39217|dataStream:10.1.0.42:32803|priority:1|startupRole:FOLLOWER, 01ec52f5-41b6-49aa-a875-886c0181af90|rpc:10.1.0.42:34459|dataStream:10.1.0.42:41675|priority:0|startupRole:FOLLOWER, 88416288-d81a-4caa-b0be-4bb91378dc06|rpc:10.1.0.42:43207|dataStream:10.1.0.42:38003|priority:0|startupRole:FOLLOWER]|listeners:[], old=null
2023-05-05 09:13:05,592 [grpc-default-executor-3] INFO  server.RaftServer$Division (RaftServerImpl.java:requestVote(1218)) - 88416288-d81a-4caa-b0be-4bb91378dc06@group-81C215923A5E: receive requestVote(PRE_VOTE, f85e0dcc-39ca-49ef-85c9-6c51f48e3333, group-81C215923A5E, 0, (t:0, i:0))
2023-05-05 09:13:05,592 [grpc-default-executor-3] INFO  impl.VoteContext (VoteContext.java:log(49)) - 88416288-d81a-4caa-b0be-4bb91378dc06@group-81C215923A5E-FOLLOWER: accept PRE_VOTE from f85e0dcc-39ca-49ef-85c9-6c51f48e3333: our priority 0 <= candidate's priority 1
2023-05-05 09:13:05,592 [grpc-default-executor-3] INFO  server.RaftServer$Division (RaftServerImpl.java:requestVote(1251)) - 88416288-d81a-4caa-b0be-4bb91378dc06@group-81C215923A5E replies to PRE_VOTE vote request: f85e0dcc-39ca-49ef-85c9-6c51f48e3333<-88416288-d81a-4caa-b0be-4bb91378dc06#0:OK-t0. Peer's state: 88416288-d81a-4caa-b0be-4bb91378dc06@group-81C215923A5E:t0, leader=null, voted=, raftlog=Memoized:88416288-d81a-4caa-b0be-4bb91378dc06@group-81C215923A5E-SegmentedRaftLog:OPENED:c-1, conf=-1: peers:[f85e0dcc-39ca-49ef-85c9-6c51f48e3333|rpc:10.1.0.42:39217|dataStream:10.1.0.42:32803|priority:1|startupRole:FOLLOWER, 01ec52f5-41b6-49aa-a875-886c0181af90|rpc:10.1.0.42:34459|dataStream:10.1.0.42:41675|priority:0|startupRole:FOLLOWER, 88416288-d81a-4caa-b0be-4bb91378dc06|rpc:10.1.0.42:43207|dataStream:10.1.0.42:38003|priority:0|startupRole:FOLLOWER]|listeners:[], old=null
2023-05-05 09:13:05,596 [f85e0dcc-39ca-49ef-85c9-6c51f48e3333@group-81C215923A5E-LeaderElection39] INFO  server.RaftServerConfigKeys (ConfUtils.java:logFallback(53)) - raft.server.rpc.first-election.timeout.min = 5s (fallback to raft.server.rpc.timeout.min)
2023-05-05 09:13:05,597 [grpc-default-executor-3] INFO  server.RaftServer$Division (RaftServerImpl.java:requestVote(1218)) - 01ec52f5-41b6-49aa-a875-886c0181af90@group-81C215923A5E: receive requestVote(ELECTION, f85e0dcc-39ca-49ef-85c9-6c51f48e3333, group-81C215923A5E, 1, (t:0, i:0))
2023-05-05 09:13:05,598 [grpc-default-executor-3] INFO  impl.VoteContext (VoteContext.java:log(49)) - 01ec52f5-41b6-49aa-a875-886c0181af90@group-81C215923A5E-FOLLOWER: accept ELECTION from f85e0dcc-39ca-49ef-85c9-6c51f48e3333: our priority 0 <= candidate's priority 1
2023-05-05 09:13:05,598 [grpc-default-executor-3] INFO  server.RaftServer$Division (RaftServerImpl.java:setRole(321)) - 01ec52f5-41b6-49aa-a875-886c0181af90@group-81C215923A5E: changes role from  FOLLOWER to FOLLOWER at term 1 for candidate:f85e0dcc-39ca-49ef-85c9-6c51f48e3333
2023-05-05 09:13:05,598 [grpc-default-executor-3] INFO  impl.RoleInfo (RoleInfo.java:shutdownFollowerState(110)) - 01ec52f5-41b6-49aa-a875-886c0181af90: shutdown 01ec52f5-41b6-49aa-a875-886c0181af90@group-81C215923A5E-FollowerState
2023-05-05 09:13:05,599 [grpc-default-executor-3] INFO  impl.RoleInfo (RoleInfo.java:updateAndGet(139)) - 01ec52f5-41b6-49aa-a875-886c0181af90: start 01ec52f5-41b6-49aa-a875-886c0181af90@group-81C215923A5E-FollowerState
2023-05-05 09:13:05,600 [grpc-default-executor-1] INFO  server.RaftServer$Division (RaftServerImpl.java:requestVote(1218)) - 88416288-d81a-4caa-b0be-4bb91378dc06@group-81C215923A5E: receive requestVote(ELECTION, f85e0dcc-39ca-49ef-85c9-6c51f48e3333, group-81C215923A5E, 1, (t:0, i:0))
2023-05-05 09:13:05,600 [grpc-default-executor-1] INFO  impl.VoteContext (VoteContext.java:log(49)) - 88416288-d81a-4caa-b0be-4bb91378dc06@group-81C215923A5E-FOLLOWER: accept ELECTION from f85e0dcc-39ca-49ef-85c9-6c51f48e3333: our priority 0 <= candidate's priority 1
2023-05-05 09:13:05,600 [grpc-default-executor-1] INFO  server.RaftServer$Division (RaftServerImpl.java:setRole(321)) - 88416288-d81a-4caa-b0be-4bb91378dc06@group-81C215923A5E: changes role from  FOLLOWER to FOLLOWER at term 1 for candidate:f85e0dcc-39ca-49ef-85c9-6c51f48e3333
2023-05-05 09:13:05,600 [grpc-default-executor-1] INFO  impl.RoleInfo (RoleInfo.java:shutdownFollowerState(110)) - 88416288-d81a-4caa-b0be-4bb91378dc06: shutdown 88416288-d81a-4caa-b0be-4bb91378dc06@group-81C215923A5E-FollowerState
2023-05-05 09:13:05,600 [grpc-default-executor-1] INFO  impl.RoleInfo (RoleInfo.java:updateAndGet(139)) - 88416288-d81a-4caa-b0be-4bb91378dc06: start 88416288-d81a-4caa-b0be-4bb91378dc06@group-81C215923A5E-FollowerState
2023-05-05 09:13:05,598 [f85e0dcc-39ca-49ef-85c9-6c51f48e3333@group-81C215923A5E-LeaderElection39] INFO  server.RaftServerConfigKeys (ConfUtils.java:logFallback(53)) - raft.server.rpc.first-election.timeout.max = 5200ms (fallback to raft.server.rpc.timeout.max)
2023-05-05 09:13:05,600 [88416288-d81a-4caa-b0be-4bb91378dc06@group-81C215923A5E-FollowerState] INFO  impl.FollowerState (FollowerState.java:run(152)) - 88416288-d81a-4caa-b0be-4bb91378dc06@group-81C215923A5E-FollowerState was interrupted
2023-05-05 09:13:05,599 [01ec52f5-41b6-49aa-a875-886c0181af90@group-81C215923A5E-FollowerState] INFO  impl.FollowerState (FollowerState.java:run(152)) - 01ec52f5-41b6-49aa-a875-886c0181af90@group-81C215923A5E-FollowerState was interrupted
2023-05-05 09:13:05,601 [88416288-d81a-4caa-b0be-4bb91378dc06@group-81C215923A5E-FollowerState] INFO  server.RaftServerConfigKeys (ConfUtils.java:logFallback(53)) - raft.server.rpc.first-election.timeout.min = 5s (fallback to raft.server.rpc.timeout.min)
2023-05-05 09:13:05,605 [88416288-d81a-4caa-b0be-4bb91378dc06@group-81C215923A5E-FollowerState] INFO  server.RaftServerConfigKeys (ConfUtils.java:logFallback(53)) - raft.server.rpc.first-election.timeout.max = 5200ms (fallback to raft.server.rpc.timeout.max)
2023-05-05 09:13:05,605 [grpc-default-executor-3] INFO  server.RaftServer$Division (RaftServerImpl.java:requestVote(1251)) - 01ec52f5-41b6-49aa-a875-886c0181af90@group-81C215923A5E replies to ELECTION vote request: f85e0dcc-39ca-49ef-85c9-6c51f48e3333<-01ec52f5-41b6-49aa-a875-886c0181af90#0:OK-t1. Peer's state: 01ec52f5-41b6-49aa-a875-886c0181af90@group-81C215923A5E:t1, leader=null, voted=f85e0dcc-39ca-49ef-85c9-6c51f48e3333, raftlog=Memoized:01ec52f5-41b6-49aa-a875-886c0181af90@group-81C215923A5E-SegmentedRaftLog:OPENED:c-1, conf=-1: peers:[f85e0dcc-39ca-49ef-85c9-6c51f48e3333|rpc:10.1.0.42:39217|dataStream:10.1.0.42:32803|priority:1|startupRole:FOLLOWER, 01ec52f5-41b6-49aa-a875-886c0181af90|rpc:10.1.0.42:34459|dataStream:10.1.0.42:41675|priority:0|startupRole:FOLLOWER, 88416288-d81a-4caa-b0be-4bb91378dc06|rpc:10.1.0.42:43207|dataStream:10.1.0.42:38003|priority:0|startupRole:FOLLOWER]|listeners:[], old=null
2023-05-05 09:13:05,606 [01ec52f5-41b6-49aa-a875-886c0181af90@group-81C215923A5E-FollowerState] INFO  server.RaftServerConfigKeys (ConfUtils.java:logFallback(53)) - raft.server.rpc.first-election.timeout.min = 5s (fallback to raft.server.rpc.timeout.min)
2023-05-05 09:13:05,606 [f85e0dcc-39ca-49ef-85c9-6c51f48e3333@group-81C215923A5E-LeaderElection39] INFO  impl.LeaderElection (LeaderElection.java:logAndReturn(90)) - f85e0dcc-39ca-49ef-85c9-6c51f48e3333@group-81C215923A5E-LeaderElection39: ELECTION PASSED received 1 response(s) and 0 exception(s):
2023-05-05 09:13:05,606 [f85e0dcc-39ca-49ef-85c9-6c51f48e3333@group-81C215923A5E-LeaderElection39] INFO  impl.LeaderElection (LeaderElection.java:logAndReturn(94)) -   Response 0: f85e0dcc-39ca-49ef-85c9-6c51f48e3333<-01ec52f5-41b6-49aa-a875-886c0181af90#0:OK-t1
2023-05-05 09:13:05,607 [f85e0dcc-39ca-49ef-85c9-6c51f48e3333@group-81C215923A5E-LeaderElection39] INFO  impl.LeaderElection (LeaderElection.java:askForVotes(314)) - f85e0dcc-39ca-49ef-85c9-6c51f48e3333@group-81C215923A5E-LeaderElection39 ELECTION round 0: result PASSED
2023-05-05 09:13:05,607 [f85e0dcc-39ca-49ef-85c9-6c51f48e3333@group-81C215923A5E-LeaderElection39] INFO  impl.RoleInfo (RoleInfo.java:shutdownLeaderElection(130)) - f85e0dcc-39ca-49ef-85c9-6c51f48e3333: shutdown f85e0dcc-39ca-49ef-85c9-6c51f48e3333@group-81C215923A5E-LeaderElection39
2023-05-05 09:13:05,607 [f85e0dcc-39ca-49ef-85c9-6c51f48e3333@group-81C215923A5E-LeaderElection39] INFO  server.RaftServer$Division (RaftServerImpl.java:setRole(321)) - f85e0dcc-39ca-49ef-85c9-6c51f48e3333@group-81C215923A5E: changes role from CANDIDATE to LEADER at term 1 for changeToLeader
2023-05-05 09:13:05,607 [f85e0dcc-39ca-49ef-85c9-6c51f48e3333@group-81C215923A5E-LeaderElection39] INFO  ratis.XceiverServerRatis (XceiverServerRatis.java:handleLeaderChangedNotification(904)) - Leader change notification received for group: group-81C215923A5E with new leaderId: f85e0dcc-39ca-49ef-85c9-6c51f48e3333
2023-05-05 09:13:05,607 [grpc-default-executor-1] INFO  server.RaftServer$Division (RaftServerImpl.java:requestVote(1251)) - 88416288-d81a-4caa-b0be-4bb91378dc06@group-81C215923A5E replies to ELECTION vote request: f85e0dcc-39ca-49ef-85c9-6c51f48e3333<-88416288-d81a-4caa-b0be-4bb91378dc06#0:OK-t1. Peer's state: 88416288-d81a-4caa-b0be-4bb91378dc06@group-81C215923A5E:t1, leader=null, voted=f85e0dcc-39ca-49ef-85c9-6c51f48e3333, raftlog=Memoized:88416288-d81a-4caa-b0be-4bb91378dc06@group-81C215923A5E-SegmentedRaftLog:OPENED:c-1, conf=-1: peers:[f85e0dcc-39ca-49ef-85c9-6c51f48e3333|rpc:10.1.0.42:39217|dataStream:10.1.0.42:32803|priority:1|startupRole:FOLLOWER, 01ec52f5-41b6-49aa-a875-886c0181af90|rpc:10.1.0.42:34459|dataStream:10.1.0.42:41675|priority:0|startupRole:FOLLOWER, 88416288-d81a-4caa-b0be-4bb91378dc06|rpc:10.1.0.42:43207|dataStream:10.1.0.42:38003|priority:0|startupRole:FOLLOWER]|listeners:[], old=null
2023-05-05 09:13:05,609 [f85e0dcc-39ca-49ef-85c9-6c51f48e3333@group-81C215923A5E-LeaderElection39] INFO  server.RaftServer$Division (ServerState.java:setLeader(313)) - f85e0dcc-39ca-49ef-85c9-6c51f48e3333@group-81C215923A5E: change Leader from null to f85e0dcc-39ca-49ef-85c9-6c51f48e3333 at term 1 for becomeLeader, leader elected after 5175ms
2023-05-05 09:13:05,609 [f85e0dcc-39ca-49ef-85c9-6c51f48e3333@group-81C215923A5E-LeaderElection39] INFO  server.RaftServerConfigKeys (ConfUtils.java:logGet(46)) - raft.server.staging.catchup.gap = 1000 (default)
2023-05-05 09:13:05,609 [f85e0dcc-39ca-49ef-85c9-6c51f48e3333@group-81C215923A5E-LeaderElection39] INFO  server.RaftServerConfigKeys (ConfUtils.java:logGet(46)) - raft.server.write.element-limit = 1024 (custom)
2023-05-05 09:13:05,609 [f85e0dcc-39ca-49ef-85c9-6c51f48e3333@group-81C215923A5E-LeaderElection39] INFO  server.RaftServerConfigKeys (ConfUtils.java:logGet(46)) - raft.server.write.byte-limit = 1024 M (=1073741824) (custom)
2023-05-05 09:13:05,612 [EventQueue-PipelineReportForPipelineReportHandler] INFO  pipeline.PipelineManagerImpl (PipelineManagerImpl.java:openPipeline(367)) - Pipeline Pipeline[ Id: f947ebb2-47ad-4183-88d0-81c215923a5e, Nodes: 01ec52f5-41b6-49aa-a875-886c0181af90(fv-az152-207.qln5d00okglujjccfnhxhxodph.cx.internal.cloudapp.net/10.1.0.42)f85e0dcc-39ca-49ef-85c9-6c51f48e3333(fv-az152-207.qln5d00okglujjccfnhxhxodph.cx.internal.cloudapp.net/10.1.0.42)88416288-d81a-4caa-b0be-4bb91378dc06(fv-az152-207.qln5d00okglujjccfnhxhxodph.cx.internal.cloudapp.net/10.1.0.42), ReplicationConfig: RATIS/THREE, State:ALLOCATED, leaderId:f85e0dcc-39ca-49ef-85c9-6c51f48e3333, CreationTimestamp2023-05-05T09:12:58.025Z[Etc/UTC]] moved to OPEN state
2023-05-05 09:13:05,614 [f85e0dcc-39ca-49ef-85c9-6c51f48e3333@group-81C215923A5E-LeaderElection39] INFO  server.RaftServerConfigKeys (ConfUtils.java:logGet(46)) - raft.server.watch.timeout = 180s (custom)
2023-05-05 09:13:05,614 [f85e0dcc-39ca-49ef-85c9-6c51f48e3333@group-81C215923A5E-LeaderElection39] INFO  server.RaftServerConfigKeys (ConfUtils.java:logGet(46)) - raft.server.watch.timeout.denomination = 1s (default)
2023-05-05 09:13:05,614 [f85e0dcc-39ca-49ef-85c9-6c51f48e3333@group-81C215923A5E-LeaderElection39] INFO  server.RaftServerConfigKeys (ConfUtils.java:logGet(46)) - raft.server.watch.element-limit = 65536 (default)
2023-05-05 09:13:05,614 [f85e0dcc-39ca-49ef-85c9-6c51f48e3333@group-81C215923A5E-LeaderElection39] INFO  server.RaftServerConfigKeys (ConfUtils.java:logGet(46)) - raft.server.write.element-limit = 1024 (custom)
2023-05-05 09:13:05,614 [f85e0dcc-39ca-49ef-85c9-6c51f48e3333@group-81C215923A5E-LeaderElection39] INFO  server.RaftServerConfigKeys (ConfUtils.java:logGet(46)) - raft.server.write.follower.gap.ratio.max = -1.0 (default)
2023-05-05 09:13:05,615 [f85e0dcc-39ca-49ef-85c9-6c51f48e3333@group-81C215923A5E-LeaderElection39] INFO  server.RaftServerConfigKeys (ConfUtils.java:logGet(46)) - raft.server.log.appender.snapshot.chunk.size.max = 16MB (=16777216) (default)
2023-05-05 09:13:05,616 [f85e0dcc-39ca-49ef-85c9-6c51f48e3333@group-81C215923A5E-LeaderElection39] INFO  server.RaftServerConfigKeys (ConfUtils.java:logGet(46)) - raft.server.log.appender.buffer.byte-limit = 33554432 (custom)
2023-05-05 09:13:05,616 [f85e0dcc-39ca-49ef-85c9-6c51f48e3333@group-81C215923A5E-LeaderElection39] INFO  server.RaftServerConfigKeys (ConfUtils.java:logGet(46)) - raft.server.log.appender.buffer.element-limit = 1 (custom)
2023-05-05 09:13:05,616 [f85e0dcc-39ca-49ef-85c9-6c51f48e3333@group-81C215923A5E-LeaderElection39] INFO  grpc.GrpcConfigKeys (ConfUtils.java:logGet(46)) - raft.grpc.server.leader.outstanding.appends.max = 128 (default)
2023-05-05 09:13:05,616 [f85e0dcc-39ca-49ef-85c9-6c51f48e3333@group-81C215923A5E-LeaderElection39] INFO  server.RaftServerConfigKeys (ConfUtils.java:logGet(46)) - raft.server.rpc.request.timeout = 60s (custom)
2023-05-05 09:13:05,616 [f85e0dcc-39ca-49ef-85c9-6c51f48e3333@group-81C215923A5E-LeaderElection39] INFO  server.RaftServerConfigKeys (ConfUtils.java:logGet(46)) - raft.server.log.appender.install.snapshot.enabled = false (custom)
2023-05-05 09:13:05,616 [f85e0dcc-39ca-49ef-85c9-6c51f48e3333@group-81C215923A5E-LeaderElection39] INFO  grpc.GrpcConfigKeys (ConfUtils.java:logGet(46)) - raft.grpc.server.heartbeat.channel = true (default)
2023-05-05 09:13:05,616 [f85e0dcc-39ca-49ef-85c9-6c51f48e3333@group-81C215923A5E-LeaderElection39] INFO  server.RaftServerConfigKeys (ConfUtils.java:logGet(46)) - raft.server.log.appender.wait-time.min = 10ms (default)
2023-05-05 09:13:05,617 [f85e0dcc-39ca-49ef-85c9-6c51f48e3333@group-81C215923A5E-LeaderElection39] INFO  server.RaftServerConfigKeys (ConfUtils.java:logGet(46)) - raft.server.log.appender.snapshot.chunk.size.max = 16MB (=16777216) (default)
2023-05-05 09:13:05,618 [f85e0dcc-39ca-49ef-85c9-6c51f48e3333@group-81C215923A5E-LeaderElection39] INFO  server.RaftServerConfigKeys (ConfUtils.java:logGet(46)) - raft.server.log.appender.buffer.byte-limit = 33554432 (custom)
2023-05-05 09:13:05,618 [f85e0dcc-39ca-49ef-85c9-6c51f48e3333@group-81C215923A5E-LeaderElection39] INFO  server.RaftServerConfigKeys (ConfUtils.java:logGet(46)) - raft.server.log.appender.buffer.element-limit = 1 (custom)
2023-05-05 09:13:05,618 [f85e0dcc-39ca-49ef-85c9-6c51f48e3333@group-81C215923A5E-LeaderElection39] INFO  grpc.GrpcConfigKeys (ConfUtils.java:logGet(46)) - raft.grpc.server.leader.outstanding.appends.max = 128 (default)
2023-05-05 09:13:05,618 [f85e0dcc-39ca-49ef-85c9-6c51f48e3333@group-81C215923A5E-LeaderElection39] INFO  server.RaftServerConfigKeys (ConfUtils.java:logGet(46)) - raft.server.rpc.request.timeout = 60s (custom)
2023-05-05 09:13:05,618 [f85e0dcc-39ca-49ef-85c9-6c51f48e3333@group-81C215923A5E-LeaderElection39] INFO  server.RaftServerConfigKeys (ConfUtils.java:logGet(46)) - raft.server.log.appender.install.snapshot.enabled = false (custom)
2023-05-05 09:13:05,618 [f85e0dcc-39ca-49ef-85c9-6c51f48e3333@group-81C215923A5E-LeaderElection39] INFO  grpc.GrpcConfigKeys (ConfUtils.java:logGet(46)) - raft.grpc.server.heartbeat.channel = true (default)
2023-05-05 09:13:05,618 [f85e0dcc-39ca-49ef-85c9-6c51f48e3333@group-81C215923A5E-LeaderElection39] INFO  server.RaftServerConfigKeys (ConfUtils.java:logGet(46)) - raft.server.log.appender.wait-time.min = 10ms (default)
2023-05-05 09:13:05,618 [f85e0dcc-39ca-49ef-85c9-6c51f48e3333@group-81C215923A5E-LeaderElection39] INFO  impl.RoleInfo (RoleInfo.java:updateAndGet(139)) - f85e0dcc-39ca-49ef-85c9-6c51f48e3333: start f85e0dcc-39ca-49ef-85c9-6c51f48e3333@group-81C215923A5E-LeaderStateImpl
2023-05-05 09:13:05,619 [f85e0dcc-39ca-49ef-85c9-6c51f48e3333@group-81C215923A5E-LeaderElection39] INFO  segmented.SegmentedRaftLogWorker (SegmentedRaftLogWorker.java:startLogSegment(452)) - f85e0dcc-39ca-49ef-85c9-6c51f48e3333@group-81C215923A5E-SegmentedRaftLogWorker: Starting segment from index:0
2023-05-05 09:13:05,621 [f85e0dcc-39ca-49ef-85c9-6c51f48e3333@group-81C215923A5E-SegmentedRaftLogWorker] INFO  segmented.SegmentedRaftLogWorker (SegmentedRaftLogWorker.java:execute(656)) - f85e0dcc-39ca-49ef-85c9-6c51f48e3333@group-81C215923A5E-SegmentedRaftLogWorker: created new log segment /home/runner/work/ozone/ozone/hadoop-ozone/integration-test/target/test-dir/MiniOzoneClusterImpl-44598e80-008f-49ac-96a9-a666e849b629/datanode-2/data/ratis/f947ebb2-47ad-4183-88d0-81c215923a5e/current/log_inprogress_0
2023-05-05 09:13:05,621 [01ec52f5-41b6-49aa-a875-886c0181af90@group-81C215923A5E-FollowerState] INFO  server.RaftServerConfigKeys (ConfUtils.java:logFallback(53)) - raft.server.rpc.first-election.timeout.max = 5200ms (fallback to raft.server.rpc.timeout.max)
2023-05-05 09:13:05,640 [f85e0dcc-39ca-49ef-85c9-6c51f48e3333@group-81C215923A5E-LeaderElection39] INFO  server.RaftServer$Division (ServerState.java:setRaftConf(430)) - f85e0dcc-39ca-49ef-85c9-6c51f48e3333@group-81C215923A5E: set configuration 0: peers:[f85e0dcc-39ca-49ef-85c9-6c51f48e3333|rpc:10.1.0.42:39217|dataStream:10.1.0.42:32803|priority:1|startupRole:FOLLOWER, 01ec52f5-41b6-49aa-a875-886c0181af90|rpc:10.1.0.42:34459|dataStream:10.1.0.42:41675|priority:0|startupRole:FOLLOWER, 88416288-d81a-4caa-b0be-4bb91378dc06|rpc:10.1.0.42:43207|dataStream:10.1.0.42:38003|priority:0|startupRole:FOLLOWER]|listeners:[], old=null
2023-05-05 09:13:05,641 [01ec52f5-41b6-49aa-a875-886c0181af90-server-thread1] INFO  ratis.XceiverServerRatis (XceiverServerRatis.java:handleLeaderChangedNotification(904)) - Leader change notification received for group: group-81C215923A5E with new leaderId: f85e0dcc-39ca-49ef-85c9-6c51f48e3333
2023-05-05 09:13:05,641 [01ec52f5-41b6-49aa-a875-886c0181af90-server-thread1] INFO  server.RaftServer$Division (ServerState.java:setLeader(313)) - 01ec52f5-41b6-49aa-a875-886c0181af90@group-81C215923A5E: change Leader from null to f85e0dcc-39ca-49ef-85c9-6c51f48e3333 at term 1 for appendEntries, leader elected after 5239ms
2023-05-05 09:13:05,648 [88416288-d81a-4caa-b0be-4bb91378dc06-server-thread1] INFO  ratis.XceiverServerRatis (XceiverServerRatis.java:handleLeaderChangedNotification(904)) - Leader change notification received for group: group-81C215923A5E with new leaderId: f85e0dcc-39ca-49ef-85c9-6c51f48e3333
2023-05-05 09:13:05,648 [88416288-d81a-4caa-b0be-4bb91378dc06-server-thread1] INFO  server.RaftServer$Division (ServerState.java:setLeader(313)) - 88416288-d81a-4caa-b0be-4bb91378dc06@group-81C215923A5E: change Leader from null to f85e0dcc-39ca-49ef-85c9-6c51f48e3333 at term 1 for appendEntries, leader elected after 5190ms
2023-05-05 09:13:05,653 [88416288-d81a-4caa-b0be-4bb91378dc06-server-thread2] INFO  server.RaftServer$Division (ServerState.java:setRaftConf(430)) - 88416288-d81a-4caa-b0be-4bb91378dc06@group-81C215923A5E: set configuration 0: peers:[f85e0dcc-39ca-49ef-85c9-6c51f48e3333|rpc:10.1.0.42:39217|dataStream:10.1.0.42:32803|priority:1|startupRole:FOLLOWER, 01ec52f5-41b6-49aa-a875-886c0181af90|rpc:10.1.0.42:34459|dataStream:10.1.0.42:41675|priority:0|startupRole:FOLLOWER, 88416288-d81a-4caa-b0be-4bb91378dc06|rpc:10.1.0.42:43207|dataStream:10.1.0.42:38003|priority:0|startupRole:FOLLOWER]|listeners:[], old=null
2023-05-05 09:13:05,653 [88416288-d81a-4caa-b0be-4bb91378dc06-server-thread2] INFO  segmented.SegmentedRaftLogWorker (SegmentedRaftLogWorker.java:startLogSegment(452)) - 88416288-d81a-4caa-b0be-4bb91378dc06@group-81C215923A5E-SegmentedRaftLogWorker: Starting segment from index:0
2023-05-05 09:13:05,653 [01ec52f5-41b6-49aa-a875-886c0181af90-server-thread3] INFO  server.RaftServer$Division (ServerState.java:setRaftConf(430)) - 01ec52f5-41b6-49aa-a875-886c0181af90@group-81C215923A5E: set configuration 0: peers:[f85e0dcc-39ca-49ef-85c9-6c51f48e3333|rpc:10.1.0.42:39217|dataStream:10.1.0.42:32803|priority:1|startupRole:FOLLOWER, 01ec52f5-41b6-49aa-a875-886c0181af90|rpc:10.1.0.42:34459|dataStream:10.1.0.42:41675|priority:0|startupRole:FOLLOWER, 88416288-d81a-4caa-b0be-4bb91378dc06|rpc:10.1.0.42:43207|dataStream:10.1.0.42:38003|priority:0|startupRole:FOLLOWER]|listeners:[], old=null
2023-05-05 09:13:05,653 [01ec52f5-41b6-49aa-a875-886c0181af90-server-thread3] INFO  segmented.SegmentedRaftLogWorker (SegmentedRaftLogWorker.java:startLogSegment(452)) - 01ec52f5-41b6-49aa-a875-886c0181af90@group-81C215923A5E-SegmentedRaftLogWorker: Starting segment from index:0
2023-05-05 09:13:05,654 [88416288-d81a-4caa-b0be-4bb91378dc06@group-81C215923A5E-SegmentedRaftLogWorker] INFO  segmented.SegmentedRaftLogWorker (SegmentedRaftLogWorker.java:execute(656)) - 88416288-d81a-4caa-b0be-4bb91378dc06@group-81C215923A5E-SegmentedRaftLogWorker: created new log segment /home/runner/work/ozone/ozone/hadoop-ozone/integration-test/target/test-dir/MiniOzoneClusterImpl-44598e80-008f-49ac-96a9-a666e849b629/datanode-1/data/ratis/f947ebb2-47ad-4183-88d0-81c215923a5e/current/log_inprogress_0
2023-05-05 09:13:05,655 [01ec52f5-41b6-49aa-a875-886c0181af90@group-81C215923A5E-SegmentedRaftLogWorker] INFO  segmented.SegmentedRaftLogWorker (SegmentedRaftLogWorker.java:execute(656)) - 01ec52f5-41b6-49aa-a875-886c0181af90@group-81C215923A5E-SegmentedRaftLogWorker: created new log segment /home/runner/work/ozone/ozone/hadoop-ozone/integration-test/target/test-dir/MiniOzoneClusterImpl-44598e80-008f-49ac-96a9-a666e849b629/datanode-0/data/ratis/f947ebb2-47ad-4183-88d0-81c215923a5e/current/log_inprogress_0
2023-05-05 09:13:05,770 [88416288-d81a-4caa-b0be-4bb91378dc06@group-593221C92A9B-FollowerState] INFO  impl.FollowerState (FollowerState.java:run(143)) - 88416288-d81a-4caa-b0be-4bb91378dc06@group-593221C92A9B-FollowerState: change to CANDIDATE, lastRpcElapsedTime:5065639643ns, electionTimeout:5065ms
2023-05-05 09:13:05,771 [88416288-d81a-4caa-b0be-4bb91378dc06@group-593221C92A9B-FollowerState] INFO  impl.RoleInfo (RoleInfo.java:shutdownFollowerState(110)) - 88416288-d81a-4caa-b0be-4bb91378dc06: shutdown 88416288-d81a-4caa-b0be-4bb91378dc06@group-593221C92A9B-FollowerState
2023-05-05 09:13:05,771 [88416288-d81a-4caa-b0be-4bb91378dc06@group-593221C92A9B-FollowerState] INFO  server.RaftServer$Division (RaftServerImpl.java:setRole(321)) - 88416288-d81a-4caa-b0be-4bb91378dc06@group-593221C92A9B: changes role from  FOLLOWER to CANDIDATE at term 0 for changeToCandidate
2023-05-05 09:13:05,771 [88416288-d81a-4caa-b0be-4bb91378dc06@group-593221C92A9B-FollowerState] INFO  server.RaftServerConfigKeys (ConfUtils.java:logGet(46)) - raft.server.leaderelection.pre-vote = true (default)
2023-05-05 09:13:05,771 [88416288-d81a-4caa-b0be-4bb91378dc06@group-593221C92A9B-FollowerState] INFO  impl.RoleInfo (RoleInfo.java:updateAndGet(139)) - 88416288-d81a-4caa-b0be-4bb91378dc06: start 88416288-d81a-4caa-b0be-4bb91378dc06@group-593221C92A9B-LeaderElection40
2023-05-05 09:13:05,773 [88416288-d81a-4caa-b0be-4bb91378dc06@group-593221C92A9B-LeaderElection40] INFO  impl.LeaderElection (LeaderElection.java:askForVotes(312)) - 88416288-d81a-4caa-b0be-4bb91378dc06@group-593221C92A9B-LeaderElection40 PRE_VOTE round 0: submit vote requests at term 0 for -1: peers:[88416288-d81a-4caa-b0be-4bb91378dc06|rpc:10.1.0.42:43207|dataStream:10.1.0.42:38003|priority:1|startupRole:FOLLOWER]|listeners:[], old=null
2023-05-05 09:13:05,773 [88416288-d81a-4caa-b0be-4bb91378dc06@group-593221C92A9B-LeaderElection40] INFO  impl.LeaderElection (LeaderElection.java:askForVotes(314)) - 88416288-d81a-4caa-b0be-4bb91378dc06@group-593221C92A9B-LeaderElection40 PRE_VOTE round 0: result PASSED (term=0)
2023-05-05 09:13:05,775 [88416288-d81a-4caa-b0be-4bb91378dc06@group-593221C92A9B-LeaderElection40] INFO  impl.LeaderElection (LeaderElection.java:askForVotes(312)) - 88416288-d81a-4caa-b0be-4bb91378dc06@group-593221C92A9B-LeaderElection40 ELECTION round 0: submit vote requests at term 1 for -1: peers:[88416288-d81a-4caa-b0be-4bb91378dc06|rpc:10.1.0.42:43207|dataStream:10.1.0.42:38003|priority:1|startupRole:FOLLOWER]|listeners:[], old=null
2023-05-05 09:13:05,775 [88416288-d81a-4caa-b0be-4bb91378dc06@group-593221C92A9B-LeaderElection40] INFO  impl.LeaderElection (LeaderElection.java:askForVotes(314)) - 88416288-d81a-4caa-b0be-4bb91378dc06@group-593221C92A9B-LeaderElection40 ELECTION round 0: result PASSED (term=1)
2023-05-05 09:13:05,775 [88416288-d81a-4caa-b0be-4bb91378dc06@group-593221C92A9B-LeaderElection40] INFO  impl.RoleInfo (RoleInfo.java:shutdownLeaderElection(130)) - 88416288-d81a-4caa-b0be-4bb91378dc06: shutdown 88416288-d81a-4caa-b0be-4bb91378dc06@group-593221C92A9B-LeaderElection40
2023-05-05 09:13:05,775 [88416288-d81a-4caa-b0be-4bb91378dc06@group-593221C92A9B-LeaderElection40] INFO  server.RaftServer$Division (RaftServerImpl.java:setRole(321)) - 88416288-d81a-4caa-b0be-4bb91378dc06@group-593221C92A9B: changes role from CANDIDATE to LEADER at term 1 for changeToLeader
2023-05-05 09:13:05,775 [88416288-d81a-4caa-b0be-4bb91378dc06@group-593221C92A9B-LeaderElection40] INFO  ratis.XceiverServerRatis (XceiverServerRatis.java:handleLeaderChangedNotification(904)) - Leader change notification received for group: group-593221C92A9B with new leaderId: 88416288-d81a-4caa-b0be-4bb91378dc06
2023-05-05 09:13:05,775 [88416288-d81a-4caa-b0be-4bb91378dc06@group-593221C92A9B-LeaderElection40] INFO  server.RaftServer$Division (ServerState.java:setLeader(313)) - 88416288-d81a-4caa-b0be-4bb91378dc06@group-593221C92A9B: change Leader from null to 88416288-d81a-4caa-b0be-4bb91378dc06 at term 1 for becomeLeader, leader elected after 5083ms
2023-05-05 09:13:05,775 [88416288-d81a-4caa-b0be-4bb91378dc06@group-593221C92A9B-LeaderElection40] INFO  server.RaftServerConfigKeys (ConfUtils.java:logGet(46)) - raft.server.staging.catchup.gap = 1000 (default)
2023-05-05 09:13:05,775 [88416288-d81a-4caa-b0be-4bb91378dc06@group-593221C92A9B-LeaderElection40] INFO  server.RaftServerConfigKeys (ConfUtils.java:logGet(46)) - raft.server.write.element-limit = 1024 (custom)
2023-05-05 09:13:05,776 [88416288-d81a-4caa-b0be-4bb91378dc06@group-593221C92A9B-LeaderElection40] INFO  server.RaftServerConfigKeys (ConfUtils.java:logGet(46)) - raft.server.write.byte-limit = 1024 M (=1073741824) (custom)
2023-05-05 09:13:05,776 [88416288-d81a-4caa-b0be-4bb91378dc06@group-593221C92A9B-LeaderElection40] INFO  server.RaftServerConfigKeys (ConfUtils.java:logGet(46)) - raft.server.watch.timeout = 180s (custom)
2023-05-05 09:13:05,776 [88416288-d81a-4caa-b0be-4bb91378dc06@group-593221C92A9B-LeaderElection40] INFO  server.RaftServerConfigKeys (ConfUtils.java:logGet(46)) - raft.server.watch.timeout.denomination = 1s (default)
2023-05-05 09:13:05,776 [88416288-d81a-4caa-b0be-4bb91378dc06@group-593221C92A9B-LeaderElection40] INFO  server.RaftServerConfigKeys (ConfUtils.java:logGet(46)) - raft.server.watch.element-limit = 65536 (default)
2023-05-05 09:13:05,780 [88416288-d81a-4caa-b0be-4bb91378dc06@group-593221C92A9B-LeaderElection40] INFO  server.RaftServerConfigKeys (ConfUtils.java:logGet(46)) - raft.server.write.element-limit = 1024 (custom)
2023-05-05 09:13:05,780 [88416288-d81a-4caa-b0be-4bb91378dc06@group-593221C92A9B-LeaderElection40] INFO  server.RaftServerConfigKeys (ConfUtils.java:logGet(46)) - raft.server.write.follower.gap.ratio.max = -1.0 (default)
2023-05-05 09:13:05,780 [88416288-d81a-4caa-b0be-4bb91378dc06@group-593221C92A9B-LeaderElection40] INFO  impl.RoleInfo (RoleInfo.java:updateAndGet(139)) - 88416288-d81a-4caa-b0be-4bb91378dc06: start 88416288-d81a-4caa-b0be-4bb91378dc06@group-593221C92A9B-LeaderStateImpl
2023-05-05 09:13:05,781 [88416288-d81a-4caa-b0be-4bb91378dc06@group-593221C92A9B-LeaderElection40] INFO  segmented.SegmentedRaftLogWorker (SegmentedRaftLogWorker.java:startLogSegment(452)) - 88416288-d81a-4caa-b0be-4bb91378dc06@group-593221C92A9B-SegmentedRaftLogWorker: Starting segment from index:0
2023-05-05 09:13:05,782 [88416288-d81a-4caa-b0be-4bb91378dc06@group-593221C92A9B-SegmentedRaftLogWorker] INFO  segmented.SegmentedRaftLogWorker (SegmentedRaftLogWorker.java:execute(656)) - 88416288-d81a-4caa-b0be-4bb91378dc06@group-593221C92A9B-SegmentedRaftLogWorker: created new log segment /home/runner/work/ozone/ozone/hadoop-ozone/integration-test/target/test-dir/MiniOzoneClusterImpl-44598e80-008f-49ac-96a9-a666e849b629/datanode-1/data/ratis/2fcb2459-9574-44c8-9ce4-593221c92a9b/current/log_inprogress_0
2023-05-05 09:13:05,789 [88416288-d81a-4caa-b0be-4bb91378dc06@group-593221C92A9B-LeaderElection40] INFO  server.RaftServer$Division (ServerState.java:setRaftConf(430)) - 88416288-d81a-4caa-b0be-4bb91378dc06@group-593221C92A9B: set configuration 0: peers:[88416288-d81a-4caa-b0be-4bb91378dc06|rpc:10.1.0.42:43207|dataStream:10.1.0.42:38003|priority:1|startupRole:FOLLOWER]|listeners:[], old=null
2023-05-05 09:13:06,020 [Listener at 127.0.0.1/38811] INFO  ozone.MiniOzoneClusterImpl (MiniOzoneClusterImpl.java:lambda$waitForClusterToBeReady$0(223)) - Nodes are ready. Got 3 of 3 DN Heartbeats.
2023-05-05 09:13:06,020 [Listener at 127.0.0.1/38811] INFO  ozone.MiniOzoneClusterImpl (MiniOzoneClusterImpl.java:lambda$waitForClusterToBeReady$0(226)) - Cluster exits safe mode
2023-05-05 09:13:06,020 [Listener at 127.0.0.1/38811] INFO  ozone.MiniOzoneClusterImpl (MiniOzoneClusterImpl.java:lambda$waitForClusterToBeReady$0(228)) - SCM became leader
09:13:06.022 [Listener at 127.0.0.1/38811] ERROR SCMAudit - user=null | ip=null | op=DELETE_CONTAINER {remoteUser=adminUser2, containerID=1683277986021} | ret=FAILURE
org.apache.hadoop.hdds.scm.container.ContainerNotFoundException: Container with id #1683277986021 not found.
	at org.apache.hadoop.hdds.scm.container.ContainerManagerImpl.throwContainerNotFoundException(ContainerManagerImpl.java:455) ~[hdds-server-scm-1.4.0-SNAPSHOT.jar:?]
	at org.apache.hadoop.hdds.scm.container.ContainerManagerImpl.deleteContainer(ContainerManagerImpl.java:441) ~[hdds-server-scm-1.4.0-SNAPSHOT.jar:?]
	at org.apache.hadoop.hdds.scm.server.SCMClientProtocolServer.deleteContainer(SCMClientProtocolServer.java:588) [hdds-server-scm-1.4.0-SNAPSHOT.jar:?]
	at sun.reflect.NativeMethodAccessorImpl.invoke0(Native Method) ~[?:1.8.0_362]
	at sun.reflect.NativeMethodAccessorImpl.invoke(NativeMethodAccessorImpl.java:62) ~[?:1.8.0_362]
	at sun.reflect.DelegatingMethodAccessorImpl.invoke(DelegatingMethodAccessorImpl.java:43) ~[?:1.8.0_362]
	at java.lang.reflect.Method.invoke(Method.java:498) ~[?:1.8.0_362]
	at org.mockito.internal.creation.bytebuddy.MockMethodAdvice.tryInvoke(MockMethodAdvice.java:212) [mockito-core-2.28.2.jar:?]
	at org.mockito.internal.creation.bytebuddy.MockMethodAdvice.access$400(MockMethodAdvice.java:34) [mockito-core-2.28.2.jar:?]
	at org.mockito.internal.creation.bytebuddy.MockMethodAdvice$RealMethodCall.invoke(MockMethodAdvice.java:164) [mockito-core-2.28.2.jar:?]
	at org.mockito.internal.invocation.InterceptedInvocation.callRealMethod(InterceptedInvocation.java:152) [mockito-core-2.28.2.jar:?]
	at org.mockito.internal.stubbing.answers.CallsRealMethods.answer(CallsRealMethods.java:43) [mockito-core-2.28.2.jar:?]
	at org.mockito.Answers.answer(Answers.java:100) [mockito-core-2.28.2.jar:?]
	at org.mockito.internal.handler.MockHandlerImpl.handle(MockHandlerImpl.java:103) [mockito-core-2.28.2.jar:?]
	at org.mockito.internal.handler.NullResultGuardian.handle(NullResultGuardian.java:29) [mockito-core-2.28.2.jar:?]
	at org.mockito.internal.handler.InvocationNotifierHandler.handle(InvocationNotifierHandler.java:35) [mockito-core-2.28.2.jar:?]
	at org.mockito.internal.creation.bytebuddy.MockMethodInterceptor.doIntercept(MockMethodInterceptor.java:61) [mockito-core-2.28.2.jar:?]
	at org.mockito.internal.creation.bytebuddy.MockMethodAdvice.handle(MockMethodAdvice.java:105) [mockito-core-2.28.2.jar:?]
	at org.apache.hadoop.hdds.scm.server.SCMClientProtocolServer.deleteContainer(SCMClientProtocolServer.java:582) [hdds-server-scm-1.4.0-SNAPSHOT.jar:?]
	at org.apache.hadoop.ozone.TestStorageContainerManager.testRpcPermissionWithConf(TestStorageContainerManager.java:204) [test-classes/:?]
	at org.apache.hadoop.ozone.TestStorageContainerManager.testRpcPermission(TestStorageContainerManager.java:187) [test-classes/:?]
	at sun.reflect.NativeMethodAccessorImpl.invoke0(Native Method) ~[?:1.8.0_362]
	at sun.reflect.NativeMethodAccessorImpl.invoke(NativeMethodAccessorImpl.java:62) ~[?:1.8.0_362]
	at sun.reflect.DelegatingMethodAccessorImpl.invoke(DelegatingMethodAccessorImpl.java:43) ~[?:1.8.0_362]
	at java.lang.reflect.Method.invoke(Method.java:498) ~[?:1.8.0_362]
	at org.junit.runners.model.FrameworkMethod$1.runReflectiveCall(FrameworkMethod.java:59) [junit-4.13.1.jar:4.13.1]
	at org.junit.internal.runners.model.ReflectiveCallable.run(ReflectiveCallable.java:12) [junit-4.13.1.jar:4.13.1]
	at org.junit.runners.model.FrameworkMethod.invokeExplosively(FrameworkMethod.java:56) [junit-4.13.1.jar:4.13.1]
	at org.junit.internal.runners.statements.InvokeMethod.evaluate(InvokeMethod.java:17) [junit-4.13.1.jar:4.13.1]
	at org.junit.internal.runners.statements.RunAfters.evaluate(RunAfters.java:27) [junit-4.13.1.jar:4.13.1]
	at org.junit.rules.ExpectedException$ExpectedExceptionStatement.evaluate(ExpectedException.java:258) [junit-4.13.1.jar:4.13.1]
	at org.junit.internal.runners.statements.FailOnTimeout$CallableStatement.call(FailOnTimeout.java:288) [junit-4.13.1.jar:4.13.1]
	at org.junit.internal.runners.statements.FailOnTimeout$CallableStatement.call(FailOnTimeout.java:282) [junit-4.13.1.jar:4.13.1]
	at java.util.concurrent.FutureTask.run(FutureTask.java:266) [?:1.8.0_362]
	at java.lang.Thread.run(Thread.java:750) [?:1.8.0_362]
2023-05-05 09:13:06,029 [Listener at 127.0.0.1/38811] INFO  pipeline.PipelineStateManagerImpl (PipelineStateManagerImpl.java:addPipeline(103)) - Created pipeline Pipeline[ Id: c505d5a6-2cd1-4e01-953c-a32976fd730f, Nodes: 88416288-d81a-4caa-b0be-4bb91378dc06(fv-az152-207.qln5d00okglujjccfnhxhxodph.cx.internal.cloudapp.net/10.1.0.42), ReplicationConfig: STANDALONE/ONE, State:OPEN, leaderId:, CreationTimestamp2023-05-05T09:13:06.025Z[Etc/UTC]].
2023-05-05 09:13:06,031 [Listener at 127.0.0.1/38811] INFO  ha.SequenceIdGenerator (SequenceIdGenerator.java:getNextId(128)) - Allocate a batch for containerId, change lastId from 0 to 1000.
09:13:06.032 [Listener at 127.0.0.1/38811] ERROR SCMAudit - user=null | ip=null | op=GET_CONTAINER {containerID=1683277986032} | ret=FAILURE
org.apache.hadoop.hdds.scm.container.ContainerNotFoundException: ID #1683277986032
	at org.apache.hadoop.hdds.scm.container.ContainerManagerImpl.lambda$getContainer$0(ContainerManagerImpl.java:140) ~[hdds-server-scm-1.4.0-SNAPSHOT.jar:?]
	at java.util.Optional.orElseThrow(Optional.java:290) ~[?:1.8.0_362]
	at org.apache.hadoop.hdds.scm.container.ContainerManagerImpl.getContainer(ContainerManagerImpl.java:140) ~[hdds-server-scm-1.4.0-SNAPSHOT.jar:?]
	at org.apache.hadoop.hdds.scm.server.SCMClientProtocolServer.getContainer(SCMClientProtocolServer.java:255) [hdds-server-scm-1.4.0-SNAPSHOT.jar:?]
	at sun.reflect.NativeMethodAccessorImpl.invoke0(Native Method) ~[?:1.8.0_362]
	at sun.reflect.NativeMethodAccessorImpl.invoke(NativeMethodAccessorImpl.java:62) ~[?:1.8.0_362]
	at sun.reflect.DelegatingMethodAccessorImpl.invoke(DelegatingMethodAccessorImpl.java:43) ~[?:1.8.0_362]
	at java.lang.reflect.Method.invoke(Method.java:498) ~[?:1.8.0_362]
	at org.mockito.internal.creation.bytebuddy.MockMethodAdvice.tryInvoke(MockMethodAdvice.java:212) [mockito-core-2.28.2.jar:?]
	at org.mockito.internal.creation.bytebuddy.MockMethodAdvice.access$400(MockMethodAdvice.java:34) [mockito-core-2.28.2.jar:?]
	at org.mockito.internal.creation.bytebuddy.MockMethodAdvice$RealMethodCall.invoke(MockMethodAdvice.java:164) [mockito-core-2.28.2.jar:?]
	at org.mockito.internal.invocation.InterceptedInvocation.callRealMethod(InterceptedInvocation.java:152) [mockito-core-2.28.2.jar:?]
	at org.mockito.internal.stubbing.answers.CallsRealMethods.answer(CallsRealMethods.java:43) [mockito-core-2.28.2.jar:?]
	at org.mockito.Answers.answer(Answers.java:100) [mockito-core-2.28.2.jar:?]
	at org.mockito.internal.handler.MockHandlerImpl.handle(MockHandlerImpl.java:103) [mockito-core-2.28.2.jar:?]
	at org.mockito.internal.handler.NullResultGuardian.handle(NullResultGuardian.java:29) [mockito-core-2.28.2.jar:?]
	at org.mockito.internal.handler.InvocationNotifierHandler.handle(InvocationNotifierHandler.java:35) [mockito-core-2.28.2.jar:?]
	at org.mockito.internal.creation.bytebuddy.MockMethodInterceptor.doIntercept(MockMethodInterceptor.java:61) [mockito-core-2.28.2.jar:?]
	at org.mockito.internal.creation.bytebuddy.MockMethodAdvice.handle(MockMethodAdvice.java:105) [mockito-core-2.28.2.jar:?]
	at org.apache.hadoop.hdds.scm.server.SCMClientProtocolServer.getContainer(SCMClientProtocolServer.java:249) [hdds-server-scm-1.4.0-SNAPSHOT.jar:?]
	at org.apache.hadoop.ozone.TestStorageContainerManager.testRpcPermissionWithConf(TestStorageContainerManager.java:244) [test-classes/:?]
	at org.apache.hadoop.ozone.TestStorageContainerManager.testRpcPermission(TestStorageContainerManager.java:187) [test-classes/:?]
	at sun.reflect.NativeMethodAccessorImpl.invoke0(Native Method) ~[?:1.8.0_362]
	at sun.reflect.NativeMethodAccessorImpl.invoke(NativeMethodAccessorImpl.java:62) ~[?:1.8.0_362]
	at sun.reflect.DelegatingMethodAccessorImpl.invoke(DelegatingMethodAccessorImpl.java:43) ~[?:1.8.0_362]
	at java.lang.reflect.Method.invoke(Method.java:498) ~[?:1.8.0_362]
	at org.junit.runners.model.FrameworkMethod$1.runReflectiveCall(FrameworkMethod.java:59) [junit-4.13.1.jar:4.13.1]
	at org.junit.internal.runners.model.ReflectiveCallable.run(ReflectiveCallable.java:12) [junit-4.13.1.jar:4.13.1]
	at org.junit.runners.model.FrameworkMethod.invokeExplosively(FrameworkMethod.java:56) [junit-4.13.1.jar:4.13.1]
	at org.junit.internal.runners.statements.InvokeMethod.evaluate(InvokeMethod.java:17) [junit-4.13.1.jar:4.13.1]
	at org.junit.internal.runners.statements.RunAfters.evaluate(RunAfters.java:27) [junit-4.13.1.jar:4.13.1]
	at org.junit.rules.ExpectedException$ExpectedExceptionStatement.evaluate(ExpectedException.java:258) [junit-4.13.1.jar:4.13.1]
	at org.junit.internal.runners.statements.FailOnTimeout$CallableStatement.call(FailOnTimeout.java:288) [junit-4.13.1.jar:4.13.1]
	at org.junit.internal.runners.statements.FailOnTimeout$CallableStatement.call(FailOnTimeout.java:282) [junit-4.13.1.jar:4.13.1]
	at java.util.concurrent.FutureTask.run(FutureTask.java:266) [?:1.8.0_362]
	at java.lang.Thread.run(Thread.java:750) [?:1.8.0_362]
2023-05-05 09:13:06,033 [Listener at 127.0.0.1/38811] INFO  ozone.MiniOzoneClusterImpl (MiniOzoneClusterImpl.java:shutdown(456)) - Shutting down the Mini Ozone Cluster
2023-05-05 09:13:06,033 [Listener at 127.0.0.1/38811] INFO  ozone.MiniOzoneClusterImpl (MiniOzoneClusterImpl.java:stop(474)) - Stopping the Mini Ozone Cluster
2023-05-05 09:13:06,033 [Listener at 127.0.0.1/38811] INFO  ozone.MiniOzoneClusterImpl (MiniOzoneClusterImpl.java:stopOM(560)) - Stopping the OzoneManager
2023-05-05 09:13:06,033 [Listener at 127.0.0.1/38811] INFO  om.OzoneManager (OzoneManager.java:stop(2165)) - om1[localhost:0]: Stopping Ozone Manager
2023-05-05 09:13:06,033 [Listener at 127.0.0.1/38811] INFO  ipc.Server (Server.java:stop(3501)) - Stopping server on 38811
2023-05-05 09:13:06,033 [IPC Server listener on 0] INFO  ipc.Server (Server.java:run(1430)) - Stopping IPC Server listener on 0
2023-05-05 09:13:06,034 [IPC Server Responder] INFO  ipc.Server (Server.java:run(1563)) - Stopping IPC Server Responder
2023-05-05 09:13:06,036 [Listener at 127.0.0.1/38811] INFO  server.RaftServer (RaftServerProxy.java:lambda$close$6(409)) - om1: close
2023-05-05 09:13:06,036 [Listener at 127.0.0.1/38811] INFO  server.GrpcService (GrpcService.java:closeImpl(271)) - om1: shutdown server GrpcServerProtocolService now
2023-05-05 09:13:06,036 [om1-impl-thread1] INFO  server.RaftServer$Division (RaftServerImpl.java:lambda$close$4(458)) - om1@group-C5BA1605619E: shutdown
2023-05-05 09:13:06,036 [om1-impl-thread1] INFO  util.JmxRegister (JmxRegister.java:unregister(73)) - Successfully un-registered JMX Bean with object name Ratis:service=RaftServer,group=group-C5BA1605619E,id=om1
2023-05-05 09:13:06,036 [om1-impl-thread1] INFO  impl.RoleInfo (RoleInfo.java:shutdownLeaderState(93)) - om1: shutdown om1@group-C5BA1605619E-LeaderStateImpl
2023-05-05 09:13:06,036 [om1-impl-thread1] INFO  impl.PendingRequests (PendingRequests.java:sendNotLeaderResponses(282)) - om1@group-C5BA1605619E-PendingRequests: sendNotLeaderResponses
2023-05-05 09:13:06,037 [om1-impl-thread1] INFO  impl.StateMachineUpdater (StateMachineUpdater.java:stopAndJoin(153)) - om1@group-C5BA1605619E-StateMachineUpdater: set stopIndex = 0
2023-05-05 09:13:06,037 [om1@group-C5BA1605619E-StateMachineUpdater] INFO  ratis.OzoneManagerStateMachine (OzoneManagerStateMachine.java:takeSnapshot(479)) - Current Snapshot Index (t:1, i:0)
2023-05-05 09:13:06,038 [Listener at 127.0.0.1/38811] INFO  server.GrpcService (GrpcService.java:closeImpl(280)) - om1: shutdown server GrpcServerProtocolService successfully
2023-05-05 09:13:06,046 [om1@group-C5BA1605619E-StateMachineUpdater] INFO  impl.StateMachineUpdater (StateMachineUpdater.java:takeSnapshot(287)) - om1@group-C5BA1605619E-StateMachineUpdater: Took a snapshot at index 0
2023-05-05 09:13:06,046 [om1@group-C5BA1605619E-StateMachineUpdater] INFO  impl.StateMachineUpdater (StateMachineUpdater.java:lambda$new$0(92)) - om1@group-C5BA1605619E-StateMachineUpdater: snapshotIndex: updateIncreasingly -1 -> 0
2023-05-05 09:13:06,046 [om1@group-C5BA1605619E-StateMachineUpdater] INFO  ratis.OzoneManagerStateMachine (OzoneManagerStateMachine.java:close(533)) - StateMachine has shutdown. Shutdown OzoneManager if not already shutdown.
2023-05-05 09:13:06,046 [om1@group-C5BA1605619E-StateMachineUpdater] INFO  ratis.OzoneManagerDoubleBuffer (OzoneManagerDoubleBuffer.java:stopDaemon(540)) - Stopping OMDoubleBuffer flush thread
2023-05-05 09:13:06,046 [OMDoubleBufferFlushThread] INFO  ratis.OzoneManagerDoubleBuffer (OzoneManagerDoubleBuffer.java:canFlush(625)) - OMDoubleBuffer flush thread OMDoubleBufferFlushThread is interrupted and will exit.
2023-05-05 09:13:06,047 [om1-impl-thread1] INFO  server.RaftServer$Division (ServerState.java:close(466)) - om1@group-C5BA1605619E: closes. applyIndex: 0
2023-05-05 09:13:06,047 [om1@group-C5BA1605619E-SegmentedRaftLogWorker] INFO  segmented.SegmentedRaftLogWorker (SegmentedRaftLogWorker.java:run(347)) - om1@group-C5BA1605619E-SegmentedRaftLogWorker was interrupted, exiting. There are 0 tasks remaining in the queue.
2023-05-05 09:13:06,050 [om1-impl-thread1] INFO  segmented.SegmentedRaftLogWorker (SegmentedRaftLogWorker.java:close(257)) - om1@group-C5BA1605619E-SegmentedRaftLogWorker close()
2023-05-05 09:13:06,050 [JvmPauseMonitor20] INFO  util.JvmPauseMonitor (JvmPauseMonitor.java:run(111)) - JvmPauseMonitor-om1: Stopped
2023-05-05 09:13:06,050 [Listener at 127.0.0.1/38811] INFO  ratis.OzoneManagerStateMachine (OzoneManagerStateMachine.java:close(533)) - StateMachine has shutdown. Shutdown OzoneManager if not already shutdown.
2023-05-05 09:13:06,050 [Listener at 127.0.0.1/38811] INFO  ratis.OzoneManagerDoubleBuffer (OzoneManagerDoubleBuffer.java:stopDaemon(549)) - OMDoubleBuffer flush thread is not running.
2023-05-05 09:13:06,050 [Listener at 127.0.0.1/38811] INFO  utils.BackgroundService (BackgroundService.java:shutdown(141)) - Shutting down service KeyDeletingService
2023-05-05 09:13:06,051 [Listener at 127.0.0.1/38811] INFO  utils.BackgroundService (BackgroundService.java:shutdown(141)) - Shutting down service KeyDeletingService
2023-05-05 09:13:06,051 [Listener at 127.0.0.1/38811] INFO  utils.BackgroundService (BackgroundService.java:shutdown(141)) - Shutting down service OpenKeyCleanupService
2023-05-05 09:13:06,051 [Listener at 127.0.0.1/38811] INFO  utils.BackgroundService (BackgroundService.java:shutdown(141)) - Shutting down service SstFilteringService
2023-05-05 09:13:06,051 [Listener at 127.0.0.1/38811] INFO  utils.BackgroundService (BackgroundService.java:shutdown(141)) - Shutting down service SnapshotDeletingService
2023-05-05 09:13:06,051 [Listener at 127.0.0.1/38811] INFO  handler.ContextHandler (ContextHandler.java:doStop(1159)) - Stopped o.e.j.w.WebAppContext@136576ab{ozoneManager,/,null,STOPPED}{file:/home/runner/work/ozone/ozone/hadoop-ozone/integration-test/target/test-classes/webapps/ozoneManager}
2023-05-05 09:13:06,052 [Listener at 127.0.0.1/38811] INFO  server.AbstractConnector (AbstractConnector.java:doStop(383)) - Stopped ServerConnector@5b9771b4{HTTP/1.1, (http/1.1)}{0.0.0.0:0}
2023-05-05 09:13:06,052 [Listener at 127.0.0.1/38811] INFO  server.session (HouseKeeper.java:stopScavenging(149)) - node0 Stopped scavenging
2023-05-05 09:13:06,052 [Listener at 127.0.0.1/38811] INFO  handler.ContextHandler (ContextHandler.java:doStop(1159)) - Stopped o.e.j.s.ServletContextHandler@6cdd984f{static,/static,file:///home/runner/work/ozone/ozone/hadoop-ozone/integration-test/target/test-classes/webapps/static,STOPPED}
2023-05-05 09:13:06,053 [Listener at 127.0.0.1/38811] INFO  handler.ContextHandler (ContextHandler.java:doStop(1159)) - Stopped o.e.j.s.ServletContextHandler@349e808e{logs,/logs,file:///home/runner/work/ozone/ozone/hadoop-ozone/integration-test/target/log,STOPPED}
2023-05-05 09:13:06,056 [Listener at 127.0.0.1/38811] INFO  utils.BackgroundService (BackgroundService.java:shutdown(141)) - Shutting down service SnapshotDiffCleanupService
2023-05-05 09:13:06,057 [Listener at 127.0.0.1/38811] INFO  ozone.MiniOzoneClusterImpl (MiniOzoneClusterImpl.java:stopDatanodes(537)) - Stopping the HddsDatanodes
2023-05-05 09:13:06,059 [Listener at 127.0.0.1/38811] INFO  ozoneimpl.OzoneContainer (OzoneContainer.java:stop(419)) - Attempting to stop container services.
2023-05-05 09:13:06,059 [ForkJoinPool.commonPool-worker-1] INFO  ozoneimpl.OzoneContainer (OzoneContainer.java:stop(419)) - Attempting to stop container services.
2023-05-05 09:13:06,060 [Listener at 127.0.0.1/38811] INFO  server.RaftServer (RaftServerProxy.java:lambda$close$6(409)) - 88416288-d81a-4caa-b0be-4bb91378dc06: close
2023-05-05 09:13:06,060 [ForkJoinPool.commonPool-worker-1] INFO  server.RaftServer (RaftServerProxy.java:lambda$close$6(409)) - 01ec52f5-41b6-49aa-a875-886c0181af90: close
2023-05-05 09:13:06,060 [88416288-d81a-4caa-b0be-4bb91378dc06-impl-thread1] INFO  server.RaftServer$Division (RaftServerImpl.java:lambda$close$4(458)) - 88416288-d81a-4caa-b0be-4bb91378dc06@group-21A31C6BC464: shutdown
2023-05-05 09:13:06,060 [88416288-d81a-4caa-b0be-4bb91378dc06-impl-thread1] INFO  util.JmxRegister (JmxRegister.java:unregister(73)) - Successfully un-registered JMX Bean with object name Ratis:service=RaftServer,group=group-21A31C6BC464,id=88416288-d81a-4caa-b0be-4bb91378dc06
2023-05-05 09:13:06,060 [88416288-d81a-4caa-b0be-4bb91378dc06-impl-thread1] INFO  impl.RoleInfo (RoleInfo.java:shutdownLeaderState(93)) - 88416288-d81a-4caa-b0be-4bb91378dc06: shutdown 88416288-d81a-4caa-b0be-4bb91378dc06@group-21A31C6BC464-LeaderStateImpl
2023-05-05 09:13:06,060 [01ec52f5-41b6-49aa-a875-886c0181af90-impl-thread1] INFO  server.RaftServer$Division (RaftServerImpl.java:lambda$close$4(458)) - 01ec52f5-41b6-49aa-a875-886c0181af90@group-21A31C6BC464: shutdown
2023-05-05 09:13:06,060 [01ec52f5-41b6-49aa-a875-886c0181af90-impl-thread1] INFO  util.JmxRegister (JmxRegister.java:unregister(73)) - Successfully un-registered JMX Bean with object name Ratis:service=RaftServer,group=group-21A31C6BC464,id=01ec52f5-41b6-49aa-a875-886c0181af90
2023-05-05 09:13:06,060 [01ec52f5-41b6-49aa-a875-886c0181af90-impl-thread2] INFO  server.RaftServer$Division (RaftServerImpl.java:lambda$close$4(458)) - 01ec52f5-41b6-49aa-a875-886c0181af90@group-81C215923A5E: shutdown
2023-05-05 09:13:06,060 [01ec52f5-41b6-49aa-a875-886c0181af90-impl-thread1] INFO  impl.RoleInfo (RoleInfo.java:shutdownFollowerState(110)) - 01ec52f5-41b6-49aa-a875-886c0181af90: shutdown 01ec52f5-41b6-49aa-a875-886c0181af90@group-21A31C6BC464-FollowerState
2023-05-05 09:13:06,060 [01ec52f5-41b6-49aa-a875-886c0181af90-impl-thread2] INFO  util.JmxRegister (JmxRegister.java:unregister(73)) - Successfully un-registered JMX Bean with object name Ratis:service=RaftServer,group=group-81C215923A5E,id=01ec52f5-41b6-49aa-a875-886c0181af90
2023-05-05 09:13:06,060 [01ec52f5-41b6-49aa-a875-886c0181af90-impl-thread2] INFO  impl.RoleInfo (RoleInfo.java:shutdownFollowerState(110)) - 01ec52f5-41b6-49aa-a875-886c0181af90: shutdown 01ec52f5-41b6-49aa-a875-886c0181af90@group-81C215923A5E-FollowerState
2023-05-05 09:13:06,061 [01ec52f5-41b6-49aa-a875-886c0181af90-impl-thread2] INFO  impl.StateMachineUpdater (StateMachineUpdater.java:stopAndJoin(153)) - 01ec52f5-41b6-49aa-a875-886c0181af90@group-81C215923A5E-StateMachineUpdater: set stopIndex = 0
2023-05-05 09:13:06,061 [01ec52f5-41b6-49aa-a875-886c0181af90-impl-thread3] INFO  server.RaftServer$Division (RaftServerImpl.java:lambda$close$4(458)) - 01ec52f5-41b6-49aa-a875-886c0181af90@group-AF8248A4364F: shutdown
2023-05-05 09:13:06,061 [01ec52f5-41b6-49aa-a875-886c0181af90@group-81C215923A5E-StateMachineUpdater] INFO  ratis.ContainerStateMachine (ContainerStateMachine.java:takeSnapshot(330)) - group-81C215923A5E: Taking a snapshot at:(t:1, i:0) file /home/runner/work/ozone/ozone/hadoop-ozone/integration-test/target/test-dir/MiniOzoneClusterImpl-44598e80-008f-49ac-96a9-a666e849b629/datanode-0/data/ratis/f947ebb2-47ad-4183-88d0-81c215923a5e/sm/snapshot.1_0
2023-05-05 09:13:06,061 [01ec52f5-41b6-49aa-a875-886c0181af90-impl-thread3] INFO  util.JmxRegister (JmxRegister.java:unregister(73)) - Successfully un-registered JMX Bean with object name Ratis:service=RaftServer,group=group-AF8248A4364F,id=01ec52f5-41b6-49aa-a875-886c0181af90
2023-05-05 09:13:06,061 [01ec52f5-41b6-49aa-a875-886c0181af90-impl-thread3] INFO  impl.RoleInfo (RoleInfo.java:shutdownLeaderState(93)) - 01ec52f5-41b6-49aa-a875-886c0181af90: shutdown 01ec52f5-41b6-49aa-a875-886c0181af90@group-AF8248A4364F-LeaderStateImpl
2023-05-05 09:13:06,061 [01ec52f5-41b6-49aa-a875-886c0181af90-impl-thread1] INFO  impl.StateMachineUpdater (StateMachineUpdater.java:stopAndJoin(153)) - 01ec52f5-41b6-49aa-a875-886c0181af90@group-21A31C6BC464-StateMachineUpdater: set stopIndex = 0
2023-05-05 09:13:06,061 [01ec52f5-41b6-49aa-a875-886c0181af90-impl-thread3] INFO  impl.PendingRequests (PendingRequests.java:sendNotLeaderResponses(282)) - 01ec52f5-41b6-49aa-a875-886c0181af90@group-AF8248A4364F-PendingRequests: sendNotLeaderResponses
2023-05-05 09:13:06,061 [01ec52f5-41b6-49aa-a875-886c0181af90@group-21A31C6BC464-StateMachineUpdater] INFO  ratis.ContainerStateMachine (ContainerStateMachine.java:takeSnapshot(330)) - group-21A31C6BC464: Taking a snapshot at:(t:1, i:0) file /home/runner/work/ozone/ozone/hadoop-ozone/integration-test/target/test-dir/MiniOzoneClusterImpl-44598e80-008f-49ac-96a9-a666e849b629/datanode-0/data/ratis/3f564c3e-2811-4e69-ab48-21a31c6bc464/sm/snapshot.1_0
2023-05-05 09:13:06,062 [grpc-default-executor-2] INFO  server.GrpcServerProtocolService (GrpcServerProtocolService.java:onCompleted(143)) - f85e0dcc-39ca-49ef-85c9-6c51f48e3333: Completed APPEND_ENTRIES, lastRequest: 88416288-d81a-4caa-b0be-4bb91378dc06->f85e0dcc-39ca-49ef-85c9-6c51f48e3333#1-t1,previous=(t:0, i:0),leaderCommit=0,initializing? true,entries: size=1, first=(t:1, i:0), CONFIGURATIONENTRY(current:id: "f85e0dcc-39ca-49ef-85c9-6c51f48e3333"
address: "10.1.0.42:39217"
dataStreamAddress: "10.1.0.42:32803"
clientAddress: "10.1.0.42:39217"
adminAddress: "10.1.0.42:39217"
startupRole: FOLLOWER
,id: "01ec52f5-41b6-49aa-a875-886c0181af90"
address: "10.1.0.42:34459"
dataStreamAddress: "10.1.0.42:41675"
clientAddress: "10.1.0.42:34459"
adminAddress: "10.1.0.42:34459"
startupRole: FOLLOWER
,id: "88416288-d81a-4caa-b0be-4bb91378dc06"
address: "10.1.0.42:43207"
priority: 1
dataStreamAddress: "10.1.0.42:38003"
clientAddress: "10.1.0.42:43207"
adminAddress: "10.1.0.42:43207"
startupRole: FOLLOWER
, old:)
2023-05-05 09:13:06,063 [grpc-default-executor-3] INFO  server.GrpcServerProtocolService (GrpcServerProtocolService.java:onCompleted(143)) - f85e0dcc-39ca-49ef-85c9-6c51f48e3333: Completed APPEND_ENTRIES, lastRequest: null
2023-05-05 09:13:06,061 [01ec52f5-41b6-49aa-a875-886c0181af90@group-81C215923A5E-FollowerState] INFO  impl.FollowerState (FollowerState.java:run(152)) - 01ec52f5-41b6-49aa-a875-886c0181af90@group-81C215923A5E-FollowerState was interrupted
2023-05-05 09:13:06,061 [01ec52f5-41b6-49aa-a875-886c0181af90@group-21A31C6BC464-FollowerState] INFO  impl.FollowerState (FollowerState.java:run(152)) - 01ec52f5-41b6-49aa-a875-886c0181af90@group-21A31C6BC464-FollowerState was interrupted
2023-05-05 09:13:06,063 [01ec52f5-41b6-49aa-a875-886c0181af90@group-81C215923A5E-StateMachineUpdater] INFO  ratis.ContainerStateMachine (ContainerStateMachine.java:takeSnapshot(341)) - group-81C215923A5E: Finished taking a snapshot at:(t:1, i:0) file:/home/runner/work/ozone/ozone/hadoop-ozone/integration-test/target/test-dir/MiniOzoneClusterImpl-44598e80-008f-49ac-96a9-a666e849b629/datanode-0/data/ratis/f947ebb2-47ad-4183-88d0-81c215923a5e/sm/snapshot.1_0 took: 3 ms
2023-05-05 09:13:06,063 [01ec52f5-41b6-49aa-a875-886c0181af90-impl-thread3] INFO  impl.StateMachineUpdater (StateMachineUpdater.java:stopAndJoin(153)) - 01ec52f5-41b6-49aa-a875-886c0181af90@group-AF8248A4364F-StateMachineUpdater: set stopIndex = 0
2023-05-05 09:13:06,063 [01ec52f5-41b6-49aa-a875-886c0181af90@group-81C215923A5E-StateMachineUpdater] INFO  impl.StateMachineUpdater (StateMachineUpdater.java:takeSnapshot(287)) - 01ec52f5-41b6-49aa-a875-886c0181af90@group-81C215923A5E-StateMachineUpdater: Took a snapshot at index 0
2023-05-05 09:13:06,063 [01ec52f5-41b6-49aa-a875-886c0181af90@group-81C215923A5E-StateMachineUpdater] INFO  impl.StateMachineUpdater (StateMachineUpdater.java:lambda$new$0(92)) - 01ec52f5-41b6-49aa-a875-886c0181af90@group-81C215923A5E-StateMachineUpdater: snapshotIndex: updateIncreasingly -1 -> 0
2023-05-05 09:13:06,064 [01ec52f5-41b6-49aa-a875-886c0181af90-impl-thread2] INFO  server.RaftServer$Division (ServerState.java:close(466)) - 01ec52f5-41b6-49aa-a875-886c0181af90@group-81C215923A5E: closes. applyIndex: 0
2023-05-05 09:13:06,064 [01ec52f5-41b6-49aa-a875-886c0181af90@group-AF8248A4364F-StateMachineUpdater] INFO  ratis.ContainerStateMachine (ContainerStateMachine.java:takeSnapshot(330)) - group-AF8248A4364F: Taking a snapshot at:(t:1, i:0) file /home/runner/work/ozone/ozone/hadoop-ozone/integration-test/target/test-dir/MiniOzoneClusterImpl-44598e80-008f-49ac-96a9-a666e849b629/datanode-0/data/ratis/f4b2518b-1b32-43bc-89b6-af8248a4364f/sm/snapshot.1_0
2023-05-05 09:13:06,064 [01ec52f5-41b6-49aa-a875-886c0181af90@group-81C215923A5E-SegmentedRaftLogWorker] INFO  segmented.SegmentedRaftLogWorker (SegmentedRaftLogWorker.java:run(347)) - 01ec52f5-41b6-49aa-a875-886c0181af90@group-81C215923A5E-SegmentedRaftLogWorker was interrupted, exiting. There are 0 tasks remaining in the queue.
2023-05-05 09:13:06,064 [01ec52f5-41b6-49aa-a875-886c0181af90@group-21A31C6BC464-StateMachineUpdater] INFO  ratis.ContainerStateMachine (ContainerStateMachine.java:takeSnapshot(341)) - group-21A31C6BC464: Finished taking a snapshot at:(t:1, i:0) file:/home/runner/work/ozone/ozone/hadoop-ozone/integration-test/target/test-dir/MiniOzoneClusterImpl-44598e80-008f-49ac-96a9-a666e849b629/datanode-0/data/ratis/3f564c3e-2811-4e69-ab48-21a31c6bc464/sm/snapshot.1_0 took: 3 ms
2023-05-05 09:13:06,064 [01ec52f5-41b6-49aa-a875-886c0181af90-impl-thread2] INFO  segmented.SegmentedRaftLogWorker (SegmentedRaftLogWorker.java:close(257)) - 01ec52f5-41b6-49aa-a875-886c0181af90@group-81C215923A5E-SegmentedRaftLogWorker close()
2023-05-05 09:13:06,064 [01ec52f5-41b6-49aa-a875-886c0181af90@group-21A31C6BC464-StateMachineUpdater] INFO  impl.StateMachineUpdater (StateMachineUpdater.java:takeSnapshot(287)) - 01ec52f5-41b6-49aa-a875-886c0181af90@group-21A31C6BC464-StateMachineUpdater: Took a snapshot at index 0
2023-05-05 09:13:06,064 [01ec52f5-41b6-49aa-a875-886c0181af90@group-21A31C6BC464-StateMachineUpdater] INFO  impl.StateMachineUpdater (StateMachineUpdater.java:lambda$new$0(92)) - 01ec52f5-41b6-49aa-a875-886c0181af90@group-21A31C6BC464-StateMachineUpdater: snapshotIndex: updateIncreasingly -1 -> 0
2023-05-05 09:13:06,064 [01ec52f5-41b6-49aa-a875-886c0181af90-impl-thread1] INFO  server.RaftServer$Division (ServerState.java:close(466)) - 01ec52f5-41b6-49aa-a875-886c0181af90@group-21A31C6BC464: closes. applyIndex: 0
2023-05-05 09:13:06,065 [01ec52f5-41b6-49aa-a875-886c0181af90@group-AF8248A4364F-StateMachineUpdater] INFO  ratis.ContainerStateMachine (ContainerStateMachine.java:takeSnapshot(341)) - group-AF8248A4364F: Finished taking a snapshot at:(t:1, i:0) file:/home/runner/work/ozone/ozone/hadoop-ozone/integration-test/target/test-dir/MiniOzoneClusterImpl-44598e80-008f-49ac-96a9-a666e849b629/datanode-0/data/ratis/f4b2518b-1b32-43bc-89b6-af8248a4364f/sm/snapshot.1_0 took: 1 ms
2023-05-05 09:13:06,065 [01ec52f5-41b6-49aa-a875-886c0181af90@group-21A31C6BC464-SegmentedRaftLogWorker] INFO  segmented.SegmentedRaftLogWorker (SegmentedRaftLogWorker.java:run(347)) - 01ec52f5-41b6-49aa-a875-886c0181af90@group-21A31C6BC464-SegmentedRaftLogWorker was interrupted, exiting. There are 0 tasks remaining in the queue.
2023-05-05 09:13:06,065 [01ec52f5-41b6-49aa-a875-886c0181af90@group-AF8248A4364F-StateMachineUpdater] INFO  impl.StateMachineUpdater (StateMachineUpdater.java:takeSnapshot(287)) - 01ec52f5-41b6-49aa-a875-886c0181af90@group-AF8248A4364F-StateMachineUpdater: Took a snapshot at index 0
2023-05-05 09:13:06,065 [01ec52f5-41b6-49aa-a875-886c0181af90@group-AF8248A4364F-StateMachineUpdater] INFO  impl.StateMachineUpdater (StateMachineUpdater.java:lambda$new$0(92)) - 01ec52f5-41b6-49aa-a875-886c0181af90@group-AF8248A4364F-StateMachineUpdater: snapshotIndex: updateIncreasingly -1 -> 0
2023-05-05 09:13:06,065 [01ec52f5-41b6-49aa-a875-886c0181af90-impl-thread1] INFO  segmented.SegmentedRaftLogWorker (SegmentedRaftLogWorker.java:close(257)) - 01ec52f5-41b6-49aa-a875-886c0181af90@group-21A31C6BC464-SegmentedRaftLogWorker close()
2023-05-05 09:13:06,065 [01ec52f5-41b6-49aa-a875-886c0181af90-impl-thread3] INFO  server.RaftServer$Division (ServerState.java:close(466)) - 01ec52f5-41b6-49aa-a875-886c0181af90@group-AF8248A4364F: closes. applyIndex: 0
2023-05-05 09:13:06,065 [01ec52f5-41b6-49aa-a875-886c0181af90@group-AF8248A4364F-SegmentedRaftLogWorker] INFO  segmented.SegmentedRaftLogWorker (SegmentedRaftLogWorker.java:run(347)) - 01ec52f5-41b6-49aa-a875-886c0181af90@group-AF8248A4364F-SegmentedRaftLogWorker was interrupted, exiting. There are 0 tasks remaining in the queue.
2023-05-05 09:13:06,065 [01ec52f5-41b6-49aa-a875-886c0181af90-impl-thread3] INFO  segmented.SegmentedRaftLogWorker (SegmentedRaftLogWorker.java:close(257)) - 01ec52f5-41b6-49aa-a875-886c0181af90@group-AF8248A4364F-SegmentedRaftLogWorker close()
2023-05-05 09:13:06,065 [grpc-default-executor-1] INFO  server.GrpcLogAppender (GrpcLogAppender.java:onCompleted(415)) - 88416288-d81a-4caa-b0be-4bb91378dc06@group-21A31C6BC464->f85e0dcc-39ca-49ef-85c9-6c51f48e3333-AppendLogResponseHandler: follower responses appendEntries COMPLETED
2023-05-05 09:13:06,065 [grpc-default-executor-3] INFO  server.GrpcLogAppender (GrpcLogAppender.java:onCompleted(415)) - 88416288-d81a-4caa-b0be-4bb91378dc06@group-21A31C6BC464->f85e0dcc-39ca-49ef-85c9-6c51f48e3333-AppendLogResponseHandler: follower responses appendEntries COMPLETED
2023-05-05 09:13:06,065 [grpc-default-executor-1] INFO  leader.FollowerInfo (FollowerInfoImpl.java:lambda$new$0(48)) - 88416288-d81a-4caa-b0be-4bb91378dc06@group-21A31C6BC464->f85e0dcc-39ca-49ef-85c9-6c51f48e3333: nextIndex: updateUnconditionally 1 -> 0
2023-05-05 09:13:06,066 [88416288-d81a-4caa-b0be-4bb91378dc06@group-21A31C6BC464->01ec52f5-41b6-49aa-a875-886c0181af90-GrpcLogAppender-LogAppenderDaemon] WARN  server.GrpcLogAppender (GrpcLogAppender.java:mayWait(200)) - 88416288-d81a-4caa-b0be-4bb91378dc06@group-21A31C6BC464->01ec52f5-41b6-49aa-a875-886c0181af90-GrpcLogAppender: Wait interrupted by java.lang.InterruptedException
2023-05-05 09:13:06,066 [88416288-d81a-4caa-b0be-4bb91378dc06-impl-thread1] INFO  impl.PendingRequests (PendingRequests.java:sendNotLeaderResponses(282)) - 88416288-d81a-4caa-b0be-4bb91378dc06@group-21A31C6BC464-PendingRequests: sendNotLeaderResponses
2023-05-05 09:13:06,067 [88416288-d81a-4caa-b0be-4bb91378dc06-impl-thread1] INFO  impl.StateMachineUpdater (StateMachineUpdater.java:stopAndJoin(153)) - 88416288-d81a-4caa-b0be-4bb91378dc06@group-21A31C6BC464-StateMachineUpdater: set stopIndex = 0
2023-05-05 09:13:06,067 [88416288-d81a-4caa-b0be-4bb91378dc06@group-21A31C6BC464-StateMachineUpdater] INFO  ratis.ContainerStateMachine (ContainerStateMachine.java:takeSnapshot(330)) - group-21A31C6BC464: Taking a snapshot at:(t:1, i:0) file /home/runner/work/ozone/ozone/hadoop-ozone/integration-test/target/test-dir/MiniOzoneClusterImpl-44598e80-008f-49ac-96a9-a666e849b629/datanode-1/data/ratis/3f564c3e-2811-4e69-ab48-21a31c6bc464/sm/snapshot.1_0
2023-05-05 09:13:06,067 [grpc-default-executor-0] INFO  server.GrpcServerProtocolService (GrpcServerProtocolService.java:onCompleted(143)) - 01ec52f5-41b6-49aa-a875-886c0181af90: Completed APPEND_ENTRIES, lastRequest: null
2023-05-05 09:13:06,067 [grpc-default-executor-2] INFO  server.GrpcServerProtocolService (GrpcServerProtocolService.java:onCompleted(143)) - 01ec52f5-41b6-49aa-a875-886c0181af90: Completed APPEND_ENTRIES, lastRequest: 88416288-d81a-4caa-b0be-4bb91378dc06->01ec52f5-41b6-49aa-a875-886c0181af90#1-t1,previous=(t:0, i:0),leaderCommit=0,initializing? true,entries: size=1, first=(t:1, i:0), CONFIGURATIONENTRY(current:id: "f85e0dcc-39ca-49ef-85c9-6c51f48e3333"
address: "10.1.0.42:39217"
dataStreamAddress: "10.1.0.42:32803"
clientAddress: "10.1.0.42:39217"
adminAddress: "10.1.0.42:39217"
startupRole: FOLLOWER
,id: "01ec52f5-41b6-49aa-a875-886c0181af90"
address: "10.1.0.42:34459"
dataStreamAddress: "10.1.0.42:41675"
clientAddress: "10.1.0.42:34459"
adminAddress: "10.1.0.42:34459"
startupRole: FOLLOWER
,id: "88416288-d81a-4caa-b0be-4bb91378dc06"
address: "10.1.0.42:43207"
priority: 1
dataStreamAddress: "10.1.0.42:38003"
clientAddress: "10.1.0.42:43207"
adminAddress: "10.1.0.42:43207"
startupRole: FOLLOWER
, old:)
2023-05-05 09:13:06,068 [88416288-d81a-4caa-b0be-4bb91378dc06@group-21A31C6BC464-StateMachineUpdater] INFO  ratis.ContainerStateMachine (ContainerStateMachine.java:takeSnapshot(341)) - group-21A31C6BC464: Finished taking a snapshot at:(t:1, i:0) file:/home/runner/work/ozone/ozone/hadoop-ozone/integration-test/target/test-dir/MiniOzoneClusterImpl-44598e80-008f-49ac-96a9-a666e849b629/datanode-1/data/ratis/3f564c3e-2811-4e69-ab48-21a31c6bc464/sm/snapshot.1_0 took: 1 ms
2023-05-05 09:13:06,068 [88416288-d81a-4caa-b0be-4bb91378dc06@group-21A31C6BC464-StateMachineUpdater] INFO  impl.StateMachineUpdater (StateMachineUpdater.java:takeSnapshot(287)) - 88416288-d81a-4caa-b0be-4bb91378dc06@group-21A31C6BC464-StateMachineUpdater: Took a snapshot at index 0
2023-05-05 09:13:06,068 [88416288-d81a-4caa-b0be-4bb91378dc06@group-21A31C6BC464-StateMachineUpdater] INFO  impl.StateMachineUpdater (StateMachineUpdater.java:lambda$new$0(92)) - 88416288-d81a-4caa-b0be-4bb91378dc06@group-21A31C6BC464-StateMachineUpdater: snapshotIndex: updateIncreasingly -1 -> 0
2023-05-05 09:13:06,068 [grpc-default-executor-0] INFO  server.GrpcLogAppender (GrpcLogAppender.java:onCompleted(415)) - 88416288-d81a-4caa-b0be-4bb91378dc06@group-21A31C6BC464->01ec52f5-41b6-49aa-a875-886c0181af90-AppendLogResponseHandler: follower responses appendEntries COMPLETED
2023-05-05 09:13:06,068 [grpc-default-executor-0] INFO  leader.FollowerInfo (FollowerInfoImpl.java:lambda$new$0(48)) - 88416288-d81a-4caa-b0be-4bb91378dc06@group-21A31C6BC464->01ec52f5-41b6-49aa-a875-886c0181af90: nextIndex: updateUnconditionally 1 -> 0
2023-05-05 09:13:06,068 [88416288-d81a-4caa-b0be-4bb91378dc06-impl-thread1] INFO  server.RaftServer$Division (ServerState.java:close(466)) - 88416288-d81a-4caa-b0be-4bb91378dc06@group-21A31C6BC464: closes. applyIndex: 0
2023-05-05 09:13:06,069 [grpc-default-executor-2] INFO  server.GrpcLogAppender (GrpcLogAppender.java:onCompleted(415)) - 88416288-d81a-4caa-b0be-4bb91378dc06@group-21A31C6BC464->01ec52f5-41b6-49aa-a875-886c0181af90-AppendLogResponseHandler: follower responses appendEntries COMPLETED
2023-05-05 09:13:06,069 [88416288-d81a-4caa-b0be-4bb91378dc06@group-21A31C6BC464-SegmentedRaftLogWorker] INFO  segmented.SegmentedRaftLogWorker (SegmentedRaftLogWorker.java:run(347)) - 88416288-d81a-4caa-b0be-4bb91378dc06@group-21A31C6BC464-SegmentedRaftLogWorker was interrupted, exiting. There are 0 tasks remaining in the queue.
2023-05-05 09:13:06,069 [grpc-default-executor-2] INFO  leader.FollowerInfo (FollowerInfoImpl.java:lambda$new$0(48)) - 88416288-d81a-4caa-b0be-4bb91378dc06@group-21A31C6BC464->01ec52f5-41b6-49aa-a875-886c0181af90: nextIndex: updateUnconditionally 0 -> 0
2023-05-05 09:13:06,069 [88416288-d81a-4caa-b0be-4bb91378dc06-impl-thread1] INFO  segmented.SegmentedRaftLogWorker (SegmentedRaftLogWorker.java:close(257)) - 88416288-d81a-4caa-b0be-4bb91378dc06@group-21A31C6BC464-SegmentedRaftLogWorker close()
2023-05-05 09:13:06,070 [ForkJoinPool.commonPool-worker-1] INFO  server.GrpcService (GrpcService.java:closeImpl(271)) - 01ec52f5-41b6-49aa-a875-886c0181af90: shutdown server GrpcServerProtocolService now
2023-05-05 09:13:06,070 [grpc-default-executor-3] INFO  leader.FollowerInfo (FollowerInfoImpl.java:lambda$new$0(48)) - 88416288-d81a-4caa-b0be-4bb91378dc06@group-21A31C6BC464->f85e0dcc-39ca-49ef-85c9-6c51f48e3333: nextIndex: updateUnconditionally 0 -> 0
2023-05-05 09:13:06,071 [grpc-default-executor-3] WARN  server.GrpcServerProtocolService (LogUtils.java:warn(122)) - 01ec52f5-41b6-49aa-a875-886c0181af90: installSnapshot onError, lastRequest: null: org.apache.ratis.thirdparty.io.grpc.StatusRuntimeException: CANCELLED: client cancelled
2023-05-05 09:13:06,071 [grpc-default-executor-3] WARN  server.GrpcLogAppender (LogUtils.java:warn(122)) - f85e0dcc-39ca-49ef-85c9-6c51f48e3333@group-81C215923A5E->01ec52f5-41b6-49aa-a875-886c0181af90-AppendLogResponseHandler: Failed appendEntries: org.apache.ratis.thirdparty.io.grpc.StatusRuntimeException: CANCELLED: RST_STREAM closed stream. HTTP/2 error code: CANCEL
2023-05-05 09:13:06,071 [grpc-default-executor-3] WARN  server.GrpcLogAppender (GrpcLogAppender.java:resetClient(131)) - f85e0dcc-39ca-49ef-85c9-6c51f48e3333@group-81C215923A5E->01ec52f5-41b6-49aa-a875-886c0181af90-GrpcLogAppender: Leader has not got in touch with Follower f85e0dcc-39ca-49ef-85c9-6c51f48e3333@group-81C215923A5E->01ec52f5-41b6-49aa-a875-886c0181af90(c0,m0,n1, attendVote=true, lastRpcSendTime=430, lastRpcResponseTime=415) yet, just keep nextIndex unchanged and retry.
2023-05-05 09:13:06,072 [grpc-default-executor-2] WARN  server.GrpcServerProtocolService (LogUtils.java:warn(122)) - 01ec52f5-41b6-49aa-a875-886c0181af90: installSnapshot onError, lastRequest: f85e0dcc-39ca-49ef-85c9-6c51f48e3333->01ec52f5-41b6-49aa-a875-886c0181af90#1-t1,previous=(t:0, i:0),leaderCommit=0,initializing? true,entries: size=1, first=(t:1, i:0), CONFIGURATIONENTRY(current:id: "f85e0dcc-39ca-49ef-85c9-6c51f48e3333"
address: "10.1.0.42:39217"
priority: 1
dataStreamAddress: "10.1.0.42:32803"
clientAddress: "10.1.0.42:39217"
adminAddress: "10.1.0.42:39217"
startupRole: FOLLOWER
,id: "01ec52f5-41b6-49aa-a875-886c0181af90"
address: "10.1.0.42:34459"
dataStreamAddress: "10.1.0.42:41675"
clientAddress: "10.1.0.42:34459"
adminAddress: "10.1.0.42:34459"
startupRole: FOLLOWER
,id: "88416288-d81a-4caa-b0be-4bb91378dc06"
address: "10.1.0.42:43207"
dataStreamAddress: "10.1.0.42:38003"
clientAddress: "10.1.0.42:43207"
adminAddress: "10.1.0.42:43207"
startupRole: FOLLOWER
, old:): org.apache.ratis.thirdparty.io.grpc.StatusRuntimeException: CANCELLED: client cancelled
2023-05-05 09:13:06,085 [Listener at 127.0.0.1/38811] INFO  server.GrpcService (GrpcService.java:closeImpl(271)) - 88416288-d81a-4caa-b0be-4bb91378dc06: shutdown server GrpcServerProtocolService now
2023-05-05 09:13:06,085 [88416288-d81a-4caa-b0be-4bb91378dc06-impl-thread1] INFO  server.RaftServer$Division (RaftServerImpl.java:lambda$close$4(458)) - 88416288-d81a-4caa-b0be-4bb91378dc06@group-593221C92A9B: shutdown
2023-05-05 09:13:06,085 [88416288-d81a-4caa-b0be-4bb91378dc06-impl-thread1] INFO  util.JmxRegister (JmxRegister.java:unregister(73)) - Successfully un-registered JMX Bean with object name Ratis:service=RaftServer,group=group-593221C92A9B,id=88416288-d81a-4caa-b0be-4bb91378dc06
2023-05-05 09:13:06,085 [88416288-d81a-4caa-b0be-4bb91378dc06-impl-thread1] INFO  impl.RoleInfo (RoleInfo.java:shutdownLeaderState(93)) - 88416288-d81a-4caa-b0be-4bb91378dc06: shutdown 88416288-d81a-4caa-b0be-4bb91378dc06@group-593221C92A9B-LeaderStateImpl
2023-05-05 09:13:06,085 [88416288-d81a-4caa-b0be-4bb91378dc06-impl-thread1] INFO  impl.PendingRequests (PendingRequests.java:sendNotLeaderResponses(282)) - 88416288-d81a-4caa-b0be-4bb91378dc06@group-593221C92A9B-PendingRequests: sendNotLeaderResponses
2023-05-05 09:13:06,086 [88416288-d81a-4caa-b0be-4bb91378dc06-impl-thread1] INFO  impl.StateMachineUpdater (StateMachineUpdater.java:stopAndJoin(153)) - 88416288-d81a-4caa-b0be-4bb91378dc06@group-593221C92A9B-StateMachineUpdater: set stopIndex = 0
2023-05-05 09:13:06,086 [88416288-d81a-4caa-b0be-4bb91378dc06@group-593221C92A9B-StateMachineUpdater] INFO  ratis.ContainerStateMachine (ContainerStateMachine.java:takeSnapshot(330)) - group-593221C92A9B: Taking a snapshot at:(t:1, i:0) file /home/runner/work/ozone/ozone/hadoop-ozone/integration-test/target/test-dir/MiniOzoneClusterImpl-44598e80-008f-49ac-96a9-a666e849b629/datanode-1/data/ratis/2fcb2459-9574-44c8-9ce4-593221c92a9b/sm/snapshot.1_0
2023-05-05 09:13:06,086 [grpc-default-executor-3] WARN  server.GrpcServerProtocolService (LogUtils.java:warn(122)) - 88416288-d81a-4caa-b0be-4bb91378dc06: installSnapshot onError, lastRequest: null: org.apache.ratis.thirdparty.io.grpc.StatusRuntimeException: CANCELLED: client cancelled
2023-05-05 09:13:06,086 [grpc-default-executor-3] WARN  server.GrpcLogAppender (LogUtils.java:warn(122)) - f85e0dcc-39ca-49ef-85c9-6c51f48e3333@group-81C215923A5E->88416288-d81a-4caa-b0be-4bb91378dc06-AppendLogResponseHandler: Failed appendEntries: org.apache.ratis.thirdparty.io.grpc.StatusRuntimeException: CANCELLED: RST_STREAM closed stream. HTTP/2 error code: CANCEL
2023-05-05 09:13:06,086 [grpc-default-executor-3] WARN  server.GrpcLogAppender (GrpcLogAppender.java:resetClient(131)) - f85e0dcc-39ca-49ef-85c9-6c51f48e3333@group-81C215923A5E->88416288-d81a-4caa-b0be-4bb91378dc06-GrpcLogAppender: Leader has not got in touch with Follower f85e0dcc-39ca-49ef-85c9-6c51f48e3333@group-81C215923A5E->88416288-d81a-4caa-b0be-4bb91378dc06(c0,m0,n1, attendVote=true, lastRpcSendTime=441, lastRpcResponseTime=427) yet, just keep nextIndex unchanged and retry.
2023-05-05 09:13:06,087 [88416288-d81a-4caa-b0be-4bb91378dc06@group-593221C92A9B-StateMachineUpdater] INFO  ratis.ContainerStateMachine (ContainerStateMachine.java:takeSnapshot(341)) - group-593221C92A9B: Finished taking a snapshot at:(t:1, i:0) file:/home/runner/work/ozone/ozone/hadoop-ozone/integration-test/target/test-dir/MiniOzoneClusterImpl-44598e80-008f-49ac-96a9-a666e849b629/datanode-1/data/ratis/2fcb2459-9574-44c8-9ce4-593221c92a9b/sm/snapshot.1_0 took: 1 ms
2023-05-05 09:13:06,087 [grpc-default-executor-2] WARN  server.GrpcServerProtocolService (LogUtils.java:warn(122)) - 88416288-d81a-4caa-b0be-4bb91378dc06: installSnapshot onError, lastRequest: f85e0dcc-39ca-49ef-85c9-6c51f48e3333->88416288-d81a-4caa-b0be-4bb91378dc06#1-t1,previous=(t:0, i:0),leaderCommit=0,initializing? true,entries: size=1, first=(t:1, i:0), CONFIGURATIONENTRY(current:id: "f85e0dcc-39ca-49ef-85c9-6c51f48e3333"
address: "10.1.0.42:39217"
priority: 1
dataStreamAddress: "10.1.0.42:32803"
clientAddress: "10.1.0.42:39217"
adminAddress: "10.1.0.42:39217"
startupRole: FOLLOWER
,id: "01ec52f5-41b6-49aa-a875-886c0181af90"
address: "10.1.0.42:34459"
dataStreamAddress: "10.1.0.42:41675"
clientAddress: "10.1.0.42:34459"
adminAddress: "10.1.0.42:34459"
startupRole: FOLLOWER
,id: "88416288-d81a-4caa-b0be-4bb91378dc06"
address: "10.1.0.42:43207"
dataStreamAddress: "10.1.0.42:38003"
clientAddress: "10.1.0.42:43207"
adminAddress: "10.1.0.42:43207"
startupRole: FOLLOWER
, old:): org.apache.ratis.thirdparty.io.grpc.StatusRuntimeException: CANCELLED: client cancelled
2023-05-05 09:13:06,087 [88416288-d81a-4caa-b0be-4bb91378dc06-impl-thread2] INFO  server.RaftServer$Division (RaftServerImpl.java:lambda$close$4(458)) - 88416288-d81a-4caa-b0be-4bb91378dc06@group-81C215923A5E: shutdown
2023-05-05 09:13:06,087 [88416288-d81a-4caa-b0be-4bb91378dc06-impl-thread2] INFO  util.JmxRegister (JmxRegister.java:unregister(73)) - Successfully un-registered JMX Bean with object name Ratis:service=RaftServer,group=group-81C215923A5E,id=88416288-d81a-4caa-b0be-4bb91378dc06
2023-05-05 09:13:06,087 [88416288-d81a-4caa-b0be-4bb91378dc06-impl-thread2] INFO  impl.RoleInfo (RoleInfo.java:shutdownFollowerState(110)) - 88416288-d81a-4caa-b0be-4bb91378dc06: shutdown 88416288-d81a-4caa-b0be-4bb91378dc06@group-81C215923A5E-FollowerState
2023-05-05 09:13:06,096 [88416288-d81a-4caa-b0be-4bb91378dc06-impl-thread2] INFO  impl.StateMachineUpdater (StateMachineUpdater.java:stopAndJoin(153)) - 88416288-d81a-4caa-b0be-4bb91378dc06@group-81C215923A5E-StateMachineUpdater: set stopIndex = 0
2023-05-05 09:13:06,096 [Listener at 127.0.0.1/38811] INFO  server.GrpcServerProtocolClient (GrpcServerProtocolClient.java:close(101)) - f85e0dcc-39ca-49ef-85c9-6c51f48e3333 Close channels
2023-05-05 09:13:06,096 [88416288-d81a-4caa-b0be-4bb91378dc06@group-81C215923A5E-FollowerState] INFO  impl.FollowerState (FollowerState.java:run(152)) - 88416288-d81a-4caa-b0be-4bb91378dc06@group-81C215923A5E-FollowerState was interrupted
2023-05-05 09:13:06,096 [grpc-default-executor-0] WARN  server.GrpcLogAppender (LogUtils.java:warn(122)) - f85e0dcc-39ca-49ef-85c9-6c51f48e3333@group-81C215923A5E->88416288-d81a-4caa-b0be-4bb91378dc06-AppendLogResponseHandler: Failed appendEntries: org.apache.ratis.thirdparty.io.grpc.StatusRuntimeException: CANCELLED: RST_STREAM closed stream. HTTP/2 error code: CANCEL
2023-05-05 09:13:06,097 [grpc-default-executor-0] WARN  server.GrpcLogAppender (GrpcLogAppender.java:resetClient(131)) - f85e0dcc-39ca-49ef-85c9-6c51f48e3333@group-81C215923A5E->88416288-d81a-4caa-b0be-4bb91378dc06-GrpcLogAppender: Leader has not got in touch with Follower f85e0dcc-39ca-49ef-85c9-6c51f48e3333@group-81C215923A5E->88416288-d81a-4caa-b0be-4bb91378dc06(c0,m0,n1, attendVote=true, lastRpcSendTime=451, lastRpcResponseTime=438) yet, just keep nextIndex unchanged and retry.
2023-05-05 09:13:06,096 [88416288-d81a-4caa-b0be-4bb91378dc06@group-593221C92A9B-StateMachineUpdater] INFO  impl.StateMachineUpdater (StateMachineUpdater.java:takeSnapshot(287)) - 88416288-d81a-4caa-b0be-4bb91378dc06@group-593221C92A9B-StateMachineUpdater: Took a snapshot at index 0
2023-05-05 09:13:06,097 [88416288-d81a-4caa-b0be-4bb91378dc06@group-593221C92A9B-StateMachineUpdater] INFO  impl.StateMachineUpdater (StateMachineUpdater.java:lambda$new$0(92)) - 88416288-d81a-4caa-b0be-4bb91378dc06@group-593221C92A9B-StateMachineUpdater: snapshotIndex: updateIncreasingly -1 -> 0
2023-05-05 09:13:06,097 [88416288-d81a-4caa-b0be-4bb91378dc06-impl-thread1] INFO  server.RaftServer$Division (ServerState.java:close(466)) - 88416288-d81a-4caa-b0be-4bb91378dc06@group-593221C92A9B: closes. applyIndex: 0
2023-05-05 09:13:06,096 [ForkJoinPool.commonPool-worker-1] INFO  server.GrpcServerProtocolClient (GrpcServerProtocolClient.java:close(101)) - f85e0dcc-39ca-49ef-85c9-6c51f48e3333 Close channels
2023-05-05 09:13:06,097 [88416288-d81a-4caa-b0be-4bb91378dc06@group-593221C92A9B-SegmentedRaftLogWorker] INFO  segmented.SegmentedRaftLogWorker (SegmentedRaftLogWorker.java:run(347)) - 88416288-d81a-4caa-b0be-4bb91378dc06@group-593221C92A9B-SegmentedRaftLogWorker was interrupted, exiting. There are 0 tasks remaining in the queue.
2023-05-05 09:13:06,098 [88416288-d81a-4caa-b0be-4bb91378dc06-impl-thread1] INFO  segmented.SegmentedRaftLogWorker (SegmentedRaftLogWorker.java:close(257)) - 88416288-d81a-4caa-b0be-4bb91378dc06@group-593221C92A9B-SegmentedRaftLogWorker close()
2023-05-05 09:13:06,102 [88416288-d81a-4caa-b0be-4bb91378dc06@group-81C215923A5E-StateMachineUpdater] INFO  ratis.ContainerStateMachine (ContainerStateMachine.java:takeSnapshot(330)) - group-81C215923A5E: Taking a snapshot at:(t:1, i:0) file /home/runner/work/ozone/ozone/hadoop-ozone/integration-test/target/test-dir/MiniOzoneClusterImpl-44598e80-008f-49ac-96a9-a666e849b629/datanode-1/data/ratis/f947ebb2-47ad-4183-88d0-81c215923a5e/sm/snapshot.1_0
2023-05-05 09:13:06,102 [grpc-default-executor-4] WARN  server.GrpcLogAppender (LogUtils.java:warn(122)) - f85e0dcc-39ca-49ef-85c9-6c51f48e3333@group-81C215923A5E->01ec52f5-41b6-49aa-a875-886c0181af90-AppendLogResponseHandler: Failed appendEntries: org.apache.ratis.thirdparty.io.grpc.StatusRuntimeException: CANCELLED: RST_STREAM closed stream. HTTP/2 error code: CANCEL
2023-05-05 09:13:06,102 [grpc-default-executor-4] WARN  server.GrpcLogAppender (GrpcLogAppender.java:resetClient(131)) - f85e0dcc-39ca-49ef-85c9-6c51f48e3333@group-81C215923A5E->01ec52f5-41b6-49aa-a875-886c0181af90-GrpcLogAppender: Leader has not got in touch with Follower f85e0dcc-39ca-49ef-85c9-6c51f48e3333@group-81C215923A5E->01ec52f5-41b6-49aa-a875-886c0181af90(c0,m0,n1, attendVote=true, lastRpcSendTime=461, lastRpcResponseTime=445) yet, just keep nextIndex unchanged and retry.
2023-05-05 09:13:06,103 [ForkJoinPool.commonPool-worker-1] INFO  server.GrpcServerProtocolClient (GrpcServerProtocolClient.java:close(101)) - 88416288-d81a-4caa-b0be-4bb91378dc06 Close channels
2023-05-05 09:13:06,104 [ForkJoinPool.commonPool-worker-1] INFO  server.GrpcService (GrpcService.java:closeImpl(280)) - 01ec52f5-41b6-49aa-a875-886c0181af90: shutdown server GrpcServerProtocolService successfully
2023-05-05 09:13:06,104 [01ec52f5-41b6-49aa-a875-886c0181af90-NettyServerStreamRpc-bossGroup--thread1] INFO  logging.LoggingHandler (AbstractInternalLogger.java:log(148)) - [id: 0xe1c6f14e, L:/0:0:0:0:0:0:0:0:41675] CLOSE
2023-05-05 09:13:06,105 [01ec52f5-41b6-49aa-a875-886c0181af90-NettyServerStreamRpc-bossGroup--thread1] INFO  logging.LoggingHandler (AbstractInternalLogger.java:log(148)) - [id: 0xe1c6f14e, L:/0:0:0:0:0:0:0:0:41675] INACTIVE
2023-05-05 09:13:06,105 [01ec52f5-41b6-49aa-a875-886c0181af90-NettyServerStreamRpc-bossGroup--thread1] INFO  logging.LoggingHandler (AbstractInternalLogger.java:log(148)) - [id: 0xe1c6f14e, L:/0:0:0:0:0:0:0:0:41675] UNREGISTERED
2023-05-05 09:13:06,105 [f85e0dcc-39ca-49ef-85c9-6c51f48e3333@group-AABDB4147B7A-FollowerState] INFO  impl.FollowerState (FollowerState.java:run(143)) - f85e0dcc-39ca-49ef-85c9-6c51f48e3333@group-AABDB4147B7A-FollowerState: change to CANDIDATE, lastRpcElapsedTime:5063547724ns, electionTimeout:5063ms
2023-05-05 09:13:06,105 [f85e0dcc-39ca-49ef-85c9-6c51f48e3333@group-AABDB4147B7A-FollowerState] INFO  impl.RoleInfo (RoleInfo.java:shutdownFollowerState(110)) - f85e0dcc-39ca-49ef-85c9-6c51f48e3333: shutdown f85e0dcc-39ca-49ef-85c9-6c51f48e3333@group-AABDB4147B7A-FollowerState
2023-05-05 09:13:06,106 [f85e0dcc-39ca-49ef-85c9-6c51f48e3333@group-AABDB4147B7A-FollowerState] INFO  server.RaftServer$Division (RaftServerImpl.java:setRole(321)) - f85e0dcc-39ca-49ef-85c9-6c51f48e3333@group-AABDB4147B7A: changes role from  FOLLOWER to CANDIDATE at term 0 for changeToCandidate
2023-05-05 09:13:06,107 [JvmPauseMonitor21] INFO  util.JvmPauseMonitor (JvmPauseMonitor.java:run(111)) - JvmPauseMonitor-01ec52f5-41b6-49aa-a875-886c0181af90: Stopped
2023-05-05 09:13:06,108 [88416288-d81a-4caa-b0be-4bb91378dc06@group-81C215923A5E-StateMachineUpdater] INFO  ratis.ContainerStateMachine (ContainerStateMachine.java:takeSnapshot(341)) - group-81C215923A5E: Finished taking a snapshot at:(t:1, i:0) file:/home/runner/work/ozone/ozone/hadoop-ozone/integration-test/target/test-dir/MiniOzoneClusterImpl-44598e80-008f-49ac-96a9-a666e849b629/datanode-1/data/ratis/f947ebb2-47ad-4183-88d0-81c215923a5e/sm/snapshot.1_0 took: 7 ms
2023-05-05 09:13:06,108 [88416288-d81a-4caa-b0be-4bb91378dc06@group-81C215923A5E-StateMachineUpdater] INFO  impl.StateMachineUpdater (StateMachineUpdater.java:takeSnapshot(287)) - 88416288-d81a-4caa-b0be-4bb91378dc06@group-81C215923A5E-StateMachineUpdater: Took a snapshot at index 0
2023-05-05 09:13:06,108 [88416288-d81a-4caa-b0be-4bb91378dc06@group-81C215923A5E-StateMachineUpdater] INFO  impl.StateMachineUpdater (StateMachineUpdater.java:lambda$new$0(92)) - 88416288-d81a-4caa-b0be-4bb91378dc06@group-81C215923A5E-StateMachineUpdater: snapshotIndex: updateIncreasingly -1 -> 0
2023-05-05 09:13:06,109 [88416288-d81a-4caa-b0be-4bb91378dc06-impl-thread2] INFO  server.RaftServer$Division (ServerState.java:close(466)) - 88416288-d81a-4caa-b0be-4bb91378dc06@group-81C215923A5E: closes. applyIndex: 0
2023-05-05 09:13:06,109 [88416288-d81a-4caa-b0be-4bb91378dc06@group-81C215923A5E-SegmentedRaftLogWorker] INFO  segmented.SegmentedRaftLogWorker (SegmentedRaftLogWorker.java:run(347)) - 88416288-d81a-4caa-b0be-4bb91378dc06@group-81C215923A5E-SegmentedRaftLogWorker was interrupted, exiting. There are 0 tasks remaining in the queue.
2023-05-05 09:13:06,109 [88416288-d81a-4caa-b0be-4bb91378dc06-impl-thread2] INFO  segmented.SegmentedRaftLogWorker (SegmentedRaftLogWorker.java:close(257)) - 88416288-d81a-4caa-b0be-4bb91378dc06@group-81C215923A5E-SegmentedRaftLogWorker close()
2023-05-05 09:13:06,109 [f85e0dcc-39ca-49ef-85c9-6c51f48e3333@group-AABDB4147B7A-FollowerState] INFO  server.RaftServerConfigKeys (ConfUtils.java:logGet(46)) - raft.server.leaderelection.pre-vote = true (default)
2023-05-05 09:13:06,109 [f85e0dcc-39ca-49ef-85c9-6c51f48e3333@group-AABDB4147B7A-FollowerState] INFO  impl.RoleInfo (RoleInfo.java:updateAndGet(139)) - f85e0dcc-39ca-49ef-85c9-6c51f48e3333: start f85e0dcc-39ca-49ef-85c9-6c51f48e3333@group-AABDB4147B7A-LeaderElection41
2023-05-05 09:13:06,119 [Listener at 127.0.0.1/38811] INFO  server.GrpcServerProtocolClient (GrpcServerProtocolClient.java:close(101)) - 01ec52f5-41b6-49aa-a875-886c0181af90 Close channels
2023-05-05 09:13:06,134 [f85e0dcc-39ca-49ef-85c9-6c51f48e3333@group-AABDB4147B7A-LeaderElection41] INFO  impl.LeaderElection (LeaderElection.java:askForVotes(312)) - f85e0dcc-39ca-49ef-85c9-6c51f48e3333@group-AABDB4147B7A-LeaderElection41 PRE_VOTE round 0: submit vote requests at term 0 for -1: peers:[f85e0dcc-39ca-49ef-85c9-6c51f48e3333|rpc:10.1.0.42:39217|dataStream:10.1.0.42:32803|priority:1|startupRole:FOLLOWER]|listeners:[], old=null
2023-05-05 09:13:06,134 [f85e0dcc-39ca-49ef-85c9-6c51f48e3333@group-AABDB4147B7A-LeaderElection41] INFO  impl.LeaderElection (LeaderElection.java:askForVotes(314)) - f85e0dcc-39ca-49ef-85c9-6c51f48e3333@group-AABDB4147B7A-LeaderElection41 PRE_VOTE round 0: result PASSED (term=0)
2023-05-05 09:13:06,135 [Listener at 127.0.0.1/38811] INFO  server.GrpcService (GrpcService.java:closeImpl(280)) - 88416288-d81a-4caa-b0be-4bb91378dc06: shutdown server GrpcServerProtocolService successfully
2023-05-05 09:13:06,135 [88416288-d81a-4caa-b0be-4bb91378dc06-NettyServerStreamRpc-bossGroup--thread1] INFO  logging.LoggingHandler (AbstractInternalLogger.java:log(148)) - [id: 0x0ebc0e39, L:/0:0:0:0:0:0:0:0:38003] CLOSE
2023-05-05 09:13:06,135 [88416288-d81a-4caa-b0be-4bb91378dc06-NettyServerStreamRpc-bossGroup--thread1] INFO  logging.LoggingHandler (AbstractInternalLogger.java:log(148)) - [id: 0x0ebc0e39, L:/0:0:0:0:0:0:0:0:38003] INACTIVE
2023-05-05 09:13:06,135 [88416288-d81a-4caa-b0be-4bb91378dc06-NettyServerStreamRpc-bossGroup--thread1] INFO  logging.LoggingHandler (AbstractInternalLogger.java:log(148)) - [id: 0x0ebc0e39, L:/0:0:0:0:0:0:0:0:38003] UNREGISTERED
2023-05-05 09:13:06,136 [f85e0dcc-39ca-49ef-85c9-6c51f48e3333@group-AABDB4147B7A-LeaderElection41] INFO  impl.LeaderElection (LeaderElection.java:askForVotes(312)) - f85e0dcc-39ca-49ef-85c9-6c51f48e3333@group-AABDB4147B7A-LeaderElection41 ELECTION round 0: submit vote requests at term 1 for -1: peers:[f85e0dcc-39ca-49ef-85c9-6c51f48e3333|rpc:10.1.0.42:39217|dataStream:10.1.0.42:32803|priority:1|startupRole:FOLLOWER]|listeners:[], old=null
2023-05-05 09:13:06,136 [f85e0dcc-39ca-49ef-85c9-6c51f48e3333@group-AABDB4147B7A-LeaderElection41] INFO  impl.LeaderElection (LeaderElection.java:askForVotes(314)) - f85e0dcc-39ca-49ef-85c9-6c51f48e3333@group-AABDB4147B7A-LeaderElection41 ELECTION round 0: result PASSED (term=1)
2023-05-05 09:13:06,136 [f85e0dcc-39ca-49ef-85c9-6c51f48e3333@group-AABDB4147B7A-LeaderElection41] INFO  impl.RoleInfo (RoleInfo.java:shutdownLeaderElection(130)) - f85e0dcc-39ca-49ef-85c9-6c51f48e3333: shutdown f85e0dcc-39ca-49ef-85c9-6c51f48e3333@group-AABDB4147B7A-LeaderElection41
2023-05-05 09:13:06,136 [f85e0dcc-39ca-49ef-85c9-6c51f48e3333@group-AABDB4147B7A-LeaderElection41] INFO  server.RaftServer$Division (RaftServerImpl.java:setRole(321)) - f85e0dcc-39ca-49ef-85c9-6c51f48e3333@group-AABDB4147B7A: changes role from CANDIDATE to LEADER at term 1 for changeToLeader
2023-05-05 09:13:06,136 [f85e0dcc-39ca-49ef-85c9-6c51f48e3333@group-AABDB4147B7A-LeaderElection41] INFO  ratis.XceiverServerRatis (XceiverServerRatis.java:handleLeaderChangedNotification(904)) - Leader change notification received for group: group-AABDB4147B7A with new leaderId: f85e0dcc-39ca-49ef-85c9-6c51f48e3333
2023-05-05 09:13:06,138 [JvmPauseMonitor22] INFO  util.JvmPauseMonitor (JvmPauseMonitor.java:run(111)) - JvmPauseMonitor-88416288-d81a-4caa-b0be-4bb91378dc06: Stopped
2023-05-05 09:13:06,138 [f85e0dcc-39ca-49ef-85c9-6c51f48e3333@group-AABDB4147B7A-LeaderElection41] INFO  server.RaftServer$Division (ServerState.java:setLeader(313)) - f85e0dcc-39ca-49ef-85c9-6c51f48e3333@group-AABDB4147B7A: change Leader from null to f85e0dcc-39ca-49ef-85c9-6c51f48e3333 at term 1 for becomeLeader, leader elected after 5114ms
2023-05-05 09:13:06,138 [f85e0dcc-39ca-49ef-85c9-6c51f48e3333@group-AABDB4147B7A-LeaderElection41] INFO  server.RaftServerConfigKeys (ConfUtils.java:logGet(46)) - raft.server.staging.catchup.gap = 1000 (default)
2023-05-05 09:13:06,139 [f85e0dcc-39ca-49ef-85c9-6c51f48e3333@group-AABDB4147B7A-LeaderElection41] INFO  server.RaftServerConfigKeys (ConfUtils.java:logGet(46)) - raft.server.write.element-limit = 1024 (custom)
2023-05-05 09:13:06,139 [f85e0dcc-39ca-49ef-85c9-6c51f48e3333@group-AABDB4147B7A-LeaderElection41] INFO  server.RaftServerConfigKeys (ConfUtils.java:logGet(46)) - raft.server.write.byte-limit = 1024 M (=1073741824) (custom)
2023-05-05 09:13:06,139 [f85e0dcc-39ca-49ef-85c9-6c51f48e3333@group-AABDB4147B7A-LeaderElection41] INFO  server.RaftServerConfigKeys (ConfUtils.java:logGet(46)) - raft.server.watch.timeout = 180s (custom)
2023-05-05 09:13:06,139 [f85e0dcc-39ca-49ef-85c9-6c51f48e3333@group-AABDB4147B7A-LeaderElection41] INFO  server.RaftServerConfigKeys (ConfUtils.java:logGet(46)) - raft.server.watch.timeout.denomination = 1s (default)
2023-05-05 09:13:06,139 [f85e0dcc-39ca-49ef-85c9-6c51f48e3333@group-AABDB4147B7A-LeaderElection41] INFO  server.RaftServerConfigKeys (ConfUtils.java:logGet(46)) - raft.server.watch.element-limit = 65536 (default)
2023-05-05 09:13:06,139 [f85e0dcc-39ca-49ef-85c9-6c51f48e3333@group-AABDB4147B7A-LeaderElection41] INFO  server.RaftServerConfigKeys (ConfUtils.java:logGet(46)) - raft.server.write.element-limit = 1024 (custom)
2023-05-05 09:13:06,139 [f85e0dcc-39ca-49ef-85c9-6c51f48e3333@group-AABDB4147B7A-LeaderElection41] INFO  server.RaftServerConfigKeys (ConfUtils.java:logGet(46)) - raft.server.write.follower.gap.ratio.max = -1.0 (default)
2023-05-05 09:13:06,139 [f85e0dcc-39ca-49ef-85c9-6c51f48e3333@group-AABDB4147B7A-LeaderElection41] INFO  impl.RoleInfo (RoleInfo.java:updateAndGet(139)) - f85e0dcc-39ca-49ef-85c9-6c51f48e3333: start f85e0dcc-39ca-49ef-85c9-6c51f48e3333@group-AABDB4147B7A-LeaderStateImpl
2023-05-05 09:13:06,139 [f85e0dcc-39ca-49ef-85c9-6c51f48e3333@group-AABDB4147B7A-LeaderElection41] INFO  segmented.SegmentedRaftLogWorker (SegmentedRaftLogWorker.java:startLogSegment(452)) - f85e0dcc-39ca-49ef-85c9-6c51f48e3333@group-AABDB4147B7A-SegmentedRaftLogWorker: Starting segment from index:0
2023-05-05 09:13:06,145 [f85e0dcc-39ca-49ef-85c9-6c51f48e3333@group-AABDB4147B7A-LeaderElection41] INFO  server.RaftServer$Division (ServerState.java:setRaftConf(430)) - f85e0dcc-39ca-49ef-85c9-6c51f48e3333@group-AABDB4147B7A: set configuration 0: peers:[f85e0dcc-39ca-49ef-85c9-6c51f48e3333|rpc:10.1.0.42:39217|dataStream:10.1.0.42:32803|priority:1|startupRole:FOLLOWER]|listeners:[], old=null
2023-05-05 09:13:06,156 [f85e0dcc-39ca-49ef-85c9-6c51f48e3333@group-AABDB4147B7A-SegmentedRaftLogWorker] INFO  segmented.SegmentedRaftLogWorker (SegmentedRaftLogWorker.java:execute(656)) - f85e0dcc-39ca-49ef-85c9-6c51f48e3333@group-AABDB4147B7A-SegmentedRaftLogWorker: created new log segment /home/runner/work/ozone/ozone/hadoop-ozone/integration-test/target/test-dir/MiniOzoneClusterImpl-44598e80-008f-49ac-96a9-a666e849b629/datanode-2/data/ratis/da8addc8-aaec-472a-955f-aabdb4147b7a/current/log_inprogress_0
2023-05-05 09:13:08,147 [Listener at 127.0.0.1/38811] INFO  volume.HddsVolume (HddsVolume.java:closeDbStore(437)) - SchemaV3 db is stopped at /home/runner/work/ozone/ozone/hadoop-ozone/integration-test/target/test-dir/MiniOzoneClusterImpl-44598e80-008f-49ac-96a9-a666e849b629/datanode-1/data-0/containers/hdds/44598e80-008f-49ac-96a9-a666e849b629/DS-50998e8c-4c8a-41f5-b622-2dbe2e7eafbf/container.db for volume DS-50998e8c-4c8a-41f5-b622-2dbe2e7eafbf
2023-05-05 09:13:08,152 [Listener at 127.0.0.1/38811] INFO  utils.BackgroundService (BackgroundService.java:shutdown(141)) - Shutting down service BlockDeletingService
2023-05-05 09:13:08,152 [ForkJoinPool.commonPool-worker-1] INFO  volume.HddsVolume (HddsVolume.java:closeDbStore(437)) - SchemaV3 db is stopped at /home/runner/work/ozone/ozone/hadoop-ozone/integration-test/target/test-dir/MiniOzoneClusterImpl-44598e80-008f-49ac-96a9-a666e849b629/datanode-0/data-0/containers/hdds/44598e80-008f-49ac-96a9-a666e849b629/DS-030cc72b-641b-4496-a724-997bbf91f676/container.db for volume DS-030cc72b-641b-4496-a724-997bbf91f676
2023-05-05 09:13:08,153 [ForkJoinPool.commonPool-worker-1] INFO  utils.BackgroundService (BackgroundService.java:shutdown(141)) - Shutting down service BlockDeletingService
2023-05-05 09:13:08,153 [ForkJoinPool.commonPool-worker-1] INFO  utils.BackgroundService (BackgroundService.java:shutdown(141)) - Shutting down service StaleRecoveringContainerScrubbingService
2023-05-05 09:13:08,153 [Listener at 127.0.0.1/38811] INFO  utils.BackgroundService (BackgroundService.java:shutdown(141)) - Shutting down service StaleRecoveringContainerScrubbingService
2023-05-05 09:13:08,155 [Listener at 127.0.0.1/38811] INFO  statemachine.DatanodeStateMachine (DatanodeStateMachine.java:stopDaemon(608)) - Ozone container server stopped.
2023-05-05 09:13:08,166 [grpc-default-executor-1] WARN  server.GrpcLogAppender (LogUtils.java:warn(122)) - f85e0dcc-39ca-49ef-85c9-6c51f48e3333@group-81C215923A5E->01ec52f5-41b6-49aa-a875-886c0181af90-AppendLogResponseHandler: Failed appendEntries: org.apache.ratis.thirdparty.io.grpc.StatusRuntimeException: UNAVAILABLE: io exception
2023-05-05 09:13:08,167 [ForkJoinPool.commonPool-worker-1] INFO  statemachine.DatanodeStateMachine (DatanodeStateMachine.java:stopDaemon(608)) - Ozone container server stopped.
2023-05-05 09:13:08,166 [grpc-default-executor-4] WARN  server.GrpcLogAppender (LogUtils.java:warn(122)) - f85e0dcc-39ca-49ef-85c9-6c51f48e3333@group-81C215923A5E->88416288-d81a-4caa-b0be-4bb91378dc06-AppendLogResponseHandler: Failed appendEntries: org.apache.ratis.thirdparty.io.grpc.StatusRuntimeException: UNAVAILABLE: io exception
2023-05-05 09:13:08,167 [grpc-default-executor-1] WARN  server.GrpcLogAppender (GrpcLogAppender.java:resetClient(131)) - f85e0dcc-39ca-49ef-85c9-6c51f48e3333@group-81C215923A5E->01ec52f5-41b6-49aa-a875-886c0181af90-GrpcLogAppender: Leader has not got in touch with Follower f85e0dcc-39ca-49ef-85c9-6c51f48e3333@group-81C215923A5E->01ec52f5-41b6-49aa-a875-886c0181af90(c0,m0,n1, attendVote=true, lastRpcSendTime=1, lastRpcResponseTime=2511) yet, just keep nextIndex unchanged and retry.
2023-05-05 09:13:08,167 [grpc-default-executor-1] WARN  server.GrpcLogAppender (LogUtils.java:warn(122)) - f85e0dcc-39ca-49ef-85c9-6c51f48e3333@group-81C215923A5E->88416288-d81a-4caa-b0be-4bb91378dc06-AppendLogResponseHandler: Failed appendEntries: org.apache.ratis.thirdparty.io.grpc.StatusRuntimeException: UNAVAILABLE: io exception
2023-05-05 09:13:08,167 [grpc-default-executor-4] WARN  server.GrpcLogAppender (GrpcLogAppender.java:resetClient(131)) - f85e0dcc-39ca-49ef-85c9-6c51f48e3333@group-81C215923A5E->88416288-d81a-4caa-b0be-4bb91378dc06-GrpcLogAppender: Leader has not got in touch with Follower f85e0dcc-39ca-49ef-85c9-6c51f48e3333@group-81C215923A5E->88416288-d81a-4caa-b0be-4bb91378dc06(c0,m0,n1, attendVote=true, lastRpcSendTime=7, lastRpcResponseTime=2508) yet, just keep nextIndex unchanged and retry.
2023-05-05 09:13:08,167 [grpc-default-executor-1] WARN  server.GrpcLogAppender (GrpcLogAppender.java:resetClient(131)) - f85e0dcc-39ca-49ef-85c9-6c51f48e3333@group-81C215923A5E->88416288-d81a-4caa-b0be-4bb91378dc06-GrpcLogAppender: Leader has not got in touch with Follower f85e0dcc-39ca-49ef-85c9-6c51f48e3333@group-81C215923A5E->88416288-d81a-4caa-b0be-4bb91378dc06(c0,m0,n1, attendVote=true, lastRpcSendTime=7, lastRpcResponseTime=2508) yet, just keep nextIndex unchanged and retry.
2023-05-05 09:13:08,169 [grpc-default-executor-1] WARN  server.GrpcLogAppender (LogUtils.java:warn(122)) - f85e0dcc-39ca-49ef-85c9-6c51f48e3333@group-81C215923A5E->01ec52f5-41b6-49aa-a875-886c0181af90-AppendLogResponseHandler: Failed appendEntries: org.apache.ratis.thirdparty.io.grpc.StatusRuntimeException: UNAVAILABLE: io exception
2023-05-05 09:13:08,169 [grpc-default-executor-1] WARN  server.GrpcLogAppender (GrpcLogAppender.java:resetClient(131)) - f85e0dcc-39ca-49ef-85c9-6c51f48e3333@group-81C215923A5E->01ec52f5-41b6-49aa-a875-886c0181af90-GrpcLogAppender: Leader has not got in touch with Follower f85e0dcc-39ca-49ef-85c9-6c51f48e3333@group-81C215923A5E->01ec52f5-41b6-49aa-a875-886c0181af90(c0,m0,n1, attendVote=true, lastRpcSendTime=4, lastRpcResponseTime=2513) yet, just keep nextIndex unchanged and retry.
2023-05-05 09:13:08,170 [Listener at 127.0.0.1/38811] INFO  handler.ContextHandler (ContextHandler.java:doStop(1159)) - Stopped o.e.j.w.WebAppContext@7d11aed1{hddsDatanode,/,null,STOPPED}{jar:file:/home/runner/.m2/repository/org/apache/ozone/hdds-container-service/1.4.0-SNAPSHOT/hdds-container-service-1.4.0-SNAPSHOT.jar!/webapps/hddsDatanode}
2023-05-05 09:13:08,178 [Listener at 127.0.0.1/38811] INFO  server.AbstractConnector (AbstractConnector.java:doStop(383)) - Stopped ServerConnector@18f4db10{HTTP/1.1, (http/1.1)}{0.0.0.0:0}
2023-05-05 09:13:08,178 [Listener at 127.0.0.1/38811] INFO  server.session (HouseKeeper.java:stopScavenging(149)) - node0 Stopped scavenging
2023-05-05 09:13:08,179 [Listener at 127.0.0.1/38811] INFO  handler.ContextHandler (ContextHandler.java:doStop(1159)) - Stopped o.e.j.s.ServletContextHandler@804c197{static,/static,jar:file:/home/runner/.m2/repository/org/apache/ozone/hdds-container-service/1.4.0-SNAPSHOT/hdds-container-service-1.4.0-SNAPSHOT.jar!/webapps/static,STOPPED}
2023-05-05 09:13:08,180 [Listener at 127.0.0.1/38811] INFO  handler.ContextHandler (ContextHandler.java:doStop(1159)) - Stopped o.e.j.s.ServletContextHandler@76870155{logs,/logs,file:///home/runner/work/ozone/ozone/hadoop-ozone/integration-test/target/log,STOPPED}
2023-05-05 09:13:08,188 [ForkJoinPool.commonPool-worker-1] INFO  handler.ContextHandler (ContextHandler.java:doStop(1159)) - Stopped o.e.j.w.WebAppContext@3068cdb0{hddsDatanode,/,null,STOPPED}{jar:file:/home/runner/.m2/repository/org/apache/ozone/hdds-container-service/1.4.0-SNAPSHOT/hdds-container-service-1.4.0-SNAPSHOT.jar!/webapps/hddsDatanode}
2023-05-05 09:13:08,189 [ForkJoinPool.commonPool-worker-1] INFO  server.AbstractConnector (AbstractConnector.java:doStop(383)) - Stopped ServerConnector@56aed49d{HTTP/1.1, (http/1.1)}{0.0.0.0:0}
2023-05-05 09:13:08,189 [ForkJoinPool.commonPool-worker-1] INFO  server.session (HouseKeeper.java:stopScavenging(149)) - node0 Stopped scavenging
2023-05-05 09:13:08,193 [ForkJoinPool.commonPool-worker-1] INFO  handler.ContextHandler (ContextHandler.java:doStop(1159)) - Stopped o.e.j.s.ServletContextHandler@62501064{static,/static,jar:file:/home/runner/.m2/repository/org/apache/ozone/hdds-container-service/1.4.0-SNAPSHOT/hdds-container-service-1.4.0-SNAPSHOT.jar!/webapps/static,STOPPED}
2023-05-05 09:13:08,194 [ForkJoinPool.commonPool-worker-1] INFO  handler.ContextHandler (ContextHandler.java:doStop(1159)) - Stopped o.e.j.s.ServletContextHandler@6801e01c{logs,/logs,file:///home/runner/work/ozone/ozone/hadoop-ozone/integration-test/target/log,STOPPED}
2023-05-05 09:13:08,195 [Listener at 127.0.0.1/38811] INFO  ozoneimpl.OzoneContainer (OzoneContainer.java:stop(419)) - Attempting to stop container services.
2023-05-05 09:13:08,197 [Listener at 127.0.0.1/38811] INFO  server.RaftServer (RaftServerProxy.java:lambda$close$6(409)) - f85e0dcc-39ca-49ef-85c9-6c51f48e3333: close
2023-05-05 09:13:08,198 [f85e0dcc-39ca-49ef-85c9-6c51f48e3333-impl-thread1] INFO  server.RaftServer$Division (RaftServerImpl.java:lambda$close$4(458)) - f85e0dcc-39ca-49ef-85c9-6c51f48e3333@group-21A31C6BC464: shutdown
2023-05-05 09:13:08,198 [f85e0dcc-39ca-49ef-85c9-6c51f48e3333-impl-thread1] INFO  util.JmxRegister (JmxRegister.java:unregister(73)) - Successfully un-registered JMX Bean with object name Ratis:service=RaftServer,group=group-21A31C6BC464,id=f85e0dcc-39ca-49ef-85c9-6c51f48e3333
2023-05-05 09:13:08,198 [f85e0dcc-39ca-49ef-85c9-6c51f48e3333-impl-thread1] INFO  impl.RoleInfo (RoleInfo.java:shutdownFollowerState(110)) - f85e0dcc-39ca-49ef-85c9-6c51f48e3333: shutdown f85e0dcc-39ca-49ef-85c9-6c51f48e3333@group-21A31C6BC464-FollowerState
2023-05-05 09:13:08,198 [f85e0dcc-39ca-49ef-85c9-6c51f48e3333-impl-thread2] INFO  server.RaftServer$Division (RaftServerImpl.java:lambda$close$4(458)) - f85e0dcc-39ca-49ef-85c9-6c51f48e3333@group-81C215923A5E: shutdown
2023-05-05 09:13:08,198 [f85e0dcc-39ca-49ef-85c9-6c51f48e3333-impl-thread2] INFO  util.JmxRegister (JmxRegister.java:unregister(73)) - Successfully un-registered JMX Bean with object name Ratis:service=RaftServer,group=group-81C215923A5E,id=f85e0dcc-39ca-49ef-85c9-6c51f48e3333
2023-05-05 09:13:08,198 [f85e0dcc-39ca-49ef-85c9-6c51f48e3333-impl-thread2] INFO  impl.RoleInfo (RoleInfo.java:shutdownLeaderState(93)) - f85e0dcc-39ca-49ef-85c9-6c51f48e3333: shutdown f85e0dcc-39ca-49ef-85c9-6c51f48e3333@group-81C215923A5E-LeaderStateImpl
2023-05-05 09:13:08,198 [Listener at 127.0.0.1/38811] INFO  server.GrpcService (GrpcService.java:closeImpl(271)) - f85e0dcc-39ca-49ef-85c9-6c51f48e3333: shutdown server GrpcServerProtocolService now
2023-05-05 09:13:08,199 [f85e0dcc-39ca-49ef-85c9-6c51f48e3333-impl-thread3] INFO  server.RaftServer$Division (RaftServerImpl.java:lambda$close$4(458)) - f85e0dcc-39ca-49ef-85c9-6c51f48e3333@group-AABDB4147B7A: shutdown
2023-05-05 09:13:08,199 [f85e0dcc-39ca-49ef-85c9-6c51f48e3333-impl-thread3] INFO  util.JmxRegister (JmxRegister.java:unregister(73)) - Successfully un-registered JMX Bean with object name Ratis:service=RaftServer,group=group-AABDB4147B7A,id=f85e0dcc-39ca-49ef-85c9-6c51f48e3333
2023-05-05 09:13:08,199 [f85e0dcc-39ca-49ef-85c9-6c51f48e3333-impl-thread3] INFO  impl.RoleInfo (RoleInfo.java:shutdownLeaderState(93)) - f85e0dcc-39ca-49ef-85c9-6c51f48e3333: shutdown f85e0dcc-39ca-49ef-85c9-6c51f48e3333@group-AABDB4147B7A-LeaderStateImpl
2023-05-05 09:13:08,199 [f85e0dcc-39ca-49ef-85c9-6c51f48e3333-impl-thread3] INFO  impl.PendingRequests (PendingRequests.java:sendNotLeaderResponses(282)) - f85e0dcc-39ca-49ef-85c9-6c51f48e3333@group-AABDB4147B7A-PendingRequests: sendNotLeaderResponses
2023-05-05 09:13:08,199 [f85e0dcc-39ca-49ef-85c9-6c51f48e3333@group-AABDB4147B7A-StateMachineUpdater] INFO  ratis.ContainerStateMachine (ContainerStateMachine.java:takeSnapshot(330)) - group-AABDB4147B7A: Taking a snapshot at:(t:1, i:0) file /home/runner/work/ozone/ozone/hadoop-ozone/integration-test/target/test-dir/MiniOzoneClusterImpl-44598e80-008f-49ac-96a9-a666e849b629/datanode-2/data/ratis/da8addc8-aaec-472a-955f-aabdb4147b7a/sm/snapshot.1_0
2023-05-05 09:13:08,200 [f85e0dcc-39ca-49ef-85c9-6c51f48e3333-impl-thread3] INFO  impl.StateMachineUpdater (StateMachineUpdater.java:stopAndJoin(153)) - f85e0dcc-39ca-49ef-85c9-6c51f48e3333@group-AABDB4147B7A-StateMachineUpdater: set stopIndex = 0
2023-05-05 09:13:08,201 [f85e0dcc-39ca-49ef-85c9-6c51f48e3333@group-AABDB4147B7A-StateMachineUpdater] INFO  ratis.ContainerStateMachine (ContainerStateMachine.java:takeSnapshot(341)) - group-AABDB4147B7A: Finished taking a snapshot at:(t:1, i:0) file:/home/runner/work/ozone/ozone/hadoop-ozone/integration-test/target/test-dir/MiniOzoneClusterImpl-44598e80-008f-49ac-96a9-a666e849b629/datanode-2/data/ratis/da8addc8-aaec-472a-955f-aabdb4147b7a/sm/snapshot.1_0 took: 1 ms
2023-05-05 09:13:08,201 [f85e0dcc-39ca-49ef-85c9-6c51f48e3333@group-AABDB4147B7A-StateMachineUpdater] INFO  impl.StateMachineUpdater (StateMachineUpdater.java:takeSnapshot(287)) - f85e0dcc-39ca-49ef-85c9-6c51f48e3333@group-AABDB4147B7A-StateMachineUpdater: Took a snapshot at index 0
2023-05-05 09:13:08,201 [f85e0dcc-39ca-49ef-85c9-6c51f48e3333@group-AABDB4147B7A-StateMachineUpdater] INFO  impl.StateMachineUpdater (StateMachineUpdater.java:lambda$new$0(92)) - f85e0dcc-39ca-49ef-85c9-6c51f48e3333@group-AABDB4147B7A-StateMachineUpdater: snapshotIndex: updateIncreasingly -1 -> 0
2023-05-05 09:13:08,201 [f85e0dcc-39ca-49ef-85c9-6c51f48e3333-impl-thread1] INFO  impl.StateMachineUpdater (StateMachineUpdater.java:stopAndJoin(153)) - f85e0dcc-39ca-49ef-85c9-6c51f48e3333@group-21A31C6BC464-StateMachineUpdater: set stopIndex = 0
2023-05-05 09:13:08,201 [f85e0dcc-39ca-49ef-85c9-6c51f48e3333@group-21A31C6BC464-FollowerState] INFO  impl.FollowerState (FollowerState.java:run(152)) - f85e0dcc-39ca-49ef-85c9-6c51f48e3333@group-21A31C6BC464-FollowerState was interrupted
2023-05-05 09:13:08,201 [f85e0dcc-39ca-49ef-85c9-6c51f48e3333-impl-thread2] INFO  impl.PendingRequests (PendingRequests.java:sendNotLeaderResponses(282)) - f85e0dcc-39ca-49ef-85c9-6c51f48e3333@group-81C215923A5E-PendingRequests: sendNotLeaderResponses
2023-05-05 09:13:08,201 [f85e0dcc-39ca-49ef-85c9-6c51f48e3333@group-21A31C6BC464-StateMachineUpdater] INFO  ratis.ContainerStateMachine (ContainerStateMachine.java:takeSnapshot(330)) - group-21A31C6BC464: Taking a snapshot at:(t:1, i:0) file /home/runner/work/ozone/ozone/hadoop-ozone/integration-test/target/test-dir/MiniOzoneClusterImpl-44598e80-008f-49ac-96a9-a666e849b629/datanode-2/data/ratis/3f564c3e-2811-4e69-ab48-21a31c6bc464/sm/snapshot.1_0
2023-05-05 09:13:08,202 [f85e0dcc-39ca-49ef-85c9-6c51f48e3333-impl-thread2] INFO  impl.StateMachineUpdater (StateMachineUpdater.java:stopAndJoin(153)) - f85e0dcc-39ca-49ef-85c9-6c51f48e3333@group-81C215923A5E-StateMachineUpdater: set stopIndex = 0
2023-05-05 09:13:08,203 [Listener at 127.0.0.1/38811] INFO  server.GrpcServerProtocolClient (GrpcServerProtocolClient.java:close(101)) - 01ec52f5-41b6-49aa-a875-886c0181af90 Close channels
2023-05-05 09:13:08,203 [f85e0dcc-39ca-49ef-85c9-6c51f48e3333@group-21A31C6BC464-StateMachineUpdater] INFO  ratis.ContainerStateMachine (ContainerStateMachine.java:takeSnapshot(341)) - group-21A31C6BC464: Finished taking a snapshot at:(t:1, i:0) file:/home/runner/work/ozone/ozone/hadoop-ozone/integration-test/target/test-dir/MiniOzoneClusterImpl-44598e80-008f-49ac-96a9-a666e849b629/datanode-2/data/ratis/3f564c3e-2811-4e69-ab48-21a31c6bc464/sm/snapshot.1_0 took: 1 ms
2023-05-05 09:13:08,204 [Listener at 127.0.0.1/38811] INFO  server.GrpcServerProtocolClient (GrpcServerProtocolClient.java:close(101)) - 88416288-d81a-4caa-b0be-4bb91378dc06 Close channels
2023-05-05 09:13:08,205 [f85e0dcc-39ca-49ef-85c9-6c51f48e3333@group-81C215923A5E-StateMachineUpdater] INFO  ratis.ContainerStateMachine (ContainerStateMachine.java:takeSnapshot(330)) - group-81C215923A5E: Taking a snapshot at:(t:1, i:0) file /home/runner/work/ozone/ozone/hadoop-ozone/integration-test/target/test-dir/MiniOzoneClusterImpl-44598e80-008f-49ac-96a9-a666e849b629/datanode-2/data/ratis/f947ebb2-47ad-4183-88d0-81c215923a5e/sm/snapshot.1_0
2023-05-05 09:13:08,205 [f85e0dcc-39ca-49ef-85c9-6c51f48e3333@group-81C215923A5E-StateMachineUpdater] INFO  ratis.ContainerStateMachine (ContainerStateMachine.java:takeSnapshot(341)) - group-81C215923A5E: Finished taking a snapshot at:(t:1, i:0) file:/home/runner/work/ozone/ozone/hadoop-ozone/integration-test/target/test-dir/MiniOzoneClusterImpl-44598e80-008f-49ac-96a9-a666e849b629/datanode-2/data/ratis/f947ebb2-47ad-4183-88d0-81c215923a5e/sm/snapshot.1_0 took: 1 ms
2023-05-05 09:13:08,205 [f85e0dcc-39ca-49ef-85c9-6c51f48e3333@group-21A31C6BC464-StateMachineUpdater] INFO  impl.StateMachineUpdater (StateMachineUpdater.java:takeSnapshot(287)) - f85e0dcc-39ca-49ef-85c9-6c51f48e3333@group-21A31C6BC464-StateMachineUpdater: Took a snapshot at index 0
2023-05-05 09:13:08,205 [f85e0dcc-39ca-49ef-85c9-6c51f48e3333@group-21A31C6BC464-StateMachineUpdater] INFO  impl.StateMachineUpdater (StateMachineUpdater.java:lambda$new$0(92)) - f85e0dcc-39ca-49ef-85c9-6c51f48e3333@group-21A31C6BC464-StateMachineUpdater: snapshotIndex: updateIncreasingly -1 -> 0
2023-05-05 09:13:08,206 [f85e0dcc-39ca-49ef-85c9-6c51f48e3333@group-81C215923A5E-StateMachineUpdater] INFO  impl.StateMachineUpdater (StateMachineUpdater.java:takeSnapshot(287)) - f85e0dcc-39ca-49ef-85c9-6c51f48e3333@group-81C215923A5E-StateMachineUpdater: Took a snapshot at index 0
2023-05-05 09:13:08,206 [f85e0dcc-39ca-49ef-85c9-6c51f48e3333@group-81C215923A5E-StateMachineUpdater] INFO  impl.StateMachineUpdater (StateMachineUpdater.java:lambda$new$0(92)) - f85e0dcc-39ca-49ef-85c9-6c51f48e3333@group-81C215923A5E-StateMachineUpdater: snapshotIndex: updateIncreasingly -1 -> 0
2023-05-05 09:13:08,206 [f85e0dcc-39ca-49ef-85c9-6c51f48e3333-impl-thread1] INFO  server.RaftServer$Division (ServerState.java:close(466)) - f85e0dcc-39ca-49ef-85c9-6c51f48e3333@group-21A31C6BC464: closes. applyIndex: 0
2023-05-05 09:13:08,206 [f85e0dcc-39ca-49ef-85c9-6c51f48e3333@group-21A31C6BC464-SegmentedRaftLogWorker] INFO  segmented.SegmentedRaftLogWorker (SegmentedRaftLogWorker.java:run(347)) - f85e0dcc-39ca-49ef-85c9-6c51f48e3333@group-21A31C6BC464-SegmentedRaftLogWorker was interrupted, exiting. There are 0 tasks remaining in the queue.
2023-05-05 09:13:08,209 [f85e0dcc-39ca-49ef-85c9-6c51f48e3333-impl-thread2] INFO  server.RaftServer$Division (ServerState.java:close(466)) - f85e0dcc-39ca-49ef-85c9-6c51f48e3333@group-81C215923A5E: closes. applyIndex: 0
2023-05-05 09:13:08,209 [f85e0dcc-39ca-49ef-85c9-6c51f48e3333@group-81C215923A5E-SegmentedRaftLogWorker] INFO  segmented.SegmentedRaftLogWorker (SegmentedRaftLogWorker.java:run(347)) - f85e0dcc-39ca-49ef-85c9-6c51f48e3333@group-81C215923A5E-SegmentedRaftLogWorker was interrupted, exiting. There are 0 tasks remaining in the queue.
2023-05-05 09:13:08,209 [f85e0dcc-39ca-49ef-85c9-6c51f48e3333-impl-thread1] INFO  segmented.SegmentedRaftLogWorker (SegmentedRaftLogWorker.java:close(257)) - f85e0dcc-39ca-49ef-85c9-6c51f48e3333@group-21A31C6BC464-SegmentedRaftLogWorker close()
2023-05-05 09:13:08,209 [f85e0dcc-39ca-49ef-85c9-6c51f48e3333-impl-thread2] INFO  segmented.SegmentedRaftLogWorker (SegmentedRaftLogWorker.java:close(257)) - f85e0dcc-39ca-49ef-85c9-6c51f48e3333@group-81C215923A5E-SegmentedRaftLogWorker close()
2023-05-05 09:13:08,208 [Listener at 127.0.0.1/38811] INFO  server.GrpcService (GrpcService.java:closeImpl(280)) - f85e0dcc-39ca-49ef-85c9-6c51f48e3333: shutdown server GrpcServerProtocolService successfully
2023-05-05 09:13:08,208 [f85e0dcc-39ca-49ef-85c9-6c51f48e3333-impl-thread3] INFO  server.RaftServer$Division (ServerState.java:close(466)) - f85e0dcc-39ca-49ef-85c9-6c51f48e3333@group-AABDB4147B7A: closes. applyIndex: 0
2023-05-05 09:13:08,210 [f85e0dcc-39ca-49ef-85c9-6c51f48e3333-NettyServerStreamRpc-bossGroup--thread1] INFO  logging.LoggingHandler (AbstractInternalLogger.java:log(148)) - [id: 0x398de849, L:/0:0:0:0:0:0:0:0:32803] CLOSE
2023-05-05 09:13:08,210 [f85e0dcc-39ca-49ef-85c9-6c51f48e3333@group-AABDB4147B7A-SegmentedRaftLogWorker] INFO  segmented.SegmentedRaftLogWorker (SegmentedRaftLogWorker.java:run(347)) - f85e0dcc-39ca-49ef-85c9-6c51f48e3333@group-AABDB4147B7A-SegmentedRaftLogWorker was interrupted, exiting. There are 0 tasks remaining in the queue.
2023-05-05 09:13:08,210 [f85e0dcc-39ca-49ef-85c9-6c51f48e3333-NettyServerStreamRpc-bossGroup--thread1] INFO  logging.LoggingHandler (AbstractInternalLogger.java:log(148)) - [id: 0x398de849, L:/0:0:0:0:0:0:0:0:32803] INACTIVE
2023-05-05 09:13:08,210 [f85e0dcc-39ca-49ef-85c9-6c51f48e3333-NettyServerStreamRpc-bossGroup--thread1] INFO  logging.LoggingHandler (AbstractInternalLogger.java:log(148)) - [id: 0x398de849, L:/0:0:0:0:0:0:0:0:32803] UNREGISTERED
2023-05-05 09:13:08,212 [f85e0dcc-39ca-49ef-85c9-6c51f48e3333-impl-thread3] INFO  segmented.SegmentedRaftLogWorker (SegmentedRaftLogWorker.java:close(257)) - f85e0dcc-39ca-49ef-85c9-6c51f48e3333@group-AABDB4147B7A-SegmentedRaftLogWorker close()
2023-05-05 09:13:08,218 [JvmPauseMonitor23] INFO  util.JvmPauseMonitor (JvmPauseMonitor.java:run(111)) - JvmPauseMonitor-f85e0dcc-39ca-49ef-85c9-6c51f48e3333: Stopped
2023-05-05 09:13:10,222 [Listener at 127.0.0.1/38811] INFO  volume.HddsVolume (HddsVolume.java:closeDbStore(437)) - SchemaV3 db is stopped at /home/runner/work/ozone/ozone/hadoop-ozone/integration-test/target/test-dir/MiniOzoneClusterImpl-44598e80-008f-49ac-96a9-a666e849b629/datanode-2/data-0/containers/hdds/44598e80-008f-49ac-96a9-a666e849b629/DS-0edf968d-d31f-445c-9f75-a6dffd521768/container.db for volume DS-0edf968d-d31f-445c-9f75-a6dffd521768
2023-05-05 09:13:10,222 [Listener at 127.0.0.1/38811] INFO  utils.BackgroundService (BackgroundService.java:shutdown(141)) - Shutting down service BlockDeletingService
2023-05-05 09:13:10,223 [Listener at 127.0.0.1/38811] INFO  utils.BackgroundService (BackgroundService.java:shutdown(141)) - Shutting down service StaleRecoveringContainerScrubbingService
2023-05-05 09:13:10,224 [Listener at 127.0.0.1/38811] INFO  statemachine.DatanodeStateMachine (DatanodeStateMachine.java:stopDaemon(608)) - Ozone container server stopped.
2023-05-05 09:13:10,233 [Listener at 127.0.0.1/38811] INFO  handler.ContextHandler (ContextHandler.java:doStop(1159)) - Stopped o.e.j.w.WebAppContext@633181d3{hddsDatanode,/,null,STOPPED}{jar:file:/home/runner/.m2/repository/org/apache/ozone/hdds-container-service/1.4.0-SNAPSHOT/hdds-container-service-1.4.0-SNAPSHOT.jar!/webapps/hddsDatanode}
2023-05-05 09:13:10,234 [Listener at 127.0.0.1/38811] INFO  server.AbstractConnector (AbstractConnector.java:doStop(383)) - Stopped ServerConnector@b06aeac{HTTP/1.1, (http/1.1)}{0.0.0.0:0}
2023-05-05 09:13:10,234 [Listener at 127.0.0.1/38811] INFO  server.session (HouseKeeper.java:stopScavenging(149)) - node0 Stopped scavenging
2023-05-05 09:13:10,234 [Listener at 127.0.0.1/38811] INFO  handler.ContextHandler (ContextHandler.java:doStop(1159)) - Stopped o.e.j.s.ServletContextHandler@5ed6be64{static,/static,jar:file:/home/runner/.m2/repository/org/apache/ozone/hdds-container-service/1.4.0-SNAPSHOT/hdds-container-service-1.4.0-SNAPSHOT.jar!/webapps/static,STOPPED}
2023-05-05 09:13:10,234 [Listener at 127.0.0.1/38811] INFO  handler.ContextHandler (ContextHandler.java:doStop(1159)) - Stopped o.e.j.s.ServletContextHandler@223c4cbc{logs,/logs,file:///home/runner/work/ozone/ozone/hadoop-ozone/integration-test/target/log,STOPPED}
2023-05-05 09:13:10,236 [Listener at 127.0.0.1/38811] INFO  ozone.MiniOzoneClusterImpl (MiniOzoneClusterImpl.java:stopSCM(552)) - Stopping the StorageContainerManager
2023-05-05 09:13:10,236 [Listener at 127.0.0.1/38811] INFO  server.StorageContainerManager (StorageContainerManager.java:stop(1578)) - Container Balancer is not running.
2023-05-05 09:13:10,236 [Listener at 127.0.0.1/38811] INFO  server.StorageContainerManager (StorageContainerManager.java:stopReplicationManager(1709)) - Stopping Replication Manager Service.
2023-05-05 09:13:10,236 [Listener at 127.0.0.1/38811] INFO  replication.ReplicationManager (ReplicationManager.java:stop(326)) - Stopping Replication Monitor Thread.
2023-05-05 09:13:10,236 [Listener at 127.0.0.1/38811] INFO  server.StorageContainerManager (StorageContainerManager.java:stop(1587)) - Stopping the Datanode Admin Monitor.
2023-05-05 09:13:10,236 [Over Replicated Processor] WARN  replication.UnhealthyReplicationProcessor (UnhealthyReplicationProcessor.java:run(167)) - Over Replicated Processor interrupted. Exiting...
2023-05-05 09:13:10,236 [Listener at 127.0.0.1/38811] INFO  server.StorageContainerManager (StorageContainerManager.java:stop(1594)) - Stopping datanode service RPC server
2023-05-05 09:13:10,236 [Listener at 127.0.0.1/38811] INFO  server.SCMDatanodeProtocolServer (SCMDatanodeProtocolServer.java:stop(424)) - Stopping the RPC server for DataNodes
2023-05-05 09:13:10,236 [ReplicationMonitor] INFO  replication.ReplicationManager (ReplicationManager.java:run(937)) - Replication Monitor Thread is stopped
2023-05-05 09:13:10,236 [Under Replicated Processor] WARN  replication.UnhealthyReplicationProcessor (UnhealthyReplicationProcessor.java:run(167)) - Under Replicated Processor interrupted. Exiting...
2023-05-05 09:13:10,236 [Listener at 127.0.0.1/38811] INFO  ipc.Server (Server.java:stop(3501)) - Stopping server on 43231
2023-05-05 09:13:10,237 [IPC Server listener on 0] INFO  ipc.Server (Server.java:run(1430)) - Stopping IPC Server listener on 0
2023-05-05 09:13:10,241 [IPC Server Responder] INFO  ipc.Server (Server.java:run(1563)) - Stopping IPC Server Responder
2023-05-05 09:13:10,337 [SCM Heartbeat Processing Thread - 0] WARN  node.NodeStateManager (NodeStateManager.java:scheduleNextHealthCheck(870)) - Current Thread is interrupted, shutting down HB processing thread for Node Manager.
2023-05-05 09:13:10,337 [Listener at 127.0.0.1/38811] INFO  server.StorageContainerManager (StorageContainerManager.java:stop(1602)) - Stopping block service RPC server
2023-05-05 09:13:10,337 [Listener at 127.0.0.1/38811] INFO  server.SCMBlockProtocolServer (SCMBlockProtocolServer.java:stop(161)) - Stopping the RPC server for Block Protocol
2023-05-05 09:13:10,337 [Listener at 127.0.0.1/38811] INFO  ipc.Server (Server.java:stop(3501)) - Stopping server on 44127
2023-05-05 09:13:10,339 [IPC Server Responder] INFO  ipc.Server (Server.java:run(1563)) - Stopping IPC Server Responder
2023-05-05 09:13:10,339 [IPC Server listener on 0] INFO  ipc.Server (Server.java:run(1430)) - Stopping IPC Server listener on 0
2023-05-05 09:13:10,340 [Listener at 127.0.0.1/38811] INFO  server.StorageContainerManager (StorageContainerManager.java:stop(1609)) - Stopping the StorageContainerLocationProtocol RPC server
2023-05-05 09:13:10,340 [Listener at 127.0.0.1/38811] INFO  server.SCMClientProtocolServer (SCMClientProtocolServer.java:stop(208)) - Stopping the RPC server for Client Protocol
2023-05-05 09:13:10,340 [Listener at 127.0.0.1/38811] INFO  ipc.Server (Server.java:stop(3501)) - Stopping server on 45073
2023-05-05 09:13:10,342 [IPC Server Responder] INFO  ipc.Server (Server.java:run(1563)) - Stopping IPC Server Responder
2023-05-05 09:13:10,342 [Listener at 127.0.0.1/38811] INFO  server.StorageContainerManager (StorageContainerManager.java:stop(1616)) - Stopping Storage Container Manager HTTP server.
2023-05-05 09:13:10,342 [IPC Server listener on 0] INFO  ipc.Server (Server.java:run(1430)) - Stopping IPC Server listener on 0
2023-05-05 09:13:10,343 [Listener at 127.0.0.1/38811] INFO  handler.ContextHandler (ContextHandler.java:doStop(1159)) - Stopped o.e.j.w.WebAppContext@8c4339b{scm,/,null,STOPPED}{file:/home/runner/work/ozone/ozone/hadoop-ozone/integration-test/target/test-classes/webapps/scm}
2023-05-05 09:13:10,344 [Listener at 127.0.0.1/38811] INFO  server.AbstractConnector (AbstractConnector.java:doStop(383)) - Stopped ServerConnector@2b4a047a{HTTP/1.1, (http/1.1)}{0.0.0.0:0}
2023-05-05 09:13:10,344 [Listener at 127.0.0.1/38811] INFO  server.session (HouseKeeper.java:stopScavenging(149)) - node0 Stopped scavenging
2023-05-05 09:13:10,344 [Listener at 127.0.0.1/38811] INFO  handler.ContextHandler (ContextHandler.java:doStop(1159)) - Stopped o.e.j.s.ServletContextHandler@3f94a40e{static,/static,file:///home/runner/work/ozone/ozone/hadoop-ozone/integration-test/target/test-classes/webapps/static,STOPPED}
2023-05-05 09:13:10,344 [Listener at 127.0.0.1/38811] INFO  handler.ContextHandler (ContextHandler.java:doStop(1159)) - Stopped o.e.j.s.ServletContextHandler@5d747080{logs,/logs,file:///home/runner/work/ozone/ozone/hadoop-ozone/integration-test/target/log,STOPPED}
2023-05-05 09:13:10,345 [Listener at 127.0.0.1/38811] INFO  server.StorageContainerManager (StorageContainerManager.java:stop(1624)) - Stopping SCM LayoutVersionManager Service.
2023-05-05 09:13:10,345 [Listener at 127.0.0.1/38811] INFO  server.StorageContainerManager (StorageContainerManager.java:stop(1632)) - Stopping Block Manager Service.
2023-05-05 09:13:10,345 [Listener at 127.0.0.1/38811] INFO  utils.BackgroundService (BackgroundService.java:shutdown(141)) - Shutting down service SCMBlockDeletingService
2023-05-05 09:13:10,347 [Listener at 127.0.0.1/38811] INFO  utils.BackgroundService (BackgroundService.java:shutdown(141)) - Shutting down service SCMBlockDeletingService
2023-05-05 09:13:10,347 [Listener at 127.0.0.1/38811] INFO  server.StorageContainerManager (StorageContainerManager.java:stop(1654)) - Stopping SCM Event Queue.
2023-05-05 09:13:10,349 [Listener at 127.0.0.1/38811] INFO  server.StorageContainerManager (StorageContainerManager.java:stop(1665)) - Stopping SCM HA services.
2023-05-05 09:13:10,349 [Listener at 127.0.0.1/38811] INFO  pipeline.BackgroundPipelineCreator (BackgroundPipelineCreator.java:stop(149)) - Stopping RatisPipelineUtilsThread.
2023-05-05 09:13:10,349 [RatisPipelineUtilsThread - 0] WARN  pipeline.BackgroundPipelineCreator (BackgroundPipelineCreator.java:run(180)) - RatisPipelineUtilsThread is interrupted.
2023-05-05 09:13:10,349 [Listener at 127.0.0.1/38811] INFO  BackgroundPipelineScrubber (BackgroundSCMService.java:stop(131)) - Stopping BackgroundPipelineScrubber Service.
2023-05-05 09:13:10,349 [BackgroundPipelineScrubberThread] WARN  BackgroundPipelineScrubber (BackgroundSCMService.java:run(115)) - BackgroundPipelineScrubber is interrupted, exit
2023-05-05 09:13:10,349 [Listener at 127.0.0.1/38811] INFO  impl.MetricsSystemImpl (MetricsSystemImpl.java:stop(210)) - Stopping HddsDatanode metrics system...
2023-05-05 09:13:10,351 [prometheus] INFO  impl.MetricsSinkAdapter (MetricsSinkAdapter.java:publishMetricsFromQueue(141)) - prometheus thread interrupted.
2023-05-05 09:13:10,352 [Listener at 127.0.0.1/38811] INFO  impl.MetricsSystemImpl (MetricsSystemImpl.java:stop(216)) - HddsDatanode metrics system stopped.
2023-05-05 09:13:10,352 [Listener at 127.0.0.1/38811] WARN  pipeline.BackgroundPipelineCreator (BackgroundPipelineCreator.java:stop(145)) - RatisPipelineUtilsThread is not running, just ignore.
2023-05-05 09:13:10,352 [Listener at 127.0.0.1/38811] INFO  BackgroundPipelineScrubber (BackgroundSCMService.java:stop(126)) - BackgroundPipelineScrubber Service is not running, skip stop.
2023-05-05 09:13:10,352 [Listener at 127.0.0.1/38811] INFO  ExpiredContainerReplicaOpScrubber (BackgroundSCMService.java:stop(131)) - Stopping ExpiredContainerReplicaOpScrubber Service.
2023-05-05 09:13:10,352 [ExpiredContainerReplicaOpScrubberThread] WARN  ExpiredContainerReplicaOpScrubber (BackgroundSCMService.java:run(115)) - ExpiredContainerReplicaOpScrubber is interrupted, exit
2023-05-05 09:13:10,352 [Listener at 127.0.0.1/38811] INFO  utils.BackgroundService (BackgroundService.java:shutdown(141)) - Shutting down service SCMBlockDeletingService
2023-05-05 09:13:10,352 [Listener at 127.0.0.1/38811] INFO  replication.ReplicationManager (ReplicationManager.java:stop(336)) - Replication Monitor Thread is not running.
2023-05-05 09:13:10,352 [Listener at 127.0.0.1/38811] WARN  balancer.ContainerBalancer (ContainerBalancer.java:stop(324)) - Cannot stop Container Balancer because it's not running or stopping
2023-05-05 09:13:10,352 [Listener at 127.0.0.1/38811] INFO  server.StorageContainerManager (StorageContainerManager.java:stop(1700)) - Stopping SCM MetadataStore.
]]></system-out>
  </testcase>
  <testcase name="testSCMInitializationFailure" classname="org.apache.hadoop.ozone.TestStorageContainerManager" time="0.05">
    <system-out><![CDATA[2023-05-05 09:13:10,415 [Time-limited test] WARN  server.ServerUtils (ServerUtils.java:getScmDbDir(148)) - ozone.scm.db.dirs is not configured. We recommend adding this setting. Falling back to ozone.metadata.dirs instead.
2023-05-05 09:13:10,415 [Time-limited test] INFO  ha.SCMHANodeDetails (SCMHANodeDetails.java:loadSCMHAConfig(209)) - ServiceID for StorageContainerManager is null
2023-05-05 09:13:10,415 [Time-limited test] INFO  ha.SCMHANodeDetails (SCMHANodeDetails.java:loadSCMHAConfig(214)) - ozone.scm.default.service.id is not defined, falling back to ozone.scm.service.ids to find serviceID for StorageContainerManager if it is HA enabled cluster
2023-05-05 09:13:10,416 [Time-limited test] ERROR server.StorageContainerManager (StorageContainerManager.java:<init>(362)) - Please make sure you have run 'ozone scm --init' command to generate all the required metadata to /home/runner/work/ozone/ozone/hadoop-ozone/integration-test/target/test-dir/f853d7a2-81eb-439c-af87-0fa24a5078ef/scm-meta/scm or make sure you have run 'ozone scm --bootstrap' cmd to add the SCM to existing SCM HA group.
]]></system-out>
  </testcase>
  <testcase name="testSCMInitialization" classname="org.apache.hadoop.ozone.TestStorageContainerManager" time="6.139">
    <system-out><![CDATA[2023-05-05 09:13:10,435 [Time-limited test] WARN  server.ServerUtils (ServerUtils.java:getScmDbDir(148)) - ozone.scm.db.dirs is not configured. We recommend adding this setting. Falling back to ozone.metadata.dirs instead.
2023-05-05 09:13:10,435 [Time-limited test] INFO  ha.SCMHANodeDetails (SCMHANodeDetails.java:loadSCMHAConfig(209)) - ServiceID for StorageContainerManager is null
2023-05-05 09:13:10,435 [Time-limited test] INFO  ha.SCMHANodeDetails (SCMHANodeDetails.java:loadSCMHAConfig(214)) - ozone.scm.default.service.id is not defined, falling back to ozone.scm.service.ids to find serviceID for StorageContainerManager if it is HA enabled cluster
2023-05-05 09:13:10,453 [Time-limited test] INFO  server.RaftServer (ConfUtils.java:logGet(46)) - raft.rpc.type = GRPC (default)
2023-05-05 09:13:10,453 [Time-limited test] INFO  grpc.GrpcConfigKeys (ConfUtils.java:logFallback(53)) - raft.grpc.admin.host = null (fallback to raft.grpc.server.host)
2023-05-05 09:13:10,453 [Time-limited test] INFO  grpc.GrpcConfigKeys (ConfUtils.java:logFallback(53)) - raft.grpc.admin.port = 9894 (fallback to raft.grpc.server.port)
2023-05-05 09:13:10,453 [Time-limited test] INFO  grpc.GrpcConfigKeys (ConfUtils.java:logFallback(53)) - raft.grpc.client.host = null (fallback to raft.grpc.server.host)
2023-05-05 09:13:10,453 [Time-limited test] INFO  grpc.GrpcConfigKeys (ConfUtils.java:logFallback(53)) - raft.grpc.client.port = 9894 (fallback to raft.grpc.server.port)
2023-05-05 09:13:10,453 [Time-limited test] INFO  grpc.GrpcConfigKeys (ConfUtils.java:logGet(46)) - raft.grpc.server.host = null (default)
2023-05-05 09:13:10,454 [Time-limited test] INFO  grpc.GrpcConfigKeys (ConfUtils.java:logGet(46)) - raft.grpc.server.port = 9894 (custom)
2023-05-05 09:13:10,454 [Time-limited test] INFO  server.GrpcService (ConfUtils.java:logGet(46)) - raft.grpc.message.size.max = 32m (=33554432) (custom)
2023-05-05 09:13:10,454 [Time-limited test] INFO  server.RaftServerConfigKeys (ConfUtils.java:logGet(46)) - raft.server.log.appender.buffer.byte-limit = 33554432 (custom)
2023-05-05 09:13:10,454 [Time-limited test] INFO  server.GrpcService (ConfUtils.java:logGet(46)) - raft.grpc.flow.control.window = 1MB (=1048576) (default)
2023-05-05 09:13:10,454 [Time-limited test] INFO  server.RaftServerConfigKeys (ConfUtils.java:logGet(46)) - raft.server.rpc.request.timeout = 30000ms (custom)
2023-05-05 09:13:10,454 [Time-limited test] INFO  grpc.GrpcConfigKeys (ConfUtils.java:logGet(46)) - raft.grpc.server.heartbeat.channel = true (default)
2023-05-05 09:13:10,454 [Time-limited test] INFO  grpc.GrpcConfigKeys (ConfUtils.java:logGet(46)) - raft.grpc.server.async.request.thread.pool.cached = true (default)
2023-05-05 09:13:10,454 [Time-limited test] INFO  grpc.GrpcConfigKeys (ConfUtils.java:logGet(46)) - raft.grpc.server.async.request.thread.pool.size = 32 (default)
2023-05-05 09:13:10,456 [Time-limited test] INFO  impl.DataStreamServerImpl (ConfUtils.java:logGet(46)) - raft.datastream.type = DISABLED (default)
2023-05-05 09:13:10,456 [Time-limited test] INFO  server.RaftServerConfigKeys (ConfUtils.java:logGet(46)) - raft.server.threadpool.proxy.cached = true (default)
2023-05-05 09:13:10,456 [Time-limited test] INFO  server.RaftServerConfigKeys (ConfUtils.java:logGet(46)) - raft.server.threadpool.proxy.size = 0 (default)
2023-05-05 09:13:10,456 [Time-limited test] INFO  server.RaftServerConfigKeys (ConfUtils.java:logGet(46)) - raft.server.rpc.slowness.timeout = 120000ms (custom)
2023-05-05 09:13:10,456 [Time-limited test] INFO  server.RaftServerConfigKeys (ConfUtils.java:logGet(46)) - raft.server.leaderelection.leader.step-down.wait-time = 10s (default)
2023-05-05 09:13:10,456 [Time-limited test] INFO  server.RaftServerConfigKeys (ConfUtils.java:logGet(46)) - raft.server.storage.dir = [/home/runner/work/ozone/ozone/hadoop-ozone/integration-test/target/test-dir/56eedcb4-a7fc-437c-b7d5-13a54e1808eb/scm-meta/scm-ha] (custom)
2023-05-05 09:13:10,467 [Time-limited test] INFO  server.RaftServer (RaftServerProxy.java:addNew(96)) - 35aa555b-c26c-42d1-8608-8e33eb52c250: addNew group-9420CF10D319:[35aa555b-c26c-42d1-8608-8e33eb52c250|rpc:fv-az152-207:9894|priority:0|startupRole:FOLLOWER] returns group-9420CF10D319:java.util.concurrent.CompletableFuture@320aa78a[Not completed]
2023-05-05 09:13:10,472 [pool-1009-thread-1] INFO  server.RaftServer$Division (RaftServerImpl.java:<init>(195)) - 35aa555b-c26c-42d1-8608-8e33eb52c250: new RaftServerImpl for group-9420CF10D319:[35aa555b-c26c-42d1-8608-8e33eb52c250|rpc:fv-az152-207:9894|priority:0|startupRole:FOLLOWER] with SCMStateMachine:uninitialized
2023-05-05 09:13:10,472 [pool-1009-thread-1] INFO  server.RaftServerConfigKeys (ConfUtils.java:logGet(46)) - raft.server.rpc.timeout.min = 5000ms (custom)
2023-05-05 09:13:10,472 [pool-1009-thread-1] INFO  server.RaftServerConfigKeys (ConfUtils.java:logGet(46)) - raft.server.rpc.timeout.max = 5200ms (custom)
2023-05-05 09:13:10,472 [pool-1009-thread-1] INFO  server.RaftServerConfigKeys (ConfUtils.java:logGet(46)) - raft.server.rpc.sleep.time = 25ms (default)
2023-05-05 09:13:10,472 [pool-1009-thread-1] INFO  server.RaftServerConfigKeys (ConfUtils.java:logGet(46)) - raft.server.rpc.slowness.timeout = 120000ms (custom)
2023-05-05 09:13:10,472 [pool-1009-thread-1] INFO  server.RaftServerConfigKeys (ConfUtils.java:logGet(46)) - raft.server.leaderelection.leader.step-down.wait-time = 10s (default)
2023-05-05 09:13:10,472 [pool-1009-thread-1] INFO  server.RaftServerConfigKeys (ConfUtils.java:logGet(46)) - raft.server.sleep.deviation.threshold = 300ms (default)
2023-05-05 09:13:10,484 [pool-1009-thread-1] INFO  server.RaftServer$Division (ServerState.java:<init>(118)) - 35aa555b-c26c-42d1-8608-8e33eb52c250@group-9420CF10D319: ConfigurationManager, init=-1: peers:[35aa555b-c26c-42d1-8608-8e33eb52c250|rpc:fv-az152-207:9894|priority:0|startupRole:FOLLOWER]|listeners:[], old=null, confs=<EMPTY_MAP>
2023-05-05 09:13:10,484 [pool-1009-thread-1] INFO  server.RaftServerConfigKeys (ConfUtils.java:logGet(46)) - raft.server.storage.dir = [/home/runner/work/ozone/ozone/hadoop-ozone/integration-test/target/test-dir/56eedcb4-a7fc-437c-b7d5-13a54e1808eb/scm-meta/scm-ha] (custom)
2023-05-05 09:13:10,484 [pool-1009-thread-1] INFO  server.RaftServerConfigKeys (ConfUtils.java:logGet(46)) - raft.server.log.corruption.policy = EXCEPTION (default)
2023-05-05 09:13:10,485 [pool-1009-thread-1] INFO  server.RaftServerConfigKeys (ConfUtils.java:logGet(46)) - raft.server.storage.free-space.min = 0MB (=0) (default)
2023-05-05 09:13:10,485 [pool-1009-thread-1] INFO  server.RaftServerConfigKeys (ConfUtils.java:logGet(46)) - raft.server.notification.no-leader.timeout = 60s (default)
2023-05-05 09:13:10,485 [pool-1009-thread-1] INFO  server.RaftServerConfigKeys (ConfUtils.java:logGet(46)) - raft.server.retrycache.expirytime = 60000ms (default)
2023-05-05 09:13:10,485 [pool-1009-thread-1] INFO  server.RaftServerConfigKeys (ConfUtils.java:logGet(46)) - raft.server.retrycache.statistics.expirytime = 100μs (default)
2023-05-05 09:13:10,485 [pool-1009-thread-1] INFO  server.RaftServerConfigKeys (ConfUtils.java:logGet(46)) - raft.server.log.appender.install.snapshot.enabled = false (custom)
2023-05-05 09:13:10,485 [pool-1009-thread-1] INFO  server.RaftServerConfigKeys (ConfUtils.java:logGet(46)) - raft.server.threadpool.server.cached = true (default)
2023-05-05 09:13:10,485 [pool-1009-thread-1] INFO  server.RaftServerConfigKeys (ConfUtils.java:logGet(46)) - raft.server.threadpool.server.size = 0 (default)
2023-05-05 09:13:10,485 [pool-1009-thread-1] INFO  server.RaftServerConfigKeys (ConfUtils.java:logGet(46)) - raft.server.threadpool.client.cached = true (default)
2023-05-05 09:13:10,485 [pool-1009-thread-1] INFO  server.RaftServerConfigKeys (ConfUtils.java:logGet(46)) - raft.server.threadpool.client.size = 0 (default)
2023-05-05 09:13:10,485 [35aa555b-c26c-42d1-8608-8e33eb52c250-impl-thread1] INFO  storage.RaftStorageDirectory (RaftStorageDirectoryImpl.java:analyzeStorage(137)) - The storage directory /home/runner/work/ozone/ozone/hadoop-ozone/integration-test/target/test-dir/56eedcb4-a7fc-437c-b7d5-13a54e1808eb/scm-meta/scm-ha/feb118ae-b6fd-4455-9aea-9420cf10d319 does not exist. Creating ...
2023-05-05 09:13:10,487 [35aa555b-c26c-42d1-8608-8e33eb52c250-impl-thread1] INFO  storage.RaftStorageDirectory (RaftStorageDirectoryImpl.java:tryLock(231)) - Lock on /home/runner/work/ozone/ozone/hadoop-ozone/integration-test/target/test-dir/56eedcb4-a7fc-437c-b7d5-13a54e1808eb/scm-meta/scm-ha/feb118ae-b6fd-4455-9aea-9420cf10d319/in_use.lock acquired by nodename 7812@fv-az152-207
2023-05-05 09:13:10,488 [35aa555b-c26c-42d1-8608-8e33eb52c250-impl-thread1] INFO  storage.RaftStorage (RaftStorageImpl.java:format(96)) - Storage directory /home/runner/work/ozone/ozone/hadoop-ozone/integration-test/target/test-dir/56eedcb4-a7fc-437c-b7d5-13a54e1808eb/scm-meta/scm-ha/feb118ae-b6fd-4455-9aea-9420cf10d319 has been successfully formatted.
2023-05-05 09:13:10,489 [35aa555b-c26c-42d1-8608-8e33eb52c250-impl-thread1] INFO  server.RaftServerConfigKeys (ConfUtils.java:logGet(46)) - raft.server.log.use.memory = false (default)
2023-05-05 09:13:10,489 [35aa555b-c26c-42d1-8608-8e33eb52c250-impl-thread1] INFO  server.RaftServerConfigKeys (ConfUtils.java:logGet(46)) - raft.server.log.purge.gap = 1000000 (custom)
2023-05-05 09:13:10,489 [35aa555b-c26c-42d1-8608-8e33eb52c250-impl-thread1] INFO  server.RaftServerConfigKeys (ConfUtils.java:logGet(46)) - raft.server.log.appender.buffer.byte-limit = 33554432 (custom)
2023-05-05 09:13:10,489 [35aa555b-c26c-42d1-8608-8e33eb52c250-impl-thread1] INFO  server.RaftServerConfigKeys (ConfUtils.java:logGet(46)) - raft.server.log.statemachine.data.read.timeout = 1000ms (default)
2023-05-05 09:13:10,489 [35aa555b-c26c-42d1-8608-8e33eb52c250-impl-thread1] INFO  server.RaftServerConfigKeys (ConfUtils.java:logGet(46)) - raft.server.log.purge.preservation.log.num = 0 (default)
2023-05-05 09:13:10,489 [35aa555b-c26c-42d1-8608-8e33eb52c250-impl-thread1] INFO  server.RaftServerConfigKeys (ConfUtils.java:logGet(46)) - raft.server.log.segment.size.max = 4194304 (custom)
2023-05-05 09:13:10,489 [35aa555b-c26c-42d1-8608-8e33eb52c250-impl-thread1] INFO  server.RaftServerConfigKeys (ConfUtils.java:logGet(46)) - raft.server.log.segment.cache.num.max = 2 (custom)
2023-05-05 09:13:10,489 [35aa555b-c26c-42d1-8608-8e33eb52c250-impl-thread1] INFO  server.RaftServerConfigKeys (ConfUtils.java:logGet(46)) - raft.server.log.segment.cache.size.max = 200MB (=209715200) (default)
2023-05-05 09:13:10,489 [35aa555b-c26c-42d1-8608-8e33eb52c250-impl-thread1] INFO  segmented.SegmentedRaftLogWorker (SegmentedRaftLogWorker.java:<init>(189)) - new 35aa555b-c26c-42d1-8608-8e33eb52c250@group-9420CF10D319-SegmentedRaftLogWorker for RaftStorageImpl:Storage Directory /home/runner/work/ozone/ozone/hadoop-ozone/integration-test/target/test-dir/56eedcb4-a7fc-437c-b7d5-13a54e1808eb/scm-meta/scm-ha/feb118ae-b6fd-4455-9aea-9420cf10d319
2023-05-05 09:13:10,489 [35aa555b-c26c-42d1-8608-8e33eb52c250-impl-thread1] INFO  server.RaftServerConfigKeys (ConfUtils.java:logGet(46)) - raft.server.log.queue.byte-limit = 64MB (=67108864) (default)
2023-05-05 09:13:10,489 [35aa555b-c26c-42d1-8608-8e33eb52c250-impl-thread1] INFO  server.RaftServerConfigKeys (ConfUtils.java:logGet(46)) - raft.server.log.queue.element-limit = 4096 (default)
2023-05-05 09:13:10,489 [35aa555b-c26c-42d1-8608-8e33eb52c250-impl-thread1] INFO  server.RaftServerConfigKeys (ConfUtils.java:logGet(46)) - raft.server.log.segment.size.max = 4194304 (custom)
2023-05-05 09:13:10,489 [35aa555b-c26c-42d1-8608-8e33eb52c250-impl-thread1] INFO  server.RaftServerConfigKeys (ConfUtils.java:logGet(46)) - raft.server.log.preallocated.size = 4194304 (custom)
2023-05-05 09:13:10,489 [35aa555b-c26c-42d1-8608-8e33eb52c250-impl-thread1] INFO  server.RaftServerConfigKeys (ConfUtils.java:logGet(46)) - raft.server.log.force.sync.num = 128 (default)
2023-05-05 09:13:10,489 [35aa555b-c26c-42d1-8608-8e33eb52c250-impl-thread1] INFO  server.RaftServerConfigKeys (ConfUtils.java:logGet(46)) - raft.server.log.statemachine.data.sync = true (default)
2023-05-05 09:13:10,489 [35aa555b-c26c-42d1-8608-8e33eb52c250-impl-thread1] INFO  server.RaftServerConfigKeys (ConfUtils.java:logGet(46)) - raft.server.log.statemachine.data.sync.timeout = 10s (default)
2023-05-05 09:13:10,489 [35aa555b-c26c-42d1-8608-8e33eb52c250-impl-thread1] INFO  server.RaftServerConfigKeys (ConfUtils.java:logGet(46)) - raft.server.log.statemachine.data.sync.timeout.retry = -1 (default)
2023-05-05 09:13:10,490 [35aa555b-c26c-42d1-8608-8e33eb52c250-impl-thread1] INFO  server.RaftServerConfigKeys (ConfUtils.java:logGet(46)) - raft.server.log.write.buffer.size = 64KB (=65536) (default)
2023-05-05 09:13:10,490 [35aa555b-c26c-42d1-8608-8e33eb52c250-impl-thread1] INFO  server.RaftServerConfigKeys (ConfUtils.java:logGet(46)) - raft.server.log.appender.buffer.byte-limit = 33554432 (custom)
2023-05-05 09:13:10,494 [35aa555b-c26c-42d1-8608-8e33eb52c250-impl-thread1] INFO  server.RaftServerConfigKeys (ConfUtils.java:logGet(46)) - raft.server.log.unsafe-flush.enabled = false (default)
2023-05-05 09:13:10,494 [35aa555b-c26c-42d1-8608-8e33eb52c250-impl-thread1] INFO  server.RaftServerConfigKeys (ConfUtils.java:logGet(46)) - raft.server.log.async-flush.enabled = false (default)
2023-05-05 09:13:10,494 [35aa555b-c26c-42d1-8608-8e33eb52c250-impl-thread1] INFO  server.RaftServerConfigKeys (ConfUtils.java:logGet(46)) - raft.server.log.statemachine.data.caching.enabled = false (default)
2023-05-05 09:13:10,495 [35aa555b-c26c-42d1-8608-8e33eb52c250-impl-thread1] INFO  segmented.SegmentedRaftLogWorker (SegmentedRaftLogWorker.java:lambda$new$0(135)) - 35aa555b-c26c-42d1-8608-8e33eb52c250@group-9420CF10D319-SegmentedRaftLogWorker: flushIndex: setUnconditionally 0 -> -1
2023-05-05 09:13:10,495 [35aa555b-c26c-42d1-8608-8e33eb52c250-impl-thread1] INFO  segmented.SegmentedRaftLogWorker (SegmentedRaftLogWorker.java:lambda$new$0(135)) - 35aa555b-c26c-42d1-8608-8e33eb52c250@group-9420CF10D319-SegmentedRaftLogWorker: safeCacheEvictIndex: setUnconditionally 0 -> -1
2023-05-05 09:13:10,500 [35aa555b-c26c-42d1-8608-8e33eb52c250-impl-thread1] INFO  server.RaftServer$Division (RaftServerImpl.java:start(334)) - 35aa555b-c26c-42d1-8608-8e33eb52c250@group-9420CF10D319: start as a follower, conf=-1: peers:[35aa555b-c26c-42d1-8608-8e33eb52c250|rpc:fv-az152-207:9894|priority:0|startupRole:FOLLOWER]|listeners:[], old=null
2023-05-05 09:13:10,500 [35aa555b-c26c-42d1-8608-8e33eb52c250-impl-thread1] INFO  server.RaftServer$Division (RaftServerImpl.java:setRole(321)) - 35aa555b-c26c-42d1-8608-8e33eb52c250@group-9420CF10D319: changes role from      null to FOLLOWER at term 0 for startAsFollower
2023-05-05 09:13:10,500 [35aa555b-c26c-42d1-8608-8e33eb52c250-impl-thread1] INFO  impl.RoleInfo (RoleInfo.java:updateAndGet(139)) - 35aa555b-c26c-42d1-8608-8e33eb52c250: start 35aa555b-c26c-42d1-8608-8e33eb52c250@group-9420CF10D319-FollowerState
2023-05-05 09:13:10,504 [35aa555b-c26c-42d1-8608-8e33eb52c250-impl-thread1] INFO  util.JmxRegister (JmxRegister.java:tryRegister(44)) - Successfully registered JMX Bean with object name Ratis:service=RaftServer,group=group-9420CF10D319,id=35aa555b-c26c-42d1-8608-8e33eb52c250
2023-05-05 09:13:10,504 [35aa555b-c26c-42d1-8608-8e33eb52c250-impl-thread1] INFO  server.RaftServerConfigKeys (ConfUtils.java:logGet(46)) - raft.server.snapshot.auto.trigger.enabled = true (custom)
2023-05-05 09:13:10,504 [35aa555b-c26c-42d1-8608-8e33eb52c250-impl-thread1] INFO  server.RaftServerConfigKeys (ConfUtils.java:logGet(46)) - raft.server.snapshot.auto.trigger.threshold = 1000 (custom)
2023-05-05 09:13:10,504 [35aa555b-c26c-42d1-8608-8e33eb52c250-impl-thread1] INFO  server.RaftServerConfigKeys (ConfUtils.java:logGet(46)) - raft.server.snapshot.retention.file.num = -1 (default)
2023-05-05 09:13:10,504 [35aa555b-c26c-42d1-8608-8e33eb52c250-impl-thread1] INFO  server.RaftServerConfigKeys (ConfUtils.java:logGet(46)) - raft.server.log.purge.upto.snapshot.index = false (default)
2023-05-05 09:13:10,505 [35aa555b-c26c-42d1-8608-8e33eb52c250@group-9420CF10D319-FollowerState] INFO  server.RaftServerConfigKeys (ConfUtils.java:logFallback(53)) - raft.server.rpc.first-election.timeout.min = 5000ms (fallback to raft.server.rpc.timeout.min)
2023-05-05 09:13:10,505 [35aa555b-c26c-42d1-8608-8e33eb52c250@group-9420CF10D319-FollowerState] INFO  server.RaftServerConfigKeys (ConfUtils.java:logFallback(53)) - raft.server.rpc.first-election.timeout.max = 5200ms (fallback to raft.server.rpc.timeout.max)
2023-05-05 09:13:10,505 [Time-limited test] INFO  server.RaftServer (RaftServerProxy.java:startImpl(393)) - 35aa555b-c26c-42d1-8608-8e33eb52c250: start RPC server
2023-05-05 09:13:10,506 [Time-limited test] INFO  server.GrpcService (GrpcService.java:startImpl(262)) - 35aa555b-c26c-42d1-8608-8e33eb52c250: GrpcService started, listening on 9894
2023-05-05 09:13:10,506 [JvmPauseMonitor24] INFO  util.JvmPauseMonitor (JvmPauseMonitor.java:run(105)) - JvmPauseMonitor-35aa555b-c26c-42d1-8608-8e33eb52c250: Started
2023-05-05 09:13:15,684 [35aa555b-c26c-42d1-8608-8e33eb52c250@group-9420CF10D319-FollowerState] INFO  impl.FollowerState (FollowerState.java:run(143)) - 35aa555b-c26c-42d1-8608-8e33eb52c250@group-9420CF10D319-FollowerState: change to CANDIDATE, lastRpcElapsedTime:5183547467ns, electionTimeout:5179ms
2023-05-05 09:13:15,684 [35aa555b-c26c-42d1-8608-8e33eb52c250@group-9420CF10D319-FollowerState] INFO  impl.RoleInfo (RoleInfo.java:shutdownFollowerState(110)) - 35aa555b-c26c-42d1-8608-8e33eb52c250: shutdown 35aa555b-c26c-42d1-8608-8e33eb52c250@group-9420CF10D319-FollowerState
2023-05-05 09:13:15,684 [35aa555b-c26c-42d1-8608-8e33eb52c250@group-9420CF10D319-FollowerState] INFO  server.RaftServer$Division (RaftServerImpl.java:setRole(321)) - 35aa555b-c26c-42d1-8608-8e33eb52c250@group-9420CF10D319: changes role from  FOLLOWER to CANDIDATE at term 0 for changeToCandidate
2023-05-05 09:13:15,684 [35aa555b-c26c-42d1-8608-8e33eb52c250@group-9420CF10D319-FollowerState] INFO  server.RaftServerConfigKeys (ConfUtils.java:logGet(46)) - raft.server.leaderelection.pre-vote = true (default)
2023-05-05 09:13:15,684 [35aa555b-c26c-42d1-8608-8e33eb52c250@group-9420CF10D319-FollowerState] INFO  impl.RoleInfo (RoleInfo.java:updateAndGet(139)) - 35aa555b-c26c-42d1-8608-8e33eb52c250: start 35aa555b-c26c-42d1-8608-8e33eb52c250@group-9420CF10D319-LeaderElection42
2023-05-05 09:13:15,685 [35aa555b-c26c-42d1-8608-8e33eb52c250@group-9420CF10D319-LeaderElection42] INFO  impl.LeaderElection (LeaderElection.java:askForVotes(312)) - 35aa555b-c26c-42d1-8608-8e33eb52c250@group-9420CF10D319-LeaderElection42 PRE_VOTE round 0: submit vote requests at term 0 for -1: peers:[35aa555b-c26c-42d1-8608-8e33eb52c250|rpc:fv-az152-207:9894|priority:0|startupRole:FOLLOWER]|listeners:[], old=null
2023-05-05 09:13:15,686 [35aa555b-c26c-42d1-8608-8e33eb52c250@group-9420CF10D319-LeaderElection42] INFO  impl.LeaderElection (LeaderElection.java:askForVotes(314)) - 35aa555b-c26c-42d1-8608-8e33eb52c250@group-9420CF10D319-LeaderElection42 PRE_VOTE round 0: result PASSED (term=0)
2023-05-05 09:13:15,687 [35aa555b-c26c-42d1-8608-8e33eb52c250@group-9420CF10D319-LeaderElection42] INFO  impl.LeaderElection (LeaderElection.java:askForVotes(312)) - 35aa555b-c26c-42d1-8608-8e33eb52c250@group-9420CF10D319-LeaderElection42 ELECTION round 0: submit vote requests at term 1 for -1: peers:[35aa555b-c26c-42d1-8608-8e33eb52c250|rpc:fv-az152-207:9894|priority:0|startupRole:FOLLOWER]|listeners:[], old=null
2023-05-05 09:13:15,687 [35aa555b-c26c-42d1-8608-8e33eb52c250@group-9420CF10D319-LeaderElection42] INFO  impl.LeaderElection (LeaderElection.java:askForVotes(314)) - 35aa555b-c26c-42d1-8608-8e33eb52c250@group-9420CF10D319-LeaderElection42 ELECTION round 0: result PASSED (term=1)
2023-05-05 09:13:15,687 [35aa555b-c26c-42d1-8608-8e33eb52c250@group-9420CF10D319-LeaderElection42] INFO  impl.RoleInfo (RoleInfo.java:shutdownLeaderElection(130)) - 35aa555b-c26c-42d1-8608-8e33eb52c250: shutdown 35aa555b-c26c-42d1-8608-8e33eb52c250@group-9420CF10D319-LeaderElection42
2023-05-05 09:13:15,687 [35aa555b-c26c-42d1-8608-8e33eb52c250@group-9420CF10D319-LeaderElection42] INFO  server.RaftServer$Division (RaftServerImpl.java:setRole(321)) - 35aa555b-c26c-42d1-8608-8e33eb52c250@group-9420CF10D319: changes role from CANDIDATE to LEADER at term 1 for changeToLeader
2023-05-05 09:13:15,687 [35aa555b-c26c-42d1-8608-8e33eb52c250@group-9420CF10D319-LeaderElection42] INFO  server.RaftServer$Division (ServerState.java:setLeader(313)) - 35aa555b-c26c-42d1-8608-8e33eb52c250@group-9420CF10D319: change Leader from null to 35aa555b-c26c-42d1-8608-8e33eb52c250 at term 1 for becomeLeader, leader elected after 5202ms
2023-05-05 09:13:15,687 [35aa555b-c26c-42d1-8608-8e33eb52c250@group-9420CF10D319-LeaderElection42] INFO  server.RaftServerConfigKeys (ConfUtils.java:logGet(46)) - raft.server.staging.catchup.gap = 1000 (default)
2023-05-05 09:13:15,687 [35aa555b-c26c-42d1-8608-8e33eb52c250@group-9420CF10D319-LeaderElection42] INFO  server.RaftServerConfigKeys (ConfUtils.java:logGet(46)) - raft.server.write.element-limit = 4096 (default)
2023-05-05 09:13:15,687 [35aa555b-c26c-42d1-8608-8e33eb52c250@group-9420CF10D319-LeaderElection42] INFO  server.RaftServerConfigKeys (ConfUtils.java:logGet(46)) - raft.server.write.byte-limit = 64MB (=67108864) (default)
2023-05-05 09:13:15,687 [35aa555b-c26c-42d1-8608-8e33eb52c250@group-9420CF10D319-LeaderElection42] INFO  server.RaftServerConfigKeys (ConfUtils.java:logGet(46)) - raft.server.watch.timeout = 10s (default)
2023-05-05 09:13:15,687 [35aa555b-c26c-42d1-8608-8e33eb52c250@group-9420CF10D319-LeaderElection42] INFO  server.RaftServerConfigKeys (ConfUtils.java:logGet(46)) - raft.server.watch.timeout.denomination = 1s (default)
2023-05-05 09:13:15,687 [35aa555b-c26c-42d1-8608-8e33eb52c250@group-9420CF10D319-LeaderElection42] INFO  server.RaftServerConfigKeys (ConfUtils.java:logGet(46)) - raft.server.watch.element-limit = 65536 (default)
2023-05-05 09:13:15,687 [35aa555b-c26c-42d1-8608-8e33eb52c250@group-9420CF10D319-LeaderElection42] INFO  server.RaftServerConfigKeys (ConfUtils.java:logGet(46)) - raft.server.write.element-limit = 4096 (default)
2023-05-05 09:13:15,687 [35aa555b-c26c-42d1-8608-8e33eb52c250@group-9420CF10D319-LeaderElection42] INFO  server.RaftServerConfigKeys (ConfUtils.java:logGet(46)) - raft.server.write.follower.gap.ratio.max = -1.0 (default)
2023-05-05 09:13:15,687 [35aa555b-c26c-42d1-8608-8e33eb52c250@group-9420CF10D319-LeaderElection42] INFO  impl.RoleInfo (RoleInfo.java:updateAndGet(139)) - 35aa555b-c26c-42d1-8608-8e33eb52c250: start 35aa555b-c26c-42d1-8608-8e33eb52c250@group-9420CF10D319-LeaderStateImpl
2023-05-05 09:13:15,688 [35aa555b-c26c-42d1-8608-8e33eb52c250@group-9420CF10D319-LeaderElection42] INFO  segmented.SegmentedRaftLogWorker (SegmentedRaftLogWorker.java:startLogSegment(452)) - 35aa555b-c26c-42d1-8608-8e33eb52c250@group-9420CF10D319-SegmentedRaftLogWorker: Starting segment from index:0
2023-05-05 09:13:15,690 [35aa555b-c26c-42d1-8608-8e33eb52c250@group-9420CF10D319-LeaderElection42] INFO  server.RaftServer$Division (ServerState.java:setRaftConf(430)) - 35aa555b-c26c-42d1-8608-8e33eb52c250@group-9420CF10D319: set configuration 0: peers:[35aa555b-c26c-42d1-8608-8e33eb52c250|rpc:fv-az152-207:9894|admin:|client:|dataStream:|priority:0|startupRole:FOLLOWER]|listeners:[], old=null
2023-05-05 09:13:15,701 [35aa555b-c26c-42d1-8608-8e33eb52c250@group-9420CF10D319-SegmentedRaftLogWorker] INFO  segmented.SegmentedRaftLogWorker (SegmentedRaftLogWorker.java:execute(656)) - 35aa555b-c26c-42d1-8608-8e33eb52c250@group-9420CF10D319-SegmentedRaftLogWorker: created new log segment /home/runner/work/ozone/ozone/hadoop-ozone/integration-test/target/test-dir/56eedcb4-a7fc-437c-b7d5-13a54e1808eb/scm-meta/scm-ha/feb118ae-b6fd-4455-9aea-9420cf10d319/current/log_inprogress_0
2023-05-05 09:13:16,507 [Time-limited test] INFO  server.RaftServer (RaftServerProxy.java:lambda$close$6(409)) - 35aa555b-c26c-42d1-8608-8e33eb52c250: close
2023-05-05 09:13:16,507 [Time-limited test] INFO  server.GrpcService (GrpcService.java:closeImpl(271)) - 35aa555b-c26c-42d1-8608-8e33eb52c250: shutdown server GrpcServerProtocolService now
2023-05-05 09:13:16,507 [35aa555b-c26c-42d1-8608-8e33eb52c250-impl-thread1] INFO  server.RaftServer$Division (RaftServerImpl.java:lambda$close$4(458)) - 35aa555b-c26c-42d1-8608-8e33eb52c250@group-9420CF10D319: shutdown
2023-05-05 09:13:16,508 [35aa555b-c26c-42d1-8608-8e33eb52c250-impl-thread1] INFO  util.JmxRegister (JmxRegister.java:unregister(73)) - Successfully un-registered JMX Bean with object name Ratis:service=RaftServer,group=group-9420CF10D319,id=35aa555b-c26c-42d1-8608-8e33eb52c250
2023-05-05 09:13:16,508 [35aa555b-c26c-42d1-8608-8e33eb52c250-impl-thread1] INFO  impl.RoleInfo (RoleInfo.java:shutdownLeaderState(93)) - 35aa555b-c26c-42d1-8608-8e33eb52c250: shutdown 35aa555b-c26c-42d1-8608-8e33eb52c250@group-9420CF10D319-LeaderStateImpl
2023-05-05 09:13:16,508 [35aa555b-c26c-42d1-8608-8e33eb52c250-impl-thread1] INFO  impl.PendingRequests (PendingRequests.java:sendNotLeaderResponses(282)) - 35aa555b-c26c-42d1-8608-8e33eb52c250@group-9420CF10D319-PendingRequests: sendNotLeaderResponses
2023-05-05 09:13:16,508 [35aa555b-c26c-42d1-8608-8e33eb52c250-impl-thread1] INFO  impl.StateMachineUpdater (StateMachineUpdater.java:stopAndJoin(153)) - 35aa555b-c26c-42d1-8608-8e33eb52c250@group-9420CF10D319-StateMachineUpdater: set stopIndex = 0
2023-05-05 09:13:16,508 [35aa555b-c26c-42d1-8608-8e33eb52c250@group-9420CF10D319-StateMachineUpdater] INFO  impl.StateMachineUpdater (StateMachineUpdater.java:takeSnapshot(287)) - 35aa555b-c26c-42d1-8608-8e33eb52c250@group-9420CF10D319-StateMachineUpdater: Took a snapshot at index 0
2023-05-05 09:13:16,508 [35aa555b-c26c-42d1-8608-8e33eb52c250@group-9420CF10D319-StateMachineUpdater] INFO  impl.StateMachineUpdater (StateMachineUpdater.java:lambda$new$0(92)) - 35aa555b-c26c-42d1-8608-8e33eb52c250@group-9420CF10D319-StateMachineUpdater: snapshotIndex: updateIncreasingly -1 -> 0
2023-05-05 09:13:16,508 [Time-limited test] INFO  server.GrpcService (GrpcService.java:closeImpl(280)) - 35aa555b-c26c-42d1-8608-8e33eb52c250: shutdown server GrpcServerProtocolService successfully
2023-05-05 09:13:16,509 [35aa555b-c26c-42d1-8608-8e33eb52c250-impl-thread1] INFO  server.RaftServer$Division (ServerState.java:close(466)) - 35aa555b-c26c-42d1-8608-8e33eb52c250@group-9420CF10D319: closes. applyIndex: 0
2023-05-05 09:13:16,509 [35aa555b-c26c-42d1-8608-8e33eb52c250@group-9420CF10D319-SegmentedRaftLogWorker] INFO  segmented.SegmentedRaftLogWorker (SegmentedRaftLogWorker.java:run(347)) - 35aa555b-c26c-42d1-8608-8e33eb52c250@group-9420CF10D319-SegmentedRaftLogWorker was interrupted, exiting. There are 0 tasks remaining in the queue.
2023-05-05 09:13:16,510 [35aa555b-c26c-42d1-8608-8e33eb52c250-impl-thread1] INFO  segmented.SegmentedRaftLogWorker (SegmentedRaftLogWorker.java:close(257)) - 35aa555b-c26c-42d1-8608-8e33eb52c250@group-9420CF10D319-SegmentedRaftLogWorker close()
2023-05-05 09:13:16,510 [JvmPauseMonitor24] INFO  util.JvmPauseMonitor (JvmPauseMonitor.java:run(111)) - JvmPauseMonitor-35aa555b-c26c-42d1-8608-8e33eb52c250: Stopped
2023-05-05 09:13:16,510 [Time-limited test] WARN  server.ServerUtils (ServerUtils.java:getScmDbDir(148)) - ozone.scm.db.dirs is not configured. We recommend adding this setting. Falling back to ozone.metadata.dirs instead.
2023-05-05 09:13:16,512 [Time-limited test] INFO  server.StorageContainerManager (StorageContainerManager.java:scmInit(1284)) - SCM initialization succeeded. Current cluster id for sd=/home/runner/work/ozone/ozone/hadoop-ozone/integration-test/target/test-dir/56eedcb4-a7fc-437c-b7d5-13a54e1808eb/scm-meta/scm; cid=feb118ae-b6fd-4455-9aea-9420cf10d319; layoutVersion=6; scmId=35aa555b-c26c-42d1-8608-8e33eb52c250
2023-05-05 09:13:16,512 [Time-limited test] WARN  server.ServerUtils (ServerUtils.java:getScmDbDir(148)) - ozone.scm.db.dirs is not configured. We recommend adding this setting. Falling back to ozone.metadata.dirs instead.
2023-05-05 09:13:16,512 [Time-limited test] WARN  server.ServerUtils (ServerUtils.java:getScmDbDir(148)) - ozone.scm.db.dirs is not configured. We recommend adding this setting. Falling back to ozone.metadata.dirs instead.
2023-05-05 09:13:16,512 [Time-limited test] INFO  ha.SCMHANodeDetails (SCMHANodeDetails.java:loadSCMHAConfig(209)) - ServiceID for StorageContainerManager is null
2023-05-05 09:13:16,512 [Time-limited test] INFO  ha.SCMHANodeDetails (SCMHANodeDetails.java:loadSCMHAConfig(214)) - ozone.scm.default.service.id is not defined, falling back to ozone.scm.service.ids to find serviceID for StorageContainerManager if it is HA enabled cluster
2023-05-05 09:13:16,513 [Time-limited test] INFO  upgrade.AbstractLayoutVersionManager (AbstractLayoutVersionManager.java:init(83)) - Initializing Layout version manager with metadata layout = WEBUI_PORTS_IN_DATANODEDETAILS (version = 6), software layout = WEBUI_PORTS_IN_DATANODEDETAILS (version = 6)
2023-05-05 09:13:16,557 [Time-limited test] INFO  reflections.Reflections (Reflections.java:scan(232)) - Reflections took 43 ms to scan 7 urls, producing 156 keys and 369 values 
2023-05-05 09:13:16,559 [Time-limited test] INFO  server.StorageContainerManager (StorageContainerManager.java:scmInit(1316)) - SCM already initialized. Reusing existing cluster id for sd=/home/runner/work/ozone/ozone/hadoop-ozone/integration-test/target/test-dir/56eedcb4-a7fc-437c-b7d5-13a54e1808eb/scm-meta/scm;cid=feb118ae-b6fd-4455-9aea-9420cf10d319; layoutVersion=6; HAEnabled=true
]]></system-out>
  </testcase>
  <testcase name="testContainerReportQueueTakingMoreTime" classname="org.apache.hadoop.ozone.TestStorageContainerManager" time="3.014">
    <failure type="java.lang.AssertionError"><![CDATA[java.lang.AssertionError
	at org.junit.Assert.fail(Assert.java:87)
	at org.junit.Assert.assertTrue(Assert.java:42)
	at org.junit.Assert.assertTrue(Assert.java:53)
	at org.apache.hadoop.ozone.TestStorageContainerManager.testContainerReportQueueTakingMoreTime(TestStorageContainerManager.java:939)
	at sun.reflect.NativeMethodAccessorImpl.invoke0(Native Method)
	at sun.reflect.NativeMethodAccessorImpl.invoke(NativeMethodAccessorImpl.java:62)
	at sun.reflect.DelegatingMethodAccessorImpl.invoke(DelegatingMethodAccessorImpl.java:43)
	at java.lang.reflect.Method.invoke(Method.java:498)
	at org.junit.runners.model.FrameworkMethod$1.runReflectiveCall(FrameworkMethod.java:59)
	at org.junit.internal.runners.model.ReflectiveCallable.run(ReflectiveCallable.java:12)
	at org.junit.runners.model.FrameworkMethod.invokeExplosively(FrameworkMethod.java:56)
	at org.junit.internal.runners.statements.InvokeMethod.evaluate(InvokeMethod.java:17)
	at org.junit.internal.runners.statements.RunAfters.evaluate(RunAfters.java:27)
	at org.junit.rules.ExpectedException$ExpectedExceptionStatement.evaluate(ExpectedException.java:258)
	at org.junit.internal.runners.statements.FailOnTimeout$CallableStatement.call(FailOnTimeout.java:288)
	at org.junit.internal.runners.statements.FailOnTimeout$CallableStatement.call(FailOnTimeout.java:282)
	at java.util.concurrent.FutureTask.run(FutureTask.java:266)
	at java.lang.Thread.run(Thread.java:750)
]]></failure>
    <system-out><![CDATA[2023-05-05 09:13:17,570 [FixedThreadPoolWithAffinityExecutor-0-0] WARN  events.FixedThreadPoolWithAffinityExecutor (FixedThreadPoolWithAffinityExecutor.java:run(283)) - Event taken long execution time 1003 millisec, e66f440a-4437-44fe-8daf-ad271360f4b8(null/null), {type: FCR, size: 0}
2023-05-05 09:13:18,572 [FixedThreadPoolWithAffinityExecutor-0-0] WARN  events.FixedThreadPoolWithAffinityExecutor (FixedThreadPoolWithAffinityExecutor.java:run(283)) - Event taken long execution time 2002 millisec, b1a1f3f3-1441-41bb-add9-bf0bad6e598b(null/null), {type: FCR, size: 0}
]]></system-out>
  </testcase>
  <testcase name="testScmProcessDatanodeHeartbeat" classname="org.apache.hadoop.ozone.TestStorageContainerManager" time="30.304">
    <system-out><![CDATA[2023-05-05 09:13:19,599 [Time-limited test] WARN  server.ServerUtils (ServerUtils.java:getScmDbDir(148)) - ozone.scm.db.dirs is not configured. We recommend adding this setting. Falling back to ozone.metadata.dirs instead.
2023-05-05 09:13:19,607 [Time-limited test] WARN  server.ServerUtils (ServerUtils.java:getScmDbDir(148)) - ozone.scm.db.dirs is not configured. We recommend adding this setting. Falling back to ozone.metadata.dirs instead.
2023-05-05 09:13:19,608 [Time-limited test] INFO  ha.SCMHANodeDetails (SCMHANodeDetails.java:loadSCMHAConfig(209)) - ServiceID for StorageContainerManager is null
2023-05-05 09:13:19,608 [Time-limited test] WARN  ha.SCMHANodeDetails (SCMHANodeDetails.java:validateSCMHAConfig(182)) - Invalid config ozone.scm.ratis.enable. The config was not specified, but the default value true conflicts with the expected config value false. Falling back to the expected value. Current State of SCM: SCM is running in Non-HA without Ratis Ratis SCM -> Non Ratis SCM or Non HA SCM -> HA SCM is not supported
2023-05-05 09:13:19,608 [Time-limited test] INFO  ha.SCMHANodeDetails (SCMHANodeDetails.java:loadSCMHAConfig(214)) - ozone.scm.default.service.id is not defined, falling back to ozone.scm.service.ids to find serviceID for StorageContainerManager if it is HA enabled cluster
2023-05-05 09:13:19,608 [Time-limited test] WARN  utils.HAUtils (HAUtils.java:getMetaDir(350)) - ozone.scm.db.dirs is not configured. We recommend adding this setting. Falling back to ozone.metadata.dirs instead.
2023-05-05 09:13:19,608 [Time-limited test] WARN  db.DBStoreBuilder (DBStoreBuilder.java:applyDBDefinition(164)) - ozone.scm.db.dirs is not configured. We recommend adding this setting. Falling back to ozone.metadata.dirs instead.
2023-05-05 09:13:19,715 [Time-limited test] INFO  net.NodeSchemaLoader (NodeSchemaLoader.java:loadSchemaFromFile(129)) - Loading schema from [jar:file:/home/runner/.m2/repository/org/apache/ozone/hdds-common/1.4.0-SNAPSHOT/hdds-common-1.4.0-SNAPSHOT.jar!/network-topology-default.xml]
2023-05-05 09:13:19,716 [Time-limited test] INFO  net.NodeSchemaLoader (NodeSchemaLoader.java:loadSchema(176)) - Loading network topology layer schema file
2023-05-05 09:13:19,721 [Time-limited test] INFO  upgrade.AbstractLayoutVersionManager (AbstractLayoutVersionManager.java:init(83)) - Initializing Layout version manager with metadata layout = WEBUI_PORTS_IN_DATANODEDETAILS (version = 6), software layout = WEBUI_PORTS_IN_DATANODEDETAILS (version = 6)
2023-05-05 09:13:19,765 [Time-limited test] INFO  reflections.Reflections (Reflections.java:scan(232)) - Reflections took 43 ms to scan 7 urls, producing 156 keys and 369 values 
2023-05-05 09:13:19,767 [Time-limited test] INFO  ha.SequenceIdGenerator (SequenceIdGenerator.java:upgradeToSequenceId(349)) - upgrade localId to 111677748019200000
2023-05-05 09:13:19,767 [Time-limited test] INFO  ha.SequenceIdGenerator (SequenceIdGenerator.java:upgradeToSequenceId(359)) - upgrade delTxnId to 0
2023-05-05 09:13:19,768 [Time-limited test] INFO  ha.SequenceIdGenerator (SequenceIdGenerator.java:upgradeToSequenceId(376)) - upgrade containerId to 0
2023-05-05 09:13:19,768 [Time-limited test] INFO  ha.SequenceIdGenerator (SequenceIdGenerator.java:<init>(220)) - Init the HA SequenceIdGenerator.
2023-05-05 09:13:19,768 [Time-limited test] WARN  server.ServerUtils (ServerUtils.java:sanitizeUserArgs(73)) - ozone.scm.stale.node.interval value = 300000 is larger than max = 100000 based on the key value of ozone.scm.heartbeat.thread.interval, reset to the max value 100000.
2023-05-05 09:13:19,768 [Time-limited test] WARN  server.ServerUtils (ServerUtils.java:sanitizeUserArgs(73)) - ozone.scm.stale.node.interval value = 300000 is larger than max = 100000 based on the key value of ozone.scm.heartbeat.thread.interval, reset to the max value 100000.
2023-05-05 09:13:19,768 [Time-limited test] INFO  node.SCMNodeManager (SCMNodeManager.java:<init>(159)) - Entering startup safe mode.
2023-05-05 09:13:19,769 [Time-limited test] INFO  Configuration.deprecation (Configuration.java:logDeprecation(1442)) - hadoop.configured.node.mapping is deprecated. Instead, use net.topology.configured.node.mapping
2023-05-05 09:13:19,769 [Time-limited test] INFO  algorithms.ContainerPlacementPolicyFactory (ContainerPlacementPolicyFactory.java:getPolicyInternal(86)) - Create container placement policy of type org.apache.hadoop.hdds.scm.container.placement.algorithms.SCMContainerPlacementRackAware
2023-05-05 09:13:19,769 [Time-limited test] INFO  algorithms.ContainerPlacementPolicyFactory (ContainerPlacementPolicyFactory.java:getPolicyInternal(86)) - Create container placement policy of type org.apache.hadoop.hdds.scm.container.placement.algorithms.SCMContainerPlacementRackScatter
2023-05-05 09:13:19,769 [Time-limited test] INFO  pipeline.PipelineStateManagerImpl (PipelineStateManagerImpl.java:initialize(78)) - No pipeline exists in current db
2023-05-05 09:13:19,769 [Time-limited test] INFO  algorithms.LeaderChoosePolicyFactory (LeaderChoosePolicyFactory.java:getPolicy(57)) - Create leader choose policy of type org.apache.hadoop.hdds.scm.pipeline.leader.choose.algorithms.MinLeaderCountChoosePolicy
2023-05-05 09:13:19,770 [Time-limited test] INFO  algorithms.ContainerPlacementPolicyFactory (ContainerPlacementPolicyFactory.java:getPolicyInternal(86)) - Create container placement policy of type org.apache.hadoop.hdds.scm.container.placement.algorithms.SCMContainerPlacementRackScatter
2023-05-05 09:13:19,770 [Time-limited test] INFO  ha.SCMServiceManager (SCMServiceManager.java:register(42)) - Registering service BackgroundPipelineCreator.
2023-05-05 09:13:19,770 [Time-limited test] INFO  pipeline.BackgroundPipelineCreator (BackgroundPipelineCreator.java:start(124)) - Starting RatisPipelineUtilsThread.
2023-05-05 09:13:19,770 [Time-limited test] INFO  BackgroundPipelineScrubber (BackgroundSCMService.java:start(68)) - Starting BackgroundPipelineScrubber Service.
2023-05-05 09:13:19,770 [Time-limited test] INFO  ha.SCMServiceManager (SCMServiceManager.java:register(42)) - Registering service BackgroundPipelineScrubber.
2023-05-05 09:13:19,770 [Time-limited test] INFO  ExpiredContainerReplicaOpScrubber (BackgroundSCMService.java:start(68)) - Starting ExpiredContainerReplicaOpScrubber Service.
2023-05-05 09:13:19,771 [Time-limited test] INFO  ha.SCMServiceManager (SCMServiceManager.java:register(42)) - Registering service ExpiredContainerReplicaOpScrubber.
2023-05-05 09:13:19,772 [Time-limited test] INFO  algorithms.PipelineChoosePolicyFactory (PipelineChoosePolicyFactory.java:createPipelineChoosePolicyFromClass(73)) - Create pipeline choose policy of type org.apache.hadoop.hdds.scm.pipeline.choose.algorithms.RandomPipelineChoosePolicy
2023-05-05 09:13:19,772 [Time-limited test] INFO  ha.SCMServiceManager (SCMServiceManager.java:register(42)) - Registering service SCMBlockDeletingService.
2023-05-05 09:13:19,772 [Time-limited test] INFO  replication.ReplicationManager (ReplicationManager.java:start(293)) - Starting Replication Monitor Thread.
2023-05-05 09:13:19,777 [Time-limited test] INFO  ha.SCMServiceManager (SCMServiceManager.java:register(42)) - Registering service ReplicationManager.
2023-05-05 09:13:19,777 [Time-limited test] INFO  safemode.ContainerSafeModeRule (ContainerSafeModeRule.java:<init>(89)) - containers with one replica threshold count 0
2023-05-05 09:13:19,778 [Time-limited test] INFO  safemode.HealthyPipelineSafeModeRule (HealthyPipelineSafeModeRule.java:initializeRule(169)) - Total pipeline count is 0, healthy pipeline threshold count is 1
2023-05-05 09:13:19,778 [Time-limited test] INFO  safemode.OneReplicaPipelineSafeModeRule (OneReplicaPipelineSafeModeRule.java:initializeRule(180)) - Total pipeline count is 0, pipeline's with at least one datanode reported threshold count is 0
2023-05-05 09:13:19,778 [Time-limited test] INFO  server.StorageContainerManager (StorageContainerManager.java:<init>(403)) - SCM start with adminUsers: [runner]
2023-05-05 09:13:19,778 [Time-limited test] INFO  ipc.CallQueueManager (CallQueueManager.java:<init>(90)) - Using callQueue: class java.util.concurrent.LinkedBlockingQueue, queueCapacity: 2000, scheduler: class org.apache.hadoop.ipc.DefaultRpcScheduler, ipcBackoff: false.
2023-05-05 09:13:19,780 [ReplicationMonitor] INFO  replication.ReplicationManager (ReplicationManager.java:processAll(368)) - Replication Manager is not ready to run until 3000ms after safemode exit
2023-05-05 09:13:19,781 [Socket Reader #1 for port 0] INFO  ipc.Server (Server.java:run(1319)) - Starting Socket Reader #1 for port 0
2023-05-05 09:13:19,781 [Listener at 0.0.0.0/34849] INFO  ipc.CallQueueManager (CallQueueManager.java:<init>(90)) - Using callQueue: class java.util.concurrent.LinkedBlockingQueue, queueCapacity: 2000, scheduler: class org.apache.hadoop.ipc.DefaultRpcScheduler, ipcBackoff: false.
2023-05-05 09:13:19,782 [Socket Reader #1 for port 0] INFO  ipc.Server (Server.java:run(1319)) - Starting Socket Reader #1 for port 0
2023-05-05 09:13:19,783 [Listener at 0.0.0.0/43089] INFO  ipc.CallQueueManager (CallQueueManager.java:<init>(90)) - Using callQueue: class java.util.concurrent.LinkedBlockingQueue, queueCapacity: 2000, scheduler: class org.apache.hadoop.ipc.DefaultRpcScheduler, ipcBackoff: false.
2023-05-05 09:13:19,783 [Socket Reader #1 for port 0] INFO  ipc.Server (Server.java:run(1319)) - Starting Socket Reader #1 for port 0
2023-05-05 09:13:19,786 [Listener at 0.0.0.0/43481] INFO  ha.SCMServiceManager (SCMServiceManager.java:register(42)) - Registering service ContainerBalancer.
2023-05-05 09:13:19,786 [Listener at 0.0.0.0/43481] INFO  server.StorageContainerManager (StorageContainerManager.java:<init>(420)) - 
Container Balancer status:
Key                            Value
Running                        false
Container Balancer Configuration values:
Key                                                Value
Threshold                                          10
Max Datanodes to Involve per Iteration(percent)    20
Max Size to Move per Iteration                     500GB
Max Size Entering Target per Iteration             26GB
Max Size Leaving Source per Iteration              26GB

2023-05-05 09:13:19,786 [Listener at 0.0.0.0/43481] INFO  ha.SCMContext (SCMContext.java:updateSafeModeStatus(228)) - Update SafeModeStatus from SafeModeStatus{safeModeStatus=true, preCheckPassed=false} to SafeModeStatus{safeModeStatus=true, preCheckPassed=false}.
2023-05-05 09:13:19,787 [Listener at 0.0.0.0/43481] INFO  server.StorageContainerManager (StorageContainerManager.java:start(1477)) - StorageContainerLocationProtocol RPC server is listening at /0.0.0.0:43481
2023-05-05 09:13:19,788 [Listener at 0.0.0.0/43481] WARN  impl.MetricsConfig (MetricsConfig.java:loadFirst(136)) - Cannot locate configuration: tried hadoop-metrics2-storagecontainermanager.properties,hadoop-metrics2.properties
2023-05-05 09:13:19,789 [Listener at 0.0.0.0/43481] INFO  impl.MetricsSystemImpl (MetricsSystemImpl.java:startTimer(378)) - Scheduled Metric snapshot period at 10 second(s).
2023-05-05 09:13:19,789 [Listener at 0.0.0.0/43481] INFO  impl.MetricsSystemImpl (MetricsSystemImpl.java:start(191)) - StorageContainerManager metrics system started
2023-05-05 09:13:19,791 [Listener at 0.0.0.0/43481] INFO  impl.MetricsSinkAdapter (MetricsSinkAdapter.java:start(204)) - Sink prometheus started
2023-05-05 09:13:19,791 [Listener at 0.0.0.0/43481] INFO  impl.MetricsSystemImpl (MetricsSystemImpl.java:registerSink(305)) - Registered sink prometheus
2023-05-05 09:13:19,808 [Listener at 0.0.0.0/43481] INFO  server.SCMClientProtocolServer (SCMClientProtocolServer.java:start(199)) - RPC server for Client  is listening at /0.0.0.0:43481
2023-05-05 09:13:19,808 [IPC Server Responder] INFO  ipc.Server (Server.java:run(1558)) - IPC Server Responder: starting
2023-05-05 09:13:19,813 [IPC Server listener on 0] INFO  ipc.Server (Server.java:run(1398)) - IPC Server listener on 0: starting
2023-05-05 09:13:19,819 [Listener at 0.0.0.0/43481] INFO  server.StorageContainerManager (StorageContainerManager.java:start(1491)) - ScmBlockLocationProtocol RPC server is listening at /0.0.0.0:43089
2023-05-05 09:13:19,819 [Listener at 0.0.0.0/43481] INFO  server.SCMBlockProtocolServer (SCMBlockProtocolServer.java:start(152)) - RPC server for Block Protocol is listening at /0.0.0.0:43089
2023-05-05 09:13:19,820 [IPC Server Responder] INFO  ipc.Server (Server.java:run(1558)) - IPC Server Responder: starting
2023-05-05 09:13:19,824 [Listener at 0.0.0.0/43481] INFO  server.SCMDatanodeProtocolServer (SCMDatanodeProtocolServer.java:start(193)) - ScmDatanodeProtocol RPC server for DataNodes is listening at /0.0.0.0:34849
2023-05-05 09:13:19,824 [IPC Server Responder] INFO  ipc.Server (Server.java:run(1558)) - IPC Server Responder: starting
2023-05-05 09:13:19,825 [IPC Server listener on 0] INFO  ipc.Server (Server.java:run(1398)) - IPC Server listener on 0: starting
2023-05-05 09:13:19,832 [IPC Server listener on 0] INFO  ipc.Server (Server.java:run(1398)) - IPC Server listener on 0: starting
2023-05-05 09:13:19,832 [org.apache.hadoop.util.JvmPauseMonitor$Monitor@2bacd501] INFO  util.JvmPauseMonitor (JvmPauseMonitor.java:run(188)) - Starting JVM pause monitor
2023-05-05 09:13:19,832 [Listener at 0.0.0.0/43481] INFO  http.BaseHttpServer (BaseHttpServer.java:newHttpServer2BuilderForOzone(224)) - Starting Web-server for scm at: http://0.0.0.0:0
2023-05-05 09:13:19,832 [Listener at 0.0.0.0/43481] INFO  http.BaseHttpServer (BaseHttpServer.java:<init>(111)) - Hadoop Security Enabled: false Ozone Security Enabled: false Ozone HTTP Security Enabled: false 
2023-05-05 09:13:19,835 [Listener at 0.0.0.0/43481] WARN  server.AuthenticationFilter (AuthenticationFilter.java:constructSecretProvider(240)) - Unable to initialize FileSignerSecretProvider, falling back to use random secrets. Reason: Could not read signature secret file: /home/runner/hadoop-http-auth-signature-secret
2023-05-05 09:13:19,835 [Listener at 0.0.0.0/43481] INFO  http.HttpRequestLog (HttpRequestLog.java:getRequestLog(86)) - Http request log for http.requests.scm is not defined
2023-05-05 09:13:19,836 [Listener at 0.0.0.0/43481] INFO  http.HttpServer2 (HttpServer2.java:addGlobalFilter(1031)) - Added global filter 'safety' (class=org.apache.hadoop.hdds.server.http.HttpServer2$QuotingInputFilter)
2023-05-05 09:13:19,837 [Listener at 0.0.0.0/43481] INFO  http.HttpServer2 (HttpServer2.java:addFilter(1007)) - Added filter static_user_filter (class=org.apache.hadoop.http.lib.StaticUserWebFilter$StaticUserFilter) to context scm
2023-05-05 09:13:19,837 [Listener at 0.0.0.0/43481] INFO  http.HttpServer2 (HttpServer2.java:addFilter(1015)) - Added filter static_user_filter (class=org.apache.hadoop.http.lib.StaticUserWebFilter$StaticUserFilter) to context static
2023-05-05 09:13:19,837 [Listener at 0.0.0.0/43481] INFO  http.HttpServer2 (HttpServer2.java:addFilter(1015)) - Added filter static_user_filter (class=org.apache.hadoop.http.lib.StaticUserWebFilter$StaticUserFilter) to context logs
2023-05-05 09:13:19,837 [Listener at 0.0.0.0/43481] INFO  http.BaseHttpServer (BaseHttpServer.java:<init>(190)) - HTTP server of scm uses base directory /home/runner/work/ozone/ozone/hadoop-ozone/integration-test/target/test-dir/MiniOzoneClusterImpl-463505b4-0bc6-4d58-b137-957c27341022/ozone-meta/webserver
2023-05-05 09:13:19,837 [Listener at 0.0.0.0/43481] INFO  http.HttpServer2 (HttpServer2.java:bindListener(1250)) - Jetty bound to port 33405
2023-05-05 09:13:19,838 [Listener at 0.0.0.0/43481] INFO  server.Server (Server.java:doStart(375)) - jetty-9.4.51.v20230217; built: 2023-02-17T08:19:37.309Z; git: b45c405e4544384de066f814ed42ae3dceacdd49; jvm 1.8.0_362-b09
2023-05-05 09:13:19,839 [Listener at 0.0.0.0/43481] INFO  server.session (DefaultSessionIdManager.java:doStart(334)) - DefaultSessionIdManager workerName=node0
2023-05-05 09:13:19,839 [Listener at 0.0.0.0/43481] INFO  server.session (DefaultSessionIdManager.java:doStart(339)) - No SessionScavenger set, using defaults
2023-05-05 09:13:19,839 [Listener at 0.0.0.0/43481] INFO  server.session (HouseKeeper.java:startScavenging(132)) - node0 Scavenging every 600000ms
2023-05-05 09:13:19,840 [Listener at 0.0.0.0/43481] INFO  handler.ContextHandler (ContextHandler.java:doStart(921)) - Started o.e.j.s.ServletContextHandler@2fb9aa42{logs,/logs,file:///home/runner/work/ozone/ozone/hadoop-ozone/integration-test/target/log,AVAILABLE}
2023-05-05 09:13:19,840 [Listener at 0.0.0.0/43481] INFO  handler.ContextHandler (ContextHandler.java:doStart(921)) - Started o.e.j.s.ServletContextHandler@4d94ed33{static,/static,file:///home/runner/work/ozone/ozone/hadoop-ozone/integration-test/target/test-classes/webapps/static,AVAILABLE}
2023-05-05 09:13:19,843 [Listener at 0.0.0.0/43481] INFO  handler.ContextHandler (ContextHandler.java:doStart(921)) - Started o.e.j.w.WebAppContext@2caea5cc{scm,/,file:///home/runner/work/ozone/ozone/hadoop-ozone/integration-test/target/test-classes/webapps/scm/,AVAILABLE}{file:/home/runner/work/ozone/ozone/hadoop-ozone/integration-test/target/test-classes/webapps/scm}
2023-05-05 09:13:19,845 [Listener at 0.0.0.0/43481] INFO  server.AbstractConnector (AbstractConnector.java:doStart(333)) - Started ServerConnector@7865453b{HTTP/1.1, (http/1.1)}{0.0.0.0:33405}
2023-05-05 09:13:19,845 [Listener at 0.0.0.0/43481] INFO  server.Server (Server.java:doStart(415)) - Started @191198ms
2023-05-05 09:13:19,845 [Listener at 0.0.0.0/43481] WARN  impl.MetricsSystemImpl (MetricsSystemImpl.java:register(279)) - Sink prometheus already exists!
2023-05-05 09:13:19,846 [Listener at 0.0.0.0/43481] INFO  http.BaseHttpServer (BaseHttpServer.java:updateConnectorAddress(344)) - HTTP server of scm listening at http://0.0.0.0:33405
2023-05-05 09:13:19,846 [Listener at 0.0.0.0/43481] WARN  server.ServerUtils (ServerUtils.java:getDBPath(225)) - ozone.om.db.dirs is not configured. We recommend adding this setting. Falling back to ozone.metadata.dirs instead.
2023-05-05 09:13:19,847 [Listener at 0.0.0.0/43481] INFO  ha.OMHANodeDetails (OMHANodeDetails.java:loadOMHAConfig(115)) - ozone.om.internal.service.id is not defined, falling back to ozone.om.service.ids to find serviceID for OzoneManager if it is HA enabled cluster
2023-05-05 09:13:19,848 [Listener at 0.0.0.0/43481] INFO  ha.OMHANodeDetails (OMHANodeDetails.java:loadOMHAConfig(226)) - Configuration does not have ozone.om.address set. Falling back to the default OM address /127.0.0.1:0
2023-05-05 09:13:19,848 [Listener at 0.0.0.0/43481] INFO  ha.OMHANodeDetails (OMHANodeDetails.java:getOMNodeDetailsForNonHA(254)) - OM Service ID is not set. Setting it to the default ID: omServiceIdDefault
2023-05-05 09:13:19,848 [Listener at 0.0.0.0/43481] INFO  ha.OMHANodeDetails (OMHANodeDetails.java:getOMNodeDetailsForNonHA(261)) - OM Node ID is not set. Setting it to the default ID: om1
2023-05-05 09:13:19,848 [Listener at 0.0.0.0/43481] WARN  server.ServerUtils (ServerUtils.java:getDBPath(225)) - ozone.om.db.dirs is not configured. We recommend adding this setting. Falling back to ozone.metadata.dirs instead.
2023-05-05 09:13:19,851 [Listener at 0.0.0.0/43481] INFO  upgrade.AbstractLayoutVersionManager (AbstractLayoutVersionManager.java:init(83)) - Initializing Layout version manager with metadata layout = HSYNC (version = 4), software layout = HSYNC (version = 4)
2023-05-05 09:13:19,921 [Listener at 0.0.0.0/43481] INFO  reflections.Reflections (Reflections.java:scan(232)) - Reflections took 68 ms to scan 2 urls, producing 172 keys and 475 values [using 2 cores]
2023-05-05 09:13:19,921 [Listener at 0.0.0.0/43481] INFO  upgrade.OMLayoutVersionManager (OMLayoutVersionManager.java:lambda$0(115)) - Skipping Upgrade Action MockOmUpgradeAction since it has been finalized.
2023-05-05 09:13:19,921 [Listener at 0.0.0.0/43481] WARN  server.ServerUtils (ServerUtils.java:getDBPath(225)) - ozone.om.db.dirs is not configured. We recommend adding this setting. Falling back to ozone.metadata.dirs instead.
2023-05-05 09:13:19,922 [Listener at 0.0.0.0/43481] INFO  proxy.SCMBlockLocationFailoverProxyProvider (SCMBlockLocationFailoverProxyProvider.java:<init>(114)) - Created block location fail-over proxy with 1 nodes: [nodeId=scmNodeId,nodeAddress=/0.0.0.0:43089]
2023-05-05 09:13:19,924 [Listener at 0.0.0.0/43481] INFO  proxy.SCMBlockLocationFailoverProxyProvider (SCMBlockLocationFailoverProxyProvider.java:<init>(114)) - Created block location fail-over proxy with 1 nodes: [nodeId=scmNodeId,nodeAddress=/0.0.0.0:43089]
2023-05-05 09:13:19,933 [Listener at 0.0.0.0/43481] INFO  om.OzoneManager (OzoneManager.java:<init>(634)) - OM start with adminUsers: [runner]
2023-05-05 09:13:19,934 [Listener at 0.0.0.0/43481] WARN  server.ServerUtils (ServerUtils.java:getDBPath(225)) - ozone.om.db.dirs is not configured. We recommend adding this setting. Falling back to ozone.metadata.dirs instead.
2023-05-05 09:13:19,934 [Listener at 0.0.0.0/43481] INFO  codec.OmKeyInfoCodec (OmKeyInfoCodec.java:<init>(49)) - OmKeyInfoCodec ignorePipeline = true
2023-05-05 09:13:19,934 [Listener at 0.0.0.0/43481] INFO  codec.RepeatedOmKeyInfoCodec (RepeatedOmKeyInfoCodec.java:<init>(41)) - RepeatedOmKeyInfoCodec ignorePipeline = true
2023-05-05 09:13:20,129 [Listener at 0.0.0.0/43481] INFO  om.OzoneManager (OzoneManager.java:instantiateServices(764)) - S3 Multi-Tenancy is disabled
2023-05-05 09:13:20,129 [Listener at 0.0.0.0/43481] WARN  server.ServerUtils (ServerUtils.java:getDBPath(225)) - ozone.om.snapshot.diff.db.dir is not configured. We recommend adding this setting. Falling back to ozone.metadata.dirs instead.
2023-05-05 09:13:20,153 [Listener at 0.0.0.0/43481] INFO  om.OzoneManager (OzoneManager.java:addS3GVolumeToDB(4263)) - Created Volume s3v With Owner runner required for S3Gateway operations.
2023-05-05 09:13:20,153 [Listener at 0.0.0.0/43481] WARN  server.ServerUtils (ServerUtils.java:getDefaultRatisDirectory(237)) - Storage directory for Ratis is not configured. It is a good idea to map this to an SSD disk. Falling back to ozone.metadata.dirs
2023-05-05 09:13:20,153 [Listener at 0.0.0.0/43481] WARN  utils.OzoneManagerRatisUtils (OzoneManagerRatisUtils.java:getOMRatisSnapshotDirectory(456)) - ozone.om.ratis.snapshot.dir is not configured. Falling back to ozone.metadata.dirs config
2023-05-05 09:13:20,154 [Listener at 0.0.0.0/43481] WARN  server.ServerUtils (ServerUtils.java:getDefaultRatisDirectory(237)) - Storage directory for Ratis is not configured. It is a good idea to map this to an SSD disk. Falling back to ozone.metadata.dirs
2023-05-05 09:13:20,155 [Listener at 0.0.0.0/43481] INFO  ratis.OzoneManagerRatisServer (OzoneManagerRatisServer.java:<init>(163)) - Instantiating OM Ratis server with groupID: omServiceIdDefault and peers: localhost:9872
2023-05-05 09:13:20,155 [Listener at 0.0.0.0/43481] INFO  ratis.OzoneManagerStateMachine (OzoneManagerStateMachine.java:loadSnapshotInfoFromDB(670)) - LastAppliedIndex is set from TransactionInfo from OM DB as (t:0, i:~)
2023-05-05 09:13:20,156 [Listener at 0.0.0.0/43481] INFO  server.RaftServer (ConfUtils.java:logGet(46)) - raft.rpc.type = GRPC (default)
2023-05-05 09:13:20,156 [Listener at 0.0.0.0/43481] INFO  grpc.GrpcConfigKeys (ConfUtils.java:logFallback(53)) - raft.grpc.admin.host = null (fallback to raft.grpc.server.host)
2023-05-05 09:13:20,156 [Listener at 0.0.0.0/43481] INFO  grpc.GrpcConfigKeys (ConfUtils.java:logFallback(53)) - raft.grpc.admin.port = 9872 (fallback to raft.grpc.server.port)
2023-05-05 09:13:20,156 [Listener at 0.0.0.0/43481] INFO  grpc.GrpcConfigKeys (ConfUtils.java:logFallback(53)) - raft.grpc.client.host = null (fallback to raft.grpc.server.host)
2023-05-05 09:13:20,156 [Listener at 0.0.0.0/43481] INFO  grpc.GrpcConfigKeys (ConfUtils.java:logFallback(53)) - raft.grpc.client.port = 9872 (fallback to raft.grpc.server.port)
2023-05-05 09:13:20,156 [Listener at 0.0.0.0/43481] INFO  grpc.GrpcConfigKeys (ConfUtils.java:logGet(46)) - raft.grpc.server.host = null (default)
2023-05-05 09:13:20,156 [Listener at 0.0.0.0/43481] INFO  grpc.GrpcConfigKeys (ConfUtils.java:logGet(46)) - raft.grpc.server.port = 9872 (custom)
2023-05-05 09:13:20,156 [Listener at 0.0.0.0/43481] INFO  server.GrpcService (ConfUtils.java:logGet(46)) - raft.grpc.message.size.max = 33554432 (custom)
2023-05-05 09:13:20,156 [Listener at 0.0.0.0/43481] INFO  server.RaftServerConfigKeys (ConfUtils.java:logGet(46)) - raft.server.log.appender.buffer.byte-limit = 33554432 (custom)
2023-05-05 09:13:20,156 [Listener at 0.0.0.0/43481] INFO  server.GrpcService (ConfUtils.java:logGet(46)) - raft.grpc.flow.control.window = 1MB (=1048576) (default)
2023-05-05 09:13:20,156 [Listener at 0.0.0.0/43481] INFO  server.RaftServerConfigKeys (ConfUtils.java:logGet(46)) - raft.server.rpc.request.timeout = 3000ms (default)
2023-05-05 09:13:20,156 [Listener at 0.0.0.0/43481] INFO  grpc.GrpcConfigKeys (ConfUtils.java:logGet(46)) - raft.grpc.server.heartbeat.channel = true (default)
2023-05-05 09:13:20,156 [Listener at 0.0.0.0/43481] INFO  grpc.GrpcConfigKeys (ConfUtils.java:logGet(46)) - raft.grpc.server.async.request.thread.pool.cached = true (default)
2023-05-05 09:13:20,156 [Listener at 0.0.0.0/43481] INFO  grpc.GrpcConfigKeys (ConfUtils.java:logGet(46)) - raft.grpc.server.async.request.thread.pool.size = 32 (default)
2023-05-05 09:13:20,158 [Listener at 0.0.0.0/43481] INFO  impl.DataStreamServerImpl (ConfUtils.java:logGet(46)) - raft.datastream.type = DISABLED (default)
2023-05-05 09:13:20,158 [Listener at 0.0.0.0/43481] INFO  server.RaftServerConfigKeys (ConfUtils.java:logGet(46)) - raft.server.threadpool.proxy.cached = true (default)
2023-05-05 09:13:20,158 [Listener at 0.0.0.0/43481] INFO  server.RaftServerConfigKeys (ConfUtils.java:logGet(46)) - raft.server.threadpool.proxy.size = 0 (default)
2023-05-05 09:13:20,158 [Listener at 0.0.0.0/43481] INFO  server.RaftServerConfigKeys (ConfUtils.java:logGet(46)) - raft.server.rpc.slowness.timeout = 120s (custom)
2023-05-05 09:13:20,158 [Listener at 0.0.0.0/43481] INFO  server.RaftServerConfigKeys (ConfUtils.java:logGet(46)) - raft.server.leaderelection.leader.step-down.wait-time = 10s (default)
2023-05-05 09:13:20,158 [Listener at 0.0.0.0/43481] INFO  server.RaftServerConfigKeys (ConfUtils.java:logGet(46)) - raft.server.storage.dir = [/home/runner/work/ozone/ozone/hadoop-ozone/integration-test/target/test-dir/MiniOzoneClusterImpl-463505b4-0bc6-4d58-b137-957c27341022/ozone-meta/ratis] (custom)
2023-05-05 09:13:20,159 [Listener at 0.0.0.0/43481] INFO  server.RaftServer (RaftServerProxy.java:addNew(96)) - om1: addNew group-C5BA1605619E:[om1|rpc:localhost:9872|priority:0|startupRole:FOLLOWER] returns group-C5BA1605619E:java.util.concurrent.CompletableFuture@3caa0038[Not completed]
2023-05-05 09:13:20,159 [pool-1071-thread-1] INFO  server.RaftServer$Division (RaftServerImpl.java:<init>(195)) - om1: new RaftServerImpl for group-C5BA1605619E:[om1|rpc:localhost:9872|priority:0|startupRole:FOLLOWER] with OzoneManagerStateMachine:uninitialized
2023-05-05 09:13:20,159 [Listener at 0.0.0.0/43481] INFO  om.OzoneManager (OzoneManager.java:initializeRatisServer(2106)) - OzoneManager Ratis server initialized at port 9872
2023-05-05 09:13:20,159 [pool-1071-thread-1] INFO  server.RaftServerConfigKeys (ConfUtils.java:logGet(46)) - raft.server.rpc.timeout.min = 1s (custom)
2023-05-05 09:13:20,159 [Listener at 0.0.0.0/43481] INFO  om.OzoneManager (OzoneManager.java:getRpcServer(1153)) - Creating RPC Server
2023-05-05 09:13:20,159 [pool-1071-thread-1] INFO  server.RaftServerConfigKeys (ConfUtils.java:logGet(46)) - raft.server.rpc.timeout.max = 1200ms (custom)
2023-05-05 09:13:20,160 [pool-1071-thread-1] INFO  server.RaftServerConfigKeys (ConfUtils.java:logGet(46)) - raft.server.rpc.sleep.time = 25ms (default)
2023-05-05 09:13:20,160 [pool-1071-thread-1] INFO  server.RaftServerConfigKeys (ConfUtils.java:logGet(46)) - raft.server.rpc.slowness.timeout = 120s (custom)
2023-05-05 09:13:20,160 [pool-1071-thread-1] INFO  server.RaftServerConfigKeys (ConfUtils.java:logGet(46)) - raft.server.leaderelection.leader.step-down.wait-time = 10s (default)
2023-05-05 09:13:20,160 [pool-1071-thread-1] INFO  server.RaftServerConfigKeys (ConfUtils.java:logGet(46)) - raft.server.sleep.deviation.threshold = 300ms (default)
2023-05-05 09:13:20,160 [pool-1071-thread-1] INFO  server.RaftServer$Division (ServerState.java:<init>(118)) - om1@group-C5BA1605619E: ConfigurationManager, init=-1: peers:[om1|rpc:localhost:9872|priority:0|startupRole:FOLLOWER]|listeners:[], old=null, confs=<EMPTY_MAP>
2023-05-05 09:13:20,160 [pool-1071-thread-1] INFO  server.RaftServerConfigKeys (ConfUtils.java:logGet(46)) - raft.server.storage.dir = [/home/runner/work/ozone/ozone/hadoop-ozone/integration-test/target/test-dir/MiniOzoneClusterImpl-463505b4-0bc6-4d58-b137-957c27341022/ozone-meta/ratis] (custom)
2023-05-05 09:13:20,160 [pool-1071-thread-1] INFO  server.RaftServerConfigKeys (ConfUtils.java:logGet(46)) - raft.server.log.corruption.policy = EXCEPTION (default)
2023-05-05 09:13:20,160 [pool-1071-thread-1] INFO  server.RaftServerConfigKeys (ConfUtils.java:logGet(46)) - raft.server.storage.free-space.min = 0MB (=0) (default)
2023-05-05 09:13:20,160 [pool-1071-thread-1] INFO  server.RaftServerConfigKeys (ConfUtils.java:logGet(46)) - raft.server.notification.no-leader.timeout = 120s (custom)
2023-05-05 09:13:20,160 [pool-1071-thread-1] INFO  server.RaftServerConfigKeys (ConfUtils.java:logGet(46)) - raft.server.retrycache.expirytime = 300s (custom)
2023-05-05 09:13:20,160 [pool-1071-thread-1] INFO  server.RaftServerConfigKeys (ConfUtils.java:logGet(46)) - raft.server.retrycache.statistics.expirytime = 100μs (default)
2023-05-05 09:13:20,160 [pool-1071-thread-1] INFO  server.RaftServerConfigKeys (ConfUtils.java:logGet(46)) - raft.server.log.appender.install.snapshot.enabled = false (custom)
2023-05-05 09:13:20,161 [pool-1071-thread-1] INFO  server.RaftServerConfigKeys (ConfUtils.java:logGet(46)) - raft.server.threadpool.server.cached = true (default)
2023-05-05 09:13:20,161 [pool-1071-thread-1] INFO  server.RaftServerConfigKeys (ConfUtils.java:logGet(46)) - raft.server.threadpool.server.size = 0 (default)
2023-05-05 09:13:20,161 [pool-1071-thread-1] INFO  server.RaftServerConfigKeys (ConfUtils.java:logGet(46)) - raft.server.threadpool.client.cached = true (default)
2023-05-05 09:13:20,161 [pool-1071-thread-1] INFO  server.RaftServerConfigKeys (ConfUtils.java:logGet(46)) - raft.server.threadpool.client.size = 0 (default)
2023-05-05 09:13:20,448 [Listener at 0.0.0.0/43481] INFO  reflections.Reflections (Reflections.java:scan(232)) - Reflections took 288 ms to scan 19 urls, producing 68 keys and 5137 values [using 2 cores]
2023-05-05 09:13:20,450 [Listener at 0.0.0.0/43481] INFO  ipc.CallQueueManager (CallQueueManager.java:<init>(90)) - Using callQueue: class java.util.concurrent.LinkedBlockingQueue, queueCapacity: 2000, scheduler: class org.apache.hadoop.ipc.DefaultRpcScheduler, ipcBackoff: false.
2023-05-05 09:13:20,452 [Socket Reader #1 for port 0] INFO  ipc.Server (Server.java:run(1319)) - Starting Socket Reader #1 for port 0
2023-05-05 09:13:20,473 [Listener at 127.0.0.1/37867] INFO  impl.MetricsSystemImpl (MetricsSystemImpl.java:init(158)) - OzoneManager metrics system started (again)
2023-05-05 09:13:20,483 [Listener at 127.0.0.1/37867] INFO  om.OzoneManager (OzoneManager.java:start(1574)) - OzoneManager RPC server is listening at localhost/127.0.0.1:37867
2023-05-05 09:13:20,484 [Listener at 127.0.0.1/37867] INFO  ratis.OzoneManagerRatisServer (OzoneManagerRatisServer.java:start(558)) - Starting OzoneManagerRatisServer om1 at port 9872
2023-05-05 09:13:20,484 [om1-impl-thread1] INFO  storage.RaftStorageDirectory (RaftStorageDirectoryImpl.java:analyzeStorage(137)) - The storage directory /home/runner/work/ozone/ozone/hadoop-ozone/integration-test/target/test-dir/MiniOzoneClusterImpl-463505b4-0bc6-4d58-b137-957c27341022/ozone-meta/ratis/bf265839-605b-3f16-9796-c5ba1605619e does not exist. Creating ...
2023-05-05 09:13:20,486 [om1-impl-thread1] INFO  storage.RaftStorageDirectory (RaftStorageDirectoryImpl.java:tryLock(231)) - Lock on /home/runner/work/ozone/ozone/hadoop-ozone/integration-test/target/test-dir/MiniOzoneClusterImpl-463505b4-0bc6-4d58-b137-957c27341022/ozone-meta/ratis/bf265839-605b-3f16-9796-c5ba1605619e/in_use.lock acquired by nodename 7812@fv-az152-207
2023-05-05 09:13:20,487 [om1-impl-thread1] INFO  storage.RaftStorage (RaftStorageImpl.java:format(96)) - Storage directory /home/runner/work/ozone/ozone/hadoop-ozone/integration-test/target/test-dir/MiniOzoneClusterImpl-463505b4-0bc6-4d58-b137-957c27341022/ozone-meta/ratis/bf265839-605b-3f16-9796-c5ba1605619e has been successfully formatted.
2023-05-05 09:13:20,487 [om1-impl-thread1] INFO  server.RaftServerConfigKeys (ConfUtils.java:logGet(46)) - raft.server.log.use.memory = false (default)
2023-05-05 09:13:20,487 [om1-impl-thread1] INFO  server.RaftServerConfigKeys (ConfUtils.java:logGet(46)) - raft.server.log.purge.gap = 1000000 (custom)
2023-05-05 09:13:20,487 [om1-impl-thread1] INFO  server.RaftServerConfigKeys (ConfUtils.java:logGet(46)) - raft.server.log.appender.buffer.byte-limit = 33554432 (custom)
2023-05-05 09:13:20,487 [om1-impl-thread1] INFO  server.RaftServerConfigKeys (ConfUtils.java:logGet(46)) - raft.server.log.statemachine.data.read.timeout = 1000ms (default)
2023-05-05 09:13:20,487 [om1-impl-thread1] INFO  server.RaftServerConfigKeys (ConfUtils.java:logGet(46)) - raft.server.log.purge.preservation.log.num = 0 (default)
2023-05-05 09:13:20,487 [om1-impl-thread1] INFO  server.RaftServerConfigKeys (ConfUtils.java:logGet(46)) - raft.server.log.segment.size.max = 4194304 (custom)
2023-05-05 09:13:20,487 [om1-impl-thread1] INFO  server.RaftServerConfigKeys (ConfUtils.java:logGet(46)) - raft.server.log.segment.cache.num.max = 2 (custom)
2023-05-05 09:13:20,487 [om1-impl-thread1] INFO  server.RaftServerConfigKeys (ConfUtils.java:logGet(46)) - raft.server.log.segment.cache.size.max = 200MB (=209715200) (default)
2023-05-05 09:13:20,487 [om1-impl-thread1] INFO  segmented.SegmentedRaftLogWorker (SegmentedRaftLogWorker.java:<init>(189)) - new om1@group-C5BA1605619E-SegmentedRaftLogWorker for RaftStorageImpl:Storage Directory /home/runner/work/ozone/ozone/hadoop-ozone/integration-test/target/test-dir/MiniOzoneClusterImpl-463505b4-0bc6-4d58-b137-957c27341022/ozone-meta/ratis/bf265839-605b-3f16-9796-c5ba1605619e
2023-05-05 09:13:20,487 [om1-impl-thread1] INFO  server.RaftServerConfigKeys (ConfUtils.java:logGet(46)) - raft.server.log.queue.byte-limit = 64MB (=67108864) (default)
2023-05-05 09:13:20,487 [om1-impl-thread1] INFO  server.RaftServerConfigKeys (ConfUtils.java:logGet(46)) - raft.server.log.queue.element-limit = 4096 (default)
2023-05-05 09:13:20,488 [om1-impl-thread1] INFO  server.RaftServerConfigKeys (ConfUtils.java:logGet(46)) - raft.server.log.segment.size.max = 4194304 (custom)
2023-05-05 09:13:20,488 [om1-impl-thread1] INFO  server.RaftServerConfigKeys (ConfUtils.java:logGet(46)) - raft.server.log.preallocated.size = 4194304 (custom)
2023-05-05 09:13:20,488 [om1-impl-thread1] INFO  server.RaftServerConfigKeys (ConfUtils.java:logGet(46)) - raft.server.log.force.sync.num = 128 (default)
2023-05-05 09:13:20,488 [om1-impl-thread1] INFO  server.RaftServerConfigKeys (ConfUtils.java:logGet(46)) - raft.server.log.statemachine.data.sync = true (default)
2023-05-05 09:13:20,488 [om1-impl-thread1] INFO  server.RaftServerConfigKeys (ConfUtils.java:logGet(46)) - raft.server.log.statemachine.data.sync.timeout = 10s (default)
2023-05-05 09:13:20,488 [om1-impl-thread1] INFO  server.RaftServerConfigKeys (ConfUtils.java:logGet(46)) - raft.server.log.statemachine.data.sync.timeout.retry = -1 (default)
2023-05-05 09:13:20,488 [om1-impl-thread1] INFO  server.RaftServerConfigKeys (ConfUtils.java:logGet(46)) - raft.server.log.write.buffer.size = 64KB (=65536) (default)
2023-05-05 09:13:20,488 [om1-impl-thread1] INFO  server.RaftServerConfigKeys (ConfUtils.java:logGet(46)) - raft.server.log.appender.buffer.byte-limit = 33554432 (custom)
2023-05-05 09:13:20,493 [om1-impl-thread1] INFO  server.RaftServerConfigKeys (ConfUtils.java:logGet(46)) - raft.server.log.unsafe-flush.enabled = false (default)
2023-05-05 09:13:20,493 [om1-impl-thread1] INFO  server.RaftServerConfigKeys (ConfUtils.java:logGet(46)) - raft.server.log.async-flush.enabled = false (default)
2023-05-05 09:13:20,493 [om1-impl-thread1] INFO  server.RaftServerConfigKeys (ConfUtils.java:logGet(46)) - raft.server.log.statemachine.data.caching.enabled = false (default)
2023-05-05 09:13:20,493 [om1-impl-thread1] INFO  segmented.SegmentedRaftLogWorker (SegmentedRaftLogWorker.java:lambda$new$0(135)) - om1@group-C5BA1605619E-SegmentedRaftLogWorker: flushIndex: setUnconditionally 0 -> -1
2023-05-05 09:13:20,493 [om1-impl-thread1] INFO  segmented.SegmentedRaftLogWorker (SegmentedRaftLogWorker.java:lambda$new$0(135)) - om1@group-C5BA1605619E-SegmentedRaftLogWorker: safeCacheEvictIndex: setUnconditionally 0 -> -1
2023-05-05 09:13:20,493 [om1-impl-thread1] INFO  server.RaftServer$Division (RaftServerImpl.java:start(334)) - om1@group-C5BA1605619E: start as a follower, conf=-1: peers:[om1|rpc:localhost:9872|priority:0|startupRole:FOLLOWER]|listeners:[], old=null
2023-05-05 09:13:20,493 [om1-impl-thread1] INFO  server.RaftServer$Division (RaftServerImpl.java:setRole(321)) - om1@group-C5BA1605619E: changes role from      null to FOLLOWER at term 0 for startAsFollower
2023-05-05 09:13:20,494 [om1-impl-thread1] INFO  impl.RoleInfo (RoleInfo.java:updateAndGet(139)) - om1: start om1@group-C5BA1605619E-FollowerState
2023-05-05 09:13:20,494 [om1-impl-thread1] INFO  util.JmxRegister (JmxRegister.java:tryRegister(44)) - Successfully registered JMX Bean with object name Ratis:service=RaftServer,group=group-C5BA1605619E,id=om1
2023-05-05 09:13:20,495 [om1@group-C5BA1605619E-FollowerState] INFO  server.RaftServerConfigKeys (ConfUtils.java:logFallback(53)) - raft.server.rpc.first-election.timeout.min = 1s (fallback to raft.server.rpc.timeout.min)
2023-05-05 09:13:20,495 [om1-impl-thread1] INFO  server.RaftServerConfigKeys (ConfUtils.java:logGet(46)) - raft.server.snapshot.auto.trigger.enabled = true (custom)
2023-05-05 09:13:20,495 [om1@group-C5BA1605619E-FollowerState] INFO  server.RaftServerConfigKeys (ConfUtils.java:logFallback(53)) - raft.server.rpc.first-election.timeout.max = 1200ms (fallback to raft.server.rpc.timeout.max)
2023-05-05 09:13:20,495 [om1-impl-thread1] INFO  server.RaftServerConfigKeys (ConfUtils.java:logGet(46)) - raft.server.snapshot.auto.trigger.threshold = 400000 (default)
2023-05-05 09:13:20,495 [om1-impl-thread1] INFO  server.RaftServerConfigKeys (ConfUtils.java:logGet(46)) - raft.server.snapshot.retention.file.num = -1 (default)
2023-05-05 09:13:20,495 [om1-impl-thread1] INFO  server.RaftServerConfigKeys (ConfUtils.java:logGet(46)) - raft.server.log.purge.upto.snapshot.index = true (custom)
2023-05-05 09:13:20,495 [Listener at 127.0.0.1/37867] INFO  server.RaftServer (RaftServerProxy.java:startImpl(393)) - om1: start RPC server
2023-05-05 09:13:20,497 [Listener at 127.0.0.1/37867] INFO  server.GrpcService (GrpcService.java:startImpl(262)) - om1: GrpcService started, listening on 9872
2023-05-05 09:13:20,497 [JvmPauseMonitor25] INFO  util.JvmPauseMonitor (JvmPauseMonitor.java:run(105)) - JvmPauseMonitor-om1: Started
2023-05-05 09:13:20,497 [Listener at 127.0.0.1/37867] INFO  om.OzoneManager (OzoneManager.java:start(1590)) - Version File has different layout version (4) than OM DB (null). That is expected if this OM has never been finalized to a newer layout version.
2023-05-05 09:13:20,499 [Listener at 127.0.0.1/37867] INFO  http.BaseHttpServer (BaseHttpServer.java:newHttpServer2BuilderForOzone(224)) - Starting Web-server for ozoneManager at: http://0.0.0.0:0
2023-05-05 09:13:20,500 [Listener at 127.0.0.1/37867] INFO  http.BaseHttpServer (BaseHttpServer.java:<init>(111)) - Hadoop Security Enabled: false Ozone Security Enabled: false Ozone HTTP Security Enabled: false 
2023-05-05 09:13:20,501 [Listener at 127.0.0.1/37867] WARN  server.AuthenticationFilter (AuthenticationFilter.java:constructSecretProvider(240)) - Unable to initialize FileSignerSecretProvider, falling back to use random secrets. Reason: Could not read signature secret file: /home/runner/hadoop-http-auth-signature-secret
2023-05-05 09:13:20,502 [Listener at 127.0.0.1/37867] INFO  http.HttpRequestLog (HttpRequestLog.java:getRequestLog(86)) - Http request log for http.requests.ozoneManager is not defined
2023-05-05 09:13:20,512 [Listener at 127.0.0.1/37867] INFO  http.HttpServer2 (HttpServer2.java:addGlobalFilter(1031)) - Added global filter 'safety' (class=org.apache.hadoop.hdds.server.http.HttpServer2$QuotingInputFilter)
2023-05-05 09:13:20,513 [Listener at 127.0.0.1/37867] INFO  http.HttpServer2 (HttpServer2.java:addFilter(1007)) - Added filter static_user_filter (class=org.apache.hadoop.http.lib.StaticUserWebFilter$StaticUserFilter) to context ozoneManager
2023-05-05 09:13:20,513 [Listener at 127.0.0.1/37867] INFO  http.HttpServer2 (HttpServer2.java:addFilter(1015)) - Added filter static_user_filter (class=org.apache.hadoop.http.lib.StaticUserWebFilter$StaticUserFilter) to context logs
2023-05-05 09:13:20,513 [Listener at 127.0.0.1/37867] INFO  http.HttpServer2 (HttpServer2.java:addFilter(1015)) - Added filter static_user_filter (class=org.apache.hadoop.http.lib.StaticUserWebFilter$StaticUserFilter) to context static
2023-05-05 09:13:20,515 [Listener at 127.0.0.1/37867] INFO  http.BaseHttpServer (BaseHttpServer.java:<init>(190)) - HTTP server of ozoneManager uses base directory /home/runner/work/ozone/ozone/hadoop-ozone/integration-test/target/test-dir/MiniOzoneClusterImpl-463505b4-0bc6-4d58-b137-957c27341022/ozone-meta/webserver
2023-05-05 09:13:20,515 [Listener at 127.0.0.1/37867] INFO  http.HttpServer2 (HttpServer2.java:bindListener(1250)) - Jetty bound to port 36793
2023-05-05 09:13:20,515 [Listener at 127.0.0.1/37867] INFO  server.Server (Server.java:doStart(375)) - jetty-9.4.51.v20230217; built: 2023-02-17T08:19:37.309Z; git: b45c405e4544384de066f814ed42ae3dceacdd49; jvm 1.8.0_362-b09
2023-05-05 09:13:20,516 [Listener at 127.0.0.1/37867] INFO  server.session (DefaultSessionIdManager.java:doStart(334)) - DefaultSessionIdManager workerName=node0
2023-05-05 09:13:20,516 [Listener at 127.0.0.1/37867] INFO  server.session (DefaultSessionIdManager.java:doStart(339)) - No SessionScavenger set, using defaults
2023-05-05 09:13:20,516 [Listener at 127.0.0.1/37867] INFO  server.session (HouseKeeper.java:startScavenging(132)) - node0 Scavenging every 660000ms
2023-05-05 09:13:20,517 [Listener at 127.0.0.1/37867] INFO  handler.ContextHandler (ContextHandler.java:doStart(921)) - Started o.e.j.s.ServletContextHandler@537d845e{logs,/logs,file:///home/runner/work/ozone/ozone/hadoop-ozone/integration-test/target/log,AVAILABLE}
2023-05-05 09:13:20,517 [Listener at 127.0.0.1/37867] INFO  handler.ContextHandler (ContextHandler.java:doStart(921)) - Started o.e.j.s.ServletContextHandler@66a9724{static,/static,file:///home/runner/work/ozone/ozone/hadoop-ozone/integration-test/target/test-classes/webapps/static,AVAILABLE}
2023-05-05 09:13:20,519 [Listener at 127.0.0.1/37867] INFO  handler.ContextHandler (ContextHandler.java:doStart(921)) - Started o.e.j.w.WebAppContext@7134ee23{ozoneManager,/,file:///home/runner/work/ozone/ozone/hadoop-ozone/integration-test/target/test-classes/webapps/ozoneManager/,AVAILABLE}{file:/home/runner/work/ozone/ozone/hadoop-ozone/integration-test/target/test-classes/webapps/ozoneManager}
2023-05-05 09:13:20,524 [Listener at 127.0.0.1/37867] INFO  server.AbstractConnector (AbstractConnector.java:doStart(333)) - Started ServerConnector@97ff3a3{HTTP/1.1, (http/1.1)}{0.0.0.0:36793}
2023-05-05 09:13:20,524 [Listener at 127.0.0.1/37867] INFO  server.Server (Server.java:doStart(415)) - Started @191877ms
2023-05-05 09:13:20,524 [Listener at 127.0.0.1/37867] WARN  impl.MetricsSystemImpl (MetricsSystemImpl.java:register(279)) - Sink prometheus already exists!
2023-05-05 09:13:20,525 [Listener at 127.0.0.1/37867] INFO  http.BaseHttpServer (BaseHttpServer.java:updateConnectorAddress(344)) - HTTP server of ozoneManager listening at http://0.0.0.0:36793
2023-05-05 09:13:20,525 [IPC Server Responder] INFO  ipc.Server (Server.java:run(1558)) - IPC Server Responder: starting
2023-05-05 09:13:20,528 [IPC Server listener on 0] INFO  ipc.Server (Server.java:run(1398)) - IPC Server listener on 0: starting
2023-05-05 09:13:20,530 [Listener at 127.0.0.1/37867] INFO  om.OzoneManager (OzoneManager.java:startTrashEmptier(2050)) - Trash Interval set to 0. Files deleted won't move to trash
2023-05-05 09:13:20,532 [org.apache.hadoop.util.JvmPauseMonitor$Monitor@4f6d05b2] INFO  util.JvmPauseMonitor (JvmPauseMonitor.java:run(188)) - Starting JVM pause monitor
2023-05-05 09:13:20,542 [Listener at 127.0.0.1/37867] WARN  impl.MetricRegistriesImpl (MetricRegistriesImpl.java:addReporterRegistration(111)) - New reporters are added after registries were created. Some metrics will be missing from the reporter. Please add reporter before adding any new registry.
2023-05-05 09:13:20,542 [Listener at 127.0.0.1/37867] WARN  impl.MetricRegistriesImpl (MetricRegistriesImpl.java:addReporterRegistration(111)) - New reporters are added after registries were created. Some metrics will be missing from the reporter. Please add reporter before adding any new registry.
2023-05-05 09:13:20,542 [Listener at 127.0.0.1/37867] INFO  impl.MetricsSystemImpl (MetricsSystemImpl.java:init(158)) - HddsDatanode metrics system started (again)
2023-05-05 09:13:20,554 [Listener at 127.0.0.1/37867] INFO  ozone.HddsDatanodeService (HddsDatanodeService.java:start(252)) - HddsDatanodeService host:fv-az152-207.qln5d00okglujjccfnhxhxodph.cx.internal.cloudapp.net ip:10.1.0.42
2023-05-05 09:13:20,575 [Listener at 127.0.0.1/37867] INFO  upgrade.AbstractLayoutVersionManager (AbstractLayoutVersionManager.java:init(83)) - Initializing Layout version manager with metadata layout = WEBUI_PORTS_IN_DATANODEDETAILS (version = 6), software layout = WEBUI_PORTS_IN_DATANODEDETAILS (version = 6)
2023-05-05 09:13:20,622 [Listener at 127.0.0.1/37867] INFO  reflections.Reflections (Reflections.java:scan(232)) - Reflections took 46 ms to scan 7 urls, producing 156 keys and 369 values 
2023-05-05 09:13:20,624 [Listener at 127.0.0.1/37867] INFO  statemachine.DatanodeStateMachine (DatanodeStateMachine.java:getEndPointTaskThreadPoolSize(267)) - Datanode State Machine Task Thread Pool size 2
2023-05-05 09:13:20,626 [Listener at 127.0.0.1/37867] INFO  volume.HddsVolume (HddsVolume.java:<init>(130)) - Creating HddsVolume: /home/runner/work/ozone/ozone/hadoop-ozone/integration-test/target/test-dir/MiniOzoneClusterImpl-463505b4-0bc6-4d58-b137-957c27341022/datanode-0/data-0/containers/hdds of storage type : DISK capacity : 9223372036854775807
2023-05-05 09:13:20,626 [Listener at 127.0.0.1/37867] INFO  volume.MutableVolumeSet (MutableVolumeSet.java:initializeVolumeSet(175)) - Added Volume : /home/runner/work/ozone/ozone/hadoop-ozone/integration-test/target/test-dir/MiniOzoneClusterImpl-463505b4-0bc6-4d58-b137-957c27341022/datanode-0/data-0/containers/hdds to VolumeSet
2023-05-05 09:13:20,626 [Listener at 127.0.0.1/37867] INFO  volume.ThrottledAsyncChecker (ThrottledAsyncChecker.java:schedule(141)) - Scheduling a check for /home/runner/work/ozone/ozone/hadoop-ozone/integration-test/target/test-dir/MiniOzoneClusterImpl-463505b4-0bc6-4d58-b137-957c27341022/datanode-0/data-0/containers/hdds
2023-05-05 09:13:20,626 [Listener at 127.0.0.1/37867] INFO  volume.StorageVolumeChecker (StorageVolumeChecker.java:checkAllVolumes(202)) - Scheduled health check for volume /home/runner/work/ozone/ozone/hadoop-ozone/integration-test/target/test-dir/MiniOzoneClusterImpl-463505b4-0bc6-4d58-b137-957c27341022/datanode-0/data-0/containers/hdds
2023-05-05 09:13:20,637 [Listener at 127.0.0.1/37867] INFO  volume.MutableVolumeSet (MutableVolumeSet.java:initializeVolumeSet(175)) - Added Volume : /home/runner/work/ozone/ozone/hadoop-ozone/integration-test/target/test-dir/MiniOzoneClusterImpl-463505b4-0bc6-4d58-b137-957c27341022/datanode-0/data/ratis to VolumeSet
2023-05-05 09:13:20,637 [Listener at 127.0.0.1/37867] INFO  volume.ThrottledAsyncChecker (ThrottledAsyncChecker.java:schedule(141)) - Scheduling a check for /home/runner/work/ozone/ozone/hadoop-ozone/integration-test/target/test-dir/MiniOzoneClusterImpl-463505b4-0bc6-4d58-b137-957c27341022/datanode-0/data/ratis
2023-05-05 09:13:20,639 [Listener at 127.0.0.1/37867] INFO  volume.StorageVolumeChecker (StorageVolumeChecker.java:checkAllVolumes(202)) - Scheduled health check for volume /home/runner/work/ozone/ozone/hadoop-ozone/integration-test/target/test-dir/MiniOzoneClusterImpl-463505b4-0bc6-4d58-b137-957c27341022/datanode-0/data/ratis
2023-05-05 09:13:20,648 [Thread-2446] INFO  ozoneimpl.ContainerReader (ContainerReader.java:readVolume(175)) - Finish verifying containers on volume /home/runner/work/ozone/ozone/hadoop-ozone/integration-test/target/test-dir/MiniOzoneClusterImpl-463505b4-0bc6-4d58-b137-957c27341022/datanode-0/data-0/containers/hdds
2023-05-05 09:13:20,648 [Listener at 127.0.0.1/37867] INFO  ozoneimpl.OzoneContainer (OzoneContainer.java:buildContainerSet(303)) - Build ContainerSet costs 0s
2023-05-05 09:13:20,650 [Listener at 127.0.0.1/37867] INFO  server.RaftServer (ConfUtils.java:logGet(46)) - raft.rpc.type = GRPC (default)
2023-05-05 09:13:20,650 [Listener at 127.0.0.1/37867] INFO  grpc.GrpcConfigKeys (ConfUtils.java:logFallback(53)) - raft.grpc.admin.host = null (fallback to raft.grpc.server.host)
2023-05-05 09:13:20,650 [Listener at 127.0.0.1/37867] INFO  grpc.GrpcConfigKeys (ConfUtils.java:logGet(46)) - raft.grpc.admin.port = 0 (custom)
2023-05-05 09:13:20,650 [Listener at 127.0.0.1/37867] INFO  grpc.GrpcConfigKeys (ConfUtils.java:logFallback(53)) - raft.grpc.client.host = null (fallback to raft.grpc.server.host)
2023-05-05 09:13:20,650 [Listener at 127.0.0.1/37867] INFO  grpc.GrpcConfigKeys (ConfUtils.java:logGet(46)) - raft.grpc.client.port = 0 (custom)
2023-05-05 09:13:20,651 [Listener at 127.0.0.1/37867] INFO  grpc.GrpcConfigKeys (ConfUtils.java:logGet(46)) - raft.grpc.server.host = null (default)
2023-05-05 09:13:20,651 [Listener at 127.0.0.1/37867] INFO  grpc.GrpcConfigKeys (ConfUtils.java:logGet(46)) - raft.grpc.server.port = 0 (default)
2023-05-05 09:13:20,651 [Listener at 127.0.0.1/37867] INFO  server.GrpcService (ConfUtils.java:logGet(46)) - raft.grpc.message.size.max = 32MB (=33554432) (custom)
2023-05-05 09:13:20,651 [Listener at 127.0.0.1/37867] INFO  server.RaftServerConfigKeys (ConfUtils.java:logGet(46)) - raft.server.log.appender.buffer.byte-limit = 33554432 (custom)
2023-05-05 09:13:20,651 [Listener at 127.0.0.1/37867] INFO  server.GrpcService (ConfUtils.java:logGet(46)) - raft.grpc.flow.control.window = 5MB (=5242880) (custom)
2023-05-05 09:13:20,651 [Listener at 127.0.0.1/37867] INFO  server.RaftServerConfigKeys (ConfUtils.java:logGet(46)) - raft.server.rpc.request.timeout = 60s (custom)
2023-05-05 09:13:20,651 [Listener at 127.0.0.1/37867] INFO  grpc.GrpcConfigKeys (ConfUtils.java:logGet(46)) - raft.grpc.server.heartbeat.channel = true (default)
2023-05-05 09:13:20,651 [Listener at 127.0.0.1/37867] INFO  grpc.GrpcConfigKeys (ConfUtils.java:logGet(46)) - raft.grpc.server.async.request.thread.pool.cached = true (default)
2023-05-05 09:13:20,651 [Listener at 127.0.0.1/37867] INFO  grpc.GrpcConfigKeys (ConfUtils.java:logGet(46)) - raft.grpc.server.async.request.thread.pool.size = 32 (default)
2023-05-05 09:13:20,652 [Listener at 127.0.0.1/37867] INFO  impl.DataStreamServerImpl (ConfUtils.java:logGet(46)) - raft.datastream.type = NETTY (custom)
2023-05-05 09:13:20,652 [Listener at 127.0.0.1/37867] INFO  server.RaftServerConfigKeys (ConfUtils.java:logGet(46)) - raft.server.data-stream.async.request.thread.pool.cached = false (default)
2023-05-05 09:13:20,652 [Listener at 127.0.0.1/37867] INFO  server.RaftServerConfigKeys (ConfUtils.java:logGet(46)) - raft.server.data-stream.async.request.thread.pool.size = 20 (custom)
2023-05-05 09:13:20,652 [Listener at 127.0.0.1/37867] INFO  server.RaftServerConfigKeys (ConfUtils.java:logGet(46)) - raft.server.data-stream.async.write.thread.pool.size = 16 (default)
2023-05-05 09:13:20,652 [Listener at 127.0.0.1/37867] INFO  server.RaftServerConfigKeys (ConfUtils.java:logGet(46)) - raft.server.data-stream.client.pool.size = 10 (default)
2023-05-05 09:13:20,653 [Listener at 127.0.0.1/37867] INFO  netty.NettyConfigKeys$DataStream (ConfUtils.java:logGet(46)) - raft.netty.dataStream.server.use-epoll = false (default)
2023-05-05 09:13:20,653 [Listener at 127.0.0.1/37867] INFO  netty.NettyConfigKeys$DataStream (ConfUtils.java:logGet(46)) - raft.netty.dataStream.server.boss-group.size = 0 (default)
2023-05-05 09:13:20,653 [Listener at 127.0.0.1/37867] INFO  netty.NettyConfigKeys$DataStream (ConfUtils.java:logGet(46)) - raft.netty.dataStream.server.worker-group.size = 0 (default)
2023-05-05 09:13:20,653 [Listener at 127.0.0.1/37867] INFO  netty.NettyConfigKeys$DataStream (ConfUtils.java:logGet(46)) - raft.netty.dataStream.server.tls.conf = null (default)
2023-05-05 09:13:20,653 [Listener at 127.0.0.1/37867] INFO  netty.NettyConfigKeys$DataStream (ConfUtils.java:logGet(46)) - raft.netty.dataStream.host = null (default)
2023-05-05 09:13:20,653 [Listener at 127.0.0.1/37867] INFO  netty.NettyConfigKeys$DataStream (ConfUtils.java:logGet(46)) - raft.netty.dataStream.port = 0 (default)
2023-05-05 09:13:20,654 [Listener at 127.0.0.1/37867] INFO  server.RaftServerConfigKeys (ConfUtils.java:logGet(46)) - raft.server.threadpool.proxy.cached = true (default)
2023-05-05 09:13:20,654 [Listener at 127.0.0.1/37867] INFO  server.RaftServerConfigKeys (ConfUtils.java:logGet(46)) - raft.server.threadpool.proxy.size = 0 (default)
2023-05-05 09:13:20,654 [Listener at 127.0.0.1/37867] INFO  server.RaftServerConfigKeys (ConfUtils.java:logGet(46)) - raft.server.rpc.slowness.timeout = 300s (custom)
2023-05-05 09:13:20,654 [Listener at 127.0.0.1/37867] INFO  server.RaftServerConfigKeys (ConfUtils.java:logGet(46)) - raft.server.leaderelection.leader.step-down.wait-time = 10s (default)
2023-05-05 09:13:20,654 [Listener at 127.0.0.1/37867] INFO  server.RaftServerConfigKeys (ConfUtils.java:logGet(46)) - raft.server.storage.dir = [/home/runner/work/ozone/ozone/hadoop-ozone/integration-test/target/test-dir/MiniOzoneClusterImpl-463505b4-0bc6-4d58-b137-957c27341022/datanode-0/data/ratis] (custom)
2023-05-05 09:13:20,654 [331cda18-a74d-44be-9546-cb2763b08ec0-NettyServerStreamRpc-bossGroup--thread1] INFO  logging.LoggingHandler (AbstractInternalLogger.java:log(148)) - [id: 0x84957ade] REGISTERED
2023-05-05 09:13:20,655 [331cda18-a74d-44be-9546-cb2763b08ec0-NettyServerStreamRpc-bossGroup--thread1] INFO  logging.LoggingHandler (AbstractInternalLogger.java:log(148)) - [id: 0x84957ade] BIND: 0.0.0.0/0.0.0.0:0
2023-05-05 09:13:20,655 [331cda18-a74d-44be-9546-cb2763b08ec0-NettyServerStreamRpc-bossGroup--thread1] INFO  logging.LoggingHandler (AbstractInternalLogger.java:log(148)) - [id: 0x84957ade, L:/0:0:0:0:0:0:0:0:38911] ACTIVE
2023-05-05 09:13:20,656 [Listener at 127.0.0.1/37867] INFO  server.XceiverServerGrpc (XceiverServerGrpc.java:<init>(132)) - GrpcServer channel type EpollServerSocketChannel
2023-05-05 09:13:20,657 [Listener at 127.0.0.1/37867] INFO  replication.ReplicationSupervisor (ReplicationSupervisor.java:nodeStateUpdated(290)) - Node state updated to IN_SERVICE, scaling executor pool size to 10
2023-05-05 09:13:20,658 [Listener at 127.0.0.1/37867] INFO  http.BaseHttpServer (BaseHttpServer.java:newHttpServer2BuilderForOzone(224)) - Starting Web-server for hddsDatanode at: http://0.0.0.0:0
2023-05-05 09:13:20,659 [Listener at 127.0.0.1/37867] INFO  http.BaseHttpServer (BaseHttpServer.java:<init>(111)) - Hadoop Security Enabled: false Ozone Security Enabled: false Ozone HTTP Security Enabled: false 
2023-05-05 09:13:20,659 [Listener at 127.0.0.1/37867] WARN  server.AuthenticationFilter (AuthenticationFilter.java:constructSecretProvider(240)) - Unable to initialize FileSignerSecretProvider, falling back to use random secrets. Reason: Could not read signature secret file: /home/runner/hadoop-http-auth-signature-secret
2023-05-05 09:13:20,660 [Listener at 127.0.0.1/37867] INFO  http.HttpRequestLog (HttpRequestLog.java:getRequestLog(86)) - Http request log for http.requests.hddsDatanode is not defined
2023-05-05 09:13:20,661 [Listener at 127.0.0.1/37867] INFO  http.HttpServer2 (HttpServer2.java:addGlobalFilter(1031)) - Added global filter 'safety' (class=org.apache.hadoop.hdds.server.http.HttpServer2$QuotingInputFilter)
2023-05-05 09:13:20,661 [Listener at 127.0.0.1/37867] INFO  http.HttpServer2 (HttpServer2.java:addFilter(1007)) - Added filter static_user_filter (class=org.apache.hadoop.http.lib.StaticUserWebFilter$StaticUserFilter) to context hddsDatanode
2023-05-05 09:13:20,661 [Listener at 127.0.0.1/37867] INFO  http.HttpServer2 (HttpServer2.java:addFilter(1015)) - Added filter static_user_filter (class=org.apache.hadoop.http.lib.StaticUserWebFilter$StaticUserFilter) to context static
2023-05-05 09:13:20,661 [Listener at 127.0.0.1/37867] INFO  http.HttpServer2 (HttpServer2.java:addFilter(1015)) - Added filter static_user_filter (class=org.apache.hadoop.http.lib.StaticUserWebFilter$StaticUserFilter) to context logs
2023-05-05 09:13:20,661 [Listener at 127.0.0.1/37867] INFO  http.BaseHttpServer (BaseHttpServer.java:<init>(190)) - HTTP server of hddsDatanode uses base directory /home/runner/work/ozone/ozone/hadoop-ozone/integration-test/target/test-dir/MiniOzoneClusterImpl-463505b4-0bc6-4d58-b137-957c27341022/datanode-0/meta/webserver
2023-05-05 09:13:20,662 [Listener at 127.0.0.1/37867] INFO  http.HttpServer2 (HttpServer2.java:bindListener(1250)) - Jetty bound to port 36895
2023-05-05 09:13:20,662 [Listener at 127.0.0.1/37867] INFO  server.Server (Server.java:doStart(375)) - jetty-9.4.51.v20230217; built: 2023-02-17T08:19:37.309Z; git: b45c405e4544384de066f814ed42ae3dceacdd49; jvm 1.8.0_362-b09
2023-05-05 09:13:20,669 [Listener at 127.0.0.1/37867] INFO  server.session (DefaultSessionIdManager.java:doStart(334)) - DefaultSessionIdManager workerName=node0
2023-05-05 09:13:20,669 [Listener at 127.0.0.1/37867] INFO  server.session (DefaultSessionIdManager.java:doStart(339)) - No SessionScavenger set, using defaults
2023-05-05 09:13:20,669 [Listener at 127.0.0.1/37867] INFO  server.session (HouseKeeper.java:startScavenging(132)) - node0 Scavenging every 600000ms
2023-05-05 09:13:20,670 [Listener at 127.0.0.1/37867] INFO  handler.ContextHandler (ContextHandler.java:doStart(921)) - Started o.e.j.s.ServletContextHandler@2d6405d9{logs,/logs,file:///home/runner/work/ozone/ozone/hadoop-ozone/integration-test/target/log,AVAILABLE}
2023-05-05 09:13:20,670 [Listener at 127.0.0.1/37867] INFO  handler.ContextHandler (ContextHandler.java:doStart(921)) - Started o.e.j.s.ServletContextHandler@1e5bc8e9{static,/static,jar:file:/home/runner/.m2/repository/org/apache/ozone/hdds-container-service/1.4.0-SNAPSHOT/hdds-container-service-1.4.0-SNAPSHOT.jar!/webapps/static,AVAILABLE}
2023-05-05 09:13:20,861 [Listener at 127.0.0.1/37867] INFO  handler.ContextHandler (ContextHandler.java:doStart(921)) - Started o.e.j.w.WebAppContext@4f5de6ab{hddsDatanode,/,file:///home/runner/work/ozone/ozone/hadoop-ozone/integration-test/target/test-dir/MiniOzoneClusterImpl-463505b4-0bc6-4d58-b137-957c27341022/datanode-0/meta/webserver/jetty-0_0_0_0-36895-hdds-container-service-1_4_0-SNAPSHOT_jar-_-any-8125022508559442379/webapp/,AVAILABLE}{jar:file:/home/runner/.m2/repository/org/apache/ozone/hdds-container-service/1.4.0-SNAPSHOT/hdds-container-service-1.4.0-SNAPSHOT.jar!/webapps/hddsDatanode}
2023-05-05 09:13:20,862 [Listener at 127.0.0.1/37867] INFO  server.AbstractConnector (AbstractConnector.java:doStart(333)) - Started ServerConnector@4410d18f{HTTP/1.1, (http/1.1)}{0.0.0.0:36895}
2023-05-05 09:13:20,862 [Listener at 127.0.0.1/37867] INFO  server.Server (Server.java:doStart(415)) - Started @192215ms
2023-05-05 09:13:20,862 [Listener at 127.0.0.1/37867] WARN  impl.MetricsSystemImpl (MetricsSystemImpl.java:register(279)) - Sink prometheus already exists!
2023-05-05 09:13:20,863 [Listener at 127.0.0.1/37867] INFO  http.BaseHttpServer (BaseHttpServer.java:updateConnectorAddress(344)) - HTTP server of hddsDatanode listening at http://0.0.0.0:36895
2023-05-05 09:13:20,863 [Datanode State Machine Daemon Thread] INFO  statemachine.DatanodeStateMachine (DatanodeStateMachine.java:lambda$startDaemon$0(524)) - Ozone container server started.
2023-05-05 09:13:20,863 [Listener at 127.0.0.1/37867] WARN  impl.MetricRegistriesImpl (MetricRegistriesImpl.java:addReporterRegistration(111)) - New reporters are added after registries were created. Some metrics will be missing from the reporter. Please add reporter before adding any new registry.
2023-05-05 09:13:20,864 [Listener at 127.0.0.1/37867] WARN  impl.MetricRegistriesImpl (MetricRegistriesImpl.java:addReporterRegistration(111)) - New reporters are added after registries were created. Some metrics will be missing from the reporter. Please add reporter before adding any new registry.
2023-05-05 09:13:20,864 [Listener at 127.0.0.1/37867] INFO  impl.MetricsSystemImpl (MetricsSystemImpl.java:init(158)) - HddsDatanode metrics system started (again)
2023-05-05 09:13:20,875 [Listener at 127.0.0.1/37867] INFO  ozone.HddsDatanodeService (HddsDatanodeService.java:start(252)) - HddsDatanodeService host:fv-az152-207.qln5d00okglujjccfnhxhxodph.cx.internal.cloudapp.net ip:10.1.0.42
2023-05-05 09:13:20,876 [org.apache.hadoop.util.JvmPauseMonitor$Monitor@418c8230] INFO  util.JvmPauseMonitor (JvmPauseMonitor.java:run(188)) - Starting JVM pause monitor
2023-05-05 09:13:20,883 [Datanode State Machine Task Thread - 0] INFO  datanode.InitDatanodeState (InitDatanodeState.java:persistContainerDatanodeDetails(138)) - DatanodeDetails is persisted to /home/runner/work/ozone/ozone/hadoop-ozone/integration-test/target/test-dir/MiniOzoneClusterImpl-463505b4-0bc6-4d58-b137-957c27341022/datanode-0/meta/datanode.id
2023-05-05 09:13:20,903 [Listener at 127.0.0.1/37867] INFO  upgrade.AbstractLayoutVersionManager (AbstractLayoutVersionManager.java:init(83)) - Initializing Layout version manager with metadata layout = WEBUI_PORTS_IN_DATANODEDETAILS (version = 6), software layout = WEBUI_PORTS_IN_DATANODEDETAILS (version = 6)
2023-05-05 09:13:20,950 [Listener at 127.0.0.1/37867] INFO  reflections.Reflections (Reflections.java:scan(232)) - Reflections took 45 ms to scan 7 urls, producing 156 keys and 369 values 
2023-05-05 09:13:20,953 [Listener at 127.0.0.1/37867] INFO  statemachine.DatanodeStateMachine (DatanodeStateMachine.java:getEndPointTaskThreadPoolSize(267)) - Datanode State Machine Task Thread Pool size 2
2023-05-05 09:13:20,956 [Listener at 127.0.0.1/37867] INFO  volume.HddsVolume (HddsVolume.java:<init>(130)) - Creating HddsVolume: /home/runner/work/ozone/ozone/hadoop-ozone/integration-test/target/test-dir/MiniOzoneClusterImpl-463505b4-0bc6-4d58-b137-957c27341022/datanode-1/data-0/containers/hdds of storage type : DISK capacity : 9223372036854775807
2023-05-05 09:13:20,957 [Listener at 127.0.0.1/37867] INFO  volume.MutableVolumeSet (MutableVolumeSet.java:initializeVolumeSet(175)) - Added Volume : /home/runner/work/ozone/ozone/hadoop-ozone/integration-test/target/test-dir/MiniOzoneClusterImpl-463505b4-0bc6-4d58-b137-957c27341022/datanode-1/data-0/containers/hdds to VolumeSet
2023-05-05 09:13:20,957 [Listener at 127.0.0.1/37867] INFO  volume.ThrottledAsyncChecker (ThrottledAsyncChecker.java:schedule(141)) - Scheduling a check for /home/runner/work/ozone/ozone/hadoop-ozone/integration-test/target/test-dir/MiniOzoneClusterImpl-463505b4-0bc6-4d58-b137-957c27341022/datanode-1/data-0/containers/hdds
2023-05-05 09:13:20,957 [Listener at 127.0.0.1/37867] INFO  volume.StorageVolumeChecker (StorageVolumeChecker.java:checkAllVolumes(202)) - Scheduled health check for volume /home/runner/work/ozone/ozone/hadoop-ozone/integration-test/target/test-dir/MiniOzoneClusterImpl-463505b4-0bc6-4d58-b137-957c27341022/datanode-1/data-0/containers/hdds
2023-05-05 09:13:20,969 [Listener at 127.0.0.1/37867] INFO  volume.MutableVolumeSet (MutableVolumeSet.java:initializeVolumeSet(175)) - Added Volume : /home/runner/work/ozone/ozone/hadoop-ozone/integration-test/target/test-dir/MiniOzoneClusterImpl-463505b4-0bc6-4d58-b137-957c27341022/datanode-1/data/ratis to VolumeSet
2023-05-05 09:13:20,969 [Listener at 127.0.0.1/37867] INFO  volume.ThrottledAsyncChecker (ThrottledAsyncChecker.java:schedule(141)) - Scheduling a check for /home/runner/work/ozone/ozone/hadoop-ozone/integration-test/target/test-dir/MiniOzoneClusterImpl-463505b4-0bc6-4d58-b137-957c27341022/datanode-1/data/ratis
2023-05-05 09:13:20,969 [Listener at 127.0.0.1/37867] INFO  volume.StorageVolumeChecker (StorageVolumeChecker.java:checkAllVolumes(202)) - Scheduled health check for volume /home/runner/work/ozone/ozone/hadoop-ozone/integration-test/target/test-dir/MiniOzoneClusterImpl-463505b4-0bc6-4d58-b137-957c27341022/datanode-1/data/ratis
2023-05-05 09:13:20,980 [Thread-2460] INFO  ozoneimpl.ContainerReader (ContainerReader.java:readVolume(175)) - Finish verifying containers on volume /home/runner/work/ozone/ozone/hadoop-ozone/integration-test/target/test-dir/MiniOzoneClusterImpl-463505b4-0bc6-4d58-b137-957c27341022/datanode-1/data-0/containers/hdds
2023-05-05 09:13:20,980 [Listener at 127.0.0.1/37867] INFO  ozoneimpl.OzoneContainer (OzoneContainer.java:buildContainerSet(303)) - Build ContainerSet costs 0s
2023-05-05 09:13:20,982 [Listener at 127.0.0.1/37867] INFO  server.RaftServer (ConfUtils.java:logGet(46)) - raft.rpc.type = GRPC (default)
2023-05-05 09:13:20,982 [Listener at 127.0.0.1/37867] INFO  grpc.GrpcConfigKeys (ConfUtils.java:logFallback(53)) - raft.grpc.admin.host = null (fallback to raft.grpc.server.host)
2023-05-05 09:13:20,982 [Listener at 127.0.0.1/37867] INFO  grpc.GrpcConfigKeys (ConfUtils.java:logGet(46)) - raft.grpc.admin.port = 0 (custom)
2023-05-05 09:13:20,982 [Listener at 127.0.0.1/37867] INFO  grpc.GrpcConfigKeys (ConfUtils.java:logFallback(53)) - raft.grpc.client.host = null (fallback to raft.grpc.server.host)
2023-05-05 09:13:20,982 [Listener at 127.0.0.1/37867] INFO  grpc.GrpcConfigKeys (ConfUtils.java:logGet(46)) - raft.grpc.client.port = 0 (custom)
2023-05-05 09:13:20,982 [Listener at 127.0.0.1/37867] INFO  grpc.GrpcConfigKeys (ConfUtils.java:logGet(46)) - raft.grpc.server.host = null (default)
2023-05-05 09:13:20,982 [Listener at 127.0.0.1/37867] INFO  grpc.GrpcConfigKeys (ConfUtils.java:logGet(46)) - raft.grpc.server.port = 0 (default)
2023-05-05 09:13:20,982 [Listener at 127.0.0.1/37867] INFO  server.GrpcService (ConfUtils.java:logGet(46)) - raft.grpc.message.size.max = 32MB (=33554432) (custom)
2023-05-05 09:13:20,982 [Listener at 127.0.0.1/37867] INFO  server.RaftServerConfigKeys (ConfUtils.java:logGet(46)) - raft.server.log.appender.buffer.byte-limit = 33554432 (custom)
2023-05-05 09:13:20,982 [Listener at 127.0.0.1/37867] INFO  server.GrpcService (ConfUtils.java:logGet(46)) - raft.grpc.flow.control.window = 5MB (=5242880) (custom)
2023-05-05 09:13:20,983 [Listener at 127.0.0.1/37867] INFO  server.RaftServerConfigKeys (ConfUtils.java:logGet(46)) - raft.server.rpc.request.timeout = 60s (custom)
2023-05-05 09:13:20,983 [Listener at 127.0.0.1/37867] INFO  grpc.GrpcConfigKeys (ConfUtils.java:logGet(46)) - raft.grpc.server.heartbeat.channel = true (default)
2023-05-05 09:13:20,983 [Listener at 127.0.0.1/37867] INFO  grpc.GrpcConfigKeys (ConfUtils.java:logGet(46)) - raft.grpc.server.async.request.thread.pool.cached = true (default)
2023-05-05 09:13:20,983 [Listener at 127.0.0.1/37867] INFO  grpc.GrpcConfigKeys (ConfUtils.java:logGet(46)) - raft.grpc.server.async.request.thread.pool.size = 32 (default)
2023-05-05 09:13:20,984 [Listener at 127.0.0.1/37867] INFO  impl.DataStreamServerImpl (ConfUtils.java:logGet(46)) - raft.datastream.type = NETTY (custom)
2023-05-05 09:13:20,985 [Listener at 127.0.0.1/37867] INFO  server.RaftServerConfigKeys (ConfUtils.java:logGet(46)) - raft.server.data-stream.async.request.thread.pool.cached = false (default)
2023-05-05 09:13:20,985 [Listener at 127.0.0.1/37867] INFO  server.RaftServerConfigKeys (ConfUtils.java:logGet(46)) - raft.server.data-stream.async.request.thread.pool.size = 20 (custom)
2023-05-05 09:13:20,985 [Listener at 127.0.0.1/37867] INFO  server.RaftServerConfigKeys (ConfUtils.java:logGet(46)) - raft.server.data-stream.async.write.thread.pool.size = 16 (default)
2023-05-05 09:13:20,985 [Listener at 127.0.0.1/37867] INFO  server.RaftServerConfigKeys (ConfUtils.java:logGet(46)) - raft.server.data-stream.client.pool.size = 10 (default)
2023-05-05 09:13:20,985 [Listener at 127.0.0.1/37867] INFO  netty.NettyConfigKeys$DataStream (ConfUtils.java:logGet(46)) - raft.netty.dataStream.server.use-epoll = false (default)
2023-05-05 09:13:20,985 [Listener at 127.0.0.1/37867] INFO  netty.NettyConfigKeys$DataStream (ConfUtils.java:logGet(46)) - raft.netty.dataStream.server.boss-group.size = 0 (default)
2023-05-05 09:13:20,985 [Listener at 127.0.0.1/37867] INFO  netty.NettyConfigKeys$DataStream (ConfUtils.java:logGet(46)) - raft.netty.dataStream.server.worker-group.size = 0 (default)
2023-05-05 09:13:20,986 [Listener at 127.0.0.1/37867] INFO  netty.NettyConfigKeys$DataStream (ConfUtils.java:logGet(46)) - raft.netty.dataStream.server.tls.conf = null (default)
2023-05-05 09:13:20,986 [Listener at 127.0.0.1/37867] INFO  netty.NettyConfigKeys$DataStream (ConfUtils.java:logGet(46)) - raft.netty.dataStream.host = null (default)
2023-05-05 09:13:20,986 [Listener at 127.0.0.1/37867] INFO  netty.NettyConfigKeys$DataStream (ConfUtils.java:logGet(46)) - raft.netty.dataStream.port = 0 (default)
2023-05-05 09:13:20,986 [Listener at 127.0.0.1/37867] INFO  server.RaftServerConfigKeys (ConfUtils.java:logGet(46)) - raft.server.threadpool.proxy.cached = true (default)
2023-05-05 09:13:20,986 [Listener at 127.0.0.1/37867] INFO  server.RaftServerConfigKeys (ConfUtils.java:logGet(46)) - raft.server.threadpool.proxy.size = 0 (default)
2023-05-05 09:13:20,986 [Listener at 127.0.0.1/37867] INFO  server.RaftServerConfigKeys (ConfUtils.java:logGet(46)) - raft.server.rpc.slowness.timeout = 300s (custom)
2023-05-05 09:13:20,986 [Listener at 127.0.0.1/37867] INFO  server.RaftServerConfigKeys (ConfUtils.java:logGet(46)) - raft.server.leaderelection.leader.step-down.wait-time = 10s (default)
2023-05-05 09:13:20,986 [Listener at 127.0.0.1/37867] INFO  server.RaftServerConfigKeys (ConfUtils.java:logGet(46)) - raft.server.storage.dir = [/home/runner/work/ozone/ozone/hadoop-ozone/integration-test/target/test-dir/MiniOzoneClusterImpl-463505b4-0bc6-4d58-b137-957c27341022/datanode-1/data/ratis] (custom)
2023-05-05 09:13:20,987 [4e824c96-211f-4ca2-8aff-d3ca17aa07c4-NettyServerStreamRpc-bossGroup--thread1] INFO  logging.LoggingHandler (AbstractInternalLogger.java:log(148)) - [id: 0x6945b9bc] REGISTERED
2023-05-05 09:13:20,987 [4e824c96-211f-4ca2-8aff-d3ca17aa07c4-NettyServerStreamRpc-bossGroup--thread1] INFO  logging.LoggingHandler (AbstractInternalLogger.java:log(148)) - [id: 0x6945b9bc] BIND: 0.0.0.0/0.0.0.0:0
2023-05-05 09:13:20,987 [4e824c96-211f-4ca2-8aff-d3ca17aa07c4-NettyServerStreamRpc-bossGroup--thread1] INFO  logging.LoggingHandler (AbstractInternalLogger.java:log(148)) - [id: 0x6945b9bc, L:/0:0:0:0:0:0:0:0:37115] ACTIVE
2023-05-05 09:13:20,989 [Listener at 127.0.0.1/37867] INFO  server.XceiverServerGrpc (XceiverServerGrpc.java:<init>(132)) - GrpcServer channel type EpollServerSocketChannel
2023-05-05 09:13:20,990 [Listener at 127.0.0.1/37867] INFO  replication.ReplicationSupervisor (ReplicationSupervisor.java:nodeStateUpdated(290)) - Node state updated to IN_SERVICE, scaling executor pool size to 10
2023-05-05 09:13:20,991 [Listener at 127.0.0.1/37867] INFO  http.BaseHttpServer (BaseHttpServer.java:newHttpServer2BuilderForOzone(224)) - Starting Web-server for hddsDatanode at: http://0.0.0.0:0
2023-05-05 09:13:20,991 [Listener at 127.0.0.1/37867] INFO  http.BaseHttpServer (BaseHttpServer.java:<init>(111)) - Hadoop Security Enabled: false Ozone Security Enabled: false Ozone HTTP Security Enabled: false 
2023-05-05 09:13:20,992 [Listener at 127.0.0.1/37867] WARN  server.AuthenticationFilter (AuthenticationFilter.java:constructSecretProvider(240)) - Unable to initialize FileSignerSecretProvider, falling back to use random secrets. Reason: Could not read signature secret file: /home/runner/hadoop-http-auth-signature-secret
2023-05-05 09:13:20,993 [Listener at 127.0.0.1/37867] INFO  http.HttpRequestLog (HttpRequestLog.java:getRequestLog(86)) - Http request log for http.requests.hddsDatanode is not defined
2023-05-05 09:13:20,994 [Listener at 127.0.0.1/37867] INFO  http.HttpServer2 (HttpServer2.java:addGlobalFilter(1031)) - Added global filter 'safety' (class=org.apache.hadoop.hdds.server.http.HttpServer2$QuotingInputFilter)
2023-05-05 09:13:20,994 [Listener at 127.0.0.1/37867] INFO  http.HttpServer2 (HttpServer2.java:addFilter(1007)) - Added filter static_user_filter (class=org.apache.hadoop.http.lib.StaticUserWebFilter$StaticUserFilter) to context hddsDatanode
2023-05-05 09:13:20,994 [Listener at 127.0.0.1/37867] INFO  http.HttpServer2 (HttpServer2.java:addFilter(1015)) - Added filter static_user_filter (class=org.apache.hadoop.http.lib.StaticUserWebFilter$StaticUserFilter) to context logs
2023-05-05 09:13:20,994 [Listener at 127.0.0.1/37867] INFO  http.HttpServer2 (HttpServer2.java:addFilter(1015)) - Added filter static_user_filter (class=org.apache.hadoop.http.lib.StaticUserWebFilter$StaticUserFilter) to context static
2023-05-05 09:13:20,995 [Listener at 127.0.0.1/37867] INFO  http.BaseHttpServer (BaseHttpServer.java:<init>(190)) - HTTP server of hddsDatanode uses base directory /home/runner/work/ozone/ozone/hadoop-ozone/integration-test/target/test-dir/MiniOzoneClusterImpl-463505b4-0bc6-4d58-b137-957c27341022/datanode-1/meta/webserver
2023-05-05 09:13:20,995 [Listener at 127.0.0.1/37867] INFO  http.HttpServer2 (HttpServer2.java:bindListener(1250)) - Jetty bound to port 38277
2023-05-05 09:13:20,995 [Listener at 127.0.0.1/37867] INFO  server.Server (Server.java:doStart(375)) - jetty-9.4.51.v20230217; built: 2023-02-17T08:19:37.309Z; git: b45c405e4544384de066f814ed42ae3dceacdd49; jvm 1.8.0_362-b09
2023-05-05 09:13:20,996 [Listener at 127.0.0.1/37867] INFO  server.session (DefaultSessionIdManager.java:doStart(334)) - DefaultSessionIdManager workerName=node0
2023-05-05 09:13:20,996 [Listener at 127.0.0.1/37867] INFO  server.session (DefaultSessionIdManager.java:doStart(339)) - No SessionScavenger set, using defaults
2023-05-05 09:13:20,996 [Listener at 127.0.0.1/37867] INFO  server.session (HouseKeeper.java:startScavenging(132)) - node0 Scavenging every 660000ms
2023-05-05 09:13:20,997 [Listener at 127.0.0.1/37867] INFO  handler.ContextHandler (ContextHandler.java:doStart(921)) - Started o.e.j.s.ServletContextHandler@3ad22815{logs,/logs,file:///home/runner/work/ozone/ozone/hadoop-ozone/integration-test/target/log,AVAILABLE}
2023-05-05 09:13:20,997 [Listener at 127.0.0.1/37867] INFO  handler.ContextHandler (ContextHandler.java:doStart(921)) - Started o.e.j.s.ServletContextHandler@53ed6916{static,/static,jar:file:/home/runner/.m2/repository/org/apache/ozone/hdds-container-service/1.4.0-SNAPSHOT/hdds-container-service-1.4.0-SNAPSHOT.jar!/webapps/static,AVAILABLE}
2023-05-05 09:13:21,198 [Listener at 127.0.0.1/37867] INFO  handler.ContextHandler (ContextHandler.java:doStart(921)) - Started o.e.j.w.WebAppContext@26dc5353{hddsDatanode,/,file:///home/runner/work/ozone/ozone/hadoop-ozone/integration-test/target/test-dir/MiniOzoneClusterImpl-463505b4-0bc6-4d58-b137-957c27341022/datanode-1/meta/webserver/jetty-0_0_0_0-38277-hdds-container-service-1_4_0-SNAPSHOT_jar-_-any-8501711965003629273/webapp/,AVAILABLE}{jar:file:/home/runner/.m2/repository/org/apache/ozone/hdds-container-service/1.4.0-SNAPSHOT/hdds-container-service-1.4.0-SNAPSHOT.jar!/webapps/hddsDatanode}
2023-05-05 09:13:21,200 [Listener at 127.0.0.1/37867] INFO  server.AbstractConnector (AbstractConnector.java:doStart(333)) - Started ServerConnector@630cd734{HTTP/1.1, (http/1.1)}{0.0.0.0:38277}
2023-05-05 09:13:21,200 [Listener at 127.0.0.1/37867] INFO  server.Server (Server.java:doStart(415)) - Started @192553ms
2023-05-05 09:13:21,200 [Listener at 127.0.0.1/37867] WARN  impl.MetricsSystemImpl (MetricsSystemImpl.java:register(279)) - Sink prometheus already exists!
2023-05-05 09:13:21,201 [Listener at 127.0.0.1/37867] INFO  http.BaseHttpServer (BaseHttpServer.java:updateConnectorAddress(344)) - HTTP server of hddsDatanode listening at http://0.0.0.0:38277
2023-05-05 09:13:21,208 [Listener at 127.0.0.1/37867] WARN  impl.MetricRegistriesImpl (MetricRegistriesImpl.java:addReporterRegistration(111)) - New reporters are added after registries were created. Some metrics will be missing from the reporter. Please add reporter before adding any new registry.
2023-05-05 09:13:21,208 [Listener at 127.0.0.1/37867] WARN  impl.MetricRegistriesImpl (MetricRegistriesImpl.java:addReporterRegistration(111)) - New reporters are added after registries were created. Some metrics will be missing from the reporter. Please add reporter before adding any new registry.
2023-05-05 09:13:21,208 [Listener at 127.0.0.1/37867] INFO  impl.MetricsSystemImpl (MetricsSystemImpl.java:init(158)) - HddsDatanode metrics system started (again)
2023-05-05 09:13:21,208 [Datanode State Machine Daemon Thread] INFO  statemachine.DatanodeStateMachine (DatanodeStateMachine.java:lambda$startDaemon$0(524)) - Ozone container server started.
2023-05-05 09:13:21,221 [Listener at 127.0.0.1/37867] INFO  ozone.HddsDatanodeService (HddsDatanodeService.java:start(252)) - HddsDatanodeService host:fv-az152-207.qln5d00okglujjccfnhxhxodph.cx.internal.cloudapp.net ip:10.1.0.42
2023-05-05 09:13:21,229 [org.apache.hadoop.util.JvmPauseMonitor$Monitor@eb5d38b] INFO  util.JvmPauseMonitor (JvmPauseMonitor.java:run(188)) - Starting JVM pause monitor
2023-05-05 09:13:21,236 [Datanode State Machine Task Thread - 0] INFO  datanode.InitDatanodeState (InitDatanodeState.java:persistContainerDatanodeDetails(138)) - DatanodeDetails is persisted to /home/runner/work/ozone/ozone/hadoop-ozone/integration-test/target/test-dir/MiniOzoneClusterImpl-463505b4-0bc6-4d58-b137-957c27341022/datanode-1/meta/datanode.id
2023-05-05 09:13:21,244 [Listener at 127.0.0.1/37867] INFO  upgrade.AbstractLayoutVersionManager (AbstractLayoutVersionManager.java:init(83)) - Initializing Layout version manager with metadata layout = WEBUI_PORTS_IN_DATANODEDETAILS (version = 6), software layout = WEBUI_PORTS_IN_DATANODEDETAILS (version = 6)
2023-05-05 09:13:21,290 [Listener at 127.0.0.1/37867] INFO  reflections.Reflections (Reflections.java:scan(232)) - Reflections took 45 ms to scan 7 urls, producing 156 keys and 369 values 
2023-05-05 09:13:21,292 [Listener at 127.0.0.1/37867] INFO  statemachine.DatanodeStateMachine (DatanodeStateMachine.java:getEndPointTaskThreadPoolSize(267)) - Datanode State Machine Task Thread Pool size 2
2023-05-05 09:13:21,298 [Listener at 127.0.0.1/37867] INFO  volume.HddsVolume (HddsVolume.java:<init>(130)) - Creating HddsVolume: /home/runner/work/ozone/ozone/hadoop-ozone/integration-test/target/test-dir/MiniOzoneClusterImpl-463505b4-0bc6-4d58-b137-957c27341022/datanode-2/data-0/containers/hdds of storage type : DISK capacity : 9223372036854775807
2023-05-05 09:13:21,298 [Listener at 127.0.0.1/37867] INFO  volume.MutableVolumeSet (MutableVolumeSet.java:initializeVolumeSet(175)) - Added Volume : /home/runner/work/ozone/ozone/hadoop-ozone/integration-test/target/test-dir/MiniOzoneClusterImpl-463505b4-0bc6-4d58-b137-957c27341022/datanode-2/data-0/containers/hdds to VolumeSet
2023-05-05 09:13:21,298 [Listener at 127.0.0.1/37867] INFO  volume.ThrottledAsyncChecker (ThrottledAsyncChecker.java:schedule(141)) - Scheduling a check for /home/runner/work/ozone/ozone/hadoop-ozone/integration-test/target/test-dir/MiniOzoneClusterImpl-463505b4-0bc6-4d58-b137-957c27341022/datanode-2/data-0/containers/hdds
2023-05-05 09:13:21,300 [Listener at 127.0.0.1/37867] INFO  volume.StorageVolumeChecker (StorageVolumeChecker.java:checkAllVolumes(202)) - Scheduled health check for volume /home/runner/work/ozone/ozone/hadoop-ozone/integration-test/target/test-dir/MiniOzoneClusterImpl-463505b4-0bc6-4d58-b137-957c27341022/datanode-2/data-0/containers/hdds
2023-05-05 09:13:21,311 [Listener at 127.0.0.1/37867] INFO  volume.MutableVolumeSet (MutableVolumeSet.java:initializeVolumeSet(175)) - Added Volume : /home/runner/work/ozone/ozone/hadoop-ozone/integration-test/target/test-dir/MiniOzoneClusterImpl-463505b4-0bc6-4d58-b137-957c27341022/datanode-2/data/ratis to VolumeSet
2023-05-05 09:13:21,311 [Listener at 127.0.0.1/37867] INFO  volume.ThrottledAsyncChecker (ThrottledAsyncChecker.java:schedule(141)) - Scheduling a check for /home/runner/work/ozone/ozone/hadoop-ozone/integration-test/target/test-dir/MiniOzoneClusterImpl-463505b4-0bc6-4d58-b137-957c27341022/datanode-2/data/ratis
2023-05-05 09:13:21,311 [Listener at 127.0.0.1/37867] INFO  volume.StorageVolumeChecker (StorageVolumeChecker.java:checkAllVolumes(202)) - Scheduled health check for volume /home/runner/work/ozone/ozone/hadoop-ozone/integration-test/target/test-dir/MiniOzoneClusterImpl-463505b4-0bc6-4d58-b137-957c27341022/datanode-2/data/ratis
2023-05-05 09:13:21,323 [Thread-2474] INFO  ozoneimpl.ContainerReader (ContainerReader.java:readVolume(175)) - Finish verifying containers on volume /home/runner/work/ozone/ozone/hadoop-ozone/integration-test/target/test-dir/MiniOzoneClusterImpl-463505b4-0bc6-4d58-b137-957c27341022/datanode-2/data-0/containers/hdds
2023-05-05 09:13:21,323 [Listener at 127.0.0.1/37867] INFO  ozoneimpl.OzoneContainer (OzoneContainer.java:buildContainerSet(303)) - Build ContainerSet costs 0s
2023-05-05 09:13:21,325 [Listener at 127.0.0.1/37867] INFO  server.RaftServer (ConfUtils.java:logGet(46)) - raft.rpc.type = GRPC (default)
2023-05-05 09:13:21,325 [Listener at 127.0.0.1/37867] INFO  grpc.GrpcConfigKeys (ConfUtils.java:logFallback(53)) - raft.grpc.admin.host = null (fallback to raft.grpc.server.host)
2023-05-05 09:13:21,325 [Listener at 127.0.0.1/37867] INFO  grpc.GrpcConfigKeys (ConfUtils.java:logGet(46)) - raft.grpc.admin.port = 0 (custom)
2023-05-05 09:13:21,325 [Listener at 127.0.0.1/37867] INFO  grpc.GrpcConfigKeys (ConfUtils.java:logFallback(53)) - raft.grpc.client.host = null (fallback to raft.grpc.server.host)
2023-05-05 09:13:21,326 [Listener at 127.0.0.1/37867] INFO  grpc.GrpcConfigKeys (ConfUtils.java:logGet(46)) - raft.grpc.client.port = 0 (custom)
2023-05-05 09:13:21,326 [Listener at 127.0.0.1/37867] INFO  grpc.GrpcConfigKeys (ConfUtils.java:logGet(46)) - raft.grpc.server.host = null (default)
2023-05-05 09:13:21,326 [Listener at 127.0.0.1/37867] INFO  grpc.GrpcConfigKeys (ConfUtils.java:logGet(46)) - raft.grpc.server.port = 0 (default)
2023-05-05 09:13:21,326 [Listener at 127.0.0.1/37867] INFO  server.GrpcService (ConfUtils.java:logGet(46)) - raft.grpc.message.size.max = 32MB (=33554432) (custom)
2023-05-05 09:13:21,326 [Listener at 127.0.0.1/37867] INFO  server.RaftServerConfigKeys (ConfUtils.java:logGet(46)) - raft.server.log.appender.buffer.byte-limit = 33554432 (custom)
2023-05-05 09:13:21,326 [Listener at 127.0.0.1/37867] INFO  server.GrpcService (ConfUtils.java:logGet(46)) - raft.grpc.flow.control.window = 5MB (=5242880) (custom)
2023-05-05 09:13:21,326 [Listener at 127.0.0.1/37867] INFO  server.RaftServerConfigKeys (ConfUtils.java:logGet(46)) - raft.server.rpc.request.timeout = 60s (custom)
2023-05-05 09:13:21,326 [Listener at 127.0.0.1/37867] INFO  grpc.GrpcConfigKeys (ConfUtils.java:logGet(46)) - raft.grpc.server.heartbeat.channel = true (default)
2023-05-05 09:13:21,326 [Listener at 127.0.0.1/37867] INFO  grpc.GrpcConfigKeys (ConfUtils.java:logGet(46)) - raft.grpc.server.async.request.thread.pool.cached = true (default)
2023-05-05 09:13:21,326 [Listener at 127.0.0.1/37867] INFO  grpc.GrpcConfigKeys (ConfUtils.java:logGet(46)) - raft.grpc.server.async.request.thread.pool.size = 32 (default)
2023-05-05 09:13:21,329 [Listener at 127.0.0.1/37867] INFO  impl.DataStreamServerImpl (ConfUtils.java:logGet(46)) - raft.datastream.type = NETTY (custom)
2023-05-05 09:13:21,329 [Listener at 127.0.0.1/37867] INFO  server.RaftServerConfigKeys (ConfUtils.java:logGet(46)) - raft.server.data-stream.async.request.thread.pool.cached = false (default)
2023-05-05 09:13:21,329 [Listener at 127.0.0.1/37867] INFO  server.RaftServerConfigKeys (ConfUtils.java:logGet(46)) - raft.server.data-stream.async.request.thread.pool.size = 20 (custom)
2023-05-05 09:13:21,329 [Listener at 127.0.0.1/37867] INFO  server.RaftServerConfigKeys (ConfUtils.java:logGet(46)) - raft.server.data-stream.async.write.thread.pool.size = 16 (default)
2023-05-05 09:13:21,329 [Listener at 127.0.0.1/37867] INFO  server.RaftServerConfigKeys (ConfUtils.java:logGet(46)) - raft.server.data-stream.client.pool.size = 10 (default)
2023-05-05 09:13:21,329 [Listener at 127.0.0.1/37867] INFO  netty.NettyConfigKeys$DataStream (ConfUtils.java:logGet(46)) - raft.netty.dataStream.server.use-epoll = false (default)
2023-05-05 09:13:21,330 [Listener at 127.0.0.1/37867] INFO  netty.NettyConfigKeys$DataStream (ConfUtils.java:logGet(46)) - raft.netty.dataStream.server.boss-group.size = 0 (default)
2023-05-05 09:13:21,332 [Listener at 127.0.0.1/37867] INFO  netty.NettyConfigKeys$DataStream (ConfUtils.java:logGet(46)) - raft.netty.dataStream.server.worker-group.size = 0 (default)
2023-05-05 09:13:21,332 [Listener at 127.0.0.1/37867] INFO  netty.NettyConfigKeys$DataStream (ConfUtils.java:logGet(46)) - raft.netty.dataStream.server.tls.conf = null (default)
2023-05-05 09:13:21,332 [Listener at 127.0.0.1/37867] INFO  netty.NettyConfigKeys$DataStream (ConfUtils.java:logGet(46)) - raft.netty.dataStream.host = null (default)
2023-05-05 09:13:21,332 [Listener at 127.0.0.1/37867] INFO  netty.NettyConfigKeys$DataStream (ConfUtils.java:logGet(46)) - raft.netty.dataStream.port = 0 (default)
2023-05-05 09:13:21,333 [Listener at 127.0.0.1/37867] INFO  server.RaftServerConfigKeys (ConfUtils.java:logGet(46)) - raft.server.threadpool.proxy.cached = true (default)
2023-05-05 09:13:21,333 [Listener at 127.0.0.1/37867] INFO  server.RaftServerConfigKeys (ConfUtils.java:logGet(46)) - raft.server.threadpool.proxy.size = 0 (default)
2023-05-05 09:13:21,333 [Listener at 127.0.0.1/37867] INFO  server.RaftServerConfigKeys (ConfUtils.java:logGet(46)) - raft.server.rpc.slowness.timeout = 300s (custom)
2023-05-05 09:13:21,333 [Listener at 127.0.0.1/37867] INFO  server.RaftServerConfigKeys (ConfUtils.java:logGet(46)) - raft.server.leaderelection.leader.step-down.wait-time = 10s (default)
2023-05-05 09:13:21,333 [Listener at 127.0.0.1/37867] INFO  server.RaftServerConfigKeys (ConfUtils.java:logGet(46)) - raft.server.storage.dir = [/home/runner/work/ozone/ozone/hadoop-ozone/integration-test/target/test-dir/MiniOzoneClusterImpl-463505b4-0bc6-4d58-b137-957c27341022/datanode-2/data/ratis] (custom)
2023-05-05 09:13:21,333 [7d67e38f-65cd-4cdb-ba90-6f13c999d08c-NettyServerStreamRpc-bossGroup--thread1] INFO  logging.LoggingHandler (AbstractInternalLogger.java:log(148)) - [id: 0x2fbbec32] REGISTERED
2023-05-05 09:13:21,334 [7d67e38f-65cd-4cdb-ba90-6f13c999d08c-NettyServerStreamRpc-bossGroup--thread1] INFO  logging.LoggingHandler (AbstractInternalLogger.java:log(148)) - [id: 0x2fbbec32] BIND: 0.0.0.0/0.0.0.0:0
2023-05-05 09:13:21,334 [7d67e38f-65cd-4cdb-ba90-6f13c999d08c-NettyServerStreamRpc-bossGroup--thread1] INFO  logging.LoggingHandler (AbstractInternalLogger.java:log(148)) - [id: 0x2fbbec32, L:/0:0:0:0:0:0:0:0:40597] ACTIVE
2023-05-05 09:13:21,334 [Listener at 127.0.0.1/37867] INFO  server.XceiverServerGrpc (XceiverServerGrpc.java:<init>(132)) - GrpcServer channel type EpollServerSocketChannel
2023-05-05 09:13:21,335 [Listener at 127.0.0.1/37867] INFO  replication.ReplicationSupervisor (ReplicationSupervisor.java:nodeStateUpdated(290)) - Node state updated to IN_SERVICE, scaling executor pool size to 10
2023-05-05 09:13:21,338 [Listener at 127.0.0.1/37867] INFO  http.BaseHttpServer (BaseHttpServer.java:newHttpServer2BuilderForOzone(224)) - Starting Web-server for hddsDatanode at: http://0.0.0.0:0
2023-05-05 09:13:21,338 [Listener at 127.0.0.1/37867] INFO  http.BaseHttpServer (BaseHttpServer.java:<init>(111)) - Hadoop Security Enabled: false Ozone Security Enabled: false Ozone HTTP Security Enabled: false 
2023-05-05 09:13:21,339 [Listener at 127.0.0.1/37867] WARN  server.AuthenticationFilter (AuthenticationFilter.java:constructSecretProvider(240)) - Unable to initialize FileSignerSecretProvider, falling back to use random secrets. Reason: Could not read signature secret file: /home/runner/hadoop-http-auth-signature-secret
2023-05-05 09:13:21,339 [Listener at 127.0.0.1/37867] INFO  http.HttpRequestLog (HttpRequestLog.java:getRequestLog(86)) - Http request log for http.requests.hddsDatanode is not defined
2023-05-05 09:13:21,340 [Listener at 127.0.0.1/37867] INFO  http.HttpServer2 (HttpServer2.java:addGlobalFilter(1031)) - Added global filter 'safety' (class=org.apache.hadoop.hdds.server.http.HttpServer2$QuotingInputFilter)
2023-05-05 09:13:21,340 [Listener at 127.0.0.1/37867] INFO  http.HttpServer2 (HttpServer2.java:addFilter(1007)) - Added filter static_user_filter (class=org.apache.hadoop.http.lib.StaticUserWebFilter$StaticUserFilter) to context hddsDatanode
2023-05-05 09:13:21,340 [Listener at 127.0.0.1/37867] INFO  http.HttpServer2 (HttpServer2.java:addFilter(1015)) - Added filter static_user_filter (class=org.apache.hadoop.http.lib.StaticUserWebFilter$StaticUserFilter) to context static
2023-05-05 09:13:21,340 [Listener at 127.0.0.1/37867] INFO  http.HttpServer2 (HttpServer2.java:addFilter(1015)) - Added filter static_user_filter (class=org.apache.hadoop.http.lib.StaticUserWebFilter$StaticUserFilter) to context logs
2023-05-05 09:13:21,341 [Listener at 127.0.0.1/37867] INFO  http.BaseHttpServer (BaseHttpServer.java:<init>(190)) - HTTP server of hddsDatanode uses base directory /home/runner/work/ozone/ozone/hadoop-ozone/integration-test/target/test-dir/MiniOzoneClusterImpl-463505b4-0bc6-4d58-b137-957c27341022/datanode-2/meta/webserver
2023-05-05 09:13:21,341 [Listener at 127.0.0.1/37867] INFO  http.HttpServer2 (HttpServer2.java:bindListener(1250)) - Jetty bound to port 35515
2023-05-05 09:13:21,341 [Listener at 127.0.0.1/37867] INFO  server.Server (Server.java:doStart(375)) - jetty-9.4.51.v20230217; built: 2023-02-17T08:19:37.309Z; git: b45c405e4544384de066f814ed42ae3dceacdd49; jvm 1.8.0_362-b09
2023-05-05 09:13:21,344 [Listener at 127.0.0.1/37867] INFO  server.session (DefaultSessionIdManager.java:doStart(334)) - DefaultSessionIdManager workerName=node0
2023-05-05 09:13:21,344 [Listener at 127.0.0.1/37867] INFO  server.session (DefaultSessionIdManager.java:doStart(339)) - No SessionScavenger set, using defaults
2023-05-05 09:13:21,344 [Listener at 127.0.0.1/37867] INFO  server.session (HouseKeeper.java:startScavenging(132)) - node0 Scavenging every 660000ms
2023-05-05 09:13:21,344 [Listener at 127.0.0.1/37867] INFO  handler.ContextHandler (ContextHandler.java:doStart(921)) - Started o.e.j.s.ServletContextHandler@492e6fd5{logs,/logs,file:///home/runner/work/ozone/ozone/hadoop-ozone/integration-test/target/log,AVAILABLE}
2023-05-05 09:13:21,345 [Listener at 127.0.0.1/37867] INFO  handler.ContextHandler (ContextHandler.java:doStart(921)) - Started o.e.j.s.ServletContextHandler@1efc214c{static,/static,jar:file:/home/runner/.m2/repository/org/apache/ozone/hdds-container-service/1.4.0-SNAPSHOT/hdds-container-service-1.4.0-SNAPSHOT.jar!/webapps/static,AVAILABLE}
2023-05-05 09:13:21,536 [Listener at 127.0.0.1/37867] INFO  handler.ContextHandler (ContextHandler.java:doStart(921)) - Started o.e.j.w.WebAppContext@6fca31cd{hddsDatanode,/,file:///home/runner/work/ozone/ozone/hadoop-ozone/integration-test/target/test-dir/MiniOzoneClusterImpl-463505b4-0bc6-4d58-b137-957c27341022/datanode-2/meta/webserver/jetty-0_0_0_0-35515-hdds-container-service-1_4_0-SNAPSHOT_jar-_-any-6299623628175947426/webapp/,AVAILABLE}{jar:file:/home/runner/.m2/repository/org/apache/ozone/hdds-container-service/1.4.0-SNAPSHOT/hdds-container-service-1.4.0-SNAPSHOT.jar!/webapps/hddsDatanode}
2023-05-05 09:13:21,538 [Listener at 127.0.0.1/37867] INFO  server.AbstractConnector (AbstractConnector.java:doStart(333)) - Started ServerConnector@46d2e510{HTTP/1.1, (http/1.1)}{0.0.0.0:35515}
2023-05-05 09:13:21,538 [Listener at 127.0.0.1/37867] INFO  server.Server (Server.java:doStart(415)) - Started @192891ms
2023-05-05 09:13:21,538 [Listener at 127.0.0.1/37867] WARN  impl.MetricsSystemImpl (MetricsSystemImpl.java:register(279)) - Sink prometheus already exists!
2023-05-05 09:13:21,539 [Listener at 127.0.0.1/37867] INFO  http.BaseHttpServer (BaseHttpServer.java:updateConnectorAddress(344)) - HTTP server of hddsDatanode listening at http://0.0.0.0:35515
2023-05-05 09:13:21,539 [Datanode State Machine Daemon Thread] INFO  statemachine.DatanodeStateMachine (DatanodeStateMachine.java:lambda$startDaemon$0(524)) - Ozone container server started.
2023-05-05 09:13:21,539 [Listener at 127.0.0.1/37867] INFO  ozone.MiniOzoneClusterImpl (MiniOzoneClusterImpl.java:lambda$waitForClusterToBeReady$0(223)) - Waiting for nodes to be ready. Got 0 of 3 DN Heartbeats.
2023-05-05 09:13:21,540 [Listener at 127.0.0.1/37867] INFO  ozone.MiniOzoneClusterImpl (MiniOzoneClusterImpl.java:lambda$waitForClusterToBeReady$0(226)) - Waiting for cluster to exit safe mode
2023-05-05 09:13:21,540 [Listener at 127.0.0.1/37867] INFO  ozone.MiniOzoneClusterImpl (MiniOzoneClusterImpl.java:lambda$waitForClusterToBeReady$0(228)) - SCM became leader
2023-05-05 09:13:21,541 [org.apache.hadoop.util.JvmPauseMonitor$Monitor@109bc0] INFO  util.JvmPauseMonitor (JvmPauseMonitor.java:run(188)) - Starting JVM pause monitor
2023-05-05 09:13:21,544 [Datanode State Machine Task Thread - 0] INFO  datanode.InitDatanodeState (InitDatanodeState.java:persistContainerDatanodeDetails(138)) - DatanodeDetails is persisted to /home/runner/work/ozone/ozone/hadoop-ozone/integration-test/target/test-dir/MiniOzoneClusterImpl-463505b4-0bc6-4d58-b137-957c27341022/datanode-2/meta/datanode.id
2023-05-05 09:13:21,571 [om1@group-C5BA1605619E-FollowerState] INFO  impl.FollowerState (FollowerState.java:run(143)) - om1@group-C5BA1605619E-FollowerState: change to CANDIDATE, lastRpcElapsedTime:1077292320ns, electionTimeout:1076ms
2023-05-05 09:13:21,571 [om1@group-C5BA1605619E-FollowerState] INFO  impl.RoleInfo (RoleInfo.java:shutdownFollowerState(110)) - om1: shutdown om1@group-C5BA1605619E-FollowerState
2023-05-05 09:13:21,571 [om1@group-C5BA1605619E-FollowerState] INFO  server.RaftServer$Division (RaftServerImpl.java:setRole(321)) - om1@group-C5BA1605619E: changes role from  FOLLOWER to CANDIDATE at term 0 for changeToCandidate
2023-05-05 09:13:21,571 [om1@group-C5BA1605619E-FollowerState] INFO  server.RaftServerConfigKeys (ConfUtils.java:logGet(46)) - raft.server.leaderelection.pre-vote = true (default)
2023-05-05 09:13:21,571 [om1@group-C5BA1605619E-FollowerState] INFO  impl.RoleInfo (RoleInfo.java:updateAndGet(139)) - om1: start om1@group-C5BA1605619E-LeaderElection43
2023-05-05 09:13:21,573 [om1@group-C5BA1605619E-LeaderElection43] INFO  impl.LeaderElection (LeaderElection.java:askForVotes(312)) - om1@group-C5BA1605619E-LeaderElection43 PRE_VOTE round 0: submit vote requests at term 0 for -1: peers:[om1|rpc:localhost:9872|priority:0|startupRole:FOLLOWER]|listeners:[], old=null
2023-05-05 09:13:21,573 [om1@group-C5BA1605619E-LeaderElection43] INFO  impl.LeaderElection (LeaderElection.java:askForVotes(314)) - om1@group-C5BA1605619E-LeaderElection43 PRE_VOTE round 0: result PASSED (term=0)
2023-05-05 09:13:21,575 [om1@group-C5BA1605619E-LeaderElection43] INFO  impl.LeaderElection (LeaderElection.java:askForVotes(312)) - om1@group-C5BA1605619E-LeaderElection43 ELECTION round 0: submit vote requests at term 1 for -1: peers:[om1|rpc:localhost:9872|priority:0|startupRole:FOLLOWER]|listeners:[], old=null
2023-05-05 09:13:21,575 [om1@group-C5BA1605619E-LeaderElection43] INFO  impl.LeaderElection (LeaderElection.java:askForVotes(314)) - om1@group-C5BA1605619E-LeaderElection43 ELECTION round 0: result PASSED (term=1)
2023-05-05 09:13:21,575 [om1@group-C5BA1605619E-LeaderElection43] INFO  impl.RoleInfo (RoleInfo.java:shutdownLeaderElection(130)) - om1: shutdown om1@group-C5BA1605619E-LeaderElection43
2023-05-05 09:13:21,575 [om1@group-C5BA1605619E-LeaderElection43] INFO  server.RaftServer$Division (RaftServerImpl.java:setRole(321)) - om1@group-C5BA1605619E: changes role from CANDIDATE to LEADER at term 1 for changeToLeader
2023-05-05 09:13:21,575 [om1@group-C5BA1605619E-LeaderElection43] INFO  server.RaftServer$Division (ServerState.java:setLeader(313)) - om1@group-C5BA1605619E: change Leader from null to om1 at term 1 for becomeLeader, leader elected after 1415ms
2023-05-05 09:13:21,576 [om1@group-C5BA1605619E-LeaderElection43] INFO  server.RaftServerConfigKeys (ConfUtils.java:logGet(46)) - raft.server.staging.catchup.gap = 1000 (default)
2023-05-05 09:13:21,576 [om1@group-C5BA1605619E-LeaderElection43] INFO  server.RaftServerConfigKeys (ConfUtils.java:logGet(46)) - raft.server.write.element-limit = 4096 (default)
2023-05-05 09:13:21,576 [om1@group-C5BA1605619E-LeaderElection43] INFO  server.RaftServerConfigKeys (ConfUtils.java:logGet(46)) - raft.server.write.byte-limit = 64MB (=67108864) (default)
2023-05-05 09:13:21,576 [om1@group-C5BA1605619E-LeaderElection43] INFO  server.RaftServerConfigKeys (ConfUtils.java:logGet(46)) - raft.server.watch.timeout = 10s (default)
2023-05-05 09:13:21,576 [om1@group-C5BA1605619E-LeaderElection43] INFO  server.RaftServerConfigKeys (ConfUtils.java:logGet(46)) - raft.server.watch.timeout.denomination = 1s (default)
2023-05-05 09:13:21,576 [om1@group-C5BA1605619E-LeaderElection43] INFO  server.RaftServerConfigKeys (ConfUtils.java:logGet(46)) - raft.server.watch.element-limit = 65536 (default)
2023-05-05 09:13:21,576 [om1@group-C5BA1605619E-LeaderElection43] INFO  server.RaftServerConfigKeys (ConfUtils.java:logGet(46)) - raft.server.write.element-limit = 4096 (default)
2023-05-05 09:13:21,576 [om1@group-C5BA1605619E-LeaderElection43] INFO  server.RaftServerConfigKeys (ConfUtils.java:logGet(46)) - raft.server.write.follower.gap.ratio.max = -1.0 (default)
2023-05-05 09:13:21,576 [om1@group-C5BA1605619E-LeaderElection43] INFO  impl.RoleInfo (RoleInfo.java:updateAndGet(139)) - om1: start om1@group-C5BA1605619E-LeaderStateImpl
2023-05-05 09:13:21,576 [om1@group-C5BA1605619E-LeaderElection43] INFO  segmented.SegmentedRaftLogWorker (SegmentedRaftLogWorker.java:startLogSegment(452)) - om1@group-C5BA1605619E-SegmentedRaftLogWorker: Starting segment from index:0
2023-05-05 09:13:21,580 [om1@group-C5BA1605619E-LeaderElection43] INFO  server.RaftServer$Division (ServerState.java:setRaftConf(430)) - om1@group-C5BA1605619E: set configuration 0: peers:[om1|rpc:localhost:9872|admin:|client:|dataStream:|priority:0|startupRole:FOLLOWER]|listeners:[], old=null
2023-05-05 09:13:21,591 [om1@group-C5BA1605619E-SegmentedRaftLogWorker] INFO  segmented.SegmentedRaftLogWorker (SegmentedRaftLogWorker.java:execute(656)) - om1@group-C5BA1605619E-SegmentedRaftLogWorker: created new log segment /home/runner/work/ozone/ozone/hadoop-ozone/integration-test/target/test-dir/MiniOzoneClusterImpl-463505b4-0bc6-4d58-b137-957c27341022/ozone-meta/ratis/bf265839-605b-3f16-9796-c5ba1605619e/current/log_inprogress_0
2023-05-05 09:13:21,592 [om1@group-C5BA1605619E-StateMachineUpdater] INFO  ratis.OzoneManagerStateMachine (OzoneManagerStateMachine.java:notifyConfigurationChanged(201)) - Received Configuration change notification from Ratis. New Peer list:
[id: "om1"
address: "localhost:9872"
startupRole: FOLLOWER
]
2023-05-05 09:13:22,540 [Listener at 127.0.0.1/37867] INFO  ozone.MiniOzoneClusterImpl (MiniOzoneClusterImpl.java:lambda$waitForClusterToBeReady$0(223)) - Waiting for nodes to be ready. Got 0 of 3 DN Heartbeats.
2023-05-05 09:13:22,540 [Listener at 127.0.0.1/37867] INFO  ozone.MiniOzoneClusterImpl (MiniOzoneClusterImpl.java:lambda$waitForClusterToBeReady$0(226)) - Waiting for cluster to exit safe mode
2023-05-05 09:13:22,541 [Listener at 127.0.0.1/37867] INFO  ozone.MiniOzoneClusterImpl (MiniOzoneClusterImpl.java:lambda$waitForClusterToBeReady$0(228)) - SCM became leader
2023-05-05 09:13:22,920 [EndpointStateMachine task thread for /0.0.0.0:34849 - 0 ] INFO  utils.DatanodeStoreCache (DatanodeStoreCache.java:addDB(58)) - Added db /home/runner/work/ozone/ozone/hadoop-ozone/integration-test/target/test-dir/MiniOzoneClusterImpl-463505b4-0bc6-4d58-b137-957c27341022/datanode-0/data-0/containers/hdds/463505b4-0bc6-4d58-b137-957c27341022/DS-bc20476c-d2e5-4b8b-9940-f8b1a0e02065/container.db to cache
2023-05-05 09:13:22,920 [EndpointStateMachine task thread for /0.0.0.0:34849 - 0 ] INFO  volume.HddsVolume (HddsVolume.java:createDbStore(350)) - SchemaV3 db is created and loaded at /home/runner/work/ozone/ozone/hadoop-ozone/integration-test/target/test-dir/MiniOzoneClusterImpl-463505b4-0bc6-4d58-b137-957c27341022/datanode-0/data-0/containers/hdds/463505b4-0bc6-4d58-b137-957c27341022/DS-bc20476c-d2e5-4b8b-9940-f8b1a0e02065/container.db for volume DS-bc20476c-d2e5-4b8b-9940-f8b1a0e02065
2023-05-05 09:13:22,921 [EndpointStateMachine task thread for /0.0.0.0:34849 - 0 ] INFO  ozoneimpl.OzoneContainer (OzoneContainer.java:start(397)) - Attempting to start container services.
2023-05-05 09:13:22,921 [EndpointStateMachine task thread for /0.0.0.0:34849 - 0 ] INFO  ozoneimpl.OzoneContainer (OzoneContainer.java:startContainerScrub(314)) - Scheduled background container scanners and the on-demand container scanner have been disabled.
2023-05-05 09:13:22,922 [EndpointStateMachine task thread for /0.0.0.0:34849 - 0 ] INFO  replication.ReplicationServer (ReplicationServer.java:start(109)) - ReplicationServer is started using port 33179
2023-05-05 09:13:22,922 [EndpointStateMachine task thread for /0.0.0.0:34849 - 0 ] INFO  ratis.XceiverServerRatis (XceiverServerRatis.java:start(517)) - Starting XceiverServerRatis 331cda18-a74d-44be-9546-cb2763b08ec0
2023-05-05 09:13:22,923 [EndpointStateMachine task thread for /0.0.0.0:34849 - 0 ] INFO  server.RaftServer (RaftServerProxy.java:startImpl(393)) - 331cda18-a74d-44be-9546-cb2763b08ec0: start RPC server
2023-05-05 09:13:22,924 [EndpointStateMachine task thread for /0.0.0.0:34849 - 0 ] INFO  server.GrpcService (GrpcService.java:startImpl(262)) - 331cda18-a74d-44be-9546-cb2763b08ec0: GrpcService started, listening on 38619
2023-05-05 09:13:22,924 [EndpointStateMachine task thread for /0.0.0.0:34849 - 0 ] INFO  ratis.XceiverServerRatis (XceiverServerRatis.java:getRealPort(543)) - XceiverServerRatis 331cda18-a74d-44be-9546-cb2763b08ec0 is started using port 38619 for RATIS
2023-05-05 09:13:22,924 [EndpointStateMachine task thread for /0.0.0.0:34849 - 0 ] INFO  ratis.XceiverServerRatis (XceiverServerRatis.java:getRealPort(543)) - XceiverServerRatis 331cda18-a74d-44be-9546-cb2763b08ec0 is started using port 38619 for RATIS_ADMIN
2023-05-05 09:13:22,924 [EndpointStateMachine task thread for /0.0.0.0:34849 - 0 ] INFO  ratis.XceiverServerRatis (XceiverServerRatis.java:getRealPort(543)) - XceiverServerRatis 331cda18-a74d-44be-9546-cb2763b08ec0 is started using port 38619 for RATIS_SERVER
2023-05-05 09:13:22,924 [EndpointStateMachine task thread for /0.0.0.0:34849 - 0 ] INFO  ratis.XceiverServerRatis (XceiverServerRatis.java:getRealPort(543)) - XceiverServerRatis 331cda18-a74d-44be-9546-cb2763b08ec0 is started using port 38911 for RATIS_DATASTREAM
2023-05-05 09:13:22,925 [JvmPauseMonitor26] INFO  util.JvmPauseMonitor (JvmPauseMonitor.java:run(105)) - JvmPauseMonitor-331cda18-a74d-44be-9546-cb2763b08ec0: Started
2023-05-05 09:13:22,927 [EndpointStateMachine task thread for /0.0.0.0:34849 - 0 ] INFO  server.XceiverServerGrpc (XceiverServerGrpc.java:start(180)) - XceiverServerGrpc 331cda18-a74d-44be-9546-cb2763b08ec0 is started using port 41049
2023-05-05 09:13:22,928 [BlockDeletingService#0] INFO  interfaces.ContainerDeletionChoosingPolicyTemplate (ContainerDeletionChoosingPolicyTemplate.java:chooseContainerForBlockDeletion(83)) - Chosen 0/5000 blocks from 0 candidate containers.
2023-05-05 09:13:23,259 [EndpointStateMachine task thread for /0.0.0.0:34849 - 0 ] INFO  utils.DatanodeStoreCache (DatanodeStoreCache.java:addDB(58)) - Added db /home/runner/work/ozone/ozone/hadoop-ozone/integration-test/target/test-dir/MiniOzoneClusterImpl-463505b4-0bc6-4d58-b137-957c27341022/datanode-1/data-0/containers/hdds/463505b4-0bc6-4d58-b137-957c27341022/DS-bfe8e933-27b2-4a40-bee7-069fdd144e0a/container.db to cache
2023-05-05 09:13:23,259 [EndpointStateMachine task thread for /0.0.0.0:34849 - 0 ] INFO  volume.HddsVolume (HddsVolume.java:createDbStore(350)) - SchemaV3 db is created and loaded at /home/runner/work/ozone/ozone/hadoop-ozone/integration-test/target/test-dir/MiniOzoneClusterImpl-463505b4-0bc6-4d58-b137-957c27341022/datanode-1/data-0/containers/hdds/463505b4-0bc6-4d58-b137-957c27341022/DS-bfe8e933-27b2-4a40-bee7-069fdd144e0a/container.db for volume DS-bfe8e933-27b2-4a40-bee7-069fdd144e0a
2023-05-05 09:13:23,259 [EndpointStateMachine task thread for /0.0.0.0:34849 - 0 ] INFO  ozoneimpl.OzoneContainer (OzoneContainer.java:start(397)) - Attempting to start container services.
2023-05-05 09:13:23,260 [EndpointStateMachine task thread for /0.0.0.0:34849 - 0 ] INFO  ozoneimpl.OzoneContainer (OzoneContainer.java:startContainerScrub(314)) - Scheduled background container scanners and the on-demand container scanner have been disabled.
2023-05-05 09:13:23,261 [EndpointStateMachine task thread for /0.0.0.0:34849 - 0 ] INFO  replication.ReplicationServer (ReplicationServer.java:start(109)) - ReplicationServer is started using port 34675
2023-05-05 09:13:23,261 [EndpointStateMachine task thread for /0.0.0.0:34849 - 0 ] INFO  ratis.XceiverServerRatis (XceiverServerRatis.java:start(517)) - Starting XceiverServerRatis 4e824c96-211f-4ca2-8aff-d3ca17aa07c4
2023-05-05 09:13:23,262 [EndpointStateMachine task thread for /0.0.0.0:34849 - 0 ] INFO  server.RaftServer (RaftServerProxy.java:startImpl(393)) - 4e824c96-211f-4ca2-8aff-d3ca17aa07c4: start RPC server
2023-05-05 09:13:23,263 [EndpointStateMachine task thread for /0.0.0.0:34849 - 0 ] INFO  server.GrpcService (GrpcService.java:startImpl(262)) - 4e824c96-211f-4ca2-8aff-d3ca17aa07c4: GrpcService started, listening on 43919
2023-05-05 09:13:23,263 [EndpointStateMachine task thread for /0.0.0.0:34849 - 0 ] INFO  ratis.XceiverServerRatis (XceiverServerRatis.java:getRealPort(543)) - XceiverServerRatis 4e824c96-211f-4ca2-8aff-d3ca17aa07c4 is started using port 43919 for RATIS
2023-05-05 09:13:23,263 [EndpointStateMachine task thread for /0.0.0.0:34849 - 0 ] INFO  ratis.XceiverServerRatis (XceiverServerRatis.java:getRealPort(543)) - XceiverServerRatis 4e824c96-211f-4ca2-8aff-d3ca17aa07c4 is started using port 43919 for RATIS_ADMIN
2023-05-05 09:13:23,263 [JvmPauseMonitor27] INFO  util.JvmPauseMonitor (JvmPauseMonitor.java:run(105)) - JvmPauseMonitor-4e824c96-211f-4ca2-8aff-d3ca17aa07c4: Started
2023-05-05 09:13:23,263 [EndpointStateMachine task thread for /0.0.0.0:34849 - 0 ] INFO  ratis.XceiverServerRatis (XceiverServerRatis.java:getRealPort(543)) - XceiverServerRatis 4e824c96-211f-4ca2-8aff-d3ca17aa07c4 is started using port 43919 for RATIS_SERVER
2023-05-05 09:13:23,263 [EndpointStateMachine task thread for /0.0.0.0:34849 - 0 ] INFO  ratis.XceiverServerRatis (XceiverServerRatis.java:getRealPort(543)) - XceiverServerRatis 4e824c96-211f-4ca2-8aff-d3ca17aa07c4 is started using port 37115 for RATIS_DATASTREAM
2023-05-05 09:13:23,265 [EndpointStateMachine task thread for /0.0.0.0:34849 - 0 ] INFO  server.XceiverServerGrpc (XceiverServerGrpc.java:start(180)) - XceiverServerGrpc 4e824c96-211f-4ca2-8aff-d3ca17aa07c4 is started using port 35053
2023-05-05 09:13:23,267 [BlockDeletingService#0] INFO  interfaces.ContainerDeletionChoosingPolicyTemplate (ContainerDeletionChoosingPolicyTemplate.java:chooseContainerForBlockDeletion(83)) - Chosen 0/5000 blocks from 0 candidate containers.
2023-05-05 09:13:23,541 [Listener at 127.0.0.1/37867] INFO  ozone.MiniOzoneClusterImpl (MiniOzoneClusterImpl.java:lambda$waitForClusterToBeReady$0(223)) - Waiting for nodes to be ready. Got 0 of 3 DN Heartbeats.
2023-05-05 09:13:23,541 [Listener at 127.0.0.1/37867] INFO  ozone.MiniOzoneClusterImpl (MiniOzoneClusterImpl.java:lambda$waitForClusterToBeReady$0(226)) - Waiting for cluster to exit safe mode
2023-05-05 09:13:23,541 [Listener at 127.0.0.1/37867] INFO  ozone.MiniOzoneClusterImpl (MiniOzoneClusterImpl.java:lambda$waitForClusterToBeReady$0(228)) - SCM became leader
2023-05-05 09:13:23,572 [EndpointStateMachine task thread for /0.0.0.0:34849 - 0 ] INFO  utils.DatanodeStoreCache (DatanodeStoreCache.java:addDB(58)) - Added db /home/runner/work/ozone/ozone/hadoop-ozone/integration-test/target/test-dir/MiniOzoneClusterImpl-463505b4-0bc6-4d58-b137-957c27341022/datanode-2/data-0/containers/hdds/463505b4-0bc6-4d58-b137-957c27341022/DS-f0e3dbe7-c0e1-400f-9ddc-f53ce8f8fde1/container.db to cache
2023-05-05 09:13:23,572 [EndpointStateMachine task thread for /0.0.0.0:34849 - 0 ] INFO  volume.HddsVolume (HddsVolume.java:createDbStore(350)) - SchemaV3 db is created and loaded at /home/runner/work/ozone/ozone/hadoop-ozone/integration-test/target/test-dir/MiniOzoneClusterImpl-463505b4-0bc6-4d58-b137-957c27341022/datanode-2/data-0/containers/hdds/463505b4-0bc6-4d58-b137-957c27341022/DS-f0e3dbe7-c0e1-400f-9ddc-f53ce8f8fde1/container.db for volume DS-f0e3dbe7-c0e1-400f-9ddc-f53ce8f8fde1
2023-05-05 09:13:23,572 [EndpointStateMachine task thread for /0.0.0.0:34849 - 0 ] INFO  ozoneimpl.OzoneContainer (OzoneContainer.java:start(397)) - Attempting to start container services.
2023-05-05 09:13:23,572 [EndpointStateMachine task thread for /0.0.0.0:34849 - 0 ] INFO  ozoneimpl.OzoneContainer (OzoneContainer.java:startContainerScrub(314)) - Scheduled background container scanners and the on-demand container scanner have been disabled.
2023-05-05 09:13:23,574 [EndpointStateMachine task thread for /0.0.0.0:34849 - 0 ] INFO  replication.ReplicationServer (ReplicationServer.java:start(109)) - ReplicationServer is started using port 44151
2023-05-05 09:13:23,574 [EndpointStateMachine task thread for /0.0.0.0:34849 - 0 ] INFO  ratis.XceiverServerRatis (XceiverServerRatis.java:start(517)) - Starting XceiverServerRatis 7d67e38f-65cd-4cdb-ba90-6f13c999d08c
2023-05-05 09:13:23,576 [EndpointStateMachine task thread for /0.0.0.0:34849 - 0 ] INFO  server.RaftServer (RaftServerProxy.java:startImpl(393)) - 7d67e38f-65cd-4cdb-ba90-6f13c999d08c: start RPC server
2023-05-05 09:13:23,577 [EndpointStateMachine task thread for /0.0.0.0:34849 - 0 ] INFO  server.GrpcService (GrpcService.java:startImpl(262)) - 7d67e38f-65cd-4cdb-ba90-6f13c999d08c: GrpcService started, listening on 41273
2023-05-05 09:13:23,577 [EndpointStateMachine task thread for /0.0.0.0:34849 - 0 ] INFO  ratis.XceiverServerRatis (XceiverServerRatis.java:getRealPort(543)) - XceiverServerRatis 7d67e38f-65cd-4cdb-ba90-6f13c999d08c is started using port 41273 for RATIS
2023-05-05 09:13:23,578 [JvmPauseMonitor28] INFO  util.JvmPauseMonitor (JvmPauseMonitor.java:run(105)) - JvmPauseMonitor-7d67e38f-65cd-4cdb-ba90-6f13c999d08c: Started
2023-05-05 09:13:23,578 [EndpointStateMachine task thread for /0.0.0.0:34849 - 0 ] INFO  ratis.XceiverServerRatis (XceiverServerRatis.java:getRealPort(543)) - XceiverServerRatis 7d67e38f-65cd-4cdb-ba90-6f13c999d08c is started using port 41273 for RATIS_ADMIN
2023-05-05 09:13:23,578 [EndpointStateMachine task thread for /0.0.0.0:34849 - 0 ] INFO  ratis.XceiverServerRatis (XceiverServerRatis.java:getRealPort(543)) - XceiverServerRatis 7d67e38f-65cd-4cdb-ba90-6f13c999d08c is started using port 41273 for RATIS_SERVER
2023-05-05 09:13:23,578 [EndpointStateMachine task thread for /0.0.0.0:34849 - 0 ] INFO  ratis.XceiverServerRatis (XceiverServerRatis.java:getRealPort(543)) - XceiverServerRatis 7d67e38f-65cd-4cdb-ba90-6f13c999d08c is started using port 40597 for RATIS_DATASTREAM
2023-05-05 09:13:23,580 [EndpointStateMachine task thread for /0.0.0.0:34849 - 0 ] INFO  server.XceiverServerGrpc (XceiverServerGrpc.java:start(180)) - XceiverServerGrpc 7d67e38f-65cd-4cdb-ba90-6f13c999d08c is started using port 38213
2023-05-05 09:13:23,581 [BlockDeletingService#0] INFO  interfaces.ContainerDeletionChoosingPolicyTemplate (ContainerDeletionChoosingPolicyTemplate.java:chooseContainerForBlockDeletion(83)) - Chosen 0/5000 blocks from 0 candidate containers.
2023-05-05 09:13:24,541 [Listener at 127.0.0.1/37867] INFO  ozone.MiniOzoneClusterImpl (MiniOzoneClusterImpl.java:lambda$waitForClusterToBeReady$0(223)) - Waiting for nodes to be ready. Got 0 of 3 DN Heartbeats.
2023-05-05 09:13:24,541 [Listener at 127.0.0.1/37867] INFO  ozone.MiniOzoneClusterImpl (MiniOzoneClusterImpl.java:lambda$waitForClusterToBeReady$0(226)) - Waiting for cluster to exit safe mode
2023-05-05 09:13:24,541 [Listener at 127.0.0.1/37867] INFO  ozone.MiniOzoneClusterImpl (MiniOzoneClusterImpl.java:lambda$waitForClusterToBeReady$0(228)) - SCM became leader
2023-05-05 09:13:24,878 [IPC Server handler 0 on default port 34849] INFO  net.NetworkTopologyImpl (NetworkTopologyImpl.java:add(112)) - Added a new node: /rack1/331cda18-a74d-44be-9546-cb2763b08ec0
2023-05-05 09:13:24,878 [IPC Server handler 0 on default port 34849] INFO  node.SCMNodeManager (SCMNodeManager.java:register(407)) - Registered Data node : 331cda18-a74d-44be-9546-cb2763b08ec0{ip: 10.1.0.42, host: fv-az152-207.qln5d00okglujjccfnhxhxodph.cx.internal.cloudapp.net, ports: [HTTP=36895, REPLICATION=33179, RATIS=38619, RATIS_ADMIN=38619, RATIS_SERVER=38619, RATIS_DATASTREAM=38911, STANDALONE=41049], networkLocation: /rack1, certSerialId: null, persistedOpState: null, persistedOpStateExpiryEpochSec: 0}
2023-05-05 09:13:24,880 [EventQueue-NewNodeForNewNodeHandler] INFO  pipeline.BackgroundPipelineCreator (BackgroundPipelineCreator.java:notifyEventTriggered(276)) - trigger a one-shot run on RatisPipelineUtilsThread.
2023-05-05 09:13:24,881 [RatisPipelineUtilsThread - 0] INFO  pipeline.RatisPipelineProvider (RatisPipelineProvider.java:lambda$create$0(206)) - Sending CreatePipelineCommand for pipeline:PipelineID=677f07fa-6317-4417-a3c9-14f0896166a6 to datanode:331cda18-a74d-44be-9546-cb2763b08ec0
2023-05-05 09:13:24,881 [EventQueue-NodeRegistrationContainerReportForDataNodeSafeModeRule] INFO  safemode.SCMSafeModeManager (DataNodeSafeModeRule.java:process(71)) - SCM in safe mode. 1 DataNodes registered, 3 required.
2023-05-05 09:13:24,882 [EventQueue-NodeRegistrationContainerReportForContainerSafeModeRule] INFO  safemode.SCMSafeModeManager (SCMSafeModeManager.java:validateSafeModeExitRules(200)) - ContainerSafeModeRule rule is successfully validated
2023-05-05 09:13:24,882 [RatisPipelineUtilsThread - 0] INFO  pipeline.PipelineStateManagerImpl (PipelineStateManagerImpl.java:addPipeline(103)) - Created pipeline Pipeline[ Id: 677f07fa-6317-4417-a3c9-14f0896166a6, Nodes: 331cda18-a74d-44be-9546-cb2763b08ec0(fv-az152-207.qln5d00okglujjccfnhxhxodph.cx.internal.cloudapp.net/10.1.0.42), ReplicationConfig: RATIS/ONE, State:ALLOCATED, leaderId:, CreationTimestamp2023-05-05T09:13:24.881Z[Etc/UTC]].
2023-05-05 09:13:24,884 [EventQueue-PipelineReportForOneReplicaPipelineSafeModeRule] INFO  safemode.SCMSafeModeManager (SCMSafeModeManager.java:validateSafeModeExitRules(200)) - AtleastOneDatanodeReportedRule rule is successfully validated
2023-05-05 09:13:25,230 [IPC Server handler 1 on default port 34849] INFO  net.NetworkTopologyImpl (NetworkTopologyImpl.java:add(112)) - Added a new node: /rack1/4e824c96-211f-4ca2-8aff-d3ca17aa07c4
2023-05-05 09:13:25,231 [IPC Server handler 1 on default port 34849] INFO  node.SCMNodeManager (SCMNodeManager.java:register(407)) - Registered Data node : 4e824c96-211f-4ca2-8aff-d3ca17aa07c4{ip: 10.1.0.42, host: fv-az152-207.qln5d00okglujjccfnhxhxodph.cx.internal.cloudapp.net, ports: [HTTP=38277, REPLICATION=34675, RATIS=43919, RATIS_ADMIN=43919, RATIS_SERVER=43919, RATIS_DATASTREAM=37115, STANDALONE=35053], networkLocation: /rack1, certSerialId: null, persistedOpState: null, persistedOpStateExpiryEpochSec: 0}
2023-05-05 09:13:25,231 [EventQueue-NewNodeForNewNodeHandler] INFO  pipeline.BackgroundPipelineCreator (BackgroundPipelineCreator.java:notifyEventTriggered(276)) - trigger a one-shot run on RatisPipelineUtilsThread.
2023-05-05 09:13:25,232 [EventQueue-NodeRegistrationContainerReportForDataNodeSafeModeRule] INFO  safemode.SCMSafeModeManager (DataNodeSafeModeRule.java:process(71)) - SCM in safe mode. 2 DataNodes registered, 3 required.
2023-05-05 09:13:25,233 [RatisPipelineUtilsThread - 0] INFO  pipeline.RatisPipelineProvider (RatisPipelineProvider.java:lambda$create$0(206)) - Sending CreatePipelineCommand for pipeline:PipelineID=2cb47aaf-04cd-4fd6-91ed-315b7f7d3f6d to datanode:4e824c96-211f-4ca2-8aff-d3ca17aa07c4
2023-05-05 09:13:25,234 [RatisPipelineUtilsThread - 0] INFO  pipeline.PipelineStateManagerImpl (PipelineStateManagerImpl.java:addPipeline(103)) - Created pipeline Pipeline[ Id: 2cb47aaf-04cd-4fd6-91ed-315b7f7d3f6d, Nodes: 4e824c96-211f-4ca2-8aff-d3ca17aa07c4(fv-az152-207.qln5d00okglujjccfnhxhxodph.cx.internal.cloudapp.net/10.1.0.42), ReplicationConfig: RATIS/ONE, State:ALLOCATED, leaderId:, CreationTimestamp2023-05-05T09:13:25.233Z[Etc/UTC]].
2023-05-05 09:13:25,542 [Listener at 127.0.0.1/37867] INFO  ozone.MiniOzoneClusterImpl (MiniOzoneClusterImpl.java:lambda$waitForClusterToBeReady$0(223)) - Waiting for nodes to be ready. Got 2 of 3 DN Heartbeats.
2023-05-05 09:13:25,542 [Listener at 127.0.0.1/37867] INFO  ozone.MiniOzoneClusterImpl (MiniOzoneClusterImpl.java:lambda$waitForClusterToBeReady$0(226)) - Waiting for cluster to exit safe mode
2023-05-05 09:13:25,542 [Listener at 127.0.0.1/37867] INFO  ozone.MiniOzoneClusterImpl (MiniOzoneClusterImpl.java:lambda$waitForClusterToBeReady$0(228)) - SCM became leader
2023-05-05 09:13:25,545 [IPC Server handler 2 on default port 34849] INFO  net.NetworkTopologyImpl (NetworkTopologyImpl.java:add(112)) - Added a new node: /rack1/7d67e38f-65cd-4cdb-ba90-6f13c999d08c
2023-05-05 09:13:25,545 [IPC Server handler 2 on default port 34849] INFO  node.SCMNodeManager (SCMNodeManager.java:register(407)) - Registered Data node : 7d67e38f-65cd-4cdb-ba90-6f13c999d08c{ip: 10.1.0.42, host: fv-az152-207.qln5d00okglujjccfnhxhxodph.cx.internal.cloudapp.net, ports: [HTTP=35515, REPLICATION=44151, RATIS=41273, RATIS_ADMIN=41273, RATIS_SERVER=41273, RATIS_DATASTREAM=40597, STANDALONE=38213], networkLocation: /rack1, certSerialId: null, persistedOpState: null, persistedOpStateExpiryEpochSec: 0}
2023-05-05 09:13:25,546 [EventQueue-NewNodeForNewNodeHandler] INFO  pipeline.BackgroundPipelineCreator (BackgroundPipelineCreator.java:notifyEventTriggered(276)) - trigger a one-shot run on RatisPipelineUtilsThread.
2023-05-05 09:13:25,547 [RatisPipelineUtilsThread - 0] INFO  pipeline.RatisPipelineProvider (RatisPipelineProvider.java:lambda$create$0(206)) - Sending CreatePipelineCommand for pipeline:PipelineID=b6645d23-c619-48fd-b590-5a03afdc34c8 to datanode:7d67e38f-65cd-4cdb-ba90-6f13c999d08c
2023-05-05 09:13:25,547 [EventQueue-NodeRegistrationContainerReportForDataNodeSafeModeRule] INFO  safemode.SCMSafeModeManager (DataNodeSafeModeRule.java:process(71)) - SCM in safe mode. 3 DataNodes registered, 3 required.
2023-05-05 09:13:25,547 [EventQueue-NodeRegistrationContainerReportForDataNodeSafeModeRule] INFO  safemode.SCMSafeModeManager (SCMSafeModeManager.java:validateSafeModeExitRules(200)) - DataNodeSafeModeRule rule is successfully validated
2023-05-05 09:13:25,547 [EventQueue-NodeRegistrationContainerReportForDataNodeSafeModeRule] INFO  safemode.SCMSafeModeManager (SCMSafeModeManager.java:completePreCheck(229)) - All SCM safe mode pre check rules have passed
2023-05-05 09:13:25,547 [EventQueue-NodeRegistrationContainerReportForDataNodeSafeModeRule] INFO  ha.SCMContext (SCMContext.java:updateSafeModeStatus(228)) - Update SafeModeStatus from SafeModeStatus{safeModeStatus=true, preCheckPassed=false} to SafeModeStatus{safeModeStatus=true, preCheckPassed=true}.
2023-05-05 09:13:25,547 [EventQueue-NodeRegistrationContainerReportForDataNodeSafeModeRule] INFO  pipeline.BackgroundPipelineCreator (BackgroundPipelineCreator.java:notifyEventTriggered(276)) - trigger a one-shot run on RatisPipelineUtilsThread.
2023-05-05 09:13:25,548 [RatisPipelineUtilsThread - 0] INFO  pipeline.PipelineStateManagerImpl (PipelineStateManagerImpl.java:addPipeline(103)) - Created pipeline Pipeline[ Id: b6645d23-c619-48fd-b590-5a03afdc34c8, Nodes: 7d67e38f-65cd-4cdb-ba90-6f13c999d08c(fv-az152-207.qln5d00okglujjccfnhxhxodph.cx.internal.cloudapp.net/10.1.0.42), ReplicationConfig: RATIS/ONE, State:ALLOCATED, leaderId:, CreationTimestamp2023-05-05T09:13:25.547Z[Etc/UTC]].
2023-05-05 09:13:25,548 [RatisPipelineUtilsThread - 0] INFO  pipeline.RatisPipelineProvider (RatisPipelineProvider.java:lambda$create$0(206)) - Sending CreatePipelineCommand for pipeline:PipelineID=8fec42b3-e2b9-4def-8a26-3cb1bbd3f3b4 to datanode:331cda18-a74d-44be-9546-cb2763b08ec0
2023-05-05 09:13:25,548 [RatisPipelineUtilsThread - 0] INFO  pipeline.RatisPipelineProvider (RatisPipelineProvider.java:lambda$create$0(206)) - Sending CreatePipelineCommand for pipeline:PipelineID=8fec42b3-e2b9-4def-8a26-3cb1bbd3f3b4 to datanode:7d67e38f-65cd-4cdb-ba90-6f13c999d08c
2023-05-05 09:13:25,548 [RatisPipelineUtilsThread - 0] INFO  pipeline.RatisPipelineProvider (RatisPipelineProvider.java:lambda$create$0(206)) - Sending CreatePipelineCommand for pipeline:PipelineID=8fec42b3-e2b9-4def-8a26-3cb1bbd3f3b4 to datanode:4e824c96-211f-4ca2-8aff-d3ca17aa07c4
2023-05-05 09:13:25,549 [RatisPipelineUtilsThread - 0] INFO  pipeline.PipelineStateManagerImpl (PipelineStateManagerImpl.java:addPipeline(103)) - Created pipeline Pipeline[ Id: 8fec42b3-e2b9-4def-8a26-3cb1bbd3f3b4, Nodes: 331cda18-a74d-44be-9546-cb2763b08ec0(fv-az152-207.qln5d00okglujjccfnhxhxodph.cx.internal.cloudapp.net/10.1.0.42)7d67e38f-65cd-4cdb-ba90-6f13c999d08c(fv-az152-207.qln5d00okglujjccfnhxhxodph.cx.internal.cloudapp.net/10.1.0.42)4e824c96-211f-4ca2-8aff-d3ca17aa07c4(fv-az152-207.qln5d00okglujjccfnhxhxodph.cx.internal.cloudapp.net/10.1.0.42), ReplicationConfig: RATIS/THREE, State:ALLOCATED, leaderId:, CreationTimestamp2023-05-05T09:13:25.548Z[Etc/UTC]].
2023-05-05 09:13:25,549 [RatisPipelineUtilsThread - 0] INFO  pipeline.RatisPipelineProvider (RatisPipelineProvider.java:lambda$create$0(206)) - Sending CreatePipelineCommand for pipeline:PipelineID=c9a066db-4236-4a08-9abf-d79a44c86311 to datanode:4e824c96-211f-4ca2-8aff-d3ca17aa07c4
2023-05-05 09:13:25,549 [RatisPipelineUtilsThread - 0] INFO  pipeline.RatisPipelineProvider (RatisPipelineProvider.java:lambda$create$0(206)) - Sending CreatePipelineCommand for pipeline:PipelineID=c9a066db-4236-4a08-9abf-d79a44c86311 to datanode:7d67e38f-65cd-4cdb-ba90-6f13c999d08c
2023-05-05 09:13:25,549 [RatisPipelineUtilsThread - 0] INFO  pipeline.RatisPipelineProvider (RatisPipelineProvider.java:lambda$create$0(206)) - Sending CreatePipelineCommand for pipeline:PipelineID=c9a066db-4236-4a08-9abf-d79a44c86311 to datanode:331cda18-a74d-44be-9546-cb2763b08ec0
2023-05-05 09:13:25,550 [RatisPipelineUtilsThread - 0] INFO  pipeline.PipelineStateManagerImpl (PipelineStateManagerImpl.java:addPipeline(103)) - Created pipeline Pipeline[ Id: c9a066db-4236-4a08-9abf-d79a44c86311, Nodes: 4e824c96-211f-4ca2-8aff-d3ca17aa07c4(fv-az152-207.qln5d00okglujjccfnhxhxodph.cx.internal.cloudapp.net/10.1.0.42)7d67e38f-65cd-4cdb-ba90-6f13c999d08c(fv-az152-207.qln5d00okglujjccfnhxhxodph.cx.internal.cloudapp.net/10.1.0.42)331cda18-a74d-44be-9546-cb2763b08ec0(fv-az152-207.qln5d00okglujjccfnhxhxodph.cx.internal.cloudapp.net/10.1.0.42), ReplicationConfig: RATIS/THREE, State:ALLOCATED, leaderId:, CreationTimestamp2023-05-05T09:13:25.549Z[Etc/UTC]].
2023-05-05 09:13:25,550 [RatisPipelineUtilsThread - 0] INFO  pipeline.PipelineManagerImpl (PipelineManagerImpl.java:recordMetricsForPipeline(826)) - Pipeline: PipelineID=c9a066db-4236-4a08-9abf-d79a44c86311 contains same datanodes as previous pipelines: PipelineID=8fec42b3-e2b9-4def-8a26-3cb1bbd3f3b4 nodeIds: 4e824c96-211f-4ca2-8aff-d3ca17aa07c4, 7d67e38f-65cd-4cdb-ba90-6f13c999d08c, 331cda18-a74d-44be-9546-cb2763b08ec0
2023-05-05 09:13:25,550 [RatisPipelineUtilsThread - 0] WARN  pipeline.PipelinePlacementPolicy (PipelinePlacementPolicy.java:filterViableNodes(160)) - Pipeline creation failed due to no sufficient healthy datanodes. Required 3. Found 0. Excluded 3.
2023-05-05 09:13:25,550 [RatisPipelineUtilsThread - 0] WARN  pipeline.PipelinePlacementPolicy (PipelinePlacementPolicy.java:filterViableNodes(160)) - Pipeline creation failed due to no sufficient healthy datanodes. Required 3. Found 0. Excluded 3.
2023-05-05 09:13:26,542 [Listener at 127.0.0.1/37867] INFO  ozone.MiniOzoneClusterImpl (MiniOzoneClusterImpl.java:lambda$waitForClusterToBeReady$0(223)) - Nodes are ready. Got 3 of 3 DN Heartbeats.
2023-05-05 09:13:26,542 [Listener at 127.0.0.1/37867] INFO  ozone.MiniOzoneClusterImpl (MiniOzoneClusterImpl.java:lambda$waitForClusterToBeReady$0(226)) - Waiting for cluster to exit safe mode
2023-05-05 09:13:26,542 [Listener at 127.0.0.1/37867] INFO  ozone.MiniOzoneClusterImpl (MiniOzoneClusterImpl.java:lambda$waitForClusterToBeReady$0(228)) - SCM became leader
2023-05-05 09:13:27,544 [Listener at 127.0.0.1/37867] INFO  ozone.MiniOzoneClusterImpl (MiniOzoneClusterImpl.java:lambda$waitForClusterToBeReady$0(223)) - Nodes are ready. Got 3 of 3 DN Heartbeats.
2023-05-05 09:13:27,544 [Listener at 127.0.0.1/37867] INFO  ozone.MiniOzoneClusterImpl (MiniOzoneClusterImpl.java:lambda$waitForClusterToBeReady$0(226)) - Waiting for cluster to exit safe mode
2023-05-05 09:13:27,544 [Listener at 127.0.0.1/37867] INFO  ozone.MiniOzoneClusterImpl (MiniOzoneClusterImpl.java:lambda$waitForClusterToBeReady$0(228)) - SCM became leader
2023-05-05 09:13:27,879 [Command processor thread] INFO  server.RaftServer (RaftServerProxy.java:addNew(96)) - 331cda18-a74d-44be-9546-cb2763b08ec0: addNew group-14F0896166A6:[331cda18-a74d-44be-9546-cb2763b08ec0|rpc:10.1.0.42:38619|dataStream:10.1.0.42:38911|priority:1|startupRole:FOLLOWER] returns group-14F0896166A6:java.util.concurrent.CompletableFuture@3b404211[Not completed]
2023-05-05 09:13:27,880 [pool-1087-thread-1] INFO  server.RaftServer$Division (RaftServerImpl.java:<init>(195)) - 331cda18-a74d-44be-9546-cb2763b08ec0: new RaftServerImpl for group-14F0896166A6:[331cda18-a74d-44be-9546-cb2763b08ec0|rpc:10.1.0.42:38619|dataStream:10.1.0.42:38911|priority:1|startupRole:FOLLOWER] with ContainerStateMachine:uninitialized
2023-05-05 09:13:27,880 [pool-1087-thread-1] INFO  server.RaftServerConfigKeys (ConfUtils.java:logGet(46)) - raft.server.rpc.timeout.min = 5s (custom)
2023-05-05 09:13:27,880 [pool-1087-thread-1] INFO  server.RaftServerConfigKeys (ConfUtils.java:logGet(46)) - raft.server.rpc.timeout.max = 5200ms (custom)
2023-05-05 09:13:27,880 [pool-1087-thread-1] INFO  server.RaftServerConfigKeys (ConfUtils.java:logGet(46)) - raft.server.rpc.sleep.time = 25ms (default)
2023-05-05 09:13:27,880 [pool-1087-thread-1] INFO  server.RaftServerConfigKeys (ConfUtils.java:logGet(46)) - raft.server.rpc.slowness.timeout = 300s (custom)
2023-05-05 09:13:27,880 [pool-1087-thread-1] INFO  server.RaftServerConfigKeys (ConfUtils.java:logGet(46)) - raft.server.leaderelection.leader.step-down.wait-time = 10s (default)
2023-05-05 09:13:27,880 [pool-1087-thread-1] INFO  server.RaftServerConfigKeys (ConfUtils.java:logGet(46)) - raft.server.sleep.deviation.threshold = 300ms (default)
2023-05-05 09:13:27,880 [pool-1087-thread-1] INFO  server.RaftServer$Division (ServerState.java:<init>(118)) - 331cda18-a74d-44be-9546-cb2763b08ec0@group-14F0896166A6: ConfigurationManager, init=-1: peers:[331cda18-a74d-44be-9546-cb2763b08ec0|rpc:10.1.0.42:38619|dataStream:10.1.0.42:38911|priority:1|startupRole:FOLLOWER]|listeners:[], old=null, confs=<EMPTY_MAP>
2023-05-05 09:13:27,880 [pool-1087-thread-1] INFO  server.RaftServerConfigKeys (ConfUtils.java:logGet(46)) - raft.server.storage.dir = [/home/runner/work/ozone/ozone/hadoop-ozone/integration-test/target/test-dir/MiniOzoneClusterImpl-463505b4-0bc6-4d58-b137-957c27341022/datanode-0/data/ratis] (custom)
2023-05-05 09:13:27,880 [pool-1087-thread-1] INFO  server.RaftServerConfigKeys (ConfUtils.java:logGet(46)) - raft.server.log.corruption.policy = EXCEPTION (default)
2023-05-05 09:13:27,880 [pool-1087-thread-1] INFO  server.RaftServerConfigKeys (ConfUtils.java:logGet(46)) - raft.server.storage.free-space.min = 0MB (=0) (default)
2023-05-05 09:13:27,880 [pool-1087-thread-1] INFO  server.RaftServerConfigKeys (ConfUtils.java:logGet(46)) - raft.server.notification.no-leader.timeout = 300s (custom)
2023-05-05 09:13:27,880 [pool-1087-thread-1] INFO  server.RaftServerConfigKeys (ConfUtils.java:logGet(46)) - raft.server.retrycache.expirytime = 600000ms (custom)
2023-05-05 09:13:27,881 [pool-1087-thread-1] INFO  server.RaftServerConfigKeys (ConfUtils.java:logGet(46)) - raft.server.retrycache.statistics.expirytime = 100μs (default)
2023-05-05 09:13:27,881 [pool-1087-thread-1] INFO  server.RaftServerConfigKeys (ConfUtils.java:logGet(46)) - raft.server.log.appender.install.snapshot.enabled = false (custom)
2023-05-05 09:13:27,881 [pool-1087-thread-1] INFO  server.RaftServerConfigKeys (ConfUtils.java:logGet(46)) - raft.server.threadpool.server.cached = true (default)
2023-05-05 09:13:27,881 [pool-1087-thread-1] INFO  server.RaftServerConfigKeys (ConfUtils.java:logGet(46)) - raft.server.threadpool.server.size = 0 (default)
2023-05-05 09:13:27,881 [pool-1087-thread-1] INFO  server.RaftServerConfigKeys (ConfUtils.java:logGet(46)) - raft.server.threadpool.client.cached = true (default)
2023-05-05 09:13:27,881 [pool-1087-thread-1] INFO  server.RaftServerConfigKeys (ConfUtils.java:logGet(46)) - raft.server.threadpool.client.size = 0 (default)
2023-05-05 09:13:27,881 [pool-1087-thread-1] INFO  storage.RaftStorageDirectory (RaftStorageDirectoryImpl.java:analyzeStorage(137)) - The storage directory /home/runner/work/ozone/ozone/hadoop-ozone/integration-test/target/test-dir/MiniOzoneClusterImpl-463505b4-0bc6-4d58-b137-957c27341022/datanode-0/data/ratis/677f07fa-6317-4417-a3c9-14f0896166a6 does not exist. Creating ...
2023-05-05 09:13:27,886 [pool-1087-thread-1] INFO  storage.RaftStorageDirectory (RaftStorageDirectoryImpl.java:tryLock(231)) - Lock on /home/runner/work/ozone/ozone/hadoop-ozone/integration-test/target/test-dir/MiniOzoneClusterImpl-463505b4-0bc6-4d58-b137-957c27341022/datanode-0/data/ratis/677f07fa-6317-4417-a3c9-14f0896166a6/in_use.lock acquired by nodename 7812@fv-az152-207
2023-05-05 09:13:27,887 [pool-1087-thread-1] INFO  storage.RaftStorage (RaftStorageImpl.java:format(96)) - Storage directory /home/runner/work/ozone/ozone/hadoop-ozone/integration-test/target/test-dir/MiniOzoneClusterImpl-463505b4-0bc6-4d58-b137-957c27341022/datanode-0/data/ratis/677f07fa-6317-4417-a3c9-14f0896166a6 has been successfully formatted.
2023-05-05 09:13:27,888 [pool-1087-thread-1] INFO  ratis.ContainerStateMachine (ContainerStateMachine.java:loadSnapshot(262)) - group-14F0896166A6: The snapshot info is null. Setting the last applied indexto:(t:0, i:~)
2023-05-05 09:13:27,889 [pool-1087-thread-1] INFO  server.RaftServerConfigKeys (ConfUtils.java:logGet(46)) - raft.server.log.use.memory = false (default)
2023-05-05 09:13:27,889 [pool-1087-thread-1] INFO  server.RaftServerConfigKeys (ConfUtils.java:logGet(46)) - raft.server.log.purge.gap = 1000000 (custom)
2023-05-05 09:13:27,889 [pool-1087-thread-1] INFO  server.RaftServerConfigKeys (ConfUtils.java:logGet(46)) - raft.server.log.appender.buffer.byte-limit = 33554432 (custom)
2023-05-05 09:13:27,889 [pool-1087-thread-1] INFO  server.RaftServerConfigKeys (ConfUtils.java:logGet(46)) - raft.server.log.statemachine.data.read.timeout = 1000ms (default)
2023-05-05 09:13:27,889 [pool-1087-thread-1] INFO  server.RaftServerConfigKeys (ConfUtils.java:logGet(46)) - raft.server.log.purge.preservation.log.num = 0 (default)
2023-05-05 09:13:27,889 [pool-1087-thread-1] INFO  server.RaftServerConfigKeys (ConfUtils.java:logGet(46)) - raft.server.log.segment.size.max = 1048576 (custom)
2023-05-05 09:13:27,889 [pool-1087-thread-1] INFO  server.RaftServerConfigKeys (ConfUtils.java:logGet(46)) - raft.server.log.segment.cache.num.max = 2 (custom)
2023-05-05 09:13:27,889 [pool-1087-thread-1] INFO  server.RaftServerConfigKeys (ConfUtils.java:logGet(46)) - raft.server.log.segment.cache.size.max = 200MB (=209715200) (default)
2023-05-05 09:13:27,889 [pool-1087-thread-1] INFO  segmented.SegmentedRaftLogWorker (SegmentedRaftLogWorker.java:<init>(189)) - new 331cda18-a74d-44be-9546-cb2763b08ec0@group-14F0896166A6-SegmentedRaftLogWorker for RaftStorageImpl:Storage Directory /home/runner/work/ozone/ozone/hadoop-ozone/integration-test/target/test-dir/MiniOzoneClusterImpl-463505b4-0bc6-4d58-b137-957c27341022/datanode-0/data/ratis/677f07fa-6317-4417-a3c9-14f0896166a6
2023-05-05 09:13:27,889 [pool-1087-thread-1] INFO  server.RaftServerConfigKeys (ConfUtils.java:logGet(46)) - raft.server.log.queue.byte-limit = 4294967296 (custom)
2023-05-05 09:13:27,889 [pool-1087-thread-1] INFO  server.RaftServerConfigKeys (ConfUtils.java:logGet(46)) - raft.server.log.queue.element-limit = 1024 (custom)
2023-05-05 09:13:27,889 [pool-1087-thread-1] INFO  server.RaftServerConfigKeys (ConfUtils.java:logGet(46)) - raft.server.log.segment.size.max = 1048576 (custom)
2023-05-05 09:13:27,890 [pool-1087-thread-1] INFO  server.RaftServerConfigKeys (ConfUtils.java:logGet(46)) - raft.server.log.preallocated.size = 16384 (custom)
2023-05-05 09:13:27,890 [pool-1087-thread-1] INFO  server.RaftServerConfigKeys (ConfUtils.java:logGet(46)) - raft.server.log.force.sync.num = 128 (default)
2023-05-05 09:13:27,890 [pool-1087-thread-1] INFO  server.RaftServerConfigKeys (ConfUtils.java:logGet(46)) - raft.server.log.statemachine.data.sync = true (default)
2023-05-05 09:13:27,890 [pool-1087-thread-1] INFO  server.RaftServerConfigKeys (ConfUtils.java:logGet(46)) - raft.server.log.statemachine.data.sync.timeout = 10s (default)
2023-05-05 09:13:27,890 [pool-1087-thread-1] INFO  server.RaftServerConfigKeys (ConfUtils.java:logGet(46)) - raft.server.log.statemachine.data.sync.timeout.retry = -1 (default)
2023-05-05 09:13:27,890 [pool-1087-thread-1] INFO  server.RaftServerConfigKeys (ConfUtils.java:logGet(46)) - raft.server.log.write.buffer.size = 1048576 (custom)
2023-05-05 09:13:27,890 [EventQueue-PipelineReportForPipelineReportHandler] INFO  pipeline.PipelineManagerImpl (PipelineManagerImpl.java:openPipeline(367)) - Pipeline Pipeline[ Id: 677f07fa-6317-4417-a3c9-14f0896166a6, Nodes: 331cda18-a74d-44be-9546-cb2763b08ec0(fv-az152-207.qln5d00okglujjccfnhxhxodph.cx.internal.cloudapp.net/10.1.0.42), ReplicationConfig: RATIS/ONE, State:ALLOCATED, leaderId:331cda18-a74d-44be-9546-cb2763b08ec0, CreationTimestamp2023-05-05T09:13:24.881Z[Etc/UTC]] moved to OPEN state
2023-05-05 09:13:27,891 [pool-1087-thread-1] INFO  server.RaftServerConfigKeys (ConfUtils.java:logGet(46)) - raft.server.log.appender.buffer.byte-limit = 33554432 (custom)
2023-05-05 09:13:27,897 [pool-1087-thread-1] INFO  server.RaftServerConfigKeys (ConfUtils.java:logGet(46)) - raft.server.log.unsafe-flush.enabled = false (default)
2023-05-05 09:13:27,897 [pool-1087-thread-1] INFO  server.RaftServerConfigKeys (ConfUtils.java:logGet(46)) - raft.server.log.async-flush.enabled = false (default)
2023-05-05 09:13:27,897 [pool-1087-thread-1] INFO  server.RaftServerConfigKeys (ConfUtils.java:logGet(46)) - raft.server.log.statemachine.data.caching.enabled = true (custom)
2023-05-05 09:13:27,898 [EventQueue-OpenPipelineForHealthyPipelineSafeModeRule] INFO  safemode.SCMSafeModeManager (HealthyPipelineSafeModeRule.java:process(137)) - SCM in safe mode. Healthy pipelines reported count is 0, required healthy pipeline reported count is 1
2023-05-05 09:13:27,899 [pool-1087-thread-1] INFO  segmented.SegmentedRaftLogWorker (SegmentedRaftLogWorker.java:lambda$new$0(135)) - 331cda18-a74d-44be-9546-cb2763b08ec0@group-14F0896166A6-SegmentedRaftLogWorker: flushIndex: setUnconditionally 0 -> -1
2023-05-05 09:13:27,899 [pool-1087-thread-1] INFO  segmented.SegmentedRaftLogWorker (SegmentedRaftLogWorker.java:lambda$new$0(135)) - 331cda18-a74d-44be-9546-cb2763b08ec0@group-14F0896166A6-SegmentedRaftLogWorker: safeCacheEvictIndex: setUnconditionally 0 -> -1
2023-05-05 09:13:27,899 [pool-1087-thread-1] INFO  server.RaftServer$Division (RaftServerImpl.java:start(334)) - 331cda18-a74d-44be-9546-cb2763b08ec0@group-14F0896166A6: start as a follower, conf=-1: peers:[331cda18-a74d-44be-9546-cb2763b08ec0|rpc:10.1.0.42:38619|dataStream:10.1.0.42:38911|priority:1|startupRole:FOLLOWER]|listeners:[], old=null
2023-05-05 09:13:27,900 [pool-1087-thread-1] INFO  server.RaftServer$Division (RaftServerImpl.java:setRole(321)) - 331cda18-a74d-44be-9546-cb2763b08ec0@group-14F0896166A6: changes role from      null to FOLLOWER at term 0 for startAsFollower
2023-05-05 09:13:27,900 [pool-1087-thread-1] INFO  impl.RoleInfo (RoleInfo.java:updateAndGet(139)) - 331cda18-a74d-44be-9546-cb2763b08ec0: start 331cda18-a74d-44be-9546-cb2763b08ec0@group-14F0896166A6-FollowerState
2023-05-05 09:13:27,900 [pool-1087-thread-1] INFO  util.JmxRegister (JmxRegister.java:tryRegister(44)) - Successfully registered JMX Bean with object name Ratis:service=RaftServer,group=group-14F0896166A6,id=331cda18-a74d-44be-9546-cb2763b08ec0
2023-05-05 09:13:27,900 [pool-1087-thread-1] INFO  server.RaftServerConfigKeys (ConfUtils.java:logGet(46)) - raft.server.snapshot.auto.trigger.enabled = true (custom)
2023-05-05 09:13:27,900 [pool-1087-thread-1] INFO  server.RaftServerConfigKeys (ConfUtils.java:logGet(46)) - raft.server.snapshot.auto.trigger.threshold = 10000 (custom)
2023-05-05 09:13:27,900 [pool-1087-thread-1] INFO  server.RaftServerConfigKeys (ConfUtils.java:logGet(46)) - raft.server.snapshot.retention.file.num = 5 (custom)
2023-05-05 09:13:27,900 [pool-1087-thread-1] INFO  server.RaftServerConfigKeys (ConfUtils.java:logGet(46)) - raft.server.log.purge.upto.snapshot.index = false (default)
2023-05-05 09:13:27,901 [331cda18-a74d-44be-9546-cb2763b08ec0@group-14F0896166A6-FollowerState] INFO  server.RaftServerConfigKeys (ConfUtils.java:logFallback(53)) - raft.server.rpc.first-election.timeout.min = 5s (fallback to raft.server.rpc.timeout.min)
2023-05-05 09:13:27,901 [331cda18-a74d-44be-9546-cb2763b08ec0@group-14F0896166A6-FollowerState] INFO  server.RaftServerConfigKeys (ConfUtils.java:logFallback(53)) - raft.server.rpc.first-election.timeout.max = 5200ms (fallback to raft.server.rpc.timeout.max)
2023-05-05 09:13:27,901 [Command processor thread] INFO  ratis.XceiverServerRatis (XceiverServerRatis.java:addGroup(806)) - Created group PipelineID=677f07fa-6317-4417-a3c9-14f0896166a6
2023-05-05 09:13:27,901 [Command processor thread] INFO  commandhandler.CreatePipelineCommandHandler (CreatePipelineCommandHandler.java:handle(113)) - Created Pipeline RATIS ONE PipelineID=677f07fa-6317-4417-a3c9-14f0896166a6.
2023-05-05 09:13:27,901 [Command processor thread] INFO  server.RaftServer (RaftServerProxy.java:addNew(96)) - 331cda18-a74d-44be-9546-cb2763b08ec0: addNew group-3CB1BBD3F3B4:[331cda18-a74d-44be-9546-cb2763b08ec0|rpc:10.1.0.42:38619|dataStream:10.1.0.42:38911|priority:0|startupRole:FOLLOWER, 4e824c96-211f-4ca2-8aff-d3ca17aa07c4|rpc:10.1.0.42:43919|dataStream:10.1.0.42:37115|priority:1|startupRole:FOLLOWER, 7d67e38f-65cd-4cdb-ba90-6f13c999d08c|rpc:10.1.0.42:41273|dataStream:10.1.0.42:40597|priority:0|startupRole:FOLLOWER] returns group-3CB1BBD3F3B4:java.util.concurrent.CompletableFuture@3f7fd1a1[Not completed]
2023-05-05 09:13:27,902 [pool-1087-thread-1] INFO  server.RaftServer$Division (RaftServerImpl.java:<init>(195)) - 331cda18-a74d-44be-9546-cb2763b08ec0: new RaftServerImpl for group-3CB1BBD3F3B4:[331cda18-a74d-44be-9546-cb2763b08ec0|rpc:10.1.0.42:38619|dataStream:10.1.0.42:38911|priority:0|startupRole:FOLLOWER, 4e824c96-211f-4ca2-8aff-d3ca17aa07c4|rpc:10.1.0.42:43919|dataStream:10.1.0.42:37115|priority:1|startupRole:FOLLOWER, 7d67e38f-65cd-4cdb-ba90-6f13c999d08c|rpc:10.1.0.42:41273|dataStream:10.1.0.42:40597|priority:0|startupRole:FOLLOWER] with ContainerStateMachine:uninitialized
2023-05-05 09:13:27,902 [pool-1087-thread-1] INFO  server.RaftServerConfigKeys (ConfUtils.java:logGet(46)) - raft.server.rpc.timeout.min = 5s (custom)
2023-05-05 09:13:27,902 [pool-1087-thread-1] INFO  server.RaftServerConfigKeys (ConfUtils.java:logGet(46)) - raft.server.rpc.timeout.max = 5200ms (custom)
2023-05-05 09:13:27,902 [pool-1087-thread-1] INFO  server.RaftServerConfigKeys (ConfUtils.java:logGet(46)) - raft.server.rpc.sleep.time = 25ms (default)
2023-05-05 09:13:27,902 [pool-1087-thread-1] INFO  server.RaftServerConfigKeys (ConfUtils.java:logGet(46)) - raft.server.rpc.slowness.timeout = 300s (custom)
2023-05-05 09:13:27,902 [pool-1087-thread-1] INFO  server.RaftServerConfigKeys (ConfUtils.java:logGet(46)) - raft.server.leaderelection.leader.step-down.wait-time = 10s (default)
2023-05-05 09:13:27,902 [pool-1087-thread-1] INFO  server.RaftServerConfigKeys (ConfUtils.java:logGet(46)) - raft.server.sleep.deviation.threshold = 300ms (default)
2023-05-05 09:13:27,902 [pool-1087-thread-1] INFO  server.RaftServer$Division (ServerState.java:<init>(118)) - 331cda18-a74d-44be-9546-cb2763b08ec0@group-3CB1BBD3F3B4: ConfigurationManager, init=-1: peers:[331cda18-a74d-44be-9546-cb2763b08ec0|rpc:10.1.0.42:38619|dataStream:10.1.0.42:38911|priority:0|startupRole:FOLLOWER, 4e824c96-211f-4ca2-8aff-d3ca17aa07c4|rpc:10.1.0.42:43919|dataStream:10.1.0.42:37115|priority:1|startupRole:FOLLOWER, 7d67e38f-65cd-4cdb-ba90-6f13c999d08c|rpc:10.1.0.42:41273|dataStream:10.1.0.42:40597|priority:0|startupRole:FOLLOWER]|listeners:[], old=null, confs=<EMPTY_MAP>
2023-05-05 09:13:27,902 [pool-1087-thread-1] INFO  server.RaftServerConfigKeys (ConfUtils.java:logGet(46)) - raft.server.storage.dir = [/home/runner/work/ozone/ozone/hadoop-ozone/integration-test/target/test-dir/MiniOzoneClusterImpl-463505b4-0bc6-4d58-b137-957c27341022/datanode-0/data/ratis] (custom)
2023-05-05 09:13:27,903 [pool-1087-thread-1] INFO  server.RaftServerConfigKeys (ConfUtils.java:logGet(46)) - raft.server.log.corruption.policy = EXCEPTION (default)
2023-05-05 09:13:27,903 [pool-1087-thread-1] INFO  server.RaftServerConfigKeys (ConfUtils.java:logGet(46)) - raft.server.storage.free-space.min = 0MB (=0) (default)
2023-05-05 09:13:27,903 [pool-1087-thread-1] INFO  server.RaftServerConfigKeys (ConfUtils.java:logGet(46)) - raft.server.notification.no-leader.timeout = 300s (custom)
2023-05-05 09:13:27,903 [pool-1087-thread-1] INFO  server.RaftServerConfigKeys (ConfUtils.java:logGet(46)) - raft.server.retrycache.expirytime = 600000ms (custom)
2023-05-05 09:13:27,903 [pool-1087-thread-1] INFO  server.RaftServerConfigKeys (ConfUtils.java:logGet(46)) - raft.server.retrycache.statistics.expirytime = 100μs (default)
2023-05-05 09:13:27,903 [pool-1087-thread-1] INFO  server.RaftServerConfigKeys (ConfUtils.java:logGet(46)) - raft.server.log.appender.install.snapshot.enabled = false (custom)
2023-05-05 09:13:27,903 [pool-1087-thread-1] INFO  server.RaftServerConfigKeys (ConfUtils.java:logGet(46)) - raft.server.threadpool.server.cached = true (default)
2023-05-05 09:13:27,903 [pool-1087-thread-1] INFO  server.RaftServerConfigKeys (ConfUtils.java:logGet(46)) - raft.server.threadpool.server.size = 0 (default)
2023-05-05 09:13:27,903 [pool-1087-thread-1] INFO  server.RaftServerConfigKeys (ConfUtils.java:logGet(46)) - raft.server.threadpool.client.cached = true (default)
2023-05-05 09:13:27,903 [pool-1087-thread-1] INFO  server.RaftServerConfigKeys (ConfUtils.java:logGet(46)) - raft.server.threadpool.client.size = 0 (default)
2023-05-05 09:13:27,904 [pool-1087-thread-1] INFO  storage.RaftStorageDirectory (RaftStorageDirectoryImpl.java:analyzeStorage(137)) - The storage directory /home/runner/work/ozone/ozone/hadoop-ozone/integration-test/target/test-dir/MiniOzoneClusterImpl-463505b4-0bc6-4d58-b137-957c27341022/datanode-0/data/ratis/8fec42b3-e2b9-4def-8a26-3cb1bbd3f3b4 does not exist. Creating ...
2023-05-05 09:13:27,905 [pool-1087-thread-1] INFO  storage.RaftStorageDirectory (RaftStorageDirectoryImpl.java:tryLock(231)) - Lock on /home/runner/work/ozone/ozone/hadoop-ozone/integration-test/target/test-dir/MiniOzoneClusterImpl-463505b4-0bc6-4d58-b137-957c27341022/datanode-0/data/ratis/8fec42b3-e2b9-4def-8a26-3cb1bbd3f3b4/in_use.lock acquired by nodename 7812@fv-az152-207
2023-05-05 09:13:27,906 [pool-1087-thread-1] INFO  storage.RaftStorage (RaftStorageImpl.java:format(96)) - Storage directory /home/runner/work/ozone/ozone/hadoop-ozone/integration-test/target/test-dir/MiniOzoneClusterImpl-463505b4-0bc6-4d58-b137-957c27341022/datanode-0/data/ratis/8fec42b3-e2b9-4def-8a26-3cb1bbd3f3b4 has been successfully formatted.
2023-05-05 09:13:27,906 [pool-1087-thread-1] INFO  ratis.ContainerStateMachine (ContainerStateMachine.java:loadSnapshot(262)) - group-3CB1BBD3F3B4: The snapshot info is null. Setting the last applied indexto:(t:0, i:~)
2023-05-05 09:13:27,906 [pool-1087-thread-1] INFO  server.RaftServerConfigKeys (ConfUtils.java:logGet(46)) - raft.server.log.use.memory = false (default)
2023-05-05 09:13:27,906 [pool-1087-thread-1] INFO  server.RaftServerConfigKeys (ConfUtils.java:logGet(46)) - raft.server.log.purge.gap = 1000000 (custom)
2023-05-05 09:13:27,906 [pool-1087-thread-1] INFO  server.RaftServerConfigKeys (ConfUtils.java:logGet(46)) - raft.server.log.appender.buffer.byte-limit = 33554432 (custom)
2023-05-05 09:13:27,906 [pool-1087-thread-1] INFO  server.RaftServerConfigKeys (ConfUtils.java:logGet(46)) - raft.server.log.statemachine.data.read.timeout = 1000ms (default)
2023-05-05 09:13:27,906 [pool-1087-thread-1] INFO  server.RaftServerConfigKeys (ConfUtils.java:logGet(46)) - raft.server.log.purge.preservation.log.num = 0 (default)
2023-05-05 09:13:27,907 [pool-1087-thread-1] INFO  server.RaftServerConfigKeys (ConfUtils.java:logGet(46)) - raft.server.log.segment.size.max = 1048576 (custom)
2023-05-05 09:13:27,907 [pool-1087-thread-1] INFO  server.RaftServerConfigKeys (ConfUtils.java:logGet(46)) - raft.server.log.segment.cache.num.max = 2 (custom)
2023-05-05 09:13:27,907 [pool-1087-thread-1] INFO  server.RaftServerConfigKeys (ConfUtils.java:logGet(46)) - raft.server.log.segment.cache.size.max = 200MB (=209715200) (default)
2023-05-05 09:13:27,907 [pool-1087-thread-1] INFO  segmented.SegmentedRaftLogWorker (SegmentedRaftLogWorker.java:<init>(189)) - new 331cda18-a74d-44be-9546-cb2763b08ec0@group-3CB1BBD3F3B4-SegmentedRaftLogWorker for RaftStorageImpl:Storage Directory /home/runner/work/ozone/ozone/hadoop-ozone/integration-test/target/test-dir/MiniOzoneClusterImpl-463505b4-0bc6-4d58-b137-957c27341022/datanode-0/data/ratis/8fec42b3-e2b9-4def-8a26-3cb1bbd3f3b4
2023-05-05 09:13:27,907 [pool-1087-thread-1] INFO  server.RaftServerConfigKeys (ConfUtils.java:logGet(46)) - raft.server.log.queue.byte-limit = 4294967296 (custom)
2023-05-05 09:13:27,907 [pool-1087-thread-1] INFO  server.RaftServerConfigKeys (ConfUtils.java:logGet(46)) - raft.server.log.queue.element-limit = 1024 (custom)
2023-05-05 09:13:27,907 [pool-1087-thread-1] INFO  server.RaftServerConfigKeys (ConfUtils.java:logGet(46)) - raft.server.log.segment.size.max = 1048576 (custom)
2023-05-05 09:13:27,907 [pool-1087-thread-1] INFO  server.RaftServerConfigKeys (ConfUtils.java:logGet(46)) - raft.server.log.preallocated.size = 16384 (custom)
2023-05-05 09:13:27,907 [pool-1087-thread-1] INFO  server.RaftServerConfigKeys (ConfUtils.java:logGet(46)) - raft.server.log.force.sync.num = 128 (default)
2023-05-05 09:13:27,907 [pool-1087-thread-1] INFO  server.RaftServerConfigKeys (ConfUtils.java:logGet(46)) - raft.server.log.statemachine.data.sync = true (default)
2023-05-05 09:13:27,907 [pool-1087-thread-1] INFO  server.RaftServerConfigKeys (ConfUtils.java:logGet(46)) - raft.server.log.statemachine.data.sync.timeout = 10s (default)
2023-05-05 09:13:27,907 [pool-1087-thread-1] INFO  server.RaftServerConfigKeys (ConfUtils.java:logGet(46)) - raft.server.log.statemachine.data.sync.timeout.retry = -1 (default)
2023-05-05 09:13:27,908 [pool-1087-thread-1] INFO  server.RaftServerConfigKeys (ConfUtils.java:logGet(46)) - raft.server.log.write.buffer.size = 1048576 (custom)
2023-05-05 09:13:27,908 [EventQueue-OpenPipelineForHealthyPipelineSafeModeRule] INFO  safemode.SCMSafeModeManager (HealthyPipelineSafeModeRule.java:process(137)) - SCM in safe mode. Healthy pipelines reported count is 0, required healthy pipeline reported count is 1
2023-05-05 09:13:27,908 [pool-1087-thread-1] INFO  server.RaftServerConfigKeys (ConfUtils.java:logGet(46)) - raft.server.log.appender.buffer.byte-limit = 33554432 (custom)
2023-05-05 09:13:27,914 [pool-1087-thread-1] INFO  server.RaftServerConfigKeys (ConfUtils.java:logGet(46)) - raft.server.log.unsafe-flush.enabled = false (default)
2023-05-05 09:13:27,914 [pool-1087-thread-1] INFO  server.RaftServerConfigKeys (ConfUtils.java:logGet(46)) - raft.server.log.async-flush.enabled = false (default)
2023-05-05 09:13:27,914 [pool-1087-thread-1] INFO  server.RaftServerConfigKeys (ConfUtils.java:logGet(46)) - raft.server.log.statemachine.data.caching.enabled = true (custom)
2023-05-05 09:13:27,914 [pool-1087-thread-1] INFO  segmented.SegmentedRaftLogWorker (SegmentedRaftLogWorker.java:lambda$new$0(135)) - 331cda18-a74d-44be-9546-cb2763b08ec0@group-3CB1BBD3F3B4-SegmentedRaftLogWorker: flushIndex: setUnconditionally 0 -> -1
2023-05-05 09:13:27,914 [pool-1087-thread-1] INFO  segmented.SegmentedRaftLogWorker (SegmentedRaftLogWorker.java:lambda$new$0(135)) - 331cda18-a74d-44be-9546-cb2763b08ec0@group-3CB1BBD3F3B4-SegmentedRaftLogWorker: safeCacheEvictIndex: setUnconditionally 0 -> -1
2023-05-05 09:13:27,914 [pool-1087-thread-1] INFO  server.RaftServer$Division (RaftServerImpl.java:start(334)) - 331cda18-a74d-44be-9546-cb2763b08ec0@group-3CB1BBD3F3B4: start as a follower, conf=-1: peers:[331cda18-a74d-44be-9546-cb2763b08ec0|rpc:10.1.0.42:38619|dataStream:10.1.0.42:38911|priority:0|startupRole:FOLLOWER, 4e824c96-211f-4ca2-8aff-d3ca17aa07c4|rpc:10.1.0.42:43919|dataStream:10.1.0.42:37115|priority:1|startupRole:FOLLOWER, 7d67e38f-65cd-4cdb-ba90-6f13c999d08c|rpc:10.1.0.42:41273|dataStream:10.1.0.42:40597|priority:0|startupRole:FOLLOWER]|listeners:[], old=null
2023-05-05 09:13:27,915 [pool-1087-thread-1] INFO  server.RaftServer$Division (RaftServerImpl.java:setRole(321)) - 331cda18-a74d-44be-9546-cb2763b08ec0@group-3CB1BBD3F3B4: changes role from      null to FOLLOWER at term 0 for startAsFollower
2023-05-05 09:13:27,915 [pool-1087-thread-1] INFO  impl.RoleInfo (RoleInfo.java:updateAndGet(139)) - 331cda18-a74d-44be-9546-cb2763b08ec0: start 331cda18-a74d-44be-9546-cb2763b08ec0@group-3CB1BBD3F3B4-FollowerState
2023-05-05 09:13:27,915 [pool-1087-thread-1] INFO  util.JmxRegister (JmxRegister.java:tryRegister(44)) - Successfully registered JMX Bean with object name Ratis:service=RaftServer,group=group-3CB1BBD3F3B4,id=331cda18-a74d-44be-9546-cb2763b08ec0
2023-05-05 09:13:27,915 [pool-1087-thread-1] INFO  server.RaftServerConfigKeys (ConfUtils.java:logGet(46)) - raft.server.snapshot.auto.trigger.enabled = true (custom)
2023-05-05 09:13:27,915 [pool-1087-thread-1] INFO  server.RaftServerConfigKeys (ConfUtils.java:logGet(46)) - raft.server.snapshot.auto.trigger.threshold = 10000 (custom)
2023-05-05 09:13:27,915 [pool-1087-thread-1] INFO  server.RaftServerConfigKeys (ConfUtils.java:logGet(46)) - raft.server.snapshot.retention.file.num = 5 (custom)
2023-05-05 09:13:27,915 [pool-1087-thread-1] INFO  server.RaftServerConfigKeys (ConfUtils.java:logGet(46)) - raft.server.log.purge.upto.snapshot.index = false (default)
2023-05-05 09:13:27,916 [331cda18-a74d-44be-9546-cb2763b08ec0@group-3CB1BBD3F3B4-FollowerState] INFO  server.RaftServerConfigKeys (ConfUtils.java:logFallback(53)) - raft.server.rpc.first-election.timeout.min = 5s (fallback to raft.server.rpc.timeout.min)
2023-05-05 09:13:27,916 [331cda18-a74d-44be-9546-cb2763b08ec0@group-3CB1BBD3F3B4-FollowerState] INFO  server.RaftServerConfigKeys (ConfUtils.java:logFallback(53)) - raft.server.rpc.first-election.timeout.max = 5200ms (fallback to raft.server.rpc.timeout.max)
2023-05-05 09:13:27,916 [Command processor thread] INFO  ratis.XceiverServerRatis (XceiverServerRatis.java:addGroup(806)) - Created group PipelineID=8fec42b3-e2b9-4def-8a26-3cb1bbd3f3b4
2023-05-05 09:13:27,931 [grpc-default-executor-0] INFO  server.RaftServer (RaftServerProxy.java:addNew(96)) - 7d67e38f-65cd-4cdb-ba90-6f13c999d08c: addNew group-3CB1BBD3F3B4:[331cda18-a74d-44be-9546-cb2763b08ec0|rpc:10.1.0.42:38619|dataStream:10.1.0.42:38911|priority:0|startupRole:FOLLOWER, 4e824c96-211f-4ca2-8aff-d3ca17aa07c4|rpc:10.1.0.42:43919|dataStream:10.1.0.42:37115|priority:1|startupRole:FOLLOWER, 7d67e38f-65cd-4cdb-ba90-6f13c999d08c|rpc:10.1.0.42:41273|dataStream:10.1.0.42:40597|priority:0|startupRole:FOLLOWER] returns group-3CB1BBD3F3B4:java.util.concurrent.CompletableFuture@cee04f8[Not completed]
2023-05-05 09:13:27,932 [pool-1131-thread-1] INFO  server.RaftServer$Division (RaftServerImpl.java:<init>(195)) - 7d67e38f-65cd-4cdb-ba90-6f13c999d08c: new RaftServerImpl for group-3CB1BBD3F3B4:[331cda18-a74d-44be-9546-cb2763b08ec0|rpc:10.1.0.42:38619|dataStream:10.1.0.42:38911|priority:0|startupRole:FOLLOWER, 4e824c96-211f-4ca2-8aff-d3ca17aa07c4|rpc:10.1.0.42:43919|dataStream:10.1.0.42:37115|priority:1|startupRole:FOLLOWER, 7d67e38f-65cd-4cdb-ba90-6f13c999d08c|rpc:10.1.0.42:41273|dataStream:10.1.0.42:40597|priority:0|startupRole:FOLLOWER] with ContainerStateMachine:uninitialized
2023-05-05 09:13:27,932 [pool-1131-thread-1] INFO  server.RaftServerConfigKeys (ConfUtils.java:logGet(46)) - raft.server.rpc.timeout.min = 5s (custom)
2023-05-05 09:13:27,932 [pool-1131-thread-1] INFO  server.RaftServerConfigKeys (ConfUtils.java:logGet(46)) - raft.server.rpc.timeout.max = 5200ms (custom)
2023-05-05 09:13:27,932 [pool-1131-thread-1] INFO  server.RaftServerConfigKeys (ConfUtils.java:logGet(46)) - raft.server.rpc.sleep.time = 25ms (default)
2023-05-05 09:13:27,932 [pool-1131-thread-1] INFO  server.RaftServerConfigKeys (ConfUtils.java:logGet(46)) - raft.server.rpc.slowness.timeout = 300s (custom)
2023-05-05 09:13:27,932 [pool-1131-thread-1] INFO  server.RaftServerConfigKeys (ConfUtils.java:logGet(46)) - raft.server.leaderelection.leader.step-down.wait-time = 10s (default)
2023-05-05 09:13:27,932 [pool-1131-thread-1] INFO  server.RaftServerConfigKeys (ConfUtils.java:logGet(46)) - raft.server.sleep.deviation.threshold = 300ms (default)
2023-05-05 09:13:27,932 [pool-1131-thread-1] INFO  server.RaftServer$Division (ServerState.java:<init>(118)) - 7d67e38f-65cd-4cdb-ba90-6f13c999d08c@group-3CB1BBD3F3B4: ConfigurationManager, init=-1: peers:[331cda18-a74d-44be-9546-cb2763b08ec0|rpc:10.1.0.42:38619|dataStream:10.1.0.42:38911|priority:0|startupRole:FOLLOWER, 4e824c96-211f-4ca2-8aff-d3ca17aa07c4|rpc:10.1.0.42:43919|dataStream:10.1.0.42:37115|priority:1|startupRole:FOLLOWER, 7d67e38f-65cd-4cdb-ba90-6f13c999d08c|rpc:10.1.0.42:41273|dataStream:10.1.0.42:40597|priority:0|startupRole:FOLLOWER]|listeners:[], old=null, confs=<EMPTY_MAP>
2023-05-05 09:13:27,932 [pool-1131-thread-1] INFO  server.RaftServerConfigKeys (ConfUtils.java:logGet(46)) - raft.server.storage.dir = [/home/runner/work/ozone/ozone/hadoop-ozone/integration-test/target/test-dir/MiniOzoneClusterImpl-463505b4-0bc6-4d58-b137-957c27341022/datanode-2/data/ratis] (custom)
2023-05-05 09:13:27,932 [pool-1131-thread-1] INFO  server.RaftServerConfigKeys (ConfUtils.java:logGet(46)) - raft.server.log.corruption.policy = EXCEPTION (default)
2023-05-05 09:13:27,932 [pool-1131-thread-1] INFO  server.RaftServerConfigKeys (ConfUtils.java:logGet(46)) - raft.server.storage.free-space.min = 0MB (=0) (default)
2023-05-05 09:13:27,933 [pool-1131-thread-1] INFO  server.RaftServerConfigKeys (ConfUtils.java:logGet(46)) - raft.server.notification.no-leader.timeout = 300s (custom)
2023-05-05 09:13:27,933 [pool-1131-thread-1] INFO  server.RaftServerConfigKeys (ConfUtils.java:logGet(46)) - raft.server.retrycache.expirytime = 600000ms (custom)
2023-05-05 09:13:27,933 [pool-1131-thread-1] INFO  server.RaftServerConfigKeys (ConfUtils.java:logGet(46)) - raft.server.retrycache.statistics.expirytime = 100μs (default)
2023-05-05 09:13:27,933 [pool-1131-thread-1] INFO  server.RaftServerConfigKeys (ConfUtils.java:logGet(46)) - raft.server.log.appender.install.snapshot.enabled = false (custom)
2023-05-05 09:13:27,933 [pool-1131-thread-1] INFO  server.RaftServerConfigKeys (ConfUtils.java:logGet(46)) - raft.server.threadpool.server.cached = true (default)
2023-05-05 09:13:27,933 [pool-1131-thread-1] INFO  server.RaftServerConfigKeys (ConfUtils.java:logGet(46)) - raft.server.threadpool.server.size = 0 (default)
2023-05-05 09:13:27,933 [pool-1131-thread-1] INFO  server.RaftServerConfigKeys (ConfUtils.java:logGet(46)) - raft.server.threadpool.client.cached = true (default)
2023-05-05 09:13:27,933 [pool-1131-thread-1] INFO  server.RaftServerConfigKeys (ConfUtils.java:logGet(46)) - raft.server.threadpool.client.size = 0 (default)
2023-05-05 09:13:27,934 [pool-1131-thread-1] INFO  storage.RaftStorageDirectory (RaftStorageDirectoryImpl.java:analyzeStorage(137)) - The storage directory /home/runner/work/ozone/ozone/hadoop-ozone/integration-test/target/test-dir/MiniOzoneClusterImpl-463505b4-0bc6-4d58-b137-957c27341022/datanode-2/data/ratis/8fec42b3-e2b9-4def-8a26-3cb1bbd3f3b4 does not exist. Creating ...
2023-05-05 09:13:27,935 [pool-1131-thread-1] INFO  storage.RaftStorageDirectory (RaftStorageDirectoryImpl.java:tryLock(231)) - Lock on /home/runner/work/ozone/ozone/hadoop-ozone/integration-test/target/test-dir/MiniOzoneClusterImpl-463505b4-0bc6-4d58-b137-957c27341022/datanode-2/data/ratis/8fec42b3-e2b9-4def-8a26-3cb1bbd3f3b4/in_use.lock acquired by nodename 7812@fv-az152-207
2023-05-05 09:13:27,936 [pool-1131-thread-1] INFO  storage.RaftStorage (RaftStorageImpl.java:format(96)) - Storage directory /home/runner/work/ozone/ozone/hadoop-ozone/integration-test/target/test-dir/MiniOzoneClusterImpl-463505b4-0bc6-4d58-b137-957c27341022/datanode-2/data/ratis/8fec42b3-e2b9-4def-8a26-3cb1bbd3f3b4 has been successfully formatted.
2023-05-05 09:13:27,939 [pool-1131-thread-1] INFO  ratis.ContainerStateMachine (ContainerStateMachine.java:loadSnapshot(262)) - group-3CB1BBD3F3B4: The snapshot info is null. Setting the last applied indexto:(t:0, i:~)
2023-05-05 09:13:27,945 [pool-1131-thread-1] INFO  server.RaftServerConfigKeys (ConfUtils.java:logGet(46)) - raft.server.log.use.memory = false (default)
2023-05-05 09:13:27,945 [pool-1131-thread-1] INFO  server.RaftServerConfigKeys (ConfUtils.java:logGet(46)) - raft.server.log.purge.gap = 1000000 (custom)
2023-05-05 09:13:27,945 [pool-1131-thread-1] INFO  server.RaftServerConfigKeys (ConfUtils.java:logGet(46)) - raft.server.log.appender.buffer.byte-limit = 33554432 (custom)
2023-05-05 09:13:27,945 [pool-1131-thread-1] INFO  server.RaftServerConfigKeys (ConfUtils.java:logGet(46)) - raft.server.log.statemachine.data.read.timeout = 1000ms (default)
2023-05-05 09:13:27,945 [pool-1131-thread-1] INFO  server.RaftServerConfigKeys (ConfUtils.java:logGet(46)) - raft.server.log.purge.preservation.log.num = 0 (default)
2023-05-05 09:13:27,946 [pool-1131-thread-1] INFO  server.RaftServerConfigKeys (ConfUtils.java:logGet(46)) - raft.server.log.segment.size.max = 1048576 (custom)
2023-05-05 09:13:27,946 [pool-1131-thread-1] INFO  server.RaftServerConfigKeys (ConfUtils.java:logGet(46)) - raft.server.log.segment.cache.num.max = 2 (custom)
2023-05-05 09:13:27,946 [pool-1131-thread-1] INFO  server.RaftServerConfigKeys (ConfUtils.java:logGet(46)) - raft.server.log.segment.cache.size.max = 200MB (=209715200) (default)
2023-05-05 09:13:27,946 [pool-1131-thread-1] INFO  segmented.SegmentedRaftLogWorker (SegmentedRaftLogWorker.java:<init>(189)) - new 7d67e38f-65cd-4cdb-ba90-6f13c999d08c@group-3CB1BBD3F3B4-SegmentedRaftLogWorker for RaftStorageImpl:Storage Directory /home/runner/work/ozone/ozone/hadoop-ozone/integration-test/target/test-dir/MiniOzoneClusterImpl-463505b4-0bc6-4d58-b137-957c27341022/datanode-2/data/ratis/8fec42b3-e2b9-4def-8a26-3cb1bbd3f3b4
2023-05-05 09:13:27,946 [pool-1131-thread-1] INFO  server.RaftServerConfigKeys (ConfUtils.java:logGet(46)) - raft.server.log.queue.byte-limit = 4294967296 (custom)
2023-05-05 09:13:27,946 [pool-1131-thread-1] INFO  server.RaftServerConfigKeys (ConfUtils.java:logGet(46)) - raft.server.log.queue.element-limit = 1024 (custom)
2023-05-05 09:13:27,946 [pool-1131-thread-1] INFO  server.RaftServerConfigKeys (ConfUtils.java:logGet(46)) - raft.server.log.segment.size.max = 1048576 (custom)
2023-05-05 09:13:27,946 [pool-1131-thread-1] INFO  server.RaftServerConfigKeys (ConfUtils.java:logGet(46)) - raft.server.log.preallocated.size = 16384 (custom)
2023-05-05 09:13:27,946 [pool-1131-thread-1] INFO  server.RaftServerConfigKeys (ConfUtils.java:logGet(46)) - raft.server.log.force.sync.num = 128 (default)
2023-05-05 09:13:27,946 [pool-1131-thread-1] INFO  server.RaftServerConfigKeys (ConfUtils.java:logGet(46)) - raft.server.log.statemachine.data.sync = true (default)
2023-05-05 09:13:27,946 [pool-1131-thread-1] INFO  server.RaftServerConfigKeys (ConfUtils.java:logGet(46)) - raft.server.log.statemachine.data.sync.timeout = 10s (default)
2023-05-05 09:13:27,946 [pool-1131-thread-1] INFO  server.RaftServerConfigKeys (ConfUtils.java:logGet(46)) - raft.server.log.statemachine.data.sync.timeout.retry = -1 (default)
2023-05-05 09:13:27,948 [pool-1131-thread-1] INFO  server.RaftServerConfigKeys (ConfUtils.java:logGet(46)) - raft.server.log.write.buffer.size = 1048576 (custom)
2023-05-05 09:13:27,949 [pool-1131-thread-1] INFO  server.RaftServerConfigKeys (ConfUtils.java:logGet(46)) - raft.server.log.appender.buffer.byte-limit = 33554432 (custom)
2023-05-05 09:13:27,956 [pool-1131-thread-1] INFO  server.RaftServerConfigKeys (ConfUtils.java:logGet(46)) - raft.server.log.unsafe-flush.enabled = false (default)
2023-05-05 09:13:27,956 [pool-1131-thread-1] INFO  server.RaftServerConfigKeys (ConfUtils.java:logGet(46)) - raft.server.log.async-flush.enabled = false (default)
2023-05-05 09:13:27,956 [pool-1131-thread-1] INFO  server.RaftServerConfigKeys (ConfUtils.java:logGet(46)) - raft.server.log.statemachine.data.caching.enabled = true (custom)
2023-05-05 09:13:27,956 [pool-1131-thread-1] INFO  segmented.SegmentedRaftLogWorker (SegmentedRaftLogWorker.java:lambda$new$0(135)) - 7d67e38f-65cd-4cdb-ba90-6f13c999d08c@group-3CB1BBD3F3B4-SegmentedRaftLogWorker: flushIndex: setUnconditionally 0 -> -1
2023-05-05 09:13:27,956 [pool-1131-thread-1] INFO  segmented.SegmentedRaftLogWorker (SegmentedRaftLogWorker.java:lambda$new$0(135)) - 7d67e38f-65cd-4cdb-ba90-6f13c999d08c@group-3CB1BBD3F3B4-SegmentedRaftLogWorker: safeCacheEvictIndex: setUnconditionally 0 -> -1
2023-05-05 09:13:27,956 [pool-1131-thread-1] INFO  server.RaftServer$Division (RaftServerImpl.java:start(334)) - 7d67e38f-65cd-4cdb-ba90-6f13c999d08c@group-3CB1BBD3F3B4: start as a follower, conf=-1: peers:[331cda18-a74d-44be-9546-cb2763b08ec0|rpc:10.1.0.42:38619|dataStream:10.1.0.42:38911|priority:0|startupRole:FOLLOWER, 4e824c96-211f-4ca2-8aff-d3ca17aa07c4|rpc:10.1.0.42:43919|dataStream:10.1.0.42:37115|priority:1|startupRole:FOLLOWER, 7d67e38f-65cd-4cdb-ba90-6f13c999d08c|rpc:10.1.0.42:41273|dataStream:10.1.0.42:40597|priority:0|startupRole:FOLLOWER]|listeners:[], old=null
2023-05-05 09:13:27,956 [pool-1131-thread-1] INFO  server.RaftServer$Division (RaftServerImpl.java:setRole(321)) - 7d67e38f-65cd-4cdb-ba90-6f13c999d08c@group-3CB1BBD3F3B4: changes role from      null to FOLLOWER at term 0 for startAsFollower
2023-05-05 09:13:27,957 [pool-1131-thread-1] INFO  impl.RoleInfo (RoleInfo.java:updateAndGet(139)) - 7d67e38f-65cd-4cdb-ba90-6f13c999d08c: start 7d67e38f-65cd-4cdb-ba90-6f13c999d08c@group-3CB1BBD3F3B4-FollowerState
2023-05-05 09:13:27,957 [pool-1131-thread-1] INFO  util.JmxRegister (JmxRegister.java:tryRegister(44)) - Successfully registered JMX Bean with object name Ratis:service=RaftServer,group=group-3CB1BBD3F3B4,id=7d67e38f-65cd-4cdb-ba90-6f13c999d08c
2023-05-05 09:13:27,957 [pool-1131-thread-1] INFO  server.RaftServerConfigKeys (ConfUtils.java:logGet(46)) - raft.server.snapshot.auto.trigger.enabled = true (custom)
2023-05-05 09:13:27,957 [pool-1131-thread-1] INFO  server.RaftServerConfigKeys (ConfUtils.java:logGet(46)) - raft.server.snapshot.auto.trigger.threshold = 10000 (custom)
2023-05-05 09:13:27,957 [pool-1131-thread-1] INFO  server.RaftServerConfigKeys (ConfUtils.java:logGet(46)) - raft.server.snapshot.retention.file.num = 5 (custom)
2023-05-05 09:13:27,957 [pool-1131-thread-1] INFO  server.RaftServerConfigKeys (ConfUtils.java:logGet(46)) - raft.server.log.purge.upto.snapshot.index = false (default)
2023-05-05 09:13:27,958 [7d67e38f-65cd-4cdb-ba90-6f13c999d08c@group-3CB1BBD3F3B4-FollowerState] INFO  server.RaftServerConfigKeys (ConfUtils.java:logFallback(53)) - raft.server.rpc.first-election.timeout.min = 5s (fallback to raft.server.rpc.timeout.min)
2023-05-05 09:13:27,958 [7d67e38f-65cd-4cdb-ba90-6f13c999d08c@group-3CB1BBD3F3B4-FollowerState] INFO  server.RaftServerConfigKeys (ConfUtils.java:logFallback(53)) - raft.server.rpc.first-election.timeout.max = 5200ms (fallback to raft.server.rpc.timeout.max)
2023-05-05 09:13:27,984 [grpc-default-executor-0] INFO  server.RaftServer (RaftServerProxy.java:addNew(96)) - 4e824c96-211f-4ca2-8aff-d3ca17aa07c4: addNew group-3CB1BBD3F3B4:[331cda18-a74d-44be-9546-cb2763b08ec0|rpc:10.1.0.42:38619|dataStream:10.1.0.42:38911|priority:0|startupRole:FOLLOWER, 4e824c96-211f-4ca2-8aff-d3ca17aa07c4|rpc:10.1.0.42:43919|dataStream:10.1.0.42:37115|priority:1|startupRole:FOLLOWER, 7d67e38f-65cd-4cdb-ba90-6f13c999d08c|rpc:10.1.0.42:41273|dataStream:10.1.0.42:40597|priority:0|startupRole:FOLLOWER] returns group-3CB1BBD3F3B4:java.util.concurrent.CompletableFuture@59d1f8f4[Not completed]
2023-05-05 09:13:27,993 [pool-1109-thread-1] INFO  server.RaftServer$Division (RaftServerImpl.java:<init>(195)) - 4e824c96-211f-4ca2-8aff-d3ca17aa07c4: new RaftServerImpl for group-3CB1BBD3F3B4:[331cda18-a74d-44be-9546-cb2763b08ec0|rpc:10.1.0.42:38619|dataStream:10.1.0.42:38911|priority:0|startupRole:FOLLOWER, 4e824c96-211f-4ca2-8aff-d3ca17aa07c4|rpc:10.1.0.42:43919|dataStream:10.1.0.42:37115|priority:1|startupRole:FOLLOWER, 7d67e38f-65cd-4cdb-ba90-6f13c999d08c|rpc:10.1.0.42:41273|dataStream:10.1.0.42:40597|priority:0|startupRole:FOLLOWER] with ContainerStateMachine:uninitialized
2023-05-05 09:13:27,993 [pool-1109-thread-1] INFO  server.RaftServerConfigKeys (ConfUtils.java:logGet(46)) - raft.server.rpc.timeout.min = 5s (custom)
2023-05-05 09:13:27,993 [pool-1109-thread-1] INFO  server.RaftServerConfigKeys (ConfUtils.java:logGet(46)) - raft.server.rpc.timeout.max = 5200ms (custom)
2023-05-05 09:13:27,993 [pool-1109-thread-1] INFO  server.RaftServerConfigKeys (ConfUtils.java:logGet(46)) - raft.server.rpc.sleep.time = 25ms (default)
2023-05-05 09:13:27,993 [pool-1109-thread-1] INFO  server.RaftServerConfigKeys (ConfUtils.java:logGet(46)) - raft.server.rpc.slowness.timeout = 300s (custom)
2023-05-05 09:13:27,993 [pool-1109-thread-1] INFO  server.RaftServerConfigKeys (ConfUtils.java:logGet(46)) - raft.server.leaderelection.leader.step-down.wait-time = 10s (default)
2023-05-05 09:13:27,993 [pool-1109-thread-1] INFO  server.RaftServerConfigKeys (ConfUtils.java:logGet(46)) - raft.server.sleep.deviation.threshold = 300ms (default)
2023-05-05 09:13:27,993 [pool-1109-thread-1] INFO  server.RaftServer$Division (ServerState.java:<init>(118)) - 4e824c96-211f-4ca2-8aff-d3ca17aa07c4@group-3CB1BBD3F3B4: ConfigurationManager, init=-1: peers:[331cda18-a74d-44be-9546-cb2763b08ec0|rpc:10.1.0.42:38619|dataStream:10.1.0.42:38911|priority:0|startupRole:FOLLOWER, 4e824c96-211f-4ca2-8aff-d3ca17aa07c4|rpc:10.1.0.42:43919|dataStream:10.1.0.42:37115|priority:1|startupRole:FOLLOWER, 7d67e38f-65cd-4cdb-ba90-6f13c999d08c|rpc:10.1.0.42:41273|dataStream:10.1.0.42:40597|priority:0|startupRole:FOLLOWER]|listeners:[], old=null, confs=<EMPTY_MAP>
2023-05-05 09:13:27,993 [pool-1109-thread-1] INFO  server.RaftServerConfigKeys (ConfUtils.java:logGet(46)) - raft.server.storage.dir = [/home/runner/work/ozone/ozone/hadoop-ozone/integration-test/target/test-dir/MiniOzoneClusterImpl-463505b4-0bc6-4d58-b137-957c27341022/datanode-1/data/ratis] (custom)
2023-05-05 09:13:27,993 [pool-1109-thread-1] INFO  server.RaftServerConfigKeys (ConfUtils.java:logGet(46)) - raft.server.log.corruption.policy = EXCEPTION (default)
2023-05-05 09:13:27,993 [pool-1109-thread-1] INFO  server.RaftServerConfigKeys (ConfUtils.java:logGet(46)) - raft.server.storage.free-space.min = 0MB (=0) (default)
2023-05-05 09:13:27,993 [pool-1109-thread-1] INFO  server.RaftServerConfigKeys (ConfUtils.java:logGet(46)) - raft.server.notification.no-leader.timeout = 300s (custom)
2023-05-05 09:13:27,995 [pool-1109-thread-1] INFO  server.RaftServerConfigKeys (ConfUtils.java:logGet(46)) - raft.server.retrycache.expirytime = 600000ms (custom)
2023-05-05 09:13:27,995 [pool-1109-thread-1] INFO  server.RaftServerConfigKeys (ConfUtils.java:logGet(46)) - raft.server.retrycache.statistics.expirytime = 100μs (default)
2023-05-05 09:13:27,995 [pool-1109-thread-1] INFO  server.RaftServerConfigKeys (ConfUtils.java:logGet(46)) - raft.server.log.appender.install.snapshot.enabled = false (custom)
2023-05-05 09:13:27,995 [pool-1109-thread-1] INFO  server.RaftServerConfigKeys (ConfUtils.java:logGet(46)) - raft.server.threadpool.server.cached = true (default)
2023-05-05 09:13:27,995 [pool-1109-thread-1] INFO  server.RaftServerConfigKeys (ConfUtils.java:logGet(46)) - raft.server.threadpool.server.size = 0 (default)
2023-05-05 09:13:27,995 [pool-1109-thread-1] INFO  server.RaftServerConfigKeys (ConfUtils.java:logGet(46)) - raft.server.threadpool.client.cached = true (default)
2023-05-05 09:13:27,995 [pool-1109-thread-1] INFO  server.RaftServerConfigKeys (ConfUtils.java:logGet(46)) - raft.server.threadpool.client.size = 0 (default)
2023-05-05 09:13:27,996 [pool-1109-thread-1] INFO  storage.RaftStorageDirectory (RaftStorageDirectoryImpl.java:analyzeStorage(137)) - The storage directory /home/runner/work/ozone/ozone/hadoop-ozone/integration-test/target/test-dir/MiniOzoneClusterImpl-463505b4-0bc6-4d58-b137-957c27341022/datanode-1/data/ratis/8fec42b3-e2b9-4def-8a26-3cb1bbd3f3b4 does not exist. Creating ...
2023-05-05 09:13:27,998 [pool-1109-thread-1] INFO  storage.RaftStorageDirectory (RaftStorageDirectoryImpl.java:tryLock(231)) - Lock on /home/runner/work/ozone/ozone/hadoop-ozone/integration-test/target/test-dir/MiniOzoneClusterImpl-463505b4-0bc6-4d58-b137-957c27341022/datanode-1/data/ratis/8fec42b3-e2b9-4def-8a26-3cb1bbd3f3b4/in_use.lock acquired by nodename 7812@fv-az152-207
2023-05-05 09:13:27,999 [pool-1109-thread-1] INFO  storage.RaftStorage (RaftStorageImpl.java:format(96)) - Storage directory /home/runner/work/ozone/ozone/hadoop-ozone/integration-test/target/test-dir/MiniOzoneClusterImpl-463505b4-0bc6-4d58-b137-957c27341022/datanode-1/data/ratis/8fec42b3-e2b9-4def-8a26-3cb1bbd3f3b4 has been successfully formatted.
2023-05-05 09:13:28,001 [pool-1109-thread-1] INFO  ratis.ContainerStateMachine (ContainerStateMachine.java:loadSnapshot(262)) - group-3CB1BBD3F3B4: The snapshot info is null. Setting the last applied indexto:(t:0, i:~)
2023-05-05 09:13:28,003 [pool-1109-thread-1] INFO  server.RaftServerConfigKeys (ConfUtils.java:logGet(46)) - raft.server.log.use.memory = false (default)
2023-05-05 09:13:28,003 [pool-1109-thread-1] INFO  server.RaftServerConfigKeys (ConfUtils.java:logGet(46)) - raft.server.log.purge.gap = 1000000 (custom)
2023-05-05 09:13:28,004 [pool-1109-thread-1] INFO  server.RaftServerConfigKeys (ConfUtils.java:logGet(46)) - raft.server.log.appender.buffer.byte-limit = 33554432 (custom)
2023-05-05 09:13:28,004 [pool-1109-thread-1] INFO  server.RaftServerConfigKeys (ConfUtils.java:logGet(46)) - raft.server.log.statemachine.data.read.timeout = 1000ms (default)
2023-05-05 09:13:28,004 [pool-1109-thread-1] INFO  server.RaftServerConfigKeys (ConfUtils.java:logGet(46)) - raft.server.log.purge.preservation.log.num = 0 (default)
2023-05-05 09:13:28,004 [pool-1109-thread-1] INFO  server.RaftServerConfigKeys (ConfUtils.java:logGet(46)) - raft.server.log.segment.size.max = 1048576 (custom)
2023-05-05 09:13:28,004 [pool-1109-thread-1] INFO  server.RaftServerConfigKeys (ConfUtils.java:logGet(46)) - raft.server.log.segment.cache.num.max = 2 (custom)
2023-05-05 09:13:28,004 [pool-1109-thread-1] INFO  server.RaftServerConfigKeys (ConfUtils.java:logGet(46)) - raft.server.log.segment.cache.size.max = 200MB (=209715200) (default)
2023-05-05 09:13:28,004 [pool-1109-thread-1] INFO  segmented.SegmentedRaftLogWorker (SegmentedRaftLogWorker.java:<init>(189)) - new 4e824c96-211f-4ca2-8aff-d3ca17aa07c4@group-3CB1BBD3F3B4-SegmentedRaftLogWorker for RaftStorageImpl:Storage Directory /home/runner/work/ozone/ozone/hadoop-ozone/integration-test/target/test-dir/MiniOzoneClusterImpl-463505b4-0bc6-4d58-b137-957c27341022/datanode-1/data/ratis/8fec42b3-e2b9-4def-8a26-3cb1bbd3f3b4
2023-05-05 09:13:28,004 [pool-1109-thread-1] INFO  server.RaftServerConfigKeys (ConfUtils.java:logGet(46)) - raft.server.log.queue.byte-limit = 4294967296 (custom)
2023-05-05 09:13:28,004 [pool-1109-thread-1] INFO  server.RaftServerConfigKeys (ConfUtils.java:logGet(46)) - raft.server.log.queue.element-limit = 1024 (custom)
2023-05-05 09:13:28,004 [pool-1109-thread-1] INFO  server.RaftServerConfigKeys (ConfUtils.java:logGet(46)) - raft.server.log.segment.size.max = 1048576 (custom)
2023-05-05 09:13:28,004 [pool-1109-thread-1] INFO  server.RaftServerConfigKeys (ConfUtils.java:logGet(46)) - raft.server.log.preallocated.size = 16384 (custom)
2023-05-05 09:13:28,004 [pool-1109-thread-1] INFO  server.RaftServerConfigKeys (ConfUtils.java:logGet(46)) - raft.server.log.force.sync.num = 128 (default)
2023-05-05 09:13:28,004 [pool-1109-thread-1] INFO  server.RaftServerConfigKeys (ConfUtils.java:logGet(46)) - raft.server.log.statemachine.data.sync = true (default)
2023-05-05 09:13:28,004 [pool-1109-thread-1] INFO  server.RaftServerConfigKeys (ConfUtils.java:logGet(46)) - raft.server.log.statemachine.data.sync.timeout = 10s (default)
2023-05-05 09:13:28,006 [pool-1109-thread-1] INFO  server.RaftServerConfigKeys (ConfUtils.java:logGet(46)) - raft.server.log.statemachine.data.sync.timeout.retry = -1 (default)
2023-05-05 09:13:28,006 [pool-1109-thread-1] INFO  server.RaftServerConfigKeys (ConfUtils.java:logGet(46)) - raft.server.log.write.buffer.size = 1048576 (custom)
2023-05-05 09:13:28,006 [pool-1109-thread-1] INFO  server.RaftServerConfigKeys (ConfUtils.java:logGet(46)) - raft.server.log.appender.buffer.byte-limit = 33554432 (custom)
2023-05-05 09:13:28,109 [pool-1109-thread-1] INFO  server.RaftServerConfigKeys (ConfUtils.java:logGet(46)) - raft.server.log.unsafe-flush.enabled = false (default)
2023-05-05 09:13:28,109 [pool-1109-thread-1] INFO  server.RaftServerConfigKeys (ConfUtils.java:logGet(46)) - raft.server.log.async-flush.enabled = false (default)
2023-05-05 09:13:28,109 [pool-1109-thread-1] INFO  server.RaftServerConfigKeys (ConfUtils.java:logGet(46)) - raft.server.log.statemachine.data.caching.enabled = true (custom)
2023-05-05 09:13:28,110 [pool-1109-thread-1] INFO  segmented.SegmentedRaftLogWorker (SegmentedRaftLogWorker.java:lambda$new$0(135)) - 4e824c96-211f-4ca2-8aff-d3ca17aa07c4@group-3CB1BBD3F3B4-SegmentedRaftLogWorker: flushIndex: setUnconditionally 0 -> -1
2023-05-05 09:13:28,110 [pool-1109-thread-1] INFO  segmented.SegmentedRaftLogWorker (SegmentedRaftLogWorker.java:lambda$new$0(135)) - 4e824c96-211f-4ca2-8aff-d3ca17aa07c4@group-3CB1BBD3F3B4-SegmentedRaftLogWorker: safeCacheEvictIndex: setUnconditionally 0 -> -1
2023-05-05 09:13:28,112 [pool-1109-thread-1] INFO  server.RaftServer$Division (RaftServerImpl.java:start(334)) - 4e824c96-211f-4ca2-8aff-d3ca17aa07c4@group-3CB1BBD3F3B4: start as a follower, conf=-1: peers:[331cda18-a74d-44be-9546-cb2763b08ec0|rpc:10.1.0.42:38619|dataStream:10.1.0.42:38911|priority:0|startupRole:FOLLOWER, 4e824c96-211f-4ca2-8aff-d3ca17aa07c4|rpc:10.1.0.42:43919|dataStream:10.1.0.42:37115|priority:1|startupRole:FOLLOWER, 7d67e38f-65cd-4cdb-ba90-6f13c999d08c|rpc:10.1.0.42:41273|dataStream:10.1.0.42:40597|priority:0|startupRole:FOLLOWER]|listeners:[], old=null
2023-05-05 09:13:28,112 [pool-1109-thread-1] INFO  server.RaftServer$Division (RaftServerImpl.java:setRole(321)) - 4e824c96-211f-4ca2-8aff-d3ca17aa07c4@group-3CB1BBD3F3B4: changes role from      null to FOLLOWER at term 0 for startAsFollower
2023-05-05 09:13:28,112 [pool-1109-thread-1] INFO  impl.RoleInfo (RoleInfo.java:updateAndGet(139)) - 4e824c96-211f-4ca2-8aff-d3ca17aa07c4: start 4e824c96-211f-4ca2-8aff-d3ca17aa07c4@group-3CB1BBD3F3B4-FollowerState
2023-05-05 09:13:28,116 [pool-1109-thread-1] INFO  util.JmxRegister (JmxRegister.java:tryRegister(44)) - Successfully registered JMX Bean with object name Ratis:service=RaftServer,group=group-3CB1BBD3F3B4,id=4e824c96-211f-4ca2-8aff-d3ca17aa07c4
2023-05-05 09:13:28,116 [pool-1109-thread-1] INFO  server.RaftServerConfigKeys (ConfUtils.java:logGet(46)) - raft.server.snapshot.auto.trigger.enabled = true (custom)
2023-05-05 09:13:28,116 [pool-1109-thread-1] INFO  server.RaftServerConfigKeys (ConfUtils.java:logGet(46)) - raft.server.snapshot.auto.trigger.threshold = 10000 (custom)
2023-05-05 09:13:28,116 [pool-1109-thread-1] INFO  server.RaftServerConfigKeys (ConfUtils.java:logGet(46)) - raft.server.snapshot.retention.file.num = 5 (custom)
2023-05-05 09:13:28,116 [pool-1109-thread-1] INFO  server.RaftServerConfigKeys (ConfUtils.java:logGet(46)) - raft.server.log.purge.upto.snapshot.index = false (default)
2023-05-05 09:13:28,117 [4e824c96-211f-4ca2-8aff-d3ca17aa07c4@group-3CB1BBD3F3B4-FollowerState] INFO  server.RaftServerConfigKeys (ConfUtils.java:logFallback(53)) - raft.server.rpc.first-election.timeout.min = 5s (fallback to raft.server.rpc.timeout.min)
2023-05-05 09:13:28,117 [4e824c96-211f-4ca2-8aff-d3ca17aa07c4@group-3CB1BBD3F3B4-FollowerState] INFO  server.RaftServerConfigKeys (ConfUtils.java:logFallback(53)) - raft.server.rpc.first-election.timeout.max = 5200ms (fallback to raft.server.rpc.timeout.max)
2023-05-05 09:13:28,122 [Command processor thread] INFO  commandhandler.CreatePipelineCommandHandler (CreatePipelineCommandHandler.java:handle(113)) - Created Pipeline RATIS THREE PipelineID=8fec42b3-e2b9-4def-8a26-3cb1bbd3f3b4.
2023-05-05 09:13:28,122 [Command processor thread] INFO  server.RaftServer (RaftServerProxy.java:addNew(96)) - 331cda18-a74d-44be-9546-cb2763b08ec0: addNew group-D79A44C86311:[331cda18-a74d-44be-9546-cb2763b08ec0|rpc:10.1.0.42:38619|dataStream:10.1.0.42:38911|priority:1|startupRole:FOLLOWER, 4e824c96-211f-4ca2-8aff-d3ca17aa07c4|rpc:10.1.0.42:43919|dataStream:10.1.0.42:37115|priority:0|startupRole:FOLLOWER, 7d67e38f-65cd-4cdb-ba90-6f13c999d08c|rpc:10.1.0.42:41273|dataStream:10.1.0.42:40597|priority:0|startupRole:FOLLOWER] returns group-D79A44C86311:java.util.concurrent.CompletableFuture@73d359a2[Not completed]
2023-05-05 09:13:28,124 [pool-1087-thread-1] INFO  server.RaftServer$Division (RaftServerImpl.java:<init>(195)) - 331cda18-a74d-44be-9546-cb2763b08ec0: new RaftServerImpl for group-D79A44C86311:[331cda18-a74d-44be-9546-cb2763b08ec0|rpc:10.1.0.42:38619|dataStream:10.1.0.42:38911|priority:1|startupRole:FOLLOWER, 4e824c96-211f-4ca2-8aff-d3ca17aa07c4|rpc:10.1.0.42:43919|dataStream:10.1.0.42:37115|priority:0|startupRole:FOLLOWER, 7d67e38f-65cd-4cdb-ba90-6f13c999d08c|rpc:10.1.0.42:41273|dataStream:10.1.0.42:40597|priority:0|startupRole:FOLLOWER] with ContainerStateMachine:uninitialized
2023-05-05 09:13:28,124 [pool-1087-thread-1] INFO  server.RaftServerConfigKeys (ConfUtils.java:logGet(46)) - raft.server.rpc.timeout.min = 5s (custom)
2023-05-05 09:13:28,124 [pool-1087-thread-1] INFO  server.RaftServerConfigKeys (ConfUtils.java:logGet(46)) - raft.server.rpc.timeout.max = 5200ms (custom)
2023-05-05 09:13:28,124 [pool-1087-thread-1] INFO  server.RaftServerConfigKeys (ConfUtils.java:logGet(46)) - raft.server.rpc.sleep.time = 25ms (default)
2023-05-05 09:13:28,124 [pool-1087-thread-1] INFO  server.RaftServerConfigKeys (ConfUtils.java:logGet(46)) - raft.server.rpc.slowness.timeout = 300s (custom)
2023-05-05 09:13:28,124 [pool-1087-thread-1] INFO  server.RaftServerConfigKeys (ConfUtils.java:logGet(46)) - raft.server.leaderelection.leader.step-down.wait-time = 10s (default)
2023-05-05 09:13:28,124 [pool-1087-thread-1] INFO  server.RaftServerConfigKeys (ConfUtils.java:logGet(46)) - raft.server.sleep.deviation.threshold = 300ms (default)
2023-05-05 09:13:28,124 [pool-1087-thread-1] INFO  server.RaftServer$Division (ServerState.java:<init>(118)) - 331cda18-a74d-44be-9546-cb2763b08ec0@group-D79A44C86311: ConfigurationManager, init=-1: peers:[331cda18-a74d-44be-9546-cb2763b08ec0|rpc:10.1.0.42:38619|dataStream:10.1.0.42:38911|priority:1|startupRole:FOLLOWER, 4e824c96-211f-4ca2-8aff-d3ca17aa07c4|rpc:10.1.0.42:43919|dataStream:10.1.0.42:37115|priority:0|startupRole:FOLLOWER, 7d67e38f-65cd-4cdb-ba90-6f13c999d08c|rpc:10.1.0.42:41273|dataStream:10.1.0.42:40597|priority:0|startupRole:FOLLOWER]|listeners:[], old=null, confs=<EMPTY_MAP>
2023-05-05 09:13:28,124 [pool-1087-thread-1] INFO  server.RaftServerConfigKeys (ConfUtils.java:logGet(46)) - raft.server.storage.dir = [/home/runner/work/ozone/ozone/hadoop-ozone/integration-test/target/test-dir/MiniOzoneClusterImpl-463505b4-0bc6-4d58-b137-957c27341022/datanode-0/data/ratis] (custom)
2023-05-05 09:13:28,124 [pool-1087-thread-1] INFO  server.RaftServerConfigKeys (ConfUtils.java:logGet(46)) - raft.server.log.corruption.policy = EXCEPTION (default)
2023-05-05 09:13:28,124 [pool-1087-thread-1] INFO  server.RaftServerConfigKeys (ConfUtils.java:logGet(46)) - raft.server.storage.free-space.min = 0MB (=0) (default)
2023-05-05 09:13:28,124 [pool-1087-thread-1] INFO  server.RaftServerConfigKeys (ConfUtils.java:logGet(46)) - raft.server.notification.no-leader.timeout = 300s (custom)
2023-05-05 09:13:28,124 [pool-1087-thread-1] INFO  server.RaftServerConfigKeys (ConfUtils.java:logGet(46)) - raft.server.retrycache.expirytime = 600000ms (custom)
2023-05-05 09:13:28,125 [pool-1087-thread-1] INFO  server.RaftServerConfigKeys (ConfUtils.java:logGet(46)) - raft.server.retrycache.statistics.expirytime = 100μs (default)
2023-05-05 09:13:28,125 [pool-1087-thread-1] INFO  server.RaftServerConfigKeys (ConfUtils.java:logGet(46)) - raft.server.log.appender.install.snapshot.enabled = false (custom)
2023-05-05 09:13:28,125 [pool-1087-thread-1] INFO  server.RaftServerConfigKeys (ConfUtils.java:logGet(46)) - raft.server.threadpool.server.cached = true (default)
2023-05-05 09:13:28,125 [pool-1087-thread-1] INFO  server.RaftServerConfigKeys (ConfUtils.java:logGet(46)) - raft.server.threadpool.server.size = 0 (default)
2023-05-05 09:13:28,125 [pool-1087-thread-1] INFO  server.RaftServerConfigKeys (ConfUtils.java:logGet(46)) - raft.server.threadpool.client.cached = true (default)
2023-05-05 09:13:28,125 [pool-1087-thread-1] INFO  server.RaftServerConfigKeys (ConfUtils.java:logGet(46)) - raft.server.threadpool.client.size = 0 (default)
2023-05-05 09:13:28,125 [pool-1087-thread-1] INFO  storage.RaftStorageDirectory (RaftStorageDirectoryImpl.java:analyzeStorage(137)) - The storage directory /home/runner/work/ozone/ozone/hadoop-ozone/integration-test/target/test-dir/MiniOzoneClusterImpl-463505b4-0bc6-4d58-b137-957c27341022/datanode-0/data/ratis/c9a066db-4236-4a08-9abf-d79a44c86311 does not exist. Creating ...
2023-05-05 09:13:28,126 [pool-1087-thread-1] INFO  storage.RaftStorageDirectory (RaftStorageDirectoryImpl.java:tryLock(231)) - Lock on /home/runner/work/ozone/ozone/hadoop-ozone/integration-test/target/test-dir/MiniOzoneClusterImpl-463505b4-0bc6-4d58-b137-957c27341022/datanode-0/data/ratis/c9a066db-4236-4a08-9abf-d79a44c86311/in_use.lock acquired by nodename 7812@fv-az152-207
2023-05-05 09:13:28,128 [pool-1087-thread-1] INFO  storage.RaftStorage (RaftStorageImpl.java:format(96)) - Storage directory /home/runner/work/ozone/ozone/hadoop-ozone/integration-test/target/test-dir/MiniOzoneClusterImpl-463505b4-0bc6-4d58-b137-957c27341022/datanode-0/data/ratis/c9a066db-4236-4a08-9abf-d79a44c86311 has been successfully formatted.
2023-05-05 09:13:28,128 [pool-1087-thread-1] INFO  ratis.ContainerStateMachine (ContainerStateMachine.java:loadSnapshot(262)) - group-D79A44C86311: The snapshot info is null. Setting the last applied indexto:(t:0, i:~)
2023-05-05 09:13:28,128 [pool-1087-thread-1] INFO  server.RaftServerConfigKeys (ConfUtils.java:logGet(46)) - raft.server.log.use.memory = false (default)
2023-05-05 09:13:28,128 [pool-1087-thread-1] INFO  server.RaftServerConfigKeys (ConfUtils.java:logGet(46)) - raft.server.log.purge.gap = 1000000 (custom)
2023-05-05 09:13:28,128 [pool-1087-thread-1] INFO  server.RaftServerConfigKeys (ConfUtils.java:logGet(46)) - raft.server.log.appender.buffer.byte-limit = 33554432 (custom)
2023-05-05 09:13:28,128 [pool-1087-thread-1] INFO  server.RaftServerConfigKeys (ConfUtils.java:logGet(46)) - raft.server.log.statemachine.data.read.timeout = 1000ms (default)
2023-05-05 09:13:28,129 [pool-1087-thread-1] INFO  server.RaftServerConfigKeys (ConfUtils.java:logGet(46)) - raft.server.log.purge.preservation.log.num = 0 (default)
2023-05-05 09:13:28,129 [pool-1087-thread-1] INFO  server.RaftServerConfigKeys (ConfUtils.java:logGet(46)) - raft.server.log.segment.size.max = 1048576 (custom)
2023-05-05 09:13:28,129 [pool-1087-thread-1] INFO  server.RaftServerConfigKeys (ConfUtils.java:logGet(46)) - raft.server.log.segment.cache.num.max = 2 (custom)
2023-05-05 09:13:28,129 [pool-1087-thread-1] INFO  server.RaftServerConfigKeys (ConfUtils.java:logGet(46)) - raft.server.log.segment.cache.size.max = 200MB (=209715200) (default)
2023-05-05 09:13:28,129 [pool-1087-thread-1] INFO  segmented.SegmentedRaftLogWorker (SegmentedRaftLogWorker.java:<init>(189)) - new 331cda18-a74d-44be-9546-cb2763b08ec0@group-D79A44C86311-SegmentedRaftLogWorker for RaftStorageImpl:Storage Directory /home/runner/work/ozone/ozone/hadoop-ozone/integration-test/target/test-dir/MiniOzoneClusterImpl-463505b4-0bc6-4d58-b137-957c27341022/datanode-0/data/ratis/c9a066db-4236-4a08-9abf-d79a44c86311
2023-05-05 09:13:28,130 [EventQueue-OpenPipelineForHealthyPipelineSafeModeRule] INFO  safemode.SCMSafeModeManager (HealthyPipelineSafeModeRule.java:process(137)) - SCM in safe mode. Healthy pipelines reported count is 0, required healthy pipeline reported count is 1
2023-05-05 09:13:28,130 [pool-1087-thread-1] INFO  server.RaftServerConfigKeys (ConfUtils.java:logGet(46)) - raft.server.log.queue.byte-limit = 4294967296 (custom)
2023-05-05 09:13:28,130 [pool-1087-thread-1] INFO  server.RaftServerConfigKeys (ConfUtils.java:logGet(46)) - raft.server.log.queue.element-limit = 1024 (custom)
2023-05-05 09:13:28,130 [pool-1087-thread-1] INFO  server.RaftServerConfigKeys (ConfUtils.java:logGet(46)) - raft.server.log.segment.size.max = 1048576 (custom)
2023-05-05 09:13:28,130 [pool-1087-thread-1] INFO  server.RaftServerConfigKeys (ConfUtils.java:logGet(46)) - raft.server.log.preallocated.size = 16384 (custom)
2023-05-05 09:13:28,130 [pool-1087-thread-1] INFO  server.RaftServerConfigKeys (ConfUtils.java:logGet(46)) - raft.server.log.force.sync.num = 128 (default)
2023-05-05 09:13:28,130 [pool-1087-thread-1] INFO  server.RaftServerConfigKeys (ConfUtils.java:logGet(46)) - raft.server.log.statemachine.data.sync = true (default)
2023-05-05 09:13:28,130 [pool-1087-thread-1] INFO  server.RaftServerConfigKeys (ConfUtils.java:logGet(46)) - raft.server.log.statemachine.data.sync.timeout = 10s (default)
2023-05-05 09:13:28,130 [pool-1087-thread-1] INFO  server.RaftServerConfigKeys (ConfUtils.java:logGet(46)) - raft.server.log.statemachine.data.sync.timeout.retry = -1 (default)
2023-05-05 09:13:28,131 [pool-1087-thread-1] INFO  server.RaftServerConfigKeys (ConfUtils.java:logGet(46)) - raft.server.log.write.buffer.size = 1048576 (custom)
2023-05-05 09:13:28,131 [pool-1087-thread-1] INFO  server.RaftServerConfigKeys (ConfUtils.java:logGet(46)) - raft.server.log.appender.buffer.byte-limit = 33554432 (custom)
2023-05-05 09:13:28,136 [pool-1087-thread-1] INFO  server.RaftServerConfigKeys (ConfUtils.java:logGet(46)) - raft.server.log.unsafe-flush.enabled = false (default)
2023-05-05 09:13:28,136 [pool-1087-thread-1] INFO  server.RaftServerConfigKeys (ConfUtils.java:logGet(46)) - raft.server.log.async-flush.enabled = false (default)
2023-05-05 09:13:28,136 [pool-1087-thread-1] INFO  server.RaftServerConfigKeys (ConfUtils.java:logGet(46)) - raft.server.log.statemachine.data.caching.enabled = true (custom)
2023-05-05 09:13:28,137 [pool-1087-thread-1] INFO  segmented.SegmentedRaftLogWorker (SegmentedRaftLogWorker.java:lambda$new$0(135)) - 331cda18-a74d-44be-9546-cb2763b08ec0@group-D79A44C86311-SegmentedRaftLogWorker: flushIndex: setUnconditionally 0 -> -1
2023-05-05 09:13:28,137 [pool-1087-thread-1] INFO  segmented.SegmentedRaftLogWorker (SegmentedRaftLogWorker.java:lambda$new$0(135)) - 331cda18-a74d-44be-9546-cb2763b08ec0@group-D79A44C86311-SegmentedRaftLogWorker: safeCacheEvictIndex: setUnconditionally 0 -> -1
2023-05-05 09:13:28,137 [pool-1087-thread-1] INFO  server.RaftServer$Division (RaftServerImpl.java:start(334)) - 331cda18-a74d-44be-9546-cb2763b08ec0@group-D79A44C86311: start as a follower, conf=-1: peers:[331cda18-a74d-44be-9546-cb2763b08ec0|rpc:10.1.0.42:38619|dataStream:10.1.0.42:38911|priority:1|startupRole:FOLLOWER, 4e824c96-211f-4ca2-8aff-d3ca17aa07c4|rpc:10.1.0.42:43919|dataStream:10.1.0.42:37115|priority:0|startupRole:FOLLOWER, 7d67e38f-65cd-4cdb-ba90-6f13c999d08c|rpc:10.1.0.42:41273|dataStream:10.1.0.42:40597|priority:0|startupRole:FOLLOWER]|listeners:[], old=null
2023-05-05 09:13:28,137 [pool-1087-thread-1] INFO  server.RaftServer$Division (RaftServerImpl.java:setRole(321)) - 331cda18-a74d-44be-9546-cb2763b08ec0@group-D79A44C86311: changes role from      null to FOLLOWER at term 0 for startAsFollower
2023-05-05 09:13:28,137 [pool-1087-thread-1] INFO  impl.RoleInfo (RoleInfo.java:updateAndGet(139)) - 331cda18-a74d-44be-9546-cb2763b08ec0: start 331cda18-a74d-44be-9546-cb2763b08ec0@group-D79A44C86311-FollowerState
2023-05-05 09:13:28,137 [pool-1087-thread-1] INFO  util.JmxRegister (JmxRegister.java:tryRegister(44)) - Successfully registered JMX Bean with object name Ratis:service=RaftServer,group=group-D79A44C86311,id=331cda18-a74d-44be-9546-cb2763b08ec0
2023-05-05 09:13:28,137 [pool-1087-thread-1] INFO  server.RaftServerConfigKeys (ConfUtils.java:logGet(46)) - raft.server.snapshot.auto.trigger.enabled = true (custom)
2023-05-05 09:13:28,137 [pool-1087-thread-1] INFO  server.RaftServerConfigKeys (ConfUtils.java:logGet(46)) - raft.server.snapshot.auto.trigger.threshold = 10000 (custom)
2023-05-05 09:13:28,137 [pool-1087-thread-1] INFO  server.RaftServerConfigKeys (ConfUtils.java:logGet(46)) - raft.server.snapshot.retention.file.num = 5 (custom)
2023-05-05 09:13:28,138 [pool-1087-thread-1] INFO  server.RaftServerConfigKeys (ConfUtils.java:logGet(46)) - raft.server.log.purge.upto.snapshot.index = false (default)
2023-05-05 09:13:28,138 [Command processor thread] INFO  ratis.XceiverServerRatis (XceiverServerRatis.java:addGroup(806)) - Created group PipelineID=c9a066db-4236-4a08-9abf-d79a44c86311
2023-05-05 09:13:28,139 [331cda18-a74d-44be-9546-cb2763b08ec0@group-D79A44C86311-FollowerState] INFO  server.RaftServerConfigKeys (ConfUtils.java:logFallback(53)) - raft.server.rpc.first-election.timeout.min = 5s (fallback to raft.server.rpc.timeout.min)
2023-05-05 09:13:28,139 [331cda18-a74d-44be-9546-cb2763b08ec0@group-D79A44C86311-FollowerState] INFO  server.RaftServerConfigKeys (ConfUtils.java:logFallback(53)) - raft.server.rpc.first-election.timeout.max = 5200ms (fallback to raft.server.rpc.timeout.max)
2023-05-05 09:13:28,145 [grpc-default-executor-0] INFO  server.RaftServer (RaftServerProxy.java:addNew(96)) - 4e824c96-211f-4ca2-8aff-d3ca17aa07c4: addNew group-D79A44C86311:[331cda18-a74d-44be-9546-cb2763b08ec0|rpc:10.1.0.42:38619|dataStream:10.1.0.42:38911|priority:1|startupRole:FOLLOWER, 4e824c96-211f-4ca2-8aff-d3ca17aa07c4|rpc:10.1.0.42:43919|dataStream:10.1.0.42:37115|priority:0|startupRole:FOLLOWER, 7d67e38f-65cd-4cdb-ba90-6f13c999d08c|rpc:10.1.0.42:41273|dataStream:10.1.0.42:40597|priority:0|startupRole:FOLLOWER] returns group-D79A44C86311:java.util.concurrent.CompletableFuture@1f167e5b[Not completed]
2023-05-05 09:13:28,146 [pool-1109-thread-1] INFO  server.RaftServer$Division (RaftServerImpl.java:<init>(195)) - 4e824c96-211f-4ca2-8aff-d3ca17aa07c4: new RaftServerImpl for group-D79A44C86311:[331cda18-a74d-44be-9546-cb2763b08ec0|rpc:10.1.0.42:38619|dataStream:10.1.0.42:38911|priority:1|startupRole:FOLLOWER, 4e824c96-211f-4ca2-8aff-d3ca17aa07c4|rpc:10.1.0.42:43919|dataStream:10.1.0.42:37115|priority:0|startupRole:FOLLOWER, 7d67e38f-65cd-4cdb-ba90-6f13c999d08c|rpc:10.1.0.42:41273|dataStream:10.1.0.42:40597|priority:0|startupRole:FOLLOWER] with ContainerStateMachine:uninitialized
2023-05-05 09:13:28,146 [pool-1109-thread-1] INFO  server.RaftServerConfigKeys (ConfUtils.java:logGet(46)) - raft.server.rpc.timeout.min = 5s (custom)
2023-05-05 09:13:28,146 [pool-1109-thread-1] INFO  server.RaftServerConfigKeys (ConfUtils.java:logGet(46)) - raft.server.rpc.timeout.max = 5200ms (custom)
2023-05-05 09:13:28,146 [pool-1109-thread-1] INFO  server.RaftServerConfigKeys (ConfUtils.java:logGet(46)) - raft.server.rpc.sleep.time = 25ms (default)
2023-05-05 09:13:28,146 [pool-1109-thread-1] INFO  server.RaftServerConfigKeys (ConfUtils.java:logGet(46)) - raft.server.rpc.slowness.timeout = 300s (custom)
2023-05-05 09:13:28,146 [pool-1109-thread-1] INFO  server.RaftServerConfigKeys (ConfUtils.java:logGet(46)) - raft.server.leaderelection.leader.step-down.wait-time = 10s (default)
2023-05-05 09:13:28,146 [pool-1109-thread-1] INFO  server.RaftServerConfigKeys (ConfUtils.java:logGet(46)) - raft.server.sleep.deviation.threshold = 300ms (default)
2023-05-05 09:13:28,146 [pool-1109-thread-1] INFO  server.RaftServer$Division (ServerState.java:<init>(118)) - 4e824c96-211f-4ca2-8aff-d3ca17aa07c4@group-D79A44C86311: ConfigurationManager, init=-1: peers:[331cda18-a74d-44be-9546-cb2763b08ec0|rpc:10.1.0.42:38619|dataStream:10.1.0.42:38911|priority:1|startupRole:FOLLOWER, 4e824c96-211f-4ca2-8aff-d3ca17aa07c4|rpc:10.1.0.42:43919|dataStream:10.1.0.42:37115|priority:0|startupRole:FOLLOWER, 7d67e38f-65cd-4cdb-ba90-6f13c999d08c|rpc:10.1.0.42:41273|dataStream:10.1.0.42:40597|priority:0|startupRole:FOLLOWER]|listeners:[], old=null, confs=<EMPTY_MAP>
2023-05-05 09:13:28,146 [pool-1109-thread-1] INFO  server.RaftServerConfigKeys (ConfUtils.java:logGet(46)) - raft.server.storage.dir = [/home/runner/work/ozone/ozone/hadoop-ozone/integration-test/target/test-dir/MiniOzoneClusterImpl-463505b4-0bc6-4d58-b137-957c27341022/datanode-1/data/ratis] (custom)
2023-05-05 09:13:28,146 [pool-1109-thread-1] INFO  server.RaftServerConfigKeys (ConfUtils.java:logGet(46)) - raft.server.log.corruption.policy = EXCEPTION (default)
2023-05-05 09:13:28,146 [pool-1109-thread-1] INFO  server.RaftServerConfigKeys (ConfUtils.java:logGet(46)) - raft.server.storage.free-space.min = 0MB (=0) (default)
2023-05-05 09:13:28,146 [pool-1109-thread-1] INFO  server.RaftServerConfigKeys (ConfUtils.java:logGet(46)) - raft.server.notification.no-leader.timeout = 300s (custom)
2023-05-05 09:13:28,146 [pool-1109-thread-1] INFO  server.RaftServerConfigKeys (ConfUtils.java:logGet(46)) - raft.server.retrycache.expirytime = 600000ms (custom)
2023-05-05 09:13:28,146 [pool-1109-thread-1] INFO  server.RaftServerConfigKeys (ConfUtils.java:logGet(46)) - raft.server.retrycache.statistics.expirytime = 100μs (default)
2023-05-05 09:13:28,147 [pool-1109-thread-1] INFO  server.RaftServerConfigKeys (ConfUtils.java:logGet(46)) - raft.server.log.appender.install.snapshot.enabled = false (custom)
2023-05-05 09:13:28,147 [pool-1109-thread-1] INFO  server.RaftServerConfigKeys (ConfUtils.java:logGet(46)) - raft.server.threadpool.server.cached = true (default)
2023-05-05 09:13:28,147 [pool-1109-thread-1] INFO  server.RaftServerConfigKeys (ConfUtils.java:logGet(46)) - raft.server.threadpool.server.size = 0 (default)
2023-05-05 09:13:28,147 [pool-1109-thread-1] INFO  server.RaftServerConfigKeys (ConfUtils.java:logGet(46)) - raft.server.threadpool.client.cached = true (default)
2023-05-05 09:13:28,147 [pool-1109-thread-1] INFO  server.RaftServerConfigKeys (ConfUtils.java:logGet(46)) - raft.server.threadpool.client.size = 0 (default)
2023-05-05 09:13:28,147 [pool-1109-thread-1] INFO  storage.RaftStorageDirectory (RaftStorageDirectoryImpl.java:analyzeStorage(137)) - The storage directory /home/runner/work/ozone/ozone/hadoop-ozone/integration-test/target/test-dir/MiniOzoneClusterImpl-463505b4-0bc6-4d58-b137-957c27341022/datanode-1/data/ratis/c9a066db-4236-4a08-9abf-d79a44c86311 does not exist. Creating ...
2023-05-05 09:13:28,148 [pool-1109-thread-1] INFO  storage.RaftStorageDirectory (RaftStorageDirectoryImpl.java:tryLock(231)) - Lock on /home/runner/work/ozone/ozone/hadoop-ozone/integration-test/target/test-dir/MiniOzoneClusterImpl-463505b4-0bc6-4d58-b137-957c27341022/datanode-1/data/ratis/c9a066db-4236-4a08-9abf-d79a44c86311/in_use.lock acquired by nodename 7812@fv-az152-207
2023-05-05 09:13:28,149 [pool-1109-thread-1] INFO  storage.RaftStorage (RaftStorageImpl.java:format(96)) - Storage directory /home/runner/work/ozone/ozone/hadoop-ozone/integration-test/target/test-dir/MiniOzoneClusterImpl-463505b4-0bc6-4d58-b137-957c27341022/datanode-1/data/ratis/c9a066db-4236-4a08-9abf-d79a44c86311 has been successfully formatted.
2023-05-05 09:13:28,151 [pool-1109-thread-1] INFO  ratis.ContainerStateMachine (ContainerStateMachine.java:loadSnapshot(262)) - group-D79A44C86311: The snapshot info is null. Setting the last applied indexto:(t:0, i:~)
2023-05-05 09:13:28,151 [pool-1109-thread-1] INFO  server.RaftServerConfigKeys (ConfUtils.java:logGet(46)) - raft.server.log.use.memory = false (default)
2023-05-05 09:13:28,151 [pool-1109-thread-1] INFO  server.RaftServerConfigKeys (ConfUtils.java:logGet(46)) - raft.server.log.purge.gap = 1000000 (custom)
2023-05-05 09:13:28,151 [pool-1109-thread-1] INFO  server.RaftServerConfigKeys (ConfUtils.java:logGet(46)) - raft.server.log.appender.buffer.byte-limit = 33554432 (custom)
2023-05-05 09:13:28,151 [pool-1109-thread-1] INFO  server.RaftServerConfigKeys (ConfUtils.java:logGet(46)) - raft.server.log.statemachine.data.read.timeout = 1000ms (default)
2023-05-05 09:13:28,151 [pool-1109-thread-1] INFO  server.RaftServerConfigKeys (ConfUtils.java:logGet(46)) - raft.server.log.purge.preservation.log.num = 0 (default)
2023-05-05 09:13:28,151 [pool-1109-thread-1] INFO  server.RaftServerConfigKeys (ConfUtils.java:logGet(46)) - raft.server.log.segment.size.max = 1048576 (custom)
2023-05-05 09:13:28,152 [pool-1109-thread-1] INFO  server.RaftServerConfigKeys (ConfUtils.java:logGet(46)) - raft.server.log.segment.cache.num.max = 2 (custom)
2023-05-05 09:13:28,152 [pool-1109-thread-1] INFO  server.RaftServerConfigKeys (ConfUtils.java:logGet(46)) - raft.server.log.segment.cache.size.max = 200MB (=209715200) (default)
2023-05-05 09:13:28,152 [pool-1109-thread-1] INFO  segmented.SegmentedRaftLogWorker (SegmentedRaftLogWorker.java:<init>(189)) - new 4e824c96-211f-4ca2-8aff-d3ca17aa07c4@group-D79A44C86311-SegmentedRaftLogWorker for RaftStorageImpl:Storage Directory /home/runner/work/ozone/ozone/hadoop-ozone/integration-test/target/test-dir/MiniOzoneClusterImpl-463505b4-0bc6-4d58-b137-957c27341022/datanode-1/data/ratis/c9a066db-4236-4a08-9abf-d79a44c86311
2023-05-05 09:13:28,152 [pool-1109-thread-1] INFO  server.RaftServerConfigKeys (ConfUtils.java:logGet(46)) - raft.server.log.queue.byte-limit = 4294967296 (custom)
2023-05-05 09:13:28,152 [pool-1109-thread-1] INFO  server.RaftServerConfigKeys (ConfUtils.java:logGet(46)) - raft.server.log.queue.element-limit = 1024 (custom)
2023-05-05 09:13:28,152 [pool-1109-thread-1] INFO  server.RaftServerConfigKeys (ConfUtils.java:logGet(46)) - raft.server.log.segment.size.max = 1048576 (custom)
2023-05-05 09:13:28,152 [pool-1109-thread-1] INFO  server.RaftServerConfigKeys (ConfUtils.java:logGet(46)) - raft.server.log.preallocated.size = 16384 (custom)
2023-05-05 09:13:28,152 [pool-1109-thread-1] INFO  server.RaftServerConfigKeys (ConfUtils.java:logGet(46)) - raft.server.log.force.sync.num = 128 (default)
2023-05-05 09:13:28,152 [pool-1109-thread-1] INFO  server.RaftServerConfigKeys (ConfUtils.java:logGet(46)) - raft.server.log.statemachine.data.sync = true (default)
2023-05-05 09:13:28,152 [pool-1109-thread-1] INFO  server.RaftServerConfigKeys (ConfUtils.java:logGet(46)) - raft.server.log.statemachine.data.sync.timeout = 10s (default)
2023-05-05 09:13:28,152 [pool-1109-thread-1] INFO  server.RaftServerConfigKeys (ConfUtils.java:logGet(46)) - raft.server.log.statemachine.data.sync.timeout.retry = -1 (default)
2023-05-05 09:13:28,152 [pool-1109-thread-1] INFO  server.RaftServerConfigKeys (ConfUtils.java:logGet(46)) - raft.server.log.write.buffer.size = 1048576 (custom)
2023-05-05 09:13:28,153 [pool-1109-thread-1] INFO  server.RaftServerConfigKeys (ConfUtils.java:logGet(46)) - raft.server.log.appender.buffer.byte-limit = 33554432 (custom)
2023-05-05 09:13:28,158 [pool-1109-thread-1] INFO  server.RaftServerConfigKeys (ConfUtils.java:logGet(46)) - raft.server.log.unsafe-flush.enabled = false (default)
2023-05-05 09:13:28,158 [pool-1109-thread-1] INFO  server.RaftServerConfigKeys (ConfUtils.java:logGet(46)) - raft.server.log.async-flush.enabled = false (default)
2023-05-05 09:13:28,158 [pool-1109-thread-1] INFO  server.RaftServerConfigKeys (ConfUtils.java:logGet(46)) - raft.server.log.statemachine.data.caching.enabled = true (custom)
2023-05-05 09:13:28,158 [pool-1109-thread-1] INFO  segmented.SegmentedRaftLogWorker (SegmentedRaftLogWorker.java:lambda$new$0(135)) - 4e824c96-211f-4ca2-8aff-d3ca17aa07c4@group-D79A44C86311-SegmentedRaftLogWorker: flushIndex: setUnconditionally 0 -> -1
2023-05-05 09:13:28,158 [pool-1109-thread-1] INFO  segmented.SegmentedRaftLogWorker (SegmentedRaftLogWorker.java:lambda$new$0(135)) - 4e824c96-211f-4ca2-8aff-d3ca17aa07c4@group-D79A44C86311-SegmentedRaftLogWorker: safeCacheEvictIndex: setUnconditionally 0 -> -1
2023-05-05 09:13:28,158 [pool-1109-thread-1] INFO  server.RaftServer$Division (RaftServerImpl.java:start(334)) - 4e824c96-211f-4ca2-8aff-d3ca17aa07c4@group-D79A44C86311: start as a follower, conf=-1: peers:[331cda18-a74d-44be-9546-cb2763b08ec0|rpc:10.1.0.42:38619|dataStream:10.1.0.42:38911|priority:1|startupRole:FOLLOWER, 4e824c96-211f-4ca2-8aff-d3ca17aa07c4|rpc:10.1.0.42:43919|dataStream:10.1.0.42:37115|priority:0|startupRole:FOLLOWER, 7d67e38f-65cd-4cdb-ba90-6f13c999d08c|rpc:10.1.0.42:41273|dataStream:10.1.0.42:40597|priority:0|startupRole:FOLLOWER]|listeners:[], old=null
2023-05-05 09:13:28,158 [pool-1109-thread-1] INFO  server.RaftServer$Division (RaftServerImpl.java:setRole(321)) - 4e824c96-211f-4ca2-8aff-d3ca17aa07c4@group-D79A44C86311: changes role from      null to FOLLOWER at term 0 for startAsFollower
2023-05-05 09:13:28,158 [pool-1109-thread-1] INFO  impl.RoleInfo (RoleInfo.java:updateAndGet(139)) - 4e824c96-211f-4ca2-8aff-d3ca17aa07c4: start 4e824c96-211f-4ca2-8aff-d3ca17aa07c4@group-D79A44C86311-FollowerState
2023-05-05 09:13:28,160 [pool-1109-thread-1] INFO  util.JmxRegister (JmxRegister.java:tryRegister(44)) - Successfully registered JMX Bean with object name Ratis:service=RaftServer,group=group-D79A44C86311,id=4e824c96-211f-4ca2-8aff-d3ca17aa07c4
2023-05-05 09:13:28,160 [pool-1109-thread-1] INFO  server.RaftServerConfigKeys (ConfUtils.java:logGet(46)) - raft.server.snapshot.auto.trigger.enabled = true (custom)
2023-05-05 09:13:28,160 [pool-1109-thread-1] INFO  server.RaftServerConfigKeys (ConfUtils.java:logGet(46)) - raft.server.snapshot.auto.trigger.threshold = 10000 (custom)
2023-05-05 09:13:28,160 [pool-1109-thread-1] INFO  server.RaftServerConfigKeys (ConfUtils.java:logGet(46)) - raft.server.snapshot.retention.file.num = 5 (custom)
2023-05-05 09:13:28,160 [pool-1109-thread-1] INFO  server.RaftServerConfigKeys (ConfUtils.java:logGet(46)) - raft.server.log.purge.upto.snapshot.index = false (default)
2023-05-05 09:13:28,161 [4e824c96-211f-4ca2-8aff-d3ca17aa07c4@group-D79A44C86311-FollowerState] INFO  server.RaftServerConfigKeys (ConfUtils.java:logFallback(53)) - raft.server.rpc.first-election.timeout.min = 5s (fallback to raft.server.rpc.timeout.min)
2023-05-05 09:13:28,161 [4e824c96-211f-4ca2-8aff-d3ca17aa07c4@group-D79A44C86311-FollowerState] INFO  server.RaftServerConfigKeys (ConfUtils.java:logFallback(53)) - raft.server.rpc.first-election.timeout.max = 5200ms (fallback to raft.server.rpc.timeout.max)
2023-05-05 09:13:28,174 [grpc-default-executor-0] INFO  server.RaftServer (RaftServerProxy.java:addNew(96)) - 7d67e38f-65cd-4cdb-ba90-6f13c999d08c: addNew group-D79A44C86311:[331cda18-a74d-44be-9546-cb2763b08ec0|rpc:10.1.0.42:38619|dataStream:10.1.0.42:38911|priority:1|startupRole:FOLLOWER, 4e824c96-211f-4ca2-8aff-d3ca17aa07c4|rpc:10.1.0.42:43919|dataStream:10.1.0.42:37115|priority:0|startupRole:FOLLOWER, 7d67e38f-65cd-4cdb-ba90-6f13c999d08c|rpc:10.1.0.42:41273|dataStream:10.1.0.42:40597|priority:0|startupRole:FOLLOWER] returns group-D79A44C86311:java.util.concurrent.CompletableFuture@8ea326e[Not completed]
2023-05-05 09:13:28,175 [pool-1131-thread-1] INFO  server.RaftServer$Division (RaftServerImpl.java:<init>(195)) - 7d67e38f-65cd-4cdb-ba90-6f13c999d08c: new RaftServerImpl for group-D79A44C86311:[331cda18-a74d-44be-9546-cb2763b08ec0|rpc:10.1.0.42:38619|dataStream:10.1.0.42:38911|priority:1|startupRole:FOLLOWER, 4e824c96-211f-4ca2-8aff-d3ca17aa07c4|rpc:10.1.0.42:43919|dataStream:10.1.0.42:37115|priority:0|startupRole:FOLLOWER, 7d67e38f-65cd-4cdb-ba90-6f13c999d08c|rpc:10.1.0.42:41273|dataStream:10.1.0.42:40597|priority:0|startupRole:FOLLOWER] with ContainerStateMachine:uninitialized
2023-05-05 09:13:28,175 [pool-1131-thread-1] INFO  server.RaftServerConfigKeys (ConfUtils.java:logGet(46)) - raft.server.rpc.timeout.min = 5s (custom)
2023-05-05 09:13:28,175 [pool-1131-thread-1] INFO  server.RaftServerConfigKeys (ConfUtils.java:logGet(46)) - raft.server.rpc.timeout.max = 5200ms (custom)
2023-05-05 09:13:28,175 [pool-1131-thread-1] INFO  server.RaftServerConfigKeys (ConfUtils.java:logGet(46)) - raft.server.rpc.sleep.time = 25ms (default)
2023-05-05 09:13:28,175 [pool-1131-thread-1] INFO  server.RaftServerConfigKeys (ConfUtils.java:logGet(46)) - raft.server.rpc.slowness.timeout = 300s (custom)
2023-05-05 09:13:28,176 [pool-1131-thread-1] INFO  server.RaftServerConfigKeys (ConfUtils.java:logGet(46)) - raft.server.leaderelection.leader.step-down.wait-time = 10s (default)
2023-05-05 09:13:28,176 [pool-1131-thread-1] INFO  server.RaftServerConfigKeys (ConfUtils.java:logGet(46)) - raft.server.sleep.deviation.threshold = 300ms (default)
2023-05-05 09:13:28,176 [pool-1131-thread-1] INFO  server.RaftServer$Division (ServerState.java:<init>(118)) - 7d67e38f-65cd-4cdb-ba90-6f13c999d08c@group-D79A44C86311: ConfigurationManager, init=-1: peers:[331cda18-a74d-44be-9546-cb2763b08ec0|rpc:10.1.0.42:38619|dataStream:10.1.0.42:38911|priority:1|startupRole:FOLLOWER, 4e824c96-211f-4ca2-8aff-d3ca17aa07c4|rpc:10.1.0.42:43919|dataStream:10.1.0.42:37115|priority:0|startupRole:FOLLOWER, 7d67e38f-65cd-4cdb-ba90-6f13c999d08c|rpc:10.1.0.42:41273|dataStream:10.1.0.42:40597|priority:0|startupRole:FOLLOWER]|listeners:[], old=null, confs=<EMPTY_MAP>
2023-05-05 09:13:28,176 [pool-1131-thread-1] INFO  server.RaftServerConfigKeys (ConfUtils.java:logGet(46)) - raft.server.storage.dir = [/home/runner/work/ozone/ozone/hadoop-ozone/integration-test/target/test-dir/MiniOzoneClusterImpl-463505b4-0bc6-4d58-b137-957c27341022/datanode-2/data/ratis] (custom)
2023-05-05 09:13:28,176 [pool-1131-thread-1] INFO  server.RaftServerConfigKeys (ConfUtils.java:logGet(46)) - raft.server.log.corruption.policy = EXCEPTION (default)
2023-05-05 09:13:28,176 [pool-1131-thread-1] INFO  server.RaftServerConfigKeys (ConfUtils.java:logGet(46)) - raft.server.storage.free-space.min = 0MB (=0) (default)
2023-05-05 09:13:28,176 [pool-1131-thread-1] INFO  server.RaftServerConfigKeys (ConfUtils.java:logGet(46)) - raft.server.notification.no-leader.timeout = 300s (custom)
2023-05-05 09:13:28,176 [pool-1131-thread-1] INFO  server.RaftServerConfigKeys (ConfUtils.java:logGet(46)) - raft.server.retrycache.expirytime = 600000ms (custom)
2023-05-05 09:13:28,176 [pool-1131-thread-1] INFO  server.RaftServerConfigKeys (ConfUtils.java:logGet(46)) - raft.server.retrycache.statistics.expirytime = 100μs (default)
2023-05-05 09:13:28,177 [pool-1131-thread-1] INFO  server.RaftServerConfigKeys (ConfUtils.java:logGet(46)) - raft.server.log.appender.install.snapshot.enabled = false (custom)
2023-05-05 09:13:28,177 [pool-1131-thread-1] INFO  server.RaftServerConfigKeys (ConfUtils.java:logGet(46)) - raft.server.threadpool.server.cached = true (default)
2023-05-05 09:13:28,177 [pool-1131-thread-1] INFO  server.RaftServerConfigKeys (ConfUtils.java:logGet(46)) - raft.server.threadpool.server.size = 0 (default)
2023-05-05 09:13:28,177 [pool-1131-thread-1] INFO  server.RaftServerConfigKeys (ConfUtils.java:logGet(46)) - raft.server.threadpool.client.cached = true (default)
2023-05-05 09:13:28,177 [pool-1131-thread-1] INFO  server.RaftServerConfigKeys (ConfUtils.java:logGet(46)) - raft.server.threadpool.client.size = 0 (default)
2023-05-05 09:13:28,177 [pool-1131-thread-1] INFO  storage.RaftStorageDirectory (RaftStorageDirectoryImpl.java:analyzeStorage(137)) - The storage directory /home/runner/work/ozone/ozone/hadoop-ozone/integration-test/target/test-dir/MiniOzoneClusterImpl-463505b4-0bc6-4d58-b137-957c27341022/datanode-2/data/ratis/c9a066db-4236-4a08-9abf-d79a44c86311 does not exist. Creating ...
2023-05-05 09:13:28,180 [pool-1131-thread-1] INFO  storage.RaftStorageDirectory (RaftStorageDirectoryImpl.java:tryLock(231)) - Lock on /home/runner/work/ozone/ozone/hadoop-ozone/integration-test/target/test-dir/MiniOzoneClusterImpl-463505b4-0bc6-4d58-b137-957c27341022/datanode-2/data/ratis/c9a066db-4236-4a08-9abf-d79a44c86311/in_use.lock acquired by nodename 7812@fv-az152-207
2023-05-05 09:13:28,181 [pool-1131-thread-1] INFO  storage.RaftStorage (RaftStorageImpl.java:format(96)) - Storage directory /home/runner/work/ozone/ozone/hadoop-ozone/integration-test/target/test-dir/MiniOzoneClusterImpl-463505b4-0bc6-4d58-b137-957c27341022/datanode-2/data/ratis/c9a066db-4236-4a08-9abf-d79a44c86311 has been successfully formatted.
2023-05-05 09:13:28,182 [pool-1131-thread-1] INFO  ratis.ContainerStateMachine (ContainerStateMachine.java:loadSnapshot(262)) - group-D79A44C86311: The snapshot info is null. Setting the last applied indexto:(t:0, i:~)
2023-05-05 09:13:28,182 [pool-1131-thread-1] INFO  server.RaftServerConfigKeys (ConfUtils.java:logGet(46)) - raft.server.log.use.memory = false (default)
2023-05-05 09:13:28,182 [pool-1131-thread-1] INFO  server.RaftServerConfigKeys (ConfUtils.java:logGet(46)) - raft.server.log.purge.gap = 1000000 (custom)
2023-05-05 09:13:28,182 [pool-1131-thread-1] INFO  server.RaftServerConfigKeys (ConfUtils.java:logGet(46)) - raft.server.log.appender.buffer.byte-limit = 33554432 (custom)
2023-05-05 09:13:28,182 [pool-1131-thread-1] INFO  server.RaftServerConfigKeys (ConfUtils.java:logGet(46)) - raft.server.log.statemachine.data.read.timeout = 1000ms (default)
2023-05-05 09:13:28,182 [pool-1131-thread-1] INFO  server.RaftServerConfigKeys (ConfUtils.java:logGet(46)) - raft.server.log.purge.preservation.log.num = 0 (default)
2023-05-05 09:13:28,182 [pool-1131-thread-1] INFO  server.RaftServerConfigKeys (ConfUtils.java:logGet(46)) - raft.server.log.segment.size.max = 1048576 (custom)
2023-05-05 09:13:28,183 [pool-1131-thread-1] INFO  server.RaftServerConfigKeys (ConfUtils.java:logGet(46)) - raft.server.log.segment.cache.num.max = 2 (custom)
2023-05-05 09:13:28,183 [pool-1131-thread-1] INFO  server.RaftServerConfigKeys (ConfUtils.java:logGet(46)) - raft.server.log.segment.cache.size.max = 200MB (=209715200) (default)
2023-05-05 09:13:28,184 [pool-1131-thread-1] INFO  segmented.SegmentedRaftLogWorker (SegmentedRaftLogWorker.java:<init>(189)) - new 7d67e38f-65cd-4cdb-ba90-6f13c999d08c@group-D79A44C86311-SegmentedRaftLogWorker for RaftStorageImpl:Storage Directory /home/runner/work/ozone/ozone/hadoop-ozone/integration-test/target/test-dir/MiniOzoneClusterImpl-463505b4-0bc6-4d58-b137-957c27341022/datanode-2/data/ratis/c9a066db-4236-4a08-9abf-d79a44c86311
2023-05-05 09:13:28,184 [pool-1131-thread-1] INFO  server.RaftServerConfigKeys (ConfUtils.java:logGet(46)) - raft.server.log.queue.byte-limit = 4294967296 (custom)
2023-05-05 09:13:28,184 [pool-1131-thread-1] INFO  server.RaftServerConfigKeys (ConfUtils.java:logGet(46)) - raft.server.log.queue.element-limit = 1024 (custom)
2023-05-05 09:13:28,184 [pool-1131-thread-1] INFO  server.RaftServerConfigKeys (ConfUtils.java:logGet(46)) - raft.server.log.segment.size.max = 1048576 (custom)
2023-05-05 09:13:28,184 [pool-1131-thread-1] INFO  server.RaftServerConfigKeys (ConfUtils.java:logGet(46)) - raft.server.log.preallocated.size = 16384 (custom)
2023-05-05 09:13:28,184 [pool-1131-thread-1] INFO  server.RaftServerConfigKeys (ConfUtils.java:logGet(46)) - raft.server.log.force.sync.num = 128 (default)
2023-05-05 09:13:28,184 [pool-1131-thread-1] INFO  server.RaftServerConfigKeys (ConfUtils.java:logGet(46)) - raft.server.log.statemachine.data.sync = true (default)
2023-05-05 09:13:28,184 [pool-1131-thread-1] INFO  server.RaftServerConfigKeys (ConfUtils.java:logGet(46)) - raft.server.log.statemachine.data.sync.timeout = 10s (default)
2023-05-05 09:13:28,184 [pool-1131-thread-1] INFO  server.RaftServerConfigKeys (ConfUtils.java:logGet(46)) - raft.server.log.statemachine.data.sync.timeout.retry = -1 (default)
2023-05-05 09:13:28,184 [pool-1131-thread-1] INFO  server.RaftServerConfigKeys (ConfUtils.java:logGet(46)) - raft.server.log.write.buffer.size = 1048576 (custom)
2023-05-05 09:13:28,185 [pool-1131-thread-1] INFO  server.RaftServerConfigKeys (ConfUtils.java:logGet(46)) - raft.server.log.appender.buffer.byte-limit = 33554432 (custom)
2023-05-05 09:13:28,190 [pool-1131-thread-1] INFO  server.RaftServerConfigKeys (ConfUtils.java:logGet(46)) - raft.server.log.unsafe-flush.enabled = false (default)
2023-05-05 09:13:28,190 [pool-1131-thread-1] INFO  server.RaftServerConfigKeys (ConfUtils.java:logGet(46)) - raft.server.log.async-flush.enabled = false (default)
2023-05-05 09:13:28,190 [pool-1131-thread-1] INFO  server.RaftServerConfigKeys (ConfUtils.java:logGet(46)) - raft.server.log.statemachine.data.caching.enabled = true (custom)
2023-05-05 09:13:28,191 [pool-1131-thread-1] INFO  segmented.SegmentedRaftLogWorker (SegmentedRaftLogWorker.java:lambda$new$0(135)) - 7d67e38f-65cd-4cdb-ba90-6f13c999d08c@group-D79A44C86311-SegmentedRaftLogWorker: flushIndex: setUnconditionally 0 -> -1
2023-05-05 09:13:28,191 [pool-1131-thread-1] INFO  segmented.SegmentedRaftLogWorker (SegmentedRaftLogWorker.java:lambda$new$0(135)) - 7d67e38f-65cd-4cdb-ba90-6f13c999d08c@group-D79A44C86311-SegmentedRaftLogWorker: safeCacheEvictIndex: setUnconditionally 0 -> -1
2023-05-05 09:13:28,195 [pool-1131-thread-1] INFO  server.RaftServer$Division (RaftServerImpl.java:start(334)) - 7d67e38f-65cd-4cdb-ba90-6f13c999d08c@group-D79A44C86311: start as a follower, conf=-1: peers:[331cda18-a74d-44be-9546-cb2763b08ec0|rpc:10.1.0.42:38619|dataStream:10.1.0.42:38911|priority:1|startupRole:FOLLOWER, 4e824c96-211f-4ca2-8aff-d3ca17aa07c4|rpc:10.1.0.42:43919|dataStream:10.1.0.42:37115|priority:0|startupRole:FOLLOWER, 7d67e38f-65cd-4cdb-ba90-6f13c999d08c|rpc:10.1.0.42:41273|dataStream:10.1.0.42:40597|priority:0|startupRole:FOLLOWER]|listeners:[], old=null
2023-05-05 09:13:28,195 [pool-1131-thread-1] INFO  server.RaftServer$Division (RaftServerImpl.java:setRole(321)) - 7d67e38f-65cd-4cdb-ba90-6f13c999d08c@group-D79A44C86311: changes role from      null to FOLLOWER at term 0 for startAsFollower
2023-05-05 09:13:28,195 [pool-1131-thread-1] INFO  impl.RoleInfo (RoleInfo.java:updateAndGet(139)) - 7d67e38f-65cd-4cdb-ba90-6f13c999d08c: start 7d67e38f-65cd-4cdb-ba90-6f13c999d08c@group-D79A44C86311-FollowerState
2023-05-05 09:13:28,196 [pool-1131-thread-1] INFO  util.JmxRegister (JmxRegister.java:tryRegister(44)) - Successfully registered JMX Bean with object name Ratis:service=RaftServer,group=group-D79A44C86311,id=7d67e38f-65cd-4cdb-ba90-6f13c999d08c
2023-05-05 09:13:28,196 [pool-1131-thread-1] INFO  server.RaftServerConfigKeys (ConfUtils.java:logGet(46)) - raft.server.snapshot.auto.trigger.enabled = true (custom)
2023-05-05 09:13:28,196 [pool-1131-thread-1] INFO  server.RaftServerConfigKeys (ConfUtils.java:logGet(46)) - raft.server.snapshot.auto.trigger.threshold = 10000 (custom)
2023-05-05 09:13:28,196 [pool-1131-thread-1] INFO  server.RaftServerConfigKeys (ConfUtils.java:logGet(46)) - raft.server.snapshot.retention.file.num = 5 (custom)
2023-05-05 09:13:28,196 [pool-1131-thread-1] INFO  server.RaftServerConfigKeys (ConfUtils.java:logGet(46)) - raft.server.log.purge.upto.snapshot.index = false (default)
2023-05-05 09:13:28,198 [7d67e38f-65cd-4cdb-ba90-6f13c999d08c@group-D79A44C86311-FollowerState] INFO  server.RaftServerConfigKeys (ConfUtils.java:logFallback(53)) - raft.server.rpc.first-election.timeout.min = 5s (fallback to raft.server.rpc.timeout.min)
2023-05-05 09:13:28,198 [7d67e38f-65cd-4cdb-ba90-6f13c999d08c@group-D79A44C86311-FollowerState] INFO  server.RaftServerConfigKeys (ConfUtils.java:logFallback(53)) - raft.server.rpc.first-election.timeout.max = 5200ms (fallback to raft.server.rpc.timeout.max)
2023-05-05 09:13:28,204 [Command processor thread] INFO  commandhandler.CreatePipelineCommandHandler (CreatePipelineCommandHandler.java:handle(113)) - Created Pipeline RATIS THREE PipelineID=c9a066db-4236-4a08-9abf-d79a44c86311.
2023-05-05 09:13:28,229 [Command processor thread] INFO  server.RaftServer (RaftServerProxy.java:addNew(96)) - 4e824c96-211f-4ca2-8aff-d3ca17aa07c4: addNew group-315B7F7D3F6D:[4e824c96-211f-4ca2-8aff-d3ca17aa07c4|rpc:10.1.0.42:43919|dataStream:10.1.0.42:37115|priority:1|startupRole:FOLLOWER] returns group-315B7F7D3F6D:java.util.concurrent.CompletableFuture@18f836bb[Not completed]
2023-05-05 09:13:28,230 [pool-1109-thread-1] INFO  server.RaftServer$Division (RaftServerImpl.java:<init>(195)) - 4e824c96-211f-4ca2-8aff-d3ca17aa07c4: new RaftServerImpl for group-315B7F7D3F6D:[4e824c96-211f-4ca2-8aff-d3ca17aa07c4|rpc:10.1.0.42:43919|dataStream:10.1.0.42:37115|priority:1|startupRole:FOLLOWER] with ContainerStateMachine:uninitialized
2023-05-05 09:13:28,230 [pool-1109-thread-1] INFO  server.RaftServerConfigKeys (ConfUtils.java:logGet(46)) - raft.server.rpc.timeout.min = 5s (custom)
2023-05-05 09:13:28,230 [pool-1109-thread-1] INFO  server.RaftServerConfigKeys (ConfUtils.java:logGet(46)) - raft.server.rpc.timeout.max = 5200ms (custom)
2023-05-05 09:13:28,230 [pool-1109-thread-1] INFO  server.RaftServerConfigKeys (ConfUtils.java:logGet(46)) - raft.server.rpc.sleep.time = 25ms (default)
2023-05-05 09:13:28,230 [pool-1109-thread-1] INFO  server.RaftServerConfigKeys (ConfUtils.java:logGet(46)) - raft.server.rpc.slowness.timeout = 300s (custom)
2023-05-05 09:13:28,230 [pool-1109-thread-1] INFO  server.RaftServerConfigKeys (ConfUtils.java:logGet(46)) - raft.server.leaderelection.leader.step-down.wait-time = 10s (default)
2023-05-05 09:13:28,230 [pool-1109-thread-1] INFO  server.RaftServerConfigKeys (ConfUtils.java:logGet(46)) - raft.server.sleep.deviation.threshold = 300ms (default)
2023-05-05 09:13:28,230 [pool-1109-thread-1] INFO  server.RaftServer$Division (ServerState.java:<init>(118)) - 4e824c96-211f-4ca2-8aff-d3ca17aa07c4@group-315B7F7D3F6D: ConfigurationManager, init=-1: peers:[4e824c96-211f-4ca2-8aff-d3ca17aa07c4|rpc:10.1.0.42:43919|dataStream:10.1.0.42:37115|priority:1|startupRole:FOLLOWER]|listeners:[], old=null, confs=<EMPTY_MAP>
2023-05-05 09:13:28,230 [pool-1109-thread-1] INFO  server.RaftServerConfigKeys (ConfUtils.java:logGet(46)) - raft.server.storage.dir = [/home/runner/work/ozone/ozone/hadoop-ozone/integration-test/target/test-dir/MiniOzoneClusterImpl-463505b4-0bc6-4d58-b137-957c27341022/datanode-1/data/ratis] (custom)
2023-05-05 09:13:28,231 [pool-1109-thread-1] INFO  server.RaftServerConfigKeys (ConfUtils.java:logGet(46)) - raft.server.log.corruption.policy = EXCEPTION (default)
2023-05-05 09:13:28,231 [pool-1109-thread-1] INFO  server.RaftServerConfigKeys (ConfUtils.java:logGet(46)) - raft.server.storage.free-space.min = 0MB (=0) (default)
2023-05-05 09:13:28,231 [pool-1109-thread-1] INFO  server.RaftServerConfigKeys (ConfUtils.java:logGet(46)) - raft.server.notification.no-leader.timeout = 300s (custom)
2023-05-05 09:13:28,231 [pool-1109-thread-1] INFO  server.RaftServerConfigKeys (ConfUtils.java:logGet(46)) - raft.server.retrycache.expirytime = 600000ms (custom)
2023-05-05 09:13:28,231 [pool-1109-thread-1] INFO  server.RaftServerConfigKeys (ConfUtils.java:logGet(46)) - raft.server.retrycache.statistics.expirytime = 100μs (default)
2023-05-05 09:13:28,231 [pool-1109-thread-1] INFO  server.RaftServerConfigKeys (ConfUtils.java:logGet(46)) - raft.server.log.appender.install.snapshot.enabled = false (custom)
2023-05-05 09:13:28,231 [pool-1109-thread-1] INFO  server.RaftServerConfigKeys (ConfUtils.java:logGet(46)) - raft.server.threadpool.server.cached = true (default)
2023-05-05 09:13:28,231 [pool-1109-thread-1] INFO  server.RaftServerConfigKeys (ConfUtils.java:logGet(46)) - raft.server.threadpool.server.size = 0 (default)
2023-05-05 09:13:28,232 [pool-1109-thread-1] INFO  server.RaftServerConfigKeys (ConfUtils.java:logGet(46)) - raft.server.threadpool.client.cached = true (default)
2023-05-05 09:13:28,232 [pool-1109-thread-1] INFO  server.RaftServerConfigKeys (ConfUtils.java:logGet(46)) - raft.server.threadpool.client.size = 0 (default)
2023-05-05 09:13:28,232 [pool-1109-thread-1] INFO  storage.RaftStorageDirectory (RaftStorageDirectoryImpl.java:analyzeStorage(137)) - The storage directory /home/runner/work/ozone/ozone/hadoop-ozone/integration-test/target/test-dir/MiniOzoneClusterImpl-463505b4-0bc6-4d58-b137-957c27341022/datanode-1/data/ratis/2cb47aaf-04cd-4fd6-91ed-315b7f7d3f6d does not exist. Creating ...
2023-05-05 09:13:28,234 [pool-1109-thread-1] INFO  storage.RaftStorageDirectory (RaftStorageDirectoryImpl.java:tryLock(231)) - Lock on /home/runner/work/ozone/ozone/hadoop-ozone/integration-test/target/test-dir/MiniOzoneClusterImpl-463505b4-0bc6-4d58-b137-957c27341022/datanode-1/data/ratis/2cb47aaf-04cd-4fd6-91ed-315b7f7d3f6d/in_use.lock acquired by nodename 7812@fv-az152-207
2023-05-05 09:13:28,235 [pool-1109-thread-1] INFO  storage.RaftStorage (RaftStorageImpl.java:format(96)) - Storage directory /home/runner/work/ozone/ozone/hadoop-ozone/integration-test/target/test-dir/MiniOzoneClusterImpl-463505b4-0bc6-4d58-b137-957c27341022/datanode-1/data/ratis/2cb47aaf-04cd-4fd6-91ed-315b7f7d3f6d has been successfully formatted.
2023-05-05 09:13:28,235 [pool-1109-thread-1] INFO  ratis.ContainerStateMachine (ContainerStateMachine.java:loadSnapshot(262)) - group-315B7F7D3F6D: The snapshot info is null. Setting the last applied indexto:(t:0, i:~)
2023-05-05 09:13:28,236 [pool-1109-thread-1] INFO  server.RaftServerConfigKeys (ConfUtils.java:logGet(46)) - raft.server.log.use.memory = false (default)
2023-05-05 09:13:28,236 [pool-1109-thread-1] INFO  server.RaftServerConfigKeys (ConfUtils.java:logGet(46)) - raft.server.log.purge.gap = 1000000 (custom)
2023-05-05 09:13:28,236 [pool-1109-thread-1] INFO  server.RaftServerConfigKeys (ConfUtils.java:logGet(46)) - raft.server.log.appender.buffer.byte-limit = 33554432 (custom)
2023-05-05 09:13:28,236 [pool-1109-thread-1] INFO  server.RaftServerConfigKeys (ConfUtils.java:logGet(46)) - raft.server.log.statemachine.data.read.timeout = 1000ms (default)
2023-05-05 09:13:28,236 [pool-1109-thread-1] INFO  server.RaftServerConfigKeys (ConfUtils.java:logGet(46)) - raft.server.log.purge.preservation.log.num = 0 (default)
2023-05-05 09:13:28,236 [pool-1109-thread-1] INFO  server.RaftServerConfigKeys (ConfUtils.java:logGet(46)) - raft.server.log.segment.size.max = 1048576 (custom)
2023-05-05 09:13:28,237 [EventQueue-PipelineReportForPipelineReportHandler] INFO  pipeline.PipelineManagerImpl (PipelineManagerImpl.java:openPipeline(367)) - Pipeline Pipeline[ Id: 2cb47aaf-04cd-4fd6-91ed-315b7f7d3f6d, Nodes: 4e824c96-211f-4ca2-8aff-d3ca17aa07c4(fv-az152-207.qln5d00okglujjccfnhxhxodph.cx.internal.cloudapp.net/10.1.0.42), ReplicationConfig: RATIS/ONE, State:ALLOCATED, leaderId:4e824c96-211f-4ca2-8aff-d3ca17aa07c4, CreationTimestamp2023-05-05T09:13:25.233Z[Etc/UTC]] moved to OPEN state
2023-05-05 09:13:28,237 [pool-1109-thread-1] INFO  server.RaftServerConfigKeys (ConfUtils.java:logGet(46)) - raft.server.log.segment.cache.num.max = 2 (custom)
2023-05-05 09:13:28,237 [pool-1109-thread-1] INFO  server.RaftServerConfigKeys (ConfUtils.java:logGet(46)) - raft.server.log.segment.cache.size.max = 200MB (=209715200) (default)
2023-05-05 09:13:28,237 [pool-1109-thread-1] INFO  segmented.SegmentedRaftLogWorker (SegmentedRaftLogWorker.java:<init>(189)) - new 4e824c96-211f-4ca2-8aff-d3ca17aa07c4@group-315B7F7D3F6D-SegmentedRaftLogWorker for RaftStorageImpl:Storage Directory /home/runner/work/ozone/ozone/hadoop-ozone/integration-test/target/test-dir/MiniOzoneClusterImpl-463505b4-0bc6-4d58-b137-957c27341022/datanode-1/data/ratis/2cb47aaf-04cd-4fd6-91ed-315b7f7d3f6d
2023-05-05 09:13:28,237 [pool-1109-thread-1] INFO  server.RaftServerConfigKeys (ConfUtils.java:logGet(46)) - raft.server.log.queue.byte-limit = 4294967296 (custom)
2023-05-05 09:13:28,237 [pool-1109-thread-1] INFO  server.RaftServerConfigKeys (ConfUtils.java:logGet(46)) - raft.server.log.queue.element-limit = 1024 (custom)
2023-05-05 09:13:28,237 [pool-1109-thread-1] INFO  server.RaftServerConfigKeys (ConfUtils.java:logGet(46)) - raft.server.log.segment.size.max = 1048576 (custom)
2023-05-05 09:13:28,237 [pool-1109-thread-1] INFO  server.RaftServerConfigKeys (ConfUtils.java:logGet(46)) - raft.server.log.preallocated.size = 16384 (custom)
2023-05-05 09:13:28,237 [pool-1109-thread-1] INFO  server.RaftServerConfigKeys (ConfUtils.java:logGet(46)) - raft.server.log.force.sync.num = 128 (default)
2023-05-05 09:13:28,238 [pool-1109-thread-1] INFO  server.RaftServerConfigKeys (ConfUtils.java:logGet(46)) - raft.server.log.statemachine.data.sync = true (default)
2023-05-05 09:13:28,238 [EventQueue-OpenPipelineForHealthyPipelineSafeModeRule] INFO  safemode.SCMSafeModeManager (HealthyPipelineSafeModeRule.java:process(137)) - SCM in safe mode. Healthy pipelines reported count is 0, required healthy pipeline reported count is 1
2023-05-05 09:13:28,238 [pool-1109-thread-1] INFO  server.RaftServerConfigKeys (ConfUtils.java:logGet(46)) - raft.server.log.statemachine.data.sync.timeout = 10s (default)
2023-05-05 09:13:28,238 [pool-1109-thread-1] INFO  server.RaftServerConfigKeys (ConfUtils.java:logGet(46)) - raft.server.log.statemachine.data.sync.timeout.retry = -1 (default)
2023-05-05 09:13:28,239 [pool-1109-thread-1] INFO  server.RaftServerConfigKeys (ConfUtils.java:logGet(46)) - raft.server.log.write.buffer.size = 1048576 (custom)
2023-05-05 09:13:28,240 [pool-1109-thread-1] INFO  server.RaftServerConfigKeys (ConfUtils.java:logGet(46)) - raft.server.log.appender.buffer.byte-limit = 33554432 (custom)
2023-05-05 09:13:28,247 [pool-1109-thread-1] INFO  server.RaftServerConfigKeys (ConfUtils.java:logGet(46)) - raft.server.log.unsafe-flush.enabled = false (default)
2023-05-05 09:13:28,247 [pool-1109-thread-1] INFO  server.RaftServerConfigKeys (ConfUtils.java:logGet(46)) - raft.server.log.async-flush.enabled = false (default)
2023-05-05 09:13:28,247 [pool-1109-thread-1] INFO  server.RaftServerConfigKeys (ConfUtils.java:logGet(46)) - raft.server.log.statemachine.data.caching.enabled = true (custom)
2023-05-05 09:13:28,247 [pool-1109-thread-1] INFO  segmented.SegmentedRaftLogWorker (SegmentedRaftLogWorker.java:lambda$new$0(135)) - 4e824c96-211f-4ca2-8aff-d3ca17aa07c4@group-315B7F7D3F6D-SegmentedRaftLogWorker: flushIndex: setUnconditionally 0 -> -1
2023-05-05 09:13:28,247 [pool-1109-thread-1] INFO  segmented.SegmentedRaftLogWorker (SegmentedRaftLogWorker.java:lambda$new$0(135)) - 4e824c96-211f-4ca2-8aff-d3ca17aa07c4@group-315B7F7D3F6D-SegmentedRaftLogWorker: safeCacheEvictIndex: setUnconditionally 0 -> -1
2023-05-05 09:13:28,248 [pool-1109-thread-1] INFO  server.RaftServer$Division (RaftServerImpl.java:start(334)) - 4e824c96-211f-4ca2-8aff-d3ca17aa07c4@group-315B7F7D3F6D: start as a follower, conf=-1: peers:[4e824c96-211f-4ca2-8aff-d3ca17aa07c4|rpc:10.1.0.42:43919|dataStream:10.1.0.42:37115|priority:1|startupRole:FOLLOWER]|listeners:[], old=null
2023-05-05 09:13:28,248 [pool-1109-thread-1] INFO  server.RaftServer$Division (RaftServerImpl.java:setRole(321)) - 4e824c96-211f-4ca2-8aff-d3ca17aa07c4@group-315B7F7D3F6D: changes role from      null to FOLLOWER at term 0 for startAsFollower
2023-05-05 09:13:28,248 [pool-1109-thread-1] INFO  impl.RoleInfo (RoleInfo.java:updateAndGet(139)) - 4e824c96-211f-4ca2-8aff-d3ca17aa07c4: start 4e824c96-211f-4ca2-8aff-d3ca17aa07c4@group-315B7F7D3F6D-FollowerState
2023-05-05 09:13:28,248 [pool-1109-thread-1] INFO  util.JmxRegister (JmxRegister.java:tryRegister(44)) - Successfully registered JMX Bean with object name Ratis:service=RaftServer,group=group-315B7F7D3F6D,id=4e824c96-211f-4ca2-8aff-d3ca17aa07c4
2023-05-05 09:13:28,248 [pool-1109-thread-1] INFO  server.RaftServerConfigKeys (ConfUtils.java:logGet(46)) - raft.server.snapshot.auto.trigger.enabled = true (custom)
2023-05-05 09:13:28,248 [pool-1109-thread-1] INFO  server.RaftServerConfigKeys (ConfUtils.java:logGet(46)) - raft.server.snapshot.auto.trigger.threshold = 10000 (custom)
2023-05-05 09:13:28,248 [pool-1109-thread-1] INFO  server.RaftServerConfigKeys (ConfUtils.java:logGet(46)) - raft.server.snapshot.retention.file.num = 5 (custom)
2023-05-05 09:13:28,248 [pool-1109-thread-1] INFO  server.RaftServerConfigKeys (ConfUtils.java:logGet(46)) - raft.server.log.purge.upto.snapshot.index = false (default)
2023-05-05 09:13:28,249 [4e824c96-211f-4ca2-8aff-d3ca17aa07c4@group-315B7F7D3F6D-FollowerState] INFO  server.RaftServerConfigKeys (ConfUtils.java:logFallback(53)) - raft.server.rpc.first-election.timeout.min = 5s (fallback to raft.server.rpc.timeout.min)
2023-05-05 09:13:28,249 [4e824c96-211f-4ca2-8aff-d3ca17aa07c4@group-315B7F7D3F6D-FollowerState] INFO  server.RaftServerConfigKeys (ConfUtils.java:logFallback(53)) - raft.server.rpc.first-election.timeout.max = 5200ms (fallback to raft.server.rpc.timeout.max)
2023-05-05 09:13:28,249 [Command processor thread] INFO  ratis.XceiverServerRatis (XceiverServerRatis.java:addGroup(806)) - Created group PipelineID=2cb47aaf-04cd-4fd6-91ed-315b7f7d3f6d
2023-05-05 09:13:28,249 [Command processor thread] INFO  commandhandler.CreatePipelineCommandHandler (CreatePipelineCommandHandler.java:handle(113)) - Created Pipeline RATIS ONE PipelineID=2cb47aaf-04cd-4fd6-91ed-315b7f7d3f6d.
2023-05-05 09:13:28,540 [Command processor thread] INFO  server.RaftServer (RaftServerProxy.java:addNew(96)) - 7d67e38f-65cd-4cdb-ba90-6f13c999d08c: addNew group-5A03AFDC34C8:[7d67e38f-65cd-4cdb-ba90-6f13c999d08c|rpc:10.1.0.42:41273|dataStream:10.1.0.42:40597|priority:1|startupRole:FOLLOWER] returns group-5A03AFDC34C8:java.util.concurrent.CompletableFuture@6f5b537e[Not completed]
2023-05-05 09:13:28,542 [pool-1131-thread-1] INFO  server.RaftServer$Division (RaftServerImpl.java:<init>(195)) - 7d67e38f-65cd-4cdb-ba90-6f13c999d08c: new RaftServerImpl for group-5A03AFDC34C8:[7d67e38f-65cd-4cdb-ba90-6f13c999d08c|rpc:10.1.0.42:41273|dataStream:10.1.0.42:40597|priority:1|startupRole:FOLLOWER] with ContainerStateMachine:uninitialized
2023-05-05 09:13:28,542 [pool-1131-thread-1] INFO  server.RaftServerConfigKeys (ConfUtils.java:logGet(46)) - raft.server.rpc.timeout.min = 5s (custom)
2023-05-05 09:13:28,542 [pool-1131-thread-1] INFO  server.RaftServerConfigKeys (ConfUtils.java:logGet(46)) - raft.server.rpc.timeout.max = 5200ms (custom)
2023-05-05 09:13:28,542 [pool-1131-thread-1] INFO  server.RaftServerConfigKeys (ConfUtils.java:logGet(46)) - raft.server.rpc.sleep.time = 25ms (default)
2023-05-05 09:13:28,542 [pool-1131-thread-1] INFO  server.RaftServerConfigKeys (ConfUtils.java:logGet(46)) - raft.server.rpc.slowness.timeout = 300s (custom)
2023-05-05 09:13:28,542 [pool-1131-thread-1] INFO  server.RaftServerConfigKeys (ConfUtils.java:logGet(46)) - raft.server.leaderelection.leader.step-down.wait-time = 10s (default)
2023-05-05 09:13:28,542 [pool-1131-thread-1] INFO  server.RaftServerConfigKeys (ConfUtils.java:logGet(46)) - raft.server.sleep.deviation.threshold = 300ms (default)
2023-05-05 09:13:28,542 [pool-1131-thread-1] INFO  server.RaftServer$Division (ServerState.java:<init>(118)) - 7d67e38f-65cd-4cdb-ba90-6f13c999d08c@group-5A03AFDC34C8: ConfigurationManager, init=-1: peers:[7d67e38f-65cd-4cdb-ba90-6f13c999d08c|rpc:10.1.0.42:41273|dataStream:10.1.0.42:40597|priority:1|startupRole:FOLLOWER]|listeners:[], old=null, confs=<EMPTY_MAP>
2023-05-05 09:13:28,542 [pool-1131-thread-1] INFO  server.RaftServerConfigKeys (ConfUtils.java:logGet(46)) - raft.server.storage.dir = [/home/runner/work/ozone/ozone/hadoop-ozone/integration-test/target/test-dir/MiniOzoneClusterImpl-463505b4-0bc6-4d58-b137-957c27341022/datanode-2/data/ratis] (custom)
2023-05-05 09:13:28,542 [pool-1131-thread-1] INFO  server.RaftServerConfigKeys (ConfUtils.java:logGet(46)) - raft.server.log.corruption.policy = EXCEPTION (default)
2023-05-05 09:13:28,542 [pool-1131-thread-1] INFO  server.RaftServerConfigKeys (ConfUtils.java:logGet(46)) - raft.server.storage.free-space.min = 0MB (=0) (default)
2023-05-05 09:13:28,542 [pool-1131-thread-1] INFO  server.RaftServerConfigKeys (ConfUtils.java:logGet(46)) - raft.server.notification.no-leader.timeout = 300s (custom)
2023-05-05 09:13:28,542 [pool-1131-thread-1] INFO  server.RaftServerConfigKeys (ConfUtils.java:logGet(46)) - raft.server.retrycache.expirytime = 600000ms (custom)
2023-05-05 09:13:28,542 [pool-1131-thread-1] INFO  server.RaftServerConfigKeys (ConfUtils.java:logGet(46)) - raft.server.retrycache.statistics.expirytime = 100μs (default)
2023-05-05 09:13:28,543 [pool-1131-thread-1] INFO  server.RaftServerConfigKeys (ConfUtils.java:logGet(46)) - raft.server.log.appender.install.snapshot.enabled = false (custom)
2023-05-05 09:13:28,543 [pool-1131-thread-1] INFO  server.RaftServerConfigKeys (ConfUtils.java:logGet(46)) - raft.server.threadpool.server.cached = true (default)
2023-05-05 09:13:28,543 [pool-1131-thread-1] INFO  server.RaftServerConfigKeys (ConfUtils.java:logGet(46)) - raft.server.threadpool.server.size = 0 (default)
2023-05-05 09:13:28,543 [pool-1131-thread-1] INFO  server.RaftServerConfigKeys (ConfUtils.java:logGet(46)) - raft.server.threadpool.client.cached = true (default)
2023-05-05 09:13:28,543 [pool-1131-thread-1] INFO  server.RaftServerConfigKeys (ConfUtils.java:logGet(46)) - raft.server.threadpool.client.size = 0 (default)
2023-05-05 09:13:28,543 [pool-1131-thread-1] INFO  storage.RaftStorageDirectory (RaftStorageDirectoryImpl.java:analyzeStorage(137)) - The storage directory /home/runner/work/ozone/ozone/hadoop-ozone/integration-test/target/test-dir/MiniOzoneClusterImpl-463505b4-0bc6-4d58-b137-957c27341022/datanode-2/data/ratis/b6645d23-c619-48fd-b590-5a03afdc34c8 does not exist. Creating ...
2023-05-05 09:13:28,544 [pool-1131-thread-1] INFO  storage.RaftStorageDirectory (RaftStorageDirectoryImpl.java:tryLock(231)) - Lock on /home/runner/work/ozone/ozone/hadoop-ozone/integration-test/target/test-dir/MiniOzoneClusterImpl-463505b4-0bc6-4d58-b137-957c27341022/datanode-2/data/ratis/b6645d23-c619-48fd-b590-5a03afdc34c8/in_use.lock acquired by nodename 7812@fv-az152-207
2023-05-05 09:13:28,544 [Listener at 127.0.0.1/37867] INFO  ozone.MiniOzoneClusterImpl (MiniOzoneClusterImpl.java:lambda$waitForClusterToBeReady$0(223)) - Nodes are ready. Got 3 of 3 DN Heartbeats.
2023-05-05 09:13:28,545 [Listener at 127.0.0.1/37867] INFO  ozone.MiniOzoneClusterImpl (MiniOzoneClusterImpl.java:lambda$waitForClusterToBeReady$0(226)) - Waiting for cluster to exit safe mode
2023-05-05 09:13:28,545 [Listener at 127.0.0.1/37867] INFO  ozone.MiniOzoneClusterImpl (MiniOzoneClusterImpl.java:lambda$waitForClusterToBeReady$0(228)) - SCM became leader
2023-05-05 09:13:28,545 [pool-1131-thread-1] INFO  storage.RaftStorage (RaftStorageImpl.java:format(96)) - Storage directory /home/runner/work/ozone/ozone/hadoop-ozone/integration-test/target/test-dir/MiniOzoneClusterImpl-463505b4-0bc6-4d58-b137-957c27341022/datanode-2/data/ratis/b6645d23-c619-48fd-b590-5a03afdc34c8 has been successfully formatted.
2023-05-05 09:13:28,546 [pool-1131-thread-1] INFO  ratis.ContainerStateMachine (ContainerStateMachine.java:loadSnapshot(262)) - group-5A03AFDC34C8: The snapshot info is null. Setting the last applied indexto:(t:0, i:~)
2023-05-05 09:13:28,546 [pool-1131-thread-1] INFO  server.RaftServerConfigKeys (ConfUtils.java:logGet(46)) - raft.server.log.use.memory = false (default)
2023-05-05 09:13:28,546 [pool-1131-thread-1] INFO  server.RaftServerConfigKeys (ConfUtils.java:logGet(46)) - raft.server.log.purge.gap = 1000000 (custom)
2023-05-05 09:13:28,546 [pool-1131-thread-1] INFO  server.RaftServerConfigKeys (ConfUtils.java:logGet(46)) - raft.server.log.appender.buffer.byte-limit = 33554432 (custom)
2023-05-05 09:13:28,546 [pool-1131-thread-1] INFO  server.RaftServerConfigKeys (ConfUtils.java:logGet(46)) - raft.server.log.statemachine.data.read.timeout = 1000ms (default)
2023-05-05 09:13:28,546 [pool-1131-thread-1] INFO  server.RaftServerConfigKeys (ConfUtils.java:logGet(46)) - raft.server.log.purge.preservation.log.num = 0 (default)
2023-05-05 09:13:28,546 [pool-1131-thread-1] INFO  server.RaftServerConfigKeys (ConfUtils.java:logGet(46)) - raft.server.log.segment.size.max = 1048576 (custom)
2023-05-05 09:13:28,547 [EventQueue-PipelineReportForPipelineReportHandler] INFO  pipeline.PipelineManagerImpl (PipelineManagerImpl.java:openPipeline(367)) - Pipeline Pipeline[ Id: b6645d23-c619-48fd-b590-5a03afdc34c8, Nodes: 7d67e38f-65cd-4cdb-ba90-6f13c999d08c(fv-az152-207.qln5d00okglujjccfnhxhxodph.cx.internal.cloudapp.net/10.1.0.42), ReplicationConfig: RATIS/ONE, State:ALLOCATED, leaderId:7d67e38f-65cd-4cdb-ba90-6f13c999d08c, CreationTimestamp2023-05-05T09:13:25.547Z[Etc/UTC]] moved to OPEN state
2023-05-05 09:13:28,548 [EventQueue-OpenPipelineForHealthyPipelineSafeModeRule] INFO  safemode.SCMSafeModeManager (HealthyPipelineSafeModeRule.java:process(137)) - SCM in safe mode. Healthy pipelines reported count is 0, required healthy pipeline reported count is 1
2023-05-05 09:13:28,548 [pool-1131-thread-1] INFO  server.RaftServerConfigKeys (ConfUtils.java:logGet(46)) - raft.server.log.segment.cache.num.max = 2 (custom)
2023-05-05 09:13:28,548 [pool-1131-thread-1] INFO  server.RaftServerConfigKeys (ConfUtils.java:logGet(46)) - raft.server.log.segment.cache.size.max = 200MB (=209715200) (default)
2023-05-05 09:13:28,548 [pool-1131-thread-1] INFO  segmented.SegmentedRaftLogWorker (SegmentedRaftLogWorker.java:<init>(189)) - new 7d67e38f-65cd-4cdb-ba90-6f13c999d08c@group-5A03AFDC34C8-SegmentedRaftLogWorker for RaftStorageImpl:Storage Directory /home/runner/work/ozone/ozone/hadoop-ozone/integration-test/target/test-dir/MiniOzoneClusterImpl-463505b4-0bc6-4d58-b137-957c27341022/datanode-2/data/ratis/b6645d23-c619-48fd-b590-5a03afdc34c8
2023-05-05 09:13:28,548 [pool-1131-thread-1] INFO  server.RaftServerConfigKeys (ConfUtils.java:logGet(46)) - raft.server.log.queue.byte-limit = 4294967296 (custom)
2023-05-05 09:13:28,548 [pool-1131-thread-1] INFO  server.RaftServerConfigKeys (ConfUtils.java:logGet(46)) - raft.server.log.queue.element-limit = 1024 (custom)
2023-05-05 09:13:28,548 [pool-1131-thread-1] INFO  server.RaftServerConfigKeys (ConfUtils.java:logGet(46)) - raft.server.log.segment.size.max = 1048576 (custom)
2023-05-05 09:13:28,548 [pool-1131-thread-1] INFO  server.RaftServerConfigKeys (ConfUtils.java:logGet(46)) - raft.server.log.preallocated.size = 16384 (custom)
2023-05-05 09:13:28,548 [pool-1131-thread-1] INFO  server.RaftServerConfigKeys (ConfUtils.java:logGet(46)) - raft.server.log.force.sync.num = 128 (default)
2023-05-05 09:13:28,548 [pool-1131-thread-1] INFO  server.RaftServerConfigKeys (ConfUtils.java:logGet(46)) - raft.server.log.statemachine.data.sync = true (default)
2023-05-05 09:13:28,548 [pool-1131-thread-1] INFO  server.RaftServerConfigKeys (ConfUtils.java:logGet(46)) - raft.server.log.statemachine.data.sync.timeout = 10s (default)
2023-05-05 09:13:28,548 [pool-1131-thread-1] INFO  server.RaftServerConfigKeys (ConfUtils.java:logGet(46)) - raft.server.log.statemachine.data.sync.timeout.retry = -1 (default)
2023-05-05 09:13:28,549 [pool-1131-thread-1] INFO  server.RaftServerConfigKeys (ConfUtils.java:logGet(46)) - raft.server.log.write.buffer.size = 1048576 (custom)
2023-05-05 09:13:28,549 [pool-1131-thread-1] INFO  server.RaftServerConfigKeys (ConfUtils.java:logGet(46)) - raft.server.log.appender.buffer.byte-limit = 33554432 (custom)
2023-05-05 09:13:28,554 [pool-1131-thread-1] INFO  server.RaftServerConfigKeys (ConfUtils.java:logGet(46)) - raft.server.log.unsafe-flush.enabled = false (default)
2023-05-05 09:13:28,554 [pool-1131-thread-1] INFO  server.RaftServerConfigKeys (ConfUtils.java:logGet(46)) - raft.server.log.async-flush.enabled = false (default)
2023-05-05 09:13:28,554 [pool-1131-thread-1] INFO  server.RaftServerConfigKeys (ConfUtils.java:logGet(46)) - raft.server.log.statemachine.data.caching.enabled = true (custom)
2023-05-05 09:13:28,555 [pool-1131-thread-1] INFO  segmented.SegmentedRaftLogWorker (SegmentedRaftLogWorker.java:lambda$new$0(135)) - 7d67e38f-65cd-4cdb-ba90-6f13c999d08c@group-5A03AFDC34C8-SegmentedRaftLogWorker: flushIndex: setUnconditionally 0 -> -1
2023-05-05 09:13:28,555 [pool-1131-thread-1] INFO  segmented.SegmentedRaftLogWorker (SegmentedRaftLogWorker.java:lambda$new$0(135)) - 7d67e38f-65cd-4cdb-ba90-6f13c999d08c@group-5A03AFDC34C8-SegmentedRaftLogWorker: safeCacheEvictIndex: setUnconditionally 0 -> -1
2023-05-05 09:13:28,555 [pool-1131-thread-1] INFO  server.RaftServer$Division (RaftServerImpl.java:start(334)) - 7d67e38f-65cd-4cdb-ba90-6f13c999d08c@group-5A03AFDC34C8: start as a follower, conf=-1: peers:[7d67e38f-65cd-4cdb-ba90-6f13c999d08c|rpc:10.1.0.42:41273|dataStream:10.1.0.42:40597|priority:1|startupRole:FOLLOWER]|listeners:[], old=null
2023-05-05 09:13:28,555 [pool-1131-thread-1] INFO  server.RaftServer$Division (RaftServerImpl.java:setRole(321)) - 7d67e38f-65cd-4cdb-ba90-6f13c999d08c@group-5A03AFDC34C8: changes role from      null to FOLLOWER at term 0 for startAsFollower
2023-05-05 09:13:28,555 [pool-1131-thread-1] INFO  impl.RoleInfo (RoleInfo.java:updateAndGet(139)) - 7d67e38f-65cd-4cdb-ba90-6f13c999d08c: start 7d67e38f-65cd-4cdb-ba90-6f13c999d08c@group-5A03AFDC34C8-FollowerState
2023-05-05 09:13:28,555 [7d67e38f-65cd-4cdb-ba90-6f13c999d08c@group-5A03AFDC34C8-FollowerState] INFO  server.RaftServerConfigKeys (ConfUtils.java:logFallback(53)) - raft.server.rpc.first-election.timeout.min = 5s (fallback to raft.server.rpc.timeout.min)
2023-05-05 09:13:28,555 [pool-1131-thread-1] INFO  util.JmxRegister (JmxRegister.java:tryRegister(44)) - Successfully registered JMX Bean with object name Ratis:service=RaftServer,group=group-5A03AFDC34C8,id=7d67e38f-65cd-4cdb-ba90-6f13c999d08c
2023-05-05 09:13:28,555 [7d67e38f-65cd-4cdb-ba90-6f13c999d08c@group-5A03AFDC34C8-FollowerState] INFO  server.RaftServerConfigKeys (ConfUtils.java:logFallback(53)) - raft.server.rpc.first-election.timeout.max = 5200ms (fallback to raft.server.rpc.timeout.max)
2023-05-05 09:13:28,555 [pool-1131-thread-1] INFO  server.RaftServerConfigKeys (ConfUtils.java:logGet(46)) - raft.server.snapshot.auto.trigger.enabled = true (custom)
2023-05-05 09:13:28,555 [pool-1131-thread-1] INFO  server.RaftServerConfigKeys (ConfUtils.java:logGet(46)) - raft.server.snapshot.auto.trigger.threshold = 10000 (custom)
2023-05-05 09:13:28,555 [pool-1131-thread-1] INFO  server.RaftServerConfigKeys (ConfUtils.java:logGet(46)) - raft.server.snapshot.retention.file.num = 5 (custom)
2023-05-05 09:13:28,556 [pool-1131-thread-1] INFO  server.RaftServerConfigKeys (ConfUtils.java:logGet(46)) - raft.server.log.purge.upto.snapshot.index = false (default)
2023-05-05 09:13:28,556 [Command processor thread] INFO  ratis.XceiverServerRatis (XceiverServerRatis.java:addGroup(806)) - Created group PipelineID=b6645d23-c619-48fd-b590-5a03afdc34c8
2023-05-05 09:13:28,556 [Command processor thread] INFO  commandhandler.CreatePipelineCommandHandler (CreatePipelineCommandHandler.java:handle(113)) - Created Pipeline RATIS ONE PipelineID=b6645d23-c619-48fd-b590-5a03afdc34c8.
2023-05-05 09:13:29,545 [Listener at 127.0.0.1/37867] INFO  ozone.MiniOzoneClusterImpl (MiniOzoneClusterImpl.java:lambda$waitForClusterToBeReady$0(223)) - Nodes are ready. Got 3 of 3 DN Heartbeats.
2023-05-05 09:13:29,545 [Listener at 127.0.0.1/37867] INFO  ozone.MiniOzoneClusterImpl (MiniOzoneClusterImpl.java:lambda$waitForClusterToBeReady$0(226)) - Waiting for cluster to exit safe mode
2023-05-05 09:13:29,545 [Listener at 127.0.0.1/37867] INFO  ozone.MiniOzoneClusterImpl (MiniOzoneClusterImpl.java:lambda$waitForClusterToBeReady$0(228)) - SCM became leader
2023-05-05 09:13:30,545 [Listener at 127.0.0.1/37867] INFO  ozone.MiniOzoneClusterImpl (MiniOzoneClusterImpl.java:lambda$waitForClusterToBeReady$0(223)) - Nodes are ready. Got 3 of 3 DN Heartbeats.
2023-05-05 09:13:30,546 [Listener at 127.0.0.1/37867] INFO  ozone.MiniOzoneClusterImpl (MiniOzoneClusterImpl.java:lambda$waitForClusterToBeReady$0(226)) - Waiting for cluster to exit safe mode
2023-05-05 09:13:30,546 [Listener at 127.0.0.1/37867] INFO  ozone.MiniOzoneClusterImpl (MiniOzoneClusterImpl.java:lambda$waitForClusterToBeReady$0(228)) - SCM became leader
2023-05-05 09:13:31,546 [Listener at 127.0.0.1/37867] INFO  ozone.MiniOzoneClusterImpl (MiniOzoneClusterImpl.java:lambda$waitForClusterToBeReady$0(223)) - Nodes are ready. Got 3 of 3 DN Heartbeats.
2023-05-05 09:13:31,546 [Listener at 127.0.0.1/37867] INFO  ozone.MiniOzoneClusterImpl (MiniOzoneClusterImpl.java:lambda$waitForClusterToBeReady$0(226)) - Waiting for cluster to exit safe mode
2023-05-05 09:13:31,546 [Listener at 127.0.0.1/37867] INFO  ozone.MiniOzoneClusterImpl (MiniOzoneClusterImpl.java:lambda$waitForClusterToBeReady$0(228)) - SCM became leader
2023-05-05 09:13:32,546 [Listener at 127.0.0.1/37867] INFO  ozone.MiniOzoneClusterImpl (MiniOzoneClusterImpl.java:lambda$waitForClusterToBeReady$0(223)) - Nodes are ready. Got 3 of 3 DN Heartbeats.
2023-05-05 09:13:32,546 [Listener at 127.0.0.1/37867] INFO  ozone.MiniOzoneClusterImpl (MiniOzoneClusterImpl.java:lambda$waitForClusterToBeReady$0(226)) - Waiting for cluster to exit safe mode
2023-05-05 09:13:32,546 [Listener at 127.0.0.1/37867] INFO  ozone.MiniOzoneClusterImpl (MiniOzoneClusterImpl.java:lambda$waitForClusterToBeReady$0(228)) - SCM became leader
2023-05-05 09:13:32,947 [331cda18-a74d-44be-9546-cb2763b08ec0@group-14F0896166A6-FollowerState] INFO  impl.FollowerState (FollowerState.java:run(143)) - 331cda18-a74d-44be-9546-cb2763b08ec0@group-14F0896166A6-FollowerState: change to CANDIDATE, lastRpcElapsedTime:5047269147ns, electionTimeout:5046ms
2023-05-05 09:13:32,947 [331cda18-a74d-44be-9546-cb2763b08ec0@group-14F0896166A6-FollowerState] INFO  impl.RoleInfo (RoleInfo.java:shutdownFollowerState(110)) - 331cda18-a74d-44be-9546-cb2763b08ec0: shutdown 331cda18-a74d-44be-9546-cb2763b08ec0@group-14F0896166A6-FollowerState
2023-05-05 09:13:32,947 [331cda18-a74d-44be-9546-cb2763b08ec0@group-14F0896166A6-FollowerState] INFO  server.RaftServer$Division (RaftServerImpl.java:setRole(321)) - 331cda18-a74d-44be-9546-cb2763b08ec0@group-14F0896166A6: changes role from  FOLLOWER to CANDIDATE at term 0 for changeToCandidate
2023-05-05 09:13:32,947 [331cda18-a74d-44be-9546-cb2763b08ec0@group-14F0896166A6-FollowerState] INFO  server.RaftServerConfigKeys (ConfUtils.java:logGet(46)) - raft.server.leaderelection.pre-vote = true (default)
2023-05-05 09:13:32,947 [331cda18-a74d-44be-9546-cb2763b08ec0@group-14F0896166A6-FollowerState] INFO  impl.RoleInfo (RoleInfo.java:updateAndGet(139)) - 331cda18-a74d-44be-9546-cb2763b08ec0: start 331cda18-a74d-44be-9546-cb2763b08ec0@group-14F0896166A6-LeaderElection44
2023-05-05 09:13:32,949 [331cda18-a74d-44be-9546-cb2763b08ec0@group-14F0896166A6-LeaderElection44] INFO  impl.LeaderElection (LeaderElection.java:askForVotes(312)) - 331cda18-a74d-44be-9546-cb2763b08ec0@group-14F0896166A6-LeaderElection44 PRE_VOTE round 0: submit vote requests at term 0 for -1: peers:[331cda18-a74d-44be-9546-cb2763b08ec0|rpc:10.1.0.42:38619|dataStream:10.1.0.42:38911|priority:1|startupRole:FOLLOWER]|listeners:[], old=null
2023-05-05 09:13:32,949 [331cda18-a74d-44be-9546-cb2763b08ec0@group-14F0896166A6-LeaderElection44] INFO  impl.LeaderElection (LeaderElection.java:askForVotes(314)) - 331cda18-a74d-44be-9546-cb2763b08ec0@group-14F0896166A6-LeaderElection44 PRE_VOTE round 0: result PASSED (term=0)
2023-05-05 09:13:32,951 [331cda18-a74d-44be-9546-cb2763b08ec0@group-14F0896166A6-LeaderElection44] INFO  impl.LeaderElection (LeaderElection.java:askForVotes(312)) - 331cda18-a74d-44be-9546-cb2763b08ec0@group-14F0896166A6-LeaderElection44 ELECTION round 0: submit vote requests at term 1 for -1: peers:[331cda18-a74d-44be-9546-cb2763b08ec0|rpc:10.1.0.42:38619|dataStream:10.1.0.42:38911|priority:1|startupRole:FOLLOWER]|listeners:[], old=null
2023-05-05 09:13:32,951 [331cda18-a74d-44be-9546-cb2763b08ec0@group-14F0896166A6-LeaderElection44] INFO  impl.LeaderElection (LeaderElection.java:askForVotes(314)) - 331cda18-a74d-44be-9546-cb2763b08ec0@group-14F0896166A6-LeaderElection44 ELECTION round 0: result PASSED (term=1)
2023-05-05 09:13:32,951 [331cda18-a74d-44be-9546-cb2763b08ec0@group-14F0896166A6-LeaderElection44] INFO  impl.RoleInfo (RoleInfo.java:shutdownLeaderElection(130)) - 331cda18-a74d-44be-9546-cb2763b08ec0: shutdown 331cda18-a74d-44be-9546-cb2763b08ec0@group-14F0896166A6-LeaderElection44
2023-05-05 09:13:32,951 [331cda18-a74d-44be-9546-cb2763b08ec0@group-14F0896166A6-LeaderElection44] INFO  server.RaftServer$Division (RaftServerImpl.java:setRole(321)) - 331cda18-a74d-44be-9546-cb2763b08ec0@group-14F0896166A6: changes role from CANDIDATE to LEADER at term 1 for changeToLeader
2023-05-05 09:13:32,951 [331cda18-a74d-44be-9546-cb2763b08ec0@group-14F0896166A6-LeaderElection44] INFO  ratis.XceiverServerRatis (XceiverServerRatis.java:handleLeaderChangedNotification(904)) - Leader change notification received for group: group-14F0896166A6 with new leaderId: 331cda18-a74d-44be-9546-cb2763b08ec0
2023-05-05 09:13:32,952 [331cda18-a74d-44be-9546-cb2763b08ec0@group-14F0896166A6-LeaderElection44] INFO  server.RaftServer$Division (ServerState.java:setLeader(313)) - 331cda18-a74d-44be-9546-cb2763b08ec0@group-14F0896166A6: change Leader from null to 331cda18-a74d-44be-9546-cb2763b08ec0 at term 1 for becomeLeader, leader elected after 5070ms
2023-05-05 09:13:32,952 [EventQueue-OpenPipelineForHealthyPipelineSafeModeRule] INFO  safemode.SCMSafeModeManager (HealthyPipelineSafeModeRule.java:process(137)) - SCM in safe mode. Healthy pipelines reported count is 0, required healthy pipeline reported count is 1
2023-05-05 09:13:32,953 [331cda18-a74d-44be-9546-cb2763b08ec0@group-14F0896166A6-LeaderElection44] INFO  server.RaftServerConfigKeys (ConfUtils.java:logGet(46)) - raft.server.staging.catchup.gap = 1000 (default)
2023-05-05 09:13:32,953 [331cda18-a74d-44be-9546-cb2763b08ec0@group-14F0896166A6-LeaderElection44] INFO  server.RaftServerConfigKeys (ConfUtils.java:logGet(46)) - raft.server.write.element-limit = 1024 (custom)
2023-05-05 09:13:32,953 [331cda18-a74d-44be-9546-cb2763b08ec0@group-14F0896166A6-LeaderElection44] INFO  server.RaftServerConfigKeys (ConfUtils.java:logGet(46)) - raft.server.write.byte-limit = 1024 M (=1073741824) (custom)
2023-05-05 09:13:32,953 [331cda18-a74d-44be-9546-cb2763b08ec0@group-14F0896166A6-LeaderElection44] INFO  server.RaftServerConfigKeys (ConfUtils.java:logGet(46)) - raft.server.watch.timeout = 180s (custom)
2023-05-05 09:13:32,953 [331cda18-a74d-44be-9546-cb2763b08ec0@group-14F0896166A6-LeaderElection44] INFO  server.RaftServerConfigKeys (ConfUtils.java:logGet(46)) - raft.server.watch.timeout.denomination = 1s (default)
2023-05-05 09:13:32,953 [331cda18-a74d-44be-9546-cb2763b08ec0@group-14F0896166A6-LeaderElection44] INFO  server.RaftServerConfigKeys (ConfUtils.java:logGet(46)) - raft.server.watch.element-limit = 65536 (default)
2023-05-05 09:13:32,953 [331cda18-a74d-44be-9546-cb2763b08ec0@group-14F0896166A6-LeaderElection44] INFO  server.RaftServerConfigKeys (ConfUtils.java:logGet(46)) - raft.server.write.element-limit = 1024 (custom)
2023-05-05 09:13:32,953 [331cda18-a74d-44be-9546-cb2763b08ec0@group-14F0896166A6-LeaderElection44] INFO  server.RaftServerConfigKeys (ConfUtils.java:logGet(46)) - raft.server.write.follower.gap.ratio.max = -1.0 (default)
2023-05-05 09:13:32,953 [331cda18-a74d-44be-9546-cb2763b08ec0@group-14F0896166A6-LeaderElection44] INFO  impl.RoleInfo (RoleInfo.java:updateAndGet(139)) - 331cda18-a74d-44be-9546-cb2763b08ec0: start 331cda18-a74d-44be-9546-cb2763b08ec0@group-14F0896166A6-LeaderStateImpl
2023-05-05 09:13:32,954 [331cda18-a74d-44be-9546-cb2763b08ec0@group-14F0896166A6-LeaderElection44] INFO  segmented.SegmentedRaftLogWorker (SegmentedRaftLogWorker.java:startLogSegment(452)) - 331cda18-a74d-44be-9546-cb2763b08ec0@group-14F0896166A6-SegmentedRaftLogWorker: Starting segment from index:0
2023-05-05 09:13:32,957 [331cda18-a74d-44be-9546-cb2763b08ec0@group-14F0896166A6-LeaderElection44] INFO  server.RaftServer$Division (ServerState.java:setRaftConf(430)) - 331cda18-a74d-44be-9546-cb2763b08ec0@group-14F0896166A6: set configuration 0: peers:[331cda18-a74d-44be-9546-cb2763b08ec0|rpc:10.1.0.42:38619|dataStream:10.1.0.42:38911|priority:1|startupRole:FOLLOWER]|listeners:[], old=null
2023-05-05 09:13:32,959 [331cda18-a74d-44be-9546-cb2763b08ec0@group-14F0896166A6-SegmentedRaftLogWorker] INFO  segmented.SegmentedRaftLogWorker (SegmentedRaftLogWorker.java:execute(656)) - 331cda18-a74d-44be-9546-cb2763b08ec0@group-14F0896166A6-SegmentedRaftLogWorker: created new log segment /home/runner/work/ozone/ozone/hadoop-ozone/integration-test/target/test-dir/MiniOzoneClusterImpl-463505b4-0bc6-4d58-b137-957c27341022/datanode-0/data/ratis/677f07fa-6317-4417-a3c9-14f0896166a6/current/log_inprogress_0
2023-05-05 09:13:32,995 [7d67e38f-65cd-4cdb-ba90-6f13c999d08c@group-3CB1BBD3F3B4-FollowerState] INFO  impl.FollowerState (FollowerState.java:run(143)) - 7d67e38f-65cd-4cdb-ba90-6f13c999d08c@group-3CB1BBD3F3B4-FollowerState: change to CANDIDATE, lastRpcElapsedTime:5038268204ns, electionTimeout:5037ms
2023-05-05 09:13:32,995 [7d67e38f-65cd-4cdb-ba90-6f13c999d08c@group-3CB1BBD3F3B4-FollowerState] INFO  impl.RoleInfo (RoleInfo.java:shutdownFollowerState(110)) - 7d67e38f-65cd-4cdb-ba90-6f13c999d08c: shutdown 7d67e38f-65cd-4cdb-ba90-6f13c999d08c@group-3CB1BBD3F3B4-FollowerState
2023-05-05 09:13:32,995 [7d67e38f-65cd-4cdb-ba90-6f13c999d08c@group-3CB1BBD3F3B4-FollowerState] INFO  server.RaftServer$Division (RaftServerImpl.java:setRole(321)) - 7d67e38f-65cd-4cdb-ba90-6f13c999d08c@group-3CB1BBD3F3B4: changes role from  FOLLOWER to CANDIDATE at term 0 for changeToCandidate
2023-05-05 09:13:32,995 [7d67e38f-65cd-4cdb-ba90-6f13c999d08c@group-3CB1BBD3F3B4-FollowerState] INFO  server.RaftServerConfigKeys (ConfUtils.java:logGet(46)) - raft.server.leaderelection.pre-vote = true (default)
2023-05-05 09:13:32,995 [7d67e38f-65cd-4cdb-ba90-6f13c999d08c@group-3CB1BBD3F3B4-FollowerState] INFO  impl.RoleInfo (RoleInfo.java:updateAndGet(139)) - 7d67e38f-65cd-4cdb-ba90-6f13c999d08c: start 7d67e38f-65cd-4cdb-ba90-6f13c999d08c@group-3CB1BBD3F3B4-LeaderElection45
2023-05-05 09:13:32,997 [7d67e38f-65cd-4cdb-ba90-6f13c999d08c@group-3CB1BBD3F3B4-LeaderElection45] INFO  impl.LeaderElection (LeaderElection.java:askForVotes(312)) - 7d67e38f-65cd-4cdb-ba90-6f13c999d08c@group-3CB1BBD3F3B4-LeaderElection45 PRE_VOTE round 0: submit vote requests at term 0 for -1: peers:[331cda18-a74d-44be-9546-cb2763b08ec0|rpc:10.1.0.42:38619|dataStream:10.1.0.42:38911|priority:0|startupRole:FOLLOWER, 4e824c96-211f-4ca2-8aff-d3ca17aa07c4|rpc:10.1.0.42:43919|dataStream:10.1.0.42:37115|priority:1|startupRole:FOLLOWER, 7d67e38f-65cd-4cdb-ba90-6f13c999d08c|rpc:10.1.0.42:41273|dataStream:10.1.0.42:40597|priority:0|startupRole:FOLLOWER]|listeners:[], old=null
2023-05-05 09:13:32,997 [7d67e38f-65cd-4cdb-ba90-6f13c999d08c@group-3CB1BBD3F3B4-LeaderElection45-1] INFO  server.GrpcServerProtocolClient (GrpcServerProtocolClient.java:<init>(63)) - Build channel for 331cda18-a74d-44be-9546-cb2763b08ec0
2023-05-05 09:13:33,000 [7d67e38f-65cd-4cdb-ba90-6f13c999d08c@group-3CB1BBD3F3B4-LeaderElection45] INFO  server.RaftServerConfigKeys (ConfUtils.java:logFallback(53)) - raft.server.rpc.first-election.timeout.min = 5s (fallback to raft.server.rpc.timeout.min)
2023-05-05 09:13:33,000 [7d67e38f-65cd-4cdb-ba90-6f13c999d08c@group-3CB1BBD3F3B4-LeaderElection45] INFO  server.RaftServerConfigKeys (ConfUtils.java:logFallback(53)) - raft.server.rpc.first-election.timeout.max = 5200ms (fallback to raft.server.rpc.timeout.max)
2023-05-05 09:13:33,001 [7d67e38f-65cd-4cdb-ba90-6f13c999d08c@group-3CB1BBD3F3B4-LeaderElection45-2] INFO  server.GrpcServerProtocolClient (GrpcServerProtocolClient.java:<init>(63)) - Build channel for 4e824c96-211f-4ca2-8aff-d3ca17aa07c4
2023-05-05 09:13:33,008 [grpc-default-executor-0] INFO  server.RaftServer$Division (RaftServerImpl.java:requestVote(1218)) - 331cda18-a74d-44be-9546-cb2763b08ec0@group-3CB1BBD3F3B4: receive requestVote(PRE_VOTE, 7d67e38f-65cd-4cdb-ba90-6f13c999d08c, group-3CB1BBD3F3B4, 0, (t:0, i:0))
2023-05-05 09:13:33,008 [grpc-default-executor-0] INFO  impl.VoteContext (VoteContext.java:log(49)) - 331cda18-a74d-44be-9546-cb2763b08ec0@group-3CB1BBD3F3B4-FOLLOWER: accept PRE_VOTE from 7d67e38f-65cd-4cdb-ba90-6f13c999d08c: our priority 0 <= candidate's priority 0
2023-05-05 09:13:33,009 [grpc-default-executor-0] INFO  server.RaftServer$Division (RaftServerImpl.java:requestVote(1251)) - 331cda18-a74d-44be-9546-cb2763b08ec0@group-3CB1BBD3F3B4 replies to PRE_VOTE vote request: 7d67e38f-65cd-4cdb-ba90-6f13c999d08c<-331cda18-a74d-44be-9546-cb2763b08ec0#0:OK-t0. Peer's state: 331cda18-a74d-44be-9546-cb2763b08ec0@group-3CB1BBD3F3B4:t0, leader=null, voted=, raftlog=Memoized:331cda18-a74d-44be-9546-cb2763b08ec0@group-3CB1BBD3F3B4-SegmentedRaftLog:OPENED:c-1, conf=-1: peers:[331cda18-a74d-44be-9546-cb2763b08ec0|rpc:10.1.0.42:38619|dataStream:10.1.0.42:38911|priority:0|startupRole:FOLLOWER, 4e824c96-211f-4ca2-8aff-d3ca17aa07c4|rpc:10.1.0.42:43919|dataStream:10.1.0.42:37115|priority:1|startupRole:FOLLOWER, 7d67e38f-65cd-4cdb-ba90-6f13c999d08c|rpc:10.1.0.42:41273|dataStream:10.1.0.42:40597|priority:0|startupRole:FOLLOWER]|listeners:[], old=null
2023-05-05 09:13:33,011 [grpc-default-executor-0] INFO  server.RaftServer$Division (RaftServerImpl.java:requestVote(1218)) - 4e824c96-211f-4ca2-8aff-d3ca17aa07c4@group-3CB1BBD3F3B4: receive requestVote(PRE_VOTE, 7d67e38f-65cd-4cdb-ba90-6f13c999d08c, group-3CB1BBD3F3B4, 0, (t:0, i:0))
2023-05-05 09:13:33,012 [grpc-default-executor-0] INFO  impl.VoteContext (VoteContext.java:log(49)) - 4e824c96-211f-4ca2-8aff-d3ca17aa07c4@group-3CB1BBD3F3B4-FOLLOWER: reject PRE_VOTE from 7d67e38f-65cd-4cdb-ba90-6f13c999d08c: our priority 1 > candidate's priority 0
2023-05-05 09:13:33,012 [grpc-default-executor-0] INFO  server.RaftServer$Division (RaftServerImpl.java:requestVote(1251)) - 4e824c96-211f-4ca2-8aff-d3ca17aa07c4@group-3CB1BBD3F3B4 replies to PRE_VOTE vote request: 7d67e38f-65cd-4cdb-ba90-6f13c999d08c<-4e824c96-211f-4ca2-8aff-d3ca17aa07c4#0:FAIL-t0. Peer's state: 4e824c96-211f-4ca2-8aff-d3ca17aa07c4@group-3CB1BBD3F3B4:t0, leader=null, voted=, raftlog=Memoized:4e824c96-211f-4ca2-8aff-d3ca17aa07c4@group-3CB1BBD3F3B4-SegmentedRaftLog:OPENED:c-1, conf=-1: peers:[331cda18-a74d-44be-9546-cb2763b08ec0|rpc:10.1.0.42:38619|dataStream:10.1.0.42:38911|priority:0|startupRole:FOLLOWER, 4e824c96-211f-4ca2-8aff-d3ca17aa07c4|rpc:10.1.0.42:43919|dataStream:10.1.0.42:37115|priority:1|startupRole:FOLLOWER, 7d67e38f-65cd-4cdb-ba90-6f13c999d08c|rpc:10.1.0.42:41273|dataStream:10.1.0.42:40597|priority:0|startupRole:FOLLOWER]|listeners:[], old=null
2023-05-05 09:13:33,014 [7d67e38f-65cd-4cdb-ba90-6f13c999d08c@group-3CB1BBD3F3B4-LeaderElection45] INFO  impl.LeaderElection (LeaderElection.java:logAndReturn(90)) - 7d67e38f-65cd-4cdb-ba90-6f13c999d08c@group-3CB1BBD3F3B4-LeaderElection45: PRE_VOTE REJECTED received 2 response(s) and 0 exception(s):
2023-05-05 09:13:33,014 [7d67e38f-65cd-4cdb-ba90-6f13c999d08c@group-3CB1BBD3F3B4-LeaderElection45] INFO  impl.LeaderElection (LeaderElection.java:logAndReturn(94)) -   Response 0: 7d67e38f-65cd-4cdb-ba90-6f13c999d08c<-331cda18-a74d-44be-9546-cb2763b08ec0#0:OK-t0
2023-05-05 09:13:33,014 [7d67e38f-65cd-4cdb-ba90-6f13c999d08c@group-3CB1BBD3F3B4-LeaderElection45] INFO  impl.LeaderElection (LeaderElection.java:logAndReturn(94)) -   Response 1: 7d67e38f-65cd-4cdb-ba90-6f13c999d08c<-4e824c96-211f-4ca2-8aff-d3ca17aa07c4#0:FAIL-t0
2023-05-05 09:13:33,014 [7d67e38f-65cd-4cdb-ba90-6f13c999d08c@group-3CB1BBD3F3B4-LeaderElection45] INFO  impl.LeaderElection (LeaderElection.java:askForVotes(314)) - 7d67e38f-65cd-4cdb-ba90-6f13c999d08c@group-3CB1BBD3F3B4-LeaderElection45 PRE_VOTE round 0: result REJECTED
2023-05-05 09:13:33,014 [7d67e38f-65cd-4cdb-ba90-6f13c999d08c@group-3CB1BBD3F3B4-LeaderElection45] INFO  server.RaftServer$Division (RaftServerImpl.java:setRole(321)) - 7d67e38f-65cd-4cdb-ba90-6f13c999d08c@group-3CB1BBD3F3B4: changes role from CANDIDATE to FOLLOWER at term 0 for REJECTED
2023-05-05 09:13:33,014 [7d67e38f-65cd-4cdb-ba90-6f13c999d08c@group-3CB1BBD3F3B4-LeaderElection45] INFO  impl.RoleInfo (RoleInfo.java:shutdownLeaderElection(130)) - 7d67e38f-65cd-4cdb-ba90-6f13c999d08c: shutdown 7d67e38f-65cd-4cdb-ba90-6f13c999d08c@group-3CB1BBD3F3B4-LeaderElection45
2023-05-05 09:13:33,014 [7d67e38f-65cd-4cdb-ba90-6f13c999d08c@group-3CB1BBD3F3B4-LeaderElection45] INFO  impl.RoleInfo (RoleInfo.java:updateAndGet(139)) - 7d67e38f-65cd-4cdb-ba90-6f13c999d08c: start 7d67e38f-65cd-4cdb-ba90-6f13c999d08c@group-3CB1BBD3F3B4-FollowerState
2023-05-05 09:13:33,016 [7d67e38f-65cd-4cdb-ba90-6f13c999d08c@group-3CB1BBD3F3B4-FollowerState] INFO  server.RaftServerConfigKeys (ConfUtils.java:logFallback(53)) - raft.server.rpc.first-election.timeout.min = 5s (fallback to raft.server.rpc.timeout.min)
2023-05-05 09:13:33,017 [7d67e38f-65cd-4cdb-ba90-6f13c999d08c@group-3CB1BBD3F3B4-FollowerState] INFO  server.RaftServerConfigKeys (ConfUtils.java:logFallback(53)) - raft.server.rpc.first-election.timeout.max = 5200ms (fallback to raft.server.rpc.timeout.max)
2023-05-05 09:13:33,055 [331cda18-a74d-44be-9546-cb2763b08ec0@group-3CB1BBD3F3B4-FollowerState] INFO  server.RaftServerConfigKeys (ConfUtils.java:logFallback(53)) - raft.server.rpc.first-election.timeout.min = 5s (fallback to raft.server.rpc.timeout.min)
2023-05-05 09:13:33,055 [331cda18-a74d-44be-9546-cb2763b08ec0@group-3CB1BBD3F3B4-FollowerState] INFO  server.RaftServerConfigKeys (ConfUtils.java:logFallback(53)) - raft.server.rpc.first-election.timeout.max = 5200ms (fallback to raft.server.rpc.timeout.max)
2023-05-05 09:13:33,189 [4e824c96-211f-4ca2-8aff-d3ca17aa07c4@group-3CB1BBD3F3B4-FollowerState] INFO  impl.FollowerState (FollowerState.java:run(143)) - 4e824c96-211f-4ca2-8aff-d3ca17aa07c4@group-3CB1BBD3F3B4-FollowerState: change to CANDIDATE, lastRpcElapsedTime:5076912680ns, electionTimeout:5071ms
2023-05-05 09:13:33,189 [4e824c96-211f-4ca2-8aff-d3ca17aa07c4@group-3CB1BBD3F3B4-FollowerState] INFO  impl.RoleInfo (RoleInfo.java:shutdownFollowerState(110)) - 4e824c96-211f-4ca2-8aff-d3ca17aa07c4: shutdown 4e824c96-211f-4ca2-8aff-d3ca17aa07c4@group-3CB1BBD3F3B4-FollowerState
2023-05-05 09:13:33,189 [4e824c96-211f-4ca2-8aff-d3ca17aa07c4@group-3CB1BBD3F3B4-FollowerState] INFO  server.RaftServer$Division (RaftServerImpl.java:setRole(321)) - 4e824c96-211f-4ca2-8aff-d3ca17aa07c4@group-3CB1BBD3F3B4: changes role from  FOLLOWER to CANDIDATE at term 0 for changeToCandidate
2023-05-05 09:13:33,190 [4e824c96-211f-4ca2-8aff-d3ca17aa07c4@group-3CB1BBD3F3B4-FollowerState] INFO  server.RaftServerConfigKeys (ConfUtils.java:logGet(46)) - raft.server.leaderelection.pre-vote = true (default)
2023-05-05 09:13:33,190 [4e824c96-211f-4ca2-8aff-d3ca17aa07c4@group-3CB1BBD3F3B4-FollowerState] INFO  impl.RoleInfo (RoleInfo.java:updateAndGet(139)) - 4e824c96-211f-4ca2-8aff-d3ca17aa07c4: start 4e824c96-211f-4ca2-8aff-d3ca17aa07c4@group-3CB1BBD3F3B4-LeaderElection46
2023-05-05 09:13:33,190 [4e824c96-211f-4ca2-8aff-d3ca17aa07c4@group-3CB1BBD3F3B4-LeaderElection46] INFO  impl.LeaderElection (LeaderElection.java:askForVotes(312)) - 4e824c96-211f-4ca2-8aff-d3ca17aa07c4@group-3CB1BBD3F3B4-LeaderElection46 PRE_VOTE round 0: submit vote requests at term 0 for -1: peers:[331cda18-a74d-44be-9546-cb2763b08ec0|rpc:10.1.0.42:38619|dataStream:10.1.0.42:38911|priority:0|startupRole:FOLLOWER, 4e824c96-211f-4ca2-8aff-d3ca17aa07c4|rpc:10.1.0.42:43919|dataStream:10.1.0.42:37115|priority:1|startupRole:FOLLOWER, 7d67e38f-65cd-4cdb-ba90-6f13c999d08c|rpc:10.1.0.42:41273|dataStream:10.1.0.42:40597|priority:0|startupRole:FOLLOWER]|listeners:[], old=null
2023-05-05 09:13:33,190 [4e824c96-211f-4ca2-8aff-d3ca17aa07c4@group-3CB1BBD3F3B4-LeaderElection46] INFO  server.RaftServerConfigKeys (ConfUtils.java:logFallback(53)) - raft.server.rpc.first-election.timeout.min = 5s (fallback to raft.server.rpc.timeout.min)
2023-05-05 09:13:33,190 [4e824c96-211f-4ca2-8aff-d3ca17aa07c4@group-3CB1BBD3F3B4-LeaderElection46-1] INFO  server.GrpcServerProtocolClient (GrpcServerProtocolClient.java:<init>(63)) - Build channel for 331cda18-a74d-44be-9546-cb2763b08ec0
2023-05-05 09:13:33,191 [4e824c96-211f-4ca2-8aff-d3ca17aa07c4@group-3CB1BBD3F3B4-LeaderElection46] INFO  server.RaftServerConfigKeys (ConfUtils.java:logFallback(53)) - raft.server.rpc.first-election.timeout.max = 5200ms (fallback to raft.server.rpc.timeout.max)
2023-05-05 09:13:33,191 [4e824c96-211f-4ca2-8aff-d3ca17aa07c4@group-3CB1BBD3F3B4-LeaderElection46-2] INFO  server.GrpcServerProtocolClient (GrpcServerProtocolClient.java:<init>(63)) - Build channel for 7d67e38f-65cd-4cdb-ba90-6f13c999d08c
2023-05-05 09:13:33,201 [grpc-default-executor-0] INFO  server.RaftServer$Division (RaftServerImpl.java:requestVote(1218)) - 331cda18-a74d-44be-9546-cb2763b08ec0@group-3CB1BBD3F3B4: receive requestVote(PRE_VOTE, 4e824c96-211f-4ca2-8aff-d3ca17aa07c4, group-3CB1BBD3F3B4, 0, (t:0, i:0))
2023-05-05 09:13:33,201 [grpc-default-executor-0] INFO  impl.VoteContext (VoteContext.java:log(49)) - 331cda18-a74d-44be-9546-cb2763b08ec0@group-3CB1BBD3F3B4-FOLLOWER: accept PRE_VOTE from 4e824c96-211f-4ca2-8aff-d3ca17aa07c4: our priority 0 <= candidate's priority 1
2023-05-05 09:13:33,201 [grpc-default-executor-0] INFO  server.RaftServer$Division (RaftServerImpl.java:requestVote(1251)) - 331cda18-a74d-44be-9546-cb2763b08ec0@group-3CB1BBD3F3B4 replies to PRE_VOTE vote request: 4e824c96-211f-4ca2-8aff-d3ca17aa07c4<-331cda18-a74d-44be-9546-cb2763b08ec0#0:OK-t0. Peer's state: 331cda18-a74d-44be-9546-cb2763b08ec0@group-3CB1BBD3F3B4:t0, leader=null, voted=, raftlog=Memoized:331cda18-a74d-44be-9546-cb2763b08ec0@group-3CB1BBD3F3B4-SegmentedRaftLog:OPENED:c-1, conf=-1: peers:[331cda18-a74d-44be-9546-cb2763b08ec0|rpc:10.1.0.42:38619|dataStream:10.1.0.42:38911|priority:0|startupRole:FOLLOWER, 4e824c96-211f-4ca2-8aff-d3ca17aa07c4|rpc:10.1.0.42:43919|dataStream:10.1.0.42:37115|priority:1|startupRole:FOLLOWER, 7d67e38f-65cd-4cdb-ba90-6f13c999d08c|rpc:10.1.0.42:41273|dataStream:10.1.0.42:40597|priority:0|startupRole:FOLLOWER]|listeners:[], old=null
2023-05-05 09:13:33,204 [4e824c96-211f-4ca2-8aff-d3ca17aa07c4@group-3CB1BBD3F3B4-LeaderElection46] INFO  impl.LeaderElection (LeaderElection.java:logAndReturn(90)) - 4e824c96-211f-4ca2-8aff-d3ca17aa07c4@group-3CB1BBD3F3B4-LeaderElection46: PRE_VOTE PASSED received 1 response(s) and 0 exception(s):
2023-05-05 09:13:33,204 [4e824c96-211f-4ca2-8aff-d3ca17aa07c4@group-3CB1BBD3F3B4-LeaderElection46] INFO  impl.LeaderElection (LeaderElection.java:logAndReturn(94)) -   Response 0: 4e824c96-211f-4ca2-8aff-d3ca17aa07c4<-331cda18-a74d-44be-9546-cb2763b08ec0#0:OK-t0
2023-05-05 09:13:33,204 [4e824c96-211f-4ca2-8aff-d3ca17aa07c4@group-3CB1BBD3F3B4-LeaderElection46] INFO  impl.LeaderElection (LeaderElection.java:askForVotes(314)) - 4e824c96-211f-4ca2-8aff-d3ca17aa07c4@group-3CB1BBD3F3B4-LeaderElection46 PRE_VOTE round 0: result PASSED
2023-05-05 09:13:33,206 [4e824c96-211f-4ca2-8aff-d3ca17aa07c4@group-3CB1BBD3F3B4-LeaderElection46] INFO  impl.LeaderElection (LeaderElection.java:askForVotes(312)) - 4e824c96-211f-4ca2-8aff-d3ca17aa07c4@group-3CB1BBD3F3B4-LeaderElection46 ELECTION round 0: submit vote requests at term 1 for -1: peers:[331cda18-a74d-44be-9546-cb2763b08ec0|rpc:10.1.0.42:38619|dataStream:10.1.0.42:38911|priority:0|startupRole:FOLLOWER, 4e824c96-211f-4ca2-8aff-d3ca17aa07c4|rpc:10.1.0.42:43919|dataStream:10.1.0.42:37115|priority:1|startupRole:FOLLOWER, 7d67e38f-65cd-4cdb-ba90-6f13c999d08c|rpc:10.1.0.42:41273|dataStream:10.1.0.42:40597|priority:0|startupRole:FOLLOWER]|listeners:[], old=null
2023-05-05 09:13:33,208 [grpc-default-executor-0] INFO  server.RaftServer$Division (RaftServerImpl.java:requestVote(1218)) - 7d67e38f-65cd-4cdb-ba90-6f13c999d08c@group-3CB1BBD3F3B4: receive requestVote(PRE_VOTE, 4e824c96-211f-4ca2-8aff-d3ca17aa07c4, group-3CB1BBD3F3B4, 0, (t:0, i:0))
2023-05-05 09:13:33,208 [grpc-default-executor-0] INFO  impl.VoteContext (VoteContext.java:log(49)) - 7d67e38f-65cd-4cdb-ba90-6f13c999d08c@group-3CB1BBD3F3B4-FOLLOWER: accept PRE_VOTE from 4e824c96-211f-4ca2-8aff-d3ca17aa07c4: our priority 0 <= candidate's priority 1
2023-05-05 09:13:33,209 [grpc-default-executor-0] INFO  server.RaftServer$Division (RaftServerImpl.java:requestVote(1251)) - 7d67e38f-65cd-4cdb-ba90-6f13c999d08c@group-3CB1BBD3F3B4 replies to PRE_VOTE vote request: 4e824c96-211f-4ca2-8aff-d3ca17aa07c4<-7d67e38f-65cd-4cdb-ba90-6f13c999d08c#0:OK-t0. Peer's state: 7d67e38f-65cd-4cdb-ba90-6f13c999d08c@group-3CB1BBD3F3B4:t0, leader=null, voted=, raftlog=Memoized:7d67e38f-65cd-4cdb-ba90-6f13c999d08c@group-3CB1BBD3F3B4-SegmentedRaftLog:OPENED:c-1, conf=-1: peers:[331cda18-a74d-44be-9546-cb2763b08ec0|rpc:10.1.0.42:38619|dataStream:10.1.0.42:38911|priority:0|startupRole:FOLLOWER, 4e824c96-211f-4ca2-8aff-d3ca17aa07c4|rpc:10.1.0.42:43919|dataStream:10.1.0.42:37115|priority:1|startupRole:FOLLOWER, 7d67e38f-65cd-4cdb-ba90-6f13c999d08c|rpc:10.1.0.42:41273|dataStream:10.1.0.42:40597|priority:0|startupRole:FOLLOWER]|listeners:[], old=null
2023-05-05 09:13:33,210 [4e824c96-211f-4ca2-8aff-d3ca17aa07c4@group-3CB1BBD3F3B4-LeaderElection46] INFO  server.RaftServerConfigKeys (ConfUtils.java:logFallback(53)) - raft.server.rpc.first-election.timeout.min = 5s (fallback to raft.server.rpc.timeout.min)
2023-05-05 09:13:33,210 [4e824c96-211f-4ca2-8aff-d3ca17aa07c4@group-3CB1BBD3F3B4-LeaderElection46] INFO  server.RaftServerConfigKeys (ConfUtils.java:logFallback(53)) - raft.server.rpc.first-election.timeout.max = 5200ms (fallback to raft.server.rpc.timeout.max)
2023-05-05 09:13:33,212 [331cda18-a74d-44be-9546-cb2763b08ec0@group-D79A44C86311-FollowerState] INFO  impl.FollowerState (FollowerState.java:run(143)) - 331cda18-a74d-44be-9546-cb2763b08ec0@group-D79A44C86311-FollowerState: change to CANDIDATE, lastRpcElapsedTime:5074802778ns, electionTimeout:5073ms
2023-05-05 09:13:33,212 [331cda18-a74d-44be-9546-cb2763b08ec0@group-D79A44C86311-FollowerState] INFO  impl.RoleInfo (RoleInfo.java:shutdownFollowerState(110)) - 331cda18-a74d-44be-9546-cb2763b08ec0: shutdown 331cda18-a74d-44be-9546-cb2763b08ec0@group-D79A44C86311-FollowerState
2023-05-05 09:13:33,212 [331cda18-a74d-44be-9546-cb2763b08ec0@group-D79A44C86311-FollowerState] INFO  server.RaftServer$Division (RaftServerImpl.java:setRole(321)) - 331cda18-a74d-44be-9546-cb2763b08ec0@group-D79A44C86311: changes role from  FOLLOWER to CANDIDATE at term 0 for changeToCandidate
2023-05-05 09:13:33,213 [331cda18-a74d-44be-9546-cb2763b08ec0@group-D79A44C86311-FollowerState] INFO  server.RaftServerConfigKeys (ConfUtils.java:logGet(46)) - raft.server.leaderelection.pre-vote = true (default)
2023-05-05 09:13:33,213 [331cda18-a74d-44be-9546-cb2763b08ec0@group-D79A44C86311-FollowerState] INFO  impl.RoleInfo (RoleInfo.java:updateAndGet(139)) - 331cda18-a74d-44be-9546-cb2763b08ec0: start 331cda18-a74d-44be-9546-cb2763b08ec0@group-D79A44C86311-LeaderElection47
2023-05-05 09:13:33,217 [grpc-default-executor-1] INFO  server.RaftServer$Division (RaftServerImpl.java:requestVote(1218)) - 331cda18-a74d-44be-9546-cb2763b08ec0@group-3CB1BBD3F3B4: receive requestVote(ELECTION, 4e824c96-211f-4ca2-8aff-d3ca17aa07c4, group-3CB1BBD3F3B4, 1, (t:0, i:0))
2023-05-05 09:13:33,217 [grpc-default-executor-1] INFO  impl.VoteContext (VoteContext.java:log(49)) - 331cda18-a74d-44be-9546-cb2763b08ec0@group-3CB1BBD3F3B4-FOLLOWER: accept ELECTION from 4e824c96-211f-4ca2-8aff-d3ca17aa07c4: our priority 0 <= candidate's priority 1
2023-05-05 09:13:33,217 [grpc-default-executor-1] INFO  server.RaftServer$Division (RaftServerImpl.java:setRole(321)) - 331cda18-a74d-44be-9546-cb2763b08ec0@group-3CB1BBD3F3B4: changes role from  FOLLOWER to FOLLOWER at term 1 for candidate:4e824c96-211f-4ca2-8aff-d3ca17aa07c4
2023-05-05 09:13:33,217 [grpc-default-executor-1] INFO  impl.RoleInfo (RoleInfo.java:shutdownFollowerState(110)) - 331cda18-a74d-44be-9546-cb2763b08ec0: shutdown 331cda18-a74d-44be-9546-cb2763b08ec0@group-3CB1BBD3F3B4-FollowerState
2023-05-05 09:13:33,218 [331cda18-a74d-44be-9546-cb2763b08ec0@group-3CB1BBD3F3B4-FollowerState] INFO  impl.FollowerState (FollowerState.java:run(152)) - 331cda18-a74d-44be-9546-cb2763b08ec0@group-3CB1BBD3F3B4-FollowerState was interrupted
2023-05-05 09:13:33,218 [grpc-default-executor-1] INFO  impl.RoleInfo (RoleInfo.java:updateAndGet(139)) - 331cda18-a74d-44be-9546-cb2763b08ec0: start 331cda18-a74d-44be-9546-cb2763b08ec0@group-3CB1BBD3F3B4-FollowerState
2023-05-05 09:13:33,218 [331cda18-a74d-44be-9546-cb2763b08ec0@group-3CB1BBD3F3B4-FollowerState] INFO  server.RaftServerConfigKeys (ConfUtils.java:logFallback(53)) - raft.server.rpc.first-election.timeout.min = 5s (fallback to raft.server.rpc.timeout.min)
2023-05-05 09:13:33,218 [331cda18-a74d-44be-9546-cb2763b08ec0@group-3CB1BBD3F3B4-FollowerState] INFO  server.RaftServerConfigKeys (ConfUtils.java:logFallback(53)) - raft.server.rpc.first-election.timeout.max = 5200ms (fallback to raft.server.rpc.timeout.max)
2023-05-05 09:13:33,219 [grpc-default-executor-1] INFO  server.RaftServer$Division (RaftServerImpl.java:requestVote(1251)) - 331cda18-a74d-44be-9546-cb2763b08ec0@group-3CB1BBD3F3B4 replies to ELECTION vote request: 4e824c96-211f-4ca2-8aff-d3ca17aa07c4<-331cda18-a74d-44be-9546-cb2763b08ec0#0:OK-t1. Peer's state: 331cda18-a74d-44be-9546-cb2763b08ec0@group-3CB1BBD3F3B4:t1, leader=null, voted=4e824c96-211f-4ca2-8aff-d3ca17aa07c4, raftlog=Memoized:331cda18-a74d-44be-9546-cb2763b08ec0@group-3CB1BBD3F3B4-SegmentedRaftLog:OPENED:c-1, conf=-1: peers:[331cda18-a74d-44be-9546-cb2763b08ec0|rpc:10.1.0.42:38619|dataStream:10.1.0.42:38911|priority:0|startupRole:FOLLOWER, 4e824c96-211f-4ca2-8aff-d3ca17aa07c4|rpc:10.1.0.42:43919|dataStream:10.1.0.42:37115|priority:1|startupRole:FOLLOWER, 7d67e38f-65cd-4cdb-ba90-6f13c999d08c|rpc:10.1.0.42:41273|dataStream:10.1.0.42:40597|priority:0|startupRole:FOLLOWER]|listeners:[], old=null
2023-05-05 09:13:33,220 [331cda18-a74d-44be-9546-cb2763b08ec0@group-D79A44C86311-LeaderElection47] INFO  impl.LeaderElection (LeaderElection.java:askForVotes(312)) - 331cda18-a74d-44be-9546-cb2763b08ec0@group-D79A44C86311-LeaderElection47 PRE_VOTE round 0: submit vote requests at term 0 for -1: peers:[331cda18-a74d-44be-9546-cb2763b08ec0|rpc:10.1.0.42:38619|dataStream:10.1.0.42:38911|priority:1|startupRole:FOLLOWER, 4e824c96-211f-4ca2-8aff-d3ca17aa07c4|rpc:10.1.0.42:43919|dataStream:10.1.0.42:37115|priority:0|startupRole:FOLLOWER, 7d67e38f-65cd-4cdb-ba90-6f13c999d08c|rpc:10.1.0.42:41273|dataStream:10.1.0.42:40597|priority:0|startupRole:FOLLOWER]|listeners:[], old=null
2023-05-05 09:13:33,221 [grpc-default-executor-1] INFO  server.RaftServer$Division (RaftServerImpl.java:requestVote(1218)) - 7d67e38f-65cd-4cdb-ba90-6f13c999d08c@group-3CB1BBD3F3B4: receive requestVote(ELECTION, 4e824c96-211f-4ca2-8aff-d3ca17aa07c4, group-3CB1BBD3F3B4, 1, (t:0, i:0))
2023-05-05 09:13:33,221 [grpc-default-executor-1] INFO  impl.VoteContext (VoteContext.java:log(49)) - 7d67e38f-65cd-4cdb-ba90-6f13c999d08c@group-3CB1BBD3F3B4-FOLLOWER: accept ELECTION from 4e824c96-211f-4ca2-8aff-d3ca17aa07c4: our priority 0 <= candidate's priority 1
2023-05-05 09:13:33,221 [grpc-default-executor-1] INFO  server.RaftServer$Division (RaftServerImpl.java:setRole(321)) - 7d67e38f-65cd-4cdb-ba90-6f13c999d08c@group-3CB1BBD3F3B4: changes role from  FOLLOWER to FOLLOWER at term 1 for candidate:4e824c96-211f-4ca2-8aff-d3ca17aa07c4
2023-05-05 09:13:33,221 [grpc-default-executor-1] INFO  impl.RoleInfo (RoleInfo.java:shutdownFollowerState(110)) - 7d67e38f-65cd-4cdb-ba90-6f13c999d08c: shutdown 7d67e38f-65cd-4cdb-ba90-6f13c999d08c@group-3CB1BBD3F3B4-FollowerState
2023-05-05 09:13:33,221 [331cda18-a74d-44be-9546-cb2763b08ec0@group-D79A44C86311-LeaderElection47-1] INFO  server.GrpcServerProtocolClient (GrpcServerProtocolClient.java:<init>(63)) - Build channel for 4e824c96-211f-4ca2-8aff-d3ca17aa07c4
2023-05-05 09:13:33,222 [331cda18-a74d-44be-9546-cb2763b08ec0@group-D79A44C86311-LeaderElection47] INFO  server.RaftServerConfigKeys (ConfUtils.java:logFallback(53)) - raft.server.rpc.first-election.timeout.min = 5s (fallback to raft.server.rpc.timeout.min)
2023-05-05 09:13:33,222 [331cda18-a74d-44be-9546-cb2763b08ec0@group-D79A44C86311-LeaderElection47] INFO  server.RaftServerConfigKeys (ConfUtils.java:logFallback(53)) - raft.server.rpc.first-election.timeout.max = 5200ms (fallback to raft.server.rpc.timeout.max)
2023-05-05 09:13:33,222 [4e824c96-211f-4ca2-8aff-d3ca17aa07c4@group-3CB1BBD3F3B4-LeaderElection46] INFO  impl.LeaderElection (LeaderElection.java:logAndReturn(90)) - 4e824c96-211f-4ca2-8aff-d3ca17aa07c4@group-3CB1BBD3F3B4-LeaderElection46: ELECTION PASSED received 1 response(s) and 0 exception(s):
2023-05-05 09:13:33,222 [grpc-default-executor-1] INFO  impl.RoleInfo (RoleInfo.java:updateAndGet(139)) - 7d67e38f-65cd-4cdb-ba90-6f13c999d08c: start 7d67e38f-65cd-4cdb-ba90-6f13c999d08c@group-3CB1BBD3F3B4-FollowerState
2023-05-05 09:13:33,222 [7d67e38f-65cd-4cdb-ba90-6f13c999d08c@group-3CB1BBD3F3B4-FollowerState] INFO  impl.FollowerState (FollowerState.java:run(152)) - 7d67e38f-65cd-4cdb-ba90-6f13c999d08c@group-3CB1BBD3F3B4-FollowerState was interrupted
2023-05-05 09:13:33,222 [4e824c96-211f-4ca2-8aff-d3ca17aa07c4@group-3CB1BBD3F3B4-LeaderElection46] INFO  impl.LeaderElection (LeaderElection.java:logAndReturn(94)) -   Response 0: 4e824c96-211f-4ca2-8aff-d3ca17aa07c4<-331cda18-a74d-44be-9546-cb2763b08ec0#0:OK-t1
2023-05-05 09:13:33,225 [331cda18-a74d-44be-9546-cb2763b08ec0@group-D79A44C86311-LeaderElection47-2] INFO  server.GrpcServerProtocolClient (GrpcServerProtocolClient.java:<init>(63)) - Build channel for 7d67e38f-65cd-4cdb-ba90-6f13c999d08c
2023-05-05 09:13:33,227 [7d67e38f-65cd-4cdb-ba90-6f13c999d08c@group-3CB1BBD3F3B4-FollowerState] INFO  server.RaftServerConfigKeys (ConfUtils.java:logFallback(53)) - raft.server.rpc.first-election.timeout.min = 5s (fallback to raft.server.rpc.timeout.min)
2023-05-05 09:13:33,227 [7d67e38f-65cd-4cdb-ba90-6f13c999d08c@group-3CB1BBD3F3B4-FollowerState] INFO  server.RaftServerConfigKeys (ConfUtils.java:logFallback(53)) - raft.server.rpc.first-election.timeout.max = 5200ms (fallback to raft.server.rpc.timeout.max)
2023-05-05 09:13:33,228 [4e824c96-211f-4ca2-8aff-d3ca17aa07c4@group-3CB1BBD3F3B4-LeaderElection46] INFO  impl.LeaderElection (LeaderElection.java:askForVotes(314)) - 4e824c96-211f-4ca2-8aff-d3ca17aa07c4@group-3CB1BBD3F3B4-LeaderElection46 ELECTION round 0: result PASSED
2023-05-05 09:13:33,228 [4e824c96-211f-4ca2-8aff-d3ca17aa07c4@group-3CB1BBD3F3B4-LeaderElection46] INFO  impl.RoleInfo (RoleInfo.java:shutdownLeaderElection(130)) - 4e824c96-211f-4ca2-8aff-d3ca17aa07c4: shutdown 4e824c96-211f-4ca2-8aff-d3ca17aa07c4@group-3CB1BBD3F3B4-LeaderElection46
2023-05-05 09:13:33,228 [4e824c96-211f-4ca2-8aff-d3ca17aa07c4@group-3CB1BBD3F3B4-LeaderElection46] INFO  server.RaftServer$Division (RaftServerImpl.java:setRole(321)) - 4e824c96-211f-4ca2-8aff-d3ca17aa07c4@group-3CB1BBD3F3B4: changes role from CANDIDATE to LEADER at term 1 for changeToLeader
2023-05-05 09:13:33,228 [4e824c96-211f-4ca2-8aff-d3ca17aa07c4@group-3CB1BBD3F3B4-LeaderElection46] INFO  ratis.XceiverServerRatis (XceiverServerRatis.java:handleLeaderChangedNotification(904)) - Leader change notification received for group: group-3CB1BBD3F3B4 with new leaderId: 4e824c96-211f-4ca2-8aff-d3ca17aa07c4
2023-05-05 09:13:33,230 [4e824c96-211f-4ca2-8aff-d3ca17aa07c4@group-3CB1BBD3F3B4-LeaderElection46] INFO  server.RaftServer$Division (ServerState.java:setLeader(313)) - 4e824c96-211f-4ca2-8aff-d3ca17aa07c4@group-3CB1BBD3F3B4: change Leader from null to 4e824c96-211f-4ca2-8aff-d3ca17aa07c4 at term 1 for becomeLeader, leader elected after 5234ms
2023-05-05 09:13:33,230 [grpc-default-executor-1] INFO  server.RaftServer$Division (RaftServerImpl.java:requestVote(1251)) - 7d67e38f-65cd-4cdb-ba90-6f13c999d08c@group-3CB1BBD3F3B4 replies to ELECTION vote request: 4e824c96-211f-4ca2-8aff-d3ca17aa07c4<-7d67e38f-65cd-4cdb-ba90-6f13c999d08c#0:OK-t1. Peer's state: 7d67e38f-65cd-4cdb-ba90-6f13c999d08c@group-3CB1BBD3F3B4:t1, leader=null, voted=4e824c96-211f-4ca2-8aff-d3ca17aa07c4, raftlog=Memoized:7d67e38f-65cd-4cdb-ba90-6f13c999d08c@group-3CB1BBD3F3B4-SegmentedRaftLog:OPENED:c-1, conf=-1: peers:[331cda18-a74d-44be-9546-cb2763b08ec0|rpc:10.1.0.42:38619|dataStream:10.1.0.42:38911|priority:0|startupRole:FOLLOWER, 4e824c96-211f-4ca2-8aff-d3ca17aa07c4|rpc:10.1.0.42:43919|dataStream:10.1.0.42:37115|priority:1|startupRole:FOLLOWER, 7d67e38f-65cd-4cdb-ba90-6f13c999d08c|rpc:10.1.0.42:41273|dataStream:10.1.0.42:40597|priority:0|startupRole:FOLLOWER]|listeners:[], old=null
2023-05-05 09:13:33,231 [grpc-default-executor-0] INFO  server.RaftServer$Division (RaftServerImpl.java:requestVote(1218)) - 4e824c96-211f-4ca2-8aff-d3ca17aa07c4@group-D79A44C86311: receive requestVote(PRE_VOTE, 331cda18-a74d-44be-9546-cb2763b08ec0, group-D79A44C86311, 0, (t:0, i:0))
2023-05-05 09:13:33,231 [grpc-default-executor-0] INFO  impl.VoteContext (VoteContext.java:log(49)) - 4e824c96-211f-4ca2-8aff-d3ca17aa07c4@group-D79A44C86311-FOLLOWER: accept PRE_VOTE from 331cda18-a74d-44be-9546-cb2763b08ec0: our priority 0 <= candidate's priority 1
2023-05-05 09:13:33,231 [grpc-default-executor-0] INFO  server.RaftServer$Division (RaftServerImpl.java:requestVote(1251)) - 4e824c96-211f-4ca2-8aff-d3ca17aa07c4@group-D79A44C86311 replies to PRE_VOTE vote request: 331cda18-a74d-44be-9546-cb2763b08ec0<-4e824c96-211f-4ca2-8aff-d3ca17aa07c4#0:OK-t0. Peer's state: 4e824c96-211f-4ca2-8aff-d3ca17aa07c4@group-D79A44C86311:t0, leader=null, voted=, raftlog=Memoized:4e824c96-211f-4ca2-8aff-d3ca17aa07c4@group-D79A44C86311-SegmentedRaftLog:OPENED:c-1, conf=-1: peers:[331cda18-a74d-44be-9546-cb2763b08ec0|rpc:10.1.0.42:38619|dataStream:10.1.0.42:38911|priority:1|startupRole:FOLLOWER, 4e824c96-211f-4ca2-8aff-d3ca17aa07c4|rpc:10.1.0.42:43919|dataStream:10.1.0.42:37115|priority:0|startupRole:FOLLOWER, 7d67e38f-65cd-4cdb-ba90-6f13c999d08c|rpc:10.1.0.42:41273|dataStream:10.1.0.42:40597|priority:0|startupRole:FOLLOWER]|listeners:[], old=null
2023-05-05 09:13:33,230 [4e824c96-211f-4ca2-8aff-d3ca17aa07c4@group-3CB1BBD3F3B4-LeaderElection46] INFO  server.RaftServerConfigKeys (ConfUtils.java:logGet(46)) - raft.server.staging.catchup.gap = 1000 (default)
2023-05-05 09:13:33,232 [EventQueue-PipelineReportForPipelineReportHandler] INFO  pipeline.PipelineManagerImpl (PipelineManagerImpl.java:openPipeline(367)) - Pipeline Pipeline[ Id: 8fec42b3-e2b9-4def-8a26-3cb1bbd3f3b4, Nodes: 331cda18-a74d-44be-9546-cb2763b08ec0(fv-az152-207.qln5d00okglujjccfnhxhxodph.cx.internal.cloudapp.net/10.1.0.42)7d67e38f-65cd-4cdb-ba90-6f13c999d08c(fv-az152-207.qln5d00okglujjccfnhxhxodph.cx.internal.cloudapp.net/10.1.0.42)4e824c96-211f-4ca2-8aff-d3ca17aa07c4(fv-az152-207.qln5d00okglujjccfnhxhxodph.cx.internal.cloudapp.net/10.1.0.42), ReplicationConfig: RATIS/THREE, State:ALLOCATED, leaderId:4e824c96-211f-4ca2-8aff-d3ca17aa07c4, CreationTimestamp2023-05-05T09:13:25.548Z[Etc/UTC]] moved to OPEN state
2023-05-05 09:13:33,232 [4e824c96-211f-4ca2-8aff-d3ca17aa07c4@group-3CB1BBD3F3B4-LeaderElection46] INFO  server.RaftServerConfigKeys (ConfUtils.java:logGet(46)) - raft.server.write.element-limit = 1024 (custom)
2023-05-05 09:13:33,232 [4e824c96-211f-4ca2-8aff-d3ca17aa07c4@group-3CB1BBD3F3B4-LeaderElection46] INFO  server.RaftServerConfigKeys (ConfUtils.java:logGet(46)) - raft.server.write.byte-limit = 1024 M (=1073741824) (custom)
2023-05-05 09:13:33,233 [4e824c96-211f-4ca2-8aff-d3ca17aa07c4@group-3CB1BBD3F3B4-LeaderElection46] INFO  server.RaftServerConfigKeys (ConfUtils.java:logGet(46)) - raft.server.watch.timeout = 180s (custom)
2023-05-05 09:13:33,233 [4e824c96-211f-4ca2-8aff-d3ca17aa07c4@group-3CB1BBD3F3B4-LeaderElection46] INFO  server.RaftServerConfigKeys (ConfUtils.java:logGet(46)) - raft.server.watch.timeout.denomination = 1s (default)
2023-05-05 09:13:33,233 [4e824c96-211f-4ca2-8aff-d3ca17aa07c4@group-3CB1BBD3F3B4-LeaderElection46] INFO  server.RaftServerConfigKeys (ConfUtils.java:logGet(46)) - raft.server.watch.element-limit = 65536 (default)
2023-05-05 09:13:33,233 [4e824c96-211f-4ca2-8aff-d3ca17aa07c4@group-3CB1BBD3F3B4-LeaderElection46] INFO  server.RaftServerConfigKeys (ConfUtils.java:logGet(46)) - raft.server.write.element-limit = 1024 (custom)
2023-05-05 09:13:33,233 [4e824c96-211f-4ca2-8aff-d3ca17aa07c4@group-3CB1BBD3F3B4-LeaderElection46] INFO  server.RaftServerConfigKeys (ConfUtils.java:logGet(46)) - raft.server.write.follower.gap.ratio.max = -1.0 (default)
2023-05-05 09:13:33,233 [4e824c96-211f-4ca2-8aff-d3ca17aa07c4@group-3CB1BBD3F3B4-LeaderElection46] INFO  server.RaftServerConfigKeys (ConfUtils.java:logGet(46)) - raft.server.log.appender.snapshot.chunk.size.max = 16MB (=16777216) (default)
2023-05-05 09:13:33,233 [4e824c96-211f-4ca2-8aff-d3ca17aa07c4@group-3CB1BBD3F3B4-LeaderElection46] INFO  server.RaftServerConfigKeys (ConfUtils.java:logGet(46)) - raft.server.log.appender.buffer.byte-limit = 33554432 (custom)
2023-05-05 09:13:33,233 [4e824c96-211f-4ca2-8aff-d3ca17aa07c4@group-3CB1BBD3F3B4-LeaderElection46] INFO  server.RaftServerConfigKeys (ConfUtils.java:logGet(46)) - raft.server.log.appender.buffer.element-limit = 1 (custom)
2023-05-05 09:13:33,233 [4e824c96-211f-4ca2-8aff-d3ca17aa07c4@group-3CB1BBD3F3B4-LeaderElection46] INFO  grpc.GrpcConfigKeys (ConfUtils.java:logGet(46)) - raft.grpc.server.leader.outstanding.appends.max = 128 (default)
2023-05-05 09:13:33,233 [4e824c96-211f-4ca2-8aff-d3ca17aa07c4@group-3CB1BBD3F3B4-LeaderElection46] INFO  server.RaftServerConfigKeys (ConfUtils.java:logGet(46)) - raft.server.rpc.request.timeout = 60s (custom)
2023-05-05 09:13:33,233 [4e824c96-211f-4ca2-8aff-d3ca17aa07c4@group-3CB1BBD3F3B4-LeaderElection46] INFO  server.RaftServerConfigKeys (ConfUtils.java:logGet(46)) - raft.server.log.appender.install.snapshot.enabled = false (custom)
2023-05-05 09:13:33,233 [4e824c96-211f-4ca2-8aff-d3ca17aa07c4@group-3CB1BBD3F3B4-LeaderElection46] INFO  grpc.GrpcConfigKeys (ConfUtils.java:logGet(46)) - raft.grpc.server.heartbeat.channel = true (default)
2023-05-05 09:13:33,233 [4e824c96-211f-4ca2-8aff-d3ca17aa07c4@group-3CB1BBD3F3B4-LeaderElection46] INFO  server.RaftServerConfigKeys (ConfUtils.java:logGet(46)) - raft.server.log.appender.wait-time.min = 10ms (default)
2023-05-05 09:13:33,234 [4e824c96-211f-4ca2-8aff-d3ca17aa07c4@group-3CB1BBD3F3B4-LeaderElection46] INFO  server.RaftServerConfigKeys (ConfUtils.java:logGet(46)) - raft.server.log.appender.snapshot.chunk.size.max = 16MB (=16777216) (default)
2023-05-05 09:13:33,234 [4e824c96-211f-4ca2-8aff-d3ca17aa07c4@group-3CB1BBD3F3B4-LeaderElection46] INFO  server.RaftServerConfigKeys (ConfUtils.java:logGet(46)) - raft.server.log.appender.buffer.byte-limit = 33554432 (custom)
2023-05-05 09:13:33,235 [EventQueue-OpenPipelineForHealthyPipelineSafeModeRule] INFO  safemode.SCMSafeModeManager (HealthyPipelineSafeModeRule.java:process(137)) - SCM in safe mode. Healthy pipelines reported count is 0, required healthy pipeline reported count is 1
2023-05-05 09:13:33,236 [EventQueue-OpenPipelineForHealthyPipelineSafeModeRule] INFO  safemode.SCMSafeModeManager (HealthyPipelineSafeModeRule.java:process(137)) - SCM in safe mode. Healthy pipelines reported count is 1, required healthy pipeline reported count is 1
2023-05-05 09:13:33,236 [EventQueue-OpenPipelineForHealthyPipelineSafeModeRule] INFO  safemode.SCMSafeModeManager (SCMSafeModeManager.java:validateSafeModeExitRules(200)) - HealthyPipelineSafeModeRule rule is successfully validated
2023-05-05 09:13:33,236 [EventQueue-OpenPipelineForHealthyPipelineSafeModeRule] INFO  safemode.SCMSafeModeManager (SCMSafeModeManager.java:validateSafeModeExitRules(215)) - ScmSafeModeManager, all rules are successfully validated
2023-05-05 09:13:33,236 [EventQueue-OpenPipelineForHealthyPipelineSafeModeRule] INFO  safemode.SCMSafeModeManager (SCMSafeModeManager.java:exitSafeMode(244)) - SCM exiting safe mode.
2023-05-05 09:13:33,236 [EventQueue-OpenPipelineForHealthyPipelineSafeModeRule] INFO  ha.SCMContext (SCMContext.java:updateSafeModeStatus(228)) - Update SafeModeStatus from SafeModeStatus{safeModeStatus=true, preCheckPassed=true} to SafeModeStatus{safeModeStatus=false, preCheckPassed=true}.
2023-05-05 09:13:33,236 [EventQueue-OpenPipelineForHealthyPipelineSafeModeRule] INFO  pipeline.BackgroundPipelineCreator (BackgroundPipelineCreator.java:notifyStatusChanged(254)) - Service BackgroundPipelineCreator transitions to RUNNING.
2023-05-05 09:13:33,236 [EventQueue-OpenPipelineForHealthyPipelineSafeModeRule] INFO  BackgroundPipelineScrubber (BackgroundSCMService.java:notifyStatusChanged(82)) - Service BackgroundPipelineScrubber transitions to RUNNING.
2023-05-05 09:13:33,236 [EventQueue-OpenPipelineForHealthyPipelineSafeModeRule] INFO  ExpiredContainerReplicaOpScrubber (BackgroundSCMService.java:notifyStatusChanged(82)) - Service ExpiredContainerReplicaOpScrubber transitions to RUNNING.
2023-05-05 09:13:33,236 [EventQueue-OpenPipelineForHealthyPipelineSafeModeRule] INFO  replication.ReplicationManager (ReplicationManager.java:notifyStatusChanged(1370)) - Service ReplicationManager transitions to RUNNING.
2023-05-05 09:13:33,236 [EventQueue-OpenPipelineForHealthyPipelineSafeModeRule] WARN  balancer.ContainerBalancer (ContainerBalancer.java:shouldRun(132)) - Could not find persisted configuration for ContainerBalancer when checking if ContainerBalancer should run. ContainerBalancer should not run now.
2023-05-05 09:13:33,236 [4e824c96-211f-4ca2-8aff-d3ca17aa07c4@group-3CB1BBD3F3B4-LeaderElection46] INFO  server.RaftServerConfigKeys (ConfUtils.java:logGet(46)) - raft.server.log.appender.buffer.element-limit = 1 (custom)
2023-05-05 09:13:33,237 [4e824c96-211f-4ca2-8aff-d3ca17aa07c4@group-3CB1BBD3F3B4-LeaderElection46] INFO  grpc.GrpcConfigKeys (ConfUtils.java:logGet(46)) - raft.grpc.server.leader.outstanding.appends.max = 128 (default)
2023-05-05 09:13:33,237 [4e824c96-211f-4ca2-8aff-d3ca17aa07c4@group-3CB1BBD3F3B4-LeaderElection46] INFO  server.RaftServerConfigKeys (ConfUtils.java:logGet(46)) - raft.server.rpc.request.timeout = 60s (custom)
2023-05-05 09:13:33,237 [4e824c96-211f-4ca2-8aff-d3ca17aa07c4@group-3CB1BBD3F3B4-LeaderElection46] INFO  server.RaftServerConfigKeys (ConfUtils.java:logGet(46)) - raft.server.log.appender.install.snapshot.enabled = false (custom)
2023-05-05 09:13:33,237 [4e824c96-211f-4ca2-8aff-d3ca17aa07c4@group-3CB1BBD3F3B4-LeaderElection46] INFO  grpc.GrpcConfigKeys (ConfUtils.java:logGet(46)) - raft.grpc.server.heartbeat.channel = true (default)
2023-05-05 09:13:33,237 [4e824c96-211f-4ca2-8aff-d3ca17aa07c4@group-3CB1BBD3F3B4-LeaderElection46] INFO  server.RaftServerConfigKeys (ConfUtils.java:logGet(46)) - raft.server.log.appender.wait-time.min = 10ms (default)
2023-05-05 09:13:33,237 [4e824c96-211f-4ca2-8aff-d3ca17aa07c4@group-3CB1BBD3F3B4-LeaderElection46] INFO  impl.RoleInfo (RoleInfo.java:updateAndGet(139)) - 4e824c96-211f-4ca2-8aff-d3ca17aa07c4: start 4e824c96-211f-4ca2-8aff-d3ca17aa07c4@group-3CB1BBD3F3B4-LeaderStateImpl
2023-05-05 09:13:33,237 [4e824c96-211f-4ca2-8aff-d3ca17aa07c4@group-3CB1BBD3F3B4-LeaderElection46] INFO  segmented.SegmentedRaftLogWorker (SegmentedRaftLogWorker.java:startLogSegment(452)) - 4e824c96-211f-4ca2-8aff-d3ca17aa07c4@group-3CB1BBD3F3B4-SegmentedRaftLogWorker: Starting segment from index:0
2023-05-05 09:13:33,239 [4e824c96-211f-4ca2-8aff-d3ca17aa07c4@group-3CB1BBD3F3B4-LeaderElection46] INFO  server.RaftServer$Division (ServerState.java:setRaftConf(430)) - 4e824c96-211f-4ca2-8aff-d3ca17aa07c4@group-3CB1BBD3F3B4: set configuration 0: peers:[331cda18-a74d-44be-9546-cb2763b08ec0|rpc:10.1.0.42:38619|dataStream:10.1.0.42:38911|priority:0|startupRole:FOLLOWER, 4e824c96-211f-4ca2-8aff-d3ca17aa07c4|rpc:10.1.0.42:43919|dataStream:10.1.0.42:37115|priority:1|startupRole:FOLLOWER, 7d67e38f-65cd-4cdb-ba90-6f13c999d08c|rpc:10.1.0.42:41273|dataStream:10.1.0.42:40597|priority:0|startupRole:FOLLOWER]|listeners:[], old=null
2023-05-05 09:13:33,240 [4e824c96-211f-4ca2-8aff-d3ca17aa07c4@group-3CB1BBD3F3B4-SegmentedRaftLogWorker] INFO  segmented.SegmentedRaftLogWorker (SegmentedRaftLogWorker.java:execute(656)) - 4e824c96-211f-4ca2-8aff-d3ca17aa07c4@group-3CB1BBD3F3B4-SegmentedRaftLogWorker: created new log segment /home/runner/work/ozone/ozone/hadoop-ozone/integration-test/target/test-dir/MiniOzoneClusterImpl-463505b4-0bc6-4d58-b137-957c27341022/datanode-1/data/ratis/8fec42b3-e2b9-4def-8a26-3cb1bbd3f3b4/current/log_inprogress_0
2023-05-05 09:13:33,241 [331cda18-a74d-44be-9546-cb2763b08ec0@group-D79A44C86311-LeaderElection47] INFO  impl.LeaderElection (LeaderElection.java:logAndReturn(90)) - 331cda18-a74d-44be-9546-cb2763b08ec0@group-D79A44C86311-LeaderElection47: PRE_VOTE PASSED received 1 response(s) and 0 exception(s):
2023-05-05 09:13:33,241 [331cda18-a74d-44be-9546-cb2763b08ec0@group-D79A44C86311-LeaderElection47] INFO  impl.LeaderElection (LeaderElection.java:logAndReturn(94)) -   Response 0: 331cda18-a74d-44be-9546-cb2763b08ec0<-4e824c96-211f-4ca2-8aff-d3ca17aa07c4#0:OK-t0
2023-05-05 09:13:33,241 [331cda18-a74d-44be-9546-cb2763b08ec0@group-D79A44C86311-LeaderElection47] INFO  impl.LeaderElection (LeaderElection.java:askForVotes(314)) - 331cda18-a74d-44be-9546-cb2763b08ec0@group-D79A44C86311-LeaderElection47 PRE_VOTE round 0: result PASSED
2023-05-05 09:13:33,243 [331cda18-a74d-44be-9546-cb2763b08ec0@group-D79A44C86311-LeaderElection47] INFO  impl.LeaderElection (LeaderElection.java:askForVotes(312)) - 331cda18-a74d-44be-9546-cb2763b08ec0@group-D79A44C86311-LeaderElection47 ELECTION round 0: submit vote requests at term 1 for -1: peers:[331cda18-a74d-44be-9546-cb2763b08ec0|rpc:10.1.0.42:38619|dataStream:10.1.0.42:38911|priority:1|startupRole:FOLLOWER, 4e824c96-211f-4ca2-8aff-d3ca17aa07c4|rpc:10.1.0.42:43919|dataStream:10.1.0.42:37115|priority:0|startupRole:FOLLOWER, 7d67e38f-65cd-4cdb-ba90-6f13c999d08c|rpc:10.1.0.42:41273|dataStream:10.1.0.42:40597|priority:0|startupRole:FOLLOWER]|listeners:[], old=null
2023-05-05 09:13:33,252 [331cda18-a74d-44be-9546-cb2763b08ec0@group-D79A44C86311-LeaderElection47] INFO  server.RaftServerConfigKeys (ConfUtils.java:logFallback(53)) - raft.server.rpc.first-election.timeout.min = 5s (fallback to raft.server.rpc.timeout.min)
2023-05-05 09:13:33,252 [331cda18-a74d-44be-9546-cb2763b08ec0@group-D79A44C86311-LeaderElection47] INFO  server.RaftServerConfigKeys (ConfUtils.java:logFallback(53)) - raft.server.rpc.first-election.timeout.max = 5200ms (fallback to raft.server.rpc.timeout.max)
2023-05-05 09:13:33,255 [331cda18-a74d-44be-9546-cb2763b08ec0-server-thread1] INFO  ratis.XceiverServerRatis (XceiverServerRatis.java:handleLeaderChangedNotification(904)) - Leader change notification received for group: group-3CB1BBD3F3B4 with new leaderId: 4e824c96-211f-4ca2-8aff-d3ca17aa07c4
2023-05-05 09:13:33,255 [331cda18-a74d-44be-9546-cb2763b08ec0-server-thread1] INFO  server.RaftServer$Division (ServerState.java:setLeader(313)) - 331cda18-a74d-44be-9546-cb2763b08ec0@group-3CB1BBD3F3B4: change Leader from null to 4e824c96-211f-4ca2-8aff-d3ca17aa07c4 at term 1 for appendEntries, leader elected after 5351ms
2023-05-05 09:13:33,260 [grpc-default-executor-5] INFO  server.RaftServer$Division (RaftServerImpl.java:requestVote(1218)) - 4e824c96-211f-4ca2-8aff-d3ca17aa07c4@group-D79A44C86311: receive requestVote(ELECTION, 331cda18-a74d-44be-9546-cb2763b08ec0, group-D79A44C86311, 1, (t:0, i:0))
2023-05-05 09:13:33,262 [grpc-default-executor-5] INFO  impl.VoteContext (VoteContext.java:log(49)) - 4e824c96-211f-4ca2-8aff-d3ca17aa07c4@group-D79A44C86311-FOLLOWER: accept ELECTION from 331cda18-a74d-44be-9546-cb2763b08ec0: our priority 0 <= candidate's priority 1
2023-05-05 09:13:33,262 [grpc-default-executor-5] INFO  server.RaftServer$Division (RaftServerImpl.java:setRole(321)) - 4e824c96-211f-4ca2-8aff-d3ca17aa07c4@group-D79A44C86311: changes role from  FOLLOWER to FOLLOWER at term 1 for candidate:331cda18-a74d-44be-9546-cb2763b08ec0
2023-05-05 09:13:33,262 [grpc-default-executor-5] INFO  impl.RoleInfo (RoleInfo.java:shutdownFollowerState(110)) - 4e824c96-211f-4ca2-8aff-d3ca17aa07c4: shutdown 4e824c96-211f-4ca2-8aff-d3ca17aa07c4@group-D79A44C86311-FollowerState
2023-05-05 09:13:33,262 [grpc-default-executor-5] INFO  impl.RoleInfo (RoleInfo.java:updateAndGet(139)) - 4e824c96-211f-4ca2-8aff-d3ca17aa07c4: start 4e824c96-211f-4ca2-8aff-d3ca17aa07c4@group-D79A44C86311-FollowerState
2023-05-05 09:13:33,262 [4e824c96-211f-4ca2-8aff-d3ca17aa07c4@group-D79A44C86311-FollowerState] INFO  impl.FollowerState (FollowerState.java:run(152)) - 4e824c96-211f-4ca2-8aff-d3ca17aa07c4@group-D79A44C86311-FollowerState was interrupted
2023-05-05 09:13:33,262 [331cda18-a74d-44be-9546-cb2763b08ec0-server-thread3] INFO  server.RaftServer$Division (ServerState.java:setRaftConf(430)) - 331cda18-a74d-44be-9546-cb2763b08ec0@group-3CB1BBD3F3B4: set configuration 0: peers:[331cda18-a74d-44be-9546-cb2763b08ec0|rpc:10.1.0.42:38619|dataStream:10.1.0.42:38911|priority:0|startupRole:FOLLOWER, 4e824c96-211f-4ca2-8aff-d3ca17aa07c4|rpc:10.1.0.42:43919|dataStream:10.1.0.42:37115|priority:1|startupRole:FOLLOWER, 7d67e38f-65cd-4cdb-ba90-6f13c999d08c|rpc:10.1.0.42:41273|dataStream:10.1.0.42:40597|priority:0|startupRole:FOLLOWER]|listeners:[], old=null
2023-05-05 09:13:33,262 [331cda18-a74d-44be-9546-cb2763b08ec0-server-thread3] INFO  segmented.SegmentedRaftLogWorker (SegmentedRaftLogWorker.java:startLogSegment(452)) - 331cda18-a74d-44be-9546-cb2763b08ec0@group-3CB1BBD3F3B4-SegmentedRaftLogWorker: Starting segment from index:0
2023-05-05 09:13:33,263 [4e824c96-211f-4ca2-8aff-d3ca17aa07c4@group-D79A44C86311-FollowerState] INFO  server.RaftServerConfigKeys (ConfUtils.java:logFallback(53)) - raft.server.rpc.first-election.timeout.min = 5s (fallback to raft.server.rpc.timeout.min)
2023-05-05 09:13:33,263 [4e824c96-211f-4ca2-8aff-d3ca17aa07c4@group-D79A44C86311-FollowerState] INFO  server.RaftServerConfigKeys (ConfUtils.java:logFallback(53)) - raft.server.rpc.first-election.timeout.max = 5200ms (fallback to raft.server.rpc.timeout.max)
2023-05-05 09:13:33,264 [grpc-default-executor-5] INFO  server.RaftServer$Division (RaftServerImpl.java:requestVote(1251)) - 4e824c96-211f-4ca2-8aff-d3ca17aa07c4@group-D79A44C86311 replies to ELECTION vote request: 331cda18-a74d-44be-9546-cb2763b08ec0<-4e824c96-211f-4ca2-8aff-d3ca17aa07c4#0:OK-t1. Peer's state: 4e824c96-211f-4ca2-8aff-d3ca17aa07c4@group-D79A44C86311:t1, leader=null, voted=331cda18-a74d-44be-9546-cb2763b08ec0, raftlog=Memoized:4e824c96-211f-4ca2-8aff-d3ca17aa07c4@group-D79A44C86311-SegmentedRaftLog:OPENED:c-1, conf=-1: peers:[331cda18-a74d-44be-9546-cb2763b08ec0|rpc:10.1.0.42:38619|dataStream:10.1.0.42:38911|priority:1|startupRole:FOLLOWER, 4e824c96-211f-4ca2-8aff-d3ca17aa07c4|rpc:10.1.0.42:43919|dataStream:10.1.0.42:37115|priority:0|startupRole:FOLLOWER, 7d67e38f-65cd-4cdb-ba90-6f13c999d08c|rpc:10.1.0.42:41273|dataStream:10.1.0.42:40597|priority:0|startupRole:FOLLOWER]|listeners:[], old=null
2023-05-05 09:13:33,266 [7d67e38f-65cd-4cdb-ba90-6f13c999d08c-server-thread1] INFO  ratis.XceiverServerRatis (XceiverServerRatis.java:handleLeaderChangedNotification(904)) - Leader change notification received for group: group-3CB1BBD3F3B4 with new leaderId: 4e824c96-211f-4ca2-8aff-d3ca17aa07c4
2023-05-05 09:13:33,267 [7d67e38f-65cd-4cdb-ba90-6f13c999d08c-server-thread1] INFO  server.RaftServer$Division (ServerState.java:setLeader(313)) - 7d67e38f-65cd-4cdb-ba90-6f13c999d08c@group-3CB1BBD3F3B4: change Leader from null to 4e824c96-211f-4ca2-8aff-d3ca17aa07c4 at term 1 for appendEntries, leader elected after 5333ms
2023-05-05 09:13:33,269 [grpc-default-executor-0] INFO  server.RaftServer$Division (RaftServerImpl.java:requestVote(1218)) - 7d67e38f-65cd-4cdb-ba90-6f13c999d08c@group-D79A44C86311: receive requestVote(PRE_VOTE, 331cda18-a74d-44be-9546-cb2763b08ec0, group-D79A44C86311, 0, (t:0, i:0))
2023-05-05 09:13:33,269 [grpc-default-executor-0] INFO  impl.VoteContext (VoteContext.java:log(49)) - 7d67e38f-65cd-4cdb-ba90-6f13c999d08c@group-D79A44C86311-FOLLOWER: accept PRE_VOTE from 331cda18-a74d-44be-9546-cb2763b08ec0: our priority 0 <= candidate's priority 1
2023-05-05 09:13:33,275 [331cda18-a74d-44be-9546-cb2763b08ec0@group-3CB1BBD3F3B4-SegmentedRaftLogWorker] INFO  segmented.SegmentedRaftLogWorker (SegmentedRaftLogWorker.java:execute(656)) - 331cda18-a74d-44be-9546-cb2763b08ec0@group-3CB1BBD3F3B4-SegmentedRaftLogWorker: created new log segment /home/runner/work/ozone/ozone/hadoop-ozone/integration-test/target/test-dir/MiniOzoneClusterImpl-463505b4-0bc6-4d58-b137-957c27341022/datanode-0/data/ratis/8fec42b3-e2b9-4def-8a26-3cb1bbd3f3b4/current/log_inprogress_0
2023-05-05 09:13:33,275 [grpc-default-executor-0] INFO  server.RaftServer$Division (RaftServerImpl.java:requestVote(1251)) - 7d67e38f-65cd-4cdb-ba90-6f13c999d08c@group-D79A44C86311 replies to PRE_VOTE vote request: 331cda18-a74d-44be-9546-cb2763b08ec0<-7d67e38f-65cd-4cdb-ba90-6f13c999d08c#0:OK-t0. Peer's state: 7d67e38f-65cd-4cdb-ba90-6f13c999d08c@group-D79A44C86311:t0, leader=null, voted=, raftlog=Memoized:7d67e38f-65cd-4cdb-ba90-6f13c999d08c@group-D79A44C86311-SegmentedRaftLog:OPENED:c-1, conf=-1: peers:[331cda18-a74d-44be-9546-cb2763b08ec0|rpc:10.1.0.42:38619|dataStream:10.1.0.42:38911|priority:1|startupRole:FOLLOWER, 4e824c96-211f-4ca2-8aff-d3ca17aa07c4|rpc:10.1.0.42:43919|dataStream:10.1.0.42:37115|priority:0|startupRole:FOLLOWER, 7d67e38f-65cd-4cdb-ba90-6f13c999d08c|rpc:10.1.0.42:41273|dataStream:10.1.0.42:40597|priority:0|startupRole:FOLLOWER]|listeners:[], old=null
2023-05-05 09:13:33,273 [7d67e38f-65cd-4cdb-ba90-6f13c999d08c-server-thread1] INFO  server.RaftServer$Division (ServerState.java:setRaftConf(430)) - 7d67e38f-65cd-4cdb-ba90-6f13c999d08c@group-3CB1BBD3F3B4: set configuration 0: peers:[331cda18-a74d-44be-9546-cb2763b08ec0|rpc:10.1.0.42:38619|dataStream:10.1.0.42:38911|priority:0|startupRole:FOLLOWER, 4e824c96-211f-4ca2-8aff-d3ca17aa07c4|rpc:10.1.0.42:43919|dataStream:10.1.0.42:37115|priority:1|startupRole:FOLLOWER, 7d67e38f-65cd-4cdb-ba90-6f13c999d08c|rpc:10.1.0.42:41273|dataStream:10.1.0.42:40597|priority:0|startupRole:FOLLOWER]|listeners:[], old=null
2023-05-05 09:13:33,275 [7d67e38f-65cd-4cdb-ba90-6f13c999d08c-server-thread1] INFO  segmented.SegmentedRaftLogWorker (SegmentedRaftLogWorker.java:startLogSegment(452)) - 7d67e38f-65cd-4cdb-ba90-6f13c999d08c@group-3CB1BBD3F3B4-SegmentedRaftLogWorker: Starting segment from index:0
2023-05-05 09:13:33,275 [331cda18-a74d-44be-9546-cb2763b08ec0@group-D79A44C86311-LeaderElection47] INFO  impl.LeaderElection (LeaderElection.java:logAndReturn(90)) - 331cda18-a74d-44be-9546-cb2763b08ec0@group-D79A44C86311-LeaderElection47: ELECTION PASSED received 1 response(s) and 0 exception(s):
2023-05-05 09:13:33,275 [331cda18-a74d-44be-9546-cb2763b08ec0@group-D79A44C86311-LeaderElection47] INFO  impl.LeaderElection (LeaderElection.java:logAndReturn(94)) -   Response 0: 331cda18-a74d-44be-9546-cb2763b08ec0<-4e824c96-211f-4ca2-8aff-d3ca17aa07c4#0:OK-t1
2023-05-05 09:13:33,277 [grpc-default-executor-4] INFO  server.RaftServer$Division (RaftServerImpl.java:requestVote(1218)) - 7d67e38f-65cd-4cdb-ba90-6f13c999d08c@group-D79A44C86311: receive requestVote(ELECTION, 331cda18-a74d-44be-9546-cb2763b08ec0, group-D79A44C86311, 1, (t:0, i:0))
2023-05-05 09:13:33,277 [331cda18-a74d-44be-9546-cb2763b08ec0@group-D79A44C86311-LeaderElection47] INFO  impl.LeaderElection (LeaderElection.java:askForVotes(314)) - 331cda18-a74d-44be-9546-cb2763b08ec0@group-D79A44C86311-LeaderElection47 ELECTION round 0: result PASSED
2023-05-05 09:13:33,277 [331cda18-a74d-44be-9546-cb2763b08ec0@group-D79A44C86311-LeaderElection47] INFO  impl.RoleInfo (RoleInfo.java:shutdownLeaderElection(130)) - 331cda18-a74d-44be-9546-cb2763b08ec0: shutdown 331cda18-a74d-44be-9546-cb2763b08ec0@group-D79A44C86311-LeaderElection47
2023-05-05 09:13:33,277 [331cda18-a74d-44be-9546-cb2763b08ec0@group-D79A44C86311-LeaderElection47] INFO  server.RaftServer$Division (RaftServerImpl.java:setRole(321)) - 331cda18-a74d-44be-9546-cb2763b08ec0@group-D79A44C86311: changes role from CANDIDATE to LEADER at term 1 for changeToLeader
2023-05-05 09:13:33,277 [331cda18-a74d-44be-9546-cb2763b08ec0@group-D79A44C86311-LeaderElection47] INFO  ratis.XceiverServerRatis (XceiverServerRatis.java:handleLeaderChangedNotification(904)) - Leader change notification received for group: group-D79A44C86311 with new leaderId: 331cda18-a74d-44be-9546-cb2763b08ec0
2023-05-05 09:13:33,277 [331cda18-a74d-44be-9546-cb2763b08ec0@group-D79A44C86311-LeaderElection47] INFO  server.RaftServer$Division (ServerState.java:setLeader(313)) - 331cda18-a74d-44be-9546-cb2763b08ec0@group-D79A44C86311: change Leader from null to 331cda18-a74d-44be-9546-cb2763b08ec0 at term 1 for becomeLeader, leader elected after 5152ms
2023-05-05 09:13:33,277 [331cda18-a74d-44be-9546-cb2763b08ec0@group-D79A44C86311-LeaderElection47] INFO  server.RaftServerConfigKeys (ConfUtils.java:logGet(46)) - raft.server.staging.catchup.gap = 1000 (default)
2023-05-05 09:13:33,277 [331cda18-a74d-44be-9546-cb2763b08ec0@group-D79A44C86311-LeaderElection47] INFO  server.RaftServerConfigKeys (ConfUtils.java:logGet(46)) - raft.server.write.element-limit = 1024 (custom)
2023-05-05 09:13:33,277 [331cda18-a74d-44be-9546-cb2763b08ec0@group-D79A44C86311-LeaderElection47] INFO  server.RaftServerConfigKeys (ConfUtils.java:logGet(46)) - raft.server.write.byte-limit = 1024 M (=1073741824) (custom)
2023-05-05 09:13:33,278 [331cda18-a74d-44be-9546-cb2763b08ec0@group-D79A44C86311-LeaderElection47] INFO  server.RaftServerConfigKeys (ConfUtils.java:logGet(46)) - raft.server.watch.timeout = 180s (custom)
2023-05-05 09:13:33,278 [331cda18-a74d-44be-9546-cb2763b08ec0@group-D79A44C86311-LeaderElection47] INFO  server.RaftServerConfigKeys (ConfUtils.java:logGet(46)) - raft.server.watch.timeout.denomination = 1s (default)
2023-05-05 09:13:33,278 [331cda18-a74d-44be-9546-cb2763b08ec0@group-D79A44C86311-LeaderElection47] INFO  server.RaftServerConfigKeys (ConfUtils.java:logGet(46)) - raft.server.watch.element-limit = 65536 (default)
2023-05-05 09:13:33,278 [331cda18-a74d-44be-9546-cb2763b08ec0@group-D79A44C86311-LeaderElection47] INFO  server.RaftServerConfigKeys (ConfUtils.java:logGet(46)) - raft.server.write.element-limit = 1024 (custom)
2023-05-05 09:13:33,278 [331cda18-a74d-44be-9546-cb2763b08ec0@group-D79A44C86311-LeaderElection47] INFO  server.RaftServerConfigKeys (ConfUtils.java:logGet(46)) - raft.server.write.follower.gap.ratio.max = -1.0 (default)
2023-05-05 09:13:33,278 [331cda18-a74d-44be-9546-cb2763b08ec0@group-D79A44C86311-LeaderElection47] INFO  server.RaftServerConfigKeys (ConfUtils.java:logGet(46)) - raft.server.log.appender.snapshot.chunk.size.max = 16MB (=16777216) (default)
2023-05-05 09:13:33,278 [331cda18-a74d-44be-9546-cb2763b08ec0@group-D79A44C86311-LeaderElection47] INFO  server.RaftServerConfigKeys (ConfUtils.java:logGet(46)) - raft.server.log.appender.buffer.byte-limit = 33554432 (custom)
2023-05-05 09:13:33,278 [331cda18-a74d-44be-9546-cb2763b08ec0@group-D79A44C86311-LeaderElection47] INFO  server.RaftServerConfigKeys (ConfUtils.java:logGet(46)) - raft.server.log.appender.buffer.element-limit = 1 (custom)
2023-05-05 09:13:33,278 [331cda18-a74d-44be-9546-cb2763b08ec0@group-D79A44C86311-LeaderElection47] INFO  grpc.GrpcConfigKeys (ConfUtils.java:logGet(46)) - raft.grpc.server.leader.outstanding.appends.max = 128 (default)
2023-05-05 09:13:33,278 [331cda18-a74d-44be-9546-cb2763b08ec0@group-D79A44C86311-LeaderElection47] INFO  server.RaftServerConfigKeys (ConfUtils.java:logGet(46)) - raft.server.rpc.request.timeout = 60s (custom)
2023-05-05 09:13:33,278 [331cda18-a74d-44be-9546-cb2763b08ec0@group-D79A44C86311-LeaderElection47] INFO  server.RaftServerConfigKeys (ConfUtils.java:logGet(46)) - raft.server.log.appender.install.snapshot.enabled = false (custom)
2023-05-05 09:13:33,278 [331cda18-a74d-44be-9546-cb2763b08ec0@group-D79A44C86311-LeaderElection47] INFO  grpc.GrpcConfigKeys (ConfUtils.java:logGet(46)) - raft.grpc.server.heartbeat.channel = true (default)
2023-05-05 09:13:33,278 [331cda18-a74d-44be-9546-cb2763b08ec0@group-D79A44C86311-LeaderElection47] INFO  server.RaftServerConfigKeys (ConfUtils.java:logGet(46)) - raft.server.log.appender.wait-time.min = 10ms (default)
2023-05-05 09:13:33,279 [331cda18-a74d-44be-9546-cb2763b08ec0@group-D79A44C86311-LeaderElection47] INFO  server.RaftServerConfigKeys (ConfUtils.java:logGet(46)) - raft.server.log.appender.snapshot.chunk.size.max = 16MB (=16777216) (default)
2023-05-05 09:13:33,279 [331cda18-a74d-44be-9546-cb2763b08ec0@group-D79A44C86311-LeaderElection47] INFO  server.RaftServerConfigKeys (ConfUtils.java:logGet(46)) - raft.server.log.appender.buffer.byte-limit = 33554432 (custom)
2023-05-05 09:13:33,279 [331cda18-a74d-44be-9546-cb2763b08ec0@group-D79A44C86311-LeaderElection47] INFO  server.RaftServerConfigKeys (ConfUtils.java:logGet(46)) - raft.server.log.appender.buffer.element-limit = 1 (custom)
2023-05-05 09:13:33,279 [331cda18-a74d-44be-9546-cb2763b08ec0@group-D79A44C86311-LeaderElection47] INFO  grpc.GrpcConfigKeys (ConfUtils.java:logGet(46)) - raft.grpc.server.leader.outstanding.appends.max = 128 (default)
2023-05-05 09:13:33,279 [331cda18-a74d-44be-9546-cb2763b08ec0@group-D79A44C86311-LeaderElection47] INFO  server.RaftServerConfigKeys (ConfUtils.java:logGet(46)) - raft.server.rpc.request.timeout = 60s (custom)
2023-05-05 09:13:33,279 [331cda18-a74d-44be-9546-cb2763b08ec0@group-D79A44C86311-LeaderElection47] INFO  server.RaftServerConfigKeys (ConfUtils.java:logGet(46)) - raft.server.log.appender.install.snapshot.enabled = false (custom)
2023-05-05 09:13:33,279 [331cda18-a74d-44be-9546-cb2763b08ec0@group-D79A44C86311-LeaderElection47] INFO  grpc.GrpcConfigKeys (ConfUtils.java:logGet(46)) - raft.grpc.server.heartbeat.channel = true (default)
2023-05-05 09:13:33,279 [331cda18-a74d-44be-9546-cb2763b08ec0@group-D79A44C86311-LeaderElection47] INFO  server.RaftServerConfigKeys (ConfUtils.java:logGet(46)) - raft.server.log.appender.wait-time.min = 10ms (default)
2023-05-05 09:13:33,279 [331cda18-a74d-44be-9546-cb2763b08ec0@group-D79A44C86311-LeaderElection47] INFO  impl.RoleInfo (RoleInfo.java:updateAndGet(139)) - 331cda18-a74d-44be-9546-cb2763b08ec0: start 331cda18-a74d-44be-9546-cb2763b08ec0@group-D79A44C86311-LeaderStateImpl
2023-05-05 09:13:33,279 [331cda18-a74d-44be-9546-cb2763b08ec0@group-D79A44C86311-LeaderElection47] INFO  segmented.SegmentedRaftLogWorker (SegmentedRaftLogWorker.java:startLogSegment(452)) - 331cda18-a74d-44be-9546-cb2763b08ec0@group-D79A44C86311-SegmentedRaftLogWorker: Starting segment from index:0
2023-05-05 09:13:33,282 [EventQueue-PipelineReportForPipelineReportHandler] INFO  pipeline.PipelineManagerImpl (PipelineManagerImpl.java:openPipeline(367)) - Pipeline Pipeline[ Id: c9a066db-4236-4a08-9abf-d79a44c86311, Nodes: 4e824c96-211f-4ca2-8aff-d3ca17aa07c4(fv-az152-207.qln5d00okglujjccfnhxhxodph.cx.internal.cloudapp.net/10.1.0.42)7d67e38f-65cd-4cdb-ba90-6f13c999d08c(fv-az152-207.qln5d00okglujjccfnhxhxodph.cx.internal.cloudapp.net/10.1.0.42)331cda18-a74d-44be-9546-cb2763b08ec0(fv-az152-207.qln5d00okglujjccfnhxhxodph.cx.internal.cloudapp.net/10.1.0.42), ReplicationConfig: RATIS/THREE, State:ALLOCATED, leaderId:331cda18-a74d-44be-9546-cb2763b08ec0, CreationTimestamp2023-05-05T09:13:25.549Z[Etc/UTC]] moved to OPEN state
2023-05-05 09:13:33,282 [331cda18-a74d-44be-9546-cb2763b08ec0@group-D79A44C86311-SegmentedRaftLogWorker] INFO  segmented.SegmentedRaftLogWorker (SegmentedRaftLogWorker.java:execute(656)) - 331cda18-a74d-44be-9546-cb2763b08ec0@group-D79A44C86311-SegmentedRaftLogWorker: created new log segment /home/runner/work/ozone/ozone/hadoop-ozone/integration-test/target/test-dir/MiniOzoneClusterImpl-463505b4-0bc6-4d58-b137-957c27341022/datanode-0/data/ratis/c9a066db-4236-4a08-9abf-d79a44c86311/current/log_inprogress_0
2023-05-05 09:13:33,298 [grpc-default-executor-4] INFO  impl.VoteContext (VoteContext.java:log(49)) - 7d67e38f-65cd-4cdb-ba90-6f13c999d08c@group-D79A44C86311-FOLLOWER: accept ELECTION from 331cda18-a74d-44be-9546-cb2763b08ec0: our priority 0 <= candidate's priority 1
2023-05-05 09:13:33,298 [grpc-default-executor-4] INFO  server.RaftServer$Division (RaftServerImpl.java:setRole(321)) - 7d67e38f-65cd-4cdb-ba90-6f13c999d08c@group-D79A44C86311: changes role from  FOLLOWER to FOLLOWER at term 1 for candidate:331cda18-a74d-44be-9546-cb2763b08ec0
2023-05-05 09:13:33,298 [grpc-default-executor-4] INFO  impl.RoleInfo (RoleInfo.java:shutdownFollowerState(110)) - 7d67e38f-65cd-4cdb-ba90-6f13c999d08c: shutdown 7d67e38f-65cd-4cdb-ba90-6f13c999d08c@group-D79A44C86311-FollowerState
2023-05-05 09:13:33,298 [grpc-default-executor-4] INFO  impl.RoleInfo (RoleInfo.java:updateAndGet(139)) - 7d67e38f-65cd-4cdb-ba90-6f13c999d08c: start 7d67e38f-65cd-4cdb-ba90-6f13c999d08c@group-D79A44C86311-FollowerState
2023-05-05 09:13:33,298 [7d67e38f-65cd-4cdb-ba90-6f13c999d08c@group-D79A44C86311-FollowerState] INFO  impl.FollowerState (FollowerState.java:run(152)) - 7d67e38f-65cd-4cdb-ba90-6f13c999d08c@group-D79A44C86311-FollowerState was interrupted
2023-05-05 09:13:33,301 [7d67e38f-65cd-4cdb-ba90-6f13c999d08c@group-D79A44C86311-FollowerState] INFO  server.RaftServerConfigKeys (ConfUtils.java:logFallback(53)) - raft.server.rpc.first-election.timeout.min = 5s (fallback to raft.server.rpc.timeout.min)
2023-05-05 09:13:33,301 [7d67e38f-65cd-4cdb-ba90-6f13c999d08c@group-D79A44C86311-FollowerState] INFO  server.RaftServerConfigKeys (ConfUtils.java:logFallback(53)) - raft.server.rpc.first-election.timeout.max = 5200ms (fallback to raft.server.rpc.timeout.max)
2023-05-05 09:13:33,306 [331cda18-a74d-44be-9546-cb2763b08ec0@group-D79A44C86311-LeaderElection47] INFO  server.RaftServer$Division (ServerState.java:setRaftConf(430)) - 331cda18-a74d-44be-9546-cb2763b08ec0@group-D79A44C86311: set configuration 0: peers:[331cda18-a74d-44be-9546-cb2763b08ec0|rpc:10.1.0.42:38619|dataStream:10.1.0.42:38911|priority:1|startupRole:FOLLOWER, 4e824c96-211f-4ca2-8aff-d3ca17aa07c4|rpc:10.1.0.42:43919|dataStream:10.1.0.42:37115|priority:0|startupRole:FOLLOWER, 7d67e38f-65cd-4cdb-ba90-6f13c999d08c|rpc:10.1.0.42:41273|dataStream:10.1.0.42:40597|priority:0|startupRole:FOLLOWER]|listeners:[], old=null
2023-05-05 09:13:33,308 [4e824c96-211f-4ca2-8aff-d3ca17aa07c4-server-thread1] INFO  ratis.XceiverServerRatis (XceiverServerRatis.java:handleLeaderChangedNotification(904)) - Leader change notification received for group: group-D79A44C86311 with new leaderId: 331cda18-a74d-44be-9546-cb2763b08ec0
2023-05-05 09:13:33,308 [4e824c96-211f-4ca2-8aff-d3ca17aa07c4-server-thread1] INFO  server.RaftServer$Division (ServerState.java:setLeader(313)) - 4e824c96-211f-4ca2-8aff-d3ca17aa07c4@group-D79A44C86311: change Leader from null to 331cda18-a74d-44be-9546-cb2763b08ec0 at term 1 for appendEntries, leader elected after 5161ms
2023-05-05 09:13:33,313 [grpc-default-executor-4] INFO  server.RaftServer$Division (RaftServerImpl.java:requestVote(1251)) - 7d67e38f-65cd-4cdb-ba90-6f13c999d08c@group-D79A44C86311 replies to ELECTION vote request: 331cda18-a74d-44be-9546-cb2763b08ec0<-7d67e38f-65cd-4cdb-ba90-6f13c999d08c#0:OK-t1. Peer's state: 7d67e38f-65cd-4cdb-ba90-6f13c999d08c@group-D79A44C86311:t1, leader=null, voted=331cda18-a74d-44be-9546-cb2763b08ec0, raftlog=Memoized:7d67e38f-65cd-4cdb-ba90-6f13c999d08c@group-D79A44C86311-SegmentedRaftLog:OPENED:c-1, conf=-1: peers:[331cda18-a74d-44be-9546-cb2763b08ec0|rpc:10.1.0.42:38619|dataStream:10.1.0.42:38911|priority:1|startupRole:FOLLOWER, 4e824c96-211f-4ca2-8aff-d3ca17aa07c4|rpc:10.1.0.42:43919|dataStream:10.1.0.42:37115|priority:0|startupRole:FOLLOWER, 7d67e38f-65cd-4cdb-ba90-6f13c999d08c|rpc:10.1.0.42:41273|dataStream:10.1.0.42:40597|priority:0|startupRole:FOLLOWER]|listeners:[], old=null
2023-05-05 09:13:33,314 [7d67e38f-65cd-4cdb-ba90-6f13c999d08c@group-3CB1BBD3F3B4-SegmentedRaftLogWorker] INFO  segmented.SegmentedRaftLogWorker (SegmentedRaftLogWorker.java:execute(656)) - 7d67e38f-65cd-4cdb-ba90-6f13c999d08c@group-3CB1BBD3F3B4-SegmentedRaftLogWorker: created new log segment /home/runner/work/ozone/ozone/hadoop-ozone/integration-test/target/test-dir/MiniOzoneClusterImpl-463505b4-0bc6-4d58-b137-957c27341022/datanode-2/data/ratis/8fec42b3-e2b9-4def-8a26-3cb1bbd3f3b4/current/log_inprogress_0
2023-05-05 09:13:33,318 [4e824c96-211f-4ca2-8aff-d3ca17aa07c4-server-thread2] INFO  server.RaftServer$Division (ServerState.java:setRaftConf(430)) - 4e824c96-211f-4ca2-8aff-d3ca17aa07c4@group-D79A44C86311: set configuration 0: peers:[331cda18-a74d-44be-9546-cb2763b08ec0|rpc:10.1.0.42:38619|dataStream:10.1.0.42:38911|priority:1|startupRole:FOLLOWER, 4e824c96-211f-4ca2-8aff-d3ca17aa07c4|rpc:10.1.0.42:43919|dataStream:10.1.0.42:37115|priority:0|startupRole:FOLLOWER, 7d67e38f-65cd-4cdb-ba90-6f13c999d08c|rpc:10.1.0.42:41273|dataStream:10.1.0.42:40597|priority:0|startupRole:FOLLOWER]|listeners:[], old=null
2023-05-05 09:13:33,318 [4e824c96-211f-4ca2-8aff-d3ca17aa07c4-server-thread2] INFO  segmented.SegmentedRaftLogWorker (SegmentedRaftLogWorker.java:startLogSegment(452)) - 4e824c96-211f-4ca2-8aff-d3ca17aa07c4@group-D79A44C86311-SegmentedRaftLogWorker: Starting segment from index:0
2023-05-05 09:13:33,320 [4e824c96-211f-4ca2-8aff-d3ca17aa07c4@group-D79A44C86311-SegmentedRaftLogWorker] INFO  segmented.SegmentedRaftLogWorker (SegmentedRaftLogWorker.java:execute(656)) - 4e824c96-211f-4ca2-8aff-d3ca17aa07c4@group-D79A44C86311-SegmentedRaftLogWorker: created new log segment /home/runner/work/ozone/ozone/hadoop-ozone/integration-test/target/test-dir/MiniOzoneClusterImpl-463505b4-0bc6-4d58-b137-957c27341022/datanode-1/data/ratis/c9a066db-4236-4a08-9abf-d79a44c86311/current/log_inprogress_0
2023-05-05 09:13:33,320 [7d67e38f-65cd-4cdb-ba90-6f13c999d08c-server-thread1] INFO  ratis.XceiverServerRatis (XceiverServerRatis.java:handleLeaderChangedNotification(904)) - Leader change notification received for group: group-D79A44C86311 with new leaderId: 331cda18-a74d-44be-9546-cb2763b08ec0
2023-05-05 09:13:33,320 [7d67e38f-65cd-4cdb-ba90-6f13c999d08c-server-thread1] INFO  server.RaftServer$Division (ServerState.java:setLeader(313)) - 7d67e38f-65cd-4cdb-ba90-6f13c999d08c@group-D79A44C86311: change Leader from null to 331cda18-a74d-44be-9546-cb2763b08ec0 at term 1 for appendEntries, leader elected after 5144ms
2023-05-05 09:13:33,321 [7d67e38f-65cd-4cdb-ba90-6f13c999d08c-server-thread1] INFO  server.RaftServer$Division (ServerState.java:setRaftConf(430)) - 7d67e38f-65cd-4cdb-ba90-6f13c999d08c@group-D79A44C86311: set configuration 0: peers:[331cda18-a74d-44be-9546-cb2763b08ec0|rpc:10.1.0.42:38619|dataStream:10.1.0.42:38911|priority:1|startupRole:FOLLOWER, 4e824c96-211f-4ca2-8aff-d3ca17aa07c4|rpc:10.1.0.42:43919|dataStream:10.1.0.42:37115|priority:0|startupRole:FOLLOWER, 7d67e38f-65cd-4cdb-ba90-6f13c999d08c|rpc:10.1.0.42:41273|dataStream:10.1.0.42:40597|priority:0|startupRole:FOLLOWER]|listeners:[], old=null
2023-05-05 09:13:33,321 [7d67e38f-65cd-4cdb-ba90-6f13c999d08c-server-thread1] INFO  segmented.SegmentedRaftLogWorker (SegmentedRaftLogWorker.java:startLogSegment(452)) - 7d67e38f-65cd-4cdb-ba90-6f13c999d08c@group-D79A44C86311-SegmentedRaftLogWorker: Starting segment from index:0
2023-05-05 09:13:33,323 [7d67e38f-65cd-4cdb-ba90-6f13c999d08c@group-D79A44C86311-SegmentedRaftLogWorker] INFO  segmented.SegmentedRaftLogWorker (SegmentedRaftLogWorker.java:execute(656)) - 7d67e38f-65cd-4cdb-ba90-6f13c999d08c@group-D79A44C86311-SegmentedRaftLogWorker: created new log segment /home/runner/work/ozone/ozone/hadoop-ozone/integration-test/target/test-dir/MiniOzoneClusterImpl-463505b4-0bc6-4d58-b137-957c27341022/datanode-2/data/ratis/c9a066db-4236-4a08-9abf-d79a44c86311/current/log_inprogress_0
2023-05-05 09:13:33,342 [4e824c96-211f-4ca2-8aff-d3ca17aa07c4@group-315B7F7D3F6D-FollowerState] INFO  impl.FollowerState (FollowerState.java:run(143)) - 4e824c96-211f-4ca2-8aff-d3ca17aa07c4@group-315B7F7D3F6D-FollowerState: change to CANDIDATE, lastRpcElapsedTime:5094120139ns, electionTimeout:5093ms
2023-05-05 09:13:33,342 [4e824c96-211f-4ca2-8aff-d3ca17aa07c4@group-315B7F7D3F6D-FollowerState] INFO  impl.RoleInfo (RoleInfo.java:shutdownFollowerState(110)) - 4e824c96-211f-4ca2-8aff-d3ca17aa07c4: shutdown 4e824c96-211f-4ca2-8aff-d3ca17aa07c4@group-315B7F7D3F6D-FollowerState
2023-05-05 09:13:33,342 [4e824c96-211f-4ca2-8aff-d3ca17aa07c4@group-315B7F7D3F6D-FollowerState] INFO  server.RaftServer$Division (RaftServerImpl.java:setRole(321)) - 4e824c96-211f-4ca2-8aff-d3ca17aa07c4@group-315B7F7D3F6D: changes role from  FOLLOWER to CANDIDATE at term 0 for changeToCandidate
2023-05-05 09:13:33,342 [4e824c96-211f-4ca2-8aff-d3ca17aa07c4@group-315B7F7D3F6D-FollowerState] INFO  server.RaftServerConfigKeys (ConfUtils.java:logGet(46)) - raft.server.leaderelection.pre-vote = true (default)
2023-05-05 09:13:33,342 [4e824c96-211f-4ca2-8aff-d3ca17aa07c4@group-315B7F7D3F6D-FollowerState] INFO  impl.RoleInfo (RoleInfo.java:updateAndGet(139)) - 4e824c96-211f-4ca2-8aff-d3ca17aa07c4: start 4e824c96-211f-4ca2-8aff-d3ca17aa07c4@group-315B7F7D3F6D-LeaderElection48
2023-05-05 09:13:33,343 [4e824c96-211f-4ca2-8aff-d3ca17aa07c4@group-315B7F7D3F6D-LeaderElection48] INFO  impl.LeaderElection (LeaderElection.java:askForVotes(312)) - 4e824c96-211f-4ca2-8aff-d3ca17aa07c4@group-315B7F7D3F6D-LeaderElection48 PRE_VOTE round 0: submit vote requests at term 0 for -1: peers:[4e824c96-211f-4ca2-8aff-d3ca17aa07c4|rpc:10.1.0.42:43919|dataStream:10.1.0.42:37115|priority:1|startupRole:FOLLOWER]|listeners:[], old=null
2023-05-05 09:13:33,343 [4e824c96-211f-4ca2-8aff-d3ca17aa07c4@group-315B7F7D3F6D-LeaderElection48] INFO  impl.LeaderElection (LeaderElection.java:askForVotes(314)) - 4e824c96-211f-4ca2-8aff-d3ca17aa07c4@group-315B7F7D3F6D-LeaderElection48 PRE_VOTE round 0: result PASSED (term=0)
2023-05-05 09:13:33,344 [4e824c96-211f-4ca2-8aff-d3ca17aa07c4@group-315B7F7D3F6D-LeaderElection48] INFO  impl.LeaderElection (LeaderElection.java:askForVotes(312)) - 4e824c96-211f-4ca2-8aff-d3ca17aa07c4@group-315B7F7D3F6D-LeaderElection48 ELECTION round 0: submit vote requests at term 1 for -1: peers:[4e824c96-211f-4ca2-8aff-d3ca17aa07c4|rpc:10.1.0.42:43919|dataStream:10.1.0.42:37115|priority:1|startupRole:FOLLOWER]|listeners:[], old=null
2023-05-05 09:13:33,344 [4e824c96-211f-4ca2-8aff-d3ca17aa07c4@group-315B7F7D3F6D-LeaderElection48] INFO  impl.LeaderElection (LeaderElection.java:askForVotes(314)) - 4e824c96-211f-4ca2-8aff-d3ca17aa07c4@group-315B7F7D3F6D-LeaderElection48 ELECTION round 0: result PASSED (term=1)
2023-05-05 09:13:33,344 [4e824c96-211f-4ca2-8aff-d3ca17aa07c4@group-315B7F7D3F6D-LeaderElection48] INFO  impl.RoleInfo (RoleInfo.java:shutdownLeaderElection(130)) - 4e824c96-211f-4ca2-8aff-d3ca17aa07c4: shutdown 4e824c96-211f-4ca2-8aff-d3ca17aa07c4@group-315B7F7D3F6D-LeaderElection48
2023-05-05 09:13:33,344 [4e824c96-211f-4ca2-8aff-d3ca17aa07c4@group-315B7F7D3F6D-LeaderElection48] INFO  server.RaftServer$Division (RaftServerImpl.java:setRole(321)) - 4e824c96-211f-4ca2-8aff-d3ca17aa07c4@group-315B7F7D3F6D: changes role from CANDIDATE to LEADER at term 1 for changeToLeader
2023-05-05 09:13:33,344 [4e824c96-211f-4ca2-8aff-d3ca17aa07c4@group-315B7F7D3F6D-LeaderElection48] INFO  ratis.XceiverServerRatis (XceiverServerRatis.java:handleLeaderChangedNotification(904)) - Leader change notification received for group: group-315B7F7D3F6D with new leaderId: 4e824c96-211f-4ca2-8aff-d3ca17aa07c4
2023-05-05 09:13:33,345 [4e824c96-211f-4ca2-8aff-d3ca17aa07c4@group-315B7F7D3F6D-LeaderElection48] INFO  server.RaftServer$Division (ServerState.java:setLeader(313)) - 4e824c96-211f-4ca2-8aff-d3ca17aa07c4@group-315B7F7D3F6D: change Leader from null to 4e824c96-211f-4ca2-8aff-d3ca17aa07c4 at term 1 for becomeLeader, leader elected after 5113ms
2023-05-05 09:13:33,345 [4e824c96-211f-4ca2-8aff-d3ca17aa07c4@group-315B7F7D3F6D-LeaderElection48] INFO  server.RaftServerConfigKeys (ConfUtils.java:logGet(46)) - raft.server.staging.catchup.gap = 1000 (default)
2023-05-05 09:13:33,345 [4e824c96-211f-4ca2-8aff-d3ca17aa07c4@group-315B7F7D3F6D-LeaderElection48] INFO  server.RaftServerConfigKeys (ConfUtils.java:logGet(46)) - raft.server.write.element-limit = 1024 (custom)
2023-05-05 09:13:33,345 [4e824c96-211f-4ca2-8aff-d3ca17aa07c4@group-315B7F7D3F6D-LeaderElection48] INFO  server.RaftServerConfigKeys (ConfUtils.java:logGet(46)) - raft.server.write.byte-limit = 1024 M (=1073741824) (custom)
2023-05-05 09:13:33,345 [4e824c96-211f-4ca2-8aff-d3ca17aa07c4@group-315B7F7D3F6D-LeaderElection48] INFO  server.RaftServerConfigKeys (ConfUtils.java:logGet(46)) - raft.server.watch.timeout = 180s (custom)
2023-05-05 09:13:33,345 [4e824c96-211f-4ca2-8aff-d3ca17aa07c4@group-315B7F7D3F6D-LeaderElection48] INFO  server.RaftServerConfigKeys (ConfUtils.java:logGet(46)) - raft.server.watch.timeout.denomination = 1s (default)
2023-05-05 09:13:33,345 [4e824c96-211f-4ca2-8aff-d3ca17aa07c4@group-315B7F7D3F6D-LeaderElection48] INFO  server.RaftServerConfigKeys (ConfUtils.java:logGet(46)) - raft.server.watch.element-limit = 65536 (default)
2023-05-05 09:13:33,345 [4e824c96-211f-4ca2-8aff-d3ca17aa07c4@group-315B7F7D3F6D-LeaderElection48] INFO  server.RaftServerConfigKeys (ConfUtils.java:logGet(46)) - raft.server.write.element-limit = 1024 (custom)
2023-05-05 09:13:33,345 [4e824c96-211f-4ca2-8aff-d3ca17aa07c4@group-315B7F7D3F6D-LeaderElection48] INFO  server.RaftServerConfigKeys (ConfUtils.java:logGet(46)) - raft.server.write.follower.gap.ratio.max = -1.0 (default)
2023-05-05 09:13:33,346 [4e824c96-211f-4ca2-8aff-d3ca17aa07c4@group-315B7F7D3F6D-LeaderElection48] INFO  impl.RoleInfo (RoleInfo.java:updateAndGet(139)) - 4e824c96-211f-4ca2-8aff-d3ca17aa07c4: start 4e824c96-211f-4ca2-8aff-d3ca17aa07c4@group-315B7F7D3F6D-LeaderStateImpl
2023-05-05 09:13:33,347 [4e824c96-211f-4ca2-8aff-d3ca17aa07c4@group-315B7F7D3F6D-LeaderElection48] INFO  segmented.SegmentedRaftLogWorker (SegmentedRaftLogWorker.java:startLogSegment(452)) - 4e824c96-211f-4ca2-8aff-d3ca17aa07c4@group-315B7F7D3F6D-SegmentedRaftLogWorker: Starting segment from index:0
2023-05-05 09:13:33,353 [4e824c96-211f-4ca2-8aff-d3ca17aa07c4@group-315B7F7D3F6D-SegmentedRaftLogWorker] INFO  segmented.SegmentedRaftLogWorker (SegmentedRaftLogWorker.java:execute(656)) - 4e824c96-211f-4ca2-8aff-d3ca17aa07c4@group-315B7F7D3F6D-SegmentedRaftLogWorker: created new log segment /home/runner/work/ozone/ozone/hadoop-ozone/integration-test/target/test-dir/MiniOzoneClusterImpl-463505b4-0bc6-4d58-b137-957c27341022/datanode-1/data/ratis/2cb47aaf-04cd-4fd6-91ed-315b7f7d3f6d/current/log_inprogress_0
2023-05-05 09:13:33,353 [4e824c96-211f-4ca2-8aff-d3ca17aa07c4@group-315B7F7D3F6D-LeaderElection48] INFO  server.RaftServer$Division (ServerState.java:setRaftConf(430)) - 4e824c96-211f-4ca2-8aff-d3ca17aa07c4@group-315B7F7D3F6D: set configuration 0: peers:[4e824c96-211f-4ca2-8aff-d3ca17aa07c4|rpc:10.1.0.42:43919|dataStream:10.1.0.42:37115|priority:1|startupRole:FOLLOWER]|listeners:[], old=null
2023-05-05 09:13:33,547 [Listener at 127.0.0.1/37867] INFO  ozone.MiniOzoneClusterImpl (MiniOzoneClusterImpl.java:lambda$waitForClusterToBeReady$0(223)) - Nodes are ready. Got 3 of 3 DN Heartbeats.
2023-05-05 09:13:33,547 [Listener at 127.0.0.1/37867] INFO  ozone.MiniOzoneClusterImpl (MiniOzoneClusterImpl.java:lambda$waitForClusterToBeReady$0(226)) - Cluster exits safe mode
2023-05-05 09:13:33,547 [Listener at 127.0.0.1/37867] INFO  ozone.MiniOzoneClusterImpl (MiniOzoneClusterImpl.java:lambda$waitForClusterToBeReady$0(228)) - SCM became leader
2023-05-05 09:13:33,677 [7d67e38f-65cd-4cdb-ba90-6f13c999d08c@group-5A03AFDC34C8-FollowerState] INFO  impl.FollowerState (FollowerState.java:run(143)) - 7d67e38f-65cd-4cdb-ba90-6f13c999d08c@group-5A03AFDC34C8-FollowerState: change to CANDIDATE, lastRpcElapsedTime:5121607320ns, electionTimeout:5121ms
2023-05-05 09:13:33,677 [7d67e38f-65cd-4cdb-ba90-6f13c999d08c@group-5A03AFDC34C8-FollowerState] INFO  impl.RoleInfo (RoleInfo.java:shutdownFollowerState(110)) - 7d67e38f-65cd-4cdb-ba90-6f13c999d08c: shutdown 7d67e38f-65cd-4cdb-ba90-6f13c999d08c@group-5A03AFDC34C8-FollowerState
2023-05-05 09:13:33,677 [7d67e38f-65cd-4cdb-ba90-6f13c999d08c@group-5A03AFDC34C8-FollowerState] INFO  server.RaftServer$Division (RaftServerImpl.java:setRole(321)) - 7d67e38f-65cd-4cdb-ba90-6f13c999d08c@group-5A03AFDC34C8: changes role from  FOLLOWER to CANDIDATE at term 0 for changeToCandidate
2023-05-05 09:13:33,677 [7d67e38f-65cd-4cdb-ba90-6f13c999d08c@group-5A03AFDC34C8-FollowerState] INFO  server.RaftServerConfigKeys (ConfUtils.java:logGet(46)) - raft.server.leaderelection.pre-vote = true (default)
2023-05-05 09:13:33,677 [7d67e38f-65cd-4cdb-ba90-6f13c999d08c@group-5A03AFDC34C8-FollowerState] INFO  impl.RoleInfo (RoleInfo.java:updateAndGet(139)) - 7d67e38f-65cd-4cdb-ba90-6f13c999d08c: start 7d67e38f-65cd-4cdb-ba90-6f13c999d08c@group-5A03AFDC34C8-LeaderElection49
2023-05-05 09:13:33,678 [7d67e38f-65cd-4cdb-ba90-6f13c999d08c@group-5A03AFDC34C8-LeaderElection49] INFO  impl.LeaderElection (LeaderElection.java:askForVotes(312)) - 7d67e38f-65cd-4cdb-ba90-6f13c999d08c@group-5A03AFDC34C8-LeaderElection49 PRE_VOTE round 0: submit vote requests at term 0 for -1: peers:[7d67e38f-65cd-4cdb-ba90-6f13c999d08c|rpc:10.1.0.42:41273|dataStream:10.1.0.42:40597|priority:1|startupRole:FOLLOWER]|listeners:[], old=null
2023-05-05 09:13:33,679 [7d67e38f-65cd-4cdb-ba90-6f13c999d08c@group-5A03AFDC34C8-LeaderElection49] INFO  impl.LeaderElection (LeaderElection.java:askForVotes(314)) - 7d67e38f-65cd-4cdb-ba90-6f13c999d08c@group-5A03AFDC34C8-LeaderElection49 PRE_VOTE round 0: result PASSED (term=0)
2023-05-05 09:13:33,680 [7d67e38f-65cd-4cdb-ba90-6f13c999d08c@group-5A03AFDC34C8-LeaderElection49] INFO  impl.LeaderElection (LeaderElection.java:askForVotes(312)) - 7d67e38f-65cd-4cdb-ba90-6f13c999d08c@group-5A03AFDC34C8-LeaderElection49 ELECTION round 0: submit vote requests at term 1 for -1: peers:[7d67e38f-65cd-4cdb-ba90-6f13c999d08c|rpc:10.1.0.42:41273|dataStream:10.1.0.42:40597|priority:1|startupRole:FOLLOWER]|listeners:[], old=null
2023-05-05 09:13:33,680 [7d67e38f-65cd-4cdb-ba90-6f13c999d08c@group-5A03AFDC34C8-LeaderElection49] INFO  impl.LeaderElection (LeaderElection.java:askForVotes(314)) - 7d67e38f-65cd-4cdb-ba90-6f13c999d08c@group-5A03AFDC34C8-LeaderElection49 ELECTION round 0: result PASSED (term=1)
2023-05-05 09:13:33,680 [7d67e38f-65cd-4cdb-ba90-6f13c999d08c@group-5A03AFDC34C8-LeaderElection49] INFO  impl.RoleInfo (RoleInfo.java:shutdownLeaderElection(130)) - 7d67e38f-65cd-4cdb-ba90-6f13c999d08c: shutdown 7d67e38f-65cd-4cdb-ba90-6f13c999d08c@group-5A03AFDC34C8-LeaderElection49
2023-05-05 09:13:33,680 [7d67e38f-65cd-4cdb-ba90-6f13c999d08c@group-5A03AFDC34C8-LeaderElection49] INFO  server.RaftServer$Division (RaftServerImpl.java:setRole(321)) - 7d67e38f-65cd-4cdb-ba90-6f13c999d08c@group-5A03AFDC34C8: changes role from CANDIDATE to LEADER at term 1 for changeToLeader
2023-05-05 09:13:33,681 [7d67e38f-65cd-4cdb-ba90-6f13c999d08c@group-5A03AFDC34C8-LeaderElection49] INFO  ratis.XceiverServerRatis (XceiverServerRatis.java:handleLeaderChangedNotification(904)) - Leader change notification received for group: group-5A03AFDC34C8 with new leaderId: 7d67e38f-65cd-4cdb-ba90-6f13c999d08c
2023-05-05 09:13:33,682 [7d67e38f-65cd-4cdb-ba90-6f13c999d08c@group-5A03AFDC34C8-LeaderElection49] INFO  server.RaftServer$Division (ServerState.java:setLeader(313)) - 7d67e38f-65cd-4cdb-ba90-6f13c999d08c@group-5A03AFDC34C8: change Leader from null to 7d67e38f-65cd-4cdb-ba90-6f13c999d08c at term 1 for becomeLeader, leader elected after 5138ms
2023-05-05 09:13:33,682 [7d67e38f-65cd-4cdb-ba90-6f13c999d08c@group-5A03AFDC34C8-LeaderElection49] INFO  server.RaftServerConfigKeys (ConfUtils.java:logGet(46)) - raft.server.staging.catchup.gap = 1000 (default)
2023-05-05 09:13:33,682 [7d67e38f-65cd-4cdb-ba90-6f13c999d08c@group-5A03AFDC34C8-LeaderElection49] INFO  server.RaftServerConfigKeys (ConfUtils.java:logGet(46)) - raft.server.write.element-limit = 1024 (custom)
2023-05-05 09:13:33,682 [7d67e38f-65cd-4cdb-ba90-6f13c999d08c@group-5A03AFDC34C8-LeaderElection49] INFO  server.RaftServerConfigKeys (ConfUtils.java:logGet(46)) - raft.server.write.byte-limit = 1024 M (=1073741824) (custom)
2023-05-05 09:13:33,683 [7d67e38f-65cd-4cdb-ba90-6f13c999d08c@group-5A03AFDC34C8-LeaderElection49] INFO  server.RaftServerConfigKeys (ConfUtils.java:logGet(46)) - raft.server.watch.timeout = 180s (custom)
2023-05-05 09:13:33,683 [7d67e38f-65cd-4cdb-ba90-6f13c999d08c@group-5A03AFDC34C8-LeaderElection49] INFO  server.RaftServerConfigKeys (ConfUtils.java:logGet(46)) - raft.server.watch.timeout.denomination = 1s (default)
2023-05-05 09:13:33,683 [7d67e38f-65cd-4cdb-ba90-6f13c999d08c@group-5A03AFDC34C8-LeaderElection49] INFO  server.RaftServerConfigKeys (ConfUtils.java:logGet(46)) - raft.server.watch.element-limit = 65536 (default)
2023-05-05 09:13:33,683 [7d67e38f-65cd-4cdb-ba90-6f13c999d08c@group-5A03AFDC34C8-LeaderElection49] INFO  server.RaftServerConfigKeys (ConfUtils.java:logGet(46)) - raft.server.write.element-limit = 1024 (custom)
2023-05-05 09:13:33,683 [7d67e38f-65cd-4cdb-ba90-6f13c999d08c@group-5A03AFDC34C8-LeaderElection49] INFO  server.RaftServerConfigKeys (ConfUtils.java:logGet(46)) - raft.server.write.follower.gap.ratio.max = -1.0 (default)
2023-05-05 09:13:33,683 [7d67e38f-65cd-4cdb-ba90-6f13c999d08c@group-5A03AFDC34C8-LeaderElection49] INFO  impl.RoleInfo (RoleInfo.java:updateAndGet(139)) - 7d67e38f-65cd-4cdb-ba90-6f13c999d08c: start 7d67e38f-65cd-4cdb-ba90-6f13c999d08c@group-5A03AFDC34C8-LeaderStateImpl
2023-05-05 09:13:33,683 [7d67e38f-65cd-4cdb-ba90-6f13c999d08c@group-5A03AFDC34C8-LeaderElection49] INFO  segmented.SegmentedRaftLogWorker (SegmentedRaftLogWorker.java:startLogSegment(452)) - 7d67e38f-65cd-4cdb-ba90-6f13c999d08c@group-5A03AFDC34C8-SegmentedRaftLogWorker: Starting segment from index:0
2023-05-05 09:13:33,685 [7d67e38f-65cd-4cdb-ba90-6f13c999d08c@group-5A03AFDC34C8-SegmentedRaftLogWorker] INFO  segmented.SegmentedRaftLogWorker (SegmentedRaftLogWorker.java:execute(656)) - 7d67e38f-65cd-4cdb-ba90-6f13c999d08c@group-5A03AFDC34C8-SegmentedRaftLogWorker: created new log segment /home/runner/work/ozone/ozone/hadoop-ozone/integration-test/target/test-dir/MiniOzoneClusterImpl-463505b4-0bc6-4d58-b137-957c27341022/datanode-2/data/ratis/b6645d23-c619-48fd-b590-5a03afdc34c8/current/log_inprogress_0
2023-05-05 09:13:33,685 [7d67e38f-65cd-4cdb-ba90-6f13c999d08c@group-5A03AFDC34C8-LeaderElection49] INFO  server.RaftServer$Division (ServerState.java:setRaftConf(430)) - 7d67e38f-65cd-4cdb-ba90-6f13c999d08c@group-5A03AFDC34C8: set configuration 0: peers:[7d67e38f-65cd-4cdb-ba90-6f13c999d08c|rpc:10.1.0.42:41273|dataStream:10.1.0.42:40597|priority:1|startupRole:FOLLOWER]|listeners:[], old=null
2023-05-05 09:13:45,548 [Listener at 127.0.0.1/37867] INFO  ozone.MiniOzoneClusterImpl (MiniOzoneClusterImpl.java:shutdown(456)) - Shutting down the Mini Ozone Cluster
2023-05-05 09:13:45,549 [Listener at 127.0.0.1/37867] INFO  ozone.MiniOzoneClusterImpl (MiniOzoneClusterImpl.java:stop(474)) - Stopping the Mini Ozone Cluster
2023-05-05 09:13:45,549 [Listener at 127.0.0.1/37867] INFO  ozone.MiniOzoneClusterImpl (MiniOzoneClusterImpl.java:stopOM(560)) - Stopping the OzoneManager
2023-05-05 09:13:45,549 [Listener at 127.0.0.1/37867] INFO  om.OzoneManager (OzoneManager.java:stop(2165)) - om1[localhost:0]: Stopping Ozone Manager
2023-05-05 09:13:45,549 [Listener at 127.0.0.1/37867] INFO  ipc.Server (Server.java:stop(3501)) - Stopping server on 37867
2023-05-05 09:13:45,552 [IPC Server listener on 0] INFO  ipc.Server (Server.java:run(1430)) - Stopping IPC Server listener on 0
2023-05-05 09:13:45,552 [IPC Server Responder] INFO  ipc.Server (Server.java:run(1563)) - Stopping IPC Server Responder
2023-05-05 09:13:45,553 [Listener at 127.0.0.1/37867] INFO  server.RaftServer (RaftServerProxy.java:lambda$close$6(409)) - om1: close
2023-05-05 09:13:45,553 [Listener at 127.0.0.1/37867] INFO  server.GrpcService (GrpcService.java:closeImpl(271)) - om1: shutdown server GrpcServerProtocolService now
2023-05-05 09:13:45,553 [om1-impl-thread1] INFO  server.RaftServer$Division (RaftServerImpl.java:lambda$close$4(458)) - om1@group-C5BA1605619E: shutdown
2023-05-05 09:13:45,553 [om1-impl-thread1] INFO  util.JmxRegister (JmxRegister.java:unregister(73)) - Successfully un-registered JMX Bean with object name Ratis:service=RaftServer,group=group-C5BA1605619E,id=om1
2023-05-05 09:13:45,553 [om1-impl-thread1] INFO  impl.RoleInfo (RoleInfo.java:shutdownLeaderState(93)) - om1: shutdown om1@group-C5BA1605619E-LeaderStateImpl
2023-05-05 09:13:45,554 [om1-impl-thread1] INFO  impl.PendingRequests (PendingRequests.java:sendNotLeaderResponses(282)) - om1@group-C5BA1605619E-PendingRequests: sendNotLeaderResponses
2023-05-05 09:13:45,554 [om1-impl-thread1] INFO  impl.StateMachineUpdater (StateMachineUpdater.java:stopAndJoin(153)) - om1@group-C5BA1605619E-StateMachineUpdater: set stopIndex = 0
2023-05-05 09:13:45,554 [om1@group-C5BA1605619E-StateMachineUpdater] INFO  ratis.OzoneManagerStateMachine (OzoneManagerStateMachine.java:takeSnapshot(479)) - Current Snapshot Index (t:1, i:0)
2023-05-05 09:13:45,556 [Listener at 127.0.0.1/37867] INFO  server.GrpcService (GrpcService.java:closeImpl(280)) - om1: shutdown server GrpcServerProtocolService successfully
2023-05-05 09:13:45,563 [om1@group-C5BA1605619E-StateMachineUpdater] INFO  impl.StateMachineUpdater (StateMachineUpdater.java:takeSnapshot(287)) - om1@group-C5BA1605619E-StateMachineUpdater: Took a snapshot at index 0
2023-05-05 09:13:45,563 [om1@group-C5BA1605619E-StateMachineUpdater] INFO  impl.StateMachineUpdater (StateMachineUpdater.java:lambda$new$0(92)) - om1@group-C5BA1605619E-StateMachineUpdater: snapshotIndex: updateIncreasingly -1 -> 0
2023-05-05 09:13:45,564 [om1@group-C5BA1605619E-StateMachineUpdater] INFO  ratis.OzoneManagerStateMachine (OzoneManagerStateMachine.java:close(533)) - StateMachine has shutdown. Shutdown OzoneManager if not already shutdown.
2023-05-05 09:13:45,564 [om1@group-C5BA1605619E-StateMachineUpdater] INFO  ratis.OzoneManagerDoubleBuffer (OzoneManagerDoubleBuffer.java:stopDaemon(540)) - Stopping OMDoubleBuffer flush thread
2023-05-05 09:13:45,564 [OMDoubleBufferFlushThread] INFO  ratis.OzoneManagerDoubleBuffer (OzoneManagerDoubleBuffer.java:canFlush(625)) - OMDoubleBuffer flush thread OMDoubleBufferFlushThread is interrupted and will exit.
2023-05-05 09:13:45,565 [om1-impl-thread1] INFO  server.RaftServer$Division (ServerState.java:close(466)) - om1@group-C5BA1605619E: closes. applyIndex: 0
2023-05-05 09:13:45,565 [om1@group-C5BA1605619E-SegmentedRaftLogWorker] INFO  segmented.SegmentedRaftLogWorker (SegmentedRaftLogWorker.java:run(347)) - om1@group-C5BA1605619E-SegmentedRaftLogWorker was interrupted, exiting. There are 0 tasks remaining in the queue.
2023-05-05 09:13:45,566 [om1-impl-thread1] INFO  segmented.SegmentedRaftLogWorker (SegmentedRaftLogWorker.java:close(257)) - om1@group-C5BA1605619E-SegmentedRaftLogWorker close()
2023-05-05 09:13:45,566 [JvmPauseMonitor25] INFO  util.JvmPauseMonitor (JvmPauseMonitor.java:run(111)) - JvmPauseMonitor-om1: Stopped
2023-05-05 09:13:45,566 [Listener at 127.0.0.1/37867] INFO  ratis.OzoneManagerStateMachine (OzoneManagerStateMachine.java:close(533)) - StateMachine has shutdown. Shutdown OzoneManager if not already shutdown.
2023-05-05 09:13:45,566 [Listener at 127.0.0.1/37867] INFO  ratis.OzoneManagerDoubleBuffer (OzoneManagerDoubleBuffer.java:stopDaemon(549)) - OMDoubleBuffer flush thread is not running.
2023-05-05 09:13:45,567 [Listener at 127.0.0.1/37867] INFO  utils.BackgroundService (BackgroundService.java:shutdown(141)) - Shutting down service KeyDeletingService
2023-05-05 09:13:45,567 [Listener at 127.0.0.1/37867] INFO  utils.BackgroundService (BackgroundService.java:shutdown(141)) - Shutting down service KeyDeletingService
2023-05-05 09:13:45,567 [Listener at 127.0.0.1/37867] INFO  utils.BackgroundService (BackgroundService.java:shutdown(141)) - Shutting down service OpenKeyCleanupService
2023-05-05 09:13:45,568 [Listener at 127.0.0.1/37867] INFO  utils.BackgroundService (BackgroundService.java:shutdown(141)) - Shutting down service SstFilteringService
2023-05-05 09:13:45,568 [Listener at 127.0.0.1/37867] INFO  utils.BackgroundService (BackgroundService.java:shutdown(141)) - Shutting down service SnapshotDeletingService
2023-05-05 09:13:45,568 [Listener at 127.0.0.1/37867] INFO  handler.ContextHandler (ContextHandler.java:doStop(1159)) - Stopped o.e.j.w.WebAppContext@7134ee23{ozoneManager,/,null,STOPPED}{file:/home/runner/work/ozone/ozone/hadoop-ozone/integration-test/target/test-classes/webapps/ozoneManager}
2023-05-05 09:13:45,569 [Listener at 127.0.0.1/37867] INFO  server.AbstractConnector (AbstractConnector.java:doStop(383)) - Stopped ServerConnector@97ff3a3{HTTP/1.1, (http/1.1)}{0.0.0.0:0}
2023-05-05 09:13:45,569 [Listener at 127.0.0.1/37867] INFO  server.session (HouseKeeper.java:stopScavenging(149)) - node0 Stopped scavenging
2023-05-05 09:13:45,569 [Listener at 127.0.0.1/37867] INFO  handler.ContextHandler (ContextHandler.java:doStop(1159)) - Stopped o.e.j.s.ServletContextHandler@66a9724{static,/static,file:///home/runner/work/ozone/ozone/hadoop-ozone/integration-test/target/test-classes/webapps/static,STOPPED}
2023-05-05 09:13:45,569 [Listener at 127.0.0.1/37867] INFO  handler.ContextHandler (ContextHandler.java:doStop(1159)) - Stopped o.e.j.s.ServletContextHandler@537d845e{logs,/logs,file:///home/runner/work/ozone/ozone/hadoop-ozone/integration-test/target/log,STOPPED}
2023-05-05 09:13:45,571 [Listener at 127.0.0.1/37867] INFO  utils.BackgroundService (BackgroundService.java:shutdown(141)) - Shutting down service SnapshotDiffCleanupService
2023-05-05 09:13:45,572 [Listener at 127.0.0.1/37867] INFO  ozone.MiniOzoneClusterImpl (MiniOzoneClusterImpl.java:stopDatanodes(537)) - Stopping the HddsDatanodes
2023-05-05 09:13:45,574 [ForkJoinPool.commonPool-worker-0] INFO  ozoneimpl.OzoneContainer (OzoneContainer.java:stop(419)) - Attempting to stop container services.
2023-05-05 09:13:45,575 [ForkJoinPool.commonPool-worker-0] INFO  server.RaftServer (RaftServerProxy.java:lambda$close$6(409)) - 331cda18-a74d-44be-9546-cb2763b08ec0: close
2023-05-05 09:13:45,575 [331cda18-a74d-44be-9546-cb2763b08ec0-impl-thread1] INFO  server.RaftServer$Division (RaftServerImpl.java:lambda$close$4(458)) - 331cda18-a74d-44be-9546-cb2763b08ec0@group-3CB1BBD3F3B4: shutdown
2023-05-05 09:13:45,575 [331cda18-a74d-44be-9546-cb2763b08ec0-impl-thread2] INFO  server.RaftServer$Division (RaftServerImpl.java:lambda$close$4(458)) - 331cda18-a74d-44be-9546-cb2763b08ec0@group-D79A44C86311: shutdown
2023-05-05 09:13:45,575 [331cda18-a74d-44be-9546-cb2763b08ec0-impl-thread2] INFO  util.JmxRegister (JmxRegister.java:unregister(73)) - Successfully un-registered JMX Bean with object name Ratis:service=RaftServer,group=group-D79A44C86311,id=331cda18-a74d-44be-9546-cb2763b08ec0
2023-05-05 09:13:45,575 [331cda18-a74d-44be-9546-cb2763b08ec0-impl-thread2] INFO  impl.RoleInfo (RoleInfo.java:shutdownLeaderState(93)) - 331cda18-a74d-44be-9546-cb2763b08ec0: shutdown 331cda18-a74d-44be-9546-cb2763b08ec0@group-D79A44C86311-LeaderStateImpl
2023-05-05 09:13:45,575 [331cda18-a74d-44be-9546-cb2763b08ec0-impl-thread1] INFO  util.JmxRegister (JmxRegister.java:unregister(73)) - Successfully un-registered JMX Bean with object name Ratis:service=RaftServer,group=group-3CB1BBD3F3B4,id=331cda18-a74d-44be-9546-cb2763b08ec0
2023-05-05 09:13:45,576 [331cda18-a74d-44be-9546-cb2763b08ec0-impl-thread1] INFO  impl.RoleInfo (RoleInfo.java:shutdownFollowerState(110)) - 331cda18-a74d-44be-9546-cb2763b08ec0: shutdown 331cda18-a74d-44be-9546-cb2763b08ec0@group-3CB1BBD3F3B4-FollowerState
2023-05-05 09:13:45,576 [ForkJoinPool.commonPool-worker-0] INFO  server.GrpcService (GrpcService.java:closeImpl(271)) - 331cda18-a74d-44be-9546-cb2763b08ec0: shutdown server GrpcServerProtocolService now
2023-05-05 09:13:45,576 [331cda18-a74d-44be-9546-cb2763b08ec0@group-3CB1BBD3F3B4-FollowerState] INFO  impl.FollowerState (FollowerState.java:run(152)) - 331cda18-a74d-44be-9546-cb2763b08ec0@group-3CB1BBD3F3B4-FollowerState was interrupted
2023-05-05 09:13:45,576 [331cda18-a74d-44be-9546-cb2763b08ec0@group-D79A44C86311->4e824c96-211f-4ca2-8aff-d3ca17aa07c4-GrpcLogAppender-LogAppenderDaemon] WARN  server.GrpcLogAppender (GrpcLogAppender.java:mayWait(200)) - 331cda18-a74d-44be-9546-cb2763b08ec0@group-D79A44C86311->4e824c96-211f-4ca2-8aff-d3ca17aa07c4-GrpcLogAppender: Wait interrupted by java.lang.InterruptedException
2023-05-05 09:13:45,578 [grpc-default-executor-2] INFO  server.GrpcServerProtocolService (GrpcServerProtocolService.java:onCompleted(143)) - 4e824c96-211f-4ca2-8aff-d3ca17aa07c4: Completed APPEND_ENTRIES, lastRequest: 331cda18-a74d-44be-9546-cb2763b08ec0->4e824c96-211f-4ca2-8aff-d3ca17aa07c4#1-t1,previous=(t:0, i:0),leaderCommit=0,initializing? true,entries: size=1, first=(t:1, i:0), CONFIGURATIONENTRY(current:id: "331cda18-a74d-44be-9546-cb2763b08ec0"
address: "10.1.0.42:38619"
priority: 1
dataStreamAddress: "10.1.0.42:38911"
clientAddress: "10.1.0.42:38619"
adminAddress: "10.1.0.42:38619"
startupRole: FOLLOWER
,id: "4e824c96-211f-4ca2-8aff-d3ca17aa07c4"
address: "10.1.0.42:43919"
dataStreamAddress: "10.1.0.42:37115"
clientAddress: "10.1.0.42:43919"
adminAddress: "10.1.0.42:43919"
startupRole: FOLLOWER
,id: "7d67e38f-65cd-4cdb-ba90-6f13c999d08c"
address: "10.1.0.42:41273"
dataStreamAddress: "10.1.0.42:40597"
clientAddress: "10.1.0.42:41273"
adminAddress: "10.1.0.42:41273"
startupRole: FOLLOWER
, old:)
2023-05-05 09:13:45,578 [grpc-default-executor-4] INFO  server.GrpcServerProtocolService (GrpcServerProtocolService.java:onCompleted(143)) - 4e824c96-211f-4ca2-8aff-d3ca17aa07c4: Completed APPEND_ENTRIES, lastRequest: null
2023-05-05 09:13:45,580 [grpc-default-executor-0] WARN  server.GrpcLogAppender (LogUtils.java:warn(122)) - 4e824c96-211f-4ca2-8aff-d3ca17aa07c4@group-3CB1BBD3F3B4->331cda18-a74d-44be-9546-cb2763b08ec0-AppendLogResponseHandler: Failed appendEntries: org.apache.ratis.thirdparty.io.grpc.StatusRuntimeException: CANCELLED: RST_STREAM closed stream. HTTP/2 error code: CANCEL
2023-05-05 09:13:45,580 [grpc-default-executor-0] WARN  server.GrpcLogAppender (GrpcLogAppender.java:resetClient(131)) - 4e824c96-211f-4ca2-8aff-d3ca17aa07c4@group-3CB1BBD3F3B4->331cda18-a74d-44be-9546-cb2763b08ec0-GrpcLogAppender: Leader has not got in touch with Follower 4e824c96-211f-4ca2-8aff-d3ca17aa07c4@group-3CB1BBD3F3B4->331cda18-a74d-44be-9546-cb2763b08ec0(c0,m0,n1, attendVote=true, lastRpcSendTime=2263, lastRpcResponseTime=2260) yet, just keep nextIndex unchanged and retry.
2023-05-05 09:13:45,580 [grpc-default-executor-2] WARN  server.GrpcServerProtocolService (LogUtils.java:warn(122)) - 331cda18-a74d-44be-9546-cb2763b08ec0: installSnapshot onError, lastRequest: 4e824c96-211f-4ca2-8aff-d3ca17aa07c4->331cda18-a74d-44be-9546-cb2763b08ec0#1-t1,previous=(t:0, i:0),leaderCommit=0,initializing? true,entries: size=1, first=(t:1, i:0), CONFIGURATIONENTRY(current:id: "331cda18-a74d-44be-9546-cb2763b08ec0"
address: "10.1.0.42:38619"
dataStreamAddress: "10.1.0.42:38911"
clientAddress: "10.1.0.42:38619"
adminAddress: "10.1.0.42:38619"
startupRole: FOLLOWER
,id: "4e824c96-211f-4ca2-8aff-d3ca17aa07c4"
address: "10.1.0.42:43919"
priority: 1
dataStreamAddress: "10.1.0.42:37115"
clientAddress: "10.1.0.42:43919"
adminAddress: "10.1.0.42:43919"
startupRole: FOLLOWER
,id: "7d67e38f-65cd-4cdb-ba90-6f13c999d08c"
address: "10.1.0.42:41273"
dataStreamAddress: "10.1.0.42:40597"
clientAddress: "10.1.0.42:41273"
adminAddress: "10.1.0.42:41273"
startupRole: FOLLOWER
, old:): org.apache.ratis.thirdparty.io.grpc.StatusRuntimeException: CANCELLED: client cancelled
2023-05-05 09:13:45,580 [331cda18-a74d-44be-9546-cb2763b08ec0@group-3CB1BBD3F3B4-StateMachineUpdater] INFO  ratis.ContainerStateMachine (ContainerStateMachine.java:takeSnapshot(330)) - group-3CB1BBD3F3B4: Taking a snapshot at:(t:1, i:0) file /home/runner/work/ozone/ozone/hadoop-ozone/integration-test/target/test-dir/MiniOzoneClusterImpl-463505b4-0bc6-4d58-b137-957c27341022/datanode-0/data/ratis/8fec42b3-e2b9-4def-8a26-3cb1bbd3f3b4/sm/snapshot.1_0
2023-05-05 09:13:45,576 [331cda18-a74d-44be-9546-cb2763b08ec0-impl-thread1] INFO  impl.StateMachineUpdater (StateMachineUpdater.java:stopAndJoin(153)) - 331cda18-a74d-44be-9546-cb2763b08ec0@group-3CB1BBD3F3B4-StateMachineUpdater: set stopIndex = 0
2023-05-05 09:13:45,581 [331cda18-a74d-44be-9546-cb2763b08ec0@group-3CB1BBD3F3B4-StateMachineUpdater] INFO  ratis.ContainerStateMachine (ContainerStateMachine.java:takeSnapshot(341)) - group-3CB1BBD3F3B4: Finished taking a snapshot at:(t:1, i:0) file:/home/runner/work/ozone/ozone/hadoop-ozone/integration-test/target/test-dir/MiniOzoneClusterImpl-463505b4-0bc6-4d58-b137-957c27341022/datanode-0/data/ratis/8fec42b3-e2b9-4def-8a26-3cb1bbd3f3b4/sm/snapshot.1_0 took: 1 ms
2023-05-05 09:13:45,583 [331cda18-a74d-44be-9546-cb2763b08ec0@group-3CB1BBD3F3B4-StateMachineUpdater] INFO  impl.StateMachineUpdater (StateMachineUpdater.java:takeSnapshot(287)) - 331cda18-a74d-44be-9546-cb2763b08ec0@group-3CB1BBD3F3B4-StateMachineUpdater: Took a snapshot at index 0
2023-05-05 09:13:45,583 [331cda18-a74d-44be-9546-cb2763b08ec0@group-3CB1BBD3F3B4-StateMachineUpdater] INFO  impl.StateMachineUpdater (StateMachineUpdater.java:lambda$new$0(92)) - 331cda18-a74d-44be-9546-cb2763b08ec0@group-3CB1BBD3F3B4-StateMachineUpdater: snapshotIndex: updateIncreasingly -1 -> 0
2023-05-05 09:13:45,583 [331cda18-a74d-44be-9546-cb2763b08ec0-impl-thread1] INFO  server.RaftServer$Division (ServerState.java:close(466)) - 331cda18-a74d-44be-9546-cb2763b08ec0@group-3CB1BBD3F3B4: closes. applyIndex: 0
2023-05-05 09:13:45,583 [331cda18-a74d-44be-9546-cb2763b08ec0@group-3CB1BBD3F3B4-SegmentedRaftLogWorker] INFO  segmented.SegmentedRaftLogWorker (SegmentedRaftLogWorker.java:run(347)) - 331cda18-a74d-44be-9546-cb2763b08ec0@group-3CB1BBD3F3B4-SegmentedRaftLogWorker was interrupted, exiting. There are 0 tasks remaining in the queue.
2023-05-05 09:13:45,582 [Listener at 127.0.0.1/37867] INFO  ozoneimpl.OzoneContainer (OzoneContainer.java:stop(419)) - Attempting to stop container services.
2023-05-05 09:13:45,582 [331cda18-a74d-44be-9546-cb2763b08ec0@group-D79A44C86311->7d67e38f-65cd-4cdb-ba90-6f13c999d08c-GrpcLogAppender-LogAppenderDaemon] WARN  server.GrpcLogAppender (GrpcLogAppender.java:mayWait(200)) - 331cda18-a74d-44be-9546-cb2763b08ec0@group-D79A44C86311->7d67e38f-65cd-4cdb-ba90-6f13c999d08c-GrpcLogAppender: Wait interrupted by java.lang.InterruptedException
2023-05-05 09:13:45,585 [grpc-default-executor-0] INFO  server.GrpcLogAppender (GrpcLogAppender.java:onCompleted(415)) - 331cda18-a74d-44be-9546-cb2763b08ec0@group-D79A44C86311->4e824c96-211f-4ca2-8aff-d3ca17aa07c4-AppendLogResponseHandler: follower responses appendEntries COMPLETED
2023-05-05 09:13:45,585 [grpc-default-executor-0] WARN  server.GrpcLogAppender (GrpcLogAppender.java:resetClient(137)) - 331cda18-a74d-44be-9546-cb2763b08ec0@group-D79A44C86311->4e824c96-211f-4ca2-8aff-d3ca17aa07c4-GrpcLogAppender: Failed to getClient for 4e824c96-211f-4ca2-8aff-d3ca17aa07c4
org.apache.ratis.protocol.exceptions.AlreadyClosedException: 331cda18-a74d-44be-9546-cb2763b08ec0 is already CLOSED
	at org.apache.ratis.util.PeerProxyMap$PeerAndProxy.getProxy(PeerProxyMap.java:61)
	at org.apache.ratis.util.PeerProxyMap.getProxy(PeerProxyMap.java:115)
	at org.apache.ratis.grpc.server.GrpcLogAppender.getClient(GrpcLogAppender.java:116)
	at org.apache.ratis.grpc.server.GrpcLogAppender.resetClient(GrpcLogAppender.java:121)
	at org.apache.ratis.grpc.server.GrpcLogAppender.access$500(GrpcLogAppender.java:58)
	at org.apache.ratis.grpc.server.GrpcLogAppender$AppendLogResponseHandler.onCompleted(GrpcLogAppender.java:416)
	at org.apache.ratis.thirdparty.io.grpc.stub.ClientCalls$StreamObserverToCallListenerAdapter.onClose(ClientCalls.java:485)
	at org.apache.ratis.thirdparty.io.grpc.internal.ClientCallImpl.closeObserver(ClientCallImpl.java:562)
	at org.apache.ratis.thirdparty.io.grpc.internal.ClientCallImpl.access$300(ClientCallImpl.java:70)
	at org.apache.ratis.thirdparty.io.grpc.internal.ClientCallImpl$ClientStreamListenerImpl$1StreamClosed.runInternal(ClientCallImpl.java:743)
	at org.apache.ratis.thirdparty.io.grpc.internal.ClientCallImpl$ClientStreamListenerImpl$1StreamClosed.runInContext(ClientCallImpl.java:722)
	at org.apache.ratis.thirdparty.io.grpc.internal.ContextRunnable.run(ContextRunnable.java:37)
	at org.apache.ratis.thirdparty.io.grpc.internal.SerializingExecutor.run(SerializingExecutor.java:133)
	at java.util.concurrent.ThreadPoolExecutor.runWorker(ThreadPoolExecutor.java:1149)
	at java.util.concurrent.ThreadPoolExecutor$Worker.run(ThreadPoolExecutor.java:624)
	at java.lang.Thread.run(Thread.java:750)
2023-05-05 09:13:45,585 [331cda18-a74d-44be-9546-cb2763b08ec0-impl-thread3] INFO  server.RaftServer$Division (RaftServerImpl.java:lambda$close$4(458)) - 331cda18-a74d-44be-9546-cb2763b08ec0@group-14F0896166A6: shutdown
2023-05-05 09:13:45,585 [331cda18-a74d-44be-9546-cb2763b08ec0-impl-thread3] INFO  util.JmxRegister (JmxRegister.java:unregister(73)) - Successfully un-registered JMX Bean with object name Ratis:service=RaftServer,group=group-14F0896166A6,id=331cda18-a74d-44be-9546-cb2763b08ec0
2023-05-05 09:13:45,585 [331cda18-a74d-44be-9546-cb2763b08ec0-impl-thread3] INFO  impl.RoleInfo (RoleInfo.java:shutdownLeaderState(93)) - 331cda18-a74d-44be-9546-cb2763b08ec0: shutdown 331cda18-a74d-44be-9546-cb2763b08ec0@group-14F0896166A6-LeaderStateImpl
2023-05-05 09:13:45,592 [grpc-default-executor-2] INFO  server.GrpcLogAppender (GrpcLogAppender.java:onCompleted(415)) - 331cda18-a74d-44be-9546-cb2763b08ec0@group-D79A44C86311->4e824c96-211f-4ca2-8aff-d3ca17aa07c4-AppendLogResponseHandler: follower responses appendEntries COMPLETED
2023-05-05 09:13:45,592 [grpc-default-executor-2] WARN  server.GrpcLogAppender (GrpcLogAppender.java:resetClient(137)) - 331cda18-a74d-44be-9546-cb2763b08ec0@group-D79A44C86311->4e824c96-211f-4ca2-8aff-d3ca17aa07c4-GrpcLogAppender: Failed to getClient for 4e824c96-211f-4ca2-8aff-d3ca17aa07c4
org.apache.ratis.protocol.exceptions.AlreadyClosedException: 331cda18-a74d-44be-9546-cb2763b08ec0 is already CLOSED
	at org.apache.ratis.util.PeerProxyMap$PeerAndProxy.getProxy(PeerProxyMap.java:61)
	at org.apache.ratis.util.PeerProxyMap.getProxy(PeerProxyMap.java:115)
	at org.apache.ratis.grpc.server.GrpcLogAppender.getClient(GrpcLogAppender.java:116)
	at org.apache.ratis.grpc.server.GrpcLogAppender.resetClient(GrpcLogAppender.java:121)
	at org.apache.ratis.grpc.server.GrpcLogAppender.access$500(GrpcLogAppender.java:58)
	at org.apache.ratis.grpc.server.GrpcLogAppender$AppendLogResponseHandler.onCompleted(GrpcLogAppender.java:416)
	at org.apache.ratis.thirdparty.io.grpc.stub.ClientCalls$StreamObserverToCallListenerAdapter.onClose(ClientCalls.java:485)
	at org.apache.ratis.thirdparty.io.grpc.internal.ClientCallImpl.closeObserver(ClientCallImpl.java:562)
	at org.apache.ratis.thirdparty.io.grpc.internal.ClientCallImpl.access$300(ClientCallImpl.java:70)
	at org.apache.ratis.thirdparty.io.grpc.internal.ClientCallImpl$ClientStreamListenerImpl$1StreamClosed.runInternal(ClientCallImpl.java:743)
	at org.apache.ratis.thirdparty.io.grpc.internal.ClientCallImpl$ClientStreamListenerImpl$1StreamClosed.runInContext(ClientCallImpl.java:722)
	at org.apache.ratis.thirdparty.io.grpc.internal.ContextRunnable.run(ContextRunnable.java:37)
	at org.apache.ratis.thirdparty.io.grpc.internal.SerializingExecutor.run(SerializingExecutor.java:133)
	at java.util.concurrent.ThreadPoolExecutor.runWorker(ThreadPoolExecutor.java:1149)
	at java.util.concurrent.ThreadPoolExecutor$Worker.run(ThreadPoolExecutor.java:624)
	at java.lang.Thread.run(Thread.java:750)
2023-05-05 09:13:45,593 [grpc-default-executor-0] INFO  server.GrpcServerProtocolService (GrpcServerProtocolService.java:onCompleted(143)) - 7d67e38f-65cd-4cdb-ba90-6f13c999d08c: Completed APPEND_ENTRIES, lastRequest: 331cda18-a74d-44be-9546-cb2763b08ec0->7d67e38f-65cd-4cdb-ba90-6f13c999d08c#1-t1,previous=(t:0, i:0),leaderCommit=0,initializing? true,entries: size=1, first=(t:1, i:0), CONFIGURATIONENTRY(current:id: "331cda18-a74d-44be-9546-cb2763b08ec0"
address: "10.1.0.42:38619"
priority: 1
dataStreamAddress: "10.1.0.42:38911"
clientAddress: "10.1.0.42:38619"
adminAddress: "10.1.0.42:38619"
startupRole: FOLLOWER
,id: "4e824c96-211f-4ca2-8aff-d3ca17aa07c4"
address: "10.1.0.42:43919"
dataStreamAddress: "10.1.0.42:37115"
clientAddress: "10.1.0.42:43919"
adminAddress: "10.1.0.42:43919"
startupRole: FOLLOWER
,id: "7d67e38f-65cd-4cdb-ba90-6f13c999d08c"
address: "10.1.0.42:41273"
dataStreamAddress: "10.1.0.42:40597"
clientAddress: "10.1.0.42:41273"
adminAddress: "10.1.0.42:41273"
startupRole: FOLLOWER
, old:)
2023-05-05 09:13:45,593 [grpc-default-executor-0] INFO  server.GrpcServerProtocolService (GrpcServerProtocolService.java:onCompleted(143)) - 7d67e38f-65cd-4cdb-ba90-6f13c999d08c: Completed APPEND_ENTRIES, lastRequest: null
2023-05-05 09:13:45,594 [grpc-default-executor-0] INFO  server.GrpcLogAppender (GrpcLogAppender.java:onCompleted(415)) - 331cda18-a74d-44be-9546-cb2763b08ec0@group-D79A44C86311->7d67e38f-65cd-4cdb-ba90-6f13c999d08c-AppendLogResponseHandler: follower responses appendEntries COMPLETED
2023-05-05 09:13:45,594 [grpc-default-executor-0] INFO  leader.FollowerInfo (FollowerInfoImpl.java:lambda$new$0(48)) - 331cda18-a74d-44be-9546-cb2763b08ec0@group-D79A44C86311->7d67e38f-65cd-4cdb-ba90-6f13c999d08c: nextIndex: updateUnconditionally 1 -> 0
2023-05-05 09:13:45,594 [grpc-default-executor-0] INFO  server.GrpcLogAppender (GrpcLogAppender.java:onCompleted(415)) - 331cda18-a74d-44be-9546-cb2763b08ec0@group-D79A44C86311->7d67e38f-65cd-4cdb-ba90-6f13c999d08c-AppendLogResponseHandler: follower responses appendEntries COMPLETED
2023-05-05 09:13:45,594 [grpc-default-executor-0] INFO  leader.FollowerInfo (FollowerInfoImpl.java:lambda$new$0(48)) - 331cda18-a74d-44be-9546-cb2763b08ec0@group-D79A44C86311->7d67e38f-65cd-4cdb-ba90-6f13c999d08c: nextIndex: updateUnconditionally 0 -> 0
2023-05-05 09:13:45,582 [331cda18-a74d-44be-9546-cb2763b08ec0-impl-thread2] INFO  impl.PendingRequests (PendingRequests.java:sendNotLeaderResponses(282)) - 331cda18-a74d-44be-9546-cb2763b08ec0@group-D79A44C86311-PendingRequests: sendNotLeaderResponses
2023-05-05 09:13:45,582 [ForkJoinPool.commonPool-worker-0] INFO  server.GrpcServerProtocolClient (GrpcServerProtocolClient.java:close(101)) - 4e824c96-211f-4ca2-8aff-d3ca17aa07c4 Close channels
2023-05-05 09:13:45,595 [Listener at 127.0.0.1/37867] INFO  server.RaftServer (RaftServerProxy.java:lambda$close$6(409)) - 4e824c96-211f-4ca2-8aff-d3ca17aa07c4: close
2023-05-05 09:13:45,605 [4e824c96-211f-4ca2-8aff-d3ca17aa07c4-impl-thread1] INFO  server.RaftServer$Division (RaftServerImpl.java:lambda$close$4(458)) - 4e824c96-211f-4ca2-8aff-d3ca17aa07c4@group-315B7F7D3F6D: shutdown
2023-05-05 09:13:45,585 [331cda18-a74d-44be-9546-cb2763b08ec0-impl-thread1] INFO  segmented.SegmentedRaftLogWorker (SegmentedRaftLogWorker.java:close(257)) - 331cda18-a74d-44be-9546-cb2763b08ec0@group-3CB1BBD3F3B4-SegmentedRaftLogWorker close()
2023-05-05 09:13:45,583 [grpc-default-executor-8] WARN  server.GrpcLogAppender (LogUtils.java:warn(122)) - 4e824c96-211f-4ca2-8aff-d3ca17aa07c4@group-3CB1BBD3F3B4->331cda18-a74d-44be-9546-cb2763b08ec0-AppendLogResponseHandler: Failed appendEntries: org.apache.ratis.thirdparty.io.grpc.StatusRuntimeException: CANCELLED: RST_STREAM closed stream. HTTP/2 error code: CANCEL
2023-05-05 09:13:45,606 [grpc-default-executor-8] WARN  server.GrpcLogAppender (GrpcLogAppender.java:resetClient(131)) - 4e824c96-211f-4ca2-8aff-d3ca17aa07c4@group-3CB1BBD3F3B4->331cda18-a74d-44be-9546-cb2763b08ec0-GrpcLogAppender: Leader has not got in touch with Follower 4e824c96-211f-4ca2-8aff-d3ca17aa07c4@group-3CB1BBD3F3B4->331cda18-a74d-44be-9546-cb2763b08ec0(c0,m0,n1, attendVote=true, lastRpcSendTime=2289, lastRpcResponseTime=2286) yet, just keep nextIndex unchanged and retry.
2023-05-05 09:13:45,583 [grpc-default-executor-7] WARN  server.GrpcServerProtocolService (LogUtils.java:warn(122)) - 331cda18-a74d-44be-9546-cb2763b08ec0: installSnapshot onError, lastRequest: null: org.apache.ratis.thirdparty.io.grpc.StatusRuntimeException: CANCELLED: client cancelled
2023-05-05 09:13:45,606 [4e824c96-211f-4ca2-8aff-d3ca17aa07c4-impl-thread1] INFO  util.JmxRegister (JmxRegister.java:unregister(73)) - Successfully un-registered JMX Bean with object name Ratis:service=RaftServer,group=group-315B7F7D3F6D,id=4e824c96-211f-4ca2-8aff-d3ca17aa07c4
2023-05-05 09:13:45,606 [4e824c96-211f-4ca2-8aff-d3ca17aa07c4-impl-thread1] INFO  impl.RoleInfo (RoleInfo.java:shutdownLeaderState(93)) - 4e824c96-211f-4ca2-8aff-d3ca17aa07c4: shutdown 4e824c96-211f-4ca2-8aff-d3ca17aa07c4@group-315B7F7D3F6D-LeaderStateImpl
2023-05-05 09:13:45,606 [4e824c96-211f-4ca2-8aff-d3ca17aa07c4-impl-thread1] INFO  impl.PendingRequests (PendingRequests.java:sendNotLeaderResponses(282)) - 4e824c96-211f-4ca2-8aff-d3ca17aa07c4@group-315B7F7D3F6D-PendingRequests: sendNotLeaderResponses
2023-05-05 09:13:45,606 [4e824c96-211f-4ca2-8aff-d3ca17aa07c4-impl-thread1] INFO  impl.StateMachineUpdater (StateMachineUpdater.java:stopAndJoin(153)) - 4e824c96-211f-4ca2-8aff-d3ca17aa07c4@group-315B7F7D3F6D-StateMachineUpdater: set stopIndex = 0
2023-05-05 09:13:45,605 [ForkJoinPool.commonPool-worker-0] INFO  server.GrpcServerProtocolClient (GrpcServerProtocolClient.java:close(101)) - 7d67e38f-65cd-4cdb-ba90-6f13c999d08c Close channels
2023-05-05 09:13:45,607 [4e824c96-211f-4ca2-8aff-d3ca17aa07c4@group-315B7F7D3F6D-StateMachineUpdater] INFO  ratis.ContainerStateMachine (ContainerStateMachine.java:takeSnapshot(330)) - group-315B7F7D3F6D: Taking a snapshot at:(t:1, i:0) file /home/runner/work/ozone/ozone/hadoop-ozone/integration-test/target/test-dir/MiniOzoneClusterImpl-463505b4-0bc6-4d58-b137-957c27341022/datanode-1/data/ratis/2cb47aaf-04cd-4fd6-91ed-315b7f7d3f6d/sm/snapshot.1_0
2023-05-05 09:13:45,608 [4e824c96-211f-4ca2-8aff-d3ca17aa07c4@group-315B7F7D3F6D-StateMachineUpdater] INFO  ratis.ContainerStateMachine (ContainerStateMachine.java:takeSnapshot(341)) - group-315B7F7D3F6D: Finished taking a snapshot at:(t:1, i:0) file:/home/runner/work/ozone/ozone/hadoop-ozone/integration-test/target/test-dir/MiniOzoneClusterImpl-463505b4-0bc6-4d58-b137-957c27341022/datanode-1/data/ratis/2cb47aaf-04cd-4fd6-91ed-315b7f7d3f6d/sm/snapshot.1_0 took: 1 ms
2023-05-05 09:13:45,608 [4e824c96-211f-4ca2-8aff-d3ca17aa07c4@group-315B7F7D3F6D-StateMachineUpdater] INFO  impl.StateMachineUpdater (StateMachineUpdater.java:takeSnapshot(287)) - 4e824c96-211f-4ca2-8aff-d3ca17aa07c4@group-315B7F7D3F6D-StateMachineUpdater: Took a snapshot at index 0
2023-05-05 09:13:45,608 [4e824c96-211f-4ca2-8aff-d3ca17aa07c4@group-315B7F7D3F6D-StateMachineUpdater] INFO  impl.StateMachineUpdater (StateMachineUpdater.java:lambda$new$0(92)) - 4e824c96-211f-4ca2-8aff-d3ca17aa07c4@group-315B7F7D3F6D-StateMachineUpdater: snapshotIndex: updateIncreasingly -1 -> 0
2023-05-05 09:13:45,608 [ForkJoinPool.commonPool-worker-0] INFO  server.GrpcService (GrpcService.java:closeImpl(280)) - 331cda18-a74d-44be-9546-cb2763b08ec0: shutdown server GrpcServerProtocolService successfully
2023-05-05 09:13:45,605 [331cda18-a74d-44be-9546-cb2763b08ec0-impl-thread3] INFO  impl.PendingRequests (PendingRequests.java:sendNotLeaderResponses(282)) - 331cda18-a74d-44be-9546-cb2763b08ec0@group-14F0896166A6-PendingRequests: sendNotLeaderResponses
2023-05-05 09:13:45,609 [4e824c96-211f-4ca2-8aff-d3ca17aa07c4-impl-thread3] INFO  server.RaftServer$Division (RaftServerImpl.java:lambda$close$4(458)) - 4e824c96-211f-4ca2-8aff-d3ca17aa07c4@group-D79A44C86311: shutdown
2023-05-05 09:13:45,609 [Listener at 127.0.0.1/37867] INFO  server.GrpcService (GrpcService.java:closeImpl(271)) - 4e824c96-211f-4ca2-8aff-d3ca17aa07c4: shutdown server GrpcServerProtocolService now
2023-05-05 09:13:45,609 [331cda18-a74d-44be-9546-cb2763b08ec0-impl-thread3] INFO  impl.StateMachineUpdater (StateMachineUpdater.java:stopAndJoin(153)) - 331cda18-a74d-44be-9546-cb2763b08ec0@group-14F0896166A6-StateMachineUpdater: set stopIndex = 0
2023-05-05 09:13:45,609 [4e824c96-211f-4ca2-8aff-d3ca17aa07c4-impl-thread2] INFO  server.RaftServer$Division (RaftServerImpl.java:lambda$close$4(458)) - 4e824c96-211f-4ca2-8aff-d3ca17aa07c4@group-3CB1BBD3F3B4: shutdown
2023-05-05 09:13:45,609 [331cda18-a74d-44be-9546-cb2763b08ec0-NettyServerStreamRpc-bossGroup--thread1] INFO  logging.LoggingHandler (AbstractInternalLogger.java:log(148)) - [id: 0x84957ade, L:/0:0:0:0:0:0:0:0:38911] CLOSE
2023-05-05 09:13:45,609 [4e824c96-211f-4ca2-8aff-d3ca17aa07c4-impl-thread1] INFO  server.RaftServer$Division (ServerState.java:close(466)) - 4e824c96-211f-4ca2-8aff-d3ca17aa07c4@group-315B7F7D3F6D: closes. applyIndex: 0
2023-05-05 09:13:45,617 [331cda18-a74d-44be-9546-cb2763b08ec0-NettyServerStreamRpc-bossGroup--thread1] INFO  logging.LoggingHandler (AbstractInternalLogger.java:log(148)) - [id: 0x84957ade, L:/0:0:0:0:0:0:0:0:38911] INACTIVE
2023-05-05 09:13:45,617 [331cda18-a74d-44be-9546-cb2763b08ec0-NettyServerStreamRpc-bossGroup--thread1] INFO  logging.LoggingHandler (AbstractInternalLogger.java:log(148)) - [id: 0x84957ade, L:/0:0:0:0:0:0:0:0:38911] UNREGISTERED
2023-05-05 09:13:45,617 [4e824c96-211f-4ca2-8aff-d3ca17aa07c4@group-315B7F7D3F6D-SegmentedRaftLogWorker] INFO  segmented.SegmentedRaftLogWorker (SegmentedRaftLogWorker.java:run(347)) - 4e824c96-211f-4ca2-8aff-d3ca17aa07c4@group-315B7F7D3F6D-SegmentedRaftLogWorker was interrupted, exiting. There are 0 tasks remaining in the queue.
2023-05-05 09:13:45,616 [Listener at 127.0.0.1/37867] INFO  server.GrpcServerProtocolClient (GrpcServerProtocolClient.java:close(101)) - 331cda18-a74d-44be-9546-cb2763b08ec0 Close channels
2023-05-05 09:13:45,617 [4e824c96-211f-4ca2-8aff-d3ca17aa07c4-impl-thread2] INFO  util.JmxRegister (JmxRegister.java:unregister(73)) - Successfully un-registered JMX Bean with object name Ratis:service=RaftServer,group=group-3CB1BBD3F3B4,id=4e824c96-211f-4ca2-8aff-d3ca17aa07c4
2023-05-05 09:13:45,617 [4e824c96-211f-4ca2-8aff-d3ca17aa07c4-impl-thread2] INFO  impl.RoleInfo (RoleInfo.java:shutdownLeaderState(93)) - 4e824c96-211f-4ca2-8aff-d3ca17aa07c4: shutdown 4e824c96-211f-4ca2-8aff-d3ca17aa07c4@group-3CB1BBD3F3B4-LeaderStateImpl
2023-05-05 09:13:45,610 [4e824c96-211f-4ca2-8aff-d3ca17aa07c4-impl-thread3] INFO  util.JmxRegister (JmxRegister.java:unregister(73)) - Successfully un-registered JMX Bean with object name Ratis:service=RaftServer,group=group-D79A44C86311,id=4e824c96-211f-4ca2-8aff-d3ca17aa07c4
2023-05-05 09:13:45,610 [331cda18-a74d-44be-9546-cb2763b08ec0@group-14F0896166A6-StateMachineUpdater] INFO  ratis.ContainerStateMachine (ContainerStateMachine.java:takeSnapshot(330)) - group-14F0896166A6: Taking a snapshot at:(t:1, i:0) file /home/runner/work/ozone/ozone/hadoop-ozone/integration-test/target/test-dir/MiniOzoneClusterImpl-463505b4-0bc6-4d58-b137-957c27341022/datanode-0/data/ratis/677f07fa-6317-4417-a3c9-14f0896166a6/sm/snapshot.1_0
2023-05-05 09:13:45,618 [4e824c96-211f-4ca2-8aff-d3ca17aa07c4-impl-thread3] INFO  impl.RoleInfo (RoleInfo.java:shutdownFollowerState(110)) - 4e824c96-211f-4ca2-8aff-d3ca17aa07c4: shutdown 4e824c96-211f-4ca2-8aff-d3ca17aa07c4@group-D79A44C86311-FollowerState
2023-05-05 09:13:45,618 [331cda18-a74d-44be-9546-cb2763b08ec0@group-14F0896166A6-StateMachineUpdater] INFO  ratis.ContainerStateMachine (ContainerStateMachine.java:takeSnapshot(341)) - group-14F0896166A6: Finished taking a snapshot at:(t:1, i:0) file:/home/runner/work/ozone/ozone/hadoop-ozone/integration-test/target/test-dir/MiniOzoneClusterImpl-463505b4-0bc6-4d58-b137-957c27341022/datanode-0/data/ratis/677f07fa-6317-4417-a3c9-14f0896166a6/sm/snapshot.1_0 took: 9 ms
2023-05-05 09:13:45,618 [331cda18-a74d-44be-9546-cb2763b08ec0@group-14F0896166A6-StateMachineUpdater] INFO  impl.StateMachineUpdater (StateMachineUpdater.java:takeSnapshot(287)) - 331cda18-a74d-44be-9546-cb2763b08ec0@group-14F0896166A6-StateMachineUpdater: Took a snapshot at index 0
2023-05-05 09:13:45,618 [331cda18-a74d-44be-9546-cb2763b08ec0@group-14F0896166A6-StateMachineUpdater] INFO  impl.StateMachineUpdater (StateMachineUpdater.java:lambda$new$0(92)) - 331cda18-a74d-44be-9546-cb2763b08ec0@group-14F0896166A6-StateMachineUpdater: snapshotIndex: updateIncreasingly -1 -> 0
2023-05-05 09:13:45,619 [331cda18-a74d-44be-9546-cb2763b08ec0-impl-thread3] INFO  server.RaftServer$Division (ServerState.java:close(466)) - 331cda18-a74d-44be-9546-cb2763b08ec0@group-14F0896166A6: closes. applyIndex: 0
2023-05-05 09:13:45,622 [331cda18-a74d-44be-9546-cb2763b08ec0@group-14F0896166A6-SegmentedRaftLogWorker] INFO  segmented.SegmentedRaftLogWorker (SegmentedRaftLogWorker.java:run(347)) - 331cda18-a74d-44be-9546-cb2763b08ec0@group-14F0896166A6-SegmentedRaftLogWorker was interrupted, exiting. There are 0 tasks remaining in the queue.
2023-05-05 09:13:45,623 [4e824c96-211f-4ca2-8aff-d3ca17aa07c4-impl-thread3] INFO  impl.StateMachineUpdater (StateMachineUpdater.java:stopAndJoin(153)) - 4e824c96-211f-4ca2-8aff-d3ca17aa07c4@group-D79A44C86311-StateMachineUpdater: set stopIndex = 0
2023-05-05 09:13:45,623 [Listener at 127.0.0.1/37867] INFO  server.GrpcServerProtocolClient (GrpcServerProtocolClient.java:close(101)) - 7d67e38f-65cd-4cdb-ba90-6f13c999d08c Close channels
2023-05-05 09:13:45,623 [4e824c96-211f-4ca2-8aff-d3ca17aa07c4@group-D79A44C86311-StateMachineUpdater] INFO  ratis.ContainerStateMachine (ContainerStateMachine.java:takeSnapshot(330)) - group-D79A44C86311: Taking a snapshot at:(t:1, i:0) file /home/runner/work/ozone/ozone/hadoop-ozone/integration-test/target/test-dir/MiniOzoneClusterImpl-463505b4-0bc6-4d58-b137-957c27341022/datanode-1/data/ratis/c9a066db-4236-4a08-9abf-d79a44c86311/sm/snapshot.1_0
2023-05-05 09:13:45,623 [4e824c96-211f-4ca2-8aff-d3ca17aa07c4@group-3CB1BBD3F3B4->7d67e38f-65cd-4cdb-ba90-6f13c999d08c-GrpcLogAppender-LogAppenderDaemon] WARN  server.GrpcLogAppender (GrpcLogAppender.java:mayWait(200)) - 4e824c96-211f-4ca2-8aff-d3ca17aa07c4@group-3CB1BBD3F3B4->7d67e38f-65cd-4cdb-ba90-6f13c999d08c-GrpcLogAppender: Wait interrupted by java.lang.InterruptedException
2023-05-05 09:13:45,623 [4e824c96-211f-4ca2-8aff-d3ca17aa07c4-impl-thread1] INFO  segmented.SegmentedRaftLogWorker (SegmentedRaftLogWorker.java:close(257)) - 4e824c96-211f-4ca2-8aff-d3ca17aa07c4@group-315B7F7D3F6D-SegmentedRaftLogWorker close()
2023-05-05 09:13:45,623 [4e824c96-211f-4ca2-8aff-d3ca17aa07c4@group-D79A44C86311-FollowerState] INFO  impl.FollowerState (FollowerState.java:run(152)) - 4e824c96-211f-4ca2-8aff-d3ca17aa07c4@group-D79A44C86311-FollowerState was interrupted
2023-05-05 09:13:45,623 [4e824c96-211f-4ca2-8aff-d3ca17aa07c4-impl-thread2] INFO  impl.PendingRequests (PendingRequests.java:sendNotLeaderResponses(282)) - 4e824c96-211f-4ca2-8aff-d3ca17aa07c4@group-3CB1BBD3F3B4-PendingRequests: sendNotLeaderResponses
2023-05-05 09:13:45,624 [4e824c96-211f-4ca2-8aff-d3ca17aa07c4-impl-thread2] INFO  impl.StateMachineUpdater (StateMachineUpdater.java:stopAndJoin(153)) - 4e824c96-211f-4ca2-8aff-d3ca17aa07c4@group-3CB1BBD3F3B4-StateMachineUpdater: set stopIndex = 0
2023-05-05 09:13:45,624 [4e824c96-211f-4ca2-8aff-d3ca17aa07c4@group-3CB1BBD3F3B4-StateMachineUpdater] INFO  ratis.ContainerStateMachine (ContainerStateMachine.java:takeSnapshot(330)) - group-3CB1BBD3F3B4: Taking a snapshot at:(t:1, i:0) file /home/runner/work/ozone/ozone/hadoop-ozone/integration-test/target/test-dir/MiniOzoneClusterImpl-463505b4-0bc6-4d58-b137-957c27341022/datanode-1/data/ratis/8fec42b3-e2b9-4def-8a26-3cb1bbd3f3b4/sm/snapshot.1_0
2023-05-05 09:13:45,624 [grpc-default-executor-7] INFO  server.GrpcServerProtocolService (GrpcServerProtocolService.java:onCompleted(143)) - 7d67e38f-65cd-4cdb-ba90-6f13c999d08c: Completed APPEND_ENTRIES, lastRequest: null
2023-05-05 09:13:45,624 [4e824c96-211f-4ca2-8aff-d3ca17aa07c4@group-D79A44C86311-StateMachineUpdater] INFO  ratis.ContainerStateMachine (ContainerStateMachine.java:takeSnapshot(341)) - group-D79A44C86311: Finished taking a snapshot at:(t:1, i:0) file:/home/runner/work/ozone/ozone/hadoop-ozone/integration-test/target/test-dir/MiniOzoneClusterImpl-463505b4-0bc6-4d58-b137-957c27341022/datanode-1/data/ratis/c9a066db-4236-4a08-9abf-d79a44c86311/sm/snapshot.1_0 took: 1 ms
2023-05-05 09:13:45,624 [331cda18-a74d-44be-9546-cb2763b08ec0-impl-thread3] INFO  segmented.SegmentedRaftLogWorker (SegmentedRaftLogWorker.java:close(257)) - 331cda18-a74d-44be-9546-cb2763b08ec0@group-14F0896166A6-SegmentedRaftLogWorker close()
2023-05-05 09:13:45,625 [grpc-default-executor-0] INFO  server.GrpcLogAppender (GrpcLogAppender.java:onCompleted(415)) - 4e824c96-211f-4ca2-8aff-d3ca17aa07c4@group-3CB1BBD3F3B4->7d67e38f-65cd-4cdb-ba90-6f13c999d08c-AppendLogResponseHandler: follower responses appendEntries COMPLETED
2023-05-05 09:13:45,625 [grpc-default-executor-0] WARN  server.GrpcLogAppender (GrpcLogAppender.java:resetClient(137)) - 4e824c96-211f-4ca2-8aff-d3ca17aa07c4@group-3CB1BBD3F3B4->7d67e38f-65cd-4cdb-ba90-6f13c999d08c-GrpcLogAppender: Failed to getClient for 7d67e38f-65cd-4cdb-ba90-6f13c999d08c
org.apache.ratis.protocol.exceptions.AlreadyClosedException: 4e824c96-211f-4ca2-8aff-d3ca17aa07c4 is already CLOSED
	at org.apache.ratis.util.PeerProxyMap$PeerAndProxy.getProxy(PeerProxyMap.java:61)
	at org.apache.ratis.util.PeerProxyMap.getProxy(PeerProxyMap.java:115)
	at org.apache.ratis.grpc.server.GrpcLogAppender.getClient(GrpcLogAppender.java:116)
	at org.apache.ratis.grpc.server.GrpcLogAppender.resetClient(GrpcLogAppender.java:121)
	at org.apache.ratis.grpc.server.GrpcLogAppender.access$500(GrpcLogAppender.java:58)
	at org.apache.ratis.grpc.server.GrpcLogAppender$AppendLogResponseHandler.onCompleted(GrpcLogAppender.java:416)
	at org.apache.ratis.thirdparty.io.grpc.stub.ClientCalls$StreamObserverToCallListenerAdapter.onClose(ClientCalls.java:485)
	at org.apache.ratis.thirdparty.io.grpc.internal.ClientCallImpl.closeObserver(ClientCallImpl.java:562)
	at org.apache.ratis.thirdparty.io.grpc.internal.ClientCallImpl.access$300(ClientCallImpl.java:70)
	at org.apache.ratis.thirdparty.io.grpc.internal.ClientCallImpl$ClientStreamListenerImpl$1StreamClosed.runInternal(ClientCallImpl.java:743)
	at org.apache.ratis.thirdparty.io.grpc.internal.ClientCallImpl$ClientStreamListenerImpl$1StreamClosed.runInContext(ClientCallImpl.java:722)
	at org.apache.ratis.thirdparty.io.grpc.internal.ContextRunnable.run(ContextRunnable.java:37)
	at org.apache.ratis.thirdparty.io.grpc.internal.SerializingExecutor.run(SerializingExecutor.java:133)
	at java.util.concurrent.ThreadPoolExecutor.runWorker(ThreadPoolExecutor.java:1149)
	at java.util.concurrent.ThreadPoolExecutor$Worker.run(ThreadPoolExecutor.java:624)
	at java.lang.Thread.run(Thread.java:750)
2023-05-05 09:13:45,627 [4e824c96-211f-4ca2-8aff-d3ca17aa07c4@group-3CB1BBD3F3B4-StateMachineUpdater] INFO  ratis.ContainerStateMachine (ContainerStateMachine.java:takeSnapshot(341)) - group-3CB1BBD3F3B4: Finished taking a snapshot at:(t:1, i:0) file:/home/runner/work/ozone/ozone/hadoop-ozone/integration-test/target/test-dir/MiniOzoneClusterImpl-463505b4-0bc6-4d58-b137-957c27341022/datanode-1/data/ratis/8fec42b3-e2b9-4def-8a26-3cb1bbd3f3b4/sm/snapshot.1_0 took: 2 ms
2023-05-05 09:13:45,627 [4e824c96-211f-4ca2-8aff-d3ca17aa07c4@group-3CB1BBD3F3B4-StateMachineUpdater] INFO  impl.StateMachineUpdater (StateMachineUpdater.java:takeSnapshot(287)) - 4e824c96-211f-4ca2-8aff-d3ca17aa07c4@group-3CB1BBD3F3B4-StateMachineUpdater: Took a snapshot at index 0
2023-05-05 09:13:45,627 [4e824c96-211f-4ca2-8aff-d3ca17aa07c4@group-3CB1BBD3F3B4-StateMachineUpdater] INFO  impl.StateMachineUpdater (StateMachineUpdater.java:lambda$new$0(92)) - 4e824c96-211f-4ca2-8aff-d3ca17aa07c4@group-3CB1BBD3F3B4-StateMachineUpdater: snapshotIndex: updateIncreasingly -1 -> 0
2023-05-05 09:13:45,627 [4e824c96-211f-4ca2-8aff-d3ca17aa07c4@group-D79A44C86311-StateMachineUpdater] INFO  impl.StateMachineUpdater (StateMachineUpdater.java:takeSnapshot(287)) - 4e824c96-211f-4ca2-8aff-d3ca17aa07c4@group-D79A44C86311-StateMachineUpdater: Took a snapshot at index 0
2023-05-05 09:13:45,627 [4e824c96-211f-4ca2-8aff-d3ca17aa07c4@group-D79A44C86311-StateMachineUpdater] INFO  impl.StateMachineUpdater (StateMachineUpdater.java:lambda$new$0(92)) - 4e824c96-211f-4ca2-8aff-d3ca17aa07c4@group-D79A44C86311-StateMachineUpdater: snapshotIndex: updateIncreasingly -1 -> 0
2023-05-05 09:13:45,627 [4e824c96-211f-4ca2-8aff-d3ca17aa07c4-impl-thread3] INFO  server.RaftServer$Division (ServerState.java:close(466)) - 4e824c96-211f-4ca2-8aff-d3ca17aa07c4@group-D79A44C86311: closes. applyIndex: 0
2023-05-05 09:13:45,627 [4e824c96-211f-4ca2-8aff-d3ca17aa07c4-impl-thread2] INFO  server.RaftServer$Division (ServerState.java:close(466)) - 4e824c96-211f-4ca2-8aff-d3ca17aa07c4@group-3CB1BBD3F3B4: closes. applyIndex: 0
2023-05-05 09:13:45,625 [grpc-default-executor-8] INFO  server.GrpcServerProtocolService (GrpcServerProtocolService.java:onCompleted(143)) - 7d67e38f-65cd-4cdb-ba90-6f13c999d08c: Completed APPEND_ENTRIES, lastRequest: 4e824c96-211f-4ca2-8aff-d3ca17aa07c4->7d67e38f-65cd-4cdb-ba90-6f13c999d08c#1-t1,previous=(t:0, i:0),leaderCommit=0,initializing? true,entries: size=1, first=(t:1, i:0), CONFIGURATIONENTRY(current:id: "331cda18-a74d-44be-9546-cb2763b08ec0"
address: "10.1.0.42:38619"
dataStreamAddress: "10.1.0.42:38911"
clientAddress: "10.1.0.42:38619"
adminAddress: "10.1.0.42:38619"
startupRole: FOLLOWER
,id: "4e824c96-211f-4ca2-8aff-d3ca17aa07c4"
address: "10.1.0.42:43919"
priority: 1
dataStreamAddress: "10.1.0.42:37115"
clientAddress: "10.1.0.42:43919"
adminAddress: "10.1.0.42:43919"
startupRole: FOLLOWER
,id: "7d67e38f-65cd-4cdb-ba90-6f13c999d08c"
address: "10.1.0.42:41273"
dataStreamAddress: "10.1.0.42:40597"
clientAddress: "10.1.0.42:41273"
adminAddress: "10.1.0.42:41273"
startupRole: FOLLOWER
, old:)
2023-05-05 09:13:45,628 [grpc-default-executor-8] INFO  server.GrpcLogAppender (GrpcLogAppender.java:onCompleted(415)) - 4e824c96-211f-4ca2-8aff-d3ca17aa07c4@group-3CB1BBD3F3B4->7d67e38f-65cd-4cdb-ba90-6f13c999d08c-AppendLogResponseHandler: follower responses appendEntries COMPLETED
2023-05-05 09:13:45,629 [grpc-default-executor-8] WARN  server.GrpcLogAppender (GrpcLogAppender.java:resetClient(137)) - 4e824c96-211f-4ca2-8aff-d3ca17aa07c4@group-3CB1BBD3F3B4->7d67e38f-65cd-4cdb-ba90-6f13c999d08c-GrpcLogAppender: Failed to getClient for 7d67e38f-65cd-4cdb-ba90-6f13c999d08c
org.apache.ratis.protocol.exceptions.AlreadyClosedException: 4e824c96-211f-4ca2-8aff-d3ca17aa07c4 is already CLOSED
	at org.apache.ratis.util.PeerProxyMap$PeerAndProxy.getProxy(PeerProxyMap.java:61)
	at org.apache.ratis.util.PeerProxyMap.getProxy(PeerProxyMap.java:115)
	at org.apache.ratis.grpc.server.GrpcLogAppender.getClient(GrpcLogAppender.java:116)
	at org.apache.ratis.grpc.server.GrpcLogAppender.resetClient(GrpcLogAppender.java:121)
	at org.apache.ratis.grpc.server.GrpcLogAppender.access$500(GrpcLogAppender.java:58)
	at org.apache.ratis.grpc.server.GrpcLogAppender$AppendLogResponseHandler.onCompleted(GrpcLogAppender.java:416)
	at org.apache.ratis.thirdparty.io.grpc.stub.ClientCalls$StreamObserverToCallListenerAdapter.onClose(ClientCalls.java:485)
	at org.apache.ratis.thirdparty.io.grpc.internal.ClientCallImpl.closeObserver(ClientCallImpl.java:562)
	at org.apache.ratis.thirdparty.io.grpc.internal.ClientCallImpl.access$300(ClientCallImpl.java:70)
	at org.apache.ratis.thirdparty.io.grpc.internal.ClientCallImpl$ClientStreamListenerImpl$1StreamClosed.runInternal(ClientCallImpl.java:743)
	at org.apache.ratis.thirdparty.io.grpc.internal.ClientCallImpl$ClientStreamListenerImpl$1StreamClosed.runInContext(ClientCallImpl.java:722)
	at org.apache.ratis.thirdparty.io.grpc.internal.ContextRunnable.run(ContextRunnable.java:37)
	at org.apache.ratis.thirdparty.io.grpc.internal.SerializingExecutor.run(SerializingExecutor.java:133)
	at java.util.concurrent.ThreadPoolExecutor.runWorker(ThreadPoolExecutor.java:1149)
	at java.util.concurrent.ThreadPoolExecutor$Worker.run(ThreadPoolExecutor.java:624)
	at java.lang.Thread.run(Thread.java:750)
2023-05-05 09:13:45,629 [331cda18-a74d-44be-9546-cb2763b08ec0-impl-thread2] INFO  impl.StateMachineUpdater (StateMachineUpdater.java:stopAndJoin(153)) - 331cda18-a74d-44be-9546-cb2763b08ec0@group-D79A44C86311-StateMachineUpdater: set stopIndex = 0
2023-05-05 09:13:45,629 [331cda18-a74d-44be-9546-cb2763b08ec0@group-D79A44C86311-StateMachineUpdater] INFO  ratis.ContainerStateMachine (ContainerStateMachine.java:takeSnapshot(330)) - group-D79A44C86311: Taking a snapshot at:(t:1, i:0) file /home/runner/work/ozone/ozone/hadoop-ozone/integration-test/target/test-dir/MiniOzoneClusterImpl-463505b4-0bc6-4d58-b137-957c27341022/datanode-0/data/ratis/c9a066db-4236-4a08-9abf-d79a44c86311/sm/snapshot.1_0
2023-05-05 09:13:45,629 [Listener at 127.0.0.1/37867] INFO  server.GrpcService (GrpcService.java:closeImpl(280)) - 4e824c96-211f-4ca2-8aff-d3ca17aa07c4: shutdown server GrpcServerProtocolService successfully
2023-05-05 09:13:45,629 [4e824c96-211f-4ca2-8aff-d3ca17aa07c4@group-3CB1BBD3F3B4-SegmentedRaftLogWorker] INFO  segmented.SegmentedRaftLogWorker (SegmentedRaftLogWorker.java:run(347)) - 4e824c96-211f-4ca2-8aff-d3ca17aa07c4@group-3CB1BBD3F3B4-SegmentedRaftLogWorker was interrupted, exiting. There are 0 tasks remaining in the queue.
2023-05-05 09:13:45,629 [4e824c96-211f-4ca2-8aff-d3ca17aa07c4@group-D79A44C86311-SegmentedRaftLogWorker] INFO  segmented.SegmentedRaftLogWorker (SegmentedRaftLogWorker.java:run(347)) - 4e824c96-211f-4ca2-8aff-d3ca17aa07c4@group-D79A44C86311-SegmentedRaftLogWorker was interrupted, exiting. There are 0 tasks remaining in the queue.
2023-05-05 09:13:45,629 [4e824c96-211f-4ca2-8aff-d3ca17aa07c4-NettyServerStreamRpc-bossGroup--thread1] INFO  logging.LoggingHandler (AbstractInternalLogger.java:log(148)) - [id: 0x6945b9bc, L:/0:0:0:0:0:0:0:0:37115] CLOSE
2023-05-05 09:13:45,630 [4e824c96-211f-4ca2-8aff-d3ca17aa07c4-NettyServerStreamRpc-bossGroup--thread1] INFO  logging.LoggingHandler (AbstractInternalLogger.java:log(148)) - [id: 0x6945b9bc, L:/0:0:0:0:0:0:0:0:37115] INACTIVE
2023-05-05 09:13:45,630 [331cda18-a74d-44be-9546-cb2763b08ec0@group-D79A44C86311-StateMachineUpdater] INFO  ratis.ContainerStateMachine (ContainerStateMachine.java:takeSnapshot(341)) - group-D79A44C86311: Finished taking a snapshot at:(t:1, i:0) file:/home/runner/work/ozone/ozone/hadoop-ozone/integration-test/target/test-dir/MiniOzoneClusterImpl-463505b4-0bc6-4d58-b137-957c27341022/datanode-0/data/ratis/c9a066db-4236-4a08-9abf-d79a44c86311/sm/snapshot.1_0 took: 1 ms
2023-05-05 09:13:45,630 [331cda18-a74d-44be-9546-cb2763b08ec0@group-D79A44C86311-StateMachineUpdater] INFO  impl.StateMachineUpdater (StateMachineUpdater.java:takeSnapshot(287)) - 331cda18-a74d-44be-9546-cb2763b08ec0@group-D79A44C86311-StateMachineUpdater: Took a snapshot at index 0
2023-05-05 09:13:45,630 [331cda18-a74d-44be-9546-cb2763b08ec0@group-D79A44C86311-StateMachineUpdater] INFO  impl.StateMachineUpdater (StateMachineUpdater.java:lambda$new$0(92)) - 331cda18-a74d-44be-9546-cb2763b08ec0@group-D79A44C86311-StateMachineUpdater: snapshotIndex: updateIncreasingly -1 -> 0
2023-05-05 09:13:45,630 [331cda18-a74d-44be-9546-cb2763b08ec0-impl-thread2] INFO  server.RaftServer$Division (ServerState.java:close(466)) - 331cda18-a74d-44be-9546-cb2763b08ec0@group-D79A44C86311: closes. applyIndex: 0
2023-05-05 09:13:45,630 [4e824c96-211f-4ca2-8aff-d3ca17aa07c4-NettyServerStreamRpc-bossGroup--thread1] INFO  logging.LoggingHandler (AbstractInternalLogger.java:log(148)) - [id: 0x6945b9bc, L:/0:0:0:0:0:0:0:0:37115] UNREGISTERED
2023-05-05 09:13:45,644 [331cda18-a74d-44be-9546-cb2763b08ec0@group-D79A44C86311-SegmentedRaftLogWorker] INFO  segmented.SegmentedRaftLogWorker (SegmentedRaftLogWorker.java:run(347)) - 331cda18-a74d-44be-9546-cb2763b08ec0@group-D79A44C86311-SegmentedRaftLogWorker was interrupted, exiting. There are 0 tasks remaining in the queue.
2023-05-05 09:13:45,650 [4e824c96-211f-4ca2-8aff-d3ca17aa07c4-impl-thread3] INFO  segmented.SegmentedRaftLogWorker (SegmentedRaftLogWorker.java:close(257)) - 4e824c96-211f-4ca2-8aff-d3ca17aa07c4@group-D79A44C86311-SegmentedRaftLogWorker close()
2023-05-05 09:13:45,650 [4e824c96-211f-4ca2-8aff-d3ca17aa07c4-impl-thread2] INFO  segmented.SegmentedRaftLogWorker (SegmentedRaftLogWorker.java:close(257)) - 4e824c96-211f-4ca2-8aff-d3ca17aa07c4@group-3CB1BBD3F3B4-SegmentedRaftLogWorker close()
2023-05-05 09:13:45,655 [331cda18-a74d-44be-9546-cb2763b08ec0-impl-thread2] INFO  segmented.SegmentedRaftLogWorker (SegmentedRaftLogWorker.java:close(257)) - 331cda18-a74d-44be-9546-cb2763b08ec0@group-D79A44C86311-SegmentedRaftLogWorker close()
2023-05-05 09:13:45,656 [JvmPauseMonitor27] INFO  util.JvmPauseMonitor (JvmPauseMonitor.java:run(111)) - JvmPauseMonitor-4e824c96-211f-4ca2-8aff-d3ca17aa07c4: Stopped
2023-05-05 09:13:45,658 [JvmPauseMonitor26] INFO  util.JvmPauseMonitor (JvmPauseMonitor.java:run(111)) - JvmPauseMonitor-331cda18-a74d-44be-9546-cb2763b08ec0: Stopped
2023-05-05 09:13:47,664 [ForkJoinPool.commonPool-worker-0] INFO  volume.HddsVolume (HddsVolume.java:closeDbStore(437)) - SchemaV3 db is stopped at /home/runner/work/ozone/ozone/hadoop-ozone/integration-test/target/test-dir/MiniOzoneClusterImpl-463505b4-0bc6-4d58-b137-957c27341022/datanode-0/data-0/containers/hdds/463505b4-0bc6-4d58-b137-957c27341022/DS-bc20476c-d2e5-4b8b-9940-f8b1a0e02065/container.db for volume DS-bc20476c-d2e5-4b8b-9940-f8b1a0e02065
2023-05-05 09:13:47,665 [ForkJoinPool.commonPool-worker-0] INFO  utils.BackgroundService (BackgroundService.java:shutdown(141)) - Shutting down service BlockDeletingService
2023-05-05 09:13:47,666 [Listener at 127.0.0.1/37867] INFO  volume.HddsVolume (HddsVolume.java:closeDbStore(437)) - SchemaV3 db is stopped at /home/runner/work/ozone/ozone/hadoop-ozone/integration-test/target/test-dir/MiniOzoneClusterImpl-463505b4-0bc6-4d58-b137-957c27341022/datanode-1/data-0/containers/hdds/463505b4-0bc6-4d58-b137-957c27341022/DS-bfe8e933-27b2-4a40-bee7-069fdd144e0a/container.db for volume DS-bfe8e933-27b2-4a40-bee7-069fdd144e0a
2023-05-05 09:13:47,666 [Listener at 127.0.0.1/37867] INFO  utils.BackgroundService (BackgroundService.java:shutdown(141)) - Shutting down service BlockDeletingService
2023-05-05 09:13:47,666 [Listener at 127.0.0.1/37867] INFO  utils.BackgroundService (BackgroundService.java:shutdown(141)) - Shutting down service StaleRecoveringContainerScrubbingService
2023-05-05 09:13:47,666 [ForkJoinPool.commonPool-worker-0] INFO  utils.BackgroundService (BackgroundService.java:shutdown(141)) - Shutting down service StaleRecoveringContainerScrubbingService
2023-05-05 09:13:47,672 [Listener at 127.0.0.1/37867] INFO  statemachine.DatanodeStateMachine (DatanodeStateMachine.java:stopDaemon(608)) - Ozone container server stopped.
2023-05-05 09:13:47,674 [ForkJoinPool.commonPool-worker-0] INFO  statemachine.DatanodeStateMachine (DatanodeStateMachine.java:stopDaemon(608)) - Ozone container server stopped.
2023-05-05 09:13:47,689 [ForkJoinPool.commonPool-worker-0] INFO  handler.ContextHandler (ContextHandler.java:doStop(1159)) - Stopped o.e.j.w.WebAppContext@4f5de6ab{hddsDatanode,/,null,STOPPED}{jar:file:/home/runner/.m2/repository/org/apache/ozone/hdds-container-service/1.4.0-SNAPSHOT/hdds-container-service-1.4.0-SNAPSHOT.jar!/webapps/hddsDatanode}
2023-05-05 09:13:47,691 [Listener at 127.0.0.1/37867] INFO  handler.ContextHandler (ContextHandler.java:doStop(1159)) - Stopped o.e.j.w.WebAppContext@26dc5353{hddsDatanode,/,null,STOPPED}{jar:file:/home/runner/.m2/repository/org/apache/ozone/hdds-container-service/1.4.0-SNAPSHOT/hdds-container-service-1.4.0-SNAPSHOT.jar!/webapps/hddsDatanode}
2023-05-05 09:13:47,691 [ForkJoinPool.commonPool-worker-0] INFO  server.AbstractConnector (AbstractConnector.java:doStop(383)) - Stopped ServerConnector@4410d18f{HTTP/1.1, (http/1.1)}{0.0.0.0:0}
2023-05-05 09:13:47,691 [ForkJoinPool.commonPool-worker-0] INFO  server.session (HouseKeeper.java:stopScavenging(149)) - node0 Stopped scavenging
2023-05-05 09:13:47,692 [ForkJoinPool.commonPool-worker-0] INFO  handler.ContextHandler (ContextHandler.java:doStop(1159)) - Stopped o.e.j.s.ServletContextHandler@1e5bc8e9{static,/static,jar:file:/home/runner/.m2/repository/org/apache/ozone/hdds-container-service/1.4.0-SNAPSHOT/hdds-container-service-1.4.0-SNAPSHOT.jar!/webapps/static,STOPPED}
2023-05-05 09:13:47,693 [ForkJoinPool.commonPool-worker-0] INFO  handler.ContextHandler (ContextHandler.java:doStop(1159)) - Stopped o.e.j.s.ServletContextHandler@2d6405d9{logs,/logs,file:///home/runner/work/ozone/ozone/hadoop-ozone/integration-test/target/log,STOPPED}
2023-05-05 09:13:47,694 [Listener at 127.0.0.1/37867] INFO  server.AbstractConnector (AbstractConnector.java:doStop(383)) - Stopped ServerConnector@630cd734{HTTP/1.1, (http/1.1)}{0.0.0.0:0}
2023-05-05 09:13:47,694 [Listener at 127.0.0.1/37867] INFO  server.session (HouseKeeper.java:stopScavenging(149)) - node0 Stopped scavenging
2023-05-05 09:13:47,694 [Listener at 127.0.0.1/37867] INFO  handler.ContextHandler (ContextHandler.java:doStop(1159)) - Stopped o.e.j.s.ServletContextHandler@53ed6916{static,/static,jar:file:/home/runner/.m2/repository/org/apache/ozone/hdds-container-service/1.4.0-SNAPSHOT/hdds-container-service-1.4.0-SNAPSHOT.jar!/webapps/static,STOPPED}
2023-05-05 09:13:47,694 [Listener at 127.0.0.1/37867] INFO  handler.ContextHandler (ContextHandler.java:doStop(1159)) - Stopped o.e.j.s.ServletContextHandler@3ad22815{logs,/logs,file:///home/runner/work/ozone/ozone/hadoop-ozone/integration-test/target/log,STOPPED}
2023-05-05 09:13:47,696 [ForkJoinPool.commonPool-worker-0] INFO  ozoneimpl.OzoneContainer (OzoneContainer.java:stop(419)) - Attempting to stop container services.
2023-05-05 09:13:47,697 [ForkJoinPool.commonPool-worker-0] INFO  server.RaftServer (RaftServerProxy.java:lambda$close$6(409)) - 7d67e38f-65cd-4cdb-ba90-6f13c999d08c: close
2023-05-05 09:13:47,698 [7d67e38f-65cd-4cdb-ba90-6f13c999d08c-impl-thread1] INFO  server.RaftServer$Division (RaftServerImpl.java:lambda$close$4(458)) - 7d67e38f-65cd-4cdb-ba90-6f13c999d08c@group-5A03AFDC34C8: shutdown
2023-05-05 09:13:47,698 [7d67e38f-65cd-4cdb-ba90-6f13c999d08c-impl-thread1] INFO  util.JmxRegister (JmxRegister.java:unregister(73)) - Successfully un-registered JMX Bean with object name Ratis:service=RaftServer,group=group-5A03AFDC34C8,id=7d67e38f-65cd-4cdb-ba90-6f13c999d08c
2023-05-05 09:13:47,698 [7d67e38f-65cd-4cdb-ba90-6f13c999d08c-impl-thread1] INFO  impl.RoleInfo (RoleInfo.java:shutdownLeaderState(93)) - 7d67e38f-65cd-4cdb-ba90-6f13c999d08c: shutdown 7d67e38f-65cd-4cdb-ba90-6f13c999d08c@group-5A03AFDC34C8-LeaderStateImpl
2023-05-05 09:13:47,698 [7d67e38f-65cd-4cdb-ba90-6f13c999d08c-impl-thread2] INFO  server.RaftServer$Division (RaftServerImpl.java:lambda$close$4(458)) - 7d67e38f-65cd-4cdb-ba90-6f13c999d08c@group-3CB1BBD3F3B4: shutdown
2023-05-05 09:13:47,698 [7d67e38f-65cd-4cdb-ba90-6f13c999d08c-impl-thread1] INFO  impl.PendingRequests (PendingRequests.java:sendNotLeaderResponses(282)) - 7d67e38f-65cd-4cdb-ba90-6f13c999d08c@group-5A03AFDC34C8-PendingRequests: sendNotLeaderResponses
2023-05-05 09:13:47,698 [ForkJoinPool.commonPool-worker-0] INFO  server.GrpcService (GrpcService.java:closeImpl(271)) - 7d67e38f-65cd-4cdb-ba90-6f13c999d08c: shutdown server GrpcServerProtocolService now
2023-05-05 09:13:47,698 [7d67e38f-65cd-4cdb-ba90-6f13c999d08c-impl-thread2] INFO  util.JmxRegister (JmxRegister.java:unregister(73)) - Successfully un-registered JMX Bean with object name Ratis:service=RaftServer,group=group-3CB1BBD3F3B4,id=7d67e38f-65cd-4cdb-ba90-6f13c999d08c
2023-05-05 09:13:47,698 [7d67e38f-65cd-4cdb-ba90-6f13c999d08c-impl-thread2] INFO  impl.RoleInfo (RoleInfo.java:shutdownFollowerState(110)) - 7d67e38f-65cd-4cdb-ba90-6f13c999d08c: shutdown 7d67e38f-65cd-4cdb-ba90-6f13c999d08c@group-3CB1BBD3F3B4-FollowerState
2023-05-05 09:13:47,698 [7d67e38f-65cd-4cdb-ba90-6f13c999d08c@group-5A03AFDC34C8-StateMachineUpdater] INFO  ratis.ContainerStateMachine (ContainerStateMachine.java:takeSnapshot(330)) - group-5A03AFDC34C8: Taking a snapshot at:(t:1, i:0) file /home/runner/work/ozone/ozone/hadoop-ozone/integration-test/target/test-dir/MiniOzoneClusterImpl-463505b4-0bc6-4d58-b137-957c27341022/datanode-2/data/ratis/b6645d23-c619-48fd-b590-5a03afdc34c8/sm/snapshot.1_0
2023-05-05 09:13:47,698 [7d67e38f-65cd-4cdb-ba90-6f13c999d08c@group-3CB1BBD3F3B4-FollowerState] INFO  impl.FollowerState (FollowerState.java:run(152)) - 7d67e38f-65cd-4cdb-ba90-6f13c999d08c@group-3CB1BBD3F3B4-FollowerState was interrupted
2023-05-05 09:13:47,699 [7d67e38f-65cd-4cdb-ba90-6f13c999d08c-impl-thread3] INFO  server.RaftServer$Division (RaftServerImpl.java:lambda$close$4(458)) - 7d67e38f-65cd-4cdb-ba90-6f13c999d08c@group-D79A44C86311: shutdown
2023-05-05 09:13:47,698 [7d67e38f-65cd-4cdb-ba90-6f13c999d08c-impl-thread1] INFO  impl.StateMachineUpdater (StateMachineUpdater.java:stopAndJoin(153)) - 7d67e38f-65cd-4cdb-ba90-6f13c999d08c@group-5A03AFDC34C8-StateMachineUpdater: set stopIndex = 0
2023-05-05 09:13:47,699 [7d67e38f-65cd-4cdb-ba90-6f13c999d08c-impl-thread3] INFO  util.JmxRegister (JmxRegister.java:unregister(73)) - Successfully un-registered JMX Bean with object name Ratis:service=RaftServer,group=group-D79A44C86311,id=7d67e38f-65cd-4cdb-ba90-6f13c999d08c
2023-05-05 09:13:47,699 [7d67e38f-65cd-4cdb-ba90-6f13c999d08c-impl-thread2] INFO  impl.StateMachineUpdater (StateMachineUpdater.java:stopAndJoin(153)) - 7d67e38f-65cd-4cdb-ba90-6f13c999d08c@group-3CB1BBD3F3B4-StateMachineUpdater: set stopIndex = 0
2023-05-05 09:13:47,699 [7d67e38f-65cd-4cdb-ba90-6f13c999d08c@group-3CB1BBD3F3B4-StateMachineUpdater] INFO  ratis.ContainerStateMachine (ContainerStateMachine.java:takeSnapshot(330)) - group-3CB1BBD3F3B4: Taking a snapshot at:(t:1, i:0) file /home/runner/work/ozone/ozone/hadoop-ozone/integration-test/target/test-dir/MiniOzoneClusterImpl-463505b4-0bc6-4d58-b137-957c27341022/datanode-2/data/ratis/8fec42b3-e2b9-4def-8a26-3cb1bbd3f3b4/sm/snapshot.1_0
2023-05-05 09:13:47,703 [ForkJoinPool.commonPool-worker-0] INFO  server.GrpcServerProtocolClient (GrpcServerProtocolClient.java:close(101)) - 331cda18-a74d-44be-9546-cb2763b08ec0 Close channels
2023-05-05 09:13:47,703 [7d67e38f-65cd-4cdb-ba90-6f13c999d08c@group-5A03AFDC34C8-StateMachineUpdater] INFO  ratis.ContainerStateMachine (ContainerStateMachine.java:takeSnapshot(341)) - group-5A03AFDC34C8: Finished taking a snapshot at:(t:1, i:0) file:/home/runner/work/ozone/ozone/hadoop-ozone/integration-test/target/test-dir/MiniOzoneClusterImpl-463505b4-0bc6-4d58-b137-957c27341022/datanode-2/data/ratis/b6645d23-c619-48fd-b590-5a03afdc34c8/sm/snapshot.1_0 took: 5 ms
2023-05-05 09:13:47,699 [7d67e38f-65cd-4cdb-ba90-6f13c999d08c-impl-thread3] INFO  impl.RoleInfo (RoleInfo.java:shutdownFollowerState(110)) - 7d67e38f-65cd-4cdb-ba90-6f13c999d08c: shutdown 7d67e38f-65cd-4cdb-ba90-6f13c999d08c@group-D79A44C86311-FollowerState
2023-05-05 09:13:47,704 [ForkJoinPool.commonPool-worker-0] INFO  server.GrpcServerProtocolClient (GrpcServerProtocolClient.java:close(101)) - 4e824c96-211f-4ca2-8aff-d3ca17aa07c4 Close channels
2023-05-05 09:13:47,705 [ForkJoinPool.commonPool-worker-0] INFO  server.GrpcService (GrpcService.java:closeImpl(280)) - 7d67e38f-65cd-4cdb-ba90-6f13c999d08c: shutdown server GrpcServerProtocolService successfully
2023-05-05 09:13:47,704 [7d67e38f-65cd-4cdb-ba90-6f13c999d08c@group-5A03AFDC34C8-StateMachineUpdater] INFO  impl.StateMachineUpdater (StateMachineUpdater.java:takeSnapshot(287)) - 7d67e38f-65cd-4cdb-ba90-6f13c999d08c@group-5A03AFDC34C8-StateMachineUpdater: Took a snapshot at index 0
2023-05-05 09:13:47,705 [7d67e38f-65cd-4cdb-ba90-6f13c999d08c-NettyServerStreamRpc-bossGroup--thread1] INFO  logging.LoggingHandler (AbstractInternalLogger.java:log(148)) - [id: 0x2fbbec32, L:/0:0:0:0:0:0:0:0:40597] CLOSE
2023-05-05 09:13:47,705 [7d67e38f-65cd-4cdb-ba90-6f13c999d08c@group-D79A44C86311-FollowerState] INFO  impl.FollowerState (FollowerState.java:run(152)) - 7d67e38f-65cd-4cdb-ba90-6f13c999d08c@group-D79A44C86311-FollowerState was interrupted
2023-05-05 09:13:47,704 [7d67e38f-65cd-4cdb-ba90-6f13c999d08c@group-3CB1BBD3F3B4-StateMachineUpdater] INFO  ratis.ContainerStateMachine (ContainerStateMachine.java:takeSnapshot(341)) - group-3CB1BBD3F3B4: Finished taking a snapshot at:(t:1, i:0) file:/home/runner/work/ozone/ozone/hadoop-ozone/integration-test/target/test-dir/MiniOzoneClusterImpl-463505b4-0bc6-4d58-b137-957c27341022/datanode-2/data/ratis/8fec42b3-e2b9-4def-8a26-3cb1bbd3f3b4/sm/snapshot.1_0 took: 6 ms
2023-05-05 09:13:47,705 [7d67e38f-65cd-4cdb-ba90-6f13c999d08c-NettyServerStreamRpc-bossGroup--thread1] INFO  logging.LoggingHandler (AbstractInternalLogger.java:log(148)) - [id: 0x2fbbec32, L:/0:0:0:0:0:0:0:0:40597] INACTIVE
2023-05-05 09:13:47,705 [7d67e38f-65cd-4cdb-ba90-6f13c999d08c@group-3CB1BBD3F3B4-StateMachineUpdater] INFO  impl.StateMachineUpdater (StateMachineUpdater.java:takeSnapshot(287)) - 7d67e38f-65cd-4cdb-ba90-6f13c999d08c@group-3CB1BBD3F3B4-StateMachineUpdater: Took a snapshot at index 0
2023-05-05 09:13:47,705 [7d67e38f-65cd-4cdb-ba90-6f13c999d08c@group-3CB1BBD3F3B4-StateMachineUpdater] INFO  impl.StateMachineUpdater (StateMachineUpdater.java:lambda$new$0(92)) - 7d67e38f-65cd-4cdb-ba90-6f13c999d08c@group-3CB1BBD3F3B4-StateMachineUpdater: snapshotIndex: updateIncreasingly -1 -> 0
2023-05-05 09:13:47,705 [7d67e38f-65cd-4cdb-ba90-6f13c999d08c@group-5A03AFDC34C8-StateMachineUpdater] INFO  impl.StateMachineUpdater (StateMachineUpdater.java:lambda$new$0(92)) - 7d67e38f-65cd-4cdb-ba90-6f13c999d08c@group-5A03AFDC34C8-StateMachineUpdater: snapshotIndex: updateIncreasingly -1 -> 0
2023-05-05 09:13:47,705 [7d67e38f-65cd-4cdb-ba90-6f13c999d08c-NettyServerStreamRpc-bossGroup--thread1] INFO  logging.LoggingHandler (AbstractInternalLogger.java:log(148)) - [id: 0x2fbbec32, L:/0:0:0:0:0:0:0:0:40597] UNREGISTERED
2023-05-05 09:13:47,705 [7d67e38f-65cd-4cdb-ba90-6f13c999d08c-impl-thread2] INFO  server.RaftServer$Division (ServerState.java:close(466)) - 7d67e38f-65cd-4cdb-ba90-6f13c999d08c@group-3CB1BBD3F3B4: closes. applyIndex: 0
2023-05-05 09:13:47,705 [7d67e38f-65cd-4cdb-ba90-6f13c999d08c-impl-thread1] INFO  server.RaftServer$Division (ServerState.java:close(466)) - 7d67e38f-65cd-4cdb-ba90-6f13c999d08c@group-5A03AFDC34C8: closes. applyIndex: 0
2023-05-05 09:13:47,706 [7d67e38f-65cd-4cdb-ba90-6f13c999d08c@group-3CB1BBD3F3B4-SegmentedRaftLogWorker] INFO  segmented.SegmentedRaftLogWorker (SegmentedRaftLogWorker.java:run(347)) - 7d67e38f-65cd-4cdb-ba90-6f13c999d08c@group-3CB1BBD3F3B4-SegmentedRaftLogWorker was interrupted, exiting. There are 0 tasks remaining in the queue.
2023-05-05 09:13:47,706 [7d67e38f-65cd-4cdb-ba90-6f13c999d08c@group-D79A44C86311-StateMachineUpdater] INFO  ratis.ContainerStateMachine (ContainerStateMachine.java:takeSnapshot(330)) - group-D79A44C86311: Taking a snapshot at:(t:1, i:0) file /home/runner/work/ozone/ozone/hadoop-ozone/integration-test/target/test-dir/MiniOzoneClusterImpl-463505b4-0bc6-4d58-b137-957c27341022/datanode-2/data/ratis/c9a066db-4236-4a08-9abf-d79a44c86311/sm/snapshot.1_0
2023-05-05 09:13:47,706 [7d67e38f-65cd-4cdb-ba90-6f13c999d08c-impl-thread3] INFO  impl.StateMachineUpdater (StateMachineUpdater.java:stopAndJoin(153)) - 7d67e38f-65cd-4cdb-ba90-6f13c999d08c@group-D79A44C86311-StateMachineUpdater: set stopIndex = 0
2023-05-05 09:13:47,706 [7d67e38f-65cd-4cdb-ba90-6f13c999d08c@group-D79A44C86311-StateMachineUpdater] INFO  ratis.ContainerStateMachine (ContainerStateMachine.java:takeSnapshot(341)) - group-D79A44C86311: Finished taking a snapshot at:(t:1, i:0) file:/home/runner/work/ozone/ozone/hadoop-ozone/integration-test/target/test-dir/MiniOzoneClusterImpl-463505b4-0bc6-4d58-b137-957c27341022/datanode-2/data/ratis/c9a066db-4236-4a08-9abf-d79a44c86311/sm/snapshot.1_0 took: 1 ms
2023-05-05 09:13:47,706 [7d67e38f-65cd-4cdb-ba90-6f13c999d08c@group-D79A44C86311-StateMachineUpdater] INFO  impl.StateMachineUpdater (StateMachineUpdater.java:takeSnapshot(287)) - 7d67e38f-65cd-4cdb-ba90-6f13c999d08c@group-D79A44C86311-StateMachineUpdater: Took a snapshot at index 0
2023-05-05 09:13:47,707 [7d67e38f-65cd-4cdb-ba90-6f13c999d08c@group-D79A44C86311-StateMachineUpdater] INFO  impl.StateMachineUpdater (StateMachineUpdater.java:lambda$new$0(92)) - 7d67e38f-65cd-4cdb-ba90-6f13c999d08c@group-D79A44C86311-StateMachineUpdater: snapshotIndex: updateIncreasingly -1 -> 0
2023-05-05 09:13:47,707 [7d67e38f-65cd-4cdb-ba90-6f13c999d08c-impl-thread3] INFO  server.RaftServer$Division (ServerState.java:close(466)) - 7d67e38f-65cd-4cdb-ba90-6f13c999d08c@group-D79A44C86311: closes. applyIndex: 0
2023-05-05 09:13:47,707 [7d67e38f-65cd-4cdb-ba90-6f13c999d08c@group-D79A44C86311-SegmentedRaftLogWorker] INFO  segmented.SegmentedRaftLogWorker (SegmentedRaftLogWorker.java:run(347)) - 7d67e38f-65cd-4cdb-ba90-6f13c999d08c@group-D79A44C86311-SegmentedRaftLogWorker was interrupted, exiting. There are 0 tasks remaining in the queue.
2023-05-05 09:13:47,708 [7d67e38f-65cd-4cdb-ba90-6f13c999d08c-impl-thread2] INFO  segmented.SegmentedRaftLogWorker (SegmentedRaftLogWorker.java:close(257)) - 7d67e38f-65cd-4cdb-ba90-6f13c999d08c@group-3CB1BBD3F3B4-SegmentedRaftLogWorker close()
2023-05-05 09:13:47,708 [7d67e38f-65cd-4cdb-ba90-6f13c999d08c@group-5A03AFDC34C8-SegmentedRaftLogWorker] INFO  segmented.SegmentedRaftLogWorker (SegmentedRaftLogWorker.java:run(347)) - 7d67e38f-65cd-4cdb-ba90-6f13c999d08c@group-5A03AFDC34C8-SegmentedRaftLogWorker was interrupted, exiting. There are 0 tasks remaining in the queue.
2023-05-05 09:13:47,709 [7d67e38f-65cd-4cdb-ba90-6f13c999d08c-impl-thread1] INFO  segmented.SegmentedRaftLogWorker (SegmentedRaftLogWorker.java:close(257)) - 7d67e38f-65cd-4cdb-ba90-6f13c999d08c@group-5A03AFDC34C8-SegmentedRaftLogWorker close()
2023-05-05 09:13:47,713 [7d67e38f-65cd-4cdb-ba90-6f13c999d08c-impl-thread3] INFO  segmented.SegmentedRaftLogWorker (SegmentedRaftLogWorker.java:close(257)) - 7d67e38f-65cd-4cdb-ba90-6f13c999d08c@group-D79A44C86311-SegmentedRaftLogWorker close()
2023-05-05 09:13:47,716 [JvmPauseMonitor28] INFO  util.JvmPauseMonitor (JvmPauseMonitor.java:run(111)) - JvmPauseMonitor-7d67e38f-65cd-4cdb-ba90-6f13c999d08c: Stopped
2023-05-05 09:13:49,720 [ForkJoinPool.commonPool-worker-0] INFO  volume.HddsVolume (HddsVolume.java:closeDbStore(437)) - SchemaV3 db is stopped at /home/runner/work/ozone/ozone/hadoop-ozone/integration-test/target/test-dir/MiniOzoneClusterImpl-463505b4-0bc6-4d58-b137-957c27341022/datanode-2/data-0/containers/hdds/463505b4-0bc6-4d58-b137-957c27341022/DS-f0e3dbe7-c0e1-400f-9ddc-f53ce8f8fde1/container.db for volume DS-f0e3dbe7-c0e1-400f-9ddc-f53ce8f8fde1
2023-05-05 09:13:49,721 [ForkJoinPool.commonPool-worker-0] INFO  utils.BackgroundService (BackgroundService.java:shutdown(141)) - Shutting down service BlockDeletingService
2023-05-05 09:13:49,721 [ForkJoinPool.commonPool-worker-0] INFO  utils.BackgroundService (BackgroundService.java:shutdown(141)) - Shutting down service StaleRecoveringContainerScrubbingService
2023-05-05 09:13:49,726 [ForkJoinPool.commonPool-worker-0] INFO  statemachine.DatanodeStateMachine (DatanodeStateMachine.java:stopDaemon(608)) - Ozone container server stopped.
2023-05-05 09:13:49,740 [ForkJoinPool.commonPool-worker-0] INFO  handler.ContextHandler (ContextHandler.java:doStop(1159)) - Stopped o.e.j.w.WebAppContext@6fca31cd{hddsDatanode,/,null,STOPPED}{jar:file:/home/runner/.m2/repository/org/apache/ozone/hdds-container-service/1.4.0-SNAPSHOT/hdds-container-service-1.4.0-SNAPSHOT.jar!/webapps/hddsDatanode}
2023-05-05 09:13:49,741 [ForkJoinPool.commonPool-worker-0] INFO  server.AbstractConnector (AbstractConnector.java:doStop(383)) - Stopped ServerConnector@46d2e510{HTTP/1.1, (http/1.1)}{0.0.0.0:0}
2023-05-05 09:13:49,741 [ForkJoinPool.commonPool-worker-0] INFO  server.session (HouseKeeper.java:stopScavenging(149)) - node0 Stopped scavenging
2023-05-05 09:13:49,742 [ForkJoinPool.commonPool-worker-0] INFO  handler.ContextHandler (ContextHandler.java:doStop(1159)) - Stopped o.e.j.s.ServletContextHandler@1efc214c{static,/static,jar:file:/home/runner/.m2/repository/org/apache/ozone/hdds-container-service/1.4.0-SNAPSHOT/hdds-container-service-1.4.0-SNAPSHOT.jar!/webapps/static,STOPPED}
2023-05-05 09:13:49,742 [ForkJoinPool.commonPool-worker-0] INFO  handler.ContextHandler (ContextHandler.java:doStop(1159)) - Stopped o.e.j.s.ServletContextHandler@492e6fd5{logs,/logs,file:///home/runner/work/ozone/ozone/hadoop-ozone/integration-test/target/log,STOPPED}
2023-05-05 09:13:49,744 [Listener at 127.0.0.1/37867] INFO  ozone.MiniOzoneClusterImpl (MiniOzoneClusterImpl.java:stopSCM(552)) - Stopping the StorageContainerManager
2023-05-05 09:13:49,744 [Listener at 127.0.0.1/37867] INFO  server.StorageContainerManager (StorageContainerManager.java:stop(1578)) - Container Balancer is not running.
2023-05-05 09:13:49,744 [Listener at 127.0.0.1/37867] INFO  server.StorageContainerManager (StorageContainerManager.java:stopReplicationManager(1709)) - Stopping Replication Manager Service.
2023-05-05 09:13:49,744 [Listener at 127.0.0.1/37867] INFO  replication.ReplicationManager (ReplicationManager.java:stop(326)) - Stopping Replication Monitor Thread.
2023-05-05 09:13:49,744 [Listener at 127.0.0.1/37867] INFO  server.StorageContainerManager (StorageContainerManager.java:stop(1587)) - Stopping the Datanode Admin Monitor.
2023-05-05 09:13:49,744 [Listener at 127.0.0.1/37867] INFO  server.StorageContainerManager (StorageContainerManager.java:stop(1594)) - Stopping datanode service RPC server
2023-05-05 09:13:49,744 [Listener at 127.0.0.1/37867] INFO  server.SCMDatanodeProtocolServer (SCMDatanodeProtocolServer.java:stop(424)) - Stopping the RPC server for DataNodes
2023-05-05 09:13:49,745 [Listener at 127.0.0.1/37867] INFO  ipc.Server (Server.java:stop(3501)) - Stopping server on 34849
2023-05-05 09:13:49,744 [ReplicationMonitor] INFO  replication.ReplicationManager (ReplicationManager.java:run(937)) - Replication Monitor Thread is stopped
2023-05-05 09:13:49,744 [Over Replicated Processor] WARN  replication.UnhealthyReplicationProcessor (UnhealthyReplicationProcessor.java:run(167)) - Over Replicated Processor interrupted. Exiting...
2023-05-05 09:13:49,744 [Under Replicated Processor] WARN  replication.UnhealthyReplicationProcessor (UnhealthyReplicationProcessor.java:run(167)) - Under Replicated Processor interrupted. Exiting...
2023-05-05 09:13:49,749 [IPC Server listener on 0] INFO  ipc.Server (Server.java:run(1430)) - Stopping IPC Server listener on 0
2023-05-05 09:13:49,750 [IPC Server Responder] INFO  ipc.Server (Server.java:run(1563)) - Stopping IPC Server Responder
2023-05-05 09:13:49,826 [SCM Heartbeat Processing Thread - 0] WARN  node.NodeStateManager (NodeStateManager.java:scheduleNextHealthCheck(870)) - Current Thread is interrupted, shutting down HB processing thread for Node Manager.
2023-05-05 09:13:49,827 [Listener at 127.0.0.1/37867] INFO  server.StorageContainerManager (StorageContainerManager.java:stop(1602)) - Stopping block service RPC server
2023-05-05 09:13:49,827 [Listener at 127.0.0.1/37867] INFO  server.SCMBlockProtocolServer (SCMBlockProtocolServer.java:stop(161)) - Stopping the RPC server for Block Protocol
2023-05-05 09:13:49,827 [Listener at 127.0.0.1/37867] INFO  ipc.Server (Server.java:stop(3501)) - Stopping server on 43089
2023-05-05 09:13:49,833 [IPC Server listener on 0] INFO  ipc.Server (Server.java:run(1430)) - Stopping IPC Server listener on 0
2023-05-05 09:13:49,835 [IPC Server Responder] INFO  ipc.Server (Server.java:run(1563)) - Stopping IPC Server Responder
2023-05-05 09:13:49,836 [Listener at 127.0.0.1/37867] INFO  server.StorageContainerManager (StorageContainerManager.java:stop(1609)) - Stopping the StorageContainerLocationProtocol RPC server
2023-05-05 09:13:49,836 [Listener at 127.0.0.1/37867] INFO  server.SCMClientProtocolServer (SCMClientProtocolServer.java:stop(208)) - Stopping the RPC server for Client Protocol
2023-05-05 09:13:49,836 [Listener at 127.0.0.1/37867] INFO  ipc.Server (Server.java:stop(3501)) - Stopping server on 43481
2023-05-05 09:13:49,840 [IPC Server Responder] INFO  ipc.Server (Server.java:run(1563)) - Stopping IPC Server Responder
2023-05-05 09:13:49,840 [IPC Server listener on 0] INFO  ipc.Server (Server.java:run(1430)) - Stopping IPC Server listener on 0
2023-05-05 09:13:49,841 [Listener at 127.0.0.1/37867] INFO  server.StorageContainerManager (StorageContainerManager.java:stop(1616)) - Stopping Storage Container Manager HTTP server.
2023-05-05 09:13:49,841 [Listener at 127.0.0.1/37867] INFO  handler.ContextHandler (ContextHandler.java:doStop(1159)) - Stopped o.e.j.w.WebAppContext@2caea5cc{scm,/,null,STOPPED}{file:/home/runner/work/ozone/ozone/hadoop-ozone/integration-test/target/test-classes/webapps/scm}
2023-05-05 09:13:49,843 [Listener at 127.0.0.1/37867] INFO  server.AbstractConnector (AbstractConnector.java:doStop(383)) - Stopped ServerConnector@7865453b{HTTP/1.1, (http/1.1)}{0.0.0.0:0}
2023-05-05 09:13:49,843 [Listener at 127.0.0.1/37867] INFO  server.session (HouseKeeper.java:stopScavenging(149)) - node0 Stopped scavenging
2023-05-05 09:13:49,843 [Listener at 127.0.0.1/37867] INFO  handler.ContextHandler (ContextHandler.java:doStop(1159)) - Stopped o.e.j.s.ServletContextHandler@4d94ed33{static,/static,file:///home/runner/work/ozone/ozone/hadoop-ozone/integration-test/target/test-classes/webapps/static,STOPPED}
2023-05-05 09:13:49,843 [Listener at 127.0.0.1/37867] INFO  handler.ContextHandler (ContextHandler.java:doStop(1159)) - Stopped o.e.j.s.ServletContextHandler@2fb9aa42{logs,/logs,file:///home/runner/work/ozone/ozone/hadoop-ozone/integration-test/target/log,STOPPED}
2023-05-05 09:13:49,846 [Listener at 127.0.0.1/37867] INFO  server.StorageContainerManager (StorageContainerManager.java:stop(1624)) - Stopping SCM LayoutVersionManager Service.
2023-05-05 09:13:49,846 [Listener at 127.0.0.1/37867] INFO  server.StorageContainerManager (StorageContainerManager.java:stop(1632)) - Stopping Block Manager Service.
2023-05-05 09:13:49,846 [Listener at 127.0.0.1/37867] INFO  utils.BackgroundService (BackgroundService.java:shutdown(141)) - Shutting down service SCMBlockDeletingService
2023-05-05 09:13:49,846 [Listener at 127.0.0.1/37867] INFO  utils.BackgroundService (BackgroundService.java:shutdown(141)) - Shutting down service SCMBlockDeletingService
2023-05-05 09:13:49,846 [Listener at 127.0.0.1/37867] INFO  server.StorageContainerManager (StorageContainerManager.java:stop(1654)) - Stopping SCM Event Queue.
2023-05-05 09:13:49,847 [Listener at 127.0.0.1/37867] INFO  server.StorageContainerManager (StorageContainerManager.java:stop(1665)) - Stopping SCM HA services.
2023-05-05 09:13:49,848 [Listener at 127.0.0.1/37867] INFO  pipeline.BackgroundPipelineCreator (BackgroundPipelineCreator.java:stop(149)) - Stopping RatisPipelineUtilsThread.
2023-05-05 09:13:49,848 [RatisPipelineUtilsThread - 0] WARN  pipeline.BackgroundPipelineCreator (BackgroundPipelineCreator.java:run(180)) - RatisPipelineUtilsThread is interrupted.
2023-05-05 09:13:49,848 [Listener at 127.0.0.1/37867] INFO  BackgroundPipelineScrubber (BackgroundSCMService.java:stop(131)) - Stopping BackgroundPipelineScrubber Service.
2023-05-05 09:13:49,848 [Listener at 127.0.0.1/37867] INFO  impl.MetricsSystemImpl (MetricsSystemImpl.java:stop(210)) - Stopping HddsDatanode metrics system...
2023-05-05 09:13:49,849 [BackgroundPipelineScrubberThread] WARN  BackgroundPipelineScrubber (BackgroundSCMService.java:run(115)) - BackgroundPipelineScrubber is interrupted, exit
2023-05-05 09:13:49,866 [Listener at 127.0.0.1/37867] INFO  impl.MetricsSystemImpl (MetricsSystemImpl.java:stop(216)) - HddsDatanode metrics system stopped.
2023-05-05 09:13:49,866 [Listener at 127.0.0.1/37867] WARN  pipeline.BackgroundPipelineCreator (BackgroundPipelineCreator.java:stop(145)) - RatisPipelineUtilsThread is not running, just ignore.
2023-05-05 09:13:49,866 [Listener at 127.0.0.1/37867] INFO  BackgroundPipelineScrubber (BackgroundSCMService.java:stop(126)) - BackgroundPipelineScrubber Service is not running, skip stop.
2023-05-05 09:13:49,866 [Listener at 127.0.0.1/37867] INFO  ExpiredContainerReplicaOpScrubber (BackgroundSCMService.java:stop(131)) - Stopping ExpiredContainerReplicaOpScrubber Service.
2023-05-05 09:13:49,866 [Listener at 127.0.0.1/37867] INFO  utils.BackgroundService (BackgroundService.java:shutdown(141)) - Shutting down service SCMBlockDeletingService
2023-05-05 09:13:49,866 [Listener at 127.0.0.1/37867] INFO  replication.ReplicationManager (ReplicationManager.java:stop(336)) - Replication Monitor Thread is not running.
2023-05-05 09:13:49,866 [Listener at 127.0.0.1/37867] WARN  balancer.ContainerBalancer (ContainerBalancer.java:stop(324)) - Cannot stop Container Balancer because it's not running or stopping
2023-05-05 09:13:49,867 [Listener at 127.0.0.1/37867] INFO  server.StorageContainerManager (StorageContainerManager.java:stop(1700)) - Stopping SCM MetadataStore.
2023-05-05 09:13:49,867 [ExpiredContainerReplicaOpScrubberThread] WARN  ExpiredContainerReplicaOpScrubber (BackgroundSCMService.java:run(115)) - ExpiredContainerReplicaOpScrubber is interrupted, exit
]]></system-out>
  </testcase>
  <testcase name="testIncrementalContainerReportQueue" classname="org.apache.hadoop.ozone.TestStorageContainerManager" time="3.089"/>
  <testcase name="testSCMInitializationWithHAEnabled" classname="org.apache.hadoop.ozone.TestStorageContainerManager" time="6.058">
    <system-out><![CDATA[2023-05-05 09:13:52,994 [Time-limited test] WARN  server.ServerUtils (ServerUtils.java:getScmDbDir(148)) - ozone.scm.db.dirs is not configured. We recommend adding this setting. Falling back to ozone.metadata.dirs instead.
2023-05-05 09:13:52,995 [Time-limited test] INFO  ha.SCMHANodeDetails (SCMHANodeDetails.java:loadSCMHAConfig(209)) - ServiceID for StorageContainerManager is null
2023-05-05 09:13:52,995 [Time-limited test] INFO  ha.SCMHANodeDetails (SCMHANodeDetails.java:loadSCMHAConfig(214)) - ozone.scm.default.service.id is not defined, falling back to ozone.scm.service.ids to find serviceID for StorageContainerManager if it is HA enabled cluster
2023-05-05 09:13:52,998 [Time-limited test] INFO  server.RaftServer (ConfUtils.java:logGet(46)) - raft.rpc.type = GRPC (default)
2023-05-05 09:13:52,998 [Time-limited test] INFO  grpc.GrpcConfigKeys (ConfUtils.java:logFallback(53)) - raft.grpc.admin.host = null (fallback to raft.grpc.server.host)
2023-05-05 09:13:52,999 [Time-limited test] INFO  grpc.GrpcConfigKeys (ConfUtils.java:logFallback(53)) - raft.grpc.admin.port = 9894 (fallback to raft.grpc.server.port)
2023-05-05 09:13:52,999 [Time-limited test] INFO  grpc.GrpcConfigKeys (ConfUtils.java:logFallback(53)) - raft.grpc.client.host = null (fallback to raft.grpc.server.host)
2023-05-05 09:13:52,999 [Time-limited test] INFO  grpc.GrpcConfigKeys (ConfUtils.java:logFallback(53)) - raft.grpc.client.port = 9894 (fallback to raft.grpc.server.port)
2023-05-05 09:13:52,999 [Time-limited test] INFO  grpc.GrpcConfigKeys (ConfUtils.java:logGet(46)) - raft.grpc.server.host = null (default)
2023-05-05 09:13:52,999 [Time-limited test] INFO  grpc.GrpcConfigKeys (ConfUtils.java:logGet(46)) - raft.grpc.server.port = 9894 (custom)
2023-05-05 09:13:52,999 [Time-limited test] INFO  server.GrpcService (ConfUtils.java:logGet(46)) - raft.grpc.message.size.max = 32m (=33554432) (custom)
2023-05-05 09:13:52,999 [Time-limited test] INFO  server.RaftServerConfigKeys (ConfUtils.java:logGet(46)) - raft.server.log.appender.buffer.byte-limit = 33554432 (custom)
2023-05-05 09:13:52,999 [Time-limited test] INFO  server.GrpcService (ConfUtils.java:logGet(46)) - raft.grpc.flow.control.window = 1MB (=1048576) (default)
2023-05-05 09:13:52,999 [Time-limited test] INFO  server.RaftServerConfigKeys (ConfUtils.java:logGet(46)) - raft.server.rpc.request.timeout = 30000ms (custom)
2023-05-05 09:13:52,999 [Time-limited test] INFO  grpc.GrpcConfigKeys (ConfUtils.java:logGet(46)) - raft.grpc.server.heartbeat.channel = true (default)
2023-05-05 09:13:52,999 [Time-limited test] INFO  grpc.GrpcConfigKeys (ConfUtils.java:logGet(46)) - raft.grpc.server.async.request.thread.pool.cached = true (default)
2023-05-05 09:13:52,999 [Time-limited test] INFO  grpc.GrpcConfigKeys (ConfUtils.java:logGet(46)) - raft.grpc.server.async.request.thread.pool.size = 32 (default)
2023-05-05 09:13:53,003 [Time-limited test] INFO  impl.DataStreamServerImpl (ConfUtils.java:logGet(46)) - raft.datastream.type = DISABLED (default)
2023-05-05 09:13:53,003 [Time-limited test] INFO  server.RaftServerConfigKeys (ConfUtils.java:logGet(46)) - raft.server.threadpool.proxy.cached = true (default)
2023-05-05 09:13:53,003 [Time-limited test] INFO  server.RaftServerConfigKeys (ConfUtils.java:logGet(46)) - raft.server.threadpool.proxy.size = 0 (default)
2023-05-05 09:13:53,003 [Time-limited test] INFO  server.RaftServerConfigKeys (ConfUtils.java:logGet(46)) - raft.server.rpc.slowness.timeout = 120000ms (custom)
2023-05-05 09:13:53,004 [Time-limited test] INFO  server.RaftServerConfigKeys (ConfUtils.java:logGet(46)) - raft.server.leaderelection.leader.step-down.wait-time = 10s (default)
2023-05-05 09:13:53,004 [Time-limited test] INFO  server.RaftServerConfigKeys (ConfUtils.java:logGet(46)) - raft.server.storage.dir = [/home/runner/work/ozone/ozone/hadoop-ozone/integration-test/target/test-dir/96b872c3-732e-41e9-bada-44541323f009/scm-meta/scm-ha] (custom)
2023-05-05 09:13:53,004 [Time-limited test] INFO  server.RaftServer (RaftServerProxy.java:addNew(96)) - 6d60236f-8063-4235-ba4e-ec3d8a8910cf: addNew group-3900BBA8A302:[6d60236f-8063-4235-ba4e-ec3d8a8910cf|rpc:fv-az152-207:9894|priority:0|startupRole:FOLLOWER] returns group-3900BBA8A302:java.util.concurrent.CompletableFuture@39e3c2dd[Not completed]
2023-05-05 09:13:53,007 [pool-1165-thread-1] INFO  server.RaftServer$Division (RaftServerImpl.java:<init>(195)) - 6d60236f-8063-4235-ba4e-ec3d8a8910cf: new RaftServerImpl for group-3900BBA8A302:[6d60236f-8063-4235-ba4e-ec3d8a8910cf|rpc:fv-az152-207:9894|priority:0|startupRole:FOLLOWER] with SCMStateMachine:uninitialized
2023-05-05 09:13:53,008 [pool-1165-thread-1] INFO  server.RaftServerConfigKeys (ConfUtils.java:logGet(46)) - raft.server.rpc.timeout.min = 5000ms (custom)
2023-05-05 09:13:53,008 [pool-1165-thread-1] INFO  server.RaftServerConfigKeys (ConfUtils.java:logGet(46)) - raft.server.rpc.timeout.max = 5200ms (custom)
2023-05-05 09:13:53,008 [pool-1165-thread-1] INFO  server.RaftServerConfigKeys (ConfUtils.java:logGet(46)) - raft.server.rpc.sleep.time = 25ms (default)
2023-05-05 09:13:53,008 [pool-1165-thread-1] INFO  server.RaftServerConfigKeys (ConfUtils.java:logGet(46)) - raft.server.rpc.slowness.timeout = 120000ms (custom)
2023-05-05 09:13:53,008 [pool-1165-thread-1] INFO  server.RaftServerConfigKeys (ConfUtils.java:logGet(46)) - raft.server.leaderelection.leader.step-down.wait-time = 10s (default)
2023-05-05 09:13:53,008 [pool-1165-thread-1] INFO  server.RaftServerConfigKeys (ConfUtils.java:logGet(46)) - raft.server.sleep.deviation.threshold = 300ms (default)
2023-05-05 09:13:53,008 [pool-1165-thread-1] INFO  server.RaftServer$Division (ServerState.java:<init>(118)) - 6d60236f-8063-4235-ba4e-ec3d8a8910cf@group-3900BBA8A302: ConfigurationManager, init=-1: peers:[6d60236f-8063-4235-ba4e-ec3d8a8910cf|rpc:fv-az152-207:9894|priority:0|startupRole:FOLLOWER]|listeners:[], old=null, confs=<EMPTY_MAP>
2023-05-05 09:13:53,008 [pool-1165-thread-1] INFO  server.RaftServerConfigKeys (ConfUtils.java:logGet(46)) - raft.server.storage.dir = [/home/runner/work/ozone/ozone/hadoop-ozone/integration-test/target/test-dir/96b872c3-732e-41e9-bada-44541323f009/scm-meta/scm-ha] (custom)
2023-05-05 09:13:53,008 [pool-1165-thread-1] INFO  server.RaftServerConfigKeys (ConfUtils.java:logGet(46)) - raft.server.log.corruption.policy = EXCEPTION (default)
2023-05-05 09:13:53,008 [pool-1165-thread-1] INFO  server.RaftServerConfigKeys (ConfUtils.java:logGet(46)) - raft.server.storage.free-space.min = 0MB (=0) (default)
2023-05-05 09:13:53,008 [pool-1165-thread-1] INFO  server.RaftServerConfigKeys (ConfUtils.java:logGet(46)) - raft.server.notification.no-leader.timeout = 60s (default)
2023-05-05 09:13:53,008 [pool-1165-thread-1] INFO  server.RaftServerConfigKeys (ConfUtils.java:logGet(46)) - raft.server.retrycache.expirytime = 60000ms (default)
2023-05-05 09:13:53,008 [pool-1165-thread-1] INFO  server.RaftServerConfigKeys (ConfUtils.java:logGet(46)) - raft.server.retrycache.statistics.expirytime = 100μs (default)
2023-05-05 09:13:53,009 [pool-1165-thread-1] INFO  server.RaftServerConfigKeys (ConfUtils.java:logGet(46)) - raft.server.log.appender.install.snapshot.enabled = false (custom)
2023-05-05 09:13:53,009 [pool-1165-thread-1] INFO  server.RaftServerConfigKeys (ConfUtils.java:logGet(46)) - raft.server.threadpool.server.cached = true (default)
2023-05-05 09:13:53,009 [pool-1165-thread-1] INFO  server.RaftServerConfigKeys (ConfUtils.java:logGet(46)) - raft.server.threadpool.server.size = 0 (default)
2023-05-05 09:13:53,009 [pool-1165-thread-1] INFO  server.RaftServerConfigKeys (ConfUtils.java:logGet(46)) - raft.server.threadpool.client.cached = true (default)
2023-05-05 09:13:53,009 [pool-1165-thread-1] INFO  server.RaftServerConfigKeys (ConfUtils.java:logGet(46)) - raft.server.threadpool.client.size = 0 (default)
2023-05-05 09:13:53,009 [6d60236f-8063-4235-ba4e-ec3d8a8910cf-impl-thread1] INFO  storage.RaftStorageDirectory (RaftStorageDirectoryImpl.java:analyzeStorage(137)) - The storage directory /home/runner/work/ozone/ozone/hadoop-ozone/integration-test/target/test-dir/96b872c3-732e-41e9-bada-44541323f009/scm-meta/scm-ha/f24303a8-9766-4083-9fad-3900bba8a302 does not exist. Creating ...
2023-05-05 09:13:53,011 [6d60236f-8063-4235-ba4e-ec3d8a8910cf-impl-thread1] INFO  storage.RaftStorageDirectory (RaftStorageDirectoryImpl.java:tryLock(231)) - Lock on /home/runner/work/ozone/ozone/hadoop-ozone/integration-test/target/test-dir/96b872c3-732e-41e9-bada-44541323f009/scm-meta/scm-ha/f24303a8-9766-4083-9fad-3900bba8a302/in_use.lock acquired by nodename 7812@fv-az152-207
2023-05-05 09:13:53,012 [6d60236f-8063-4235-ba4e-ec3d8a8910cf-impl-thread1] INFO  storage.RaftStorage (RaftStorageImpl.java:format(96)) - Storage directory /home/runner/work/ozone/ozone/hadoop-ozone/integration-test/target/test-dir/96b872c3-732e-41e9-bada-44541323f009/scm-meta/scm-ha/f24303a8-9766-4083-9fad-3900bba8a302 has been successfully formatted.
2023-05-05 09:13:53,013 [6d60236f-8063-4235-ba4e-ec3d8a8910cf-impl-thread1] INFO  server.RaftServerConfigKeys (ConfUtils.java:logGet(46)) - raft.server.log.use.memory = false (default)
2023-05-05 09:13:53,013 [6d60236f-8063-4235-ba4e-ec3d8a8910cf-impl-thread1] INFO  server.RaftServerConfigKeys (ConfUtils.java:logGet(46)) - raft.server.log.purge.gap = 1000000 (custom)
2023-05-05 09:13:53,013 [6d60236f-8063-4235-ba4e-ec3d8a8910cf-impl-thread1] INFO  server.RaftServerConfigKeys (ConfUtils.java:logGet(46)) - raft.server.log.appender.buffer.byte-limit = 33554432 (custom)
2023-05-05 09:13:53,013 [6d60236f-8063-4235-ba4e-ec3d8a8910cf-impl-thread1] INFO  server.RaftServerConfigKeys (ConfUtils.java:logGet(46)) - raft.server.log.statemachine.data.read.timeout = 1000ms (default)
2023-05-05 09:13:53,013 [6d60236f-8063-4235-ba4e-ec3d8a8910cf-impl-thread1] INFO  server.RaftServerConfigKeys (ConfUtils.java:logGet(46)) - raft.server.log.purge.preservation.log.num = 0 (default)
2023-05-05 09:13:53,013 [6d60236f-8063-4235-ba4e-ec3d8a8910cf-impl-thread1] INFO  server.RaftServerConfigKeys (ConfUtils.java:logGet(46)) - raft.server.log.segment.size.max = 4194304 (custom)
2023-05-05 09:13:53,013 [6d60236f-8063-4235-ba4e-ec3d8a8910cf-impl-thread1] INFO  server.RaftServerConfigKeys (ConfUtils.java:logGet(46)) - raft.server.log.segment.cache.num.max = 2 (custom)
2023-05-05 09:13:53,013 [6d60236f-8063-4235-ba4e-ec3d8a8910cf-impl-thread1] INFO  server.RaftServerConfigKeys (ConfUtils.java:logGet(46)) - raft.server.log.segment.cache.size.max = 200MB (=209715200) (default)
2023-05-05 09:13:53,013 [6d60236f-8063-4235-ba4e-ec3d8a8910cf-impl-thread1] INFO  segmented.SegmentedRaftLogWorker (SegmentedRaftLogWorker.java:<init>(189)) - new 6d60236f-8063-4235-ba4e-ec3d8a8910cf@group-3900BBA8A302-SegmentedRaftLogWorker for RaftStorageImpl:Storage Directory /home/runner/work/ozone/ozone/hadoop-ozone/integration-test/target/test-dir/96b872c3-732e-41e9-bada-44541323f009/scm-meta/scm-ha/f24303a8-9766-4083-9fad-3900bba8a302
2023-05-05 09:13:53,013 [6d60236f-8063-4235-ba4e-ec3d8a8910cf-impl-thread1] INFO  server.RaftServerConfigKeys (ConfUtils.java:logGet(46)) - raft.server.log.queue.byte-limit = 64MB (=67108864) (default)
2023-05-05 09:13:53,013 [6d60236f-8063-4235-ba4e-ec3d8a8910cf-impl-thread1] INFO  server.RaftServerConfigKeys (ConfUtils.java:logGet(46)) - raft.server.log.queue.element-limit = 4096 (default)
2023-05-05 09:13:53,013 [6d60236f-8063-4235-ba4e-ec3d8a8910cf-impl-thread1] INFO  server.RaftServerConfigKeys (ConfUtils.java:logGet(46)) - raft.server.log.segment.size.max = 4194304 (custom)
2023-05-05 09:13:53,013 [6d60236f-8063-4235-ba4e-ec3d8a8910cf-impl-thread1] INFO  server.RaftServerConfigKeys (ConfUtils.java:logGet(46)) - raft.server.log.preallocated.size = 4194304 (custom)
2023-05-05 09:13:53,013 [6d60236f-8063-4235-ba4e-ec3d8a8910cf-impl-thread1] INFO  server.RaftServerConfigKeys (ConfUtils.java:logGet(46)) - raft.server.log.force.sync.num = 128 (default)
2023-05-05 09:13:53,013 [6d60236f-8063-4235-ba4e-ec3d8a8910cf-impl-thread1] INFO  server.RaftServerConfigKeys (ConfUtils.java:logGet(46)) - raft.server.log.statemachine.data.sync = true (default)
2023-05-05 09:13:53,013 [6d60236f-8063-4235-ba4e-ec3d8a8910cf-impl-thread1] INFO  server.RaftServerConfigKeys (ConfUtils.java:logGet(46)) - raft.server.log.statemachine.data.sync.timeout = 10s (default)
2023-05-05 09:13:53,013 [6d60236f-8063-4235-ba4e-ec3d8a8910cf-impl-thread1] INFO  server.RaftServerConfigKeys (ConfUtils.java:logGet(46)) - raft.server.log.statemachine.data.sync.timeout.retry = -1 (default)
2023-05-05 09:13:53,014 [6d60236f-8063-4235-ba4e-ec3d8a8910cf-impl-thread1] INFO  server.RaftServerConfigKeys (ConfUtils.java:logGet(46)) - raft.server.log.write.buffer.size = 64KB (=65536) (default)
2023-05-05 09:13:53,014 [6d60236f-8063-4235-ba4e-ec3d8a8910cf-impl-thread1] INFO  server.RaftServerConfigKeys (ConfUtils.java:logGet(46)) - raft.server.log.appender.buffer.byte-limit = 33554432 (custom)
2023-05-05 09:13:53,018 [6d60236f-8063-4235-ba4e-ec3d8a8910cf-impl-thread1] INFO  server.RaftServerConfigKeys (ConfUtils.java:logGet(46)) - raft.server.log.unsafe-flush.enabled = false (default)
2023-05-05 09:13:53,018 [6d60236f-8063-4235-ba4e-ec3d8a8910cf-impl-thread1] INFO  server.RaftServerConfigKeys (ConfUtils.java:logGet(46)) - raft.server.log.async-flush.enabled = false (default)
2023-05-05 09:13:53,018 [6d60236f-8063-4235-ba4e-ec3d8a8910cf-impl-thread1] INFO  server.RaftServerConfigKeys (ConfUtils.java:logGet(46)) - raft.server.log.statemachine.data.caching.enabled = false (default)
2023-05-05 09:13:53,019 [6d60236f-8063-4235-ba4e-ec3d8a8910cf-impl-thread1] INFO  segmented.SegmentedRaftLogWorker (SegmentedRaftLogWorker.java:lambda$new$0(135)) - 6d60236f-8063-4235-ba4e-ec3d8a8910cf@group-3900BBA8A302-SegmentedRaftLogWorker: flushIndex: setUnconditionally 0 -> -1
2023-05-05 09:13:53,019 [6d60236f-8063-4235-ba4e-ec3d8a8910cf-impl-thread1] INFO  segmented.SegmentedRaftLogWorker (SegmentedRaftLogWorker.java:lambda$new$0(135)) - 6d60236f-8063-4235-ba4e-ec3d8a8910cf@group-3900BBA8A302-SegmentedRaftLogWorker: safeCacheEvictIndex: setUnconditionally 0 -> -1
2023-05-05 09:13:53,019 [6d60236f-8063-4235-ba4e-ec3d8a8910cf-impl-thread1] INFO  server.RaftServer$Division (RaftServerImpl.java:start(334)) - 6d60236f-8063-4235-ba4e-ec3d8a8910cf@group-3900BBA8A302: start as a follower, conf=-1: peers:[6d60236f-8063-4235-ba4e-ec3d8a8910cf|rpc:fv-az152-207:9894|priority:0|startupRole:FOLLOWER]|listeners:[], old=null
2023-05-05 09:13:53,019 [6d60236f-8063-4235-ba4e-ec3d8a8910cf-impl-thread1] INFO  server.RaftServer$Division (RaftServerImpl.java:setRole(321)) - 6d60236f-8063-4235-ba4e-ec3d8a8910cf@group-3900BBA8A302: changes role from      null to FOLLOWER at term 0 for startAsFollower
2023-05-05 09:13:53,019 [6d60236f-8063-4235-ba4e-ec3d8a8910cf-impl-thread1] INFO  impl.RoleInfo (RoleInfo.java:updateAndGet(139)) - 6d60236f-8063-4235-ba4e-ec3d8a8910cf: start 6d60236f-8063-4235-ba4e-ec3d8a8910cf@group-3900BBA8A302-FollowerState
2023-05-05 09:13:53,019 [6d60236f-8063-4235-ba4e-ec3d8a8910cf@group-3900BBA8A302-FollowerState] INFO  server.RaftServerConfigKeys (ConfUtils.java:logFallback(53)) - raft.server.rpc.first-election.timeout.min = 5000ms (fallback to raft.server.rpc.timeout.min)
2023-05-05 09:13:53,019 [6d60236f-8063-4235-ba4e-ec3d8a8910cf@group-3900BBA8A302-FollowerState] INFO  server.RaftServerConfigKeys (ConfUtils.java:logFallback(53)) - raft.server.rpc.first-election.timeout.max = 5200ms (fallback to raft.server.rpc.timeout.max)
2023-05-05 09:13:53,020 [6d60236f-8063-4235-ba4e-ec3d8a8910cf-impl-thread1] INFO  util.JmxRegister (JmxRegister.java:tryRegister(44)) - Successfully registered JMX Bean with object name Ratis:service=RaftServer,group=group-3900BBA8A302,id=6d60236f-8063-4235-ba4e-ec3d8a8910cf
2023-05-05 09:13:53,020 [6d60236f-8063-4235-ba4e-ec3d8a8910cf-impl-thread1] INFO  server.RaftServerConfigKeys (ConfUtils.java:logGet(46)) - raft.server.snapshot.auto.trigger.enabled = true (custom)
2023-05-05 09:13:53,020 [6d60236f-8063-4235-ba4e-ec3d8a8910cf-impl-thread1] INFO  server.RaftServerConfigKeys (ConfUtils.java:logGet(46)) - raft.server.snapshot.auto.trigger.threshold = 1000 (custom)
2023-05-05 09:13:53,020 [6d60236f-8063-4235-ba4e-ec3d8a8910cf-impl-thread1] INFO  server.RaftServerConfigKeys (ConfUtils.java:logGet(46)) - raft.server.snapshot.retention.file.num = -1 (default)
2023-05-05 09:13:53,020 [6d60236f-8063-4235-ba4e-ec3d8a8910cf-impl-thread1] INFO  server.RaftServerConfigKeys (ConfUtils.java:logGet(46)) - raft.server.log.purge.upto.snapshot.index = false (default)
2023-05-05 09:13:53,020 [Time-limited test] INFO  server.RaftServer (RaftServerProxy.java:startImpl(393)) - 6d60236f-8063-4235-ba4e-ec3d8a8910cf: start RPC server
2023-05-05 09:13:53,022 [Time-limited test] INFO  server.GrpcService (GrpcService.java:startImpl(262)) - 6d60236f-8063-4235-ba4e-ec3d8a8910cf: GrpcService started, listening on 9894
2023-05-05 09:13:53,022 [JvmPauseMonitor29] INFO  util.JvmPauseMonitor (JvmPauseMonitor.java:run(105)) - JvmPauseMonitor-6d60236f-8063-4235-ba4e-ec3d8a8910cf: Started
2023-05-05 09:13:58,214 [6d60236f-8063-4235-ba4e-ec3d8a8910cf@group-3900BBA8A302-FollowerState] INFO  impl.FollowerState (FollowerState.java:run(143)) - 6d60236f-8063-4235-ba4e-ec3d8a8910cf@group-3900BBA8A302-FollowerState: change to CANDIDATE, lastRpcElapsedTime:5194545839ns, electionTimeout:5194ms
2023-05-05 09:13:58,214 [6d60236f-8063-4235-ba4e-ec3d8a8910cf@group-3900BBA8A302-FollowerState] INFO  impl.RoleInfo (RoleInfo.java:shutdownFollowerState(110)) - 6d60236f-8063-4235-ba4e-ec3d8a8910cf: shutdown 6d60236f-8063-4235-ba4e-ec3d8a8910cf@group-3900BBA8A302-FollowerState
2023-05-05 09:13:58,214 [6d60236f-8063-4235-ba4e-ec3d8a8910cf@group-3900BBA8A302-FollowerState] INFO  server.RaftServer$Division (RaftServerImpl.java:setRole(321)) - 6d60236f-8063-4235-ba4e-ec3d8a8910cf@group-3900BBA8A302: changes role from  FOLLOWER to CANDIDATE at term 0 for changeToCandidate
2023-05-05 09:13:58,214 [6d60236f-8063-4235-ba4e-ec3d8a8910cf@group-3900BBA8A302-FollowerState] INFO  server.RaftServerConfigKeys (ConfUtils.java:logGet(46)) - raft.server.leaderelection.pre-vote = true (default)
2023-05-05 09:13:58,214 [6d60236f-8063-4235-ba4e-ec3d8a8910cf@group-3900BBA8A302-FollowerState] INFO  impl.RoleInfo (RoleInfo.java:updateAndGet(139)) - 6d60236f-8063-4235-ba4e-ec3d8a8910cf: start 6d60236f-8063-4235-ba4e-ec3d8a8910cf@group-3900BBA8A302-LeaderElection50
2023-05-05 09:13:58,215 [6d60236f-8063-4235-ba4e-ec3d8a8910cf@group-3900BBA8A302-LeaderElection50] INFO  impl.LeaderElection (LeaderElection.java:askForVotes(312)) - 6d60236f-8063-4235-ba4e-ec3d8a8910cf@group-3900BBA8A302-LeaderElection50 PRE_VOTE round 0: submit vote requests at term 0 for -1: peers:[6d60236f-8063-4235-ba4e-ec3d8a8910cf|rpc:fv-az152-207:9894|priority:0|startupRole:FOLLOWER]|listeners:[], old=null
2023-05-05 09:13:58,215 [6d60236f-8063-4235-ba4e-ec3d8a8910cf@group-3900BBA8A302-LeaderElection50] INFO  impl.LeaderElection (LeaderElection.java:askForVotes(314)) - 6d60236f-8063-4235-ba4e-ec3d8a8910cf@group-3900BBA8A302-LeaderElection50 PRE_VOTE round 0: result PASSED (term=0)
2023-05-05 09:13:58,216 [6d60236f-8063-4235-ba4e-ec3d8a8910cf@group-3900BBA8A302-LeaderElection50] INFO  impl.LeaderElection (LeaderElection.java:askForVotes(312)) - 6d60236f-8063-4235-ba4e-ec3d8a8910cf@group-3900BBA8A302-LeaderElection50 ELECTION round 0: submit vote requests at term 1 for -1: peers:[6d60236f-8063-4235-ba4e-ec3d8a8910cf|rpc:fv-az152-207:9894|priority:0|startupRole:FOLLOWER]|listeners:[], old=null
2023-05-05 09:13:58,216 [6d60236f-8063-4235-ba4e-ec3d8a8910cf@group-3900BBA8A302-LeaderElection50] INFO  impl.LeaderElection (LeaderElection.java:askForVotes(314)) - 6d60236f-8063-4235-ba4e-ec3d8a8910cf@group-3900BBA8A302-LeaderElection50 ELECTION round 0: result PASSED (term=1)
2023-05-05 09:13:58,216 [6d60236f-8063-4235-ba4e-ec3d8a8910cf@group-3900BBA8A302-LeaderElection50] INFO  impl.RoleInfo (RoleInfo.java:shutdownLeaderElection(130)) - 6d60236f-8063-4235-ba4e-ec3d8a8910cf: shutdown 6d60236f-8063-4235-ba4e-ec3d8a8910cf@group-3900BBA8A302-LeaderElection50
2023-05-05 09:13:58,217 [6d60236f-8063-4235-ba4e-ec3d8a8910cf@group-3900BBA8A302-LeaderElection50] INFO  server.RaftServer$Division (RaftServerImpl.java:setRole(321)) - 6d60236f-8063-4235-ba4e-ec3d8a8910cf@group-3900BBA8A302: changes role from CANDIDATE to LEADER at term 1 for changeToLeader
2023-05-05 09:13:58,217 [6d60236f-8063-4235-ba4e-ec3d8a8910cf@group-3900BBA8A302-LeaderElection50] INFO  server.RaftServer$Division (ServerState.java:setLeader(313)) - 6d60236f-8063-4235-ba4e-ec3d8a8910cf@group-3900BBA8A302: change Leader from null to 6d60236f-8063-4235-ba4e-ec3d8a8910cf at term 1 for becomeLeader, leader elected after 5208ms
2023-05-05 09:13:58,217 [6d60236f-8063-4235-ba4e-ec3d8a8910cf@group-3900BBA8A302-LeaderElection50] INFO  server.RaftServerConfigKeys (ConfUtils.java:logGet(46)) - raft.server.staging.catchup.gap = 1000 (default)
2023-05-05 09:13:58,217 [6d60236f-8063-4235-ba4e-ec3d8a8910cf@group-3900BBA8A302-LeaderElection50] INFO  server.RaftServerConfigKeys (ConfUtils.java:logGet(46)) - raft.server.write.element-limit = 4096 (default)
2023-05-05 09:13:58,217 [6d60236f-8063-4235-ba4e-ec3d8a8910cf@group-3900BBA8A302-LeaderElection50] INFO  server.RaftServerConfigKeys (ConfUtils.java:logGet(46)) - raft.server.write.byte-limit = 64MB (=67108864) (default)
2023-05-05 09:13:58,217 [6d60236f-8063-4235-ba4e-ec3d8a8910cf@group-3900BBA8A302-LeaderElection50] INFO  server.RaftServerConfigKeys (ConfUtils.java:logGet(46)) - raft.server.watch.timeout = 10s (default)
2023-05-05 09:13:58,217 [6d60236f-8063-4235-ba4e-ec3d8a8910cf@group-3900BBA8A302-LeaderElection50] INFO  server.RaftServerConfigKeys (ConfUtils.java:logGet(46)) - raft.server.watch.timeout.denomination = 1s (default)
2023-05-05 09:13:58,217 [6d60236f-8063-4235-ba4e-ec3d8a8910cf@group-3900BBA8A302-LeaderElection50] INFO  server.RaftServerConfigKeys (ConfUtils.java:logGet(46)) - raft.server.watch.element-limit = 65536 (default)
2023-05-05 09:13:58,217 [6d60236f-8063-4235-ba4e-ec3d8a8910cf@group-3900BBA8A302-LeaderElection50] INFO  server.RaftServerConfigKeys (ConfUtils.java:logGet(46)) - raft.server.write.element-limit = 4096 (default)
2023-05-05 09:13:58,217 [6d60236f-8063-4235-ba4e-ec3d8a8910cf@group-3900BBA8A302-LeaderElection50] INFO  server.RaftServerConfigKeys (ConfUtils.java:logGet(46)) - raft.server.write.follower.gap.ratio.max = -1.0 (default)
2023-05-05 09:13:58,217 [6d60236f-8063-4235-ba4e-ec3d8a8910cf@group-3900BBA8A302-LeaderElection50] INFO  impl.RoleInfo (RoleInfo.java:updateAndGet(139)) - 6d60236f-8063-4235-ba4e-ec3d8a8910cf: start 6d60236f-8063-4235-ba4e-ec3d8a8910cf@group-3900BBA8A302-LeaderStateImpl
2023-05-05 09:13:58,220 [6d60236f-8063-4235-ba4e-ec3d8a8910cf@group-3900BBA8A302-LeaderElection50] INFO  segmented.SegmentedRaftLogWorker (SegmentedRaftLogWorker.java:startLogSegment(452)) - 6d60236f-8063-4235-ba4e-ec3d8a8910cf@group-3900BBA8A302-SegmentedRaftLogWorker: Starting segment from index:0
2023-05-05 09:13:58,224 [6d60236f-8063-4235-ba4e-ec3d8a8910cf@group-3900BBA8A302-LeaderElection50] INFO  server.RaftServer$Division (ServerState.java:setRaftConf(430)) - 6d60236f-8063-4235-ba4e-ec3d8a8910cf@group-3900BBA8A302: set configuration 0: peers:[6d60236f-8063-4235-ba4e-ec3d8a8910cf|rpc:fv-az152-207:9894|admin:|client:|dataStream:|priority:0|startupRole:FOLLOWER]|listeners:[], old=null
2023-05-05 09:13:58,234 [6d60236f-8063-4235-ba4e-ec3d8a8910cf@group-3900BBA8A302-SegmentedRaftLogWorker] INFO  segmented.SegmentedRaftLogWorker (SegmentedRaftLogWorker.java:execute(656)) - 6d60236f-8063-4235-ba4e-ec3d8a8910cf@group-3900BBA8A302-SegmentedRaftLogWorker: created new log segment /home/runner/work/ozone/ozone/hadoop-ozone/integration-test/target/test-dir/96b872c3-732e-41e9-bada-44541323f009/scm-meta/scm-ha/f24303a8-9766-4083-9fad-3900bba8a302/current/log_inprogress_0
2023-05-05 09:13:59,023 [Time-limited test] INFO  server.RaftServer (RaftServerProxy.java:lambda$close$6(409)) - 6d60236f-8063-4235-ba4e-ec3d8a8910cf: close
2023-05-05 09:13:59,023 [Time-limited test] INFO  server.GrpcService (GrpcService.java:closeImpl(271)) - 6d60236f-8063-4235-ba4e-ec3d8a8910cf: shutdown server GrpcServerProtocolService now
2023-05-05 09:13:59,023 [6d60236f-8063-4235-ba4e-ec3d8a8910cf-impl-thread1] INFO  server.RaftServer$Division (RaftServerImpl.java:lambda$close$4(458)) - 6d60236f-8063-4235-ba4e-ec3d8a8910cf@group-3900BBA8A302: shutdown
2023-05-05 09:13:59,024 [6d60236f-8063-4235-ba4e-ec3d8a8910cf-impl-thread1] INFO  util.JmxRegister (JmxRegister.java:unregister(73)) - Successfully un-registered JMX Bean with object name Ratis:service=RaftServer,group=group-3900BBA8A302,id=6d60236f-8063-4235-ba4e-ec3d8a8910cf
2023-05-05 09:13:59,024 [6d60236f-8063-4235-ba4e-ec3d8a8910cf-impl-thread1] INFO  impl.RoleInfo (RoleInfo.java:shutdownLeaderState(93)) - 6d60236f-8063-4235-ba4e-ec3d8a8910cf: shutdown 6d60236f-8063-4235-ba4e-ec3d8a8910cf@group-3900BBA8A302-LeaderStateImpl
2023-05-05 09:13:59,024 [6d60236f-8063-4235-ba4e-ec3d8a8910cf-impl-thread1] INFO  impl.PendingRequests (PendingRequests.java:sendNotLeaderResponses(282)) - 6d60236f-8063-4235-ba4e-ec3d8a8910cf@group-3900BBA8A302-PendingRequests: sendNotLeaderResponses
2023-05-05 09:13:59,025 [Time-limited test] INFO  server.GrpcService (GrpcService.java:closeImpl(280)) - 6d60236f-8063-4235-ba4e-ec3d8a8910cf: shutdown server GrpcServerProtocolService successfully
2023-05-05 09:13:59,025 [6d60236f-8063-4235-ba4e-ec3d8a8910cf-impl-thread1] INFO  impl.StateMachineUpdater (StateMachineUpdater.java:stopAndJoin(153)) - 6d60236f-8063-4235-ba4e-ec3d8a8910cf@group-3900BBA8A302-StateMachineUpdater: set stopIndex = 0
2023-05-05 09:13:59,025 [6d60236f-8063-4235-ba4e-ec3d8a8910cf@group-3900BBA8A302-StateMachineUpdater] INFO  impl.StateMachineUpdater (StateMachineUpdater.java:takeSnapshot(287)) - 6d60236f-8063-4235-ba4e-ec3d8a8910cf@group-3900BBA8A302-StateMachineUpdater: Took a snapshot at index 0
2023-05-05 09:13:59,025 [6d60236f-8063-4235-ba4e-ec3d8a8910cf@group-3900BBA8A302-StateMachineUpdater] INFO  impl.StateMachineUpdater (StateMachineUpdater.java:lambda$new$0(92)) - 6d60236f-8063-4235-ba4e-ec3d8a8910cf@group-3900BBA8A302-StateMachineUpdater: snapshotIndex: updateIncreasingly -1 -> 0
2023-05-05 09:13:59,026 [6d60236f-8063-4235-ba4e-ec3d8a8910cf-impl-thread1] INFO  server.RaftServer$Division (ServerState.java:close(466)) - 6d60236f-8063-4235-ba4e-ec3d8a8910cf@group-3900BBA8A302: closes. applyIndex: 0
2023-05-05 09:13:59,026 [6d60236f-8063-4235-ba4e-ec3d8a8910cf@group-3900BBA8A302-SegmentedRaftLogWorker] INFO  segmented.SegmentedRaftLogWorker (SegmentedRaftLogWorker.java:run(347)) - 6d60236f-8063-4235-ba4e-ec3d8a8910cf@group-3900BBA8A302-SegmentedRaftLogWorker was interrupted, exiting. There are 0 tasks remaining in the queue.
2023-05-05 09:13:59,027 [6d60236f-8063-4235-ba4e-ec3d8a8910cf-impl-thread1] INFO  segmented.SegmentedRaftLogWorker (SegmentedRaftLogWorker.java:close(257)) - 6d60236f-8063-4235-ba4e-ec3d8a8910cf@group-3900BBA8A302-SegmentedRaftLogWorker close()
2023-05-05 09:13:59,027 [JvmPauseMonitor29] INFO  util.JvmPauseMonitor (JvmPauseMonitor.java:run(111)) - JvmPauseMonitor-6d60236f-8063-4235-ba4e-ec3d8a8910cf: Stopped
2023-05-05 09:13:59,028 [Time-limited test] WARN  server.ServerUtils (ServerUtils.java:getScmDbDir(148)) - ozone.scm.db.dirs is not configured. We recommend adding this setting. Falling back to ozone.metadata.dirs instead.
2023-05-05 09:13:59,029 [Time-limited test] INFO  server.StorageContainerManager (StorageContainerManager.java:scmInit(1284)) - SCM initialization succeeded. Current cluster id for sd=/home/runner/work/ozone/ozone/hadoop-ozone/integration-test/target/test-dir/96b872c3-732e-41e9-bada-44541323f009/scm-meta/scm; cid=f24303a8-9766-4083-9fad-3900bba8a302; layoutVersion=6; scmId=6d60236f-8063-4235-ba4e-ec3d8a8910cf
2023-05-05 09:13:59,029 [Time-limited test] WARN  server.ServerUtils (ServerUtils.java:getScmDbDir(148)) - ozone.scm.db.dirs is not configured. We recommend adding this setting. Falling back to ozone.metadata.dirs instead.
2023-05-05 09:13:59,029 [Time-limited test] INFO  server.RaftServerConfigKeys (ConfUtils.java:logGet(46)) - raft.server.storage.dir = [/home/runner/work/ozone/ozone/hadoop-ozone/integration-test/target/test-dir/96b872c3-732e-41e9-bada-44541323f009/scm-meta/scm-ha] (custom)
2023-05-05 09:13:59,034 [Time-limited test] INFO  ozone.TestStorageContainerManager (TestStorageContainerManager.java:lambda$null$5(596)) - group-3900BBA8A302: found a subdirectory /home/runner/work/ozone/ozone/hadoop-ozone/integration-test/target/test-dir/96b872c3-732e-41e9-bada-44541323f009/scm-meta/scm-ha/f24303a8-9766-4083-9fad-3900bba8a302
2023-05-05 09:13:59,034 [Time-limited test] INFO  ozone.TestStorageContainerManager (TestStorageContainerManager.java:lambda$null$5(606)) - group-3900BBA8A302 : The directory /home/runner/work/ozone/ozone/hadoop-ozone/integration-test/target/test-dir/96b872c3-732e-41e9-bada-44541323f009/scm-meta/scm-ha/f24303a8-9766-4083-9fad-3900bba8a302 found a group directory for cluster f24303a8-9766-4083-9fad-3900bba8a302
]]></system-out>
  </testcase>
  <testcase name="testScmInfo" classname="org.apache.hadoop.ozone.TestStorageContainerManager" time="0.216">
    <system-out><![CDATA[2023-05-05 09:13:59,051 [Time-limited test] WARN  server.ServerUtils (ServerUtils.java:getScmDbDir(148)) - ozone.scm.db.dirs is not configured. We recommend adding this setting. Falling back to ozone.metadata.dirs instead.
2023-05-05 09:13:59,053 [Time-limited test] WARN  server.ServerUtils (ServerUtils.java:getScmDbDir(148)) - ozone.scm.db.dirs is not configured. We recommend adding this setting. Falling back to ozone.metadata.dirs instead.
2023-05-05 09:13:59,054 [Time-limited test] INFO  ha.SCMHANodeDetails (SCMHANodeDetails.java:loadSCMHAConfig(209)) - ServiceID for StorageContainerManager is null
2023-05-05 09:13:59,054 [Time-limited test] WARN  ha.SCMHANodeDetails (SCMHANodeDetails.java:validateSCMHAConfig(182)) - Invalid config ozone.scm.ratis.enable. The config was not specified, but the default value true conflicts with the expected config value false. Falling back to the expected value. Current State of SCM: SCM is running in Non-HA without Ratis Ratis SCM -> Non Ratis SCM or Non HA SCM -> HA SCM is not supported
2023-05-05 09:13:59,054 [Time-limited test] INFO  ha.SCMHANodeDetails (SCMHANodeDetails.java:loadSCMHAConfig(214)) - ozone.scm.default.service.id is not defined, falling back to ozone.scm.service.ids to find serviceID for StorageContainerManager if it is HA enabled cluster
2023-05-05 09:13:59,055 [Time-limited test] WARN  utils.HAUtils (HAUtils.java:getMetaDir(350)) - ozone.scm.db.dirs is not configured. We recommend adding this setting. Falling back to ozone.metadata.dirs instead.
2023-05-05 09:13:59,055 [Time-limited test] WARN  db.DBStoreBuilder (DBStoreBuilder.java:applyDBDefinition(164)) - ozone.scm.db.dirs is not configured. We recommend adding this setting. Falling back to ozone.metadata.dirs instead.
2023-05-05 09:13:59,172 [Time-limited test] INFO  net.NodeSchemaLoader (NodeSchemaLoader.java:loadSchemaFromFile(129)) - Loading schema from [jar:file:/home/runner/.m2/repository/org/apache/ozone/hdds-common/1.4.0-SNAPSHOT/hdds-common-1.4.0-SNAPSHOT.jar!/network-topology-default.xml]
2023-05-05 09:13:59,172 [Time-limited test] INFO  net.NodeSchemaLoader (NodeSchemaLoader.java:loadSchema(176)) - Loading network topology layer schema file
2023-05-05 09:13:59,175 [Time-limited test] INFO  upgrade.AbstractLayoutVersionManager (AbstractLayoutVersionManager.java:init(83)) - Initializing Layout version manager with metadata layout = WEBUI_PORTS_IN_DATANODEDETAILS (version = 6), software layout = WEBUI_PORTS_IN_DATANODEDETAILS (version = 6)
2023-05-05 09:13:59,221 [Time-limited test] INFO  reflections.Reflections (Reflections.java:scan(232)) - Reflections took 45 ms to scan 7 urls, producing 156 keys and 369 values 
2023-05-05 09:13:59,223 [Time-limited test] INFO  ha.SequenceIdGenerator (SequenceIdGenerator.java:upgradeToSequenceId(349)) - upgrade localId to 111677748019200000
2023-05-05 09:13:59,223 [Time-limited test] INFO  ha.SequenceIdGenerator (SequenceIdGenerator.java:upgradeToSequenceId(359)) - upgrade delTxnId to 0
2023-05-05 09:13:59,223 [Time-limited test] INFO  ha.SequenceIdGenerator (SequenceIdGenerator.java:upgradeToSequenceId(376)) - upgrade containerId to 0
2023-05-05 09:13:59,223 [Time-limited test] INFO  ha.SequenceIdGenerator (SequenceIdGenerator.java:<init>(220)) - Init the HA SequenceIdGenerator.
2023-05-05 09:13:59,224 [Time-limited test] INFO  node.SCMNodeManager (SCMNodeManager.java:<init>(159)) - Entering startup safe mode.
2023-05-05 09:13:59,225 [Time-limited test] INFO  algorithms.ContainerPlacementPolicyFactory (ContainerPlacementPolicyFactory.java:getPolicyInternal(86)) - Create container placement policy of type org.apache.hadoop.hdds.scm.container.placement.algorithms.SCMContainerPlacementRackAware
2023-05-05 09:13:59,225 [Time-limited test] INFO  algorithms.ContainerPlacementPolicyFactory (ContainerPlacementPolicyFactory.java:getPolicyInternal(86)) - Create container placement policy of type org.apache.hadoop.hdds.scm.container.placement.algorithms.SCMContainerPlacementRackScatter
2023-05-05 09:13:59,225 [Time-limited test] INFO  pipeline.PipelineStateManagerImpl (PipelineStateManagerImpl.java:initialize(78)) - No pipeline exists in current db
2023-05-05 09:13:59,225 [Time-limited test] INFO  algorithms.LeaderChoosePolicyFactory (LeaderChoosePolicyFactory.java:getPolicy(57)) - Create leader choose policy of type org.apache.hadoop.hdds.scm.pipeline.leader.choose.algorithms.MinLeaderCountChoosePolicy
2023-05-05 09:13:59,225 [Time-limited test] INFO  algorithms.ContainerPlacementPolicyFactory (ContainerPlacementPolicyFactory.java:getPolicyInternal(86)) - Create container placement policy of type org.apache.hadoop.hdds.scm.container.placement.algorithms.SCMContainerPlacementRackScatter
2023-05-05 09:13:59,225 [Time-limited test] INFO  ha.SCMServiceManager (SCMServiceManager.java:register(42)) - Registering service BackgroundPipelineCreator.
2023-05-05 09:13:59,225 [Time-limited test] INFO  pipeline.BackgroundPipelineCreator (BackgroundPipelineCreator.java:start(124)) - Starting RatisPipelineUtilsThread.
2023-05-05 09:13:59,225 [Time-limited test] INFO  BackgroundPipelineScrubber (BackgroundSCMService.java:start(68)) - Starting BackgroundPipelineScrubber Service.
2023-05-05 09:13:59,226 [Time-limited test] INFO  ha.SCMServiceManager (SCMServiceManager.java:register(42)) - Registering service BackgroundPipelineScrubber.
2023-05-05 09:13:59,226 [Time-limited test] INFO  ExpiredContainerReplicaOpScrubber (BackgroundSCMService.java:start(68)) - Starting ExpiredContainerReplicaOpScrubber Service.
2023-05-05 09:13:59,226 [Time-limited test] INFO  ha.SCMServiceManager (SCMServiceManager.java:register(42)) - Registering service ExpiredContainerReplicaOpScrubber.
2023-05-05 09:13:59,227 [Time-limited test] INFO  algorithms.PipelineChoosePolicyFactory (PipelineChoosePolicyFactory.java:createPipelineChoosePolicyFromClass(73)) - Create pipeline choose policy of type org.apache.hadoop.hdds.scm.pipeline.choose.algorithms.RandomPipelineChoosePolicy
2023-05-05 09:13:59,228 [Time-limited test] INFO  ha.SCMServiceManager (SCMServiceManager.java:register(42)) - Registering service SCMBlockDeletingService.
2023-05-05 09:13:59,228 [Time-limited test] INFO  replication.ReplicationManager (ReplicationManager.java:start(293)) - Starting Replication Monitor Thread.
2023-05-05 09:13:59,236 [Time-limited test] INFO  ha.SCMServiceManager (SCMServiceManager.java:register(42)) - Registering service ReplicationManager.
2023-05-05 09:13:59,237 [Time-limited test] INFO  safemode.ContainerSafeModeRule (ContainerSafeModeRule.java:<init>(89)) - containers with one replica threshold count 0
2023-05-05 09:13:59,237 [Time-limited test] INFO  safemode.HealthyPipelineSafeModeRule (HealthyPipelineSafeModeRule.java:initializeRule(169)) - Total pipeline count is 0, healthy pipeline threshold count is 0
2023-05-05 09:13:59,237 [Time-limited test] INFO  safemode.OneReplicaPipelineSafeModeRule (OneReplicaPipelineSafeModeRule.java:initializeRule(180)) - Total pipeline count is 0, pipeline's with at least one datanode reported threshold count is 0
2023-05-05 09:13:59,236 [ReplicationMonitor] INFO  replication.ReplicationManager (ReplicationManager.java:processAll(368)) - Replication Manager is not ready to run until 300000ms after safemode exit
2023-05-05 09:13:59,240 [Time-limited test] INFO  server.StorageContainerManager (StorageContainerManager.java:<init>(403)) - SCM start with adminUsers: [runner]
2023-05-05 09:13:59,241 [Time-limited test] INFO  ipc.CallQueueManager (CallQueueManager.java:<init>(90)) - Using callQueue: class java.util.concurrent.LinkedBlockingQueue, queueCapacity: 10000, scheduler: class org.apache.hadoop.ipc.DefaultRpcScheduler, ipcBackoff: false.
2023-05-05 09:13:59,241 [Socket Reader #1 for port 9861] INFO  ipc.Server (Server.java:run(1319)) - Starting Socket Reader #1 for port 9861
2023-05-05 09:13:59,242 [Listener at 0.0.0.0/9861] INFO  ipc.CallQueueManager (CallQueueManager.java:<init>(90)) - Using callQueue: class java.util.concurrent.LinkedBlockingQueue, queueCapacity: 10000, scheduler: class org.apache.hadoop.ipc.DefaultRpcScheduler, ipcBackoff: false.
2023-05-05 09:13:59,243 [Socket Reader #1 for port 9863] INFO  ipc.Server (Server.java:run(1319)) - Starting Socket Reader #1 for port 9863
2023-05-05 09:13:59,244 [Listener at 0.0.0.0/9863] INFO  ipc.CallQueueManager (CallQueueManager.java:<init>(90)) - Using callQueue: class java.util.concurrent.LinkedBlockingQueue, queueCapacity: 10000, scheduler: class org.apache.hadoop.ipc.DefaultRpcScheduler, ipcBackoff: false.
2023-05-05 09:13:59,245 [Socket Reader #1 for port 9860] INFO  ipc.Server (Server.java:run(1319)) - Starting Socket Reader #1 for port 9860
2023-05-05 09:13:59,248 [Listener at 0.0.0.0/9860] INFO  ha.SCMServiceManager (SCMServiceManager.java:register(42)) - Registering service ContainerBalancer.
2023-05-05 09:13:59,248 [Listener at 0.0.0.0/9860] INFO  server.StorageContainerManager (StorageContainerManager.java:<init>(420)) - 
Container Balancer status:
Key                            Value
Running                        false
Container Balancer Configuration values:
Key                                                Value
Threshold                                          10
Max Datanodes to Involve per Iteration(percent)    20
Max Size to Move per Iteration                     500GB
Max Size Entering Target per Iteration             26GB
Max Size Leaving Source per Iteration              26GB

2023-05-05 09:13:59,248 [Listener at 0.0.0.0/9860] INFO  ha.SCMContext (SCMContext.java:updateSafeModeStatus(228)) - Update SafeModeStatus from SafeModeStatus{safeModeStatus=true, preCheckPassed=false} to SafeModeStatus{safeModeStatus=true, preCheckPassed=false}.
]]></system-out>
  </testcase>
</testsuite>