<?xml version="1.0" encoding="UTF-8"?>
<testsuite xmlns:xsi="http://www.w3.org/2001/XMLSchema-instance" xsi:noNamespaceSchemaLocation="https://maven.apache.org/surefire/maven-surefire-plugin/xsd/surefire-test-report-3.0.xsd" version="3.0" name="org.apache.hadoop.hdds.scm.node.TestQueryNode" time="75.392" tests="3" errors="1" skipped="0" failures="0">
  <properties>
    <property name="java.specification.version" value="17"/>
    <property name="sun.jnu.encoding" value="UTF-8"/>
    <property name="java.class.path" value="/home/runner/work/ozone/ozone/hadoop-ozone/integration-test/target/test-classes:/home/runner/work/ozone/ozone/hadoop-ozone/integration-test/target/classes:/home/runner/work/ozone/ozone/hadoop-ozone/common/target/ozone-common-1.5.0-SNAPSHOT.jar:/home/runner/.m2/repository/io/grpc/grpc-netty/1.58.0/grpc-netty-1.58.0.jar:/home/runner/.m2/repository/io/grpc/grpc-core/1.58.0/grpc-core-1.58.0.jar:/home/runner/.m2/repository/com/google/android/annotations/4.1.1.4/annotations-4.1.1.4.jar:/home/runner/.m2/repository/org/codehaus/mojo/animal-sniffer-annotations/1.23/animal-sniffer-annotations-1.23.jar:/home/runner/.m2/repository/io/grpc/grpc-context/1.58.0/grpc-context-1.58.0.jar:/home/runner/.m2/repository/io/grpc/grpc-util/1.58.0/grpc-util-1.58.0.jar:/home/runner/.m2/repository/com/google/errorprone/error_prone_annotations/2.29.2/error_prone_annotations-2.29.2.jar:/home/runner/.m2/repository/io/perfmark/perfmark-api/0.26.0/perfmark-api-0.26.0.jar:/home/runner/.m2/repository/io/netty/netty-codec-http2/4.1.109.Final/netty-codec-http2-4.1.109.Final.jar:/home/runner/.m2/repository/io/netty/netty-codec-http/4.1.109.Final/netty-codec-http-4.1.109.Final.jar:/home/runner/.m2/repository/io/netty/netty-handler-proxy/4.1.109.Final/netty-handler-proxy-4.1.109.Final.jar:/home/runner/.m2/repository/io/netty/netty-codec-socks/4.1.109.Final/netty-codec-socks-4.1.109.Final.jar:/home/runner/.m2/repository/io/netty/netty-tcnative-boringssl-static/2.0.65.Final/netty-tcnative-boringssl-static-2.0.65.Final.jar:/home/runner/.m2/repository/io/netty/netty-tcnative-classes/2.0.65.Final/netty-tcnative-classes-2.0.65.Final.jar:/home/runner/.m2/repository/io/netty/netty-tcnative-boringssl-static/2.0.65.Final/netty-tcnative-boringssl-static-2.0.65.Final-linux-x86_64.jar:/home/runner/.m2/repository/io/netty/netty-tcnative-boringssl-static/2.0.65.Final/netty-tcnative-boringssl-static-2.0.65.Final-linux-aarch_64.jar:/home/runner/.m2/repository/io/netty/netty-tcnative-boringssl-static/2.0.65.Final/netty-tcnative-boringssl-static-2.0.65.Final-osx-x86_64.jar:/home/runner/.m2/repository/io/netty/netty-tcnative-boringssl-static/2.0.65.Final/netty-tcnative-boringssl-static-2.0.65.Final-osx-aarch_64.jar:/home/runner/.m2/repository/io/netty/netty-tcnative-boringssl-static/2.0.65.Final/netty-tcnative-boringssl-static-2.0.65.Final-windows-x86_64.jar:/home/runner/.m2/repository/org/apache/commons/commons-compress/1.27.0/commons-compress-1.27.0.jar:/home/runner/work/ozone/ozone/hadoop-hdds/common/target/hdds-common-1.5.0-SNAPSHOT.jar:/home/runner/work/ozone/ozone/hadoop-hdds/client/target/hdds-client-1.5.0-SNAPSHOT.jar:/home/runner/work/ozone/ozone/hadoop-hdds/config/target/hdds-config-1.5.0-SNAPSHOT.jar:/home/runner/work/ozone/ozone/hadoop-hdds/interface-client/target/hdds-interface-client-1.5.0-SNAPSHOT.jar:/home/runner/.m2/repository/org/apache/hadoop/thirdparty/hadoop-shaded-protobuf_3_7/1.1.1/hadoop-shaded-protobuf_3_7-1.1.1.jar:/home/runner/work/ozone/ozone/hadoop-ozone/interface-client/target/ozone-interface-client-1.5.0-SNAPSHOT.jar:/home/runner/.m2/repository/org/apache/hadoop/hadoop-hdfs-client/3.3.6/hadoop-hdfs-client-3.3.6.jar:/home/runner/.m2/repository/com/squareup/okhttp3/okhttp/4.12.0/okhttp-4.12.0.jar:/home/runner/.m2/repository/com/squareup/okio/okio/3.6.0/okio-3.6.0.jar:/home/runner/.m2/repository/com/squareup/okio/okio-jvm/3.6.0/okio-jvm-3.6.0.jar:/home/runner/.m2/repository/org/jetbrains/kotlin/kotlin-stdlib-jdk8/1.9.25/kotlin-stdlib-jdk8-1.9.25.jar:/home/runner/.m2/repository/org/jetbrains/kotlin/kotlin-stdlib-jdk7/1.9.25/kotlin-stdlib-jdk7-1.9.25.jar:/home/runner/.m2/repository/org/jetbrains/kotlin/kotlin-stdlib-common/1.9.25/kotlin-stdlib-common-1.9.25.jar:/home/runner/.m2/repository/org/apache/httpcomponents/httpclient/4.5.14/httpclient-4.5.14.jar:/home/runner/.m2/repository/org/apache/httpcomponents/httpcore/4.4.16/httpcore-4.4.16.jar:/home/runner/.m2/repository/org/apache/ratis/ratis-common/3.1.0/ratis-common-3.1.0.jar:/home/runner/.m2/repository/org/apache/ratis/ratis-proto/3.1.0/ratis-proto-3.1.0.jar:/home/runner/.m2/repository/org/apache/ratis/ratis-thirdparty-misc/1.0.6/ratis-thirdparty-misc-1.0.6.jar:/home/runner/.m2/repository/org/slf4j/slf4j-api/2.0.16/slf4j-api-2.0.16.jar:/home/runner/.m2/repository/com/fasterxml/jackson/core/jackson-annotations/2.16.2/jackson-annotations-2.16.2.jar:/home/runner/.m2/repository/com/fasterxml/jackson/core/jackson-databind/2.16.2/jackson-databind-2.16.2.jar:/home/runner/.m2/repository/com/github/stephenc/jcip/jcip-annotations/1.0-1/jcip-annotations-1.0-1.jar:/home/runner/.m2/repository/com/google/guava/guava/32.1.3-jre/guava-32.1.3-jre.jar:/home/runner/.m2/repository/com/google/guava/failureaccess/1.0.1/failureaccess-1.0.1.jar:/home/runner/.m2/repository/com/google/guava/listenablefuture/9999.0-empty-to-avoid-conflict-with-guava/listenablefuture-9999.0-empty-to-avoid-conflict-with-guava.jar:/home/runner/.m2/repository/org/checkerframework/checker-qual/3.37.0/checker-qual-3.37.0.jar:/home/runner/.m2/repository/com/google/j2objc/j2objc-annotations/2.8/j2objc-annotations-2.8.jar:/home/runner/.m2/repository/com/google/protobuf/protobuf-java/2.5.0/protobuf-java-2.5.0.jar:/home/runner/.m2/repository/io/grpc/grpc-api/1.58.0/grpc-api-1.58.0.jar:/home/runner/.m2/repository/io/grpc/grpc-stub/1.58.0/grpc-stub-1.58.0.jar:/home/runner/.m2/repository/io/netty/netty-common/4.1.109.Final/netty-common-4.1.109.Final.jar:/home/runner/.m2/repository/io/netty/netty-handler/4.1.109.Final/netty-handler-4.1.109.Final.jar:/home/runner/.m2/repository/io/netty/netty-resolver/4.1.109.Final/netty-resolver-4.1.109.Final.jar:/home/runner/.m2/repository/jakarta/annotation/jakarta.annotation-api/2.1.1/jakarta.annotation-api-2.1.1.jar:/home/runner/work/ozone/ozone/hadoop-hdds/test-utils/target/hdds-test-utils-1.5.0-SNAPSHOT.jar:/home/runner/.m2/repository/org/assertj/assertj-core/3.26.3/assertj-core-3.26.3.jar:/home/runner/.m2/repository/net/bytebuddy/byte-buddy/1.14.18/byte-buddy-1.14.18.jar:/home/runner/.m2/repository/commons-io/commons-io/2.16.1/commons-io-2.16.1.jar:/home/runner/.m2/repository/commons-logging/commons-logging/1.2/commons-logging-1.2.jar:/home/runner/.m2/repository/org/junit/jupiter/junit-jupiter-api/5.10.3/junit-jupiter-api-5.10.3.jar:/home/runner/.m2/repository/org/opentest4j/opentest4j/1.3.0/opentest4j-1.3.0.jar:/home/runner/.m2/repository/org/junit/platform/junit-platform-commons/1.10.3/junit-platform-commons-1.10.3.jar:/home/runner/.m2/repository/ch/qos/reload4j/reload4j/1.2.25/reload4j-1.2.25.jar:/home/runner/.m2/repository/org/apache/logging/log4j/log4j-api/2.23.1/log4j-api-2.23.1.jar:/home/runner/work/ozone/ozone/hadoop-hdds/server-scm/target/hdds-server-scm-1.5.0-SNAPSHOT.jar:/home/runner/work/ozone/ozone/hadoop-hdds/container-service/target/hdds-container-service-1.5.0-SNAPSHOT.jar:/home/runner/work/ozone/ozone/hadoop-hdds/hadoop-dependency-server/target/hdds-hadoop-dependency-server-1.5.0-SNAPSHOT.jar:/home/runner/.m2/repository/com/nimbusds/nimbus-jose-jwt/9.40/nimbus-jose-jwt-9.40.jar:/home/runner/.m2/repository/org/apache/hadoop/hadoop-hdfs/3.3.6/hadoop-hdfs-3.3.6.jar:/home/runner/.m2/repository/commons-daemon/commons-daemon/1.4.0/commons-daemon-1.4.0.jar:/home/runner/.m2/repository/org/apache/kerby/kerb-core/1.0.1/kerb-core-1.0.1.jar:/home/runner/.m2/repository/org/apache/kerby/kerby-pkix/1.0.1/kerby-pkix-1.0.1.jar:/home/runner/.m2/repository/org/apache/kerby/kerby-asn1/1.0.1/kerby-asn1-1.0.1.jar:/home/runner/.m2/repository/org/apache/kerby/kerb-util/1.0.1/kerb-util-1.0.1.jar:/home/runner/.m2/repository/org/apache/kerby/kerby-config/1.0.1/kerby-config-1.0.1.jar:/home/runner/.m2/repository/org/apache/kerby/kerb-crypto/1.0.1/kerb-crypto-1.0.1.jar:/home/runner/.m2/repository/org/xerial/snappy/snappy-java/1.1.10.6/snappy-java-1.1.10.6.jar:/home/runner/work/ozone/ozone/hadoop-hdds/interface-admin/target/hdds-interface-admin-1.5.0-SNAPSHOT.jar:/home/runner/work/ozone/ozone/hadoop-hdds/interface-server/target/hdds-interface-server-1.5.0-SNAPSHOT.jar:/home/runner/work/ozone/ozone/hadoop-hdds/framework/target/hdds-server-framework-1.5.0-SNAPSHOT.jar:/home/runner/.m2/repository/org/apache/ratis/ratis-client/3.1.0/ratis-client-3.1.0.jar:/home/runner/.m2/repository/org/apache/ratis/ratis-grpc/3.1.0/ratis-grpc-3.1.0.jar:/home/runner/.m2/repository/org/apache/ratis/ratis-netty/3.1.0/ratis-netty-3.1.0.jar:/home/runner/.m2/repository/org/apache/ratis/ratis-server-api/3.1.0/ratis-server-api-3.1.0.jar:/home/runner/.m2/repository/org/bouncycastle/bcpkix-jdk18on/1.78.1/bcpkix-jdk18on-1.78.1.jar:/home/runner/.m2/repository/org/bouncycastle/bcprov-jdk18on/1.78.1/bcprov-jdk18on-1.78.1.jar:/home/runner/.m2/repository/io/dropwizard/metrics/metrics-core/3.2.6/metrics-core-3.2.6.jar:/home/runner/.m2/repository/org/apache/commons/commons-text/1.12.0/commons-text-1.12.0.jar:/home/runner/.m2/repository/org/eclipse/jetty/jetty-webapp/9.4.55.v20240627/jetty-webapp-9.4.55.v20240627.jar:/home/runner/.m2/repository/org/eclipse/jetty/jetty-xml/9.4.55.v20240627/jetty-xml-9.4.55.v20240627.jar:/home/runner/.m2/repository/com/fasterxml/jackson/core/jackson-core/2.16.2/jackson-core-2.16.2.jar:/home/runner/.m2/repository/info/picocli/picocli/4.7.6/picocli-4.7.6.jar:/home/runner/.m2/repository/javax/servlet/javax.servlet-api/3.1.0/javax.servlet-api-3.1.0.jar:/home/runner/.m2/repository/commons-collections/commons-collections/3.2.2/commons-collections-3.2.2.jar:/home/runner/work/ozone/ozone/hadoop-hdds/framework/target/hdds-server-framework-1.5.0-SNAPSHOT-tests.jar:/home/runner/work/ozone/ozone/hadoop-hdds/managed-rocksdb/target/hdds-managed-rocksdb-1.5.0-SNAPSHOT.jar:/home/runner/.m2/repository/org/slf4j/slf4j-reload4j/2.0.16/slf4j-reload4j-2.0.16.jar:/home/runner/.m2/repository/org/apache/commons/commons-configuration2/2.10.1/commons-configuration2-2.10.1.jar:/home/runner/.m2/repository/commons-codec/commons-codec/1.17.0/commons-codec-1.17.0.jar:/home/runner/.m2/repository/commons-fileupload/commons-fileupload/1.5/commons-fileupload-1.5.jar:/home/runner/.m2/repository/commons-validator/commons-validator/1.6/commons-validator-1.6.jar:/home/runner/.m2/repository/commons-beanutils/commons-beanutils/1.9.4/commons-beanutils-1.9.4.jar:/home/runner/.m2/repository/commons-digester/commons-digester/1.8.1/commons-digester-1.8.1.jar:/home/runner/.m2/repository/org/apache/logging/log4j/log4j-core/2.23.1/log4j-core-2.23.1.jar:/home/runner/.m2/repository/com/lmax/disruptor/3.4.4/disruptor-3.4.4.jar:/home/runner/.m2/repository/org/eclipse/jetty/jetty-http/9.4.55.v20240627/jetty-http-9.4.55.v20240627.jar:/home/runner/.m2/repository/org/eclipse/jetty/jetty-io/9.4.55.v20240627/jetty-io-9.4.55.v20240627.jar:/home/runner/.m2/repository/org/eclipse/jetty/jetty-util/9.4.55.v20240627/jetty-util-9.4.55.v20240627.jar:/home/runner/.m2/repository/org/eclipse/jetty/jetty-server/9.4.55.v20240627/jetty-server-9.4.55.v20240627.jar:/home/runner/.m2/repository/org/eclipse/jetty/jetty-servlet/9.4.55.v20240627/jetty-servlet-9.4.55.v20240627.jar:/home/runner/.m2/repository/org/eclipse/jetty/jetty-security/9.4.55.v20240627/jetty-security-9.4.55.v20240627.jar:/home/runner/.m2/repository/org/eclipse/jetty/jetty-util-ajax/9.4.55.v20240627/jetty-util-ajax-9.4.55.v20240627.jar:/home/runner/.m2/repository/org/glassfish/jersey/core/jersey-server/2.44/jersey-server-2.44.jar:/home/runner/.m2/repository/org/glassfish/jersey/core/jersey-client/2.44/jersey-client-2.44.jar:/home/runner/.m2/repository/org/glassfish/jersey/containers/jersey-container-servlet-core/2.44/jersey-container-servlet-core-2.44.jar:/home/runner/.m2/repository/org/rocksdb/rocksdbjni/7.7.3/rocksdbjni-7.7.3.jar:/home/runner/.m2/repository/org/apache/ratis/ratis-metrics-api/3.1.0/ratis-metrics-api-3.1.0.jar:/home/runner/.m2/repository/org/apache/ratis/ratis-metrics-dropwizard3/3.1.0/ratis-metrics-dropwizard3-3.1.0.jar:/home/runner/.m2/repository/io/opentracing/opentracing-api/0.33.0/opentracing-api-0.33.0.jar:/home/runner/.m2/repository/io/prometheus/simpleclient/0.16.0/simpleclient-0.16.0.jar:/home/runner/.m2/repository/io/prometheus/simpleclient_dropwizard/0.16.0/simpleclient_dropwizard-0.16.0.jar:/home/runner/.m2/repository/io/prometheus/simpleclient_common/0.16.0/simpleclient_common-0.16.0.jar:/home/runner/.m2/repository/com/fasterxml/jackson/datatype/jackson-datatype-jsr310/2.16.2/jackson-datatype-jsr310-2.16.2.jar:/home/runner/.m2/repository/com/github/jnr/jnr-constants/0.10.4/jnr-constants-0.10.4.jar:/home/runner/.m2/repository/com/github/jnr/jnr-posix/3.1.19/jnr-posix-3.1.19.jar:/home/runner/.m2/repository/com/github/jnr/jnr-ffi/2.2.16/jnr-ffi-2.2.16.jar:/home/runner/.m2/repository/com/github/jnr/jffi/1.3.13/jffi-1.3.13.jar:/home/runner/.m2/repository/com/github/jnr/jffi/1.3.13/jffi-1.3.13-native.jar:/home/runner/.m2/repository/org/ow2/asm/asm/9.2/asm-9.2.jar:/home/runner/.m2/repository/org/ow2/asm/asm-commons/9.2/asm-commons-9.2.jar:/home/runner/.m2/repository/org/ow2/asm/asm-analysis/9.2/asm-analysis-9.2.jar:/home/runner/.m2/repository/org/ow2/asm/asm-tree/9.2/asm-tree-9.2.jar:/home/runner/.m2/repository/org/ow2/asm/asm-util/9.2/asm-util-9.2.jar:/home/runner/.m2/repository/com/github/jnr/jnr-a64asm/1.0.0/jnr-a64asm-1.0.0.jar:/home/runner/.m2/repository/com/github/jnr/jnr-x86asm/1.0.2/jnr-x86asm-1.0.2.jar:/home/runner/.m2/repository/com/google/code/gson/gson/2.10.1/gson-2.10.1.jar:/home/runner/work/ozone/ozone/hadoop-hdds/rocksdb-checkpoint-differ/target/rocksdb-checkpoint-differ-1.5.0-SNAPSHOT.jar:/home/runner/.m2/repository/org/jgrapht/jgrapht-core/1.4.0/jgrapht-core-1.4.0.jar:/home/runner/.m2/repository/org/jheaps/jheaps/0.11/jheaps-0.11.jar:/home/runner/.m2/repository/org/jgrapht/jgrapht-ext/1.4.0/jgrapht-ext-1.4.0.jar:/home/runner/.m2/repository/com/github/vlsi/mxgraph/jgraphx/3.9.12/jgraphx-3.9.12.jar:/home/runner/.m2/repository/jakarta/ws/rs/jakarta.ws.rs-api/2.1.6/jakarta.ws.rs-api-2.1.6.jar:/home/runner/work/ozone/ozone/hadoop-ozone/ozone-manager/target/ozone-manager-1.5.0-SNAPSHOT.jar:/home/runner/.m2/repository/org/aspectj/aspectjrt/1.9.7/aspectjrt-1.9.7.jar:/home/runner/.m2/repository/org/aspectj/aspectjweaver/1.9.7/aspectjweaver-1.9.7.jar:/home/runner/work/ozone/ozone/hadoop-ozone/interface-storage/target/ozone-interface-storage-1.5.0-SNAPSHOT.jar:/home/runner/.m2/repository/org/apache/kerby/kerby-util/1.0.1/kerby-util-1.0.1.jar:/home/runner/.m2/repository/io/netty/netty-transport/4.1.109.Final/netty-transport-4.1.109.Final.jar:/home/runner/.m2/repository/org/reflections/reflections/0.10.2/reflections-0.10.2.jar:/home/runner/.m2/repository/com/sun/jersey/jersey-client/1.19.4/jersey-client-1.19.4.jar:/home/runner/.m2/repository/jakarta/xml/bind/jakarta.xml.bind-api/2.3.3/jakarta.xml.bind-api-2.3.3.jar:/home/runner/.m2/repository/org/codehaus/jackson/jackson-core-asl/1.9.13/jackson-core-asl-1.9.13.jar:/home/runner/.m2/repository/org/codehaus/jackson/jackson-mapper-asl/1.9.13/jackson-mapper-asl-1.9.13.jar:/home/runner/.m2/repository/org/codehaus/jackson/jackson-jaxrs/1.9.13/jackson-jaxrs-1.9.13.jar:/home/runner/.m2/repository/org/apache/ranger/ranger-plugins-common/2.3.0/ranger-plugins-common-2.3.0.jar:/home/runner/.m2/repository/commons-lang/commons-lang/2.6/commons-lang-2.6.jar:/home/runner/.m2/repository/org/apache/ranger/ranger-plugins-cred/2.3.0/ranger-plugins-cred-2.3.0.jar:/home/runner/.m2/repository/org/apache/ranger/ranger-plugins-audit/2.3.0/ranger-plugins-audit-2.3.0.jar:/home/runner/.m2/repository/org/eclipse/jetty/jetty-client/9.4.55.v20240627/jetty-client-9.4.55.v20240627.jar:/home/runner/.m2/repository/org/apache/httpcomponents/httpmime/4.5.6/httpmime-4.5.6.jar:/home/runner/.m2/repository/org/apache/httpcomponents/httpcore-nio/4.4.16/httpcore-nio-4.4.16.jar:/home/runner/.m2/repository/org/apache/httpcomponents/httpasyncclient/4.1.3/httpasyncclient-4.1.3.jar:/home/runner/.m2/repository/com/carrotsearch/hppc/0.8.0/hppc-0.8.0.jar:/home/runner/.m2/repository/org/apache/orc/orc-core/1.5.8/orc-core-1.5.8.jar:/home/runner/.m2/repository/net/java/dev/jna/jna/5.2.0/jna-5.2.0.jar:/home/runner/.m2/repository/net/java/dev/jna/jna-platform/5.2.0/jna-platform-5.2.0.jar:/home/runner/.m2/repository/com/kstruct/gethostname4j/0.0.2/gethostname4j-0.0.2.jar:/home/runner/.m2/repository/org/apache/ranger/ranger-plugin-classloader/2.3.0/ranger-plugin-classloader-2.3.0.jar:/home/runner/.m2/repository/org/apache/ranger/ranger-intg/2.3.0/ranger-intg-2.3.0.jar:/home/runner/work/ozone/ozone/hadoop-hdds/rocks-native/target/hdds-rocks-native-1.5.0-SNAPSHOT.jar:/home/runner/.m2/repository/org/apache/hadoop/hadoop-minikdc/3.3.6/hadoop-minikdc-3.3.6.jar:/home/runner/.m2/repository/org/apache/kerby/kerb-simplekdc/1.0.1/kerb-simplekdc-1.0.1.jar:/home/runner/.m2/repository/org/apache/kerby/kerb-client/1.0.1/kerb-client-1.0.1.jar:/home/runner/.m2/repository/org/apache/kerby/kerb-common/1.0.1/kerb-common-1.0.1.jar:/home/runner/.m2/repository/org/apache/kerby/token-provider/1.0.1/token-provider-1.0.1.jar:/home/runner/.m2/repository/org/apache/kerby/kerb-admin/1.0.1/kerb-admin-1.0.1.jar:/home/runner/.m2/repository/org/apache/kerby/kerb-server/1.0.1/kerb-server-1.0.1.jar:/home/runner/.m2/repository/org/apache/kerby/kerb-identity/1.0.1/kerb-identity-1.0.1.jar:/home/runner/.m2/repository/org/apache/kerby/kerby-xdr/1.0.1/kerby-xdr-1.0.1.jar:/home/runner/.m2/repository/junit/junit/4.13.2/junit-4.13.2.jar:/home/runner/.m2/repository/org/hamcrest/hamcrest-core/1.3/hamcrest-core-1.3.jar:/home/runner/work/ozone/ozone/hadoop-ozone/s3gateway/target/ozone-s3gateway-1.5.0-SNAPSHOT.jar:/home/runner/.m2/repository/org/javassist/javassist/3.30.2-GA/javassist-3.30.2-GA.jar:/home/runner/.m2/repository/org/jboss/weld/servlet/weld-servlet-shaded/3.1.9.Final/weld-servlet-shaded-3.1.9.Final.jar:/home/runner/.m2/repository/org/glassfish/jersey/core/jersey-common/2.44/jersey-common-2.44.jar:/home/runner/.m2/repository/org/glassfish/hk2/osgi-resource-locator/1.0.3/osgi-resource-locator-1.0.3.jar:/home/runner/.m2/repository/org/glassfish/jersey/ext/cdi/jersey-cdi1x/2.44/jersey-cdi1x-2.44.jar:/home/runner/.m2/repository/org/glassfish/jersey/inject/jersey-hk2/2.44/jersey-hk2-2.44.jar:/home/runner/.m2/repository/org/glassfish/hk2/hk2-locator/2.6.1/hk2-locator-2.6.1.jar:/home/runner/.m2/repository/org/glassfish/jersey/media/jersey-media-jaxb/2.44/jersey-media-jaxb-2.44.jar:/home/runner/.m2/repository/org/glassfish/hk2/hk2-api/2.6.1/hk2-api-2.6.1.jar:/home/runner/.m2/repository/org/glassfish/hk2/hk2-utils/2.6.1/hk2-utils-2.6.1.jar:/home/runner/.m2/repository/org/glassfish/hk2/external/aopalliance-repackaged/2.6.1/aopalliance-repackaged-2.6.1.jar:/home/runner/.m2/repository/com/fasterxml/jackson/dataformat/jackson-dataformat-xml/2.16.2/jackson-dataformat-xml-2.16.2.jar:/home/runner/.m2/repository/org/codehaus/woodstox/stax2-api/4.2.2/stax2-api-4.2.2.jar:/home/runner/.m2/repository/com/fasterxml/woodstox/woodstox-core/5.4.0/woodstox-core-5.4.0.jar:/home/runner/.m2/repository/com/fasterxml/jackson/module/jackson-module-jaxb-annotations/2.16.2/jackson-module-jaxb-annotations-2.16.2.jar:/home/runner/.m2/repository/javax/annotation/javax.annotation-api/1.3.2/javax.annotation-api-1.3.2.jar:/home/runner/.m2/repository/javax/enterprise/cdi-api/2.0/cdi-api-2.0.jar:/home/runner/.m2/repository/javax/el/javax.el-api/3.0.0/javax.el-api-3.0.0.jar:/home/runner/.m2/repository/javax/interceptor/javax.interceptor-api/1.2/javax.interceptor-api-1.2.jar:/home/runner/.m2/repository/org/glassfish/jaxb/jaxb-runtime/2.3.9/jaxb-runtime-2.3.9.jar:/home/runner/.m2/repository/org/glassfish/jaxb/txw2/2.3.9/txw2-2.3.9.jar:/home/runner/.m2/repository/com/sun/istack/istack-commons-runtime/3.0.12/istack-commons-runtime-3.0.12.jar:/home/runner/.m2/repository/com/sun/activation/jakarta.activation/1.2.2/jakarta.activation-1.2.2.jar:/home/runner/.m2/repository/jakarta/activation/jakarta.activation-api/1.2.2/jakarta.activation-api-1.2.2.jar:/home/runner/.m2/repository/io/grpc/grpc-protobuf/1.58.0/grpc-protobuf-1.58.0.jar:/home/runner/.m2/repository/com/google/api/grpc/proto-google-common-protos/2.22.0/proto-google-common-protos-2.22.0.jar:/home/runner/.m2/repository/io/grpc/grpc-protobuf-lite/1.58.0/grpc-protobuf-lite-1.58.0.jar:/home/runner/.m2/repository/io/opentracing/opentracing-noop/0.33.0/opentracing-noop-0.33.0.jar:/home/runner/.m2/repository/io/opentracing/opentracing-util/0.33.0/opentracing-util-0.33.0.jar:/home/runner/work/ozone/ozone/hadoop-ozone/csi/target/ozone-csi-1.5.0-SNAPSHOT.jar:/home/runner/.m2/repository/com/google/protobuf/protobuf-java-util/3.19.6/protobuf-java-util-3.19.6.jar:/home/runner/.m2/repository/io/netty/netty-transport-classes-epoll/4.1.109.Final/netty-transport-classes-epoll-4.1.109.Final.jar:/home/runner/.m2/repository/io/netty/netty-transport-native-epoll/4.1.109.Final/netty-transport-native-epoll-4.1.109.Final-linux-x86_64.jar:/home/runner/.m2/repository/io/netty/netty-transport-native-unix-common/4.1.109.Final/netty-transport-native-unix-common-4.1.109.Final.jar:/home/runner/work/ozone/ozone/hadoop-ozone/recon/target/ozone-recon-1.5.0-SNAPSHOT.jar:/home/runner/work/ozone/ozone/hadoop-ozone/recon-codegen/target/ozone-reconcodegen-1.5.0-SNAPSHOT.jar:/home/runner/.m2/repository/aopalliance/aopalliance/1.0/aopalliance-1.0.jar:/home/runner/.m2/repository/com/google/inject/guice/6.0.0/guice-6.0.0.jar:/home/runner/.m2/repository/jakarta/inject/jakarta.inject-api/2.0.1/jakarta.inject-api-2.0.1.jar:/home/runner/.m2/repository/com/google/inject/extensions/guice-assistedinject/6.0.0/guice-assistedinject-6.0.0.jar:/home/runner/.m2/repository/com/google/inject/extensions/guice-servlet/6.0.0/guice-servlet-6.0.0.jar:/home/runner/.m2/repository/org/glassfish/jersey/containers/jersey-container-servlet/2.44/jersey-container-servlet-2.44.jar:/home/runner/.m2/repository/org/glassfish/hk2/guice-bridge/2.6.1/guice-bridge-2.6.1.jar:/home/runner/.m2/repository/org/glassfish/hk2/external/jakarta.inject/2.6.1/jakarta.inject-2.6.1.jar:/home/runner/.m2/repository/org/glassfish/jersey/media/jersey-media-json-jackson/2.44/jersey-media-json-jackson-2.44.jar:/home/runner/.m2/repository/org/glassfish/jersey/ext/jersey-entity-filtering/2.44/jersey-entity-filtering-2.44.jar:/home/runner/.m2/repository/org/jooq/jooq/3.11.10/jooq-3.11.10.jar:/home/runner/.m2/repository/org/jooq/jooq-meta/3.11.10/jooq-meta-3.11.10.jar:/home/runner/.m2/repository/org/jooq/jooq-codegen/3.11.10/jooq-codegen-3.11.10.jar:/home/runner/.m2/repository/com/jolbox/bonecp/0.8.0.RELEASE/bonecp-0.8.0.RELEASE.jar:/home/runner/.m2/repository/org/apache/derby/derby/10.14.2.0/derby-10.14.2.0.jar:/home/runner/.m2/repository/org/xerial/sqlite-jdbc/3.46.0.0/sqlite-jdbc-3.46.0.0.jar:/home/runner/.m2/repository/org/springframework/spring-core/5.3.39/spring-core-5.3.39.jar:/home/runner/.m2/repository/org/springframework/spring-jdbc/5.3.39/spring-jdbc-5.3.39.jar:/home/runner/.m2/repository/org/springframework/spring-beans/5.3.39/spring-beans-5.3.39.jar:/home/runner/.m2/repository/org/springframework/spring-tx/5.3.39/spring-tx-5.3.39.jar:/home/runner/.m2/repository/jakarta/validation/jakarta.validation-api/2.0.2/jakarta.validation-api-2.0.2.jar:/home/runner/.m2/repository/javax/inject/javax.inject/1/javax.inject-1.jar:/home/runner/work/ozone/ozone/hadoop-ozone/client/target/ozone-client-1.5.0-SNAPSHOT.jar:/home/runner/work/ozone/ozone/hadoop-hdds/erasurecode/target/hdds-erasurecode-1.5.0-SNAPSHOT.jar:/home/runner/work/ozone/ozone/hadoop-ozone/ozonefs/target/ozone-filesystem-1.5.0-SNAPSHOT.jar:/home/runner/work/ozone/ozone/hadoop-ozone/ozonefs-common/target/ozone-filesystem-common-1.5.0-SNAPSHOT.jar:/home/runner/work/ozone/ozone/hadoop-ozone/tools/target/ozone-tools-1.5.0-SNAPSHOT.jar:/home/runner/.m2/repository/org/apache/ratis/ratis-tools/3.1.0/ratis-tools-3.1.0.jar:/home/runner/.m2/repository/com/amazonaws/aws-java-sdk-core/1.12.661/aws-java-sdk-core-1.12.661.jar:/home/runner/.m2/repository/com/fasterxml/jackson/dataformat/jackson-dataformat-cbor/2.16.2/jackson-dataformat-cbor-2.16.2.jar:/home/runner/.m2/repository/joda-time/joda-time/2.12.7/joda-time-2.12.7.jar:/home/runner/.m2/repository/com/amazonaws/aws-java-sdk-s3/1.12.661/aws-java-sdk-s3-1.12.661.jar:/home/runner/.m2/repository/com/amazonaws/aws-java-sdk-kms/1.12.661/aws-java-sdk-kms-1.12.661.jar:/home/runner/.m2/repository/com/amazonaws/jmespath-java/1.12.661/jmespath-java-1.12.661.jar:/home/runner/.m2/repository/org/kohsuke/metainf-services/metainf-services/1.11/metainf-services-1.11.jar:/home/runner/work/ozone/ozone/hadoop-hdds/tools/target/hdds-tools-1.5.0-SNAPSHOT.jar:/home/runner/.m2/repository/commons-cli/commons-cli/1.8.0/commons-cli-1.8.0.jar:/home/runner/.m2/repository/org/apache/commons/commons-lang3/3.14.0/commons-lang3-3.14.0.jar:/home/runner/work/ozone/ozone/hadoop-ozone/ozone-manager/target/ozone-manager-1.5.0-SNAPSHOT-tests.jar:/home/runner/work/ozone/ozone/hadoop-hdds/common/target/hdds-common-1.5.0-SNAPSHOT-tests.jar:/home/runner/work/ozone/ozone/hadoop-hdds/hadoop-dependency-client/target/hdds-hadoop-dependency-client-1.5.0-SNAPSHOT.jar:/home/runner/work/ozone/ozone/hadoop-hdds/annotations/target/hdds-annotation-processing-1.5.0-SNAPSHOT.jar:/home/runner/.m2/repository/org/bouncycastle/bcutil-jdk18on/1.78.1/bcutil-jdk18on-1.78.1.jar:/home/runner/.m2/repository/io/jaegertracing/jaeger-client/1.8.1/jaeger-client-1.8.1.jar:/home/runner/.m2/repository/io/jaegertracing/jaeger-thrift/1.8.1/jaeger-thrift-1.8.1.jar:/home/runner/.m2/repository/org/apache/thrift/libthrift/0.15.0/libthrift-0.15.0.jar:/home/runner/.m2/repository/io/jaegertracing/jaeger-tracerresolver/1.8.1/jaeger-tracerresolver-1.8.1.jar:/home/runner/.m2/repository/io/opentracing/contrib/opentracing-tracerresolver/0.1.8/opentracing-tracerresolver-0.1.8.jar:/home/runner/.m2/repository/io/jaegertracing/jaeger-core/1.8.1/jaeger-core-1.8.1.jar:/home/runner/.m2/repository/org/jetbrains/kotlin/kotlin-stdlib/1.9.25/kotlin-stdlib-1.9.25.jar:/home/runner/.m2/repository/org/jetbrains/annotations/13.0/annotations-13.0.jar:/home/runner/.m2/repository/org/yaml/snakeyaml/2.0/snakeyaml-2.0.jar:/home/runner/.m2/repository/org/junit/platform/junit-platform-launcher/1.10.3/junit-platform-launcher-1.10.3.jar:/home/runner/.m2/repository/org/junit/platform/junit-platform-engine/1.10.3/junit-platform-engine-1.10.3.jar:/home/runner/.m2/repository/org/apiguardian/apiguardian-api/1.1.2/apiguardian-api-1.1.2.jar:/home/runner/.m2/repository/org/apache/hadoop/hadoop-kms/3.3.6/hadoop-kms-3.3.6.jar:/home/runner/.m2/repository/org/apache/hadoop/hadoop-auth/3.3.6/hadoop-auth-3.3.6.jar:/home/runner/.m2/repository/org/apache/zookeeper/zookeeper/3.8.4/zookeeper-3.8.4.jar:/home/runner/.m2/repository/org/apache/zookeeper/zookeeper-jute/3.8.4/zookeeper-jute-3.8.4.jar:/home/runner/.m2/repository/org/apache/yetus/audience-annotations/0.12.0/audience-annotations-0.12.0.jar:/home/runner/.m2/repository/org/apache/curator/curator-framework/4.2.0/curator-framework-4.2.0.jar:/home/runner/.m2/repository/org/apache/hadoop/thirdparty/hadoop-shaded-guava/1.2.0/hadoop-shaded-guava-1.2.0.jar:/home/runner/.m2/repository/com/sun/jersey/jersey-core/1.19.4/jersey-core-1.19.4.jar:/home/runner/.m2/repository/javax/ws/rs/jsr311-api/1.1.1/jsr311-api-1.1.1.jar:/home/runner/.m2/repository/com/sun/jersey/jersey-server/1.19.4/jersey-server-1.19.4.jar:/home/runner/.m2/repository/org/apache/hadoop/hadoop-common/3.3.6/hadoop-common-3.3.6.jar:/home/runner/.m2/repository/org/apache/commons/commons-math3/3.6.1/commons-math3-3.6.1.jar:/home/runner/.m2/repository/commons-net/commons-net/3.11.1/commons-net-3.11.1.jar:/home/runner/.m2/repository/com/sun/jersey/jersey-servlet/1.19.4/jersey-servlet-1.19.4.jar:/home/runner/.m2/repository/com/github/pjfanning/jersey-json/1.20/jersey-json-1.20.jar:/home/runner/.m2/repository/org/codehaus/jettison/jettison/1.1/jettison-1.1.jar:/home/runner/.m2/repository/com/sun/xml/bind/jaxb-impl/2.2.3-1/jaxb-impl-2.2.3-1.jar:/home/runner/.m2/repository/com/google/re2j/re2j/1.7/re2j-1.7.jar:/home/runner/.m2/repository/com/jcraft/jsch/0.1.55/jsch-0.1.55.jar:/home/runner/.m2/repository/org/apache/curator/curator-client/4.2.0/curator-client-4.2.0.jar:/home/runner/.m2/repository/org/apache/curator/curator-recipes/5.2.0/curator-recipes-5.2.0.jar:/home/runner/.m2/repository/com/google/code/findbugs/jsr305/3.0.2/jsr305-3.0.2.jar:/home/runner/.m2/repository/dnsjava/dnsjava/2.1.9/dnsjava-2.1.9.jar:/home/runner/.m2/repository/org/apache/hadoop/hadoop-kms/3.3.6/hadoop-kms-3.3.6-tests.jar:/home/runner/work/ozone/ozone/hadoop-hdds/server-scm/target/hdds-server-scm-1.5.0-SNAPSHOT-tests.jar:/home/runner/work/ozone/ozone/hadoop-hdds/container-service/target/hdds-container-service-1.5.0-SNAPSHOT-tests.jar:/home/runner/.m2/repository/com/github/luben/zstd-jni/1.5.6-4/zstd-jni-1.5.6-4.jar:/home/runner/.m2/repository/io/netty/netty-buffer/4.1.109.Final/netty-buffer-4.1.109.Final.jar:/home/runner/.m2/repository/io/netty/netty-codec/4.1.109.Final/netty-codec-4.1.109.Final.jar:/home/runner/work/ozone/ozone/hadoop-hdds/hadoop-dependency-test/target/hdds-hadoop-dependency-test-1.5.0-SNAPSHOT.jar:/home/runner/.m2/repository/org/apache/hadoop/hadoop-common/3.3.6/hadoop-common-3.3.6-tests.jar:/home/runner/.m2/repository/org/apache/hadoop/hadoop-hdfs/3.3.6/hadoop-hdfs-3.3.6-tests.jar:/home/runner/.m2/repository/org/junit/jupiter/junit-jupiter-engine/5.10.3/junit-jupiter-engine-5.10.3.jar:/home/runner/.m2/repository/org/junit/jupiter/junit-jupiter-params/5.10.3/junit-jupiter-params-5.10.3.jar:/home/runner/.m2/repository/org/mockito/mockito-core/4.11.0/mockito-core-4.11.0.jar:/home/runner/.m2/repository/net/bytebuddy/byte-buddy-agent/1.12.19/byte-buddy-agent-1.12.19.jar:/home/runner/.m2/repository/org/objenesis/objenesis/3.3/objenesis-3.3.jar:/home/runner/.m2/repository/org/mockito/mockito-inline/4.11.0/mockito-inline-4.11.0.jar:/home/runner/.m2/repository/org/mockito/mockito-junit-jupiter/4.11.0/mockito-junit-jupiter-4.11.0.jar:/home/runner/.m2/repository/org/apache/hadoop/hadoop-distcp/3.3.6/hadoop-distcp-3.3.6.jar:/home/runner/.m2/repository/org/apache/hadoop/hadoop-mapreduce-client-jobclient/3.3.6/hadoop-mapreduce-client-jobclient-3.3.6.jar:/home/runner/.m2/repository/org/apache/hadoop/hadoop-mapreduce-client-common/3.3.6/hadoop-mapreduce-client-common-3.3.6.jar:/home/runner/.m2/repository/org/apache/hadoop/hadoop-yarn-common/3.3.6/hadoop-yarn-common-3.3.6.jar:/home/runner/.m2/repository/org/apache/hadoop/hadoop-yarn-api/3.3.6/hadoop-yarn-api-3.3.6.jar:/home/runner/.m2/repository/javax/xml/bind/jaxb-api/2.2.11/jaxb-api-2.2.11.jar:/home/runner/.m2/repository/com/sun/jersey/contribs/jersey-guice/1.19.4/jersey-guice-1.19.4.jar:/home/runner/.m2/repository/com/fasterxml/jackson/jaxrs/jackson-jaxrs-json-provider/2.16.2/jackson-jaxrs-json-provider-2.16.2.jar:/home/runner/.m2/repository/com/fasterxml/jackson/jaxrs/jackson-jaxrs-base/2.16.2/jackson-jaxrs-base-2.16.2.jar:/home/runner/.m2/repository/org/apache/hadoop/hadoop-yarn-client/3.3.6/hadoop-yarn-client-3.3.6.jar:/home/runner/.m2/repository/org/eclipse/jetty/websocket/websocket-client/9.4.51.v20230217/websocket-client-9.4.51.v20230217.jar:/home/runner/.m2/repository/org/eclipse/jetty/websocket/websocket-common/9.4.51.v20230217/websocket-common-9.4.51.v20230217.jar:/home/runner/.m2/repository/org/eclipse/jetty/websocket/websocket-api/9.4.51.v20230217/websocket-api-9.4.51.v20230217.jar:/home/runner/.m2/repository/org/jline/jline/3.9.0/jline-3.9.0.jar:/home/runner/.m2/repository/org/apache/hadoop/hadoop-mapreduce-client-core/3.3.6/hadoop-mapreduce-client-core-3.3.6.jar:/home/runner/.m2/repository/org/apache/avro/avro/1.7.7/avro-1.7.7.jar:/home/runner/.m2/repository/com/thoughtworks/paranamer/paranamer/2.3/paranamer-2.3.jar:/home/runner/.m2/repository/org/apache/hadoop/hadoop-annotations/3.3.6/hadoop-annotations-3.3.6.jar:/home/runner/.m2/repository/io/netty/netty/3.10.6.Final/netty-3.10.6.Final.jar:/home/runner/.m2/repository/org/apache/hadoop/hadoop-distcp/3.3.6/hadoop-distcp-3.3.6-tests.jar:/home/runner/.m2/repository/org/apache/ratis/ratis-server/3.1.0/ratis-server-3.1.0.jar:/home/runner/.m2/repository/org/hamcrest/hamcrest/2.2/hamcrest-2.2.jar:/home/runner/.m2/repository/org/slf4j/jul-to-slf4j/2.0.16/jul-to-slf4j-2.0.16.jar:/home/runner/work/ozone/ozone/hadoop-ozone/integration-test/target/gradle-enterprise/test-listeners.jar:"/>
    <property name="java.vm.vendor" value="Eclipse Adoptium"/>
    <property name="sun.arch.data.model" value="64"/>
    <property name="test.build.dir" value="/home/runner/work/ozone/ozone/hadoop-ozone/integration-test/target/test-dir"/>
    <property name="test.cache.data" value=""/>
    <property name="java.vendor.url" value="https://adoptium.net/"/>
    <property name="user.timezone" value="Etc/UTC"/>
    <property name="maven-surefire-plugin.argLineAccessArgs" value=" --add-opens java.management/com.sun.jmx.mbeanserver=ALL-UNNAMED --add-exports java.management/com.sun.jmx.mbeanserver=ALL-UNNAMED --add-opens java.base/java.nio=ALL-UNNAMED --add-opens java.base/java.lang=ALL-UNNAMED --add-opens java.base/java.lang.reflect=ALL-UNNAMED"/>
    <property name="os.name" value="Linux"/>
    <property name="java.vm.specification.version" value="17"/>
    <property name="test.build.data" value="/home/runner/work/ozone/ozone/hadoop-ozone/integration-test/target/test-dir"/>
    <property name="sun.java.launcher" value="SUN_STANDARD"/>
    <property name="sun.boot.library.path" value="/usr/lib/jvm/temurin-17-jdk-amd64/lib"/>
    <property name="sun.java.command" value="/home/runner/work/ozone/ozone/hadoop-ozone/integration-test/target/surefire/surefirebooter10187774856227811273.jar /home/runner/work/ozone/ozone/hadoop-ozone/integration-test/target/surefire 2024-08-27T20-03-46_590-jvmRun1 surefire11807750978532415990tmp surefire_115880841423496672650tmp"/>
    <property name="jdk.debug" value="release"/>
    <property name="native.lib.tmp.dir" value="/tmp"/>
    <property name="surefire.test.class.path" value="/home/runner/work/ozone/ozone/hadoop-ozone/integration-test/target/test-classes:/home/runner/work/ozone/ozone/hadoop-ozone/integration-test/target/classes:/home/runner/work/ozone/ozone/hadoop-ozone/common/target/ozone-common-1.5.0-SNAPSHOT.jar:/home/runner/.m2/repository/io/grpc/grpc-netty/1.58.0/grpc-netty-1.58.0.jar:/home/runner/.m2/repository/io/grpc/grpc-core/1.58.0/grpc-core-1.58.0.jar:/home/runner/.m2/repository/com/google/android/annotations/4.1.1.4/annotations-4.1.1.4.jar:/home/runner/.m2/repository/org/codehaus/mojo/animal-sniffer-annotations/1.23/animal-sniffer-annotations-1.23.jar:/home/runner/.m2/repository/io/grpc/grpc-context/1.58.0/grpc-context-1.58.0.jar:/home/runner/.m2/repository/io/grpc/grpc-util/1.58.0/grpc-util-1.58.0.jar:/home/runner/.m2/repository/com/google/errorprone/error_prone_annotations/2.29.2/error_prone_annotations-2.29.2.jar:/home/runner/.m2/repository/io/perfmark/perfmark-api/0.26.0/perfmark-api-0.26.0.jar:/home/runner/.m2/repository/io/netty/netty-codec-http2/4.1.109.Final/netty-codec-http2-4.1.109.Final.jar:/home/runner/.m2/repository/io/netty/netty-codec-http/4.1.109.Final/netty-codec-http-4.1.109.Final.jar:/home/runner/.m2/repository/io/netty/netty-handler-proxy/4.1.109.Final/netty-handler-proxy-4.1.109.Final.jar:/home/runner/.m2/repository/io/netty/netty-codec-socks/4.1.109.Final/netty-codec-socks-4.1.109.Final.jar:/home/runner/.m2/repository/io/netty/netty-tcnative-boringssl-static/2.0.65.Final/netty-tcnative-boringssl-static-2.0.65.Final.jar:/home/runner/.m2/repository/io/netty/netty-tcnative-classes/2.0.65.Final/netty-tcnative-classes-2.0.65.Final.jar:/home/runner/.m2/repository/io/netty/netty-tcnative-boringssl-static/2.0.65.Final/netty-tcnative-boringssl-static-2.0.65.Final-linux-x86_64.jar:/home/runner/.m2/repository/io/netty/netty-tcnative-boringssl-static/2.0.65.Final/netty-tcnative-boringssl-static-2.0.65.Final-linux-aarch_64.jar:/home/runner/.m2/repository/io/netty/netty-tcnative-boringssl-static/2.0.65.Final/netty-tcnative-boringssl-static-2.0.65.Final-osx-x86_64.jar:/home/runner/.m2/repository/io/netty/netty-tcnative-boringssl-static/2.0.65.Final/netty-tcnative-boringssl-static-2.0.65.Final-osx-aarch_64.jar:/home/runner/.m2/repository/io/netty/netty-tcnative-boringssl-static/2.0.65.Final/netty-tcnative-boringssl-static-2.0.65.Final-windows-x86_64.jar:/home/runner/.m2/repository/org/apache/commons/commons-compress/1.27.0/commons-compress-1.27.0.jar:/home/runner/work/ozone/ozone/hadoop-hdds/common/target/hdds-common-1.5.0-SNAPSHOT.jar:/home/runner/work/ozone/ozone/hadoop-hdds/client/target/hdds-client-1.5.0-SNAPSHOT.jar:/home/runner/work/ozone/ozone/hadoop-hdds/config/target/hdds-config-1.5.0-SNAPSHOT.jar:/home/runner/work/ozone/ozone/hadoop-hdds/interface-client/target/hdds-interface-client-1.5.0-SNAPSHOT.jar:/home/runner/.m2/repository/org/apache/hadoop/thirdparty/hadoop-shaded-protobuf_3_7/1.1.1/hadoop-shaded-protobuf_3_7-1.1.1.jar:/home/runner/work/ozone/ozone/hadoop-ozone/interface-client/target/ozone-interface-client-1.5.0-SNAPSHOT.jar:/home/runner/.m2/repository/org/apache/hadoop/hadoop-hdfs-client/3.3.6/hadoop-hdfs-client-3.3.6.jar:/home/runner/.m2/repository/com/squareup/okhttp3/okhttp/4.12.0/okhttp-4.12.0.jar:/home/runner/.m2/repository/com/squareup/okio/okio/3.6.0/okio-3.6.0.jar:/home/runner/.m2/repository/com/squareup/okio/okio-jvm/3.6.0/okio-jvm-3.6.0.jar:/home/runner/.m2/repository/org/jetbrains/kotlin/kotlin-stdlib-jdk8/1.9.25/kotlin-stdlib-jdk8-1.9.25.jar:/home/runner/.m2/repository/org/jetbrains/kotlin/kotlin-stdlib-jdk7/1.9.25/kotlin-stdlib-jdk7-1.9.25.jar:/home/runner/.m2/repository/org/jetbrains/kotlin/kotlin-stdlib-common/1.9.25/kotlin-stdlib-common-1.9.25.jar:/home/runner/.m2/repository/org/apache/httpcomponents/httpclient/4.5.14/httpclient-4.5.14.jar:/home/runner/.m2/repository/org/apache/httpcomponents/httpcore/4.4.16/httpcore-4.4.16.jar:/home/runner/.m2/repository/org/apache/ratis/ratis-common/3.1.0/ratis-common-3.1.0.jar:/home/runner/.m2/repository/org/apache/ratis/ratis-proto/3.1.0/ratis-proto-3.1.0.jar:/home/runner/.m2/repository/org/apache/ratis/ratis-thirdparty-misc/1.0.6/ratis-thirdparty-misc-1.0.6.jar:/home/runner/.m2/repository/org/slf4j/slf4j-api/2.0.16/slf4j-api-2.0.16.jar:/home/runner/.m2/repository/com/fasterxml/jackson/core/jackson-annotations/2.16.2/jackson-annotations-2.16.2.jar:/home/runner/.m2/repository/com/fasterxml/jackson/core/jackson-databind/2.16.2/jackson-databind-2.16.2.jar:/home/runner/.m2/repository/com/github/stephenc/jcip/jcip-annotations/1.0-1/jcip-annotations-1.0-1.jar:/home/runner/.m2/repository/com/google/guava/guava/32.1.3-jre/guava-32.1.3-jre.jar:/home/runner/.m2/repository/com/google/guava/failureaccess/1.0.1/failureaccess-1.0.1.jar:/home/runner/.m2/repository/com/google/guava/listenablefuture/9999.0-empty-to-avoid-conflict-with-guava/listenablefuture-9999.0-empty-to-avoid-conflict-with-guava.jar:/home/runner/.m2/repository/org/checkerframework/checker-qual/3.37.0/checker-qual-3.37.0.jar:/home/runner/.m2/repository/com/google/j2objc/j2objc-annotations/2.8/j2objc-annotations-2.8.jar:/home/runner/.m2/repository/com/google/protobuf/protobuf-java/2.5.0/protobuf-java-2.5.0.jar:/home/runner/.m2/repository/io/grpc/grpc-api/1.58.0/grpc-api-1.58.0.jar:/home/runner/.m2/repository/io/grpc/grpc-stub/1.58.0/grpc-stub-1.58.0.jar:/home/runner/.m2/repository/io/netty/netty-common/4.1.109.Final/netty-common-4.1.109.Final.jar:/home/runner/.m2/repository/io/netty/netty-handler/4.1.109.Final/netty-handler-4.1.109.Final.jar:/home/runner/.m2/repository/io/netty/netty-resolver/4.1.109.Final/netty-resolver-4.1.109.Final.jar:/home/runner/.m2/repository/jakarta/annotation/jakarta.annotation-api/2.1.1/jakarta.annotation-api-2.1.1.jar:/home/runner/work/ozone/ozone/hadoop-hdds/test-utils/target/hdds-test-utils-1.5.0-SNAPSHOT.jar:/home/runner/.m2/repository/org/assertj/assertj-core/3.26.3/assertj-core-3.26.3.jar:/home/runner/.m2/repository/net/bytebuddy/byte-buddy/1.14.18/byte-buddy-1.14.18.jar:/home/runner/.m2/repository/commons-io/commons-io/2.16.1/commons-io-2.16.1.jar:/home/runner/.m2/repository/commons-logging/commons-logging/1.2/commons-logging-1.2.jar:/home/runner/.m2/repository/org/junit/jupiter/junit-jupiter-api/5.10.3/junit-jupiter-api-5.10.3.jar:/home/runner/.m2/repository/org/opentest4j/opentest4j/1.3.0/opentest4j-1.3.0.jar:/home/runner/.m2/repository/org/junit/platform/junit-platform-commons/1.10.3/junit-platform-commons-1.10.3.jar:/home/runner/.m2/repository/ch/qos/reload4j/reload4j/1.2.25/reload4j-1.2.25.jar:/home/runner/.m2/repository/org/apache/logging/log4j/log4j-api/2.23.1/log4j-api-2.23.1.jar:/home/runner/work/ozone/ozone/hadoop-hdds/server-scm/target/hdds-server-scm-1.5.0-SNAPSHOT.jar:/home/runner/work/ozone/ozone/hadoop-hdds/container-service/target/hdds-container-service-1.5.0-SNAPSHOT.jar:/home/runner/work/ozone/ozone/hadoop-hdds/hadoop-dependency-server/target/hdds-hadoop-dependency-server-1.5.0-SNAPSHOT.jar:/home/runner/.m2/repository/com/nimbusds/nimbus-jose-jwt/9.40/nimbus-jose-jwt-9.40.jar:/home/runner/.m2/repository/org/apache/hadoop/hadoop-hdfs/3.3.6/hadoop-hdfs-3.3.6.jar:/home/runner/.m2/repository/commons-daemon/commons-daemon/1.4.0/commons-daemon-1.4.0.jar:/home/runner/.m2/repository/org/apache/kerby/kerb-core/1.0.1/kerb-core-1.0.1.jar:/home/runner/.m2/repository/org/apache/kerby/kerby-pkix/1.0.1/kerby-pkix-1.0.1.jar:/home/runner/.m2/repository/org/apache/kerby/kerby-asn1/1.0.1/kerby-asn1-1.0.1.jar:/home/runner/.m2/repository/org/apache/kerby/kerb-util/1.0.1/kerb-util-1.0.1.jar:/home/runner/.m2/repository/org/apache/kerby/kerby-config/1.0.1/kerby-config-1.0.1.jar:/home/runner/.m2/repository/org/apache/kerby/kerb-crypto/1.0.1/kerb-crypto-1.0.1.jar:/home/runner/.m2/repository/org/xerial/snappy/snappy-java/1.1.10.6/snappy-java-1.1.10.6.jar:/home/runner/work/ozone/ozone/hadoop-hdds/interface-admin/target/hdds-interface-admin-1.5.0-SNAPSHOT.jar:/home/runner/work/ozone/ozone/hadoop-hdds/interface-server/target/hdds-interface-server-1.5.0-SNAPSHOT.jar:/home/runner/work/ozone/ozone/hadoop-hdds/framework/target/hdds-server-framework-1.5.0-SNAPSHOT.jar:/home/runner/.m2/repository/org/apache/ratis/ratis-client/3.1.0/ratis-client-3.1.0.jar:/home/runner/.m2/repository/org/apache/ratis/ratis-grpc/3.1.0/ratis-grpc-3.1.0.jar:/home/runner/.m2/repository/org/apache/ratis/ratis-netty/3.1.0/ratis-netty-3.1.0.jar:/home/runner/.m2/repository/org/apache/ratis/ratis-server-api/3.1.0/ratis-server-api-3.1.0.jar:/home/runner/.m2/repository/org/bouncycastle/bcpkix-jdk18on/1.78.1/bcpkix-jdk18on-1.78.1.jar:/home/runner/.m2/repository/org/bouncycastle/bcprov-jdk18on/1.78.1/bcprov-jdk18on-1.78.1.jar:/home/runner/.m2/repository/io/dropwizard/metrics/metrics-core/3.2.6/metrics-core-3.2.6.jar:/home/runner/.m2/repository/org/apache/commons/commons-text/1.12.0/commons-text-1.12.0.jar:/home/runner/.m2/repository/org/eclipse/jetty/jetty-webapp/9.4.55.v20240627/jetty-webapp-9.4.55.v20240627.jar:/home/runner/.m2/repository/org/eclipse/jetty/jetty-xml/9.4.55.v20240627/jetty-xml-9.4.55.v20240627.jar:/home/runner/.m2/repository/com/fasterxml/jackson/core/jackson-core/2.16.2/jackson-core-2.16.2.jar:/home/runner/.m2/repository/info/picocli/picocli/4.7.6/picocli-4.7.6.jar:/home/runner/.m2/repository/javax/servlet/javax.servlet-api/3.1.0/javax.servlet-api-3.1.0.jar:/home/runner/.m2/repository/commons-collections/commons-collections/3.2.2/commons-collections-3.2.2.jar:/home/runner/work/ozone/ozone/hadoop-hdds/framework/target/hdds-server-framework-1.5.0-SNAPSHOT-tests.jar:/home/runner/work/ozone/ozone/hadoop-hdds/managed-rocksdb/target/hdds-managed-rocksdb-1.5.0-SNAPSHOT.jar:/home/runner/.m2/repository/org/slf4j/slf4j-reload4j/2.0.16/slf4j-reload4j-2.0.16.jar:/home/runner/.m2/repository/org/apache/commons/commons-configuration2/2.10.1/commons-configuration2-2.10.1.jar:/home/runner/.m2/repository/commons-codec/commons-codec/1.17.0/commons-codec-1.17.0.jar:/home/runner/.m2/repository/commons-fileupload/commons-fileupload/1.5/commons-fileupload-1.5.jar:/home/runner/.m2/repository/commons-validator/commons-validator/1.6/commons-validator-1.6.jar:/home/runner/.m2/repository/commons-beanutils/commons-beanutils/1.9.4/commons-beanutils-1.9.4.jar:/home/runner/.m2/repository/commons-digester/commons-digester/1.8.1/commons-digester-1.8.1.jar:/home/runner/.m2/repository/org/apache/logging/log4j/log4j-core/2.23.1/log4j-core-2.23.1.jar:/home/runner/.m2/repository/com/lmax/disruptor/3.4.4/disruptor-3.4.4.jar:/home/runner/.m2/repository/org/eclipse/jetty/jetty-http/9.4.55.v20240627/jetty-http-9.4.55.v20240627.jar:/home/runner/.m2/repository/org/eclipse/jetty/jetty-io/9.4.55.v20240627/jetty-io-9.4.55.v20240627.jar:/home/runner/.m2/repository/org/eclipse/jetty/jetty-util/9.4.55.v20240627/jetty-util-9.4.55.v20240627.jar:/home/runner/.m2/repository/org/eclipse/jetty/jetty-server/9.4.55.v20240627/jetty-server-9.4.55.v20240627.jar:/home/runner/.m2/repository/org/eclipse/jetty/jetty-servlet/9.4.55.v20240627/jetty-servlet-9.4.55.v20240627.jar:/home/runner/.m2/repository/org/eclipse/jetty/jetty-security/9.4.55.v20240627/jetty-security-9.4.55.v20240627.jar:/home/runner/.m2/repository/org/eclipse/jetty/jetty-util-ajax/9.4.55.v20240627/jetty-util-ajax-9.4.55.v20240627.jar:/home/runner/.m2/repository/org/glassfish/jersey/core/jersey-server/2.44/jersey-server-2.44.jar:/home/runner/.m2/repository/org/glassfish/jersey/core/jersey-client/2.44/jersey-client-2.44.jar:/home/runner/.m2/repository/org/glassfish/jersey/containers/jersey-container-servlet-core/2.44/jersey-container-servlet-core-2.44.jar:/home/runner/.m2/repository/org/rocksdb/rocksdbjni/7.7.3/rocksdbjni-7.7.3.jar:/home/runner/.m2/repository/org/apache/ratis/ratis-metrics-api/3.1.0/ratis-metrics-api-3.1.0.jar:/home/runner/.m2/repository/org/apache/ratis/ratis-metrics-dropwizard3/3.1.0/ratis-metrics-dropwizard3-3.1.0.jar:/home/runner/.m2/repository/io/opentracing/opentracing-api/0.33.0/opentracing-api-0.33.0.jar:/home/runner/.m2/repository/io/prometheus/simpleclient/0.16.0/simpleclient-0.16.0.jar:/home/runner/.m2/repository/io/prometheus/simpleclient_dropwizard/0.16.0/simpleclient_dropwizard-0.16.0.jar:/home/runner/.m2/repository/io/prometheus/simpleclient_common/0.16.0/simpleclient_common-0.16.0.jar:/home/runner/.m2/repository/com/fasterxml/jackson/datatype/jackson-datatype-jsr310/2.16.2/jackson-datatype-jsr310-2.16.2.jar:/home/runner/.m2/repository/com/github/jnr/jnr-constants/0.10.4/jnr-constants-0.10.4.jar:/home/runner/.m2/repository/com/github/jnr/jnr-posix/3.1.19/jnr-posix-3.1.19.jar:/home/runner/.m2/repository/com/github/jnr/jnr-ffi/2.2.16/jnr-ffi-2.2.16.jar:/home/runner/.m2/repository/com/github/jnr/jffi/1.3.13/jffi-1.3.13.jar:/home/runner/.m2/repository/com/github/jnr/jffi/1.3.13/jffi-1.3.13-native.jar:/home/runner/.m2/repository/org/ow2/asm/asm/9.2/asm-9.2.jar:/home/runner/.m2/repository/org/ow2/asm/asm-commons/9.2/asm-commons-9.2.jar:/home/runner/.m2/repository/org/ow2/asm/asm-analysis/9.2/asm-analysis-9.2.jar:/home/runner/.m2/repository/org/ow2/asm/asm-tree/9.2/asm-tree-9.2.jar:/home/runner/.m2/repository/org/ow2/asm/asm-util/9.2/asm-util-9.2.jar:/home/runner/.m2/repository/com/github/jnr/jnr-a64asm/1.0.0/jnr-a64asm-1.0.0.jar:/home/runner/.m2/repository/com/github/jnr/jnr-x86asm/1.0.2/jnr-x86asm-1.0.2.jar:/home/runner/.m2/repository/com/google/code/gson/gson/2.10.1/gson-2.10.1.jar:/home/runner/work/ozone/ozone/hadoop-hdds/rocksdb-checkpoint-differ/target/rocksdb-checkpoint-differ-1.5.0-SNAPSHOT.jar:/home/runner/.m2/repository/org/jgrapht/jgrapht-core/1.4.0/jgrapht-core-1.4.0.jar:/home/runner/.m2/repository/org/jheaps/jheaps/0.11/jheaps-0.11.jar:/home/runner/.m2/repository/org/jgrapht/jgrapht-ext/1.4.0/jgrapht-ext-1.4.0.jar:/home/runner/.m2/repository/com/github/vlsi/mxgraph/jgraphx/3.9.12/jgraphx-3.9.12.jar:/home/runner/.m2/repository/jakarta/ws/rs/jakarta.ws.rs-api/2.1.6/jakarta.ws.rs-api-2.1.6.jar:/home/runner/work/ozone/ozone/hadoop-ozone/ozone-manager/target/ozone-manager-1.5.0-SNAPSHOT.jar:/home/runner/.m2/repository/org/aspectj/aspectjrt/1.9.7/aspectjrt-1.9.7.jar:/home/runner/.m2/repository/org/aspectj/aspectjweaver/1.9.7/aspectjweaver-1.9.7.jar:/home/runner/work/ozone/ozone/hadoop-ozone/interface-storage/target/ozone-interface-storage-1.5.0-SNAPSHOT.jar:/home/runner/.m2/repository/org/apache/kerby/kerby-util/1.0.1/kerby-util-1.0.1.jar:/home/runner/.m2/repository/io/netty/netty-transport/4.1.109.Final/netty-transport-4.1.109.Final.jar:/home/runner/.m2/repository/org/reflections/reflections/0.10.2/reflections-0.10.2.jar:/home/runner/.m2/repository/com/sun/jersey/jersey-client/1.19.4/jersey-client-1.19.4.jar:/home/runner/.m2/repository/jakarta/xml/bind/jakarta.xml.bind-api/2.3.3/jakarta.xml.bind-api-2.3.3.jar:/home/runner/.m2/repository/org/codehaus/jackson/jackson-core-asl/1.9.13/jackson-core-asl-1.9.13.jar:/home/runner/.m2/repository/org/codehaus/jackson/jackson-mapper-asl/1.9.13/jackson-mapper-asl-1.9.13.jar:/home/runner/.m2/repository/org/codehaus/jackson/jackson-jaxrs/1.9.13/jackson-jaxrs-1.9.13.jar:/home/runner/.m2/repository/org/apache/ranger/ranger-plugins-common/2.3.0/ranger-plugins-common-2.3.0.jar:/home/runner/.m2/repository/commons-lang/commons-lang/2.6/commons-lang-2.6.jar:/home/runner/.m2/repository/org/apache/ranger/ranger-plugins-cred/2.3.0/ranger-plugins-cred-2.3.0.jar:/home/runner/.m2/repository/org/apache/ranger/ranger-plugins-audit/2.3.0/ranger-plugins-audit-2.3.0.jar:/home/runner/.m2/repository/org/eclipse/jetty/jetty-client/9.4.55.v20240627/jetty-client-9.4.55.v20240627.jar:/home/runner/.m2/repository/org/apache/httpcomponents/httpmime/4.5.6/httpmime-4.5.6.jar:/home/runner/.m2/repository/org/apache/httpcomponents/httpcore-nio/4.4.16/httpcore-nio-4.4.16.jar:/home/runner/.m2/repository/org/apache/httpcomponents/httpasyncclient/4.1.3/httpasyncclient-4.1.3.jar:/home/runner/.m2/repository/com/carrotsearch/hppc/0.8.0/hppc-0.8.0.jar:/home/runner/.m2/repository/org/apache/orc/orc-core/1.5.8/orc-core-1.5.8.jar:/home/runner/.m2/repository/net/java/dev/jna/jna/5.2.0/jna-5.2.0.jar:/home/runner/.m2/repository/net/java/dev/jna/jna-platform/5.2.0/jna-platform-5.2.0.jar:/home/runner/.m2/repository/com/kstruct/gethostname4j/0.0.2/gethostname4j-0.0.2.jar:/home/runner/.m2/repository/org/apache/ranger/ranger-plugin-classloader/2.3.0/ranger-plugin-classloader-2.3.0.jar:/home/runner/.m2/repository/org/apache/ranger/ranger-intg/2.3.0/ranger-intg-2.3.0.jar:/home/runner/work/ozone/ozone/hadoop-hdds/rocks-native/target/hdds-rocks-native-1.5.0-SNAPSHOT.jar:/home/runner/.m2/repository/org/apache/hadoop/hadoop-minikdc/3.3.6/hadoop-minikdc-3.3.6.jar:/home/runner/.m2/repository/org/apache/kerby/kerb-simplekdc/1.0.1/kerb-simplekdc-1.0.1.jar:/home/runner/.m2/repository/org/apache/kerby/kerb-client/1.0.1/kerb-client-1.0.1.jar:/home/runner/.m2/repository/org/apache/kerby/kerb-common/1.0.1/kerb-common-1.0.1.jar:/home/runner/.m2/repository/org/apache/kerby/token-provider/1.0.1/token-provider-1.0.1.jar:/home/runner/.m2/repository/org/apache/kerby/kerb-admin/1.0.1/kerb-admin-1.0.1.jar:/home/runner/.m2/repository/org/apache/kerby/kerb-server/1.0.1/kerb-server-1.0.1.jar:/home/runner/.m2/repository/org/apache/kerby/kerb-identity/1.0.1/kerb-identity-1.0.1.jar:/home/runner/.m2/repository/org/apache/kerby/kerby-xdr/1.0.1/kerby-xdr-1.0.1.jar:/home/runner/.m2/repository/junit/junit/4.13.2/junit-4.13.2.jar:/home/runner/.m2/repository/org/hamcrest/hamcrest-core/1.3/hamcrest-core-1.3.jar:/home/runner/work/ozone/ozone/hadoop-ozone/s3gateway/target/ozone-s3gateway-1.5.0-SNAPSHOT.jar:/home/runner/.m2/repository/org/javassist/javassist/3.30.2-GA/javassist-3.30.2-GA.jar:/home/runner/.m2/repository/org/jboss/weld/servlet/weld-servlet-shaded/3.1.9.Final/weld-servlet-shaded-3.1.9.Final.jar:/home/runner/.m2/repository/org/glassfish/jersey/core/jersey-common/2.44/jersey-common-2.44.jar:/home/runner/.m2/repository/org/glassfish/hk2/osgi-resource-locator/1.0.3/osgi-resource-locator-1.0.3.jar:/home/runner/.m2/repository/org/glassfish/jersey/ext/cdi/jersey-cdi1x/2.44/jersey-cdi1x-2.44.jar:/home/runner/.m2/repository/org/glassfish/jersey/inject/jersey-hk2/2.44/jersey-hk2-2.44.jar:/home/runner/.m2/repository/org/glassfish/hk2/hk2-locator/2.6.1/hk2-locator-2.6.1.jar:/home/runner/.m2/repository/org/glassfish/jersey/media/jersey-media-jaxb/2.44/jersey-media-jaxb-2.44.jar:/home/runner/.m2/repository/org/glassfish/hk2/hk2-api/2.6.1/hk2-api-2.6.1.jar:/home/runner/.m2/repository/org/glassfish/hk2/hk2-utils/2.6.1/hk2-utils-2.6.1.jar:/home/runner/.m2/repository/org/glassfish/hk2/external/aopalliance-repackaged/2.6.1/aopalliance-repackaged-2.6.1.jar:/home/runner/.m2/repository/com/fasterxml/jackson/dataformat/jackson-dataformat-xml/2.16.2/jackson-dataformat-xml-2.16.2.jar:/home/runner/.m2/repository/org/codehaus/woodstox/stax2-api/4.2.2/stax2-api-4.2.2.jar:/home/runner/.m2/repository/com/fasterxml/woodstox/woodstox-core/5.4.0/woodstox-core-5.4.0.jar:/home/runner/.m2/repository/com/fasterxml/jackson/module/jackson-module-jaxb-annotations/2.16.2/jackson-module-jaxb-annotations-2.16.2.jar:/home/runner/.m2/repository/javax/annotation/javax.annotation-api/1.3.2/javax.annotation-api-1.3.2.jar:/home/runner/.m2/repository/javax/enterprise/cdi-api/2.0/cdi-api-2.0.jar:/home/runner/.m2/repository/javax/el/javax.el-api/3.0.0/javax.el-api-3.0.0.jar:/home/runner/.m2/repository/javax/interceptor/javax.interceptor-api/1.2/javax.interceptor-api-1.2.jar:/home/runner/.m2/repository/org/glassfish/jaxb/jaxb-runtime/2.3.9/jaxb-runtime-2.3.9.jar:/home/runner/.m2/repository/org/glassfish/jaxb/txw2/2.3.9/txw2-2.3.9.jar:/home/runner/.m2/repository/com/sun/istack/istack-commons-runtime/3.0.12/istack-commons-runtime-3.0.12.jar:/home/runner/.m2/repository/com/sun/activation/jakarta.activation/1.2.2/jakarta.activation-1.2.2.jar:/home/runner/.m2/repository/jakarta/activation/jakarta.activation-api/1.2.2/jakarta.activation-api-1.2.2.jar:/home/runner/.m2/repository/io/grpc/grpc-protobuf/1.58.0/grpc-protobuf-1.58.0.jar:/home/runner/.m2/repository/com/google/api/grpc/proto-google-common-protos/2.22.0/proto-google-common-protos-2.22.0.jar:/home/runner/.m2/repository/io/grpc/grpc-protobuf-lite/1.58.0/grpc-protobuf-lite-1.58.0.jar:/home/runner/.m2/repository/io/opentracing/opentracing-noop/0.33.0/opentracing-noop-0.33.0.jar:/home/runner/.m2/repository/io/opentracing/opentracing-util/0.33.0/opentracing-util-0.33.0.jar:/home/runner/work/ozone/ozone/hadoop-ozone/csi/target/ozone-csi-1.5.0-SNAPSHOT.jar:/home/runner/.m2/repository/com/google/protobuf/protobuf-java-util/3.19.6/protobuf-java-util-3.19.6.jar:/home/runner/.m2/repository/io/netty/netty-transport-classes-epoll/4.1.109.Final/netty-transport-classes-epoll-4.1.109.Final.jar:/home/runner/.m2/repository/io/netty/netty-transport-native-epoll/4.1.109.Final/netty-transport-native-epoll-4.1.109.Final-linux-x86_64.jar:/home/runner/.m2/repository/io/netty/netty-transport-native-unix-common/4.1.109.Final/netty-transport-native-unix-common-4.1.109.Final.jar:/home/runner/work/ozone/ozone/hadoop-ozone/recon/target/ozone-recon-1.5.0-SNAPSHOT.jar:/home/runner/work/ozone/ozone/hadoop-ozone/recon-codegen/target/ozone-reconcodegen-1.5.0-SNAPSHOT.jar:/home/runner/.m2/repository/aopalliance/aopalliance/1.0/aopalliance-1.0.jar:/home/runner/.m2/repository/com/google/inject/guice/6.0.0/guice-6.0.0.jar:/home/runner/.m2/repository/jakarta/inject/jakarta.inject-api/2.0.1/jakarta.inject-api-2.0.1.jar:/home/runner/.m2/repository/com/google/inject/extensions/guice-assistedinject/6.0.0/guice-assistedinject-6.0.0.jar:/home/runner/.m2/repository/com/google/inject/extensions/guice-servlet/6.0.0/guice-servlet-6.0.0.jar:/home/runner/.m2/repository/org/glassfish/jersey/containers/jersey-container-servlet/2.44/jersey-container-servlet-2.44.jar:/home/runner/.m2/repository/org/glassfish/hk2/guice-bridge/2.6.1/guice-bridge-2.6.1.jar:/home/runner/.m2/repository/org/glassfish/hk2/external/jakarta.inject/2.6.1/jakarta.inject-2.6.1.jar:/home/runner/.m2/repository/org/glassfish/jersey/media/jersey-media-json-jackson/2.44/jersey-media-json-jackson-2.44.jar:/home/runner/.m2/repository/org/glassfish/jersey/ext/jersey-entity-filtering/2.44/jersey-entity-filtering-2.44.jar:/home/runner/.m2/repository/org/jooq/jooq/3.11.10/jooq-3.11.10.jar:/home/runner/.m2/repository/org/jooq/jooq-meta/3.11.10/jooq-meta-3.11.10.jar:/home/runner/.m2/repository/org/jooq/jooq-codegen/3.11.10/jooq-codegen-3.11.10.jar:/home/runner/.m2/repository/com/jolbox/bonecp/0.8.0.RELEASE/bonecp-0.8.0.RELEASE.jar:/home/runner/.m2/repository/org/apache/derby/derby/10.14.2.0/derby-10.14.2.0.jar:/home/runner/.m2/repository/org/xerial/sqlite-jdbc/3.46.0.0/sqlite-jdbc-3.46.0.0.jar:/home/runner/.m2/repository/org/springframework/spring-core/5.3.39/spring-core-5.3.39.jar:/home/runner/.m2/repository/org/springframework/spring-jdbc/5.3.39/spring-jdbc-5.3.39.jar:/home/runner/.m2/repository/org/springframework/spring-beans/5.3.39/spring-beans-5.3.39.jar:/home/runner/.m2/repository/org/springframework/spring-tx/5.3.39/spring-tx-5.3.39.jar:/home/runner/.m2/repository/jakarta/validation/jakarta.validation-api/2.0.2/jakarta.validation-api-2.0.2.jar:/home/runner/.m2/repository/javax/inject/javax.inject/1/javax.inject-1.jar:/home/runner/work/ozone/ozone/hadoop-ozone/client/target/ozone-client-1.5.0-SNAPSHOT.jar:/home/runner/work/ozone/ozone/hadoop-hdds/erasurecode/target/hdds-erasurecode-1.5.0-SNAPSHOT.jar:/home/runner/work/ozone/ozone/hadoop-ozone/ozonefs/target/ozone-filesystem-1.5.0-SNAPSHOT.jar:/home/runner/work/ozone/ozone/hadoop-ozone/ozonefs-common/target/ozone-filesystem-common-1.5.0-SNAPSHOT.jar:/home/runner/work/ozone/ozone/hadoop-ozone/tools/target/ozone-tools-1.5.0-SNAPSHOT.jar:/home/runner/.m2/repository/org/apache/ratis/ratis-tools/3.1.0/ratis-tools-3.1.0.jar:/home/runner/.m2/repository/com/amazonaws/aws-java-sdk-core/1.12.661/aws-java-sdk-core-1.12.661.jar:/home/runner/.m2/repository/com/fasterxml/jackson/dataformat/jackson-dataformat-cbor/2.16.2/jackson-dataformat-cbor-2.16.2.jar:/home/runner/.m2/repository/joda-time/joda-time/2.12.7/joda-time-2.12.7.jar:/home/runner/.m2/repository/com/amazonaws/aws-java-sdk-s3/1.12.661/aws-java-sdk-s3-1.12.661.jar:/home/runner/.m2/repository/com/amazonaws/aws-java-sdk-kms/1.12.661/aws-java-sdk-kms-1.12.661.jar:/home/runner/.m2/repository/com/amazonaws/jmespath-java/1.12.661/jmespath-java-1.12.661.jar:/home/runner/.m2/repository/org/kohsuke/metainf-services/metainf-services/1.11/metainf-services-1.11.jar:/home/runner/work/ozone/ozone/hadoop-hdds/tools/target/hdds-tools-1.5.0-SNAPSHOT.jar:/home/runner/.m2/repository/commons-cli/commons-cli/1.8.0/commons-cli-1.8.0.jar:/home/runner/.m2/repository/org/apache/commons/commons-lang3/3.14.0/commons-lang3-3.14.0.jar:/home/runner/work/ozone/ozone/hadoop-ozone/ozone-manager/target/ozone-manager-1.5.0-SNAPSHOT-tests.jar:/home/runner/work/ozone/ozone/hadoop-hdds/common/target/hdds-common-1.5.0-SNAPSHOT-tests.jar:/home/runner/work/ozone/ozone/hadoop-hdds/hadoop-dependency-client/target/hdds-hadoop-dependency-client-1.5.0-SNAPSHOT.jar:/home/runner/work/ozone/ozone/hadoop-hdds/annotations/target/hdds-annotation-processing-1.5.0-SNAPSHOT.jar:/home/runner/.m2/repository/org/bouncycastle/bcutil-jdk18on/1.78.1/bcutil-jdk18on-1.78.1.jar:/home/runner/.m2/repository/io/jaegertracing/jaeger-client/1.8.1/jaeger-client-1.8.1.jar:/home/runner/.m2/repository/io/jaegertracing/jaeger-thrift/1.8.1/jaeger-thrift-1.8.1.jar:/home/runner/.m2/repository/org/apache/thrift/libthrift/0.15.0/libthrift-0.15.0.jar:/home/runner/.m2/repository/io/jaegertracing/jaeger-tracerresolver/1.8.1/jaeger-tracerresolver-1.8.1.jar:/home/runner/.m2/repository/io/opentracing/contrib/opentracing-tracerresolver/0.1.8/opentracing-tracerresolver-0.1.8.jar:/home/runner/.m2/repository/io/jaegertracing/jaeger-core/1.8.1/jaeger-core-1.8.1.jar:/home/runner/.m2/repository/org/jetbrains/kotlin/kotlin-stdlib/1.9.25/kotlin-stdlib-1.9.25.jar:/home/runner/.m2/repository/org/jetbrains/annotations/13.0/annotations-13.0.jar:/home/runner/.m2/repository/org/yaml/snakeyaml/2.0/snakeyaml-2.0.jar:/home/runner/.m2/repository/org/junit/platform/junit-platform-launcher/1.10.3/junit-platform-launcher-1.10.3.jar:/home/runner/.m2/repository/org/junit/platform/junit-platform-engine/1.10.3/junit-platform-engine-1.10.3.jar:/home/runner/.m2/repository/org/apiguardian/apiguardian-api/1.1.2/apiguardian-api-1.1.2.jar:/home/runner/.m2/repository/org/apache/hadoop/hadoop-kms/3.3.6/hadoop-kms-3.3.6.jar:/home/runner/.m2/repository/org/apache/hadoop/hadoop-auth/3.3.6/hadoop-auth-3.3.6.jar:/home/runner/.m2/repository/org/apache/zookeeper/zookeeper/3.8.4/zookeeper-3.8.4.jar:/home/runner/.m2/repository/org/apache/zookeeper/zookeeper-jute/3.8.4/zookeeper-jute-3.8.4.jar:/home/runner/.m2/repository/org/apache/yetus/audience-annotations/0.12.0/audience-annotations-0.12.0.jar:/home/runner/.m2/repository/org/apache/curator/curator-framework/4.2.0/curator-framework-4.2.0.jar:/home/runner/.m2/repository/org/apache/hadoop/thirdparty/hadoop-shaded-guava/1.2.0/hadoop-shaded-guava-1.2.0.jar:/home/runner/.m2/repository/com/sun/jersey/jersey-core/1.19.4/jersey-core-1.19.4.jar:/home/runner/.m2/repository/javax/ws/rs/jsr311-api/1.1.1/jsr311-api-1.1.1.jar:/home/runner/.m2/repository/com/sun/jersey/jersey-server/1.19.4/jersey-server-1.19.4.jar:/home/runner/.m2/repository/org/apache/hadoop/hadoop-common/3.3.6/hadoop-common-3.3.6.jar:/home/runner/.m2/repository/org/apache/commons/commons-math3/3.6.1/commons-math3-3.6.1.jar:/home/runner/.m2/repository/commons-net/commons-net/3.11.1/commons-net-3.11.1.jar:/home/runner/.m2/repository/com/sun/jersey/jersey-servlet/1.19.4/jersey-servlet-1.19.4.jar:/home/runner/.m2/repository/com/github/pjfanning/jersey-json/1.20/jersey-json-1.20.jar:/home/runner/.m2/repository/org/codehaus/jettison/jettison/1.1/jettison-1.1.jar:/home/runner/.m2/repository/com/sun/xml/bind/jaxb-impl/2.2.3-1/jaxb-impl-2.2.3-1.jar:/home/runner/.m2/repository/com/google/re2j/re2j/1.7/re2j-1.7.jar:/home/runner/.m2/repository/com/jcraft/jsch/0.1.55/jsch-0.1.55.jar:/home/runner/.m2/repository/org/apache/curator/curator-client/4.2.0/curator-client-4.2.0.jar:/home/runner/.m2/repository/org/apache/curator/curator-recipes/5.2.0/curator-recipes-5.2.0.jar:/home/runner/.m2/repository/com/google/code/findbugs/jsr305/3.0.2/jsr305-3.0.2.jar:/home/runner/.m2/repository/dnsjava/dnsjava/2.1.9/dnsjava-2.1.9.jar:/home/runner/.m2/repository/org/apache/hadoop/hadoop-kms/3.3.6/hadoop-kms-3.3.6-tests.jar:/home/runner/work/ozone/ozone/hadoop-hdds/server-scm/target/hdds-server-scm-1.5.0-SNAPSHOT-tests.jar:/home/runner/work/ozone/ozone/hadoop-hdds/container-service/target/hdds-container-service-1.5.0-SNAPSHOT-tests.jar:/home/runner/.m2/repository/com/github/luben/zstd-jni/1.5.6-4/zstd-jni-1.5.6-4.jar:/home/runner/.m2/repository/io/netty/netty-buffer/4.1.109.Final/netty-buffer-4.1.109.Final.jar:/home/runner/.m2/repository/io/netty/netty-codec/4.1.109.Final/netty-codec-4.1.109.Final.jar:/home/runner/work/ozone/ozone/hadoop-hdds/hadoop-dependency-test/target/hdds-hadoop-dependency-test-1.5.0-SNAPSHOT.jar:/home/runner/.m2/repository/org/apache/hadoop/hadoop-common/3.3.6/hadoop-common-3.3.6-tests.jar:/home/runner/.m2/repository/org/apache/hadoop/hadoop-hdfs/3.3.6/hadoop-hdfs-3.3.6-tests.jar:/home/runner/.m2/repository/org/junit/jupiter/junit-jupiter-engine/5.10.3/junit-jupiter-engine-5.10.3.jar:/home/runner/.m2/repository/org/junit/jupiter/junit-jupiter-params/5.10.3/junit-jupiter-params-5.10.3.jar:/home/runner/.m2/repository/org/mockito/mockito-core/4.11.0/mockito-core-4.11.0.jar:/home/runner/.m2/repository/net/bytebuddy/byte-buddy-agent/1.12.19/byte-buddy-agent-1.12.19.jar:/home/runner/.m2/repository/org/objenesis/objenesis/3.3/objenesis-3.3.jar:/home/runner/.m2/repository/org/mockito/mockito-inline/4.11.0/mockito-inline-4.11.0.jar:/home/runner/.m2/repository/org/mockito/mockito-junit-jupiter/4.11.0/mockito-junit-jupiter-4.11.0.jar:/home/runner/.m2/repository/org/apache/hadoop/hadoop-distcp/3.3.6/hadoop-distcp-3.3.6.jar:/home/runner/.m2/repository/org/apache/hadoop/hadoop-mapreduce-client-jobclient/3.3.6/hadoop-mapreduce-client-jobclient-3.3.6.jar:/home/runner/.m2/repository/org/apache/hadoop/hadoop-mapreduce-client-common/3.3.6/hadoop-mapreduce-client-common-3.3.6.jar:/home/runner/.m2/repository/org/apache/hadoop/hadoop-yarn-common/3.3.6/hadoop-yarn-common-3.3.6.jar:/home/runner/.m2/repository/org/apache/hadoop/hadoop-yarn-api/3.3.6/hadoop-yarn-api-3.3.6.jar:/home/runner/.m2/repository/javax/xml/bind/jaxb-api/2.2.11/jaxb-api-2.2.11.jar:/home/runner/.m2/repository/com/sun/jersey/contribs/jersey-guice/1.19.4/jersey-guice-1.19.4.jar:/home/runner/.m2/repository/com/fasterxml/jackson/jaxrs/jackson-jaxrs-json-provider/2.16.2/jackson-jaxrs-json-provider-2.16.2.jar:/home/runner/.m2/repository/com/fasterxml/jackson/jaxrs/jackson-jaxrs-base/2.16.2/jackson-jaxrs-base-2.16.2.jar:/home/runner/.m2/repository/org/apache/hadoop/hadoop-yarn-client/3.3.6/hadoop-yarn-client-3.3.6.jar:/home/runner/.m2/repository/org/eclipse/jetty/websocket/websocket-client/9.4.51.v20230217/websocket-client-9.4.51.v20230217.jar:/home/runner/.m2/repository/org/eclipse/jetty/websocket/websocket-common/9.4.51.v20230217/websocket-common-9.4.51.v20230217.jar:/home/runner/.m2/repository/org/eclipse/jetty/websocket/websocket-api/9.4.51.v20230217/websocket-api-9.4.51.v20230217.jar:/home/runner/.m2/repository/org/jline/jline/3.9.0/jline-3.9.0.jar:/home/runner/.m2/repository/org/apache/hadoop/hadoop-mapreduce-client-core/3.3.6/hadoop-mapreduce-client-core-3.3.6.jar:/home/runner/.m2/repository/org/apache/avro/avro/1.7.7/avro-1.7.7.jar:/home/runner/.m2/repository/com/thoughtworks/paranamer/paranamer/2.3/paranamer-2.3.jar:/home/runner/.m2/repository/org/apache/hadoop/hadoop-annotations/3.3.6/hadoop-annotations-3.3.6.jar:/home/runner/.m2/repository/io/netty/netty/3.10.6.Final/netty-3.10.6.Final.jar:/home/runner/.m2/repository/org/apache/hadoop/hadoop-distcp/3.3.6/hadoop-distcp-3.3.6-tests.jar:/home/runner/.m2/repository/org/apache/ratis/ratis-server/3.1.0/ratis-server-3.1.0.jar:/home/runner/.m2/repository/org/hamcrest/hamcrest/2.2/hamcrest-2.2.jar:/home/runner/.m2/repository/org/slf4j/jul-to-slf4j/2.0.16/jul-to-slf4j-2.0.16.jar:/home/runner/work/ozone/ozone/hadoop-ozone/integration-test/target/gradle-enterprise/test-listeners.jar:"/>
    <property name="sun.cpu.endian" value="little"/>
    <property name="user.home" value="/home/runner"/>
    <property name="user.language" value="en"/>
    <property name="java.specification.vendor" value="Oracle Corporation"/>
    <property name="java.version.date" value="2024-07-16"/>
    <property name="java.home" value="/usr/lib/jvm/temurin-17-jdk-amd64"/>
    <property name="java.security.krb5.conf" value="/home/runner/work/ozone/ozone/hadoop-ozone/integration-test/target/test-classes/krb5.conf"/>
    <property name="file.separator" value="/"/>
    <property name="basedir" value="/home/runner/work/ozone/ozone/hadoop-ozone/integration-test"/>
    <property name="java.vm.compressedOopsMode" value="Zero based"/>
    <property name="line.separator" value="&#10;"/>
    <property name="java.vm.specification.vendor" value="Oracle Corporation"/>
    <property name="java.specification.name" value="Java Platform API Specification"/>
    <property name="skip.installnpx" value="true"/>
    <property name="surefire.real.class.path" value="/home/runner/work/ozone/ozone/hadoop-ozone/integration-test/target/surefire/surefirebooter10187774856227811273.jar"/>
    <property name="hadoop.log.dir" value="/home/runner/work/ozone/ozone/hadoop-ozone/integration-test/target/log"/>
    <property name="sun.management.compiler" value="HotSpot 64-Bit Tiered Compilers"/>
    <property name="java.runtime.version" value="17.0.12+7"/>
    <property name="skip.npx" value="true"/>
    <property name="user.name" value="runner"/>
    <property name="java.net.preferIPv4Stack" value="true"/>
    <property name="path.separator" value=":"/>
    <property name="java.security.egd" value="file:///dev/urandom"/>
    <property name="os.version" value="5.15.0-1071-azure"/>
    <property name="java.runtime.name" value="OpenJDK Runtime Environment"/>
    <property name="com.gradle.maven.scan.extension.test.listener.junitplatform.NestedExecutionSafeDelegatingTestExecutionListener" value="58ea606c"/>
    <property name="file.encoding" value="UTF-8"/>
    <property name="java.vm.name" value="OpenJDK 64-Bit Server VM"/>
    <property name="java.vendor.version" value="Temurin-17.0.12+7"/>
    <property name="test.build.webapps" value=""/>
    <property name="develocity.listener.surefire.forkId" value="1"/>
    <property name="localRepository" value="/home/runner/.m2/repository"/>
    <property name="java.vendor.url.bug" value="https://github.com/adoptium/adoptium-support/issues"/>
    <property name="jetty.git.hash" value="70015831e5195ba74da6383c4ab7c90c56bb08af"/>
    <property name="java.io.tmpdir" value="/tmp"/>
    <property name="require.test.libhadoop" value=""/>
    <property name="java.version" value="17.0.12"/>
    <property name="user.dir" value="/home/runner/work/ozone/ozone/hadoop-ozone/integration-test"/>
    <property name="os.arch" value="amd64"/>
    <property name="java.vm.specification.name" value="Java Virtual Machine Specification"/>
    <property name="test.build.classes" value="/home/runner/work/ozone/ozone/hadoop-ozone/integration-test/target/test-classes"/>
    <property name="org.apache.ratis.thirdparty.io.netty.allocator.useCacheForAllThreads" value="false"/>
    <property name="native.encoding" value="UTF-8"/>
    <property name="hadoop.tmp.dir" value="/home/runner/work/ozone/ozone/hadoop-ozone/integration-test/target/tmp"/>
    <property name="java.library.path" value="/usr/java/packages/lib:/usr/lib64:/lib64:/lib:/usr/lib"/>
    <property name="java.vm.info" value="mixed mode, sharing"/>
    <property name="java.vendor" value="Eclipse Adoptium"/>
    <property name="java.vm.version" value="17.0.12+7"/>
    <property name="sun.io.unicode.encoding" value="UnicodeLittle"/>
    <property name="develocity.listener.port" value="46269"/>
    <property name="java.class.version" value="61.0"/>
  </properties>
  <testcase name="testStaleNodesCount" classname="org.apache.hadoop.hdds.scm.node.TestQueryNode" time="34.602">
    <error type="java.util.concurrent.TimeoutException"><![CDATA[java.util.concurrent.TimeoutException: 
Timed out waiting for condition. Thread diagnostics:
Timestamp: 2024-08-27 08:25:19,248

"IPC Server handler 9 on default port 15000" daemon prio=5 tid=95 timed_waiting
java.lang.Thread.State: TIMED_WAITING
        at java.base@17.0.12/jdk.internal.misc.Unsafe.park(Native Method)
        at java.base@17.0.12/java.util.concurrent.locks.LockSupport.parkNanos(LockSupport.java:252)
        at java.base@17.0.12/java.util.concurrent.locks.AbstractQueuedSynchronizer$ConditionObject.awaitNanos(AbstractQueuedSynchronizer.java:1674)
        at java.base@17.0.12/java.util.concurrent.LinkedBlockingQueue.poll(LinkedBlockingQueue.java:460)
        at app//org.apache.hadoop.ipc.CallQueueManager.take(CallQueueManager.java:317)
        at app//org.apache.hadoop.ipc.Server$Handler.run(Server.java:3014)
"IPC Server handler 54 on default port 15002" daemon prio=5 tid=340 timed_waiting
java.lang.Thread.State: TIMED_WAITING
        at java.base@17.0.12/jdk.internal.misc.Unsafe.park(Native Method)
        at java.base@17.0.12/java.util.concurrent.locks.LockSupport.parkNanos(LockSupport.java:252)
        at java.base@17.0.12/java.util.concurrent.locks.AbstractQueuedSynchronizer$ConditionObject.awaitNanos(AbstractQueuedSynchronizer.java:1674)
        at java.base@17.0.12/java.util.concurrent.LinkedBlockingQueue.poll(LinkedBlockingQueue.java:460)
        at app//org.apache.hadoop.ipc.CallQueueManager.take(CallQueueManager.java:317)
        at app//org.apache.hadoop.ipc.Server$Handler.run(Server.java:3014)
"d758e0a9-c5a1-4fd4-978f-3629e4af057b@group-304231B6B230-LeaderStateImpl" daemon prio=5 tid=973 timed_waiting
java.lang.Thread.State: TIMED_WAITING
        at java.base@17.0.12/jdk.internal.misc.Unsafe.park(Native Method)
        at java.base@17.0.12/java.util.concurrent.locks.LockSupport.parkNanos(LockSupport.java:252)
        at java.base@17.0.12/java.util.concurrent.locks.AbstractQueuedSynchronizer$ConditionObject.awaitNanos(AbstractQueuedSynchronizer.java:1674)
        at java.base@17.0.12/java.util.concurrent.ArrayBlockingQueue.poll(ArrayBlockingQueue.java:435)
        at app//org.apache.ratis.server.impl.LeaderStateImpl$EventQueue.poll(LeaderStateImpl.java:164)
        at app//org.apache.ratis.server.impl.LeaderStateImpl$EventProcessor.run(LeaderStateImpl.java:766)
"qtp1540025307-668" daemon prio=5 tid=668 runnable
java.lang.Thread.State: RUNNABLE
        at java.base@17.0.12/sun.nio.ch.EPoll.wait(Native Method)
        at java.base@17.0.12/sun.nio.ch.EPollSelectorImpl.doSelect(EPollSelectorImpl.java:118)
        at java.base@17.0.12/sun.nio.ch.SelectorImpl.lockAndDoSelect(SelectorImpl.java:129)
        at java.base@17.0.12/sun.nio.ch.SelectorImpl.select(SelectorImpl.java:146)
        at app//org.eclipse.jetty.io.ManagedSelector.nioSelect(ManagedSelector.java:183)
        at app//org.eclipse.jetty.io.ManagedSelector.select(ManagedSelector.java:190)
        at app//org.eclipse.jetty.io.ManagedSelector$SelectorProducer.select(ManagedSelector.java:606)
        at app//org.eclipse.jetty.io.ManagedSelector$SelectorProducer.produce(ManagedSelector.java:543)
        at app//org.eclipse.jetty.util.thread.strategy.EatWhatYouKill.produceTask(EatWhatYouKill.java:362)
        at app//org.eclipse.jetty.util.thread.strategy.EatWhatYouKill.doProduce(EatWhatYouKill.java:186)
        at app//org.eclipse.jetty.util.thread.strategy.EatWhatYouKill.tryProduce(EatWhatYouKill.java:173)
        at app//org.eclipse.jetty.util.thread.strategy.EatWhatYouKill.produce(EatWhatYouKill.java:137)
        at app//org.eclipse.jetty.io.ManagedSelector$$Lambda$817/0x00007fba2453e288.run(Unknown Source)
        at app//org.eclipse.jetty.util.thread.QueuedThreadPool.runJob(QueuedThreadPool.java:883)
        at app//org.eclipse.jetty.util.thread.QueuedThreadPool$Runner.run(QueuedThreadPool.java:1034)
        at java.base@17.0.12/java.lang.Thread.run(Thread.java:840)
"IPC Server handler 16 on default port 15002" daemon prio=5 tid=302 timed_waiting
java.lang.Thread.State: TIMED_WAITING
        at java.base@17.0.12/jdk.internal.misc.Unsafe.park(Native Method)
        at java.base@17.0.12/java.util.concurrent.locks.LockSupport.parkNanos(LockSupport.java:252)
        at java.base@17.0.12/java.util.concurrent.locks.AbstractQueuedSynchronizer$ConditionObject.awaitNanos(AbstractQueuedSynchronizer.java:1674)
        at java.base@17.0.12/java.util.concurrent.LinkedBlockingQueue.poll(LinkedBlockingQueue.java:460)
        at app//org.apache.hadoop.ipc.CallQueueManager.take(CallQueueManager.java:317)
        at app//org.apache.hadoop.ipc.Server$Handler.run(Server.java:3014)
"IPC Server handler 59 on default port 15000" daemon prio=5 tid=145 timed_waiting
java.lang.Thread.State: TIMED_WAITING
        at java.base@17.0.12/jdk.internal.misc.Unsafe.park(Native Method)
        at java.base@17.0.12/java.util.concurrent.locks.LockSupport.parkNanos(LockSupport.java:252)
        at java.base@17.0.12/java.util.concurrent.locks.AbstractQueuedSynchronizer$ConditionObject.awaitNanos(AbstractQueuedSynchronizer.java:1674)
        at java.base@17.0.12/java.util.concurrent.LinkedBlockingQueue.poll(LinkedBlockingQueue.java:460)
        at app//org.apache.hadoop.ipc.CallQueueManager.take(CallQueueManager.java:317)
        at app//org.apache.hadoop.ipc.Server$Handler.run(Server.java:3014)
"IPC Server handler 73 on default port 15000" daemon prio=5 tid=159 timed_waiting
java.lang.Thread.State: TIMED_WAITING
        at java.base@17.0.12/jdk.internal.misc.Unsafe.park(Native Method)
        at java.base@17.0.12/java.util.concurrent.locks.LockSupport.parkNanos(LockSupport.java:252)
        at java.base@17.0.12/java.util.concurrent.locks.AbstractQueuedSynchronizer$ConditionObject.awaitNanos(AbstractQueuedSynchronizer.java:1674)
        at java.base@17.0.12/java.util.concurrent.LinkedBlockingQueue.poll(LinkedBlockingQueue.java:460)
        at app//org.apache.hadoop.ipc.CallQueueManager.take(CallQueueManager.java:317)
        at app//org.apache.hadoop.ipc.Server$Handler.run(Server.java:3014)
"IPC Server handler 56 on default port 15001" daemon prio=5 tid=242 timed_waiting
java.lang.Thread.State: TIMED_WAITING
        at java.base@17.0.12/jdk.internal.misc.Unsafe.park(Native Method)
        at java.base@17.0.12/java.util.concurrent.locks.LockSupport.parkNanos(LockSupport.java:252)
        at java.base@17.0.12/java.util.concurrent.locks.AbstractQueuedSynchronizer$ConditionObject.awaitNanos(AbstractQueuedSynchronizer.java:1674)
        at java.base@17.0.12/java.util.concurrent.LinkedBlockingQueue.poll(LinkedBlockingQueue.java:460)
        at app//org.apache.hadoop.ipc.CallQueueManager.take(CallQueueManager.java:317)
        at app//org.apache.hadoop.ipc.Server$Handler.run(Server.java:3014)
"StaleRecoveringContainerScrubbingService#0" daemon prio=5 tid=796 timed_waiting
java.lang.Thread.State: TIMED_WAITING
        at java.base@17.0.12/jdk.internal.misc.Unsafe.park(Native Method)
        at java.base@17.0.12/java.util.concurrent.locks.LockSupport.parkNanos(LockSupport.java:252)
        at java.base@17.0.12/java.util.concurrent.locks.AbstractQueuedSynchronizer$ConditionObject.awaitNanos(AbstractQueuedSynchronizer.java:1674)
        at java.base@17.0.12/java.util.concurrent.ScheduledThreadPoolExecutor$DelayedWorkQueue.take(ScheduledThreadPoolExecutor.java:1182)
        at java.base@17.0.12/java.util.concurrent.ScheduledThreadPoolExecutor$DelayedWorkQueue.take(ScheduledThreadPoolExecutor.java:899)
        at java.base@17.0.12/java.util.concurrent.ThreadPoolExecutor.getTask(ThreadPoolExecutor.java:1062)
        at java.base@17.0.12/java.util.concurrent.ThreadPoolExecutor.runWorker(ThreadPoolExecutor.java:1122)
        at java.base@17.0.12/java.util.concurrent.ThreadPoolExecutor$Worker.run(ThreadPoolExecutor.java:635)
        at java.base@17.0.12/java.lang.Thread.run(Thread.java:840)
"grpc-default-executor-2" daemon prio=5 tid=926 timed_waiting
java.lang.Thread.State: TIMED_WAITING
        at java.base@17.0.12/jdk.internal.misc.Unsafe.park(Native Method)
        at java.base@17.0.12/java.util.concurrent.locks.LockSupport.parkNanos(LockSupport.java:252)
        at java.base@17.0.12/java.util.concurrent.SynchronousQueue$TransferStack.transfer(SynchronousQueue.java:401)
        at java.base@17.0.12/java.util.concurrent.SynchronousQueue.poll(SynchronousQueue.java:903)
        at java.base@17.0.12/java.util.concurrent.ThreadPoolExecutor.getTask(ThreadPoolExecutor.java:1061)
        at java.base@17.0.12/java.util.concurrent.ThreadPoolExecutor.runWorker(ThreadPoolExecutor.java:1122)
        at java.base@17.0.12/java.util.concurrent.ThreadPoolExecutor$Worker.run(ThreadPoolExecutor.java:635)
        at java.base@17.0.12/java.lang.Thread.run(Thread.java:840)
"FixedThreadPoolWithAffinityExecutor-6-0" daemon prio=5 tid=81 timed_waiting
java.lang.Thread.State: TIMED_WAITING
        at java.base@17.0.12/jdk.internal.misc.Unsafe.park(Native Method)
        at java.base@17.0.12/java.util.concurrent.locks.LockSupport.parkNanos(LockSupport.java:252)
        at java.base@17.0.12/java.util.concurrent.locks.AbstractQueuedSynchronizer$ConditionObject.awaitNanos(AbstractQueuedSynchronizer.java:1674)
        at java.base@17.0.12/java.util.concurrent.LinkedBlockingQueue.poll(LinkedBlockingQueue.java:460)
        at app//org.apache.hadoop.hdds.scm.server.ContainerReportQueue.poll(ContainerReportQueue.java:269)
        at app//org.apache.hadoop.hdds.scm.server.ContainerReportQueue.poll(ContainerReportQueue.java:42)
        at app//org.apache.hadoop.hdds.server.events.FixedThreadPoolWithAffinityExecutor$ContainerReportProcessTask.run(FixedThreadPoolWithAffinityExecutor.java:253)
        at java.base@17.0.12/java.util.concurrent.Executors$RunnableAdapter.call(Executors.java:539)
        at java.base@17.0.12/java.util.concurrent.FutureTask.run(FutureTask.java:264)
        at java.base@17.0.12/java.util.concurrent.ThreadPoolExecutor.runWorker(ThreadPoolExecutor.java:1136)
        at java.base@17.0.12/java.util.concurrent.ThreadPoolExecutor$Worker.run(ThreadPoolExecutor.java:635)
        at java.base@17.0.12/java.lang.Thread.run(Thread.java:840)
"18c2a24f-8a03-4916-b50c-e7c6140a9b01-groupManagement"  prio=5 tid=905 in Object.wait()
java.lang.Thread.State: WAITING (on object monitor)
        at java.base@17.0.12/jdk.internal.misc.Unsafe.park(Native Method)
        at java.base@17.0.12/java.util.concurrent.locks.LockSupport.park(LockSupport.java:341)
        at java.base@17.0.12/java.util.concurrent.locks.AbstractQueuedSynchronizer$ConditionNode.block(AbstractQueuedSynchronizer.java:506)
        at java.base@17.0.12/java.util.concurrent.ForkJoinPool.unmanagedBlock(ForkJoinPool.java:3465)
        at java.base@17.0.12/java.util.concurrent.ForkJoinPool.managedBlock(ForkJoinPool.java:3436)
        at java.base@17.0.12/java.util.concurrent.locks.AbstractQueuedSynchronizer$ConditionObject.await(AbstractQueuedSynchronizer.java:1625)
        at java.base@17.0.12/java.util.concurrent.LinkedBlockingQueue.take(LinkedBlockingQueue.java:435)
        at java.base@17.0.12/java.util.concurrent.ThreadPoolExecutor.getTask(ThreadPoolExecutor.java:1062)
        at java.base@17.0.12/java.util.concurrent.ThreadPoolExecutor.runWorker(ThreadPoolExecutor.java:1122)
        at java.base@17.0.12/java.util.concurrent.ThreadPoolExecutor$Worker.run(ThreadPoolExecutor.java:635)
        at java.base@17.0.12/java.lang.Thread.run(Thread.java:840)
"Session-HouseKeeper-5614c340-1"  prio=5 tid=629 timed_waiting
java.lang.Thread.State: TIMED_WAITING
        at java.base@17.0.12/jdk.internal.misc.Unsafe.park(Native Method)
        at java.base@17.0.12/java.util.concurrent.locks.LockSupport.parkNanos(LockSupport.java:252)
        at java.base@17.0.12/java.util.concurrent.locks.AbstractQueuedSynchronizer$ConditionObject.awaitNanos(AbstractQueuedSynchronizer.java:1674)
        at java.base@17.0.12/java.util.concurrent.ScheduledThreadPoolExecutor$DelayedWorkQueue.take(ScheduledThreadPoolExecutor.java:1182)
        at java.base@17.0.12/java.util.concurrent.ScheduledThreadPoolExecutor$DelayedWorkQueue.take(ScheduledThreadPoolExecutor.java:899)
        at java.base@17.0.12/java.util.concurrent.ThreadPoolExecutor.getTask(ThreadPoolExecutor.java:1062)
        at java.base@17.0.12/java.util.concurrent.ThreadPoolExecutor.runWorker(ThreadPoolExecutor.java:1122)
        at java.base@17.0.12/java.util.concurrent.ThreadPoolExecutor$Worker.run(ThreadPoolExecutor.java:635)
        at java.base@17.0.12/java.lang.Thread.run(Thread.java:840)
"IPC Server handler 43 on default port 15002" daemon prio=5 tid=329 timed_waiting
java.lang.Thread.State: TIMED_WAITING
        at java.base@17.0.12/jdk.internal.misc.Unsafe.park(Native Method)
        at java.base@17.0.12/java.util.concurrent.locks.LockSupport.parkNanos(LockSupport.java:252)
        at java.base@17.0.12/java.util.concurrent.locks.AbstractQueuedSynchronizer$ConditionObject.awaitNanos(AbstractQueuedSynchronizer.java:1674)
        at java.base@17.0.12/java.util.concurrent.LinkedBlockingQueue.poll(LinkedBlockingQueue.java:460)
        at app//org.apache.hadoop.ipc.CallQueueManager.take(CallQueueManager.java:317)
        at app//org.apache.hadoop.ipc.Server$Handler.run(Server.java:3014)
"IPC Server handler 74 on default port 15000" daemon prio=5 tid=160 timed_waiting
java.lang.Thread.State: TIMED_WAITING
        at java.base@17.0.12/jdk.internal.misc.Unsafe.park(Native Method)
        at java.base@17.0.12/java.util.concurrent.locks.LockSupport.parkNanos(LockSupport.java:252)
        at java.base@17.0.12/java.util.concurrent.locks.AbstractQueuedSynchronizer$ConditionObject.awaitNanos(AbstractQueuedSynchronizer.java:1674)
        at java.base@17.0.12/java.util.concurrent.LinkedBlockingQueue.poll(LinkedBlockingQueue.java:460)
        at app//org.apache.hadoop.ipc.CallQueueManager.take(CallQueueManager.java:317)
        at app//org.apache.hadoop.ipc.Server$Handler.run(Server.java:3014)
"IPC Server handler 15 on default port 15001" daemon prio=5 tid=201 timed_waiting
java.lang.Thread.State: TIMED_WAITING
        at java.base@17.0.12/jdk.internal.misc.Unsafe.park(Native Method)
        at java.base@17.0.12/java.util.concurrent.locks.LockSupport.parkNanos(LockSupport.java:252)
        at java.base@17.0.12/java.util.concurrent.locks.AbstractQueuedSynchronizer$ConditionObject.awaitNanos(AbstractQueuedSynchronizer.java:1674)
        at java.base@17.0.12/java.util.concurrent.LinkedBlockingQueue.poll(LinkedBlockingQueue.java:460)
        at app//org.apache.hadoop.ipc.CallQueueManager.take(CallQueueManager.java:317)
        at app//org.apache.hadoop.ipc.Server$Handler.run(Server.java:3014)
"qtp576440022-621" daemon prio=5 tid=621 runnable
java.lang.Thread.State: RUNNABLE
        at java.base@17.0.12/sun.nio.ch.EPoll.wait(Native Method)
        at java.base@17.0.12/sun.nio.ch.EPollSelectorImpl.doSelect(EPollSelectorImpl.java:118)
        at java.base@17.0.12/sun.nio.ch.SelectorImpl.lockAndDoSelect(SelectorImpl.java:129)
        at java.base@17.0.12/sun.nio.ch.SelectorImpl.select(SelectorImpl.java:146)
        at app//org.eclipse.jetty.io.ManagedSelector.nioSelect(ManagedSelector.java:183)
        at app//org.eclipse.jetty.io.ManagedSelector.select(ManagedSelector.java:190)
        at app//org.eclipse.jetty.io.ManagedSelector$SelectorProducer.select(ManagedSelector.java:606)
        at app//org.eclipse.jetty.io.ManagedSelector$SelectorProducer.produce(ManagedSelector.java:543)
        at app//org.eclipse.jetty.util.thread.strategy.EatWhatYouKill.produceTask(EatWhatYouKill.java:362)
        at app//org.eclipse.jetty.util.thread.strategy.EatWhatYouKill.doProduce(EatWhatYouKill.java:186)
        at app//org.eclipse.jetty.util.thread.strategy.EatWhatYouKill.tryProduce(EatWhatYouKill.java:173)
        at app//org.eclipse.jetty.util.thread.strategy.EatWhatYouKill.produce(EatWhatYouKill.java:137)
        at app//org.eclipse.jetty.io.ManagedSelector$$Lambda$817/0x00007fba2453e288.run(Unknown Source)
        at app//org.eclipse.jetty.util.thread.QueuedThreadPool.runJob(QueuedThreadPool.java:883)
        at app//org.eclipse.jetty.util.thread.QueuedThreadPool$Runner.run(QueuedThreadPool.java:1034)
        at java.base@17.0.12/java.lang.Thread.run(Thread.java:840)
"IPC Server handler 90 on default port 15001" daemon prio=5 tid=276 timed_waiting
java.lang.Thread.State: TIMED_WAITING
        at java.base@17.0.12/jdk.internal.misc.Unsafe.park(Native Method)
        at java.base@17.0.12/java.util.concurrent.locks.LockSupport.parkNanos(LockSupport.java:252)
        at java.base@17.0.12/java.util.concurrent.locks.AbstractQueuedSynchronizer$ConditionObject.awaitNanos(AbstractQueuedSynchronizer.java:1674)
        at java.base@17.0.12/java.util.concurrent.LinkedBlockingQueue.poll(LinkedBlockingQueue.java:460)
        at app//org.apache.hadoop.ipc.CallQueueManager.take(CallQueueManager.java:317)
        at app//org.apache.hadoop.ipc.Server$Handler.run(Server.java:3014)
"Signal Dispatcher" daemon prio=9 tid=4 runnable
java.lang.Thread.State: RUNNABLE
"IPC Server handler 52 on default port 15002" daemon prio=5 tid=338 timed_waiting
java.lang.Thread.State: TIMED_WAITING
        at java.base@17.0.12/jdk.internal.misc.Unsafe.park(Native Method)
        at java.base@17.0.12/java.util.concurrent.locks.LockSupport.parkNanos(LockSupport.java:252)
        at java.base@17.0.12/java.util.concurrent.locks.AbstractQueuedSynchronizer$ConditionObject.awaitNanos(AbstractQueuedSynchronizer.java:1674)
        at java.base@17.0.12/java.util.concurrent.LinkedBlockingQueue.poll(LinkedBlockingQueue.java:460)
        at app//org.apache.hadoop.ipc.CallQueueManager.take(CallQueueManager.java:317)
        at app//org.apache.hadoop.ipc.Server$Handler.run(Server.java:3014)
"IPC Server handler 8 on default port 15028" daemon prio=5 tid=606 timed_waiting
java.lang.Thread.State: TIMED_WAITING
        at java.base@17.0.12/jdk.internal.misc.Unsafe.park(Native Method)
        at java.base@17.0.12/java.util.concurrent.locks.LockSupport.parkNanos(LockSupport.java:252)
        at java.base@17.0.12/java.util.concurrent.locks.AbstractQueuedSynchronizer$ConditionObject.awaitNanos(AbstractQueuedSynchronizer.java:1674)
        at java.base@17.0.12/java.util.concurrent.LinkedBlockingQueue.poll(LinkedBlockingQueue.java:460)
        at app//org.apache.hadoop.ipc.CallQueueManager.take(CallQueueManager.java:317)
        at app//org.apache.hadoop.ipc.Server$Handler.run(Server.java:3014)
"18c2a24f-8a03-4916-b50c-e7c6140a9b01-ChunkWriter-0-0" daemon prio=5 tid=789 in Object.wait()
java.lang.Thread.State: WAITING (on object monitor)
        at java.base@17.0.12/jdk.internal.misc.Unsafe.park(Native Method)
        at java.base@17.0.12/java.util.concurrent.locks.LockSupport.park(LockSupport.java:341)
        at java.base@17.0.12/java.util.concurrent.locks.AbstractQueuedSynchronizer$ConditionNode.block(AbstractQueuedSynchronizer.java:506)
        at java.base@17.0.12/java.util.concurrent.ForkJoinPool.unmanagedBlock(ForkJoinPool.java:3465)
        at java.base@17.0.12/java.util.concurrent.ForkJoinPool.managedBlock(ForkJoinPool.java:3436)
        at java.base@17.0.12/java.util.concurrent.locks.AbstractQueuedSynchronizer$ConditionObject.await(AbstractQueuedSynchronizer.java:1625)
        at java.base@17.0.12/java.util.concurrent.LinkedBlockingDeque.takeFirst(LinkedBlockingDeque.java:485)
        at java.base@17.0.12/java.util.concurrent.LinkedBlockingDeque.take(LinkedBlockingDeque.java:673)
        at java.base@17.0.12/java.util.concurrent.ThreadPoolExecutor.getTask(ThreadPoolExecutor.java:1062)
        at java.base@17.0.12/java.util.concurrent.ThreadPoolExecutor.runWorker(ThreadPoolExecutor.java:1122)
        at java.base@17.0.12/java.util.concurrent.ThreadPoolExecutor$Worker.run(ThreadPoolExecutor.java:635)
        at java.base@17.0.12/java.lang.Thread.run(Thread.java:840)
"IPC Server handler 3 on default port 15002" daemon prio=5 tid=289 timed_waiting
java.lang.Thread.State: TIMED_WAITING
        at java.base@17.0.12/jdk.internal.misc.Unsafe.park(Native Method)
        at java.base@17.0.12/java.util.concurrent.locks.LockSupport.parkNanos(LockSupport.java:252)
        at java.base@17.0.12/java.util.concurrent.locks.AbstractQueuedSynchronizer$ConditionObject.awaitNanos(AbstractQueuedSynchronizer.java:1674)
        at java.base@17.0.12/java.util.concurrent.LinkedBlockingQueue.poll(LinkedBlockingQueue.java:460)
        at app//org.apache.hadoop.ipc.CallQueueManager.take(CallQueueManager.java:317)
        at app//org.apache.hadoop.ipc.Server$Handler.run(Server.java:3014)
"IPC Server listener on 15019" daemon prio=5 tid=538 runnable
java.lang.Thread.State: RUNNABLE
        at java.base@17.0.12/sun.nio.ch.EPoll.wait(Native Method)
        at java.base@17.0.12/sun.nio.ch.EPollSelectorImpl.doSelect(EPollSelectorImpl.java:118)
        at java.base@17.0.12/sun.nio.ch.SelectorImpl.lockAndDoSelect(SelectorImpl.java:129)
        at java.base@17.0.12/sun.nio.ch.SelectorImpl.select(SelectorImpl.java:146)
        at app//org.apache.hadoop.ipc.Server$Listener.run(Server.java:1408)
"IPC Server handler 5 on default port 15019" daemon prio=5 tid=557 timed_waiting
java.lang.Thread.State: TIMED_WAITING
        at java.base@17.0.12/jdk.internal.misc.Unsafe.park(Native Method)
        at java.base@17.0.12/java.util.concurrent.locks.LockSupport.parkNanos(LockSupport.java:252)
        at java.base@17.0.12/java.util.concurrent.locks.AbstractQueuedSynchronizer$ConditionObject.awaitNanos(AbstractQueuedSynchronizer.java:1674)
        at java.base@17.0.12/java.util.concurrent.LinkedBlockingQueue.poll(LinkedBlockingQueue.java:460)
        at app//org.apache.hadoop.ipc.CallQueueManager.take(CallQueueManager.java:317)
        at app//org.apache.hadoop.ipc.Server$Handler.run(Server.java:3014)
"FullTableCache-Cleanup-0" daemon prio=5 tid=403 timed_waiting
java.lang.Thread.State: TIMED_WAITING
        at java.base@17.0.12/jdk.internal.misc.Unsafe.park(Native Method)
        at java.base@17.0.12/java.util.concurrent.locks.LockSupport.parkNanos(LockSupport.java:252)
        at java.base@17.0.12/java.util.concurrent.locks.AbstractQueuedSynchronizer$ConditionObject.awaitNanos(AbstractQueuedSynchronizer.java:1674)
        at java.base@17.0.12/java.util.concurrent.ScheduledThreadPoolExecutor$DelayedWorkQueue.take(ScheduledThreadPoolExecutor.java:1182)
        at java.base@17.0.12/java.util.concurrent.ScheduledThreadPoolExecutor$DelayedWorkQueue.take(ScheduledThreadPoolExecutor.java:899)
        at java.base@17.0.12/java.util.concurrent.ThreadPoolExecutor.getTask(ThreadPoolExecutor.java:1062)
        at java.base@17.0.12/java.util.concurrent.ThreadPoolExecutor.runWorker(ThreadPoolExecutor.java:1122)
        at java.base@17.0.12/java.util.concurrent.ThreadPoolExecutor$Worker.run(ThreadPoolExecutor.java:635)
        at java.base@17.0.12/java.lang.Thread.run(Thread.java:840)
"FixedThreadPoolWithAffinityExecutor-7-0" daemon prio=5 tid=82 timed_waiting
java.lang.Thread.State: TIMED_WAITING
        at java.base@17.0.12/jdk.internal.misc.Unsafe.park(Native Method)
        at java.base@17.0.12/java.util.concurrent.locks.LockSupport.parkNanos(LockSupport.java:252)
        at java.base@17.0.12/java.util.concurrent.locks.AbstractQueuedSynchronizer$ConditionObject.awaitNanos(AbstractQueuedSynchronizer.java:1674)
        at java.base@17.0.12/java.util.concurrent.LinkedBlockingQueue.poll(LinkedBlockingQueue.java:460)
        at app//org.apache.hadoop.hdds.scm.server.ContainerReportQueue.poll(ContainerReportQueue.java:269)
        at app//org.apache.hadoop.hdds.scm.server.ContainerReportQueue.poll(ContainerReportQueue.java:42)
        at app//org.apache.hadoop.hdds.server.events.FixedThreadPoolWithAffinityExecutor$ContainerReportProcessTask.run(FixedThreadPoolWithAffinityExecutor.java:253)
        at java.base@17.0.12/java.util.concurrent.Executors$RunnableAdapter.call(Executors.java:539)
        at java.base@17.0.12/java.util.concurrent.FutureTask.run(FutureTask.java:264)
        at java.base@17.0.12/java.util.concurrent.ThreadPoolExecutor.runWorker(ThreadPoolExecutor.java:1136)
        at java.base@17.0.12/java.util.concurrent.ThreadPoolExecutor$Worker.run(ThreadPoolExecutor.java:635)
        at java.base@17.0.12/java.lang.Thread.run(Thread.java:840)
"qtp867773795-445" daemon prio=5 tid=445 runnable
java.lang.Thread.State: RUNNABLE
        at java.base@17.0.12/sun.nio.ch.EPoll.wait(Native Method)
        at java.base@17.0.12/sun.nio.ch.EPollSelectorImpl.doSelect(EPollSelectorImpl.java:118)
        at java.base@17.0.12/sun.nio.ch.SelectorImpl.lockAndDoSelect(SelectorImpl.java:129)
        at java.base@17.0.12/sun.nio.ch.SelectorImpl.select(SelectorImpl.java:146)
        at app//org.eclipse.jetty.io.ManagedSelector.nioSelect(ManagedSelector.java:183)
        at app//org.eclipse.jetty.io.ManagedSelector.select(ManagedSelector.java:190)
        at app//org.eclipse.jetty.io.ManagedSelector$SelectorProducer.select(ManagedSelector.java:606)
        at app//org.eclipse.jetty.io.ManagedSelector$SelectorProducer.produce(ManagedSelector.java:543)
        at app//org.eclipse.jetty.util.thread.strategy.EatWhatYouKill.produceTask(EatWhatYouKill.java:362)
        at app//org.eclipse.jetty.util.thread.strategy.EatWhatYouKill.doProduce(EatWhatYouKill.java:186)
        at app//org.eclipse.jetty.util.thread.strategy.EatWhatYouKill.tryProduce(EatWhatYouKill.java:173)
        at app//org.eclipse.jetty.util.thread.strategy.EatWhatYouKill.produce(EatWhatYouKill.java:137)
        at app//org.eclipse.jetty.io.ManagedSelector$$Lambda$817/0x00007fba2453e288.run(Unknown Source)
        at app//org.eclipse.jetty.util.thread.QueuedThreadPool.runJob(QueuedThreadPool.java:883)
        at app//org.eclipse.jetty.util.thread.QueuedThreadPool$Runner.run(QueuedThreadPool.java:1034)
        at java.base@17.0.12/java.lang.Thread.run(Thread.java:840)
"IPC Server handler 22 on default port 15002" daemon prio=5 tid=308 timed_waiting
java.lang.Thread.State: TIMED_WAITING
        at java.base@17.0.12/jdk.internal.misc.Unsafe.park(Native Method)
        at java.base@17.0.12/java.util.concurrent.locks.LockSupport.parkNanos(LockSupport.java:252)
        at java.base@17.0.12/java.util.concurrent.locks.AbstractQueuedSynchronizer$ConditionObject.awaitNanos(AbstractQueuedSynchronizer.java:1674)
        at java.base@17.0.12/java.util.concurrent.LinkedBlockingQueue.poll(LinkedBlockingQueue.java:460)
        at app//org.apache.hadoop.ipc.CallQueueManager.take(CallQueueManager.java:317)
        at app//org.apache.hadoop.ipc.Server$Handler.run(Server.java:3014)
"pool-112-thread-1" daemon prio=5 tid=750 timed_waiting
java.lang.Thread.State: TIMED_WAITING
        at java.base@17.0.12/jdk.internal.misc.Unsafe.park(Native Method)
        at java.base@17.0.12/java.util.concurrent.locks.LockSupport.parkNanos(LockSupport.java:252)
        at java.base@17.0.12/java.util.concurrent.locks.AbstractQueuedSynchronizer$ConditionObject.awaitNanos(AbstractQueuedSynchronizer.java:1674)
        at java.base@17.0.12/java.util.concurrent.ScheduledThreadPoolExecutor$DelayedWorkQueue.take(ScheduledThreadPoolExecutor.java:1182)
        at java.base@17.0.12/java.util.concurrent.ScheduledThreadPoolExecutor$DelayedWorkQueue.take(ScheduledThreadPoolExecutor.java:899)
        at java.base@17.0.12/java.util.concurrent.ThreadPoolExecutor.getTask(ThreadPoolExecutor.java:1062)
        at java.base@17.0.12/java.util.concurrent.ThreadPoolExecutor.runWorker(ThreadPoolExecutor.java:1122)
        at java.base@17.0.12/java.util.concurrent.ThreadPoolExecutor$Worker.run(ThreadPoolExecutor.java:635)
        at java.base@17.0.12/java.lang.Thread.run(Thread.java:840)
"Common-Cleaner" daemon prio=8 tid=11 timed_waiting
java.lang.Thread.State: TIMED_WAITING
        at java.base@17.0.12/java.lang.Object.wait(Native Method)
        at java.base@17.0.12/java.lang.ref.ReferenceQueue.remove(ReferenceQueue.java:155)
        at java.base@17.0.12/jdk.internal.ref.CleanerImpl.run(CleanerImpl.java:140)
        at java.base@17.0.12/java.lang.Thread.run(Thread.java:840)
        at java.base@17.0.12/jdk.internal.misc.InnocuousThread.run(InnocuousThread.java:162)
"FixedThreadPoolWithAffinityExecutor-8-0" daemon prio=5 tid=83 timed_waiting
java.lang.Thread.State: TIMED_WAITING
        at java.base@17.0.12/jdk.internal.misc.Unsafe.park(Native Method)
        at java.base@17.0.12/java.util.concurrent.locks.LockSupport.parkNanos(LockSupport.java:252)
        at java.base@17.0.12/java.util.concurrent.locks.AbstractQueuedSynchronizer$ConditionObject.awaitNanos(AbstractQueuedSynchronizer.java:1674)
        at java.base@17.0.12/java.util.concurrent.LinkedBlockingQueue.poll(LinkedBlockingQueue.java:460)
        at app//org.apache.hadoop.hdds.scm.server.ContainerReportQueue.poll(ContainerReportQueue.java:269)
        at app//org.apache.hadoop.hdds.scm.server.ContainerReportQueue.poll(ContainerReportQueue.java:42)
        at app//org.apache.hadoop.hdds.server.events.FixedThreadPoolWithAffinityExecutor$ContainerReportProcessTask.run(FixedThreadPoolWithAffinityExecutor.java:253)
        at java.base@17.0.12/java.util.concurrent.Executors$RunnableAdapter.call(Executors.java:539)
        at java.base@17.0.12/java.util.concurrent.FutureTask.run(FutureTask.java:264)
        at java.base@17.0.12/java.util.concurrent.ThreadPoolExecutor.runWorker(ThreadPoolExecutor.java:1136)
        at java.base@17.0.12/java.util.concurrent.ThreadPoolExecutor$Worker.run(ThreadPoolExecutor.java:635)
        at java.base@17.0.12/java.lang.Thread.run(Thread.java:840)
"IPC Server handler 90 on default port 15000" daemon prio=5 tid=176 timed_waiting
java.lang.Thread.State: TIMED_WAITING
        at java.base@17.0.12/jdk.internal.misc.Unsafe.park(Native Method)
        at java.base@17.0.12/java.util.concurrent.locks.LockSupport.parkNanos(LockSupport.java:252)
        at java.base@17.0.12/java.util.concurrent.locks.AbstractQueuedSynchronizer$ConditionObject.awaitNanos(AbstractQueuedSynchronizer.java:1674)
        at java.base@17.0.12/java.util.concurrent.LinkedBlockingQueue.poll(LinkedBlockingQueue.java:460)
        at app//org.apache.hadoop.ipc.CallQueueManager.take(CallQueueManager.java:317)
        at app//org.apache.hadoop.ipc.Server$Handler.run(Server.java:3014)
"IPC Server handler 1 on default port 15019" daemon prio=5 tid=553 timed_waiting
java.lang.Thread.State: TIMED_WAITING
        at java.base@17.0.12/jdk.internal.misc.Unsafe.park(Native Method)
        at java.base@17.0.12/java.util.concurrent.locks.LockSupport.parkNanos(LockSupport.java:252)
        at java.base@17.0.12/java.util.concurrent.locks.AbstractQueuedSynchronizer$ConditionObject.awaitNanos(AbstractQueuedSynchronizer.java:1674)
        at java.base@17.0.12/java.util.concurrent.LinkedBlockingQueue.poll(LinkedBlockingQueue.java:460)
        at app//org.apache.hadoop.ipc.CallQueueManager.take(CallQueueManager.java:317)
        at app//org.apache.hadoop.ipc.Server$Handler.run(Server.java:3014)
"IPC Server idle connection scanner for port 15037" daemon prio=5 tid=641 timed_waiting
java.lang.Thread.State: TIMED_WAITING
        at java.base@17.0.12/java.lang.Object.wait(Native Method)
        at java.base@17.0.12/java.util.TimerThread.mainLoop(Timer.java:563)
        at java.base@17.0.12/java.util.TimerThread.run(Timer.java:516)
"f3028915-7dd4-47fe-983a-636a8839ab96-ChunkWriter-0-0" daemon prio=5 tid=771 in Object.wait()
java.lang.Thread.State: WAITING (on object monitor)
        at java.base@17.0.12/jdk.internal.misc.Unsafe.park(Native Method)
        at java.base@17.0.12/java.util.concurrent.locks.LockSupport.park(LockSupport.java:341)
        at java.base@17.0.12/java.util.concurrent.locks.AbstractQueuedSynchronizer$ConditionNode.block(AbstractQueuedSynchronizer.java:506)
        at java.base@17.0.12/java.util.concurrent.ForkJoinPool.unmanagedBlock(ForkJoinPool.java:3465)
        at java.base@17.0.12/java.util.concurrent.ForkJoinPool.managedBlock(ForkJoinPool.java:3436)
        at java.base@17.0.12/java.util.concurrent.locks.AbstractQueuedSynchronizer$ConditionObject.await(AbstractQueuedSynchronizer.java:1625)
        at java.base@17.0.12/java.util.concurrent.LinkedBlockingDeque.takeFirst(LinkedBlockingDeque.java:485)
        at java.base@17.0.12/java.util.concurrent.LinkedBlockingDeque.take(LinkedBlockingDeque.java:673)
        at java.base@17.0.12/java.util.concurrent.ThreadPoolExecutor.getTask(ThreadPoolExecutor.java:1062)
        at java.base@17.0.12/java.util.concurrent.ThreadPoolExecutor.runWorker(ThreadPoolExecutor.java:1122)
        at java.base@17.0.12/java.util.concurrent.ThreadPoolExecutor$Worker.run(ThreadPoolExecutor.java:635)
        at java.base@17.0.12/java.lang.Thread.run(Thread.java:840)
"FixedThreadPoolWithAffinityExecutor-9-0" daemon prio=5 tid=84 timed_waiting
java.lang.Thread.State: TIMED_WAITING
        at java.base@17.0.12/jdk.internal.misc.Unsafe.park(Native Method)
        at java.base@17.0.12/java.util.concurrent.locks.LockSupport.parkNanos(LockSupport.java:252)
        at java.base@17.0.12/java.util.concurrent.locks.AbstractQueuedSynchronizer$ConditionObject.awaitNanos(AbstractQueuedSynchronizer.java:1674)
        at java.base@17.0.12/java.util.concurrent.LinkedBlockingQueue.poll(LinkedBlockingQueue.java:460)
        at app//org.apache.hadoop.hdds.scm.server.ContainerReportQueue.poll(ContainerReportQueue.java:269)
        at app//org.apache.hadoop.hdds.scm.server.ContainerReportQueue.poll(ContainerReportQueue.java:42)
        at app//org.apache.hadoop.hdds.server.events.FixedThreadPoolWithAffinityExecutor$ContainerReportProcessTask.run(FixedThreadPoolWithAffinityExecutor.java:253)
        at java.base@17.0.12/java.util.concurrent.Executors$RunnableAdapter.call(Executors.java:539)
        at java.base@17.0.12/java.util.concurrent.FutureTask.run(FutureTask.java:264)
        at java.base@17.0.12/java.util.concurrent.ThreadPoolExecutor.runWorker(ThreadPoolExecutor.java:1136)
        at java.base@17.0.12/java.util.concurrent.ThreadPoolExecutor$Worker.run(ThreadPoolExecutor.java:635)
        at java.base@17.0.12/java.lang.Thread.run(Thread.java:840)
"IPC Server handler 5 on default port 15000" daemon prio=5 tid=91 timed_waiting
java.lang.Thread.State: TIMED_WAITING
        at java.base@17.0.12/jdk.internal.misc.Unsafe.park(Native Method)
        at java.base@17.0.12/java.util.concurrent.locks.LockSupport.parkNanos(LockSupport.java:252)
        at java.base@17.0.12/java.util.concurrent.locks.AbstractQueuedSynchronizer$ConditionObject.awaitNanos(AbstractQueuedSynchronizer.java:1674)
        at java.base@17.0.12/java.util.concurrent.LinkedBlockingQueue.poll(LinkedBlockingQueue.java:460)
        at app//org.apache.hadoop.ipc.CallQueueManager.take(CallQueueManager.java:317)
        at app//org.apache.hadoop.ipc.Server$Handler.run(Server.java:3014)
"f3028915-7dd4-47fe-983a-636a8839ab96-DatanodeStateMachineDaemonThread" daemon prio=5 tid=654 timed_waiting
java.lang.Thread.State: TIMED_WAITING
        at java.base@17.0.12/java.lang.Thread.sleep(Native Method)
        at app//org.apache.hadoop.ozone.container.common.statemachine.DatanodeStateMachine.startStateMachineThread(DatanodeStateMachine.java:359)
        at app//org.apache.hadoop.ozone.container.common.statemachine.DatanodeStateMachine.lambda$startDaemon$1(DatanodeStateMachine.java:545)
        at app//org.apache.hadoop.ozone.container.common.statemachine.DatanodeStateMachine$$Lambda$1415/0x00007fba24930ca0.run(Unknown Source)
        at java.base@17.0.12/java.lang.Thread.run(Thread.java:840)
"IPC Server handler 80 on default port 15000" daemon prio=5 tid=166 timed_waiting
java.lang.Thread.State: TIMED_WAITING
        at java.base@17.0.12/jdk.internal.misc.Unsafe.park(Native Method)
        at java.base@17.0.12/java.util.concurrent.locks.LockSupport.parkNanos(LockSupport.java:252)
        at java.base@17.0.12/java.util.concurrent.locks.AbstractQueuedSynchronizer$ConditionObject.awaitNanos(AbstractQueuedSynchronizer.java:1674)
        at java.base@17.0.12/java.util.concurrent.LinkedBlockingQueue.poll(LinkedBlockingQueue.java:460)
        at app//org.apache.hadoop.ipc.CallQueueManager.take(CallQueueManager.java:317)
        at app//org.apache.hadoop.ipc.Server$Handler.run(Server.java:3014)
"18c2a24f-8a03-4916-b50c-e7c6140a9b01-impl-thread1"  prio=5 tid=664 timed_waiting
java.lang.Thread.State: TIMED_WAITING
        at java.base@17.0.12/jdk.internal.misc.Unsafe.park(Native Method)
        at java.base@17.0.12/java.util.concurrent.locks.LockSupport.parkNanos(LockSupport.java:252)
        at java.base@17.0.12/java.util.concurrent.SynchronousQueue$TransferStack.transfer(SynchronousQueue.java:401)
        at java.base@17.0.12/java.util.concurrent.SynchronousQueue.poll(SynchronousQueue.java:903)
        at java.base@17.0.12/java.util.concurrent.ThreadPoolExecutor.getTask(ThreadPoolExecutor.java:1061)
        at java.base@17.0.12/java.util.concurrent.ThreadPoolExecutor.runWorker(ThreadPoolExecutor.java:1122)
        at java.base@17.0.12/java.util.concurrent.ThreadPoolExecutor$Worker.run(ThreadPoolExecutor.java:635)
        at java.base@17.0.12/java.lang.Thread.run(Thread.java:840)
"IPC Server handler 15 on default port 15002" daemon prio=5 tid=301 timed_waiting
java.lang.Thread.State: TIMED_WAITING
        at java.base@17.0.12/jdk.internal.misc.Unsafe.park(Native Method)
        at java.base@17.0.12/java.util.concurrent.locks.LockSupport.parkNanos(LockSupport.java:252)
        at java.base@17.0.12/java.util.concurrent.locks.AbstractQueuedSynchronizer$ConditionObject.awaitNanos(AbstractQueuedSynchronizer.java:1674)
        at java.base@17.0.12/java.util.concurrent.LinkedBlockingQueue.poll(LinkedBlockingQueue.java:460)
        at app//org.apache.hadoop.ipc.CallQueueManager.take(CallQueueManager.java:317)
        at app//org.apache.hadoop.ipc.Server$Handler.run(Server.java:3014)
"f3028915-7dd4-47fe-983a-636a8839ab96-ChunkReader-ELG-0" daemon prio=5 tid=776 runnable
java.lang.Thread.State: RUNNABLE
        at app//org.apache.ratis.thirdparty.io.netty.channel.epoll.Native.epollWait(Native Method)
        at app//org.apache.ratis.thirdparty.io.netty.channel.epoll.Native.epollWait(Native.java:220)
        at app//org.apache.ratis.thirdparty.io.netty.channel.epoll.Native.epollWait(Native.java:213)
        at app//org.apache.ratis.thirdparty.io.netty.channel.epoll.EpollEventLoop.epollWaitNoTimerChange(EpollEventLoop.java:308)
        at app//org.apache.ratis.thirdparty.io.netty.channel.epoll.EpollEventLoop.run(EpollEventLoop.java:365)
        at app//org.apache.ratis.thirdparty.io.netty.util.concurrent.SingleThreadEventExecutor$4.run(SingleThreadEventExecutor.java:997)
        at app//org.apache.ratis.thirdparty.io.netty.util.internal.ThreadExecutorMap$2.run(ThreadExecutorMap.java:74)
        at java.base@17.0.12/java.lang.Thread.run(Thread.java:840)
"9d1f9f5c-07b4-413f-b8b0-69aa045119d7@group-0DCCA2FB08E8-SegmentedRaftLogWorker" daemon prio=5 tid=895 timed_waiting
java.lang.Thread.State: TIMED_WAITING
        at java.base@17.0.12/jdk.internal.misc.Unsafe.park(Native Method)
        at java.base@17.0.12/java.util.concurrent.locks.LockSupport.parkNanos(LockSupport.java:252)
        at java.base@17.0.12/java.util.concurrent.locks.AbstractQueuedSynchronizer$ConditionObject.awaitNanos(AbstractQueuedSynchronizer.java:1674)
        at app//org.apache.ratis.util.DataBlockingQueue.poll(DataBlockingQueue.java:148)
        at app//org.apache.ratis.server.raftlog.segmented.SegmentedRaftLogWorker.run(SegmentedRaftLogWorker.java:302)
        at app//org.apache.ratis.server.raftlog.segmented.SegmentedRaftLogWorker$$Lambda$1161/0x00007fba24719a20.run(Unknown Source)
        at java.base@17.0.12/java.util.concurrent.Executors$RunnableAdapter.call(Executors.java:539)
        at java.base@17.0.12/java.util.concurrent.FutureTask.run(FutureTask.java:264)
        at java.base@17.0.12/java.util.concurrent.ThreadPoolExecutor.runWorker(ThreadPoolExecutor.java:1136)
        at java.base@17.0.12/java.util.concurrent.ThreadPoolExecutor$Worker.run(ThreadPoolExecutor.java:635)
        at java.base@17.0.12/java.lang.Thread.run(Thread.java:840)
"ForkJoinPool.commonPool-worker-2" daemon prio=5 tid=22 in Object.wait()
java.lang.Thread.State: WAITING (on object monitor)
        at java.base@17.0.12/jdk.internal.misc.Unsafe.park(Native Method)
        at java.base@17.0.12/java.util.concurrent.locks.LockSupport.park(LockSupport.java:341)
        at java.base@17.0.12/java.util.concurrent.ForkJoinPool.awaitWork(ForkJoinPool.java:1724)
        at java.base@17.0.12/java.util.concurrent.ForkJoinPool.runWorker(ForkJoinPool.java:1623)
        at java.base@17.0.12/java.util.concurrent.ForkJoinWorkerThread.run(ForkJoinWorkerThread.java:165)
"Socket Reader #3 for port 15019"  prio=5 tid=541 runnable
java.lang.Thread.State: RUNNABLE
        at java.base@17.0.12/sun.nio.ch.EPoll.wait(Native Method)
        at java.base@17.0.12/sun.nio.ch.EPollSelectorImpl.doSelect(EPollSelectorImpl.java:118)
        at java.base@17.0.12/sun.nio.ch.SelectorImpl.lockAndDoSelect(SelectorImpl.java:129)
        at java.base@17.0.12/sun.nio.ch.SelectorImpl.select(SelectorImpl.java:146)
        at app//org.apache.hadoop.ipc.Server$Listener$Reader.doRunLoop(Server.java:1346)
        at app//org.apache.hadoop.ipc.Server$Listener$Reader.run(Server.java:1325)
"18c2a24f-8a03-4916-b50c-e7c6140a9b01-ChunkReader-ELG-0" daemon prio=5 tid=794 runnable
java.lang.Thread.State: RUNNABLE
        at app//org.apache.ratis.thirdparty.io.netty.channel.epoll.Native.epollWait(Native Method)
        at app//org.apache.ratis.thirdparty.io.netty.channel.epoll.Native.epollWait(Native.java:220)
        at app//org.apache.ratis.thirdparty.io.netty.channel.epoll.Native.epollWait(Native.java:213)
        at app//org.apache.ratis.thirdparty.io.netty.channel.epoll.EpollEventLoop.epollWaitNoTimerChange(EpollEventLoop.java:308)
        at app//org.apache.ratis.thirdparty.io.netty.channel.epoll.EpollEventLoop.run(EpollEventLoop.java:365)
        at app//org.apache.ratis.thirdparty.io.netty.util.concurrent.SingleThreadEventExecutor$4.run(SingleThreadEventExecutor.java:997)
        at app//org.apache.ratis.thirdparty.io.netty.util.internal.ThreadExecutorMap$2.run(ThreadExecutorMap.java:74)
        at java.base@17.0.12/java.lang.Thread.run(Thread.java:840)
"Socket Reader #2 for port 15002"  prio=5 tid=35 runnable
java.lang.Thread.State: RUNNABLE
        at java.base@17.0.12/sun.nio.ch.EPoll.wait(Native Method)
        at java.base@17.0.12/sun.nio.ch.EPollSelectorImpl.doSelect(EPollSelectorImpl.java:118)
        at java.base@17.0.12/sun.nio.ch.SelectorImpl.lockAndDoSelect(SelectorImpl.java:129)
        at java.base@17.0.12/sun.nio.ch.SelectorImpl.select(SelectorImpl.java:146)
        at app//org.apache.hadoop.ipc.Server$Listener$Reader.doRunLoop(Server.java:1346)
        at app//org.apache.hadoop.ipc.Server$Listener$Reader.run(Server.java:1325)
"IPC Server handler 10 on default port 15004" daemon prio=5 tid=463 timed_waiting
java.lang.Thread.State: TIMED_WAITING
        at java.base@17.0.12/jdk.internal.misc.Unsafe.park(Native Method)
        at java.base@17.0.12/java.util.concurrent.locks.LockSupport.parkNanos(LockSupport.java:252)
        at java.base@17.0.12/java.util.concurrent.locks.AbstractQueuedSynchronizer$ConditionObject.awaitNanos(AbstractQueuedSynchronizer.java:1674)
        at java.base@17.0.12/java.util.concurrent.LinkedBlockingQueue.poll(LinkedBlockingQueue.java:460)
        at app//org.apache.hadoop.ipc.CallQueueManager.take(CallQueueManager.java:317)
        at app//org.apache.hadoop.ipc.Server$Handler.run(Server.java:3014)
"IPC Server handler 27 on default port 15002" daemon prio=5 tid=313 timed_waiting
java.lang.Thread.State: TIMED_WAITING
        at java.base@17.0.12/jdk.internal.misc.Unsafe.park(Native Method)
        at java.base@17.0.12/java.util.concurrent.locks.LockSupport.parkNanos(LockSupport.java:252)
        at java.base@17.0.12/java.util.concurrent.locks.AbstractQueuedSynchronizer$ConditionObject.awaitNanos(AbstractQueuedSynchronizer.java:1674)
        at java.base@17.0.12/java.util.concurrent.LinkedBlockingQueue.poll(LinkedBlockingQueue.java:460)
        at app//org.apache.hadoop.ipc.CallQueueManager.take(CallQueueManager.java:317)
        at app//org.apache.hadoop.ipc.Server$Handler.run(Server.java:3014)
"IPC Server handler 37 on default port 15002" daemon prio=5 tid=323 timed_waiting
java.lang.Thread.State: TIMED_WAITING
        at java.base@17.0.12/jdk.internal.misc.Unsafe.park(Native Method)
        at java.base@17.0.12/java.util.concurrent.locks.LockSupport.parkNanos(LockSupport.java:252)
        at java.base@17.0.12/java.util.concurrent.locks.AbstractQueuedSynchronizer$ConditionObject.awaitNanos(AbstractQueuedSynchronizer.java:1674)
        at java.base@17.0.12/java.util.concurrent.LinkedBlockingQueue.poll(LinkedBlockingQueue.java:460)
        at app//org.apache.hadoop.ipc.CallQueueManager.take(CallQueueManager.java:317)
        at app//org.apache.hadoop.ipc.Server$Handler.run(Server.java:3014)
"IPC Server handler 41 on default port 15000" daemon prio=5 tid=127 timed_waiting
java.lang.Thread.State: TIMED_WAITING
        at java.base@17.0.12/jdk.internal.misc.Unsafe.park(Native Method)
        at java.base@17.0.12/java.util.concurrent.locks.LockSupport.parkNanos(LockSupport.java:252)
        at java.base@17.0.12/java.util.concurrent.locks.AbstractQueuedSynchronizer$ConditionObject.awaitNanos(AbstractQueuedSynchronizer.java:1674)
        at java.base@17.0.12/java.util.concurrent.LinkedBlockingQueue.poll(LinkedBlockingQueue.java:460)
        at app//org.apache.hadoop.ipc.CallQueueManager.take(CallQueueManager.java:317)
        at app//org.apache.hadoop.ipc.Server$Handler.run(Server.java:3014)
"IPC Server handler 2 on default port 15037" daemon prio=5 tid=646 timed_waiting
java.lang.Thread.State: TIMED_WAITING
        at java.base@17.0.12/jdk.internal.misc.Unsafe.park(Native Method)
        at java.base@17.0.12/java.util.concurrent.locks.LockSupport.parkNanos(LockSupport.java:252)
        at java.base@17.0.12/java.util.concurrent.locks.AbstractQueuedSynchronizer$ConditionObject.awaitNanos(AbstractQueuedSynchronizer.java:1674)
        at java.base@17.0.12/java.util.concurrent.LinkedBlockingQueue.poll(LinkedBlockingQueue.java:460)
        at app//org.apache.hadoop.ipc.CallQueueManager.take(CallQueueManager.java:317)
        at app//org.apache.hadoop.ipc.Server$Handler.run(Server.java:3014)
"grpc-default-worker-ELG-3-4" daemon prio=5 tid=822 runnable
java.lang.Thread.State: RUNNABLE
        at app//org.apache.ratis.thirdparty.io.netty.channel.epoll.Native.epollWait(Native Method)
        at app//org.apache.ratis.thirdparty.io.netty.channel.epoll.Native.epollWait(Native.java:220)
        at app//org.apache.ratis.thirdparty.io.netty.channel.epoll.Native.epollWait(Native.java:213)
        at app//org.apache.ratis.thirdparty.io.netty.channel.epoll.EpollEventLoop.epollWaitNoTimerChange(EpollEventLoop.java:308)
        at app//org.apache.ratis.thirdparty.io.netty.channel.epoll.EpollEventLoop.run(EpollEventLoop.java:365)
        at app//org.apache.ratis.thirdparty.io.netty.util.concurrent.SingleThreadEventExecutor$4.run(SingleThreadEventExecutor.java:997)
        at app//org.apache.ratis.thirdparty.io.netty.util.internal.ThreadExecutorMap$2.run(ThreadExecutorMap.java:74)
        at app//org.apache.ratis.thirdparty.io.netty.util.concurrent.FastThreadLocalRunnable.run(FastThreadLocalRunnable.java:30)
        at java.base@17.0.12/java.lang.Thread.run(Thread.java:840)
"IPC Server handler 32 on default port 15000" daemon prio=5 tid=118 timed_waiting
java.lang.Thread.State: TIMED_WAITING
        at java.base@17.0.12/jdk.internal.misc.Unsafe.park(Native Method)
        at java.base@17.0.12/java.util.concurrent.locks.LockSupport.parkNanos(LockSupport.java:252)
        at java.base@17.0.12/java.util.concurrent.locks.AbstractQueuedSynchronizer$ConditionObject.awaitNanos(AbstractQueuedSynchronizer.java:1674)
        at java.base@17.0.12/java.util.concurrent.LinkedBlockingQueue.poll(LinkedBlockingQueue.java:460)
        at app//org.apache.hadoop.ipc.CallQueueManager.take(CallQueueManager.java:317)
        at app//org.apache.hadoop.ipc.Server$Handler.run(Server.java:3014)
"qtp576440022-623-acceptor-0@62356f7f-ServerConnector@53506644{HTTP/1.1, (http/1.1)}{0.0.0.0:15036}" daemon prio=3 tid=623 runnable
java.lang.Thread.State: RUNNABLE
        at java.base@17.0.12/sun.nio.ch.Net.accept(Native Method)
        at java.base@17.0.12/sun.nio.ch.ServerSocketChannelImpl.implAccept(ServerSocketChannelImpl.java:425)
        at java.base@17.0.12/sun.nio.ch.ServerSocketChannelImpl.accept(ServerSocketChannelImpl.java:391)
        at app//org.eclipse.jetty.server.ServerConnector.accept(ServerConnector.java:388)
        at app//org.eclipse.jetty.server.AbstractConnector$Acceptor.run(AbstractConnector.java:704)
        at app//org.eclipse.jetty.util.thread.QueuedThreadPool.runJob(QueuedThreadPool.java:883)
        at app//org.eclipse.jetty.util.thread.QueuedThreadPool$Runner.run(QueuedThreadPool.java:1034)
        at java.base@17.0.12/java.lang.Thread.run(Thread.java:840)
"9d1f9f5c-07b4-413f-b8b0-69aa045119d7-BlockDeletingService#0" daemon prio=5 tid=759 timed_waiting
java.lang.Thread.State: TIMED_WAITING
        at java.base@17.0.12/jdk.internal.misc.Unsafe.park(Native Method)
        at java.base@17.0.12/java.util.concurrent.locks.LockSupport.parkNanos(LockSupport.java:252)
        at java.base@17.0.12/java.util.concurrent.locks.AbstractQueuedSynchronizer$ConditionObject.awaitNanos(AbstractQueuedSynchronizer.java:1674)
        at java.base@17.0.12/java.util.concurrent.ScheduledThreadPoolExecutor$DelayedWorkQueue.take(ScheduledThreadPoolExecutor.java:1182)
        at java.base@17.0.12/java.util.concurrent.ScheduledThreadPoolExecutor$DelayedWorkQueue.take(ScheduledThreadPoolExecutor.java:899)
        at java.base@17.0.12/java.util.concurrent.ThreadPoolExecutor.getTask(ThreadPoolExecutor.java:1062)
        at java.base@17.0.12/java.util.concurrent.ThreadPoolExecutor.runWorker(ThreadPoolExecutor.java:1122)
        at java.base@17.0.12/java.util.concurrent.ThreadPoolExecutor$Worker.run(ThreadPoolExecutor.java:635)
        at java.base@17.0.12/java.lang.Thread.run(Thread.java:840)
"IPC Server handler 4 on default port 15004" daemon prio=5 tid=457 timed_waiting
java.lang.Thread.State: TIMED_WAITING
        at java.base@17.0.12/jdk.internal.misc.Unsafe.park(Native Method)
        at java.base@17.0.12/java.util.concurrent.locks.LockSupport.parkNanos(LockSupport.java:252)
        at java.base@17.0.12/java.util.concurrent.locks.AbstractQueuedSynchronizer$ConditionObject.awaitNanos(AbstractQueuedSynchronizer.java:1674)
        at java.base@17.0.12/java.util.concurrent.LinkedBlockingQueue.poll(LinkedBlockingQueue.java:460)
        at app//org.apache.hadoop.ipc.CallQueueManager.take(CallQueueManager.java:317)
        at app//org.apache.hadoop.ipc.Server$Handler.run(Server.java:3014)
"IPC Server idle connection scanner for port 15028" daemon prio=5 tid=595 timed_waiting
java.lang.Thread.State: TIMED_WAITING
        at java.base@17.0.12/java.lang.Object.wait(Native Method)
        at java.base@17.0.12/java.util.TimerThread.mainLoop(Timer.java:563)
        at java.base@17.0.12/java.util.TimerThread.run(Timer.java:516)
"IPC Server handler 34 on default port 15001" daemon prio=5 tid=220 timed_waiting
java.lang.Thread.State: TIMED_WAITING
        at java.base@17.0.12/jdk.internal.misc.Unsafe.park(Native Method)
        at java.base@17.0.12/java.util.concurrent.locks.LockSupport.parkNanos(LockSupport.java:252)
        at java.base@17.0.12/java.util.concurrent.locks.AbstractQueuedSynchronizer$ConditionObject.awaitNanos(AbstractQueuedSynchronizer.java:1674)
        at java.base@17.0.12/java.util.concurrent.LinkedBlockingQueue.poll(LinkedBlockingQueue.java:460)
        at app//org.apache.hadoop.ipc.CallQueueManager.take(CallQueueManager.java:317)
        at app//org.apache.hadoop.ipc.Server$Handler.run(Server.java:3014)
"IPC Server handler 2 on default port 15002" daemon prio=5 tid=288 timed_waiting
java.lang.Thread.State: TIMED_WAITING
        at java.base@17.0.12/jdk.internal.misc.Unsafe.park(Native Method)
        at java.base@17.0.12/java.util.concurrent.locks.LockSupport.parkNanos(LockSupport.java:252)
        at java.base@17.0.12/java.util.concurrent.locks.AbstractQueuedSynchronizer$ConditionObject.awaitNanos(AbstractQueuedSynchronizer.java:1674)
        at java.base@17.0.12/java.util.concurrent.LinkedBlockingQueue.poll(LinkedBlockingQueue.java:460)
        at app//org.apache.hadoop.ipc.CallQueueManager.take(CallQueueManager.java:317)
        at app//org.apache.hadoop.ipc.Server$Handler.run(Server.java:3014)
"om1-SnapshotDiffCleanupService#0" daemon prio=5 tid=406 timed_waiting
java.lang.Thread.State: TIMED_WAITING
        at java.base@17.0.12/jdk.internal.misc.Unsafe.park(Native Method)
        at java.base@17.0.12/java.util.concurrent.locks.LockSupport.parkNanos(LockSupport.java:252)
        at java.base@17.0.12/java.util.concurrent.locks.AbstractQueuedSynchronizer$ConditionObject.awaitNanos(AbstractQueuedSynchronizer.java:1674)
        at java.base@17.0.12/java.util.concurrent.ScheduledThreadPoolExecutor$DelayedWorkQueue.take(ScheduledThreadPoolExecutor.java:1182)
        at java.base@17.0.12/java.util.concurrent.ScheduledThreadPoolExecutor$DelayedWorkQueue.take(ScheduledThreadPoolExecutor.java:899)
        at java.base@17.0.12/java.util.concurrent.ThreadPoolExecutor.getTask(ThreadPoolExecutor.java:1062)
        at java.base@17.0.12/java.util.concurrent.ThreadPoolExecutor.runWorker(ThreadPoolExecutor.java:1122)
        at java.base@17.0.12/java.util.concurrent.ThreadPoolExecutor$Worker.run(ThreadPoolExecutor.java:635)
        at java.base@17.0.12/java.lang.Thread.run(Thread.java:840)
"Socket Reader #5 for port 15002"  prio=5 tid=38 runnable
java.lang.Thread.State: RUNNABLE
        at java.base@17.0.12/sun.nio.ch.EPoll.wait(Native Method)
        at java.base@17.0.12/sun.nio.ch.EPollSelectorImpl.doSelect(EPollSelectorImpl.java:118)
        at java.base@17.0.12/sun.nio.ch.SelectorImpl.lockAndDoSelect(SelectorImpl.java:129)
        at java.base@17.0.12/sun.nio.ch.SelectorImpl.select(SelectorImpl.java:146)
        at app//org.apache.hadoop.ipc.Server$Listener$Reader.doRunLoop(Server.java:1346)
        at app//org.apache.hadoop.ipc.Server$Listener$Reader.run(Server.java:1325)
"Socket Reader #3 for port 15000"  prio=5 tid=64 runnable
java.lang.Thread.State: RUNNABLE
        at java.base@17.0.12/sun.nio.ch.EPoll.wait(Native Method)
        at java.base@17.0.12/sun.nio.ch.EPollSelectorImpl.doSelect(EPollSelectorImpl.java:118)
        at java.base@17.0.12/sun.nio.ch.SelectorImpl.lockAndDoSelect(SelectorImpl.java:129)
        at java.base@17.0.12/sun.nio.ch.SelectorImpl.select(SelectorImpl.java:146)
        at app//org.apache.hadoop.ipc.Server$Listener$Reader.doRunLoop(Server.java:1346)
        at app//org.apache.hadoop.ipc.Server$Listener$Reader.run(Server.java:1325)
"Socket Reader #6 for port 15046"  prio=5 tid=682 runnable
java.lang.Thread.State: RUNNABLE
        at java.base@17.0.12/sun.nio.ch.EPoll.wait(Native Method)
        at java.base@17.0.12/sun.nio.ch.EPollSelectorImpl.doSelect(EPollSelectorImpl.java:118)
        at java.base@17.0.12/sun.nio.ch.SelectorImpl.lockAndDoSelect(SelectorImpl.java:129)
        at java.base@17.0.12/sun.nio.ch.SelectorImpl.select(SelectorImpl.java:146)
        at app//org.apache.hadoop.ipc.Server$Listener$Reader.doRunLoop(Server.java:1346)
        at app//org.apache.hadoop.ipc.Server$Listener$Reader.run(Server.java:1325)
"Socket Reader #1 for port 15046"  prio=5 tid=677 runnable
java.lang.Thread.State: RUNNABLE
        at java.base@17.0.12/sun.nio.ch.EPoll.wait(Native Method)
        at java.base@17.0.12/sun.nio.ch.EPollSelectorImpl.doSelect(EPollSelectorImpl.java:118)
        at java.base@17.0.12/sun.nio.ch.SelectorImpl.lockAndDoSelect(SelectorImpl.java:129)
        at java.base@17.0.12/sun.nio.ch.SelectorImpl.select(SelectorImpl.java:146)
        at app//org.apache.hadoop.ipc.Server$Listener$Reader.doRunLoop(Server.java:1346)
        at app//org.apache.hadoop.ipc.Server$Listener$Reader.run(Server.java:1325)
"qtp211730958-529" daemon prio=5 tid=529 runnable
java.lang.Thread.State: RUNNABLE
        at java.base@17.0.12/sun.nio.ch.EPoll.wait(Native Method)
        at java.base@17.0.12/sun.nio.ch.EPollSelectorImpl.doSelect(EPollSelectorImpl.java:118)
        at java.base@17.0.12/sun.nio.ch.SelectorImpl.lockAndDoSelect(SelectorImpl.java:129)
        at java.base@17.0.12/sun.nio.ch.SelectorImpl.select(SelectorImpl.java:146)
        at app//org.eclipse.jetty.io.ManagedSelector.nioSelect(ManagedSelector.java:183)
        at app//org.eclipse.jetty.io.ManagedSelector.select(ManagedSelector.java:190)
        at app//org.eclipse.jetty.io.ManagedSelector$SelectorProducer.select(ManagedSelector.java:606)
        at app//org.eclipse.jetty.io.ManagedSelector$SelectorProducer.produce(ManagedSelector.java:543)
        at app//org.eclipse.jetty.util.thread.strategy.EatWhatYouKill.produceTask(EatWhatYouKill.java:362)
        at app//org.eclipse.jetty.util.thread.strategy.EatWhatYouKill.doProduce(EatWhatYouKill.java:186)
        at app//org.eclipse.jetty.util.thread.strategy.EatWhatYouKill.tryProduce(EatWhatYouKill.java:173)
        at app//org.eclipse.jetty.util.thread.strategy.EatWhatYouKill.produce(EatWhatYouKill.java:137)
        at app//org.eclipse.jetty.io.ManagedSelector$$Lambda$817/0x00007fba2453e288.run(Unknown Source)
        at app//org.eclipse.jetty.util.thread.QueuedThreadPool.runJob(QueuedThreadPool.java:883)
        at app//org.eclipse.jetty.util.thread.QueuedThreadPool$Runner.run(QueuedThreadPool.java:1034)
        at java.base@17.0.12/java.lang.Thread.run(Thread.java:840)
"IPC Server handler 49 on default port 15000" daemon prio=5 tid=135 timed_waiting
java.lang.Thread.State: TIMED_WAITING
        at java.base@17.0.12/jdk.internal.misc.Unsafe.park(Native Method)
        at java.base@17.0.12/java.util.concurrent.locks.LockSupport.parkNanos(LockSupport.java:252)
        at java.base@17.0.12/java.util.concurrent.locks.AbstractQueuedSynchronizer$ConditionObject.awaitNanos(AbstractQueuedSynchronizer.java:1674)
        at java.base@17.0.12/java.util.concurrent.LinkedBlockingQueue.poll(LinkedBlockingQueue.java:460)
        at app//org.apache.hadoop.ipc.CallQueueManager.take(CallQueueManager.java:317)
        at app//org.apache.hadoop.ipc.Server$Handler.run(Server.java:3014)
"IPC Server handler 39 on default port 15002" daemon prio=5 tid=325 timed_waiting
java.lang.Thread.State: TIMED_WAITING
        at java.base@17.0.12/jdk.internal.misc.Unsafe.park(Native Method)
        at java.base@17.0.12/java.util.concurrent.locks.LockSupport.parkNanos(LockSupport.java:252)
        at java.base@17.0.12/java.util.concurrent.locks.AbstractQueuedSynchronizer$ConditionObject.awaitNanos(AbstractQueuedSynchronizer.java:1674)
        at java.base@17.0.12/java.util.concurrent.LinkedBlockingQueue.poll(LinkedBlockingQueue.java:460)
        at app//org.apache.hadoop.ipc.CallQueueManager.take(CallQueueManager.java:317)
        at app//org.apache.hadoop.ipc.Server$Handler.run(Server.java:3014)
"IPC Server handler 52 on default port 15001" daemon prio=5 tid=238 timed_waiting
java.lang.Thread.State: TIMED_WAITING
        at java.base@17.0.12/jdk.internal.misc.Unsafe.park(Native Method)
        at java.base@17.0.12/java.util.concurrent.locks.LockSupport.parkNanos(LockSupport.java:252)
        at java.base@17.0.12/java.util.concurrent.locks.AbstractQueuedSynchronizer$ConditionObject.awaitNanos(AbstractQueuedSynchronizer.java:1674)
        at java.base@17.0.12/java.util.concurrent.LinkedBlockingQueue.poll(LinkedBlockingQueue.java:460)
        at app//org.apache.hadoop.ipc.CallQueueManager.take(CallQueueManager.java:317)
        at app//org.apache.hadoop.ipc.Server$Handler.run(Server.java:3014)
"om1@group-C5BA1605619E-StateMachineUpdater" daemon prio=5 tid=429 timed_waiting
java.lang.Thread.State: TIMED_WAITING
        at java.base@17.0.12/jdk.internal.misc.Unsafe.park(Native Method)
        at java.base@17.0.12/java.util.concurrent.locks.LockSupport.parkNanos(LockSupport.java:252)
        at java.base@17.0.12/java.util.concurrent.locks.AbstractQueuedSynchronizer$ConditionObject.await(AbstractQueuedSynchronizer.java:1759)
        at app//org.apache.ratis.util.AwaitForSignal.await(AwaitForSignal.java:65)
        at app//org.apache.ratis.server.impl.StateMachineUpdater.waitForCommit(StateMachineUpdater.java:219)
        at app//org.apache.ratis.server.impl.StateMachineUpdater.run(StateMachineUpdater.java:187)
        at java.base@17.0.12/java.lang.Thread.run(Thread.java:840)
"IPC Server handler 57 on default port 15001" daemon prio=5 tid=243 timed_waiting
java.lang.Thread.State: TIMED_WAITING
        at java.base@17.0.12/jdk.internal.misc.Unsafe.park(Native Method)
        at java.base@17.0.12/java.util.concurrent.locks.LockSupport.parkNanos(LockSupport.java:252)
        at java.base@17.0.12/java.util.concurrent.locks.AbstractQueuedSynchronizer$ConditionObject.awaitNanos(AbstractQueuedSynchronizer.java:1674)
        at java.base@17.0.12/java.util.concurrent.LinkedBlockingQueue.poll(LinkedBlockingQueue.java:460)
        at app//org.apache.hadoop.ipc.CallQueueManager.take(CallQueueManager.java:317)
        at app//org.apache.hadoop.ipc.Server$Handler.run(Server.java:3014)
"IPC Server handler 36 on default port 15000" daemon prio=5 tid=122 timed_waiting
java.lang.Thread.State: TIMED_WAITING
        at java.base@17.0.12/jdk.internal.misc.Unsafe.park(Native Method)
        at java.base@17.0.12/java.util.concurrent.locks.LockSupport.parkNanos(LockSupport.java:252)
        at java.base@17.0.12/java.util.concurrent.locks.AbstractQueuedSynchronizer$ConditionObject.awaitNanos(AbstractQueuedSynchronizer.java:1674)
        at java.base@17.0.12/java.util.concurrent.LinkedBlockingQueue.poll(LinkedBlockingQueue.java:460)
        at app//org.apache.hadoop.ipc.CallQueueManager.take(CallQueueManager.java:317)
        at app//org.apache.hadoop.ipc.Server$Handler.run(Server.java:3014)
"IPC Server handler 64 on default port 15002" daemon prio=5 tid=350 timed_waiting
java.lang.Thread.State: TIMED_WAITING
        at java.base@17.0.12/jdk.internal.misc.Unsafe.park(Native Method)
        at java.base@17.0.12/java.util.concurrent.locks.LockSupport.parkNanos(LockSupport.java:252)
        at java.base@17.0.12/java.util.concurrent.locks.AbstractQueuedSynchronizer$ConditionObject.awaitNanos(AbstractQueuedSynchronizer.java:1674)
        at java.base@17.0.12/java.util.concurrent.LinkedBlockingQueue.poll(LinkedBlockingQueue.java:460)
        at app//org.apache.hadoop.ipc.CallQueueManager.take(CallQueueManager.java:317)
        at app//org.apache.hadoop.ipc.Server$Handler.run(Server.java:3014)
"IPC Server handler 79 on default port 15001" daemon prio=5 tid=265 timed_waiting
java.lang.Thread.State: TIMED_WAITING
        at java.base@17.0.12/jdk.internal.misc.Unsafe.park(Native Method)
        at java.base@17.0.12/java.util.concurrent.locks.LockSupport.parkNanos(LockSupport.java:252)
        at java.base@17.0.12/java.util.concurrent.locks.AbstractQueuedSynchronizer$ConditionObject.awaitNanos(AbstractQueuedSynchronizer.java:1674)
        at java.base@17.0.12/java.util.concurrent.LinkedBlockingQueue.poll(LinkedBlockingQueue.java:460)
        at app//org.apache.hadoop.ipc.CallQueueManager.take(CallQueueManager.java:317)
        at app//org.apache.hadoop.ipc.Server$Handler.run(Server.java:3014)
"IPC Server handler 19 on default port 15002" daemon prio=5 tid=305 timed_waiting
java.lang.Thread.State: TIMED_WAITING
        at java.base@17.0.12/jdk.internal.misc.Unsafe.park(Native Method)
        at java.base@17.0.12/java.util.concurrent.locks.LockSupport.parkNanos(LockSupport.java:252)
        at java.base@17.0.12/java.util.concurrent.locks.AbstractQueuedSynchronizer$ConditionObject.awaitNanos(AbstractQueuedSynchronizer.java:1674)
        at java.base@17.0.12/java.util.concurrent.LinkedBlockingQueue.poll(LinkedBlockingQueue.java:460)
        at app//org.apache.hadoop.ipc.CallQueueManager.take(CallQueueManager.java:317)
        at app//org.apache.hadoop.ipc.Server$Handler.run(Server.java:3014)
"IPC Server handler 4 on default port 15037" daemon prio=5 tid=648 timed_waiting
java.lang.Thread.State: TIMED_WAITING
        at java.base@17.0.12/jdk.internal.misc.Unsafe.park(Native Method)
        at java.base@17.0.12/java.util.concurrent.locks.LockSupport.parkNanos(LockSupport.java:252)
        at java.base@17.0.12/java.util.concurrent.locks.AbstractQueuedSynchronizer$ConditionObject.awaitNanos(AbstractQueuedSynchronizer.java:1674)
        at java.base@17.0.12/java.util.concurrent.LinkedBlockingQueue.poll(LinkedBlockingQueue.java:460)
        at app//org.apache.hadoop.ipc.CallQueueManager.take(CallQueueManager.java:317)
        at app//org.apache.hadoop.ipc.Server$Handler.run(Server.java:3014)
"qtp1540025307-671" daemon prio=5 tid=671 timed_waiting
java.lang.Thread.State: TIMED_WAITING
        at java.base@17.0.12/jdk.internal.misc.Unsafe.park(Native Method)
        at java.base@17.0.12/java.util.concurrent.locks.LockSupport.parkNanos(LockSupport.java:252)
        at java.base@17.0.12/java.util.concurrent.locks.AbstractQueuedSynchronizer$ConditionObject.awaitNanos(AbstractQueuedSynchronizer.java:1674)
        at app//org.eclipse.jetty.util.BlockingArrayQueue.poll(BlockingArrayQueue.java:382)
        at app//org.eclipse.jetty.util.thread.QueuedThreadPool$Runner.idleJobPoll(QueuedThreadPool.java:974)
        at app//org.eclipse.jetty.util.thread.QueuedThreadPool$Runner.run(QueuedThreadPool.java:1018)
        at java.base@17.0.12/java.lang.Thread.run(Thread.java:840)
"surefire-forkedjvm-ping-30s" daemon prio=5 tid=15 timed_waiting
java.lang.Thread.State: TIMED_WAITING
        at java.base@17.0.12/jdk.internal.misc.Unsafe.park(Native Method)
        at java.base@17.0.12/java.util.concurrent.locks.LockSupport.parkNanos(LockSupport.java:252)
        at java.base@17.0.12/java.util.concurrent.locks.AbstractQueuedSynchronizer$ConditionObject.awaitNanos(AbstractQueuedSynchronizer.java:1674)
        at java.base@17.0.12/java.util.concurrent.ScheduledThreadPoolExecutor$DelayedWorkQueue.take(ScheduledThreadPoolExecutor.java:1182)
        at java.base@17.0.12/java.util.concurrent.ScheduledThreadPoolExecutor$DelayedWorkQueue.take(ScheduledThreadPoolExecutor.java:899)
        at java.base@17.0.12/java.util.concurrent.ThreadPoolExecutor.getTask(ThreadPoolExecutor.java:1062)
        at java.base@17.0.12/java.util.concurrent.ThreadPoolExecutor.runWorker(ThreadPoolExecutor.java:1122)
        at java.base@17.0.12/java.util.concurrent.ThreadPoolExecutor$Worker.run(ThreadPoolExecutor.java:635)
        at java.base@17.0.12/java.lang.Thread.run(Thread.java:840)
"IPC Server handler 92 on default port 15002" daemon prio=5 tid=378 timed_waiting
java.lang.Thread.State: TIMED_WAITING
        at java.base@17.0.12/jdk.internal.misc.Unsafe.park(Native Method)
        at java.base@17.0.12/java.util.concurrent.locks.LockSupport.parkNanos(LockSupport.java:252)
        at java.base@17.0.12/java.util.concurrent.locks.AbstractQueuedSynchronizer$ConditionObject.awaitNanos(AbstractQueuedSynchronizer.java:1674)
        at java.base@17.0.12/java.util.concurrent.LinkedBlockingQueue.poll(LinkedBlockingQueue.java:460)
        at app//org.apache.hadoop.ipc.CallQueueManager.take(CallQueueManager.java:317)
        at app//org.apache.hadoop.ipc.Server$Handler.run(Server.java:3014)
"Socket Reader #9 for port 15028"  prio=5 tid=593 runnable
java.lang.Thread.State: RUNNABLE
        at java.base@17.0.12/sun.nio.ch.EPoll.wait(Native Method)
        at java.base@17.0.12/sun.nio.ch.EPollSelectorImpl.doSelect(EPollSelectorImpl.java:118)
        at java.base@17.0.12/sun.nio.ch.SelectorImpl.lockAndDoSelect(SelectorImpl.java:129)
        at java.base@17.0.12/sun.nio.ch.SelectorImpl.select(SelectorImpl.java:146)
        at app//org.apache.hadoop.ipc.Server$Listener$Reader.doRunLoop(Server.java:1346)
        at app//org.apache.hadoop.ipc.Server$Listener$Reader.run(Server.java:1325)
"IPC Server handler 66 on default port 15001" daemon prio=5 tid=252 timed_waiting
java.lang.Thread.State: TIMED_WAITING
        at java.base@17.0.12/jdk.internal.misc.Unsafe.park(Native Method)
        at java.base@17.0.12/java.util.concurrent.locks.LockSupport.parkNanos(LockSupport.java:252)
        at java.base@17.0.12/java.util.concurrent.locks.AbstractQueuedSynchronizer$ConditionObject.awaitNanos(AbstractQueuedSynchronizer.java:1674)
        at java.base@17.0.12/java.util.concurrent.LinkedBlockingQueue.poll(LinkedBlockingQueue.java:460)
        at app//org.apache.hadoop.ipc.CallQueueManager.take(CallQueueManager.java:317)
        at app//org.apache.hadoop.ipc.Server$Handler.run(Server.java:3014)
"d758e0a9-c5a1-4fd4-978f-3629e4af057b-RocksDBCompactionThread-0"  prio=5 tid=524 timed_waiting
java.lang.Thread.State: TIMED_WAITING
        at java.base@17.0.12/jdk.internal.misc.Unsafe.park(Native Method)
        at java.base@17.0.12/java.util.concurrent.locks.LockSupport.parkNanos(LockSupport.java:252)
        at java.base@17.0.12/java.util.concurrent.locks.AbstractQueuedSynchronizer$ConditionObject.awaitNanos(AbstractQueuedSynchronizer.java:1674)
        at java.base@17.0.12/java.util.concurrent.ScheduledThreadPoolExecutor$DelayedWorkQueue.take(ScheduledThreadPoolExecutor.java:1182)
        at java.base@17.0.12/java.util.concurrent.ScheduledThreadPoolExecutor$DelayedWorkQueue.take(ScheduledThreadPoolExecutor.java:899)
        at java.base@17.0.12/java.util.concurrent.ThreadPoolExecutor.getTask(ThreadPoolExecutor.java:1062)
        at java.base@17.0.12/java.util.concurrent.ThreadPoolExecutor.runWorker(ThreadPoolExecutor.java:1122)
        at java.base@17.0.12/java.util.concurrent.ThreadPoolExecutor$Worker.run(ThreadPoolExecutor.java:635)
        at java.base@17.0.12/java.lang.Thread.run(Thread.java:840)
"IPC Server listener on 15046" daemon prio=5 tid=676 runnable
java.lang.Thread.State: RUNNABLE
        at java.base@17.0.12/sun.nio.ch.EPoll.wait(Native Method)
        at java.base@17.0.12/sun.nio.ch.EPollSelectorImpl.doSelect(EPollSelectorImpl.java:118)
        at java.base@17.0.12/sun.nio.ch.SelectorImpl.lockAndDoSelect(SelectorImpl.java:129)
        at java.base@17.0.12/sun.nio.ch.SelectorImpl.select(SelectorImpl.java:146)
        at app//org.apache.hadoop.ipc.Server$Listener.run(Server.java:1408)
"Socket Reader #9 for port 15001"  prio=5 tid=56 runnable
java.lang.Thread.State: RUNNABLE
        at java.base@17.0.12/sun.nio.ch.EPoll.wait(Native Method)
        at java.base@17.0.12/sun.nio.ch.EPollSelectorImpl.doSelect(EPollSelectorImpl.java:118)
        at java.base@17.0.12/sun.nio.ch.SelectorImpl.lockAndDoSelect(SelectorImpl.java:129)
        at java.base@17.0.12/sun.nio.ch.SelectorImpl.select(SelectorImpl.java:146)
        at app//org.apache.hadoop.ipc.Server$Listener$Reader.doRunLoop(Server.java:1346)
        at app//org.apache.hadoop.ipc.Server$Listener$Reader.run(Server.java:1325)
"IPC Server handler 1 on default port 15046" daemon prio=5 tid=691 timed_waiting
java.lang.Thread.State: TIMED_WAITING
        at java.base@17.0.12/jdk.internal.misc.Unsafe.park(Native Method)
        at java.base@17.0.12/java.util.concurrent.locks.LockSupport.parkNanos(LockSupport.java:252)
        at java.base@17.0.12/java.util.concurrent.locks.AbstractQueuedSynchronizer$ConditionObject.awaitNanos(AbstractQueuedSynchronizer.java:1674)
        at java.base@17.0.12/java.util.concurrent.LinkedBlockingQueue.poll(LinkedBlockingQueue.java:460)
        at app//org.apache.hadoop.ipc.CallQueueManager.take(CallQueueManager.java:317)
        at app//org.apache.hadoop.ipc.Server$Handler.run(Server.java:3014)
"IPC Server handler 5 on default port 15001" daemon prio=5 tid=191 timed_waiting
java.lang.Thread.State: TIMED_WAITING
        at java.base@17.0.12/jdk.internal.misc.Unsafe.park(Native Method)
        at java.base@17.0.12/java.util.concurrent.locks.LockSupport.parkNanos(LockSupport.java:252)
        at java.base@17.0.12/java.util.concurrent.locks.AbstractQueuedSynchronizer$ConditionObject.awaitNanos(AbstractQueuedSynchronizer.java:1674)
        at java.base@17.0.12/java.util.concurrent.LinkedBlockingQueue.poll(LinkedBlockingQueue.java:460)
        at app//org.apache.hadoop.ipc.CallQueueManager.take(CallQueueManager.java:317)
        at app//org.apache.hadoop.ipc.Server$Handler.run(Server.java:3014)
"IPC Server handler 0 on default port 15001" daemon prio=5 tid=186 timed_waiting
java.lang.Thread.State: TIMED_WAITING
        at java.base@17.0.12/jdk.internal.misc.Unsafe.park(Native Method)
        at java.base@17.0.12/java.util.concurrent.locks.LockSupport.parkNanos(LockSupport.java:252)
        at java.base@17.0.12/java.util.concurrent.locks.AbstractQueuedSynchronizer$ConditionObject.awaitNanos(AbstractQueuedSynchronizer.java:1674)
        at java.base@17.0.12/java.util.concurrent.LinkedBlockingQueue.poll(LinkedBlockingQueue.java:460)
        at app//org.apache.hadoop.ipc.CallQueueManager.take(CallQueueManager.java:317)
        at app//org.apache.hadoop.ipc.Server$Handler.run(Server.java:3014)
"IPC Server handler 12 on default port 15004" daemon prio=5 tid=465 timed_waiting
java.lang.Thread.State: TIMED_WAITING
        at java.base@17.0.12/jdk.internal.misc.Unsafe.park(Native Method)
        at java.base@17.0.12/java.util.concurrent.locks.LockSupport.parkNanos(LockSupport.java:252)
        at java.base@17.0.12/java.util.concurrent.locks.AbstractQueuedSynchronizer$ConditionObject.awaitNanos(AbstractQueuedSynchronizer.java:1674)
        at java.base@17.0.12/java.util.concurrent.LinkedBlockingQueue.poll(LinkedBlockingQueue.java:460)
        at app//org.apache.hadoop.ipc.CallQueueManager.take(CallQueueManager.java:317)
        at app//org.apache.hadoop.ipc.Server$Handler.run(Server.java:3014)
"IPC Server handler 1 on default port 15037" daemon prio=5 tid=645 timed_waiting
java.lang.Thread.State: TIMED_WAITING
        at java.base@17.0.12/jdk.internal.misc.Unsafe.park(Native Method)
        at java.base@17.0.12/java.util.concurrent.locks.LockSupport.parkNanos(LockSupport.java:252)
        at java.base@17.0.12/java.util.concurrent.locks.AbstractQueuedSynchronizer$ConditionObject.awaitNanos(AbstractQueuedSynchronizer.java:1674)
        at java.base@17.0.12/java.util.concurrent.LinkedBlockingQueue.poll(LinkedBlockingQueue.java:460)
        at app//org.apache.hadoop.ipc.CallQueueManager.take(CallQueueManager.java:317)
        at app//org.apache.hadoop.ipc.Server$Handler.run(Server.java:3014)
"IPC Server handler 53 on default port 15002" daemon prio=5 tid=339 timed_waiting
java.lang.Thread.State: TIMED_WAITING
        at java.base@17.0.12/jdk.internal.misc.Unsafe.park(Native Method)
        at java.base@17.0.12/java.util.concurrent.locks.LockSupport.parkNanos(LockSupport.java:252)
        at java.base@17.0.12/java.util.concurrent.locks.AbstractQueuedSynchronizer$ConditionObject.awaitNanos(AbstractQueuedSynchronizer.java:1674)
        at java.base@17.0.12/java.util.concurrent.LinkedBlockingQueue.poll(LinkedBlockingQueue.java:460)
        at app//org.apache.hadoop.ipc.CallQueueManager.take(CallQueueManager.java:317)
        at app//org.apache.hadoop.ipc.Server$Handler.run(Server.java:3014)
"IPC Server handler 20 on default port 15000" daemon prio=5 tid=106 timed_waiting
java.lang.Thread.State: TIMED_WAITING
        at java.base@17.0.12/jdk.internal.misc.Unsafe.park(Native Method)
        at java.base@17.0.12/java.util.concurrent.locks.LockSupport.parkNanos(LockSupport.java:252)
        at java.base@17.0.12/java.util.concurrent.locks.AbstractQueuedSynchronizer$ConditionObject.awaitNanos(AbstractQueuedSynchronizer.java:1674)
        at java.base@17.0.12/java.util.concurrent.LinkedBlockingQueue.poll(LinkedBlockingQueue.java:460)
        at app//org.apache.hadoop.ipc.CallQueueManager.take(CallQueueManager.java:317)
        at app//org.apache.hadoop.ipc.Server$Handler.run(Server.java:3014)
"IPC Server handler 62 on default port 15001" daemon prio=5 tid=248 timed_waiting
java.lang.Thread.State: TIMED_WAITING
        at java.base@17.0.12/jdk.internal.misc.Unsafe.park(Native Method)
        at java.base@17.0.12/java.util.concurrent.locks.LockSupport.parkNanos(LockSupport.java:252)
        at java.base@17.0.12/java.util.concurrent.locks.AbstractQueuedSynchronizer$ConditionObject.awaitNanos(AbstractQueuedSynchronizer.java:1674)
        at java.base@17.0.12/java.util.concurrent.LinkedBlockingQueue.poll(LinkedBlockingQueue.java:460)
        at app//org.apache.hadoop.ipc.CallQueueManager.take(CallQueueManager.java:317)
        at app//org.apache.hadoop.ipc.Server$Handler.run(Server.java:3014)
"IPC Server handler 64 on default port 15001" daemon prio=5 tid=250 timed_waiting
java.lang.Thread.State: TIMED_WAITING
        at java.base@17.0.12/jdk.internal.misc.Unsafe.park(Native Method)
        at java.base@17.0.12/java.util.concurrent.locks.LockSupport.parkNanos(LockSupport.java:252)
        at java.base@17.0.12/java.util.concurrent.locks.AbstractQueuedSynchronizer$ConditionObject.awaitNanos(AbstractQueuedSynchronizer.java:1674)
        at java.base@17.0.12/java.util.concurrent.LinkedBlockingQueue.poll(LinkedBlockingQueue.java:460)
        at app//org.apache.hadoop.ipc.CallQueueManager.take(CallQueueManager.java:317)
        at app//org.apache.hadoop.ipc.Server$Handler.run(Server.java:3014)
"IPC Server handler 8 on default port 15019" daemon prio=5 tid=560 timed_waiting
java.lang.Thread.State: TIMED_WAITING
        at java.base@17.0.12/jdk.internal.misc.Unsafe.park(Native Method)
        at java.base@17.0.12/java.util.concurrent.locks.LockSupport.parkNanos(LockSupport.java:252)
        at java.base@17.0.12/java.util.concurrent.locks.AbstractQueuedSynchronizer$ConditionObject.awaitNanos(AbstractQueuedSynchronizer.java:1674)
        at java.base@17.0.12/java.util.concurrent.LinkedBlockingQueue.poll(LinkedBlockingQueue.java:460)
        at app//org.apache.hadoop.ipc.CallQueueManager.take(CallQueueManager.java:317)
        at app//org.apache.hadoop.ipc.Server$Handler.run(Server.java:3014)
"IPC Server handler 51 on default port 15001" daemon prio=5 tid=237 timed_waiting
java.lang.Thread.State: TIMED_WAITING
        at java.base@17.0.12/jdk.internal.misc.Unsafe.park(Native Method)
        at java.base@17.0.12/java.util.concurrent.locks.LockSupport.parkNanos(LockSupport.java:252)
        at java.base@17.0.12/java.util.concurrent.locks.AbstractQueuedSynchronizer$ConditionObject.awaitNanos(AbstractQueuedSynchronizer.java:1674)
        at java.base@17.0.12/java.util.concurrent.LinkedBlockingQueue.poll(LinkedBlockingQueue.java:460)
        at app//org.apache.hadoop.ipc.CallQueueManager.take(CallQueueManager.java:317)
        at app//org.apache.hadoop.ipc.Server$Handler.run(Server.java:3014)
"Socket Reader #5 for port 15019"  prio=5 tid=543 runnable
java.lang.Thread.State: RUNNABLE
        at java.base@17.0.12/sun.nio.ch.EPoll.wait(Native Method)
        at java.base@17.0.12/sun.nio.ch.EPollSelectorImpl.doSelect(EPollSelectorImpl.java:118)
        at java.base@17.0.12/sun.nio.ch.SelectorImpl.lockAndDoSelect(SelectorImpl.java:129)
        at java.base@17.0.12/sun.nio.ch.SelectorImpl.select(SelectorImpl.java:146)
        at app//org.apache.hadoop.ipc.Server$Listener$Reader.doRunLoop(Server.java:1346)
        at app//org.apache.hadoop.ipc.Server$Listener$Reader.run(Server.java:1325)
"18c2a24f-8a03-4916-b50c-e7c6140a9b01-DatanodeReportManager-2" daemon prio=5 tid=703 in Object.wait()
java.lang.Thread.State: WAITING (on object monitor)
        at java.base@17.0.12/jdk.internal.misc.Unsafe.park(Native Method)
        at java.base@17.0.12/java.util.concurrent.locks.LockSupport.park(LockSupport.java:341)
        at java.base@17.0.12/java.util.concurrent.locks.AbstractQueuedSynchronizer$ConditionNode.block(AbstractQueuedSynchronizer.java:506)
        at java.base@17.0.12/java.util.concurrent.ForkJoinPool.unmanagedBlock(ForkJoinPool.java:3465)
        at java.base@17.0.12/java.util.concurrent.ForkJoinPool.managedBlock(ForkJoinPool.java:3436)
        at java.base@17.0.12/java.util.concurrent.locks.AbstractQueuedSynchronizer$ConditionObject.await(AbstractQueuedSynchronizer.java:1625)
        at java.base@17.0.12/java.util.concurrent.ScheduledThreadPoolExecutor$DelayedWorkQueue.take(ScheduledThreadPoolExecutor.java:1177)
        at java.base@17.0.12/java.util.concurrent.ScheduledThreadPoolExecutor$DelayedWorkQueue.take(ScheduledThreadPoolExecutor.java:899)
        at java.base@17.0.12/java.util.concurrent.ThreadPoolExecutor.getTask(ThreadPoolExecutor.java:1062)
        at java.base@17.0.12/java.util.concurrent.ThreadPoolExecutor.runWorker(ThreadPoolExecutor.java:1122)
        at java.base@17.0.12/java.util.concurrent.ThreadPoolExecutor$Worker.run(ThreadPoolExecutor.java:635)
        at java.base@17.0.12/java.lang.Thread.run(Thread.java:840)
"9d1f9f5c-07b4-413f-b8b0-69aa045119d7-PeriodicHDDSVolumeChecker" daemon prio=5 tid=748 timed_waiting
java.lang.Thread.State: TIMED_WAITING
        at java.base@17.0.12/jdk.internal.misc.Unsafe.park(Native Method)
        at java.base@17.0.12/java.util.concurrent.locks.LockSupport.parkNanos(LockSupport.java:252)
        at java.base@17.0.12/java.util.concurrent.locks.AbstractQueuedSynchronizer$ConditionObject.awaitNanos(AbstractQueuedSynchronizer.java:1674)
        at java.base@17.0.12/java.util.concurrent.ScheduledThreadPoolExecutor$DelayedWorkQueue.take(ScheduledThreadPoolExecutor.java:1182)
        at java.base@17.0.12/java.util.concurrent.ScheduledThreadPoolExecutor$DelayedWorkQueue.take(ScheduledThreadPoolExecutor.java:899)
        at java.base@17.0.12/java.util.concurrent.ThreadPoolExecutor.getTask(ThreadPoolExecutor.java:1062)
        at java.base@17.0.12/java.util.concurrent.ThreadPoolExecutor.runWorker(ThreadPoolExecutor.java:1122)
        at java.base@17.0.12/java.util.concurrent.ThreadPoolExecutor$Worker.run(ThreadPoolExecutor.java:635)
        at java.base@17.0.12/java.lang.Thread.run(Thread.java:840)
"IPC Server handler 86 on default port 15002" daemon prio=5 tid=372 timed_waiting
java.lang.Thread.State: TIMED_WAITING
        at java.base@17.0.12/jdk.internal.misc.Unsafe.park(Native Method)
        at java.base@17.0.12/java.util.concurrent.locks.LockSupport.parkNanos(LockSupport.java:252)
        at java.base@17.0.12/java.util.concurrent.locks.AbstractQueuedSynchronizer$ConditionObject.awaitNanos(AbstractQueuedSynchronizer.java:1674)
        at java.base@17.0.12/java.util.concurrent.LinkedBlockingQueue.poll(LinkedBlockingQueue.java:460)
        at app//org.apache.hadoop.ipc.CallQueueManager.take(CallQueueManager.java:317)
        at app//org.apache.hadoop.ipc.Server$Handler.run(Server.java:3014)
"IPC Server handler 3 on default port 15001" daemon prio=5 tid=189 timed_waiting
java.lang.Thread.State: TIMED_WAITING
        at java.base@17.0.12/jdk.internal.misc.Unsafe.park(Native Method)
        at java.base@17.0.12/java.util.concurrent.locks.LockSupport.parkNanos(LockSupport.java:252)
        at java.base@17.0.12/java.util.concurrent.locks.AbstractQueuedSynchronizer$ConditionObject.awaitNanos(AbstractQueuedSynchronizer.java:1674)
        at java.base@17.0.12/java.util.concurrent.LinkedBlockingQueue.poll(LinkedBlockingQueue.java:460)
        at app//org.apache.hadoop.ipc.CallQueueManager.take(CallQueueManager.java:317)
        at app//org.apache.hadoop.ipc.Server$Handler.run(Server.java:3014)
"ContainerMetadataScanner" daemon prio=5 tid=751 timed_waiting
java.lang.Thread.State: TIMED_WAITING
        at java.base@17.0.12/java.lang.Thread.sleep(Native Method)
        at app//org.apache.hadoop.ozone.container.ozoneimpl.AbstractBackgroundContainerScanner.handleRemainingSleep(AbstractBackgroundContainerScanner.java:131)
        at app//org.apache.hadoop.ozone.container.ozoneimpl.AbstractBackgroundContainerScanner.runIteration(AbstractBackgroundContainerScanner.java:98)
        at app//org.apache.hadoop.ozone.container.ozoneimpl.AbstractBackgroundContainerScanner.run(AbstractBackgroundContainerScanner.java:57)
"IPC Parameter Sending Thread for 0.0.0.0/0.0.0.0:15000" daemon prio=5 tid=955 timed_waiting
java.lang.Thread.State: TIMED_WAITING
        at java.base@17.0.12/jdk.internal.misc.Unsafe.park(Native Method)
        at java.base@17.0.12/java.util.concurrent.locks.LockSupport.parkNanos(LockSupport.java:252)
        at java.base@17.0.12/java.util.concurrent.SynchronousQueue$TransferQueue.transfer(SynchronousQueue.java:704)
        at java.base@17.0.12/java.util.concurrent.SynchronousQueue.poll(SynchronousQueue.java:903)
        at app//org.apache.hadoop.ipc.Client$Connection$RpcRequestSender.run(Client.java:1105)
        at java.base@17.0.12/java.lang.Thread.run(Thread.java:840)
"IPC Server handler 23 on default port 15001" daemon prio=5 tid=209 timed_waiting
java.lang.Thread.State: TIMED_WAITING
        at java.base@17.0.12/jdk.internal.misc.Unsafe.park(Native Method)
        at java.base@17.0.12/java.util.concurrent.locks.LockSupport.parkNanos(LockSupport.java:252)
        at java.base@17.0.12/java.util.concurrent.locks.AbstractQueuedSynchronizer$ConditionObject.awaitNanos(AbstractQueuedSynchronizer.java:1674)
        at java.base@17.0.12/java.util.concurrent.LinkedBlockingQueue.poll(LinkedBlockingQueue.java:460)
        at app//org.apache.hadoop.ipc.CallQueueManager.take(CallQueueManager.java:317)
        at app//org.apache.hadoop.ipc.Server$Handler.run(Server.java:3014)
"StaleRecoveringContainerScrubbingService#1" daemon prio=5 tid=780 in Object.wait()
java.lang.Thread.State: WAITING (on object monitor)
        at java.base@17.0.12/jdk.internal.misc.Unsafe.park(Native Method)
        at java.base@17.0.12/java.util.concurrent.locks.LockSupport.park(LockSupport.java:341)
        at java.base@17.0.12/java.util.concurrent.locks.AbstractQueuedSynchronizer$ConditionNode.block(AbstractQueuedSynchronizer.java:506)
        at java.base@17.0.12/java.util.concurrent.ForkJoinPool.unmanagedBlock(ForkJoinPool.java:3465)
        at java.base@17.0.12/java.util.concurrent.ForkJoinPool.managedBlock(ForkJoinPool.java:3436)
        at java.base@17.0.12/java.util.concurrent.locks.AbstractQueuedSynchronizer$ConditionObject.await(AbstractQueuedSynchronizer.java:1625)
        at java.base@17.0.12/java.util.concurrent.ScheduledThreadPoolExecutor$DelayedWorkQueue.take(ScheduledThreadPoolExecutor.java:1177)
        at java.base@17.0.12/java.util.concurrent.ScheduledThreadPoolExecutor$DelayedWorkQueue.take(ScheduledThreadPoolExecutor.java:899)
        at java.base@17.0.12/java.util.concurrent.ThreadPoolExecutor.getTask(ThreadPoolExecutor.java:1062)
        at java.base@17.0.12/java.util.concurrent.ThreadPoolExecutor.runWorker(ThreadPoolExecutor.java:1122)
        at java.base@17.0.12/java.util.concurrent.ThreadPoolExecutor$Worker.run(ThreadPoolExecutor.java:635)
        at java.base@17.0.12/java.lang.Thread.run(Thread.java:840)
"IPC Server handler 76 on default port 15002" daemon prio=5 tid=362 timed_waiting
java.lang.Thread.State: TIMED_WAITING
        at java.base@17.0.12/jdk.internal.misc.Unsafe.park(Native Method)
        at java.base@17.0.12/java.util.concurrent.locks.LockSupport.parkNanos(LockSupport.java:252)
        at java.base@17.0.12/java.util.concurrent.locks.AbstractQueuedSynchronizer$ConditionObject.awaitNanos(AbstractQueuedSynchronizer.java:1674)
        at java.base@17.0.12/java.util.concurrent.LinkedBlockingQueue.poll(LinkedBlockingQueue.java:460)
        at app//org.apache.hadoop.ipc.CallQueueManager.take(CallQueueManager.java:317)
        at app//org.apache.hadoop.ipc.Server$Handler.run(Server.java:3014)
"IPC Server handler 17 on default port 15000" daemon prio=5 tid=103 timed_waiting
java.lang.Thread.State: TIMED_WAITING
        at java.base@17.0.12/jdk.internal.misc.Unsafe.park(Native Method)
        at java.base@17.0.12/java.util.concurrent.locks.LockSupport.parkNanos(LockSupport.java:252)
        at java.base@17.0.12/java.util.concurrent.locks.AbstractQueuedSynchronizer$ConditionObject.awaitNanos(AbstractQueuedSynchronizer.java:1674)
        at java.base@17.0.12/java.util.concurrent.LinkedBlockingQueue.poll(LinkedBlockingQueue.java:460)
        at app//org.apache.hadoop.ipc.CallQueueManager.take(CallQueueManager.java:317)
        at app//org.apache.hadoop.ipc.Server$Handler.run(Server.java:3014)
"EventQueue-DatanodeCommandForSCMNodeManager"  prio=5 tid=804 in Object.wait()
java.lang.Thread.State: WAITING (on object monitor)
        at java.base@17.0.12/jdk.internal.misc.Unsafe.park(Native Method)
        at java.base@17.0.12/java.util.concurrent.locks.LockSupport.park(LockSupport.java:341)
        at java.base@17.0.12/java.util.concurrent.locks.AbstractQueuedSynchronizer$ConditionNode.block(AbstractQueuedSynchronizer.java:506)
        at java.base@17.0.12/java.util.concurrent.ForkJoinPool.unmanagedBlock(ForkJoinPool.java:3465)
        at java.base@17.0.12/java.util.concurrent.ForkJoinPool.managedBlock(ForkJoinPool.java:3436)
        at java.base@17.0.12/java.util.concurrent.locks.AbstractQueuedSynchronizer$ConditionObject.await(AbstractQueuedSynchronizer.java:1625)
        at java.base@17.0.12/java.util.concurrent.LinkedBlockingQueue.take(LinkedBlockingQueue.java:435)
        at java.base@17.0.12/java.util.concurrent.ThreadPoolExecutor.getTask(ThreadPoolExecutor.java:1062)
        at java.base@17.0.12/java.util.concurrent.ThreadPoolExecutor.runWorker(ThreadPoolExecutor.java:1122)
        at java.base@17.0.12/java.util.concurrent.ThreadPoolExecutor$Worker.run(ThreadPoolExecutor.java:635)
        at java.base@17.0.12/java.lang.Thread.run(Thread.java:840)
"f3028915-7dd4-47fe-983a-636a8839ab96-DatanodeReportManager-1" daemon prio=5 tid=656 timed_waiting
java.lang.Thread.State: TIMED_WAITING
        at java.base@17.0.12/jdk.internal.misc.Unsafe.park(Native Method)
        at java.base@17.0.12/java.util.concurrent.locks.LockSupport.parkNanos(LockSupport.java:252)
        at java.base@17.0.12/java.util.concurrent.locks.AbstractQueuedSynchronizer$ConditionObject.awaitNanos(AbstractQueuedSynchronizer.java:1674)
        at java.base@17.0.12/java.util.concurrent.ScheduledThreadPoolExecutor$DelayedWorkQueue.take(ScheduledThreadPoolExecutor.java:1182)
        at java.base@17.0.12/java.util.concurrent.ScheduledThreadPoolExecutor$DelayedWorkQueue.take(ScheduledThreadPoolExecutor.java:899)
        at java.base@17.0.12/java.util.concurrent.ThreadPoolExecutor.getTask(ThreadPoolExecutor.java:1062)
        at java.base@17.0.12/java.util.concurrent.ThreadPoolExecutor.runWorker(ThreadPoolExecutor.java:1122)
        at java.base@17.0.12/java.util.concurrent.ThreadPoolExecutor$Worker.run(ThreadPoolExecutor.java:635)
        at java.base@17.0.12/java.lang.Thread.run(Thread.java:840)
"IPC Server handler 72 on default port 15002" daemon prio=5 tid=358 timed_waiting
java.lang.Thread.State: TIMED_WAITING
        at java.base@17.0.12/jdk.internal.misc.Unsafe.park(Native Method)
        at java.base@17.0.12/java.util.concurrent.locks.LockSupport.parkNanos(LockSupport.java:252)
        at java.base@17.0.12/java.util.concurrent.locks.AbstractQueuedSynchronizer$ConditionObject.awaitNanos(AbstractQueuedSynchronizer.java:1674)
        at java.base@17.0.12/java.util.concurrent.LinkedBlockingQueue.poll(LinkedBlockingQueue.java:460)
        at app//org.apache.hadoop.ipc.CallQueueManager.take(CallQueueManager.java:317)
        at app//org.apache.hadoop.ipc.Server$Handler.run(Server.java:3014)
"timer2" daemon prio=5 tid=929 timed_waiting
java.lang.Thread.State: TIMED_WAITING
        at java.base@17.0.12/java.lang.Object.wait(Native Method)
        at java.base@17.0.12/java.util.TimerThread.mainLoop(Timer.java:563)
        at java.base@17.0.12/java.util.TimerThread.run(Timer.java:516)
"IPC Server handler 46 on default port 15002" daemon prio=5 tid=332 timed_waiting
java.lang.Thread.State: TIMED_WAITING
        at java.base@17.0.12/jdk.internal.misc.Unsafe.park(Native Method)
        at java.base@17.0.12/java.util.concurrent.locks.LockSupport.parkNanos(LockSupport.java:252)
        at java.base@17.0.12/java.util.concurrent.locks.AbstractQueuedSynchronizer$ConditionObject.awaitNanos(AbstractQueuedSynchronizer.java:1674)
        at java.base@17.0.12/java.util.concurrent.LinkedBlockingQueue.poll(LinkedBlockingQueue.java:460)
        at app//org.apache.hadoop.ipc.CallQueueManager.take(CallQueueManager.java:317)
        at app//org.apache.hadoop.ipc.Server$Handler.run(Server.java:3014)
"pool-130-thread-1"  prio=5 tid=574 timed_waiting
java.lang.Thread.State: TIMED_WAITING
        at java.base@17.0.12/jdk.internal.misc.Unsafe.park(Native Method)
        at java.base@17.0.12/java.util.concurrent.locks.LockSupport.parkNanos(LockSupport.java:252)
        at java.base@17.0.12/java.util.concurrent.locks.AbstractQueuedSynchronizer$ConditionObject.awaitNanos(AbstractQueuedSynchronizer.java:1674)
        at java.base@17.0.12/java.util.concurrent.ScheduledThreadPoolExecutor$DelayedWorkQueue.take(ScheduledThreadPoolExecutor.java:1182)
        at java.base@17.0.12/java.util.concurrent.ScheduledThreadPoolExecutor$DelayedWorkQueue.take(ScheduledThreadPoolExecutor.java:899)
        at java.base@17.0.12/java.util.concurrent.ThreadPoolExecutor.getTask(ThreadPoolExecutor.java:1062)
        at java.base@17.0.12/java.util.concurrent.ThreadPoolExecutor.runWorker(ThreadPoolExecutor.java:1122)
        at java.base@17.0.12/java.util.concurrent.ThreadPoolExecutor$Worker.run(ThreadPoolExecutor.java:635)
        at java.base@17.0.12/java.lang.Thread.run(Thread.java:840)
"Hadoop-Metrics-Updater-0" daemon prio=5 tid=60 timed_waiting
java.lang.Thread.State: TIMED_WAITING
        at java.base@17.0.12/jdk.internal.misc.Unsafe.park(Native Method)
        at java.base@17.0.12/java.util.concurrent.locks.LockSupport.parkNanos(LockSupport.java:252)
        at java.base@17.0.12/java.util.concurrent.locks.AbstractQueuedSynchronizer$ConditionObject.awaitNanos(AbstractQueuedSynchronizer.java:1674)
        at java.base@17.0.12/java.util.concurrent.ScheduledThreadPoolExecutor$DelayedWorkQueue.take(ScheduledThreadPoolExecutor.java:1182)
        at java.base@17.0.12/java.util.concurrent.ScheduledThreadPoolExecutor$DelayedWorkQueue.take(ScheduledThreadPoolExecutor.java:899)
        at java.base@17.0.12/java.util.concurrent.ThreadPoolExecutor.getTask(ThreadPoolExecutor.java:1062)
        at java.base@17.0.12/java.util.concurrent.ThreadPoolExecutor.runWorker(ThreadPoolExecutor.java:1122)
        at java.base@17.0.12/java.util.concurrent.ThreadPoolExecutor$Worker.run(ThreadPoolExecutor.java:635)
        at java.base@17.0.12/java.lang.Thread.run(Thread.java:840)
"IPC Server handler 91 on default port 15000" daemon prio=5 tid=177 timed_waiting
java.lang.Thread.State: TIMED_WAITING
        at java.base@17.0.12/jdk.internal.misc.Unsafe.park(Native Method)
        at java.base@17.0.12/java.util.concurrent.locks.LockSupport.parkNanos(LockSupport.java:252)
        at java.base@17.0.12/java.util.concurrent.locks.AbstractQueuedSynchronizer$ConditionObject.awaitNanos(AbstractQueuedSynchronizer.java:1674)
        at java.base@17.0.12/java.util.concurrent.LinkedBlockingQueue.poll(LinkedBlockingQueue.java:460)
        at app//org.apache.hadoop.ipc.CallQueueManager.take(CallQueueManager.java:317)
        at app//org.apache.hadoop.ipc.Server$Handler.run(Server.java:3014)
"IPC Server handler 42 on default port 15000" daemon prio=5 tid=128 timed_waiting
java.lang.Thread.State: TIMED_WAITING
        at java.base@17.0.12/jdk.internal.misc.Unsafe.park(Native Method)
        at java.base@17.0.12/java.util.concurrent.locks.LockSupport.parkNanos(LockSupport.java:252)
        at java.base@17.0.12/java.util.concurrent.locks.AbstractQueuedSynchronizer$ConditionObject.awaitNanos(AbstractQueuedSynchronizer.java:1674)
        at java.base@17.0.12/java.util.concurrent.LinkedBlockingQueue.poll(LinkedBlockingQueue.java:460)
        at app//org.apache.hadoop.ipc.CallQueueManager.take(CallQueueManager.java:317)
        at app//org.apache.hadoop.ipc.Server$Handler.run(Server.java:3014)
"IPC Server handler 27 on default port 15001" daemon prio=5 tid=213 timed_waiting
java.lang.Thread.State: TIMED_WAITING
        at java.base@17.0.12/jdk.internal.misc.Unsafe.park(Native Method)
        at java.base@17.0.12/java.util.concurrent.locks.LockSupport.parkNanos(LockSupport.java:252)
        at java.base@17.0.12/java.util.concurrent.locks.AbstractQueuedSynchronizer$ConditionObject.awaitNanos(AbstractQueuedSynchronizer.java:1674)
        at java.base@17.0.12/java.util.concurrent.LinkedBlockingQueue.poll(LinkedBlockingQueue.java:460)
        at app//org.apache.hadoop.ipc.CallQueueManager.take(CallQueueManager.java:317)
        at app//org.apache.hadoop.ipc.Server$Handler.run(Server.java:3014)
"IPC Server handler 61 on default port 15002" daemon prio=5 tid=347 timed_waiting
java.lang.Thread.State: TIMED_WAITING
        at java.base@17.0.12/jdk.internal.misc.Unsafe.park(Native Method)
        at java.base@17.0.12/java.util.concurrent.locks.LockSupport.parkNanos(LockSupport.java:252)
        at java.base@17.0.12/java.util.concurrent.locks.AbstractQueuedSynchronizer$ConditionObject.awaitNanos(AbstractQueuedSynchronizer.java:1674)
        at java.base@17.0.12/java.util.concurrent.LinkedBlockingQueue.poll(LinkedBlockingQueue.java:460)
        at app//org.apache.hadoop.ipc.CallQueueManager.take(CallQueueManager.java:317)
        at app//org.apache.hadoop.ipc.Server$Handler.run(Server.java:3014)
"IPC Server handler 86 on default port 15000" daemon prio=5 tid=172 timed_waiting
java.lang.Thread.State: TIMED_WAITING
        at java.base@17.0.12/jdk.internal.misc.Unsafe.park(Native Method)
        at java.base@17.0.12/java.util.concurrent.locks.LockSupport.parkNanos(LockSupport.java:252)
        at java.base@17.0.12/java.util.concurrent.locks.AbstractQueuedSynchronizer$ConditionObject.awaitNanos(AbstractQueuedSynchronizer.java:1674)
        at java.base@17.0.12/java.util.concurrent.LinkedBlockingQueue.poll(LinkedBlockingQueue.java:460)
        at app//org.apache.hadoop.ipc.CallQueueManager.take(CallQueueManager.java:317)
        at app//org.apache.hadoop.ipc.Server$Handler.run(Server.java:3014)
"IPC Server handler 47 on default port 15000" daemon prio=5 tid=133 timed_waiting
java.lang.Thread.State: TIMED_WAITING
        at java.base@17.0.12/jdk.internal.misc.Unsafe.park(Native Method)
        at java.base@17.0.12/java.util.concurrent.locks.LockSupport.parkNanos(LockSupport.java:252)
        at java.base@17.0.12/java.util.concurrent.locks.AbstractQueuedSynchronizer$ConditionObject.awaitNanos(AbstractQueuedSynchronizer.java:1674)
        at java.base@17.0.12/java.util.concurrent.LinkedBlockingQueue.poll(LinkedBlockingQueue.java:460)
        at app//org.apache.hadoop.ipc.CallQueueManager.take(CallQueueManager.java:317)
        at app//org.apache.hadoop.ipc.Server$Handler.run(Server.java:3014)
"IPC Server handler 99 on default port 15001" daemon prio=5 tid=285 timed_waiting
java.lang.Thread.State: TIMED_WAITING
        at java.base@17.0.12/jdk.internal.misc.Unsafe.park(Native Method)
        at java.base@17.0.12/java.util.concurrent.locks.LockSupport.parkNanos(LockSupport.java:252)
        at java.base@17.0.12/java.util.concurrent.locks.AbstractQueuedSynchronizer$ConditionObject.awaitNanos(AbstractQueuedSynchronizer.java:1674)
        at java.base@17.0.12/java.util.concurrent.LinkedBlockingQueue.poll(LinkedBlockingQueue.java:460)
        at app//org.apache.hadoop.ipc.CallQueueManager.take(CallQueueManager.java:317)
        at app//org.apache.hadoop.ipc.Server$Handler.run(Server.java:3014)
"OverReplicatedProcessor" daemon prio=5 tid=31 timed_waiting
java.lang.Thread.State: TIMED_WAITING
        at java.base@17.0.12/java.lang.Object.wait(Native Method)
        at app//org.apache.hadoop.hdds.scm.container.replication.UnhealthyReplicationProcessor.run(UnhealthyReplicationProcessor.java:174)
        at java.base@17.0.12/java.lang.Thread.run(Thread.java:840)
"Socket Reader #7 for port 15000"  prio=5 tid=68 runnable
java.lang.Thread.State: RUNNABLE
        at java.base@17.0.12/sun.nio.ch.EPoll.wait(Native Method)
        at java.base@17.0.12/sun.nio.ch.EPollSelectorImpl.doSelect(EPollSelectorImpl.java:118)
        at java.base@17.0.12/sun.nio.ch.SelectorImpl.lockAndDoSelect(SelectorImpl.java:129)
        at java.base@17.0.12/sun.nio.ch.SelectorImpl.select(SelectorImpl.java:146)
        at app//org.apache.hadoop.ipc.Server$Listener$Reader.doRunLoop(Server.java:1346)
        at app//org.apache.hadoop.ipc.Server$Listener$Reader.run(Server.java:1325)
"IPC Server Responder" daemon prio=5 tid=45 runnable
java.lang.Thread.State: RUNNABLE
        at java.base@17.0.12/sun.nio.ch.EPoll.wait(Native Method)
        at java.base@17.0.12/sun.nio.ch.EPollSelectorImpl.doSelect(EPollSelectorImpl.java:118)
        at java.base@17.0.12/sun.nio.ch.SelectorImpl.lockAndDoSelect(SelectorImpl.java:129)
        at java.base@17.0.12/sun.nio.ch.SelectorImpl.select(SelectorImpl.java:141)
        at app//org.apache.hadoop.ipc.Server$Responder.doRunLoop(Server.java:1582)
        at app//org.apache.hadoop.ipc.Server$Responder.run(Server.java:1565)
"IPC Server handler 8 on default port 15002" daemon prio=5 tid=294 timed_waiting
java.lang.Thread.State: TIMED_WAITING
        at java.base@17.0.12/jdk.internal.misc.Unsafe.park(Native Method)
        at java.base@17.0.12/java.util.concurrent.locks.LockSupport.parkNanos(LockSupport.java:252)
        at java.base@17.0.12/java.util.concurrent.locks.AbstractQueuedSynchronizer$ConditionObject.awaitNanos(AbstractQueuedSynchronizer.java:1674)
        at java.base@17.0.12/java.util.concurrent.LinkedBlockingQueue.poll(LinkedBlockingQueue.java:460)
        at app//org.apache.hadoop.ipc.CallQueueManager.take(CallQueueManager.java:317)
        at app//org.apache.hadoop.ipc.Server$Handler.run(Server.java:3014)
"qtp576440022-628" daemon prio=5 tid=628 timed_waiting
java.lang.Thread.State: TIMED_WAITING
        at java.base@17.0.12/jdk.internal.misc.Unsafe.park(Native Method)
        at java.base@17.0.12/java.util.concurrent.locks.LockSupport.parkNanos(LockSupport.java:252)
        at java.base@17.0.12/java.util.concurrent.locks.AbstractQueuedSynchronizer$ConditionObject.awaitNanos(AbstractQueuedSynchronizer.java:1674)
        at app//org.eclipse.jetty.util.BlockingArrayQueue.poll(BlockingArrayQueue.java:382)
        at app//org.eclipse.jetty.util.thread.QueuedThreadPool$Runner.idleJobPoll(QueuedThreadPool.java:974)
        at app//org.eclipse.jetty.util.thread.QueuedThreadPool$Runner.run(QueuedThreadPool.java:1018)
        at java.base@17.0.12/java.lang.Thread.run(Thread.java:840)
"Socket Reader #3 for port 15046"  prio=5 tid=679 runnable
java.lang.Thread.State: RUNNABLE
        at java.base@17.0.12/sun.nio.ch.EPoll.wait(Native Method)
        at java.base@17.0.12/sun.nio.ch.EPollSelectorImpl.doSelect(EPollSelectorImpl.java:118)
        at java.base@17.0.12/sun.nio.ch.SelectorImpl.lockAndDoSelect(SelectorImpl.java:129)
        at java.base@17.0.12/sun.nio.ch.SelectorImpl.select(SelectorImpl.java:146)
        at app//org.apache.hadoop.ipc.Server$Listener$Reader.doRunLoop(Server.java:1346)
        at app//org.apache.hadoop.ipc.Server$Listener$Reader.run(Server.java:1325)
"IPC Server handler 5 on default port 15037" daemon prio=5 tid=649 timed_waiting
java.lang.Thread.State: TIMED_WAITING
        at java.base@17.0.12/jdk.internal.misc.Unsafe.park(Native Method)
        at java.base@17.0.12/java.util.concurrent.locks.LockSupport.parkNanos(LockSupport.java:252)
        at java.base@17.0.12/java.util.concurrent.locks.AbstractQueuedSynchronizer$ConditionObject.awaitNanos(AbstractQueuedSynchronizer.java:1674)
        at java.base@17.0.12/java.util.concurrent.LinkedBlockingQueue.poll(LinkedBlockingQueue.java:460)
        at app//org.apache.hadoop.ipc.CallQueueManager.take(CallQueueManager.java:317)
        at app//org.apache.hadoop.ipc.Server$Handler.run(Server.java:3014)
"Socket Reader #10 for port 15002"  prio=5 tid=43 runnable
java.lang.Thread.State: RUNNABLE
        at java.base@17.0.12/sun.nio.ch.EPoll.wait(Native Method)
        at java.base@17.0.12/sun.nio.ch.EPollSelectorImpl.doSelect(EPollSelectorImpl.java:118)
        at java.base@17.0.12/sun.nio.ch.SelectorImpl.lockAndDoSelect(SelectorImpl.java:129)
        at java.base@17.0.12/sun.nio.ch.SelectorImpl.select(SelectorImpl.java:146)
        at app//org.apache.hadoop.ipc.Server$Listener$Reader.doRunLoop(Server.java:1346)
        at app//org.apache.hadoop.ipc.Server$Listener$Reader.run(Server.java:1325)
"IPC Server handler 30 on default port 15001" daemon prio=5 tid=216 timed_waiting
java.lang.Thread.State: TIMED_WAITING
        at java.base@17.0.12/jdk.internal.misc.Unsafe.park(Native Method)
        at java.base@17.0.12/java.util.concurrent.locks.LockSupport.parkNanos(LockSupport.java:252)
        at java.base@17.0.12/java.util.concurrent.locks.AbstractQueuedSynchronizer$ConditionObject.awaitNanos(AbstractQueuedSynchronizer.java:1674)
        at java.base@17.0.12/java.util.concurrent.LinkedBlockingQueue.poll(LinkedBlockingQueue.java:460)
        at app//org.apache.hadoop.ipc.CallQueueManager.take(CallQueueManager.java:317)
        at app//org.apache.hadoop.ipc.Server$Handler.run(Server.java:3014)
"f3028915-7dd4-47fe-983a-636a8839ab96-CommandProcessorThread" daemon prio=5 tid=659 timed_waiting
java.lang.Thread.State: TIMED_WAITING
        at java.base@17.0.12/java.lang.Thread.sleep(Native Method)
        at app//org.apache.hadoop.ozone.container.common.statemachine.DatanodeStateMachine.lambda$initCommandHandlerThread$4(DatanodeStateMachine.java:671)
        at app//org.apache.hadoop.ozone.container.common.statemachine.DatanodeStateMachine$$Lambda$1417/0x00007fba249312f0.run(Unknown Source)
        at java.base@17.0.12/java.lang.Thread.run(Thread.java:840)
"IPC Server handler 0 on default port 15046" daemon prio=5 tid=690 timed_waiting
java.lang.Thread.State: TIMED_WAITING
        at java.base@17.0.12/jdk.internal.misc.Unsafe.park(Native Method)
        at java.base@17.0.12/java.util.concurrent.locks.LockSupport.parkNanos(LockSupport.java:252)
        at java.base@17.0.12/java.util.concurrent.locks.AbstractQueuedSynchronizer$ConditionObject.awaitNanos(AbstractQueuedSynchronizer.java:1674)
        at java.base@17.0.12/java.util.concurrent.LinkedBlockingQueue.poll(LinkedBlockingQueue.java:460)
        at app//org.apache.hadoop.ipc.CallQueueManager.take(CallQueueManager.java:317)
        at app//org.apache.hadoop.ipc.Server$Handler.run(Server.java:3014)
"IPC Server handler 88 on default port 15000" daemon prio=5 tid=174 timed_waiting
java.lang.Thread.State: TIMED_WAITING
        at java.base@17.0.12/jdk.internal.misc.Unsafe.park(Native Method)
        at java.base@17.0.12/java.util.concurrent.locks.LockSupport.parkNanos(LockSupport.java:252)
        at java.base@17.0.12/java.util.concurrent.locks.AbstractQueuedSynchronizer$ConditionObject.awaitNanos(AbstractQueuedSynchronizer.java:1674)
        at java.base@17.0.12/java.util.concurrent.LinkedBlockingQueue.poll(LinkedBlockingQueue.java:460)
        at app//org.apache.hadoop.ipc.CallQueueManager.take(CallQueueManager.java:317)
        at app//org.apache.hadoop.ipc.Server$Handler.run(Server.java:3014)
"om1-OpenKeyCleanupService#0" daemon prio=5 tid=438 timed_waiting
java.lang.Thread.State: TIMED_WAITING
        at java.base@17.0.12/jdk.internal.misc.Unsafe.park(Native Method)
        at java.base@17.0.12/java.util.concurrent.locks.LockSupport.parkNanos(LockSupport.java:252)
        at java.base@17.0.12/java.util.concurrent.locks.AbstractQueuedSynchronizer$ConditionObject.awaitNanos(AbstractQueuedSynchronizer.java:1674)
        at java.base@17.0.12/java.util.concurrent.ScheduledThreadPoolExecutor$DelayedWorkQueue.take(ScheduledThreadPoolExecutor.java:1182)
        at java.base@17.0.12/java.util.concurrent.ScheduledThreadPoolExecutor$DelayedWorkQueue.take(ScheduledThreadPoolExecutor.java:899)
        at java.base@17.0.12/java.util.concurrent.ThreadPoolExecutor.getTask(ThreadPoolExecutor.java:1062)
        at java.base@17.0.12/java.util.concurrent.ThreadPoolExecutor.runWorker(ThreadPoolExecutor.java:1122)
        at java.base@17.0.12/java.util.concurrent.ThreadPoolExecutor$Worker.run(ThreadPoolExecutor.java:635)
        at java.base@17.0.12/java.lang.Thread.run(Thread.java:840)
"IPC Server handler 14 on default port 15002" daemon prio=5 tid=300 timed_waiting
java.lang.Thread.State: TIMED_WAITING
        at java.base@17.0.12/jdk.internal.misc.Unsafe.park(Native Method)
        at java.base@17.0.12/java.util.concurrent.locks.LockSupport.parkNanos(LockSupport.java:252)
        at java.base@17.0.12/java.util.concurrent.locks.AbstractQueuedSynchronizer$ConditionObject.awaitNanos(AbstractQueuedSynchronizer.java:1674)
        at java.base@17.0.12/java.util.concurrent.LinkedBlockingQueue.poll(LinkedBlockingQueue.java:460)
        at app//org.apache.hadoop.ipc.CallQueueManager.take(CallQueueManager.java:317)
        at app//org.apache.hadoop.ipc.Server$Handler.run(Server.java:3014)
"f3028915-7dd4-47fe-983a-636a8839ab96-ChunkWriter-3-0" daemon prio=5 tid=774 in Object.wait()
java.lang.Thread.State: WAITING (on object monitor)
        at java.base@17.0.12/jdk.internal.misc.Unsafe.park(Native Method)
        at java.base@17.0.12/java.util.concurrent.locks.LockSupport.park(LockSupport.java:341)
        at java.base@17.0.12/java.util.concurrent.locks.AbstractQueuedSynchronizer$ConditionNode.block(AbstractQueuedSynchronizer.java:506)
        at java.base@17.0.12/java.util.concurrent.ForkJoinPool.unmanagedBlock(ForkJoinPool.java:3465)
        at java.base@17.0.12/java.util.concurrent.ForkJoinPool.managedBlock(ForkJoinPool.java:3436)
        at java.base@17.0.12/java.util.concurrent.locks.AbstractQueuedSynchronizer$ConditionObject.await(AbstractQueuedSynchronizer.java:1625)
        at java.base@17.0.12/java.util.concurrent.LinkedBlockingDeque.takeFirst(LinkedBlockingDeque.java:485)
        at java.base@17.0.12/java.util.concurrent.LinkedBlockingDeque.take(LinkedBlockingDeque.java:673)
        at java.base@17.0.12/java.util.concurrent.ThreadPoolExecutor.getTask(ThreadPoolExecutor.java:1062)
        at java.base@17.0.12/java.util.concurrent.ThreadPoolExecutor.runWorker(ThreadPoolExecutor.java:1122)
        at java.base@17.0.12/java.util.concurrent.ThreadPoolExecutor$Worker.run(ThreadPoolExecutor.java:635)
        at java.base@17.0.12/java.lang.Thread.run(Thread.java:840)
"IPC Server handler 58 on default port 15002" daemon prio=5 tid=344 timed_waiting
java.lang.Thread.State: TIMED_WAITING
        at java.base@17.0.12/jdk.internal.misc.Unsafe.park(Native Method)
        at java.base@17.0.12/java.util.concurrent.locks.LockSupport.parkNanos(LockSupport.java:252)
        at java.base@17.0.12/java.util.concurrent.locks.AbstractQueuedSynchronizer$ConditionObject.awaitNanos(AbstractQueuedSynchronizer.java:1674)
        at java.base@17.0.12/java.util.concurrent.LinkedBlockingQueue.poll(LinkedBlockingQueue.java:460)
        at app//org.apache.hadoop.ipc.CallQueueManager.take(CallQueueManager.java:317)
        at app//org.apache.hadoop.ipc.Server$Handler.run(Server.java:3014)
"Socket Reader #5 for port 15004"  prio=5 tid=416 runnable
java.lang.Thread.State: RUNNABLE
        at java.base@17.0.12/sun.nio.ch.EPoll.wait(Native Method)
        at java.base@17.0.12/sun.nio.ch.EPollSelectorImpl.doSelect(EPollSelectorImpl.java:118)
        at java.base@17.0.12/sun.nio.ch.SelectorImpl.lockAndDoSelect(SelectorImpl.java:129)
        at java.base@17.0.12/sun.nio.ch.SelectorImpl.select(SelectorImpl.java:146)
        at app//org.apache.hadoop.ipc.Server$Listener$Reader.doRunLoop(Server.java:1346)
        at app//org.apache.hadoop.ipc.Server$Listener$Reader.run(Server.java:1325)
"18c2a24f-8a03-4916-b50c-e7c6140a9b01@group-EB676058688B-SegmentedRaftLogWorker"  prio=5 tid=907 timed_waiting
java.lang.Thread.State: TIMED_WAITING
        at java.base@17.0.12/jdk.internal.misc.Unsafe.park(Native Method)
        at java.base@17.0.12/java.util.concurrent.locks.LockSupport.parkNanos(LockSupport.java:252)
        at java.base@17.0.12/java.util.concurrent.locks.AbstractQueuedSynchronizer$ConditionObject.awaitNanos(AbstractQueuedSynchronizer.java:1674)
        at app//org.apache.ratis.util.DataBlockingQueue.poll(DataBlockingQueue.java:148)
        at app//org.apache.ratis.server.raftlog.segmented.SegmentedRaftLogWorker.run(SegmentedRaftLogWorker.java:302)
        at app//org.apache.ratis.server.raftlog.segmented.SegmentedRaftLogWorker$$Lambda$1161/0x00007fba24719a20.run(Unknown Source)
        at java.base@17.0.12/java.util.concurrent.Executors$RunnableAdapter.call(Executors.java:539)
        at java.base@17.0.12/java.util.concurrent.FutureTask.run(FutureTask.java:264)
        at java.base@17.0.12/java.util.concurrent.ThreadPoolExecutor.runWorker(ThreadPoolExecutor.java:1136)
        at java.base@17.0.12/java.util.concurrent.ThreadPoolExecutor$Worker.run(ThreadPoolExecutor.java:635)
        at java.base@17.0.12/java.lang.Thread.run(Thread.java:840)
"SnapshotCacheCleanupService" daemon prio=5 tid=405 timed_waiting
java.lang.Thread.State: TIMED_WAITING
        at java.base@17.0.12/jdk.internal.misc.Unsafe.park(Native Method)
        at java.base@17.0.12/java.util.concurrent.locks.LockSupport.parkNanos(LockSupport.java:252)
        at java.base@17.0.12/java.util.concurrent.locks.AbstractQueuedSynchronizer$ConditionObject.awaitNanos(AbstractQueuedSynchronizer.java:1674)
        at java.base@17.0.12/java.util.concurrent.ScheduledThreadPoolExecutor$DelayedWorkQueue.take(ScheduledThreadPoolExecutor.java:1182)
        at java.base@17.0.12/java.util.concurrent.ScheduledThreadPoolExecutor$DelayedWorkQueue.take(ScheduledThreadPoolExecutor.java:899)
        at java.base@17.0.12/java.util.concurrent.ThreadPoolExecutor.getTask(ThreadPoolExecutor.java:1062)
        at java.base@17.0.12/java.util.concurrent.ThreadPoolExecutor.runWorker(ThreadPoolExecutor.java:1122)
        at java.base@17.0.12/java.util.concurrent.ThreadPoolExecutor$Worker.run(ThreadPoolExecutor.java:635)
        at java.base@17.0.12/java.lang.Thread.run(Thread.java:840)
"EventQueue-NodeRegistrationContainerReportForContainerSafeModeRule" daemon prio=5 tid=800 in Object.wait()
java.lang.Thread.State: WAITING (on object monitor)
        at java.base@17.0.12/jdk.internal.misc.Unsafe.park(Native Method)
        at java.base@17.0.12/java.util.concurrent.locks.LockSupport.park(LockSupport.java:341)
        at java.base@17.0.12/java.util.concurrent.locks.AbstractQueuedSynchronizer$ConditionNode.block(AbstractQueuedSynchronizer.java:506)
        at java.base@17.0.12/java.util.concurrent.ForkJoinPool.unmanagedBlock(ForkJoinPool.java:3465)
        at java.base@17.0.12/java.util.concurrent.ForkJoinPool.managedBlock(ForkJoinPool.java:3436)
        at java.base@17.0.12/java.util.concurrent.locks.AbstractQueuedSynchronizer$ConditionObject.await(AbstractQueuedSynchronizer.java:1625)
        at java.base@17.0.12/java.util.concurrent.LinkedBlockingQueue.take(LinkedBlockingQueue.java:435)
        at java.base@17.0.12/java.util.concurrent.ThreadPoolExecutor.getTask(ThreadPoolExecutor.java:1062)
        at java.base@17.0.12/java.util.concurrent.ThreadPoolExecutor.runWorker(ThreadPoolExecutor.java:1122)
        at java.base@17.0.12/java.util.concurrent.ThreadPoolExecutor$Worker.run(ThreadPoolExecutor.java:635)
        at java.base@17.0.12/java.lang.Thread.run(Thread.java:840)
"IPC Server handler 7 on default port 15046" daemon prio=5 tid=697 timed_waiting
java.lang.Thread.State: TIMED_WAITING
        at java.base@17.0.12/jdk.internal.misc.Unsafe.park(Native Method)
        at java.base@17.0.12/java.util.concurrent.locks.LockSupport.parkNanos(LockSupport.java:252)
        at java.base@17.0.12/java.util.concurrent.locks.AbstractQueuedSynchronizer$ConditionObject.awaitNanos(AbstractQueuedSynchronizer.java:1674)
        at java.base@17.0.12/java.util.concurrent.LinkedBlockingQueue.poll(LinkedBlockingQueue.java:460)
        at app//org.apache.hadoop.ipc.CallQueueManager.take(CallQueueManager.java:317)
        at app//org.apache.hadoop.ipc.Server$Handler.run(Server.java:3014)
"f3028915-7dd4-47fe-983a-636a8839ab96-groupManagement"  prio=5 tid=899 in Object.wait()
java.lang.Thread.State: WAITING (on object monitor)
        at java.base@17.0.12/jdk.internal.misc.Unsafe.park(Native Method)
        at java.base@17.0.12/java.util.concurrent.locks.LockSupport.park(LockSupport.java:341)
        at java.base@17.0.12/java.util.concurrent.locks.AbstractQueuedSynchronizer$ConditionNode.block(AbstractQueuedSynchronizer.java:506)
        at java.base@17.0.12/java.util.concurrent.ForkJoinPool.unmanagedBlock(ForkJoinPool.java:3465)
        at java.base@17.0.12/java.util.concurrent.ForkJoinPool.managedBlock(ForkJoinPool.java:3436)
        at java.base@17.0.12/java.util.concurrent.locks.AbstractQueuedSynchronizer$ConditionObject.await(AbstractQueuedSynchronizer.java:1625)
        at java.base@17.0.12/java.util.concurrent.LinkedBlockingQueue.take(LinkedBlockingQueue.java:435)
        at java.base@17.0.12/java.util.concurrent.ThreadPoolExecutor.getTask(ThreadPoolExecutor.java:1062)
        at java.base@17.0.12/java.util.concurrent.ThreadPoolExecutor.runWorker(ThreadPoolExecutor.java:1122)
        at java.base@17.0.12/java.util.concurrent.ThreadPoolExecutor$Worker.run(ThreadPoolExecutor.java:635)
        at java.base@17.0.12/java.lang.Thread.run(Thread.java:840)
"IPC Server handler 3 on default port 15000" daemon prio=5 tid=89 timed_waiting
java.lang.Thread.State: TIMED_WAITING
        at java.base@17.0.12/jdk.internal.misc.Unsafe.park(Native Method)
        at java.base@17.0.12/java.util.concurrent.locks.LockSupport.parkNanos(LockSupport.java:252)
        at java.base@17.0.12/java.util.concurrent.locks.AbstractQueuedSynchronizer$ConditionObject.awaitNanos(AbstractQueuedSynchronizer.java:1674)
        at java.base@17.0.12/java.util.concurrent.LinkedBlockingQueue.poll(LinkedBlockingQueue.java:460)
        at app//org.apache.hadoop.ipc.CallQueueManager.take(CallQueueManager.java:317)
        at app//org.apache.hadoop.ipc.Server$Handler.run(Server.java:3014)
"IPC Server handler 29 on default port 15002" daemon prio=5 tid=315 timed_waiting
java.lang.Thread.State: TIMED_WAITING
        at java.base@17.0.12/jdk.internal.misc.Unsafe.park(Native Method)
        at java.base@17.0.12/java.util.concurrent.locks.LockSupport.parkNanos(LockSupport.java:252)
        at java.base@17.0.12/java.util.concurrent.locks.AbstractQueuedSynchronizer$ConditionObject.awaitNanos(AbstractQueuedSynchronizer.java:1674)
        at java.base@17.0.12/java.util.concurrent.LinkedBlockingQueue.poll(LinkedBlockingQueue.java:460)
        at app//org.apache.hadoop.ipc.CallQueueManager.take(CallQueueManager.java:317)
        at app//org.apache.hadoop.ipc.Server$Handler.run(Server.java:3014)
"IPC Server handler 77 on default port 15001" daemon prio=5 tid=263 timed_waiting
java.lang.Thread.State: TIMED_WAITING
        at java.base@17.0.12/jdk.internal.misc.Unsafe.park(Native Method)
        at java.base@17.0.12/java.util.concurrent.locks.LockSupport.parkNanos(LockSupport.java:252)
        at java.base@17.0.12/java.util.concurrent.locks.AbstractQueuedSynchronizer$ConditionObject.awaitNanos(AbstractQueuedSynchronizer.java:1674)
        at java.base@17.0.12/java.util.concurrent.LinkedBlockingQueue.poll(LinkedBlockingQueue.java:460)
        at app//org.apache.hadoop.ipc.CallQueueManager.take(CallQueueManager.java:317)
        at app//org.apache.hadoop.ipc.Server$Handler.run(Server.java:3014)
"IPC Server handler 97 on default port 15002" daemon prio=5 tid=383 timed_waiting
java.lang.Thread.State: TIMED_WAITING
        at java.base@17.0.12/jdk.internal.misc.Unsafe.park(Native Method)
        at java.base@17.0.12/java.util.concurrent.locks.LockSupport.parkNanos(LockSupport.java:252)
        at java.base@17.0.12/java.util.concurrent.locks.AbstractQueuedSynchronizer$ConditionObject.awaitNanos(AbstractQueuedSynchronizer.java:1674)
        at java.base@17.0.12/java.util.concurrent.LinkedBlockingQueue.poll(LinkedBlockingQueue.java:460)
        at app//org.apache.hadoop.ipc.CallQueueManager.take(CallQueueManager.java:317)
        at app//org.apache.hadoop.ipc.Server$Handler.run(Server.java:3014)
"IPC Server handler 85 on default port 15002" daemon prio=5 tid=371 timed_waiting
java.lang.Thread.State: TIMED_WAITING
        at java.base@17.0.12/jdk.internal.misc.Unsafe.park(Native Method)
        at java.base@17.0.12/java.util.concurrent.locks.LockSupport.parkNanos(LockSupport.java:252)
        at java.base@17.0.12/java.util.concurrent.locks.AbstractQueuedSynchronizer$ConditionObject.awaitNanos(AbstractQueuedSynchronizer.java:1674)
        at java.base@17.0.12/java.util.concurrent.LinkedBlockingQueue.poll(LinkedBlockingQueue.java:460)
        at app//org.apache.hadoop.ipc.CallQueueManager.take(CallQueueManager.java:317)
        at app//org.apache.hadoop.ipc.Server$Handler.run(Server.java:3014)
"IPC Server listener on 15000" daemon prio=5 tid=61 runnable
java.lang.Thread.State: RUNNABLE
        at java.base@17.0.12/sun.nio.ch.EPoll.wait(Native Method)
        at java.base@17.0.12/sun.nio.ch.EPollSelectorImpl.doSelect(EPollSelectorImpl.java:118)
        at java.base@17.0.12/sun.nio.ch.SelectorImpl.lockAndDoSelect(SelectorImpl.java:129)
        at java.base@17.0.12/sun.nio.ch.SelectorImpl.select(SelectorImpl.java:146)
        at app//org.apache.hadoop.ipc.Server$Listener.run(Server.java:1408)
"om1-SnapshotDirectoryCleaningService#0" daemon prio=5 tid=441 timed_waiting
java.lang.Thread.State: TIMED_WAITING
        at java.base@17.0.12/jdk.internal.misc.Unsafe.park(Native Method)
        at java.base@17.0.12/java.util.concurrent.locks.LockSupport.parkNanos(LockSupport.java:252)
        at java.base@17.0.12/java.util.concurrent.locks.AbstractQueuedSynchronizer$ConditionObject.awaitNanos(AbstractQueuedSynchronizer.java:1674)
        at java.base@17.0.12/java.util.concurrent.ScheduledThreadPoolExecutor$DelayedWorkQueue.take(ScheduledThreadPoolExecutor.java:1182)
        at java.base@17.0.12/java.util.concurrent.ScheduledThreadPoolExecutor$DelayedWorkQueue.take(ScheduledThreadPoolExecutor.java:899)
        at java.base@17.0.12/java.util.concurrent.ThreadPoolExecutor.getTask(ThreadPoolExecutor.java:1062)
        at java.base@17.0.12/java.util.concurrent.ThreadPoolExecutor.runWorker(ThreadPoolExecutor.java:1122)
        at java.base@17.0.12/java.util.concurrent.ThreadPoolExecutor$Worker.run(ThreadPoolExecutor.java:635)
        at java.base@17.0.12/java.lang.Thread.run(Thread.java:840)
"Timer for 'StorageContainerManager' metrics system" daemon prio=5 tid=85 timed_waiting
java.lang.Thread.State: TIMED_WAITING
        at java.base@17.0.12/java.lang.Object.wait(Native Method)
        at java.base@17.0.12/java.util.TimerThread.mainLoop(Timer.java:563)
        at java.base@17.0.12/java.util.TimerThread.run(Timer.java:516)
"IPC Server handler 94 on default port 15001" daemon prio=5 tid=280 timed_waiting
java.lang.Thread.State: TIMED_WAITING
        at java.base@17.0.12/jdk.internal.misc.Unsafe.park(Native Method)
        at java.base@17.0.12/java.util.concurrent.locks.LockSupport.parkNanos(LockSupport.java:252)
        at java.base@17.0.12/java.util.concurrent.locks.AbstractQueuedSynchronizer$ConditionObject.awaitNanos(AbstractQueuedSynchronizer.java:1674)
        at java.base@17.0.12/java.util.concurrent.LinkedBlockingQueue.poll(LinkedBlockingQueue.java:460)
        at app//org.apache.hadoop.ipc.CallQueueManager.take(CallQueueManager.java:317)
        at app//org.apache.hadoop.ipc.Server$Handler.run(Server.java:3014)
"IPC Server handler 58 on default port 15000" daemon prio=5 tid=144 timed_waiting
java.lang.Thread.State: TIMED_WAITING
        at java.base@17.0.12/jdk.internal.misc.Unsafe.park(Native Method)
        at java.base@17.0.12/java.util.concurrent.locks.LockSupport.parkNanos(LockSupport.java:252)
        at java.base@17.0.12/java.util.concurrent.locks.AbstractQueuedSynchronizer$ConditionObject.awaitNanos(AbstractQueuedSynchronizer.java:1674)
        at java.base@17.0.12/java.util.concurrent.LinkedBlockingQueue.poll(LinkedBlockingQueue.java:460)
        at app//org.apache.hadoop.ipc.CallQueueManager.take(CallQueueManager.java:317)
        at app//org.apache.hadoop.ipc.Server$Handler.run(Server.java:3014)
"IPC Server handler 17 on default port 15001" daemon prio=5 tid=203 timed_waiting
java.lang.Thread.State: TIMED_WAITING
        at java.base@17.0.12/jdk.internal.misc.Unsafe.park(Native Method)
        at java.base@17.0.12/java.util.concurrent.locks.LockSupport.parkNanos(LockSupport.java:252)
        at java.base@17.0.12/java.util.concurrent.locks.AbstractQueuedSynchronizer$ConditionObject.awaitNanos(AbstractQueuedSynchronizer.java:1674)
        at java.base@17.0.12/java.util.concurrent.LinkedBlockingQueue.poll(LinkedBlockingQueue.java:460)
        at app//org.apache.hadoop.ipc.CallQueueManager.take(CallQueueManager.java:317)
        at app//org.apache.hadoop.ipc.Server$Handler.run(Server.java:3014)
"18c2a24f-8a03-4916-b50c-e7c6140a9b01@group-EB676058688B-LeaderStateImpl" daemon prio=5 tid=985 timed_waiting
java.lang.Thread.State: TIMED_WAITING
        at java.base@17.0.12/jdk.internal.misc.Unsafe.park(Native Method)
        at java.base@17.0.12/java.util.concurrent.locks.LockSupport.parkNanos(LockSupport.java:252)
        at java.base@17.0.12/java.util.concurrent.locks.AbstractQueuedSynchronizer$ConditionObject.awaitNanos(AbstractQueuedSynchronizer.java:1674)
        at java.base@17.0.12/java.util.concurrent.ArrayBlockingQueue.poll(ArrayBlockingQueue.java:435)
        at app//org.apache.ratis.server.impl.LeaderStateImpl$EventQueue.poll(LeaderStateImpl.java:164)
        at app//org.apache.ratis.server.impl.LeaderStateImpl$EventProcessor.run(LeaderStateImpl.java:766)
"IPC Server handler 30 on default port 15002" daemon prio=5 tid=316 timed_waiting
java.lang.Thread.State: TIMED_WAITING
        at java.base@17.0.12/jdk.internal.misc.Unsafe.park(Native Method)
        at java.base@17.0.12/java.util.concurrent.locks.LockSupport.parkNanos(LockSupport.java:252)
        at java.base@17.0.12/java.util.concurrent.locks.AbstractQueuedSynchronizer$ConditionObject.awaitNanos(AbstractQueuedSynchronizer.java:1674)
        at java.base@17.0.12/java.util.concurrent.LinkedBlockingQueue.poll(LinkedBlockingQueue.java:460)
        at app//org.apache.hadoop.ipc.CallQueueManager.take(CallQueueManager.java:317)
        at app//org.apache.hadoop.ipc.Server$Handler.run(Server.java:3014)
"qtp867773795-444" daemon prio=5 tid=444 runnable
java.lang.Thread.State: RUNNABLE
        at java.base@17.0.12/sun.nio.ch.EPoll.wait(Native Method)
        at java.base@17.0.12/sun.nio.ch.EPollSelectorImpl.doSelect(EPollSelectorImpl.java:118)
        at java.base@17.0.12/sun.nio.ch.SelectorImpl.lockAndDoSelect(SelectorImpl.java:129)
        at java.base@17.0.12/sun.nio.ch.SelectorImpl.select(SelectorImpl.java:146)
        at app//org.eclipse.jetty.io.ManagedSelector.nioSelect(ManagedSelector.java:183)
        at app//org.eclipse.jetty.io.ManagedSelector.select(ManagedSelector.java:190)
        at app//org.eclipse.jetty.io.ManagedSelector$SelectorProducer.select(ManagedSelector.java:606)
        at app//org.eclipse.jetty.io.ManagedSelector$SelectorProducer.produce(ManagedSelector.java:543)
        at app//org.eclipse.jetty.util.thread.strategy.EatWhatYouKill.produceTask(EatWhatYouKill.java:362)
        at app//org.eclipse.jetty.util.thread.strategy.EatWhatYouKill.doProduce(EatWhatYouKill.java:186)
        at app//org.eclipse.jetty.util.thread.strategy.EatWhatYouKill.tryProduce(EatWhatYouKill.java:173)
        at app//org.eclipse.jetty.util.thread.strategy.EatWhatYouKill.produce(EatWhatYouKill.java:137)
        at app//org.eclipse.jetty.io.ManagedSelector$$Lambda$817/0x00007fba2453e288.run(Unknown Source)
        at app//org.eclipse.jetty.util.thread.QueuedThreadPool.runJob(QueuedThreadPool.java:883)
        at app//org.eclipse.jetty.util.thread.QueuedThreadPool$Runner.run(QueuedThreadPool.java:1034)
        at java.base@17.0.12/java.lang.Thread.run(Thread.java:840)
"Socket Reader #2 for port 15019"  prio=5 tid=540 runnable
java.lang.Thread.State: RUNNABLE
        at java.base@17.0.12/sun.nio.ch.EPoll.wait(Native Method)
        at java.base@17.0.12/sun.nio.ch.EPollSelectorImpl.doSelect(EPollSelectorImpl.java:118)
        at java.base@17.0.12/sun.nio.ch.SelectorImpl.lockAndDoSelect(SelectorImpl.java:129)
        at java.base@17.0.12/sun.nio.ch.SelectorImpl.select(SelectorImpl.java:146)
        at app//org.apache.hadoop.ipc.Server$Listener$Reader.doRunLoop(Server.java:1346)
        at app//org.apache.hadoop.ipc.Server$Listener$Reader.run(Server.java:1325)
"IPC Server handler 86 on default port 15001" daemon prio=5 tid=272 timed_waiting
java.lang.Thread.State: TIMED_WAITING
        at java.base@17.0.12/jdk.internal.misc.Unsafe.park(Native Method)
        at java.base@17.0.12/java.util.concurrent.locks.LockSupport.parkNanos(LockSupport.java:252)
        at java.base@17.0.12/java.util.concurrent.locks.AbstractQueuedSynchronizer$ConditionObject.awaitNanos(AbstractQueuedSynchronizer.java:1674)
        at java.base@17.0.12/java.util.concurrent.LinkedBlockingQueue.poll(LinkedBlockingQueue.java:460)
        at app//org.apache.hadoop.ipc.CallQueueManager.take(CallQueueManager.java:317)
        at app//org.apache.hadoop.ipc.Server$Handler.run(Server.java:3014)
"timer7" daemon prio=5 tid=961 timed_waiting
java.lang.Thread.State: TIMED_WAITING
        at java.base@17.0.12/java.lang.Object.wait(Native Method)
        at java.base@17.0.12/java.util.TimerThread.mainLoop(Timer.java:563)
        at java.base@17.0.12/java.util.TimerThread.run(Timer.java:516)
"IPC Server handler 18 on default port 15000" daemon prio=5 tid=104 timed_waiting
java.lang.Thread.State: TIMED_WAITING
        at java.base@17.0.12/jdk.internal.misc.Unsafe.park(Native Method)
        at java.base@17.0.12/java.util.concurrent.locks.LockSupport.parkNanos(LockSupport.java:252)
        at java.base@17.0.12/java.util.concurrent.locks.AbstractQueuedSynchronizer$ConditionObject.awaitNanos(AbstractQueuedSynchronizer.java:1674)
        at java.base@17.0.12/java.util.concurrent.LinkedBlockingQueue.poll(LinkedBlockingQueue.java:460)
        at app//org.apache.hadoop.ipc.CallQueueManager.take(CallQueueManager.java:317)
        at app//org.apache.hadoop.ipc.Server$Handler.run(Server.java:3014)
"IPC Server handler 10 on default port 15001" daemon prio=5 tid=196 timed_waiting
java.lang.Thread.State: TIMED_WAITING
        at java.base@17.0.12/jdk.internal.misc.Unsafe.park(Native Method)
        at java.base@17.0.12/java.util.concurrent.locks.LockSupport.parkNanos(LockSupport.java:252)
        at java.base@17.0.12/java.util.concurrent.locks.AbstractQueuedSynchronizer$ConditionObject.awaitNanos(AbstractQueuedSynchronizer.java:1674)
        at java.base@17.0.12/java.util.concurrent.LinkedBlockingQueue.poll(LinkedBlockingQueue.java:460)
        at app//org.apache.hadoop.ipc.CallQueueManager.take(CallQueueManager.java:317)
        at app//org.apache.hadoop.ipc.Server$Handler.run(Server.java:3014)
"qtp55402156-393-acceptor-0@4bf84c96-ServerConnector@79e9c14{HTTP/1.1, (http/1.1)}{0.0.0.0:15003}" daemon prio=3 tid=393 runnable
java.lang.Thread.State: RUNNABLE
        at java.base@17.0.12/sun.nio.ch.Net.accept(Native Method)
        at java.base@17.0.12/sun.nio.ch.ServerSocketChannelImpl.implAccept(ServerSocketChannelImpl.java:425)
        at java.base@17.0.12/sun.nio.ch.ServerSocketChannelImpl.accept(ServerSocketChannelImpl.java:391)
        at app//org.eclipse.jetty.server.ServerConnector.accept(ServerConnector.java:388)
        at app//org.eclipse.jetty.server.AbstractConnector$Acceptor.run(AbstractConnector.java:704)
        at app//org.eclipse.jetty.util.thread.QueuedThreadPool.runJob(QueuedThreadPool.java:883)
        at app//org.eclipse.jetty.util.thread.QueuedThreadPool$Runner.run(QueuedThreadPool.java:1034)
        at java.base@17.0.12/java.lang.Thread.run(Thread.java:840)
"IPC Server handler 6 on default port 15037" daemon prio=5 tid=650 timed_waiting
java.lang.Thread.State: TIMED_WAITING
        at java.base@17.0.12/jdk.internal.misc.Unsafe.park(Native Method)
        at java.base@17.0.12/java.util.concurrent.locks.LockSupport.parkNanos(LockSupport.java:252)
        at java.base@17.0.12/java.util.concurrent.locks.AbstractQueuedSynchronizer$ConditionObject.awaitNanos(AbstractQueuedSynchronizer.java:1674)
        at java.base@17.0.12/java.util.concurrent.LinkedBlockingQueue.poll(LinkedBlockingQueue.java:460)
        at app//org.apache.hadoop.ipc.CallQueueManager.take(CallQueueManager.java:317)
        at app//org.apache.hadoop.ipc.Server$Handler.run(Server.java:3014)
"IPC Server handler 75 on default port 15002" daemon prio=5 tid=361 timed_waiting
java.lang.Thread.State: TIMED_WAITING
        at java.base@17.0.12/jdk.internal.misc.Unsafe.park(Native Method)
        at java.base@17.0.12/java.util.concurrent.locks.LockSupport.parkNanos(LockSupport.java:252)
        at java.base@17.0.12/java.util.concurrent.locks.AbstractQueuedSynchronizer$ConditionObject.awaitNanos(AbstractQueuedSynchronizer.java:1674)
        at java.base@17.0.12/java.util.concurrent.LinkedBlockingQueue.poll(LinkedBlockingQueue.java:460)
        at app//org.apache.hadoop.ipc.CallQueueManager.take(CallQueueManager.java:317)
        at app//org.apache.hadoop.ipc.Server$Handler.run(Server.java:3014)
"Socket Reader #6 for port 15019"  prio=5 tid=544 runnable
java.lang.Thread.State: RUNNABLE
        at java.base@17.0.12/sun.nio.ch.EPoll.wait(Native Method)
        at java.base@17.0.12/sun.nio.ch.EPollSelectorImpl.doSelect(EPollSelectorImpl.java:118)
        at java.base@17.0.12/sun.nio.ch.SelectorImpl.lockAndDoSelect(SelectorImpl.java:129)
        at java.base@17.0.12/sun.nio.ch.SelectorImpl.select(SelectorImpl.java:146)
        at app//org.apache.hadoop.ipc.Server$Listener$Reader.doRunLoop(Server.java:1346)
        at app//org.apache.hadoop.ipc.Server$Listener$Reader.run(Server.java:1325)
"d758e0a9-c5a1-4fd4-978f-3629e4af057b@group-E69CFC028817-LeaderStateImpl" daemon prio=5 tid=950 timed_waiting
java.lang.Thread.State: TIMED_WAITING
        at java.base@17.0.12/jdk.internal.misc.Unsafe.park(Native Method)
        at java.base@17.0.12/java.util.concurrent.locks.LockSupport.parkNanos(LockSupport.java:252)
        at java.base@17.0.12/java.util.concurrent.locks.AbstractQueuedSynchronizer$ConditionObject.awaitNanos(AbstractQueuedSynchronizer.java:1674)
        at java.base@17.0.12/java.util.concurrent.ArrayBlockingQueue.poll(ArrayBlockingQueue.java:435)
        at app//org.apache.ratis.server.impl.LeaderStateImpl$EventQueue.poll(LeaderStateImpl.java:164)
        at app//org.apache.ratis.server.impl.LeaderStateImpl$EventProcessor.run(LeaderStateImpl.java:766)
"IPC Server handler 71 on default port 15002" daemon prio=5 tid=357 timed_waiting
java.lang.Thread.State: TIMED_WAITING
        at java.base@17.0.12/jdk.internal.misc.Unsafe.park(Native Method)
        at java.base@17.0.12/java.util.concurrent.locks.LockSupport.parkNanos(LockSupport.java:252)
        at java.base@17.0.12/java.util.concurrent.locks.AbstractQueuedSynchronizer$ConditionObject.awaitNanos(AbstractQueuedSynchronizer.java:1674)
        at java.base@17.0.12/java.util.concurrent.LinkedBlockingQueue.poll(LinkedBlockingQueue.java:460)
        at app//org.apache.hadoop.ipc.CallQueueManager.take(CallQueueManager.java:317)
        at app//org.apache.hadoop.ipc.Server$Handler.run(Server.java:3014)
"qtp55402156-391" daemon prio=5 tid=391 runnable
java.lang.Thread.State: RUNNABLE
        at java.base@17.0.12/sun.nio.ch.EPoll.wait(Native Method)
        at java.base@17.0.12/sun.nio.ch.EPollSelectorImpl.doSelect(EPollSelectorImpl.java:118)
        at java.base@17.0.12/sun.nio.ch.SelectorImpl.lockAndDoSelect(SelectorImpl.java:129)
        at java.base@17.0.12/sun.nio.ch.SelectorImpl.select(SelectorImpl.java:146)
        at app//org.eclipse.jetty.io.ManagedSelector.nioSelect(ManagedSelector.java:183)
        at app//org.eclipse.jetty.io.ManagedSelector.select(ManagedSelector.java:190)
        at app//org.eclipse.jetty.io.ManagedSelector$SelectorProducer.select(ManagedSelector.java:606)
        at app//org.eclipse.jetty.io.ManagedSelector$SelectorProducer.produce(ManagedSelector.java:543)
        at app//org.eclipse.jetty.util.thread.strategy.EatWhatYouKill.produceTask(EatWhatYouKill.java:362)
        at app//org.eclipse.jetty.util.thread.strategy.EatWhatYouKill.doProduce(EatWhatYouKill.java:186)
        at app//org.eclipse.jetty.util.thread.strategy.EatWhatYouKill.tryProduce(EatWhatYouKill.java:173)
        at app//org.eclipse.jetty.util.thread.strategy.EatWhatYouKill.produce(EatWhatYouKill.java:137)
        at app//org.eclipse.jetty.io.ManagedSelector$$Lambda$817/0x00007fba2453e288.run(Unknown Source)
        at app//org.eclipse.jetty.util.thread.QueuedThreadPool.runJob(QueuedThreadPool.java:883)
        at app//org.eclipse.jetty.util.thread.QueuedThreadPool$Runner.run(QueuedThreadPool.java:1034)
        at java.base@17.0.12/java.lang.Thread.run(Thread.java:840)
"IPC Server handler 3 on default port 15028" daemon prio=5 tid=601 timed_waiting
java.lang.Thread.State: TIMED_WAITING
        at java.base@17.0.12/jdk.internal.misc.Unsafe.park(Native Method)
        at java.base@17.0.12/java.util.concurrent.locks.LockSupport.parkNanos(LockSupport.java:252)
        at java.base@17.0.12/java.util.concurrent.locks.AbstractQueuedSynchronizer$ConditionObject.awaitNanos(AbstractQueuedSynchronizer.java:1674)
        at java.base@17.0.12/java.util.concurrent.LinkedBlockingQueue.poll(LinkedBlockingQueue.java:460)
        at app//org.apache.hadoop.ipc.CallQueueManager.take(CallQueueManager.java:317)
        at app//org.apache.hadoop.ipc.Server$Handler.run(Server.java:3014)
"IPC Server handler 78 on default port 15000" daemon prio=5 tid=164 timed_waiting
java.lang.Thread.State: TIMED_WAITING
        at java.base@17.0.12/jdk.internal.misc.Unsafe.park(Native Method)
        at java.base@17.0.12/java.util.concurrent.locks.LockSupport.parkNanos(LockSupport.java:252)
        at java.base@17.0.12/java.util.concurrent.locks.AbstractQueuedSynchronizer$ConditionObject.awaitNanos(AbstractQueuedSynchronizer.java:1674)
        at java.base@17.0.12/java.util.concurrent.LinkedBlockingQueue.poll(LinkedBlockingQueue.java:460)
        at app//org.apache.hadoop.ipc.CallQueueManager.take(CallQueueManager.java:317)
        at app//org.apache.hadoop.ipc.Server$Handler.run(Server.java:3014)
"IPC Server handler 13 on default port 15002" daemon prio=5 tid=299 timed_waiting
java.lang.Thread.State: TIMED_WAITING
        at java.base@17.0.12/jdk.internal.misc.Unsafe.park(Native Method)
        at java.base@17.0.12/java.util.concurrent.locks.LockSupport.parkNanos(LockSupport.java:252)
        at java.base@17.0.12/java.util.concurrent.locks.AbstractQueuedSynchronizer$ConditionObject.awaitNanos(AbstractQueuedSynchronizer.java:1674)
        at java.base@17.0.12/java.util.concurrent.LinkedBlockingQueue.poll(LinkedBlockingQueue.java:460)
        at app//org.apache.hadoop.ipc.CallQueueManager.take(CallQueueManager.java:317)
        at app//org.apache.hadoop.ipc.Server$Handler.run(Server.java:3014)
"IPC Server handler 16 on default port 15000" daemon prio=5 tid=102 timed_waiting
java.lang.Thread.State: TIMED_WAITING
        at java.base@17.0.12/jdk.internal.misc.Unsafe.park(Native Method)
        at java.base@17.0.12/java.util.concurrent.locks.LockSupport.parkNanos(LockSupport.java:252)
        at java.base@17.0.12/java.util.concurrent.locks.AbstractQueuedSynchronizer$ConditionObject.awaitNanos(AbstractQueuedSynchronizer.java:1674)
        at java.base@17.0.12/java.util.concurrent.LinkedBlockingQueue.poll(LinkedBlockingQueue.java:460)
        at app//org.apache.hadoop.ipc.CallQueueManager.take(CallQueueManager.java:317)
        at app//org.apache.hadoop.ipc.Server$Handler.run(Server.java:3014)
"qtp867773795-451" daemon prio=5 tid=451 timed_waiting
java.lang.Thread.State: TIMED_WAITING
        at java.base@17.0.12/jdk.internal.misc.Unsafe.park(Native Method)
        at java.base@17.0.12/java.util.concurrent.locks.LockSupport.parkNanos(LockSupport.java:252)
        at java.base@17.0.12/java.util.concurrent.locks.AbstractQueuedSynchronizer$ConditionObject.awaitNanos(AbstractQueuedSynchronizer.java:1674)
        at app//org.eclipse.jetty.util.BlockingArrayQueue.poll(BlockingArrayQueue.java:382)
        at app//org.eclipse.jetty.util.thread.QueuedThreadPool$Runner.idleJobPoll(QueuedThreadPool.java:974)
        at app//org.eclipse.jetty.util.thread.QueuedThreadPool$Runner.run(QueuedThreadPool.java:1018)
        at java.base@17.0.12/java.lang.Thread.run(Thread.java:840)
"IPC Server handler 44 on default port 15002" daemon prio=5 tid=330 timed_waiting
java.lang.Thread.State: TIMED_WAITING
        at java.base@17.0.12/jdk.internal.misc.Unsafe.park(Native Method)
        at java.base@17.0.12/java.util.concurrent.locks.LockSupport.parkNanos(LockSupport.java:252)
        at java.base@17.0.12/java.util.concurrent.locks.AbstractQueuedSynchronizer$ConditionObject.awaitNanos(AbstractQueuedSynchronizer.java:1674)
        at java.base@17.0.12/java.util.concurrent.LinkedBlockingQueue.poll(LinkedBlockingQueue.java:460)
        at app//org.apache.hadoop.ipc.CallQueueManager.take(CallQueueManager.java:317)
        at app//org.apache.hadoop.ipc.Server$Handler.run(Server.java:3014)
"f3028915-7dd4-47fe-983a-636a8839ab96-impl-thread1"  prio=5 tid=618 timed_waiting
java.lang.Thread.State: TIMED_WAITING
        at java.base@17.0.12/jdk.internal.misc.Unsafe.park(Native Method)
        at java.base@17.0.12/java.util.concurrent.locks.LockSupport.parkNanos(LockSupport.java:252)
        at java.base@17.0.12/java.util.concurrent.SynchronousQueue$TransferStack.transfer(SynchronousQueue.java:401)
        at java.base@17.0.12/java.util.concurrent.SynchronousQueue.poll(SynchronousQueue.java:903)
        at java.base@17.0.12/java.util.concurrent.ThreadPoolExecutor.getTask(ThreadPoolExecutor.java:1061)
        at java.base@17.0.12/java.util.concurrent.ThreadPoolExecutor.runWorker(ThreadPoolExecutor.java:1122)
        at java.base@17.0.12/java.util.concurrent.ThreadPoolExecutor$Worker.run(ThreadPoolExecutor.java:635)
        at java.base@17.0.12/java.lang.Thread.run(Thread.java:840)
"IPC Server handler 84 on default port 15000" daemon prio=5 tid=170 timed_waiting
java.lang.Thread.State: TIMED_WAITING
        at java.base@17.0.12/jdk.internal.misc.Unsafe.park(Native Method)
        at java.base@17.0.12/java.util.concurrent.locks.LockSupport.parkNanos(LockSupport.java:252)
        at java.base@17.0.12/java.util.concurrent.locks.AbstractQueuedSynchronizer$ConditionObject.awaitNanos(AbstractQueuedSynchronizer.java:1674)
        at java.base@17.0.12/java.util.concurrent.LinkedBlockingQueue.poll(LinkedBlockingQueue.java:460)
        at app//org.apache.hadoop.ipc.CallQueueManager.take(CallQueueManager.java:317)
        at app//org.apache.hadoop.ipc.Server$Handler.run(Server.java:3014)
"IPC Server handler 2 on default port 15019" daemon prio=5 tid=554 timed_waiting
java.lang.Thread.State: TIMED_WAITING
        at java.base@17.0.12/jdk.internal.misc.Unsafe.park(Native Method)
        at java.base@17.0.12/java.util.concurrent.locks.LockSupport.parkNanos(LockSupport.java:252)
        at java.base@17.0.12/java.util.concurrent.locks.AbstractQueuedSynchronizer$ConditionObject.awaitNanos(AbstractQueuedSynchronizer.java:1674)
        at java.base@17.0.12/java.util.concurrent.LinkedBlockingQueue.poll(LinkedBlockingQueue.java:460)
        at app//org.apache.hadoop.ipc.CallQueueManager.take(CallQueueManager.java:317)
        at app//org.apache.hadoop.ipc.Server$Handler.run(Server.java:3014)
"IPC Server handler 35 on default port 15000" daemon prio=5 tid=121 timed_waiting
java.lang.Thread.State: TIMED_WAITING
        at java.base@17.0.12/jdk.internal.misc.Unsafe.park(Native Method)
        at java.base@17.0.12/java.util.concurrent.locks.LockSupport.parkNanos(LockSupport.java:252)
        at java.base@17.0.12/java.util.concurrent.locks.AbstractQueuedSynchronizer$ConditionObject.awaitNanos(AbstractQueuedSynchronizer.java:1674)
        at java.base@17.0.12/java.util.concurrent.LinkedBlockingQueue.poll(LinkedBlockingQueue.java:460)
        at app//org.apache.hadoop.ipc.CallQueueManager.take(CallQueueManager.java:317)
        at app//org.apache.hadoop.ipc.Server$Handler.run(Server.java:3014)
"Socket Reader #8 for port 15000"  prio=5 tid=69 runnable
java.lang.Thread.State: RUNNABLE
        at java.base@17.0.12/sun.nio.ch.EPoll.wait(Native Method)
        at java.base@17.0.12/sun.nio.ch.EPollSelectorImpl.doSelect(EPollSelectorImpl.java:118)
        at java.base@17.0.12/sun.nio.ch.SelectorImpl.lockAndDoSelect(SelectorImpl.java:129)
        at java.base@17.0.12/sun.nio.ch.SelectorImpl.select(SelectorImpl.java:146)
        at app//org.apache.hadoop.ipc.Server$Listener$Reader.doRunLoop(Server.java:1346)
        at app//org.apache.hadoop.ipc.Server$Listener$Reader.run(Server.java:1325)
"18c2a24f-8a03-4916-b50c-e7c6140a9b01-DatanodeStateMachineTaskThread-0"  prio=5 tid=706 in Object.wait()
java.lang.Thread.State: WAITING (on object monitor)
        at java.base@17.0.12/jdk.internal.misc.Unsafe.park(Native Method)
        at java.base@17.0.12/java.util.concurrent.locks.LockSupport.park(LockSupport.java:341)
        at java.base@17.0.12/java.util.concurrent.locks.AbstractQueuedSynchronizer$ConditionNode.block(AbstractQueuedSynchronizer.java:506)
        at java.base@17.0.12/java.util.concurrent.ForkJoinPool.unmanagedBlock(ForkJoinPool.java:3465)
        at java.base@17.0.12/java.util.concurrent.ForkJoinPool.managedBlock(ForkJoinPool.java:3436)
        at java.base@17.0.12/java.util.concurrent.locks.AbstractQueuedSynchronizer$ConditionObject.await(AbstractQueuedSynchronizer.java:1625)
        at java.base@17.0.12/java.util.concurrent.LinkedBlockingQueue.take(LinkedBlockingQueue.java:435)
        at java.base@17.0.12/java.util.concurrent.ThreadPoolExecutor.getTask(ThreadPoolExecutor.java:1062)
        at java.base@17.0.12/java.util.concurrent.ThreadPoolExecutor.runWorker(ThreadPoolExecutor.java:1122)
        at java.base@17.0.12/java.util.concurrent.ThreadPoolExecutor$Worker.run(ThreadPoolExecutor.java:635)
        at java.base@17.0.12/java.lang.Thread.run(Thread.java:840)
"IPC Server handler 57 on default port 15002" daemon prio=5 tid=343 timed_waiting
java.lang.Thread.State: TIMED_WAITING
        at java.base@17.0.12/jdk.internal.misc.Unsafe.park(Native Method)
        at java.base@17.0.12/java.util.concurrent.locks.LockSupport.parkNanos(LockSupport.java:252)
        at java.base@17.0.12/java.util.concurrent.locks.AbstractQueuedSynchronizer$ConditionObject.awaitNanos(AbstractQueuedSynchronizer.java:1674)
        at java.base@17.0.12/java.util.concurrent.LinkedBlockingQueue.poll(LinkedBlockingQueue.java:460)
        at app//org.apache.hadoop.ipc.CallQueueManager.take(CallQueueManager.java:317)
        at app//org.apache.hadoop.ipc.Server$Handler.run(Server.java:3014)
"IPC Server handler 6 on default port 15004" daemon prio=5 tid=459 timed_waiting
java.lang.Thread.State: TIMED_WAITING
        at java.base@17.0.12/jdk.internal.misc.Unsafe.park(Native Method)
        at java.base@17.0.12/java.util.concurrent.locks.LockSupport.parkNanos(LockSupport.java:252)
        at java.base@17.0.12/java.util.concurrent.locks.AbstractQueuedSynchronizer$ConditionObject.awaitNanos(AbstractQueuedSynchronizer.java:1674)
        at java.base@17.0.12/java.util.concurrent.LinkedBlockingQueue.poll(LinkedBlockingQueue.java:460)
        at app//org.apache.hadoop.ipc.CallQueueManager.take(CallQueueManager.java:317)
        at app//org.apache.hadoop.ipc.Server$Handler.run(Server.java:3014)
"IPC Server handler 38 on default port 15002" daemon prio=5 tid=324 timed_waiting
java.lang.Thread.State: TIMED_WAITING
        at java.base@17.0.12/jdk.internal.misc.Unsafe.park(Native Method)
        at java.base@17.0.12/java.util.concurrent.locks.LockSupport.parkNanos(LockSupport.java:252)
        at java.base@17.0.12/java.util.concurrent.locks.AbstractQueuedSynchronizer$ConditionObject.awaitNanos(AbstractQueuedSynchronizer.java:1674)
        at java.base@17.0.12/java.util.concurrent.LinkedBlockingQueue.poll(LinkedBlockingQueue.java:460)
        at app//org.apache.hadoop.ipc.CallQueueManager.take(CallQueueManager.java:317)
        at app//org.apache.hadoop.ipc.Server$Handler.run(Server.java:3014)
"IPC Server handler 8 on default port 15004" daemon prio=5 tid=461 timed_waiting
java.lang.Thread.State: TIMED_WAITING
        at java.base@17.0.12/jdk.internal.misc.Unsafe.park(Native Method)
        at java.base@17.0.12/java.util.concurrent.locks.LockSupport.parkNanos(LockSupport.java:252)
        at java.base@17.0.12/java.util.concurrent.locks.AbstractQueuedSynchronizer$ConditionObject.awaitNanos(AbstractQueuedSynchronizer.java:1674)
        at java.base@17.0.12/java.util.concurrent.LinkedBlockingQueue.poll(LinkedBlockingQueue.java:460)
        at app//org.apache.hadoop.ipc.CallQueueManager.take(CallQueueManager.java:317)
        at app//org.apache.hadoop.ipc.Server$Handler.run(Server.java:3014)
"IPC Server handler 42 on default port 15002" daemon prio=5 tid=328 timed_waiting
java.lang.Thread.State: TIMED_WAITING
        at java.base@17.0.12/jdk.internal.misc.Unsafe.park(Native Method)
        at java.base@17.0.12/java.util.concurrent.locks.LockSupport.parkNanos(LockSupport.java:252)
        at java.base@17.0.12/java.util.concurrent.locks.AbstractQueuedSynchronizer$ConditionObject.awaitNanos(AbstractQueuedSynchronizer.java:1674)
        at java.base@17.0.12/java.util.concurrent.LinkedBlockingQueue.poll(LinkedBlockingQueue.java:460)
        at app//org.apache.hadoop.ipc.CallQueueManager.take(CallQueueManager.java:317)
        at app//org.apache.hadoop.ipc.Server$Handler.run(Server.java:3014)
"IPC Server handler 67 on default port 15002" daemon prio=5 tid=353 timed_waiting
java.lang.Thread.State: TIMED_WAITING
        at java.base@17.0.12/jdk.internal.misc.Unsafe.park(Native Method)
        at java.base@17.0.12/java.util.concurrent.locks.LockSupport.parkNanos(LockSupport.java:252)
        at java.base@17.0.12/java.util.concurrent.locks.AbstractQueuedSynchronizer$ConditionObject.awaitNanos(AbstractQueuedSynchronizer.java:1674)
        at java.base@17.0.12/java.util.concurrent.LinkedBlockingQueue.poll(LinkedBlockingQueue.java:460)
        at app//org.apache.hadoop.ipc.CallQueueManager.take(CallQueueManager.java:317)
        at app//org.apache.hadoop.ipc.Server$Handler.run(Server.java:3014)
"Socket Reader #4 for port 15037"  prio=5 tid=634 runnable
java.lang.Thread.State: RUNNABLE
        at java.base@17.0.12/sun.nio.ch.EPoll.wait(Native Method)
        at java.base@17.0.12/sun.nio.ch.EPollSelectorImpl.doSelect(EPollSelectorImpl.java:118)
        at java.base@17.0.12/sun.nio.ch.SelectorImpl.lockAndDoSelect(SelectorImpl.java:129)
        at java.base@17.0.12/sun.nio.ch.SelectorImpl.select(SelectorImpl.java:146)
        at app//org.apache.hadoop.ipc.Server$Listener$Reader.doRunLoop(Server.java:1346)
        at app//org.apache.hadoop.ipc.Server$Listener$Reader.run(Server.java:1325)
"Socket Reader #9 for port 15002"  prio=5 tid=42 runnable
java.lang.Thread.State: RUNNABLE
        at java.base@17.0.12/sun.nio.ch.EPoll.wait(Native Method)
        at java.base@17.0.12/sun.nio.ch.EPollSelectorImpl.doSelect(EPollSelectorImpl.java:118)
        at java.base@17.0.12/sun.nio.ch.SelectorImpl.lockAndDoSelect(SelectorImpl.java:129)
        at java.base@17.0.12/sun.nio.ch.SelectorImpl.select(SelectorImpl.java:146)
        at app//org.apache.hadoop.ipc.Server$Listener$Reader.doRunLoop(Server.java:1346)
        at app//org.apache.hadoop.ipc.Server$Listener$Reader.run(Server.java:1325)
"IPC Server handler 47 on default port 15001" daemon prio=5 tid=233 timed_waiting
java.lang.Thread.State: TIMED_WAITING
        at java.base@17.0.12/jdk.internal.misc.Unsafe.park(Native Method)
        at java.base@17.0.12/java.util.concurrent.locks.LockSupport.parkNanos(LockSupport.java:252)
        at java.base@17.0.12/java.util.concurrent.locks.AbstractQueuedSynchronizer$ConditionObject.awaitNanos(AbstractQueuedSynchronizer.java:1674)
        at java.base@17.0.12/java.util.concurrent.LinkedBlockingQueue.poll(LinkedBlockingQueue.java:460)
        at app//org.apache.hadoop.ipc.CallQueueManager.take(CallQueueManager.java:317)
        at app//org.apache.hadoop.ipc.Server$Handler.run(Server.java:3014)
"Socket Reader #8 for port 15028"  prio=5 tid=592 runnable
java.lang.Thread.State: RUNNABLE
        at java.base@17.0.12/sun.nio.ch.EPoll.wait(Native Method)
        at java.base@17.0.12/sun.nio.ch.EPollSelectorImpl.doSelect(EPollSelectorImpl.java:118)
        at java.base@17.0.12/sun.nio.ch.SelectorImpl.lockAndDoSelect(SelectorImpl.java:129)
        at java.base@17.0.12/sun.nio.ch.SelectorImpl.select(SelectorImpl.java:146)
        at app//org.apache.hadoop.ipc.Server$Listener$Reader.doRunLoop(Server.java:1346)
        at app//org.apache.hadoop.ipc.Server$Listener$Reader.run(Server.java:1325)
"f3028915-7dd4-47fe-983a-636a8839ab96-BlockDeletingService#1" daemon prio=5 tid=779 in Object.wait()
java.lang.Thread.State: WAITING (on object monitor)
        at java.base@17.0.12/jdk.internal.misc.Unsafe.park(Native Method)
        at java.base@17.0.12/java.util.concurrent.locks.LockSupport.park(LockSupport.java:341)
        at java.base@17.0.12/java.util.concurrent.locks.AbstractQueuedSynchronizer$ConditionNode.block(AbstractQueuedSynchronizer.java:506)
        at java.base@17.0.12/java.util.concurrent.ForkJoinPool.unmanagedBlock(ForkJoinPool.java:3465)
        at java.base@17.0.12/java.util.concurrent.ForkJoinPool.managedBlock(ForkJoinPool.java:3436)
        at java.base@17.0.12/java.util.concurrent.locks.AbstractQueuedSynchronizer$ConditionObject.await(AbstractQueuedSynchronizer.java:1625)
        at java.base@17.0.12/java.util.concurrent.ScheduledThreadPoolExecutor$DelayedWorkQueue.take(ScheduledThreadPoolExecutor.java:1177)
        at java.base@17.0.12/java.util.concurrent.ScheduledThreadPoolExecutor$DelayedWorkQueue.take(ScheduledThreadPoolExecutor.java:899)
        at java.base@17.0.12/java.util.concurrent.ThreadPoolExecutor.getTask(ThreadPoolExecutor.java:1062)
        at java.base@17.0.12/java.util.concurrent.ThreadPoolExecutor.runWorker(ThreadPoolExecutor.java:1122)
        at java.base@17.0.12/java.util.concurrent.ThreadPoolExecutor$Worker.run(ThreadPoolExecutor.java:635)
        at java.base@17.0.12/java.lang.Thread.run(Thread.java:840)
"IPC Server handler 21 on default port 15001" daemon prio=5 tid=207 timed_waiting
java.lang.Thread.State: TIMED_WAITING
        at java.base@17.0.12/jdk.internal.misc.Unsafe.park(Native Method)
        at java.base@17.0.12/java.util.concurrent.locks.LockSupport.parkNanos(LockSupport.java:252)
        at java.base@17.0.12/java.util.concurrent.locks.AbstractQueuedSynchronizer$ConditionObject.awaitNanos(AbstractQueuedSynchronizer.java:1674)
        at java.base@17.0.12/java.util.concurrent.LinkedBlockingQueue.poll(LinkedBlockingQueue.java:460)
        at app//org.apache.hadoop.ipc.CallQueueManager.take(CallQueueManager.java:317)
        at app//org.apache.hadoop.ipc.Server$Handler.run(Server.java:3014)
"d758e0a9-c5a1-4fd4-978f-3629e4af057b-PeriodicHDDSVolumeChecker" daemon prio=5 tid=730 timed_waiting
java.lang.Thread.State: TIMED_WAITING
        at java.base@17.0.12/jdk.internal.misc.Unsafe.park(Native Method)
        at java.base@17.0.12/java.util.concurrent.locks.LockSupport.parkNanos(LockSupport.java:252)
        at java.base@17.0.12/java.util.concurrent.locks.AbstractQueuedSynchronizer$ConditionObject.awaitNanos(AbstractQueuedSynchronizer.java:1674)
        at java.base@17.0.12/java.util.concurrent.ScheduledThreadPoolExecutor$DelayedWorkQueue.take(ScheduledThreadPoolExecutor.java:1182)
        at java.base@17.0.12/java.util.concurrent.ScheduledThreadPoolExecutor$DelayedWorkQueue.take(ScheduledThreadPoolExecutor.java:899)
        at java.base@17.0.12/java.util.concurrent.ThreadPoolExecutor.getTask(ThreadPoolExecutor.java:1062)
        at java.base@17.0.12/java.util.concurrent.ThreadPoolExecutor.runWorker(ThreadPoolExecutor.java:1122)
        at java.base@17.0.12/java.util.concurrent.ThreadPoolExecutor$Worker.run(ThreadPoolExecutor.java:635)
        at java.base@17.0.12/java.lang.Thread.run(Thread.java:840)
"9d1f9f5c-07b4-413f-b8b0-69aa045119d7-RocksDBCompactionThread-0"  prio=5 tid=570 timed_waiting
java.lang.Thread.State: TIMED_WAITING
        at java.base@17.0.12/jdk.internal.misc.Unsafe.park(Native Method)
        at java.base@17.0.12/java.util.concurrent.locks.LockSupport.parkNanos(LockSupport.java:252)
        at java.base@17.0.12/java.util.concurrent.locks.AbstractQueuedSynchronizer$ConditionObject.awaitNanos(AbstractQueuedSynchronizer.java:1674)
        at java.base@17.0.12/java.util.concurrent.ScheduledThreadPoolExecutor$DelayedWorkQueue.take(ScheduledThreadPoolExecutor.java:1182)
        at java.base@17.0.12/java.util.concurrent.ScheduledThreadPoolExecutor$DelayedWorkQueue.take(ScheduledThreadPoolExecutor.java:899)
        at java.base@17.0.12/java.util.concurrent.ThreadPoolExecutor.getTask(ThreadPoolExecutor.java:1062)
        at java.base@17.0.12/java.util.concurrent.ThreadPoolExecutor.runWorker(ThreadPoolExecutor.java:1122)
        at java.base@17.0.12/java.util.concurrent.ThreadPoolExecutor$Worker.run(ThreadPoolExecutor.java:635)
        at java.base@17.0.12/java.lang.Thread.run(Thread.java:840)
"IPC Server handler 45 on default port 15000" daemon prio=5 tid=131 timed_waiting
java.lang.Thread.State: TIMED_WAITING
        at java.base@17.0.12/jdk.internal.misc.Unsafe.park(Native Method)
        at java.base@17.0.12/java.util.concurrent.locks.LockSupport.parkNanos(LockSupport.java:252)
        at java.base@17.0.12/java.util.concurrent.locks.AbstractQueuedSynchronizer$ConditionObject.awaitNanos(AbstractQueuedSynchronizer.java:1674)
        at java.base@17.0.12/java.util.concurrent.LinkedBlockingQueue.poll(LinkedBlockingQueue.java:460)
        at app//org.apache.hadoop.ipc.CallQueueManager.take(CallQueueManager.java:317)
        at app//org.apache.hadoop.ipc.Server$Handler.run(Server.java:3014)
"Socket Reader #7 for port 15019"  prio=5 tid=545 runnable
java.lang.Thread.State: RUNNABLE
        at java.base@17.0.12/sun.nio.ch.EPoll.wait(Native Method)
        at java.base@17.0.12/sun.nio.ch.EPollSelectorImpl.doSelect(EPollSelectorImpl.java:118)
        at java.base@17.0.12/sun.nio.ch.SelectorImpl.lockAndDoSelect(SelectorImpl.java:129)
        at java.base@17.0.12/sun.nio.ch.SelectorImpl.select(SelectorImpl.java:146)
        at app//org.apache.hadoop.ipc.Server$Listener$Reader.doRunLoop(Server.java:1346)
        at app//org.apache.hadoop.ipc.Server$Listener$Reader.run(Server.java:1325)
"qtp211730958-536" daemon prio=5 tid=536 timed_waiting
java.lang.Thread.State: TIMED_WAITING
        at java.base@17.0.12/jdk.internal.misc.Unsafe.park(Native Method)
        at java.base@17.0.12/java.util.concurrent.locks.LockSupport.parkNanos(LockSupport.java:252)
        at java.base@17.0.12/java.util.concurrent.locks.AbstractQueuedSynchronizer$ConditionObject.awaitNanos(AbstractQueuedSynchronizer.java:1674)
        at app//org.eclipse.jetty.util.BlockingArrayQueue.poll(BlockingArrayQueue.java:382)
        at app//org.eclipse.jetty.util.thread.QueuedThreadPool$Runner.idleJobPoll(QueuedThreadPool.java:974)
        at app//org.eclipse.jetty.util.thread.QueuedThreadPool$Runner.run(QueuedThreadPool.java:1018)
        at java.base@17.0.12/java.lang.Thread.run(Thread.java:840)
"Reference Handler" daemon prio=10 tid=2 runnable
java.lang.Thread.State: RUNNABLE
        at java.base@17.0.12/java.lang.ref.Reference.waitForReferencePendingList(Native Method)
        at java.base@17.0.12/java.lang.ref.Reference.processPendingReferences(Reference.java:253)
        at java.base@17.0.12/java.lang.ref.Reference$ReferenceHandler.run(Reference.java:215)
"IPC Server handler 19 on default port 15000" daemon prio=5 tid=105 timed_waiting
java.lang.Thread.State: TIMED_WAITING
        at java.base@17.0.12/jdk.internal.misc.Unsafe.park(Native Method)
        at java.base@17.0.12/java.util.concurrent.locks.LockSupport.parkNanos(LockSupport.java:252)
        at java.base@17.0.12/java.util.concurrent.locks.AbstractQueuedSynchronizer$ConditionObject.awaitNanos(AbstractQueuedSynchronizer.java:1674)
        at java.base@17.0.12/java.util.concurrent.LinkedBlockingQueue.poll(LinkedBlockingQueue.java:460)
        at app//org.apache.hadoop.ipc.CallQueueManager.take(CallQueueManager.java:317)
        at app//org.apache.hadoop.ipc.Server$Handler.run(Server.java:3014)
"FixedThreadPoolWithAffinityExecutor-2-0" daemon prio=5 tid=77 timed_waiting
java.lang.Thread.State: TIMED_WAITING
        at java.base@17.0.12/jdk.internal.misc.Unsafe.park(Native Method)
        at java.base@17.0.12/java.util.concurrent.locks.LockSupport.parkNanos(LockSupport.java:252)
        at java.base@17.0.12/java.util.concurrent.locks.AbstractQueuedSynchronizer$ConditionObject.awaitNanos(AbstractQueuedSynchronizer.java:1674)
        at java.base@17.0.12/java.util.concurrent.LinkedBlockingQueue.poll(LinkedBlockingQueue.java:460)
        at app//org.apache.hadoop.hdds.scm.server.ContainerReportQueue.poll(ContainerReportQueue.java:269)
        at app//org.apache.hadoop.hdds.scm.server.ContainerReportQueue.poll(ContainerReportQueue.java:42)
        at app//org.apache.hadoop.hdds.server.events.FixedThreadPoolWithAffinityExecutor$ContainerReportProcessTask.run(FixedThreadPoolWithAffinityExecutor.java:253)
        at java.base@17.0.12/java.util.concurrent.Executors$RunnableAdapter.call(Executors.java:539)
        at java.base@17.0.12/java.util.concurrent.FutureTask.run(FutureTask.java:264)
        at java.base@17.0.12/java.util.concurrent.ThreadPoolExecutor.runWorker(ThreadPoolExecutor.java:1136)
        at java.base@17.0.12/java.util.concurrent.ThreadPoolExecutor$Worker.run(ThreadPoolExecutor.java:635)
        at java.base@17.0.12/java.lang.Thread.run(Thread.java:840)
"18c2a24f-8a03-4916-b50c-e7c6140a9b01-PeriodicHDDSVolumeChecker" daemon prio=5 tid=784 timed_waiting
java.lang.Thread.State: TIMED_WAITING
        at java.base@17.0.12/jdk.internal.misc.Unsafe.park(Native Method)
        at java.base@17.0.12/java.util.concurrent.locks.LockSupport.parkNanos(LockSupport.java:252)
        at java.base@17.0.12/java.util.concurrent.locks.AbstractQueuedSynchronizer$ConditionObject.awaitNanos(AbstractQueuedSynchronizer.java:1674)
        at java.base@17.0.12/java.util.concurrent.ScheduledThreadPoolExecutor$DelayedWorkQueue.take(ScheduledThreadPoolExecutor.java:1182)
        at java.base@17.0.12/java.util.concurrent.ScheduledThreadPoolExecutor$DelayedWorkQueue.take(ScheduledThreadPoolExecutor.java:899)
        at java.base@17.0.12/java.util.concurrent.ThreadPoolExecutor.getTask(ThreadPoolExecutor.java:1062)
        at java.base@17.0.12/java.util.concurrent.ThreadPoolExecutor.runWorker(ThreadPoolExecutor.java:1122)
        at java.base@17.0.12/java.util.concurrent.ThreadPoolExecutor$Worker.run(ThreadPoolExecutor.java:635)
        at java.base@17.0.12/java.lang.Thread.run(Thread.java:840)
"9d1f9f5c-07b4-413f-b8b0-69aa045119d7-ChunkWriter-0-0" daemon prio=5 tid=753 in Object.wait()
java.lang.Thread.State: WAITING (on object monitor)
        at java.base@17.0.12/jdk.internal.misc.Unsafe.park(Native Method)
        at java.base@17.0.12/java.util.concurrent.locks.LockSupport.park(LockSupport.java:341)
        at java.base@17.0.12/java.util.concurrent.locks.AbstractQueuedSynchronizer$ConditionNode.block(AbstractQueuedSynchronizer.java:506)
        at java.base@17.0.12/java.util.concurrent.ForkJoinPool.unmanagedBlock(ForkJoinPool.java:3465)
        at java.base@17.0.12/java.util.concurrent.ForkJoinPool.managedBlock(ForkJoinPool.java:3436)
        at java.base@17.0.12/java.util.concurrent.locks.AbstractQueuedSynchronizer$ConditionObject.await(AbstractQueuedSynchronizer.java:1625)
        at java.base@17.0.12/java.util.concurrent.LinkedBlockingDeque.takeFirst(LinkedBlockingDeque.java:485)
        at java.base@17.0.12/java.util.concurrent.LinkedBlockingDeque.take(LinkedBlockingDeque.java:673)
        at java.base@17.0.12/java.util.concurrent.ThreadPoolExecutor.getTask(ThreadPoolExecutor.java:1062)
        at java.base@17.0.12/java.util.concurrent.ThreadPoolExecutor.runWorker(ThreadPoolExecutor.java:1122)
        at java.base@17.0.12/java.util.concurrent.ThreadPoolExecutor$Worker.run(ThreadPoolExecutor.java:635)
        at java.base@17.0.12/java.lang.Thread.run(Thread.java:840)
"Socket Reader #9 for port 15046"  prio=5 tid=685 runnable
java.lang.Thread.State: RUNNABLE
        at java.base@17.0.12/sun.nio.ch.EPoll.wait(Native Method)
        at java.base@17.0.12/sun.nio.ch.EPollSelectorImpl.doSelect(EPollSelectorImpl.java:118)
        at java.base@17.0.12/sun.nio.ch.SelectorImpl.lockAndDoSelect(SelectorImpl.java:129)
        at java.base@17.0.12/sun.nio.ch.SelectorImpl.select(SelectorImpl.java:146)
        at app//org.apache.hadoop.ipc.Server$Listener$Reader.doRunLoop(Server.java:1346)
        at app//org.apache.hadoop.ipc.Server$Listener$Reader.run(Server.java:1325)
"timer5" daemon prio=5 tid=957 timed_waiting
java.lang.Thread.State: TIMED_WAITING
        at java.base@17.0.12/java.lang.Object.wait(Native Method)
        at java.base@17.0.12/java.util.TimerThread.mainLoop(Timer.java:563)
        at java.base@17.0.12/java.util.TimerThread.run(Timer.java:516)
"IPC Server handler 93 on default port 15000" daemon prio=5 tid=179 timed_waiting
java.lang.Thread.State: TIMED_WAITING
        at java.base@17.0.12/jdk.internal.misc.Unsafe.park(Native Method)
        at java.base@17.0.12/java.util.concurrent.locks.LockSupport.parkNanos(LockSupport.java:252)
        at java.base@17.0.12/java.util.concurrent.locks.AbstractQueuedSynchronizer$ConditionObject.awaitNanos(AbstractQueuedSynchronizer.java:1674)
        at java.base@17.0.12/java.util.concurrent.LinkedBlockingQueue.poll(LinkedBlockingQueue.java:460)
        at app//org.apache.hadoop.ipc.CallQueueManager.take(CallQueueManager.java:317)
        at app//org.apache.hadoop.ipc.Server$Handler.run(Server.java:3014)
"f3028915-7dd4-47fe-983a-636a8839ab96-DatanodeStateMachineTaskThread-0"  prio=5 tid=660 in Object.wait()
java.lang.Thread.State: WAITING (on object monitor)
        at java.base@17.0.12/jdk.internal.misc.Unsafe.park(Native Method)
        at java.base@17.0.12/java.util.concurrent.locks.LockSupport.park(LockSupport.java:341)
        at java.base@17.0.12/java.util.concurrent.locks.AbstractQueuedSynchronizer$ConditionNode.block(AbstractQueuedSynchronizer.java:506)
        at java.base@17.0.12/java.util.concurrent.ForkJoinPool.unmanagedBlock(ForkJoinPool.java:3465)
        at java.base@17.0.12/java.util.concurrent.ForkJoinPool.managedBlock(ForkJoinPool.java:3436)
        at java.base@17.0.12/java.util.concurrent.locks.AbstractQueuedSynchronizer$ConditionObject.await(AbstractQueuedSynchronizer.java:1625)
        at java.base@17.0.12/java.util.concurrent.LinkedBlockingQueue.take(LinkedBlockingQueue.java:435)
        at java.base@17.0.12/java.util.concurrent.ThreadPoolExecutor.getTask(ThreadPoolExecutor.java:1062)
        at java.base@17.0.12/java.util.concurrent.ThreadPoolExecutor.runWorker(ThreadPoolExecutor.java:1122)
        at java.base@17.0.12/java.util.concurrent.ThreadPoolExecutor$Worker.run(ThreadPoolExecutor.java:635)
        at java.base@17.0.12/java.lang.Thread.run(Thread.java:840)
"qtp55402156-392" daemon prio=5 tid=392 timed_waiting
java.lang.Thread.State: TIMED_WAITING
        at java.base@17.0.12/jdk.internal.misc.Unsafe.park(Native Method)
        at java.base@17.0.12/java.util.concurrent.locks.LockSupport.parkNanos(LockSupport.java:252)
        at java.base@17.0.12/java.util.concurrent.locks.AbstractQueuedSynchronizer$ConditionObject.awaitNanos(AbstractQueuedSynchronizer.java:1674)
        at app//org.eclipse.jetty.util.BlockingArrayQueue.poll(BlockingArrayQueue.java:382)
        at app//org.eclipse.jetty.util.thread.QueuedThreadPool$Runner.idleJobPoll(QueuedThreadPool.java:974)
        at app//org.eclipse.jetty.util.thread.QueuedThreadPool$Runner.run(QueuedThreadPool.java:1018)
        at java.base@17.0.12/java.lang.Thread.run(Thread.java:840)
"Socket Reader #6 for port 15004"  prio=5 tid=417 runnable
java.lang.Thread.State: RUNNABLE
        at java.base@17.0.12/sun.nio.ch.EPoll.wait(Native Method)
        at java.base@17.0.12/sun.nio.ch.EPollSelectorImpl.doSelect(EPollSelectorImpl.java:118)
        at java.base@17.0.12/sun.nio.ch.SelectorImpl.lockAndDoSelect(SelectorImpl.java:129)
        at java.base@17.0.12/sun.nio.ch.SelectorImpl.select(SelectorImpl.java:146)
        at app//org.apache.hadoop.ipc.Server$Listener$Reader.doRunLoop(Server.java:1346)
        at app//org.apache.hadoop.ipc.Server$Listener$Reader.run(Server.java:1325)
"IPC Server handler 95 on default port 15001" daemon prio=5 tid=281 timed_waiting
java.lang.Thread.State: TIMED_WAITING
        at java.base@17.0.12/jdk.internal.misc.Unsafe.park(Native Method)
        at java.base@17.0.12/java.util.concurrent.locks.LockSupport.parkNanos(LockSupport.java:252)
        at java.base@17.0.12/java.util.concurrent.locks.AbstractQueuedSynchronizer$ConditionObject.awaitNanos(AbstractQueuedSynchronizer.java:1674)
        at java.base@17.0.12/java.util.concurrent.LinkedBlockingQueue.poll(LinkedBlockingQueue.java:460)
        at app//org.apache.hadoop.ipc.CallQueueManager.take(CallQueueManager.java:317)
        at app//org.apache.hadoop.ipc.Server$Handler.run(Server.java:3014)
"EventQueue-NodeRegistrationContainerReportForDataNodeSafeModeRule" daemon prio=5 tid=801 in Object.wait()
java.lang.Thread.State: WAITING (on object monitor)
        at java.base@17.0.12/jdk.internal.misc.Unsafe.park(Native Method)
        at java.base@17.0.12/java.util.concurrent.locks.LockSupport.park(LockSupport.java:341)
        at java.base@17.0.12/java.util.concurrent.locks.AbstractQueuedSynchronizer$ConditionNode.block(AbstractQueuedSynchronizer.java:506)
        at java.base@17.0.12/java.util.concurrent.ForkJoinPool.unmanagedBlock(ForkJoinPool.java:3465)
        at java.base@17.0.12/java.util.concurrent.ForkJoinPool.managedBlock(ForkJoinPool.java:3436)
        at java.base@17.0.12/java.util.concurrent.locks.AbstractQueuedSynchronizer$ConditionObject.await(AbstractQueuedSynchronizer.java:1625)
        at java.base@17.0.12/java.util.concurrent.LinkedBlockingQueue.take(LinkedBlockingQueue.java:435)
        at java.base@17.0.12/java.util.concurrent.ThreadPoolExecutor.getTask(ThreadPoolExecutor.java:1062)
        at java.base@17.0.12/java.util.concurrent.ThreadPoolExecutor.runWorker(ThreadPoolExecutor.java:1122)
        at java.base@17.0.12/java.util.concurrent.ThreadPoolExecutor$Worker.run(ThreadPoolExecutor.java:635)
        at java.base@17.0.12/java.lang.Thread.run(Thread.java:840)
"qtp867773795-448" daemon prio=5 tid=448 timed_waiting
java.lang.Thread.State: TIMED_WAITING
        at java.base@17.0.12/jdk.internal.misc.Unsafe.park(Native Method)
        at java.base@17.0.12/java.util.concurrent.locks.LockSupport.parkNanos(LockSupport.java:252)
        at java.base@17.0.12/java.util.concurrent.locks.AbstractQueuedSynchronizer$ConditionObject.awaitNanos(AbstractQueuedSynchronizer.java:1674)
        at app//org.eclipse.jetty.util.BlockingArrayQueue.poll(BlockingArrayQueue.java:382)
        at app//org.eclipse.jetty.util.thread.QueuedThreadPool$Runner.idleJobPoll(QueuedThreadPool.java:974)
        at app//org.eclipse.jetty.util.thread.QueuedThreadPool$Runner.run(QueuedThreadPool.java:1018)
        at java.base@17.0.12/java.lang.Thread.run(Thread.java:840)
"IPC Server handler 7 on default port 15028" daemon prio=5 tid=605 timed_waiting
java.lang.Thread.State: TIMED_WAITING
        at java.base@17.0.12/jdk.internal.misc.Unsafe.park(Native Method)
        at java.base@17.0.12/java.util.concurrent.locks.LockSupport.parkNanos(LockSupport.java:252)
        at java.base@17.0.12/java.util.concurrent.locks.AbstractQueuedSynchronizer$ConditionObject.awaitNanos(AbstractQueuedSynchronizer.java:1674)
        at java.base@17.0.12/java.util.concurrent.LinkedBlockingQueue.poll(LinkedBlockingQueue.java:460)
        at app//org.apache.hadoop.ipc.CallQueueManager.take(CallQueueManager.java:317)
        at app//org.apache.hadoop.ipc.Server$Handler.run(Server.java:3014)
"IPC Server handler 33 on default port 15001" daemon prio=5 tid=219 timed_waiting
java.lang.Thread.State: TIMED_WAITING
        at java.base@17.0.12/jdk.internal.misc.Unsafe.park(Native Method)
        at java.base@17.0.12/java.util.concurrent.locks.LockSupport.parkNanos(LockSupport.java:252)
        at java.base@17.0.12/java.util.concurrent.locks.AbstractQueuedSynchronizer$ConditionObject.awaitNanos(AbstractQueuedSynchronizer.java:1674)
        at java.base@17.0.12/java.util.concurrent.LinkedBlockingQueue.poll(LinkedBlockingQueue.java:460)
        at app//org.apache.hadoop.ipc.CallQueueManager.take(CallQueueManager.java:317)
        at app//org.apache.hadoop.ipc.Server$Handler.run(Server.java:3014)
"18c2a24f-8a03-4916-b50c-e7c6140a9b01-EndpointStateMachineTaskThread-/0.0.0.0:15002-0 "  prio=5 tid=782 in Object.wait()
java.lang.Thread.State: WAITING (on object monitor)
        at java.base@17.0.12/jdk.internal.misc.Unsafe.park(Native Method)
        at java.base@17.0.12/java.util.concurrent.locks.LockSupport.park(LockSupport.java:341)
        at java.base@17.0.12/java.util.concurrent.locks.AbstractQueuedSynchronizer$ConditionNode.block(AbstractQueuedSynchronizer.java:506)
        at java.base@17.0.12/java.util.concurrent.ForkJoinPool.unmanagedBlock(ForkJoinPool.java:3465)
        at java.base@17.0.12/java.util.concurrent.ForkJoinPool.managedBlock(ForkJoinPool.java:3436)
        at java.base@17.0.12/java.util.concurrent.locks.AbstractQueuedSynchronizer$ConditionObject.await(AbstractQueuedSynchronizer.java:1625)
        at java.base@17.0.12/java.util.concurrent.LinkedBlockingQueue.take(LinkedBlockingQueue.java:435)
        at java.base@17.0.12/java.util.concurrent.ThreadPoolExecutor.getTask(ThreadPoolExecutor.java:1062)
        at java.base@17.0.12/java.util.concurrent.ThreadPoolExecutor.runWorker(ThreadPoolExecutor.java:1122)
        at java.base@17.0.12/java.util.concurrent.ThreadPoolExecutor$Worker.run(ThreadPoolExecutor.java:635)
        at java.base@17.0.12/java.lang.Thread.run(Thread.java:840)
"IPC Server handler 6 on default port 15001" daemon prio=5 tid=192 timed_waiting
java.lang.Thread.State: TIMED_WAITING
        at java.base@17.0.12/jdk.internal.misc.Unsafe.park(Native Method)
        at java.base@17.0.12/java.util.concurrent.locks.LockSupport.parkNanos(LockSupport.java:252)
        at java.base@17.0.12/java.util.concurrent.locks.AbstractQueuedSynchronizer$ConditionObject.awaitNanos(AbstractQueuedSynchronizer.java:1674)
        at java.base@17.0.12/java.util.concurrent.LinkedBlockingQueue.poll(LinkedBlockingQueue.java:460)
        at app//org.apache.hadoop.ipc.CallQueueManager.take(CallQueueManager.java:317)
        at app//org.apache.hadoop.ipc.Server$Handler.run(Server.java:3014)
"Socket Reader #2 for port 15028"  prio=5 tid=586 runnable
java.lang.Thread.State: RUNNABLE
        at java.base@17.0.12/sun.nio.ch.EPoll.wait(Native Method)
        at java.base@17.0.12/sun.nio.ch.EPollSelectorImpl.doSelect(EPollSelectorImpl.java:118)
        at java.base@17.0.12/sun.nio.ch.SelectorImpl.lockAndDoSelect(SelectorImpl.java:129)
        at java.base@17.0.12/sun.nio.ch.SelectorImpl.select(SelectorImpl.java:146)
        at app//org.apache.hadoop.ipc.Server$Listener$Reader.doRunLoop(Server.java:1346)
        at app//org.apache.hadoop.ipc.Server$Listener$Reader.run(Server.java:1325)
"timer3" daemon prio=5 tid=933 timed_waiting
java.lang.Thread.State: TIMED_WAITING
        at java.base@17.0.12/java.lang.Object.wait(Native Method)
        at java.base@17.0.12/java.util.TimerThread.mainLoop(Timer.java:563)
        at java.base@17.0.12/java.util.TimerThread.run(Timer.java:516)
"IPC Server handler 87 on default port 15002" daemon prio=5 tid=373 timed_waiting
java.lang.Thread.State: TIMED_WAITING
        at java.base@17.0.12/jdk.internal.misc.Unsafe.park(Native Method)
        at java.base@17.0.12/java.util.concurrent.locks.LockSupport.parkNanos(LockSupport.java:252)
        at java.base@17.0.12/java.util.concurrent.locks.AbstractQueuedSynchronizer$ConditionObject.awaitNanos(AbstractQueuedSynchronizer.java:1674)
        at java.base@17.0.12/java.util.concurrent.LinkedBlockingQueue.poll(LinkedBlockingQueue.java:460)
        at app//org.apache.hadoop.ipc.CallQueueManager.take(CallQueueManager.java:317)
        at app//org.apache.hadoop.ipc.Server$Handler.run(Server.java:3014)
"IPC Server listener on 15004" daemon prio=5 tid=411 runnable
java.lang.Thread.State: RUNNABLE
        at java.base@17.0.12/sun.nio.ch.EPoll.wait(Native Method)
        at java.base@17.0.12/sun.nio.ch.EPollSelectorImpl.doSelect(EPollSelectorImpl.java:118)
        at java.base@17.0.12/sun.nio.ch.SelectorImpl.lockAndDoSelect(SelectorImpl.java:129)
        at java.base@17.0.12/sun.nio.ch.SelectorImpl.select(SelectorImpl.java:146)
        at app//org.apache.hadoop.ipc.Server$Listener.run(Server.java:1408)
"Socket Reader #8 for port 15019"  prio=5 tid=546 runnable
java.lang.Thread.State: RUNNABLE
        at java.base@17.0.12/sun.nio.ch.EPoll.wait(Native Method)
        at java.base@17.0.12/sun.nio.ch.EPollSelectorImpl.doSelect(EPollSelectorImpl.java:118)
        at java.base@17.0.12/sun.nio.ch.SelectorImpl.lockAndDoSelect(SelectorImpl.java:129)
        at java.base@17.0.12/sun.nio.ch.SelectorImpl.select(SelectorImpl.java:146)
        at app//org.apache.hadoop.ipc.Server$Listener$Reader.doRunLoop(Server.java:1346)
        at app//org.apache.hadoop.ipc.Server$Listener$Reader.run(Server.java:1325)
"IPC Server handler 80 on default port 15001" daemon prio=5 tid=266 timed_waiting
java.lang.Thread.State: TIMED_WAITING
        at java.base@17.0.12/jdk.internal.misc.Unsafe.park(Native Method)
        at java.base@17.0.12/java.util.concurrent.locks.LockSupport.parkNanos(LockSupport.java:252)
        at java.base@17.0.12/java.util.concurrent.locks.AbstractQueuedSynchronizer$ConditionObject.awaitNanos(AbstractQueuedSynchronizer.java:1674)
        at java.base@17.0.12/java.util.concurrent.LinkedBlockingQueue.poll(LinkedBlockingQueue.java:460)
        at app//org.apache.hadoop.ipc.CallQueueManager.take(CallQueueManager.java:317)
        at app//org.apache.hadoop.ipc.Server$Handler.run(Server.java:3014)
"Socket Reader #1 for port 15028"  prio=5 tid=585 runnable
java.lang.Thread.State: RUNNABLE
        at java.base@17.0.12/sun.nio.ch.EPoll.wait(Native Method)
        at java.base@17.0.12/sun.nio.ch.EPollSelectorImpl.doSelect(EPollSelectorImpl.java:118)
        at java.base@17.0.12/sun.nio.ch.SelectorImpl.lockAndDoSelect(SelectorImpl.java:129)
        at java.base@17.0.12/sun.nio.ch.SelectorImpl.select(SelectorImpl.java:146)
        at app//org.apache.hadoop.ipc.Server$Listener$Reader.doRunLoop(Server.java:1346)
        at app//org.apache.hadoop.ipc.Server$Listener$Reader.run(Server.java:1325)
"IPC Server handler 72 on default port 15000" daemon prio=5 tid=158 timed_waiting
java.lang.Thread.State: TIMED_WAITING
        at java.base@17.0.12/jdk.internal.misc.Unsafe.park(Native Method)
        at java.base@17.0.12/java.util.concurrent.locks.LockSupport.parkNanos(LockSupport.java:252)
        at java.base@17.0.12/java.util.concurrent.locks.AbstractQueuedSynchronizer$ConditionObject.awaitNanos(AbstractQueuedSynchronizer.java:1674)
        at java.base@17.0.12/java.util.concurrent.LinkedBlockingQueue.poll(LinkedBlockingQueue.java:460)
        at app//org.apache.hadoop.ipc.CallQueueManager.take(CallQueueManager.java:317)
        at app//org.apache.hadoop.ipc.Server$Handler.run(Server.java:3014)
"IPC Server handler 69 on default port 15000" daemon prio=5 tid=155 timed_waiting
java.lang.Thread.State: TIMED_WAITING
        at java.base@17.0.12/jdk.internal.misc.Unsafe.park(Native Method)
        at java.base@17.0.12/java.util.concurrent.locks.LockSupport.parkNanos(LockSupport.java:252)
        at java.base@17.0.12/java.util.concurrent.locks.AbstractQueuedSynchronizer$ConditionObject.awaitNanos(AbstractQueuedSynchronizer.java:1674)
        at java.base@17.0.12/java.util.concurrent.LinkedBlockingQueue.poll(LinkedBlockingQueue.java:460)
        at app//org.apache.hadoop.ipc.CallQueueManager.take(CallQueueManager.java:317)
        at app//org.apache.hadoop.ipc.Server$Handler.run(Server.java:3014)
"Socket Reader #3 for port 15002"  prio=5 tid=36 runnable
java.lang.Thread.State: RUNNABLE
        at java.base@17.0.12/sun.nio.ch.EPoll.wait(Native Method)
        at java.base@17.0.12/sun.nio.ch.EPollSelectorImpl.doSelect(EPollSelectorImpl.java:118)
        at java.base@17.0.12/sun.nio.ch.SelectorImpl.lockAndDoSelect(SelectorImpl.java:129)
        at java.base@17.0.12/sun.nio.ch.SelectorImpl.select(SelectorImpl.java:146)
        at app//org.apache.hadoop.ipc.Server$Listener$Reader.doRunLoop(Server.java:1346)
        at app//org.apache.hadoop.ipc.Server$Listener$Reader.run(Server.java:1325)
"IPC Server handler 42 on default port 15001" daemon prio=5 tid=228 timed_waiting
java.lang.Thread.State: TIMED_WAITING
        at java.base@17.0.12/jdk.internal.misc.Unsafe.park(Native Method)
        at java.base@17.0.12/java.util.concurrent.locks.LockSupport.parkNanos(LockSupport.java:252)
        at java.base@17.0.12/java.util.concurrent.locks.AbstractQueuedSynchronizer$ConditionObject.awaitNanos(AbstractQueuedSynchronizer.java:1674)
        at java.base@17.0.12/java.util.concurrent.LinkedBlockingQueue.poll(LinkedBlockingQueue.java:460)
        at app//org.apache.hadoop.ipc.CallQueueManager.take(CallQueueManager.java:317)
        at app//org.apache.hadoop.ipc.Server$Handler.run(Server.java:3014)
"Finalizer" daemon prio=8 tid=3 in Object.wait()
java.lang.Thread.State: WAITING (on object monitor)
        at java.base@17.0.12/java.lang.Object.wait(Native Method)
        at java.base@17.0.12/java.lang.ref.ReferenceQueue.remove(ReferenceQueue.java:155)
        at java.base@17.0.12/java.lang.ref.ReferenceQueue.remove(ReferenceQueue.java:176)
        at java.base@17.0.12/java.lang.ref.Finalizer$FinalizerThread.run(Finalizer.java:172)
"Socket Reader #4 for port 15019"  prio=5 tid=542 runnable
java.lang.Thread.State: RUNNABLE
        at java.base@17.0.12/sun.nio.ch.EPoll.wait(Native Method)
        at java.base@17.0.12/sun.nio.ch.EPollSelectorImpl.doSelect(EPollSelectorImpl.java:118)
        at java.base@17.0.12/sun.nio.ch.SelectorImpl.lockAndDoSelect(SelectorImpl.java:129)
        at java.base@17.0.12/sun.nio.ch.SelectorImpl.select(SelectorImpl.java:146)
        at app//org.apache.hadoop.ipc.Server$Listener$Reader.doRunLoop(Server.java:1346)
        at app//org.apache.hadoop.ipc.Server$Listener$Reader.run(Server.java:1325)
"IPC Server handler 82 on default port 15000" daemon prio=5 tid=168 timed_waiting
java.lang.Thread.State: TIMED_WAITING
        at java.base@17.0.12/jdk.internal.misc.Unsafe.park(Native Method)
        at java.base@17.0.12/java.util.concurrent.locks.LockSupport.parkNanos(LockSupport.java:252)
        at java.base@17.0.12/java.util.concurrent.locks.AbstractQueuedSynchronizer$ConditionObject.awaitNanos(AbstractQueuedSynchronizer.java:1674)
        at java.base@17.0.12/java.util.concurrent.LinkedBlockingQueue.poll(LinkedBlockingQueue.java:460)
        at app//org.apache.hadoop.ipc.CallQueueManager.take(CallQueueManager.java:317)
        at app//org.apache.hadoop.ipc.Server$Handler.run(Server.java:3014)
"IPC Server handler 41 on default port 15001" daemon prio=5 tid=227 timed_waiting
java.lang.Thread.State: TIMED_WAITING
        at java.base@17.0.12/jdk.internal.misc.Unsafe.park(Native Method)
        at java.base@17.0.12/java.util.concurrent.locks.LockSupport.parkNanos(LockSupport.java:252)
        at java.base@17.0.12/java.util.concurrent.locks.AbstractQueuedSynchronizer$ConditionObject.awaitNanos(AbstractQueuedSynchronizer.java:1674)
        at java.base@17.0.12/java.util.concurrent.LinkedBlockingQueue.poll(LinkedBlockingQueue.java:460)
        at app//org.apache.hadoop.ipc.CallQueueManager.take(CallQueueManager.java:317)
        at app//org.apache.hadoop.ipc.Server$Handler.run(Server.java:3014)
"qtp211730958-533" daemon prio=5 tid=533 timed_waiting
java.lang.Thread.State: TIMED_WAITING
        at java.base@17.0.12/jdk.internal.misc.Unsafe.park(Native Method)
        at java.base@17.0.12/java.util.concurrent.locks.LockSupport.parkNanos(LockSupport.java:252)
        at java.base@17.0.12/java.util.concurrent.locks.AbstractQueuedSynchronizer$ConditionObject.awaitNanos(AbstractQueuedSynchronizer.java:1674)
        at app//org.eclipse.jetty.util.BlockingArrayQueue.poll(BlockingArrayQueue.java:382)
        at app//org.eclipse.jetty.util.thread.QueuedThreadPool$Runner.idleJobPoll(QueuedThreadPool.java:974)
        at app//org.eclipse.jetty.util.thread.QueuedThreadPool$Runner.run(QueuedThreadPool.java:1018)
        at java.base@17.0.12/java.lang.Thread.run(Thread.java:840)
"timer1" daemon prio=5 tid=928 timed_waiting
java.lang.Thread.State: TIMED_WAITING
        at java.base@17.0.12/java.lang.Object.wait(Native Method)
        at java.base@17.0.12/java.util.TimerThread.mainLoop(Timer.java:563)
        at java.base@17.0.12/java.util.TimerThread.run(Timer.java:516)
"IPC Server handler 9 on default port 15002" daemon prio=5 tid=295 timed_waiting
java.lang.Thread.State: TIMED_WAITING
        at java.base@17.0.12/jdk.internal.misc.Unsafe.park(Native Method)
        at java.base@17.0.12/java.util.concurrent.locks.LockSupport.parkNanos(LockSupport.java:252)
        at java.base@17.0.12/java.util.concurrent.locks.AbstractQueuedSynchronizer$ConditionObject.awaitNanos(AbstractQueuedSynchronizer.java:1674)
        at java.base@17.0.12/java.util.concurrent.LinkedBlockingQueue.poll(LinkedBlockingQueue.java:460)
        at app//org.apache.hadoop.ipc.CallQueueManager.take(CallQueueManager.java:317)
        at app//org.apache.hadoop.ipc.Server$Handler.run(Server.java:3014)
"IPC Server handler 32 on default port 15001" daemon prio=5 tid=218 timed_waiting
java.lang.Thread.State: TIMED_WAITING
        at java.base@17.0.12/jdk.internal.misc.Unsafe.park(Native Method)
        at java.base@17.0.12/java.util.concurrent.locks.LockSupport.parkNanos(LockSupport.java:252)
        at java.base@17.0.12/java.util.concurrent.locks.AbstractQueuedSynchronizer$ConditionObject.awaitNanos(AbstractQueuedSynchronizer.java:1674)
        at java.base@17.0.12/java.util.concurrent.LinkedBlockingQueue.poll(LinkedBlockingQueue.java:460)
        at app//org.apache.hadoop.ipc.CallQueueManager.take(CallQueueManager.java:317)
        at app//org.apache.hadoop.ipc.Server$Handler.run(Server.java:3014)
"9d1f9f5c-07b4-413f-b8b0-69aa045119d7-DatanodeReportManager-2" daemon prio=5 tid=611 timed_waiting
java.lang.Thread.State: TIMED_WAITING
        at java.base@17.0.12/jdk.internal.misc.Unsafe.park(Native Method)
        at java.base@17.0.12/java.util.concurrent.locks.LockSupport.parkNanos(LockSupport.java:252)
        at java.base@17.0.12/java.util.concurrent.locks.AbstractQueuedSynchronizer$ConditionObject.awaitNanos(AbstractQueuedSynchronizer.java:1674)
        at java.base@17.0.12/java.util.concurrent.ScheduledThreadPoolExecutor$DelayedWorkQueue.take(ScheduledThreadPoolExecutor.java:1182)
        at java.base@17.0.12/java.util.concurrent.ScheduledThreadPoolExecutor$DelayedWorkQueue.take(ScheduledThreadPoolExecutor.java:899)
        at java.base@17.0.12/java.util.concurrent.ThreadPoolExecutor.getTask(ThreadPoolExecutor.java:1062)
        at java.base@17.0.12/java.util.concurrent.ThreadPoolExecutor.runWorker(ThreadPoolExecutor.java:1122)
        at java.base@17.0.12/java.util.concurrent.ThreadPoolExecutor$Worker.run(ThreadPoolExecutor.java:635)
        at java.base@17.0.12/java.lang.Thread.run(Thread.java:840)
"IPC Server listener on 15037" daemon prio=5 tid=630 runnable
java.lang.Thread.State: RUNNABLE
        at java.base@17.0.12/sun.nio.ch.EPoll.wait(Native Method)
        at java.base@17.0.12/sun.nio.ch.EPollSelectorImpl.doSelect(EPollSelectorImpl.java:118)
        at java.base@17.0.12/sun.nio.ch.SelectorImpl.lockAndDoSelect(SelectorImpl.java:129)
        at java.base@17.0.12/sun.nio.ch.SelectorImpl.select(SelectorImpl.java:146)
        at app//org.apache.hadoop.ipc.Server$Listener.run(Server.java:1408)
"9d1f9f5c-07b4-413f-b8b0-69aa045119d7@group-A133DE54D1F1-LeaderStateImpl" daemon prio=5 tid=923 timed_waiting
java.lang.Thread.State: TIMED_WAITING
        at java.base@17.0.12/jdk.internal.misc.Unsafe.park(Native Method)
        at java.base@17.0.12/java.util.concurrent.locks.LockSupport.parkNanos(LockSupport.java:252)
        at java.base@17.0.12/java.util.concurrent.locks.AbstractQueuedSynchronizer$ConditionObject.awaitNanos(AbstractQueuedSynchronizer.java:1674)
        at java.base@17.0.12/java.util.concurrent.ArrayBlockingQueue.poll(ArrayBlockingQueue.java:435)
        at app//org.apache.ratis.server.impl.LeaderStateImpl$EventQueue.poll(LeaderStateImpl.java:164)
        at app//org.apache.ratis.server.impl.LeaderStateImpl$EventProcessor.run(LeaderStateImpl.java:766)
"18c2a24f-8a03-4916-b50c-e7c6140a9b01-DatanodeReportManager-0" daemon prio=5 tid=701 in Object.wait()
java.lang.Thread.State: WAITING (on object monitor)
        at java.base@17.0.12/jdk.internal.misc.Unsafe.park(Native Method)
        at java.base@17.0.12/java.util.concurrent.locks.LockSupport.park(LockSupport.java:341)
        at java.base@17.0.12/java.util.concurrent.locks.AbstractQueuedSynchronizer$ConditionNode.block(AbstractQueuedSynchronizer.java:506)
        at java.base@17.0.12/java.util.concurrent.ForkJoinPool.unmanagedBlock(ForkJoinPool.java:3465)
        at java.base@17.0.12/java.util.concurrent.ForkJoinPool.managedBlock(ForkJoinPool.java:3436)
        at java.base@17.0.12/java.util.concurrent.locks.AbstractQueuedSynchronizer$ConditionObject.await(AbstractQueuedSynchronizer.java:1625)
        at java.base@17.0.12/java.util.concurrent.ScheduledThreadPoolExecutor$DelayedWorkQueue.take(ScheduledThreadPoolExecutor.java:1177)
        at java.base@17.0.12/java.util.concurrent.ScheduledThreadPoolExecutor$DelayedWorkQueue.take(ScheduledThreadPoolExecutor.java:899)
        at java.base@17.0.12/java.util.concurrent.ThreadPoolExecutor.getTask(ThreadPoolExecutor.java:1062)
        at java.base@17.0.12/java.util.concurrent.ThreadPoolExecutor.runWorker(ThreadPoolExecutor.java:1122)
        at java.base@17.0.12/java.util.concurrent.ThreadPoolExecutor$Worker.run(ThreadPoolExecutor.java:635)
        at java.base@17.0.12/java.lang.Thread.run(Thread.java:840)
"IPC Client (885186621) connection to 0.0.0.0/0.0.0.0:15000 from runner" daemon prio=5 tid=954 timed_waiting
java.lang.Thread.State: TIMED_WAITING
        at java.base@17.0.12/java.lang.Object.wait(Native Method)
        at app//org.apache.hadoop.ipc.Client$Connection.waitForWork(Client.java:1026)
        at app//org.apache.hadoop.ipc.Client$Connection.run(Client.java:1077)
"IPC Server idle connection scanner for port 15001" daemon prio=5 tid=58 timed_waiting
java.lang.Thread.State: TIMED_WAITING
        at java.base@17.0.12/java.lang.Object.wait(Native Method)
        at java.base@17.0.12/java.util.TimerThread.mainLoop(Timer.java:563)
        at java.base@17.0.12/java.util.TimerThread.run(Timer.java:516)
"IPC Server handler 97 on default port 15001" daemon prio=5 tid=283 timed_waiting
java.lang.Thread.State: TIMED_WAITING
        at java.base@17.0.12/jdk.internal.misc.Unsafe.park(Native Method)
        at java.base@17.0.12/java.util.concurrent.locks.LockSupport.parkNanos(LockSupport.java:252)
        at java.base@17.0.12/java.util.concurrent.locks.AbstractQueuedSynchronizer$ConditionObject.awaitNanos(AbstractQueuedSynchronizer.java:1674)
        at java.base@17.0.12/java.util.concurrent.LinkedBlockingQueue.poll(LinkedBlockingQueue.java:460)
        at app//org.apache.hadoop.ipc.CallQueueManager.take(CallQueueManager.java:317)
        at app//org.apache.hadoop.ipc.Server$Handler.run(Server.java:3014)
"IPC Server handler 19 on default port 15004" daemon prio=5 tid=472 timed_waiting
java.lang.Thread.State: TIMED_WAITING
        at java.base@17.0.12/jdk.internal.misc.Unsafe.park(Native Method)
        at java.base@17.0.12/java.util.concurrent.locks.LockSupport.parkNanos(LockSupport.java:252)
        at java.base@17.0.12/java.util.concurrent.locks.AbstractQueuedSynchronizer$ConditionObject.awaitNanos(AbstractQueuedSynchronizer.java:1674)
        at java.base@17.0.12/java.util.concurrent.LinkedBlockingQueue.poll(LinkedBlockingQueue.java:460)
        at app//org.apache.hadoop.ipc.CallQueueManager.take(CallQueueManager.java:317)
        at app//org.apache.hadoop.ipc.Server$Handler.run(Server.java:3014)
"IPC Server handler 3 on default port 15046" daemon prio=5 tid=693 timed_waiting
java.lang.Thread.State: TIMED_WAITING
        at java.base@17.0.12/jdk.internal.misc.Unsafe.park(Native Method)
        at java.base@17.0.12/java.util.concurrent.locks.LockSupport.parkNanos(LockSupport.java:252)
        at java.base@17.0.12/java.util.concurrent.locks.AbstractQueuedSynchronizer$ConditionObject.awaitNanos(AbstractQueuedSynchronizer.java:1674)
        at java.base@17.0.12/java.util.concurrent.LinkedBlockingQueue.poll(LinkedBlockingQueue.java:460)
        at app//org.apache.hadoop.ipc.CallQueueManager.take(CallQueueManager.java:317)
        at app//org.apache.hadoop.ipc.Server$Handler.run(Server.java:3014)
"IPC Server handler 46 on default port 15001" daemon prio=5 tid=232 timed_waiting
java.lang.Thread.State: TIMED_WAITING
        at java.base@17.0.12/jdk.internal.misc.Unsafe.park(Native Method)
        at java.base@17.0.12/java.util.concurrent.locks.LockSupport.parkNanos(LockSupport.java:252)
        at java.base@17.0.12/java.util.concurrent.locks.AbstractQueuedSynchronizer$ConditionObject.awaitNanos(AbstractQueuedSynchronizer.java:1674)
        at java.base@17.0.12/java.util.concurrent.LinkedBlockingQueue.poll(LinkedBlockingQueue.java:460)
        at app//org.apache.hadoop.ipc.CallQueueManager.take(CallQueueManager.java:317)
        at app//org.apache.hadoop.ipc.Server$Handler.run(Server.java:3014)
"IPC Server idle connection scanner for port 15019" daemon prio=5 tid=549 timed_waiting
java.lang.Thread.State: TIMED_WAITING
        at java.base@17.0.12/java.lang.Object.wait(Native Method)
        at java.base@17.0.12/java.util.TimerThread.mainLoop(Timer.java:563)
        at java.base@17.0.12/java.util.TimerThread.run(Timer.java:516)
"IPC Server handler 7 on default port 15037" daemon prio=5 tid=651 timed_waiting
java.lang.Thread.State: TIMED_WAITING
        at java.base@17.0.12/jdk.internal.misc.Unsafe.park(Native Method)
        at java.base@17.0.12/java.util.concurrent.locks.LockSupport.parkNanos(LockSupport.java:252)
        at java.base@17.0.12/java.util.concurrent.locks.AbstractQueuedSynchronizer$ConditionObject.awaitNanos(AbstractQueuedSynchronizer.java:1674)
        at java.base@17.0.12/java.util.concurrent.LinkedBlockingQueue.poll(LinkedBlockingQueue.java:460)
        at app//org.apache.hadoop.ipc.CallQueueManager.take(CallQueueManager.java:317)
        at app//org.apache.hadoop.ipc.Server$Handler.run(Server.java:3014)
"IPC Server handler 4 on default port 15000" daemon prio=5 tid=90 timed_waiting
java.lang.Thread.State: TIMED_WAITING
        at java.base@17.0.12/jdk.internal.misc.Unsafe.park(Native Method)
        at java.base@17.0.12/java.util.concurrent.locks.LockSupport.parkNanos(LockSupport.java:252)
        at java.base@17.0.12/java.util.concurrent.locks.AbstractQueuedSynchronizer$ConditionObject.awaitNanos(AbstractQueuedSynchronizer.java:1674)
        at java.base@17.0.12/java.util.concurrent.LinkedBlockingQueue.poll(LinkedBlockingQueue.java:460)
        at app//org.apache.hadoop.ipc.CallQueueManager.take(CallQueueManager.java:317)
        at app//org.apache.hadoop.ipc.Server$Handler.run(Server.java:3014)
"Session-HouseKeeper-1f35f2e1-1"  prio=5 tid=675 timed_waiting
java.lang.Thread.State: TIMED_WAITING
        at java.base@17.0.12/jdk.internal.misc.Unsafe.park(Native Method)
        at java.base@17.0.12/java.util.concurrent.locks.LockSupport.parkNanos(LockSupport.java:252)
        at java.base@17.0.12/java.util.concurrent.locks.AbstractQueuedSynchronizer$ConditionObject.awaitNanos(AbstractQueuedSynchronizer.java:1674)
        at java.base@17.0.12/java.util.concurrent.ScheduledThreadPoolExecutor$DelayedWorkQueue.take(ScheduledThreadPoolExecutor.java:1182)
        at java.base@17.0.12/java.util.concurrent.ScheduledThreadPoolExecutor$DelayedWorkQueue.take(ScheduledThreadPoolExecutor.java:899)
        at java.base@17.0.12/java.util.concurrent.ThreadPoolExecutor.getTask(ThreadPoolExecutor.java:1062)
        at java.base@17.0.12/java.util.concurrent.ThreadPoolExecutor.runWorker(ThreadPoolExecutor.java:1122)
        at java.base@17.0.12/java.util.concurrent.ThreadPoolExecutor$Worker.run(ThreadPoolExecutor.java:635)
        at java.base@17.0.12/java.lang.Thread.run(Thread.java:840)
"9d1f9f5c-07b4-413f-b8b0-69aa045119d7-PipelineCommandHandlerThread-0"  prio=5 tid=890 in Object.wait()
java.lang.Thread.State: WAITING (on object monitor)
        at java.base@17.0.12/jdk.internal.misc.Unsafe.park(Native Method)
        at java.base@17.0.12/java.util.concurrent.locks.LockSupport.park(LockSupport.java:341)
        at java.base@17.0.12/java.util.concurrent.locks.AbstractQueuedSynchronizer$ConditionNode.block(AbstractQueuedSynchronizer.java:506)
        at java.base@17.0.12/java.util.concurrent.ForkJoinPool.unmanagedBlock(ForkJoinPool.java:3465)
        at java.base@17.0.12/java.util.concurrent.ForkJoinPool.managedBlock(ForkJoinPool.java:3436)
        at java.base@17.0.12/java.util.concurrent.locks.AbstractQueuedSynchronizer$ConditionObject.await(AbstractQueuedSynchronizer.java:1625)
        at java.base@17.0.12/java.util.concurrent.LinkedBlockingQueue.take(LinkedBlockingQueue.java:435)
        at java.base@17.0.12/java.util.concurrent.ThreadPoolExecutor.getTask(ThreadPoolExecutor.java:1062)
        at java.base@17.0.12/java.util.concurrent.ThreadPoolExecutor.runWorker(ThreadPoolExecutor.java:1122)
        at java.base@17.0.12/java.util.concurrent.ThreadPoolExecutor$Worker.run(ThreadPoolExecutor.java:635)
        at java.base@17.0.12/java.lang.Thread.run(Thread.java:840)
"qtp867773795-446-acceptor-0@6a2d6350-ServerConnector@2907d3e8{HTTP/1.1, (http/1.1)}{0.0.0.0:15005}" daemon prio=3 tid=446 runnable
java.lang.Thread.State: RUNNABLE
        at java.base@17.0.12/sun.nio.ch.Net.accept(Native Method)
        at java.base@17.0.12/sun.nio.ch.ServerSocketChannelImpl.implAccept(ServerSocketChannelImpl.java:425)
        at java.base@17.0.12/sun.nio.ch.ServerSocketChannelImpl.accept(ServerSocketChannelImpl.java:391)
        at app//org.eclipse.jetty.server.ServerConnector.accept(ServerConnector.java:388)
        at app//org.eclipse.jetty.server.AbstractConnector$Acceptor.run(AbstractConnector.java:704)
        at app//org.eclipse.jetty.util.thread.QueuedThreadPool.runJob(QueuedThreadPool.java:883)
        at app//org.eclipse.jetty.util.thread.QueuedThreadPool$Runner.run(QueuedThreadPool.java:1034)
        at java.base@17.0.12/java.lang.Thread.run(Thread.java:840)
"IPC Server idle connection scanner for port 15046" daemon prio=5 tid=687 timed_waiting
java.lang.Thread.State: TIMED_WAITING
        at java.base@17.0.12/java.lang.Object.wait(Native Method)
        at java.base@17.0.12/java.util.TimerThread.mainLoop(Timer.java:563)
        at java.base@17.0.12/java.util.TimerThread.run(Timer.java:516)
"IPC Server handler 7 on default port 15000" daemon prio=5 tid=93 timed_waiting
java.lang.Thread.State: TIMED_WAITING
        at java.base@17.0.12/jdk.internal.misc.Unsafe.park(Native Method)
        at java.base@17.0.12/java.util.concurrent.locks.LockSupport.parkNanos(LockSupport.java:252)
        at java.base@17.0.12/java.util.concurrent.locks.AbstractQueuedSynchronizer$ConditionObject.awaitNanos(AbstractQueuedSynchronizer.java:1674)
        at java.base@17.0.12/java.util.concurrent.LinkedBlockingQueue.poll(LinkedBlockingQueue.java:460)
        at app//org.apache.hadoop.ipc.CallQueueManager.take(CallQueueManager.java:317)
        at app//org.apache.hadoop.ipc.Server$Handler.run(Server.java:3014)
"Socket Reader #1 for port 15004"  prio=5 tid=412 runnable
java.lang.Thread.State: RUNNABLE
        at java.base@17.0.12/sun.nio.ch.EPoll.wait(Native Method)
        at java.base@17.0.12/sun.nio.ch.EPollSelectorImpl.doSelect(EPollSelectorImpl.java:118)
        at java.base@17.0.12/sun.nio.ch.SelectorImpl.lockAndDoSelect(SelectorImpl.java:129)
        at java.base@17.0.12/sun.nio.ch.SelectorImpl.select(SelectorImpl.java:146)
        at app//org.apache.hadoop.ipc.Server$Listener$Reader.doRunLoop(Server.java:1346)
        at app//org.apache.hadoop.ipc.Server$Listener$Reader.run(Server.java:1325)
"IPC Server handler 84 on default port 15001" daemon prio=5 tid=270 timed_waiting
java.lang.Thread.State: TIMED_WAITING
        at java.base@17.0.12/jdk.internal.misc.Unsafe.park(Native Method)
        at java.base@17.0.12/java.util.concurrent.locks.LockSupport.parkNanos(LockSupport.java:252)
        at java.base@17.0.12/java.util.concurrent.locks.AbstractQueuedSynchronizer$ConditionObject.awaitNanos(AbstractQueuedSynchronizer.java:1674)
        at java.base@17.0.12/java.util.concurrent.LinkedBlockingQueue.poll(LinkedBlockingQueue.java:460)
        at app//org.apache.hadoop.ipc.CallQueueManager.take(CallQueueManager.java:317)
        at app//org.apache.hadoop.ipc.Server$Handler.run(Server.java:3014)
"IPC Server handler 69 on default port 15002" daemon prio=5 tid=355 timed_waiting
java.lang.Thread.State: TIMED_WAITING
        at java.base@17.0.12/jdk.internal.misc.Unsafe.park(Native Method)
        at java.base@17.0.12/java.util.concurrent.locks.LockSupport.parkNanos(LockSupport.java:252)
        at java.base@17.0.12/java.util.concurrent.locks.AbstractQueuedSynchronizer$ConditionObject.awaitNanos(AbstractQueuedSynchronizer.java:1674)
        at java.base@17.0.12/java.util.concurrent.LinkedBlockingQueue.poll(LinkedBlockingQueue.java:460)
        at app//org.apache.hadoop.ipc.CallQueueManager.take(CallQueueManager.java:317)
        at app//org.apache.hadoop.ipc.Server$Handler.run(Server.java:3014)
"18c2a24f-8a03-4916-b50c-e7c6140a9b01-ChunkWriter-1-0" daemon prio=5 tid=790 in Object.wait()
java.lang.Thread.State: WAITING (on object monitor)
        at java.base@17.0.12/jdk.internal.misc.Unsafe.park(Native Method)
        at java.base@17.0.12/java.util.concurrent.locks.LockSupport.park(LockSupport.java:341)
        at java.base@17.0.12/java.util.concurrent.locks.AbstractQueuedSynchronizer$ConditionNode.block(AbstractQueuedSynchronizer.java:506)
        at java.base@17.0.12/java.util.concurrent.ForkJoinPool.unmanagedBlock(ForkJoinPool.java:3465)
        at java.base@17.0.12/java.util.concurrent.ForkJoinPool.managedBlock(ForkJoinPool.java:3436)
        at java.base@17.0.12/java.util.concurrent.locks.AbstractQueuedSynchronizer$ConditionObject.await(AbstractQueuedSynchronizer.java:1625)
        at java.base@17.0.12/java.util.concurrent.LinkedBlockingDeque.takeFirst(LinkedBlockingDeque.java:485)
        at java.base@17.0.12/java.util.concurrent.LinkedBlockingDeque.take(LinkedBlockingDeque.java:673)
        at java.base@17.0.12/java.util.concurrent.ThreadPoolExecutor.getTask(ThreadPoolExecutor.java:1062)
        at java.base@17.0.12/java.util.concurrent.ThreadPoolExecutor.runWorker(ThreadPoolExecutor.java:1122)
        at java.base@17.0.12/java.util.concurrent.ThreadPoolExecutor$Worker.run(ThreadPoolExecutor.java:635)
        at java.base@17.0.12/java.lang.Thread.run(Thread.java:840)
"surefire-forkedjvm-command-thread" daemon prio=5 tid=14 runnable
java.lang.Thread.State: RUNNABLE
        at java.base@17.0.12/java.io.FileInputStream.readBytes(Native Method)
        at java.base@17.0.12/java.io.FileInputStream.read(FileInputStream.java:276)
        at java.base@17.0.12/java.io.BufferedInputStream.fill(BufferedInputStream.java:244)
        at java.base@17.0.12/java.io.BufferedInputStream.read(BufferedInputStream.java:263)
        at java.base@17.0.12/java.io.DataInputStream.readInt(DataInputStream.java:381)
        at app//org.apache.maven.surefire.booter.MasterProcessCommand.decode(MasterProcessCommand.java:113)
        at app//org.apache.maven.surefire.booter.CommandReader$CommandRunnable.run(CommandReader.java:383)
        at java.base@17.0.12/java.lang.Thread.run(Thread.java:840)
"IPC Server handler 70 on default port 15002" daemon prio=5 tid=356 timed_waiting
java.lang.Thread.State: TIMED_WAITING
        at java.base@17.0.12/jdk.internal.misc.Unsafe.park(Native Method)
        at java.base@17.0.12/java.util.concurrent.locks.LockSupport.parkNanos(LockSupport.java:252)
        at java.base@17.0.12/java.util.concurrent.locks.AbstractQueuedSynchronizer$ConditionObject.awaitNanos(AbstractQueuedSynchronizer.java:1674)
        at java.base@17.0.12/java.util.concurrent.LinkedBlockingQueue.poll(LinkedBlockingQueue.java:460)
        at app//org.apache.hadoop.ipc.CallQueueManager.take(CallQueueManager.java:317)
        at app//org.apache.hadoop.ipc.Server$Handler.run(Server.java:3014)
"9d1f9f5c-07b4-413f-b8b0-69aa045119d7-impl-thread1"  prio=5 tid=572 timed_waiting
java.lang.Thread.State: TIMED_WAITING
        at java.base@17.0.12/jdk.internal.misc.Unsafe.park(Native Method)
        at java.base@17.0.12/java.util.concurrent.locks.LockSupport.parkNanos(LockSupport.java:252)
        at java.base@17.0.12/java.util.concurrent.SynchronousQueue$TransferStack.transfer(SynchronousQueue.java:401)
        at java.base@17.0.12/java.util.concurrent.SynchronousQueue.poll(SynchronousQueue.java:903)
        at java.base@17.0.12/java.util.concurrent.ThreadPoolExecutor.getTask(ThreadPoolExecutor.java:1061)
        at java.base@17.0.12/java.util.concurrent.ThreadPoolExecutor.runWorker(ThreadPoolExecutor.java:1122)
        at java.base@17.0.12/java.util.concurrent.ThreadPoolExecutor$Worker.run(ThreadPoolExecutor.java:635)
        at java.base@17.0.12/java.lang.Thread.run(Thread.java:840)
"IPC Server handler 28 on default port 15000" daemon prio=5 tid=114 timed_waiting
java.lang.Thread.State: TIMED_WAITING
        at java.base@17.0.12/jdk.internal.misc.Unsafe.park(Native Method)
        at java.base@17.0.12/java.util.concurrent.locks.LockSupport.parkNanos(LockSupport.java:252)
        at java.base@17.0.12/java.util.concurrent.locks.AbstractQueuedSynchronizer$ConditionObject.awaitNanos(AbstractQueuedSynchronizer.java:1674)
        at java.base@17.0.12/java.util.concurrent.LinkedBlockingQueue.poll(LinkedBlockingQueue.java:460)
        at app//org.apache.hadoop.ipc.CallQueueManager.take(CallQueueManager.java:317)
        at app//org.apache.hadoop.ipc.Server$Handler.run(Server.java:3014)
"Socket Reader #3 for port 15028"  prio=5 tid=587 runnable
java.lang.Thread.State: RUNNABLE
        at java.base@17.0.12/sun.nio.ch.EPoll.wait(Native Method)
        at java.base@17.0.12/sun.nio.ch.EPollSelectorImpl.doSelect(EPollSelectorImpl.java:118)
        at java.base@17.0.12/sun.nio.ch.SelectorImpl.lockAndDoSelect(SelectorImpl.java:129)
        at java.base@17.0.12/sun.nio.ch.SelectorImpl.select(SelectorImpl.java:146)
        at app//org.apache.hadoop.ipc.Server$Listener$Reader.doRunLoop(Server.java:1346)
        at app//org.apache.hadoop.ipc.Server$Listener$Reader.run(Server.java:1325)
"IPC Server handler 3 on default port 15004" daemon prio=5 tid=456 timed_waiting
java.lang.Thread.State: TIMED_WAITING
        at java.base@17.0.12/jdk.internal.misc.Unsafe.park(Native Method)
        at java.base@17.0.12/java.util.concurrent.locks.LockSupport.parkNanos(LockSupport.java:252)
        at java.base@17.0.12/java.util.concurrent.locks.AbstractQueuedSynchronizer$ConditionObject.awaitNanos(AbstractQueuedSynchronizer.java:1674)
        at java.base@17.0.12/java.util.concurrent.LinkedBlockingQueue.poll(LinkedBlockingQueue.java:460)
        at app//org.apache.hadoop.ipc.CallQueueManager.take(CallQueueManager.java:317)
        at app//org.apache.hadoop.ipc.Server$Handler.run(Server.java:3014)
"18c2a24f-8a03-4916-b50c-e7c6140a9b01-CommandProcessorThread" daemon prio=5 tid=705 timed_waiting
java.lang.Thread.State: TIMED_WAITING
        at java.base@17.0.12/java.lang.Thread.sleep(Native Method)
        at app//org.apache.hadoop.ozone.container.common.statemachine.DatanodeStateMachine.lambda$initCommandHandlerThread$4(DatanodeStateMachine.java:671)
        at app//org.apache.hadoop.ozone.container.common.statemachine.DatanodeStateMachine$$Lambda$1417/0x00007fba249312f0.run(Unknown Source)
        at java.base@17.0.12/java.lang.Thread.run(Thread.java:840)
"IPC Server handler 49 on default port 15002" daemon prio=5 tid=335 timed_waiting
java.lang.Thread.State: TIMED_WAITING
        at java.base@17.0.12/jdk.internal.misc.Unsafe.park(Native Method)
        at java.base@17.0.12/java.util.concurrent.locks.LockSupport.parkNanos(LockSupport.java:252)
        at java.base@17.0.12/java.util.concurrent.locks.AbstractQueuedSynchronizer$ConditionObject.awaitNanos(AbstractQueuedSynchronizer.java:1674)
        at java.base@17.0.12/java.util.concurrent.LinkedBlockingQueue.poll(LinkedBlockingQueue.java:460)
        at app//org.apache.hadoop.ipc.CallQueueManager.take(CallQueueManager.java:317)
        at app//org.apache.hadoop.ipc.Server$Handler.run(Server.java:3014)
"om1-impl-thread1"  prio=5 tid=409 timed_waiting
java.lang.Thread.State: TIMED_WAITING
        at java.base@17.0.12/jdk.internal.misc.Unsafe.park(Native Method)
        at java.base@17.0.12/java.util.concurrent.locks.LockSupport.parkNanos(LockSupport.java:252)
        at java.base@17.0.12/java.util.concurrent.SynchronousQueue$TransferStack.transfer(SynchronousQueue.java:401)
        at java.base@17.0.12/java.util.concurrent.SynchronousQueue.poll(SynchronousQueue.java:903)
        at java.base@17.0.12/java.util.concurrent.ThreadPoolExecutor.getTask(ThreadPoolExecutor.java:1061)
        at java.base@17.0.12/java.util.concurrent.ThreadPoolExecutor.runWorker(ThreadPoolExecutor.java:1122)
        at java.base@17.0.12/java.util.concurrent.ThreadPoolExecutor$Worker.run(ThreadPoolExecutor.java:635)
        at java.base@17.0.12/java.lang.Thread.run(Thread.java:840)
"IPC Server handler 76 on default port 15000" daemon prio=5 tid=162 timed_waiting
java.lang.Thread.State: TIMED_WAITING
        at java.base@17.0.12/jdk.internal.misc.Unsafe.park(Native Method)
        at java.base@17.0.12/java.util.concurrent.locks.LockSupport.parkNanos(LockSupport.java:252)
        at java.base@17.0.12/java.util.concurrent.locks.AbstractQueuedSynchronizer$ConditionObject.awaitNanos(AbstractQueuedSynchronizer.java:1674)
        at java.base@17.0.12/java.util.concurrent.LinkedBlockingQueue.poll(LinkedBlockingQueue.java:460)
        at app//org.apache.hadoop.ipc.CallQueueManager.take(CallQueueManager.java:317)
        at app//org.apache.hadoop.ipc.Server$Handler.run(Server.java:3014)
"IPC Server Responder" daemon prio=5 tid=59 runnable
java.lang.Thread.State: RUNNABLE
        at java.base@17.0.12/sun.nio.ch.EPoll.wait(Native Method)
        at java.base@17.0.12/sun.nio.ch.EPollSelectorImpl.doSelect(EPollSelectorImpl.java:118)
        at java.base@17.0.12/sun.nio.ch.SelectorImpl.lockAndDoSelect(SelectorImpl.java:129)
        at java.base@17.0.12/sun.nio.ch.SelectorImpl.select(SelectorImpl.java:141)
        at app//org.apache.hadoop.ipc.Server$Responder.doRunLoop(Server.java:1582)
        at app//org.apache.hadoop.ipc.Server$Responder.run(Server.java:1565)
"IPC Server handler 73 on default port 15002" daemon prio=5 tid=359 timed_waiting
java.lang.Thread.State: TIMED_WAITING
        at java.base@17.0.12/jdk.internal.misc.Unsafe.park(Native Method)
        at java.base@17.0.12/java.util.concurrent.locks.LockSupport.parkNanos(LockSupport.java:252)
        at java.base@17.0.12/java.util.concurrent.locks.AbstractQueuedSynchronizer$ConditionObject.awaitNanos(AbstractQueuedSynchronizer.java:1674)
        at java.base@17.0.12/java.util.concurrent.LinkedBlockingQueue.poll(LinkedBlockingQueue.java:460)
        at app//org.apache.hadoop.ipc.CallQueueManager.take(CallQueueManager.java:317)
        at app//org.apache.hadoop.ipc.Server$Handler.run(Server.java:3014)
"IPC Server handler 98 on default port 15002" daemon prio=5 tid=384 timed_waiting
java.lang.Thread.State: TIMED_WAITING
        at java.base@17.0.12/jdk.internal.misc.Unsafe.park(Native Method)
        at java.base@17.0.12/java.util.concurrent.locks.LockSupport.parkNanos(LockSupport.java:252)
        at java.base@17.0.12/java.util.concurrent.locks.AbstractQueuedSynchronizer$ConditionObject.awaitNanos(AbstractQueuedSynchronizer.java:1674)
        at java.base@17.0.12/java.util.concurrent.LinkedBlockingQueue.poll(LinkedBlockingQueue.java:460)
        at app//org.apache.hadoop.ipc.CallQueueManager.take(CallQueueManager.java:317)
        at app//org.apache.hadoop.ipc.Server$Handler.run(Server.java:3014)
"Session-HouseKeeper-4bc06a3e-1"  prio=5 tid=583 timed_waiting
java.lang.Thread.State: TIMED_WAITING
        at java.base@17.0.12/jdk.internal.misc.Unsafe.park(Native Method)
        at java.base@17.0.12/java.util.concurrent.locks.LockSupport.parkNanos(LockSupport.java:252)
        at java.base@17.0.12/java.util.concurrent.locks.AbstractQueuedSynchronizer$ConditionObject.awaitNanos(AbstractQueuedSynchronizer.java:1674)
        at java.base@17.0.12/java.util.concurrent.ScheduledThreadPoolExecutor$DelayedWorkQueue.take(ScheduledThreadPoolExecutor.java:1182)
        at java.base@17.0.12/java.util.concurrent.ScheduledThreadPoolExecutor$DelayedWorkQueue.take(ScheduledThreadPoolExecutor.java:899)
        at java.base@17.0.12/java.util.concurrent.ThreadPoolExecutor.getTask(ThreadPoolExecutor.java:1062)
        at java.base@17.0.12/java.util.concurrent.ThreadPoolExecutor.runWorker(ThreadPoolExecutor.java:1122)
        at java.base@17.0.12/java.util.concurrent.ThreadPoolExecutor$Worker.run(ThreadPoolExecutor.java:635)
        at java.base@17.0.12/java.lang.Thread.run(Thread.java:840)
"IPC Server handler 95 on default port 15002" daemon prio=5 tid=381 timed_waiting
java.lang.Thread.State: TIMED_WAITING
        at java.base@17.0.12/jdk.internal.misc.Unsafe.park(Native Method)
        at java.base@17.0.12/java.util.concurrent.locks.LockSupport.parkNanos(LockSupport.java:252)
        at java.base@17.0.12/java.util.concurrent.locks.AbstractQueuedSynchronizer$ConditionObject.awaitNanos(AbstractQueuedSynchronizer.java:1674)
        at java.base@17.0.12/java.util.concurrent.LinkedBlockingQueue.poll(LinkedBlockingQueue.java:460)
        at app//org.apache.hadoop.ipc.CallQueueManager.take(CallQueueManager.java:317)
        at app//org.apache.hadoop.ipc.Server$Handler.run(Server.java:3014)
"StaleRecoveringContainerScrubbingService#0" daemon prio=5 tid=742 timed_waiting
java.lang.Thread.State: TIMED_WAITING
        at java.base@17.0.12/jdk.internal.misc.Unsafe.park(Native Method)
        at java.base@17.0.12/java.util.concurrent.locks.LockSupport.parkNanos(LockSupport.java:252)
        at java.base@17.0.12/java.util.concurrent.locks.AbstractQueuedSynchronizer$ConditionObject.awaitNanos(AbstractQueuedSynchronizer.java:1674)
        at java.base@17.0.12/java.util.concurrent.ScheduledThreadPoolExecutor$DelayedWorkQueue.take(ScheduledThreadPoolExecutor.java:1182)
        at java.base@17.0.12/java.util.concurrent.ScheduledThreadPoolExecutor$DelayedWorkQueue.take(ScheduledThreadPoolExecutor.java:899)
        at java.base@17.0.12/java.util.concurrent.ThreadPoolExecutor.getTask(ThreadPoolExecutor.java:1062)
        at java.base@17.0.12/java.util.concurrent.ThreadPoolExecutor.runWorker(ThreadPoolExecutor.java:1122)
        at java.base@17.0.12/java.util.concurrent.ThreadPoolExecutor$Worker.run(ThreadPoolExecutor.java:635)
        at java.base@17.0.12/java.lang.Thread.run(Thread.java:840)
"ReplicationMonitor" daemon prio=5 tid=29 timed_waiting
java.lang.Thread.State: TIMED_WAITING
        at java.base@17.0.12/java.lang.Object.wait(Native Method)
        at app//org.apache.hadoop.hdds.scm.container.replication.ReplicationManager.run(ReplicationManager.java:934)
        at app//org.apache.hadoop.hdds.scm.container.replication.ReplicationManager$$Lambda$688/0x00007fba24393298.run(Unknown Source)
        at java.base@17.0.12/java.lang.Thread.run(Thread.java:840)
"IPC Server handler 48 on default port 15001" daemon prio=5 tid=234 timed_waiting
java.lang.Thread.State: TIMED_WAITING
        at java.base@17.0.12/jdk.internal.misc.Unsafe.park(Native Method)
        at java.base@17.0.12/java.util.concurrent.locks.LockSupport.parkNanos(LockSupport.java:252)
        at java.base@17.0.12/java.util.concurrent.locks.AbstractQueuedSynchronizer$ConditionObject.awaitNanos(AbstractQueuedSynchronizer.java:1674)
        at java.base@17.0.12/java.util.concurrent.LinkedBlockingQueue.poll(LinkedBlockingQueue.java:460)
        at app//org.apache.hadoop.ipc.CallQueueManager.take(CallQueueManager.java:317)
        at app//org.apache.hadoop.ipc.Server$Handler.run(Server.java:3014)
"IPC Server handler 4 on default port 15019" daemon prio=5 tid=556 timed_waiting
java.lang.Thread.State: TIMED_WAITING
        at java.base@17.0.12/jdk.internal.misc.Unsafe.park(Native Method)
        at java.base@17.0.12/java.util.concurrent.locks.LockSupport.parkNanos(LockSupport.java:252)
        at java.base@17.0.12/java.util.concurrent.locks.AbstractQueuedSynchronizer$ConditionObject.awaitNanos(AbstractQueuedSynchronizer.java:1674)
        at java.base@17.0.12/java.util.concurrent.LinkedBlockingQueue.poll(LinkedBlockingQueue.java:460)
        at app//org.apache.hadoop.ipc.CallQueueManager.take(CallQueueManager.java:317)
        at app//org.apache.hadoop.ipc.Server$Handler.run(Server.java:3014)
"IPC Server handler 36 on default port 15002" daemon prio=5 tid=322 timed_waiting
java.lang.Thread.State: TIMED_WAITING
        at java.base@17.0.12/jdk.internal.misc.Unsafe.park(Native Method)
        at java.base@17.0.12/java.util.concurrent.locks.LockSupport.parkNanos(LockSupport.java:252)
        at java.base@17.0.12/java.util.concurrent.locks.AbstractQueuedSynchronizer$ConditionObject.awaitNanos(AbstractQueuedSynchronizer.java:1674)
        at java.base@17.0.12/java.util.concurrent.LinkedBlockingQueue.poll(LinkedBlockingQueue.java:460)
        at app//org.apache.hadoop.ipc.CallQueueManager.take(CallQueueManager.java:317)
        at app//org.apache.hadoop.ipc.Server$Handler.run(Server.java:3014)
"IPC Server handler 24 on default port 15000" daemon prio=5 tid=110 timed_waiting
java.lang.Thread.State: TIMED_WAITING
        at java.base@17.0.12/jdk.internal.misc.Unsafe.park(Native Method)
        at java.base@17.0.12/java.util.concurrent.locks.LockSupport.parkNanos(LockSupport.java:252)
        at java.base@17.0.12/java.util.concurrent.locks.AbstractQueuedSynchronizer$ConditionObject.awaitNanos(AbstractQueuedSynchronizer.java:1674)
        at java.base@17.0.12/java.util.concurrent.LinkedBlockingQueue.poll(LinkedBlockingQueue.java:460)
        at app//org.apache.hadoop.ipc.CallQueueManager.take(CallQueueManager.java:317)
        at app//org.apache.hadoop.ipc.Server$Handler.run(Server.java:3014)
"Socket Reader #4 for port 15004"  prio=5 tid=415 runnable
java.lang.Thread.State: RUNNABLE
        at java.base@17.0.12/sun.nio.ch.EPoll.wait(Native Method)
        at java.base@17.0.12/sun.nio.ch.EPollSelectorImpl.doSelect(EPollSelectorImpl.java:118)
        at java.base@17.0.12/sun.nio.ch.SelectorImpl.lockAndDoSelect(SelectorImpl.java:129)
        at java.base@17.0.12/sun.nio.ch.SelectorImpl.select(SelectorImpl.java:146)
        at app//org.apache.hadoop.ipc.Server$Listener$Reader.doRunLoop(Server.java:1346)
        at app//org.apache.hadoop.ipc.Server$Listener$Reader.run(Server.java:1325)
"IPC Server handler 7 on default port 15004" daemon prio=5 tid=460 timed_waiting
java.lang.Thread.State: TIMED_WAITING
        at java.base@17.0.12/jdk.internal.misc.Unsafe.park(Native Method)
        at java.base@17.0.12/java.util.concurrent.locks.LockSupport.parkNanos(LockSupport.java:252)
        at java.base@17.0.12/java.util.concurrent.locks.AbstractQueuedSynchronizer$ConditionObject.awaitNanos(AbstractQueuedSynchronizer.java:1674)
        at java.base@17.0.12/java.util.concurrent.LinkedBlockingQueue.poll(LinkedBlockingQueue.java:460)
        at app//org.apache.hadoop.ipc.CallQueueManager.take(CallQueueManager.java:317)
        at app//org.apache.hadoop.ipc.Server$Handler.run(Server.java:3014)
"9d1f9f5c-07b4-413f-b8b0-69aa045119d7-DataNodeDiskCheckerThread-0" daemon prio=5 tid=749 timed_waiting
java.lang.Thread.State: TIMED_WAITING
        at java.base@17.0.12/jdk.internal.misc.Unsafe.park(Native Method)
        at java.base@17.0.12/java.util.concurrent.locks.LockSupport.parkNanos(LockSupport.java:252)
        at java.base@17.0.12/java.util.concurrent.SynchronousQueue$TransferStack.transfer(SynchronousQueue.java:401)
        at java.base@17.0.12/java.util.concurrent.SynchronousQueue.poll(SynchronousQueue.java:903)
        at java.base@17.0.12/java.util.concurrent.ThreadPoolExecutor.getTask(ThreadPoolExecutor.java:1061)
        at java.base@17.0.12/java.util.concurrent.ThreadPoolExecutor.runWorker(ThreadPoolExecutor.java:1122)
        at java.base@17.0.12/java.util.concurrent.ThreadPoolExecutor$Worker.run(ThreadPoolExecutor.java:635)
        at java.base@17.0.12/java.lang.Thread.run(Thread.java:840)
"IPC Server handler 4 on default port 15028" daemon prio=5 tid=602 timed_waiting
java.lang.Thread.State: TIMED_WAITING
        at java.base@17.0.12/jdk.internal.misc.Unsafe.park(Native Method)
        at java.base@17.0.12/java.util.concurrent.locks.LockSupport.parkNanos(LockSupport.java:252)
        at java.base@17.0.12/java.util.concurrent.locks.AbstractQueuedSynchronizer$ConditionObject.awaitNanos(AbstractQueuedSynchronizer.java:1674)
        at java.base@17.0.12/java.util.concurrent.LinkedBlockingQueue.poll(LinkedBlockingQueue.java:460)
        at app//org.apache.hadoop.ipc.CallQueueManager.take(CallQueueManager.java:317)
        at app//org.apache.hadoop.ipc.Server$Handler.run(Server.java:3014)
"18c2a24f-8a03-4916-b50c-e7c6140a9b01-ChunkWriter-3-0" daemon prio=5 tid=792 in Object.wait()
java.lang.Thread.State: WAITING (on object monitor)
        at java.base@17.0.12/jdk.internal.misc.Unsafe.park(Native Method)
        at java.base@17.0.12/java.util.concurrent.locks.LockSupport.park(LockSupport.java:341)
        at java.base@17.0.12/java.util.concurrent.locks.AbstractQueuedSynchronizer$ConditionNode.block(AbstractQueuedSynchronizer.java:506)
        at java.base@17.0.12/java.util.concurrent.ForkJoinPool.unmanagedBlock(ForkJoinPool.java:3465)
        at java.base@17.0.12/java.util.concurrent.ForkJoinPool.managedBlock(ForkJoinPool.java:3436)
        at java.base@17.0.12/java.util.concurrent.locks.AbstractQueuedSynchronizer$ConditionObject.await(AbstractQueuedSynchronizer.java:1625)
        at java.base@17.0.12/java.util.concurrent.LinkedBlockingDeque.takeFirst(LinkedBlockingDeque.java:485)
        at java.base@17.0.12/java.util.concurrent.LinkedBlockingDeque.take(LinkedBlockingDeque.java:673)
        at java.base@17.0.12/java.util.concurrent.ThreadPoolExecutor.getTask(ThreadPoolExecutor.java:1062)
        at java.base@17.0.12/java.util.concurrent.ThreadPoolExecutor.runWorker(ThreadPoolExecutor.java:1122)
        at java.base@17.0.12/java.util.concurrent.ThreadPoolExecutor$Worker.run(ThreadPoolExecutor.java:635)
        at java.base@17.0.12/java.lang.Thread.run(Thread.java:840)
"IPC Server handler 30 on default port 15000" daemon prio=5 tid=116 timed_waiting
java.lang.Thread.State: TIMED_WAITING
        at java.base@17.0.12/jdk.internal.misc.Unsafe.park(Native Method)
        at java.base@17.0.12/java.util.concurrent.locks.LockSupport.parkNanos(LockSupport.java:252)
        at java.base@17.0.12/java.util.concurrent.locks.AbstractQueuedSynchronizer$ConditionObject.awaitNanos(AbstractQueuedSynchronizer.java:1674)
        at java.base@17.0.12/java.util.concurrent.LinkedBlockingQueue.poll(LinkedBlockingQueue.java:460)
        at app//org.apache.hadoop.ipc.CallQueueManager.take(CallQueueManager.java:317)
        at app//org.apache.hadoop.ipc.Server$Handler.run(Server.java:3014)
"ExpiredContainerReplicaOpScrubber" daemon prio=5 tid=28 timed_waiting
java.lang.Thread.State: TIMED_WAITING
        at java.base@17.0.12/java.lang.Object.wait(Native Method)
        at app//org.apache.hadoop.hdds.scm.ha.BackgroundSCMService.run(BackgroundSCMService.java:107)
        at app//org.apache.hadoop.hdds.scm.ha.BackgroundSCMService$$Lambda$673/0x00007fba2436a528.run(Unknown Source)
        at java.base@17.0.12/java.lang.Thread.run(Thread.java:840)
"Timer-0"  prio=5 tid=432 timed_waiting
java.lang.Thread.State: TIMED_WAITING
        at java.base@17.0.12/java.lang.Object.wait(Native Method)
        at java.base@17.0.12/java.util.TimerThread.mainLoop(Timer.java:563)
        at java.base@17.0.12/java.util.TimerThread.run(Timer.java:516)
"SCMBlockDeletingService#0" daemon prio=5 tid=386 timed_waiting
java.lang.Thread.State: TIMED_WAITING
        at java.base@17.0.12/jdk.internal.misc.Unsafe.park(Native Method)
        at java.base@17.0.12/java.util.concurrent.locks.LockSupport.parkNanos(LockSupport.java:252)
        at java.base@17.0.12/java.util.concurrent.locks.AbstractQueuedSynchronizer$ConditionObject.awaitNanos(AbstractQueuedSynchronizer.java:1674)
        at java.base@17.0.12/java.util.concurrent.ScheduledThreadPoolExecutor$DelayedWorkQueue.take(ScheduledThreadPoolExecutor.java:1182)
        at java.base@17.0.12/java.util.concurrent.ScheduledThreadPoolExecutor$DelayedWorkQueue.take(ScheduledThreadPoolExecutor.java:899)
        at java.base@17.0.12/java.util.concurrent.ThreadPoolExecutor.getTask(ThreadPoolExecutor.java:1062)
        at java.base@17.0.12/java.util.concurrent.ThreadPoolExecutor.runWorker(ThreadPoolExecutor.java:1122)
        at java.base@17.0.12/java.util.concurrent.ThreadPoolExecutor$Worker.run(ThreadPoolExecutor.java:635)
        at java.base@17.0.12/java.lang.Thread.run(Thread.java:840)
"f3028915-7dd4-47fe-983a-636a8839ab96-DataNodeDiskCheckerThread-0" daemon prio=5 tid=767 timed_waiting
java.lang.Thread.State: TIMED_WAITING
        at java.base@17.0.12/jdk.internal.misc.Unsafe.park(Native Method)
        at java.base@17.0.12/java.util.concurrent.locks.LockSupport.parkNanos(LockSupport.java:252)
        at java.base@17.0.12/java.util.concurrent.SynchronousQueue$TransferStack.transfer(SynchronousQueue.java:401)
        at java.base@17.0.12/java.util.concurrent.SynchronousQueue.poll(SynchronousQueue.java:903)
        at java.base@17.0.12/java.util.concurrent.ThreadPoolExecutor.getTask(ThreadPoolExecutor.java:1061)
        at java.base@17.0.12/java.util.concurrent.ThreadPoolExecutor.runWorker(ThreadPoolExecutor.java:1122)
        at java.base@17.0.12/java.util.concurrent.ThreadPoolExecutor$Worker.run(ThreadPoolExecutor.java:635)
        at java.base@17.0.12/java.lang.Thread.run(Thread.java:840)
"IPC Server handler 2 on default port 15001" daemon prio=5 tid=188 timed_waiting
java.lang.Thread.State: TIMED_WAITING
        at java.base@17.0.12/jdk.internal.misc.Unsafe.park(Native Method)
        at java.base@17.0.12/java.util.concurrent.locks.LockSupport.parkNanos(LockSupport.java:252)
        at java.base@17.0.12/java.util.concurrent.locks.AbstractQueuedSynchronizer$ConditionObject.awaitNanos(AbstractQueuedSynchronizer.java:1674)
        at java.base@17.0.12/java.util.concurrent.LinkedBlockingQueue.poll(LinkedBlockingQueue.java:460)
        at app//org.apache.hadoop.ipc.CallQueueManager.take(CallQueueManager.java:317)
        at app//org.apache.hadoop.ipc.Server$Handler.run(Server.java:3014)
"IPC Server handler 91 on default port 15001" daemon prio=5 tid=277 timed_waiting
java.lang.Thread.State: TIMED_WAITING
        at java.base@17.0.12/jdk.internal.misc.Unsafe.park(Native Method)
        at java.base@17.0.12/java.util.concurrent.locks.LockSupport.parkNanos(LockSupport.java:252)
        at java.base@17.0.12/java.util.concurrent.locks.AbstractQueuedSynchronizer$ConditionObject.awaitNanos(AbstractQueuedSynchronizer.java:1674)
        at java.base@17.0.12/java.util.concurrent.LinkedBlockingQueue.poll(LinkedBlockingQueue.java:460)
        at app//org.apache.hadoop.ipc.CallQueueManager.take(CallQueueManager.java:317)
        at app//org.apache.hadoop.ipc.Server$Handler.run(Server.java:3014)
"IPC Server handler 9 on default port 15019" daemon prio=5 tid=561 timed_waiting
java.lang.Thread.State: TIMED_WAITING
        at java.base@17.0.12/jdk.internal.misc.Unsafe.park(Native Method)
        at java.base@17.0.12/java.util.concurrent.locks.LockSupport.parkNanos(LockSupport.java:252)
        at java.base@17.0.12/java.util.concurrent.locks.AbstractQueuedSynchronizer$ConditionObject.awaitNanos(AbstractQueuedSynchronizer.java:1674)
        at java.base@17.0.12/java.util.concurrent.LinkedBlockingQueue.poll(LinkedBlockingQueue.java:460)
        at app//org.apache.hadoop.ipc.CallQueueManager.take(CallQueueManager.java:317)
        at app//org.apache.hadoop.ipc.Server$Handler.run(Server.java:3014)
"IPC Server handler 23 on default port 15000" daemon prio=5 tid=109 timed_waiting
java.lang.Thread.State: TIMED_WAITING
        at java.base@17.0.12/jdk.internal.misc.Unsafe.park(Native Method)
        at java.base@17.0.12/java.util.concurrent.locks.LockSupport.parkNanos(LockSupport.java:252)
        at java.base@17.0.12/java.util.concurrent.locks.AbstractQueuedSynchronizer$ConditionObject.awaitNanos(AbstractQueuedSynchronizer.java:1674)
        at java.base@17.0.12/java.util.concurrent.LinkedBlockingQueue.poll(LinkedBlockingQueue.java:460)
        at app//org.apache.hadoop.ipc.CallQueueManager.take(CallQueueManager.java:317)
        at app//org.apache.hadoop.ipc.Server$Handler.run(Server.java:3014)
"om1-SnapshotDeletingService#0" daemon prio=5 tid=440 timed_waiting
java.lang.Thread.State: TIMED_WAITING
        at java.base@17.0.12/jdk.internal.misc.Unsafe.park(Native Method)
        at java.base@17.0.12/java.util.concurrent.locks.LockSupport.parkNanos(LockSupport.java:252)
        at java.base@17.0.12/java.util.concurrent.locks.AbstractQueuedSynchronizer$ConditionObject.awaitNanos(AbstractQueuedSynchronizer.java:1674)
        at java.base@17.0.12/java.util.concurrent.ScheduledThreadPoolExecutor$DelayedWorkQueue.take(ScheduledThreadPoolExecutor.java:1182)
        at java.base@17.0.12/java.util.concurrent.ScheduledThreadPoolExecutor$DelayedWorkQueue.take(ScheduledThreadPoolExecutor.java:899)
        at java.base@17.0.12/java.util.concurrent.ThreadPoolExecutor.getTask(ThreadPoolExecutor.java:1062)
        at java.base@17.0.12/java.util.concurrent.ThreadPoolExecutor.runWorker(ThreadPoolExecutor.java:1122)
        at java.base@17.0.12/java.util.concurrent.ThreadPoolExecutor$Worker.run(ThreadPoolExecutor.java:635)
        at java.base@17.0.12/java.lang.Thread.run(Thread.java:840)
"qtp576440022-626" daemon prio=5 tid=626 timed_waiting
java.lang.Thread.State: TIMED_WAITING
        at java.base@17.0.12/jdk.internal.misc.Unsafe.park(Native Method)
        at java.base@17.0.12/java.util.concurrent.locks.LockSupport.parkNanos(LockSupport.java:252)
        at java.base@17.0.12/java.util.concurrent.locks.AbstractQueuedSynchronizer$ConditionObject.awaitNanos(AbstractQueuedSynchronizer.java:1674)
        at app//org.eclipse.jetty.util.BlockingArrayQueue.poll(BlockingArrayQueue.java:382)
        at app//org.eclipse.jetty.util.thread.QueuedThreadPool$Runner.idleJobPoll(QueuedThreadPool.java:974)
        at app//org.eclipse.jetty.util.thread.QueuedThreadPool$Runner.run(QueuedThreadPool.java:1018)
        at java.base@17.0.12/java.lang.Thread.run(Thread.java:840)
"IPC Server handler 1 on default port 15002" daemon prio=5 tid=287 timed_waiting
java.lang.Thread.State: TIMED_WAITING
        at java.base@17.0.12/jdk.internal.misc.Unsafe.park(Native Method)
        at java.base@17.0.12/java.util.concurrent.locks.LockSupport.parkNanos(LockSupport.java:252)
        at java.base@17.0.12/java.util.concurrent.locks.AbstractQueuedSynchronizer$ConditionObject.awaitNanos(AbstractQueuedSynchronizer.java:1674)
        at java.base@17.0.12/java.util.concurrent.LinkedBlockingQueue.poll(LinkedBlockingQueue.java:460)
        at app//org.apache.hadoop.ipc.CallQueueManager.take(CallQueueManager.java:317)
        at app//org.apache.hadoop.ipc.Server$Handler.run(Server.java:3014)
"f3028915-7dd4-47fe-983a-636a8839ab96-PeriodicHDDSVolumeChecker" daemon prio=5 tid=766 timed_waiting
java.lang.Thread.State: TIMED_WAITING
        at java.base@17.0.12/jdk.internal.misc.Unsafe.park(Native Method)
        at java.base@17.0.12/java.util.concurrent.locks.LockSupport.parkNanos(LockSupport.java:252)
        at java.base@17.0.12/java.util.concurrent.locks.AbstractQueuedSynchronizer$ConditionObject.awaitNanos(AbstractQueuedSynchronizer.java:1674)
        at java.base@17.0.12/java.util.concurrent.ScheduledThreadPoolExecutor$DelayedWorkQueue.take(ScheduledThreadPoolExecutor.java:1182)
        at java.base@17.0.12/java.util.concurrent.ScheduledThreadPoolExecutor$DelayedWorkQueue.take(ScheduledThreadPoolExecutor.java:899)
        at java.base@17.0.12/java.util.concurrent.ThreadPoolExecutor.getTask(ThreadPoolExecutor.java:1062)
        at java.base@17.0.12/java.util.concurrent.ThreadPoolExecutor.runWorker(ThreadPoolExecutor.java:1122)
        at java.base@17.0.12/java.util.concurrent.ThreadPoolExecutor$Worker.run(ThreadPoolExecutor.java:635)
        at java.base@17.0.12/java.lang.Thread.run(Thread.java:840)
"qtp576440022-622" daemon prio=5 tid=622 runnable
java.lang.Thread.State: RUNNABLE
        at java.base@17.0.12/sun.nio.ch.EPoll.wait(Native Method)
        at java.base@17.0.12/sun.nio.ch.EPollSelectorImpl.doSelect(EPollSelectorImpl.java:118)
        at java.base@17.0.12/sun.nio.ch.SelectorImpl.lockAndDoSelect(SelectorImpl.java:129)
        at java.base@17.0.12/sun.nio.ch.SelectorImpl.select(SelectorImpl.java:146)
        at app//org.eclipse.jetty.io.ManagedSelector.nioSelect(ManagedSelector.java:183)
        at app//org.eclipse.jetty.io.ManagedSelector.select(ManagedSelector.java:190)
        at app//org.eclipse.jetty.io.ManagedSelector$SelectorProducer.select(ManagedSelector.java:606)
        at app//org.eclipse.jetty.io.ManagedSelector$SelectorProducer.produce(ManagedSelector.java:543)
        at app//org.eclipse.jetty.util.thread.strategy.EatWhatYouKill.produceTask(EatWhatYouKill.java:362)
        at app//org.eclipse.jetty.util.thread.strategy.EatWhatYouKill.doProduce(EatWhatYouKill.java:186)
        at app//org.eclipse.jetty.util.thread.strategy.EatWhatYouKill.tryProduce(EatWhatYouKill.java:173)
        at app//org.eclipse.jetty.util.thread.strategy.EatWhatYouKill.produce(EatWhatYouKill.java:137)
        at app//org.eclipse.jetty.io.ManagedSelector$$Lambda$817/0x00007fba2453e288.run(Unknown Source)
        at app//org.eclipse.jetty.util.thread.QueuedThreadPool.runJob(QueuedThreadPool.java:883)
        at app//org.eclipse.jetty.util.thread.QueuedThreadPool$Runner.run(QueuedThreadPool.java:1034)
        at java.base@17.0.12/java.lang.Thread.run(Thread.java:840)
"18c2a24f-8a03-4916-b50c-e7c6140a9b01-DataNodeDiskCheckerThread-0" daemon prio=5 tid=785 timed_waiting
java.lang.Thread.State: TIMED_WAITING
        at java.base@17.0.12/jdk.internal.misc.Unsafe.park(Native Method)
        at java.base@17.0.12/java.util.concurrent.locks.LockSupport.parkNanos(LockSupport.java:252)
        at java.base@17.0.12/java.util.concurrent.SynchronousQueue$TransferStack.transfer(SynchronousQueue.java:401)
        at java.base@17.0.12/java.util.concurrent.SynchronousQueue.poll(SynchronousQueue.java:903)
        at java.base@17.0.12/java.util.concurrent.ThreadPoolExecutor.getTask(ThreadPoolExecutor.java:1061)
        at java.base@17.0.12/java.util.concurrent.ThreadPoolExecutor.runWorker(ThreadPoolExecutor.java:1122)
        at java.base@17.0.12/java.util.concurrent.ThreadPoolExecutor$Worker.run(ThreadPoolExecutor.java:635)
        at java.base@17.0.12/java.lang.Thread.run(Thread.java:840)
"IPC Server handler 21 on default port 15000" daemon prio=5 tid=107 timed_waiting
java.lang.Thread.State: TIMED_WAITING
        at java.base@17.0.12/jdk.internal.misc.Unsafe.park(Native Method)
        at java.base@17.0.12/java.util.concurrent.locks.LockSupport.parkNanos(LockSupport.java:252)
        at java.base@17.0.12/java.util.concurrent.locks.AbstractQueuedSynchronizer$ConditionObject.awaitNanos(AbstractQueuedSynchronizer.java:1674)
        at java.base@17.0.12/java.util.concurrent.LinkedBlockingQueue.poll(LinkedBlockingQueue.java:460)
        at app//org.apache.hadoop.ipc.CallQueueManager.take(CallQueueManager.java:317)
        at app//org.apache.hadoop.ipc.Server$Handler.run(Server.java:3014)
"IPC Server handler 2 on default port 15028" daemon prio=5 tid=600 timed_waiting
java.lang.Thread.State: TIMED_WAITING
        at java.base@17.0.12/jdk.internal.misc.Unsafe.park(Native Method)
        at java.base@17.0.12/java.util.concurrent.locks.LockSupport.parkNanos(LockSupport.java:252)
        at java.base@17.0.12/java.util.concurrent.locks.AbstractQueuedSynchronizer$ConditionObject.awaitNanos(AbstractQueuedSynchronizer.java:1674)
        at java.base@17.0.12/java.util.concurrent.LinkedBlockingQueue.poll(LinkedBlockingQueue.java:460)
        at app//org.apache.hadoop.ipc.CallQueueManager.take(CallQueueManager.java:317)
        at app//org.apache.hadoop.ipc.Server$Handler.run(Server.java:3014)
"qtp55402156-390" daemon prio=5 tid=390 runnable
java.lang.Thread.State: RUNNABLE
        at java.base@17.0.12/sun.nio.ch.EPoll.wait(Native Method)
        at java.base@17.0.12/sun.nio.ch.EPollSelectorImpl.doSelect(EPollSelectorImpl.java:118)
        at java.base@17.0.12/sun.nio.ch.SelectorImpl.lockAndDoSelect(SelectorImpl.java:129)
        at java.base@17.0.12/sun.nio.ch.SelectorImpl.select(SelectorImpl.java:146)
        at app//org.eclipse.jetty.io.ManagedSelector.nioSelect(ManagedSelector.java:183)
        at app//org.eclipse.jetty.io.ManagedSelector.select(ManagedSelector.java:190)
        at app//org.eclipse.jetty.io.ManagedSelector$SelectorProducer.select(ManagedSelector.java:606)
        at app//org.eclipse.jetty.io.ManagedSelector$SelectorProducer.produce(ManagedSelector.java:543)
        at app//org.eclipse.jetty.util.thread.strategy.EatWhatYouKill.produceTask(EatWhatYouKill.java:362)
        at app//org.eclipse.jetty.util.thread.strategy.EatWhatYouKill.doProduce(EatWhatYouKill.java:186)
        at app//org.eclipse.jetty.util.thread.strategy.EatWhatYouKill.tryProduce(EatWhatYouKill.java:173)
        at app//org.eclipse.jetty.util.thread.strategy.EatWhatYouKill.produce(EatWhatYouKill.java:137)
        at app//org.eclipse.jetty.io.ManagedSelector$$Lambda$817/0x00007fba2453e288.run(Unknown Source)
        at app//org.eclipse.jetty.util.thread.QueuedThreadPool.runJob(QueuedThreadPool.java:883)
        at app//org.eclipse.jetty.util.thread.QueuedThreadPool$Runner.run(QueuedThreadPool.java:1034)
        at java.base@17.0.12/java.lang.Thread.run(Thread.java:840)
"IPC Server handler 8 on default port 15046" daemon prio=5 tid=698 timed_waiting
java.lang.Thread.State: TIMED_WAITING
        at java.base@17.0.12/jdk.internal.misc.Unsafe.park(Native Method)
        at java.base@17.0.12/java.util.concurrent.locks.LockSupport.parkNanos(LockSupport.java:252)
        at java.base@17.0.12/java.util.concurrent.locks.AbstractQueuedSynchronizer$ConditionObject.awaitNanos(AbstractQueuedSynchronizer.java:1674)
        at java.base@17.0.12/java.util.concurrent.LinkedBlockingQueue.poll(LinkedBlockingQueue.java:460)
        at app//org.apache.hadoop.ipc.CallQueueManager.take(CallQueueManager.java:317)
        at app//org.apache.hadoop.ipc.Server$Handler.run(Server.java:3014)
"IPC Server handler 3 on default port 15037" daemon prio=5 tid=647 timed_waiting
java.lang.Thread.State: TIMED_WAITING
        at java.base@17.0.12/jdk.internal.misc.Unsafe.park(Native Method)
        at java.base@17.0.12/java.util.concurrent.locks.LockSupport.parkNanos(LockSupport.java:252)
        at java.base@17.0.12/java.util.concurrent.locks.AbstractQueuedSynchronizer$ConditionObject.awaitNanos(AbstractQueuedSynchronizer.java:1674)
        at java.base@17.0.12/java.util.concurrent.LinkedBlockingQueue.poll(LinkedBlockingQueue.java:460)
        at app//org.apache.hadoop.ipc.CallQueueManager.take(CallQueueManager.java:317)
        at app//org.apache.hadoop.ipc.Server$Handler.run(Server.java:3014)
"IPC Server handler 65 on default port 15001" daemon prio=5 tid=251 timed_waiting
java.lang.Thread.State: TIMED_WAITING
        at java.base@17.0.12/jdk.internal.misc.Unsafe.park(Native Method)
        at java.base@17.0.12/java.util.concurrent.locks.LockSupport.parkNanos(LockSupport.java:252)
        at java.base@17.0.12/java.util.concurrent.locks.AbstractQueuedSynchronizer$ConditionObject.awaitNanos(AbstractQueuedSynchronizer.java:1674)
        at java.base@17.0.12/java.util.concurrent.LinkedBlockingQueue.poll(LinkedBlockingQueue.java:460)
        at app//org.apache.hadoop.ipc.CallQueueManager.take(CallQueueManager.java:317)
        at app//org.apache.hadoop.ipc.Server$Handler.run(Server.java:3014)
"om1-KeyDeletingService#0" daemon prio=5 tid=436 timed_waiting
java.lang.Thread.State: TIMED_WAITING
        at java.base@17.0.12/jdk.internal.misc.Unsafe.park(Native Method)
        at java.base@17.0.12/java.util.concurrent.locks.LockSupport.parkNanos(LockSupport.java:252)
        at java.base@17.0.12/java.util.concurrent.locks.AbstractQueuedSynchronizer$ConditionObject.awaitNanos(AbstractQueuedSynchronizer.java:1674)
        at java.base@17.0.12/java.util.concurrent.ScheduledThreadPoolExecutor$DelayedWorkQueue.take(ScheduledThreadPoolExecutor.java:1182)
        at java.base@17.0.12/java.util.concurrent.ScheduledThreadPoolExecutor$DelayedWorkQueue.take(ScheduledThreadPoolExecutor.java:899)
        at java.base@17.0.12/java.util.concurrent.ThreadPoolExecutor.getTask(ThreadPoolExecutor.java:1062)
        at java.base@17.0.12/java.util.concurrent.ThreadPoolExecutor.runWorker(ThreadPoolExecutor.java:1122)
        at java.base@17.0.12/java.util.concurrent.ThreadPoolExecutor$Worker.run(ThreadPoolExecutor.java:635)
        at java.base@17.0.12/java.lang.Thread.run(Thread.java:840)
"IPC Server handler 98 on default port 15000" daemon prio=5 tid=184 timed_waiting
java.lang.Thread.State: TIMED_WAITING
        at java.base@17.0.12/jdk.internal.misc.Unsafe.park(Native Method)
        at java.base@17.0.12/java.util.concurrent.locks.LockSupport.parkNanos(LockSupport.java:252)
        at java.base@17.0.12/java.util.concurrent.locks.AbstractQueuedSynchronizer$ConditionObject.awaitNanos(AbstractQueuedSynchronizer.java:1674)
        at java.base@17.0.12/java.util.concurrent.LinkedBlockingQueue.poll(LinkedBlockingQueue.java:460)
        at app//org.apache.hadoop.ipc.CallQueueManager.take(CallQueueManager.java:317)
        at app//org.apache.hadoop.ipc.Server$Handler.run(Server.java:3014)
"18c2a24f-8a03-4916-b50c-e7c6140a9b01-BlockDeletingService#1" daemon prio=5 tid=797 in Object.wait()
java.lang.Thread.State: WAITING (on object monitor)
        at java.base@17.0.12/jdk.internal.misc.Unsafe.park(Native Method)
        at java.base@17.0.12/java.util.concurrent.locks.LockSupport.park(LockSupport.java:341)
        at java.base@17.0.12/java.util.concurrent.locks.AbstractQueuedSynchronizer$ConditionNode.block(AbstractQueuedSynchronizer.java:506)
        at java.base@17.0.12/java.util.concurrent.ForkJoinPool.unmanagedBlock(ForkJoinPool.java:3465)
        at java.base@17.0.12/java.util.concurrent.ForkJoinPool.managedBlock(ForkJoinPool.java:3436)
        at java.base@17.0.12/java.util.concurrent.locks.AbstractQueuedSynchronizer$ConditionObject.await(AbstractQueuedSynchronizer.java:1625)
        at java.base@17.0.12/java.util.concurrent.ScheduledThreadPoolExecutor$DelayedWorkQueue.take(ScheduledThreadPoolExecutor.java:1177)
        at java.base@17.0.12/java.util.concurrent.ScheduledThreadPoolExecutor$DelayedWorkQueue.take(ScheduledThreadPoolExecutor.java:899)
        at java.base@17.0.12/java.util.concurrent.ThreadPoolExecutor.getTask(ThreadPoolExecutor.java:1062)
        at java.base@17.0.12/java.util.concurrent.ThreadPoolExecutor.runWorker(ThreadPoolExecutor.java:1122)
        at java.base@17.0.12/java.util.concurrent.ThreadPoolExecutor$Worker.run(ThreadPoolExecutor.java:635)
        at java.base@17.0.12/java.lang.Thread.run(Thread.java:840)
"Socket Reader #4 for port 15028"  prio=5 tid=588 runnable
java.lang.Thread.State: RUNNABLE
        at java.base@17.0.12/sun.nio.ch.EPoll.wait(Native Method)
        at java.base@17.0.12/sun.nio.ch.EPollSelectorImpl.doSelect(EPollSelectorImpl.java:118)
        at java.base@17.0.12/sun.nio.ch.SelectorImpl.lockAndDoSelect(SelectorImpl.java:129)
        at java.base@17.0.12/sun.nio.ch.SelectorImpl.select(SelectorImpl.java:146)
        at app//org.apache.hadoop.ipc.Server$Listener$Reader.doRunLoop(Server.java:1346)
        at app//org.apache.hadoop.ipc.Server$Listener$Reader.run(Server.java:1325)
"IPC Server handler 5 on default port 15002" daemon prio=5 tid=291 timed_waiting
java.lang.Thread.State: TIMED_WAITING
        at java.base@17.0.12/jdk.internal.misc.Unsafe.park(Native Method)
        at java.base@17.0.12/java.util.concurrent.locks.LockSupport.parkNanos(LockSupport.java:252)
        at java.base@17.0.12/java.util.concurrent.locks.AbstractQueuedSynchronizer$ConditionObject.awaitNanos(AbstractQueuedSynchronizer.java:1674)
        at java.base@17.0.12/java.util.concurrent.LinkedBlockingQueue.poll(LinkedBlockingQueue.java:460)
        at app//org.apache.hadoop.ipc.CallQueueManager.take(CallQueueManager.java:317)
        at app//org.apache.hadoop.ipc.Server$Handler.run(Server.java:3014)
"LeaseManager#LeaseMonitor" daemon prio=5 tid=387 timed_waiting
java.lang.Thread.State: TIMED_WAITING
        at java.base@17.0.12/jdk.internal.misc.Unsafe.park(Native Method)
        at java.base@17.0.12/java.util.concurrent.locks.LockSupport.parkNanos(LockSupport.java:252)
        at java.base@17.0.12/java.util.concurrent.locks.AbstractQueuedSynchronizer.acquire(AbstractQueuedSynchronizer.java:717)
        at java.base@17.0.12/java.util.concurrent.locks.AbstractQueuedSynchronizer.tryAcquireSharedNanos(AbstractQueuedSynchronizer.java:1074)
        at java.base@17.0.12/java.util.concurrent.Semaphore.tryAcquire(Semaphore.java:415)
        at app//org.apache.hadoop.ozone.lease.LeaseManager$LeaseMonitor.run(LeaseManager.java:284)
        at java.base@17.0.12/java.lang.Thread.run(Thread.java:840)
"IPC Server handler 98 on default port 15001" daemon prio=5 tid=284 timed_waiting
java.lang.Thread.State: TIMED_WAITING
        at java.base@17.0.12/jdk.internal.misc.Unsafe.park(Native Method)
        at java.base@17.0.12/java.util.concurrent.locks.LockSupport.parkNanos(LockSupport.java:252)
        at java.base@17.0.12/java.util.concurrent.locks.AbstractQueuedSynchronizer$ConditionObject.awaitNanos(AbstractQueuedSynchronizer.java:1674)
        at java.base@17.0.12/java.util.concurrent.LinkedBlockingQueue.poll(LinkedBlockingQueue.java:460)
        at app//org.apache.hadoop.ipc.CallQueueManager.take(CallQueueManager.java:317)
        at app//org.apache.hadoop.ipc.Server$Handler.run(Server.java:3014)
"IPC Server handler 0 on default port 15019" daemon prio=5 tid=552 timed_waiting
java.lang.Thread.State: TIMED_WAITING
        at java.base@17.0.12/jdk.internal.misc.Unsafe.park(Native Method)
        at java.base@17.0.12/java.util.concurrent.locks.LockSupport.parkNanos(LockSupport.java:252)
        at java.base@17.0.12/java.util.concurrent.locks.AbstractQueuedSynchronizer$ConditionObject.awaitNanos(AbstractQueuedSynchronizer.java:1674)
        at java.base@17.0.12/java.util.concurrent.LinkedBlockingQueue.poll(LinkedBlockingQueue.java:460)
        at app//org.apache.hadoop.ipc.CallQueueManager.take(CallQueueManager.java:317)
        at app//org.apache.hadoop.ipc.Server$Handler.run(Server.java:3014)
"IPC Server handler 35 on default port 15001" daemon prio=5 tid=221 timed_waiting
java.lang.Thread.State: TIMED_WAITING
        at java.base@17.0.12/jdk.internal.misc.Unsafe.park(Native Method)
        at java.base@17.0.12/java.util.concurrent.locks.LockSupport.parkNanos(LockSupport.java:252)
        at java.base@17.0.12/java.util.concurrent.locks.AbstractQueuedSynchronizer$ConditionObject.awaitNanos(AbstractQueuedSynchronizer.java:1674)
        at java.base@17.0.12/java.util.concurrent.LinkedBlockingQueue.poll(LinkedBlockingQueue.java:460)
        at app//org.apache.hadoop.ipc.CallQueueManager.take(CallQueueManager.java:317)
        at app//org.apache.hadoop.ipc.Server$Handler.run(Server.java:3014)
"IPC Server handler 78 on default port 15001" daemon prio=5 tid=264 timed_waiting
java.lang.Thread.State: TIMED_WAITING
        at java.base@17.0.12/jdk.internal.misc.Unsafe.park(Native Method)
        at java.base@17.0.12/java.util.concurrent.locks.LockSupport.parkNanos(LockSupport.java:252)
        at java.base@17.0.12/java.util.concurrent.locks.AbstractQueuedSynchronizer$ConditionObject.awaitNanos(AbstractQueuedSynchronizer.java:1674)
        at java.base@17.0.12/java.util.concurrent.LinkedBlockingQueue.poll(LinkedBlockingQueue.java:460)
        at app//org.apache.hadoop.ipc.CallQueueManager.take(CallQueueManager.java:317)
        at app//org.apache.hadoop.ipc.Server$Handler.run(Server.java:3014)
"main"  prio=5 tid=1 runnable
java.lang.Thread.State: RUNNABLE
        at java.base@17.0.12/java.lang.Thread.dumpThreads(Native Method)
        at java.base@17.0.12/java.lang.Thread.getAllStackTraces(Thread.java:1671)
        at app//org.apache.ozone.test.TimedOutTestsListener.buildThreadDump(TimedOutTestsListener.java:83)
        at app//org.apache.ozone.test.TimedOutTestsListener.buildThreadDiagnosticString(TimedOutTestsListener.java:69)
        at app//org.apache.ozone.test.GenericTestUtils.waitFor(GenericTestUtils.java:204)
        at app//org.apache.hadoop.hdds.scm.node.TestQueryNode.testStaleNodesCount(TestQueryNode.java:103)
        at java.base@17.0.12/jdk.internal.reflect.NativeMethodAccessorImpl.invoke0(Native Method)
        at java.base@17.0.12/jdk.internal.reflect.NativeMethodAccessorImpl.invoke(NativeMethodAccessorImpl.java:77)
        at java.base@17.0.12/jdk.internal.reflect.DelegatingMethodAccessorImpl.invoke(DelegatingMethodAccessorImpl.java:43)
        at java.base@17.0.12/java.lang.reflect.Method.invoke(Method.java:569)
        at app//org.junit.platform.commons.util.ReflectionUtils.invokeMethod(ReflectionUtils.java:728)
        at app//org.junit.jupiter.engine.execution.MethodInvocation.proceed(MethodInvocation.java:60)
        at app//org.junit.jupiter.engine.execution.InvocationInterceptorChain$ValidatingInvocation.proceed(InvocationInterceptorChain.java:131)
        at app//org.junit.jupiter.engine.extension.TimeoutExtension.intercept(TimeoutExtension.java:156)
        at app//org.junit.jupiter.engine.extension.TimeoutExtension.interceptTestableMethod(TimeoutExtension.java:147)
        at app//org.junit.jupiter.engine.extension.TimeoutExtension.interceptTestMethod(TimeoutExtension.java:86)
        at app//org.junit.jupiter.engine.descriptor.TestMethodTestDescriptor$$Lambda$226/0x00007fba240a1358.apply(Unknown Source)
        at app//org.junit.jupiter.engine.execution.InterceptingExecutableInvoker$ReflectiveInterceptorCall.lambda$ofVoidMethod$0(InterceptingExecutableInvoker.java:103)
        at app//org.junit.jupiter.engine.execution.InterceptingExecutableInvoker$ReflectiveInterceptorCall$$Lambda$227/0x00007fba240a1778.apply(Unknown Source)
        at app//org.junit.jupiter.engine.execution.InterceptingExecutableInvoker.lambda$invoke$0(InterceptingExecutableInvoker.java:93)
        at app//org.junit.jupiter.engine.execution.InterceptingExecutableInvoker$$Lambda$446/0x00007fba24126d00.apply(Unknown Source)
        at app//org.junit.jupiter.engine.execution.InvocationInterceptorChain$InterceptedInvocation.proceed(InvocationInterceptorChain.java:106)
        at app//org.junit.jupiter.engine.execution.InvocationInterceptorChain.proceed(InvocationInterceptorChain.java:64)
        at app//org.junit.jupiter.engine.execution.InvocationInterceptorChain.chainAndInvoke(InvocationInterceptorChain.java:45)
        at app//org.junit.jupiter.engine.execution.InvocationInterceptorChain.invoke(InvocationInterceptorChain.java:37)
        at app//org.junit.jupiter.engine.execution.InterceptingExecutableInvoker.invoke(InterceptingExecutableInvoker.java:92)
        at app//org.junit.jupiter.engine.execution.InterceptingExecutableInvoker.invoke(InterceptingExecutableInvoker.java:86)
        at app//org.junit.jupiter.engine.descriptor.TestMethodTestDescriptor.lambda$invokeTestMethod$7(TestMethodTestDescriptor.java:218)
        at app//org.junit.jupiter.engine.descriptor.TestMethodTestDescriptor$$Lambda$1727/0x00007fba24a7a060.execute(Unknown Source)
        at app//org.junit.platform.engine.support.hierarchical.ThrowableCollector.execute(ThrowableCollector.java:73)
        at app//org.junit.jupiter.engine.descriptor.TestMethodTestDescriptor.invokeTestMethod(TestMethodTestDescriptor.java:214)
        at app//org.junit.jupiter.engine.descriptor.TestMethodTestDescriptor.execute(TestMethodTestDescriptor.java:139)
        at app//org.junit.jupiter.engine.descriptor.TestMethodTestDescriptor.execute(TestMethodTestDescriptor.java:69)
        at app//org.junit.platform.engine.support.hierarchical.NodeTestTask.lambda$executeRecursively$6(NodeTestTask.java:151)
        at app//org.junit.platform.engine.support.hierarchical.NodeTestTask$$Lambda$373/0x00007fba241132d0.execute(Unknown Source)
        at app//org.junit.platform.engine.support.hierarchical.ThrowableCollector.execute(ThrowableCollector.java:73)
        at app//org.junit.platform.engine.support.hierarchical.NodeTestTask.lambda$executeRecursively$8(NodeTestTask.java:141)
        at app//org.junit.platform.engine.support.hierarchical.NodeTestTask$$Lambda$372/0x00007fba241130a8.invoke(Unknown Source)
        at app//org.junit.platform.engine.support.hierarchical.Node.around(Node.java:137)
        at app//org.junit.platform.engine.support.hierarchical.NodeTestTask.lambda$executeRecursively$9(NodeTestTask.java:139)
        at app//org.junit.platform.engine.support.hierarchical.NodeTestTask$$Lambda$371/0x00007fba24112c80.execute(Unknown Source)
        at app//org.junit.platform.engine.support.hierarchical.ThrowableCollector.execute(ThrowableCollector.java:73)
        at app//org.junit.platform.engine.support.hierarchical.NodeTestTask.executeRecursively(NodeTestTask.java:138)
        at app//org.junit.platform.engine.support.hierarchical.NodeTestTask.execute(NodeTestTask.java:95)
        at app//org.junit.platform.engine.support.hierarchical.SameThreadHierarchicalTestExecutorService$$Lambda$377/0x00007fba24116488.accept(Unknown Source)
        at java.base@17.0.12/java.util.ArrayList.forEach(ArrayList.java:1511)
        at app//org.junit.platform.engine.support.hierarchical.SameThreadHierarchicalTestExecutorService.invokeAll(SameThreadHierarchicalTestExecutorService.java:41)
        at app//org.junit.platform.engine.support.hierarchical.NodeTestTask.lambda$executeRecursively$6(NodeTestTask.java:155)
        at app//org.junit.platform.engine.support.hierarchical.NodeTestTask$$Lambda$373/0x00007fba241132d0.execute(Unknown Source)
        at app//org.junit.platform.engine.support.hierarchical.ThrowableCollector.execute(ThrowableCollector.java:73)
        at app//org.junit.platform.engine.support.hierarchical.NodeTestTask.lambda$executeRecursively$8(NodeTestTask.java:141)
        at app//org.junit.platform.engine.support.hierarchical.NodeTestTask$$Lambda$372/0x00007fba241130a8.invoke(Unknown Source)
        at app//org.junit.platform.engine.support.hierarchical.Node.around(Node.java:137)
        at app//org.junit.platform.engine.support.hierarchical.NodeTestTask.lambda$executeRecursively$9(NodeTestTask.java:139)
        at app//org.junit.platform.engine.support.hierarchical.NodeTestTask$$Lambda$371/0x00007fba24112c80.execute(Unknown Source)
        at app//org.junit.platform.engine.support.hierarchical.ThrowableCollector.execute(ThrowableCollector.java:73)
        at app//org.junit.platform.engine.support.hierarchical.NodeTestTask.executeRecursively(NodeTestTask.java:138)
        at app//org.junit.platform.engine.support.hierarchical.NodeTestTask.execute(NodeTestTask.java:95)
        at app//org.junit.platform.engine.support.hierarchical.SameThreadHierarchicalTestExecutorService$$Lambda$377/0x00007fba24116488.accept(Unknown Source)
        at java.base@17.0.12/java.util.ArrayList.forEach(ArrayList.java:1511)
        at app//org.junit.platform.engine.support.hierarchical.SameThreadHierarchicalTestExecutorService.invokeAll(SameThreadHierarchicalTestExecutorService.java:41)
        at app//org.junit.platform.engine.support.hierarchical.NodeTestTask.lambda$executeRecursively$6(NodeTestTask.java:155)
        at app//org.junit.platform.engine.support.hierarchical.NodeTestTask$$Lambda$373/0x00007fba241132d0.execute(Unknown Source)
        at app//org.junit.platform.engine.support.hierarchical.ThrowableCollector.execute(ThrowableCollector.java:73)
        at app//org.junit.platform.engine.support.hierarchical.NodeTestTask.lambda$executeRecursively$8(NodeTestTask.java:141)
        at app//org.junit.platform.engine.support.hierarchical.NodeTestTask$$Lambda$372/0x00007fba241130a8.invoke(Unknown Source)
        at app//org.junit.platform.engine.support.hierarchical.Node.around(Node.java:137)
        at app//org.junit.platform.engine.support.hierarchical.NodeTestTask.lambda$executeRecursively$9(NodeTestTask.java:139)
        at app//org.junit.platform.engine.support.hierarchical.NodeTestTask$$Lambda$371/0x00007fba24112c80.execute(Unknown Source)
        at app//org.junit.platform.engine.support.hierarchical.ThrowableCollector.execute(ThrowableCollector.java:73)
        at app//org.junit.platform.engine.support.hierarchical.NodeTestTask.executeRecursively(NodeTestTask.java:138)
        at app//org.junit.platform.engine.support.hierarchical.NodeTestTask.execute(NodeTestTask.java:95)
        at app//org.junit.platform.engine.support.hierarchical.SameThreadHierarchicalTestExecutorService.submit(SameThreadHierarchicalTestExecutorService.java:35)
        at app//org.junit.platform.engine.support.hierarchical.HierarchicalTestExecutor.execute(HierarchicalTestExecutor.java:57)
        at app//org.junit.platform.engine.support.hierarchical.HierarchicalTestEngine.execute(HierarchicalTestEngine.java:54)
        at app//org.junit.platform.launcher.core.EngineExecutionOrchestrator.execute(EngineExecutionOrchestrator.java:198)
        at app//org.junit.platform.launcher.core.EngineExecutionOrchestrator.execute(EngineExecutionOrchestrator.java:169)
        at app//org.junit.platform.launcher.core.EngineExecutionOrchestrator.execute(EngineExecutionOrchestrator.java:93)
        at app//org.junit.platform.launcher.core.EngineExecutionOrchestrator.lambda$execute$0(EngineExecutionOrchestrator.java:58)
        at app//org.junit.platform.launcher.core.EngineExecutionOrchestrator$$Lambda$285/0x00007fba240ac880.accept(Unknown Source)
        at app//org.junit.platform.launcher.core.EngineExecutionOrchestrator.withInterceptedStreams(EngineExecutionOrchestrator.java:141)
        at app//org.junit.platform.launcher.core.EngineExecutionOrchestrator.execute(EngineExecutionOrchestrator.java:57)
        at app//org.junit.platform.launcher.core.DefaultLauncher.execute(DefaultLauncher.java:103)
        at app//org.junit.platform.launcher.core.DefaultLauncher.execute(DefaultLauncher.java:85)
        at app//org.junit.platform.launcher.core.DelegatingLauncher.execute(DelegatingLauncher.java:47)
        at app//org.junit.platform.launcher.core.SessionPerRequestLauncher.execute(SessionPerRequestLauncher.java:63)
        at app//org.apache.maven.surefire.junitplatform.JUnitPlatformProvider.invokeAllTests(JUnitPlatformProvider.java:154)
        at app//org.apache.maven.surefire.junitplatform.JUnitPlatformProvider.invoke(JUnitPlatformProvider.java:123)
        at app//org.apache.maven.surefire.booter.ForkedBooter.runSuitesInProcess(ForkedBooter.java:377)
        at app//org.apache.maven.surefire.booter.ForkedBooter.execute(ForkedBooter.java:138)
        at app//org.apache.maven.surefire.booter.ForkedBooter.run(ForkedBooter.java:465)
        at app//org.apache.maven.surefire.booter.ForkedBooter.main(ForkedBooter.java:451)
"qtp1540025307-672" daemon prio=5 tid=672 timed_waiting
java.lang.Thread.State: TIMED_WAITING
        at java.base@17.0.12/jdk.internal.misc.Unsafe.park(Native Method)
        at java.base@17.0.12/java.util.concurrent.locks.LockSupport.parkNanos(LockSupport.java:252)
        at java.base@17.0.12/java.util.concurrent.locks.AbstractQueuedSynchronizer$ConditionObject.awaitNanos(AbstractQueuedSynchronizer.java:1674)
        at app//org.eclipse.jetty.util.BlockingArrayQueue.poll(BlockingArrayQueue.java:382)
        at app//org.eclipse.jetty.util.thread.QueuedThreadPool$Runner.idleJobPoll(QueuedThreadPool.java:974)
        at app//org.eclipse.jetty.util.thread.QueuedThreadPool$Runner.run(QueuedThreadPool.java:1018)
        at java.base@17.0.12/java.lang.Thread.run(Thread.java:840)
"EventQueue-DatanodeCommandQueueUpdatedForDatanodeCommandCountUpdatedHandler" daemon prio=5 tid=805 in Object.wait()
java.lang.Thread.State: WAITING (on object monitor)
        at java.base@17.0.12/jdk.internal.misc.Unsafe.park(Native Method)
        at java.base@17.0.12/java.util.concurrent.locks.LockSupport.park(LockSupport.java:341)
        at java.base@17.0.12/java.util.concurrent.locks.AbstractQueuedSynchronizer$ConditionNode.block(AbstractQueuedSynchronizer.java:506)
        at java.base@17.0.12/java.util.concurrent.ForkJoinPool.unmanagedBlock(ForkJoinPool.java:3465)
        at java.base@17.0.12/java.util.concurrent.ForkJoinPool.managedBlock(ForkJoinPool.java:3436)
        at java.base@17.0.12/java.util.concurrent.locks.AbstractQueuedSynchronizer$ConditionObject.await(AbstractQueuedSynchronizer.java:1625)
        at java.base@17.0.12/java.util.concurrent.LinkedBlockingQueue.take(LinkedBlockingQueue.java:435)
        at java.base@17.0.12/java.util.concurrent.ThreadPoolExecutor.getTask(ThreadPoolExecutor.java:1062)
        at java.base@17.0.12/java.util.concurrent.ThreadPoolExecutor.runWorker(ThreadPoolExecutor.java:1122)
        at java.base@17.0.12/java.util.concurrent.ThreadPoolExecutor$Worker.run(ThreadPoolExecutor.java:635)
        at java.base@17.0.12/java.lang.Thread.run(Thread.java:840)
"Socket Reader #1 for port 15019"  prio=5 tid=539 runnable
java.lang.Thread.State: RUNNABLE
        at java.base@17.0.12/sun.nio.ch.EPoll.wait(Native Method)
        at java.base@17.0.12/sun.nio.ch.EPollSelectorImpl.doSelect(EPollSelectorImpl.java:118)
        at java.base@17.0.12/sun.nio.ch.SelectorImpl.lockAndDoSelect(SelectorImpl.java:129)
        at java.base@17.0.12/sun.nio.ch.SelectorImpl.select(SelectorImpl.java:146)
        at app//org.apache.hadoop.ipc.Server$Listener$Reader.doRunLoop(Server.java:1346)
        at app//org.apache.hadoop.ipc.Server$Listener$Reader.run(Server.java:1325)
"IPC Server handler 11 on default port 15002" daemon prio=5 tid=297 timed_waiting
java.lang.Thread.State: TIMED_WAITING
        at java.base@17.0.12/jdk.internal.misc.Unsafe.park(Native Method)
        at java.base@17.0.12/java.util.concurrent.locks.LockSupport.parkNanos(LockSupport.java:252)
        at java.base@17.0.12/java.util.concurrent.locks.AbstractQueuedSynchronizer$ConditionObject.awaitNanos(AbstractQueuedSynchronizer.java:1674)
        at java.base@17.0.12/java.util.concurrent.LinkedBlockingQueue.poll(LinkedBlockingQueue.java:460)
        at app//org.apache.hadoop.ipc.CallQueueManager.take(CallQueueManager.java:317)
        at app//org.apache.hadoop.ipc.Server$Handler.run(Server.java:3014)
"Socket Reader #10 for port 15000"  prio=5 tid=71 runnable
java.lang.Thread.State: RUNNABLE
        at java.base@17.0.12/sun.nio.ch.EPoll.wait(Native Method)
        at java.base@17.0.12/sun.nio.ch.EPollSelectorImpl.doSelect(EPollSelectorImpl.java:118)
        at java.base@17.0.12/sun.nio.ch.SelectorImpl.lockAndDoSelect(SelectorImpl.java:129)
        at java.base@17.0.12/sun.nio.ch.SelectorImpl.select(SelectorImpl.java:146)
        at app//org.apache.hadoop.ipc.Server$Listener$Reader.doRunLoop(Server.java:1346)
        at app//org.apache.hadoop.ipc.Server$Listener$Reader.run(Server.java:1325)
"IPC Server handler 67 on default port 15000" daemon prio=5 tid=153 timed_waiting
java.lang.Thread.State: TIMED_WAITING
        at java.base@17.0.12/jdk.internal.misc.Unsafe.park(Native Method)
        at java.base@17.0.12/java.util.concurrent.locks.LockSupport.parkNanos(LockSupport.java:252)
        at java.base@17.0.12/java.util.concurrent.locks.AbstractQueuedSynchronizer$ConditionObject.awaitNanos(AbstractQueuedSynchronizer.java:1674)
        at java.base@17.0.12/java.util.concurrent.LinkedBlockingQueue.poll(LinkedBlockingQueue.java:460)
        at app//org.apache.hadoop.ipc.CallQueueManager.take(CallQueueManager.java:317)
        at app//org.apache.hadoop.ipc.Server$Handler.run(Server.java:3014)
"IPC Server handler 44 on default port 15000" daemon prio=5 tid=130 timed_waiting
java.lang.Thread.State: TIMED_WAITING
        at java.base@17.0.12/jdk.internal.misc.Unsafe.park(Native Method)
        at java.base@17.0.12/java.util.concurrent.locks.LockSupport.parkNanos(LockSupport.java:252)
        at java.base@17.0.12/java.util.concurrent.locks.AbstractQueuedSynchronizer$ConditionObject.awaitNanos(AbstractQueuedSynchronizer.java:1674)
        at java.base@17.0.12/java.util.concurrent.LinkedBlockingQueue.poll(LinkedBlockingQueue.java:460)
        at app//org.apache.hadoop.ipc.CallQueueManager.take(CallQueueManager.java:317)
        at app//org.apache.hadoop.ipc.Server$Handler.run(Server.java:3014)
"IPC Server handler 81 on default port 15000" daemon prio=5 tid=167 timed_waiting
java.lang.Thread.State: TIMED_WAITING
        at java.base@17.0.12/jdk.internal.misc.Unsafe.park(Native Method)
        at java.base@17.0.12/java.util.concurrent.locks.LockSupport.parkNanos(LockSupport.java:252)
        at java.base@17.0.12/java.util.concurrent.locks.AbstractQueuedSynchronizer$ConditionObject.awaitNanos(AbstractQueuedSynchronizer.java:1674)
        at java.base@17.0.12/java.util.concurrent.LinkedBlockingQueue.poll(LinkedBlockingQueue.java:460)
        at app//org.apache.hadoop.ipc.CallQueueManager.take(CallQueueManager.java:317)
        at app//org.apache.hadoop.ipc.Server$Handler.run(Server.java:3014)
"IPC Server handler 61 on default port 15001" daemon prio=5 tid=247 timed_waiting
java.lang.Thread.State: TIMED_WAITING
        at java.base@17.0.12/jdk.internal.misc.Unsafe.park(Native Method)
        at java.base@17.0.12/java.util.concurrent.locks.LockSupport.parkNanos(LockSupport.java:252)
        at java.base@17.0.12/java.util.concurrent.locks.AbstractQueuedSynchronizer$ConditionObject.awaitNanos(AbstractQueuedSynchronizer.java:1674)
        at java.base@17.0.12/java.util.concurrent.LinkedBlockingQueue.poll(LinkedBlockingQueue.java:460)
        at app//org.apache.hadoop.ipc.CallQueueManager.take(CallQueueManager.java:317)
        at app//org.apache.hadoop.ipc.Server$Handler.run(Server.java:3014)
"IPC Server handler 77 on default port 15002" daemon prio=5 tid=363 timed_waiting
java.lang.Thread.State: TIMED_WAITING
        at java.base@17.0.12/jdk.internal.misc.Unsafe.park(Native Method)
        at java.base@17.0.12/java.util.concurrent.locks.LockSupport.parkNanos(LockSupport.java:252)
        at java.base@17.0.12/java.util.concurrent.locks.AbstractQueuedSynchronizer$ConditionObject.awaitNanos(AbstractQueuedSynchronizer.java:1674)
        at java.base@17.0.12/java.util.concurrent.LinkedBlockingQueue.poll(LinkedBlockingQueue.java:460)
        at app//org.apache.hadoop.ipc.CallQueueManager.take(CallQueueManager.java:317)
        at app//org.apache.hadoop.ipc.Server$Handler.run(Server.java:3014)
"Socket Reader #1 for port 15037"  prio=5 tid=631 runnable
java.lang.Thread.State: RUNNABLE
        at java.base@17.0.12/sun.nio.ch.EPoll.wait(Native Method)
        at java.base@17.0.12/sun.nio.ch.EPollSelectorImpl.doSelect(EPollSelectorImpl.java:118)
        at java.base@17.0.12/sun.nio.ch.SelectorImpl.lockAndDoSelect(SelectorImpl.java:129)
        at java.base@17.0.12/sun.nio.ch.SelectorImpl.select(SelectorImpl.java:146)
        at app//org.apache.hadoop.ipc.Server$Listener$Reader.doRunLoop(Server.java:1346)
        at app//org.apache.hadoop.ipc.Server$Listener$Reader.run(Server.java:1325)
"9d1f9f5c-07b4-413f-b8b0-69aa045119d7-ChunkWriter-1-0" daemon prio=5 tid=754 in Object.wait()
java.lang.Thread.State: WAITING (on object monitor)
        at java.base@17.0.12/jdk.internal.misc.Unsafe.park(Native Method)
        at java.base@17.0.12/java.util.concurrent.locks.LockSupport.park(LockSupport.java:341)
        at java.base@17.0.12/java.util.concurrent.locks.AbstractQueuedSynchronizer$ConditionNode.block(AbstractQueuedSynchronizer.java:506)
        at java.base@17.0.12/java.util.concurrent.ForkJoinPool.unmanagedBlock(ForkJoinPool.java:3465)
        at java.base@17.0.12/java.util.concurrent.ForkJoinPool.managedBlock(ForkJoinPool.java:3436)
        at java.base@17.0.12/java.util.concurrent.locks.AbstractQueuedSynchronizer$ConditionObject.await(AbstractQueuedSynchronizer.java:1625)
        at java.base@17.0.12/java.util.concurrent.LinkedBlockingDeque.takeFirst(LinkedBlockingDeque.java:485)
        at java.base@17.0.12/java.util.concurrent.LinkedBlockingDeque.take(LinkedBlockingDeque.java:673)
        at java.base@17.0.12/java.util.concurrent.ThreadPoolExecutor.getTask(ThreadPoolExecutor.java:1062)
        at java.base@17.0.12/java.util.concurrent.ThreadPoolExecutor.runWorker(ThreadPoolExecutor.java:1122)
        at java.base@17.0.12/java.util.concurrent.ThreadPoolExecutor$Worker.run(ThreadPoolExecutor.java:635)
        at java.base@17.0.12/java.lang.Thread.run(Thread.java:840)
"IPC Server handler 25 on default port 15002" daemon prio=5 tid=311 timed_waiting
java.lang.Thread.State: TIMED_WAITING
        at java.base@17.0.12/jdk.internal.misc.Unsafe.park(Native Method)
        at java.base@17.0.12/java.util.concurrent.locks.LockSupport.parkNanos(LockSupport.java:252)
        at java.base@17.0.12/java.util.concurrent.locks.AbstractQueuedSynchronizer$ConditionObject.awaitNanos(AbstractQueuedSynchronizer.java:1674)
        at java.base@17.0.12/java.util.concurrent.LinkedBlockingQueue.poll(LinkedBlockingQueue.java:460)
        at app//org.apache.hadoop.ipc.CallQueueManager.take(CallQueueManager.java:317)
        at app//org.apache.hadoop.ipc.Server$Handler.run(Server.java:3014)
"EventQueue-OpenPipelineForHealthyPipelineSafeModeRule" daemon prio=5 tid=809 in Object.wait()
java.lang.Thread.State: WAITING (on object monitor)
        at java.base@17.0.12/jdk.internal.misc.Unsafe.park(Native Method)
        at java.base@17.0.12/java.util.concurrent.locks.LockSupport.park(LockSupport.java:341)
        at java.base@17.0.12/java.util.concurrent.locks.AbstractQueuedSynchronizer$ConditionNode.block(AbstractQueuedSynchronizer.java:506)
        at java.base@17.0.12/java.util.concurrent.ForkJoinPool.unmanagedBlock(ForkJoinPool.java:3465)
        at java.base@17.0.12/java.util.concurrent.ForkJoinPool.managedBlock(ForkJoinPool.java:3436)
        at java.base@17.0.12/java.util.concurrent.locks.AbstractQueuedSynchronizer$ConditionObject.await(AbstractQueuedSynchronizer.java:1625)
        at java.base@17.0.12/java.util.concurrent.LinkedBlockingQueue.take(LinkedBlockingQueue.java:435)
        at java.base@17.0.12/java.util.concurrent.ThreadPoolExecutor.getTask(ThreadPoolExecutor.java:1062)
        at java.base@17.0.12/java.util.concurrent.ThreadPoolExecutor.runWorker(ThreadPoolExecutor.java:1122)
        at java.base@17.0.12/java.util.concurrent.ThreadPoolExecutor$Worker.run(ThreadPoolExecutor.java:635)
        at java.base@17.0.12/java.lang.Thread.run(Thread.java:840)
"IPC Server Responder" daemon prio=5 tid=423 runnable
java.lang.Thread.State: RUNNABLE
        at java.base@17.0.12/sun.nio.ch.EPoll.wait(Native Method)
        at java.base@17.0.12/sun.nio.ch.EPollSelectorImpl.doSelect(EPollSelectorImpl.java:118)
        at java.base@17.0.12/sun.nio.ch.SelectorImpl.lockAndDoSelect(SelectorImpl.java:129)
        at java.base@17.0.12/sun.nio.ch.SelectorImpl.select(SelectorImpl.java:141)
        at app//org.apache.hadoop.ipc.Server$Responder.doRunLoop(Server.java:1582)
        at app//org.apache.hadoop.ipc.Server$Responder.run(Server.java:1565)
"IPC Server handler 8 on default port 15001" daemon prio=5 tid=194 timed_waiting
java.lang.Thread.State: TIMED_WAITING
        at java.base@17.0.12/jdk.internal.misc.Unsafe.park(Native Method)
        at java.base@17.0.12/java.util.concurrent.locks.LockSupport.parkNanos(LockSupport.java:252)
        at java.base@17.0.12/java.util.concurrent.locks.AbstractQueuedSynchronizer$ConditionObject.awaitNanos(AbstractQueuedSynchronizer.java:1674)
        at java.base@17.0.12/java.util.concurrent.LinkedBlockingQueue.poll(LinkedBlockingQueue.java:460)
        at app//org.apache.hadoop.ipc.CallQueueManager.take(CallQueueManager.java:317)
        at app//org.apache.hadoop.ipc.Server$Handler.run(Server.java:3014)
"IPC Server handler 4 on default port 15001" daemon prio=5 tid=190 timed_waiting
java.lang.Thread.State: TIMED_WAITING
        at java.base@17.0.12/jdk.internal.misc.Unsafe.park(Native Method)
        at java.base@17.0.12/java.util.concurrent.locks.LockSupport.parkNanos(LockSupport.java:252)
        at java.base@17.0.12/java.util.concurrent.locks.AbstractQueuedSynchronizer$ConditionObject.awaitNanos(AbstractQueuedSynchronizer.java:1674)
        at java.base@17.0.12/java.util.concurrent.LinkedBlockingQueue.poll(LinkedBlockingQueue.java:460)
        at app//org.apache.hadoop.ipc.CallQueueManager.take(CallQueueManager.java:317)
        at app//org.apache.hadoop.ipc.Server$Handler.run(Server.java:3014)
"9d1f9f5c-07b4-413f-b8b0-69aa045119d7@group-0DCCA2FB08E8-LeaderStateImpl" daemon prio=5 tid=981 timed_waiting
java.lang.Thread.State: TIMED_WAITING
        at java.base@17.0.12/jdk.internal.misc.Unsafe.park(Native Method)
        at java.base@17.0.12/java.util.concurrent.locks.LockSupport.parkNanos(LockSupport.java:252)
        at java.base@17.0.12/java.util.concurrent.locks.AbstractQueuedSynchronizer$ConditionObject.awaitNanos(AbstractQueuedSynchronizer.java:1674)
        at java.base@17.0.12/java.util.concurrent.ArrayBlockingQueue.poll(ArrayBlockingQueue.java:435)
        at app//org.apache.ratis.server.impl.LeaderStateImpl$EventQueue.poll(LeaderStateImpl.java:164)
        at app//org.apache.ratis.server.impl.LeaderStateImpl$EventProcessor.run(LeaderStateImpl.java:766)
"IPC Server handler 38 on default port 15000" daemon prio=5 tid=124 timed_waiting
java.lang.Thread.State: TIMED_WAITING
        at java.base@17.0.12/jdk.internal.misc.Unsafe.park(Native Method)
        at java.base@17.0.12/java.util.concurrent.locks.LockSupport.parkNanos(LockSupport.java:252)
        at java.base@17.0.12/java.util.concurrent.locks.AbstractQueuedSynchronizer$ConditionObject.awaitNanos(AbstractQueuedSynchronizer.java:1674)
        at java.base@17.0.12/java.util.concurrent.LinkedBlockingQueue.poll(LinkedBlockingQueue.java:460)
        at app//org.apache.hadoop.ipc.CallQueueManager.take(CallQueueManager.java:317)
        at app//org.apache.hadoop.ipc.Server$Handler.run(Server.java:3014)
"IPC Server handler 63 on default port 15000" daemon prio=5 tid=149 timed_waiting
java.lang.Thread.State: TIMED_WAITING
        at java.base@17.0.12/jdk.internal.misc.Unsafe.park(Native Method)
        at java.base@17.0.12/java.util.concurrent.locks.LockSupport.parkNanos(LockSupport.java:252)
        at java.base@17.0.12/java.util.concurrent.locks.AbstractQueuedSynchronizer$ConditionObject.awaitNanos(AbstractQueuedSynchronizer.java:1674)
        at java.base@17.0.12/java.util.concurrent.LinkedBlockingQueue.poll(LinkedBlockingQueue.java:460)
        at app//org.apache.hadoop.ipc.CallQueueManager.take(CallQueueManager.java:317)
        at app//org.apache.hadoop.ipc.Server$Handler.run(Server.java:3014)
"IPC Server handler 16 on default port 15001" daemon prio=5 tid=202 timed_waiting
java.lang.Thread.State: TIMED_WAITING
        at java.base@17.0.12/jdk.internal.misc.Unsafe.park(Native Method)
        at java.base@17.0.12/java.util.concurrent.locks.LockSupport.parkNanos(LockSupport.java:252)
        at java.base@17.0.12/java.util.concurrent.locks.AbstractQueuedSynchronizer$ConditionObject.awaitNanos(AbstractQueuedSynchronizer.java:1674)
        at java.base@17.0.12/java.util.concurrent.LinkedBlockingQueue.poll(LinkedBlockingQueue.java:460)
        at app//org.apache.hadoop.ipc.CallQueueManager.take(CallQueueManager.java:317)
        at app//org.apache.hadoop.ipc.Server$Handler.run(Server.java:3014)
"JvmPauseMonitor1" daemon prio=5 tid=431 timed_waiting
java.lang.Thread.State: TIMED_WAITING
        at java.base@17.0.12/java.lang.Thread.sleep(Native Method)
        at java.base@17.0.12/java.lang.Thread.sleep(Thread.java:344)
        at java.base@17.0.12/java.util.concurrent.TimeUnit.sleep(TimeUnit.java:446)
        at app//org.apache.ratis.util.TimeDuration.sleep(TimeDuration.java:353)
        at app//org.apache.ratis.util.TimeDuration.sleep(TimeDuration.java:338)
        at app//org.apache.ratis.util.JvmPauseMonitor.detectPause(JvmPauseMonitor.java:160)
        at app//org.apache.ratis.util.JvmPauseMonitor.run(JvmPauseMonitor.java:149)
        at app//org.apache.ratis.util.JvmPauseMonitor$$Lambda$777/0x00007fba244e11b8.run(Unknown Source)
        at java.base@17.0.12/java.lang.Thread.run(Thread.java:840)
"qtp211730958-534" daemon prio=5 tid=534 timed_waiting
java.lang.Thread.State: TIMED_WAITING
        at java.base@17.0.12/jdk.internal.misc.Unsafe.park(Native Method)
        at java.base@17.0.12/java.util.concurrent.locks.LockSupport.parkNanos(LockSupport.java:252)
        at java.base@17.0.12/java.util.concurrent.locks.AbstractQueuedSynchronizer$ConditionObject.awaitNanos(AbstractQueuedSynchronizer.java:1674)
        at app//org.eclipse.jetty.util.BlockingArrayQueue.poll(BlockingArrayQueue.java:382)
        at app//org.eclipse.jetty.util.thread.QueuedThreadPool$Runner.idleJobPoll(QueuedThreadPool.java:974)
        at app//org.eclipse.jetty.util.thread.QueuedThreadPool$Runner.run(QueuedThreadPool.java:1018)
        at java.base@17.0.12/java.lang.Thread.run(Thread.java:840)
"Socket Reader #7 for port 15046"  prio=5 tid=683 runnable
java.lang.Thread.State: RUNNABLE
        at java.base@17.0.12/sun.nio.ch.EPoll.wait(Native Method)
        at java.base@17.0.12/sun.nio.ch.EPollSelectorImpl.doSelect(EPollSelectorImpl.java:118)
        at java.base@17.0.12/sun.nio.ch.SelectorImpl.lockAndDoSelect(SelectorImpl.java:129)
        at java.base@17.0.12/sun.nio.ch.SelectorImpl.select(SelectorImpl.java:146)
        at app//org.apache.hadoop.ipc.Server$Listener$Reader.doRunLoop(Server.java:1346)
        at app//org.apache.hadoop.ipc.Server$Listener$Reader.run(Server.java:1325)
"qtp211730958-532" daemon prio=5 tid=532 timed_waiting
java.lang.Thread.State: TIMED_WAITING
        at java.base@17.0.12/jdk.internal.misc.Unsafe.park(Native Method)
        at java.base@17.0.12/java.util.concurrent.locks.LockSupport.parkNanos(LockSupport.java:252)
        at java.base@17.0.12/java.util.concurrent.locks.AbstractQueuedSynchronizer$ConditionObject.awaitNanos(AbstractQueuedSynchronizer.java:1674)
        at app//org.eclipse.jetty.util.BlockingArrayQueue.poll(BlockingArrayQueue.java:382)
        at app//org.eclipse.jetty.util.thread.QueuedThreadPool$Runner.idleJobPoll(QueuedThreadPool.java:974)
        at app//org.eclipse.jetty.util.thread.QueuedThreadPool$Runner.run(QueuedThreadPool.java:1018)
        at java.base@17.0.12/java.lang.Thread.run(Thread.java:840)
"IPC Server handler 1 on default port 15001" daemon prio=5 tid=187 timed_waiting
java.lang.Thread.State: TIMED_WAITING
        at java.base@17.0.12/jdk.internal.misc.Unsafe.park(Native Method)
        at java.base@17.0.12/java.util.concurrent.locks.LockSupport.parkNanos(LockSupport.java:252)
        at java.base@17.0.12/java.util.concurrent.locks.AbstractQueuedSynchronizer$ConditionObject.awaitNanos(AbstractQueuedSynchronizer.java:1674)
        at java.base@17.0.12/java.util.concurrent.LinkedBlockingQueue.poll(LinkedBlockingQueue.java:460)
        at app//org.apache.hadoop.ipc.CallQueueManager.take(CallQueueManager.java:317)
        at app//org.apache.hadoop.ipc.Server$Handler.run(Server.java:3014)
"om1-SstFilteringService#0" daemon prio=5 tid=439 timed_waiting
java.lang.Thread.State: TIMED_WAITING
        at java.base@17.0.12/jdk.internal.misc.Unsafe.park(Native Method)
        at java.base@17.0.12/java.util.concurrent.locks.LockSupport.parkNanos(LockSupport.java:252)
        at java.base@17.0.12/java.util.concurrent.locks.AbstractQueuedSynchronizer$ConditionObject.awaitNanos(AbstractQueuedSynchronizer.java:1674)
        at java.base@17.0.12/java.util.concurrent.ScheduledThreadPoolExecutor$DelayedWorkQueue.take(ScheduledThreadPoolExecutor.java:1182)
        at java.base@17.0.12/java.util.concurrent.ScheduledThreadPoolExecutor$DelayedWorkQueue.take(ScheduledThreadPoolExecutor.java:899)
        at java.base@17.0.12/java.util.concurrent.ThreadPoolExecutor.getTask(ThreadPoolExecutor.java:1062)
        at java.base@17.0.12/java.util.concurrent.ThreadPoolExecutor.runWorker(ThreadPoolExecutor.java:1122)
        at java.base@17.0.12/java.util.concurrent.ThreadPoolExecutor$Worker.run(ThreadPoolExecutor.java:635)
        at java.base@17.0.12/java.lang.Thread.run(Thread.java:840)
"Socket Reader #7 for port 15002"  prio=5 tid=40 runnable
java.lang.Thread.State: RUNNABLE
        at java.base@17.0.12/sun.nio.ch.EPoll.wait(Native Method)
        at java.base@17.0.12/sun.nio.ch.EPollSelectorImpl.doSelect(EPollSelectorImpl.java:118)
        at java.base@17.0.12/sun.nio.ch.SelectorImpl.lockAndDoSelect(SelectorImpl.java:129)
        at java.base@17.0.12/sun.nio.ch.SelectorImpl.select(SelectorImpl.java:146)
        at app//org.apache.hadoop.ipc.Server$Listener$Reader.doRunLoop(Server.java:1346)
        at app//org.apache.hadoop.ipc.Server$Listener$Reader.run(Server.java:1325)
"IPC Server handler 19 on default port 15001" daemon prio=5 tid=205 timed_waiting
java.lang.Thread.State: TIMED_WAITING
        at java.base@17.0.12/jdk.internal.misc.Unsafe.park(Native Method)
        at java.base@17.0.12/java.util.concurrent.locks.LockSupport.parkNanos(LockSupport.java:252)
        at java.base@17.0.12/java.util.concurrent.locks.AbstractQueuedSynchronizer$ConditionObject.awaitNanos(AbstractQueuedSynchronizer.java:1674)
        at java.base@17.0.12/java.util.concurrent.LinkedBlockingQueue.poll(LinkedBlockingQueue.java:460)
        at app//org.apache.hadoop.ipc.CallQueueManager.take(CallQueueManager.java:317)
        at app//org.apache.hadoop.ipc.Server$Handler.run(Server.java:3014)
"IPC Server handler 18 on default port 15001" daemon prio=5 tid=204 timed_waiting
java.lang.Thread.State: TIMED_WAITING
        at java.base@17.0.12/jdk.internal.misc.Unsafe.park(Native Method)
        at java.base@17.0.12/java.util.concurrent.locks.LockSupport.parkNanos(LockSupport.java:252)
        at java.base@17.0.12/java.util.concurrent.locks.AbstractQueuedSynchronizer$ConditionObject.awaitNanos(AbstractQueuedSynchronizer.java:1674)
        at java.base@17.0.12/java.util.concurrent.LinkedBlockingQueue.poll(LinkedBlockingQueue.java:460)
        at app//org.apache.hadoop.ipc.CallQueueManager.take(CallQueueManager.java:317)
        at app//org.apache.hadoop.ipc.Server$Handler.run(Server.java:3014)
"IPC Server handler 9 on default port 15037" daemon prio=5 tid=653 timed_waiting
java.lang.Thread.State: TIMED_WAITING
        at java.base@17.0.12/jdk.internal.misc.Unsafe.park(Native Method)
        at java.base@17.0.12/java.util.concurrent.locks.LockSupport.parkNanos(LockSupport.java:252)
        at java.base@17.0.12/java.util.concurrent.locks.AbstractQueuedSynchronizer$ConditionObject.awaitNanos(AbstractQueuedSynchronizer.java:1674)
        at java.base@17.0.12/java.util.concurrent.LinkedBlockingQueue.poll(LinkedBlockingQueue.java:460)
        at app//org.apache.hadoop.ipc.CallQueueManager.take(CallQueueManager.java:317)
        at app//org.apache.hadoop.ipc.Server$Handler.run(Server.java:3014)
"IPC Server handler 99 on default port 15000" daemon prio=5 tid=185 timed_waiting
java.lang.Thread.State: TIMED_WAITING
        at java.base@17.0.12/jdk.internal.misc.Unsafe.park(Native Method)
        at java.base@17.0.12/java.util.concurrent.locks.LockSupport.parkNanos(LockSupport.java:252)
        at java.base@17.0.12/java.util.concurrent.locks.AbstractQueuedSynchronizer$ConditionObject.awaitNanos(AbstractQueuedSynchronizer.java:1674)
        at java.base@17.0.12/java.util.concurrent.LinkedBlockingQueue.poll(LinkedBlockingQueue.java:460)
        at app//org.apache.hadoop.ipc.CallQueueManager.take(CallQueueManager.java:317)
        at app//org.apache.hadoop.ipc.Server$Handler.run(Server.java:3014)
"Socket Reader #6 for port 15028"  prio=5 tid=590 runnable
java.lang.Thread.State: RUNNABLE
        at java.base@17.0.12/sun.nio.ch.EPoll.wait(Native Method)
        at java.base@17.0.12/sun.nio.ch.EPollSelectorImpl.doSelect(EPollSelectorImpl.java:118)
        at java.base@17.0.12/sun.nio.ch.SelectorImpl.lockAndDoSelect(SelectorImpl.java:129)
        at java.base@17.0.12/sun.nio.ch.SelectorImpl.select(SelectorImpl.java:146)
        at app//org.apache.hadoop.ipc.Server$Listener$Reader.doRunLoop(Server.java:1346)
        at app//org.apache.hadoop.ipc.Server$Listener$Reader.run(Server.java:1325)
"FixedThreadPoolWithAffinityExecutor-3-0" daemon prio=5 tid=78 timed_waiting
java.lang.Thread.State: TIMED_WAITING
        at java.base@17.0.12/jdk.internal.misc.Unsafe.park(Native Method)
        at java.base@17.0.12/java.util.concurrent.locks.LockSupport.parkNanos(LockSupport.java:252)
        at java.base@17.0.12/java.util.concurrent.locks.AbstractQueuedSynchronizer$ConditionObject.awaitNanos(AbstractQueuedSynchronizer.java:1674)
        at java.base@17.0.12/java.util.concurrent.LinkedBlockingQueue.poll(LinkedBlockingQueue.java:460)
        at app//org.apache.hadoop.hdds.scm.server.ContainerReportQueue.poll(ContainerReportQueue.java:269)
        at app//org.apache.hadoop.hdds.scm.server.ContainerReportQueue.poll(ContainerReportQueue.java:42)
        at app//org.apache.hadoop.hdds.server.events.FixedThreadPoolWithAffinityExecutor$ContainerReportProcessTask.run(FixedThreadPoolWithAffinityExecutor.java:253)
        at java.base@17.0.12/java.util.concurrent.Executors$RunnableAdapter.call(Executors.java:539)
        at java.base@17.0.12/java.util.concurrent.FutureTask.run(FutureTask.java:264)
        at java.base@17.0.12/java.util.concurrent.ThreadPoolExecutor.runWorker(ThreadPoolExecutor.java:1136)
        at java.base@17.0.12/java.util.concurrent.ThreadPoolExecutor$Worker.run(ThreadPoolExecutor.java:635)
        at java.base@17.0.12/java.lang.Thread.run(Thread.java:840)
"d758e0a9-c5a1-4fd4-978f-3629e4af057b-DataNodeDiskCheckerThread-0" daemon prio=5 tid=731 timed_waiting
java.lang.Thread.State: TIMED_WAITING
        at java.base@17.0.12/jdk.internal.misc.Unsafe.park(Native Method)
        at java.base@17.0.12/java.util.concurrent.locks.LockSupport.parkNanos(LockSupport.java:252)
        at java.base@17.0.12/java.util.concurrent.SynchronousQueue$TransferStack.transfer(SynchronousQueue.java:401)
        at java.base@17.0.12/java.util.concurrent.SynchronousQueue.poll(SynchronousQueue.java:903)
        at java.base@17.0.12/java.util.concurrent.ThreadPoolExecutor.getTask(ThreadPoolExecutor.java:1061)
        at java.base@17.0.12/java.util.concurrent.ThreadPoolExecutor.runWorker(ThreadPoolExecutor.java:1122)
        at java.base@17.0.12/java.util.concurrent.ThreadPoolExecutor$Worker.run(ThreadPoolExecutor.java:635)
        at java.base@17.0.12/java.lang.Thread.run(Thread.java:840)
"Socket Reader #4 for port 15000"  prio=5 tid=65 runnable
java.lang.Thread.State: RUNNABLE
        at java.base@17.0.12/sun.nio.ch.EPoll.wait(Native Method)
        at java.base@17.0.12/sun.nio.ch.EPollSelectorImpl.doSelect(EPollSelectorImpl.java:118)
        at java.base@17.0.12/sun.nio.ch.SelectorImpl.lockAndDoSelect(SelectorImpl.java:129)
        at java.base@17.0.12/sun.nio.ch.SelectorImpl.select(SelectorImpl.java:146)
        at app//org.apache.hadoop.ipc.Server$Listener$Reader.doRunLoop(Server.java:1346)
        at app//org.apache.hadoop.ipc.Server$Listener$Reader.run(Server.java:1325)
"qtp1911645398-575" daemon prio=5 tid=575 runnable
java.lang.Thread.State: RUNNABLE
        at java.base@17.0.12/sun.nio.ch.EPoll.wait(Native Method)
        at java.base@17.0.12/sun.nio.ch.EPollSelectorImpl.doSelect(EPollSelectorImpl.java:118)
        at java.base@17.0.12/sun.nio.ch.SelectorImpl.lockAndDoSelect(SelectorImpl.java:129)
        at java.base@17.0.12/sun.nio.ch.SelectorImpl.select(SelectorImpl.java:146)
        at app//org.eclipse.jetty.io.ManagedSelector.nioSelect(ManagedSelector.java:183)
        at app//org.eclipse.jetty.io.ManagedSelector.select(ManagedSelector.java:190)
        at app//org.eclipse.jetty.io.ManagedSelector$SelectorProducer.select(ManagedSelector.java:606)
        at app//org.eclipse.jetty.io.ManagedSelector$SelectorProducer.produce(ManagedSelector.java:543)
        at app//org.eclipse.jetty.util.thread.strategy.EatWhatYouKill.produceTask(EatWhatYouKill.java:362)
        at app//org.eclipse.jetty.util.thread.strategy.EatWhatYouKill.doProduce(EatWhatYouKill.java:186)
        at app//org.eclipse.jetty.util.thread.strategy.EatWhatYouKill.tryProduce(EatWhatYouKill.java:173)
        at app//org.eclipse.jetty.util.thread.strategy.EatWhatYouKill.produce(EatWhatYouKill.java:137)
        at app//org.eclipse.jetty.io.ManagedSelector$$Lambda$817/0x00007fba2453e288.run(Unknown Source)
        at app//org.eclipse.jetty.util.thread.QueuedThreadPool.runJob(QueuedThreadPool.java:883)
        at app//org.eclipse.jetty.util.thread.QueuedThreadPool$Runner.run(QueuedThreadPool.java:1034)
        at java.base@17.0.12/java.lang.Thread.run(Thread.java:840)
"ContainerDataScanner(/home/runner/work/ozone/ozone/hadoop-ozone/integration-test/target/test-dir/MiniOzoneClusterImpl-2855d785-c18f-47a1-bcca-44ce8ce60223/ozone-meta/datanode-4/data-0/hdds)" daemon prio=5 tid=770 timed_waiting
java.lang.Thread.State: TIMED_WAITING
        at java.base@17.0.12/java.lang.Thread.sleep(Native Method)
        at app//org.apache.hadoop.ozone.container.ozoneimpl.AbstractBackgroundContainerScanner.handleRemainingSleep(AbstractBackgroundContainerScanner.java:131)
        at app//org.apache.hadoop.ozone.container.ozoneimpl.AbstractBackgroundContainerScanner.runIteration(AbstractBackgroundContainerScanner.java:98)
        at app//org.apache.hadoop.ozone.container.ozoneimpl.AbstractBackgroundContainerScanner.run(AbstractBackgroundContainerScanner.java:57)
"pool-227-thread-1"  prio=5 tid=946 in Object.wait()
java.lang.Thread.State: WAITING (on object monitor)
        at java.base@17.0.12/java.lang.Object.wait(Native Method)
        at java.base@17.0.12/java.lang.Object.wait(Object.java:338)
        at app//org.apache.ratis.thirdparty.io.netty.util.concurrent.DefaultPromise.await(DefaultPromise.java:254)
        at app//org.apache.ratis.thirdparty.io.netty.util.concurrent.DefaultPromise.sync(DefaultPromise.java:405)
        at app//org.apache.ratis.thirdparty.io.netty.util.concurrent.DefaultPromise.sync(DefaultPromise.java:35)
        at app//org.apache.hadoop.ozone.container.common.transport.server.XceiverServerGrpc.stop(XceiverServerGrpc.java:214)
        at app//org.apache.hadoop.ozone.container.ozoneimpl.OzoneContainer.stop(OzoneContainer.java:501)
        at app//org.apache.hadoop.ozone.container.common.statemachine.DatanodeStateMachine.close(DatanodeStateMachine.java:437)
        at app//org.apache.hadoop.ozone.container.common.statemachine.DatanodeStateMachine.stopDaemon(DatanodeStateMachine.java:626)
        at app//org.apache.hadoop.ozone.HddsDatanodeService.stop(HddsDatanodeService.java:539)
        at app//org.apache.hadoop.ozone.MiniOzoneClusterImpl.stopDatanode(MiniOzoneClusterImpl.java:493)
        at app//org.apache.hadoop.ozone.MiniOzoneClusterImpl.shutdownHddsDatanode(MiniOzoneClusterImpl.java:395)
        at app//org.apache.hadoop.hdds.scm.node.TestQueryNode.lambda$testStaleNodesCount$0(TestQueryNode.java:101)
        at app//org.apache.hadoop.hdds.scm.node.TestQueryNode$$Lambda$1733/0x00007fba24a7ad98.run(Unknown Source)
        at java.base@17.0.12/java.util.concurrent.ThreadPoolExecutor.runWorker(ThreadPoolExecutor.java:1136)
        at java.base@17.0.12/java.util.concurrent.ThreadPoolExecutor$Worker.run(ThreadPoolExecutor.java:635)
        at java.base@17.0.12/java.lang.Thread.run(Thread.java:840)
"om1-MultipartUploadCleanupService#0" daemon prio=5 tid=442 timed_waiting
java.lang.Thread.State: TIMED_WAITING
        at java.base@17.0.12/jdk.internal.misc.Unsafe.park(Native Method)
        at java.base@17.0.12/java.util.concurrent.locks.LockSupport.parkNanos(LockSupport.java:252)
        at java.base@17.0.12/java.util.concurrent.locks.AbstractQueuedSynchronizer$ConditionObject.awaitNanos(AbstractQueuedSynchronizer.java:1674)
        at java.base@17.0.12/java.util.concurrent.ScheduledThreadPoolExecutor$DelayedWorkQueue.take(ScheduledThreadPoolExecutor.java:1182)
        at java.base@17.0.12/java.util.concurrent.ScheduledThreadPoolExecutor$DelayedWorkQueue.take(ScheduledThreadPoolExecutor.java:899)
        at java.base@17.0.12/java.util.concurrent.ThreadPoolExecutor.getTask(ThreadPoolExecutor.java:1062)
        at java.base@17.0.12/java.util.concurrent.ThreadPoolExecutor.runWorker(ThreadPoolExecutor.java:1122)
        at java.base@17.0.12/java.util.concurrent.ThreadPoolExecutor$Worker.run(ThreadPoolExecutor.java:635)
        at java.base@17.0.12/java.lang.Thread.run(Thread.java:840)
"IPC Server handler 59 on default port 15001" daemon prio=5 tid=245 timed_waiting
java.lang.Thread.State: TIMED_WAITING
        at java.base@17.0.12/jdk.internal.misc.Unsafe.park(Native Method)
        at java.base@17.0.12/java.util.concurrent.locks.LockSupport.parkNanos(LockSupport.java:252)
        at java.base@17.0.12/java.util.concurrent.locks.AbstractQueuedSynchronizer$ConditionObject.awaitNanos(AbstractQueuedSynchronizer.java:1674)
        at java.base@17.0.12/java.util.concurrent.LinkedBlockingQueue.poll(LinkedBlockingQueue.java:460)
        at app//org.apache.hadoop.ipc.CallQueueManager.take(CallQueueManager.java:317)
        at app//org.apache.hadoop.ipc.Server$Handler.run(Server.java:3014)
"IPC Server handler 81 on default port 15001" daemon prio=5 tid=267 timed_waiting
java.lang.Thread.State: TIMED_WAITING
        at java.base@17.0.12/jdk.internal.misc.Unsafe.park(Native Method)
        at java.base@17.0.12/java.util.concurrent.locks.LockSupport.parkNanos(LockSupport.java:252)
        at java.base@17.0.12/java.util.concurrent.locks.AbstractQueuedSynchronizer$ConditionObject.awaitNanos(AbstractQueuedSynchronizer.java:1674)
        at java.base@17.0.12/java.util.concurrent.LinkedBlockingQueue.poll(LinkedBlockingQueue.java:460)
        at app//org.apache.hadoop.ipc.CallQueueManager.take(CallQueueManager.java:317)
        at app//org.apache.hadoop.ipc.Server$Handler.run(Server.java:3014)
"IPC Server handler 48 on default port 15002" daemon prio=5 tid=334 timed_waiting
java.lang.Thread.State: TIMED_WAITING
        at java.base@17.0.12/jdk.internal.misc.Unsafe.park(Native Method)
        at java.base@17.0.12/java.util.concurrent.locks.LockSupport.parkNanos(LockSupport.java:252)
        at java.base@17.0.12/java.util.concurrent.locks.AbstractQueuedSynchronizer$ConditionObject.awaitNanos(AbstractQueuedSynchronizer.java:1674)
        at java.base@17.0.12/java.util.concurrent.LinkedBlockingQueue.poll(LinkedBlockingQueue.java:460)
        at app//org.apache.hadoop.ipc.CallQueueManager.take(CallQueueManager.java:317)
        at app//org.apache.hadoop.ipc.Server$Handler.run(Server.java:3014)
"qtp1911645398-581" daemon prio=5 tid=581 timed_waiting
java.lang.Thread.State: TIMED_WAITING
        at java.base@17.0.12/jdk.internal.misc.Unsafe.park(Native Method)
        at java.base@17.0.12/java.util.concurrent.locks.LockSupport.parkNanos(LockSupport.java:252)
        at java.base@17.0.12/java.util.concurrent.locks.AbstractQueuedSynchronizer$ConditionObject.awaitNanos(AbstractQueuedSynchronizer.java:1674)
        at app//org.eclipse.jetty.util.BlockingArrayQueue.poll(BlockingArrayQueue.java:382)
        at app//org.eclipse.jetty.util.thread.QueuedThreadPool$Runner.idleJobPoll(QueuedThreadPool.java:974)
        at app//org.eclipse.jetty.util.thread.QueuedThreadPool$Runner.run(QueuedThreadPool.java:1018)
        at java.base@17.0.12/java.lang.Thread.run(Thread.java:840)
"IPC Server handler 87 on default port 15000" daemon prio=5 tid=173 timed_waiting
java.lang.Thread.State: TIMED_WAITING
        at java.base@17.0.12/jdk.internal.misc.Unsafe.park(Native Method)
        at java.base@17.0.12/java.util.concurrent.locks.LockSupport.parkNanos(LockSupport.java:252)
        at java.base@17.0.12/java.util.concurrent.locks.AbstractQueuedSynchronizer$ConditionObject.awaitNanos(AbstractQueuedSynchronizer.java:1674)
        at java.base@17.0.12/java.util.concurrent.LinkedBlockingQueue.poll(LinkedBlockingQueue.java:460)
        at app//org.apache.hadoop.ipc.CallQueueManager.take(CallQueueManager.java:317)
        at app//org.apache.hadoop.ipc.Server$Handler.run(Server.java:3014)
"IPC Server handler 87 on default port 15001" daemon prio=5 tid=273 timed_waiting
java.lang.Thread.State: TIMED_WAITING
        at java.base@17.0.12/jdk.internal.misc.Unsafe.park(Native Method)
        at java.base@17.0.12/java.util.concurrent.locks.LockSupport.parkNanos(LockSupport.java:252)
        at java.base@17.0.12/java.util.concurrent.locks.AbstractQueuedSynchronizer$ConditionObject.awaitNanos(AbstractQueuedSynchronizer.java:1674)
        at java.base@17.0.12/java.util.concurrent.LinkedBlockingQueue.poll(LinkedBlockingQueue.java:460)
        at app//org.apache.hadoop.ipc.CallQueueManager.take(CallQueueManager.java:317)
        at app//org.apache.hadoop.ipc.Server$Handler.run(Server.java:3014)
"IPC Server handler 56 on default port 15002" daemon prio=5 tid=342 timed_waiting
java.lang.Thread.State: TIMED_WAITING
        at java.base@17.0.12/jdk.internal.misc.Unsafe.park(Native Method)
        at java.base@17.0.12/java.util.concurrent.locks.LockSupport.parkNanos(LockSupport.java:252)
        at java.base@17.0.12/java.util.concurrent.locks.AbstractQueuedSynchronizer$ConditionObject.awaitNanos(AbstractQueuedSynchronizer.java:1674)
        at java.base@17.0.12/java.util.concurrent.LinkedBlockingQueue.poll(LinkedBlockingQueue.java:460)
        at app//org.apache.hadoop.ipc.CallQueueManager.take(CallQueueManager.java:317)
        at app//org.apache.hadoop.ipc.Server$Handler.run(Server.java:3014)
"process reaper" daemon prio=10 tid=16 timed_waiting
java.lang.Thread.State: TIMED_WAITING
        at java.base@17.0.12/jdk.internal.misc.Unsafe.park(Native Method)
        at java.base@17.0.12/java.util.concurrent.locks.LockSupport.parkNanos(LockSupport.java:252)
        at java.base@17.0.12/java.util.concurrent.SynchronousQueue$TransferStack.transfer(SynchronousQueue.java:401)
        at java.base@17.0.12/java.util.concurrent.SynchronousQueue.poll(SynchronousQueue.java:903)
        at java.base@17.0.12/java.util.concurrent.ThreadPoolExecutor.getTask(ThreadPoolExecutor.java:1061)
        at java.base@17.0.12/java.util.concurrent.ThreadPoolExecutor.runWorker(ThreadPoolExecutor.java:1122)
        at java.base@17.0.12/java.util.concurrent.ThreadPoolExecutor$Worker.run(ThreadPoolExecutor.java:635)
        at java.base@17.0.12/java.lang.Thread.run(Thread.java:840)
"om1@group-C5BA1605619E-SegmentedRaftLogWorker"  prio=5 tid=427 timed_waiting
java.lang.Thread.State: TIMED_WAITING
        at java.base@17.0.12/jdk.internal.misc.Unsafe.park(Native Method)
        at java.base@17.0.12/java.util.concurrent.locks.LockSupport.parkNanos(LockSupport.java:252)
        at java.base@17.0.12/java.util.concurrent.locks.AbstractQueuedSynchronizer$ConditionObject.awaitNanos(AbstractQueuedSynchronizer.java:1674)
        at app//org.apache.ratis.util.DataBlockingQueue.poll(DataBlockingQueue.java:148)
        at app//org.apache.ratis.server.raftlog.segmented.SegmentedRaftLogWorker.run(SegmentedRaftLogWorker.java:302)
        at app//org.apache.ratis.server.raftlog.segmented.SegmentedRaftLogWorker$$Lambda$1161/0x00007fba24719a20.run(Unknown Source)
        at java.base@17.0.12/java.util.concurrent.Executors$RunnableAdapter.call(Executors.java:539)
        at java.base@17.0.12/java.util.concurrent.FutureTask.run(FutureTask.java:264)
        at java.base@17.0.12/java.util.concurrent.ThreadPoolExecutor.runWorker(ThreadPoolExecutor.java:1136)
        at java.base@17.0.12/java.util.concurrent.ThreadPoolExecutor$Worker.run(ThreadPoolExecutor.java:635)
        at java.base@17.0.12/java.lang.Thread.run(Thread.java:840)
"9d1f9f5c-07b4-413f-b8b0-69aa045119d7-ChunkReader-ELG-0" daemon prio=5 tid=758 runnable
java.lang.Thread.State: RUNNABLE
        at app//org.apache.ratis.thirdparty.io.netty.channel.epoll.Native.epollWait(Native Method)
        at app//org.apache.ratis.thirdparty.io.netty.channel.epoll.Native.epollWait(Native.java:220)
        at app//org.apache.ratis.thirdparty.io.netty.channel.epoll.Native.epollWait(Native.java:213)
        at app//org.apache.ratis.thirdparty.io.netty.channel.epoll.EpollEventLoop.epollWaitNoTimerChange(EpollEventLoop.java:308)
        at app//org.apache.ratis.thirdparty.io.netty.channel.epoll.EpollEventLoop.run(EpollEventLoop.java:365)
        at app//org.apache.ratis.thirdparty.io.netty.util.concurrent.SingleThreadEventExecutor$4.run(SingleThreadEventExecutor.java:997)
        at app//org.apache.ratis.thirdparty.io.netty.util.internal.ThreadExecutorMap$2.run(ThreadExecutorMap.java:74)
        at java.base@17.0.12/java.lang.Thread.run(Thread.java:840)
"Socket Reader #1 for port 15000"  prio=5 tid=62 runnable
java.lang.Thread.State: RUNNABLE
        at java.base@17.0.12/sun.nio.ch.EPoll.wait(Native Method)
        at java.base@17.0.12/sun.nio.ch.EPollSelectorImpl.doSelect(EPollSelectorImpl.java:118)
        at java.base@17.0.12/sun.nio.ch.SelectorImpl.lockAndDoSelect(SelectorImpl.java:129)
        at java.base@17.0.12/sun.nio.ch.SelectorImpl.select(SelectorImpl.java:146)
        at app//org.apache.hadoop.ipc.Server$Listener$Reader.doRunLoop(Server.java:1346)
        at app//org.apache.hadoop.ipc.Server$Listener$Reader.run(Server.java:1325)
"qtp55402156-396" daemon prio=5 tid=396 timed_waiting
java.lang.Thread.State: TIMED_WAITING
        at java.base@17.0.12/jdk.internal.misc.Unsafe.park(Native Method)
        at java.base@17.0.12/java.util.concurrent.locks.LockSupport.parkNanos(LockSupport.java:252)
        at java.base@17.0.12/java.util.concurrent.locks.AbstractQueuedSynchronizer$ConditionObject.awaitNanos(AbstractQueuedSynchronizer.java:1674)
        at app//org.eclipse.jetty.util.BlockingArrayQueue.poll(BlockingArrayQueue.java:382)
        at app//org.eclipse.jetty.util.thread.QueuedThreadPool$Runner.idleJobPoll(QueuedThreadPool.java:974)
        at app//org.eclipse.jetty.util.thread.QueuedThreadPool$Runner.run(QueuedThreadPool.java:1018)
        at java.base@17.0.12/java.lang.Thread.run(Thread.java:840)
"Socket Reader #5 for port 15000"  prio=5 tid=66 runnable
java.lang.Thread.State: RUNNABLE
        at java.base@17.0.12/sun.nio.ch.EPoll.wait(Native Method)
        at java.base@17.0.12/sun.nio.ch.EPollSelectorImpl.doSelect(EPollSelectorImpl.java:118)
        at java.base@17.0.12/sun.nio.ch.SelectorImpl.lockAndDoSelect(SelectorImpl.java:129)
        at java.base@17.0.12/sun.nio.ch.SelectorImpl.select(SelectorImpl.java:146)
        at app//org.apache.hadoop.ipc.Server$Listener$Reader.doRunLoop(Server.java:1346)
        at app//org.apache.hadoop.ipc.Server$Listener$Reader.run(Server.java:1325)
"IPC Server handler 80 on default port 15002" daemon prio=5 tid=366 timed_waiting
java.lang.Thread.State: TIMED_WAITING
        at java.base@17.0.12/jdk.internal.misc.Unsafe.park(Native Method)
        at java.base@17.0.12/java.util.concurrent.locks.LockSupport.parkNanos(LockSupport.java:252)
        at java.base@17.0.12/java.util.concurrent.locks.AbstractQueuedSynchronizer$ConditionObject.awaitNanos(AbstractQueuedSynchronizer.java:1674)
        at java.base@17.0.12/java.util.concurrent.LinkedBlockingQueue.poll(LinkedBlockingQueue.java:460)
        at app//org.apache.hadoop.ipc.CallQueueManager.take(CallQueueManager.java:317)
        at app//org.apache.hadoop.ipc.Server$Handler.run(Server.java:3014)
"Socket Reader #7 for port 15001"  prio=5 tid=54 runnable
java.lang.Thread.State: RUNNABLE
        at java.base@17.0.12/sun.nio.ch.EPoll.wait(Native Method)
        at java.base@17.0.12/sun.nio.ch.EPollSelectorImpl.doSelect(EPollSelectorImpl.java:118)
        at java.base@17.0.12/sun.nio.ch.SelectorImpl.lockAndDoSelect(SelectorImpl.java:129)
        at java.base@17.0.12/sun.nio.ch.SelectorImpl.select(SelectorImpl.java:146)
        at app//org.apache.hadoop.ipc.Server$Listener$Reader.doRunLoop(Server.java:1346)
        at app//org.apache.hadoop.ipc.Server$Listener$Reader.run(Server.java:1325)
"f3028915-7dd4-47fe-983a-636a8839ab96-RocksDBCompactionThread-0"  prio=5 tid=616 timed_waiting
java.lang.Thread.State: TIMED_WAITING
        at java.base@17.0.12/jdk.internal.misc.Unsafe.park(Native Method)
        at java.base@17.0.12/java.util.concurrent.locks.LockSupport.parkNanos(LockSupport.java:252)
        at java.base@17.0.12/java.util.concurrent.locks.AbstractQueuedSynchronizer$ConditionObject.awaitNanos(AbstractQueuedSynchronizer.java:1674)
        at java.base@17.0.12/java.util.concurrent.ScheduledThreadPoolExecutor$DelayedWorkQueue.take(ScheduledThreadPoolExecutor.java:1182)
        at java.base@17.0.12/java.util.concurrent.ScheduledThreadPoolExecutor$DelayedWorkQueue.take(ScheduledThreadPoolExecutor.java:899)
        at java.base@17.0.12/java.util.concurrent.ThreadPoolExecutor.getTask(ThreadPoolExecutor.java:1062)
        at java.base@17.0.12/java.util.concurrent.ThreadPoolExecutor.runWorker(ThreadPoolExecutor.java:1122)
        at java.base@17.0.12/java.util.concurrent.ThreadPoolExecutor$Worker.run(ThreadPoolExecutor.java:635)
        at java.base@17.0.12/java.lang.Thread.run(Thread.java:840)
"IPC Server handler 57 on default port 15000" daemon prio=5 tid=143 timed_waiting
java.lang.Thread.State: TIMED_WAITING
        at java.base@17.0.12/jdk.internal.misc.Unsafe.park(Native Method)
        at java.base@17.0.12/java.util.concurrent.locks.LockSupport.parkNanos(LockSupport.java:252)
        at java.base@17.0.12/java.util.concurrent.locks.AbstractQueuedSynchronizer$ConditionObject.awaitNanos(AbstractQueuedSynchronizer.java:1674)
        at java.base@17.0.12/java.util.concurrent.LinkedBlockingQueue.poll(LinkedBlockingQueue.java:460)
        at app//org.apache.hadoop.ipc.CallQueueManager.take(CallQueueManager.java:317)
        at app//org.apache.hadoop.ipc.Server$Handler.run(Server.java:3014)
"grpc-default-executor-1" daemon prio=5 tid=859 timed_waiting
java.lang.Thread.State: TIMED_WAITING
        at java.base@17.0.12/jdk.internal.misc.Unsafe.park(Native Method)
        at java.base@17.0.12/java.util.concurrent.locks.LockSupport.parkNanos(LockSupport.java:252)
        at java.base@17.0.12/java.util.concurrent.SynchronousQueue$TransferStack.transfer(SynchronousQueue.java:401)
        at java.base@17.0.12/java.util.concurrent.SynchronousQueue.poll(SynchronousQueue.java:903)
        at java.base@17.0.12/java.util.concurrent.ThreadPoolExecutor.getTask(ThreadPoolExecutor.java:1061)
        at java.base@17.0.12/java.util.concurrent.ThreadPoolExecutor.runWorker(ThreadPoolExecutor.java:1122)
        at java.base@17.0.12/java.util.concurrent.ThreadPoolExecutor$Worker.run(ThreadPoolExecutor.java:635)
        at java.base@17.0.12/java.lang.Thread.run(Thread.java:840)
"qtp576440022-625" daemon prio=5 tid=625 timed_waiting
java.lang.Thread.State: TIMED_WAITING
        at java.base@17.0.12/jdk.internal.misc.Unsafe.park(Native Method)
        at java.base@17.0.12/java.util.concurrent.locks.LockSupport.parkNanos(LockSupport.java:252)
        at java.base@17.0.12/java.util.concurrent.locks.AbstractQueuedSynchronizer$ConditionObject.awaitNanos(AbstractQueuedSynchronizer.java:1674)
        at app//org.eclipse.jetty.util.BlockingArrayQueue.poll(BlockingArrayQueue.java:382)
        at app//org.eclipse.jetty.util.thread.QueuedThreadPool$Runner.idleJobPoll(QueuedThreadPool.java:974)
        at app//org.eclipse.jetty.util.thread.QueuedThreadPool$Runner.run(QueuedThreadPool.java:1018)
        at java.base@17.0.12/java.lang.Thread.run(Thread.java:840)
"18c2a24f-8a03-4916-b50c-e7c6140a9b01@group-EB676058688B-cacheEviction-AwaitToRun" daemon prio=5 tid=906 in Object.wait()
java.lang.Thread.State: WAITING (on object monitor)
        at java.base@17.0.12/jdk.internal.misc.Unsafe.park(Native Method)
        at java.base@17.0.12/java.util.concurrent.locks.LockSupport.park(LockSupport.java:341)
        at java.base@17.0.12/java.util.concurrent.locks.AbstractQueuedSynchronizer$ConditionNode.block(AbstractQueuedSynchronizer.java:506)
        at java.base@17.0.12/java.util.concurrent.ForkJoinPool.unmanagedBlock(ForkJoinPool.java:3465)
        at java.base@17.0.12/java.util.concurrent.ForkJoinPool.managedBlock(ForkJoinPool.java:3436)
        at java.base@17.0.12/java.util.concurrent.locks.AbstractQueuedSynchronizer$ConditionObject.await(AbstractQueuedSynchronizer.java:1625)
        at app//org.apache.ratis.util.AwaitForSignal.await(AwaitForSignal.java:48)
        at app//org.apache.ratis.util.AwaitToRun$RunnableImpl.run(AwaitToRun.java:47)
        at java.base@17.0.12/java.lang.Thread.run(Thread.java:840)
"IPC Server handler 2 on default port 15046" daemon prio=5 tid=692 timed_waiting
java.lang.Thread.State: TIMED_WAITING
        at java.base@17.0.12/jdk.internal.misc.Unsafe.park(Native Method)
        at java.base@17.0.12/java.util.concurrent.locks.LockSupport.parkNanos(LockSupport.java:252)
        at java.base@17.0.12/java.util.concurrent.locks.AbstractQueuedSynchronizer$ConditionObject.awaitNanos(AbstractQueuedSynchronizer.java:1674)
        at java.base@17.0.12/java.util.concurrent.LinkedBlockingQueue.poll(LinkedBlockingQueue.java:460)
        at app//org.apache.hadoop.ipc.CallQueueManager.take(CallQueueManager.java:317)
        at app//org.apache.hadoop.ipc.Server$Handler.run(Server.java:3014)
"IPC Server handler 12 on default port 15001" daemon prio=5 tid=198 timed_waiting
java.lang.Thread.State: TIMED_WAITING
        at java.base@17.0.12/jdk.internal.misc.Unsafe.park(Native Method)
        at java.base@17.0.12/java.util.concurrent.locks.LockSupport.parkNanos(LockSupport.java:252)
        at java.base@17.0.12/java.util.concurrent.locks.AbstractQueuedSynchronizer$ConditionObject.awaitNanos(AbstractQueuedSynchronizer.java:1674)
        at java.base@17.0.12/java.util.concurrent.LinkedBlockingQueue.poll(LinkedBlockingQueue.java:460)
        at app//org.apache.hadoop.ipc.CallQueueManager.take(CallQueueManager.java:317)
        at app//org.apache.hadoop.ipc.Server$Handler.run(Server.java:3014)
"18c2a24f-8a03-4916-b50c-e7c6140a9b01-DatanodeReportManager-1" daemon prio=5 tid=702 in Object.wait()
java.lang.Thread.State: WAITING (on object monitor)
        at java.base@17.0.12/jdk.internal.misc.Unsafe.park(Native Method)
        at java.base@17.0.12/java.util.concurrent.locks.LockSupport.park(LockSupport.java:341)
        at java.base@17.0.12/java.util.concurrent.locks.AbstractQueuedSynchronizer$ConditionNode.block(AbstractQueuedSynchronizer.java:506)
        at java.base@17.0.12/java.util.concurrent.ForkJoinPool.unmanagedBlock(ForkJoinPool.java:3465)
        at java.base@17.0.12/java.util.concurrent.ForkJoinPool.managedBlock(ForkJoinPool.java:3436)
        at java.base@17.0.12/java.util.concurrent.locks.AbstractQueuedSynchronizer$ConditionObject.await(AbstractQueuedSynchronizer.java:1625)
        at java.base@17.0.12/java.util.concurrent.ScheduledThreadPoolExecutor$DelayedWorkQueue.take(ScheduledThreadPoolExecutor.java:1177)
        at java.base@17.0.12/java.util.concurrent.ScheduledThreadPoolExecutor$DelayedWorkQueue.take(ScheduledThreadPoolExecutor.java:899)
        at java.base@17.0.12/java.util.concurrent.ThreadPoolExecutor.getTask(ThreadPoolExecutor.java:1062)
        at java.base@17.0.12/java.util.concurrent.ThreadPoolExecutor.runWorker(ThreadPoolExecutor.java:1122)
        at java.base@17.0.12/java.util.concurrent.ThreadPoolExecutor$Worker.run(ThreadPoolExecutor.java:635)
        at java.base@17.0.12/java.lang.Thread.run(Thread.java:840)
"IPC Server idle connection scanner for port 15004" daemon prio=5 tid=422 timed_waiting
java.lang.Thread.State: TIMED_WAITING
        at java.base@17.0.12/java.lang.Object.wait(Native Method)
        at java.base@17.0.12/java.util.TimerThread.mainLoop(Timer.java:563)
        at java.base@17.0.12/java.util.TimerThread.run(Timer.java:516)
"IPC Server handler 4 on default port 15002" daemon prio=5 tid=290 timed_waiting
java.lang.Thread.State: TIMED_WAITING
        at java.base@17.0.12/jdk.internal.misc.Unsafe.park(Native Method)
        at java.base@17.0.12/java.util.concurrent.locks.LockSupport.parkNanos(LockSupport.java:252)
        at java.base@17.0.12/java.util.concurrent.locks.AbstractQueuedSynchronizer$ConditionObject.awaitNanos(AbstractQueuedSynchronizer.java:1674)
        at java.base@17.0.12/java.util.concurrent.LinkedBlockingQueue.poll(LinkedBlockingQueue.java:460)
        at app//org.apache.hadoop.ipc.CallQueueManager.take(CallQueueManager.java:317)
        at app//org.apache.hadoop.ipc.Server$Handler.run(Server.java:3014)
"Notification Thread" daemon prio=9 tid=13 runnable
java.lang.Thread.State: RUNNABLE
"18c2a24f-8a03-4916-b50c-e7c6140a9b01-NettyServerStreamRpc-bossGroup--thread1"  prio=5 tid=663 runnable
java.lang.Thread.State: RUNNABLE
        at app//org.apache.ratis.thirdparty.io.netty.channel.epoll.Native.epollWait(Native Method)
        at app//org.apache.ratis.thirdparty.io.netty.channel.epoll.Native.epollWait(Native.java:220)
        at app//org.apache.ratis.thirdparty.io.netty.channel.epoll.Native.epollWait(Native.java:213)
        at app//org.apache.ratis.thirdparty.io.netty.channel.epoll.EpollEventLoop.epollWaitNoTimerChange(EpollEventLoop.java:308)
        at app//org.apache.ratis.thirdparty.io.netty.channel.epoll.EpollEventLoop.run(EpollEventLoop.java:365)
        at app//org.apache.ratis.thirdparty.io.netty.util.concurrent.SingleThreadEventExecutor$4.run(SingleThreadEventExecutor.java:997)
        at app//org.apache.ratis.thirdparty.io.netty.util.internal.ThreadExecutorMap$2.run(ThreadExecutorMap.java:74)
        at java.base@17.0.12/java.lang.Thread.run(Thread.java:840)
"IPC Server handler 62 on default port 15002" daemon prio=5 tid=348 timed_waiting
java.lang.Thread.State: TIMED_WAITING
        at java.base@17.0.12/jdk.internal.misc.Unsafe.park(Native Method)
        at java.base@17.0.12/java.util.concurrent.locks.LockSupport.parkNanos(LockSupport.java:252)
        at java.base@17.0.12/java.util.concurrent.locks.AbstractQueuedSynchronizer$ConditionObject.awaitNanos(AbstractQueuedSynchronizer.java:1674)
        at java.base@17.0.12/java.util.concurrent.LinkedBlockingQueue.poll(LinkedBlockingQueue.java:460)
        at app//org.apache.hadoop.ipc.CallQueueManager.take(CallQueueManager.java:317)
        at app//org.apache.hadoop.ipc.Server$Handler.run(Server.java:3014)
"IPC Server handler 95 on default port 15000" daemon prio=5 tid=181 timed_waiting
java.lang.Thread.State: TIMED_WAITING
        at java.base@17.0.12/jdk.internal.misc.Unsafe.park(Native Method)
        at java.base@17.0.12/java.util.concurrent.locks.LockSupport.parkNanos(LockSupport.java:252)
        at java.base@17.0.12/java.util.concurrent.locks.AbstractQueuedSynchronizer$ConditionObject.awaitNanos(AbstractQueuedSynchronizer.java:1674)
        at java.base@17.0.12/java.util.concurrent.LinkedBlockingQueue.poll(LinkedBlockingQueue.java:460)
        at app//org.apache.hadoop.ipc.CallQueueManager.take(CallQueueManager.java:317)
        at app//org.apache.hadoop.ipc.Server$Handler.run(Server.java:3014)
"timer6" daemon prio=5 tid=960 timed_waiting
java.lang.Thread.State: TIMED_WAITING
        at java.base@17.0.12/java.lang.Object.wait(Native Method)
        at java.base@17.0.12/java.util.TimerThread.mainLoop(Timer.java:563)
        at java.base@17.0.12/java.util.TimerThread.run(Timer.java:516)
"Socket Reader #9 for port 15037"  prio=5 tid=639 runnable
java.lang.Thread.State: RUNNABLE
        at java.base@17.0.12/sun.nio.ch.EPoll.wait(Native Method)
        at java.base@17.0.12/sun.nio.ch.EPollSelectorImpl.doSelect(EPollSelectorImpl.java:118)
        at java.base@17.0.12/sun.nio.ch.SelectorImpl.lockAndDoSelect(SelectorImpl.java:129)
        at java.base@17.0.12/sun.nio.ch.SelectorImpl.select(SelectorImpl.java:146)
        at app//org.apache.hadoop.ipc.Server$Listener$Reader.doRunLoop(Server.java:1346)
        at app//org.apache.hadoop.ipc.Server$Listener$Reader.run(Server.java:1325)
"Socket Reader #9 for port 15000"  prio=5 tid=70 runnable
java.lang.Thread.State: RUNNABLE
        at java.base@17.0.12/sun.nio.ch.EPoll.wait(Native Method)
        at java.base@17.0.12/sun.nio.ch.EPollSelectorImpl.doSelect(EPollSelectorImpl.java:118)
        at java.base@17.0.12/sun.nio.ch.SelectorImpl.lockAndDoSelect(SelectorImpl.java:129)
        at java.base@17.0.12/sun.nio.ch.SelectorImpl.select(SelectorImpl.java:146)
        at app//org.apache.hadoop.ipc.Server$Listener$Reader.doRunLoop(Server.java:1346)
        at app//org.apache.hadoop.ipc.Server$Listener$Reader.run(Server.java:1325)
"IPC Server handler 51 on default port 15000" daemon prio=5 tid=137 timed_waiting
java.lang.Thread.State: TIMED_WAITING
        at java.base@17.0.12/jdk.internal.misc.Unsafe.park(Native Method)
        at java.base@17.0.12/java.util.concurrent.locks.LockSupport.parkNanos(LockSupport.java:252)
        at java.base@17.0.12/java.util.concurrent.locks.AbstractQueuedSynchronizer$ConditionObject.awaitNanos(AbstractQueuedSynchronizer.java:1674)
        at java.base@17.0.12/java.util.concurrent.LinkedBlockingQueue.poll(LinkedBlockingQueue.java:460)
        at app//org.apache.hadoop.ipc.CallQueueManager.take(CallQueueManager.java:317)
        at app//org.apache.hadoop.ipc.Server$Handler.run(Server.java:3014)
"IPC Server handler 94 on default port 15002" daemon prio=5 tid=380 timed_waiting
java.lang.Thread.State: TIMED_WAITING
        at java.base@17.0.12/jdk.internal.misc.Unsafe.park(Native Method)
        at java.base@17.0.12/java.util.concurrent.locks.LockSupport.parkNanos(LockSupport.java:252)
        at java.base@17.0.12/java.util.concurrent.locks.AbstractQueuedSynchronizer$ConditionObject.awaitNanos(AbstractQueuedSynchronizer.java:1674)
        at java.base@17.0.12/java.util.concurrent.LinkedBlockingQueue.poll(LinkedBlockingQueue.java:460)
        at app//org.apache.hadoop.ipc.CallQueueManager.take(CallQueueManager.java:317)
        at app//org.apache.hadoop.ipc.Server$Handler.run(Server.java:3014)
"f3028915-7dd4-47fe-983a-636a8839ab96-DatanodeReportManager-3" daemon prio=5 tid=658 in Object.wait()
java.lang.Thread.State: WAITING (on object monitor)
        at java.base@17.0.12/jdk.internal.misc.Unsafe.park(Native Method)
        at java.base@17.0.12/java.util.concurrent.locks.LockSupport.park(LockSupport.java:341)
        at java.base@17.0.12/java.util.concurrent.locks.AbstractQueuedSynchronizer$ConditionNode.block(AbstractQueuedSynchronizer.java:506)
        at java.base@17.0.12/java.util.concurrent.ForkJoinPool.unmanagedBlock(ForkJoinPool.java:3465)
        at java.base@17.0.12/java.util.concurrent.ForkJoinPool.managedBlock(ForkJoinPool.java:3436)
        at java.base@17.0.12/java.util.concurrent.locks.AbstractQueuedSynchronizer$ConditionObject.await(AbstractQueuedSynchronizer.java:1625)
        at java.base@17.0.12/java.util.concurrent.ScheduledThreadPoolExecutor$DelayedWorkQueue.take(ScheduledThreadPoolExecutor.java:1177)
        at java.base@17.0.12/java.util.concurrent.ScheduledThreadPoolExecutor$DelayedWorkQueue.take(ScheduledThreadPoolExecutor.java:899)
        at java.base@17.0.12/java.util.concurrent.ThreadPoolExecutor.getTask(ThreadPoolExecutor.java:1062)
        at java.base@17.0.12/java.util.concurrent.ThreadPoolExecutor.runWorker(ThreadPoolExecutor.java:1122)
        at java.base@17.0.12/java.util.concurrent.ThreadPoolExecutor$Worker.run(ThreadPoolExecutor.java:635)
        at java.base@17.0.12/java.lang.Thread.run(Thread.java:840)
"IPC Server handler 71 on default port 15001" daemon prio=5 tid=257 timed_waiting
java.lang.Thread.State: TIMED_WAITING
        at java.base@17.0.12/jdk.internal.misc.Unsafe.park(Native Method)
        at java.base@17.0.12/java.util.concurrent.locks.LockSupport.parkNanos(LockSupport.java:252)
        at java.base@17.0.12/java.util.concurrent.locks.AbstractQueuedSynchronizer$ConditionObject.awaitNanos(AbstractQueuedSynchronizer.java:1674)
        at java.base@17.0.12/java.util.concurrent.LinkedBlockingQueue.poll(LinkedBlockingQueue.java:460)
        at app//org.apache.hadoop.ipc.CallQueueManager.take(CallQueueManager.java:317)
        at app//org.apache.hadoop.ipc.Server$Handler.run(Server.java:3014)
"EventQueue-DeadNodeForDeadNodeHandler" daemon prio=5 tid=987 in Object.wait()
java.lang.Thread.State: WAITING (on object monitor)
        at java.base@17.0.12/jdk.internal.misc.Unsafe.park(Native Method)
        at java.base@17.0.12/java.util.concurrent.locks.LockSupport.park(LockSupport.java:341)
        at java.base@17.0.12/java.util.concurrent.locks.AbstractQueuedSynchronizer$ConditionNode.block(AbstractQueuedSynchronizer.java:506)
        at java.base@17.0.12/java.util.concurrent.ForkJoinPool.unmanagedBlock(ForkJoinPool.java:3465)
        at java.base@17.0.12/java.util.concurrent.ForkJoinPool.managedBlock(ForkJoinPool.java:3436)
        at java.base@17.0.12/java.util.concurrent.locks.AbstractQueuedSynchronizer$ConditionObject.await(AbstractQueuedSynchronizer.java:1625)
        at java.base@17.0.12/java.util.concurrent.LinkedBlockingQueue.take(LinkedBlockingQueue.java:435)
        at java.base@17.0.12/java.util.concurrent.ThreadPoolExecutor.getTask(ThreadPoolExecutor.java:1062)
        at java.base@17.0.12/java.util.concurrent.ThreadPoolExecutor.runWorker(ThreadPoolExecutor.java:1122)
        at java.base@17.0.12/java.util.concurrent.ThreadPoolExecutor$Worker.run(ThreadPoolExecutor.java:635)
        at java.base@17.0.12/java.lang.Thread.run(Thread.java:840)
"IPC Server handler 59 on default port 15002" daemon prio=5 tid=345 timed_waiting
java.lang.Thread.State: TIMED_WAITING
        at java.base@17.0.12/jdk.internal.misc.Unsafe.park(Native Method)
        at java.base@17.0.12/java.util.concurrent.locks.LockSupport.parkNanos(LockSupport.java:252)
        at java.base@17.0.12/java.util.concurrent.locks.AbstractQueuedSynchronizer$ConditionObject.awaitNanos(AbstractQueuedSynchronizer.java:1674)
        at java.base@17.0.12/java.util.concurrent.LinkedBlockingQueue.poll(LinkedBlockingQueue.java:460)
        at app//org.apache.hadoop.ipc.CallQueueManager.take(CallQueueManager.java:317)
        at app//org.apache.hadoop.ipc.Server$Handler.run(Server.java:3014)
"Hadoop-Metrics-Updater-0" daemon prio=5 tid=689 timed_waiting
java.lang.Thread.State: TIMED_WAITING
        at java.base@17.0.12/jdk.internal.misc.Unsafe.park(Native Method)
        at java.base@17.0.12/java.util.concurrent.locks.LockSupport.parkNanos(LockSupport.java:252)
        at java.base@17.0.12/java.util.concurrent.locks.AbstractQueuedSynchronizer$ConditionObject.awaitNanos(AbstractQueuedSynchronizer.java:1674)
        at java.base@17.0.12/java.util.concurrent.ScheduledThreadPoolExecutor$DelayedWorkQueue.take(ScheduledThreadPoolExecutor.java:1182)
        at java.base@17.0.12/java.util.concurrent.ScheduledThreadPoolExecutor$DelayedWorkQueue.take(ScheduledThreadPoolExecutor.java:899)
        at java.base@17.0.12/java.util.concurrent.ThreadPoolExecutor.getTask(ThreadPoolExecutor.java:1062)
        at java.base@17.0.12/java.util.concurrent.ThreadPoolExecutor.runWorker(ThreadPoolExecutor.java:1122)
        at java.base@17.0.12/java.util.concurrent.ThreadPoolExecutor$Worker.run(ThreadPoolExecutor.java:635)
        at java.base@17.0.12/java.lang.Thread.run(Thread.java:840)
"Socket Reader #8 for port 15001"  prio=5 tid=55 runnable
java.lang.Thread.State: RUNNABLE
        at java.base@17.0.12/sun.nio.ch.EPoll.wait(Native Method)
        at java.base@17.0.12/sun.nio.ch.EPollSelectorImpl.doSelect(EPollSelectorImpl.java:118)
        at java.base@17.0.12/sun.nio.ch.SelectorImpl.lockAndDoSelect(SelectorImpl.java:129)
        at java.base@17.0.12/sun.nio.ch.SelectorImpl.select(SelectorImpl.java:146)
        at app//org.apache.hadoop.ipc.Server$Listener$Reader.doRunLoop(Server.java:1346)
        at app//org.apache.hadoop.ipc.Server$Listener$Reader.run(Server.java:1325)
"IPC Server handler 20 on default port 15002" daemon prio=5 tid=306 timed_waiting
java.lang.Thread.State: TIMED_WAITING
        at java.base@17.0.12/jdk.internal.misc.Unsafe.park(Native Method)
        at java.base@17.0.12/java.util.concurrent.locks.LockSupport.parkNanos(LockSupport.java:252)
        at java.base@17.0.12/java.util.concurrent.locks.AbstractQueuedSynchronizer$ConditionObject.awaitNanos(AbstractQueuedSynchronizer.java:1674)
        at java.base@17.0.12/java.util.concurrent.LinkedBlockingQueue.poll(LinkedBlockingQueue.java:460)
        at app//org.apache.hadoop.ipc.CallQueueManager.take(CallQueueManager.java:317)
        at app//org.apache.hadoop.ipc.Server$Handler.run(Server.java:3014)
"Socket Reader #9 for port 15019"  prio=5 tid=547 runnable
java.lang.Thread.State: RUNNABLE
        at java.base@17.0.12/sun.nio.ch.EPoll.wait(Native Method)
        at java.base@17.0.12/sun.nio.ch.EPollSelectorImpl.doSelect(EPollSelectorImpl.java:118)
        at java.base@17.0.12/sun.nio.ch.SelectorImpl.lockAndDoSelect(SelectorImpl.java:129)
        at java.base@17.0.12/sun.nio.ch.SelectorImpl.select(SelectorImpl.java:146)
        at app//org.apache.hadoop.ipc.Server$Listener$Reader.doRunLoop(Server.java:1346)
        at app//org.apache.hadoop.ipc.Server$Listener$Reader.run(Server.java:1325)
"Socket Reader #2 for port 15046"  prio=5 tid=678 runnable
java.lang.Thread.State: RUNNABLE
        at java.base@17.0.12/sun.nio.ch.EPoll.wait(Native Method)
        at java.base@17.0.12/sun.nio.ch.EPollSelectorImpl.doSelect(EPollSelectorImpl.java:118)
        at java.base@17.0.12/sun.nio.ch.SelectorImpl.lockAndDoSelect(SelectorImpl.java:129)
        at java.base@17.0.12/sun.nio.ch.SelectorImpl.select(SelectorImpl.java:146)
        at app//org.apache.hadoop.ipc.Server$Listener$Reader.doRunLoop(Server.java:1346)
        at app//org.apache.hadoop.ipc.Server$Listener$Reader.run(Server.java:1325)
"IPC Server handler 5 on default port 15046" daemon prio=5 tid=695 timed_waiting
java.lang.Thread.State: TIMED_WAITING
        at java.base@17.0.12/jdk.internal.misc.Unsafe.park(Native Method)
        at java.base@17.0.12/java.util.concurrent.locks.LockSupport.parkNanos(LockSupport.java:252)
        at java.base@17.0.12/java.util.concurrent.locks.AbstractQueuedSynchronizer$ConditionObject.awaitNanos(AbstractQueuedSynchronizer.java:1674)
        at java.base@17.0.12/java.util.concurrent.LinkedBlockingQueue.poll(LinkedBlockingQueue.java:460)
        at app//org.apache.hadoop.ipc.CallQueueManager.take(CallQueueManager.java:317)
        at app//org.apache.hadoop.ipc.Server$Handler.run(Server.java:3014)
"IPC Server Responder" daemon prio=5 tid=73 runnable
java.lang.Thread.State: RUNNABLE
        at java.base@17.0.12/sun.nio.ch.EPoll.wait(Native Method)
        at java.base@17.0.12/sun.nio.ch.EPollSelectorImpl.doSelect(EPollSelectorImpl.java:118)
        at java.base@17.0.12/sun.nio.ch.SelectorImpl.lockAndDoSelect(SelectorImpl.java:129)
        at java.base@17.0.12/sun.nio.ch.SelectorImpl.select(SelectorImpl.java:141)
        at app//org.apache.hadoop.ipc.Server$Responder.doRunLoop(Server.java:1582)
        at app//org.apache.hadoop.ipc.Server$Responder.run(Server.java:1565)
"IPC Server handler 66 on default port 15002" daemon prio=5 tid=352 timed_waiting
java.lang.Thread.State: TIMED_WAITING
        at java.base@17.0.12/jdk.internal.misc.Unsafe.park(Native Method)
        at java.base@17.0.12/java.util.concurrent.locks.LockSupport.parkNanos(LockSupport.java:252)
        at java.base@17.0.12/java.util.concurrent.locks.AbstractQueuedSynchronizer$ConditionObject.awaitNanos(AbstractQueuedSynchronizer.java:1674)
        at java.base@17.0.12/java.util.concurrent.LinkedBlockingQueue.poll(LinkedBlockingQueue.java:460)
        at app//org.apache.hadoop.ipc.CallQueueManager.take(CallQueueManager.java:317)
        at app//org.apache.hadoop.ipc.Server$Handler.run(Server.java:3014)
"18c2a24f-8a03-4916-b50c-e7c6140a9b01-DatanodeReportManager-3" daemon prio=5 tid=704 timed_waiting
java.lang.Thread.State: TIMED_WAITING
        at java.base@17.0.12/jdk.internal.misc.Unsafe.park(Native Method)
        at java.base@17.0.12/java.util.concurrent.locks.LockSupport.parkNanos(LockSupport.java:252)
        at java.base@17.0.12/java.util.concurrent.locks.AbstractQueuedSynchronizer$ConditionObject.awaitNanos(AbstractQueuedSynchronizer.java:1674)
        at java.base@17.0.12/java.util.concurrent.ScheduledThreadPoolExecutor$DelayedWorkQueue.take(ScheduledThreadPoolExecutor.java:1182)
        at java.base@17.0.12/java.util.concurrent.ScheduledThreadPoolExecutor$DelayedWorkQueue.take(ScheduledThreadPoolExecutor.java:899)
        at java.base@17.0.12/java.util.concurrent.ThreadPoolExecutor.getTask(ThreadPoolExecutor.java:1062)
        at java.base@17.0.12/java.util.concurrent.ThreadPoolExecutor.runWorker(ThreadPoolExecutor.java:1122)
        at java.base@17.0.12/java.util.concurrent.ThreadPoolExecutor$Worker.run(ThreadPoolExecutor.java:635)
        at java.base@17.0.12/java.lang.Thread.run(Thread.java:840)
"IPC Server handler 74 on default port 15001" daemon prio=5 tid=260 timed_waiting
java.lang.Thread.State: TIMED_WAITING
        at java.base@17.0.12/jdk.internal.misc.Unsafe.park(Native Method)
        at java.base@17.0.12/java.util.concurrent.locks.LockSupport.parkNanos(LockSupport.java:252)
        at java.base@17.0.12/java.util.concurrent.locks.AbstractQueuedSynchronizer$ConditionObject.awaitNanos(AbstractQueuedSynchronizer.java:1674)
        at java.base@17.0.12/java.util.concurrent.LinkedBlockingQueue.poll(LinkedBlockingQueue.java:460)
        at app//org.apache.hadoop.ipc.CallQueueManager.take(CallQueueManager.java:317)
        at app//org.apache.hadoop.ipc.Server$Handler.run(Server.java:3014)
"Hadoop-Metrics-Updater-0" daemon prio=5 tid=551 timed_waiting
java.lang.Thread.State: TIMED_WAITING
        at java.base@17.0.12/jdk.internal.misc.Unsafe.park(Native Method)
        at java.base@17.0.12/java.util.concurrent.locks.LockSupport.parkNanos(LockSupport.java:252)
        at java.base@17.0.12/java.util.concurrent.locks.AbstractQueuedSynchronizer$ConditionObject.awaitNanos(AbstractQueuedSynchronizer.java:1674)
        at java.base@17.0.12/java.util.concurrent.ScheduledThreadPoolExecutor$DelayedWorkQueue.take(ScheduledThreadPoolExecutor.java:1182)
        at java.base@17.0.12/java.util.concurrent.ScheduledThreadPoolExecutor$DelayedWorkQueue.take(ScheduledThreadPoolExecutor.java:899)
        at java.base@17.0.12/java.util.concurrent.ThreadPoolExecutor.getTask(ThreadPoolExecutor.java:1062)
        at java.base@17.0.12/java.util.concurrent.ThreadPoolExecutor.runWorker(ThreadPoolExecutor.java:1122)
        at java.base@17.0.12/java.util.concurrent.ThreadPoolExecutor$Worker.run(ThreadPoolExecutor.java:635)
        at java.base@17.0.12/java.lang.Thread.run(Thread.java:840)
"IPC Server handler 83 on default port 15001" daemon prio=5 tid=269 timed_waiting
java.lang.Thread.State: TIMED_WAITING
        at java.base@17.0.12/jdk.internal.misc.Unsafe.park(Native Method)
        at java.base@17.0.12/java.util.concurrent.locks.LockSupport.parkNanos(LockSupport.java:252)
        at java.base@17.0.12/java.util.concurrent.locks.AbstractQueuedSynchronizer$ConditionObject.awaitNanos(AbstractQueuedSynchronizer.java:1674)
        at java.base@17.0.12/java.util.concurrent.LinkedBlockingQueue.poll(LinkedBlockingQueue.java:460)
        at app//org.apache.hadoop.ipc.CallQueueManager.take(CallQueueManager.java:317)
        at app//org.apache.hadoop.ipc.Server$Handler.run(Server.java:3014)
"IPC Server handler 63 on default port 15002" daemon prio=5 tid=349 timed_waiting
java.lang.Thread.State: TIMED_WAITING
        at java.base@17.0.12/jdk.internal.misc.Unsafe.park(Native Method)
        at java.base@17.0.12/java.util.concurrent.locks.LockSupport.parkNanos(LockSupport.java:252)
        at java.base@17.0.12/java.util.concurrent.locks.AbstractQueuedSynchronizer$ConditionObject.awaitNanos(AbstractQueuedSynchronizer.java:1674)
        at java.base@17.0.12/java.util.concurrent.LinkedBlockingQueue.poll(LinkedBlockingQueue.java:460)
        at app//org.apache.hadoop.ipc.CallQueueManager.take(CallQueueManager.java:317)
        at app//org.apache.hadoop.ipc.Server$Handler.run(Server.java:3014)
"IPC Server handler 2 on default port 15004" daemon prio=5 tid=455 timed_waiting
java.lang.Thread.State: TIMED_WAITING
        at java.base@17.0.12/jdk.internal.misc.Unsafe.park(Native Method)
        at java.base@17.0.12/java.util.concurrent.locks.LockSupport.parkNanos(LockSupport.java:252)
        at java.base@17.0.12/java.util.concurrent.locks.AbstractQueuedSynchronizer$ConditionObject.awaitNanos(AbstractQueuedSynchronizer.java:1674)
        at java.base@17.0.12/java.util.concurrent.LinkedBlockingQueue.poll(LinkedBlockingQueue.java:460)
        at app//org.apache.hadoop.ipc.CallQueueManager.take(CallQueueManager.java:317)
        at app//org.apache.hadoop.ipc.Server$Handler.run(Server.java:3014)
"qtp55402156-397" daemon prio=5 tid=397 timed_waiting
java.lang.Thread.State: TIMED_WAITING
        at java.base@17.0.12/jdk.internal.misc.Unsafe.park(Native Method)
        at java.base@17.0.12/java.util.concurrent.locks.LockSupport.parkNanos(LockSupport.java:252)
        at java.base@17.0.12/java.util.concurrent.locks.AbstractQueuedSynchronizer$ConditionObject.awaitNanos(AbstractQueuedSynchronizer.java:1674)
        at app//org.eclipse.jetty.util.BlockingArrayQueue.poll(BlockingArrayQueue.java:382)
        at app//org.eclipse.jetty.util.thread.QueuedThreadPool$Runner.idleJobPoll(QueuedThreadPool.java:974)
        at app//org.eclipse.jetty.util.thread.QueuedThreadPool$Runner.run(QueuedThreadPool.java:1018)
        at java.base@17.0.12/java.lang.Thread.run(Thread.java:840)
"JvmPauseMonitor6" daemon prio=5 tid=793 timed_waiting
java.lang.Thread.State: TIMED_WAITING
        at java.base@17.0.12/java.lang.Thread.sleep(Native Method)
        at java.base@17.0.12/java.lang.Thread.sleep(Thread.java:344)
        at java.base@17.0.12/java.util.concurrent.TimeUnit.sleep(TimeUnit.java:446)
        at app//org.apache.ratis.util.TimeDuration.sleep(TimeDuration.java:353)
        at app//org.apache.ratis.util.TimeDuration.sleep(TimeDuration.java:338)
        at app//org.apache.ratis.util.JvmPauseMonitor.detectPause(JvmPauseMonitor.java:160)
        at app//org.apache.ratis.util.JvmPauseMonitor.run(JvmPauseMonitor.java:149)
        at app//org.apache.ratis.util.JvmPauseMonitor$$Lambda$777/0x00007fba244e11b8.run(Unknown Source)
        at java.base@17.0.12/java.lang.Thread.run(Thread.java:840)
"IPC Server handler 84 on default port 15002" daemon prio=5 tid=370 timed_waiting
java.lang.Thread.State: TIMED_WAITING
        at java.base@17.0.12/jdk.internal.misc.Unsafe.park(Native Method)
        at java.base@17.0.12/java.util.concurrent.locks.LockSupport.parkNanos(LockSupport.java:252)
        at java.base@17.0.12/java.util.concurrent.locks.AbstractQueuedSynchronizer$ConditionObject.awaitNanos(AbstractQueuedSynchronizer.java:1674)
        at java.base@17.0.12/java.util.concurrent.LinkedBlockingQueue.poll(LinkedBlockingQueue.java:460)
        at app//org.apache.hadoop.ipc.CallQueueManager.take(CallQueueManager.java:317)
        at app//org.apache.hadoop.ipc.Server$Handler.run(Server.java:3014)
"IPC Server handler 88 on default port 15002" daemon prio=5 tid=374 timed_waiting
java.lang.Thread.State: TIMED_WAITING
        at java.base@17.0.12/jdk.internal.misc.Unsafe.park(Native Method)
        at java.base@17.0.12/java.util.concurrent.locks.LockSupport.parkNanos(LockSupport.java:252)
        at java.base@17.0.12/java.util.concurrent.locks.AbstractQueuedSynchronizer$ConditionObject.awaitNanos(AbstractQueuedSynchronizer.java:1674)
        at java.base@17.0.12/java.util.concurrent.LinkedBlockingQueue.poll(LinkedBlockingQueue.java:460)
        at app//org.apache.hadoop.ipc.CallQueueManager.take(CallQueueManager.java:317)
        at app//org.apache.hadoop.ipc.Server$Handler.run(Server.java:3014)
"IPC Server handler 89 on default port 15002" daemon prio=5 tid=375 timed_waiting
java.lang.Thread.State: TIMED_WAITING
        at java.base@17.0.12/jdk.internal.misc.Unsafe.park(Native Method)
        at java.base@17.0.12/java.util.concurrent.locks.LockSupport.parkNanos(LockSupport.java:252)
        at java.base@17.0.12/java.util.concurrent.locks.AbstractQueuedSynchronizer$ConditionObject.awaitNanos(AbstractQueuedSynchronizer.java:1674)
        at java.base@17.0.12/java.util.concurrent.LinkedBlockingQueue.poll(LinkedBlockingQueue.java:460)
        at app//org.apache.hadoop.ipc.CallQueueManager.take(CallQueueManager.java:317)
        at app//org.apache.hadoop.ipc.Server$Handler.run(Server.java:3014)
"IPC Server handler 29 on default port 15000" daemon prio=5 tid=115 timed_waiting
java.lang.Thread.State: TIMED_WAITING
        at java.base@17.0.12/jdk.internal.misc.Unsafe.park(Native Method)
        at java.base@17.0.12/java.util.concurrent.locks.LockSupport.parkNanos(LockSupport.java:252)
        at java.base@17.0.12/java.util.concurrent.locks.AbstractQueuedSynchronizer$ConditionObject.awaitNanos(AbstractQueuedSynchronizer.java:1674)
        at java.base@17.0.12/java.util.concurrent.LinkedBlockingQueue.poll(LinkedBlockingQueue.java:460)
        at app//org.apache.hadoop.ipc.CallQueueManager.take(CallQueueManager.java:317)
        at app//org.apache.hadoop.ipc.Server$Handler.run(Server.java:3014)
"IPC Server handler 32 on default port 15002" daemon prio=5 tid=318 timed_waiting
java.lang.Thread.State: TIMED_WAITING
        at java.base@17.0.12/jdk.internal.misc.Unsafe.park(Native Method)
        at java.base@17.0.12/java.util.concurrent.locks.LockSupport.parkNanos(LockSupport.java:252)
        at java.base@17.0.12/java.util.concurrent.locks.AbstractQueuedSynchronizer$ConditionObject.awaitNanos(AbstractQueuedSynchronizer.java:1674)
        at java.base@17.0.12/java.util.concurrent.LinkedBlockingQueue.poll(LinkedBlockingQueue.java:460)
        at app//org.apache.hadoop.ipc.CallQueueManager.take(CallQueueManager.java:317)
        at app//org.apache.hadoop.ipc.Server$Handler.run(Server.java:3014)
"om1-DirectoryDeletingService#0" daemon prio=5 tid=437 timed_waiting
java.lang.Thread.State: TIMED_WAITING
        at java.base@17.0.12/jdk.internal.misc.Unsafe.park(Native Method)
        at java.base@17.0.12/java.util.concurrent.locks.LockSupport.parkNanos(LockSupport.java:252)
        at java.base@17.0.12/java.util.concurrent.locks.AbstractQueuedSynchronizer$ConditionObject.awaitNanos(AbstractQueuedSynchronizer.java:1674)
        at java.base@17.0.12/java.util.concurrent.ScheduledThreadPoolExecutor$DelayedWorkQueue.take(ScheduledThreadPoolExecutor.java:1182)
        at java.base@17.0.12/java.util.concurrent.ScheduledThreadPoolExecutor$DelayedWorkQueue.take(ScheduledThreadPoolExecutor.java:899)
        at java.base@17.0.12/java.util.concurrent.ThreadPoolExecutor.getTask(ThreadPoolExecutor.java:1062)
        at java.base@17.0.12/java.util.concurrent.ThreadPoolExecutor.runWorker(ThreadPoolExecutor.java:1122)
        at java.base@17.0.12/java.util.concurrent.ThreadPoolExecutor$Worker.run(ThreadPoolExecutor.java:635)
        at java.base@17.0.12/java.lang.Thread.run(Thread.java:840)
"IPC Server handler 90 on default port 15002" daemon prio=5 tid=376 timed_waiting
java.lang.Thread.State: TIMED_WAITING
        at java.base@17.0.12/jdk.internal.misc.Unsafe.park(Native Method)
        at java.base@17.0.12/java.util.concurrent.locks.LockSupport.parkNanos(LockSupport.java:252)
        at java.base@17.0.12/java.util.concurrent.locks.AbstractQueuedSynchronizer$ConditionObject.awaitNanos(AbstractQueuedSynchronizer.java:1674)
        at java.base@17.0.12/java.util.concurrent.LinkedBlockingQueue.poll(LinkedBlockingQueue.java:460)
        at app//org.apache.hadoop.ipc.CallQueueManager.take(CallQueueManager.java:317)
        at app//org.apache.hadoop.ipc.Server$Handler.run(Server.java:3014)
"IPC Server handler 88 on default port 15001" daemon prio=5 tid=274 timed_waiting
java.lang.Thread.State: TIMED_WAITING
        at java.base@17.0.12/jdk.internal.misc.Unsafe.park(Native Method)
        at java.base@17.0.12/java.util.concurrent.locks.LockSupport.parkNanos(LockSupport.java:252)
        at java.base@17.0.12/java.util.concurrent.locks.AbstractQueuedSynchronizer$ConditionObject.awaitNanos(AbstractQueuedSynchronizer.java:1674)
        at java.base@17.0.12/java.util.concurrent.LinkedBlockingQueue.poll(LinkedBlockingQueue.java:460)
        at app//org.apache.hadoop.ipc.CallQueueManager.take(CallQueueManager.java:317)
        at app//org.apache.hadoop.ipc.Server$Handler.run(Server.java:3014)
"IPC Server handler 89 on default port 15001" daemon prio=5 tid=275 timed_waiting
java.lang.Thread.State: TIMED_WAITING
        at java.base@17.0.12/jdk.internal.misc.Unsafe.park(Native Method)
        at java.base@17.0.12/java.util.concurrent.locks.LockSupport.parkNanos(LockSupport.java:252)
        at java.base@17.0.12/java.util.concurrent.locks.AbstractQueuedSynchronizer$ConditionObject.awaitNanos(AbstractQueuedSynchronizer.java:1674)
        at java.base@17.0.12/java.util.concurrent.LinkedBlockingQueue.poll(LinkedBlockingQueue.java:460)
        at app//org.apache.hadoop.ipc.CallQueueManager.take(CallQueueManager.java:317)
        at app//org.apache.hadoop.ipc.Server$Handler.run(Server.java:3014)
"StaleRecoveringContainerScrubbingService#0" daemon prio=5 tid=778 timed_waiting
java.lang.Thread.State: TIMED_WAITING
        at java.base@17.0.12/jdk.internal.misc.Unsafe.park(Native Method)
        at java.base@17.0.12/java.util.concurrent.locks.LockSupport.parkNanos(LockSupport.java:252)
        at java.base@17.0.12/java.util.concurrent.locks.AbstractQueuedSynchronizer$ConditionObject.awaitNanos(AbstractQueuedSynchronizer.java:1674)
        at java.base@17.0.12/java.util.concurrent.ScheduledThreadPoolExecutor$DelayedWorkQueue.take(ScheduledThreadPoolExecutor.java:1182)
        at java.base@17.0.12/java.util.concurrent.ScheduledThreadPoolExecutor$DelayedWorkQueue.take(ScheduledThreadPoolExecutor.java:899)
        at java.base@17.0.12/java.util.concurrent.ThreadPoolExecutor.getTask(ThreadPoolExecutor.java:1062)
        at java.base@17.0.12/java.util.concurrent.ThreadPoolExecutor.runWorker(ThreadPoolExecutor.java:1122)
        at java.base@17.0.12/java.util.concurrent.ThreadPoolExecutor$Worker.run(ThreadPoolExecutor.java:635)
        at java.base@17.0.12/java.lang.Thread.run(Thread.java:840)
"18c2a24f-8a03-4916-b50c-e7c6140a9b01-DatanodeStateMachineTaskThread-1"  prio=5 tid=781 in Object.wait()
java.lang.Thread.State: WAITING (on object monitor)
        at java.base@17.0.12/jdk.internal.misc.Unsafe.park(Native Method)
        at java.base@17.0.12/java.util.concurrent.locks.LockSupport.park(LockSupport.java:341)
        at java.base@17.0.12/java.util.concurrent.locks.AbstractQueuedSynchronizer$ConditionNode.block(AbstractQueuedSynchronizer.java:506)
        at java.base@17.0.12/java.util.concurrent.ForkJoinPool.unmanagedBlock(ForkJoinPool.java:3465)
        at java.base@17.0.12/java.util.concurrent.ForkJoinPool.managedBlock(ForkJoinPool.java:3436)
        at java.base@17.0.12/java.util.concurrent.locks.AbstractQueuedSynchronizer$ConditionObject.await(AbstractQueuedSynchronizer.java:1625)
        at java.base@17.0.12/java.util.concurrent.LinkedBlockingQueue.take(LinkedBlockingQueue.java:435)
        at java.base@17.0.12/java.util.concurrent.ThreadPoolExecutor.getTask(ThreadPoolExecutor.java:1062)
        at java.base@17.0.12/java.util.concurrent.ThreadPoolExecutor.runWorker(ThreadPoolExecutor.java:1122)
        at java.base@17.0.12/java.util.concurrent.ThreadPoolExecutor$Worker.run(ThreadPoolExecutor.java:635)
        at java.base@17.0.12/java.lang.Thread.run(Thread.java:840)
"IPC Server handler 55 on default port 15002" daemon prio=5 tid=341 timed_waiting
java.lang.Thread.State: TIMED_WAITING
        at java.base@17.0.12/jdk.internal.misc.Unsafe.park(Native Method)
        at java.base@17.0.12/java.util.concurrent.locks.LockSupport.parkNanos(LockSupport.java:252)
        at java.base@17.0.12/java.util.concurrent.locks.AbstractQueuedSynchronizer$ConditionObject.awaitNanos(AbstractQueuedSynchronizer.java:1674)
        at java.base@17.0.12/java.util.concurrent.LinkedBlockingQueue.poll(LinkedBlockingQueue.java:460)
        at app//org.apache.hadoop.ipc.CallQueueManager.take(CallQueueManager.java:317)
        at app//org.apache.hadoop.ipc.Server$Handler.run(Server.java:3014)
"Socket Reader #10 for port 15028"  prio=5 tid=594 runnable
java.lang.Thread.State: RUNNABLE
        at java.base@17.0.12/sun.nio.ch.EPoll.wait(Native Method)
        at java.base@17.0.12/sun.nio.ch.EPollSelectorImpl.doSelect(EPollSelectorImpl.java:118)
        at java.base@17.0.12/sun.nio.ch.SelectorImpl.lockAndDoSelect(SelectorImpl.java:129)
        at java.base@17.0.12/sun.nio.ch.SelectorImpl.select(SelectorImpl.java:146)
        at app//org.apache.hadoop.ipc.Server$Listener$Reader.doRunLoop(Server.java:1346)
        at app//org.apache.hadoop.ipc.Server$Listener$Reader.run(Server.java:1325)
"IPC Server handler 1 on default port 15028" daemon prio=5 tid=599 timed_waiting
java.lang.Thread.State: TIMED_WAITING
        at java.base@17.0.12/jdk.internal.misc.Unsafe.park(Native Method)
        at java.base@17.0.12/java.util.concurrent.locks.LockSupport.parkNanos(LockSupport.java:252)
        at java.base@17.0.12/java.util.concurrent.locks.AbstractQueuedSynchronizer$ConditionObject.awaitNanos(AbstractQueuedSynchronizer.java:1674)
        at java.base@17.0.12/java.util.concurrent.LinkedBlockingQueue.poll(LinkedBlockingQueue.java:460)
        at app//org.apache.hadoop.ipc.CallQueueManager.take(CallQueueManager.java:317)
        at app//org.apache.hadoop.ipc.Server$Handler.run(Server.java:3014)
"IPC Server handler 97 on default port 15000" daemon prio=5 tid=183 timed_waiting
java.lang.Thread.State: TIMED_WAITING
        at java.base@17.0.12/jdk.internal.misc.Unsafe.park(Native Method)
        at java.base@17.0.12/java.util.concurrent.locks.LockSupport.parkNanos(LockSupport.java:252)
        at java.base@17.0.12/java.util.concurrent.locks.AbstractQueuedSynchronizer$ConditionObject.awaitNanos(AbstractQueuedSynchronizer.java:1674)
        at java.base@17.0.12/java.util.concurrent.LinkedBlockingQueue.poll(LinkedBlockingQueue.java:460)
        at app//org.apache.hadoop.ipc.CallQueueManager.take(CallQueueManager.java:317)
        at app//org.apache.hadoop.ipc.Server$Handler.run(Server.java:3014)
"9d1f9f5c-07b4-413f-b8b0-69aa045119d7-DatanodeReportManager-1" daemon prio=5 tid=610 in Object.wait()
java.lang.Thread.State: WAITING (on object monitor)
        at java.base@17.0.12/jdk.internal.misc.Unsafe.park(Native Method)
        at java.base@17.0.12/java.util.concurrent.locks.LockSupport.park(LockSupport.java:341)
        at java.base@17.0.12/java.util.concurrent.locks.AbstractQueuedSynchronizer$ConditionNode.block(AbstractQueuedSynchronizer.java:506)
        at java.base@17.0.12/java.util.concurrent.ForkJoinPool.unmanagedBlock(ForkJoinPool.java:3465)
        at java.base@17.0.12/java.util.concurrent.ForkJoinPool.managedBlock(ForkJoinPool.java:3436)
        at java.base@17.0.12/java.util.concurrent.locks.AbstractQueuedSynchronizer$ConditionObject.await(AbstractQueuedSynchronizer.java:1625)
        at java.base@17.0.12/java.util.concurrent.ScheduledThreadPoolExecutor$DelayedWorkQueue.take(ScheduledThreadPoolExecutor.java:1177)
        at java.base@17.0.12/java.util.concurrent.ScheduledThreadPoolExecutor$DelayedWorkQueue.take(ScheduledThreadPoolExecutor.java:899)
        at java.base@17.0.12/java.util.concurrent.ThreadPoolExecutor.getTask(ThreadPoolExecutor.java:1062)
        at java.base@17.0.12/java.util.concurrent.ThreadPoolExecutor.runWorker(ThreadPoolExecutor.java:1122)
        at java.base@17.0.12/java.util.concurrent.ThreadPoolExecutor$Worker.run(ThreadPoolExecutor.java:635)
        at java.base@17.0.12/java.lang.Thread.run(Thread.java:840)
"ContainerMetadataScanner" daemon prio=5 tid=769 timed_waiting
java.lang.Thread.State: TIMED_WAITING
        at java.base@17.0.12/java.lang.Thread.sleep(Native Method)
        at app//org.apache.hadoop.ozone.container.ozoneimpl.AbstractBackgroundContainerScanner.handleRemainingSleep(AbstractBackgroundContainerScanner.java:131)
        at app//org.apache.hadoop.ozone.container.ozoneimpl.AbstractBackgroundContainerScanner.runIteration(AbstractBackgroundContainerScanner.java:98)
        at app//org.apache.hadoop.ozone.container.ozoneimpl.AbstractBackgroundContainerScanner.run(AbstractBackgroundContainerScanner.java:57)
"FixedThreadPoolWithAffinityExecutor-1-0" daemon prio=5 tid=76 timed_waiting
java.lang.Thread.State: TIMED_WAITING
        at java.base@17.0.12/jdk.internal.misc.Unsafe.park(Native Method)
        at java.base@17.0.12/java.util.concurrent.locks.LockSupport.parkNanos(LockSupport.java:252)
        at java.base@17.0.12/java.util.concurrent.locks.AbstractQueuedSynchronizer$ConditionObject.awaitNanos(AbstractQueuedSynchronizer.java:1674)
        at java.base@17.0.12/java.util.concurrent.LinkedBlockingQueue.poll(LinkedBlockingQueue.java:460)
        at app//org.apache.hadoop.hdds.scm.server.ContainerReportQueue.poll(ContainerReportQueue.java:269)
        at app//org.apache.hadoop.hdds.scm.server.ContainerReportQueue.poll(ContainerReportQueue.java:42)
        at app//org.apache.hadoop.hdds.server.events.FixedThreadPoolWithAffinityExecutor$ContainerReportProcessTask.run(FixedThreadPoolWithAffinityExecutor.java:253)
        at java.base@17.0.12/java.util.concurrent.Executors$RunnableAdapter.call(Executors.java:539)
        at java.base@17.0.12/java.util.concurrent.FutureTask.run(FutureTask.java:264)
        at java.base@17.0.12/java.util.concurrent.ThreadPoolExecutor.runWorker(ThreadPoolExecutor.java:1136)
        at java.base@17.0.12/java.util.concurrent.ThreadPoolExecutor$Worker.run(ThreadPoolExecutor.java:635)
        at java.base@17.0.12/java.lang.Thread.run(Thread.java:840)
"NetworkTopologyPoller" daemon prio=5 tid=435 timed_waiting
java.lang.Thread.State: TIMED_WAITING
        at java.base@17.0.12/jdk.internal.misc.Unsafe.park(Native Method)
        at java.base@17.0.12/java.util.concurrent.locks.LockSupport.parkNanos(LockSupport.java:252)
        at java.base@17.0.12/java.util.concurrent.locks.AbstractQueuedSynchronizer$ConditionObject.awaitNanos(AbstractQueuedSynchronizer.java:1674)
        at java.base@17.0.12/java.util.concurrent.ScheduledThreadPoolExecutor$DelayedWorkQueue.take(ScheduledThreadPoolExecutor.java:1182)
        at java.base@17.0.12/java.util.concurrent.ScheduledThreadPoolExecutor$DelayedWorkQueue.take(ScheduledThreadPoolExecutor.java:899)
        at java.base@17.0.12/java.util.concurrent.ThreadPoolExecutor.getTask(ThreadPoolExecutor.java:1062)
        at java.base@17.0.12/java.util.concurrent.ThreadPoolExecutor.runWorker(ThreadPoolExecutor.java:1122)
        at java.base@17.0.12/java.util.concurrent.ThreadPoolExecutor$Worker.run(ThreadPoolExecutor.java:635)
        at java.base@17.0.12/java.lang.Thread.run(Thread.java:840)
"IPC Server handler 79 on default port 15002" daemon prio=5 tid=365 timed_waiting
java.lang.Thread.State: TIMED_WAITING
        at java.base@17.0.12/jdk.internal.misc.Unsafe.park(Native Method)
        at java.base@17.0.12/java.util.concurrent.locks.LockSupport.parkNanos(LockSupport.java:252)
        at java.base@17.0.12/java.util.concurrent.locks.AbstractQueuedSynchronizer$ConditionObject.awaitNanos(AbstractQueuedSynchronizer.java:1674)
        at java.base@17.0.12/java.util.concurrent.LinkedBlockingQueue.poll(LinkedBlockingQueue.java:460)
        at app//org.apache.hadoop.ipc.CallQueueManager.take(CallQueueManager.java:317)
        at app//org.apache.hadoop.ipc.Server$Handler.run(Server.java:3014)
"Socket Reader #9 for port 15004"  prio=5 tid=420 runnable
java.lang.Thread.State: RUNNABLE
        at java.base@17.0.12/sun.nio.ch.EPoll.wait(Native Method)
        at java.base@17.0.12/sun.nio.ch.EPollSelectorImpl.doSelect(EPollSelectorImpl.java:118)
        at java.base@17.0.12/sun.nio.ch.SelectorImpl.lockAndDoSelect(SelectorImpl.java:129)
        at java.base@17.0.12/sun.nio.ch.SelectorImpl.select(SelectorImpl.java:146)
        at app//org.apache.hadoop.ipc.Server$Listener$Reader.doRunLoop(Server.java:1346)
        at app//org.apache.hadoop.ipc.Server$Listener$Reader.run(Server.java:1325)
"IPC Server handler 67 on default port 15001" daemon prio=5 tid=253 timed_waiting
java.lang.Thread.State: TIMED_WAITING
        at java.base@17.0.12/jdk.internal.misc.Unsafe.park(Native Method)
        at java.base@17.0.12/java.util.concurrent.locks.LockSupport.parkNanos(LockSupport.java:252)
        at java.base@17.0.12/java.util.concurrent.locks.AbstractQueuedSynchronizer$ConditionObject.awaitNanos(AbstractQueuedSynchronizer.java:1674)
        at java.base@17.0.12/java.util.concurrent.LinkedBlockingQueue.poll(LinkedBlockingQueue.java:460)
        at app//org.apache.hadoop.ipc.CallQueueManager.take(CallQueueManager.java:317)
        at app//org.apache.hadoop.ipc.Server$Handler.run(Server.java:3014)
"StaleRecoveringContainerScrubbingService#1" daemon prio=5 tid=798 in Object.wait()
java.lang.Thread.State: WAITING (on object monitor)
        at java.base@17.0.12/jdk.internal.misc.Unsafe.park(Native Method)
        at java.base@17.0.12/java.util.concurrent.locks.LockSupport.park(LockSupport.java:341)
        at java.base@17.0.12/java.util.concurrent.locks.AbstractQueuedSynchronizer$ConditionNode.block(AbstractQueuedSynchronizer.java:506)
        at java.base@17.0.12/java.util.concurrent.ForkJoinPool.unmanagedBlock(ForkJoinPool.java:3465)
        at java.base@17.0.12/java.util.concurrent.ForkJoinPool.managedBlock(ForkJoinPool.java:3436)
        at java.base@17.0.12/java.util.concurrent.locks.AbstractQueuedSynchronizer$ConditionObject.await(AbstractQueuedSynchronizer.java:1625)
        at java.base@17.0.12/java.util.concurrent.ScheduledThreadPoolExecutor$DelayedWorkQueue.take(ScheduledThreadPoolExecutor.java:1177)
        at java.base@17.0.12/java.util.concurrent.ScheduledThreadPoolExecutor$DelayedWorkQueue.take(ScheduledThreadPoolExecutor.java:899)
        at java.base@17.0.12/java.util.concurrent.ThreadPoolExecutor.getTask(ThreadPoolExecutor.java:1062)
        at java.base@17.0.12/java.util.concurrent.ThreadPoolExecutor.runWorker(ThreadPoolExecutor.java:1122)
        at java.base@17.0.12/java.util.concurrent.ThreadPoolExecutor$Worker.run(ThreadPoolExecutor.java:635)
        at java.base@17.0.12/java.lang.Thread.run(Thread.java:840)
"om1-groupManagement"  prio=5 tid=410 in Object.wait()
java.lang.Thread.State: WAITING (on object monitor)
        at java.base@17.0.12/jdk.internal.misc.Unsafe.park(Native Method)
        at java.base@17.0.12/java.util.concurrent.locks.LockSupport.park(LockSupport.java:341)
        at java.base@17.0.12/java.util.concurrent.locks.AbstractQueuedSynchronizer$ConditionNode.block(AbstractQueuedSynchronizer.java:506)
        at java.base@17.0.12/java.util.concurrent.ForkJoinPool.unmanagedBlock(ForkJoinPool.java:3465)
        at java.base@17.0.12/java.util.concurrent.ForkJoinPool.managedBlock(ForkJoinPool.java:3436)
        at java.base@17.0.12/java.util.concurrent.locks.AbstractQueuedSynchronizer$ConditionObject.await(AbstractQueuedSynchronizer.java:1625)
        at java.base@17.0.12/java.util.concurrent.LinkedBlockingQueue.take(LinkedBlockingQueue.java:435)
        at java.base@17.0.12/java.util.concurrent.ThreadPoolExecutor.getTask(ThreadPoolExecutor.java:1062)
        at java.base@17.0.12/java.util.concurrent.ThreadPoolExecutor.runWorker(ThreadPoolExecutor.java:1122)
        at java.base@17.0.12/java.util.concurrent.ThreadPoolExecutor$Worker.run(ThreadPoolExecutor.java:635)
        at java.base@17.0.12/java.lang.Thread.run(Thread.java:840)
"IPC Server handler 22 on default port 15000" daemon prio=5 tid=108 timed_waiting
java.lang.Thread.State: TIMED_WAITING
        at java.base@17.0.12/jdk.internal.misc.Unsafe.park(Native Method)
        at java.base@17.0.12/java.util.concurrent.locks.LockSupport.parkNanos(LockSupport.java:252)
        at java.base@17.0.12/java.util.concurrent.locks.AbstractQueuedSynchronizer$ConditionObject.awaitNanos(AbstractQueuedSynchronizer.java:1674)
        at java.base@17.0.12/java.util.concurrent.LinkedBlockingQueue.poll(LinkedBlockingQueue.java:460)
        at app//org.apache.hadoop.ipc.CallQueueManager.take(CallQueueManager.java:317)
        at app//org.apache.hadoop.ipc.Server$Handler.run(Server.java:3014)
"IPC Server handler 17 on default port 15004" daemon prio=5 tid=470 timed_waiting
java.lang.Thread.State: TIMED_WAITING
        at java.base@17.0.12/jdk.internal.misc.Unsafe.park(Native Method)
        at java.base@17.0.12/java.util.concurrent.locks.LockSupport.parkNanos(LockSupport.java:252)
        at java.base@17.0.12/java.util.concurrent.locks.AbstractQueuedSynchronizer$ConditionObject.awaitNanos(AbstractQueuedSynchronizer.java:1674)
        at java.base@17.0.12/java.util.concurrent.LinkedBlockingQueue.poll(LinkedBlockingQueue.java:460)
        at app//org.apache.hadoop.ipc.CallQueueManager.take(CallQueueManager.java:317)
        at app//org.apache.hadoop.ipc.Server$Handler.run(Server.java:3014)
"pool-60-thread-1"  prio=5 tid=443 timed_waiting
java.lang.Thread.State: TIMED_WAITING
        at java.base@17.0.12/jdk.internal.misc.Unsafe.park(Native Method)
        at java.base@17.0.12/java.util.concurrent.locks.LockSupport.parkNanos(LockSupport.java:252)
        at java.base@17.0.12/java.util.concurrent.locks.AbstractQueuedSynchronizer$ConditionObject.awaitNanos(AbstractQueuedSynchronizer.java:1674)
        at java.base@17.0.12/java.util.concurrent.ScheduledThreadPoolExecutor$DelayedWorkQueue.take(ScheduledThreadPoolExecutor.java:1182)
        at java.base@17.0.12/java.util.concurrent.ScheduledThreadPoolExecutor$DelayedWorkQueue.take(ScheduledThreadPoolExecutor.java:899)
        at java.base@17.0.12/java.util.concurrent.ThreadPoolExecutor.getTask(ThreadPoolExecutor.java:1062)
        at java.base@17.0.12/java.util.concurrent.ThreadPoolExecutor.runWorker(ThreadPoolExecutor.java:1122)
        at java.base@17.0.12/java.util.concurrent.ThreadPoolExecutor$Worker.run(ThreadPoolExecutor.java:635)
        at java.base@17.0.12/java.lang.Thread.run(Thread.java:840)
"IPC Server handler 99 on default port 15002" daemon prio=5 tid=385 timed_waiting
java.lang.Thread.State: TIMED_WAITING
        at java.base@17.0.12/jdk.internal.misc.Unsafe.park(Native Method)
        at java.base@17.0.12/java.util.concurrent.locks.LockSupport.parkNanos(LockSupport.java:252)
        at java.base@17.0.12/java.util.concurrent.locks.AbstractQueuedSynchronizer$ConditionObject.awaitNanos(AbstractQueuedSynchronizer.java:1674)
        at java.base@17.0.12/java.util.concurrent.LinkedBlockingQueue.poll(LinkedBlockingQueue.java:460)
        at app//org.apache.hadoop.ipc.CallQueueManager.take(CallQueueManager.java:317)
        at app//org.apache.hadoop.ipc.Server$Handler.run(Server.java:3014)
"Socket Reader #8 for port 15037"  prio=5 tid=638 runnable
java.lang.Thread.State: RUNNABLE
        at java.base@17.0.12/sun.nio.ch.EPoll.wait(Native Method)
        at java.base@17.0.12/sun.nio.ch.EPollSelectorImpl.doSelect(EPollSelectorImpl.java:118)
        at java.base@17.0.12/sun.nio.ch.SelectorImpl.lockAndDoSelect(SelectorImpl.java:129)
        at java.base@17.0.12/sun.nio.ch.SelectorImpl.select(SelectorImpl.java:146)
        at app//org.apache.hadoop.ipc.Server$Listener$Reader.doRunLoop(Server.java:1346)
        at app//org.apache.hadoop.ipc.Server$Listener$Reader.run(Server.java:1325)
"qtp1540025307-667" daemon prio=5 tid=667 runnable
java.lang.Thread.State: RUNNABLE
        at java.base@17.0.12/sun.nio.ch.EPoll.wait(Native Method)
        at java.base@17.0.12/sun.nio.ch.EPollSelectorImpl.doSelect(EPollSelectorImpl.java:118)
        at java.base@17.0.12/sun.nio.ch.SelectorImpl.lockAndDoSelect(SelectorImpl.java:129)
        at java.base@17.0.12/sun.nio.ch.SelectorImpl.select(SelectorImpl.java:146)
        at app//org.eclipse.jetty.io.ManagedSelector.nioSelect(ManagedSelector.java:183)
        at app//org.eclipse.jetty.io.ManagedSelector.select(ManagedSelector.java:190)
        at app//org.eclipse.jetty.io.ManagedSelector$SelectorProducer.select(ManagedSelector.java:606)
        at app//org.eclipse.jetty.io.ManagedSelector$SelectorProducer.produce(ManagedSelector.java:543)
        at app//org.eclipse.jetty.util.thread.strategy.EatWhatYouKill.produceTask(EatWhatYouKill.java:362)
        at app//org.eclipse.jetty.util.thread.strategy.EatWhatYouKill.doProduce(EatWhatYouKill.java:186)
        at app//org.eclipse.jetty.util.thread.strategy.EatWhatYouKill.tryProduce(EatWhatYouKill.java:173)
        at app//org.eclipse.jetty.util.thread.strategy.EatWhatYouKill.produce(EatWhatYouKill.java:137)
        at app//org.eclipse.jetty.io.ManagedSelector$$Lambda$817/0x00007fba2453e288.run(Unknown Source)
        at app//org.eclipse.jetty.util.thread.QueuedThreadPool.runJob(QueuedThreadPool.java:883)
        at app//org.eclipse.jetty.util.thread.QueuedThreadPool$Runner.run(QueuedThreadPool.java:1034)
        at java.base@17.0.12/java.lang.Thread.run(Thread.java:840)
"IPC Server handler 51 on default port 15002" daemon prio=5 tid=337 timed_waiting
java.lang.Thread.State: TIMED_WAITING
        at java.base@17.0.12/jdk.internal.misc.Unsafe.park(Native Method)
        at java.base@17.0.12/java.util.concurrent.locks.LockSupport.parkNanos(LockSupport.java:252)
        at java.base@17.0.12/java.util.concurrent.locks.AbstractQueuedSynchronizer$ConditionObject.awaitNanos(AbstractQueuedSynchronizer.java:1674)
        at java.base@17.0.12/java.util.concurrent.LinkedBlockingQueue.poll(LinkedBlockingQueue.java:460)
        at app//org.apache.hadoop.ipc.CallQueueManager.take(CallQueueManager.java:317)
        at app//org.apache.hadoop.ipc.Server$Handler.run(Server.java:3014)
"Socket Reader #7 for port 15037"  prio=5 tid=637 runnable
java.lang.Thread.State: RUNNABLE
        at java.base@17.0.12/sun.nio.ch.EPoll.wait(Native Method)
        at java.base@17.0.12/sun.nio.ch.EPollSelectorImpl.doSelect(EPollSelectorImpl.java:118)
        at java.base@17.0.12/sun.nio.ch.SelectorImpl.lockAndDoSelect(SelectorImpl.java:129)
        at java.base@17.0.12/sun.nio.ch.SelectorImpl.select(SelectorImpl.java:146)
        at app//org.apache.hadoop.ipc.Server$Listener$Reader.doRunLoop(Server.java:1346)
        at app//org.apache.hadoop.ipc.Server$Listener$Reader.run(Server.java:1325)
"Socket Reader #4 for port 15001"  prio=5 tid=51 runnable
java.lang.Thread.State: RUNNABLE
        at java.base@17.0.12/sun.nio.ch.EPoll.wait(Native Method)
        at java.base@17.0.12/sun.nio.ch.EPollSelectorImpl.doSelect(EPollSelectorImpl.java:118)
        at java.base@17.0.12/sun.nio.ch.SelectorImpl.lockAndDoSelect(SelectorImpl.java:129)
        at java.base@17.0.12/sun.nio.ch.SelectorImpl.select(SelectorImpl.java:146)
        at app//org.apache.hadoop.ipc.Server$Listener$Reader.doRunLoop(Server.java:1346)
        at app//org.apache.hadoop.ipc.Server$Listener$Reader.run(Server.java:1325)
"IPC Server handler 37 on default port 15001" daemon prio=5 tid=223 timed_waiting
java.lang.Thread.State: TIMED_WAITING
        at java.base@17.0.12/jdk.internal.misc.Unsafe.park(Native Method)
        at java.base@17.0.12/java.util.concurrent.locks.LockSupport.parkNanos(LockSupport.java:252)
        at java.base@17.0.12/java.util.concurrent.locks.AbstractQueuedSynchronizer$ConditionObject.awaitNanos(AbstractQueuedSynchronizer.java:1674)
        at java.base@17.0.12/java.util.concurrent.LinkedBlockingQueue.poll(LinkedBlockingQueue.java:460)
        at app//org.apache.hadoop.ipc.CallQueueManager.take(CallQueueManager.java:317)
        at app//org.apache.hadoop.ipc.Server$Handler.run(Server.java:3014)
"IPC Server handler 40 on default port 15002" daemon prio=5 tid=326 timed_waiting
java.lang.Thread.State: TIMED_WAITING
        at java.base@17.0.12/jdk.internal.misc.Unsafe.park(Native Method)
        at java.base@17.0.12/java.util.concurrent.locks.LockSupport.parkNanos(LockSupport.java:252)
        at java.base@17.0.12/java.util.concurrent.locks.AbstractQueuedSynchronizer$ConditionObject.awaitNanos(AbstractQueuedSynchronizer.java:1674)
        at java.base@17.0.12/java.util.concurrent.LinkedBlockingQueue.poll(LinkedBlockingQueue.java:460)
        at app//org.apache.hadoop.ipc.CallQueueManager.take(CallQueueManager.java:317)
        at app//org.apache.hadoop.ipc.Server$Handler.run(Server.java:3014)
"IPC Server handler 35 on default port 15002" daemon prio=5 tid=321 timed_waiting
java.lang.Thread.State: TIMED_WAITING
        at java.base@17.0.12/jdk.internal.misc.Unsafe.park(Native Method)
        at java.base@17.0.12/java.util.concurrent.locks.LockSupport.parkNanos(LockSupport.java:252)
        at java.base@17.0.12/java.util.concurrent.locks.AbstractQueuedSynchronizer$ConditionObject.awaitNanos(AbstractQueuedSynchronizer.java:1674)
        at java.base@17.0.12/java.util.concurrent.LinkedBlockingQueue.poll(LinkedBlockingQueue.java:460)
        at app//org.apache.hadoop.ipc.CallQueueManager.take(CallQueueManager.java:317)
        at app//org.apache.hadoop.ipc.Server$Handler.run(Server.java:3014)
"Socket Reader #4 for port 15046"  prio=5 tid=680 runnable
java.lang.Thread.State: RUNNABLE
        at java.base@17.0.12/sun.nio.ch.EPoll.wait(Native Method)
        at java.base@17.0.12/sun.nio.ch.EPollSelectorImpl.doSelect(EPollSelectorImpl.java:118)
        at java.base@17.0.12/sun.nio.ch.SelectorImpl.lockAndDoSelect(SelectorImpl.java:129)
        at java.base@17.0.12/sun.nio.ch.SelectorImpl.select(SelectorImpl.java:146)
        at app//org.apache.hadoop.ipc.Server$Listener$Reader.doRunLoop(Server.java:1346)
        at app//org.apache.hadoop.ipc.Server$Listener$Reader.run(Server.java:1325)
"IPC Server handler 9 on default port 15046" daemon prio=5 tid=699 timed_waiting
java.lang.Thread.State: TIMED_WAITING
        at java.base@17.0.12/jdk.internal.misc.Unsafe.park(Native Method)
        at java.base@17.0.12/java.util.concurrent.locks.LockSupport.parkNanos(LockSupport.java:252)
        at java.base@17.0.12/java.util.concurrent.locks.AbstractQueuedSynchronizer$ConditionObject.awaitNanos(AbstractQueuedSynchronizer.java:1674)
        at java.base@17.0.12/java.util.concurrent.LinkedBlockingQueue.poll(LinkedBlockingQueue.java:460)
        at app//org.apache.hadoop.ipc.CallQueueManager.take(CallQueueManager.java:317)
        at app//org.apache.hadoop.ipc.Server$Handler.run(Server.java:3014)
"Socket Reader #8 for port 15046"  prio=5 tid=684 runnable
java.lang.Thread.State: RUNNABLE
        at java.base@17.0.12/sun.nio.ch.EPoll.wait(Native Method)
        at java.base@17.0.12/sun.nio.ch.EPollSelectorImpl.doSelect(EPollSelectorImpl.java:118)
        at java.base@17.0.12/sun.nio.ch.SelectorImpl.lockAndDoSelect(SelectorImpl.java:129)
        at java.base@17.0.12/sun.nio.ch.SelectorImpl.select(SelectorImpl.java:146)
        at app//org.apache.hadoop.ipc.Server$Listener$Reader.doRunLoop(Server.java:1346)
        at app//org.apache.hadoop.ipc.Server$Listener$Reader.run(Server.java:1325)
"ContainerMetadataScanner" daemon prio=5 tid=787 timed_waiting
java.lang.Thread.State: TIMED_WAITING
        at java.base@17.0.12/java.lang.Thread.sleep(Native Method)
        at app//org.apache.hadoop.ozone.container.ozoneimpl.AbstractBackgroundContainerScanner.handleRemainingSleep(AbstractBackgroundContainerScanner.java:131)
        at app//org.apache.hadoop.ozone.container.ozoneimpl.AbstractBackgroundContainerScanner.runIteration(AbstractBackgroundContainerScanner.java:98)
        at app//org.apache.hadoop.ozone.container.ozoneimpl.AbstractBackgroundContainerScanner.run(AbstractBackgroundContainerScanner.java:57)
"IPC Server handler 24 on default port 15001" daemon prio=5 tid=210 timed_waiting
java.lang.Thread.State: TIMED_WAITING
        at java.base@17.0.12/jdk.internal.misc.Unsafe.park(Native Method)
        at java.base@17.0.12/java.util.concurrent.locks.LockSupport.parkNanos(LockSupport.java:252)
        at java.base@17.0.12/java.util.concurrent.locks.AbstractQueuedSynchronizer$ConditionObject.awaitNanos(AbstractQueuedSynchronizer.java:1674)
        at java.base@17.0.12/java.util.concurrent.LinkedBlockingQueue.poll(LinkedBlockingQueue.java:460)
        at app//org.apache.hadoop.ipc.CallQueueManager.take(CallQueueManager.java:317)
        at app//org.apache.hadoop.ipc.Server$Handler.run(Server.java:3014)
"IPC Server handler 83 on default port 15002" daemon prio=5 tid=369 timed_waiting
java.lang.Thread.State: TIMED_WAITING
        at java.base@17.0.12/jdk.internal.misc.Unsafe.park(Native Method)
        at java.base@17.0.12/java.util.concurrent.locks.LockSupport.parkNanos(LockSupport.java:252)
        at java.base@17.0.12/java.util.concurrent.locks.AbstractQueuedSynchronizer$ConditionObject.awaitNanos(AbstractQueuedSynchronizer.java:1674)
        at java.base@17.0.12/java.util.concurrent.LinkedBlockingQueue.poll(LinkedBlockingQueue.java:460)
        at app//org.apache.hadoop.ipc.CallQueueManager.take(CallQueueManager.java:317)
        at app//org.apache.hadoop.ipc.Server$Handler.run(Server.java:3014)
"Socket Reader #6 for port 15001"  prio=5 tid=53 runnable
java.lang.Thread.State: RUNNABLE
        at java.base@17.0.12/sun.nio.ch.EPoll.wait(Native Method)
        at java.base@17.0.12/sun.nio.ch.EPollSelectorImpl.doSelect(EPollSelectorImpl.java:118)
        at java.base@17.0.12/sun.nio.ch.SelectorImpl.lockAndDoSelect(SelectorImpl.java:129)
        at java.base@17.0.12/sun.nio.ch.SelectorImpl.select(SelectorImpl.java:146)
        at app//org.apache.hadoop.ipc.Server$Listener$Reader.doRunLoop(Server.java:1346)
        at app//org.apache.hadoop.ipc.Server$Listener$Reader.run(Server.java:1325)
"IPC Server Responder" daemon prio=5 tid=596 runnable
java.lang.Thread.State: RUNNABLE
        at java.base@17.0.12/sun.nio.ch.EPoll.wait(Native Method)
        at java.base@17.0.12/sun.nio.ch.EPollSelectorImpl.doSelect(EPollSelectorImpl.java:118)
        at java.base@17.0.12/sun.nio.ch.SelectorImpl.lockAndDoSelect(SelectorImpl.java:129)
        at java.base@17.0.12/sun.nio.ch.SelectorImpl.select(SelectorImpl.java:141)
        at app//org.apache.hadoop.ipc.Server$Responder.doRunLoop(Server.java:1582)
        at app//org.apache.hadoop.ipc.Server$Responder.run(Server.java:1565)
"IPC Server handler 69 on default port 15001" daemon prio=5 tid=255 timed_waiting
java.lang.Thread.State: TIMED_WAITING
        at java.base@17.0.12/jdk.internal.misc.Unsafe.park(Native Method)
        at java.base@17.0.12/java.util.concurrent.locks.LockSupport.parkNanos(LockSupport.java:252)
        at java.base@17.0.12/java.util.concurrent.locks.AbstractQueuedSynchronizer$ConditionObject.awaitNanos(AbstractQueuedSynchronizer.java:1674)
        at java.base@17.0.12/java.util.concurrent.LinkedBlockingQueue.poll(LinkedBlockingQueue.java:460)
        at app//org.apache.hadoop.ipc.CallQueueManager.take(CallQueueManager.java:317)
        at app//org.apache.hadoop.ipc.Server$Handler.run(Server.java:3014)
"Hadoop-Metrics-Updater-0" daemon prio=5 tid=424 timed_waiting
java.lang.Thread.State: TIMED_WAITING
        at java.base@17.0.12/jdk.internal.misc.Unsafe.park(Native Method)
        at java.base@17.0.12/java.util.concurrent.locks.LockSupport.parkNanos(LockSupport.java:252)
        at java.base@17.0.12/java.util.concurrent.locks.AbstractQueuedSynchronizer$ConditionObject.awaitNanos(AbstractQueuedSynchronizer.java:1674)
        at java.base@17.0.12/java.util.concurrent.ScheduledThreadPoolExecutor$DelayedWorkQueue.take(ScheduledThreadPoolExecutor.java:1182)
        at java.base@17.0.12/java.util.concurrent.ScheduledThreadPoolExecutor$DelayedWorkQueue.take(ScheduledThreadPoolExecutor.java:899)
        at java.base@17.0.12/java.util.concurrent.ThreadPoolExecutor.getTask(ThreadPoolExecutor.java:1062)
        at java.base@17.0.12/java.util.concurrent.ThreadPoolExecutor.runWorker(ThreadPoolExecutor.java:1122)
        at java.base@17.0.12/java.util.concurrent.ThreadPoolExecutor$Worker.run(ThreadPoolExecutor.java:635)
        at java.base@17.0.12/java.lang.Thread.run(Thread.java:840)
"18c2a24f-8a03-4916-b50c-e7c6140a9b01-ChunkWriter-2-0" daemon prio=5 tid=791 in Object.wait()
java.lang.Thread.State: WAITING (on object monitor)
        at java.base@17.0.12/jdk.internal.misc.Unsafe.park(Native Method)
        at java.base@17.0.12/java.util.concurrent.locks.LockSupport.park(LockSupport.java:341)
        at java.base@17.0.12/java.util.concurrent.locks.AbstractQueuedSynchronizer$ConditionNode.block(AbstractQueuedSynchronizer.java:506)
        at java.base@17.0.12/java.util.concurrent.ForkJoinPool.unmanagedBlock(ForkJoinPool.java:3465)
        at java.base@17.0.12/java.util.concurrent.ForkJoinPool.managedBlock(ForkJoinPool.java:3436)
        at java.base@17.0.12/java.util.concurrent.locks.AbstractQueuedSynchronizer$ConditionObject.await(AbstractQueuedSynchronizer.java:1625)
        at java.base@17.0.12/java.util.concurrent.LinkedBlockingDeque.takeFirst(LinkedBlockingDeque.java:485)
        at java.base@17.0.12/java.util.concurrent.LinkedBlockingDeque.take(LinkedBlockingDeque.java:673)
        at java.base@17.0.12/java.util.concurrent.ThreadPoolExecutor.getTask(ThreadPoolExecutor.java:1062)
        at java.base@17.0.12/java.util.concurrent.ThreadPoolExecutor.runWorker(ThreadPoolExecutor.java:1122)
        at java.base@17.0.12/java.util.concurrent.ThreadPoolExecutor$Worker.run(ThreadPoolExecutor.java:635)
        at java.base@17.0.12/java.lang.Thread.run(Thread.java:840)
"IPC Server handler 39 on default port 15001" daemon prio=5 tid=225 timed_waiting
java.lang.Thread.State: TIMED_WAITING
        at java.base@17.0.12/jdk.internal.misc.Unsafe.park(Native Method)
        at java.base@17.0.12/java.util.concurrent.locks.LockSupport.parkNanos(LockSupport.java:252)
        at java.base@17.0.12/java.util.concurrent.locks.AbstractQueuedSynchronizer$ConditionObject.awaitNanos(AbstractQueuedSynchronizer.java:1674)
        at java.base@17.0.12/java.util.concurrent.LinkedBlockingQueue.poll(LinkedBlockingQueue.java:460)
        at app//org.apache.hadoop.ipc.CallQueueManager.take(CallQueueManager.java:317)
        at app//org.apache.hadoop.ipc.Server$Handler.run(Server.java:3014)
"IPC Server handler 72 on default port 15001" daemon prio=5 tid=258 timed_waiting
java.lang.Thread.State: TIMED_WAITING
        at java.base@17.0.12/jdk.internal.misc.Unsafe.park(Native Method)
        at java.base@17.0.12/java.util.concurrent.locks.LockSupport.parkNanos(LockSupport.java:252)
        at java.base@17.0.12/java.util.concurrent.locks.AbstractQueuedSynchronizer$ConditionObject.awaitNanos(AbstractQueuedSynchronizer.java:1674)
        at java.base@17.0.12/java.util.concurrent.LinkedBlockingQueue.poll(LinkedBlockingQueue.java:460)
        at app//org.apache.hadoop.ipc.CallQueueManager.take(CallQueueManager.java:317)
        at app//org.apache.hadoop.ipc.Server$Handler.run(Server.java:3014)
"FixedThreadPoolWithAffinityExecutor-5-0" daemon prio=5 tid=80 timed_waiting
java.lang.Thread.State: TIMED_WAITING
        at java.base@17.0.12/jdk.internal.misc.Unsafe.park(Native Method)
        at java.base@17.0.12/java.util.concurrent.locks.LockSupport.parkNanos(LockSupport.java:252)
        at java.base@17.0.12/java.util.concurrent.locks.AbstractQueuedSynchronizer$ConditionObject.awaitNanos(AbstractQueuedSynchronizer.java:1674)
        at java.base@17.0.12/java.util.concurrent.LinkedBlockingQueue.poll(LinkedBlockingQueue.java:460)
        at app//org.apache.hadoop.hdds.scm.server.ContainerReportQueue.poll(ContainerReportQueue.java:269)
        at app//org.apache.hadoop.hdds.scm.server.ContainerReportQueue.poll(ContainerReportQueue.java:42)
        at app//org.apache.hadoop.hdds.server.events.FixedThreadPoolWithAffinityExecutor$ContainerReportProcessTask.run(FixedThreadPoolWithAffinityExecutor.java:253)
        at java.base@17.0.12/java.util.concurrent.Executors$RunnableAdapter.call(Executors.java:539)
        at java.base@17.0.12/java.util.concurrent.FutureTask.run(FutureTask.java:264)
        at java.base@17.0.12/java.util.concurrent.ThreadPoolExecutor.runWorker(ThreadPoolExecutor.java:1136)
        at java.base@17.0.12/java.util.concurrent.ThreadPoolExecutor$Worker.run(ThreadPoolExecutor.java:635)
        at java.base@17.0.12/java.lang.Thread.run(Thread.java:840)
"IPC Server handler 89 on default port 15000" daemon prio=5 tid=175 timed_waiting
java.lang.Thread.State: TIMED_WAITING
        at java.base@17.0.12/jdk.internal.misc.Unsafe.park(Native Method)
        at java.base@17.0.12/java.util.concurrent.locks.LockSupport.parkNanos(LockSupport.java:252)
        at java.base@17.0.12/java.util.concurrent.locks.AbstractQueuedSynchronizer$ConditionObject.awaitNanos(AbstractQueuedSynchronizer.java:1674)
        at java.base@17.0.12/java.util.concurrent.LinkedBlockingQueue.poll(LinkedBlockingQueue.java:460)
        at app//org.apache.hadoop.ipc.CallQueueManager.take(CallQueueManager.java:317)
        at app//org.apache.hadoop.ipc.Server$Handler.run(Server.java:3014)
"IPC Server handler 11 on default port 15000" daemon prio=5 tid=97 timed_waiting
java.lang.Thread.State: TIMED_WAITING
        at java.base@17.0.12/jdk.internal.misc.Unsafe.park(Native Method)
        at java.base@17.0.12/java.util.concurrent.locks.LockSupport.parkNanos(LockSupport.java:252)
        at java.base@17.0.12/java.util.concurrent.locks.AbstractQueuedSynchronizer$ConditionObject.awaitNanos(AbstractQueuedSynchronizer.java:1674)
        at java.base@17.0.12/java.util.concurrent.LinkedBlockingQueue.poll(LinkedBlockingQueue.java:460)
        at app//org.apache.hadoop.ipc.CallQueueManager.take(CallQueueManager.java:317)
        at app//org.apache.hadoop.ipc.Server$Handler.run(Server.java:3014)
"qtp1911645398-576" daemon prio=5 tid=576 runnable
java.lang.Thread.State: RUNNABLE
        at java.base@17.0.12/sun.nio.ch.EPoll.wait(Native Method)
        at java.base@17.0.12/sun.nio.ch.EPollSelectorImpl.doSelect(EPollSelectorImpl.java:118)
        at java.base@17.0.12/sun.nio.ch.SelectorImpl.lockAndDoSelect(SelectorImpl.java:129)
        at java.base@17.0.12/sun.nio.ch.SelectorImpl.select(SelectorImpl.java:146)
        at app//org.eclipse.jetty.io.ManagedSelector.nioSelect(ManagedSelector.java:183)
        at app//org.eclipse.jetty.io.ManagedSelector.select(ManagedSelector.java:190)
        at app//org.eclipse.jetty.io.ManagedSelector$SelectorProducer.select(ManagedSelector.java:606)
        at app//org.eclipse.jetty.io.ManagedSelector$SelectorProducer.produce(ManagedSelector.java:543)
        at app//org.eclipse.jetty.util.thread.strategy.EatWhatYouKill.produceTask(EatWhatYouKill.java:362)
        at app//org.eclipse.jetty.util.thread.strategy.EatWhatYouKill.doProduce(EatWhatYouKill.java:186)
        at app//org.eclipse.jetty.util.thread.strategy.EatWhatYouKill.tryProduce(EatWhatYouKill.java:173)
        at app//org.eclipse.jetty.util.thread.strategy.EatWhatYouKill.produce(EatWhatYouKill.java:137)
        at app//org.eclipse.jetty.io.ManagedSelector$$Lambda$817/0x00007fba2453e288.run(Unknown Source)
        at app//org.eclipse.jetty.util.thread.QueuedThreadPool.runJob(QueuedThreadPool.java:883)
        at app//org.eclipse.jetty.util.thread.QueuedThreadPool$Runner.run(QueuedThreadPool.java:1034)
        at java.base@17.0.12/java.lang.Thread.run(Thread.java:840)
"IPC Server handler 93 on default port 15001" daemon prio=5 tid=279 timed_waiting
java.lang.Thread.State: TIMED_WAITING
        at java.base@17.0.12/jdk.internal.misc.Unsafe.park(Native Method)
        at java.base@17.0.12/java.util.concurrent.locks.LockSupport.parkNanos(LockSupport.java:252)
        at java.base@17.0.12/java.util.concurrent.locks.AbstractQueuedSynchronizer$ConditionObject.awaitNanos(AbstractQueuedSynchronizer.java:1674)
        at java.base@17.0.12/java.util.concurrent.LinkedBlockingQueue.poll(LinkedBlockingQueue.java:460)
        at app//org.apache.hadoop.ipc.CallQueueManager.take(CallQueueManager.java:317)
        at app//org.apache.hadoop.ipc.Server$Handler.run(Server.java:3014)
"IPC Server handler 7 on default port 15019" daemon prio=5 tid=559 timed_waiting
java.lang.Thread.State: TIMED_WAITING
        at java.base@17.0.12/jdk.internal.misc.Unsafe.park(Native Method)
        at java.base@17.0.12/java.util.concurrent.locks.LockSupport.parkNanos(LockSupport.java:252)
        at java.base@17.0.12/java.util.concurrent.locks.AbstractQueuedSynchronizer$ConditionObject.awaitNanos(AbstractQueuedSynchronizer.java:1674)
        at java.base@17.0.12/java.util.concurrent.LinkedBlockingQueue.poll(LinkedBlockingQueue.java:460)
        at app//org.apache.hadoop.ipc.CallQueueManager.take(CallQueueManager.java:317)
        at app//org.apache.hadoop.ipc.Server$Handler.run(Server.java:3014)
"IPC Server handler 21 on default port 15002" daemon prio=5 tid=307 timed_waiting
java.lang.Thread.State: TIMED_WAITING
        at java.base@17.0.12/jdk.internal.misc.Unsafe.park(Native Method)
        at java.base@17.0.12/java.util.concurrent.locks.LockSupport.parkNanos(LockSupport.java:252)
        at java.base@17.0.12/java.util.concurrent.locks.AbstractQueuedSynchronizer$ConditionObject.awaitNanos(AbstractQueuedSynchronizer.java:1674)
        at java.base@17.0.12/java.util.concurrent.LinkedBlockingQueue.poll(LinkedBlockingQueue.java:460)
        at app//org.apache.hadoop.ipc.CallQueueManager.take(CallQueueManager.java:317)
        at app//org.apache.hadoop.ipc.Server$Handler.run(Server.java:3014)
"IPC Server handler 50 on default port 15001" daemon prio=5 tid=236 timed_waiting
java.lang.Thread.State: TIMED_WAITING
        at java.base@17.0.12/jdk.internal.misc.Unsafe.park(Native Method)
        at java.base@17.0.12/java.util.concurrent.locks.LockSupport.parkNanos(LockSupport.java:252)
        at java.base@17.0.12/java.util.concurrent.locks.AbstractQueuedSynchronizer$ConditionObject.awaitNanos(AbstractQueuedSynchronizer.java:1674)
        at java.base@17.0.12/java.util.concurrent.LinkedBlockingQueue.poll(LinkedBlockingQueue.java:460)
        at app//org.apache.hadoop.ipc.CallQueueManager.take(CallQueueManager.java:317)
        at app//org.apache.hadoop.ipc.Server$Handler.run(Server.java:3014)
"IPC Server handler 34 on default port 15000" daemon prio=5 tid=120 timed_waiting
java.lang.Thread.State: TIMED_WAITING
        at java.base@17.0.12/jdk.internal.misc.Unsafe.park(Native Method)
        at java.base@17.0.12/java.util.concurrent.locks.LockSupport.parkNanos(LockSupport.java:252)
        at java.base@17.0.12/java.util.concurrent.locks.AbstractQueuedSynchronizer$ConditionObject.awaitNanos(AbstractQueuedSynchronizer.java:1674)
        at java.base@17.0.12/java.util.concurrent.LinkedBlockingQueue.poll(LinkedBlockingQueue.java:460)
        at app//org.apache.hadoop.ipc.CallQueueManager.take(CallQueueManager.java:317)
        at app//org.apache.hadoop.ipc.Server$Handler.run(Server.java:3014)
"Socket Reader #1 for port 15001"  prio=5 tid=48 runnable
java.lang.Thread.State: RUNNABLE
        at java.base@17.0.12/sun.nio.ch.EPoll.wait(Native Method)
        at java.base@17.0.12/sun.nio.ch.EPollSelectorImpl.doSelect(EPollSelectorImpl.java:118)
        at java.base@17.0.12/sun.nio.ch.SelectorImpl.lockAndDoSelect(SelectorImpl.java:129)
        at java.base@17.0.12/sun.nio.ch.SelectorImpl.select(SelectorImpl.java:146)
        at app//org.apache.hadoop.ipc.Server$Listener$Reader.doRunLoop(Server.java:1346)
        at app//org.apache.hadoop.ipc.Server$Listener$Reader.run(Server.java:1325)
"IPC Server handler 36 on default port 15001" daemon prio=5 tid=222 timed_waiting
java.lang.Thread.State: TIMED_WAITING
        at java.base@17.0.12/jdk.internal.misc.Unsafe.park(Native Method)
        at java.base@17.0.12/java.util.concurrent.locks.LockSupport.parkNanos(LockSupport.java:252)
        at java.base@17.0.12/java.util.concurrent.locks.AbstractQueuedSynchronizer$ConditionObject.awaitNanos(AbstractQueuedSynchronizer.java:1674)
        at java.base@17.0.12/java.util.concurrent.LinkedBlockingQueue.poll(LinkedBlockingQueue.java:460)
        at app//org.apache.hadoop.ipc.CallQueueManager.take(CallQueueManager.java:317)
        at app//org.apache.hadoop.ipc.Server$Handler.run(Server.java:3014)
"qtp211730958-531-acceptor-0@74f8e41e-ServerConnector@43c1dcb0{HTTP/1.1, (http/1.1)}{0.0.0.0:15018}" daemon prio=3 tid=531 runnable
java.lang.Thread.State: RUNNABLE
        at java.base@17.0.12/sun.nio.ch.Net.accept(Native Method)
        at java.base@17.0.12/sun.nio.ch.ServerSocketChannelImpl.implAccept(ServerSocketChannelImpl.java:425)
        at java.base@17.0.12/sun.nio.ch.ServerSocketChannelImpl.accept(ServerSocketChannelImpl.java:391)
        at app//org.eclipse.jetty.server.ServerConnector.accept(ServerConnector.java:388)
        at app//org.eclipse.jetty.server.AbstractConnector$Acceptor.run(AbstractConnector.java:704)
        at app//org.eclipse.jetty.util.thread.QueuedThreadPool.runJob(QueuedThreadPool.java:883)
        at app//org.eclipse.jetty.util.thread.QueuedThreadPool$Runner.run(QueuedThreadPool.java:1034)
        at java.base@17.0.12/java.lang.Thread.run(Thread.java:840)
"Socket Reader #2 for port 15000"  prio=5 tid=63 runnable
java.lang.Thread.State: RUNNABLE
        at java.base@17.0.12/sun.nio.ch.EPoll.wait(Native Method)
        at java.base@17.0.12/sun.nio.ch.EPollSelectorImpl.doSelect(EPollSelectorImpl.java:118)
        at java.base@17.0.12/sun.nio.ch.SelectorImpl.lockAndDoSelect(SelectorImpl.java:129)
        at java.base@17.0.12/sun.nio.ch.SelectorImpl.select(SelectorImpl.java:146)
        at app//org.apache.hadoop.ipc.Server$Listener$Reader.doRunLoop(Server.java:1346)
        at app//org.apache.hadoop.ipc.Server$Listener$Reader.run(Server.java:1325)
"om1@group-C5BA1605619E-LeaderStateImpl" daemon prio=5 tid=475 timed_waiting
java.lang.Thread.State: TIMED_WAITING
        at java.base@17.0.12/jdk.internal.misc.Unsafe.park(Native Method)
        at java.base@17.0.12/java.util.concurrent.locks.LockSupport.parkNanos(LockSupport.java:252)
        at java.base@17.0.12/java.util.concurrent.locks.AbstractQueuedSynchronizer$ConditionObject.awaitNanos(AbstractQueuedSynchronizer.java:1674)
        at java.base@17.0.12/java.util.concurrent.ArrayBlockingQueue.poll(ArrayBlockingQueue.java:435)
        at app//org.apache.ratis.server.impl.LeaderStateImpl$EventQueue.poll(LeaderStateImpl.java:164)
        at app//org.apache.ratis.server.impl.LeaderStateImpl$EventProcessor.run(LeaderStateImpl.java:766)
"IPC Server handler 50 on default port 15002" daemon prio=5 tid=336 timed_waiting
java.lang.Thread.State: TIMED_WAITING
        at java.base@17.0.12/jdk.internal.misc.Unsafe.park(Native Method)
        at java.base@17.0.12/java.util.concurrent.locks.LockSupport.parkNanos(LockSupport.java:252)
        at java.base@17.0.12/java.util.concurrent.locks.AbstractQueuedSynchronizer$ConditionObject.awaitNanos(AbstractQueuedSynchronizer.java:1674)
        at java.base@17.0.12/java.util.concurrent.LinkedBlockingQueue.poll(LinkedBlockingQueue.java:460)
        at app//org.apache.hadoop.ipc.CallQueueManager.take(CallQueueManager.java:317)
        at app//org.apache.hadoop.ipc.Server$Handler.run(Server.java:3014)
"IPC Server handler 9 on default port 15028" daemon prio=5 tid=607 timed_waiting
java.lang.Thread.State: TIMED_WAITING
        at java.base@17.0.12/jdk.internal.misc.Unsafe.park(Native Method)
        at java.base@17.0.12/java.util.concurrent.locks.LockSupport.parkNanos(LockSupport.java:252)
        at java.base@17.0.12/java.util.concurrent.locks.AbstractQueuedSynchronizer$ConditionObject.awaitNanos(AbstractQueuedSynchronizer.java:1674)
        at java.base@17.0.12/java.util.concurrent.LinkedBlockingQueue.poll(LinkedBlockingQueue.java:460)
        at app//org.apache.hadoop.ipc.CallQueueManager.take(CallQueueManager.java:317)
        at app//org.apache.hadoop.ipc.Server$Handler.run(Server.java:3014)
"IPC Server handler 55 on default port 15000" daemon prio=5 tid=141 timed_waiting
java.lang.Thread.State: TIMED_WAITING
        at java.base@17.0.12/jdk.internal.misc.Unsafe.park(Native Method)
        at java.base@17.0.12/java.util.concurrent.locks.LockSupport.parkNanos(LockSupport.java:252)
        at java.base@17.0.12/java.util.concurrent.locks.AbstractQueuedSynchronizer$ConditionObject.awaitNanos(AbstractQueuedSynchronizer.java:1674)
        at java.base@17.0.12/java.util.concurrent.LinkedBlockingQueue.poll(LinkedBlockingQueue.java:460)
        at app//org.apache.hadoop.ipc.CallQueueManager.take(CallQueueManager.java:317)
        at app//org.apache.hadoop.ipc.Server$Handler.run(Server.java:3014)
"IPC Server handler 53 on default port 15000" daemon prio=5 tid=139 timed_waiting
java.lang.Thread.State: TIMED_WAITING
        at java.base@17.0.12/jdk.internal.misc.Unsafe.park(Native Method)
        at java.base@17.0.12/java.util.concurrent.locks.LockSupport.parkNanos(LockSupport.java:252)
        at java.base@17.0.12/java.util.concurrent.locks.AbstractQueuedSynchronizer$ConditionObject.awaitNanos(AbstractQueuedSynchronizer.java:1674)
        at java.base@17.0.12/java.util.concurrent.LinkedBlockingQueue.poll(LinkedBlockingQueue.java:460)
        at app//org.apache.hadoop.ipc.CallQueueManager.take(CallQueueManager.java:317)
        at app//org.apache.hadoop.ipc.Server$Handler.run(Server.java:3014)
"IPC Server handler 71 on default port 15000" daemon prio=5 tid=157 timed_waiting
java.lang.Thread.State: TIMED_WAITING
        at java.base@17.0.12/jdk.internal.misc.Unsafe.park(Native Method)
        at java.base@17.0.12/java.util.concurrent.locks.LockSupport.parkNanos(LockSupport.java:252)
        at java.base@17.0.12/java.util.concurrent.locks.AbstractQueuedSynchronizer$ConditionObject.awaitNanos(AbstractQueuedSynchronizer.java:1674)
        at java.base@17.0.12/java.util.concurrent.LinkedBlockingQueue.poll(LinkedBlockingQueue.java:460)
        at app//org.apache.hadoop.ipc.CallQueueManager.take(CallQueueManager.java:317)
        at app//org.apache.hadoop.ipc.Server$Handler.run(Server.java:3014)
"9d1f9f5c-07b4-413f-b8b0-69aa045119d7-BlockDeletingService#1" daemon prio=5 tid=761 in Object.wait()
java.lang.Thread.State: WAITING (on object monitor)
        at java.base@17.0.12/jdk.internal.misc.Unsafe.park(Native Method)
        at java.base@17.0.12/java.util.concurrent.locks.LockSupport.park(LockSupport.java:341)
        at java.base@17.0.12/java.util.concurrent.locks.AbstractQueuedSynchronizer$ConditionNode.block(AbstractQueuedSynchronizer.java:506)
        at java.base@17.0.12/java.util.concurrent.ForkJoinPool.unmanagedBlock(ForkJoinPool.java:3465)
        at java.base@17.0.12/java.util.concurrent.ForkJoinPool.managedBlock(ForkJoinPool.java:3436)
        at java.base@17.0.12/java.util.concurrent.locks.AbstractQueuedSynchronizer$ConditionObject.await(AbstractQueuedSynchronizer.java:1625)
        at java.base@17.0.12/java.util.concurrent.ScheduledThreadPoolExecutor$DelayedWorkQueue.take(ScheduledThreadPoolExecutor.java:1177)
        at java.base@17.0.12/java.util.concurrent.ScheduledThreadPoolExecutor$DelayedWorkQueue.take(ScheduledThreadPoolExecutor.java:899)
        at java.base@17.0.12/java.util.concurrent.ThreadPoolExecutor.getTask(ThreadPoolExecutor.java:1062)
        at java.base@17.0.12/java.util.concurrent.ThreadPoolExecutor.runWorker(ThreadPoolExecutor.java:1122)
        at java.base@17.0.12/java.util.concurrent.ThreadPoolExecutor$Worker.run(ThreadPoolExecutor.java:635)
        at java.base@17.0.12/java.lang.Thread.run(Thread.java:840)
"org.apache.hadoop.ozone.container.common.statemachine.commandhandler.DeleteBlocksCommandHandler$DeleteCmdWorker@4184d960" daemon prio=5 tid=619 timed_waiting
java.lang.Thread.State: TIMED_WAITING
        at java.base@17.0.12/java.lang.Thread.sleep(Native Method)
        at app//org.apache.hadoop.ozone.container.common.statemachine.commandhandler.DeleteBlocksCommandHandler$DeleteCmdWorker.run(DeleteBlocksCommandHandler.java:259)
        at java.base@17.0.12/java.lang.Thread.run(Thread.java:840)
"IPC Server handler 25 on default port 15001" daemon prio=5 tid=211 timed_waiting
java.lang.Thread.State: TIMED_WAITING
        at java.base@17.0.12/jdk.internal.misc.Unsafe.park(Native Method)
        at java.base@17.0.12/java.util.concurrent.locks.LockSupport.parkNanos(LockSupport.java:252)
        at java.base@17.0.12/java.util.concurrent.locks.AbstractQueuedSynchronizer$ConditionObject.awaitNanos(AbstractQueuedSynchronizer.java:1674)
        at java.base@17.0.12/java.util.concurrent.LinkedBlockingQueue.poll(LinkedBlockingQueue.java:460)
        at app//org.apache.hadoop.ipc.CallQueueManager.take(CallQueueManager.java:317)
        at app//org.apache.hadoop.ipc.Server$Handler.run(Server.java:3014)
"IPC Server handler 85 on default port 15000" daemon prio=5 tid=171 timed_waiting
java.lang.Thread.State: TIMED_WAITING
        at java.base@17.0.12/jdk.internal.misc.Unsafe.park(Native Method)
        at java.base@17.0.12/java.util.concurrent.locks.LockSupport.parkNanos(LockSupport.java:252)
        at java.base@17.0.12/java.util.concurrent.locks.AbstractQueuedSynchronizer$ConditionObject.awaitNanos(AbstractQueuedSynchronizer.java:1674)
        at java.base@17.0.12/java.util.concurrent.LinkedBlockingQueue.poll(LinkedBlockingQueue.java:460)
        at app//org.apache.hadoop.ipc.CallQueueManager.take(CallQueueManager.java:317)
        at app//org.apache.hadoop.ipc.Server$Handler.run(Server.java:3014)
"Hadoop-Metrics-Updater-0" daemon prio=5 tid=597 timed_waiting
java.lang.Thread.State: TIMED_WAITING
        at java.base@17.0.12/jdk.internal.misc.Unsafe.park(Native Method)
        at java.base@17.0.12/java.util.concurrent.locks.LockSupport.parkNanos(LockSupport.java:252)
        at java.base@17.0.12/java.util.concurrent.locks.AbstractQueuedSynchronizer$ConditionObject.awaitNanos(AbstractQueuedSynchronizer.java:1674)
        at java.base@17.0.12/java.util.concurrent.ScheduledThreadPoolExecutor$DelayedWorkQueue.take(ScheduledThreadPoolExecutor.java:1182)
        at java.base@17.0.12/java.util.concurrent.ScheduledThreadPoolExecutor$DelayedWorkQueue.take(ScheduledThreadPoolExecutor.java:899)
        at java.base@17.0.12/java.util.concurrent.ThreadPoolExecutor.getTask(ThreadPoolExecutor.java:1062)
        at java.base@17.0.12/java.util.concurrent.ThreadPoolExecutor.runWorker(ThreadPoolExecutor.java:1122)
        at java.base@17.0.12/java.util.concurrent.ThreadPoolExecutor$Worker.run(ThreadPoolExecutor.java:635)
        at java.base@17.0.12/java.lang.Thread.run(Thread.java:840)
"IPC Server Responder" daemon prio=5 tid=550 runnable
java.lang.Thread.State: RUNNABLE
        at java.base@17.0.12/sun.nio.ch.EPoll.wait(Native Method)
        at java.base@17.0.12/sun.nio.ch.EPollSelectorImpl.doSelect(EPollSelectorImpl.java:118)
        at java.base@17.0.12/sun.nio.ch.SelectorImpl.lockAndDoSelect(SelectorImpl.java:129)
        at java.base@17.0.12/sun.nio.ch.SelectorImpl.select(SelectorImpl.java:141)
        at app//org.apache.hadoop.ipc.Server$Responder.doRunLoop(Server.java:1582)
        at app//org.apache.hadoop.ipc.Server$Responder.run(Server.java:1565)
"18c2a24f-8a03-4916-b50c-e7c6140a9b01-PipelineCommandHandlerThread-0"  prio=5 tid=904 in Object.wait()
java.lang.Thread.State: WAITING (on object monitor)
        at java.base@17.0.12/jdk.internal.misc.Unsafe.park(Native Method)
        at java.base@17.0.12/java.util.concurrent.locks.LockSupport.park(LockSupport.java:341)
        at java.base@17.0.12/java.util.concurrent.locks.AbstractQueuedSynchronizer$ConditionNode.block(AbstractQueuedSynchronizer.java:506)
        at java.base@17.0.12/java.util.concurrent.ForkJoinPool.unmanagedBlock(ForkJoinPool.java:3465)
        at java.base@17.0.12/java.util.concurrent.ForkJoinPool.managedBlock(ForkJoinPool.java:3436)
        at java.base@17.0.12/java.util.concurrent.locks.AbstractQueuedSynchronizer$ConditionObject.await(AbstractQueuedSynchronizer.java:1625)
        at java.base@17.0.12/java.util.concurrent.LinkedBlockingQueue.take(LinkedBlockingQueue.java:435)
        at java.base@17.0.12/java.util.concurrent.ThreadPoolExecutor.getTask(ThreadPoolExecutor.java:1062)
        at java.base@17.0.12/java.util.concurrent.ThreadPoolExecutor.runWorker(ThreadPoolExecutor.java:1122)
        at java.base@17.0.12/java.util.concurrent.ThreadPoolExecutor$Worker.run(ThreadPoolExecutor.java:635)
        at java.base@17.0.12/java.lang.Thread.run(Thread.java:840)
"pool-160-thread-1" daemon prio=5 tid=786 timed_waiting
java.lang.Thread.State: TIMED_WAITING
        at java.base@17.0.12/jdk.internal.misc.Unsafe.park(Native Method)
        at java.base@17.0.12/java.util.concurrent.locks.LockSupport.parkNanos(LockSupport.java:252)
        at java.base@17.0.12/java.util.concurrent.locks.AbstractQueuedSynchronizer$ConditionObject.awaitNanos(AbstractQueuedSynchronizer.java:1674)
        at java.base@17.0.12/java.util.concurrent.ScheduledThreadPoolExecutor$DelayedWorkQueue.take(ScheduledThreadPoolExecutor.java:1182)
        at java.base@17.0.12/java.util.concurrent.ScheduledThreadPoolExecutor$DelayedWorkQueue.take(ScheduledThreadPoolExecutor.java:899)
        at java.base@17.0.12/java.util.concurrent.ThreadPoolExecutor.getTask(ThreadPoolExecutor.java:1062)
        at java.base@17.0.12/java.util.concurrent.ThreadPoolExecutor.runWorker(ThreadPoolExecutor.java:1122)
        at java.base@17.0.12/java.util.concurrent.ThreadPoolExecutor$Worker.run(ThreadPoolExecutor.java:635)
        at java.base@17.0.12/java.lang.Thread.run(Thread.java:840)
"Socket Reader #7 for port 15004"  prio=5 tid=418 runnable
java.lang.Thread.State: RUNNABLE
        at java.base@17.0.12/sun.nio.ch.EPoll.wait(Native Method)
        at java.base@17.0.12/sun.nio.ch.EPollSelectorImpl.doSelect(EPollSelectorImpl.java:118)
        at java.base@17.0.12/sun.nio.ch.SelectorImpl.lockAndDoSelect(SelectorImpl.java:129)
        at java.base@17.0.12/sun.nio.ch.SelectorImpl.select(SelectorImpl.java:146)
        at app//org.apache.hadoop.ipc.Server$Listener$Reader.doRunLoop(Server.java:1346)
        at app//org.apache.hadoop.ipc.Server$Listener$Reader.run(Server.java:1325)
"IPC Parameter Sending Thread for 0.0.0.0/0.0.0.0:15002" daemon prio=5 tid=710 timed_waiting
java.lang.Thread.State: TIMED_WAITING
        at java.base@17.0.12/jdk.internal.misc.Unsafe.park(Native Method)
        at java.base@17.0.12/java.util.concurrent.locks.LockSupport.parkNanos(LockSupport.java:252)
        at java.base@17.0.12/java.util.concurrent.SynchronousQueue$TransferQueue.transfer(SynchronousQueue.java:704)
        at java.base@17.0.12/java.util.concurrent.SynchronousQueue.poll(SynchronousQueue.java:903)
        at app//org.apache.hadoop.ipc.Client$Connection$RpcRequestSender.run(Client.java:1105)
        at java.base@17.0.12/java.lang.Thread.run(Thread.java:840)
"MutableQuantiles-0" daemon prio=5 tid=480 timed_waiting
java.lang.Thread.State: TIMED_WAITING
        at java.base@17.0.12/jdk.internal.misc.Unsafe.park(Native Method)
        at java.base@17.0.12/java.util.concurrent.locks.LockSupport.parkNanos(LockSupport.java:252)
        at java.base@17.0.12/java.util.concurrent.locks.AbstractQueuedSynchronizer$ConditionObject.awaitNanos(AbstractQueuedSynchronizer.java:1674)
        at java.base@17.0.12/java.util.concurrent.ScheduledThreadPoolExecutor$DelayedWorkQueue.take(ScheduledThreadPoolExecutor.java:1182)
        at java.base@17.0.12/java.util.concurrent.ScheduledThreadPoolExecutor$DelayedWorkQueue.take(ScheduledThreadPoolExecutor.java:899)
        at java.base@17.0.12/java.util.concurrent.ThreadPoolExecutor.getTask(ThreadPoolExecutor.java:1062)
        at java.base@17.0.12/java.util.concurrent.ThreadPoolExecutor.runWorker(ThreadPoolExecutor.java:1122)
        at java.base@17.0.12/java.util.concurrent.ThreadPoolExecutor$Worker.run(ThreadPoolExecutor.java:635)
        at java.base@17.0.12/java.lang.Thread.run(Thread.java:840)
"9d1f9f5c-07b4-413f-b8b0-69aa045119d7-CommandProcessorThread" daemon prio=5 tid=613 timed_waiting
java.lang.Thread.State: TIMED_WAITING
        at java.base@17.0.12/java.lang.Thread.sleep(Native Method)
        at app//org.apache.hadoop.ozone.container.common.statemachine.DatanodeStateMachine.lambda$initCommandHandlerThread$4(DatanodeStateMachine.java:671)
        at app//org.apache.hadoop.ozone.container.common.statemachine.DatanodeStateMachine$$Lambda$1417/0x00007fba249312f0.run(Unknown Source)
        at java.base@17.0.12/java.lang.Thread.run(Thread.java:840)
"IPC Server handler 12 on default port 15000" daemon prio=5 tid=98 timed_waiting
java.lang.Thread.State: TIMED_WAITING
        at java.base@17.0.12/jdk.internal.misc.Unsafe.park(Native Method)
        at java.base@17.0.12/java.util.concurrent.locks.LockSupport.parkNanos(LockSupport.java:252)
        at java.base@17.0.12/java.util.concurrent.locks.AbstractQueuedSynchronizer$ConditionObject.awaitNanos(AbstractQueuedSynchronizer.java:1674)
        at java.base@17.0.12/java.util.concurrent.LinkedBlockingQueue.poll(LinkedBlockingQueue.java:460)
        at app//org.apache.hadoop.ipc.CallQueueManager.take(CallQueueManager.java:317)
        at app//org.apache.hadoop.ipc.Server$Handler.run(Server.java:3014)
"EventQueue-PipelineReportForOneReplicaPipelineSafeModeRule" daemon prio=5 tid=802 in Object.wait()
java.lang.Thread.State: WAITING (on object monitor)
        at java.base@17.0.12/jdk.internal.misc.Unsafe.park(Native Method)
        at java.base@17.0.12/java.util.concurrent.locks.LockSupport.park(LockSupport.java:341)
        at java.base@17.0.12/java.util.concurrent.locks.AbstractQueuedSynchronizer$ConditionNode.block(AbstractQueuedSynchronizer.java:506)
        at java.base@17.0.12/java.util.concurrent.ForkJoinPool.unmanagedBlock(ForkJoinPool.java:3465)
        at java.base@17.0.12/java.util.concurrent.ForkJoinPool.managedBlock(ForkJoinPool.java:3436)
        at java.base@17.0.12/java.util.concurrent.locks.AbstractQueuedSynchronizer$ConditionObject.await(AbstractQueuedSynchronizer.java:1625)
        at java.base@17.0.12/java.util.concurrent.LinkedBlockingQueue.take(LinkedBlockingQueue.java:435)
        at java.base@17.0.12/java.util.concurrent.ThreadPoolExecutor.getTask(ThreadPoolExecutor.java:1062)
        at java.base@17.0.12/java.util.concurrent.ThreadPoolExecutor.runWorker(ThreadPoolExecutor.java:1122)
        at java.base@17.0.12/java.util.concurrent.ThreadPoolExecutor$Worker.run(ThreadPoolExecutor.java:635)
        at java.base@17.0.12/java.lang.Thread.run(Thread.java:840)
"IPC Server Responder" daemon prio=5 tid=642 runnable
java.lang.Thread.State: RUNNABLE
        at java.base@17.0.12/sun.nio.ch.EPoll.wait(Native Method)
        at java.base@17.0.12/sun.nio.ch.EPollSelectorImpl.doSelect(EPollSelectorImpl.java:118)
        at java.base@17.0.12/sun.nio.ch.SelectorImpl.lockAndDoSelect(SelectorImpl.java:129)
        at java.base@17.0.12/sun.nio.ch.SelectorImpl.select(SelectorImpl.java:141)
        at app//org.apache.hadoop.ipc.Server$Responder.doRunLoop(Server.java:1582)
        at app//org.apache.hadoop.ipc.Server$Responder.run(Server.java:1565)
"IPC Server handler 13 on default port 15004" daemon prio=5 tid=466 timed_waiting
java.lang.Thread.State: TIMED_WAITING
        at java.base@17.0.12/jdk.internal.misc.Unsafe.park(Native Method)
        at java.base@17.0.12/java.util.concurrent.locks.LockSupport.parkNanos(LockSupport.java:252)
        at java.base@17.0.12/java.util.concurrent.locks.AbstractQueuedSynchronizer$ConditionObject.awaitNanos(AbstractQueuedSynchronizer.java:1674)
        at java.base@17.0.12/java.util.concurrent.LinkedBlockingQueue.poll(LinkedBlockingQueue.java:460)
        at app//org.apache.hadoop.ipc.CallQueueManager.take(CallQueueManager.java:317)
        at app//org.apache.hadoop.ipc.Server$Handler.run(Server.java:3014)
"f3028915-7dd4-47fe-983a-636a8839ab96-NettyServerStreamRpc-bossGroup--thread1"  prio=5 tid=617 runnable
java.lang.Thread.State: RUNNABLE
        at app//org.apache.ratis.thirdparty.io.netty.channel.epoll.Native.epollWait(Native Method)
        at app//org.apache.ratis.thirdparty.io.netty.channel.epoll.Native.epollWait(Native.java:220)
        at app//org.apache.ratis.thirdparty.io.netty.channel.epoll.Native.epollWait(Native.java:213)
        at app//org.apache.ratis.thirdparty.io.netty.channel.epoll.EpollEventLoop.epollWaitNoTimerChange(EpollEventLoop.java:308)
        at app//org.apache.ratis.thirdparty.io.netty.channel.epoll.EpollEventLoop.run(EpollEventLoop.java:365)
        at app//org.apache.ratis.thirdparty.io.netty.util.concurrent.SingleThreadEventExecutor$4.run(SingleThreadEventExecutor.java:997)
        at app//org.apache.ratis.thirdparty.io.netty.util.internal.ThreadExecutorMap$2.run(ThreadExecutorMap.java:74)
        at java.base@17.0.12/java.lang.Thread.run(Thread.java:840)
"9d1f9f5c-07b4-413f-b8b0-69aa045119d7-DatanodeReportManager-3" daemon prio=5 tid=612 in Object.wait()
java.lang.Thread.State: WAITING (on object monitor)
        at java.base@17.0.12/jdk.internal.misc.Unsafe.park(Native Method)
        at java.base@17.0.12/java.util.concurrent.locks.LockSupport.park(LockSupport.java:341)
        at java.base@17.0.12/java.util.concurrent.locks.AbstractQueuedSynchronizer$ConditionNode.block(AbstractQueuedSynchronizer.java:506)
        at java.base@17.0.12/java.util.concurrent.ForkJoinPool.unmanagedBlock(ForkJoinPool.java:3465)
        at java.base@17.0.12/java.util.concurrent.ForkJoinPool.managedBlock(ForkJoinPool.java:3436)
        at java.base@17.0.12/java.util.concurrent.locks.AbstractQueuedSynchronizer$ConditionObject.await(AbstractQueuedSynchronizer.java:1625)
        at java.base@17.0.12/java.util.concurrent.ScheduledThreadPoolExecutor$DelayedWorkQueue.take(ScheduledThreadPoolExecutor.java:1177)
        at java.base@17.0.12/java.util.concurrent.ScheduledThreadPoolExecutor$DelayedWorkQueue.take(ScheduledThreadPoolExecutor.java:899)
        at java.base@17.0.12/java.util.concurrent.ThreadPoolExecutor.getTask(ThreadPoolExecutor.java:1062)
        at java.base@17.0.12/java.util.concurrent.ThreadPoolExecutor.runWorker(ThreadPoolExecutor.java:1122)
        at java.base@17.0.12/java.util.concurrent.ThreadPoolExecutor$Worker.run(ThreadPoolExecutor.java:635)
        at java.base@17.0.12/java.lang.Thread.run(Thread.java:840)
"IPC Server handler 9 on default port 15001" daemon prio=5 tid=195 timed_waiting
java.lang.Thread.State: TIMED_WAITING
        at java.base@17.0.12/jdk.internal.misc.Unsafe.park(Native Method)
        at java.base@17.0.12/java.util.concurrent.locks.LockSupport.parkNanos(LockSupport.java:252)
        at java.base@17.0.12/java.util.concurrent.locks.AbstractQueuedSynchronizer$ConditionObject.awaitNanos(AbstractQueuedSynchronizer.java:1674)
        at java.base@17.0.12/java.util.concurrent.LinkedBlockingQueue.poll(LinkedBlockingQueue.java:460)
        at app//org.apache.hadoop.ipc.CallQueueManager.take(CallQueueManager.java:317)
        at app//org.apache.hadoop.ipc.Server$Handler.run(Server.java:3014)
"IPC Server handler 96 on default port 15001" daemon prio=5 tid=282 timed_waiting
java.lang.Thread.State: TIMED_WAITING
        at java.base@17.0.12/jdk.internal.misc.Unsafe.park(Native Method)
        at java.base@17.0.12/java.util.concurrent.locks.LockSupport.parkNanos(LockSupport.java:252)
        at java.base@17.0.12/java.util.concurrent.locks.AbstractQueuedSynchronizer$ConditionObject.awaitNanos(AbstractQueuedSynchronizer.java:1674)
        at java.base@17.0.12/java.util.concurrent.LinkedBlockingQueue.poll(LinkedBlockingQueue.java:460)
        at app//org.apache.hadoop.ipc.CallQueueManager.take(CallQueueManager.java:317)
        at app//org.apache.hadoop.ipc.Server$Handler.run(Server.java:3014)
"9d1f9f5c-07b4-413f-b8b0-69aa045119d7-ChunkWriter-3-0" daemon prio=5 tid=756 in Object.wait()
java.lang.Thread.State: WAITING (on object monitor)
        at java.base@17.0.12/jdk.internal.misc.Unsafe.park(Native Method)
        at java.base@17.0.12/java.util.concurrent.locks.LockSupport.park(LockSupport.java:341)
        at java.base@17.0.12/java.util.concurrent.locks.AbstractQueuedSynchronizer$ConditionNode.block(AbstractQueuedSynchronizer.java:506)
        at java.base@17.0.12/java.util.concurrent.ForkJoinPool.unmanagedBlock(ForkJoinPool.java:3465)
        at java.base@17.0.12/java.util.concurrent.ForkJoinPool.managedBlock(ForkJoinPool.java:3436)
        at java.base@17.0.12/java.util.concurrent.locks.AbstractQueuedSynchronizer$ConditionObject.await(AbstractQueuedSynchronizer.java:1625)
        at java.base@17.0.12/java.util.concurrent.LinkedBlockingDeque.takeFirst(LinkedBlockingDeque.java:485)
        at java.base@17.0.12/java.util.concurrent.LinkedBlockingDeque.take(LinkedBlockingDeque.java:673)
        at java.base@17.0.12/java.util.concurrent.ThreadPoolExecutor.getTask(ThreadPoolExecutor.java:1062)
        at java.base@17.0.12/java.util.concurrent.ThreadPoolExecutor.runWorker(ThreadPoolExecutor.java:1122)
        at java.base@17.0.12/java.util.concurrent.ThreadPoolExecutor$Worker.run(ThreadPoolExecutor.java:635)
        at java.base@17.0.12/java.lang.Thread.run(Thread.java:840)
"FixedThreadPoolWithAffinityExecutor-4-0" daemon prio=5 tid=79 timed_waiting
java.lang.Thread.State: TIMED_WAITING
        at java.base@17.0.12/jdk.internal.misc.Unsafe.park(Native Method)
        at java.base@17.0.12/java.util.concurrent.locks.LockSupport.parkNanos(LockSupport.java:252)
        at java.base@17.0.12/java.util.concurrent.locks.AbstractQueuedSynchronizer$ConditionObject.awaitNanos(AbstractQueuedSynchronizer.java:1674)
        at java.base@17.0.12/java.util.concurrent.LinkedBlockingQueue.poll(LinkedBlockingQueue.java:460)
        at app//org.apache.hadoop.hdds.scm.server.ContainerReportQueue.poll(ContainerReportQueue.java:269)
        at app//org.apache.hadoop.hdds.scm.server.ContainerReportQueue.poll(ContainerReportQueue.java:42)
        at app//org.apache.hadoop.hdds.server.events.FixedThreadPoolWithAffinityExecutor$ContainerReportProcessTask.run(FixedThreadPoolWithAffinityExecutor.java:253)
        at java.base@17.0.12/java.util.concurrent.Executors$RunnableAdapter.call(Executors.java:539)
        at java.base@17.0.12/java.util.concurrent.FutureTask.run(FutureTask.java:264)
        at java.base@17.0.12/java.util.concurrent.ThreadPoolExecutor.runWorker(ThreadPoolExecutor.java:1136)
        at java.base@17.0.12/java.util.concurrent.ThreadPoolExecutor$Worker.run(ThreadPoolExecutor.java:635)
        at java.base@17.0.12/java.lang.Thread.run(Thread.java:840)
"SCMHeartbeatProcessor-0" daemon prio=5 tid=25 timed_waiting
java.lang.Thread.State: TIMED_WAITING
        at java.base@17.0.12/jdk.internal.misc.Unsafe.park(Native Method)
        at java.base@17.0.12/java.util.concurrent.locks.LockSupport.parkNanos(LockSupport.java:252)
        at java.base@17.0.12/java.util.concurrent.locks.AbstractQueuedSynchronizer$ConditionObject.awaitNanos(AbstractQueuedSynchronizer.java:1674)
        at java.base@17.0.12/java.util.concurrent.ScheduledThreadPoolExecutor$DelayedWorkQueue.take(ScheduledThreadPoolExecutor.java:1182)
        at java.base@17.0.12/java.util.concurrent.ScheduledThreadPoolExecutor$DelayedWorkQueue.take(ScheduledThreadPoolExecutor.java:899)
        at java.base@17.0.12/java.util.concurrent.ThreadPoolExecutor.getTask(ThreadPoolExecutor.java:1062)
        at java.base@17.0.12/java.util.concurrent.ThreadPoolExecutor.runWorker(ThreadPoolExecutor.java:1122)
        at java.base@17.0.12/java.util.concurrent.ThreadPoolExecutor$Worker.run(ThreadPoolExecutor.java:635)
        at java.base@17.0.12/java.lang.Thread.run(Thread.java:840)
"f3028915-7dd4-47fe-983a-636a8839ab96-DatanodeReportManager-0" daemon prio=5 tid=655 in Object.wait()
java.lang.Thread.State: WAITING (on object monitor)
        at java.base@17.0.12/jdk.internal.misc.Unsafe.park(Native Method)
        at java.base@17.0.12/java.util.concurrent.locks.LockSupport.park(LockSupport.java:341)
        at java.base@17.0.12/java.util.concurrent.locks.AbstractQueuedSynchronizer$ConditionNode.block(AbstractQueuedSynchronizer.java:506)
        at java.base@17.0.12/java.util.concurrent.ForkJoinPool.unmanagedBlock(ForkJoinPool.java:3465)
        at java.base@17.0.12/java.util.concurrent.ForkJoinPool.managedBlock(ForkJoinPool.java:3436)
        at java.base@17.0.12/java.util.concurrent.locks.AbstractQueuedSynchronizer$ConditionObject.await(AbstractQueuedSynchronizer.java:1625)
        at java.base@17.0.12/java.util.concurrent.ScheduledThreadPoolExecutor$DelayedWorkQueue.take(ScheduledThreadPoolExecutor.java:1177)
        at java.base@17.0.12/java.util.concurrent.ScheduledThreadPoolExecutor$DelayedWorkQueue.take(ScheduledThreadPoolExecutor.java:899)
        at java.base@17.0.12/java.util.concurrent.ThreadPoolExecutor.getTask(ThreadPoolExecutor.java:1062)
        at java.base@17.0.12/java.util.concurrent.ThreadPoolExecutor.runWorker(ThreadPoolExecutor.java:1122)
        at java.base@17.0.12/java.util.concurrent.ThreadPoolExecutor$Worker.run(ThreadPoolExecutor.java:635)
        at java.base@17.0.12/java.lang.Thread.run(Thread.java:840)
"Socket Reader #10 for port 15019"  prio=5 tid=548 runnable
java.lang.Thread.State: RUNNABLE
        at java.base@17.0.12/sun.nio.ch.EPoll.wait(Native Method)
        at java.base@17.0.12/sun.nio.ch.EPollSelectorImpl.doSelect(EPollSelectorImpl.java:118)
        at java.base@17.0.12/sun.nio.ch.SelectorImpl.lockAndDoSelect(SelectorImpl.java:129)
        at java.base@17.0.12/sun.nio.ch.SelectorImpl.select(SelectorImpl.java:146)
        at app//org.apache.hadoop.ipc.Server$Listener$Reader.doRunLoop(Server.java:1346)
        at app//org.apache.hadoop.ipc.Server$Listener$Reader.run(Server.java:1325)
"IPC Server listener on 15028" daemon prio=5 tid=584 runnable
java.lang.Thread.State: RUNNABLE
        at java.base@17.0.12/sun.nio.ch.EPoll.wait(Native Method)
        at java.base@17.0.12/sun.nio.ch.EPollSelectorImpl.doSelect(EPollSelectorImpl.java:118)
        at java.base@17.0.12/sun.nio.ch.SelectorImpl.lockAndDoSelect(SelectorImpl.java:129)
        at java.base@17.0.12/sun.nio.ch.SelectorImpl.select(SelectorImpl.java:146)
        at app//org.apache.hadoop.ipc.Server$Listener.run(Server.java:1408)
"IPC Server handler 15 on default port 15000" daemon prio=5 tid=101 timed_waiting
java.lang.Thread.State: TIMED_WAITING
        at java.base@17.0.12/jdk.internal.misc.Unsafe.park(Native Method)
        at java.base@17.0.12/java.util.concurrent.locks.LockSupport.parkNanos(LockSupport.java:252)
        at java.base@17.0.12/java.util.concurrent.locks.AbstractQueuedSynchronizer$ConditionObject.awaitNanos(AbstractQueuedSynchronizer.java:1674)
        at java.base@17.0.12/java.util.concurrent.LinkedBlockingQueue.poll(LinkedBlockingQueue.java:460)
        at app//org.apache.hadoop.ipc.CallQueueManager.take(CallQueueManager.java:317)
        at app//org.apache.hadoop.ipc.Server$Handler.run(Server.java:3014)
"IPC Server handler 75 on default port 15001" daemon prio=5 tid=261 timed_waiting
java.lang.Thread.State: TIMED_WAITING
        at java.base@17.0.12/jdk.internal.misc.Unsafe.park(Native Method)
        at java.base@17.0.12/java.util.concurrent.locks.LockSupport.parkNanos(LockSupport.java:252)
        at java.base@17.0.12/java.util.concurrent.locks.AbstractQueuedSynchronizer$ConditionObject.awaitNanos(AbstractQueuedSynchronizer.java:1674)
        at java.base@17.0.12/java.util.concurrent.LinkedBlockingQueue.poll(LinkedBlockingQueue.java:460)
        at app//org.apache.hadoop.ipc.CallQueueManager.take(CallQueueManager.java:317)
        at app//org.apache.hadoop.ipc.Server$Handler.run(Server.java:3014)
"ContainerDataScanner(/home/runner/work/ozone/ozone/hadoop-ozone/integration-test/target/test-dir/MiniOzoneClusterImpl-2855d785-c18f-47a1-bcca-44ce8ce60223/ozone-meta/datanode-3/data-0/hdds)" daemon prio=5 tid=752 timed_waiting
java.lang.Thread.State: TIMED_WAITING
        at java.base@17.0.12/java.lang.Thread.sleep(Native Method)
        at app//org.apache.hadoop.ozone.container.ozoneimpl.AbstractBackgroundContainerScanner.handleRemainingSleep(AbstractBackgroundContainerScanner.java:131)
        at app//org.apache.hadoop.ozone.container.ozoneimpl.AbstractBackgroundContainerScanner.runIteration(AbstractBackgroundContainerScanner.java:98)
        at app//org.apache.hadoop.ozone.container.ozoneimpl.AbstractBackgroundContainerScanner.run(AbstractBackgroundContainerScanner.java:57)
"IPC Server handler 2 on default port 15000" daemon prio=5 tid=88 timed_waiting
java.lang.Thread.State: TIMED_WAITING
        at java.base@17.0.12/jdk.internal.misc.Unsafe.park(Native Method)
        at java.base@17.0.12/java.util.concurrent.locks.LockSupport.parkNanos(LockSupport.java:252)
        at java.base@17.0.12/java.util.concurrent.locks.AbstractQueuedSynchronizer$ConditionObject.awaitNanos(AbstractQueuedSynchronizer.java:1674)
        at java.base@17.0.12/java.util.concurrent.LinkedBlockingQueue.poll(LinkedBlockingQueue.java:460)
        at app//org.apache.hadoop.ipc.CallQueueManager.take(CallQueueManager.java:317)
        at app//org.apache.hadoop.ipc.Server$Handler.run(Server.java:3014)
"f3028915-7dd4-47fe-983a-636a8839ab96@group-B30E101814FB-StateMachineUpdater" daemon prio=5 tid=903 timed_waiting
java.lang.Thread.State: TIMED_WAITING
        at java.base@17.0.12/jdk.internal.misc.Unsafe.park(Native Method)
        at java.base@17.0.12/java.util.concurrent.locks.LockSupport.parkNanos(LockSupport.java:252)
        at java.base@17.0.12/java.util.concurrent.locks.AbstractQueuedSynchronizer$ConditionObject.await(AbstractQueuedSynchronizer.java:1759)
        at app//org.apache.ratis.util.AwaitForSignal.await(AwaitForSignal.java:65)
        at app//org.apache.ratis.server.impl.StateMachineUpdater.waitForCommit(StateMachineUpdater.java:219)
        at app//org.apache.ratis.server.impl.StateMachineUpdater.run(StateMachineUpdater.java:187)
        at java.base@17.0.12/java.lang.Thread.run(Thread.java:840)
"qtp55402156-395" daemon prio=5 tid=395 timed_waiting
java.lang.Thread.State: TIMED_WAITING
        at java.base@17.0.12/jdk.internal.misc.Unsafe.park(Native Method)
        at java.base@17.0.12/java.util.concurrent.locks.LockSupport.parkNanos(LockSupport.java:252)
        at java.base@17.0.12/java.util.concurrent.locks.AbstractQueuedSynchronizer$ConditionObject.awaitNanos(AbstractQueuedSynchronizer.java:1674)
        at app//org.eclipse.jetty.util.BlockingArrayQueue.poll(BlockingArrayQueue.java:382)
        at app//org.eclipse.jetty.util.thread.QueuedThreadPool$Runner.idleJobPoll(QueuedThreadPool.java:974)
        at app//org.eclipse.jetty.util.thread.QueuedThreadPool$Runner.run(QueuedThreadPool.java:1018)
        at java.base@17.0.12/java.lang.Thread.run(Thread.java:840)
"Socket Reader #2 for port 15037"  prio=5 tid=632 runnable
java.lang.Thread.State: RUNNABLE
        at java.base@17.0.12/sun.nio.ch.EPoll.wait(Native Method)
        at java.base@17.0.12/sun.nio.ch.EPollSelectorImpl.doSelect(EPollSelectorImpl.java:118)
        at java.base@17.0.12/sun.nio.ch.SelectorImpl.lockAndDoSelect(SelectorImpl.java:129)
        at java.base@17.0.12/sun.nio.ch.SelectorImpl.select(SelectorImpl.java:146)
        at app//org.apache.hadoop.ipc.Server$Listener$Reader.doRunLoop(Server.java:1346)
        at app//org.apache.hadoop.ipc.Server$Listener$Reader.run(Server.java:1325)
"IPC Server handler 43 on default port 15000" daemon prio=5 tid=129 timed_waiting
java.lang.Thread.State: TIMED_WAITING
        at java.base@17.0.12/jdk.internal.misc.Unsafe.park(Native Method)
        at java.base@17.0.12/java.util.concurrent.locks.LockSupport.parkNanos(LockSupport.java:252)
        at java.base@17.0.12/java.util.concurrent.locks.AbstractQueuedSynchronizer$ConditionObject.awaitNanos(AbstractQueuedSynchronizer.java:1674)
        at java.base@17.0.12/java.util.concurrent.LinkedBlockingQueue.poll(LinkedBlockingQueue.java:460)
        at app//org.apache.hadoop.ipc.CallQueueManager.take(CallQueueManager.java:317)
        at app//org.apache.hadoop.ipc.Server$Handler.run(Server.java:3014)
"IPC Server handler 93 on default port 15002" daemon prio=5 tid=379 timed_waiting
java.lang.Thread.State: TIMED_WAITING
        at java.base@17.0.12/jdk.internal.misc.Unsafe.park(Native Method)
        at java.base@17.0.12/java.util.concurrent.locks.LockSupport.parkNanos(LockSupport.java:252)
        at java.base@17.0.12/java.util.concurrent.locks.AbstractQueuedSynchronizer$ConditionObject.awaitNanos(AbstractQueuedSynchronizer.java:1674)
        at java.base@17.0.12/java.util.concurrent.LinkedBlockingQueue.poll(LinkedBlockingQueue.java:460)
        at app//org.apache.hadoop.ipc.CallQueueManager.take(CallQueueManager.java:317)
        at app//org.apache.hadoop.ipc.Server$Handler.run(Server.java:3014)
"IPC Server handler 38 on default port 15001" daemon prio=5 tid=224 timed_waiting
java.lang.Thread.State: TIMED_WAITING
        at java.base@17.0.12/jdk.internal.misc.Unsafe.park(Native Method)
        at java.base@17.0.12/java.util.concurrent.locks.LockSupport.parkNanos(LockSupport.java:252)
        at java.base@17.0.12/java.util.concurrent.locks.AbstractQueuedSynchronizer$ConditionObject.awaitNanos(AbstractQueuedSynchronizer.java:1674)
        at java.base@17.0.12/java.util.concurrent.LinkedBlockingQueue.poll(LinkedBlockingQueue.java:460)
        at app//org.apache.hadoop.ipc.CallQueueManager.take(CallQueueManager.java:317)
        at app//org.apache.hadoop.ipc.Server$Handler.run(Server.java:3014)
"IPC Server handler 0 on default port 15002" daemon prio=5 tid=286 timed_waiting
java.lang.Thread.State: TIMED_WAITING
        at java.base@17.0.12/jdk.internal.misc.Unsafe.park(Native Method)
        at java.base@17.0.12/java.util.concurrent.locks.LockSupport.parkNanos(LockSupport.java:252)
        at java.base@17.0.12/java.util.concurrent.locks.AbstractQueuedSynchronizer$ConditionObject.awaitNanos(AbstractQueuedSynchronizer.java:1674)
        at java.base@17.0.12/java.util.concurrent.LinkedBlockingQueue.poll(LinkedBlockingQueue.java:460)
        at app//org.apache.hadoop.ipc.CallQueueManager.take(CallQueueManager.java:317)
        at app//org.apache.hadoop.ipc.Server$Handler.run(Server.java:3014)
"qtp867773795-449" daemon prio=5 tid=449 timed_waiting
java.lang.Thread.State: TIMED_WAITING
        at java.base@17.0.12/jdk.internal.misc.Unsafe.park(Native Method)
        at java.base@17.0.12/java.util.concurrent.locks.LockSupport.parkNanos(LockSupport.java:252)
        at java.base@17.0.12/java.util.concurrent.locks.AbstractQueuedSynchronizer$ConditionObject.awaitNanos(AbstractQueuedSynchronizer.java:1674)
        at app//org.eclipse.jetty.util.BlockingArrayQueue.poll(BlockingArrayQueue.java:382)
        at app//org.eclipse.jetty.util.thread.QueuedThreadPool$Runner.idleJobPoll(QueuedThreadPool.java:974)
        at app//org.eclipse.jetty.util.thread.QueuedThreadPool$Runner.run(QueuedThreadPool.java:1018)
        at java.base@17.0.12/java.lang.Thread.run(Thread.java:840)
"IPC Server handler 56 on default port 15000" daemon prio=5 tid=142 timed_waiting
java.lang.Thread.State: TIMED_WAITING
        at java.base@17.0.12/jdk.internal.misc.Unsafe.park(Native Method)
        at java.base@17.0.12/java.util.concurrent.locks.LockSupport.parkNanos(LockSupport.java:252)
        at java.base@17.0.12/java.util.concurrent.locks.AbstractQueuedSynchronizer$ConditionObject.awaitNanos(AbstractQueuedSynchronizer.java:1674)
        at java.base@17.0.12/java.util.concurrent.LinkedBlockingQueue.poll(LinkedBlockingQueue.java:460)
        at app//org.apache.hadoop.ipc.CallQueueManager.take(CallQueueManager.java:317)
        at app//org.apache.hadoop.ipc.Server$Handler.run(Server.java:3014)
"IPC Server idle connection scanner for port 15000" daemon prio=5 tid=72 timed_waiting
java.lang.Thread.State: TIMED_WAITING
        at java.base@17.0.12/java.lang.Object.wait(Native Method)
        at java.base@17.0.12/java.util.TimerThread.mainLoop(Timer.java:563)
        at java.base@17.0.12/java.util.TimerThread.run(Timer.java:516)
"org.apache.hadoop.ozone.container.common.statemachine.commandhandler.DeleteBlocksCommandHandler$DeleteCmdWorker@58cf2091" daemon prio=5 tid=665 timed_waiting
java.lang.Thread.State: TIMED_WAITING
        at java.base@17.0.12/java.lang.Thread.sleep(Native Method)
        at app//org.apache.hadoop.ozone.container.common.statemachine.commandhandler.DeleteBlocksCommandHandler$DeleteCmdWorker.run(DeleteBlocksCommandHandler.java:259)
        at java.base@17.0.12/java.lang.Thread.run(Thread.java:840)
"IPC Server handler 8 on default port 15037" daemon prio=5 tid=652 timed_waiting
java.lang.Thread.State: TIMED_WAITING
        at java.base@17.0.12/jdk.internal.misc.Unsafe.park(Native Method)
        at java.base@17.0.12/java.util.concurrent.locks.LockSupport.parkNanos(LockSupport.java:252)
        at java.base@17.0.12/java.util.concurrent.locks.AbstractQueuedSynchronizer$ConditionObject.awaitNanos(AbstractQueuedSynchronizer.java:1674)
        at java.base@17.0.12/java.util.concurrent.LinkedBlockingQueue.poll(LinkedBlockingQueue.java:460)
        at app//org.apache.hadoop.ipc.CallQueueManager.take(CallQueueManager.java:317)
        at app//org.apache.hadoop.ipc.Server$Handler.run(Server.java:3014)
"IPC Server handler 18 on default port 15002" daemon prio=5 tid=304 timed_waiting
java.lang.Thread.State: TIMED_WAITING
        at java.base@17.0.12/jdk.internal.misc.Unsafe.park(Native Method)
        at java.base@17.0.12/java.util.concurrent.locks.LockSupport.parkNanos(LockSupport.java:252)
        at java.base@17.0.12/java.util.concurrent.locks.AbstractQueuedSynchronizer$ConditionObject.awaitNanos(AbstractQueuedSynchronizer.java:1674)
        at java.base@17.0.12/java.util.concurrent.LinkedBlockingQueue.poll(LinkedBlockingQueue.java:460)
        at app//org.apache.hadoop.ipc.CallQueueManager.take(CallQueueManager.java:317)
        at app//org.apache.hadoop.ipc.Server$Handler.run(Server.java:3014)
"Hadoop-Metrics-Updater-0" daemon prio=5 tid=643 timed_waiting
java.lang.Thread.State: TIMED_WAITING
        at java.base@17.0.12/jdk.internal.misc.Unsafe.park(Native Method)
        at java.base@17.0.12/java.util.concurrent.locks.LockSupport.parkNanos(LockSupport.java:252)
        at java.base@17.0.12/java.util.concurrent.locks.AbstractQueuedSynchronizer$ConditionObject.awaitNanos(AbstractQueuedSynchronizer.java:1674)
        at java.base@17.0.12/java.util.concurrent.ScheduledThreadPoolExecutor$DelayedWorkQueue.take(ScheduledThreadPoolExecutor.java:1182)
        at java.base@17.0.12/java.util.concurrent.ScheduledThreadPoolExecutor$DelayedWorkQueue.take(ScheduledThreadPoolExecutor.java:899)
        at java.base@17.0.12/java.util.concurrent.ThreadPoolExecutor.getTask(ThreadPoolExecutor.java:1062)
        at java.base@17.0.12/java.util.concurrent.ThreadPoolExecutor.runWorker(ThreadPoolExecutor.java:1122)
        at java.base@17.0.12/java.util.concurrent.ThreadPoolExecutor$Worker.run(ThreadPoolExecutor.java:635)
        at java.base@17.0.12/java.lang.Thread.run(Thread.java:840)
"d758e0a9-c5a1-4fd4-978f-3629e4af057b-BlockDeletingService#0" daemon prio=5 tid=741 timed_waiting
java.lang.Thread.State: TIMED_WAITING
        at java.base@17.0.12/jdk.internal.misc.Unsafe.park(Native Method)
        at java.base@17.0.12/java.util.concurrent.locks.LockSupport.parkNanos(LockSupport.java:252)
        at java.base@17.0.12/java.util.concurrent.locks.AbstractQueuedSynchronizer$ConditionObject.awaitNanos(AbstractQueuedSynchronizer.java:1674)
        at java.base@17.0.12/java.util.concurrent.ScheduledThreadPoolExecutor$DelayedWorkQueue.take(ScheduledThreadPoolExecutor.java:1182)
        at java.base@17.0.12/java.util.concurrent.ScheduledThreadPoolExecutor$DelayedWorkQueue.take(ScheduledThreadPoolExecutor.java:899)
        at java.base@17.0.12/java.util.concurrent.ThreadPoolExecutor.getTask(ThreadPoolExecutor.java:1062)
        at java.base@17.0.12/java.util.concurrent.ThreadPoolExecutor.runWorker(ThreadPoolExecutor.java:1122)
        at java.base@17.0.12/java.util.concurrent.ThreadPoolExecutor$Worker.run(ThreadPoolExecutor.java:635)
        at java.base@17.0.12/java.lang.Thread.run(Thread.java:840)
"ContainerDataScanner(/home/runner/work/ozone/ozone/hadoop-ozone/integration-test/target/test-dir/MiniOzoneClusterImpl-2855d785-c18f-47a1-bcca-44ce8ce60223/ozone-meta/datanode-5/data-0/hdds)" daemon prio=5 tid=788 timed_waiting
java.lang.Thread.State: TIMED_WAITING
        at java.base@17.0.12/java.lang.Thread.sleep(Native Method)
        at app//org.apache.hadoop.ozone.container.ozoneimpl.AbstractBackgroundContainerScanner.handleRemainingSleep(AbstractBackgroundContainerScanner.java:131)
        at app//org.apache.hadoop.ozone.container.ozoneimpl.AbstractBackgroundContainerScanner.runIteration(AbstractBackgroundContainerScanner.java:98)
        at app//org.apache.hadoop.ozone.container.ozoneimpl.AbstractBackgroundContainerScanner.run(AbstractBackgroundContainerScanner.java:57)
"IPC Server handler 73 on default port 15001" daemon prio=5 tid=259 timed_waiting
java.lang.Thread.State: TIMED_WAITING
        at java.base@17.0.12/jdk.internal.misc.Unsafe.park(Native Method)
        at java.base@17.0.12/java.util.concurrent.locks.LockSupport.parkNanos(LockSupport.java:252)
        at java.base@17.0.12/java.util.concurrent.locks.AbstractQueuedSynchronizer$ConditionObject.awaitNanos(AbstractQueuedSynchronizer.java:1674)
        at java.base@17.0.12/java.util.concurrent.LinkedBlockingQueue.poll(LinkedBlockingQueue.java:460)
        at app//org.apache.hadoop.ipc.CallQueueManager.take(CallQueueManager.java:317)
        at app//org.apache.hadoop.ipc.Server$Handler.run(Server.java:3014)
"FullTableCache-Cleanup-0" daemon prio=5 tid=404 timed_waiting
java.lang.Thread.State: TIMED_WAITING
        at java.base@17.0.12/jdk.internal.misc.Unsafe.park(Native Method)
        at java.base@17.0.12/java.util.concurrent.locks.LockSupport.parkNanos(LockSupport.java:252)
        at java.base@17.0.12/java.util.concurrent.locks.AbstractQueuedSynchronizer$ConditionObject.awaitNanos(AbstractQueuedSynchronizer.java:1674)
        at java.base@17.0.12/java.util.concurrent.ScheduledThreadPoolExecutor$DelayedWorkQueue.take(ScheduledThreadPoolExecutor.java:1182)
        at java.base@17.0.12/java.util.concurrent.ScheduledThreadPoolExecutor$DelayedWorkQueue.take(ScheduledThreadPoolExecutor.java:899)
        at java.base@17.0.12/java.util.concurrent.ThreadPoolExecutor.getTask(ThreadPoolExecutor.java:1062)
        at java.base@17.0.12/java.util.concurrent.ThreadPoolExecutor.runWorker(ThreadPoolExecutor.java:1122)
        at java.base@17.0.12/java.util.concurrent.ThreadPoolExecutor$Worker.run(ThreadPoolExecutor.java:635)
        at java.base@17.0.12/java.lang.Thread.run(Thread.java:840)
"IPC Server handler 68 on default port 15000" daemon prio=5 tid=154 timed_waiting
java.lang.Thread.State: TIMED_WAITING
        at java.base@17.0.12/jdk.internal.misc.Unsafe.park(Native Method)
        at java.base@17.0.12/java.util.concurrent.locks.LockSupport.parkNanos(LockSupport.java:252)
        at java.base@17.0.12/java.util.concurrent.locks.AbstractQueuedSynchronizer$ConditionObject.awaitNanos(AbstractQueuedSynchronizer.java:1674)
        at java.base@17.0.12/java.util.concurrent.LinkedBlockingQueue.poll(LinkedBlockingQueue.java:460)
        at app//org.apache.hadoop.ipc.CallQueueManager.take(CallQueueManager.java:317)
        at app//org.apache.hadoop.ipc.Server$Handler.run(Server.java:3014)
"IPC Server handler 26 on default port 15001" daemon prio=5 tid=212 timed_waiting
java.lang.Thread.State: TIMED_WAITING
        at java.base@17.0.12/jdk.internal.misc.Unsafe.park(Native Method)
        at java.base@17.0.12/java.util.concurrent.locks.LockSupport.parkNanos(LockSupport.java:252)
        at java.base@17.0.12/java.util.concurrent.locks.AbstractQueuedSynchronizer$ConditionObject.awaitNanos(AbstractQueuedSynchronizer.java:1674)
        at java.base@17.0.12/java.util.concurrent.LinkedBlockingQueue.poll(LinkedBlockingQueue.java:460)
        at app//org.apache.hadoop.ipc.CallQueueManager.take(CallQueueManager.java:317)
        at app//org.apache.hadoop.ipc.Server$Handler.run(Server.java:3014)
"9d1f9f5c-07b4-413f-b8b0-69aa045119d7-EndpointStateMachineTaskThread-/0.0.0.0:15002-0 "  prio=5 tid=746 in Object.wait()
java.lang.Thread.State: WAITING (on object monitor)
        at java.base@17.0.12/jdk.internal.misc.Unsafe.park(Native Method)
        at java.base@17.0.12/java.util.concurrent.locks.LockSupport.park(LockSupport.java:341)
        at java.base@17.0.12/java.util.concurrent.locks.AbstractQueuedSynchronizer$ConditionNode.block(AbstractQueuedSynchronizer.java:506)
        at java.base@17.0.12/java.util.concurrent.ForkJoinPool.unmanagedBlock(ForkJoinPool.java:3465)
        at java.base@17.0.12/java.util.concurrent.ForkJoinPool.managedBlock(ForkJoinPool.java:3436)
        at java.base@17.0.12/java.util.concurrent.locks.AbstractQueuedSynchronizer$ConditionObject.await(AbstractQueuedSynchronizer.java:1625)
        at java.base@17.0.12/java.util.concurrent.LinkedBlockingQueue.take(LinkedBlockingQueue.java:435)
        at java.base@17.0.12/java.util.concurrent.ThreadPoolExecutor.getTask(ThreadPoolExecutor.java:1062)
        at java.base@17.0.12/java.util.concurrent.ThreadPoolExecutor.runWorker(ThreadPoolExecutor.java:1122)
        at java.base@17.0.12/java.util.concurrent.ThreadPoolExecutor$Worker.run(ThreadPoolExecutor.java:635)
        at java.base@17.0.12/java.lang.Thread.run(Thread.java:840)
"IPC Server handler 82 on default port 15002" daemon prio=5 tid=368 timed_waiting
java.lang.Thread.State: TIMED_WAITING
        at java.base@17.0.12/jdk.internal.misc.Unsafe.park(Native Method)
        at java.base@17.0.12/java.util.concurrent.locks.LockSupport.parkNanos(LockSupport.java:252)
        at java.base@17.0.12/java.util.concurrent.locks.AbstractQueuedSynchronizer$ConditionObject.awaitNanos(AbstractQueuedSynchronizer.java:1674)
        at java.base@17.0.12/java.util.concurrent.LinkedBlockingQueue.poll(LinkedBlockingQueue.java:460)
        at app//org.apache.hadoop.ipc.CallQueueManager.take(CallQueueManager.java:317)
        at app//org.apache.hadoop.ipc.Server$Handler.run(Server.java:3014)
"om1-OMDoubleBufferFlushThread" daemon prio=5 tid=408 timed_waiting
java.lang.Thread.State: TIMED_WAITING
        at java.base@17.0.12/java.lang.Object.wait(Native Method)
        at app//org.apache.hadoop.ozone.om.ratis.OzoneManagerDoubleBuffer.canFlush(OzoneManagerDoubleBuffer.java:570)
        at app//org.apache.hadoop.ozone.om.ratis.OzoneManagerDoubleBuffer.flushTransactions(OzoneManagerDoubleBuffer.java:294)
        at app//org.apache.hadoop.ozone.om.ratis.OzoneManagerDoubleBuffer$$Lambda$941/0x00007fba24636000.run(Unknown Source)
        at java.base@17.0.12/java.lang.Thread.run(Thread.java:840)
"f3028915-7dd4-47fe-983a-636a8839ab96-DatanodeStateMachineTaskThread-1"  prio=5 tid=763 in Object.wait()
java.lang.Thread.State: WAITING (on object monitor)
        at java.base@17.0.12/jdk.internal.misc.Unsafe.park(Native Method)
        at java.base@17.0.12/java.util.concurrent.locks.LockSupport.park(LockSupport.java:341)
        at java.base@17.0.12/java.util.concurrent.locks.AbstractQueuedSynchronizer$ConditionNode.block(AbstractQueuedSynchronizer.java:506)
        at java.base@17.0.12/java.util.concurrent.ForkJoinPool.unmanagedBlock(ForkJoinPool.java:3465)
        at java.base@17.0.12/java.util.concurrent.ForkJoinPool.managedBlock(ForkJoinPool.java:3436)
        at java.base@17.0.12/java.util.concurrent.locks.AbstractQueuedSynchronizer$ConditionObject.await(AbstractQueuedSynchronizer.java:1625)
        at java.base@17.0.12/java.util.concurrent.LinkedBlockingQueue.take(LinkedBlockingQueue.java:435)
        at java.base@17.0.12/java.util.concurrent.ThreadPoolExecutor.getTask(ThreadPoolExecutor.java:1062)
        at java.base@17.0.12/java.util.concurrent.ThreadPoolExecutor.runWorker(ThreadPoolExecutor.java:1122)
        at java.base@17.0.12/java.util.concurrent.ThreadPoolExecutor$Worker.run(ThreadPoolExecutor.java:635)
        at java.base@17.0.12/java.lang.Thread.run(Thread.java:840)
"IPC Server handler 62 on default port 15000" daemon prio=5 tid=148 timed_waiting
java.lang.Thread.State: TIMED_WAITING
        at java.base@17.0.12/jdk.internal.misc.Unsafe.park(Native Method)
        at java.base@17.0.12/java.util.concurrent.locks.LockSupport.parkNanos(LockSupport.java:252)
        at java.base@17.0.12/java.util.concurrent.locks.AbstractQueuedSynchronizer$ConditionObject.awaitNanos(AbstractQueuedSynchronizer.java:1674)
        at java.base@17.0.12/java.util.concurrent.LinkedBlockingQueue.poll(LinkedBlockingQueue.java:460)
        at app//org.apache.hadoop.ipc.CallQueueManager.take(CallQueueManager.java:317)
        at app//org.apache.hadoop.ipc.Server$Handler.run(Server.java:3014)
"Socket Reader #6 for port 15037"  prio=5 tid=636 runnable
java.lang.Thread.State: RUNNABLE
        at java.base@17.0.12/sun.nio.ch.EPoll.wait(Native Method)
        at java.base@17.0.12/sun.nio.ch.EPollSelectorImpl.doSelect(EPollSelectorImpl.java:118)
        at java.base@17.0.12/sun.nio.ch.SelectorImpl.lockAndDoSelect(SelectorImpl.java:129)
        at java.base@17.0.12/sun.nio.ch.SelectorImpl.select(SelectorImpl.java:146)
        at app//org.apache.hadoop.ipc.Server$Listener$Reader.doRunLoop(Server.java:1346)
        at app//org.apache.hadoop.ipc.Server$Listener$Reader.run(Server.java:1325)
"IPC Server handler 81 on default port 15002" daemon prio=5 tid=367 timed_waiting
java.lang.Thread.State: TIMED_WAITING
        at java.base@17.0.12/jdk.internal.misc.Unsafe.park(Native Method)
        at java.base@17.0.12/java.util.concurrent.locks.LockSupport.parkNanos(LockSupport.java:252)
        at java.base@17.0.12/java.util.concurrent.locks.AbstractQueuedSynchronizer$ConditionObject.awaitNanos(AbstractQueuedSynchronizer.java:1674)
        at java.base@17.0.12/java.util.concurrent.LinkedBlockingQueue.poll(LinkedBlockingQueue.java:460)
        at app//org.apache.hadoop.ipc.CallQueueManager.take(CallQueueManager.java:317)
        at app//org.apache.hadoop.ipc.Server$Handler.run(Server.java:3014)
"Session-HouseKeeper-7c1048a9-1"  prio=5 tid=537 timed_waiting
java.lang.Thread.State: TIMED_WAITING
        at java.base@17.0.12/jdk.internal.misc.Unsafe.park(Native Method)
        at java.base@17.0.12/java.util.concurrent.locks.LockSupport.parkNanos(LockSupport.java:252)
        at java.base@17.0.12/java.util.concurrent.locks.AbstractQueuedSynchronizer$ConditionObject.awaitNanos(AbstractQueuedSynchronizer.java:1674)
        at java.base@17.0.12/java.util.concurrent.ScheduledThreadPoolExecutor$DelayedWorkQueue.take(ScheduledThreadPoolExecutor.java:1182)
        at java.base@17.0.12/java.util.concurrent.ScheduledThreadPoolExecutor$DelayedWorkQueue.take(ScheduledThreadPoolExecutor.java:899)
        at java.base@17.0.12/java.util.concurrent.ThreadPoolExecutor.getTask(ThreadPoolExecutor.java:1062)
        at java.base@17.0.12/java.util.concurrent.ThreadPoolExecutor.runWorker(ThreadPoolExecutor.java:1122)
        at java.base@17.0.12/java.util.concurrent.ThreadPoolExecutor$Worker.run(ThreadPoolExecutor.java:635)
        at java.base@17.0.12/java.lang.Thread.run(Thread.java:840)
"IPC Server handler 41 on default port 15002" daemon prio=5 tid=327 timed_waiting
java.lang.Thread.State: TIMED_WAITING
        at java.base@17.0.12/jdk.internal.misc.Unsafe.park(Native Method)
        at java.base@17.0.12/java.util.concurrent.locks.LockSupport.parkNanos(LockSupport.java:252)
        at java.base@17.0.12/java.util.concurrent.locks.AbstractQueuedSynchronizer$ConditionObject.awaitNanos(AbstractQueuedSynchronizer.java:1674)
        at java.base@17.0.12/java.util.concurrent.LinkedBlockingQueue.poll(LinkedBlockingQueue.java:460)
        at app//org.apache.hadoop.ipc.CallQueueManager.take(CallQueueManager.java:317)
        at app//org.apache.hadoop.ipc.Server$Handler.run(Server.java:3014)
"IPC Server handler 46 on default port 15000" daemon prio=5 tid=132 timed_waiting
java.lang.Thread.State: TIMED_WAITING
        at java.base@17.0.12/jdk.internal.misc.Unsafe.park(Native Method)
        at java.base@17.0.12/java.util.concurrent.locks.LockSupport.parkNanos(LockSupport.java:252)
        at java.base@17.0.12/java.util.concurrent.locks.AbstractQueuedSynchronizer$ConditionObject.awaitNanos(AbstractQueuedSynchronizer.java:1674)
        at java.base@17.0.12/java.util.concurrent.LinkedBlockingQueue.poll(LinkedBlockingQueue.java:460)
        at app//org.apache.hadoop.ipc.CallQueueManager.take(CallQueueManager.java:317)
        at app//org.apache.hadoop.ipc.Server$Handler.run(Server.java:3014)
"qtp1540025307-674" daemon prio=5 tid=674 timed_waiting
java.lang.Thread.State: TIMED_WAITING
        at java.base@17.0.12/jdk.internal.misc.Unsafe.park(Native Method)
        at java.base@17.0.12/java.util.concurrent.locks.LockSupport.parkNanos(LockSupport.java:252)
        at java.base@17.0.12/java.util.concurrent.locks.AbstractQueuedSynchronizer$ConditionObject.awaitNanos(AbstractQueuedSynchronizer.java:1674)
        at app//org.eclipse.jetty.util.BlockingArrayQueue.poll(BlockingArrayQueue.java:382)
        at app//org.eclipse.jetty.util.thread.QueuedThreadPool$Runner.idleJobPoll(QueuedThreadPool.java:974)
        at app//org.eclipse.jetty.util.thread.QueuedThreadPool$Runner.run(QueuedThreadPool.java:1018)
        at java.base@17.0.12/java.lang.Thread.run(Thread.java:840)
"qtp1911645398-578" daemon prio=5 tid=578 timed_waiting
java.lang.Thread.State: TIMED_WAITING
        at java.base@17.0.12/jdk.internal.misc.Unsafe.park(Native Method)
        at java.base@17.0.12/java.util.concurrent.locks.LockSupport.parkNanos(LockSupport.java:252)
        at java.base@17.0.12/java.util.concurrent.locks.AbstractQueuedSynchronizer$ConditionObject.awaitNanos(AbstractQueuedSynchronizer.java:1674)
        at app//org.eclipse.jetty.util.BlockingArrayQueue.poll(BlockingArrayQueue.java:382)
        at app//org.eclipse.jetty.util.thread.QueuedThreadPool$Runner.idleJobPoll(QueuedThreadPool.java:974)
        at app//org.eclipse.jetty.util.thread.QueuedThreadPool$Runner.run(QueuedThreadPool.java:1018)
        at java.base@17.0.12/java.lang.Thread.run(Thread.java:840)
"qtp1911645398-582" daemon prio=5 tid=582 timed_waiting
java.lang.Thread.State: TIMED_WAITING
        at java.base@17.0.12/jdk.internal.misc.Unsafe.park(Native Method)
        at java.base@17.0.12/java.util.concurrent.locks.LockSupport.parkNanos(LockSupport.java:252)
        at java.base@17.0.12/java.util.concurrent.locks.AbstractQueuedSynchronizer$ConditionObject.awaitNanos(AbstractQueuedSynchronizer.java:1674)
        at app//org.eclipse.jetty.util.BlockingArrayQueue.poll(BlockingArrayQueue.java:382)
        at app//org.eclipse.jetty.util.thread.QueuedThreadPool$Runner.idleJobPoll(QueuedThreadPool.java:974)
        at app//org.eclipse.jetty.util.thread.QueuedThreadPool$Runner.run(QueuedThreadPool.java:1018)
        at java.base@17.0.12/java.lang.Thread.run(Thread.java:840)
"qtp55402156-394" daemon prio=5 tid=394 timed_waiting
java.lang.Thread.State: TIMED_WAITING
        at java.base@17.0.12/jdk.internal.misc.Unsafe.park(Native Method)
        at java.base@17.0.12/java.util.concurrent.locks.LockSupport.parkNanos(LockSupport.java:252)
        at java.base@17.0.12/java.util.concurrent.locks.AbstractQueuedSynchronizer$ConditionObject.awaitNanos(AbstractQueuedSynchronizer.java:1674)
        at app//org.eclipse.jetty.util.BlockingArrayQueue.poll(BlockingArrayQueue.java:382)
        at app//org.eclipse.jetty.util.thread.QueuedThreadPool$Runner.idleJobPoll(QueuedThreadPool.java:974)
        at app//org.eclipse.jetty.util.thread.QueuedThreadPool$Runner.run(QueuedThreadPool.java:1018)
        at java.base@17.0.12/java.lang.Thread.run(Thread.java:840)
"Socket Reader #3 for port 15037"  prio=5 tid=633 runnable
java.lang.Thread.State: RUNNABLE
        at java.base@17.0.12/sun.nio.ch.EPoll.wait(Native Method)
        at java.base@17.0.12/sun.nio.ch.EPollSelectorImpl.doSelect(EPollSelectorImpl.java:118)
        at java.base@17.0.12/sun.nio.ch.SelectorImpl.lockAndDoSelect(SelectorImpl.java:129)
        at java.base@17.0.12/sun.nio.ch.SelectorImpl.select(SelectorImpl.java:146)
        at app//org.apache.hadoop.ipc.Server$Listener$Reader.doRunLoop(Server.java:1346)
        at app//org.apache.hadoop.ipc.Server$Listener$Reader.run(Server.java:1325)
"EventQueue-NewNodeForNewNodeHandler" daemon prio=5 tid=799 in Object.wait()
java.lang.Thread.State: WAITING (on object monitor)
        at java.base@17.0.12/jdk.internal.misc.Unsafe.park(Native Method)
        at java.base@17.0.12/java.util.concurrent.locks.LockSupport.park(LockSupport.java:341)
        at java.base@17.0.12/java.util.concurrent.locks.AbstractQueuedSynchronizer$ConditionNode.block(AbstractQueuedSynchronizer.java:506)
        at java.base@17.0.12/java.util.concurrent.ForkJoinPool.unmanagedBlock(ForkJoinPool.java:3465)
        at java.base@17.0.12/java.util.concurrent.ForkJoinPool.managedBlock(ForkJoinPool.java:3436)
        at java.base@17.0.12/java.util.concurrent.locks.AbstractQueuedSynchronizer$ConditionObject.await(AbstractQueuedSynchronizer.java:1625)
        at java.base@17.0.12/java.util.concurrent.LinkedBlockingQueue.take(LinkedBlockingQueue.java:435)
        at java.base@17.0.12/java.util.concurrent.ThreadPoolExecutor.getTask(ThreadPoolExecutor.java:1062)
        at java.base@17.0.12/java.util.concurrent.ThreadPoolExecutor.runWorker(ThreadPoolExecutor.java:1122)
        at java.base@17.0.12/java.util.concurrent.ThreadPoolExecutor$Worker.run(ThreadPoolExecutor.java:635)
        at java.base@17.0.12/java.lang.Thread.run(Thread.java:840)
"IPC Server handler 79 on default port 15000" daemon prio=5 tid=165 timed_waiting
java.lang.Thread.State: TIMED_WAITING
        at java.base@17.0.12/jdk.internal.misc.Unsafe.park(Native Method)
        at java.base@17.0.12/java.util.concurrent.locks.LockSupport.parkNanos(LockSupport.java:252)
        at java.base@17.0.12/java.util.concurrent.locks.AbstractQueuedSynchronizer$ConditionObject.awaitNanos(AbstractQueuedSynchronizer.java:1674)
        at java.base@17.0.12/java.util.concurrent.LinkedBlockingQueue.poll(LinkedBlockingQueue.java:460)
        at app//org.apache.hadoop.ipc.CallQueueManager.take(CallQueueManager.java:317)
        at app//org.apache.hadoop.ipc.Server$Handler.run(Server.java:3014)
"timer4" daemon prio=5 tid=934 timed_waiting
java.lang.Thread.State: TIMED_WAITING
        at java.base@17.0.12/java.lang.Object.wait(Native Method)
        at java.base@17.0.12/java.util.TimerThread.mainLoop(Timer.java:563)
        at java.base@17.0.12/java.util.TimerThread.run(Timer.java:516)
"Attach Listener" daemon prio=9 tid=473 runnable
java.lang.Thread.State: RUNNABLE
"f3028915-7dd4-47fe-983a-636a8839ab96-ChunkWriter-2-0" daemon prio=5 tid=773 in Object.wait()
java.lang.Thread.State: WAITING (on object monitor)
        at java.base@17.0.12/jdk.internal.misc.Unsafe.park(Native Method)
        at java.base@17.0.12/java.util.concurrent.locks.LockSupport.park(LockSupport.java:341)
        at java.base@17.0.12/java.util.concurrent.locks.AbstractQueuedSynchronizer$ConditionNode.block(AbstractQueuedSynchronizer.java:506)
        at java.base@17.0.12/java.util.concurrent.ForkJoinPool.unmanagedBlock(ForkJoinPool.java:3465)
        at java.base@17.0.12/java.util.concurrent.ForkJoinPool.managedBlock(ForkJoinPool.java:3436)
        at java.base@17.0.12/java.util.concurrent.locks.AbstractQueuedSynchronizer$ConditionObject.await(AbstractQueuedSynchronizer.java:1625)
        at java.base@17.0.12/java.util.concurrent.LinkedBlockingDeque.takeFirst(LinkedBlockingDeque.java:485)
        at java.base@17.0.12/java.util.concurrent.LinkedBlockingDeque.take(LinkedBlockingDeque.java:673)
        at java.base@17.0.12/java.util.concurrent.ThreadPoolExecutor.getTask(ThreadPoolExecutor.java:1062)
        at java.base@17.0.12/java.util.concurrent.ThreadPoolExecutor.runWorker(ThreadPoolExecutor.java:1122)
        at java.base@17.0.12/java.util.concurrent.ThreadPoolExecutor$Worker.run(ThreadPoolExecutor.java:635)
        at java.base@17.0.12/java.lang.Thread.run(Thread.java:840)
"IPC Server handler 31 on default port 15000" daemon prio=5 tid=117 timed_waiting
java.lang.Thread.State: TIMED_WAITING
        at java.base@17.0.12/jdk.internal.misc.Unsafe.park(Native Method)
        at java.base@17.0.12/java.util.concurrent.locks.LockSupport.parkNanos(LockSupport.java:252)
        at java.base@17.0.12/java.util.concurrent.locks.AbstractQueuedSynchronizer$ConditionObject.awaitNanos(AbstractQueuedSynchronizer.java:1674)
        at java.base@17.0.12/java.util.concurrent.LinkedBlockingQueue.poll(LinkedBlockingQueue.java:460)
        at app//org.apache.hadoop.ipc.CallQueueManager.take(CallQueueManager.java:317)
        at app//org.apache.hadoop.ipc.Server$Handler.run(Server.java:3014)
"IPC Server handler 74 on default port 15002" daemon prio=5 tid=360 timed_waiting
java.lang.Thread.State: TIMED_WAITING
        at java.base@17.0.12/jdk.internal.misc.Unsafe.park(Native Method)
        at java.base@17.0.12/java.util.concurrent.locks.LockSupport.parkNanos(LockSupport.java:252)
        at java.base@17.0.12/java.util.concurrent.locks.AbstractQueuedSynchronizer$ConditionObject.awaitNanos(AbstractQueuedSynchronizer.java:1674)
        at java.base@17.0.12/java.util.concurrent.LinkedBlockingQueue.poll(LinkedBlockingQueue.java:460)
        at app//org.apache.hadoop.ipc.CallQueueManager.take(CallQueueManager.java:317)
        at app//org.apache.hadoop.ipc.Server$Handler.run(Server.java:3014)
"IPC Server handler 68 on default port 15002" daemon prio=5 tid=354 timed_waiting
java.lang.Thread.State: TIMED_WAITING
        at java.base@17.0.12/jdk.internal.misc.Unsafe.park(Native Method)
        at java.base@17.0.12/java.util.concurrent.locks.LockSupport.parkNanos(LockSupport.java:252)
        at java.base@17.0.12/java.util.concurrent.locks.AbstractQueuedSynchronizer$ConditionObject.awaitNanos(AbstractQueuedSynchronizer.java:1674)
        at java.base@17.0.12/java.util.concurrent.LinkedBlockingQueue.poll(LinkedBlockingQueue.java:460)
        at app//org.apache.hadoop.ipc.CallQueueManager.take(CallQueueManager.java:317)
        at app//org.apache.hadoop.ipc.Server$Handler.run(Server.java:3014)
"IPC Server handler 28 on default port 15001" daemon prio=5 tid=214 timed_waiting
java.lang.Thread.State: TIMED_WAITING
        at java.base@17.0.12/jdk.internal.misc.Unsafe.park(Native Method)
        at java.base@17.0.12/java.util.concurrent.locks.LockSupport.parkNanos(LockSupport.java:252)
        at java.base@17.0.12/java.util.concurrent.locks.AbstractQueuedSynchronizer$ConditionObject.awaitNanos(AbstractQueuedSynchronizer.java:1674)
        at java.base@17.0.12/java.util.concurrent.LinkedBlockingQueue.poll(LinkedBlockingQueue.java:460)
        at app//org.apache.hadoop.ipc.CallQueueManager.take(CallQueueManager.java:317)
        at app//org.apache.hadoop.ipc.Server$Handler.run(Server.java:3014)
"IPC Server handler 1 on default port 15004" daemon prio=5 tid=454 timed_waiting
java.lang.Thread.State: TIMED_WAITING
        at java.base@17.0.12/jdk.internal.misc.Unsafe.park(Native Method)
        at java.base@17.0.12/java.util.concurrent.locks.LockSupport.parkNanos(LockSupport.java:252)
        at java.base@17.0.12/java.util.concurrent.locks.AbstractQueuedSynchronizer$ConditionObject.awaitNanos(AbstractQueuedSynchronizer.java:1674)
        at java.base@17.0.12/java.util.concurrent.LinkedBlockingQueue.poll(LinkedBlockingQueue.java:460)
        at app//org.apache.hadoop.ipc.CallQueueManager.take(CallQueueManager.java:317)
        at app//org.apache.hadoop.ipc.Server$Handler.run(Server.java:3014)
"BackgroundPipelineScrubber" daemon prio=5 tid=27 timed_waiting
java.lang.Thread.State: TIMED_WAITING
        at java.base@17.0.12/java.lang.Object.wait(Native Method)
        at app//org.apache.hadoop.hdds.scm.ha.BackgroundSCMService.run(BackgroundSCMService.java:107)
        at app//org.apache.hadoop.hdds.scm.ha.BackgroundSCMService$$Lambda$673/0x00007fba2436a528.run(Unknown Source)
        at java.base@17.0.12/java.lang.Thread.run(Thread.java:840)
"IPC Server handler 45 on default port 15001" daemon prio=5 tid=231 timed_waiting
java.lang.Thread.State: TIMED_WAITING
        at java.base@17.0.12/jdk.internal.misc.Unsafe.park(Native Method)
        at java.base@17.0.12/java.util.concurrent.locks.LockSupport.parkNanos(LockSupport.java:252)
        at java.base@17.0.12/java.util.concurrent.locks.AbstractQueuedSynchronizer$ConditionObject.awaitNanos(AbstractQueuedSynchronizer.java:1674)
        at java.base@17.0.12/java.util.concurrent.LinkedBlockingQueue.poll(LinkedBlockingQueue.java:460)
        at app//org.apache.hadoop.ipc.CallQueueManager.take(CallQueueManager.java:317)
        at app//org.apache.hadoop.ipc.Server$Handler.run(Server.java:3014)
"IPC Server handler 6 on default port 15002" daemon prio=5 tid=292 timed_waiting
java.lang.Thread.State: TIMED_WAITING
        at java.base@17.0.12/jdk.internal.misc.Unsafe.park(Native Method)
        at java.base@17.0.12/java.util.concurrent.locks.LockSupport.parkNanos(LockSupport.java:252)
        at java.base@17.0.12/java.util.concurrent.locks.AbstractQueuedSynchronizer$ConditionObject.awaitNanos(AbstractQueuedSynchronizer.java:1674)
        at java.base@17.0.12/java.util.concurrent.LinkedBlockingQueue.poll(LinkedBlockingQueue.java:460)
        at app//org.apache.hadoop.ipc.CallQueueManager.take(CallQueueManager.java:317)
        at app//org.apache.hadoop.ipc.Server$Handler.run(Server.java:3014)
"Socket Reader #10 for port 15004"  prio=5 tid=421 runnable
java.lang.Thread.State: RUNNABLE
        at java.base@17.0.12/sun.nio.ch.EPoll.wait(Native Method)
        at java.base@17.0.12/sun.nio.ch.EPollSelectorImpl.doSelect(EPollSelectorImpl.java:118)
        at java.base@17.0.12/sun.nio.ch.SelectorImpl.lockAndDoSelect(SelectorImpl.java:129)
        at java.base@17.0.12/sun.nio.ch.SelectorImpl.select(SelectorImpl.java:146)
        at app//org.apache.hadoop.ipc.Server$Listener$Reader.doRunLoop(Server.java:1346)
        at app//org.apache.hadoop.ipc.Server$Listener$Reader.run(Server.java:1325)
"IPC Server handler 10 on default port 15000" daemon prio=5 tid=96 timed_waiting
java.lang.Thread.State: TIMED_WAITING
        at java.base@17.0.12/jdk.internal.misc.Unsafe.park(Native Method)
        at java.base@17.0.12/java.util.concurrent.locks.LockSupport.parkNanos(LockSupport.java:252)
        at java.base@17.0.12/java.util.concurrent.locks.AbstractQueuedSynchronizer$ConditionObject.awaitNanos(AbstractQueuedSynchronizer.java:1674)
        at java.base@17.0.12/java.util.concurrent.LinkedBlockingQueue.poll(LinkedBlockingQueue.java:460)
        at app//org.apache.hadoop.ipc.CallQueueManager.take(CallQueueManager.java:317)
        at app//org.apache.hadoop.ipc.Server$Handler.run(Server.java:3014)
"DatanodeAdminManager-0" daemon prio=5 tid=32 timed_waiting
java.lang.Thread.State: TIMED_WAITING
        at java.base@17.0.12/jdk.internal.misc.Unsafe.park(Native Method)
        at java.base@17.0.12/java.util.concurrent.locks.LockSupport.parkNanos(LockSupport.java:252)
        at java.base@17.0.12/java.util.concurrent.locks.AbstractQueuedSynchronizer$ConditionObject.awaitNanos(AbstractQueuedSynchronizer.java:1674)
        at java.base@17.0.12/java.util.concurrent.ScheduledThreadPoolExecutor$DelayedWorkQueue.take(ScheduledThreadPoolExecutor.java:1182)
        at java.base@17.0.12/java.util.concurrent.ScheduledThreadPoolExecutor$DelayedWorkQueue.take(ScheduledThreadPoolExecutor.java:899)
        at java.base@17.0.12/java.util.concurrent.ThreadPoolExecutor.getTask(ThreadPoolExecutor.java:1062)
        at java.base@17.0.12/java.util.concurrent.ThreadPoolExecutor.runWorker(ThreadPoolExecutor.java:1122)
        at java.base@17.0.12/java.util.concurrent.ThreadPoolExecutor$Worker.run(ThreadPoolExecutor.java:635)
        at java.base@17.0.12/java.lang.Thread.run(Thread.java:840)
"IPC Server handler 83 on default port 15000" daemon prio=5 tid=169 timed_waiting
java.lang.Thread.State: TIMED_WAITING
        at java.base@17.0.12/jdk.internal.misc.Unsafe.park(Native Method)
        at java.base@17.0.12/java.util.concurrent.locks.LockSupport.parkNanos(LockSupport.java:252)
        at java.base@17.0.12/java.util.concurrent.locks.AbstractQueuedSynchronizer$ConditionObject.awaitNanos(AbstractQueuedSynchronizer.java:1674)
        at java.base@17.0.12/java.util.concurrent.LinkedBlockingQueue.poll(LinkedBlockingQueue.java:460)
        at app//org.apache.hadoop.ipc.CallQueueManager.take(CallQueueManager.java:317)
        at app//org.apache.hadoop.ipc.Server$Handler.run(Server.java:3014)
"EventQueue-PipelineReportForPipelineReportHandler" daemon prio=5 tid=803 in Object.wait()
java.lang.Thread.State: WAITING (on object monitor)
        at java.base@17.0.12/jdk.internal.misc.Unsafe.park(Native Method)
        at java.base@17.0.12/java.util.concurrent.locks.LockSupport.park(LockSupport.java:341)
        at java.base@17.0.12/java.util.concurrent.locks.AbstractQueuedSynchronizer$ConditionNode.block(AbstractQueuedSynchronizer.java:506)
        at java.base@17.0.12/java.util.concurrent.ForkJoinPool.unmanagedBlock(ForkJoinPool.java:3465)
        at java.base@17.0.12/java.util.concurrent.ForkJoinPool.managedBlock(ForkJoinPool.java:3436)
        at java.base@17.0.12/java.util.concurrent.locks.AbstractQueuedSynchronizer$ConditionObject.await(AbstractQueuedSynchronizer.java:1625)
        at java.base@17.0.12/java.util.concurrent.LinkedBlockingQueue.take(LinkedBlockingQueue.java:435)
        at java.base@17.0.12/java.util.concurrent.ThreadPoolExecutor.getTask(ThreadPoolExecutor.java:1062)
        at java.base@17.0.12/java.util.concurrent.ThreadPoolExecutor.runWorker(ThreadPoolExecutor.java:1122)
        at java.base@17.0.12/java.util.concurrent.ThreadPoolExecutor$Worker.run(ThreadPoolExecutor.java:635)
        at java.base@17.0.12/java.lang.Thread.run(Thread.java:840)
"Hadoop-Metrics-Updater-0" daemon prio=5 tid=46 timed_waiting
java.lang.Thread.State: TIMED_WAITING
        at java.base@17.0.12/jdk.internal.misc.Unsafe.park(Native Method)
        at java.base@17.0.12/java.util.concurrent.locks.LockSupport.parkNanos(LockSupport.java:252)
        at java.base@17.0.12/java.util.concurrent.locks.AbstractQueuedSynchronizer$ConditionObject.awaitNanos(AbstractQueuedSynchronizer.java:1674)
        at java.base@17.0.12/java.util.concurrent.ScheduledThreadPoolExecutor$DelayedWorkQueue.take(ScheduledThreadPoolExecutor.java:1182)
        at java.base@17.0.12/java.util.concurrent.ScheduledThreadPoolExecutor$DelayedWorkQueue.take(ScheduledThreadPoolExecutor.java:899)
        at java.base@17.0.12/java.util.concurrent.ThreadPoolExecutor.getTask(ThreadPoolExecutor.java:1062)
        at java.base@17.0.12/java.util.concurrent.ThreadPoolExecutor.runWorker(ThreadPoolExecutor.java:1122)
        at java.base@17.0.12/java.util.concurrent.ThreadPoolExecutor$Worker.run(ThreadPoolExecutor.java:635)
        at java.base@17.0.12/java.lang.Thread.run(Thread.java:840)
"f3028915-7dd4-47fe-983a-636a8839ab96-PipelineCommandHandlerThread-0"  prio=5 tid=898 in Object.wait()
java.lang.Thread.State: WAITING (on object monitor)
        at java.base@17.0.12/jdk.internal.misc.Unsafe.park(Native Method)
        at java.base@17.0.12/java.util.concurrent.locks.LockSupport.park(LockSupport.java:341)
        at java.base@17.0.12/java.util.concurrent.locks.AbstractQueuedSynchronizer$ConditionNode.block(AbstractQueuedSynchronizer.java:506)
        at java.base@17.0.12/java.util.concurrent.ForkJoinPool.unmanagedBlock(ForkJoinPool.java:3465)
        at java.base@17.0.12/java.util.concurrent.ForkJoinPool.managedBlock(ForkJoinPool.java:3436)
        at java.base@17.0.12/java.util.concurrent.locks.AbstractQueuedSynchronizer$ConditionObject.await(AbstractQueuedSynchronizer.java:1625)
        at java.base@17.0.12/java.util.concurrent.LinkedBlockingQueue.take(LinkedBlockingQueue.java:435)
        at java.base@17.0.12/java.util.concurrent.ThreadPoolExecutor.getTask(ThreadPoolExecutor.java:1062)
        at java.base@17.0.12/java.util.concurrent.ThreadPoolExecutor.runWorker(ThreadPoolExecutor.java:1122)
        at java.base@17.0.12/java.util.concurrent.ThreadPoolExecutor$Worker.run(ThreadPoolExecutor.java:635)
        at java.base@17.0.12/java.lang.Thread.run(Thread.java:840)
"f3028915-7dd4-47fe-983a-636a8839ab96-EndpointStateMachineTaskThread-/0.0.0.0:15002-0 "  prio=5 tid=764 in Object.wait()
java.lang.Thread.State: WAITING (on object monitor)
        at java.base@17.0.12/jdk.internal.misc.Unsafe.park(Native Method)
        at java.base@17.0.12/java.util.concurrent.locks.LockSupport.park(LockSupport.java:341)
        at java.base@17.0.12/java.util.concurrent.locks.AbstractQueuedSynchronizer$ConditionNode.block(AbstractQueuedSynchronizer.java:506)
        at java.base@17.0.12/java.util.concurrent.ForkJoinPool.unmanagedBlock(ForkJoinPool.java:3465)
        at java.base@17.0.12/java.util.concurrent.ForkJoinPool.managedBlock(ForkJoinPool.java:3436)
        at java.base@17.0.12/java.util.concurrent.locks.AbstractQueuedSynchronizer$ConditionObject.await(AbstractQueuedSynchronizer.java:1625)
        at java.base@17.0.12/java.util.concurrent.LinkedBlockingQueue.take(LinkedBlockingQueue.java:435)
        at java.base@17.0.12/java.util.concurrent.ThreadPoolExecutor.getTask(ThreadPoolExecutor.java:1062)
        at java.base@17.0.12/java.util.concurrent.ThreadPoolExecutor.runWorker(ThreadPoolExecutor.java:1122)
        at java.base@17.0.12/java.util.concurrent.ThreadPoolExecutor$Worker.run(ThreadPoolExecutor.java:635)
        at java.base@17.0.12/java.lang.Thread.run(Thread.java:840)
"RatisPipelineUtilsThread-0"  prio=5 tid=26 timed_waiting
java.lang.Thread.State: TIMED_WAITING
        at java.base@17.0.12/java.lang.Object.wait(Native Method)
        at app//org.apache.hadoop.hdds.scm.pipeline.BackgroundPipelineCreator.run(BackgroundPipelineCreator.java:179)
        at app//org.apache.hadoop.hdds.scm.pipeline.BackgroundPipelineCreator$$Lambda$671/0x00007fba24369c30.run(Unknown Source)
        at java.base@17.0.12/java.lang.Thread.run(Thread.java:840)
"Socket Reader #5 for port 15001"  prio=5 tid=52 runnable
java.lang.Thread.State: RUNNABLE
        at java.base@17.0.12/sun.nio.ch.EPoll.wait(Native Method)
        at java.base@17.0.12/sun.nio.ch.EPollSelectorImpl.doSelect(EPollSelectorImpl.java:118)
        at java.base@17.0.12/sun.nio.ch.SelectorImpl.lockAndDoSelect(SelectorImpl.java:129)
        at java.base@17.0.12/sun.nio.ch.SelectorImpl.select(SelectorImpl.java:146)
        at app//org.apache.hadoop.ipc.Server$Listener$Reader.doRunLoop(Server.java:1346)
        at app//org.apache.hadoop.ipc.Server$Listener$Reader.run(Server.java:1325)
"IPC Server handler 14 on default port 15004" daemon prio=5 tid=467 timed_waiting
java.lang.Thread.State: TIMED_WAITING
        at java.base@17.0.12/jdk.internal.misc.Unsafe.park(Native Method)
        at java.base@17.0.12/java.util.concurrent.locks.LockSupport.parkNanos(LockSupport.java:252)
        at java.base@17.0.12/java.util.concurrent.locks.AbstractQueuedSynchronizer$ConditionObject.awaitNanos(AbstractQueuedSynchronizer.java:1674)
        at java.base@17.0.12/java.util.concurrent.LinkedBlockingQueue.poll(LinkedBlockingQueue.java:460)
        at app//org.apache.hadoop.ipc.CallQueueManager.take(CallQueueManager.java:317)
        at app//org.apache.hadoop.ipc.Server$Handler.run(Server.java:3014)
"prometheus" daemon prio=5 tid=399 in Object.wait()
java.lang.Thread.State: WAITING (on object monitor)
        at java.base@17.0.12/java.lang.Object.wait(Native Method)
        at java.base@17.0.12/java.lang.Object.wait(Object.java:338)
        at app//org.apache.hadoop.metrics2.impl.SinkQueue.waitForData(SinkQueue.java:114)
        at app//org.apache.hadoop.metrics2.impl.SinkQueue.consumeAll(SinkQueue.java:83)
        at app//org.apache.hadoop.metrics2.impl.MetricsSinkAdapter.publishMetricsFromQueue(MetricsSinkAdapter.java:135)
        at app//org.apache.hadoop.metrics2.impl.MetricsSinkAdapter$1.run(MetricsSinkAdapter.java:89)
"Session-HouseKeeper-14b4ce6f-1"  prio=5 tid=398 timed_waiting
java.lang.Thread.State: TIMED_WAITING
        at java.base@17.0.12/jdk.internal.misc.Unsafe.park(Native Method)
        at java.base@17.0.12/java.util.concurrent.locks.LockSupport.parkNanos(LockSupport.java:252)
        at java.base@17.0.12/java.util.concurrent.locks.AbstractQueuedSynchronizer$ConditionObject.awaitNanos(AbstractQueuedSynchronizer.java:1674)
        at java.base@17.0.12/java.util.concurrent.ScheduledThreadPoolExecutor$DelayedWorkQueue.take(ScheduledThreadPoolExecutor.java:1182)
        at java.base@17.0.12/java.util.concurrent.ScheduledThreadPoolExecutor$DelayedWorkQueue.take(ScheduledThreadPoolExecutor.java:899)
        at java.base@17.0.12/java.util.concurrent.ThreadPoolExecutor.getTask(ThreadPoolExecutor.java:1062)
        at java.base@17.0.12/java.util.concurrent.ThreadPoolExecutor.runWorker(ThreadPoolExecutor.java:1122)
        at java.base@17.0.12/java.util.concurrent.ThreadPoolExecutor$Worker.run(ThreadPoolExecutor.java:635)
        at java.base@17.0.12/java.lang.Thread.run(Thread.java:840)
"qtp867773795-450" daemon prio=5 tid=450 timed_waiting
java.lang.Thread.State: TIMED_WAITING
        at java.base@17.0.12/jdk.internal.misc.Unsafe.park(Native Method)
        at java.base@17.0.12/java.util.concurrent.locks.LockSupport.parkNanos(LockSupport.java:252)
        at java.base@17.0.12/java.util.concurrent.locks.AbstractQueuedSynchronizer$ConditionObject.awaitNanos(AbstractQueuedSynchronizer.java:1674)
        at app//org.eclipse.jetty.util.BlockingArrayQueue.poll(BlockingArrayQueue.java:382)
        at app//org.eclipse.jetty.util.thread.QueuedThreadPool$Runner.idleJobPoll(QueuedThreadPool.java:974)
        at app//org.eclipse.jetty.util.thread.QueuedThreadPool$Runner.run(QueuedThreadPool.java:1018)
        at java.base@17.0.12/java.lang.Thread.run(Thread.java:840)
"EventQueue-StaleNodeForStaleNodeHandler" daemon prio=5 tid=986 in Object.wait()
java.lang.Thread.State: WAITING (on object monitor)
        at java.base@17.0.12/jdk.internal.misc.Unsafe.park(Native Method)
        at java.base@17.0.12/java.util.concurrent.locks.LockSupport.park(LockSupport.java:341)
        at java.base@17.0.12/java.util.concurrent.locks.AbstractQueuedSynchronizer$ConditionNode.block(AbstractQueuedSynchronizer.java:506)
        at java.base@17.0.12/java.util.concurrent.ForkJoinPool.unmanagedBlock(ForkJoinPool.java:3465)
        at java.base@17.0.12/java.util.concurrent.ForkJoinPool.managedBlock(ForkJoinPool.java:3436)
        at java.base@17.0.12/java.util.concurrent.locks.AbstractQueuedSynchronizer$ConditionObject.await(AbstractQueuedSynchronizer.java:1625)
        at java.base@17.0.12/java.util.concurrent.LinkedBlockingQueue.take(LinkedBlockingQueue.java:435)
        at java.base@17.0.12/java.util.concurrent.ThreadPoolExecutor.getTask(ThreadPoolExecutor.java:1062)
        at java.base@17.0.12/java.util.concurrent.ThreadPoolExecutor.runWorker(ThreadPoolExecutor.java:1122)
        at java.base@17.0.12/java.util.concurrent.ThreadPoolExecutor$Worker.run(ThreadPoolExecutor.java:635)
        at java.base@17.0.12/java.lang.Thread.run(Thread.java:840)
"d758e0a9-c5a1-4fd4-978f-3629e4af057b-BlockDeletingService#1" daemon prio=5 tid=743 in Object.wait()
java.lang.Thread.State: WAITING (on object monitor)
        at java.base@17.0.12/jdk.internal.misc.Unsafe.park(Native Method)
        at java.base@17.0.12/java.util.concurrent.locks.LockSupport.park(LockSupport.java:341)
        at java.base@17.0.12/java.util.concurrent.locks.AbstractQueuedSynchronizer$ConditionNode.block(AbstractQueuedSynchronizer.java:506)
        at java.base@17.0.12/java.util.concurrent.ForkJoinPool.unmanagedBlock(ForkJoinPool.java:3465)
        at java.base@17.0.12/java.util.concurrent.ForkJoinPool.managedBlock(ForkJoinPool.java:3436)
        at java.base@17.0.12/java.util.concurrent.locks.AbstractQueuedSynchronizer$ConditionObject.await(AbstractQueuedSynchronizer.java:1625)
        at java.base@17.0.12/java.util.concurrent.ScheduledThreadPoolExecutor$DelayedWorkQueue.take(ScheduledThreadPoolExecutor.java:1177)
        at java.base@17.0.12/java.util.concurrent.ScheduledThreadPoolExecutor$DelayedWorkQueue.take(ScheduledThreadPoolExecutor.java:899)
        at java.base@17.0.12/java.util.concurrent.ThreadPoolExecutor.getTask(ThreadPoolExecutor.java:1062)
        at java.base@17.0.12/java.util.concurrent.ThreadPoolExecutor.runWorker(ThreadPoolExecutor.java:1122)
        at java.base@17.0.12/java.util.concurrent.ThreadPoolExecutor$Worker.run(ThreadPoolExecutor.java:635)
        at java.base@17.0.12/java.lang.Thread.run(Thread.java:840)
"IPC Server handler 61 on default port 15000" daemon prio=5 tid=147 timed_waiting
java.lang.Thread.State: TIMED_WAITING
        at java.base@17.0.12/jdk.internal.misc.Unsafe.park(Native Method)
        at java.base@17.0.12/java.util.concurrent.locks.LockSupport.parkNanos(LockSupport.java:252)
        at java.base@17.0.12/java.util.concurrent.locks.AbstractQueuedSynchronizer$ConditionObject.awaitNanos(AbstractQueuedSynchronizer.java:1674)
        at java.base@17.0.12/java.util.concurrent.LinkedBlockingQueue.poll(LinkedBlockingQueue.java:460)
        at app//org.apache.hadoop.ipc.CallQueueManager.take(CallQueueManager.java:317)
        at app//org.apache.hadoop.ipc.Server$Handler.run(Server.java:3014)
"IPC Server handler 75 on default port 15000" daemon prio=5 tid=161 timed_waiting
java.lang.Thread.State: TIMED_WAITING
        at java.base@17.0.12/jdk.internal.misc.Unsafe.park(Native Method)
        at java.base@17.0.12/java.util.concurrent.locks.LockSupport.parkNanos(LockSupport.java:252)
        at java.base@17.0.12/java.util.concurrent.locks.AbstractQueuedSynchronizer$ConditionObject.awaitNanos(AbstractQueuedSynchronizer.java:1674)
        at java.base@17.0.12/java.util.concurrent.LinkedBlockingQueue.poll(LinkedBlockingQueue.java:460)
        at app//org.apache.hadoop.ipc.CallQueueManager.take(CallQueueManager.java:317)
        at app//org.apache.hadoop.ipc.Server$Handler.run(Server.java:3014)
"IPC Server handler 47 on default port 15002" daemon prio=5 tid=333 timed_waiting
java.lang.Thread.State: TIMED_WAITING
        at java.base@17.0.12/jdk.internal.misc.Unsafe.park(Native Method)
        at java.base@17.0.12/java.util.concurrent.locks.LockSupport.parkNanos(LockSupport.java:252)
        at java.base@17.0.12/java.util.concurrent.locks.AbstractQueuedSynchronizer$ConditionObject.awaitNanos(AbstractQueuedSynchronizer.java:1674)
        at java.base@17.0.12/java.util.concurrent.LinkedBlockingQueue.poll(LinkedBlockingQueue.java:460)
        at app//org.apache.hadoop.ipc.CallQueueManager.take(CallQueueManager.java:317)
        at app//org.apache.hadoop.ipc.Server$Handler.run(Server.java:3014)
"IPC Server handler 20 on default port 15001" daemon prio=5 tid=206 timed_waiting
java.lang.Thread.State: TIMED_WAITING
        at java.base@17.0.12/jdk.internal.misc.Unsafe.park(Native Method)
        at java.base@17.0.12/java.util.concurrent.locks.LockSupport.parkNanos(LockSupport.java:252)
        at java.base@17.0.12/java.util.concurrent.locks.AbstractQueuedSynchronizer$ConditionObject.awaitNanos(AbstractQueuedSynchronizer.java:1674)
        at java.base@17.0.12/java.util.concurrent.LinkedBlockingQueue.poll(LinkedBlockingQueue.java:460)
        at app//org.apache.hadoop.ipc.CallQueueManager.take(CallQueueManager.java:317)
        at app//org.apache.hadoop.ipc.Server$Handler.run(Server.java:3014)
"IPC Server handler 8 on default port 15000" daemon prio=5 tid=94 timed_waiting
java.lang.Thread.State: TIMED_WAITING
        at java.base@17.0.12/jdk.internal.misc.Unsafe.park(Native Method)
        at java.base@17.0.12/java.util.concurrent.locks.LockSupport.parkNanos(LockSupport.java:252)
        at java.base@17.0.12/java.util.concurrent.locks.AbstractQueuedSynchronizer$ConditionObject.awaitNanos(AbstractQueuedSynchronizer.java:1674)
        at java.base@17.0.12/java.util.concurrent.LinkedBlockingQueue.poll(LinkedBlockingQueue.java:460)
        at app//org.apache.hadoop.ipc.CallQueueManager.take(CallQueueManager.java:317)
        at app//org.apache.hadoop.ipc.Server$Handler.run(Server.java:3014)
"IPC Server handler 60 on default port 15000" daemon prio=5 tid=146 timed_waiting
java.lang.Thread.State: TIMED_WAITING
        at java.base@17.0.12/jdk.internal.misc.Unsafe.park(Native Method)
        at java.base@17.0.12/java.util.concurrent.locks.LockSupport.parkNanos(LockSupport.java:252)
        at java.base@17.0.12/java.util.concurrent.locks.AbstractQueuedSynchronizer$ConditionObject.awaitNanos(AbstractQueuedSynchronizer.java:1674)
        at java.base@17.0.12/java.util.concurrent.LinkedBlockingQueue.poll(LinkedBlockingQueue.java:460)
        at app//org.apache.hadoop.ipc.CallQueueManager.take(CallQueueManager.java:317)
        at app//org.apache.hadoop.ipc.Server$Handler.run(Server.java:3014)
"IPC Server handler 13 on default port 15000" daemon prio=5 tid=99 timed_waiting
java.lang.Thread.State: TIMED_WAITING
        at java.base@17.0.12/jdk.internal.misc.Unsafe.park(Native Method)
        at java.base@17.0.12/java.util.concurrent.locks.LockSupport.parkNanos(LockSupport.java:252)
        at java.base@17.0.12/java.util.concurrent.locks.AbstractQueuedSynchronizer$ConditionObject.awaitNanos(AbstractQueuedSynchronizer.java:1674)
        at java.base@17.0.12/java.util.concurrent.LinkedBlockingQueue.poll(LinkedBlockingQueue.java:460)
        at app//org.apache.hadoop.ipc.CallQueueManager.take(CallQueueManager.java:317)
        at app//org.apache.hadoop.ipc.Server$Handler.run(Server.java:3014)
"Socket Reader #3 for port 15001"  prio=5 tid=50 runnable
java.lang.Thread.State: RUNNABLE
        at java.base@17.0.12/sun.nio.ch.EPoll.wait(Native Method)
        at java.base@17.0.12/sun.nio.ch.EPollSelectorImpl.doSelect(EPollSelectorImpl.java:118)
        at java.base@17.0.12/sun.nio.ch.SelectorImpl.lockAndDoSelect(SelectorImpl.java:129)
        at java.base@17.0.12/sun.nio.ch.SelectorImpl.select(SelectorImpl.java:146)
        at app//org.apache.hadoop.ipc.Server$Listener$Reader.doRunLoop(Server.java:1346)
        at app//org.apache.hadoop.ipc.Server$Listener$Reader.run(Server.java:1325)
"IPC Server handler 29 on default port 15001" daemon prio=5 tid=215 timed_waiting
java.lang.Thread.State: TIMED_WAITING
        at java.base@17.0.12/jdk.internal.misc.Unsafe.park(Native Method)
        at java.base@17.0.12/java.util.concurrent.locks.LockSupport.parkNanos(LockSupport.java:252)
        at java.base@17.0.12/java.util.concurrent.locks.AbstractQueuedSynchronizer$ConditionObject.awaitNanos(AbstractQueuedSynchronizer.java:1674)
        at java.base@17.0.12/java.util.concurrent.LinkedBlockingQueue.poll(LinkedBlockingQueue.java:460)
        at app//org.apache.hadoop.ipc.CallQueueManager.take(CallQueueManager.java:317)
        at app//org.apache.hadoop.ipc.Server$Handler.run(Server.java:3014)
"Hadoop-Metrics-Updater-0" daemon prio=5 tid=74 timed_waiting
java.lang.Thread.State: TIMED_WAITING
        at java.base@17.0.12/jdk.internal.misc.Unsafe.park(Native Method)
        at java.base@17.0.12/java.util.concurrent.locks.LockSupport.parkNanos(LockSupport.java:252)
        at java.base@17.0.12/java.util.concurrent.locks.AbstractQueuedSynchronizer$ConditionObject.awaitNanos(AbstractQueuedSynchronizer.java:1674)
        at java.base@17.0.12/java.util.concurrent.ScheduledThreadPoolExecutor$DelayedWorkQueue.take(ScheduledThreadPoolExecutor.java:1182)
        at java.base@17.0.12/java.util.concurrent.ScheduledThreadPoolExecutor$DelayedWorkQueue.take(ScheduledThreadPoolExecutor.java:899)
        at java.base@17.0.12/java.util.concurrent.ThreadPoolExecutor.getTask(ThreadPoolExecutor.java:1062)
        at java.base@17.0.12/java.util.concurrent.ThreadPoolExecutor.runWorker(ThreadPoolExecutor.java:1122)
        at java.base@17.0.12/java.util.concurrent.ThreadPoolExecutor$Worker.run(ThreadPoolExecutor.java:635)
        at java.base@17.0.12/java.lang.Thread.run(Thread.java:840)
"IPC Server handler 63 on default port 15001" daemon prio=5 tid=249 timed_waiting
java.lang.Thread.State: TIMED_WAITING
        at java.base@17.0.12/jdk.internal.misc.Unsafe.park(Native Method)
        at java.base@17.0.12/java.util.concurrent.locks.LockSupport.parkNanos(LockSupport.java:252)
        at java.base@17.0.12/java.util.concurrent.locks.AbstractQueuedSynchronizer$ConditionObject.awaitNanos(AbstractQueuedSynchronizer.java:1674)
        at java.base@17.0.12/java.util.concurrent.LinkedBlockingQueue.poll(LinkedBlockingQueue.java:460)
        at app//org.apache.hadoop.ipc.CallQueueManager.take(CallQueueManager.java:317)
        at app//org.apache.hadoop.ipc.Server$Handler.run(Server.java:3014)
"IPC Server Responder" daemon prio=5 tid=688 runnable
java.lang.Thread.State: RUNNABLE
        at java.base@17.0.12/sun.nio.ch.EPoll.wait(Native Method)
        at java.base@17.0.12/sun.nio.ch.EPollSelectorImpl.doSelect(EPollSelectorImpl.java:118)
        at java.base@17.0.12/sun.nio.ch.SelectorImpl.lockAndDoSelect(SelectorImpl.java:129)
        at java.base@17.0.12/sun.nio.ch.SelectorImpl.select(SelectorImpl.java:141)
        at app//org.apache.hadoop.ipc.Server$Responder.doRunLoop(Server.java:1582)
        at app//org.apache.hadoop.ipc.Server$Responder.run(Server.java:1565)
"f3028915-7dd4-47fe-983a-636a8839ab96@group-B30E101814FB-cacheEviction-AwaitToRun" daemon prio=5 tid=900 in Object.wait()
java.lang.Thread.State: WAITING (on object monitor)
        at java.base@17.0.12/jdk.internal.misc.Unsafe.park(Native Method)
        at java.base@17.0.12/java.util.concurrent.locks.LockSupport.park(LockSupport.java:341)
        at java.base@17.0.12/java.util.concurrent.locks.AbstractQueuedSynchronizer$ConditionNode.block(AbstractQueuedSynchronizer.java:506)
        at java.base@17.0.12/java.util.concurrent.ForkJoinPool.unmanagedBlock(ForkJoinPool.java:3465)
        at java.base@17.0.12/java.util.concurrent.ForkJoinPool.managedBlock(ForkJoinPool.java:3436)
        at java.base@17.0.12/java.util.concurrent.locks.AbstractQueuedSynchronizer$ConditionObject.await(AbstractQueuedSynchronizer.java:1625)
        at app//org.apache.ratis.util.AwaitForSignal.await(AwaitForSignal.java:48)
        at app//org.apache.ratis.util.AwaitToRun$RunnableImpl.run(AwaitToRun.java:47)
        at java.base@17.0.12/java.lang.Thread.run(Thread.java:840)
"IPC Server handler 45 on default port 15002" daemon prio=5 tid=331 timed_waiting
java.lang.Thread.State: TIMED_WAITING
        at java.base@17.0.12/jdk.internal.misc.Unsafe.park(Native Method)
        at java.base@17.0.12/java.util.concurrent.locks.LockSupport.parkNanos(LockSupport.java:252)
        at java.base@17.0.12/java.util.concurrent.locks.AbstractQueuedSynchronizer$ConditionObject.awaitNanos(AbstractQueuedSynchronizer.java:1674)
        at java.base@17.0.12/java.util.concurrent.LinkedBlockingQueue.poll(LinkedBlockingQueue.java:460)
        at app//org.apache.hadoop.ipc.CallQueueManager.take(CallQueueManager.java:317)
        at app//org.apache.hadoop.ipc.Server$Handler.run(Server.java:3014)
"EventQueue-NodeReportForNodeReportHandler" daemon prio=5 tid=806 in Object.wait()
java.lang.Thread.State: WAITING (on object monitor)
        at java.base@17.0.12/jdk.internal.misc.Unsafe.park(Native Method)
        at java.base@17.0.12/java.util.concurrent.locks.LockSupport.park(LockSupport.java:341)
        at java.base@17.0.12/java.util.concurrent.locks.AbstractQueuedSynchronizer$ConditionNode.block(AbstractQueuedSynchronizer.java:506)
        at java.base@17.0.12/java.util.concurrent.ForkJoinPool.unmanagedBlock(ForkJoinPool.java:3465)
        at java.base@17.0.12/java.util.concurrent.ForkJoinPool.managedBlock(ForkJoinPool.java:3436)
        at java.base@17.0.12/java.util.concurrent.locks.AbstractQueuedSynchronizer$ConditionObject.await(AbstractQueuedSynchronizer.java:1625)
        at java.base@17.0.12/java.util.concurrent.LinkedBlockingQueue.take(LinkedBlockingQueue.java:435)
        at java.base@17.0.12/java.util.concurrent.ThreadPoolExecutor.getTask(ThreadPoolExecutor.java:1062)
        at java.base@17.0.12/java.util.concurrent.ThreadPoolExecutor.runWorker(ThreadPoolExecutor.java:1122)
        at java.base@17.0.12/java.util.concurrent.ThreadPoolExecutor$Worker.run(ThreadPoolExecutor.java:635)
        at java.base@17.0.12/java.lang.Thread.run(Thread.java:840)
"IPC Server handler 0 on default port 15000" daemon prio=5 tid=86 timed_waiting
java.lang.Thread.State: TIMED_WAITING
        at java.base@17.0.12/jdk.internal.misc.Unsafe.park(Native Method)
        at java.base@17.0.12/java.util.concurrent.locks.LockSupport.parkNanos(LockSupport.java:252)
        at java.base@17.0.12/java.util.concurrent.locks.AbstractQueuedSynchronizer$ConditionObject.awaitNanos(AbstractQueuedSynchronizer.java:1674)
        at java.base@17.0.12/java.util.concurrent.LinkedBlockingQueue.poll(LinkedBlockingQueue.java:460)
        at app//org.apache.hadoop.ipc.CallQueueManager.take(CallQueueManager.java:317)
        at app//org.apache.hadoop.ipc.Server$Handler.run(Server.java:3014)
"qtp211730958-530" daemon prio=5 tid=530 runnable
java.lang.Thread.State: RUNNABLE
        at java.base@17.0.12/sun.nio.ch.EPoll.wait(Native Method)
        at java.base@17.0.12/sun.nio.ch.EPollSelectorImpl.doSelect(EPollSelectorImpl.java:118)
        at java.base@17.0.12/sun.nio.ch.SelectorImpl.lockAndDoSelect(SelectorImpl.java:129)
        at java.base@17.0.12/sun.nio.ch.SelectorImpl.select(SelectorImpl.java:146)
        at app//org.eclipse.jetty.io.ManagedSelector.nioSelect(ManagedSelector.java:183)
        at app//org.eclipse.jetty.io.ManagedSelector.select(ManagedSelector.java:190)
        at app//org.eclipse.jetty.io.ManagedSelector$SelectorProducer.select(ManagedSelector.java:606)
        at app//org.eclipse.jetty.io.ManagedSelector$SelectorProducer.produce(ManagedSelector.java:543)
        at app//org.eclipse.jetty.util.thread.strategy.EatWhatYouKill.produceTask(EatWhatYouKill.java:362)
        at app//org.eclipse.jetty.util.thread.strategy.EatWhatYouKill.doProduce(EatWhatYouKill.java:186)
        at app//org.eclipse.jetty.util.thread.strategy.EatWhatYouKill.tryProduce(EatWhatYouKill.java:173)
        at app//org.eclipse.jetty.util.thread.strategy.EatWhatYouKill.produce(EatWhatYouKill.java:137)
        at app//org.eclipse.jetty.io.ManagedSelector$$Lambda$817/0x00007fba2453e288.run(Unknown Source)
        at app//org.eclipse.jetty.util.thread.QueuedThreadPool.runJob(QueuedThreadPool.java:883)
        at app//org.eclipse.jetty.util.thread.QueuedThreadPool$Runner.run(QueuedThreadPool.java:1034)
        at java.base@17.0.12/java.lang.Thread.run(Thread.java:840)
"IPC Server handler 34 on default port 15002" daemon prio=5 tid=320 timed_waiting
java.lang.Thread.State: TIMED_WAITING
        at java.base@17.0.12/jdk.internal.misc.Unsafe.park(Native Method)
        at java.base@17.0.12/java.util.concurrent.locks.LockSupport.parkNanos(LockSupport.java:252)
        at java.base@17.0.12/java.util.concurrent.locks.AbstractQueuedSynchronizer$ConditionObject.awaitNanos(AbstractQueuedSynchronizer.java:1674)
        at java.base@17.0.12/java.util.concurrent.LinkedBlockingQueue.poll(LinkedBlockingQueue.java:460)
        at app//org.apache.hadoop.ipc.CallQueueManager.take(CallQueueManager.java:317)
        at app//org.apache.hadoop.ipc.Server$Handler.run(Server.java:3014)
"IPC Server handler 82 on default port 15001" daemon prio=5 tid=268 timed_waiting
java.lang.Thread.State: TIMED_WAITING
        at java.base@17.0.12/jdk.internal.misc.Unsafe.park(Native Method)
        at java.base@17.0.12/java.util.concurrent.locks.LockSupport.parkNanos(LockSupport.java:252)
        at java.base@17.0.12/java.util.concurrent.locks.AbstractQueuedSynchronizer$ConditionObject.awaitNanos(AbstractQueuedSynchronizer.java:1674)
        at java.base@17.0.12/java.util.concurrent.LinkedBlockingQueue.poll(LinkedBlockingQueue.java:460)
        at app//org.apache.hadoop.ipc.CallQueueManager.take(CallQueueManager.java:317)
        at app//org.apache.hadoop.ipc.Server$Handler.run(Server.java:3014)
"9d1f9f5c-07b4-413f-b8b0-69aa045119d7-DatanodeReportManager-0" daemon prio=5 tid=609 in Object.wait()
java.lang.Thread.State: WAITING (on object monitor)
        at java.base@17.0.12/jdk.internal.misc.Unsafe.park(Native Method)
        at java.base@17.0.12/java.util.concurrent.locks.LockSupport.park(LockSupport.java:341)
        at java.base@17.0.12/java.util.concurrent.locks.AbstractQueuedSynchronizer$ConditionNode.block(AbstractQueuedSynchronizer.java:506)
        at java.base@17.0.12/java.util.concurrent.ForkJoinPool.unmanagedBlock(ForkJoinPool.java:3465)
        at java.base@17.0.12/java.util.concurrent.ForkJoinPool.managedBlock(ForkJoinPool.java:3436)
        at java.base@17.0.12/java.util.concurrent.locks.AbstractQueuedSynchronizer$ConditionObject.await(AbstractQueuedSynchronizer.java:1625)
        at java.base@17.0.12/java.util.concurrent.ScheduledThreadPoolExecutor$DelayedWorkQueue.take(ScheduledThreadPoolExecutor.java:1177)
        at java.base@17.0.12/java.util.concurrent.ScheduledThreadPoolExecutor$DelayedWorkQueue.take(ScheduledThreadPoolExecutor.java:899)
        at java.base@17.0.12/java.util.concurrent.ThreadPoolExecutor.getTask(ThreadPoolExecutor.java:1062)
        at java.base@17.0.12/java.util.concurrent.ThreadPoolExecutor.runWorker(ThreadPoolExecutor.java:1122)
        at java.base@17.0.12/java.util.concurrent.ThreadPoolExecutor$Worker.run(ThreadPoolExecutor.java:635)
        at java.base@17.0.12/java.lang.Thread.run(Thread.java:840)
"org.apache.hadoop.ozone.container.common.statemachine.commandhandler.DeleteBlocksCommandHandler$DeleteCmdWorker@36c1b50d" daemon prio=5 tid=573 timed_waiting
java.lang.Thread.State: TIMED_WAITING
        at java.base@17.0.12/java.lang.Thread.sleep(Native Method)
        at app//org.apache.hadoop.ozone.container.common.statemachine.commandhandler.DeleteBlocksCommandHandler$DeleteCmdWorker.run(DeleteBlocksCommandHandler.java:259)
        at java.base@17.0.12/java.lang.Thread.run(Thread.java:840)
"Socket Reader #6 for port 15000"  prio=5 tid=67 runnable
java.lang.Thread.State: RUNNABLE
        at java.base@17.0.12/sun.nio.ch.EPoll.wait(Native Method)
        at java.base@17.0.12/sun.nio.ch.EPollSelectorImpl.doSelect(EPollSelectorImpl.java:118)
        at java.base@17.0.12/sun.nio.ch.SelectorImpl.lockAndDoSelect(SelectorImpl.java:129)
        at java.base@17.0.12/sun.nio.ch.SelectorImpl.select(SelectorImpl.java:146)
        at app//org.apache.hadoop.ipc.Server$Listener$Reader.doRunLoop(Server.java:1346)
        at app//org.apache.hadoop.ipc.Server$Listener$Reader.run(Server.java:1325)
"IPC Server handler 25 on default port 15000" daemon prio=5 tid=111 timed_waiting
java.lang.Thread.State: TIMED_WAITING
        at java.base@17.0.12/jdk.internal.misc.Unsafe.park(Native Method)
        at java.base@17.0.12/java.util.concurrent.locks.LockSupport.parkNanos(LockSupport.java:252)
        at java.base@17.0.12/java.util.concurrent.locks.AbstractQueuedSynchronizer$ConditionObject.awaitNanos(AbstractQueuedSynchronizer.java:1674)
        at java.base@17.0.12/java.util.concurrent.LinkedBlockingQueue.poll(LinkedBlockingQueue.java:460)
        at app//org.apache.hadoop.ipc.CallQueueManager.take(CallQueueManager.java:317)
        at app//org.apache.hadoop.ipc.Server$Handler.run(Server.java:3014)
"IPC Server handler 23 on default port 15002" daemon prio=5 tid=309 timed_waiting
java.lang.Thread.State: TIMED_WAITING
        at java.base@17.0.12/jdk.internal.misc.Unsafe.park(Native Method)
        at java.base@17.0.12/java.util.concurrent.locks.LockSupport.parkNanos(LockSupport.java:252)
        at java.base@17.0.12/java.util.concurrent.locks.AbstractQueuedSynchronizer$ConditionObject.awaitNanos(AbstractQueuedSynchronizer.java:1674)
        at java.base@17.0.12/java.util.concurrent.LinkedBlockingQueue.poll(LinkedBlockingQueue.java:460)
        at app//org.apache.hadoop.ipc.CallQueueManager.take(CallQueueManager.java:317)
        at app//org.apache.hadoop.ipc.Server$Handler.run(Server.java:3014)
"pool-178-thread-1"  prio=5 tid=666 timed_waiting
java.lang.Thread.State: TIMED_WAITING
        at java.base@17.0.12/jdk.internal.misc.Unsafe.park(Native Method)
        at java.base@17.0.12/java.util.concurrent.locks.LockSupport.parkNanos(LockSupport.java:252)
        at java.base@17.0.12/java.util.concurrent.locks.AbstractQueuedSynchronizer$ConditionObject.awaitNanos(AbstractQueuedSynchronizer.java:1674)
        at java.base@17.0.12/java.util.concurrent.ScheduledThreadPoolExecutor$DelayedWorkQueue.take(ScheduledThreadPoolExecutor.java:1182)
        at java.base@17.0.12/java.util.concurrent.ScheduledThreadPoolExecutor$DelayedWorkQueue.take(ScheduledThreadPoolExecutor.java:899)
        at java.base@17.0.12/java.util.concurrent.ThreadPoolExecutor.getTask(ThreadPoolExecutor.java:1062)
        at java.base@17.0.12/java.util.concurrent.ThreadPoolExecutor.runWorker(ThreadPoolExecutor.java:1122)
        at java.base@17.0.12/java.util.concurrent.ThreadPoolExecutor$Worker.run(ThreadPoolExecutor.java:635)
        at java.base@17.0.12/java.lang.Thread.run(Thread.java:840)
"JvmPauseMonitor4" daemon prio=5 tid=757 timed_waiting
java.lang.Thread.State: TIMED_WAITING
        at java.base@17.0.12/java.lang.Thread.sleep(Native Method)
        at java.base@17.0.12/java.lang.Thread.sleep(Thread.java:344)
        at java.base@17.0.12/java.util.concurrent.TimeUnit.sleep(TimeUnit.java:446)
        at app//org.apache.ratis.util.TimeDuration.sleep(TimeDuration.java:353)
        at app//org.apache.ratis.util.TimeDuration.sleep(TimeDuration.java:338)
        at app//org.apache.ratis.util.JvmPauseMonitor.detectPause(JvmPauseMonitor.java:160)
        at app//org.apache.ratis.util.JvmPauseMonitor.run(JvmPauseMonitor.java:149)
        at app//org.apache.ratis.util.JvmPauseMonitor$$Lambda$777/0x00007fba244e11b8.run(Unknown Source)
        at java.base@17.0.12/java.lang.Thread.run(Thread.java:840)
"IPC Server handler 27 on default port 15000" daemon prio=5 tid=113 timed_waiting
java.lang.Thread.State: TIMED_WAITING
        at java.base@17.0.12/jdk.internal.misc.Unsafe.park(Native Method)
        at java.base@17.0.12/java.util.concurrent.locks.LockSupport.parkNanos(LockSupport.java:252)
        at java.base@17.0.12/java.util.concurrent.locks.AbstractQueuedSynchronizer$ConditionObject.awaitNanos(AbstractQueuedSynchronizer.java:1674)
        at java.base@17.0.12/java.util.concurrent.LinkedBlockingQueue.poll(LinkedBlockingQueue.java:460)
        at app//org.apache.hadoop.ipc.CallQueueManager.take(CallQueueManager.java:317)
        at app//org.apache.hadoop.ipc.Server$Handler.run(Server.java:3014)
"f3028915-7dd4-47fe-983a-636a8839ab96-DatanodeReportManager-2" daemon prio=5 tid=657 in Object.wait()
java.lang.Thread.State: WAITING (on object monitor)
        at java.base@17.0.12/jdk.internal.misc.Unsafe.park(Native Method)
        at java.base@17.0.12/java.util.concurrent.locks.LockSupport.park(LockSupport.java:341)
        at java.base@17.0.12/java.util.concurrent.locks.AbstractQueuedSynchronizer$ConditionNode.block(AbstractQueuedSynchronizer.java:506)
        at java.base@17.0.12/java.util.concurrent.ForkJoinPool.unmanagedBlock(ForkJoinPool.java:3465)
        at java.base@17.0.12/java.util.concurrent.ForkJoinPool.managedBlock(ForkJoinPool.java:3436)
        at java.base@17.0.12/java.util.concurrent.locks.AbstractQueuedSynchronizer$ConditionObject.await(AbstractQueuedSynchronizer.java:1625)
        at java.base@17.0.12/java.util.concurrent.ScheduledThreadPoolExecutor$DelayedWorkQueue.take(ScheduledThreadPoolExecutor.java:1177)
        at java.base@17.0.12/java.util.concurrent.ScheduledThreadPoolExecutor$DelayedWorkQueue.take(ScheduledThreadPoolExecutor.java:899)
        at java.base@17.0.12/java.util.concurrent.ThreadPoolExecutor.getTask(ThreadPoolExecutor.java:1062)
        at java.base@17.0.12/java.util.concurrent.ThreadPoolExecutor.runWorker(ThreadPoolExecutor.java:1122)
        at java.base@17.0.12/java.util.concurrent.ThreadPoolExecutor$Worker.run(ThreadPoolExecutor.java:635)
        at java.base@17.0.12/java.lang.Thread.run(Thread.java:840)
"d758e0a9-c5a1-4fd4-978f-3629e4af057b-ChunkReader-ELG-0" daemon prio=5 tid=740 timed_waiting
java.lang.Thread.State: TIMED_WAITING
        at java.base@17.0.12/java.lang.Thread.sleep(Native Method)
        at app//org.apache.ratis.thirdparty.io.netty.util.concurrent.SingleThreadEventExecutor.confirmShutdown(SingleThreadEventExecutor.java:790)
        at app//org.apache.ratis.thirdparty.io.netty.channel.epoll.EpollEventLoop.run(EpollEventLoop.java:423)
        at app//org.apache.ratis.thirdparty.io.netty.util.concurrent.SingleThreadEventExecutor$4.run(SingleThreadEventExecutor.java:997)
        at app//org.apache.ratis.thirdparty.io.netty.util.internal.ThreadExecutorMap$2.run(ThreadExecutorMap.java:74)
        at java.base@17.0.12/java.lang.Thread.run(Thread.java:840)
"9d1f9f5c-07b4-413f-b8b0-69aa045119d7-ChunkWriter-2-0" daemon prio=5 tid=755 in Object.wait()
java.lang.Thread.State: WAITING (on object monitor)
        at java.base@17.0.12/jdk.internal.misc.Unsafe.park(Native Method)
        at java.base@17.0.12/java.util.concurrent.locks.LockSupport.park(LockSupport.java:341)
        at java.base@17.0.12/java.util.concurrent.locks.AbstractQueuedSynchronizer$ConditionNode.block(AbstractQueuedSynchronizer.java:506)
        at java.base@17.0.12/java.util.concurrent.ForkJoinPool.unmanagedBlock(ForkJoinPool.java:3465)
        at java.base@17.0.12/java.util.concurrent.ForkJoinPool.managedBlock(ForkJoinPool.java:3436)
        at java.base@17.0.12/java.util.concurrent.locks.AbstractQueuedSynchronizer$ConditionObject.await(AbstractQueuedSynchronizer.java:1625)
        at java.base@17.0.12/java.util.concurrent.LinkedBlockingDeque.takeFirst(LinkedBlockingDeque.java:485)
        at java.base@17.0.12/java.util.concurrent.LinkedBlockingDeque.take(LinkedBlockingDeque.java:673)
        at java.base@17.0.12/java.util.concurrent.ThreadPoolExecutor.getTask(ThreadPoolExecutor.java:1062)
        at java.base@17.0.12/java.util.concurrent.ThreadPoolExecutor.runWorker(ThreadPoolExecutor.java:1122)
        at java.base@17.0.12/java.util.concurrent.ThreadPoolExecutor$Worker.run(ThreadPoolExecutor.java:635)
        at java.base@17.0.12/java.lang.Thread.run(Thread.java:840)
"grpc-default-executor-0" daemon prio=5 tid=819 timed_waiting
java.lang.Thread.State: TIMED_WAITING
        at java.base@17.0.12/jdk.internal.misc.Unsafe.park(Native Method)
        at java.base@17.0.12/java.util.concurrent.locks.LockSupport.parkNanos(LockSupport.java:252)
        at java.base@17.0.12/java.util.concurrent.SynchronousQueue$TransferStack.transfer(SynchronousQueue.java:401)
        at java.base@17.0.12/java.util.concurrent.SynchronousQueue.poll(SynchronousQueue.java:903)
        at java.base@17.0.12/java.util.concurrent.ThreadPoolExecutor.getTask(ThreadPoolExecutor.java:1061)
        at java.base@17.0.12/java.util.concurrent.ThreadPoolExecutor.runWorker(ThreadPoolExecutor.java:1122)
        at java.base@17.0.12/java.util.concurrent.ThreadPoolExecutor$Worker.run(ThreadPoolExecutor.java:635)
        at java.base@17.0.12/java.lang.Thread.run(Thread.java:840)
"grpc-default-worker-ELG-3-3" daemon prio=5 tid=821 runnable
java.lang.Thread.State: RUNNABLE
        at app//org.apache.ratis.thirdparty.io.netty.channel.epoll.Native.epollWait0(Native Method)
        at app//org.apache.ratis.thirdparty.io.netty.channel.epoll.Native.epollWait(Native.java:193)
        at app//org.apache.ratis.thirdparty.io.netty.channel.epoll.EpollEventLoop.epollWait(EpollEventLoop.java:304)
        at app//org.apache.ratis.thirdparty.io.netty.channel.epoll.EpollEventLoop.run(EpollEventLoop.java:368)
        at app//org.apache.ratis.thirdparty.io.netty.util.concurrent.SingleThreadEventExecutor$4.run(SingleThreadEventExecutor.java:997)
        at app//org.apache.ratis.thirdparty.io.netty.util.internal.ThreadExecutorMap$2.run(ThreadExecutorMap.java:74)
        at app//org.apache.ratis.thirdparty.io.netty.util.concurrent.FastThreadLocalRunnable.run(FastThreadLocalRunnable.java:30)
        at java.base@17.0.12/java.lang.Thread.run(Thread.java:840)
"grpc-default-executor-3" daemon prio=5 tid=927 timed_waiting
java.lang.Thread.State: TIMED_WAITING
        at java.base@17.0.12/jdk.internal.misc.Unsafe.park(Native Method)
        at java.base@17.0.12/java.util.concurrent.locks.LockSupport.parkNanos(LockSupport.java:252)
        at java.base@17.0.12/java.util.concurrent.SynchronousQueue$TransferStack.transfer(SynchronousQueue.java:401)
        at java.base@17.0.12/java.util.concurrent.SynchronousQueue.poll(SynchronousQueue.java:903)
        at java.base@17.0.12/java.util.concurrent.ThreadPoolExecutor.getTask(ThreadPoolExecutor.java:1061)
        at java.base@17.0.12/java.util.concurrent.ThreadPoolExecutor.runWorker(ThreadPoolExecutor.java:1122)
        at java.base@17.0.12/java.util.concurrent.ThreadPoolExecutor$Worker.run(ThreadPoolExecutor.java:635)
        at java.base@17.0.12/java.lang.Thread.run(Thread.java:840)
"18c2a24f-8a03-4916-b50c-e7c6140a9b01@group-EB676058688B-StateMachineUpdater" daemon prio=5 tid=909 timed_waiting
java.lang.Thread.State: TIMED_WAITING
        at java.base@17.0.12/jdk.internal.misc.Unsafe.park(Native Method)
        at java.base@17.0.12/java.util.concurrent.locks.LockSupport.parkNanos(LockSupport.java:252)
        at java.base@17.0.12/java.util.concurrent.locks.AbstractQueuedSynchronizer$ConditionObject.await(AbstractQueuedSynchronizer.java:1759)
        at app//org.apache.ratis.util.AwaitForSignal.await(AwaitForSignal.java:65)
        at app//org.apache.ratis.server.impl.StateMachineUpdater.waitForCommit(StateMachineUpdater.java:219)
        at app//org.apache.ratis.server.impl.StateMachineUpdater.run(StateMachineUpdater.java:187)
        at java.base@17.0.12/java.lang.Thread.run(Thread.java:840)
"IPC Server handler 49 on default port 15001" daemon prio=5 tid=235 timed_waiting
java.lang.Thread.State: TIMED_WAITING
        at java.base@17.0.12/jdk.internal.misc.Unsafe.park(Native Method)
        at java.base@17.0.12/java.util.concurrent.locks.LockSupport.parkNanos(LockSupport.java:252)
        at java.base@17.0.12/java.util.concurrent.locks.AbstractQueuedSynchronizer$ConditionObject.awaitNanos(AbstractQueuedSynchronizer.java:1674)
        at java.base@17.0.12/java.util.concurrent.LinkedBlockingQueue.poll(LinkedBlockingQueue.java:460)
        at app//org.apache.hadoop.ipc.CallQueueManager.take(CallQueueManager.java:317)
        at app//org.apache.hadoop.ipc.Server$Handler.run(Server.java:3014)
"Socket Reader #5 for port 15037"  prio=5 tid=635 runnable
java.lang.Thread.State: RUNNABLE
        at java.base@17.0.12/sun.nio.ch.EPoll.wait(Native Method)
        at java.base@17.0.12/sun.nio.ch.EPollSelectorImpl.doSelect(EPollSelectorImpl.java:118)
        at java.base@17.0.12/sun.nio.ch.SelectorImpl.lockAndDoSelect(SelectorImpl.java:129)
        at java.base@17.0.12/sun.nio.ch.SelectorImpl.select(SelectorImpl.java:146)
        at app//org.apache.hadoop.ipc.Server$Listener$Reader.doRunLoop(Server.java:1346)
        at app//org.apache.hadoop.ipc.Server$Listener$Reader.run(Server.java:1325)
"StaleRecoveringContainerScrubbingService#0" daemon prio=5 tid=760 timed_waiting
java.lang.Thread.State: TIMED_WAITING
        at java.base@17.0.12/jdk.internal.misc.Unsafe.park(Native Method)
        at java.base@17.0.12/java.util.concurrent.locks.LockSupport.parkNanos(LockSupport.java:252)
        at java.base@17.0.12/java.util.concurrent.locks.AbstractQueuedSynchronizer$ConditionObject.awaitNanos(AbstractQueuedSynchronizer.java:1674)
        at java.base@17.0.12/java.util.concurrent.ScheduledThreadPoolExecutor$DelayedWorkQueue.take(ScheduledThreadPoolExecutor.java:1182)
        at java.base@17.0.12/java.util.concurrent.ScheduledThreadPoolExecutor$DelayedWorkQueue.take(ScheduledThreadPoolExecutor.java:899)
        at java.base@17.0.12/java.util.concurrent.ThreadPoolExecutor.getTask(ThreadPoolExecutor.java:1062)
        at java.base@17.0.12/java.util.concurrent.ThreadPoolExecutor.runWorker(ThreadPoolExecutor.java:1122)
        at java.base@17.0.12/java.util.concurrent.ThreadPoolExecutor$Worker.run(ThreadPoolExecutor.java:635)
        at java.base@17.0.12/java.lang.Thread.run(Thread.java:840)
"IPC Server handler 60 on default port 15002" daemon prio=5 tid=346 timed_waiting
java.lang.Thread.State: TIMED_WAITING
        at java.base@17.0.12/jdk.internal.misc.Unsafe.park(Native Method)
        at java.base@17.0.12/java.util.concurrent.locks.LockSupport.parkNanos(LockSupport.java:252)
        at java.base@17.0.12/java.util.concurrent.locks.AbstractQueuedSynchronizer$ConditionObject.awaitNanos(AbstractQueuedSynchronizer.java:1674)
        at java.base@17.0.12/java.util.concurrent.LinkedBlockingQueue.poll(LinkedBlockingQueue.java:460)
        at app//org.apache.hadoop.ipc.CallQueueManager.take(CallQueueManager.java:317)
        at app//org.apache.hadoop.ipc.Server$Handler.run(Server.java:3014)
"om1@group-C5BA1605619E-cacheEviction-AwaitToRun" daemon prio=5 tid=426 in Object.wait()
java.lang.Thread.State: WAITING (on object monitor)
        at java.base@17.0.12/jdk.internal.misc.Unsafe.park(Native Method)
        at java.base@17.0.12/java.util.concurrent.locks.LockSupport.park(LockSupport.java:341)
        at java.base@17.0.12/java.util.concurrent.locks.AbstractQueuedSynchronizer$ConditionNode.block(AbstractQueuedSynchronizer.java:506)
        at java.base@17.0.12/java.util.concurrent.ForkJoinPool.unmanagedBlock(ForkJoinPool.java:3465)
        at java.base@17.0.12/java.util.concurrent.ForkJoinPool.managedBlock(ForkJoinPool.java:3436)
        at java.base@17.0.12/java.util.concurrent.locks.AbstractQueuedSynchronizer$ConditionObject.await(AbstractQueuedSynchronizer.java:1625)
        at app//org.apache.ratis.util.AwaitForSignal.await(AwaitForSignal.java:48)
        at app//org.apache.ratis.util.AwaitToRun$RunnableImpl.run(AwaitToRun.java:47)
        at java.base@17.0.12/java.lang.Thread.run(Thread.java:840)
"StaleRecoveringContainerScrubbingService#1" daemon prio=5 tid=744 in Object.wait()
java.lang.Thread.State: WAITING (on object monitor)
        at java.base@17.0.12/jdk.internal.misc.Unsafe.park(Native Method)
        at java.base@17.0.12/java.util.concurrent.locks.LockSupport.park(LockSupport.java:341)
        at java.base@17.0.12/java.util.concurrent.locks.AbstractQueuedSynchronizer$ConditionNode.block(AbstractQueuedSynchronizer.java:506)
        at java.base@17.0.12/java.util.concurrent.ForkJoinPool.unmanagedBlock(ForkJoinPool.java:3465)
        at java.base@17.0.12/java.util.concurrent.ForkJoinPool.managedBlock(ForkJoinPool.java:3436)
        at java.base@17.0.12/java.util.concurrent.locks.AbstractQueuedSynchronizer$ConditionObject.await(AbstractQueuedSynchronizer.java:1625)
        at java.base@17.0.12/java.util.concurrent.ScheduledThreadPoolExecutor$DelayedWorkQueue.take(ScheduledThreadPoolExecutor.java:1177)
        at java.base@17.0.12/java.util.concurrent.ScheduledThreadPoolExecutor$DelayedWorkQueue.take(ScheduledThreadPoolExecutor.java:899)
        at java.base@17.0.12/java.util.concurrent.ThreadPoolExecutor.getTask(ThreadPoolExecutor.java:1062)
        at java.base@17.0.12/java.util.concurrent.ThreadPoolExecutor.runWorker(ThreadPoolExecutor.java:1122)
        at java.base@17.0.12/java.util.concurrent.ThreadPoolExecutor$Worker.run(ThreadPoolExecutor.java:635)
        at java.base@17.0.12/java.lang.Thread.run(Thread.java:840)
"pool-136-thread-1" daemon prio=5 tid=768 timed_waiting
java.lang.Thread.State: TIMED_WAITING
        at java.base@17.0.12/jdk.internal.misc.Unsafe.park(Native Method)
        at java.base@17.0.12/java.util.concurrent.locks.LockSupport.parkNanos(LockSupport.java:252)
        at java.base@17.0.12/java.util.concurrent.locks.AbstractQueuedSynchronizer$ConditionObject.awaitNanos(AbstractQueuedSynchronizer.java:1674)
        at java.base@17.0.12/java.util.concurrent.ScheduledThreadPoolExecutor$DelayedWorkQueue.take(ScheduledThreadPoolExecutor.java:1182)
        at java.base@17.0.12/java.util.concurrent.ScheduledThreadPoolExecutor$DelayedWorkQueue.take(ScheduledThreadPoolExecutor.java:899)
        at java.base@17.0.12/java.util.concurrent.ThreadPoolExecutor.getTask(ThreadPoolExecutor.java:1062)
        at java.base@17.0.12/java.util.concurrent.ThreadPoolExecutor.runWorker(ThreadPoolExecutor.java:1122)
        at java.base@17.0.12/java.util.concurrent.ThreadPoolExecutor$Worker.run(ThreadPoolExecutor.java:635)
        at java.base@17.0.12/java.lang.Thread.run(Thread.java:840)
"IPC Server handler 12 on default port 15002" daemon prio=5 tid=298 timed_waiting
java.lang.Thread.State: TIMED_WAITING
        at java.base@17.0.12/jdk.internal.misc.Unsafe.park(Native Method)
        at java.base@17.0.12/java.util.concurrent.locks.LockSupport.parkNanos(LockSupport.java:252)
        at java.base@17.0.12/java.util.concurrent.locks.AbstractQueuedSynchronizer$ConditionObject.awaitNanos(AbstractQueuedSynchronizer.java:1674)
        at java.base@17.0.12/java.util.concurrent.LinkedBlockingQueue.poll(LinkedBlockingQueue.java:460)
        at app//org.apache.hadoop.ipc.CallQueueManager.take(CallQueueManager.java:317)
        at app//org.apache.hadoop.ipc.Server$Handler.run(Server.java:3014)
"Socket Reader #10 for port 15001"  prio=5 tid=57 runnable
java.lang.Thread.State: RUNNABLE
        at java.base@17.0.12/sun.nio.ch.EPoll.wait(Native Method)
        at java.base@17.0.12/sun.nio.ch.EPollSelectorImpl.doSelect(EPollSelectorImpl.java:118)
        at java.base@17.0.12/sun.nio.ch.SelectorImpl.lockAndDoSelect(SelectorImpl.java:129)
        at java.base@17.0.12/sun.nio.ch.SelectorImpl.select(SelectorImpl.java:146)
        at app//org.apache.hadoop.ipc.Server$Listener$Reader.doRunLoop(Server.java:1346)
        at app//org.apache.hadoop.ipc.Server$Listener$Reader.run(Server.java:1325)
"IPC Server handler 24 on default port 15002" daemon prio=5 tid=310 timed_waiting
java.lang.Thread.State: TIMED_WAITING
        at java.base@17.0.12/jdk.internal.misc.Unsafe.park(Native Method)
        at java.base@17.0.12/java.util.concurrent.locks.LockSupport.parkNanos(LockSupport.java:252)
        at java.base@17.0.12/java.util.concurrent.locks.AbstractQueuedSynchronizer$ConditionObject.awaitNanos(AbstractQueuedSynchronizer.java:1674)
        at java.base@17.0.12/java.util.concurrent.LinkedBlockingQueue.poll(LinkedBlockingQueue.java:460)
        at app//org.apache.hadoop.ipc.CallQueueManager.take(CallQueueManager.java:317)
        at app//org.apache.hadoop.ipc.Server$Handler.run(Server.java:3014)
"IPC Server handler 31 on default port 15002" daemon prio=5 tid=317 timed_waiting
java.lang.Thread.State: TIMED_WAITING
        at java.base@17.0.12/jdk.internal.misc.Unsafe.park(Native Method)
        at java.base@17.0.12/java.util.concurrent.locks.LockSupport.parkNanos(LockSupport.java:252)
        at java.base@17.0.12/java.util.concurrent.locks.AbstractQueuedSynchronizer$ConditionObject.awaitNanos(AbstractQueuedSynchronizer.java:1674)
        at java.base@17.0.12/java.util.concurrent.LinkedBlockingQueue.poll(LinkedBlockingQueue.java:460)
        at app//org.apache.hadoop.ipc.CallQueueManager.take(CallQueueManager.java:317)
        at app//org.apache.hadoop.ipc.Server$Handler.run(Server.java:3014)
"18c2a24f-8a03-4916-b50c-e7c6140a9b01-RocksDBCompactionThread-0"  prio=5 tid=662 timed_waiting
java.lang.Thread.State: TIMED_WAITING
        at java.base@17.0.12/jdk.internal.misc.Unsafe.park(Native Method)
        at java.base@17.0.12/java.util.concurrent.locks.LockSupport.parkNanos(LockSupport.java:252)
        at java.base@17.0.12/java.util.concurrent.locks.AbstractQueuedSynchronizer$ConditionObject.awaitNanos(AbstractQueuedSynchronizer.java:1674)
        at java.base@17.0.12/java.util.concurrent.ScheduledThreadPoolExecutor$DelayedWorkQueue.take(ScheduledThreadPoolExecutor.java:1182)
        at java.base@17.0.12/java.util.concurrent.ScheduledThreadPoolExecutor$DelayedWorkQueue.take(ScheduledThreadPoolExecutor.java:899)
        at java.base@17.0.12/java.util.concurrent.ThreadPoolExecutor.getTask(ThreadPoolExecutor.java:1062)
        at java.base@17.0.12/java.util.concurrent.ThreadPoolExecutor.runWorker(ThreadPoolExecutor.java:1122)
        at java.base@17.0.12/java.util.concurrent.ThreadPoolExecutor$Worker.run(ThreadPoolExecutor.java:635)
        at java.base@17.0.12/java.lang.Thread.run(Thread.java:840)
"f3028915-7dd4-47fe-983a-636a8839ab96-ChunkWriter-1-0" daemon prio=5 tid=772 in Object.wait()
java.lang.Thread.State: WAITING (on object monitor)
        at java.base@17.0.12/jdk.internal.misc.Unsafe.park(Native Method)
        at java.base@17.0.12/java.util.concurrent.locks.LockSupport.park(LockSupport.java:341)
        at java.base@17.0.12/java.util.concurrent.locks.AbstractQueuedSynchronizer$ConditionNode.block(AbstractQueuedSynchronizer.java:506)
        at java.base@17.0.12/java.util.concurrent.ForkJoinPool.unmanagedBlock(ForkJoinPool.java:3465)
        at java.base@17.0.12/java.util.concurrent.ForkJoinPool.managedBlock(ForkJoinPool.java:3436)
        at java.base@17.0.12/java.util.concurrent.locks.AbstractQueuedSynchronizer$ConditionObject.await(AbstractQueuedSynchronizer.java:1625)
        at java.base@17.0.12/java.util.concurrent.LinkedBlockingDeque.takeFirst(LinkedBlockingDeque.java:485)
        at java.base@17.0.12/java.util.concurrent.LinkedBlockingDeque.take(LinkedBlockingDeque.java:673)
        at java.base@17.0.12/java.util.concurrent.ThreadPoolExecutor.getTask(ThreadPoolExecutor.java:1062)
        at java.base@17.0.12/java.util.concurrent.ThreadPoolExecutor.runWorker(ThreadPoolExecutor.java:1122)
        at java.base@17.0.12/java.util.concurrent.ThreadPoolExecutor$Worker.run(ThreadPoolExecutor.java:635)
        at java.base@17.0.12/java.lang.Thread.run(Thread.java:840)
"IPC Server handler 3 on default port 15019" daemon prio=5 tid=555 timed_waiting
java.lang.Thread.State: TIMED_WAITING
        at java.base@17.0.12/jdk.internal.misc.Unsafe.park(Native Method)
        at java.base@17.0.12/java.util.concurrent.locks.LockSupport.parkNanos(LockSupport.java:252)
        at java.base@17.0.12/java.util.concurrent.locks.AbstractQueuedSynchronizer$ConditionObject.awaitNanos(AbstractQueuedSynchronizer.java:1674)
        at java.base@17.0.12/java.util.concurrent.LinkedBlockingQueue.poll(LinkedBlockingQueue.java:460)
        at app//org.apache.hadoop.ipc.CallQueueManager.take(CallQueueManager.java:317)
        at app//org.apache.hadoop.ipc.Server$Handler.run(Server.java:3014)
"CompactionDagPruningService" daemon prio=5 tid=402 timed_waiting
java.lang.Thread.State: TIMED_WAITING
        at java.base@17.0.12/jdk.internal.misc.Unsafe.park(Native Method)
        at java.base@17.0.12/java.util.concurrent.locks.LockSupport.parkNanos(LockSupport.java:252)
        at java.base@17.0.12/java.util.concurrent.locks.AbstractQueuedSynchronizer$ConditionObject.awaitNanos(AbstractQueuedSynchronizer.java:1674)
        at java.base@17.0.12/java.util.concurrent.ScheduledThreadPoolExecutor$DelayedWorkQueue.take(ScheduledThreadPoolExecutor.java:1182)
        at java.base@17.0.12/java.util.concurrent.ScheduledThreadPoolExecutor$DelayedWorkQueue.take(ScheduledThreadPoolExecutor.java:899)
        at java.base@17.0.12/java.util.concurrent.ThreadPoolExecutor.getTask(ThreadPoolExecutor.java:1062)
        at java.base@17.0.12/java.util.concurrent.ThreadPoolExecutor.runWorker(ThreadPoolExecutor.java:1122)
        at java.base@17.0.12/java.util.concurrent.ThreadPoolExecutor$Worker.run(ThreadPoolExecutor.java:635)
        at java.base@17.0.12/java.lang.Thread.run(Thread.java:840)
"IPC Server handler 0 on default port 15004" daemon prio=5 tid=453 timed_waiting
java.lang.Thread.State: TIMED_WAITING
        at java.base@17.0.12/jdk.internal.misc.Unsafe.park(Native Method)
        at java.base@17.0.12/java.util.concurrent.locks.LockSupport.parkNanos(LockSupport.java:252)
        at java.base@17.0.12/java.util.concurrent.locks.AbstractQueuedSynchronizer$ConditionObject.awaitNanos(AbstractQueuedSynchronizer.java:1674)
        at java.base@17.0.12/java.util.concurrent.LinkedBlockingQueue.poll(LinkedBlockingQueue.java:460)
        at app//org.apache.hadoop.ipc.CallQueueManager.take(CallQueueManager.java:317)
        at app//org.apache.hadoop.ipc.Server$Handler.run(Server.java:3014)
"ForkJoinPool.commonPool-worker-3" daemon prio=5 tid=23 timed_waiting
java.lang.Thread.State: TIMED_WAITING
        at java.base@17.0.12/jdk.internal.misc.Unsafe.park(Native Method)
        at java.base@17.0.12/java.util.concurrent.locks.LockSupport.parkUntil(LockSupport.java:410)
        at java.base@17.0.12/java.util.concurrent.ForkJoinPool.awaitWork(ForkJoinPool.java:1726)
        at java.base@17.0.12/java.util.concurrent.ForkJoinPool.runWorker(ForkJoinPool.java:1623)
        at java.base@17.0.12/java.util.concurrent.ForkJoinWorkerThread.run(ForkJoinWorkerThread.java:165)
"IPC Server handler 6 on default port 15000" daemon prio=5 tid=92 timed_waiting
java.lang.Thread.State: TIMED_WAITING
        at java.base@17.0.12/jdk.internal.misc.Unsafe.park(Native Method)
        at java.base@17.0.12/java.util.concurrent.locks.LockSupport.parkNanos(LockSupport.java:252)
        at java.base@17.0.12/java.util.concurrent.locks.AbstractQueuedSynchronizer$ConditionObject.awaitNanos(AbstractQueuedSynchronizer.java:1674)
        at java.base@17.0.12/java.util.concurrent.LinkedBlockingQueue.poll(LinkedBlockingQueue.java:460)
        at app//org.apache.hadoop.ipc.CallQueueManager.take(CallQueueManager.java:317)
        at app//org.apache.hadoop.ipc.Server$Handler.run(Server.java:3014)
"IPC Server handler 4 on default port 15046" daemon prio=5 tid=694 timed_waiting
java.lang.Thread.State: TIMED_WAITING
        at java.base@17.0.12/jdk.internal.misc.Unsafe.park(Native Method)
        at java.base@17.0.12/java.util.concurrent.locks.LockSupport.parkNanos(LockSupport.java:252)
        at java.base@17.0.12/java.util.concurrent.locks.AbstractQueuedSynchronizer$ConditionObject.awaitNanos(AbstractQueuedSynchronizer.java:1674)
        at java.base@17.0.12/java.util.concurrent.LinkedBlockingQueue.poll(LinkedBlockingQueue.java:460)
        at app//org.apache.hadoop.ipc.CallQueueManager.take(CallQueueManager.java:317)
        at app//org.apache.hadoop.ipc.Server$Handler.run(Server.java:3014)
"IPC Server handler 0 on default port 15037" daemon prio=5 tid=644 timed_waiting
java.lang.Thread.State: TIMED_WAITING
        at java.base@17.0.12/jdk.internal.misc.Unsafe.park(Native Method)
        at java.base@17.0.12/java.util.concurrent.locks.LockSupport.parkNanos(LockSupport.java:252)
        at java.base@17.0.12/java.util.concurrent.locks.AbstractQueuedSynchronizer$ConditionObject.awaitNanos(AbstractQueuedSynchronizer.java:1674)
        at java.base@17.0.12/java.util.concurrent.LinkedBlockingQueue.poll(LinkedBlockingQueue.java:460)
        at app//org.apache.hadoop.ipc.CallQueueManager.take(CallQueueManager.java:317)
        at app//org.apache.hadoop.ipc.Server$Handler.run(Server.java:3014)
"9d1f9f5c-07b4-413f-b8b0-69aa045119d7-DatanodeStateMachineDaemonThread" daemon prio=5 tid=608 timed_waiting
java.lang.Thread.State: TIMED_WAITING
        at java.base@17.0.12/java.lang.Thread.sleep(Native Method)
        at app//org.apache.hadoop.ozone.container.common.statemachine.DatanodeStateMachine.startStateMachineThread(DatanodeStateMachine.java:359)
        at app//org.apache.hadoop.ozone.container.common.statemachine.DatanodeStateMachine.lambda$startDaemon$1(DatanodeStateMachine.java:545)
        at app//org.apache.hadoop.ozone.container.common.statemachine.DatanodeStateMachine$$Lambda$1415/0x00007fba24930ca0.run(Unknown Source)
        at java.base@17.0.12/java.lang.Thread.run(Thread.java:840)
"Socket Reader #10 for port 15046"  prio=5 tid=686 runnable
java.lang.Thread.State: RUNNABLE
        at java.base@17.0.12/sun.nio.ch.EPoll.wait(Native Method)
        at java.base@17.0.12/sun.nio.ch.EPollSelectorImpl.doSelect(EPollSelectorImpl.java:118)
        at java.base@17.0.12/sun.nio.ch.SelectorImpl.lockAndDoSelect(SelectorImpl.java:129)
        at java.base@17.0.12/sun.nio.ch.SelectorImpl.select(SelectorImpl.java:146)
        at app//org.apache.hadoop.ipc.Server$Listener$Reader.doRunLoop(Server.java:1346)
        at app//org.apache.hadoop.ipc.Server$Listener$Reader.run(Server.java:1325)
"9d1f9f5c-07b4-413f-b8b0-69aa045119d7@group-0DCCA2FB08E8-cacheEviction-AwaitToRun" daemon prio=5 tid=894 in Object.wait()
java.lang.Thread.State: WAITING (on object monitor)
        at java.base@17.0.12/jdk.internal.misc.Unsafe.park(Native Method)
        at java.base@17.0.12/java.util.concurrent.locks.LockSupport.park(LockSupport.java:341)
        at java.base@17.0.12/java.util.concurrent.locks.AbstractQueuedSynchronizer$ConditionNode.block(AbstractQueuedSynchronizer.java:506)
        at java.base@17.0.12/java.util.concurrent.ForkJoinPool.unmanagedBlock(ForkJoinPool.java:3465)
        at java.base@17.0.12/java.util.concurrent.ForkJoinPool.managedBlock(ForkJoinPool.java:3436)
        at java.base@17.0.12/java.util.concurrent.locks.AbstractQueuedSynchronizer$ConditionObject.await(AbstractQueuedSynchronizer.java:1625)
        at app//org.apache.ratis.util.AwaitForSignal.await(AwaitForSignal.java:48)
        at app//org.apache.ratis.util.AwaitToRun$RunnableImpl.run(AwaitToRun.java:47)
        at java.base@17.0.12/java.lang.Thread.run(Thread.java:840)
"IPC Server handler 14 on default port 15000" daemon prio=5 tid=100 timed_waiting
java.lang.Thread.State: TIMED_WAITING
        at java.base@17.0.12/jdk.internal.misc.Unsafe.park(Native Method)
        at java.base@17.0.12/java.util.concurrent.locks.LockSupport.parkNanos(LockSupport.java:252)
        at java.base@17.0.12/java.util.concurrent.locks.AbstractQueuedSynchronizer$ConditionObject.awaitNanos(AbstractQueuedSynchronizer.java:1674)
        at java.base@17.0.12/java.util.concurrent.LinkedBlockingQueue.poll(LinkedBlockingQueue.java:460)
        at app//org.apache.hadoop.ipc.CallQueueManager.take(CallQueueManager.java:317)
        at app//org.apache.hadoop.ipc.Server$Handler.run(Server.java:3014)
"IPC Server idle connection scanner for port 15002" daemon prio=5 tid=44 timed_waiting
java.lang.Thread.State: TIMED_WAITING
        at java.base@17.0.12/java.lang.Object.wait(Native Method)
        at java.base@17.0.12/java.util.TimerThread.mainLoop(Timer.java:563)
        at java.base@17.0.12/java.util.TimerThread.run(Timer.java:516)
"IPC Server handler 13 on default port 15001" daemon prio=5 tid=199 timed_waiting
java.lang.Thread.State: TIMED_WAITING
        at java.base@17.0.12/jdk.internal.misc.Unsafe.park(Native Method)
        at java.base@17.0.12/java.util.concurrent.locks.LockSupport.parkNanos(LockSupport.java:252)
        at java.base@17.0.12/java.util.concurrent.locks.AbstractQueuedSynchronizer$ConditionObject.awaitNanos(AbstractQueuedSynchronizer.java:1674)
        at java.base@17.0.12/java.util.concurrent.LinkedBlockingQueue.poll(LinkedBlockingQueue.java:460)
        at app//org.apache.hadoop.ipc.CallQueueManager.take(CallQueueManager.java:317)
        at app//org.apache.hadoop.ipc.Server$Handler.run(Server.java:3014)
"IPC Server listener on 15001" daemon prio=5 tid=47 runnable
java.lang.Thread.State: RUNNABLE
        at java.base@17.0.12/sun.nio.ch.EPoll.wait(Native Method)
        at java.base@17.0.12/sun.nio.ch.EPollSelectorImpl.doSelect(EPollSelectorImpl.java:118)
        at java.base@17.0.12/sun.nio.ch.SelectorImpl.lockAndDoSelect(SelectorImpl.java:129)
        at java.base@17.0.12/sun.nio.ch.SelectorImpl.select(SelectorImpl.java:146)
        at app//org.apache.hadoop.ipc.Server$Listener.run(Server.java:1408)
"grpc-default-executor-4" daemon prio=5 tid=1029 timed_waiting
java.lang.Thread.State: TIMED_WAITING
        at java.base@17.0.12/jdk.internal.misc.Unsafe.park(Native Method)
        at java.base@17.0.12/java.util.concurrent.locks.LockSupport.parkNanos(LockSupport.java:252)
        at java.base@17.0.12/java.util.concurrent.SynchronousQueue$TransferStack.transfer(SynchronousQueue.java:401)
        at java.base@17.0.12/java.util.concurrent.SynchronousQueue.poll(SynchronousQueue.java:903)
        at java.base@17.0.12/java.util.concurrent.ThreadPoolExecutor.getTask(ThreadPoolExecutor.java:1061)
        at java.base@17.0.12/java.util.concurrent.ThreadPoolExecutor.runWorker(ThreadPoolExecutor.java:1122)
        at java.base@17.0.12/java.util.concurrent.ThreadPoolExecutor$Worker.run(ThreadPoolExecutor.java:635)
        at java.base@17.0.12/java.lang.Thread.run(Thread.java:840)
"pool-30-thread-1"  prio=5 tid=389 timed_waiting
java.lang.Thread.State: TIMED_WAITING
        at java.base@17.0.12/jdk.internal.misc.Unsafe.park(Native Method)
        at java.base@17.0.12/java.util.concurrent.locks.LockSupport.parkNanos(LockSupport.java:252)
        at java.base@17.0.12/java.util.concurrent.locks.AbstractQueuedSynchronizer$ConditionObject.awaitNanos(AbstractQueuedSynchronizer.java:1674)
        at java.base@17.0.12/java.util.concurrent.ScheduledThreadPoolExecutor$DelayedWorkQueue.take(ScheduledThreadPoolExecutor.java:1182)
        at java.base@17.0.12/java.util.concurrent.ScheduledThreadPoolExecutor$DelayedWorkQueue.take(ScheduledThreadPoolExecutor.java:899)
        at java.base@17.0.12/java.util.concurrent.ThreadPoolExecutor.getTask(ThreadPoolExecutor.java:1062)
        at java.base@17.0.12/java.util.concurrent.ThreadPoolExecutor.runWorker(ThreadPoolExecutor.java:1122)
        at java.base@17.0.12/java.util.concurrent.ThreadPoolExecutor$Worker.run(ThreadPoolExecutor.java:635)
        at java.base@17.0.12/java.lang.Thread.run(Thread.java:840)
"f3028915-7dd4-47fe-983a-636a8839ab96@group-B30E101814FB-LeaderStateImpl" daemon prio=5 tid=983 timed_waiting
java.lang.Thread.State: TIMED_WAITING
        at java.base@17.0.12/jdk.internal.misc.Unsafe.park(Native Method)
        at java.base@17.0.12/java.util.concurrent.locks.LockSupport.parkNanos(LockSupport.java:252)
        at java.base@17.0.12/java.util.concurrent.locks.AbstractQueuedSynchronizer$ConditionObject.awaitNanos(AbstractQueuedSynchronizer.java:1674)
        at java.base@17.0.12/java.util.concurrent.ArrayBlockingQueue.poll(ArrayBlockingQueue.java:435)
        at app//org.apache.ratis.server.impl.LeaderStateImpl$EventQueue.poll(LeaderStateImpl.java:164)
        at app//org.apache.ratis.server.impl.LeaderStateImpl$EventProcessor.run(LeaderStateImpl.java:766)
"IPC Server handler 43 on default port 15001" daemon prio=5 tid=229 timed_waiting
java.lang.Thread.State: TIMED_WAITING
        at java.base@17.0.12/jdk.internal.misc.Unsafe.park(Native Method)
        at java.base@17.0.12/java.util.concurrent.locks.LockSupport.parkNanos(LockSupport.java:252)
        at java.base@17.0.12/java.util.concurrent.locks.AbstractQueuedSynchronizer$ConditionObject.awaitNanos(AbstractQueuedSynchronizer.java:1674)
        at java.base@17.0.12/java.util.concurrent.LinkedBlockingQueue.poll(LinkedBlockingQueue.java:460)
        at app//org.apache.hadoop.ipc.CallQueueManager.take(CallQueueManager.java:317)
        at app//org.apache.hadoop.ipc.Server$Handler.run(Server.java:3014)
"Socket Reader #8 for port 15002"  prio=5 tid=41 runnable
java.lang.Thread.State: RUNNABLE
        at java.base@17.0.12/sun.nio.ch.EPoll.wait(Native Method)
        at java.base@17.0.12/sun.nio.ch.EPollSelectorImpl.doSelect(EPollSelectorImpl.java:118)
        at java.base@17.0.12/sun.nio.ch.SelectorImpl.lockAndDoSelect(SelectorImpl.java:129)
        at java.base@17.0.12/sun.nio.ch.SelectorImpl.select(SelectorImpl.java:146)
        at app//org.apache.hadoop.ipc.Server$Listener$Reader.doRunLoop(Server.java:1346)
        at app//org.apache.hadoop.ipc.Server$Listener$Reader.run(Server.java:1325)
"qtp1540025307-669-acceptor-0@22151d47-ServerConnector@736f0d1b{HTTP/1.1, (http/1.1)}{0.0.0.0:15045}" daemon prio=3 tid=669 runnable
java.lang.Thread.State: RUNNABLE
        at java.base@17.0.12/sun.nio.ch.Net.accept(Native Method)
        at java.base@17.0.12/sun.nio.ch.ServerSocketChannelImpl.implAccept(ServerSocketChannelImpl.java:425)
        at java.base@17.0.12/sun.nio.ch.ServerSocketChannelImpl.accept(ServerSocketChannelImpl.java:391)
        at app//org.eclipse.jetty.server.ServerConnector.accept(ServerConnector.java:388)
        at app//org.eclipse.jetty.server.AbstractConnector$Acceptor.run(AbstractConnector.java:704)
        at app//org.eclipse.jetty.util.thread.QueuedThreadPool.runJob(QueuedThreadPool.java:883)
        at app//org.eclipse.jetty.util.thread.QueuedThreadPool$Runner.run(QueuedThreadPool.java:1034)
        at java.base@17.0.12/java.lang.Thread.run(Thread.java:840)
"IPC Server handler 96 on default port 15000" daemon prio=5 tid=182 timed_waiting
java.lang.Thread.State: TIMED_WAITING
        at java.base@17.0.12/jdk.internal.misc.Unsafe.park(Native Method)
        at java.base@17.0.12/java.util.concurrent.locks.LockSupport.parkNanos(LockSupport.java:252)
        at java.base@17.0.12/java.util.concurrent.locks.AbstractQueuedSynchronizer$ConditionObject.awaitNanos(AbstractQueuedSynchronizer.java:1674)
        at java.base@17.0.12/java.util.concurrent.LinkedBlockingQueue.poll(LinkedBlockingQueue.java:460)
        at app//org.apache.hadoop.ipc.CallQueueManager.take(CallQueueManager.java:317)
        at app//org.apache.hadoop.ipc.Server$Handler.run(Server.java:3014)
"IPC Server handler 7 on default port 15001" daemon prio=5 tid=193 timed_waiting
java.lang.Thread.State: TIMED_WAITING
        at java.base@17.0.12/jdk.internal.misc.Unsafe.park(Native Method)
        at java.base@17.0.12/java.util.concurrent.locks.LockSupport.parkNanos(LockSupport.java:252)
        at java.base@17.0.12/java.util.concurrent.locks.AbstractQueuedSynchronizer$ConditionObject.awaitNanos(AbstractQueuedSynchronizer.java:1674)
        at java.base@17.0.12/java.util.concurrent.LinkedBlockingQueue.poll(LinkedBlockingQueue.java:460)
        at app//org.apache.hadoop.ipc.CallQueueManager.take(CallQueueManager.java:317)
        at app//org.apache.hadoop.ipc.Server$Handler.run(Server.java:3014)
"IPC Server handler 17 on default port 15002" daemon prio=5 tid=303 timed_waiting
java.lang.Thread.State: TIMED_WAITING
        at java.base@17.0.12/jdk.internal.misc.Unsafe.park(Native Method)
        at java.base@17.0.12/java.util.concurrent.locks.LockSupport.parkNanos(LockSupport.java:252)
        at java.base@17.0.12/java.util.concurrent.locks.AbstractQueuedSynchronizer$ConditionObject.awaitNanos(AbstractQueuedSynchronizer.java:1674)
        at java.base@17.0.12/java.util.concurrent.LinkedBlockingQueue.poll(LinkedBlockingQueue.java:460)
        at app//org.apache.hadoop.ipc.CallQueueManager.take(CallQueueManager.java:317)
        at app//org.apache.hadoop.ipc.Server$Handler.run(Server.java:3014)
"9d1f9f5c-07b4-413f-b8b0-69aa045119d7-DatanodeStateMachineTaskThread-1"  prio=5 tid=745 in Object.wait()
java.lang.Thread.State: WAITING (on object monitor)
        at java.base@17.0.12/jdk.internal.misc.Unsafe.park(Native Method)
        at java.base@17.0.12/java.util.concurrent.locks.LockSupport.park(LockSupport.java:341)
        at java.base@17.0.12/java.util.concurrent.locks.AbstractQueuedSynchronizer$ConditionNode.block(AbstractQueuedSynchronizer.java:506)
        at java.base@17.0.12/java.util.concurrent.ForkJoinPool.unmanagedBlock(ForkJoinPool.java:3465)
        at java.base@17.0.12/java.util.concurrent.ForkJoinPool.managedBlock(ForkJoinPool.java:3436)
        at java.base@17.0.12/java.util.concurrent.locks.AbstractQueuedSynchronizer$ConditionObject.await(AbstractQueuedSynchronizer.java:1625)
        at java.base@17.0.12/java.util.concurrent.LinkedBlockingQueue.take(LinkedBlockingQueue.java:435)
        at java.base@17.0.12/java.util.concurrent.ThreadPoolExecutor.getTask(ThreadPoolExecutor.java:1062)
        at java.base@17.0.12/java.util.concurrent.ThreadPoolExecutor.runWorker(ThreadPoolExecutor.java:1122)
        at java.base@17.0.12/java.util.concurrent.ThreadPoolExecutor$Worker.run(ThreadPoolExecutor.java:635)
        at java.base@17.0.12/java.lang.Thread.run(Thread.java:840)
"IPC Server handler 70 on default port 15000" daemon prio=5 tid=156 timed_waiting
java.lang.Thread.State: TIMED_WAITING
        at java.base@17.0.12/jdk.internal.misc.Unsafe.park(Native Method)
        at java.base@17.0.12/java.util.concurrent.locks.LockSupport.parkNanos(LockSupport.java:252)
        at java.base@17.0.12/java.util.concurrent.locks.AbstractQueuedSynchronizer$ConditionObject.awaitNanos(AbstractQueuedSynchronizer.java:1674)
        at java.base@17.0.12/java.util.concurrent.LinkedBlockingQueue.poll(LinkedBlockingQueue.java:460)
        at app//org.apache.hadoop.ipc.CallQueueManager.take(CallQueueManager.java:317)
        at app//org.apache.hadoop.ipc.Server$Handler.run(Server.java:3014)
"IPC Server handler 96 on default port 15002" daemon prio=5 tid=382 timed_waiting
java.lang.Thread.State: TIMED_WAITING
        at java.base@17.0.12/jdk.internal.misc.Unsafe.park(Native Method)
        at java.base@17.0.12/java.util.concurrent.locks.LockSupport.parkNanos(LockSupport.java:252)
        at java.base@17.0.12/java.util.concurrent.locks.AbstractQueuedSynchronizer$ConditionObject.awaitNanos(AbstractQueuedSynchronizer.java:1674)
        at java.base@17.0.12/java.util.concurrent.LinkedBlockingQueue.poll(LinkedBlockingQueue.java:460)
        at app//org.apache.hadoop.ipc.CallQueueManager.take(CallQueueManager.java:317)
        at app//org.apache.hadoop.ipc.Server$Handler.run(Server.java:3014)
"IPC Server handler 33 on default port 15000" daemon prio=5 tid=119 timed_waiting
java.lang.Thread.State: TIMED_WAITING
        at java.base@17.0.12/jdk.internal.misc.Unsafe.park(Native Method)
        at java.base@17.0.12/java.util.concurrent.locks.LockSupport.parkNanos(LockSupport.java:252)
        at java.base@17.0.12/java.util.concurrent.locks.AbstractQueuedSynchronizer$ConditionObject.awaitNanos(AbstractQueuedSynchronizer.java:1674)
        at java.base@17.0.12/java.util.concurrent.LinkedBlockingQueue.poll(LinkedBlockingQueue.java:460)
        at app//org.apache.hadoop.ipc.CallQueueManager.take(CallQueueManager.java:317)
        at app//org.apache.hadoop.ipc.Server$Handler.run(Server.java:3014)
"f3028915-7dd4-47fe-983a-636a8839ab96@group-B30E101814FB-SegmentedRaftLogWorker"  prio=5 tid=901 timed_waiting
java.lang.Thread.State: TIMED_WAITING
        at java.base@17.0.12/jdk.internal.misc.Unsafe.park(Native Method)
        at java.base@17.0.12/java.util.concurrent.locks.LockSupport.parkNanos(LockSupport.java:252)
        at java.base@17.0.12/java.util.concurrent.locks.AbstractQueuedSynchronizer$ConditionObject.awaitNanos(AbstractQueuedSynchronizer.java:1674)
        at app//org.apache.ratis.util.DataBlockingQueue.poll(DataBlockingQueue.java:148)
        at app//org.apache.ratis.server.raftlog.segmented.SegmentedRaftLogWorker.run(SegmentedRaftLogWorker.java:302)
        at app//org.apache.ratis.server.raftlog.segmented.SegmentedRaftLogWorker$$Lambda$1161/0x00007fba24719a20.run(Unknown Source)
        at java.base@17.0.12/java.util.concurrent.Executors$RunnableAdapter.call(Executors.java:539)
        at java.base@17.0.12/java.util.concurrent.FutureTask.run(FutureTask.java:264)
        at java.base@17.0.12/java.util.concurrent.ThreadPoolExecutor.runWorker(ThreadPoolExecutor.java:1136)
        at java.base@17.0.12/java.util.concurrent.ThreadPoolExecutor$Worker.run(ThreadPoolExecutor.java:635)
        at java.base@17.0.12/java.lang.Thread.run(Thread.java:840)
"IPC Server handler 26 on default port 15000" daemon prio=5 tid=112 timed_waiting
java.lang.Thread.State: TIMED_WAITING
        at java.base@17.0.12/jdk.internal.misc.Unsafe.park(Native Method)
        at java.base@17.0.12/java.util.concurrent.locks.LockSupport.parkNanos(LockSupport.java:252)
        at java.base@17.0.12/java.util.concurrent.locks.AbstractQueuedSynchronizer$ConditionObject.awaitNanos(AbstractQueuedSynchronizer.java:1674)
        at java.base@17.0.12/java.util.concurrent.LinkedBlockingQueue.poll(LinkedBlockingQueue.java:460)
        at app//org.apache.hadoop.ipc.CallQueueManager.take(CallQueueManager.java:317)
        at app//org.apache.hadoop.ipc.Server$Handler.run(Server.java:3014)
"IPC Server handler 52 on default port 15000" daemon prio=5 tid=138 timed_waiting
java.lang.Thread.State: TIMED_WAITING
        at java.base@17.0.12/jdk.internal.misc.Unsafe.park(Native Method)
        at java.base@17.0.12/java.util.concurrent.locks.LockSupport.parkNanos(LockSupport.java:252)
        at java.base@17.0.12/java.util.concurrent.locks.AbstractQueuedSynchronizer$ConditionObject.awaitNanos(AbstractQueuedSynchronizer.java:1674)
        at java.base@17.0.12/java.util.concurrent.LinkedBlockingQueue.poll(LinkedBlockingQueue.java:460)
        at app//org.apache.hadoop.ipc.CallQueueManager.take(CallQueueManager.java:317)
        at app//org.apache.hadoop.ipc.Server$Handler.run(Server.java:3014)
"IPC Server handler 11 on default port 15004" daemon prio=5 tid=464 timed_waiting
java.lang.Thread.State: TIMED_WAITING
        at java.base@17.0.12/jdk.internal.misc.Unsafe.park(Native Method)
        at java.base@17.0.12/java.util.concurrent.locks.LockSupport.parkNanos(LockSupport.java:252)
        at java.base@17.0.12/java.util.concurrent.locks.AbstractQueuedSynchronizer$ConditionObject.awaitNanos(AbstractQueuedSynchronizer.java:1674)
        at java.base@17.0.12/java.util.concurrent.LinkedBlockingQueue.poll(LinkedBlockingQueue.java:460)
        at app//org.apache.hadoop.ipc.CallQueueManager.take(CallQueueManager.java:317)
        at app//org.apache.hadoop.ipc.Server$Handler.run(Server.java:3014)
"9d1f9f5c-07b4-413f-b8b0-69aa045119d7@group-0DCCA2FB08E8-StateMachineUpdater" daemon prio=5 tid=897 timed_waiting
java.lang.Thread.State: TIMED_WAITING
        at java.base@17.0.12/jdk.internal.misc.Unsafe.park(Native Method)
        at java.base@17.0.12/java.util.concurrent.locks.LockSupport.parkNanos(LockSupport.java:252)
        at java.base@17.0.12/java.util.concurrent.locks.AbstractQueuedSynchronizer$ConditionObject.await(AbstractQueuedSynchronizer.java:1759)
        at app//org.apache.ratis.util.AwaitForSignal.await(AwaitForSignal.java:65)
        at app//org.apache.ratis.server.impl.StateMachineUpdater.waitForCommit(StateMachineUpdater.java:219)
        at app//org.apache.ratis.server.impl.StateMachineUpdater.run(StateMachineUpdater.java:187)
        at java.base@17.0.12/java.lang.Thread.run(Thread.java:840)
"org.apache.hadoop.ozone.container.common.statemachine.commandhandler.DeleteBlocksCommandHandler$DeleteCmdWorker@2affcf6b" daemon prio=5 tid=527 timed_waiting
java.lang.Thread.State: TIMED_WAITING
        at java.base@17.0.12/java.lang.Thread.sleep(Native Method)
        at app//org.apache.hadoop.ozone.container.common.statemachine.commandhandler.DeleteBlocksCommandHandler$DeleteCmdWorker.run(DeleteBlocksCommandHandler.java:259)
        at java.base@17.0.12/java.lang.Thread.run(Thread.java:840)
"qtp1911645398-579" daemon prio=5 tid=579 timed_waiting
java.lang.Thread.State: TIMED_WAITING
        at java.base@17.0.12/jdk.internal.misc.Unsafe.park(Native Method)
        at java.base@17.0.12/java.util.concurrent.locks.LockSupport.parkNanos(LockSupport.java:252)
        at java.base@17.0.12/java.util.concurrent.locks.AbstractQueuedSynchronizer$ConditionObject.awaitNanos(AbstractQueuedSynchronizer.java:1674)
        at app//org.eclipse.jetty.util.BlockingArrayQueue.poll(BlockingArrayQueue.java:382)
        at app//org.eclipse.jetty.util.thread.QueuedThreadPool$Runner.idleJobPoll(QueuedThreadPool.java:974)
        at app//org.eclipse.jetty.util.thread.QueuedThreadPool$Runner.run(QueuedThreadPool.java:1018)
        at java.base@17.0.12/java.lang.Thread.run(Thread.java:840)
"f3028915-7dd4-47fe-983a-636a8839ab96-BlockDeletingService#0" daemon prio=5 tid=777 timed_waiting
java.lang.Thread.State: TIMED_WAITING
        at java.base@17.0.12/jdk.internal.misc.Unsafe.park(Native Method)
        at java.base@17.0.12/java.util.concurrent.locks.LockSupport.parkNanos(LockSupport.java:252)
        at java.base@17.0.12/java.util.concurrent.locks.AbstractQueuedSynchronizer$ConditionObject.awaitNanos(AbstractQueuedSynchronizer.java:1674)
        at java.base@17.0.12/java.util.concurrent.ScheduledThreadPoolExecutor$DelayedWorkQueue.take(ScheduledThreadPoolExecutor.java:1182)
        at java.base@17.0.12/java.util.concurrent.ScheduledThreadPoolExecutor$DelayedWorkQueue.take(ScheduledThreadPoolExecutor.java:899)
        at java.base@17.0.12/java.util.concurrent.ThreadPoolExecutor.getTask(ThreadPoolExecutor.java:1062)
        at java.base@17.0.12/java.util.concurrent.ThreadPoolExecutor.runWorker(ThreadPoolExecutor.java:1122)
        at java.base@17.0.12/java.util.concurrent.ThreadPoolExecutor$Worker.run(ThreadPoolExecutor.java:635)
        at java.base@17.0.12/java.lang.Thread.run(Thread.java:840)
"timer0" daemon prio=5 tid=976 timed_waiting
java.lang.Thread.State: TIMED_WAITING
        at java.base@17.0.12/java.lang.Object.wait(Native Method)
        at java.base@17.0.12/java.util.TimerThread.mainLoop(Timer.java:563)
        at java.base@17.0.12/java.util.TimerThread.run(Timer.java:516)
"IPC Server handler 48 on default port 15000" daemon prio=5 tid=134 timed_waiting
java.lang.Thread.State: TIMED_WAITING
        at java.base@17.0.12/jdk.internal.misc.Unsafe.park(Native Method)
        at java.base@17.0.12/java.util.concurrent.locks.LockSupport.parkNanos(LockSupport.java:252)
        at java.base@17.0.12/java.util.concurrent.locks.AbstractQueuedSynchronizer$ConditionObject.awaitNanos(AbstractQueuedSynchronizer.java:1674)
        at java.base@17.0.12/java.util.concurrent.LinkedBlockingQueue.poll(LinkedBlockingQueue.java:460)
        at app//org.apache.hadoop.ipc.CallQueueManager.take(CallQueueManager.java:317)
        at app//org.apache.hadoop.ipc.Server$Handler.run(Server.java:3014)
"IPC Server handler 91 on default port 15002" daemon prio=5 tid=377 timed_waiting
java.lang.Thread.State: TIMED_WAITING
        at java.base@17.0.12/jdk.internal.misc.Unsafe.park(Native Method)
        at java.base@17.0.12/java.util.concurrent.locks.LockSupport.parkNanos(LockSupport.java:252)
        at java.base@17.0.12/java.util.concurrent.locks.AbstractQueuedSynchronizer$ConditionObject.awaitNanos(AbstractQueuedSynchronizer.java:1674)
        at java.base@17.0.12/java.util.concurrent.LinkedBlockingQueue.poll(LinkedBlockingQueue.java:460)
        at app//org.apache.hadoop.ipc.CallQueueManager.take(CallQueueManager.java:317)
        at app//org.apache.hadoop.ipc.Server$Handler.run(Server.java:3014)
"Socket Reader #5 for port 15028"  prio=5 tid=589 runnable
java.lang.Thread.State: RUNNABLE
        at java.base@17.0.12/sun.nio.ch.EPoll.wait(Native Method)
        at java.base@17.0.12/sun.nio.ch.EPollSelectorImpl.doSelect(EPollSelectorImpl.java:118)
        at java.base@17.0.12/sun.nio.ch.SelectorImpl.lockAndDoSelect(SelectorImpl.java:129)
        at java.base@17.0.12/sun.nio.ch.SelectorImpl.select(SelectorImpl.java:146)
        at app//org.apache.hadoop.ipc.Server$Listener$Reader.doRunLoop(Server.java:1346)
        at app//org.apache.hadoop.ipc.Server$Listener$Reader.run(Server.java:1325)
"IPC Server handler 92 on default port 15000" daemon prio=5 tid=178 timed_waiting
java.lang.Thread.State: TIMED_WAITING
        at java.base@17.0.12/jdk.internal.misc.Unsafe.park(Native Method)
        at java.base@17.0.12/java.util.concurrent.locks.LockSupport.parkNanos(LockSupport.java:252)
        at java.base@17.0.12/java.util.concurrent.locks.AbstractQueuedSynchronizer$ConditionObject.awaitNanos(AbstractQueuedSynchronizer.java:1674)
        at java.base@17.0.12/java.util.concurrent.LinkedBlockingQueue.poll(LinkedBlockingQueue.java:460)
        at app//org.apache.hadoop.ipc.CallQueueManager.take(CallQueueManager.java:317)
        at app//org.apache.hadoop.ipc.Server$Handler.run(Server.java:3014)
"IPC Server handler 14 on default port 15001" daemon prio=5 tid=200 timed_waiting
java.lang.Thread.State: TIMED_WAITING
        at java.base@17.0.12/jdk.internal.misc.Unsafe.park(Native Method)
        at java.base@17.0.12/java.util.concurrent.locks.LockSupport.parkNanos(LockSupport.java:252)
        at java.base@17.0.12/java.util.concurrent.locks.AbstractQueuedSynchronizer$ConditionObject.awaitNanos(AbstractQueuedSynchronizer.java:1674)
        at java.base@17.0.12/java.util.concurrent.LinkedBlockingQueue.poll(LinkedBlockingQueue.java:460)
        at app//org.apache.hadoop.ipc.CallQueueManager.take(CallQueueManager.java:317)
        at app//org.apache.hadoop.ipc.Server$Handler.run(Server.java:3014)
"LeakDetector-ManagedRocksObject0" daemon prio=5 tid=24 in Object.wait()
java.lang.Thread.State: WAITING (on object monitor)
        at java.base@17.0.12/java.lang.Object.wait(Native Method)
        at java.base@17.0.12/java.lang.ref.ReferenceQueue.remove(ReferenceQueue.java:155)
        at java.base@17.0.12/java.lang.ref.ReferenceQueue.remove(ReferenceQueue.java:176)
        at app//org.apache.hadoop.hdds.utils.LeakDetector.run(LeakDetector.java:80)
        at app//org.apache.hadoop.hdds.utils.LeakDetector$$Lambda$590/0x00007fba24291610.run(Unknown Source)
        at java.base@17.0.12/java.lang.Thread.run(Thread.java:840)
"IPC Server handler 65 on default port 15000" daemon prio=5 tid=151 timed_waiting
java.lang.Thread.State: TIMED_WAITING
        at java.base@17.0.12/jdk.internal.misc.Unsafe.park(Native Method)
        at java.base@17.0.12/java.util.concurrent.locks.LockSupport.parkNanos(LockSupport.java:252)
        at java.base@17.0.12/java.util.concurrent.locks.AbstractQueuedSynchronizer$ConditionObject.awaitNanos(AbstractQueuedSynchronizer.java:1674)
        at java.base@17.0.12/java.util.concurrent.LinkedBlockingQueue.poll(LinkedBlockingQueue.java:460)
        at app//org.apache.hadoop.ipc.CallQueueManager.take(CallQueueManager.java:317)
        at app//org.apache.hadoop.ipc.Server$Handler.run(Server.java:3014)
"qtp1540025307-673" daemon prio=5 tid=673 timed_waiting
java.lang.Thread.State: TIMED_WAITING
        at java.base@17.0.12/jdk.internal.misc.Unsafe.park(Native Method)
        at java.base@17.0.12/java.util.concurrent.locks.LockSupport.parkNanos(LockSupport.java:252)
        at java.base@17.0.12/java.util.concurrent.locks.AbstractQueuedSynchronizer$ConditionObject.awaitNanos(AbstractQueuedSynchronizer.java:1674)
        at app//org.eclipse.jetty.util.BlockingArrayQueue.poll(BlockingArrayQueue.java:382)
        at app//org.eclipse.jetty.util.thread.QueuedThreadPool$Runner.idleJobPoll(QueuedThreadPool.java:974)
        at app//org.eclipse.jetty.util.thread.QueuedThreadPool$Runner.run(QueuedThreadPool.java:1018)
        at java.base@17.0.12/java.lang.Thread.run(Thread.java:840)
"IPC Server listener on 15002" daemon prio=5 tid=33 runnable
java.lang.Thread.State: RUNNABLE
        at java.base@17.0.12/sun.nio.ch.EPoll.wait(Native Method)
        at java.base@17.0.12/sun.nio.ch.EPollSelectorImpl.doSelect(EPollSelectorImpl.java:118)
        at java.base@17.0.12/sun.nio.ch.SelectorImpl.lockAndDoSelect(SelectorImpl.java:129)
        at java.base@17.0.12/sun.nio.ch.SelectorImpl.select(SelectorImpl.java:146)
        at app//org.apache.hadoop.ipc.Server$Listener.run(Server.java:1408)
"JvmPauseMonitor5" daemon prio=5 tid=775 timed_waiting
java.lang.Thread.State: TIMED_WAITING
        at java.base@17.0.12/java.lang.Thread.sleep(Native Method)
        at java.base@17.0.12/java.lang.Thread.sleep(Thread.java:344)
        at java.base@17.0.12/java.util.concurrent.TimeUnit.sleep(TimeUnit.java:446)
        at app//org.apache.ratis.util.TimeDuration.sleep(TimeDuration.java:353)
        at app//org.apache.ratis.util.TimeDuration.sleep(TimeDuration.java:338)
        at app//org.apache.ratis.util.JvmPauseMonitor.detectPause(JvmPauseMonitor.java:160)
        at app//org.apache.ratis.util.JvmPauseMonitor.run(JvmPauseMonitor.java:149)
        at app//org.apache.ratis.util.JvmPauseMonitor$$Lambda$777/0x00007fba244e11b8.run(Unknown Source)
        at java.base@17.0.12/java.lang.Thread.run(Thread.java:840)
"pool-154-thread-1"  prio=5 tid=620 timed_waiting
java.lang.Thread.State: TIMED_WAITING
        at java.base@17.0.12/jdk.internal.misc.Unsafe.park(Native Method)
        at java.base@17.0.12/java.util.concurrent.locks.LockSupport.parkNanos(LockSupport.java:252)
        at java.base@17.0.12/java.util.concurrent.locks.AbstractQueuedSynchronizer$ConditionObject.awaitNanos(AbstractQueuedSynchronizer.java:1674)
        at java.base@17.0.12/java.util.concurrent.ScheduledThreadPoolExecutor$DelayedWorkQueue.take(ScheduledThreadPoolExecutor.java:1182)
        at java.base@17.0.12/java.util.concurrent.ScheduledThreadPoolExecutor$DelayedWorkQueue.take(ScheduledThreadPoolExecutor.java:899)
        at java.base@17.0.12/java.util.concurrent.ThreadPoolExecutor.getTask(ThreadPoolExecutor.java:1062)
        at java.base@17.0.12/java.util.concurrent.ThreadPoolExecutor.runWorker(ThreadPoolExecutor.java:1122)
        at java.base@17.0.12/java.util.concurrent.ThreadPoolExecutor$Worker.run(ThreadPoolExecutor.java:635)
        at java.base@17.0.12/java.lang.Thread.run(Thread.java:840)
"IPC Server handler 78 on default port 15002" daemon prio=5 tid=364 timed_waiting
java.lang.Thread.State: TIMED_WAITING
        at java.base@17.0.12/jdk.internal.misc.Unsafe.park(Native Method)
        at java.base@17.0.12/java.util.concurrent.locks.LockSupport.parkNanos(LockSupport.java:252)
        at java.base@17.0.12/java.util.concurrent.locks.AbstractQueuedSynchronizer$ConditionObject.awaitNanos(AbstractQueuedSynchronizer.java:1674)
        at java.base@17.0.12/java.util.concurrent.LinkedBlockingQueue.poll(LinkedBlockingQueue.java:460)
        at app//org.apache.hadoop.ipc.CallQueueManager.take(CallQueueManager.java:317)
        at app//org.apache.hadoop.ipc.Server$Handler.run(Server.java:3014)
"Socket Reader #10 for port 15037"  prio=5 tid=640 runnable
java.lang.Thread.State: RUNNABLE
        at java.base@17.0.12/sun.nio.ch.EPoll.wait(Native Method)
        at java.base@17.0.12/sun.nio.ch.EPollSelectorImpl.doSelect(EPollSelectorImpl.java:118)
        at java.base@17.0.12/sun.nio.ch.SelectorImpl.lockAndDoSelect(SelectorImpl.java:129)
        at java.base@17.0.12/sun.nio.ch.SelectorImpl.select(SelectorImpl.java:146)
        at app//org.apache.hadoop.ipc.Server$Listener$Reader.doRunLoop(Server.java:1346)
        at app//org.apache.hadoop.ipc.Server$Listener$Reader.run(Server.java:1325)
"IPC Server handler 54 on default port 15000" daemon prio=5 tid=140 timed_waiting
java.lang.Thread.State: TIMED_WAITING
        at java.base@17.0.12/jdk.internal.misc.Unsafe.park(Native Method)
        at java.base@17.0.12/java.util.concurrent.locks.LockSupport.parkNanos(LockSupport.java:252)
        at java.base@17.0.12/java.util.concurrent.locks.AbstractQueuedSynchronizer$ConditionObject.awaitNanos(AbstractQueuedSynchronizer.java:1674)
        at java.base@17.0.12/java.util.concurrent.LinkedBlockingQueue.poll(LinkedBlockingQueue.java:460)
        at app//org.apache.hadoop.ipc.CallQueueManager.take(CallQueueManager.java:317)
        at app//org.apache.hadoop.ipc.Server$Handler.run(Server.java:3014)
"IPC Server handler 85 on default port 15001" daemon prio=5 tid=271 timed_waiting
java.lang.Thread.State: TIMED_WAITING
        at java.base@17.0.12/jdk.internal.misc.Unsafe.park(Native Method)
        at java.base@17.0.12/java.util.concurrent.locks.LockSupport.parkNanos(LockSupport.java:252)
        at java.base@17.0.12/java.util.concurrent.locks.AbstractQueuedSynchronizer$ConditionObject.awaitNanos(AbstractQueuedSynchronizer.java:1674)
        at java.base@17.0.12/java.util.concurrent.LinkedBlockingQueue.poll(LinkedBlockingQueue.java:460)
        at app//org.apache.hadoop.ipc.CallQueueManager.take(CallQueueManager.java:317)
        at app//org.apache.hadoop.ipc.Server$Handler.run(Server.java:3014)
"IPC Server handler 94 on default port 15000" daemon prio=5 tid=180 timed_waiting
java.lang.Thread.State: TIMED_WAITING
        at java.base@17.0.12/jdk.internal.misc.Unsafe.park(Native Method)
        at java.base@17.0.12/java.util.concurrent.locks.LockSupport.parkNanos(LockSupport.java:252)
        at java.base@17.0.12/java.util.concurrent.locks.AbstractQueuedSynchronizer$ConditionObject.awaitNanos(AbstractQueuedSynchronizer.java:1674)
        at java.base@17.0.12/java.util.concurrent.LinkedBlockingQueue.poll(LinkedBlockingQueue.java:460)
        at app//org.apache.hadoop.ipc.CallQueueManager.take(CallQueueManager.java:317)
        at app//org.apache.hadoop.ipc.Server$Handler.run(Server.java:3014)
"grpc-default-worker-ELG-3-1" daemon prio=5 tid=818 runnable
java.lang.Thread.State: RUNNABLE
        at app//org.apache.ratis.thirdparty.io.netty.channel.epoll.Native.epollWait0(Native Method)
        at app//org.apache.ratis.thirdparty.io.netty.channel.epoll.Native.epollWait(Native.java:193)
        at app//org.apache.ratis.thirdparty.io.netty.channel.epoll.EpollEventLoop.epollWait(EpollEventLoop.java:304)
        at app//org.apache.ratis.thirdparty.io.netty.channel.epoll.EpollEventLoop.run(EpollEventLoop.java:368)
        at app//org.apache.ratis.thirdparty.io.netty.util.concurrent.SingleThreadEventExecutor$4.run(SingleThreadEventExecutor.java:997)
        at app//org.apache.ratis.thirdparty.io.netty.util.internal.ThreadExecutorMap$2.run(ThreadExecutorMap.java:74)
        at app//org.apache.ratis.thirdparty.io.netty.util.concurrent.FastThreadLocalRunnable.run(FastThreadLocalRunnable.java:30)
        at java.base@17.0.12/java.lang.Thread.run(Thread.java:840)
"IPC Server handler 18 on default port 15004" daemon prio=5 tid=471 timed_waiting
java.lang.Thread.State: TIMED_WAITING
        at java.base@17.0.12/jdk.internal.misc.Unsafe.park(Native Method)
        at java.base@17.0.12/java.util.concurrent.locks.LockSupport.parkNanos(LockSupport.java:252)
        at java.base@17.0.12/java.util.concurrent.locks.AbstractQueuedSynchronizer$ConditionObject.awaitNanos(AbstractQueuedSynchronizer.java:1674)
        at java.base@17.0.12/java.util.concurrent.LinkedBlockingQueue.poll(LinkedBlockingQueue.java:460)
        at app//org.apache.hadoop.ipc.CallQueueManager.take(CallQueueManager.java:317)
        at app//org.apache.hadoop.ipc.Server$Handler.run(Server.java:3014)
"qtp1540025307-670" daemon prio=5 tid=670 timed_waiting
java.lang.Thread.State: TIMED_WAITING
        at java.base@17.0.12/jdk.internal.misc.Unsafe.park(Native Method)
        at java.base@17.0.12/java.util.concurrent.locks.LockSupport.parkNanos(LockSupport.java:252)
        at java.base@17.0.12/java.util.concurrent.locks.AbstractQueuedSynchronizer$ConditionObject.awaitNanos(AbstractQueuedSynchronizer.java:1674)
        at app//org.eclipse.jetty.util.BlockingArrayQueue.poll(BlockingArrayQueue.java:382)
        at app//org.eclipse.jetty.util.thread.QueuedThreadPool$Runner.idleJobPoll(QueuedThreadPool.java:974)
        at app//org.eclipse.jetty.util.thread.QueuedThreadPool$Runner.run(QueuedThreadPool.java:1018)
        at java.base@17.0.12/java.lang.Thread.run(Thread.java:840)
"IPC Server handler 50 on default port 15000" daemon prio=5 tid=136 timed_waiting
java.lang.Thread.State: TIMED_WAITING
        at java.base@17.0.12/jdk.internal.misc.Unsafe.park(Native Method)
        at java.base@17.0.12/java.util.concurrent.locks.LockSupport.parkNanos(LockSupport.java:252)
        at java.base@17.0.12/java.util.concurrent.locks.AbstractQueuedSynchronizer$ConditionObject.awaitNanos(AbstractQueuedSynchronizer.java:1674)
        at java.base@17.0.12/java.util.concurrent.LinkedBlockingQueue.poll(LinkedBlockingQueue.java:460)
        at app//org.apache.hadoop.ipc.CallQueueManager.take(CallQueueManager.java:317)
        at app//org.apache.hadoop.ipc.Server$Handler.run(Server.java:3014)
"IPC Server handler 70 on default port 15001" daemon prio=5 tid=256 timed_waiting
java.lang.Thread.State: TIMED_WAITING
        at java.base@17.0.12/jdk.internal.misc.Unsafe.park(Native Method)
        at java.base@17.0.12/java.util.concurrent.locks.LockSupport.parkNanos(LockSupport.java:252)
        at java.base@17.0.12/java.util.concurrent.locks.AbstractQueuedSynchronizer$ConditionObject.awaitNanos(AbstractQueuedSynchronizer.java:1674)
        at java.base@17.0.12/java.util.concurrent.LinkedBlockingQueue.poll(LinkedBlockingQueue.java:460)
        at app//org.apache.hadoop.ipc.CallQueueManager.take(CallQueueManager.java:317)
        at app//org.apache.hadoop.ipc.Server$Handler.run(Server.java:3014)
"qtp576440022-627" daemon prio=5 tid=627 timed_waiting
java.lang.Thread.State: TIMED_WAITING
        at java.base@17.0.12/jdk.internal.misc.Unsafe.park(Native Method)
        at java.base@17.0.12/java.util.concurrent.locks.LockSupport.parkNanos(LockSupport.java:252)
        at java.base@17.0.12/java.util.concurrent.locks.AbstractQueuedSynchronizer$ConditionObject.awaitNanos(AbstractQueuedSynchronizer.java:1674)
        at app//org.eclipse.jetty.util.BlockingArrayQueue.poll(BlockingArrayQueue.java:382)
        at app//org.eclipse.jetty.util.thread.QueuedThreadPool$Runner.idleJobPoll(QueuedThreadPool.java:974)
        at app//org.eclipse.jetty.util.thread.QueuedThreadPool$Runner.run(QueuedThreadPool.java:1018)
        at java.base@17.0.12/java.lang.Thread.run(Thread.java:840)
"Socket Reader #3 for port 15004"  prio=5 tid=414 runnable
java.lang.Thread.State: RUNNABLE
        at java.base@17.0.12/sun.nio.ch.EPoll.wait(Native Method)
        at java.base@17.0.12/sun.nio.ch.EPollSelectorImpl.doSelect(EPollSelectorImpl.java:118)
        at java.base@17.0.12/sun.nio.ch.SelectorImpl.lockAndDoSelect(SelectorImpl.java:129)
        at java.base@17.0.12/sun.nio.ch.SelectorImpl.select(SelectorImpl.java:146)
        at app//org.apache.hadoop.ipc.Server$Listener$Reader.doRunLoop(Server.java:1346)
        at app//org.apache.hadoop.ipc.Server$Listener$Reader.run(Server.java:1325)
"IPC Server handler 65 on default port 15002" daemon prio=5 tid=351 timed_waiting
java.lang.Thread.State: TIMED_WAITING
        at java.base@17.0.12/jdk.internal.misc.Unsafe.park(Native Method)
        at java.base@17.0.12/java.util.concurrent.locks.LockSupport.parkNanos(LockSupport.java:252)
        at java.base@17.0.12/java.util.concurrent.locks.AbstractQueuedSynchronizer$ConditionObject.awaitNanos(AbstractQueuedSynchronizer.java:1674)
        at java.base@17.0.12/java.util.concurrent.LinkedBlockingQueue.poll(LinkedBlockingQueue.java:460)
        at app//org.apache.hadoop.ipc.CallQueueManager.take(CallQueueManager.java:317)
        at app//org.apache.hadoop.ipc.Server$Handler.run(Server.java:3014)
"StaleRecoveringContainerScrubbingService#1" daemon prio=5 tid=762 in Object.wait()
java.lang.Thread.State: WAITING (on object monitor)
        at java.base@17.0.12/jdk.internal.misc.Unsafe.park(Native Method)
        at java.base@17.0.12/java.util.concurrent.locks.LockSupport.park(LockSupport.java:341)
        at java.base@17.0.12/java.util.concurrent.locks.AbstractQueuedSynchronizer$ConditionNode.block(AbstractQueuedSynchronizer.java:506)
        at java.base@17.0.12/java.util.concurrent.ForkJoinPool.unmanagedBlock(ForkJoinPool.java:3465)
        at java.base@17.0.12/java.util.concurrent.ForkJoinPool.managedBlock(ForkJoinPool.java:3436)
        at java.base@17.0.12/java.util.concurrent.locks.AbstractQueuedSynchronizer$ConditionObject.await(AbstractQueuedSynchronizer.java:1625)
        at java.base@17.0.12/java.util.concurrent.ScheduledThreadPoolExecutor$DelayedWorkQueue.take(ScheduledThreadPoolExecutor.java:1177)
        at java.base@17.0.12/java.util.concurrent.ScheduledThreadPoolExecutor$DelayedWorkQueue.take(ScheduledThreadPoolExecutor.java:899)
        at java.base@17.0.12/java.util.concurrent.ThreadPoolExecutor.getTask(ThreadPoolExecutor.java:1062)
        at java.base@17.0.12/java.util.concurrent.ThreadPoolExecutor.runWorker(ThreadPoolExecutor.java:1122)
        at java.base@17.0.12/java.util.concurrent.ThreadPoolExecutor$Worker.run(ThreadPoolExecutor.java:635)
        at java.base@17.0.12/java.lang.Thread.run(Thread.java:840)
"9d1f9f5c-07b4-413f-b8b0-69aa045119d7-NettyServerStreamRpc-bossGroup--thread1"  prio=5 tid=571 runnable
java.lang.Thread.State: RUNNABLE
        at app//org.apache.ratis.thirdparty.io.netty.channel.epoll.Native.epollWait(Native Method)
        at app//org.apache.ratis.thirdparty.io.netty.channel.epoll.Native.epollWait(Native.java:220)
        at app//org.apache.ratis.thirdparty.io.netty.channel.epoll.Native.epollWait(Native.java:213)
        at app//org.apache.ratis.thirdparty.io.netty.channel.epoll.EpollEventLoop.epollWaitNoTimerChange(EpollEventLoop.java:308)
        at app//org.apache.ratis.thirdparty.io.netty.channel.epoll.EpollEventLoop.run(EpollEventLoop.java:365)
        at app//org.apache.ratis.thirdparty.io.netty.util.concurrent.SingleThreadEventExecutor$4.run(SingleThreadEventExecutor.java:997)
        at app//org.apache.ratis.thirdparty.io.netty.util.internal.ThreadExecutorMap$2.run(ThreadExecutorMap.java:74)
        at java.base@17.0.12/java.lang.Thread.run(Thread.java:840)
"IPC Server handler 40 on default port 15001" daemon prio=5 tid=226 timed_waiting
java.lang.Thread.State: TIMED_WAITING
        at java.base@17.0.12/jdk.internal.misc.Unsafe.park(Native Method)
        at java.base@17.0.12/java.util.concurrent.locks.LockSupport.parkNanos(LockSupport.java:252)
        at java.base@17.0.12/java.util.concurrent.locks.AbstractQueuedSynchronizer$ConditionObject.awaitNanos(AbstractQueuedSynchronizer.java:1674)
        at java.base@17.0.12/java.util.concurrent.LinkedBlockingQueue.poll(LinkedBlockingQueue.java:460)
        at app//org.apache.hadoop.ipc.CallQueueManager.take(CallQueueManager.java:317)
        at app//org.apache.hadoop.ipc.Server$Handler.run(Server.java:3014)
"18c2a24f-8a03-4916-b50c-e7c6140a9b01-BlockDeletingService#0" daemon prio=5 tid=795 timed_waiting
java.lang.Thread.State: TIMED_WAITING
        at java.base@17.0.12/jdk.internal.misc.Unsafe.park(Native Method)
        at java.base@17.0.12/java.util.concurrent.locks.LockSupport.parkNanos(LockSupport.java:252)
        at java.base@17.0.12/java.util.concurrent.locks.AbstractQueuedSynchronizer$ConditionObject.awaitNanos(AbstractQueuedSynchronizer.java:1674)
        at java.base@17.0.12/java.util.concurrent.ScheduledThreadPoolExecutor$DelayedWorkQueue.take(ScheduledThreadPoolExecutor.java:1182)
        at java.base@17.0.12/java.util.concurrent.ScheduledThreadPoolExecutor$DelayedWorkQueue.take(ScheduledThreadPoolExecutor.java:899)
        at java.base@17.0.12/java.util.concurrent.ThreadPoolExecutor.getTask(ThreadPoolExecutor.java:1062)
        at java.base@17.0.12/java.util.concurrent.ThreadPoolExecutor.runWorker(ThreadPoolExecutor.java:1122)
        at java.base@17.0.12/java.util.concurrent.ThreadPoolExecutor$Worker.run(ThreadPoolExecutor.java:635)
        at java.base@17.0.12/java.lang.Thread.run(Thread.java:840)
"IPC Server handler 53 on default port 15001" daemon prio=5 tid=239 timed_waiting
java.lang.Thread.State: TIMED_WAITING
        at java.base@17.0.12/jdk.internal.misc.Unsafe.park(Native Method)
        at java.base@17.0.12/java.util.concurrent.locks.LockSupport.parkNanos(LockSupport.java:252)
        at java.base@17.0.12/java.util.concurrent.locks.AbstractQueuedSynchronizer$ConditionObject.awaitNanos(AbstractQueuedSynchronizer.java:1674)
        at java.base@17.0.12/java.util.concurrent.LinkedBlockingQueue.poll(LinkedBlockingQueue.java:460)
        at app//org.apache.hadoop.ipc.CallQueueManager.take(CallQueueManager.java:317)
        at app//org.apache.hadoop.ipc.Server$Handler.run(Server.java:3014)
"JvmPauseMonitor0" daemon prio=5 tid=388 timed_waiting
java.lang.Thread.State: TIMED_WAITING
        at java.base@17.0.12/java.lang.Thread.sleep(Native Method)
        at java.base@17.0.12/java.lang.Thread.sleep(Thread.java:344)
        at java.base@17.0.12/java.util.concurrent.TimeUnit.sleep(TimeUnit.java:446)
        at app//org.apache.ratis.util.TimeDuration.sleep(TimeDuration.java:353)
        at app//org.apache.ratis.util.TimeDuration.sleep(TimeDuration.java:338)
        at app//org.apache.ratis.util.JvmPauseMonitor.detectPause(JvmPauseMonitor.java:160)
        at app//org.apache.ratis.util.JvmPauseMonitor.run(JvmPauseMonitor.java:149)
        at app//org.apache.ratis.util.JvmPauseMonitor$$Lambda$777/0x00007fba244e11b8.run(Unknown Source)
        at java.base@17.0.12/java.lang.Thread.run(Thread.java:840)
"IPC Server handler 66 on default port 15000" daemon prio=5 tid=152 timed_waiting
java.lang.Thread.State: TIMED_WAITING
        at java.base@17.0.12/jdk.internal.misc.Unsafe.park(Native Method)
        at java.base@17.0.12/java.util.concurrent.locks.LockSupport.parkNanos(LockSupport.java:252)
        at java.base@17.0.12/java.util.concurrent.locks.AbstractQueuedSynchronizer$ConditionObject.awaitNanos(AbstractQueuedSynchronizer.java:1674)
        at java.base@17.0.12/java.util.concurrent.LinkedBlockingQueue.poll(LinkedBlockingQueue.java:460)
        at app//org.apache.hadoop.ipc.CallQueueManager.take(CallQueueManager.java:317)
        at app//org.apache.hadoop.ipc.Server$Handler.run(Server.java:3014)
"IPC Server handler 58 on default port 15001" daemon prio=5 tid=244 timed_waiting
java.lang.Thread.State: TIMED_WAITING
        at java.base@17.0.12/jdk.internal.misc.Unsafe.park(Native Method)
        at java.base@17.0.12/java.util.concurrent.locks.LockSupport.parkNanos(LockSupport.java:252)
        at java.base@17.0.12/java.util.concurrent.locks.AbstractQueuedSynchronizer$ConditionObject.awaitNanos(AbstractQueuedSynchronizer.java:1674)
        at java.base@17.0.12/java.util.concurrent.LinkedBlockingQueue.poll(LinkedBlockingQueue.java:460)
        at app//org.apache.hadoop.ipc.CallQueueManager.take(CallQueueManager.java:317)
        at app//org.apache.hadoop.ipc.Server$Handler.run(Server.java:3014)
"IPC Server handler 22 on default port 15001" daemon prio=5 tid=208 timed_waiting
java.lang.Thread.State: TIMED_WAITING
        at java.base@17.0.12/jdk.internal.misc.Unsafe.park(Native Method)
        at java.base@17.0.12/java.util.concurrent.locks.LockSupport.parkNanos(LockSupport.java:252)
        at java.base@17.0.12/java.util.concurrent.locks.AbstractQueuedSynchronizer$ConditionObject.awaitNanos(AbstractQueuedSynchronizer.java:1674)
        at java.base@17.0.12/java.util.concurrent.LinkedBlockingQueue.poll(LinkedBlockingQueue.java:460)
        at app//org.apache.hadoop.ipc.CallQueueManager.take(CallQueueManager.java:317)
        at app//org.apache.hadoop.ipc.Server$Handler.run(Server.java:3014)
"IPC Server handler 54 on default port 15001" daemon prio=5 tid=240 timed_waiting
java.lang.Thread.State: TIMED_WAITING
        at java.base@17.0.12/jdk.internal.misc.Unsafe.park(Native Method)
        at java.base@17.0.12/java.util.concurrent.locks.LockSupport.parkNanos(LockSupport.java:252)
        at java.base@17.0.12/java.util.concurrent.locks.AbstractQueuedSynchronizer$ConditionObject.awaitNanos(AbstractQueuedSynchronizer.java:1674)
        at java.base@17.0.12/java.util.concurrent.LinkedBlockingQueue.poll(LinkedBlockingQueue.java:460)
        at app//org.apache.hadoop.ipc.CallQueueManager.take(CallQueueManager.java:317)
        at app//org.apache.hadoop.ipc.Server$Handler.run(Server.java:3014)
"IPC Server handler 5 on default port 15004" daemon prio=5 tid=458 timed_waiting
java.lang.Thread.State: TIMED_WAITING
        at java.base@17.0.12/jdk.internal.misc.Unsafe.park(Native Method)
        at java.base@17.0.12/java.util.concurrent.locks.LockSupport.parkNanos(LockSupport.java:252)
        at java.base@17.0.12/java.util.concurrent.locks.AbstractQueuedSynchronizer$ConditionObject.awaitNanos(AbstractQueuedSynchronizer.java:1674)
        at java.base@17.0.12/java.util.concurrent.LinkedBlockingQueue.poll(LinkedBlockingQueue.java:460)
        at app//org.apache.hadoop.ipc.CallQueueManager.take(CallQueueManager.java:317)
        at app//org.apache.hadoop.ipc.Server$Handler.run(Server.java:3014)
"IPC Server handler 37 on default port 15000" daemon prio=5 tid=123 timed_waiting
java.lang.Thread.State: TIMED_WAITING
        at java.base@17.0.12/jdk.internal.misc.Unsafe.park(Native Method)
        at java.base@17.0.12/java.util.concurrent.locks.LockSupport.parkNanos(LockSupport.java:252)
        at java.base@17.0.12/java.util.concurrent.locks.AbstractQueuedSynchronizer$ConditionObject.awaitNanos(AbstractQueuedSynchronizer.java:1674)
        at java.base@17.0.12/java.util.concurrent.LinkedBlockingQueue.poll(LinkedBlockingQueue.java:460)
        at app//org.apache.hadoop.ipc.CallQueueManager.take(CallQueueManager.java:317)
        at app//org.apache.hadoop.ipc.Server$Handler.run(Server.java:3014)
"IPC Server handler 64 on default port 15000" daemon prio=5 tid=150 timed_waiting
java.lang.Thread.State: TIMED_WAITING
        at java.base@17.0.12/jdk.internal.misc.Unsafe.park(Native Method)
        at java.base@17.0.12/java.util.concurrent.locks.LockSupport.parkNanos(LockSupport.java:252)
        at java.base@17.0.12/java.util.concurrent.locks.AbstractQueuedSynchronizer$ConditionObject.awaitNanos(AbstractQueuedSynchronizer.java:1674)
        at java.base@17.0.12/java.util.concurrent.LinkedBlockingQueue.poll(LinkedBlockingQueue.java:460)
        at app//org.apache.hadoop.ipc.CallQueueManager.take(CallQueueManager.java:317)
        at app//org.apache.hadoop.ipc.Server$Handler.run(Server.java:3014)
"18c2a24f-8a03-4916-b50c-e7c6140a9b01-DatanodeStateMachineDaemonThread" daemon prio=5 tid=700 timed_waiting
java.lang.Thread.State: TIMED_WAITING
        at java.base@17.0.12/java.lang.Thread.sleep(Native Method)
        at app//org.apache.hadoop.ozone.container.common.statemachine.DatanodeStateMachine.startStateMachineThread(DatanodeStateMachine.java:359)
        at app//org.apache.hadoop.ozone.container.common.statemachine.DatanodeStateMachine.lambda$startDaemon$1(DatanodeStateMachine.java:545)
        at app//org.apache.hadoop.ozone.container.common.statemachine.DatanodeStateMachine$$Lambda$1415/0x00007fba24930ca0.run(Unknown Source)
        at java.base@17.0.12/java.lang.Thread.run(Thread.java:840)
"IPC Client (885186621) connection to 0.0.0.0/0.0.0.0:15002 from runner" daemon prio=5 tid=709 timed_waiting
java.lang.Thread.State: TIMED_WAITING
        at java.base@17.0.12/java.lang.Object.wait(Native Method)
        at app//org.apache.hadoop.ipc.Client$Connection.waitForWork(Client.java:1026)
        at app//org.apache.hadoop.ipc.Client$Connection.run(Client.java:1077)
"qtp576440022-624" daemon prio=5 tid=624 timed_waiting
java.lang.Thread.State: TIMED_WAITING
        at java.base@17.0.12/jdk.internal.misc.Unsafe.park(Native Method)
        at java.base@17.0.12/java.util.concurrent.locks.LockSupport.parkNanos(LockSupport.java:252)
        at java.base@17.0.12/java.util.concurrent.locks.AbstractQueuedSynchronizer$ConditionObject.awaitNanos(AbstractQueuedSynchronizer.java:1674)
        at app//org.eclipse.jetty.util.BlockingArrayQueue.poll(BlockingArrayQueue.java:382)
        at app//org.eclipse.jetty.util.thread.QueuedThreadPool$Runner.idleJobPoll(QueuedThreadPool.java:974)
        at app//org.eclipse.jetty.util.thread.QueuedThreadPool$Runner.run(QueuedThreadPool.java:1018)
        at java.base@17.0.12/java.lang.Thread.run(Thread.java:840)
"pool-87-thread-1" daemon prio=5 tid=732 timed_waiting
java.lang.Thread.State: TIMED_WAITING
        at java.base@17.0.12/jdk.internal.misc.Unsafe.park(Native Method)
        at java.base@17.0.12/java.util.concurrent.locks.LockSupport.parkNanos(LockSupport.java:252)
        at java.base@17.0.12/java.util.concurrent.locks.AbstractQueuedSynchronizer$ConditionObject.awaitNanos(AbstractQueuedSynchronizer.java:1674)
        at java.base@17.0.12/java.util.concurrent.ScheduledThreadPoolExecutor$DelayedWorkQueue.take(ScheduledThreadPoolExecutor.java:1182)
        at java.base@17.0.12/java.util.concurrent.ScheduledThreadPoolExecutor$DelayedWorkQueue.take(ScheduledThreadPoolExecutor.java:899)
        at java.base@17.0.12/java.util.concurrent.ThreadPoolExecutor.getTask(ThreadPoolExecutor.java:1062)
        at java.base@17.0.12/java.util.concurrent.ThreadPoolExecutor.runWorker(ThreadPoolExecutor.java:1122)
        at java.base@17.0.12/java.util.concurrent.ThreadPoolExecutor$Worker.run(ThreadPoolExecutor.java:635)
        at java.base@17.0.12/java.lang.Thread.run(Thread.java:840)
"IPC Server handler 68 on default port 15001" daemon prio=5 tid=254 timed_waiting
java.lang.Thread.State: TIMED_WAITING
        at java.base@17.0.12/jdk.internal.misc.Unsafe.park(Native Method)
        at java.base@17.0.12/java.util.concurrent.locks.LockSupport.parkNanos(LockSupport.java:252)
        at java.base@17.0.12/java.util.concurrent.locks.AbstractQueuedSynchronizer$ConditionObject.awaitNanos(AbstractQueuedSynchronizer.java:1674)
        at java.base@17.0.12/java.util.concurrent.LinkedBlockingQueue.poll(LinkedBlockingQueue.java:460)
        at app//org.apache.hadoop.ipc.CallQueueManager.take(CallQueueManager.java:317)
        at app//org.apache.hadoop.ipc.Server$Handler.run(Server.java:3014)
"IPC Server handler 5 on default port 15028" daemon prio=5 tid=603 timed_waiting
java.lang.Thread.State: TIMED_WAITING
        at java.base@17.0.12/jdk.internal.misc.Unsafe.park(Native Method)
        at java.base@17.0.12/java.util.concurrent.locks.LockSupport.parkNanos(LockSupport.java:252)
        at java.base@17.0.12/java.util.concurrent.locks.AbstractQueuedSynchronizer$ConditionObject.awaitNanos(AbstractQueuedSynchronizer.java:1674)
        at java.base@17.0.12/java.util.concurrent.LinkedBlockingQueue.poll(LinkedBlockingQueue.java:460)
        at app//org.apache.hadoop.ipc.CallQueueManager.take(CallQueueManager.java:317)
        at app//org.apache.hadoop.ipc.Server$Handler.run(Server.java:3014)
"IPC Server handler 11 on default port 15001" daemon prio=5 tid=197 timed_waiting
java.lang.Thread.State: TIMED_WAITING
        at java.base@17.0.12/jdk.internal.misc.Unsafe.park(Native Method)
        at java.base@17.0.12/java.util.concurrent.locks.LockSupport.parkNanos(LockSupport.java:252)
        at java.base@17.0.12/java.util.concurrent.locks.AbstractQueuedSynchronizer$ConditionObject.awaitNanos(AbstractQueuedSynchronizer.java:1674)
        at java.base@17.0.12/java.util.concurrent.LinkedBlockingQueue.poll(LinkedBlockingQueue.java:460)
        at app//org.apache.hadoop.ipc.CallQueueManager.take(CallQueueManager.java:317)
        at app//org.apache.hadoop.ipc.Server$Handler.run(Server.java:3014)
"IPC Server handler 9 on default port 15004" daemon prio=5 tid=462 timed_waiting
java.lang.Thread.State: TIMED_WAITING
        at java.base@17.0.12/jdk.internal.misc.Unsafe.park(Native Method)
        at java.base@17.0.12/java.util.concurrent.locks.LockSupport.parkNanos(LockSupport.java:252)
        at java.base@17.0.12/java.util.concurrent.locks.AbstractQueuedSynchronizer$ConditionObject.awaitNanos(AbstractQueuedSynchronizer.java:1674)
        at java.base@17.0.12/java.util.concurrent.LinkedBlockingQueue.poll(LinkedBlockingQueue.java:460)
        at app//org.apache.hadoop.ipc.CallQueueManager.take(CallQueueManager.java:317)
        at app//org.apache.hadoop.ipc.Server$Handler.run(Server.java:3014)
"IPC Server handler 6 on default port 15019" daemon prio=5 tid=558 timed_waiting
java.lang.Thread.State: TIMED_WAITING
        at java.base@17.0.12/jdk.internal.misc.Unsafe.park(Native Method)
        at java.base@17.0.12/java.util.concurrent.locks.LockSupport.parkNanos(LockSupport.java:252)
        at java.base@17.0.12/java.util.concurrent.locks.AbstractQueuedSynchronizer$ConditionObject.awaitNanos(AbstractQueuedSynchronizer.java:1674)
        at java.base@17.0.12/java.util.concurrent.LinkedBlockingQueue.poll(LinkedBlockingQueue.java:460)
        at app//org.apache.hadoop.ipc.CallQueueManager.take(CallQueueManager.java:317)
        at app//org.apache.hadoop.ipc.Server$Handler.run(Server.java:3014)
"9d1f9f5c-07b4-413f-b8b0-69aa045119d7-DatanodeStateMachineTaskThread-0"  prio=5 tid=614 in Object.wait()
java.lang.Thread.State: WAITING (on object monitor)
        at java.base@17.0.12/jdk.internal.misc.Unsafe.park(Native Method)
        at java.base@17.0.12/java.util.concurrent.locks.LockSupport.park(LockSupport.java:341)
        at java.base@17.0.12/java.util.concurrent.locks.AbstractQueuedSynchronizer$ConditionNode.block(AbstractQueuedSynchronizer.java:506)
        at java.base@17.0.12/java.util.concurrent.ForkJoinPool.unmanagedBlock(ForkJoinPool.java:3465)
        at java.base@17.0.12/java.util.concurrent.ForkJoinPool.managedBlock(ForkJoinPool.java:3436)
        at java.base@17.0.12/java.util.concurrent.locks.AbstractQueuedSynchronizer$ConditionObject.await(AbstractQueuedSynchronizer.java:1625)
        at java.base@17.0.12/java.util.concurrent.LinkedBlockingQueue.take(LinkedBlockingQueue.java:435)
        at java.base@17.0.12/java.util.concurrent.ThreadPoolExecutor.getTask(ThreadPoolExecutor.java:1062)
        at java.base@17.0.12/java.util.concurrent.ThreadPoolExecutor.runWorker(ThreadPoolExecutor.java:1122)
        at java.base@17.0.12/java.util.concurrent.ThreadPoolExecutor$Worker.run(ThreadPoolExecutor.java:635)
        at java.base@17.0.12/java.lang.Thread.run(Thread.java:840)
"Socket Reader #1 for port 15002"  prio=5 tid=34 runnable
java.lang.Thread.State: RUNNABLE
        at java.base@17.0.12/sun.nio.ch.EPoll.wait(Native Method)
        at java.base@17.0.12/sun.nio.ch.EPollSelectorImpl.doSelect(EPollSelectorImpl.java:118)
        at java.base@17.0.12/sun.nio.ch.SelectorImpl.lockAndDoSelect(SelectorImpl.java:129)
        at java.base@17.0.12/sun.nio.ch.SelectorImpl.select(SelectorImpl.java:146)
        at app//org.apache.hadoop.ipc.Server$Listener$Reader.doRunLoop(Server.java:1346)
        at app//org.apache.hadoop.ipc.Server$Listener$Reader.run(Server.java:1325)
"IPC Server handler 10 on default port 15002" daemon prio=5 tid=296 timed_waiting
java.lang.Thread.State: TIMED_WAITING
        at java.base@17.0.12/jdk.internal.misc.Unsafe.park(Native Method)
        at java.base@17.0.12/java.util.concurrent.locks.LockSupport.parkNanos(LockSupport.java:252)
        at java.base@17.0.12/java.util.concurrent.locks.AbstractQueuedSynchronizer$ConditionObject.awaitNanos(AbstractQueuedSynchronizer.java:1674)
        at java.base@17.0.12/java.util.concurrent.LinkedBlockingQueue.poll(LinkedBlockingQueue.java:460)
        at app//org.apache.hadoop.ipc.CallQueueManager.take(CallQueueManager.java:317)
        at app//org.apache.hadoop.ipc.Server$Handler.run(Server.java:3014)
"IPC Server handler 0 on default port 15028" daemon prio=5 tid=598 timed_waiting
java.lang.Thread.State: TIMED_WAITING
        at java.base@17.0.12/jdk.internal.misc.Unsafe.park(Native Method)
        at java.base@17.0.12/java.util.concurrent.locks.LockSupport.parkNanos(LockSupport.java:252)
        at java.base@17.0.12/java.util.concurrent.locks.AbstractQueuedSynchronizer$ConditionObject.awaitNanos(AbstractQueuedSynchronizer.java:1674)
        at java.base@17.0.12/java.util.concurrent.LinkedBlockingQueue.poll(LinkedBlockingQueue.java:460)
        at app//org.apache.hadoop.ipc.CallQueueManager.take(CallQueueManager.java:317)
        at app//org.apache.hadoop.ipc.Server$Handler.run(Server.java:3014)
"grpc-default-worker-ELG-3-2" daemon prio=5 tid=820 runnable
java.lang.Thread.State: RUNNABLE
        at app//org.apache.ratis.thirdparty.io.netty.channel.epoll.Native.epollWait0(Native Method)
        at app//org.apache.ratis.thirdparty.io.netty.channel.epoll.Native.epollWait(Native.java:193)
        at app//org.apache.ratis.thirdparty.io.netty.channel.epoll.EpollEventLoop.epollWait(EpollEventLoop.java:304)
        at app//org.apache.ratis.thirdparty.io.netty.channel.epoll.EpollEventLoop.run(EpollEventLoop.java:368)
        at app//org.apache.ratis.thirdparty.io.netty.util.concurrent.SingleThreadEventExecutor$4.run(SingleThreadEventExecutor.java:997)
        at app//org.apache.ratis.thirdparty.io.netty.util.internal.ThreadExecutorMap$2.run(ThreadExecutorMap.java:74)
        at app//org.apache.ratis.thirdparty.io.netty.util.concurrent.FastThreadLocalRunnable.run(FastThreadLocalRunnable.java:30)
        at java.base@17.0.12/java.lang.Thread.run(Thread.java:840)
"IPC Server handler 44 on default port 15001" daemon prio=5 tid=230 timed_waiting
java.lang.Thread.State: TIMED_WAITING
        at java.base@17.0.12/jdk.internal.misc.Unsafe.park(Native Method)
        at java.base@17.0.12/java.util.concurrent.locks.LockSupport.parkNanos(LockSupport.java:252)
        at java.base@17.0.12/java.util.concurrent.locks.AbstractQueuedSynchronizer$ConditionObject.awaitNanos(AbstractQueuedSynchronizer.java:1674)
        at java.base@17.0.12/java.util.concurrent.LinkedBlockingQueue.poll(LinkedBlockingQueue.java:460)
        at app//org.apache.hadoop.ipc.CallQueueManager.take(CallQueueManager.java:317)
        at app//org.apache.hadoop.ipc.Server$Handler.run(Server.java:3014)
"IPC Server handler 6 on default port 15028" daemon prio=5 tid=604 timed_waiting
java.lang.Thread.State: TIMED_WAITING
        at java.base@17.0.12/jdk.internal.misc.Unsafe.park(Native Method)
        at java.base@17.0.12/java.util.concurrent.locks.LockSupport.parkNanos(LockSupport.java:252)
        at java.base@17.0.12/java.util.concurrent.locks.AbstractQueuedSynchronizer$ConditionObject.awaitNanos(AbstractQueuedSynchronizer.java:1674)
        at java.base@17.0.12/java.util.concurrent.LinkedBlockingQueue.poll(LinkedBlockingQueue.java:460)
        at app//org.apache.hadoop.ipc.CallQueueManager.take(CallQueueManager.java:317)
        at app//org.apache.hadoop.ipc.Server$Handler.run(Server.java:3014)
"Socket Reader #6 for port 15002"  prio=5 tid=39 runnable
java.lang.Thread.State: RUNNABLE
        at java.base@17.0.12/sun.nio.ch.EPoll.wait(Native Method)
        at java.base@17.0.12/sun.nio.ch.EPollSelectorImpl.doSelect(EPollSelectorImpl.java:118)
        at java.base@17.0.12/sun.nio.ch.SelectorImpl.lockAndDoSelect(SelectorImpl.java:129)
        at java.base@17.0.12/sun.nio.ch.SelectorImpl.select(SelectorImpl.java:146)
        at app//org.apache.hadoop.ipc.Server$Listener$Reader.doRunLoop(Server.java:1346)
        at app//org.apache.hadoop.ipc.Server$Listener$Reader.run(Server.java:1325)
"qtp1911645398-577-acceptor-0@1df6dcf4-ServerConnector@600dfbca{HTTP/1.1, (http/1.1)}{0.0.0.0:15027}" daemon prio=3 tid=577 runnable
java.lang.Thread.State: RUNNABLE
        at java.base@17.0.12/sun.nio.ch.Net.accept(Native Method)
        at java.base@17.0.12/sun.nio.ch.ServerSocketChannelImpl.implAccept(ServerSocketChannelImpl.java:425)
        at java.base@17.0.12/sun.nio.ch.ServerSocketChannelImpl.accept(ServerSocketChannelImpl.java:391)
        at app//org.eclipse.jetty.server.ServerConnector.accept(ServerConnector.java:388)
        at app//org.eclipse.jetty.server.AbstractConnector$Acceptor.run(AbstractConnector.java:704)
        at app//org.eclipse.jetty.util.thread.QueuedThreadPool.runJob(QueuedThreadPool.java:883)
        at app//org.eclipse.jetty.util.thread.QueuedThreadPool$Runner.run(QueuedThreadPool.java:1034)
        at java.base@17.0.12/java.lang.Thread.run(Thread.java:840)
"ForkJoinPool.commonPool-worker-1" daemon prio=5 tid=21 in Object.wait()
java.lang.Thread.State: WAITING (on object monitor)
        at java.base@17.0.12/jdk.internal.misc.Unsafe.park(Native Method)
        at java.base@17.0.12/java.util.concurrent.locks.LockSupport.park(LockSupport.java:341)
        at java.base@17.0.12/java.util.concurrent.ForkJoinPool.awaitWork(ForkJoinPool.java:1724)
        at java.base@17.0.12/java.util.concurrent.ForkJoinPool.runWorker(ForkJoinPool.java:1623)
        at java.base@17.0.12/java.util.concurrent.ForkJoinWorkerThread.run(ForkJoinWorkerThread.java:165)
"Socket Reader #2 for port 15001"  prio=5 tid=49 runnable
java.lang.Thread.State: RUNNABLE
        at java.base@17.0.12/sun.nio.ch.EPoll.wait(Native Method)
        at java.base@17.0.12/sun.nio.ch.EPollSelectorImpl.doSelect(EPollSelectorImpl.java:118)
        at java.base@17.0.12/sun.nio.ch.SelectorImpl.lockAndDoSelect(SelectorImpl.java:129)
        at java.base@17.0.12/sun.nio.ch.SelectorImpl.select(SelectorImpl.java:146)
        at app//org.apache.hadoop.ipc.Server$Listener$Reader.doRunLoop(Server.java:1346)
        at app//org.apache.hadoop.ipc.Server$Listener$Reader.run(Server.java:1325)
"IPC Server handler 60 on default port 15001" daemon prio=5 tid=246 timed_waiting
java.lang.Thread.State: TIMED_WAITING
        at java.base@17.0.12/jdk.internal.misc.Unsafe.park(Native Method)
        at java.base@17.0.12/java.util.concurrent.locks.LockSupport.parkNanos(LockSupport.java:252)
        at java.base@17.0.12/java.util.concurrent.locks.AbstractQueuedSynchronizer$ConditionObject.awaitNanos(AbstractQueuedSynchronizer.java:1674)
        at java.base@17.0.12/java.util.concurrent.LinkedBlockingQueue.poll(LinkedBlockingQueue.java:460)
        at app//org.apache.hadoop.ipc.CallQueueManager.take(CallQueueManager.java:317)
        at app//org.apache.hadoop.ipc.Server$Handler.run(Server.java:3014)
"IPC Server handler 39 on default port 15000" daemon prio=5 tid=125 timed_waiting
java.lang.Thread.State: TIMED_WAITING
        at java.base@17.0.12/jdk.internal.misc.Unsafe.park(Native Method)
        at java.base@17.0.12/java.util.concurrent.locks.LockSupport.parkNanos(LockSupport.java:252)
        at java.base@17.0.12/java.util.concurrent.locks.AbstractQueuedSynchronizer$ConditionObject.awaitNanos(AbstractQueuedSynchronizer.java:1674)
        at java.base@17.0.12/java.util.concurrent.LinkedBlockingQueue.poll(LinkedBlockingQueue.java:460)
        at app//org.apache.hadoop.ipc.CallQueueManager.take(CallQueueManager.java:317)
        at app//org.apache.hadoop.ipc.Server$Handler.run(Server.java:3014)
"IPC Server handler 77 on default port 15000" daemon prio=5 tid=163 timed_waiting
java.lang.Thread.State: TIMED_WAITING
        at java.base@17.0.12/jdk.internal.misc.Unsafe.park(Native Method)
        at java.base@17.0.12/java.util.concurrent.locks.LockSupport.parkNanos(LockSupport.java:252)
        at java.base@17.0.12/java.util.concurrent.locks.AbstractQueuedSynchronizer$ConditionObject.awaitNanos(AbstractQueuedSynchronizer.java:1674)
        at java.base@17.0.12/java.util.concurrent.LinkedBlockingQueue.poll(LinkedBlockingQueue.java:460)
        at app//org.apache.hadoop.ipc.CallQueueManager.take(CallQueueManager.java:317)
        at app//org.apache.hadoop.ipc.Server$Handler.run(Server.java:3014)
"UnderReplicatedProcessor" daemon prio=5 tid=30 timed_waiting
java.lang.Thread.State: TIMED_WAITING
        at java.base@17.0.12/java.lang.Object.wait(Native Method)
        at app//org.apache.hadoop.hdds.scm.container.replication.UnhealthyReplicationProcessor.run(UnhealthyReplicationProcessor.java:174)
        at java.base@17.0.12/java.lang.Thread.run(Thread.java:840)
"IPC Server handler 92 on default port 15001" daemon prio=5 tid=278 timed_waiting
java.lang.Thread.State: TIMED_WAITING
        at java.base@17.0.12/jdk.internal.misc.Unsafe.park(Native Method)
        at java.base@17.0.12/java.util.concurrent.locks.LockSupport.parkNanos(LockSupport.java:252)
        at java.base@17.0.12/java.util.concurrent.locks.AbstractQueuedSynchronizer$ConditionObject.awaitNanos(AbstractQueuedSynchronizer.java:1674)
        at java.base@17.0.12/java.util.concurrent.LinkedBlockingQueue.poll(LinkedBlockingQueue.java:460)
        at app//org.apache.hadoop.ipc.CallQueueManager.take(CallQueueManager.java:317)
        at app//org.apache.hadoop.ipc.Server$Handler.run(Server.java:3014)
"qtp867773795-447" daemon prio=5 tid=447 timed_waiting
java.lang.Thread.State: TIMED_WAITING
        at java.base@17.0.12/jdk.internal.misc.Unsafe.park(Native Method)
        at java.base@17.0.12/java.util.concurrent.locks.LockSupport.parkNanos(LockSupport.java:252)
        at java.base@17.0.12/java.util.concurrent.locks.AbstractQueuedSynchronizer$ConditionObject.awaitNanos(AbstractQueuedSynchronizer.java:1674)
        at app//org.eclipse.jetty.util.BlockingArrayQueue.poll(BlockingArrayQueue.java:382)
        at app//org.eclipse.jetty.util.thread.QueuedThreadPool$Runner.idleJobPoll(QueuedThreadPool.java:974)
        at app//org.eclipse.jetty.util.thread.QueuedThreadPool$Runner.run(QueuedThreadPool.java:1018)
        at java.base@17.0.12/java.lang.Thread.run(Thread.java:840)
"IPC Server handler 1 on default port 15000" daemon prio=5 tid=87 timed_waiting
java.lang.Thread.State: TIMED_WAITING
        at java.base@17.0.12/jdk.internal.misc.Unsafe.park(Native Method)
        at java.base@17.0.12/java.util.concurrent.locks.LockSupport.parkNanos(LockSupport.java:252)
        at java.base@17.0.12/java.util.concurrent.locks.AbstractQueuedSynchronizer$ConditionObject.awaitNanos(AbstractQueuedSynchronizer.java:1674)
        at java.base@17.0.12/java.util.concurrent.LinkedBlockingQueue.poll(LinkedBlockingQueue.java:460)
        at app//org.apache.hadoop.ipc.CallQueueManager.take(CallQueueManager.java:317)
        at app//org.apache.hadoop.ipc.Server$Handler.run(Server.java:3014)
"IPC Server handler 31 on default port 15001" daemon prio=5 tid=217 timed_waiting
java.lang.Thread.State: TIMED_WAITING
        at java.base@17.0.12/jdk.internal.misc.Unsafe.park(Native Method)
        at java.base@17.0.12/java.util.concurrent.locks.LockSupport.parkNanos(LockSupport.java:252)
        at java.base@17.0.12/java.util.concurrent.locks.AbstractQueuedSynchronizer$ConditionObject.awaitNanos(AbstractQueuedSynchronizer.java:1674)
        at java.base@17.0.12/java.util.concurrent.LinkedBlockingQueue.poll(LinkedBlockingQueue.java:460)
        at app//org.apache.hadoop.ipc.CallQueueManager.take(CallQueueManager.java:317)
        at app//org.apache.hadoop.ipc.Server$Handler.run(Server.java:3014)
"IPC Server handler 33 on default port 15002" daemon prio=5 tid=319 timed_waiting
java.lang.Thread.State: TIMED_WAITING
        at java.base@17.0.12/jdk.internal.misc.Unsafe.park(Native Method)
        at java.base@17.0.12/java.util.concurrent.locks.LockSupport.parkNanos(LockSupport.java:252)
        at java.base@17.0.12/java.util.concurrent.locks.AbstractQueuedSynchronizer$ConditionObject.awaitNanos(AbstractQueuedSynchronizer.java:1674)
        at java.base@17.0.12/java.util.concurrent.LinkedBlockingQueue.poll(LinkedBlockingQueue.java:460)
        at app//org.apache.hadoop.ipc.CallQueueManager.take(CallQueueManager.java:317)
        at app//org.apache.hadoop.ipc.Server$Handler.run(Server.java:3014)
"Session-HouseKeeper-174e9ae8-1"  prio=5 tid=452 timed_waiting
java.lang.Thread.State: TIMED_WAITING
        at java.base@17.0.12/jdk.internal.misc.Unsafe.park(Native Method)
        at java.base@17.0.12/java.util.concurrent.locks.LockSupport.parkNanos(LockSupport.java:252)
        at java.base@17.0.12/java.util.concurrent.locks.AbstractQueuedSynchronizer$ConditionObject.awaitNanos(AbstractQueuedSynchronizer.java:1674)
        at java.base@17.0.12/java.util.concurrent.ScheduledThreadPoolExecutor$DelayedWorkQueue.take(ScheduledThreadPoolExecutor.java:1182)
        at java.base@17.0.12/java.util.concurrent.ScheduledThreadPoolExecutor$DelayedWorkQueue.take(ScheduledThreadPoolExecutor.java:899)
        at java.base@17.0.12/java.util.concurrent.ThreadPoolExecutor.getTask(ThreadPoolExecutor.java:1062)
        at java.base@17.0.12/java.util.concurrent.ThreadPoolExecutor.runWorker(ThreadPoolExecutor.java:1122)
        at java.base@17.0.12/java.util.concurrent.ThreadPoolExecutor$Worker.run(ThreadPoolExecutor.java:635)
        at java.base@17.0.12/java.lang.Thread.run(Thread.java:840)
"IPC Server handler 6 on default port 15046" daemon prio=5 tid=696 timed_waiting
java.lang.Thread.State: TIMED_WAITING
        at java.base@17.0.12/jdk.internal.misc.Unsafe.park(Native Method)
        at java.base@17.0.12/java.util.concurrent.locks.LockSupport.parkNanos(LockSupport.java:252)
        at java.base@17.0.12/java.util.concurrent.locks.AbstractQueuedSynchronizer$ConditionObject.awaitNanos(AbstractQueuedSynchronizer.java:1674)
        at java.base@17.0.12/java.util.concurrent.LinkedBlockingQueue.poll(LinkedBlockingQueue.java:460)
        at app//org.apache.hadoop.ipc.CallQueueManager.take(CallQueueManager.java:317)
        at app//org.apache.hadoop.ipc.Server$Handler.run(Server.java:3014)
"pool-106-thread-1"  prio=5 tid=528 timed_waiting
java.lang.Thread.State: TIMED_WAITING
        at java.base@17.0.12/jdk.internal.misc.Unsafe.park(Native Method)
        at java.base@17.0.12/java.util.concurrent.locks.LockSupport.parkNanos(LockSupport.java:252)
        at java.base@17.0.12/java.util.concurrent.locks.AbstractQueuedSynchronizer$ConditionObject.awaitNanos(AbstractQueuedSynchronizer.java:1674)
        at java.base@17.0.12/java.util.concurrent.ScheduledThreadPoolExecutor$DelayedWorkQueue.take(ScheduledThreadPoolExecutor.java:1182)
        at java.base@17.0.12/java.util.concurrent.ScheduledThreadPoolExecutor$DelayedWorkQueue.take(ScheduledThreadPoolExecutor.java:899)
        at java.base@17.0.12/java.util.concurrent.ThreadPoolExecutor.getTask(ThreadPoolExecutor.java:1062)
        at java.base@17.0.12/java.util.concurrent.ThreadPoolExecutor.runWorker(ThreadPoolExecutor.java:1122)
        at java.base@17.0.12/java.util.concurrent.ThreadPoolExecutor$Worker.run(ThreadPoolExecutor.java:635)
        at java.base@17.0.12/java.lang.Thread.run(Thread.java:840)
"Socket Reader #4 for port 15002"  prio=5 tid=37 runnable
java.lang.Thread.State: RUNNABLE
        at java.base@17.0.12/sun.nio.ch.EPoll.wait(Native Method)
        at java.base@17.0.12/sun.nio.ch.EPollSelectorImpl.doSelect(EPollSelectorImpl.java:118)
        at java.base@17.0.12/sun.nio.ch.SelectorImpl.lockAndDoSelect(SelectorImpl.java:129)
        at java.base@17.0.12/sun.nio.ch.SelectorImpl.select(SelectorImpl.java:146)
        at app//org.apache.hadoop.ipc.Server$Listener$Reader.doRunLoop(Server.java:1346)
        at app//org.apache.hadoop.ipc.Server$Listener$Reader.run(Server.java:1325)
"Socket Reader #8 for port 15004"  prio=5 tid=419 runnable
java.lang.Thread.State: RUNNABLE
        at java.base@17.0.12/sun.nio.ch.EPoll.wait(Native Method)
        at java.base@17.0.12/sun.nio.ch.EPollSelectorImpl.doSelect(EPollSelectorImpl.java:118)
        at java.base@17.0.12/sun.nio.ch.SelectorImpl.lockAndDoSelect(SelectorImpl.java:129)
        at java.base@17.0.12/sun.nio.ch.SelectorImpl.select(SelectorImpl.java:146)
        at app//org.apache.hadoop.ipc.Server$Listener$Reader.doRunLoop(Server.java:1346)
        at app//org.apache.hadoop.ipc.Server$Listener$Reader.run(Server.java:1325)
"grpc-default-boss-ELG-1-1" daemon prio=5 tid=430 runnable
java.lang.Thread.State: RUNNABLE
        at app//org.apache.ratis.thirdparty.io.netty.channel.epoll.Native.epollWait(Native Method)
        at app//org.apache.ratis.thirdparty.io.netty.channel.epoll.Native.epollWait(Native.java:220)
        at app//org.apache.ratis.thirdparty.io.netty.channel.epoll.Native.epollWait(Native.java:213)
        at app//org.apache.ratis.thirdparty.io.netty.channel.epoll.EpollEventLoop.epollWaitNoTimerChange(EpollEventLoop.java:308)
        at app//org.apache.ratis.thirdparty.io.netty.channel.epoll.EpollEventLoop.run(EpollEventLoop.java:365)
        at app//org.apache.ratis.thirdparty.io.netty.util.concurrent.SingleThreadEventExecutor$4.run(SingleThreadEventExecutor.java:997)
        at app//org.apache.ratis.thirdparty.io.netty.util.internal.ThreadExecutorMap$2.run(ThreadExecutorMap.java:74)
        at app//org.apache.ratis.thirdparty.io.netty.util.concurrent.FastThreadLocalRunnable.run(FastThreadLocalRunnable.java:30)
        at java.base@17.0.12/java.lang.Thread.run(Thread.java:840)
"IPC Server handler 55 on default port 15001" daemon prio=5 tid=241 timed_waiting
java.lang.Thread.State: TIMED_WAITING
        at java.base@17.0.12/jdk.internal.misc.Unsafe.park(Native Method)
        at java.base@17.0.12/java.util.concurrent.locks.LockSupport.parkNanos(LockSupport.java:252)
        at java.base@17.0.12/java.util.concurrent.locks.AbstractQueuedSynchronizer$ConditionObject.awaitNanos(AbstractQueuedSynchronizer.java:1674)
        at java.base@17.0.12/java.util.concurrent.LinkedBlockingQueue.poll(LinkedBlockingQueue.java:460)
        at app//org.apache.hadoop.ipc.CallQueueManager.take(CallQueueManager.java:317)
        at app//org.apache.hadoop.ipc.Server$Handler.run(Server.java:3014)
"IPC Server handler 26 on default port 15002" daemon prio=5 tid=312 timed_waiting
java.lang.Thread.State: TIMED_WAITING
        at java.base@17.0.12/jdk.internal.misc.Unsafe.park(Native Method)
        at java.base@17.0.12/java.util.concurrent.locks.LockSupport.parkNanos(LockSupport.java:252)
        at java.base@17.0.12/java.util.concurrent.locks.AbstractQueuedSynchronizer$ConditionObject.awaitNanos(AbstractQueuedSynchronizer.java:1674)
        at java.base@17.0.12/java.util.concurrent.LinkedBlockingQueue.poll(LinkedBlockingQueue.java:460)
        at app//org.apache.hadoop.ipc.CallQueueManager.take(CallQueueManager.java:317)
        at app//org.apache.hadoop.ipc.Server$Handler.run(Server.java:3014)
"Socket Reader #5 for port 15046"  prio=5 tid=681 runnable
java.lang.Thread.State: RUNNABLE
        at java.base@17.0.12/sun.nio.ch.EPoll.wait(Native Method)
        at java.base@17.0.12/sun.nio.ch.EPollSelectorImpl.doSelect(EPollSelectorImpl.java:118)
        at java.base@17.0.12/sun.nio.ch.SelectorImpl.lockAndDoSelect(SelectorImpl.java:129)
        at java.base@17.0.12/sun.nio.ch.SelectorImpl.select(SelectorImpl.java:146)
        at app//org.apache.hadoop.ipc.Server$Listener$Reader.doRunLoop(Server.java:1346)
        at app//org.apache.hadoop.ipc.Server$Listener$Reader.run(Server.java:1325)
"IPC Server handler 15 on default port 15004" daemon prio=5 tid=468 timed_waiting
java.lang.Thread.State: TIMED_WAITING
        at java.base@17.0.12/jdk.internal.misc.Unsafe.park(Native Method)
        at java.base@17.0.12/java.util.concurrent.locks.LockSupport.parkNanos(LockSupport.java:252)
        at java.base@17.0.12/java.util.concurrent.locks.AbstractQueuedSynchronizer$ConditionObject.awaitNanos(AbstractQueuedSynchronizer.java:1674)
        at java.base@17.0.12/java.util.concurrent.LinkedBlockingQueue.poll(LinkedBlockingQueue.java:460)
        at app//org.apache.hadoop.ipc.CallQueueManager.take(CallQueueManager.java:317)
        at app//org.apache.hadoop.ipc.Server$Handler.run(Server.java:3014)
"9d1f9f5c-07b4-413f-b8b0-69aa045119d7-groupManagement" daemon prio=5 tid=823 in Object.wait()
java.lang.Thread.State: WAITING (on object monitor)
        at java.base@17.0.12/jdk.internal.misc.Unsafe.park(Native Method)
        at java.base@17.0.12/java.util.concurrent.locks.LockSupport.park(LockSupport.java:341)
        at java.base@17.0.12/java.util.concurrent.locks.AbstractQueuedSynchronizer$ConditionNode.block(AbstractQueuedSynchronizer.java:506)
        at java.base@17.0.12/java.util.concurrent.ForkJoinPool.unmanagedBlock(ForkJoinPool.java:3465)
        at java.base@17.0.12/java.util.concurrent.ForkJoinPool.managedBlock(ForkJoinPool.java:3436)
        at java.base@17.0.12/java.util.concurrent.locks.AbstractQueuedSynchronizer$ConditionObject.await(AbstractQueuedSynchronizer.java:1625)
        at java.base@17.0.12/java.util.concurrent.LinkedBlockingQueue.take(LinkedBlockingQueue.java:435)
        at java.base@17.0.12/java.util.concurrent.ThreadPoolExecutor.getTask(ThreadPoolExecutor.java:1062)
        at java.base@17.0.12/java.util.concurrent.ThreadPoolExecutor.runWorker(ThreadPoolExecutor.java:1122)
        at java.base@17.0.12/java.util.concurrent.ThreadPoolExecutor$Worker.run(ThreadPoolExecutor.java:635)
        at java.base@17.0.12/java.lang.Thread.run(Thread.java:840)
"IPC Server handler 40 on default port 15000" daemon prio=5 tid=126 timed_waiting
java.lang.Thread.State: TIMED_WAITING
        at java.base@17.0.12/jdk.internal.misc.Unsafe.park(Native Method)
        at java.base@17.0.12/java.util.concurrent.locks.LockSupport.parkNanos(LockSupport.java:252)
        at java.base@17.0.12/java.util.concurrent.locks.AbstractQueuedSynchronizer$ConditionObject.awaitNanos(AbstractQueuedSynchronizer.java:1674)
        at java.base@17.0.12/java.util.concurrent.LinkedBlockingQueue.poll(LinkedBlockingQueue.java:460)
        at app//org.apache.hadoop.ipc.CallQueueManager.take(CallQueueManager.java:317)
        at app//org.apache.hadoop.ipc.Server$Handler.run(Server.java:3014)
"qtp1911645398-580" daemon prio=5 tid=580 timed_waiting
java.lang.Thread.State: TIMED_WAITING
        at java.base@17.0.12/jdk.internal.misc.Unsafe.park(Native Method)
        at java.base@17.0.12/java.util.concurrent.locks.LockSupport.parkNanos(LockSupport.java:252)
        at java.base@17.0.12/java.util.concurrent.locks.AbstractQueuedSynchronizer$ConditionObject.awaitNanos(AbstractQueuedSynchronizer.java:1674)
        at app//org.eclipse.jetty.util.BlockingArrayQueue.poll(BlockingArrayQueue.java:382)
        at app//org.eclipse.jetty.util.thread.QueuedThreadPool$Runner.idleJobPoll(QueuedThreadPool.java:974)
        at app//org.eclipse.jetty.util.thread.QueuedThreadPool$Runner.run(QueuedThreadPool.java:1018)
        at java.base@17.0.12/java.lang.Thread.run(Thread.java:840)
"Socket Reader #7 for port 15028"  prio=5 tid=591 runnable
java.lang.Thread.State: RUNNABLE
        at java.base@17.0.12/sun.nio.ch.EPoll.wait(Native Method)
        at java.base@17.0.12/sun.nio.ch.EPollSelectorImpl.doSelect(EPollSelectorImpl.java:118)
        at java.base@17.0.12/sun.nio.ch.SelectorImpl.lockAndDoSelect(SelectorImpl.java:129)
        at java.base@17.0.12/sun.nio.ch.SelectorImpl.select(SelectorImpl.java:146)
        at app//org.apache.hadoop.ipc.Server$Listener$Reader.doRunLoop(Server.java:1346)
        at app//org.apache.hadoop.ipc.Server$Listener$Reader.run(Server.java:1325)
"FixedThreadPoolWithAffinityExecutor-0-0" daemon prio=5 tid=75 timed_waiting
java.lang.Thread.State: TIMED_WAITING
        at java.base@17.0.12/jdk.internal.misc.Unsafe.park(Native Method)
        at java.base@17.0.12/java.util.concurrent.locks.LockSupport.parkNanos(LockSupport.java:252)
        at java.base@17.0.12/java.util.concurrent.locks.AbstractQueuedSynchronizer$ConditionObject.awaitNanos(AbstractQueuedSynchronizer.java:1674)
        at java.base@17.0.12/java.util.concurrent.LinkedBlockingQueue.poll(LinkedBlockingQueue.java:460)
        at app//org.apache.hadoop.hdds.scm.server.ContainerReportQueue.poll(ContainerReportQueue.java:269)
        at app//org.apache.hadoop.hdds.scm.server.ContainerReportQueue.poll(ContainerReportQueue.java:42)
        at app//org.apache.hadoop.hdds.server.events.FixedThreadPoolWithAffinityExecutor$ContainerReportProcessTask.run(FixedThreadPoolWithAffinityExecutor.java:253)
        at java.base@17.0.12/java.util.concurrent.Executors$RunnableAdapter.call(Executors.java:539)
        at java.base@17.0.12/java.util.concurrent.FutureTask.run(FutureTask.java:264)
        at java.base@17.0.12/java.util.concurrent.ThreadPoolExecutor.runWorker(ThreadPoolExecutor.java:1136)
        at java.base@17.0.12/java.util.concurrent.ThreadPoolExecutor$Worker.run(ThreadPoolExecutor.java:635)
        at java.base@17.0.12/java.lang.Thread.run(Thread.java:840)
"IPC Server handler 28 on default port 15002" daemon prio=5 tid=314 timed_waiting
java.lang.Thread.State: TIMED_WAITING
        at java.base@17.0.12/jdk.internal.misc.Unsafe.park(Native Method)
        at java.base@17.0.12/java.util.concurrent.locks.LockSupport.parkNanos(LockSupport.java:252)
        at java.base@17.0.12/java.util.concurrent.locks.AbstractQueuedSynchronizer$ConditionObject.awaitNanos(AbstractQueuedSynchronizer.java:1674)
        at java.base@17.0.12/java.util.concurrent.LinkedBlockingQueue.poll(LinkedBlockingQueue.java:460)
        at app//org.apache.hadoop.ipc.CallQueueManager.take(CallQueueManager.java:317)
        at app//org.apache.hadoop.ipc.Server$Handler.run(Server.java:3014)
"IPC Server handler 7 on default port 15002" daemon prio=5 tid=293 timed_waiting
java.lang.Thread.State: TIMED_WAITING
        at java.base@17.0.12/jdk.internal.misc.Unsafe.park(Native Method)
        at java.base@17.0.12/java.util.concurrent.locks.LockSupport.parkNanos(LockSupport.java:252)
        at java.base@17.0.12/java.util.concurrent.locks.AbstractQueuedSynchronizer$ConditionObject.awaitNanos(AbstractQueuedSynchronizer.java:1674)
        at java.base@17.0.12/java.util.concurrent.LinkedBlockingQueue.poll(LinkedBlockingQueue.java:460)
        at app//org.apache.hadoop.ipc.CallQueueManager.take(CallQueueManager.java:317)
        at app//org.apache.hadoop.ipc.Server$Handler.run(Server.java:3014)
"Socket Reader #2 for port 15004"  prio=5 tid=413 runnable
java.lang.Thread.State: RUNNABLE
        at java.base@17.0.12/sun.nio.ch.EPoll.wait(Native Method)
        at java.base@17.0.12/sun.nio.ch.EPollSelectorImpl.doSelect(EPollSelectorImpl.java:118)
        at java.base@17.0.12/sun.nio.ch.SelectorImpl.lockAndDoSelect(SelectorImpl.java:129)
        at java.base@17.0.12/sun.nio.ch.SelectorImpl.select(SelectorImpl.java:146)
        at app//org.apache.hadoop.ipc.Server$Listener$Reader.doRunLoop(Server.java:1346)
        at app//org.apache.hadoop.ipc.Server$Listener$Reader.run(Server.java:1325)
"IPC Server handler 16 on default port 15004" daemon prio=5 tid=469 timed_waiting
java.lang.Thread.State: TIMED_WAITING
        at java.base@17.0.12/jdk.internal.misc.Unsafe.park(Native Method)
        at java.base@17.0.12/java.util.concurrent.locks.LockSupport.parkNanos(LockSupport.java:252)
        at java.base@17.0.12/java.util.concurrent.locks.AbstractQueuedSynchronizer$ConditionObject.awaitNanos(AbstractQueuedSynchronizer.java:1674)
        at java.base@17.0.12/java.util.concurrent.LinkedBlockingQueue.poll(LinkedBlockingQueue.java:460)
        at app//org.apache.hadoop.ipc.CallQueueManager.take(CallQueueManager.java:317)
        at app//org.apache.hadoop.ipc.Server$Handler.run(Server.java:3014)
"qtp211730958-535" daemon prio=5 tid=535 timed_waiting
java.lang.Thread.State: TIMED_WAITING
        at java.base@17.0.12/jdk.internal.misc.Unsafe.park(Native Method)
        at java.base@17.0.12/java.util.concurrent.locks.LockSupport.parkNanos(LockSupport.java:252)
        at java.base@17.0.12/java.util.concurrent.locks.AbstractQueuedSynchronizer$ConditionObject.awaitNanos(AbstractQueuedSynchronizer.java:1674)
        at app//org.eclipse.jetty.util.BlockingArrayQueue.poll(BlockingArrayQueue.java:382)
        at app//org.eclipse.jetty.util.thread.QueuedThreadPool$Runner.idleJobPoll(QueuedThreadPool.java:974)
        at app//org.eclipse.jetty.util.thread.QueuedThreadPool$Runner.run(QueuedThreadPool.java:1018)
        at java.base@17.0.12/java.lang.Thread.run(Thread.java:840)
"gradle-enterprise-test-client-gradle-enterprise-test-listener"  prio=5 tid=18 in Object.wait()
java.lang.Thread.State: WAITING (on object monitor)
        at java.base@17.0.12/jdk.internal.misc.Unsafe.park(Native Method)
        at java.base@17.0.12/java.util.concurrent.locks.LockSupport.park(LockSupport.java:341)
        at java.base@17.0.12/java.util.concurrent.locks.AbstractQueuedSynchronizer$ConditionNode.block(AbstractQueuedSynchronizer.java:506)
        at java.base@17.0.12/java.util.concurrent.ForkJoinPool.unmanagedBlock(ForkJoinPool.java:3465)
        at java.base@17.0.12/java.util.concurrent.ForkJoinPool.managedBlock(ForkJoinPool.java:3436)
        at java.base@17.0.12/java.util.concurrent.locks.AbstractQueuedSynchronizer$ConditionObject.await(AbstractQueuedSynchronizer.java:1625)
        at java.base@17.0.12/java.util.concurrent.ArrayBlockingQueue.take(ArrayBlockingQueue.java:420)
        at app//com.gradle.maven.scan.extension.test.listener.obfuscated.k.a.a(SourceFile:130)
        at app//com.gradle.maven.scan.extension.test.listener.obfuscated.k.a.b(SourceFile:93)
        at app//com.gradle.maven.scan.extension.test.listener.obfuscated.k.a$$Lambda$307/0x00007fba240b98b8.run(Unknown Source)
        at java.base@17.0.12/java.util.concurrent.Executors$RunnableAdapter.call(Executors.java:539)
        at java.base@17.0.12/java.util.concurrent.FutureTask.run(FutureTask.java:264)
        at java.base@17.0.12/java.util.concurrent.ThreadPoolExecutor.runWorker(ThreadPoolExecutor.java:1136)
        at java.base@17.0.12/java.util.concurrent.ThreadPoolExecutor$Worker.run(ThreadPoolExecutor.java:635)
        at java.base@17.0.12/java.lang.Thread.run(Thread.java:840)
"IPC Server handler 76 on default port 15001" daemon prio=5 tid=262 timed_waiting
java.lang.Thread.State: TIMED_WAITING
        at java.base@17.0.12/jdk.internal.misc.Unsafe.park(Native Method)
        at java.base@17.0.12/java.util.concurrent.locks.LockSupport.parkNanos(LockSupport.java:252)
        at java.base@17.0.12/java.util.concurrent.locks.AbstractQueuedSynchronizer$ConditionObject.awaitNanos(AbstractQueuedSynchronizer.java:1674)
        at java.base@17.0.12/java.util.concurrent.LinkedBlockingQueue.poll(LinkedBlockingQueue.java:460)
        at app//org.apache.hadoop.ipc.CallQueueManager.take(CallQueueManager.java:317)
        at app//org.apache.hadoop.ipc.Server$Handler.run(Server.java:3014)


	at org.apache.ozone.test.GenericTestUtils.waitFor(GenericTestUtils.java:204)
	at org.apache.hadoop.hdds.scm.node.TestQueryNode.testStaleNodesCount(TestQueryNode.java:103)
	at java.base/java.lang.reflect.Method.invoke(Method.java:569)
	at java.base/java.util.ArrayList.forEach(ArrayList.java:1511)
	at java.base/java.util.ArrayList.forEach(ArrayList.java:1511)
]]></error>
    <system-out><![CDATA[2024-08-27 20:24:48,434 [main] WARN  server.ServerUtils (ServerUtils.java:getScmDbDir(143)) - ozone.scm.db.dirs is not configured. We recommend adding this setting. Falling back to ozone.metadata.dirs instead.
2024-08-27 20:24:48,614 [main] INFO  reflections.Reflections (Reflections.java:scan(219)) - Reflections took 145 ms to scan 7 urls, producing 159 keys and 375 values
2024-08-27 20:24:48,784 [main] WARN  server.ServerUtils (ServerUtils.java:getScmDbDir(143)) - ozone.scm.db.dirs is not configured. We recommend adding this setting. Falling back to ozone.metadata.dirs instead.
2024-08-27 20:24:48,788 [main] INFO  ha.SCMHANodeDetails (SCMHANodeDetails.java:loadSCMHAConfig(207)) - ServiceID for StorageContainerManager is null
2024-08-27 20:24:48,796 [main] WARN  ha.SCMHANodeDetails (SCMHANodeDetails.java:validateSCMHAConfig(180)) - Default/Configured value of config ozone.scm.ratis.enable conflicts with the expected value. Default/Configured: true. Expected: false. Falling back to the expected value. Current State of SCM: SCM is running without Ratis. Ratis SCM -> Non Ratis SCM is not supported.
2024-08-27 20:24:48,796 [main] INFO  ha.SCMHANodeDetails (SCMHANodeDetails.java:loadSCMHAConfig(212)) - ozone.scm.default.service.id is not defined, falling back to ozone.scm.service.ids to find serviceID for StorageContainerManager if it is HA enabled cluster
2024-08-27 20:24:49,317 [main] WARN  utils.HAUtils (HAUtils.java:getMetaDir(339)) - ozone.scm.db.dirs is not configured. We recommend adding this setting. Falling back to ozone.metadata.dirs instead.
2024-08-27 20:24:49,461 [main] WARN  db.DBStoreBuilder (DBStoreBuilder.java:applyDBDefinition(171)) - ozone.scm.db.dirs is not configured. We recommend adding this setting. Falling back to ozone.metadata.dirs instead.
2024-08-27 20:24:49,470 [main] INFO  utils.LeakDetector (LeakDetector.java:start(73)) - Starting leak detector thread ManagedRocksObject0.
2024-08-27 20:24:49,662 [main] INFO  net.NodeSchemaLoader (NodeSchemaLoader.java:loadSchemaFromFile(129)) - Loading schema from [jar:file:/home/runner/work/ozone/ozone/hadoop-hdds/common/target/hdds-common-1.5.0-SNAPSHOT.jar!/network-topology-default.xml]
2024-08-27 20:24:49,664 [main] INFO  net.NodeSchemaLoader (NodeSchemaLoader.java:loadSchema(176)) - Loading network topology layer schema file
2024-08-27 20:24:49,711 [main] INFO  metrics.MetricRegistries (MetricRegistriesLoader.java:load(64)) - Loaded MetricRegistries class org.apache.ratis.metrics.dropwizard3.Dm3MetricRegistriesImpl
2024-08-27 20:24:49,724 [main] INFO  upgrade.AbstractLayoutVersionManager (AbstractLayoutVersionManager.java:init(83)) - Initializing Layout version manager with metadata layout = HBASE_SUPPORT (version = 8), software layout = HBASE_SUPPORT (version = 8)
2024-08-27 20:24:49,912 [main] INFO  ha.SequenceIdGenerator (SequenceIdGenerator.java:upgradeToSequenceId(369)) - upgrade localId to 113750153625600000
2024-08-27 20:24:49,915 [main] INFO  ha.SequenceIdGenerator (SequenceIdGenerator.java:upgradeToSequenceId(379)) - upgrade delTxnId to 0
2024-08-27 20:24:49,921 [main] INFO  ha.SequenceIdGenerator (SequenceIdGenerator.java:upgradeToSequenceId(396)) - upgrade containerId to 0
2024-08-27 20:24:49,924 [main] INFO  ha.SequenceIdGenerator (SequenceIdGenerator.java:upgradeToCertificateSequenceId(433)) - upgrade CertificateId to 2
2024-08-27 20:24:49,927 [main] INFO  ha.SequenceIdGenerator (SequenceIdGenerator.java:<init>(240)) - Init the HA SequenceIdGenerator.
2024-08-27 20:24:49,983 [main] INFO  node.SCMNodeManager (SCMNodeManager.java:<init>(178)) - Entering startup safe mode.
2024-08-27 20:24:50,005 [main] INFO  algorithms.ContainerPlacementPolicyFactory (ContainerPlacementPolicyFactory.java:getPolicyInternal(86)) - Create container placement policy of type org.apache.hadoop.hdds.scm.container.placement.algorithms.SCMContainerPlacementRackAware
2024-08-27 20:24:50,008 [main] INFO  algorithms.ContainerPlacementPolicyFactory (ContainerPlacementPolicyFactory.java:getPolicyInternal(86)) - Create container placement policy of type org.apache.hadoop.hdds.scm.container.placement.algorithms.SCMContainerPlacementRackScatter
2024-08-27 20:24:50,019 [main] INFO  pipeline.PipelineStateManagerImpl (PipelineStateManagerImpl.java:initialize(78)) - No pipeline exists in current db
2024-08-27 20:24:50,033 [main] INFO  algorithms.LeaderChoosePolicyFactory (LeaderChoosePolicyFactory.java:getPolicy(57)) - Create leader choose policy of type org.apache.hadoop.hdds.scm.pipeline.leader.choose.algorithms.MinLeaderCountChoosePolicy
2024-08-27 20:24:50,034 [main] INFO  algorithms.ContainerPlacementPolicyFactory (ContainerPlacementPolicyFactory.java:getPolicyInternal(86)) - Create container placement policy of type org.apache.hadoop.hdds.scm.container.placement.algorithms.SCMContainerPlacementRackScatter
2024-08-27 20:24:50,041 [main] INFO  ha.SCMServiceManager (SCMServiceManager.java:register(42)) - Registering service BackgroundPipelineCreator.
2024-08-27 20:24:50,041 [main] INFO  pipeline.BackgroundPipelineCreator (BackgroundPipelineCreator.java:start(127)) - Starting RatisPipelineUtilsThread.
2024-08-27 20:24:50,045 [main] INFO  BackgroundPipelineScrubber (BackgroundSCMService.java:start(65)) - Starting BackgroundPipelineScrubber Service.
2024-08-27 20:24:50,046 [main] INFO  ha.SCMServiceManager (SCMServiceManager.java:register(42)) - Registering service BackgroundPipelineScrubber.
2024-08-27 20:24:50,052 [main] INFO  ExpiredContainerReplicaOpScrubber (BackgroundSCMService.java:start(65)) - Starting ExpiredContainerReplicaOpScrubber Service.
2024-08-27 20:24:50,053 [main] INFO  ha.SCMServiceManager (SCMServiceManager.java:register(42)) - Registering service ExpiredContainerReplicaOpScrubber.
2024-08-27 20:24:50,077 [main] INFO  algorithms.PipelineChoosePolicyFactory (PipelineChoosePolicyFactory.java:createPipelineChoosePolicyFromClass(80)) - Create pipeline choose policy of type org.apache.hadoop.hdds.scm.pipeline.choose.algorithms.RandomPipelineChoosePolicy
2024-08-27 20:24:50,078 [main] INFO  algorithms.PipelineChoosePolicyFactory (PipelineChoosePolicyFactory.java:createPipelineChoosePolicyFromClass(80)) - Create pipeline choose policy of type org.apache.hadoop.hdds.scm.pipeline.choose.algorithms.RandomPipelineChoosePolicy
2024-08-27 20:24:50,105 [main] INFO  ha.SCMServiceManager (SCMServiceManager.java:register(42)) - Registering service SCMBlockDeletingService.
2024-08-27 20:24:50,194 [main] INFO  replication.ReplicationManager (ReplicationManager.java:start(296)) - Starting Replication Monitor Thread.
2024-08-27 20:24:50,196 [main] INFO  ha.SCMServiceManager (SCMServiceManager.java:register(42)) - Registering service ReplicationManager.
2024-08-27 20:24:50,196 [ReplicationMonitor] INFO  replication.ReplicationManager (ReplicationManager.java:processAll(373)) - Replication Manager is not ready to run until 3000ms after safemode exit
2024-08-27 20:24:50,205 [main] INFO  safemode.ContainerSafeModeRule (ContainerSafeModeRule.java:<init>(91)) - containers with one replica threshold count 0
2024-08-27 20:24:50,211 [main] INFO  safemode.HealthyPipelineSafeModeRule (HealthyPipelineSafeModeRule.java:initializeRule(176)) - Total pipeline count is 0, healthy pipeline threshold count is 1
2024-08-27 20:24:50,216 [main] INFO  safemode.OneReplicaPipelineSafeModeRule (OneReplicaPipelineSafeModeRule.java:initializeRule(193)) - Total pipeline count is 0, pipeline's with at least one datanode reported threshold count is 0
2024-08-27 20:24:50,272 [main] INFO  server.StorageContainerManager (StorageContainerManager.java:<init>(442)) - SCM start with adminUsers: [runner]
2024-08-27 20:24:50,537 [main] INFO  audit.AuditLogger (AuditLogger.java:refreshDebugCmdSet(135)) - Refresh DebugCmdSet for SCMAudit to [].
2024-08-27 20:24:50,565 [main] INFO  ipc.CallQueueManager (CallQueueManager.java:<init>(90)) - Using callQueue: class java.util.concurrent.LinkedBlockingQueue, queueCapacity: 10000, scheduler: class org.apache.hadoop.ipc.DefaultRpcScheduler, ipcBackoff: false.
2024-08-27 20:24:50,595 [main] INFO  ipc.Server (Server.java:<init>(1287)) - Listener at 0.0.0.0:15002
2024-08-27 20:24:50,602 [Socket Reader #1 for port 15002] INFO  ipc.Server (Server.java:run(1323)) - Starting Socket Reader #1 for port 15002
2024-08-27 20:24:50,604 [Socket Reader #2 for port 15002] INFO  ipc.Server (Server.java:run(1323)) - Starting Socket Reader #2 for port 15002
2024-08-27 20:24:50,605 [Socket Reader #3 for port 15002] INFO  ipc.Server (Server.java:run(1323)) - Starting Socket Reader #3 for port 15002
2024-08-27 20:24:50,606 [Socket Reader #4 for port 15002] INFO  ipc.Server (Server.java:run(1323)) - Starting Socket Reader #4 for port 15002
2024-08-27 20:24:50,608 [Socket Reader #5 for port 15002] INFO  ipc.Server (Server.java:run(1323)) - Starting Socket Reader #5 for port 15002
2024-08-27 20:24:50,609 [Socket Reader #6 for port 15002] INFO  ipc.Server (Server.java:run(1323)) - Starting Socket Reader #6 for port 15002
2024-08-27 20:24:50,610 [Socket Reader #7 for port 15002] INFO  ipc.Server (Server.java:run(1323)) - Starting Socket Reader #7 for port 15002
2024-08-27 20:24:50,613 [Socket Reader #8 for port 15002] INFO  ipc.Server (Server.java:run(1323)) - Starting Socket Reader #8 for port 15002
2024-08-27 20:24:50,616 [Socket Reader #9 for port 15002] INFO  ipc.Server (Server.java:run(1323)) - Starting Socket Reader #9 for port 15002
2024-08-27 20:24:50,626 [Socket Reader #10 for port 15002] INFO  ipc.Server (Server.java:run(1323)) - Starting Socket Reader #10 for port 15002
2024-08-27 20:24:50,672 [main] INFO  audit.AuditLogger (AuditLogger.java:refreshDebugCmdSet(135)) - Refresh DebugCmdSet for SCMAudit to [].
2024-08-27 20:24:50,676 [main] INFO  ipc.CallQueueManager (CallQueueManager.java:<init>(90)) - Using callQueue: class java.util.concurrent.LinkedBlockingQueue, queueCapacity: 10000, scheduler: class org.apache.hadoop.ipc.DefaultRpcScheduler, ipcBackoff: false.
2024-08-27 20:24:50,677 [main] INFO  ipc.Server (Server.java:<init>(1287)) - Listener at 0.0.0.0:15001
2024-08-27 20:24:50,677 [Socket Reader #1 for port 15001] INFO  ipc.Server (Server.java:run(1323)) - Starting Socket Reader #1 for port 15001
2024-08-27 20:24:50,678 [Socket Reader #2 for port 15001] INFO  ipc.Server (Server.java:run(1323)) - Starting Socket Reader #2 for port 15001
2024-08-27 20:24:50,678 [Socket Reader #3 for port 15001] INFO  ipc.Server (Server.java:run(1323)) - Starting Socket Reader #3 for port 15001
2024-08-27 20:24:50,679 [Socket Reader #4 for port 15001] INFO  ipc.Server (Server.java:run(1323)) - Starting Socket Reader #4 for port 15001
2024-08-27 20:24:50,679 [Socket Reader #5 for port 15001] INFO  ipc.Server (Server.java:run(1323)) - Starting Socket Reader #5 for port 15001
2024-08-27 20:24:50,679 [Socket Reader #6 for port 15001] INFO  ipc.Server (Server.java:run(1323)) - Starting Socket Reader #6 for port 15001
2024-08-27 20:24:50,680 [Socket Reader #7 for port 15001] INFO  ipc.Server (Server.java:run(1323)) - Starting Socket Reader #7 for port 15001
2024-08-27 20:24:50,680 [Socket Reader #8 for port 15001] INFO  ipc.Server (Server.java:run(1323)) - Starting Socket Reader #8 for port 15001
2024-08-27 20:24:50,680 [Socket Reader #9 for port 15001] INFO  ipc.Server (Server.java:run(1323)) - Starting Socket Reader #9 for port 15001
2024-08-27 20:24:50,681 [Socket Reader #10 for port 15001] INFO  ipc.Server (Server.java:run(1323)) - Starting Socket Reader #10 for port 15001
2024-08-27 20:24:50,707 [main] INFO  audit.AuditLogger (AuditLogger.java:refreshDebugCmdSet(135)) - Refresh DebugCmdSet for SCMAudit to [].
2024-08-27 20:24:50,716 [main] INFO  ipc.CallQueueManager (CallQueueManager.java:<init>(90)) - Using callQueue: class java.util.concurrent.LinkedBlockingQueue, queueCapacity: 10000, scheduler: class org.apache.hadoop.ipc.DefaultRpcScheduler, ipcBackoff: false.
2024-08-27 20:24:50,717 [main] INFO  ipc.Server (Server.java:<init>(1287)) - Listener at 0.0.0.0:15000
2024-08-27 20:24:50,717 [Socket Reader #1 for port 15000] INFO  ipc.Server (Server.java:run(1323)) - Starting Socket Reader #1 for port 15000
2024-08-27 20:24:50,717 [Socket Reader #2 for port 15000] INFO  ipc.Server (Server.java:run(1323)) - Starting Socket Reader #2 for port 15000
2024-08-27 20:24:50,718 [Socket Reader #3 for port 15000] INFO  ipc.Server (Server.java:run(1323)) - Starting Socket Reader #3 for port 15000
2024-08-27 20:24:50,718 [Socket Reader #4 for port 15000] INFO  ipc.Server (Server.java:run(1323)) - Starting Socket Reader #4 for port 15000
2024-08-27 20:24:50,719 [Socket Reader #5 for port 15000] INFO  ipc.Server (Server.java:run(1323)) - Starting Socket Reader #5 for port 15000
2024-08-27 20:24:50,720 [Socket Reader #6 for port 15000] INFO  ipc.Server (Server.java:run(1323)) - Starting Socket Reader #6 for port 15000
2024-08-27 20:24:50,720 [Socket Reader #7 for port 15000] INFO  ipc.Server (Server.java:run(1323)) - Starting Socket Reader #7 for port 15000
2024-08-27 20:24:50,721 [Socket Reader #8 for port 15000] INFO  ipc.Server (Server.java:run(1323)) - Starting Socket Reader #8 for port 15000
2024-08-27 20:24:50,722 [Socket Reader #9 for port 15000] INFO  ipc.Server (Server.java:run(1323)) - Starting Socket Reader #9 for port 15000
2024-08-27 20:24:50,722 [Socket Reader #10 for port 15000] INFO  ipc.Server (Server.java:run(1323)) - Starting Socket Reader #10 for port 15000
2024-08-27 20:24:50,770 [main] INFO  ha.SCMServiceManager (SCMServiceManager.java:register(42)) - Registering service ContainerBalancer.
2024-08-27 20:24:50,770 [main] INFO  ha.SCMContext (SCMContext.java:updateSafeModeStatus(225)) - Update SafeModeStatus from SafeModeStatus{safeModeStatus=true, preCheckPassed=false} to SafeModeStatus{safeModeStatus=true, preCheckPassed=false}.
2024-08-27 20:24:50,773 [main] INFO  server.StorageContainerManager (StorageContainerManager.java:start(1543)) - StorageContainerLocationProtocol RPC server is listening at /0.0.0.0:15000
2024-08-27 20:24:50,823 [main] WARN  impl.MetricsConfig (MetricsConfig.java:loadFirst(136)) - Cannot locate configuration: tried hadoop-metrics2-storagecontainermanager.properties,hadoop-metrics2.properties
2024-08-27 20:24:50,835 [main] INFO  impl.MetricsSystemImpl (MetricsSystemImpl.java:startTimer(378)) - Scheduled Metric snapshot period at 10 second(s).
2024-08-27 20:24:50,836 [main] INFO  impl.MetricsSystemImpl (MetricsSystemImpl.java:start(191)) - StorageContainerManager metrics system started
2024-08-27 20:24:50,963 [main] INFO  server.SCMClientProtocolServer (SCMClientProtocolServer.java:start(213)) - RPC server for Client  is listening at /0.0.0.0:15000
2024-08-27 20:24:50,964 [IPC Server listener on 15000] INFO  ipc.Server (Server.java:run(1402)) - IPC Server listener on 15000: starting
2024-08-27 20:24:50,965 [IPC Server Responder] INFO  ipc.Server (Server.java:run(1562)) - IPC Server Responder: starting
2024-08-27 20:24:51,018 [main] INFO  server.StorageContainerManager (StorageContainerManager.java:start(1556)) - ScmBlockLocationProtocol RPC server is listening at /0.0.0.0:15001
2024-08-27 20:24:51,019 [main] INFO  server.SCMBlockProtocolServer (SCMBlockProtocolServer.java:start(172)) - RPC server for Block Protocol is listening at /0.0.0.0:15001
2024-08-27 20:24:51,026 [IPC Server Responder] INFO  ipc.Server (Server.java:run(1562)) - IPC Server Responder: starting
2024-08-27 20:24:51,027 [IPC Server listener on 15001] INFO  ipc.Server (Server.java:run(1402)) - IPC Server listener on 15001: starting
2024-08-27 20:24:51,050 [main] INFO  server.SCMDatanodeProtocolServer (SCMDatanodeProtocolServer.java:start(199)) - ScmDatanodeProtocol RPC server for DataNodes is listening at /0.0.0.0:15002
2024-08-27 20:24:51,053 [IPC Server Responder] INFO  ipc.Server (Server.java:run(1562)) - IPC Server Responder: starting
2024-08-27 20:24:51,054 [IPC Server listener on 15002] INFO  ipc.Server (Server.java:run(1402)) - IPC Server listener on 15002: starting
2024-08-27 20:24:51,102 [JvmPauseMonitor0] INFO  util.JvmPauseMonitor (JvmPauseMonitor.java:run(146)) - JvmPauseMonitor-c84a515b-4d03-4436-a01a-6f49f498d444: Started
2024-08-27 20:24:51,111 [main] INFO  http.BaseHttpServer (BaseHttpServer.java:newHttpServer2BuilderForOzone(223)) - Starting Web-server for scm at: http://0.0.0.0:15003
2024-08-27 20:24:51,111 [main] INFO  http.BaseHttpServer (BaseHttpServer.java:<init>(110)) - Hadoop Security Enabled: false Ozone Security Enabled: false Ozone HTTP Security Enabled: false 
2024-08-27 20:24:51,137 [main] INFO  util.log (Log.java:initialized(170)) - Logging initialized @3855ms to org.eclipse.jetty.util.log.Slf4jLog
2024-08-27 20:24:51,215 [main] WARN  server.AuthenticationFilter (AuthenticationFilter.java:constructSecretProvider(240)) - Unable to initialize FileSignerSecretProvider, falling back to use random secrets. Reason: Could not read signature secret file: /home/runner/hadoop-http-auth-signature-secret
2024-08-27 20:24:51,221 [main] INFO  http.HttpRequestLog (HttpRequestLog.java:getRequestLog(86)) - Http request log for http.requests.scm is not defined
2024-08-27 20:24:51,227 [main] INFO  http.HttpServer2 (HttpServer2.java:addGlobalFilter(1035)) - Added global filter 'safety' (class=org.apache.hadoop.hdds.server.http.HttpServer2$QuotingInputFilter)
2024-08-27 20:24:51,229 [main] INFO  http.HttpServer2 (HttpServer2.java:addFilter(1011)) - Added filter static_user_filter (class=org.apache.hadoop.http.lib.StaticUserWebFilter$StaticUserFilter) to context scm
2024-08-27 20:24:51,229 [main] INFO  http.HttpServer2 (HttpServer2.java:addFilter(1019)) - Added filter static_user_filter (class=org.apache.hadoop.http.lib.StaticUserWebFilter$StaticUserFilter) to context static
2024-08-27 20:24:51,229 [main] INFO  http.HttpServer2 (HttpServer2.java:addFilter(1019)) - Added filter static_user_filter (class=org.apache.hadoop.http.lib.StaticUserWebFilter$StaticUserFilter) to context logs
2024-08-27 20:24:51,257 [main] INFO  http.BaseHttpServer (BaseHttpServer.java:<init>(189)) - HTTP server of scm uses base directory /home/runner/work/ozone/ozone/hadoop-ozone/integration-test/target/test-dir/MiniOzoneClusterImpl-2855d785-c18f-47a1-bcca-44ce8ce60223/ozone-meta/webserver
2024-08-27 20:24:51,258 [main] INFO  http.HttpServer2 (HttpServer2.java:bindListener(1235)) - Jetty bound to port 15003
2024-08-27 20:24:51,259 [main] INFO  server.Server (Server.java:doStart(375)) - jetty-9.4.55.v20240627; built: 2024-06-27T15:05:37.765Z; git: 70015831e5195ba74da6383c4ab7c90c56bb08af; jvm 17.0.12+7
2024-08-27 20:24:51,285 [main] INFO  server.session (DefaultSessionIdManager.java:doStart(334)) - DefaultSessionIdManager workerName=node0
2024-08-27 20:24:51,286 [main] INFO  server.session (DefaultSessionIdManager.java:doStart(339)) - No SessionScavenger set, using defaults
2024-08-27 20:24:51,287 [main] INFO  server.session (HouseKeeper.java:startScavenging(132)) - node0 Scavenging every 660000ms
2024-08-27 20:24:51,296 [main] INFO  handler.ContextHandler (ContextHandler.java:doStart(921)) - Started o.e.j.s.ServletContextHandler@67f0bf7e{logs,/logs,file:///home/runner/work/ozone/ozone/hadoop-ozone/integration-test/target/log,AVAILABLE}
2024-08-27 20:24:51,297 [main] INFO  handler.ContextHandler (ContextHandler.java:doStart(921)) - Started o.e.j.s.ServletContextHandler@619854a3{static,/static,file:///home/runner/work/ozone/ozone/hadoop-ozone/integration-test/target/test-classes/webapps/static,AVAILABLE}
2024-08-27 20:24:51,331 [main] INFO  handler.ContextHandler (ContextHandler.java:doStart(921)) - Started o.e.j.w.WebAppContext@282240{scm,/,file:///home/runner/work/ozone/ozone/hadoop-ozone/integration-test/target/test-classes/webapps/scm/,AVAILABLE}{file:/home/runner/work/ozone/ozone/hadoop-ozone/integration-test/target/test-classes/webapps/scm}
2024-08-27 20:24:51,337 [main] INFO  server.AbstractConnector (AbstractConnector.java:doStart(333)) - Started ServerConnector@79e9c14{HTTP/1.1, (http/1.1)}{0.0.0.0:15003}
2024-08-27 20:24:51,337 [main] INFO  server.Server (Server.java:doStart(415)) - Started @4055ms
2024-08-27 20:24:51,339 [main] INFO  impl.MetricsSinkAdapter (MetricsSinkAdapter.java:start(204)) - Sink prometheus started
2024-08-27 20:24:51,339 [main] INFO  impl.MetricsSystemImpl (MetricsSystemImpl.java:registerSink(305)) - Registered sink prometheus
2024-08-27 20:24:51,341 [main] INFO  http.BaseHttpServer (BaseHttpServer.java:updateConnectorAddress(354)) - HTTP server of scm listening at http://0.0.0.0:15003
2024-08-27 20:24:51,344 [main] WARN  server.ServerUtils (ServerUtils.java:getDBPath(299)) - ozone.om.db.dirs is not configured. We recommend adding this setting. Falling back to ozone.metadata.dirs instead.
2024-08-27 20:24:51,396 [main] INFO  audit.AuditLogger (AuditLogger.java:refreshDebugCmdSet(135)) - Refresh DebugCmdSet for OMAudit to [].
2024-08-27 20:24:51,412 [main] INFO  audit.AuditLogger (AuditLogger.java:refreshDebugCmdSet(135)) - Refresh DebugCmdSet for OMSystemAudit to [].
2024-08-27 20:24:51,449 [main] INFO  ha.OMHANodeDetails (OMHANodeDetails.java:loadOMHAConfig(115)) - ozone.om.internal.service.id is not defined, falling back to ozone.om.service.ids to find serviceID for OzoneManager if it is HA enabled cluster
2024-08-27 20:24:51,453 [main] INFO  ha.OMHANodeDetails (OMHANodeDetails.java:loadOMHAConfig(226)) - Configuration does not have ozone.om.address set. Falling back to the default OM address /127.0.0.1:15004
2024-08-27 20:24:51,453 [main] INFO  ha.OMHANodeDetails (OMHANodeDetails.java:getOMNodeDetailsForNonHA(254)) - OM Service ID is not set. Setting it to the default ID: omServiceIdDefault
2024-08-27 20:24:51,453 [main] INFO  ha.OMHANodeDetails (OMHANodeDetails.java:getOMNodeDetailsForNonHA(261)) - OM Node ID is not set. Setting it to the default ID: om1
2024-08-27 20:24:51,457 [main] WARN  server.ServerUtils (ServerUtils.java:getDBPath(299)) - ozone.om.db.dirs is not configured. We recommend adding this setting. Falling back to ozone.metadata.dirs instead.
2024-08-27 20:24:51,460 [main] INFO  upgrade.AbstractLayoutVersionManager (AbstractLayoutVersionManager.java:init(83)) - Initializing Layout version manager with metadata layout = HBASE_SUPPORT (version = 7), software layout = HBASE_SUPPORT (version = 7)
2024-08-27 20:24:51,571 [main] INFO  reflections.Reflections (Reflections.java:scan(219)) - Reflections took 109 ms to scan 2 urls, producing 188 keys and 552 values
2024-08-27 20:24:51,576 [main] INFO  upgrade.OMLayoutVersionManager (OMLayoutVersionManager.java:lambda$0(113)) - Skipping Upgrade Action QuotaRepairUpgradeAction since it has been finalized.
2024-08-27 20:24:51,577 [main] INFO  upgrade.OMLayoutVersionManager (OMLayoutVersionManager.java:lambda$0(113)) - Skipping Upgrade Action MockOmUpgradeAction since it has been finalized.
2024-08-27 20:24:51,579 [main] WARN  server.ServerUtils (ServerUtils.java:getDBPath(299)) - ozone.om.db.dirs is not configured. We recommend adding this setting. Falling back to ozone.metadata.dirs instead.
2024-08-27 20:24:51,754 [main] INFO  proxy.SCMBlockLocationFailoverProxyProvider (SCMBlockLocationFailoverProxyProvider.java:<init>(115)) - Created block location fail-over proxy with 1 nodes: [nodeId=scmNodeId,nodeAddress=/0.0.0.0:15001]
2024-08-27 20:24:51,790 [main] INFO  proxy.SCMBlockLocationFailoverProxyProvider (SCMBlockLocationFailoverProxyProvider.java:<init>(115)) - Created block location fail-over proxy with 1 nodes: [nodeId=scmNodeId,nodeAddress=/0.0.0.0:15001]
2024-08-27 20:24:51,980 [main] INFO  om.OzoneManager (OzoneManager.java:<init>(701)) - OM start with adminUsers: [runner]
2024-08-27 20:24:52,001 [main] WARN  server.ServerUtils (ServerUtils.java:getDBPath(299)) - ozone.om.db.dirs is not configured. We recommend adding this setting. Falling back to ozone.metadata.dirs instead.
2024-08-27 20:24:52,033 [main] INFO  helpers.OmKeyInfo (OmKeyInfo.java:getCodec(72)) - OmKeyInfo.getCodec ignorePipeline = true
2024-08-27 20:24:52,342 [main] INFO  om.OzoneManager (OzoneManager.java:instantiateServices(835)) - S3 Multi-Tenancy is disabled
2024-08-27 20:24:52,374 [main] INFO  om.OmSnapshotManager (OmSnapshotManager.java:<init>(180)) - Ozone filesystem snapshot feature is enabled.
2024-08-27 20:24:52,381 [main] WARN  server.ServerUtils (ServerUtils.java:getDBPath(299)) - ozone.om.snapshot.diff.db.dir is not configured. We recommend adding this setting. Falling back to ozone.metadata.dirs instead.
2024-08-27 20:24:52,428 [main] INFO  utils.NativeLibraryLoader (NativeLibraryLoader.java:loadLibrary(111)) - Loading Library: ozone_rocksdb_tools
2024-08-27 20:24:52,429 [main] ERROR snapshot.SnapshotDiffManager (SnapshotDiffManager.java:initNativeLibraryForEfficientDiff(287)) - Native Library for raw sst file reading loading failed.
org.apache.hadoop.hdds.utils.NativeLibraryNotLoadedException: Unable to load library ozone_rocksdb_tools from both java.library.path & resource file libozone_rocksdb_tools.so from jar.
	at org.apache.hadoop.hdds.utils.db.managed.ManagedRawSSTFileReader.loadLibrary(ManagedRawSSTFileReader.java:40)
	at org.apache.hadoop.ozone.om.snapshot.SnapshotDiffManager.initNativeLibraryForEfficientDiff(SnapshotDiffManager.java:285)
	at org.apache.hadoop.ozone.om.snapshot.SnapshotDiffManager.<init>(SnapshotDiffManager.java:259)
	at org.apache.hadoop.ozone.om.OmSnapshotManager.<init>(OmSnapshotManager.java:287)
	at org.apache.hadoop.ozone.om.OzoneManager.instantiateServices(OzoneManager.java:887)
	at org.apache.hadoop.ozone.om.OzoneManager.<init>(OzoneManager.java:711)
	at org.apache.hadoop.ozone.om.OzoneManager.createOm(OzoneManager.java:798)
	at org.apache.hadoop.ozone.MiniOzoneClusterImpl$Builder.createOM(MiniOzoneClusterImpl.java:703)
	at org.apache.hadoop.ozone.MiniOzoneClusterImpl$Builder.createAndStartSingleOM(MiniOzoneClusterImpl.java:687)
	at org.apache.hadoop.ozone.MiniOzoneClusterImpl$Builder.build(MiniOzoneClusterImpl.java:549)
	at org.apache.hadoop.hdds.scm.node.TestQueryNode.setUp(TestQueryNode.java:77)
	at java.base/jdk.internal.reflect.NativeMethodAccessorImpl.invoke0(Native Method)
	at java.base/jdk.internal.reflect.NativeMethodAccessorImpl.invoke(NativeMethodAccessorImpl.java:77)
	at java.base/jdk.internal.reflect.DelegatingMethodAccessorImpl.invoke(DelegatingMethodAccessorImpl.java:43)
	at java.base/java.lang.reflect.Method.invoke(Method.java:569)
	at org.junit.platform.commons.util.ReflectionUtils.invokeMethod(ReflectionUtils.java:728)
	at org.junit.jupiter.engine.execution.MethodInvocation.proceed(MethodInvocation.java:60)
	at org.junit.jupiter.engine.execution.InvocationInterceptorChain$ValidatingInvocation.proceed(InvocationInterceptorChain.java:131)
	at org.junit.jupiter.engine.extension.TimeoutExtension.intercept(TimeoutExtension.java:156)
	at org.junit.jupiter.engine.extension.TimeoutExtension.interceptLifecycleMethod(TimeoutExtension.java:128)
	at org.junit.jupiter.engine.extension.TimeoutExtension.interceptBeforeEachMethod(TimeoutExtension.java:78)
	at org.junit.jupiter.engine.execution.InterceptingExecutableInvoker$ReflectiveInterceptorCall.lambda$ofVoidMethod$0(InterceptingExecutableInvoker.java:103)
	at org.junit.jupiter.engine.execution.InterceptingExecutableInvoker.lambda$invoke$0(InterceptingExecutableInvoker.java:93)
	at org.junit.jupiter.engine.execution.InvocationInterceptorChain$InterceptedInvocation.proceed(InvocationInterceptorChain.java:106)
	at org.junit.jupiter.engine.execution.InvocationInterceptorChain.proceed(InvocationInterceptorChain.java:64)
	at org.junit.jupiter.engine.execution.InvocationInterceptorChain.chainAndInvoke(InvocationInterceptorChain.java:45)
	at org.junit.jupiter.engine.execution.InvocationInterceptorChain.invoke(InvocationInterceptorChain.java:37)
	at org.junit.jupiter.engine.execution.InterceptingExecutableInvoker.invoke(InterceptingExecutableInvoker.java:92)
	at org.junit.jupiter.engine.execution.InterceptingExecutableInvoker.invoke(InterceptingExecutableInvoker.java:86)
	at org.junit.jupiter.engine.descriptor.ClassBasedTestDescriptor.invokeMethodInExtensionContext(ClassBasedTestDescriptor.java:521)
	at org.junit.jupiter.engine.descriptor.ClassBasedTestDescriptor.lambda$synthesizeBeforeEachMethodAdapter$23(ClassBasedTestDescriptor.java:506)
	at org.junit.jupiter.engine.descriptor.TestMethodTestDescriptor.lambda$invokeBeforeEachMethods$3(TestMethodTestDescriptor.java:175)
	at org.junit.jupiter.engine.descriptor.TestMethodTestDescriptor.lambda$invokeBeforeMethodsOrCallbacksUntilExceptionOccurs$6(TestMethodTestDescriptor.java:203)
	at org.junit.platform.engine.support.hierarchical.ThrowableCollector.execute(ThrowableCollector.java:73)
	at org.junit.jupiter.engine.descriptor.TestMethodTestDescriptor.invokeBeforeMethodsOrCallbacksUntilExceptionOccurs(TestMethodTestDescriptor.java:203)
	at org.junit.jupiter.engine.descriptor.TestMethodTestDescriptor.invokeBeforeEachMethods(TestMethodTestDescriptor.java:172)
	at org.junit.jupiter.engine.descriptor.TestMethodTestDescriptor.execute(TestMethodTestDescriptor.java:135)
	at org.junit.jupiter.engine.descriptor.TestMethodTestDescriptor.execute(TestMethodTestDescriptor.java:69)
	at org.junit.platform.engine.support.hierarchical.NodeTestTask.lambda$executeRecursively$6(NodeTestTask.java:151)
	at org.junit.platform.engine.support.hierarchical.ThrowableCollector.execute(ThrowableCollector.java:73)
	at org.junit.platform.engine.support.hierarchical.NodeTestTask.lambda$executeRecursively$8(NodeTestTask.java:141)
	at org.junit.platform.engine.support.hierarchical.Node.around(Node.java:137)
	at org.junit.platform.engine.support.hierarchical.NodeTestTask.lambda$executeRecursively$9(NodeTestTask.java:139)
	at org.junit.platform.engine.support.hierarchical.ThrowableCollector.execute(ThrowableCollector.java:73)
	at org.junit.platform.engine.support.hierarchical.NodeTestTask.executeRecursively(NodeTestTask.java:138)
	at org.junit.platform.engine.support.hierarchical.NodeTestTask.execute(NodeTestTask.java:95)
	at java.base/java.util.ArrayList.forEach(ArrayList.java:1511)
	at org.junit.platform.engine.support.hierarchical.SameThreadHierarchicalTestExecutorService.invokeAll(SameThreadHierarchicalTestExecutorService.java:41)
	at org.junit.platform.engine.support.hierarchical.NodeTestTask.lambda$executeRecursively$6(NodeTestTask.java:155)
	at org.junit.platform.engine.support.hierarchical.ThrowableCollector.execute(ThrowableCollector.java:73)
	at org.junit.platform.engine.support.hierarchical.NodeTestTask.lambda$executeRecursively$8(NodeTestTask.java:141)
	at org.junit.platform.engine.support.hierarchical.Node.around(Node.java:137)
	at org.junit.platform.engine.support.hierarchical.NodeTestTask.lambda$executeRecursively$9(NodeTestTask.java:139)
	at org.junit.platform.engine.support.hierarchical.ThrowableCollector.execute(ThrowableCollector.java:73)
	at org.junit.platform.engine.support.hierarchical.NodeTestTask.executeRecursively(NodeTestTask.java:138)
	at org.junit.platform.engine.support.hierarchical.NodeTestTask.execute(NodeTestTask.java:95)
	at java.base/java.util.ArrayList.forEach(ArrayList.java:1511)
	at org.junit.platform.engine.support.hierarchical.SameThreadHierarchicalTestExecutorService.invokeAll(SameThreadHierarchicalTestExecutorService.java:41)
	at org.junit.platform.engine.support.hierarchical.NodeTestTask.lambda$executeRecursively$6(NodeTestTask.java:155)
	at org.junit.platform.engine.support.hierarchical.ThrowableCollector.execute(ThrowableCollector.java:73)
	at org.junit.platform.engine.support.hierarchical.NodeTestTask.lambda$executeRecursively$8(NodeTestTask.java:141)
	at org.junit.platform.engine.support.hierarchical.Node.around(Node.java:137)
	at org.junit.platform.engine.support.hierarchical.NodeTestTask.lambda$executeRecursively$9(NodeTestTask.java:139)
	at org.junit.platform.engine.support.hierarchical.ThrowableCollector.execute(ThrowableCollector.java:73)
	at org.junit.platform.engine.support.hierarchical.NodeTestTask.executeRecursively(NodeTestTask.java:138)
	at org.junit.platform.engine.support.hierarchical.NodeTestTask.execute(NodeTestTask.java:95)
	at org.junit.platform.engine.support.hierarchical.SameThreadHierarchicalTestExecutorService.submit(SameThreadHierarchicalTestExecutorService.java:35)
	at org.junit.platform.engine.support.hierarchical.HierarchicalTestExecutor.execute(HierarchicalTestExecutor.java:57)
	at org.junit.platform.engine.support.hierarchical.HierarchicalTestEngine.execute(HierarchicalTestEngine.java:54)
	at org.junit.platform.launcher.core.EngineExecutionOrchestrator.execute(EngineExecutionOrchestrator.java:198)
	at org.junit.platform.launcher.core.EngineExecutionOrchestrator.execute(EngineExecutionOrchestrator.java:169)
	at org.junit.platform.launcher.core.EngineExecutionOrchestrator.execute(EngineExecutionOrchestrator.java:93)
	at org.junit.platform.launcher.core.EngineExecutionOrchestrator.lambda$execute$0(EngineExecutionOrchestrator.java:58)
	at org.junit.platform.launcher.core.EngineExecutionOrchestrator.withInterceptedStreams(EngineExecutionOrchestrator.java:141)
	at org.junit.platform.launcher.core.EngineExecutionOrchestrator.execute(EngineExecutionOrchestrator.java:57)
	at org.junit.platform.launcher.core.DefaultLauncher.execute(DefaultLauncher.java:103)
	at org.junit.platform.launcher.core.DefaultLauncher.execute(DefaultLauncher.java:85)
	at org.junit.platform.launcher.core.DelegatingLauncher.execute(DelegatingLauncher.java:47)
	at org.junit.platform.launcher.core.SessionPerRequestLauncher.execute(SessionPerRequestLauncher.java:63)
	at org.apache.maven.surefire.junitplatform.JUnitPlatformProvider.invokeAllTests(JUnitPlatformProvider.java:154)
	at org.apache.maven.surefire.junitplatform.JUnitPlatformProvider.invoke(JUnitPlatformProvider.java:123)
	at org.apache.maven.surefire.booter.ForkedBooter.runSuitesInProcess(ForkedBooter.java:377)
	at org.apache.maven.surefire.booter.ForkedBooter.execute(ForkedBooter.java:138)
	at org.apache.maven.surefire.booter.ForkedBooter.run(ForkedBooter.java:465)
	at org.apache.maven.surefire.booter.ForkedBooter.main(ForkedBooter.java:451)
2024-08-27 20:24:52,485 [main] INFO  om.OzoneManager (OzoneManager.java:addS3GVolumeToDB(4555)) - Created Volume s3v With Owner runner required for S3Gateway operations.
2024-08-27 20:24:52,542 [main] WARN  server.ServerUtils (ServerUtils.java:getDefaultRatisDirectory(311)) - Storage directory for Ratis is not configured. It is a good idea to map this to an SSD disk. Falling back to ozone.metadata.dirs
2024-08-27 20:24:52,542 [main] WARN  utils.OzoneManagerRatisUtils (OzoneManagerRatisUtils.java:getOMRatisSnapshotDirectory(478)) - ozone.om.ratis.snapshot.dir is not configured. Falling back to ozone.metadata.dirs config
2024-08-27 20:24:52,552 [main] WARN  server.ServerUtils (ServerUtils.java:getDefaultRatisDirectory(311)) - Storage directory for Ratis is not configured. It is a good idea to map this to an SSD disk. Falling back to ozone.metadata.dirs
2024-08-27 20:24:52,562 [main] INFO  server.RaftServerConfigKeys (ConfUtils.java:logGet(46)) - raft.server.log.appender.buffer.byte-limit = 4194304 (custom)
2024-08-27 20:24:52,568 [main] INFO  ratis.OzoneManagerRatisServer (OzoneManagerRatisServer.java:<init>(169)) - Instantiating OM Ratis server with groupID: omServiceIdDefault and peers: localhost:15007
2024-08-27 20:24:52,575 [main] INFO  ratis.OzoneManagerStateMachine (OzoneManagerStateMachine.java:loadSnapshotInfoFromDB(593)) - TransactionInfo not found in OM DB.
2024-08-27 20:24:52,613 [main] INFO  server.RaftServer (ConfUtils.java:logGet(46)) - raft.rpc.type = GRPC (default)
2024-08-27 20:24:52,618 [main] INFO  grpc.GrpcConfigKeys (ConfUtils.java:logFallback(53)) - raft.grpc.admin.host = null (fallback to raft.grpc.server.host)
2024-08-27 20:24:52,618 [main] INFO  grpc.GrpcConfigKeys (ConfUtils.java:logFallback(53)) - raft.grpc.admin.port = 15007 (fallback to raft.grpc.server.port)
2024-08-27 20:24:52,619 [main] INFO  grpc.GrpcConfigKeys (ConfUtils.java:logFallback(53)) - raft.grpc.client.host = null (fallback to raft.grpc.server.host)
2024-08-27 20:24:52,619 [main] INFO  grpc.GrpcConfigKeys (ConfUtils.java:logFallback(53)) - raft.grpc.client.port = 15007 (fallback to raft.grpc.server.port)
2024-08-27 20:24:52,619 [main] INFO  grpc.GrpcConfigKeys (ConfUtils.java:logGet(46)) - raft.grpc.server.host = null (default)
2024-08-27 20:24:52,619 [main] INFO  grpc.GrpcConfigKeys (ConfUtils.java:logGet(46)) - raft.grpc.server.port = 15007 (custom)
2024-08-27 20:24:52,620 [main] INFO  server.GrpcService (ConfUtils.java:logGet(46)) - raft.grpc.message.size.max = 5242880 (custom)
2024-08-27 20:24:52,620 [main] INFO  server.RaftServerConfigKeys (ConfUtils.java:logGet(46)) - raft.server.log.appender.buffer.byte-limit = 4194304 (custom)
2024-08-27 20:24:52,620 [main] INFO  server.GrpcService (ConfUtils.java:logGet(46)) - raft.grpc.flow.control.window = 1MB (=1048576) (default)
2024-08-27 20:24:52,621 [main] INFO  server.RaftServerConfigKeys (ConfUtils.java:logGet(46)) - raft.server.rpc.request.timeout = 3000ms (default)
2024-08-27 20:24:52,626 [main] INFO  grpc.GrpcConfigKeys (ConfUtils.java:logGet(46)) - raft.grpc.server.heartbeat.channel = true (default)
2024-08-27 20:24:52,628 [main] INFO  grpc.GrpcConfigKeys (ConfUtils.java:logGet(46)) - raft.grpc.server.async.request.thread.pool.cached = true (default)
2024-08-27 20:24:52,628 [main] INFO  grpc.GrpcConfigKeys (ConfUtils.java:logGet(46)) - raft.grpc.server.async.request.thread.pool.size = 32 (default)
2024-08-27 20:24:52,737 [main] INFO  impl.DataStreamServerImpl (ConfUtils.java:logGet(46)) - raft.datastream.type = DISABLED (default)
2024-08-27 20:24:52,739 [main] INFO  server.RaftServerConfigKeys (ConfUtils.java:logGet(46)) - raft.server.sleep.deviation.threshold = 300ms (default)
2024-08-27 20:24:52,739 [main] INFO  server.RaftServerConfigKeys (ConfUtils.java:logGet(46)) - raft.server.close.threshold = 60s (default)
2024-08-27 20:24:52,739 [main] INFO  server.RaftServerConfigKeys (ConfUtils.java:logGet(46)) - raft.server.leaderelection.leader.step-down.wait-time = 10s (default)
2024-08-27 20:24:52,741 [main] INFO  server.RaftServerConfigKeys (ConfUtils.java:logGet(46)) - raft.server.storage.dir = [/home/runner/work/ozone/ozone/hadoop-ozone/integration-test/target/test-dir/MiniOzoneClusterImpl-2855d785-c18f-47a1-bcca-44ce8ce60223/ozone-meta/ratis] (custom)
2024-08-27 20:24:52,741 [main] INFO  server.RaftServerConfigKeys (ConfUtils.java:logGet(46)) - raft.server.threadpool.proxy.cached = true (default)
2024-08-27 20:24:52,742 [main] INFO  server.RaftServerConfigKeys (ConfUtils.java:logGet(46)) - raft.server.threadpool.proxy.size = 0 (default)
2024-08-27 20:24:52,747 [main] INFO  server.RaftServer (RaftServerProxy.java:addNew(101)) - om1: addNew group-C5BA1605619E:[om1|localhost:15007] returns group-C5BA1605619E:java.util.concurrent.CompletableFuture@765d2d4d[Not completed]
2024-08-27 20:24:52,748 [main] INFO  om.OzoneManager (OzoneManager.java:initializeRatisServer(2203)) - OzoneManager Ratis server initialized at port 15007
2024-08-27 20:24:52,751 [main] INFO  om.OzoneManager (OzoneManager.java:getRpcServer(1251)) - Creating RPC Server
2024-08-27 20:24:52,754 [om1-groupManagement] INFO  server.RaftServer$Division (RaftServerImpl.java:<init>(253)) - om1: new RaftServerImpl for group-C5BA1605619E:[om1|localhost:15007] with OzoneManagerStateMachine:uninitialized
2024-08-27 20:24:52,755 [om1-groupManagement] INFO  server.RaftServerConfigKeys (ConfUtils.java:logGet(46)) - raft.server.rpc.timeout.min = 1s (custom)
2024-08-27 20:24:52,756 [om1-groupManagement] INFO  server.RaftServerConfigKeys (ConfUtils.java:logGet(46)) - raft.server.rpc.timeout.max = 1200ms (custom)
2024-08-27 20:24:52,756 [om1-groupManagement] INFO  server.RaftServerConfigKeys (ConfUtils.java:logGet(46)) - raft.server.rpc.sleep.time = 25ms (default)
2024-08-27 20:24:52,756 [om1-groupManagement] INFO  server.RaftServerConfigKeys (ConfUtils.java:logGet(46)) - raft.server.rpc.slowness.timeout = 120s (custom)
2024-08-27 20:24:52,756 [om1-groupManagement] INFO  server.RaftServerConfigKeys (ConfUtils.java:logGet(46)) - raft.server.leaderelection.leader.step-down.wait-time = 10s (default)
2024-08-27 20:24:52,757 [om1-groupManagement] INFO  server.RaftServerConfigKeys (ConfUtils.java:logGet(46)) - raft.server.leaderelection.member.majority-add = false (default)
2024-08-27 20:24:52,757 [om1-groupManagement] INFO  server.RaftServerConfigKeys (ConfUtils.java:logGet(46)) - raft.server.sleep.deviation.threshold = 300ms (default)
2024-08-27 20:24:52,762 [om1-groupManagement] INFO  server.RaftServer$Division (ServerState.java:<init>(114)) - om1@group-C5BA1605619E: ConfigurationManager, init=conf: {index: -1, cur=peers:[om1|localhost:15007]|listeners:[], old=null}, confs=<EMPTY_MAP>
2024-08-27 20:24:52,767 [om1-groupManagement] INFO  server.RaftServerConfigKeys (ConfUtils.java:logGet(46)) - raft.server.notification.no-leader.timeout = 120s (custom)
2024-08-27 20:24:52,769 [om1-groupManagement] INFO  server.RaftServerConfigKeys (ConfUtils.java:logGet(46)) - raft.server.read.timeout = 10s (default)
2024-08-27 20:24:52,773 [om1-groupManagement] INFO  server.RaftServerConfigKeys (ConfUtils.java:logGet(46)) - raft.server.retrycache.expirytime = 300s (custom)
2024-08-27 20:24:52,773 [om1-groupManagement] INFO  server.RaftServerConfigKeys (ConfUtils.java:logGet(46)) - raft.server.retrycache.statistics.expirytime = 100ms (default)
2024-08-27 20:24:52,776 [om1-groupManagement] INFO  server.RaftServerConfigKeys (ConfUtils.java:logGet(46)) - raft.server.read.option = DEFAULT (default)
2024-08-27 20:24:52,777 [om1-groupManagement] INFO  server.RaftServerConfigKeys (ConfUtils.java:logGet(46)) - raft.server.read.read-after-write-consistent.write-index-cache.expiry-time = 60s (default)
2024-08-27 20:24:52,834 [om1-groupManagement] INFO  server.RaftServerConfigKeys (ConfUtils.java:logGet(46)) - raft.server.rpc.request.timeout = 3000ms (default)
2024-08-27 20:24:52,837 [om1-groupManagement] INFO  server.RaftServerConfigKeys (ConfUtils.java:logGet(46)) - raft.server.log.appender.install.snapshot.enabled = false (custom)
2024-08-27 20:24:52,838 [om1-groupManagement] INFO  server.RaftServerConfigKeys (ConfUtils.java:logGet(46)) - raft.server.threadpool.server.cached = true (default)
2024-08-27 20:24:52,838 [om1-groupManagement] INFO  server.RaftServerConfigKeys (ConfUtils.java:logGet(46)) - raft.server.threadpool.server.size = 0 (default)
2024-08-27 20:24:52,839 [om1-groupManagement] INFO  server.RaftServerConfigKeys (ConfUtils.java:logGet(46)) - raft.server.threadpool.client.cached = true (default)
2024-08-27 20:24:52,840 [om1-groupManagement] INFO  server.RaftServerConfigKeys (ConfUtils.java:logGet(46)) - raft.server.threadpool.client.size = 0 (default)
2024-08-27 20:24:53,724 [main] INFO  reflections.Reflections (Reflections.java:scan(219)) - Reflections took 923 ms to scan 20 urls, producing 59 keys and 7183 values
2024-08-27 20:24:53,903 [main] INFO  ipc.CallQueueManager (CallQueueManager.java:<init>(90)) - Using callQueue: class java.util.concurrent.LinkedBlockingQueue, queueCapacity: 2000, scheduler: class org.apache.hadoop.ipc.DefaultRpcScheduler, ipcBackoff: false.
2024-08-27 20:24:53,904 [main] INFO  ipc.Server (Server.java:<init>(1287)) - Listener at 127.0.0.1:15004
2024-08-27 20:24:53,904 [Socket Reader #1 for port 15004] INFO  ipc.Server (Server.java:run(1323)) - Starting Socket Reader #1 for port 15004
2024-08-27 20:24:53,906 [Socket Reader #2 for port 15004] INFO  ipc.Server (Server.java:run(1323)) - Starting Socket Reader #2 for port 15004
2024-08-27 20:24:53,906 [Socket Reader #3 for port 15004] INFO  ipc.Server (Server.java:run(1323)) - Starting Socket Reader #3 for port 15004
2024-08-27 20:24:53,910 [Socket Reader #4 for port 15004] INFO  ipc.Server (Server.java:run(1323)) - Starting Socket Reader #4 for port 15004
2024-08-27 20:24:53,910 [Socket Reader #5 for port 15004] INFO  ipc.Server (Server.java:run(1323)) - Starting Socket Reader #5 for port 15004
2024-08-27 20:24:53,911 [Socket Reader #7 for port 15004] INFO  ipc.Server (Server.java:run(1323)) - Starting Socket Reader #7 for port 15004
2024-08-27 20:24:53,911 [Socket Reader #6 for port 15004] INFO  ipc.Server (Server.java:run(1323)) - Starting Socket Reader #6 for port 15004
2024-08-27 20:24:53,911 [Socket Reader #8 for port 15004] INFO  ipc.Server (Server.java:run(1323)) - Starting Socket Reader #8 for port 15004
2024-08-27 20:24:53,912 [Socket Reader #9 for port 15004] INFO  ipc.Server (Server.java:run(1323)) - Starting Socket Reader #9 for port 15004
2024-08-27 20:24:53,912 [Socket Reader #10 for port 15004] INFO  ipc.Server (Server.java:run(1323)) - Starting Socket Reader #10 for port 15004
2024-08-27 20:24:53,951 [main] INFO  impl.MetricsSystemImpl (MetricsSystemImpl.java:init(158)) - OzoneManager metrics system started (again)
2024-08-27 20:24:53,963 [main] INFO  om.OzoneManager (OzoneManager.java:start(1679)) - OzoneManager RPC server is listening at localhost/127.0.0.1:15004
2024-08-27 20:24:53,963 [main] INFO  ratis.OzoneManagerRatisServer (OzoneManagerRatisServer.java:start(595)) - Starting OzoneManagerRatisServer om1 at port 15007
2024-08-27 20:24:53,966 [om1-impl-thread1] INFO  server.RaftServerConfigKeys (ConfUtils.java:logGet(46)) - raft.server.storage.free-space.min = 0MB (=0) (default)
2024-08-27 20:24:53,966 [om1-impl-thread1] INFO  server.RaftServerConfigKeys (ConfUtils.java:logGet(46)) - raft.server.log.corruption.policy = EXCEPTION (default)
2024-08-27 20:24:53,966 [om1-impl-thread1] INFO  server.RaftServerConfigKeys (ConfUtils.java:logGet(46)) - raft.server.storage.dir = [/home/runner/work/ozone/ozone/hadoop-ozone/integration-test/target/test-dir/MiniOzoneClusterImpl-2855d785-c18f-47a1-bcca-44ce8ce60223/ozone-meta/ratis] (custom)
2024-08-27 20:24:53,971 [om1-impl-thread1] INFO  storage.RaftStorageDirectory (RaftStorageDirectoryImpl.java:analyzeStorage(138)) - The storage directory /home/runner/work/ozone/ozone/hadoop-ozone/integration-test/target/test-dir/MiniOzoneClusterImpl-2855d785-c18f-47a1-bcca-44ce8ce60223/ozone-meta/ratis/bf265839-605b-3f16-9796-c5ba1605619e does not exist. Creating ...
2024-08-27 20:24:53,974 [om1-impl-thread1] INFO  storage.RaftStorageDirectory (RaftStorageDirectoryImpl.java:tryLock(229)) - Lock on /home/runner/work/ozone/ozone/hadoop-ozone/integration-test/target/test-dir/MiniOzoneClusterImpl-2855d785-c18f-47a1-bcca-44ce8ce60223/ozone-meta/ratis/bf265839-605b-3f16-9796-c5ba1605619e/in_use.lock acquired by nodename 43194@fv-az884-737
2024-08-27 20:24:53,979 [om1-impl-thread1] INFO  storage.RaftStorage (RaftStorageImpl.java:format(98)) - Storage directory /home/runner/work/ozone/ozone/hadoop-ozone/integration-test/target/test-dir/MiniOzoneClusterImpl-2855d785-c18f-47a1-bcca-44ce8ce60223/ozone-meta/ratis/bf265839-605b-3f16-9796-c5ba1605619e has been successfully formatted.
2024-08-27 20:24:53,981 [om1-impl-thread1] INFO  server.RaftServerConfigKeys (ConfUtils.java:logGet(46)) - raft.server.log.use.memory = false (default)
2024-08-27 20:24:53,992 [om1-impl-thread1] INFO  server.RaftServerConfigKeys (ConfUtils.java:logGet(46)) - raft.server.log.purge.gap = 1000000 (custom)
2024-08-27 20:24:53,992 [om1-impl-thread1] INFO  server.RaftServerConfigKeys (ConfUtils.java:logGet(46)) - raft.server.log.appender.buffer.byte-limit = 4194304 (custom)
2024-08-27 20:24:53,993 [om1-impl-thread1] INFO  server.RaftServerConfigKeys (ConfUtils.java:logGet(46)) - raft.server.log.statemachine.data.read.timeout = 1000ms (default)
2024-08-27 20:24:53,994 [om1-impl-thread1] INFO  server.RaftServerConfigKeys (ConfUtils.java:logGet(46)) - raft.server.log.purge.preservation.log.num = 0 (default)
2024-08-27 20:24:54,002 [om1-impl-thread1] INFO  server.RaftServerConfigKeys (ConfUtils.java:logGet(46)) - raft.server.log.segment.size.max = 4194304 (custom)
2024-08-27 20:24:54,009 [om1-impl-thread1] INFO  server.RaftServerConfigKeys (ConfUtils.java:logGet(46)) - raft.server.log.segment.cache.num.max = 2 (custom)
2024-08-27 20:24:54,009 [om1-impl-thread1] INFO  server.RaftServerConfigKeys (ConfUtils.java:logGet(46)) - raft.server.log.segment.cache.size.max = 200MB (=209715200) (default)
2024-08-27 20:24:54,009 [om1-impl-thread1] INFO  server.RaftServerConfigKeys (ConfUtils.java:logGet(46)) - raft.server.log.appender.buffer.byte-limit = 4194304 (custom)
2024-08-27 20:24:54,010 [om1-impl-thread1] INFO  util.AwaitToRun (AwaitToRun.java:start(81)) - Thread[om1@group-C5BA1605619E-cacheEviction-AwaitToRun,5,main] started
2024-08-27 20:24:54,013 [om1-impl-thread1] INFO  segmented.SegmentedRaftLogWorker (SegmentedRaftLogWorker.java:<init>(184)) - new om1@group-C5BA1605619E-SegmentedRaftLogWorker for RaftStorageImpl:Storage Directory /home/runner/work/ozone/ozone/hadoop-ozone/integration-test/target/test-dir/MiniOzoneClusterImpl-2855d785-c18f-47a1-bcca-44ce8ce60223/ozone-meta/ratis/bf265839-605b-3f16-9796-c5ba1605619e
2024-08-27 20:24:54,014 [om1-impl-thread1] INFO  server.RaftServerConfigKeys (ConfUtils.java:logGet(46)) - raft.server.log.queue.byte-limit = 64MB (=67108864) (default)
2024-08-27 20:24:54,014 [om1-impl-thread1] INFO  server.RaftServerConfigKeys (ConfUtils.java:logGet(46)) - raft.server.log.queue.element-limit = 4096 (default)
2024-08-27 20:24:54,015 [om1-impl-thread1] INFO  server.RaftServerConfigKeys (ConfUtils.java:logGet(46)) - raft.server.log.segment.size.max = 4194304 (custom)
2024-08-27 20:24:54,016 [om1-impl-thread1] INFO  server.RaftServerConfigKeys (ConfUtils.java:logGet(46)) - raft.server.log.preallocated.size = 4194304 (custom)
2024-08-27 20:24:54,016 [om1-impl-thread1] INFO  server.RaftServerConfigKeys (ConfUtils.java:logGet(46)) - raft.server.log.force.sync.num = 128 (default)
2024-08-27 20:24:54,017 [om1-impl-thread1] INFO  server.RaftServerConfigKeys (ConfUtils.java:logGet(46)) - raft.server.log.statemachine.data.sync = true (default)
2024-08-27 20:24:54,017 [om1-impl-thread1] INFO  server.RaftServerConfigKeys (ConfUtils.java:logGet(46)) - raft.server.log.statemachine.data.sync.timeout = 10s (default)
2024-08-27 20:24:54,017 [om1-impl-thread1] INFO  server.RaftServerConfigKeys (ConfUtils.java:logGet(46)) - raft.server.log.statemachine.data.sync.timeout.retry = -1 (default)
2024-08-27 20:24:54,020 [om1-impl-thread1] INFO  server.RaftServerConfigKeys (ConfUtils.java:logGet(46)) - raft.server.log.write.buffer.size = 4194312 (custom)
2024-08-27 20:24:54,021 [om1-impl-thread1] INFO  server.RaftServerConfigKeys (ConfUtils.java:logGet(46)) - raft.server.log.appender.buffer.byte-limit = 4194304 (custom)
2024-08-27 20:24:54,022 [om1-impl-thread1] INFO  server.RaftServerConfigKeys (ConfUtils.java:logGet(46)) - raft.server.log.unsafe-flush.enabled = false (default)
2024-08-27 20:24:54,022 [om1-impl-thread1] INFO  server.RaftServerConfigKeys (ConfUtils.java:logGet(46)) - raft.server.log.async-flush.enabled = false (default)
2024-08-27 20:24:54,023 [om1-impl-thread1] INFO  server.RaftServerConfigKeys (ConfUtils.java:logGet(46)) - raft.server.log.statemachine.data.caching.enabled = false (default)
2024-08-27 20:24:54,027 [om1-impl-thread1] INFO  segmented.SegmentedRaftLogWorker (SegmentedRaftLogWorker.java:lambda$new$0(135)) - om1@group-C5BA1605619E-SegmentedRaftLogWorker: flushIndex: setUnconditionally 0 -> -1
2024-08-27 20:24:54,027 [om1-impl-thread1] INFO  segmented.SegmentedRaftLogWorker (SegmentedRaftLogWorker.java:lambda$new$0(135)) - om1@group-C5BA1605619E-SegmentedRaftLogWorker: safeCacheEvictIndex: setUnconditionally 0 -> -1
2024-08-27 20:24:54,029 [om1-impl-thread1] INFO  server.RaftServer$Division (RaftServerImpl.java:start(389)) - om1@group-C5BA1605619E: start as a follower, conf=conf: {index: -1, cur=peers:[om1|localhost:15007]|listeners:[], old=null}
2024-08-27 20:24:54,029 [om1-impl-thread1] INFO  server.RaftServer$Division (RaftServerImpl.java:setRole(376)) - om1@group-C5BA1605619E: changes role from      null to FOLLOWER at term 0 for startAsFollower
2024-08-27 20:24:54,030 [om1-impl-thread1] INFO  impl.RoleInfo (RoleInfo.java:updateAndGet(148)) - om1: start om1@group-C5BA1605619E-FollowerState
2024-08-27 20:24:54,031 [om1@group-C5BA1605619E-FollowerState] INFO  server.RaftServerConfigKeys (ConfUtils.java:logFallback(53)) - raft.server.rpc.first-election.timeout.min = 1s (fallback to raft.server.rpc.timeout.min)
2024-08-27 20:24:54,031 [om1@group-C5BA1605619E-FollowerState] INFO  server.RaftServerConfigKeys (ConfUtils.java:logFallback(53)) - raft.server.rpc.first-election.timeout.max = 1200ms (fallback to raft.server.rpc.timeout.max)
2024-08-27 20:24:54,033 [om1-impl-thread1] INFO  util.JmxRegister (JmxRegister.java:tryRegister(44)) - Successfully registered JMX Bean with object name Ratis:service=RaftServer,group=group-C5BA1605619E,id=om1
2024-08-27 20:24:54,034 [om1-impl-thread1] INFO  util.JmxRegister (JmxRegister.java:register(58)) - register mxBean class org.apache.ratis.server.impl.RaftServerJmxAdapter as Ratis:service=RaftServer,group=group-C5BA1605619E,id=om1
2024-08-27 20:24:54,036 [om1-impl-thread1] INFO  server.RaftServerConfigKeys (ConfUtils.java:logGet(46)) - raft.server.snapshot.trigger-when-stop.enabled = true (default)
2024-08-27 20:24:54,037 [om1-impl-thread1] INFO  server.RaftServerConfigKeys (ConfUtils.java:logGet(46)) - raft.server.snapshot.trigger-when-remove.enabled = true (default)
2024-08-27 20:24:54,038 [om1-impl-thread1] INFO  server.RaftServerConfigKeys (ConfUtils.java:logGet(46)) - raft.server.snapshot.auto.trigger.enabled = true (custom)
2024-08-27 20:24:54,039 [om1-impl-thread1] INFO  server.RaftServerConfigKeys (ConfUtils.java:logGet(46)) - raft.server.snapshot.auto.trigger.threshold = 400000 (default)
2024-08-27 20:24:54,039 [om1-impl-thread1] INFO  server.RaftServerConfigKeys (ConfUtils.java:logGet(46)) - raft.server.snapshot.retention.file.num = -1 (default)
2024-08-27 20:24:54,040 [om1-impl-thread1] INFO  server.RaftServerConfigKeys (ConfUtils.java:logGet(46)) - raft.server.log.purge.upto.snapshot.index = true (custom)
2024-08-27 20:24:54,047 [main] INFO  server.RaftServer (RaftServerProxy.java:startImpl(408)) - om1: start RPC server
2024-08-27 20:24:54,078 [main] INFO  server.GrpcService (GrpcService.java:startImpl(302)) - om1: GrpcService started, listening on 15007
2024-08-27 20:24:54,078 [JvmPauseMonitor1] INFO  util.JvmPauseMonitor (JvmPauseMonitor.java:run(146)) - JvmPauseMonitor-om1: Started
2024-08-27 20:24:54,079 [main] INFO  om.OzoneManager (OzoneManager.java:start(1694)) - Version File has different layout version (7) than OM DB (null). That is expected if this OM has never been finalized to a newer layout version.
2024-08-27 20:24:54,092 [main] INFO  client.ScmTopologyClient (ScmTopologyClient.java:start(72)) - Initial network topology fetched from SCM: /.
2024-08-27 20:24:54,093 [main] INFO  net.NodeSchemaLoader (NodeSchemaLoader.java:loadSchemaFromFile(129)) - Loading schema from [jar:file:/home/runner/work/ozone/ozone/hadoop-hdds/common/target/hdds-common-1.5.0-SNAPSHOT.jar!/network-topology-default.xml]
2024-08-27 20:24:54,093 [main] INFO  net.NodeSchemaLoader (NodeSchemaLoader.java:loadSchema(176)) - Loading network topology layer schema file
2024-08-27 20:24:54,116 [main] INFO  http.BaseHttpServer (BaseHttpServer.java:newHttpServer2BuilderForOzone(223)) - Starting Web-server for ozoneManager at: http://0.0.0.0:15005
2024-08-27 20:24:54,116 [main] INFO  http.BaseHttpServer (BaseHttpServer.java:<init>(110)) - Hadoop Security Enabled: false Ozone Security Enabled: false Ozone HTTP Security Enabled: false 
2024-08-27 20:24:54,118 [main] WARN  server.AuthenticationFilter (AuthenticationFilter.java:constructSecretProvider(240)) - Unable to initialize FileSignerSecretProvider, falling back to use random secrets. Reason: Could not read signature secret file: /home/runner/hadoop-http-auth-signature-secret
2024-08-27 20:24:54,119 [main] INFO  http.HttpRequestLog (HttpRequestLog.java:getRequestLog(86)) - Http request log for http.requests.ozoneManager is not defined
2024-08-27 20:24:54,120 [main] INFO  http.HttpServer2 (HttpServer2.java:addGlobalFilter(1035)) - Added global filter 'safety' (class=org.apache.hadoop.hdds.server.http.HttpServer2$QuotingInputFilter)
2024-08-27 20:24:54,121 [main] INFO  http.HttpServer2 (HttpServer2.java:addFilter(1011)) - Added filter static_user_filter (class=org.apache.hadoop.http.lib.StaticUserWebFilter$StaticUserFilter) to context ozoneManager
2024-08-27 20:24:54,122 [main] INFO  http.HttpServer2 (HttpServer2.java:addFilter(1019)) - Added filter static_user_filter (class=org.apache.hadoop.http.lib.StaticUserWebFilter$StaticUserFilter) to context static
2024-08-27 20:24:54,122 [main] INFO  http.HttpServer2 (HttpServer2.java:addFilter(1019)) - Added filter static_user_filter (class=org.apache.hadoop.http.lib.StaticUserWebFilter$StaticUserFilter) to context logs
2024-08-27 20:24:54,123 [main] INFO  http.BaseHttpServer (BaseHttpServer.java:<init>(189)) - HTTP server of ozoneManager uses base directory /home/runner/work/ozone/ozone/hadoop-ozone/integration-test/target/test-dir/MiniOzoneClusterImpl-2855d785-c18f-47a1-bcca-44ce8ce60223/ozone-meta/webserver
2024-08-27 20:24:54,125 [main] INFO  http.HttpServer2 (HttpServer2.java:bindListener(1235)) - Jetty bound to port 15005
2024-08-27 20:24:54,125 [main] INFO  server.Server (Server.java:doStart(375)) - jetty-9.4.55.v20240627; built: 2024-06-27T15:05:37.765Z; git: 70015831e5195ba74da6383c4ab7c90c56bb08af; jvm 17.0.12+7
2024-08-27 20:24:54,127 [main] INFO  server.session (DefaultSessionIdManager.java:doStart(334)) - DefaultSessionIdManager workerName=node0
2024-08-27 20:24:54,127 [main] INFO  server.session (DefaultSessionIdManager.java:doStart(339)) - No SessionScavenger set, using defaults
2024-08-27 20:24:54,127 [main] INFO  server.session (HouseKeeper.java:startScavenging(132)) - node0 Scavenging every 600000ms
2024-08-27 20:24:54,128 [main] INFO  handler.ContextHandler (ContextHandler.java:doStart(921)) - Started o.e.j.s.ServletContextHandler@232438a8{logs,/logs,file:///home/runner/work/ozone/ozone/hadoop-ozone/integration-test/target/log,AVAILABLE}
2024-08-27 20:24:54,129 [main] INFO  handler.ContextHandler (ContextHandler.java:doStart(921)) - Started o.e.j.s.ServletContextHandler@2c9369c3{static,/static,file:///home/runner/work/ozone/ozone/hadoop-ozone/integration-test/target/test-classes/webapps/static,AVAILABLE}
2024-08-27 20:24:54,138 [main] INFO  handler.ContextHandler (ContextHandler.java:doStart(921)) - Started o.e.j.w.WebAppContext@15093d14{ozoneManager,/,file:///home/runner/work/ozone/ozone/hadoop-ozone/integration-test/target/test-classes/webapps/ozoneManager/,AVAILABLE}{file:/home/runner/work/ozone/ozone/hadoop-ozone/integration-test/target/test-classes/webapps/ozoneManager}
2024-08-27 20:24:54,139 [main] INFO  server.AbstractConnector (AbstractConnector.java:doStart(333)) - Started ServerConnector@2907d3e8{HTTP/1.1, (http/1.1)}{0.0.0.0:15005}
2024-08-27 20:24:54,139 [main] INFO  server.Server (Server.java:doStart(415)) - Started @6857ms
2024-08-27 20:24:54,139 [main] WARN  impl.MetricsSystemImpl (MetricsSystemImpl.java:register(279)) - Sink prometheus already exists!
2024-08-27 20:24:54,140 [main] INFO  http.BaseHttpServer (BaseHttpServer.java:updateConnectorAddress(354)) - HTTP server of ozoneManager listening at http://0.0.0.0:15005
2024-08-27 20:24:54,142 [IPC Server Responder] INFO  ipc.Server (Server.java:run(1562)) - IPC Server Responder: starting
2024-08-27 20:24:54,143 [IPC Server listener on 15004] INFO  ipc.Server (Server.java:run(1402)) - IPC Server listener on 15004: starting
2024-08-27 20:24:54,154 [main] INFO  om.OzoneManager (OzoneManager.java:startTrashEmptier(2156)) - Trash Interval set to 0. Files deleted won't move to trash
2024-08-27 20:24:54,166 [main] INFO  db.CodecBuffer (CodecBuffer.java:set(63)) - Successfully set constructor to org.apache.hadoop.hdds.utils.db.CodecBuffer$$Lambda$1193/0x00007fba24740f48@7c33252c
2024-08-27 20:24:55,115 [om1@group-C5BA1605619E-FollowerState] INFO  impl.FollowerState (FollowerState.java:run(144)) - om1@group-C5BA1605619E-FollowerState: change to CANDIDATE, lastRpcElapsedTime:1085147588ns, electionTimeout:1082ms
2024-08-27 20:24:55,115 [om1@group-C5BA1605619E-FollowerState] INFO  impl.RoleInfo (RoleInfo.java:shutdownFollowerState(119)) - om1: shutdown om1@group-C5BA1605619E-FollowerState
2024-08-27 20:24:55,116 [om1@group-C5BA1605619E-FollowerState] INFO  server.RaftServer$Division (RaftServerImpl.java:setRole(376)) - om1@group-C5BA1605619E: changes role from  FOLLOWER to CANDIDATE at term 0 for changeToCandidate
2024-08-27 20:24:55,120 [om1@group-C5BA1605619E-FollowerState] INFO  server.RaftServerConfigKeys (ConfUtils.java:logGet(46)) - raft.server.leaderelection.pre-vote = true (default)
2024-08-27 20:24:55,120 [om1@group-C5BA1605619E-FollowerState] INFO  impl.RoleInfo (RoleInfo.java:updateAndGet(148)) - om1: start om1@group-C5BA1605619E-LeaderElection1
2024-08-27 20:24:55,134 [om1@group-C5BA1605619E-LeaderElection1] INFO  impl.LeaderElection (LeaderElection.java:askForVotes(321)) - om1@group-C5BA1605619E-LeaderElection1 PRE_VOTE round 0: submit vote requests at term 0 for conf: {index: -1, cur=peers:[om1|localhost:15007]|listeners:[], old=null}
2024-08-27 20:24:55,136 [om1@group-C5BA1605619E-LeaderElection1] INFO  impl.LeaderElection (LeaderElection.java:askForVotes(323)) - om1@group-C5BA1605619E-LeaderElection1 PRE_VOTE round 0: result PASSED (term=0)
2024-08-27 20:24:55,144 [om1@group-C5BA1605619E-LeaderElection1] INFO  impl.LeaderElection (LeaderElection.java:askForVotes(321)) - om1@group-C5BA1605619E-LeaderElection1 ELECTION round 0: submit vote requests at term 1 for conf: {index: -1, cur=peers:[om1|localhost:15007]|listeners:[], old=null}
2024-08-27 20:24:55,144 [om1@group-C5BA1605619E-LeaderElection1] INFO  impl.LeaderElection (LeaderElection.java:askForVotes(323)) - om1@group-C5BA1605619E-LeaderElection1 ELECTION round 0: result PASSED (term=1)
2024-08-27 20:24:55,144 [om1@group-C5BA1605619E-LeaderElection1] INFO  impl.RoleInfo (RoleInfo.java:shutdownLeaderElection(139)) - om1: shutdown om1@group-C5BA1605619E-LeaderElection1
2024-08-27 20:24:55,145 [om1@group-C5BA1605619E-LeaderElection1] INFO  server.RaftServer$Division (RaftServerImpl.java:setRole(376)) - om1@group-C5BA1605619E: changes role from CANDIDATE to LEADER at term 1 for changeToLeader
2024-08-27 20:24:55,154 [main] WARN  dropwizard3.Dm3MetricRegistriesImpl (Dm3MetricRegistriesImpl.java:addReporterRegistration(114)) - New reporters are added after registries were created. Some metrics will be missing from the reporter. Please add reporter before adding any new registry.
2024-08-27 20:24:55,155 [main] WARN  dropwizard3.Dm3MetricRegistriesImpl (Dm3MetricRegistriesImpl.java:addReporterRegistration(114)) - New reporters are added after registries were created. Some metrics will be missing from the reporter. Please add reporter before adding any new registry.
2024-08-27 20:24:55,155 [main] INFO  impl.MetricsSystemImpl (MetricsSystemImpl.java:init(158)) - HddsDatanode metrics system started (again)
2024-08-27 20:24:55,170 [om1@group-C5BA1605619E-LeaderElection1] INFO  server.RaftServerConfigKeys (ConfUtils.java:logGet(46)) - raft.server.staging.catchup.gap = 1000 (default)
2024-08-27 20:24:55,187 [om1@group-C5BA1605619E-LeaderElection1] INFO  server.RaftServerConfigKeys (ConfUtils.java:logGet(46)) - raft.server.write.element-limit = 4096 (default)
2024-08-27 20:24:55,191 [om1@group-C5BA1605619E-LeaderElection1] INFO  server.RaftServerConfigKeys (ConfUtils.java:logGet(46)) - raft.server.write.byte-limit = 64MB (=67108864) (default)
2024-08-27 20:24:55,205 [om1@group-C5BA1605619E-LeaderElection1] INFO  server.RaftServerConfigKeys (ConfUtils.java:logGet(46)) - raft.server.watch.timeout = 10s (default)
2024-08-27 20:24:55,205 [om1@group-C5BA1605619E-LeaderElection1] INFO  server.RaftServerConfigKeys (ConfUtils.java:logGet(46)) - raft.server.watch.timeout.denomination = 1s (default)
2024-08-27 20:24:55,207 [om1@group-C5BA1605619E-LeaderElection1] INFO  server.RaftServerConfigKeys (ConfUtils.java:logGet(46)) - raft.server.watch.element-limit = 65536 (default)
2024-08-27 20:24:55,227 [om1@group-C5BA1605619E-LeaderElection1] INFO  server.RaftServerConfigKeys (ConfUtils.java:logGet(46)) - raft.server.read.leader.lease.enabled = false (default)
2024-08-27 20:24:55,240 [om1@group-C5BA1605619E-LeaderElection1] INFO  server.RaftServerConfigKeys (ConfUtils.java:logGet(46)) - raft.server.read.leader.lease.timeout.ratio = 0.9 (default)
2024-08-27 20:24:55,240 [om1@group-C5BA1605619E-LeaderElection1] INFO  server.RaftServerConfigKeys (ConfUtils.java:logGet(46)) - raft.server.rpc.timeout.min = 1s (custom)
2024-08-27 20:24:55,241 [om1@group-C5BA1605619E-LeaderElection1] INFO  server.RaftServerConfigKeys (ConfUtils.java:logGet(46)) - raft.server.log.log-metadata.enabled = true (default)
2024-08-27 20:24:55,241 [om1@group-C5BA1605619E-LeaderElection1] INFO  server.RaftServerConfigKeys (ConfUtils.java:logGet(46)) - raft.server.write.element-limit = 4096 (default)
2024-08-27 20:24:55,242 [om1@group-C5BA1605619E-LeaderElection1] INFO  server.RaftServerConfigKeys (ConfUtils.java:logGet(46)) - raft.server.write.follower.gap.ratio.max = -1.0 (default)
2024-08-27 20:24:55,250 [om1@group-C5BA1605619E-LeaderElection1] INFO  impl.RoleInfo (RoleInfo.java:updateAndGet(148)) - om1: start om1@group-C5BA1605619E-LeaderStateImpl
2024-08-27 20:24:55,250 [om1@group-C5BA1605619E-LeaderElection1] INFO  server.RaftServer$Division (RaftServerImpl.java:setFirstElection(549)) - om1@group-C5BA1605619E: set firstElectionSinceStartup to false for becomeLeader
2024-08-27 20:24:55,270 [om1@group-C5BA1605619E-LeaderElection1] INFO  server.RaftServer$Division (ServerState.java:setLeader(272)) - om1@group-C5BA1605619E: change Leader from null to om1 at term 1 for becomeLeader, leader elected after 2482ms
2024-08-27 20:24:55,314 [main] INFO  ozone.HddsDatanodeService (HddsDatanodeService.java:start(235)) - HddsDatanodeService host:fv-az884-737.nlrrjjsaionubk4jys1hz1dhmg.bx.internal.cloudapp.net ip:10.1.0.19
2024-08-27 20:24:55,325 [main] INFO  upgrade.AbstractLayoutVersionManager (AbstractLayoutVersionManager.java:init(83)) - Initializing Layout version manager with metadata layout = HBASE_SUPPORT (version = 8), software layout = HBASE_SUPPORT (version = 8)
2024-08-27 20:24:55,328 [om1@group-C5BA1605619E-LeaderElection1] INFO  segmented.SegmentedRaftLogWorker (SegmentedRaftLogWorker.java:startLogSegment(433)) - om1@group-C5BA1605619E-SegmentedRaftLogWorker: Starting segment from index:0
2024-08-27 20:24:55,332 [main] INFO  statemachine.DatanodeStateMachine (DatanodeStateMachine.java:getEndPointTaskThreadPoolSize(295)) - Datanode State Machine Task Thread Pool size 2
2024-08-27 20:24:55,383 [om1@group-C5BA1605619E-LeaderElection1] INFO  server.RaftServer$Division (ServerState.java:setRaftConf(386)) - om1@group-C5BA1605619E: set configuration conf: {index: 0, cur=peers:[om1|localhost:15007]|listeners:[], old=null}
2024-08-27 20:24:55,483 [main] INFO  volume.HddsVolume (HddsVolume.java:<init>(127)) - Creating HddsVolume: /home/runner/work/ozone/ozone/hadoop-ozone/integration-test/target/test-dir/MiniOzoneClusterImpl-2855d785-c18f-47a1-bcca-44ce8ce60223/ozone-meta/datanode-1/data-0/hdds of storage type : DISK capacity : 9222449699674390527
2024-08-27 20:24:55,488 [main] INFO  volume.MutableVolumeSet (MutableVolumeSet.java:initializeVolumeSet(173)) - Added Volume : /home/runner/work/ozone/ozone/hadoop-ozone/integration-test/target/test-dir/MiniOzoneClusterImpl-2855d785-c18f-47a1-bcca-44ce8ce60223/ozone-meta/datanode-1/data-0/hdds to VolumeSet
2024-08-27 20:24:55,494 [main] INFO  volume.MutableVolumeSet (MutableVolumeSet.java:initializeVolumeSet(173)) - Added Volume : /home/runner/work/ozone/ozone/hadoop-ozone/integration-test/target/test-dir/MiniOzoneClusterImpl-2855d785-c18f-47a1-bcca-44ce8ce60223/ozone-meta/datanode-1/ratis to VolumeSet
2024-08-27 20:24:55,500 [main] INFO  ozoneimpl.OzoneContainer (HddsVolumeUtil.java:loadAllHddsVolumeDbStore(103)) - Load 1 volumes DbStore cost: 1ms
2024-08-27 20:24:55,535 [om1@group-C5BA1605619E-SegmentedRaftLogWorker] INFO  segmented.BufferedWriteChannel (BufferedWriteChannel.java:open(61)) - open log_inprogress_0 at position 0
2024-08-27 20:24:55,549 [om1@group-C5BA1605619E-SegmentedRaftLogWorker] INFO  segmented.SegmentedRaftLogWorker (SegmentedRaftLogWorker.java:execute(637)) - om1@group-C5BA1605619E-SegmentedRaftLogWorker: created new log segment /home/runner/work/ozone/ozone/hadoop-ozone/integration-test/target/test-dir/MiniOzoneClusterImpl-2855d785-c18f-47a1-bcca-44ce8ce60223/ozone-meta/ratis/bf265839-605b-3f16-9796-c5ba1605619e/current/log_inprogress_0
2024-08-27 20:24:55,658 [main] INFO  audit.AuditLogger (AuditLogger.java:refreshDebugCmdSet(135)) - Refresh DebugCmdSet for DNAudit to [].
2024-08-27 20:24:55,696 [om1@group-C5BA1605619E-StateMachineUpdater] INFO  ratis.OzoneManagerStateMachine (OzoneManagerStateMachine.java:notifyConfigurationChanged(216)) - Received Configuration change notification from Ratis. New Peer list:
[id: "om1"
address: "localhost:15007"
startupRole: FOLLOWER
]
2024-08-27 20:24:55,699 [om1@group-C5BA1605619E-StateMachineUpdater] INFO  server.RaftServer$Division (LeaderStateImpl.java:checkStartIndex(316)) - Leader om1@group-C5BA1605619E-LeaderStateImpl is ready since appliedIndex == startIndex == 0
2024-08-27 20:24:55,715 [main] INFO  server.RaftServerConfigKeys (ConfUtils.java:logGet(46)) - raft.server.log.appender.buffer.byte-limit = 8388608 (custom)
2024-08-27 20:24:55,745 [main] INFO  server.RaftServer (ConfUtils.java:logGet(46)) - raft.rpc.type = GRPC (default)
2024-08-27 20:24:55,745 [main] INFO  grpc.GrpcConfigKeys (ConfUtils.java:logFallback(53)) - raft.grpc.admin.host = null (fallback to raft.grpc.server.host)
2024-08-27 20:24:55,746 [main] INFO  grpc.GrpcConfigKeys (ConfUtils.java:logGet(46)) - raft.grpc.admin.port = 15012 (custom)
2024-08-27 20:24:55,746 [main] INFO  grpc.GrpcConfigKeys (ConfUtils.java:logFallback(53)) - raft.grpc.client.host = null (fallback to raft.grpc.server.host)
2024-08-27 20:24:55,746 [main] INFO  grpc.GrpcConfigKeys (ConfUtils.java:logGet(46)) - raft.grpc.client.port = 15012 (custom)
2024-08-27 20:24:55,747 [main] INFO  grpc.GrpcConfigKeys (ConfUtils.java:logGet(46)) - raft.grpc.server.host = null (default)
2024-08-27 20:24:55,747 [main] INFO  grpc.GrpcConfigKeys (ConfUtils.java:logGet(46)) - raft.grpc.server.port = 15012 (custom)
2024-08-27 20:24:55,747 [main] INFO  server.GrpcService (ConfUtils.java:logGet(46)) - raft.grpc.message.size.max = 32MB (=33554432) (custom)
2024-08-27 20:24:55,748 [main] INFO  server.RaftServerConfigKeys (ConfUtils.java:logGet(46)) - raft.server.log.appender.buffer.byte-limit = 8388608 (custom)
2024-08-27 20:24:55,748 [main] INFO  server.GrpcService (ConfUtils.java:logGet(46)) - raft.grpc.flow.control.window = 5MB (=5242880) (custom)
2024-08-27 20:24:55,748 [main] INFO  server.RaftServerConfigKeys (ConfUtils.java:logGet(46)) - raft.server.rpc.request.timeout = 60s (custom)
2024-08-27 20:24:55,748 [main] INFO  grpc.GrpcConfigKeys (ConfUtils.java:logGet(46)) - raft.grpc.server.heartbeat.channel = true (default)
2024-08-27 20:24:55,749 [main] INFO  grpc.GrpcConfigKeys (ConfUtils.java:logGet(46)) - raft.grpc.server.async.request.thread.pool.cached = true (default)
2024-08-27 20:24:55,749 [main] INFO  grpc.GrpcConfigKeys (ConfUtils.java:logGet(46)) - raft.grpc.server.async.request.thread.pool.size = 32 (default)
2024-08-27 20:24:55,751 [main] INFO  impl.DataStreamServerImpl (ConfUtils.java:logGet(46)) - raft.datastream.type = NETTY (custom)
2024-08-27 20:24:55,764 [main] INFO  server.RaftServerConfigKeys (ConfUtils.java:logGet(46)) - raft.server.data-stream.async.request.thread.pool.cached = false (default)
2024-08-27 20:24:55,765 [main] INFO  server.RaftServerConfigKeys (ConfUtils.java:logGet(46)) - raft.server.data-stream.async.request.thread.pool.size = 20 (custom)
2024-08-27 20:24:55,765 [main] INFO  server.RaftServerConfigKeys (ConfUtils.java:logGet(46)) - raft.server.data-stream.async.write.thread.pool.size = 16 (default)
2024-08-27 20:24:55,767 [main] INFO  netty.NettyConfigKeys$DataStream (ConfUtils.java:logGet(46)) - raft.netty.dataStream.server.channel.inactive.grace-period = 10min (default)
2024-08-27 20:24:55,768 [main] INFO  server.RaftServerConfigKeys (ConfUtils.java:logGet(46)) - raft.server.data-stream.client.pool.size = 10 (default)
2024-08-27 20:24:55,770 [main] INFO  netty.NettyConfigKeys$DataStream (ConfUtils.java:logGet(46)) - raft.netty.dataStream.server.use-epoll = true (default)
2024-08-27 20:24:55,771 [main] INFO  netty.NettyConfigKeys$DataStream (ConfUtils.java:logGet(46)) - raft.netty.dataStream.server.boss-group.size = 0 (default)
2024-08-27 20:24:55,772 [main] INFO  netty.NettyUtils (NettyUtils.java:newEventLoopGroup(74)) - Create EpollEventLoopGroup for b5b9165f-6528-4062-9715-63d706d5309e-NettyServerStreamRpc-bossGroup; Thread size is 0.
2024-08-27 20:24:55,773 [main] INFO  netty.NettyConfigKeys$DataStream (ConfUtils.java:logGet(46)) - raft.netty.dataStream.server.worker-group.size = 0 (default)
2024-08-27 20:24:55,773 [main] INFO  netty.NettyUtils (NettyUtils.java:newEventLoopGroup(74)) - Create EpollEventLoopGroup for b5b9165f-6528-4062-9715-63d706d5309e-NettyServerStreamRpc-workerGroup; Thread size is 0.
2024-08-27 20:24:55,774 [main] INFO  netty.NettyConfigKeys$DataStream (ConfUtils.java:logGet(46)) - raft.netty.dataStream.server.tls.conf = null (default)
2024-08-27 20:24:55,776 [main] INFO  netty.NettyConfigKeys$DataStream (ConfUtils.java:logGet(46)) - raft.netty.dataStream.host = null (default)
2024-08-27 20:24:55,776 [main] INFO  netty.NettyConfigKeys$DataStream (ConfUtils.java:logGet(46)) - raft.netty.dataStream.port = 15015 (custom)
2024-08-27 20:24:55,780 [main] INFO  server.RaftServerConfigKeys (ConfUtils.java:logGet(46)) - raft.server.sleep.deviation.threshold = 300ms (default)
2024-08-27 20:24:55,781 [main] INFO  server.RaftServerConfigKeys (ConfUtils.java:logGet(46)) - raft.server.close.threshold = 60s (default)
2024-08-27 20:24:55,781 [main] INFO  server.RaftServerConfigKeys (ConfUtils.java:logGet(46)) - raft.server.leaderelection.leader.step-down.wait-time = 10s (default)
2024-08-27 20:24:55,781 [main] INFO  server.RaftServerConfigKeys (ConfUtils.java:logGet(46)) - raft.server.storage.dir = [/home/runner/work/ozone/ozone/hadoop-ozone/integration-test/target/test-dir/MiniOzoneClusterImpl-2855d785-c18f-47a1-bcca-44ce8ce60223/ozone-meta/datanode-1/ratis] (custom)
2024-08-27 20:24:55,782 [main] INFO  server.RaftServerConfigKeys (ConfUtils.java:logGet(46)) - raft.server.threadpool.proxy.cached = true (default)
2024-08-27 20:24:55,782 [main] INFO  server.RaftServerConfigKeys (ConfUtils.java:logGet(46)) - raft.server.threadpool.proxy.size = 0 (default)
2024-08-27 20:24:55,787 [b5b9165f-6528-4062-9715-63d706d5309e-impl-thread1] INFO  server.RaftServer (RaftServerProxy.java:initGroupDir(266)) - b5b9165f-6528-4062-9715-63d706d5309e: found a subdirectory /home/runner/work/ozone/ozone/hadoop-ozone/integration-test/target/test-dir/MiniOzoneClusterImpl-2855d785-c18f-47a1-bcca-44ce8ce60223/ozone-meta/datanode-1/ratis/tmp
2024-08-27 20:24:55,787 [b5b9165f-6528-4062-9715-63d706d5309e-impl-thread1] INFO  server.RaftServer (RaftServerProxy.java:initGroupDir(271)) - b5b9165f-6528-4062-9715-63d706d5309e: The directory /home/runner/work/ozone/ozone/hadoop-ozone/integration-test/target/test-dir/MiniOzoneClusterImpl-2855d785-c18f-47a1-bcca-44ce8ce60223/ozone-meta/datanode-1/ratis/tmp is not a group directory; ignoring it. 
2024-08-27 20:24:55,793 [main] INFO  replication.ReplicationServer (ReplicationServer.java:<init>(86)) - Initializing replication server with thread count = 10 queue length = 4096
2024-08-27 20:24:55,804 [b5b9165f-6528-4062-9715-63d706d5309e-NettyServerStreamRpc-bossGroup--thread1] INFO  logging.LoggingHandler (AbstractInternalLogger.java:log(148)) - [id: 0x1298d8da] REGISTERED
2024-08-27 20:24:55,805 [b5b9165f-6528-4062-9715-63d706d5309e-NettyServerStreamRpc-bossGroup--thread1] INFO  logging.LoggingHandler (AbstractInternalLogger.java:log(148)) - [id: 0x1298d8da] BIND: 0.0.0.0/0.0.0.0:15015
2024-08-27 20:24:55,806 [b5b9165f-6528-4062-9715-63d706d5309e-NettyServerStreamRpc-bossGroup--thread1] INFO  logging.LoggingHandler (AbstractInternalLogger.java:log(148)) - [id: 0x1298d8da, L:/0.0.0.0:15015] ACTIVE
2024-08-27 20:24:55,854 [main] INFO  server.XceiverServerGrpc (XceiverServerGrpc.java:<init>(141)) - GrpcServer channel type EpollServerSocketChannel
2024-08-27 20:24:55,926 [main] INFO  replication.ReplicationSupervisor (ReplicationSupervisor.java:build(157)) - Initializing replication supervisor with thread count = 10
2024-08-27 20:24:55,928 [main] INFO  replication.ReplicationSupervisor (ReplicationSupervisor.java:nodeStateUpdated(312)) - Node state updated to IN_SERVICE, scaling executor pool size to 10
2024-08-27 20:24:56,108 [main] INFO  http.BaseHttpServer (BaseHttpServer.java:newHttpServer2BuilderForOzone(223)) - Starting Web-server for hddsDatanode at: http://0.0.0.0:15009
2024-08-27 20:24:56,109 [main] INFO  http.BaseHttpServer (BaseHttpServer.java:<init>(110)) - Hadoop Security Enabled: false Ozone Security Enabled: false Ozone HTTP Security Enabled: false 
2024-08-27 20:24:56,112 [main] WARN  server.AuthenticationFilter (AuthenticationFilter.java:constructSecretProvider(240)) - Unable to initialize FileSignerSecretProvider, falling back to use random secrets. Reason: Could not read signature secret file: /home/runner/hadoop-http-auth-signature-secret
2024-08-27 20:24:56,115 [main] INFO  http.HttpRequestLog (HttpRequestLog.java:getRequestLog(86)) - Http request log for http.requests.hddsDatanode is not defined
2024-08-27 20:24:56,117 [main] INFO  http.HttpServer2 (HttpServer2.java:addGlobalFilter(1035)) - Added global filter 'safety' (class=org.apache.hadoop.hdds.server.http.HttpServer2$QuotingInputFilter)
2024-08-27 20:24:56,119 [main] INFO  http.HttpServer2 (HttpServer2.java:addFilter(1011)) - Added filter static_user_filter (class=org.apache.hadoop.http.lib.StaticUserWebFilter$StaticUserFilter) to context hddsDatanode
2024-08-27 20:24:56,120 [main] INFO  http.HttpServer2 (HttpServer2.java:addFilter(1019)) - Added filter static_user_filter (class=org.apache.hadoop.http.lib.StaticUserWebFilter$StaticUserFilter) to context logs
2024-08-27 20:24:56,120 [main] INFO  http.HttpServer2 (HttpServer2.java:addFilter(1019)) - Added filter static_user_filter (class=org.apache.hadoop.http.lib.StaticUserWebFilter$StaticUserFilter) to context static
2024-08-27 20:24:56,122 [main] INFO  http.BaseHttpServer (BaseHttpServer.java:<init>(189)) - HTTP server of hddsDatanode uses base directory /home/runner/work/ozone/ozone/hadoop-ozone/integration-test/target/test-dir/MiniOzoneClusterImpl-2855d785-c18f-47a1-bcca-44ce8ce60223/ozone-meta/datanode-1/meta/webserver
2024-08-27 20:24:56,122 [main] INFO  http.HttpServer2 (HttpServer2.java:bindListener(1235)) - Jetty bound to port 15009
2024-08-27 20:24:56,122 [main] INFO  server.Server (Server.java:doStart(375)) - jetty-9.4.55.v20240627; built: 2024-06-27T15:05:37.765Z; git: 70015831e5195ba74da6383c4ab7c90c56bb08af; jvm 17.0.12+7
2024-08-27 20:24:56,129 [main] INFO  server.session (DefaultSessionIdManager.java:doStart(334)) - DefaultSessionIdManager workerName=node0
2024-08-27 20:24:56,130 [main] INFO  server.session (DefaultSessionIdManager.java:doStart(339)) - No SessionScavenger set, using defaults
2024-08-27 20:24:56,130 [main] INFO  server.session (HouseKeeper.java:startScavenging(132)) - node0 Scavenging every 660000ms
2024-08-27 20:24:56,135 [main] INFO  handler.ContextHandler (ContextHandler.java:doStart(921)) - Started o.e.j.s.ServletContextHandler@74e37ad3{logs,/logs,file:///home/runner/work/ozone/ozone/hadoop-ozone/integration-test/target/log,AVAILABLE}
2024-08-27 20:24:56,136 [main] INFO  handler.ContextHandler (ContextHandler.java:doStart(921)) - Started o.e.j.s.ServletContextHandler@448d4d6b{static,/static,jar:file:/home/runner/work/ozone/ozone/hadoop-hdds/container-service/target/hdds-container-service-1.5.0-SNAPSHOT.jar!/webapps/static,AVAILABLE}
2024-08-27 20:24:56,445 [main] INFO  handler.ContextHandler (ContextHandler.java:doStart(921)) - Started o.e.j.w.WebAppContext@2506cf0d{hddsDatanode,/,file:///home/runner/work/ozone/ozone/hadoop-ozone/integration-test/target/test-dir/MiniOzoneClusterImpl-2855d785-c18f-47a1-bcca-44ce8ce60223/ozone-meta/datanode-1/meta/webserver/jetty-0_0_0_0-15009-hdds-container-service-1_5_0-SNAPSHOT_jar-_-any-14847345638187695977/webapp/,AVAILABLE}{jar:file:/home/runner/work/ozone/ozone/hadoop-hdds/container-service/target/hdds-container-service-1.5.0-SNAPSHOT.jar!/webapps/hddsDatanode}
2024-08-27 20:24:56,447 [main] INFO  server.AbstractConnector (AbstractConnector.java:doStart(333)) - Started ServerConnector@2560add9{HTTP/1.1, (http/1.1)}{0.0.0.0:15009}
2024-08-27 20:24:56,447 [main] INFO  server.Server (Server.java:doStart(415)) - Started @9165ms
2024-08-27 20:24:56,448 [main] WARN  impl.MetricsSystemImpl (MetricsSystemImpl.java:register(279)) - Sink prometheus already exists!
2024-08-27 20:24:56,449 [main] INFO  http.BaseHttpServer (BaseHttpServer.java:updateConnectorAddress(354)) - HTTP server of hddsDatanode listening at http://0.0.0.0:15009
2024-08-27 20:24:56,456 [main] INFO  ipc.CallQueueManager (CallQueueManager.java:<init>(90)) - Using callQueue: class java.util.concurrent.LinkedBlockingQueue, queueCapacity: 1000, scheduler: class org.apache.hadoop.ipc.DefaultRpcScheduler, ipcBackoff: false.
2024-08-27 20:24:56,457 [main] INFO  ipc.Server (Server.java:<init>(1287)) - Listener at 0.0.0.0:15010
2024-08-27 20:24:56,459 [Socket Reader #1 for port 15010] INFO  ipc.Server (Server.java:run(1323)) - Starting Socket Reader #1 for port 15010
2024-08-27 20:24:56,459 [Socket Reader #2 for port 15010] INFO  ipc.Server (Server.java:run(1323)) - Starting Socket Reader #2 for port 15010
2024-08-27 20:24:56,462 [Socket Reader #4 for port 15010] INFO  ipc.Server (Server.java:run(1323)) - Starting Socket Reader #4 for port 15010
2024-08-27 20:24:56,463 [Socket Reader #5 for port 15010] INFO  ipc.Server (Server.java:run(1323)) - Starting Socket Reader #5 for port 15010
2024-08-27 20:24:56,463 [Socket Reader #3 for port 15010] INFO  ipc.Server (Server.java:run(1323)) - Starting Socket Reader #3 for port 15010
2024-08-27 20:24:56,466 [Socket Reader #6 for port 15010] INFO  ipc.Server (Server.java:run(1323)) - Starting Socket Reader #6 for port 15010
2024-08-27 20:24:56,470 [Socket Reader #8 for port 15010] INFO  ipc.Server (Server.java:run(1323)) - Starting Socket Reader #8 for port 15010
2024-08-27 20:24:56,470 [Socket Reader #9 for port 15010] INFO  ipc.Server (Server.java:run(1323)) - Starting Socket Reader #9 for port 15010
2024-08-27 20:24:56,470 [Socket Reader #7 for port 15010] INFO  ipc.Server (Server.java:run(1323)) - Starting Socket Reader #7 for port 15010
2024-08-27 20:24:56,474 [Socket Reader #10 for port 15010] INFO  ipc.Server (Server.java:run(1323)) - Starting Socket Reader #10 for port 15010
2024-08-27 20:24:56,489 [main] INFO  ozone.HddsDatanodeService (HddsDatanodeService.java:start(319)) - Datanode start with admins: [runner]
2024-08-27 20:24:56,490 [main] INFO  ozone.HddsDatanodeClientProtocolServer (HddsDatanodeClientProtocolServer.java:start(79)) - RPC server for Client /0.0.0.0:15010
2024-08-27 20:24:56,490 [IPC Server Responder] INFO  ipc.Server (Server.java:run(1562)) - IPC Server Responder: starting
2024-08-27 20:24:56,494 [IPC Server listener on 15010] INFO  ipc.Server (Server.java:run(1402)) - IPC Server listener on 15010: starting
2024-08-27 20:24:56,510 [main] WARN  dropwizard3.Dm3MetricRegistriesImpl (Dm3MetricRegistriesImpl.java:addReporterRegistration(114)) - New reporters are added after registries were created. Some metrics will be missing from the reporter. Please add reporter before adding any new registry.
2024-08-27 20:24:56,510 [main] WARN  dropwizard3.Dm3MetricRegistriesImpl (Dm3MetricRegistriesImpl.java:addReporterRegistration(114)) - New reporters are added after registries were created. Some metrics will be missing from the reporter. Please add reporter before adding any new registry.
2024-08-27 20:24:56,511 [main] INFO  impl.MetricsSystemImpl (MetricsSystemImpl.java:init(158)) - HddsDatanode metrics system started (again)
2024-08-27 20:24:56,514 [b5b9165f-6528-4062-9715-63d706d5309e-DatanodeStateMachineDaemonThread] INFO  statemachine.DatanodeStateMachine (DatanodeStateMachine.java:startStateMachineThread(338)) - Ozone container server started.
2024-08-27 20:24:56,554 [main] INFO  ozone.HddsDatanodeService (HddsDatanodeService.java:start(235)) - HddsDatanodeService host:fv-az884-737.nlrrjjsaionubk4jys1hz1dhmg.bx.internal.cloudapp.net ip:10.1.0.19
2024-08-27 20:24:56,564 [main] INFO  upgrade.AbstractLayoutVersionManager (AbstractLayoutVersionManager.java:init(83)) - Initializing Layout version manager with metadata layout = HBASE_SUPPORT (version = 8), software layout = HBASE_SUPPORT (version = 8)
2024-08-27 20:24:56,567 [main] INFO  statemachine.DatanodeStateMachine (DatanodeStateMachine.java:getEndPointTaskThreadPoolSize(295)) - Datanode State Machine Task Thread Pool size 2
2024-08-27 20:24:56,576 [main] INFO  volume.HddsVolume (HddsVolume.java:<init>(127)) - Creating HddsVolume: /home/runner/work/ozone/ozone/hadoop-ozone/integration-test/target/test-dir/MiniOzoneClusterImpl-2855d785-c18f-47a1-bcca-44ce8ce60223/ozone-meta/datanode-2/data-0/hdds of storage type : DISK capacity : 9222449699674390527
2024-08-27 20:24:56,576 [main] INFO  volume.MutableVolumeSet (MutableVolumeSet.java:initializeVolumeSet(173)) - Added Volume : /home/runner/work/ozone/ozone/hadoop-ozone/integration-test/target/test-dir/MiniOzoneClusterImpl-2855d785-c18f-47a1-bcca-44ce8ce60223/ozone-meta/datanode-2/data-0/hdds to VolumeSet
2024-08-27 20:24:56,583 [main] INFO  volume.MutableVolumeSet (MutableVolumeSet.java:initializeVolumeSet(173)) - Added Volume : /home/runner/work/ozone/ozone/hadoop-ozone/integration-test/target/test-dir/MiniOzoneClusterImpl-2855d785-c18f-47a1-bcca-44ce8ce60223/ozone-meta/datanode-2/ratis to VolumeSet
2024-08-27 20:24:56,587 [main] INFO  ozoneimpl.OzoneContainer (HddsVolumeUtil.java:loadAllHddsVolumeDbStore(103)) - Load 1 volumes DbStore cost: 3ms
2024-08-27 20:24:56,598 [main] INFO  server.RaftServerConfigKeys (ConfUtils.java:logGet(46)) - raft.server.log.appender.buffer.byte-limit = 8388608 (custom)
2024-08-27 20:24:56,601 [main] INFO  server.RaftServer (ConfUtils.java:logGet(46)) - raft.rpc.type = GRPC (default)
2024-08-27 20:24:56,601 [main] INFO  grpc.GrpcConfigKeys (ConfUtils.java:logFallback(53)) - raft.grpc.admin.host = null (fallback to raft.grpc.server.host)
2024-08-27 20:24:56,602 [main] INFO  grpc.GrpcConfigKeys (ConfUtils.java:logGet(46)) - raft.grpc.admin.port = 15021 (custom)
2024-08-27 20:24:56,605 [main] INFO  grpc.GrpcConfigKeys (ConfUtils.java:logFallback(53)) - raft.grpc.client.host = null (fallback to raft.grpc.server.host)
2024-08-27 20:24:56,605 [main] INFO  grpc.GrpcConfigKeys (ConfUtils.java:logGet(46)) - raft.grpc.client.port = 15021 (custom)
2024-08-27 20:24:56,605 [main] INFO  grpc.GrpcConfigKeys (ConfUtils.java:logGet(46)) - raft.grpc.server.host = null (default)
2024-08-27 20:24:56,605 [main] INFO  grpc.GrpcConfigKeys (ConfUtils.java:logGet(46)) - raft.grpc.server.port = 15021 (custom)
2024-08-27 20:24:56,606 [main] INFO  server.GrpcService (ConfUtils.java:logGet(46)) - raft.grpc.message.size.max = 32MB (=33554432) (custom)
2024-08-27 20:24:56,606 [main] INFO  server.RaftServerConfigKeys (ConfUtils.java:logGet(46)) - raft.server.log.appender.buffer.byte-limit = 8388608 (custom)
2024-08-27 20:24:56,606 [main] INFO  server.GrpcService (ConfUtils.java:logGet(46)) - raft.grpc.flow.control.window = 5MB (=5242880) (custom)
2024-08-27 20:24:56,606 [main] INFO  server.RaftServerConfigKeys (ConfUtils.java:logGet(46)) - raft.server.rpc.request.timeout = 60s (custom)
2024-08-27 20:24:56,606 [main] INFO  grpc.GrpcConfigKeys (ConfUtils.java:logGet(46)) - raft.grpc.server.heartbeat.channel = true (default)
2024-08-27 20:24:56,607 [main] INFO  grpc.GrpcConfigKeys (ConfUtils.java:logGet(46)) - raft.grpc.server.async.request.thread.pool.cached = true (default)
2024-08-27 20:24:56,607 [main] INFO  grpc.GrpcConfigKeys (ConfUtils.java:logGet(46)) - raft.grpc.server.async.request.thread.pool.size = 32 (default)
2024-08-27 20:24:56,609 [main] INFO  impl.DataStreamServerImpl (ConfUtils.java:logGet(46)) - raft.datastream.type = NETTY (custom)
2024-08-27 20:24:56,610 [main] INFO  server.RaftServerConfigKeys (ConfUtils.java:logGet(46)) - raft.server.data-stream.async.request.thread.pool.cached = false (default)
2024-08-27 20:24:56,610 [main] INFO  server.RaftServerConfigKeys (ConfUtils.java:logGet(46)) - raft.server.data-stream.async.request.thread.pool.size = 20 (custom)
2024-08-27 20:24:56,610 [main] INFO  server.RaftServerConfigKeys (ConfUtils.java:logGet(46)) - raft.server.data-stream.async.write.thread.pool.size = 16 (default)
2024-08-27 20:24:56,611 [main] INFO  netty.NettyConfigKeys$DataStream (ConfUtils.java:logGet(46)) - raft.netty.dataStream.server.channel.inactive.grace-period = 10min (default)
2024-08-27 20:24:56,611 [main] INFO  server.RaftServerConfigKeys (ConfUtils.java:logGet(46)) - raft.server.data-stream.client.pool.size = 10 (default)
2024-08-27 20:24:56,611 [main] INFO  netty.NettyConfigKeys$DataStream (ConfUtils.java:logGet(46)) - raft.netty.dataStream.server.use-epoll = true (default)
2024-08-27 20:24:56,611 [main] INFO  netty.NettyConfigKeys$DataStream (ConfUtils.java:logGet(46)) - raft.netty.dataStream.server.boss-group.size = 0 (default)
2024-08-27 20:24:56,611 [main] INFO  netty.NettyUtils (NettyUtils.java:newEventLoopGroup(74)) - Create EpollEventLoopGroup for d758e0a9-c5a1-4fd4-978f-3629e4af057b-NettyServerStreamRpc-bossGroup; Thread size is 0.
2024-08-27 20:24:56,616 [main] INFO  netty.NettyConfigKeys$DataStream (ConfUtils.java:logGet(46)) - raft.netty.dataStream.server.worker-group.size = 0 (default)
2024-08-27 20:24:56,617 [main] INFO  netty.NettyUtils (NettyUtils.java:newEventLoopGroup(74)) - Create EpollEventLoopGroup for d758e0a9-c5a1-4fd4-978f-3629e4af057b-NettyServerStreamRpc-workerGroup; Thread size is 0.
2024-08-27 20:24:56,618 [main] INFO  netty.NettyConfigKeys$DataStream (ConfUtils.java:logGet(46)) - raft.netty.dataStream.server.tls.conf = null (default)
2024-08-27 20:24:56,618 [main] INFO  netty.NettyConfigKeys$DataStream (ConfUtils.java:logGet(46)) - raft.netty.dataStream.host = null (default)
2024-08-27 20:24:56,618 [main] INFO  netty.NettyConfigKeys$DataStream (ConfUtils.java:logGet(46)) - raft.netty.dataStream.port = 15024 (custom)
2024-08-27 20:24:56,619 [main] INFO  server.RaftServerConfigKeys (ConfUtils.java:logGet(46)) - raft.server.sleep.deviation.threshold = 300ms (default)
2024-08-27 20:24:56,619 [main] INFO  server.RaftServerConfigKeys (ConfUtils.java:logGet(46)) - raft.server.close.threshold = 60s (default)
2024-08-27 20:24:56,619 [main] INFO  server.RaftServerConfigKeys (ConfUtils.java:logGet(46)) - raft.server.leaderelection.leader.step-down.wait-time = 10s (default)
2024-08-27 20:24:56,620 [main] INFO  server.RaftServerConfigKeys (ConfUtils.java:logGet(46)) - raft.server.storage.dir = [/home/runner/work/ozone/ozone/hadoop-ozone/integration-test/target/test-dir/MiniOzoneClusterImpl-2855d785-c18f-47a1-bcca-44ce8ce60223/ozone-meta/datanode-2/ratis] (custom)
2024-08-27 20:24:56,620 [main] INFO  server.RaftServerConfigKeys (ConfUtils.java:logGet(46)) - raft.server.threadpool.proxy.cached = true (default)
2024-08-27 20:24:56,620 [main] INFO  server.RaftServerConfigKeys (ConfUtils.java:logGet(46)) - raft.server.threadpool.proxy.size = 0 (default)
2024-08-27 20:24:56,622 [d758e0a9-c5a1-4fd4-978f-3629e4af057b-NettyServerStreamRpc-bossGroup--thread1] INFO  logging.LoggingHandler (AbstractInternalLogger.java:log(148)) - [id: 0x23ef106f] REGISTERED
2024-08-27 20:24:56,622 [d758e0a9-c5a1-4fd4-978f-3629e4af057b-NettyServerStreamRpc-bossGroup--thread1] INFO  logging.LoggingHandler (AbstractInternalLogger.java:log(148)) - [id: 0x23ef106f] BIND: 0.0.0.0/0.0.0.0:15024
2024-08-27 20:24:56,622 [d758e0a9-c5a1-4fd4-978f-3629e4af057b-NettyServerStreamRpc-bossGroup--thread1] INFO  logging.LoggingHandler (AbstractInternalLogger.java:log(148)) - [id: 0x23ef106f, L:/0.0.0.0:15024] ACTIVE
2024-08-27 20:24:56,623 [d758e0a9-c5a1-4fd4-978f-3629e4af057b-impl-thread1] INFO  server.RaftServer (RaftServerProxy.java:initGroupDir(266)) - d758e0a9-c5a1-4fd4-978f-3629e4af057b: found a subdirectory /home/runner/work/ozone/ozone/hadoop-ozone/integration-test/target/test-dir/MiniOzoneClusterImpl-2855d785-c18f-47a1-bcca-44ce8ce60223/ozone-meta/datanode-2/ratis/tmp
2024-08-27 20:24:56,623 [d758e0a9-c5a1-4fd4-978f-3629e4af057b-impl-thread1] INFO  server.RaftServer (RaftServerProxy.java:initGroupDir(271)) - d758e0a9-c5a1-4fd4-978f-3629e4af057b: The directory /home/runner/work/ozone/ozone/hadoop-ozone/integration-test/target/test-dir/MiniOzoneClusterImpl-2855d785-c18f-47a1-bcca-44ce8ce60223/ozone-meta/datanode-2/ratis/tmp is not a group directory; ignoring it. 
2024-08-27 20:24:56,623 [main] INFO  replication.ReplicationServer (ReplicationServer.java:<init>(86)) - Initializing replication server with thread count = 10 queue length = 4096
2024-08-27 20:24:56,625 [main] INFO  server.XceiverServerGrpc (XceiverServerGrpc.java:<init>(141)) - GrpcServer channel type EpollServerSocketChannel
2024-08-27 20:24:56,632 [main] INFO  replication.ReplicationSupervisor (ReplicationSupervisor.java:build(157)) - Initializing replication supervisor with thread count = 10
2024-08-27 20:24:56,633 [main] INFO  replication.ReplicationSupervisor (ReplicationSupervisor.java:nodeStateUpdated(312)) - Node state updated to IN_SERVICE, scaling executor pool size to 10
2024-08-27 20:24:56,643 [main] INFO  http.BaseHttpServer (BaseHttpServer.java:newHttpServer2BuilderForOzone(223)) - Starting Web-server for hddsDatanode at: http://0.0.0.0:15018
2024-08-27 20:24:56,643 [main] INFO  http.BaseHttpServer (BaseHttpServer.java:<init>(110)) - Hadoop Security Enabled: false Ozone Security Enabled: false Ozone HTTP Security Enabled: false 
2024-08-27 20:24:56,645 [main] WARN  server.AuthenticationFilter (AuthenticationFilter.java:constructSecretProvider(240)) - Unable to initialize FileSignerSecretProvider, falling back to use random secrets. Reason: Could not read signature secret file: /home/runner/hadoop-http-auth-signature-secret
2024-08-27 20:24:56,649 [main] INFO  http.HttpRequestLog (HttpRequestLog.java:getRequestLog(86)) - Http request log for http.requests.hddsDatanode is not defined
2024-08-27 20:24:56,652 [main] INFO  http.HttpServer2 (HttpServer2.java:addGlobalFilter(1035)) - Added global filter 'safety' (class=org.apache.hadoop.hdds.server.http.HttpServer2$QuotingInputFilter)
2024-08-27 20:24:56,654 [main] INFO  http.HttpServer2 (HttpServer2.java:addFilter(1011)) - Added filter static_user_filter (class=org.apache.hadoop.http.lib.StaticUserWebFilter$StaticUserFilter) to context hddsDatanode
2024-08-27 20:24:56,654 [main] INFO  http.HttpServer2 (HttpServer2.java:addFilter(1019)) - Added filter static_user_filter (class=org.apache.hadoop.http.lib.StaticUserWebFilter$StaticUserFilter) to context logs
2024-08-27 20:24:56,655 [main] INFO  http.HttpServer2 (HttpServer2.java:addFilter(1019)) - Added filter static_user_filter (class=org.apache.hadoop.http.lib.StaticUserWebFilter$StaticUserFilter) to context static
2024-08-27 20:24:56,657 [main] INFO  http.BaseHttpServer (BaseHttpServer.java:<init>(189)) - HTTP server of hddsDatanode uses base directory /home/runner/work/ozone/ozone/hadoop-ozone/integration-test/target/test-dir/MiniOzoneClusterImpl-2855d785-c18f-47a1-bcca-44ce8ce60223/ozone-meta/datanode-2/meta/webserver
2024-08-27 20:24:56,657 [main] INFO  http.HttpServer2 (HttpServer2.java:bindListener(1235)) - Jetty bound to port 15018
2024-08-27 20:24:56,658 [main] INFO  server.Server (Server.java:doStart(375)) - jetty-9.4.55.v20240627; built: 2024-06-27T15:05:37.765Z; git: 70015831e5195ba74da6383c4ab7c90c56bb08af; jvm 17.0.12+7
2024-08-27 20:24:56,660 [main] INFO  server.session (DefaultSessionIdManager.java:doStart(334)) - DefaultSessionIdManager workerName=node0
2024-08-27 20:24:56,660 [main] INFO  server.session (DefaultSessionIdManager.java:doStart(339)) - No SessionScavenger set, using defaults
2024-08-27 20:24:56,661 [main] INFO  server.session (HouseKeeper.java:startScavenging(132)) - node0 Scavenging every 600000ms
2024-08-27 20:24:56,663 [main] INFO  handler.ContextHandler (ContextHandler.java:doStart(921)) - Started o.e.j.s.ServletContextHandler@529c002c{logs,/logs,file:///home/runner/work/ozone/ozone/hadoop-ozone/integration-test/target/log,AVAILABLE}
2024-08-27 20:24:56,663 [main] INFO  handler.ContextHandler (ContextHandler.java:doStart(921)) - Started o.e.j.s.ServletContextHandler@337348de{static,/static,jar:file:/home/runner/work/ozone/ozone/hadoop-hdds/container-service/target/hdds-container-service-1.5.0-SNAPSHOT.jar!/webapps/static,AVAILABLE}
2024-08-27 20:24:56,703 [b5b9165f-6528-4062-9715-63d706d5309e-DatanodeStateMachineTaskThread-0] INFO  datanode.InitDatanodeState (InitDatanodeState.java:persistContainerDatanodeDetails(139)) - DatanodeDetails is persisted to /home/runner/work/ozone/ozone/hadoop-ozone/integration-test/target/test-dir/MiniOzoneClusterImpl-2855d785-c18f-47a1-bcca-44ce8ce60223/ozone-meta/datanode-1/meta/datanode.id
2024-08-27 20:24:56,942 [main] INFO  handler.ContextHandler (ContextHandler.java:doStart(921)) - Started o.e.j.w.WebAppContext@74703266{hddsDatanode,/,file:///home/runner/work/ozone/ozone/hadoop-ozone/integration-test/target/test-dir/MiniOzoneClusterImpl-2855d785-c18f-47a1-bcca-44ce8ce60223/ozone-meta/datanode-2/meta/webserver/jetty-0_0_0_0-15018-hdds-container-service-1_5_0-SNAPSHOT_jar-_-any-18391389485633081090/webapp/,AVAILABLE}{jar:file:/home/runner/work/ozone/ozone/hadoop-hdds/container-service/target/hdds-container-service-1.5.0-SNAPSHOT.jar!/webapps/hddsDatanode}
2024-08-27 20:24:56,943 [main] INFO  server.AbstractConnector (AbstractConnector.java:doStart(333)) - Started ServerConnector@43c1dcb0{HTTP/1.1, (http/1.1)}{0.0.0.0:15018}
2024-08-27 20:24:56,943 [main] INFO  server.Server (Server.java:doStart(415)) - Started @9661ms
2024-08-27 20:24:56,944 [main] WARN  impl.MetricsSystemImpl (MetricsSystemImpl.java:register(279)) - Sink prometheus already exists!
2024-08-27 20:24:56,944 [main] INFO  http.BaseHttpServer (BaseHttpServer.java:updateConnectorAddress(354)) - HTTP server of hddsDatanode listening at http://0.0.0.0:15018
2024-08-27 20:24:56,945 [main] INFO  ipc.CallQueueManager (CallQueueManager.java:<init>(90)) - Using callQueue: class java.util.concurrent.LinkedBlockingQueue, queueCapacity: 1000, scheduler: class org.apache.hadoop.ipc.DefaultRpcScheduler, ipcBackoff: false.
2024-08-27 20:24:56,945 [main] INFO  ipc.Server (Server.java:<init>(1287)) - Listener at 0.0.0.0:15019
2024-08-27 20:24:56,946 [Socket Reader #1 for port 15019] INFO  ipc.Server (Server.java:run(1323)) - Starting Socket Reader #1 for port 15019
2024-08-27 20:24:56,949 [Socket Reader #2 for port 15019] INFO  ipc.Server (Server.java:run(1323)) - Starting Socket Reader #2 for port 15019
2024-08-27 20:24:56,950 [Socket Reader #4 for port 15019] INFO  ipc.Server (Server.java:run(1323)) - Starting Socket Reader #4 for port 15019
2024-08-27 20:24:56,951 [Socket Reader #7 for port 15019] INFO  ipc.Server (Server.java:run(1323)) - Starting Socket Reader #7 for port 15019
2024-08-27 20:24:56,951 [Socket Reader #6 for port 15019] INFO  ipc.Server (Server.java:run(1323)) - Starting Socket Reader #6 for port 15019
2024-08-27 20:24:56,951 [Socket Reader #5 for port 15019] INFO  ipc.Server (Server.java:run(1323)) - Starting Socket Reader #5 for port 15019
2024-08-27 20:24:56,950 [Socket Reader #3 for port 15019] INFO  ipc.Server (Server.java:run(1323)) - Starting Socket Reader #3 for port 15019
2024-08-27 20:24:56,954 [Socket Reader #8 for port 15019] INFO  ipc.Server (Server.java:run(1323)) - Starting Socket Reader #8 for port 15019
2024-08-27 20:24:56,954 [Socket Reader #9 for port 15019] INFO  ipc.Server (Server.java:run(1323)) - Starting Socket Reader #9 for port 15019
2024-08-27 20:24:56,955 [Socket Reader #10 for port 15019] INFO  ipc.Server (Server.java:run(1323)) - Starting Socket Reader #10 for port 15019
2024-08-27 20:24:56,958 [main] INFO  ozone.HddsDatanodeService (HddsDatanodeService.java:start(319)) - Datanode start with admins: [runner]
2024-08-27 20:24:56,958 [main] INFO  ozone.HddsDatanodeClientProtocolServer (HddsDatanodeClientProtocolServer.java:start(79)) - RPC server for Client /0.0.0.0:15019
2024-08-27 20:24:56,959 [IPC Server Responder] INFO  ipc.Server (Server.java:run(1562)) - IPC Server Responder: starting
2024-08-27 20:24:56,960 [IPC Server listener on 15019] INFO  ipc.Server (Server.java:run(1402)) - IPC Server listener on 15019: starting
2024-08-27 20:24:56,974 [main] WARN  dropwizard3.Dm3MetricRegistriesImpl (Dm3MetricRegistriesImpl.java:addReporterRegistration(114)) - New reporters are added after registries were created. Some metrics will be missing from the reporter. Please add reporter before adding any new registry.
2024-08-27 20:24:56,975 [main] WARN  dropwizard3.Dm3MetricRegistriesImpl (Dm3MetricRegistriesImpl.java:addReporterRegistration(114)) - New reporters are added after registries were created. Some metrics will be missing from the reporter. Please add reporter before adding any new registry.
2024-08-27 20:24:56,975 [main] INFO  impl.MetricsSystemImpl (MetricsSystemImpl.java:init(158)) - HddsDatanode metrics system started (again)
2024-08-27 20:24:57,010 [d758e0a9-c5a1-4fd4-978f-3629e4af057b-DatanodeStateMachineDaemonThread] INFO  statemachine.DatanodeStateMachine (DatanodeStateMachine.java:startStateMachineThread(338)) - Ozone container server started.
2024-08-27 20:24:57,014 [main] INFO  ozone.HddsDatanodeService (HddsDatanodeService.java:start(235)) - HddsDatanodeService host:fv-az884-737.nlrrjjsaionubk4jys1hz1dhmg.bx.internal.cloudapp.net ip:10.1.0.19
2024-08-27 20:24:57,018 [main] INFO  upgrade.AbstractLayoutVersionManager (AbstractLayoutVersionManager.java:init(83)) - Initializing Layout version manager with metadata layout = HBASE_SUPPORT (version = 8), software layout = HBASE_SUPPORT (version = 8)
2024-08-27 20:24:57,019 [main] INFO  statemachine.DatanodeStateMachine (DatanodeStateMachine.java:getEndPointTaskThreadPoolSize(295)) - Datanode State Machine Task Thread Pool size 2
2024-08-27 20:24:57,021 [d758e0a9-c5a1-4fd4-978f-3629e4af057b-DatanodeStateMachineTaskThread-0] INFO  datanode.InitDatanodeState (InitDatanodeState.java:persistContainerDatanodeDetails(139)) - DatanodeDetails is persisted to /home/runner/work/ozone/ozone/hadoop-ozone/integration-test/target/test-dir/MiniOzoneClusterImpl-2855d785-c18f-47a1-bcca-44ce8ce60223/ozone-meta/datanode-2/meta/datanode.id
2024-08-27 20:24:57,030 [main] INFO  volume.HddsVolume (HddsVolume.java:<init>(127)) - Creating HddsVolume: /home/runner/work/ozone/ozone/hadoop-ozone/integration-test/target/test-dir/MiniOzoneClusterImpl-2855d785-c18f-47a1-bcca-44ce8ce60223/ozone-meta/datanode-3/data-0/hdds of storage type : DISK capacity : 9222449699674390527
2024-08-27 20:24:57,031 [main] INFO  volume.MutableVolumeSet (MutableVolumeSet.java:initializeVolumeSet(173)) - Added Volume : /home/runner/work/ozone/ozone/hadoop-ozone/integration-test/target/test-dir/MiniOzoneClusterImpl-2855d785-c18f-47a1-bcca-44ce8ce60223/ozone-meta/datanode-3/data-0/hdds to VolumeSet
2024-08-27 20:24:57,034 [main] INFO  volume.MutableVolumeSet (MutableVolumeSet.java:initializeVolumeSet(173)) - Added Volume : /home/runner/work/ozone/ozone/hadoop-ozone/integration-test/target/test-dir/MiniOzoneClusterImpl-2855d785-c18f-47a1-bcca-44ce8ce60223/ozone-meta/datanode-3/ratis to VolumeSet
2024-08-27 20:24:57,038 [main] INFO  ozoneimpl.OzoneContainer (HddsVolumeUtil.java:loadAllHddsVolumeDbStore(103)) - Load 1 volumes DbStore cost: 2ms
2024-08-27 20:24:57,042 [main] INFO  server.RaftServerConfigKeys (ConfUtils.java:logGet(46)) - raft.server.log.appender.buffer.byte-limit = 8388608 (custom)
2024-08-27 20:24:57,048 [main] INFO  server.RaftServer (ConfUtils.java:logGet(46)) - raft.rpc.type = GRPC (default)
2024-08-27 20:24:57,048 [main] INFO  grpc.GrpcConfigKeys (ConfUtils.java:logFallback(53)) - raft.grpc.admin.host = null (fallback to raft.grpc.server.host)
2024-08-27 20:24:57,048 [main] INFO  grpc.GrpcConfigKeys (ConfUtils.java:logGet(46)) - raft.grpc.admin.port = 15030 (custom)
2024-08-27 20:24:57,049 [main] INFO  grpc.GrpcConfigKeys (ConfUtils.java:logFallback(53)) - raft.grpc.client.host = null (fallback to raft.grpc.server.host)
2024-08-27 20:24:57,049 [main] INFO  grpc.GrpcConfigKeys (ConfUtils.java:logGet(46)) - raft.grpc.client.port = 15030 (custom)
2024-08-27 20:24:57,049 [main] INFO  grpc.GrpcConfigKeys (ConfUtils.java:logGet(46)) - raft.grpc.server.host = null (default)
2024-08-27 20:24:57,049 [main] INFO  grpc.GrpcConfigKeys (ConfUtils.java:logGet(46)) - raft.grpc.server.port = 15030 (custom)
2024-08-27 20:24:57,049 [main] INFO  server.GrpcService (ConfUtils.java:logGet(46)) - raft.grpc.message.size.max = 32MB (=33554432) (custom)
2024-08-27 20:24:57,049 [main] INFO  server.RaftServerConfigKeys (ConfUtils.java:logGet(46)) - raft.server.log.appender.buffer.byte-limit = 8388608 (custom)
2024-08-27 20:24:57,050 [main] INFO  server.GrpcService (ConfUtils.java:logGet(46)) - raft.grpc.flow.control.window = 5MB (=5242880) (custom)
2024-08-27 20:24:57,050 [main] INFO  server.RaftServerConfigKeys (ConfUtils.java:logGet(46)) - raft.server.rpc.request.timeout = 60s (custom)
2024-08-27 20:24:57,050 [main] INFO  grpc.GrpcConfigKeys (ConfUtils.java:logGet(46)) - raft.grpc.server.heartbeat.channel = true (default)
2024-08-27 20:24:57,050 [main] INFO  grpc.GrpcConfigKeys (ConfUtils.java:logGet(46)) - raft.grpc.server.async.request.thread.pool.cached = true (default)
2024-08-27 20:24:57,050 [main] INFO  grpc.GrpcConfigKeys (ConfUtils.java:logGet(46)) - raft.grpc.server.async.request.thread.pool.size = 32 (default)
2024-08-27 20:24:57,051 [main] INFO  impl.DataStreamServerImpl (ConfUtils.java:logGet(46)) - raft.datastream.type = NETTY (custom)
2024-08-27 20:24:57,052 [main] INFO  server.RaftServerConfigKeys (ConfUtils.java:logGet(46)) - raft.server.data-stream.async.request.thread.pool.cached = false (default)
2024-08-27 20:24:57,052 [main] INFO  server.RaftServerConfigKeys (ConfUtils.java:logGet(46)) - raft.server.data-stream.async.request.thread.pool.size = 20 (custom)
2024-08-27 20:24:57,052 [main] INFO  server.RaftServerConfigKeys (ConfUtils.java:logGet(46)) - raft.server.data-stream.async.write.thread.pool.size = 16 (default)
2024-08-27 20:24:57,053 [main] INFO  netty.NettyConfigKeys$DataStream (ConfUtils.java:logGet(46)) - raft.netty.dataStream.server.channel.inactive.grace-period = 10min (default)
2024-08-27 20:24:57,053 [main] INFO  server.RaftServerConfigKeys (ConfUtils.java:logGet(46)) - raft.server.data-stream.client.pool.size = 10 (default)
2024-08-27 20:24:57,053 [main] INFO  netty.NettyConfigKeys$DataStream (ConfUtils.java:logGet(46)) - raft.netty.dataStream.server.use-epoll = true (default)
2024-08-27 20:24:57,053 [main] INFO  netty.NettyConfigKeys$DataStream (ConfUtils.java:logGet(46)) - raft.netty.dataStream.server.boss-group.size = 0 (default)
2024-08-27 20:24:57,053 [main] INFO  netty.NettyUtils (NettyUtils.java:newEventLoopGroup(74)) - Create EpollEventLoopGroup for 9d1f9f5c-07b4-413f-b8b0-69aa045119d7-NettyServerStreamRpc-bossGroup; Thread size is 0.
2024-08-27 20:24:57,054 [main] INFO  netty.NettyConfigKeys$DataStream (ConfUtils.java:logGet(46)) - raft.netty.dataStream.server.worker-group.size = 0 (default)
2024-08-27 20:24:57,054 [main] INFO  netty.NettyUtils (NettyUtils.java:newEventLoopGroup(74)) - Create EpollEventLoopGroup for 9d1f9f5c-07b4-413f-b8b0-69aa045119d7-NettyServerStreamRpc-workerGroup; Thread size is 0.
2024-08-27 20:24:57,055 [main] INFO  netty.NettyConfigKeys$DataStream (ConfUtils.java:logGet(46)) - raft.netty.dataStream.server.tls.conf = null (default)
2024-08-27 20:24:57,055 [main] INFO  netty.NettyConfigKeys$DataStream (ConfUtils.java:logGet(46)) - raft.netty.dataStream.host = null (default)
2024-08-27 20:24:57,055 [main] INFO  netty.NettyConfigKeys$DataStream (ConfUtils.java:logGet(46)) - raft.netty.dataStream.port = 15033 (custom)
2024-08-27 20:24:57,056 [main] INFO  server.RaftServerConfigKeys (ConfUtils.java:logGet(46)) - raft.server.sleep.deviation.threshold = 300ms (default)
2024-08-27 20:24:57,056 [main] INFO  server.RaftServerConfigKeys (ConfUtils.java:logGet(46)) - raft.server.close.threshold = 60s (default)
2024-08-27 20:24:57,056 [main] INFO  server.RaftServerConfigKeys (ConfUtils.java:logGet(46)) - raft.server.leaderelection.leader.step-down.wait-time = 10s (default)
2024-08-27 20:24:57,057 [main] INFO  server.RaftServerConfigKeys (ConfUtils.java:logGet(46)) - raft.server.storage.dir = [/home/runner/work/ozone/ozone/hadoop-ozone/integration-test/target/test-dir/MiniOzoneClusterImpl-2855d785-c18f-47a1-bcca-44ce8ce60223/ozone-meta/datanode-3/ratis] (custom)
2024-08-27 20:24:57,057 [main] INFO  server.RaftServerConfigKeys (ConfUtils.java:logGet(46)) - raft.server.threadpool.proxy.cached = true (default)
2024-08-27 20:24:57,057 [main] INFO  server.RaftServerConfigKeys (ConfUtils.java:logGet(46)) - raft.server.threadpool.proxy.size = 0 (default)
2024-08-27 20:24:57,057 [9d1f9f5c-07b4-413f-b8b0-69aa045119d7-NettyServerStreamRpc-bossGroup--thread1] INFO  logging.LoggingHandler (AbstractInternalLogger.java:log(148)) - [id: 0x9d40eacb] REGISTERED
2024-08-27 20:24:57,058 [9d1f9f5c-07b4-413f-b8b0-69aa045119d7-NettyServerStreamRpc-bossGroup--thread1] INFO  logging.LoggingHandler (AbstractInternalLogger.java:log(148)) - [id: 0x9d40eacb] BIND: 0.0.0.0/0.0.0.0:15033
2024-08-27 20:24:57,058 [9d1f9f5c-07b4-413f-b8b0-69aa045119d7-NettyServerStreamRpc-bossGroup--thread1] INFO  logging.LoggingHandler (AbstractInternalLogger.java:log(148)) - [id: 0x9d40eacb, L:/0.0.0.0:15033] ACTIVE
2024-08-27 20:24:57,058 [9d1f9f5c-07b4-413f-b8b0-69aa045119d7-impl-thread1] INFO  server.RaftServer (RaftServerProxy.java:initGroupDir(266)) - 9d1f9f5c-07b4-413f-b8b0-69aa045119d7: found a subdirectory /home/runner/work/ozone/ozone/hadoop-ozone/integration-test/target/test-dir/MiniOzoneClusterImpl-2855d785-c18f-47a1-bcca-44ce8ce60223/ozone-meta/datanode-3/ratis/tmp
2024-08-27 20:24:57,059 [9d1f9f5c-07b4-413f-b8b0-69aa045119d7-impl-thread1] INFO  server.RaftServer (RaftServerProxy.java:initGroupDir(271)) - 9d1f9f5c-07b4-413f-b8b0-69aa045119d7: The directory /home/runner/work/ozone/ozone/hadoop-ozone/integration-test/target/test-dir/MiniOzoneClusterImpl-2855d785-c18f-47a1-bcca-44ce8ce60223/ozone-meta/datanode-3/ratis/tmp is not a group directory; ignoring it. 
2024-08-27 20:24:57,059 [main] INFO  replication.ReplicationServer (ReplicationServer.java:<init>(86)) - Initializing replication server with thread count = 10 queue length = 4096
2024-08-27 20:24:57,061 [main] INFO  server.XceiverServerGrpc (XceiverServerGrpc.java:<init>(141)) - GrpcServer channel type EpollServerSocketChannel
2024-08-27 20:24:57,063 [main] INFO  replication.ReplicationSupervisor (ReplicationSupervisor.java:build(157)) - Initializing replication supervisor with thread count = 10
2024-08-27 20:24:57,064 [main] INFO  replication.ReplicationSupervisor (ReplicationSupervisor.java:nodeStateUpdated(312)) - Node state updated to IN_SERVICE, scaling executor pool size to 10
2024-08-27 20:24:57,068 [main] INFO  http.BaseHttpServer (BaseHttpServer.java:newHttpServer2BuilderForOzone(223)) - Starting Web-server for hddsDatanode at: http://0.0.0.0:15027
2024-08-27 20:24:57,068 [main] INFO  http.BaseHttpServer (BaseHttpServer.java:<init>(110)) - Hadoop Security Enabled: false Ozone Security Enabled: false Ozone HTTP Security Enabled: false 
2024-08-27 20:24:57,069 [main] WARN  server.AuthenticationFilter (AuthenticationFilter.java:constructSecretProvider(240)) - Unable to initialize FileSignerSecretProvider, falling back to use random secrets. Reason: Could not read signature secret file: /home/runner/hadoop-http-auth-signature-secret
2024-08-27 20:24:57,070 [main] INFO  http.HttpRequestLog (HttpRequestLog.java:getRequestLog(86)) - Http request log for http.requests.hddsDatanode is not defined
2024-08-27 20:24:57,073 [main] INFO  http.HttpServer2 (HttpServer2.java:addGlobalFilter(1035)) - Added global filter 'safety' (class=org.apache.hadoop.hdds.server.http.HttpServer2$QuotingInputFilter)
2024-08-27 20:24:57,074 [main] INFO  http.HttpServer2 (HttpServer2.java:addFilter(1011)) - Added filter static_user_filter (class=org.apache.hadoop.http.lib.StaticUserWebFilter$StaticUserFilter) to context hddsDatanode
2024-08-27 20:24:57,075 [main] INFO  http.HttpServer2 (HttpServer2.java:addFilter(1019)) - Added filter static_user_filter (class=org.apache.hadoop.http.lib.StaticUserWebFilter$StaticUserFilter) to context static
2024-08-27 20:24:57,075 [main] INFO  http.HttpServer2 (HttpServer2.java:addFilter(1019)) - Added filter static_user_filter (class=org.apache.hadoop.http.lib.StaticUserWebFilter$StaticUserFilter) to context logs
2024-08-27 20:24:57,076 [main] INFO  http.BaseHttpServer (BaseHttpServer.java:<init>(189)) - HTTP server of hddsDatanode uses base directory /home/runner/work/ozone/ozone/hadoop-ozone/integration-test/target/test-dir/MiniOzoneClusterImpl-2855d785-c18f-47a1-bcca-44ce8ce60223/ozone-meta/datanode-3/meta/webserver
2024-08-27 20:24:57,076 [main] INFO  http.HttpServer2 (HttpServer2.java:bindListener(1235)) - Jetty bound to port 15027
2024-08-27 20:24:57,076 [main] INFO  server.Server (Server.java:doStart(375)) - jetty-9.4.55.v20240627; built: 2024-06-27T15:05:37.765Z; git: 70015831e5195ba74da6383c4ab7c90c56bb08af; jvm 17.0.12+7
2024-08-27 20:24:57,087 [main] INFO  server.session (DefaultSessionIdManager.java:doStart(334)) - DefaultSessionIdManager workerName=node0
2024-08-27 20:24:57,087 [main] INFO  server.session (DefaultSessionIdManager.java:doStart(339)) - No SessionScavenger set, using defaults
2024-08-27 20:24:57,087 [main] INFO  server.session (HouseKeeper.java:startScavenging(132)) - node0 Scavenging every 600000ms
2024-08-27 20:24:57,088 [main] INFO  handler.ContextHandler (ContextHandler.java:doStart(921)) - Started o.e.j.s.ServletContextHandler@bc9bd00{logs,/logs,file:///home/runner/work/ozone/ozone/hadoop-ozone/integration-test/target/log,AVAILABLE}
2024-08-27 20:24:57,089 [main] INFO  handler.ContextHandler (ContextHandler.java:doStart(921)) - Started o.e.j.s.ServletContextHandler@72a4b564{static,/static,jar:file:/home/runner/work/ozone/ozone/hadoop-hdds/container-service/target/hdds-container-service-1.5.0-SNAPSHOT.jar!/webapps/static,AVAILABLE}
2024-08-27 20:24:57,298 [main] INFO  handler.ContextHandler (ContextHandler.java:doStart(921)) - Started o.e.j.w.WebAppContext@4bd4960e{hddsDatanode,/,file:///home/runner/work/ozone/ozone/hadoop-ozone/integration-test/target/test-dir/MiniOzoneClusterImpl-2855d785-c18f-47a1-bcca-44ce8ce60223/ozone-meta/datanode-3/meta/webserver/jetty-0_0_0_0-15027-hdds-container-service-1_5_0-SNAPSHOT_jar-_-any-5566521860239154748/webapp/,AVAILABLE}{jar:file:/home/runner/work/ozone/ozone/hadoop-hdds/container-service/target/hdds-container-service-1.5.0-SNAPSHOT.jar!/webapps/hddsDatanode}
2024-08-27 20:24:57,299 [main] INFO  server.AbstractConnector (AbstractConnector.java:doStart(333)) - Started ServerConnector@600dfbca{HTTP/1.1, (http/1.1)}{0.0.0.0:15027}
2024-08-27 20:24:57,300 [main] INFO  server.Server (Server.java:doStart(415)) - Started @10018ms
2024-08-27 20:24:57,300 [main] WARN  impl.MetricsSystemImpl (MetricsSystemImpl.java:register(279)) - Sink prometheus already exists!
2024-08-27 20:24:57,301 [main] INFO  http.BaseHttpServer (BaseHttpServer.java:updateConnectorAddress(354)) - HTTP server of hddsDatanode listening at http://0.0.0.0:15027
2024-08-27 20:24:57,301 [main] INFO  ipc.CallQueueManager (CallQueueManager.java:<init>(90)) - Using callQueue: class java.util.concurrent.LinkedBlockingQueue, queueCapacity: 1000, scheduler: class org.apache.hadoop.ipc.DefaultRpcScheduler, ipcBackoff: false.
2024-08-27 20:24:57,302 [main] INFO  ipc.Server (Server.java:<init>(1287)) - Listener at 0.0.0.0:15028
2024-08-27 20:24:57,302 [Socket Reader #1 for port 15028] INFO  ipc.Server (Server.java:run(1323)) - Starting Socket Reader #1 for port 15028
2024-08-27 20:24:57,303 [Socket Reader #2 for port 15028] INFO  ipc.Server (Server.java:run(1323)) - Starting Socket Reader #2 for port 15028
2024-08-27 20:24:57,303 [Socket Reader #3 for port 15028] INFO  ipc.Server (Server.java:run(1323)) - Starting Socket Reader #3 for port 15028
2024-08-27 20:24:57,309 [Socket Reader #4 for port 15028] INFO  ipc.Server (Server.java:run(1323)) - Starting Socket Reader #4 for port 15028
2024-08-27 20:24:57,310 [Socket Reader #5 for port 15028] INFO  ipc.Server (Server.java:run(1323)) - Starting Socket Reader #5 for port 15028
2024-08-27 20:24:57,310 [Socket Reader #7 for port 15028] INFO  ipc.Server (Server.java:run(1323)) - Starting Socket Reader #7 for port 15028
2024-08-27 20:24:57,311 [Socket Reader #6 for port 15028] INFO  ipc.Server (Server.java:run(1323)) - Starting Socket Reader #6 for port 15028
2024-08-27 20:24:57,311 [Socket Reader #8 for port 15028] INFO  ipc.Server (Server.java:run(1323)) - Starting Socket Reader #8 for port 15028
2024-08-27 20:24:57,312 [Socket Reader #9 for port 15028] INFO  ipc.Server (Server.java:run(1323)) - Starting Socket Reader #9 for port 15028
2024-08-27 20:24:57,318 [Socket Reader #10 for port 15028] INFO  ipc.Server (Server.java:run(1323)) - Starting Socket Reader #10 for port 15028
2024-08-27 20:24:57,321 [main] INFO  ozone.HddsDatanodeService (HddsDatanodeService.java:start(319)) - Datanode start with admins: [runner]
2024-08-27 20:24:57,321 [main] INFO  ozone.HddsDatanodeClientProtocolServer (HddsDatanodeClientProtocolServer.java:start(79)) - RPC server for Client /0.0.0.0:15028
2024-08-27 20:24:57,322 [IPC Server Responder] INFO  ipc.Server (Server.java:run(1562)) - IPC Server Responder: starting
2024-08-27 20:24:57,322 [IPC Server listener on 15028] INFO  ipc.Server (Server.java:run(1402)) - IPC Server listener on 15028: starting
2024-08-27 20:24:57,327 [main] WARN  dropwizard3.Dm3MetricRegistriesImpl (Dm3MetricRegistriesImpl.java:addReporterRegistration(114)) - New reporters are added after registries were created. Some metrics will be missing from the reporter. Please add reporter before adding any new registry.
2024-08-27 20:24:57,327 [main] WARN  dropwizard3.Dm3MetricRegistriesImpl (Dm3MetricRegistriesImpl.java:addReporterRegistration(114)) - New reporters are added after registries were created. Some metrics will be missing from the reporter. Please add reporter before adding any new registry.
2024-08-27 20:24:57,327 [main] INFO  impl.MetricsSystemImpl (MetricsSystemImpl.java:init(158)) - HddsDatanode metrics system started (again)
2024-08-27 20:24:57,342 [9d1f9f5c-07b4-413f-b8b0-69aa045119d7-DatanodeStateMachineDaemonThread] INFO  statemachine.DatanodeStateMachine (DatanodeStateMachine.java:startStateMachineThread(338)) - Ozone container server started.
2024-08-27 20:24:57,350 [9d1f9f5c-07b4-413f-b8b0-69aa045119d7-DatanodeStateMachineTaskThread-0] INFO  datanode.InitDatanodeState (InitDatanodeState.java:persistContainerDatanodeDetails(139)) - DatanodeDetails is persisted to /home/runner/work/ozone/ozone/hadoop-ozone/integration-test/target/test-dir/MiniOzoneClusterImpl-2855d785-c18f-47a1-bcca-44ce8ce60223/ozone-meta/datanode-3/meta/datanode.id
2024-08-27 20:24:57,355 [main] INFO  ozone.HddsDatanodeService (HddsDatanodeService.java:start(235)) - HddsDatanodeService host:fv-az884-737.nlrrjjsaionubk4jys1hz1dhmg.bx.internal.cloudapp.net ip:10.1.0.19
2024-08-27 20:24:57,358 [main] INFO  upgrade.AbstractLayoutVersionManager (AbstractLayoutVersionManager.java:init(83)) - Initializing Layout version manager with metadata layout = HBASE_SUPPORT (version = 8), software layout = HBASE_SUPPORT (version = 8)
2024-08-27 20:24:57,359 [main] INFO  statemachine.DatanodeStateMachine (DatanodeStateMachine.java:getEndPointTaskThreadPoolSize(295)) - Datanode State Machine Task Thread Pool size 2
2024-08-27 20:24:57,363 [main] INFO  volume.HddsVolume (HddsVolume.java:<init>(127)) - Creating HddsVolume: /home/runner/work/ozone/ozone/hadoop-ozone/integration-test/target/test-dir/MiniOzoneClusterImpl-2855d785-c18f-47a1-bcca-44ce8ce60223/ozone-meta/datanode-4/data-0/hdds of storage type : DISK capacity : 9222449699674390527
2024-08-27 20:24:57,363 [main] INFO  volume.MutableVolumeSet (MutableVolumeSet.java:initializeVolumeSet(173)) - Added Volume : /home/runner/work/ozone/ozone/hadoop-ozone/integration-test/target/test-dir/MiniOzoneClusterImpl-2855d785-c18f-47a1-bcca-44ce8ce60223/ozone-meta/datanode-4/data-0/hdds to VolumeSet
2024-08-27 20:24:57,365 [main] INFO  volume.MutableVolumeSet (MutableVolumeSet.java:initializeVolumeSet(173)) - Added Volume : /home/runner/work/ozone/ozone/hadoop-ozone/integration-test/target/test-dir/MiniOzoneClusterImpl-2855d785-c18f-47a1-bcca-44ce8ce60223/ozone-meta/datanode-4/ratis to VolumeSet
2024-08-27 20:24:57,366 [main] INFO  ozoneimpl.OzoneContainer (HddsVolumeUtil.java:loadAllHddsVolumeDbStore(103)) - Load 1 volumes DbStore cost: 1ms
2024-08-27 20:24:57,373 [main] INFO  server.RaftServerConfigKeys (ConfUtils.java:logGet(46)) - raft.server.log.appender.buffer.byte-limit = 8388608 (custom)
2024-08-27 20:24:57,376 [main] INFO  server.RaftServer (ConfUtils.java:logGet(46)) - raft.rpc.type = GRPC (default)
2024-08-27 20:24:57,376 [main] INFO  grpc.GrpcConfigKeys (ConfUtils.java:logFallback(53)) - raft.grpc.admin.host = null (fallback to raft.grpc.server.host)
2024-08-27 20:24:57,376 [main] INFO  grpc.GrpcConfigKeys (ConfUtils.java:logGet(46)) - raft.grpc.admin.port = 15039 (custom)
2024-08-27 20:24:57,377 [main] INFO  grpc.GrpcConfigKeys (ConfUtils.java:logFallback(53)) - raft.grpc.client.host = null (fallback to raft.grpc.server.host)
2024-08-27 20:24:57,377 [main] INFO  grpc.GrpcConfigKeys (ConfUtils.java:logGet(46)) - raft.grpc.client.port = 15039 (custom)
2024-08-27 20:24:57,377 [main] INFO  grpc.GrpcConfigKeys (ConfUtils.java:logGet(46)) - raft.grpc.server.host = null (default)
2024-08-27 20:24:57,377 [main] INFO  grpc.GrpcConfigKeys (ConfUtils.java:logGet(46)) - raft.grpc.server.port = 15039 (custom)
2024-08-27 20:24:57,377 [main] INFO  server.GrpcService (ConfUtils.java:logGet(46)) - raft.grpc.message.size.max = 32MB (=33554432) (custom)
2024-08-27 20:24:57,377 [main] INFO  server.RaftServerConfigKeys (ConfUtils.java:logGet(46)) - raft.server.log.appender.buffer.byte-limit = 8388608 (custom)
2024-08-27 20:24:57,378 [main] INFO  server.GrpcService (ConfUtils.java:logGet(46)) - raft.grpc.flow.control.window = 5MB (=5242880) (custom)
2024-08-27 20:24:57,378 [main] INFO  server.RaftServerConfigKeys (ConfUtils.java:logGet(46)) - raft.server.rpc.request.timeout = 60s (custom)
2024-08-27 20:24:57,378 [main] INFO  grpc.GrpcConfigKeys (ConfUtils.java:logGet(46)) - raft.grpc.server.heartbeat.channel = true (default)
2024-08-27 20:24:57,378 [main] INFO  grpc.GrpcConfigKeys (ConfUtils.java:logGet(46)) - raft.grpc.server.async.request.thread.pool.cached = true (default)
2024-08-27 20:24:57,378 [main] INFO  grpc.GrpcConfigKeys (ConfUtils.java:logGet(46)) - raft.grpc.server.async.request.thread.pool.size = 32 (default)
2024-08-27 20:24:57,380 [main] INFO  impl.DataStreamServerImpl (ConfUtils.java:logGet(46)) - raft.datastream.type = NETTY (custom)
2024-08-27 20:24:57,380 [main] INFO  server.RaftServerConfigKeys (ConfUtils.java:logGet(46)) - raft.server.data-stream.async.request.thread.pool.cached = false (default)
2024-08-27 20:24:57,380 [main] INFO  server.RaftServerConfigKeys (ConfUtils.java:logGet(46)) - raft.server.data-stream.async.request.thread.pool.size = 20 (custom)
2024-08-27 20:24:57,381 [main] INFO  server.RaftServerConfigKeys (ConfUtils.java:logGet(46)) - raft.server.data-stream.async.write.thread.pool.size = 16 (default)
2024-08-27 20:24:57,381 [main] INFO  netty.NettyConfigKeys$DataStream (ConfUtils.java:logGet(46)) - raft.netty.dataStream.server.channel.inactive.grace-period = 10min (default)
2024-08-27 20:24:57,381 [main] INFO  server.RaftServerConfigKeys (ConfUtils.java:logGet(46)) - raft.server.data-stream.client.pool.size = 10 (default)
2024-08-27 20:24:57,381 [main] INFO  netty.NettyConfigKeys$DataStream (ConfUtils.java:logGet(46)) - raft.netty.dataStream.server.use-epoll = true (default)
2024-08-27 20:24:57,381 [main] INFO  netty.NettyConfigKeys$DataStream (ConfUtils.java:logGet(46)) - raft.netty.dataStream.server.boss-group.size = 0 (default)
2024-08-27 20:24:57,381 [main] INFO  netty.NettyUtils (NettyUtils.java:newEventLoopGroup(74)) - Create EpollEventLoopGroup for f3028915-7dd4-47fe-983a-636a8839ab96-NettyServerStreamRpc-bossGroup; Thread size is 0.
2024-08-27 20:24:57,382 [main] INFO  netty.NettyConfigKeys$DataStream (ConfUtils.java:logGet(46)) - raft.netty.dataStream.server.worker-group.size = 0 (default)
2024-08-27 20:24:57,382 [main] INFO  netty.NettyUtils (NettyUtils.java:newEventLoopGroup(74)) - Create EpollEventLoopGroup for f3028915-7dd4-47fe-983a-636a8839ab96-NettyServerStreamRpc-workerGroup; Thread size is 0.
2024-08-27 20:24:57,383 [main] INFO  netty.NettyConfigKeys$DataStream (ConfUtils.java:logGet(46)) - raft.netty.dataStream.server.tls.conf = null (default)
2024-08-27 20:24:57,383 [main] INFO  netty.NettyConfigKeys$DataStream (ConfUtils.java:logGet(46)) - raft.netty.dataStream.host = null (default)
2024-08-27 20:24:57,383 [main] INFO  netty.NettyConfigKeys$DataStream (ConfUtils.java:logGet(46)) - raft.netty.dataStream.port = 15042 (custom)
2024-08-27 20:24:57,386 [main] INFO  server.RaftServerConfigKeys (ConfUtils.java:logGet(46)) - raft.server.sleep.deviation.threshold = 300ms (default)
2024-08-27 20:24:57,386 [main] INFO  server.RaftServerConfigKeys (ConfUtils.java:logGet(46)) - raft.server.close.threshold = 60s (default)
2024-08-27 20:24:57,387 [main] INFO  server.RaftServerConfigKeys (ConfUtils.java:logGet(46)) - raft.server.leaderelection.leader.step-down.wait-time = 10s (default)
2024-08-27 20:24:57,387 [main] INFO  server.RaftServerConfigKeys (ConfUtils.java:logGet(46)) - raft.server.storage.dir = [/home/runner/work/ozone/ozone/hadoop-ozone/integration-test/target/test-dir/MiniOzoneClusterImpl-2855d785-c18f-47a1-bcca-44ce8ce60223/ozone-meta/datanode-4/ratis] (custom)
2024-08-27 20:24:57,387 [main] INFO  server.RaftServerConfigKeys (ConfUtils.java:logGet(46)) - raft.server.threadpool.proxy.cached = true (default)
2024-08-27 20:24:57,387 [main] INFO  server.RaftServerConfigKeys (ConfUtils.java:logGet(46)) - raft.server.threadpool.proxy.size = 0 (default)
2024-08-27 20:24:57,388 [f3028915-7dd4-47fe-983a-636a8839ab96-NettyServerStreamRpc-bossGroup--thread1] INFO  logging.LoggingHandler (AbstractInternalLogger.java:log(148)) - [id: 0x164018d2] REGISTERED
2024-08-27 20:24:57,388 [f3028915-7dd4-47fe-983a-636a8839ab96-NettyServerStreamRpc-bossGroup--thread1] INFO  logging.LoggingHandler (AbstractInternalLogger.java:log(148)) - [id: 0x164018d2] BIND: 0.0.0.0/0.0.0.0:15042
2024-08-27 20:24:57,388 [f3028915-7dd4-47fe-983a-636a8839ab96-NettyServerStreamRpc-bossGroup--thread1] INFO  logging.LoggingHandler (AbstractInternalLogger.java:log(148)) - [id: 0x164018d2, L:/0.0.0.0:15042] ACTIVE
2024-08-27 20:24:57,394 [f3028915-7dd4-47fe-983a-636a8839ab96-impl-thread1] INFO  server.RaftServer (RaftServerProxy.java:initGroupDir(266)) - f3028915-7dd4-47fe-983a-636a8839ab96: found a subdirectory /home/runner/work/ozone/ozone/hadoop-ozone/integration-test/target/test-dir/MiniOzoneClusterImpl-2855d785-c18f-47a1-bcca-44ce8ce60223/ozone-meta/datanode-4/ratis/tmp
2024-08-27 20:24:57,395 [f3028915-7dd4-47fe-983a-636a8839ab96-impl-thread1] INFO  server.RaftServer (RaftServerProxy.java:initGroupDir(271)) - f3028915-7dd4-47fe-983a-636a8839ab96: The directory /home/runner/work/ozone/ozone/hadoop-ozone/integration-test/target/test-dir/MiniOzoneClusterImpl-2855d785-c18f-47a1-bcca-44ce8ce60223/ozone-meta/datanode-4/ratis/tmp is not a group directory; ignoring it. 
2024-08-27 20:24:57,396 [main] INFO  replication.ReplicationServer (ReplicationServer.java:<init>(86)) - Initializing replication server with thread count = 10 queue length = 4096
2024-08-27 20:24:57,398 [main] INFO  server.XceiverServerGrpc (XceiverServerGrpc.java:<init>(141)) - GrpcServer channel type EpollServerSocketChannel
2024-08-27 20:24:57,400 [main] INFO  replication.ReplicationSupervisor (ReplicationSupervisor.java:build(157)) - Initializing replication supervisor with thread count = 10
2024-08-27 20:24:57,401 [main] INFO  replication.ReplicationSupervisor (ReplicationSupervisor.java:nodeStateUpdated(312)) - Node state updated to IN_SERVICE, scaling executor pool size to 10
2024-08-27 20:24:57,404 [main] INFO  http.BaseHttpServer (BaseHttpServer.java:newHttpServer2BuilderForOzone(223)) - Starting Web-server for hddsDatanode at: http://0.0.0.0:15036
2024-08-27 20:24:57,404 [main] INFO  http.BaseHttpServer (BaseHttpServer.java:<init>(110)) - Hadoop Security Enabled: false Ozone Security Enabled: false Ozone HTTP Security Enabled: false 
2024-08-27 20:24:57,407 [main] WARN  server.AuthenticationFilter (AuthenticationFilter.java:constructSecretProvider(240)) - Unable to initialize FileSignerSecretProvider, falling back to use random secrets. Reason: Could not read signature secret file: /home/runner/hadoop-http-auth-signature-secret
2024-08-27 20:24:57,408 [main] INFO  http.HttpRequestLog (HttpRequestLog.java:getRequestLog(86)) - Http request log for http.requests.hddsDatanode is not defined
2024-08-27 20:24:57,410 [main] INFO  http.HttpServer2 (HttpServer2.java:addGlobalFilter(1035)) - Added global filter 'safety' (class=org.apache.hadoop.hdds.server.http.HttpServer2$QuotingInputFilter)
2024-08-27 20:24:57,412 [main] INFO  http.HttpServer2 (HttpServer2.java:addFilter(1011)) - Added filter static_user_filter (class=org.apache.hadoop.http.lib.StaticUserWebFilter$StaticUserFilter) to context hddsDatanode
2024-08-27 20:24:57,412 [main] INFO  http.HttpServer2 (HttpServer2.java:addFilter(1019)) - Added filter static_user_filter (class=org.apache.hadoop.http.lib.StaticUserWebFilter$StaticUserFilter) to context logs
2024-08-27 20:24:57,412 [main] INFO  http.HttpServer2 (HttpServer2.java:addFilter(1019)) - Added filter static_user_filter (class=org.apache.hadoop.http.lib.StaticUserWebFilter$StaticUserFilter) to context static
2024-08-27 20:24:57,413 [main] INFO  http.BaseHttpServer (BaseHttpServer.java:<init>(189)) - HTTP server of hddsDatanode uses base directory /home/runner/work/ozone/ozone/hadoop-ozone/integration-test/target/test-dir/MiniOzoneClusterImpl-2855d785-c18f-47a1-bcca-44ce8ce60223/ozone-meta/datanode-4/meta/webserver
2024-08-27 20:24:57,413 [main] INFO  http.HttpServer2 (HttpServer2.java:bindListener(1235)) - Jetty bound to port 15036
2024-08-27 20:24:57,413 [main] INFO  server.Server (Server.java:doStart(375)) - jetty-9.4.55.v20240627; built: 2024-06-27T15:05:37.765Z; git: 70015831e5195ba74da6383c4ab7c90c56bb08af; jvm 17.0.12+7
2024-08-27 20:24:57,423 [main] INFO  server.session (DefaultSessionIdManager.java:doStart(334)) - DefaultSessionIdManager workerName=node0
2024-08-27 20:24:57,423 [main] INFO  server.session (DefaultSessionIdManager.java:doStart(339)) - No SessionScavenger set, using defaults
2024-08-27 20:24:57,424 [main] INFO  server.session (HouseKeeper.java:startScavenging(132)) - node0 Scavenging every 660000ms
2024-08-27 20:24:57,427 [main] INFO  handler.ContextHandler (ContextHandler.java:doStart(921)) - Started o.e.j.s.ServletContextHandler@6f538dd7{logs,/logs,file:///home/runner/work/ozone/ozone/hadoop-ozone/integration-test/target/log,AVAILABLE}
2024-08-27 20:24:57,428 [main] INFO  handler.ContextHandler (ContextHandler.java:doStart(921)) - Started o.e.j.s.ServletContextHandler@40fa9db2{static,/static,jar:file:/home/runner/work/ozone/ozone/hadoop-hdds/container-service/target/hdds-container-service-1.5.0-SNAPSHOT.jar!/webapps/static,AVAILABLE}
2024-08-27 20:24:57,726 [main] INFO  handler.ContextHandler (ContextHandler.java:doStart(921)) - Started o.e.j.w.WebAppContext@4fa057b0{hddsDatanode,/,file:///home/runner/work/ozone/ozone/hadoop-ozone/integration-test/target/test-dir/MiniOzoneClusterImpl-2855d785-c18f-47a1-bcca-44ce8ce60223/ozone-meta/datanode-4/meta/webserver/jetty-0_0_0_0-15036-hdds-container-service-1_5_0-SNAPSHOT_jar-_-any-5838634530013969287/webapp/,AVAILABLE}{jar:file:/home/runner/work/ozone/ozone/hadoop-hdds/container-service/target/hdds-container-service-1.5.0-SNAPSHOT.jar!/webapps/hddsDatanode}
2024-08-27 20:24:57,728 [main] INFO  server.AbstractConnector (AbstractConnector.java:doStart(333)) - Started ServerConnector@53506644{HTTP/1.1, (http/1.1)}{0.0.0.0:15036}
2024-08-27 20:24:57,729 [main] INFO  server.Server (Server.java:doStart(415)) - Started @10447ms
2024-08-27 20:24:57,729 [main] WARN  impl.MetricsSystemImpl (MetricsSystemImpl.java:register(279)) - Sink prometheus already exists!
2024-08-27 20:24:57,731 [main] INFO  http.BaseHttpServer (BaseHttpServer.java:updateConnectorAddress(354)) - HTTP server of hddsDatanode listening at http://0.0.0.0:15036
2024-08-27 20:24:57,732 [main] INFO  ipc.CallQueueManager (CallQueueManager.java:<init>(90)) - Using callQueue: class java.util.concurrent.LinkedBlockingQueue, queueCapacity: 1000, scheduler: class org.apache.hadoop.ipc.DefaultRpcScheduler, ipcBackoff: false.
2024-08-27 20:24:57,732 [main] INFO  ipc.Server (Server.java:<init>(1287)) - Listener at 0.0.0.0:15037
2024-08-27 20:24:57,734 [Socket Reader #1 for port 15037] INFO  ipc.Server (Server.java:run(1323)) - Starting Socket Reader #1 for port 15037
2024-08-27 20:24:57,738 [Socket Reader #2 for port 15037] INFO  ipc.Server (Server.java:run(1323)) - Starting Socket Reader #2 for port 15037
2024-08-27 20:24:57,738 [Socket Reader #3 for port 15037] INFO  ipc.Server (Server.java:run(1323)) - Starting Socket Reader #3 for port 15037
2024-08-27 20:24:57,740 [Socket Reader #4 for port 15037] INFO  ipc.Server (Server.java:run(1323)) - Starting Socket Reader #4 for port 15037
2024-08-27 20:24:57,740 [Socket Reader #5 for port 15037] INFO  ipc.Server (Server.java:run(1323)) - Starting Socket Reader #5 for port 15037
2024-08-27 20:24:57,741 [Socket Reader #6 for port 15037] INFO  ipc.Server (Server.java:run(1323)) - Starting Socket Reader #6 for port 15037
2024-08-27 20:24:57,741 [Socket Reader #7 for port 15037] INFO  ipc.Server (Server.java:run(1323)) - Starting Socket Reader #7 for port 15037
2024-08-27 20:24:57,742 [Socket Reader #8 for port 15037] INFO  ipc.Server (Server.java:run(1323)) - Starting Socket Reader #8 for port 15037
2024-08-27 20:24:57,746 [Socket Reader #9 for port 15037] INFO  ipc.Server (Server.java:run(1323)) - Starting Socket Reader #9 for port 15037
2024-08-27 20:24:57,746 [Socket Reader #10 for port 15037] INFO  ipc.Server (Server.java:run(1323)) - Starting Socket Reader #10 for port 15037
2024-08-27 20:24:57,751 [main] INFO  ozone.HddsDatanodeService (HddsDatanodeService.java:start(319)) - Datanode start with admins: [runner]
2024-08-27 20:24:57,751 [main] INFO  ozone.HddsDatanodeClientProtocolServer (HddsDatanodeClientProtocolServer.java:start(79)) - RPC server for Client /0.0.0.0:15037
2024-08-27 20:24:57,751 [IPC Server Responder] INFO  ipc.Server (Server.java:run(1562)) - IPC Server Responder: starting
2024-08-27 20:24:57,752 [IPC Server listener on 15037] INFO  ipc.Server (Server.java:run(1402)) - IPC Server listener on 15037: starting
2024-08-27 20:24:57,754 [main] WARN  dropwizard3.Dm3MetricRegistriesImpl (Dm3MetricRegistriesImpl.java:addReporterRegistration(114)) - New reporters are added after registries were created. Some metrics will be missing from the reporter. Please add reporter before adding any new registry.
2024-08-27 20:24:57,755 [main] WARN  dropwizard3.Dm3MetricRegistriesImpl (Dm3MetricRegistriesImpl.java:addReporterRegistration(114)) - New reporters are added after registries were created. Some metrics will be missing from the reporter. Please add reporter before adding any new registry.
2024-08-27 20:24:57,755 [main] INFO  impl.MetricsSystemImpl (MetricsSystemImpl.java:init(158)) - HddsDatanode metrics system started (again)
2024-08-27 20:24:57,760 [f3028915-7dd4-47fe-983a-636a8839ab96-DatanodeStateMachineDaemonThread] INFO  statemachine.DatanodeStateMachine (DatanodeStateMachine.java:startStateMachineThread(338)) - Ozone container server started.
2024-08-27 20:24:57,767 [f3028915-7dd4-47fe-983a-636a8839ab96-DatanodeStateMachineTaskThread-0] INFO  datanode.InitDatanodeState (InitDatanodeState.java:persistContainerDatanodeDetails(139)) - DatanodeDetails is persisted to /home/runner/work/ozone/ozone/hadoop-ozone/integration-test/target/test-dir/MiniOzoneClusterImpl-2855d785-c18f-47a1-bcca-44ce8ce60223/ozone-meta/datanode-4/meta/datanode.id
2024-08-27 20:24:57,777 [main] INFO  ozone.HddsDatanodeService (HddsDatanodeService.java:start(235)) - HddsDatanodeService host:fv-az884-737.nlrrjjsaionubk4jys1hz1dhmg.bx.internal.cloudapp.net ip:10.1.0.19
2024-08-27 20:24:57,780 [main] INFO  upgrade.AbstractLayoutVersionManager (AbstractLayoutVersionManager.java:init(83)) - Initializing Layout version manager with metadata layout = HBASE_SUPPORT (version = 8), software layout = HBASE_SUPPORT (version = 8)
2024-08-27 20:24:57,781 [main] INFO  statemachine.DatanodeStateMachine (DatanodeStateMachine.java:getEndPointTaskThreadPoolSize(295)) - Datanode State Machine Task Thread Pool size 2
2024-08-27 20:24:57,784 [main] INFO  volume.HddsVolume (HddsVolume.java:<init>(127)) - Creating HddsVolume: /home/runner/work/ozone/ozone/hadoop-ozone/integration-test/target/test-dir/MiniOzoneClusterImpl-2855d785-c18f-47a1-bcca-44ce8ce60223/ozone-meta/datanode-5/data-0/hdds of storage type : DISK capacity : 9222449699674390527
2024-08-27 20:24:57,785 [main] INFO  volume.MutableVolumeSet (MutableVolumeSet.java:initializeVolumeSet(173)) - Added Volume : /home/runner/work/ozone/ozone/hadoop-ozone/integration-test/target/test-dir/MiniOzoneClusterImpl-2855d785-c18f-47a1-bcca-44ce8ce60223/ozone-meta/datanode-5/data-0/hdds to VolumeSet
2024-08-27 20:24:57,786 [main] INFO  volume.MutableVolumeSet (MutableVolumeSet.java:initializeVolumeSet(173)) - Added Volume : /home/runner/work/ozone/ozone/hadoop-ozone/integration-test/target/test-dir/MiniOzoneClusterImpl-2855d785-c18f-47a1-bcca-44ce8ce60223/ozone-meta/datanode-5/ratis to VolumeSet
2024-08-27 20:24:57,788 [main] INFO  ozoneimpl.OzoneContainer (HddsVolumeUtil.java:loadAllHddsVolumeDbStore(103)) - Load 1 volumes DbStore cost: 0ms
2024-08-27 20:24:57,795 [main] INFO  server.RaftServerConfigKeys (ConfUtils.java:logGet(46)) - raft.server.log.appender.buffer.byte-limit = 8388608 (custom)
2024-08-27 20:24:57,798 [main] INFO  server.RaftServer (ConfUtils.java:logGet(46)) - raft.rpc.type = GRPC (default)
2024-08-27 20:24:57,798 [main] INFO  grpc.GrpcConfigKeys (ConfUtils.java:logFallback(53)) - raft.grpc.admin.host = null (fallback to raft.grpc.server.host)
2024-08-27 20:24:57,798 [main] INFO  grpc.GrpcConfigKeys (ConfUtils.java:logGet(46)) - raft.grpc.admin.port = 15048 (custom)
2024-08-27 20:24:57,799 [main] INFO  grpc.GrpcConfigKeys (ConfUtils.java:logFallback(53)) - raft.grpc.client.host = null (fallback to raft.grpc.server.host)
2024-08-27 20:24:57,799 [main] INFO  grpc.GrpcConfigKeys (ConfUtils.java:logGet(46)) - raft.grpc.client.port = 15048 (custom)
2024-08-27 20:24:57,799 [main] INFO  grpc.GrpcConfigKeys (ConfUtils.java:logGet(46)) - raft.grpc.server.host = null (default)
2024-08-27 20:24:57,799 [main] INFO  grpc.GrpcConfigKeys (ConfUtils.java:logGet(46)) - raft.grpc.server.port = 15048 (custom)
2024-08-27 20:24:57,799 [main] INFO  server.GrpcService (ConfUtils.java:logGet(46)) - raft.grpc.message.size.max = 32MB (=33554432) (custom)
2024-08-27 20:24:57,799 [main] INFO  server.RaftServerConfigKeys (ConfUtils.java:logGet(46)) - raft.server.log.appender.buffer.byte-limit = 8388608 (custom)
2024-08-27 20:24:57,799 [main] INFO  server.GrpcService (ConfUtils.java:logGet(46)) - raft.grpc.flow.control.window = 5MB (=5242880) (custom)
2024-08-27 20:24:57,800 [main] INFO  server.RaftServerConfigKeys (ConfUtils.java:logGet(46)) - raft.server.rpc.request.timeout = 60s (custom)
2024-08-27 20:24:57,800 [main] INFO  grpc.GrpcConfigKeys (ConfUtils.java:logGet(46)) - raft.grpc.server.heartbeat.channel = true (default)
2024-08-27 20:24:57,800 [main] INFO  grpc.GrpcConfigKeys (ConfUtils.java:logGet(46)) - raft.grpc.server.async.request.thread.pool.cached = true (default)
2024-08-27 20:24:57,800 [main] INFO  grpc.GrpcConfigKeys (ConfUtils.java:logGet(46)) - raft.grpc.server.async.request.thread.pool.size = 32 (default)
2024-08-27 20:24:57,801 [main] INFO  impl.DataStreamServerImpl (ConfUtils.java:logGet(46)) - raft.datastream.type = NETTY (custom)
2024-08-27 20:24:57,802 [main] INFO  server.RaftServerConfigKeys (ConfUtils.java:logGet(46)) - raft.server.data-stream.async.request.thread.pool.cached = false (default)
2024-08-27 20:24:57,802 [main] INFO  server.RaftServerConfigKeys (ConfUtils.java:logGet(46)) - raft.server.data-stream.async.request.thread.pool.size = 20 (custom)
2024-08-27 20:24:57,802 [main] INFO  server.RaftServerConfigKeys (ConfUtils.java:logGet(46)) - raft.server.data-stream.async.write.thread.pool.size = 16 (default)
2024-08-27 20:24:57,802 [main] INFO  netty.NettyConfigKeys$DataStream (ConfUtils.java:logGet(46)) - raft.netty.dataStream.server.channel.inactive.grace-period = 10min (default)
2024-08-27 20:24:57,803 [main] INFO  server.RaftServerConfigKeys (ConfUtils.java:logGet(46)) - raft.server.data-stream.client.pool.size = 10 (default)
2024-08-27 20:24:57,803 [main] INFO  netty.NettyConfigKeys$DataStream (ConfUtils.java:logGet(46)) - raft.netty.dataStream.server.use-epoll = true (default)
2024-08-27 20:24:57,803 [main] INFO  netty.NettyConfigKeys$DataStream (ConfUtils.java:logGet(46)) - raft.netty.dataStream.server.boss-group.size = 0 (default)
2024-08-27 20:24:57,803 [main] INFO  netty.NettyUtils (NettyUtils.java:newEventLoopGroup(74)) - Create EpollEventLoopGroup for 18c2a24f-8a03-4916-b50c-e7c6140a9b01-NettyServerStreamRpc-bossGroup; Thread size is 0.
2024-08-27 20:24:57,804 [main] INFO  netty.NettyConfigKeys$DataStream (ConfUtils.java:logGet(46)) - raft.netty.dataStream.server.worker-group.size = 0 (default)
2024-08-27 20:24:57,804 [main] INFO  netty.NettyUtils (NettyUtils.java:newEventLoopGroup(74)) - Create EpollEventLoopGroup for 18c2a24f-8a03-4916-b50c-e7c6140a9b01-NettyServerStreamRpc-workerGroup; Thread size is 0.
2024-08-27 20:24:57,805 [main] INFO  netty.NettyConfigKeys$DataStream (ConfUtils.java:logGet(46)) - raft.netty.dataStream.server.tls.conf = null (default)
2024-08-27 20:24:57,805 [main] INFO  netty.NettyConfigKeys$DataStream (ConfUtils.java:logGet(46)) - raft.netty.dataStream.host = null (default)
2024-08-27 20:24:57,805 [main] INFO  netty.NettyConfigKeys$DataStream (ConfUtils.java:logGet(46)) - raft.netty.dataStream.port = 15051 (custom)
2024-08-27 20:24:57,805 [main] INFO  server.RaftServerConfigKeys (ConfUtils.java:logGet(46)) - raft.server.sleep.deviation.threshold = 300ms (default)
2024-08-27 20:24:57,806 [main] INFO  server.RaftServerConfigKeys (ConfUtils.java:logGet(46)) - raft.server.close.threshold = 60s (default)
2024-08-27 20:24:57,806 [main] INFO  server.RaftServerConfigKeys (ConfUtils.java:logGet(46)) - raft.server.leaderelection.leader.step-down.wait-time = 10s (default)
2024-08-27 20:24:57,806 [main] INFO  server.RaftServerConfigKeys (ConfUtils.java:logGet(46)) - raft.server.storage.dir = [/home/runner/work/ozone/ozone/hadoop-ozone/integration-test/target/test-dir/MiniOzoneClusterImpl-2855d785-c18f-47a1-bcca-44ce8ce60223/ozone-meta/datanode-5/ratis] (custom)
2024-08-27 20:24:57,806 [main] INFO  server.RaftServerConfigKeys (ConfUtils.java:logGet(46)) - raft.server.threadpool.proxy.cached = true (default)
2024-08-27 20:24:57,806 [main] INFO  server.RaftServerConfigKeys (ConfUtils.java:logGet(46)) - raft.server.threadpool.proxy.size = 0 (default)
2024-08-27 20:24:57,807 [18c2a24f-8a03-4916-b50c-e7c6140a9b01-NettyServerStreamRpc-bossGroup--thread1] INFO  logging.LoggingHandler (AbstractInternalLogger.java:log(148)) - [id: 0x9f8b8a3a] REGISTERED
2024-08-27 20:24:57,807 [18c2a24f-8a03-4916-b50c-e7c6140a9b01-NettyServerStreamRpc-bossGroup--thread1] INFO  logging.LoggingHandler (AbstractInternalLogger.java:log(148)) - [id: 0x9f8b8a3a] BIND: 0.0.0.0/0.0.0.0:15051
2024-08-27 20:24:57,807 [18c2a24f-8a03-4916-b50c-e7c6140a9b01-NettyServerStreamRpc-bossGroup--thread1] INFO  logging.LoggingHandler (AbstractInternalLogger.java:log(148)) - [id: 0x9f8b8a3a, L:/0.0.0.0:15051] ACTIVE
2024-08-27 20:24:57,810 [18c2a24f-8a03-4916-b50c-e7c6140a9b01-impl-thread1] INFO  server.RaftServer (RaftServerProxy.java:initGroupDir(266)) - 18c2a24f-8a03-4916-b50c-e7c6140a9b01: found a subdirectory /home/runner/work/ozone/ozone/hadoop-ozone/integration-test/target/test-dir/MiniOzoneClusterImpl-2855d785-c18f-47a1-bcca-44ce8ce60223/ozone-meta/datanode-5/ratis/tmp
2024-08-27 20:24:57,811 [18c2a24f-8a03-4916-b50c-e7c6140a9b01-impl-thread1] INFO  server.RaftServer (RaftServerProxy.java:initGroupDir(271)) - 18c2a24f-8a03-4916-b50c-e7c6140a9b01: The directory /home/runner/work/ozone/ozone/hadoop-ozone/integration-test/target/test-dir/MiniOzoneClusterImpl-2855d785-c18f-47a1-bcca-44ce8ce60223/ozone-meta/datanode-5/ratis/tmp is not a group directory; ignoring it. 
2024-08-27 20:24:57,811 [main] INFO  replication.ReplicationServer (ReplicationServer.java:<init>(86)) - Initializing replication server with thread count = 10 queue length = 4096
2024-08-27 20:24:57,813 [main] INFO  server.XceiverServerGrpc (XceiverServerGrpc.java:<init>(141)) - GrpcServer channel type EpollServerSocketChannel
2024-08-27 20:24:57,816 [main] INFO  replication.ReplicationSupervisor (ReplicationSupervisor.java:build(157)) - Initializing replication supervisor with thread count = 10
2024-08-27 20:24:57,816 [main] INFO  replication.ReplicationSupervisor (ReplicationSupervisor.java:nodeStateUpdated(312)) - Node state updated to IN_SERVICE, scaling executor pool size to 10
2024-08-27 20:24:57,822 [main] INFO  http.BaseHttpServer (BaseHttpServer.java:newHttpServer2BuilderForOzone(223)) - Starting Web-server for hddsDatanode at: http://0.0.0.0:15045
2024-08-27 20:24:57,822 [main] INFO  http.BaseHttpServer (BaseHttpServer.java:<init>(110)) - Hadoop Security Enabled: false Ozone Security Enabled: false Ozone HTTP Security Enabled: false 
2024-08-27 20:24:57,825 [main] WARN  server.AuthenticationFilter (AuthenticationFilter.java:constructSecretProvider(240)) - Unable to initialize FileSignerSecretProvider, falling back to use random secrets. Reason: Could not read signature secret file: /home/runner/hadoop-http-auth-signature-secret
2024-08-27 20:24:57,827 [main] INFO  http.HttpRequestLog (HttpRequestLog.java:getRequestLog(86)) - Http request log for http.requests.hddsDatanode is not defined
2024-08-27 20:24:57,829 [main] INFO  http.HttpServer2 (HttpServer2.java:addGlobalFilter(1035)) - Added global filter 'safety' (class=org.apache.hadoop.hdds.server.http.HttpServer2$QuotingInputFilter)
2024-08-27 20:24:57,832 [main] INFO  http.HttpServer2 (HttpServer2.java:addFilter(1011)) - Added filter static_user_filter (class=org.apache.hadoop.http.lib.StaticUserWebFilter$StaticUserFilter) to context hddsDatanode
2024-08-27 20:24:57,832 [main] INFO  http.HttpServer2 (HttpServer2.java:addFilter(1019)) - Added filter static_user_filter (class=org.apache.hadoop.http.lib.StaticUserWebFilter$StaticUserFilter) to context static
2024-08-27 20:24:57,832 [main] INFO  http.HttpServer2 (HttpServer2.java:addFilter(1019)) - Added filter static_user_filter (class=org.apache.hadoop.http.lib.StaticUserWebFilter$StaticUserFilter) to context logs
2024-08-27 20:24:57,833 [main] INFO  http.BaseHttpServer (BaseHttpServer.java:<init>(189)) - HTTP server of hddsDatanode uses base directory /home/runner/work/ozone/ozone/hadoop-ozone/integration-test/target/test-dir/MiniOzoneClusterImpl-2855d785-c18f-47a1-bcca-44ce8ce60223/ozone-meta/datanode-5/meta/webserver
2024-08-27 20:24:57,834 [main] INFO  http.HttpServer2 (HttpServer2.java:bindListener(1235)) - Jetty bound to port 15045
2024-08-27 20:24:57,834 [main] INFO  server.Server (Server.java:doStart(375)) - jetty-9.4.55.v20240627; built: 2024-06-27T15:05:37.765Z; git: 70015831e5195ba74da6383c4ab7c90c56bb08af; jvm 17.0.12+7
2024-08-27 20:24:57,843 [main] INFO  server.session (DefaultSessionIdManager.java:doStart(334)) - DefaultSessionIdManager workerName=node0
2024-08-27 20:24:57,843 [main] INFO  server.session (DefaultSessionIdManager.java:doStart(339)) - No SessionScavenger set, using defaults
2024-08-27 20:24:57,843 [main] INFO  server.session (HouseKeeper.java:startScavenging(132)) - node0 Scavenging every 600000ms
2024-08-27 20:24:57,844 [main] INFO  handler.ContextHandler (ContextHandler.java:doStart(921)) - Started o.e.j.s.ServletContextHandler@5a85526b{logs,/logs,file:///home/runner/work/ozone/ozone/hadoop-ozone/integration-test/target/log,AVAILABLE}
2024-08-27 20:24:57,845 [main] INFO  handler.ContextHandler (ContextHandler.java:doStart(921)) - Started o.e.j.s.ServletContextHandler@1319b8b9{static,/static,jar:file:/home/runner/work/ozone/ozone/hadoop-hdds/container-service/target/hdds-container-service-1.5.0-SNAPSHOT.jar!/webapps/static,AVAILABLE}
2024-08-27 20:24:58,129 [main] INFO  handler.ContextHandler (ContextHandler.java:doStart(921)) - Started o.e.j.w.WebAppContext@5a31d662{hddsDatanode,/,file:///home/runner/work/ozone/ozone/hadoop-ozone/integration-test/target/test-dir/MiniOzoneClusterImpl-2855d785-c18f-47a1-bcca-44ce8ce60223/ozone-meta/datanode-5/meta/webserver/jetty-0_0_0_0-15045-hdds-container-service-1_5_0-SNAPSHOT_jar-_-any-13855259195752742508/webapp/,AVAILABLE}{jar:file:/home/runner/work/ozone/ozone/hadoop-hdds/container-service/target/hdds-container-service-1.5.0-SNAPSHOT.jar!/webapps/hddsDatanode}
2024-08-27 20:24:58,131 [main] INFO  server.AbstractConnector (AbstractConnector.java:doStart(333)) - Started ServerConnector@736f0d1b{HTTP/1.1, (http/1.1)}{0.0.0.0:15045}
2024-08-27 20:24:58,131 [main] INFO  server.Server (Server.java:doStart(415)) - Started @10849ms
2024-08-27 20:24:58,131 [main] WARN  impl.MetricsSystemImpl (MetricsSystemImpl.java:register(279)) - Sink prometheus already exists!
2024-08-27 20:24:58,132 [main] INFO  http.BaseHttpServer (BaseHttpServer.java:updateConnectorAddress(354)) - HTTP server of hddsDatanode listening at http://0.0.0.0:15045
2024-08-27 20:24:58,132 [main] INFO  ipc.CallQueueManager (CallQueueManager.java:<init>(90)) - Using callQueue: class java.util.concurrent.LinkedBlockingQueue, queueCapacity: 1000, scheduler: class org.apache.hadoop.ipc.DefaultRpcScheduler, ipcBackoff: false.
2024-08-27 20:24:58,133 [main] INFO  ipc.Server (Server.java:<init>(1287)) - Listener at 0.0.0.0:15046
2024-08-27 20:24:58,133 [Socket Reader #1 for port 15046] INFO  ipc.Server (Server.java:run(1323)) - Starting Socket Reader #1 for port 15046
2024-08-27 20:24:58,134 [Socket Reader #2 for port 15046] INFO  ipc.Server (Server.java:run(1323)) - Starting Socket Reader #2 for port 15046
2024-08-27 20:24:58,134 [Socket Reader #3 for port 15046] INFO  ipc.Server (Server.java:run(1323)) - Starting Socket Reader #3 for port 15046
2024-08-27 20:24:58,138 [Socket Reader #4 for port 15046] INFO  ipc.Server (Server.java:run(1323)) - Starting Socket Reader #4 for port 15046
2024-08-27 20:24:58,139 [Socket Reader #5 for port 15046] INFO  ipc.Server (Server.java:run(1323)) - Starting Socket Reader #5 for port 15046
2024-08-27 20:24:58,140 [Socket Reader #6 for port 15046] INFO  ipc.Server (Server.java:run(1323)) - Starting Socket Reader #6 for port 15046
2024-08-27 20:24:58,141 [Socket Reader #7 for port 15046] INFO  ipc.Server (Server.java:run(1323)) - Starting Socket Reader #7 for port 15046
2024-08-27 20:24:58,142 [Socket Reader #9 for port 15046] INFO  ipc.Server (Server.java:run(1323)) - Starting Socket Reader #9 for port 15046
2024-08-27 20:24:58,142 [Socket Reader #10 for port 15046] INFO  ipc.Server (Server.java:run(1323)) - Starting Socket Reader #10 for port 15046
2024-08-27 20:24:58,142 [Socket Reader #8 for port 15046] INFO  ipc.Server (Server.java:run(1323)) - Starting Socket Reader #8 for port 15046
2024-08-27 20:24:58,144 [main] INFO  ozone.HddsDatanodeService (HddsDatanodeService.java:start(319)) - Datanode start with admins: [runner]
2024-08-27 20:24:58,144 [main] INFO  ozone.HddsDatanodeClientProtocolServer (HddsDatanodeClientProtocolServer.java:start(79)) - RPC server for Client /0.0.0.0:15046
2024-08-27 20:24:58,145 [IPC Server Responder] INFO  ipc.Server (Server.java:run(1562)) - IPC Server Responder: starting
2024-08-27 20:24:58,145 [IPC Server listener on 15046] INFO  ipc.Server (Server.java:run(1402)) - IPC Server listener on 15046: starting
2024-08-27 20:24:58,178 [18c2a24f-8a03-4916-b50c-e7c6140a9b01-DatanodeStateMachineDaemonThread] INFO  statemachine.DatanodeStateMachine (DatanodeStateMachine.java:startStateMachineThread(338)) - Ozone container server started.
2024-08-27 20:24:58,178 [main] INFO  ozone.MiniOzoneClusterImpl (MiniOzoneClusterImpl.java:lambda$waitForClusterToBeReady$0(198)) - Waiting for nodes to be ready. Got 0 of 5 DN Heartbeats.
2024-08-27 20:24:58,178 [main] INFO  ozone.MiniOzoneClusterImpl (MiniOzoneClusterImpl.java:lambda$waitForClusterToBeReady$0(201)) - Waiting for cluster to exit safe mode
2024-08-27 20:24:58,178 [main] INFO  ozone.MiniOzoneClusterImpl (MiniOzoneClusterImpl.java:lambda$waitForClusterToBeReady$0(203)) - SCM became leader
2024-08-27 20:24:58,181 [18c2a24f-8a03-4916-b50c-e7c6140a9b01-DatanodeStateMachineTaskThread-0] INFO  datanode.InitDatanodeState (InitDatanodeState.java:persistContainerDatanodeDetails(139)) - DatanodeDetails is persisted to /home/runner/work/ozone/ozone/hadoop-ozone/integration-test/target/test-dir/MiniOzoneClusterImpl-2855d785-c18f-47a1-bcca-44ce8ce60223/ozone-meta/datanode-5/meta/datanode.id
2024-08-27 20:24:58,624 [b5b9165f-6528-4062-9715-63d706d5309e-EndpointStateMachineTaskThread-/0.0.0.0:15002-0 ] INFO  utils.DatanodeStoreCache (DatanodeStoreCache.java:addDB(72)) - Added db /home/runner/work/ozone/ozone/hadoop-ozone/integration-test/target/test-dir/MiniOzoneClusterImpl-2855d785-c18f-47a1-bcca-44ce8ce60223/ozone-meta/datanode-1/data-0/hdds/2855d785-c18f-47a1-bcca-44ce8ce60223/DS-cd09d0b5-5ce3-4c07-9263-4eedde47e932/container.db to cache
2024-08-27 20:24:58,625 [b5b9165f-6528-4062-9715-63d706d5309e-EndpointStateMachineTaskThread-/0.0.0.0:15002-0 ] INFO  volume.HddsVolume (HddsVolume.java:createDbStore(429)) - SchemaV3 db is created and loaded at /home/runner/work/ozone/ozone/hadoop-ozone/integration-test/target/test-dir/MiniOzoneClusterImpl-2855d785-c18f-47a1-bcca-44ce8ce60223/ozone-meta/datanode-1/data-0/hdds/2855d785-c18f-47a1-bcca-44ce8ce60223/DS-cd09d0b5-5ce3-4c07-9263-4eedde47e932/container.db for volume DS-cd09d0b5-5ce3-4c07-9263-4eedde47e932
2024-08-27 20:24:58,637 [b5b9165f-6528-4062-9715-63d706d5309e-ContainerReader-0] INFO  ozoneimpl.ContainerReader (ContainerReader.java:readVolume(148)) - Start to verify containers on volume /home/runner/work/ozone/ozone/hadoop-ozone/integration-test/target/test-dir/MiniOzoneClusterImpl-2855d785-c18f-47a1-bcca-44ce8ce60223/ozone-meta/datanode-1/data-0/hdds
2024-08-27 20:24:58,637 [b5b9165f-6528-4062-9715-63d706d5309e-ContainerReader-0] INFO  ozoneimpl.ContainerReader (ContainerReader.java:readVolume(178)) - Finish verifying containers on volume /home/runner/work/ozone/ozone/hadoop-ozone/integration-test/target/test-dir/MiniOzoneClusterImpl-2855d785-c18f-47a1-bcca-44ce8ce60223/ozone-meta/datanode-1/data-0/hdds
2024-08-27 20:24:58,638 [b5b9165f-6528-4062-9715-63d706d5309e-EndpointStateMachineTaskThread-/0.0.0.0:15002-0 ] INFO  ozoneimpl.OzoneContainer (OzoneContainer.java:buildContainerSet(344)) - Build ContainerSet costs 0s
2024-08-27 20:24:58,639 [b5b9165f-6528-4062-9715-63d706d5309e-EndpointStateMachineTaskThread-/0.0.0.0:15002-0 ] INFO  volume.ThrottledAsyncChecker (ThrottledAsyncChecker.java:schedule(141)) - Scheduling a check for /home/runner/work/ozone/ozone/hadoop-ozone/integration-test/target/test-dir/MiniOzoneClusterImpl-2855d785-c18f-47a1-bcca-44ce8ce60223/ozone-meta/datanode-1/data-0/hdds
2024-08-27 20:24:58,645 [b5b9165f-6528-4062-9715-63d706d5309e-EndpointStateMachineTaskThread-/0.0.0.0:15002-0 ] INFO  volume.StorageVolumeChecker (StorageVolumeChecker.java:checkAllVolumes(218)) - Scheduled health check for volume /home/runner/work/ozone/ozone/hadoop-ozone/integration-test/target/test-dir/MiniOzoneClusterImpl-2855d785-c18f-47a1-bcca-44ce8ce60223/ozone-meta/datanode-1/data-0/hdds
2024-08-27 20:24:58,652 [b5b9165f-6528-4062-9715-63d706d5309e-EndpointStateMachineTaskThread-/0.0.0.0:15002-0 ] INFO  volume.ThrottledAsyncChecker (ThrottledAsyncChecker.java:schedule(141)) - Scheduling a check for /home/runner/work/ozone/ozone/hadoop-ozone/integration-test/target/test-dir/MiniOzoneClusterImpl-2855d785-c18f-47a1-bcca-44ce8ce60223/ozone-meta/datanode-1/ratis
2024-08-27 20:24:58,652 [b5b9165f-6528-4062-9715-63d706d5309e-EndpointStateMachineTaskThread-/0.0.0.0:15002-0 ] INFO  volume.StorageVolumeChecker (StorageVolumeChecker.java:checkAllVolumes(218)) - Scheduled health check for volume /home/runner/work/ozone/ozone/hadoop-ozone/integration-test/target/test-dir/MiniOzoneClusterImpl-2855d785-c18f-47a1-bcca-44ce8ce60223/ozone-meta/datanode-1/ratis
2024-08-27 20:24:58,654 [b5b9165f-6528-4062-9715-63d706d5309e-EndpointStateMachineTaskThread-/0.0.0.0:15002-0 ] INFO  ozoneimpl.OzoneContainer (OzoneContainer.java:start(475)) - Attempting to start container services.
2024-08-27 20:24:58,662 [ContainerMetadataScanner] INFO  ozoneimpl.AbstractBackgroundContainerScanner (AbstractBackgroundContainerScanner.java:runIteration(87)) - Completed an iteration in 0 minutes. Number of iterations (since the data-node restart) : 1, Number of containers scanned in this iteration : 0, Number of unhealthy containers found in this iteration : 0
2024-08-27 20:24:58,665 [b5b9165f-6528-4062-9715-63d706d5309e-EndpointStateMachineTaskThread-/0.0.0.0:15002-0 ] INFO  replication.ReplicationServer (ReplicationServer.java:start(140)) - ReplicationServer is started using port 15016
2024-08-27 20:24:58,665 [b5b9165f-6528-4062-9715-63d706d5309e-EndpointStateMachineTaskThread-/0.0.0.0:15002-0 ] INFO  ratis.XceiverServerRatis (XceiverServerRatis.java:start(561)) - Starting XceiverServerRatis b5b9165f-6528-4062-9715-63d706d5309e
2024-08-27 20:24:58,666 [ContainerDataScanner(/home/runner/work/ozone/ozone/hadoop-ozone/integration-test/target/test-dir/MiniOzoneClusterImpl-2855d785-c18f-47a1-bcca-44ce8ce60223/ozone-meta/datanode-1/data-0/hdds)] INFO  ozoneimpl.AbstractBackgroundContainerScanner (AbstractBackgroundContainerScanner.java:runIteration(87)) - Completed an iteration in 0 minutes. Number of iterations (since the data-node restart) : 1, Number of containers scanned in this iteration : 0, Number of unhealthy containers found in this iteration : 0
2024-08-27 20:24:58,674 [b5b9165f-6528-4062-9715-63d706d5309e-EndpointStateMachineTaskThread-/0.0.0.0:15002-0 ] INFO  server.RaftServer (RaftServerProxy.java:startImpl(408)) - b5b9165f-6528-4062-9715-63d706d5309e: start RPC server
2024-08-27 20:24:58,676 [b5b9165f-6528-4062-9715-63d706d5309e-EndpointStateMachineTaskThread-/0.0.0.0:15002-0 ] INFO  server.GrpcService (GrpcService.java:startImpl(302)) - b5b9165f-6528-4062-9715-63d706d5309e: GrpcService started, listening on 15012
2024-08-27 20:24:58,676 [b5b9165f-6528-4062-9715-63d706d5309e-EndpointStateMachineTaskThread-/0.0.0.0:15002-0 ] INFO  ratis.XceiverServerRatis (XceiverServerRatis.java:getRealPort(587)) - XceiverServerRatis b5b9165f-6528-4062-9715-63d706d5309e is started using port 15012 for RATIS
2024-08-27 20:24:58,676 [JvmPauseMonitor2] INFO  util.JvmPauseMonitor (JvmPauseMonitor.java:run(146)) - JvmPauseMonitor-b5b9165f-6528-4062-9715-63d706d5309e: Started
2024-08-27 20:24:58,677 [b5b9165f-6528-4062-9715-63d706d5309e-EndpointStateMachineTaskThread-/0.0.0.0:15002-0 ] INFO  ratis.XceiverServerRatis (XceiverServerRatis.java:getRealPort(587)) - XceiverServerRatis b5b9165f-6528-4062-9715-63d706d5309e is started using port 15012 for RATIS_ADMIN
2024-08-27 20:24:58,677 [b5b9165f-6528-4062-9715-63d706d5309e-EndpointStateMachineTaskThread-/0.0.0.0:15002-0 ] INFO  ratis.XceiverServerRatis (XceiverServerRatis.java:getRealPort(587)) - XceiverServerRatis b5b9165f-6528-4062-9715-63d706d5309e is started using port 15012 for RATIS_SERVER
2024-08-27 20:24:58,677 [b5b9165f-6528-4062-9715-63d706d5309e-EndpointStateMachineTaskThread-/0.0.0.0:15002-0 ] INFO  ratis.XceiverServerRatis (XceiverServerRatis.java:getRealPort(587)) - XceiverServerRatis b5b9165f-6528-4062-9715-63d706d5309e is started using port 15015 for RATIS_DATASTREAM
2024-08-27 20:24:58,684 [b5b9165f-6528-4062-9715-63d706d5309e-BlockDeletingService#0] INFO  interfaces.ContainerDeletionChoosingPolicyTemplate (ContainerDeletionChoosingPolicyTemplate.java:chooseContainerForBlockDeletion(85)) - Chosen 0/5000 blocks from 0 candidate containers.
2024-08-27 20:24:59,055 [d758e0a9-c5a1-4fd4-978f-3629e4af057b-EndpointStateMachineTaskThread-/0.0.0.0:15002-0 ] INFO  utils.DatanodeStoreCache (DatanodeStoreCache.java:addDB(72)) - Added db /home/runner/work/ozone/ozone/hadoop-ozone/integration-test/target/test-dir/MiniOzoneClusterImpl-2855d785-c18f-47a1-bcca-44ce8ce60223/ozone-meta/datanode-2/data-0/hdds/2855d785-c18f-47a1-bcca-44ce8ce60223/DS-606eb851-0d5e-457f-9b79-fe2b0c98f120/container.db to cache
2024-08-27 20:24:59,055 [d758e0a9-c5a1-4fd4-978f-3629e4af057b-EndpointStateMachineTaskThread-/0.0.0.0:15002-0 ] INFO  volume.HddsVolume (HddsVolume.java:createDbStore(429)) - SchemaV3 db is created and loaded at /home/runner/work/ozone/ozone/hadoop-ozone/integration-test/target/test-dir/MiniOzoneClusterImpl-2855d785-c18f-47a1-bcca-44ce8ce60223/ozone-meta/datanode-2/data-0/hdds/2855d785-c18f-47a1-bcca-44ce8ce60223/DS-606eb851-0d5e-457f-9b79-fe2b0c98f120/container.db for volume DS-606eb851-0d5e-457f-9b79-fe2b0c98f120
2024-08-27 20:24:59,058 [d758e0a9-c5a1-4fd4-978f-3629e4af057b-ContainerReader-0] INFO  ozoneimpl.ContainerReader (ContainerReader.java:readVolume(148)) - Start to verify containers on volume /home/runner/work/ozone/ozone/hadoop-ozone/integration-test/target/test-dir/MiniOzoneClusterImpl-2855d785-c18f-47a1-bcca-44ce8ce60223/ozone-meta/datanode-2/data-0/hdds
2024-08-27 20:24:59,058 [d758e0a9-c5a1-4fd4-978f-3629e4af057b-ContainerReader-0] INFO  ozoneimpl.ContainerReader (ContainerReader.java:readVolume(178)) - Finish verifying containers on volume /home/runner/work/ozone/ozone/hadoop-ozone/integration-test/target/test-dir/MiniOzoneClusterImpl-2855d785-c18f-47a1-bcca-44ce8ce60223/ozone-meta/datanode-2/data-0/hdds
2024-08-27 20:24:59,058 [d758e0a9-c5a1-4fd4-978f-3629e4af057b-EndpointStateMachineTaskThread-/0.0.0.0:15002-0 ] INFO  ozoneimpl.OzoneContainer (OzoneContainer.java:buildContainerSet(344)) - Build ContainerSet costs 0s
2024-08-27 20:24:59,066 [d758e0a9-c5a1-4fd4-978f-3629e4af057b-EndpointStateMachineTaskThread-/0.0.0.0:15002-0 ] INFO  volume.ThrottledAsyncChecker (ThrottledAsyncChecker.java:schedule(141)) - Scheduling a check for /home/runner/work/ozone/ozone/hadoop-ozone/integration-test/target/test-dir/MiniOzoneClusterImpl-2855d785-c18f-47a1-bcca-44ce8ce60223/ozone-meta/datanode-2/data-0/hdds
2024-08-27 20:24:59,067 [d758e0a9-c5a1-4fd4-978f-3629e4af057b-EndpointStateMachineTaskThread-/0.0.0.0:15002-0 ] INFO  volume.StorageVolumeChecker (StorageVolumeChecker.java:checkAllVolumes(218)) - Scheduled health check for volume /home/runner/work/ozone/ozone/hadoop-ozone/integration-test/target/test-dir/MiniOzoneClusterImpl-2855d785-c18f-47a1-bcca-44ce8ce60223/ozone-meta/datanode-2/data-0/hdds
2024-08-27 20:24:59,068 [d758e0a9-c5a1-4fd4-978f-3629e4af057b-EndpointStateMachineTaskThread-/0.0.0.0:15002-0 ] INFO  volume.ThrottledAsyncChecker (ThrottledAsyncChecker.java:schedule(141)) - Scheduling a check for /home/runner/work/ozone/ozone/hadoop-ozone/integration-test/target/test-dir/MiniOzoneClusterImpl-2855d785-c18f-47a1-bcca-44ce8ce60223/ozone-meta/datanode-2/ratis
2024-08-27 20:24:59,069 [d758e0a9-c5a1-4fd4-978f-3629e4af057b-EndpointStateMachineTaskThread-/0.0.0.0:15002-0 ] INFO  volume.StorageVolumeChecker (StorageVolumeChecker.java:checkAllVolumes(218)) - Scheduled health check for volume /home/runner/work/ozone/ozone/hadoop-ozone/integration-test/target/test-dir/MiniOzoneClusterImpl-2855d785-c18f-47a1-bcca-44ce8ce60223/ozone-meta/datanode-2/ratis
2024-08-27 20:24:59,070 [d758e0a9-c5a1-4fd4-978f-3629e4af057b-EndpointStateMachineTaskThread-/0.0.0.0:15002-0 ] INFO  ozoneimpl.OzoneContainer (OzoneContainer.java:start(475)) - Attempting to start container services.
2024-08-27 20:24:59,070 [d758e0a9-c5a1-4fd4-978f-3629e4af057b-EndpointStateMachineTaskThread-/0.0.0.0:15002-0 ] WARN  ozoneimpl.OnDemandContainerDataScanner (OnDemandContainerDataScanner.java:init(75)) - Trying to initialize on demand scanner a second time on a datanode.
2024-08-27 20:24:59,071 [ContainerMetadataScanner] INFO  ozoneimpl.AbstractBackgroundContainerScanner (AbstractBackgroundContainerScanner.java:runIteration(87)) - Completed an iteration in 0 minutes. Number of iterations (since the data-node restart) : 1, Number of containers scanned in this iteration : 0, Number of unhealthy containers found in this iteration : 0
2024-08-27 20:24:59,078 [ContainerDataScanner(/home/runner/work/ozone/ozone/hadoop-ozone/integration-test/target/test-dir/MiniOzoneClusterImpl-2855d785-c18f-47a1-bcca-44ce8ce60223/ozone-meta/datanode-2/data-0/hdds)] INFO  ozoneimpl.AbstractBackgroundContainerScanner (AbstractBackgroundContainerScanner.java:runIteration(87)) - Completed an iteration in 0 minutes. Number of iterations (since the data-node restart) : 1, Number of containers scanned in this iteration : 0, Number of unhealthy containers found in this iteration : 0
2024-08-27 20:24:59,079 [d758e0a9-c5a1-4fd4-978f-3629e4af057b-EndpointStateMachineTaskThread-/0.0.0.0:15002-0 ] INFO  replication.ReplicationServer (ReplicationServer.java:start(140)) - ReplicationServer is started using port 15025
2024-08-27 20:24:59,079 [d758e0a9-c5a1-4fd4-978f-3629e4af057b-EndpointStateMachineTaskThread-/0.0.0.0:15002-0 ] INFO  ratis.XceiverServerRatis (XceiverServerRatis.java:start(561)) - Starting XceiverServerRatis d758e0a9-c5a1-4fd4-978f-3629e4af057b
2024-08-27 20:24:59,098 [d758e0a9-c5a1-4fd4-978f-3629e4af057b-EndpointStateMachineTaskThread-/0.0.0.0:15002-0 ] INFO  server.RaftServer (RaftServerProxy.java:startImpl(408)) - d758e0a9-c5a1-4fd4-978f-3629e4af057b: start RPC server
2024-08-27 20:24:59,099 [d758e0a9-c5a1-4fd4-978f-3629e4af057b-EndpointStateMachineTaskThread-/0.0.0.0:15002-0 ] INFO  server.GrpcService (GrpcService.java:startImpl(302)) - d758e0a9-c5a1-4fd4-978f-3629e4af057b: GrpcService started, listening on 15021
2024-08-27 20:24:59,100 [d758e0a9-c5a1-4fd4-978f-3629e4af057b-EndpointStateMachineTaskThread-/0.0.0.0:15002-0 ] INFO  ratis.XceiverServerRatis (XceiverServerRatis.java:getRealPort(587)) - XceiverServerRatis d758e0a9-c5a1-4fd4-978f-3629e4af057b is started using port 15021 for RATIS
2024-08-27 20:24:59,100 [d758e0a9-c5a1-4fd4-978f-3629e4af057b-EndpointStateMachineTaskThread-/0.0.0.0:15002-0 ] INFO  ratis.XceiverServerRatis (XceiverServerRatis.java:getRealPort(587)) - XceiverServerRatis d758e0a9-c5a1-4fd4-978f-3629e4af057b is started using port 15021 for RATIS_ADMIN
2024-08-27 20:24:59,100 [d758e0a9-c5a1-4fd4-978f-3629e4af057b-EndpointStateMachineTaskThread-/0.0.0.0:15002-0 ] INFO  ratis.XceiverServerRatis (XceiverServerRatis.java:getRealPort(587)) - XceiverServerRatis d758e0a9-c5a1-4fd4-978f-3629e4af057b is started using port 15021 for RATIS_SERVER
2024-08-27 20:24:59,100 [d758e0a9-c5a1-4fd4-978f-3629e4af057b-EndpointStateMachineTaskThread-/0.0.0.0:15002-0 ] INFO  ratis.XceiverServerRatis (XceiverServerRatis.java:getRealPort(587)) - XceiverServerRatis d758e0a9-c5a1-4fd4-978f-3629e4af057b is started using port 15024 for RATIS_DATASTREAM
2024-08-27 20:24:59,100 [JvmPauseMonitor3] INFO  util.JvmPauseMonitor (JvmPauseMonitor.java:run(146)) - JvmPauseMonitor-d758e0a9-c5a1-4fd4-978f-3629e4af057b: Started
2024-08-27 20:24:59,104 [d758e0a9-c5a1-4fd4-978f-3629e4af057b-BlockDeletingService#0] INFO  interfaces.ContainerDeletionChoosingPolicyTemplate (ContainerDeletionChoosingPolicyTemplate.java:chooseContainerForBlockDeletion(85)) - Chosen 0/5000 blocks from 0 candidate containers.
2024-08-27 20:24:59,178 [main] INFO  ozone.MiniOzoneClusterImpl (MiniOzoneClusterImpl.java:lambda$waitForClusterToBeReady$0(198)) - Waiting for nodes to be ready. Got 0 of 5 DN Heartbeats.
2024-08-27 20:24:59,179 [main] INFO  ozone.MiniOzoneClusterImpl (MiniOzoneClusterImpl.java:lambda$waitForClusterToBeReady$0(201)) - Waiting for cluster to exit safe mode
2024-08-27 20:24:59,179 [main] INFO  ozone.MiniOzoneClusterImpl (MiniOzoneClusterImpl.java:lambda$waitForClusterToBeReady$0(203)) - SCM became leader
2024-08-27 20:24:59,384 [9d1f9f5c-07b4-413f-b8b0-69aa045119d7-EndpointStateMachineTaskThread-/0.0.0.0:15002-0 ] INFO  utils.DatanodeStoreCache (DatanodeStoreCache.java:addDB(72)) - Added db /home/runner/work/ozone/ozone/hadoop-ozone/integration-test/target/test-dir/MiniOzoneClusterImpl-2855d785-c18f-47a1-bcca-44ce8ce60223/ozone-meta/datanode-3/data-0/hdds/2855d785-c18f-47a1-bcca-44ce8ce60223/DS-147f58cf-7ed2-4bfb-b16d-07fdefa6f677/container.db to cache
2024-08-27 20:24:59,384 [9d1f9f5c-07b4-413f-b8b0-69aa045119d7-EndpointStateMachineTaskThread-/0.0.0.0:15002-0 ] INFO  volume.HddsVolume (HddsVolume.java:createDbStore(429)) - SchemaV3 db is created and loaded at /home/runner/work/ozone/ozone/hadoop-ozone/integration-test/target/test-dir/MiniOzoneClusterImpl-2855d785-c18f-47a1-bcca-44ce8ce60223/ozone-meta/datanode-3/data-0/hdds/2855d785-c18f-47a1-bcca-44ce8ce60223/DS-147f58cf-7ed2-4bfb-b16d-07fdefa6f677/container.db for volume DS-147f58cf-7ed2-4bfb-b16d-07fdefa6f677
2024-08-27 20:24:59,388 [9d1f9f5c-07b4-413f-b8b0-69aa045119d7-ContainerReader-0] INFO  ozoneimpl.ContainerReader (ContainerReader.java:readVolume(148)) - Start to verify containers on volume /home/runner/work/ozone/ozone/hadoop-ozone/integration-test/target/test-dir/MiniOzoneClusterImpl-2855d785-c18f-47a1-bcca-44ce8ce60223/ozone-meta/datanode-3/data-0/hdds
2024-08-27 20:24:59,388 [9d1f9f5c-07b4-413f-b8b0-69aa045119d7-ContainerReader-0] INFO  ozoneimpl.ContainerReader (ContainerReader.java:readVolume(178)) - Finish verifying containers on volume /home/runner/work/ozone/ozone/hadoop-ozone/integration-test/target/test-dir/MiniOzoneClusterImpl-2855d785-c18f-47a1-bcca-44ce8ce60223/ozone-meta/datanode-3/data-0/hdds
2024-08-27 20:24:59,388 [9d1f9f5c-07b4-413f-b8b0-69aa045119d7-EndpointStateMachineTaskThread-/0.0.0.0:15002-0 ] INFO  ozoneimpl.OzoneContainer (OzoneContainer.java:buildContainerSet(344)) - Build ContainerSet costs 0s
2024-08-27 20:24:59,389 [9d1f9f5c-07b4-413f-b8b0-69aa045119d7-EndpointStateMachineTaskThread-/0.0.0.0:15002-0 ] INFO  volume.ThrottledAsyncChecker (ThrottledAsyncChecker.java:schedule(141)) - Scheduling a check for /home/runner/work/ozone/ozone/hadoop-ozone/integration-test/target/test-dir/MiniOzoneClusterImpl-2855d785-c18f-47a1-bcca-44ce8ce60223/ozone-meta/datanode-3/data-0/hdds
2024-08-27 20:24:59,389 [9d1f9f5c-07b4-413f-b8b0-69aa045119d7-EndpointStateMachineTaskThread-/0.0.0.0:15002-0 ] INFO  volume.StorageVolumeChecker (StorageVolumeChecker.java:checkAllVolumes(218)) - Scheduled health check for volume /home/runner/work/ozone/ozone/hadoop-ozone/integration-test/target/test-dir/MiniOzoneClusterImpl-2855d785-c18f-47a1-bcca-44ce8ce60223/ozone-meta/datanode-3/data-0/hdds
2024-08-27 20:24:59,390 [9d1f9f5c-07b4-413f-b8b0-69aa045119d7-EndpointStateMachineTaskThread-/0.0.0.0:15002-0 ] INFO  volume.ThrottledAsyncChecker (ThrottledAsyncChecker.java:schedule(141)) - Scheduling a check for /home/runner/work/ozone/ozone/hadoop-ozone/integration-test/target/test-dir/MiniOzoneClusterImpl-2855d785-c18f-47a1-bcca-44ce8ce60223/ozone-meta/datanode-3/ratis
2024-08-27 20:24:59,390 [9d1f9f5c-07b4-413f-b8b0-69aa045119d7-EndpointStateMachineTaskThread-/0.0.0.0:15002-0 ] INFO  volume.StorageVolumeChecker (StorageVolumeChecker.java:checkAllVolumes(218)) - Scheduled health check for volume /home/runner/work/ozone/ozone/hadoop-ozone/integration-test/target/test-dir/MiniOzoneClusterImpl-2855d785-c18f-47a1-bcca-44ce8ce60223/ozone-meta/datanode-3/ratis
2024-08-27 20:24:59,392 [9d1f9f5c-07b4-413f-b8b0-69aa045119d7-EndpointStateMachineTaskThread-/0.0.0.0:15002-0 ] INFO  ozoneimpl.OzoneContainer (OzoneContainer.java:start(475)) - Attempting to start container services.
2024-08-27 20:24:59,393 [9d1f9f5c-07b4-413f-b8b0-69aa045119d7-EndpointStateMachineTaskThread-/0.0.0.0:15002-0 ] WARN  ozoneimpl.OnDemandContainerDataScanner (OnDemandContainerDataScanner.java:init(75)) - Trying to initialize on demand scanner a second time on a datanode.
2024-08-27 20:24:59,393 [ContainerMetadataScanner] INFO  ozoneimpl.AbstractBackgroundContainerScanner (AbstractBackgroundContainerScanner.java:runIteration(87)) - Completed an iteration in 0 minutes. Number of iterations (since the data-node restart) : 1, Number of containers scanned in this iteration : 0, Number of unhealthy containers found in this iteration : 0
2024-08-27 20:24:59,394 [ContainerDataScanner(/home/runner/work/ozone/ozone/hadoop-ozone/integration-test/target/test-dir/MiniOzoneClusterImpl-2855d785-c18f-47a1-bcca-44ce8ce60223/ozone-meta/datanode-3/data-0/hdds)] INFO  ozoneimpl.AbstractBackgroundContainerScanner (AbstractBackgroundContainerScanner.java:runIteration(87)) - Completed an iteration in 0 minutes. Number of iterations (since the data-node restart) : 1, Number of containers scanned in this iteration : 0, Number of unhealthy containers found in this iteration : 0
2024-08-27 20:24:59,395 [9d1f9f5c-07b4-413f-b8b0-69aa045119d7-EndpointStateMachineTaskThread-/0.0.0.0:15002-0 ] INFO  replication.ReplicationServer (ReplicationServer.java:start(140)) - ReplicationServer is started using port 15034
2024-08-27 20:24:59,395 [9d1f9f5c-07b4-413f-b8b0-69aa045119d7-EndpointStateMachineTaskThread-/0.0.0.0:15002-0 ] INFO  ratis.XceiverServerRatis (XceiverServerRatis.java:start(561)) - Starting XceiverServerRatis 9d1f9f5c-07b4-413f-b8b0-69aa045119d7
2024-08-27 20:24:59,405 [9d1f9f5c-07b4-413f-b8b0-69aa045119d7-EndpointStateMachineTaskThread-/0.0.0.0:15002-0 ] INFO  server.RaftServer (RaftServerProxy.java:startImpl(408)) - 9d1f9f5c-07b4-413f-b8b0-69aa045119d7: start RPC server
2024-08-27 20:24:59,405 [9d1f9f5c-07b4-413f-b8b0-69aa045119d7-EndpointStateMachineTaskThread-/0.0.0.0:15002-0 ] INFO  server.GrpcService (GrpcService.java:startImpl(302)) - 9d1f9f5c-07b4-413f-b8b0-69aa045119d7: GrpcService started, listening on 15030
2024-08-27 20:24:59,406 [9d1f9f5c-07b4-413f-b8b0-69aa045119d7-EndpointStateMachineTaskThread-/0.0.0.0:15002-0 ] INFO  ratis.XceiverServerRatis (XceiverServerRatis.java:getRealPort(587)) - XceiverServerRatis 9d1f9f5c-07b4-413f-b8b0-69aa045119d7 is started using port 15030 for RATIS
2024-08-27 20:24:59,406 [9d1f9f5c-07b4-413f-b8b0-69aa045119d7-EndpointStateMachineTaskThread-/0.0.0.0:15002-0 ] INFO  ratis.XceiverServerRatis (XceiverServerRatis.java:getRealPort(587)) - XceiverServerRatis 9d1f9f5c-07b4-413f-b8b0-69aa045119d7 is started using port 15030 for RATIS_ADMIN
2024-08-27 20:24:59,406 [9d1f9f5c-07b4-413f-b8b0-69aa045119d7-EndpointStateMachineTaskThread-/0.0.0.0:15002-0 ] INFO  ratis.XceiverServerRatis (XceiverServerRatis.java:getRealPort(587)) - XceiverServerRatis 9d1f9f5c-07b4-413f-b8b0-69aa045119d7 is started using port 15030 for RATIS_SERVER
2024-08-27 20:24:59,407 [9d1f9f5c-07b4-413f-b8b0-69aa045119d7-EndpointStateMachineTaskThread-/0.0.0.0:15002-0 ] INFO  ratis.XceiverServerRatis (XceiverServerRatis.java:getRealPort(587)) - XceiverServerRatis 9d1f9f5c-07b4-413f-b8b0-69aa045119d7 is started using port 15033 for RATIS_DATASTREAM
2024-08-27 20:24:59,406 [JvmPauseMonitor4] INFO  util.JvmPauseMonitor (JvmPauseMonitor.java:run(146)) - JvmPauseMonitor-9d1f9f5c-07b4-413f-b8b0-69aa045119d7: Started
2024-08-27 20:24:59,418 [9d1f9f5c-07b4-413f-b8b0-69aa045119d7-BlockDeletingService#0] INFO  interfaces.ContainerDeletionChoosingPolicyTemplate (ContainerDeletionChoosingPolicyTemplate.java:chooseContainerForBlockDeletion(85)) - Chosen 0/5000 blocks from 0 candidate containers.
2024-08-27 20:24:59,794 [f3028915-7dd4-47fe-983a-636a8839ab96-EndpointStateMachineTaskThread-/0.0.0.0:15002-0 ] INFO  utils.DatanodeStoreCache (DatanodeStoreCache.java:addDB(72)) - Added db /home/runner/work/ozone/ozone/hadoop-ozone/integration-test/target/test-dir/MiniOzoneClusterImpl-2855d785-c18f-47a1-bcca-44ce8ce60223/ozone-meta/datanode-4/data-0/hdds/2855d785-c18f-47a1-bcca-44ce8ce60223/DS-e469907d-e962-4439-ba67-604d38565d19/container.db to cache
2024-08-27 20:24:59,795 [f3028915-7dd4-47fe-983a-636a8839ab96-EndpointStateMachineTaskThread-/0.0.0.0:15002-0 ] INFO  volume.HddsVolume (HddsVolume.java:createDbStore(429)) - SchemaV3 db is created and loaded at /home/runner/work/ozone/ozone/hadoop-ozone/integration-test/target/test-dir/MiniOzoneClusterImpl-2855d785-c18f-47a1-bcca-44ce8ce60223/ozone-meta/datanode-4/data-0/hdds/2855d785-c18f-47a1-bcca-44ce8ce60223/DS-e469907d-e962-4439-ba67-604d38565d19/container.db for volume DS-e469907d-e962-4439-ba67-604d38565d19
2024-08-27 20:24:59,797 [f3028915-7dd4-47fe-983a-636a8839ab96-ContainerReader-0] INFO  ozoneimpl.ContainerReader (ContainerReader.java:readVolume(148)) - Start to verify containers on volume /home/runner/work/ozone/ozone/hadoop-ozone/integration-test/target/test-dir/MiniOzoneClusterImpl-2855d785-c18f-47a1-bcca-44ce8ce60223/ozone-meta/datanode-4/data-0/hdds
2024-08-27 20:24:59,797 [f3028915-7dd4-47fe-983a-636a8839ab96-ContainerReader-0] INFO  ozoneimpl.ContainerReader (ContainerReader.java:readVolume(178)) - Finish verifying containers on volume /home/runner/work/ozone/ozone/hadoop-ozone/integration-test/target/test-dir/MiniOzoneClusterImpl-2855d785-c18f-47a1-bcca-44ce8ce60223/ozone-meta/datanode-4/data-0/hdds
2024-08-27 20:24:59,798 [f3028915-7dd4-47fe-983a-636a8839ab96-EndpointStateMachineTaskThread-/0.0.0.0:15002-0 ] INFO  ozoneimpl.OzoneContainer (OzoneContainer.java:buildContainerSet(344)) - Build ContainerSet costs 0s
2024-08-27 20:24:59,798 [f3028915-7dd4-47fe-983a-636a8839ab96-EndpointStateMachineTaskThread-/0.0.0.0:15002-0 ] INFO  volume.ThrottledAsyncChecker (ThrottledAsyncChecker.java:schedule(141)) - Scheduling a check for /home/runner/work/ozone/ozone/hadoop-ozone/integration-test/target/test-dir/MiniOzoneClusterImpl-2855d785-c18f-47a1-bcca-44ce8ce60223/ozone-meta/datanode-4/data-0/hdds
2024-08-27 20:24:59,799 [f3028915-7dd4-47fe-983a-636a8839ab96-EndpointStateMachineTaskThread-/0.0.0.0:15002-0 ] INFO  volume.StorageVolumeChecker (StorageVolumeChecker.java:checkAllVolumes(218)) - Scheduled health check for volume /home/runner/work/ozone/ozone/hadoop-ozone/integration-test/target/test-dir/MiniOzoneClusterImpl-2855d785-c18f-47a1-bcca-44ce8ce60223/ozone-meta/datanode-4/data-0/hdds
2024-08-27 20:24:59,800 [f3028915-7dd4-47fe-983a-636a8839ab96-EndpointStateMachineTaskThread-/0.0.0.0:15002-0 ] INFO  volume.ThrottledAsyncChecker (ThrottledAsyncChecker.java:schedule(141)) - Scheduling a check for /home/runner/work/ozone/ozone/hadoop-ozone/integration-test/target/test-dir/MiniOzoneClusterImpl-2855d785-c18f-47a1-bcca-44ce8ce60223/ozone-meta/datanode-4/ratis
2024-08-27 20:24:59,800 [f3028915-7dd4-47fe-983a-636a8839ab96-EndpointStateMachineTaskThread-/0.0.0.0:15002-0 ] INFO  volume.StorageVolumeChecker (StorageVolumeChecker.java:checkAllVolumes(218)) - Scheduled health check for volume /home/runner/work/ozone/ozone/hadoop-ozone/integration-test/target/test-dir/MiniOzoneClusterImpl-2855d785-c18f-47a1-bcca-44ce8ce60223/ozone-meta/datanode-4/ratis
2024-08-27 20:24:59,801 [f3028915-7dd4-47fe-983a-636a8839ab96-EndpointStateMachineTaskThread-/0.0.0.0:15002-0 ] INFO  ozoneimpl.OzoneContainer (OzoneContainer.java:start(475)) - Attempting to start container services.
2024-08-27 20:24:59,801 [f3028915-7dd4-47fe-983a-636a8839ab96-EndpointStateMachineTaskThread-/0.0.0.0:15002-0 ] WARN  ozoneimpl.OnDemandContainerDataScanner (OnDemandContainerDataScanner.java:init(75)) - Trying to initialize on demand scanner a second time on a datanode.
2024-08-27 20:24:59,802 [ContainerDataScanner(/home/runner/work/ozone/ozone/hadoop-ozone/integration-test/target/test-dir/MiniOzoneClusterImpl-2855d785-c18f-47a1-bcca-44ce8ce60223/ozone-meta/datanode-4/data-0/hdds)] INFO  ozoneimpl.AbstractBackgroundContainerScanner (AbstractBackgroundContainerScanner.java:runIteration(87)) - Completed an iteration in 0 minutes. Number of iterations (since the data-node restart) : 1, Number of containers scanned in this iteration : 0, Number of unhealthy containers found in this iteration : 0
2024-08-27 20:24:59,803 [f3028915-7dd4-47fe-983a-636a8839ab96-EndpointStateMachineTaskThread-/0.0.0.0:15002-0 ] INFO  replication.ReplicationServer (ReplicationServer.java:start(140)) - ReplicationServer is started using port 15043
2024-08-27 20:24:59,803 [f3028915-7dd4-47fe-983a-636a8839ab96-EndpointStateMachineTaskThread-/0.0.0.0:15002-0 ] INFO  ratis.XceiverServerRatis (XceiverServerRatis.java:start(561)) - Starting XceiverServerRatis f3028915-7dd4-47fe-983a-636a8839ab96
2024-08-27 20:24:59,804 [ContainerMetadataScanner] INFO  ozoneimpl.AbstractBackgroundContainerScanner (AbstractBackgroundContainerScanner.java:runIteration(87)) - Completed an iteration in 0 minutes. Number of iterations (since the data-node restart) : 1, Number of containers scanned in this iteration : 0, Number of unhealthy containers found in this iteration : 0
2024-08-27 20:24:59,817 [f3028915-7dd4-47fe-983a-636a8839ab96-EndpointStateMachineTaskThread-/0.0.0.0:15002-0 ] INFO  server.RaftServer (RaftServerProxy.java:startImpl(408)) - f3028915-7dd4-47fe-983a-636a8839ab96: start RPC server
2024-08-27 20:24:59,818 [f3028915-7dd4-47fe-983a-636a8839ab96-EndpointStateMachineTaskThread-/0.0.0.0:15002-0 ] INFO  server.GrpcService (GrpcService.java:startImpl(302)) - f3028915-7dd4-47fe-983a-636a8839ab96: GrpcService started, listening on 15039
2024-08-27 20:24:59,822 [f3028915-7dd4-47fe-983a-636a8839ab96-EndpointStateMachineTaskThread-/0.0.0.0:15002-0 ] INFO  ratis.XceiverServerRatis (XceiverServerRatis.java:getRealPort(587)) - XceiverServerRatis f3028915-7dd4-47fe-983a-636a8839ab96 is started using port 15039 for RATIS
2024-08-27 20:24:59,823 [f3028915-7dd4-47fe-983a-636a8839ab96-EndpointStateMachineTaskThread-/0.0.0.0:15002-0 ] INFO  ratis.XceiverServerRatis (XceiverServerRatis.java:getRealPort(587)) - XceiverServerRatis f3028915-7dd4-47fe-983a-636a8839ab96 is started using port 15039 for RATIS_ADMIN
2024-08-27 20:24:59,823 [f3028915-7dd4-47fe-983a-636a8839ab96-EndpointStateMachineTaskThread-/0.0.0.0:15002-0 ] INFO  ratis.XceiverServerRatis (XceiverServerRatis.java:getRealPort(587)) - XceiverServerRatis f3028915-7dd4-47fe-983a-636a8839ab96 is started using port 15039 for RATIS_SERVER
2024-08-27 20:24:59,823 [f3028915-7dd4-47fe-983a-636a8839ab96-EndpointStateMachineTaskThread-/0.0.0.0:15002-0 ] INFO  ratis.XceiverServerRatis (XceiverServerRatis.java:getRealPort(587)) - XceiverServerRatis f3028915-7dd4-47fe-983a-636a8839ab96 is started using port 15042 for RATIS_DATASTREAM
2024-08-27 20:24:59,823 [JvmPauseMonitor5] INFO  util.JvmPauseMonitor (JvmPauseMonitor.java:run(146)) - JvmPauseMonitor-f3028915-7dd4-47fe-983a-636a8839ab96: Started
2024-08-27 20:24:59,827 [f3028915-7dd4-47fe-983a-636a8839ab96-BlockDeletingService#0] INFO  interfaces.ContainerDeletionChoosingPolicyTemplate (ContainerDeletionChoosingPolicyTemplate.java:chooseContainerForBlockDeletion(85)) - Chosen 0/5000 blocks from 0 candidate containers.
2024-08-27 20:25:00,179 [main] INFO  ozone.MiniOzoneClusterImpl (MiniOzoneClusterImpl.java:lambda$waitForClusterToBeReady$0(198)) - Waiting for nodes to be ready. Got 0 of 5 DN Heartbeats.
2024-08-27 20:25:00,180 [main] INFO  ozone.MiniOzoneClusterImpl (MiniOzoneClusterImpl.java:lambda$waitForClusterToBeReady$0(201)) - Waiting for cluster to exit safe mode
2024-08-27 20:25:00,180 [main] INFO  ozone.MiniOzoneClusterImpl (MiniOzoneClusterImpl.java:lambda$waitForClusterToBeReady$0(203)) - SCM became leader
2024-08-27 20:25:00,219 [18c2a24f-8a03-4916-b50c-e7c6140a9b01-EndpointStateMachineTaskThread-/0.0.0.0:15002-0 ] INFO  utils.DatanodeStoreCache (DatanodeStoreCache.java:addDB(72)) - Added db /home/runner/work/ozone/ozone/hadoop-ozone/integration-test/target/test-dir/MiniOzoneClusterImpl-2855d785-c18f-47a1-bcca-44ce8ce60223/ozone-meta/datanode-5/data-0/hdds/2855d785-c18f-47a1-bcca-44ce8ce60223/DS-c575c6ef-5420-49f2-9760-0b045888a64f/container.db to cache
2024-08-27 20:25:00,219 [18c2a24f-8a03-4916-b50c-e7c6140a9b01-EndpointStateMachineTaskThread-/0.0.0.0:15002-0 ] INFO  volume.HddsVolume (HddsVolume.java:createDbStore(429)) - SchemaV3 db is created and loaded at /home/runner/work/ozone/ozone/hadoop-ozone/integration-test/target/test-dir/MiniOzoneClusterImpl-2855d785-c18f-47a1-bcca-44ce8ce60223/ozone-meta/datanode-5/data-0/hdds/2855d785-c18f-47a1-bcca-44ce8ce60223/DS-c575c6ef-5420-49f2-9760-0b045888a64f/container.db for volume DS-c575c6ef-5420-49f2-9760-0b045888a64f
2024-08-27 20:25:00,223 [18c2a24f-8a03-4916-b50c-e7c6140a9b01-ContainerReader-0] INFO  ozoneimpl.ContainerReader (ContainerReader.java:readVolume(148)) - Start to verify containers on volume /home/runner/work/ozone/ozone/hadoop-ozone/integration-test/target/test-dir/MiniOzoneClusterImpl-2855d785-c18f-47a1-bcca-44ce8ce60223/ozone-meta/datanode-5/data-0/hdds
2024-08-27 20:25:00,223 [18c2a24f-8a03-4916-b50c-e7c6140a9b01-ContainerReader-0] INFO  ozoneimpl.ContainerReader (ContainerReader.java:readVolume(178)) - Finish verifying containers on volume /home/runner/work/ozone/ozone/hadoop-ozone/integration-test/target/test-dir/MiniOzoneClusterImpl-2855d785-c18f-47a1-bcca-44ce8ce60223/ozone-meta/datanode-5/data-0/hdds
2024-08-27 20:25:00,224 [18c2a24f-8a03-4916-b50c-e7c6140a9b01-EndpointStateMachineTaskThread-/0.0.0.0:15002-0 ] INFO  ozoneimpl.OzoneContainer (OzoneContainer.java:buildContainerSet(344)) - Build ContainerSet costs 0s
2024-08-27 20:25:00,224 [18c2a24f-8a03-4916-b50c-e7c6140a9b01-EndpointStateMachineTaskThread-/0.0.0.0:15002-0 ] INFO  volume.ThrottledAsyncChecker (ThrottledAsyncChecker.java:schedule(141)) - Scheduling a check for /home/runner/work/ozone/ozone/hadoop-ozone/integration-test/target/test-dir/MiniOzoneClusterImpl-2855d785-c18f-47a1-bcca-44ce8ce60223/ozone-meta/datanode-5/data-0/hdds
2024-08-27 20:25:00,226 [18c2a24f-8a03-4916-b50c-e7c6140a9b01-EndpointStateMachineTaskThread-/0.0.0.0:15002-0 ] INFO  volume.StorageVolumeChecker (StorageVolumeChecker.java:checkAllVolumes(218)) - Scheduled health check for volume /home/runner/work/ozone/ozone/hadoop-ozone/integration-test/target/test-dir/MiniOzoneClusterImpl-2855d785-c18f-47a1-bcca-44ce8ce60223/ozone-meta/datanode-5/data-0/hdds
2024-08-27 20:25:00,228 [18c2a24f-8a03-4916-b50c-e7c6140a9b01-EndpointStateMachineTaskThread-/0.0.0.0:15002-0 ] INFO  volume.ThrottledAsyncChecker (ThrottledAsyncChecker.java:schedule(141)) - Scheduling a check for /home/runner/work/ozone/ozone/hadoop-ozone/integration-test/target/test-dir/MiniOzoneClusterImpl-2855d785-c18f-47a1-bcca-44ce8ce60223/ozone-meta/datanode-5/ratis
2024-08-27 20:25:00,228 [18c2a24f-8a03-4916-b50c-e7c6140a9b01-EndpointStateMachineTaskThread-/0.0.0.0:15002-0 ] INFO  volume.StorageVolumeChecker (StorageVolumeChecker.java:checkAllVolumes(218)) - Scheduled health check for volume /home/runner/work/ozone/ozone/hadoop-ozone/integration-test/target/test-dir/MiniOzoneClusterImpl-2855d785-c18f-47a1-bcca-44ce8ce60223/ozone-meta/datanode-5/ratis
2024-08-27 20:25:00,229 [18c2a24f-8a03-4916-b50c-e7c6140a9b01-EndpointStateMachineTaskThread-/0.0.0.0:15002-0 ] INFO  ozoneimpl.OzoneContainer (OzoneContainer.java:start(475)) - Attempting to start container services.
2024-08-27 20:25:00,229 [18c2a24f-8a03-4916-b50c-e7c6140a9b01-EndpointStateMachineTaskThread-/0.0.0.0:15002-0 ] WARN  ozoneimpl.OnDemandContainerDataScanner (OnDemandContainerDataScanner.java:init(75)) - Trying to initialize on demand scanner a second time on a datanode.
2024-08-27 20:25:00,232 [ContainerMetadataScanner] INFO  ozoneimpl.AbstractBackgroundContainerScanner (AbstractBackgroundContainerScanner.java:runIteration(87)) - Completed an iteration in 0 minutes. Number of iterations (since the data-node restart) : 1, Number of containers scanned in this iteration : 0, Number of unhealthy containers found in this iteration : 0
2024-08-27 20:25:00,238 [ContainerDataScanner(/home/runner/work/ozone/ozone/hadoop-ozone/integration-test/target/test-dir/MiniOzoneClusterImpl-2855d785-c18f-47a1-bcca-44ce8ce60223/ozone-meta/datanode-5/data-0/hdds)] INFO  ozoneimpl.AbstractBackgroundContainerScanner (AbstractBackgroundContainerScanner.java:runIteration(87)) - Completed an iteration in 0 minutes. Number of iterations (since the data-node restart) : 1, Number of containers scanned in this iteration : 0, Number of unhealthy containers found in this iteration : 0
2024-08-27 20:25:00,239 [18c2a24f-8a03-4916-b50c-e7c6140a9b01-EndpointStateMachineTaskThread-/0.0.0.0:15002-0 ] INFO  replication.ReplicationServer (ReplicationServer.java:start(140)) - ReplicationServer is started using port 15052
2024-08-27 20:25:00,239 [18c2a24f-8a03-4916-b50c-e7c6140a9b01-EndpointStateMachineTaskThread-/0.0.0.0:15002-0 ] INFO  ratis.XceiverServerRatis (XceiverServerRatis.java:start(561)) - Starting XceiverServerRatis 18c2a24f-8a03-4916-b50c-e7c6140a9b01
2024-08-27 20:25:00,245 [18c2a24f-8a03-4916-b50c-e7c6140a9b01-EndpointStateMachineTaskThread-/0.0.0.0:15002-0 ] INFO  server.RaftServer (RaftServerProxy.java:startImpl(408)) - 18c2a24f-8a03-4916-b50c-e7c6140a9b01: start RPC server
2024-08-27 20:25:00,245 [18c2a24f-8a03-4916-b50c-e7c6140a9b01-EndpointStateMachineTaskThread-/0.0.0.0:15002-0 ] INFO  server.GrpcService (GrpcService.java:startImpl(302)) - 18c2a24f-8a03-4916-b50c-e7c6140a9b01: GrpcService started, listening on 15048
2024-08-27 20:25:00,245 [18c2a24f-8a03-4916-b50c-e7c6140a9b01-EndpointStateMachineTaskThread-/0.0.0.0:15002-0 ] INFO  ratis.XceiverServerRatis (XceiverServerRatis.java:getRealPort(587)) - XceiverServerRatis 18c2a24f-8a03-4916-b50c-e7c6140a9b01 is started using port 15048 for RATIS
2024-08-27 20:25:00,245 [18c2a24f-8a03-4916-b50c-e7c6140a9b01-EndpointStateMachineTaskThread-/0.0.0.0:15002-0 ] INFO  ratis.XceiverServerRatis (XceiverServerRatis.java:getRealPort(587)) - XceiverServerRatis 18c2a24f-8a03-4916-b50c-e7c6140a9b01 is started using port 15048 for RATIS_ADMIN
2024-08-27 20:25:00,246 [18c2a24f-8a03-4916-b50c-e7c6140a9b01-EndpointStateMachineTaskThread-/0.0.0.0:15002-0 ] INFO  ratis.XceiverServerRatis (XceiverServerRatis.java:getRealPort(587)) - XceiverServerRatis 18c2a24f-8a03-4916-b50c-e7c6140a9b01 is started using port 15048 for RATIS_SERVER
2024-08-27 20:25:00,246 [18c2a24f-8a03-4916-b50c-e7c6140a9b01-EndpointStateMachineTaskThread-/0.0.0.0:15002-0 ] INFO  ratis.XceiverServerRatis (XceiverServerRatis.java:getRealPort(587)) - XceiverServerRatis 18c2a24f-8a03-4916-b50c-e7c6140a9b01 is started using port 15051 for RATIS_DATASTREAM
2024-08-27 20:25:00,245 [JvmPauseMonitor6] INFO  util.JvmPauseMonitor (JvmPauseMonitor.java:run(146)) - JvmPauseMonitor-18c2a24f-8a03-4916-b50c-e7c6140a9b01: Started
2024-08-27 20:25:00,248 [18c2a24f-8a03-4916-b50c-e7c6140a9b01-BlockDeletingService#0] INFO  interfaces.ContainerDeletionChoosingPolicyTemplate (ContainerDeletionChoosingPolicyTemplate.java:chooseContainerForBlockDeletion(85)) - Chosen 0/5000 blocks from 0 candidate containers.
2024-08-27 20:25:00,534 [IPC Server handler 0 on default port 15002] INFO  net.NetworkTopologyImpl (NetworkTopologyImpl.java:add(134)) - Added a new node: /default-rack/b5b9165f-6528-4062-9715-63d706d5309e
2024-08-27 20:25:00,538 [IPC Server handler 0 on default port 15002] INFO  node.SCMNodeManager (SCMNodeManager.java:register(422)) - Registered datanode: b5b9165f-6528-4062-9715-63d706d5309e{ip: 127.0.0.1, host: localhost, ports: [HTTP=15009, CLIENT_RPC=15010, REPLICATION=15016, RATIS=15012, RATIS_ADMIN=15012, RATIS_SERVER=15012, RATIS_DATASTREAM=15015, STANDALONE=15011], networkLocation: /default-rack, certSerialId: null, persistedOpState: null, persistedOpStateExpiryEpochSec: 0}
2024-08-27 20:25:00,540 [EventQueue-NewNodeForNewNodeHandler] INFO  pipeline.BackgroundPipelineCreator (BackgroundPipelineCreator.java:notifyEventTriggered(280)) - trigger a one-shot run on RatisPipelineUtilsThread.
2024-08-27 20:25:00,542 [EventQueue-NodeRegistrationContainerReportForContainerSafeModeRule] INFO  safemode.SCMSafeModeManager (SCMSafeModeManager.java:validateSafeModeExitRules(203)) - ContainerSafeModeRule rule is successfully validated
2024-08-27 20:25:00,543 [EventQueue-NodeRegistrationContainerReportForDataNodeSafeModeRule] INFO  safemode.SCMSafeModeManager (DataNodeSafeModeRule.java:process(71)) - SCM in safe mode. 1 DataNodes registered, 3 required.
2024-08-27 20:25:00,543 [EventQueue-PipelineReportForOneReplicaPipelineSafeModeRule] INFO  safemode.SCMSafeModeManager (SCMSafeModeManager.java:validateSafeModeExitRules(203)) - AtleastOneDatanodeReportedRule rule is successfully validated
2024-08-27 20:25:00,553 [RatisPipelineUtilsThread-0] INFO  pipeline.RatisPipelineProvider (RatisPipelineProvider.java:lambda$create$0(205)) - Sending CreatePipelineCommand for pipeline:PipelineID=9a28fa1d-c282-4050-ac37-c34a7576515c to datanode:b5b9165f-6528-4062-9715-63d706d5309e
2024-08-27 20:25:00,568 [RatisPipelineUtilsThread-0] INFO  pipeline.BackgroundPipelineCreator (BackgroundPipelineCreator.java:createPipelines(236)) - Created new pipeline Pipeline[ Id: 9a28fa1d-c282-4050-ac37-c34a7576515c, Nodes: b5b9165f-6528-4062-9715-63d706d5309e(localhost/127.0.0.1) ReplicaIndex: 0, ReplicationConfig: RATIS/ONE, State:ALLOCATED, leaderId:, CreationTimestamp2024-08-27T20:25:00.546218466Z[Etc/UTC]]
2024-08-27 20:25:01,013 [IPC Server handler 1 on default port 15002] INFO  net.NetworkTopologyImpl (NetworkTopologyImpl.java:add(134)) - Added a new node: /default-rack/d758e0a9-c5a1-4fd4-978f-3629e4af057b
2024-08-27 20:25:01,014 [IPC Server handler 1 on default port 15002] INFO  node.SCMNodeManager (SCMNodeManager.java:register(422)) - Registered datanode: d758e0a9-c5a1-4fd4-978f-3629e4af057b{ip: 127.0.0.1, host: localhost, ports: [HTTP=15018, CLIENT_RPC=15019, REPLICATION=15025, RATIS=15021, RATIS_ADMIN=15021, RATIS_SERVER=15021, RATIS_DATASTREAM=15024, STANDALONE=15020], networkLocation: /default-rack, certSerialId: null, persistedOpState: null, persistedOpStateExpiryEpochSec: 0}
2024-08-27 20:25:01,014 [EventQueue-NodeRegistrationContainerReportForDataNodeSafeModeRule] INFO  safemode.SCMSafeModeManager (DataNodeSafeModeRule.java:process(71)) - SCM in safe mode. 2 DataNodes registered, 3 required.
2024-08-27 20:25:01,015 [EventQueue-NewNodeForNewNodeHandler] INFO  pipeline.BackgroundPipelineCreator (BackgroundPipelineCreator.java:notifyEventTriggered(280)) - trigger a one-shot run on RatisPipelineUtilsThread.
2024-08-27 20:25:01,015 [RatisPipelineUtilsThread-0] INFO  pipeline.RatisPipelineProvider (RatisPipelineProvider.java:lambda$create$0(205)) - Sending CreatePipelineCommand for pipeline:PipelineID=6c929988-6b79-47a0-8aef-e69cfc028817 to datanode:d758e0a9-c5a1-4fd4-978f-3629e4af057b
2024-08-27 20:25:01,017 [RatisPipelineUtilsThread-0] INFO  pipeline.BackgroundPipelineCreator (BackgroundPipelineCreator.java:createPipelines(236)) - Created new pipeline Pipeline[ Id: 6c929988-6b79-47a0-8aef-e69cfc028817, Nodes: d758e0a9-c5a1-4fd4-978f-3629e4af057b(localhost/127.0.0.1) ReplicaIndex: 0, ReplicationConfig: RATIS/ONE, State:ALLOCATED, leaderId:, CreationTimestamp2024-08-27T20:25:01.015828931Z[Etc/UTC]]
2024-08-27 20:25:01,180 [main] INFO  ozone.MiniOzoneClusterImpl (MiniOzoneClusterImpl.java:lambda$waitForClusterToBeReady$0(198)) - Waiting for nodes to be ready. Got 2 of 5 DN Heartbeats.
2024-08-27 20:25:01,180 [main] INFO  ozone.MiniOzoneClusterImpl (MiniOzoneClusterImpl.java:lambda$waitForClusterToBeReady$0(201)) - Waiting for cluster to exit safe mode
2024-08-27 20:25:01,180 [main] INFO  ozone.MiniOzoneClusterImpl (MiniOzoneClusterImpl.java:lambda$waitForClusterToBeReady$0(203)) - SCM became leader
2024-08-27 20:25:01,343 [IPC Server handler 0 on default port 15002] INFO  net.NetworkTopologyImpl (NetworkTopologyImpl.java:add(134)) - Added a new node: /default-rack/9d1f9f5c-07b4-413f-b8b0-69aa045119d7
2024-08-27 20:25:01,344 [IPC Server handler 0 on default port 15002] INFO  node.SCMNodeManager (SCMNodeManager.java:register(422)) - Registered datanode: 9d1f9f5c-07b4-413f-b8b0-69aa045119d7{ip: 127.0.0.1, host: localhost, ports: [HTTP=15027, CLIENT_RPC=15028, REPLICATION=15034, RATIS=15030, RATIS_ADMIN=15030, RATIS_SERVER=15030, RATIS_DATASTREAM=15033, STANDALONE=15029], networkLocation: /default-rack, certSerialId: null, persistedOpState: null, persistedOpStateExpiryEpochSec: 0}
2024-08-27 20:25:01,344 [EventQueue-NewNodeForNewNodeHandler] INFO  pipeline.BackgroundPipelineCreator (BackgroundPipelineCreator.java:notifyEventTriggered(280)) - trigger a one-shot run on RatisPipelineUtilsThread.
2024-08-27 20:25:01,344 [EventQueue-NodeRegistrationContainerReportForDataNodeSafeModeRule] INFO  safemode.SCMSafeModeManager (DataNodeSafeModeRule.java:process(71)) - SCM in safe mode. 3 DataNodes registered, 3 required.
2024-08-27 20:25:01,345 [EventQueue-NodeRegistrationContainerReportForDataNodeSafeModeRule] INFO  safemode.SCMSafeModeManager (SCMSafeModeManager.java:validateSafeModeExitRules(203)) - DataNodeSafeModeRule rule is successfully validated
2024-08-27 20:25:01,345 [EventQueue-NodeRegistrationContainerReportForDataNodeSafeModeRule] INFO  safemode.SCMSafeModeManager (SCMSafeModeManager.java:completePreCheck(232)) - All SCM safe mode pre check rules have passed
2024-08-27 20:25:01,345 [EventQueue-NodeRegistrationContainerReportForDataNodeSafeModeRule] INFO  ha.SCMContext (SCMContext.java:updateSafeModeStatus(225)) - Update SafeModeStatus from SafeModeStatus{safeModeStatus=true, preCheckPassed=false} to SafeModeStatus{safeModeStatus=true, preCheckPassed=true}.
2024-08-27 20:25:01,345 [EventQueue-NodeRegistrationContainerReportForDataNodeSafeModeRule] INFO  pipeline.BackgroundPipelineCreator (BackgroundPipelineCreator.java:notifyEventTriggered(280)) - trigger a one-shot run on RatisPipelineUtilsThread.
2024-08-27 20:25:01,345 [RatisPipelineUtilsThread-0] INFO  pipeline.RatisPipelineProvider (RatisPipelineProvider.java:lambda$create$0(205)) - Sending CreatePipelineCommand for pipeline:PipelineID=8eba0c35-bf2b-4a6e-b1aa-0dcca2fb08e8 to datanode:9d1f9f5c-07b4-413f-b8b0-69aa045119d7
2024-08-27 20:25:01,346 [RatisPipelineUtilsThread-0] INFO  pipeline.BackgroundPipelineCreator (BackgroundPipelineCreator.java:createPipelines(236)) - Created new pipeline Pipeline[ Id: 8eba0c35-bf2b-4a6e-b1aa-0dcca2fb08e8, Nodes: 9d1f9f5c-07b4-413f-b8b0-69aa045119d7(localhost/127.0.0.1) ReplicaIndex: 0, ReplicationConfig: RATIS/ONE, State:ALLOCATED, leaderId:, CreationTimestamp2024-08-27T20:25:01.345329613Z[Etc/UTC]]
2024-08-27 20:25:01,351 [RatisPipelineUtilsThread-0] INFO  pipeline.RatisPipelineProvider (RatisPipelineProvider.java:lambda$create$0(205)) - Sending CreatePipelineCommand for pipeline:PipelineID=72884548-1830-4112-954e-a133de54d1f1 to datanode:9d1f9f5c-07b4-413f-b8b0-69aa045119d7
2024-08-27 20:25:01,352 [RatisPipelineUtilsThread-0] INFO  pipeline.RatisPipelineProvider (RatisPipelineProvider.java:lambda$create$0(205)) - Sending CreatePipelineCommand for pipeline:PipelineID=72884548-1830-4112-954e-a133de54d1f1 to datanode:d758e0a9-c5a1-4fd4-978f-3629e4af057b
2024-08-27 20:25:01,352 [RatisPipelineUtilsThread-0] INFO  pipeline.RatisPipelineProvider (RatisPipelineProvider.java:lambda$create$0(205)) - Sending CreatePipelineCommand for pipeline:PipelineID=72884548-1830-4112-954e-a133de54d1f1 to datanode:b5b9165f-6528-4062-9715-63d706d5309e
2024-08-27 20:25:01,354 [RatisPipelineUtilsThread-0] INFO  pipeline.BackgroundPipelineCreator (BackgroundPipelineCreator.java:createPipelines(236)) - Created new pipeline Pipeline[ Id: 72884548-1830-4112-954e-a133de54d1f1, Nodes: 9d1f9f5c-07b4-413f-b8b0-69aa045119d7(localhost/127.0.0.1) ReplicaIndex: 0d758e0a9-c5a1-4fd4-978f-3629e4af057b(localhost/127.0.0.1) ReplicaIndex: 0b5b9165f-6528-4062-9715-63d706d5309e(localhost/127.0.0.1) ReplicaIndex: 0, ReplicationConfig: RATIS/THREE, State:ALLOCATED, leaderId:, CreationTimestamp2024-08-27T20:25:01.351866675Z[Etc/UTC]]
2024-08-27 20:25:01,355 [RatisPipelineUtilsThread-0] INFO  pipeline.RatisPipelineProvider (RatisPipelineProvider.java:lambda$create$0(205)) - Sending CreatePipelineCommand for pipeline:PipelineID=671c9ad9-d5da-4966-a96b-f6d99eda5a21 to datanode:9d1f9f5c-07b4-413f-b8b0-69aa045119d7
2024-08-27 20:25:01,355 [RatisPipelineUtilsThread-0] INFO  pipeline.RatisPipelineProvider (RatisPipelineProvider.java:lambda$create$0(205)) - Sending CreatePipelineCommand for pipeline:PipelineID=671c9ad9-d5da-4966-a96b-f6d99eda5a21 to datanode:b5b9165f-6528-4062-9715-63d706d5309e
2024-08-27 20:25:01,356 [RatisPipelineUtilsThread-0] INFO  pipeline.RatisPipelineProvider (RatisPipelineProvider.java:lambda$create$0(205)) - Sending CreatePipelineCommand for pipeline:PipelineID=671c9ad9-d5da-4966-a96b-f6d99eda5a21 to datanode:d758e0a9-c5a1-4fd4-978f-3629e4af057b
2024-08-27 20:25:01,357 [RatisPipelineUtilsThread-0] INFO  pipeline.PipelineManagerImpl (PipelineManagerImpl.java:recordMetricsForPipeline(916)) - Pipeline: PipelineID=671c9ad9-d5da-4966-a96b-f6d99eda5a21 contains same datanodes as previous pipelines: PipelineID=72884548-1830-4112-954e-a133de54d1f1 nodeIds: 9d1f9f5c-07b4-413f-b8b0-69aa045119d7, b5b9165f-6528-4062-9715-63d706d5309e, d758e0a9-c5a1-4fd4-978f-3629e4af057b
2024-08-27 20:25:01,357 [RatisPipelineUtilsThread-0] INFO  pipeline.BackgroundPipelineCreator (BackgroundPipelineCreator.java:createPipelines(236)) - Created new pipeline Pipeline[ Id: 671c9ad9-d5da-4966-a96b-f6d99eda5a21, Nodes: 9d1f9f5c-07b4-413f-b8b0-69aa045119d7(localhost/127.0.0.1) ReplicaIndex: 0b5b9165f-6528-4062-9715-63d706d5309e(localhost/127.0.0.1) ReplicaIndex: 0d758e0a9-c5a1-4fd4-978f-3629e4af057b(localhost/127.0.0.1) ReplicaIndex: 0, ReplicationConfig: RATIS/THREE, State:ALLOCATED, leaderId:, CreationTimestamp2024-08-27T20:25:01.355746777Z[Etc/UTC]]
2024-08-27 20:25:01,358 [RatisPipelineUtilsThread-0] INFO  pipeline.RatisPipelineProvider (RatisPipelineProvider.java:lambda$create$0(205)) - Sending CreatePipelineCommand for pipeline:PipelineID=1a4e5420-6724-4a1d-aa95-304231b6b230 to datanode:9d1f9f5c-07b4-413f-b8b0-69aa045119d7
2024-08-27 20:25:01,358 [RatisPipelineUtilsThread-0] INFO  pipeline.RatisPipelineProvider (RatisPipelineProvider.java:lambda$create$0(205)) - Sending CreatePipelineCommand for pipeline:PipelineID=1a4e5420-6724-4a1d-aa95-304231b6b230 to datanode:d758e0a9-c5a1-4fd4-978f-3629e4af057b
2024-08-27 20:25:01,359 [RatisPipelineUtilsThread-0] INFO  pipeline.RatisPipelineProvider (RatisPipelineProvider.java:lambda$create$0(205)) - Sending CreatePipelineCommand for pipeline:PipelineID=1a4e5420-6724-4a1d-aa95-304231b6b230 to datanode:b5b9165f-6528-4062-9715-63d706d5309e
2024-08-27 20:25:01,360 [RatisPipelineUtilsThread-0] INFO  pipeline.PipelineManagerImpl (PipelineManagerImpl.java:recordMetricsForPipeline(916)) - Pipeline: PipelineID=1a4e5420-6724-4a1d-aa95-304231b6b230 contains same datanodes as previous pipelines: PipelineID=671c9ad9-d5da-4966-a96b-f6d99eda5a21 nodeIds: 9d1f9f5c-07b4-413f-b8b0-69aa045119d7, d758e0a9-c5a1-4fd4-978f-3629e4af057b, b5b9165f-6528-4062-9715-63d706d5309e
2024-08-27 20:25:01,360 [RatisPipelineUtilsThread-0] INFO  pipeline.PipelineManagerImpl (PipelineManagerImpl.java:recordMetricsForPipeline(916)) - Pipeline: PipelineID=1a4e5420-6724-4a1d-aa95-304231b6b230 contains same datanodes as previous pipelines: PipelineID=72884548-1830-4112-954e-a133de54d1f1 nodeIds: 9d1f9f5c-07b4-413f-b8b0-69aa045119d7, d758e0a9-c5a1-4fd4-978f-3629e4af057b, b5b9165f-6528-4062-9715-63d706d5309e
2024-08-27 20:25:01,360 [RatisPipelineUtilsThread-0] INFO  pipeline.BackgroundPipelineCreator (BackgroundPipelineCreator.java:createPipelines(236)) - Created new pipeline Pipeline[ Id: 1a4e5420-6724-4a1d-aa95-304231b6b230, Nodes: 9d1f9f5c-07b4-413f-b8b0-69aa045119d7(localhost/127.0.0.1) ReplicaIndex: 0d758e0a9-c5a1-4fd4-978f-3629e4af057b(localhost/127.0.0.1) ReplicaIndex: 0b5b9165f-6528-4062-9715-63d706d5309e(localhost/127.0.0.1) ReplicaIndex: 0, ReplicationConfig: RATIS/THREE, State:ALLOCATED, leaderId:, CreationTimestamp2024-08-27T20:25:01.358811020Z[Etc/UTC]]
2024-08-27 20:25:01,762 [IPC Server handler 1 on default port 15002] INFO  net.NetworkTopologyImpl (NetworkTopologyImpl.java:add(134)) - Added a new node: /default-rack/f3028915-7dd4-47fe-983a-636a8839ab96
2024-08-27 20:25:01,763 [IPC Server handler 1 on default port 15002] INFO  node.SCMNodeManager (SCMNodeManager.java:register(422)) - Registered datanode: f3028915-7dd4-47fe-983a-636a8839ab96{ip: 127.0.0.1, host: localhost, ports: [HTTP=15036, CLIENT_RPC=15037, REPLICATION=15043, RATIS=15039, RATIS_ADMIN=15039, RATIS_SERVER=15039, RATIS_DATASTREAM=15042, STANDALONE=15038], networkLocation: /default-rack, certSerialId: null, persistedOpState: null, persistedOpStateExpiryEpochSec: 0}
2024-08-27 20:25:01,763 [EventQueue-NewNodeForNewNodeHandler] INFO  pipeline.BackgroundPipelineCreator (BackgroundPipelineCreator.java:notifyEventTriggered(280)) - trigger a one-shot run on RatisPipelineUtilsThread.
2024-08-27 20:25:01,763 [RatisPipelineUtilsThread-0] INFO  pipeline.RatisPipelineProvider (RatisPipelineProvider.java:lambda$create$0(205)) - Sending CreatePipelineCommand for pipeline:PipelineID=8cd69fdb-0a95-4ee2-89cf-b30e101814fb to datanode:f3028915-7dd4-47fe-983a-636a8839ab96
2024-08-27 20:25:01,765 [RatisPipelineUtilsThread-0] INFO  pipeline.BackgroundPipelineCreator (BackgroundPipelineCreator.java:createPipelines(236)) - Created new pipeline Pipeline[ Id: 8cd69fdb-0a95-4ee2-89cf-b30e101814fb, Nodes: f3028915-7dd4-47fe-983a-636a8839ab96(localhost/127.0.0.1) ReplicaIndex: 0, ReplicationConfig: RATIS/ONE, State:ALLOCATED, leaderId:, CreationTimestamp2024-08-27T20:25:01.763894372Z[Etc/UTC]]
2024-08-27 20:25:02,179 [IPC Server handler 2 on default port 15002] INFO  net.NetworkTopologyImpl (NetworkTopologyImpl.java:add(134)) - Added a new node: /default-rack/18c2a24f-8a03-4916-b50c-e7c6140a9b01
2024-08-27 20:25:02,179 [IPC Server handler 2 on default port 15002] INFO  node.SCMNodeManager (SCMNodeManager.java:register(422)) - Registered datanode: 18c2a24f-8a03-4916-b50c-e7c6140a9b01{ip: 127.0.0.1, host: localhost, ports: [HTTP=15045, CLIENT_RPC=15046, REPLICATION=15052, RATIS=15048, RATIS_ADMIN=15048, RATIS_SERVER=15048, RATIS_DATASTREAM=15051, STANDALONE=15047], networkLocation: /default-rack, certSerialId: null, persistedOpState: null, persistedOpStateExpiryEpochSec: 0}
2024-08-27 20:25:02,180 [EventQueue-NewNodeForNewNodeHandler] INFO  pipeline.BackgroundPipelineCreator (BackgroundPipelineCreator.java:notifyEventTriggered(280)) - trigger a one-shot run on RatisPipelineUtilsThread.
2024-08-27 20:25:02,180 [RatisPipelineUtilsThread-0] INFO  pipeline.RatisPipelineProvider (RatisPipelineProvider.java:lambda$create$0(205)) - Sending CreatePipelineCommand for pipeline:PipelineID=392a6158-681f-4578-924e-eb676058688b to datanode:18c2a24f-8a03-4916-b50c-e7c6140a9b01
2024-08-27 20:25:02,181 [main] INFO  ozone.MiniOzoneClusterImpl (MiniOzoneClusterImpl.java:lambda$waitForClusterToBeReady$0(198)) - Nodes are ready. Got 5 of 5 DN Heartbeats.
2024-08-27 20:25:02,181 [main] INFO  ozone.MiniOzoneClusterImpl (MiniOzoneClusterImpl.java:lambda$waitForClusterToBeReady$0(201)) - Waiting for cluster to exit safe mode
2024-08-27 20:25:02,181 [main] INFO  ozone.MiniOzoneClusterImpl (MiniOzoneClusterImpl.java:lambda$waitForClusterToBeReady$0(203)) - SCM became leader
2024-08-27 20:25:02,181 [RatisPipelineUtilsThread-0] INFO  pipeline.BackgroundPipelineCreator (BackgroundPipelineCreator.java:createPipelines(236)) - Created new pipeline Pipeline[ Id: 392a6158-681f-4578-924e-eb676058688b, Nodes: 18c2a24f-8a03-4916-b50c-e7c6140a9b01(localhost/127.0.0.1) ReplicaIndex: 0, ReplicationConfig: RATIS/ONE, State:ALLOCATED, leaderId:, CreationTimestamp2024-08-27T20:25:02.180674389Z[Etc/UTC]]
2024-08-27 20:25:03,181 [main] INFO  ozone.MiniOzoneClusterImpl (MiniOzoneClusterImpl.java:lambda$waitForClusterToBeReady$0(198)) - Nodes are ready. Got 5 of 5 DN Heartbeats.
2024-08-27 20:25:03,181 [main] INFO  ozone.MiniOzoneClusterImpl (MiniOzoneClusterImpl.java:lambda$waitForClusterToBeReady$0(201)) - Waiting for cluster to exit safe mode
2024-08-27 20:25:03,181 [main] INFO  ozone.MiniOzoneClusterImpl (MiniOzoneClusterImpl.java:lambda$waitForClusterToBeReady$0(203)) - SCM became leader
2024-08-27 20:25:03,548 [b5b9165f-6528-4062-9715-63d706d5309e-PipelineCommandHandlerThread-0] INFO  server.RaftServer (RaftServerProxy.java:addNew(101)) - b5b9165f-6528-4062-9715-63d706d5309e: addNew group-C34A7576515C:[b5b9165f-6528-4062-9715-63d706d5309e|127.0.0.1:15012] returns group-C34A7576515C:java.util.concurrent.CompletableFuture@5cde49c1[Not completed]
2024-08-27 20:25:03,552 [b5b9165f-6528-4062-9715-63d706d5309e-groupManagement] INFO  lib.Interns (Interns.java:removeEldestEntry(50)) - Metrics intern cache overflow at 2011 for MetricsSystem={MetricsSystem=MetricsInfoImpl{name=MetricsSystem, description=MetricsSystem}, MetricsSystem record=MetricsInfoImpl{name=MetricsSystem, description=MetricsSystem record}}
2024-08-27 20:25:03,557 [b5b9165f-6528-4062-9715-63d706d5309e-groupManagement] INFO  server.RaftServer$Division (RaftServerImpl.java:<init>(253)) - b5b9165f-6528-4062-9715-63d706d5309e: new RaftServerImpl for group-C34A7576515C:[b5b9165f-6528-4062-9715-63d706d5309e|127.0.0.1:15012] with ContainerStateMachine:uninitialized
2024-08-27 20:25:03,558 [b5b9165f-6528-4062-9715-63d706d5309e-groupManagement] INFO  server.RaftServerConfigKeys (ConfUtils.java:logGet(46)) - raft.server.rpc.timeout.min = 5s (custom)
2024-08-27 20:25:03,558 [b5b9165f-6528-4062-9715-63d706d5309e-groupManagement] INFO  server.RaftServerConfigKeys (ConfUtils.java:logGet(46)) - raft.server.rpc.timeout.max = 5200ms (custom)
2024-08-27 20:25:03,558 [b5b9165f-6528-4062-9715-63d706d5309e-groupManagement] INFO  server.RaftServerConfigKeys (ConfUtils.java:logGet(46)) - raft.server.rpc.sleep.time = 25ms (default)
2024-08-27 20:25:03,558 [b5b9165f-6528-4062-9715-63d706d5309e-groupManagement] INFO  server.RaftServerConfigKeys (ConfUtils.java:logGet(46)) - raft.server.rpc.slowness.timeout = 300s (custom)
2024-08-27 20:25:03,559 [b5b9165f-6528-4062-9715-63d706d5309e-groupManagement] INFO  server.RaftServerConfigKeys (ConfUtils.java:logGet(46)) - raft.server.leaderelection.leader.step-down.wait-time = 10s (default)
2024-08-27 20:25:03,559 [b5b9165f-6528-4062-9715-63d706d5309e-groupManagement] INFO  server.RaftServerConfigKeys (ConfUtils.java:logGet(46)) - raft.server.leaderelection.member.majority-add = false (default)
2024-08-27 20:25:03,559 [b5b9165f-6528-4062-9715-63d706d5309e-groupManagement] INFO  server.RaftServerConfigKeys (ConfUtils.java:logGet(46)) - raft.server.sleep.deviation.threshold = 300ms (default)
2024-08-27 20:25:03,559 [b5b9165f-6528-4062-9715-63d706d5309e-groupManagement] INFO  server.RaftServer$Division (ServerState.java:<init>(114)) - b5b9165f-6528-4062-9715-63d706d5309e@group-C34A7576515C: ConfigurationManager, init=conf: {index: -1, cur=peers:[b5b9165f-6528-4062-9715-63d706d5309e|127.0.0.1:15012]|listeners:[], old=null}, confs=<EMPTY_MAP>
2024-08-27 20:25:03,560 [b5b9165f-6528-4062-9715-63d706d5309e-groupManagement] INFO  server.RaftServerConfigKeys (ConfUtils.java:logGet(46)) - raft.server.notification.no-leader.timeout = 300s (custom)
2024-08-27 20:25:03,560 [b5b9165f-6528-4062-9715-63d706d5309e-groupManagement] INFO  server.RaftServerConfigKeys (ConfUtils.java:logGet(46)) - raft.server.read.timeout = 10s (default)
2024-08-27 20:25:03,561 [b5b9165f-6528-4062-9715-63d706d5309e-groupManagement] INFO  server.RaftServerConfigKeys (ConfUtils.java:logGet(46)) - raft.server.retrycache.expirytime = 600000ms (custom)
2024-08-27 20:25:03,561 [b5b9165f-6528-4062-9715-63d706d5309e-groupManagement] INFO  server.RaftServerConfigKeys (ConfUtils.java:logGet(46)) - raft.server.retrycache.statistics.expirytime = 100ms (default)
2024-08-27 20:25:03,562 [b5b9165f-6528-4062-9715-63d706d5309e-groupManagement] INFO  server.RaftServerConfigKeys (ConfUtils.java:logGet(46)) - raft.server.read.option = DEFAULT (default)
2024-08-27 20:25:03,562 [b5b9165f-6528-4062-9715-63d706d5309e-groupManagement] INFO  server.RaftServerConfigKeys (ConfUtils.java:logGet(46)) - raft.server.read.read-after-write-consistent.write-index-cache.expiry-time = 60s (default)
2024-08-27 20:25:03,575 [b5b9165f-6528-4062-9715-63d706d5309e-groupManagement] INFO  server.RaftServerConfigKeys (ConfUtils.java:logGet(46)) - raft.server.rpc.request.timeout = 60s (custom)
2024-08-27 20:25:03,575 [b5b9165f-6528-4062-9715-63d706d5309e-groupManagement] INFO  server.RaftServerConfigKeys (ConfUtils.java:logGet(46)) - raft.server.log.appender.install.snapshot.enabled = false (custom)
2024-08-27 20:25:03,575 [b5b9165f-6528-4062-9715-63d706d5309e-groupManagement] INFO  server.RaftServerConfigKeys (ConfUtils.java:logGet(46)) - raft.server.threadpool.server.cached = true (default)
2024-08-27 20:25:03,576 [b5b9165f-6528-4062-9715-63d706d5309e-groupManagement] INFO  server.RaftServerConfigKeys (ConfUtils.java:logGet(46)) - raft.server.threadpool.server.size = 0 (default)
2024-08-27 20:25:03,576 [b5b9165f-6528-4062-9715-63d706d5309e-groupManagement] INFO  server.RaftServerConfigKeys (ConfUtils.java:logGet(46)) - raft.server.threadpool.client.cached = true (default)
2024-08-27 20:25:03,576 [b5b9165f-6528-4062-9715-63d706d5309e-groupManagement] INFO  server.RaftServerConfigKeys (ConfUtils.java:logGet(46)) - raft.server.threadpool.client.size = 0 (default)
2024-08-27 20:25:03,576 [b5b9165f-6528-4062-9715-63d706d5309e-groupManagement] INFO  server.RaftServerConfigKeys (ConfUtils.java:logGet(46)) - raft.server.storage.free-space.min = 0MB (=0) (default)
2024-08-27 20:25:03,577 [b5b9165f-6528-4062-9715-63d706d5309e-groupManagement] INFO  server.RaftServerConfigKeys (ConfUtils.java:logGet(46)) - raft.server.log.corruption.policy = EXCEPTION (default)
2024-08-27 20:25:03,577 [b5b9165f-6528-4062-9715-63d706d5309e-groupManagement] INFO  server.RaftServerConfigKeys (ConfUtils.java:logGet(46)) - raft.server.storage.dir = [/home/runner/work/ozone/ozone/hadoop-ozone/integration-test/target/test-dir/MiniOzoneClusterImpl-2855d785-c18f-47a1-bcca-44ce8ce60223/ozone-meta/datanode-1/ratis] (custom)
2024-08-27 20:25:03,577 [b5b9165f-6528-4062-9715-63d706d5309e-groupManagement] INFO  storage.RaftStorageDirectory (RaftStorageDirectoryImpl.java:analyzeStorage(138)) - The storage directory /home/runner/work/ozone/ozone/hadoop-ozone/integration-test/target/test-dir/MiniOzoneClusterImpl-2855d785-c18f-47a1-bcca-44ce8ce60223/ozone-meta/datanode-1/ratis/9a28fa1d-c282-4050-ac37-c34a7576515c does not exist. Creating ...
2024-08-27 20:25:03,578 [b5b9165f-6528-4062-9715-63d706d5309e-groupManagement] INFO  storage.RaftStorageDirectory (RaftStorageDirectoryImpl.java:tryLock(229)) - Lock on /home/runner/work/ozone/ozone/hadoop-ozone/integration-test/target/test-dir/MiniOzoneClusterImpl-2855d785-c18f-47a1-bcca-44ce8ce60223/ozone-meta/datanode-1/ratis/9a28fa1d-c282-4050-ac37-c34a7576515c/in_use.lock acquired by nodename 43194@fv-az884-737
2024-08-27 20:25:03,580 [b5b9165f-6528-4062-9715-63d706d5309e-groupManagement] INFO  storage.RaftStorage (RaftStorageImpl.java:format(98)) - Storage directory /home/runner/work/ozone/ozone/hadoop-ozone/integration-test/target/test-dir/MiniOzoneClusterImpl-2855d785-c18f-47a1-bcca-44ce8ce60223/ozone-meta/datanode-1/ratis/9a28fa1d-c282-4050-ac37-c34a7576515c has been successfully formatted.
2024-08-27 20:25:03,581 [b5b9165f-6528-4062-9715-63d706d5309e-groupManagement] INFO  ratis.ContainerStateMachine (ContainerStateMachine.java:loadSnapshot(295)) - group-C34A7576515C: The snapshot info is null. Setting the last applied index to:(t:0, i:~)
2024-08-27 20:25:03,582 [b5b9165f-6528-4062-9715-63d706d5309e-groupManagement] INFO  server.RaftServerConfigKeys (ConfUtils.java:logGet(46)) - raft.server.log.use.memory = false (default)
2024-08-27 20:25:03,582 [b5b9165f-6528-4062-9715-63d706d5309e-groupManagement] INFO  server.RaftServerConfigKeys (ConfUtils.java:logGet(46)) - raft.server.log.purge.gap = 1000000 (custom)
2024-08-27 20:25:03,583 [b5b9165f-6528-4062-9715-63d706d5309e-groupManagement] INFO  server.RaftServerConfigKeys (ConfUtils.java:logGet(46)) - raft.server.log.appender.buffer.byte-limit = 8388608 (custom)
2024-08-27 20:25:03,583 [b5b9165f-6528-4062-9715-63d706d5309e-groupManagement] INFO  server.RaftServerConfigKeys (ConfUtils.java:logGet(46)) - raft.server.log.statemachine.data.read.timeout = 1000ms (default)
2024-08-27 20:25:03,583 [b5b9165f-6528-4062-9715-63d706d5309e-groupManagement] INFO  server.RaftServerConfigKeys (ConfUtils.java:logGet(46)) - raft.server.log.purge.preservation.log.num = 0 (default)
2024-08-27 20:25:03,587 [EventQueue-PipelineReportForPipelineReportHandler] INFO  pipeline.PipelineReportHandler (PipelineReportHandler.java:processPipelineReport(136)) - Opened pipeline PipelineID=9a28fa1d-c282-4050-ac37-c34a7576515c
2024-08-27 20:25:03,587 [EventQueue-OpenPipelineForHealthyPipelineSafeModeRule] INFO  safemode.SCMSafeModeManager (HealthyPipelineSafeModeRule.java:process(140)) - SCM in safe mode. Healthy pipelines reported count is 0, required healthy pipeline reported count is 1
2024-08-27 20:25:03,588 [b5b9165f-6528-4062-9715-63d706d5309e-groupManagement] INFO  server.RaftServerConfigKeys (ConfUtils.java:logGet(46)) - raft.server.log.segment.size.max = 67108864 (custom)
2024-08-27 20:25:03,589 [b5b9165f-6528-4062-9715-63d706d5309e-groupManagement] INFO  server.RaftServerConfigKeys (ConfUtils.java:logGet(46)) - raft.server.log.segment.cache.num.max = 2 (custom)
2024-08-27 20:25:03,589 [b5b9165f-6528-4062-9715-63d706d5309e-groupManagement] INFO  server.RaftServerConfigKeys (ConfUtils.java:logGet(46)) - raft.server.log.segment.cache.size.max = 200MB (=209715200) (default)
2024-08-27 20:25:03,589 [b5b9165f-6528-4062-9715-63d706d5309e-groupManagement] INFO  server.RaftServerConfigKeys (ConfUtils.java:logGet(46)) - raft.server.log.appender.buffer.byte-limit = 8388608 (custom)
2024-08-27 20:25:03,589 [b5b9165f-6528-4062-9715-63d706d5309e-groupManagement] INFO  util.AwaitToRun (AwaitToRun.java:start(81)) - Thread[b5b9165f-6528-4062-9715-63d706d5309e@group-C34A7576515C-cacheEviction-AwaitToRun,5,main] started
2024-08-27 20:25:03,589 [b5b9165f-6528-4062-9715-63d706d5309e-groupManagement] INFO  segmented.SegmentedRaftLogWorker (SegmentedRaftLogWorker.java:<init>(184)) - new b5b9165f-6528-4062-9715-63d706d5309e@group-C34A7576515C-SegmentedRaftLogWorker for RaftStorageImpl:Storage Directory /home/runner/work/ozone/ozone/hadoop-ozone/integration-test/target/test-dir/MiniOzoneClusterImpl-2855d785-c18f-47a1-bcca-44ce8ce60223/ozone-meta/datanode-1/ratis/9a28fa1d-c282-4050-ac37-c34a7576515c
2024-08-27 20:25:03,589 [b5b9165f-6528-4062-9715-63d706d5309e-groupManagement] INFO  server.RaftServerConfigKeys (ConfUtils.java:logGet(46)) - raft.server.log.queue.byte-limit = 4294967296 (custom)
2024-08-27 20:25:03,589 [b5b9165f-6528-4062-9715-63d706d5309e-groupManagement] INFO  server.RaftServerConfigKeys (ConfUtils.java:logGet(46)) - raft.server.log.queue.element-limit = 1024 (custom)
2024-08-27 20:25:03,589 [b5b9165f-6528-4062-9715-63d706d5309e-groupManagement] INFO  server.RaftServerConfigKeys (ConfUtils.java:logGet(46)) - raft.server.log.segment.size.max = 67108864 (custom)
2024-08-27 20:25:03,589 [b5b9165f-6528-4062-9715-63d706d5309e-groupManagement] INFO  server.RaftServerConfigKeys (ConfUtils.java:logGet(46)) - raft.server.log.preallocated.size = 4194304 (custom)
2024-08-27 20:25:03,589 [b5b9165f-6528-4062-9715-63d706d5309e-groupManagement] INFO  server.RaftServerConfigKeys (ConfUtils.java:logGet(46)) - raft.server.log.force.sync.num = 128 (default)
2024-08-27 20:25:03,590 [b5b9165f-6528-4062-9715-63d706d5309e-groupManagement] INFO  server.RaftServerConfigKeys (ConfUtils.java:logGet(46)) - raft.server.log.statemachine.data.sync = true (default)
2024-08-27 20:25:03,590 [b5b9165f-6528-4062-9715-63d706d5309e-groupManagement] INFO  server.RaftServerConfigKeys (ConfUtils.java:logGet(46)) - raft.server.log.statemachine.data.sync.timeout = 10s (default)
2024-08-27 20:25:03,590 [b5b9165f-6528-4062-9715-63d706d5309e-groupManagement] INFO  server.RaftServerConfigKeys (ConfUtils.java:logGet(46)) - raft.server.log.statemachine.data.sync.timeout.retry = 30 (custom)
2024-08-27 20:25:03,593 [b5b9165f-6528-4062-9715-63d706d5309e-groupManagement] INFO  server.RaftServerConfigKeys (ConfUtils.java:logGet(46)) - raft.server.log.write.buffer.size = 8388616 (custom)
2024-08-27 20:25:03,595 [b5b9165f-6528-4062-9715-63d706d5309e-groupManagement] INFO  server.RaftServerConfigKeys (ConfUtils.java:logGet(46)) - raft.server.log.appender.buffer.byte-limit = 8388608 (custom)
2024-08-27 20:25:03,595 [b5b9165f-6528-4062-9715-63d706d5309e-groupManagement] INFO  server.RaftServerConfigKeys (ConfUtils.java:logGet(46)) - raft.server.log.unsafe-flush.enabled = false (default)
2024-08-27 20:25:03,595 [b5b9165f-6528-4062-9715-63d706d5309e-groupManagement] INFO  server.RaftServerConfigKeys (ConfUtils.java:logGet(46)) - raft.server.log.async-flush.enabled = false (default)
2024-08-27 20:25:03,595 [b5b9165f-6528-4062-9715-63d706d5309e-groupManagement] INFO  server.RaftServerConfigKeys (ConfUtils.java:logGet(46)) - raft.server.log.statemachine.data.caching.enabled = true (custom)
2024-08-27 20:25:03,596 [b5b9165f-6528-4062-9715-63d706d5309e-groupManagement] INFO  segmented.SegmentedRaftLogWorker (SegmentedRaftLogWorker.java:lambda$new$0(135)) - b5b9165f-6528-4062-9715-63d706d5309e@group-C34A7576515C-SegmentedRaftLogWorker: flushIndex: setUnconditionally 0 -> -1
2024-08-27 20:25:03,596 [b5b9165f-6528-4062-9715-63d706d5309e-groupManagement] INFO  segmented.SegmentedRaftLogWorker (SegmentedRaftLogWorker.java:lambda$new$0(135)) - b5b9165f-6528-4062-9715-63d706d5309e@group-C34A7576515C-SegmentedRaftLogWorker: safeCacheEvictIndex: setUnconditionally 0 -> -1
2024-08-27 20:25:03,596 [b5b9165f-6528-4062-9715-63d706d5309e-groupManagement] INFO  server.RaftServer$Division (RaftServerImpl.java:start(389)) - b5b9165f-6528-4062-9715-63d706d5309e@group-C34A7576515C: start as a follower, conf=conf: {index: -1, cur=peers:[b5b9165f-6528-4062-9715-63d706d5309e|127.0.0.1:15012]|listeners:[], old=null}
2024-08-27 20:25:03,596 [b5b9165f-6528-4062-9715-63d706d5309e-groupManagement] INFO  server.RaftServer$Division (RaftServerImpl.java:setRole(376)) - b5b9165f-6528-4062-9715-63d706d5309e@group-C34A7576515C: changes role from      null to FOLLOWER at term 0 for startAsFollower
2024-08-27 20:25:03,596 [b5b9165f-6528-4062-9715-63d706d5309e-groupManagement] INFO  impl.RoleInfo (RoleInfo.java:updateAndGet(148)) - b5b9165f-6528-4062-9715-63d706d5309e: start b5b9165f-6528-4062-9715-63d706d5309e@group-C34A7576515C-FollowerState
2024-08-27 20:25:03,597 [b5b9165f-6528-4062-9715-63d706d5309e-groupManagement] INFO  util.JmxRegister (JmxRegister.java:tryRegister(44)) - Successfully registered JMX Bean with object name Ratis:service=RaftServer,group=group-C34A7576515C,id=b5b9165f-6528-4062-9715-63d706d5309e
2024-08-27 20:25:03,597 [b5b9165f-6528-4062-9715-63d706d5309e-groupManagement] INFO  util.JmxRegister (JmxRegister.java:register(58)) - register mxBean class org.apache.ratis.server.impl.RaftServerJmxAdapter as Ratis:service=RaftServer,group=group-C34A7576515C,id=b5b9165f-6528-4062-9715-63d706d5309e
2024-08-27 20:25:03,597 [b5b9165f-6528-4062-9715-63d706d5309e-groupManagement] INFO  server.RaftServerConfigKeys (ConfUtils.java:logGet(46)) - raft.server.snapshot.trigger-when-stop.enabled = true (default)
2024-08-27 20:25:03,597 [b5b9165f-6528-4062-9715-63d706d5309e-groupManagement] INFO  server.RaftServerConfigKeys (ConfUtils.java:logGet(46)) - raft.server.snapshot.trigger-when-remove.enabled = true (default)
2024-08-27 20:25:03,597 [b5b9165f-6528-4062-9715-63d706d5309e-groupManagement] INFO  server.RaftServerConfigKeys (ConfUtils.java:logGet(46)) - raft.server.snapshot.auto.trigger.enabled = true (custom)
2024-08-27 20:25:03,597 [b5b9165f-6528-4062-9715-63d706d5309e-groupManagement] INFO  server.RaftServerConfigKeys (ConfUtils.java:logGet(46)) - raft.server.snapshot.auto.trigger.threshold = 10000 (custom)
2024-08-27 20:25:03,597 [b5b9165f-6528-4062-9715-63d706d5309e-groupManagement] INFO  server.RaftServerConfigKeys (ConfUtils.java:logGet(46)) - raft.server.snapshot.retention.file.num = 5 (custom)
2024-08-27 20:25:03,597 [b5b9165f-6528-4062-9715-63d706d5309e-groupManagement] INFO  server.RaftServerConfigKeys (ConfUtils.java:logGet(46)) - raft.server.log.purge.upto.snapshot.index = false (default)
2024-08-27 20:25:03,603 [b5b9165f-6528-4062-9715-63d706d5309e-PipelineCommandHandlerThread-0] INFO  ratis.XceiverServerRatis (XceiverServerRatis.java:addGroup(849)) - Created group PipelineID=9a28fa1d-c282-4050-ac37-c34a7576515c
2024-08-27 20:25:03,603 [b5b9165f-6528-4062-9715-63d706d5309e@group-C34A7576515C-FollowerState] INFO  server.RaftServerConfigKeys (ConfUtils.java:logFallback(53)) - raft.server.rpc.first-election.timeout.min = 5s (fallback to raft.server.rpc.timeout.min)
2024-08-27 20:25:03,604 [b5b9165f-6528-4062-9715-63d706d5309e@group-C34A7576515C-FollowerState] INFO  server.RaftServerConfigKeys (ConfUtils.java:logFallback(53)) - raft.server.rpc.first-election.timeout.max = 5200ms (fallback to raft.server.rpc.timeout.max)
2024-08-27 20:25:03,604 [b5b9165f-6528-4062-9715-63d706d5309e-PipelineCommandHandlerThread-0] INFO  commandhandler.CreatePipelineCommandHandler (CreatePipelineCommandHandler.java:lambda$handle$2(124)) - Created Pipeline RATIS ONE PipelineID=9a28fa1d-c282-4050-ac37-c34a7576515c.
2024-08-27 20:25:03,604 [b5b9165f-6528-4062-9715-63d706d5309e-PipelineCommandHandlerThread-0] INFO  server.RaftServer (RaftServerProxy.java:addNew(101)) - b5b9165f-6528-4062-9715-63d706d5309e: addNew group-A133DE54D1F1:[b5b9165f-6528-4062-9715-63d706d5309e|127.0.0.1:15012, d758e0a9-c5a1-4fd4-978f-3629e4af057b|127.0.0.1:15021, 9d1f9f5c-07b4-413f-b8b0-69aa045119d7|127.0.0.1:15030] returns group-A133DE54D1F1:java.util.concurrent.CompletableFuture@3ffca718[Not completed]
2024-08-27 20:25:03,606 [b5b9165f-6528-4062-9715-63d706d5309e-groupManagement] INFO  server.RaftServer$Division (RaftServerImpl.java:<init>(253)) - b5b9165f-6528-4062-9715-63d706d5309e: new RaftServerImpl for group-A133DE54D1F1:[b5b9165f-6528-4062-9715-63d706d5309e|127.0.0.1:15012, d758e0a9-c5a1-4fd4-978f-3629e4af057b|127.0.0.1:15021, 9d1f9f5c-07b4-413f-b8b0-69aa045119d7|127.0.0.1:15030] with ContainerStateMachine:uninitialized
2024-08-27 20:25:03,607 [b5b9165f-6528-4062-9715-63d706d5309e-groupManagement] INFO  server.RaftServerConfigKeys (ConfUtils.java:logGet(46)) - raft.server.rpc.timeout.min = 5s (custom)
2024-08-27 20:25:03,607 [b5b9165f-6528-4062-9715-63d706d5309e-groupManagement] INFO  server.RaftServerConfigKeys (ConfUtils.java:logGet(46)) - raft.server.rpc.timeout.max = 5200ms (custom)
2024-08-27 20:25:03,607 [b5b9165f-6528-4062-9715-63d706d5309e-groupManagement] INFO  server.RaftServerConfigKeys (ConfUtils.java:logGet(46)) - raft.server.rpc.sleep.time = 25ms (default)
2024-08-27 20:25:03,607 [b5b9165f-6528-4062-9715-63d706d5309e-groupManagement] INFO  server.RaftServerConfigKeys (ConfUtils.java:logGet(46)) - raft.server.rpc.slowness.timeout = 300s (custom)
2024-08-27 20:25:03,607 [b5b9165f-6528-4062-9715-63d706d5309e-groupManagement] INFO  server.RaftServerConfigKeys (ConfUtils.java:logGet(46)) - raft.server.leaderelection.leader.step-down.wait-time = 10s (default)
2024-08-27 20:25:03,607 [b5b9165f-6528-4062-9715-63d706d5309e-groupManagement] INFO  server.RaftServerConfigKeys (ConfUtils.java:logGet(46)) - raft.server.leaderelection.member.majority-add = false (default)
2024-08-27 20:25:03,607 [b5b9165f-6528-4062-9715-63d706d5309e-groupManagement] INFO  server.RaftServerConfigKeys (ConfUtils.java:logGet(46)) - raft.server.sleep.deviation.threshold = 300ms (default)
2024-08-27 20:25:03,607 [b5b9165f-6528-4062-9715-63d706d5309e-groupManagement] INFO  server.RaftServer$Division (ServerState.java:<init>(114)) - b5b9165f-6528-4062-9715-63d706d5309e@group-A133DE54D1F1: ConfigurationManager, init=conf: {index: -1, cur=peers:[b5b9165f-6528-4062-9715-63d706d5309e|127.0.0.1:15012, d758e0a9-c5a1-4fd4-978f-3629e4af057b|127.0.0.1:15021, 9d1f9f5c-07b4-413f-b8b0-69aa045119d7|127.0.0.1:15030]|listeners:[], old=null}, confs=<EMPTY_MAP>
2024-08-27 20:25:03,607 [b5b9165f-6528-4062-9715-63d706d5309e-groupManagement] INFO  server.RaftServerConfigKeys (ConfUtils.java:logGet(46)) - raft.server.notification.no-leader.timeout = 300s (custom)
2024-08-27 20:25:03,607 [b5b9165f-6528-4062-9715-63d706d5309e-groupManagement] INFO  server.RaftServerConfigKeys (ConfUtils.java:logGet(46)) - raft.server.read.timeout = 10s (default)
2024-08-27 20:25:03,607 [b5b9165f-6528-4062-9715-63d706d5309e-groupManagement] INFO  server.RaftServerConfigKeys (ConfUtils.java:logGet(46)) - raft.server.retrycache.expirytime = 600000ms (custom)
2024-08-27 20:25:03,607 [b5b9165f-6528-4062-9715-63d706d5309e-groupManagement] INFO  server.RaftServerConfigKeys (ConfUtils.java:logGet(46)) - raft.server.retrycache.statistics.expirytime = 100ms (default)
2024-08-27 20:25:03,608 [b5b9165f-6528-4062-9715-63d706d5309e-groupManagement] INFO  server.RaftServerConfigKeys (ConfUtils.java:logGet(46)) - raft.server.read.option = DEFAULT (default)
2024-08-27 20:25:03,608 [b5b9165f-6528-4062-9715-63d706d5309e-groupManagement] INFO  server.RaftServerConfigKeys (ConfUtils.java:logGet(46)) - raft.server.read.read-after-write-consistent.write-index-cache.expiry-time = 60s (default)
2024-08-27 20:25:03,616 [b5b9165f-6528-4062-9715-63d706d5309e-groupManagement] INFO  server.RaftServerConfigKeys (ConfUtils.java:logGet(46)) - raft.server.rpc.request.timeout = 60s (custom)
2024-08-27 20:25:03,616 [b5b9165f-6528-4062-9715-63d706d5309e-groupManagement] INFO  server.RaftServerConfigKeys (ConfUtils.java:logGet(46)) - raft.server.log.appender.install.snapshot.enabled = false (custom)
2024-08-27 20:25:03,616 [b5b9165f-6528-4062-9715-63d706d5309e-groupManagement] INFO  server.RaftServerConfigKeys (ConfUtils.java:logGet(46)) - raft.server.threadpool.server.cached = true (default)
2024-08-27 20:25:03,616 [b5b9165f-6528-4062-9715-63d706d5309e-groupManagement] INFO  server.RaftServerConfigKeys (ConfUtils.java:logGet(46)) - raft.server.threadpool.server.size = 0 (default)
2024-08-27 20:25:03,616 [b5b9165f-6528-4062-9715-63d706d5309e-groupManagement] INFO  server.RaftServerConfigKeys (ConfUtils.java:logGet(46)) - raft.server.threadpool.client.cached = true (default)
2024-08-27 20:25:03,616 [b5b9165f-6528-4062-9715-63d706d5309e-groupManagement] INFO  server.RaftServerConfigKeys (ConfUtils.java:logGet(46)) - raft.server.threadpool.client.size = 0 (default)
2024-08-27 20:25:03,616 [b5b9165f-6528-4062-9715-63d706d5309e-groupManagement] INFO  server.RaftServerConfigKeys (ConfUtils.java:logGet(46)) - raft.server.storage.free-space.min = 0MB (=0) (default)
2024-08-27 20:25:03,616 [b5b9165f-6528-4062-9715-63d706d5309e-groupManagement] INFO  server.RaftServerConfigKeys (ConfUtils.java:logGet(46)) - raft.server.log.corruption.policy = EXCEPTION (default)
2024-08-27 20:25:03,616 [b5b9165f-6528-4062-9715-63d706d5309e-groupManagement] INFO  server.RaftServerConfigKeys (ConfUtils.java:logGet(46)) - raft.server.storage.dir = [/home/runner/work/ozone/ozone/hadoop-ozone/integration-test/target/test-dir/MiniOzoneClusterImpl-2855d785-c18f-47a1-bcca-44ce8ce60223/ozone-meta/datanode-1/ratis] (custom)
2024-08-27 20:25:03,617 [b5b9165f-6528-4062-9715-63d706d5309e-groupManagement] INFO  storage.RaftStorageDirectory (RaftStorageDirectoryImpl.java:analyzeStorage(138)) - The storage directory /home/runner/work/ozone/ozone/hadoop-ozone/integration-test/target/test-dir/MiniOzoneClusterImpl-2855d785-c18f-47a1-bcca-44ce8ce60223/ozone-meta/datanode-1/ratis/72884548-1830-4112-954e-a133de54d1f1 does not exist. Creating ...
2024-08-27 20:25:03,618 [b5b9165f-6528-4062-9715-63d706d5309e-groupManagement] INFO  storage.RaftStorageDirectory (RaftStorageDirectoryImpl.java:tryLock(229)) - Lock on /home/runner/work/ozone/ozone/hadoop-ozone/integration-test/target/test-dir/MiniOzoneClusterImpl-2855d785-c18f-47a1-bcca-44ce8ce60223/ozone-meta/datanode-1/ratis/72884548-1830-4112-954e-a133de54d1f1/in_use.lock acquired by nodename 43194@fv-az884-737
2024-08-27 20:25:03,619 [b5b9165f-6528-4062-9715-63d706d5309e-groupManagement] INFO  storage.RaftStorage (RaftStorageImpl.java:format(98)) - Storage directory /home/runner/work/ozone/ozone/hadoop-ozone/integration-test/target/test-dir/MiniOzoneClusterImpl-2855d785-c18f-47a1-bcca-44ce8ce60223/ozone-meta/datanode-1/ratis/72884548-1830-4112-954e-a133de54d1f1 has been successfully formatted.
2024-08-27 20:25:03,621 [b5b9165f-6528-4062-9715-63d706d5309e-groupManagement] INFO  ratis.ContainerStateMachine (ContainerStateMachine.java:loadSnapshot(295)) - group-A133DE54D1F1: The snapshot info is null. Setting the last applied index to:(t:0, i:~)
2024-08-27 20:25:03,621 [b5b9165f-6528-4062-9715-63d706d5309e-groupManagement] INFO  server.RaftServerConfigKeys (ConfUtils.java:logGet(46)) - raft.server.log.use.memory = false (default)
2024-08-27 20:25:03,621 [b5b9165f-6528-4062-9715-63d706d5309e-groupManagement] INFO  server.RaftServerConfigKeys (ConfUtils.java:logGet(46)) - raft.server.log.purge.gap = 1000000 (custom)
2024-08-27 20:25:03,621 [b5b9165f-6528-4062-9715-63d706d5309e-groupManagement] INFO  server.RaftServerConfigKeys (ConfUtils.java:logGet(46)) - raft.server.log.appender.buffer.byte-limit = 8388608 (custom)
2024-08-27 20:25:03,621 [b5b9165f-6528-4062-9715-63d706d5309e-groupManagement] INFO  server.RaftServerConfigKeys (ConfUtils.java:logGet(46)) - raft.server.log.statemachine.data.read.timeout = 1000ms (default)
2024-08-27 20:25:03,621 [b5b9165f-6528-4062-9715-63d706d5309e-groupManagement] INFO  server.RaftServerConfigKeys (ConfUtils.java:logGet(46)) - raft.server.log.purge.preservation.log.num = 0 (default)
2024-08-27 20:25:03,621 [EventQueue-OpenPipelineForHealthyPipelineSafeModeRule] INFO  safemode.SCMSafeModeManager (HealthyPipelineSafeModeRule.java:process(140)) - SCM in safe mode. Healthy pipelines reported count is 0, required healthy pipeline reported count is 1
2024-08-27 20:25:03,624 [b5b9165f-6528-4062-9715-63d706d5309e-groupManagement] INFO  server.RaftServerConfigKeys (ConfUtils.java:logGet(46)) - raft.server.log.segment.size.max = 67108864 (custom)
2024-08-27 20:25:03,625 [b5b9165f-6528-4062-9715-63d706d5309e-groupManagement] INFO  server.RaftServerConfigKeys (ConfUtils.java:logGet(46)) - raft.server.log.segment.cache.num.max = 2 (custom)
2024-08-27 20:25:03,625 [b5b9165f-6528-4062-9715-63d706d5309e-groupManagement] INFO  server.RaftServerConfigKeys (ConfUtils.java:logGet(46)) - raft.server.log.segment.cache.size.max = 200MB (=209715200) (default)
2024-08-27 20:25:03,625 [b5b9165f-6528-4062-9715-63d706d5309e-groupManagement] INFO  server.RaftServerConfigKeys (ConfUtils.java:logGet(46)) - raft.server.log.appender.buffer.byte-limit = 8388608 (custom)
2024-08-27 20:25:03,625 [b5b9165f-6528-4062-9715-63d706d5309e-groupManagement] INFO  util.AwaitToRun (AwaitToRun.java:start(81)) - Thread[b5b9165f-6528-4062-9715-63d706d5309e@group-A133DE54D1F1-cacheEviction-AwaitToRun,5,main] started
2024-08-27 20:25:03,625 [b5b9165f-6528-4062-9715-63d706d5309e-groupManagement] INFO  segmented.SegmentedRaftLogWorker (SegmentedRaftLogWorker.java:<init>(184)) - new b5b9165f-6528-4062-9715-63d706d5309e@group-A133DE54D1F1-SegmentedRaftLogWorker for RaftStorageImpl:Storage Directory /home/runner/work/ozone/ozone/hadoop-ozone/integration-test/target/test-dir/MiniOzoneClusterImpl-2855d785-c18f-47a1-bcca-44ce8ce60223/ozone-meta/datanode-1/ratis/72884548-1830-4112-954e-a133de54d1f1
2024-08-27 20:25:03,625 [b5b9165f-6528-4062-9715-63d706d5309e-groupManagement] INFO  server.RaftServerConfigKeys (ConfUtils.java:logGet(46)) - raft.server.log.queue.byte-limit = 4294967296 (custom)
2024-08-27 20:25:03,625 [b5b9165f-6528-4062-9715-63d706d5309e-groupManagement] INFO  server.RaftServerConfigKeys (ConfUtils.java:logGet(46)) - raft.server.log.queue.element-limit = 1024 (custom)
2024-08-27 20:25:03,625 [b5b9165f-6528-4062-9715-63d706d5309e-groupManagement] INFO  server.RaftServerConfigKeys (ConfUtils.java:logGet(46)) - raft.server.log.segment.size.max = 67108864 (custom)
2024-08-27 20:25:03,625 [b5b9165f-6528-4062-9715-63d706d5309e-groupManagement] INFO  server.RaftServerConfigKeys (ConfUtils.java:logGet(46)) - raft.server.log.preallocated.size = 4194304 (custom)
2024-08-27 20:25:03,626 [b5b9165f-6528-4062-9715-63d706d5309e-groupManagement] INFO  server.RaftServerConfigKeys (ConfUtils.java:logGet(46)) - raft.server.log.force.sync.num = 128 (default)
2024-08-27 20:25:03,626 [b5b9165f-6528-4062-9715-63d706d5309e-groupManagement] INFO  server.RaftServerConfigKeys (ConfUtils.java:logGet(46)) - raft.server.log.statemachine.data.sync = true (default)
2024-08-27 20:25:03,626 [b5b9165f-6528-4062-9715-63d706d5309e-groupManagement] INFO  server.RaftServerConfigKeys (ConfUtils.java:logGet(46)) - raft.server.log.statemachine.data.sync.timeout = 10s (default)
2024-08-27 20:25:03,626 [b5b9165f-6528-4062-9715-63d706d5309e-groupManagement] INFO  server.RaftServerConfigKeys (ConfUtils.java:logGet(46)) - raft.server.log.statemachine.data.sync.timeout.retry = 30 (custom)
2024-08-27 20:25:03,626 [b5b9165f-6528-4062-9715-63d706d5309e-groupManagement] INFO  server.RaftServerConfigKeys (ConfUtils.java:logGet(46)) - raft.server.log.write.buffer.size = 8388616 (custom)
2024-08-27 20:25:03,628 [b5b9165f-6528-4062-9715-63d706d5309e-groupManagement] INFO  server.RaftServerConfigKeys (ConfUtils.java:logGet(46)) - raft.server.log.appender.buffer.byte-limit = 8388608 (custom)
2024-08-27 20:25:03,628 [b5b9165f-6528-4062-9715-63d706d5309e-groupManagement] INFO  server.RaftServerConfigKeys (ConfUtils.java:logGet(46)) - raft.server.log.unsafe-flush.enabled = false (default)
2024-08-27 20:25:03,628 [b5b9165f-6528-4062-9715-63d706d5309e-groupManagement] INFO  server.RaftServerConfigKeys (ConfUtils.java:logGet(46)) - raft.server.log.async-flush.enabled = false (default)
2024-08-27 20:25:03,628 [b5b9165f-6528-4062-9715-63d706d5309e-groupManagement] INFO  server.RaftServerConfigKeys (ConfUtils.java:logGet(46)) - raft.server.log.statemachine.data.caching.enabled = true (custom)
2024-08-27 20:25:03,628 [b5b9165f-6528-4062-9715-63d706d5309e-groupManagement] INFO  segmented.SegmentedRaftLogWorker (SegmentedRaftLogWorker.java:lambda$new$0(135)) - b5b9165f-6528-4062-9715-63d706d5309e@group-A133DE54D1F1-SegmentedRaftLogWorker: flushIndex: setUnconditionally 0 -> -1
2024-08-27 20:25:03,628 [b5b9165f-6528-4062-9715-63d706d5309e-groupManagement] INFO  segmented.SegmentedRaftLogWorker (SegmentedRaftLogWorker.java:lambda$new$0(135)) - b5b9165f-6528-4062-9715-63d706d5309e@group-A133DE54D1F1-SegmentedRaftLogWorker: safeCacheEvictIndex: setUnconditionally 0 -> -1
2024-08-27 20:25:03,628 [b5b9165f-6528-4062-9715-63d706d5309e-groupManagement] INFO  server.RaftServer$Division (RaftServerImpl.java:start(389)) - b5b9165f-6528-4062-9715-63d706d5309e@group-A133DE54D1F1: start as a follower, conf=conf: {index: -1, cur=peers:[b5b9165f-6528-4062-9715-63d706d5309e|127.0.0.1:15012, d758e0a9-c5a1-4fd4-978f-3629e4af057b|127.0.0.1:15021, 9d1f9f5c-07b4-413f-b8b0-69aa045119d7|127.0.0.1:15030]|listeners:[], old=null}
2024-08-27 20:25:03,628 [b5b9165f-6528-4062-9715-63d706d5309e-groupManagement] INFO  server.RaftServer$Division (RaftServerImpl.java:setRole(376)) - b5b9165f-6528-4062-9715-63d706d5309e@group-A133DE54D1F1: changes role from      null to FOLLOWER at term 0 for startAsFollower
2024-08-27 20:25:03,629 [b5b9165f-6528-4062-9715-63d706d5309e-groupManagement] INFO  impl.RoleInfo (RoleInfo.java:updateAndGet(148)) - b5b9165f-6528-4062-9715-63d706d5309e: start b5b9165f-6528-4062-9715-63d706d5309e@group-A133DE54D1F1-FollowerState
2024-08-27 20:25:03,629 [b5b9165f-6528-4062-9715-63d706d5309e@group-A133DE54D1F1-FollowerState] INFO  server.RaftServerConfigKeys (ConfUtils.java:logFallback(53)) - raft.server.rpc.first-election.timeout.min = 5s (fallback to raft.server.rpc.timeout.min)
2024-08-27 20:25:03,629 [b5b9165f-6528-4062-9715-63d706d5309e-groupManagement] INFO  util.JmxRegister (JmxRegister.java:tryRegister(44)) - Successfully registered JMX Bean with object name Ratis:service=RaftServer,group=group-A133DE54D1F1,id=b5b9165f-6528-4062-9715-63d706d5309e
2024-08-27 20:25:03,629 [b5b9165f-6528-4062-9715-63d706d5309e-groupManagement] INFO  util.JmxRegister (JmxRegister.java:register(58)) - register mxBean class org.apache.ratis.server.impl.RaftServerJmxAdapter as Ratis:service=RaftServer,group=group-A133DE54D1F1,id=b5b9165f-6528-4062-9715-63d706d5309e
2024-08-27 20:25:03,629 [b5b9165f-6528-4062-9715-63d706d5309e-groupManagement] INFO  server.RaftServerConfigKeys (ConfUtils.java:logGet(46)) - raft.server.snapshot.trigger-when-stop.enabled = true (default)
2024-08-27 20:25:03,629 [b5b9165f-6528-4062-9715-63d706d5309e-groupManagement] INFO  server.RaftServerConfigKeys (ConfUtils.java:logGet(46)) - raft.server.snapshot.trigger-when-remove.enabled = true (default)
2024-08-27 20:25:03,629 [b5b9165f-6528-4062-9715-63d706d5309e-groupManagement] INFO  server.RaftServerConfigKeys (ConfUtils.java:logGet(46)) - raft.server.snapshot.auto.trigger.enabled = true (custom)
2024-08-27 20:25:03,629 [b5b9165f-6528-4062-9715-63d706d5309e-groupManagement] INFO  server.RaftServerConfigKeys (ConfUtils.java:logGet(46)) - raft.server.snapshot.auto.trigger.threshold = 10000 (custom)
2024-08-27 20:25:03,630 [b5b9165f-6528-4062-9715-63d706d5309e-groupManagement] INFO  server.RaftServerConfigKeys (ConfUtils.java:logGet(46)) - raft.server.snapshot.retention.file.num = 5 (custom)
2024-08-27 20:25:03,630 [b5b9165f-6528-4062-9715-63d706d5309e-groupManagement] INFO  server.RaftServerConfigKeys (ConfUtils.java:logGet(46)) - raft.server.log.purge.upto.snapshot.index = false (default)
2024-08-27 20:25:03,630 [b5b9165f-6528-4062-9715-63d706d5309e@group-A133DE54D1F1-FollowerState] INFO  server.RaftServerConfigKeys (ConfUtils.java:logFallback(53)) - raft.server.rpc.first-election.timeout.max = 5200ms (fallback to raft.server.rpc.timeout.max)
2024-08-27 20:25:03,631 [b5b9165f-6528-4062-9715-63d706d5309e-PipelineCommandHandlerThread-0] INFO  ratis.XceiverServerRatis (XceiverServerRatis.java:addGroup(849)) - Created group PipelineID=72884548-1830-4112-954e-a133de54d1f1
2024-08-27 20:25:03,882 [grpc-default-executor-0] INFO  server.RaftServer (RaftServerProxy.java:addNew(101)) - 9d1f9f5c-07b4-413f-b8b0-69aa045119d7: addNew group-A133DE54D1F1:[b5b9165f-6528-4062-9715-63d706d5309e|127.0.0.1:15012, d758e0a9-c5a1-4fd4-978f-3629e4af057b|127.0.0.1:15021, 9d1f9f5c-07b4-413f-b8b0-69aa045119d7|127.0.0.1:15030] returns group-A133DE54D1F1:java.util.concurrent.CompletableFuture@4eba8860[Not completed]
2024-08-27 20:25:03,887 [9d1f9f5c-07b4-413f-b8b0-69aa045119d7-groupManagement] INFO  server.RaftServer$Division (RaftServerImpl.java:<init>(253)) - 9d1f9f5c-07b4-413f-b8b0-69aa045119d7: new RaftServerImpl for group-A133DE54D1F1:[b5b9165f-6528-4062-9715-63d706d5309e|127.0.0.1:15012, d758e0a9-c5a1-4fd4-978f-3629e4af057b|127.0.0.1:15021, 9d1f9f5c-07b4-413f-b8b0-69aa045119d7|127.0.0.1:15030] with ContainerStateMachine:uninitialized
2024-08-27 20:25:03,888 [9d1f9f5c-07b4-413f-b8b0-69aa045119d7-groupManagement] INFO  server.RaftServerConfigKeys (ConfUtils.java:logGet(46)) - raft.server.rpc.timeout.min = 5s (custom)
2024-08-27 20:25:03,888 [9d1f9f5c-07b4-413f-b8b0-69aa045119d7-groupManagement] INFO  server.RaftServerConfigKeys (ConfUtils.java:logGet(46)) - raft.server.rpc.timeout.max = 5200ms (custom)
2024-08-27 20:25:03,889 [9d1f9f5c-07b4-413f-b8b0-69aa045119d7-groupManagement] INFO  server.RaftServerConfigKeys (ConfUtils.java:logGet(46)) - raft.server.rpc.sleep.time = 25ms (default)
2024-08-27 20:25:03,889 [9d1f9f5c-07b4-413f-b8b0-69aa045119d7-groupManagement] INFO  server.RaftServerConfigKeys (ConfUtils.java:logGet(46)) - raft.server.rpc.slowness.timeout = 300s (custom)
2024-08-27 20:25:03,890 [9d1f9f5c-07b4-413f-b8b0-69aa045119d7-groupManagement] INFO  server.RaftServerConfigKeys (ConfUtils.java:logGet(46)) - raft.server.leaderelection.leader.step-down.wait-time = 10s (default)
2024-08-27 20:25:03,890 [9d1f9f5c-07b4-413f-b8b0-69aa045119d7-groupManagement] INFO  server.RaftServerConfigKeys (ConfUtils.java:logGet(46)) - raft.server.leaderelection.member.majority-add = false (default)
2024-08-27 20:25:03,890 [9d1f9f5c-07b4-413f-b8b0-69aa045119d7-groupManagement] INFO  server.RaftServerConfigKeys (ConfUtils.java:logGet(46)) - raft.server.sleep.deviation.threshold = 300ms (default)
2024-08-27 20:25:03,891 [9d1f9f5c-07b4-413f-b8b0-69aa045119d7-groupManagement] INFO  server.RaftServer$Division (ServerState.java:<init>(114)) - 9d1f9f5c-07b4-413f-b8b0-69aa045119d7@group-A133DE54D1F1: ConfigurationManager, init=conf: {index: -1, cur=peers:[b5b9165f-6528-4062-9715-63d706d5309e|127.0.0.1:15012, d758e0a9-c5a1-4fd4-978f-3629e4af057b|127.0.0.1:15021, 9d1f9f5c-07b4-413f-b8b0-69aa045119d7|127.0.0.1:15030]|listeners:[], old=null}, confs=<EMPTY_MAP>
2024-08-27 20:25:03,891 [9d1f9f5c-07b4-413f-b8b0-69aa045119d7-groupManagement] INFO  server.RaftServerConfigKeys (ConfUtils.java:logGet(46)) - raft.server.notification.no-leader.timeout = 300s (custom)
2024-08-27 20:25:03,892 [9d1f9f5c-07b4-413f-b8b0-69aa045119d7-groupManagement] INFO  server.RaftServerConfigKeys (ConfUtils.java:logGet(46)) - raft.server.read.timeout = 10s (default)
2024-08-27 20:25:03,892 [9d1f9f5c-07b4-413f-b8b0-69aa045119d7-groupManagement] INFO  server.RaftServerConfigKeys (ConfUtils.java:logGet(46)) - raft.server.retrycache.expirytime = 600000ms (custom)
2024-08-27 20:25:03,893 [9d1f9f5c-07b4-413f-b8b0-69aa045119d7-groupManagement] INFO  server.RaftServerConfigKeys (ConfUtils.java:logGet(46)) - raft.server.retrycache.statistics.expirytime = 100ms (default)
2024-08-27 20:25:03,893 [9d1f9f5c-07b4-413f-b8b0-69aa045119d7-groupManagement] INFO  server.RaftServerConfigKeys (ConfUtils.java:logGet(46)) - raft.server.read.option = DEFAULT (default)
2024-08-27 20:25:03,894 [9d1f9f5c-07b4-413f-b8b0-69aa045119d7-groupManagement] INFO  server.RaftServerConfigKeys (ConfUtils.java:logGet(46)) - raft.server.read.read-after-write-consistent.write-index-cache.expiry-time = 60s (default)
2024-08-27 20:25:03,899 [9d1f9f5c-07b4-413f-b8b0-69aa045119d7-groupManagement] INFO  server.RaftServerConfigKeys (ConfUtils.java:logGet(46)) - raft.server.rpc.request.timeout = 60s (custom)
2024-08-27 20:25:03,900 [9d1f9f5c-07b4-413f-b8b0-69aa045119d7-groupManagement] INFO  server.RaftServerConfigKeys (ConfUtils.java:logGet(46)) - raft.server.log.appender.install.snapshot.enabled = false (custom)
2024-08-27 20:25:03,900 [9d1f9f5c-07b4-413f-b8b0-69aa045119d7-groupManagement] INFO  server.RaftServerConfigKeys (ConfUtils.java:logGet(46)) - raft.server.threadpool.server.cached = true (default)
2024-08-27 20:25:03,901 [9d1f9f5c-07b4-413f-b8b0-69aa045119d7-groupManagement] INFO  server.RaftServerConfigKeys (ConfUtils.java:logGet(46)) - raft.server.threadpool.server.size = 0 (default)
2024-08-27 20:25:03,901 [9d1f9f5c-07b4-413f-b8b0-69aa045119d7-groupManagement] INFO  server.RaftServerConfigKeys (ConfUtils.java:logGet(46)) - raft.server.threadpool.client.cached = true (default)
2024-08-27 20:25:03,902 [9d1f9f5c-07b4-413f-b8b0-69aa045119d7-groupManagement] INFO  server.RaftServerConfigKeys (ConfUtils.java:logGet(46)) - raft.server.threadpool.client.size = 0 (default)
2024-08-27 20:25:03,902 [9d1f9f5c-07b4-413f-b8b0-69aa045119d7-groupManagement] INFO  server.RaftServerConfigKeys (ConfUtils.java:logGet(46)) - raft.server.storage.free-space.min = 0MB (=0) (default)
2024-08-27 20:25:03,902 [9d1f9f5c-07b4-413f-b8b0-69aa045119d7-groupManagement] INFO  server.RaftServerConfigKeys (ConfUtils.java:logGet(46)) - raft.server.log.corruption.policy = EXCEPTION (default)
2024-08-27 20:25:03,903 [9d1f9f5c-07b4-413f-b8b0-69aa045119d7-groupManagement] INFO  server.RaftServerConfigKeys (ConfUtils.java:logGet(46)) - raft.server.storage.dir = [/home/runner/work/ozone/ozone/hadoop-ozone/integration-test/target/test-dir/MiniOzoneClusterImpl-2855d785-c18f-47a1-bcca-44ce8ce60223/ozone-meta/datanode-3/ratis] (custom)
2024-08-27 20:25:03,903 [9d1f9f5c-07b4-413f-b8b0-69aa045119d7-groupManagement] INFO  storage.RaftStorageDirectory (RaftStorageDirectoryImpl.java:analyzeStorage(138)) - The storage directory /home/runner/work/ozone/ozone/hadoop-ozone/integration-test/target/test-dir/MiniOzoneClusterImpl-2855d785-c18f-47a1-bcca-44ce8ce60223/ozone-meta/datanode-3/ratis/72884548-1830-4112-954e-a133de54d1f1 does not exist. Creating ...
2024-08-27 20:25:03,905 [9d1f9f5c-07b4-413f-b8b0-69aa045119d7-groupManagement] INFO  storage.RaftStorageDirectory (RaftStorageDirectoryImpl.java:tryLock(229)) - Lock on /home/runner/work/ozone/ozone/hadoop-ozone/integration-test/target/test-dir/MiniOzoneClusterImpl-2855d785-c18f-47a1-bcca-44ce8ce60223/ozone-meta/datanode-3/ratis/72884548-1830-4112-954e-a133de54d1f1/in_use.lock acquired by nodename 43194@fv-az884-737
2024-08-27 20:25:03,906 [9d1f9f5c-07b4-413f-b8b0-69aa045119d7-groupManagement] INFO  storage.RaftStorage (RaftStorageImpl.java:format(98)) - Storage directory /home/runner/work/ozone/ozone/hadoop-ozone/integration-test/target/test-dir/MiniOzoneClusterImpl-2855d785-c18f-47a1-bcca-44ce8ce60223/ozone-meta/datanode-3/ratis/72884548-1830-4112-954e-a133de54d1f1 has been successfully formatted.
2024-08-27 20:25:03,907 [9d1f9f5c-07b4-413f-b8b0-69aa045119d7-groupManagement] INFO  ratis.ContainerStateMachine (ContainerStateMachine.java:loadSnapshot(295)) - group-A133DE54D1F1: The snapshot info is null. Setting the last applied index to:(t:0, i:~)
2024-08-27 20:25:03,908 [9d1f9f5c-07b4-413f-b8b0-69aa045119d7-groupManagement] INFO  server.RaftServerConfigKeys (ConfUtils.java:logGet(46)) - raft.server.log.use.memory = false (default)
2024-08-27 20:25:03,908 [9d1f9f5c-07b4-413f-b8b0-69aa045119d7-groupManagement] INFO  server.RaftServerConfigKeys (ConfUtils.java:logGet(46)) - raft.server.log.purge.gap = 1000000 (custom)
2024-08-27 20:25:03,909 [9d1f9f5c-07b4-413f-b8b0-69aa045119d7-groupManagement] INFO  server.RaftServerConfigKeys (ConfUtils.java:logGet(46)) - raft.server.log.appender.buffer.byte-limit = 8388608 (custom)
2024-08-27 20:25:03,909 [9d1f9f5c-07b4-413f-b8b0-69aa045119d7-groupManagement] INFO  server.RaftServerConfigKeys (ConfUtils.java:logGet(46)) - raft.server.log.statemachine.data.read.timeout = 1000ms (default)
2024-08-27 20:25:03,909 [9d1f9f5c-07b4-413f-b8b0-69aa045119d7-groupManagement] INFO  server.RaftServerConfigKeys (ConfUtils.java:logGet(46)) - raft.server.log.purge.preservation.log.num = 0 (default)
2024-08-27 20:25:03,913 [9d1f9f5c-07b4-413f-b8b0-69aa045119d7-groupManagement] INFO  server.RaftServerConfigKeys (ConfUtils.java:logGet(46)) - raft.server.log.segment.size.max = 67108864 (custom)
2024-08-27 20:25:03,915 [9d1f9f5c-07b4-413f-b8b0-69aa045119d7-groupManagement] INFO  server.RaftServerConfigKeys (ConfUtils.java:logGet(46)) - raft.server.log.segment.cache.num.max = 2 (custom)
2024-08-27 20:25:03,916 [9d1f9f5c-07b4-413f-b8b0-69aa045119d7-groupManagement] INFO  server.RaftServerConfigKeys (ConfUtils.java:logGet(46)) - raft.server.log.segment.cache.size.max = 200MB (=209715200) (default)
2024-08-27 20:25:03,916 [9d1f9f5c-07b4-413f-b8b0-69aa045119d7-groupManagement] INFO  server.RaftServerConfigKeys (ConfUtils.java:logGet(46)) - raft.server.log.appender.buffer.byte-limit = 8388608 (custom)
2024-08-27 20:25:03,917 [9d1f9f5c-07b4-413f-b8b0-69aa045119d7-groupManagement] INFO  util.AwaitToRun (AwaitToRun.java:start(81)) - Thread[9d1f9f5c-07b4-413f-b8b0-69aa045119d7@group-A133DE54D1F1-cacheEviction-AwaitToRun,5,main] started
2024-08-27 20:25:03,917 [9d1f9f5c-07b4-413f-b8b0-69aa045119d7-groupManagement] INFO  segmented.SegmentedRaftLogWorker (SegmentedRaftLogWorker.java:<init>(184)) - new 9d1f9f5c-07b4-413f-b8b0-69aa045119d7@group-A133DE54D1F1-SegmentedRaftLogWorker for RaftStorageImpl:Storage Directory /home/runner/work/ozone/ozone/hadoop-ozone/integration-test/target/test-dir/MiniOzoneClusterImpl-2855d785-c18f-47a1-bcca-44ce8ce60223/ozone-meta/datanode-3/ratis/72884548-1830-4112-954e-a133de54d1f1
2024-08-27 20:25:03,918 [9d1f9f5c-07b4-413f-b8b0-69aa045119d7-groupManagement] INFO  server.RaftServerConfigKeys (ConfUtils.java:logGet(46)) - raft.server.log.queue.byte-limit = 4294967296 (custom)
2024-08-27 20:25:03,918 [9d1f9f5c-07b4-413f-b8b0-69aa045119d7-groupManagement] INFO  server.RaftServerConfigKeys (ConfUtils.java:logGet(46)) - raft.server.log.queue.element-limit = 1024 (custom)
2024-08-27 20:25:03,919 [9d1f9f5c-07b4-413f-b8b0-69aa045119d7-groupManagement] INFO  server.RaftServerConfigKeys (ConfUtils.java:logGet(46)) - raft.server.log.segment.size.max = 67108864 (custom)
2024-08-27 20:25:03,919 [9d1f9f5c-07b4-413f-b8b0-69aa045119d7-groupManagement] INFO  server.RaftServerConfigKeys (ConfUtils.java:logGet(46)) - raft.server.log.preallocated.size = 4194304 (custom)
2024-08-27 20:25:03,920 [9d1f9f5c-07b4-413f-b8b0-69aa045119d7-groupManagement] INFO  server.RaftServerConfigKeys (ConfUtils.java:logGet(46)) - raft.server.log.force.sync.num = 128 (default)
2024-08-27 20:25:03,920 [9d1f9f5c-07b4-413f-b8b0-69aa045119d7-groupManagement] INFO  server.RaftServerConfigKeys (ConfUtils.java:logGet(46)) - raft.server.log.statemachine.data.sync = true (default)
2024-08-27 20:25:03,921 [9d1f9f5c-07b4-413f-b8b0-69aa045119d7-groupManagement] INFO  server.RaftServerConfigKeys (ConfUtils.java:logGet(46)) - raft.server.log.statemachine.data.sync.timeout = 10s (default)
2024-08-27 20:25:03,921 [9d1f9f5c-07b4-413f-b8b0-69aa045119d7-groupManagement] INFO  server.RaftServerConfigKeys (ConfUtils.java:logGet(46)) - raft.server.log.statemachine.data.sync.timeout.retry = 30 (custom)
2024-08-27 20:25:03,922 [9d1f9f5c-07b4-413f-b8b0-69aa045119d7-groupManagement] INFO  server.RaftServerConfigKeys (ConfUtils.java:logGet(46)) - raft.server.log.write.buffer.size = 8388616 (custom)
2024-08-27 20:25:03,924 [9d1f9f5c-07b4-413f-b8b0-69aa045119d7-groupManagement] INFO  server.RaftServerConfigKeys (ConfUtils.java:logGet(46)) - raft.server.log.appender.buffer.byte-limit = 8388608 (custom)
2024-08-27 20:25:03,924 [9d1f9f5c-07b4-413f-b8b0-69aa045119d7-groupManagement] INFO  server.RaftServerConfigKeys (ConfUtils.java:logGet(46)) - raft.server.log.unsafe-flush.enabled = false (default)
2024-08-27 20:25:03,925 [9d1f9f5c-07b4-413f-b8b0-69aa045119d7-groupManagement] INFO  server.RaftServerConfigKeys (ConfUtils.java:logGet(46)) - raft.server.log.async-flush.enabled = false (default)
2024-08-27 20:25:03,925 [9d1f9f5c-07b4-413f-b8b0-69aa045119d7-groupManagement] INFO  server.RaftServerConfigKeys (ConfUtils.java:logGet(46)) - raft.server.log.statemachine.data.caching.enabled = true (custom)
2024-08-27 20:25:03,926 [9d1f9f5c-07b4-413f-b8b0-69aa045119d7-groupManagement] INFO  segmented.SegmentedRaftLogWorker (SegmentedRaftLogWorker.java:lambda$new$0(135)) - 9d1f9f5c-07b4-413f-b8b0-69aa045119d7@group-A133DE54D1F1-SegmentedRaftLogWorker: flushIndex: setUnconditionally 0 -> -1
2024-08-27 20:25:03,926 [9d1f9f5c-07b4-413f-b8b0-69aa045119d7-groupManagement] INFO  segmented.SegmentedRaftLogWorker (SegmentedRaftLogWorker.java:lambda$new$0(135)) - 9d1f9f5c-07b4-413f-b8b0-69aa045119d7@group-A133DE54D1F1-SegmentedRaftLogWorker: safeCacheEvictIndex: setUnconditionally 0 -> -1
2024-08-27 20:25:03,927 [9d1f9f5c-07b4-413f-b8b0-69aa045119d7-groupManagement] INFO  server.RaftServer$Division (RaftServerImpl.java:start(389)) - 9d1f9f5c-07b4-413f-b8b0-69aa045119d7@group-A133DE54D1F1: start as a follower, conf=conf: {index: -1, cur=peers:[b5b9165f-6528-4062-9715-63d706d5309e|127.0.0.1:15012, d758e0a9-c5a1-4fd4-978f-3629e4af057b|127.0.0.1:15021, 9d1f9f5c-07b4-413f-b8b0-69aa045119d7|127.0.0.1:15030]|listeners:[], old=null}
2024-08-27 20:25:03,927 [9d1f9f5c-07b4-413f-b8b0-69aa045119d7-groupManagement] INFO  server.RaftServer$Division (RaftServerImpl.java:setRole(376)) - 9d1f9f5c-07b4-413f-b8b0-69aa045119d7@group-A133DE54D1F1: changes role from      null to FOLLOWER at term 0 for startAsFollower
2024-08-27 20:25:03,927 [9d1f9f5c-07b4-413f-b8b0-69aa045119d7-groupManagement] INFO  impl.RoleInfo (RoleInfo.java:updateAndGet(148)) - 9d1f9f5c-07b4-413f-b8b0-69aa045119d7: start 9d1f9f5c-07b4-413f-b8b0-69aa045119d7@group-A133DE54D1F1-FollowerState
2024-08-27 20:25:03,928 [9d1f9f5c-07b4-413f-b8b0-69aa045119d7@group-A133DE54D1F1-FollowerState] INFO  server.RaftServerConfigKeys (ConfUtils.java:logFallback(53)) - raft.server.rpc.first-election.timeout.min = 5s (fallback to raft.server.rpc.timeout.min)
2024-08-27 20:25:03,928 [9d1f9f5c-07b4-413f-b8b0-69aa045119d7@group-A133DE54D1F1-FollowerState] INFO  server.RaftServerConfigKeys (ConfUtils.java:logFallback(53)) - raft.server.rpc.first-election.timeout.max = 5200ms (fallback to raft.server.rpc.timeout.max)
2024-08-27 20:25:03,928 [9d1f9f5c-07b4-413f-b8b0-69aa045119d7-groupManagement] INFO  util.JmxRegister (JmxRegister.java:tryRegister(44)) - Successfully registered JMX Bean with object name Ratis:service=RaftServer,group=group-A133DE54D1F1,id=9d1f9f5c-07b4-413f-b8b0-69aa045119d7
2024-08-27 20:25:03,929 [9d1f9f5c-07b4-413f-b8b0-69aa045119d7-groupManagement] INFO  util.JmxRegister (JmxRegister.java:register(58)) - register mxBean class org.apache.ratis.server.impl.RaftServerJmxAdapter as Ratis:service=RaftServer,group=group-A133DE54D1F1,id=9d1f9f5c-07b4-413f-b8b0-69aa045119d7
2024-08-27 20:25:03,929 [9d1f9f5c-07b4-413f-b8b0-69aa045119d7-groupManagement] INFO  server.RaftServerConfigKeys (ConfUtils.java:logGet(46)) - raft.server.snapshot.trigger-when-stop.enabled = true (default)
2024-08-27 20:25:03,929 [9d1f9f5c-07b4-413f-b8b0-69aa045119d7-groupManagement] INFO  server.RaftServerConfigKeys (ConfUtils.java:logGet(46)) - raft.server.snapshot.trigger-when-remove.enabled = true (default)
2024-08-27 20:25:03,929 [9d1f9f5c-07b4-413f-b8b0-69aa045119d7-groupManagement] INFO  server.RaftServerConfigKeys (ConfUtils.java:logGet(46)) - raft.server.snapshot.auto.trigger.enabled = true (custom)
2024-08-27 20:25:03,929 [9d1f9f5c-07b4-413f-b8b0-69aa045119d7-groupManagement] INFO  server.RaftServerConfigKeys (ConfUtils.java:logGet(46)) - raft.server.snapshot.auto.trigger.threshold = 10000 (custom)
2024-08-27 20:25:03,929 [9d1f9f5c-07b4-413f-b8b0-69aa045119d7-groupManagement] INFO  server.RaftServerConfigKeys (ConfUtils.java:logGet(46)) - raft.server.snapshot.retention.file.num = 5 (custom)
2024-08-27 20:25:03,929 [9d1f9f5c-07b4-413f-b8b0-69aa045119d7-groupManagement] INFO  server.RaftServerConfigKeys (ConfUtils.java:logGet(46)) - raft.server.log.purge.upto.snapshot.index = false (default)
2024-08-27 20:25:03,980 [grpc-default-executor-0] INFO  server.RaftServer (RaftServerProxy.java:addNew(101)) - d758e0a9-c5a1-4fd4-978f-3629e4af057b: addNew group-A133DE54D1F1:[b5b9165f-6528-4062-9715-63d706d5309e|127.0.0.1:15012, d758e0a9-c5a1-4fd4-978f-3629e4af057b|127.0.0.1:15021, 9d1f9f5c-07b4-413f-b8b0-69aa045119d7|127.0.0.1:15030] returns group-A133DE54D1F1:java.util.concurrent.CompletableFuture@1b80f953[Not completed]
2024-08-27 20:25:03,983 [d758e0a9-c5a1-4fd4-978f-3629e4af057b-groupManagement] INFO  server.RaftServer$Division (RaftServerImpl.java:<init>(253)) - d758e0a9-c5a1-4fd4-978f-3629e4af057b: new RaftServerImpl for group-A133DE54D1F1:[b5b9165f-6528-4062-9715-63d706d5309e|127.0.0.1:15012, d758e0a9-c5a1-4fd4-978f-3629e4af057b|127.0.0.1:15021, 9d1f9f5c-07b4-413f-b8b0-69aa045119d7|127.0.0.1:15030] with ContainerStateMachine:uninitialized
2024-08-27 20:25:03,983 [d758e0a9-c5a1-4fd4-978f-3629e4af057b-groupManagement] INFO  server.RaftServerConfigKeys (ConfUtils.java:logGet(46)) - raft.server.rpc.timeout.min = 5s (custom)
2024-08-27 20:25:03,983 [d758e0a9-c5a1-4fd4-978f-3629e4af057b-groupManagement] INFO  server.RaftServerConfigKeys (ConfUtils.java:logGet(46)) - raft.server.rpc.timeout.max = 5200ms (custom)
2024-08-27 20:25:03,983 [d758e0a9-c5a1-4fd4-978f-3629e4af057b-groupManagement] INFO  server.RaftServerConfigKeys (ConfUtils.java:logGet(46)) - raft.server.rpc.sleep.time = 25ms (default)
2024-08-27 20:25:03,983 [d758e0a9-c5a1-4fd4-978f-3629e4af057b-groupManagement] INFO  server.RaftServerConfigKeys (ConfUtils.java:logGet(46)) - raft.server.rpc.slowness.timeout = 300s (custom)
2024-08-27 20:25:03,983 [d758e0a9-c5a1-4fd4-978f-3629e4af057b-groupManagement] INFO  server.RaftServerConfigKeys (ConfUtils.java:logGet(46)) - raft.server.leaderelection.leader.step-down.wait-time = 10s (default)
2024-08-27 20:25:03,983 [d758e0a9-c5a1-4fd4-978f-3629e4af057b-groupManagement] INFO  server.RaftServerConfigKeys (ConfUtils.java:logGet(46)) - raft.server.leaderelection.member.majority-add = false (default)
2024-08-27 20:25:03,983 [d758e0a9-c5a1-4fd4-978f-3629e4af057b-groupManagement] INFO  server.RaftServerConfigKeys (ConfUtils.java:logGet(46)) - raft.server.sleep.deviation.threshold = 300ms (default)
2024-08-27 20:25:03,984 [d758e0a9-c5a1-4fd4-978f-3629e4af057b-groupManagement] INFO  server.RaftServer$Division (ServerState.java:<init>(114)) - d758e0a9-c5a1-4fd4-978f-3629e4af057b@group-A133DE54D1F1: ConfigurationManager, init=conf: {index: -1, cur=peers:[b5b9165f-6528-4062-9715-63d706d5309e|127.0.0.1:15012, d758e0a9-c5a1-4fd4-978f-3629e4af057b|127.0.0.1:15021, 9d1f9f5c-07b4-413f-b8b0-69aa045119d7|127.0.0.1:15030]|listeners:[], old=null}, confs=<EMPTY_MAP>
2024-08-27 20:25:03,984 [d758e0a9-c5a1-4fd4-978f-3629e4af057b-groupManagement] INFO  server.RaftServerConfigKeys (ConfUtils.java:logGet(46)) - raft.server.notification.no-leader.timeout = 300s (custom)
2024-08-27 20:25:03,984 [d758e0a9-c5a1-4fd4-978f-3629e4af057b-groupManagement] INFO  server.RaftServerConfigKeys (ConfUtils.java:logGet(46)) - raft.server.read.timeout = 10s (default)
2024-08-27 20:25:03,984 [d758e0a9-c5a1-4fd4-978f-3629e4af057b-groupManagement] INFO  server.RaftServerConfigKeys (ConfUtils.java:logGet(46)) - raft.server.retrycache.expirytime = 600000ms (custom)
2024-08-27 20:25:03,984 [d758e0a9-c5a1-4fd4-978f-3629e4af057b-groupManagement] INFO  server.RaftServerConfigKeys (ConfUtils.java:logGet(46)) - raft.server.retrycache.statistics.expirytime = 100ms (default)
2024-08-27 20:25:03,984 [d758e0a9-c5a1-4fd4-978f-3629e4af057b-groupManagement] INFO  server.RaftServerConfigKeys (ConfUtils.java:logGet(46)) - raft.server.read.option = DEFAULT (default)
2024-08-27 20:25:03,984 [d758e0a9-c5a1-4fd4-978f-3629e4af057b-groupManagement] INFO  server.RaftServerConfigKeys (ConfUtils.java:logGet(46)) - raft.server.read.read-after-write-consistent.write-index-cache.expiry-time = 60s (default)
2024-08-27 20:25:03,990 [d758e0a9-c5a1-4fd4-978f-3629e4af057b-groupManagement] INFO  server.RaftServerConfigKeys (ConfUtils.java:logGet(46)) - raft.server.rpc.request.timeout = 60s (custom)
2024-08-27 20:25:03,990 [d758e0a9-c5a1-4fd4-978f-3629e4af057b-groupManagement] INFO  server.RaftServerConfigKeys (ConfUtils.java:logGet(46)) - raft.server.log.appender.install.snapshot.enabled = false (custom)
2024-08-27 20:25:03,990 [d758e0a9-c5a1-4fd4-978f-3629e4af057b-groupManagement] INFO  server.RaftServerConfigKeys (ConfUtils.java:logGet(46)) - raft.server.threadpool.server.cached = true (default)
2024-08-27 20:25:03,990 [d758e0a9-c5a1-4fd4-978f-3629e4af057b-groupManagement] INFO  server.RaftServerConfigKeys (ConfUtils.java:logGet(46)) - raft.server.threadpool.server.size = 0 (default)
2024-08-27 20:25:03,990 [d758e0a9-c5a1-4fd4-978f-3629e4af057b-groupManagement] INFO  server.RaftServerConfigKeys (ConfUtils.java:logGet(46)) - raft.server.threadpool.client.cached = true (default)
2024-08-27 20:25:03,990 [d758e0a9-c5a1-4fd4-978f-3629e4af057b-groupManagement] INFO  server.RaftServerConfigKeys (ConfUtils.java:logGet(46)) - raft.server.threadpool.client.size = 0 (default)
2024-08-27 20:25:03,990 [d758e0a9-c5a1-4fd4-978f-3629e4af057b-groupManagement] INFO  server.RaftServerConfigKeys (ConfUtils.java:logGet(46)) - raft.server.storage.free-space.min = 0MB (=0) (default)
2024-08-27 20:25:03,991 [d758e0a9-c5a1-4fd4-978f-3629e4af057b-groupManagement] INFO  server.RaftServerConfigKeys (ConfUtils.java:logGet(46)) - raft.server.log.corruption.policy = EXCEPTION (default)
2024-08-27 20:25:03,991 [d758e0a9-c5a1-4fd4-978f-3629e4af057b-groupManagement] INFO  server.RaftServerConfigKeys (ConfUtils.java:logGet(46)) - raft.server.storage.dir = [/home/runner/work/ozone/ozone/hadoop-ozone/integration-test/target/test-dir/MiniOzoneClusterImpl-2855d785-c18f-47a1-bcca-44ce8ce60223/ozone-meta/datanode-2/ratis] (custom)
2024-08-27 20:25:03,991 [d758e0a9-c5a1-4fd4-978f-3629e4af057b-groupManagement] INFO  storage.RaftStorageDirectory (RaftStorageDirectoryImpl.java:analyzeStorage(138)) - The storage directory /home/runner/work/ozone/ozone/hadoop-ozone/integration-test/target/test-dir/MiniOzoneClusterImpl-2855d785-c18f-47a1-bcca-44ce8ce60223/ozone-meta/datanode-2/ratis/72884548-1830-4112-954e-a133de54d1f1 does not exist. Creating ...
2024-08-27 20:25:03,995 [d758e0a9-c5a1-4fd4-978f-3629e4af057b-groupManagement] INFO  storage.RaftStorageDirectory (RaftStorageDirectoryImpl.java:tryLock(229)) - Lock on /home/runner/work/ozone/ozone/hadoop-ozone/integration-test/target/test-dir/MiniOzoneClusterImpl-2855d785-c18f-47a1-bcca-44ce8ce60223/ozone-meta/datanode-2/ratis/72884548-1830-4112-954e-a133de54d1f1/in_use.lock acquired by nodename 43194@fv-az884-737
2024-08-27 20:25:03,997 [d758e0a9-c5a1-4fd4-978f-3629e4af057b-groupManagement] INFO  storage.RaftStorage (RaftStorageImpl.java:format(98)) - Storage directory /home/runner/work/ozone/ozone/hadoop-ozone/integration-test/target/test-dir/MiniOzoneClusterImpl-2855d785-c18f-47a1-bcca-44ce8ce60223/ozone-meta/datanode-2/ratis/72884548-1830-4112-954e-a133de54d1f1 has been successfully formatted.
2024-08-27 20:25:03,998 [d758e0a9-c5a1-4fd4-978f-3629e4af057b-groupManagement] INFO  ratis.ContainerStateMachine (ContainerStateMachine.java:loadSnapshot(295)) - group-A133DE54D1F1: The snapshot info is null. Setting the last applied index to:(t:0, i:~)
2024-08-27 20:25:03,998 [d758e0a9-c5a1-4fd4-978f-3629e4af057b-groupManagement] INFO  server.RaftServerConfigKeys (ConfUtils.java:logGet(46)) - raft.server.log.use.memory = false (default)
2024-08-27 20:25:03,998 [d758e0a9-c5a1-4fd4-978f-3629e4af057b-groupManagement] INFO  server.RaftServerConfigKeys (ConfUtils.java:logGet(46)) - raft.server.log.purge.gap = 1000000 (custom)
2024-08-27 20:25:03,998 [d758e0a9-c5a1-4fd4-978f-3629e4af057b-groupManagement] INFO  server.RaftServerConfigKeys (ConfUtils.java:logGet(46)) - raft.server.log.appender.buffer.byte-limit = 8388608 (custom)
2024-08-27 20:25:03,998 [d758e0a9-c5a1-4fd4-978f-3629e4af057b-groupManagement] INFO  server.RaftServerConfigKeys (ConfUtils.java:logGet(46)) - raft.server.log.statemachine.data.read.timeout = 1000ms (default)
2024-08-27 20:25:03,998 [d758e0a9-c5a1-4fd4-978f-3629e4af057b-groupManagement] INFO  server.RaftServerConfigKeys (ConfUtils.java:logGet(46)) - raft.server.log.purge.preservation.log.num = 0 (default)
2024-08-27 20:25:04,004 [d758e0a9-c5a1-4fd4-978f-3629e4af057b-groupManagement] INFO  server.RaftServerConfigKeys (ConfUtils.java:logGet(46)) - raft.server.log.segment.size.max = 67108864 (custom)
2024-08-27 20:25:04,005 [d758e0a9-c5a1-4fd4-978f-3629e4af057b-groupManagement] INFO  server.RaftServerConfigKeys (ConfUtils.java:logGet(46)) - raft.server.log.segment.cache.num.max = 2 (custom)
2024-08-27 20:25:04,005 [d758e0a9-c5a1-4fd4-978f-3629e4af057b-groupManagement] INFO  server.RaftServerConfigKeys (ConfUtils.java:logGet(46)) - raft.server.log.segment.cache.size.max = 200MB (=209715200) (default)
2024-08-27 20:25:04,005 [d758e0a9-c5a1-4fd4-978f-3629e4af057b-groupManagement] INFO  server.RaftServerConfigKeys (ConfUtils.java:logGet(46)) - raft.server.log.appender.buffer.byte-limit = 8388608 (custom)
2024-08-27 20:25:04,010 [d758e0a9-c5a1-4fd4-978f-3629e4af057b-groupManagement] INFO  util.AwaitToRun (AwaitToRun.java:start(81)) - Thread[d758e0a9-c5a1-4fd4-978f-3629e4af057b@group-A133DE54D1F1-cacheEviction-AwaitToRun,5,main] started
2024-08-27 20:25:04,010 [d758e0a9-c5a1-4fd4-978f-3629e4af057b-groupManagement] INFO  segmented.SegmentedRaftLogWorker (SegmentedRaftLogWorker.java:<init>(184)) - new d758e0a9-c5a1-4fd4-978f-3629e4af057b@group-A133DE54D1F1-SegmentedRaftLogWorker for RaftStorageImpl:Storage Directory /home/runner/work/ozone/ozone/hadoop-ozone/integration-test/target/test-dir/MiniOzoneClusterImpl-2855d785-c18f-47a1-bcca-44ce8ce60223/ozone-meta/datanode-2/ratis/72884548-1830-4112-954e-a133de54d1f1
2024-08-27 20:25:04,010 [d758e0a9-c5a1-4fd4-978f-3629e4af057b-groupManagement] INFO  server.RaftServerConfigKeys (ConfUtils.java:logGet(46)) - raft.server.log.queue.byte-limit = 4294967296 (custom)
2024-08-27 20:25:04,010 [d758e0a9-c5a1-4fd4-978f-3629e4af057b-groupManagement] INFO  server.RaftServerConfigKeys (ConfUtils.java:logGet(46)) - raft.server.log.queue.element-limit = 1024 (custom)
2024-08-27 20:25:04,011 [d758e0a9-c5a1-4fd4-978f-3629e4af057b-groupManagement] INFO  server.RaftServerConfigKeys (ConfUtils.java:logGet(46)) - raft.server.log.segment.size.max = 67108864 (custom)
2024-08-27 20:25:04,011 [d758e0a9-c5a1-4fd4-978f-3629e4af057b-groupManagement] INFO  server.RaftServerConfigKeys (ConfUtils.java:logGet(46)) - raft.server.log.preallocated.size = 4194304 (custom)
2024-08-27 20:25:04,011 [d758e0a9-c5a1-4fd4-978f-3629e4af057b-groupManagement] INFO  server.RaftServerConfigKeys (ConfUtils.java:logGet(46)) - raft.server.log.force.sync.num = 128 (default)
2024-08-27 20:25:04,011 [d758e0a9-c5a1-4fd4-978f-3629e4af057b-groupManagement] INFO  server.RaftServerConfigKeys (ConfUtils.java:logGet(46)) - raft.server.log.statemachine.data.sync = true (default)
2024-08-27 20:25:04,011 [d758e0a9-c5a1-4fd4-978f-3629e4af057b-groupManagement] INFO  server.RaftServerConfigKeys (ConfUtils.java:logGet(46)) - raft.server.log.statemachine.data.sync.timeout = 10s (default)
2024-08-27 20:25:04,011 [d758e0a9-c5a1-4fd4-978f-3629e4af057b-groupManagement] INFO  server.RaftServerConfigKeys (ConfUtils.java:logGet(46)) - raft.server.log.statemachine.data.sync.timeout.retry = 30 (custom)
2024-08-27 20:25:04,011 [d758e0a9-c5a1-4fd4-978f-3629e4af057b-groupManagement] INFO  server.RaftServerConfigKeys (ConfUtils.java:logGet(46)) - raft.server.log.write.buffer.size = 8388616 (custom)
2024-08-27 20:25:04,014 [d758e0a9-c5a1-4fd4-978f-3629e4af057b-groupManagement] INFO  server.RaftServerConfigKeys (ConfUtils.java:logGet(46)) - raft.server.log.appender.buffer.byte-limit = 8388608 (custom)
2024-08-27 20:25:04,015 [d758e0a9-c5a1-4fd4-978f-3629e4af057b-groupManagement] INFO  server.RaftServerConfigKeys (ConfUtils.java:logGet(46)) - raft.server.log.unsafe-flush.enabled = false (default)
2024-08-27 20:25:04,015 [d758e0a9-c5a1-4fd4-978f-3629e4af057b-groupManagement] INFO  server.RaftServerConfigKeys (ConfUtils.java:logGet(46)) - raft.server.log.async-flush.enabled = false (default)
2024-08-27 20:25:04,015 [d758e0a9-c5a1-4fd4-978f-3629e4af057b-groupManagement] INFO  server.RaftServerConfigKeys (ConfUtils.java:logGet(46)) - raft.server.log.statemachine.data.caching.enabled = true (custom)
2024-08-27 20:25:04,015 [d758e0a9-c5a1-4fd4-978f-3629e4af057b-groupManagement] INFO  segmented.SegmentedRaftLogWorker (SegmentedRaftLogWorker.java:lambda$new$0(135)) - d758e0a9-c5a1-4fd4-978f-3629e4af057b@group-A133DE54D1F1-SegmentedRaftLogWorker: flushIndex: setUnconditionally 0 -> -1
2024-08-27 20:25:04,015 [d758e0a9-c5a1-4fd4-978f-3629e4af057b-groupManagement] INFO  segmented.SegmentedRaftLogWorker (SegmentedRaftLogWorker.java:lambda$new$0(135)) - d758e0a9-c5a1-4fd4-978f-3629e4af057b@group-A133DE54D1F1-SegmentedRaftLogWorker: safeCacheEvictIndex: setUnconditionally 0 -> -1
2024-08-27 20:25:04,017 [d758e0a9-c5a1-4fd4-978f-3629e4af057b-PipelineCommandHandlerThread-0] INFO  server.RaftServer (RaftServerProxy.java:addNew(101)) - d758e0a9-c5a1-4fd4-978f-3629e4af057b: addNew group-E69CFC028817:[d758e0a9-c5a1-4fd4-978f-3629e4af057b|127.0.0.1:15021] returns group-E69CFC028817:java.util.concurrent.CompletableFuture@271ee824[Not completed]
2024-08-27 20:25:04,018 [d758e0a9-c5a1-4fd4-978f-3629e4af057b-groupManagement] INFO  server.RaftServer$Division (RaftServerImpl.java:start(389)) - d758e0a9-c5a1-4fd4-978f-3629e4af057b@group-A133DE54D1F1: start as a follower, conf=conf: {index: -1, cur=peers:[b5b9165f-6528-4062-9715-63d706d5309e|127.0.0.1:15012, d758e0a9-c5a1-4fd4-978f-3629e4af057b|127.0.0.1:15021, 9d1f9f5c-07b4-413f-b8b0-69aa045119d7|127.0.0.1:15030]|listeners:[], old=null}
2024-08-27 20:25:04,019 [d758e0a9-c5a1-4fd4-978f-3629e4af057b-groupManagement] INFO  server.RaftServer$Division (RaftServerImpl.java:setRole(376)) - d758e0a9-c5a1-4fd4-978f-3629e4af057b@group-A133DE54D1F1: changes role from      null to FOLLOWER at term 0 for startAsFollower
2024-08-27 20:25:04,019 [d758e0a9-c5a1-4fd4-978f-3629e4af057b-groupManagement] INFO  impl.RoleInfo (RoleInfo.java:updateAndGet(148)) - d758e0a9-c5a1-4fd4-978f-3629e4af057b: start d758e0a9-c5a1-4fd4-978f-3629e4af057b@group-A133DE54D1F1-FollowerState
2024-08-27 20:25:04,022 [d758e0a9-c5a1-4fd4-978f-3629e4af057b-groupManagement] INFO  util.JmxRegister (JmxRegister.java:tryRegister(44)) - Successfully registered JMX Bean with object name Ratis:service=RaftServer,group=group-A133DE54D1F1,id=d758e0a9-c5a1-4fd4-978f-3629e4af057b
2024-08-27 20:25:04,022 [d758e0a9-c5a1-4fd4-978f-3629e4af057b-groupManagement] INFO  util.JmxRegister (JmxRegister.java:register(58)) - register mxBean class org.apache.ratis.server.impl.RaftServerJmxAdapter as Ratis:service=RaftServer,group=group-A133DE54D1F1,id=d758e0a9-c5a1-4fd4-978f-3629e4af057b
2024-08-27 20:25:04,022 [d758e0a9-c5a1-4fd4-978f-3629e4af057b-groupManagement] INFO  server.RaftServerConfigKeys (ConfUtils.java:logGet(46)) - raft.server.snapshot.trigger-when-stop.enabled = true (default)
2024-08-27 20:25:04,022 [d758e0a9-c5a1-4fd4-978f-3629e4af057b-groupManagement] INFO  server.RaftServerConfigKeys (ConfUtils.java:logGet(46)) - raft.server.snapshot.trigger-when-remove.enabled = true (default)
2024-08-27 20:25:04,023 [d758e0a9-c5a1-4fd4-978f-3629e4af057b-groupManagement] INFO  server.RaftServerConfigKeys (ConfUtils.java:logGet(46)) - raft.server.snapshot.auto.trigger.enabled = true (custom)
2024-08-27 20:25:04,023 [d758e0a9-c5a1-4fd4-978f-3629e4af057b-groupManagement] INFO  server.RaftServerConfigKeys (ConfUtils.java:logGet(46)) - raft.server.snapshot.auto.trigger.threshold = 10000 (custom)
2024-08-27 20:25:04,023 [d758e0a9-c5a1-4fd4-978f-3629e4af057b-groupManagement] INFO  server.RaftServerConfigKeys (ConfUtils.java:logGet(46)) - raft.server.snapshot.retention.file.num = 5 (custom)
2024-08-27 20:25:04,023 [d758e0a9-c5a1-4fd4-978f-3629e4af057b-groupManagement] INFO  server.RaftServerConfigKeys (ConfUtils.java:logGet(46)) - raft.server.log.purge.upto.snapshot.index = false (default)
2024-08-27 20:25:04,024 [d758e0a9-c5a1-4fd4-978f-3629e4af057b@group-A133DE54D1F1-FollowerState] INFO  server.RaftServerConfigKeys (ConfUtils.java:logFallback(53)) - raft.server.rpc.first-election.timeout.min = 5s (fallback to raft.server.rpc.timeout.min)
2024-08-27 20:25:04,025 [d758e0a9-c5a1-4fd4-978f-3629e4af057b@group-A133DE54D1F1-FollowerState] INFO  server.RaftServerConfigKeys (ConfUtils.java:logFallback(53)) - raft.server.rpc.first-election.timeout.max = 5200ms (fallback to raft.server.rpc.timeout.max)
2024-08-27 20:25:04,028 [d758e0a9-c5a1-4fd4-978f-3629e4af057b-groupManagement] INFO  server.RaftServer$Division (RaftServerImpl.java:<init>(253)) - d758e0a9-c5a1-4fd4-978f-3629e4af057b: new RaftServerImpl for group-E69CFC028817:[d758e0a9-c5a1-4fd4-978f-3629e4af057b|127.0.0.1:15021] with ContainerStateMachine:uninitialized
2024-08-27 20:25:04,029 [d758e0a9-c5a1-4fd4-978f-3629e4af057b-groupManagement] INFO  server.RaftServerConfigKeys (ConfUtils.java:logGet(46)) - raft.server.rpc.timeout.min = 5s (custom)
2024-08-27 20:25:04,029 [d758e0a9-c5a1-4fd4-978f-3629e4af057b-groupManagement] INFO  server.RaftServerConfigKeys (ConfUtils.java:logGet(46)) - raft.server.rpc.timeout.max = 5200ms (custom)
2024-08-27 20:25:04,030 [d758e0a9-c5a1-4fd4-978f-3629e4af057b-groupManagement] INFO  server.RaftServerConfigKeys (ConfUtils.java:logGet(46)) - raft.server.rpc.sleep.time = 25ms (default)
2024-08-27 20:25:04,030 [d758e0a9-c5a1-4fd4-978f-3629e4af057b-groupManagement] INFO  server.RaftServerConfigKeys (ConfUtils.java:logGet(46)) - raft.server.rpc.slowness.timeout = 300s (custom)
2024-08-27 20:25:04,031 [d758e0a9-c5a1-4fd4-978f-3629e4af057b-groupManagement] INFO  server.RaftServerConfigKeys (ConfUtils.java:logGet(46)) - raft.server.leaderelection.leader.step-down.wait-time = 10s (default)
2024-08-27 20:25:04,031 [d758e0a9-c5a1-4fd4-978f-3629e4af057b-groupManagement] INFO  server.RaftServerConfigKeys (ConfUtils.java:logGet(46)) - raft.server.leaderelection.member.majority-add = false (default)
2024-08-27 20:25:04,032 [d758e0a9-c5a1-4fd4-978f-3629e4af057b-groupManagement] INFO  server.RaftServerConfigKeys (ConfUtils.java:logGet(46)) - raft.server.sleep.deviation.threshold = 300ms (default)
2024-08-27 20:25:04,032 [d758e0a9-c5a1-4fd4-978f-3629e4af057b-groupManagement] INFO  server.RaftServer$Division (ServerState.java:<init>(114)) - d758e0a9-c5a1-4fd4-978f-3629e4af057b@group-E69CFC028817: ConfigurationManager, init=conf: {index: -1, cur=peers:[d758e0a9-c5a1-4fd4-978f-3629e4af057b|127.0.0.1:15021]|listeners:[], old=null}, confs=<EMPTY_MAP>
2024-08-27 20:25:04,032 [d758e0a9-c5a1-4fd4-978f-3629e4af057b-groupManagement] INFO  server.RaftServerConfigKeys (ConfUtils.java:logGet(46)) - raft.server.notification.no-leader.timeout = 300s (custom)
2024-08-27 20:25:04,033 [d758e0a9-c5a1-4fd4-978f-3629e4af057b-groupManagement] INFO  server.RaftServerConfigKeys (ConfUtils.java:logGet(46)) - raft.server.read.timeout = 10s (default)
2024-08-27 20:25:04,033 [d758e0a9-c5a1-4fd4-978f-3629e4af057b-groupManagement] INFO  server.RaftServerConfigKeys (ConfUtils.java:logGet(46)) - raft.server.retrycache.expirytime = 600000ms (custom)
2024-08-27 20:25:04,034 [d758e0a9-c5a1-4fd4-978f-3629e4af057b-groupManagement] INFO  server.RaftServerConfigKeys (ConfUtils.java:logGet(46)) - raft.server.retrycache.statistics.expirytime = 100ms (default)
2024-08-27 20:25:04,034 [d758e0a9-c5a1-4fd4-978f-3629e4af057b-groupManagement] INFO  server.RaftServerConfigKeys (ConfUtils.java:logGet(46)) - raft.server.read.option = DEFAULT (default)
2024-08-27 20:25:04,034 [d758e0a9-c5a1-4fd4-978f-3629e4af057b-groupManagement] INFO  server.RaftServerConfigKeys (ConfUtils.java:logGet(46)) - raft.server.read.read-after-write-consistent.write-index-cache.expiry-time = 60s (default)
2024-08-27 20:25:04,040 [d758e0a9-c5a1-4fd4-978f-3629e4af057b-groupManagement] INFO  server.RaftServerConfigKeys (ConfUtils.java:logGet(46)) - raft.server.rpc.request.timeout = 60s (custom)
2024-08-27 20:25:04,040 [d758e0a9-c5a1-4fd4-978f-3629e4af057b-groupManagement] INFO  server.RaftServerConfigKeys (ConfUtils.java:logGet(46)) - raft.server.log.appender.install.snapshot.enabled = false (custom)
2024-08-27 20:25:04,041 [d758e0a9-c5a1-4fd4-978f-3629e4af057b-groupManagement] INFO  server.RaftServerConfigKeys (ConfUtils.java:logGet(46)) - raft.server.threadpool.server.cached = true (default)
2024-08-27 20:25:04,041 [d758e0a9-c5a1-4fd4-978f-3629e4af057b-groupManagement] INFO  server.RaftServerConfigKeys (ConfUtils.java:logGet(46)) - raft.server.threadpool.server.size = 0 (default)
2024-08-27 20:25:04,041 [d758e0a9-c5a1-4fd4-978f-3629e4af057b-groupManagement] INFO  server.RaftServerConfigKeys (ConfUtils.java:logGet(46)) - raft.server.threadpool.client.cached = true (default)
2024-08-27 20:25:04,042 [d758e0a9-c5a1-4fd4-978f-3629e4af057b-groupManagement] INFO  server.RaftServerConfigKeys (ConfUtils.java:logGet(46)) - raft.server.threadpool.client.size = 0 (default)
2024-08-27 20:25:04,042 [d758e0a9-c5a1-4fd4-978f-3629e4af057b-groupManagement] INFO  server.RaftServerConfigKeys (ConfUtils.java:logGet(46)) - raft.server.storage.free-space.min = 0MB (=0) (default)
2024-08-27 20:25:04,042 [b5b9165f-6528-4062-9715-63d706d5309e-PipelineCommandHandlerThread-0] INFO  commandhandler.CreatePipelineCommandHandler (CreatePipelineCommandHandler.java:lambda$handle$2(124)) - Created Pipeline RATIS THREE PipelineID=72884548-1830-4112-954e-a133de54d1f1.
2024-08-27 20:25:04,043 [d758e0a9-c5a1-4fd4-978f-3629e4af057b-groupManagement] INFO  server.RaftServerConfigKeys (ConfUtils.java:logGet(46)) - raft.server.log.corruption.policy = EXCEPTION (default)
2024-08-27 20:25:04,043 [b5b9165f-6528-4062-9715-63d706d5309e-PipelineCommandHandlerThread-0] INFO  server.RaftServer (RaftServerProxy.java:addNew(101)) - b5b9165f-6528-4062-9715-63d706d5309e: addNew group-F6D99EDA5A21:[b5b9165f-6528-4062-9715-63d706d5309e|127.0.0.1:15012, d758e0a9-c5a1-4fd4-978f-3629e4af057b|127.0.0.1:15021, 9d1f9f5c-07b4-413f-b8b0-69aa045119d7|127.0.0.1:15030] returns group-F6D99EDA5A21:java.util.concurrent.CompletableFuture@6f7d0f63[Not completed]
2024-08-27 20:25:04,044 [d758e0a9-c5a1-4fd4-978f-3629e4af057b-groupManagement] INFO  server.RaftServerConfigKeys (ConfUtils.java:logGet(46)) - raft.server.storage.dir = [/home/runner/work/ozone/ozone/hadoop-ozone/integration-test/target/test-dir/MiniOzoneClusterImpl-2855d785-c18f-47a1-bcca-44ce8ce60223/ozone-meta/datanode-2/ratis] (custom)
2024-08-27 20:25:04,044 [b5b9165f-6528-4062-9715-63d706d5309e-groupManagement] INFO  server.RaftServer$Division (RaftServerImpl.java:<init>(253)) - b5b9165f-6528-4062-9715-63d706d5309e: new RaftServerImpl for group-F6D99EDA5A21:[b5b9165f-6528-4062-9715-63d706d5309e|127.0.0.1:15012, d758e0a9-c5a1-4fd4-978f-3629e4af057b|127.0.0.1:15021, 9d1f9f5c-07b4-413f-b8b0-69aa045119d7|127.0.0.1:15030] with ContainerStateMachine:uninitialized
2024-08-27 20:25:04,044 [b5b9165f-6528-4062-9715-63d706d5309e-groupManagement] INFO  server.RaftServerConfigKeys (ConfUtils.java:logGet(46)) - raft.server.rpc.timeout.min = 5s (custom)
2024-08-27 20:25:04,045 [b5b9165f-6528-4062-9715-63d706d5309e-groupManagement] INFO  server.RaftServerConfigKeys (ConfUtils.java:logGet(46)) - raft.server.rpc.timeout.max = 5200ms (custom)
2024-08-27 20:25:04,045 [b5b9165f-6528-4062-9715-63d706d5309e-groupManagement] INFO  server.RaftServerConfigKeys (ConfUtils.java:logGet(46)) - raft.server.rpc.sleep.time = 25ms (default)
2024-08-27 20:25:04,045 [b5b9165f-6528-4062-9715-63d706d5309e-groupManagement] INFO  server.RaftServerConfigKeys (ConfUtils.java:logGet(46)) - raft.server.rpc.slowness.timeout = 300s (custom)
2024-08-27 20:25:04,045 [b5b9165f-6528-4062-9715-63d706d5309e-groupManagement] INFO  server.RaftServerConfigKeys (ConfUtils.java:logGet(46)) - raft.server.leaderelection.leader.step-down.wait-time = 10s (default)
2024-08-27 20:25:04,045 [b5b9165f-6528-4062-9715-63d706d5309e-groupManagement] INFO  server.RaftServerConfigKeys (ConfUtils.java:logGet(46)) - raft.server.leaderelection.member.majority-add = false (default)
2024-08-27 20:25:04,045 [b5b9165f-6528-4062-9715-63d706d5309e-groupManagement] INFO  server.RaftServerConfigKeys (ConfUtils.java:logGet(46)) - raft.server.sleep.deviation.threshold = 300ms (default)
2024-08-27 20:25:04,045 [b5b9165f-6528-4062-9715-63d706d5309e-groupManagement] INFO  server.RaftServer$Division (ServerState.java:<init>(114)) - b5b9165f-6528-4062-9715-63d706d5309e@group-F6D99EDA5A21: ConfigurationManager, init=conf: {index: -1, cur=peers:[b5b9165f-6528-4062-9715-63d706d5309e|127.0.0.1:15012, d758e0a9-c5a1-4fd4-978f-3629e4af057b|127.0.0.1:15021, 9d1f9f5c-07b4-413f-b8b0-69aa045119d7|127.0.0.1:15030]|listeners:[], old=null}, confs=<EMPTY_MAP>
2024-08-27 20:25:04,045 [b5b9165f-6528-4062-9715-63d706d5309e-groupManagement] INFO  server.RaftServerConfigKeys (ConfUtils.java:logGet(46)) - raft.server.notification.no-leader.timeout = 300s (custom)
2024-08-27 20:25:04,045 [b5b9165f-6528-4062-9715-63d706d5309e-groupManagement] INFO  server.RaftServerConfigKeys (ConfUtils.java:logGet(46)) - raft.server.read.timeout = 10s (default)
2024-08-27 20:25:04,045 [b5b9165f-6528-4062-9715-63d706d5309e-groupManagement] INFO  server.RaftServerConfigKeys (ConfUtils.java:logGet(46)) - raft.server.retrycache.expirytime = 600000ms (custom)
2024-08-27 20:25:04,045 [b5b9165f-6528-4062-9715-63d706d5309e-groupManagement] INFO  server.RaftServerConfigKeys (ConfUtils.java:logGet(46)) - raft.server.retrycache.statistics.expirytime = 100ms (default)
2024-08-27 20:25:04,045 [b5b9165f-6528-4062-9715-63d706d5309e-groupManagement] INFO  server.RaftServerConfigKeys (ConfUtils.java:logGet(46)) - raft.server.read.option = DEFAULT (default)
2024-08-27 20:25:04,045 [b5b9165f-6528-4062-9715-63d706d5309e-groupManagement] INFO  server.RaftServerConfigKeys (ConfUtils.java:logGet(46)) - raft.server.read.read-after-write-consistent.write-index-cache.expiry-time = 60s (default)
2024-08-27 20:25:04,048 [d758e0a9-c5a1-4fd4-978f-3629e4af057b-groupManagement] INFO  storage.RaftStorageDirectory (RaftStorageDirectoryImpl.java:analyzeStorage(138)) - The storage directory /home/runner/work/ozone/ozone/hadoop-ozone/integration-test/target/test-dir/MiniOzoneClusterImpl-2855d785-c18f-47a1-bcca-44ce8ce60223/ozone-meta/datanode-2/ratis/6c929988-6b79-47a0-8aef-e69cfc028817 does not exist. Creating ...
2024-08-27 20:25:04,050 [d758e0a9-c5a1-4fd4-978f-3629e4af057b-groupManagement] INFO  storage.RaftStorageDirectory (RaftStorageDirectoryImpl.java:tryLock(229)) - Lock on /home/runner/work/ozone/ozone/hadoop-ozone/integration-test/target/test-dir/MiniOzoneClusterImpl-2855d785-c18f-47a1-bcca-44ce8ce60223/ozone-meta/datanode-2/ratis/6c929988-6b79-47a0-8aef-e69cfc028817/in_use.lock acquired by nodename 43194@fv-az884-737
2024-08-27 20:25:04,052 [d758e0a9-c5a1-4fd4-978f-3629e4af057b-groupManagement] INFO  storage.RaftStorage (RaftStorageImpl.java:format(98)) - Storage directory /home/runner/work/ozone/ozone/hadoop-ozone/integration-test/target/test-dir/MiniOzoneClusterImpl-2855d785-c18f-47a1-bcca-44ce8ce60223/ozone-meta/datanode-2/ratis/6c929988-6b79-47a0-8aef-e69cfc028817 has been successfully formatted.
2024-08-27 20:25:04,053 [b5b9165f-6528-4062-9715-63d706d5309e-groupManagement] INFO  server.RaftServerConfigKeys (ConfUtils.java:logGet(46)) - raft.server.rpc.request.timeout = 60s (custom)
2024-08-27 20:25:04,053 [b5b9165f-6528-4062-9715-63d706d5309e-groupManagement] INFO  server.RaftServerConfigKeys (ConfUtils.java:logGet(46)) - raft.server.log.appender.install.snapshot.enabled = false (custom)
2024-08-27 20:25:04,053 [b5b9165f-6528-4062-9715-63d706d5309e-groupManagement] INFO  server.RaftServerConfigKeys (ConfUtils.java:logGet(46)) - raft.server.threadpool.server.cached = true (default)
2024-08-27 20:25:04,053 [b5b9165f-6528-4062-9715-63d706d5309e-groupManagement] INFO  server.RaftServerConfigKeys (ConfUtils.java:logGet(46)) - raft.server.threadpool.server.size = 0 (default)
2024-08-27 20:25:04,053 [b5b9165f-6528-4062-9715-63d706d5309e-groupManagement] INFO  server.RaftServerConfigKeys (ConfUtils.java:logGet(46)) - raft.server.threadpool.client.cached = true (default)
2024-08-27 20:25:04,053 [b5b9165f-6528-4062-9715-63d706d5309e-groupManagement] INFO  server.RaftServerConfigKeys (ConfUtils.java:logGet(46)) - raft.server.threadpool.client.size = 0 (default)
2024-08-27 20:25:04,053 [b5b9165f-6528-4062-9715-63d706d5309e-groupManagement] INFO  server.RaftServerConfigKeys (ConfUtils.java:logGet(46)) - raft.server.storage.free-space.min = 0MB (=0) (default)
2024-08-27 20:25:04,053 [b5b9165f-6528-4062-9715-63d706d5309e-groupManagement] INFO  server.RaftServerConfigKeys (ConfUtils.java:logGet(46)) - raft.server.log.corruption.policy = EXCEPTION (default)
2024-08-27 20:25:04,053 [b5b9165f-6528-4062-9715-63d706d5309e-groupManagement] INFO  server.RaftServerConfigKeys (ConfUtils.java:logGet(46)) - raft.server.storage.dir = [/home/runner/work/ozone/ozone/hadoop-ozone/integration-test/target/test-dir/MiniOzoneClusterImpl-2855d785-c18f-47a1-bcca-44ce8ce60223/ozone-meta/datanode-1/ratis] (custom)
2024-08-27 20:25:04,054 [b5b9165f-6528-4062-9715-63d706d5309e-groupManagement] INFO  storage.RaftStorageDirectory (RaftStorageDirectoryImpl.java:analyzeStorage(138)) - The storage directory /home/runner/work/ozone/ozone/hadoop-ozone/integration-test/target/test-dir/MiniOzoneClusterImpl-2855d785-c18f-47a1-bcca-44ce8ce60223/ozone-meta/datanode-1/ratis/671c9ad9-d5da-4966-a96b-f6d99eda5a21 does not exist. Creating ...
2024-08-27 20:25:04,056 [b5b9165f-6528-4062-9715-63d706d5309e-groupManagement] INFO  storage.RaftStorageDirectory (RaftStorageDirectoryImpl.java:tryLock(229)) - Lock on /home/runner/work/ozone/ozone/hadoop-ozone/integration-test/target/test-dir/MiniOzoneClusterImpl-2855d785-c18f-47a1-bcca-44ce8ce60223/ozone-meta/datanode-1/ratis/671c9ad9-d5da-4966-a96b-f6d99eda5a21/in_use.lock acquired by nodename 43194@fv-az884-737
2024-08-27 20:25:04,059 [EventQueue-PipelineReportForPipelineReportHandler] INFO  pipeline.PipelineReportHandler (PipelineReportHandler.java:processPipelineReport(136)) - Opened pipeline PipelineID=6c929988-6b79-47a0-8aef-e69cfc028817
2024-08-27 20:25:04,059 [EventQueue-OpenPipelineForHealthyPipelineSafeModeRule] INFO  safemode.SCMSafeModeManager (HealthyPipelineSafeModeRule.java:process(140)) - SCM in safe mode. Healthy pipelines reported count is 0, required healthy pipeline reported count is 1
2024-08-27 20:25:04,056 [d758e0a9-c5a1-4fd4-978f-3629e4af057b-groupManagement] INFO  ratis.ContainerStateMachine (ContainerStateMachine.java:loadSnapshot(295)) - group-E69CFC028817: The snapshot info is null. Setting the last applied index to:(t:0, i:~)
2024-08-27 20:25:04,060 [d758e0a9-c5a1-4fd4-978f-3629e4af057b-groupManagement] INFO  server.RaftServerConfigKeys (ConfUtils.java:logGet(46)) - raft.server.log.use.memory = false (default)
2024-08-27 20:25:04,060 [b5b9165f-6528-4062-9715-63d706d5309e-groupManagement] INFO  storage.RaftStorage (RaftStorageImpl.java:format(98)) - Storage directory /home/runner/work/ozone/ozone/hadoop-ozone/integration-test/target/test-dir/MiniOzoneClusterImpl-2855d785-c18f-47a1-bcca-44ce8ce60223/ozone-meta/datanode-1/ratis/671c9ad9-d5da-4966-a96b-f6d99eda5a21 has been successfully formatted.
2024-08-27 20:25:04,061 [b5b9165f-6528-4062-9715-63d706d5309e-groupManagement] INFO  ratis.ContainerStateMachine (ContainerStateMachine.java:loadSnapshot(295)) - group-F6D99EDA5A21: The snapshot info is null. Setting the last applied index to:(t:0, i:~)
2024-08-27 20:25:04,061 [b5b9165f-6528-4062-9715-63d706d5309e-groupManagement] INFO  server.RaftServerConfigKeys (ConfUtils.java:logGet(46)) - raft.server.log.use.memory = false (default)
2024-08-27 20:25:04,061 [b5b9165f-6528-4062-9715-63d706d5309e-groupManagement] INFO  server.RaftServerConfigKeys (ConfUtils.java:logGet(46)) - raft.server.log.purge.gap = 1000000 (custom)
2024-08-27 20:25:04,061 [b5b9165f-6528-4062-9715-63d706d5309e-groupManagement] INFO  server.RaftServerConfigKeys (ConfUtils.java:logGet(46)) - raft.server.log.appender.buffer.byte-limit = 8388608 (custom)
2024-08-27 20:25:04,061 [b5b9165f-6528-4062-9715-63d706d5309e-groupManagement] INFO  server.RaftServerConfigKeys (ConfUtils.java:logGet(46)) - raft.server.log.statemachine.data.read.timeout = 1000ms (default)
2024-08-27 20:25:04,061 [b5b9165f-6528-4062-9715-63d706d5309e-groupManagement] INFO  server.RaftServerConfigKeys (ConfUtils.java:logGet(46)) - raft.server.log.purge.preservation.log.num = 0 (default)
2024-08-27 20:25:04,062 [EventQueue-OpenPipelineForHealthyPipelineSafeModeRule] INFO  safemode.SCMSafeModeManager (HealthyPipelineSafeModeRule.java:process(140)) - SCM in safe mode. Healthy pipelines reported count is 0, required healthy pipeline reported count is 1
2024-08-27 20:25:04,062 [d758e0a9-c5a1-4fd4-978f-3629e4af057b-groupManagement] INFO  server.RaftServerConfigKeys (ConfUtils.java:logGet(46)) - raft.server.log.purge.gap = 1000000 (custom)
2024-08-27 20:25:04,063 [d758e0a9-c5a1-4fd4-978f-3629e4af057b-groupManagement] INFO  server.RaftServerConfigKeys (ConfUtils.java:logGet(46)) - raft.server.log.appender.buffer.byte-limit = 8388608 (custom)
2024-08-27 20:25:04,064 [d758e0a9-c5a1-4fd4-978f-3629e4af057b-groupManagement] INFO  server.RaftServerConfigKeys (ConfUtils.java:logGet(46)) - raft.server.log.statemachine.data.read.timeout = 1000ms (default)
2024-08-27 20:25:04,064 [d758e0a9-c5a1-4fd4-978f-3629e4af057b-groupManagement] INFO  server.RaftServerConfigKeys (ConfUtils.java:logGet(46)) - raft.server.log.purge.preservation.log.num = 0 (default)
2024-08-27 20:25:04,070 [b5b9165f-6528-4062-9715-63d706d5309e-groupManagement] INFO  server.RaftServerConfigKeys (ConfUtils.java:logGet(46)) - raft.server.log.segment.size.max = 67108864 (custom)
2024-08-27 20:25:04,070 [b5b9165f-6528-4062-9715-63d706d5309e-groupManagement] INFO  server.RaftServerConfigKeys (ConfUtils.java:logGet(46)) - raft.server.log.segment.cache.num.max = 2 (custom)
2024-08-27 20:25:04,070 [b5b9165f-6528-4062-9715-63d706d5309e-groupManagement] INFO  server.RaftServerConfigKeys (ConfUtils.java:logGet(46)) - raft.server.log.segment.cache.size.max = 200MB (=209715200) (default)
2024-08-27 20:25:04,070 [b5b9165f-6528-4062-9715-63d706d5309e-groupManagement] INFO  server.RaftServerConfigKeys (ConfUtils.java:logGet(46)) - raft.server.log.appender.buffer.byte-limit = 8388608 (custom)
2024-08-27 20:25:04,071 [d758e0a9-c5a1-4fd4-978f-3629e4af057b-groupManagement] INFO  server.RaftServerConfigKeys (ConfUtils.java:logGet(46)) - raft.server.log.segment.size.max = 67108864 (custom)
2024-08-27 20:25:04,072 [d758e0a9-c5a1-4fd4-978f-3629e4af057b-groupManagement] INFO  server.RaftServerConfigKeys (ConfUtils.java:logGet(46)) - raft.server.log.segment.cache.num.max = 2 (custom)
2024-08-27 20:25:04,072 [d758e0a9-c5a1-4fd4-978f-3629e4af057b-groupManagement] INFO  server.RaftServerConfigKeys (ConfUtils.java:logGet(46)) - raft.server.log.segment.cache.size.max = 200MB (=209715200) (default)
2024-08-27 20:25:04,073 [d758e0a9-c5a1-4fd4-978f-3629e4af057b-groupManagement] INFO  server.RaftServerConfigKeys (ConfUtils.java:logGet(46)) - raft.server.log.appender.buffer.byte-limit = 8388608 (custom)
2024-08-27 20:25:04,080 [b5b9165f-6528-4062-9715-63d706d5309e-groupManagement] INFO  util.AwaitToRun (AwaitToRun.java:start(81)) - Thread[b5b9165f-6528-4062-9715-63d706d5309e@group-F6D99EDA5A21-cacheEviction-AwaitToRun,5,main] started
2024-08-27 20:25:04,080 [b5b9165f-6528-4062-9715-63d706d5309e-groupManagement] INFO  segmented.SegmentedRaftLogWorker (SegmentedRaftLogWorker.java:<init>(184)) - new b5b9165f-6528-4062-9715-63d706d5309e@group-F6D99EDA5A21-SegmentedRaftLogWorker for RaftStorageImpl:Storage Directory /home/runner/work/ozone/ozone/hadoop-ozone/integration-test/target/test-dir/MiniOzoneClusterImpl-2855d785-c18f-47a1-bcca-44ce8ce60223/ozone-meta/datanode-1/ratis/671c9ad9-d5da-4966-a96b-f6d99eda5a21
2024-08-27 20:25:04,081 [b5b9165f-6528-4062-9715-63d706d5309e-groupManagement] INFO  server.RaftServerConfigKeys (ConfUtils.java:logGet(46)) - raft.server.log.queue.byte-limit = 4294967296 (custom)
2024-08-27 20:25:04,081 [b5b9165f-6528-4062-9715-63d706d5309e-groupManagement] INFO  server.RaftServerConfigKeys (ConfUtils.java:logGet(46)) - raft.server.log.queue.element-limit = 1024 (custom)
2024-08-27 20:25:04,081 [b5b9165f-6528-4062-9715-63d706d5309e-groupManagement] INFO  server.RaftServerConfigKeys (ConfUtils.java:logGet(46)) - raft.server.log.segment.size.max = 67108864 (custom)
2024-08-27 20:25:04,081 [b5b9165f-6528-4062-9715-63d706d5309e-groupManagement] INFO  server.RaftServerConfigKeys (ConfUtils.java:logGet(46)) - raft.server.log.preallocated.size = 4194304 (custom)
2024-08-27 20:25:04,081 [b5b9165f-6528-4062-9715-63d706d5309e-groupManagement] INFO  server.RaftServerConfigKeys (ConfUtils.java:logGet(46)) - raft.server.log.force.sync.num = 128 (default)
2024-08-27 20:25:04,081 [b5b9165f-6528-4062-9715-63d706d5309e-groupManagement] INFO  server.RaftServerConfigKeys (ConfUtils.java:logGet(46)) - raft.server.log.statemachine.data.sync = true (default)
2024-08-27 20:25:04,081 [b5b9165f-6528-4062-9715-63d706d5309e-groupManagement] INFO  server.RaftServerConfigKeys (ConfUtils.java:logGet(46)) - raft.server.log.statemachine.data.sync.timeout = 10s (default)
2024-08-27 20:25:04,081 [b5b9165f-6528-4062-9715-63d706d5309e-groupManagement] INFO  server.RaftServerConfigKeys (ConfUtils.java:logGet(46)) - raft.server.log.statemachine.data.sync.timeout.retry = 30 (custom)
2024-08-27 20:25:04,080 [d758e0a9-c5a1-4fd4-978f-3629e4af057b-groupManagement] INFO  util.AwaitToRun (AwaitToRun.java:start(81)) - Thread[d758e0a9-c5a1-4fd4-978f-3629e4af057b@group-E69CFC028817-cacheEviction-AwaitToRun,5,main] started
2024-08-27 20:25:04,081 [d758e0a9-c5a1-4fd4-978f-3629e4af057b-groupManagement] INFO  segmented.SegmentedRaftLogWorker (SegmentedRaftLogWorker.java:<init>(184)) - new d758e0a9-c5a1-4fd4-978f-3629e4af057b@group-E69CFC028817-SegmentedRaftLogWorker for RaftStorageImpl:Storage Directory /home/runner/work/ozone/ozone/hadoop-ozone/integration-test/target/test-dir/MiniOzoneClusterImpl-2855d785-c18f-47a1-bcca-44ce8ce60223/ozone-meta/datanode-2/ratis/6c929988-6b79-47a0-8aef-e69cfc028817
2024-08-27 20:25:04,081 [d758e0a9-c5a1-4fd4-978f-3629e4af057b-groupManagement] INFO  server.RaftServerConfigKeys (ConfUtils.java:logGet(46)) - raft.server.log.queue.byte-limit = 4294967296 (custom)
2024-08-27 20:25:04,081 [d758e0a9-c5a1-4fd4-978f-3629e4af057b-groupManagement] INFO  server.RaftServerConfigKeys (ConfUtils.java:logGet(46)) - raft.server.log.queue.element-limit = 1024 (custom)
2024-08-27 20:25:04,082 [d758e0a9-c5a1-4fd4-978f-3629e4af057b-groupManagement] INFO  server.RaftServerConfigKeys (ConfUtils.java:logGet(46)) - raft.server.log.segment.size.max = 67108864 (custom)
2024-08-27 20:25:04,082 [b5b9165f-6528-4062-9715-63d706d5309e-groupManagement] INFO  server.RaftServerConfigKeys (ConfUtils.java:logGet(46)) - raft.server.log.write.buffer.size = 8388616 (custom)
2024-08-27 20:25:04,082 [d758e0a9-c5a1-4fd4-978f-3629e4af057b-groupManagement] INFO  server.RaftServerConfigKeys (ConfUtils.java:logGet(46)) - raft.server.log.preallocated.size = 4194304 (custom)
2024-08-27 20:25:04,082 [d758e0a9-c5a1-4fd4-978f-3629e4af057b-groupManagement] INFO  server.RaftServerConfigKeys (ConfUtils.java:logGet(46)) - raft.server.log.force.sync.num = 128 (default)
2024-08-27 20:25:04,082 [d758e0a9-c5a1-4fd4-978f-3629e4af057b-groupManagement] INFO  server.RaftServerConfigKeys (ConfUtils.java:logGet(46)) - raft.server.log.statemachine.data.sync = true (default)
2024-08-27 20:25:04,082 [d758e0a9-c5a1-4fd4-978f-3629e4af057b-groupManagement] INFO  server.RaftServerConfigKeys (ConfUtils.java:logGet(46)) - raft.server.log.statemachine.data.sync.timeout = 10s (default)
2024-08-27 20:25:04,082 [d758e0a9-c5a1-4fd4-978f-3629e4af057b-groupManagement] INFO  server.RaftServerConfigKeys (ConfUtils.java:logGet(46)) - raft.server.log.statemachine.data.sync.timeout.retry = 30 (custom)
2024-08-27 20:25:04,083 [d758e0a9-c5a1-4fd4-978f-3629e4af057b-groupManagement] INFO  server.RaftServerConfigKeys (ConfUtils.java:logGet(46)) - raft.server.log.write.buffer.size = 8388616 (custom)
2024-08-27 20:25:04,085 [d758e0a9-c5a1-4fd4-978f-3629e4af057b-groupManagement] INFO  server.RaftServerConfigKeys (ConfUtils.java:logGet(46)) - raft.server.log.appender.buffer.byte-limit = 8388608 (custom)
2024-08-27 20:25:04,085 [d758e0a9-c5a1-4fd4-978f-3629e4af057b-groupManagement] INFO  server.RaftServerConfigKeys (ConfUtils.java:logGet(46)) - raft.server.log.unsafe-flush.enabled = false (default)
2024-08-27 20:25:04,085 [d758e0a9-c5a1-4fd4-978f-3629e4af057b-groupManagement] INFO  server.RaftServerConfigKeys (ConfUtils.java:logGet(46)) - raft.server.log.async-flush.enabled = false (default)
2024-08-27 20:25:04,085 [d758e0a9-c5a1-4fd4-978f-3629e4af057b-groupManagement] INFO  server.RaftServerConfigKeys (ConfUtils.java:logGet(46)) - raft.server.log.statemachine.data.caching.enabled = true (custom)
2024-08-27 20:25:04,085 [d758e0a9-c5a1-4fd4-978f-3629e4af057b-groupManagement] INFO  segmented.SegmentedRaftLogWorker (SegmentedRaftLogWorker.java:lambda$new$0(135)) - d758e0a9-c5a1-4fd4-978f-3629e4af057b@group-E69CFC028817-SegmentedRaftLogWorker: flushIndex: setUnconditionally 0 -> -1
2024-08-27 20:25:04,085 [d758e0a9-c5a1-4fd4-978f-3629e4af057b-groupManagement] INFO  segmented.SegmentedRaftLogWorker (SegmentedRaftLogWorker.java:lambda$new$0(135)) - d758e0a9-c5a1-4fd4-978f-3629e4af057b@group-E69CFC028817-SegmentedRaftLogWorker: safeCacheEvictIndex: setUnconditionally 0 -> -1
2024-08-27 20:25:04,087 [b5b9165f-6528-4062-9715-63d706d5309e-groupManagement] INFO  server.RaftServerConfigKeys (ConfUtils.java:logGet(46)) - raft.server.log.appender.buffer.byte-limit = 8388608 (custom)
2024-08-27 20:25:04,087 [b5b9165f-6528-4062-9715-63d706d5309e-groupManagement] INFO  server.RaftServerConfigKeys (ConfUtils.java:logGet(46)) - raft.server.log.unsafe-flush.enabled = false (default)
2024-08-27 20:25:04,087 [b5b9165f-6528-4062-9715-63d706d5309e-groupManagement] INFO  server.RaftServerConfigKeys (ConfUtils.java:logGet(46)) - raft.server.log.async-flush.enabled = false (default)
2024-08-27 20:25:04,087 [b5b9165f-6528-4062-9715-63d706d5309e-groupManagement] INFO  server.RaftServerConfigKeys (ConfUtils.java:logGet(46)) - raft.server.log.statemachine.data.caching.enabled = true (custom)
2024-08-27 20:25:04,088 [b5b9165f-6528-4062-9715-63d706d5309e-groupManagement] INFO  segmented.SegmentedRaftLogWorker (SegmentedRaftLogWorker.java:lambda$new$0(135)) - b5b9165f-6528-4062-9715-63d706d5309e@group-F6D99EDA5A21-SegmentedRaftLogWorker: flushIndex: setUnconditionally 0 -> -1
2024-08-27 20:25:04,088 [b5b9165f-6528-4062-9715-63d706d5309e-groupManagement] INFO  segmented.SegmentedRaftLogWorker (SegmentedRaftLogWorker.java:lambda$new$0(135)) - b5b9165f-6528-4062-9715-63d706d5309e@group-F6D99EDA5A21-SegmentedRaftLogWorker: safeCacheEvictIndex: setUnconditionally 0 -> -1
2024-08-27 20:25:04,090 [d758e0a9-c5a1-4fd4-978f-3629e4af057b-groupManagement] INFO  server.RaftServer$Division (RaftServerImpl.java:start(389)) - d758e0a9-c5a1-4fd4-978f-3629e4af057b@group-E69CFC028817: start as a follower, conf=conf: {index: -1, cur=peers:[d758e0a9-c5a1-4fd4-978f-3629e4af057b|127.0.0.1:15021]|listeners:[], old=null}
2024-08-27 20:25:04,090 [d758e0a9-c5a1-4fd4-978f-3629e4af057b-groupManagement] INFO  server.RaftServer$Division (RaftServerImpl.java:setRole(376)) - d758e0a9-c5a1-4fd4-978f-3629e4af057b@group-E69CFC028817: changes role from      null to FOLLOWER at term 0 for startAsFollower
2024-08-27 20:25:04,090 [d758e0a9-c5a1-4fd4-978f-3629e4af057b-groupManagement] INFO  impl.RoleInfo (RoleInfo.java:updateAndGet(148)) - d758e0a9-c5a1-4fd4-978f-3629e4af057b: start d758e0a9-c5a1-4fd4-978f-3629e4af057b@group-E69CFC028817-FollowerState
2024-08-27 20:25:04,095 [d758e0a9-c5a1-4fd4-978f-3629e4af057b@group-E69CFC028817-FollowerState] INFO  server.RaftServerConfigKeys (ConfUtils.java:logFallback(53)) - raft.server.rpc.first-election.timeout.min = 5s (fallback to raft.server.rpc.timeout.min)
2024-08-27 20:25:04,095 [b5b9165f-6528-4062-9715-63d706d5309e-groupManagement] INFO  server.RaftServer$Division (RaftServerImpl.java:start(389)) - b5b9165f-6528-4062-9715-63d706d5309e@group-F6D99EDA5A21: start as a follower, conf=conf: {index: -1, cur=peers:[b5b9165f-6528-4062-9715-63d706d5309e|127.0.0.1:15012, d758e0a9-c5a1-4fd4-978f-3629e4af057b|127.0.0.1:15021, 9d1f9f5c-07b4-413f-b8b0-69aa045119d7|127.0.0.1:15030]|listeners:[], old=null}
2024-08-27 20:25:04,095 [b5b9165f-6528-4062-9715-63d706d5309e-groupManagement] INFO  server.RaftServer$Division (RaftServerImpl.java:setRole(376)) - b5b9165f-6528-4062-9715-63d706d5309e@group-F6D99EDA5A21: changes role from      null to FOLLOWER at term 0 for startAsFollower
2024-08-27 20:25:04,095 [b5b9165f-6528-4062-9715-63d706d5309e-groupManagement] INFO  impl.RoleInfo (RoleInfo.java:updateAndGet(148)) - b5b9165f-6528-4062-9715-63d706d5309e: start b5b9165f-6528-4062-9715-63d706d5309e@group-F6D99EDA5A21-FollowerState
2024-08-27 20:25:04,095 [d758e0a9-c5a1-4fd4-978f-3629e4af057b-groupManagement] INFO  util.JmxRegister (JmxRegister.java:tryRegister(44)) - Successfully registered JMX Bean with object name Ratis:service=RaftServer,group=group-E69CFC028817,id=d758e0a9-c5a1-4fd4-978f-3629e4af057b
2024-08-27 20:25:04,095 [d758e0a9-c5a1-4fd4-978f-3629e4af057b-groupManagement] INFO  util.JmxRegister (JmxRegister.java:register(58)) - register mxBean class org.apache.ratis.server.impl.RaftServerJmxAdapter as Ratis:service=RaftServer,group=group-E69CFC028817,id=d758e0a9-c5a1-4fd4-978f-3629e4af057b
2024-08-27 20:25:04,096 [d758e0a9-c5a1-4fd4-978f-3629e4af057b-groupManagement] INFO  server.RaftServerConfigKeys (ConfUtils.java:logGet(46)) - raft.server.snapshot.trigger-when-stop.enabled = true (default)
2024-08-27 20:25:04,096 [d758e0a9-c5a1-4fd4-978f-3629e4af057b-groupManagement] INFO  server.RaftServerConfigKeys (ConfUtils.java:logGet(46)) - raft.server.snapshot.trigger-when-remove.enabled = true (default)
2024-08-27 20:25:04,096 [d758e0a9-c5a1-4fd4-978f-3629e4af057b-groupManagement] INFO  server.RaftServerConfigKeys (ConfUtils.java:logGet(46)) - raft.server.snapshot.auto.trigger.enabled = true (custom)
2024-08-27 20:25:04,096 [d758e0a9-c5a1-4fd4-978f-3629e4af057b-groupManagement] INFO  server.RaftServerConfigKeys (ConfUtils.java:logGet(46)) - raft.server.snapshot.auto.trigger.threshold = 10000 (custom)
2024-08-27 20:25:04,096 [d758e0a9-c5a1-4fd4-978f-3629e4af057b-groupManagement] INFO  server.RaftServerConfigKeys (ConfUtils.java:logGet(46)) - raft.server.snapshot.retention.file.num = 5 (custom)
2024-08-27 20:25:04,096 [d758e0a9-c5a1-4fd4-978f-3629e4af057b-groupManagement] INFO  server.RaftServerConfigKeys (ConfUtils.java:logGet(46)) - raft.server.log.purge.upto.snapshot.index = false (default)
2024-08-27 20:25:04,097 [d758e0a9-c5a1-4fd4-978f-3629e4af057b@group-E69CFC028817-FollowerState] INFO  server.RaftServerConfigKeys (ConfUtils.java:logFallback(53)) - raft.server.rpc.first-election.timeout.max = 5200ms (fallback to raft.server.rpc.timeout.max)
2024-08-27 20:25:04,097 [b5b9165f-6528-4062-9715-63d706d5309e-groupManagement] INFO  util.JmxRegister (JmxRegister.java:tryRegister(44)) - Successfully registered JMX Bean with object name Ratis:service=RaftServer,group=group-F6D99EDA5A21,id=b5b9165f-6528-4062-9715-63d706d5309e
2024-08-27 20:25:04,097 [b5b9165f-6528-4062-9715-63d706d5309e-groupManagement] INFO  util.JmxRegister (JmxRegister.java:register(58)) - register mxBean class org.apache.ratis.server.impl.RaftServerJmxAdapter as Ratis:service=RaftServer,group=group-F6D99EDA5A21,id=b5b9165f-6528-4062-9715-63d706d5309e
2024-08-27 20:25:04,097 [b5b9165f-6528-4062-9715-63d706d5309e-groupManagement] INFO  server.RaftServerConfigKeys (ConfUtils.java:logGet(46)) - raft.server.snapshot.trigger-when-stop.enabled = true (default)
2024-08-27 20:25:04,098 [b5b9165f-6528-4062-9715-63d706d5309e-groupManagement] INFO  server.RaftServerConfigKeys (ConfUtils.java:logGet(46)) - raft.server.snapshot.trigger-when-remove.enabled = true (default)
2024-08-27 20:25:04,098 [b5b9165f-6528-4062-9715-63d706d5309e-groupManagement] INFO  server.RaftServerConfigKeys (ConfUtils.java:logGet(46)) - raft.server.snapshot.auto.trigger.enabled = true (custom)
2024-08-27 20:25:04,098 [b5b9165f-6528-4062-9715-63d706d5309e-groupManagement] INFO  server.RaftServerConfigKeys (ConfUtils.java:logGet(46)) - raft.server.snapshot.auto.trigger.threshold = 10000 (custom)
2024-08-27 20:25:04,098 [b5b9165f-6528-4062-9715-63d706d5309e-groupManagement] INFO  server.RaftServerConfigKeys (ConfUtils.java:logGet(46)) - raft.server.snapshot.retention.file.num = 5 (custom)
2024-08-27 20:25:04,098 [b5b9165f-6528-4062-9715-63d706d5309e-groupManagement] INFO  server.RaftServerConfigKeys (ConfUtils.java:logGet(46)) - raft.server.log.purge.upto.snapshot.index = false (default)
2024-08-27 20:25:04,098 [b5b9165f-6528-4062-9715-63d706d5309e@group-F6D99EDA5A21-FollowerState] INFO  server.RaftServerConfigKeys (ConfUtils.java:logFallback(53)) - raft.server.rpc.first-election.timeout.min = 5s (fallback to raft.server.rpc.timeout.min)
2024-08-27 20:25:04,098 [b5b9165f-6528-4062-9715-63d706d5309e@group-F6D99EDA5A21-FollowerState] INFO  server.RaftServerConfigKeys (ConfUtils.java:logFallback(53)) - raft.server.rpc.first-election.timeout.max = 5200ms (fallback to raft.server.rpc.timeout.max)
2024-08-27 20:25:04,099 [d758e0a9-c5a1-4fd4-978f-3629e4af057b-PipelineCommandHandlerThread-0] INFO  ratis.XceiverServerRatis (XceiverServerRatis.java:addGroup(849)) - Created group PipelineID=6c929988-6b79-47a0-8aef-e69cfc028817
2024-08-27 20:25:04,099 [b5b9165f-6528-4062-9715-63d706d5309e-PipelineCommandHandlerThread-0] INFO  ratis.XceiverServerRatis (XceiverServerRatis.java:addGroup(849)) - Created group PipelineID=671c9ad9-d5da-4966-a96b-f6d99eda5a21
2024-08-27 20:25:04,099 [d758e0a9-c5a1-4fd4-978f-3629e4af057b-PipelineCommandHandlerThread-0] INFO  commandhandler.CreatePipelineCommandHandler (CreatePipelineCommandHandler.java:lambda$handle$2(124)) - Created Pipeline RATIS ONE PipelineID=6c929988-6b79-47a0-8aef-e69cfc028817.
2024-08-27 20:25:04,100 [d758e0a9-c5a1-4fd4-978f-3629e4af057b-PipelineCommandHandlerThread-0] INFO  server.RaftServer (RaftServerProxy.java:addNew(101)) - d758e0a9-c5a1-4fd4-978f-3629e4af057b: addNew group-F6D99EDA5A21:[b5b9165f-6528-4062-9715-63d706d5309e|127.0.0.1:15012, d758e0a9-c5a1-4fd4-978f-3629e4af057b|127.0.0.1:15021, 9d1f9f5c-07b4-413f-b8b0-69aa045119d7|127.0.0.1:15030] returns group-F6D99EDA5A21:java.util.concurrent.CompletableFuture@29d912b7[Not completed]
2024-08-27 20:25:04,102 [d758e0a9-c5a1-4fd4-978f-3629e4af057b-groupManagement] INFO  server.RaftServer$Division (RaftServerImpl.java:<init>(253)) - d758e0a9-c5a1-4fd4-978f-3629e4af057b: new RaftServerImpl for group-F6D99EDA5A21:[b5b9165f-6528-4062-9715-63d706d5309e|127.0.0.1:15012, d758e0a9-c5a1-4fd4-978f-3629e4af057b|127.0.0.1:15021, 9d1f9f5c-07b4-413f-b8b0-69aa045119d7|127.0.0.1:15030] with ContainerStateMachine:uninitialized
2024-08-27 20:25:04,102 [d758e0a9-c5a1-4fd4-978f-3629e4af057b-groupManagement] INFO  server.RaftServerConfigKeys (ConfUtils.java:logGet(46)) - raft.server.rpc.timeout.min = 5s (custom)
2024-08-27 20:25:04,102 [d758e0a9-c5a1-4fd4-978f-3629e4af057b-groupManagement] INFO  server.RaftServerConfigKeys (ConfUtils.java:logGet(46)) - raft.server.rpc.timeout.max = 5200ms (custom)
2024-08-27 20:25:04,102 [d758e0a9-c5a1-4fd4-978f-3629e4af057b-groupManagement] INFO  server.RaftServerConfigKeys (ConfUtils.java:logGet(46)) - raft.server.rpc.sleep.time = 25ms (default)
2024-08-27 20:25:04,102 [d758e0a9-c5a1-4fd4-978f-3629e4af057b-groupManagement] INFO  server.RaftServerConfigKeys (ConfUtils.java:logGet(46)) - raft.server.rpc.slowness.timeout = 300s (custom)
2024-08-27 20:25:04,102 [d758e0a9-c5a1-4fd4-978f-3629e4af057b-groupManagement] INFO  server.RaftServerConfigKeys (ConfUtils.java:logGet(46)) - raft.server.leaderelection.leader.step-down.wait-time = 10s (default)
2024-08-27 20:25:04,102 [d758e0a9-c5a1-4fd4-978f-3629e4af057b-groupManagement] INFO  server.RaftServerConfigKeys (ConfUtils.java:logGet(46)) - raft.server.leaderelection.member.majority-add = false (default)
2024-08-27 20:25:04,102 [d758e0a9-c5a1-4fd4-978f-3629e4af057b-groupManagement] INFO  server.RaftServerConfigKeys (ConfUtils.java:logGet(46)) - raft.server.sleep.deviation.threshold = 300ms (default)
2024-08-27 20:25:04,102 [d758e0a9-c5a1-4fd4-978f-3629e4af057b-groupManagement] INFO  server.RaftServer$Division (ServerState.java:<init>(114)) - d758e0a9-c5a1-4fd4-978f-3629e4af057b@group-F6D99EDA5A21: ConfigurationManager, init=conf: {index: -1, cur=peers:[b5b9165f-6528-4062-9715-63d706d5309e|127.0.0.1:15012, d758e0a9-c5a1-4fd4-978f-3629e4af057b|127.0.0.1:15021, 9d1f9f5c-07b4-413f-b8b0-69aa045119d7|127.0.0.1:15030]|listeners:[], old=null}, confs=<EMPTY_MAP>
2024-08-27 20:25:04,103 [d758e0a9-c5a1-4fd4-978f-3629e4af057b-groupManagement] INFO  server.RaftServerConfigKeys (ConfUtils.java:logGet(46)) - raft.server.notification.no-leader.timeout = 300s (custom)
2024-08-27 20:25:04,103 [d758e0a9-c5a1-4fd4-978f-3629e4af057b-groupManagement] INFO  server.RaftServerConfigKeys (ConfUtils.java:logGet(46)) - raft.server.read.timeout = 10s (default)
2024-08-27 20:25:04,103 [d758e0a9-c5a1-4fd4-978f-3629e4af057b-groupManagement] INFO  server.RaftServerConfigKeys (ConfUtils.java:logGet(46)) - raft.server.retrycache.expirytime = 600000ms (custom)
2024-08-27 20:25:04,103 [d758e0a9-c5a1-4fd4-978f-3629e4af057b-groupManagement] INFO  server.RaftServerConfigKeys (ConfUtils.java:logGet(46)) - raft.server.retrycache.statistics.expirytime = 100ms (default)
2024-08-27 20:25:04,103 [d758e0a9-c5a1-4fd4-978f-3629e4af057b-groupManagement] INFO  server.RaftServerConfigKeys (ConfUtils.java:logGet(46)) - raft.server.read.option = DEFAULT (default)
2024-08-27 20:25:04,103 [d758e0a9-c5a1-4fd4-978f-3629e4af057b-groupManagement] INFO  server.RaftServerConfigKeys (ConfUtils.java:logGet(46)) - raft.server.read.read-after-write-consistent.write-index-cache.expiry-time = 60s (default)
2024-08-27 20:25:04,110 [grpc-default-executor-0] INFO  server.RaftServer (RaftServerProxy.java:addNew(101)) - 9d1f9f5c-07b4-413f-b8b0-69aa045119d7: addNew group-F6D99EDA5A21:[b5b9165f-6528-4062-9715-63d706d5309e|127.0.0.1:15012, d758e0a9-c5a1-4fd4-978f-3629e4af057b|127.0.0.1:15021, 9d1f9f5c-07b4-413f-b8b0-69aa045119d7|127.0.0.1:15030] returns group-F6D99EDA5A21:java.util.concurrent.CompletableFuture@280efc0f[Not completed]
2024-08-27 20:25:04,111 [9d1f9f5c-07b4-413f-b8b0-69aa045119d7-groupManagement] INFO  server.RaftServer$Division (RaftServerImpl.java:<init>(253)) - 9d1f9f5c-07b4-413f-b8b0-69aa045119d7: new RaftServerImpl for group-F6D99EDA5A21:[b5b9165f-6528-4062-9715-63d706d5309e|127.0.0.1:15012, d758e0a9-c5a1-4fd4-978f-3629e4af057b|127.0.0.1:15021, 9d1f9f5c-07b4-413f-b8b0-69aa045119d7|127.0.0.1:15030] with ContainerStateMachine:uninitialized
2024-08-27 20:25:04,111 [9d1f9f5c-07b4-413f-b8b0-69aa045119d7-groupManagement] INFO  server.RaftServerConfigKeys (ConfUtils.java:logGet(46)) - raft.server.rpc.timeout.min = 5s (custom)
2024-08-27 20:25:04,111 [9d1f9f5c-07b4-413f-b8b0-69aa045119d7-groupManagement] INFO  server.RaftServerConfigKeys (ConfUtils.java:logGet(46)) - raft.server.rpc.timeout.max = 5200ms (custom)
2024-08-27 20:25:04,111 [9d1f9f5c-07b4-413f-b8b0-69aa045119d7-groupManagement] INFO  server.RaftServerConfigKeys (ConfUtils.java:logGet(46)) - raft.server.rpc.sleep.time = 25ms (default)
2024-08-27 20:25:04,111 [9d1f9f5c-07b4-413f-b8b0-69aa045119d7-groupManagement] INFO  server.RaftServerConfigKeys (ConfUtils.java:logGet(46)) - raft.server.rpc.slowness.timeout = 300s (custom)
2024-08-27 20:25:04,111 [9d1f9f5c-07b4-413f-b8b0-69aa045119d7-groupManagement] INFO  server.RaftServerConfigKeys (ConfUtils.java:logGet(46)) - raft.server.leaderelection.leader.step-down.wait-time = 10s (default)
2024-08-27 20:25:04,112 [9d1f9f5c-07b4-413f-b8b0-69aa045119d7-groupManagement] INFO  server.RaftServerConfigKeys (ConfUtils.java:logGet(46)) - raft.server.leaderelection.member.majority-add = false (default)
2024-08-27 20:25:04,112 [9d1f9f5c-07b4-413f-b8b0-69aa045119d7-groupManagement] INFO  server.RaftServerConfigKeys (ConfUtils.java:logGet(46)) - raft.server.sleep.deviation.threshold = 300ms (default)
2024-08-27 20:25:04,112 [9d1f9f5c-07b4-413f-b8b0-69aa045119d7-groupManagement] INFO  server.RaftServer$Division (ServerState.java:<init>(114)) - 9d1f9f5c-07b4-413f-b8b0-69aa045119d7@group-F6D99EDA5A21: ConfigurationManager, init=conf: {index: -1, cur=peers:[b5b9165f-6528-4062-9715-63d706d5309e|127.0.0.1:15012, d758e0a9-c5a1-4fd4-978f-3629e4af057b|127.0.0.1:15021, 9d1f9f5c-07b4-413f-b8b0-69aa045119d7|127.0.0.1:15030]|listeners:[], old=null}, confs=<EMPTY_MAP>
2024-08-27 20:25:04,112 [9d1f9f5c-07b4-413f-b8b0-69aa045119d7-groupManagement] INFO  server.RaftServerConfigKeys (ConfUtils.java:logGet(46)) - raft.server.notification.no-leader.timeout = 300s (custom)
2024-08-27 20:25:04,112 [9d1f9f5c-07b4-413f-b8b0-69aa045119d7-groupManagement] INFO  server.RaftServerConfigKeys (ConfUtils.java:logGet(46)) - raft.server.read.timeout = 10s (default)
2024-08-27 20:25:04,112 [9d1f9f5c-07b4-413f-b8b0-69aa045119d7-groupManagement] INFO  server.RaftServerConfigKeys (ConfUtils.java:logGet(46)) - raft.server.retrycache.expirytime = 600000ms (custom)
2024-08-27 20:25:04,112 [9d1f9f5c-07b4-413f-b8b0-69aa045119d7-groupManagement] INFO  server.RaftServerConfigKeys (ConfUtils.java:logGet(46)) - raft.server.retrycache.statistics.expirytime = 100ms (default)
2024-08-27 20:25:04,112 [9d1f9f5c-07b4-413f-b8b0-69aa045119d7-groupManagement] INFO  server.RaftServerConfigKeys (ConfUtils.java:logGet(46)) - raft.server.read.option = DEFAULT (default)
2024-08-27 20:25:04,112 [9d1f9f5c-07b4-413f-b8b0-69aa045119d7-groupManagement] INFO  server.RaftServerConfigKeys (ConfUtils.java:logGet(46)) - raft.server.read.read-after-write-consistent.write-index-cache.expiry-time = 60s (default)
2024-08-27 20:25:04,123 [d758e0a9-c5a1-4fd4-978f-3629e4af057b-groupManagement] INFO  server.RaftServerConfigKeys (ConfUtils.java:logGet(46)) - raft.server.rpc.request.timeout = 60s (custom)
2024-08-27 20:25:04,123 [d758e0a9-c5a1-4fd4-978f-3629e4af057b-groupManagement] INFO  server.RaftServerConfigKeys (ConfUtils.java:logGet(46)) - raft.server.log.appender.install.snapshot.enabled = false (custom)
2024-08-27 20:25:04,124 [d758e0a9-c5a1-4fd4-978f-3629e4af057b-groupManagement] INFO  server.RaftServerConfigKeys (ConfUtils.java:logGet(46)) - raft.server.threadpool.server.cached = true (default)
2024-08-27 20:25:04,124 [d758e0a9-c5a1-4fd4-978f-3629e4af057b-groupManagement] INFO  server.RaftServerConfigKeys (ConfUtils.java:logGet(46)) - raft.server.threadpool.server.size = 0 (default)
2024-08-27 20:25:04,124 [d758e0a9-c5a1-4fd4-978f-3629e4af057b-groupManagement] INFO  server.RaftServerConfigKeys (ConfUtils.java:logGet(46)) - raft.server.threadpool.client.cached = true (default)
2024-08-27 20:25:04,124 [d758e0a9-c5a1-4fd4-978f-3629e4af057b-groupManagement] INFO  server.RaftServerConfigKeys (ConfUtils.java:logGet(46)) - raft.server.threadpool.client.size = 0 (default)
2024-08-27 20:25:04,124 [d758e0a9-c5a1-4fd4-978f-3629e4af057b-groupManagement] INFO  server.RaftServerConfigKeys (ConfUtils.java:logGet(46)) - raft.server.storage.free-space.min = 0MB (=0) (default)
2024-08-27 20:25:04,124 [d758e0a9-c5a1-4fd4-978f-3629e4af057b-groupManagement] INFO  server.RaftServerConfigKeys (ConfUtils.java:logGet(46)) - raft.server.log.corruption.policy = EXCEPTION (default)
2024-08-27 20:25:04,124 [d758e0a9-c5a1-4fd4-978f-3629e4af057b-groupManagement] INFO  server.RaftServerConfigKeys (ConfUtils.java:logGet(46)) - raft.server.storage.dir = [/home/runner/work/ozone/ozone/hadoop-ozone/integration-test/target/test-dir/MiniOzoneClusterImpl-2855d785-c18f-47a1-bcca-44ce8ce60223/ozone-meta/datanode-2/ratis] (custom)
2024-08-27 20:25:04,124 [d758e0a9-c5a1-4fd4-978f-3629e4af057b-groupManagement] INFO  storage.RaftStorageDirectory (RaftStorageDirectoryImpl.java:analyzeStorage(138)) - The storage directory /home/runner/work/ozone/ozone/hadoop-ozone/integration-test/target/test-dir/MiniOzoneClusterImpl-2855d785-c18f-47a1-bcca-44ce8ce60223/ozone-meta/datanode-2/ratis/671c9ad9-d5da-4966-a96b-f6d99eda5a21 does not exist. Creating ...
2024-08-27 20:25:04,125 [9d1f9f5c-07b4-413f-b8b0-69aa045119d7-groupManagement] INFO  server.RaftServerConfigKeys (ConfUtils.java:logGet(46)) - raft.server.rpc.request.timeout = 60s (custom)
2024-08-27 20:25:04,125 [9d1f9f5c-07b4-413f-b8b0-69aa045119d7-groupManagement] INFO  server.RaftServerConfigKeys (ConfUtils.java:logGet(46)) - raft.server.log.appender.install.snapshot.enabled = false (custom)
2024-08-27 20:25:04,125 [9d1f9f5c-07b4-413f-b8b0-69aa045119d7-groupManagement] INFO  server.RaftServerConfigKeys (ConfUtils.java:logGet(46)) - raft.server.threadpool.server.cached = true (default)
2024-08-27 20:25:04,125 [9d1f9f5c-07b4-413f-b8b0-69aa045119d7-groupManagement] INFO  server.RaftServerConfigKeys (ConfUtils.java:logGet(46)) - raft.server.threadpool.server.size = 0 (default)
2024-08-27 20:25:04,125 [9d1f9f5c-07b4-413f-b8b0-69aa045119d7-groupManagement] INFO  server.RaftServerConfigKeys (ConfUtils.java:logGet(46)) - raft.server.threadpool.client.cached = true (default)
2024-08-27 20:25:04,125 [9d1f9f5c-07b4-413f-b8b0-69aa045119d7-groupManagement] INFO  server.RaftServerConfigKeys (ConfUtils.java:logGet(46)) - raft.server.threadpool.client.size = 0 (default)
2024-08-27 20:25:04,125 [9d1f9f5c-07b4-413f-b8b0-69aa045119d7-groupManagement] INFO  server.RaftServerConfigKeys (ConfUtils.java:logGet(46)) - raft.server.storage.free-space.min = 0MB (=0) (default)
2024-08-27 20:25:04,125 [9d1f9f5c-07b4-413f-b8b0-69aa045119d7-groupManagement] INFO  server.RaftServerConfigKeys (ConfUtils.java:logGet(46)) - raft.server.log.corruption.policy = EXCEPTION (default)
2024-08-27 20:25:04,125 [9d1f9f5c-07b4-413f-b8b0-69aa045119d7-groupManagement] INFO  server.RaftServerConfigKeys (ConfUtils.java:logGet(46)) - raft.server.storage.dir = [/home/runner/work/ozone/ozone/hadoop-ozone/integration-test/target/test-dir/MiniOzoneClusterImpl-2855d785-c18f-47a1-bcca-44ce8ce60223/ozone-meta/datanode-3/ratis] (custom)
2024-08-27 20:25:04,126 [9d1f9f5c-07b4-413f-b8b0-69aa045119d7-groupManagement] INFO  storage.RaftStorageDirectory (RaftStorageDirectoryImpl.java:analyzeStorage(138)) - The storage directory /home/runner/work/ozone/ozone/hadoop-ozone/integration-test/target/test-dir/MiniOzoneClusterImpl-2855d785-c18f-47a1-bcca-44ce8ce60223/ozone-meta/datanode-3/ratis/671c9ad9-d5da-4966-a96b-f6d99eda5a21 does not exist. Creating ...
2024-08-27 20:25:04,126 [d758e0a9-c5a1-4fd4-978f-3629e4af057b-groupManagement] INFO  storage.RaftStorageDirectory (RaftStorageDirectoryImpl.java:tryLock(229)) - Lock on /home/runner/work/ozone/ozone/hadoop-ozone/integration-test/target/test-dir/MiniOzoneClusterImpl-2855d785-c18f-47a1-bcca-44ce8ce60223/ozone-meta/datanode-2/ratis/671c9ad9-d5da-4966-a96b-f6d99eda5a21/in_use.lock acquired by nodename 43194@fv-az884-737
2024-08-27 20:25:04,127 [9d1f9f5c-07b4-413f-b8b0-69aa045119d7-groupManagement] INFO  storage.RaftStorageDirectory (RaftStorageDirectoryImpl.java:tryLock(229)) - Lock on /home/runner/work/ozone/ozone/hadoop-ozone/integration-test/target/test-dir/MiniOzoneClusterImpl-2855d785-c18f-47a1-bcca-44ce8ce60223/ozone-meta/datanode-3/ratis/671c9ad9-d5da-4966-a96b-f6d99eda5a21/in_use.lock acquired by nodename 43194@fv-az884-737
2024-08-27 20:25:04,129 [d758e0a9-c5a1-4fd4-978f-3629e4af057b-groupManagement] INFO  storage.RaftStorage (RaftStorageImpl.java:format(98)) - Storage directory /home/runner/work/ozone/ozone/hadoop-ozone/integration-test/target/test-dir/MiniOzoneClusterImpl-2855d785-c18f-47a1-bcca-44ce8ce60223/ozone-meta/datanode-2/ratis/671c9ad9-d5da-4966-a96b-f6d99eda5a21 has been successfully formatted.
2024-08-27 20:25:04,129 [9d1f9f5c-07b4-413f-b8b0-69aa045119d7-groupManagement] INFO  storage.RaftStorage (RaftStorageImpl.java:format(98)) - Storage directory /home/runner/work/ozone/ozone/hadoop-ozone/integration-test/target/test-dir/MiniOzoneClusterImpl-2855d785-c18f-47a1-bcca-44ce8ce60223/ozone-meta/datanode-3/ratis/671c9ad9-d5da-4966-a96b-f6d99eda5a21 has been successfully formatted.
2024-08-27 20:25:04,132 [d758e0a9-c5a1-4fd4-978f-3629e4af057b-groupManagement] INFO  ratis.ContainerStateMachine (ContainerStateMachine.java:loadSnapshot(295)) - group-F6D99EDA5A21: The snapshot info is null. Setting the last applied index to:(t:0, i:~)
2024-08-27 20:25:04,133 [d758e0a9-c5a1-4fd4-978f-3629e4af057b-groupManagement] INFO  server.RaftServerConfigKeys (ConfUtils.java:logGet(46)) - raft.server.log.use.memory = false (default)
2024-08-27 20:25:04,133 [d758e0a9-c5a1-4fd4-978f-3629e4af057b-groupManagement] INFO  server.RaftServerConfigKeys (ConfUtils.java:logGet(46)) - raft.server.log.purge.gap = 1000000 (custom)
2024-08-27 20:25:04,133 [d758e0a9-c5a1-4fd4-978f-3629e4af057b-groupManagement] INFO  server.RaftServerConfigKeys (ConfUtils.java:logGet(46)) - raft.server.log.appender.buffer.byte-limit = 8388608 (custom)
2024-08-27 20:25:04,133 [EventQueue-OpenPipelineForHealthyPipelineSafeModeRule] INFO  safemode.SCMSafeModeManager (HealthyPipelineSafeModeRule.java:process(140)) - SCM in safe mode. Healthy pipelines reported count is 0, required healthy pipeline reported count is 1
2024-08-27 20:25:04,134 [d758e0a9-c5a1-4fd4-978f-3629e4af057b-groupManagement] INFO  server.RaftServerConfigKeys (ConfUtils.java:logGet(46)) - raft.server.log.statemachine.data.read.timeout = 1000ms (default)
2024-08-27 20:25:04,135 [d758e0a9-c5a1-4fd4-978f-3629e4af057b-groupManagement] INFO  server.RaftServerConfigKeys (ConfUtils.java:logGet(46)) - raft.server.log.purge.preservation.log.num = 0 (default)
2024-08-27 20:25:04,136 [9d1f9f5c-07b4-413f-b8b0-69aa045119d7-groupManagement] INFO  ratis.ContainerStateMachine (ContainerStateMachine.java:loadSnapshot(295)) - group-F6D99EDA5A21: The snapshot info is null. Setting the last applied index to:(t:0, i:~)
2024-08-27 20:25:04,136 [9d1f9f5c-07b4-413f-b8b0-69aa045119d7-groupManagement] INFO  server.RaftServerConfigKeys (ConfUtils.java:logGet(46)) - raft.server.log.use.memory = false (default)
2024-08-27 20:25:04,136 [9d1f9f5c-07b4-413f-b8b0-69aa045119d7-groupManagement] INFO  server.RaftServerConfigKeys (ConfUtils.java:logGet(46)) - raft.server.log.purge.gap = 1000000 (custom)
2024-08-27 20:25:04,136 [9d1f9f5c-07b4-413f-b8b0-69aa045119d7-groupManagement] INFO  server.RaftServerConfigKeys (ConfUtils.java:logGet(46)) - raft.server.log.appender.buffer.byte-limit = 8388608 (custom)
2024-08-27 20:25:04,137 [9d1f9f5c-07b4-413f-b8b0-69aa045119d7-groupManagement] INFO  server.RaftServerConfigKeys (ConfUtils.java:logGet(46)) - raft.server.log.statemachine.data.read.timeout = 1000ms (default)
2024-08-27 20:25:04,137 [9d1f9f5c-07b4-413f-b8b0-69aa045119d7-groupManagement] INFO  server.RaftServerConfigKeys (ConfUtils.java:logGet(46)) - raft.server.log.purge.preservation.log.num = 0 (default)
2024-08-27 20:25:04,141 [d758e0a9-c5a1-4fd4-978f-3629e4af057b-groupManagement] INFO  server.RaftServerConfigKeys (ConfUtils.java:logGet(46)) - raft.server.log.segment.size.max = 67108864 (custom)
2024-08-27 20:25:04,141 [9d1f9f5c-07b4-413f-b8b0-69aa045119d7-groupManagement] INFO  server.RaftServerConfigKeys (ConfUtils.java:logGet(46)) - raft.server.log.segment.size.max = 67108864 (custom)
2024-08-27 20:25:04,143 [d758e0a9-c5a1-4fd4-978f-3629e4af057b-groupManagement] INFO  server.RaftServerConfigKeys (ConfUtils.java:logGet(46)) - raft.server.log.segment.cache.num.max = 2 (custom)
2024-08-27 20:25:04,143 [9d1f9f5c-07b4-413f-b8b0-69aa045119d7-groupManagement] INFO  server.RaftServerConfigKeys (ConfUtils.java:logGet(46)) - raft.server.log.segment.cache.num.max = 2 (custom)
2024-08-27 20:25:04,144 [9d1f9f5c-07b4-413f-b8b0-69aa045119d7-groupManagement] INFO  server.RaftServerConfigKeys (ConfUtils.java:logGet(46)) - raft.server.log.segment.cache.size.max = 200MB (=209715200) (default)
2024-08-27 20:25:04,144 [9d1f9f5c-07b4-413f-b8b0-69aa045119d7-groupManagement] INFO  server.RaftServerConfigKeys (ConfUtils.java:logGet(46)) - raft.server.log.appender.buffer.byte-limit = 8388608 (custom)
2024-08-27 20:25:04,144 [d758e0a9-c5a1-4fd4-978f-3629e4af057b-groupManagement] INFO  server.RaftServerConfigKeys (ConfUtils.java:logGet(46)) - raft.server.log.segment.cache.size.max = 200MB (=209715200) (default)
2024-08-27 20:25:04,144 [d758e0a9-c5a1-4fd4-978f-3629e4af057b-groupManagement] INFO  server.RaftServerConfigKeys (ConfUtils.java:logGet(46)) - raft.server.log.appender.buffer.byte-limit = 8388608 (custom)
2024-08-27 20:25:04,145 [9d1f9f5c-07b4-413f-b8b0-69aa045119d7-groupManagement] INFO  util.AwaitToRun (AwaitToRun.java:start(81)) - Thread[9d1f9f5c-07b4-413f-b8b0-69aa045119d7@group-F6D99EDA5A21-cacheEviction-AwaitToRun,5,main] started
2024-08-27 20:25:04,145 [9d1f9f5c-07b4-413f-b8b0-69aa045119d7-groupManagement] INFO  segmented.SegmentedRaftLogWorker (SegmentedRaftLogWorker.java:<init>(184)) - new 9d1f9f5c-07b4-413f-b8b0-69aa045119d7@group-F6D99EDA5A21-SegmentedRaftLogWorker for RaftStorageImpl:Storage Directory /home/runner/work/ozone/ozone/hadoop-ozone/integration-test/target/test-dir/MiniOzoneClusterImpl-2855d785-c18f-47a1-bcca-44ce8ce60223/ozone-meta/datanode-3/ratis/671c9ad9-d5da-4966-a96b-f6d99eda5a21
2024-08-27 20:25:04,145 [9d1f9f5c-07b4-413f-b8b0-69aa045119d7-groupManagement] INFO  server.RaftServerConfigKeys (ConfUtils.java:logGet(46)) - raft.server.log.queue.byte-limit = 4294967296 (custom)
2024-08-27 20:25:04,145 [9d1f9f5c-07b4-413f-b8b0-69aa045119d7-groupManagement] INFO  server.RaftServerConfigKeys (ConfUtils.java:logGet(46)) - raft.server.log.queue.element-limit = 1024 (custom)
2024-08-27 20:25:04,145 [9d1f9f5c-07b4-413f-b8b0-69aa045119d7-groupManagement] INFO  server.RaftServerConfigKeys (ConfUtils.java:logGet(46)) - raft.server.log.segment.size.max = 67108864 (custom)
2024-08-27 20:25:04,146 [9d1f9f5c-07b4-413f-b8b0-69aa045119d7-groupManagement] INFO  server.RaftServerConfigKeys (ConfUtils.java:logGet(46)) - raft.server.log.preallocated.size = 4194304 (custom)
2024-08-27 20:25:04,146 [9d1f9f5c-07b4-413f-b8b0-69aa045119d7-groupManagement] INFO  server.RaftServerConfigKeys (ConfUtils.java:logGet(46)) - raft.server.log.force.sync.num = 128 (default)
2024-08-27 20:25:04,146 [9d1f9f5c-07b4-413f-b8b0-69aa045119d7-groupManagement] INFO  server.RaftServerConfigKeys (ConfUtils.java:logGet(46)) - raft.server.log.statemachine.data.sync = true (default)
2024-08-27 20:25:04,146 [9d1f9f5c-07b4-413f-b8b0-69aa045119d7-groupManagement] INFO  server.RaftServerConfigKeys (ConfUtils.java:logGet(46)) - raft.server.log.statemachine.data.sync.timeout = 10s (default)
2024-08-27 20:25:04,146 [9d1f9f5c-07b4-413f-b8b0-69aa045119d7-groupManagement] INFO  server.RaftServerConfigKeys (ConfUtils.java:logGet(46)) - raft.server.log.statemachine.data.sync.timeout.retry = 30 (custom)
2024-08-27 20:25:04,146 [9d1f9f5c-07b4-413f-b8b0-69aa045119d7-groupManagement] INFO  server.RaftServerConfigKeys (ConfUtils.java:logGet(46)) - raft.server.log.write.buffer.size = 8388616 (custom)
2024-08-27 20:25:04,147 [d758e0a9-c5a1-4fd4-978f-3629e4af057b-groupManagement] INFO  util.AwaitToRun (AwaitToRun.java:start(81)) - Thread[d758e0a9-c5a1-4fd4-978f-3629e4af057b@group-F6D99EDA5A21-cacheEviction-AwaitToRun,5,main] started
2024-08-27 20:25:04,147 [d758e0a9-c5a1-4fd4-978f-3629e4af057b-groupManagement] INFO  segmented.SegmentedRaftLogWorker (SegmentedRaftLogWorker.java:<init>(184)) - new d758e0a9-c5a1-4fd4-978f-3629e4af057b@group-F6D99EDA5A21-SegmentedRaftLogWorker for RaftStorageImpl:Storage Directory /home/runner/work/ozone/ozone/hadoop-ozone/integration-test/target/test-dir/MiniOzoneClusterImpl-2855d785-c18f-47a1-bcca-44ce8ce60223/ozone-meta/datanode-2/ratis/671c9ad9-d5da-4966-a96b-f6d99eda5a21
2024-08-27 20:25:04,147 [d758e0a9-c5a1-4fd4-978f-3629e4af057b-groupManagement] INFO  server.RaftServerConfigKeys (ConfUtils.java:logGet(46)) - raft.server.log.queue.byte-limit = 4294967296 (custom)
2024-08-27 20:25:04,147 [d758e0a9-c5a1-4fd4-978f-3629e4af057b-groupManagement] INFO  server.RaftServerConfigKeys (ConfUtils.java:logGet(46)) - raft.server.log.queue.element-limit = 1024 (custom)
2024-08-27 20:25:04,147 [d758e0a9-c5a1-4fd4-978f-3629e4af057b-groupManagement] INFO  server.RaftServerConfigKeys (ConfUtils.java:logGet(46)) - raft.server.log.segment.size.max = 67108864 (custom)
2024-08-27 20:25:04,147 [d758e0a9-c5a1-4fd4-978f-3629e4af057b-groupManagement] INFO  server.RaftServerConfigKeys (ConfUtils.java:logGet(46)) - raft.server.log.preallocated.size = 4194304 (custom)
2024-08-27 20:25:04,147 [d758e0a9-c5a1-4fd4-978f-3629e4af057b-groupManagement] INFO  server.RaftServerConfigKeys (ConfUtils.java:logGet(46)) - raft.server.log.force.sync.num = 128 (default)
2024-08-27 20:25:04,147 [d758e0a9-c5a1-4fd4-978f-3629e4af057b-groupManagement] INFO  server.RaftServerConfigKeys (ConfUtils.java:logGet(46)) - raft.server.log.statemachine.data.sync = true (default)
2024-08-27 20:25:04,147 [d758e0a9-c5a1-4fd4-978f-3629e4af057b-groupManagement] INFO  server.RaftServerConfigKeys (ConfUtils.java:logGet(46)) - raft.server.log.statemachine.data.sync.timeout = 10s (default)
2024-08-27 20:25:04,147 [d758e0a9-c5a1-4fd4-978f-3629e4af057b-groupManagement] INFO  server.RaftServerConfigKeys (ConfUtils.java:logGet(46)) - raft.server.log.statemachine.data.sync.timeout.retry = 30 (custom)
2024-08-27 20:25:04,148 [d758e0a9-c5a1-4fd4-978f-3629e4af057b-groupManagement] INFO  server.RaftServerConfigKeys (ConfUtils.java:logGet(46)) - raft.server.log.write.buffer.size = 8388616 (custom)
2024-08-27 20:25:04,148 [9d1f9f5c-07b4-413f-b8b0-69aa045119d7-groupManagement] INFO  server.RaftServerConfigKeys (ConfUtils.java:logGet(46)) - raft.server.log.appender.buffer.byte-limit = 8388608 (custom)
2024-08-27 20:25:04,148 [9d1f9f5c-07b4-413f-b8b0-69aa045119d7-groupManagement] INFO  server.RaftServerConfigKeys (ConfUtils.java:logGet(46)) - raft.server.log.unsafe-flush.enabled = false (default)
2024-08-27 20:25:04,149 [9d1f9f5c-07b4-413f-b8b0-69aa045119d7-groupManagement] INFO  server.RaftServerConfigKeys (ConfUtils.java:logGet(46)) - raft.server.log.async-flush.enabled = false (default)
2024-08-27 20:25:04,149 [9d1f9f5c-07b4-413f-b8b0-69aa045119d7-groupManagement] INFO  server.RaftServerConfigKeys (ConfUtils.java:logGet(46)) - raft.server.log.statemachine.data.caching.enabled = true (custom)
2024-08-27 20:25:04,149 [9d1f9f5c-07b4-413f-b8b0-69aa045119d7-groupManagement] INFO  segmented.SegmentedRaftLogWorker (SegmentedRaftLogWorker.java:lambda$new$0(135)) - 9d1f9f5c-07b4-413f-b8b0-69aa045119d7@group-F6D99EDA5A21-SegmentedRaftLogWorker: flushIndex: setUnconditionally 0 -> -1
2024-08-27 20:25:04,149 [9d1f9f5c-07b4-413f-b8b0-69aa045119d7-groupManagement] INFO  segmented.SegmentedRaftLogWorker (SegmentedRaftLogWorker.java:lambda$new$0(135)) - 9d1f9f5c-07b4-413f-b8b0-69aa045119d7@group-F6D99EDA5A21-SegmentedRaftLogWorker: safeCacheEvictIndex: setUnconditionally 0 -> -1
2024-08-27 20:25:04,149 [9d1f9f5c-07b4-413f-b8b0-69aa045119d7-groupManagement] INFO  server.RaftServer$Division (RaftServerImpl.java:start(389)) - 9d1f9f5c-07b4-413f-b8b0-69aa045119d7@group-F6D99EDA5A21: start as a follower, conf=conf: {index: -1, cur=peers:[b5b9165f-6528-4062-9715-63d706d5309e|127.0.0.1:15012, d758e0a9-c5a1-4fd4-978f-3629e4af057b|127.0.0.1:15021, 9d1f9f5c-07b4-413f-b8b0-69aa045119d7|127.0.0.1:15030]|listeners:[], old=null}
2024-08-27 20:25:04,149 [9d1f9f5c-07b4-413f-b8b0-69aa045119d7-groupManagement] INFO  server.RaftServer$Division (RaftServerImpl.java:setRole(376)) - 9d1f9f5c-07b4-413f-b8b0-69aa045119d7@group-F6D99EDA5A21: changes role from      null to FOLLOWER at term 0 for startAsFollower
2024-08-27 20:25:04,149 [9d1f9f5c-07b4-413f-b8b0-69aa045119d7-groupManagement] INFO  impl.RoleInfo (RoleInfo.java:updateAndGet(148)) - 9d1f9f5c-07b4-413f-b8b0-69aa045119d7: start 9d1f9f5c-07b4-413f-b8b0-69aa045119d7@group-F6D99EDA5A21-FollowerState
2024-08-27 20:25:04,150 [d758e0a9-c5a1-4fd4-978f-3629e4af057b-groupManagement] INFO  server.RaftServerConfigKeys (ConfUtils.java:logGet(46)) - raft.server.log.appender.buffer.byte-limit = 8388608 (custom)
2024-08-27 20:25:04,150 [d758e0a9-c5a1-4fd4-978f-3629e4af057b-groupManagement] INFO  server.RaftServerConfigKeys (ConfUtils.java:logGet(46)) - raft.server.log.unsafe-flush.enabled = false (default)
2024-08-27 20:25:04,150 [d758e0a9-c5a1-4fd4-978f-3629e4af057b-groupManagement] INFO  server.RaftServerConfigKeys (ConfUtils.java:logGet(46)) - raft.server.log.async-flush.enabled = false (default)
2024-08-27 20:25:04,150 [d758e0a9-c5a1-4fd4-978f-3629e4af057b-groupManagement] INFO  server.RaftServerConfigKeys (ConfUtils.java:logGet(46)) - raft.server.log.statemachine.data.caching.enabled = true (custom)
2024-08-27 20:25:04,150 [d758e0a9-c5a1-4fd4-978f-3629e4af057b-groupManagement] INFO  segmented.SegmentedRaftLogWorker (SegmentedRaftLogWorker.java:lambda$new$0(135)) - d758e0a9-c5a1-4fd4-978f-3629e4af057b@group-F6D99EDA5A21-SegmentedRaftLogWorker: flushIndex: setUnconditionally 0 -> -1
2024-08-27 20:25:04,150 [d758e0a9-c5a1-4fd4-978f-3629e4af057b-groupManagement] INFO  segmented.SegmentedRaftLogWorker (SegmentedRaftLogWorker.java:lambda$new$0(135)) - d758e0a9-c5a1-4fd4-978f-3629e4af057b@group-F6D99EDA5A21-SegmentedRaftLogWorker: safeCacheEvictIndex: setUnconditionally 0 -> -1
2024-08-27 20:25:04,154 [9d1f9f5c-07b4-413f-b8b0-69aa045119d7-groupManagement] INFO  util.JmxRegister (JmxRegister.java:tryRegister(44)) - Successfully registered JMX Bean with object name Ratis:service=RaftServer,group=group-F6D99EDA5A21,id=9d1f9f5c-07b4-413f-b8b0-69aa045119d7
2024-08-27 20:25:04,154 [9d1f9f5c-07b4-413f-b8b0-69aa045119d7-groupManagement] INFO  util.JmxRegister (JmxRegister.java:register(58)) - register mxBean class org.apache.ratis.server.impl.RaftServerJmxAdapter as Ratis:service=RaftServer,group=group-F6D99EDA5A21,id=9d1f9f5c-07b4-413f-b8b0-69aa045119d7
2024-08-27 20:25:04,154 [9d1f9f5c-07b4-413f-b8b0-69aa045119d7-groupManagement] INFO  server.RaftServerConfigKeys (ConfUtils.java:logGet(46)) - raft.server.snapshot.trigger-when-stop.enabled = true (default)
2024-08-27 20:25:04,154 [9d1f9f5c-07b4-413f-b8b0-69aa045119d7-groupManagement] INFO  server.RaftServerConfigKeys (ConfUtils.java:logGet(46)) - raft.server.snapshot.trigger-when-remove.enabled = true (default)
2024-08-27 20:25:04,155 [9d1f9f5c-07b4-413f-b8b0-69aa045119d7-groupManagement] INFO  server.RaftServerConfigKeys (ConfUtils.java:logGet(46)) - raft.server.snapshot.auto.trigger.enabled = true (custom)
2024-08-27 20:25:04,155 [9d1f9f5c-07b4-413f-b8b0-69aa045119d7-groupManagement] INFO  server.RaftServerConfigKeys (ConfUtils.java:logGet(46)) - raft.server.snapshot.auto.trigger.threshold = 10000 (custom)
2024-08-27 20:25:04,155 [9d1f9f5c-07b4-413f-b8b0-69aa045119d7-groupManagement] INFO  server.RaftServerConfigKeys (ConfUtils.java:logGet(46)) - raft.server.snapshot.retention.file.num = 5 (custom)
2024-08-27 20:25:04,155 [9d1f9f5c-07b4-413f-b8b0-69aa045119d7-groupManagement] INFO  server.RaftServerConfigKeys (ConfUtils.java:logGet(46)) - raft.server.log.purge.upto.snapshot.index = false (default)
2024-08-27 20:25:04,155 [9d1f9f5c-07b4-413f-b8b0-69aa045119d7@group-F6D99EDA5A21-FollowerState] INFO  server.RaftServerConfigKeys (ConfUtils.java:logFallback(53)) - raft.server.rpc.first-election.timeout.min = 5s (fallback to raft.server.rpc.timeout.min)
2024-08-27 20:25:04,156 [9d1f9f5c-07b4-413f-b8b0-69aa045119d7@group-F6D99EDA5A21-FollowerState] INFO  server.RaftServerConfigKeys (ConfUtils.java:logFallback(53)) - raft.server.rpc.first-election.timeout.max = 5200ms (fallback to raft.server.rpc.timeout.max)
2024-08-27 20:25:04,158 [d758e0a9-c5a1-4fd4-978f-3629e4af057b-groupManagement] INFO  server.RaftServer$Division (RaftServerImpl.java:start(389)) - d758e0a9-c5a1-4fd4-978f-3629e4af057b@group-F6D99EDA5A21: start as a follower, conf=conf: {index: -1, cur=peers:[b5b9165f-6528-4062-9715-63d706d5309e|127.0.0.1:15012, d758e0a9-c5a1-4fd4-978f-3629e4af057b|127.0.0.1:15021, 9d1f9f5c-07b4-413f-b8b0-69aa045119d7|127.0.0.1:15030]|listeners:[], old=null}
2024-08-27 20:25:04,158 [d758e0a9-c5a1-4fd4-978f-3629e4af057b-groupManagement] INFO  server.RaftServer$Division (RaftServerImpl.java:setRole(376)) - d758e0a9-c5a1-4fd4-978f-3629e4af057b@group-F6D99EDA5A21: changes role from      null to FOLLOWER at term 0 for startAsFollower
2024-08-27 20:25:04,158 [d758e0a9-c5a1-4fd4-978f-3629e4af057b-groupManagement] INFO  impl.RoleInfo (RoleInfo.java:updateAndGet(148)) - d758e0a9-c5a1-4fd4-978f-3629e4af057b: start d758e0a9-c5a1-4fd4-978f-3629e4af057b@group-F6D99EDA5A21-FollowerState
2024-08-27 20:25:04,159 [d758e0a9-c5a1-4fd4-978f-3629e4af057b-groupManagement] INFO  util.JmxRegister (JmxRegister.java:tryRegister(44)) - Successfully registered JMX Bean with object name Ratis:service=RaftServer,group=group-F6D99EDA5A21,id=d758e0a9-c5a1-4fd4-978f-3629e4af057b
2024-08-27 20:25:04,159 [d758e0a9-c5a1-4fd4-978f-3629e4af057b-groupManagement] INFO  util.JmxRegister (JmxRegister.java:register(58)) - register mxBean class org.apache.ratis.server.impl.RaftServerJmxAdapter as Ratis:service=RaftServer,group=group-F6D99EDA5A21,id=d758e0a9-c5a1-4fd4-978f-3629e4af057b
2024-08-27 20:25:04,159 [d758e0a9-c5a1-4fd4-978f-3629e4af057b-groupManagement] INFO  server.RaftServerConfigKeys (ConfUtils.java:logGet(46)) - raft.server.snapshot.trigger-when-stop.enabled = true (default)
2024-08-27 20:25:04,159 [d758e0a9-c5a1-4fd4-978f-3629e4af057b-groupManagement] INFO  server.RaftServerConfigKeys (ConfUtils.java:logGet(46)) - raft.server.snapshot.trigger-when-remove.enabled = true (default)
2024-08-27 20:25:04,159 [d758e0a9-c5a1-4fd4-978f-3629e4af057b-groupManagement] INFO  server.RaftServerConfigKeys (ConfUtils.java:logGet(46)) - raft.server.snapshot.auto.trigger.enabled = true (custom)
2024-08-27 20:25:04,159 [d758e0a9-c5a1-4fd4-978f-3629e4af057b-groupManagement] INFO  server.RaftServerConfigKeys (ConfUtils.java:logGet(46)) - raft.server.snapshot.auto.trigger.threshold = 10000 (custom)
2024-08-27 20:25:04,159 [d758e0a9-c5a1-4fd4-978f-3629e4af057b-groupManagement] INFO  server.RaftServerConfigKeys (ConfUtils.java:logGet(46)) - raft.server.snapshot.retention.file.num = 5 (custom)
2024-08-27 20:25:04,159 [d758e0a9-c5a1-4fd4-978f-3629e4af057b-groupManagement] INFO  server.RaftServerConfigKeys (ConfUtils.java:logGet(46)) - raft.server.log.purge.upto.snapshot.index = false (default)
2024-08-27 20:25:04,161 [d758e0a9-c5a1-4fd4-978f-3629e4af057b@group-F6D99EDA5A21-FollowerState] INFO  server.RaftServerConfigKeys (ConfUtils.java:logFallback(53)) - raft.server.rpc.first-election.timeout.min = 5s (fallback to raft.server.rpc.timeout.min)
2024-08-27 20:25:04,161 [d758e0a9-c5a1-4fd4-978f-3629e4af057b@group-F6D99EDA5A21-FollowerState] INFO  server.RaftServerConfigKeys (ConfUtils.java:logFallback(53)) - raft.server.rpc.first-election.timeout.max = 5200ms (fallback to raft.server.rpc.timeout.max)
2024-08-27 20:25:04,167 [d758e0a9-c5a1-4fd4-978f-3629e4af057b-PipelineCommandHandlerThread-0] INFO  ratis.XceiverServerRatis (XceiverServerRatis.java:addGroup(849)) - Created group PipelineID=671c9ad9-d5da-4966-a96b-f6d99eda5a21
2024-08-27 20:25:04,182 [main] INFO  ozone.MiniOzoneClusterImpl (MiniOzoneClusterImpl.java:lambda$waitForClusterToBeReady$0(198)) - Nodes are ready. Got 5 of 5 DN Heartbeats.
2024-08-27 20:25:04,182 [main] INFO  ozone.MiniOzoneClusterImpl (MiniOzoneClusterImpl.java:lambda$waitForClusterToBeReady$0(201)) - Waiting for cluster to exit safe mode
2024-08-27 20:25:04,182 [main] INFO  ozone.MiniOzoneClusterImpl (MiniOzoneClusterImpl.java:lambda$waitForClusterToBeReady$0(203)) - SCM became leader
2024-08-27 20:25:04,218 [b5b9165f-6528-4062-9715-63d706d5309e-PipelineCommandHandlerThread-0] INFO  commandhandler.CreatePipelineCommandHandler (CreatePipelineCommandHandler.java:lambda$handle$2(124)) - Created Pipeline RATIS THREE PipelineID=671c9ad9-d5da-4966-a96b-f6d99eda5a21.
2024-08-27 20:25:04,218 [b5b9165f-6528-4062-9715-63d706d5309e-PipelineCommandHandlerThread-0] INFO  server.RaftServer (RaftServerProxy.java:addNew(101)) - b5b9165f-6528-4062-9715-63d706d5309e: addNew group-304231B6B230:[b5b9165f-6528-4062-9715-63d706d5309e|127.0.0.1:15012, d758e0a9-c5a1-4fd4-978f-3629e4af057b|127.0.0.1:15021, 9d1f9f5c-07b4-413f-b8b0-69aa045119d7|127.0.0.1:15030] returns group-304231B6B230:java.util.concurrent.CompletableFuture@69d72e61[Not completed]
2024-08-27 20:25:04,220 [b5b9165f-6528-4062-9715-63d706d5309e-groupManagement] INFO  server.RaftServer$Division (RaftServerImpl.java:<init>(253)) - b5b9165f-6528-4062-9715-63d706d5309e: new RaftServerImpl for group-304231B6B230:[b5b9165f-6528-4062-9715-63d706d5309e|127.0.0.1:15012, d758e0a9-c5a1-4fd4-978f-3629e4af057b|127.0.0.1:15021, 9d1f9f5c-07b4-413f-b8b0-69aa045119d7|127.0.0.1:15030] with ContainerStateMachine:uninitialized
2024-08-27 20:25:04,220 [b5b9165f-6528-4062-9715-63d706d5309e-groupManagement] INFO  server.RaftServerConfigKeys (ConfUtils.java:logGet(46)) - raft.server.rpc.timeout.min = 5s (custom)
2024-08-27 20:25:04,220 [b5b9165f-6528-4062-9715-63d706d5309e-groupManagement] INFO  server.RaftServerConfigKeys (ConfUtils.java:logGet(46)) - raft.server.rpc.timeout.max = 5200ms (custom)
2024-08-27 20:25:04,220 [b5b9165f-6528-4062-9715-63d706d5309e-groupManagement] INFO  server.RaftServerConfigKeys (ConfUtils.java:logGet(46)) - raft.server.rpc.sleep.time = 25ms (default)
2024-08-27 20:25:04,220 [b5b9165f-6528-4062-9715-63d706d5309e-groupManagement] INFO  server.RaftServerConfigKeys (ConfUtils.java:logGet(46)) - raft.server.rpc.slowness.timeout = 300s (custom)
2024-08-27 20:25:04,221 [b5b9165f-6528-4062-9715-63d706d5309e-groupManagement] INFO  server.RaftServerConfigKeys (ConfUtils.java:logGet(46)) - raft.server.leaderelection.leader.step-down.wait-time = 10s (default)
2024-08-27 20:25:04,221 [b5b9165f-6528-4062-9715-63d706d5309e-groupManagement] INFO  server.RaftServerConfigKeys (ConfUtils.java:logGet(46)) - raft.server.leaderelection.member.majority-add = false (default)
2024-08-27 20:25:04,221 [b5b9165f-6528-4062-9715-63d706d5309e-groupManagement] INFO  server.RaftServerConfigKeys (ConfUtils.java:logGet(46)) - raft.server.sleep.deviation.threshold = 300ms (default)
2024-08-27 20:25:04,221 [b5b9165f-6528-4062-9715-63d706d5309e-groupManagement] INFO  server.RaftServer$Division (ServerState.java:<init>(114)) - b5b9165f-6528-4062-9715-63d706d5309e@group-304231B6B230: ConfigurationManager, init=conf: {index: -1, cur=peers:[b5b9165f-6528-4062-9715-63d706d5309e|127.0.0.1:15012, d758e0a9-c5a1-4fd4-978f-3629e4af057b|127.0.0.1:15021, 9d1f9f5c-07b4-413f-b8b0-69aa045119d7|127.0.0.1:15030]|listeners:[], old=null}, confs=<EMPTY_MAP>
2024-08-27 20:25:04,221 [b5b9165f-6528-4062-9715-63d706d5309e-groupManagement] INFO  server.RaftServerConfigKeys (ConfUtils.java:logGet(46)) - raft.server.notification.no-leader.timeout = 300s (custom)
2024-08-27 20:25:04,221 [b5b9165f-6528-4062-9715-63d706d5309e-groupManagement] INFO  server.RaftServerConfigKeys (ConfUtils.java:logGet(46)) - raft.server.read.timeout = 10s (default)
2024-08-27 20:25:04,221 [b5b9165f-6528-4062-9715-63d706d5309e-groupManagement] INFO  server.RaftServerConfigKeys (ConfUtils.java:logGet(46)) - raft.server.retrycache.expirytime = 600000ms (custom)
2024-08-27 20:25:04,221 [b5b9165f-6528-4062-9715-63d706d5309e-groupManagement] INFO  server.RaftServerConfigKeys (ConfUtils.java:logGet(46)) - raft.server.retrycache.statistics.expirytime = 100ms (default)
2024-08-27 20:25:04,221 [b5b9165f-6528-4062-9715-63d706d5309e-groupManagement] INFO  server.RaftServerConfigKeys (ConfUtils.java:logGet(46)) - raft.server.read.option = DEFAULT (default)
2024-08-27 20:25:04,221 [b5b9165f-6528-4062-9715-63d706d5309e-groupManagement] INFO  server.RaftServerConfigKeys (ConfUtils.java:logGet(46)) - raft.server.read.read-after-write-consistent.write-index-cache.expiry-time = 60s (default)
2024-08-27 20:25:04,233 [b5b9165f-6528-4062-9715-63d706d5309e-groupManagement] INFO  server.RaftServerConfigKeys (ConfUtils.java:logGet(46)) - raft.server.rpc.request.timeout = 60s (custom)
2024-08-27 20:25:04,233 [b5b9165f-6528-4062-9715-63d706d5309e-groupManagement] INFO  server.RaftServerConfigKeys (ConfUtils.java:logGet(46)) - raft.server.log.appender.install.snapshot.enabled = false (custom)
2024-08-27 20:25:04,233 [b5b9165f-6528-4062-9715-63d706d5309e-groupManagement] INFO  server.RaftServerConfigKeys (ConfUtils.java:logGet(46)) - raft.server.threadpool.server.cached = true (default)
2024-08-27 20:25:04,233 [b5b9165f-6528-4062-9715-63d706d5309e-groupManagement] INFO  server.RaftServerConfigKeys (ConfUtils.java:logGet(46)) - raft.server.threadpool.server.size = 0 (default)
2024-08-27 20:25:04,233 [b5b9165f-6528-4062-9715-63d706d5309e-groupManagement] INFO  server.RaftServerConfigKeys (ConfUtils.java:logGet(46)) - raft.server.threadpool.client.cached = true (default)
2024-08-27 20:25:04,233 [b5b9165f-6528-4062-9715-63d706d5309e-groupManagement] INFO  server.RaftServerConfigKeys (ConfUtils.java:logGet(46)) - raft.server.threadpool.client.size = 0 (default)
2024-08-27 20:25:04,233 [b5b9165f-6528-4062-9715-63d706d5309e-groupManagement] INFO  server.RaftServerConfigKeys (ConfUtils.java:logGet(46)) - raft.server.storage.free-space.min = 0MB (=0) (default)
2024-08-27 20:25:04,233 [b5b9165f-6528-4062-9715-63d706d5309e-groupManagement] INFO  server.RaftServerConfigKeys (ConfUtils.java:logGet(46)) - raft.server.log.corruption.policy = EXCEPTION (default)
2024-08-27 20:25:04,233 [b5b9165f-6528-4062-9715-63d706d5309e-groupManagement] INFO  server.RaftServerConfigKeys (ConfUtils.java:logGet(46)) - raft.server.storage.dir = [/home/runner/work/ozone/ozone/hadoop-ozone/integration-test/target/test-dir/MiniOzoneClusterImpl-2855d785-c18f-47a1-bcca-44ce8ce60223/ozone-meta/datanode-1/ratis] (custom)
2024-08-27 20:25:04,234 [b5b9165f-6528-4062-9715-63d706d5309e-groupManagement] INFO  storage.RaftStorageDirectory (RaftStorageDirectoryImpl.java:analyzeStorage(138)) - The storage directory /home/runner/work/ozone/ozone/hadoop-ozone/integration-test/target/test-dir/MiniOzoneClusterImpl-2855d785-c18f-47a1-bcca-44ce8ce60223/ozone-meta/datanode-1/ratis/1a4e5420-6724-4a1d-aa95-304231b6b230 does not exist. Creating ...
2024-08-27 20:25:04,236 [b5b9165f-6528-4062-9715-63d706d5309e-groupManagement] INFO  storage.RaftStorageDirectory (RaftStorageDirectoryImpl.java:tryLock(229)) - Lock on /home/runner/work/ozone/ozone/hadoop-ozone/integration-test/target/test-dir/MiniOzoneClusterImpl-2855d785-c18f-47a1-bcca-44ce8ce60223/ozone-meta/datanode-1/ratis/1a4e5420-6724-4a1d-aa95-304231b6b230/in_use.lock acquired by nodename 43194@fv-az884-737
2024-08-27 20:25:04,239 [b5b9165f-6528-4062-9715-63d706d5309e-groupManagement] INFO  storage.RaftStorage (RaftStorageImpl.java:format(98)) - Storage directory /home/runner/work/ozone/ozone/hadoop-ozone/integration-test/target/test-dir/MiniOzoneClusterImpl-2855d785-c18f-47a1-bcca-44ce8ce60223/ozone-meta/datanode-1/ratis/1a4e5420-6724-4a1d-aa95-304231b6b230 has been successfully formatted.
2024-08-27 20:25:04,239 [b5b9165f-6528-4062-9715-63d706d5309e-groupManagement] INFO  ratis.ContainerStateMachine (ContainerStateMachine.java:loadSnapshot(295)) - group-304231B6B230: The snapshot info is null. Setting the last applied index to:(t:0, i:~)
2024-08-27 20:25:04,240 [b5b9165f-6528-4062-9715-63d706d5309e-groupManagement] INFO  server.RaftServerConfigKeys (ConfUtils.java:logGet(46)) - raft.server.log.use.memory = false (default)
2024-08-27 20:25:04,240 [b5b9165f-6528-4062-9715-63d706d5309e-groupManagement] INFO  server.RaftServerConfigKeys (ConfUtils.java:logGet(46)) - raft.server.log.purge.gap = 1000000 (custom)
2024-08-27 20:25:04,240 [b5b9165f-6528-4062-9715-63d706d5309e-groupManagement] INFO  server.RaftServerConfigKeys (ConfUtils.java:logGet(46)) - raft.server.log.appender.buffer.byte-limit = 8388608 (custom)
2024-08-27 20:25:04,240 [b5b9165f-6528-4062-9715-63d706d5309e-groupManagement] INFO  server.RaftServerConfigKeys (ConfUtils.java:logGet(46)) - raft.server.log.statemachine.data.read.timeout = 1000ms (default)
2024-08-27 20:25:04,240 [b5b9165f-6528-4062-9715-63d706d5309e-groupManagement] INFO  server.RaftServerConfigKeys (ConfUtils.java:logGet(46)) - raft.server.log.purge.preservation.log.num = 0 (default)
2024-08-27 20:25:04,242 [b5b9165f-6528-4062-9715-63d706d5309e-groupManagement] INFO  server.RaftServerConfigKeys (ConfUtils.java:logGet(46)) - raft.server.log.segment.size.max = 67108864 (custom)
2024-08-27 20:25:04,243 [EventQueue-OpenPipelineForHealthyPipelineSafeModeRule] INFO  safemode.SCMSafeModeManager (HealthyPipelineSafeModeRule.java:process(140)) - SCM in safe mode. Healthy pipelines reported count is 0, required healthy pipeline reported count is 1
2024-08-27 20:25:04,244 [b5b9165f-6528-4062-9715-63d706d5309e-groupManagement] INFO  server.RaftServerConfigKeys (ConfUtils.java:logGet(46)) - raft.server.log.segment.cache.num.max = 2 (custom)
2024-08-27 20:25:04,245 [d758e0a9-c5a1-4fd4-978f-3629e4af057b-PipelineCommandHandlerThread-0] INFO  commandhandler.CreatePipelineCommandHandler (CreatePipelineCommandHandler.java:lambda$handle$2(124)) - Created Pipeline RATIS THREE PipelineID=671c9ad9-d5da-4966-a96b-f6d99eda5a21.
2024-08-27 20:25:04,245 [b5b9165f-6528-4062-9715-63d706d5309e-groupManagement] INFO  server.RaftServerConfigKeys (ConfUtils.java:logGet(46)) - raft.server.log.segment.cache.size.max = 200MB (=209715200) (default)
2024-08-27 20:25:04,246 [b5b9165f-6528-4062-9715-63d706d5309e-groupManagement] INFO  server.RaftServerConfigKeys (ConfUtils.java:logGet(46)) - raft.server.log.appender.buffer.byte-limit = 8388608 (custom)
2024-08-27 20:25:04,247 [b5b9165f-6528-4062-9715-63d706d5309e-groupManagement] INFO  util.AwaitToRun (AwaitToRun.java:start(81)) - Thread[b5b9165f-6528-4062-9715-63d706d5309e@group-304231B6B230-cacheEviction-AwaitToRun,5,main] started
2024-08-27 20:25:04,247 [b5b9165f-6528-4062-9715-63d706d5309e-groupManagement] INFO  segmented.SegmentedRaftLogWorker (SegmentedRaftLogWorker.java:<init>(184)) - new b5b9165f-6528-4062-9715-63d706d5309e@group-304231B6B230-SegmentedRaftLogWorker for RaftStorageImpl:Storage Directory /home/runner/work/ozone/ozone/hadoop-ozone/integration-test/target/test-dir/MiniOzoneClusterImpl-2855d785-c18f-47a1-bcca-44ce8ce60223/ozone-meta/datanode-1/ratis/1a4e5420-6724-4a1d-aa95-304231b6b230
2024-08-27 20:25:04,247 [b5b9165f-6528-4062-9715-63d706d5309e-groupManagement] INFO  server.RaftServerConfigKeys (ConfUtils.java:logGet(46)) - raft.server.log.queue.byte-limit = 4294967296 (custom)
2024-08-27 20:25:04,247 [b5b9165f-6528-4062-9715-63d706d5309e-groupManagement] INFO  server.RaftServerConfigKeys (ConfUtils.java:logGet(46)) - raft.server.log.queue.element-limit = 1024 (custom)
2024-08-27 20:25:04,247 [b5b9165f-6528-4062-9715-63d706d5309e-groupManagement] INFO  server.RaftServerConfigKeys (ConfUtils.java:logGet(46)) - raft.server.log.segment.size.max = 67108864 (custom)
2024-08-27 20:25:04,247 [b5b9165f-6528-4062-9715-63d706d5309e-groupManagement] INFO  server.RaftServerConfigKeys (ConfUtils.java:logGet(46)) - raft.server.log.preallocated.size = 4194304 (custom)
2024-08-27 20:25:04,247 [b5b9165f-6528-4062-9715-63d706d5309e-groupManagement] INFO  server.RaftServerConfigKeys (ConfUtils.java:logGet(46)) - raft.server.log.force.sync.num = 128 (default)
2024-08-27 20:25:04,247 [b5b9165f-6528-4062-9715-63d706d5309e-groupManagement] INFO  server.RaftServerConfigKeys (ConfUtils.java:logGet(46)) - raft.server.log.statemachine.data.sync = true (default)
2024-08-27 20:25:04,247 [b5b9165f-6528-4062-9715-63d706d5309e-groupManagement] INFO  server.RaftServerConfigKeys (ConfUtils.java:logGet(46)) - raft.server.log.statemachine.data.sync.timeout = 10s (default)
2024-08-27 20:25:04,247 [b5b9165f-6528-4062-9715-63d706d5309e-groupManagement] INFO  server.RaftServerConfigKeys (ConfUtils.java:logGet(46)) - raft.server.log.statemachine.data.sync.timeout.retry = 30 (custom)
2024-08-27 20:25:04,248 [d758e0a9-c5a1-4fd4-978f-3629e4af057b-groupManagement] INFO  server.RaftServer$Division (RaftServerImpl.java:<init>(253)) - d758e0a9-c5a1-4fd4-978f-3629e4af057b: new RaftServerImpl for group-304231B6B230:[b5b9165f-6528-4062-9715-63d706d5309e|127.0.0.1:15012, d758e0a9-c5a1-4fd4-978f-3629e4af057b|127.0.0.1:15021, 9d1f9f5c-07b4-413f-b8b0-69aa045119d7|127.0.0.1:15030] with ContainerStateMachine:uninitialized
2024-08-27 20:25:04,248 [d758e0a9-c5a1-4fd4-978f-3629e4af057b-groupManagement] INFO  server.RaftServerConfigKeys (ConfUtils.java:logGet(46)) - raft.server.rpc.timeout.min = 5s (custom)
2024-08-27 20:25:04,248 [d758e0a9-c5a1-4fd4-978f-3629e4af057b-groupManagement] INFO  server.RaftServerConfigKeys (ConfUtils.java:logGet(46)) - raft.server.rpc.timeout.max = 5200ms (custom)
2024-08-27 20:25:04,248 [d758e0a9-c5a1-4fd4-978f-3629e4af057b-groupManagement] INFO  server.RaftServerConfigKeys (ConfUtils.java:logGet(46)) - raft.server.rpc.sleep.time = 25ms (default)
2024-08-27 20:25:04,248 [d758e0a9-c5a1-4fd4-978f-3629e4af057b-groupManagement] INFO  server.RaftServerConfigKeys (ConfUtils.java:logGet(46)) - raft.server.rpc.slowness.timeout = 300s (custom)
2024-08-27 20:25:04,248 [d758e0a9-c5a1-4fd4-978f-3629e4af057b-groupManagement] INFO  server.RaftServerConfigKeys (ConfUtils.java:logGet(46)) - raft.server.leaderelection.leader.step-down.wait-time = 10s (default)
2024-08-27 20:25:04,248 [d758e0a9-c5a1-4fd4-978f-3629e4af057b-groupManagement] INFO  server.RaftServerConfigKeys (ConfUtils.java:logGet(46)) - raft.server.leaderelection.member.majority-add = false (default)
2024-08-27 20:25:04,248 [d758e0a9-c5a1-4fd4-978f-3629e4af057b-groupManagement] INFO  server.RaftServerConfigKeys (ConfUtils.java:logGet(46)) - raft.server.sleep.deviation.threshold = 300ms (default)
2024-08-27 20:25:04,248 [d758e0a9-c5a1-4fd4-978f-3629e4af057b-groupManagement] INFO  server.RaftServer$Division (ServerState.java:<init>(114)) - d758e0a9-c5a1-4fd4-978f-3629e4af057b@group-304231B6B230: ConfigurationManager, init=conf: {index: -1, cur=peers:[b5b9165f-6528-4062-9715-63d706d5309e|127.0.0.1:15012, d758e0a9-c5a1-4fd4-978f-3629e4af057b|127.0.0.1:15021, 9d1f9f5c-07b4-413f-b8b0-69aa045119d7|127.0.0.1:15030]|listeners:[], old=null}, confs=<EMPTY_MAP>
2024-08-27 20:25:04,248 [d758e0a9-c5a1-4fd4-978f-3629e4af057b-groupManagement] INFO  server.RaftServerConfigKeys (ConfUtils.java:logGet(46)) - raft.server.notification.no-leader.timeout = 300s (custom)
2024-08-27 20:25:04,248 [d758e0a9-c5a1-4fd4-978f-3629e4af057b-groupManagement] INFO  server.RaftServerConfigKeys (ConfUtils.java:logGet(46)) - raft.server.read.timeout = 10s (default)
2024-08-27 20:25:04,248 [d758e0a9-c5a1-4fd4-978f-3629e4af057b-groupManagement] INFO  server.RaftServerConfigKeys (ConfUtils.java:logGet(46)) - raft.server.retrycache.expirytime = 600000ms (custom)
2024-08-27 20:25:04,246 [d758e0a9-c5a1-4fd4-978f-3629e4af057b-PipelineCommandHandlerThread-0] INFO  server.RaftServer (RaftServerProxy.java:addNew(101)) - d758e0a9-c5a1-4fd4-978f-3629e4af057b: addNew group-304231B6B230:[b5b9165f-6528-4062-9715-63d706d5309e|127.0.0.1:15012, d758e0a9-c5a1-4fd4-978f-3629e4af057b|127.0.0.1:15021, 9d1f9f5c-07b4-413f-b8b0-69aa045119d7|127.0.0.1:15030] returns group-304231B6B230:java.util.concurrent.CompletableFuture@66fee0f8[Not completed]
2024-08-27 20:25:04,248 [d758e0a9-c5a1-4fd4-978f-3629e4af057b-groupManagement] INFO  server.RaftServerConfigKeys (ConfUtils.java:logGet(46)) - raft.server.retrycache.statistics.expirytime = 100ms (default)
2024-08-27 20:25:04,249 [d758e0a9-c5a1-4fd4-978f-3629e4af057b-groupManagement] INFO  server.RaftServerConfigKeys (ConfUtils.java:logGet(46)) - raft.server.read.option = DEFAULT (default)
2024-08-27 20:25:04,249 [d758e0a9-c5a1-4fd4-978f-3629e4af057b-groupManagement] INFO  server.RaftServerConfigKeys (ConfUtils.java:logGet(46)) - raft.server.read.read-after-write-consistent.write-index-cache.expiry-time = 60s (default)
2024-08-27 20:25:04,248 [b5b9165f-6528-4062-9715-63d706d5309e-groupManagement] INFO  server.RaftServerConfigKeys (ConfUtils.java:logGet(46)) - raft.server.log.write.buffer.size = 8388616 (custom)
2024-08-27 20:25:04,251 [b5b9165f-6528-4062-9715-63d706d5309e-groupManagement] INFO  server.RaftServerConfigKeys (ConfUtils.java:logGet(46)) - raft.server.log.appender.buffer.byte-limit = 8388608 (custom)
2024-08-27 20:25:04,251 [b5b9165f-6528-4062-9715-63d706d5309e-groupManagement] INFO  server.RaftServerConfigKeys (ConfUtils.java:logGet(46)) - raft.server.log.unsafe-flush.enabled = false (default)
2024-08-27 20:25:04,251 [b5b9165f-6528-4062-9715-63d706d5309e-groupManagement] INFO  server.RaftServerConfigKeys (ConfUtils.java:logGet(46)) - raft.server.log.async-flush.enabled = false (default)
2024-08-27 20:25:04,251 [b5b9165f-6528-4062-9715-63d706d5309e-groupManagement] INFO  server.RaftServerConfigKeys (ConfUtils.java:logGet(46)) - raft.server.log.statemachine.data.caching.enabled = true (custom)
2024-08-27 20:25:04,251 [b5b9165f-6528-4062-9715-63d706d5309e-groupManagement] INFO  segmented.SegmentedRaftLogWorker (SegmentedRaftLogWorker.java:lambda$new$0(135)) - b5b9165f-6528-4062-9715-63d706d5309e@group-304231B6B230-SegmentedRaftLogWorker: flushIndex: setUnconditionally 0 -> -1
2024-08-27 20:25:04,251 [b5b9165f-6528-4062-9715-63d706d5309e-groupManagement] INFO  segmented.SegmentedRaftLogWorker (SegmentedRaftLogWorker.java:lambda$new$0(135)) - b5b9165f-6528-4062-9715-63d706d5309e@group-304231B6B230-SegmentedRaftLogWorker: safeCacheEvictIndex: setUnconditionally 0 -> -1
2024-08-27 20:25:04,252 [b5b9165f-6528-4062-9715-63d706d5309e-groupManagement] INFO  server.RaftServer$Division (RaftServerImpl.java:start(389)) - b5b9165f-6528-4062-9715-63d706d5309e@group-304231B6B230: start as a follower, conf=conf: {index: -1, cur=peers:[b5b9165f-6528-4062-9715-63d706d5309e|127.0.0.1:15012, d758e0a9-c5a1-4fd4-978f-3629e4af057b|127.0.0.1:15021, 9d1f9f5c-07b4-413f-b8b0-69aa045119d7|127.0.0.1:15030]|listeners:[], old=null}
2024-08-27 20:25:04,252 [b5b9165f-6528-4062-9715-63d706d5309e-groupManagement] INFO  server.RaftServer$Division (RaftServerImpl.java:setRole(376)) - b5b9165f-6528-4062-9715-63d706d5309e@group-304231B6B230: changes role from      null to FOLLOWER at term 0 for startAsFollower
2024-08-27 20:25:04,253 [b5b9165f-6528-4062-9715-63d706d5309e-groupManagement] INFO  impl.RoleInfo (RoleInfo.java:updateAndGet(148)) - b5b9165f-6528-4062-9715-63d706d5309e: start b5b9165f-6528-4062-9715-63d706d5309e@group-304231B6B230-FollowerState
2024-08-27 20:25:04,253 [b5b9165f-6528-4062-9715-63d706d5309e-groupManagement] INFO  util.JmxRegister (JmxRegister.java:tryRegister(44)) - Successfully registered JMX Bean with object name Ratis:service=RaftServer,group=group-304231B6B230,id=b5b9165f-6528-4062-9715-63d706d5309e
2024-08-27 20:25:04,253 [b5b9165f-6528-4062-9715-63d706d5309e-groupManagement] INFO  util.JmxRegister (JmxRegister.java:register(58)) - register mxBean class org.apache.ratis.server.impl.RaftServerJmxAdapter as Ratis:service=RaftServer,group=group-304231B6B230,id=b5b9165f-6528-4062-9715-63d706d5309e
2024-08-27 20:25:04,253 [b5b9165f-6528-4062-9715-63d706d5309e-groupManagement] INFO  server.RaftServerConfigKeys (ConfUtils.java:logGet(46)) - raft.server.snapshot.trigger-when-stop.enabled = true (default)
2024-08-27 20:25:04,253 [b5b9165f-6528-4062-9715-63d706d5309e-groupManagement] INFO  server.RaftServerConfigKeys (ConfUtils.java:logGet(46)) - raft.server.snapshot.trigger-when-remove.enabled = true (default)
2024-08-27 20:25:04,253 [b5b9165f-6528-4062-9715-63d706d5309e-groupManagement] INFO  server.RaftServerConfigKeys (ConfUtils.java:logGet(46)) - raft.server.snapshot.auto.trigger.enabled = true (custom)
2024-08-27 20:25:04,253 [b5b9165f-6528-4062-9715-63d706d5309e-groupManagement] INFO  server.RaftServerConfigKeys (ConfUtils.java:logGet(46)) - raft.server.snapshot.auto.trigger.threshold = 10000 (custom)
2024-08-27 20:25:04,253 [b5b9165f-6528-4062-9715-63d706d5309e-groupManagement] INFO  server.RaftServerConfigKeys (ConfUtils.java:logGet(46)) - raft.server.snapshot.retention.file.num = 5 (custom)
2024-08-27 20:25:04,253 [b5b9165f-6528-4062-9715-63d706d5309e-groupManagement] INFO  server.RaftServerConfigKeys (ConfUtils.java:logGet(46)) - raft.server.log.purge.upto.snapshot.index = false (default)
2024-08-27 20:25:04,254 [d758e0a9-c5a1-4fd4-978f-3629e4af057b-groupManagement] INFO  server.RaftServerConfigKeys (ConfUtils.java:logGet(46)) - raft.server.rpc.request.timeout = 60s (custom)
2024-08-27 20:25:04,254 [d758e0a9-c5a1-4fd4-978f-3629e4af057b-groupManagement] INFO  server.RaftServerConfigKeys (ConfUtils.java:logGet(46)) - raft.server.log.appender.install.snapshot.enabled = false (custom)
2024-08-27 20:25:04,254 [d758e0a9-c5a1-4fd4-978f-3629e4af057b-groupManagement] INFO  server.RaftServerConfigKeys (ConfUtils.java:logGet(46)) - raft.server.threadpool.server.cached = true (default)
2024-08-27 20:25:04,254 [d758e0a9-c5a1-4fd4-978f-3629e4af057b-groupManagement] INFO  server.RaftServerConfigKeys (ConfUtils.java:logGet(46)) - raft.server.threadpool.server.size = 0 (default)
2024-08-27 20:25:04,254 [d758e0a9-c5a1-4fd4-978f-3629e4af057b-groupManagement] INFO  server.RaftServerConfigKeys (ConfUtils.java:logGet(46)) - raft.server.threadpool.client.cached = true (default)
2024-08-27 20:25:04,254 [d758e0a9-c5a1-4fd4-978f-3629e4af057b-groupManagement] INFO  server.RaftServerConfigKeys (ConfUtils.java:logGet(46)) - raft.server.threadpool.client.size = 0 (default)
2024-08-27 20:25:04,254 [d758e0a9-c5a1-4fd4-978f-3629e4af057b-groupManagement] INFO  server.RaftServerConfigKeys (ConfUtils.java:logGet(46)) - raft.server.storage.free-space.min = 0MB (=0) (default)
2024-08-27 20:25:04,254 [d758e0a9-c5a1-4fd4-978f-3629e4af057b-groupManagement] INFO  server.RaftServerConfigKeys (ConfUtils.java:logGet(46)) - raft.server.log.corruption.policy = EXCEPTION (default)
2024-08-27 20:25:04,254 [d758e0a9-c5a1-4fd4-978f-3629e4af057b-groupManagement] INFO  server.RaftServerConfigKeys (ConfUtils.java:logGet(46)) - raft.server.storage.dir = [/home/runner/work/ozone/ozone/hadoop-ozone/integration-test/target/test-dir/MiniOzoneClusterImpl-2855d785-c18f-47a1-bcca-44ce8ce60223/ozone-meta/datanode-2/ratis] (custom)
2024-08-27 20:25:04,255 [d758e0a9-c5a1-4fd4-978f-3629e4af057b-groupManagement] INFO  storage.RaftStorageDirectory (RaftStorageDirectoryImpl.java:analyzeStorage(138)) - The storage directory /home/runner/work/ozone/ozone/hadoop-ozone/integration-test/target/test-dir/MiniOzoneClusterImpl-2855d785-c18f-47a1-bcca-44ce8ce60223/ozone-meta/datanode-2/ratis/1a4e5420-6724-4a1d-aa95-304231b6b230 does not exist. Creating ...
2024-08-27 20:25:04,255 [b5b9165f-6528-4062-9715-63d706d5309e@group-304231B6B230-FollowerState] INFO  server.RaftServerConfigKeys (ConfUtils.java:logFallback(53)) - raft.server.rpc.first-election.timeout.min = 5s (fallback to raft.server.rpc.timeout.min)
2024-08-27 20:25:04,255 [b5b9165f-6528-4062-9715-63d706d5309e@group-304231B6B230-FollowerState] INFO  server.RaftServerConfigKeys (ConfUtils.java:logFallback(53)) - raft.server.rpc.first-election.timeout.max = 5200ms (fallback to raft.server.rpc.timeout.max)
2024-08-27 20:25:04,255 [d758e0a9-c5a1-4fd4-978f-3629e4af057b-groupManagement] INFO  storage.RaftStorageDirectory (RaftStorageDirectoryImpl.java:tryLock(229)) - Lock on /home/runner/work/ozone/ozone/hadoop-ozone/integration-test/target/test-dir/MiniOzoneClusterImpl-2855d785-c18f-47a1-bcca-44ce8ce60223/ozone-meta/datanode-2/ratis/1a4e5420-6724-4a1d-aa95-304231b6b230/in_use.lock acquired by nodename 43194@fv-az884-737
2024-08-27 20:25:04,256 [b5b9165f-6528-4062-9715-63d706d5309e-PipelineCommandHandlerThread-0] INFO  ratis.XceiverServerRatis (XceiverServerRatis.java:addGroup(849)) - Created group PipelineID=1a4e5420-6724-4a1d-aa95-304231b6b230
2024-08-27 20:25:04,261 [d758e0a9-c5a1-4fd4-978f-3629e4af057b-groupManagement] INFO  storage.RaftStorage (RaftStorageImpl.java:format(98)) - Storage directory /home/runner/work/ozone/ozone/hadoop-ozone/integration-test/target/test-dir/MiniOzoneClusterImpl-2855d785-c18f-47a1-bcca-44ce8ce60223/ozone-meta/datanode-2/ratis/1a4e5420-6724-4a1d-aa95-304231b6b230 has been successfully formatted.
2024-08-27 20:25:04,262 [d758e0a9-c5a1-4fd4-978f-3629e4af057b-groupManagement] INFO  ratis.ContainerStateMachine (ContainerStateMachine.java:loadSnapshot(295)) - group-304231B6B230: The snapshot info is null. Setting the last applied index to:(t:0, i:~)
2024-08-27 20:25:04,263 [d758e0a9-c5a1-4fd4-978f-3629e4af057b-groupManagement] INFO  server.RaftServerConfigKeys (ConfUtils.java:logGet(46)) - raft.server.log.use.memory = false (default)
2024-08-27 20:25:04,263 [d758e0a9-c5a1-4fd4-978f-3629e4af057b-groupManagement] INFO  server.RaftServerConfigKeys (ConfUtils.java:logGet(46)) - raft.server.log.purge.gap = 1000000 (custom)
2024-08-27 20:25:04,263 [d758e0a9-c5a1-4fd4-978f-3629e4af057b-groupManagement] INFO  server.RaftServerConfigKeys (ConfUtils.java:logGet(46)) - raft.server.log.appender.buffer.byte-limit = 8388608 (custom)
2024-08-27 20:25:04,264 [d758e0a9-c5a1-4fd4-978f-3629e4af057b-groupManagement] INFO  server.RaftServerConfigKeys (ConfUtils.java:logGet(46)) - raft.server.log.statemachine.data.read.timeout = 1000ms (default)
2024-08-27 20:25:04,264 [EventQueue-OpenPipelineForHealthyPipelineSafeModeRule] INFO  safemode.SCMSafeModeManager (HealthyPipelineSafeModeRule.java:process(140)) - SCM in safe mode. Healthy pipelines reported count is 0, required healthy pipeline reported count is 1
2024-08-27 20:25:04,264 [d758e0a9-c5a1-4fd4-978f-3629e4af057b-groupManagement] INFO  server.RaftServerConfigKeys (ConfUtils.java:logGet(46)) - raft.server.log.purge.preservation.log.num = 0 (default)
2024-08-27 20:25:04,267 [d758e0a9-c5a1-4fd4-978f-3629e4af057b-groupManagement] INFO  server.RaftServerConfigKeys (ConfUtils.java:logGet(46)) - raft.server.log.segment.size.max = 67108864 (custom)
2024-08-27 20:25:04,268 [d758e0a9-c5a1-4fd4-978f-3629e4af057b-groupManagement] INFO  server.RaftServerConfigKeys (ConfUtils.java:logGet(46)) - raft.server.log.segment.cache.num.max = 2 (custom)
2024-08-27 20:25:04,268 [d758e0a9-c5a1-4fd4-978f-3629e4af057b-groupManagement] INFO  server.RaftServerConfigKeys (ConfUtils.java:logGet(46)) - raft.server.log.segment.cache.size.max = 200MB (=209715200) (default)
2024-08-27 20:25:04,268 [d758e0a9-c5a1-4fd4-978f-3629e4af057b-groupManagement] INFO  server.RaftServerConfigKeys (ConfUtils.java:logGet(46)) - raft.server.log.appender.buffer.byte-limit = 8388608 (custom)
2024-08-27 20:25:04,269 [grpc-default-executor-1] INFO  server.RaftServer (RaftServerProxy.java:addNew(101)) - 9d1f9f5c-07b4-413f-b8b0-69aa045119d7: addNew group-304231B6B230:[b5b9165f-6528-4062-9715-63d706d5309e|127.0.0.1:15012, d758e0a9-c5a1-4fd4-978f-3629e4af057b|127.0.0.1:15021, 9d1f9f5c-07b4-413f-b8b0-69aa045119d7|127.0.0.1:15030] returns group-304231B6B230:java.util.concurrent.CompletableFuture@27785438[Not completed]
2024-08-27 20:25:04,271 [9d1f9f5c-07b4-413f-b8b0-69aa045119d7-groupManagement] INFO  server.RaftServer$Division (RaftServerImpl.java:<init>(253)) - 9d1f9f5c-07b4-413f-b8b0-69aa045119d7: new RaftServerImpl for group-304231B6B230:[b5b9165f-6528-4062-9715-63d706d5309e|127.0.0.1:15012, d758e0a9-c5a1-4fd4-978f-3629e4af057b|127.0.0.1:15021, 9d1f9f5c-07b4-413f-b8b0-69aa045119d7|127.0.0.1:15030] with ContainerStateMachine:uninitialized
2024-08-27 20:25:04,271 [9d1f9f5c-07b4-413f-b8b0-69aa045119d7-groupManagement] INFO  server.RaftServerConfigKeys (ConfUtils.java:logGet(46)) - raft.server.rpc.timeout.min = 5s (custom)
2024-08-27 20:25:04,271 [9d1f9f5c-07b4-413f-b8b0-69aa045119d7-groupManagement] INFO  server.RaftServerConfigKeys (ConfUtils.java:logGet(46)) - raft.server.rpc.timeout.max = 5200ms (custom)
2024-08-27 20:25:04,271 [9d1f9f5c-07b4-413f-b8b0-69aa045119d7-groupManagement] INFO  server.RaftServerConfigKeys (ConfUtils.java:logGet(46)) - raft.server.rpc.sleep.time = 25ms (default)
2024-08-27 20:25:04,271 [9d1f9f5c-07b4-413f-b8b0-69aa045119d7-groupManagement] INFO  server.RaftServerConfigKeys (ConfUtils.java:logGet(46)) - raft.server.rpc.slowness.timeout = 300s (custom)
2024-08-27 20:25:04,271 [9d1f9f5c-07b4-413f-b8b0-69aa045119d7-groupManagement] INFO  server.RaftServerConfigKeys (ConfUtils.java:logGet(46)) - raft.server.leaderelection.leader.step-down.wait-time = 10s (default)
2024-08-27 20:25:04,271 [9d1f9f5c-07b4-413f-b8b0-69aa045119d7-groupManagement] INFO  server.RaftServerConfigKeys (ConfUtils.java:logGet(46)) - raft.server.leaderelection.member.majority-add = false (default)
2024-08-27 20:25:04,271 [9d1f9f5c-07b4-413f-b8b0-69aa045119d7-groupManagement] INFO  server.RaftServerConfigKeys (ConfUtils.java:logGet(46)) - raft.server.sleep.deviation.threshold = 300ms (default)
2024-08-27 20:25:04,271 [9d1f9f5c-07b4-413f-b8b0-69aa045119d7-groupManagement] INFO  server.RaftServer$Division (ServerState.java:<init>(114)) - 9d1f9f5c-07b4-413f-b8b0-69aa045119d7@group-304231B6B230: ConfigurationManager, init=conf: {index: -1, cur=peers:[b5b9165f-6528-4062-9715-63d706d5309e|127.0.0.1:15012, d758e0a9-c5a1-4fd4-978f-3629e4af057b|127.0.0.1:15021, 9d1f9f5c-07b4-413f-b8b0-69aa045119d7|127.0.0.1:15030]|listeners:[], old=null}, confs=<EMPTY_MAP>
2024-08-27 20:25:04,271 [9d1f9f5c-07b4-413f-b8b0-69aa045119d7-groupManagement] INFO  server.RaftServerConfigKeys (ConfUtils.java:logGet(46)) - raft.server.notification.no-leader.timeout = 300s (custom)
2024-08-27 20:25:04,271 [9d1f9f5c-07b4-413f-b8b0-69aa045119d7-groupManagement] INFO  server.RaftServerConfigKeys (ConfUtils.java:logGet(46)) - raft.server.read.timeout = 10s (default)
2024-08-27 20:25:04,271 [9d1f9f5c-07b4-413f-b8b0-69aa045119d7-groupManagement] INFO  server.RaftServerConfigKeys (ConfUtils.java:logGet(46)) - raft.server.retrycache.expirytime = 600000ms (custom)
2024-08-27 20:25:04,271 [9d1f9f5c-07b4-413f-b8b0-69aa045119d7-groupManagement] INFO  server.RaftServerConfigKeys (ConfUtils.java:logGet(46)) - raft.server.retrycache.statistics.expirytime = 100ms (default)
2024-08-27 20:25:04,271 [9d1f9f5c-07b4-413f-b8b0-69aa045119d7-groupManagement] INFO  server.RaftServerConfigKeys (ConfUtils.java:logGet(46)) - raft.server.read.option = DEFAULT (default)
2024-08-27 20:25:04,271 [9d1f9f5c-07b4-413f-b8b0-69aa045119d7-groupManagement] INFO  server.RaftServerConfigKeys (ConfUtils.java:logGet(46)) - raft.server.read.read-after-write-consistent.write-index-cache.expiry-time = 60s (default)
2024-08-27 20:25:04,277 [9d1f9f5c-07b4-413f-b8b0-69aa045119d7-groupManagement] INFO  server.RaftServerConfigKeys (ConfUtils.java:logGet(46)) - raft.server.rpc.request.timeout = 60s (custom)
2024-08-27 20:25:04,278 [9d1f9f5c-07b4-413f-b8b0-69aa045119d7-groupManagement] INFO  server.RaftServerConfigKeys (ConfUtils.java:logGet(46)) - raft.server.log.appender.install.snapshot.enabled = false (custom)
2024-08-27 20:25:04,278 [9d1f9f5c-07b4-413f-b8b0-69aa045119d7-groupManagement] INFO  server.RaftServerConfigKeys (ConfUtils.java:logGet(46)) - raft.server.threadpool.server.cached = true (default)
2024-08-27 20:25:04,278 [9d1f9f5c-07b4-413f-b8b0-69aa045119d7-groupManagement] INFO  server.RaftServerConfigKeys (ConfUtils.java:logGet(46)) - raft.server.threadpool.server.size = 0 (default)
2024-08-27 20:25:04,278 [9d1f9f5c-07b4-413f-b8b0-69aa045119d7-groupManagement] INFO  server.RaftServerConfigKeys (ConfUtils.java:logGet(46)) - raft.server.threadpool.client.cached = true (default)
2024-08-27 20:25:04,278 [9d1f9f5c-07b4-413f-b8b0-69aa045119d7-groupManagement] INFO  server.RaftServerConfigKeys (ConfUtils.java:logGet(46)) - raft.server.threadpool.client.size = 0 (default)
2024-08-27 20:25:04,278 [9d1f9f5c-07b4-413f-b8b0-69aa045119d7-groupManagement] INFO  server.RaftServerConfigKeys (ConfUtils.java:logGet(46)) - raft.server.storage.free-space.min = 0MB (=0) (default)
2024-08-27 20:25:04,278 [9d1f9f5c-07b4-413f-b8b0-69aa045119d7-groupManagement] INFO  server.RaftServerConfigKeys (ConfUtils.java:logGet(46)) - raft.server.log.corruption.policy = EXCEPTION (default)
2024-08-27 20:25:04,278 [9d1f9f5c-07b4-413f-b8b0-69aa045119d7-groupManagement] INFO  server.RaftServerConfigKeys (ConfUtils.java:logGet(46)) - raft.server.storage.dir = [/home/runner/work/ozone/ozone/hadoop-ozone/integration-test/target/test-dir/MiniOzoneClusterImpl-2855d785-c18f-47a1-bcca-44ce8ce60223/ozone-meta/datanode-3/ratis] (custom)
2024-08-27 20:25:04,278 [9d1f9f5c-07b4-413f-b8b0-69aa045119d7-groupManagement] INFO  storage.RaftStorageDirectory (RaftStorageDirectoryImpl.java:analyzeStorage(138)) - The storage directory /home/runner/work/ozone/ozone/hadoop-ozone/integration-test/target/test-dir/MiniOzoneClusterImpl-2855d785-c18f-47a1-bcca-44ce8ce60223/ozone-meta/datanode-3/ratis/1a4e5420-6724-4a1d-aa95-304231b6b230 does not exist. Creating ...
2024-08-27 20:25:04,280 [d758e0a9-c5a1-4fd4-978f-3629e4af057b-groupManagement] INFO  util.AwaitToRun (AwaitToRun.java:start(81)) - Thread[d758e0a9-c5a1-4fd4-978f-3629e4af057b@group-304231B6B230-cacheEviction-AwaitToRun,5,main] started
2024-08-27 20:25:04,280 [d758e0a9-c5a1-4fd4-978f-3629e4af057b-groupManagement] INFO  segmented.SegmentedRaftLogWorker (SegmentedRaftLogWorker.java:<init>(184)) - new d758e0a9-c5a1-4fd4-978f-3629e4af057b@group-304231B6B230-SegmentedRaftLogWorker for RaftStorageImpl:Storage Directory /home/runner/work/ozone/ozone/hadoop-ozone/integration-test/target/test-dir/MiniOzoneClusterImpl-2855d785-c18f-47a1-bcca-44ce8ce60223/ozone-meta/datanode-2/ratis/1a4e5420-6724-4a1d-aa95-304231b6b230
2024-08-27 20:25:04,280 [d758e0a9-c5a1-4fd4-978f-3629e4af057b-groupManagement] INFO  server.RaftServerConfigKeys (ConfUtils.java:logGet(46)) - raft.server.log.queue.byte-limit = 4294967296 (custom)
2024-08-27 20:25:04,280 [d758e0a9-c5a1-4fd4-978f-3629e4af057b-groupManagement] INFO  server.RaftServerConfigKeys (ConfUtils.java:logGet(46)) - raft.server.log.queue.element-limit = 1024 (custom)
2024-08-27 20:25:04,280 [d758e0a9-c5a1-4fd4-978f-3629e4af057b-groupManagement] INFO  server.RaftServerConfigKeys (ConfUtils.java:logGet(46)) - raft.server.log.segment.size.max = 67108864 (custom)
2024-08-27 20:25:04,280 [d758e0a9-c5a1-4fd4-978f-3629e4af057b-groupManagement] INFO  server.RaftServerConfigKeys (ConfUtils.java:logGet(46)) - raft.server.log.preallocated.size = 4194304 (custom)
2024-08-27 20:25:04,280 [d758e0a9-c5a1-4fd4-978f-3629e4af057b-groupManagement] INFO  server.RaftServerConfigKeys (ConfUtils.java:logGet(46)) - raft.server.log.force.sync.num = 128 (default)
2024-08-27 20:25:04,280 [d758e0a9-c5a1-4fd4-978f-3629e4af057b-groupManagement] INFO  server.RaftServerConfigKeys (ConfUtils.java:logGet(46)) - raft.server.log.statemachine.data.sync = true (default)
2024-08-27 20:25:04,280 [d758e0a9-c5a1-4fd4-978f-3629e4af057b-groupManagement] INFO  server.RaftServerConfigKeys (ConfUtils.java:logGet(46)) - raft.server.log.statemachine.data.sync.timeout = 10s (default)
2024-08-27 20:25:04,280 [d758e0a9-c5a1-4fd4-978f-3629e4af057b-groupManagement] INFO  server.RaftServerConfigKeys (ConfUtils.java:logGet(46)) - raft.server.log.statemachine.data.sync.timeout.retry = 30 (custom)
2024-08-27 20:25:04,281 [d758e0a9-c5a1-4fd4-978f-3629e4af057b-groupManagement] INFO  server.RaftServerConfigKeys (ConfUtils.java:logGet(46)) - raft.server.log.write.buffer.size = 8388616 (custom)
2024-08-27 20:25:04,283 [d758e0a9-c5a1-4fd4-978f-3629e4af057b-groupManagement] INFO  server.RaftServerConfigKeys (ConfUtils.java:logGet(46)) - raft.server.log.appender.buffer.byte-limit = 8388608 (custom)
2024-08-27 20:25:04,283 [d758e0a9-c5a1-4fd4-978f-3629e4af057b-groupManagement] INFO  server.RaftServerConfigKeys (ConfUtils.java:logGet(46)) - raft.server.log.unsafe-flush.enabled = false (default)
2024-08-27 20:25:04,283 [d758e0a9-c5a1-4fd4-978f-3629e4af057b-groupManagement] INFO  server.RaftServerConfigKeys (ConfUtils.java:logGet(46)) - raft.server.log.async-flush.enabled = false (default)
2024-08-27 20:25:04,283 [d758e0a9-c5a1-4fd4-978f-3629e4af057b-groupManagement] INFO  server.RaftServerConfigKeys (ConfUtils.java:logGet(46)) - raft.server.log.statemachine.data.caching.enabled = true (custom)
2024-08-27 20:25:04,283 [d758e0a9-c5a1-4fd4-978f-3629e4af057b-groupManagement] INFO  segmented.SegmentedRaftLogWorker (SegmentedRaftLogWorker.java:lambda$new$0(135)) - d758e0a9-c5a1-4fd4-978f-3629e4af057b@group-304231B6B230-SegmentedRaftLogWorker: flushIndex: setUnconditionally 0 -> -1
2024-08-27 20:25:04,283 [d758e0a9-c5a1-4fd4-978f-3629e4af057b-groupManagement] INFO  segmented.SegmentedRaftLogWorker (SegmentedRaftLogWorker.java:lambda$new$0(135)) - d758e0a9-c5a1-4fd4-978f-3629e4af057b@group-304231B6B230-SegmentedRaftLogWorker: safeCacheEvictIndex: setUnconditionally 0 -> -1
2024-08-27 20:25:04,283 [9d1f9f5c-07b4-413f-b8b0-69aa045119d7-groupManagement] INFO  storage.RaftStorageDirectory (RaftStorageDirectoryImpl.java:tryLock(229)) - Lock on /home/runner/work/ozone/ozone/hadoop-ozone/integration-test/target/test-dir/MiniOzoneClusterImpl-2855d785-c18f-47a1-bcca-44ce8ce60223/ozone-meta/datanode-3/ratis/1a4e5420-6724-4a1d-aa95-304231b6b230/in_use.lock acquired by nodename 43194@fv-az884-737
2024-08-27 20:25:04,285 [9d1f9f5c-07b4-413f-b8b0-69aa045119d7-groupManagement] INFO  storage.RaftStorage (RaftStorageImpl.java:format(98)) - Storage directory /home/runner/work/ozone/ozone/hadoop-ozone/integration-test/target/test-dir/MiniOzoneClusterImpl-2855d785-c18f-47a1-bcca-44ce8ce60223/ozone-meta/datanode-3/ratis/1a4e5420-6724-4a1d-aa95-304231b6b230 has been successfully formatted.
2024-08-27 20:25:04,285 [9d1f9f5c-07b4-413f-b8b0-69aa045119d7-groupManagement] INFO  ratis.ContainerStateMachine (ContainerStateMachine.java:loadSnapshot(295)) - group-304231B6B230: The snapshot info is null. Setting the last applied index to:(t:0, i:~)
2024-08-27 20:25:04,285 [9d1f9f5c-07b4-413f-b8b0-69aa045119d7-groupManagement] INFO  server.RaftServerConfigKeys (ConfUtils.java:logGet(46)) - raft.server.log.use.memory = false (default)
2024-08-27 20:25:04,286 [9d1f9f5c-07b4-413f-b8b0-69aa045119d7-groupManagement] INFO  server.RaftServerConfigKeys (ConfUtils.java:logGet(46)) - raft.server.log.purge.gap = 1000000 (custom)
2024-08-27 20:25:04,286 [9d1f9f5c-07b4-413f-b8b0-69aa045119d7-groupManagement] INFO  server.RaftServerConfigKeys (ConfUtils.java:logGet(46)) - raft.server.log.appender.buffer.byte-limit = 8388608 (custom)
2024-08-27 20:25:04,286 [9d1f9f5c-07b4-413f-b8b0-69aa045119d7-groupManagement] INFO  server.RaftServerConfigKeys (ConfUtils.java:logGet(46)) - raft.server.log.statemachine.data.read.timeout = 1000ms (default)
2024-08-27 20:25:04,286 [9d1f9f5c-07b4-413f-b8b0-69aa045119d7-groupManagement] INFO  server.RaftServerConfigKeys (ConfUtils.java:logGet(46)) - raft.server.log.purge.preservation.log.num = 0 (default)
2024-08-27 20:25:04,288 [9d1f9f5c-07b4-413f-b8b0-69aa045119d7-groupManagement] INFO  server.RaftServerConfigKeys (ConfUtils.java:logGet(46)) - raft.server.log.segment.size.max = 67108864 (custom)
2024-08-27 20:25:04,288 [9d1f9f5c-07b4-413f-b8b0-69aa045119d7-groupManagement] INFO  server.RaftServerConfigKeys (ConfUtils.java:logGet(46)) - raft.server.log.segment.cache.num.max = 2 (custom)
2024-08-27 20:25:04,288 [9d1f9f5c-07b4-413f-b8b0-69aa045119d7-groupManagement] INFO  server.RaftServerConfigKeys (ConfUtils.java:logGet(46)) - raft.server.log.segment.cache.size.max = 200MB (=209715200) (default)
2024-08-27 20:25:04,288 [9d1f9f5c-07b4-413f-b8b0-69aa045119d7-groupManagement] INFO  server.RaftServerConfigKeys (ConfUtils.java:logGet(46)) - raft.server.log.appender.buffer.byte-limit = 8388608 (custom)
2024-08-27 20:25:04,288 [d758e0a9-c5a1-4fd4-978f-3629e4af057b-groupManagement] INFO  server.RaftServer$Division (RaftServerImpl.java:start(389)) - d758e0a9-c5a1-4fd4-978f-3629e4af057b@group-304231B6B230: start as a follower, conf=conf: {index: -1, cur=peers:[b5b9165f-6528-4062-9715-63d706d5309e|127.0.0.1:15012, d758e0a9-c5a1-4fd4-978f-3629e4af057b|127.0.0.1:15021, 9d1f9f5c-07b4-413f-b8b0-69aa045119d7|127.0.0.1:15030]|listeners:[], old=null}
2024-08-27 20:25:04,288 [d758e0a9-c5a1-4fd4-978f-3629e4af057b-groupManagement] INFO  server.RaftServer$Division (RaftServerImpl.java:setRole(376)) - d758e0a9-c5a1-4fd4-978f-3629e4af057b@group-304231B6B230: changes role from      null to FOLLOWER at term 0 for startAsFollower
2024-08-27 20:25:04,288 [d758e0a9-c5a1-4fd4-978f-3629e4af057b-groupManagement] INFO  impl.RoleInfo (RoleInfo.java:updateAndGet(148)) - d758e0a9-c5a1-4fd4-978f-3629e4af057b: start d758e0a9-c5a1-4fd4-978f-3629e4af057b@group-304231B6B230-FollowerState
2024-08-27 20:25:04,290 [d758e0a9-c5a1-4fd4-978f-3629e4af057b-groupManagement] INFO  util.JmxRegister (JmxRegister.java:tryRegister(44)) - Successfully registered JMX Bean with object name Ratis:service=RaftServer,group=group-304231B6B230,id=d758e0a9-c5a1-4fd4-978f-3629e4af057b
2024-08-27 20:25:04,290 [d758e0a9-c5a1-4fd4-978f-3629e4af057b-groupManagement] INFO  util.JmxRegister (JmxRegister.java:register(58)) - register mxBean class org.apache.ratis.server.impl.RaftServerJmxAdapter as Ratis:service=RaftServer,group=group-304231B6B230,id=d758e0a9-c5a1-4fd4-978f-3629e4af057b
2024-08-27 20:25:04,290 [d758e0a9-c5a1-4fd4-978f-3629e4af057b-groupManagement] INFO  server.RaftServerConfigKeys (ConfUtils.java:logGet(46)) - raft.server.snapshot.trigger-when-stop.enabled = true (default)
2024-08-27 20:25:04,290 [d758e0a9-c5a1-4fd4-978f-3629e4af057b-groupManagement] INFO  server.RaftServerConfigKeys (ConfUtils.java:logGet(46)) - raft.server.snapshot.trigger-when-remove.enabled = true (default)
2024-08-27 20:25:04,291 [d758e0a9-c5a1-4fd4-978f-3629e4af057b-groupManagement] INFO  server.RaftServerConfigKeys (ConfUtils.java:logGet(46)) - raft.server.snapshot.auto.trigger.enabled = true (custom)
2024-08-27 20:25:04,291 [d758e0a9-c5a1-4fd4-978f-3629e4af057b-groupManagement] INFO  server.RaftServerConfigKeys (ConfUtils.java:logGet(46)) - raft.server.snapshot.auto.trigger.threshold = 10000 (custom)
2024-08-27 20:25:04,291 [d758e0a9-c5a1-4fd4-978f-3629e4af057b-groupManagement] INFO  server.RaftServerConfigKeys (ConfUtils.java:logGet(46)) - raft.server.snapshot.retention.file.num = 5 (custom)
2024-08-27 20:25:04,291 [d758e0a9-c5a1-4fd4-978f-3629e4af057b-groupManagement] INFO  server.RaftServerConfigKeys (ConfUtils.java:logGet(46)) - raft.server.log.purge.upto.snapshot.index = false (default)
2024-08-27 20:25:04,291 [d758e0a9-c5a1-4fd4-978f-3629e4af057b@group-304231B6B230-FollowerState] INFO  server.RaftServerConfigKeys (ConfUtils.java:logFallback(53)) - raft.server.rpc.first-election.timeout.min = 5s (fallback to raft.server.rpc.timeout.min)
2024-08-27 20:25:04,291 [d758e0a9-c5a1-4fd4-978f-3629e4af057b@group-304231B6B230-FollowerState] INFO  server.RaftServerConfigKeys (ConfUtils.java:logFallback(53)) - raft.server.rpc.first-election.timeout.max = 5200ms (fallback to raft.server.rpc.timeout.max)
2024-08-27 20:25:04,294 [d758e0a9-c5a1-4fd4-978f-3629e4af057b-PipelineCommandHandlerThread-0] INFO  ratis.XceiverServerRatis (XceiverServerRatis.java:addGroup(849)) - Created group PipelineID=1a4e5420-6724-4a1d-aa95-304231b6b230
2024-08-27 20:25:04,295 [9d1f9f5c-07b4-413f-b8b0-69aa045119d7-groupManagement] INFO  util.AwaitToRun (AwaitToRun.java:start(81)) - Thread[9d1f9f5c-07b4-413f-b8b0-69aa045119d7@group-304231B6B230-cacheEviction-AwaitToRun,5,main] started
2024-08-27 20:25:04,295 [9d1f9f5c-07b4-413f-b8b0-69aa045119d7-groupManagement] INFO  segmented.SegmentedRaftLogWorker (SegmentedRaftLogWorker.java:<init>(184)) - new 9d1f9f5c-07b4-413f-b8b0-69aa045119d7@group-304231B6B230-SegmentedRaftLogWorker for RaftStorageImpl:Storage Directory /home/runner/work/ozone/ozone/hadoop-ozone/integration-test/target/test-dir/MiniOzoneClusterImpl-2855d785-c18f-47a1-bcca-44ce8ce60223/ozone-meta/datanode-3/ratis/1a4e5420-6724-4a1d-aa95-304231b6b230
2024-08-27 20:25:04,295 [9d1f9f5c-07b4-413f-b8b0-69aa045119d7-groupManagement] INFO  server.RaftServerConfigKeys (ConfUtils.java:logGet(46)) - raft.server.log.queue.byte-limit = 4294967296 (custom)
2024-08-27 20:25:04,295 [9d1f9f5c-07b4-413f-b8b0-69aa045119d7-groupManagement] INFO  server.RaftServerConfigKeys (ConfUtils.java:logGet(46)) - raft.server.log.queue.element-limit = 1024 (custom)
2024-08-27 20:25:04,295 [9d1f9f5c-07b4-413f-b8b0-69aa045119d7-groupManagement] INFO  server.RaftServerConfigKeys (ConfUtils.java:logGet(46)) - raft.server.log.segment.size.max = 67108864 (custom)
2024-08-27 20:25:04,295 [9d1f9f5c-07b4-413f-b8b0-69aa045119d7-groupManagement] INFO  server.RaftServerConfigKeys (ConfUtils.java:logGet(46)) - raft.server.log.preallocated.size = 4194304 (custom)
2024-08-27 20:25:04,295 [9d1f9f5c-07b4-413f-b8b0-69aa045119d7-groupManagement] INFO  server.RaftServerConfigKeys (ConfUtils.java:logGet(46)) - raft.server.log.force.sync.num = 128 (default)
2024-08-27 20:25:04,295 [9d1f9f5c-07b4-413f-b8b0-69aa045119d7-groupManagement] INFO  server.RaftServerConfigKeys (ConfUtils.java:logGet(46)) - raft.server.log.statemachine.data.sync = true (default)
2024-08-27 20:25:04,296 [9d1f9f5c-07b4-413f-b8b0-69aa045119d7-groupManagement] INFO  server.RaftServerConfigKeys (ConfUtils.java:logGet(46)) - raft.server.log.statemachine.data.sync.timeout = 10s (default)
2024-08-27 20:25:04,296 [9d1f9f5c-07b4-413f-b8b0-69aa045119d7-groupManagement] INFO  server.RaftServerConfigKeys (ConfUtils.java:logGet(46)) - raft.server.log.statemachine.data.sync.timeout.retry = 30 (custom)
2024-08-27 20:25:04,296 [9d1f9f5c-07b4-413f-b8b0-69aa045119d7-groupManagement] INFO  server.RaftServerConfigKeys (ConfUtils.java:logGet(46)) - raft.server.log.write.buffer.size = 8388616 (custom)
2024-08-27 20:25:04,298 [9d1f9f5c-07b4-413f-b8b0-69aa045119d7-groupManagement] INFO  server.RaftServerConfigKeys (ConfUtils.java:logGet(46)) - raft.server.log.appender.buffer.byte-limit = 8388608 (custom)
2024-08-27 20:25:04,299 [9d1f9f5c-07b4-413f-b8b0-69aa045119d7-groupManagement] INFO  server.RaftServerConfigKeys (ConfUtils.java:logGet(46)) - raft.server.log.unsafe-flush.enabled = false (default)
2024-08-27 20:25:04,299 [9d1f9f5c-07b4-413f-b8b0-69aa045119d7-groupManagement] INFO  server.RaftServerConfigKeys (ConfUtils.java:logGet(46)) - raft.server.log.async-flush.enabled = false (default)
2024-08-27 20:25:04,299 [9d1f9f5c-07b4-413f-b8b0-69aa045119d7-groupManagement] INFO  server.RaftServerConfigKeys (ConfUtils.java:logGet(46)) - raft.server.log.statemachine.data.caching.enabled = true (custom)
2024-08-27 20:25:04,300 [9d1f9f5c-07b4-413f-b8b0-69aa045119d7-groupManagement] INFO  segmented.SegmentedRaftLogWorker (SegmentedRaftLogWorker.java:lambda$new$0(135)) - 9d1f9f5c-07b4-413f-b8b0-69aa045119d7@group-304231B6B230-SegmentedRaftLogWorker: flushIndex: setUnconditionally 0 -> -1
2024-08-27 20:25:04,300 [9d1f9f5c-07b4-413f-b8b0-69aa045119d7-groupManagement] INFO  segmented.SegmentedRaftLogWorker (SegmentedRaftLogWorker.java:lambda$new$0(135)) - 9d1f9f5c-07b4-413f-b8b0-69aa045119d7@group-304231B6B230-SegmentedRaftLogWorker: safeCacheEvictIndex: setUnconditionally 0 -> -1
2024-08-27 20:25:04,302 [9d1f9f5c-07b4-413f-b8b0-69aa045119d7-groupManagement] INFO  server.RaftServer$Division (RaftServerImpl.java:start(389)) - 9d1f9f5c-07b4-413f-b8b0-69aa045119d7@group-304231B6B230: start as a follower, conf=conf: {index: -1, cur=peers:[b5b9165f-6528-4062-9715-63d706d5309e|127.0.0.1:15012, d758e0a9-c5a1-4fd4-978f-3629e4af057b|127.0.0.1:15021, 9d1f9f5c-07b4-413f-b8b0-69aa045119d7|127.0.0.1:15030]|listeners:[], old=null}
2024-08-27 20:25:04,302 [9d1f9f5c-07b4-413f-b8b0-69aa045119d7-groupManagement] INFO  server.RaftServer$Division (RaftServerImpl.java:setRole(376)) - 9d1f9f5c-07b4-413f-b8b0-69aa045119d7@group-304231B6B230: changes role from      null to FOLLOWER at term 0 for startAsFollower
2024-08-27 20:25:04,302 [9d1f9f5c-07b4-413f-b8b0-69aa045119d7-groupManagement] INFO  impl.RoleInfo (RoleInfo.java:updateAndGet(148)) - 9d1f9f5c-07b4-413f-b8b0-69aa045119d7: start 9d1f9f5c-07b4-413f-b8b0-69aa045119d7@group-304231B6B230-FollowerState
2024-08-27 20:25:04,303 [9d1f9f5c-07b4-413f-b8b0-69aa045119d7-groupManagement] INFO  util.JmxRegister (JmxRegister.java:tryRegister(44)) - Successfully registered JMX Bean with object name Ratis:service=RaftServer,group=group-304231B6B230,id=9d1f9f5c-07b4-413f-b8b0-69aa045119d7
2024-08-27 20:25:04,303 [9d1f9f5c-07b4-413f-b8b0-69aa045119d7-groupManagement] INFO  util.JmxRegister (JmxRegister.java:register(58)) - register mxBean class org.apache.ratis.server.impl.RaftServerJmxAdapter as Ratis:service=RaftServer,group=group-304231B6B230,id=9d1f9f5c-07b4-413f-b8b0-69aa045119d7
2024-08-27 20:25:04,303 [9d1f9f5c-07b4-413f-b8b0-69aa045119d7-groupManagement] INFO  server.RaftServerConfigKeys (ConfUtils.java:logGet(46)) - raft.server.snapshot.trigger-when-stop.enabled = true (default)
2024-08-27 20:25:04,303 [9d1f9f5c-07b4-413f-b8b0-69aa045119d7-groupManagement] INFO  server.RaftServerConfigKeys (ConfUtils.java:logGet(46)) - raft.server.snapshot.trigger-when-remove.enabled = true (default)
2024-08-27 20:25:04,303 [9d1f9f5c-07b4-413f-b8b0-69aa045119d7-groupManagement] INFO  server.RaftServerConfigKeys (ConfUtils.java:logGet(46)) - raft.server.snapshot.auto.trigger.enabled = true (custom)
2024-08-27 20:25:04,303 [9d1f9f5c-07b4-413f-b8b0-69aa045119d7-groupManagement] INFO  server.RaftServerConfigKeys (ConfUtils.java:logGet(46)) - raft.server.snapshot.auto.trigger.threshold = 10000 (custom)
2024-08-27 20:25:04,303 [9d1f9f5c-07b4-413f-b8b0-69aa045119d7-groupManagement] INFO  server.RaftServerConfigKeys (ConfUtils.java:logGet(46)) - raft.server.snapshot.retention.file.num = 5 (custom)
2024-08-27 20:25:04,303 [9d1f9f5c-07b4-413f-b8b0-69aa045119d7-groupManagement] INFO  server.RaftServerConfigKeys (ConfUtils.java:logGet(46)) - raft.server.log.purge.upto.snapshot.index = false (default)
2024-08-27 20:25:04,307 [9d1f9f5c-07b4-413f-b8b0-69aa045119d7@group-304231B6B230-FollowerState] INFO  server.RaftServerConfigKeys (ConfUtils.java:logFallback(53)) - raft.server.rpc.first-election.timeout.min = 5s (fallback to raft.server.rpc.timeout.min)
2024-08-27 20:25:04,308 [9d1f9f5c-07b4-413f-b8b0-69aa045119d7@group-304231B6B230-FollowerState] INFO  server.RaftServerConfigKeys (ConfUtils.java:logFallback(53)) - raft.server.rpc.first-election.timeout.max = 5200ms (fallback to raft.server.rpc.timeout.max)
2024-08-27 20:25:04,344 [9d1f9f5c-07b4-413f-b8b0-69aa045119d7-groupManagement] INFO  server.RaftServer$Division (RaftServerImpl.java:<init>(253)) - 9d1f9f5c-07b4-413f-b8b0-69aa045119d7: new RaftServerImpl for group-0DCCA2FB08E8:[9d1f9f5c-07b4-413f-b8b0-69aa045119d7|127.0.0.1:15030] with ContainerStateMachine:uninitialized
2024-08-27 20:25:04,345 [9d1f9f5c-07b4-413f-b8b0-69aa045119d7-groupManagement] INFO  server.RaftServerConfigKeys (ConfUtils.java:logGet(46)) - raft.server.rpc.timeout.min = 5s (custom)
2024-08-27 20:25:04,345 [9d1f9f5c-07b4-413f-b8b0-69aa045119d7-groupManagement] INFO  server.RaftServerConfigKeys (ConfUtils.java:logGet(46)) - raft.server.rpc.timeout.max = 5200ms (custom)
2024-08-27 20:25:04,345 [9d1f9f5c-07b4-413f-b8b0-69aa045119d7-groupManagement] INFO  server.RaftServerConfigKeys (ConfUtils.java:logGet(46)) - raft.server.rpc.sleep.time = 25ms (default)
2024-08-27 20:25:04,345 [9d1f9f5c-07b4-413f-b8b0-69aa045119d7-groupManagement] INFO  server.RaftServerConfigKeys (ConfUtils.java:logGet(46)) - raft.server.rpc.slowness.timeout = 300s (custom)
2024-08-27 20:25:04,345 [9d1f9f5c-07b4-413f-b8b0-69aa045119d7-groupManagement] INFO  server.RaftServerConfigKeys (ConfUtils.java:logGet(46)) - raft.server.leaderelection.leader.step-down.wait-time = 10s (default)
2024-08-27 20:25:04,345 [9d1f9f5c-07b4-413f-b8b0-69aa045119d7-groupManagement] INFO  server.RaftServerConfigKeys (ConfUtils.java:logGet(46)) - raft.server.leaderelection.member.majority-add = false (default)
2024-08-27 20:25:04,345 [9d1f9f5c-07b4-413f-b8b0-69aa045119d7-groupManagement] INFO  server.RaftServerConfigKeys (ConfUtils.java:logGet(46)) - raft.server.sleep.deviation.threshold = 300ms (default)
2024-08-27 20:25:04,345 [9d1f9f5c-07b4-413f-b8b0-69aa045119d7-groupManagement] INFO  server.RaftServer$Division (ServerState.java:<init>(114)) - 9d1f9f5c-07b4-413f-b8b0-69aa045119d7@group-0DCCA2FB08E8: ConfigurationManager, init=conf: {index: -1, cur=peers:[9d1f9f5c-07b4-413f-b8b0-69aa045119d7|127.0.0.1:15030]|listeners:[], old=null}, confs=<EMPTY_MAP>
2024-08-27 20:25:04,345 [9d1f9f5c-07b4-413f-b8b0-69aa045119d7-groupManagement] INFO  server.RaftServerConfigKeys (ConfUtils.java:logGet(46)) - raft.server.notification.no-leader.timeout = 300s (custom)
2024-08-27 20:25:04,345 [9d1f9f5c-07b4-413f-b8b0-69aa045119d7-groupManagement] INFO  server.RaftServerConfigKeys (ConfUtils.java:logGet(46)) - raft.server.read.timeout = 10s (default)
2024-08-27 20:25:04,345 [9d1f9f5c-07b4-413f-b8b0-69aa045119d7-groupManagement] INFO  server.RaftServerConfigKeys (ConfUtils.java:logGet(46)) - raft.server.retrycache.expirytime = 600000ms (custom)
2024-08-27 20:25:04,345 [9d1f9f5c-07b4-413f-b8b0-69aa045119d7-groupManagement] INFO  server.RaftServerConfigKeys (ConfUtils.java:logGet(46)) - raft.server.retrycache.statistics.expirytime = 100ms (default)
2024-08-27 20:25:04,345 [9d1f9f5c-07b4-413f-b8b0-69aa045119d7-groupManagement] INFO  server.RaftServerConfigKeys (ConfUtils.java:logGet(46)) - raft.server.read.option = DEFAULT (default)
2024-08-27 20:25:04,345 [9d1f9f5c-07b4-413f-b8b0-69aa045119d7-groupManagement] INFO  server.RaftServerConfigKeys (ConfUtils.java:logGet(46)) - raft.server.read.read-after-write-consistent.write-index-cache.expiry-time = 60s (default)
2024-08-27 20:25:04,349 [9d1f9f5c-07b4-413f-b8b0-69aa045119d7-PipelineCommandHandlerThread-0] INFO  server.RaftServer (RaftServerProxy.java:addNew(101)) - 9d1f9f5c-07b4-413f-b8b0-69aa045119d7: addNew group-0DCCA2FB08E8:[9d1f9f5c-07b4-413f-b8b0-69aa045119d7|127.0.0.1:15030] returns group-0DCCA2FB08E8:java.util.concurrent.CompletableFuture@65be2018[Not completed]
2024-08-27 20:25:04,350 [d758e0a9-c5a1-4fd4-978f-3629e4af057b-PipelineCommandHandlerThread-0] INFO  commandhandler.CreatePipelineCommandHandler (CreatePipelineCommandHandler.java:lambda$handle$2(124)) - Created Pipeline RATIS THREE PipelineID=1a4e5420-6724-4a1d-aa95-304231b6b230.
2024-08-27 20:25:04,351 [9d1f9f5c-07b4-413f-b8b0-69aa045119d7-groupManagement] INFO  server.RaftServerConfigKeys (ConfUtils.java:logGet(46)) - raft.server.rpc.request.timeout = 60s (custom)
2024-08-27 20:25:04,351 [9d1f9f5c-07b4-413f-b8b0-69aa045119d7-groupManagement] INFO  server.RaftServerConfigKeys (ConfUtils.java:logGet(46)) - raft.server.log.appender.install.snapshot.enabled = false (custom)
2024-08-27 20:25:04,352 [9d1f9f5c-07b4-413f-b8b0-69aa045119d7-groupManagement] INFO  server.RaftServerConfigKeys (ConfUtils.java:logGet(46)) - raft.server.threadpool.server.cached = true (default)
2024-08-27 20:25:04,352 [9d1f9f5c-07b4-413f-b8b0-69aa045119d7-groupManagement] INFO  server.RaftServerConfigKeys (ConfUtils.java:logGet(46)) - raft.server.threadpool.server.size = 0 (default)
2024-08-27 20:25:04,352 [9d1f9f5c-07b4-413f-b8b0-69aa045119d7-groupManagement] INFO  server.RaftServerConfigKeys (ConfUtils.java:logGet(46)) - raft.server.threadpool.client.cached = true (default)
2024-08-27 20:25:04,352 [9d1f9f5c-07b4-413f-b8b0-69aa045119d7-groupManagement] INFO  server.RaftServerConfigKeys (ConfUtils.java:logGet(46)) - raft.server.threadpool.client.size = 0 (default)
2024-08-27 20:25:04,352 [9d1f9f5c-07b4-413f-b8b0-69aa045119d7-groupManagement] INFO  server.RaftServerConfigKeys (ConfUtils.java:logGet(46)) - raft.server.storage.free-space.min = 0MB (=0) (default)
2024-08-27 20:25:04,353 [9d1f9f5c-07b4-413f-b8b0-69aa045119d7-groupManagement] INFO  server.RaftServerConfigKeys (ConfUtils.java:logGet(46)) - raft.server.log.corruption.policy = EXCEPTION (default)
2024-08-27 20:25:04,353 [9d1f9f5c-07b4-413f-b8b0-69aa045119d7-groupManagement] INFO  server.RaftServerConfigKeys (ConfUtils.java:logGet(46)) - raft.server.storage.dir = [/home/runner/work/ozone/ozone/hadoop-ozone/integration-test/target/test-dir/MiniOzoneClusterImpl-2855d785-c18f-47a1-bcca-44ce8ce60223/ozone-meta/datanode-3/ratis] (custom)
2024-08-27 20:25:04,354 [9d1f9f5c-07b4-413f-b8b0-69aa045119d7-groupManagement] INFO  storage.RaftStorageDirectory (RaftStorageDirectoryImpl.java:analyzeStorage(138)) - The storage directory /home/runner/work/ozone/ozone/hadoop-ozone/integration-test/target/test-dir/MiniOzoneClusterImpl-2855d785-c18f-47a1-bcca-44ce8ce60223/ozone-meta/datanode-3/ratis/8eba0c35-bf2b-4a6e-b1aa-0dcca2fb08e8 does not exist. Creating ...
2024-08-27 20:25:04,354 [b5b9165f-6528-4062-9715-63d706d5309e-PipelineCommandHandlerThread-0] INFO  commandhandler.CreatePipelineCommandHandler (CreatePipelineCommandHandler.java:lambda$handle$2(124)) - Created Pipeline RATIS THREE PipelineID=1a4e5420-6724-4a1d-aa95-304231b6b230.
2024-08-27 20:25:04,355 [9d1f9f5c-07b4-413f-b8b0-69aa045119d7-groupManagement] INFO  storage.RaftStorageDirectory (RaftStorageDirectoryImpl.java:tryLock(229)) - Lock on /home/runner/work/ozone/ozone/hadoop-ozone/integration-test/target/test-dir/MiniOzoneClusterImpl-2855d785-c18f-47a1-bcca-44ce8ce60223/ozone-meta/datanode-3/ratis/8eba0c35-bf2b-4a6e-b1aa-0dcca2fb08e8/in_use.lock acquired by nodename 43194@fv-az884-737
2024-08-27 20:25:04,357 [9d1f9f5c-07b4-413f-b8b0-69aa045119d7-groupManagement] INFO  storage.RaftStorage (RaftStorageImpl.java:format(98)) - Storage directory /home/runner/work/ozone/ozone/hadoop-ozone/integration-test/target/test-dir/MiniOzoneClusterImpl-2855d785-c18f-47a1-bcca-44ce8ce60223/ozone-meta/datanode-3/ratis/8eba0c35-bf2b-4a6e-b1aa-0dcca2fb08e8 has been successfully formatted.
2024-08-27 20:25:04,357 [9d1f9f5c-07b4-413f-b8b0-69aa045119d7-groupManagement] INFO  ratis.ContainerStateMachine (ContainerStateMachine.java:loadSnapshot(295)) - group-0DCCA2FB08E8: The snapshot info is null. Setting the last applied index to:(t:0, i:~)
2024-08-27 20:25:04,358 [9d1f9f5c-07b4-413f-b8b0-69aa045119d7-groupManagement] INFO  server.RaftServerConfigKeys (ConfUtils.java:logGet(46)) - raft.server.log.use.memory = false (default)
2024-08-27 20:25:04,358 [9d1f9f5c-07b4-413f-b8b0-69aa045119d7-groupManagement] INFO  server.RaftServerConfigKeys (ConfUtils.java:logGet(46)) - raft.server.log.purge.gap = 1000000 (custom)
2024-08-27 20:25:04,359 [9d1f9f5c-07b4-413f-b8b0-69aa045119d7-groupManagement] INFO  server.RaftServerConfigKeys (ConfUtils.java:logGet(46)) - raft.server.log.appender.buffer.byte-limit = 8388608 (custom)
2024-08-27 20:25:04,359 [9d1f9f5c-07b4-413f-b8b0-69aa045119d7-groupManagement] INFO  server.RaftServerConfigKeys (ConfUtils.java:logGet(46)) - raft.server.log.statemachine.data.read.timeout = 1000ms (default)
2024-08-27 20:25:04,359 [9d1f9f5c-07b4-413f-b8b0-69aa045119d7-groupManagement] INFO  server.RaftServerConfigKeys (ConfUtils.java:logGet(46)) - raft.server.log.purge.preservation.log.num = 0 (default)
2024-08-27 20:25:04,361 [EventQueue-PipelineReportForPipelineReportHandler] INFO  pipeline.PipelineReportHandler (PipelineReportHandler.java:processPipelineReport(136)) - Opened pipeline PipelineID=8eba0c35-bf2b-4a6e-b1aa-0dcca2fb08e8
2024-08-27 20:25:04,361 [EventQueue-OpenPipelineForHealthyPipelineSafeModeRule] INFO  safemode.SCMSafeModeManager (HealthyPipelineSafeModeRule.java:process(140)) - SCM in safe mode. Healthy pipelines reported count is 0, required healthy pipeline reported count is 1
2024-08-27 20:25:04,365 [9d1f9f5c-07b4-413f-b8b0-69aa045119d7-groupManagement] INFO  server.RaftServerConfigKeys (ConfUtils.java:logGet(46)) - raft.server.log.segment.size.max = 67108864 (custom)
2024-08-27 20:25:04,365 [9d1f9f5c-07b4-413f-b8b0-69aa045119d7-groupManagement] INFO  server.RaftServerConfigKeys (ConfUtils.java:logGet(46)) - raft.server.log.segment.cache.num.max = 2 (custom)
2024-08-27 20:25:04,365 [9d1f9f5c-07b4-413f-b8b0-69aa045119d7-groupManagement] INFO  server.RaftServerConfigKeys (ConfUtils.java:logGet(46)) - raft.server.log.segment.cache.size.max = 200MB (=209715200) (default)
2024-08-27 20:25:04,366 [9d1f9f5c-07b4-413f-b8b0-69aa045119d7-groupManagement] INFO  server.RaftServerConfigKeys (ConfUtils.java:logGet(46)) - raft.server.log.appender.buffer.byte-limit = 8388608 (custom)
2024-08-27 20:25:04,369 [9d1f9f5c-07b4-413f-b8b0-69aa045119d7-groupManagement] INFO  util.AwaitToRun (AwaitToRun.java:start(81)) - Thread[9d1f9f5c-07b4-413f-b8b0-69aa045119d7@group-0DCCA2FB08E8-cacheEviction-AwaitToRun,5,main] started
2024-08-27 20:25:04,369 [9d1f9f5c-07b4-413f-b8b0-69aa045119d7-groupManagement] INFO  segmented.SegmentedRaftLogWorker (SegmentedRaftLogWorker.java:<init>(184)) - new 9d1f9f5c-07b4-413f-b8b0-69aa045119d7@group-0DCCA2FB08E8-SegmentedRaftLogWorker for RaftStorageImpl:Storage Directory /home/runner/work/ozone/ozone/hadoop-ozone/integration-test/target/test-dir/MiniOzoneClusterImpl-2855d785-c18f-47a1-bcca-44ce8ce60223/ozone-meta/datanode-3/ratis/8eba0c35-bf2b-4a6e-b1aa-0dcca2fb08e8
2024-08-27 20:25:04,369 [9d1f9f5c-07b4-413f-b8b0-69aa045119d7-groupManagement] INFO  server.RaftServerConfigKeys (ConfUtils.java:logGet(46)) - raft.server.log.queue.byte-limit = 4294967296 (custom)
2024-08-27 20:25:04,369 [9d1f9f5c-07b4-413f-b8b0-69aa045119d7-groupManagement] INFO  server.RaftServerConfigKeys (ConfUtils.java:logGet(46)) - raft.server.log.queue.element-limit = 1024 (custom)
2024-08-27 20:25:04,369 [9d1f9f5c-07b4-413f-b8b0-69aa045119d7-groupManagement] INFO  server.RaftServerConfigKeys (ConfUtils.java:logGet(46)) - raft.server.log.segment.size.max = 67108864 (custom)
2024-08-27 20:25:04,369 [9d1f9f5c-07b4-413f-b8b0-69aa045119d7-groupManagement] INFO  server.RaftServerConfigKeys (ConfUtils.java:logGet(46)) - raft.server.log.preallocated.size = 4194304 (custom)
2024-08-27 20:25:04,369 [9d1f9f5c-07b4-413f-b8b0-69aa045119d7-groupManagement] INFO  server.RaftServerConfigKeys (ConfUtils.java:logGet(46)) - raft.server.log.force.sync.num = 128 (default)
2024-08-27 20:25:04,369 [9d1f9f5c-07b4-413f-b8b0-69aa045119d7-groupManagement] INFO  server.RaftServerConfigKeys (ConfUtils.java:logGet(46)) - raft.server.log.statemachine.data.sync = true (default)
2024-08-27 20:25:04,369 [9d1f9f5c-07b4-413f-b8b0-69aa045119d7-groupManagement] INFO  server.RaftServerConfigKeys (ConfUtils.java:logGet(46)) - raft.server.log.statemachine.data.sync.timeout = 10s (default)
2024-08-27 20:25:04,369 [9d1f9f5c-07b4-413f-b8b0-69aa045119d7-groupManagement] INFO  server.RaftServerConfigKeys (ConfUtils.java:logGet(46)) - raft.server.log.statemachine.data.sync.timeout.retry = 30 (custom)
2024-08-27 20:25:04,369 [9d1f9f5c-07b4-413f-b8b0-69aa045119d7-groupManagement] INFO  server.RaftServerConfigKeys (ConfUtils.java:logGet(46)) - raft.server.log.write.buffer.size = 8388616 (custom)
2024-08-27 20:25:04,371 [9d1f9f5c-07b4-413f-b8b0-69aa045119d7-groupManagement] INFO  server.RaftServerConfigKeys (ConfUtils.java:logGet(46)) - raft.server.log.appender.buffer.byte-limit = 8388608 (custom)
2024-08-27 20:25:04,372 [9d1f9f5c-07b4-413f-b8b0-69aa045119d7-groupManagement] INFO  server.RaftServerConfigKeys (ConfUtils.java:logGet(46)) - raft.server.log.unsafe-flush.enabled = false (default)
2024-08-27 20:25:04,372 [9d1f9f5c-07b4-413f-b8b0-69aa045119d7-groupManagement] INFO  server.RaftServerConfigKeys (ConfUtils.java:logGet(46)) - raft.server.log.async-flush.enabled = false (default)
2024-08-27 20:25:04,372 [9d1f9f5c-07b4-413f-b8b0-69aa045119d7-groupManagement] INFO  server.RaftServerConfigKeys (ConfUtils.java:logGet(46)) - raft.server.log.statemachine.data.caching.enabled = true (custom)
2024-08-27 20:25:04,372 [9d1f9f5c-07b4-413f-b8b0-69aa045119d7-groupManagement] INFO  segmented.SegmentedRaftLogWorker (SegmentedRaftLogWorker.java:lambda$new$0(135)) - 9d1f9f5c-07b4-413f-b8b0-69aa045119d7@group-0DCCA2FB08E8-SegmentedRaftLogWorker: flushIndex: setUnconditionally 0 -> -1
2024-08-27 20:25:04,372 [9d1f9f5c-07b4-413f-b8b0-69aa045119d7-groupManagement] INFO  segmented.SegmentedRaftLogWorker (SegmentedRaftLogWorker.java:lambda$new$0(135)) - 9d1f9f5c-07b4-413f-b8b0-69aa045119d7@group-0DCCA2FB08E8-SegmentedRaftLogWorker: safeCacheEvictIndex: setUnconditionally 0 -> -1
2024-08-27 20:25:04,372 [9d1f9f5c-07b4-413f-b8b0-69aa045119d7-groupManagement] INFO  server.RaftServer$Division (RaftServerImpl.java:start(389)) - 9d1f9f5c-07b4-413f-b8b0-69aa045119d7@group-0DCCA2FB08E8: start as a follower, conf=conf: {index: -1, cur=peers:[9d1f9f5c-07b4-413f-b8b0-69aa045119d7|127.0.0.1:15030]|listeners:[], old=null}
2024-08-27 20:25:04,372 [9d1f9f5c-07b4-413f-b8b0-69aa045119d7-groupManagement] INFO  server.RaftServer$Division (RaftServerImpl.java:setRole(376)) - 9d1f9f5c-07b4-413f-b8b0-69aa045119d7@group-0DCCA2FB08E8: changes role from      null to FOLLOWER at term 0 for startAsFollower
2024-08-27 20:25:04,372 [9d1f9f5c-07b4-413f-b8b0-69aa045119d7-groupManagement] INFO  impl.RoleInfo (RoleInfo.java:updateAndGet(148)) - 9d1f9f5c-07b4-413f-b8b0-69aa045119d7: start 9d1f9f5c-07b4-413f-b8b0-69aa045119d7@group-0DCCA2FB08E8-FollowerState
2024-08-27 20:25:04,373 [9d1f9f5c-07b4-413f-b8b0-69aa045119d7-groupManagement] INFO  util.JmxRegister (JmxRegister.java:tryRegister(44)) - Successfully registered JMX Bean with object name Ratis:service=RaftServer,group=group-0DCCA2FB08E8,id=9d1f9f5c-07b4-413f-b8b0-69aa045119d7
2024-08-27 20:25:04,373 [9d1f9f5c-07b4-413f-b8b0-69aa045119d7-groupManagement] INFO  util.JmxRegister (JmxRegister.java:register(58)) - register mxBean class org.apache.ratis.server.impl.RaftServerJmxAdapter as Ratis:service=RaftServer,group=group-0DCCA2FB08E8,id=9d1f9f5c-07b4-413f-b8b0-69aa045119d7
2024-08-27 20:25:04,373 [9d1f9f5c-07b4-413f-b8b0-69aa045119d7-groupManagement] INFO  server.RaftServerConfigKeys (ConfUtils.java:logGet(46)) - raft.server.snapshot.trigger-when-stop.enabled = true (default)
2024-08-27 20:25:04,373 [9d1f9f5c-07b4-413f-b8b0-69aa045119d7-groupManagement] INFO  server.RaftServerConfigKeys (ConfUtils.java:logGet(46)) - raft.server.snapshot.trigger-when-remove.enabled = true (default)
2024-08-27 20:25:04,373 [9d1f9f5c-07b4-413f-b8b0-69aa045119d7-groupManagement] INFO  server.RaftServerConfigKeys (ConfUtils.java:logGet(46)) - raft.server.snapshot.auto.trigger.enabled = true (custom)
2024-08-27 20:25:04,373 [9d1f9f5c-07b4-413f-b8b0-69aa045119d7-groupManagement] INFO  server.RaftServerConfigKeys (ConfUtils.java:logGet(46)) - raft.server.snapshot.auto.trigger.threshold = 10000 (custom)
2024-08-27 20:25:04,373 [9d1f9f5c-07b4-413f-b8b0-69aa045119d7-groupManagement] INFO  server.RaftServerConfigKeys (ConfUtils.java:logGet(46)) - raft.server.snapshot.retention.file.num = 5 (custom)
2024-08-27 20:25:04,373 [9d1f9f5c-07b4-413f-b8b0-69aa045119d7-groupManagement] INFO  server.RaftServerConfigKeys (ConfUtils.java:logGet(46)) - raft.server.log.purge.upto.snapshot.index = false (default)
2024-08-27 20:25:04,374 [9d1f9f5c-07b4-413f-b8b0-69aa045119d7@group-0DCCA2FB08E8-FollowerState] INFO  server.RaftServerConfigKeys (ConfUtils.java:logFallback(53)) - raft.server.rpc.first-election.timeout.min = 5s (fallback to raft.server.rpc.timeout.min)
2024-08-27 20:25:04,374 [9d1f9f5c-07b4-413f-b8b0-69aa045119d7@group-0DCCA2FB08E8-FollowerState] INFO  server.RaftServerConfigKeys (ConfUtils.java:logFallback(53)) - raft.server.rpc.first-election.timeout.max = 5200ms (fallback to raft.server.rpc.timeout.max)
2024-08-27 20:25:04,375 [9d1f9f5c-07b4-413f-b8b0-69aa045119d7-PipelineCommandHandlerThread-0] INFO  ratis.XceiverServerRatis (XceiverServerRatis.java:addGroup(849)) - Created group PipelineID=8eba0c35-bf2b-4a6e-b1aa-0dcca2fb08e8
2024-08-27 20:25:04,375 [9d1f9f5c-07b4-413f-b8b0-69aa045119d7-PipelineCommandHandlerThread-0] INFO  commandhandler.CreatePipelineCommandHandler (CreatePipelineCommandHandler.java:lambda$handle$2(124)) - Created Pipeline RATIS ONE PipelineID=8eba0c35-bf2b-4a6e-b1aa-0dcca2fb08e8.
2024-08-27 20:25:04,762 [f3028915-7dd4-47fe-983a-636a8839ab96-PipelineCommandHandlerThread-0] INFO  server.RaftServer (RaftServerProxy.java:addNew(101)) - f3028915-7dd4-47fe-983a-636a8839ab96: addNew group-B30E101814FB:[f3028915-7dd4-47fe-983a-636a8839ab96|127.0.0.1:15039] returns group-B30E101814FB:java.util.concurrent.CompletableFuture@606fba8b[Not completed]
2024-08-27 20:25:04,764 [f3028915-7dd4-47fe-983a-636a8839ab96-groupManagement] INFO  server.RaftServer$Division (RaftServerImpl.java:<init>(253)) - f3028915-7dd4-47fe-983a-636a8839ab96: new RaftServerImpl for group-B30E101814FB:[f3028915-7dd4-47fe-983a-636a8839ab96|127.0.0.1:15039] with ContainerStateMachine:uninitialized
2024-08-27 20:25:04,764 [f3028915-7dd4-47fe-983a-636a8839ab96-groupManagement] INFO  server.RaftServerConfigKeys (ConfUtils.java:logGet(46)) - raft.server.rpc.timeout.min = 5s (custom)
2024-08-27 20:25:04,764 [f3028915-7dd4-47fe-983a-636a8839ab96-groupManagement] INFO  server.RaftServerConfigKeys (ConfUtils.java:logGet(46)) - raft.server.rpc.timeout.max = 5200ms (custom)
2024-08-27 20:25:04,764 [f3028915-7dd4-47fe-983a-636a8839ab96-groupManagement] INFO  server.RaftServerConfigKeys (ConfUtils.java:logGet(46)) - raft.server.rpc.sleep.time = 25ms (default)
2024-08-27 20:25:04,764 [f3028915-7dd4-47fe-983a-636a8839ab96-groupManagement] INFO  server.RaftServerConfigKeys (ConfUtils.java:logGet(46)) - raft.server.rpc.slowness.timeout = 300s (custom)
2024-08-27 20:25:04,764 [f3028915-7dd4-47fe-983a-636a8839ab96-groupManagement] INFO  server.RaftServerConfigKeys (ConfUtils.java:logGet(46)) - raft.server.leaderelection.leader.step-down.wait-time = 10s (default)
2024-08-27 20:25:04,764 [f3028915-7dd4-47fe-983a-636a8839ab96-groupManagement] INFO  server.RaftServerConfigKeys (ConfUtils.java:logGet(46)) - raft.server.leaderelection.member.majority-add = false (default)
2024-08-27 20:25:04,764 [f3028915-7dd4-47fe-983a-636a8839ab96-groupManagement] INFO  server.RaftServerConfigKeys (ConfUtils.java:logGet(46)) - raft.server.sleep.deviation.threshold = 300ms (default)
2024-08-27 20:25:04,764 [f3028915-7dd4-47fe-983a-636a8839ab96-groupManagement] INFO  server.RaftServer$Division (ServerState.java:<init>(114)) - f3028915-7dd4-47fe-983a-636a8839ab96@group-B30E101814FB: ConfigurationManager, init=conf: {index: -1, cur=peers:[f3028915-7dd4-47fe-983a-636a8839ab96|127.0.0.1:15039]|listeners:[], old=null}, confs=<EMPTY_MAP>
2024-08-27 20:25:04,765 [f3028915-7dd4-47fe-983a-636a8839ab96-groupManagement] INFO  server.RaftServerConfigKeys (ConfUtils.java:logGet(46)) - raft.server.notification.no-leader.timeout = 300s (custom)
2024-08-27 20:25:04,765 [f3028915-7dd4-47fe-983a-636a8839ab96-groupManagement] INFO  server.RaftServerConfigKeys (ConfUtils.java:logGet(46)) - raft.server.read.timeout = 10s (default)
2024-08-27 20:25:04,765 [f3028915-7dd4-47fe-983a-636a8839ab96-groupManagement] INFO  server.RaftServerConfigKeys (ConfUtils.java:logGet(46)) - raft.server.retrycache.expirytime = 600000ms (custom)
2024-08-27 20:25:04,765 [f3028915-7dd4-47fe-983a-636a8839ab96-groupManagement] INFO  server.RaftServerConfigKeys (ConfUtils.java:logGet(46)) - raft.server.retrycache.statistics.expirytime = 100ms (default)
2024-08-27 20:25:04,765 [f3028915-7dd4-47fe-983a-636a8839ab96-groupManagement] INFO  server.RaftServerConfigKeys (ConfUtils.java:logGet(46)) - raft.server.read.option = DEFAULT (default)
2024-08-27 20:25:04,765 [f3028915-7dd4-47fe-983a-636a8839ab96-groupManagement] INFO  server.RaftServerConfigKeys (ConfUtils.java:logGet(46)) - raft.server.read.read-after-write-consistent.write-index-cache.expiry-time = 60s (default)
2024-08-27 20:25:04,768 [f3028915-7dd4-47fe-983a-636a8839ab96-groupManagement] INFO  server.RaftServerConfigKeys (ConfUtils.java:logGet(46)) - raft.server.rpc.request.timeout = 60s (custom)
2024-08-27 20:25:04,768 [f3028915-7dd4-47fe-983a-636a8839ab96-groupManagement] INFO  server.RaftServerConfigKeys (ConfUtils.java:logGet(46)) - raft.server.log.appender.install.snapshot.enabled = false (custom)
2024-08-27 20:25:04,768 [f3028915-7dd4-47fe-983a-636a8839ab96-groupManagement] INFO  server.RaftServerConfigKeys (ConfUtils.java:logGet(46)) - raft.server.threadpool.server.cached = true (default)
2024-08-27 20:25:04,768 [f3028915-7dd4-47fe-983a-636a8839ab96-groupManagement] INFO  server.RaftServerConfigKeys (ConfUtils.java:logGet(46)) - raft.server.threadpool.server.size = 0 (default)
2024-08-27 20:25:04,769 [f3028915-7dd4-47fe-983a-636a8839ab96-groupManagement] INFO  server.RaftServerConfigKeys (ConfUtils.java:logGet(46)) - raft.server.threadpool.client.cached = true (default)
2024-08-27 20:25:04,769 [f3028915-7dd4-47fe-983a-636a8839ab96-groupManagement] INFO  server.RaftServerConfigKeys (ConfUtils.java:logGet(46)) - raft.server.threadpool.client.size = 0 (default)
2024-08-27 20:25:04,769 [f3028915-7dd4-47fe-983a-636a8839ab96-groupManagement] INFO  server.RaftServerConfigKeys (ConfUtils.java:logGet(46)) - raft.server.storage.free-space.min = 0MB (=0) (default)
2024-08-27 20:25:04,769 [f3028915-7dd4-47fe-983a-636a8839ab96-groupManagement] INFO  server.RaftServerConfigKeys (ConfUtils.java:logGet(46)) - raft.server.log.corruption.policy = EXCEPTION (default)
2024-08-27 20:25:04,769 [f3028915-7dd4-47fe-983a-636a8839ab96-groupManagement] INFO  server.RaftServerConfigKeys (ConfUtils.java:logGet(46)) - raft.server.storage.dir = [/home/runner/work/ozone/ozone/hadoop-ozone/integration-test/target/test-dir/MiniOzoneClusterImpl-2855d785-c18f-47a1-bcca-44ce8ce60223/ozone-meta/datanode-4/ratis] (custom)
2024-08-27 20:25:04,769 [f3028915-7dd4-47fe-983a-636a8839ab96-groupManagement] INFO  storage.RaftStorageDirectory (RaftStorageDirectoryImpl.java:analyzeStorage(138)) - The storage directory /home/runner/work/ozone/ozone/hadoop-ozone/integration-test/target/test-dir/MiniOzoneClusterImpl-2855d785-c18f-47a1-bcca-44ce8ce60223/ozone-meta/datanode-4/ratis/8cd69fdb-0a95-4ee2-89cf-b30e101814fb does not exist. Creating ...
2024-08-27 20:25:04,770 [f3028915-7dd4-47fe-983a-636a8839ab96-groupManagement] INFO  storage.RaftStorageDirectory (RaftStorageDirectoryImpl.java:tryLock(229)) - Lock on /home/runner/work/ozone/ozone/hadoop-ozone/integration-test/target/test-dir/MiniOzoneClusterImpl-2855d785-c18f-47a1-bcca-44ce8ce60223/ozone-meta/datanode-4/ratis/8cd69fdb-0a95-4ee2-89cf-b30e101814fb/in_use.lock acquired by nodename 43194@fv-az884-737
2024-08-27 20:25:04,771 [f3028915-7dd4-47fe-983a-636a8839ab96-groupManagement] INFO  storage.RaftStorage (RaftStorageImpl.java:format(98)) - Storage directory /home/runner/work/ozone/ozone/hadoop-ozone/integration-test/target/test-dir/MiniOzoneClusterImpl-2855d785-c18f-47a1-bcca-44ce8ce60223/ozone-meta/datanode-4/ratis/8cd69fdb-0a95-4ee2-89cf-b30e101814fb has been successfully formatted.
2024-08-27 20:25:04,772 [f3028915-7dd4-47fe-983a-636a8839ab96-groupManagement] INFO  ratis.ContainerStateMachine (ContainerStateMachine.java:loadSnapshot(295)) - group-B30E101814FB: The snapshot info is null. Setting the last applied index to:(t:0, i:~)
2024-08-27 20:25:04,772 [f3028915-7dd4-47fe-983a-636a8839ab96-groupManagement] INFO  server.RaftServerConfigKeys (ConfUtils.java:logGet(46)) - raft.server.log.use.memory = false (default)
2024-08-27 20:25:04,772 [f3028915-7dd4-47fe-983a-636a8839ab96-groupManagement] INFO  server.RaftServerConfigKeys (ConfUtils.java:logGet(46)) - raft.server.log.purge.gap = 1000000 (custom)
2024-08-27 20:25:04,772 [f3028915-7dd4-47fe-983a-636a8839ab96-groupManagement] INFO  server.RaftServerConfigKeys (ConfUtils.java:logGet(46)) - raft.server.log.appender.buffer.byte-limit = 8388608 (custom)
2024-08-27 20:25:04,772 [f3028915-7dd4-47fe-983a-636a8839ab96-groupManagement] INFO  server.RaftServerConfigKeys (ConfUtils.java:logGet(46)) - raft.server.log.statemachine.data.read.timeout = 1000ms (default)
2024-08-27 20:25:04,772 [f3028915-7dd4-47fe-983a-636a8839ab96-groupManagement] INFO  server.RaftServerConfigKeys (ConfUtils.java:logGet(46)) - raft.server.log.purge.preservation.log.num = 0 (default)
2024-08-27 20:25:04,774 [EventQueue-PipelineReportForPipelineReportHandler] INFO  pipeline.PipelineReportHandler (PipelineReportHandler.java:processPipelineReport(136)) - Opened pipeline PipelineID=8cd69fdb-0a95-4ee2-89cf-b30e101814fb
2024-08-27 20:25:04,774 [EventQueue-OpenPipelineForHealthyPipelineSafeModeRule] INFO  safemode.SCMSafeModeManager (HealthyPipelineSafeModeRule.java:process(140)) - SCM in safe mode. Healthy pipelines reported count is 0, required healthy pipeline reported count is 1
2024-08-27 20:25:04,775 [f3028915-7dd4-47fe-983a-636a8839ab96-groupManagement] INFO  server.RaftServerConfigKeys (ConfUtils.java:logGet(46)) - raft.server.log.segment.size.max = 67108864 (custom)
2024-08-27 20:25:04,775 [f3028915-7dd4-47fe-983a-636a8839ab96-groupManagement] INFO  server.RaftServerConfigKeys (ConfUtils.java:logGet(46)) - raft.server.log.segment.cache.num.max = 2 (custom)
2024-08-27 20:25:04,775 [f3028915-7dd4-47fe-983a-636a8839ab96-groupManagement] INFO  server.RaftServerConfigKeys (ConfUtils.java:logGet(46)) - raft.server.log.segment.cache.size.max = 200MB (=209715200) (default)
2024-08-27 20:25:04,775 [f3028915-7dd4-47fe-983a-636a8839ab96-groupManagement] INFO  server.RaftServerConfigKeys (ConfUtils.java:logGet(46)) - raft.server.log.appender.buffer.byte-limit = 8388608 (custom)
2024-08-27 20:25:04,775 [f3028915-7dd4-47fe-983a-636a8839ab96-groupManagement] INFO  util.AwaitToRun (AwaitToRun.java:start(81)) - Thread[f3028915-7dd4-47fe-983a-636a8839ab96@group-B30E101814FB-cacheEviction-AwaitToRun,5,main] started
2024-08-27 20:25:04,775 [f3028915-7dd4-47fe-983a-636a8839ab96-groupManagement] INFO  segmented.SegmentedRaftLogWorker (SegmentedRaftLogWorker.java:<init>(184)) - new f3028915-7dd4-47fe-983a-636a8839ab96@group-B30E101814FB-SegmentedRaftLogWorker for RaftStorageImpl:Storage Directory /home/runner/work/ozone/ozone/hadoop-ozone/integration-test/target/test-dir/MiniOzoneClusterImpl-2855d785-c18f-47a1-bcca-44ce8ce60223/ozone-meta/datanode-4/ratis/8cd69fdb-0a95-4ee2-89cf-b30e101814fb
2024-08-27 20:25:04,776 [f3028915-7dd4-47fe-983a-636a8839ab96-groupManagement] INFO  server.RaftServerConfigKeys (ConfUtils.java:logGet(46)) - raft.server.log.queue.byte-limit = 4294967296 (custom)
2024-08-27 20:25:04,776 [f3028915-7dd4-47fe-983a-636a8839ab96-groupManagement] INFO  server.RaftServerConfigKeys (ConfUtils.java:logGet(46)) - raft.server.log.queue.element-limit = 1024 (custom)
2024-08-27 20:25:04,776 [f3028915-7dd4-47fe-983a-636a8839ab96-groupManagement] INFO  server.RaftServerConfigKeys (ConfUtils.java:logGet(46)) - raft.server.log.segment.size.max = 67108864 (custom)
2024-08-27 20:25:04,776 [f3028915-7dd4-47fe-983a-636a8839ab96-groupManagement] INFO  server.RaftServerConfigKeys (ConfUtils.java:logGet(46)) - raft.server.log.preallocated.size = 4194304 (custom)
2024-08-27 20:25:04,776 [f3028915-7dd4-47fe-983a-636a8839ab96-groupManagement] INFO  server.RaftServerConfigKeys (ConfUtils.java:logGet(46)) - raft.server.log.force.sync.num = 128 (default)
2024-08-27 20:25:04,776 [f3028915-7dd4-47fe-983a-636a8839ab96-groupManagement] INFO  server.RaftServerConfigKeys (ConfUtils.java:logGet(46)) - raft.server.log.statemachine.data.sync = true (default)
2024-08-27 20:25:04,776 [f3028915-7dd4-47fe-983a-636a8839ab96-groupManagement] INFO  server.RaftServerConfigKeys (ConfUtils.java:logGet(46)) - raft.server.log.statemachine.data.sync.timeout = 10s (default)
2024-08-27 20:25:04,776 [f3028915-7dd4-47fe-983a-636a8839ab96-groupManagement] INFO  server.RaftServerConfigKeys (ConfUtils.java:logGet(46)) - raft.server.log.statemachine.data.sync.timeout.retry = 30 (custom)
2024-08-27 20:25:04,776 [f3028915-7dd4-47fe-983a-636a8839ab96-groupManagement] INFO  server.RaftServerConfigKeys (ConfUtils.java:logGet(46)) - raft.server.log.write.buffer.size = 8388616 (custom)
2024-08-27 20:25:04,778 [f3028915-7dd4-47fe-983a-636a8839ab96-groupManagement] INFO  server.RaftServerConfigKeys (ConfUtils.java:logGet(46)) - raft.server.log.appender.buffer.byte-limit = 8388608 (custom)
2024-08-27 20:25:04,778 [f3028915-7dd4-47fe-983a-636a8839ab96-groupManagement] INFO  server.RaftServerConfigKeys (ConfUtils.java:logGet(46)) - raft.server.log.unsafe-flush.enabled = false (default)
2024-08-27 20:25:04,778 [f3028915-7dd4-47fe-983a-636a8839ab96-groupManagement] INFO  server.RaftServerConfigKeys (ConfUtils.java:logGet(46)) - raft.server.log.async-flush.enabled = false (default)
2024-08-27 20:25:04,778 [f3028915-7dd4-47fe-983a-636a8839ab96-groupManagement] INFO  server.RaftServerConfigKeys (ConfUtils.java:logGet(46)) - raft.server.log.statemachine.data.caching.enabled = true (custom)
2024-08-27 20:25:04,778 [f3028915-7dd4-47fe-983a-636a8839ab96-groupManagement] INFO  segmented.SegmentedRaftLogWorker (SegmentedRaftLogWorker.java:lambda$new$0(135)) - f3028915-7dd4-47fe-983a-636a8839ab96@group-B30E101814FB-SegmentedRaftLogWorker: flushIndex: setUnconditionally 0 -> -1
2024-08-27 20:25:04,778 [f3028915-7dd4-47fe-983a-636a8839ab96-groupManagement] INFO  segmented.SegmentedRaftLogWorker (SegmentedRaftLogWorker.java:lambda$new$0(135)) - f3028915-7dd4-47fe-983a-636a8839ab96@group-B30E101814FB-SegmentedRaftLogWorker: safeCacheEvictIndex: setUnconditionally 0 -> -1
2024-08-27 20:25:04,779 [f3028915-7dd4-47fe-983a-636a8839ab96-groupManagement] INFO  server.RaftServer$Division (RaftServerImpl.java:start(389)) - f3028915-7dd4-47fe-983a-636a8839ab96@group-B30E101814FB: start as a follower, conf=conf: {index: -1, cur=peers:[f3028915-7dd4-47fe-983a-636a8839ab96|127.0.0.1:15039]|listeners:[], old=null}
2024-08-27 20:25:04,779 [f3028915-7dd4-47fe-983a-636a8839ab96-groupManagement] INFO  server.RaftServer$Division (RaftServerImpl.java:setRole(376)) - f3028915-7dd4-47fe-983a-636a8839ab96@group-B30E101814FB: changes role from      null to FOLLOWER at term 0 for startAsFollower
2024-08-27 20:25:04,779 [f3028915-7dd4-47fe-983a-636a8839ab96-groupManagement] INFO  impl.RoleInfo (RoleInfo.java:updateAndGet(148)) - f3028915-7dd4-47fe-983a-636a8839ab96: start f3028915-7dd4-47fe-983a-636a8839ab96@group-B30E101814FB-FollowerState
2024-08-27 20:25:04,782 [f3028915-7dd4-47fe-983a-636a8839ab96@group-B30E101814FB-FollowerState] INFO  server.RaftServerConfigKeys (ConfUtils.java:logFallback(53)) - raft.server.rpc.first-election.timeout.min = 5s (fallback to raft.server.rpc.timeout.min)
2024-08-27 20:25:04,783 [f3028915-7dd4-47fe-983a-636a8839ab96@group-B30E101814FB-FollowerState] INFO  server.RaftServerConfigKeys (ConfUtils.java:logFallback(53)) - raft.server.rpc.first-election.timeout.max = 5200ms (fallback to raft.server.rpc.timeout.max)
2024-08-27 20:25:04,782 [f3028915-7dd4-47fe-983a-636a8839ab96-groupManagement] INFO  util.JmxRegister (JmxRegister.java:tryRegister(44)) - Successfully registered JMX Bean with object name Ratis:service=RaftServer,group=group-B30E101814FB,id=f3028915-7dd4-47fe-983a-636a8839ab96
2024-08-27 20:25:04,783 [f3028915-7dd4-47fe-983a-636a8839ab96-groupManagement] INFO  util.JmxRegister (JmxRegister.java:register(58)) - register mxBean class org.apache.ratis.server.impl.RaftServerJmxAdapter as Ratis:service=RaftServer,group=group-B30E101814FB,id=f3028915-7dd4-47fe-983a-636a8839ab96
2024-08-27 20:25:04,783 [f3028915-7dd4-47fe-983a-636a8839ab96-groupManagement] INFO  server.RaftServerConfigKeys (ConfUtils.java:logGet(46)) - raft.server.snapshot.trigger-when-stop.enabled = true (default)
2024-08-27 20:25:04,783 [f3028915-7dd4-47fe-983a-636a8839ab96-groupManagement] INFO  server.RaftServerConfigKeys (ConfUtils.java:logGet(46)) - raft.server.snapshot.trigger-when-remove.enabled = true (default)
2024-08-27 20:25:04,783 [f3028915-7dd4-47fe-983a-636a8839ab96-groupManagement] INFO  server.RaftServerConfigKeys (ConfUtils.java:logGet(46)) - raft.server.snapshot.auto.trigger.enabled = true (custom)
2024-08-27 20:25:04,783 [f3028915-7dd4-47fe-983a-636a8839ab96-groupManagement] INFO  server.RaftServerConfigKeys (ConfUtils.java:logGet(46)) - raft.server.snapshot.auto.trigger.threshold = 10000 (custom)
2024-08-27 20:25:04,783 [f3028915-7dd4-47fe-983a-636a8839ab96-groupManagement] INFO  server.RaftServerConfigKeys (ConfUtils.java:logGet(46)) - raft.server.snapshot.retention.file.num = 5 (custom)
2024-08-27 20:25:04,783 [f3028915-7dd4-47fe-983a-636a8839ab96-groupManagement] INFO  server.RaftServerConfigKeys (ConfUtils.java:logGet(46)) - raft.server.log.purge.upto.snapshot.index = false (default)
2024-08-27 20:25:04,785 [f3028915-7dd4-47fe-983a-636a8839ab96-PipelineCommandHandlerThread-0] INFO  ratis.XceiverServerRatis (XceiverServerRatis.java:addGroup(849)) - Created group PipelineID=8cd69fdb-0a95-4ee2-89cf-b30e101814fb
2024-08-27 20:25:04,785 [f3028915-7dd4-47fe-983a-636a8839ab96-PipelineCommandHandlerThread-0] INFO  commandhandler.CreatePipelineCommandHandler (CreatePipelineCommandHandler.java:lambda$handle$2(124)) - Created Pipeline RATIS ONE PipelineID=8cd69fdb-0a95-4ee2-89cf-b30e101814fb.
2024-08-27 20:25:05,178 [18c2a24f-8a03-4916-b50c-e7c6140a9b01-PipelineCommandHandlerThread-0] INFO  server.RaftServer (RaftServerProxy.java:addNew(101)) - 18c2a24f-8a03-4916-b50c-e7c6140a9b01: addNew group-EB676058688B:[18c2a24f-8a03-4916-b50c-e7c6140a9b01|127.0.0.1:15048] returns group-EB676058688B:java.util.concurrent.CompletableFuture@343533f8[Not completed]
2024-08-27 20:25:05,180 [18c2a24f-8a03-4916-b50c-e7c6140a9b01-groupManagement] INFO  server.RaftServer$Division (RaftServerImpl.java:<init>(253)) - 18c2a24f-8a03-4916-b50c-e7c6140a9b01: new RaftServerImpl for group-EB676058688B:[18c2a24f-8a03-4916-b50c-e7c6140a9b01|127.0.0.1:15048] with ContainerStateMachine:uninitialized
2024-08-27 20:25:05,180 [18c2a24f-8a03-4916-b50c-e7c6140a9b01-groupManagement] INFO  server.RaftServerConfigKeys (ConfUtils.java:logGet(46)) - raft.server.rpc.timeout.min = 5s (custom)
2024-08-27 20:25:05,181 [18c2a24f-8a03-4916-b50c-e7c6140a9b01-groupManagement] INFO  server.RaftServerConfigKeys (ConfUtils.java:logGet(46)) - raft.server.rpc.timeout.max = 5200ms (custom)
2024-08-27 20:25:05,181 [18c2a24f-8a03-4916-b50c-e7c6140a9b01-groupManagement] INFO  server.RaftServerConfigKeys (ConfUtils.java:logGet(46)) - raft.server.rpc.sleep.time = 25ms (default)
2024-08-27 20:25:05,181 [18c2a24f-8a03-4916-b50c-e7c6140a9b01-groupManagement] INFO  server.RaftServerConfigKeys (ConfUtils.java:logGet(46)) - raft.server.rpc.slowness.timeout = 300s (custom)
2024-08-27 20:25:05,181 [18c2a24f-8a03-4916-b50c-e7c6140a9b01-groupManagement] INFO  server.RaftServerConfigKeys (ConfUtils.java:logGet(46)) - raft.server.leaderelection.leader.step-down.wait-time = 10s (default)
2024-08-27 20:25:05,181 [18c2a24f-8a03-4916-b50c-e7c6140a9b01-groupManagement] INFO  server.RaftServerConfigKeys (ConfUtils.java:logGet(46)) - raft.server.leaderelection.member.majority-add = false (default)
2024-08-27 20:25:05,181 [18c2a24f-8a03-4916-b50c-e7c6140a9b01-groupManagement] INFO  server.RaftServerConfigKeys (ConfUtils.java:logGet(46)) - raft.server.sleep.deviation.threshold = 300ms (default)
2024-08-27 20:25:05,181 [18c2a24f-8a03-4916-b50c-e7c6140a9b01-groupManagement] INFO  server.RaftServer$Division (ServerState.java:<init>(114)) - 18c2a24f-8a03-4916-b50c-e7c6140a9b01@group-EB676058688B: ConfigurationManager, init=conf: {index: -1, cur=peers:[18c2a24f-8a03-4916-b50c-e7c6140a9b01|127.0.0.1:15048]|listeners:[], old=null}, confs=<EMPTY_MAP>
2024-08-27 20:25:05,181 [18c2a24f-8a03-4916-b50c-e7c6140a9b01-groupManagement] INFO  server.RaftServerConfigKeys (ConfUtils.java:logGet(46)) - raft.server.notification.no-leader.timeout = 300s (custom)
2024-08-27 20:25:05,181 [18c2a24f-8a03-4916-b50c-e7c6140a9b01-groupManagement] INFO  server.RaftServerConfigKeys (ConfUtils.java:logGet(46)) - raft.server.read.timeout = 10s (default)
2024-08-27 20:25:05,181 [18c2a24f-8a03-4916-b50c-e7c6140a9b01-groupManagement] INFO  server.RaftServerConfigKeys (ConfUtils.java:logGet(46)) - raft.server.retrycache.expirytime = 600000ms (custom)
2024-08-27 20:25:05,181 [18c2a24f-8a03-4916-b50c-e7c6140a9b01-groupManagement] INFO  server.RaftServerConfigKeys (ConfUtils.java:logGet(46)) - raft.server.retrycache.statistics.expirytime = 100ms (default)
2024-08-27 20:25:05,181 [18c2a24f-8a03-4916-b50c-e7c6140a9b01-groupManagement] INFO  server.RaftServerConfigKeys (ConfUtils.java:logGet(46)) - raft.server.read.option = DEFAULT (default)
2024-08-27 20:25:05,181 [18c2a24f-8a03-4916-b50c-e7c6140a9b01-groupManagement] INFO  server.RaftServerConfigKeys (ConfUtils.java:logGet(46)) - raft.server.read.read-after-write-consistent.write-index-cache.expiry-time = 60s (default)
2024-08-27 20:25:05,182 [main] INFO  ozone.MiniOzoneClusterImpl (MiniOzoneClusterImpl.java:lambda$waitForClusterToBeReady$0(198)) - Nodes are ready. Got 5 of 5 DN Heartbeats.
2024-08-27 20:25:05,182 [main] INFO  ozone.MiniOzoneClusterImpl (MiniOzoneClusterImpl.java:lambda$waitForClusterToBeReady$0(201)) - Waiting for cluster to exit safe mode
2024-08-27 20:25:05,182 [main] INFO  ozone.MiniOzoneClusterImpl (MiniOzoneClusterImpl.java:lambda$waitForClusterToBeReady$0(203)) - SCM became leader
2024-08-27 20:25:05,186 [18c2a24f-8a03-4916-b50c-e7c6140a9b01-groupManagement] INFO  server.RaftServerConfigKeys (ConfUtils.java:logGet(46)) - raft.server.rpc.request.timeout = 60s (custom)
2024-08-27 20:25:05,186 [18c2a24f-8a03-4916-b50c-e7c6140a9b01-groupManagement] INFO  server.RaftServerConfigKeys (ConfUtils.java:logGet(46)) - raft.server.log.appender.install.snapshot.enabled = false (custom)
2024-08-27 20:25:05,186 [18c2a24f-8a03-4916-b50c-e7c6140a9b01-groupManagement] INFO  server.RaftServerConfigKeys (ConfUtils.java:logGet(46)) - raft.server.threadpool.server.cached = true (default)
2024-08-27 20:25:05,186 [18c2a24f-8a03-4916-b50c-e7c6140a9b01-groupManagement] INFO  server.RaftServerConfigKeys (ConfUtils.java:logGet(46)) - raft.server.threadpool.server.size = 0 (default)
2024-08-27 20:25:05,186 [18c2a24f-8a03-4916-b50c-e7c6140a9b01-groupManagement] INFO  server.RaftServerConfigKeys (ConfUtils.java:logGet(46)) - raft.server.threadpool.client.cached = true (default)
2024-08-27 20:25:05,186 [18c2a24f-8a03-4916-b50c-e7c6140a9b01-groupManagement] INFO  server.RaftServerConfigKeys (ConfUtils.java:logGet(46)) - raft.server.threadpool.client.size = 0 (default)
2024-08-27 20:25:05,186 [18c2a24f-8a03-4916-b50c-e7c6140a9b01-groupManagement] INFO  server.RaftServerConfigKeys (ConfUtils.java:logGet(46)) - raft.server.storage.free-space.min = 0MB (=0) (default)
2024-08-27 20:25:05,187 [18c2a24f-8a03-4916-b50c-e7c6140a9b01-groupManagement] INFO  server.RaftServerConfigKeys (ConfUtils.java:logGet(46)) - raft.server.log.corruption.policy = EXCEPTION (default)
2024-08-27 20:25:05,187 [18c2a24f-8a03-4916-b50c-e7c6140a9b01-groupManagement] INFO  server.RaftServerConfigKeys (ConfUtils.java:logGet(46)) - raft.server.storage.dir = [/home/runner/work/ozone/ozone/hadoop-ozone/integration-test/target/test-dir/MiniOzoneClusterImpl-2855d785-c18f-47a1-bcca-44ce8ce60223/ozone-meta/datanode-5/ratis] (custom)
2024-08-27 20:25:05,187 [18c2a24f-8a03-4916-b50c-e7c6140a9b01-groupManagement] INFO  storage.RaftStorageDirectory (RaftStorageDirectoryImpl.java:analyzeStorage(138)) - The storage directory /home/runner/work/ozone/ozone/hadoop-ozone/integration-test/target/test-dir/MiniOzoneClusterImpl-2855d785-c18f-47a1-bcca-44ce8ce60223/ozone-meta/datanode-5/ratis/392a6158-681f-4578-924e-eb676058688b does not exist. Creating ...
2024-08-27 20:25:05,188 [18c2a24f-8a03-4916-b50c-e7c6140a9b01-groupManagement] INFO  storage.RaftStorageDirectory (RaftStorageDirectoryImpl.java:tryLock(229)) - Lock on /home/runner/work/ozone/ozone/hadoop-ozone/integration-test/target/test-dir/MiniOzoneClusterImpl-2855d785-c18f-47a1-bcca-44ce8ce60223/ozone-meta/datanode-5/ratis/392a6158-681f-4578-924e-eb676058688b/in_use.lock acquired by nodename 43194@fv-az884-737
2024-08-27 20:25:05,189 [18c2a24f-8a03-4916-b50c-e7c6140a9b01-groupManagement] INFO  storage.RaftStorage (RaftStorageImpl.java:format(98)) - Storage directory /home/runner/work/ozone/ozone/hadoop-ozone/integration-test/target/test-dir/MiniOzoneClusterImpl-2855d785-c18f-47a1-bcca-44ce8ce60223/ozone-meta/datanode-5/ratis/392a6158-681f-4578-924e-eb676058688b has been successfully formatted.
2024-08-27 20:25:05,190 [18c2a24f-8a03-4916-b50c-e7c6140a9b01-groupManagement] INFO  ratis.ContainerStateMachine (ContainerStateMachine.java:loadSnapshot(295)) - group-EB676058688B: The snapshot info is null. Setting the last applied index to:(t:0, i:~)
2024-08-27 20:25:05,190 [18c2a24f-8a03-4916-b50c-e7c6140a9b01-groupManagement] INFO  server.RaftServerConfigKeys (ConfUtils.java:logGet(46)) - raft.server.log.use.memory = false (default)
2024-08-27 20:25:05,190 [18c2a24f-8a03-4916-b50c-e7c6140a9b01-groupManagement] INFO  server.RaftServerConfigKeys (ConfUtils.java:logGet(46)) - raft.server.log.purge.gap = 1000000 (custom)
2024-08-27 20:25:05,190 [18c2a24f-8a03-4916-b50c-e7c6140a9b01-groupManagement] INFO  server.RaftServerConfigKeys (ConfUtils.java:logGet(46)) - raft.server.log.appender.buffer.byte-limit = 8388608 (custom)
2024-08-27 20:25:05,190 [18c2a24f-8a03-4916-b50c-e7c6140a9b01-groupManagement] INFO  server.RaftServerConfigKeys (ConfUtils.java:logGet(46)) - raft.server.log.statemachine.data.read.timeout = 1000ms (default)
2024-08-27 20:25:05,190 [18c2a24f-8a03-4916-b50c-e7c6140a9b01-groupManagement] INFO  server.RaftServerConfigKeys (ConfUtils.java:logGet(46)) - raft.server.log.purge.preservation.log.num = 0 (default)
2024-08-27 20:25:05,193 [18c2a24f-8a03-4916-b50c-e7c6140a9b01-groupManagement] INFO  server.RaftServerConfigKeys (ConfUtils.java:logGet(46)) - raft.server.log.segment.size.max = 67108864 (custom)
2024-08-27 20:25:05,193 [18c2a24f-8a03-4916-b50c-e7c6140a9b01-groupManagement] INFO  server.RaftServerConfigKeys (ConfUtils.java:logGet(46)) - raft.server.log.segment.cache.num.max = 2 (custom)
2024-08-27 20:25:05,193 [18c2a24f-8a03-4916-b50c-e7c6140a9b01-groupManagement] INFO  server.RaftServerConfigKeys (ConfUtils.java:logGet(46)) - raft.server.log.segment.cache.size.max = 200MB (=209715200) (default)
2024-08-27 20:25:05,193 [18c2a24f-8a03-4916-b50c-e7c6140a9b01-groupManagement] INFO  server.RaftServerConfigKeys (ConfUtils.java:logGet(46)) - raft.server.log.appender.buffer.byte-limit = 8388608 (custom)
2024-08-27 20:25:05,194 [EventQueue-PipelineReportForPipelineReportHandler] INFO  pipeline.PipelineReportHandler (PipelineReportHandler.java:processPipelineReport(136)) - Opened pipeline PipelineID=392a6158-681f-4578-924e-eb676058688b
2024-08-27 20:25:05,194 [EventQueue-OpenPipelineForHealthyPipelineSafeModeRule] INFO  safemode.SCMSafeModeManager (HealthyPipelineSafeModeRule.java:process(140)) - SCM in safe mode. Healthy pipelines reported count is 0, required healthy pipeline reported count is 1
2024-08-27 20:25:05,198 [18c2a24f-8a03-4916-b50c-e7c6140a9b01-groupManagement] INFO  util.AwaitToRun (AwaitToRun.java:start(81)) - Thread[18c2a24f-8a03-4916-b50c-e7c6140a9b01@group-EB676058688B-cacheEviction-AwaitToRun,5,main] started
2024-08-27 20:25:05,199 [18c2a24f-8a03-4916-b50c-e7c6140a9b01-groupManagement] INFO  segmented.SegmentedRaftLogWorker (SegmentedRaftLogWorker.java:<init>(184)) - new 18c2a24f-8a03-4916-b50c-e7c6140a9b01@group-EB676058688B-SegmentedRaftLogWorker for RaftStorageImpl:Storage Directory /home/runner/work/ozone/ozone/hadoop-ozone/integration-test/target/test-dir/MiniOzoneClusterImpl-2855d785-c18f-47a1-bcca-44ce8ce60223/ozone-meta/datanode-5/ratis/392a6158-681f-4578-924e-eb676058688b
2024-08-27 20:25:05,199 [18c2a24f-8a03-4916-b50c-e7c6140a9b01-groupManagement] INFO  server.RaftServerConfigKeys (ConfUtils.java:logGet(46)) - raft.server.log.queue.byte-limit = 4294967296 (custom)
2024-08-27 20:25:05,199 [18c2a24f-8a03-4916-b50c-e7c6140a9b01-groupManagement] INFO  server.RaftServerConfigKeys (ConfUtils.java:logGet(46)) - raft.server.log.queue.element-limit = 1024 (custom)
2024-08-27 20:25:05,199 [18c2a24f-8a03-4916-b50c-e7c6140a9b01-groupManagement] INFO  server.RaftServerConfigKeys (ConfUtils.java:logGet(46)) - raft.server.log.segment.size.max = 67108864 (custom)
2024-08-27 20:25:05,199 [18c2a24f-8a03-4916-b50c-e7c6140a9b01-groupManagement] INFO  server.RaftServerConfigKeys (ConfUtils.java:logGet(46)) - raft.server.log.preallocated.size = 4194304 (custom)
2024-08-27 20:25:05,199 [18c2a24f-8a03-4916-b50c-e7c6140a9b01-groupManagement] INFO  server.RaftServerConfigKeys (ConfUtils.java:logGet(46)) - raft.server.log.force.sync.num = 128 (default)
2024-08-27 20:25:05,199 [18c2a24f-8a03-4916-b50c-e7c6140a9b01-groupManagement] INFO  server.RaftServerConfigKeys (ConfUtils.java:logGet(46)) - raft.server.log.statemachine.data.sync = true (default)
2024-08-27 20:25:05,199 [18c2a24f-8a03-4916-b50c-e7c6140a9b01-groupManagement] INFO  server.RaftServerConfigKeys (ConfUtils.java:logGet(46)) - raft.server.log.statemachine.data.sync.timeout = 10s (default)
2024-08-27 20:25:05,199 [18c2a24f-8a03-4916-b50c-e7c6140a9b01-groupManagement] INFO  server.RaftServerConfigKeys (ConfUtils.java:logGet(46)) - raft.server.log.statemachine.data.sync.timeout.retry = 30 (custom)
2024-08-27 20:25:05,199 [18c2a24f-8a03-4916-b50c-e7c6140a9b01-groupManagement] INFO  server.RaftServerConfigKeys (ConfUtils.java:logGet(46)) - raft.server.log.write.buffer.size = 8388616 (custom)
2024-08-27 20:25:05,202 [18c2a24f-8a03-4916-b50c-e7c6140a9b01-groupManagement] INFO  server.RaftServerConfigKeys (ConfUtils.java:logGet(46)) - raft.server.log.appender.buffer.byte-limit = 8388608 (custom)
2024-08-27 20:25:05,202 [18c2a24f-8a03-4916-b50c-e7c6140a9b01-groupManagement] INFO  server.RaftServerConfigKeys (ConfUtils.java:logGet(46)) - raft.server.log.unsafe-flush.enabled = false (default)
2024-08-27 20:25:05,202 [18c2a24f-8a03-4916-b50c-e7c6140a9b01-groupManagement] INFO  server.RaftServerConfigKeys (ConfUtils.java:logGet(46)) - raft.server.log.async-flush.enabled = false (default)
2024-08-27 20:25:05,202 [18c2a24f-8a03-4916-b50c-e7c6140a9b01-groupManagement] INFO  server.RaftServerConfigKeys (ConfUtils.java:logGet(46)) - raft.server.log.statemachine.data.caching.enabled = true (custom)
2024-08-27 20:25:05,202 [18c2a24f-8a03-4916-b50c-e7c6140a9b01-groupManagement] INFO  segmented.SegmentedRaftLogWorker (SegmentedRaftLogWorker.java:lambda$new$0(135)) - 18c2a24f-8a03-4916-b50c-e7c6140a9b01@group-EB676058688B-SegmentedRaftLogWorker: flushIndex: setUnconditionally 0 -> -1
2024-08-27 20:25:05,202 [18c2a24f-8a03-4916-b50c-e7c6140a9b01-groupManagement] INFO  segmented.SegmentedRaftLogWorker (SegmentedRaftLogWorker.java:lambda$new$0(135)) - 18c2a24f-8a03-4916-b50c-e7c6140a9b01@group-EB676058688B-SegmentedRaftLogWorker: safeCacheEvictIndex: setUnconditionally 0 -> -1
2024-08-27 20:25:05,203 [18c2a24f-8a03-4916-b50c-e7c6140a9b01-groupManagement] INFO  server.RaftServer$Division (RaftServerImpl.java:start(389)) - 18c2a24f-8a03-4916-b50c-e7c6140a9b01@group-EB676058688B: start as a follower, conf=conf: {index: -1, cur=peers:[18c2a24f-8a03-4916-b50c-e7c6140a9b01|127.0.0.1:15048]|listeners:[], old=null}
2024-08-27 20:25:05,206 [18c2a24f-8a03-4916-b50c-e7c6140a9b01-groupManagement] INFO  server.RaftServer$Division (RaftServerImpl.java:setRole(376)) - 18c2a24f-8a03-4916-b50c-e7c6140a9b01@group-EB676058688B: changes role from      null to FOLLOWER at term 0 for startAsFollower
2024-08-27 20:25:05,207 [18c2a24f-8a03-4916-b50c-e7c6140a9b01-groupManagement] INFO  impl.RoleInfo (RoleInfo.java:updateAndGet(148)) - 18c2a24f-8a03-4916-b50c-e7c6140a9b01: start 18c2a24f-8a03-4916-b50c-e7c6140a9b01@group-EB676058688B-FollowerState
2024-08-27 20:25:05,207 [18c2a24f-8a03-4916-b50c-e7c6140a9b01-groupManagement] INFO  util.JmxRegister (JmxRegister.java:tryRegister(44)) - Successfully registered JMX Bean with object name Ratis:service=RaftServer,group=group-EB676058688B,id=18c2a24f-8a03-4916-b50c-e7c6140a9b01
2024-08-27 20:25:05,207 [18c2a24f-8a03-4916-b50c-e7c6140a9b01-groupManagement] INFO  util.JmxRegister (JmxRegister.java:register(58)) - register mxBean class org.apache.ratis.server.impl.RaftServerJmxAdapter as Ratis:service=RaftServer,group=group-EB676058688B,id=18c2a24f-8a03-4916-b50c-e7c6140a9b01
2024-08-27 20:25:05,207 [18c2a24f-8a03-4916-b50c-e7c6140a9b01-groupManagement] INFO  server.RaftServerConfigKeys (ConfUtils.java:logGet(46)) - raft.server.snapshot.trigger-when-stop.enabled = true (default)
2024-08-27 20:25:05,207 [18c2a24f-8a03-4916-b50c-e7c6140a9b01-groupManagement] INFO  server.RaftServerConfigKeys (ConfUtils.java:logGet(46)) - raft.server.snapshot.trigger-when-remove.enabled = true (default)
2024-08-27 20:25:05,207 [18c2a24f-8a03-4916-b50c-e7c6140a9b01-groupManagement] INFO  server.RaftServerConfigKeys (ConfUtils.java:logGet(46)) - raft.server.snapshot.auto.trigger.enabled = true (custom)
2024-08-27 20:25:05,207 [18c2a24f-8a03-4916-b50c-e7c6140a9b01-groupManagement] INFO  server.RaftServerConfigKeys (ConfUtils.java:logGet(46)) - raft.server.snapshot.auto.trigger.threshold = 10000 (custom)
2024-08-27 20:25:05,207 [18c2a24f-8a03-4916-b50c-e7c6140a9b01-groupManagement] INFO  server.RaftServerConfigKeys (ConfUtils.java:logGet(46)) - raft.server.snapshot.retention.file.num = 5 (custom)
2024-08-27 20:25:05,207 [18c2a24f-8a03-4916-b50c-e7c6140a9b01-groupManagement] INFO  server.RaftServerConfigKeys (ConfUtils.java:logGet(46)) - raft.server.log.purge.upto.snapshot.index = false (default)
2024-08-27 20:25:05,208 [18c2a24f-8a03-4916-b50c-e7c6140a9b01@group-EB676058688B-FollowerState] INFO  server.RaftServerConfigKeys (ConfUtils.java:logFallback(53)) - raft.server.rpc.first-election.timeout.min = 5s (fallback to raft.server.rpc.timeout.min)
2024-08-27 20:25:05,208 [18c2a24f-8a03-4916-b50c-e7c6140a9b01@group-EB676058688B-FollowerState] INFO  server.RaftServerConfigKeys (ConfUtils.java:logFallback(53)) - raft.server.rpc.first-election.timeout.max = 5200ms (fallback to raft.server.rpc.timeout.max)
2024-08-27 20:25:05,214 [18c2a24f-8a03-4916-b50c-e7c6140a9b01-PipelineCommandHandlerThread-0] INFO  ratis.XceiverServerRatis (XceiverServerRatis.java:addGroup(849)) - Created group PipelineID=392a6158-681f-4578-924e-eb676058688b
2024-08-27 20:25:05,215 [18c2a24f-8a03-4916-b50c-e7c6140a9b01-PipelineCommandHandlerThread-0] INFO  commandhandler.CreatePipelineCommandHandler (CreatePipelineCommandHandler.java:lambda$handle$2(124)) - Created Pipeline RATIS ONE PipelineID=392a6158-681f-4578-924e-eb676058688b.
2024-08-27 20:25:05,264 [EventQueue-OpenPipelineForHealthyPipelineSafeModeRule] INFO  safemode.SCMSafeModeManager (HealthyPipelineSafeModeRule.java:process(140)) - SCM in safe mode. Healthy pipelines reported count is 0, required healthy pipeline reported count is 1
2024-08-27 20:25:05,774 [EventQueue-OpenPipelineForHealthyPipelineSafeModeRule] INFO  safemode.SCMSafeModeManager (HealthyPipelineSafeModeRule.java:process(140)) - SCM in safe mode. Healthy pipelines reported count is 0, required healthy pipeline reported count is 1
2024-08-27 20:25:06,183 [main] INFO  ozone.MiniOzoneClusterImpl (MiniOzoneClusterImpl.java:lambda$waitForClusterToBeReady$0(198)) - Nodes are ready. Got 5 of 5 DN Heartbeats.
2024-08-27 20:25:06,183 [main] INFO  ozone.MiniOzoneClusterImpl (MiniOzoneClusterImpl.java:lambda$waitForClusterToBeReady$0(201)) - Waiting for cluster to exit safe mode
2024-08-27 20:25:06,183 [main] INFO  ozone.MiniOzoneClusterImpl (MiniOzoneClusterImpl.java:lambda$waitForClusterToBeReady$0(203)) - SCM became leader
2024-08-27 20:25:06,192 [EventQueue-OpenPipelineForHealthyPipelineSafeModeRule] INFO  safemode.SCMSafeModeManager (HealthyPipelineSafeModeRule.java:process(140)) - SCM in safe mode. Healthy pipelines reported count is 0, required healthy pipeline reported count is 1
2024-08-27 20:25:06,242 [EventQueue-OpenPipelineForHealthyPipelineSafeModeRule] INFO  safemode.SCMSafeModeManager (HealthyPipelineSafeModeRule.java:process(140)) - SCM in safe mode. Healthy pipelines reported count is 0, required healthy pipeline reported count is 1
2024-08-27 20:25:06,359 [EventQueue-OpenPipelineForHealthyPipelineSafeModeRule] INFO  safemode.SCMSafeModeManager (HealthyPipelineSafeModeRule.java:process(140)) - SCM in safe mode. Healthy pipelines reported count is 0, required healthy pipeline reported count is 1
2024-08-27 20:25:07,183 [main] INFO  ozone.MiniOzoneClusterImpl (MiniOzoneClusterImpl.java:lambda$waitForClusterToBeReady$0(198)) - Nodes are ready. Got 5 of 5 DN Heartbeats.
2024-08-27 20:25:07,183 [main] INFO  ozone.MiniOzoneClusterImpl (MiniOzoneClusterImpl.java:lambda$waitForClusterToBeReady$0(201)) - Waiting for cluster to exit safe mode
2024-08-27 20:25:07,184 [main] INFO  ozone.MiniOzoneClusterImpl (MiniOzoneClusterImpl.java:lambda$waitForClusterToBeReady$0(203)) - SCM became leader
2024-08-27 20:25:07,191 [EventQueue-OpenPipelineForHealthyPipelineSafeModeRule] INFO  safemode.SCMSafeModeManager (HealthyPipelineSafeModeRule.java:process(140)) - SCM in safe mode. Healthy pipelines reported count is 0, required healthy pipeline reported count is 1
2024-08-27 20:25:07,263 [EventQueue-OpenPipelineForHealthyPipelineSafeModeRule] INFO  safemode.SCMSafeModeManager (HealthyPipelineSafeModeRule.java:process(140)) - SCM in safe mode. Healthy pipelines reported count is 0, required healthy pipeline reported count is 1
2024-08-27 20:25:07,360 [EventQueue-OpenPipelineForHealthyPipelineSafeModeRule] INFO  safemode.SCMSafeModeManager (HealthyPipelineSafeModeRule.java:process(140)) - SCM in safe mode. Healthy pipelines reported count is 0, required healthy pipeline reported count is 1
2024-08-27 20:25:07,774 [EventQueue-OpenPipelineForHealthyPipelineSafeModeRule] INFO  safemode.SCMSafeModeManager (HealthyPipelineSafeModeRule.java:process(140)) - SCM in safe mode. Healthy pipelines reported count is 0, required healthy pipeline reported count is 1
2024-08-27 20:25:08,184 [main] INFO  ozone.MiniOzoneClusterImpl (MiniOzoneClusterImpl.java:lambda$waitForClusterToBeReady$0(198)) - Nodes are ready. Got 5 of 5 DN Heartbeats.
2024-08-27 20:25:08,184 [main] INFO  ozone.MiniOzoneClusterImpl (MiniOzoneClusterImpl.java:lambda$waitForClusterToBeReady$0(201)) - Waiting for cluster to exit safe mode
2024-08-27 20:25:08,184 [main] INFO  ozone.MiniOzoneClusterImpl (MiniOzoneClusterImpl.java:lambda$waitForClusterToBeReady$0(203)) - SCM became leader
2024-08-27 20:25:08,241 [EventQueue-OpenPipelineForHealthyPipelineSafeModeRule] INFO  safemode.SCMSafeModeManager (HealthyPipelineSafeModeRule.java:process(140)) - SCM in safe mode. Healthy pipelines reported count is 0, required healthy pipeline reported count is 1
2024-08-27 20:25:08,264 [EventQueue-OpenPipelineForHealthyPipelineSafeModeRule] INFO  safemode.SCMSafeModeManager (HealthyPipelineSafeModeRule.java:process(140)) - SCM in safe mode. Healthy pipelines reported count is 0, required healthy pipeline reported count is 1
2024-08-27 20:25:08,359 [EventQueue-OpenPipelineForHealthyPipelineSafeModeRule] INFO  safemode.SCMSafeModeManager (HealthyPipelineSafeModeRule.java:process(140)) - SCM in safe mode. Healthy pipelines reported count is 0, required healthy pipeline reported count is 1
2024-08-27 20:25:08,650 [b5b9165f-6528-4062-9715-63d706d5309e@group-A133DE54D1F1-FollowerState] INFO  impl.FollowerState (FollowerState.java:run(144)) - b5b9165f-6528-4062-9715-63d706d5309e@group-A133DE54D1F1-FollowerState: change to CANDIDATE, lastRpcElapsedTime:5021888054ns, electionTimeout:5020ms
2024-08-27 20:25:08,651 [b5b9165f-6528-4062-9715-63d706d5309e@group-A133DE54D1F1-FollowerState] INFO  impl.RoleInfo (RoleInfo.java:shutdownFollowerState(119)) - b5b9165f-6528-4062-9715-63d706d5309e: shutdown b5b9165f-6528-4062-9715-63d706d5309e@group-A133DE54D1F1-FollowerState
2024-08-27 20:25:08,651 [b5b9165f-6528-4062-9715-63d706d5309e@group-A133DE54D1F1-FollowerState] INFO  server.RaftServer$Division (RaftServerImpl.java:setRole(376)) - b5b9165f-6528-4062-9715-63d706d5309e@group-A133DE54D1F1: changes role from  FOLLOWER to CANDIDATE at term 0 for changeToCandidate
2024-08-27 20:25:08,651 [b5b9165f-6528-4062-9715-63d706d5309e@group-A133DE54D1F1-FollowerState] INFO  server.RaftServerConfigKeys (ConfUtils.java:logGet(46)) - raft.server.leaderelection.pre-vote = true (default)
2024-08-27 20:25:08,651 [b5b9165f-6528-4062-9715-63d706d5309e@group-A133DE54D1F1-FollowerState] INFO  impl.RoleInfo (RoleInfo.java:updateAndGet(148)) - b5b9165f-6528-4062-9715-63d706d5309e: start b5b9165f-6528-4062-9715-63d706d5309e@group-A133DE54D1F1-LeaderElection2
2024-08-27 20:25:08,651 [b5b9165f-6528-4062-9715-63d706d5309e@group-A133DE54D1F1-LeaderElection2] INFO  impl.LeaderElection (LeaderElection.java:askForVotes(321)) - b5b9165f-6528-4062-9715-63d706d5309e@group-A133DE54D1F1-LeaderElection2 PRE_VOTE round 0: submit vote requests at term 0 for conf: {index: -1, cur=peers:[b5b9165f-6528-4062-9715-63d706d5309e|127.0.0.1:15012, d758e0a9-c5a1-4fd4-978f-3629e4af057b|127.0.0.1:15021, 9d1f9f5c-07b4-413f-b8b0-69aa045119d7|127.0.0.1:15030]|listeners:[], old=null}
2024-08-27 20:25:08,655 [b5b9165f-6528-4062-9715-63d706d5309e@group-A133DE54D1F1-LeaderElection2] INFO  server.RaftServerConfigKeys (ConfUtils.java:logFallback(53)) - raft.server.rpc.first-election.timeout.min = 5s (fallback to raft.server.rpc.timeout.min)
2024-08-27 20:25:08,655 [b5b9165f-6528-4062-9715-63d706d5309e@group-A133DE54D1F1-LeaderElection2] INFO  server.RaftServerConfigKeys (ConfUtils.java:logFallback(53)) - raft.server.rpc.first-election.timeout.max = 5200ms (fallback to raft.server.rpc.timeout.max)
2024-08-27 20:25:08,655 [b5b9165f-6528-4062-9715-63d706d5309e@group-A133DE54D1F1-LeaderElection2-1] INFO  server.GrpcServerProtocolClient (GrpcServerProtocolClient.java:<init>(65)) - Build channel for d758e0a9-c5a1-4fd4-978f-3629e4af057b|127.0.0.1:15021
2024-08-27 20:25:08,656 [b5b9165f-6528-4062-9715-63d706d5309e@group-A133DE54D1F1-LeaderElection2-2] INFO  server.GrpcServerProtocolClient (GrpcServerProtocolClient.java:<init>(65)) - Build channel for 9d1f9f5c-07b4-413f-b8b0-69aa045119d7|127.0.0.1:15030
2024-08-27 20:25:08,663 [grpc-default-executor-0] INFO  server.RaftServer$Division (RaftServerImpl.java:requestVote(1416)) - d758e0a9-c5a1-4fd4-978f-3629e4af057b@group-A133DE54D1F1: receive requestVote(PRE_VOTE, b5b9165f-6528-4062-9715-63d706d5309e, group-A133DE54D1F1, 0, (t:0, i:0))
2024-08-27 20:25:08,665 [grpc-default-executor-0] INFO  impl.VoteContext (VoteContext.java:log(49)) - d758e0a9-c5a1-4fd4-978f-3629e4af057b@group-A133DE54D1F1-FOLLOWER: accept PRE_VOTE from b5b9165f-6528-4062-9715-63d706d5309e: our priority 0 <= candidate's priority 0
2024-08-27 20:25:08,668 [grpc-default-executor-0] INFO  server.RaftServer$Division (RaftServerImpl.java:requestVote(1449)) - d758e0a9-c5a1-4fd4-978f-3629e4af057b@group-A133DE54D1F1 replies to PRE_VOTE vote request: b5b9165f-6528-4062-9715-63d706d5309e<-d758e0a9-c5a1-4fd4-978f-3629e4af057b#0:OK-t0. Peer's state: d758e0a9-c5a1-4fd4-978f-3629e4af057b@group-A133DE54D1F1:t0, leader=null, voted=, raftlog=Memoized:d758e0a9-c5a1-4fd4-978f-3629e4af057b@group-A133DE54D1F1-SegmentedRaftLog:OPENED:c-1:lastnull, conf=conf: {index: -1, cur=peers:[b5b9165f-6528-4062-9715-63d706d5309e|127.0.0.1:15012, d758e0a9-c5a1-4fd4-978f-3629e4af057b|127.0.0.1:15021, 9d1f9f5c-07b4-413f-b8b0-69aa045119d7|127.0.0.1:15030]|listeners:[], old=null}
2024-08-27 20:25:08,668 [grpc-default-executor-1] INFO  server.RaftServer$Division (RaftServerImpl.java:requestVote(1416)) - 9d1f9f5c-07b4-413f-b8b0-69aa045119d7@group-A133DE54D1F1: receive requestVote(PRE_VOTE, b5b9165f-6528-4062-9715-63d706d5309e, group-A133DE54D1F1, 0, (t:0, i:0))
2024-08-27 20:25:08,669 [grpc-default-executor-1] INFO  impl.VoteContext (VoteContext.java:log(49)) - 9d1f9f5c-07b4-413f-b8b0-69aa045119d7@group-A133DE54D1F1-FOLLOWER: reject PRE_VOTE from b5b9165f-6528-4062-9715-63d706d5309e: our priority 1 > candidate's priority 0
2024-08-27 20:25:08,669 [grpc-default-executor-1] INFO  server.RaftServer$Division (RaftServerImpl.java:requestVote(1449)) - 9d1f9f5c-07b4-413f-b8b0-69aa045119d7@group-A133DE54D1F1 replies to PRE_VOTE vote request: b5b9165f-6528-4062-9715-63d706d5309e<-9d1f9f5c-07b4-413f-b8b0-69aa045119d7#0:FAIL-t0. Peer's state: 9d1f9f5c-07b4-413f-b8b0-69aa045119d7@group-A133DE54D1F1:t0, leader=null, voted=, raftlog=Memoized:9d1f9f5c-07b4-413f-b8b0-69aa045119d7@group-A133DE54D1F1-SegmentedRaftLog:OPENED:c-1:lastnull, conf=conf: {index: -1, cur=peers:[b5b9165f-6528-4062-9715-63d706d5309e|127.0.0.1:15012, d758e0a9-c5a1-4fd4-978f-3629e4af057b|127.0.0.1:15021, 9d1f9f5c-07b4-413f-b8b0-69aa045119d7|127.0.0.1:15030]|listeners:[], old=null}
2024-08-27 20:25:08,672 [b5b9165f-6528-4062-9715-63d706d5309e@group-A133DE54D1F1-LeaderElection2] INFO  impl.LeaderElection (LeaderElection.java:logAndReturn(89)) - b5b9165f-6528-4062-9715-63d706d5309e@group-A133DE54D1F1-LeaderElection2: PRE_VOTE REJECTED received 2 response(s) and 0 exception(s):
2024-08-27 20:25:08,672 [b5b9165f-6528-4062-9715-63d706d5309e@group-A133DE54D1F1-LeaderElection2] INFO  impl.LeaderElection (LeaderElection.java:logAndReturn(93)) -   Response 0: b5b9165f-6528-4062-9715-63d706d5309e<-d758e0a9-c5a1-4fd4-978f-3629e4af057b#0:OK-t0
2024-08-27 20:25:08,672 [b5b9165f-6528-4062-9715-63d706d5309e@group-A133DE54D1F1-LeaderElection2] INFO  impl.LeaderElection (LeaderElection.java:logAndReturn(93)) -   Response 1: b5b9165f-6528-4062-9715-63d706d5309e<-9d1f9f5c-07b4-413f-b8b0-69aa045119d7#0:FAIL-t0
2024-08-27 20:25:08,672 [b5b9165f-6528-4062-9715-63d706d5309e@group-A133DE54D1F1-LeaderElection2] INFO  impl.LeaderElection (LeaderElection.java:askForVotes(323)) - b5b9165f-6528-4062-9715-63d706d5309e@group-A133DE54D1F1-LeaderElection2 PRE_VOTE round 0: result REJECTED
2024-08-27 20:25:08,672 [b5b9165f-6528-4062-9715-63d706d5309e@group-A133DE54D1F1-LeaderElection2] INFO  server.RaftServer$Division (RaftServerImpl.java:setRole(376)) - b5b9165f-6528-4062-9715-63d706d5309e@group-A133DE54D1F1: changes role from CANDIDATE to FOLLOWER at term 0 for REJECTED
2024-08-27 20:25:08,673 [b5b9165f-6528-4062-9715-63d706d5309e@group-A133DE54D1F1-LeaderElection2] INFO  impl.RoleInfo (RoleInfo.java:shutdownLeaderElection(139)) - b5b9165f-6528-4062-9715-63d706d5309e: shutdown b5b9165f-6528-4062-9715-63d706d5309e@group-A133DE54D1F1-LeaderElection2
2024-08-27 20:25:08,673 [b5b9165f-6528-4062-9715-63d706d5309e@group-A133DE54D1F1-LeaderElection2] INFO  impl.RoleInfo (RoleInfo.java:updateAndGet(148)) - b5b9165f-6528-4062-9715-63d706d5309e: start b5b9165f-6528-4062-9715-63d706d5309e@group-A133DE54D1F1-FollowerState
2024-08-27 20:25:08,674 [b5b9165f-6528-4062-9715-63d706d5309e@group-A133DE54D1F1-LeaderElection2] INFO  server.RaftServer$Division (RaftServerImpl.java:setFirstElection(549)) - b5b9165f-6528-4062-9715-63d706d5309e@group-A133DE54D1F1: set firstElectionSinceStartup to false for REJECTED
2024-08-27 20:25:08,767 [b5b9165f-6528-4062-9715-63d706d5309e@group-C34A7576515C-FollowerState] INFO  impl.FollowerState (FollowerState.java:run(144)) - b5b9165f-6528-4062-9715-63d706d5309e@group-C34A7576515C-FollowerState: change to CANDIDATE, lastRpcElapsedTime:5170463106ns, electionTimeout:5163ms
2024-08-27 20:25:08,767 [b5b9165f-6528-4062-9715-63d706d5309e@group-C34A7576515C-FollowerState] INFO  impl.RoleInfo (RoleInfo.java:shutdownFollowerState(119)) - b5b9165f-6528-4062-9715-63d706d5309e: shutdown b5b9165f-6528-4062-9715-63d706d5309e@group-C34A7576515C-FollowerState
2024-08-27 20:25:08,767 [b5b9165f-6528-4062-9715-63d706d5309e@group-C34A7576515C-FollowerState] INFO  server.RaftServer$Division (RaftServerImpl.java:setRole(376)) - b5b9165f-6528-4062-9715-63d706d5309e@group-C34A7576515C: changes role from  FOLLOWER to CANDIDATE at term 0 for changeToCandidate
2024-08-27 20:25:08,767 [b5b9165f-6528-4062-9715-63d706d5309e@group-C34A7576515C-FollowerState] INFO  server.RaftServerConfigKeys (ConfUtils.java:logGet(46)) - raft.server.leaderelection.pre-vote = true (default)
2024-08-27 20:25:08,767 [b5b9165f-6528-4062-9715-63d706d5309e@group-C34A7576515C-FollowerState] INFO  impl.RoleInfo (RoleInfo.java:updateAndGet(148)) - b5b9165f-6528-4062-9715-63d706d5309e: start b5b9165f-6528-4062-9715-63d706d5309e@group-C34A7576515C-LeaderElection3
2024-08-27 20:25:08,767 [b5b9165f-6528-4062-9715-63d706d5309e@group-C34A7576515C-LeaderElection3] INFO  impl.LeaderElection (LeaderElection.java:askForVotes(321)) - b5b9165f-6528-4062-9715-63d706d5309e@group-C34A7576515C-LeaderElection3 PRE_VOTE round 0: submit vote requests at term 0 for conf: {index: -1, cur=peers:[b5b9165f-6528-4062-9715-63d706d5309e|127.0.0.1:15012]|listeners:[], old=null}
2024-08-27 20:25:08,768 [b5b9165f-6528-4062-9715-63d706d5309e@group-C34A7576515C-LeaderElection3] INFO  impl.LeaderElection (LeaderElection.java:askForVotes(323)) - b5b9165f-6528-4062-9715-63d706d5309e@group-C34A7576515C-LeaderElection3 PRE_VOTE round 0: result PASSED (term=0)
2024-08-27 20:25:08,769 [b5b9165f-6528-4062-9715-63d706d5309e@group-C34A7576515C-LeaderElection3] INFO  impl.LeaderElection (LeaderElection.java:askForVotes(321)) - b5b9165f-6528-4062-9715-63d706d5309e@group-C34A7576515C-LeaderElection3 ELECTION round 0: submit vote requests at term 1 for conf: {index: -1, cur=peers:[b5b9165f-6528-4062-9715-63d706d5309e|127.0.0.1:15012]|listeners:[], old=null}
2024-08-27 20:25:08,769 [b5b9165f-6528-4062-9715-63d706d5309e@group-C34A7576515C-LeaderElection3] INFO  impl.LeaderElection (LeaderElection.java:askForVotes(323)) - b5b9165f-6528-4062-9715-63d706d5309e@group-C34A7576515C-LeaderElection3 ELECTION round 0: result PASSED (term=1)
2024-08-27 20:25:08,769 [b5b9165f-6528-4062-9715-63d706d5309e@group-C34A7576515C-LeaderElection3] INFO  impl.RoleInfo (RoleInfo.java:shutdownLeaderElection(139)) - b5b9165f-6528-4062-9715-63d706d5309e: shutdown b5b9165f-6528-4062-9715-63d706d5309e@group-C34A7576515C-LeaderElection3
2024-08-27 20:25:08,769 [b5b9165f-6528-4062-9715-63d706d5309e@group-C34A7576515C-LeaderElection3] INFO  server.RaftServer$Division (RaftServerImpl.java:setRole(376)) - b5b9165f-6528-4062-9715-63d706d5309e@group-C34A7576515C: changes role from CANDIDATE to LEADER at term 1 for changeToLeader
2024-08-27 20:25:08,769 [b5b9165f-6528-4062-9715-63d706d5309e@group-C34A7576515C-LeaderElection3] INFO  server.RaftServerConfigKeys (ConfUtils.java:logGet(46)) - raft.server.staging.catchup.gap = 1000 (default)
2024-08-27 20:25:08,770 [b5b9165f-6528-4062-9715-63d706d5309e@group-C34A7576515C-LeaderElection3] INFO  server.RaftServerConfigKeys (ConfUtils.java:logGet(46)) - raft.server.write.element-limit = 1024 (custom)
2024-08-27 20:25:08,770 [b5b9165f-6528-4062-9715-63d706d5309e@group-C34A7576515C-LeaderElection3] INFO  server.RaftServerConfigKeys (ConfUtils.java:logGet(46)) - raft.server.write.byte-limit = 1024 M (=1073741824) (custom)
2024-08-27 20:25:08,770 [b5b9165f-6528-4062-9715-63d706d5309e@group-C34A7576515C-LeaderElection3] INFO  server.RaftServerConfigKeys (ConfUtils.java:logGet(46)) - raft.server.watch.timeout = 30s (custom)
2024-08-27 20:25:08,770 [b5b9165f-6528-4062-9715-63d706d5309e@group-C34A7576515C-LeaderElection3] INFO  server.RaftServerConfigKeys (ConfUtils.java:logGet(46)) - raft.server.watch.timeout.denomination = 1s (default)
2024-08-27 20:25:08,770 [b5b9165f-6528-4062-9715-63d706d5309e@group-C34A7576515C-LeaderElection3] INFO  server.RaftServerConfigKeys (ConfUtils.java:logGet(46)) - raft.server.watch.element-limit = 65536 (default)
2024-08-27 20:25:08,771 [b5b9165f-6528-4062-9715-63d706d5309e@group-C34A7576515C-LeaderElection3] INFO  server.RaftServerConfigKeys (ConfUtils.java:logGet(46)) - raft.server.read.leader.lease.enabled = false (default)
2024-08-27 20:25:08,771 [b5b9165f-6528-4062-9715-63d706d5309e@group-C34A7576515C-LeaderElection3] INFO  server.RaftServerConfigKeys (ConfUtils.java:logGet(46)) - raft.server.read.leader.lease.timeout.ratio = 0.9 (default)
2024-08-27 20:25:08,771 [b5b9165f-6528-4062-9715-63d706d5309e@group-C34A7576515C-LeaderElection3] INFO  server.RaftServerConfigKeys (ConfUtils.java:logGet(46)) - raft.server.rpc.timeout.min = 5s (custom)
2024-08-27 20:25:08,772 [b5b9165f-6528-4062-9715-63d706d5309e@group-C34A7576515C-LeaderElection3] INFO  server.RaftServerConfigKeys (ConfUtils.java:logGet(46)) - raft.server.log.log-metadata.enabled = true (default)
2024-08-27 20:25:08,772 [b5b9165f-6528-4062-9715-63d706d5309e@group-C34A7576515C-LeaderElection3] INFO  server.RaftServerConfigKeys (ConfUtils.java:logGet(46)) - raft.server.write.element-limit = 1024 (custom)
2024-08-27 20:25:08,772 [b5b9165f-6528-4062-9715-63d706d5309e@group-C34A7576515C-LeaderElection3] INFO  server.RaftServerConfigKeys (ConfUtils.java:logGet(46)) - raft.server.write.follower.gap.ratio.max = -1.0 (default)
2024-08-27 20:25:08,772 [b5b9165f-6528-4062-9715-63d706d5309e@group-C34A7576515C-LeaderElection3] INFO  impl.RoleInfo (RoleInfo.java:updateAndGet(148)) - b5b9165f-6528-4062-9715-63d706d5309e: start b5b9165f-6528-4062-9715-63d706d5309e@group-C34A7576515C-LeaderStateImpl
2024-08-27 20:25:08,772 [b5b9165f-6528-4062-9715-63d706d5309e@group-C34A7576515C-LeaderElection3] INFO  server.RaftServer$Division (RaftServerImpl.java:setFirstElection(549)) - b5b9165f-6528-4062-9715-63d706d5309e@group-C34A7576515C: set firstElectionSinceStartup to false for becomeLeader
2024-08-27 20:25:08,773 [b5b9165f-6528-4062-9715-63d706d5309e@group-C34A7576515C-LeaderElection3] INFO  ratis.XceiverServerRatis (XceiverServerRatis.java:handleLeaderChangedNotification(950)) - Leader change notification received for group: group-C34A7576515C with new leaderId: b5b9165f-6528-4062-9715-63d706d5309e
2024-08-27 20:25:08,774 [b5b9165f-6528-4062-9715-63d706d5309e@group-C34A7576515C-LeaderElection3] INFO  server.RaftServer$Division (ServerState.java:setLeader(272)) - b5b9165f-6528-4062-9715-63d706d5309e@group-C34A7576515C: change Leader from null to b5b9165f-6528-4062-9715-63d706d5309e at term 1 for becomeLeader, leader elected after 5212ms
2024-08-27 20:25:08,774 [b5b9165f-6528-4062-9715-63d706d5309e@group-C34A7576515C-LeaderElection3] INFO  segmented.SegmentedRaftLogWorker (SegmentedRaftLogWorker.java:startLogSegment(433)) - b5b9165f-6528-4062-9715-63d706d5309e@group-C34A7576515C-SegmentedRaftLogWorker: Starting segment from index:0
2024-08-27 20:25:08,774 [b5b9165f-6528-4062-9715-63d706d5309e@group-C34A7576515C-SegmentedRaftLogWorker] INFO  segmented.BufferedWriteChannel (BufferedWriteChannel.java:open(61)) - open log_inprogress_0 at position 0
2024-08-27 20:25:08,775 [EventQueue-OpenPipelineForHealthyPipelineSafeModeRule] INFO  safemode.SCMSafeModeManager (HealthyPipelineSafeModeRule.java:process(140)) - SCM in safe mode. Healthy pipelines reported count is 0, required healthy pipeline reported count is 1
2024-08-27 20:25:08,779 [EventQueue-OpenPipelineForHealthyPipelineSafeModeRule] INFO  safemode.SCMSafeModeManager (HealthyPipelineSafeModeRule.java:process(140)) - SCM in safe mode. Healthy pipelines reported count is 0, required healthy pipeline reported count is 1
2024-08-27 20:25:08,783 [b5b9165f-6528-4062-9715-63d706d5309e@group-C34A7576515C-LeaderElection3] INFO  server.RaftServer$Division (ServerState.java:setRaftConf(386)) - b5b9165f-6528-4062-9715-63d706d5309e@group-C34A7576515C: set configuration conf: {index: 0, cur=peers:[b5b9165f-6528-4062-9715-63d706d5309e|127.0.0.1:15012]|listeners:[], old=null}
2024-08-27 20:25:08,788 [b5b9165f-6528-4062-9715-63d706d5309e@group-C34A7576515C-SegmentedRaftLogWorker] INFO  segmented.SegmentedRaftLogWorker (SegmentedRaftLogWorker.java:execute(637)) - b5b9165f-6528-4062-9715-63d706d5309e@group-C34A7576515C-SegmentedRaftLogWorker: created new log segment /home/runner/work/ozone/ozone/hadoop-ozone/integration-test/target/test-dir/MiniOzoneClusterImpl-2855d785-c18f-47a1-bcca-44ce8ce60223/ozone-meta/datanode-1/ratis/9a28fa1d-c282-4050-ac37-c34a7576515c/current/log_inprogress_0
2024-08-27 20:25:08,791 [b5b9165f-6528-4062-9715-63d706d5309e@group-C34A7576515C-StateMachineUpdater] INFO  server.RaftServer$Division (LeaderStateImpl.java:checkStartIndex(316)) - Leader b5b9165f-6528-4062-9715-63d706d5309e@group-C34A7576515C-LeaderStateImpl is ready since appliedIndex == startIndex == 0
2024-08-27 20:25:08,991 [9d1f9f5c-07b4-413f-b8b0-69aa045119d7@group-A133DE54D1F1-FollowerState] INFO  impl.FollowerState (FollowerState.java:run(144)) - 9d1f9f5c-07b4-413f-b8b0-69aa045119d7@group-A133DE54D1F1-FollowerState: change to CANDIDATE, lastRpcElapsedTime:5064370837ns, electionTimeout:5063ms
2024-08-27 20:25:08,992 [9d1f9f5c-07b4-413f-b8b0-69aa045119d7@group-A133DE54D1F1-FollowerState] INFO  impl.RoleInfo (RoleInfo.java:shutdownFollowerState(119)) - 9d1f9f5c-07b4-413f-b8b0-69aa045119d7: shutdown 9d1f9f5c-07b4-413f-b8b0-69aa045119d7@group-A133DE54D1F1-FollowerState
2024-08-27 20:25:08,992 [9d1f9f5c-07b4-413f-b8b0-69aa045119d7@group-A133DE54D1F1-FollowerState] INFO  server.RaftServer$Division (RaftServerImpl.java:setRole(376)) - 9d1f9f5c-07b4-413f-b8b0-69aa045119d7@group-A133DE54D1F1: changes role from  FOLLOWER to CANDIDATE at term 0 for changeToCandidate
2024-08-27 20:25:08,992 [9d1f9f5c-07b4-413f-b8b0-69aa045119d7@group-A133DE54D1F1-FollowerState] INFO  server.RaftServerConfigKeys (ConfUtils.java:logGet(46)) - raft.server.leaderelection.pre-vote = true (default)
2024-08-27 20:25:08,992 [9d1f9f5c-07b4-413f-b8b0-69aa045119d7@group-A133DE54D1F1-FollowerState] INFO  impl.RoleInfo (RoleInfo.java:updateAndGet(148)) - 9d1f9f5c-07b4-413f-b8b0-69aa045119d7: start 9d1f9f5c-07b4-413f-b8b0-69aa045119d7@group-A133DE54D1F1-LeaderElection4
2024-08-27 20:25:08,993 [9d1f9f5c-07b4-413f-b8b0-69aa045119d7@group-A133DE54D1F1-LeaderElection4] INFO  impl.LeaderElection (LeaderElection.java:askForVotes(321)) - 9d1f9f5c-07b4-413f-b8b0-69aa045119d7@group-A133DE54D1F1-LeaderElection4 PRE_VOTE round 0: submit vote requests at term 0 for conf: {index: -1, cur=peers:[b5b9165f-6528-4062-9715-63d706d5309e|127.0.0.1:15012, d758e0a9-c5a1-4fd4-978f-3629e4af057b|127.0.0.1:15021, 9d1f9f5c-07b4-413f-b8b0-69aa045119d7|127.0.0.1:15030]|listeners:[], old=null}
2024-08-27 20:25:08,994 [9d1f9f5c-07b4-413f-b8b0-69aa045119d7@group-A133DE54D1F1-LeaderElection4-1] INFO  server.GrpcServerProtocolClient (GrpcServerProtocolClient.java:<init>(65)) - Build channel for b5b9165f-6528-4062-9715-63d706d5309e|127.0.0.1:15012
2024-08-27 20:25:08,994 [9d1f9f5c-07b4-413f-b8b0-69aa045119d7@group-A133DE54D1F1-LeaderElection4] INFO  server.RaftServerConfigKeys (ConfUtils.java:logFallback(53)) - raft.server.rpc.first-election.timeout.min = 5s (fallback to raft.server.rpc.timeout.min)
2024-08-27 20:25:08,995 [9d1f9f5c-07b4-413f-b8b0-69aa045119d7@group-A133DE54D1F1-LeaderElection4] INFO  server.RaftServerConfigKeys (ConfUtils.java:logFallback(53)) - raft.server.rpc.first-election.timeout.max = 5200ms (fallback to raft.server.rpc.timeout.max)
2024-08-27 20:25:08,994 [9d1f9f5c-07b4-413f-b8b0-69aa045119d7@group-A133DE54D1F1-LeaderElection4-2] INFO  server.GrpcServerProtocolClient (GrpcServerProtocolClient.java:<init>(65)) - Build channel for d758e0a9-c5a1-4fd4-978f-3629e4af057b|127.0.0.1:15021
2024-08-27 20:25:09,001 [grpc-default-executor-0] INFO  server.RaftServer$Division (RaftServerImpl.java:requestVote(1416)) - d758e0a9-c5a1-4fd4-978f-3629e4af057b@group-A133DE54D1F1: receive requestVote(PRE_VOTE, 9d1f9f5c-07b4-413f-b8b0-69aa045119d7, group-A133DE54D1F1, 0, (t:0, i:0))
2024-08-27 20:25:09,001 [grpc-default-executor-0] INFO  impl.VoteContext (VoteContext.java:log(49)) - d758e0a9-c5a1-4fd4-978f-3629e4af057b@group-A133DE54D1F1-FOLLOWER: accept PRE_VOTE from 9d1f9f5c-07b4-413f-b8b0-69aa045119d7: our priority 0 <= candidate's priority 1
2024-08-27 20:25:09,001 [grpc-default-executor-0] INFO  server.RaftServer$Division (RaftServerImpl.java:requestVote(1449)) - d758e0a9-c5a1-4fd4-978f-3629e4af057b@group-A133DE54D1F1 replies to PRE_VOTE vote request: 9d1f9f5c-07b4-413f-b8b0-69aa045119d7<-d758e0a9-c5a1-4fd4-978f-3629e4af057b#0:OK-t0. Peer's state: d758e0a9-c5a1-4fd4-978f-3629e4af057b@group-A133DE54D1F1:t0, leader=null, voted=, raftlog=Memoized:d758e0a9-c5a1-4fd4-978f-3629e4af057b@group-A133DE54D1F1-SegmentedRaftLog:OPENED:c-1:lastnull, conf=conf: {index: -1, cur=peers:[b5b9165f-6528-4062-9715-63d706d5309e|127.0.0.1:15012, d758e0a9-c5a1-4fd4-978f-3629e4af057b|127.0.0.1:15021, 9d1f9f5c-07b4-413f-b8b0-69aa045119d7|127.0.0.1:15030]|listeners:[], old=null}
2024-08-27 20:25:09,002 [grpc-default-executor-0] INFO  server.RaftServer$Division (RaftServerImpl.java:requestVote(1416)) - b5b9165f-6528-4062-9715-63d706d5309e@group-A133DE54D1F1: receive requestVote(PRE_VOTE, 9d1f9f5c-07b4-413f-b8b0-69aa045119d7, group-A133DE54D1F1, 0, (t:0, i:0))
2024-08-27 20:25:09,002 [grpc-default-executor-0] INFO  impl.VoteContext (VoteContext.java:log(49)) - b5b9165f-6528-4062-9715-63d706d5309e@group-A133DE54D1F1-FOLLOWER: accept PRE_VOTE from 9d1f9f5c-07b4-413f-b8b0-69aa045119d7: our priority 0 <= candidate's priority 1
2024-08-27 20:25:09,003 [grpc-default-executor-0] INFO  server.RaftServer$Division (RaftServerImpl.java:requestVote(1449)) - b5b9165f-6528-4062-9715-63d706d5309e@group-A133DE54D1F1 replies to PRE_VOTE vote request: 9d1f9f5c-07b4-413f-b8b0-69aa045119d7<-b5b9165f-6528-4062-9715-63d706d5309e#0:OK-t0. Peer's state: b5b9165f-6528-4062-9715-63d706d5309e@group-A133DE54D1F1:t0, leader=null, voted=, raftlog=Memoized:b5b9165f-6528-4062-9715-63d706d5309e@group-A133DE54D1F1-SegmentedRaftLog:OPENED:c-1:lastnull, conf=conf: {index: -1, cur=peers:[b5b9165f-6528-4062-9715-63d706d5309e|127.0.0.1:15012, d758e0a9-c5a1-4fd4-978f-3629e4af057b|127.0.0.1:15021, 9d1f9f5c-07b4-413f-b8b0-69aa045119d7|127.0.0.1:15030]|listeners:[], old=null}
2024-08-27 20:25:09,004 [9d1f9f5c-07b4-413f-b8b0-69aa045119d7@group-A133DE54D1F1-LeaderElection4] INFO  impl.LeaderElection (LeaderElection.java:logAndReturn(89)) - 9d1f9f5c-07b4-413f-b8b0-69aa045119d7@group-A133DE54D1F1-LeaderElection4: PRE_VOTE PASSED received 1 response(s) and 0 exception(s):
2024-08-27 20:25:09,004 [9d1f9f5c-07b4-413f-b8b0-69aa045119d7@group-A133DE54D1F1-LeaderElection4] INFO  impl.LeaderElection (LeaderElection.java:logAndReturn(93)) -   Response 0: 9d1f9f5c-07b4-413f-b8b0-69aa045119d7<-b5b9165f-6528-4062-9715-63d706d5309e#0:OK-t0
2024-08-27 20:25:09,004 [9d1f9f5c-07b4-413f-b8b0-69aa045119d7@group-A133DE54D1F1-LeaderElection4] INFO  impl.LeaderElection (LeaderElection.java:askForVotes(323)) - 9d1f9f5c-07b4-413f-b8b0-69aa045119d7@group-A133DE54D1F1-LeaderElection4 PRE_VOTE round 0: result PASSED
2024-08-27 20:25:09,005 [9d1f9f5c-07b4-413f-b8b0-69aa045119d7@group-A133DE54D1F1-LeaderElection4] INFO  impl.LeaderElection (LeaderElection.java:askForVotes(321)) - 9d1f9f5c-07b4-413f-b8b0-69aa045119d7@group-A133DE54D1F1-LeaderElection4 ELECTION round 0: submit vote requests at term 1 for conf: {index: -1, cur=peers:[b5b9165f-6528-4062-9715-63d706d5309e|127.0.0.1:15012, d758e0a9-c5a1-4fd4-978f-3629e4af057b|127.0.0.1:15021, 9d1f9f5c-07b4-413f-b8b0-69aa045119d7|127.0.0.1:15030]|listeners:[], old=null}
2024-08-27 20:25:09,007 [9d1f9f5c-07b4-413f-b8b0-69aa045119d7@group-A133DE54D1F1-LeaderElection4] INFO  server.RaftServerConfigKeys (ConfUtils.java:logFallback(53)) - raft.server.rpc.first-election.timeout.min = 5s (fallback to raft.server.rpc.timeout.min)
2024-08-27 20:25:09,008 [grpc-default-executor-0] INFO  server.RaftServer$Division (RaftServerImpl.java:requestVote(1416)) - b5b9165f-6528-4062-9715-63d706d5309e@group-A133DE54D1F1: receive requestVote(ELECTION, 9d1f9f5c-07b4-413f-b8b0-69aa045119d7, group-A133DE54D1F1, 1, (t:0, i:0))
2024-08-27 20:25:09,008 [grpc-default-executor-0] INFO  impl.VoteContext (VoteContext.java:log(49)) - b5b9165f-6528-4062-9715-63d706d5309e@group-A133DE54D1F1-FOLLOWER: accept ELECTION from 9d1f9f5c-07b4-413f-b8b0-69aa045119d7: our priority 0 <= candidate's priority 1
2024-08-27 20:25:09,008 [grpc-default-executor-0] INFO  server.RaftServer$Division (RaftServerImpl.java:setRole(376)) - b5b9165f-6528-4062-9715-63d706d5309e@group-A133DE54D1F1: changes role from  FOLLOWER to FOLLOWER at term 1 for candidate:9d1f9f5c-07b4-413f-b8b0-69aa045119d7
2024-08-27 20:25:09,008 [grpc-default-executor-0] INFO  impl.RoleInfo (RoleInfo.java:shutdownFollowerState(119)) - b5b9165f-6528-4062-9715-63d706d5309e: shutdown b5b9165f-6528-4062-9715-63d706d5309e@group-A133DE54D1F1-FollowerState
2024-08-27 20:25:09,008 [grpc-default-executor-0] INFO  impl.RoleInfo (RoleInfo.java:updateAndGet(148)) - b5b9165f-6528-4062-9715-63d706d5309e: start b5b9165f-6528-4062-9715-63d706d5309e@group-A133DE54D1F1-FollowerState
2024-08-27 20:25:09,008 [9d1f9f5c-07b4-413f-b8b0-69aa045119d7@group-A133DE54D1F1-LeaderElection4] INFO  server.RaftServerConfigKeys (ConfUtils.java:logFallback(53)) - raft.server.rpc.first-election.timeout.max = 5200ms (fallback to raft.server.rpc.timeout.max)
2024-08-27 20:25:09,008 [b5b9165f-6528-4062-9715-63d706d5309e@group-A133DE54D1F1-FollowerState] INFO  impl.FollowerState (FollowerState.java:run(153)) - b5b9165f-6528-4062-9715-63d706d5309e@group-A133DE54D1F1-FollowerState was interrupted
2024-08-27 20:25:09,009 [grpc-default-executor-1] INFO  server.RaftServer$Division (RaftServerImpl.java:requestVote(1416)) - d758e0a9-c5a1-4fd4-978f-3629e4af057b@group-A133DE54D1F1: receive requestVote(ELECTION, 9d1f9f5c-07b4-413f-b8b0-69aa045119d7, group-A133DE54D1F1, 1, (t:0, i:0))
2024-08-27 20:25:09,010 [grpc-default-executor-1] INFO  impl.VoteContext (VoteContext.java:log(49)) - d758e0a9-c5a1-4fd4-978f-3629e4af057b@group-A133DE54D1F1-FOLLOWER: accept ELECTION from 9d1f9f5c-07b4-413f-b8b0-69aa045119d7: our priority 0 <= candidate's priority 1
2024-08-27 20:25:09,010 [grpc-default-executor-1] INFO  server.RaftServer$Division (RaftServerImpl.java:setRole(376)) - d758e0a9-c5a1-4fd4-978f-3629e4af057b@group-A133DE54D1F1: changes role from  FOLLOWER to FOLLOWER at term 1 for candidate:9d1f9f5c-07b4-413f-b8b0-69aa045119d7
2024-08-27 20:25:09,010 [grpc-default-executor-1] INFO  impl.RoleInfo (RoleInfo.java:shutdownFollowerState(119)) - d758e0a9-c5a1-4fd4-978f-3629e4af057b: shutdown d758e0a9-c5a1-4fd4-978f-3629e4af057b@group-A133DE54D1F1-FollowerState
2024-08-27 20:25:09,010 [grpc-default-executor-1] INFO  impl.RoleInfo (RoleInfo.java:updateAndGet(148)) - d758e0a9-c5a1-4fd4-978f-3629e4af057b: start d758e0a9-c5a1-4fd4-978f-3629e4af057b@group-A133DE54D1F1-FollowerState
2024-08-27 20:25:09,010 [d758e0a9-c5a1-4fd4-978f-3629e4af057b@group-A133DE54D1F1-FollowerState] INFO  impl.FollowerState (FollowerState.java:run(153)) - d758e0a9-c5a1-4fd4-978f-3629e4af057b@group-A133DE54D1F1-FollowerState was interrupted
2024-08-27 20:25:09,011 [grpc-default-executor-1] INFO  server.RaftServer$Division (RaftServerImpl.java:setFirstElection(549)) - d758e0a9-c5a1-4fd4-978f-3629e4af057b@group-A133DE54D1F1: set firstElectionSinceStartup to false for candidate:9d1f9f5c-07b4-413f-b8b0-69aa045119d7
2024-08-27 20:25:09,012 [grpc-default-executor-0] INFO  server.RaftServer$Division (RaftServerImpl.java:requestVote(1449)) - b5b9165f-6528-4062-9715-63d706d5309e@group-A133DE54D1F1 replies to ELECTION vote request: 9d1f9f5c-07b4-413f-b8b0-69aa045119d7<-b5b9165f-6528-4062-9715-63d706d5309e#0:OK-t1. Peer's state: b5b9165f-6528-4062-9715-63d706d5309e@group-A133DE54D1F1:t1, leader=null, voted=9d1f9f5c-07b4-413f-b8b0-69aa045119d7, raftlog=Memoized:b5b9165f-6528-4062-9715-63d706d5309e@group-A133DE54D1F1-SegmentedRaftLog:OPENED:c-1:lastnull, conf=conf: {index: -1, cur=peers:[b5b9165f-6528-4062-9715-63d706d5309e|127.0.0.1:15012, d758e0a9-c5a1-4fd4-978f-3629e4af057b|127.0.0.1:15021, 9d1f9f5c-07b4-413f-b8b0-69aa045119d7|127.0.0.1:15030]|listeners:[], old=null}
2024-08-27 20:25:09,012 [grpc-default-executor-1] INFO  server.RaftServer$Division (RaftServerImpl.java:requestVote(1449)) - d758e0a9-c5a1-4fd4-978f-3629e4af057b@group-A133DE54D1F1 replies to ELECTION vote request: 9d1f9f5c-07b4-413f-b8b0-69aa045119d7<-d758e0a9-c5a1-4fd4-978f-3629e4af057b#0:OK-t1. Peer's state: d758e0a9-c5a1-4fd4-978f-3629e4af057b@group-A133DE54D1F1:t1, leader=null, voted=9d1f9f5c-07b4-413f-b8b0-69aa045119d7, raftlog=Memoized:d758e0a9-c5a1-4fd4-978f-3629e4af057b@group-A133DE54D1F1-SegmentedRaftLog:OPENED:c-1:lastnull, conf=conf: {index: -1, cur=peers:[b5b9165f-6528-4062-9715-63d706d5309e|127.0.0.1:15012, d758e0a9-c5a1-4fd4-978f-3629e4af057b|127.0.0.1:15021, 9d1f9f5c-07b4-413f-b8b0-69aa045119d7|127.0.0.1:15030]|listeners:[], old=null}
2024-08-27 20:25:09,013 [9d1f9f5c-07b4-413f-b8b0-69aa045119d7@group-A133DE54D1F1-LeaderElection4] INFO  impl.LeaderElection (LeaderElection.java:logAndReturn(89)) - 9d1f9f5c-07b4-413f-b8b0-69aa045119d7@group-A133DE54D1F1-LeaderElection4: ELECTION PASSED received 1 response(s) and 0 exception(s):
2024-08-27 20:25:09,013 [9d1f9f5c-07b4-413f-b8b0-69aa045119d7@group-A133DE54D1F1-LeaderElection4] INFO  impl.LeaderElection (LeaderElection.java:logAndReturn(93)) -   Response 0: 9d1f9f5c-07b4-413f-b8b0-69aa045119d7<-b5b9165f-6528-4062-9715-63d706d5309e#0:OK-t1
2024-08-27 20:25:09,013 [9d1f9f5c-07b4-413f-b8b0-69aa045119d7@group-A133DE54D1F1-LeaderElection4] INFO  impl.LeaderElection (LeaderElection.java:askForVotes(323)) - 9d1f9f5c-07b4-413f-b8b0-69aa045119d7@group-A133DE54D1F1-LeaderElection4 ELECTION round 0: result PASSED
2024-08-27 20:25:09,013 [9d1f9f5c-07b4-413f-b8b0-69aa045119d7@group-A133DE54D1F1-LeaderElection4] INFO  impl.RoleInfo (RoleInfo.java:shutdownLeaderElection(139)) - 9d1f9f5c-07b4-413f-b8b0-69aa045119d7: shutdown 9d1f9f5c-07b4-413f-b8b0-69aa045119d7@group-A133DE54D1F1-LeaderElection4
2024-08-27 20:25:09,014 [9d1f9f5c-07b4-413f-b8b0-69aa045119d7@group-A133DE54D1F1-LeaderElection4] INFO  server.RaftServer$Division (RaftServerImpl.java:setRole(376)) - 9d1f9f5c-07b4-413f-b8b0-69aa045119d7@group-A133DE54D1F1: changes role from CANDIDATE to LEADER at term 1 for changeToLeader
2024-08-27 20:25:09,014 [9d1f9f5c-07b4-413f-b8b0-69aa045119d7@group-A133DE54D1F1-LeaderElection4] INFO  server.RaftServerConfigKeys (ConfUtils.java:logGet(46)) - raft.server.staging.catchup.gap = 1000 (default)
2024-08-27 20:25:09,014 [9d1f9f5c-07b4-413f-b8b0-69aa045119d7@group-A133DE54D1F1-LeaderElection4] INFO  server.RaftServerConfigKeys (ConfUtils.java:logGet(46)) - raft.server.write.element-limit = 1024 (custom)
2024-08-27 20:25:09,014 [9d1f9f5c-07b4-413f-b8b0-69aa045119d7@group-A133DE54D1F1-LeaderElection4] INFO  server.RaftServerConfigKeys (ConfUtils.java:logGet(46)) - raft.server.write.byte-limit = 1024 M (=1073741824) (custom)
2024-08-27 20:25:09,014 [9d1f9f5c-07b4-413f-b8b0-69aa045119d7@group-A133DE54D1F1-LeaderElection4] INFO  server.RaftServerConfigKeys (ConfUtils.java:logGet(46)) - raft.server.watch.timeout = 30s (custom)
2024-08-27 20:25:09,014 [9d1f9f5c-07b4-413f-b8b0-69aa045119d7@group-A133DE54D1F1-LeaderElection4] INFO  server.RaftServerConfigKeys (ConfUtils.java:logGet(46)) - raft.server.watch.timeout.denomination = 1s (default)
2024-08-27 20:25:09,014 [9d1f9f5c-07b4-413f-b8b0-69aa045119d7@group-A133DE54D1F1-LeaderElection4] INFO  server.RaftServerConfigKeys (ConfUtils.java:logGet(46)) - raft.server.watch.element-limit = 65536 (default)
2024-08-27 20:25:09,015 [9d1f9f5c-07b4-413f-b8b0-69aa045119d7@group-A133DE54D1F1-LeaderElection4] INFO  server.RaftServerConfigKeys (ConfUtils.java:logGet(46)) - raft.server.read.leader.lease.enabled = false (default)
2024-08-27 20:25:09,015 [9d1f9f5c-07b4-413f-b8b0-69aa045119d7@group-A133DE54D1F1-LeaderElection4] INFO  server.RaftServerConfigKeys (ConfUtils.java:logGet(46)) - raft.server.read.leader.lease.timeout.ratio = 0.9 (default)
2024-08-27 20:25:09,015 [9d1f9f5c-07b4-413f-b8b0-69aa045119d7@group-A133DE54D1F1-LeaderElection4] INFO  server.RaftServerConfigKeys (ConfUtils.java:logGet(46)) - raft.server.rpc.timeout.min = 5s (custom)
2024-08-27 20:25:09,015 [9d1f9f5c-07b4-413f-b8b0-69aa045119d7@group-A133DE54D1F1-LeaderElection4] INFO  server.RaftServerConfigKeys (ConfUtils.java:logGet(46)) - raft.server.log.log-metadata.enabled = true (default)
2024-08-27 20:25:09,015 [9d1f9f5c-07b4-413f-b8b0-69aa045119d7@group-A133DE54D1F1-LeaderElection4] INFO  server.RaftServerConfigKeys (ConfUtils.java:logGet(46)) - raft.server.write.element-limit = 1024 (custom)
2024-08-27 20:25:09,015 [9d1f9f5c-07b4-413f-b8b0-69aa045119d7@group-A133DE54D1F1-LeaderElection4] INFO  server.RaftServerConfigKeys (ConfUtils.java:logGet(46)) - raft.server.write.follower.gap.ratio.max = -1.0 (default)
2024-08-27 20:25:09,022 [9d1f9f5c-07b4-413f-b8b0-69aa045119d7@group-A133DE54D1F1-LeaderElection4] INFO  server.RaftServerConfigKeys (ConfUtils.java:logGet(46)) - raft.server.log.appender.snapshot.chunk.size.max = 16MB (=16777216) (default)
2024-08-27 20:25:09,023 [9d1f9f5c-07b4-413f-b8b0-69aa045119d7@group-A133DE54D1F1-LeaderElection4] INFO  server.RaftServerConfigKeys (ConfUtils.java:logGet(46)) - raft.server.log.appender.buffer.byte-limit = 8388608 (custom)
2024-08-27 20:25:09,023 [9d1f9f5c-07b4-413f-b8b0-69aa045119d7@group-A133DE54D1F1-LeaderElection4] INFO  server.RaftServerConfigKeys (ConfUtils.java:logGet(46)) - raft.server.log.appender.buffer.element-limit = 1024 (custom)
2024-08-27 20:25:09,024 [9d1f9f5c-07b4-413f-b8b0-69aa045119d7@group-A133DE54D1F1-LeaderElection4] INFO  server.RaftServerConfigKeys (ConfUtils.java:logGet(46)) - raft.server.log.appender.wait-time.min = 0μs (custom)
2024-08-27 20:25:09,025 [9d1f9f5c-07b4-413f-b8b0-69aa045119d7@group-A133DE54D1F1-LeaderElection4] INFO  grpc.GrpcConfigKeys (ConfUtils.java:logGet(46)) - raft.grpc.server.leader.outstanding.appends.max = 8 (default)
2024-08-27 20:25:09,025 [9d1f9f5c-07b4-413f-b8b0-69aa045119d7@group-A133DE54D1F1-LeaderElection4] INFO  server.RaftServerConfigKeys (ConfUtils.java:logGet(46)) - raft.server.rpc.request.timeout = 60s (custom)
2024-08-27 20:25:09,026 [9d1f9f5c-07b4-413f-b8b0-69aa045119d7@group-A133DE54D1F1-LeaderElection4] INFO  grpc.GrpcConfigKeys (ConfUtils.java:logGet(46)) - raft.grpc.server.install_snapshot.request.element-limit = 8 (default)
2024-08-27 20:25:09,026 [9d1f9f5c-07b4-413f-b8b0-69aa045119d7@group-A133DE54D1F1-LeaderElection4] INFO  grpc.GrpcConfigKeys (ConfUtils.java:logGet(46)) - raft.grpc.server.install_snapshot.request.timeout = 3000ms (default)
2024-08-27 20:25:09,026 [9d1f9f5c-07b4-413f-b8b0-69aa045119d7@group-A133DE54D1F1-LeaderElection4] INFO  grpc.GrpcConfigKeys (ConfUtils.java:logGet(46)) - raft.grpc.server.log-message.batch.duration = 5s (default)
2024-08-27 20:25:09,026 [9d1f9f5c-07b4-413f-b8b0-69aa045119d7@group-A133DE54D1F1-LeaderElection4] INFO  server.RaftServerConfigKeys (ConfUtils.java:logGet(46)) - raft.server.log.appender.install.snapshot.enabled = false (custom)
2024-08-27 20:25:09,030 [9d1f9f5c-07b4-413f-b8b0-69aa045119d7@group-A133DE54D1F1-LeaderElection4] INFO  grpc.GrpcConfigKeys (ConfUtils.java:logGet(46)) - raft.grpc.server.heartbeat.channel = true (default)
2024-08-27 20:25:09,033 [9d1f9f5c-07b4-413f-b8b0-69aa045119d7@group-A133DE54D1F1-LeaderElection4] INFO  server.RaftServerConfigKeys (ConfUtils.java:logGet(46)) - raft.server.log.appender.snapshot.chunk.size.max = 16MB (=16777216) (default)
2024-08-27 20:25:09,034 [9d1f9f5c-07b4-413f-b8b0-69aa045119d7@group-A133DE54D1F1-LeaderElection4] INFO  server.RaftServerConfigKeys (ConfUtils.java:logGet(46)) - raft.server.log.appender.buffer.byte-limit = 8388608 (custom)
2024-08-27 20:25:09,034 [9d1f9f5c-07b4-413f-b8b0-69aa045119d7@group-A133DE54D1F1-LeaderElection4] INFO  server.RaftServerConfigKeys (ConfUtils.java:logGet(46)) - raft.server.log.appender.buffer.element-limit = 1024 (custom)
2024-08-27 20:25:09,035 [9d1f9f5c-07b4-413f-b8b0-69aa045119d7@group-A133DE54D1F1-LeaderElection4] INFO  server.RaftServerConfigKeys (ConfUtils.java:logGet(46)) - raft.server.log.appender.wait-time.min = 0μs (custom)
2024-08-27 20:25:09,036 [9d1f9f5c-07b4-413f-b8b0-69aa045119d7@group-A133DE54D1F1-LeaderElection4] INFO  grpc.GrpcConfigKeys (ConfUtils.java:logGet(46)) - raft.grpc.server.leader.outstanding.appends.max = 8 (default)
2024-08-27 20:25:09,036 [9d1f9f5c-07b4-413f-b8b0-69aa045119d7@group-A133DE54D1F1-LeaderElection4] INFO  server.RaftServerConfigKeys (ConfUtils.java:logGet(46)) - raft.server.rpc.request.timeout = 60s (custom)
2024-08-27 20:25:09,036 [9d1f9f5c-07b4-413f-b8b0-69aa045119d7@group-A133DE54D1F1-LeaderElection4] INFO  grpc.GrpcConfigKeys (ConfUtils.java:logGet(46)) - raft.grpc.server.install_snapshot.request.element-limit = 8 (default)
2024-08-27 20:25:09,037 [9d1f9f5c-07b4-413f-b8b0-69aa045119d7@group-A133DE54D1F1-LeaderElection4] INFO  grpc.GrpcConfigKeys (ConfUtils.java:logGet(46)) - raft.grpc.server.install_snapshot.request.timeout = 3000ms (default)
2024-08-27 20:25:09,038 [9d1f9f5c-07b4-413f-b8b0-69aa045119d7@group-A133DE54D1F1-LeaderElection4] INFO  grpc.GrpcConfigKeys (ConfUtils.java:logGet(46)) - raft.grpc.server.log-message.batch.duration = 5s (default)
2024-08-27 20:25:09,038 [9d1f9f5c-07b4-413f-b8b0-69aa045119d7@group-A133DE54D1F1-LeaderElection4] INFO  server.RaftServerConfigKeys (ConfUtils.java:logGet(46)) - raft.server.log.appender.install.snapshot.enabled = false (custom)
2024-08-27 20:25:09,038 [9d1f9f5c-07b4-413f-b8b0-69aa045119d7@group-A133DE54D1F1-LeaderElection4] INFO  grpc.GrpcConfigKeys (ConfUtils.java:logGet(46)) - raft.grpc.server.heartbeat.channel = true (default)
2024-08-27 20:25:09,039 [9d1f9f5c-07b4-413f-b8b0-69aa045119d7@group-A133DE54D1F1-LeaderElection4] INFO  impl.RoleInfo (RoleInfo.java:updateAndGet(148)) - 9d1f9f5c-07b4-413f-b8b0-69aa045119d7: start 9d1f9f5c-07b4-413f-b8b0-69aa045119d7@group-A133DE54D1F1-LeaderStateImpl
2024-08-27 20:25:09,040 [9d1f9f5c-07b4-413f-b8b0-69aa045119d7@group-A133DE54D1F1-LeaderElection4] INFO  server.RaftServer$Division (RaftServerImpl.java:setFirstElection(549)) - 9d1f9f5c-07b4-413f-b8b0-69aa045119d7@group-A133DE54D1F1: set firstElectionSinceStartup to false for becomeLeader
2024-08-27 20:25:09,041 [9d1f9f5c-07b4-413f-b8b0-69aa045119d7@group-A133DE54D1F1-LeaderElection4] INFO  ratis.XceiverServerRatis (XceiverServerRatis.java:handleLeaderChangedNotification(950)) - Leader change notification received for group: group-A133DE54D1F1 with new leaderId: 9d1f9f5c-07b4-413f-b8b0-69aa045119d7
2024-08-27 20:25:09,041 [9d1f9f5c-07b4-413f-b8b0-69aa045119d7@group-A133DE54D1F1-LeaderElection4] INFO  server.RaftServer$Division (ServerState.java:setLeader(272)) - 9d1f9f5c-07b4-413f-b8b0-69aa045119d7@group-A133DE54D1F1: change Leader from null to 9d1f9f5c-07b4-413f-b8b0-69aa045119d7 at term 1 for becomeLeader, leader elected after 5149ms
2024-08-27 20:25:09,042 [9d1f9f5c-07b4-413f-b8b0-69aa045119d7@group-A133DE54D1F1-LeaderElection4] INFO  segmented.SegmentedRaftLogWorker (SegmentedRaftLogWorker.java:startLogSegment(433)) - 9d1f9f5c-07b4-413f-b8b0-69aa045119d7@group-A133DE54D1F1-SegmentedRaftLogWorker: Starting segment from index:0
2024-08-27 20:25:09,043 [9d1f9f5c-07b4-413f-b8b0-69aa045119d7@group-A133DE54D1F1-SegmentedRaftLogWorker] INFO  segmented.BufferedWriteChannel (BufferedWriteChannel.java:open(61)) - open log_inprogress_0 at position 0
2024-08-27 20:25:09,043 [9d1f9f5c-07b4-413f-b8b0-69aa045119d7@group-A133DE54D1F1-LeaderElection4] INFO  server.RaftServer$Division (ServerState.java:setRaftConf(386)) - 9d1f9f5c-07b4-413f-b8b0-69aa045119d7@group-A133DE54D1F1: set configuration conf: {index: 0, cur=peers:[b5b9165f-6528-4062-9715-63d706d5309e|127.0.0.1:15012, d758e0a9-c5a1-4fd4-978f-3629e4af057b|127.0.0.1:15021, 9d1f9f5c-07b4-413f-b8b0-69aa045119d7|127.0.0.1:15030]|listeners:[], old=null}
2024-08-27 20:25:09,044 [EventQueue-PipelineReportForPipelineReportHandler] INFO  pipeline.PipelineReportHandler (PipelineReportHandler.java:processPipelineReport(136)) - Opened pipeline PipelineID=72884548-1830-4112-954e-a133de54d1f1
2024-08-27 20:25:09,044 [EventQueue-OpenPipelineForHealthyPipelineSafeModeRule] INFO  safemode.SCMSafeModeManager (HealthyPipelineSafeModeRule.java:process(140)) - SCM in safe mode. Healthy pipelines reported count is 1, required healthy pipeline reported count is 1
2024-08-27 20:25:09,044 [EventQueue-OpenPipelineForHealthyPipelineSafeModeRule] INFO  safemode.SCMSafeModeManager (SCMSafeModeManager.java:validateSafeModeExitRules(203)) - HealthyPipelineSafeModeRule rule is successfully validated
2024-08-27 20:25:09,045 [EventQueue-OpenPipelineForHealthyPipelineSafeModeRule] INFO  safemode.SCMSafeModeManager (SCMSafeModeManager.java:validateSafeModeExitRules(218)) - ScmSafeModeManager, all rules are successfully validated
2024-08-27 20:25:09,045 [EventQueue-OpenPipelineForHealthyPipelineSafeModeRule] INFO  safemode.SCMSafeModeManager (SCMSafeModeManager.java:exitSafeMode(248)) - SCM exiting safe mode.
2024-08-27 20:25:09,045 [EventQueue-OpenPipelineForHealthyPipelineSafeModeRule] INFO  ha.SCMContext (SCMContext.java:updateSafeModeStatus(225)) - Update SafeModeStatus from SafeModeStatus{safeModeStatus=true, preCheckPassed=true} to SafeModeStatus{safeModeStatus=false, preCheckPassed=true}.
2024-08-27 20:25:09,045 [EventQueue-OpenPipelineForHealthyPipelineSafeModeRule] INFO  pipeline.BackgroundPipelineCreator (BackgroundPipelineCreator.java:notifyStatusChanged(258)) - Service BackgroundPipelineCreator transitions to RUNNING.
2024-08-27 20:25:09,045 [EventQueue-OpenPipelineForHealthyPipelineSafeModeRule] INFO  BackgroundPipelineScrubber (BackgroundSCMService.java:notifyStatusChanged(79)) - Service BackgroundPipelineScrubber transitions to RUNNING.
2024-08-27 20:25:09,045 [EventQueue-OpenPipelineForHealthyPipelineSafeModeRule] INFO  ExpiredContainerReplicaOpScrubber (BackgroundSCMService.java:notifyStatusChanged(79)) - Service ExpiredContainerReplicaOpScrubber transitions to RUNNING.
2024-08-27 20:25:09,045 [EventQueue-OpenPipelineForHealthyPipelineSafeModeRule] INFO  block.SCMBlockDeletingService (SCMBlockDeletingService.java:notifyStatusChanged(247)) - notifyStatusChanged:RUNNING
2024-08-27 20:25:09,045 [EventQueue-OpenPipelineForHealthyPipelineSafeModeRule] INFO  replication.ReplicationManager (ReplicationManager.java:notifyStatusChanged(1406)) - Service ReplicationManager transitions to RUNNING.
2024-08-27 20:25:09,049 [EventQueue-OpenPipelineForHealthyPipelineSafeModeRule] WARN  balancer.ContainerBalancer (ContainerBalancer.java:shouldRun(136)) - Could not find persisted configuration for ContainerBalancer when checking if ContainerBalancer should run. ContainerBalancer should not run now.
2024-08-27 20:25:09,054 [9d1f9f5c-07b4-413f-b8b0-69aa045119d7@group-A133DE54D1F1-SegmentedRaftLogWorker] INFO  segmented.SegmentedRaftLogWorker (SegmentedRaftLogWorker.java:execute(637)) - 9d1f9f5c-07b4-413f-b8b0-69aa045119d7@group-A133DE54D1F1-SegmentedRaftLogWorker: created new log segment /home/runner/work/ozone/ozone/hadoop-ozone/integration-test/target/test-dir/MiniOzoneClusterImpl-2855d785-c18f-47a1-bcca-44ce8ce60223/ozone-meta/datanode-3/ratis/72884548-1830-4112-954e-a133de54d1f1/current/log_inprogress_0
2024-08-27 20:25:09,073 [d758e0a9-c5a1-4fd4-978f-3629e4af057b-server-thread1] INFO  ratis.XceiverServerRatis (XceiverServerRatis.java:handleLeaderChangedNotification(950)) - Leader change notification received for group: group-A133DE54D1F1 with new leaderId: 9d1f9f5c-07b4-413f-b8b0-69aa045119d7
2024-08-27 20:25:09,073 [d758e0a9-c5a1-4fd4-978f-3629e4af057b-server-thread1] INFO  server.RaftServer$Division (ServerState.java:setLeader(272)) - d758e0a9-c5a1-4fd4-978f-3629e4af057b@group-A133DE54D1F1: change Leader from null to 9d1f9f5c-07b4-413f-b8b0-69aa045119d7 at term 1 for appendEntries, leader elected after 5088ms
2024-08-27 20:25:09,082 [b5b9165f-6528-4062-9715-63d706d5309e-server-thread1] INFO  ratis.XceiverServerRatis (XceiverServerRatis.java:handleLeaderChangedNotification(950)) - Leader change notification received for group: group-A133DE54D1F1 with new leaderId: 9d1f9f5c-07b4-413f-b8b0-69aa045119d7
2024-08-27 20:25:09,082 [b5b9165f-6528-4062-9715-63d706d5309e-server-thread1] INFO  server.RaftServer$Division (ServerState.java:setLeader(272)) - b5b9165f-6528-4062-9715-63d706d5309e@group-A133DE54D1F1: change Leader from null to 9d1f9f5c-07b4-413f-b8b0-69aa045119d7 at term 1 for appendEntries, leader elected after 5475ms
2024-08-27 20:25:09,098 [d758e0a9-c5a1-4fd4-978f-3629e4af057b-server-thread3] INFO  server.RaftServer$Division (ServerState.java:setRaftConf(386)) - d758e0a9-c5a1-4fd4-978f-3629e4af057b@group-A133DE54D1F1: set configuration conf: {index: 0, cur=peers:[b5b9165f-6528-4062-9715-63d706d5309e|127.0.0.1:15012, d758e0a9-c5a1-4fd4-978f-3629e4af057b|127.0.0.1:15021, 9d1f9f5c-07b4-413f-b8b0-69aa045119d7|127.0.0.1:15030]|listeners:[], old=null}
2024-08-27 20:25:09,098 [b5b9165f-6528-4062-9715-63d706d5309e-server-thread2] INFO  server.RaftServer$Division (ServerState.java:setRaftConf(386)) - b5b9165f-6528-4062-9715-63d706d5309e@group-A133DE54D1F1: set configuration conf: {index: 0, cur=peers:[b5b9165f-6528-4062-9715-63d706d5309e|127.0.0.1:15012, d758e0a9-c5a1-4fd4-978f-3629e4af057b|127.0.0.1:15021, 9d1f9f5c-07b4-413f-b8b0-69aa045119d7|127.0.0.1:15030]|listeners:[], old=null}
2024-08-27 20:25:09,101 [b5b9165f-6528-4062-9715-63d706d5309e-server-thread2] INFO  segmented.SegmentedRaftLogWorker (SegmentedRaftLogWorker.java:startLogSegment(433)) - b5b9165f-6528-4062-9715-63d706d5309e@group-A133DE54D1F1-SegmentedRaftLogWorker: Starting segment from index:0
2024-08-27 20:25:09,101 [b5b9165f-6528-4062-9715-63d706d5309e@group-A133DE54D1F1-SegmentedRaftLogWorker] INFO  segmented.BufferedWriteChannel (BufferedWriteChannel.java:open(61)) - open log_inprogress_0 at position 0
2024-08-27 20:25:09,106 [d758e0a9-c5a1-4fd4-978f-3629e4af057b-server-thread3] INFO  segmented.SegmentedRaftLogWorker (SegmentedRaftLogWorker.java:startLogSegment(433)) - d758e0a9-c5a1-4fd4-978f-3629e4af057b@group-A133DE54D1F1-SegmentedRaftLogWorker: Starting segment from index:0
2024-08-27 20:25:09,107 [d758e0a9-c5a1-4fd4-978f-3629e4af057b@group-A133DE54D1F1-SegmentedRaftLogWorker] INFO  segmented.BufferedWriteChannel (BufferedWriteChannel.java:open(61)) - open log_inprogress_0 at position 0
2024-08-27 20:25:09,117 [b5b9165f-6528-4062-9715-63d706d5309e@group-A133DE54D1F1-SegmentedRaftLogWorker] INFO  segmented.SegmentedRaftLogWorker (SegmentedRaftLogWorker.java:execute(637)) - b5b9165f-6528-4062-9715-63d706d5309e@group-A133DE54D1F1-SegmentedRaftLogWorker: created new log segment /home/runner/work/ozone/ozone/hadoop-ozone/integration-test/target/test-dir/MiniOzoneClusterImpl-2855d785-c18f-47a1-bcca-44ce8ce60223/ozone-meta/datanode-1/ratis/72884548-1830-4112-954e-a133de54d1f1/current/log_inprogress_0
2024-08-27 20:25:09,117 [d758e0a9-c5a1-4fd4-978f-3629e4af057b@group-A133DE54D1F1-SegmentedRaftLogWorker] INFO  segmented.SegmentedRaftLogWorker (SegmentedRaftLogWorker.java:execute(637)) - d758e0a9-c5a1-4fd4-978f-3629e4af057b@group-A133DE54D1F1-SegmentedRaftLogWorker: created new log segment /home/runner/work/ozone/ozone/hadoop-ozone/integration-test/target/test-dir/MiniOzoneClusterImpl-2855d785-c18f-47a1-bcca-44ce8ce60223/ozone-meta/datanode-2/ratis/72884548-1830-4112-954e-a133de54d1f1/current/log_inprogress_0
2024-08-27 20:25:09,124 [9d1f9f5c-07b4-413f-b8b0-69aa045119d7@group-A133DE54D1F1-StateMachineUpdater] INFO  server.RaftServer$Division (LeaderStateImpl.java:checkStartIndex(316)) - Leader 9d1f9f5c-07b4-413f-b8b0-69aa045119d7@group-A133DE54D1F1-LeaderStateImpl is ready since appliedIndex == startIndex == 0
2024-08-27 20:25:09,178 [b5b9165f-6528-4062-9715-63d706d5309e@group-F6D99EDA5A21-FollowerState] INFO  impl.FollowerState (FollowerState.java:run(144)) - b5b9165f-6528-4062-9715-63d706d5309e@group-F6D99EDA5A21-FollowerState: change to CANDIDATE, lastRpcElapsedTime:5082945619ns, electionTimeout:5080ms
2024-08-27 20:25:09,178 [b5b9165f-6528-4062-9715-63d706d5309e@group-F6D99EDA5A21-FollowerState] INFO  impl.RoleInfo (RoleInfo.java:shutdownFollowerState(119)) - b5b9165f-6528-4062-9715-63d706d5309e: shutdown b5b9165f-6528-4062-9715-63d706d5309e@group-F6D99EDA5A21-FollowerState
2024-08-27 20:25:09,179 [b5b9165f-6528-4062-9715-63d706d5309e@group-F6D99EDA5A21-FollowerState] INFO  server.RaftServer$Division (RaftServerImpl.java:setRole(376)) - b5b9165f-6528-4062-9715-63d706d5309e@group-F6D99EDA5A21: changes role from  FOLLOWER to CANDIDATE at term 0 for changeToCandidate
2024-08-27 20:25:09,179 [b5b9165f-6528-4062-9715-63d706d5309e@group-F6D99EDA5A21-FollowerState] INFO  server.RaftServerConfigKeys (ConfUtils.java:logGet(46)) - raft.server.leaderelection.pre-vote = true (default)
2024-08-27 20:25:09,179 [b5b9165f-6528-4062-9715-63d706d5309e@group-F6D99EDA5A21-FollowerState] INFO  impl.RoleInfo (RoleInfo.java:updateAndGet(148)) - b5b9165f-6528-4062-9715-63d706d5309e: start b5b9165f-6528-4062-9715-63d706d5309e@group-F6D99EDA5A21-LeaderElection5
2024-08-27 20:25:09,179 [b5b9165f-6528-4062-9715-63d706d5309e@group-F6D99EDA5A21-LeaderElection5] INFO  impl.LeaderElection (LeaderElection.java:askForVotes(321)) - b5b9165f-6528-4062-9715-63d706d5309e@group-F6D99EDA5A21-LeaderElection5 PRE_VOTE round 0: submit vote requests at term 0 for conf: {index: -1, cur=peers:[b5b9165f-6528-4062-9715-63d706d5309e|127.0.0.1:15012, d758e0a9-c5a1-4fd4-978f-3629e4af057b|127.0.0.1:15021, 9d1f9f5c-07b4-413f-b8b0-69aa045119d7|127.0.0.1:15030]|listeners:[], old=null}
2024-08-27 20:25:09,180 [b5b9165f-6528-4062-9715-63d706d5309e@group-F6D99EDA5A21-LeaderElection5] INFO  server.RaftServerConfigKeys (ConfUtils.java:logFallback(53)) - raft.server.rpc.first-election.timeout.min = 5s (fallback to raft.server.rpc.timeout.min)
2024-08-27 20:25:09,180 [b5b9165f-6528-4062-9715-63d706d5309e@group-F6D99EDA5A21-LeaderElection5] INFO  server.RaftServerConfigKeys (ConfUtils.java:logFallback(53)) - raft.server.rpc.first-election.timeout.max = 5200ms (fallback to raft.server.rpc.timeout.max)
2024-08-27 20:25:09,183 [grpc-default-executor-0] INFO  server.RaftServer$Division (RaftServerImpl.java:requestVote(1416)) - 9d1f9f5c-07b4-413f-b8b0-69aa045119d7@group-F6D99EDA5A21: receive requestVote(PRE_VOTE, b5b9165f-6528-4062-9715-63d706d5309e, group-F6D99EDA5A21, 0, (t:0, i:0))
2024-08-27 20:25:09,183 [grpc-default-executor-0] INFO  impl.VoteContext (VoteContext.java:log(49)) - 9d1f9f5c-07b4-413f-b8b0-69aa045119d7@group-F6D99EDA5A21-FOLLOWER: accept PRE_VOTE from b5b9165f-6528-4062-9715-63d706d5309e: our priority 0 <= candidate's priority 1
2024-08-27 20:25:09,183 [grpc-default-executor-0] INFO  server.RaftServer$Division (RaftServerImpl.java:requestVote(1449)) - 9d1f9f5c-07b4-413f-b8b0-69aa045119d7@group-F6D99EDA5A21 replies to PRE_VOTE vote request: b5b9165f-6528-4062-9715-63d706d5309e<-9d1f9f5c-07b4-413f-b8b0-69aa045119d7#0:OK-t0. Peer's state: 9d1f9f5c-07b4-413f-b8b0-69aa045119d7@group-F6D99EDA5A21:t0, leader=null, voted=, raftlog=Memoized:9d1f9f5c-07b4-413f-b8b0-69aa045119d7@group-F6D99EDA5A21-SegmentedRaftLog:OPENED:c-1:lastnull, conf=conf: {index: -1, cur=peers:[b5b9165f-6528-4062-9715-63d706d5309e|127.0.0.1:15012, d758e0a9-c5a1-4fd4-978f-3629e4af057b|127.0.0.1:15021, 9d1f9f5c-07b4-413f-b8b0-69aa045119d7|127.0.0.1:15030]|listeners:[], old=null}
2024-08-27 20:25:09,184 [main] INFO  ozone.MiniOzoneClusterImpl (MiniOzoneClusterImpl.java:lambda$waitForClusterToBeReady$0(198)) - Nodes are ready. Got 5 of 5 DN Heartbeats.
2024-08-27 20:25:09,184 [main] INFO  ozone.MiniOzoneClusterImpl (MiniOzoneClusterImpl.java:lambda$waitForClusterToBeReady$0(201)) - Cluster exits safe mode
2024-08-27 20:25:09,184 [main] INFO  ozone.MiniOzoneClusterImpl (MiniOzoneClusterImpl.java:lambda$waitForClusterToBeReady$0(203)) - SCM became leader
2024-08-27 20:25:09,183 [grpc-default-executor-2] INFO  server.RaftServer$Division (RaftServerImpl.java:requestVote(1416)) - d758e0a9-c5a1-4fd4-978f-3629e4af057b@group-F6D99EDA5A21: receive requestVote(PRE_VOTE, b5b9165f-6528-4062-9715-63d706d5309e, group-F6D99EDA5A21, 0, (t:0, i:0))
2024-08-27 20:25:09,186 [grpc-default-executor-2] INFO  impl.VoteContext (VoteContext.java:log(49)) - d758e0a9-c5a1-4fd4-978f-3629e4af057b@group-F6D99EDA5A21-FOLLOWER: accept PRE_VOTE from b5b9165f-6528-4062-9715-63d706d5309e: our priority 0 <= candidate's priority 1
2024-08-27 20:25:09,187 [grpc-default-executor-2] INFO  server.RaftServer$Division (RaftServerImpl.java:requestVote(1449)) - d758e0a9-c5a1-4fd4-978f-3629e4af057b@group-F6D99EDA5A21 replies to PRE_VOTE vote request: b5b9165f-6528-4062-9715-63d706d5309e<-d758e0a9-c5a1-4fd4-978f-3629e4af057b#0:OK-t0. Peer's state: d758e0a9-c5a1-4fd4-978f-3629e4af057b@group-F6D99EDA5A21:t0, leader=null, voted=, raftlog=Memoized:d758e0a9-c5a1-4fd4-978f-3629e4af057b@group-F6D99EDA5A21-SegmentedRaftLog:OPENED:c-1:lastnull, conf=conf: {index: -1, cur=peers:[b5b9165f-6528-4062-9715-63d706d5309e|127.0.0.1:15012, d758e0a9-c5a1-4fd4-978f-3629e4af057b|127.0.0.1:15021, 9d1f9f5c-07b4-413f-b8b0-69aa045119d7|127.0.0.1:15030]|listeners:[], old=null}
2024-08-27 20:25:09,189 [b5b9165f-6528-4062-9715-63d706d5309e@group-F6D99EDA5A21-LeaderElection5] INFO  impl.LeaderElection (LeaderElection.java:logAndReturn(89)) - b5b9165f-6528-4062-9715-63d706d5309e@group-F6D99EDA5A21-LeaderElection5: PRE_VOTE PASSED received 1 response(s) and 0 exception(s):
2024-08-27 20:25:09,189 [b5b9165f-6528-4062-9715-63d706d5309e@group-F6D99EDA5A21-LeaderElection5] INFO  impl.LeaderElection (LeaderElection.java:logAndReturn(93)) -   Response 0: b5b9165f-6528-4062-9715-63d706d5309e<-9d1f9f5c-07b4-413f-b8b0-69aa045119d7#0:OK-t0
2024-08-27 20:25:09,189 [b5b9165f-6528-4062-9715-63d706d5309e@group-F6D99EDA5A21-LeaderElection5] INFO  impl.LeaderElection (LeaderElection.java:askForVotes(323)) - b5b9165f-6528-4062-9715-63d706d5309e@group-F6D99EDA5A21-LeaderElection5 PRE_VOTE round 0: result PASSED
2024-08-27 20:25:09,191 [b5b9165f-6528-4062-9715-63d706d5309e@group-F6D99EDA5A21-LeaderElection5] INFO  impl.LeaderElection (LeaderElection.java:askForVotes(321)) - b5b9165f-6528-4062-9715-63d706d5309e@group-F6D99EDA5A21-LeaderElection5 ELECTION round 0: submit vote requests at term 1 for conf: {index: -1, cur=peers:[b5b9165f-6528-4062-9715-63d706d5309e|127.0.0.1:15012, d758e0a9-c5a1-4fd4-978f-3629e4af057b|127.0.0.1:15021, 9d1f9f5c-07b4-413f-b8b0-69aa045119d7|127.0.0.1:15030]|listeners:[], old=null}
2024-08-27 20:25:09,200 [grpc-default-executor-2] INFO  server.RaftServer$Division (RaftServerImpl.java:requestVote(1416)) - d758e0a9-c5a1-4fd4-978f-3629e4af057b@group-F6D99EDA5A21: receive requestVote(ELECTION, b5b9165f-6528-4062-9715-63d706d5309e, group-F6D99EDA5A21, 1, (t:0, i:0))
2024-08-27 20:25:09,200 [grpc-default-executor-2] INFO  impl.VoteContext (VoteContext.java:log(49)) - d758e0a9-c5a1-4fd4-978f-3629e4af057b@group-F6D99EDA5A21-FOLLOWER: accept ELECTION from b5b9165f-6528-4062-9715-63d706d5309e: our priority 0 <= candidate's priority 1
2024-08-27 20:25:09,200 [grpc-default-executor-2] INFO  server.RaftServer$Division (RaftServerImpl.java:setRole(376)) - d758e0a9-c5a1-4fd4-978f-3629e4af057b@group-F6D99EDA5A21: changes role from  FOLLOWER to FOLLOWER at term 1 for candidate:b5b9165f-6528-4062-9715-63d706d5309e
2024-08-27 20:25:09,200 [grpc-default-executor-2] INFO  impl.RoleInfo (RoleInfo.java:shutdownFollowerState(119)) - d758e0a9-c5a1-4fd4-978f-3629e4af057b: shutdown d758e0a9-c5a1-4fd4-978f-3629e4af057b@group-F6D99EDA5A21-FollowerState
2024-08-27 20:25:09,200 [grpc-default-executor-2] INFO  impl.RoleInfo (RoleInfo.java:updateAndGet(148)) - d758e0a9-c5a1-4fd4-978f-3629e4af057b: start d758e0a9-c5a1-4fd4-978f-3629e4af057b@group-F6D99EDA5A21-FollowerState
2024-08-27 20:25:09,200 [d758e0a9-c5a1-4fd4-978f-3629e4af057b@group-F6D99EDA5A21-FollowerState] INFO  impl.FollowerState (FollowerState.java:run(153)) - d758e0a9-c5a1-4fd4-978f-3629e4af057b@group-F6D99EDA5A21-FollowerState was interrupted
2024-08-27 20:25:09,207 [d758e0a9-c5a1-4fd4-978f-3629e4af057b@group-E69CFC028817-FollowerState] INFO  impl.FollowerState (FollowerState.java:run(144)) - d758e0a9-c5a1-4fd4-978f-3629e4af057b@group-E69CFC028817-FollowerState: change to CANDIDATE, lastRpcElapsedTime:5116221497ns, electionTimeout:5109ms
2024-08-27 20:25:09,207 [d758e0a9-c5a1-4fd4-978f-3629e4af057b@group-E69CFC028817-FollowerState] INFO  impl.RoleInfo (RoleInfo.java:shutdownFollowerState(119)) - d758e0a9-c5a1-4fd4-978f-3629e4af057b: shutdown d758e0a9-c5a1-4fd4-978f-3629e4af057b@group-E69CFC028817-FollowerState
2024-08-27 20:25:09,207 [9d1f9f5c-07b4-413f-b8b0-69aa045119d7@group-F6D99EDA5A21-FollowerState] INFO  server.RaftServerConfigKeys (ConfUtils.java:logFallback(53)) - raft.server.rpc.first-election.timeout.min = 5s (fallback to raft.server.rpc.timeout.min)
2024-08-27 20:25:09,207 [9d1f9f5c-07b4-413f-b8b0-69aa045119d7@group-F6D99EDA5A21-FollowerState] INFO  server.RaftServerConfigKeys (ConfUtils.java:logFallback(53)) - raft.server.rpc.first-election.timeout.max = 5200ms (fallback to raft.server.rpc.timeout.max)
2024-08-27 20:25:09,207 [d758e0a9-c5a1-4fd4-978f-3629e4af057b@group-E69CFC028817-FollowerState] INFO  server.RaftServer$Division (RaftServerImpl.java:setRole(376)) - d758e0a9-c5a1-4fd4-978f-3629e4af057b@group-E69CFC028817: changes role from  FOLLOWER to CANDIDATE at term 0 for changeToCandidate
2024-08-27 20:25:09,207 [d758e0a9-c5a1-4fd4-978f-3629e4af057b@group-E69CFC028817-FollowerState] INFO  server.RaftServerConfigKeys (ConfUtils.java:logGet(46)) - raft.server.leaderelection.pre-vote = true (default)
2024-08-27 20:25:09,207 [d758e0a9-c5a1-4fd4-978f-3629e4af057b@group-E69CFC028817-FollowerState] INFO  impl.RoleInfo (RoleInfo.java:updateAndGet(148)) - d758e0a9-c5a1-4fd4-978f-3629e4af057b: start d758e0a9-c5a1-4fd4-978f-3629e4af057b@group-E69CFC028817-LeaderElection6
2024-08-27 20:25:09,208 [b5b9165f-6528-4062-9715-63d706d5309e@group-F6D99EDA5A21-LeaderElection5] INFO  server.RaftServerConfigKeys (ConfUtils.java:logFallback(53)) - raft.server.rpc.first-election.timeout.min = 5s (fallback to raft.server.rpc.timeout.min)
2024-08-27 20:25:09,208 [b5b9165f-6528-4062-9715-63d706d5309e@group-F6D99EDA5A21-LeaderElection5] INFO  server.RaftServerConfigKeys (ConfUtils.java:logFallback(53)) - raft.server.rpc.first-election.timeout.max = 5200ms (fallback to raft.server.rpc.timeout.max)
2024-08-27 20:25:09,208 [grpc-default-executor-0] INFO  server.RaftServer$Division (RaftServerImpl.java:requestVote(1416)) - 9d1f9f5c-07b4-413f-b8b0-69aa045119d7@group-F6D99EDA5A21: receive requestVote(ELECTION, b5b9165f-6528-4062-9715-63d706d5309e, group-F6D99EDA5A21, 1, (t:0, i:0))
2024-08-27 20:25:09,208 [grpc-default-executor-0] INFO  impl.VoteContext (VoteContext.java:log(49)) - 9d1f9f5c-07b4-413f-b8b0-69aa045119d7@group-F6D99EDA5A21-FOLLOWER: accept ELECTION from b5b9165f-6528-4062-9715-63d706d5309e: our priority 0 <= candidate's priority 1
2024-08-27 20:25:09,209 [grpc-default-executor-0] INFO  server.RaftServer$Division (RaftServerImpl.java:setRole(376)) - 9d1f9f5c-07b4-413f-b8b0-69aa045119d7@group-F6D99EDA5A21: changes role from  FOLLOWER to FOLLOWER at term 1 for candidate:b5b9165f-6528-4062-9715-63d706d5309e
2024-08-27 20:25:09,209 [grpc-default-executor-0] INFO  impl.RoleInfo (RoleInfo.java:shutdownFollowerState(119)) - 9d1f9f5c-07b4-413f-b8b0-69aa045119d7: shutdown 9d1f9f5c-07b4-413f-b8b0-69aa045119d7@group-F6D99EDA5A21-FollowerState
2024-08-27 20:25:09,209 [grpc-default-executor-0] INFO  impl.RoleInfo (RoleInfo.java:updateAndGet(148)) - 9d1f9f5c-07b4-413f-b8b0-69aa045119d7: start 9d1f9f5c-07b4-413f-b8b0-69aa045119d7@group-F6D99EDA5A21-FollowerState
2024-08-27 20:25:09,209 [9d1f9f5c-07b4-413f-b8b0-69aa045119d7@group-F6D99EDA5A21-FollowerState] INFO  impl.FollowerState (FollowerState.java:run(153)) - 9d1f9f5c-07b4-413f-b8b0-69aa045119d7@group-F6D99EDA5A21-FollowerState was interrupted
2024-08-27 20:25:09,210 [grpc-default-executor-2] INFO  server.RaftServer$Division (RaftServerImpl.java:setFirstElection(549)) - d758e0a9-c5a1-4fd4-978f-3629e4af057b@group-F6D99EDA5A21: set firstElectionSinceStartup to false for candidate:b5b9165f-6528-4062-9715-63d706d5309e
2024-08-27 20:25:09,212 [grpc-default-executor-2] INFO  server.RaftServer$Division (RaftServerImpl.java:requestVote(1449)) - d758e0a9-c5a1-4fd4-978f-3629e4af057b@group-F6D99EDA5A21 replies to ELECTION vote request: b5b9165f-6528-4062-9715-63d706d5309e<-d758e0a9-c5a1-4fd4-978f-3629e4af057b#0:OK-t1. Peer's state: d758e0a9-c5a1-4fd4-978f-3629e4af057b@group-F6D99EDA5A21:t1, leader=null, voted=b5b9165f-6528-4062-9715-63d706d5309e, raftlog=Memoized:d758e0a9-c5a1-4fd4-978f-3629e4af057b@group-F6D99EDA5A21-SegmentedRaftLog:OPENED:c-1:lastnull, conf=conf: {index: -1, cur=peers:[b5b9165f-6528-4062-9715-63d706d5309e|127.0.0.1:15012, d758e0a9-c5a1-4fd4-978f-3629e4af057b|127.0.0.1:15021, 9d1f9f5c-07b4-413f-b8b0-69aa045119d7|127.0.0.1:15030]|listeners:[], old=null}
2024-08-27 20:25:09,213 [b5b9165f-6528-4062-9715-63d706d5309e@group-F6D99EDA5A21-LeaderElection5] INFO  impl.LeaderElection (LeaderElection.java:logAndReturn(89)) - b5b9165f-6528-4062-9715-63d706d5309e@group-F6D99EDA5A21-LeaderElection5: ELECTION PASSED received 1 response(s) and 0 exception(s):
2024-08-27 20:25:09,213 [b5b9165f-6528-4062-9715-63d706d5309e@group-F6D99EDA5A21-LeaderElection5] INFO  impl.LeaderElection (LeaderElection.java:logAndReturn(93)) -   Response 0: b5b9165f-6528-4062-9715-63d706d5309e<-d758e0a9-c5a1-4fd4-978f-3629e4af057b#0:OK-t1
2024-08-27 20:25:09,213 [b5b9165f-6528-4062-9715-63d706d5309e@group-F6D99EDA5A21-LeaderElection5] INFO  impl.LeaderElection (LeaderElection.java:askForVotes(323)) - b5b9165f-6528-4062-9715-63d706d5309e@group-F6D99EDA5A21-LeaderElection5 ELECTION round 0: result PASSED
2024-08-27 20:25:09,213 [b5b9165f-6528-4062-9715-63d706d5309e@group-F6D99EDA5A21-LeaderElection5] INFO  impl.RoleInfo (RoleInfo.java:shutdownLeaderElection(139)) - b5b9165f-6528-4062-9715-63d706d5309e: shutdown b5b9165f-6528-4062-9715-63d706d5309e@group-F6D99EDA5A21-LeaderElection5
2024-08-27 20:25:09,214 [b5b9165f-6528-4062-9715-63d706d5309e@group-F6D99EDA5A21-LeaderElection5] INFO  server.RaftServer$Division (RaftServerImpl.java:setRole(376)) - b5b9165f-6528-4062-9715-63d706d5309e@group-F6D99EDA5A21: changes role from CANDIDATE to LEADER at term 1 for changeToLeader
2024-08-27 20:25:09,214 [b5b9165f-6528-4062-9715-63d706d5309e@group-F6D99EDA5A21-LeaderElection5] INFO  server.RaftServerConfigKeys (ConfUtils.java:logGet(46)) - raft.server.staging.catchup.gap = 1000 (default)
2024-08-27 20:25:09,214 [b5b9165f-6528-4062-9715-63d706d5309e@group-F6D99EDA5A21-LeaderElection5] INFO  server.RaftServerConfigKeys (ConfUtils.java:logGet(46)) - raft.server.write.element-limit = 1024 (custom)
2024-08-27 20:25:09,214 [b5b9165f-6528-4062-9715-63d706d5309e@group-F6D99EDA5A21-LeaderElection5] INFO  server.RaftServerConfigKeys (ConfUtils.java:logGet(46)) - raft.server.write.byte-limit = 1024 M (=1073741824) (custom)
2024-08-27 20:25:09,214 [b5b9165f-6528-4062-9715-63d706d5309e@group-F6D99EDA5A21-LeaderElection5] INFO  server.RaftServerConfigKeys (ConfUtils.java:logGet(46)) - raft.server.watch.timeout = 30s (custom)
2024-08-27 20:25:09,215 [b5b9165f-6528-4062-9715-63d706d5309e@group-F6D99EDA5A21-LeaderElection5] INFO  server.RaftServerConfigKeys (ConfUtils.java:logGet(46)) - raft.server.watch.timeout.denomination = 1s (default)
2024-08-27 20:25:09,215 [b5b9165f-6528-4062-9715-63d706d5309e@group-F6D99EDA5A21-LeaderElection5] INFO  server.RaftServerConfigKeys (ConfUtils.java:logGet(46)) - raft.server.watch.element-limit = 65536 (default)
2024-08-27 20:25:09,215 [b5b9165f-6528-4062-9715-63d706d5309e@group-F6D99EDA5A21-LeaderElection5] INFO  server.RaftServerConfigKeys (ConfUtils.java:logGet(46)) - raft.server.read.leader.lease.enabled = false (default)
2024-08-27 20:25:09,215 [b5b9165f-6528-4062-9715-63d706d5309e@group-F6D99EDA5A21-LeaderElection5] INFO  server.RaftServerConfigKeys (ConfUtils.java:logGet(46)) - raft.server.read.leader.lease.timeout.ratio = 0.9 (default)
2024-08-27 20:25:09,215 [b5b9165f-6528-4062-9715-63d706d5309e@group-F6D99EDA5A21-LeaderElection5] INFO  server.RaftServerConfigKeys (ConfUtils.java:logGet(46)) - raft.server.rpc.timeout.min = 5s (custom)
2024-08-27 20:25:09,216 [b5b9165f-6528-4062-9715-63d706d5309e@group-F6D99EDA5A21-LeaderElection5] INFO  server.RaftServerConfigKeys (ConfUtils.java:logGet(46)) - raft.server.log.log-metadata.enabled = true (default)
2024-08-27 20:25:09,216 [b5b9165f-6528-4062-9715-63d706d5309e@group-F6D99EDA5A21-LeaderElection5] INFO  server.RaftServerConfigKeys (ConfUtils.java:logGet(46)) - raft.server.write.element-limit = 1024 (custom)
2024-08-27 20:25:09,216 [b5b9165f-6528-4062-9715-63d706d5309e@group-F6D99EDA5A21-LeaderElection5] INFO  server.RaftServerConfigKeys (ConfUtils.java:logGet(46)) - raft.server.write.follower.gap.ratio.max = -1.0 (default)
2024-08-27 20:25:09,216 [b5b9165f-6528-4062-9715-63d706d5309e@group-F6D99EDA5A21-LeaderElection5] INFO  server.RaftServerConfigKeys (ConfUtils.java:logGet(46)) - raft.server.log.appender.snapshot.chunk.size.max = 16MB (=16777216) (default)
2024-08-27 20:25:09,216 [b5b9165f-6528-4062-9715-63d706d5309e@group-F6D99EDA5A21-LeaderElection5] INFO  server.RaftServerConfigKeys (ConfUtils.java:logGet(46)) - raft.server.log.appender.buffer.byte-limit = 8388608 (custom)
2024-08-27 20:25:09,217 [b5b9165f-6528-4062-9715-63d706d5309e@group-F6D99EDA5A21-LeaderElection5] INFO  server.RaftServerConfigKeys (ConfUtils.java:logGet(46)) - raft.server.log.appender.buffer.element-limit = 1024 (custom)
2024-08-27 20:25:09,217 [b5b9165f-6528-4062-9715-63d706d5309e@group-F6D99EDA5A21-LeaderElection5] INFO  server.RaftServerConfigKeys (ConfUtils.java:logGet(46)) - raft.server.log.appender.wait-time.min = 0μs (custom)
2024-08-27 20:25:09,217 [b5b9165f-6528-4062-9715-63d706d5309e@group-F6D99EDA5A21-LeaderElection5] INFO  grpc.GrpcConfigKeys (ConfUtils.java:logGet(46)) - raft.grpc.server.leader.outstanding.appends.max = 8 (default)
2024-08-27 20:25:09,217 [b5b9165f-6528-4062-9715-63d706d5309e@group-F6D99EDA5A21-LeaderElection5] INFO  server.RaftServerConfigKeys (ConfUtils.java:logGet(46)) - raft.server.rpc.request.timeout = 60s (custom)
2024-08-27 20:25:09,217 [b5b9165f-6528-4062-9715-63d706d5309e@group-F6D99EDA5A21-LeaderElection5] INFO  grpc.GrpcConfigKeys (ConfUtils.java:logGet(46)) - raft.grpc.server.install_snapshot.request.element-limit = 8 (default)
2024-08-27 20:25:09,217 [b5b9165f-6528-4062-9715-63d706d5309e@group-F6D99EDA5A21-LeaderElection5] INFO  grpc.GrpcConfigKeys (ConfUtils.java:logGet(46)) - raft.grpc.server.install_snapshot.request.timeout = 3000ms (default)
2024-08-27 20:25:09,217 [b5b9165f-6528-4062-9715-63d706d5309e@group-F6D99EDA5A21-LeaderElection5] INFO  grpc.GrpcConfigKeys (ConfUtils.java:logGet(46)) - raft.grpc.server.log-message.batch.duration = 5s (default)
2024-08-27 20:25:09,217 [b5b9165f-6528-4062-9715-63d706d5309e@group-F6D99EDA5A21-LeaderElection5] INFO  server.RaftServerConfigKeys (ConfUtils.java:logGet(46)) - raft.server.log.appender.install.snapshot.enabled = false (custom)
2024-08-27 20:25:09,217 [b5b9165f-6528-4062-9715-63d706d5309e@group-F6D99EDA5A21-LeaderElection5] INFO  grpc.GrpcConfigKeys (ConfUtils.java:logGet(46)) - raft.grpc.server.heartbeat.channel = true (default)
2024-08-27 20:25:09,222 [b5b9165f-6528-4062-9715-63d706d5309e@group-F6D99EDA5A21-LeaderElection5] INFO  server.RaftServerConfigKeys (ConfUtils.java:logGet(46)) - raft.server.log.appender.snapshot.chunk.size.max = 16MB (=16777216) (default)
2024-08-27 20:25:09,222 [b5b9165f-6528-4062-9715-63d706d5309e@group-F6D99EDA5A21-LeaderElection5] INFO  server.RaftServerConfigKeys (ConfUtils.java:logGet(46)) - raft.server.log.appender.buffer.byte-limit = 8388608 (custom)
2024-08-27 20:25:09,222 [b5b9165f-6528-4062-9715-63d706d5309e@group-F6D99EDA5A21-LeaderElection5] INFO  server.RaftServerConfigKeys (ConfUtils.java:logGet(46)) - raft.server.log.appender.buffer.element-limit = 1024 (custom)
2024-08-27 20:25:09,223 [b5b9165f-6528-4062-9715-63d706d5309e@group-F6D99EDA5A21-LeaderElection5] INFO  server.RaftServerConfigKeys (ConfUtils.java:logGet(46)) - raft.server.log.appender.wait-time.min = 0μs (custom)
2024-08-27 20:25:09,223 [b5b9165f-6528-4062-9715-63d706d5309e@group-F6D99EDA5A21-LeaderElection5] INFO  grpc.GrpcConfigKeys (ConfUtils.java:logGet(46)) - raft.grpc.server.leader.outstanding.appends.max = 8 (default)
2024-08-27 20:25:09,223 [b5b9165f-6528-4062-9715-63d706d5309e@group-F6D99EDA5A21-LeaderElection5] INFO  server.RaftServerConfigKeys (ConfUtils.java:logGet(46)) - raft.server.rpc.request.timeout = 60s (custom)
2024-08-27 20:25:09,223 [b5b9165f-6528-4062-9715-63d706d5309e@group-F6D99EDA5A21-LeaderElection5] INFO  grpc.GrpcConfigKeys (ConfUtils.java:logGet(46)) - raft.grpc.server.install_snapshot.request.element-limit = 8 (default)
2024-08-27 20:25:09,223 [b5b9165f-6528-4062-9715-63d706d5309e@group-F6D99EDA5A21-LeaderElection5] INFO  grpc.GrpcConfigKeys (ConfUtils.java:logGet(46)) - raft.grpc.server.install_snapshot.request.timeout = 3000ms (default)
2024-08-27 20:25:09,223 [b5b9165f-6528-4062-9715-63d706d5309e@group-F6D99EDA5A21-LeaderElection5] INFO  grpc.GrpcConfigKeys (ConfUtils.java:logGet(46)) - raft.grpc.server.log-message.batch.duration = 5s (default)
2024-08-27 20:25:09,223 [b5b9165f-6528-4062-9715-63d706d5309e@group-F6D99EDA5A21-LeaderElection5] INFO  server.RaftServerConfigKeys (ConfUtils.java:logGet(46)) - raft.server.log.appender.install.snapshot.enabled = false (custom)
2024-08-27 20:25:09,223 [b5b9165f-6528-4062-9715-63d706d5309e@group-F6D99EDA5A21-LeaderElection5] INFO  grpc.GrpcConfigKeys (ConfUtils.java:logGet(46)) - raft.grpc.server.heartbeat.channel = true (default)
2024-08-27 20:25:09,223 [d758e0a9-c5a1-4fd4-978f-3629e4af057b@group-E69CFC028817-LeaderElection6] INFO  impl.LeaderElection (LeaderElection.java:askForVotes(321)) - d758e0a9-c5a1-4fd4-978f-3629e4af057b@group-E69CFC028817-LeaderElection6 PRE_VOTE round 0: submit vote requests at term 0 for conf: {index: -1, cur=peers:[d758e0a9-c5a1-4fd4-978f-3629e4af057b|127.0.0.1:15021]|listeners:[], old=null}
2024-08-27 20:25:09,224 [d758e0a9-c5a1-4fd4-978f-3629e4af057b@group-E69CFC028817-LeaderElection6] INFO  impl.LeaderElection (LeaderElection.java:askForVotes(323)) - d758e0a9-c5a1-4fd4-978f-3629e4af057b@group-E69CFC028817-LeaderElection6 PRE_VOTE round 0: result PASSED (term=0)
2024-08-27 20:25:09,225 [d758e0a9-c5a1-4fd4-978f-3629e4af057b@group-E69CFC028817-LeaderElection6] INFO  impl.LeaderElection (LeaderElection.java:askForVotes(321)) - d758e0a9-c5a1-4fd4-978f-3629e4af057b@group-E69CFC028817-LeaderElection6 ELECTION round 0: submit vote requests at term 1 for conf: {index: -1, cur=peers:[d758e0a9-c5a1-4fd4-978f-3629e4af057b|127.0.0.1:15021]|listeners:[], old=null}
2024-08-27 20:25:09,225 [d758e0a9-c5a1-4fd4-978f-3629e4af057b@group-E69CFC028817-LeaderElection6] INFO  impl.LeaderElection (LeaderElection.java:askForVotes(323)) - d758e0a9-c5a1-4fd4-978f-3629e4af057b@group-E69CFC028817-LeaderElection6 ELECTION round 0: result PASSED (term=1)
2024-08-27 20:25:09,225 [d758e0a9-c5a1-4fd4-978f-3629e4af057b@group-E69CFC028817-LeaderElection6] INFO  impl.RoleInfo (RoleInfo.java:shutdownLeaderElection(139)) - d758e0a9-c5a1-4fd4-978f-3629e4af057b: shutdown d758e0a9-c5a1-4fd4-978f-3629e4af057b@group-E69CFC028817-LeaderElection6
2024-08-27 20:25:09,225 [d758e0a9-c5a1-4fd4-978f-3629e4af057b@group-E69CFC028817-LeaderElection6] INFO  server.RaftServer$Division (RaftServerImpl.java:setRole(376)) - d758e0a9-c5a1-4fd4-978f-3629e4af057b@group-E69CFC028817: changes role from CANDIDATE to LEADER at term 1 for changeToLeader
2024-08-27 20:25:09,225 [d758e0a9-c5a1-4fd4-978f-3629e4af057b@group-E69CFC028817-LeaderElection6] INFO  server.RaftServerConfigKeys (ConfUtils.java:logGet(46)) - raft.server.staging.catchup.gap = 1000 (default)
2024-08-27 20:25:09,225 [d758e0a9-c5a1-4fd4-978f-3629e4af057b@group-E69CFC028817-LeaderElection6] INFO  server.RaftServerConfigKeys (ConfUtils.java:logGet(46)) - raft.server.write.element-limit = 1024 (custom)
2024-08-27 20:25:09,225 [d758e0a9-c5a1-4fd4-978f-3629e4af057b@group-E69CFC028817-LeaderElection6] INFO  server.RaftServerConfigKeys (ConfUtils.java:logGet(46)) - raft.server.write.byte-limit = 1024 M (=1073741824) (custom)
2024-08-27 20:25:09,223 [b5b9165f-6528-4062-9715-63d706d5309e@group-F6D99EDA5A21-LeaderElection5] INFO  impl.RoleInfo (RoleInfo.java:updateAndGet(148)) - b5b9165f-6528-4062-9715-63d706d5309e: start b5b9165f-6528-4062-9715-63d706d5309e@group-F6D99EDA5A21-LeaderStateImpl
2024-08-27 20:25:09,226 [b5b9165f-6528-4062-9715-63d706d5309e@group-F6D99EDA5A21-LeaderElection5] INFO  server.RaftServer$Division (RaftServerImpl.java:setFirstElection(549)) - b5b9165f-6528-4062-9715-63d706d5309e@group-F6D99EDA5A21: set firstElectionSinceStartup to false for becomeLeader
2024-08-27 20:25:09,226 [b5b9165f-6528-4062-9715-63d706d5309e@group-F6D99EDA5A21-LeaderElection5] INFO  ratis.XceiverServerRatis (XceiverServerRatis.java:handleLeaderChangedNotification(950)) - Leader change notification received for group: group-F6D99EDA5A21 with new leaderId: b5b9165f-6528-4062-9715-63d706d5309e
2024-08-27 20:25:09,226 [d758e0a9-c5a1-4fd4-978f-3629e4af057b@group-E69CFC028817-LeaderElection6] INFO  server.RaftServerConfigKeys (ConfUtils.java:logGet(46)) - raft.server.watch.timeout = 30s (custom)
2024-08-27 20:25:09,226 [d758e0a9-c5a1-4fd4-978f-3629e4af057b@group-E69CFC028817-LeaderElection6] INFO  server.RaftServerConfigKeys (ConfUtils.java:logGet(46)) - raft.server.watch.timeout.denomination = 1s (default)
2024-08-27 20:25:09,227 [d758e0a9-c5a1-4fd4-978f-3629e4af057b@group-E69CFC028817-LeaderElection6] INFO  server.RaftServerConfigKeys (ConfUtils.java:logGet(46)) - raft.server.watch.element-limit = 65536 (default)
2024-08-27 20:25:09,228 [d758e0a9-c5a1-4fd4-978f-3629e4af057b@group-E69CFC028817-LeaderElection6] INFO  server.RaftServerConfigKeys (ConfUtils.java:logGet(46)) - raft.server.read.leader.lease.enabled = false (default)
2024-08-27 20:25:09,228 [d758e0a9-c5a1-4fd4-978f-3629e4af057b@group-E69CFC028817-LeaderElection6] INFO  server.RaftServerConfigKeys (ConfUtils.java:logGet(46)) - raft.server.read.leader.lease.timeout.ratio = 0.9 (default)
2024-08-27 20:25:09,228 [d758e0a9-c5a1-4fd4-978f-3629e4af057b@group-E69CFC028817-LeaderElection6] INFO  server.RaftServerConfigKeys (ConfUtils.java:logGet(46)) - raft.server.rpc.timeout.min = 5s (custom)
2024-08-27 20:25:09,228 [d758e0a9-c5a1-4fd4-978f-3629e4af057b@group-E69CFC028817-LeaderElection6] INFO  server.RaftServerConfigKeys (ConfUtils.java:logGet(46)) - raft.server.log.log-metadata.enabled = true (default)
2024-08-27 20:25:09,224 [grpc-default-executor-0] INFO  server.RaftServer$Division (RaftServerImpl.java:setFirstElection(549)) - 9d1f9f5c-07b4-413f-b8b0-69aa045119d7@group-F6D99EDA5A21: set firstElectionSinceStartup to false for candidate:b5b9165f-6528-4062-9715-63d706d5309e
2024-08-27 20:25:09,228 [EventQueue-PipelineReportForPipelineReportHandler] INFO  pipeline.PipelineReportHandler (PipelineReportHandler.java:processPipelineReport(136)) - Opened pipeline PipelineID=671c9ad9-d5da-4966-a96b-f6d99eda5a21
2024-08-27 20:25:09,226 [b5b9165f-6528-4062-9715-63d706d5309e@group-F6D99EDA5A21-LeaderElection5] INFO  server.RaftServer$Division (ServerState.java:setLeader(272)) - b5b9165f-6528-4062-9715-63d706d5309e@group-F6D99EDA5A21: change Leader from null to b5b9165f-6528-4062-9715-63d706d5309e at term 1 for becomeLeader, leader elected after 5180ms
2024-08-27 20:25:09,229 [b5b9165f-6528-4062-9715-63d706d5309e@group-F6D99EDA5A21-LeaderElection5] INFO  segmented.SegmentedRaftLogWorker (SegmentedRaftLogWorker.java:startLogSegment(433)) - b5b9165f-6528-4062-9715-63d706d5309e@group-F6D99EDA5A21-SegmentedRaftLogWorker: Starting segment from index:0
2024-08-27 20:25:09,229 [d758e0a9-c5a1-4fd4-978f-3629e4af057b@group-E69CFC028817-LeaderElection6] INFO  server.RaftServerConfigKeys (ConfUtils.java:logGet(46)) - raft.server.write.element-limit = 1024 (custom)
2024-08-27 20:25:09,229 [d758e0a9-c5a1-4fd4-978f-3629e4af057b@group-E69CFC028817-LeaderElection6] INFO  server.RaftServerConfigKeys (ConfUtils.java:logGet(46)) - raft.server.write.follower.gap.ratio.max = -1.0 (default)
2024-08-27 20:25:09,230 [d758e0a9-c5a1-4fd4-978f-3629e4af057b@group-E69CFC028817-LeaderElection6] INFO  impl.RoleInfo (RoleInfo.java:updateAndGet(148)) - d758e0a9-c5a1-4fd4-978f-3629e4af057b: start d758e0a9-c5a1-4fd4-978f-3629e4af057b@group-E69CFC028817-LeaderStateImpl
2024-08-27 20:25:09,230 [d758e0a9-c5a1-4fd4-978f-3629e4af057b@group-E69CFC028817-LeaderElection6] INFO  server.RaftServer$Division (RaftServerImpl.java:setFirstElection(549)) - d758e0a9-c5a1-4fd4-978f-3629e4af057b@group-E69CFC028817: set firstElectionSinceStartup to false for becomeLeader
2024-08-27 20:25:09,230 [d758e0a9-c5a1-4fd4-978f-3629e4af057b@group-E69CFC028817-LeaderElection6] INFO  ratis.XceiverServerRatis (XceiverServerRatis.java:handleLeaderChangedNotification(950)) - Leader change notification received for group: group-E69CFC028817 with new leaderId: d758e0a9-c5a1-4fd4-978f-3629e4af057b
2024-08-27 20:25:09,230 [grpc-default-executor-0] INFO  server.RaftServer$Division (RaftServerImpl.java:requestVote(1449)) - 9d1f9f5c-07b4-413f-b8b0-69aa045119d7@group-F6D99EDA5A21 replies to ELECTION vote request: b5b9165f-6528-4062-9715-63d706d5309e<-9d1f9f5c-07b4-413f-b8b0-69aa045119d7#0:OK-t1. Peer's state: 9d1f9f5c-07b4-413f-b8b0-69aa045119d7@group-F6D99EDA5A21:t1, leader=null, voted=b5b9165f-6528-4062-9715-63d706d5309e, raftlog=Memoized:9d1f9f5c-07b4-413f-b8b0-69aa045119d7@group-F6D99EDA5A21-SegmentedRaftLog:OPENED:c-1:lastnull, conf=conf: {index: -1, cur=peers:[b5b9165f-6528-4062-9715-63d706d5309e|127.0.0.1:15012, d758e0a9-c5a1-4fd4-978f-3629e4af057b|127.0.0.1:15021, 9d1f9f5c-07b4-413f-b8b0-69aa045119d7|127.0.0.1:15030]|listeners:[], old=null}
2024-08-27 20:25:09,229 [b5b9165f-6528-4062-9715-63d706d5309e@group-F6D99EDA5A21-SegmentedRaftLogWorker] INFO  segmented.BufferedWriteChannel (BufferedWriteChannel.java:open(61)) - open log_inprogress_0 at position 0
2024-08-27 20:25:09,229 [b5b9165f-6528-4062-9715-63d706d5309e@group-F6D99EDA5A21-LeaderElection5] INFO  server.RaftServer$Division (ServerState.java:setRaftConf(386)) - b5b9165f-6528-4062-9715-63d706d5309e@group-F6D99EDA5A21: set configuration conf: {index: 0, cur=peers:[b5b9165f-6528-4062-9715-63d706d5309e|127.0.0.1:15012, d758e0a9-c5a1-4fd4-978f-3629e4af057b|127.0.0.1:15021, 9d1f9f5c-07b4-413f-b8b0-69aa045119d7|127.0.0.1:15030]|listeners:[], old=null}
2024-08-27 20:25:09,231 [d758e0a9-c5a1-4fd4-978f-3629e4af057b@group-E69CFC028817-LeaderElection6] INFO  server.RaftServer$Division (ServerState.java:setLeader(272)) - d758e0a9-c5a1-4fd4-978f-3629e4af057b@group-E69CFC028817: change Leader from null to d758e0a9-c5a1-4fd4-978f-3629e4af057b at term 1 for becomeLeader, leader elected after 5197ms
2024-08-27 20:25:09,231 [d758e0a9-c5a1-4fd4-978f-3629e4af057b@group-E69CFC028817-LeaderElection6] INFO  segmented.SegmentedRaftLogWorker (SegmentedRaftLogWorker.java:startLogSegment(433)) - d758e0a9-c5a1-4fd4-978f-3629e4af057b@group-E69CFC028817-SegmentedRaftLogWorker: Starting segment from index:0
2024-08-27 20:25:09,232 [d758e0a9-c5a1-4fd4-978f-3629e4af057b@group-E69CFC028817-SegmentedRaftLogWorker] INFO  segmented.BufferedWriteChannel (BufferedWriteChannel.java:open(61)) - open log_inprogress_0 at position 0
2024-08-27 20:25:09,239 [d758e0a9-c5a1-4fd4-978f-3629e4af057b@group-E69CFC028817-LeaderElection6] INFO  server.RaftServer$Division (ServerState.java:setRaftConf(386)) - d758e0a9-c5a1-4fd4-978f-3629e4af057b@group-E69CFC028817: set configuration conf: {index: 0, cur=peers:[d758e0a9-c5a1-4fd4-978f-3629e4af057b|127.0.0.1:15021]|listeners:[], old=null}
2024-08-27 20:25:09,247 [d758e0a9-c5a1-4fd4-978f-3629e4af057b@group-E69CFC028817-SegmentedRaftLogWorker] INFO  segmented.SegmentedRaftLogWorker (SegmentedRaftLogWorker.java:execute(637)) - d758e0a9-c5a1-4fd4-978f-3629e4af057b@group-E69CFC028817-SegmentedRaftLogWorker: created new log segment /home/runner/work/ozone/ozone/hadoop-ozone/integration-test/target/test-dir/MiniOzoneClusterImpl-2855d785-c18f-47a1-bcca-44ce8ce60223/ozone-meta/datanode-2/ratis/6c929988-6b79-47a0-8aef-e69cfc028817/current/log_inprogress_0
2024-08-27 20:25:09,247 [b5b9165f-6528-4062-9715-63d706d5309e@group-F6D99EDA5A21-SegmentedRaftLogWorker] INFO  segmented.SegmentedRaftLogWorker (SegmentedRaftLogWorker.java:execute(637)) - b5b9165f-6528-4062-9715-63d706d5309e@group-F6D99EDA5A21-SegmentedRaftLogWorker: created new log segment /home/runner/work/ozone/ozone/hadoop-ozone/integration-test/target/test-dir/MiniOzoneClusterImpl-2855d785-c18f-47a1-bcca-44ce8ce60223/ozone-meta/datanode-1/ratis/671c9ad9-d5da-4966-a96b-f6d99eda5a21/current/log_inprogress_0
2024-08-27 20:25:09,249 [pool-227-thread-1] INFO  ozoneimpl.OzoneContainer (OzoneContainer.java:stop(497)) - Attempting to stop container services.
2024-08-27 20:25:09,250 [ContainerMetadataScanner] WARN  ozoneimpl.AbstractBackgroundContainerScanner (AbstractBackgroundContainerScanner.java:handleRemainingSleep(134)) - Background container scan was interrupted.
2024-08-27 20:25:09,250 [ContainerMetadataScanner] INFO  ozoneimpl.AbstractBackgroundContainerScanner (AbstractBackgroundContainerScanner.java:run(61)) - Thread[ContainerMetadataScanner,5,main] exiting.
2024-08-27 20:25:09,250 [d758e0a9-c5a1-4fd4-978f-3629e4af057b@group-E69CFC028817-StateMachineUpdater] INFO  server.RaftServer$Division (LeaderStateImpl.java:checkStartIndex(316)) - Leader d758e0a9-c5a1-4fd4-978f-3629e4af057b@group-E69CFC028817-LeaderStateImpl is ready since appliedIndex == startIndex == 0
2024-08-27 20:25:09,250 [pool-227-thread-1] INFO  ozoneimpl.BackgroundContainerDataScanner (BackgroundContainerDataScanner.java:shutdown(141)) - ContainerDataScanner(/home/runner/work/ozone/ozone/hadoop-ozone/integration-test/target/test-dir/MiniOzoneClusterImpl-2855d785-c18f-47a1-bcca-44ce8ce60223/ozone-meta/datanode-1/data-0/hdds) is shutting down. 
2024-08-27 20:25:09,250 [ContainerDataScanner(/home/runner/work/ozone/ozone/hadoop-ozone/integration-test/target/test-dir/MiniOzoneClusterImpl-2855d785-c18f-47a1-bcca-44ce8ce60223/ozone-meta/datanode-1/data-0/hdds)] WARN  ozoneimpl.AbstractBackgroundContainerScanner (AbstractBackgroundContainerScanner.java:handleRemainingSleep(134)) - Background container scan was interrupted.
2024-08-27 20:25:09,250 [ContainerDataScanner(/home/runner/work/ozone/ozone/hadoop-ozone/integration-test/target/test-dir/MiniOzoneClusterImpl-2855d785-c18f-47a1-bcca-44ce8ce60223/ozone-meta/datanode-1/data-0/hdds)] INFO  ozoneimpl.AbstractBackgroundContainerScanner (AbstractBackgroundContainerScanner.java:run(61)) - ContainerDataScanner(/home/runner/work/ozone/ozone/hadoop-ozone/integration-test/target/test-dir/MiniOzoneClusterImpl-2855d785-c18f-47a1-bcca-44ce8ce60223/ozone-meta/datanode-1/data-0/hdds, DS-cd09d0b5-5ce3-4c07-9263-4eedde47e932) exiting.
2024-08-27 20:25:09,251 [pool-227-thread-1] INFO  ozoneimpl.OnDemandContainerDataScanner (OnDemandContainerDataScanner.java:shutdownScanner(206)) - On-demand container scanner is shutting down.
2024-08-27 20:25:09,256 [pool-227-thread-1] INFO  ratis.XceiverServerRatis (XceiverServerRatis.java:stop(596)) - Stopping XceiverServerRatis b5b9165f-6528-4062-9715-63d706d5309e
2024-08-27 20:25:09,256 [pool-227-thread-1] INFO  server.RaftServer (RaftServerProxy.java:lambda$close$9(418)) - b5b9165f-6528-4062-9715-63d706d5309e: close
2024-08-27 20:25:09,256 [b5b9165f-6528-4062-9715-63d706d5309e-impl-thread1] INFO  server.RaftServer$Division (RaftServerImpl.java:lambda$close$1(501)) - b5b9165f-6528-4062-9715-63d706d5309e@group-C34A7576515C: shutdown
2024-08-27 20:25:09,257 [b5b9165f-6528-4062-9715-63d706d5309e-impl-thread1] INFO  util.JmxRegister (JmxRegister.java:unregister(74)) - Successfully un-registered JMX Bean with object name Ratis:service=RaftServer,group=group-C34A7576515C,id=b5b9165f-6528-4062-9715-63d706d5309e
2024-08-27 20:25:09,257 [b5b9165f-6528-4062-9715-63d706d5309e-impl-thread1] INFO  impl.RoleInfo (RoleInfo.java:shutdownLeaderState(103)) - b5b9165f-6528-4062-9715-63d706d5309e: shutdown b5b9165f-6528-4062-9715-63d706d5309e@group-C34A7576515C-LeaderStateImpl
2024-08-27 20:25:09,257 [b5b9165f-6528-4062-9715-63d706d5309e-impl-thread1] INFO  impl.PendingRequests (PendingRequests.java:sendNotLeaderResponses(287)) - b5b9165f-6528-4062-9715-63d706d5309e@group-C34A7576515C-PendingRequests: sendNotLeaderResponses
2024-08-27 20:25:09,259 [b5b9165f-6528-4062-9715-63d706d5309e@group-C34A7576515C-StateMachineUpdater] INFO  ratis.ContainerStateMachine (ContainerStateMachine.java:takeSnapshot(363)) - group-C34A7576515C: Taking a snapshot at:(t:1, i:0) file /home/runner/work/ozone/ozone/hadoop-ozone/integration-test/target/test-dir/MiniOzoneClusterImpl-2855d785-c18f-47a1-bcca-44ce8ce60223/ozone-meta/datanode-1/ratis/9a28fa1d-c282-4050-ac37-c34a7576515c/sm/snapshot.1_0
2024-08-27 20:25:09,261 [b5b9165f-6528-4062-9715-63d706d5309e-impl-thread1] INFO  impl.StateMachineUpdater (StateMachineUpdater.java:stopAndJoin(164)) - b5b9165f-6528-4062-9715-63d706d5309e@group-C34A7576515C-StateMachineUpdater: set stopIndex = 0
2024-08-27 20:25:09,290 [b5b9165f-6528-4062-9715-63d706d5309e-impl-thread2] INFO  server.RaftServer$Division (RaftServerImpl.java:lambda$close$1(501)) - b5b9165f-6528-4062-9715-63d706d5309e@group-F6D99EDA5A21: shutdown
2024-08-27 20:25:09,290 [b5b9165f-6528-4062-9715-63d706d5309e-impl-thread2] INFO  util.JmxRegister (JmxRegister.java:unregister(74)) - Successfully un-registered JMX Bean with object name Ratis:service=RaftServer,group=group-F6D99EDA5A21,id=b5b9165f-6528-4062-9715-63d706d5309e
2024-08-27 20:25:09,291 [b5b9165f-6528-4062-9715-63d706d5309e-impl-thread2] INFO  impl.RoleInfo (RoleInfo.java:shutdownLeaderState(103)) - b5b9165f-6528-4062-9715-63d706d5309e: shutdown b5b9165f-6528-4062-9715-63d706d5309e@group-F6D99EDA5A21-LeaderStateImpl
2024-08-27 20:25:09,291 [b5b9165f-6528-4062-9715-63d706d5309e-impl-thread2] INFO  impl.PendingRequests (PendingRequests.java:sendNotLeaderResponses(287)) - b5b9165f-6528-4062-9715-63d706d5309e@group-F6D99EDA5A21-PendingRequests: sendNotLeaderResponses
2024-08-27 20:25:09,292 [b5b9165f-6528-4062-9715-63d706d5309e@group-F6D99EDA5A21->d758e0a9-c5a1-4fd4-978f-3629e4af057b-GrpcLogAppender-LogAppenderDaemon] INFO  leader.LogAppenderDaemon (LogAppenderDaemon.java:run(87)) - b5b9165f-6528-4062-9715-63d706d5309e@group-F6D99EDA5A21->d758e0a9-c5a1-4fd4-978f-3629e4af057b-GrpcLogAppender-LogAppenderDaemon I/O was interrupted: java.io.InterruptedIOException: Interrupted appendLog, heartbeat? true
2024-08-27 20:25:09,295 [b5b9165f-6528-4062-9715-63d706d5309e-impl-thread3] INFO  server.RaftServer$Division (RaftServerImpl.java:lambda$close$1(501)) - b5b9165f-6528-4062-9715-63d706d5309e@group-304231B6B230: shutdown
2024-08-27 20:25:09,296 [b5b9165f-6528-4062-9715-63d706d5309e-impl-thread3] INFO  util.JmxRegister (JmxRegister.java:unregister(74)) - Successfully un-registered JMX Bean with object name Ratis:service=RaftServer,group=group-304231B6B230,id=b5b9165f-6528-4062-9715-63d706d5309e
2024-08-27 20:25:09,296 [b5b9165f-6528-4062-9715-63d706d5309e-impl-thread3] INFO  impl.RoleInfo (RoleInfo.java:shutdownFollowerState(119)) - b5b9165f-6528-4062-9715-63d706d5309e: shutdown b5b9165f-6528-4062-9715-63d706d5309e@group-304231B6B230-FollowerState
2024-08-27 20:25:09,297 [b5b9165f-6528-4062-9715-63d706d5309e@group-304231B6B230-FollowerState] INFO  impl.FollowerState (FollowerState.java:run(153)) - b5b9165f-6528-4062-9715-63d706d5309e@group-304231B6B230-FollowerState was interrupted
2024-08-27 20:25:09,297 [b5b9165f-6528-4062-9715-63d706d5309e-impl-thread3] INFO  impl.StateMachineUpdater (StateMachineUpdater.java:stopAndJoin(164)) - b5b9165f-6528-4062-9715-63d706d5309e@group-304231B6B230-StateMachineUpdater: set stopIndex = -1
2024-08-27 20:25:09,297 [b5b9165f-6528-4062-9715-63d706d5309e@group-304231B6B230-StateMachineUpdater] INFO  impl.StateMachineUpdater (StateMachineUpdater.java:stop(141)) - b5b9165f-6528-4062-9715-63d706d5309e@group-304231B6B230-StateMachineUpdater: closing ContainerStateMachine, lastApplied=(t:0, i:~)
2024-08-27 20:25:09,299 [b5b9165f-6528-4062-9715-63d706d5309e@group-304231B6B230-cacheEviction-AwaitToRun] INFO  util.AwaitToRun (AwaitToRun.java:run(49)) - b5b9165f-6528-4062-9715-63d706d5309e@group-304231B6B230-cacheEviction-AwaitToRun-AwaitForSignal is interrupted
2024-08-27 20:25:09,300 [9d1f9f5c-07b4-413f-b8b0-69aa045119d7-server-thread1] INFO  ratis.XceiverServerRatis (XceiverServerRatis.java:handleLeaderChangedNotification(950)) - Leader change notification received for group: group-F6D99EDA5A21 with new leaderId: b5b9165f-6528-4062-9715-63d706d5309e
2024-08-27 20:25:09,300 [9d1f9f5c-07b4-413f-b8b0-69aa045119d7-server-thread1] INFO  server.RaftServer$Division (ServerState.java:setLeader(272)) - 9d1f9f5c-07b4-413f-b8b0-69aa045119d7@group-F6D99EDA5A21: change Leader from null to b5b9165f-6528-4062-9715-63d706d5309e at term 1 for appendEntries, leader elected after 5187ms
2024-08-27 20:25:09,302 [b5b9165f-6528-4062-9715-63d706d5309e@group-F6D99EDA5A21->9d1f9f5c-07b4-413f-b8b0-69aa045119d7-GrpcLogAppender-LogAppenderDaemon] WARN  server.GrpcLogAppender (GrpcLogAppender.java:mayWait(293)) - b5b9165f-6528-4062-9715-63d706d5309e@group-F6D99EDA5A21->9d1f9f5c-07b4-413f-b8b0-69aa045119d7-GrpcLogAppender: Wait interrupted by java.lang.InterruptedException
2024-08-27 20:25:09,303 [b5b9165f-6528-4062-9715-63d706d5309e-impl-thread2] INFO  impl.StateMachineUpdater (StateMachineUpdater.java:stopAndJoin(164)) - b5b9165f-6528-4062-9715-63d706d5309e@group-F6D99EDA5A21-StateMachineUpdater: set stopIndex = -1
2024-08-27 20:25:09,303 [b5b9165f-6528-4062-9715-63d706d5309e@group-F6D99EDA5A21-StateMachineUpdater] INFO  impl.StateMachineUpdater (StateMachineUpdater.java:stop(141)) - b5b9165f-6528-4062-9715-63d706d5309e@group-F6D99EDA5A21-StateMachineUpdater: closing ContainerStateMachine, lastApplied=(t:0, i:~)
2024-08-27 20:25:09,303 [grpc-default-executor-2] INFO  server.GrpcServerProtocolService (GrpcServerProtocolService.java:onCompleted(157)) - 9d1f9f5c-07b4-413f-b8b0-69aa045119d7: Completed APPEND_ENTRIES, lastRequest: null
2024-08-27 20:25:09,304 [grpc-default-executor-2] INFO  server.GrpcServerProtocolService (GrpcServerProtocolService.java:lambda$onCompleted$5(159)) - 9d1f9f5c-07b4-413f-b8b0-69aa045119d7: Completed APPEND_ENTRIES, lastReply: null
2024-08-27 20:25:09,304 [b5b9165f-6528-4062-9715-63d706d5309e@group-F6D99EDA5A21-cacheEviction-AwaitToRun] INFO  util.AwaitToRun (AwaitToRun.java:run(49)) - b5b9165f-6528-4062-9715-63d706d5309e@group-F6D99EDA5A21-cacheEviction-AwaitToRun-AwaitForSignal is interrupted
2024-08-27 20:25:09,305 [grpc-default-executor-3] INFO  server.GrpcLogAppender (GrpcLogAppender.java:onCompleted(550)) - b5b9165f-6528-4062-9715-63d706d5309e@group-F6D99EDA5A21->9d1f9f5c-07b4-413f-b8b0-69aa045119d7-AppendLogResponseHandler: follower responses appendEntries COMPLETED
2024-08-27 20:25:09,311 [grpc-default-executor-0] INFO  server.GrpcServerProtocolService (GrpcServerProtocolService.java:onCompleted(157)) - 9d1f9f5c-07b4-413f-b8b0-69aa045119d7: Completed APPEND_ENTRIES, lastRequest: null
2024-08-27 20:25:09,313 [9d1f9f5c-07b4-413f-b8b0-69aa045119d7-server-thread2] INFO  server.GrpcServerProtocolService (GrpcServerProtocolService.java:lambda$onCompleted$5(159)) - 9d1f9f5c-07b4-413f-b8b0-69aa045119d7: Completed APPEND_ENTRIES, lastReply: serverReply {
  requestorId: "b5b9165f-6528-4062-9715-63d706d5309e"
  replyId: "9d1f9f5c-07b4-413f-b8b0-69aa045119d7"
  raftGroupId {
    id: "g\034\232\331\325\332If\251k\366\331\236\332Z!"
  }
  success: true
}
term: 1
followerCommit: 18446744073709551615
matchIndex: 18446744073709551615
isHearbeat: true

2024-08-27 20:25:09,314 [grpc-default-executor-3] INFO  server.GrpcLogAppender (GrpcLogAppender.java:onCompleted(550)) - b5b9165f-6528-4062-9715-63d706d5309e@group-F6D99EDA5A21->9d1f9f5c-07b4-413f-b8b0-69aa045119d7-AppendLogResponseHandler: follower responses appendEntries COMPLETED
2024-08-27 20:25:09,317 [pool-227-thread-1] INFO  server.GrpcService (GrpcService.java:closeImpl(311)) - b5b9165f-6528-4062-9715-63d706d5309e: shutdown server GrpcServerProtocolService now
2024-08-27 20:25:09,320 [b5b9165f-6528-4062-9715-63d706d5309e-impl-thread4] INFO  server.RaftServer$Division (RaftServerImpl.java:lambda$close$1(501)) - b5b9165f-6528-4062-9715-63d706d5309e@group-A133DE54D1F1: shutdown
2024-08-27 20:25:09,321 [b5b9165f-6528-4062-9715-63d706d5309e-impl-thread4] INFO  util.JmxRegister (JmxRegister.java:unregister(74)) - Successfully un-registered JMX Bean with object name Ratis:service=RaftServer,group=group-A133DE54D1F1,id=b5b9165f-6528-4062-9715-63d706d5309e
2024-08-27 20:25:09,322 [b5b9165f-6528-4062-9715-63d706d5309e-impl-thread4] INFO  impl.RoleInfo (RoleInfo.java:shutdownFollowerState(119)) - b5b9165f-6528-4062-9715-63d706d5309e: shutdown b5b9165f-6528-4062-9715-63d706d5309e@group-A133DE54D1F1-FollowerState
2024-08-27 20:25:09,322 [b5b9165f-6528-4062-9715-63d706d5309e@group-A133DE54D1F1-FollowerState] INFO  impl.FollowerState (FollowerState.java:run(153)) - b5b9165f-6528-4062-9715-63d706d5309e@group-A133DE54D1F1-FollowerState was interrupted
2024-08-27 20:25:09,323 [b5b9165f-6528-4062-9715-63d706d5309e@group-A133DE54D1F1-StateMachineUpdater] INFO  impl.StateMachineUpdater (StateMachineUpdater.java:stop(141)) - b5b9165f-6528-4062-9715-63d706d5309e@group-A133DE54D1F1-StateMachineUpdater: closing ContainerStateMachine, lastApplied=(t:0, i:~)
2024-08-27 20:25:09,324 [b5b9165f-6528-4062-9715-63d706d5309e-impl-thread4] INFO  impl.StateMachineUpdater (StateMachineUpdater.java:stopAndJoin(164)) - b5b9165f-6528-4062-9715-63d706d5309e@group-A133DE54D1F1-StateMachineUpdater: set stopIndex = -1
2024-08-27 20:25:09,325 [grpc-default-executor-1] WARN  server.GrpcServerProtocolService (LogUtils.java:warn(121)) - b5b9165f-6528-4062-9715-63d706d5309e: APPEND_ENTRIES onError, lastRequest: null: org.apache.ratis.thirdparty.io.grpc.StatusRuntimeException: CANCELLED: client cancelled
2024-08-27 20:25:09,328 [grpc-default-executor-0] WARN  server.GrpcServerProtocolService (LogUtils.java:warn(121)) - b5b9165f-6528-4062-9715-63d706d5309e: APPEND_ENTRIES onError, lastRequest: 9d1f9f5c-07b4-413f-b8b0-69aa045119d7->b5b9165f-6528-4062-9715-63d706d5309e#1-t1,previous=(t:0, i:0),leaderCommit=-1,initializing? false,entries: size=1, first=(t:1, i:0), CONFIGURATIONENTRY(current:id:"b5b9165f-6528-4062-9715-63d706d5309e"address:"127.0.0.1:15012"dataStreamAddress:"127.0.0.1:15015"clientAddress:"127.0.0.1:15012"adminAddress:"127.0.0.1:15012"startupRole:FOLLOWER, id:"d758e0a9-c5a1-4fd4-978f-3629e4af057b"address:"127.0.0.1:15021"dataStreamAddress:"127.0.0.1:15024"clientAddress:"127.0.0.1:15021"adminAddress:"127.0.0.1:15021"startupRole:FOLLOWER, id:"9d1f9f5c-07b4-413f-b8b0-69aa045119d7"address:"127.0.0.1:15030"priority:1dataStreamAddress:"127.0.0.1:15033"clientAddress:"127.0.0.1:15030"adminAddress:"127.0.0.1:15030"startupRole:FOLLOWER, old:): org.apache.ratis.thirdparty.io.grpc.StatusRuntimeException: CANCELLED: client cancelled
2024-08-27 20:25:09,328 [b5b9165f-6528-4062-9715-63d706d5309e@group-A133DE54D1F1-cacheEviction-AwaitToRun] INFO  util.AwaitToRun (AwaitToRun.java:run(49)) - b5b9165f-6528-4062-9715-63d706d5309e@group-A133DE54D1F1-cacheEviction-AwaitToRun-AwaitForSignal is interrupted
2024-08-27 20:25:09,329 [grpc-default-executor-1] WARN  server.GrpcLogAppender (LogUtils.java:warn(121)) - 9d1f9f5c-07b4-413f-b8b0-69aa045119d7@group-A133DE54D1F1->b5b9165f-6528-4062-9715-63d706d5309e-AppendLogResponseHandler: Failed appendEntries: org.apache.ratis.thirdparty.io.grpc.StatusRuntimeException: CANCELLED: RST_STREAM closed stream. HTTP/2 error code: CANCEL
2024-08-27 20:25:09,331 [grpc-default-executor-2] WARN  server.GrpcLogAppender (GrpcLogAppender.java:lambda$resetClient$1(221)) - 9d1f9f5c-07b4-413f-b8b0-69aa045119d7@group-A133DE54D1F1->b5b9165f-6528-4062-9715-63d706d5309e-GrpcLogAppender: Follower failed (request=null, errorCount=1); keep nextIndex (1) unchanged and retry.
2024-08-27 20:25:09,335 [b5b9165f-6528-4062-9715-63d706d5309e@group-C34A7576515C-StateMachineUpdater] INFO  ratis.ContainerStateMachine (ContainerStateMachine.java:takeSnapshot(374)) - group-C34A7576515C: Finished taking a snapshot at:(t:1, i:0) file:/home/runner/work/ozone/ozone/hadoop-ozone/integration-test/target/test-dir/MiniOzoneClusterImpl-2855d785-c18f-47a1-bcca-44ce8ce60223/ozone-meta/datanode-1/ratis/9a28fa1d-c282-4050-ac37-c34a7576515c/sm/snapshot.1_0 took: 76 ms
2024-08-27 20:25:09,339 [b5b9165f-6528-4062-9715-63d706d5309e@group-C34A7576515C-StateMachineUpdater] INFO  impl.StateMachineUpdater (StateMachineUpdater.java:takeSnapshot(303)) - b5b9165f-6528-4062-9715-63d706d5309e@group-C34A7576515C-StateMachineUpdater: Took a snapshot at index 0
2024-08-27 20:25:09,339 [b5b9165f-6528-4062-9715-63d706d5309e@group-C34A7576515C-StateMachineUpdater] INFO  impl.StateMachineUpdater (StateMachineUpdater.java:lambda$new$0(102)) - b5b9165f-6528-4062-9715-63d706d5309e@group-C34A7576515C-StateMachineUpdater: snapshotIndex: updateIncreasingly -1 -> 0
2024-08-27 20:25:09,341 [Thread-696] INFO  server.GrpcServerProtocolClient (GrpcServerProtocolClient.java:close(103)) - d758e0a9-c5a1-4fd4-978f-3629e4af057b Close channels
2024-08-27 20:25:09,344 [b5b9165f-6528-4062-9715-63d706d5309e@group-C34A7576515C-StateMachineUpdater] INFO  impl.StateMachineUpdater (StateMachineUpdater.java:stop(141)) - b5b9165f-6528-4062-9715-63d706d5309e@group-C34A7576515C-StateMachineUpdater: closing ContainerStateMachine, lastApplied=(t:1, i:0)
2024-08-27 20:25:09,344 [b5b9165f-6528-4062-9715-63d706d5309e@group-C34A7576515C-cacheEviction-AwaitToRun] INFO  util.AwaitToRun (AwaitToRun.java:run(49)) - b5b9165f-6528-4062-9715-63d706d5309e@group-C34A7576515C-cacheEviction-AwaitToRun-AwaitForSignal is interrupted
2024-08-27 20:25:09,345 [Thread-697] INFO  server.GrpcServerProtocolClient (GrpcServerProtocolClient.java:close(103)) - 9d1f9f5c-07b4-413f-b8b0-69aa045119d7 Close channels
2024-08-27 20:25:09,406 [d758e0a9-c5a1-4fd4-978f-3629e4af057b@group-304231B6B230-FollowerState] INFO  impl.FollowerState (FollowerState.java:run(144)) - d758e0a9-c5a1-4fd4-978f-3629e4af057b@group-304231B6B230-FollowerState: change to CANDIDATE, lastRpcElapsedTime:5117168977ns, electionTimeout:5114ms
2024-08-27 20:25:09,406 [d758e0a9-c5a1-4fd4-978f-3629e4af057b@group-304231B6B230-FollowerState] INFO  impl.RoleInfo (RoleInfo.java:shutdownFollowerState(119)) - d758e0a9-c5a1-4fd4-978f-3629e4af057b: shutdown d758e0a9-c5a1-4fd4-978f-3629e4af057b@group-304231B6B230-FollowerState
2024-08-27 20:25:09,406 [d758e0a9-c5a1-4fd4-978f-3629e4af057b@group-304231B6B230-FollowerState] INFO  server.RaftServer$Division (RaftServerImpl.java:setRole(376)) - d758e0a9-c5a1-4fd4-978f-3629e4af057b@group-304231B6B230: changes role from  FOLLOWER to CANDIDATE at term 0 for changeToCandidate
2024-08-27 20:25:09,406 [d758e0a9-c5a1-4fd4-978f-3629e4af057b@group-304231B6B230-FollowerState] INFO  server.RaftServerConfigKeys (ConfUtils.java:logGet(46)) - raft.server.leaderelection.pre-vote = true (default)
2024-08-27 20:25:09,406 [d758e0a9-c5a1-4fd4-978f-3629e4af057b@group-304231B6B230-FollowerState] INFO  impl.RoleInfo (RoleInfo.java:updateAndGet(148)) - d758e0a9-c5a1-4fd4-978f-3629e4af057b: start d758e0a9-c5a1-4fd4-978f-3629e4af057b@group-304231B6B230-LeaderElection7
2024-08-27 20:25:09,414 [d758e0a9-c5a1-4fd4-978f-3629e4af057b@group-304231B6B230-LeaderElection7] INFO  impl.LeaderElection (LeaderElection.java:askForVotes(321)) - d758e0a9-c5a1-4fd4-978f-3629e4af057b@group-304231B6B230-LeaderElection7 PRE_VOTE round 0: submit vote requests at term 0 for conf: {index: -1, cur=peers:[b5b9165f-6528-4062-9715-63d706d5309e|127.0.0.1:15012, d758e0a9-c5a1-4fd4-978f-3629e4af057b|127.0.0.1:15021, 9d1f9f5c-07b4-413f-b8b0-69aa045119d7|127.0.0.1:15030]|listeners:[], old=null}
2024-08-27 20:25:09,418 [d758e0a9-c5a1-4fd4-978f-3629e4af057b@group-304231B6B230-LeaderElection7-1] INFO  server.GrpcServerProtocolClient (GrpcServerProtocolClient.java:<init>(65)) - Build channel for b5b9165f-6528-4062-9715-63d706d5309e|127.0.0.1:15012
2024-08-27 20:25:09,420 [d758e0a9-c5a1-4fd4-978f-3629e4af057b@group-304231B6B230-LeaderElection7] INFO  server.RaftServerConfigKeys (ConfUtils.java:logFallback(53)) - raft.server.rpc.first-election.timeout.min = 5s (fallback to raft.server.rpc.timeout.min)
2024-08-27 20:25:09,420 [d758e0a9-c5a1-4fd4-978f-3629e4af057b@group-304231B6B230-LeaderElection7] INFO  server.RaftServerConfigKeys (ConfUtils.java:logFallback(53)) - raft.server.rpc.first-election.timeout.max = 5200ms (fallback to raft.server.rpc.timeout.max)
2024-08-27 20:25:09,423 [d758e0a9-c5a1-4fd4-978f-3629e4af057b@group-304231B6B230-LeaderElection7-2] INFO  server.GrpcServerProtocolClient (GrpcServerProtocolClient.java:<init>(65)) - Build channel for 9d1f9f5c-07b4-413f-b8b0-69aa045119d7|127.0.0.1:15030
2024-08-27 20:25:09,427 [d758e0a9-c5a1-4fd4-978f-3629e4af057b@group-304231B6B230-LeaderElection7] INFO  impl.LeaderElection (LogUtils.java:infoOrTrace(136)) - d758e0a9-c5a1-4fd4-978f-3629e4af057b@group-304231B6B230-LeaderElection7 got exception when requesting votes: java.util.concurrent.ExecutionException: org.apache.ratis.thirdparty.io.grpc.StatusRuntimeException: UNAVAILABLE: io exception
2024-08-27 20:25:09,430 [9d1f9f5c-07b4-413f-b8b0-69aa045119d7@group-304231B6B230-FollowerState] INFO  impl.FollowerState (FollowerState.java:run(144)) - 9d1f9f5c-07b4-413f-b8b0-69aa045119d7@group-304231B6B230-FollowerState: change to CANDIDATE, lastRpcElapsedTime:5127438646ns, electionTimeout:5121ms
2024-08-27 20:25:09,430 [9d1f9f5c-07b4-413f-b8b0-69aa045119d7@group-304231B6B230-FollowerState] INFO  impl.RoleInfo (RoleInfo.java:shutdownFollowerState(119)) - 9d1f9f5c-07b4-413f-b8b0-69aa045119d7: shutdown 9d1f9f5c-07b4-413f-b8b0-69aa045119d7@group-304231B6B230-FollowerState
2024-08-27 20:25:09,430 [9d1f9f5c-07b4-413f-b8b0-69aa045119d7@group-304231B6B230-FollowerState] INFO  server.RaftServer$Division (RaftServerImpl.java:setRole(376)) - 9d1f9f5c-07b4-413f-b8b0-69aa045119d7@group-304231B6B230: changes role from  FOLLOWER to CANDIDATE at term 0 for changeToCandidate
2024-08-27 20:25:09,430 [9d1f9f5c-07b4-413f-b8b0-69aa045119d7@group-304231B6B230-FollowerState] INFO  server.RaftServerConfigKeys (ConfUtils.java:logGet(46)) - raft.server.leaderelection.pre-vote = true (default)
2024-08-27 20:25:09,430 [9d1f9f5c-07b4-413f-b8b0-69aa045119d7@group-304231B6B230-FollowerState] INFO  impl.RoleInfo (RoleInfo.java:updateAndGet(148)) - 9d1f9f5c-07b4-413f-b8b0-69aa045119d7: start 9d1f9f5c-07b4-413f-b8b0-69aa045119d7@group-304231B6B230-LeaderElection8
2024-08-27 20:25:09,432 [grpc-default-executor-1] INFO  server.RaftServer$Division (RaftServerImpl.java:requestVote(1416)) - 9d1f9f5c-07b4-413f-b8b0-69aa045119d7@group-304231B6B230: receive requestVote(PRE_VOTE, d758e0a9-c5a1-4fd4-978f-3629e4af057b, group-304231B6B230, 0, (t:0, i:0))
2024-08-27 20:25:09,432 [grpc-default-executor-1] INFO  impl.VoteContext (VoteContext.java:log(49)) - 9d1f9f5c-07b4-413f-b8b0-69aa045119d7@group-304231B6B230-CANDIDATE: accept PRE_VOTE from d758e0a9-c5a1-4fd4-978f-3629e4af057b: our priority 0 <= candidate's priority 1
2024-08-27 20:25:09,432 [grpc-default-executor-1] INFO  server.RaftServer$Division (RaftServerImpl.java:requestVote(1449)) - 9d1f9f5c-07b4-413f-b8b0-69aa045119d7@group-304231B6B230 replies to PRE_VOTE vote request: d758e0a9-c5a1-4fd4-978f-3629e4af057b<-9d1f9f5c-07b4-413f-b8b0-69aa045119d7#0:OK-t0. Peer's state: 9d1f9f5c-07b4-413f-b8b0-69aa045119d7@group-304231B6B230:t0, leader=null, voted=, raftlog=Memoized:9d1f9f5c-07b4-413f-b8b0-69aa045119d7@group-304231B6B230-SegmentedRaftLog:OPENED:c-1:lastnull, conf=conf: {index: -1, cur=peers:[b5b9165f-6528-4062-9715-63d706d5309e|127.0.0.1:15012, d758e0a9-c5a1-4fd4-978f-3629e4af057b|127.0.0.1:15021, 9d1f9f5c-07b4-413f-b8b0-69aa045119d7|127.0.0.1:15030]|listeners:[], old=null}
2024-08-27 20:25:09,434 [d758e0a9-c5a1-4fd4-978f-3629e4af057b@group-304231B6B230-LeaderElection7] INFO  impl.LeaderElection (LeaderElection.java:logAndReturn(89)) - d758e0a9-c5a1-4fd4-978f-3629e4af057b@group-304231B6B230-LeaderElection7: PRE_VOTE PASSED received 1 response(s) and 1 exception(s):
2024-08-27 20:25:09,435 [d758e0a9-c5a1-4fd4-978f-3629e4af057b@group-304231B6B230-LeaderElection7] INFO  impl.LeaderElection (LeaderElection.java:logAndReturn(93)) -   Response 0: d758e0a9-c5a1-4fd4-978f-3629e4af057b<-9d1f9f5c-07b4-413f-b8b0-69aa045119d7#0:OK-t0
2024-08-27 20:25:09,435 [d758e0a9-c5a1-4fd4-978f-3629e4af057b@group-304231B6B230-LeaderElection7] INFO  impl.LeaderElection (LogUtils.java:infoOrTrace(136)) -   Exception 1: java.util.concurrent.ExecutionException: org.apache.ratis.thirdparty.io.grpc.StatusRuntimeException: UNAVAILABLE: io exception
2024-08-27 20:25:09,435 [d758e0a9-c5a1-4fd4-978f-3629e4af057b@group-304231B6B230-LeaderElection7] INFO  impl.LeaderElection (LeaderElection.java:askForVotes(323)) - d758e0a9-c5a1-4fd4-978f-3629e4af057b@group-304231B6B230-LeaderElection7 PRE_VOTE round 0: result PASSED
2024-08-27 20:25:09,436 [d758e0a9-c5a1-4fd4-978f-3629e4af057b@group-304231B6B230-LeaderElection7] INFO  impl.LeaderElection (LeaderElection.java:askForVotes(321)) - d758e0a9-c5a1-4fd4-978f-3629e4af057b@group-304231B6B230-LeaderElection7 ELECTION round 0: submit vote requests at term 1 for conf: {index: -1, cur=peers:[b5b9165f-6528-4062-9715-63d706d5309e|127.0.0.1:15012, d758e0a9-c5a1-4fd4-978f-3629e4af057b|127.0.0.1:15021, 9d1f9f5c-07b4-413f-b8b0-69aa045119d7|127.0.0.1:15030]|listeners:[], old=null}
2024-08-27 20:25:09,438 [9d1f9f5c-07b4-413f-b8b0-69aa045119d7@group-304231B6B230-LeaderElection8] INFO  impl.LeaderElection (LeaderElection.java:askForVotes(321)) - 9d1f9f5c-07b4-413f-b8b0-69aa045119d7@group-304231B6B230-LeaderElection8 PRE_VOTE round 0: submit vote requests at term 0 for conf: {index: -1, cur=peers:[b5b9165f-6528-4062-9715-63d706d5309e|127.0.0.1:15012, d758e0a9-c5a1-4fd4-978f-3629e4af057b|127.0.0.1:15021, 9d1f9f5c-07b4-413f-b8b0-69aa045119d7|127.0.0.1:15030]|listeners:[], old=null}
2024-08-27 20:25:09,444 [d758e0a9-c5a1-4fd4-978f-3629e4af057b@group-304231B6B230-LeaderElection7] INFO  server.RaftServerConfigKeys (ConfUtils.java:logFallback(53)) - raft.server.rpc.first-election.timeout.min = 5s (fallback to raft.server.rpc.timeout.min)
2024-08-27 20:25:09,444 [d758e0a9-c5a1-4fd4-978f-3629e4af057b@group-304231B6B230-LeaderElection7] INFO  server.RaftServerConfigKeys (ConfUtils.java:logFallback(53)) - raft.server.rpc.first-election.timeout.max = 5200ms (fallback to raft.server.rpc.timeout.max)
2024-08-27 20:25:09,444 [d758e0a9-c5a1-4fd4-978f-3629e4af057b@group-304231B6B230-LeaderElection7] INFO  impl.LeaderElection (LogUtils.java:infoOrTrace(136)) - d758e0a9-c5a1-4fd4-978f-3629e4af057b@group-304231B6B230-LeaderElection7 got exception when requesting votes: java.util.concurrent.ExecutionException: org.apache.ratis.thirdparty.io.grpc.StatusRuntimeException: UNAVAILABLE: io exception
2024-08-27 20:25:09,446 [grpc-default-executor-1] INFO  server.RaftServer$Division (RaftServerImpl.java:requestVote(1416)) - 9d1f9f5c-07b4-413f-b8b0-69aa045119d7@group-304231B6B230: receive requestVote(ELECTION, d758e0a9-c5a1-4fd4-978f-3629e4af057b, group-304231B6B230, 1, (t:0, i:0))
2024-08-27 20:25:09,446 [grpc-default-executor-1] INFO  impl.VoteContext (VoteContext.java:log(49)) - 9d1f9f5c-07b4-413f-b8b0-69aa045119d7@group-304231B6B230-CANDIDATE: accept ELECTION from d758e0a9-c5a1-4fd4-978f-3629e4af057b: our priority 0 <= candidate's priority 1
2024-08-27 20:25:09,446 [grpc-default-executor-1] INFO  server.RaftServer$Division (RaftServerImpl.java:setRole(376)) - 9d1f9f5c-07b4-413f-b8b0-69aa045119d7@group-304231B6B230: changes role from CANDIDATE to FOLLOWER at term 1 for candidate:d758e0a9-c5a1-4fd4-978f-3629e4af057b
2024-08-27 20:25:09,446 [grpc-default-executor-1] INFO  impl.RoleInfo (RoleInfo.java:shutdownLeaderElection(139)) - 9d1f9f5c-07b4-413f-b8b0-69aa045119d7: shutdown 9d1f9f5c-07b4-413f-b8b0-69aa045119d7@group-304231B6B230-LeaderElection8
2024-08-27 20:25:09,446 [grpc-default-executor-1] INFO  impl.RoleInfo (RoleInfo.java:updateAndGet(148)) - 9d1f9f5c-07b4-413f-b8b0-69aa045119d7: start 9d1f9f5c-07b4-413f-b8b0-69aa045119d7@group-304231B6B230-FollowerState
2024-08-27 20:25:09,453 [grpc-default-executor-1] INFO  server.RaftServer$Division (RaftServerImpl.java:setFirstElection(549)) - 9d1f9f5c-07b4-413f-b8b0-69aa045119d7@group-304231B6B230: set firstElectionSinceStartup to false for candidate:d758e0a9-c5a1-4fd4-978f-3629e4af057b
2024-08-27 20:25:09,454 [grpc-default-executor-1] INFO  server.RaftServer$Division (RaftServerImpl.java:requestVote(1449)) - 9d1f9f5c-07b4-413f-b8b0-69aa045119d7@group-304231B6B230 replies to ELECTION vote request: d758e0a9-c5a1-4fd4-978f-3629e4af057b<-9d1f9f5c-07b4-413f-b8b0-69aa045119d7#0:OK-t1. Peer's state: 9d1f9f5c-07b4-413f-b8b0-69aa045119d7@group-304231B6B230:t1, leader=null, voted=d758e0a9-c5a1-4fd4-978f-3629e4af057b, raftlog=Memoized:9d1f9f5c-07b4-413f-b8b0-69aa045119d7@group-304231B6B230-SegmentedRaftLog:OPENED:c-1:lastnull, conf=conf: {index: -1, cur=peers:[b5b9165f-6528-4062-9715-63d706d5309e|127.0.0.1:15012, d758e0a9-c5a1-4fd4-978f-3629e4af057b|127.0.0.1:15021, 9d1f9f5c-07b4-413f-b8b0-69aa045119d7|127.0.0.1:15030]|listeners:[], old=null}
2024-08-27 20:25:09,456 [d758e0a9-c5a1-4fd4-978f-3629e4af057b@group-304231B6B230-LeaderElection7] INFO  impl.LeaderElection (LeaderElection.java:logAndReturn(89)) - d758e0a9-c5a1-4fd4-978f-3629e4af057b@group-304231B6B230-LeaderElection7: ELECTION PASSED received 1 response(s) and 1 exception(s):
2024-08-27 20:25:09,456 [d758e0a9-c5a1-4fd4-978f-3629e4af057b@group-304231B6B230-LeaderElection7] INFO  impl.LeaderElection (LeaderElection.java:logAndReturn(93)) -   Response 0: d758e0a9-c5a1-4fd4-978f-3629e4af057b<-9d1f9f5c-07b4-413f-b8b0-69aa045119d7#0:OK-t1
2024-08-27 20:25:09,456 [d758e0a9-c5a1-4fd4-978f-3629e4af057b@group-304231B6B230-LeaderElection7] INFO  impl.LeaderElection (LogUtils.java:infoOrTrace(136)) -   Exception 1: java.util.concurrent.ExecutionException: org.apache.ratis.thirdparty.io.grpc.StatusRuntimeException: UNAVAILABLE: io exception
2024-08-27 20:25:09,456 [d758e0a9-c5a1-4fd4-978f-3629e4af057b@group-304231B6B230-LeaderElection7] INFO  impl.LeaderElection (LeaderElection.java:askForVotes(323)) - d758e0a9-c5a1-4fd4-978f-3629e4af057b@group-304231B6B230-LeaderElection7 ELECTION round 0: result PASSED
2024-08-27 20:25:09,456 [d758e0a9-c5a1-4fd4-978f-3629e4af057b@group-304231B6B230-LeaderElection7] INFO  impl.RoleInfo (RoleInfo.java:shutdownLeaderElection(139)) - d758e0a9-c5a1-4fd4-978f-3629e4af057b: shutdown d758e0a9-c5a1-4fd4-978f-3629e4af057b@group-304231B6B230-LeaderElection7
2024-08-27 20:25:09,456 [d758e0a9-c5a1-4fd4-978f-3629e4af057b@group-304231B6B230-LeaderElection7] INFO  server.RaftServer$Division (RaftServerImpl.java:setRole(376)) - d758e0a9-c5a1-4fd4-978f-3629e4af057b@group-304231B6B230: changes role from CANDIDATE to LEADER at term 1 for changeToLeader
2024-08-27 20:25:09,456 [d758e0a9-c5a1-4fd4-978f-3629e4af057b@group-304231B6B230-LeaderElection7] INFO  server.RaftServerConfigKeys (ConfUtils.java:logGet(46)) - raft.server.staging.catchup.gap = 1000 (default)
2024-08-27 20:25:09,457 [d758e0a9-c5a1-4fd4-978f-3629e4af057b@group-304231B6B230-LeaderElection7] INFO  server.RaftServerConfigKeys (ConfUtils.java:logGet(46)) - raft.server.write.element-limit = 1024 (custom)
2024-08-27 20:25:09,457 [d758e0a9-c5a1-4fd4-978f-3629e4af057b@group-304231B6B230-LeaderElection7] INFO  server.RaftServerConfigKeys (ConfUtils.java:logGet(46)) - raft.server.write.byte-limit = 1024 M (=1073741824) (custom)
2024-08-27 20:25:09,457 [d758e0a9-c5a1-4fd4-978f-3629e4af057b@group-304231B6B230-LeaderElection7] INFO  server.RaftServerConfigKeys (ConfUtils.java:logGet(46)) - raft.server.watch.timeout = 30s (custom)
2024-08-27 20:25:09,457 [d758e0a9-c5a1-4fd4-978f-3629e4af057b@group-304231B6B230-LeaderElection7] INFO  server.RaftServerConfigKeys (ConfUtils.java:logGet(46)) - raft.server.watch.timeout.denomination = 1s (default)
2024-08-27 20:25:09,457 [d758e0a9-c5a1-4fd4-978f-3629e4af057b@group-304231B6B230-LeaderElection7] INFO  server.RaftServerConfigKeys (ConfUtils.java:logGet(46)) - raft.server.watch.element-limit = 65536 (default)
2024-08-27 20:25:09,458 [d758e0a9-c5a1-4fd4-978f-3629e4af057b@group-304231B6B230-LeaderElection7] INFO  server.RaftServerConfigKeys (ConfUtils.java:logGet(46)) - raft.server.read.leader.lease.enabled = false (default)
2024-08-27 20:25:09,458 [d758e0a9-c5a1-4fd4-978f-3629e4af057b@group-304231B6B230-LeaderElection7] INFO  server.RaftServerConfigKeys (ConfUtils.java:logGet(46)) - raft.server.read.leader.lease.timeout.ratio = 0.9 (default)
2024-08-27 20:25:09,458 [d758e0a9-c5a1-4fd4-978f-3629e4af057b@group-304231B6B230-LeaderElection7] INFO  server.RaftServerConfigKeys (ConfUtils.java:logGet(46)) - raft.server.rpc.timeout.min = 5s (custom)
2024-08-27 20:25:09,458 [d758e0a9-c5a1-4fd4-978f-3629e4af057b@group-304231B6B230-LeaderElection7] INFO  server.RaftServerConfigKeys (ConfUtils.java:logGet(46)) - raft.server.log.log-metadata.enabled = true (default)
2024-08-27 20:25:09,458 [d758e0a9-c5a1-4fd4-978f-3629e4af057b@group-304231B6B230-LeaderElection7] INFO  server.RaftServerConfigKeys (ConfUtils.java:logGet(46)) - raft.server.write.element-limit = 1024 (custom)
2024-08-27 20:25:09,458 [d758e0a9-c5a1-4fd4-978f-3629e4af057b@group-304231B6B230-LeaderElection7] INFO  server.RaftServerConfigKeys (ConfUtils.java:logGet(46)) - raft.server.write.follower.gap.ratio.max = -1.0 (default)
2024-08-27 20:25:09,459 [d758e0a9-c5a1-4fd4-978f-3629e4af057b@group-304231B6B230-LeaderElection7] INFO  server.RaftServerConfigKeys (ConfUtils.java:logGet(46)) - raft.server.log.appender.snapshot.chunk.size.max = 16MB (=16777216) (default)
2024-08-27 20:25:09,459 [d758e0a9-c5a1-4fd4-978f-3629e4af057b@group-304231B6B230-LeaderElection7] INFO  server.RaftServerConfigKeys (ConfUtils.java:logGet(46)) - raft.server.log.appender.buffer.byte-limit = 8388608 (custom)
2024-08-27 20:25:09,459 [d758e0a9-c5a1-4fd4-978f-3629e4af057b@group-304231B6B230-LeaderElection7] INFO  server.RaftServerConfigKeys (ConfUtils.java:logGet(46)) - raft.server.log.appender.buffer.element-limit = 1024 (custom)
2024-08-27 20:25:09,459 [d758e0a9-c5a1-4fd4-978f-3629e4af057b@group-304231B6B230-LeaderElection7] INFO  server.RaftServerConfigKeys (ConfUtils.java:logGet(46)) - raft.server.log.appender.wait-time.min = 0μs (custom)
2024-08-27 20:25:09,460 [d758e0a9-c5a1-4fd4-978f-3629e4af057b@group-304231B6B230-LeaderElection7] INFO  grpc.GrpcConfigKeys (ConfUtils.java:logGet(46)) - raft.grpc.server.leader.outstanding.appends.max = 8 (default)
2024-08-27 20:25:09,460 [d758e0a9-c5a1-4fd4-978f-3629e4af057b@group-304231B6B230-LeaderElection7] INFO  server.RaftServerConfigKeys (ConfUtils.java:logGet(46)) - raft.server.rpc.request.timeout = 60s (custom)
2024-08-27 20:25:09,460 [d758e0a9-c5a1-4fd4-978f-3629e4af057b@group-304231B6B230-LeaderElection7] INFO  grpc.GrpcConfigKeys (ConfUtils.java:logGet(46)) - raft.grpc.server.install_snapshot.request.element-limit = 8 (default)
2024-08-27 20:25:09,460 [d758e0a9-c5a1-4fd4-978f-3629e4af057b@group-304231B6B230-LeaderElection7] INFO  grpc.GrpcConfigKeys (ConfUtils.java:logGet(46)) - raft.grpc.server.install_snapshot.request.timeout = 3000ms (default)
2024-08-27 20:25:09,460 [d758e0a9-c5a1-4fd4-978f-3629e4af057b@group-304231B6B230-LeaderElection7] INFO  grpc.GrpcConfigKeys (ConfUtils.java:logGet(46)) - raft.grpc.server.log-message.batch.duration = 5s (default)
2024-08-27 20:25:09,460 [d758e0a9-c5a1-4fd4-978f-3629e4af057b@group-304231B6B230-LeaderElection7] INFO  server.RaftServerConfigKeys (ConfUtils.java:logGet(46)) - raft.server.log.appender.install.snapshot.enabled = false (custom)
2024-08-27 20:25:09,460 [d758e0a9-c5a1-4fd4-978f-3629e4af057b@group-304231B6B230-LeaderElection7] INFO  grpc.GrpcConfigKeys (ConfUtils.java:logGet(46)) - raft.grpc.server.heartbeat.channel = true (default)
2024-08-27 20:25:09,461 [d758e0a9-c5a1-4fd4-978f-3629e4af057b@group-304231B6B230-LeaderElection7] INFO  server.RaftServerConfigKeys (ConfUtils.java:logGet(46)) - raft.server.log.appender.snapshot.chunk.size.max = 16MB (=16777216) (default)
2024-08-27 20:25:09,461 [d758e0a9-c5a1-4fd4-978f-3629e4af057b@group-304231B6B230-LeaderElection7] INFO  server.RaftServerConfigKeys (ConfUtils.java:logGet(46)) - raft.server.log.appender.buffer.byte-limit = 8388608 (custom)
2024-08-27 20:25:09,461 [d758e0a9-c5a1-4fd4-978f-3629e4af057b@group-304231B6B230-LeaderElection7] INFO  server.RaftServerConfigKeys (ConfUtils.java:logGet(46)) - raft.server.log.appender.buffer.element-limit = 1024 (custom)
2024-08-27 20:25:09,462 [d758e0a9-c5a1-4fd4-978f-3629e4af057b@group-304231B6B230-LeaderElection7] INFO  server.RaftServerConfigKeys (ConfUtils.java:logGet(46)) - raft.server.log.appender.wait-time.min = 0μs (custom)
2024-08-27 20:25:09,462 [d758e0a9-c5a1-4fd4-978f-3629e4af057b@group-304231B6B230-LeaderElection7] INFO  grpc.GrpcConfigKeys (ConfUtils.java:logGet(46)) - raft.grpc.server.leader.outstanding.appends.max = 8 (default)
2024-08-27 20:25:09,462 [d758e0a9-c5a1-4fd4-978f-3629e4af057b@group-304231B6B230-LeaderElection7] INFO  server.RaftServerConfigKeys (ConfUtils.java:logGet(46)) - raft.server.rpc.request.timeout = 60s (custom)
2024-08-27 20:25:09,462 [d758e0a9-c5a1-4fd4-978f-3629e4af057b@group-304231B6B230-LeaderElection7] INFO  grpc.GrpcConfigKeys (ConfUtils.java:logGet(46)) - raft.grpc.server.install_snapshot.request.element-limit = 8 (default)
2024-08-27 20:25:09,462 [d758e0a9-c5a1-4fd4-978f-3629e4af057b@group-304231B6B230-LeaderElection7] INFO  grpc.GrpcConfigKeys (ConfUtils.java:logGet(46)) - raft.grpc.server.install_snapshot.request.timeout = 3000ms (default)
2024-08-27 20:25:09,462 [d758e0a9-c5a1-4fd4-978f-3629e4af057b@group-304231B6B230-LeaderElection7] INFO  grpc.GrpcConfigKeys (ConfUtils.java:logGet(46)) - raft.grpc.server.log-message.batch.duration = 5s (default)
2024-08-27 20:25:09,462 [d758e0a9-c5a1-4fd4-978f-3629e4af057b@group-304231B6B230-LeaderElection7] INFO  server.RaftServerConfigKeys (ConfUtils.java:logGet(46)) - raft.server.log.appender.install.snapshot.enabled = false (custom)
2024-08-27 20:25:09,462 [d758e0a9-c5a1-4fd4-978f-3629e4af057b@group-304231B6B230-LeaderElection7] INFO  grpc.GrpcConfigKeys (ConfUtils.java:logGet(46)) - raft.grpc.server.heartbeat.channel = true (default)
2024-08-27 20:25:09,462 [9d1f9f5c-07b4-413f-b8b0-69aa045119d7@group-304231B6B230-LeaderElection8] INFO  impl.LeaderElection (LeaderElection.java:logAndReturn(89)) - 9d1f9f5c-07b4-413f-b8b0-69aa045119d7@group-304231B6B230-LeaderElection8: PRE_VOTE REJECTED received 0 response(s) and 0 exception(s):
2024-08-27 20:25:09,463 [9d1f9f5c-07b4-413f-b8b0-69aa045119d7@group-304231B6B230-LeaderElection8] INFO  impl.LeaderElection (LeaderElection.java:askForVotes(323)) - 9d1f9f5c-07b4-413f-b8b0-69aa045119d7@group-304231B6B230-LeaderElection8 PRE_VOTE round 0: result REJECTED
2024-08-27 20:25:09,463 [d758e0a9-c5a1-4fd4-978f-3629e4af057b@group-304231B6B230-LeaderElection7] INFO  impl.RoleInfo (RoleInfo.java:updateAndGet(148)) - d758e0a9-c5a1-4fd4-978f-3629e4af057b: start d758e0a9-c5a1-4fd4-978f-3629e4af057b@group-304231B6B230-LeaderStateImpl
2024-08-27 20:25:09,463 [d758e0a9-c5a1-4fd4-978f-3629e4af057b@group-304231B6B230-LeaderElection7] INFO  server.RaftServer$Division (RaftServerImpl.java:setFirstElection(549)) - d758e0a9-c5a1-4fd4-978f-3629e4af057b@group-304231B6B230: set firstElectionSinceStartup to false for becomeLeader
2024-08-27 20:25:09,463 [d758e0a9-c5a1-4fd4-978f-3629e4af057b@group-304231B6B230-LeaderElection7] INFO  ratis.XceiverServerRatis (XceiverServerRatis.java:handleLeaderChangedNotification(950)) - Leader change notification received for group: group-304231B6B230 with new leaderId: d758e0a9-c5a1-4fd4-978f-3629e4af057b
2024-08-27 20:25:09,464 [grpc-default-executor-1] INFO  server.RaftServer$Division (RaftServerImpl.java:requestVote(1416)) - d758e0a9-c5a1-4fd4-978f-3629e4af057b@group-304231B6B230: receive requestVote(PRE_VOTE, 9d1f9f5c-07b4-413f-b8b0-69aa045119d7, group-304231B6B230, 0, (t:0, i:0))
2024-08-27 20:25:09,466 [d758e0a9-c5a1-4fd4-978f-3629e4af057b@group-304231B6B230-LeaderElection7] INFO  server.RaftServer$Division (ServerState.java:setLeader(272)) - d758e0a9-c5a1-4fd4-978f-3629e4af057b@group-304231B6B230: change Leader from null to d758e0a9-c5a1-4fd4-978f-3629e4af057b at term 1 for becomeLeader, leader elected after 5214ms
2024-08-27 20:25:09,468 [d758e0a9-c5a1-4fd4-978f-3629e4af057b@group-304231B6B230-LeaderElection7] INFO  segmented.SegmentedRaftLogWorker (SegmentedRaftLogWorker.java:startLogSegment(433)) - d758e0a9-c5a1-4fd4-978f-3629e4af057b@group-304231B6B230-SegmentedRaftLogWorker: Starting segment from index:0
2024-08-27 20:25:09,468 [EventQueue-PipelineReportForPipelineReportHandler] INFO  pipeline.PipelineReportHandler (PipelineReportHandler.java:processPipelineReport(136)) - Opened pipeline PipelineID=1a4e5420-6724-4a1d-aa95-304231b6b230
2024-08-27 20:25:09,469 [d758e0a9-c5a1-4fd4-978f-3629e4af057b@group-304231B6B230-SegmentedRaftLogWorker] INFO  segmented.BufferedWriteChannel (BufferedWriteChannel.java:open(61)) - open log_inprogress_0 at position 0
2024-08-27 20:25:09,476 [d758e0a9-c5a1-4fd4-978f-3629e4af057b@group-304231B6B230-LeaderElection7] INFO  server.RaftServer$Division (ServerState.java:setRaftConf(386)) - d758e0a9-c5a1-4fd4-978f-3629e4af057b@group-304231B6B230: set configuration conf: {index: 0, cur=peers:[b5b9165f-6528-4062-9715-63d706d5309e|127.0.0.1:15012, d758e0a9-c5a1-4fd4-978f-3629e4af057b|127.0.0.1:15021, 9d1f9f5c-07b4-413f-b8b0-69aa045119d7|127.0.0.1:15030]|listeners:[], old=null}
2024-08-27 20:25:09,478 [grpc-default-executor-2] WARN  server.GrpcLogAppender (LogUtils.java:warn(121)) - d758e0a9-c5a1-4fd4-978f-3629e4af057b@group-304231B6B230->b5b9165f-6528-4062-9715-63d706d5309e-AppendLogResponseHandler: Failed appendEntries: org.apache.ratis.thirdparty.io.grpc.StatusRuntimeException: UNAVAILABLE: io exception
2024-08-27 20:25:09,478 [grpc-default-executor-1] INFO  impl.VoteContext (VoteContext.java:log(49)) - d758e0a9-c5a1-4fd4-978f-3629e4af057b@group-304231B6B230-LEADER: reject PRE_VOTE from 9d1f9f5c-07b4-413f-b8b0-69aa045119d7: this server is the leader and still has leadership
2024-08-27 20:25:09,478 [grpc-default-executor-1] INFO  server.RaftServer$Division (RaftServerImpl.java:requestVote(1449)) - d758e0a9-c5a1-4fd4-978f-3629e4af057b@group-304231B6B230 replies to PRE_VOTE vote request: 9d1f9f5c-07b4-413f-b8b0-69aa045119d7<-d758e0a9-c5a1-4fd4-978f-3629e4af057b#0:FAIL-t1. Peer's state: d758e0a9-c5a1-4fd4-978f-3629e4af057b@group-304231B6B230:t1, leader=d758e0a9-c5a1-4fd4-978f-3629e4af057b, voted=d758e0a9-c5a1-4fd4-978f-3629e4af057b, raftlog=Memoized:d758e0a9-c5a1-4fd4-978f-3629e4af057b@group-304231B6B230-SegmentedRaftLog:OPENED:c-1:last(t:1, i:0), conf=conf: {index: 0, cur=peers:[b5b9165f-6528-4062-9715-63d706d5309e|127.0.0.1:15012, d758e0a9-c5a1-4fd4-978f-3629e4af057b|127.0.0.1:15021, 9d1f9f5c-07b4-413f-b8b0-69aa045119d7|127.0.0.1:15030]|listeners:[], old=null}
2024-08-27 20:25:09,481 [d758e0a9-c5a1-4fd4-978f-3629e4af057b@group-304231B6B230-SegmentedRaftLogWorker] INFO  segmented.SegmentedRaftLogWorker (SegmentedRaftLogWorker.java:execute(637)) - d758e0a9-c5a1-4fd4-978f-3629e4af057b@group-304231B6B230-SegmentedRaftLogWorker: created new log segment /home/runner/work/ozone/ozone/hadoop-ozone/integration-test/target/test-dir/MiniOzoneClusterImpl-2855d785-c18f-47a1-bcca-44ce8ce60223/ozone-meta/datanode-2/ratis/1a4e5420-6724-4a1d-aa95-304231b6b230/current/log_inprogress_0
2024-08-27 20:25:09,489 [grpc-default-executor-2] WARN  server.GrpcLogAppender (GrpcLogAppender.java:lambda$resetClient$1(221)) - d758e0a9-c5a1-4fd4-978f-3629e4af057b@group-304231B6B230->b5b9165f-6528-4062-9715-63d706d5309e-GrpcLogAppender: Follower failed (request=null, errorCount=1); keep nextIndex (0) unchanged and retry.
2024-08-27 20:25:09,491 [9d1f9f5c-07b4-413f-b8b0-69aa045119d7-server-thread2] INFO  ratis.XceiverServerRatis (XceiverServerRatis.java:handleLeaderChangedNotification(950)) - Leader change notification received for group: group-304231B6B230 with new leaderId: d758e0a9-c5a1-4fd4-978f-3629e4af057b
2024-08-27 20:25:09,491 [9d1f9f5c-07b4-413f-b8b0-69aa045119d7-server-thread2] INFO  server.RaftServer$Division (ServerState.java:setLeader(272)) - 9d1f9f5c-07b4-413f-b8b0-69aa045119d7@group-304231B6B230: change Leader from null to d758e0a9-c5a1-4fd4-978f-3629e4af057b at term 1 for appendEntries, leader elected after 5219ms
2024-08-27 20:25:09,492 [9d1f9f5c-07b4-413f-b8b0-69aa045119d7-server-thread2] INFO  server.RaftServer$Division (ServerState.java:setRaftConf(386)) - 9d1f9f5c-07b4-413f-b8b0-69aa045119d7@group-304231B6B230: set configuration conf: {index: 0, cur=peers:[b5b9165f-6528-4062-9715-63d706d5309e|127.0.0.1:15012, d758e0a9-c5a1-4fd4-978f-3629e4af057b|127.0.0.1:15021, 9d1f9f5c-07b4-413f-b8b0-69aa045119d7|127.0.0.1:15030]|listeners:[], old=null}
2024-08-27 20:25:09,492 [9d1f9f5c-07b4-413f-b8b0-69aa045119d7-server-thread2] INFO  segmented.SegmentedRaftLogWorker (SegmentedRaftLogWorker.java:startLogSegment(433)) - 9d1f9f5c-07b4-413f-b8b0-69aa045119d7@group-304231B6B230-SegmentedRaftLogWorker: Starting segment from index:0
2024-08-27 20:25:09,493 [9d1f9f5c-07b4-413f-b8b0-69aa045119d7@group-304231B6B230-SegmentedRaftLogWorker] INFO  segmented.BufferedWriteChannel (BufferedWriteChannel.java:open(61)) - open log_inprogress_0 at position 0
2024-08-27 20:25:09,507 [9d1f9f5c-07b4-413f-b8b0-69aa045119d7@group-304231B6B230-SegmentedRaftLogWorker] INFO  segmented.SegmentedRaftLogWorker (SegmentedRaftLogWorker.java:execute(637)) - 9d1f9f5c-07b4-413f-b8b0-69aa045119d7@group-304231B6B230-SegmentedRaftLogWorker: created new log segment /home/runner/work/ozone/ozone/hadoop-ozone/integration-test/target/test-dir/MiniOzoneClusterImpl-2855d785-c18f-47a1-bcca-44ce8ce60223/ozone-meta/datanode-3/ratis/1a4e5420-6724-4a1d-aa95-304231b6b230/current/log_inprogress_0
2024-08-27 20:25:09,512 [9d1f9f5c-07b4-413f-b8b0-69aa045119d7@group-0DCCA2FB08E8-FollowerState] INFO  impl.FollowerState (FollowerState.java:run(144)) - 9d1f9f5c-07b4-413f-b8b0-69aa045119d7@group-0DCCA2FB08E8-FollowerState: change to CANDIDATE, lastRpcElapsedTime:5139706861ns, electionTimeout:5138ms
2024-08-27 20:25:09,512 [9d1f9f5c-07b4-413f-b8b0-69aa045119d7@group-0DCCA2FB08E8-FollowerState] INFO  impl.RoleInfo (RoleInfo.java:shutdownFollowerState(119)) - 9d1f9f5c-07b4-413f-b8b0-69aa045119d7: shutdown 9d1f9f5c-07b4-413f-b8b0-69aa045119d7@group-0DCCA2FB08E8-FollowerState
2024-08-27 20:25:09,512 [9d1f9f5c-07b4-413f-b8b0-69aa045119d7@group-0DCCA2FB08E8-FollowerState] INFO  server.RaftServer$Division (RaftServerImpl.java:setRole(376)) - 9d1f9f5c-07b4-413f-b8b0-69aa045119d7@group-0DCCA2FB08E8: changes role from  FOLLOWER to CANDIDATE at term 0 for changeToCandidate
2024-08-27 20:25:09,513 [9d1f9f5c-07b4-413f-b8b0-69aa045119d7@group-0DCCA2FB08E8-FollowerState] INFO  server.RaftServerConfigKeys (ConfUtils.java:logGet(46)) - raft.server.leaderelection.pre-vote = true (default)
2024-08-27 20:25:09,513 [9d1f9f5c-07b4-413f-b8b0-69aa045119d7@group-0DCCA2FB08E8-FollowerState] INFO  impl.RoleInfo (RoleInfo.java:updateAndGet(148)) - 9d1f9f5c-07b4-413f-b8b0-69aa045119d7: start 9d1f9f5c-07b4-413f-b8b0-69aa045119d7@group-0DCCA2FB08E8-LeaderElection9
2024-08-27 20:25:09,513 [9d1f9f5c-07b4-413f-b8b0-69aa045119d7@group-0DCCA2FB08E8-LeaderElection9] INFO  impl.LeaderElection (LeaderElection.java:askForVotes(321)) - 9d1f9f5c-07b4-413f-b8b0-69aa045119d7@group-0DCCA2FB08E8-LeaderElection9 PRE_VOTE round 0: submit vote requests at term 0 for conf: {index: -1, cur=peers:[9d1f9f5c-07b4-413f-b8b0-69aa045119d7|127.0.0.1:15030]|listeners:[], old=null}
2024-08-27 20:25:09,514 [9d1f9f5c-07b4-413f-b8b0-69aa045119d7@group-0DCCA2FB08E8-LeaderElection9] INFO  impl.LeaderElection (LeaderElection.java:askForVotes(323)) - 9d1f9f5c-07b4-413f-b8b0-69aa045119d7@group-0DCCA2FB08E8-LeaderElection9 PRE_VOTE round 0: result PASSED (term=0)
2024-08-27 20:25:09,514 [d758e0a9-c5a1-4fd4-978f-3629e4af057b@group-304231B6B230-StateMachineUpdater] INFO  server.RaftServer$Division (LeaderStateImpl.java:checkStartIndex(316)) - Leader d758e0a9-c5a1-4fd4-978f-3629e4af057b@group-304231B6B230-LeaderStateImpl is ready since appliedIndex == startIndex == 0
2024-08-27 20:25:09,515 [9d1f9f5c-07b4-413f-b8b0-69aa045119d7@group-0DCCA2FB08E8-LeaderElection9] INFO  impl.LeaderElection (LeaderElection.java:askForVotes(321)) - 9d1f9f5c-07b4-413f-b8b0-69aa045119d7@group-0DCCA2FB08E8-LeaderElection9 ELECTION round 0: submit vote requests at term 1 for conf: {index: -1, cur=peers:[9d1f9f5c-07b4-413f-b8b0-69aa045119d7|127.0.0.1:15030]|listeners:[], old=null}
2024-08-27 20:25:09,516 [9d1f9f5c-07b4-413f-b8b0-69aa045119d7@group-0DCCA2FB08E8-LeaderElection9] INFO  impl.LeaderElection (LeaderElection.java:askForVotes(323)) - 9d1f9f5c-07b4-413f-b8b0-69aa045119d7@group-0DCCA2FB08E8-LeaderElection9 ELECTION round 0: result PASSED (term=1)
2024-08-27 20:25:09,516 [9d1f9f5c-07b4-413f-b8b0-69aa045119d7@group-0DCCA2FB08E8-LeaderElection9] INFO  impl.RoleInfo (RoleInfo.java:shutdownLeaderElection(139)) - 9d1f9f5c-07b4-413f-b8b0-69aa045119d7: shutdown 9d1f9f5c-07b4-413f-b8b0-69aa045119d7@group-0DCCA2FB08E8-LeaderElection9
2024-08-27 20:25:09,516 [9d1f9f5c-07b4-413f-b8b0-69aa045119d7@group-0DCCA2FB08E8-LeaderElection9] INFO  server.RaftServer$Division (RaftServerImpl.java:setRole(376)) - 9d1f9f5c-07b4-413f-b8b0-69aa045119d7@group-0DCCA2FB08E8: changes role from CANDIDATE to LEADER at term 1 for changeToLeader
2024-08-27 20:25:09,516 [9d1f9f5c-07b4-413f-b8b0-69aa045119d7@group-0DCCA2FB08E8-LeaderElection9] INFO  server.RaftServerConfigKeys (ConfUtils.java:logGet(46)) - raft.server.staging.catchup.gap = 1000 (default)
2024-08-27 20:25:09,517 [9d1f9f5c-07b4-413f-b8b0-69aa045119d7@group-0DCCA2FB08E8-LeaderElection9] INFO  server.RaftServerConfigKeys (ConfUtils.java:logGet(46)) - raft.server.write.element-limit = 1024 (custom)
2024-08-27 20:25:09,517 [9d1f9f5c-07b4-413f-b8b0-69aa045119d7@group-0DCCA2FB08E8-LeaderElection9] INFO  server.RaftServerConfigKeys (ConfUtils.java:logGet(46)) - raft.server.write.byte-limit = 1024 M (=1073741824) (custom)
2024-08-27 20:25:09,518 [9d1f9f5c-07b4-413f-b8b0-69aa045119d7@group-0DCCA2FB08E8-LeaderElection9] INFO  server.RaftServerConfigKeys (ConfUtils.java:logGet(46)) - raft.server.watch.timeout = 30s (custom)
2024-08-27 20:25:09,518 [9d1f9f5c-07b4-413f-b8b0-69aa045119d7@group-0DCCA2FB08E8-LeaderElection9] INFO  server.RaftServerConfigKeys (ConfUtils.java:logGet(46)) - raft.server.watch.timeout.denomination = 1s (default)
2024-08-27 20:25:09,518 [9d1f9f5c-07b4-413f-b8b0-69aa045119d7@group-0DCCA2FB08E8-LeaderElection9] INFO  server.RaftServerConfigKeys (ConfUtils.java:logGet(46)) - raft.server.watch.element-limit = 65536 (default)
2024-08-27 20:25:09,519 [9d1f9f5c-07b4-413f-b8b0-69aa045119d7@group-0DCCA2FB08E8-LeaderElection9] INFO  server.RaftServerConfigKeys (ConfUtils.java:logGet(46)) - raft.server.read.leader.lease.enabled = false (default)
2024-08-27 20:25:09,519 [9d1f9f5c-07b4-413f-b8b0-69aa045119d7@group-0DCCA2FB08E8-LeaderElection9] INFO  server.RaftServerConfigKeys (ConfUtils.java:logGet(46)) - raft.server.read.leader.lease.timeout.ratio = 0.9 (default)
2024-08-27 20:25:09,519 [9d1f9f5c-07b4-413f-b8b0-69aa045119d7@group-0DCCA2FB08E8-LeaderElection9] INFO  server.RaftServerConfigKeys (ConfUtils.java:logGet(46)) - raft.server.rpc.timeout.min = 5s (custom)
2024-08-27 20:25:09,519 [9d1f9f5c-07b4-413f-b8b0-69aa045119d7@group-0DCCA2FB08E8-LeaderElection9] INFO  server.RaftServerConfigKeys (ConfUtils.java:logGet(46)) - raft.server.log.log-metadata.enabled = true (default)
2024-08-27 20:25:09,519 [9d1f9f5c-07b4-413f-b8b0-69aa045119d7@group-0DCCA2FB08E8-LeaderElection9] INFO  server.RaftServerConfigKeys (ConfUtils.java:logGet(46)) - raft.server.write.element-limit = 1024 (custom)
2024-08-27 20:25:09,519 [9d1f9f5c-07b4-413f-b8b0-69aa045119d7@group-0DCCA2FB08E8-LeaderElection9] INFO  server.RaftServerConfigKeys (ConfUtils.java:logGet(46)) - raft.server.write.follower.gap.ratio.max = -1.0 (default)
2024-08-27 20:25:09,519 [9d1f9f5c-07b4-413f-b8b0-69aa045119d7@group-0DCCA2FB08E8-LeaderElection9] INFO  impl.RoleInfo (RoleInfo.java:updateAndGet(148)) - 9d1f9f5c-07b4-413f-b8b0-69aa045119d7: start 9d1f9f5c-07b4-413f-b8b0-69aa045119d7@group-0DCCA2FB08E8-LeaderStateImpl
2024-08-27 20:25:09,519 [9d1f9f5c-07b4-413f-b8b0-69aa045119d7@group-0DCCA2FB08E8-LeaderElection9] INFO  server.RaftServer$Division (RaftServerImpl.java:setFirstElection(549)) - 9d1f9f5c-07b4-413f-b8b0-69aa045119d7@group-0DCCA2FB08E8: set firstElectionSinceStartup to false for becomeLeader
2024-08-27 20:25:09,519 [9d1f9f5c-07b4-413f-b8b0-69aa045119d7@group-0DCCA2FB08E8-LeaderElection9] INFO  ratis.XceiverServerRatis (XceiverServerRatis.java:handleLeaderChangedNotification(950)) - Leader change notification received for group: group-0DCCA2FB08E8 with new leaderId: 9d1f9f5c-07b4-413f-b8b0-69aa045119d7
2024-08-27 20:25:09,520 [9d1f9f5c-07b4-413f-b8b0-69aa045119d7@group-0DCCA2FB08E8-LeaderElection9] INFO  server.RaftServer$Division (ServerState.java:setLeader(272)) - 9d1f9f5c-07b4-413f-b8b0-69aa045119d7@group-0DCCA2FB08E8: change Leader from null to 9d1f9f5c-07b4-413f-b8b0-69aa045119d7 at term 1 for becomeLeader, leader elected after 5174ms
2024-08-27 20:25:09,520 [9d1f9f5c-07b4-413f-b8b0-69aa045119d7@group-0DCCA2FB08E8-LeaderElection9] INFO  segmented.SegmentedRaftLogWorker (SegmentedRaftLogWorker.java:startLogSegment(433)) - 9d1f9f5c-07b4-413f-b8b0-69aa045119d7@group-0DCCA2FB08E8-SegmentedRaftLogWorker: Starting segment from index:0
2024-08-27 20:25:09,520 [9d1f9f5c-07b4-413f-b8b0-69aa045119d7@group-0DCCA2FB08E8-LeaderElection9] INFO  server.RaftServer$Division (ServerState.java:setRaftConf(386)) - 9d1f9f5c-07b4-413f-b8b0-69aa045119d7@group-0DCCA2FB08E8: set configuration conf: {index: 0, cur=peers:[9d1f9f5c-07b4-413f-b8b0-69aa045119d7|127.0.0.1:15030]|listeners:[], old=null}
2024-08-27 20:25:09,521 [9d1f9f5c-07b4-413f-b8b0-69aa045119d7@group-0DCCA2FB08E8-SegmentedRaftLogWorker] INFO  segmented.BufferedWriteChannel (BufferedWriteChannel.java:open(61)) - open log_inprogress_0 at position 0
2024-08-27 20:25:09,533 [9d1f9f5c-07b4-413f-b8b0-69aa045119d7@group-0DCCA2FB08E8-SegmentedRaftLogWorker] INFO  segmented.SegmentedRaftLogWorker (SegmentedRaftLogWorker.java:execute(637)) - 9d1f9f5c-07b4-413f-b8b0-69aa045119d7@group-0DCCA2FB08E8-SegmentedRaftLogWorker: created new log segment /home/runner/work/ozone/ozone/hadoop-ozone/integration-test/target/test-dir/MiniOzoneClusterImpl-2855d785-c18f-47a1-bcca-44ce8ce60223/ozone-meta/datanode-3/ratis/8eba0c35-bf2b-4a6e-b1aa-0dcca2fb08e8/current/log_inprogress_0
2024-08-27 20:25:09,536 [9d1f9f5c-07b4-413f-b8b0-69aa045119d7@group-0DCCA2FB08E8-StateMachineUpdater] INFO  server.RaftServer$Division (LeaderStateImpl.java:checkStartIndex(316)) - Leader 9d1f9f5c-07b4-413f-b8b0-69aa045119d7@group-0DCCA2FB08E8-LeaderStateImpl is ready since appliedIndex == startIndex == 0
2024-08-27 20:25:09,791 [b5b9165f-6528-4062-9715-63d706d5309e-impl-thread1] INFO  segmented.SegmentedRaftLogWorker (SegmentedRaftLogWorker.java:close(248)) - b5b9165f-6528-4062-9715-63d706d5309e@group-C34A7576515C-SegmentedRaftLogWorker close()
2024-08-27 20:25:09,796 [b5b9165f-6528-4062-9715-63d706d5309e-impl-thread1] INFO  ratis.ContainerStateMachine (ContainerStateMachine.java:notifyServerShutdown(956)) - group-C34A7576515C is closed by HddsDatanodeService
2024-08-27 20:25:09,899 [f3028915-7dd4-47fe-983a-636a8839ab96@group-B30E101814FB-FollowerState] INFO  impl.FollowerState (FollowerState.java:run(144)) - f3028915-7dd4-47fe-983a-636a8839ab96@group-B30E101814FB-FollowerState: change to CANDIDATE, lastRpcElapsedTime:5119916349ns, electionTimeout:5116ms
2024-08-27 20:25:09,899 [f3028915-7dd4-47fe-983a-636a8839ab96@group-B30E101814FB-FollowerState] INFO  impl.RoleInfo (RoleInfo.java:shutdownFollowerState(119)) - f3028915-7dd4-47fe-983a-636a8839ab96: shutdown f3028915-7dd4-47fe-983a-636a8839ab96@group-B30E101814FB-FollowerState
2024-08-27 20:25:09,899 [f3028915-7dd4-47fe-983a-636a8839ab96@group-B30E101814FB-FollowerState] INFO  server.RaftServer$Division (RaftServerImpl.java:setRole(376)) - f3028915-7dd4-47fe-983a-636a8839ab96@group-B30E101814FB: changes role from  FOLLOWER to CANDIDATE at term 0 for changeToCandidate
2024-08-27 20:25:09,899 [f3028915-7dd4-47fe-983a-636a8839ab96@group-B30E101814FB-FollowerState] INFO  server.RaftServerConfigKeys (ConfUtils.java:logGet(46)) - raft.server.leaderelection.pre-vote = true (default)
2024-08-27 20:25:09,899 [f3028915-7dd4-47fe-983a-636a8839ab96@group-B30E101814FB-FollowerState] INFO  impl.RoleInfo (RoleInfo.java:updateAndGet(148)) - f3028915-7dd4-47fe-983a-636a8839ab96: start f3028915-7dd4-47fe-983a-636a8839ab96@group-B30E101814FB-LeaderElection10
2024-08-27 20:25:09,900 [f3028915-7dd4-47fe-983a-636a8839ab96@group-B30E101814FB-LeaderElection10] INFO  impl.LeaderElection (LeaderElection.java:askForVotes(321)) - f3028915-7dd4-47fe-983a-636a8839ab96@group-B30E101814FB-LeaderElection10 PRE_VOTE round 0: submit vote requests at term 0 for conf: {index: -1, cur=peers:[f3028915-7dd4-47fe-983a-636a8839ab96|127.0.0.1:15039]|listeners:[], old=null}
2024-08-27 20:25:09,900 [f3028915-7dd4-47fe-983a-636a8839ab96@group-B30E101814FB-LeaderElection10] INFO  impl.LeaderElection (LeaderElection.java:askForVotes(323)) - f3028915-7dd4-47fe-983a-636a8839ab96@group-B30E101814FB-LeaderElection10 PRE_VOTE round 0: result PASSED (term=0)
2024-08-27 20:25:09,901 [f3028915-7dd4-47fe-983a-636a8839ab96@group-B30E101814FB-LeaderElection10] INFO  impl.LeaderElection (LeaderElection.java:askForVotes(321)) - f3028915-7dd4-47fe-983a-636a8839ab96@group-B30E101814FB-LeaderElection10 ELECTION round 0: submit vote requests at term 1 for conf: {index: -1, cur=peers:[f3028915-7dd4-47fe-983a-636a8839ab96|127.0.0.1:15039]|listeners:[], old=null}
2024-08-27 20:25:09,901 [f3028915-7dd4-47fe-983a-636a8839ab96@group-B30E101814FB-LeaderElection10] INFO  impl.LeaderElection (LeaderElection.java:askForVotes(323)) - f3028915-7dd4-47fe-983a-636a8839ab96@group-B30E101814FB-LeaderElection10 ELECTION round 0: result PASSED (term=1)
2024-08-27 20:25:09,901 [f3028915-7dd4-47fe-983a-636a8839ab96@group-B30E101814FB-LeaderElection10] INFO  impl.RoleInfo (RoleInfo.java:shutdownLeaderElection(139)) - f3028915-7dd4-47fe-983a-636a8839ab96: shutdown f3028915-7dd4-47fe-983a-636a8839ab96@group-B30E101814FB-LeaderElection10
2024-08-27 20:25:09,901 [f3028915-7dd4-47fe-983a-636a8839ab96@group-B30E101814FB-LeaderElection10] INFO  server.RaftServer$Division (RaftServerImpl.java:setRole(376)) - f3028915-7dd4-47fe-983a-636a8839ab96@group-B30E101814FB: changes role from CANDIDATE to LEADER at term 1 for changeToLeader
2024-08-27 20:25:09,901 [f3028915-7dd4-47fe-983a-636a8839ab96@group-B30E101814FB-LeaderElection10] INFO  server.RaftServerConfigKeys (ConfUtils.java:logGet(46)) - raft.server.staging.catchup.gap = 1000 (default)
2024-08-27 20:25:09,902 [f3028915-7dd4-47fe-983a-636a8839ab96@group-B30E101814FB-LeaderElection10] INFO  server.RaftServerConfigKeys (ConfUtils.java:logGet(46)) - raft.server.write.element-limit = 1024 (custom)
2024-08-27 20:25:09,902 [f3028915-7dd4-47fe-983a-636a8839ab96@group-B30E101814FB-LeaderElection10] INFO  server.RaftServerConfigKeys (ConfUtils.java:logGet(46)) - raft.server.write.byte-limit = 1024 M (=1073741824) (custom)
2024-08-27 20:25:09,902 [f3028915-7dd4-47fe-983a-636a8839ab96@group-B30E101814FB-LeaderElection10] INFO  server.RaftServerConfigKeys (ConfUtils.java:logGet(46)) - raft.server.watch.timeout = 30s (custom)
2024-08-27 20:25:09,902 [f3028915-7dd4-47fe-983a-636a8839ab96@group-B30E101814FB-LeaderElection10] INFO  server.RaftServerConfigKeys (ConfUtils.java:logGet(46)) - raft.server.watch.timeout.denomination = 1s (default)
2024-08-27 20:25:09,902 [f3028915-7dd4-47fe-983a-636a8839ab96@group-B30E101814FB-LeaderElection10] INFO  server.RaftServerConfigKeys (ConfUtils.java:logGet(46)) - raft.server.watch.element-limit = 65536 (default)
2024-08-27 20:25:09,903 [f3028915-7dd4-47fe-983a-636a8839ab96@group-B30E101814FB-LeaderElection10] INFO  server.RaftServerConfigKeys (ConfUtils.java:logGet(46)) - raft.server.read.leader.lease.enabled = false (default)
2024-08-27 20:25:09,903 [f3028915-7dd4-47fe-983a-636a8839ab96@group-B30E101814FB-LeaderElection10] INFO  server.RaftServerConfigKeys (ConfUtils.java:logGet(46)) - raft.server.read.leader.lease.timeout.ratio = 0.9 (default)
2024-08-27 20:25:09,903 [f3028915-7dd4-47fe-983a-636a8839ab96@group-B30E101814FB-LeaderElection10] INFO  server.RaftServerConfigKeys (ConfUtils.java:logGet(46)) - raft.server.rpc.timeout.min = 5s (custom)
2024-08-27 20:25:09,903 [f3028915-7dd4-47fe-983a-636a8839ab96@group-B30E101814FB-LeaderElection10] INFO  server.RaftServerConfigKeys (ConfUtils.java:logGet(46)) - raft.server.log.log-metadata.enabled = true (default)
2024-08-27 20:25:09,903 [f3028915-7dd4-47fe-983a-636a8839ab96@group-B30E101814FB-LeaderElection10] INFO  server.RaftServerConfigKeys (ConfUtils.java:logGet(46)) - raft.server.write.element-limit = 1024 (custom)
2024-08-27 20:25:09,903 [f3028915-7dd4-47fe-983a-636a8839ab96@group-B30E101814FB-LeaderElection10] INFO  server.RaftServerConfigKeys (ConfUtils.java:logGet(46)) - raft.server.write.follower.gap.ratio.max = -1.0 (default)
2024-08-27 20:25:09,903 [f3028915-7dd4-47fe-983a-636a8839ab96@group-B30E101814FB-LeaderElection10] INFO  impl.RoleInfo (RoleInfo.java:updateAndGet(148)) - f3028915-7dd4-47fe-983a-636a8839ab96: start f3028915-7dd4-47fe-983a-636a8839ab96@group-B30E101814FB-LeaderStateImpl
2024-08-27 20:25:09,904 [f3028915-7dd4-47fe-983a-636a8839ab96@group-B30E101814FB-LeaderElection10] INFO  server.RaftServer$Division (RaftServerImpl.java:setFirstElection(549)) - f3028915-7dd4-47fe-983a-636a8839ab96@group-B30E101814FB: set firstElectionSinceStartup to false for becomeLeader
2024-08-27 20:25:09,904 [f3028915-7dd4-47fe-983a-636a8839ab96@group-B30E101814FB-LeaderElection10] INFO  ratis.XceiverServerRatis (XceiverServerRatis.java:handleLeaderChangedNotification(950)) - Leader change notification received for group: group-B30E101814FB with new leaderId: f3028915-7dd4-47fe-983a-636a8839ab96
2024-08-27 20:25:09,904 [f3028915-7dd4-47fe-983a-636a8839ab96@group-B30E101814FB-LeaderElection10] INFO  server.RaftServer$Division (ServerState.java:setLeader(272)) - f3028915-7dd4-47fe-983a-636a8839ab96@group-B30E101814FB: change Leader from null to f3028915-7dd4-47fe-983a-636a8839ab96 at term 1 for becomeLeader, leader elected after 5139ms
2024-08-27 20:25:09,904 [f3028915-7dd4-47fe-983a-636a8839ab96@group-B30E101814FB-LeaderElection10] INFO  segmented.SegmentedRaftLogWorker (SegmentedRaftLogWorker.java:startLogSegment(433)) - f3028915-7dd4-47fe-983a-636a8839ab96@group-B30E101814FB-SegmentedRaftLogWorker: Starting segment from index:0
2024-08-27 20:25:09,905 [f3028915-7dd4-47fe-983a-636a8839ab96@group-B30E101814FB-SegmentedRaftLogWorker] INFO  segmented.BufferedWriteChannel (BufferedWriteChannel.java:open(61)) - open log_inprogress_0 at position 0
2024-08-27 20:25:09,912 [f3028915-7dd4-47fe-983a-636a8839ab96@group-B30E101814FB-LeaderElection10] INFO  server.RaftServer$Division (ServerState.java:setRaftConf(386)) - f3028915-7dd4-47fe-983a-636a8839ab96@group-B30E101814FB: set configuration conf: {index: 0, cur=peers:[f3028915-7dd4-47fe-983a-636a8839ab96|127.0.0.1:15039]|listeners:[], old=null}
2024-08-27 20:25:09,915 [f3028915-7dd4-47fe-983a-636a8839ab96@group-B30E101814FB-SegmentedRaftLogWorker] INFO  segmented.SegmentedRaftLogWorker (SegmentedRaftLogWorker.java:execute(637)) - f3028915-7dd4-47fe-983a-636a8839ab96@group-B30E101814FB-SegmentedRaftLogWorker: created new log segment /home/runner/work/ozone/ozone/hadoop-ozone/integration-test/target/test-dir/MiniOzoneClusterImpl-2855d785-c18f-47a1-bcca-44ce8ce60223/ozone-meta/datanode-4/ratis/8cd69fdb-0a95-4ee2-89cf-b30e101814fb/current/log_inprogress_0
2024-08-27 20:25:09,917 [f3028915-7dd4-47fe-983a-636a8839ab96@group-B30E101814FB-StateMachineUpdater] INFO  server.RaftServer$Division (LeaderStateImpl.java:checkStartIndex(316)) - Leader f3028915-7dd4-47fe-983a-636a8839ab96@group-B30E101814FB-LeaderStateImpl is ready since appliedIndex == startIndex == 0
2024-08-27 20:25:10,123 [b5b9165f-6528-4062-9715-63d706d5309e-impl-thread4] INFO  segmented.SegmentedRaftLogWorker (SegmentedRaftLogWorker.java:close(248)) - b5b9165f-6528-4062-9715-63d706d5309e@group-A133DE54D1F1-SegmentedRaftLogWorker close()
2024-08-27 20:25:10,126 [b5b9165f-6528-4062-9715-63d706d5309e-impl-thread4] INFO  ratis.ContainerStateMachine (ContainerStateMachine.java:notifyServerShutdown(956)) - group-A133DE54D1F1 is closed by HddsDatanodeService
2024-08-27 20:25:10,250 [b5b9165f-6528-4062-9715-63d706d5309e-impl-thread2] INFO  segmented.SegmentedRaftLogWorker (SegmentedRaftLogWorker.java:close(248)) - b5b9165f-6528-4062-9715-63d706d5309e@group-F6D99EDA5A21-SegmentedRaftLogWorker close()
2024-08-27 20:25:10,250 [b5b9165f-6528-4062-9715-63d706d5309e-impl-thread2] INFO  ratis.ContainerStateMachine (ContainerStateMachine.java:notifyServerShutdown(956)) - group-F6D99EDA5A21 is closed by HddsDatanodeService
2024-08-27 20:25:10,254 [b5b9165f-6528-4062-9715-63d706d5309e-impl-thread3] INFO  segmented.SegmentedRaftLogWorker (SegmentedRaftLogWorker.java:close(248)) - b5b9165f-6528-4062-9715-63d706d5309e@group-304231B6B230-SegmentedRaftLogWorker close()
2024-08-27 20:25:10,254 [b5b9165f-6528-4062-9715-63d706d5309e-impl-thread3] INFO  ratis.ContainerStateMachine (ContainerStateMachine.java:notifyServerShutdown(956)) - group-304231B6B230 is closed by HddsDatanodeService
2024-08-27 20:25:10,262 [18c2a24f-8a03-4916-b50c-e7c6140a9b01@group-EB676058688B-FollowerState] INFO  impl.FollowerState (FollowerState.java:run(144)) - 18c2a24f-8a03-4916-b50c-e7c6140a9b01@group-EB676058688B-FollowerState: change to CANDIDATE, lastRpcElapsedTime:5054984857ns, electionTimeout:5053ms
2024-08-27 20:25:10,262 [18c2a24f-8a03-4916-b50c-e7c6140a9b01@group-EB676058688B-FollowerState] INFO  impl.RoleInfo (RoleInfo.java:shutdownFollowerState(119)) - 18c2a24f-8a03-4916-b50c-e7c6140a9b01: shutdown 18c2a24f-8a03-4916-b50c-e7c6140a9b01@group-EB676058688B-FollowerState
2024-08-27 20:25:10,262 [18c2a24f-8a03-4916-b50c-e7c6140a9b01@group-EB676058688B-FollowerState] INFO  server.RaftServer$Division (RaftServerImpl.java:setRole(376)) - 18c2a24f-8a03-4916-b50c-e7c6140a9b01@group-EB676058688B: changes role from  FOLLOWER to CANDIDATE at term 0 for changeToCandidate
2024-08-27 20:25:10,262 [18c2a24f-8a03-4916-b50c-e7c6140a9b01@group-EB676058688B-FollowerState] INFO  server.RaftServerConfigKeys (ConfUtils.java:logGet(46)) - raft.server.leaderelection.pre-vote = true (default)
2024-08-27 20:25:10,262 [18c2a24f-8a03-4916-b50c-e7c6140a9b01@group-EB676058688B-FollowerState] INFO  impl.RoleInfo (RoleInfo.java:updateAndGet(148)) - 18c2a24f-8a03-4916-b50c-e7c6140a9b01: start 18c2a24f-8a03-4916-b50c-e7c6140a9b01@group-EB676058688B-LeaderElection11
2024-08-27 20:25:10,262 [18c2a24f-8a03-4916-b50c-e7c6140a9b01@group-EB676058688B-LeaderElection11] INFO  impl.LeaderElection (LeaderElection.java:askForVotes(321)) - 18c2a24f-8a03-4916-b50c-e7c6140a9b01@group-EB676058688B-LeaderElection11 PRE_VOTE round 0: submit vote requests at term 0 for conf: {index: -1, cur=peers:[18c2a24f-8a03-4916-b50c-e7c6140a9b01|127.0.0.1:15048]|listeners:[], old=null}
2024-08-27 20:25:10,262 [18c2a24f-8a03-4916-b50c-e7c6140a9b01@group-EB676058688B-LeaderElection11] INFO  impl.LeaderElection (LeaderElection.java:askForVotes(323)) - 18c2a24f-8a03-4916-b50c-e7c6140a9b01@group-EB676058688B-LeaderElection11 PRE_VOTE round 0: result PASSED (term=0)
2024-08-27 20:25:10,264 [18c2a24f-8a03-4916-b50c-e7c6140a9b01@group-EB676058688B-LeaderElection11] INFO  impl.LeaderElection (LeaderElection.java:askForVotes(321)) - 18c2a24f-8a03-4916-b50c-e7c6140a9b01@group-EB676058688B-LeaderElection11 ELECTION round 0: submit vote requests at term 1 for conf: {index: -1, cur=peers:[18c2a24f-8a03-4916-b50c-e7c6140a9b01|127.0.0.1:15048]|listeners:[], old=null}
2024-08-27 20:25:10,264 [18c2a24f-8a03-4916-b50c-e7c6140a9b01@group-EB676058688B-LeaderElection11] INFO  impl.LeaderElection (LeaderElection.java:askForVotes(323)) - 18c2a24f-8a03-4916-b50c-e7c6140a9b01@group-EB676058688B-LeaderElection11 ELECTION round 0: result PASSED (term=1)
2024-08-27 20:25:10,264 [18c2a24f-8a03-4916-b50c-e7c6140a9b01@group-EB676058688B-LeaderElection11] INFO  impl.RoleInfo (RoleInfo.java:shutdownLeaderElection(139)) - 18c2a24f-8a03-4916-b50c-e7c6140a9b01: shutdown 18c2a24f-8a03-4916-b50c-e7c6140a9b01@group-EB676058688B-LeaderElection11
2024-08-27 20:25:10,264 [18c2a24f-8a03-4916-b50c-e7c6140a9b01@group-EB676058688B-LeaderElection11] INFO  server.RaftServer$Division (RaftServerImpl.java:setRole(376)) - 18c2a24f-8a03-4916-b50c-e7c6140a9b01@group-EB676058688B: changes role from CANDIDATE to LEADER at term 1 for changeToLeader
2024-08-27 20:25:10,264 [18c2a24f-8a03-4916-b50c-e7c6140a9b01@group-EB676058688B-LeaderElection11] INFO  server.RaftServerConfigKeys (ConfUtils.java:logGet(46)) - raft.server.staging.catchup.gap = 1000 (default)
2024-08-27 20:25:10,265 [18c2a24f-8a03-4916-b50c-e7c6140a9b01@group-EB676058688B-LeaderElection11] INFO  server.RaftServerConfigKeys (ConfUtils.java:logGet(46)) - raft.server.write.element-limit = 1024 (custom)
2024-08-27 20:25:10,265 [18c2a24f-8a03-4916-b50c-e7c6140a9b01@group-EB676058688B-LeaderElection11] INFO  server.RaftServerConfigKeys (ConfUtils.java:logGet(46)) - raft.server.write.byte-limit = 1024 M (=1073741824) (custom)
2024-08-27 20:25:10,265 [18c2a24f-8a03-4916-b50c-e7c6140a9b01@group-EB676058688B-LeaderElection11] INFO  server.RaftServerConfigKeys (ConfUtils.java:logGet(46)) - raft.server.watch.timeout = 30s (custom)
2024-08-27 20:25:10,265 [18c2a24f-8a03-4916-b50c-e7c6140a9b01@group-EB676058688B-LeaderElection11] INFO  server.RaftServerConfigKeys (ConfUtils.java:logGet(46)) - raft.server.watch.timeout.denomination = 1s (default)
2024-08-27 20:25:10,265 [18c2a24f-8a03-4916-b50c-e7c6140a9b01@group-EB676058688B-LeaderElection11] INFO  server.RaftServerConfigKeys (ConfUtils.java:logGet(46)) - raft.server.watch.element-limit = 65536 (default)
2024-08-27 20:25:10,266 [18c2a24f-8a03-4916-b50c-e7c6140a9b01@group-EB676058688B-LeaderElection11] INFO  server.RaftServerConfigKeys (ConfUtils.java:logGet(46)) - raft.server.read.leader.lease.enabled = false (default)
2024-08-27 20:25:10,266 [18c2a24f-8a03-4916-b50c-e7c6140a9b01@group-EB676058688B-LeaderElection11] INFO  server.RaftServerConfigKeys (ConfUtils.java:logGet(46)) - raft.server.read.leader.lease.timeout.ratio = 0.9 (default)
2024-08-27 20:25:10,266 [18c2a24f-8a03-4916-b50c-e7c6140a9b01@group-EB676058688B-LeaderElection11] INFO  server.RaftServerConfigKeys (ConfUtils.java:logGet(46)) - raft.server.rpc.timeout.min = 5s (custom)
2024-08-27 20:25:10,266 [18c2a24f-8a03-4916-b50c-e7c6140a9b01@group-EB676058688B-LeaderElection11] INFO  server.RaftServerConfigKeys (ConfUtils.java:logGet(46)) - raft.server.log.log-metadata.enabled = true (default)
2024-08-27 20:25:10,266 [18c2a24f-8a03-4916-b50c-e7c6140a9b01@group-EB676058688B-LeaderElection11] INFO  server.RaftServerConfigKeys (ConfUtils.java:logGet(46)) - raft.server.write.element-limit = 1024 (custom)
2024-08-27 20:25:10,266 [18c2a24f-8a03-4916-b50c-e7c6140a9b01@group-EB676058688B-LeaderElection11] INFO  server.RaftServerConfigKeys (ConfUtils.java:logGet(46)) - raft.server.write.follower.gap.ratio.max = -1.0 (default)
2024-08-27 20:25:10,266 [18c2a24f-8a03-4916-b50c-e7c6140a9b01@group-EB676058688B-LeaderElection11] INFO  impl.RoleInfo (RoleInfo.java:updateAndGet(148)) - 18c2a24f-8a03-4916-b50c-e7c6140a9b01: start 18c2a24f-8a03-4916-b50c-e7c6140a9b01@group-EB676058688B-LeaderStateImpl
2024-08-27 20:25:10,267 [18c2a24f-8a03-4916-b50c-e7c6140a9b01@group-EB676058688B-LeaderElection11] INFO  server.RaftServer$Division (RaftServerImpl.java:setFirstElection(549)) - 18c2a24f-8a03-4916-b50c-e7c6140a9b01@group-EB676058688B: set firstElectionSinceStartup to false for becomeLeader
2024-08-27 20:25:10,267 [18c2a24f-8a03-4916-b50c-e7c6140a9b01@group-EB676058688B-LeaderElection11] INFO  ratis.XceiverServerRatis (XceiverServerRatis.java:handleLeaderChangedNotification(950)) - Leader change notification received for group: group-EB676058688B with new leaderId: 18c2a24f-8a03-4916-b50c-e7c6140a9b01
2024-08-27 20:25:10,267 [18c2a24f-8a03-4916-b50c-e7c6140a9b01@group-EB676058688B-LeaderElection11] INFO  server.RaftServer$Division (ServerState.java:setLeader(272)) - 18c2a24f-8a03-4916-b50c-e7c6140a9b01@group-EB676058688B: change Leader from null to 18c2a24f-8a03-4916-b50c-e7c6140a9b01 at term 1 for becomeLeader, leader elected after 5085ms
2024-08-27 20:25:10,267 [18c2a24f-8a03-4916-b50c-e7c6140a9b01@group-EB676058688B-LeaderElection11] INFO  segmented.SegmentedRaftLogWorker (SegmentedRaftLogWorker.java:startLogSegment(433)) - 18c2a24f-8a03-4916-b50c-e7c6140a9b01@group-EB676058688B-SegmentedRaftLogWorker: Starting segment from index:0
2024-08-27 20:25:10,267 [18c2a24f-8a03-4916-b50c-e7c6140a9b01@group-EB676058688B-SegmentedRaftLogWorker] INFO  segmented.BufferedWriteChannel (BufferedWriteChannel.java:open(61)) - open log_inprogress_0 at position 0
2024-08-27 20:25:10,270 [18c2a24f-8a03-4916-b50c-e7c6140a9b01@group-EB676058688B-LeaderElection11] INFO  server.RaftServer$Division (ServerState.java:setRaftConf(386)) - 18c2a24f-8a03-4916-b50c-e7c6140a9b01@group-EB676058688B: set configuration conf: {index: 0, cur=peers:[18c2a24f-8a03-4916-b50c-e7c6140a9b01|127.0.0.1:15048]|listeners:[], old=null}
2024-08-27 20:25:10,277 [18c2a24f-8a03-4916-b50c-e7c6140a9b01@group-EB676058688B-SegmentedRaftLogWorker] INFO  segmented.SegmentedRaftLogWorker (SegmentedRaftLogWorker.java:execute(637)) - 18c2a24f-8a03-4916-b50c-e7c6140a9b01@group-EB676058688B-SegmentedRaftLogWorker: created new log segment /home/runner/work/ozone/ozone/hadoop-ozone/integration-test/target/test-dir/MiniOzoneClusterImpl-2855d785-c18f-47a1-bcca-44ce8ce60223/ozone-meta/datanode-5/ratis/392a6158-681f-4578-924e-eb676058688b/current/log_inprogress_0
2024-08-27 20:25:10,279 [18c2a24f-8a03-4916-b50c-e7c6140a9b01@group-EB676058688B-StateMachineUpdater] INFO  server.RaftServer$Division (LeaderStateImpl.java:checkStartIndex(316)) - Leader 18c2a24f-8a03-4916-b50c-e7c6140a9b01@group-EB676058688B-LeaderStateImpl is ready since appliedIndex == startIndex == 0
2024-08-27 20:25:12,323 [EventQueue-StaleNodeForStaleNodeHandler] INFO  node.StaleNodeHandler (StaleNodeHandler.java:onMessage(57)) - Datanode b5b9165f-6528-4062-9715-63d706d5309e(localhost/127.0.0.1) moved to stale state. Finalizing its pipelines [PipelineID=9a28fa1d-c282-4050-ac37-c34a7576515c, PipelineID=671c9ad9-d5da-4966-a96b-f6d99eda5a21, PipelineID=1a4e5420-6724-4a1d-aa95-304231b6b230, PipelineID=72884548-1830-4112-954e-a133de54d1f1]
2024-08-27 20:25:12,325 [EventQueue-StaleNodeForStaleNodeHandler] INFO  pipeline.PipelineManagerImpl (PipelineManagerImpl.java:closePipeline(518)) - Pipeline PipelineID=9a28fa1d-c282-4050-ac37-c34a7576515c moved to CLOSED state
2024-08-27 20:25:12,325 [EventQueue-StaleNodeForStaleNodeHandler] INFO  pipeline.PipelineManagerImpl (PipelineManagerImpl.java:closePipeline(518)) - Pipeline PipelineID=671c9ad9-d5da-4966-a96b-f6d99eda5a21 moved to CLOSED state
2024-08-27 20:25:12,326 [EventQueue-StaleNodeForStaleNodeHandler] INFO  pipeline.PipelineManagerImpl (PipelineManagerImpl.java:closePipeline(518)) - Pipeline PipelineID=1a4e5420-6724-4a1d-aa95-304231b6b230 moved to CLOSED state
2024-08-27 20:25:12,327 [EventQueue-StaleNodeForStaleNodeHandler] INFO  pipeline.PipelineManagerImpl (PipelineManagerImpl.java:closePipeline(518)) - Pipeline PipelineID=72884548-1830-4112-954e-a133de54d1f1 moved to CLOSED state
2024-08-27 20:25:12,342 [Thread-696] WARN  grpc.GrpcUtil (GrpcUtil.java:shutdownManagedChannel(233)) - Timed out gracefully shutting down connection: ManagedChannelOrphanWrapper{delegate=ManagedChannelImpl{logId=107, target=127.0.0.1:15021}}. 
2024-08-27 20:25:12,344 [grpc-default-executor-3] INFO  server.GrpcLogAppender (GrpcLogAppender.java:onError(537)) - b5b9165f-6528-4062-9715-63d706d5309e@group-F6D99EDA5A21->d758e0a9-c5a1-4fd4-978f-3629e4af057b-GrpcLogAppender is already stopped
2024-08-27 20:25:12,345 [grpc-default-executor-2] WARN  server.GrpcServerProtocolService (LogUtils.java:warn(121)) - d758e0a9-c5a1-4fd4-978f-3629e4af057b: APPEND_ENTRIES onError, lastRequest: null: org.apache.ratis.thirdparty.io.grpc.StatusRuntimeException: CANCELLED: client cancelled
2024-08-27 20:25:14,351 [timer6] WARN  server.GrpcLogAppender (LogUtils.java:warn(121)) - 9d1f9f5c-07b4-413f-b8b0-69aa045119d7@group-A133DE54D1F1->b5b9165f-6528-4062-9715-63d706d5309e-AppendLogResponseHandler: Failed appendEntries (Repeated 8 times in the last 5.022s): org.apache.ratis.thirdparty.io.grpc.StatusRuntimeException: UNAVAILABLE: io exception
2024-08-27 20:25:14,351 [timer7] WARN  server.GrpcLogAppender (GrpcLogAppender.java:lambda$resetClient$1(221)) - 9d1f9f5c-07b4-413f-b8b0-69aa045119d7@group-A133DE54D1F1->b5b9165f-6528-4062-9715-63d706d5309e-GrpcLogAppender: Follower failed (request=null, errorCount=8); keep nextIndex (1) unchanged and retry. (Repeated 16 times in the last 5.020s)
2024-08-27 20:25:14,487 [timer0] WARN  server.GrpcLogAppender (LogUtils.java:warn(121)) - d758e0a9-c5a1-4fd4-978f-3629e4af057b@group-304231B6B230->b5b9165f-6528-4062-9715-63d706d5309e-AppendLogResponseHandler: Failed appendEntries (Repeated 14 times in the last 5.009s): org.apache.ratis.thirdparty.io.grpc.StatusRuntimeException: UNAVAILABLE: io exception
2024-08-27 20:25:14,489 [timer3] WARN  server.GrpcLogAppender (GrpcLogAppender.java:lambda$resetClient$1(221)) - d758e0a9-c5a1-4fd4-978f-3629e4af057b@group-304231B6B230->b5b9165f-6528-4062-9715-63d706d5309e-GrpcLogAppender: Follower failed (request=null, errorCount=6); keep nextIndex (0) unchanged and retry. (Repeated 6 times in the last 5.000s)
2024-08-27 20:25:15,156 [grpc-default-executor-3] WARN  server.GrpcLogAppender (LogUtils.java:warn(121)) - d758e0a9-c5a1-4fd4-978f-3629e4af057b@group-304231B6B230->b5b9165f-6528-4062-9715-63d706d5309e-AppendLogResponseHandler: Failed appendEntries: org.apache.ratis.thirdparty.io.grpc.StatusRuntimeException: UNAVAILABLE: io exception
2024-08-27 20:25:15,156 [grpc-default-executor-2] WARN  server.GrpcLogAppender (GrpcLogAppender.java:lambda$resetClient$1(221)) - d758e0a9-c5a1-4fd4-978f-3629e4af057b@group-304231B6B230->b5b9165f-6528-4062-9715-63d706d5309e-GrpcLogAppender: Follower failed (request=null, errorCount=15); keep nextIndex (1) unchanged and retry.
2024-08-27 20:25:15,326 [EventQueue-DeadNodeForDeadNodeHandler] INFO  node.DeadNodeHandler (DeadNodeHandler.java:onMessage(95)) - A dead datanode is detected. b5b9165f-6528-4062-9715-63d706d5309e(localhost/127.0.0.1)
2024-08-27 20:25:15,328 [EventQueue-DeadNodeForDeadNodeHandler] INFO  pipeline.RatisPipelineProvider (RatisPipelineProvider.java:lambda$close$4(270)) - Send pipeline:PipelineID=9a28fa1d-c282-4050-ac37-c34a7576515c close command to datanode b5b9165f-6528-4062-9715-63d706d5309e
2024-08-27 20:25:15,330 [EventQueue-DeadNodeForDeadNodeHandler] INFO  pipeline.PipelineManagerImpl (PipelineManagerImpl.java:removePipeline(459)) - Pipeline Pipeline[ Id: 9a28fa1d-c282-4050-ac37-c34a7576515c, Nodes: b5b9165f-6528-4062-9715-63d706d5309e(localhost/127.0.0.1) ReplicaIndex: 0, ReplicationConfig: RATIS/ONE, State:CLOSED, leaderId:b5b9165f-6528-4062-9715-63d706d5309e, CreationTimestamp2024-08-27T20:25:00.546Z[Etc/UTC]] removed.
2024-08-27 20:25:15,330 [EventQueue-DeadNodeForDeadNodeHandler] INFO  pipeline.RatisPipelineProvider (RatisPipelineProvider.java:lambda$close$4(270)) - Send pipeline:PipelineID=671c9ad9-d5da-4966-a96b-f6d99eda5a21 close command to datanode 9d1f9f5c-07b4-413f-b8b0-69aa045119d7
2024-08-27 20:25:15,330 [EventQueue-DeadNodeForDeadNodeHandler] INFO  pipeline.RatisPipelineProvider (RatisPipelineProvider.java:lambda$close$4(270)) - Send pipeline:PipelineID=671c9ad9-d5da-4966-a96b-f6d99eda5a21 close command to datanode b5b9165f-6528-4062-9715-63d706d5309e
2024-08-27 20:25:15,330 [EventQueue-DeadNodeForDeadNodeHandler] INFO  pipeline.RatisPipelineProvider (RatisPipelineProvider.java:lambda$close$4(270)) - Send pipeline:PipelineID=671c9ad9-d5da-4966-a96b-f6d99eda5a21 close command to datanode d758e0a9-c5a1-4fd4-978f-3629e4af057b
2024-08-27 20:25:15,331 [EventQueue-DeadNodeForDeadNodeHandler] INFO  pipeline.PipelineManagerImpl (PipelineManagerImpl.java:removePipeline(459)) - Pipeline Pipeline[ Id: 671c9ad9-d5da-4966-a96b-f6d99eda5a21, Nodes: 9d1f9f5c-07b4-413f-b8b0-69aa045119d7(localhost/127.0.0.1) ReplicaIndex: 0b5b9165f-6528-4062-9715-63d706d5309e(localhost/127.0.0.1) ReplicaIndex: 0d758e0a9-c5a1-4fd4-978f-3629e4af057b(localhost/127.0.0.1) ReplicaIndex: 0, ReplicationConfig: RATIS/THREE, State:CLOSED, leaderId:b5b9165f-6528-4062-9715-63d706d5309e, CreationTimestamp2024-08-27T20:25:01.355Z[Etc/UTC]] removed.
2024-08-27 20:25:15,331 [EventQueue-DeadNodeForDeadNodeHandler] INFO  pipeline.RatisPipelineProvider (RatisPipelineProvider.java:lambda$close$4(270)) - Send pipeline:PipelineID=1a4e5420-6724-4a1d-aa95-304231b6b230 close command to datanode 9d1f9f5c-07b4-413f-b8b0-69aa045119d7
2024-08-27 20:25:15,331 [EventQueue-DeadNodeForDeadNodeHandler] INFO  pipeline.RatisPipelineProvider (RatisPipelineProvider.java:lambda$close$4(270)) - Send pipeline:PipelineID=1a4e5420-6724-4a1d-aa95-304231b6b230 close command to datanode d758e0a9-c5a1-4fd4-978f-3629e4af057b
2024-08-27 20:25:15,331 [EventQueue-DeadNodeForDeadNodeHandler] INFO  pipeline.RatisPipelineProvider (RatisPipelineProvider.java:lambda$close$4(270)) - Send pipeline:PipelineID=1a4e5420-6724-4a1d-aa95-304231b6b230 close command to datanode b5b9165f-6528-4062-9715-63d706d5309e
2024-08-27 20:25:15,331 [EventQueue-DeadNodeForDeadNodeHandler] INFO  pipeline.PipelineManagerImpl (PipelineManagerImpl.java:removePipeline(459)) - Pipeline Pipeline[ Id: 1a4e5420-6724-4a1d-aa95-304231b6b230, Nodes: 9d1f9f5c-07b4-413f-b8b0-69aa045119d7(localhost/127.0.0.1) ReplicaIndex: 0d758e0a9-c5a1-4fd4-978f-3629e4af057b(localhost/127.0.0.1) ReplicaIndex: 0b5b9165f-6528-4062-9715-63d706d5309e(localhost/127.0.0.1) ReplicaIndex: 0, ReplicationConfig: RATIS/THREE, State:CLOSED, leaderId:d758e0a9-c5a1-4fd4-978f-3629e4af057b, CreationTimestamp2024-08-27T20:25:01.358Z[Etc/UTC]] removed.
2024-08-27 20:25:15,331 [EventQueue-DeadNodeForDeadNodeHandler] INFO  pipeline.RatisPipelineProvider (RatisPipelineProvider.java:lambda$close$4(270)) - Send pipeline:PipelineID=72884548-1830-4112-954e-a133de54d1f1 close command to datanode 9d1f9f5c-07b4-413f-b8b0-69aa045119d7
2024-08-27 20:25:15,331 [EventQueue-DeadNodeForDeadNodeHandler] INFO  pipeline.RatisPipelineProvider (RatisPipelineProvider.java:lambda$close$4(270)) - Send pipeline:PipelineID=72884548-1830-4112-954e-a133de54d1f1 close command to datanode d758e0a9-c5a1-4fd4-978f-3629e4af057b
2024-08-27 20:25:15,331 [EventQueue-DeadNodeForDeadNodeHandler] INFO  pipeline.RatisPipelineProvider (RatisPipelineProvider.java:lambda$close$4(270)) - Send pipeline:PipelineID=72884548-1830-4112-954e-a133de54d1f1 close command to datanode b5b9165f-6528-4062-9715-63d706d5309e
2024-08-27 20:25:15,332 [EventQueue-DeadNodeForDeadNodeHandler] INFO  pipeline.PipelineManagerImpl (PipelineManagerImpl.java:removePipeline(459)) - Pipeline Pipeline[ Id: 72884548-1830-4112-954e-a133de54d1f1, Nodes: 9d1f9f5c-07b4-413f-b8b0-69aa045119d7(localhost/127.0.0.1) ReplicaIndex: 0d758e0a9-c5a1-4fd4-978f-3629e4af057b(localhost/127.0.0.1) ReplicaIndex: 0b5b9165f-6528-4062-9715-63d706d5309e(localhost/127.0.0.1) ReplicaIndex: 0, ReplicationConfig: RATIS/THREE, State:CLOSED, leaderId:9d1f9f5c-07b4-413f-b8b0-69aa045119d7, CreationTimestamp2024-08-27T20:25:01.351Z[Etc/UTC]] removed.
2024-08-27 20:25:15,332 [EventQueue-DeadNodeForDeadNodeHandler] INFO  node.DeadNodeHandler (DeadNodeHandler.java:onMessage(108)) - Clearing command queue of size 4 for DN b5b9165f-6528-4062-9715-63d706d5309e(localhost/127.0.0.1)
2024-08-27 20:25:15,332 [EventQueue-DeadNodeForDeadNodeHandler] INFO  net.NetworkTopologyImpl (NetworkTopologyImpl.java:remove(212)) - Removed a node: /default-rack/b5b9165f-6528-4062-9715-63d706d5309e
2024-08-27 20:25:15,344 [Thread-696] WARN  grpc.GrpcUtil (GrpcUtil.java:shutdownManagedChannel(233)) - Timed out gracefully shutting down connection: ManagedChannelOrphanWrapper{delegate=ManagedChannelImpl{logId=103, target=127.0.0.1:15021}}. 
2024-08-27 20:25:15,345 [grpc-default-executor-3] INFO  server.GrpcLogAppender (GrpcLogAppender.java:onError(537)) - b5b9165f-6528-4062-9715-63d706d5309e@group-F6D99EDA5A21->d758e0a9-c5a1-4fd4-978f-3629e4af057b-GrpcLogAppender is already stopped
2024-08-27 20:25:15,345 [pool-227-thread-1] INFO  server.GrpcService (GrpcService.java:closeImpl(320)) - b5b9165f-6528-4062-9715-63d706d5309e: shutdown server GrpcServerProtocolService successfully
2024-08-27 20:25:15,345 [grpc-default-executor-2] WARN  server.GrpcServerProtocolService (LogUtils.java:warn(121)) - d758e0a9-c5a1-4fd4-978f-3629e4af057b: APPEND_ENTRIES onError, lastRequest: null: org.apache.ratis.thirdparty.io.grpc.StatusRuntimeException: CANCELLED: client cancelled
2024-08-27 20:25:15,350 [b5b9165f-6528-4062-9715-63d706d5309e-NettyServerStreamRpc-bossGroup--thread1] INFO  logging.LoggingHandler (AbstractInternalLogger.java:log(148)) - [id: 0x1298d8da, L:/0.0.0.0:15015] CLOSE
2024-08-27 20:25:15,350 [b5b9165f-6528-4062-9715-63d706d5309e-NettyServerStreamRpc-bossGroup--thread1] INFO  logging.LoggingHandler (AbstractInternalLogger.java:log(148)) - [id: 0x1298d8da, L:/0.0.0.0:15015] INACTIVE
2024-08-27 20:25:15,350 [b5b9165f-6528-4062-9715-63d706d5309e-NettyServerStreamRpc-bossGroup--thread1] INFO  logging.LoggingHandler (AbstractInternalLogger.java:log(148)) - [id: 0x1298d8da, L:/0.0.0.0:15015] UNREGISTERED
2024-08-27 20:25:15,358 [JvmPauseMonitor2] INFO  util.JvmPauseMonitor (JvmPauseMonitor.java:run(152)) - JvmPauseMonitor-b5b9165f-6528-4062-9715-63d706d5309e: Stopped
2024-08-27 20:25:15,378 [grpc-default-executor-2] WARN  server.GrpcLogAppender (LogUtils.java:warn(121)) - 9d1f9f5c-07b4-413f-b8b0-69aa045119d7@group-A133DE54D1F1->b5b9165f-6528-4062-9715-63d706d5309e-AppendLogResponseHandler: Failed appendEntries: org.apache.ratis.thirdparty.io.grpc.StatusRuntimeException: UNAVAILABLE: io exception
2024-08-27 20:25:16,467 [EventQueue-PipelineReportForPipelineReportHandler] INFO  pipeline.PipelineReportHandler (PipelineReportHandler.java:processPipelineReport(115)) - Reported pipeline PipelineID=671c9ad9-d5da-4966-a96b-f6d99eda5a21 is not found
2024-08-27 20:25:16,467 [EventQueue-PipelineReportForPipelineReportHandler] INFO  pipeline.PipelineReportHandler (PipelineReportHandler.java:processPipelineReport(115)) - Reported pipeline PipelineID=1a4e5420-6724-4a1d-aa95-304231b6b230 is not found
2024-08-27 20:25:16,467 [EventQueue-PipelineReportForPipelineReportHandler] INFO  pipeline.PipelineReportHandler (PipelineReportHandler.java:processPipelineReport(115)) - Reported pipeline PipelineID=72884548-1830-4112-954e-a133de54d1f1 is not found
2024-08-27 20:25:16,485 [d758e0a9-c5a1-4fd4-978f-3629e4af057b-PipelineCommandHandlerThread-0] WARN  commandhandler.ClosePipelineCommandHandler (ClosePipelineCommandHandler.java:lambda$handle$1(132)) - Failed to remove group group-F6D99EDA5A21 of pipeline PipelineID=671c9ad9-d5da-4966-a96b-f6d99eda5a21 on peer b5b9165f-6528-4062-9715-63d706d5309e
java.io.IOException: org.apache.ratis.thirdparty.io.grpc.StatusRuntimeException: UNAVAILABLE: io exception
	at org.apache.ratis.grpc.GrpcUtil.unwrapException(GrpcUtil.java:99)
	at org.apache.ratis.grpc.client.GrpcClientProtocolClient.blockingCall(GrpcClientProtocolClient.java:223)
	at org.apache.ratis.grpc.client.GrpcClientProtocolClient.groupAdd(GrpcClientProtocolClient.java:170)
	at org.apache.ratis.grpc.client.GrpcClientRpc.sendRequest(GrpcClientRpc.java:98)
	at org.apache.ratis.client.impl.BlockingImpl.sendRequest(BlockingImpl.java:147)
	at org.apache.ratis.client.impl.BlockingImpl.sendRequestWithRetry(BlockingImpl.java:109)
	at org.apache.ratis.client.impl.GroupManagementImpl.remove(GroupManagementImpl.java:61)
	at org.apache.hadoop.ozone.container.common.statemachine.commandhandler.ClosePipelineCommandHandler.lambda$handle$1(ClosePipelineCommandHandler.java:124)
	at java.base/java.util.stream.ForEachOps$ForEachOp$OfRef.accept(ForEachOps.java:183)
	at java.base/java.util.stream.ReferencePipeline$2$1.accept(ReferencePipeline.java:179)
	at java.base/java.util.HashMap$ValueSpliterator.forEachRemaining(HashMap.java:1779)
	at java.base/java.util.stream.AbstractPipeline.copyInto(AbstractPipeline.java:509)
	at java.base/java.util.stream.AbstractPipeline.wrapAndCopyInto(AbstractPipeline.java:499)
	at java.base/java.util.stream.ForEachOps$ForEachOp.evaluateSequential(ForEachOps.java:150)
	at java.base/java.util.stream.ForEachOps$ForEachOp$OfRef.evaluateSequential(ForEachOps.java:173)
	at java.base/java.util.stream.AbstractPipeline.evaluate(AbstractPipeline.java:234)
	at java.base/java.util.stream.ReferencePipeline.forEach(ReferencePipeline.java:596)
	at org.apache.hadoop.ozone.container.common.statemachine.commandhandler.ClosePipelineCommandHandler.lambda$handle$2(ClosePipelineCommandHandler.java:121)
	at java.base/java.util.concurrent.CompletableFuture$AsyncRun.run(CompletableFuture.java:1804)
	at java.base/java.util.concurrent.ThreadPoolExecutor.runWorker(ThreadPoolExecutor.java:1136)
	at java.base/java.util.concurrent.ThreadPoolExecutor$Worker.run(ThreadPoolExecutor.java:635)
	at java.base/java.lang.Thread.run(Thread.java:840)
Caused by: org.apache.ratis.thirdparty.io.grpc.StatusRuntimeException: UNAVAILABLE: io exception
	at org.apache.ratis.thirdparty.io.grpc.stub.ClientCalls.toStatusRuntimeException(ClientCalls.java:268)
	at org.apache.ratis.thirdparty.io.grpc.stub.ClientCalls.getUnchecked(ClientCalls.java:249)
	at org.apache.ratis.thirdparty.io.grpc.stub.ClientCalls.blockingUnaryCall(ClientCalls.java:167)
	at org.apache.ratis.proto.grpc.AdminProtocolServiceGrpc$AdminProtocolServiceBlockingStub.groupManagement(AdminProtocolServiceGrpc.java:468)
	at org.apache.ratis.grpc.client.GrpcClientProtocolClient.lambda$groupAdd$5(GrpcClientProtocolClient.java:172)
	at org.apache.ratis.grpc.client.GrpcClientProtocolClient.blockingCall(GrpcClientProtocolClient.java:221)
	... 20 more
Caused by: org.apache.ratis.thirdparty.io.netty.channel.AbstractChannel$AnnotatedConnectException: finishConnect(..) failed: Connection refused: /127.0.0.1:15012
Caused by: java.net.ConnectException: finishConnect(..) failed: Connection refused
	at org.apache.ratis.thirdparty.io.netty.channel.unix.Errors.newConnectException0(Errors.java:166)
	at org.apache.ratis.thirdparty.io.netty.channel.unix.Errors.handleConnectErrno(Errors.java:131)
	at org.apache.ratis.thirdparty.io.netty.channel.unix.Socket.finishConnect(Socket.java:359)
	at org.apache.ratis.thirdparty.io.netty.channel.epoll.AbstractEpollChannel$AbstractEpollUnsafe.doFinishConnect(AbstractEpollChannel.java:715)
	at org.apache.ratis.thirdparty.io.netty.channel.epoll.AbstractEpollChannel$AbstractEpollUnsafe.finishConnect(AbstractEpollChannel.java:692)
	at org.apache.ratis.thirdparty.io.netty.channel.epoll.AbstractEpollChannel$AbstractEpollUnsafe.epollOutReady(AbstractEpollChannel.java:567)
	at org.apache.ratis.thirdparty.io.netty.channel.epoll.EpollEventLoop.processReady(EpollEventLoop.java:491)
	at org.apache.ratis.thirdparty.io.netty.channel.epoll.EpollEventLoop.run(EpollEventLoop.java:399)
	at org.apache.ratis.thirdparty.io.netty.util.concurrent.SingleThreadEventExecutor$4.run(SingleThreadEventExecutor.java:997)
	at org.apache.ratis.thirdparty.io.netty.util.internal.ThreadExecutorMap$2.run(ThreadExecutorMap.java:74)
	at org.apache.ratis.thirdparty.io.netty.util.concurrent.FastThreadLocalRunnable.run(FastThreadLocalRunnable.java:30)
	at java.base/java.lang.Thread.run(Thread.java:840)
2024-08-27 20:25:16,492 [grpc-default-executor-2] INFO  server.RaftServer (RaftServerProxy.java:remove(112)) - 9d1f9f5c-07b4-413f-b8b0-69aa045119d7: remove  FOLLOWER 9d1f9f5c-07b4-413f-b8b0-69aa045119d7@group-F6D99EDA5A21:t1, leader=b5b9165f-6528-4062-9715-63d706d5309e, voted=b5b9165f-6528-4062-9715-63d706d5309e, raftlog=Memoized:9d1f9f5c-07b4-413f-b8b0-69aa045119d7@group-F6D99EDA5A21-SegmentedRaftLog:OPENED:c-1:lastnull, conf=conf: {index: -1, cur=peers:[b5b9165f-6528-4062-9715-63d706d5309e|127.0.0.1:15012, d758e0a9-c5a1-4fd4-978f-3629e4af057b|127.0.0.1:15021, 9d1f9f5c-07b4-413f-b8b0-69aa045119d7|127.0.0.1:15030]|listeners:[], old=null} RUNNING
2024-08-27 20:25:16,493 [grpc-default-executor-2] INFO  server.RaftServer$Division (RaftServerImpl.java:lambda$close$1(501)) - 9d1f9f5c-07b4-413f-b8b0-69aa045119d7@group-F6D99EDA5A21: shutdown
2024-08-27 20:25:16,493 [grpc-default-executor-2] INFO  util.JmxRegister (JmxRegister.java:unregister(74)) - Successfully un-registered JMX Bean with object name Ratis:service=RaftServer,group=group-F6D99EDA5A21,id=9d1f9f5c-07b4-413f-b8b0-69aa045119d7
2024-08-27 20:25:16,493 [grpc-default-executor-2] INFO  impl.RoleInfo (RoleInfo.java:shutdownFollowerState(119)) - 9d1f9f5c-07b4-413f-b8b0-69aa045119d7: shutdown 9d1f9f5c-07b4-413f-b8b0-69aa045119d7@group-F6D99EDA5A21-FollowerState
2024-08-27 20:25:16,493 [grpc-default-executor-2] INFO  impl.StateMachineUpdater (StateMachineUpdater.java:stopAndJoin(164)) - 9d1f9f5c-07b4-413f-b8b0-69aa045119d7@group-F6D99EDA5A21-StateMachineUpdater: set stopIndex = -1
2024-08-27 20:25:16,493 [9d1f9f5c-07b4-413f-b8b0-69aa045119d7@group-F6D99EDA5A21-StateMachineUpdater] INFO  impl.StateMachineUpdater (StateMachineUpdater.java:stop(141)) - 9d1f9f5c-07b4-413f-b8b0-69aa045119d7@group-F6D99EDA5A21-StateMachineUpdater: closing ContainerStateMachine, lastApplied=(t:0, i:~)
2024-08-27 20:25:16,493 [9d1f9f5c-07b4-413f-b8b0-69aa045119d7@group-F6D99EDA5A21-FollowerState] INFO  impl.FollowerState (FollowerState.java:run(153)) - 9d1f9f5c-07b4-413f-b8b0-69aa045119d7@group-F6D99EDA5A21-FollowerState was interrupted
2024-08-27 20:25:16,495 [9d1f9f5c-07b4-413f-b8b0-69aa045119d7@group-F6D99EDA5A21-cacheEviction-AwaitToRun] INFO  util.AwaitToRun (AwaitToRun.java:run(49)) - 9d1f9f5c-07b4-413f-b8b0-69aa045119d7@group-F6D99EDA5A21-cacheEviction-AwaitToRun-AwaitForSignal is interrupted
2024-08-27 20:25:16,526 [9d1f9f5c-07b4-413f-b8b0-69aa045119d7-PipelineCommandHandlerThread-0] WARN  commandhandler.ClosePipelineCommandHandler (ClosePipelineCommandHandler.java:lambda$handle$1(132)) - Failed to remove group group-304231B6B230 of pipeline PipelineID=1a4e5420-6724-4a1d-aa95-304231b6b230 on peer b5b9165f-6528-4062-9715-63d706d5309e
java.io.IOException: org.apache.ratis.thirdparty.io.grpc.StatusRuntimeException: UNAVAILABLE: io exception
	at org.apache.ratis.grpc.GrpcUtil.unwrapException(GrpcUtil.java:99)
	at org.apache.ratis.grpc.client.GrpcClientProtocolClient.blockingCall(GrpcClientProtocolClient.java:223)
	at org.apache.ratis.grpc.client.GrpcClientProtocolClient.groupAdd(GrpcClientProtocolClient.java:170)
	at org.apache.ratis.grpc.client.GrpcClientRpc.sendRequest(GrpcClientRpc.java:98)
	at org.apache.ratis.client.impl.BlockingImpl.sendRequest(BlockingImpl.java:147)
	at org.apache.ratis.client.impl.BlockingImpl.sendRequestWithRetry(BlockingImpl.java:109)
	at org.apache.ratis.client.impl.GroupManagementImpl.remove(GroupManagementImpl.java:61)
	at org.apache.hadoop.ozone.container.common.statemachine.commandhandler.ClosePipelineCommandHandler.lambda$handle$1(ClosePipelineCommandHandler.java:124)
	at java.base/java.util.stream.ForEachOps$ForEachOp$OfRef.accept(ForEachOps.java:183)
	at java.base/java.util.stream.ReferencePipeline$2$1.accept(ReferencePipeline.java:179)
	at java.base/java.util.HashMap$ValueSpliterator.forEachRemaining(HashMap.java:1779)
	at java.base/java.util.stream.AbstractPipeline.copyInto(AbstractPipeline.java:509)
	at java.base/java.util.stream.AbstractPipeline.wrapAndCopyInto(AbstractPipeline.java:499)
	at java.base/java.util.stream.ForEachOps$ForEachOp.evaluateSequential(ForEachOps.java:150)
	at java.base/java.util.stream.ForEachOps$ForEachOp$OfRef.evaluateSequential(ForEachOps.java:173)
	at java.base/java.util.stream.AbstractPipeline.evaluate(AbstractPipeline.java:234)
	at java.base/java.util.stream.ReferencePipeline.forEach(ReferencePipeline.java:596)
	at org.apache.hadoop.ozone.container.common.statemachine.commandhandler.ClosePipelineCommandHandler.lambda$handle$2(ClosePipelineCommandHandler.java:121)
	at java.base/java.util.concurrent.CompletableFuture$AsyncRun.run(CompletableFuture.java:1804)
	at java.base/java.util.concurrent.ThreadPoolExecutor.runWorker(ThreadPoolExecutor.java:1136)
	at java.base/java.util.concurrent.ThreadPoolExecutor$Worker.run(ThreadPoolExecutor.java:635)
	at java.base/java.lang.Thread.run(Thread.java:840)
Caused by: org.apache.ratis.thirdparty.io.grpc.StatusRuntimeException: UNAVAILABLE: io exception
	at org.apache.ratis.thirdparty.io.grpc.stub.ClientCalls.toStatusRuntimeException(ClientCalls.java:268)
	at org.apache.ratis.thirdparty.io.grpc.stub.ClientCalls.getUnchecked(ClientCalls.java:249)
	at org.apache.ratis.thirdparty.io.grpc.stub.ClientCalls.blockingUnaryCall(ClientCalls.java:167)
	at org.apache.ratis.proto.grpc.AdminProtocolServiceGrpc$AdminProtocolServiceBlockingStub.groupManagement(AdminProtocolServiceGrpc.java:468)
	at org.apache.ratis.grpc.client.GrpcClientProtocolClient.lambda$groupAdd$5(GrpcClientProtocolClient.java:172)
	at org.apache.ratis.grpc.client.GrpcClientProtocolClient.blockingCall(GrpcClientProtocolClient.java:221)
	... 20 more
Caused by: org.apache.ratis.thirdparty.io.netty.channel.AbstractChannel$AnnotatedConnectException: finishConnect(..) failed: Connection refused: /127.0.0.1:15012
Caused by: java.net.ConnectException: finishConnect(..) failed: Connection refused
	at org.apache.ratis.thirdparty.io.netty.channel.unix.Errors.newConnectException0(Errors.java:166)
	at org.apache.ratis.thirdparty.io.netty.channel.unix.Errors.handleConnectErrno(Errors.java:131)
	at org.apache.ratis.thirdparty.io.netty.channel.unix.Socket.finishConnect(Socket.java:359)
	at org.apache.ratis.thirdparty.io.netty.channel.epoll.AbstractEpollChannel$AbstractEpollUnsafe.doFinishConnect(AbstractEpollChannel.java:715)
	at org.apache.ratis.thirdparty.io.netty.channel.epoll.AbstractEpollChannel$AbstractEpollUnsafe.finishConnect(AbstractEpollChannel.java:692)
	at org.apache.ratis.thirdparty.io.netty.channel.epoll.AbstractEpollChannel$AbstractEpollUnsafe.epollOutReady(AbstractEpollChannel.java:567)
	at org.apache.ratis.thirdparty.io.netty.channel.epoll.EpollEventLoop.processReady(EpollEventLoop.java:491)
	at org.apache.ratis.thirdparty.io.netty.channel.epoll.EpollEventLoop.run(EpollEventLoop.java:399)
	at org.apache.ratis.thirdparty.io.netty.util.concurrent.SingleThreadEventExecutor$4.run(SingleThreadEventExecutor.java:997)
	at org.apache.ratis.thirdparty.io.netty.util.internal.ThreadExecutorMap$2.run(ThreadExecutorMap.java:74)
	at org.apache.ratis.thirdparty.io.netty.util.concurrent.FastThreadLocalRunnable.run(FastThreadLocalRunnable.java:30)
	at java.base/java.lang.Thread.run(Thread.java:840)
2024-08-27 20:25:16,527 [EventQueue-PipelineReportForPipelineReportHandler] INFO  pipeline.PipelineReportHandler (PipelineReportHandler.java:processPipelineReport(115)) - Reported pipeline PipelineID=671c9ad9-d5da-4966-a96b-f6d99eda5a21 is not found
2024-08-27 20:25:16,527 [EventQueue-PipelineReportForPipelineReportHandler] INFO  pipeline.PipelineReportHandler (PipelineReportHandler.java:processPipelineReport(115)) - Reported pipeline PipelineID=1a4e5420-6724-4a1d-aa95-304231b6b230 is not found
2024-08-27 20:25:16,527 [EventQueue-PipelineReportForPipelineReportHandler] INFO  pipeline.PipelineReportHandler (PipelineReportHandler.java:processPipelineReport(115)) - Reported pipeline PipelineID=72884548-1830-4112-954e-a133de54d1f1 is not found
2024-08-27 20:25:16,533 [grpc-default-executor-3] INFO  server.RaftServer (RaftServerProxy.java:remove(112)) - d758e0a9-c5a1-4fd4-978f-3629e4af057b: remove    LEADER d758e0a9-c5a1-4fd4-978f-3629e4af057b@group-304231B6B230:t1, leader=d758e0a9-c5a1-4fd4-978f-3629e4af057b, voted=d758e0a9-c5a1-4fd4-978f-3629e4af057b, raftlog=Memoized:d758e0a9-c5a1-4fd4-978f-3629e4af057b@group-304231B6B230-SegmentedRaftLog:OPENED:c0:last(t:1, i:0), conf=conf: {index: 0, cur=peers:[b5b9165f-6528-4062-9715-63d706d5309e|127.0.0.1:15012, d758e0a9-c5a1-4fd4-978f-3629e4af057b|127.0.0.1:15021, 9d1f9f5c-07b4-413f-b8b0-69aa045119d7|127.0.0.1:15030]|listeners:[], old=null} RUNNING
2024-08-27 20:25:16,533 [grpc-default-executor-3] INFO  server.RaftServer$Division (RaftServerImpl.java:lambda$close$1(501)) - d758e0a9-c5a1-4fd4-978f-3629e4af057b@group-304231B6B230: shutdown
2024-08-27 20:25:16,533 [grpc-default-executor-3] INFO  util.JmxRegister (JmxRegister.java:unregister(74)) - Successfully un-registered JMX Bean with object name Ratis:service=RaftServer,group=group-304231B6B230,id=d758e0a9-c5a1-4fd4-978f-3629e4af057b
2024-08-27 20:25:16,533 [grpc-default-executor-3] INFO  impl.RoleInfo (RoleInfo.java:shutdownLeaderState(103)) - d758e0a9-c5a1-4fd4-978f-3629e4af057b: shutdown d758e0a9-c5a1-4fd4-978f-3629e4af057b@group-304231B6B230-LeaderStateImpl
2024-08-27 20:25:16,533 [grpc-default-executor-3] INFO  impl.PendingRequests (PendingRequests.java:sendNotLeaderResponses(287)) - d758e0a9-c5a1-4fd4-978f-3629e4af057b@group-304231B6B230-PendingRequests: sendNotLeaderResponses
2024-08-27 20:25:16,534 [d758e0a9-c5a1-4fd4-978f-3629e4af057b@group-304231B6B230->b5b9165f-6528-4062-9715-63d706d5309e-GrpcLogAppender-LogAppenderDaemon] WARN  server.GrpcLogAppender (GrpcLogAppender.java:mayWait(293)) - d758e0a9-c5a1-4fd4-978f-3629e4af057b@group-304231B6B230->b5b9165f-6528-4062-9715-63d706d5309e-GrpcLogAppender: Wait interrupted by java.lang.InterruptedException
2024-08-27 20:25:16,534 [d758e0a9-c5a1-4fd4-978f-3629e4af057b@group-304231B6B230->9d1f9f5c-07b4-413f-b8b0-69aa045119d7-GrpcLogAppender-LogAppenderDaemon] WARN  server.GrpcLogAppender (GrpcLogAppender.java:mayWait(293)) - d758e0a9-c5a1-4fd4-978f-3629e4af057b@group-304231B6B230->9d1f9f5c-07b4-413f-b8b0-69aa045119d7-GrpcLogAppender: Wait interrupted by java.lang.InterruptedException
2024-08-27 20:25:16,535 [grpc-default-executor-3] INFO  impl.StateMachineUpdater (StateMachineUpdater.java:stopAndJoin(164)) - d758e0a9-c5a1-4fd4-978f-3629e4af057b@group-304231B6B230-StateMachineUpdater: set stopIndex = 0
2024-08-27 20:25:16,535 [d758e0a9-c5a1-4fd4-978f-3629e4af057b@group-304231B6B230-StateMachineUpdater] INFO  ratis.ContainerStateMachine (ContainerStateMachine.java:takeSnapshot(363)) - group-304231B6B230: Taking a snapshot at:(t:1, i:0) file /home/runner/work/ozone/ozone/hadoop-ozone/integration-test/target/test-dir/MiniOzoneClusterImpl-2855d785-c18f-47a1-bcca-44ce8ce60223/ozone-meta/datanode-2/ratis/1a4e5420-6724-4a1d-aa95-304231b6b230/sm/snapshot.1_0
2024-08-27 20:25:16,535 [grpc-default-executor-1] INFO  server.GrpcServerProtocolService (GrpcServerProtocolService.java:onCompleted(157)) - 9d1f9f5c-07b4-413f-b8b0-69aa045119d7: Completed APPEND_ENTRIES, lastRequest: d758e0a9-c5a1-4fd4-978f-3629e4af057b->9d1f9f5c-07b4-413f-b8b0-69aa045119d7#1-t1,previous=(t:0, i:0),leaderCommit=-1,initializing? false,entries: size=1, first=(t:1, i:0), CONFIGURATIONENTRY(current:id:"b5b9165f-6528-4062-9715-63d706d5309e"address:"127.0.0.1:15012"dataStreamAddress:"127.0.0.1:15015"clientAddress:"127.0.0.1:15012"adminAddress:"127.0.0.1:15012"startupRole:FOLLOWER, id:"d758e0a9-c5a1-4fd4-978f-3629e4af057b"address:"127.0.0.1:15021"priority:1dataStreamAddress:"127.0.0.1:15024"clientAddress:"127.0.0.1:15021"adminAddress:"127.0.0.1:15021"startupRole:FOLLOWER, id:"9d1f9f5c-07b4-413f-b8b0-69aa045119d7"address:"127.0.0.1:15030"dataStreamAddress:"127.0.0.1:15033"clientAddress:"127.0.0.1:15030"adminAddress:"127.0.0.1:15030"startupRole:FOLLOWER, old:)
2024-08-27 20:25:16,535 [grpc-default-executor-1] INFO  server.GrpcServerProtocolService (GrpcServerProtocolService.java:lambda$onCompleted$5(159)) - 9d1f9f5c-07b4-413f-b8b0-69aa045119d7: Completed APPEND_ENTRIES, lastReply: null
2024-08-27 20:25:16,535 [grpc-default-executor-0] INFO  server.GrpcServerProtocolService (GrpcServerProtocolService.java:onCompleted(157)) - 9d1f9f5c-07b4-413f-b8b0-69aa045119d7: Completed APPEND_ENTRIES, lastRequest: null
2024-08-27 20:25:16,536 [grpc-default-executor-0] INFO  server.GrpcServerProtocolService (GrpcServerProtocolService.java:lambda$onCompleted$5(159)) - 9d1f9f5c-07b4-413f-b8b0-69aa045119d7: Completed APPEND_ENTRIES, lastReply: serverReply {
  requestorId: "d758e0a9-c5a1-4fd4-978f-3629e4af057b"
  replyId: "9d1f9f5c-07b4-413f-b8b0-69aa045119d7"
  raftGroupId {
    id: "\032NT g$J\035\252\2250B1\266\2620"
  }
  callId: 4
  success: true
}
term: 1
nextIndex: 1
matchIndex: 18446744073709551615
isHearbeat: true

2024-08-27 20:25:16,536 [d758e0a9-c5a1-4fd4-978f-3629e4af057b@group-304231B6B230-StateMachineUpdater] INFO  ratis.ContainerStateMachine (ContainerStateMachine.java:takeSnapshot(374)) - group-304231B6B230: Finished taking a snapshot at:(t:1, i:0) file:/home/runner/work/ozone/ozone/hadoop-ozone/integration-test/target/test-dir/MiniOzoneClusterImpl-2855d785-c18f-47a1-bcca-44ce8ce60223/ozone-meta/datanode-2/ratis/1a4e5420-6724-4a1d-aa95-304231b6b230/sm/snapshot.1_0 took: 1 ms
2024-08-27 20:25:16,536 [d758e0a9-c5a1-4fd4-978f-3629e4af057b@group-304231B6B230-StateMachineUpdater] INFO  impl.StateMachineUpdater (StateMachineUpdater.java:takeSnapshot(303)) - d758e0a9-c5a1-4fd4-978f-3629e4af057b@group-304231B6B230-StateMachineUpdater: Took a snapshot at index 0
2024-08-27 20:25:16,536 [d758e0a9-c5a1-4fd4-978f-3629e4af057b@group-304231B6B230-StateMachineUpdater] INFO  impl.StateMachineUpdater (StateMachineUpdater.java:lambda$new$0(102)) - d758e0a9-c5a1-4fd4-978f-3629e4af057b@group-304231B6B230-StateMachineUpdater: snapshotIndex: updateIncreasingly -1 -> 0
2024-08-27 20:25:16,536 [d758e0a9-c5a1-4fd4-978f-3629e4af057b@group-304231B6B230-StateMachineUpdater] INFO  impl.StateMachineUpdater (StateMachineUpdater.java:stop(141)) - d758e0a9-c5a1-4fd4-978f-3629e4af057b@group-304231B6B230-StateMachineUpdater: closing ContainerStateMachine, lastApplied=(t:1, i:0)
2024-08-27 20:25:16,537 [d758e0a9-c5a1-4fd4-978f-3629e4af057b@group-304231B6B230-cacheEviction-AwaitToRun] INFO  util.AwaitToRun (AwaitToRun.java:run(49)) - d758e0a9-c5a1-4fd4-978f-3629e4af057b@group-304231B6B230-cacheEviction-AwaitToRun-AwaitForSignal is interrupted
2024-08-27 20:25:16,537 [grpc-default-executor-0] INFO  server.GrpcLogAppender (GrpcLogAppender.java:onCompleted(550)) - d758e0a9-c5a1-4fd4-978f-3629e4af057b@group-304231B6B230->9d1f9f5c-07b4-413f-b8b0-69aa045119d7-AppendLogResponseHandler: follower responses appendEntries COMPLETED
2024-08-27 20:25:16,538 [grpc-default-executor-0] INFO  server.GrpcLogAppender (GrpcLogAppender.java:onCompleted(550)) - d758e0a9-c5a1-4fd4-978f-3629e4af057b@group-304231B6B230->9d1f9f5c-07b4-413f-b8b0-69aa045119d7-AppendLogResponseHandler: follower responses appendEntries COMPLETED
2024-08-27 20:25:17,152 [grpc-default-executor-2] INFO  segmented.SegmentedRaftLogWorker (SegmentedRaftLogWorker.java:close(248)) - 9d1f9f5c-07b4-413f-b8b0-69aa045119d7@group-F6D99EDA5A21-SegmentedRaftLogWorker close()
2024-08-27 20:25:17,154 [grpc-default-executor-2] INFO  server.RaftServer$Division (RaftServerImpl.java:groupRemove(471)) - 9d1f9f5c-07b4-413f-b8b0-69aa045119d7@group-F6D99EDA5A21: Succeed to remove RaftStorageDirectory Storage Directory /home/runner/work/ozone/ozone/hadoop-ozone/integration-test/target/test-dir/MiniOzoneClusterImpl-2855d785-c18f-47a1-bcca-44ce8ce60223/ozone-meta/datanode-3/ratis/671c9ad9-d5da-4966-a96b-f6d99eda5a21
2024-08-27 20:25:17,157 [d758e0a9-c5a1-4fd4-978f-3629e4af057b-PipelineCommandHandlerThread-0] INFO  server.RaftServer (RaftServerProxy.java:remove(112)) - d758e0a9-c5a1-4fd4-978f-3629e4af057b: remove  FOLLOWER d758e0a9-c5a1-4fd4-978f-3629e4af057b@group-F6D99EDA5A21:t1, leader=null, voted=b5b9165f-6528-4062-9715-63d706d5309e, raftlog=Memoized:d758e0a9-c5a1-4fd4-978f-3629e4af057b@group-F6D99EDA5A21-SegmentedRaftLog:OPENED:c-1:lastnull, conf=conf: {index: -1, cur=peers:[b5b9165f-6528-4062-9715-63d706d5309e|127.0.0.1:15012, d758e0a9-c5a1-4fd4-978f-3629e4af057b|127.0.0.1:15021, 9d1f9f5c-07b4-413f-b8b0-69aa045119d7|127.0.0.1:15030]|listeners:[], old=null} RUNNING
2024-08-27 20:25:17,157 [d758e0a9-c5a1-4fd4-978f-3629e4af057b-PipelineCommandHandlerThread-0] INFO  server.RaftServer$Division (RaftServerImpl.java:lambda$close$1(501)) - d758e0a9-c5a1-4fd4-978f-3629e4af057b@group-F6D99EDA5A21: shutdown
2024-08-27 20:25:17,157 [d758e0a9-c5a1-4fd4-978f-3629e4af057b-PipelineCommandHandlerThread-0] INFO  util.JmxRegister (JmxRegister.java:unregister(74)) - Successfully un-registered JMX Bean with object name Ratis:service=RaftServer,group=group-F6D99EDA5A21,id=d758e0a9-c5a1-4fd4-978f-3629e4af057b
2024-08-27 20:25:17,157 [d758e0a9-c5a1-4fd4-978f-3629e4af057b-PipelineCommandHandlerThread-0] INFO  impl.RoleInfo (RoleInfo.java:shutdownFollowerState(119)) - d758e0a9-c5a1-4fd4-978f-3629e4af057b: shutdown d758e0a9-c5a1-4fd4-978f-3629e4af057b@group-F6D99EDA5A21-FollowerState
2024-08-27 20:25:17,157 [d758e0a9-c5a1-4fd4-978f-3629e4af057b-PipelineCommandHandlerThread-0] INFO  impl.StateMachineUpdater (StateMachineUpdater.java:stopAndJoin(164)) - d758e0a9-c5a1-4fd4-978f-3629e4af057b@group-F6D99EDA5A21-StateMachineUpdater: set stopIndex = -1
2024-08-27 20:25:17,157 [d758e0a9-c5a1-4fd4-978f-3629e4af057b@group-F6D99EDA5A21-StateMachineUpdater] INFO  impl.StateMachineUpdater (StateMachineUpdater.java:stop(141)) - d758e0a9-c5a1-4fd4-978f-3629e4af057b@group-F6D99EDA5A21-StateMachineUpdater: closing ContainerStateMachine, lastApplied=(t:0, i:~)
2024-08-27 20:25:17,157 [d758e0a9-c5a1-4fd4-978f-3629e4af057b@group-F6D99EDA5A21-FollowerState] INFO  impl.FollowerState (FollowerState.java:run(153)) - d758e0a9-c5a1-4fd4-978f-3629e4af057b@group-F6D99EDA5A21-FollowerState was interrupted
2024-08-27 20:25:17,158 [d758e0a9-c5a1-4fd4-978f-3629e4af057b@group-F6D99EDA5A21-cacheEviction-AwaitToRun] INFO  util.AwaitToRun (AwaitToRun.java:run(49)) - d758e0a9-c5a1-4fd4-978f-3629e4af057b@group-F6D99EDA5A21-cacheEviction-AwaitToRun-AwaitForSignal is interrupted
2024-08-27 20:25:17,161 [d758e0a9-c5a1-4fd4-978f-3629e4af057b-PipelineCommandHandlerThread-0] INFO  segmented.SegmentedRaftLogWorker (SegmentedRaftLogWorker.java:close(248)) - d758e0a9-c5a1-4fd4-978f-3629e4af057b@group-F6D99EDA5A21-SegmentedRaftLogWorker close()
2024-08-27 20:25:17,162 [d758e0a9-c5a1-4fd4-978f-3629e4af057b-PipelineCommandHandlerThread-0] INFO  server.RaftServer$Division (RaftServerImpl.java:groupRemove(471)) - d758e0a9-c5a1-4fd4-978f-3629e4af057b@group-F6D99EDA5A21: Succeed to remove RaftStorageDirectory Storage Directory /home/runner/work/ozone/ozone/hadoop-ozone/integration-test/target/test-dir/MiniOzoneClusterImpl-2855d785-c18f-47a1-bcca-44ce8ce60223/ozone-meta/datanode-2/ratis/671c9ad9-d5da-4966-a96b-f6d99eda5a21
2024-08-27 20:25:17,162 [d758e0a9-c5a1-4fd4-978f-3629e4af057b-PipelineCommandHandlerThread-0] INFO  commandhandler.ClosePipelineCommandHandler (ClosePipelineCommandHandler.java:lambda$handle$2(140)) - Close Pipeline PipelineID=671c9ad9-d5da-4966-a96b-f6d99eda5a21 command on datanode d758e0a9-c5a1-4fd4-978f-3629e4af057b.
2024-08-27 20:25:17,166 [d758e0a9-c5a1-4fd4-978f-3629e4af057b-PipelineCommandHandlerThread-0] WARN  commandhandler.ClosePipelineCommandHandler (ClosePipelineCommandHandler.java:lambda$handle$1(132)) - Failed to remove group group-A133DE54D1F1 of pipeline PipelineID=72884548-1830-4112-954e-a133de54d1f1 on peer b5b9165f-6528-4062-9715-63d706d5309e
java.io.IOException: org.apache.ratis.thirdparty.io.grpc.StatusRuntimeException: UNAVAILABLE: io exception
	at org.apache.ratis.grpc.GrpcUtil.unwrapException(GrpcUtil.java:99)
	at org.apache.ratis.grpc.client.GrpcClientProtocolClient.blockingCall(GrpcClientProtocolClient.java:223)
	at org.apache.ratis.grpc.client.GrpcClientProtocolClient.groupAdd(GrpcClientProtocolClient.java:170)
	at org.apache.ratis.grpc.client.GrpcClientRpc.sendRequest(GrpcClientRpc.java:98)
	at org.apache.ratis.client.impl.BlockingImpl.sendRequest(BlockingImpl.java:147)
	at org.apache.ratis.client.impl.BlockingImpl.sendRequestWithRetry(BlockingImpl.java:109)
	at org.apache.ratis.client.impl.GroupManagementImpl.remove(GroupManagementImpl.java:61)
	at org.apache.hadoop.ozone.container.common.statemachine.commandhandler.ClosePipelineCommandHandler.lambda$handle$1(ClosePipelineCommandHandler.java:124)
	at java.base/java.util.stream.ForEachOps$ForEachOp$OfRef.accept(ForEachOps.java:183)
	at java.base/java.util.stream.ReferencePipeline$2$1.accept(ReferencePipeline.java:179)
	at java.base/java.util.HashMap$ValueSpliterator.forEachRemaining(HashMap.java:1779)
	at java.base/java.util.stream.AbstractPipeline.copyInto(AbstractPipeline.java:509)
	at java.base/java.util.stream.AbstractPipeline.wrapAndCopyInto(AbstractPipeline.java:499)
	at java.base/java.util.stream.ForEachOps$ForEachOp.evaluateSequential(ForEachOps.java:150)
	at java.base/java.util.stream.ForEachOps$ForEachOp$OfRef.evaluateSequential(ForEachOps.java:173)
	at java.base/java.util.stream.AbstractPipeline.evaluate(AbstractPipeline.java:234)
	at java.base/java.util.stream.ReferencePipeline.forEach(ReferencePipeline.java:596)
	at org.apache.hadoop.ozone.container.common.statemachine.commandhandler.ClosePipelineCommandHandler.lambda$handle$2(ClosePipelineCommandHandler.java:121)
	at java.base/java.util.concurrent.CompletableFuture$AsyncRun.run(CompletableFuture.java:1804)
	at java.base/java.util.concurrent.ThreadPoolExecutor.runWorker(ThreadPoolExecutor.java:1136)
	at java.base/java.util.concurrent.ThreadPoolExecutor$Worker.run(ThreadPoolExecutor.java:635)
	at java.base/java.lang.Thread.run(Thread.java:840)
Caused by: org.apache.ratis.thirdparty.io.grpc.StatusRuntimeException: UNAVAILABLE: io exception
	at org.apache.ratis.thirdparty.io.grpc.stub.ClientCalls.toStatusRuntimeException(ClientCalls.java:268)
	at org.apache.ratis.thirdparty.io.grpc.stub.ClientCalls.getUnchecked(ClientCalls.java:249)
	at org.apache.ratis.thirdparty.io.grpc.stub.ClientCalls.blockingUnaryCall(ClientCalls.java:167)
	at org.apache.ratis.proto.grpc.AdminProtocolServiceGrpc$AdminProtocolServiceBlockingStub.groupManagement(AdminProtocolServiceGrpc.java:468)
	at org.apache.ratis.grpc.client.GrpcClientProtocolClient.lambda$groupAdd$5(GrpcClientProtocolClient.java:172)
	at org.apache.ratis.grpc.client.GrpcClientProtocolClient.blockingCall(GrpcClientProtocolClient.java:221)
	... 20 more
Caused by: org.apache.ratis.thirdparty.io.netty.channel.AbstractChannel$AnnotatedConnectException: finishConnect(..) failed: Connection refused: /127.0.0.1:15012
Caused by: java.net.ConnectException: finishConnect(..) failed: Connection refused
	at org.apache.ratis.thirdparty.io.netty.channel.unix.Errors.newConnectException0(Errors.java:166)
	at org.apache.ratis.thirdparty.io.netty.channel.unix.Errors.handleConnectErrno(Errors.java:131)
	at org.apache.ratis.thirdparty.io.netty.channel.unix.Socket.finishConnect(Socket.java:359)
	at org.apache.ratis.thirdparty.io.netty.channel.epoll.AbstractEpollChannel$AbstractEpollUnsafe.doFinishConnect(AbstractEpollChannel.java:715)
	at org.apache.ratis.thirdparty.io.netty.channel.epoll.AbstractEpollChannel$AbstractEpollUnsafe.finishConnect(AbstractEpollChannel.java:692)
	at org.apache.ratis.thirdparty.io.netty.channel.epoll.AbstractEpollChannel$AbstractEpollUnsafe.epollOutReady(AbstractEpollChannel.java:567)
	at org.apache.ratis.thirdparty.io.netty.channel.epoll.EpollEventLoop.processReady(EpollEventLoop.java:491)
	at org.apache.ratis.thirdparty.io.netty.channel.epoll.EpollEventLoop.run(EpollEventLoop.java:399)
	at org.apache.ratis.thirdparty.io.netty.util.concurrent.SingleThreadEventExecutor$4.run(SingleThreadEventExecutor.java:997)
	at org.apache.ratis.thirdparty.io.netty.util.internal.ThreadExecutorMap$2.run(ThreadExecutorMap.java:74)
	at org.apache.ratis.thirdparty.io.netty.util.concurrent.FastThreadLocalRunnable.run(FastThreadLocalRunnable.java:30)
	at java.base/java.lang.Thread.run(Thread.java:840)
2024-08-27 20:25:17,170 [grpc-default-executor-2] INFO  server.RaftServer (RaftServerProxy.java:remove(112)) - 9d1f9f5c-07b4-413f-b8b0-69aa045119d7: remove    LEADER 9d1f9f5c-07b4-413f-b8b0-69aa045119d7@group-A133DE54D1F1:t1, leader=9d1f9f5c-07b4-413f-b8b0-69aa045119d7, voted=9d1f9f5c-07b4-413f-b8b0-69aa045119d7, raftlog=Memoized:9d1f9f5c-07b4-413f-b8b0-69aa045119d7@group-A133DE54D1F1-SegmentedRaftLog:OPENED:c0:last(t:1, i:0), conf=conf: {index: 0, cur=peers:[b5b9165f-6528-4062-9715-63d706d5309e|127.0.0.1:15012, d758e0a9-c5a1-4fd4-978f-3629e4af057b|127.0.0.1:15021, 9d1f9f5c-07b4-413f-b8b0-69aa045119d7|127.0.0.1:15030]|listeners:[], old=null} RUNNING
2024-08-27 20:25:17,170 [grpc-default-executor-2] INFO  server.RaftServer$Division (RaftServerImpl.java:lambda$close$1(501)) - 9d1f9f5c-07b4-413f-b8b0-69aa045119d7@group-A133DE54D1F1: shutdown
2024-08-27 20:25:17,170 [grpc-default-executor-2] INFO  util.JmxRegister (JmxRegister.java:unregister(74)) - Successfully un-registered JMX Bean with object name Ratis:service=RaftServer,group=group-A133DE54D1F1,id=9d1f9f5c-07b4-413f-b8b0-69aa045119d7
2024-08-27 20:25:17,170 [grpc-default-executor-2] INFO  impl.RoleInfo (RoleInfo.java:shutdownLeaderState(103)) - 9d1f9f5c-07b4-413f-b8b0-69aa045119d7: shutdown 9d1f9f5c-07b4-413f-b8b0-69aa045119d7@group-A133DE54D1F1-LeaderStateImpl
2024-08-27 20:25:17,171 [grpc-default-executor-2] INFO  impl.PendingRequests (PendingRequests.java:sendNotLeaderResponses(287)) - 9d1f9f5c-07b4-413f-b8b0-69aa045119d7@group-A133DE54D1F1-PendingRequests: sendNotLeaderResponses
2024-08-27 20:25:17,171 [9d1f9f5c-07b4-413f-b8b0-69aa045119d7@group-A133DE54D1F1->b5b9165f-6528-4062-9715-63d706d5309e-GrpcLogAppender-LogAppenderDaemon] WARN  server.GrpcLogAppender (GrpcLogAppender.java:mayWait(293)) - 9d1f9f5c-07b4-413f-b8b0-69aa045119d7@group-A133DE54D1F1->b5b9165f-6528-4062-9715-63d706d5309e-GrpcLogAppender: Wait interrupted by java.lang.InterruptedException
2024-08-27 20:25:17,172 [9d1f9f5c-07b4-413f-b8b0-69aa045119d7@group-A133DE54D1F1->d758e0a9-c5a1-4fd4-978f-3629e4af057b-GrpcLogAppender-LogAppenderDaemon] WARN  server.GrpcLogAppender (GrpcLogAppender.java:mayWait(293)) - 9d1f9f5c-07b4-413f-b8b0-69aa045119d7@group-A133DE54D1F1->d758e0a9-c5a1-4fd4-978f-3629e4af057b-GrpcLogAppender: Wait interrupted by java.lang.InterruptedException
2024-08-27 20:25:17,172 [grpc-default-executor-0] INFO  server.GrpcServerProtocolService (GrpcServerProtocolService.java:onCompleted(157)) - d758e0a9-c5a1-4fd4-978f-3629e4af057b: Completed APPEND_ENTRIES, lastRequest: null
2024-08-27 20:25:17,172 [grpc-default-executor-0] INFO  server.GrpcServerProtocolService (GrpcServerProtocolService.java:lambda$onCompleted$5(159)) - d758e0a9-c5a1-4fd4-978f-3629e4af057b: Completed APPEND_ENTRIES, lastReply: serverReply {
  requestorId: "9d1f9f5c-07b4-413f-b8b0-69aa045119d7"
  replyId: "d758e0a9-c5a1-4fd4-978f-3629e4af057b"
  raftGroupId {
    id: "r\210EH\0300A\022\225N\2413\336T\321\361"
  }
  callId: 5
  success: true
}
term: 1
nextIndex: 1
matchIndex: 18446744073709551615
isHearbeat: true

2024-08-27 20:25:17,173 [9d1f9f5c-07b4-413f-b8b0-69aa045119d7@group-A133DE54D1F1-StateMachineUpdater] INFO  ratis.ContainerStateMachine (ContainerStateMachine.java:takeSnapshot(363)) - group-A133DE54D1F1: Taking a snapshot at:(t:1, i:0) file /home/runner/work/ozone/ozone/hadoop-ozone/integration-test/target/test-dir/MiniOzoneClusterImpl-2855d785-c18f-47a1-bcca-44ce8ce60223/ozone-meta/datanode-3/ratis/72884548-1830-4112-954e-a133de54d1f1/sm/snapshot.1_0
2024-08-27 20:25:17,174 [grpc-default-executor-1] INFO  server.GrpcServerProtocolService (GrpcServerProtocolService.java:onCompleted(157)) - d758e0a9-c5a1-4fd4-978f-3629e4af057b: Completed APPEND_ENTRIES, lastRequest: 9d1f9f5c-07b4-413f-b8b0-69aa045119d7->d758e0a9-c5a1-4fd4-978f-3629e4af057b#1-t1,previous=(t:0, i:0),leaderCommit=-1,initializing? false,entries: size=1, first=(t:1, i:0), CONFIGURATIONENTRY(current:id:"b5b9165f-6528-4062-9715-63d706d5309e"address:"127.0.0.1:15012"dataStreamAddress:"127.0.0.1:15015"clientAddress:"127.0.0.1:15012"adminAddress:"127.0.0.1:15012"startupRole:FOLLOWER, id:"d758e0a9-c5a1-4fd4-978f-3629e4af057b"address:"127.0.0.1:15021"dataStreamAddress:"127.0.0.1:15024"clientAddress:"127.0.0.1:15021"adminAddress:"127.0.0.1:15021"startupRole:FOLLOWER, id:"9d1f9f5c-07b4-413f-b8b0-69aa045119d7"address:"127.0.0.1:15030"priority:1dataStreamAddress:"127.0.0.1:15033"clientAddress:"127.0.0.1:15030"adminAddress:"127.0.0.1:15030"startupRole:FOLLOWER, old:)
2024-08-27 20:25:17,174 [grpc-default-executor-1] INFO  server.GrpcServerProtocolService (GrpcServerProtocolService.java:lambda$onCompleted$5(159)) - d758e0a9-c5a1-4fd4-978f-3629e4af057b: Completed APPEND_ENTRIES, lastReply: null
2024-08-27 20:25:17,174 [grpc-default-executor-2] INFO  impl.StateMachineUpdater (StateMachineUpdater.java:stopAndJoin(164)) - 9d1f9f5c-07b4-413f-b8b0-69aa045119d7@group-A133DE54D1F1-StateMachineUpdater: set stopIndex = 0
2024-08-27 20:25:17,174 [9d1f9f5c-07b4-413f-b8b0-69aa045119d7@group-A133DE54D1F1-StateMachineUpdater] INFO  ratis.ContainerStateMachine (ContainerStateMachine.java:takeSnapshot(374)) - group-A133DE54D1F1: Finished taking a snapshot at:(t:1, i:0) file:/home/runner/work/ozone/ozone/hadoop-ozone/integration-test/target/test-dir/MiniOzoneClusterImpl-2855d785-c18f-47a1-bcca-44ce8ce60223/ozone-meta/datanode-3/ratis/72884548-1830-4112-954e-a133de54d1f1/sm/snapshot.1_0 took: 1 ms
2024-08-27 20:25:17,175 [grpc-default-executor-4] INFO  server.GrpcLogAppender (GrpcLogAppender.java:onCompleted(550)) - 9d1f9f5c-07b4-413f-b8b0-69aa045119d7@group-A133DE54D1F1->d758e0a9-c5a1-4fd4-978f-3629e4af057b-AppendLogResponseHandler: follower responses appendEntries COMPLETED
2024-08-27 20:25:17,175 [9d1f9f5c-07b4-413f-b8b0-69aa045119d7@group-A133DE54D1F1-StateMachineUpdater] INFO  impl.StateMachineUpdater (StateMachineUpdater.java:takeSnapshot(303)) - 9d1f9f5c-07b4-413f-b8b0-69aa045119d7@group-A133DE54D1F1-StateMachineUpdater: Took a snapshot at index 0
2024-08-27 20:25:17,175 [9d1f9f5c-07b4-413f-b8b0-69aa045119d7@group-A133DE54D1F1-StateMachineUpdater] INFO  impl.StateMachineUpdater (StateMachineUpdater.java:lambda$new$0(102)) - 9d1f9f5c-07b4-413f-b8b0-69aa045119d7@group-A133DE54D1F1-StateMachineUpdater: snapshotIndex: updateIncreasingly -1 -> 0
2024-08-27 20:25:17,175 [9d1f9f5c-07b4-413f-b8b0-69aa045119d7@group-A133DE54D1F1-StateMachineUpdater] INFO  impl.StateMachineUpdater (StateMachineUpdater.java:stop(141)) - 9d1f9f5c-07b4-413f-b8b0-69aa045119d7@group-A133DE54D1F1-StateMachineUpdater: closing ContainerStateMachine, lastApplied=(t:1, i:0)
2024-08-27 20:25:17,175 [9d1f9f5c-07b4-413f-b8b0-69aa045119d7@group-A133DE54D1F1-cacheEviction-AwaitToRun] INFO  util.AwaitToRun (AwaitToRun.java:run(49)) - 9d1f9f5c-07b4-413f-b8b0-69aa045119d7@group-A133DE54D1F1-cacheEviction-AwaitToRun-AwaitForSignal is interrupted
2024-08-27 20:25:17,174 [grpc-default-executor-0] INFO  server.GrpcLogAppender (GrpcLogAppender.java:onCompleted(550)) - 9d1f9f5c-07b4-413f-b8b0-69aa045119d7@group-A133DE54D1F1->d758e0a9-c5a1-4fd4-978f-3629e4af057b-AppendLogResponseHandler: follower responses appendEntries COMPLETED
2024-08-27 20:25:17,370 [pool-227-thread-1] INFO  utils.DatanodeStoreCache (DatanodeStoreCache.java:shutdownCache(116)) - Skip clearing cache in mini cluster mode. Entries left: [/home/runner/work/ozone/ozone/hadoop-ozone/integration-test/target/test-dir/MiniOzoneClusterImpl-2855d785-c18f-47a1-bcca-44ce8ce60223/ozone-meta/datanode-1/data-0/hdds/2855d785-c18f-47a1-bcca-44ce8ce60223/DS-cd09d0b5-5ce3-4c07-9263-4eedde47e932/container.db, /home/runner/work/ozone/ozone/hadoop-ozone/integration-test/target/test-dir/MiniOzoneClusterImpl-2855d785-c18f-47a1-bcca-44ce8ce60223/ozone-meta/datanode-2/data-0/hdds/2855d785-c18f-47a1-bcca-44ce8ce60223/DS-606eb851-0d5e-457f-9b79-fe2b0c98f120/container.db, /home/runner/work/ozone/ozone/hadoop-ozone/integration-test/target/test-dir/MiniOzoneClusterImpl-2855d785-c18f-47a1-bcca-44ce8ce60223/ozone-meta/datanode-3/data-0/hdds/2855d785-c18f-47a1-bcca-44ce8ce60223/DS-147f58cf-7ed2-4bfb-b16d-07fdefa6f677/container.db, /home/runner/work/ozone/ozone/hadoop-ozone/integration-test/target/test-dir/MiniOzoneClusterImpl-2855d785-c18f-47a1-bcca-44ce8ce60223/ozone-meta/datanode-4/data-0/hdds/2855d785-c18f-47a1-bcca-44ce8ce60223/DS-e469907d-e962-4439-ba67-604d38565d19/container.db, /home/runner/work/ozone/ozone/hadoop-ozone/integration-test/target/test-dir/MiniOzoneClusterImpl-2855d785-c18f-47a1-bcca-44ce8ce60223/ozone-meta/datanode-5/data-0/hdds/2855d785-c18f-47a1-bcca-44ce8ce60223/DS-c575c6ef-5420-49f2-9760-0b045888a64f/container.db]
2024-08-27 20:25:17,373 [pool-227-thread-1] INFO  utils.DatanodeStoreCache (DatanodeStoreCache.java:removeDB(110)) - Removed db /home/runner/work/ozone/ozone/hadoop-ozone/integration-test/target/test-dir/MiniOzoneClusterImpl-2855d785-c18f-47a1-bcca-44ce8ce60223/ozone-meta/datanode-1/data-0/hdds/2855d785-c18f-47a1-bcca-44ce8ce60223/DS-cd09d0b5-5ce3-4c07-9263-4eedde47e932/container.db from cache
2024-08-27 20:25:17,373 [pool-227-thread-1] INFO  volume.HddsVolume (HddsVolume.java:closeDbStore(462)) - SchemaV3 db is stopped at /home/runner/work/ozone/ozone/hadoop-ozone/integration-test/target/test-dir/MiniOzoneClusterImpl-2855d785-c18f-47a1-bcca-44ce8ce60223/ozone-meta/datanode-1/data-0/hdds/2855d785-c18f-47a1-bcca-44ce8ce60223/DS-cd09d0b5-5ce3-4c07-9263-4eedde47e932/container.db for volume DS-cd09d0b5-5ce3-4c07-9263-4eedde47e932
2024-08-27 20:25:17,373 [pool-227-thread-1] INFO  utils.BackgroundService (BackgroundService.java:shutdown(163)) - Shutting down service BlockDeletingService
2024-08-27 20:25:17,374 [pool-227-thread-1] INFO  utils.BackgroundService (BackgroundService.java:shutdown(163)) - Shutting down service StaleRecoveringContainerScrubbingService
2024-08-27 20:25:17,374 [pool-227-thread-1] INFO  statemachine.DatanodeStateMachine (DatanodeStateMachine.java:stopDaemon(627)) - Ozone container server stopped.
2024-08-27 20:25:17,388 [pool-227-thread-1] INFO  handler.ContextHandler (ContextHandler.java:doStop(1159)) - Stopped o.e.j.w.WebAppContext@2506cf0d{hddsDatanode,/,null,STOPPED}{jar:file:/home/runner/work/ozone/ozone/hadoop-hdds/container-service/target/hdds-container-service-1.5.0-SNAPSHOT.jar!/webapps/hddsDatanode}
2024-08-27 20:25:17,390 [pool-227-thread-1] INFO  server.AbstractConnector (AbstractConnector.java:doStop(383)) - Stopped ServerConnector@2560add9{HTTP/1.1, (http/1.1)}{0.0.0.0:15009}
2024-08-27 20:25:17,390 [pool-227-thread-1] INFO  server.session (HouseKeeper.java:stopScavenging(149)) - node0 Stopped scavenging
2024-08-27 20:25:17,390 [pool-227-thread-1] INFO  handler.ContextHandler (ContextHandler.java:doStop(1159)) - Stopped o.e.j.s.ServletContextHandler@448d4d6b{static,/static,jar:file:/home/runner/work/ozone/ozone/hadoop-hdds/container-service/target/hdds-container-service-1.5.0-SNAPSHOT.jar!/webapps/static,STOPPED}
2024-08-27 20:25:17,391 [pool-227-thread-1] INFO  handler.ContextHandler (ContextHandler.java:doStop(1159)) - Stopped o.e.j.s.ServletContextHandler@74e37ad3{logs,/logs,file:///home/runner/work/ozone/ozone/hadoop-ozone/integration-test/target/log,STOPPED}
2024-08-27 20:25:17,392 [pool-227-thread-1] INFO  ozone.HddsDatanodeClientProtocolServer (HddsDatanodeClientProtocolServer.java:stop(85)) - Stopping the RPC server for Client Protocol
2024-08-27 20:25:17,392 [pool-227-thread-1] INFO  ipc.Server (Server.java:stop(3523)) - Stopping server on 15010
2024-08-27 20:25:17,394 [IPC Server listener on 15010] INFO  ipc.Server (Server.java:run(1434)) - Stopping IPC Server listener on 15010
2024-08-27 20:25:17,394 [IPC Server Responder] INFO  ipc.Server (Server.java:run(1567)) - Stopping IPC Server Responder
2024-08-27 20:25:17,484 [grpc-default-executor-3] INFO  segmented.SegmentedRaftLogWorker (SegmentedRaftLogWorker.java:close(248)) - d758e0a9-c5a1-4fd4-978f-3629e4af057b@group-304231B6B230-SegmentedRaftLogWorker close()
2024-08-27 20:25:17,485 [grpc-default-executor-3] INFO  server.RaftServer$Division (RaftServerImpl.java:groupRemove(471)) - d758e0a9-c5a1-4fd4-978f-3629e4af057b@group-304231B6B230: Succeed to remove RaftStorageDirectory Storage Directory /home/runner/work/ozone/ozone/hadoop-ozone/integration-test/target/test-dir/MiniOzoneClusterImpl-2855d785-c18f-47a1-bcca-44ce8ce60223/ozone-meta/datanode-2/ratis/1a4e5420-6724-4a1d-aa95-304231b6b230
2024-08-27 20:25:17,488 [9d1f9f5c-07b4-413f-b8b0-69aa045119d7-PipelineCommandHandlerThread-0] INFO  server.RaftServer (RaftServerProxy.java:remove(112)) - 9d1f9f5c-07b4-413f-b8b0-69aa045119d7: remove  FOLLOWER 9d1f9f5c-07b4-413f-b8b0-69aa045119d7@group-304231B6B230:t1, leader=d758e0a9-c5a1-4fd4-978f-3629e4af057b, voted=d758e0a9-c5a1-4fd4-978f-3629e4af057b, raftlog=Memoized:9d1f9f5c-07b4-413f-b8b0-69aa045119d7@group-304231B6B230-SegmentedRaftLog:OPENED:c0:last(t:1, i:0), conf=conf: {index: 0, cur=peers:[b5b9165f-6528-4062-9715-63d706d5309e|127.0.0.1:15012, d758e0a9-c5a1-4fd4-978f-3629e4af057b|127.0.0.1:15021, 9d1f9f5c-07b4-413f-b8b0-69aa045119d7|127.0.0.1:15030]|listeners:[], old=null} RUNNING
2024-08-27 20:25:17,488 [9d1f9f5c-07b4-413f-b8b0-69aa045119d7-PipelineCommandHandlerThread-0] INFO  server.RaftServer$Division (RaftServerImpl.java:lambda$close$1(501)) - 9d1f9f5c-07b4-413f-b8b0-69aa045119d7@group-304231B6B230: shutdown
2024-08-27 20:25:17,488 [9d1f9f5c-07b4-413f-b8b0-69aa045119d7-PipelineCommandHandlerThread-0] INFO  util.JmxRegister (JmxRegister.java:unregister(74)) - Successfully un-registered JMX Bean with object name Ratis:service=RaftServer,group=group-304231B6B230,id=9d1f9f5c-07b4-413f-b8b0-69aa045119d7
2024-08-27 20:25:17,488 [9d1f9f5c-07b4-413f-b8b0-69aa045119d7-PipelineCommandHandlerThread-0] INFO  impl.RoleInfo (RoleInfo.java:shutdownFollowerState(119)) - 9d1f9f5c-07b4-413f-b8b0-69aa045119d7: shutdown 9d1f9f5c-07b4-413f-b8b0-69aa045119d7@group-304231B6B230-FollowerState
2024-08-27 20:25:17,488 [9d1f9f5c-07b4-413f-b8b0-69aa045119d7-PipelineCommandHandlerThread-0] INFO  impl.StateMachineUpdater (StateMachineUpdater.java:stopAndJoin(164)) - 9d1f9f5c-07b4-413f-b8b0-69aa045119d7@group-304231B6B230-StateMachineUpdater: set stopIndex = 0
2024-08-27 20:25:17,488 [9d1f9f5c-07b4-413f-b8b0-69aa045119d7@group-304231B6B230-StateMachineUpdater] INFO  ratis.ContainerStateMachine (ContainerStateMachine.java:takeSnapshot(363)) - group-304231B6B230: Taking a snapshot at:(t:1, i:0) file /home/runner/work/ozone/ozone/hadoop-ozone/integration-test/target/test-dir/MiniOzoneClusterImpl-2855d785-c18f-47a1-bcca-44ce8ce60223/ozone-meta/datanode-3/ratis/1a4e5420-6724-4a1d-aa95-304231b6b230/sm/snapshot.1_0
2024-08-27 20:25:17,488 [9d1f9f5c-07b4-413f-b8b0-69aa045119d7@group-304231B6B230-FollowerState] INFO  impl.FollowerState (FollowerState.java:run(153)) - 9d1f9f5c-07b4-413f-b8b0-69aa045119d7@group-304231B6B230-FollowerState was interrupted
2024-08-27 20:25:17,489 [9d1f9f5c-07b4-413f-b8b0-69aa045119d7@group-304231B6B230-StateMachineUpdater] INFO  ratis.ContainerStateMachine (ContainerStateMachine.java:takeSnapshot(374)) - group-304231B6B230: Finished taking a snapshot at:(t:1, i:0) file:/home/runner/work/ozone/ozone/hadoop-ozone/integration-test/target/test-dir/MiniOzoneClusterImpl-2855d785-c18f-47a1-bcca-44ce8ce60223/ozone-meta/datanode-3/ratis/1a4e5420-6724-4a1d-aa95-304231b6b230/sm/snapshot.1_0 took: 1 ms
2024-08-27 20:25:17,489 [9d1f9f5c-07b4-413f-b8b0-69aa045119d7@group-304231B6B230-StateMachineUpdater] INFO  impl.StateMachineUpdater (StateMachineUpdater.java:takeSnapshot(303)) - 9d1f9f5c-07b4-413f-b8b0-69aa045119d7@group-304231B6B230-StateMachineUpdater: Took a snapshot at index 0
2024-08-27 20:25:17,489 [9d1f9f5c-07b4-413f-b8b0-69aa045119d7@group-304231B6B230-StateMachineUpdater] INFO  impl.StateMachineUpdater (StateMachineUpdater.java:lambda$new$0(102)) - 9d1f9f5c-07b4-413f-b8b0-69aa045119d7@group-304231B6B230-StateMachineUpdater: snapshotIndex: updateIncreasingly -1 -> 0
2024-08-27 20:25:17,490 [9d1f9f5c-07b4-413f-b8b0-69aa045119d7@group-304231B6B230-StateMachineUpdater] INFO  impl.StateMachineUpdater (StateMachineUpdater.java:stop(141)) - 9d1f9f5c-07b4-413f-b8b0-69aa045119d7@group-304231B6B230-StateMachineUpdater: closing ContainerStateMachine, lastApplied=(t:1, i:0)
2024-08-27 20:25:17,490 [9d1f9f5c-07b4-413f-b8b0-69aa045119d7@group-304231B6B230-cacheEviction-AwaitToRun] INFO  util.AwaitToRun (AwaitToRun.java:run(49)) - 9d1f9f5c-07b4-413f-b8b0-69aa045119d7@group-304231B6B230-cacheEviction-AwaitToRun-AwaitForSignal is interrupted
2024-08-27 20:25:17,510 [9d1f9f5c-07b4-413f-b8b0-69aa045119d7-PipelineCommandHandlerThread-0] INFO  segmented.SegmentedRaftLogWorker (SegmentedRaftLogWorker.java:close(248)) - 9d1f9f5c-07b4-413f-b8b0-69aa045119d7@group-304231B6B230-SegmentedRaftLogWorker close()
2024-08-27 20:25:17,511 [9d1f9f5c-07b4-413f-b8b0-69aa045119d7-PipelineCommandHandlerThread-0] INFO  server.RaftServer$Division (RaftServerImpl.java:groupRemove(471)) - 9d1f9f5c-07b4-413f-b8b0-69aa045119d7@group-304231B6B230: Succeed to remove RaftStorageDirectory Storage Directory /home/runner/work/ozone/ozone/hadoop-ozone/integration-test/target/test-dir/MiniOzoneClusterImpl-2855d785-c18f-47a1-bcca-44ce8ce60223/ozone-meta/datanode-3/ratis/1a4e5420-6724-4a1d-aa95-304231b6b230
2024-08-27 20:25:17,511 [9d1f9f5c-07b4-413f-b8b0-69aa045119d7-PipelineCommandHandlerThread-0] INFO  commandhandler.ClosePipelineCommandHandler (ClosePipelineCommandHandler.java:lambda$handle$2(140)) - Close Pipeline PipelineID=1a4e5420-6724-4a1d-aa95-304231b6b230 command on datanode 9d1f9f5c-07b4-413f-b8b0-69aa045119d7.
2024-08-27 20:25:17,526 [EventQueue-PipelineReportForPipelineReportHandler] INFO  pipeline.PipelineReportHandler (PipelineReportHandler.java:processPipelineReport(115)) - Reported pipeline PipelineID=1a4e5420-6724-4a1d-aa95-304231b6b230 is not found
2024-08-27 20:25:17,527 [EventQueue-PipelineReportForPipelineReportHandler] INFO  pipeline.PipelineReportHandler (PipelineReportHandler.java:processPipelineReport(115)) - Reported pipeline PipelineID=72884548-1830-4112-954e-a133de54d1f1 is not found
2024-08-27 20:25:18,057 [grpc-default-executor-2] INFO  segmented.SegmentedRaftLogWorker (SegmentedRaftLogWorker.java:close(248)) - 9d1f9f5c-07b4-413f-b8b0-69aa045119d7@group-A133DE54D1F1-SegmentedRaftLogWorker close()
2024-08-27 20:25:18,058 [grpc-default-executor-2] INFO  server.RaftServer$Division (RaftServerImpl.java:groupRemove(471)) - 9d1f9f5c-07b4-413f-b8b0-69aa045119d7@group-A133DE54D1F1: Succeed to remove RaftStorageDirectory Storage Directory /home/runner/work/ozone/ozone/hadoop-ozone/integration-test/target/test-dir/MiniOzoneClusterImpl-2855d785-c18f-47a1-bcca-44ce8ce60223/ozone-meta/datanode-3/ratis/72884548-1830-4112-954e-a133de54d1f1
2024-08-27 20:25:18,062 [d758e0a9-c5a1-4fd4-978f-3629e4af057b-PipelineCommandHandlerThread-0] INFO  server.RaftServer (RaftServerProxy.java:remove(112)) - d758e0a9-c5a1-4fd4-978f-3629e4af057b: remove  FOLLOWER d758e0a9-c5a1-4fd4-978f-3629e4af057b@group-A133DE54D1F1:t1, leader=9d1f9f5c-07b4-413f-b8b0-69aa045119d7, voted=9d1f9f5c-07b4-413f-b8b0-69aa045119d7, raftlog=Memoized:d758e0a9-c5a1-4fd4-978f-3629e4af057b@group-A133DE54D1F1-SegmentedRaftLog:OPENED:c0:last(t:1, i:0), conf=conf: {index: 0, cur=peers:[b5b9165f-6528-4062-9715-63d706d5309e|127.0.0.1:15012, d758e0a9-c5a1-4fd4-978f-3629e4af057b|127.0.0.1:15021, 9d1f9f5c-07b4-413f-b8b0-69aa045119d7|127.0.0.1:15030]|listeners:[], old=null} RUNNING
2024-08-27 20:25:18,062 [d758e0a9-c5a1-4fd4-978f-3629e4af057b-PipelineCommandHandlerThread-0] INFO  server.RaftServer$Division (RaftServerImpl.java:lambda$close$1(501)) - d758e0a9-c5a1-4fd4-978f-3629e4af057b@group-A133DE54D1F1: shutdown
2024-08-27 20:25:18,062 [d758e0a9-c5a1-4fd4-978f-3629e4af057b-PipelineCommandHandlerThread-0] INFO  util.JmxRegister (JmxRegister.java:unregister(74)) - Successfully un-registered JMX Bean with object name Ratis:service=RaftServer,group=group-A133DE54D1F1,id=d758e0a9-c5a1-4fd4-978f-3629e4af057b
2024-08-27 20:25:18,062 [d758e0a9-c5a1-4fd4-978f-3629e4af057b-PipelineCommandHandlerThread-0] INFO  impl.RoleInfo (RoleInfo.java:shutdownFollowerState(119)) - d758e0a9-c5a1-4fd4-978f-3629e4af057b: shutdown d758e0a9-c5a1-4fd4-978f-3629e4af057b@group-A133DE54D1F1-FollowerState
2024-08-27 20:25:18,062 [d758e0a9-c5a1-4fd4-978f-3629e4af057b-PipelineCommandHandlerThread-0] INFO  impl.StateMachineUpdater (StateMachineUpdater.java:stopAndJoin(164)) - d758e0a9-c5a1-4fd4-978f-3629e4af057b@group-A133DE54D1F1-StateMachineUpdater: set stopIndex = 0
2024-08-27 20:25:18,062 [d758e0a9-c5a1-4fd4-978f-3629e4af057b@group-A133DE54D1F1-StateMachineUpdater] INFO  ratis.ContainerStateMachine (ContainerStateMachine.java:takeSnapshot(363)) - group-A133DE54D1F1: Taking a snapshot at:(t:1, i:0) file /home/runner/work/ozone/ozone/hadoop-ozone/integration-test/target/test-dir/MiniOzoneClusterImpl-2855d785-c18f-47a1-bcca-44ce8ce60223/ozone-meta/datanode-2/ratis/72884548-1830-4112-954e-a133de54d1f1/sm/snapshot.1_0
2024-08-27 20:25:18,062 [d758e0a9-c5a1-4fd4-978f-3629e4af057b@group-A133DE54D1F1-FollowerState] INFO  impl.FollowerState (FollowerState.java:run(153)) - d758e0a9-c5a1-4fd4-978f-3629e4af057b@group-A133DE54D1F1-FollowerState was interrupted
2024-08-27 20:25:18,063 [d758e0a9-c5a1-4fd4-978f-3629e4af057b@group-A133DE54D1F1-StateMachineUpdater] INFO  ratis.ContainerStateMachine (ContainerStateMachine.java:takeSnapshot(374)) - group-A133DE54D1F1: Finished taking a snapshot at:(t:1, i:0) file:/home/runner/work/ozone/ozone/hadoop-ozone/integration-test/target/test-dir/MiniOzoneClusterImpl-2855d785-c18f-47a1-bcca-44ce8ce60223/ozone-meta/datanode-2/ratis/72884548-1830-4112-954e-a133de54d1f1/sm/snapshot.1_0 took: 1 ms
2024-08-27 20:25:18,063 [d758e0a9-c5a1-4fd4-978f-3629e4af057b@group-A133DE54D1F1-StateMachineUpdater] INFO  impl.StateMachineUpdater (StateMachineUpdater.java:takeSnapshot(303)) - d758e0a9-c5a1-4fd4-978f-3629e4af057b@group-A133DE54D1F1-StateMachineUpdater: Took a snapshot at index 0
2024-08-27 20:25:18,063 [d758e0a9-c5a1-4fd4-978f-3629e4af057b@group-A133DE54D1F1-StateMachineUpdater] INFO  impl.StateMachineUpdater (StateMachineUpdater.java:lambda$new$0(102)) - d758e0a9-c5a1-4fd4-978f-3629e4af057b@group-A133DE54D1F1-StateMachineUpdater: snapshotIndex: updateIncreasingly -1 -> 0
2024-08-27 20:25:18,064 [d758e0a9-c5a1-4fd4-978f-3629e4af057b@group-A133DE54D1F1-StateMachineUpdater] INFO  impl.StateMachineUpdater (StateMachineUpdater.java:stop(141)) - d758e0a9-c5a1-4fd4-978f-3629e4af057b@group-A133DE54D1F1-StateMachineUpdater: closing ContainerStateMachine, lastApplied=(t:1, i:0)
2024-08-27 20:25:18,064 [d758e0a9-c5a1-4fd4-978f-3629e4af057b@group-A133DE54D1F1-cacheEviction-AwaitToRun] INFO  util.AwaitToRun (AwaitToRun.java:run(49)) - d758e0a9-c5a1-4fd4-978f-3629e4af057b@group-A133DE54D1F1-cacheEviction-AwaitToRun-AwaitForSignal is interrupted
2024-08-27 20:25:18,124 [d758e0a9-c5a1-4fd4-978f-3629e4af057b-PipelineCommandHandlerThread-0] INFO  segmented.SegmentedRaftLogWorker (SegmentedRaftLogWorker.java:close(248)) - d758e0a9-c5a1-4fd4-978f-3629e4af057b@group-A133DE54D1F1-SegmentedRaftLogWorker close()
2024-08-27 20:25:18,125 [d758e0a9-c5a1-4fd4-978f-3629e4af057b-PipelineCommandHandlerThread-0] INFO  server.RaftServer$Division (RaftServerImpl.java:groupRemove(471)) - d758e0a9-c5a1-4fd4-978f-3629e4af057b@group-A133DE54D1F1: Succeed to remove RaftStorageDirectory Storage Directory /home/runner/work/ozone/ozone/hadoop-ozone/integration-test/target/test-dir/MiniOzoneClusterImpl-2855d785-c18f-47a1-bcca-44ce8ce60223/ozone-meta/datanode-2/ratis/72884548-1830-4112-954e-a133de54d1f1
2024-08-27 20:25:18,125 [d758e0a9-c5a1-4fd4-978f-3629e4af057b-PipelineCommandHandlerThread-0] INFO  commandhandler.ClosePipelineCommandHandler (ClosePipelineCommandHandler.java:lambda$handle$2(140)) - Close Pipeline PipelineID=72884548-1830-4112-954e-a133de54d1f1 command on datanode d758e0a9-c5a1-4fd4-978f-3629e4af057b.
2024-08-27 20:25:18,125 [pool-227-thread-1] INFO  ozoneimpl.OzoneContainer (OzoneContainer.java:stop(497)) - Attempting to stop container services.
2024-08-27 20:25:18,125 [ContainerMetadataScanner] WARN  ozoneimpl.AbstractBackgroundContainerScanner (AbstractBackgroundContainerScanner.java:handleRemainingSleep(134)) - Background container scan was interrupted.
2024-08-27 20:25:18,125 [ContainerMetadataScanner] INFO  ozoneimpl.AbstractBackgroundContainerScanner (AbstractBackgroundContainerScanner.java:run(61)) - Thread[ContainerMetadataScanner,5,main] exiting.
2024-08-27 20:25:18,126 [pool-227-thread-1] INFO  ozoneimpl.BackgroundContainerDataScanner (BackgroundContainerDataScanner.java:shutdown(141)) - ContainerDataScanner(/home/runner/work/ozone/ozone/hadoop-ozone/integration-test/target/test-dir/MiniOzoneClusterImpl-2855d785-c18f-47a1-bcca-44ce8ce60223/ozone-meta/datanode-2/data-0/hdds) is shutting down. 
2024-08-27 20:25:18,126 [ContainerDataScanner(/home/runner/work/ozone/ozone/hadoop-ozone/integration-test/target/test-dir/MiniOzoneClusterImpl-2855d785-c18f-47a1-bcca-44ce8ce60223/ozone-meta/datanode-2/data-0/hdds)] WARN  ozoneimpl.AbstractBackgroundContainerScanner (AbstractBackgroundContainerScanner.java:handleRemainingSleep(134)) - Background container scan was interrupted.
2024-08-27 20:25:18,126 [ContainerDataScanner(/home/runner/work/ozone/ozone/hadoop-ozone/integration-test/target/test-dir/MiniOzoneClusterImpl-2855d785-c18f-47a1-bcca-44ce8ce60223/ozone-meta/datanode-2/data-0/hdds)] INFO  ozoneimpl.AbstractBackgroundContainerScanner (AbstractBackgroundContainerScanner.java:run(61)) - ContainerDataScanner(/home/runner/work/ozone/ozone/hadoop-ozone/integration-test/target/test-dir/MiniOzoneClusterImpl-2855d785-c18f-47a1-bcca-44ce8ce60223/ozone-meta/datanode-2/data-0/hdds, DS-606eb851-0d5e-457f-9b79-fe2b0c98f120) exiting.
2024-08-27 20:25:18,126 [pool-227-thread-1] INFO  ratis.XceiverServerRatis (XceiverServerRatis.java:stop(596)) - Stopping XceiverServerRatis d758e0a9-c5a1-4fd4-978f-3629e4af057b
2024-08-27 20:25:18,126 [pool-227-thread-1] INFO  server.RaftServer (RaftServerProxy.java:lambda$close$9(418)) - d758e0a9-c5a1-4fd4-978f-3629e4af057b: close
2024-08-27 20:25:18,127 [pool-227-thread-1] INFO  server.GrpcService (GrpcService.java:closeImpl(311)) - d758e0a9-c5a1-4fd4-978f-3629e4af057b: shutdown server GrpcServerProtocolService now
2024-08-27 20:25:18,127 [d758e0a9-c5a1-4fd4-978f-3629e4af057b-impl-thread1] INFO  server.RaftServer$Division (RaftServerImpl.java:lambda$close$1(501)) - d758e0a9-c5a1-4fd4-978f-3629e4af057b@group-E69CFC028817: shutdown
2024-08-27 20:25:18,127 [d758e0a9-c5a1-4fd4-978f-3629e4af057b-impl-thread1] INFO  util.JmxRegister (JmxRegister.java:unregister(74)) - Successfully un-registered JMX Bean with object name Ratis:service=RaftServer,group=group-E69CFC028817,id=d758e0a9-c5a1-4fd4-978f-3629e4af057b
2024-08-27 20:25:18,127 [d758e0a9-c5a1-4fd4-978f-3629e4af057b-impl-thread1] INFO  impl.RoleInfo (RoleInfo.java:shutdownLeaderState(103)) - d758e0a9-c5a1-4fd4-978f-3629e4af057b: shutdown d758e0a9-c5a1-4fd4-978f-3629e4af057b@group-E69CFC028817-LeaderStateImpl
2024-08-27 20:25:18,127 [d758e0a9-c5a1-4fd4-978f-3629e4af057b-impl-thread1] INFO  impl.PendingRequests (PendingRequests.java:sendNotLeaderResponses(287)) - d758e0a9-c5a1-4fd4-978f-3629e4af057b@group-E69CFC028817-PendingRequests: sendNotLeaderResponses
2024-08-27 20:25:18,127 [Thread-763] INFO  server.GrpcServerProtocolClient (GrpcServerProtocolClient.java:close(103)) - b5b9165f-6528-4062-9715-63d706d5309e Close channels
2024-08-27 20:25:18,128 [d758e0a9-c5a1-4fd4-978f-3629e4af057b@group-E69CFC028817-StateMachineUpdater] INFO  ratis.ContainerStateMachine (ContainerStateMachine.java:takeSnapshot(363)) - group-E69CFC028817: Taking a snapshot at:(t:1, i:0) file /home/runner/work/ozone/ozone/hadoop-ozone/integration-test/target/test-dir/MiniOzoneClusterImpl-2855d785-c18f-47a1-bcca-44ce8ce60223/ozone-meta/datanode-2/ratis/6c929988-6b79-47a0-8aef-e69cfc028817/sm/snapshot.1_0
2024-08-27 20:25:18,128 [Thread-765] INFO  server.GrpcServerProtocolClient (GrpcServerProtocolClient.java:close(103)) - 9d1f9f5c-07b4-413f-b8b0-69aa045119d7 Close channels
2024-08-27 20:25:18,128 [d758e0a9-c5a1-4fd4-978f-3629e4af057b-impl-thread1] INFO  impl.StateMachineUpdater (StateMachineUpdater.java:stopAndJoin(164)) - d758e0a9-c5a1-4fd4-978f-3629e4af057b@group-E69CFC028817-StateMachineUpdater: set stopIndex = 0
2024-08-27 20:25:18,129 [d758e0a9-c5a1-4fd4-978f-3629e4af057b@group-E69CFC028817-StateMachineUpdater] INFO  ratis.ContainerStateMachine (ContainerStateMachine.java:takeSnapshot(374)) - group-E69CFC028817: Finished taking a snapshot at:(t:1, i:0) file:/home/runner/work/ozone/ozone/hadoop-ozone/integration-test/target/test-dir/MiniOzoneClusterImpl-2855d785-c18f-47a1-bcca-44ce8ce60223/ozone-meta/datanode-2/ratis/6c929988-6b79-47a0-8aef-e69cfc028817/sm/snapshot.1_0 took: 1 ms
2024-08-27 20:25:18,129 [d758e0a9-c5a1-4fd4-978f-3629e4af057b@group-E69CFC028817-StateMachineUpdater] INFO  impl.StateMachineUpdater (StateMachineUpdater.java:takeSnapshot(303)) - d758e0a9-c5a1-4fd4-978f-3629e4af057b@group-E69CFC028817-StateMachineUpdater: Took a snapshot at index 0
2024-08-27 20:25:18,129 [d758e0a9-c5a1-4fd4-978f-3629e4af057b@group-E69CFC028817-StateMachineUpdater] INFO  impl.StateMachineUpdater (StateMachineUpdater.java:lambda$new$0(102)) - d758e0a9-c5a1-4fd4-978f-3629e4af057b@group-E69CFC028817-StateMachineUpdater: snapshotIndex: updateIncreasingly -1 -> 0
2024-08-27 20:25:18,129 [d758e0a9-c5a1-4fd4-978f-3629e4af057b@group-E69CFC028817-StateMachineUpdater] INFO  impl.StateMachineUpdater (StateMachineUpdater.java:stop(141)) - d758e0a9-c5a1-4fd4-978f-3629e4af057b@group-E69CFC028817-StateMachineUpdater: closing ContainerStateMachine, lastApplied=(t:1, i:0)
2024-08-27 20:25:18,129 [d758e0a9-c5a1-4fd4-978f-3629e4af057b@group-E69CFC028817-cacheEviction-AwaitToRun] INFO  util.AwaitToRun (AwaitToRun.java:run(49)) - d758e0a9-c5a1-4fd4-978f-3629e4af057b@group-E69CFC028817-cacheEviction-AwaitToRun-AwaitForSignal is interrupted
2024-08-27 20:25:18,129 [pool-227-thread-1] INFO  server.GrpcService (GrpcService.java:closeImpl(320)) - d758e0a9-c5a1-4fd4-978f-3629e4af057b: shutdown server GrpcServerProtocolService successfully
2024-08-27 20:25:18,134 [d758e0a9-c5a1-4fd4-978f-3629e4af057b-NettyServerStreamRpc-bossGroup--thread1] INFO  logging.LoggingHandler (AbstractInternalLogger.java:log(148)) - [id: 0x23ef106f, L:/0.0.0.0:15024] CLOSE
2024-08-27 20:25:18,134 [d758e0a9-c5a1-4fd4-978f-3629e4af057b-NettyServerStreamRpc-bossGroup--thread1] INFO  logging.LoggingHandler (AbstractInternalLogger.java:log(148)) - [id: 0x23ef106f, L:/0.0.0.0:15024] INACTIVE
2024-08-27 20:25:18,134 [d758e0a9-c5a1-4fd4-978f-3629e4af057b-NettyServerStreamRpc-bossGroup--thread1] INFO  logging.LoggingHandler (AbstractInternalLogger.java:log(148)) - [id: 0x23ef106f, L:/0.0.0.0:15024] UNREGISTERED
2024-08-27 20:25:18,250 [d758e0a9-c5a1-4fd4-978f-3629e4af057b-impl-thread1] INFO  segmented.SegmentedRaftLogWorker (SegmentedRaftLogWorker.java:close(248)) - d758e0a9-c5a1-4fd4-978f-3629e4af057b@group-E69CFC028817-SegmentedRaftLogWorker close()
2024-08-27 20:25:18,250 [d758e0a9-c5a1-4fd4-978f-3629e4af057b-impl-thread1] INFO  ratis.ContainerStateMachine (ContainerStateMachine.java:notifyServerShutdown(956)) - group-E69CFC028817 is closed by HddsDatanodeService
2024-08-27 20:25:18,251 [JvmPauseMonitor3] INFO  util.JvmPauseMonitor (JvmPauseMonitor.java:run(152)) - JvmPauseMonitor-d758e0a9-c5a1-4fd4-978f-3629e4af057b: Stopped
2024-08-27 20:25:19,272 [main] INFO  ozone.MiniOzoneClusterImpl (MiniOzoneClusterImpl.java:shutdown(410)) - Shutting down the Mini Ozone Cluster
2024-08-27 20:25:19,274 [main] INFO  db.CodecTestUtil (CodecTestUtil.java:gc(50)) - gc 0
2024-08-27 20:25:19,428 [main] INFO  ozone.MiniOzoneClusterImpl (MiniOzoneClusterImpl.java:stop(426)) - Stopping the Mini Ozone Cluster
2024-08-27 20:25:19,429 [main] INFO  om.OzoneManager (OzoneManager.java:stop(2267)) - om1[localhost:15004]: Stopping Ozone Manager
2024-08-27 20:25:19,429 [main] INFO  ipc.Server (Server.java:stop(3523)) - Stopping server on 15004
2024-08-27 20:25:19,431 [IPC Server listener on 15004] INFO  ipc.Server (Server.java:run(1434)) - Stopping IPC Server listener on 15004
2024-08-27 20:25:19,431 [main] INFO  ratis.OzoneManagerRatisServer (OzoneManagerRatisServer.java:stop(601)) - Stopping org.apache.hadoop.ozone.om.ratis.OzoneManagerRatisServer@5f0cac72 at port 15007
2024-08-27 20:25:19,431 [main] INFO  server.RaftServer (RaftServerProxy.java:lambda$close$9(418)) - om1: close
2024-08-27 20:25:19,431 [IPC Server Responder] INFO  ipc.Server (Server.java:run(1567)) - Stopping IPC Server Responder
2024-08-27 20:25:19,431 [main] INFO  server.GrpcService (GrpcService.java:closeImpl(311)) - om1: shutdown server GrpcServerProtocolService now
2024-08-27 20:25:19,431 [om1-impl-thread1] INFO  server.RaftServer$Division (RaftServerImpl.java:lambda$close$1(501)) - om1@group-C5BA1605619E: shutdown
2024-08-27 20:25:19,432 [om1-impl-thread1] INFO  util.JmxRegister (JmxRegister.java:unregister(74)) - Successfully un-registered JMX Bean with object name Ratis:service=RaftServer,group=group-C5BA1605619E,id=om1
2024-08-27 20:25:19,432 [om1-impl-thread1] INFO  impl.RoleInfo (RoleInfo.java:shutdownLeaderState(103)) - om1: shutdown om1@group-C5BA1605619E-LeaderStateImpl
2024-08-27 20:25:19,432 [om1-impl-thread1] INFO  impl.PendingRequests (PendingRequests.java:sendNotLeaderResponses(287)) - om1@group-C5BA1605619E-PendingRequests: sendNotLeaderResponses
2024-08-27 20:25:19,432 [om1-impl-thread1] INFO  impl.StateMachineUpdater (StateMachineUpdater.java:stopAndJoin(164)) - om1@group-C5BA1605619E-StateMachineUpdater: set stopIndex = 0
2024-08-27 20:25:19,432 [om1@group-C5BA1605619E-StateMachineUpdater] INFO  ratis.OzoneManagerStateMachine (OzoneManagerStateMachine.java:takeSnapshotImpl(485)) -  applied = (t:1, i:0)
2024-08-27 20:25:19,432 [om1@group-C5BA1605619E-StateMachineUpdater] INFO  ratis.OzoneManagerStateMachine (OzoneManagerStateMachine.java:takeSnapshotImpl(486)) -  skipped = -1
2024-08-27 20:25:19,432 [om1@group-C5BA1605619E-StateMachineUpdater] INFO  ratis.OzoneManagerStateMachine (OzoneManagerStateMachine.java:takeSnapshotImpl(487)) - notified = (t:1, i:0)
2024-08-27 20:25:19,432 [om1@group-C5BA1605619E-StateMachineUpdater] INFO  ratis.OzoneManagerStateMachine (OzoneManagerStateMachine.java:takeSnapshotImpl(488)) - snapshot = (t:1, i:0)
2024-08-27 20:25:19,433 [main] INFO  server.GrpcService (GrpcService.java:closeImpl(320)) - om1: shutdown server GrpcServerProtocolService successfully
2024-08-27 20:25:19,449 [om1@group-C5BA1605619E-StateMachineUpdater] INFO  impl.StateMachineUpdater (StateMachineUpdater.java:takeSnapshot(303)) - om1@group-C5BA1605619E-StateMachineUpdater: Took a snapshot at index 0
2024-08-27 20:25:19,449 [om1@group-C5BA1605619E-StateMachineUpdater] INFO  impl.StateMachineUpdater (StateMachineUpdater.java:lambda$new$0(102)) - om1@group-C5BA1605619E-StateMachineUpdater: snapshotIndex: updateIncreasingly -1 -> 0
2024-08-27 20:25:19,449 [om1@group-C5BA1605619E-StateMachineUpdater] INFO  impl.StateMachineUpdater (StateMachineUpdater.java:stop(141)) - om1@group-C5BA1605619E-StateMachineUpdater: closing OzoneManagerStateMachine, lastApplied=(t:1, i:0)
2024-08-27 20:25:19,449 [om1@group-C5BA1605619E-StateMachineUpdater] INFO  ratis.OzoneManagerStateMachine (OzoneManagerStateMachine.java:close(531)) - Stopping OzoneManagerStateMachine:om1:group-C5BA1605619E.
2024-08-27 20:25:19,449 [om1@group-C5BA1605619E-StateMachineUpdater] INFO  ratis.OzoneManagerDoubleBuffer (OzoneManagerDoubleBuffer.java:stopDaemon(517)) - Stopping OMDoubleBuffer flush thread
2024-08-27 20:25:19,450 [om1-OMDoubleBufferFlushThread] INFO  ratis.OzoneManagerDoubleBuffer (OzoneManagerDoubleBuffer.java:canFlush(581)) - OMDoubleBuffer flush thread om1-OMDoubleBufferFlushThread is interrupted and will exit.
2024-08-27 20:25:19,451 [om1@group-C5BA1605619E-cacheEviction-AwaitToRun] INFO  util.AwaitToRun (AwaitToRun.java:run(49)) - om1@group-C5BA1605619E-cacheEviction-AwaitToRun-AwaitForSignal is interrupted
2024-08-27 20:25:19,533 [EventQueue-StaleNodeForStaleNodeHandler] INFO  node.StaleNodeHandler (StaleNodeHandler.java:onMessage(57)) - Datanode d758e0a9-c5a1-4fd4-978f-3629e4af057b(localhost/127.0.0.1) moved to stale state. Finalizing its pipelines [PipelineID=6c929988-6b79-47a0-8aef-e69cfc028817]
2024-08-27 20:25:19,533 [EventQueue-StaleNodeForStaleNodeHandler] INFO  pipeline.PipelineManagerImpl (PipelineManagerImpl.java:closePipeline(518)) - Pipeline PipelineID=6c929988-6b79-47a0-8aef-e69cfc028817 moved to CLOSED state
2024-08-27 20:25:19,564 [om1-impl-thread1] INFO  segmented.SegmentedRaftLogWorker (SegmentedRaftLogWorker.java:close(248)) - om1@group-C5BA1605619E-SegmentedRaftLogWorker close()
2024-08-27 20:25:19,564 [JvmPauseMonitor1] INFO  util.JvmPauseMonitor (JvmPauseMonitor.java:run(152)) - JvmPauseMonitor-om1: Stopped
2024-08-27 20:25:19,565 [main] INFO  utils.BackgroundService (BackgroundService.java:shutdown(163)) - Shutting down service KeyDeletingService
2024-08-27 20:25:19,565 [main] INFO  utils.BackgroundService (BackgroundService.java:shutdown(163)) - Shutting down service DirectoryDeletingService
2024-08-27 20:25:19,566 [main] INFO  utils.BackgroundService (BackgroundService.java:shutdown(163)) - Shutting down service OpenKeyCleanupService
2024-08-27 20:25:19,566 [main] INFO  utils.BackgroundService (BackgroundService.java:shutdown(163)) - Shutting down service SstFilteringService
2024-08-27 20:25:19,567 [main] INFO  utils.BackgroundService (BackgroundService.java:shutdown(163)) - Shutting down service SnapshotDeletingService
2024-08-27 20:25:19,567 [main] INFO  utils.BackgroundService (BackgroundService.java:shutdown(163)) - Shutting down service MultipartUploadCleanupService
2024-08-27 20:25:19,567 [main] INFO  utils.BackgroundService (BackgroundService.java:shutdown(163)) - Shutting down service SnapshotDirectoryCleaningService
2024-08-27 20:25:19,568 [main] INFO  handler.ContextHandler (ContextHandler.java:doStop(1159)) - Stopped o.e.j.w.WebAppContext@15093d14{ozoneManager,/,null,STOPPED}{file:/home/runner/work/ozone/ozone/hadoop-ozone/integration-test/target/test-classes/webapps/ozoneManager}
2024-08-27 20:25:19,569 [main] INFO  server.AbstractConnector (AbstractConnector.java:doStop(383)) - Stopped ServerConnector@2907d3e8{HTTP/1.1, (http/1.1)}{0.0.0.0:15005}
2024-08-27 20:25:19,569 [main] INFO  server.session (HouseKeeper.java:stopScavenging(149)) - node0 Stopped scavenging
2024-08-27 20:25:19,569 [main] INFO  handler.ContextHandler (ContextHandler.java:doStop(1159)) - Stopped o.e.j.s.ServletContextHandler@2c9369c3{static,/static,file:///home/runner/work/ozone/ozone/hadoop-ozone/integration-test/target/test-classes/webapps/static,STOPPED}
2024-08-27 20:25:19,569 [main] INFO  handler.ContextHandler (ContextHandler.java:doStop(1159)) - Stopped o.e.j.s.ServletContextHandler@232438a8{logs,/logs,file:///home/runner/work/ozone/ozone/hadoop-ozone/integration-test/target/log,STOPPED}
2024-08-27 20:25:19,570 [main] INFO  rocksdiff.RocksDBCheckpointDiffer (RocksDBCheckpointDiffer.java:close(306)) - Shutting down CompactionDagPruningService.
2024-08-27 20:25:19,572 [main] INFO  snapshot.SnapshotDiffManager (SnapshotDiffManager.java:closeExecutorService(1657)) - Shutting down executorService: 'SnapDiffExecutor'
2024-08-27 20:25:19,573 [main] INFO  utils.BackgroundService (BackgroundService.java:shutdown(163)) - Shutting down service SnapshotDiffCleanupService
2024-08-27 20:25:19,574 [main] INFO  ozone.MiniOzoneClusterImpl (MiniOzoneClusterImpl.java:stopDatanodes(485)) - Stopping the HddsDatanodes
2024-08-27 20:25:19,577 [main] INFO  ozoneimpl.OzoneContainer (OzoneContainer.java:stop(497)) - Attempting to stop container services.
2024-08-27 20:25:19,577 [ContainerMetadataScanner] WARN  ozoneimpl.AbstractBackgroundContainerScanner (AbstractBackgroundContainerScanner.java:handleRemainingSleep(134)) - Background container scan was interrupted.
2024-08-27 20:25:19,577 [ContainerMetadataScanner] INFO  ozoneimpl.AbstractBackgroundContainerScanner (AbstractBackgroundContainerScanner.java:run(61)) - Thread[ContainerMetadataScanner,5,main] exiting.
2024-08-27 20:25:19,577 [main] INFO  ozoneimpl.BackgroundContainerDataScanner (BackgroundContainerDataScanner.java:shutdown(141)) - ContainerDataScanner(/home/runner/work/ozone/ozone/hadoop-ozone/integration-test/target/test-dir/MiniOzoneClusterImpl-2855d785-c18f-47a1-bcca-44ce8ce60223/ozone-meta/datanode-3/data-0/hdds) is shutting down. 
2024-08-27 20:25:19,578 [ContainerDataScanner(/home/runner/work/ozone/ozone/hadoop-ozone/integration-test/target/test-dir/MiniOzoneClusterImpl-2855d785-c18f-47a1-bcca-44ce8ce60223/ozone-meta/datanode-3/data-0/hdds)] WARN  ozoneimpl.AbstractBackgroundContainerScanner (AbstractBackgroundContainerScanner.java:handleRemainingSleep(134)) - Background container scan was interrupted.
2024-08-27 20:25:19,578 [ContainerDataScanner(/home/runner/work/ozone/ozone/hadoop-ozone/integration-test/target/test-dir/MiniOzoneClusterImpl-2855d785-c18f-47a1-bcca-44ce8ce60223/ozone-meta/datanode-3/data-0/hdds)] INFO  ozoneimpl.AbstractBackgroundContainerScanner (AbstractBackgroundContainerScanner.java:run(61)) - ContainerDataScanner(/home/runner/work/ozone/ozone/hadoop-ozone/integration-test/target/test-dir/MiniOzoneClusterImpl-2855d785-c18f-47a1-bcca-44ce8ce60223/ozone-meta/datanode-3/data-0/hdds, DS-147f58cf-7ed2-4bfb-b16d-07fdefa6f677) exiting.
2024-08-27 20:25:19,579 [ForkJoinPool.commonPool-worker-1] INFO  ozoneimpl.OzoneContainer (OzoneContainer.java:stop(497)) - Attempting to stop container services.
2024-08-27 20:25:19,579 [ContainerMetadataScanner] WARN  ozoneimpl.AbstractBackgroundContainerScanner (AbstractBackgroundContainerScanner.java:handleRemainingSleep(134)) - Background container scan was interrupted.
2024-08-27 20:25:19,579 [ContainerMetadataScanner] INFO  ozoneimpl.AbstractBackgroundContainerScanner (AbstractBackgroundContainerScanner.java:run(61)) - Thread[ContainerMetadataScanner,5,main] exiting.
2024-08-27 20:25:19,579 [ForkJoinPool.commonPool-worker-1] INFO  ozoneimpl.BackgroundContainerDataScanner (BackgroundContainerDataScanner.java:shutdown(141)) - ContainerDataScanner(/home/runner/work/ozone/ozone/hadoop-ozone/integration-test/target/test-dir/MiniOzoneClusterImpl-2855d785-c18f-47a1-bcca-44ce8ce60223/ozone-meta/datanode-4/data-0/hdds) is shutting down. 
2024-08-27 20:25:19,579 [ContainerDataScanner(/home/runner/work/ozone/ozone/hadoop-ozone/integration-test/target/test-dir/MiniOzoneClusterImpl-2855d785-c18f-47a1-bcca-44ce8ce60223/ozone-meta/datanode-4/data-0/hdds)] WARN  ozoneimpl.AbstractBackgroundContainerScanner (AbstractBackgroundContainerScanner.java:handleRemainingSleep(134)) - Background container scan was interrupted.
2024-08-27 20:25:19,579 [ContainerDataScanner(/home/runner/work/ozone/ozone/hadoop-ozone/integration-test/target/test-dir/MiniOzoneClusterImpl-2855d785-c18f-47a1-bcca-44ce8ce60223/ozone-meta/datanode-4/data-0/hdds)] INFO  ozoneimpl.AbstractBackgroundContainerScanner (AbstractBackgroundContainerScanner.java:run(61)) - ContainerDataScanner(/home/runner/work/ozone/ozone/hadoop-ozone/integration-test/target/test-dir/MiniOzoneClusterImpl-2855d785-c18f-47a1-bcca-44ce8ce60223/ozone-meta/datanode-4/data-0/hdds, DS-e469907d-e962-4439-ba67-604d38565d19) exiting.
2024-08-27 20:25:19,579 [ForkJoinPool.commonPool-worker-1] INFO  ratis.XceiverServerRatis (XceiverServerRatis.java:stop(596)) - Stopping XceiverServerRatis f3028915-7dd4-47fe-983a-636a8839ab96
2024-08-27 20:25:19,580 [ForkJoinPool.commonPool-worker-2] INFO  ozoneimpl.OzoneContainer (OzoneContainer.java:stop(497)) - Attempting to stop container services.
2024-08-27 20:25:19,580 [ForkJoinPool.commonPool-worker-1] INFO  server.RaftServer (RaftServerProxy.java:lambda$close$9(418)) - f3028915-7dd4-47fe-983a-636a8839ab96: close
2024-08-27 20:25:19,580 [ForkJoinPool.commonPool-worker-1] INFO  server.GrpcService (GrpcService.java:closeImpl(311)) - f3028915-7dd4-47fe-983a-636a8839ab96: shutdown server GrpcServerProtocolService now
2024-08-27 20:25:19,580 [ContainerMetadataScanner] WARN  ozoneimpl.AbstractBackgroundContainerScanner (AbstractBackgroundContainerScanner.java:handleRemainingSleep(134)) - Background container scan was interrupted.
2024-08-27 20:25:19,580 [ContainerMetadataScanner] INFO  ozoneimpl.AbstractBackgroundContainerScanner (AbstractBackgroundContainerScanner.java:run(61)) - Thread[ContainerMetadataScanner,5,main] exiting.
2024-08-27 20:25:19,580 [ForkJoinPool.commonPool-worker-2] INFO  ozoneimpl.BackgroundContainerDataScanner (BackgroundContainerDataScanner.java:shutdown(141)) - ContainerDataScanner(/home/runner/work/ozone/ozone/hadoop-ozone/integration-test/target/test-dir/MiniOzoneClusterImpl-2855d785-c18f-47a1-bcca-44ce8ce60223/ozone-meta/datanode-5/data-0/hdds) is shutting down. 
2024-08-27 20:25:19,580 [f3028915-7dd4-47fe-983a-636a8839ab96-impl-thread1] INFO  server.RaftServer$Division (RaftServerImpl.java:lambda$close$1(501)) - f3028915-7dd4-47fe-983a-636a8839ab96@group-B30E101814FB: shutdown
2024-08-27 20:25:19,580 [ContainerDataScanner(/home/runner/work/ozone/ozone/hadoop-ozone/integration-test/target/test-dir/MiniOzoneClusterImpl-2855d785-c18f-47a1-bcca-44ce8ce60223/ozone-meta/datanode-5/data-0/hdds)] WARN  ozoneimpl.AbstractBackgroundContainerScanner (AbstractBackgroundContainerScanner.java:handleRemainingSleep(134)) - Background container scan was interrupted.
2024-08-27 20:25:19,580 [ContainerDataScanner(/home/runner/work/ozone/ozone/hadoop-ozone/integration-test/target/test-dir/MiniOzoneClusterImpl-2855d785-c18f-47a1-bcca-44ce8ce60223/ozone-meta/datanode-5/data-0/hdds)] INFO  ozoneimpl.AbstractBackgroundContainerScanner (AbstractBackgroundContainerScanner.java:run(61)) - ContainerDataScanner(/home/runner/work/ozone/ozone/hadoop-ozone/integration-test/target/test-dir/MiniOzoneClusterImpl-2855d785-c18f-47a1-bcca-44ce8ce60223/ozone-meta/datanode-5/data-0/hdds, DS-c575c6ef-5420-49f2-9760-0b045888a64f) exiting.
2024-08-27 20:25:19,580 [f3028915-7dd4-47fe-983a-636a8839ab96-impl-thread1] INFO  util.JmxRegister (JmxRegister.java:unregister(74)) - Successfully un-registered JMX Bean with object name Ratis:service=RaftServer,group=group-B30E101814FB,id=f3028915-7dd4-47fe-983a-636a8839ab96
2024-08-27 20:25:19,580 [f3028915-7dd4-47fe-983a-636a8839ab96-impl-thread1] INFO  impl.RoleInfo (RoleInfo.java:shutdownLeaderState(103)) - f3028915-7dd4-47fe-983a-636a8839ab96: shutdown f3028915-7dd4-47fe-983a-636a8839ab96@group-B30E101814FB-LeaderStateImpl
2024-08-27 20:25:19,581 [f3028915-7dd4-47fe-983a-636a8839ab96-impl-thread1] INFO  impl.PendingRequests (PendingRequests.java:sendNotLeaderResponses(287)) - f3028915-7dd4-47fe-983a-636a8839ab96@group-B30E101814FB-PendingRequests: sendNotLeaderResponses
2024-08-27 20:25:19,581 [f3028915-7dd4-47fe-983a-636a8839ab96-impl-thread1] INFO  impl.StateMachineUpdater (StateMachineUpdater.java:stopAndJoin(164)) - f3028915-7dd4-47fe-983a-636a8839ab96@group-B30E101814FB-StateMachineUpdater: set stopIndex = 0
2024-08-27 20:25:19,582 [f3028915-7dd4-47fe-983a-636a8839ab96@group-B30E101814FB-StateMachineUpdater] INFO  ratis.ContainerStateMachine (ContainerStateMachine.java:takeSnapshot(363)) - group-B30E101814FB: Taking a snapshot at:(t:1, i:0) file /home/runner/work/ozone/ozone/hadoop-ozone/integration-test/target/test-dir/MiniOzoneClusterImpl-2855d785-c18f-47a1-bcca-44ce8ce60223/ozone-meta/datanode-4/ratis/8cd69fdb-0a95-4ee2-89cf-b30e101814fb/sm/snapshot.1_0
2024-08-27 20:25:19,582 [ForkJoinPool.commonPool-worker-2] INFO  ratis.XceiverServerRatis (XceiverServerRatis.java:stop(596)) - Stopping XceiverServerRatis 18c2a24f-8a03-4916-b50c-e7c6140a9b01
2024-08-27 20:25:19,582 [ForkJoinPool.commonPool-worker-2] INFO  server.RaftServer (RaftServerProxy.java:lambda$close$9(418)) - 18c2a24f-8a03-4916-b50c-e7c6140a9b01: close
2024-08-27 20:25:19,582 [f3028915-7dd4-47fe-983a-636a8839ab96@group-B30E101814FB-StateMachineUpdater] INFO  ratis.ContainerStateMachine (ContainerStateMachine.java:takeSnapshot(374)) - group-B30E101814FB: Finished taking a snapshot at:(t:1, i:0) file:/home/runner/work/ozone/ozone/hadoop-ozone/integration-test/target/test-dir/MiniOzoneClusterImpl-2855d785-c18f-47a1-bcca-44ce8ce60223/ozone-meta/datanode-4/ratis/8cd69fdb-0a95-4ee2-89cf-b30e101814fb/sm/snapshot.1_0 took: 1 ms
2024-08-27 20:25:19,582 [ForkJoinPool.commonPool-worker-2] INFO  server.GrpcService (GrpcService.java:closeImpl(311)) - 18c2a24f-8a03-4916-b50c-e7c6140a9b01: shutdown server GrpcServerProtocolService now
2024-08-27 20:25:19,583 [f3028915-7dd4-47fe-983a-636a8839ab96@group-B30E101814FB-StateMachineUpdater] INFO  impl.StateMachineUpdater (StateMachineUpdater.java:takeSnapshot(303)) - f3028915-7dd4-47fe-983a-636a8839ab96@group-B30E101814FB-StateMachineUpdater: Took a snapshot at index 0
2024-08-27 20:25:19,583 [f3028915-7dd4-47fe-983a-636a8839ab96@group-B30E101814FB-StateMachineUpdater] INFO  impl.StateMachineUpdater (StateMachineUpdater.java:lambda$new$0(102)) - f3028915-7dd4-47fe-983a-636a8839ab96@group-B30E101814FB-StateMachineUpdater: snapshotIndex: updateIncreasingly -1 -> 0
2024-08-27 20:25:19,583 [f3028915-7dd4-47fe-983a-636a8839ab96@group-B30E101814FB-StateMachineUpdater] INFO  impl.StateMachineUpdater (StateMachineUpdater.java:stop(141)) - f3028915-7dd4-47fe-983a-636a8839ab96@group-B30E101814FB-StateMachineUpdater: closing ContainerStateMachine, lastApplied=(t:1, i:0)
2024-08-27 20:25:19,583 [18c2a24f-8a03-4916-b50c-e7c6140a9b01-impl-thread1] INFO  server.RaftServer$Division (RaftServerImpl.java:lambda$close$1(501)) - 18c2a24f-8a03-4916-b50c-e7c6140a9b01@group-EB676058688B: shutdown
2024-08-27 20:25:19,583 [f3028915-7dd4-47fe-983a-636a8839ab96@group-B30E101814FB-cacheEviction-AwaitToRun] INFO  util.AwaitToRun (AwaitToRun.java:run(49)) - f3028915-7dd4-47fe-983a-636a8839ab96@group-B30E101814FB-cacheEviction-AwaitToRun-AwaitForSignal is interrupted
2024-08-27 20:25:19,583 [18c2a24f-8a03-4916-b50c-e7c6140a9b01-impl-thread1] INFO  util.JmxRegister (JmxRegister.java:unregister(74)) - Successfully un-registered JMX Bean with object name Ratis:service=RaftServer,group=group-EB676058688B,id=18c2a24f-8a03-4916-b50c-e7c6140a9b01
2024-08-27 20:25:19,583 [18c2a24f-8a03-4916-b50c-e7c6140a9b01-impl-thread1] INFO  impl.RoleInfo (RoleInfo.java:shutdownLeaderState(103)) - 18c2a24f-8a03-4916-b50c-e7c6140a9b01: shutdown 18c2a24f-8a03-4916-b50c-e7c6140a9b01@group-EB676058688B-LeaderStateImpl
2024-08-27 20:25:19,583 [18c2a24f-8a03-4916-b50c-e7c6140a9b01-impl-thread1] INFO  impl.PendingRequests (PendingRequests.java:sendNotLeaderResponses(287)) - 18c2a24f-8a03-4916-b50c-e7c6140a9b01@group-EB676058688B-PendingRequests: sendNotLeaderResponses
2024-08-27 20:25:19,584 [18c2a24f-8a03-4916-b50c-e7c6140a9b01-impl-thread1] INFO  impl.StateMachineUpdater (StateMachineUpdater.java:stopAndJoin(164)) - 18c2a24f-8a03-4916-b50c-e7c6140a9b01@group-EB676058688B-StateMachineUpdater: set stopIndex = 0
2024-08-27 20:25:19,584 [18c2a24f-8a03-4916-b50c-e7c6140a9b01@group-EB676058688B-StateMachineUpdater] INFO  ratis.ContainerStateMachine (ContainerStateMachine.java:takeSnapshot(363)) - group-EB676058688B: Taking a snapshot at:(t:1, i:0) file /home/runner/work/ozone/ozone/hadoop-ozone/integration-test/target/test-dir/MiniOzoneClusterImpl-2855d785-c18f-47a1-bcca-44ce8ce60223/ozone-meta/datanode-5/ratis/392a6158-681f-4578-924e-eb676058688b/sm/snapshot.1_0
2024-08-27 20:25:19,585 [18c2a24f-8a03-4916-b50c-e7c6140a9b01@group-EB676058688B-StateMachineUpdater] INFO  ratis.ContainerStateMachine (ContainerStateMachine.java:takeSnapshot(374)) - group-EB676058688B: Finished taking a snapshot at:(t:1, i:0) file:/home/runner/work/ozone/ozone/hadoop-ozone/integration-test/target/test-dir/MiniOzoneClusterImpl-2855d785-c18f-47a1-bcca-44ce8ce60223/ozone-meta/datanode-5/ratis/392a6158-681f-4578-924e-eb676058688b/sm/snapshot.1_0 took: 0 ms
2024-08-27 20:25:19,585 [18c2a24f-8a03-4916-b50c-e7c6140a9b01@group-EB676058688B-StateMachineUpdater] INFO  impl.StateMachineUpdater (StateMachineUpdater.java:takeSnapshot(303)) - 18c2a24f-8a03-4916-b50c-e7c6140a9b01@group-EB676058688B-StateMachineUpdater: Took a snapshot at index 0
2024-08-27 20:25:19,585 [18c2a24f-8a03-4916-b50c-e7c6140a9b01@group-EB676058688B-StateMachineUpdater] INFO  impl.StateMachineUpdater (StateMachineUpdater.java:lambda$new$0(102)) - 18c2a24f-8a03-4916-b50c-e7c6140a9b01@group-EB676058688B-StateMachineUpdater: snapshotIndex: updateIncreasingly -1 -> 0
2024-08-27 20:25:19,585 [18c2a24f-8a03-4916-b50c-e7c6140a9b01@group-EB676058688B-StateMachineUpdater] INFO  impl.StateMachineUpdater (StateMachineUpdater.java:stop(141)) - 18c2a24f-8a03-4916-b50c-e7c6140a9b01@group-EB676058688B-StateMachineUpdater: closing ContainerStateMachine, lastApplied=(t:1, i:0)
2024-08-27 20:25:19,585 [18c2a24f-8a03-4916-b50c-e7c6140a9b01@group-EB676058688B-cacheEviction-AwaitToRun] INFO  util.AwaitToRun (AwaitToRun.java:run(49)) - 18c2a24f-8a03-4916-b50c-e7c6140a9b01@group-EB676058688B-cacheEviction-AwaitToRun-AwaitForSignal is interrupted
2024-08-27 20:25:19,586 [ForkJoinPool.commonPool-worker-1] INFO  server.GrpcService (GrpcService.java:closeImpl(320)) - f3028915-7dd4-47fe-983a-636a8839ab96: shutdown server GrpcServerProtocolService successfully
2024-08-27 20:25:19,586 [f3028915-7dd4-47fe-983a-636a8839ab96-NettyServerStreamRpc-bossGroup--thread1] INFO  logging.LoggingHandler (AbstractInternalLogger.java:log(148)) - [id: 0x164018d2, L:/0.0.0.0:15042] CLOSE
2024-08-27 20:25:19,587 [f3028915-7dd4-47fe-983a-636a8839ab96-NettyServerStreamRpc-bossGroup--thread1] INFO  logging.LoggingHandler (AbstractInternalLogger.java:log(148)) - [id: 0x164018d2, L:/0.0.0.0:15042] INACTIVE
2024-08-27 20:25:19,587 [f3028915-7dd4-47fe-983a-636a8839ab96-NettyServerStreamRpc-bossGroup--thread1] INFO  logging.LoggingHandler (AbstractInternalLogger.java:log(148)) - [id: 0x164018d2, L:/0.0.0.0:15042] UNREGISTERED
2024-08-27 20:25:19,586 [ForkJoinPool.commonPool-worker-2] INFO  server.GrpcService (GrpcService.java:closeImpl(320)) - 18c2a24f-8a03-4916-b50c-e7c6140a9b01: shutdown server GrpcServerProtocolService successfully
2024-08-27 20:25:19,587 [18c2a24f-8a03-4916-b50c-e7c6140a9b01-NettyServerStreamRpc-bossGroup--thread1] INFO  logging.LoggingHandler (AbstractInternalLogger.java:log(148)) - [id: 0x9f8b8a3a, L:/0.0.0.0:15051] CLOSE
2024-08-27 20:25:19,587 [18c2a24f-8a03-4916-b50c-e7c6140a9b01-NettyServerStreamRpc-bossGroup--thread1] INFO  logging.LoggingHandler (AbstractInternalLogger.java:log(148)) - [id: 0x9f8b8a3a, L:/0.0.0.0:15051] INACTIVE
2024-08-27 20:25:19,587 [18c2a24f-8a03-4916-b50c-e7c6140a9b01-NettyServerStreamRpc-bossGroup--thread1] INFO  logging.LoggingHandler (AbstractInternalLogger.java:log(148)) - [id: 0x9f8b8a3a, L:/0.0.0.0:15051] UNREGISTERED
2024-08-27 20:25:19,588 [main] INFO  ratis.XceiverServerRatis (XceiverServerRatis.java:stop(596)) - Stopping XceiverServerRatis 9d1f9f5c-07b4-413f-b8b0-69aa045119d7
2024-08-27 20:25:19,588 [main] INFO  server.RaftServer (RaftServerProxy.java:lambda$close$9(418)) - 9d1f9f5c-07b4-413f-b8b0-69aa045119d7: close
2024-08-27 20:25:19,588 [main] INFO  server.GrpcService (GrpcService.java:closeImpl(311)) - 9d1f9f5c-07b4-413f-b8b0-69aa045119d7: shutdown server GrpcServerProtocolService now
2024-08-27 20:25:19,588 [9d1f9f5c-07b4-413f-b8b0-69aa045119d7-impl-thread1] INFO  server.RaftServer$Division (RaftServerImpl.java:lambda$close$1(501)) - 9d1f9f5c-07b4-413f-b8b0-69aa045119d7@group-0DCCA2FB08E8: shutdown
2024-08-27 20:25:19,588 [9d1f9f5c-07b4-413f-b8b0-69aa045119d7-impl-thread1] INFO  util.JmxRegister (JmxRegister.java:unregister(74)) - Successfully un-registered JMX Bean with object name Ratis:service=RaftServer,group=group-0DCCA2FB08E8,id=9d1f9f5c-07b4-413f-b8b0-69aa045119d7
2024-08-27 20:25:19,588 [9d1f9f5c-07b4-413f-b8b0-69aa045119d7-impl-thread1] INFO  impl.RoleInfo (RoleInfo.java:shutdownLeaderState(103)) - 9d1f9f5c-07b4-413f-b8b0-69aa045119d7: shutdown 9d1f9f5c-07b4-413f-b8b0-69aa045119d7@group-0DCCA2FB08E8-LeaderStateImpl
2024-08-27 20:25:19,588 [9d1f9f5c-07b4-413f-b8b0-69aa045119d7-impl-thread1] INFO  impl.PendingRequests (PendingRequests.java:sendNotLeaderResponses(287)) - 9d1f9f5c-07b4-413f-b8b0-69aa045119d7@group-0DCCA2FB08E8-PendingRequests: sendNotLeaderResponses
2024-08-27 20:25:19,590 [9d1f9f5c-07b4-413f-b8b0-69aa045119d7-impl-thread1] INFO  impl.StateMachineUpdater (StateMachineUpdater.java:stopAndJoin(164)) - 9d1f9f5c-07b4-413f-b8b0-69aa045119d7@group-0DCCA2FB08E8-StateMachineUpdater: set stopIndex = 0
2024-08-27 20:25:19,590 [9d1f9f5c-07b4-413f-b8b0-69aa045119d7@group-0DCCA2FB08E8-StateMachineUpdater] INFO  ratis.ContainerStateMachine (ContainerStateMachine.java:takeSnapshot(363)) - group-0DCCA2FB08E8: Taking a snapshot at:(t:1, i:0) file /home/runner/work/ozone/ozone/hadoop-ozone/integration-test/target/test-dir/MiniOzoneClusterImpl-2855d785-c18f-47a1-bcca-44ce8ce60223/ozone-meta/datanode-3/ratis/8eba0c35-bf2b-4a6e-b1aa-0dcca2fb08e8/sm/snapshot.1_0
2024-08-27 20:25:19,590 [9d1f9f5c-07b4-413f-b8b0-69aa045119d7@group-0DCCA2FB08E8-StateMachineUpdater] INFO  ratis.ContainerStateMachine (ContainerStateMachine.java:takeSnapshot(374)) - group-0DCCA2FB08E8: Finished taking a snapshot at:(t:1, i:0) file:/home/runner/work/ozone/ozone/hadoop-ozone/integration-test/target/test-dir/MiniOzoneClusterImpl-2855d785-c18f-47a1-bcca-44ce8ce60223/ozone-meta/datanode-3/ratis/8eba0c35-bf2b-4a6e-b1aa-0dcca2fb08e8/sm/snapshot.1_0 took: 0 ms
2024-08-27 20:25:19,590 [9d1f9f5c-07b4-413f-b8b0-69aa045119d7@group-0DCCA2FB08E8-StateMachineUpdater] INFO  impl.StateMachineUpdater (StateMachineUpdater.java:takeSnapshot(303)) - 9d1f9f5c-07b4-413f-b8b0-69aa045119d7@group-0DCCA2FB08E8-StateMachineUpdater: Took a snapshot at index 0
2024-08-27 20:25:19,590 [9d1f9f5c-07b4-413f-b8b0-69aa045119d7@group-0DCCA2FB08E8-StateMachineUpdater] INFO  impl.StateMachineUpdater (StateMachineUpdater.java:lambda$new$0(102)) - 9d1f9f5c-07b4-413f-b8b0-69aa045119d7@group-0DCCA2FB08E8-StateMachineUpdater: snapshotIndex: updateIncreasingly -1 -> 0
2024-08-27 20:25:19,590 [9d1f9f5c-07b4-413f-b8b0-69aa045119d7@group-0DCCA2FB08E8-StateMachineUpdater] INFO  impl.StateMachineUpdater (StateMachineUpdater.java:stop(141)) - 9d1f9f5c-07b4-413f-b8b0-69aa045119d7@group-0DCCA2FB08E8-StateMachineUpdater: closing ContainerStateMachine, lastApplied=(t:1, i:0)
2024-08-27 20:25:19,591 [9d1f9f5c-07b4-413f-b8b0-69aa045119d7@group-0DCCA2FB08E8-cacheEviction-AwaitToRun] INFO  util.AwaitToRun (AwaitToRun.java:run(49)) - 9d1f9f5c-07b4-413f-b8b0-69aa045119d7@group-0DCCA2FB08E8-cacheEviction-AwaitToRun-AwaitForSignal is interrupted
2024-08-27 20:25:19,592 [Thread-846] INFO  server.GrpcServerProtocolClient (GrpcServerProtocolClient.java:close(103)) - b5b9165f-6528-4062-9715-63d706d5309e Close channels
2024-08-27 20:25:19,592 [Thread-852] INFO  server.GrpcServerProtocolClient (GrpcServerProtocolClient.java:close(103)) - d758e0a9-c5a1-4fd4-978f-3629e4af057b Close channels
2024-08-27 20:25:19,594 [main] INFO  server.GrpcService (GrpcService.java:closeImpl(320)) - 9d1f9f5c-07b4-413f-b8b0-69aa045119d7: shutdown server GrpcServerProtocolService successfully
2024-08-27 20:25:19,600 [9d1f9f5c-07b4-413f-b8b0-69aa045119d7-NettyServerStreamRpc-bossGroup--thread1] INFO  logging.LoggingHandler (AbstractInternalLogger.java:log(148)) - [id: 0x9d40eacb, L:/0.0.0.0:15033] CLOSE
2024-08-27 20:25:19,600 [9d1f9f5c-07b4-413f-b8b0-69aa045119d7-NettyServerStreamRpc-bossGroup--thread1] INFO  logging.LoggingHandler (AbstractInternalLogger.java:log(148)) - [id: 0x9d40eacb, L:/0.0.0.0:15033] INACTIVE
2024-08-27 20:25:19,600 [9d1f9f5c-07b4-413f-b8b0-69aa045119d7-NettyServerStreamRpc-bossGroup--thread1] INFO  logging.LoggingHandler (AbstractInternalLogger.java:log(148)) - [id: 0x9d40eacb, L:/0.0.0.0:15033] UNREGISTERED
2024-08-27 20:25:19,918 [f3028915-7dd4-47fe-983a-636a8839ab96-impl-thread1] INFO  segmented.SegmentedRaftLogWorker (SegmentedRaftLogWorker.java:close(248)) - f3028915-7dd4-47fe-983a-636a8839ab96@group-B30E101814FB-SegmentedRaftLogWorker close()
2024-08-27 20:25:19,918 [f3028915-7dd4-47fe-983a-636a8839ab96-impl-thread1] INFO  ratis.ContainerStateMachine (ContainerStateMachine.java:notifyServerShutdown(956)) - group-B30E101814FB is closed by HddsDatanodeService
2024-08-27 20:25:19,919 [JvmPauseMonitor5] INFO  util.JvmPauseMonitor (JvmPauseMonitor.java:run(152)) - JvmPauseMonitor-f3028915-7dd4-47fe-983a-636a8839ab96: Stopped
2024-08-27 20:25:20,156 [timer4] WARN  server.GrpcLogAppender (LogUtils.java:warn(121)) - d758e0a9-c5a1-4fd4-978f-3629e4af057b@group-304231B6B230->b5b9165f-6528-4062-9715-63d706d5309e-AppendLogResponseHandler: Failed appendEntries (Repeated 2 times in the last 5.000s): org.apache.ratis.thirdparty.io.grpc.StatusRuntimeException: UNAVAILABLE: io exception
2024-08-27 20:25:20,157 [timer5] WARN  server.GrpcLogAppender (GrpcLogAppender.java:lambda$resetClient$1(221)) - 9d1f9f5c-07b4-413f-b8b0-69aa045119d7@group-A133DE54D1F1->b5b9165f-6528-4062-9715-63d706d5309e-GrpcLogAppender: Follower failed (request=null, errorCount=12); keep nextIndex (1) unchanged and retry. (Repeated 6 times in the last 5.000s)
2024-08-27 20:25:20,256 [pool-227-thread-1] INFO  utils.DatanodeStoreCache (DatanodeStoreCache.java:shutdownCache(116)) - Skip clearing cache in mini cluster mode. Entries left: [/home/runner/work/ozone/ozone/hadoop-ozone/integration-test/target/test-dir/MiniOzoneClusterImpl-2855d785-c18f-47a1-bcca-44ce8ce60223/ozone-meta/datanode-2/data-0/hdds/2855d785-c18f-47a1-bcca-44ce8ce60223/DS-606eb851-0d5e-457f-9b79-fe2b0c98f120/container.db, /home/runner/work/ozone/ozone/hadoop-ozone/integration-test/target/test-dir/MiniOzoneClusterImpl-2855d785-c18f-47a1-bcca-44ce8ce60223/ozone-meta/datanode-3/data-0/hdds/2855d785-c18f-47a1-bcca-44ce8ce60223/DS-147f58cf-7ed2-4bfb-b16d-07fdefa6f677/container.db, /home/runner/work/ozone/ozone/hadoop-ozone/integration-test/target/test-dir/MiniOzoneClusterImpl-2855d785-c18f-47a1-bcca-44ce8ce60223/ozone-meta/datanode-4/data-0/hdds/2855d785-c18f-47a1-bcca-44ce8ce60223/DS-e469907d-e962-4439-ba67-604d38565d19/container.db, /home/runner/work/ozone/ozone/hadoop-ozone/integration-test/target/test-dir/MiniOzoneClusterImpl-2855d785-c18f-47a1-bcca-44ce8ce60223/ozone-meta/datanode-5/data-0/hdds/2855d785-c18f-47a1-bcca-44ce8ce60223/DS-c575c6ef-5420-49f2-9760-0b045888a64f/container.db]
2024-08-27 20:25:20,257 [pool-227-thread-1] INFO  utils.DatanodeStoreCache (DatanodeStoreCache.java:removeDB(110)) - Removed db /home/runner/work/ozone/ozone/hadoop-ozone/integration-test/target/test-dir/MiniOzoneClusterImpl-2855d785-c18f-47a1-bcca-44ce8ce60223/ozone-meta/datanode-2/data-0/hdds/2855d785-c18f-47a1-bcca-44ce8ce60223/DS-606eb851-0d5e-457f-9b79-fe2b0c98f120/container.db from cache
2024-08-27 20:25:20,257 [pool-227-thread-1] INFO  volume.HddsVolume (HddsVolume.java:closeDbStore(462)) - SchemaV3 db is stopped at /home/runner/work/ozone/ozone/hadoop-ozone/integration-test/target/test-dir/MiniOzoneClusterImpl-2855d785-c18f-47a1-bcca-44ce8ce60223/ozone-meta/datanode-2/data-0/hdds/2855d785-c18f-47a1-bcca-44ce8ce60223/DS-606eb851-0d5e-457f-9b79-fe2b0c98f120/container.db for volume DS-606eb851-0d5e-457f-9b79-fe2b0c98f120
2024-08-27 20:25:20,257 [pool-227-thread-1] INFO  utils.BackgroundService (BackgroundService.java:shutdown(163)) - Shutting down service BlockDeletingService
2024-08-27 20:25:20,257 [pool-227-thread-1] INFO  utils.BackgroundService (BackgroundService.java:shutdown(163)) - Shutting down service StaleRecoveringContainerScrubbingService
2024-08-27 20:25:20,258 [pool-227-thread-1] INFO  statemachine.DatanodeStateMachine (DatanodeStateMachine.java:stopDaemon(627)) - Ozone container server stopped.
2024-08-27 20:25:20,270 [pool-227-thread-1] INFO  handler.ContextHandler (ContextHandler.java:doStop(1159)) - Stopped o.e.j.w.WebAppContext@74703266{hddsDatanode,/,null,STOPPED}{jar:file:/home/runner/work/ozone/ozone/hadoop-hdds/container-service/target/hdds-container-service-1.5.0-SNAPSHOT.jar!/webapps/hddsDatanode}
2024-08-27 20:25:20,271 [pool-227-thread-1] INFO  server.AbstractConnector (AbstractConnector.java:doStop(383)) - Stopped ServerConnector@43c1dcb0{HTTP/1.1, (http/1.1)}{0.0.0.0:15018}
2024-08-27 20:25:20,271 [pool-227-thread-1] INFO  server.session (HouseKeeper.java:stopScavenging(149)) - node0 Stopped scavenging
2024-08-27 20:25:20,271 [pool-227-thread-1] INFO  handler.ContextHandler (ContextHandler.java:doStop(1159)) - Stopped o.e.j.s.ServletContextHandler@337348de{static,/static,jar:file:/home/runner/work/ozone/ozone/hadoop-hdds/container-service/target/hdds-container-service-1.5.0-SNAPSHOT.jar!/webapps/static,STOPPED}
2024-08-27 20:25:20,271 [pool-227-thread-1] INFO  handler.ContextHandler (ContextHandler.java:doStop(1159)) - Stopped o.e.j.s.ServletContextHandler@529c002c{logs,/logs,file:///home/runner/work/ozone/ozone/hadoop-ozone/integration-test/target/log,STOPPED}
2024-08-27 20:25:20,273 [pool-227-thread-1] INFO  ozone.HddsDatanodeClientProtocolServer (HddsDatanodeClientProtocolServer.java:stop(85)) - Stopping the RPC server for Client Protocol
2024-08-27 20:25:20,273 [pool-227-thread-1] INFO  ipc.Server (Server.java:stop(3523)) - Stopping server on 15019
2024-08-27 20:25:20,274 [IPC Server listener on 15019] INFO  ipc.Server (Server.java:run(1434)) - Stopping IPC Server listener on 15019
2024-08-27 20:25:20,274 [IPC Server Responder] INFO  ipc.Server (Server.java:run(1567)) - Stopping IPC Server Responder
2024-08-27 20:25:20,330 [18c2a24f-8a03-4916-b50c-e7c6140a9b01-impl-thread1] INFO  segmented.SegmentedRaftLogWorker (SegmentedRaftLogWorker.java:close(248)) - 18c2a24f-8a03-4916-b50c-e7c6140a9b01@group-EB676058688B-SegmentedRaftLogWorker close()
2024-08-27 20:25:20,331 [18c2a24f-8a03-4916-b50c-e7c6140a9b01-impl-thread1] INFO  ratis.ContainerStateMachine (ContainerStateMachine.java:notifyServerShutdown(956)) - group-EB676058688B is closed by HddsDatanodeService
2024-08-27 20:25:20,331 [JvmPauseMonitor6] INFO  util.JvmPauseMonitor (JvmPauseMonitor.java:run(152)) - JvmPauseMonitor-18c2a24f-8a03-4916-b50c-e7c6140a9b01: Stopped
2024-08-27 20:25:20,378 [timer7] WARN  server.GrpcLogAppender (LogUtils.java:warn(121)) - 9d1f9f5c-07b4-413f-b8b0-69aa045119d7@group-A133DE54D1F1->b5b9165f-6528-4062-9715-63d706d5309e-AppendLogResponseHandler: Failed appendEntries (Repeated 4 times in the last 5.000s): org.apache.ratis.thirdparty.io.grpc.StatusRuntimeException: UNAVAILABLE: io exception
2024-08-27 20:25:20,536 [9d1f9f5c-07b4-413f-b8b0-69aa045119d7-impl-thread1] INFO  segmented.SegmentedRaftLogWorker (SegmentedRaftLogWorker.java:close(248)) - 9d1f9f5c-07b4-413f-b8b0-69aa045119d7@group-0DCCA2FB08E8-SegmentedRaftLogWorker close()
2024-08-27 20:25:20,537 [9d1f9f5c-07b4-413f-b8b0-69aa045119d7-impl-thread1] INFO  ratis.ContainerStateMachine (ContainerStateMachine.java:notifyServerShutdown(956)) - group-0DCCA2FB08E8 is closed by HddsDatanodeService
2024-08-27 20:25:20,537 [JvmPauseMonitor4] INFO  util.JvmPauseMonitor (JvmPauseMonitor.java:run(152)) - JvmPauseMonitor-9d1f9f5c-07b4-413f-b8b0-69aa045119d7: Stopped
2024-08-27 20:25:21,921 [ForkJoinPool.commonPool-worker-1] INFO  utils.DatanodeStoreCache (DatanodeStoreCache.java:shutdownCache(116)) - Skip clearing cache in mini cluster mode. Entries left: [/home/runner/work/ozone/ozone/hadoop-ozone/integration-test/target/test-dir/MiniOzoneClusterImpl-2855d785-c18f-47a1-bcca-44ce8ce60223/ozone-meta/datanode-3/data-0/hdds/2855d785-c18f-47a1-bcca-44ce8ce60223/DS-147f58cf-7ed2-4bfb-b16d-07fdefa6f677/container.db, /home/runner/work/ozone/ozone/hadoop-ozone/integration-test/target/test-dir/MiniOzoneClusterImpl-2855d785-c18f-47a1-bcca-44ce8ce60223/ozone-meta/datanode-4/data-0/hdds/2855d785-c18f-47a1-bcca-44ce8ce60223/DS-e469907d-e962-4439-ba67-604d38565d19/container.db, /home/runner/work/ozone/ozone/hadoop-ozone/integration-test/target/test-dir/MiniOzoneClusterImpl-2855d785-c18f-47a1-bcca-44ce8ce60223/ozone-meta/datanode-5/data-0/hdds/2855d785-c18f-47a1-bcca-44ce8ce60223/DS-c575c6ef-5420-49f2-9760-0b045888a64f/container.db]
2024-08-27 20:25:21,923 [ForkJoinPool.commonPool-worker-1] INFO  utils.DatanodeStoreCache (DatanodeStoreCache.java:removeDB(110)) - Removed db /home/runner/work/ozone/ozone/hadoop-ozone/integration-test/target/test-dir/MiniOzoneClusterImpl-2855d785-c18f-47a1-bcca-44ce8ce60223/ozone-meta/datanode-4/data-0/hdds/2855d785-c18f-47a1-bcca-44ce8ce60223/DS-e469907d-e962-4439-ba67-604d38565d19/container.db from cache
2024-08-27 20:25:21,923 [ForkJoinPool.commonPool-worker-1] INFO  volume.HddsVolume (HddsVolume.java:closeDbStore(462)) - SchemaV3 db is stopped at /home/runner/work/ozone/ozone/hadoop-ozone/integration-test/target/test-dir/MiniOzoneClusterImpl-2855d785-c18f-47a1-bcca-44ce8ce60223/ozone-meta/datanode-4/data-0/hdds/2855d785-c18f-47a1-bcca-44ce8ce60223/DS-e469907d-e962-4439-ba67-604d38565d19/container.db for volume DS-e469907d-e962-4439-ba67-604d38565d19
2024-08-27 20:25:21,923 [ForkJoinPool.commonPool-worker-1] INFO  utils.BackgroundService (BackgroundService.java:shutdown(163)) - Shutting down service BlockDeletingService
2024-08-27 20:25:21,923 [ForkJoinPool.commonPool-worker-1] INFO  utils.BackgroundService (BackgroundService.java:shutdown(163)) - Shutting down service StaleRecoveringContainerScrubbingService
2024-08-27 20:25:21,924 [ForkJoinPool.commonPool-worker-1] INFO  statemachine.DatanodeStateMachine (DatanodeStateMachine.java:stopDaemon(627)) - Ozone container server stopped.
2024-08-27 20:25:21,935 [EventQueue-StaleNodeForStaleNodeHandler] INFO  node.StaleNodeHandler (StaleNodeHandler.java:onMessage(57)) - Datanode f3028915-7dd4-47fe-983a-636a8839ab96(localhost/127.0.0.1) moved to stale state. Finalizing its pipelines [PipelineID=8cd69fdb-0a95-4ee2-89cf-b30e101814fb]
2024-08-27 20:25:21,936 [EventQueue-StaleNodeForStaleNodeHandler] INFO  pipeline.PipelineManagerImpl (PipelineManagerImpl.java:closePipeline(518)) - Pipeline PipelineID=8cd69fdb-0a95-4ee2-89cf-b30e101814fb moved to CLOSED state
2024-08-27 20:25:21,937 [ForkJoinPool.commonPool-worker-1] INFO  handler.ContextHandler (ContextHandler.java:doStop(1159)) - Stopped o.e.j.w.WebAppContext@4fa057b0{hddsDatanode,/,null,STOPPED}{jar:file:/home/runner/work/ozone/ozone/hadoop-hdds/container-service/target/hdds-container-service-1.5.0-SNAPSHOT.jar!/webapps/hddsDatanode}
2024-08-27 20:25:21,937 [ForkJoinPool.commonPool-worker-1] INFO  server.AbstractConnector (AbstractConnector.java:doStop(383)) - Stopped ServerConnector@53506644{HTTP/1.1, (http/1.1)}{0.0.0.0:15036}
2024-08-27 20:25:21,937 [ForkJoinPool.commonPool-worker-1] INFO  server.session (HouseKeeper.java:stopScavenging(149)) - node0 Stopped scavenging
2024-08-27 20:25:21,938 [ForkJoinPool.commonPool-worker-1] INFO  handler.ContextHandler (ContextHandler.java:doStop(1159)) - Stopped o.e.j.s.ServletContextHandler@40fa9db2{static,/static,jar:file:/home/runner/work/ozone/ozone/hadoop-hdds/container-service/target/hdds-container-service-1.5.0-SNAPSHOT.jar!/webapps/static,STOPPED}
2024-08-27 20:25:21,938 [ForkJoinPool.commonPool-worker-1] INFO  handler.ContextHandler (ContextHandler.java:doStop(1159)) - Stopped o.e.j.s.ServletContextHandler@6f538dd7{logs,/logs,file:///home/runner/work/ozone/ozone/hadoop-ozone/integration-test/target/log,STOPPED}
2024-08-27 20:25:21,938 [ForkJoinPool.commonPool-worker-1] INFO  ozone.HddsDatanodeClientProtocolServer (HddsDatanodeClientProtocolServer.java:stop(85)) - Stopping the RPC server for Client Protocol
2024-08-27 20:25:21,938 [ForkJoinPool.commonPool-worker-1] INFO  ipc.Server (Server.java:stop(3523)) - Stopping server on 15037
2024-08-27 20:25:21,940 [IPC Server listener on 15037] INFO  ipc.Server (Server.java:run(1434)) - Stopping IPC Server listener on 15037
2024-08-27 20:25:21,940 [IPC Server Responder] INFO  ipc.Server (Server.java:run(1567)) - Stopping IPC Server Responder
2024-08-27 20:25:22,333 [ForkJoinPool.commonPool-worker-2] INFO  utils.DatanodeStoreCache (DatanodeStoreCache.java:shutdownCache(116)) - Skip clearing cache in mini cluster mode. Entries left: [/home/runner/work/ozone/ozone/hadoop-ozone/integration-test/target/test-dir/MiniOzoneClusterImpl-2855d785-c18f-47a1-bcca-44ce8ce60223/ozone-meta/datanode-3/data-0/hdds/2855d785-c18f-47a1-bcca-44ce8ce60223/DS-147f58cf-7ed2-4bfb-b16d-07fdefa6f677/container.db, /home/runner/work/ozone/ozone/hadoop-ozone/integration-test/target/test-dir/MiniOzoneClusterImpl-2855d785-c18f-47a1-bcca-44ce8ce60223/ozone-meta/datanode-5/data-0/hdds/2855d785-c18f-47a1-bcca-44ce8ce60223/DS-c575c6ef-5420-49f2-9760-0b045888a64f/container.db]
2024-08-27 20:25:22,335 [ForkJoinPool.commonPool-worker-2] INFO  utils.DatanodeStoreCache (DatanodeStoreCache.java:removeDB(110)) - Removed db /home/runner/work/ozone/ozone/hadoop-ozone/integration-test/target/test-dir/MiniOzoneClusterImpl-2855d785-c18f-47a1-bcca-44ce8ce60223/ozone-meta/datanode-5/data-0/hdds/2855d785-c18f-47a1-bcca-44ce8ce60223/DS-c575c6ef-5420-49f2-9760-0b045888a64f/container.db from cache
2024-08-27 20:25:22,335 [ForkJoinPool.commonPool-worker-2] INFO  volume.HddsVolume (HddsVolume.java:closeDbStore(462)) - SchemaV3 db is stopped at /home/runner/work/ozone/ozone/hadoop-ozone/integration-test/target/test-dir/MiniOzoneClusterImpl-2855d785-c18f-47a1-bcca-44ce8ce60223/ozone-meta/datanode-5/data-0/hdds/2855d785-c18f-47a1-bcca-44ce8ce60223/DS-c575c6ef-5420-49f2-9760-0b045888a64f/container.db for volume DS-c575c6ef-5420-49f2-9760-0b045888a64f
2024-08-27 20:25:22,335 [ForkJoinPool.commonPool-worker-2] INFO  utils.BackgroundService (BackgroundService.java:shutdown(163)) - Shutting down service BlockDeletingService
2024-08-27 20:25:22,335 [ForkJoinPool.commonPool-worker-2] INFO  utils.BackgroundService (BackgroundService.java:shutdown(163)) - Shutting down service StaleRecoveringContainerScrubbingService
2024-08-27 20:25:22,336 [ForkJoinPool.commonPool-worker-2] INFO  statemachine.DatanodeStateMachine (DatanodeStateMachine.java:stopDaemon(627)) - Ozone container server stopped.
2024-08-27 20:25:22,336 [EventQueue-StaleNodeForStaleNodeHandler] INFO  node.StaleNodeHandler (StaleNodeHandler.java:onMessage(57)) - Datanode 18c2a24f-8a03-4916-b50c-e7c6140a9b01(localhost/127.0.0.1) moved to stale state. Finalizing its pipelines [PipelineID=392a6158-681f-4578-924e-eb676058688b]
2024-08-27 20:25:22,337 [EventQueue-StaleNodeForStaleNodeHandler] INFO  pipeline.PipelineManagerImpl (PipelineManagerImpl.java:closePipeline(518)) - Pipeline PipelineID=392a6158-681f-4578-924e-eb676058688b moved to CLOSED state
2024-08-27 20:25:22,349 [ForkJoinPool.commonPool-worker-2] INFO  handler.ContextHandler (ContextHandler.java:doStop(1159)) - Stopped o.e.j.w.WebAppContext@5a31d662{hddsDatanode,/,null,STOPPED}{jar:file:/home/runner/work/ozone/ozone/hadoop-hdds/container-service/target/hdds-container-service-1.5.0-SNAPSHOT.jar!/webapps/hddsDatanode}
2024-08-27 20:25:22,349 [ForkJoinPool.commonPool-worker-2] INFO  server.AbstractConnector (AbstractConnector.java:doStop(383)) - Stopped ServerConnector@736f0d1b{HTTP/1.1, (http/1.1)}{0.0.0.0:15045}
2024-08-27 20:25:22,350 [ForkJoinPool.commonPool-worker-2] INFO  server.session (HouseKeeper.java:stopScavenging(149)) - node0 Stopped scavenging
2024-08-27 20:25:22,350 [ForkJoinPool.commonPool-worker-2] INFO  handler.ContextHandler (ContextHandler.java:doStop(1159)) - Stopped o.e.j.s.ServletContextHandler@1319b8b9{static,/static,jar:file:/home/runner/work/ozone/ozone/hadoop-hdds/container-service/target/hdds-container-service-1.5.0-SNAPSHOT.jar!/webapps/static,STOPPED}
2024-08-27 20:25:22,350 [ForkJoinPool.commonPool-worker-2] INFO  handler.ContextHandler (ContextHandler.java:doStop(1159)) - Stopped o.e.j.s.ServletContextHandler@5a85526b{logs,/logs,file:///home/runner/work/ozone/ozone/hadoop-ozone/integration-test/target/log,STOPPED}
2024-08-27 20:25:22,350 [ForkJoinPool.commonPool-worker-2] INFO  ozone.HddsDatanodeClientProtocolServer (HddsDatanodeClientProtocolServer.java:stop(85)) - Stopping the RPC server for Client Protocol
2024-08-27 20:25:22,350 [ForkJoinPool.commonPool-worker-2] INFO  ipc.Server (Server.java:stop(3523)) - Stopping server on 15046
2024-08-27 20:25:22,352 [IPC Server listener on 15046] INFO  ipc.Server (Server.java:run(1434)) - Stopping IPC Server listener on 15046
2024-08-27 20:25:22,352 [IPC Server Responder] INFO  ipc.Server (Server.java:run(1567)) - Stopping IPC Server Responder
2024-08-27 20:25:22,536 [EventQueue-DeadNodeForDeadNodeHandler] INFO  node.DeadNodeHandler (DeadNodeHandler.java:onMessage(95)) - A dead datanode is detected. d758e0a9-c5a1-4fd4-978f-3629e4af057b(localhost/127.0.0.1)
2024-08-27 20:25:22,536 [EventQueue-StaleNodeForStaleNodeHandler] INFO  node.StaleNodeHandler (StaleNodeHandler.java:onMessage(57)) - Datanode 9d1f9f5c-07b4-413f-b8b0-69aa045119d7(localhost/127.0.0.1) moved to stale state. Finalizing its pipelines [PipelineID=8eba0c35-bf2b-4a6e-b1aa-0dcca2fb08e8]
2024-08-27 20:25:22,536 [EventQueue-DeadNodeForDeadNodeHandler] INFO  pipeline.RatisPipelineProvider (RatisPipelineProvider.java:lambda$close$4(270)) - Send pipeline:PipelineID=6c929988-6b79-47a0-8aef-e69cfc028817 close command to datanode d758e0a9-c5a1-4fd4-978f-3629e4af057b
2024-08-27 20:25:22,538 [EventQueue-StaleNodeForStaleNodeHandler] INFO  pipeline.PipelineManagerImpl (PipelineManagerImpl.java:closePipeline(518)) - Pipeline PipelineID=8eba0c35-bf2b-4a6e-b1aa-0dcca2fb08e8 moved to CLOSED state
2024-08-27 20:25:22,538 [EventQueue-DeadNodeForDeadNodeHandler] INFO  pipeline.PipelineManagerImpl (PipelineManagerImpl.java:removePipeline(459)) - Pipeline Pipeline[ Id: 6c929988-6b79-47a0-8aef-e69cfc028817, Nodes: d758e0a9-c5a1-4fd4-978f-3629e4af057b(localhost/127.0.0.1) ReplicaIndex: 0, ReplicationConfig: RATIS/ONE, State:CLOSED, leaderId:d758e0a9-c5a1-4fd4-978f-3629e4af057b, CreationTimestamp2024-08-27T20:25:01.015Z[Etc/UTC]] removed.
2024-08-27 20:25:22,538 [EventQueue-DeadNodeForDeadNodeHandler] INFO  node.DeadNodeHandler (DeadNodeHandler.java:onMessage(108)) - Clearing command queue of size 4 for DN d758e0a9-c5a1-4fd4-978f-3629e4af057b(localhost/127.0.0.1)
2024-08-27 20:25:22,538 [EventQueue-DeadNodeForDeadNodeHandler] INFO  net.NetworkTopologyImpl (NetworkTopologyImpl.java:remove(212)) - Removed a node: /default-rack/d758e0a9-c5a1-4fd4-978f-3629e4af057b
2024-08-27 20:25:22,539 [main] INFO  utils.DatanodeStoreCache (DatanodeStoreCache.java:shutdownCache(116)) - Skip clearing cache in mini cluster mode. Entries left: [/home/runner/work/ozone/ozone/hadoop-ozone/integration-test/target/test-dir/MiniOzoneClusterImpl-2855d785-c18f-47a1-bcca-44ce8ce60223/ozone-meta/datanode-3/data-0/hdds/2855d785-c18f-47a1-bcca-44ce8ce60223/DS-147f58cf-7ed2-4bfb-b16d-07fdefa6f677/container.db]
2024-08-27 20:25:22,540 [main] INFO  utils.DatanodeStoreCache (DatanodeStoreCache.java:removeDB(110)) - Removed db /home/runner/work/ozone/ozone/hadoop-ozone/integration-test/target/test-dir/MiniOzoneClusterImpl-2855d785-c18f-47a1-bcca-44ce8ce60223/ozone-meta/datanode-3/data-0/hdds/2855d785-c18f-47a1-bcca-44ce8ce60223/DS-147f58cf-7ed2-4bfb-b16d-07fdefa6f677/container.db from cache
2024-08-27 20:25:22,540 [main] INFO  volume.HddsVolume (HddsVolume.java:closeDbStore(462)) - SchemaV3 db is stopped at /home/runner/work/ozone/ozone/hadoop-ozone/integration-test/target/test-dir/MiniOzoneClusterImpl-2855d785-c18f-47a1-bcca-44ce8ce60223/ozone-meta/datanode-3/data-0/hdds/2855d785-c18f-47a1-bcca-44ce8ce60223/DS-147f58cf-7ed2-4bfb-b16d-07fdefa6f677/container.db for volume DS-147f58cf-7ed2-4bfb-b16d-07fdefa6f677
2024-08-27 20:25:22,541 [main] INFO  utils.BackgroundService (BackgroundService.java:shutdown(163)) - Shutting down service BlockDeletingService
2024-08-27 20:25:22,541 [main] INFO  utils.BackgroundService (BackgroundService.java:shutdown(163)) - Shutting down service StaleRecoveringContainerScrubbingService
2024-08-27 20:25:22,542 [main] INFO  statemachine.DatanodeStateMachine (DatanodeStateMachine.java:stopDaemon(627)) - Ozone container server stopped.
2024-08-27 20:25:22,554 [main] INFO  handler.ContextHandler (ContextHandler.java:doStop(1159)) - Stopped o.e.j.w.WebAppContext@4bd4960e{hddsDatanode,/,null,STOPPED}{jar:file:/home/runner/work/ozone/ozone/hadoop-hdds/container-service/target/hdds-container-service-1.5.0-SNAPSHOT.jar!/webapps/hddsDatanode}
2024-08-27 20:25:22,555 [main] INFO  server.AbstractConnector (AbstractConnector.java:doStop(383)) - Stopped ServerConnector@600dfbca{HTTP/1.1, (http/1.1)}{0.0.0.0:15027}
2024-08-27 20:25:22,555 [main] INFO  server.session (HouseKeeper.java:stopScavenging(149)) - node0 Stopped scavenging
2024-08-27 20:25:22,555 [main] INFO  handler.ContextHandler (ContextHandler.java:doStop(1159)) - Stopped o.e.j.s.ServletContextHandler@72a4b564{static,/static,jar:file:/home/runner/work/ozone/ozone/hadoop-hdds/container-service/target/hdds-container-service-1.5.0-SNAPSHOT.jar!/webapps/static,STOPPED}
2024-08-27 20:25:22,555 [main] INFO  handler.ContextHandler (ContextHandler.java:doStop(1159)) - Stopped o.e.j.s.ServletContextHandler@bc9bd00{logs,/logs,file:///home/runner/work/ozone/ozone/hadoop-ozone/integration-test/target/log,STOPPED}
2024-08-27 20:25:22,556 [main] INFO  ozone.HddsDatanodeClientProtocolServer (HddsDatanodeClientProtocolServer.java:stop(85)) - Stopping the RPC server for Client Protocol
2024-08-27 20:25:22,556 [main] INFO  ipc.Server (Server.java:stop(3523)) - Stopping server on 15028
2024-08-27 20:25:22,558 [IPC Server listener on 15028] INFO  ipc.Server (Server.java:run(1434)) - Stopping IPC Server listener on 15028
2024-08-27 20:25:22,558 [IPC Server Responder] INFO  ipc.Server (Server.java:run(1567)) - Stopping IPC Server Responder
2024-08-27 20:25:22,558 [main] INFO  ozone.MiniOzoneClusterImpl (MiniOzoneClusterImpl.java:stopSCM(500)) - Stopping the StorageContainerManager
2024-08-27 20:25:22,558 [main] INFO  server.StorageContainerManager (StorageContainerManager.java:stop(1650)) - Container Balancer is not running.
2024-08-27 20:25:22,558 [main] INFO  server.StorageContainerManager (StorageContainerManager.java:stopReplicationManager(1788)) - Stopping Replication Manager Service.
2024-08-27 20:25:22,559 [main] INFO  replication.ReplicationManager (ReplicationManager.java:stop(329)) - Stopping Replication Monitor Thread.
2024-08-27 20:25:22,559 [UnderReplicatedProcessor] WARN  replication.UnhealthyReplicationProcessor (UnhealthyReplicationProcessor.java:run(180)) - UnderReplicatedProcessor interrupted. Exiting...
2024-08-27 20:25:22,559 [OverReplicatedProcessor] WARN  replication.UnhealthyReplicationProcessor (UnhealthyReplicationProcessor.java:run(180)) - OverReplicatedProcessor interrupted. Exiting...
2024-08-27 20:25:22,559 [ReplicationMonitor] INFO  replication.ReplicationManager (ReplicationManager.java:run(938)) - Replication Monitor Thread is stopped
2024-08-27 20:25:22,559 [main] INFO  server.StorageContainerManager (StorageContainerManager.java:stop(1659)) - Stopping the Datanode Admin Monitor.
2024-08-27 20:25:22,559 [main] INFO  server.StorageContainerManager (StorageContainerManager.java:stop(1666)) - Stopping datanode service RPC server
2024-08-27 20:25:22,559 [main] INFO  server.SCMDatanodeProtocolServer (SCMDatanodeProtocolServer.java:stop(430)) - Stopping the RPC server for DataNodes
2024-08-27 20:25:22,559 [main] INFO  ipc.Server (Server.java:stop(3523)) - Stopping server on 15002
2024-08-27 20:25:22,564 [IPC Server listener on 15002] INFO  ipc.Server (Server.java:run(1434)) - Stopping IPC Server listener on 15002
2024-08-27 20:25:22,564 [IPC Server Responder] INFO  ipc.Server (Server.java:run(1567)) - Stopping IPC Server Responder
2024-08-27 20:25:22,636 [SCMHeartbeatProcessor-0] WARN  node.NodeStateManager (NodeStateManager.java:scheduleNextHealthCheck(935)) - Current Thread is interrupted, shutting down HB processing thread for Node Manager.
2024-08-27 20:25:22,636 [main] INFO  server.StorageContainerManager (StorageContainerManager.java:stop(1674)) - Stopping block service RPC server
2024-08-27 20:25:22,637 [main] INFO  server.SCMBlockProtocolServer (SCMBlockProtocolServer.java:stop(181)) - Stopping the RPC server for Block Protocol
2024-08-27 20:25:22,637 [main] INFO  ipc.Server (Server.java:stop(3523)) - Stopping server on 15001
2024-08-27 20:25:22,641 [IPC Server listener on 15001] INFO  ipc.Server (Server.java:run(1434)) - Stopping IPC Server listener on 15001
2024-08-27 20:25:22,641 [IPC Server Responder] INFO  ipc.Server (Server.java:run(1567)) - Stopping IPC Server Responder
2024-08-27 20:25:22,641 [main] INFO  server.StorageContainerManager (StorageContainerManager.java:stop(1681)) - Stopping the StorageContainerLocationProtocol RPC server
2024-08-27 20:25:22,642 [main] INFO  server.SCMClientProtocolServer (SCMClientProtocolServer.java:stop(222)) - Stopping the RPC server for Client Protocol
2024-08-27 20:25:22,642 [main] INFO  ipc.Server (Server.java:stop(3523)) - Stopping server on 15000
2024-08-27 20:25:22,645 [IPC Server listener on 15000] INFO  ipc.Server (Server.java:run(1434)) - Stopping IPC Server listener on 15000
2024-08-27 20:25:22,653 [IPC Server Responder] INFO  ipc.Server (Server.java:run(1567)) - Stopping IPC Server Responder
2024-08-27 20:25:22,654 [main] INFO  server.StorageContainerManager (StorageContainerManager.java:stop(1688)) - Stopping Storage Container Manager HTTP server.
2024-08-27 20:25:22,654 [main] INFO  handler.ContextHandler (ContextHandler.java:doStop(1159)) - Stopped o.e.j.w.WebAppContext@282240{scm,/,null,STOPPED}{file:/home/runner/work/ozone/ozone/hadoop-ozone/integration-test/target/test-classes/webapps/scm}
2024-08-27 20:25:22,655 [main] INFO  server.AbstractConnector (AbstractConnector.java:doStop(383)) - Stopped ServerConnector@79e9c14{HTTP/1.1, (http/1.1)}{0.0.0.0:15003}
2024-08-27 20:25:22,655 [main] INFO  server.session (HouseKeeper.java:stopScavenging(149)) - node0 Stopped scavenging
2024-08-27 20:25:22,655 [main] INFO  handler.ContextHandler (ContextHandler.java:doStop(1159)) - Stopped o.e.j.s.ServletContextHandler@619854a3{static,/static,file:///home/runner/work/ozone/ozone/hadoop-ozone/integration-test/target/test-classes/webapps/static,STOPPED}
2024-08-27 20:25:22,655 [main] INFO  handler.ContextHandler (ContextHandler.java:doStop(1159)) - Stopped o.e.j.s.ServletContextHandler@67f0bf7e{logs,/logs,file:///home/runner/work/ozone/ozone/hadoop-ozone/integration-test/target/log,STOPPED}
2024-08-27 20:25:22,656 [main] INFO  server.StorageContainerManager (StorageContainerManager.java:stop(1696)) - Stopping SCM LayoutVersionManager Service.
2024-08-27 20:25:22,656 [main] INFO  server.StorageContainerManager (StorageContainerManager.java:stop(1708)) - Stopping Block Manager Service.
2024-08-27 20:25:22,656 [main] INFO  utils.BackgroundService (BackgroundService.java:shutdown(163)) - Shutting down service SCMBlockDeletingService
2024-08-27 20:25:22,657 [main] INFO  utils.BackgroundService (BackgroundService.java:shutdown(163)) - Shutting down service SCMBlockDeletingService
2024-08-27 20:25:22,657 [main] INFO  server.StorageContainerManager (StorageContainerManager.java:stop(1733)) - Stopping SCM Event Queue.
2024-08-27 20:25:22,659 [JvmPauseMonitor0] INFO  util.JvmPauseMonitor (JvmPauseMonitor.java:run(152)) - JvmPauseMonitor-c84a515b-4d03-4436-a01a-6f49f498d444: Stopped
2024-08-27 20:25:22,659 [main] INFO  server.StorageContainerManager (StorageContainerManager.java:stop(1744)) - Stopping SCM HA services.
2024-08-27 20:25:22,660 [main] INFO  pipeline.BackgroundPipelineCreator (BackgroundPipelineCreator.java:stop(152)) - Stopping RatisPipelineUtilsThread.
2024-08-27 20:25:22,660 [RatisPipelineUtilsThread-0] WARN  pipeline.BackgroundPipelineCreator (BackgroundPipelineCreator.java:run(183)) - RatisPipelineUtilsThread is interrupted.
2024-08-27 20:25:22,660 [main] INFO  BackgroundPipelineScrubber (BackgroundSCMService.java:stop(128)) - Stopping BackgroundPipelineScrubber Service.
2024-08-27 20:25:22,660 [BackgroundPipelineScrubber] WARN  BackgroundPipelineScrubber (BackgroundSCMService.java:run(112)) - BackgroundPipelineScrubber is interrupted, exit
2024-08-27 20:25:22,662 [main] INFO  impl.MetricsSystemImpl (MetricsSystemImpl.java:stop(210)) - Stopping HddsDatanode metrics system...
2024-08-27 20:25:22,663 [prometheus] INFO  impl.MetricsSinkAdapter (MetricsSinkAdapter.java:publishMetricsFromQueue(141)) - prometheus thread interrupted.
2024-08-27 20:25:22,663 [main] INFO  impl.MetricsSystemImpl (MetricsSystemImpl.java:stop(216)) - HddsDatanode metrics system stopped.
2024-08-27 20:25:22,663 [main] WARN  pipeline.BackgroundPipelineCreator (BackgroundPipelineCreator.java:stop(148)) - RatisPipelineUtilsThread is not running, just ignore.
2024-08-27 20:25:22,664 [main] INFO  BackgroundPipelineScrubber (BackgroundSCMService.java:stop(123)) - BackgroundPipelineScrubber Service is not running, skip stop.
2024-08-27 20:25:22,664 [main] INFO  ExpiredContainerReplicaOpScrubber (BackgroundSCMService.java:stop(128)) - Stopping ExpiredContainerReplicaOpScrubber Service.
2024-08-27 20:25:22,664 [ExpiredContainerReplicaOpScrubber] WARN  ExpiredContainerReplicaOpScrubber (BackgroundSCMService.java:run(112)) - ExpiredContainerReplicaOpScrubber is interrupted, exit
2024-08-27 20:25:22,664 [main] INFO  utils.BackgroundService (BackgroundService.java:shutdown(163)) - Shutting down service SCMBlockDeletingService
2024-08-27 20:25:22,665 [main] INFO  replication.ReplicationManager (ReplicationManager.java:stop(339)) - Replication Monitor Thread is not running.
2024-08-27 20:25:22,665 [main] WARN  balancer.ContainerBalancer (ContainerBalancer.java:stop(349)) - Cannot stop Container Balancer because it's not running or stopping
2024-08-27 20:25:22,665 [LeaseManager#LeaseMonitor] WARN  lease.LeaseManager (LeaseManager.java:run(286)) - Lease manager is interrupted. Shutting down...
java.lang.InterruptedException
	at java.base/java.util.concurrent.locks.AbstractQueuedSynchronizer.tryAcquireSharedNanos(AbstractQueuedSynchronizer.java:1081)
	at java.base/java.util.concurrent.Semaphore.tryAcquire(Semaphore.java:415)
	at org.apache.hadoop.ozone.lease.LeaseManager$LeaseMonitor.run(LeaseManager.java:284)
	at java.base/java.lang.Thread.run(Thread.java:840)
2024-08-27 20:25:22,665 [main] INFO  server.StorageContainerManager (StorageContainerManager.java:stop(1779)) - Stopping SCM MetadataStore.
]]></system-out>
  </testcase>
  <testcase name="testHealthyNodesCount" classname="org.apache.hadoop.hdds.scm.node.TestQueryNode" time="20.76"/>
  <testcase name="testNodeOperationalStates" classname="org.apache.hadoop.hdds.scm.node.TestQueryNode" time="19.968"/>
</testsuite>