<?xml version="1.0" encoding="UTF-8"?>
<testsuite xmlns:xsi="http://www.w3.org/2001/XMLSchema-instance" xsi:noNamespaceSchemaLocation="https://maven.apache.org/surefire/maven-surefire-plugin/xsd/surefire-test-report-3.0.xsd" version="3.0" name="org.apache.hadoop.ozone.om.TestRecursiveAclWithFSO" time="27.352" tests="1" errors="0" skipped="0" failures="1">
  <properties>
    <property name="awt.toolkit" value="sun.awt.X11.XToolkit"/>
    <property name="file.encoding.pkg" value="sun.io"/>
    <property name="java.specification.version" value="1.8"/>
    <property name="sun.cpu.isalist" value=""/>
    <property name="sun.jnu.encoding" value="UTF-8"/>
    <property name="java.class.path" value="/home/runner/work/ozone/ozone/hadoop-ozone/integration-test/target/test-classes:/home/runner/work/ozone/ozone/hadoop-ozone/integration-test/target/classes:/home/runner/.m2/repository/org/apache/ozone/ozone-common/1.4.0-SNAPSHOT/ozone-common-1.4.0-SNAPSHOT.jar:/home/runner/.m2/repository/io/grpc/grpc-netty/1.51.1/grpc-netty-1.51.1.jar:/home/runner/.m2/repository/io/grpc/grpc-core/1.51.1/grpc-core-1.51.1.jar:/home/runner/.m2/repository/com/google/android/annotations/4.1.1.4/annotations-4.1.1.4.jar:/home/runner/.m2/repository/org/codehaus/mojo/animal-sniffer-annotations/1.21/animal-sniffer-annotations-1.21.jar:/home/runner/.m2/repository/com/google/errorprone/error_prone_annotations/2.2.0/error_prone_annotations-2.2.0.jar:/home/runner/.m2/repository/io/perfmark/perfmark-api/0.25.0/perfmark-api-0.25.0.jar:/home/runner/.m2/repository/io/netty/netty-codec-http2/4.1.86.Final/netty-codec-http2-4.1.86.Final.jar:/home/runner/.m2/repository/io/netty/netty-common/4.1.86.Final/netty-common-4.1.86.Final.jar:/home/runner/.m2/repository/io/netty/netty-buffer/4.1.86.Final/netty-buffer-4.1.86.Final.jar:/home/runner/.m2/repository/io/netty/netty-codec-http/4.1.86.Final/netty-codec-http-4.1.86.Final.jar:/home/runner/.m2/repository/io/netty/netty-handler-proxy/4.1.86.Final/netty-handler-proxy-4.1.86.Final.jar:/home/runner/.m2/repository/io/netty/netty-codec-socks/4.1.86.Final/netty-codec-socks-4.1.86.Final.jar:/home/runner/.m2/repository/io/netty/netty-tcnative-boringssl-static/2.0.54.Final/netty-tcnative-boringssl-static-2.0.54.Final.jar:/home/runner/.m2/repository/io/netty/netty-tcnative-classes/2.0.54.Final/netty-tcnative-classes-2.0.54.Final.jar:/home/runner/.m2/repository/io/netty/netty-tcnative-boringssl-static/2.0.54.Final/netty-tcnative-boringssl-static-2.0.54.Final-linux-x86_64.jar:/home/runner/.m2/repository/io/netty/netty-tcnative-boringssl-static/2.0.54.Final/netty-tcnative-boringssl-static-2.0.54.Final-linux-aarch_64.jar:/home/runner/.m2/repository/io/netty/netty-tcnative-boringssl-static/2.0.54.Final/netty-tcnative-boringssl-static-2.0.54.Final-osx-x86_64.jar:/home/runner/.m2/repository/io/netty/netty-tcnative-boringssl-static/2.0.54.Final/netty-tcnative-boringssl-static-2.0.54.Final-osx-aarch_64.jar:/home/runner/.m2/repository/io/netty/netty-tcnative-boringssl-static/2.0.54.Final/netty-tcnative-boringssl-static-2.0.54.Final-windows-x86_64.jar:/home/runner/.m2/repository/org/apache/commons/commons-compress/1.21/commons-compress-1.21.jar:/home/runner/.m2/repository/org/apache/ozone/hdds-common/1.4.0-SNAPSHOT/hdds-common-1.4.0-SNAPSHOT.jar:/home/runner/.m2/repository/org/apache/ozone/hdds-client/1.4.0-SNAPSHOT/hdds-client-1.4.0-SNAPSHOT.jar:/home/runner/.m2/repository/org/apache/ozone/ozone-interface-client/1.4.0-SNAPSHOT/ozone-interface-client-1.4.0-SNAPSHOT.jar:/home/runner/.m2/repository/org/apache/ozone/hdds-test-utils/1.4.0-SNAPSHOT/hdds-test-utils-1.4.0-SNAPSHOT.jar:/home/runner/.m2/repository/com/google/guava/guava/31.1-jre/guava-31.1-jre.jar:/home/runner/.m2/repository/com/google/guava/failureaccess/1.0.1/failureaccess-1.0.1.jar:/home/runner/.m2/repository/com/google/guava/listenablefuture/9999.0-empty-to-avoid-conflict-with-guava/listenablefuture-9999.0-empty-to-avoid-conflict-with-guava.jar:/home/runner/.m2/repository/com/google/code/findbugs/jsr305/3.0.0/jsr305-3.0.0.jar:/home/runner/.m2/repository/org/checkerframework/checker-qual/3.12.0/checker-qual-3.12.0.jar:/home/runner/.m2/repository/com/google/j2objc/j2objc-annotations/1.3/j2objc-annotations-1.3.jar:/home/runner/.m2/repository/commons-io/commons-io/2.11.0/commons-io-2.11.0.jar:/home/runner/.m2/repository/commons-logging/commons-logging/1.2/commons-logging-1.2.jar:/home/runner/.m2/repository/ch/qos/reload4j/reload4j/1.2.22/reload4j-1.2.22.jar:/home/runner/.m2/repository/org/slf4j/slf4j-api/1.7.36/slf4j-api-1.7.36.jar:/home/runner/.m2/repository/org/apache/ozone/hdds-server-scm/1.4.0-SNAPSHOT/hdds-server-scm-1.4.0-SNAPSHOT.jar:/home/runner/.m2/repository/org/apache/ozone/hdds-container-service/1.4.0-SNAPSHOT/hdds-container-service-1.4.0-SNAPSHOT.jar:/home/runner/.m2/repository/org/apache/ozone/hdds-hadoop-dependency-server/1.4.0-SNAPSHOT/hdds-hadoop-dependency-server-1.4.0-SNAPSHOT.jar:/home/runner/.m2/repository/org/apache/hadoop/hadoop-hdfs/3.3.4/hadoop-hdfs-3.3.4.jar:/home/runner/.m2/repository/commons-daemon/commons-daemon/1.0.13/commons-daemon-1.0.13.jar:/home/runner/.m2/repository/org/apache/ozone/hdds-server-framework/1.4.0-SNAPSHOT/hdds-server-framework-1.4.0-SNAPSHOT.jar:/home/runner/.m2/repository/io/dropwizard/metrics/metrics-core/3.2.4/metrics-core-3.2.4.jar:/home/runner/.m2/repository/org/apache/commons/commons-text/1.4/commons-text-1.4.jar:/home/runner/.m2/repository/org/apache/hadoop/hadoop-hdfs-client/3.3.4/hadoop-hdfs-client-3.3.4.jar:/home/runner/.m2/repository/com/squareup/okhttp3/okhttp/4.9.3/okhttp-4.9.3.jar:/home/runner/.m2/repository/com/squareup/okio/okio/2.8.0/okio-2.8.0.jar:/home/runner/.m2/repository/org/jetbrains/kotlin/kotlin-stdlib-common/1.6.21/kotlin-stdlib-common-1.6.21.jar:/home/runner/.m2/repository/org/bouncycastle/bcprov-jdk15on/1.67/bcprov-jdk15on-1.67.jar:/home/runner/.m2/repository/com/google/protobuf/protobuf-java/2.5.0/protobuf-java-2.5.0.jar:/home/runner/.m2/repository/org/apache/ozone/hdds-server-framework/1.4.0-SNAPSHOT/hdds-server-framework-1.4.0-SNAPSHOT-tests.jar:/home/runner/.m2/repository/org/apache/ozone/hdds-interface-server/1.4.0-SNAPSHOT/hdds-interface-server-1.4.0-SNAPSHOT.jar:/home/runner/.m2/repository/org/apache/ozone/hdds-interface-admin/1.4.0-SNAPSHOT/hdds-interface-admin-1.4.0-SNAPSHOT.jar:/home/runner/.m2/repository/org/apache/ozone/hdds-managed-rocksdb/1.4.0-SNAPSHOT/hdds-managed-rocksdb-1.4.0-SNAPSHOT.jar:/home/runner/.m2/repository/org/rocksdb/rocksdbjni/7.7.3/rocksdbjni-7.7.3.jar:/home/runner/.m2/repository/org/slf4j/slf4j-reload4j/1.7.36/slf4j-reload4j-1.7.36.jar:/home/runner/.m2/repository/org/apache/commons/commons-configuration2/2.1.1/commons-configuration2-2.1.1.jar:/home/runner/.m2/repository/org/apache/logging/log4j/log4j-core/2.17.1/log4j-core-2.17.1.jar:/home/runner/.m2/repository/com/lmax/disruptor/3.4.2/disruptor-3.4.2.jar:/home/runner/.m2/repository/org/eclipse/jetty/jetty-util/9.4.49.v20220914/jetty-util-9.4.49.v20220914.jar:/home/runner/.m2/repository/org/eclipse/jetty/jetty-server/9.4.49.v20220914/jetty-server-9.4.49.v20220914.jar:/home/runner/.m2/repository/org/eclipse/jetty/jetty-http/9.4.49.v20220914/jetty-http-9.4.49.v20220914.jar:/home/runner/.m2/repository/org/eclipse/jetty/jetty-io/9.4.49.v20220914/jetty-io-9.4.49.v20220914.jar:/home/runner/.m2/repository/org/eclipse/jetty/jetty-servlet/9.4.49.v20220914/jetty-servlet-9.4.49.v20220914.jar:/home/runner/.m2/repository/org/eclipse/jetty/jetty-security/9.4.49.v20220914/jetty-security-9.4.49.v20220914.jar:/home/runner/.m2/repository/org/eclipse/jetty/jetty-util-ajax/9.4.49.v20220914/jetty-util-ajax-9.4.49.v20220914.jar:/home/runner/.m2/repository/org/eclipse/jetty/jetty-webapp/9.4.49.v20220914/jetty-webapp-9.4.49.v20220914.jar:/home/runner/.m2/repository/org/eclipse/jetty/jetty-xml/9.4.49.v20220914/jetty-xml-9.4.49.v20220914.jar:/home/runner/.m2/repository/org/apache/ratis/ratis-server/2.4.2-8b8bdda-SNAPSHOT/ratis-server-2.4.2-8b8bdda-SNAPSHOT.jar:/home/runner/.m2/repository/org/apache/ratis/ratis-thirdparty-misc/1.0.3/ratis-thirdparty-misc-1.0.3.jar:/home/runner/.m2/repository/org/apache/ratis/ratis-proto/2.4.2-8b8bdda-SNAPSHOT/ratis-proto-2.4.2-8b8bdda-SNAPSHOT.jar:/home/runner/.m2/repository/org/apache/ratis/ratis-common/2.4.2-8b8bdda-SNAPSHOT/ratis-common-2.4.2-8b8bdda-SNAPSHOT.jar:/home/runner/.m2/repository/org/apache/ratis/ratis-client/2.4.2-8b8bdda-SNAPSHOT/ratis-client-2.4.2-8b8bdda-SNAPSHOT.jar:/home/runner/.m2/repository/org/apache/ratis/ratis-server-api/2.4.2-8b8bdda-SNAPSHOT/ratis-server-api-2.4.2-8b8bdda-SNAPSHOT.jar:/home/runner/.m2/repository/org/apache/ratis/ratis-metrics/2.4.2-8b8bdda-SNAPSHOT/ratis-metrics-2.4.2-8b8bdda-SNAPSHOT.jar:/home/runner/.m2/repository/io/prometheus/simpleclient_dropwizard/0.7.0/simpleclient_dropwizard-0.7.0.jar:/home/runner/.m2/repository/io/prometheus/simpleclient/0.7.0/simpleclient-0.7.0.jar:/home/runner/.m2/repository/io/prometheus/simpleclient_common/0.7.0/simpleclient_common-0.7.0.jar:/home/runner/.m2/repository/com/fasterxml/jackson/datatype/jackson-datatype-jsr310/2.13.4/jackson-datatype-jsr310-2.13.4.jar:/home/runner/.m2/repository/com/fasterxml/jackson/core/jackson-core/2.13.4/jackson-core-2.13.4.jar:/home/runner/.m2/repository/com/github/spotbugs/spotbugs-annotations/3.1.12/spotbugs-annotations-3.1.12.jar:/home/runner/.m2/repository/org/apache/ozone/rocksdb-checkpoint-differ/1.4.0-SNAPSHOT/rocksdb-checkpoint-differ-1.4.0-SNAPSHOT.jar:/home/runner/.m2/repository/org/awaitility/awaitility/4.2.0/awaitility-4.2.0.jar:/home/runner/.m2/repository/org/hamcrest/hamcrest/2.1/hamcrest-2.1.jar:/home/runner/.m2/repository/org/apache/ozone/ozone-manager/1.4.0-SNAPSHOT/ozone-manager-1.4.0-SNAPSHOT.jar:/home/runner/.m2/repository/org/aspectj/aspectjrt/1.9.7/aspectjrt-1.9.7.jar:/home/runner/.m2/repository/org/aspectj/aspectjweaver/1.9.7/aspectjweaver-1.9.7.jar:/home/runner/.m2/repository/org/apache/ozone/hdds-interface-client/1.4.0-SNAPSHOT/hdds-interface-client-1.4.0-SNAPSHOT.jar:/home/runner/.m2/repository/org/apache/hadoop/thirdparty/hadoop-shaded-protobuf_3_7/1.1.1/hadoop-shaded-protobuf_3_7-1.1.1.jar:/home/runner/.m2/repository/org/apache/ozone/ozone-interface-storage/1.4.0-SNAPSHOT/ozone-interface-storage-1.4.0-SNAPSHOT.jar:/home/runner/.m2/repository/org/reflections/reflections/0.9.11/reflections-0.9.11.jar:/home/runner/.m2/repository/com/sun/jersey/jersey-client/1.19/jersey-client-1.19.jar:/home/runner/.m2/repository/org/apache/ranger/ranger-intg/2.3.0/ranger-intg-2.3.0.jar:/home/runner/.m2/repository/org/apache/ranger/ranger-plugins-common/2.3.0/ranger-plugins-common-2.3.0.jar:/home/runner/.m2/repository/commons-lang/commons-lang/2.6/commons-lang-2.6.jar:/home/runner/.m2/repository/org/apache/ranger/ranger-plugins-cred/2.3.0/ranger-plugins-cred-2.3.0.jar:/home/runner/.m2/repository/org/apache/ranger/ranger-plugins-audit/2.3.0/ranger-plugins-audit-2.3.0.jar:/home/runner/.m2/repository/org/eclipse/jetty/jetty-client/9.4.49.v20220914/jetty-client-9.4.49.v20220914.jar:/home/runner/.m2/repository/org/apache/httpcomponents/httpmime/4.5.6/httpmime-4.5.6.jar:/home/runner/.m2/repository/org/apache/httpcomponents/httpcore-nio/4.4.13/httpcore-nio-4.4.13.jar:/home/runner/.m2/repository/org/apache/httpcomponents/httpasyncclient/4.1.3/httpasyncclient-4.1.3.jar:/home/runner/.m2/repository/com/carrotsearch/hppc/0.8.0/hppc-0.8.0.jar:/home/runner/.m2/repository/org/apache/orc/orc-core/1.5.8/orc-core-1.5.8.jar:/home/runner/.m2/repository/net/java/dev/jna/jna/5.2.0/jna-5.2.0.jar:/home/runner/.m2/repository/net/java/dev/jna/jna-platform/5.2.0/jna-platform-5.2.0.jar:/home/runner/.m2/repository/com/kstruct/gethostname4j/0.0.2/gethostname4j-0.0.2.jar:/home/runner/.m2/repository/org/apache/ranger/ranger-plugin-classloader/2.3.0/ranger-plugin-classloader-2.3.0.jar:/home/runner/.m2/repository/org/apache/hadoop/hadoop-minikdc/3.3.4/hadoop-minikdc-3.3.4.jar:/home/runner/.m2/repository/org/apache/kerby/kerb-simplekdc/1.0.1/kerb-simplekdc-1.0.1.jar:/home/runner/.m2/repository/org/apache/kerby/kerb-client/1.0.1/kerb-client-1.0.1.jar:/home/runner/.m2/repository/org/apache/kerby/kerby-config/1.0.1/kerby-config-1.0.1.jar:/home/runner/.m2/repository/org/apache/kerby/kerb-common/1.0.1/kerb-common-1.0.1.jar:/home/runner/.m2/repository/org/apache/kerby/kerb-crypto/1.0.1/kerb-crypto-1.0.1.jar:/home/runner/.m2/repository/org/apache/kerby/kerb-util/1.0.1/kerb-util-1.0.1.jar:/home/runner/.m2/repository/org/apache/kerby/token-provider/1.0.1/token-provider-1.0.1.jar:/home/runner/.m2/repository/org/apache/kerby/kerb-admin/1.0.1/kerb-admin-1.0.1.jar:/home/runner/.m2/repository/org/apache/kerby/kerb-server/1.0.1/kerb-server-1.0.1.jar:/home/runner/.m2/repository/org/apache/kerby/kerb-identity/1.0.1/kerb-identity-1.0.1.jar:/home/runner/.m2/repository/org/apache/kerby/kerby-xdr/1.0.1/kerby-xdr-1.0.1.jar:/home/runner/.m2/repository/org/apache/ozone/ozone-s3gateway/1.4.0-SNAPSHOT/ozone-s3gateway-1.4.0-SNAPSHOT.jar:/home/runner/.m2/repository/org/javassist/javassist/3.21.0-GA/javassist-3.21.0-GA.jar:/home/runner/.m2/repository/org/jboss/weld/servlet/weld-servlet-shaded/3.1.9.Final/weld-servlet-shaded-3.1.9.Final.jar:/home/runner/.m2/repository/org/glassfish/jersey/containers/jersey-container-servlet-core/2.34/jersey-container-servlet-core-2.34.jar:/home/runner/.m2/repository/org/glassfish/hk2/external/jakarta.inject/2.6.1/jakarta.inject-2.6.1.jar:/home/runner/.m2/repository/org/glassfish/jersey/core/jersey-common/2.34/jersey-common-2.34.jar:/home/runner/.m2/repository/jakarta/ws/rs/jakarta.ws.rs-api/2.1.6/jakarta.ws.rs-api-2.1.6.jar:/home/runner/.m2/repository/org/glassfish/jersey/ext/cdi/jersey-cdi1x/2.34/jersey-cdi1x-2.34.jar:/home/runner/.m2/repository/org/glassfish/jersey/inject/jersey-hk2/2.34/jersey-hk2-2.34.jar:/home/runner/.m2/repository/org/glassfish/hk2/hk2-locator/2.6.1/hk2-locator-2.6.1.jar:/home/runner/.m2/repository/org/glassfish/jersey/media/jersey-media-jaxb/2.34/jersey-media-jaxb-2.34.jar:/home/runner/.m2/repository/org/glassfish/hk2/osgi-resource-locator/1.0.3/osgi-resource-locator-1.0.3.jar:/home/runner/.m2/repository/org/glassfish/hk2/hk2-api/2.5.0/hk2-api-2.5.0.jar:/home/runner/.m2/repository/org/glassfish/hk2/hk2-utils/2.5.0/hk2-utils-2.5.0.jar:/home/runner/.m2/repository/org/glassfish/hk2/external/aopalliance-repackaged/2.5.0/aopalliance-repackaged-2.5.0.jar:/home/runner/.m2/repository/com/fasterxml/jackson/dataformat/jackson-dataformat-xml/2.13.4/jackson-dataformat-xml-2.13.4.jar:/home/runner/.m2/repository/org/codehaus/woodstox/stax2-api/4.2.1/stax2-api-4.2.1.jar:/home/runner/.m2/repository/com/fasterxml/woodstox/woodstox-core/5.4.0/woodstox-core-5.4.0.jar:/home/runner/.m2/repository/com/fasterxml/jackson/module/jackson-module-jaxb-annotations/2.13.4/jackson-module-jaxb-annotations-2.13.4.jar:/home/runner/.m2/repository/jakarta/xml/bind/jakarta.xml.bind-api/2.3.3/jakarta.xml.bind-api-2.3.3.jar:/home/runner/.m2/repository/jakarta/activation/jakarta.activation-api/1.2.2/jakarta.activation-api-1.2.2.jar:/home/runner/.m2/repository/javax/enterprise/cdi-api/2.0/cdi-api-2.0.jar:/home/runner/.m2/repository/javax/el/javax.el-api/3.0.0/javax.el-api-3.0.0.jar:/home/runner/.m2/repository/javax/interceptor/javax.interceptor-api/1.2/javax.interceptor-api-1.2.jar:/home/runner/.m2/repository/javax/inject/javax.inject/1/javax.inject-1.jar:/home/runner/.m2/repository/javax/xml/bind/jaxb-api/2.3.0/jaxb-api-2.3.0.jar:/home/runner/.m2/repository/org/glassfish/jaxb/jaxb-runtime/2.3.0.1/jaxb-runtime-2.3.0.1.jar:/home/runner/.m2/repository/org/glassfish/jaxb/jaxb-core/2.3.0.1/jaxb-core-2.3.0.1.jar:/home/runner/.m2/repository/org/glassfish/jaxb/txw2/2.3.0.1/txw2-2.3.0.1.jar:/home/runner/.m2/repository/com/sun/istack/istack-commons-runtime/3.0.5/istack-commons-runtime-3.0.5.jar:/home/runner/.m2/repository/org/jvnet/staxex/stax-ex/1.7.8/stax-ex-1.7.8.jar:/home/runner/.m2/repository/com/sun/xml/fastinfoset/FastInfoset/1.2.13/FastInfoset-1.2.13.jar:/home/runner/.m2/repository/javax/activation/activation/1.1.1/activation-1.1.1.jar:/home/runner/.m2/repository/io/grpc/grpc-protobuf/1.51.1/grpc-protobuf-1.51.1.jar:/home/runner/.m2/repository/io/grpc/grpc-api/1.51.1/grpc-api-1.51.1.jar:/home/runner/.m2/repository/io/grpc/grpc-context/1.51.1/grpc-context-1.51.1.jar:/home/runner/.m2/repository/com/google/api/grpc/proto-google-common-protos/2.9.0/proto-google-common-protos-2.9.0.jar:/home/runner/.m2/repository/io/grpc/grpc-protobuf-lite/1.51.1/grpc-protobuf-lite-1.51.1.jar:/home/runner/.m2/repository/io/grpc/grpc-stub/1.51.1/grpc-stub-1.51.1.jar:/home/runner/.m2/repository/io/netty/netty-transport/4.1.86.Final/netty-transport-4.1.86.Final.jar:/home/runner/.m2/repository/io/netty/netty-resolver/4.1.86.Final/netty-resolver-4.1.86.Final.jar:/home/runner/.m2/repository/org/apache/ozone/ozone-csi/1.4.0-SNAPSHOT/ozone-csi-1.4.0-SNAPSHOT.jar:/home/runner/.m2/repository/com/google/protobuf/protobuf-java-util/3.19.6/protobuf-java-util-3.19.6.jar:/home/runner/.m2/repository/com/google/code/gson/gson/2.9.0/gson-2.9.0.jar:/home/runner/.m2/repository/org/apache/ozone/hdds-config/1.4.0-SNAPSHOT/hdds-config-1.4.0-SNAPSHOT.jar:/home/runner/.m2/repository/io/netty/netty-transport-native-epoll/4.1.86.Final/netty-transport-native-epoll-4.1.86.Final-linux-x86_64.jar:/home/runner/.m2/repository/io/netty/netty-transport-classes-epoll/4.1.86.Final/netty-transport-classes-epoll-4.1.86.Final.jar:/home/runner/.m2/repository/io/netty/netty-transport-native-unix-common/4.1.86.Final/netty-transport-native-unix-common-4.1.86.Final.jar:/home/runner/.m2/repository/org/apache/ozone/ozone-recon/1.4.0-SNAPSHOT/ozone-recon-1.4.0-SNAPSHOT.jar:/home/runner/.m2/repository/org/apache/ozone/ozone-reconcodegen/1.4.0-SNAPSHOT/ozone-reconcodegen-1.4.0-SNAPSHOT.jar:/home/runner/.m2/repository/com/google/inject/extensions/guice-multibindings/4.0/guice-multibindings-4.0.jar:/home/runner/.m2/repository/com/google/inject/guice/4.0/guice-4.0.jar:/home/runner/.m2/repository/aopalliance/aopalliance/1.0/aopalliance-1.0.jar:/home/runner/.m2/repository/com/google/inject/extensions/guice-assistedinject/4.0/guice-assistedinject-4.0.jar:/home/runner/.m2/repository/com/google/inject/extensions/guice-servlet/4.0/guice-servlet-4.0.jar:/home/runner/.m2/repository/org/glassfish/jersey/containers/jersey-container-servlet/2.34/jersey-container-servlet-2.34.jar:/home/runner/.m2/repository/org/glassfish/hk2/guice-bridge/2.5.0/guice-bridge-2.5.0.jar:/home/runner/.m2/repository/org/glassfish/jersey/core/jersey-server/2.34/jersey-server-2.34.jar:/home/runner/.m2/repository/org/glassfish/jersey/core/jersey-client/2.34/jersey-client-2.34.jar:/home/runner/.m2/repository/jakarta/annotation/jakarta.annotation-api/1.3.5/jakarta.annotation-api-1.3.5.jar:/home/runner/.m2/repository/jakarta/validation/jakarta.validation-api/2.0.2/jakarta.validation-api-2.0.2.jar:/home/runner/.m2/repository/org/glassfish/jersey/media/jersey-media-json-jackson/2.34/jersey-media-json-jackson-2.34.jar:/home/runner/.m2/repository/org/glassfish/jersey/ext/jersey-entity-filtering/2.34/jersey-entity-filtering-2.34.jar:/home/runner/.m2/repository/org/jooq/jooq/3.11.10/jooq-3.11.10.jar:/home/runner/.m2/repository/org/jooq/jooq-meta/3.11.10/jooq-meta-3.11.10.jar:/home/runner/.m2/repository/org/jooq/jooq-codegen/3.11.10/jooq-codegen-3.11.10.jar:/home/runner/.m2/repository/com/jolbox/bonecp/0.8.0.RELEASE/bonecp-0.8.0.RELEASE.jar:/home/runner/.m2/repository/org/apache/derby/derby/10.14.2.0/derby-10.14.2.0.jar:/home/runner/.m2/repository/org/xerial/sqlite-jdbc/3.25.2/sqlite-jdbc-3.25.2.jar:/home/runner/.m2/repository/org/springframework/spring-jdbc/5.3.23/spring-jdbc-5.3.23.jar:/home/runner/.m2/repository/org/springframework/spring-beans/5.3.23/spring-beans-5.3.23.jar:/home/runner/.m2/repository/org/springframework/spring-core/5.3.23/spring-core-5.3.23.jar:/home/runner/.m2/repository/org/springframework/spring-jcl/5.3.23/spring-jcl-5.3.23.jar:/home/runner/.m2/repository/org/springframework/spring-tx/5.3.23/spring-tx-5.3.23.jar:/home/runner/.m2/repository/org/apache/ozone/ozone-client/1.4.0-SNAPSHOT/ozone-client-1.4.0-SNAPSHOT.jar:/home/runner/.m2/repository/org/apache/ozone/hdds-erasurecode/1.4.0-SNAPSHOT/hdds-erasurecode-1.4.0-SNAPSHOT.jar:/home/runner/.m2/repository/org/apache/ozone/ozone-filesystem/1.4.0-SNAPSHOT/ozone-filesystem-1.4.0-SNAPSHOT.jar:/home/runner/.m2/repository/org/apache/ozone/ozone-filesystem-common/1.4.0-SNAPSHOT/ozone-filesystem-common-1.4.0-SNAPSHOT.jar:/home/runner/.m2/repository/org/apache/ozone/ozone-tools/1.4.0-SNAPSHOT/ozone-tools-1.4.0-SNAPSHOT.jar:/home/runner/.m2/repository/com/amazonaws/aws-java-sdk-core/1.12.261/aws-java-sdk-core-1.12.261.jar:/home/runner/.m2/repository/org/apache/httpcomponents/httpclient/4.5.13/httpclient-4.5.13.jar:/home/runner/.m2/repository/org/apache/httpcomponents/httpcore/4.4.13/httpcore-4.4.13.jar:/home/runner/.m2/repository/software/amazon/ion/ion-java/1.0.2/ion-java-1.0.2.jar:/home/runner/.m2/repository/com/fasterxml/jackson/dataformat/jackson-dataformat-cbor/2.13.4/jackson-dataformat-cbor-2.13.4.jar:/home/runner/.m2/repository/joda-time/joda-time/2.10.6/joda-time-2.10.6.jar:/home/runner/.m2/repository/com/amazonaws/aws-java-sdk-s3/1.12.261/aws-java-sdk-s3-1.12.261.jar:/home/runner/.m2/repository/com/amazonaws/aws-java-sdk-kms/1.12.261/aws-java-sdk-kms-1.12.261.jar:/home/runner/.m2/repository/com/amazonaws/jmespath-java/1.12.261/jmespath-java-1.12.261.jar:/home/runner/.m2/repository/org/kohsuke/metainf-services/metainf-services/1.8/metainf-services-1.8.jar:/home/runner/.m2/repository/org/apache/ozone/hdds-tools/1.4.0-SNAPSHOT/hdds-tools-1.4.0-SNAPSHOT.jar:/home/runner/.m2/repository/org/apache/ratis/ratis-tools/2.4.2-8b8bdda-SNAPSHOT/ratis-tools-2.4.2-8b8bdda-SNAPSHOT.jar:/home/runner/.m2/repository/commons-cli/commons-cli/1.2/commons-cli-1.2.jar:/home/runner/.m2/repository/org/apache/commons/commons-lang3/3.7/commons-lang3-3.7.jar:/home/runner/.m2/repository/org/apache/ozone/ozone-manager/1.4.0-SNAPSHOT/ozone-manager-1.4.0-SNAPSHOT-tests.jar:/home/runner/.m2/repository/org/apache/ozone/hdds-common/1.4.0-SNAPSHOT/hdds-common-1.4.0-SNAPSHOT-tests.jar:/home/runner/.m2/repository/org/apache/ozone/hdds-hadoop-dependency-client/1.4.0-SNAPSHOT/hdds-hadoop-dependency-client-1.4.0-SNAPSHOT.jar:/home/runner/.m2/repository/info/picocli/picocli/4.6.1/picocli-4.6.1.jar:/home/runner/.m2/repository/com/fasterxml/jackson/core/jackson-annotations/2.13.4/jackson-annotations-2.13.4.jar:/home/runner/.m2/repository/org/apache/ozone/hdds-annotation-processing/1.4.0-SNAPSHOT/hdds-annotation-processing-1.4.0-SNAPSHOT.jar:/home/runner/.m2/repository/javax/annotation/javax.annotation-api/1.2/javax.annotation-api-1.2.jar:/home/runner/.m2/repository/org/apache/ratis/ratis-netty/2.4.2-8b8bdda-SNAPSHOT/ratis-netty-2.4.2-8b8bdda-SNAPSHOT.jar:/home/runner/.m2/repository/org/apache/ratis/ratis-grpc/2.4.2-8b8bdda-SNAPSHOT/ratis-grpc-2.4.2-8b8bdda-SNAPSHOT.jar:/home/runner/.m2/repository/org/apache/logging/log4j/log4j-api/2.17.1/log4j-api-2.17.1.jar:/home/runner/.m2/repository/org/apache/commons/commons-pool2/2.6.0/commons-pool2-2.6.0.jar:/home/runner/.m2/repository/org/bouncycastle/bcpkix-jdk15on/1.67/bcpkix-jdk15on-1.67.jar:/home/runner/.m2/repository/commons-validator/commons-validator/1.6/commons-validator-1.6.jar:/home/runner/.m2/repository/commons-beanutils/commons-beanutils/1.9.4/commons-beanutils-1.9.4.jar:/home/runner/.m2/repository/commons-digester/commons-digester/1.8.1/commons-digester-1.8.1.jar:/home/runner/.m2/repository/commons-collections/commons-collections/3.2.2/commons-collections-3.2.2.jar:/home/runner/.m2/repository/io/jaegertracing/jaeger-client/1.6.0/jaeger-client-1.6.0.jar:/home/runner/.m2/repository/io/jaegertracing/jaeger-thrift/1.6.0/jaeger-thrift-1.6.0.jar:/home/runner/.m2/repository/org/apache/thrift/libthrift/0.14.1/libthrift-0.14.1.jar:/home/runner/.m2/repository/io/jaegertracing/jaeger-core/1.6.0/jaeger-core-1.6.0.jar:/home/runner/.m2/repository/io/jaegertracing/jaeger-tracerresolver/1.6.0/jaeger-tracerresolver-1.6.0.jar:/home/runner/.m2/repository/io/opentracing/contrib/opentracing-tracerresolver/0.1.8/opentracing-tracerresolver-0.1.8.jar:/home/runner/.m2/repository/org/jetbrains/kotlin/kotlin-stdlib/1.6.21/kotlin-stdlib-1.6.21.jar:/home/runner/.m2/repository/org/jetbrains/annotations/13.0/annotations-13.0.jar:/home/runner/.m2/repository/io/opentracing/opentracing-util/0.33.0/opentracing-util-0.33.0.jar:/home/runner/.m2/repository/io/opentracing/opentracing-api/0.33.0/opentracing-api-0.33.0.jar:/home/runner/.m2/repository/io/opentracing/opentracing-noop/0.33.0/opentracing-noop-0.33.0.jar:/home/runner/.m2/repository/org/yaml/snakeyaml/1.33/snakeyaml-1.33.jar:/home/runner/.m2/repository/junit/junit/4.13.1/junit-4.13.1.jar:/home/runner/.m2/repository/org/hamcrest/hamcrest-core/1.3/hamcrest-core-1.3.jar:/home/runner/.m2/repository/org/junit/jupiter/junit-jupiter-api/5.8.2/junit-jupiter-api-5.8.2.jar:/home/runner/.m2/repository/org/opentest4j/opentest4j/1.2.0/opentest4j-1.2.0.jar:/home/runner/.m2/repository/org/junit/platform/junit-platform-commons/1.8.2/junit-platform-commons-1.8.2.jar:/home/runner/.m2/repository/org/apiguardian/apiguardian-api/1.1.2/apiguardian-api-1.1.2.jar:/home/runner/.m2/repository/org/junit/jupiter/junit-jupiter-params/5.8.2/junit-jupiter-params-5.8.2.jar:/home/runner/.m2/repository/org/junit/jupiter/junit-jupiter-migrationsupport/5.8.2/junit-jupiter-migrationsupport-5.8.2.jar:/home/runner/.m2/repository/org/junit/jupiter/junit-jupiter-engine/5.8.2/junit-jupiter-engine-5.8.2.jar:/home/runner/.m2/repository/org/junit/platform/junit-platform-engine/1.8.2/junit-platform-engine-1.8.2.jar:/home/runner/.m2/repository/org/junit/vintage/junit-vintage-engine/5.8.2/junit-vintage-engine-5.8.2.jar:/home/runner/.m2/repository/org/junit/platform/junit-platform-launcher/1.8.2/junit-platform-launcher-1.8.2.jar:/home/runner/.m2/repository/org/mockito/mockito-core/2.28.2/mockito-core-2.28.2.jar:/home/runner/.m2/repository/net/bytebuddy/byte-buddy/1.9.10/byte-buddy-1.9.10.jar:/home/runner/.m2/repository/net/bytebuddy/byte-buddy-agent/1.9.10/byte-buddy-agent-1.9.10.jar:/home/runner/.m2/repository/org/objenesis/objenesis/1.0/objenesis-1.0.jar:/home/runner/.m2/repository/org/apache/hadoop/hadoop-kms/3.3.4/hadoop-kms-3.3.4.jar:/home/runner/.m2/repository/org/apache/hadoop/hadoop-auth/3.3.4/hadoop-auth-3.3.4.jar:/home/runner/.m2/repository/com/nimbusds/nimbus-jose-jwt/9.8.1/nimbus-jose-jwt-9.8.1.jar:/home/runner/.m2/repository/com/github/stephenc/jcip/jcip-annotations/1.0-1/jcip-annotations-1.0-1.jar:/home/runner/.m2/repository/net/minidev/json-smart/2.4.7/json-smart-2.4.7.jar:/home/runner/.m2/repository/net/minidev/accessors-smart/2.4.7/accessors-smart-2.4.7.jar:/home/runner/.m2/repository/org/ow2/asm/asm/5.0.4/asm-5.0.4.jar:/home/runner/.m2/repository/org/apache/zookeeper/zookeeper/3.5.6/zookeeper-3.5.6.jar:/home/runner/.m2/repository/org/apache/zookeeper/zookeeper-jute/3.5.6/zookeeper-jute-3.5.6.jar:/home/runner/.m2/repository/org/apache/yetus/audience-annotations/0.5.0/audience-annotations-0.5.0.jar:/home/runner/.m2/repository/org/apache/curator/curator-framework/4.2.0/curator-framework-4.2.0.jar:/home/runner/.m2/repository/org/apache/hadoop/thirdparty/hadoop-shaded-guava/1.1.1/hadoop-shaded-guava-1.1.1.jar:/home/runner/.m2/repository/com/sun/jersey/jersey-core/1.19/jersey-core-1.19.jar:/home/runner/.m2/repository/javax/ws/rs/jsr311-api/1.1.1/jsr311-api-1.1.1.jar:/home/runner/.m2/repository/com/sun/jersey/jersey-server/1.19/jersey-server-1.19.jar:/home/runner/.m2/repository/javax/servlet/javax.servlet-api/3.1.0/javax.servlet-api-3.1.0.jar:/home/runner/.m2/repository/org/apache/hadoop/hadoop-common/3.3.4/hadoop-common-3.3.4.jar:/home/runner/.m2/repository/org/apache/commons/commons-math3/3.1.1/commons-math3-3.1.1.jar:/home/runner/.m2/repository/commons-net/commons-net/3.9.0/commons-net-3.9.0.jar:/home/runner/.m2/repository/com/sun/jersey/jersey-servlet/1.19/jersey-servlet-1.19.jar:/home/runner/.m2/repository/com/sun/jersey/jersey-json/1.19/jersey-json-1.19.jar:/home/runner/.m2/repository/org/codehaus/jettison/jettison/1.1/jettison-1.1.jar:/home/runner/.m2/repository/com/sun/xml/bind/jaxb-impl/2.2.3-1/jaxb-impl-2.2.3-1.jar:/home/runner/.m2/repository/org/codehaus/jackson/jackson-jaxrs/1.9.2/jackson-jaxrs-1.9.2.jar:/home/runner/.m2/repository/org/codehaus/jackson/jackson-xc/1.9.2/jackson-xc-1.9.2.jar:/home/runner/.m2/repository/com/google/re2j/re2j/1.1/re2j-1.1.jar:/home/runner/.m2/repository/com/jcraft/jsch/0.1.54/jsch-0.1.54.jar:/home/runner/.m2/repository/org/apache/curator/curator-client/4.2.0/curator-client-4.2.0.jar:/home/runner/.m2/repository/org/apache/curator/curator-recipes/4.2.0/curator-recipes-4.2.0.jar:/home/runner/.m2/repository/org/apache/kerby/kerb-core/1.0.1/kerb-core-1.0.1.jar:/home/runner/.m2/repository/org/apache/kerby/kerby-pkix/1.0.1/kerby-pkix-1.0.1.jar:/home/runner/.m2/repository/org/apache/kerby/kerby-asn1/1.0.1/kerby-asn1-1.0.1.jar:/home/runner/.m2/repository/org/apache/kerby/kerby-util/1.0.1/kerby-util-1.0.1.jar:/home/runner/.m2/repository/dnsjava/dnsjava/2.1.7/dnsjava-2.1.7.jar:/home/runner/.m2/repository/org/xerial/snappy/snappy-java/1.1.8.2/snappy-java-1.1.8.2.jar:/home/runner/.m2/repository/com/fasterxml/jackson/core/jackson-databind/2.13.4.2/jackson-databind-2.13.4.2.jar:/home/runner/.m2/repository/org/apache/hadoop/hadoop-kms/3.3.4/hadoop-kms-3.3.4-tests.jar:/home/runner/.m2/repository/org/apache/ozone/hdds-server-scm/1.4.0-SNAPSHOT/hdds-server-scm-1.4.0-SNAPSHOT-tests.jar:/home/runner/.m2/repository/org/apache/ozone/hdds-container-service/1.4.0-SNAPSHOT/hdds-container-service-1.4.0-SNAPSHOT-tests.jar:/home/runner/.m2/repository/com/github/luben/zstd-jni/1.5.2-5/zstd-jni-1.5.2-5.jar:/home/runner/.m2/repository/commons-codec/commons-codec/1.15/commons-codec-1.15.jar:/home/runner/.m2/repository/io/netty/netty-codec/4.1.86.Final/netty-codec-4.1.86.Final.jar:/home/runner/.m2/repository/io/netty/netty-handler/4.1.86.Final/netty-handler-4.1.86.Final.jar:/home/runner/.m2/repository/org/apache/ozone/hdds-hadoop-dependency-test/1.4.0-SNAPSHOT/hdds-hadoop-dependency-test-1.4.0-SNAPSHOT.jar:/home/runner/.m2/repository/org/apache/hadoop/hadoop-common/3.3.4/hadoop-common-3.3.4-tests.jar:/home/runner/.m2/repository/org/apache/hadoop/hadoop-hdfs/3.3.4/hadoop-hdfs-3.3.4-tests.jar:/home/runner/.m2/repository/org/assertj/assertj-core/3.12.2/assertj-core-3.12.2.jar:/home/runner/.m2/repository/org/apache/hadoop/hadoop-distcp/3.3.4/hadoop-distcp-3.3.4.jar:/home/runner/.m2/repository/org/apache/hadoop/hadoop-mapreduce-client-jobclient/3.3.4/hadoop-mapreduce-client-jobclient-3.3.4.jar:/home/runner/.m2/repository/org/apache/hadoop/hadoop-mapreduce-client-common/3.3.4/hadoop-mapreduce-client-common-3.3.4.jar:/home/runner/.m2/repository/org/apache/hadoop/hadoop-yarn-common/3.3.4/hadoop-yarn-common-3.3.4.jar:/home/runner/.m2/repository/org/apache/hadoop/hadoop-yarn-api/3.3.4/hadoop-yarn-api-3.3.4.jar:/home/runner/.m2/repository/com/sun/jersey/contribs/jersey-guice/1.19/jersey-guice-1.19.jar:/home/runner/.m2/repository/com/fasterxml/jackson/jaxrs/jackson-jaxrs-json-provider/2.13.4/jackson-jaxrs-json-provider-2.13.4.jar:/home/runner/.m2/repository/com/fasterxml/jackson/jaxrs/jackson-jaxrs-base/2.13.4/jackson-jaxrs-base-2.13.4.jar:/home/runner/.m2/repository/org/apache/hadoop/hadoop-yarn-client/3.3.4/hadoop-yarn-client-3.3.4.jar:/home/runner/.m2/repository/org/eclipse/jetty/websocket/websocket-client/9.4.43.v20210629/websocket-client-9.4.43.v20210629.jar:/home/runner/.m2/repository/org/eclipse/jetty/websocket/websocket-common/9.4.43.v20210629/websocket-common-9.4.43.v20210629.jar:/home/runner/.m2/repository/org/eclipse/jetty/websocket/websocket-api/9.4.43.v20210629/websocket-api-9.4.43.v20210629.jar:/home/runner/.m2/repository/org/jline/jline/3.9.0/jline-3.9.0.jar:/home/runner/.m2/repository/org/apache/hadoop/hadoop-mapreduce-client-core/3.3.4/hadoop-mapreduce-client-core-3.3.4.jar:/home/runner/.m2/repository/org/apache/avro/avro/1.7.7/avro-1.7.7.jar:/home/runner/.m2/repository/org/codehaus/jackson/jackson-core-asl/1.9.13/jackson-core-asl-1.9.13.jar:/home/runner/.m2/repository/org/codehaus/jackson/jackson-mapper-asl/1.9.13/jackson-mapper-asl-1.9.13.jar:/home/runner/.m2/repository/com/thoughtworks/paranamer/paranamer/2.3/paranamer-2.3.jar:/home/runner/.m2/repository/org/apache/hadoop/hadoop-annotations/3.3.4/hadoop-annotations-3.3.4.jar:/usr/lib/jvm/temurin-8-jdk-amd64/jre/../lib/tools.jar:/home/runner/.m2/repository/io/netty/netty/3.10.6.Final/netty-3.10.6.Final.jar:/home/runner/.m2/repository/org/apache/hadoop/hadoop-distcp/3.3.4/hadoop-distcp-3.3.4-tests.jar:/home/runner/.m2/repository/org/slf4j/jul-to-slf4j/1.7.36/jul-to-slf4j-1.7.36.jar:"/>
    <property name="java.vm.vendor" value="Temurin"/>
    <property name="sun.arch.data.model" value="64"/>
    <property name="test.build.dir" value="/home/runner/work/ozone/ozone/hadoop-ozone/integration-test/target/test-dir"/>
    <property name="test.cache.data" value=""/>
    <property name="java.vendor.url" value="https://adoptium.net/"/>
    <property name="user.timezone" value="Etc/UTC"/>
    <property name="java.vm.specification.version" value="1.8"/>
    <property name="os.name" value="Linux"/>
    <property name="test.build.data" value="/home/runner/work/ozone/ozone/hadoop-ozone/integration-test/target/test-dir"/>
    <property name="sun.java.launcher" value="SUN_STANDARD"/>
    <property name="sun.boot.library.path" value="/usr/lib/jvm/temurin-8-jdk-amd64/jre/lib/amd64"/>
    <property name="sun.java.command" value="/home/runner/work/ozone/ozone/hadoop-ozone/integration-test/target/surefire/surefirebooter8817613524746767632.jar /home/runner/work/ozone/ozone/hadoop-ozone/integration-test/target/surefire 2023-03-09T10-15-27_881-jvmRun1 surefire5802159671859594697tmp surefire_17069803714266813931tmp"/>
    <property name="surefire.test.class.path" value="/home/runner/work/ozone/ozone/hadoop-ozone/integration-test/target/test-classes:/home/runner/work/ozone/ozone/hadoop-ozone/integration-test/target/classes:/home/runner/.m2/repository/org/apache/ozone/ozone-common/1.4.0-SNAPSHOT/ozone-common-1.4.0-SNAPSHOT.jar:/home/runner/.m2/repository/io/grpc/grpc-netty/1.51.1/grpc-netty-1.51.1.jar:/home/runner/.m2/repository/io/grpc/grpc-core/1.51.1/grpc-core-1.51.1.jar:/home/runner/.m2/repository/com/google/android/annotations/4.1.1.4/annotations-4.1.1.4.jar:/home/runner/.m2/repository/org/codehaus/mojo/animal-sniffer-annotations/1.21/animal-sniffer-annotations-1.21.jar:/home/runner/.m2/repository/com/google/errorprone/error_prone_annotations/2.2.0/error_prone_annotations-2.2.0.jar:/home/runner/.m2/repository/io/perfmark/perfmark-api/0.25.0/perfmark-api-0.25.0.jar:/home/runner/.m2/repository/io/netty/netty-codec-http2/4.1.86.Final/netty-codec-http2-4.1.86.Final.jar:/home/runner/.m2/repository/io/netty/netty-common/4.1.86.Final/netty-common-4.1.86.Final.jar:/home/runner/.m2/repository/io/netty/netty-buffer/4.1.86.Final/netty-buffer-4.1.86.Final.jar:/home/runner/.m2/repository/io/netty/netty-codec-http/4.1.86.Final/netty-codec-http-4.1.86.Final.jar:/home/runner/.m2/repository/io/netty/netty-handler-proxy/4.1.86.Final/netty-handler-proxy-4.1.86.Final.jar:/home/runner/.m2/repository/io/netty/netty-codec-socks/4.1.86.Final/netty-codec-socks-4.1.86.Final.jar:/home/runner/.m2/repository/io/netty/netty-tcnative-boringssl-static/2.0.54.Final/netty-tcnative-boringssl-static-2.0.54.Final.jar:/home/runner/.m2/repository/io/netty/netty-tcnative-classes/2.0.54.Final/netty-tcnative-classes-2.0.54.Final.jar:/home/runner/.m2/repository/io/netty/netty-tcnative-boringssl-static/2.0.54.Final/netty-tcnative-boringssl-static-2.0.54.Final-linux-x86_64.jar:/home/runner/.m2/repository/io/netty/netty-tcnative-boringssl-static/2.0.54.Final/netty-tcnative-boringssl-static-2.0.54.Final-linux-aarch_64.jar:/home/runner/.m2/repository/io/netty/netty-tcnative-boringssl-static/2.0.54.Final/netty-tcnative-boringssl-static-2.0.54.Final-osx-x86_64.jar:/home/runner/.m2/repository/io/netty/netty-tcnative-boringssl-static/2.0.54.Final/netty-tcnative-boringssl-static-2.0.54.Final-osx-aarch_64.jar:/home/runner/.m2/repository/io/netty/netty-tcnative-boringssl-static/2.0.54.Final/netty-tcnative-boringssl-static-2.0.54.Final-windows-x86_64.jar:/home/runner/.m2/repository/org/apache/commons/commons-compress/1.21/commons-compress-1.21.jar:/home/runner/.m2/repository/org/apache/ozone/hdds-common/1.4.0-SNAPSHOT/hdds-common-1.4.0-SNAPSHOT.jar:/home/runner/.m2/repository/org/apache/ozone/hdds-client/1.4.0-SNAPSHOT/hdds-client-1.4.0-SNAPSHOT.jar:/home/runner/.m2/repository/org/apache/ozone/ozone-interface-client/1.4.0-SNAPSHOT/ozone-interface-client-1.4.0-SNAPSHOT.jar:/home/runner/.m2/repository/org/apache/ozone/hdds-test-utils/1.4.0-SNAPSHOT/hdds-test-utils-1.4.0-SNAPSHOT.jar:/home/runner/.m2/repository/com/google/guava/guava/31.1-jre/guava-31.1-jre.jar:/home/runner/.m2/repository/com/google/guava/failureaccess/1.0.1/failureaccess-1.0.1.jar:/home/runner/.m2/repository/com/google/guava/listenablefuture/9999.0-empty-to-avoid-conflict-with-guava/listenablefuture-9999.0-empty-to-avoid-conflict-with-guava.jar:/home/runner/.m2/repository/com/google/code/findbugs/jsr305/3.0.0/jsr305-3.0.0.jar:/home/runner/.m2/repository/org/checkerframework/checker-qual/3.12.0/checker-qual-3.12.0.jar:/home/runner/.m2/repository/com/google/j2objc/j2objc-annotations/1.3/j2objc-annotations-1.3.jar:/home/runner/.m2/repository/commons-io/commons-io/2.11.0/commons-io-2.11.0.jar:/home/runner/.m2/repository/commons-logging/commons-logging/1.2/commons-logging-1.2.jar:/home/runner/.m2/repository/ch/qos/reload4j/reload4j/1.2.22/reload4j-1.2.22.jar:/home/runner/.m2/repository/org/slf4j/slf4j-api/1.7.36/slf4j-api-1.7.36.jar:/home/runner/.m2/repository/org/apache/ozone/hdds-server-scm/1.4.0-SNAPSHOT/hdds-server-scm-1.4.0-SNAPSHOT.jar:/home/runner/.m2/repository/org/apache/ozone/hdds-container-service/1.4.0-SNAPSHOT/hdds-container-service-1.4.0-SNAPSHOT.jar:/home/runner/.m2/repository/org/apache/ozone/hdds-hadoop-dependency-server/1.4.0-SNAPSHOT/hdds-hadoop-dependency-server-1.4.0-SNAPSHOT.jar:/home/runner/.m2/repository/org/apache/hadoop/hadoop-hdfs/3.3.4/hadoop-hdfs-3.3.4.jar:/home/runner/.m2/repository/commons-daemon/commons-daemon/1.0.13/commons-daemon-1.0.13.jar:/home/runner/.m2/repository/org/apache/ozone/hdds-server-framework/1.4.0-SNAPSHOT/hdds-server-framework-1.4.0-SNAPSHOT.jar:/home/runner/.m2/repository/io/dropwizard/metrics/metrics-core/3.2.4/metrics-core-3.2.4.jar:/home/runner/.m2/repository/org/apache/commons/commons-text/1.4/commons-text-1.4.jar:/home/runner/.m2/repository/org/apache/hadoop/hadoop-hdfs-client/3.3.4/hadoop-hdfs-client-3.3.4.jar:/home/runner/.m2/repository/com/squareup/okhttp3/okhttp/4.9.3/okhttp-4.9.3.jar:/home/runner/.m2/repository/com/squareup/okio/okio/2.8.0/okio-2.8.0.jar:/home/runner/.m2/repository/org/jetbrains/kotlin/kotlin-stdlib-common/1.6.21/kotlin-stdlib-common-1.6.21.jar:/home/runner/.m2/repository/org/bouncycastle/bcprov-jdk15on/1.67/bcprov-jdk15on-1.67.jar:/home/runner/.m2/repository/com/google/protobuf/protobuf-java/2.5.0/protobuf-java-2.5.0.jar:/home/runner/.m2/repository/org/apache/ozone/hdds-server-framework/1.4.0-SNAPSHOT/hdds-server-framework-1.4.0-SNAPSHOT-tests.jar:/home/runner/.m2/repository/org/apache/ozone/hdds-interface-server/1.4.0-SNAPSHOT/hdds-interface-server-1.4.0-SNAPSHOT.jar:/home/runner/.m2/repository/org/apache/ozone/hdds-interface-admin/1.4.0-SNAPSHOT/hdds-interface-admin-1.4.0-SNAPSHOT.jar:/home/runner/.m2/repository/org/apache/ozone/hdds-managed-rocksdb/1.4.0-SNAPSHOT/hdds-managed-rocksdb-1.4.0-SNAPSHOT.jar:/home/runner/.m2/repository/org/rocksdb/rocksdbjni/7.7.3/rocksdbjni-7.7.3.jar:/home/runner/.m2/repository/org/slf4j/slf4j-reload4j/1.7.36/slf4j-reload4j-1.7.36.jar:/home/runner/.m2/repository/org/apache/commons/commons-configuration2/2.1.1/commons-configuration2-2.1.1.jar:/home/runner/.m2/repository/org/apache/logging/log4j/log4j-core/2.17.1/log4j-core-2.17.1.jar:/home/runner/.m2/repository/com/lmax/disruptor/3.4.2/disruptor-3.4.2.jar:/home/runner/.m2/repository/org/eclipse/jetty/jetty-util/9.4.49.v20220914/jetty-util-9.4.49.v20220914.jar:/home/runner/.m2/repository/org/eclipse/jetty/jetty-server/9.4.49.v20220914/jetty-server-9.4.49.v20220914.jar:/home/runner/.m2/repository/org/eclipse/jetty/jetty-http/9.4.49.v20220914/jetty-http-9.4.49.v20220914.jar:/home/runner/.m2/repository/org/eclipse/jetty/jetty-io/9.4.49.v20220914/jetty-io-9.4.49.v20220914.jar:/home/runner/.m2/repository/org/eclipse/jetty/jetty-servlet/9.4.49.v20220914/jetty-servlet-9.4.49.v20220914.jar:/home/runner/.m2/repository/org/eclipse/jetty/jetty-security/9.4.49.v20220914/jetty-security-9.4.49.v20220914.jar:/home/runner/.m2/repository/org/eclipse/jetty/jetty-util-ajax/9.4.49.v20220914/jetty-util-ajax-9.4.49.v20220914.jar:/home/runner/.m2/repository/org/eclipse/jetty/jetty-webapp/9.4.49.v20220914/jetty-webapp-9.4.49.v20220914.jar:/home/runner/.m2/repository/org/eclipse/jetty/jetty-xml/9.4.49.v20220914/jetty-xml-9.4.49.v20220914.jar:/home/runner/.m2/repository/org/apache/ratis/ratis-server/2.4.2-8b8bdda-SNAPSHOT/ratis-server-2.4.2-8b8bdda-SNAPSHOT.jar:/home/runner/.m2/repository/org/apache/ratis/ratis-thirdparty-misc/1.0.3/ratis-thirdparty-misc-1.0.3.jar:/home/runner/.m2/repository/org/apache/ratis/ratis-proto/2.4.2-8b8bdda-SNAPSHOT/ratis-proto-2.4.2-8b8bdda-SNAPSHOT.jar:/home/runner/.m2/repository/org/apache/ratis/ratis-common/2.4.2-8b8bdda-SNAPSHOT/ratis-common-2.4.2-8b8bdda-SNAPSHOT.jar:/home/runner/.m2/repository/org/apache/ratis/ratis-client/2.4.2-8b8bdda-SNAPSHOT/ratis-client-2.4.2-8b8bdda-SNAPSHOT.jar:/home/runner/.m2/repository/org/apache/ratis/ratis-server-api/2.4.2-8b8bdda-SNAPSHOT/ratis-server-api-2.4.2-8b8bdda-SNAPSHOT.jar:/home/runner/.m2/repository/org/apache/ratis/ratis-metrics/2.4.2-8b8bdda-SNAPSHOT/ratis-metrics-2.4.2-8b8bdda-SNAPSHOT.jar:/home/runner/.m2/repository/io/prometheus/simpleclient_dropwizard/0.7.0/simpleclient_dropwizard-0.7.0.jar:/home/runner/.m2/repository/io/prometheus/simpleclient/0.7.0/simpleclient-0.7.0.jar:/home/runner/.m2/repository/io/prometheus/simpleclient_common/0.7.0/simpleclient_common-0.7.0.jar:/home/runner/.m2/repository/com/fasterxml/jackson/datatype/jackson-datatype-jsr310/2.13.4/jackson-datatype-jsr310-2.13.4.jar:/home/runner/.m2/repository/com/fasterxml/jackson/core/jackson-core/2.13.4/jackson-core-2.13.4.jar:/home/runner/.m2/repository/com/github/spotbugs/spotbugs-annotations/3.1.12/spotbugs-annotations-3.1.12.jar:/home/runner/.m2/repository/org/apache/ozone/rocksdb-checkpoint-differ/1.4.0-SNAPSHOT/rocksdb-checkpoint-differ-1.4.0-SNAPSHOT.jar:/home/runner/.m2/repository/org/awaitility/awaitility/4.2.0/awaitility-4.2.0.jar:/home/runner/.m2/repository/org/hamcrest/hamcrest/2.1/hamcrest-2.1.jar:/home/runner/.m2/repository/org/apache/ozone/ozone-manager/1.4.0-SNAPSHOT/ozone-manager-1.4.0-SNAPSHOT.jar:/home/runner/.m2/repository/org/aspectj/aspectjrt/1.9.7/aspectjrt-1.9.7.jar:/home/runner/.m2/repository/org/aspectj/aspectjweaver/1.9.7/aspectjweaver-1.9.7.jar:/home/runner/.m2/repository/org/apache/ozone/hdds-interface-client/1.4.0-SNAPSHOT/hdds-interface-client-1.4.0-SNAPSHOT.jar:/home/runner/.m2/repository/org/apache/hadoop/thirdparty/hadoop-shaded-protobuf_3_7/1.1.1/hadoop-shaded-protobuf_3_7-1.1.1.jar:/home/runner/.m2/repository/org/apache/ozone/ozone-interface-storage/1.4.0-SNAPSHOT/ozone-interface-storage-1.4.0-SNAPSHOT.jar:/home/runner/.m2/repository/org/reflections/reflections/0.9.11/reflections-0.9.11.jar:/home/runner/.m2/repository/com/sun/jersey/jersey-client/1.19/jersey-client-1.19.jar:/home/runner/.m2/repository/org/apache/ranger/ranger-intg/2.3.0/ranger-intg-2.3.0.jar:/home/runner/.m2/repository/org/apache/ranger/ranger-plugins-common/2.3.0/ranger-plugins-common-2.3.0.jar:/home/runner/.m2/repository/commons-lang/commons-lang/2.6/commons-lang-2.6.jar:/home/runner/.m2/repository/org/apache/ranger/ranger-plugins-cred/2.3.0/ranger-plugins-cred-2.3.0.jar:/home/runner/.m2/repository/org/apache/ranger/ranger-plugins-audit/2.3.0/ranger-plugins-audit-2.3.0.jar:/home/runner/.m2/repository/org/eclipse/jetty/jetty-client/9.4.49.v20220914/jetty-client-9.4.49.v20220914.jar:/home/runner/.m2/repository/org/apache/httpcomponents/httpmime/4.5.6/httpmime-4.5.6.jar:/home/runner/.m2/repository/org/apache/httpcomponents/httpcore-nio/4.4.13/httpcore-nio-4.4.13.jar:/home/runner/.m2/repository/org/apache/httpcomponents/httpasyncclient/4.1.3/httpasyncclient-4.1.3.jar:/home/runner/.m2/repository/com/carrotsearch/hppc/0.8.0/hppc-0.8.0.jar:/home/runner/.m2/repository/org/apache/orc/orc-core/1.5.8/orc-core-1.5.8.jar:/home/runner/.m2/repository/net/java/dev/jna/jna/5.2.0/jna-5.2.0.jar:/home/runner/.m2/repository/net/java/dev/jna/jna-platform/5.2.0/jna-platform-5.2.0.jar:/home/runner/.m2/repository/com/kstruct/gethostname4j/0.0.2/gethostname4j-0.0.2.jar:/home/runner/.m2/repository/org/apache/ranger/ranger-plugin-classloader/2.3.0/ranger-plugin-classloader-2.3.0.jar:/home/runner/.m2/repository/org/apache/hadoop/hadoop-minikdc/3.3.4/hadoop-minikdc-3.3.4.jar:/home/runner/.m2/repository/org/apache/kerby/kerb-simplekdc/1.0.1/kerb-simplekdc-1.0.1.jar:/home/runner/.m2/repository/org/apache/kerby/kerb-client/1.0.1/kerb-client-1.0.1.jar:/home/runner/.m2/repository/org/apache/kerby/kerby-config/1.0.1/kerby-config-1.0.1.jar:/home/runner/.m2/repository/org/apache/kerby/kerb-common/1.0.1/kerb-common-1.0.1.jar:/home/runner/.m2/repository/org/apache/kerby/kerb-crypto/1.0.1/kerb-crypto-1.0.1.jar:/home/runner/.m2/repository/org/apache/kerby/kerb-util/1.0.1/kerb-util-1.0.1.jar:/home/runner/.m2/repository/org/apache/kerby/token-provider/1.0.1/token-provider-1.0.1.jar:/home/runner/.m2/repository/org/apache/kerby/kerb-admin/1.0.1/kerb-admin-1.0.1.jar:/home/runner/.m2/repository/org/apache/kerby/kerb-server/1.0.1/kerb-server-1.0.1.jar:/home/runner/.m2/repository/org/apache/kerby/kerb-identity/1.0.1/kerb-identity-1.0.1.jar:/home/runner/.m2/repository/org/apache/kerby/kerby-xdr/1.0.1/kerby-xdr-1.0.1.jar:/home/runner/.m2/repository/org/apache/ozone/ozone-s3gateway/1.4.0-SNAPSHOT/ozone-s3gateway-1.4.0-SNAPSHOT.jar:/home/runner/.m2/repository/org/javassist/javassist/3.21.0-GA/javassist-3.21.0-GA.jar:/home/runner/.m2/repository/org/jboss/weld/servlet/weld-servlet-shaded/3.1.9.Final/weld-servlet-shaded-3.1.9.Final.jar:/home/runner/.m2/repository/org/glassfish/jersey/containers/jersey-container-servlet-core/2.34/jersey-container-servlet-core-2.34.jar:/home/runner/.m2/repository/org/glassfish/hk2/external/jakarta.inject/2.6.1/jakarta.inject-2.6.1.jar:/home/runner/.m2/repository/org/glassfish/jersey/core/jersey-common/2.34/jersey-common-2.34.jar:/home/runner/.m2/repository/jakarta/ws/rs/jakarta.ws.rs-api/2.1.6/jakarta.ws.rs-api-2.1.6.jar:/home/runner/.m2/repository/org/glassfish/jersey/ext/cdi/jersey-cdi1x/2.34/jersey-cdi1x-2.34.jar:/home/runner/.m2/repository/org/glassfish/jersey/inject/jersey-hk2/2.34/jersey-hk2-2.34.jar:/home/runner/.m2/repository/org/glassfish/hk2/hk2-locator/2.6.1/hk2-locator-2.6.1.jar:/home/runner/.m2/repository/org/glassfish/jersey/media/jersey-media-jaxb/2.34/jersey-media-jaxb-2.34.jar:/home/runner/.m2/repository/org/glassfish/hk2/osgi-resource-locator/1.0.3/osgi-resource-locator-1.0.3.jar:/home/runner/.m2/repository/org/glassfish/hk2/hk2-api/2.5.0/hk2-api-2.5.0.jar:/home/runner/.m2/repository/org/glassfish/hk2/hk2-utils/2.5.0/hk2-utils-2.5.0.jar:/home/runner/.m2/repository/org/glassfish/hk2/external/aopalliance-repackaged/2.5.0/aopalliance-repackaged-2.5.0.jar:/home/runner/.m2/repository/com/fasterxml/jackson/dataformat/jackson-dataformat-xml/2.13.4/jackson-dataformat-xml-2.13.4.jar:/home/runner/.m2/repository/org/codehaus/woodstox/stax2-api/4.2.1/stax2-api-4.2.1.jar:/home/runner/.m2/repository/com/fasterxml/woodstox/woodstox-core/5.4.0/woodstox-core-5.4.0.jar:/home/runner/.m2/repository/com/fasterxml/jackson/module/jackson-module-jaxb-annotations/2.13.4/jackson-module-jaxb-annotations-2.13.4.jar:/home/runner/.m2/repository/jakarta/xml/bind/jakarta.xml.bind-api/2.3.3/jakarta.xml.bind-api-2.3.3.jar:/home/runner/.m2/repository/jakarta/activation/jakarta.activation-api/1.2.2/jakarta.activation-api-1.2.2.jar:/home/runner/.m2/repository/javax/enterprise/cdi-api/2.0/cdi-api-2.0.jar:/home/runner/.m2/repository/javax/el/javax.el-api/3.0.0/javax.el-api-3.0.0.jar:/home/runner/.m2/repository/javax/interceptor/javax.interceptor-api/1.2/javax.interceptor-api-1.2.jar:/home/runner/.m2/repository/javax/inject/javax.inject/1/javax.inject-1.jar:/home/runner/.m2/repository/javax/xml/bind/jaxb-api/2.3.0/jaxb-api-2.3.0.jar:/home/runner/.m2/repository/org/glassfish/jaxb/jaxb-runtime/2.3.0.1/jaxb-runtime-2.3.0.1.jar:/home/runner/.m2/repository/org/glassfish/jaxb/jaxb-core/2.3.0.1/jaxb-core-2.3.0.1.jar:/home/runner/.m2/repository/org/glassfish/jaxb/txw2/2.3.0.1/txw2-2.3.0.1.jar:/home/runner/.m2/repository/com/sun/istack/istack-commons-runtime/3.0.5/istack-commons-runtime-3.0.5.jar:/home/runner/.m2/repository/org/jvnet/staxex/stax-ex/1.7.8/stax-ex-1.7.8.jar:/home/runner/.m2/repository/com/sun/xml/fastinfoset/FastInfoset/1.2.13/FastInfoset-1.2.13.jar:/home/runner/.m2/repository/javax/activation/activation/1.1.1/activation-1.1.1.jar:/home/runner/.m2/repository/io/grpc/grpc-protobuf/1.51.1/grpc-protobuf-1.51.1.jar:/home/runner/.m2/repository/io/grpc/grpc-api/1.51.1/grpc-api-1.51.1.jar:/home/runner/.m2/repository/io/grpc/grpc-context/1.51.1/grpc-context-1.51.1.jar:/home/runner/.m2/repository/com/google/api/grpc/proto-google-common-protos/2.9.0/proto-google-common-protos-2.9.0.jar:/home/runner/.m2/repository/io/grpc/grpc-protobuf-lite/1.51.1/grpc-protobuf-lite-1.51.1.jar:/home/runner/.m2/repository/io/grpc/grpc-stub/1.51.1/grpc-stub-1.51.1.jar:/home/runner/.m2/repository/io/netty/netty-transport/4.1.86.Final/netty-transport-4.1.86.Final.jar:/home/runner/.m2/repository/io/netty/netty-resolver/4.1.86.Final/netty-resolver-4.1.86.Final.jar:/home/runner/.m2/repository/org/apache/ozone/ozone-csi/1.4.0-SNAPSHOT/ozone-csi-1.4.0-SNAPSHOT.jar:/home/runner/.m2/repository/com/google/protobuf/protobuf-java-util/3.19.6/protobuf-java-util-3.19.6.jar:/home/runner/.m2/repository/com/google/code/gson/gson/2.9.0/gson-2.9.0.jar:/home/runner/.m2/repository/org/apache/ozone/hdds-config/1.4.0-SNAPSHOT/hdds-config-1.4.0-SNAPSHOT.jar:/home/runner/.m2/repository/io/netty/netty-transport-native-epoll/4.1.86.Final/netty-transport-native-epoll-4.1.86.Final-linux-x86_64.jar:/home/runner/.m2/repository/io/netty/netty-transport-classes-epoll/4.1.86.Final/netty-transport-classes-epoll-4.1.86.Final.jar:/home/runner/.m2/repository/io/netty/netty-transport-native-unix-common/4.1.86.Final/netty-transport-native-unix-common-4.1.86.Final.jar:/home/runner/.m2/repository/org/apache/ozone/ozone-recon/1.4.0-SNAPSHOT/ozone-recon-1.4.0-SNAPSHOT.jar:/home/runner/.m2/repository/org/apache/ozone/ozone-reconcodegen/1.4.0-SNAPSHOT/ozone-reconcodegen-1.4.0-SNAPSHOT.jar:/home/runner/.m2/repository/com/google/inject/extensions/guice-multibindings/4.0/guice-multibindings-4.0.jar:/home/runner/.m2/repository/com/google/inject/guice/4.0/guice-4.0.jar:/home/runner/.m2/repository/aopalliance/aopalliance/1.0/aopalliance-1.0.jar:/home/runner/.m2/repository/com/google/inject/extensions/guice-assistedinject/4.0/guice-assistedinject-4.0.jar:/home/runner/.m2/repository/com/google/inject/extensions/guice-servlet/4.0/guice-servlet-4.0.jar:/home/runner/.m2/repository/org/glassfish/jersey/containers/jersey-container-servlet/2.34/jersey-container-servlet-2.34.jar:/home/runner/.m2/repository/org/glassfish/hk2/guice-bridge/2.5.0/guice-bridge-2.5.0.jar:/home/runner/.m2/repository/org/glassfish/jersey/core/jersey-server/2.34/jersey-server-2.34.jar:/home/runner/.m2/repository/org/glassfish/jersey/core/jersey-client/2.34/jersey-client-2.34.jar:/home/runner/.m2/repository/jakarta/annotation/jakarta.annotation-api/1.3.5/jakarta.annotation-api-1.3.5.jar:/home/runner/.m2/repository/jakarta/validation/jakarta.validation-api/2.0.2/jakarta.validation-api-2.0.2.jar:/home/runner/.m2/repository/org/glassfish/jersey/media/jersey-media-json-jackson/2.34/jersey-media-json-jackson-2.34.jar:/home/runner/.m2/repository/org/glassfish/jersey/ext/jersey-entity-filtering/2.34/jersey-entity-filtering-2.34.jar:/home/runner/.m2/repository/org/jooq/jooq/3.11.10/jooq-3.11.10.jar:/home/runner/.m2/repository/org/jooq/jooq-meta/3.11.10/jooq-meta-3.11.10.jar:/home/runner/.m2/repository/org/jooq/jooq-codegen/3.11.10/jooq-codegen-3.11.10.jar:/home/runner/.m2/repository/com/jolbox/bonecp/0.8.0.RELEASE/bonecp-0.8.0.RELEASE.jar:/home/runner/.m2/repository/org/apache/derby/derby/10.14.2.0/derby-10.14.2.0.jar:/home/runner/.m2/repository/org/xerial/sqlite-jdbc/3.25.2/sqlite-jdbc-3.25.2.jar:/home/runner/.m2/repository/org/springframework/spring-jdbc/5.3.23/spring-jdbc-5.3.23.jar:/home/runner/.m2/repository/org/springframework/spring-beans/5.3.23/spring-beans-5.3.23.jar:/home/runner/.m2/repository/org/springframework/spring-core/5.3.23/spring-core-5.3.23.jar:/home/runner/.m2/repository/org/springframework/spring-jcl/5.3.23/spring-jcl-5.3.23.jar:/home/runner/.m2/repository/org/springframework/spring-tx/5.3.23/spring-tx-5.3.23.jar:/home/runner/.m2/repository/org/apache/ozone/ozone-client/1.4.0-SNAPSHOT/ozone-client-1.4.0-SNAPSHOT.jar:/home/runner/.m2/repository/org/apache/ozone/hdds-erasurecode/1.4.0-SNAPSHOT/hdds-erasurecode-1.4.0-SNAPSHOT.jar:/home/runner/.m2/repository/org/apache/ozone/ozone-filesystem/1.4.0-SNAPSHOT/ozone-filesystem-1.4.0-SNAPSHOT.jar:/home/runner/.m2/repository/org/apache/ozone/ozone-filesystem-common/1.4.0-SNAPSHOT/ozone-filesystem-common-1.4.0-SNAPSHOT.jar:/home/runner/.m2/repository/org/apache/ozone/ozone-tools/1.4.0-SNAPSHOT/ozone-tools-1.4.0-SNAPSHOT.jar:/home/runner/.m2/repository/com/amazonaws/aws-java-sdk-core/1.12.261/aws-java-sdk-core-1.12.261.jar:/home/runner/.m2/repository/org/apache/httpcomponents/httpclient/4.5.13/httpclient-4.5.13.jar:/home/runner/.m2/repository/org/apache/httpcomponents/httpcore/4.4.13/httpcore-4.4.13.jar:/home/runner/.m2/repository/software/amazon/ion/ion-java/1.0.2/ion-java-1.0.2.jar:/home/runner/.m2/repository/com/fasterxml/jackson/dataformat/jackson-dataformat-cbor/2.13.4/jackson-dataformat-cbor-2.13.4.jar:/home/runner/.m2/repository/joda-time/joda-time/2.10.6/joda-time-2.10.6.jar:/home/runner/.m2/repository/com/amazonaws/aws-java-sdk-s3/1.12.261/aws-java-sdk-s3-1.12.261.jar:/home/runner/.m2/repository/com/amazonaws/aws-java-sdk-kms/1.12.261/aws-java-sdk-kms-1.12.261.jar:/home/runner/.m2/repository/com/amazonaws/jmespath-java/1.12.261/jmespath-java-1.12.261.jar:/home/runner/.m2/repository/org/kohsuke/metainf-services/metainf-services/1.8/metainf-services-1.8.jar:/home/runner/.m2/repository/org/apache/ozone/hdds-tools/1.4.0-SNAPSHOT/hdds-tools-1.4.0-SNAPSHOT.jar:/home/runner/.m2/repository/org/apache/ratis/ratis-tools/2.4.2-8b8bdda-SNAPSHOT/ratis-tools-2.4.2-8b8bdda-SNAPSHOT.jar:/home/runner/.m2/repository/commons-cli/commons-cli/1.2/commons-cli-1.2.jar:/home/runner/.m2/repository/org/apache/commons/commons-lang3/3.7/commons-lang3-3.7.jar:/home/runner/.m2/repository/org/apache/ozone/ozone-manager/1.4.0-SNAPSHOT/ozone-manager-1.4.0-SNAPSHOT-tests.jar:/home/runner/.m2/repository/org/apache/ozone/hdds-common/1.4.0-SNAPSHOT/hdds-common-1.4.0-SNAPSHOT-tests.jar:/home/runner/.m2/repository/org/apache/ozone/hdds-hadoop-dependency-client/1.4.0-SNAPSHOT/hdds-hadoop-dependency-client-1.4.0-SNAPSHOT.jar:/home/runner/.m2/repository/info/picocli/picocli/4.6.1/picocli-4.6.1.jar:/home/runner/.m2/repository/com/fasterxml/jackson/core/jackson-annotations/2.13.4/jackson-annotations-2.13.4.jar:/home/runner/.m2/repository/org/apache/ozone/hdds-annotation-processing/1.4.0-SNAPSHOT/hdds-annotation-processing-1.4.0-SNAPSHOT.jar:/home/runner/.m2/repository/javax/annotation/javax.annotation-api/1.2/javax.annotation-api-1.2.jar:/home/runner/.m2/repository/org/apache/ratis/ratis-netty/2.4.2-8b8bdda-SNAPSHOT/ratis-netty-2.4.2-8b8bdda-SNAPSHOT.jar:/home/runner/.m2/repository/org/apache/ratis/ratis-grpc/2.4.2-8b8bdda-SNAPSHOT/ratis-grpc-2.4.2-8b8bdda-SNAPSHOT.jar:/home/runner/.m2/repository/org/apache/logging/log4j/log4j-api/2.17.1/log4j-api-2.17.1.jar:/home/runner/.m2/repository/org/apache/commons/commons-pool2/2.6.0/commons-pool2-2.6.0.jar:/home/runner/.m2/repository/org/bouncycastle/bcpkix-jdk15on/1.67/bcpkix-jdk15on-1.67.jar:/home/runner/.m2/repository/commons-validator/commons-validator/1.6/commons-validator-1.6.jar:/home/runner/.m2/repository/commons-beanutils/commons-beanutils/1.9.4/commons-beanutils-1.9.4.jar:/home/runner/.m2/repository/commons-digester/commons-digester/1.8.1/commons-digester-1.8.1.jar:/home/runner/.m2/repository/commons-collections/commons-collections/3.2.2/commons-collections-3.2.2.jar:/home/runner/.m2/repository/io/jaegertracing/jaeger-client/1.6.0/jaeger-client-1.6.0.jar:/home/runner/.m2/repository/io/jaegertracing/jaeger-thrift/1.6.0/jaeger-thrift-1.6.0.jar:/home/runner/.m2/repository/org/apache/thrift/libthrift/0.14.1/libthrift-0.14.1.jar:/home/runner/.m2/repository/io/jaegertracing/jaeger-core/1.6.0/jaeger-core-1.6.0.jar:/home/runner/.m2/repository/io/jaegertracing/jaeger-tracerresolver/1.6.0/jaeger-tracerresolver-1.6.0.jar:/home/runner/.m2/repository/io/opentracing/contrib/opentracing-tracerresolver/0.1.8/opentracing-tracerresolver-0.1.8.jar:/home/runner/.m2/repository/org/jetbrains/kotlin/kotlin-stdlib/1.6.21/kotlin-stdlib-1.6.21.jar:/home/runner/.m2/repository/org/jetbrains/annotations/13.0/annotations-13.0.jar:/home/runner/.m2/repository/io/opentracing/opentracing-util/0.33.0/opentracing-util-0.33.0.jar:/home/runner/.m2/repository/io/opentracing/opentracing-api/0.33.0/opentracing-api-0.33.0.jar:/home/runner/.m2/repository/io/opentracing/opentracing-noop/0.33.0/opentracing-noop-0.33.0.jar:/home/runner/.m2/repository/org/yaml/snakeyaml/1.33/snakeyaml-1.33.jar:/home/runner/.m2/repository/junit/junit/4.13.1/junit-4.13.1.jar:/home/runner/.m2/repository/org/hamcrest/hamcrest-core/1.3/hamcrest-core-1.3.jar:/home/runner/.m2/repository/org/junit/jupiter/junit-jupiter-api/5.8.2/junit-jupiter-api-5.8.2.jar:/home/runner/.m2/repository/org/opentest4j/opentest4j/1.2.0/opentest4j-1.2.0.jar:/home/runner/.m2/repository/org/junit/platform/junit-platform-commons/1.8.2/junit-platform-commons-1.8.2.jar:/home/runner/.m2/repository/org/apiguardian/apiguardian-api/1.1.2/apiguardian-api-1.1.2.jar:/home/runner/.m2/repository/org/junit/jupiter/junit-jupiter-params/5.8.2/junit-jupiter-params-5.8.2.jar:/home/runner/.m2/repository/org/junit/jupiter/junit-jupiter-migrationsupport/5.8.2/junit-jupiter-migrationsupport-5.8.2.jar:/home/runner/.m2/repository/org/junit/jupiter/junit-jupiter-engine/5.8.2/junit-jupiter-engine-5.8.2.jar:/home/runner/.m2/repository/org/junit/platform/junit-platform-engine/1.8.2/junit-platform-engine-1.8.2.jar:/home/runner/.m2/repository/org/junit/vintage/junit-vintage-engine/5.8.2/junit-vintage-engine-5.8.2.jar:/home/runner/.m2/repository/org/junit/platform/junit-platform-launcher/1.8.2/junit-platform-launcher-1.8.2.jar:/home/runner/.m2/repository/org/mockito/mockito-core/2.28.2/mockito-core-2.28.2.jar:/home/runner/.m2/repository/net/bytebuddy/byte-buddy/1.9.10/byte-buddy-1.9.10.jar:/home/runner/.m2/repository/net/bytebuddy/byte-buddy-agent/1.9.10/byte-buddy-agent-1.9.10.jar:/home/runner/.m2/repository/org/objenesis/objenesis/1.0/objenesis-1.0.jar:/home/runner/.m2/repository/org/apache/hadoop/hadoop-kms/3.3.4/hadoop-kms-3.3.4.jar:/home/runner/.m2/repository/org/apache/hadoop/hadoop-auth/3.3.4/hadoop-auth-3.3.4.jar:/home/runner/.m2/repository/com/nimbusds/nimbus-jose-jwt/9.8.1/nimbus-jose-jwt-9.8.1.jar:/home/runner/.m2/repository/com/github/stephenc/jcip/jcip-annotations/1.0-1/jcip-annotations-1.0-1.jar:/home/runner/.m2/repository/net/minidev/json-smart/2.4.7/json-smart-2.4.7.jar:/home/runner/.m2/repository/net/minidev/accessors-smart/2.4.7/accessors-smart-2.4.7.jar:/home/runner/.m2/repository/org/ow2/asm/asm/5.0.4/asm-5.0.4.jar:/home/runner/.m2/repository/org/apache/zookeeper/zookeeper/3.5.6/zookeeper-3.5.6.jar:/home/runner/.m2/repository/org/apache/zookeeper/zookeeper-jute/3.5.6/zookeeper-jute-3.5.6.jar:/home/runner/.m2/repository/org/apache/yetus/audience-annotations/0.5.0/audience-annotations-0.5.0.jar:/home/runner/.m2/repository/org/apache/curator/curator-framework/4.2.0/curator-framework-4.2.0.jar:/home/runner/.m2/repository/org/apache/hadoop/thirdparty/hadoop-shaded-guava/1.1.1/hadoop-shaded-guava-1.1.1.jar:/home/runner/.m2/repository/com/sun/jersey/jersey-core/1.19/jersey-core-1.19.jar:/home/runner/.m2/repository/javax/ws/rs/jsr311-api/1.1.1/jsr311-api-1.1.1.jar:/home/runner/.m2/repository/com/sun/jersey/jersey-server/1.19/jersey-server-1.19.jar:/home/runner/.m2/repository/javax/servlet/javax.servlet-api/3.1.0/javax.servlet-api-3.1.0.jar:/home/runner/.m2/repository/org/apache/hadoop/hadoop-common/3.3.4/hadoop-common-3.3.4.jar:/home/runner/.m2/repository/org/apache/commons/commons-math3/3.1.1/commons-math3-3.1.1.jar:/home/runner/.m2/repository/commons-net/commons-net/3.9.0/commons-net-3.9.0.jar:/home/runner/.m2/repository/com/sun/jersey/jersey-servlet/1.19/jersey-servlet-1.19.jar:/home/runner/.m2/repository/com/sun/jersey/jersey-json/1.19/jersey-json-1.19.jar:/home/runner/.m2/repository/org/codehaus/jettison/jettison/1.1/jettison-1.1.jar:/home/runner/.m2/repository/com/sun/xml/bind/jaxb-impl/2.2.3-1/jaxb-impl-2.2.3-1.jar:/home/runner/.m2/repository/org/codehaus/jackson/jackson-jaxrs/1.9.2/jackson-jaxrs-1.9.2.jar:/home/runner/.m2/repository/org/codehaus/jackson/jackson-xc/1.9.2/jackson-xc-1.9.2.jar:/home/runner/.m2/repository/com/google/re2j/re2j/1.1/re2j-1.1.jar:/home/runner/.m2/repository/com/jcraft/jsch/0.1.54/jsch-0.1.54.jar:/home/runner/.m2/repository/org/apache/curator/curator-client/4.2.0/curator-client-4.2.0.jar:/home/runner/.m2/repository/org/apache/curator/curator-recipes/4.2.0/curator-recipes-4.2.0.jar:/home/runner/.m2/repository/org/apache/kerby/kerb-core/1.0.1/kerb-core-1.0.1.jar:/home/runner/.m2/repository/org/apache/kerby/kerby-pkix/1.0.1/kerby-pkix-1.0.1.jar:/home/runner/.m2/repository/org/apache/kerby/kerby-asn1/1.0.1/kerby-asn1-1.0.1.jar:/home/runner/.m2/repository/org/apache/kerby/kerby-util/1.0.1/kerby-util-1.0.1.jar:/home/runner/.m2/repository/dnsjava/dnsjava/2.1.7/dnsjava-2.1.7.jar:/home/runner/.m2/repository/org/xerial/snappy/snappy-java/1.1.8.2/snappy-java-1.1.8.2.jar:/home/runner/.m2/repository/com/fasterxml/jackson/core/jackson-databind/2.13.4.2/jackson-databind-2.13.4.2.jar:/home/runner/.m2/repository/org/apache/hadoop/hadoop-kms/3.3.4/hadoop-kms-3.3.4-tests.jar:/home/runner/.m2/repository/org/apache/ozone/hdds-server-scm/1.4.0-SNAPSHOT/hdds-server-scm-1.4.0-SNAPSHOT-tests.jar:/home/runner/.m2/repository/org/apache/ozone/hdds-container-service/1.4.0-SNAPSHOT/hdds-container-service-1.4.0-SNAPSHOT-tests.jar:/home/runner/.m2/repository/com/github/luben/zstd-jni/1.5.2-5/zstd-jni-1.5.2-5.jar:/home/runner/.m2/repository/commons-codec/commons-codec/1.15/commons-codec-1.15.jar:/home/runner/.m2/repository/io/netty/netty-codec/4.1.86.Final/netty-codec-4.1.86.Final.jar:/home/runner/.m2/repository/io/netty/netty-handler/4.1.86.Final/netty-handler-4.1.86.Final.jar:/home/runner/.m2/repository/org/apache/ozone/hdds-hadoop-dependency-test/1.4.0-SNAPSHOT/hdds-hadoop-dependency-test-1.4.0-SNAPSHOT.jar:/home/runner/.m2/repository/org/apache/hadoop/hadoop-common/3.3.4/hadoop-common-3.3.4-tests.jar:/home/runner/.m2/repository/org/apache/hadoop/hadoop-hdfs/3.3.4/hadoop-hdfs-3.3.4-tests.jar:/home/runner/.m2/repository/org/assertj/assertj-core/3.12.2/assertj-core-3.12.2.jar:/home/runner/.m2/repository/org/apache/hadoop/hadoop-distcp/3.3.4/hadoop-distcp-3.3.4.jar:/home/runner/.m2/repository/org/apache/hadoop/hadoop-mapreduce-client-jobclient/3.3.4/hadoop-mapreduce-client-jobclient-3.3.4.jar:/home/runner/.m2/repository/org/apache/hadoop/hadoop-mapreduce-client-common/3.3.4/hadoop-mapreduce-client-common-3.3.4.jar:/home/runner/.m2/repository/org/apache/hadoop/hadoop-yarn-common/3.3.4/hadoop-yarn-common-3.3.4.jar:/home/runner/.m2/repository/org/apache/hadoop/hadoop-yarn-api/3.3.4/hadoop-yarn-api-3.3.4.jar:/home/runner/.m2/repository/com/sun/jersey/contribs/jersey-guice/1.19/jersey-guice-1.19.jar:/home/runner/.m2/repository/com/fasterxml/jackson/jaxrs/jackson-jaxrs-json-provider/2.13.4/jackson-jaxrs-json-provider-2.13.4.jar:/home/runner/.m2/repository/com/fasterxml/jackson/jaxrs/jackson-jaxrs-base/2.13.4/jackson-jaxrs-base-2.13.4.jar:/home/runner/.m2/repository/org/apache/hadoop/hadoop-yarn-client/3.3.4/hadoop-yarn-client-3.3.4.jar:/home/runner/.m2/repository/org/eclipse/jetty/websocket/websocket-client/9.4.43.v20210629/websocket-client-9.4.43.v20210629.jar:/home/runner/.m2/repository/org/eclipse/jetty/websocket/websocket-common/9.4.43.v20210629/websocket-common-9.4.43.v20210629.jar:/home/runner/.m2/repository/org/eclipse/jetty/websocket/websocket-api/9.4.43.v20210629/websocket-api-9.4.43.v20210629.jar:/home/runner/.m2/repository/org/jline/jline/3.9.0/jline-3.9.0.jar:/home/runner/.m2/repository/org/apache/hadoop/hadoop-mapreduce-client-core/3.3.4/hadoop-mapreduce-client-core-3.3.4.jar:/home/runner/.m2/repository/org/apache/avro/avro/1.7.7/avro-1.7.7.jar:/home/runner/.m2/repository/org/codehaus/jackson/jackson-core-asl/1.9.13/jackson-core-asl-1.9.13.jar:/home/runner/.m2/repository/org/codehaus/jackson/jackson-mapper-asl/1.9.13/jackson-mapper-asl-1.9.13.jar:/home/runner/.m2/repository/com/thoughtworks/paranamer/paranamer/2.3/paranamer-2.3.jar:/home/runner/.m2/repository/org/apache/hadoop/hadoop-annotations/3.3.4/hadoop-annotations-3.3.4.jar:/usr/lib/jvm/temurin-8-jdk-amd64/jre/../lib/tools.jar:/home/runner/.m2/repository/io/netty/netty/3.10.6.Final/netty-3.10.6.Final.jar:/home/runner/.m2/repository/org/apache/hadoop/hadoop-distcp/3.3.4/hadoop-distcp-3.3.4-tests.jar:/home/runner/.m2/repository/org/slf4j/jul-to-slf4j/1.7.36/jul-to-slf4j-1.7.36.jar:"/>
    <property name="sun.cpu.endian" value="little"/>
    <property name="user.home" value="/home/runner"/>
    <property name="user.language" value="en"/>
    <property name="java.specification.vendor" value="Oracle Corporation"/>
    <property name="java.home" value="/usr/lib/jvm/temurin-8-jdk-amd64/jre"/>
    <property name="java.security.krb5.conf" value="/home/runner/work/ozone/ozone/hadoop-ozone/integration-test/target/test-classes/krb5.conf"/>
    <property name="basedir" value="/home/runner/work/ozone/ozone/hadoop-ozone/integration-test"/>
    <property name="file.separator" value="/"/>
    <property name="line.separator" value="&#10;"/>
    <property name="java.vm.specification.vendor" value="Oracle Corporation"/>
    <property name="java.specification.name" value="Java Platform API Specification"/>
    <property name="java.awt.graphicsenv" value="sun.awt.X11GraphicsEnvironment"/>
    <property name="skip.installnpx" value="true"/>
    <property name="surefire.real.class.path" value="/home/runner/work/ozone/ozone/hadoop-ozone/integration-test/target/surefire/surefirebooter8817613524746767632.jar:/home/runner/.m2/repository/org/jacoco/org.jacoco.agent/0.8.5/org.jacoco.agent-0.8.5-runtime.jar"/>
    <property name="hadoop.log.dir" value="/home/runner/work/ozone/ozone/hadoop-ozone/integration-test/target/log"/>
    <property name="sun.boot.class.path" value="/usr/lib/jvm/temurin-8-jdk-amd64/jre/lib/resources.jar:/usr/lib/jvm/temurin-8-jdk-amd64/jre/lib/rt.jar:/usr/lib/jvm/temurin-8-jdk-amd64/jre/lib/sunrsasign.jar:/usr/lib/jvm/temurin-8-jdk-amd64/jre/lib/jsse.jar:/usr/lib/jvm/temurin-8-jdk-amd64/jre/lib/jce.jar:/usr/lib/jvm/temurin-8-jdk-amd64/jre/lib/charsets.jar:/usr/lib/jvm/temurin-8-jdk-amd64/jre/lib/jfr.jar:/usr/lib/jvm/temurin-8-jdk-amd64/jre/classes"/>
    <property name="sun.management.compiler" value="HotSpot 64-Bit Tiered Compilers"/>
    <property name="skip.npx" value="true"/>
    <property name="java.runtime.version" value="1.8.0_362-b09"/>
    <property name="java.net.preferIPv4Stack" value="true"/>
    <property name="user.name" value="runner"/>
    <property name="path.separator" value=":"/>
    <property name="java.security.egd" value="file:///dev/urandom"/>
    <property name="os.version" value="5.15.0-1034-azure"/>
    <property name="java.endorsed.dirs" value="/usr/lib/jvm/temurin-8-jdk-amd64/jre/lib/endorsed"/>
    <property name="java.runtime.name" value="OpenJDK Runtime Environment"/>
    <property name="file.encoding" value="UTF-8"/>
    <property name="java.vm.name" value="OpenJDK 64-Bit Server VM"/>
    <property name="test.build.webapps" value=""/>
    <property name="localRepository" value="/home/runner/.m2/repository"/>
    <property name="jetty.git.hash" value="4231a3b2e4cb8548a412a789936d640a97b1aa0a"/>
    <property name="java.vendor.url.bug" value="https://github.com/adoptium/adoptium-support/issues"/>
    <property name="java.io.tmpdir" value="/tmp"/>
    <property name="require.test.libhadoop" value=""/>
    <property name="java.version" value="1.8.0_362"/>
    <property name="user.dir" value="/home/runner/work/ozone/ozone/hadoop-ozone/integration-test"/>
    <property name="os.arch" value="amd64"/>
    <property name="java.vm.specification.name" value="Java Virtual Machine Specification"/>
    <property name="test.build.classes" value="/home/runner/work/ozone/ozone/hadoop-ozone/integration-test/target/test-classes"/>
    <property name="java.awt.printerjob" value="sun.print.PSPrinterJob"/>
    <property name="sun.os.patch.level" value="unknown"/>
    <property name="org.apache.ratis.thirdparty.io.netty.allocator.useCacheForAllThreads" value="false"/>
    <property name="hadoop.tmp.dir" value="/home/runner/work/ozone/ozone/hadoop-ozone/integration-test/target/tmp"/>
    <property name="java.library.path" value="/usr/java/packages/lib/amd64:/usr/lib64:/lib64:/lib:/usr/lib"/>
    <property name="java.vm.info" value="mixed mode"/>
    <property name="java.vendor" value="Temurin"/>
    <property name="java.vm.version" value="25.362-b09"/>
    <property name="java.specification.maintenance.version" value="4"/>
    <property name="java.ext.dirs" value="/usr/lib/jvm/temurin-8-jdk-amd64/jre/lib/ext:/usr/java/packages/lib/ext"/>
    <property name="sun.io.unicode.encoding" value="UnicodeLittle"/>
    <property name="java.class.version" value="52.0"/>
  </properties>
  <testcase name="testKeyDeleteAndRenameWithoutPermission" classname="org.apache.hadoop.ozone.om.TestRecursiveAclWithFSO" time="27.335">
    <failure type="java.lang.AssertionError"><![CDATA[java.lang.AssertionError: Should throw permission denied !
	at org.junit.Assert.fail(Assert.java:89)
	at org.apache.hadoop.ozone.om.TestRecursiveAclWithFSO.testKeyDeleteAndRenameWithoutPermission(TestRecursiveAclWithFSO.java:207)
	at sun.reflect.NativeMethodAccessorImpl.invoke0(Native Method)
	at sun.reflect.NativeMethodAccessorImpl.invoke(NativeMethodAccessorImpl.java:62)
	at sun.reflect.DelegatingMethodAccessorImpl.invoke(DelegatingMethodAccessorImpl.java:43)
	at java.lang.reflect.Method.invoke(Method.java:498)
	at org.junit.runners.model.FrameworkMethod$1.runReflectiveCall(FrameworkMethod.java:59)
	at org.junit.internal.runners.model.ReflectiveCallable.run(ReflectiveCallable.java:12)
	at org.junit.runners.model.FrameworkMethod.invokeExplosively(FrameworkMethod.java:56)
	at org.junit.internal.runners.statements.InvokeMethod.evaluate(InvokeMethod.java:17)
	at org.junit.internal.runners.statements.RunBefores.evaluate(RunBefores.java:26)
	at org.junit.internal.runners.statements.RunAfters.evaluate(RunAfters.java:27)
	at org.junit.internal.runners.statements.FailOnTimeout$CallableStatement.call(FailOnTimeout.java:288)
	at org.junit.internal.runners.statements.FailOnTimeout$CallableStatement.call(FailOnTimeout.java:282)
	at java.util.concurrent.FutureTask.run(FutureTask.java:266)
	at java.lang.Thread.run(Thread.java:750)
]]></failure>
    <system-out><![CDATA[2023-03-09 10:15:49,856 [Time-limited test] WARN  server.ServerUtils (ServerUtils.java:getScmDbDir(148)) - ozone.scm.db.dirs is not configured. We recommend adding this setting. Falling back to ozone.metadata.dirs instead.
2023-03-09 10:15:49,953 [Time-limited test] WARN  server.ServerUtils (ServerUtils.java:getScmDbDir(148)) - ozone.scm.db.dirs is not configured. We recommend adding this setting. Falling back to ozone.metadata.dirs instead.
2023-03-09 10:15:49,957 [Time-limited test] INFO  ha.SCMHANodeDetails (SCMHANodeDetails.java:loadSCMHAConfig(209)) - ServiceID for StorageContainerManager is null
2023-03-09 10:15:49,962 [Time-limited test] WARN  ha.SCMHANodeDetails (SCMHANodeDetails.java:validateSCMHAConfig(182)) - Invalid config ozone.scm.ratis.enable. The config was not specified, but the default value true conflicts with the expected config value false. Falling back to the expected value. Current State of SCM: SCM is running in Non-HA without Ratis Ratis SCM -> Non Ratis SCM or Non HA SCM -> HA SCM is not supported
2023-03-09 10:15:49,962 [Time-limited test] INFO  ha.SCMHANodeDetails (SCMHANodeDetails.java:loadSCMHAConfig(214)) - ozone.scm.default.service.id is not defined, falling back to ozone.scm.service.ids to find serviceID for StorageContainerManager if it is HA enabled cluster
2023-03-09 10:15:50,438 [Time-limited test] WARN  utils.HAUtils (HAUtils.java:getMetaDir(342)) - ozone.scm.db.dirs is not configured. We recommend adding this setting. Falling back to ozone.metadata.dirs instead.
2023-03-09 10:15:50,582 [Time-limited test] WARN  db.DBStoreBuilder (DBStoreBuilder.java:applyDBDefinition(172)) - ozone.scm.db.dirs is not configured. We recommend adding this setting. Falling back to ozone.metadata.dirs instead.
2023-03-09 10:15:50,781 [Time-limited test] INFO  net.NodeSchemaLoader (NodeSchemaLoader.java:loadSchemaFromFile(129)) - Loading schema from [jar:file:/home/runner/.m2/repository/org/apache/ozone/hdds-common/1.4.0-SNAPSHOT/hdds-common-1.4.0-SNAPSHOT.jar!/network-topology-default.xml]
2023-03-09 10:15:50,782 [Time-limited test] INFO  net.NodeSchemaLoader (NodeSchemaLoader.java:loadSchema(176)) - Loading network topology layer schema file
2023-03-09 10:15:50,823 [Time-limited test] INFO  metrics.MetricRegistries (MetricRegistriesLoader.java:load(64)) - Loaded MetricRegistries class org.apache.ratis.metrics.impl.MetricRegistriesImpl
2023-03-09 10:15:50,827 [Time-limited test] INFO  upgrade.AbstractLayoutVersionManager (AbstractLayoutVersionManager.java:init(83)) - Initializing Layout version manager with metadata layout = DATANODE_SCHEMA_V3 (version = 4), software layout = DATANODE_SCHEMA_V3 (version = 4)
2023-03-09 10:15:51,073 [Time-limited test] INFO  reflections.Reflections (Reflections.java:scan(232)) - Reflections took 159 ms to scan 7 urls, producing 154 keys and 367 values 
2023-03-09 10:15:51,197 [Time-limited test] INFO  ha.SequenceIdGenerator (SequenceIdGenerator.java:upgradeToSequenceId(349)) - upgrade localId to 111677748019200000
2023-03-09 10:15:51,197 [Time-limited test] INFO  ha.SequenceIdGenerator (SequenceIdGenerator.java:upgradeToSequenceId(359)) - upgrade delTxnId to 0
2023-03-09 10:15:51,201 [Time-limited test] INFO  ha.SequenceIdGenerator (SequenceIdGenerator.java:upgradeToSequenceId(376)) - upgrade containerId to 0
2023-03-09 10:15:51,202 [Time-limited test] INFO  ha.SequenceIdGenerator (SequenceIdGenerator.java:<init>(220)) - Init the HA SequenceIdGenerator.
2023-03-09 10:15:51,297 [Time-limited test] WARN  server.ServerUtils (ServerUtils.java:sanitizeUserArgs(73)) - ozone.scm.stale.node.interval value = 300000 is larger than max = 100000 based on the key value of ozone.scm.heartbeat.thread.interval, reset to the max value 100000.
2023-03-09 10:15:51,298 [Time-limited test] WARN  server.ServerUtils (ServerUtils.java:sanitizeUserArgs(73)) - ozone.scm.stale.node.interval value = 300000 is larger than max = 100000 based on the key value of ozone.scm.heartbeat.thread.interval, reset to the max value 100000.
2023-03-09 10:15:51,303 [Time-limited test] INFO  node.SCMNodeManager (SCMNodeManager.java:<init>(156)) - Entering startup safe mode.
2023-03-09 10:15:51,317 [Time-limited test] INFO  algorithms.ContainerPlacementPolicyFactory (ContainerPlacementPolicyFactory.java:getPolicyInternal(86)) - Create container placement policy of type org.apache.hadoop.hdds.scm.container.placement.algorithms.SCMContainerPlacementRandom
2023-03-09 10:15:51,320 [Time-limited test] INFO  algorithms.ContainerPlacementPolicyFactory (ContainerPlacementPolicyFactory.java:getPolicyInternal(86)) - Create container placement policy of type org.apache.hadoop.hdds.scm.container.placement.algorithms.SCMContainerPlacementRackScatter
2023-03-09 10:15:51,329 [Time-limited test] INFO  pipeline.PipelineStateManagerImpl (PipelineStateManagerImpl.java:initialize(78)) - No pipeline exists in current db
2023-03-09 10:15:51,362 [Time-limited test] INFO  algorithms.LeaderChoosePolicyFactory (LeaderChoosePolicyFactory.java:getPolicy(57)) - Create leader choose policy of type org.apache.hadoop.hdds.scm.pipeline.leader.choose.algorithms.MinLeaderCountChoosePolicy
2023-03-09 10:15:51,362 [Time-limited test] INFO  algorithms.ContainerPlacementPolicyFactory (ContainerPlacementPolicyFactory.java:getPolicyInternal(86)) - Create container placement policy of type org.apache.hadoop.hdds.scm.container.placement.algorithms.SCMContainerPlacementRackScatter
2023-03-09 10:15:51,368 [Time-limited test] INFO  ha.SCMServiceManager (SCMServiceManager.java:register(42)) - Registering service BackgroundPipelineCreator.
2023-03-09 10:15:51,368 [Time-limited test] INFO  pipeline.BackgroundPipelineCreator (BackgroundPipelineCreator.java:start(124)) - Starting RatisPipelineUtilsThread.
2023-03-09 10:15:51,371 [Time-limited test] INFO  BackgroundPipelineScrubber (BackgroundSCMService.java:start(68)) - Starting BackgroundPipelineScrubber Service.
2023-03-09 10:15:51,372 [Time-limited test] INFO  ha.SCMServiceManager (SCMServiceManager.java:register(42)) - Registering service BackgroundPipelineScrubber.
2023-03-09 10:15:51,377 [Time-limited test] INFO  ExpiredContainerReplicaOpScrubber (BackgroundSCMService.java:start(68)) - Starting ExpiredContainerReplicaOpScrubber Service.
2023-03-09 10:15:51,378 [Time-limited test] INFO  ha.SCMServiceManager (SCMServiceManager.java:register(42)) - Registering service ExpiredContainerReplicaOpScrubber.
2023-03-09 10:15:51,416 [Time-limited test] INFO  algorithms.PipelineChoosePolicyFactory (PipelineChoosePolicyFactory.java:createPipelineChoosePolicyFromClass(73)) - Create pipeline choose policy of type org.apache.hadoop.hdds.scm.pipeline.choose.algorithms.RandomPipelineChoosePolicy
2023-03-09 10:15:51,435 [Time-limited test] INFO  ha.SCMServiceManager (SCMServiceManager.java:register(42)) - Registering service SCMBlockDeletingService.
2023-03-09 10:15:51,495 [Time-limited test] INFO  replication.ReplicationManager (ReplicationManager.java:start(267)) - Starting Replication Monitor Thread.
2023-03-09 10:15:51,502 [Time-limited test] INFO  ha.SCMServiceManager (SCMServiceManager.java:register(42)) - Registering service ReplicationManager.
2023-03-09 10:15:51,506 [ReplicationMonitor] INFO  replication.ReplicationManager (ReplicationManager.java:processAll(342)) - Replication Manager is not ready to run until 3000ms after safemode exit
2023-03-09 10:15:51,514 [Time-limited test] INFO  safemode.ContainerSafeModeRule (ContainerSafeModeRule.java:<init>(89)) - containers with one replica threshold count 0
2023-03-09 10:15:51,518 [Time-limited test] INFO  safemode.HealthyPipelineSafeModeRule (HealthyPipelineSafeModeRule.java:initializeRule(169)) - Total pipeline count is 0, healthy pipeline threshold count is 1
2023-03-09 10:15:51,520 [Time-limited test] INFO  safemode.OneReplicaPipelineSafeModeRule (OneReplicaPipelineSafeModeRule.java:initializeRule(180)) - Total pipeline count is 0, pipeline's with at least one datanode reported threshold count is 0
2023-03-09 10:15:51,531 [Time-limited test] INFO  server.StorageContainerManager (StorageContainerManager.java:<init>(392)) - SCM start with adminUsers: [om]
2023-03-09 10:15:51,786 [Time-limited test] INFO  audit.AuditLogger (AuditLogger.java:refreshDebugCmdSet(126)) - Refresh DebugCmdSet for SCMAudit to [].
2023-03-09 10:15:51,816 [Time-limited test] INFO  ipc.CallQueueManager (CallQueueManager.java:<init>(90)) - Using callQueue: class java.util.concurrent.LinkedBlockingQueue, queueCapacity: 2000, scheduler: class org.apache.hadoop.ipc.DefaultRpcScheduler, ipcBackoff: false.
2023-03-09 10:15:51,854 [Socket Reader #1 for port 0] INFO  ipc.Server (Server.java:run(1273)) - Starting Socket Reader #1 for port 0
2023-03-09 10:15:51,919 [Listener at 0.0.0.0/33427] INFO  audit.AuditLogger (AuditLogger.java:refreshDebugCmdSet(126)) - Refresh DebugCmdSet for SCMAudit to [].
2023-03-09 10:15:51,925 [Listener at 0.0.0.0/33427] INFO  ipc.CallQueueManager (CallQueueManager.java:<init>(90)) - Using callQueue: class java.util.concurrent.LinkedBlockingQueue, queueCapacity: 2000, scheduler: class org.apache.hadoop.ipc.DefaultRpcScheduler, ipcBackoff: false.
2023-03-09 10:15:51,926 [Socket Reader #1 for port 0] INFO  ipc.Server (Server.java:run(1273)) - Starting Socket Reader #1 for port 0
2023-03-09 10:15:51,957 [Listener at 0.0.0.0/43855] INFO  audit.AuditLogger (AuditLogger.java:refreshDebugCmdSet(126)) - Refresh DebugCmdSet for SCMAudit to [].
2023-03-09 10:15:51,979 [Listener at 0.0.0.0/43855] INFO  ipc.CallQueueManager (CallQueueManager.java:<init>(90)) - Using callQueue: class java.util.concurrent.LinkedBlockingQueue, queueCapacity: 2000, scheduler: class org.apache.hadoop.ipc.DefaultRpcScheduler, ipcBackoff: false.
2023-03-09 10:15:51,982 [Socket Reader #1 for port 0] INFO  ipc.Server (Server.java:run(1273)) - Starting Socket Reader #1 for port 0
2023-03-09 10:15:52,075 [Listener at 0.0.0.0/46067] INFO  ha.SCMServiceManager (SCMServiceManager.java:register(42)) - Registering service ContainerBalancer.
2023-03-09 10:15:52,076 [Listener at 0.0.0.0/46067] INFO  server.StorageContainerManager (StorageContainerManager.java:<init>(407)) - 
Container Balancer status:
Key                            Value
Running                        true
Container Balancer Configuration values:
Key                                                Value
Threshold                                          10
Max Datanodes to Involve per Iteration(percent)    20
Max Size to Move per Iteration                     500GB
Max Size Entering Target per Iteration             26GB
Max Size Leaving Source per Iteration              26GB

2023-03-09 10:15:52,077 [Listener at 0.0.0.0/46067] INFO  ha.SCMContext (SCMContext.java:updateSafeModeStatus(228)) - Update SafeModeStatus from SafeModeStatus{safeModeStatus=true, preCheckPassed=false} to SafeModeStatus{safeModeStatus=true, preCheckPassed=false}.
2023-03-09 10:15:52,082 [Listener at 0.0.0.0/46067] INFO  server.StorageContainerManager (StorageContainerManager.java:start(1437)) - StorageContainerLocationProtocol RPC server is listening at /0.0.0.0:46067
2023-03-09 10:15:52,143 [Listener at 0.0.0.0/46067] WARN  impl.MetricsConfig (MetricsConfig.java:loadFirst(136)) - Cannot locate configuration: tried hadoop-metrics2-storagecontainermanager.properties,hadoop-metrics2.properties
2023-03-09 10:15:52,158 [Listener at 0.0.0.0/46067] INFO  impl.MetricsSystemImpl (MetricsSystemImpl.java:startTimer(378)) - Scheduled Metric snapshot period at 10 second(s).
2023-03-09 10:15:52,159 [Listener at 0.0.0.0/46067] INFO  impl.MetricsSystemImpl (MetricsSystemImpl.java:start(191)) - StorageContainerManager metrics system started
2023-03-09 10:15:52,398 [Listener at 0.0.0.0/46067] INFO  server.SCMClientProtocolServer (SCMClientProtocolServer.java:start(194)) - RPC server for Client  is listening at /0.0.0.0:46067
2023-03-09 10:15:52,399 [IPC Server Responder] INFO  ipc.Server (Server.java:run(1512)) - IPC Server Responder: starting
2023-03-09 10:15:52,401 [IPC Server listener on 0] INFO  ipc.Server (Server.java:run(1352)) - IPC Server listener on 0: starting
2023-03-09 10:15:52,404 [Listener at 0.0.0.0/46067] INFO  server.StorageContainerManager (StorageContainerManager.java:start(1451)) - ScmBlockLocationProtocol RPC server is listening at /0.0.0.0:43855
2023-03-09 10:15:52,405 [Listener at 0.0.0.0/46067] INFO  server.SCMBlockProtocolServer (SCMBlockProtocolServer.java:start(152)) - RPC server for Block Protocol is listening at /0.0.0.0:43855
2023-03-09 10:15:52,405 [IPC Server Responder] INFO  ipc.Server (Server.java:run(1512)) - IPC Server Responder: starting
2023-03-09 10:15:52,405 [IPC Server listener on 0] INFO  ipc.Server (Server.java:run(1352)) - IPC Server listener on 0: starting
2023-03-09 10:15:52,409 [Listener at 0.0.0.0/46067] INFO  server.SCMDatanodeProtocolServer (SCMDatanodeProtocolServer.java:start(193)) - ScmDatanodeProtocol RPC server for DataNodes is listening at /0.0.0.0:33427
2023-03-09 10:15:52,410 [IPC Server Responder] INFO  ipc.Server (Server.java:run(1512)) - IPC Server Responder: starting
2023-03-09 10:15:52,410 [IPC Server listener on 0] INFO  ipc.Server (Server.java:run(1352)) - IPC Server listener on 0: starting
2023-03-09 10:15:52,427 [org.apache.hadoop.util.JvmPauseMonitor$Monitor@6d1f753a] INFO  util.JvmPauseMonitor (JvmPauseMonitor.java:run(188)) - Starting JVM pause monitor
2023-03-09 10:15:52,432 [Listener at 0.0.0.0/46067] INFO  http.BaseHttpServer (BaseHttpServer.java:newHttpServer2BuilderForOzone(224)) - Starting Web-server for scm at: http://0.0.0.0:0
2023-03-09 10:15:52,432 [Listener at 0.0.0.0/46067] INFO  http.BaseHttpServer (BaseHttpServer.java:<init>(111)) - Hadoop Security Enabled: false Ozone Security Enabled: false Ozone HTTP Security Enabled: false 
2023-03-09 10:15:52,456 [Listener at 0.0.0.0/46067] INFO  util.log (Log.java:initialized(170)) - Logging initialized @4064ms to org.eclipse.jetty.util.log.Slf4jLog
2023-03-09 10:15:52,545 [Listener at 0.0.0.0/46067] WARN  server.AuthenticationFilter (AuthenticationFilter.java:constructSecretProvider(240)) - Unable to initialize FileSignerSecretProvider, falling back to use random secrets. Reason: Could not read signature secret file: /home/runner/hadoop-http-auth-signature-secret
2023-03-09 10:15:52,552 [Listener at 0.0.0.0/46067] WARN  http.HttpRequestLog (HttpRequestLog.java:getRequestLog(103)) - Jetty request log can only be enabled using Log4j
2023-03-09 10:15:52,558 [Listener at 0.0.0.0/46067] INFO  http.HttpServer2 (HttpServer2.java:addGlobalFilter(1031)) - Added global filter 'safety' (class=org.apache.hadoop.hdds.server.http.HttpServer2$QuotingInputFilter)
2023-03-09 10:15:52,560 [Listener at 0.0.0.0/46067] INFO  http.HttpServer2 (HttpServer2.java:addFilter(1007)) - Added filter static_user_filter (class=org.apache.hadoop.http.lib.StaticUserWebFilter$StaticUserFilter) to context scm
2023-03-09 10:15:52,561 [Listener at 0.0.0.0/46067] INFO  http.HttpServer2 (HttpServer2.java:addFilter(1015)) - Added filter static_user_filter (class=org.apache.hadoop.http.lib.StaticUserWebFilter$StaticUserFilter) to context logs
2023-03-09 10:15:52,561 [Listener at 0.0.0.0/46067] INFO  http.HttpServer2 (HttpServer2.java:addFilter(1015)) - Added filter static_user_filter (class=org.apache.hadoop.http.lib.StaticUserWebFilter$StaticUserFilter) to context static
2023-03-09 10:15:52,596 [Listener at 0.0.0.0/46067] INFO  http.BaseHttpServer (BaseHttpServer.java:<init>(190)) - HTTP server of scm uses base directory /home/runner/work/ozone/ozone/hadoop-ozone/integration-test/target/test-dir/MiniOzoneClusterImpl-5f16ed77-7c5c-4847-9cc1-45aa7644631b/ozone-meta/webserver
2023-03-09 10:15:52,597 [Listener at 0.0.0.0/46067] INFO  http.HttpServer2 (HttpServer2.java:bindListener(1250)) - Jetty bound to port 39567
2023-03-09 10:15:52,598 [Listener at 0.0.0.0/46067] INFO  server.Server (Server.java:doStart(375)) - jetty-9.4.49.v20220914; built: 2022-09-14T01:07:36.601Z; git: 4231a3b2e4cb8548a412a789936d640a97b1aa0a; jvm 1.8.0_362-b09
2023-03-09 10:15:52,628 [Listener at 0.0.0.0/46067] INFO  server.session (DefaultSessionIdManager.java:doStart(334)) - DefaultSessionIdManager workerName=node0
2023-03-09 10:15:52,628 [Listener at 0.0.0.0/46067] INFO  server.session (DefaultSessionIdManager.java:doStart(339)) - No SessionScavenger set, using defaults
2023-03-09 10:15:52,629 [Listener at 0.0.0.0/46067] INFO  server.session (HouseKeeper.java:startScavenging(132)) - node0 Scavenging every 600000ms
2023-03-09 10:15:52,644 [Listener at 0.0.0.0/46067] INFO  handler.ContextHandler (ContextHandler.java:doStart(921)) - Started o.e.j.s.ServletContextHandler@69da4edb{logs,/logs,file:///home/runner/work/ozone/ozone/hadoop-ozone/integration-test/target/log,AVAILABLE}
2023-03-09 10:15:52,645 [Listener at 0.0.0.0/46067] INFO  handler.ContextHandler (ContextHandler.java:doStart(921)) - Started o.e.j.s.ServletContextHandler@74773c2c{static,/static,file:///home/runner/work/ozone/ozone/hadoop-ozone/integration-test/target/test-classes/webapps/static,AVAILABLE}
2023-03-09 10:15:52,697 [Listener at 0.0.0.0/46067] INFO  handler.ContextHandler (ContextHandler.java:doStart(921)) - Started o.e.j.w.WebAppContext@2f93f925{scm,/,file:///home/runner/work/ozone/ozone/hadoop-ozone/integration-test/target/test-classes/webapps/scm/,AVAILABLE}{file:/home/runner/work/ozone/ozone/hadoop-ozone/integration-test/target/test-classes/webapps/scm}
2023-03-09 10:15:52,705 [Listener at 0.0.0.0/46067] INFO  server.AbstractConnector (AbstractConnector.java:doStart(333)) - Started ServerConnector@4cce776f{HTTP/1.1, (http/1.1)}{0.0.0.0:39567}
2023-03-09 10:15:52,705 [Listener at 0.0.0.0/46067] INFO  server.Server (Server.java:doStart(415)) - Started @4314ms
2023-03-09 10:15:52,709 [Listener at 0.0.0.0/46067] INFO  impl.MetricsSinkAdapter (MetricsSinkAdapter.java:start(204)) - Sink prometheus started
2023-03-09 10:15:52,709 [Listener at 0.0.0.0/46067] INFO  impl.MetricsSystemImpl (MetricsSystemImpl.java:registerSink(305)) - Registered sink prometheus
2023-03-09 10:15:52,710 [Listener at 0.0.0.0/46067] INFO  http.BaseHttpServer (BaseHttpServer.java:updateConnectorAddress(344)) - HTTP server of scm listening at http://0.0.0.0:39567
2023-03-09 10:15:52,712 [Listener at 0.0.0.0/46067] WARN  server.ServerUtils (ServerUtils.java:getDBPath(225)) - ozone.om.db.dirs is not configured. We recommend adding this setting. Falling back to ozone.metadata.dirs instead.
2023-03-09 10:15:52,773 [Listener at 0.0.0.0/46067] INFO  audit.AuditLogger (AuditLogger.java:refreshDebugCmdSet(126)) - Refresh DebugCmdSet for OMAudit to [].
2023-03-09 10:15:52,848 [Listener at 0.0.0.0/46067] INFO  ha.OMHANodeDetails (OMHANodeDetails.java:loadOMHAConfig(115)) - ozone.om.internal.service.id is not defined, falling back to ozone.om.service.ids to find serviceID for OzoneManager if it is HA enabled cluster
2023-03-09 10:15:52,852 [Listener at 0.0.0.0/46067] INFO  ha.OMHANodeDetails (OMHANodeDetails.java:loadOMHAConfig(226)) - Configuration does not have ozone.om.address set. Falling back to the default OM address /127.0.0.1:0
2023-03-09 10:15:52,852 [Listener at 0.0.0.0/46067] INFO  ha.OMHANodeDetails (OMHANodeDetails.java:getOMNodeDetailsForNonHA(254)) - OM Service ID is not set. Setting it to the default ID: omServiceIdDefault
2023-03-09 10:15:52,852 [Listener at 0.0.0.0/46067] INFO  ha.OMHANodeDetails (OMHANodeDetails.java:getOMNodeDetailsForNonHA(261)) - OM Node ID is not set. Setting it to the default ID: om1
2023-03-09 10:15:52,857 [Listener at 0.0.0.0/46067] WARN  server.ServerUtils (ServerUtils.java:getDBPath(225)) - ozone.om.db.dirs is not configured. We recommend adding this setting. Falling back to ozone.metadata.dirs instead.
2023-03-09 10:15:52,859 [Listener at 0.0.0.0/46067] INFO  upgrade.AbstractLayoutVersionManager (AbstractLayoutVersionManager.java:init(83)) - Initializing Layout version manager with metadata layout = MULTITENANCY_SCHEMA (version = 3), software layout = MULTITENANCY_SCHEMA (version = 3)
2023-03-09 10:15:52,937 [Listener at 0.0.0.0/46067] INFO  reflections.Reflections (Reflections.java:scan(232)) - Reflections took 73 ms to scan 2 urls, producing 167 keys and 459 values [using 2 cores]
2023-03-09 10:15:52,945 [Listener at 0.0.0.0/46067] INFO  upgrade.OMLayoutVersionManager (OMLayoutVersionManager.java:lambda$0(115)) - Skipping Upgrade Action MockOmUpgradeAction since it has been finalized.
2023-03-09 10:15:52,946 [Listener at 0.0.0.0/46067] WARN  server.ServerUtils (ServerUtils.java:getDBPath(225)) - ozone.om.db.dirs is not configured. We recommend adding this setting. Falling back to ozone.metadata.dirs instead.
2023-03-09 10:15:53,105 [Listener at 0.0.0.0/46067] INFO  proxy.SCMBlockLocationFailoverProxyProvider (SCMBlockLocationFailoverProxyProvider.java:<init>(114)) - Created block location fail-over proxy with 1 nodes: [nodeId=scmNodeId,nodeAddress=/0.0.0.0:43855]
2023-03-09 10:15:53,138 [Listener at 0.0.0.0/46067] INFO  proxy.SCMBlockLocationFailoverProxyProvider (SCMBlockLocationFailoverProxyProvider.java:<init>(114)) - Created block location fail-over proxy with 1 nodes: [nodeId=scmNodeId,nodeAddress=/0.0.0.0:43855]
2023-03-09 10:15:53,314 [Listener at 0.0.0.0/46067] INFO  om.OzoneManager (OzoneManager.java:<init>(619)) - OM start with adminUsers: [om]
2023-03-09 10:15:53,324 [Listener at 0.0.0.0/46067] WARN  server.ServerUtils (ServerUtils.java:getDBPath(225)) - ozone.om.db.dirs is not configured. We recommend adding this setting. Falling back to ozone.metadata.dirs instead.
2023-03-09 10:15:53,329 [Listener at 0.0.0.0/46067] INFO  codec.OmKeyInfoCodec (OmKeyInfoCodec.java:<init>(49)) - OmKeyInfoCodec ignorePipeline = true
2023-03-09 10:15:53,331 [Listener at 0.0.0.0/46067] INFO  codec.RepeatedOmKeyInfoCodec (RepeatedOmKeyInfoCodec.java:<init>(41)) - RepeatedOmKeyInfoCodec ignorePipeline = true
2023-03-09 10:15:53,538 [Listener at 0.0.0.0/46067] INFO  om.OzoneManager (OzoneManager.java:instantiateServices(749)) - S3 Multi-Tenancy is disabled
2023-03-09 10:15:53,565 [Listener at 0.0.0.0/46067] WARN  server.ServerUtils (ServerUtils.java:getDBPath(225)) - ozone.om.snapshot.diff.db.dir is not configured. We recommend adding this setting. Falling back to ozone.metadata.dirs instead.
2023-03-09 10:15:53,614 [Listener at 0.0.0.0/46067] INFO  om.OzoneManager (OzoneManager.java:addS3GVolumeToDB(4217)) - Created Volume s3v With Owner om required for S3Gateway operations.
2023-03-09 10:15:53,672 [Listener at 0.0.0.0/46067] WARN  server.ServerUtils (ServerUtils.java:getDefaultRatisDirectory(237)) - Storage directory for Ratis is not configured. It is a good idea to map this to an SSD disk. Falling back to ozone.metadata.dirs
2023-03-09 10:15:53,673 [Listener at 0.0.0.0/46067] WARN  utils.OzoneManagerRatisUtils (OzoneManagerRatisUtils.java:getOMRatisSnapshotDirectory(436)) - ozone.om.ratis.snapshot.dir is not configured. Falling back to ozone.metadata.dirs config
2023-03-09 10:15:53,691 [Listener at 0.0.0.0/46067] WARN  server.ServerUtils (ServerUtils.java:getDefaultRatisDirectory(237)) - Storage directory for Ratis is not configured. It is a good idea to map this to an SSD disk. Falling back to ozone.metadata.dirs
2023-03-09 10:15:53,727 [Listener at 0.0.0.0/46067] INFO  ratis.OzoneManagerRatisServer (OzoneManagerRatisServer.java:<init>(164)) - Instantiating OM Ratis server with groupID: omServiceIdDefault and peers: localhost:9872
2023-03-09 10:15:53,735 [Listener at 0.0.0.0/46067] INFO  ratis.OzoneManagerStateMachine (OzoneManagerStateMachine.java:loadSnapshotInfoFromDB(636)) - LastAppliedIndex is set from TransactionInfo from OM DB as (t:0, i:~)
2023-03-09 10:15:53,788 [Listener at 0.0.0.0/46067] INFO  server.RaftServer (ConfUtils.java:logGet(46)) - raft.rpc.type = GRPC (default)
2023-03-09 10:15:53,856 [Listener at 0.0.0.0/46067] INFO  grpc.GrpcConfigKeys (ConfUtils.java:logFallback(53)) - raft.grpc.admin.host = null (fallback to raft.grpc.server.host)
2023-03-09 10:15:53,858 [Listener at 0.0.0.0/46067] INFO  grpc.GrpcConfigKeys (ConfUtils.java:logFallback(53)) - raft.grpc.admin.port = 9872 (fallback to raft.grpc.server.port)
2023-03-09 10:15:53,859 [Listener at 0.0.0.0/46067] INFO  grpc.GrpcConfigKeys (ConfUtils.java:logFallback(53)) - raft.grpc.client.host = null (fallback to raft.grpc.server.host)
2023-03-09 10:15:53,860 [Listener at 0.0.0.0/46067] INFO  grpc.GrpcConfigKeys (ConfUtils.java:logFallback(53)) - raft.grpc.client.port = 9872 (fallback to raft.grpc.server.port)
2023-03-09 10:15:53,860 [Listener at 0.0.0.0/46067] INFO  grpc.GrpcConfigKeys (ConfUtils.java:logGet(46)) - raft.grpc.server.host = null (default)
2023-03-09 10:15:53,860 [Listener at 0.0.0.0/46067] INFO  grpc.GrpcConfigKeys (ConfUtils.java:logGet(46)) - raft.grpc.server.port = 9872 (custom)
2023-03-09 10:15:53,861 [Listener at 0.0.0.0/46067] INFO  server.GrpcService (ConfUtils.java:logGet(46)) - raft.grpc.message.size.max = 33554432 (custom)
2023-03-09 10:15:53,863 [Listener at 0.0.0.0/46067] INFO  server.RaftServerConfigKeys (ConfUtils.java:logGet(46)) - raft.server.log.appender.buffer.byte-limit = 33554432 (custom)
2023-03-09 10:15:53,865 [Listener at 0.0.0.0/46067] INFO  server.GrpcService (ConfUtils.java:logGet(46)) - raft.grpc.flow.control.window = 1MB (=1048576) (default)
2023-03-09 10:15:53,866 [Listener at 0.0.0.0/46067] INFO  server.RaftServerConfigKeys (ConfUtils.java:logGet(46)) - raft.server.rpc.request.timeout = 3000ms (default)
2023-03-09 10:15:53,877 [Listener at 0.0.0.0/46067] INFO  grpc.GrpcConfigKeys (ConfUtils.java:logGet(46)) - raft.grpc.server.heartbeat.channel = true (default)
2023-03-09 10:15:53,879 [Listener at 0.0.0.0/46067] INFO  grpc.GrpcConfigKeys (ConfUtils.java:logGet(46)) - raft.grpc.server.async.request.thread.pool.cached = true (default)
2023-03-09 10:15:53,880 [Listener at 0.0.0.0/46067] INFO  grpc.GrpcConfigKeys (ConfUtils.java:logGet(46)) - raft.grpc.server.async.request.thread.pool.size = 32 (default)
2023-03-09 10:15:54,091 [Listener at 0.0.0.0/46067] INFO  impl.DataStreamServerImpl (ConfUtils.java:logGet(46)) - raft.datastream.type = DISABLED (default)
2023-03-09 10:15:54,097 [Listener at 0.0.0.0/46067] INFO  server.RaftServerConfigKeys (ConfUtils.java:logGet(46)) - raft.server.threadpool.proxy.cached = true (default)
2023-03-09 10:15:54,098 [Listener at 0.0.0.0/46067] INFO  server.RaftServerConfigKeys (ConfUtils.java:logGet(46)) - raft.server.threadpool.proxy.size = 0 (default)
2023-03-09 10:15:54,098 [Listener at 0.0.0.0/46067] INFO  server.RaftServerConfigKeys (ConfUtils.java:logGet(46)) - raft.server.rpc.slowness.timeout = 120s (custom)
2023-03-09 10:15:54,099 [Listener at 0.0.0.0/46067] INFO  server.RaftServerConfigKeys (ConfUtils.java:logGet(46)) - raft.server.leaderelection.leader.step-down.wait-time = 10s (default)
2023-03-09 10:15:54,102 [Listener at 0.0.0.0/46067] INFO  server.RaftServerConfigKeys (ConfUtils.java:logGet(46)) - raft.server.storage.dir = [/home/runner/work/ozone/ozone/hadoop-ozone/integration-test/target/test-dir/MiniOzoneClusterImpl-5f16ed77-7c5c-4847-9cc1-45aa7644631b/ozone-meta/ratis] (custom)
2023-03-09 10:15:54,119 [Listener at 0.0.0.0/46067] INFO  server.RaftServer (RaftServerProxy.java:addNew(96)) - om1: addNew group-C5BA1605619E:[om1|rpc:localhost:9872|priority:0|startupRole:FOLLOWER] returns group-C5BA1605619E:java.util.concurrent.CompletableFuture@2227bc95[Not completed]
2023-03-09 10:15:54,119 [Listener at 0.0.0.0/46067] INFO  om.OzoneManager (OzoneManager.java:initializeRatisServer(2096)) - OzoneManager Ratis server initialized at port 9872
2023-03-09 10:15:54,121 [Listener at 0.0.0.0/46067] INFO  om.OzoneManager (OzoneManager.java:getRpcServer(1132)) - Creating RPC Server
2023-03-09 10:15:54,144 [pool-57-thread-1] INFO  server.RaftServer$Division (RaftServerImpl.java:<init>(195)) - om1: new RaftServerImpl for group-C5BA1605619E:[om1|rpc:localhost:9872|priority:0|startupRole:FOLLOWER] with OzoneManagerStateMachine:uninitialized
2023-03-09 10:15:54,146 [pool-57-thread-1] INFO  server.RaftServerConfigKeys (ConfUtils.java:logGet(46)) - raft.server.rpc.timeout.min = 1s (custom)
2023-03-09 10:15:54,146 [pool-57-thread-1] INFO  server.RaftServerConfigKeys (ConfUtils.java:logGet(46)) - raft.server.rpc.timeout.max = 1200ms (custom)
2023-03-09 10:15:54,146 [pool-57-thread-1] INFO  server.RaftServerConfigKeys (ConfUtils.java:logGet(46)) - raft.server.rpc.sleep.time = 25ms (default)
2023-03-09 10:15:54,146 [pool-57-thread-1] INFO  server.RaftServerConfigKeys (ConfUtils.java:logGet(46)) - raft.server.rpc.slowness.timeout = 120s (custom)
2023-03-09 10:15:54,146 [pool-57-thread-1] INFO  server.RaftServerConfigKeys (ConfUtils.java:logGet(46)) - raft.server.leaderelection.leader.step-down.wait-time = 10s (default)
2023-03-09 10:15:54,146 [pool-57-thread-1] INFO  server.RaftServerConfigKeys (ConfUtils.java:logGet(46)) - raft.server.sleep.deviation.threshold = 300ms (default)
2023-03-09 10:15:54,156 [pool-57-thread-1] INFO  server.RaftServer$Division (ServerState.java:<init>(118)) - om1@group-C5BA1605619E: ConfigurationManager, init=-1: peers:[om1|rpc:localhost:9872|priority:0|startupRole:FOLLOWER]|listeners:[], old=null, confs=<EMPTY_MAP>
2023-03-09 10:15:54,156 [pool-57-thread-1] INFO  server.RaftServerConfigKeys (ConfUtils.java:logGet(46)) - raft.server.storage.dir = [/home/runner/work/ozone/ozone/hadoop-ozone/integration-test/target/test-dir/MiniOzoneClusterImpl-5f16ed77-7c5c-4847-9cc1-45aa7644631b/ozone-meta/ratis] (custom)
2023-03-09 10:15:54,161 [pool-57-thread-1] INFO  server.RaftServerConfigKeys (ConfUtils.java:logGet(46)) - raft.server.log.corruption.policy = EXCEPTION (default)
2023-03-09 10:15:54,162 [pool-57-thread-1] INFO  server.RaftServerConfigKeys (ConfUtils.java:logGet(46)) - raft.server.storage.free-space.min = 0MB (=0) (default)
2023-03-09 10:15:54,169 [pool-57-thread-1] INFO  server.RaftServerConfigKeys (ConfUtils.java:logGet(46)) - raft.server.notification.no-leader.timeout = 120s (custom)
2023-03-09 10:15:54,171 [pool-57-thread-1] INFO  server.RaftServerConfigKeys (ConfUtils.java:logGet(46)) - raft.server.retrycache.expirytime = 300s (custom)
2023-03-09 10:15:54,171 [pool-57-thread-1] INFO  server.RaftServerConfigKeys (ConfUtils.java:logGet(46)) - raft.server.retrycache.statistics.expirytime = 100μs (default)
2023-03-09 10:15:54,264 [pool-57-thread-1] INFO  server.RaftServerConfigKeys (ConfUtils.java:logGet(46)) - raft.server.log.appender.install.snapshot.enabled = false (custom)
2023-03-09 10:15:54,265 [pool-57-thread-1] INFO  server.RaftServerConfigKeys (ConfUtils.java:logGet(46)) - raft.server.threadpool.server.cached = true (default)
2023-03-09 10:15:54,265 [pool-57-thread-1] INFO  server.RaftServerConfigKeys (ConfUtils.java:logGet(46)) - raft.server.threadpool.server.size = 0 (default)
2023-03-09 10:15:54,266 [pool-57-thread-1] INFO  server.RaftServerConfigKeys (ConfUtils.java:logGet(46)) - raft.server.threadpool.client.cached = true (default)
2023-03-09 10:15:54,266 [pool-57-thread-1] INFO  server.RaftServerConfigKeys (ConfUtils.java:logGet(46)) - raft.server.threadpool.client.size = 0 (default)
2023-03-09 10:15:54,853 [Listener at 0.0.0.0/46067] INFO  reflections.Reflections (Reflections.java:scan(232)) - Reflections took 662 ms to scan 19 urls, producing 68 keys and 4914 values [using 2 cores]
2023-03-09 10:15:55,163 [Listener at 0.0.0.0/46067] INFO  ipc.CallQueueManager (CallQueueManager.java:<init>(90)) - Using callQueue: class java.util.concurrent.LinkedBlockingQueue, queueCapacity: 2000, scheduler: class org.apache.hadoop.ipc.DefaultRpcScheduler, ipcBackoff: false.
2023-03-09 10:15:55,164 [Socket Reader #1 for port 0] INFO  ipc.Server (Server.java:run(1273)) - Starting Socket Reader #1 for port 0
2023-03-09 10:15:55,192 [Listener at 127.0.0.1/46781] INFO  impl.MetricsSystemImpl (MetricsSystemImpl.java:init(158)) - OzoneManager metrics system started (again)
2023-03-09 10:15:55,205 [Listener at 127.0.0.1/46781] INFO  om.OzoneManager (OzoneManager.java:start(1553)) - OzoneManager RPC server is listening at localhost/127.0.0.1:46781
2023-03-09 10:15:55,205 [Listener at 127.0.0.1/46781] INFO  ratis.OzoneManagerRatisServer (OzoneManagerRatisServer.java:start(559)) - Starting OzoneManagerRatisServer om1 at port 9872
2023-03-09 10:15:55,208 [om1-impl-thread1] INFO  storage.RaftStorageDirectory (RaftStorageDirectoryImpl.java:analyzeStorage(137)) - The storage directory /home/runner/work/ozone/ozone/hadoop-ozone/integration-test/target/test-dir/MiniOzoneClusterImpl-5f16ed77-7c5c-4847-9cc1-45aa7644631b/ozone-meta/ratis/bf265839-605b-3f16-9796-c5ba1605619e does not exist. Creating ...
2023-03-09 10:15:55,212 [om1-impl-thread1] INFO  storage.RaftStorageDirectory (RaftStorageDirectoryImpl.java:tryLock(231)) - Lock on /home/runner/work/ozone/ozone/hadoop-ozone/integration-test/target/test-dir/MiniOzoneClusterImpl-5f16ed77-7c5c-4847-9cc1-45aa7644631b/ozone-meta/ratis/bf265839-605b-3f16-9796-c5ba1605619e/in_use.lock acquired by nodename 3065@fv-az200-252
2023-03-09 10:15:55,217 [om1-impl-thread1] INFO  storage.RaftStorage (RaftStorageImpl.java:format(96)) - Storage directory /home/runner/work/ozone/ozone/hadoop-ozone/integration-test/target/test-dir/MiniOzoneClusterImpl-5f16ed77-7c5c-4847-9cc1-45aa7644631b/ozone-meta/ratis/bf265839-605b-3f16-9796-c5ba1605619e has been successfully formatted.
2023-03-09 10:15:55,220 [om1-impl-thread1] INFO  server.RaftServerConfigKeys (ConfUtils.java:logGet(46)) - raft.server.log.use.memory = false (default)
2023-03-09 10:15:55,226 [om1-impl-thread1] INFO  server.RaftServerConfigKeys (ConfUtils.java:logGet(46)) - raft.server.log.purge.gap = 1000000 (custom)
2023-03-09 10:15:55,226 [om1-impl-thread1] INFO  server.RaftServerConfigKeys (ConfUtils.java:logGet(46)) - raft.server.log.appender.buffer.byte-limit = 33554432 (custom)
2023-03-09 10:15:55,228 [om1-impl-thread1] INFO  server.RaftServerConfigKeys (ConfUtils.java:logGet(46)) - raft.server.log.statemachine.data.read.timeout = 1000ms (default)
2023-03-09 10:15:55,228 [om1-impl-thread1] INFO  server.RaftServerConfigKeys (ConfUtils.java:logGet(46)) - raft.server.log.purge.preservation.log.num = 0 (default)
2023-03-09 10:15:55,231 [om1-impl-thread1] INFO  server.RaftServerConfigKeys (ConfUtils.java:logGet(46)) - raft.server.log.segment.size.max = 4194304 (custom)
2023-03-09 10:15:55,236 [om1-impl-thread1] INFO  server.RaftServerConfigKeys (ConfUtils.java:logGet(46)) - raft.server.log.segment.cache.num.max = 2 (custom)
2023-03-09 10:15:55,236 [om1-impl-thread1] INFO  server.RaftServerConfigKeys (ConfUtils.java:logGet(46)) - raft.server.log.segment.cache.size.max = 200MB (=209715200) (default)
2023-03-09 10:15:55,241 [om1-impl-thread1] INFO  segmented.SegmentedRaftLogWorker (SegmentedRaftLogWorker.java:<init>(189)) - new om1@group-C5BA1605619E-SegmentedRaftLogWorker for RaftStorageImpl:Storage Directory /home/runner/work/ozone/ozone/hadoop-ozone/integration-test/target/test-dir/MiniOzoneClusterImpl-5f16ed77-7c5c-4847-9cc1-45aa7644631b/ozone-meta/ratis/bf265839-605b-3f16-9796-c5ba1605619e
2023-03-09 10:15:55,242 [om1-impl-thread1] INFO  server.RaftServerConfigKeys (ConfUtils.java:logGet(46)) - raft.server.log.queue.byte-limit = 64MB (=67108864) (default)
2023-03-09 10:15:55,243 [om1-impl-thread1] INFO  server.RaftServerConfigKeys (ConfUtils.java:logGet(46)) - raft.server.log.queue.element-limit = 4096 (default)
2023-03-09 10:15:55,245 [om1-impl-thread1] INFO  server.RaftServerConfigKeys (ConfUtils.java:logGet(46)) - raft.server.log.segment.size.max = 4194304 (custom)
2023-03-09 10:15:55,246 [om1-impl-thread1] INFO  server.RaftServerConfigKeys (ConfUtils.java:logGet(46)) - raft.server.log.preallocated.size = 4194304 (custom)
2023-03-09 10:15:55,246 [om1-impl-thread1] INFO  server.RaftServerConfigKeys (ConfUtils.java:logGet(46)) - raft.server.log.force.sync.num = 128 (default)
2023-03-09 10:15:55,247 [om1-impl-thread1] INFO  server.RaftServerConfigKeys (ConfUtils.java:logGet(46)) - raft.server.log.statemachine.data.sync = true (default)
2023-03-09 10:15:55,247 [om1-impl-thread1] INFO  server.RaftServerConfigKeys (ConfUtils.java:logGet(46)) - raft.server.log.statemachine.data.sync.timeout = 10s (default)
2023-03-09 10:15:55,247 [om1-impl-thread1] INFO  server.RaftServerConfigKeys (ConfUtils.java:logGet(46)) - raft.server.log.statemachine.data.sync.timeout.retry = -1 (default)
2023-03-09 10:15:55,255 [om1-impl-thread1] INFO  server.RaftServerConfigKeys (ConfUtils.java:logGet(46)) - raft.server.log.write.buffer.size = 64KB (=65536) (default)
2023-03-09 10:15:55,255 [om1-impl-thread1] INFO  server.RaftServerConfigKeys (ConfUtils.java:logGet(46)) - raft.server.log.appender.buffer.byte-limit = 33554432 (custom)
2023-03-09 10:15:55,260 [om1-impl-thread1] INFO  server.RaftServerConfigKeys (ConfUtils.java:logGet(46)) - raft.server.log.unsafe-flush.enabled = false (default)
2023-03-09 10:15:55,261 [om1-impl-thread1] INFO  server.RaftServerConfigKeys (ConfUtils.java:logGet(46)) - raft.server.log.async-flush.enabled = false (default)
2023-03-09 10:15:55,261 [om1-impl-thread1] INFO  server.RaftServerConfigKeys (ConfUtils.java:logGet(46)) - raft.server.log.statemachine.data.caching.enabled = false (default)
2023-03-09 10:15:55,268 [om1-impl-thread1] INFO  segmented.SegmentedRaftLogWorker (SegmentedRaftLogWorker.java:lambda$new$0(135)) - om1@group-C5BA1605619E-SegmentedRaftLogWorker: flushIndex: setUnconditionally 0 -> -1
2023-03-09 10:15:55,268 [om1-impl-thread1] INFO  segmented.SegmentedRaftLogWorker (SegmentedRaftLogWorker.java:lambda$new$0(135)) - om1@group-C5BA1605619E-SegmentedRaftLogWorker: safeCacheEvictIndex: setUnconditionally 0 -> -1
2023-03-09 10:15:55,270 [om1-impl-thread1] INFO  server.RaftServer$Division (RaftServerImpl.java:start(334)) - om1@group-C5BA1605619E: start as a follower, conf=-1: peers:[om1|rpc:localhost:9872|priority:0|startupRole:FOLLOWER]|listeners:[], old=null
2023-03-09 10:15:55,270 [om1-impl-thread1] INFO  server.RaftServer$Division (RaftServerImpl.java:setRole(321)) - om1@group-C5BA1605619E: changes role from      null to FOLLOWER at term 0 for startAsFollower
2023-03-09 10:15:55,272 [om1-impl-thread1] INFO  impl.RoleInfo (RoleInfo.java:updateAndGet(139)) - om1: start om1@group-C5BA1605619E-FollowerState
2023-03-09 10:15:55,273 [om1-impl-thread1] INFO  util.JmxRegister (JmxRegister.java:tryRegister(44)) - Successfully registered JMX Bean with object name Ratis:service=RaftServer,group=group-C5BA1605619E,id=om1
2023-03-09 10:15:55,274 [om1-impl-thread1] INFO  server.RaftServerConfigKeys (ConfUtils.java:logGet(46)) - raft.server.snapshot.auto.trigger.enabled = true (custom)
2023-03-09 10:15:55,275 [om1-impl-thread1] INFO  server.RaftServerConfigKeys (ConfUtils.java:logGet(46)) - raft.server.snapshot.auto.trigger.threshold = 400000 (default)
2023-03-09 10:15:55,275 [om1-impl-thread1] INFO  server.RaftServerConfigKeys (ConfUtils.java:logGet(46)) - raft.server.snapshot.retention.file.num = -1 (default)
2023-03-09 10:15:55,276 [om1-impl-thread1] INFO  server.RaftServerConfigKeys (ConfUtils.java:logGet(46)) - raft.server.log.purge.upto.snapshot.index = true (custom)
2023-03-09 10:15:55,278 [om1@group-C5BA1605619E-FollowerState] INFO  server.RaftServerConfigKeys (ConfUtils.java:logFallback(53)) - raft.server.rpc.first-election.timeout.min = 1s (fallback to raft.server.rpc.timeout.min)
2023-03-09 10:15:55,278 [om1@group-C5BA1605619E-FollowerState] INFO  server.RaftServerConfigKeys (ConfUtils.java:logFallback(53)) - raft.server.rpc.first-election.timeout.max = 1200ms (fallback to raft.server.rpc.timeout.max)
2023-03-09 10:15:55,279 [Listener at 127.0.0.1/46781] INFO  server.RaftServer (RaftServerProxy.java:startImpl(393)) - om1: start RPC server
2023-03-09 10:15:55,321 [Listener at 127.0.0.1/46781] INFO  server.GrpcService (GrpcService.java:startImpl(262)) - om1: GrpcService started, listening on 9872
2023-03-09 10:15:55,323 [Listener at 127.0.0.1/46781] INFO  om.OzoneManager (OzoneManager.java:start(1569)) - Version File has different layout version (3) than OM DB (null). That is expected if this OM has never been finalized to a newer layout version.
2023-03-09 10:15:55,324 [JvmPauseMonitor0] INFO  util.JvmPauseMonitor (JvmPauseMonitor.java:run(105)) - JvmPauseMonitor-om1: Started
2023-03-09 10:15:55,342 [Listener at 127.0.0.1/46781] INFO  http.BaseHttpServer (BaseHttpServer.java:newHttpServer2BuilderForOzone(224)) - Starting Web-server for ozoneManager at: http://0.0.0.0:0
2023-03-09 10:15:55,343 [Listener at 127.0.0.1/46781] INFO  http.BaseHttpServer (BaseHttpServer.java:<init>(111)) - Hadoop Security Enabled: false Ozone Security Enabled: false Ozone HTTP Security Enabled: false 
2023-03-09 10:15:55,355 [Listener at 127.0.0.1/46781] WARN  server.AuthenticationFilter (AuthenticationFilter.java:constructSecretProvider(240)) - Unable to initialize FileSignerSecretProvider, falling back to use random secrets. Reason: Could not read signature secret file: /home/runner/hadoop-http-auth-signature-secret
2023-03-09 10:15:55,358 [Listener at 127.0.0.1/46781] WARN  http.HttpRequestLog (HttpRequestLog.java:getRequestLog(103)) - Jetty request log can only be enabled using Log4j
2023-03-09 10:15:55,360 [Listener at 127.0.0.1/46781] INFO  http.HttpServer2 (HttpServer2.java:addGlobalFilter(1031)) - Added global filter 'safety' (class=org.apache.hadoop.hdds.server.http.HttpServer2$QuotingInputFilter)
2023-03-09 10:15:55,361 [Listener at 127.0.0.1/46781] INFO  http.HttpServer2 (HttpServer2.java:addFilter(1007)) - Added filter static_user_filter (class=org.apache.hadoop.http.lib.StaticUserWebFilter$StaticUserFilter) to context ozoneManager
2023-03-09 10:15:55,361 [Listener at 127.0.0.1/46781] INFO  http.HttpServer2 (HttpServer2.java:addFilter(1015)) - Added filter static_user_filter (class=org.apache.hadoop.http.lib.StaticUserWebFilter$StaticUserFilter) to context logs
2023-03-09 10:15:55,361 [Listener at 127.0.0.1/46781] INFO  http.HttpServer2 (HttpServer2.java:addFilter(1015)) - Added filter static_user_filter (class=org.apache.hadoop.http.lib.StaticUserWebFilter$StaticUserFilter) to context static
2023-03-09 10:15:55,361 [Listener at 127.0.0.1/46781] INFO  http.BaseHttpServer (BaseHttpServer.java:<init>(190)) - HTTP server of ozoneManager uses base directory /home/runner/work/ozone/ozone/hadoop-ozone/integration-test/target/test-dir/MiniOzoneClusterImpl-5f16ed77-7c5c-4847-9cc1-45aa7644631b/ozone-meta/webserver
2023-03-09 10:15:55,365 [Listener at 127.0.0.1/46781] INFO  http.HttpServer2 (HttpServer2.java:bindListener(1250)) - Jetty bound to port 38569
2023-03-09 10:15:55,368 [Listener at 127.0.0.1/46781] INFO  server.Server (Server.java:doStart(375)) - jetty-9.4.49.v20220914; built: 2022-09-14T01:07:36.601Z; git: 4231a3b2e4cb8548a412a789936d640a97b1aa0a; jvm 1.8.0_362-b09
2023-03-09 10:15:55,404 [Listener at 127.0.0.1/46781] INFO  server.session (DefaultSessionIdManager.java:doStart(334)) - DefaultSessionIdManager workerName=node0
2023-03-09 10:15:55,405 [Listener at 127.0.0.1/46781] INFO  server.session (DefaultSessionIdManager.java:doStart(339)) - No SessionScavenger set, using defaults
2023-03-09 10:15:55,405 [Listener at 127.0.0.1/46781] INFO  server.session (HouseKeeper.java:startScavenging(132)) - node0 Scavenging every 600000ms
2023-03-09 10:15:55,408 [Listener at 127.0.0.1/46781] INFO  handler.ContextHandler (ContextHandler.java:doStart(921)) - Started o.e.j.s.ServletContextHandler@3503ee43{logs,/logs,file:///home/runner/work/ozone/ozone/hadoop-ozone/integration-test/target/log,AVAILABLE}
2023-03-09 10:15:55,409 [Listener at 127.0.0.1/46781] INFO  handler.ContextHandler (ContextHandler.java:doStart(921)) - Started o.e.j.s.ServletContextHandler@166f7d93{static,/static,file:///home/runner/work/ozone/ozone/hadoop-ozone/integration-test/target/test-classes/webapps/static,AVAILABLE}
2023-03-09 10:15:55,412 [Listener at 127.0.0.1/46781] INFO  handler.ContextHandler (ContextHandler.java:doStart(921)) - Started o.e.j.w.WebAppContext@1de75d83{ozoneManager,/,file:///home/runner/work/ozone/ozone/hadoop-ozone/integration-test/target/test-classes/webapps/ozoneManager/,AVAILABLE}{file:/home/runner/work/ozone/ozone/hadoop-ozone/integration-test/target/test-classes/webapps/ozoneManager}
2023-03-09 10:15:55,415 [Listener at 127.0.0.1/46781] INFO  server.AbstractConnector (AbstractConnector.java:doStart(333)) - Started ServerConnector@7ca5ec9d{HTTP/1.1, (http/1.1)}{0.0.0.0:38569}
2023-03-09 10:15:55,415 [Listener at 127.0.0.1/46781] INFO  server.Server (Server.java:doStart(415)) - Started @7024ms
2023-03-09 10:15:55,415 [Listener at 127.0.0.1/46781] WARN  impl.MetricsSystemImpl (MetricsSystemImpl.java:register(279)) - Sink prometheus already exists!
2023-03-09 10:15:55,416 [Listener at 127.0.0.1/46781] INFO  http.BaseHttpServer (BaseHttpServer.java:updateConnectorAddress(344)) - HTTP server of ozoneManager listening at http://0.0.0.0:38569
2023-03-09 10:15:55,416 [IPC Server Responder] INFO  ipc.Server (Server.java:run(1512)) - IPC Server Responder: starting
2023-03-09 10:15:55,422 [IPC Server listener on 0] INFO  ipc.Server (Server.java:run(1352)) - IPC Server listener on 0: starting
2023-03-09 10:15:55,440 [Listener at 127.0.0.1/46781] INFO  om.OzoneManager (OzoneManager.java:startTrashEmptier(2040)) - Trash Interval set to 0. Files deleted won't move to trash
2023-03-09 10:15:55,452 [org.apache.hadoop.util.JvmPauseMonitor$Monitor@3c6d7453] INFO  util.JvmPauseMonitor (JvmPauseMonitor.java:run(188)) - Starting JVM pause monitor
2023-03-09 10:15:55,563 [Listener at 127.0.0.1/46781] WARN  impl.MetricRegistriesImpl (MetricRegistriesImpl.java:addReporterRegistration(111)) - New reporters are added after registries were created. Some metrics will be missing from the reporter. Please add reporter before adding any new registry.
2023-03-09 10:15:55,563 [Listener at 127.0.0.1/46781] WARN  impl.MetricRegistriesImpl (MetricRegistriesImpl.java:addReporterRegistration(111)) - New reporters are added after registries were created. Some metrics will be missing from the reporter. Please add reporter before adding any new registry.
2023-03-09 10:15:55,564 [Listener at 127.0.0.1/46781] INFO  impl.MetricsSystemImpl (MetricsSystemImpl.java:init(158)) - HddsDatanode metrics system started (again)
2023-03-09 10:15:55,579 [Listener at 127.0.0.1/46781] INFO  ozone.HddsDatanodeService (HddsDatanodeService.java:start(229)) - HddsDatanodeService host:fv-az200-252.swdxaxenvgxe1kqentp15g1mgd.jx.internal.cloudapp.net ip:10.1.0.71
2023-03-09 10:15:55,602 [Listener at 127.0.0.1/46781] INFO  upgrade.AbstractLayoutVersionManager (AbstractLayoutVersionManager.java:init(83)) - Initializing Layout version manager with metadata layout = DATANODE_SCHEMA_V3 (version = 4), software layout = DATANODE_SCHEMA_V3 (version = 4)
2023-03-09 10:15:55,652 [Listener at 127.0.0.1/46781] INFO  reflections.Reflections (Reflections.java:scan(232)) - Reflections took 49 ms to scan 7 urls, producing 154 keys and 367 values 
2023-03-09 10:15:55,655 [Listener at 127.0.0.1/46781] INFO  statemachine.DatanodeStateMachine (DatanodeStateMachine.java:getEndPointTaskThreadPoolSize(260)) - Datanode State Machine Task Thread Pool size 2
2023-03-09 10:15:55,708 [Listener at 127.0.0.1/46781] INFO  volume.HddsVolume (HddsVolume.java:<init>(122)) - Creating HddsVolume: /home/runner/work/ozone/ozone/hadoop-ozone/integration-test/target/test-dir/MiniOzoneClusterImpl-5f16ed77-7c5c-4847-9cc1-45aa7644631b/datanode-0/data-0/containers/hdds of storage type : DISK capacity : 9223372036854775807
2023-03-09 10:15:55,710 [Listener at 127.0.0.1/46781] INFO  volume.MutableVolumeSet (MutableVolumeSet.java:initializeVolumeSet(174)) - Added Volume : /home/runner/work/ozone/ozone/hadoop-ozone/integration-test/target/test-dir/MiniOzoneClusterImpl-5f16ed77-7c5c-4847-9cc1-45aa7644631b/datanode-0/data-0/containers/hdds to VolumeSet
2023-03-09 10:15:55,711 [Listener at 127.0.0.1/46781] INFO  volume.ThrottledAsyncChecker (ThrottledAsyncChecker.java:schedule(141)) - Scheduling a check for /home/runner/work/ozone/ozone/hadoop-ozone/integration-test/target/test-dir/MiniOzoneClusterImpl-5f16ed77-7c5c-4847-9cc1-45aa7644631b/datanode-0/data-0/containers/hdds
2023-03-09 10:15:55,726 [Listener at 127.0.0.1/46781] INFO  volume.StorageVolumeChecker (StorageVolumeChecker.java:checkAllVolumes(202)) - Scheduled health check for volume /home/runner/work/ozone/ozone/hadoop-ozone/integration-test/target/test-dir/MiniOzoneClusterImpl-5f16ed77-7c5c-4847-9cc1-45aa7644631b/datanode-0/data-0/containers/hdds
2023-03-09 10:15:55,743 [Listener at 127.0.0.1/46781] INFO  volume.MutableVolumeSet (MutableVolumeSet.java:initializeVolumeSet(174)) - Added Volume : /home/runner/work/ozone/ozone/hadoop-ozone/integration-test/target/test-dir/MiniOzoneClusterImpl-5f16ed77-7c5c-4847-9cc1-45aa7644631b/datanode-0/data/ratis to VolumeSet
2023-03-09 10:15:55,743 [Listener at 127.0.0.1/46781] INFO  volume.ThrottledAsyncChecker (ThrottledAsyncChecker.java:schedule(141)) - Scheduling a check for /home/runner/work/ozone/ozone/hadoop-ozone/integration-test/target/test-dir/MiniOzoneClusterImpl-5f16ed77-7c5c-4847-9cc1-45aa7644631b/datanode-0/data/ratis
2023-03-09 10:15:55,744 [Listener at 127.0.0.1/46781] INFO  volume.StorageVolumeChecker (StorageVolumeChecker.java:checkAllVolumes(202)) - Scheduled health check for volume /home/runner/work/ozone/ozone/hadoop-ozone/integration-test/target/test-dir/MiniOzoneClusterImpl-5f16ed77-7c5c-4847-9cc1-45aa7644631b/datanode-0/data/ratis
2023-03-09 10:15:55,767 [Thread-135] INFO  ozoneimpl.ContainerReader (ContainerReader.java:readVolume(175)) - Finish verifying containers on volume /home/runner/work/ozone/ozone/hadoop-ozone/integration-test/target/test-dir/MiniOzoneClusterImpl-5f16ed77-7c5c-4847-9cc1-45aa7644631b/datanode-0/data-0/containers/hdds
2023-03-09 10:15:55,767 [Listener at 127.0.0.1/46781] INFO  ozoneimpl.OzoneContainer (OzoneContainer.java:buildContainerSet(304)) - Build ContainerSet costs 0s
2023-03-09 10:15:55,812 [Listener at 127.0.0.1/46781] INFO  audit.AuditLogger (AuditLogger.java:refreshDebugCmdSet(126)) - Refresh DebugCmdSet for DNAudit to [].
2023-03-09 10:15:55,840 [Listener at 127.0.0.1/46781] INFO  server.RaftServer (ConfUtils.java:logGet(46)) - raft.rpc.type = GRPC (default)
2023-03-09 10:15:55,840 [Listener at 127.0.0.1/46781] INFO  grpc.GrpcConfigKeys (ConfUtils.java:logFallback(53)) - raft.grpc.admin.host = null (fallback to raft.grpc.server.host)
2023-03-09 10:15:55,840 [Listener at 127.0.0.1/46781] INFO  grpc.GrpcConfigKeys (ConfUtils.java:logGet(46)) - raft.grpc.admin.port = 0 (custom)
2023-03-09 10:15:55,841 [Listener at 127.0.0.1/46781] INFO  grpc.GrpcConfigKeys (ConfUtils.java:logFallback(53)) - raft.grpc.client.host = null (fallback to raft.grpc.server.host)
2023-03-09 10:15:55,841 [Listener at 127.0.0.1/46781] INFO  grpc.GrpcConfigKeys (ConfUtils.java:logGet(46)) - raft.grpc.client.port = 0 (custom)
2023-03-09 10:15:55,841 [Listener at 127.0.0.1/46781] INFO  grpc.GrpcConfigKeys (ConfUtils.java:logGet(46)) - raft.grpc.server.host = null (default)
2023-03-09 10:15:55,841 [Listener at 127.0.0.1/46781] INFO  grpc.GrpcConfigKeys (ConfUtils.java:logGet(46)) - raft.grpc.server.port = 0 (default)
2023-03-09 10:15:55,841 [Listener at 127.0.0.1/46781] INFO  server.GrpcService (ConfUtils.java:logGet(46)) - raft.grpc.message.size.max = 32MB (=33554432) (custom)
2023-03-09 10:15:55,841 [Listener at 127.0.0.1/46781] INFO  server.RaftServerConfigKeys (ConfUtils.java:logGet(46)) - raft.server.log.appender.buffer.byte-limit = 33554432 (custom)
2023-03-09 10:15:55,841 [Listener at 127.0.0.1/46781] INFO  server.GrpcService (ConfUtils.java:logGet(46)) - raft.grpc.flow.control.window = 5MB (=5242880) (custom)
2023-03-09 10:15:55,841 [Listener at 127.0.0.1/46781] INFO  server.RaftServerConfigKeys (ConfUtils.java:logGet(46)) - raft.server.rpc.request.timeout = 60s (custom)
2023-03-09 10:15:55,841 [Listener at 127.0.0.1/46781] INFO  grpc.GrpcConfigKeys (ConfUtils.java:logGet(46)) - raft.grpc.server.heartbeat.channel = true (default)
2023-03-09 10:15:55,841 [Listener at 127.0.0.1/46781] INFO  grpc.GrpcConfigKeys (ConfUtils.java:logGet(46)) - raft.grpc.server.async.request.thread.pool.cached = true (default)
2023-03-09 10:15:55,842 [Listener at 127.0.0.1/46781] INFO  grpc.GrpcConfigKeys (ConfUtils.java:logGet(46)) - raft.grpc.server.async.request.thread.pool.size = 32 (default)
2023-03-09 10:15:55,843 [Listener at 127.0.0.1/46781] INFO  impl.DataStreamServerImpl (ConfUtils.java:logGet(46)) - raft.datastream.type = NETTY (custom)
2023-03-09 10:15:55,854 [Listener at 127.0.0.1/46781] INFO  server.RaftServerConfigKeys (ConfUtils.java:logGet(46)) - raft.server.data-stream.async.request.thread.pool.cached = false (default)
2023-03-09 10:15:55,854 [Listener at 127.0.0.1/46781] INFO  server.RaftServerConfigKeys (ConfUtils.java:logGet(46)) - raft.server.data-stream.async.request.thread.pool.size = 20 (custom)
2023-03-09 10:15:55,854 [Listener at 127.0.0.1/46781] INFO  server.RaftServerConfigKeys (ConfUtils.java:logGet(46)) - raft.server.data-stream.async.write.thread.pool.size = 16 (default)
2023-03-09 10:15:55,855 [Listener at 127.0.0.1/46781] INFO  server.RaftServerConfigKeys (ConfUtils.java:logGet(46)) - raft.server.data-stream.client.pool.size = 10 (default)
2023-03-09 10:15:55,858 [Listener at 127.0.0.1/46781] INFO  netty.NettyConfigKeys$DataStream (ConfUtils.java:logGet(46)) - raft.netty.dataStream.server.use-epoll = false (default)
2023-03-09 10:15:55,858 [Listener at 127.0.0.1/46781] INFO  netty.NettyConfigKeys$DataStream (ConfUtils.java:logGet(46)) - raft.netty.dataStream.server.boss-group.size = 0 (default)
2023-03-09 10:15:55,864 [Listener at 127.0.0.1/46781] INFO  netty.NettyConfigKeys$DataStream (ConfUtils.java:logGet(46)) - raft.netty.dataStream.server.worker-group.size = 0 (default)
2023-03-09 10:15:55,865 [Listener at 127.0.0.1/46781] INFO  netty.NettyConfigKeys$DataStream (ConfUtils.java:logGet(46)) - raft.netty.dataStream.server.tls.conf = null (default)
2023-03-09 10:15:55,867 [Listener at 127.0.0.1/46781] INFO  netty.NettyConfigKeys$DataStream (ConfUtils.java:logGet(46)) - raft.netty.dataStream.host = null (default)
2023-03-09 10:15:55,867 [Listener at 127.0.0.1/46781] INFO  netty.NettyConfigKeys$DataStream (ConfUtils.java:logGet(46)) - raft.netty.dataStream.port = 0 (default)
2023-03-09 10:15:55,875 [Listener at 127.0.0.1/46781] INFO  server.RaftServerConfigKeys (ConfUtils.java:logGet(46)) - raft.server.threadpool.proxy.cached = true (default)
2023-03-09 10:15:55,875 [Listener at 127.0.0.1/46781] INFO  server.RaftServerConfigKeys (ConfUtils.java:logGet(46)) - raft.server.threadpool.proxy.size = 0 (default)
2023-03-09 10:15:55,875 [Listener at 127.0.0.1/46781] INFO  server.RaftServerConfigKeys (ConfUtils.java:logGet(46)) - raft.server.rpc.slowness.timeout = 300s (custom)
2023-03-09 10:15:55,875 [Listener at 127.0.0.1/46781] INFO  server.RaftServerConfigKeys (ConfUtils.java:logGet(46)) - raft.server.leaderelection.leader.step-down.wait-time = 10s (default)
2023-03-09 10:15:55,875 [Listener at 127.0.0.1/46781] INFO  server.RaftServerConfigKeys (ConfUtils.java:logGet(46)) - raft.server.storage.dir = [/home/runner/work/ozone/ozone/hadoop-ozone/integration-test/target/test-dir/MiniOzoneClusterImpl-5f16ed77-7c5c-4847-9cc1-45aa7644631b/datanode-0/data/ratis] (custom)
2023-03-09 10:15:55,892 [99e75673-c78c-458d-9c64-6ac5583a2163-NettyServerStreamRpc-bossGroup--thread1] INFO  logging.LoggingHandler (AbstractInternalLogger.java:log(148)) - [id: 0xbe06f356] REGISTERED
2023-03-09 10:15:55,893 [99e75673-c78c-458d-9c64-6ac5583a2163-NettyServerStreamRpc-bossGroup--thread1] INFO  logging.LoggingHandler (AbstractInternalLogger.java:log(148)) - [id: 0xbe06f356] BIND: 0.0.0.0/0.0.0.0:0
2023-03-09 10:15:55,894 [99e75673-c78c-458d-9c64-6ac5583a2163-NettyServerStreamRpc-bossGroup--thread1] INFO  logging.LoggingHandler (AbstractInternalLogger.java:log(148)) - [id: 0xbe06f356, L:/0:0:0:0:0:0:0:0:33341] ACTIVE
2023-03-09 10:15:55,906 [Listener at 127.0.0.1/46781] INFO  server.XceiverServerGrpc (XceiverServerGrpc.java:<init>(132)) - GrpcServer channel type EpollServerSocketChannel
2023-03-09 10:15:55,981 [Listener at 127.0.0.1/46781] INFO  http.BaseHttpServer (BaseHttpServer.java:newHttpServer2BuilderForOzone(224)) - Starting Web-server for hddsDatanode at: http://0.0.0.0:0
2023-03-09 10:15:55,981 [Listener at 127.0.0.1/46781] INFO  http.BaseHttpServer (BaseHttpServer.java:<init>(111)) - Hadoop Security Enabled: false Ozone Security Enabled: false Ozone HTTP Security Enabled: false 
2023-03-09 10:15:55,985 [Listener at 127.0.0.1/46781] WARN  server.AuthenticationFilter (AuthenticationFilter.java:constructSecretProvider(240)) - Unable to initialize FileSignerSecretProvider, falling back to use random secrets. Reason: Could not read signature secret file: /home/runner/hadoop-http-auth-signature-secret
2023-03-09 10:15:55,987 [Listener at 127.0.0.1/46781] WARN  http.HttpRequestLog (HttpRequestLog.java:getRequestLog(103)) - Jetty request log can only be enabled using Log4j
2023-03-09 10:15:55,989 [Listener at 127.0.0.1/46781] INFO  http.HttpServer2 (HttpServer2.java:addGlobalFilter(1031)) - Added global filter 'safety' (class=org.apache.hadoop.hdds.server.http.HttpServer2$QuotingInputFilter)
2023-03-09 10:15:55,990 [Listener at 127.0.0.1/46781] INFO  http.HttpServer2 (HttpServer2.java:addFilter(1007)) - Added filter static_user_filter (class=org.apache.hadoop.http.lib.StaticUserWebFilter$StaticUserFilter) to context hddsDatanode
2023-03-09 10:15:55,990 [Listener at 127.0.0.1/46781] INFO  http.HttpServer2 (HttpServer2.java:addFilter(1015)) - Added filter static_user_filter (class=org.apache.hadoop.http.lib.StaticUserWebFilter$StaticUserFilter) to context static
2023-03-09 10:15:55,991 [Listener at 127.0.0.1/46781] INFO  http.HttpServer2 (HttpServer2.java:addFilter(1015)) - Added filter static_user_filter (class=org.apache.hadoop.http.lib.StaticUserWebFilter$StaticUserFilter) to context logs
2023-03-09 10:15:55,994 [Listener at 127.0.0.1/46781] INFO  http.BaseHttpServer (BaseHttpServer.java:<init>(190)) - HTTP server of hddsDatanode uses base directory /home/runner/work/ozone/ozone/hadoop-ozone/integration-test/target/test-dir/MiniOzoneClusterImpl-5f16ed77-7c5c-4847-9cc1-45aa7644631b/datanode-0/meta/webserver
2023-03-09 10:15:55,995 [Listener at 127.0.0.1/46781] INFO  http.HttpServer2 (HttpServer2.java:bindListener(1250)) - Jetty bound to port 36027
2023-03-09 10:15:55,995 [Listener at 127.0.0.1/46781] INFO  server.Server (Server.java:doStart(375)) - jetty-9.4.49.v20220914; built: 2022-09-14T01:07:36.601Z; git: 4231a3b2e4cb8548a412a789936d640a97b1aa0a; jvm 1.8.0_362-b09
2023-03-09 10:15:56,004 [Listener at 127.0.0.1/46781] INFO  server.session (DefaultSessionIdManager.java:doStart(334)) - DefaultSessionIdManager workerName=node0
2023-03-09 10:15:56,004 [Listener at 127.0.0.1/46781] INFO  server.session (DefaultSessionIdManager.java:doStart(339)) - No SessionScavenger set, using defaults
2023-03-09 10:15:56,004 [Listener at 127.0.0.1/46781] INFO  server.session (HouseKeeper.java:startScavenging(132)) - node0 Scavenging every 660000ms
2023-03-09 10:15:56,005 [Listener at 127.0.0.1/46781] INFO  handler.ContextHandler (ContextHandler.java:doStart(921)) - Started o.e.j.s.ServletContextHandler@1ba0bcaf{logs,/logs,file:///home/runner/work/ozone/ozone/hadoop-ozone/integration-test/target/log,AVAILABLE}
2023-03-09 10:15:56,005 [Listener at 127.0.0.1/46781] INFO  handler.ContextHandler (ContextHandler.java:doStart(921)) - Started o.e.j.s.ServletContextHandler@7c91029a{static,/static,jar:file:/home/runner/.m2/repository/org/apache/ozone/hdds-container-service/1.4.0-SNAPSHOT/hdds-container-service-1.4.0-SNAPSHOT.jar!/webapps/static,AVAILABLE}
2023-03-09 10:15:56,218 [Listener at 127.0.0.1/46781] INFO  handler.ContextHandler (ContextHandler.java:doStart(921)) - Started o.e.j.w.WebAppContext@54a457bf{hddsDatanode,/,file:///home/runner/work/ozone/ozone/hadoop-ozone/integration-test/target/test-dir/MiniOzoneClusterImpl-5f16ed77-7c5c-4847-9cc1-45aa7644631b/datanode-0/meta/webserver/jetty-0_0_0_0-36027-hdds-container-service-1_4_0-SNAPSHOT_jar-_-any-947882608212749260/webapp/,AVAILABLE}{jar:file:/home/runner/.m2/repository/org/apache/ozone/hdds-container-service/1.4.0-SNAPSHOT/hdds-container-service-1.4.0-SNAPSHOT.jar!/webapps/hddsDatanode}
2023-03-09 10:15:56,232 [Listener at 127.0.0.1/46781] INFO  server.AbstractConnector (AbstractConnector.java:doStart(333)) - Started ServerConnector@47c92da6{HTTP/1.1, (http/1.1)}{0.0.0.0:36027}
2023-03-09 10:15:56,233 [Listener at 127.0.0.1/46781] INFO  server.Server (Server.java:doStart(415)) - Started @7841ms
2023-03-09 10:15:56,233 [Listener at 127.0.0.1/46781] WARN  impl.MetricsSystemImpl (MetricsSystemImpl.java:register(279)) - Sink prometheus already exists!
2023-03-09 10:15:56,233 [Listener at 127.0.0.1/46781] INFO  http.BaseHttpServer (BaseHttpServer.java:updateConnectorAddress(344)) - HTTP server of hddsDatanode listening at http://0.0.0.0:36027
2023-03-09 10:15:56,235 [Listener at 127.0.0.1/46781] WARN  impl.MetricRegistriesImpl (MetricRegistriesImpl.java:addReporterRegistration(111)) - New reporters are added after registries were created. Some metrics will be missing from the reporter. Please add reporter before adding any new registry.
2023-03-09 10:15:56,235 [Listener at 127.0.0.1/46781] WARN  impl.MetricRegistriesImpl (MetricRegistriesImpl.java:addReporterRegistration(111)) - New reporters are added after registries were created. Some metrics will be missing from the reporter. Please add reporter before adding any new registry.
2023-03-09 10:15:56,235 [Listener at 127.0.0.1/46781] INFO  impl.MetricsSystemImpl (MetricsSystemImpl.java:init(158)) - HddsDatanode metrics system started (again)
2023-03-09 10:15:56,241 [Datanode State Machine Daemon Thread] INFO  statemachine.DatanodeStateMachine (DatanodeStateMachine.java:lambda$startDaemon$0(517)) - Ozone container server started.
2023-03-09 10:15:56,252 [Listener at 127.0.0.1/46781] INFO  ozone.HddsDatanodeService (HddsDatanodeService.java:start(229)) - HddsDatanodeService host:fv-az200-252.swdxaxenvgxe1kqentp15g1mgd.jx.internal.cloudapp.net ip:10.1.0.71
2023-03-09 10:15:56,264 [org.apache.hadoop.util.JvmPauseMonitor$Monitor@4636a323] INFO  util.JvmPauseMonitor (JvmPauseMonitor.java:run(188)) - Starting JVM pause monitor
2023-03-09 10:15:56,281 [Listener at 127.0.0.1/46781] INFO  upgrade.AbstractLayoutVersionManager (AbstractLayoutVersionManager.java:init(83)) - Initializing Layout version manager with metadata layout = DATANODE_SCHEMA_V3 (version = 4), software layout = DATANODE_SCHEMA_V3 (version = 4)
2023-03-09 10:15:56,371 [Listener at 127.0.0.1/46781] INFO  reflections.Reflections (Reflections.java:scan(232)) - Reflections took 89 ms to scan 7 urls, producing 154 keys and 367 values 
2023-03-09 10:15:56,373 [Listener at 127.0.0.1/46781] INFO  statemachine.DatanodeStateMachine (DatanodeStateMachine.java:getEndPointTaskThreadPoolSize(260)) - Datanode State Machine Task Thread Pool size 2
2023-03-09 10:15:56,375 [Listener at 127.0.0.1/46781] INFO  volume.HddsVolume (HddsVolume.java:<init>(122)) - Creating HddsVolume: /home/runner/work/ozone/ozone/hadoop-ozone/integration-test/target/test-dir/MiniOzoneClusterImpl-5f16ed77-7c5c-4847-9cc1-45aa7644631b/datanode-1/data-0/containers/hdds of storage type : DISK capacity : 9223372036854775807
2023-03-09 10:15:56,375 [Listener at 127.0.0.1/46781] INFO  volume.MutableVolumeSet (MutableVolumeSet.java:initializeVolumeSet(174)) - Added Volume : /home/runner/work/ozone/ozone/hadoop-ozone/integration-test/target/test-dir/MiniOzoneClusterImpl-5f16ed77-7c5c-4847-9cc1-45aa7644631b/datanode-1/data-0/containers/hdds to VolumeSet
2023-03-09 10:15:56,375 [Listener at 127.0.0.1/46781] INFO  volume.ThrottledAsyncChecker (ThrottledAsyncChecker.java:schedule(141)) - Scheduling a check for /home/runner/work/ozone/ozone/hadoop-ozone/integration-test/target/test-dir/MiniOzoneClusterImpl-5f16ed77-7c5c-4847-9cc1-45aa7644631b/datanode-1/data-0/containers/hdds
2023-03-09 10:15:56,376 [Listener at 127.0.0.1/46781] INFO  volume.StorageVolumeChecker (StorageVolumeChecker.java:checkAllVolumes(202)) - Scheduled health check for volume /home/runner/work/ozone/ozone/hadoop-ozone/integration-test/target/test-dir/MiniOzoneClusterImpl-5f16ed77-7c5c-4847-9cc1-45aa7644631b/datanode-1/data-0/containers/hdds
2023-03-09 10:15:56,402 [Listener at 127.0.0.1/46781] INFO  volume.MutableVolumeSet (MutableVolumeSet.java:initializeVolumeSet(174)) - Added Volume : /home/runner/work/ozone/ozone/hadoop-ozone/integration-test/target/test-dir/MiniOzoneClusterImpl-5f16ed77-7c5c-4847-9cc1-45aa7644631b/datanode-1/data/ratis to VolumeSet
2023-03-09 10:15:56,402 [Listener at 127.0.0.1/46781] INFO  volume.ThrottledAsyncChecker (ThrottledAsyncChecker.java:schedule(141)) - Scheduling a check for /home/runner/work/ozone/ozone/hadoop-ozone/integration-test/target/test-dir/MiniOzoneClusterImpl-5f16ed77-7c5c-4847-9cc1-45aa7644631b/datanode-1/data/ratis
2023-03-09 10:15:56,402 [Listener at 127.0.0.1/46781] INFO  volume.StorageVolumeChecker (StorageVolumeChecker.java:checkAllVolumes(202)) - Scheduled health check for volume /home/runner/work/ozone/ozone/hadoop-ozone/integration-test/target/test-dir/MiniOzoneClusterImpl-5f16ed77-7c5c-4847-9cc1-45aa7644631b/datanode-1/data/ratis
2023-03-09 10:15:56,426 [Thread-149] INFO  ozoneimpl.ContainerReader (ContainerReader.java:readVolume(175)) - Finish verifying containers on volume /home/runner/work/ozone/ozone/hadoop-ozone/integration-test/target/test-dir/MiniOzoneClusterImpl-5f16ed77-7c5c-4847-9cc1-45aa7644631b/datanode-1/data-0/containers/hdds
2023-03-09 10:15:56,426 [Listener at 127.0.0.1/46781] INFO  ozoneimpl.OzoneContainer (OzoneContainer.java:buildContainerSet(304)) - Build ContainerSet costs 0s
2023-03-09 10:15:56,430 [Listener at 127.0.0.1/46781] INFO  server.RaftServer (ConfUtils.java:logGet(46)) - raft.rpc.type = GRPC (default)
2023-03-09 10:15:56,434 [Listener at 127.0.0.1/46781] INFO  grpc.GrpcConfigKeys (ConfUtils.java:logFallback(53)) - raft.grpc.admin.host = null (fallback to raft.grpc.server.host)
2023-03-09 10:15:56,435 [Listener at 127.0.0.1/46781] INFO  grpc.GrpcConfigKeys (ConfUtils.java:logGet(46)) - raft.grpc.admin.port = 0 (custom)
2023-03-09 10:15:56,435 [Listener at 127.0.0.1/46781] INFO  grpc.GrpcConfigKeys (ConfUtils.java:logFallback(53)) - raft.grpc.client.host = null (fallback to raft.grpc.server.host)
2023-03-09 10:15:56,435 [Listener at 127.0.0.1/46781] INFO  grpc.GrpcConfigKeys (ConfUtils.java:logGet(46)) - raft.grpc.client.port = 0 (custom)
2023-03-09 10:15:56,435 [Listener at 127.0.0.1/46781] INFO  grpc.GrpcConfigKeys (ConfUtils.java:logGet(46)) - raft.grpc.server.host = null (default)
2023-03-09 10:15:56,435 [Listener at 127.0.0.1/46781] INFO  grpc.GrpcConfigKeys (ConfUtils.java:logGet(46)) - raft.grpc.server.port = 0 (default)
2023-03-09 10:15:56,435 [Listener at 127.0.0.1/46781] INFO  server.GrpcService (ConfUtils.java:logGet(46)) - raft.grpc.message.size.max = 32MB (=33554432) (custom)
2023-03-09 10:15:56,435 [Listener at 127.0.0.1/46781] INFO  server.RaftServerConfigKeys (ConfUtils.java:logGet(46)) - raft.server.log.appender.buffer.byte-limit = 33554432 (custom)
2023-03-09 10:15:56,436 [Listener at 127.0.0.1/46781] INFO  server.GrpcService (ConfUtils.java:logGet(46)) - raft.grpc.flow.control.window = 5MB (=5242880) (custom)
2023-03-09 10:15:56,437 [Listener at 127.0.0.1/46781] INFO  server.RaftServerConfigKeys (ConfUtils.java:logGet(46)) - raft.server.rpc.request.timeout = 60s (custom)
2023-03-09 10:15:56,437 [Listener at 127.0.0.1/46781] INFO  grpc.GrpcConfigKeys (ConfUtils.java:logGet(46)) - raft.grpc.server.heartbeat.channel = true (default)
2023-03-09 10:15:56,438 [Listener at 127.0.0.1/46781] INFO  grpc.GrpcConfigKeys (ConfUtils.java:logGet(46)) - raft.grpc.server.async.request.thread.pool.cached = true (default)
2023-03-09 10:15:56,438 [Listener at 127.0.0.1/46781] INFO  grpc.GrpcConfigKeys (ConfUtils.java:logGet(46)) - raft.grpc.server.async.request.thread.pool.size = 32 (default)
2023-03-09 10:15:56,441 [Listener at 127.0.0.1/46781] INFO  impl.DataStreamServerImpl (ConfUtils.java:logGet(46)) - raft.datastream.type = NETTY (custom)
2023-03-09 10:15:56,441 [Listener at 127.0.0.1/46781] INFO  server.RaftServerConfigKeys (ConfUtils.java:logGet(46)) - raft.server.data-stream.async.request.thread.pool.cached = false (default)
2023-03-09 10:15:56,441 [Listener at 127.0.0.1/46781] INFO  server.RaftServerConfigKeys (ConfUtils.java:logGet(46)) - raft.server.data-stream.async.request.thread.pool.size = 20 (custom)
2023-03-09 10:15:56,441 [Listener at 127.0.0.1/46781] INFO  server.RaftServerConfigKeys (ConfUtils.java:logGet(46)) - raft.server.data-stream.async.write.thread.pool.size = 16 (default)
2023-03-09 10:15:56,442 [Listener at 127.0.0.1/46781] INFO  server.RaftServerConfigKeys (ConfUtils.java:logGet(46)) - raft.server.data-stream.client.pool.size = 10 (default)
2023-03-09 10:15:56,443 [Listener at 127.0.0.1/46781] INFO  netty.NettyConfigKeys$DataStream (ConfUtils.java:logGet(46)) - raft.netty.dataStream.server.use-epoll = false (default)
2023-03-09 10:15:56,443 [Listener at 127.0.0.1/46781] INFO  netty.NettyConfigKeys$DataStream (ConfUtils.java:logGet(46)) - raft.netty.dataStream.server.boss-group.size = 0 (default)
2023-03-09 10:15:56,443 [Listener at 127.0.0.1/46781] INFO  netty.NettyConfigKeys$DataStream (ConfUtils.java:logGet(46)) - raft.netty.dataStream.server.worker-group.size = 0 (default)
2023-03-09 10:15:56,444 [Listener at 127.0.0.1/46781] INFO  netty.NettyConfigKeys$DataStream (ConfUtils.java:logGet(46)) - raft.netty.dataStream.server.tls.conf = null (default)
2023-03-09 10:15:56,445 [Listener at 127.0.0.1/46781] INFO  netty.NettyConfigKeys$DataStream (ConfUtils.java:logGet(46)) - raft.netty.dataStream.host = null (default)
2023-03-09 10:15:56,445 [Listener at 127.0.0.1/46781] INFO  netty.NettyConfigKeys$DataStream (ConfUtils.java:logGet(46)) - raft.netty.dataStream.port = 0 (default)
2023-03-09 10:15:56,446 [Listener at 127.0.0.1/46781] INFO  server.RaftServerConfigKeys (ConfUtils.java:logGet(46)) - raft.server.threadpool.proxy.cached = true (default)
2023-03-09 10:15:56,446 [Listener at 127.0.0.1/46781] INFO  server.RaftServerConfigKeys (ConfUtils.java:logGet(46)) - raft.server.threadpool.proxy.size = 0 (default)
2023-03-09 10:15:56,447 [Listener at 127.0.0.1/46781] INFO  server.RaftServerConfigKeys (ConfUtils.java:logGet(46)) - raft.server.rpc.slowness.timeout = 300s (custom)
2023-03-09 10:15:56,447 [Listener at 127.0.0.1/46781] INFO  server.RaftServerConfigKeys (ConfUtils.java:logGet(46)) - raft.server.leaderelection.leader.step-down.wait-time = 10s (default)
2023-03-09 10:15:56,447 [Listener at 127.0.0.1/46781] INFO  server.RaftServerConfigKeys (ConfUtils.java:logGet(46)) - raft.server.storage.dir = [/home/runner/work/ozone/ozone/hadoop-ozone/integration-test/target/test-dir/MiniOzoneClusterImpl-5f16ed77-7c5c-4847-9cc1-45aa7644631b/datanode-1/data/ratis] (custom)
2023-03-09 10:15:56,455 [fc7ed98b-a7bb-4459-9411-3eb8109ffece-NettyServerStreamRpc-bossGroup--thread1] INFO  logging.LoggingHandler (AbstractInternalLogger.java:log(148)) - [id: 0x8599024a] REGISTERED
2023-03-09 10:15:56,456 [fc7ed98b-a7bb-4459-9411-3eb8109ffece-NettyServerStreamRpc-bossGroup--thread1] INFO  logging.LoggingHandler (AbstractInternalLogger.java:log(148)) - [id: 0x8599024a] BIND: 0.0.0.0/0.0.0.0:0
2023-03-09 10:15:56,456 [fc7ed98b-a7bb-4459-9411-3eb8109ffece-NettyServerStreamRpc-bossGroup--thread1] INFO  logging.LoggingHandler (AbstractInternalLogger.java:log(148)) - [id: 0x8599024a, L:/0:0:0:0:0:0:0:0:35417] ACTIVE
2023-03-09 10:15:56,459 [Listener at 127.0.0.1/46781] INFO  server.XceiverServerGrpc (XceiverServerGrpc.java:<init>(132)) - GrpcServer channel type EpollServerSocketChannel
2023-03-09 10:15:56,469 [Listener at 127.0.0.1/46781] INFO  http.BaseHttpServer (BaseHttpServer.java:newHttpServer2BuilderForOzone(224)) - Starting Web-server for hddsDatanode at: http://0.0.0.0:0
2023-03-09 10:15:56,469 [Listener at 127.0.0.1/46781] INFO  http.BaseHttpServer (BaseHttpServer.java:<init>(111)) - Hadoop Security Enabled: false Ozone Security Enabled: false Ozone HTTP Security Enabled: false 
2023-03-09 10:15:56,472 [Listener at 127.0.0.1/46781] WARN  server.AuthenticationFilter (AuthenticationFilter.java:constructSecretProvider(240)) - Unable to initialize FileSignerSecretProvider, falling back to use random secrets. Reason: Could not read signature secret file: /home/runner/hadoop-http-auth-signature-secret
2023-03-09 10:15:56,474 [Listener at 127.0.0.1/46781] WARN  http.HttpRequestLog (HttpRequestLog.java:getRequestLog(103)) - Jetty request log can only be enabled using Log4j
2023-03-09 10:15:56,476 [Listener at 127.0.0.1/46781] INFO  http.HttpServer2 (HttpServer2.java:addGlobalFilter(1031)) - Added global filter 'safety' (class=org.apache.hadoop.hdds.server.http.HttpServer2$QuotingInputFilter)
2023-03-09 10:15:56,477 [om1@group-C5BA1605619E-FollowerState] INFO  impl.FollowerState (FollowerState.java:run(143)) - om1@group-C5BA1605619E-FollowerState: change to CANDIDATE, lastRpcElapsedTime:1205629142ns, electionTimeout:1198ms
2023-03-09 10:15:56,479 [Listener at 127.0.0.1/46781] INFO  http.HttpServer2 (HttpServer2.java:addFilter(1007)) - Added filter static_user_filter (class=org.apache.hadoop.http.lib.StaticUserWebFilter$StaticUserFilter) to context hddsDatanode
2023-03-09 10:15:56,479 [om1@group-C5BA1605619E-FollowerState] INFO  impl.RoleInfo (RoleInfo.java:shutdownFollowerState(110)) - om1: shutdown om1@group-C5BA1605619E-FollowerState
2023-03-09 10:15:56,480 [om1@group-C5BA1605619E-FollowerState] INFO  server.RaftServer$Division (RaftServerImpl.java:setRole(321)) - om1@group-C5BA1605619E: changes role from  FOLLOWER to CANDIDATE at term 0 for changeToCandidate
2023-03-09 10:15:56,480 [Listener at 127.0.0.1/46781] INFO  http.HttpServer2 (HttpServer2.java:addFilter(1015)) - Added filter static_user_filter (class=org.apache.hadoop.http.lib.StaticUserWebFilter$StaticUserFilter) to context static
2023-03-09 10:15:56,481 [Listener at 127.0.0.1/46781] INFO  http.HttpServer2 (HttpServer2.java:addFilter(1015)) - Added filter static_user_filter (class=org.apache.hadoop.http.lib.StaticUserWebFilter$StaticUserFilter) to context logs
2023-03-09 10:15:56,482 [Listener at 127.0.0.1/46781] INFO  http.BaseHttpServer (BaseHttpServer.java:<init>(190)) - HTTP server of hddsDatanode uses base directory /home/runner/work/ozone/ozone/hadoop-ozone/integration-test/target/test-dir/MiniOzoneClusterImpl-5f16ed77-7c5c-4847-9cc1-45aa7644631b/datanode-1/meta/webserver
2023-03-09 10:15:56,482 [om1@group-C5BA1605619E-FollowerState] INFO  server.RaftServerConfigKeys (ConfUtils.java:logGet(46)) - raft.server.leaderelection.pre-vote = true (default)
2023-03-09 10:15:56,485 [om1@group-C5BA1605619E-FollowerState] INFO  impl.RoleInfo (RoleInfo.java:updateAndGet(139)) - om1: start om1@group-C5BA1605619E-LeaderElection1
2023-03-09 10:15:56,485 [Listener at 127.0.0.1/46781] INFO  http.HttpServer2 (HttpServer2.java:bindListener(1250)) - Jetty bound to port 33875
2023-03-09 10:15:56,487 [Listener at 127.0.0.1/46781] INFO  server.Server (Server.java:doStart(375)) - jetty-9.4.49.v20220914; built: 2022-09-14T01:07:36.601Z; git: 4231a3b2e4cb8548a412a789936d640a97b1aa0a; jvm 1.8.0_362-b09
2023-03-09 10:15:56,500 [Datanode State Machine Task Thread - 0] INFO  datanode.InitDatanodeState (InitDatanodeState.java:persistContainerDatanodeDetails(138)) - DatanodeDetails is persisted to /home/runner/work/ozone/ozone/hadoop-ozone/integration-test/target/test-dir/MiniOzoneClusterImpl-5f16ed77-7c5c-4847-9cc1-45aa7644631b/datanode-0/meta/datanode.id
2023-03-09 10:15:56,501 [om1@group-C5BA1605619E-LeaderElection1] INFO  impl.LeaderElection (LeaderElection.java:askForVotes(312)) - om1@group-C5BA1605619E-LeaderElection1 PRE_VOTE round 0: submit vote requests at term 0 for -1: peers:[om1|rpc:localhost:9872|priority:0|startupRole:FOLLOWER]|listeners:[], old=null
2023-03-09 10:15:56,502 [om1@group-C5BA1605619E-LeaderElection1] INFO  impl.LeaderElection (LeaderElection.java:askForVotes(314)) - om1@group-C5BA1605619E-LeaderElection1 PRE_VOTE round 0: result PASSED (term=0)
2023-03-09 10:15:56,502 [Listener at 127.0.0.1/46781] INFO  server.session (DefaultSessionIdManager.java:doStart(334)) - DefaultSessionIdManager workerName=node0
2023-03-09 10:15:56,502 [Listener at 127.0.0.1/46781] INFO  server.session (DefaultSessionIdManager.java:doStart(339)) - No SessionScavenger set, using defaults
2023-03-09 10:15:56,503 [Listener at 127.0.0.1/46781] INFO  server.session (HouseKeeper.java:startScavenging(132)) - node0 Scavenging every 600000ms
2023-03-09 10:15:56,503 [Listener at 127.0.0.1/46781] INFO  handler.ContextHandler (ContextHandler.java:doStart(921)) - Started o.e.j.s.ServletContextHandler@12e0e98b{logs,/logs,file:///home/runner/work/ozone/ozone/hadoop-ozone/integration-test/target/log,AVAILABLE}
2023-03-09 10:15:56,504 [Listener at 127.0.0.1/46781] INFO  handler.ContextHandler (ContextHandler.java:doStart(921)) - Started o.e.j.s.ServletContextHandler@6fe41452{static,/static,jar:file:/home/runner/.m2/repository/org/apache/ozone/hdds-container-service/1.4.0-SNAPSHOT/hdds-container-service-1.4.0-SNAPSHOT.jar!/webapps/static,AVAILABLE}
2023-03-09 10:15:56,507 [om1@group-C5BA1605619E-LeaderElection1] INFO  impl.LeaderElection (LeaderElection.java:askForVotes(312)) - om1@group-C5BA1605619E-LeaderElection1 ELECTION round 0: submit vote requests at term 1 for -1: peers:[om1|rpc:localhost:9872|priority:0|startupRole:FOLLOWER]|listeners:[], old=null
2023-03-09 10:15:56,507 [om1@group-C5BA1605619E-LeaderElection1] INFO  impl.LeaderElection (LeaderElection.java:askForVotes(314)) - om1@group-C5BA1605619E-LeaderElection1 ELECTION round 0: result PASSED (term=1)
2023-03-09 10:15:56,507 [om1@group-C5BA1605619E-LeaderElection1] INFO  impl.RoleInfo (RoleInfo.java:shutdownLeaderElection(130)) - om1: shutdown om1@group-C5BA1605619E-LeaderElection1
2023-03-09 10:15:56,507 [om1@group-C5BA1605619E-LeaderElection1] INFO  server.RaftServer$Division (RaftServerImpl.java:setRole(321)) - om1@group-C5BA1605619E: changes role from CANDIDATE to LEADER at term 1 for changeToLeader
2023-03-09 10:15:56,507 [om1@group-C5BA1605619E-LeaderElection1] INFO  server.RaftServer$Division (ServerState.java:setLeader(313)) - om1@group-C5BA1605619E: change Leader from null to om1 at term 1 for becomeLeader, leader elected after 2338ms
2023-03-09 10:15:56,512 [om1@group-C5BA1605619E-LeaderElection1] INFO  server.RaftServerConfigKeys (ConfUtils.java:logGet(46)) - raft.server.staging.catchup.gap = 1000 (default)
2023-03-09 10:15:56,516 [om1@group-C5BA1605619E-LeaderElection1] INFO  server.RaftServerConfigKeys (ConfUtils.java:logGet(46)) - raft.server.write.element-limit = 4096 (default)
2023-03-09 10:15:56,517 [om1@group-C5BA1605619E-LeaderElection1] INFO  server.RaftServerConfigKeys (ConfUtils.java:logGet(46)) - raft.server.write.byte-limit = 64MB (=67108864) (default)
2023-03-09 10:15:56,521 [om1@group-C5BA1605619E-LeaderElection1] INFO  server.RaftServerConfigKeys (ConfUtils.java:logGet(46)) - raft.server.watch.timeout = 10s (default)
2023-03-09 10:15:56,521 [om1@group-C5BA1605619E-LeaderElection1] INFO  server.RaftServerConfigKeys (ConfUtils.java:logGet(46)) - raft.server.watch.timeout.denomination = 1s (default)
2023-03-09 10:15:56,523 [om1@group-C5BA1605619E-LeaderElection1] INFO  server.RaftServerConfigKeys (ConfUtils.java:logGet(46)) - raft.server.watch.element-limit = 65536 (default)
2023-03-09 10:15:56,528 [om1@group-C5BA1605619E-LeaderElection1] INFO  server.RaftServerConfigKeys (ConfUtils.java:logGet(46)) - raft.server.write.element-limit = 4096 (default)
2023-03-09 10:15:56,532 [om1@group-C5BA1605619E-LeaderElection1] INFO  server.RaftServerConfigKeys (ConfUtils.java:logGet(46)) - raft.server.write.follower.gap.ratio.max = -1.0 (default)
2023-03-09 10:15:56,535 [om1@group-C5BA1605619E-LeaderElection1] INFO  impl.RoleInfo (RoleInfo.java:updateAndGet(139)) - om1: start om1@group-C5BA1605619E-LeaderStateImpl
2023-03-09 10:15:56,573 [om1@group-C5BA1605619E-LeaderElection1] INFO  segmented.SegmentedRaftLogWorker (SegmentedRaftLogWorker.java:startLogSegment(452)) - om1@group-C5BA1605619E-SegmentedRaftLogWorker: Starting segment from index:0
2023-03-09 10:15:56,686 [om1@group-C5BA1605619E-LeaderElection1] INFO  server.RaftServer$Division (ServerState.java:setRaftConf(430)) - om1@group-C5BA1605619E: set configuration 0: peers:[om1|rpc:localhost:9872|admin:|client:|dataStream:|priority:0|startupRole:FOLLOWER]|listeners:[], old=null
2023-03-09 10:15:56,740 [om1@group-C5BA1605619E-SegmentedRaftLogWorker] INFO  segmented.SegmentedRaftLogWorker (SegmentedRaftLogWorker.java:execute(656)) - om1@group-C5BA1605619E-SegmentedRaftLogWorker: created new log segment /home/runner/work/ozone/ozone/hadoop-ozone/integration-test/target/test-dir/MiniOzoneClusterImpl-5f16ed77-7c5c-4847-9cc1-45aa7644631b/ozone-meta/ratis/bf265839-605b-3f16-9796-c5ba1605619e/current/log_inprogress_0
2023-03-09 10:15:56,855 [om1@group-C5BA1605619E-StateMachineUpdater] INFO  ratis.OzoneManagerStateMachine (OzoneManagerStateMachine.java:notifyConfigurationChanged(192)) - Received Configuration change notification from Ratis. New Peer list:
[id: "om1"
address: "localhost:9872"
startupRole: FOLLOWER
]
2023-03-09 10:15:56,876 [Listener at 127.0.0.1/46781] INFO  handler.ContextHandler (ContextHandler.java:doStart(921)) - Started o.e.j.w.WebAppContext@6179621{hddsDatanode,/,file:///home/runner/work/ozone/ozone/hadoop-ozone/integration-test/target/test-dir/MiniOzoneClusterImpl-5f16ed77-7c5c-4847-9cc1-45aa7644631b/datanode-1/meta/webserver/jetty-0_0_0_0-33875-hdds-container-service-1_4_0-SNAPSHOT_jar-_-any-8253095550696523870/webapp/,AVAILABLE}{jar:file:/home/runner/.m2/repository/org/apache/ozone/hdds-container-service/1.4.0-SNAPSHOT/hdds-container-service-1.4.0-SNAPSHOT.jar!/webapps/hddsDatanode}
2023-03-09 10:15:56,883 [Listener at 127.0.0.1/46781] INFO  server.AbstractConnector (AbstractConnector.java:doStart(333)) - Started ServerConnector@2dc62b5e{HTTP/1.1, (http/1.1)}{0.0.0.0:33875}
2023-03-09 10:15:56,883 [Listener at 127.0.0.1/46781] INFO  server.Server (Server.java:doStart(415)) - Started @8492ms
2023-03-09 10:15:56,884 [Listener at 127.0.0.1/46781] WARN  impl.MetricsSystemImpl (MetricsSystemImpl.java:register(279)) - Sink prometheus already exists!
2023-03-09 10:15:56,886 [Listener at 127.0.0.1/46781] INFO  http.BaseHttpServer (BaseHttpServer.java:updateConnectorAddress(344)) - HTTP server of hddsDatanode listening at http://0.0.0.0:33875
2023-03-09 10:15:56,887 [Listener at 127.0.0.1/46781] WARN  impl.MetricRegistriesImpl (MetricRegistriesImpl.java:addReporterRegistration(111)) - New reporters are added after registries were created. Some metrics will be missing from the reporter. Please add reporter before adding any new registry.
2023-03-09 10:15:56,887 [Listener at 127.0.0.1/46781] WARN  impl.MetricRegistriesImpl (MetricRegistriesImpl.java:addReporterRegistration(111)) - New reporters are added after registries were created. Some metrics will be missing from the reporter. Please add reporter before adding any new registry.
2023-03-09 10:15:56,887 [Listener at 127.0.0.1/46781] INFO  impl.MetricsSystemImpl (MetricsSystemImpl.java:init(158)) - HddsDatanode metrics system started (again)
2023-03-09 10:15:56,889 [Datanode State Machine Daemon Thread] INFO  statemachine.DatanodeStateMachine (DatanodeStateMachine.java:lambda$startDaemon$0(517)) - Ozone container server started.
2023-03-09 10:15:56,903 [Listener at 127.0.0.1/46781] INFO  ozone.HddsDatanodeService (HddsDatanodeService.java:start(229)) - HddsDatanodeService host:fv-az200-252.swdxaxenvgxe1kqentp15g1mgd.jx.internal.cloudapp.net ip:10.1.0.71
2023-03-09 10:15:56,904 [org.apache.hadoop.util.JvmPauseMonitor$Monitor@4c7c20a7] INFO  util.JvmPauseMonitor (JvmPauseMonitor.java:run(188)) - Starting JVM pause monitor
2023-03-09 10:15:56,916 [Datanode State Machine Task Thread - 0] INFO  datanode.InitDatanodeState (InitDatanodeState.java:persistContainerDatanodeDetails(138)) - DatanodeDetails is persisted to /home/runner/work/ozone/ozone/hadoop-ozone/integration-test/target/test-dir/MiniOzoneClusterImpl-5f16ed77-7c5c-4847-9cc1-45aa7644631b/datanode-1/meta/datanode.id
2023-03-09 10:15:56,925 [Listener at 127.0.0.1/46781] INFO  upgrade.AbstractLayoutVersionManager (AbstractLayoutVersionManager.java:init(83)) - Initializing Layout version manager with metadata layout = DATANODE_SCHEMA_V3 (version = 4), software layout = DATANODE_SCHEMA_V3 (version = 4)
2023-03-09 10:15:56,978 [Listener at 127.0.0.1/46781] INFO  reflections.Reflections (Reflections.java:scan(232)) - Reflections took 51 ms to scan 7 urls, producing 154 keys and 367 values 
2023-03-09 10:15:56,980 [Listener at 127.0.0.1/46781] INFO  statemachine.DatanodeStateMachine (DatanodeStateMachine.java:getEndPointTaskThreadPoolSize(260)) - Datanode State Machine Task Thread Pool size 2
2023-03-09 10:15:56,982 [Listener at 127.0.0.1/46781] INFO  volume.HddsVolume (HddsVolume.java:<init>(122)) - Creating HddsVolume: /home/runner/work/ozone/ozone/hadoop-ozone/integration-test/target/test-dir/MiniOzoneClusterImpl-5f16ed77-7c5c-4847-9cc1-45aa7644631b/datanode-2/data-0/containers/hdds of storage type : DISK capacity : 9223372036854775807
2023-03-09 10:15:56,982 [Listener at 127.0.0.1/46781] INFO  volume.MutableVolumeSet (MutableVolumeSet.java:initializeVolumeSet(174)) - Added Volume : /home/runner/work/ozone/ozone/hadoop-ozone/integration-test/target/test-dir/MiniOzoneClusterImpl-5f16ed77-7c5c-4847-9cc1-45aa7644631b/datanode-2/data-0/containers/hdds to VolumeSet
2023-03-09 10:15:56,982 [Listener at 127.0.0.1/46781] INFO  volume.ThrottledAsyncChecker (ThrottledAsyncChecker.java:schedule(141)) - Scheduling a check for /home/runner/work/ozone/ozone/hadoop-ozone/integration-test/target/test-dir/MiniOzoneClusterImpl-5f16ed77-7c5c-4847-9cc1-45aa7644631b/datanode-2/data-0/containers/hdds
2023-03-09 10:15:56,983 [Listener at 127.0.0.1/46781] INFO  volume.StorageVolumeChecker (StorageVolumeChecker.java:checkAllVolumes(202)) - Scheduled health check for volume /home/runner/work/ozone/ozone/hadoop-ozone/integration-test/target/test-dir/MiniOzoneClusterImpl-5f16ed77-7c5c-4847-9cc1-45aa7644631b/datanode-2/data-0/containers/hdds
2023-03-09 10:15:56,994 [Listener at 127.0.0.1/46781] INFO  volume.MutableVolumeSet (MutableVolumeSet.java:initializeVolumeSet(174)) - Added Volume : /home/runner/work/ozone/ozone/hadoop-ozone/integration-test/target/test-dir/MiniOzoneClusterImpl-5f16ed77-7c5c-4847-9cc1-45aa7644631b/datanode-2/data/ratis to VolumeSet
2023-03-09 10:15:56,994 [Listener at 127.0.0.1/46781] INFO  volume.ThrottledAsyncChecker (ThrottledAsyncChecker.java:schedule(141)) - Scheduling a check for /home/runner/work/ozone/ozone/hadoop-ozone/integration-test/target/test-dir/MiniOzoneClusterImpl-5f16ed77-7c5c-4847-9cc1-45aa7644631b/datanode-2/data/ratis
2023-03-09 10:15:56,994 [Listener at 127.0.0.1/46781] INFO  volume.StorageVolumeChecker (StorageVolumeChecker.java:checkAllVolumes(202)) - Scheduled health check for volume /home/runner/work/ozone/ozone/hadoop-ozone/integration-test/target/test-dir/MiniOzoneClusterImpl-5f16ed77-7c5c-4847-9cc1-45aa7644631b/datanode-2/data/ratis
2023-03-09 10:15:57,006 [Thread-165] INFO  ozoneimpl.ContainerReader (ContainerReader.java:readVolume(175)) - Finish verifying containers on volume /home/runner/work/ozone/ozone/hadoop-ozone/integration-test/target/test-dir/MiniOzoneClusterImpl-5f16ed77-7c5c-4847-9cc1-45aa7644631b/datanode-2/data-0/containers/hdds
2023-03-09 10:15:57,006 [Listener at 127.0.0.1/46781] INFO  ozoneimpl.OzoneContainer (OzoneContainer.java:buildContainerSet(304)) - Build ContainerSet costs 0s
2023-03-09 10:15:57,009 [Listener at 127.0.0.1/46781] INFO  server.RaftServer (ConfUtils.java:logGet(46)) - raft.rpc.type = GRPC (default)
2023-03-09 10:15:57,010 [Listener at 127.0.0.1/46781] INFO  grpc.GrpcConfigKeys (ConfUtils.java:logFallback(53)) - raft.grpc.admin.host = null (fallback to raft.grpc.server.host)
2023-03-09 10:15:57,010 [Listener at 127.0.0.1/46781] INFO  grpc.GrpcConfigKeys (ConfUtils.java:logGet(46)) - raft.grpc.admin.port = 0 (custom)
2023-03-09 10:15:57,010 [Listener at 127.0.0.1/46781] INFO  grpc.GrpcConfigKeys (ConfUtils.java:logFallback(53)) - raft.grpc.client.host = null (fallback to raft.grpc.server.host)
2023-03-09 10:15:57,010 [Listener at 127.0.0.1/46781] INFO  grpc.GrpcConfigKeys (ConfUtils.java:logGet(46)) - raft.grpc.client.port = 0 (custom)
2023-03-09 10:15:57,010 [Listener at 127.0.0.1/46781] INFO  grpc.GrpcConfigKeys (ConfUtils.java:logGet(46)) - raft.grpc.server.host = null (default)
2023-03-09 10:15:57,010 [Listener at 127.0.0.1/46781] INFO  grpc.GrpcConfigKeys (ConfUtils.java:logGet(46)) - raft.grpc.server.port = 0 (default)
2023-03-09 10:15:57,010 [Listener at 127.0.0.1/46781] INFO  server.GrpcService (ConfUtils.java:logGet(46)) - raft.grpc.message.size.max = 32MB (=33554432) (custom)
2023-03-09 10:15:57,010 [Listener at 127.0.0.1/46781] INFO  server.RaftServerConfigKeys (ConfUtils.java:logGet(46)) - raft.server.log.appender.buffer.byte-limit = 33554432 (custom)
2023-03-09 10:15:57,010 [Listener at 127.0.0.1/46781] INFO  server.GrpcService (ConfUtils.java:logGet(46)) - raft.grpc.flow.control.window = 5MB (=5242880) (custom)
2023-03-09 10:15:57,010 [Listener at 127.0.0.1/46781] INFO  server.RaftServerConfigKeys (ConfUtils.java:logGet(46)) - raft.server.rpc.request.timeout = 60s (custom)
2023-03-09 10:15:57,010 [Listener at 127.0.0.1/46781] INFO  grpc.GrpcConfigKeys (ConfUtils.java:logGet(46)) - raft.grpc.server.heartbeat.channel = true (default)
2023-03-09 10:15:57,011 [Listener at 127.0.0.1/46781] INFO  grpc.GrpcConfigKeys (ConfUtils.java:logGet(46)) - raft.grpc.server.async.request.thread.pool.cached = true (default)
2023-03-09 10:15:57,011 [Listener at 127.0.0.1/46781] INFO  grpc.GrpcConfigKeys (ConfUtils.java:logGet(46)) - raft.grpc.server.async.request.thread.pool.size = 32 (default)
2023-03-09 10:15:57,012 [Listener at 127.0.0.1/46781] INFO  impl.DataStreamServerImpl (ConfUtils.java:logGet(46)) - raft.datastream.type = NETTY (custom)
2023-03-09 10:15:57,012 [Listener at 127.0.0.1/46781] INFO  server.RaftServerConfigKeys (ConfUtils.java:logGet(46)) - raft.server.data-stream.async.request.thread.pool.cached = false (default)
2023-03-09 10:15:57,012 [Listener at 127.0.0.1/46781] INFO  server.RaftServerConfigKeys (ConfUtils.java:logGet(46)) - raft.server.data-stream.async.request.thread.pool.size = 20 (custom)
2023-03-09 10:15:57,012 [Listener at 127.0.0.1/46781] INFO  server.RaftServerConfigKeys (ConfUtils.java:logGet(46)) - raft.server.data-stream.async.write.thread.pool.size = 16 (default)
2023-03-09 10:15:57,012 [Listener at 127.0.0.1/46781] INFO  server.RaftServerConfigKeys (ConfUtils.java:logGet(46)) - raft.server.data-stream.client.pool.size = 10 (default)
2023-03-09 10:15:57,012 [Listener at 127.0.0.1/46781] INFO  netty.NettyConfigKeys$DataStream (ConfUtils.java:logGet(46)) - raft.netty.dataStream.server.use-epoll = false (default)
2023-03-09 10:15:57,012 [Listener at 127.0.0.1/46781] INFO  netty.NettyConfigKeys$DataStream (ConfUtils.java:logGet(46)) - raft.netty.dataStream.server.boss-group.size = 0 (default)
2023-03-09 10:15:57,013 [Listener at 127.0.0.1/46781] INFO  netty.NettyConfigKeys$DataStream (ConfUtils.java:logGet(46)) - raft.netty.dataStream.server.worker-group.size = 0 (default)
2023-03-09 10:15:57,013 [Listener at 127.0.0.1/46781] INFO  netty.NettyConfigKeys$DataStream (ConfUtils.java:logGet(46)) - raft.netty.dataStream.server.tls.conf = null (default)
2023-03-09 10:15:57,013 [Listener at 127.0.0.1/46781] INFO  netty.NettyConfigKeys$DataStream (ConfUtils.java:logGet(46)) - raft.netty.dataStream.host = null (default)
2023-03-09 10:15:57,013 [Listener at 127.0.0.1/46781] INFO  netty.NettyConfigKeys$DataStream (ConfUtils.java:logGet(46)) - raft.netty.dataStream.port = 0 (default)
2023-03-09 10:15:57,014 [Listener at 127.0.0.1/46781] INFO  server.RaftServerConfigKeys (ConfUtils.java:logGet(46)) - raft.server.threadpool.proxy.cached = true (default)
2023-03-09 10:15:57,014 [Listener at 127.0.0.1/46781] INFO  server.RaftServerConfigKeys (ConfUtils.java:logGet(46)) - raft.server.threadpool.proxy.size = 0 (default)
2023-03-09 10:15:57,014 [Listener at 127.0.0.1/46781] INFO  server.RaftServerConfigKeys (ConfUtils.java:logGet(46)) - raft.server.rpc.slowness.timeout = 300s (custom)
2023-03-09 10:15:57,014 [Listener at 127.0.0.1/46781] INFO  server.RaftServerConfigKeys (ConfUtils.java:logGet(46)) - raft.server.leaderelection.leader.step-down.wait-time = 10s (default)
2023-03-09 10:15:57,014 [Listener at 127.0.0.1/46781] INFO  server.RaftServerConfigKeys (ConfUtils.java:logGet(46)) - raft.server.storage.dir = [/home/runner/work/ozone/ozone/hadoop-ozone/integration-test/target/test-dir/MiniOzoneClusterImpl-5f16ed77-7c5c-4847-9cc1-45aa7644631b/datanode-2/data/ratis] (custom)
2023-03-09 10:15:57,017 [Listener at 127.0.0.1/46781] INFO  server.XceiverServerGrpc (XceiverServerGrpc.java:<init>(132)) - GrpcServer channel type EpollServerSocketChannel
2023-03-09 10:15:57,019 [82e3bfc0-83d2-421b-b906-e2486ad37597-NettyServerStreamRpc-bossGroup--thread1] INFO  logging.LoggingHandler (AbstractInternalLogger.java:log(148)) - [id: 0x12ba3d68] REGISTERED
2023-03-09 10:15:57,020 [82e3bfc0-83d2-421b-b906-e2486ad37597-NettyServerStreamRpc-bossGroup--thread1] INFO  logging.LoggingHandler (AbstractInternalLogger.java:log(148)) - [id: 0x12ba3d68] BIND: 0.0.0.0/0.0.0.0:0
2023-03-09 10:15:57,020 [82e3bfc0-83d2-421b-b906-e2486ad37597-NettyServerStreamRpc-bossGroup--thread1] INFO  logging.LoggingHandler (AbstractInternalLogger.java:log(148)) - [id: 0x12ba3d68, L:/0:0:0:0:0:0:0:0:44233] ACTIVE
2023-03-09 10:15:57,021 [Listener at 127.0.0.1/46781] INFO  http.BaseHttpServer (BaseHttpServer.java:newHttpServer2BuilderForOzone(224)) - Starting Web-server for hddsDatanode at: http://0.0.0.0:0
2023-03-09 10:15:57,021 [Listener at 127.0.0.1/46781] INFO  http.BaseHttpServer (BaseHttpServer.java:<init>(111)) - Hadoop Security Enabled: false Ozone Security Enabled: false Ozone HTTP Security Enabled: false 
2023-03-09 10:15:57,022 [Listener at 127.0.0.1/46781] WARN  server.AuthenticationFilter (AuthenticationFilter.java:constructSecretProvider(240)) - Unable to initialize FileSignerSecretProvider, falling back to use random secrets. Reason: Could not read signature secret file: /home/runner/hadoop-http-auth-signature-secret
2023-03-09 10:15:57,026 [Listener at 127.0.0.1/46781] WARN  http.HttpRequestLog (HttpRequestLog.java:getRequestLog(103)) - Jetty request log can only be enabled using Log4j
2023-03-09 10:15:57,028 [Listener at 127.0.0.1/46781] INFO  http.HttpServer2 (HttpServer2.java:addGlobalFilter(1031)) - Added global filter 'safety' (class=org.apache.hadoop.hdds.server.http.HttpServer2$QuotingInputFilter)
2023-03-09 10:15:57,028 [Listener at 127.0.0.1/46781] INFO  http.HttpServer2 (HttpServer2.java:addFilter(1007)) - Added filter static_user_filter (class=org.apache.hadoop.http.lib.StaticUserWebFilter$StaticUserFilter) to context hddsDatanode
2023-03-09 10:15:57,029 [Listener at 127.0.0.1/46781] INFO  http.HttpServer2 (HttpServer2.java:addFilter(1015)) - Added filter static_user_filter (class=org.apache.hadoop.http.lib.StaticUserWebFilter$StaticUserFilter) to context static
2023-03-09 10:15:57,029 [Listener at 127.0.0.1/46781] INFO  http.HttpServer2 (HttpServer2.java:addFilter(1015)) - Added filter static_user_filter (class=org.apache.hadoop.http.lib.StaticUserWebFilter$StaticUserFilter) to context logs
2023-03-09 10:15:57,029 [Listener at 127.0.0.1/46781] INFO  http.BaseHttpServer (BaseHttpServer.java:<init>(190)) - HTTP server of hddsDatanode uses base directory /home/runner/work/ozone/ozone/hadoop-ozone/integration-test/target/test-dir/MiniOzoneClusterImpl-5f16ed77-7c5c-4847-9cc1-45aa7644631b/datanode-2/meta/webserver
2023-03-09 10:15:57,029 [Listener at 127.0.0.1/46781] INFO  http.HttpServer2 (HttpServer2.java:bindListener(1250)) - Jetty bound to port 42287
2023-03-09 10:15:57,030 [Listener at 127.0.0.1/46781] INFO  server.Server (Server.java:doStart(375)) - jetty-9.4.49.v20220914; built: 2022-09-14T01:07:36.601Z; git: 4231a3b2e4cb8548a412a789936d640a97b1aa0a; jvm 1.8.0_362-b09
2023-03-09 10:15:57,032 [Listener at 127.0.0.1/46781] INFO  server.session (DefaultSessionIdManager.java:doStart(334)) - DefaultSessionIdManager workerName=node0
2023-03-09 10:15:57,032 [Listener at 127.0.0.1/46781] INFO  server.session (DefaultSessionIdManager.java:doStart(339)) - No SessionScavenger set, using defaults
2023-03-09 10:15:57,032 [Listener at 127.0.0.1/46781] INFO  server.session (HouseKeeper.java:startScavenging(132)) - node0 Scavenging every 660000ms
2023-03-09 10:15:57,033 [Listener at 127.0.0.1/46781] INFO  handler.ContextHandler (ContextHandler.java:doStart(921)) - Started o.e.j.s.ServletContextHandler@30ca6931{logs,/logs,file:///home/runner/work/ozone/ozone/hadoop-ozone/integration-test/target/log,AVAILABLE}
2023-03-09 10:15:57,033 [Listener at 127.0.0.1/46781] INFO  handler.ContextHandler (ContextHandler.java:doStart(921)) - Started o.e.j.s.ServletContextHandler@46b6ace1{static,/static,jar:file:/home/runner/.m2/repository/org/apache/ozone/hdds-container-service/1.4.0-SNAPSHOT/hdds-container-service-1.4.0-SNAPSHOT.jar!/webapps/static,AVAILABLE}
2023-03-09 10:15:57,227 [Listener at 127.0.0.1/46781] INFO  handler.ContextHandler (ContextHandler.java:doStart(921)) - Started o.e.j.w.WebAppContext@4eb4b29d{hddsDatanode,/,file:///home/runner/work/ozone/ozone/hadoop-ozone/integration-test/target/test-dir/MiniOzoneClusterImpl-5f16ed77-7c5c-4847-9cc1-45aa7644631b/datanode-2/meta/webserver/jetty-0_0_0_0-42287-hdds-container-service-1_4_0-SNAPSHOT_jar-_-any-5332787087002442251/webapp/,AVAILABLE}{jar:file:/home/runner/.m2/repository/org/apache/ozone/hdds-container-service/1.4.0-SNAPSHOT/hdds-container-service-1.4.0-SNAPSHOT.jar!/webapps/hddsDatanode}
2023-03-09 10:15:57,228 [Listener at 127.0.0.1/46781] INFO  server.AbstractConnector (AbstractConnector.java:doStart(333)) - Started ServerConnector@4c6939f6{HTTP/1.1, (http/1.1)}{0.0.0.0:42287}
2023-03-09 10:15:57,228 [Listener at 127.0.0.1/46781] INFO  server.Server (Server.java:doStart(415)) - Started @8837ms
2023-03-09 10:15:57,228 [Listener at 127.0.0.1/46781] WARN  impl.MetricsSystemImpl (MetricsSystemImpl.java:register(279)) - Sink prometheus already exists!
2023-03-09 10:15:57,229 [Listener at 127.0.0.1/46781] INFO  http.BaseHttpServer (BaseHttpServer.java:updateConnectorAddress(344)) - HTTP server of hddsDatanode listening at http://0.0.0.0:42287
2023-03-09 10:15:57,230 [Datanode State Machine Daemon Thread] INFO  statemachine.DatanodeStateMachine (DatanodeStateMachine.java:lambda$startDaemon$0(517)) - Ozone container server started.
2023-03-09 10:15:57,231 [Listener at 127.0.0.1/46781] INFO  ozone.MiniOzoneClusterImpl (MiniOzoneClusterImpl.java:lambda$waitForClusterToBeReady$0(218)) - Waiting for nodes to be ready. Got 0 of 3 DN Heartbeats.
2023-03-09 10:15:57,232 [Listener at 127.0.0.1/46781] INFO  ozone.MiniOzoneClusterImpl (MiniOzoneClusterImpl.java:lambda$waitForClusterToBeReady$0(221)) - Waiting for cluster to exit safe mode
2023-03-09 10:15:57,232 [Listener at 127.0.0.1/46781] INFO  ozone.MiniOzoneClusterImpl (MiniOzoneClusterImpl.java:lambda$waitForClusterToBeReady$0(223)) - SCM became leader
2023-03-09 10:15:57,235 [org.apache.hadoop.util.JvmPauseMonitor$Monitor@3d3b609e] INFO  util.JvmPauseMonitor (JvmPauseMonitor.java:run(188)) - Starting JVM pause monitor
2023-03-09 10:15:57,237 [Datanode State Machine Task Thread - 0] INFO  datanode.InitDatanodeState (InitDatanodeState.java:persistContainerDatanodeDetails(138)) - DatanodeDetails is persisted to /home/runner/work/ozone/ozone/hadoop-ozone/integration-test/target/test-dir/MiniOzoneClusterImpl-5f16ed77-7c5c-4847-9cc1-45aa7644631b/datanode-2/meta/datanode.id
2023-03-09 10:15:58,232 [Listener at 127.0.0.1/46781] INFO  ozone.MiniOzoneClusterImpl (MiniOzoneClusterImpl.java:lambda$waitForClusterToBeReady$0(218)) - Waiting for nodes to be ready. Got 0 of 3 DN Heartbeats.
2023-03-09 10:15:58,232 [Listener at 127.0.0.1/46781] INFO  ozone.MiniOzoneClusterImpl (MiniOzoneClusterImpl.java:lambda$waitForClusterToBeReady$0(221)) - Waiting for cluster to exit safe mode
2023-03-09 10:15:58,232 [Listener at 127.0.0.1/46781] INFO  ozone.MiniOzoneClusterImpl (MiniOzoneClusterImpl.java:lambda$waitForClusterToBeReady$0(223)) - SCM became leader
2023-03-09 10:15:58,352 [EndpointStateMachine task thread for /0.0.0.0:33427 - 0 ] INFO  utils.DatanodeStoreCache (DatanodeStoreCache.java:addDB(58)) - Added db /home/runner/work/ozone/ozone/hadoop-ozone/integration-test/target/test-dir/MiniOzoneClusterImpl-5f16ed77-7c5c-4847-9cc1-45aa7644631b/datanode-0/data-0/containers/hdds/5f16ed77-7c5c-4847-9cc1-45aa7644631b/DS-ecbd4b12-07ac-4af0-89ee-87a3eb812a13/container.db to cache
2023-03-09 10:15:58,352 [EndpointStateMachine task thread for /0.0.0.0:33427 - 0 ] INFO  volume.HddsVolume (HddsVolume.java:createDbStore(331)) - SchemaV3 db is created and loaded at /home/runner/work/ozone/ozone/hadoop-ozone/integration-test/target/test-dir/MiniOzoneClusterImpl-5f16ed77-7c5c-4847-9cc1-45aa7644631b/datanode-0/data-0/containers/hdds/5f16ed77-7c5c-4847-9cc1-45aa7644631b/DS-ecbd4b12-07ac-4af0-89ee-87a3eb812a13/container.db for volume DS-ecbd4b12-07ac-4af0-89ee-87a3eb812a13
2023-03-09 10:15:58,355 [EndpointStateMachine task thread for /0.0.0.0:33427 - 0 ] INFO  ozoneimpl.OzoneContainer (OzoneContainer.java:start(398)) - Attempting to start container services.
2023-03-09 10:15:58,357 [EndpointStateMachine task thread for /0.0.0.0:33427 - 0 ] INFO  ozoneimpl.OzoneContainer (OzoneContainer.java:startContainerScrub(315)) - Scheduled background container scanners and the on-demand container scanner have been disabled.
2023-03-09 10:15:58,359 [EndpointStateMachine task thread for /0.0.0.0:33427 - 0 ] INFO  replication.ReplicationServer (ReplicationServer.java:start(109)) - ReplicationServer is started using port 36597
2023-03-09 10:15:58,361 [EndpointStateMachine task thread for /0.0.0.0:33427 - 0 ] INFO  ratis.XceiverServerRatis (XceiverServerRatis.java:start(518)) - Starting XceiverServerRatis 99e75673-c78c-458d-9c64-6ac5583a2163
2023-03-09 10:15:58,362 [EndpointStateMachine task thread for /0.0.0.0:33427 - 0 ] INFO  server.RaftServer (RaftServerProxy.java:startImpl(393)) - 99e75673-c78c-458d-9c64-6ac5583a2163: start RPC server
2023-03-09 10:15:58,368 [EndpointStateMachine task thread for /0.0.0.0:33427 - 0 ] INFO  server.GrpcService (GrpcService.java:startImpl(262)) - 99e75673-c78c-458d-9c64-6ac5583a2163: GrpcService started, listening on 38593
2023-03-09 10:15:58,368 [EndpointStateMachine task thread for /0.0.0.0:33427 - 0 ] INFO  ratis.XceiverServerRatis (XceiverServerRatis.java:getRealPort(544)) - XceiverServerRatis 99e75673-c78c-458d-9c64-6ac5583a2163 is started using port 38593 for RATIS
2023-03-09 10:15:58,368 [EndpointStateMachine task thread for /0.0.0.0:33427 - 0 ] INFO  ratis.XceiverServerRatis (XceiverServerRatis.java:getRealPort(544)) - XceiverServerRatis 99e75673-c78c-458d-9c64-6ac5583a2163 is started using port 38593 for RATIS_ADMIN
2023-03-09 10:15:58,368 [EndpointStateMachine task thread for /0.0.0.0:33427 - 0 ] INFO  ratis.XceiverServerRatis (XceiverServerRatis.java:getRealPort(544)) - XceiverServerRatis 99e75673-c78c-458d-9c64-6ac5583a2163 is started using port 38593 for RATIS_SERVER
2023-03-09 10:15:58,368 [EndpointStateMachine task thread for /0.0.0.0:33427 - 0 ] INFO  ratis.XceiverServerRatis (XceiverServerRatis.java:getRealPort(544)) - XceiverServerRatis 99e75673-c78c-458d-9c64-6ac5583a2163 is started using port 33341 for RATIS_DATASTREAM
2023-03-09 10:15:58,369 [JvmPauseMonitor1] INFO  util.JvmPauseMonitor (JvmPauseMonitor.java:run(105)) - JvmPauseMonitor-99e75673-c78c-458d-9c64-6ac5583a2163: Started
2023-03-09 10:15:58,370 [EndpointStateMachine task thread for /0.0.0.0:33427 - 0 ] INFO  server.XceiverServerGrpc (XceiverServerGrpc.java:start(180)) - XceiverServerGrpc 99e75673-c78c-458d-9c64-6ac5583a2163 is started using port 46807
2023-03-09 10:15:58,384 [BlockDeletingService#0] INFO  interfaces.ContainerDeletionChoosingPolicyTemplate (ContainerDeletionChoosingPolicyTemplate.java:chooseContainerForBlockDeletion(83)) - Chosen 0/5000 blocks from 0 candidate containers.
2023-03-09 10:15:58,942 [EndpointStateMachine task thread for /0.0.0.0:33427 - 0 ] INFO  utils.DatanodeStoreCache (DatanodeStoreCache.java:addDB(58)) - Added db /home/runner/work/ozone/ozone/hadoop-ozone/integration-test/target/test-dir/MiniOzoneClusterImpl-5f16ed77-7c5c-4847-9cc1-45aa7644631b/datanode-1/data-0/containers/hdds/5f16ed77-7c5c-4847-9cc1-45aa7644631b/DS-66f8977c-5159-40ed-8a0e-78d3cf553358/container.db to cache
2023-03-09 10:15:58,943 [EndpointStateMachine task thread for /0.0.0.0:33427 - 0 ] INFO  volume.HddsVolume (HddsVolume.java:createDbStore(331)) - SchemaV3 db is created and loaded at /home/runner/work/ozone/ozone/hadoop-ozone/integration-test/target/test-dir/MiniOzoneClusterImpl-5f16ed77-7c5c-4847-9cc1-45aa7644631b/datanode-1/data-0/containers/hdds/5f16ed77-7c5c-4847-9cc1-45aa7644631b/DS-66f8977c-5159-40ed-8a0e-78d3cf553358/container.db for volume DS-66f8977c-5159-40ed-8a0e-78d3cf553358
2023-03-09 10:15:58,943 [EndpointStateMachine task thread for /0.0.0.0:33427 - 0 ] INFO  ozoneimpl.OzoneContainer (OzoneContainer.java:start(398)) - Attempting to start container services.
2023-03-09 10:15:58,943 [EndpointStateMachine task thread for /0.0.0.0:33427 - 0 ] INFO  ozoneimpl.OzoneContainer (OzoneContainer.java:startContainerScrub(315)) - Scheduled background container scanners and the on-demand container scanner have been disabled.
2023-03-09 10:15:58,945 [EndpointStateMachine task thread for /0.0.0.0:33427 - 0 ] INFO  replication.ReplicationServer (ReplicationServer.java:start(109)) - ReplicationServer is started using port 41999
2023-03-09 10:15:58,945 [EndpointStateMachine task thread for /0.0.0.0:33427 - 0 ] INFO  ratis.XceiverServerRatis (XceiverServerRatis.java:start(518)) - Starting XceiverServerRatis fc7ed98b-a7bb-4459-9411-3eb8109ffece
2023-03-09 10:15:58,948 [EndpointStateMachine task thread for /0.0.0.0:33427 - 0 ] INFO  server.RaftServer (RaftServerProxy.java:startImpl(393)) - fc7ed98b-a7bb-4459-9411-3eb8109ffece: start RPC server
2023-03-09 10:15:58,950 [EndpointStateMachine task thread for /0.0.0.0:33427 - 0 ] INFO  server.GrpcService (GrpcService.java:startImpl(262)) - fc7ed98b-a7bb-4459-9411-3eb8109ffece: GrpcService started, listening on 42295
2023-03-09 10:15:58,950 [EndpointStateMachine task thread for /0.0.0.0:33427 - 0 ] INFO  ratis.XceiverServerRatis (XceiverServerRatis.java:getRealPort(544)) - XceiverServerRatis fc7ed98b-a7bb-4459-9411-3eb8109ffece is started using port 42295 for RATIS
2023-03-09 10:15:58,950 [JvmPauseMonitor2] INFO  util.JvmPauseMonitor (JvmPauseMonitor.java:run(105)) - JvmPauseMonitor-fc7ed98b-a7bb-4459-9411-3eb8109ffece: Started
2023-03-09 10:15:58,950 [EndpointStateMachine task thread for /0.0.0.0:33427 - 0 ] INFO  ratis.XceiverServerRatis (XceiverServerRatis.java:getRealPort(544)) - XceiverServerRatis fc7ed98b-a7bb-4459-9411-3eb8109ffece is started using port 42295 for RATIS_ADMIN
2023-03-09 10:15:58,950 [EndpointStateMachine task thread for /0.0.0.0:33427 - 0 ] INFO  ratis.XceiverServerRatis (XceiverServerRatis.java:getRealPort(544)) - XceiverServerRatis fc7ed98b-a7bb-4459-9411-3eb8109ffece is started using port 42295 for RATIS_SERVER
2023-03-09 10:15:58,951 [EndpointStateMachine task thread for /0.0.0.0:33427 - 0 ] INFO  ratis.XceiverServerRatis (XceiverServerRatis.java:getRealPort(544)) - XceiverServerRatis fc7ed98b-a7bb-4459-9411-3eb8109ffece is started using port 35417 for RATIS_DATASTREAM
2023-03-09 10:15:58,953 [EndpointStateMachine task thread for /0.0.0.0:33427 - 0 ] INFO  server.XceiverServerGrpc (XceiverServerGrpc.java:start(180)) - XceiverServerGrpc fc7ed98b-a7bb-4459-9411-3eb8109ffece is started using port 41987
2023-03-09 10:15:58,957 [BlockDeletingService#0] INFO  interfaces.ContainerDeletionChoosingPolicyTemplate (ContainerDeletionChoosingPolicyTemplate.java:chooseContainerForBlockDeletion(83)) - Chosen 0/5000 blocks from 0 candidate containers.
2023-03-09 10:15:59,232 [Listener at 127.0.0.1/46781] INFO  ozone.MiniOzoneClusterImpl (MiniOzoneClusterImpl.java:lambda$waitForClusterToBeReady$0(218)) - Waiting for nodes to be ready. Got 0 of 3 DN Heartbeats.
2023-03-09 10:15:59,233 [Listener at 127.0.0.1/46781] INFO  ozone.MiniOzoneClusterImpl (MiniOzoneClusterImpl.java:lambda$waitForClusterToBeReady$0(221)) - Waiting for cluster to exit safe mode
2023-03-09 10:15:59,233 [Listener at 127.0.0.1/46781] INFO  ozone.MiniOzoneClusterImpl (MiniOzoneClusterImpl.java:lambda$waitForClusterToBeReady$0(223)) - SCM became leader
2023-03-09 10:15:59,267 [EndpointStateMachine task thread for /0.0.0.0:33427 - 0 ] INFO  utils.DatanodeStoreCache (DatanodeStoreCache.java:addDB(58)) - Added db /home/runner/work/ozone/ozone/hadoop-ozone/integration-test/target/test-dir/MiniOzoneClusterImpl-5f16ed77-7c5c-4847-9cc1-45aa7644631b/datanode-2/data-0/containers/hdds/5f16ed77-7c5c-4847-9cc1-45aa7644631b/DS-a13f609c-c136-4606-9d8a-f45075e1c17e/container.db to cache
2023-03-09 10:15:59,268 [EndpointStateMachine task thread for /0.0.0.0:33427 - 0 ] INFO  volume.HddsVolume (HddsVolume.java:createDbStore(331)) - SchemaV3 db is created and loaded at /home/runner/work/ozone/ozone/hadoop-ozone/integration-test/target/test-dir/MiniOzoneClusterImpl-5f16ed77-7c5c-4847-9cc1-45aa7644631b/datanode-2/data-0/containers/hdds/5f16ed77-7c5c-4847-9cc1-45aa7644631b/DS-a13f609c-c136-4606-9d8a-f45075e1c17e/container.db for volume DS-a13f609c-c136-4606-9d8a-f45075e1c17e
2023-03-09 10:15:59,270 [EndpointStateMachine task thread for /0.0.0.0:33427 - 0 ] INFO  ozoneimpl.OzoneContainer (OzoneContainer.java:start(398)) - Attempting to start container services.
2023-03-09 10:15:59,271 [EndpointStateMachine task thread for /0.0.0.0:33427 - 0 ] INFO  ozoneimpl.OzoneContainer (OzoneContainer.java:startContainerScrub(315)) - Scheduled background container scanners and the on-demand container scanner have been disabled.
2023-03-09 10:15:59,273 [EndpointStateMachine task thread for /0.0.0.0:33427 - 0 ] INFO  replication.ReplicationServer (ReplicationServer.java:start(109)) - ReplicationServer is started using port 34767
2023-03-09 10:15:59,273 [EndpointStateMachine task thread for /0.0.0.0:33427 - 0 ] INFO  ratis.XceiverServerRatis (XceiverServerRatis.java:start(518)) - Starting XceiverServerRatis 82e3bfc0-83d2-421b-b906-e2486ad37597
2023-03-09 10:15:59,274 [EndpointStateMachine task thread for /0.0.0.0:33427 - 0 ] INFO  server.RaftServer (RaftServerProxy.java:startImpl(393)) - 82e3bfc0-83d2-421b-b906-e2486ad37597: start RPC server
2023-03-09 10:15:59,275 [EndpointStateMachine task thread for /0.0.0.0:33427 - 0 ] INFO  server.GrpcService (GrpcService.java:startImpl(262)) - 82e3bfc0-83d2-421b-b906-e2486ad37597: GrpcService started, listening on 34947
2023-03-09 10:15:59,276 [EndpointStateMachine task thread for /0.0.0.0:33427 - 0 ] INFO  ratis.XceiverServerRatis (XceiverServerRatis.java:getRealPort(544)) - XceiverServerRatis 82e3bfc0-83d2-421b-b906-e2486ad37597 is started using port 34947 for RATIS
2023-03-09 10:15:59,276 [JvmPauseMonitor3] INFO  util.JvmPauseMonitor (JvmPauseMonitor.java:run(105)) - JvmPauseMonitor-82e3bfc0-83d2-421b-b906-e2486ad37597: Started
2023-03-09 10:15:59,276 [EndpointStateMachine task thread for /0.0.0.0:33427 - 0 ] INFO  ratis.XceiverServerRatis (XceiverServerRatis.java:getRealPort(544)) - XceiverServerRatis 82e3bfc0-83d2-421b-b906-e2486ad37597 is started using port 34947 for RATIS_ADMIN
2023-03-09 10:15:59,276 [EndpointStateMachine task thread for /0.0.0.0:33427 - 0 ] INFO  ratis.XceiverServerRatis (XceiverServerRatis.java:getRealPort(544)) - XceiverServerRatis 82e3bfc0-83d2-421b-b906-e2486ad37597 is started using port 34947 for RATIS_SERVER
2023-03-09 10:15:59,276 [EndpointStateMachine task thread for /0.0.0.0:33427 - 0 ] INFO  ratis.XceiverServerRatis (XceiverServerRatis.java:getRealPort(544)) - XceiverServerRatis 82e3bfc0-83d2-421b-b906-e2486ad37597 is started using port 44233 for RATIS_DATASTREAM
2023-03-09 10:15:59,279 [EndpointStateMachine task thread for /0.0.0.0:33427 - 0 ] INFO  server.XceiverServerGrpc (XceiverServerGrpc.java:start(180)) - XceiverServerGrpc 82e3bfc0-83d2-421b-b906-e2486ad37597 is started using port 45835
2023-03-09 10:15:59,280 [BlockDeletingService#0] INFO  interfaces.ContainerDeletionChoosingPolicyTemplate (ContainerDeletionChoosingPolicyTemplate.java:chooseContainerForBlockDeletion(83)) - Chosen 0/5000 blocks from 0 candidate containers.
2023-03-09 10:16:00,233 [Listener at 127.0.0.1/46781] INFO  ozone.MiniOzoneClusterImpl (MiniOzoneClusterImpl.java:lambda$waitForClusterToBeReady$0(218)) - Waiting for nodes to be ready. Got 0 of 3 DN Heartbeats.
2023-03-09 10:16:00,233 [Listener at 127.0.0.1/46781] INFO  ozone.MiniOzoneClusterImpl (MiniOzoneClusterImpl.java:lambda$waitForClusterToBeReady$0(221)) - Waiting for cluster to exit safe mode
2023-03-09 10:16:00,233 [Listener at 127.0.0.1/46781] INFO  ozone.MiniOzoneClusterImpl (MiniOzoneClusterImpl.java:lambda$waitForClusterToBeReady$0(223)) - SCM became leader
2023-03-09 10:16:00,294 [IPC Server handler 17 on default port 33427] INFO  net.NetworkTopologyImpl (NetworkTopologyImpl.java:add(112)) - Added a new node: /default-rack/99e75673-c78c-458d-9c64-6ac5583a2163
2023-03-09 10:16:00,296 [IPC Server handler 17 on default port 33427] INFO  node.SCMNodeManager (SCMNodeManager.java:register(404)) - Registered Data node : 99e75673-c78c-458d-9c64-6ac5583a2163{ip: 10.1.0.71, host: fv-az200-252.swdxaxenvgxe1kqentp15g1mgd.jx.internal.cloudapp.net, ports: [REPLICATION=36597, RATIS=38593, RATIS_ADMIN=38593, RATIS_SERVER=38593, RATIS_DATASTREAM=33341, STANDALONE=46807], networkLocation: /default-rack, certSerialId: null, persistedOpState: null, persistedOpStateExpiryEpochSec: 0}
2023-03-09 10:16:00,299 [EventQueue-NewNodeForNewNodeHandler] INFO  pipeline.BackgroundPipelineCreator (BackgroundPipelineCreator.java:notifyEventTriggered(276)) - trigger a one-shot run on RatisPipelineUtilsThread.
2023-03-09 10:16:00,305 [RatisPipelineUtilsThread - 0] INFO  pipeline.RatisPipelineProvider (RatisPipelineProvider.java:lambda$create$0(206)) - Sending CreatePipelineCommand for pipeline:PipelineID=3fab2826-debe-442b-9a86-2f3cd87618af to datanode:99e75673-c78c-458d-9c64-6ac5583a2163
2023-03-09 10:16:00,315 [RatisPipelineUtilsThread - 0] INFO  pipeline.PipelineStateManagerImpl (PipelineStateManagerImpl.java:addPipeline(103)) - Created pipeline Pipeline[ Id: 3fab2826-debe-442b-9a86-2f3cd87618af, Nodes: 99e75673-c78c-458d-9c64-6ac5583a2163(fv-az200-252.swdxaxenvgxe1kqentp15g1mgd.jx.internal.cloudapp.net/10.1.0.71), ReplicationConfig: RATIS/ONE, State:ALLOCATED, leaderId:, CreationTimestamp2023-03-09T10:16:00.304Z[Etc/UTC]].
2023-03-09 10:16:00,318 [EventQueue-NodeRegistrationContainerReportForDataNodeSafeModeRule] INFO  safemode.SCMSafeModeManager (DataNodeSafeModeRule.java:process(71)) - SCM in safe mode. 1 DataNodes registered, 3 required.
2023-03-09 10:16:00,323 [EventQueue-NodeRegistrationContainerReportForContainerSafeModeRule] INFO  safemode.SCMSafeModeManager (SCMSafeModeManager.java:validateSafeModeExitRules(200)) - ContainerSafeModeRule rule is successfully validated
2023-03-09 10:16:00,324 [EventQueue-PipelineReportForOneReplicaPipelineSafeModeRule] INFO  safemode.SCMSafeModeManager (SCMSafeModeManager.java:validateSafeModeExitRules(200)) - AtleastOneDatanodeReportedRule rule is successfully validated
2023-03-09 10:16:00,906 [IPC Server handler 19 on default port 33427] INFO  net.NetworkTopologyImpl (NetworkTopologyImpl.java:add(112)) - Added a new node: /default-rack/fc7ed98b-a7bb-4459-9411-3eb8109ffece
2023-03-09 10:16:00,906 [IPC Server handler 19 on default port 33427] INFO  node.SCMNodeManager (SCMNodeManager.java:register(404)) - Registered Data node : fc7ed98b-a7bb-4459-9411-3eb8109ffece{ip: 10.1.0.71, host: fv-az200-252.swdxaxenvgxe1kqentp15g1mgd.jx.internal.cloudapp.net, ports: [REPLICATION=41999, RATIS=42295, RATIS_ADMIN=42295, RATIS_SERVER=42295, RATIS_DATASTREAM=35417, STANDALONE=41987], networkLocation: /default-rack, certSerialId: null, persistedOpState: null, persistedOpStateExpiryEpochSec: 0}
2023-03-09 10:16:00,907 [EventQueue-NodeRegistrationContainerReportForDataNodeSafeModeRule] INFO  safemode.SCMSafeModeManager (DataNodeSafeModeRule.java:process(71)) - SCM in safe mode. 2 DataNodes registered, 3 required.
2023-03-09 10:16:00,907 [EventQueue-NewNodeForNewNodeHandler] INFO  pipeline.BackgroundPipelineCreator (BackgroundPipelineCreator.java:notifyEventTriggered(276)) - trigger a one-shot run on RatisPipelineUtilsThread.
2023-03-09 10:16:00,908 [RatisPipelineUtilsThread - 0] INFO  pipeline.RatisPipelineProvider (RatisPipelineProvider.java:lambda$create$0(206)) - Sending CreatePipelineCommand for pipeline:PipelineID=5debb03a-942a-497b-897e-358aac8c42fa to datanode:fc7ed98b-a7bb-4459-9411-3eb8109ffece
2023-03-09 10:16:00,909 [RatisPipelineUtilsThread - 0] INFO  pipeline.PipelineStateManagerImpl (PipelineStateManagerImpl.java:addPipeline(103)) - Created pipeline Pipeline[ Id: 5debb03a-942a-497b-897e-358aac8c42fa, Nodes: fc7ed98b-a7bb-4459-9411-3eb8109ffece(fv-az200-252.swdxaxenvgxe1kqentp15g1mgd.jx.internal.cloudapp.net/10.1.0.71), ReplicationConfig: RATIS/ONE, State:ALLOCATED, leaderId:, CreationTimestamp2023-03-09T10:16:00.908Z[Etc/UTC]].
2023-03-09 10:16:01,234 [Listener at 127.0.0.1/46781] INFO  ozone.MiniOzoneClusterImpl (MiniOzoneClusterImpl.java:lambda$waitForClusterToBeReady$0(218)) - Waiting for nodes to be ready. Got 2 of 3 DN Heartbeats.
2023-03-09 10:16:01,234 [Listener at 127.0.0.1/46781] INFO  ozone.MiniOzoneClusterImpl (MiniOzoneClusterImpl.java:lambda$waitForClusterToBeReady$0(221)) - Waiting for cluster to exit safe mode
2023-03-09 10:16:01,234 [Listener at 127.0.0.1/46781] INFO  ozone.MiniOzoneClusterImpl (MiniOzoneClusterImpl.java:lambda$waitForClusterToBeReady$0(223)) - SCM became leader
2023-03-09 10:16:01,237 [IPC Server handler 18 on default port 33427] INFO  net.NetworkTopologyImpl (NetworkTopologyImpl.java:add(112)) - Added a new node: /default-rack/82e3bfc0-83d2-421b-b906-e2486ad37597
2023-03-09 10:16:01,237 [IPC Server handler 18 on default port 33427] INFO  node.SCMNodeManager (SCMNodeManager.java:register(404)) - Registered Data node : 82e3bfc0-83d2-421b-b906-e2486ad37597{ip: 10.1.0.71, host: fv-az200-252.swdxaxenvgxe1kqentp15g1mgd.jx.internal.cloudapp.net, ports: [REPLICATION=34767, RATIS=34947, RATIS_ADMIN=34947, RATIS_SERVER=34947, RATIS_DATASTREAM=44233, STANDALONE=45835], networkLocation: /default-rack, certSerialId: null, persistedOpState: null, persistedOpStateExpiryEpochSec: 0}
2023-03-09 10:16:01,238 [EventQueue-NewNodeForNewNodeHandler] INFO  pipeline.BackgroundPipelineCreator (BackgroundPipelineCreator.java:notifyEventTriggered(276)) - trigger a one-shot run on RatisPipelineUtilsThread.
2023-03-09 10:16:01,238 [EventQueue-NodeRegistrationContainerReportForDataNodeSafeModeRule] INFO  safemode.SCMSafeModeManager (DataNodeSafeModeRule.java:process(71)) - SCM in safe mode. 3 DataNodes registered, 3 required.
2023-03-09 10:16:01,238 [EventQueue-NodeRegistrationContainerReportForDataNodeSafeModeRule] INFO  safemode.SCMSafeModeManager (SCMSafeModeManager.java:validateSafeModeExitRules(200)) - DataNodeSafeModeRule rule is successfully validated
2023-03-09 10:16:01,238 [EventQueue-NodeRegistrationContainerReportForDataNodeSafeModeRule] INFO  safemode.SCMSafeModeManager (SCMSafeModeManager.java:completePreCheck(229)) - All SCM safe mode pre check rules have passed
2023-03-09 10:16:01,238 [EventQueue-NodeRegistrationContainerReportForDataNodeSafeModeRule] INFO  ha.SCMContext (SCMContext.java:updateSafeModeStatus(228)) - Update SafeModeStatus from SafeModeStatus{safeModeStatus=true, preCheckPassed=false} to SafeModeStatus{safeModeStatus=true, preCheckPassed=true}.
2023-03-09 10:16:01,238 [EventQueue-NodeRegistrationContainerReportForDataNodeSafeModeRule] INFO  pipeline.BackgroundPipelineCreator (BackgroundPipelineCreator.java:notifyEventTriggered(276)) - trigger a one-shot run on RatisPipelineUtilsThread.
2023-03-09 10:16:01,239 [RatisPipelineUtilsThread - 0] INFO  pipeline.RatisPipelineProvider (RatisPipelineProvider.java:lambda$create$0(206)) - Sending CreatePipelineCommand for pipeline:PipelineID=1de75dbc-5475-4b1c-b4ea-6e99d10bab71 to datanode:82e3bfc0-83d2-421b-b906-e2486ad37597
2023-03-09 10:16:01,240 [RatisPipelineUtilsThread - 0] INFO  pipeline.PipelineStateManagerImpl (PipelineStateManagerImpl.java:addPipeline(103)) - Created pipeline Pipeline[ Id: 1de75dbc-5475-4b1c-b4ea-6e99d10bab71, Nodes: 82e3bfc0-83d2-421b-b906-e2486ad37597(fv-az200-252.swdxaxenvgxe1kqentp15g1mgd.jx.internal.cloudapp.net/10.1.0.71), ReplicationConfig: RATIS/ONE, State:ALLOCATED, leaderId:, CreationTimestamp2023-03-09T10:16:01.239Z[Etc/UTC]].
2023-03-09 10:16:01,244 [RatisPipelineUtilsThread - 0] INFO  pipeline.RatisPipelineProvider (RatisPipelineProvider.java:lambda$create$0(206)) - Sending CreatePipelineCommand for pipeline:PipelineID=96b2fc5c-70a3-4a14-ad2d-950aff1481f3 to datanode:fc7ed98b-a7bb-4459-9411-3eb8109ffece
2023-03-09 10:16:01,244 [RatisPipelineUtilsThread - 0] INFO  pipeline.RatisPipelineProvider (RatisPipelineProvider.java:lambda$create$0(206)) - Sending CreatePipelineCommand for pipeline:PipelineID=96b2fc5c-70a3-4a14-ad2d-950aff1481f3 to datanode:99e75673-c78c-458d-9c64-6ac5583a2163
2023-03-09 10:16:01,244 [RatisPipelineUtilsThread - 0] INFO  pipeline.RatisPipelineProvider (RatisPipelineProvider.java:lambda$create$0(206)) - Sending CreatePipelineCommand for pipeline:PipelineID=96b2fc5c-70a3-4a14-ad2d-950aff1481f3 to datanode:82e3bfc0-83d2-421b-b906-e2486ad37597
2023-03-09 10:16:01,245 [RatisPipelineUtilsThread - 0] INFO  pipeline.PipelineStateManagerImpl (PipelineStateManagerImpl.java:addPipeline(103)) - Created pipeline Pipeline[ Id: 96b2fc5c-70a3-4a14-ad2d-950aff1481f3, Nodes: fc7ed98b-a7bb-4459-9411-3eb8109ffece(fv-az200-252.swdxaxenvgxe1kqentp15g1mgd.jx.internal.cloudapp.net/10.1.0.71)99e75673-c78c-458d-9c64-6ac5583a2163(fv-az200-252.swdxaxenvgxe1kqentp15g1mgd.jx.internal.cloudapp.net/10.1.0.71)82e3bfc0-83d2-421b-b906-e2486ad37597(fv-az200-252.swdxaxenvgxe1kqentp15g1mgd.jx.internal.cloudapp.net/10.1.0.71), ReplicationConfig: RATIS/THREE, State:ALLOCATED, leaderId:, CreationTimestamp2023-03-09T10:16:01.244Z[Etc/UTC]].
2023-03-09 10:16:01,246 [RatisPipelineUtilsThread - 0] INFO  pipeline.RatisPipelineProvider (RatisPipelineProvider.java:lambda$create$0(206)) - Sending CreatePipelineCommand for pipeline:PipelineID=aa839c55-8768-4e5b-a947-666e4004eb94 to datanode:99e75673-c78c-458d-9c64-6ac5583a2163
2023-03-09 10:16:01,248 [RatisPipelineUtilsThread - 0] INFO  pipeline.RatisPipelineProvider (RatisPipelineProvider.java:lambda$create$0(206)) - Sending CreatePipelineCommand for pipeline:PipelineID=aa839c55-8768-4e5b-a947-666e4004eb94 to datanode:82e3bfc0-83d2-421b-b906-e2486ad37597
2023-03-09 10:16:01,248 [RatisPipelineUtilsThread - 0] INFO  pipeline.RatisPipelineProvider (RatisPipelineProvider.java:lambda$create$0(206)) - Sending CreatePipelineCommand for pipeline:PipelineID=aa839c55-8768-4e5b-a947-666e4004eb94 to datanode:fc7ed98b-a7bb-4459-9411-3eb8109ffece
2023-03-09 10:16:01,249 [RatisPipelineUtilsThread - 0] INFO  pipeline.PipelineStateManagerImpl (PipelineStateManagerImpl.java:addPipeline(103)) - Created pipeline Pipeline[ Id: aa839c55-8768-4e5b-a947-666e4004eb94, Nodes: 99e75673-c78c-458d-9c64-6ac5583a2163(fv-az200-252.swdxaxenvgxe1kqentp15g1mgd.jx.internal.cloudapp.net/10.1.0.71)82e3bfc0-83d2-421b-b906-e2486ad37597(fv-az200-252.swdxaxenvgxe1kqentp15g1mgd.jx.internal.cloudapp.net/10.1.0.71)fc7ed98b-a7bb-4459-9411-3eb8109ffece(fv-az200-252.swdxaxenvgxe1kqentp15g1mgd.jx.internal.cloudapp.net/10.1.0.71), ReplicationConfig: RATIS/THREE, State:ALLOCATED, leaderId:, CreationTimestamp2023-03-09T10:16:01.246Z[Etc/UTC]].
2023-03-09 10:16:01,249 [RatisPipelineUtilsThread - 0] INFO  pipeline.PipelineManagerImpl (PipelineManagerImpl.java:recordMetricsForPipeline(826)) - Pipeline: PipelineID=aa839c55-8768-4e5b-a947-666e4004eb94 contains same datanodes as previous pipelines: PipelineID=96b2fc5c-70a3-4a14-ad2d-950aff1481f3 nodeIds: 99e75673-c78c-458d-9c64-6ac5583a2163, 82e3bfc0-83d2-421b-b906-e2486ad37597, fc7ed98b-a7bb-4459-9411-3eb8109ffece
2023-03-09 10:16:01,250 [RatisPipelineUtilsThread - 0] WARN  pipeline.PipelinePlacementPolicy (PipelinePlacementPolicy.java:filterViableNodes(158)) - Pipeline creation failed due to no sufficient healthy datanodes. Required 3. Found 0.
2023-03-09 10:16:02,234 [Listener at 127.0.0.1/46781] INFO  ozone.MiniOzoneClusterImpl (MiniOzoneClusterImpl.java:lambda$waitForClusterToBeReady$0(218)) - Nodes are ready. Got 3 of 3 DN Heartbeats.
2023-03-09 10:16:02,235 [Listener at 127.0.0.1/46781] INFO  ozone.MiniOzoneClusterImpl (MiniOzoneClusterImpl.java:lambda$waitForClusterToBeReady$0(221)) - Waiting for cluster to exit safe mode
2023-03-09 10:16:02,235 [Listener at 127.0.0.1/46781] INFO  ozone.MiniOzoneClusterImpl (MiniOzoneClusterImpl.java:lambda$waitForClusterToBeReady$0(223)) - SCM became leader
2023-03-09 10:16:03,235 [Listener at 127.0.0.1/46781] INFO  ozone.MiniOzoneClusterImpl (MiniOzoneClusterImpl.java:lambda$waitForClusterToBeReady$0(218)) - Nodes are ready. Got 3 of 3 DN Heartbeats.
2023-03-09 10:16:03,235 [Listener at 127.0.0.1/46781] INFO  ozone.MiniOzoneClusterImpl (MiniOzoneClusterImpl.java:lambda$waitForClusterToBeReady$0(221)) - Waiting for cluster to exit safe mode
2023-03-09 10:16:03,235 [Listener at 127.0.0.1/46781] INFO  ozone.MiniOzoneClusterImpl (MiniOzoneClusterImpl.java:lambda$waitForClusterToBeReady$0(223)) - SCM became leader
2023-03-09 10:16:03,289 [Command processor thread] INFO  server.RaftServer (RaftServerProxy.java:addNew(96)) - 99e75673-c78c-458d-9c64-6ac5583a2163: addNew group-2F3CD87618AF:[99e75673-c78c-458d-9c64-6ac5583a2163|rpc:10.1.0.71:38593|dataStream:10.1.0.71:33341|priority:1|startupRole:FOLLOWER] returns group-2F3CD87618AF:java.util.concurrent.CompletableFuture@14eac373[Not completed]
2023-03-09 10:16:03,300 [pool-74-thread-1] INFO  server.RaftServer$Division (RaftServerImpl.java:<init>(195)) - 99e75673-c78c-458d-9c64-6ac5583a2163: new RaftServerImpl for group-2F3CD87618AF:[99e75673-c78c-458d-9c64-6ac5583a2163|rpc:10.1.0.71:38593|dataStream:10.1.0.71:33341|priority:1|startupRole:FOLLOWER] with ContainerStateMachine:uninitialized
2023-03-09 10:16:03,300 [pool-74-thread-1] INFO  server.RaftServerConfigKeys (ConfUtils.java:logGet(46)) - raft.server.rpc.timeout.min = 5s (custom)
2023-03-09 10:16:03,300 [pool-74-thread-1] INFO  server.RaftServerConfigKeys (ConfUtils.java:logGet(46)) - raft.server.rpc.timeout.max = 5200ms (custom)
2023-03-09 10:16:03,300 [pool-74-thread-1] INFO  server.RaftServerConfigKeys (ConfUtils.java:logGet(46)) - raft.server.rpc.sleep.time = 25ms (default)
2023-03-09 10:16:03,300 [pool-74-thread-1] INFO  server.RaftServerConfigKeys (ConfUtils.java:logGet(46)) - raft.server.rpc.slowness.timeout = 300s (custom)
2023-03-09 10:16:03,300 [pool-74-thread-1] INFO  server.RaftServerConfigKeys (ConfUtils.java:logGet(46)) - raft.server.leaderelection.leader.step-down.wait-time = 10s (default)
2023-03-09 10:16:03,300 [pool-74-thread-1] INFO  server.RaftServerConfigKeys (ConfUtils.java:logGet(46)) - raft.server.sleep.deviation.threshold = 300ms (default)
2023-03-09 10:16:03,301 [pool-74-thread-1] INFO  server.RaftServer$Division (ServerState.java:<init>(118)) - 99e75673-c78c-458d-9c64-6ac5583a2163@group-2F3CD87618AF: ConfigurationManager, init=-1: peers:[99e75673-c78c-458d-9c64-6ac5583a2163|rpc:10.1.0.71:38593|dataStream:10.1.0.71:33341|priority:1|startupRole:FOLLOWER]|listeners:[], old=null, confs=<EMPTY_MAP>
2023-03-09 10:16:03,301 [pool-74-thread-1] INFO  server.RaftServerConfigKeys (ConfUtils.java:logGet(46)) - raft.server.storage.dir = [/home/runner/work/ozone/ozone/hadoop-ozone/integration-test/target/test-dir/MiniOzoneClusterImpl-5f16ed77-7c5c-4847-9cc1-45aa7644631b/datanode-0/data/ratis] (custom)
2023-03-09 10:16:03,301 [pool-74-thread-1] INFO  server.RaftServerConfigKeys (ConfUtils.java:logGet(46)) - raft.server.log.corruption.policy = EXCEPTION (default)
2023-03-09 10:16:03,301 [pool-74-thread-1] INFO  server.RaftServerConfigKeys (ConfUtils.java:logGet(46)) - raft.server.storage.free-space.min = 0MB (=0) (default)
2023-03-09 10:16:03,301 [pool-74-thread-1] INFO  server.RaftServerConfigKeys (ConfUtils.java:logGet(46)) - raft.server.notification.no-leader.timeout = 300s (custom)
2023-03-09 10:16:03,301 [pool-74-thread-1] INFO  server.RaftServerConfigKeys (ConfUtils.java:logGet(46)) - raft.server.retrycache.expirytime = 600000ms (custom)
2023-03-09 10:16:03,301 [pool-74-thread-1] INFO  server.RaftServerConfigKeys (ConfUtils.java:logGet(46)) - raft.server.retrycache.statistics.expirytime = 100μs (default)
2023-03-09 10:16:03,303 [pool-74-thread-1] INFO  server.RaftServerConfigKeys (ConfUtils.java:logGet(46)) - raft.server.log.appender.install.snapshot.enabled = false (custom)
2023-03-09 10:16:03,303 [pool-74-thread-1] INFO  server.RaftServerConfigKeys (ConfUtils.java:logGet(46)) - raft.server.threadpool.server.cached = true (default)
2023-03-09 10:16:03,303 [pool-74-thread-1] INFO  server.RaftServerConfigKeys (ConfUtils.java:logGet(46)) - raft.server.threadpool.server.size = 0 (default)
2023-03-09 10:16:03,303 [pool-74-thread-1] INFO  server.RaftServerConfigKeys (ConfUtils.java:logGet(46)) - raft.server.threadpool.client.cached = true (default)
2023-03-09 10:16:03,303 [pool-74-thread-1] INFO  server.RaftServerConfigKeys (ConfUtils.java:logGet(46)) - raft.server.threadpool.client.size = 0 (default)
2023-03-09 10:16:03,304 [pool-74-thread-1] INFO  storage.RaftStorageDirectory (RaftStorageDirectoryImpl.java:analyzeStorage(137)) - The storage directory /home/runner/work/ozone/ozone/hadoop-ozone/integration-test/target/test-dir/MiniOzoneClusterImpl-5f16ed77-7c5c-4847-9cc1-45aa7644631b/datanode-0/data/ratis/3fab2826-debe-442b-9a86-2f3cd87618af does not exist. Creating ...
2023-03-09 10:16:03,307 [pool-74-thread-1] INFO  storage.RaftStorageDirectory (RaftStorageDirectoryImpl.java:tryLock(231)) - Lock on /home/runner/work/ozone/ozone/hadoop-ozone/integration-test/target/test-dir/MiniOzoneClusterImpl-5f16ed77-7c5c-4847-9cc1-45aa7644631b/datanode-0/data/ratis/3fab2826-debe-442b-9a86-2f3cd87618af/in_use.lock acquired by nodename 3065@fv-az200-252
2023-03-09 10:16:03,310 [pool-74-thread-1] INFO  storage.RaftStorage (RaftStorageImpl.java:format(96)) - Storage directory /home/runner/work/ozone/ozone/hadoop-ozone/integration-test/target/test-dir/MiniOzoneClusterImpl-5f16ed77-7c5c-4847-9cc1-45aa7644631b/datanode-0/data/ratis/3fab2826-debe-442b-9a86-2f3cd87618af has been successfully formatted.
2023-03-09 10:16:03,315 [pool-74-thread-1] INFO  ratis.ContainerStateMachine (ContainerStateMachine.java:loadSnapshot(240)) - group-2F3CD87618AF: The snapshot info is null. Setting the last applied indexto:(t:0, i:~)
2023-03-09 10:16:03,315 [pool-74-thread-1] INFO  server.RaftServerConfigKeys (ConfUtils.java:logGet(46)) - raft.server.log.use.memory = false (default)
2023-03-09 10:16:03,315 [pool-74-thread-1] INFO  server.RaftServerConfigKeys (ConfUtils.java:logGet(46)) - raft.server.log.purge.gap = 1000000 (custom)
2023-03-09 10:16:03,315 [pool-74-thread-1] INFO  server.RaftServerConfigKeys (ConfUtils.java:logGet(46)) - raft.server.log.appender.buffer.byte-limit = 33554432 (custom)
2023-03-09 10:16:03,315 [pool-74-thread-1] INFO  server.RaftServerConfigKeys (ConfUtils.java:logGet(46)) - raft.server.log.statemachine.data.read.timeout = 1000ms (default)
2023-03-09 10:16:03,315 [pool-74-thread-1] INFO  server.RaftServerConfigKeys (ConfUtils.java:logGet(46)) - raft.server.log.purge.preservation.log.num = 0 (default)
2023-03-09 10:16:03,317 [pool-74-thread-1] INFO  server.RaftServerConfigKeys (ConfUtils.java:logGet(46)) - raft.server.log.segment.size.max = 1048576 (custom)
2023-03-09 10:16:03,317 [pool-74-thread-1] INFO  server.RaftServerConfigKeys (ConfUtils.java:logGet(46)) - raft.server.log.segment.cache.num.max = 2 (custom)
2023-03-09 10:16:03,318 [pool-74-thread-1] INFO  server.RaftServerConfigKeys (ConfUtils.java:logGet(46)) - raft.server.log.segment.cache.size.max = 200MB (=209715200) (default)
2023-03-09 10:16:03,318 [pool-74-thread-1] INFO  segmented.SegmentedRaftLogWorker (SegmentedRaftLogWorker.java:<init>(189)) - new 99e75673-c78c-458d-9c64-6ac5583a2163@group-2F3CD87618AF-SegmentedRaftLogWorker for RaftStorageImpl:Storage Directory /home/runner/work/ozone/ozone/hadoop-ozone/integration-test/target/test-dir/MiniOzoneClusterImpl-5f16ed77-7c5c-4847-9cc1-45aa7644631b/datanode-0/data/ratis/3fab2826-debe-442b-9a86-2f3cd87618af
2023-03-09 10:16:03,318 [pool-74-thread-1] INFO  server.RaftServerConfigKeys (ConfUtils.java:logGet(46)) - raft.server.log.queue.byte-limit = 4294967296 (custom)
2023-03-09 10:16:03,318 [pool-74-thread-1] INFO  server.RaftServerConfigKeys (ConfUtils.java:logGet(46)) - raft.server.log.queue.element-limit = 1024 (custom)
2023-03-09 10:16:03,318 [pool-74-thread-1] INFO  server.RaftServerConfigKeys (ConfUtils.java:logGet(46)) - raft.server.log.segment.size.max = 1048576 (custom)
2023-03-09 10:16:03,318 [pool-74-thread-1] INFO  server.RaftServerConfigKeys (ConfUtils.java:logGet(46)) - raft.server.log.preallocated.size = 16384 (custom)
2023-03-09 10:16:03,318 [pool-74-thread-1] INFO  server.RaftServerConfigKeys (ConfUtils.java:logGet(46)) - raft.server.log.force.sync.num = 128 (default)
2023-03-09 10:16:03,319 [pool-74-thread-1] INFO  server.RaftServerConfigKeys (ConfUtils.java:logGet(46)) - raft.server.log.statemachine.data.sync = true (default)
2023-03-09 10:16:03,319 [pool-74-thread-1] INFO  server.RaftServerConfigKeys (ConfUtils.java:logGet(46)) - raft.server.log.statemachine.data.sync.timeout = 10s (default)
2023-03-09 10:16:03,319 [pool-74-thread-1] INFO  server.RaftServerConfigKeys (ConfUtils.java:logGet(46)) - raft.server.log.statemachine.data.sync.timeout.retry = -1 (default)
2023-03-09 10:16:03,322 [pool-74-thread-1] INFO  server.RaftServerConfigKeys (ConfUtils.java:logGet(46)) - raft.server.log.write.buffer.size = 1048576 (custom)
2023-03-09 10:16:03,323 [pool-74-thread-1] INFO  server.RaftServerConfigKeys (ConfUtils.java:logGet(46)) - raft.server.log.appender.buffer.byte-limit = 33554432 (custom)
2023-03-09 10:16:03,331 [pool-74-thread-1] INFO  server.RaftServerConfigKeys (ConfUtils.java:logGet(46)) - raft.server.log.unsafe-flush.enabled = false (default)
2023-03-09 10:16:03,331 [pool-74-thread-1] INFO  server.RaftServerConfigKeys (ConfUtils.java:logGet(46)) - raft.server.log.async-flush.enabled = false (default)
2023-03-09 10:16:03,331 [pool-74-thread-1] INFO  server.RaftServerConfigKeys (ConfUtils.java:logGet(46)) - raft.server.log.statemachine.data.caching.enabled = true (custom)
2023-03-09 10:16:03,332 [pool-74-thread-1] INFO  segmented.SegmentedRaftLogWorker (SegmentedRaftLogWorker.java:lambda$new$0(135)) - 99e75673-c78c-458d-9c64-6ac5583a2163@group-2F3CD87618AF-SegmentedRaftLogWorker: flushIndex: setUnconditionally 0 -> -1
2023-03-09 10:16:03,332 [pool-74-thread-1] INFO  segmented.SegmentedRaftLogWorker (SegmentedRaftLogWorker.java:lambda$new$0(135)) - 99e75673-c78c-458d-9c64-6ac5583a2163@group-2F3CD87618AF-SegmentedRaftLogWorker: safeCacheEvictIndex: setUnconditionally 0 -> -1
2023-03-09 10:16:03,332 [pool-74-thread-1] INFO  server.RaftServer$Division (RaftServerImpl.java:start(334)) - 99e75673-c78c-458d-9c64-6ac5583a2163@group-2F3CD87618AF: start as a follower, conf=-1: peers:[99e75673-c78c-458d-9c64-6ac5583a2163|rpc:10.1.0.71:38593|dataStream:10.1.0.71:33341|priority:1|startupRole:FOLLOWER]|listeners:[], old=null
2023-03-09 10:16:03,332 [pool-74-thread-1] INFO  server.RaftServer$Division (RaftServerImpl.java:setRole(321)) - 99e75673-c78c-458d-9c64-6ac5583a2163@group-2F3CD87618AF: changes role from      null to FOLLOWER at term 0 for startAsFollower
2023-03-09 10:16:03,332 [pool-74-thread-1] INFO  impl.RoleInfo (RoleInfo.java:updateAndGet(139)) - 99e75673-c78c-458d-9c64-6ac5583a2163: start 99e75673-c78c-458d-9c64-6ac5583a2163@group-2F3CD87618AF-FollowerState
2023-03-09 10:16:03,332 [EventQueue-PipelineReportForPipelineReportHandler] INFO  pipeline.PipelineManagerImpl (PipelineManagerImpl.java:openPipeline(367)) - Pipeline Pipeline[ Id: 3fab2826-debe-442b-9a86-2f3cd87618af, Nodes: 99e75673-c78c-458d-9c64-6ac5583a2163(fv-az200-252.swdxaxenvgxe1kqentp15g1mgd.jx.internal.cloudapp.net/10.1.0.71), ReplicationConfig: RATIS/ONE, State:ALLOCATED, leaderId:99e75673-c78c-458d-9c64-6ac5583a2163, CreationTimestamp2023-03-09T10:16:00.304Z[Etc/UTC]] moved to OPEN state
2023-03-09 10:16:03,333 [pool-74-thread-1] INFO  util.JmxRegister (JmxRegister.java:tryRegister(44)) - Successfully registered JMX Bean with object name Ratis:service=RaftServer,group=group-2F3CD87618AF,id=99e75673-c78c-458d-9c64-6ac5583a2163
2023-03-09 10:16:03,333 [pool-74-thread-1] INFO  server.RaftServerConfigKeys (ConfUtils.java:logGet(46)) - raft.server.snapshot.auto.trigger.enabled = true (custom)
2023-03-09 10:16:03,333 [pool-74-thread-1] INFO  server.RaftServerConfigKeys (ConfUtils.java:logGet(46)) - raft.server.snapshot.auto.trigger.threshold = 10000 (custom)
2023-03-09 10:16:03,333 [pool-74-thread-1] INFO  server.RaftServerConfigKeys (ConfUtils.java:logGet(46)) - raft.server.snapshot.retention.file.num = 5 (custom)
2023-03-09 10:16:03,333 [pool-74-thread-1] INFO  server.RaftServerConfigKeys (ConfUtils.java:logGet(46)) - raft.server.log.purge.upto.snapshot.index = false (default)
2023-03-09 10:16:03,334 [99e75673-c78c-458d-9c64-6ac5583a2163@group-2F3CD87618AF-FollowerState] INFO  server.RaftServerConfigKeys (ConfUtils.java:logFallback(53)) - raft.server.rpc.first-election.timeout.min = 5s (fallback to raft.server.rpc.timeout.min)
2023-03-09 10:16:03,334 [99e75673-c78c-458d-9c64-6ac5583a2163@group-2F3CD87618AF-FollowerState] INFO  server.RaftServerConfigKeys (ConfUtils.java:logFallback(53)) - raft.server.rpc.first-election.timeout.max = 5200ms (fallback to raft.server.rpc.timeout.max)
2023-03-09 10:16:03,346 [Command processor thread] INFO  ratis.XceiverServerRatis (XceiverServerRatis.java:addGroup(807)) - Created group PipelineID=3fab2826-debe-442b-9a86-2f3cd87618af
2023-03-09 10:16:03,347 [Command processor thread] INFO  commandhandler.CreatePipelineCommandHandler (CreatePipelineCommandHandler.java:handle(113)) - Created Pipeline RATIS ONE PipelineID=3fab2826-debe-442b-9a86-2f3cd87618af.
2023-03-09 10:16:03,347 [Command processor thread] INFO  server.RaftServer (RaftServerProxy.java:addNew(96)) - 99e75673-c78c-458d-9c64-6ac5583a2163: addNew group-950AFF1481F3:[99e75673-c78c-458d-9c64-6ac5583a2163|rpc:10.1.0.71:38593|dataStream:10.1.0.71:33341|priority:0|startupRole:FOLLOWER, fc7ed98b-a7bb-4459-9411-3eb8109ffece|rpc:10.1.0.71:42295|dataStream:10.1.0.71:35417|priority:0|startupRole:FOLLOWER, 82e3bfc0-83d2-421b-b906-e2486ad37597|rpc:10.1.0.71:34947|dataStream:10.1.0.71:44233|priority:1|startupRole:FOLLOWER] returns group-950AFF1481F3:java.util.concurrent.CompletableFuture@70a3c726[Not completed]
2023-03-09 10:16:03,349 [pool-74-thread-1] INFO  server.RaftServer$Division (RaftServerImpl.java:<init>(195)) - 99e75673-c78c-458d-9c64-6ac5583a2163: new RaftServerImpl for group-950AFF1481F3:[99e75673-c78c-458d-9c64-6ac5583a2163|rpc:10.1.0.71:38593|dataStream:10.1.0.71:33341|priority:0|startupRole:FOLLOWER, fc7ed98b-a7bb-4459-9411-3eb8109ffece|rpc:10.1.0.71:42295|dataStream:10.1.0.71:35417|priority:0|startupRole:FOLLOWER, 82e3bfc0-83d2-421b-b906-e2486ad37597|rpc:10.1.0.71:34947|dataStream:10.1.0.71:44233|priority:1|startupRole:FOLLOWER] with ContainerStateMachine:uninitialized
2023-03-09 10:16:03,349 [pool-74-thread-1] INFO  server.RaftServerConfigKeys (ConfUtils.java:logGet(46)) - raft.server.rpc.timeout.min = 5s (custom)
2023-03-09 10:16:03,349 [pool-74-thread-1] INFO  server.RaftServerConfigKeys (ConfUtils.java:logGet(46)) - raft.server.rpc.timeout.max = 5200ms (custom)
2023-03-09 10:16:03,349 [pool-74-thread-1] INFO  server.RaftServerConfigKeys (ConfUtils.java:logGet(46)) - raft.server.rpc.sleep.time = 25ms (default)
2023-03-09 10:16:03,349 [pool-74-thread-1] INFO  server.RaftServerConfigKeys (ConfUtils.java:logGet(46)) - raft.server.rpc.slowness.timeout = 300s (custom)
2023-03-09 10:16:03,349 [pool-74-thread-1] INFO  server.RaftServerConfigKeys (ConfUtils.java:logGet(46)) - raft.server.leaderelection.leader.step-down.wait-time = 10s (default)
2023-03-09 10:16:03,349 [pool-74-thread-1] INFO  server.RaftServerConfigKeys (ConfUtils.java:logGet(46)) - raft.server.sleep.deviation.threshold = 300ms (default)
2023-03-09 10:16:03,353 [pool-74-thread-1] INFO  server.RaftServer$Division (ServerState.java:<init>(118)) - 99e75673-c78c-458d-9c64-6ac5583a2163@group-950AFF1481F3: ConfigurationManager, init=-1: peers:[99e75673-c78c-458d-9c64-6ac5583a2163|rpc:10.1.0.71:38593|dataStream:10.1.0.71:33341|priority:0|startupRole:FOLLOWER, fc7ed98b-a7bb-4459-9411-3eb8109ffece|rpc:10.1.0.71:42295|dataStream:10.1.0.71:35417|priority:0|startupRole:FOLLOWER, 82e3bfc0-83d2-421b-b906-e2486ad37597|rpc:10.1.0.71:34947|dataStream:10.1.0.71:44233|priority:1|startupRole:FOLLOWER]|listeners:[], old=null, confs=<EMPTY_MAP>
2023-03-09 10:16:03,354 [pool-74-thread-1] INFO  server.RaftServerConfigKeys (ConfUtils.java:logGet(46)) - raft.server.storage.dir = [/home/runner/work/ozone/ozone/hadoop-ozone/integration-test/target/test-dir/MiniOzoneClusterImpl-5f16ed77-7c5c-4847-9cc1-45aa7644631b/datanode-0/data/ratis] (custom)
2023-03-09 10:16:03,354 [pool-74-thread-1] INFO  server.RaftServerConfigKeys (ConfUtils.java:logGet(46)) - raft.server.log.corruption.policy = EXCEPTION (default)
2023-03-09 10:16:03,354 [pool-74-thread-1] INFO  server.RaftServerConfigKeys (ConfUtils.java:logGet(46)) - raft.server.storage.free-space.min = 0MB (=0) (default)
2023-03-09 10:16:03,354 [pool-74-thread-1] INFO  server.RaftServerConfigKeys (ConfUtils.java:logGet(46)) - raft.server.notification.no-leader.timeout = 300s (custom)
2023-03-09 10:16:03,354 [pool-74-thread-1] INFO  server.RaftServerConfigKeys (ConfUtils.java:logGet(46)) - raft.server.retrycache.expirytime = 600000ms (custom)
2023-03-09 10:16:03,354 [pool-74-thread-1] INFO  server.RaftServerConfigKeys (ConfUtils.java:logGet(46)) - raft.server.retrycache.statistics.expirytime = 100μs (default)
2023-03-09 10:16:03,356 [pool-74-thread-1] INFO  server.RaftServerConfigKeys (ConfUtils.java:logGet(46)) - raft.server.log.appender.install.snapshot.enabled = false (custom)
2023-03-09 10:16:03,357 [pool-74-thread-1] INFO  server.RaftServerConfigKeys (ConfUtils.java:logGet(46)) - raft.server.threadpool.server.cached = true (default)
2023-03-09 10:16:03,357 [pool-74-thread-1] INFO  server.RaftServerConfigKeys (ConfUtils.java:logGet(46)) - raft.server.threadpool.server.size = 0 (default)
2023-03-09 10:16:03,357 [pool-74-thread-1] INFO  server.RaftServerConfigKeys (ConfUtils.java:logGet(46)) - raft.server.threadpool.client.cached = true (default)
2023-03-09 10:16:03,357 [pool-74-thread-1] INFO  server.RaftServerConfigKeys (ConfUtils.java:logGet(46)) - raft.server.threadpool.client.size = 0 (default)
2023-03-09 10:16:03,357 [pool-74-thread-1] INFO  storage.RaftStorageDirectory (RaftStorageDirectoryImpl.java:analyzeStorage(137)) - The storage directory /home/runner/work/ozone/ozone/hadoop-ozone/integration-test/target/test-dir/MiniOzoneClusterImpl-5f16ed77-7c5c-4847-9cc1-45aa7644631b/datanode-0/data/ratis/96b2fc5c-70a3-4a14-ad2d-950aff1481f3 does not exist. Creating ...
2023-03-09 10:16:03,358 [EventQueue-OpenPipelineForHealthyPipelineSafeModeRule] INFO  safemode.SCMSafeModeManager (HealthyPipelineSafeModeRule.java:process(137)) - SCM in safe mode. Healthy pipelines reported count is 0, required healthy pipeline reported count is 1
2023-03-09 10:16:03,360 [pool-74-thread-1] INFO  storage.RaftStorageDirectory (RaftStorageDirectoryImpl.java:tryLock(231)) - Lock on /home/runner/work/ozone/ozone/hadoop-ozone/integration-test/target/test-dir/MiniOzoneClusterImpl-5f16ed77-7c5c-4847-9cc1-45aa7644631b/datanode-0/data/ratis/96b2fc5c-70a3-4a14-ad2d-950aff1481f3/in_use.lock acquired by nodename 3065@fv-az200-252
2023-03-09 10:16:03,362 [pool-74-thread-1] INFO  storage.RaftStorage (RaftStorageImpl.java:format(96)) - Storage directory /home/runner/work/ozone/ozone/hadoop-ozone/integration-test/target/test-dir/MiniOzoneClusterImpl-5f16ed77-7c5c-4847-9cc1-45aa7644631b/datanode-0/data/ratis/96b2fc5c-70a3-4a14-ad2d-950aff1481f3 has been successfully formatted.
2023-03-09 10:16:03,363 [pool-74-thread-1] INFO  ratis.ContainerStateMachine (ContainerStateMachine.java:loadSnapshot(240)) - group-950AFF1481F3: The snapshot info is null. Setting the last applied indexto:(t:0, i:~)
2023-03-09 10:16:03,363 [pool-74-thread-1] INFO  server.RaftServerConfigKeys (ConfUtils.java:logGet(46)) - raft.server.log.use.memory = false (default)
2023-03-09 10:16:03,363 [pool-74-thread-1] INFO  server.RaftServerConfigKeys (ConfUtils.java:logGet(46)) - raft.server.log.purge.gap = 1000000 (custom)
2023-03-09 10:16:03,363 [pool-74-thread-1] INFO  server.RaftServerConfigKeys (ConfUtils.java:logGet(46)) - raft.server.log.appender.buffer.byte-limit = 33554432 (custom)
2023-03-09 10:16:03,363 [pool-74-thread-1] INFO  server.RaftServerConfigKeys (ConfUtils.java:logGet(46)) - raft.server.log.statemachine.data.read.timeout = 1000ms (default)
2023-03-09 10:16:03,363 [pool-74-thread-1] INFO  server.RaftServerConfigKeys (ConfUtils.java:logGet(46)) - raft.server.log.purge.preservation.log.num = 0 (default)
2023-03-09 10:16:03,364 [pool-74-thread-1] INFO  server.RaftServerConfigKeys (ConfUtils.java:logGet(46)) - raft.server.log.segment.size.max = 1048576 (custom)
2023-03-09 10:16:03,364 [pool-74-thread-1] INFO  server.RaftServerConfigKeys (ConfUtils.java:logGet(46)) - raft.server.log.segment.cache.num.max = 2 (custom)
2023-03-09 10:16:03,364 [pool-74-thread-1] INFO  server.RaftServerConfigKeys (ConfUtils.java:logGet(46)) - raft.server.log.segment.cache.size.max = 200MB (=209715200) (default)
2023-03-09 10:16:03,364 [pool-74-thread-1] INFO  segmented.SegmentedRaftLogWorker (SegmentedRaftLogWorker.java:<init>(189)) - new 99e75673-c78c-458d-9c64-6ac5583a2163@group-950AFF1481F3-SegmentedRaftLogWorker for RaftStorageImpl:Storage Directory /home/runner/work/ozone/ozone/hadoop-ozone/integration-test/target/test-dir/MiniOzoneClusterImpl-5f16ed77-7c5c-4847-9cc1-45aa7644631b/datanode-0/data/ratis/96b2fc5c-70a3-4a14-ad2d-950aff1481f3
2023-03-09 10:16:03,365 [pool-74-thread-1] INFO  server.RaftServerConfigKeys (ConfUtils.java:logGet(46)) - raft.server.log.queue.byte-limit = 4294967296 (custom)
2023-03-09 10:16:03,365 [pool-74-thread-1] INFO  server.RaftServerConfigKeys (ConfUtils.java:logGet(46)) - raft.server.log.queue.element-limit = 1024 (custom)
2023-03-09 10:16:03,365 [pool-74-thread-1] INFO  server.RaftServerConfigKeys (ConfUtils.java:logGet(46)) - raft.server.log.segment.size.max = 1048576 (custom)
2023-03-09 10:16:03,365 [pool-74-thread-1] INFO  server.RaftServerConfigKeys (ConfUtils.java:logGet(46)) - raft.server.log.preallocated.size = 16384 (custom)
2023-03-09 10:16:03,365 [pool-74-thread-1] INFO  server.RaftServerConfigKeys (ConfUtils.java:logGet(46)) - raft.server.log.force.sync.num = 128 (default)
2023-03-09 10:16:03,365 [EventQueue-OpenPipelineForHealthyPipelineSafeModeRule] INFO  safemode.SCMSafeModeManager (HealthyPipelineSafeModeRule.java:process(137)) - SCM in safe mode. Healthy pipelines reported count is 0, required healthy pipeline reported count is 1
2023-03-09 10:16:03,365 [pool-74-thread-1] INFO  server.RaftServerConfigKeys (ConfUtils.java:logGet(46)) - raft.server.log.statemachine.data.sync = true (default)
2023-03-09 10:16:03,365 [pool-74-thread-1] INFO  server.RaftServerConfigKeys (ConfUtils.java:logGet(46)) - raft.server.log.statemachine.data.sync.timeout = 10s (default)
2023-03-09 10:16:03,366 [pool-74-thread-1] INFO  server.RaftServerConfigKeys (ConfUtils.java:logGet(46)) - raft.server.log.statemachine.data.sync.timeout.retry = -1 (default)
2023-03-09 10:16:03,368 [pool-74-thread-1] INFO  server.RaftServerConfigKeys (ConfUtils.java:logGet(46)) - raft.server.log.write.buffer.size = 1048576 (custom)
2023-03-09 10:16:03,368 [pool-74-thread-1] INFO  server.RaftServerConfigKeys (ConfUtils.java:logGet(46)) - raft.server.log.appender.buffer.byte-limit = 33554432 (custom)
2023-03-09 10:16:03,377 [pool-74-thread-1] INFO  server.RaftServerConfigKeys (ConfUtils.java:logGet(46)) - raft.server.log.unsafe-flush.enabled = false (default)
2023-03-09 10:16:03,378 [pool-74-thread-1] INFO  server.RaftServerConfigKeys (ConfUtils.java:logGet(46)) - raft.server.log.async-flush.enabled = false (default)
2023-03-09 10:16:03,378 [pool-74-thread-1] INFO  server.RaftServerConfigKeys (ConfUtils.java:logGet(46)) - raft.server.log.statemachine.data.caching.enabled = true (custom)
2023-03-09 10:16:03,378 [pool-74-thread-1] INFO  segmented.SegmentedRaftLogWorker (SegmentedRaftLogWorker.java:lambda$new$0(135)) - 99e75673-c78c-458d-9c64-6ac5583a2163@group-950AFF1481F3-SegmentedRaftLogWorker: flushIndex: setUnconditionally 0 -> -1
2023-03-09 10:16:03,378 [pool-74-thread-1] INFO  segmented.SegmentedRaftLogWorker (SegmentedRaftLogWorker.java:lambda$new$0(135)) - 99e75673-c78c-458d-9c64-6ac5583a2163@group-950AFF1481F3-SegmentedRaftLogWorker: safeCacheEvictIndex: setUnconditionally 0 -> -1
2023-03-09 10:16:03,382 [pool-74-thread-1] INFO  server.RaftServer$Division (RaftServerImpl.java:start(334)) - 99e75673-c78c-458d-9c64-6ac5583a2163@group-950AFF1481F3: start as a follower, conf=-1: peers:[99e75673-c78c-458d-9c64-6ac5583a2163|rpc:10.1.0.71:38593|dataStream:10.1.0.71:33341|priority:0|startupRole:FOLLOWER, fc7ed98b-a7bb-4459-9411-3eb8109ffece|rpc:10.1.0.71:42295|dataStream:10.1.0.71:35417|priority:0|startupRole:FOLLOWER, 82e3bfc0-83d2-421b-b906-e2486ad37597|rpc:10.1.0.71:34947|dataStream:10.1.0.71:44233|priority:1|startupRole:FOLLOWER]|listeners:[], old=null
2023-03-09 10:16:03,382 [pool-74-thread-1] INFO  server.RaftServer$Division (RaftServerImpl.java:setRole(321)) - 99e75673-c78c-458d-9c64-6ac5583a2163@group-950AFF1481F3: changes role from      null to FOLLOWER at term 0 for startAsFollower
2023-03-09 10:16:03,382 [pool-74-thread-1] INFO  impl.RoleInfo (RoleInfo.java:updateAndGet(139)) - 99e75673-c78c-458d-9c64-6ac5583a2163: start 99e75673-c78c-458d-9c64-6ac5583a2163@group-950AFF1481F3-FollowerState
2023-03-09 10:16:03,386 [pool-74-thread-1] INFO  util.JmxRegister (JmxRegister.java:tryRegister(44)) - Successfully registered JMX Bean with object name Ratis:service=RaftServer,group=group-950AFF1481F3,id=99e75673-c78c-458d-9c64-6ac5583a2163
2023-03-09 10:16:03,386 [pool-74-thread-1] INFO  server.RaftServerConfigKeys (ConfUtils.java:logGet(46)) - raft.server.snapshot.auto.trigger.enabled = true (custom)
2023-03-09 10:16:03,386 [pool-74-thread-1] INFO  server.RaftServerConfigKeys (ConfUtils.java:logGet(46)) - raft.server.snapshot.auto.trigger.threshold = 10000 (custom)
2023-03-09 10:16:03,386 [pool-74-thread-1] INFO  server.RaftServerConfigKeys (ConfUtils.java:logGet(46)) - raft.server.snapshot.retention.file.num = 5 (custom)
2023-03-09 10:16:03,386 [pool-74-thread-1] INFO  server.RaftServerConfigKeys (ConfUtils.java:logGet(46)) - raft.server.log.purge.upto.snapshot.index = false (default)
2023-03-09 10:16:03,388 [99e75673-c78c-458d-9c64-6ac5583a2163@group-950AFF1481F3-FollowerState] INFO  server.RaftServerConfigKeys (ConfUtils.java:logFallback(53)) - raft.server.rpc.first-election.timeout.min = 5s (fallback to raft.server.rpc.timeout.min)
2023-03-09 10:16:03,390 [Command processor thread] INFO  ratis.XceiverServerRatis (XceiverServerRatis.java:addGroup(807)) - Created group PipelineID=96b2fc5c-70a3-4a14-ad2d-950aff1481f3
2023-03-09 10:16:03,390 [99e75673-c78c-458d-9c64-6ac5583a2163@group-950AFF1481F3-FollowerState] INFO  server.RaftServerConfigKeys (ConfUtils.java:logFallback(53)) - raft.server.rpc.first-election.timeout.max = 5200ms (fallback to raft.server.rpc.timeout.max)
2023-03-09 10:16:03,792 [grpc-default-executor-0] INFO  server.RaftServer (RaftServerProxy.java:addNew(96)) - fc7ed98b-a7bb-4459-9411-3eb8109ffece: addNew group-950AFF1481F3:[99e75673-c78c-458d-9c64-6ac5583a2163|rpc:10.1.0.71:38593|dataStream:10.1.0.71:33341|priority:0|startupRole:FOLLOWER, fc7ed98b-a7bb-4459-9411-3eb8109ffece|rpc:10.1.0.71:42295|dataStream:10.1.0.71:35417|priority:0|startupRole:FOLLOWER, 82e3bfc0-83d2-421b-b906-e2486ad37597|rpc:10.1.0.71:34947|dataStream:10.1.0.71:44233|priority:1|startupRole:FOLLOWER] returns group-950AFF1481F3:java.util.concurrent.CompletableFuture@5d345013[Not completed]
2023-03-09 10:16:03,797 [pool-96-thread-1] INFO  server.RaftServer$Division (RaftServerImpl.java:<init>(195)) - fc7ed98b-a7bb-4459-9411-3eb8109ffece: new RaftServerImpl for group-950AFF1481F3:[99e75673-c78c-458d-9c64-6ac5583a2163|rpc:10.1.0.71:38593|dataStream:10.1.0.71:33341|priority:0|startupRole:FOLLOWER, fc7ed98b-a7bb-4459-9411-3eb8109ffece|rpc:10.1.0.71:42295|dataStream:10.1.0.71:35417|priority:0|startupRole:FOLLOWER, 82e3bfc0-83d2-421b-b906-e2486ad37597|rpc:10.1.0.71:34947|dataStream:10.1.0.71:44233|priority:1|startupRole:FOLLOWER] with ContainerStateMachine:uninitialized
2023-03-09 10:16:03,798 [pool-96-thread-1] INFO  server.RaftServerConfigKeys (ConfUtils.java:logGet(46)) - raft.server.rpc.timeout.min = 5s (custom)
2023-03-09 10:16:03,798 [pool-96-thread-1] INFO  server.RaftServerConfigKeys (ConfUtils.java:logGet(46)) - raft.server.rpc.timeout.max = 5200ms (custom)
2023-03-09 10:16:03,799 [pool-96-thread-1] INFO  server.RaftServerConfigKeys (ConfUtils.java:logGet(46)) - raft.server.rpc.sleep.time = 25ms (default)
2023-03-09 10:16:03,799 [pool-96-thread-1] INFO  server.RaftServerConfigKeys (ConfUtils.java:logGet(46)) - raft.server.rpc.slowness.timeout = 300s (custom)
2023-03-09 10:16:03,799 [pool-96-thread-1] INFO  server.RaftServerConfigKeys (ConfUtils.java:logGet(46)) - raft.server.leaderelection.leader.step-down.wait-time = 10s (default)
2023-03-09 10:16:03,799 [pool-96-thread-1] INFO  server.RaftServerConfigKeys (ConfUtils.java:logGet(46)) - raft.server.sleep.deviation.threshold = 300ms (default)
2023-03-09 10:16:03,799 [pool-96-thread-1] INFO  server.RaftServer$Division (ServerState.java:<init>(118)) - fc7ed98b-a7bb-4459-9411-3eb8109ffece@group-950AFF1481F3: ConfigurationManager, init=-1: peers:[99e75673-c78c-458d-9c64-6ac5583a2163|rpc:10.1.0.71:38593|dataStream:10.1.0.71:33341|priority:0|startupRole:FOLLOWER, fc7ed98b-a7bb-4459-9411-3eb8109ffece|rpc:10.1.0.71:42295|dataStream:10.1.0.71:35417|priority:0|startupRole:FOLLOWER, 82e3bfc0-83d2-421b-b906-e2486ad37597|rpc:10.1.0.71:34947|dataStream:10.1.0.71:44233|priority:1|startupRole:FOLLOWER]|listeners:[], old=null, confs=<EMPTY_MAP>
2023-03-09 10:16:03,800 [pool-96-thread-1] INFO  server.RaftServerConfigKeys (ConfUtils.java:logGet(46)) - raft.server.storage.dir = [/home/runner/work/ozone/ozone/hadoop-ozone/integration-test/target/test-dir/MiniOzoneClusterImpl-5f16ed77-7c5c-4847-9cc1-45aa7644631b/datanode-1/data/ratis] (custom)
2023-03-09 10:16:03,800 [pool-96-thread-1] INFO  server.RaftServerConfigKeys (ConfUtils.java:logGet(46)) - raft.server.log.corruption.policy = EXCEPTION (default)
2023-03-09 10:16:03,800 [pool-96-thread-1] INFO  server.RaftServerConfigKeys (ConfUtils.java:logGet(46)) - raft.server.storage.free-space.min = 0MB (=0) (default)
2023-03-09 10:16:03,800 [pool-96-thread-1] INFO  server.RaftServerConfigKeys (ConfUtils.java:logGet(46)) - raft.server.notification.no-leader.timeout = 300s (custom)
2023-03-09 10:16:03,800 [pool-96-thread-1] INFO  server.RaftServerConfigKeys (ConfUtils.java:logGet(46)) - raft.server.retrycache.expirytime = 600000ms (custom)
2023-03-09 10:16:03,801 [pool-96-thread-1] INFO  server.RaftServerConfigKeys (ConfUtils.java:logGet(46)) - raft.server.retrycache.statistics.expirytime = 100μs (default)
2023-03-09 10:16:03,806 [pool-96-thread-1] INFO  server.RaftServerConfigKeys (ConfUtils.java:logGet(46)) - raft.server.log.appender.install.snapshot.enabled = false (custom)
2023-03-09 10:16:03,806 [pool-96-thread-1] INFO  server.RaftServerConfigKeys (ConfUtils.java:logGet(46)) - raft.server.threadpool.server.cached = true (default)
2023-03-09 10:16:03,806 [pool-96-thread-1] INFO  server.RaftServerConfigKeys (ConfUtils.java:logGet(46)) - raft.server.threadpool.server.size = 0 (default)
2023-03-09 10:16:03,806 [pool-96-thread-1] INFO  server.RaftServerConfigKeys (ConfUtils.java:logGet(46)) - raft.server.threadpool.client.cached = true (default)
2023-03-09 10:16:03,806 [pool-96-thread-1] INFO  server.RaftServerConfigKeys (ConfUtils.java:logGet(46)) - raft.server.threadpool.client.size = 0 (default)
2023-03-09 10:16:03,806 [pool-96-thread-1] INFO  storage.RaftStorageDirectory (RaftStorageDirectoryImpl.java:analyzeStorage(137)) - The storage directory /home/runner/work/ozone/ozone/hadoop-ozone/integration-test/target/test-dir/MiniOzoneClusterImpl-5f16ed77-7c5c-4847-9cc1-45aa7644631b/datanode-1/data/ratis/96b2fc5c-70a3-4a14-ad2d-950aff1481f3 does not exist. Creating ...
2023-03-09 10:16:03,808 [pool-96-thread-1] INFO  storage.RaftStorageDirectory (RaftStorageDirectoryImpl.java:tryLock(231)) - Lock on /home/runner/work/ozone/ozone/hadoop-ozone/integration-test/target/test-dir/MiniOzoneClusterImpl-5f16ed77-7c5c-4847-9cc1-45aa7644631b/datanode-1/data/ratis/96b2fc5c-70a3-4a14-ad2d-950aff1481f3/in_use.lock acquired by nodename 3065@fv-az200-252
2023-03-09 10:16:03,809 [pool-96-thread-1] INFO  storage.RaftStorage (RaftStorageImpl.java:format(96)) - Storage directory /home/runner/work/ozone/ozone/hadoop-ozone/integration-test/target/test-dir/MiniOzoneClusterImpl-5f16ed77-7c5c-4847-9cc1-45aa7644631b/datanode-1/data/ratis/96b2fc5c-70a3-4a14-ad2d-950aff1481f3 has been successfully formatted.
2023-03-09 10:16:03,810 [pool-96-thread-1] INFO  ratis.ContainerStateMachine (ContainerStateMachine.java:loadSnapshot(240)) - group-950AFF1481F3: The snapshot info is null. Setting the last applied indexto:(t:0, i:~)
2023-03-09 10:16:03,812 [pool-96-thread-1] INFO  server.RaftServerConfigKeys (ConfUtils.java:logGet(46)) - raft.server.log.use.memory = false (default)
2023-03-09 10:16:03,812 [pool-96-thread-1] INFO  server.RaftServerConfigKeys (ConfUtils.java:logGet(46)) - raft.server.log.purge.gap = 1000000 (custom)
2023-03-09 10:16:03,812 [pool-96-thread-1] INFO  server.RaftServerConfigKeys (ConfUtils.java:logGet(46)) - raft.server.log.appender.buffer.byte-limit = 33554432 (custom)
2023-03-09 10:16:03,812 [pool-96-thread-1] INFO  server.RaftServerConfigKeys (ConfUtils.java:logGet(46)) - raft.server.log.statemachine.data.read.timeout = 1000ms (default)
2023-03-09 10:16:03,812 [pool-96-thread-1] INFO  server.RaftServerConfigKeys (ConfUtils.java:logGet(46)) - raft.server.log.purge.preservation.log.num = 0 (default)
2023-03-09 10:16:03,812 [pool-96-thread-1] INFO  server.RaftServerConfigKeys (ConfUtils.java:logGet(46)) - raft.server.log.segment.size.max = 1048576 (custom)
2023-03-09 10:16:03,813 [pool-96-thread-1] INFO  server.RaftServerConfigKeys (ConfUtils.java:logGet(46)) - raft.server.log.segment.cache.num.max = 2 (custom)
2023-03-09 10:16:03,813 [pool-96-thread-1] INFO  server.RaftServerConfigKeys (ConfUtils.java:logGet(46)) - raft.server.log.segment.cache.size.max = 200MB (=209715200) (default)
2023-03-09 10:16:03,813 [pool-96-thread-1] INFO  segmented.SegmentedRaftLogWorker (SegmentedRaftLogWorker.java:<init>(189)) - new fc7ed98b-a7bb-4459-9411-3eb8109ffece@group-950AFF1481F3-SegmentedRaftLogWorker for RaftStorageImpl:Storage Directory /home/runner/work/ozone/ozone/hadoop-ozone/integration-test/target/test-dir/MiniOzoneClusterImpl-5f16ed77-7c5c-4847-9cc1-45aa7644631b/datanode-1/data/ratis/96b2fc5c-70a3-4a14-ad2d-950aff1481f3
2023-03-09 10:16:03,813 [pool-96-thread-1] INFO  server.RaftServerConfigKeys (ConfUtils.java:logGet(46)) - raft.server.log.queue.byte-limit = 4294967296 (custom)
2023-03-09 10:16:03,815 [pool-96-thread-1] INFO  server.RaftServerConfigKeys (ConfUtils.java:logGet(46)) - raft.server.log.queue.element-limit = 1024 (custom)
2023-03-09 10:16:03,815 [pool-96-thread-1] INFO  server.RaftServerConfigKeys (ConfUtils.java:logGet(46)) - raft.server.log.segment.size.max = 1048576 (custom)
2023-03-09 10:16:03,815 [pool-96-thread-1] INFO  server.RaftServerConfigKeys (ConfUtils.java:logGet(46)) - raft.server.log.preallocated.size = 16384 (custom)
2023-03-09 10:16:03,815 [pool-96-thread-1] INFO  server.RaftServerConfigKeys (ConfUtils.java:logGet(46)) - raft.server.log.force.sync.num = 128 (default)
2023-03-09 10:16:03,815 [pool-96-thread-1] INFO  server.RaftServerConfigKeys (ConfUtils.java:logGet(46)) - raft.server.log.statemachine.data.sync = true (default)
2023-03-09 10:16:03,815 [pool-96-thread-1] INFO  server.RaftServerConfigKeys (ConfUtils.java:logGet(46)) - raft.server.log.statemachine.data.sync.timeout = 10s (default)
2023-03-09 10:16:03,815 [pool-96-thread-1] INFO  server.RaftServerConfigKeys (ConfUtils.java:logGet(46)) - raft.server.log.statemachine.data.sync.timeout.retry = -1 (default)
2023-03-09 10:16:03,822 [pool-96-thread-1] INFO  server.RaftServerConfigKeys (ConfUtils.java:logGet(46)) - raft.server.log.write.buffer.size = 1048576 (custom)
2023-03-09 10:16:03,822 [pool-96-thread-1] INFO  server.RaftServerConfigKeys (ConfUtils.java:logGet(46)) - raft.server.log.appender.buffer.byte-limit = 33554432 (custom)
2023-03-09 10:16:03,985 [JvmPauseMonitor1] WARN  util.JvmPauseMonitor (JvmPauseMonitor.java:detectPause(126)) - JvmPauseMonitor-99e75673-c78c-458d-9c64-6ac5583a2163: Detected pause in JVM or host machine (eg GC): pause of approximately 114305694ns.
GC pool 'PS MarkSweep' had collection(s): count=1 time=110ms
GC pool 'PS Scavenge' had collection(s): count=1 time=52ms
2023-03-09 10:16:03,985 [JvmPauseMonitor0] WARN  util.JvmPauseMonitor (JvmPauseMonitor.java:detectPause(126)) - JvmPauseMonitor-om1: Detected pause in JVM or host machine (eg GC): pause of approximately 153490413ns.
GC pool 'PS MarkSweep' had collection(s): count=1 time=110ms
GC pool 'PS Scavenge' had collection(s): count=1 time=52ms
2023-03-09 10:16:03,993 [pool-96-thread-1] INFO  server.RaftServerConfigKeys (ConfUtils.java:logGet(46)) - raft.server.log.unsafe-flush.enabled = false (default)
2023-03-09 10:16:03,996 [Command processor thread] INFO  server.RaftServer (RaftServerProxy.java:addNew(96)) - fc7ed98b-a7bb-4459-9411-3eb8109ffece: addNew group-358AAC8C42FA:[fc7ed98b-a7bb-4459-9411-3eb8109ffece|rpc:10.1.0.71:42295|dataStream:10.1.0.71:35417|priority:1|startupRole:FOLLOWER] returns group-358AAC8C42FA:java.util.concurrent.CompletableFuture@540d95e4[Not completed]
2023-03-09 10:16:04,002 [pool-96-thread-1] INFO  server.RaftServerConfigKeys (ConfUtils.java:logGet(46)) - raft.server.log.async-flush.enabled = false (default)
2023-03-09 10:16:04,003 [pool-96-thread-1] INFO  server.RaftServerConfigKeys (ConfUtils.java:logGet(46)) - raft.server.log.statemachine.data.caching.enabled = true (custom)
2023-03-09 10:16:04,003 [pool-96-thread-1] INFO  segmented.SegmentedRaftLogWorker (SegmentedRaftLogWorker.java:lambda$new$0(135)) - fc7ed98b-a7bb-4459-9411-3eb8109ffece@group-950AFF1481F3-SegmentedRaftLogWorker: flushIndex: setUnconditionally 0 -> -1
2023-03-09 10:16:04,003 [pool-96-thread-1] INFO  segmented.SegmentedRaftLogWorker (SegmentedRaftLogWorker.java:lambda$new$0(135)) - fc7ed98b-a7bb-4459-9411-3eb8109ffece@group-950AFF1481F3-SegmentedRaftLogWorker: safeCacheEvictIndex: setUnconditionally 0 -> -1
2023-03-09 10:16:04,003 [pool-96-thread-1] INFO  server.RaftServer$Division (RaftServerImpl.java:start(334)) - fc7ed98b-a7bb-4459-9411-3eb8109ffece@group-950AFF1481F3: start as a follower, conf=-1: peers:[99e75673-c78c-458d-9c64-6ac5583a2163|rpc:10.1.0.71:38593|dataStream:10.1.0.71:33341|priority:0|startupRole:FOLLOWER, fc7ed98b-a7bb-4459-9411-3eb8109ffece|rpc:10.1.0.71:42295|dataStream:10.1.0.71:35417|priority:0|startupRole:FOLLOWER, 82e3bfc0-83d2-421b-b906-e2486ad37597|rpc:10.1.0.71:34947|dataStream:10.1.0.71:44233|priority:1|startupRole:FOLLOWER]|listeners:[], old=null
2023-03-09 10:16:04,003 [pool-96-thread-1] INFO  server.RaftServer$Division (RaftServerImpl.java:setRole(321)) - fc7ed98b-a7bb-4459-9411-3eb8109ffece@group-950AFF1481F3: changes role from      null to FOLLOWER at term 0 for startAsFollower
2023-03-09 10:16:04,003 [pool-96-thread-1] INFO  impl.RoleInfo (RoleInfo.java:updateAndGet(139)) - fc7ed98b-a7bb-4459-9411-3eb8109ffece: start fc7ed98b-a7bb-4459-9411-3eb8109ffece@group-950AFF1481F3-FollowerState
2023-03-09 10:16:04,004 [pool-96-thread-1] INFO  util.JmxRegister (JmxRegister.java:tryRegister(44)) - Successfully registered JMX Bean with object name Ratis:service=RaftServer,group=group-950AFF1481F3,id=fc7ed98b-a7bb-4459-9411-3eb8109ffece
2023-03-09 10:16:04,010 [pool-96-thread-1] INFO  server.RaftServerConfigKeys (ConfUtils.java:logGet(46)) - raft.server.snapshot.auto.trigger.enabled = true (custom)
2023-03-09 10:16:04,010 [pool-96-thread-1] INFO  server.RaftServerConfigKeys (ConfUtils.java:logGet(46)) - raft.server.snapshot.auto.trigger.threshold = 10000 (custom)
2023-03-09 10:16:04,010 [pool-96-thread-1] INFO  server.RaftServerConfigKeys (ConfUtils.java:logGet(46)) - raft.server.snapshot.retention.file.num = 5 (custom)
2023-03-09 10:16:04,010 [pool-96-thread-1] INFO  server.RaftServerConfigKeys (ConfUtils.java:logGet(46)) - raft.server.log.purge.upto.snapshot.index = false (default)
2023-03-09 10:16:04,012 [pool-96-thread-1] INFO  server.RaftServer$Division (RaftServerImpl.java:<init>(195)) - fc7ed98b-a7bb-4459-9411-3eb8109ffece: new RaftServerImpl for group-358AAC8C42FA:[fc7ed98b-a7bb-4459-9411-3eb8109ffece|rpc:10.1.0.71:42295|dataStream:10.1.0.71:35417|priority:1|startupRole:FOLLOWER] with ContainerStateMachine:uninitialized
2023-03-09 10:16:04,012 [pool-96-thread-1] INFO  server.RaftServerConfigKeys (ConfUtils.java:logGet(46)) - raft.server.rpc.timeout.min = 5s (custom)
2023-03-09 10:16:04,012 [pool-96-thread-1] INFO  server.RaftServerConfigKeys (ConfUtils.java:logGet(46)) - raft.server.rpc.timeout.max = 5200ms (custom)
2023-03-09 10:16:04,012 [pool-96-thread-1] INFO  server.RaftServerConfigKeys (ConfUtils.java:logGet(46)) - raft.server.rpc.sleep.time = 25ms (default)
2023-03-09 10:16:04,013 [pool-96-thread-1] INFO  server.RaftServerConfigKeys (ConfUtils.java:logGet(46)) - raft.server.rpc.slowness.timeout = 300s (custom)
2023-03-09 10:16:04,013 [pool-96-thread-1] INFO  server.RaftServerConfigKeys (ConfUtils.java:logGet(46)) - raft.server.leaderelection.leader.step-down.wait-time = 10s (default)
2023-03-09 10:16:04,013 [pool-96-thread-1] INFO  server.RaftServerConfigKeys (ConfUtils.java:logGet(46)) - raft.server.sleep.deviation.threshold = 300ms (default)
2023-03-09 10:16:04,013 [pool-96-thread-1] INFO  server.RaftServer$Division (ServerState.java:<init>(118)) - fc7ed98b-a7bb-4459-9411-3eb8109ffece@group-358AAC8C42FA: ConfigurationManager, init=-1: peers:[fc7ed98b-a7bb-4459-9411-3eb8109ffece|rpc:10.1.0.71:42295|dataStream:10.1.0.71:35417|priority:1|startupRole:FOLLOWER]|listeners:[], old=null, confs=<EMPTY_MAP>
2023-03-09 10:16:04,013 [pool-96-thread-1] INFO  server.RaftServerConfigKeys (ConfUtils.java:logGet(46)) - raft.server.storage.dir = [/home/runner/work/ozone/ozone/hadoop-ozone/integration-test/target/test-dir/MiniOzoneClusterImpl-5f16ed77-7c5c-4847-9cc1-45aa7644631b/datanode-1/data/ratis] (custom)
2023-03-09 10:16:04,013 [pool-96-thread-1] INFO  server.RaftServerConfigKeys (ConfUtils.java:logGet(46)) - raft.server.log.corruption.policy = EXCEPTION (default)
2023-03-09 10:16:04,013 [pool-96-thread-1] INFO  server.RaftServerConfigKeys (ConfUtils.java:logGet(46)) - raft.server.storage.free-space.min = 0MB (=0) (default)
2023-03-09 10:16:04,013 [pool-96-thread-1] INFO  server.RaftServerConfigKeys (ConfUtils.java:logGet(46)) - raft.server.notification.no-leader.timeout = 300s (custom)
2023-03-09 10:16:04,014 [pool-96-thread-1] INFO  server.RaftServerConfigKeys (ConfUtils.java:logGet(46)) - raft.server.retrycache.expirytime = 600000ms (custom)
2023-03-09 10:16:04,014 [pool-96-thread-1] INFO  server.RaftServerConfigKeys (ConfUtils.java:logGet(46)) - raft.server.retrycache.statistics.expirytime = 100μs (default)
2023-03-09 10:16:04,015 [pool-96-thread-1] INFO  server.RaftServerConfigKeys (ConfUtils.java:logGet(46)) - raft.server.log.appender.install.snapshot.enabled = false (custom)
2023-03-09 10:16:04,015 [pool-96-thread-1] INFO  server.RaftServerConfigKeys (ConfUtils.java:logGet(46)) - raft.server.threadpool.server.cached = true (default)
2023-03-09 10:16:04,015 [pool-96-thread-1] INFO  server.RaftServerConfigKeys (ConfUtils.java:logGet(46)) - raft.server.threadpool.server.size = 0 (default)
2023-03-09 10:16:04,015 [pool-96-thread-1] INFO  server.RaftServerConfigKeys (ConfUtils.java:logGet(46)) - raft.server.threadpool.client.cached = true (default)
2023-03-09 10:16:04,015 [pool-96-thread-1] INFO  server.RaftServerConfigKeys (ConfUtils.java:logGet(46)) - raft.server.threadpool.client.size = 0 (default)
2023-03-09 10:16:04,015 [pool-96-thread-1] INFO  storage.RaftStorageDirectory (RaftStorageDirectoryImpl.java:analyzeStorage(137)) - The storage directory /home/runner/work/ozone/ozone/hadoop-ozone/integration-test/target/test-dir/MiniOzoneClusterImpl-5f16ed77-7c5c-4847-9cc1-45aa7644631b/datanode-1/data/ratis/5debb03a-942a-497b-897e-358aac8c42fa does not exist. Creating ...
2023-03-09 10:16:04,012 [fc7ed98b-a7bb-4459-9411-3eb8109ffece@group-950AFF1481F3-FollowerState] INFO  server.RaftServerConfigKeys (ConfUtils.java:logFallback(53)) - raft.server.rpc.first-election.timeout.min = 5s (fallback to raft.server.rpc.timeout.min)
2023-03-09 10:16:04,020 [fc7ed98b-a7bb-4459-9411-3eb8109ffece@group-950AFF1481F3-FollowerState] INFO  server.RaftServerConfigKeys (ConfUtils.java:logFallback(53)) - raft.server.rpc.first-election.timeout.max = 5200ms (fallback to raft.server.rpc.timeout.max)
2023-03-09 10:16:04,022 [pool-96-thread-1] INFO  storage.RaftStorageDirectory (RaftStorageDirectoryImpl.java:tryLock(231)) - Lock on /home/runner/work/ozone/ozone/hadoop-ozone/integration-test/target/test-dir/MiniOzoneClusterImpl-5f16ed77-7c5c-4847-9cc1-45aa7644631b/datanode-1/data/ratis/5debb03a-942a-497b-897e-358aac8c42fa/in_use.lock acquired by nodename 3065@fv-az200-252
2023-03-09 10:16:04,024 [pool-96-thread-1] INFO  storage.RaftStorage (RaftStorageImpl.java:format(96)) - Storage directory /home/runner/work/ozone/ozone/hadoop-ozone/integration-test/target/test-dir/MiniOzoneClusterImpl-5f16ed77-7c5c-4847-9cc1-45aa7644631b/datanode-1/data/ratis/5debb03a-942a-497b-897e-358aac8c42fa has been successfully formatted.
2023-03-09 10:16:04,025 [pool-96-thread-1] INFO  ratis.ContainerStateMachine (ContainerStateMachine.java:loadSnapshot(240)) - group-358AAC8C42FA: The snapshot info is null. Setting the last applied indexto:(t:0, i:~)
2023-03-09 10:16:04,025 [pool-96-thread-1] INFO  server.RaftServerConfigKeys (ConfUtils.java:logGet(46)) - raft.server.log.use.memory = false (default)
2023-03-09 10:16:04,025 [pool-96-thread-1] INFO  server.RaftServerConfigKeys (ConfUtils.java:logGet(46)) - raft.server.log.purge.gap = 1000000 (custom)
2023-03-09 10:16:04,026 [pool-96-thread-1] INFO  server.RaftServerConfigKeys (ConfUtils.java:logGet(46)) - raft.server.log.appender.buffer.byte-limit = 33554432 (custom)
2023-03-09 10:16:04,026 [pool-96-thread-1] INFO  server.RaftServerConfigKeys (ConfUtils.java:logGet(46)) - raft.server.log.statemachine.data.read.timeout = 1000ms (default)
2023-03-09 10:16:04,026 [pool-96-thread-1] INFO  server.RaftServerConfigKeys (ConfUtils.java:logGet(46)) - raft.server.log.purge.preservation.log.num = 0 (default)
2023-03-09 10:16:04,026 [EventQueue-PipelineReportForPipelineReportHandler] INFO  pipeline.PipelineManagerImpl (PipelineManagerImpl.java:openPipeline(367)) - Pipeline Pipeline[ Id: 5debb03a-942a-497b-897e-358aac8c42fa, Nodes: fc7ed98b-a7bb-4459-9411-3eb8109ffece(fv-az200-252.swdxaxenvgxe1kqentp15g1mgd.jx.internal.cloudapp.net/10.1.0.71), ReplicationConfig: RATIS/ONE, State:ALLOCATED, leaderId:fc7ed98b-a7bb-4459-9411-3eb8109ffece, CreationTimestamp2023-03-09T10:16:00.908Z[Etc/UTC]] moved to OPEN state
2023-03-09 10:16:04,027 [EventQueue-OpenPipelineForHealthyPipelineSafeModeRule] INFO  safemode.SCMSafeModeManager (HealthyPipelineSafeModeRule.java:process(137)) - SCM in safe mode. Healthy pipelines reported count is 0, required healthy pipeline reported count is 1
2023-03-09 10:16:04,028 [pool-96-thread-1] INFO  server.RaftServerConfigKeys (ConfUtils.java:logGet(46)) - raft.server.log.segment.size.max = 1048576 (custom)
2023-03-09 10:16:04,028 [pool-96-thread-1] INFO  server.RaftServerConfigKeys (ConfUtils.java:logGet(46)) - raft.server.log.segment.cache.num.max = 2 (custom)
2023-03-09 10:16:04,028 [pool-96-thread-1] INFO  server.RaftServerConfigKeys (ConfUtils.java:logGet(46)) - raft.server.log.segment.cache.size.max = 200MB (=209715200) (default)
2023-03-09 10:16:04,028 [pool-96-thread-1] INFO  segmented.SegmentedRaftLogWorker (SegmentedRaftLogWorker.java:<init>(189)) - new fc7ed98b-a7bb-4459-9411-3eb8109ffece@group-358AAC8C42FA-SegmentedRaftLogWorker for RaftStorageImpl:Storage Directory /home/runner/work/ozone/ozone/hadoop-ozone/integration-test/target/test-dir/MiniOzoneClusterImpl-5f16ed77-7c5c-4847-9cc1-45aa7644631b/datanode-1/data/ratis/5debb03a-942a-497b-897e-358aac8c42fa
2023-03-09 10:16:04,029 [pool-96-thread-1] INFO  server.RaftServerConfigKeys (ConfUtils.java:logGet(46)) - raft.server.log.queue.byte-limit = 4294967296 (custom)
2023-03-09 10:16:04,029 [pool-96-thread-1] INFO  server.RaftServerConfigKeys (ConfUtils.java:logGet(46)) - raft.server.log.queue.element-limit = 1024 (custom)
2023-03-09 10:16:04,029 [pool-96-thread-1] INFO  server.RaftServerConfigKeys (ConfUtils.java:logGet(46)) - raft.server.log.segment.size.max = 1048576 (custom)
2023-03-09 10:16:04,029 [pool-96-thread-1] INFO  server.RaftServerConfigKeys (ConfUtils.java:logGet(46)) - raft.server.log.preallocated.size = 16384 (custom)
2023-03-09 10:16:04,029 [pool-96-thread-1] INFO  server.RaftServerConfigKeys (ConfUtils.java:logGet(46)) - raft.server.log.force.sync.num = 128 (default)
2023-03-09 10:16:04,029 [pool-96-thread-1] INFO  server.RaftServerConfigKeys (ConfUtils.java:logGet(46)) - raft.server.log.statemachine.data.sync = true (default)
2023-03-09 10:16:04,029 [pool-96-thread-1] INFO  server.RaftServerConfigKeys (ConfUtils.java:logGet(46)) - raft.server.log.statemachine.data.sync.timeout = 10s (default)
2023-03-09 10:16:04,029 [pool-96-thread-1] INFO  server.RaftServerConfigKeys (ConfUtils.java:logGet(46)) - raft.server.log.statemachine.data.sync.timeout.retry = -1 (default)
2023-03-09 10:16:04,030 [pool-96-thread-1] INFO  server.RaftServerConfigKeys (ConfUtils.java:logGet(46)) - raft.server.log.write.buffer.size = 1048576 (custom)
2023-03-09 10:16:04,030 [pool-96-thread-1] INFO  server.RaftServerConfigKeys (ConfUtils.java:logGet(46)) - raft.server.log.appender.buffer.byte-limit = 33554432 (custom)
2023-03-09 10:16:04,043 [pool-96-thread-1] INFO  server.RaftServerConfigKeys (ConfUtils.java:logGet(46)) - raft.server.log.unsafe-flush.enabled = false (default)
2023-03-09 10:16:04,043 [pool-96-thread-1] INFO  server.RaftServerConfigKeys (ConfUtils.java:logGet(46)) - raft.server.log.async-flush.enabled = false (default)
2023-03-09 10:16:04,043 [pool-96-thread-1] INFO  server.RaftServerConfigKeys (ConfUtils.java:logGet(46)) - raft.server.log.statemachine.data.caching.enabled = true (custom)
2023-03-09 10:16:04,044 [pool-96-thread-1] INFO  segmented.SegmentedRaftLogWorker (SegmentedRaftLogWorker.java:lambda$new$0(135)) - fc7ed98b-a7bb-4459-9411-3eb8109ffece@group-358AAC8C42FA-SegmentedRaftLogWorker: flushIndex: setUnconditionally 0 -> -1
2023-03-09 10:16:04,044 [pool-96-thread-1] INFO  segmented.SegmentedRaftLogWorker (SegmentedRaftLogWorker.java:lambda$new$0(135)) - fc7ed98b-a7bb-4459-9411-3eb8109ffece@group-358AAC8C42FA-SegmentedRaftLogWorker: safeCacheEvictIndex: setUnconditionally 0 -> -1
2023-03-09 10:16:04,058 [pool-96-thread-1] INFO  server.RaftServer$Division (RaftServerImpl.java:start(334)) - fc7ed98b-a7bb-4459-9411-3eb8109ffece@group-358AAC8C42FA: start as a follower, conf=-1: peers:[fc7ed98b-a7bb-4459-9411-3eb8109ffece|rpc:10.1.0.71:42295|dataStream:10.1.0.71:35417|priority:1|startupRole:FOLLOWER]|listeners:[], old=null
2023-03-09 10:16:04,058 [pool-96-thread-1] INFO  server.RaftServer$Division (RaftServerImpl.java:setRole(321)) - fc7ed98b-a7bb-4459-9411-3eb8109ffece@group-358AAC8C42FA: changes role from      null to FOLLOWER at term 0 for startAsFollower
2023-03-09 10:16:04,059 [pool-96-thread-1] INFO  impl.RoleInfo (RoleInfo.java:updateAndGet(139)) - fc7ed98b-a7bb-4459-9411-3eb8109ffece: start fc7ed98b-a7bb-4459-9411-3eb8109ffece@group-358AAC8C42FA-FollowerState
2023-03-09 10:16:04,069 [pool-96-thread-1] INFO  util.JmxRegister (JmxRegister.java:tryRegister(44)) - Successfully registered JMX Bean with object name Ratis:service=RaftServer,group=group-358AAC8C42FA,id=fc7ed98b-a7bb-4459-9411-3eb8109ffece
2023-03-09 10:16:04,070 [pool-96-thread-1] INFO  server.RaftServerConfigKeys (ConfUtils.java:logGet(46)) - raft.server.snapshot.auto.trigger.enabled = true (custom)
2023-03-09 10:16:04,070 [pool-96-thread-1] INFO  server.RaftServerConfigKeys (ConfUtils.java:logGet(46)) - raft.server.snapshot.auto.trigger.threshold = 10000 (custom)
2023-03-09 10:16:04,070 [pool-96-thread-1] INFO  server.RaftServerConfigKeys (ConfUtils.java:logGet(46)) - raft.server.snapshot.retention.file.num = 5 (custom)
2023-03-09 10:16:04,070 [pool-96-thread-1] INFO  server.RaftServerConfigKeys (ConfUtils.java:logGet(46)) - raft.server.log.purge.upto.snapshot.index = false (default)
2023-03-09 10:16:04,082 [fc7ed98b-a7bb-4459-9411-3eb8109ffece@group-358AAC8C42FA-FollowerState] INFO  server.RaftServerConfigKeys (ConfUtils.java:logFallback(53)) - raft.server.rpc.first-election.timeout.min = 5s (fallback to raft.server.rpc.timeout.min)
2023-03-09 10:16:04,082 [fc7ed98b-a7bb-4459-9411-3eb8109ffece@group-358AAC8C42FA-FollowerState] INFO  server.RaftServerConfigKeys (ConfUtils.java:logFallback(53)) - raft.server.rpc.first-election.timeout.max = 5200ms (fallback to raft.server.rpc.timeout.max)
2023-03-09 10:16:04,087 [Command processor thread] INFO  ratis.XceiverServerRatis (XceiverServerRatis.java:addGroup(807)) - Created group PipelineID=5debb03a-942a-497b-897e-358aac8c42fa
2023-03-09 10:16:04,087 [Command processor thread] INFO  commandhandler.CreatePipelineCommandHandler (CreatePipelineCommandHandler.java:handle(113)) - Created Pipeline RATIS ONE PipelineID=5debb03a-942a-497b-897e-358aac8c42fa.
2023-03-09 10:16:04,091 [Command processor thread] INFO  server.RaftServer (RaftServerProxy.java:addNew(96)) - fc7ed98b-a7bb-4459-9411-3eb8109ffece: addNew group-666E4004EB94:[99e75673-c78c-458d-9c64-6ac5583a2163|rpc:10.1.0.71:38593|dataStream:10.1.0.71:33341|priority:1|startupRole:FOLLOWER, fc7ed98b-a7bb-4459-9411-3eb8109ffece|rpc:10.1.0.71:42295|dataStream:10.1.0.71:35417|priority:0|startupRole:FOLLOWER, 82e3bfc0-83d2-421b-b906-e2486ad37597|rpc:10.1.0.71:34947|dataStream:10.1.0.71:44233|priority:0|startupRole:FOLLOWER] returns group-666E4004EB94:java.util.concurrent.CompletableFuture@5aca6115[Not completed]
2023-03-09 10:16:04,092 [pool-96-thread-1] INFO  server.RaftServer$Division (RaftServerImpl.java:<init>(195)) - fc7ed98b-a7bb-4459-9411-3eb8109ffece: new RaftServerImpl for group-666E4004EB94:[99e75673-c78c-458d-9c64-6ac5583a2163|rpc:10.1.0.71:38593|dataStream:10.1.0.71:33341|priority:1|startupRole:FOLLOWER, fc7ed98b-a7bb-4459-9411-3eb8109ffece|rpc:10.1.0.71:42295|dataStream:10.1.0.71:35417|priority:0|startupRole:FOLLOWER, 82e3bfc0-83d2-421b-b906-e2486ad37597|rpc:10.1.0.71:34947|dataStream:10.1.0.71:44233|priority:0|startupRole:FOLLOWER] with ContainerStateMachine:uninitialized
2023-03-09 10:16:04,092 [pool-96-thread-1] INFO  server.RaftServerConfigKeys (ConfUtils.java:logGet(46)) - raft.server.rpc.timeout.min = 5s (custom)
2023-03-09 10:16:04,092 [pool-96-thread-1] INFO  server.RaftServerConfigKeys (ConfUtils.java:logGet(46)) - raft.server.rpc.timeout.max = 5200ms (custom)
2023-03-09 10:16:04,092 [pool-96-thread-1] INFO  server.RaftServerConfigKeys (ConfUtils.java:logGet(46)) - raft.server.rpc.sleep.time = 25ms (default)
2023-03-09 10:16:04,092 [pool-96-thread-1] INFO  server.RaftServerConfigKeys (ConfUtils.java:logGet(46)) - raft.server.rpc.slowness.timeout = 300s (custom)
2023-03-09 10:16:04,092 [pool-96-thread-1] INFO  server.RaftServerConfigKeys (ConfUtils.java:logGet(46)) - raft.server.leaderelection.leader.step-down.wait-time = 10s (default)
2023-03-09 10:16:04,092 [pool-96-thread-1] INFO  server.RaftServerConfigKeys (ConfUtils.java:logGet(46)) - raft.server.sleep.deviation.threshold = 300ms (default)
2023-03-09 10:16:04,092 [pool-96-thread-1] INFO  server.RaftServer$Division (ServerState.java:<init>(118)) - fc7ed98b-a7bb-4459-9411-3eb8109ffece@group-666E4004EB94: ConfigurationManager, init=-1: peers:[99e75673-c78c-458d-9c64-6ac5583a2163|rpc:10.1.0.71:38593|dataStream:10.1.0.71:33341|priority:1|startupRole:FOLLOWER, fc7ed98b-a7bb-4459-9411-3eb8109ffece|rpc:10.1.0.71:42295|dataStream:10.1.0.71:35417|priority:0|startupRole:FOLLOWER, 82e3bfc0-83d2-421b-b906-e2486ad37597|rpc:10.1.0.71:34947|dataStream:10.1.0.71:44233|priority:0|startupRole:FOLLOWER]|listeners:[], old=null, confs=<EMPTY_MAP>
2023-03-09 10:16:04,092 [pool-96-thread-1] INFO  server.RaftServerConfigKeys (ConfUtils.java:logGet(46)) - raft.server.storage.dir = [/home/runner/work/ozone/ozone/hadoop-ozone/integration-test/target/test-dir/MiniOzoneClusterImpl-5f16ed77-7c5c-4847-9cc1-45aa7644631b/datanode-1/data/ratis] (custom)
2023-03-09 10:16:04,093 [pool-96-thread-1] INFO  server.RaftServerConfigKeys (ConfUtils.java:logGet(46)) - raft.server.log.corruption.policy = EXCEPTION (default)
2023-03-09 10:16:04,093 [pool-96-thread-1] INFO  server.RaftServerConfigKeys (ConfUtils.java:logGet(46)) - raft.server.storage.free-space.min = 0MB (=0) (default)
2023-03-09 10:16:04,093 [pool-96-thread-1] INFO  server.RaftServerConfigKeys (ConfUtils.java:logGet(46)) - raft.server.notification.no-leader.timeout = 300s (custom)
2023-03-09 10:16:04,093 [pool-96-thread-1] INFO  server.RaftServerConfigKeys (ConfUtils.java:logGet(46)) - raft.server.retrycache.expirytime = 600000ms (custom)
2023-03-09 10:16:04,093 [pool-96-thread-1] INFO  server.RaftServerConfigKeys (ConfUtils.java:logGet(46)) - raft.server.retrycache.statistics.expirytime = 100μs (default)
2023-03-09 10:16:04,094 [pool-96-thread-1] INFO  server.RaftServerConfigKeys (ConfUtils.java:logGet(46)) - raft.server.log.appender.install.snapshot.enabled = false (custom)
2023-03-09 10:16:04,094 [pool-96-thread-1] INFO  server.RaftServerConfigKeys (ConfUtils.java:logGet(46)) - raft.server.threadpool.server.cached = true (default)
2023-03-09 10:16:04,094 [pool-96-thread-1] INFO  server.RaftServerConfigKeys (ConfUtils.java:logGet(46)) - raft.server.threadpool.server.size = 0 (default)
2023-03-09 10:16:04,094 [pool-96-thread-1] INFO  server.RaftServerConfigKeys (ConfUtils.java:logGet(46)) - raft.server.threadpool.client.cached = true (default)
2023-03-09 10:16:04,094 [pool-96-thread-1] INFO  server.RaftServerConfigKeys (ConfUtils.java:logGet(46)) - raft.server.threadpool.client.size = 0 (default)
2023-03-09 10:16:04,094 [pool-96-thread-1] INFO  storage.RaftStorageDirectory (RaftStorageDirectoryImpl.java:analyzeStorage(137)) - The storage directory /home/runner/work/ozone/ozone/hadoop-ozone/integration-test/target/test-dir/MiniOzoneClusterImpl-5f16ed77-7c5c-4847-9cc1-45aa7644631b/datanode-1/data/ratis/aa839c55-8768-4e5b-a947-666e4004eb94 does not exist. Creating ...
2023-03-09 10:16:04,099 [pool-96-thread-1] INFO  storage.RaftStorageDirectory (RaftStorageDirectoryImpl.java:tryLock(231)) - Lock on /home/runner/work/ozone/ozone/hadoop-ozone/integration-test/target/test-dir/MiniOzoneClusterImpl-5f16ed77-7c5c-4847-9cc1-45aa7644631b/datanode-1/data/ratis/aa839c55-8768-4e5b-a947-666e4004eb94/in_use.lock acquired by nodename 3065@fv-az200-252
2023-03-09 10:16:04,101 [pool-96-thread-1] INFO  storage.RaftStorage (RaftStorageImpl.java:format(96)) - Storage directory /home/runner/work/ozone/ozone/hadoop-ozone/integration-test/target/test-dir/MiniOzoneClusterImpl-5f16ed77-7c5c-4847-9cc1-45aa7644631b/datanode-1/data/ratis/aa839c55-8768-4e5b-a947-666e4004eb94 has been successfully formatted.
2023-03-09 10:16:04,107 [pool-96-thread-1] INFO  ratis.ContainerStateMachine (ContainerStateMachine.java:loadSnapshot(240)) - group-666E4004EB94: The snapshot info is null. Setting the last applied indexto:(t:0, i:~)
2023-03-09 10:16:04,107 [pool-96-thread-1] INFO  server.RaftServerConfigKeys (ConfUtils.java:logGet(46)) - raft.server.log.use.memory = false (default)
2023-03-09 10:16:04,108 [pool-96-thread-1] INFO  server.RaftServerConfigKeys (ConfUtils.java:logGet(46)) - raft.server.log.purge.gap = 1000000 (custom)
2023-03-09 10:16:04,108 [pool-96-thread-1] INFO  server.RaftServerConfigKeys (ConfUtils.java:logGet(46)) - raft.server.log.appender.buffer.byte-limit = 33554432 (custom)
2023-03-09 10:16:04,108 [pool-96-thread-1] INFO  server.RaftServerConfigKeys (ConfUtils.java:logGet(46)) - raft.server.log.statemachine.data.read.timeout = 1000ms (default)
2023-03-09 10:16:04,108 [pool-96-thread-1] INFO  server.RaftServerConfigKeys (ConfUtils.java:logGet(46)) - raft.server.log.purge.preservation.log.num = 0 (default)
2023-03-09 10:16:04,108 [pool-96-thread-1] INFO  server.RaftServerConfigKeys (ConfUtils.java:logGet(46)) - raft.server.log.segment.size.max = 1048576 (custom)
2023-03-09 10:16:04,108 [pool-96-thread-1] INFO  server.RaftServerConfigKeys (ConfUtils.java:logGet(46)) - raft.server.log.segment.cache.num.max = 2 (custom)
2023-03-09 10:16:04,108 [pool-96-thread-1] INFO  server.RaftServerConfigKeys (ConfUtils.java:logGet(46)) - raft.server.log.segment.cache.size.max = 200MB (=209715200) (default)
2023-03-09 10:16:04,108 [pool-96-thread-1] INFO  segmented.SegmentedRaftLogWorker (SegmentedRaftLogWorker.java:<init>(189)) - new fc7ed98b-a7bb-4459-9411-3eb8109ffece@group-666E4004EB94-SegmentedRaftLogWorker for RaftStorageImpl:Storage Directory /home/runner/work/ozone/ozone/hadoop-ozone/integration-test/target/test-dir/MiniOzoneClusterImpl-5f16ed77-7c5c-4847-9cc1-45aa7644631b/datanode-1/data/ratis/aa839c55-8768-4e5b-a947-666e4004eb94
2023-03-09 10:16:04,108 [pool-96-thread-1] INFO  server.RaftServerConfigKeys (ConfUtils.java:logGet(46)) - raft.server.log.queue.byte-limit = 4294967296 (custom)
2023-03-09 10:16:04,108 [pool-96-thread-1] INFO  server.RaftServerConfigKeys (ConfUtils.java:logGet(46)) - raft.server.log.queue.element-limit = 1024 (custom)
2023-03-09 10:16:04,108 [pool-96-thread-1] INFO  server.RaftServerConfigKeys (ConfUtils.java:logGet(46)) - raft.server.log.segment.size.max = 1048576 (custom)
2023-03-09 10:16:04,109 [pool-96-thread-1] INFO  server.RaftServerConfigKeys (ConfUtils.java:logGet(46)) - raft.server.log.preallocated.size = 16384 (custom)
2023-03-09 10:16:04,109 [pool-96-thread-1] INFO  server.RaftServerConfigKeys (ConfUtils.java:logGet(46)) - raft.server.log.force.sync.num = 128 (default)
2023-03-09 10:16:04,109 [pool-96-thread-1] INFO  server.RaftServerConfigKeys (ConfUtils.java:logGet(46)) - raft.server.log.statemachine.data.sync = true (default)
2023-03-09 10:16:04,109 [pool-96-thread-1] INFO  server.RaftServerConfigKeys (ConfUtils.java:logGet(46)) - raft.server.log.statemachine.data.sync.timeout = 10s (default)
2023-03-09 10:16:04,109 [pool-96-thread-1] INFO  server.RaftServerConfigKeys (ConfUtils.java:logGet(46)) - raft.server.log.statemachine.data.sync.timeout.retry = -1 (default)
2023-03-09 10:16:04,109 [pool-96-thread-1] INFO  server.RaftServerConfigKeys (ConfUtils.java:logGet(46)) - raft.server.log.write.buffer.size = 1048576 (custom)
2023-03-09 10:16:04,110 [pool-96-thread-1] INFO  server.RaftServerConfigKeys (ConfUtils.java:logGet(46)) - raft.server.log.appender.buffer.byte-limit = 33554432 (custom)
2023-03-09 10:16:04,118 [EventQueue-OpenPipelineForHealthyPipelineSafeModeRule] INFO  safemode.SCMSafeModeManager (HealthyPipelineSafeModeRule.java:process(137)) - SCM in safe mode. Healthy pipelines reported count is 0, required healthy pipeline reported count is 1
2023-03-09 10:16:04,119 [pool-96-thread-1] INFO  server.RaftServerConfigKeys (ConfUtils.java:logGet(46)) - raft.server.log.unsafe-flush.enabled = false (default)
2023-03-09 10:16:04,118 [grpc-default-executor-0] INFO  server.RaftServer (RaftServerProxy.java:addNew(96)) - 82e3bfc0-83d2-421b-b906-e2486ad37597: addNew group-950AFF1481F3:[99e75673-c78c-458d-9c64-6ac5583a2163|rpc:10.1.0.71:38593|dataStream:10.1.0.71:33341|priority:0|startupRole:FOLLOWER, fc7ed98b-a7bb-4459-9411-3eb8109ffece|rpc:10.1.0.71:42295|dataStream:10.1.0.71:35417|priority:0|startupRole:FOLLOWER, 82e3bfc0-83d2-421b-b906-e2486ad37597|rpc:10.1.0.71:34947|dataStream:10.1.0.71:44233|priority:1|startupRole:FOLLOWER] returns group-950AFF1481F3:java.util.concurrent.CompletableFuture@2be4e553[Not completed]
2023-03-09 10:16:04,123 [pool-118-thread-1] INFO  server.RaftServer$Division (RaftServerImpl.java:<init>(195)) - 82e3bfc0-83d2-421b-b906-e2486ad37597: new RaftServerImpl for group-950AFF1481F3:[99e75673-c78c-458d-9c64-6ac5583a2163|rpc:10.1.0.71:38593|dataStream:10.1.0.71:33341|priority:0|startupRole:FOLLOWER, fc7ed98b-a7bb-4459-9411-3eb8109ffece|rpc:10.1.0.71:42295|dataStream:10.1.0.71:35417|priority:0|startupRole:FOLLOWER, 82e3bfc0-83d2-421b-b906-e2486ad37597|rpc:10.1.0.71:34947|dataStream:10.1.0.71:44233|priority:1|startupRole:FOLLOWER] with ContainerStateMachine:uninitialized
2023-03-09 10:16:04,123 [pool-118-thread-1] INFO  server.RaftServerConfigKeys (ConfUtils.java:logGet(46)) - raft.server.rpc.timeout.min = 5s (custom)
2023-03-09 10:16:04,123 [pool-118-thread-1] INFO  server.RaftServerConfigKeys (ConfUtils.java:logGet(46)) - raft.server.rpc.timeout.max = 5200ms (custom)
2023-03-09 10:16:04,123 [pool-118-thread-1] INFO  server.RaftServerConfigKeys (ConfUtils.java:logGet(46)) - raft.server.rpc.sleep.time = 25ms (default)
2023-03-09 10:16:04,123 [pool-118-thread-1] INFO  server.RaftServerConfigKeys (ConfUtils.java:logGet(46)) - raft.server.rpc.slowness.timeout = 300s (custom)
2023-03-09 10:16:04,123 [pool-118-thread-1] INFO  server.RaftServerConfigKeys (ConfUtils.java:logGet(46)) - raft.server.leaderelection.leader.step-down.wait-time = 10s (default)
2023-03-09 10:16:04,123 [pool-118-thread-1] INFO  server.RaftServerConfigKeys (ConfUtils.java:logGet(46)) - raft.server.sleep.deviation.threshold = 300ms (default)
2023-03-09 10:16:04,123 [pool-118-thread-1] INFO  server.RaftServer$Division (ServerState.java:<init>(118)) - 82e3bfc0-83d2-421b-b906-e2486ad37597@group-950AFF1481F3: ConfigurationManager, init=-1: peers:[99e75673-c78c-458d-9c64-6ac5583a2163|rpc:10.1.0.71:38593|dataStream:10.1.0.71:33341|priority:0|startupRole:FOLLOWER, fc7ed98b-a7bb-4459-9411-3eb8109ffece|rpc:10.1.0.71:42295|dataStream:10.1.0.71:35417|priority:0|startupRole:FOLLOWER, 82e3bfc0-83d2-421b-b906-e2486ad37597|rpc:10.1.0.71:34947|dataStream:10.1.0.71:44233|priority:1|startupRole:FOLLOWER]|listeners:[], old=null, confs=<EMPTY_MAP>
2023-03-09 10:16:04,123 [pool-118-thread-1] INFO  server.RaftServerConfigKeys (ConfUtils.java:logGet(46)) - raft.server.storage.dir = [/home/runner/work/ozone/ozone/hadoop-ozone/integration-test/target/test-dir/MiniOzoneClusterImpl-5f16ed77-7c5c-4847-9cc1-45aa7644631b/datanode-2/data/ratis] (custom)
2023-03-09 10:16:04,123 [pool-118-thread-1] INFO  server.RaftServerConfigKeys (ConfUtils.java:logGet(46)) - raft.server.log.corruption.policy = EXCEPTION (default)
2023-03-09 10:16:04,123 [pool-118-thread-1] INFO  server.RaftServerConfigKeys (ConfUtils.java:logGet(46)) - raft.server.storage.free-space.min = 0MB (=0) (default)
2023-03-09 10:16:04,123 [pool-118-thread-1] INFO  server.RaftServerConfigKeys (ConfUtils.java:logGet(46)) - raft.server.notification.no-leader.timeout = 300s (custom)
2023-03-09 10:16:04,123 [pool-118-thread-1] INFO  server.RaftServerConfigKeys (ConfUtils.java:logGet(46)) - raft.server.retrycache.expirytime = 600000ms (custom)
2023-03-09 10:16:04,124 [pool-118-thread-1] INFO  server.RaftServerConfigKeys (ConfUtils.java:logGet(46)) - raft.server.retrycache.statistics.expirytime = 100μs (default)
2023-03-09 10:16:04,119 [pool-96-thread-1] INFO  server.RaftServerConfigKeys (ConfUtils.java:logGet(46)) - raft.server.log.async-flush.enabled = false (default)
2023-03-09 10:16:04,127 [pool-96-thread-1] INFO  server.RaftServerConfigKeys (ConfUtils.java:logGet(46)) - raft.server.log.statemachine.data.caching.enabled = true (custom)
2023-03-09 10:16:04,127 [pool-96-thread-1] INFO  segmented.SegmentedRaftLogWorker (SegmentedRaftLogWorker.java:lambda$new$0(135)) - fc7ed98b-a7bb-4459-9411-3eb8109ffece@group-666E4004EB94-SegmentedRaftLogWorker: flushIndex: setUnconditionally 0 -> -1
2023-03-09 10:16:04,127 [pool-96-thread-1] INFO  segmented.SegmentedRaftLogWorker (SegmentedRaftLogWorker.java:lambda$new$0(135)) - fc7ed98b-a7bb-4459-9411-3eb8109ffece@group-666E4004EB94-SegmentedRaftLogWorker: safeCacheEvictIndex: setUnconditionally 0 -> -1
2023-03-09 10:16:04,127 [pool-96-thread-1] INFO  server.RaftServer$Division (RaftServerImpl.java:start(334)) - fc7ed98b-a7bb-4459-9411-3eb8109ffece@group-666E4004EB94: start as a follower, conf=-1: peers:[99e75673-c78c-458d-9c64-6ac5583a2163|rpc:10.1.0.71:38593|dataStream:10.1.0.71:33341|priority:1|startupRole:FOLLOWER, fc7ed98b-a7bb-4459-9411-3eb8109ffece|rpc:10.1.0.71:42295|dataStream:10.1.0.71:35417|priority:0|startupRole:FOLLOWER, 82e3bfc0-83d2-421b-b906-e2486ad37597|rpc:10.1.0.71:34947|dataStream:10.1.0.71:44233|priority:0|startupRole:FOLLOWER]|listeners:[], old=null
2023-03-09 10:16:04,127 [pool-96-thread-1] INFO  server.RaftServer$Division (RaftServerImpl.java:setRole(321)) - fc7ed98b-a7bb-4459-9411-3eb8109ffece@group-666E4004EB94: changes role from      null to FOLLOWER at term 0 for startAsFollower
2023-03-09 10:16:04,127 [pool-96-thread-1] INFO  impl.RoleInfo (RoleInfo.java:updateAndGet(139)) - fc7ed98b-a7bb-4459-9411-3eb8109ffece: start fc7ed98b-a7bb-4459-9411-3eb8109ffece@group-666E4004EB94-FollowerState
2023-03-09 10:16:04,127 [fc7ed98b-a7bb-4459-9411-3eb8109ffece@group-666E4004EB94-FollowerState] INFO  server.RaftServerConfigKeys (ConfUtils.java:logFallback(53)) - raft.server.rpc.first-election.timeout.min = 5s (fallback to raft.server.rpc.timeout.min)
2023-03-09 10:16:04,127 [pool-96-thread-1] INFO  util.JmxRegister (JmxRegister.java:tryRegister(44)) - Successfully registered JMX Bean with object name Ratis:service=RaftServer,group=group-666E4004EB94,id=fc7ed98b-a7bb-4459-9411-3eb8109ffece
2023-03-09 10:16:04,133 [fc7ed98b-a7bb-4459-9411-3eb8109ffece@group-666E4004EB94-FollowerState] INFO  server.RaftServerConfigKeys (ConfUtils.java:logFallback(53)) - raft.server.rpc.first-election.timeout.max = 5200ms (fallback to raft.server.rpc.timeout.max)
2023-03-09 10:16:04,134 [pool-118-thread-1] INFO  server.RaftServerConfigKeys (ConfUtils.java:logGet(46)) - raft.server.log.appender.install.snapshot.enabled = false (custom)
2023-03-09 10:16:04,134 [pool-96-thread-1] INFO  server.RaftServerConfigKeys (ConfUtils.java:logGet(46)) - raft.server.snapshot.auto.trigger.enabled = true (custom)
2023-03-09 10:16:04,134 [pool-96-thread-1] INFO  server.RaftServerConfigKeys (ConfUtils.java:logGet(46)) - raft.server.snapshot.auto.trigger.threshold = 10000 (custom)
2023-03-09 10:16:04,134 [pool-96-thread-1] INFO  server.RaftServerConfigKeys (ConfUtils.java:logGet(46)) - raft.server.snapshot.retention.file.num = 5 (custom)
2023-03-09 10:16:04,134 [pool-96-thread-1] INFO  server.RaftServerConfigKeys (ConfUtils.java:logGet(46)) - raft.server.log.purge.upto.snapshot.index = false (default)
2023-03-09 10:16:04,134 [pool-118-thread-1] INFO  server.RaftServerConfigKeys (ConfUtils.java:logGet(46)) - raft.server.threadpool.server.cached = true (default)
2023-03-09 10:16:04,134 [pool-118-thread-1] INFO  server.RaftServerConfigKeys (ConfUtils.java:logGet(46)) - raft.server.threadpool.server.size = 0 (default)
2023-03-09 10:16:04,134 [pool-118-thread-1] INFO  server.RaftServerConfigKeys (ConfUtils.java:logGet(46)) - raft.server.threadpool.client.cached = true (default)
2023-03-09 10:16:04,134 [pool-118-thread-1] INFO  server.RaftServerConfigKeys (ConfUtils.java:logGet(46)) - raft.server.threadpool.client.size = 0 (default)
2023-03-09 10:16:04,136 [pool-118-thread-1] INFO  storage.RaftStorageDirectory (RaftStorageDirectoryImpl.java:analyzeStorage(137)) - The storage directory /home/runner/work/ozone/ozone/hadoop-ozone/integration-test/target/test-dir/MiniOzoneClusterImpl-5f16ed77-7c5c-4847-9cc1-45aa7644631b/datanode-2/data/ratis/96b2fc5c-70a3-4a14-ad2d-950aff1481f3 does not exist. Creating ...
2023-03-09 10:16:04,137 [pool-118-thread-1] INFO  storage.RaftStorageDirectory (RaftStorageDirectoryImpl.java:tryLock(231)) - Lock on /home/runner/work/ozone/ozone/hadoop-ozone/integration-test/target/test-dir/MiniOzoneClusterImpl-5f16ed77-7c5c-4847-9cc1-45aa7644631b/datanode-2/data/ratis/96b2fc5c-70a3-4a14-ad2d-950aff1481f3/in_use.lock acquired by nodename 3065@fv-az200-252
2023-03-09 10:16:04,139 [Command processor thread] INFO  ratis.XceiverServerRatis (XceiverServerRatis.java:addGroup(807)) - Created group PipelineID=aa839c55-8768-4e5b-a947-666e4004eb94
2023-03-09 10:16:04,147 [pool-118-thread-1] INFO  storage.RaftStorage (RaftStorageImpl.java:format(96)) - Storage directory /home/runner/work/ozone/ozone/hadoop-ozone/integration-test/target/test-dir/MiniOzoneClusterImpl-5f16ed77-7c5c-4847-9cc1-45aa7644631b/datanode-2/data/ratis/96b2fc5c-70a3-4a14-ad2d-950aff1481f3 has been successfully formatted.
2023-03-09 10:16:04,151 [pool-118-thread-1] INFO  ratis.ContainerStateMachine (ContainerStateMachine.java:loadSnapshot(240)) - group-950AFF1481F3: The snapshot info is null. Setting the last applied indexto:(t:0, i:~)
2023-03-09 10:16:04,151 [pool-118-thread-1] INFO  server.RaftServerConfigKeys (ConfUtils.java:logGet(46)) - raft.server.log.use.memory = false (default)
2023-03-09 10:16:04,151 [pool-118-thread-1] INFO  server.RaftServerConfigKeys (ConfUtils.java:logGet(46)) - raft.server.log.purge.gap = 1000000 (custom)
2023-03-09 10:16:04,151 [pool-118-thread-1] INFO  server.RaftServerConfigKeys (ConfUtils.java:logGet(46)) - raft.server.log.appender.buffer.byte-limit = 33554432 (custom)
2023-03-09 10:16:04,152 [pool-118-thread-1] INFO  server.RaftServerConfigKeys (ConfUtils.java:logGet(46)) - raft.server.log.statemachine.data.read.timeout = 1000ms (default)
2023-03-09 10:16:04,152 [pool-118-thread-1] INFO  server.RaftServerConfigKeys (ConfUtils.java:logGet(46)) - raft.server.log.purge.preservation.log.num = 0 (default)
2023-03-09 10:16:04,152 [pool-118-thread-1] INFO  server.RaftServerConfigKeys (ConfUtils.java:logGet(46)) - raft.server.log.segment.size.max = 1048576 (custom)
2023-03-09 10:16:04,152 [pool-118-thread-1] INFO  server.RaftServerConfigKeys (ConfUtils.java:logGet(46)) - raft.server.log.segment.cache.num.max = 2 (custom)
2023-03-09 10:16:04,152 [pool-118-thread-1] INFO  server.RaftServerConfigKeys (ConfUtils.java:logGet(46)) - raft.server.log.segment.cache.size.max = 200MB (=209715200) (default)
2023-03-09 10:16:04,152 [pool-118-thread-1] INFO  segmented.SegmentedRaftLogWorker (SegmentedRaftLogWorker.java:<init>(189)) - new 82e3bfc0-83d2-421b-b906-e2486ad37597@group-950AFF1481F3-SegmentedRaftLogWorker for RaftStorageImpl:Storage Directory /home/runner/work/ozone/ozone/hadoop-ozone/integration-test/target/test-dir/MiniOzoneClusterImpl-5f16ed77-7c5c-4847-9cc1-45aa7644631b/datanode-2/data/ratis/96b2fc5c-70a3-4a14-ad2d-950aff1481f3
2023-03-09 10:16:04,152 [pool-118-thread-1] INFO  server.RaftServerConfigKeys (ConfUtils.java:logGet(46)) - raft.server.log.queue.byte-limit = 4294967296 (custom)
2023-03-09 10:16:04,152 [pool-118-thread-1] INFO  server.RaftServerConfigKeys (ConfUtils.java:logGet(46)) - raft.server.log.queue.element-limit = 1024 (custom)
2023-03-09 10:16:04,152 [pool-118-thread-1] INFO  server.RaftServerConfigKeys (ConfUtils.java:logGet(46)) - raft.server.log.segment.size.max = 1048576 (custom)
2023-03-09 10:16:04,152 [pool-118-thread-1] INFO  server.RaftServerConfigKeys (ConfUtils.java:logGet(46)) - raft.server.log.preallocated.size = 16384 (custom)
2023-03-09 10:16:04,152 [pool-118-thread-1] INFO  server.RaftServerConfigKeys (ConfUtils.java:logGet(46)) - raft.server.log.force.sync.num = 128 (default)
2023-03-09 10:16:04,152 [pool-118-thread-1] INFO  server.RaftServerConfigKeys (ConfUtils.java:logGet(46)) - raft.server.log.statemachine.data.sync = true (default)
2023-03-09 10:16:04,153 [pool-118-thread-1] INFO  server.RaftServerConfigKeys (ConfUtils.java:logGet(46)) - raft.server.log.statemachine.data.sync.timeout = 10s (default)
2023-03-09 10:16:04,153 [pool-118-thread-1] INFO  server.RaftServerConfigKeys (ConfUtils.java:logGet(46)) - raft.server.log.statemachine.data.sync.timeout.retry = -1 (default)
2023-03-09 10:16:04,153 [pool-118-thread-1] INFO  server.RaftServerConfigKeys (ConfUtils.java:logGet(46)) - raft.server.log.write.buffer.size = 1048576 (custom)
2023-03-09 10:16:04,154 [pool-118-thread-1] INFO  server.RaftServerConfigKeys (ConfUtils.java:logGet(46)) - raft.server.log.appender.buffer.byte-limit = 33554432 (custom)
2023-03-09 10:16:04,160 [pool-118-thread-1] INFO  server.RaftServerConfigKeys (ConfUtils.java:logGet(46)) - raft.server.log.unsafe-flush.enabled = false (default)
2023-03-09 10:16:04,161 [pool-118-thread-1] INFO  server.RaftServerConfigKeys (ConfUtils.java:logGet(46)) - raft.server.log.async-flush.enabled = false (default)
2023-03-09 10:16:04,162 [pool-118-thread-1] INFO  server.RaftServerConfigKeys (ConfUtils.java:logGet(46)) - raft.server.log.statemachine.data.caching.enabled = true (custom)
2023-03-09 10:16:04,162 [pool-118-thread-1] INFO  segmented.SegmentedRaftLogWorker (SegmentedRaftLogWorker.java:lambda$new$0(135)) - 82e3bfc0-83d2-421b-b906-e2486ad37597@group-950AFF1481F3-SegmentedRaftLogWorker: flushIndex: setUnconditionally 0 -> -1
2023-03-09 10:16:04,162 [pool-118-thread-1] INFO  segmented.SegmentedRaftLogWorker (SegmentedRaftLogWorker.java:lambda$new$0(135)) - 82e3bfc0-83d2-421b-b906-e2486ad37597@group-950AFF1481F3-SegmentedRaftLogWorker: safeCacheEvictIndex: setUnconditionally 0 -> -1
2023-03-09 10:16:04,163 [pool-118-thread-1] INFO  server.RaftServer$Division (RaftServerImpl.java:start(334)) - 82e3bfc0-83d2-421b-b906-e2486ad37597@group-950AFF1481F3: start as a follower, conf=-1: peers:[99e75673-c78c-458d-9c64-6ac5583a2163|rpc:10.1.0.71:38593|dataStream:10.1.0.71:33341|priority:0|startupRole:FOLLOWER, fc7ed98b-a7bb-4459-9411-3eb8109ffece|rpc:10.1.0.71:42295|dataStream:10.1.0.71:35417|priority:0|startupRole:FOLLOWER, 82e3bfc0-83d2-421b-b906-e2486ad37597|rpc:10.1.0.71:34947|dataStream:10.1.0.71:44233|priority:1|startupRole:FOLLOWER]|listeners:[], old=null
2023-03-09 10:16:04,163 [pool-118-thread-1] INFO  server.RaftServer$Division (RaftServerImpl.java:setRole(321)) - 82e3bfc0-83d2-421b-b906-e2486ad37597@group-950AFF1481F3: changes role from      null to FOLLOWER at term 0 for startAsFollower
2023-03-09 10:16:04,163 [pool-118-thread-1] INFO  impl.RoleInfo (RoleInfo.java:updateAndGet(139)) - 82e3bfc0-83d2-421b-b906-e2486ad37597: start 82e3bfc0-83d2-421b-b906-e2486ad37597@group-950AFF1481F3-FollowerState
2023-03-09 10:16:04,163 [pool-118-thread-1] INFO  util.JmxRegister (JmxRegister.java:tryRegister(44)) - Successfully registered JMX Bean with object name Ratis:service=RaftServer,group=group-950AFF1481F3,id=82e3bfc0-83d2-421b-b906-e2486ad37597
2023-03-09 10:16:04,163 [82e3bfc0-83d2-421b-b906-e2486ad37597@group-950AFF1481F3-FollowerState] INFO  server.RaftServerConfigKeys (ConfUtils.java:logFallback(53)) - raft.server.rpc.first-election.timeout.min = 5s (fallback to raft.server.rpc.timeout.min)
2023-03-09 10:16:04,166 [pool-118-thread-1] INFO  server.RaftServerConfigKeys (ConfUtils.java:logGet(46)) - raft.server.snapshot.auto.trigger.enabled = true (custom)
2023-03-09 10:16:04,166 [pool-118-thread-1] INFO  server.RaftServerConfigKeys (ConfUtils.java:logGet(46)) - raft.server.snapshot.auto.trigger.threshold = 10000 (custom)
2023-03-09 10:16:04,166 [pool-118-thread-1] INFO  server.RaftServerConfigKeys (ConfUtils.java:logGet(46)) - raft.server.snapshot.retention.file.num = 5 (custom)
2023-03-09 10:16:04,167 [pool-118-thread-1] INFO  server.RaftServerConfigKeys (ConfUtils.java:logGet(46)) - raft.server.log.purge.upto.snapshot.index = false (default)
2023-03-09 10:16:04,167 [82e3bfc0-83d2-421b-b906-e2486ad37597@group-950AFF1481F3-FollowerState] INFO  server.RaftServerConfigKeys (ConfUtils.java:logFallback(53)) - raft.server.rpc.first-election.timeout.max = 5200ms (fallback to raft.server.rpc.timeout.max)
2023-03-09 10:16:04,181 [Command processor thread] INFO  commandhandler.CreatePipelineCommandHandler (CreatePipelineCommandHandler.java:handle(113)) - Created Pipeline RATIS THREE PipelineID=96b2fc5c-70a3-4a14-ad2d-950aff1481f3.
2023-03-09 10:16:04,181 [Command processor thread] INFO  server.RaftServer (RaftServerProxy.java:addNew(96)) - 99e75673-c78c-458d-9c64-6ac5583a2163: addNew group-666E4004EB94:[99e75673-c78c-458d-9c64-6ac5583a2163|rpc:10.1.0.71:38593|dataStream:10.1.0.71:33341|priority:1|startupRole:FOLLOWER, fc7ed98b-a7bb-4459-9411-3eb8109ffece|rpc:10.1.0.71:42295|dataStream:10.1.0.71:35417|priority:0|startupRole:FOLLOWER, 82e3bfc0-83d2-421b-b906-e2486ad37597|rpc:10.1.0.71:34947|dataStream:10.1.0.71:44233|priority:0|startupRole:FOLLOWER] returns group-666E4004EB94:java.util.concurrent.CompletableFuture@64ad5621[Not completed]
2023-03-09 10:16:04,183 [pool-74-thread-1] INFO  server.RaftServer$Division (RaftServerImpl.java:<init>(195)) - 99e75673-c78c-458d-9c64-6ac5583a2163: new RaftServerImpl for group-666E4004EB94:[99e75673-c78c-458d-9c64-6ac5583a2163|rpc:10.1.0.71:38593|dataStream:10.1.0.71:33341|priority:1|startupRole:FOLLOWER, fc7ed98b-a7bb-4459-9411-3eb8109ffece|rpc:10.1.0.71:42295|dataStream:10.1.0.71:35417|priority:0|startupRole:FOLLOWER, 82e3bfc0-83d2-421b-b906-e2486ad37597|rpc:10.1.0.71:34947|dataStream:10.1.0.71:44233|priority:0|startupRole:FOLLOWER] with ContainerStateMachine:uninitialized
2023-03-09 10:16:04,183 [pool-74-thread-1] INFO  server.RaftServerConfigKeys (ConfUtils.java:logGet(46)) - raft.server.rpc.timeout.min = 5s (custom)
2023-03-09 10:16:04,183 [pool-74-thread-1] INFO  server.RaftServerConfigKeys (ConfUtils.java:logGet(46)) - raft.server.rpc.timeout.max = 5200ms (custom)
2023-03-09 10:16:04,183 [pool-74-thread-1] INFO  server.RaftServerConfigKeys (ConfUtils.java:logGet(46)) - raft.server.rpc.sleep.time = 25ms (default)
2023-03-09 10:16:04,183 [pool-74-thread-1] INFO  server.RaftServerConfigKeys (ConfUtils.java:logGet(46)) - raft.server.rpc.slowness.timeout = 300s (custom)
2023-03-09 10:16:04,183 [pool-74-thread-1] INFO  server.RaftServerConfigKeys (ConfUtils.java:logGet(46)) - raft.server.leaderelection.leader.step-down.wait-time = 10s (default)
2023-03-09 10:16:04,183 [pool-74-thread-1] INFO  server.RaftServerConfigKeys (ConfUtils.java:logGet(46)) - raft.server.sleep.deviation.threshold = 300ms (default)
2023-03-09 10:16:04,183 [pool-74-thread-1] INFO  server.RaftServer$Division (ServerState.java:<init>(118)) - 99e75673-c78c-458d-9c64-6ac5583a2163@group-666E4004EB94: ConfigurationManager, init=-1: peers:[99e75673-c78c-458d-9c64-6ac5583a2163|rpc:10.1.0.71:38593|dataStream:10.1.0.71:33341|priority:1|startupRole:FOLLOWER, fc7ed98b-a7bb-4459-9411-3eb8109ffece|rpc:10.1.0.71:42295|dataStream:10.1.0.71:35417|priority:0|startupRole:FOLLOWER, 82e3bfc0-83d2-421b-b906-e2486ad37597|rpc:10.1.0.71:34947|dataStream:10.1.0.71:44233|priority:0|startupRole:FOLLOWER]|listeners:[], old=null, confs=<EMPTY_MAP>
2023-03-09 10:16:04,183 [pool-74-thread-1] INFO  server.RaftServerConfigKeys (ConfUtils.java:logGet(46)) - raft.server.storage.dir = [/home/runner/work/ozone/ozone/hadoop-ozone/integration-test/target/test-dir/MiniOzoneClusterImpl-5f16ed77-7c5c-4847-9cc1-45aa7644631b/datanode-0/data/ratis] (custom)
2023-03-09 10:16:04,183 [pool-74-thread-1] INFO  server.RaftServerConfigKeys (ConfUtils.java:logGet(46)) - raft.server.log.corruption.policy = EXCEPTION (default)
2023-03-09 10:16:04,183 [pool-74-thread-1] INFO  server.RaftServerConfigKeys (ConfUtils.java:logGet(46)) - raft.server.storage.free-space.min = 0MB (=0) (default)
2023-03-09 10:16:04,183 [pool-74-thread-1] INFO  server.RaftServerConfigKeys (ConfUtils.java:logGet(46)) - raft.server.notification.no-leader.timeout = 300s (custom)
2023-03-09 10:16:04,183 [pool-74-thread-1] INFO  server.RaftServerConfigKeys (ConfUtils.java:logGet(46)) - raft.server.retrycache.expirytime = 600000ms (custom)
2023-03-09 10:16:04,183 [pool-74-thread-1] INFO  server.RaftServerConfigKeys (ConfUtils.java:logGet(46)) - raft.server.retrycache.statistics.expirytime = 100μs (default)
2023-03-09 10:16:04,184 [pool-74-thread-1] INFO  server.RaftServerConfigKeys (ConfUtils.java:logGet(46)) - raft.server.log.appender.install.snapshot.enabled = false (custom)
2023-03-09 10:16:04,184 [pool-74-thread-1] INFO  server.RaftServerConfigKeys (ConfUtils.java:logGet(46)) - raft.server.threadpool.server.cached = true (default)
2023-03-09 10:16:04,184 [pool-74-thread-1] INFO  server.RaftServerConfigKeys (ConfUtils.java:logGet(46)) - raft.server.threadpool.server.size = 0 (default)
2023-03-09 10:16:04,184 [pool-74-thread-1] INFO  server.RaftServerConfigKeys (ConfUtils.java:logGet(46)) - raft.server.threadpool.client.cached = true (default)
2023-03-09 10:16:04,184 [pool-74-thread-1] INFO  server.RaftServerConfigKeys (ConfUtils.java:logGet(46)) - raft.server.threadpool.client.size = 0 (default)
2023-03-09 10:16:04,185 [pool-74-thread-1] INFO  storage.RaftStorageDirectory (RaftStorageDirectoryImpl.java:analyzeStorage(137)) - The storage directory /home/runner/work/ozone/ozone/hadoop-ozone/integration-test/target/test-dir/MiniOzoneClusterImpl-5f16ed77-7c5c-4847-9cc1-45aa7644631b/datanode-0/data/ratis/aa839c55-8768-4e5b-a947-666e4004eb94 does not exist. Creating ...
2023-03-09 10:16:04,186 [pool-74-thread-1] INFO  storage.RaftStorageDirectory (RaftStorageDirectoryImpl.java:tryLock(231)) - Lock on /home/runner/work/ozone/ozone/hadoop-ozone/integration-test/target/test-dir/MiniOzoneClusterImpl-5f16ed77-7c5c-4847-9cc1-45aa7644631b/datanode-0/data/ratis/aa839c55-8768-4e5b-a947-666e4004eb94/in_use.lock acquired by nodename 3065@fv-az200-252
2023-03-09 10:16:04,188 [pool-74-thread-1] INFO  storage.RaftStorage (RaftStorageImpl.java:format(96)) - Storage directory /home/runner/work/ozone/ozone/hadoop-ozone/integration-test/target/test-dir/MiniOzoneClusterImpl-5f16ed77-7c5c-4847-9cc1-45aa7644631b/datanode-0/data/ratis/aa839c55-8768-4e5b-a947-666e4004eb94 has been successfully formatted.
2023-03-09 10:16:04,189 [pool-74-thread-1] INFO  ratis.ContainerStateMachine (ContainerStateMachine.java:loadSnapshot(240)) - group-666E4004EB94: The snapshot info is null. Setting the last applied indexto:(t:0, i:~)
2023-03-09 10:16:04,189 [pool-74-thread-1] INFO  server.RaftServerConfigKeys (ConfUtils.java:logGet(46)) - raft.server.log.use.memory = false (default)
2023-03-09 10:16:04,189 [pool-74-thread-1] INFO  server.RaftServerConfigKeys (ConfUtils.java:logGet(46)) - raft.server.log.purge.gap = 1000000 (custom)
2023-03-09 10:16:04,189 [pool-74-thread-1] INFO  server.RaftServerConfigKeys (ConfUtils.java:logGet(46)) - raft.server.log.appender.buffer.byte-limit = 33554432 (custom)
2023-03-09 10:16:04,189 [pool-74-thread-1] INFO  server.RaftServerConfigKeys (ConfUtils.java:logGet(46)) - raft.server.log.statemachine.data.read.timeout = 1000ms (default)
2023-03-09 10:16:04,189 [pool-74-thread-1] INFO  server.RaftServerConfigKeys (ConfUtils.java:logGet(46)) - raft.server.log.purge.preservation.log.num = 0 (default)
2023-03-09 10:16:04,189 [pool-74-thread-1] INFO  server.RaftServerConfigKeys (ConfUtils.java:logGet(46)) - raft.server.log.segment.size.max = 1048576 (custom)
2023-03-09 10:16:04,190 [pool-74-thread-1] INFO  server.RaftServerConfigKeys (ConfUtils.java:logGet(46)) - raft.server.log.segment.cache.num.max = 2 (custom)
2023-03-09 10:16:04,190 [pool-74-thread-1] INFO  server.RaftServerConfigKeys (ConfUtils.java:logGet(46)) - raft.server.log.segment.cache.size.max = 200MB (=209715200) (default)
2023-03-09 10:16:04,190 [pool-74-thread-1] INFO  segmented.SegmentedRaftLogWorker (SegmentedRaftLogWorker.java:<init>(189)) - new 99e75673-c78c-458d-9c64-6ac5583a2163@group-666E4004EB94-SegmentedRaftLogWorker for RaftStorageImpl:Storage Directory /home/runner/work/ozone/ozone/hadoop-ozone/integration-test/target/test-dir/MiniOzoneClusterImpl-5f16ed77-7c5c-4847-9cc1-45aa7644631b/datanode-0/data/ratis/aa839c55-8768-4e5b-a947-666e4004eb94
2023-03-09 10:16:04,190 [pool-74-thread-1] INFO  server.RaftServerConfigKeys (ConfUtils.java:logGet(46)) - raft.server.log.queue.byte-limit = 4294967296 (custom)
2023-03-09 10:16:04,190 [pool-74-thread-1] INFO  server.RaftServerConfigKeys (ConfUtils.java:logGet(46)) - raft.server.log.queue.element-limit = 1024 (custom)
2023-03-09 10:16:04,190 [pool-74-thread-1] INFO  server.RaftServerConfigKeys (ConfUtils.java:logGet(46)) - raft.server.log.segment.size.max = 1048576 (custom)
2023-03-09 10:16:04,190 [pool-74-thread-1] INFO  server.RaftServerConfigKeys (ConfUtils.java:logGet(46)) - raft.server.log.preallocated.size = 16384 (custom)
2023-03-09 10:16:04,190 [pool-74-thread-1] INFO  server.RaftServerConfigKeys (ConfUtils.java:logGet(46)) - raft.server.log.force.sync.num = 128 (default)
2023-03-09 10:16:04,191 [pool-74-thread-1] INFO  server.RaftServerConfigKeys (ConfUtils.java:logGet(46)) - raft.server.log.statemachine.data.sync = true (default)
2023-03-09 10:16:04,191 [pool-74-thread-1] INFO  server.RaftServerConfigKeys (ConfUtils.java:logGet(46)) - raft.server.log.statemachine.data.sync.timeout = 10s (default)
2023-03-09 10:16:04,191 [pool-74-thread-1] INFO  server.RaftServerConfigKeys (ConfUtils.java:logGet(46)) - raft.server.log.statemachine.data.sync.timeout.retry = -1 (default)
2023-03-09 10:16:04,191 [EventQueue-OpenPipelineForHealthyPipelineSafeModeRule] INFO  safemode.SCMSafeModeManager (HealthyPipelineSafeModeRule.java:process(137)) - SCM in safe mode. Healthy pipelines reported count is 0, required healthy pipeline reported count is 1
2023-03-09 10:16:04,195 [pool-74-thread-1] INFO  server.RaftServerConfigKeys (ConfUtils.java:logGet(46)) - raft.server.log.write.buffer.size = 1048576 (custom)
2023-03-09 10:16:04,195 [pool-74-thread-1] INFO  server.RaftServerConfigKeys (ConfUtils.java:logGet(46)) - raft.server.log.appender.buffer.byte-limit = 33554432 (custom)
2023-03-09 10:16:04,206 [pool-74-thread-1] INFO  server.RaftServerConfigKeys (ConfUtils.java:logGet(46)) - raft.server.log.unsafe-flush.enabled = false (default)
2023-03-09 10:16:04,207 [pool-74-thread-1] INFO  server.RaftServerConfigKeys (ConfUtils.java:logGet(46)) - raft.server.log.async-flush.enabled = false (default)
2023-03-09 10:16:04,207 [pool-74-thread-1] INFO  server.RaftServerConfigKeys (ConfUtils.java:logGet(46)) - raft.server.log.statemachine.data.caching.enabled = true (custom)
2023-03-09 10:16:04,207 [pool-74-thread-1] INFO  segmented.SegmentedRaftLogWorker (SegmentedRaftLogWorker.java:lambda$new$0(135)) - 99e75673-c78c-458d-9c64-6ac5583a2163@group-666E4004EB94-SegmentedRaftLogWorker: flushIndex: setUnconditionally 0 -> -1
2023-03-09 10:16:04,207 [pool-74-thread-1] INFO  segmented.SegmentedRaftLogWorker (SegmentedRaftLogWorker.java:lambda$new$0(135)) - 99e75673-c78c-458d-9c64-6ac5583a2163@group-666E4004EB94-SegmentedRaftLogWorker: safeCacheEvictIndex: setUnconditionally 0 -> -1
2023-03-09 10:16:04,212 [pool-74-thread-1] INFO  server.RaftServer$Division (RaftServerImpl.java:start(334)) - 99e75673-c78c-458d-9c64-6ac5583a2163@group-666E4004EB94: start as a follower, conf=-1: peers:[99e75673-c78c-458d-9c64-6ac5583a2163|rpc:10.1.0.71:38593|dataStream:10.1.0.71:33341|priority:1|startupRole:FOLLOWER, fc7ed98b-a7bb-4459-9411-3eb8109ffece|rpc:10.1.0.71:42295|dataStream:10.1.0.71:35417|priority:0|startupRole:FOLLOWER, 82e3bfc0-83d2-421b-b906-e2486ad37597|rpc:10.1.0.71:34947|dataStream:10.1.0.71:44233|priority:0|startupRole:FOLLOWER]|listeners:[], old=null
2023-03-09 10:16:04,212 [pool-74-thread-1] INFO  server.RaftServer$Division (RaftServerImpl.java:setRole(321)) - 99e75673-c78c-458d-9c64-6ac5583a2163@group-666E4004EB94: changes role from      null to FOLLOWER at term 0 for startAsFollower
2023-03-09 10:16:04,212 [pool-74-thread-1] INFO  impl.RoleInfo (RoleInfo.java:updateAndGet(139)) - 99e75673-c78c-458d-9c64-6ac5583a2163: start 99e75673-c78c-458d-9c64-6ac5583a2163@group-666E4004EB94-FollowerState
2023-03-09 10:16:04,215 [pool-74-thread-1] INFO  util.JmxRegister (JmxRegister.java:tryRegister(44)) - Successfully registered JMX Bean with object name Ratis:service=RaftServer,group=group-666E4004EB94,id=99e75673-c78c-458d-9c64-6ac5583a2163
2023-03-09 10:16:04,215 [pool-74-thread-1] INFO  server.RaftServerConfigKeys (ConfUtils.java:logGet(46)) - raft.server.snapshot.auto.trigger.enabled = true (custom)
2023-03-09 10:16:04,215 [pool-74-thread-1] INFO  server.RaftServerConfigKeys (ConfUtils.java:logGet(46)) - raft.server.snapshot.auto.trigger.threshold = 10000 (custom)
2023-03-09 10:16:04,215 [pool-74-thread-1] INFO  server.RaftServerConfigKeys (ConfUtils.java:logGet(46)) - raft.server.snapshot.retention.file.num = 5 (custom)
2023-03-09 10:16:04,215 [pool-74-thread-1] INFO  server.RaftServerConfigKeys (ConfUtils.java:logGet(46)) - raft.server.log.purge.upto.snapshot.index = false (default)
2023-03-09 10:16:04,216 [99e75673-c78c-458d-9c64-6ac5583a2163@group-666E4004EB94-FollowerState] INFO  server.RaftServerConfigKeys (ConfUtils.java:logFallback(53)) - raft.server.rpc.first-election.timeout.min = 5s (fallback to raft.server.rpc.timeout.min)
2023-03-09 10:16:04,223 [Command processor thread] INFO  ratis.XceiverServerRatis (XceiverServerRatis.java:addGroup(807)) - Created group PipelineID=aa839c55-8768-4e5b-a947-666e4004eb94
2023-03-09 10:16:04,227 [99e75673-c78c-458d-9c64-6ac5583a2163@group-666E4004EB94-FollowerState] INFO  server.RaftServerConfigKeys (ConfUtils.java:logFallback(53)) - raft.server.rpc.first-election.timeout.max = 5200ms (fallback to raft.server.rpc.timeout.max)
2023-03-09 10:16:04,235 [Command processor thread] INFO  server.RaftServer (RaftServerProxy.java:addNew(96)) - 82e3bfc0-83d2-421b-b906-e2486ad37597: addNew group-6E99D10BAB71:[82e3bfc0-83d2-421b-b906-e2486ad37597|rpc:10.1.0.71:34947|dataStream:10.1.0.71:44233|priority:1|startupRole:FOLLOWER] returns group-6E99D10BAB71:java.util.concurrent.CompletableFuture@538e8189[Not completed]
2023-03-09 10:16:04,236 [Listener at 127.0.0.1/46781] INFO  ozone.MiniOzoneClusterImpl (MiniOzoneClusterImpl.java:lambda$waitForClusterToBeReady$0(218)) - Nodes are ready. Got 3 of 3 DN Heartbeats.
2023-03-09 10:16:04,236 [Listener at 127.0.0.1/46781] INFO  ozone.MiniOzoneClusterImpl (MiniOzoneClusterImpl.java:lambda$waitForClusterToBeReady$0(221)) - Waiting for cluster to exit safe mode
2023-03-09 10:16:04,236 [Listener at 127.0.0.1/46781] INFO  ozone.MiniOzoneClusterImpl (MiniOzoneClusterImpl.java:lambda$waitForClusterToBeReady$0(223)) - SCM became leader
2023-03-09 10:16:04,236 [pool-118-thread-1] INFO  server.RaftServer$Division (RaftServerImpl.java:<init>(195)) - 82e3bfc0-83d2-421b-b906-e2486ad37597: new RaftServerImpl for group-6E99D10BAB71:[82e3bfc0-83d2-421b-b906-e2486ad37597|rpc:10.1.0.71:34947|dataStream:10.1.0.71:44233|priority:1|startupRole:FOLLOWER] with ContainerStateMachine:uninitialized
2023-03-09 10:16:04,236 [pool-118-thread-1] INFO  server.RaftServerConfigKeys (ConfUtils.java:logGet(46)) - raft.server.rpc.timeout.min = 5s (custom)
2023-03-09 10:16:04,236 [pool-118-thread-1] INFO  server.RaftServerConfigKeys (ConfUtils.java:logGet(46)) - raft.server.rpc.timeout.max = 5200ms (custom)
2023-03-09 10:16:04,236 [pool-118-thread-1] INFO  server.RaftServerConfigKeys (ConfUtils.java:logGet(46)) - raft.server.rpc.sleep.time = 25ms (default)
2023-03-09 10:16:04,236 [pool-118-thread-1] INFO  server.RaftServerConfigKeys (ConfUtils.java:logGet(46)) - raft.server.rpc.slowness.timeout = 300s (custom)
2023-03-09 10:16:04,236 [pool-118-thread-1] INFO  server.RaftServerConfigKeys (ConfUtils.java:logGet(46)) - raft.server.leaderelection.leader.step-down.wait-time = 10s (default)
2023-03-09 10:16:04,236 [pool-118-thread-1] INFO  server.RaftServerConfigKeys (ConfUtils.java:logGet(46)) - raft.server.sleep.deviation.threshold = 300ms (default)
2023-03-09 10:16:04,236 [pool-118-thread-1] INFO  server.RaftServer$Division (ServerState.java:<init>(118)) - 82e3bfc0-83d2-421b-b906-e2486ad37597@group-6E99D10BAB71: ConfigurationManager, init=-1: peers:[82e3bfc0-83d2-421b-b906-e2486ad37597|rpc:10.1.0.71:34947|dataStream:10.1.0.71:44233|priority:1|startupRole:FOLLOWER]|listeners:[], old=null, confs=<EMPTY_MAP>
2023-03-09 10:16:04,237 [pool-118-thread-1] INFO  server.RaftServerConfigKeys (ConfUtils.java:logGet(46)) - raft.server.storage.dir = [/home/runner/work/ozone/ozone/hadoop-ozone/integration-test/target/test-dir/MiniOzoneClusterImpl-5f16ed77-7c5c-4847-9cc1-45aa7644631b/datanode-2/data/ratis] (custom)
2023-03-09 10:16:04,237 [pool-118-thread-1] INFO  server.RaftServerConfigKeys (ConfUtils.java:logGet(46)) - raft.server.log.corruption.policy = EXCEPTION (default)
2023-03-09 10:16:04,237 [pool-118-thread-1] INFO  server.RaftServerConfigKeys (ConfUtils.java:logGet(46)) - raft.server.storage.free-space.min = 0MB (=0) (default)
2023-03-09 10:16:04,237 [pool-118-thread-1] INFO  server.RaftServerConfigKeys (ConfUtils.java:logGet(46)) - raft.server.notification.no-leader.timeout = 300s (custom)
2023-03-09 10:16:04,237 [pool-118-thread-1] INFO  server.RaftServerConfigKeys (ConfUtils.java:logGet(46)) - raft.server.retrycache.expirytime = 600000ms (custom)
2023-03-09 10:16:04,237 [pool-118-thread-1] INFO  server.RaftServerConfigKeys (ConfUtils.java:logGet(46)) - raft.server.retrycache.statistics.expirytime = 100μs (default)
2023-03-09 10:16:04,238 [pool-118-thread-1] INFO  server.RaftServerConfigKeys (ConfUtils.java:logGet(46)) - raft.server.log.appender.install.snapshot.enabled = false (custom)
2023-03-09 10:16:04,238 [pool-118-thread-1] INFO  server.RaftServerConfigKeys (ConfUtils.java:logGet(46)) - raft.server.threadpool.server.cached = true (default)
2023-03-09 10:16:04,238 [pool-118-thread-1] INFO  server.RaftServerConfigKeys (ConfUtils.java:logGet(46)) - raft.server.threadpool.server.size = 0 (default)
2023-03-09 10:16:04,238 [pool-118-thread-1] INFO  server.RaftServerConfigKeys (ConfUtils.java:logGet(46)) - raft.server.threadpool.client.cached = true (default)
2023-03-09 10:16:04,238 [pool-118-thread-1] INFO  server.RaftServerConfigKeys (ConfUtils.java:logGet(46)) - raft.server.threadpool.client.size = 0 (default)
2023-03-09 10:16:04,238 [pool-118-thread-1] INFO  storage.RaftStorageDirectory (RaftStorageDirectoryImpl.java:analyzeStorage(137)) - The storage directory /home/runner/work/ozone/ozone/hadoop-ozone/integration-test/target/test-dir/MiniOzoneClusterImpl-5f16ed77-7c5c-4847-9cc1-45aa7644631b/datanode-2/data/ratis/1de75dbc-5475-4b1c-b4ea-6e99d10bab71 does not exist. Creating ...
2023-03-09 10:16:04,240 [pool-118-thread-1] INFO  storage.RaftStorageDirectory (RaftStorageDirectoryImpl.java:tryLock(231)) - Lock on /home/runner/work/ozone/ozone/hadoop-ozone/integration-test/target/test-dir/MiniOzoneClusterImpl-5f16ed77-7c5c-4847-9cc1-45aa7644631b/datanode-2/data/ratis/1de75dbc-5475-4b1c-b4ea-6e99d10bab71/in_use.lock acquired by nodename 3065@fv-az200-252
2023-03-09 10:16:04,246 [pool-118-thread-1] INFO  storage.RaftStorage (RaftStorageImpl.java:format(96)) - Storage directory /home/runner/work/ozone/ozone/hadoop-ozone/integration-test/target/test-dir/MiniOzoneClusterImpl-5f16ed77-7c5c-4847-9cc1-45aa7644631b/datanode-2/data/ratis/1de75dbc-5475-4b1c-b4ea-6e99d10bab71 has been successfully formatted.
2023-03-09 10:16:04,251 [pool-118-thread-1] INFO  ratis.ContainerStateMachine (ContainerStateMachine.java:loadSnapshot(240)) - group-6E99D10BAB71: The snapshot info is null. Setting the last applied indexto:(t:0, i:~)
2023-03-09 10:16:04,252 [EventQueue-PipelineReportForPipelineReportHandler] INFO  pipeline.PipelineManagerImpl (PipelineManagerImpl.java:openPipeline(367)) - Pipeline Pipeline[ Id: 1de75dbc-5475-4b1c-b4ea-6e99d10bab71, Nodes: 82e3bfc0-83d2-421b-b906-e2486ad37597(fv-az200-252.swdxaxenvgxe1kqentp15g1mgd.jx.internal.cloudapp.net/10.1.0.71), ReplicationConfig: RATIS/ONE, State:ALLOCATED, leaderId:82e3bfc0-83d2-421b-b906-e2486ad37597, CreationTimestamp2023-03-09T10:16:01.239Z[Etc/UTC]] moved to OPEN state
2023-03-09 10:16:04,253 [EventQueue-OpenPipelineForHealthyPipelineSafeModeRule] INFO  safemode.SCMSafeModeManager (HealthyPipelineSafeModeRule.java:process(137)) - SCM in safe mode. Healthy pipelines reported count is 0, required healthy pipeline reported count is 1
2023-03-09 10:16:04,253 [pool-118-thread-1] INFO  server.RaftServerConfigKeys (ConfUtils.java:logGet(46)) - raft.server.log.use.memory = false (default)
2023-03-09 10:16:04,253 [pool-118-thread-1] INFO  server.RaftServerConfigKeys (ConfUtils.java:logGet(46)) - raft.server.log.purge.gap = 1000000 (custom)
2023-03-09 10:16:04,253 [pool-118-thread-1] INFO  server.RaftServerConfigKeys (ConfUtils.java:logGet(46)) - raft.server.log.appender.buffer.byte-limit = 33554432 (custom)
2023-03-09 10:16:04,253 [pool-118-thread-1] INFO  server.RaftServerConfigKeys (ConfUtils.java:logGet(46)) - raft.server.log.statemachine.data.read.timeout = 1000ms (default)
2023-03-09 10:16:04,253 [pool-118-thread-1] INFO  server.RaftServerConfigKeys (ConfUtils.java:logGet(46)) - raft.server.log.purge.preservation.log.num = 0 (default)
2023-03-09 10:16:04,256 [pool-118-thread-1] INFO  server.RaftServerConfigKeys (ConfUtils.java:logGet(46)) - raft.server.log.segment.size.max = 1048576 (custom)
2023-03-09 10:16:04,256 [pool-118-thread-1] INFO  server.RaftServerConfigKeys (ConfUtils.java:logGet(46)) - raft.server.log.segment.cache.num.max = 2 (custom)
2023-03-09 10:16:04,256 [pool-118-thread-1] INFO  server.RaftServerConfigKeys (ConfUtils.java:logGet(46)) - raft.server.log.segment.cache.size.max = 200MB (=209715200) (default)
2023-03-09 10:16:04,256 [pool-118-thread-1] INFO  segmented.SegmentedRaftLogWorker (SegmentedRaftLogWorker.java:<init>(189)) - new 82e3bfc0-83d2-421b-b906-e2486ad37597@group-6E99D10BAB71-SegmentedRaftLogWorker for RaftStorageImpl:Storage Directory /home/runner/work/ozone/ozone/hadoop-ozone/integration-test/target/test-dir/MiniOzoneClusterImpl-5f16ed77-7c5c-4847-9cc1-45aa7644631b/datanode-2/data/ratis/1de75dbc-5475-4b1c-b4ea-6e99d10bab71
2023-03-09 10:16:04,256 [pool-118-thread-1] INFO  server.RaftServerConfigKeys (ConfUtils.java:logGet(46)) - raft.server.log.queue.byte-limit = 4294967296 (custom)
2023-03-09 10:16:04,256 [pool-118-thread-1] INFO  server.RaftServerConfigKeys (ConfUtils.java:logGet(46)) - raft.server.log.queue.element-limit = 1024 (custom)
2023-03-09 10:16:04,256 [pool-118-thread-1] INFO  server.RaftServerConfigKeys (ConfUtils.java:logGet(46)) - raft.server.log.segment.size.max = 1048576 (custom)
2023-03-09 10:16:04,256 [pool-118-thread-1] INFO  server.RaftServerConfigKeys (ConfUtils.java:logGet(46)) - raft.server.log.preallocated.size = 16384 (custom)
2023-03-09 10:16:04,256 [pool-118-thread-1] INFO  server.RaftServerConfigKeys (ConfUtils.java:logGet(46)) - raft.server.log.force.sync.num = 128 (default)
2023-03-09 10:16:04,257 [pool-118-thread-1] INFO  server.RaftServerConfigKeys (ConfUtils.java:logGet(46)) - raft.server.log.statemachine.data.sync = true (default)
2023-03-09 10:16:04,257 [pool-118-thread-1] INFO  server.RaftServerConfigKeys (ConfUtils.java:logGet(46)) - raft.server.log.statemachine.data.sync.timeout = 10s (default)
2023-03-09 10:16:04,257 [pool-118-thread-1] INFO  server.RaftServerConfigKeys (ConfUtils.java:logGet(46)) - raft.server.log.statemachine.data.sync.timeout.retry = -1 (default)
2023-03-09 10:16:04,259 [pool-118-thread-1] INFO  server.RaftServerConfigKeys (ConfUtils.java:logGet(46)) - raft.server.log.write.buffer.size = 1048576 (custom)
2023-03-09 10:16:04,260 [pool-118-thread-1] INFO  server.RaftServerConfigKeys (ConfUtils.java:logGet(46)) - raft.server.log.appender.buffer.byte-limit = 33554432 (custom)
2023-03-09 10:16:04,269 [pool-118-thread-1] INFO  server.RaftServerConfigKeys (ConfUtils.java:logGet(46)) - raft.server.log.unsafe-flush.enabled = false (default)
2023-03-09 10:16:04,269 [pool-118-thread-1] INFO  server.RaftServerConfigKeys (ConfUtils.java:logGet(46)) - raft.server.log.async-flush.enabled = false (default)
2023-03-09 10:16:04,269 [pool-118-thread-1] INFO  server.RaftServerConfigKeys (ConfUtils.java:logGet(46)) - raft.server.log.statemachine.data.caching.enabled = true (custom)
2023-03-09 10:16:04,269 [pool-118-thread-1] INFO  segmented.SegmentedRaftLogWorker (SegmentedRaftLogWorker.java:lambda$new$0(135)) - 82e3bfc0-83d2-421b-b906-e2486ad37597@group-6E99D10BAB71-SegmentedRaftLogWorker: flushIndex: setUnconditionally 0 -> -1
2023-03-09 10:16:04,269 [pool-118-thread-1] INFO  segmented.SegmentedRaftLogWorker (SegmentedRaftLogWorker.java:lambda$new$0(135)) - 82e3bfc0-83d2-421b-b906-e2486ad37597@group-6E99D10BAB71-SegmentedRaftLogWorker: safeCacheEvictIndex: setUnconditionally 0 -> -1
2023-03-09 10:16:04,269 [pool-118-thread-1] INFO  server.RaftServer$Division (RaftServerImpl.java:start(334)) - 82e3bfc0-83d2-421b-b906-e2486ad37597@group-6E99D10BAB71: start as a follower, conf=-1: peers:[82e3bfc0-83d2-421b-b906-e2486ad37597|rpc:10.1.0.71:34947|dataStream:10.1.0.71:44233|priority:1|startupRole:FOLLOWER]|listeners:[], old=null
2023-03-09 10:16:04,269 [pool-118-thread-1] INFO  server.RaftServer$Division (RaftServerImpl.java:setRole(321)) - 82e3bfc0-83d2-421b-b906-e2486ad37597@group-6E99D10BAB71: changes role from      null to FOLLOWER at term 0 for startAsFollower
2023-03-09 10:16:04,269 [pool-118-thread-1] INFO  impl.RoleInfo (RoleInfo.java:updateAndGet(139)) - 82e3bfc0-83d2-421b-b906-e2486ad37597: start 82e3bfc0-83d2-421b-b906-e2486ad37597@group-6E99D10BAB71-FollowerState
2023-03-09 10:16:04,270 [pool-118-thread-1] INFO  util.JmxRegister (JmxRegister.java:tryRegister(44)) - Successfully registered JMX Bean with object name Ratis:service=RaftServer,group=group-6E99D10BAB71,id=82e3bfc0-83d2-421b-b906-e2486ad37597
2023-03-09 10:16:04,270 [pool-118-thread-1] INFO  server.RaftServerConfigKeys (ConfUtils.java:logGet(46)) - raft.server.snapshot.auto.trigger.enabled = true (custom)
2023-03-09 10:16:04,270 [pool-118-thread-1] INFO  server.RaftServerConfigKeys (ConfUtils.java:logGet(46)) - raft.server.snapshot.auto.trigger.threshold = 10000 (custom)
2023-03-09 10:16:04,270 [pool-118-thread-1] INFO  server.RaftServerConfigKeys (ConfUtils.java:logGet(46)) - raft.server.snapshot.retention.file.num = 5 (custom)
2023-03-09 10:16:04,270 [pool-118-thread-1] INFO  server.RaftServerConfigKeys (ConfUtils.java:logGet(46)) - raft.server.log.purge.upto.snapshot.index = false (default)
2023-03-09 10:16:04,271 [82e3bfc0-83d2-421b-b906-e2486ad37597@group-6E99D10BAB71-FollowerState] INFO  server.RaftServerConfigKeys (ConfUtils.java:logFallback(53)) - raft.server.rpc.first-election.timeout.min = 5s (fallback to raft.server.rpc.timeout.min)
2023-03-09 10:16:04,271 [82e3bfc0-83d2-421b-b906-e2486ad37597@group-6E99D10BAB71-FollowerState] INFO  server.RaftServerConfigKeys (ConfUtils.java:logFallback(53)) - raft.server.rpc.first-election.timeout.max = 5200ms (fallback to raft.server.rpc.timeout.max)
2023-03-09 10:16:04,274 [Command processor thread] INFO  ratis.XceiverServerRatis (XceiverServerRatis.java:addGroup(807)) - Created group PipelineID=1de75dbc-5475-4b1c-b4ea-6e99d10bab71
2023-03-09 10:16:04,274 [Command processor thread] INFO  commandhandler.CreatePipelineCommandHandler (CreatePipelineCommandHandler.java:handle(113)) - Created Pipeline RATIS ONE PipelineID=1de75dbc-5475-4b1c-b4ea-6e99d10bab71.
2023-03-09 10:16:04,281 [Command processor thread] INFO  server.RaftServer (RaftServerProxy.java:addNew(96)) - 82e3bfc0-83d2-421b-b906-e2486ad37597: addNew group-666E4004EB94:[99e75673-c78c-458d-9c64-6ac5583a2163|rpc:10.1.0.71:38593|dataStream:10.1.0.71:33341|priority:1|startupRole:FOLLOWER, fc7ed98b-a7bb-4459-9411-3eb8109ffece|rpc:10.1.0.71:42295|dataStream:10.1.0.71:35417|priority:0|startupRole:FOLLOWER, 82e3bfc0-83d2-421b-b906-e2486ad37597|rpc:10.1.0.71:34947|dataStream:10.1.0.71:44233|priority:0|startupRole:FOLLOWER] returns group-666E4004EB94:java.util.concurrent.CompletableFuture@5d497588[Not completed]
2023-03-09 10:16:04,282 [pool-118-thread-1] INFO  server.RaftServer$Division (RaftServerImpl.java:<init>(195)) - 82e3bfc0-83d2-421b-b906-e2486ad37597: new RaftServerImpl for group-666E4004EB94:[99e75673-c78c-458d-9c64-6ac5583a2163|rpc:10.1.0.71:38593|dataStream:10.1.0.71:33341|priority:1|startupRole:FOLLOWER, fc7ed98b-a7bb-4459-9411-3eb8109ffece|rpc:10.1.0.71:42295|dataStream:10.1.0.71:35417|priority:0|startupRole:FOLLOWER, 82e3bfc0-83d2-421b-b906-e2486ad37597|rpc:10.1.0.71:34947|dataStream:10.1.0.71:44233|priority:0|startupRole:FOLLOWER] with ContainerStateMachine:uninitialized
2023-03-09 10:16:04,282 [pool-118-thread-1] INFO  server.RaftServerConfigKeys (ConfUtils.java:logGet(46)) - raft.server.rpc.timeout.min = 5s (custom)
2023-03-09 10:16:04,282 [pool-118-thread-1] INFO  server.RaftServerConfigKeys (ConfUtils.java:logGet(46)) - raft.server.rpc.timeout.max = 5200ms (custom)
2023-03-09 10:16:04,282 [pool-118-thread-1] INFO  server.RaftServerConfigKeys (ConfUtils.java:logGet(46)) - raft.server.rpc.sleep.time = 25ms (default)
2023-03-09 10:16:04,282 [pool-118-thread-1] INFO  server.RaftServerConfigKeys (ConfUtils.java:logGet(46)) - raft.server.rpc.slowness.timeout = 300s (custom)
2023-03-09 10:16:04,282 [pool-118-thread-1] INFO  server.RaftServerConfigKeys (ConfUtils.java:logGet(46)) - raft.server.leaderelection.leader.step-down.wait-time = 10s (default)
2023-03-09 10:16:04,282 [pool-118-thread-1] INFO  server.RaftServerConfigKeys (ConfUtils.java:logGet(46)) - raft.server.sleep.deviation.threshold = 300ms (default)
2023-03-09 10:16:04,283 [pool-118-thread-1] INFO  server.RaftServer$Division (ServerState.java:<init>(118)) - 82e3bfc0-83d2-421b-b906-e2486ad37597@group-666E4004EB94: ConfigurationManager, init=-1: peers:[99e75673-c78c-458d-9c64-6ac5583a2163|rpc:10.1.0.71:38593|dataStream:10.1.0.71:33341|priority:1|startupRole:FOLLOWER, fc7ed98b-a7bb-4459-9411-3eb8109ffece|rpc:10.1.0.71:42295|dataStream:10.1.0.71:35417|priority:0|startupRole:FOLLOWER, 82e3bfc0-83d2-421b-b906-e2486ad37597|rpc:10.1.0.71:34947|dataStream:10.1.0.71:44233|priority:0|startupRole:FOLLOWER]|listeners:[], old=null, confs=<EMPTY_MAP>
2023-03-09 10:16:04,283 [pool-118-thread-1] INFO  server.RaftServerConfigKeys (ConfUtils.java:logGet(46)) - raft.server.storage.dir = [/home/runner/work/ozone/ozone/hadoop-ozone/integration-test/target/test-dir/MiniOzoneClusterImpl-5f16ed77-7c5c-4847-9cc1-45aa7644631b/datanode-2/data/ratis] (custom)
2023-03-09 10:16:04,283 [pool-118-thread-1] INFO  server.RaftServerConfigKeys (ConfUtils.java:logGet(46)) - raft.server.log.corruption.policy = EXCEPTION (default)
2023-03-09 10:16:04,283 [pool-118-thread-1] INFO  server.RaftServerConfigKeys (ConfUtils.java:logGet(46)) - raft.server.storage.free-space.min = 0MB (=0) (default)
2023-03-09 10:16:04,283 [pool-118-thread-1] INFO  server.RaftServerConfigKeys (ConfUtils.java:logGet(46)) - raft.server.notification.no-leader.timeout = 300s (custom)
2023-03-09 10:16:04,283 [pool-118-thread-1] INFO  server.RaftServerConfigKeys (ConfUtils.java:logGet(46)) - raft.server.retrycache.expirytime = 600000ms (custom)
2023-03-09 10:16:04,283 [pool-118-thread-1] INFO  server.RaftServerConfigKeys (ConfUtils.java:logGet(46)) - raft.server.retrycache.statistics.expirytime = 100μs (default)
2023-03-09 10:16:04,284 [pool-118-thread-1] INFO  server.RaftServerConfigKeys (ConfUtils.java:logGet(46)) - raft.server.log.appender.install.snapshot.enabled = false (custom)
2023-03-09 10:16:04,284 [pool-118-thread-1] INFO  server.RaftServerConfigKeys (ConfUtils.java:logGet(46)) - raft.server.threadpool.server.cached = true (default)
2023-03-09 10:16:04,284 [pool-118-thread-1] INFO  server.RaftServerConfigKeys (ConfUtils.java:logGet(46)) - raft.server.threadpool.server.size = 0 (default)
2023-03-09 10:16:04,284 [pool-118-thread-1] INFO  server.RaftServerConfigKeys (ConfUtils.java:logGet(46)) - raft.server.threadpool.client.cached = true (default)
2023-03-09 10:16:04,284 [pool-118-thread-1] INFO  server.RaftServerConfigKeys (ConfUtils.java:logGet(46)) - raft.server.threadpool.client.size = 0 (default)
2023-03-09 10:16:04,284 [pool-118-thread-1] INFO  storage.RaftStorageDirectory (RaftStorageDirectoryImpl.java:analyzeStorage(137)) - The storage directory /home/runner/work/ozone/ozone/hadoop-ozone/integration-test/target/test-dir/MiniOzoneClusterImpl-5f16ed77-7c5c-4847-9cc1-45aa7644631b/datanode-2/data/ratis/aa839c55-8768-4e5b-a947-666e4004eb94 does not exist. Creating ...
2023-03-09 10:16:04,285 [pool-118-thread-1] INFO  storage.RaftStorageDirectory (RaftStorageDirectoryImpl.java:tryLock(231)) - Lock on /home/runner/work/ozone/ozone/hadoop-ozone/integration-test/target/test-dir/MiniOzoneClusterImpl-5f16ed77-7c5c-4847-9cc1-45aa7644631b/datanode-2/data/ratis/aa839c55-8768-4e5b-a947-666e4004eb94/in_use.lock acquired by nodename 3065@fv-az200-252
2023-03-09 10:16:04,286 [pool-118-thread-1] INFO  storage.RaftStorage (RaftStorageImpl.java:format(96)) - Storage directory /home/runner/work/ozone/ozone/hadoop-ozone/integration-test/target/test-dir/MiniOzoneClusterImpl-5f16ed77-7c5c-4847-9cc1-45aa7644631b/datanode-2/data/ratis/aa839c55-8768-4e5b-a947-666e4004eb94 has been successfully formatted.
2023-03-09 10:16:04,287 [pool-118-thread-1] INFO  ratis.ContainerStateMachine (ContainerStateMachine.java:loadSnapshot(240)) - group-666E4004EB94: The snapshot info is null. Setting the last applied indexto:(t:0, i:~)
2023-03-09 10:16:04,287 [pool-118-thread-1] INFO  server.RaftServerConfigKeys (ConfUtils.java:logGet(46)) - raft.server.log.use.memory = false (default)
2023-03-09 10:16:04,287 [pool-118-thread-1] INFO  server.RaftServerConfigKeys (ConfUtils.java:logGet(46)) - raft.server.log.purge.gap = 1000000 (custom)
2023-03-09 10:16:04,287 [pool-118-thread-1] INFO  server.RaftServerConfigKeys (ConfUtils.java:logGet(46)) - raft.server.log.appender.buffer.byte-limit = 33554432 (custom)
2023-03-09 10:16:04,287 [pool-118-thread-1] INFO  server.RaftServerConfigKeys (ConfUtils.java:logGet(46)) - raft.server.log.statemachine.data.read.timeout = 1000ms (default)
2023-03-09 10:16:04,287 [pool-118-thread-1] INFO  server.RaftServerConfigKeys (ConfUtils.java:logGet(46)) - raft.server.log.purge.preservation.log.num = 0 (default)
2023-03-09 10:16:04,287 [pool-118-thread-1] INFO  server.RaftServerConfigKeys (ConfUtils.java:logGet(46)) - raft.server.log.segment.size.max = 1048576 (custom)
2023-03-09 10:16:04,287 [pool-118-thread-1] INFO  server.RaftServerConfigKeys (ConfUtils.java:logGet(46)) - raft.server.log.segment.cache.num.max = 2 (custom)
2023-03-09 10:16:04,288 [pool-118-thread-1] INFO  server.RaftServerConfigKeys (ConfUtils.java:logGet(46)) - raft.server.log.segment.cache.size.max = 200MB (=209715200) (default)
2023-03-09 10:16:04,288 [pool-118-thread-1] INFO  segmented.SegmentedRaftLogWorker (SegmentedRaftLogWorker.java:<init>(189)) - new 82e3bfc0-83d2-421b-b906-e2486ad37597@group-666E4004EB94-SegmentedRaftLogWorker for RaftStorageImpl:Storage Directory /home/runner/work/ozone/ozone/hadoop-ozone/integration-test/target/test-dir/MiniOzoneClusterImpl-5f16ed77-7c5c-4847-9cc1-45aa7644631b/datanode-2/data/ratis/aa839c55-8768-4e5b-a947-666e4004eb94
2023-03-09 10:16:04,288 [pool-118-thread-1] INFO  server.RaftServerConfigKeys (ConfUtils.java:logGet(46)) - raft.server.log.queue.byte-limit = 4294967296 (custom)
2023-03-09 10:16:04,288 [pool-118-thread-1] INFO  server.RaftServerConfigKeys (ConfUtils.java:logGet(46)) - raft.server.log.queue.element-limit = 1024 (custom)
2023-03-09 10:16:04,288 [pool-118-thread-1] INFO  server.RaftServerConfigKeys (ConfUtils.java:logGet(46)) - raft.server.log.segment.size.max = 1048576 (custom)
2023-03-09 10:16:04,288 [pool-118-thread-1] INFO  server.RaftServerConfigKeys (ConfUtils.java:logGet(46)) - raft.server.log.preallocated.size = 16384 (custom)
2023-03-09 10:16:04,288 [pool-118-thread-1] INFO  server.RaftServerConfigKeys (ConfUtils.java:logGet(46)) - raft.server.log.force.sync.num = 128 (default)
2023-03-09 10:16:04,288 [pool-118-thread-1] INFO  server.RaftServerConfigKeys (ConfUtils.java:logGet(46)) - raft.server.log.statemachine.data.sync = true (default)
2023-03-09 10:16:04,288 [pool-118-thread-1] INFO  server.RaftServerConfigKeys (ConfUtils.java:logGet(46)) - raft.server.log.statemachine.data.sync.timeout = 10s (default)
2023-03-09 10:16:04,288 [pool-118-thread-1] INFO  server.RaftServerConfigKeys (ConfUtils.java:logGet(46)) - raft.server.log.statemachine.data.sync.timeout.retry = -1 (default)
2023-03-09 10:16:04,288 [pool-118-thread-1] INFO  server.RaftServerConfigKeys (ConfUtils.java:logGet(46)) - raft.server.log.write.buffer.size = 1048576 (custom)
2023-03-09 10:16:04,289 [pool-118-thread-1] INFO  server.RaftServerConfigKeys (ConfUtils.java:logGet(46)) - raft.server.log.appender.buffer.byte-limit = 33554432 (custom)
2023-03-09 10:16:04,296 [pool-118-thread-1] INFO  server.RaftServerConfigKeys (ConfUtils.java:logGet(46)) - raft.server.log.unsafe-flush.enabled = false (default)
2023-03-09 10:16:04,296 [pool-118-thread-1] INFO  server.RaftServerConfigKeys (ConfUtils.java:logGet(46)) - raft.server.log.async-flush.enabled = false (default)
2023-03-09 10:16:04,296 [pool-118-thread-1] INFO  server.RaftServerConfigKeys (ConfUtils.java:logGet(46)) - raft.server.log.statemachine.data.caching.enabled = true (custom)
2023-03-09 10:16:04,296 [pool-118-thread-1] INFO  segmented.SegmentedRaftLogWorker (SegmentedRaftLogWorker.java:lambda$new$0(135)) - 82e3bfc0-83d2-421b-b906-e2486ad37597@group-666E4004EB94-SegmentedRaftLogWorker: flushIndex: setUnconditionally 0 -> -1
2023-03-09 10:16:04,296 [pool-118-thread-1] INFO  segmented.SegmentedRaftLogWorker (SegmentedRaftLogWorker.java:lambda$new$0(135)) - 82e3bfc0-83d2-421b-b906-e2486ad37597@group-666E4004EB94-SegmentedRaftLogWorker: safeCacheEvictIndex: setUnconditionally 0 -> -1
2023-03-09 10:16:04,297 [pool-118-thread-1] INFO  server.RaftServer$Division (RaftServerImpl.java:start(334)) - 82e3bfc0-83d2-421b-b906-e2486ad37597@group-666E4004EB94: start as a follower, conf=-1: peers:[99e75673-c78c-458d-9c64-6ac5583a2163|rpc:10.1.0.71:38593|dataStream:10.1.0.71:33341|priority:1|startupRole:FOLLOWER, fc7ed98b-a7bb-4459-9411-3eb8109ffece|rpc:10.1.0.71:42295|dataStream:10.1.0.71:35417|priority:0|startupRole:FOLLOWER, 82e3bfc0-83d2-421b-b906-e2486ad37597|rpc:10.1.0.71:34947|dataStream:10.1.0.71:44233|priority:0|startupRole:FOLLOWER]|listeners:[], old=null
2023-03-09 10:16:04,297 [pool-118-thread-1] INFO  server.RaftServer$Division (RaftServerImpl.java:setRole(321)) - 82e3bfc0-83d2-421b-b906-e2486ad37597@group-666E4004EB94: changes role from      null to FOLLOWER at term 0 for startAsFollower
2023-03-09 10:16:04,297 [pool-118-thread-1] INFO  impl.RoleInfo (RoleInfo.java:updateAndGet(139)) - 82e3bfc0-83d2-421b-b906-e2486ad37597: start 82e3bfc0-83d2-421b-b906-e2486ad37597@group-666E4004EB94-FollowerState
2023-03-09 10:16:04,297 [pool-118-thread-1] INFO  util.JmxRegister (JmxRegister.java:tryRegister(44)) - Successfully registered JMX Bean with object name Ratis:service=RaftServer,group=group-666E4004EB94,id=82e3bfc0-83d2-421b-b906-e2486ad37597
2023-03-09 10:16:04,297 [pool-118-thread-1] INFO  server.RaftServerConfigKeys (ConfUtils.java:logGet(46)) - raft.server.snapshot.auto.trigger.enabled = true (custom)
2023-03-09 10:16:04,297 [pool-118-thread-1] INFO  server.RaftServerConfigKeys (ConfUtils.java:logGet(46)) - raft.server.snapshot.auto.trigger.threshold = 10000 (custom)
2023-03-09 10:16:04,297 [pool-118-thread-1] INFO  server.RaftServerConfigKeys (ConfUtils.java:logGet(46)) - raft.server.snapshot.retention.file.num = 5 (custom)
2023-03-09 10:16:04,297 [pool-118-thread-1] INFO  server.RaftServerConfigKeys (ConfUtils.java:logGet(46)) - raft.server.log.purge.upto.snapshot.index = false (default)
2023-03-09 10:16:04,297 [EventQueue-OpenPipelineForHealthyPipelineSafeModeRule] INFO  safemode.SCMSafeModeManager (HealthyPipelineSafeModeRule.java:process(137)) - SCM in safe mode. Healthy pipelines reported count is 0, required healthy pipeline reported count is 1
2023-03-09 10:16:04,298 [Command processor thread] INFO  ratis.XceiverServerRatis (XceiverServerRatis.java:addGroup(807)) - Created group PipelineID=aa839c55-8768-4e5b-a947-666e4004eb94
2023-03-09 10:16:04,298 [82e3bfc0-83d2-421b-b906-e2486ad37597@group-666E4004EB94-FollowerState] INFO  server.RaftServerConfigKeys (ConfUtils.java:logFallback(53)) - raft.server.rpc.first-election.timeout.min = 5s (fallback to raft.server.rpc.timeout.min)
2023-03-09 10:16:04,301 [82e3bfc0-83d2-421b-b906-e2486ad37597@group-666E4004EB94-FollowerState] INFO  server.RaftServerConfigKeys (ConfUtils.java:logFallback(53)) - raft.server.rpc.first-election.timeout.max = 5200ms (fallback to raft.server.rpc.timeout.max)
2023-03-09 10:16:04,341 [Command processor thread] INFO  commandhandler.CreatePipelineCommandHandler (CreatePipelineCommandHandler.java:handle(113)) - Created Pipeline RATIS THREE PipelineID=aa839c55-8768-4e5b-a947-666e4004eb94.
2023-03-09 10:16:04,375 [Command processor thread] INFO  commandhandler.CreatePipelineCommandHandler (CreatePipelineCommandHandler.java:handle(113)) - Created Pipeline RATIS THREE PipelineID=aa839c55-8768-4e5b-a947-666e4004eb94.
2023-03-09 10:16:04,382 [Command processor thread] INFO  commandhandler.CreatePipelineCommandHandler (CreatePipelineCommandHandler.java:handle(113)) - Created Pipeline RATIS THREE PipelineID=aa839c55-8768-4e5b-a947-666e4004eb94.
2023-03-09 10:16:05,236 [Listener at 127.0.0.1/46781] INFO  ozone.MiniOzoneClusterImpl (MiniOzoneClusterImpl.java:lambda$waitForClusterToBeReady$0(218)) - Nodes are ready. Got 3 of 3 DN Heartbeats.
2023-03-09 10:16:05,236 [Listener at 127.0.0.1/46781] INFO  ozone.MiniOzoneClusterImpl (MiniOzoneClusterImpl.java:lambda$waitForClusterToBeReady$0(221)) - Waiting for cluster to exit safe mode
2023-03-09 10:16:05,236 [Listener at 127.0.0.1/46781] INFO  ozone.MiniOzoneClusterImpl (MiniOzoneClusterImpl.java:lambda$waitForClusterToBeReady$0(223)) - SCM became leader
2023-03-09 10:16:06,236 [Listener at 127.0.0.1/46781] INFO  ozone.MiniOzoneClusterImpl (MiniOzoneClusterImpl.java:lambda$waitForClusterToBeReady$0(218)) - Nodes are ready. Got 3 of 3 DN Heartbeats.
2023-03-09 10:16:06,237 [Listener at 127.0.0.1/46781] INFO  ozone.MiniOzoneClusterImpl (MiniOzoneClusterImpl.java:lambda$waitForClusterToBeReady$0(221)) - Waiting for cluster to exit safe mode
2023-03-09 10:16:06,237 [Listener at 127.0.0.1/46781] INFO  ozone.MiniOzoneClusterImpl (MiniOzoneClusterImpl.java:lambda$waitForClusterToBeReady$0(223)) - SCM became leader
2023-03-09 10:16:07,237 [Listener at 127.0.0.1/46781] INFO  ozone.MiniOzoneClusterImpl (MiniOzoneClusterImpl.java:lambda$waitForClusterToBeReady$0(218)) - Nodes are ready. Got 3 of 3 DN Heartbeats.
2023-03-09 10:16:07,237 [Listener at 127.0.0.1/46781] INFO  ozone.MiniOzoneClusterImpl (MiniOzoneClusterImpl.java:lambda$waitForClusterToBeReady$0(221)) - Waiting for cluster to exit safe mode
2023-03-09 10:16:07,237 [Listener at 127.0.0.1/46781] INFO  ozone.MiniOzoneClusterImpl (MiniOzoneClusterImpl.java:lambda$waitForClusterToBeReady$0(223)) - SCM became leader
2023-03-09 10:16:08,237 [Listener at 127.0.0.1/46781] INFO  ozone.MiniOzoneClusterImpl (MiniOzoneClusterImpl.java:lambda$waitForClusterToBeReady$0(218)) - Nodes are ready. Got 3 of 3 DN Heartbeats.
2023-03-09 10:16:08,237 [Listener at 127.0.0.1/46781] INFO  ozone.MiniOzoneClusterImpl (MiniOzoneClusterImpl.java:lambda$waitForClusterToBeReady$0(221)) - Waiting for cluster to exit safe mode
2023-03-09 10:16:08,238 [Listener at 127.0.0.1/46781] INFO  ozone.MiniOzoneClusterImpl (MiniOzoneClusterImpl.java:lambda$waitForClusterToBeReady$0(223)) - SCM became leader
2023-03-09 10:16:08,388 [99e75673-c78c-458d-9c64-6ac5583a2163@group-2F3CD87618AF-FollowerState] INFO  impl.FollowerState (FollowerState.java:run(143)) - 99e75673-c78c-458d-9c64-6ac5583a2163@group-2F3CD87618AF-FollowerState: change to CANDIDATE, lastRpcElapsedTime:5055860999ns, electionTimeout:5054ms
2023-03-09 10:16:08,388 [99e75673-c78c-458d-9c64-6ac5583a2163@group-2F3CD87618AF-FollowerState] INFO  impl.RoleInfo (RoleInfo.java:shutdownFollowerState(110)) - 99e75673-c78c-458d-9c64-6ac5583a2163: shutdown 99e75673-c78c-458d-9c64-6ac5583a2163@group-2F3CD87618AF-FollowerState
2023-03-09 10:16:08,388 [99e75673-c78c-458d-9c64-6ac5583a2163@group-2F3CD87618AF-FollowerState] INFO  server.RaftServer$Division (RaftServerImpl.java:setRole(321)) - 99e75673-c78c-458d-9c64-6ac5583a2163@group-2F3CD87618AF: changes role from  FOLLOWER to CANDIDATE at term 0 for changeToCandidate
2023-03-09 10:16:08,389 [99e75673-c78c-458d-9c64-6ac5583a2163@group-2F3CD87618AF-FollowerState] INFO  server.RaftServerConfigKeys (ConfUtils.java:logGet(46)) - raft.server.leaderelection.pre-vote = true (default)
2023-03-09 10:16:08,389 [99e75673-c78c-458d-9c64-6ac5583a2163@group-2F3CD87618AF-FollowerState] INFO  impl.RoleInfo (RoleInfo.java:updateAndGet(139)) - 99e75673-c78c-458d-9c64-6ac5583a2163: start 99e75673-c78c-458d-9c64-6ac5583a2163@group-2F3CD87618AF-LeaderElection2
2023-03-09 10:16:08,391 [99e75673-c78c-458d-9c64-6ac5583a2163@group-2F3CD87618AF-LeaderElection2] INFO  impl.LeaderElection (LeaderElection.java:askForVotes(312)) - 99e75673-c78c-458d-9c64-6ac5583a2163@group-2F3CD87618AF-LeaderElection2 PRE_VOTE round 0: submit vote requests at term 0 for -1: peers:[99e75673-c78c-458d-9c64-6ac5583a2163|rpc:10.1.0.71:38593|dataStream:10.1.0.71:33341|priority:1|startupRole:FOLLOWER]|listeners:[], old=null
2023-03-09 10:16:08,391 [99e75673-c78c-458d-9c64-6ac5583a2163@group-2F3CD87618AF-LeaderElection2] INFO  impl.LeaderElection (LeaderElection.java:askForVotes(314)) - 99e75673-c78c-458d-9c64-6ac5583a2163@group-2F3CD87618AF-LeaderElection2 PRE_VOTE round 0: result PASSED (term=0)
2023-03-09 10:16:08,393 [99e75673-c78c-458d-9c64-6ac5583a2163@group-2F3CD87618AF-LeaderElection2] INFO  impl.LeaderElection (LeaderElection.java:askForVotes(312)) - 99e75673-c78c-458d-9c64-6ac5583a2163@group-2F3CD87618AF-LeaderElection2 ELECTION round 0: submit vote requests at term 1 for -1: peers:[99e75673-c78c-458d-9c64-6ac5583a2163|rpc:10.1.0.71:38593|dataStream:10.1.0.71:33341|priority:1|startupRole:FOLLOWER]|listeners:[], old=null
2023-03-09 10:16:08,393 [99e75673-c78c-458d-9c64-6ac5583a2163@group-2F3CD87618AF-LeaderElection2] INFO  impl.LeaderElection (LeaderElection.java:askForVotes(314)) - 99e75673-c78c-458d-9c64-6ac5583a2163@group-2F3CD87618AF-LeaderElection2 ELECTION round 0: result PASSED (term=1)
2023-03-09 10:16:08,393 [99e75673-c78c-458d-9c64-6ac5583a2163@group-2F3CD87618AF-LeaderElection2] INFO  impl.RoleInfo (RoleInfo.java:shutdownLeaderElection(130)) - 99e75673-c78c-458d-9c64-6ac5583a2163: shutdown 99e75673-c78c-458d-9c64-6ac5583a2163@group-2F3CD87618AF-LeaderElection2
2023-03-09 10:16:08,393 [99e75673-c78c-458d-9c64-6ac5583a2163@group-2F3CD87618AF-LeaderElection2] INFO  server.RaftServer$Division (RaftServerImpl.java:setRole(321)) - 99e75673-c78c-458d-9c64-6ac5583a2163@group-2F3CD87618AF: changes role from CANDIDATE to LEADER at term 1 for changeToLeader
2023-03-09 10:16:08,393 [99e75673-c78c-458d-9c64-6ac5583a2163@group-2F3CD87618AF-LeaderElection2] INFO  ratis.XceiverServerRatis (XceiverServerRatis.java:handleLeaderChangedNotification(905)) - Leader change notification received for group: group-2F3CD87618AF with new leaderId: 99e75673-c78c-458d-9c64-6ac5583a2163
2023-03-09 10:16:08,394 [99e75673-c78c-458d-9c64-6ac5583a2163@group-2F3CD87618AF-LeaderElection2] INFO  server.RaftServer$Division (ServerState.java:setLeader(313)) - 99e75673-c78c-458d-9c64-6ac5583a2163@group-2F3CD87618AF: change Leader from null to 99e75673-c78c-458d-9c64-6ac5583a2163 at term 1 for becomeLeader, leader elected after 5092ms
2023-03-09 10:16:08,394 [99e75673-c78c-458d-9c64-6ac5583a2163@group-2F3CD87618AF-LeaderElection2] INFO  server.RaftServerConfigKeys (ConfUtils.java:logGet(46)) - raft.server.staging.catchup.gap = 1000 (default)
2023-03-09 10:16:08,394 [99e75673-c78c-458d-9c64-6ac5583a2163@group-2F3CD87618AF-LeaderElection2] INFO  server.RaftServerConfigKeys (ConfUtils.java:logGet(46)) - raft.server.write.element-limit = 1024 (custom)
2023-03-09 10:16:08,395 [99e75673-c78c-458d-9c64-6ac5583a2163@group-2F3CD87618AF-LeaderElection2] INFO  server.RaftServerConfigKeys (ConfUtils.java:logGet(46)) - raft.server.write.byte-limit = 1024 M (=1073741824) (custom)
2023-03-09 10:16:08,395 [99e75673-c78c-458d-9c64-6ac5583a2163@group-2F3CD87618AF-LeaderElection2] INFO  server.RaftServerConfigKeys (ConfUtils.java:logGet(46)) - raft.server.watch.timeout = 180s (custom)
2023-03-09 10:16:08,395 [99e75673-c78c-458d-9c64-6ac5583a2163@group-2F3CD87618AF-LeaderElection2] INFO  server.RaftServerConfigKeys (ConfUtils.java:logGet(46)) - raft.server.watch.timeout.denomination = 1s (default)
2023-03-09 10:16:08,395 [99e75673-c78c-458d-9c64-6ac5583a2163@group-2F3CD87618AF-LeaderElection2] INFO  server.RaftServerConfigKeys (ConfUtils.java:logGet(46)) - raft.server.watch.element-limit = 65536 (default)
2023-03-09 10:16:08,395 [99e75673-c78c-458d-9c64-6ac5583a2163@group-2F3CD87618AF-LeaderElection2] INFO  server.RaftServerConfigKeys (ConfUtils.java:logGet(46)) - raft.server.write.element-limit = 1024 (custom)
2023-03-09 10:16:08,395 [99e75673-c78c-458d-9c64-6ac5583a2163@group-2F3CD87618AF-LeaderElection2] INFO  server.RaftServerConfigKeys (ConfUtils.java:logGet(46)) - raft.server.write.follower.gap.ratio.max = -1.0 (default)
2023-03-09 10:16:08,396 [99e75673-c78c-458d-9c64-6ac5583a2163@group-2F3CD87618AF-LeaderElection2] INFO  impl.RoleInfo (RoleInfo.java:updateAndGet(139)) - 99e75673-c78c-458d-9c64-6ac5583a2163: start 99e75673-c78c-458d-9c64-6ac5583a2163@group-2F3CD87618AF-LeaderStateImpl
2023-03-09 10:16:08,396 [99e75673-c78c-458d-9c64-6ac5583a2163@group-2F3CD87618AF-LeaderElection2] INFO  segmented.SegmentedRaftLogWorker (SegmentedRaftLogWorker.java:startLogSegment(452)) - 99e75673-c78c-458d-9c64-6ac5583a2163@group-2F3CD87618AF-SegmentedRaftLogWorker: Starting segment from index:0
2023-03-09 10:16:08,397 [99e75673-c78c-458d-9c64-6ac5583a2163@group-2F3CD87618AF-SegmentedRaftLogWorker] INFO  segmented.SegmentedRaftLogWorker (SegmentedRaftLogWorker.java:execute(656)) - 99e75673-c78c-458d-9c64-6ac5583a2163@group-2F3CD87618AF-SegmentedRaftLogWorker: created new log segment /home/runner/work/ozone/ozone/hadoop-ozone/integration-test/target/test-dir/MiniOzoneClusterImpl-5f16ed77-7c5c-4847-9cc1-45aa7644631b/datanode-0/data/ratis/3fab2826-debe-442b-9a86-2f3cd87618af/current/log_inprogress_0
2023-03-09 10:16:08,401 [99e75673-c78c-458d-9c64-6ac5583a2163@group-2F3CD87618AF-LeaderElection2] INFO  server.RaftServer$Division (ServerState.java:setRaftConf(430)) - 99e75673-c78c-458d-9c64-6ac5583a2163@group-2F3CD87618AF: set configuration 0: peers:[99e75673-c78c-458d-9c64-6ac5583a2163|rpc:10.1.0.71:38593|dataStream:10.1.0.71:33341|priority:1|startupRole:FOLLOWER]|listeners:[], old=null
2023-03-09 10:16:08,403 [EventQueue-OpenPipelineForHealthyPipelineSafeModeRule] INFO  safemode.SCMSafeModeManager (HealthyPipelineSafeModeRule.java:process(137)) - SCM in safe mode. Healthy pipelines reported count is 0, required healthy pipeline reported count is 1
2023-03-09 10:16:08,415 [99e75673-c78c-458d-9c64-6ac5583a2163@group-950AFF1481F3-FollowerState] INFO  impl.FollowerState (FollowerState.java:run(143)) - 99e75673-c78c-458d-9c64-6ac5583a2163@group-950AFF1481F3-FollowerState: change to CANDIDATE, lastRpcElapsedTime:5032813511ns, electionTimeout:5025ms
2023-03-09 10:16:08,416 [99e75673-c78c-458d-9c64-6ac5583a2163@group-950AFF1481F3-FollowerState] INFO  impl.RoleInfo (RoleInfo.java:shutdownFollowerState(110)) - 99e75673-c78c-458d-9c64-6ac5583a2163: shutdown 99e75673-c78c-458d-9c64-6ac5583a2163@group-950AFF1481F3-FollowerState
2023-03-09 10:16:08,416 [99e75673-c78c-458d-9c64-6ac5583a2163@group-950AFF1481F3-FollowerState] INFO  server.RaftServer$Division (RaftServerImpl.java:setRole(321)) - 99e75673-c78c-458d-9c64-6ac5583a2163@group-950AFF1481F3: changes role from  FOLLOWER to CANDIDATE at term 0 for changeToCandidate
2023-03-09 10:16:08,416 [99e75673-c78c-458d-9c64-6ac5583a2163@group-950AFF1481F3-FollowerState] INFO  server.RaftServerConfigKeys (ConfUtils.java:logGet(46)) - raft.server.leaderelection.pre-vote = true (default)
2023-03-09 10:16:08,416 [99e75673-c78c-458d-9c64-6ac5583a2163@group-950AFF1481F3-FollowerState] INFO  impl.RoleInfo (RoleInfo.java:updateAndGet(139)) - 99e75673-c78c-458d-9c64-6ac5583a2163: start 99e75673-c78c-458d-9c64-6ac5583a2163@group-950AFF1481F3-LeaderElection3
2023-03-09 10:16:08,423 [99e75673-c78c-458d-9c64-6ac5583a2163@group-950AFF1481F3-LeaderElection3] INFO  impl.LeaderElection (LeaderElection.java:askForVotes(312)) - 99e75673-c78c-458d-9c64-6ac5583a2163@group-950AFF1481F3-LeaderElection3 PRE_VOTE round 0: submit vote requests at term 0 for -1: peers:[99e75673-c78c-458d-9c64-6ac5583a2163|rpc:10.1.0.71:38593|dataStream:10.1.0.71:33341|priority:0|startupRole:FOLLOWER, fc7ed98b-a7bb-4459-9411-3eb8109ffece|rpc:10.1.0.71:42295|dataStream:10.1.0.71:35417|priority:0|startupRole:FOLLOWER, 82e3bfc0-83d2-421b-b906-e2486ad37597|rpc:10.1.0.71:34947|dataStream:10.1.0.71:44233|priority:1|startupRole:FOLLOWER]|listeners:[], old=null
2023-03-09 10:16:08,427 [99e75673-c78c-458d-9c64-6ac5583a2163@group-950AFF1481F3-LeaderElection3-1] INFO  server.GrpcServerProtocolClient (GrpcServerProtocolClient.java:<init>(63)) - Build channel for fc7ed98b-a7bb-4459-9411-3eb8109ffece
2023-03-09 10:16:08,430 [99e75673-c78c-458d-9c64-6ac5583a2163@group-950AFF1481F3-LeaderElection3] INFO  server.RaftServerConfigKeys (ConfUtils.java:logFallback(53)) - raft.server.rpc.first-election.timeout.min = 5s (fallback to raft.server.rpc.timeout.min)
2023-03-09 10:16:08,436 [99e75673-c78c-458d-9c64-6ac5583a2163@group-950AFF1481F3-LeaderElection3] INFO  server.RaftServerConfigKeys (ConfUtils.java:logFallback(53)) - raft.server.rpc.first-election.timeout.max = 5200ms (fallback to raft.server.rpc.timeout.max)
2023-03-09 10:16:08,438 [99e75673-c78c-458d-9c64-6ac5583a2163@group-950AFF1481F3-LeaderElection3-2] INFO  server.GrpcServerProtocolClient (GrpcServerProtocolClient.java:<init>(63)) - Build channel for 82e3bfc0-83d2-421b-b906-e2486ad37597
2023-03-09 10:16:08,454 [grpc-default-executor-0] INFO  server.RaftServer$Division (RaftServerImpl.java:requestVote(1218)) - fc7ed98b-a7bb-4459-9411-3eb8109ffece@group-950AFF1481F3: receive requestVote(PRE_VOTE, 99e75673-c78c-458d-9c64-6ac5583a2163, group-950AFF1481F3, 0, (t:0, i:0))
2023-03-09 10:16:08,457 [grpc-default-executor-1] INFO  server.RaftServer$Division (RaftServerImpl.java:requestVote(1218)) - 82e3bfc0-83d2-421b-b906-e2486ad37597@group-950AFF1481F3: receive requestVote(PRE_VOTE, 99e75673-c78c-458d-9c64-6ac5583a2163, group-950AFF1481F3, 0, (t:0, i:0))
2023-03-09 10:16:08,457 [grpc-default-executor-1] INFO  impl.VoteContext (VoteContext.java:log(49)) - 82e3bfc0-83d2-421b-b906-e2486ad37597@group-950AFF1481F3-FOLLOWER: reject PRE_VOTE from 99e75673-c78c-458d-9c64-6ac5583a2163: our priority 1 > candidate's priority 0
2023-03-09 10:16:08,459 [grpc-default-executor-1] INFO  server.RaftServer$Division (RaftServerImpl.java:requestVote(1251)) - 82e3bfc0-83d2-421b-b906-e2486ad37597@group-950AFF1481F3 replies to PRE_VOTE vote request: 99e75673-c78c-458d-9c64-6ac5583a2163<-82e3bfc0-83d2-421b-b906-e2486ad37597#0:FAIL-t0. Peer's state: 82e3bfc0-83d2-421b-b906-e2486ad37597@group-950AFF1481F3:t0, leader=null, voted=, raftlog=Memoized:82e3bfc0-83d2-421b-b906-e2486ad37597@group-950AFF1481F3-SegmentedRaftLog:OPENED:c-1, conf=-1: peers:[99e75673-c78c-458d-9c64-6ac5583a2163|rpc:10.1.0.71:38593|dataStream:10.1.0.71:33341|priority:0|startupRole:FOLLOWER, fc7ed98b-a7bb-4459-9411-3eb8109ffece|rpc:10.1.0.71:42295|dataStream:10.1.0.71:35417|priority:0|startupRole:FOLLOWER, 82e3bfc0-83d2-421b-b906-e2486ad37597|rpc:10.1.0.71:34947|dataStream:10.1.0.71:44233|priority:1|startupRole:FOLLOWER]|listeners:[], old=null
2023-03-09 10:16:08,460 [grpc-default-executor-0] INFO  impl.VoteContext (VoteContext.java:log(49)) - fc7ed98b-a7bb-4459-9411-3eb8109ffece@group-950AFF1481F3-FOLLOWER: accept PRE_VOTE from 99e75673-c78c-458d-9c64-6ac5583a2163: our priority 0 <= candidate's priority 0
2023-03-09 10:16:08,461 [grpc-default-executor-0] INFO  server.RaftServer$Division (RaftServerImpl.java:requestVote(1251)) - fc7ed98b-a7bb-4459-9411-3eb8109ffece@group-950AFF1481F3 replies to PRE_VOTE vote request: 99e75673-c78c-458d-9c64-6ac5583a2163<-fc7ed98b-a7bb-4459-9411-3eb8109ffece#0:OK-t0. Peer's state: fc7ed98b-a7bb-4459-9411-3eb8109ffece@group-950AFF1481F3:t0, leader=null, voted=, raftlog=Memoized:fc7ed98b-a7bb-4459-9411-3eb8109ffece@group-950AFF1481F3-SegmentedRaftLog:OPENED:c-1, conf=-1: peers:[99e75673-c78c-458d-9c64-6ac5583a2163|rpc:10.1.0.71:38593|dataStream:10.1.0.71:33341|priority:0|startupRole:FOLLOWER, fc7ed98b-a7bb-4459-9411-3eb8109ffece|rpc:10.1.0.71:42295|dataStream:10.1.0.71:35417|priority:0|startupRole:FOLLOWER, 82e3bfc0-83d2-421b-b906-e2486ad37597|rpc:10.1.0.71:34947|dataStream:10.1.0.71:44233|priority:1|startupRole:FOLLOWER]|listeners:[], old=null
2023-03-09 10:16:08,464 [99e75673-c78c-458d-9c64-6ac5583a2163@group-950AFF1481F3-LeaderElection3] INFO  impl.LeaderElection (LeaderElection.java:logAndReturn(90)) - 99e75673-c78c-458d-9c64-6ac5583a2163@group-950AFF1481F3-LeaderElection3: PRE_VOTE REJECTED received 1 response(s) and 0 exception(s):
2023-03-09 10:16:08,465 [99e75673-c78c-458d-9c64-6ac5583a2163@group-950AFF1481F3-LeaderElection3] INFO  impl.LeaderElection (LeaderElection.java:logAndReturn(94)) -   Response 0: 99e75673-c78c-458d-9c64-6ac5583a2163<-82e3bfc0-83d2-421b-b906-e2486ad37597#0:FAIL-t0
2023-03-09 10:16:08,465 [99e75673-c78c-458d-9c64-6ac5583a2163@group-950AFF1481F3-LeaderElection3] INFO  impl.LeaderElection (LeaderElection.java:askForVotes(314)) - 99e75673-c78c-458d-9c64-6ac5583a2163@group-950AFF1481F3-LeaderElection3 PRE_VOTE round 0: result REJECTED
2023-03-09 10:16:08,465 [99e75673-c78c-458d-9c64-6ac5583a2163@group-950AFF1481F3-LeaderElection3] INFO  server.RaftServer$Division (RaftServerImpl.java:setRole(321)) - 99e75673-c78c-458d-9c64-6ac5583a2163@group-950AFF1481F3: changes role from CANDIDATE to FOLLOWER at term 0 for REJECTED
2023-03-09 10:16:08,465 [99e75673-c78c-458d-9c64-6ac5583a2163@group-950AFF1481F3-LeaderElection3] INFO  impl.RoleInfo (RoleInfo.java:shutdownLeaderElection(130)) - 99e75673-c78c-458d-9c64-6ac5583a2163: shutdown 99e75673-c78c-458d-9c64-6ac5583a2163@group-950AFF1481F3-LeaderElection3
2023-03-09 10:16:08,465 [99e75673-c78c-458d-9c64-6ac5583a2163@group-950AFF1481F3-LeaderElection3] INFO  impl.RoleInfo (RoleInfo.java:updateAndGet(139)) - 99e75673-c78c-458d-9c64-6ac5583a2163: start 99e75673-c78c-458d-9c64-6ac5583a2163@group-950AFF1481F3-FollowerState
2023-03-09 10:16:08,465 [99e75673-c78c-458d-9c64-6ac5583a2163@group-950AFF1481F3-FollowerState] INFO  server.RaftServerConfigKeys (ConfUtils.java:logFallback(53)) - raft.server.rpc.first-election.timeout.min = 5s (fallback to raft.server.rpc.timeout.min)
2023-03-09 10:16:08,467 [99e75673-c78c-458d-9c64-6ac5583a2163@group-950AFF1481F3-FollowerState] INFO  server.RaftServerConfigKeys (ConfUtils.java:logFallback(53)) - raft.server.rpc.first-election.timeout.max = 5200ms (fallback to raft.server.rpc.timeout.max)
2023-03-09 10:16:09,039 [fc7ed98b-a7bb-4459-9411-3eb8109ffece@group-950AFF1481F3-FollowerState] INFO  server.RaftServerConfigKeys (ConfUtils.java:logFallback(53)) - raft.server.rpc.first-election.timeout.min = 5s (fallback to raft.server.rpc.timeout.min)
2023-03-09 10:16:09,039 [fc7ed98b-a7bb-4459-9411-3eb8109ffece@group-950AFF1481F3-FollowerState] INFO  server.RaftServerConfigKeys (ConfUtils.java:logFallback(53)) - raft.server.rpc.first-election.timeout.max = 5200ms (fallback to raft.server.rpc.timeout.max)
2023-03-09 10:16:09,211 [fc7ed98b-a7bb-4459-9411-3eb8109ffece@group-358AAC8C42FA-FollowerState] INFO  impl.FollowerState (FollowerState.java:run(143)) - fc7ed98b-a7bb-4459-9411-3eb8109ffece@group-358AAC8C42FA-FollowerState: change to CANDIDATE, lastRpcElapsedTime:5151937879ns, electionTimeout:5128ms
2023-03-09 10:16:09,211 [fc7ed98b-a7bb-4459-9411-3eb8109ffece@group-358AAC8C42FA-FollowerState] INFO  impl.RoleInfo (RoleInfo.java:shutdownFollowerState(110)) - fc7ed98b-a7bb-4459-9411-3eb8109ffece: shutdown fc7ed98b-a7bb-4459-9411-3eb8109ffece@group-358AAC8C42FA-FollowerState
2023-03-09 10:16:09,211 [fc7ed98b-a7bb-4459-9411-3eb8109ffece@group-358AAC8C42FA-FollowerState] INFO  server.RaftServer$Division (RaftServerImpl.java:setRole(321)) - fc7ed98b-a7bb-4459-9411-3eb8109ffece@group-358AAC8C42FA: changes role from  FOLLOWER to CANDIDATE at term 0 for changeToCandidate
2023-03-09 10:16:09,212 [fc7ed98b-a7bb-4459-9411-3eb8109ffece@group-358AAC8C42FA-FollowerState] INFO  server.RaftServerConfigKeys (ConfUtils.java:logGet(46)) - raft.server.leaderelection.pre-vote = true (default)
2023-03-09 10:16:09,212 [fc7ed98b-a7bb-4459-9411-3eb8109ffece@group-358AAC8C42FA-FollowerState] INFO  impl.RoleInfo (RoleInfo.java:updateAndGet(139)) - fc7ed98b-a7bb-4459-9411-3eb8109ffece: start fc7ed98b-a7bb-4459-9411-3eb8109ffece@group-358AAC8C42FA-LeaderElection4
2023-03-09 10:16:09,216 [fc7ed98b-a7bb-4459-9411-3eb8109ffece@group-358AAC8C42FA-LeaderElection4] INFO  impl.LeaderElection (LeaderElection.java:askForVotes(312)) - fc7ed98b-a7bb-4459-9411-3eb8109ffece@group-358AAC8C42FA-LeaderElection4 PRE_VOTE round 0: submit vote requests at term 0 for -1: peers:[fc7ed98b-a7bb-4459-9411-3eb8109ffece|rpc:10.1.0.71:42295|dataStream:10.1.0.71:35417|priority:1|startupRole:FOLLOWER]|listeners:[], old=null
2023-03-09 10:16:09,216 [fc7ed98b-a7bb-4459-9411-3eb8109ffece@group-358AAC8C42FA-LeaderElection4] INFO  impl.LeaderElection (LeaderElection.java:askForVotes(314)) - fc7ed98b-a7bb-4459-9411-3eb8109ffece@group-358AAC8C42FA-LeaderElection4 PRE_VOTE round 0: result PASSED (term=0)
2023-03-09 10:16:09,217 [fc7ed98b-a7bb-4459-9411-3eb8109ffece@group-358AAC8C42FA-LeaderElection4] INFO  impl.LeaderElection (LeaderElection.java:askForVotes(312)) - fc7ed98b-a7bb-4459-9411-3eb8109ffece@group-358AAC8C42FA-LeaderElection4 ELECTION round 0: submit vote requests at term 1 for -1: peers:[fc7ed98b-a7bb-4459-9411-3eb8109ffece|rpc:10.1.0.71:42295|dataStream:10.1.0.71:35417|priority:1|startupRole:FOLLOWER]|listeners:[], old=null
2023-03-09 10:16:09,217 [fc7ed98b-a7bb-4459-9411-3eb8109ffece@group-358AAC8C42FA-LeaderElection4] INFO  impl.LeaderElection (LeaderElection.java:askForVotes(314)) - fc7ed98b-a7bb-4459-9411-3eb8109ffece@group-358AAC8C42FA-LeaderElection4 ELECTION round 0: result PASSED (term=1)
2023-03-09 10:16:09,217 [fc7ed98b-a7bb-4459-9411-3eb8109ffece@group-358AAC8C42FA-LeaderElection4] INFO  impl.RoleInfo (RoleInfo.java:shutdownLeaderElection(130)) - fc7ed98b-a7bb-4459-9411-3eb8109ffece: shutdown fc7ed98b-a7bb-4459-9411-3eb8109ffece@group-358AAC8C42FA-LeaderElection4
2023-03-09 10:16:09,218 [fc7ed98b-a7bb-4459-9411-3eb8109ffece@group-358AAC8C42FA-LeaderElection4] INFO  server.RaftServer$Division (RaftServerImpl.java:setRole(321)) - fc7ed98b-a7bb-4459-9411-3eb8109ffece@group-358AAC8C42FA: changes role from CANDIDATE to LEADER at term 1 for changeToLeader
2023-03-09 10:16:09,218 [fc7ed98b-a7bb-4459-9411-3eb8109ffece@group-358AAC8C42FA-LeaderElection4] INFO  ratis.XceiverServerRatis (XceiverServerRatis.java:handleLeaderChangedNotification(905)) - Leader change notification received for group: group-358AAC8C42FA with new leaderId: fc7ed98b-a7bb-4459-9411-3eb8109ffece
2023-03-09 10:16:09,218 [fc7ed98b-a7bb-4459-9411-3eb8109ffece@group-358AAC8C42FA-LeaderElection4] INFO  server.RaftServer$Division (ServerState.java:setLeader(313)) - fc7ed98b-a7bb-4459-9411-3eb8109ffece@group-358AAC8C42FA: change Leader from null to fc7ed98b-a7bb-4459-9411-3eb8109ffece at term 1 for becomeLeader, leader elected after 5204ms
2023-03-09 10:16:09,218 [fc7ed98b-a7bb-4459-9411-3eb8109ffece@group-358AAC8C42FA-LeaderElection4] INFO  server.RaftServerConfigKeys (ConfUtils.java:logGet(46)) - raft.server.staging.catchup.gap = 1000 (default)
2023-03-09 10:16:09,218 [fc7ed98b-a7bb-4459-9411-3eb8109ffece@group-358AAC8C42FA-LeaderElection4] INFO  server.RaftServerConfigKeys (ConfUtils.java:logGet(46)) - raft.server.write.element-limit = 1024 (custom)
2023-03-09 10:16:09,218 [fc7ed98b-a7bb-4459-9411-3eb8109ffece@group-358AAC8C42FA-LeaderElection4] INFO  server.RaftServerConfigKeys (ConfUtils.java:logGet(46)) - raft.server.write.byte-limit = 1024 M (=1073741824) (custom)
2023-03-09 10:16:09,219 [fc7ed98b-a7bb-4459-9411-3eb8109ffece@group-358AAC8C42FA-LeaderElection4] INFO  server.RaftServerConfigKeys (ConfUtils.java:logGet(46)) - raft.server.watch.timeout = 180s (custom)
2023-03-09 10:16:09,219 [fc7ed98b-a7bb-4459-9411-3eb8109ffece@group-358AAC8C42FA-LeaderElection4] INFO  server.RaftServerConfigKeys (ConfUtils.java:logGet(46)) - raft.server.watch.timeout.denomination = 1s (default)
2023-03-09 10:16:09,220 [fc7ed98b-a7bb-4459-9411-3eb8109ffece@group-358AAC8C42FA-LeaderElection4] INFO  server.RaftServerConfigKeys (ConfUtils.java:logGet(46)) - raft.server.watch.element-limit = 65536 (default)
2023-03-09 10:16:09,220 [EventQueue-OpenPipelineForHealthyPipelineSafeModeRule] INFO  safemode.SCMSafeModeManager (HealthyPipelineSafeModeRule.java:process(137)) - SCM in safe mode. Healthy pipelines reported count is 0, required healthy pipeline reported count is 1
2023-03-09 10:16:09,220 [fc7ed98b-a7bb-4459-9411-3eb8109ffece@group-358AAC8C42FA-LeaderElection4] INFO  server.RaftServerConfigKeys (ConfUtils.java:logGet(46)) - raft.server.write.element-limit = 1024 (custom)
2023-03-09 10:16:09,220 [fc7ed98b-a7bb-4459-9411-3eb8109ffece@group-358AAC8C42FA-LeaderElection4] INFO  server.RaftServerConfigKeys (ConfUtils.java:logGet(46)) - raft.server.write.follower.gap.ratio.max = -1.0 (default)
2023-03-09 10:16:09,220 [fc7ed98b-a7bb-4459-9411-3eb8109ffece@group-358AAC8C42FA-LeaderElection4] INFO  impl.RoleInfo (RoleInfo.java:updateAndGet(139)) - fc7ed98b-a7bb-4459-9411-3eb8109ffece: start fc7ed98b-a7bb-4459-9411-3eb8109ffece@group-358AAC8C42FA-LeaderStateImpl
2023-03-09 10:16:09,221 [fc7ed98b-a7bb-4459-9411-3eb8109ffece@group-358AAC8C42FA-LeaderElection4] INFO  segmented.SegmentedRaftLogWorker (SegmentedRaftLogWorker.java:startLogSegment(452)) - fc7ed98b-a7bb-4459-9411-3eb8109ffece@group-358AAC8C42FA-SegmentedRaftLogWorker: Starting segment from index:0
2023-03-09 10:16:09,223 [fc7ed98b-a7bb-4459-9411-3eb8109ffece@group-358AAC8C42FA-LeaderElection4] INFO  server.RaftServer$Division (ServerState.java:setRaftConf(430)) - fc7ed98b-a7bb-4459-9411-3eb8109ffece@group-358AAC8C42FA: set configuration 0: peers:[fc7ed98b-a7bb-4459-9411-3eb8109ffece|rpc:10.1.0.71:42295|dataStream:10.1.0.71:35417|priority:1|startupRole:FOLLOWER]|listeners:[], old=null
2023-03-09 10:16:09,223 [fc7ed98b-a7bb-4459-9411-3eb8109ffece@group-358AAC8C42FA-SegmentedRaftLogWorker] INFO  segmented.SegmentedRaftLogWorker (SegmentedRaftLogWorker.java:execute(656)) - fc7ed98b-a7bb-4459-9411-3eb8109ffece@group-358AAC8C42FA-SegmentedRaftLogWorker: created new log segment /home/runner/work/ozone/ozone/hadoop-ozone/integration-test/target/test-dir/MiniOzoneClusterImpl-5f16ed77-7c5c-4847-9cc1-45aa7644631b/datanode-1/data/ratis/5debb03a-942a-497b-897e-358aac8c42fa/current/log_inprogress_0
2023-03-09 10:16:09,235 [fc7ed98b-a7bb-4459-9411-3eb8109ffece@group-666E4004EB94-FollowerState] INFO  impl.FollowerState (FollowerState.java:run(143)) - fc7ed98b-a7bb-4459-9411-3eb8109ffece@group-666E4004EB94-FollowerState: change to CANDIDATE, lastRpcElapsedTime:5107432018ns, electionTimeout:5101ms
2023-03-09 10:16:09,235 [fc7ed98b-a7bb-4459-9411-3eb8109ffece@group-666E4004EB94-FollowerState] INFO  impl.RoleInfo (RoleInfo.java:shutdownFollowerState(110)) - fc7ed98b-a7bb-4459-9411-3eb8109ffece: shutdown fc7ed98b-a7bb-4459-9411-3eb8109ffece@group-666E4004EB94-FollowerState
2023-03-09 10:16:09,235 [fc7ed98b-a7bb-4459-9411-3eb8109ffece@group-666E4004EB94-FollowerState] INFO  server.RaftServer$Division (RaftServerImpl.java:setRole(321)) - fc7ed98b-a7bb-4459-9411-3eb8109ffece@group-666E4004EB94: changes role from  FOLLOWER to CANDIDATE at term 0 for changeToCandidate
2023-03-09 10:16:09,235 [fc7ed98b-a7bb-4459-9411-3eb8109ffece@group-666E4004EB94-FollowerState] INFO  server.RaftServerConfigKeys (ConfUtils.java:logGet(46)) - raft.server.leaderelection.pre-vote = true (default)
2023-03-09 10:16:09,235 [fc7ed98b-a7bb-4459-9411-3eb8109ffece@group-666E4004EB94-FollowerState] INFO  impl.RoleInfo (RoleInfo.java:updateAndGet(139)) - fc7ed98b-a7bb-4459-9411-3eb8109ffece: start fc7ed98b-a7bb-4459-9411-3eb8109ffece@group-666E4004EB94-LeaderElection5
2023-03-09 10:16:09,236 [fc7ed98b-a7bb-4459-9411-3eb8109ffece@group-666E4004EB94-LeaderElection5] INFO  impl.LeaderElection (LeaderElection.java:askForVotes(312)) - fc7ed98b-a7bb-4459-9411-3eb8109ffece@group-666E4004EB94-LeaderElection5 PRE_VOTE round 0: submit vote requests at term 0 for -1: peers:[99e75673-c78c-458d-9c64-6ac5583a2163|rpc:10.1.0.71:38593|dataStream:10.1.0.71:33341|priority:1|startupRole:FOLLOWER, fc7ed98b-a7bb-4459-9411-3eb8109ffece|rpc:10.1.0.71:42295|dataStream:10.1.0.71:35417|priority:0|startupRole:FOLLOWER, 82e3bfc0-83d2-421b-b906-e2486ad37597|rpc:10.1.0.71:34947|dataStream:10.1.0.71:44233|priority:0|startupRole:FOLLOWER]|listeners:[], old=null
2023-03-09 10:16:09,237 [fc7ed98b-a7bb-4459-9411-3eb8109ffece@group-666E4004EB94-LeaderElection5-1] INFO  server.GrpcServerProtocolClient (GrpcServerProtocolClient.java:<init>(63)) - Build channel for 99e75673-c78c-458d-9c64-6ac5583a2163
2023-03-09 10:16:09,237 [fc7ed98b-a7bb-4459-9411-3eb8109ffece@group-666E4004EB94-LeaderElection5] INFO  server.RaftServerConfigKeys (ConfUtils.java:logFallback(53)) - raft.server.rpc.first-election.timeout.min = 5s (fallback to raft.server.rpc.timeout.min)
2023-03-09 10:16:09,239 [fc7ed98b-a7bb-4459-9411-3eb8109ffece@group-666E4004EB94-LeaderElection5] INFO  server.RaftServerConfigKeys (ConfUtils.java:logFallback(53)) - raft.server.rpc.first-election.timeout.max = 5200ms (fallback to raft.server.rpc.timeout.max)
2023-03-09 10:16:09,239 [fc7ed98b-a7bb-4459-9411-3eb8109ffece@group-666E4004EB94-LeaderElection5-2] INFO  server.GrpcServerProtocolClient (GrpcServerProtocolClient.java:<init>(63)) - Build channel for 82e3bfc0-83d2-421b-b906-e2486ad37597
2023-03-09 10:16:09,241 [82e3bfc0-83d2-421b-b906-e2486ad37597@group-950AFF1481F3-FollowerState] INFO  impl.FollowerState (FollowerState.java:run(143)) - 82e3bfc0-83d2-421b-b906-e2486ad37597@group-950AFF1481F3-FollowerState: change to CANDIDATE, lastRpcElapsedTime:5077925478ns, electionTimeout:5073ms
2023-03-09 10:16:09,241 [Listener at 127.0.0.1/46781] INFO  ozone.MiniOzoneClusterImpl (MiniOzoneClusterImpl.java:lambda$waitForClusterToBeReady$0(218)) - Nodes are ready. Got 3 of 3 DN Heartbeats.
2023-03-09 10:16:09,241 [82e3bfc0-83d2-421b-b906-e2486ad37597@group-950AFF1481F3-FollowerState] INFO  impl.RoleInfo (RoleInfo.java:shutdownFollowerState(110)) - 82e3bfc0-83d2-421b-b906-e2486ad37597: shutdown 82e3bfc0-83d2-421b-b906-e2486ad37597@group-950AFF1481F3-FollowerState
2023-03-09 10:16:09,241 [82e3bfc0-83d2-421b-b906-e2486ad37597@group-950AFF1481F3-FollowerState] INFO  server.RaftServer$Division (RaftServerImpl.java:setRole(321)) - 82e3bfc0-83d2-421b-b906-e2486ad37597@group-950AFF1481F3: changes role from  FOLLOWER to CANDIDATE at term 0 for changeToCandidate
2023-03-09 10:16:09,241 [Listener at 127.0.0.1/46781] INFO  ozone.MiniOzoneClusterImpl (MiniOzoneClusterImpl.java:lambda$waitForClusterToBeReady$0(221)) - Waiting for cluster to exit safe mode
2023-03-09 10:16:09,242 [Listener at 127.0.0.1/46781] INFO  ozone.MiniOzoneClusterImpl (MiniOzoneClusterImpl.java:lambda$waitForClusterToBeReady$0(223)) - SCM became leader
2023-03-09 10:16:09,242 [82e3bfc0-83d2-421b-b906-e2486ad37597@group-950AFF1481F3-FollowerState] INFO  server.RaftServerConfigKeys (ConfUtils.java:logGet(46)) - raft.server.leaderelection.pre-vote = true (default)
2023-03-09 10:16:09,242 [82e3bfc0-83d2-421b-b906-e2486ad37597@group-950AFF1481F3-FollowerState] INFO  impl.RoleInfo (RoleInfo.java:updateAndGet(139)) - 82e3bfc0-83d2-421b-b906-e2486ad37597: start 82e3bfc0-83d2-421b-b906-e2486ad37597@group-950AFF1481F3-LeaderElection6
2023-03-09 10:16:09,247 [82e3bfc0-83d2-421b-b906-e2486ad37597@group-950AFF1481F3-LeaderElection6] INFO  impl.LeaderElection (LeaderElection.java:askForVotes(312)) - 82e3bfc0-83d2-421b-b906-e2486ad37597@group-950AFF1481F3-LeaderElection6 PRE_VOTE round 0: submit vote requests at term 0 for -1: peers:[99e75673-c78c-458d-9c64-6ac5583a2163|rpc:10.1.0.71:38593|dataStream:10.1.0.71:33341|priority:0|startupRole:FOLLOWER, fc7ed98b-a7bb-4459-9411-3eb8109ffece|rpc:10.1.0.71:42295|dataStream:10.1.0.71:35417|priority:0|startupRole:FOLLOWER, 82e3bfc0-83d2-421b-b906-e2486ad37597|rpc:10.1.0.71:34947|dataStream:10.1.0.71:44233|priority:1|startupRole:FOLLOWER]|listeners:[], old=null
2023-03-09 10:16:09,258 [82e3bfc0-83d2-421b-b906-e2486ad37597@group-950AFF1481F3-LeaderElection6-1] INFO  server.GrpcServerProtocolClient (GrpcServerProtocolClient.java:<init>(63)) - Build channel for 99e75673-c78c-458d-9c64-6ac5583a2163
2023-03-09 10:16:09,260 [82e3bfc0-83d2-421b-b906-e2486ad37597@group-950AFF1481F3-LeaderElection6] INFO  server.RaftServerConfigKeys (ConfUtils.java:logFallback(53)) - raft.server.rpc.first-election.timeout.min = 5s (fallback to raft.server.rpc.timeout.min)
2023-03-09 10:16:09,263 [82e3bfc0-83d2-421b-b906-e2486ad37597@group-950AFF1481F3-LeaderElection6] INFO  server.RaftServerConfigKeys (ConfUtils.java:logFallback(53)) - raft.server.rpc.first-election.timeout.max = 5200ms (fallback to raft.server.rpc.timeout.max)
2023-03-09 10:16:09,262 [82e3bfc0-83d2-421b-b906-e2486ad37597@group-950AFF1481F3-LeaderElection6-2] INFO  server.GrpcServerProtocolClient (GrpcServerProtocolClient.java:<init>(63)) - Build channel for fc7ed98b-a7bb-4459-9411-3eb8109ffece
2023-03-09 10:16:09,260 [99e75673-c78c-458d-9c64-6ac5583a2163@group-666E4004EB94-FollowerState] INFO  impl.FollowerState (FollowerState.java:run(143)) - 99e75673-c78c-458d-9c64-6ac5583a2163@group-666E4004EB94-FollowerState: change to CANDIDATE, lastRpcElapsedTime:5047833633ns, electionTimeout:5033ms
2023-03-09 10:16:09,266 [99e75673-c78c-458d-9c64-6ac5583a2163@group-666E4004EB94-FollowerState] INFO  impl.RoleInfo (RoleInfo.java:shutdownFollowerState(110)) - 99e75673-c78c-458d-9c64-6ac5583a2163: shutdown 99e75673-c78c-458d-9c64-6ac5583a2163@group-666E4004EB94-FollowerState
2023-03-09 10:16:09,266 [99e75673-c78c-458d-9c64-6ac5583a2163@group-666E4004EB94-FollowerState] INFO  server.RaftServer$Division (RaftServerImpl.java:setRole(321)) - 99e75673-c78c-458d-9c64-6ac5583a2163@group-666E4004EB94: changes role from  FOLLOWER to CANDIDATE at term 0 for changeToCandidate
2023-03-09 10:16:09,266 [99e75673-c78c-458d-9c64-6ac5583a2163@group-666E4004EB94-FollowerState] INFO  server.RaftServerConfigKeys (ConfUtils.java:logGet(46)) - raft.server.leaderelection.pre-vote = true (default)
2023-03-09 10:16:09,267 [99e75673-c78c-458d-9c64-6ac5583a2163@group-666E4004EB94-FollowerState] INFO  impl.RoleInfo (RoleInfo.java:updateAndGet(139)) - 99e75673-c78c-458d-9c64-6ac5583a2163: start 99e75673-c78c-458d-9c64-6ac5583a2163@group-666E4004EB94-LeaderElection7
2023-03-09 10:16:09,274 [grpc-default-executor-1] INFO  server.RaftServer$Division (RaftServerImpl.java:requestVote(1218)) - 99e75673-c78c-458d-9c64-6ac5583a2163@group-666E4004EB94: receive requestVote(PRE_VOTE, fc7ed98b-a7bb-4459-9411-3eb8109ffece, group-666E4004EB94, 0, (t:0, i:0))
2023-03-09 10:16:09,274 [grpc-default-executor-1] INFO  impl.VoteContext (VoteContext.java:log(49)) - 99e75673-c78c-458d-9c64-6ac5583a2163@group-666E4004EB94-CANDIDATE: reject PRE_VOTE from fc7ed98b-a7bb-4459-9411-3eb8109ffece: our priority 1 > candidate's priority 0
2023-03-09 10:16:09,274 [grpc-default-executor-1] INFO  server.RaftServer$Division (RaftServerImpl.java:requestVote(1251)) - 99e75673-c78c-458d-9c64-6ac5583a2163@group-666E4004EB94 replies to PRE_VOTE vote request: fc7ed98b-a7bb-4459-9411-3eb8109ffece<-99e75673-c78c-458d-9c64-6ac5583a2163#0:FAIL-t0. Peer's state: 99e75673-c78c-458d-9c64-6ac5583a2163@group-666E4004EB94:t0, leader=null, voted=, raftlog=Memoized:99e75673-c78c-458d-9c64-6ac5583a2163@group-666E4004EB94-SegmentedRaftLog:OPENED:c-1, conf=-1: peers:[99e75673-c78c-458d-9c64-6ac5583a2163|rpc:10.1.0.71:38593|dataStream:10.1.0.71:33341|priority:1|startupRole:FOLLOWER, fc7ed98b-a7bb-4459-9411-3eb8109ffece|rpc:10.1.0.71:42295|dataStream:10.1.0.71:35417|priority:0|startupRole:FOLLOWER, 82e3bfc0-83d2-421b-b906-e2486ad37597|rpc:10.1.0.71:34947|dataStream:10.1.0.71:44233|priority:0|startupRole:FOLLOWER]|listeners:[], old=null
2023-03-09 10:16:09,275 [grpc-default-executor-0] INFO  server.RaftServer$Division (RaftServerImpl.java:requestVote(1218)) - 82e3bfc0-83d2-421b-b906-e2486ad37597@group-666E4004EB94: receive requestVote(PRE_VOTE, fc7ed98b-a7bb-4459-9411-3eb8109ffece, group-666E4004EB94, 0, (t:0, i:0))
2023-03-09 10:16:09,275 [grpc-default-executor-0] INFO  impl.VoteContext (VoteContext.java:log(49)) - 82e3bfc0-83d2-421b-b906-e2486ad37597@group-666E4004EB94-FOLLOWER: accept PRE_VOTE from fc7ed98b-a7bb-4459-9411-3eb8109ffece: our priority 0 <= candidate's priority 0
2023-03-09 10:16:09,275 [grpc-default-executor-0] INFO  server.RaftServer$Division (RaftServerImpl.java:requestVote(1251)) - 82e3bfc0-83d2-421b-b906-e2486ad37597@group-666E4004EB94 replies to PRE_VOTE vote request: fc7ed98b-a7bb-4459-9411-3eb8109ffece<-82e3bfc0-83d2-421b-b906-e2486ad37597#0:OK-t0. Peer's state: 82e3bfc0-83d2-421b-b906-e2486ad37597@group-666E4004EB94:t0, leader=null, voted=, raftlog=Memoized:82e3bfc0-83d2-421b-b906-e2486ad37597@group-666E4004EB94-SegmentedRaftLog:OPENED:c-1, conf=-1: peers:[99e75673-c78c-458d-9c64-6ac5583a2163|rpc:10.1.0.71:38593|dataStream:10.1.0.71:33341|priority:1|startupRole:FOLLOWER, fc7ed98b-a7bb-4459-9411-3eb8109ffece|rpc:10.1.0.71:42295|dataStream:10.1.0.71:35417|priority:0|startupRole:FOLLOWER, 82e3bfc0-83d2-421b-b906-e2486ad37597|rpc:10.1.0.71:34947|dataStream:10.1.0.71:44233|priority:0|startupRole:FOLLOWER]|listeners:[], old=null
2023-03-09 10:16:09,276 [99e75673-c78c-458d-9c64-6ac5583a2163@group-666E4004EB94-LeaderElection7] INFO  impl.LeaderElection (LeaderElection.java:askForVotes(312)) - 99e75673-c78c-458d-9c64-6ac5583a2163@group-666E4004EB94-LeaderElection7 PRE_VOTE round 0: submit vote requests at term 0 for -1: peers:[99e75673-c78c-458d-9c64-6ac5583a2163|rpc:10.1.0.71:38593|dataStream:10.1.0.71:33341|priority:1|startupRole:FOLLOWER, fc7ed98b-a7bb-4459-9411-3eb8109ffece|rpc:10.1.0.71:42295|dataStream:10.1.0.71:35417|priority:0|startupRole:FOLLOWER, 82e3bfc0-83d2-421b-b906-e2486ad37597|rpc:10.1.0.71:34947|dataStream:10.1.0.71:44233|priority:0|startupRole:FOLLOWER]|listeners:[], old=null
2023-03-09 10:16:09,277 [fc7ed98b-a7bb-4459-9411-3eb8109ffece@group-666E4004EB94-LeaderElection5] INFO  impl.LeaderElection (LeaderElection.java:logAndReturn(90)) - fc7ed98b-a7bb-4459-9411-3eb8109ffece@group-666E4004EB94-LeaderElection5: PRE_VOTE REJECTED received 1 response(s) and 0 exception(s):
2023-03-09 10:16:09,279 [fc7ed98b-a7bb-4459-9411-3eb8109ffece@group-666E4004EB94-LeaderElection5] INFO  impl.LeaderElection (LeaderElection.java:logAndReturn(94)) -   Response 0: fc7ed98b-a7bb-4459-9411-3eb8109ffece<-99e75673-c78c-458d-9c64-6ac5583a2163#0:FAIL-t0
2023-03-09 10:16:09,279 [fc7ed98b-a7bb-4459-9411-3eb8109ffece@group-666E4004EB94-LeaderElection5] INFO  impl.LeaderElection (LeaderElection.java:askForVotes(314)) - fc7ed98b-a7bb-4459-9411-3eb8109ffece@group-666E4004EB94-LeaderElection5 PRE_VOTE round 0: result REJECTED
2023-03-09 10:16:09,279 [fc7ed98b-a7bb-4459-9411-3eb8109ffece@group-666E4004EB94-LeaderElection5] INFO  server.RaftServer$Division (RaftServerImpl.java:setRole(321)) - fc7ed98b-a7bb-4459-9411-3eb8109ffece@group-666E4004EB94: changes role from CANDIDATE to FOLLOWER at term 0 for REJECTED
2023-03-09 10:16:09,279 [fc7ed98b-a7bb-4459-9411-3eb8109ffece@group-666E4004EB94-LeaderElection5] INFO  impl.RoleInfo (RoleInfo.java:shutdownLeaderElection(130)) - fc7ed98b-a7bb-4459-9411-3eb8109ffece: shutdown fc7ed98b-a7bb-4459-9411-3eb8109ffece@group-666E4004EB94-LeaderElection5
2023-03-09 10:16:09,279 [fc7ed98b-a7bb-4459-9411-3eb8109ffece@group-666E4004EB94-LeaderElection5] INFO  impl.RoleInfo (RoleInfo.java:updateAndGet(139)) - fc7ed98b-a7bb-4459-9411-3eb8109ffece: start fc7ed98b-a7bb-4459-9411-3eb8109ffece@group-666E4004EB94-FollowerState
2023-03-09 10:16:09,286 [fc7ed98b-a7bb-4459-9411-3eb8109ffece@group-666E4004EB94-FollowerState] INFO  server.RaftServerConfigKeys (ConfUtils.java:logFallback(53)) - raft.server.rpc.first-election.timeout.min = 5s (fallback to raft.server.rpc.timeout.min)
2023-03-09 10:16:09,287 [fc7ed98b-a7bb-4459-9411-3eb8109ffece@group-666E4004EB94-FollowerState] INFO  server.RaftServerConfigKeys (ConfUtils.java:logFallback(53)) - raft.server.rpc.first-election.timeout.max = 5200ms (fallback to raft.server.rpc.timeout.max)
2023-03-09 10:16:09,288 [99e75673-c78c-458d-9c64-6ac5583a2163@group-666E4004EB94-LeaderElection7] INFO  server.RaftServerConfigKeys (ConfUtils.java:logFallback(53)) - raft.server.rpc.first-election.timeout.min = 5s (fallback to raft.server.rpc.timeout.min)
2023-03-09 10:16:09,288 [99e75673-c78c-458d-9c64-6ac5583a2163@group-666E4004EB94-LeaderElection7] INFO  server.RaftServerConfigKeys (ConfUtils.java:logFallback(53)) - raft.server.rpc.first-election.timeout.max = 5200ms (fallback to raft.server.rpc.timeout.max)
2023-03-09 10:16:09,299 [grpc-default-executor-2] INFO  server.RaftServer$Division (RaftServerImpl.java:requestVote(1218)) - fc7ed98b-a7bb-4459-9411-3eb8109ffece@group-666E4004EB94: receive requestVote(PRE_VOTE, 99e75673-c78c-458d-9c64-6ac5583a2163, group-666E4004EB94, 0, (t:0, i:0))
2023-03-09 10:16:09,300 [grpc-default-executor-2] INFO  impl.VoteContext (VoteContext.java:log(49)) - fc7ed98b-a7bb-4459-9411-3eb8109ffece@group-666E4004EB94-FOLLOWER: accept PRE_VOTE from 99e75673-c78c-458d-9c64-6ac5583a2163: our priority 0 <= candidate's priority 1
2023-03-09 10:16:09,300 [grpc-default-executor-2] INFO  server.RaftServer$Division (RaftServerImpl.java:requestVote(1251)) - fc7ed98b-a7bb-4459-9411-3eb8109ffece@group-666E4004EB94 replies to PRE_VOTE vote request: 99e75673-c78c-458d-9c64-6ac5583a2163<-fc7ed98b-a7bb-4459-9411-3eb8109ffece#0:OK-t0. Peer's state: fc7ed98b-a7bb-4459-9411-3eb8109ffece@group-666E4004EB94:t0, leader=null, voted=, raftlog=Memoized:fc7ed98b-a7bb-4459-9411-3eb8109ffece@group-666E4004EB94-SegmentedRaftLog:OPENED:c-1, conf=-1: peers:[99e75673-c78c-458d-9c64-6ac5583a2163|rpc:10.1.0.71:38593|dataStream:10.1.0.71:33341|priority:1|startupRole:FOLLOWER, fc7ed98b-a7bb-4459-9411-3eb8109ffece|rpc:10.1.0.71:42295|dataStream:10.1.0.71:35417|priority:0|startupRole:FOLLOWER, 82e3bfc0-83d2-421b-b906-e2486ad37597|rpc:10.1.0.71:34947|dataStream:10.1.0.71:44233|priority:0|startupRole:FOLLOWER]|listeners:[], old=null
2023-03-09 10:16:09,300 [grpc-default-executor-1] INFO  server.RaftServer$Division (RaftServerImpl.java:requestVote(1218)) - 99e75673-c78c-458d-9c64-6ac5583a2163@group-950AFF1481F3: receive requestVote(PRE_VOTE, 82e3bfc0-83d2-421b-b906-e2486ad37597, group-950AFF1481F3, 0, (t:0, i:0))
2023-03-09 10:16:09,300 [grpc-default-executor-1] INFO  impl.VoteContext (VoteContext.java:log(49)) - 99e75673-c78c-458d-9c64-6ac5583a2163@group-950AFF1481F3-FOLLOWER: accept PRE_VOTE from 82e3bfc0-83d2-421b-b906-e2486ad37597: our priority 0 <= candidate's priority 1
2023-03-09 10:16:09,300 [grpc-default-executor-1] INFO  server.RaftServer$Division (RaftServerImpl.java:requestVote(1251)) - 99e75673-c78c-458d-9c64-6ac5583a2163@group-950AFF1481F3 replies to PRE_VOTE vote request: 82e3bfc0-83d2-421b-b906-e2486ad37597<-99e75673-c78c-458d-9c64-6ac5583a2163#0:OK-t0. Peer's state: 99e75673-c78c-458d-9c64-6ac5583a2163@group-950AFF1481F3:t0, leader=null, voted=, raftlog=Memoized:99e75673-c78c-458d-9c64-6ac5583a2163@group-950AFF1481F3-SegmentedRaftLog:OPENED:c-1, conf=-1: peers:[99e75673-c78c-458d-9c64-6ac5583a2163|rpc:10.1.0.71:38593|dataStream:10.1.0.71:33341|priority:0|startupRole:FOLLOWER, fc7ed98b-a7bb-4459-9411-3eb8109ffece|rpc:10.1.0.71:42295|dataStream:10.1.0.71:35417|priority:0|startupRole:FOLLOWER, 82e3bfc0-83d2-421b-b906-e2486ad37597|rpc:10.1.0.71:34947|dataStream:10.1.0.71:44233|priority:1|startupRole:FOLLOWER]|listeners:[], old=null
2023-03-09 10:16:09,306 [grpc-default-executor-3] INFO  server.RaftServer$Division (RaftServerImpl.java:requestVote(1218)) - 82e3bfc0-83d2-421b-b906-e2486ad37597@group-666E4004EB94: receive requestVote(PRE_VOTE, 99e75673-c78c-458d-9c64-6ac5583a2163, group-666E4004EB94, 0, (t:0, i:0))
2023-03-09 10:16:09,307 [grpc-default-executor-3] INFO  impl.VoteContext (VoteContext.java:log(49)) - 82e3bfc0-83d2-421b-b906-e2486ad37597@group-666E4004EB94-FOLLOWER: accept PRE_VOTE from 99e75673-c78c-458d-9c64-6ac5583a2163: our priority 0 <= candidate's priority 1
2023-03-09 10:16:09,307 [grpc-default-executor-3] INFO  server.RaftServer$Division (RaftServerImpl.java:requestVote(1251)) - 82e3bfc0-83d2-421b-b906-e2486ad37597@group-666E4004EB94 replies to PRE_VOTE vote request: 99e75673-c78c-458d-9c64-6ac5583a2163<-82e3bfc0-83d2-421b-b906-e2486ad37597#0:OK-t0. Peer's state: 82e3bfc0-83d2-421b-b906-e2486ad37597@group-666E4004EB94:t0, leader=null, voted=, raftlog=Memoized:82e3bfc0-83d2-421b-b906-e2486ad37597@group-666E4004EB94-SegmentedRaftLog:OPENED:c-1, conf=-1: peers:[99e75673-c78c-458d-9c64-6ac5583a2163|rpc:10.1.0.71:38593|dataStream:10.1.0.71:33341|priority:1|startupRole:FOLLOWER, fc7ed98b-a7bb-4459-9411-3eb8109ffece|rpc:10.1.0.71:42295|dataStream:10.1.0.71:35417|priority:0|startupRole:FOLLOWER, 82e3bfc0-83d2-421b-b906-e2486ad37597|rpc:10.1.0.71:34947|dataStream:10.1.0.71:44233|priority:0|startupRole:FOLLOWER]|listeners:[], old=null
2023-03-09 10:16:09,310 [82e3bfc0-83d2-421b-b906-e2486ad37597@group-950AFF1481F3-LeaderElection6] INFO  impl.LeaderElection (LeaderElection.java:logAndReturn(90)) - 82e3bfc0-83d2-421b-b906-e2486ad37597@group-950AFF1481F3-LeaderElection6: PRE_VOTE PASSED received 1 response(s) and 0 exception(s):
2023-03-09 10:16:09,310 [grpc-default-executor-1] INFO  server.RaftServer$Division (RaftServerImpl.java:requestVote(1218)) - fc7ed98b-a7bb-4459-9411-3eb8109ffece@group-950AFF1481F3: receive requestVote(PRE_VOTE, 82e3bfc0-83d2-421b-b906-e2486ad37597, group-950AFF1481F3, 0, (t:0, i:0))
2023-03-09 10:16:09,312 [grpc-default-executor-1] INFO  impl.VoteContext (VoteContext.java:log(49)) - fc7ed98b-a7bb-4459-9411-3eb8109ffece@group-950AFF1481F3-FOLLOWER: accept PRE_VOTE from 82e3bfc0-83d2-421b-b906-e2486ad37597: our priority 0 <= candidate's priority 1
2023-03-09 10:16:09,312 [grpc-default-executor-1] INFO  server.RaftServer$Division (RaftServerImpl.java:requestVote(1251)) - fc7ed98b-a7bb-4459-9411-3eb8109ffece@group-950AFF1481F3 replies to PRE_VOTE vote request: 82e3bfc0-83d2-421b-b906-e2486ad37597<-fc7ed98b-a7bb-4459-9411-3eb8109ffece#0:OK-t0. Peer's state: fc7ed98b-a7bb-4459-9411-3eb8109ffece@group-950AFF1481F3:t0, leader=null, voted=, raftlog=Memoized:fc7ed98b-a7bb-4459-9411-3eb8109ffece@group-950AFF1481F3-SegmentedRaftLog:OPENED:c-1, conf=-1: peers:[99e75673-c78c-458d-9c64-6ac5583a2163|rpc:10.1.0.71:38593|dataStream:10.1.0.71:33341|priority:0|startupRole:FOLLOWER, fc7ed98b-a7bb-4459-9411-3eb8109ffece|rpc:10.1.0.71:42295|dataStream:10.1.0.71:35417|priority:0|startupRole:FOLLOWER, 82e3bfc0-83d2-421b-b906-e2486ad37597|rpc:10.1.0.71:34947|dataStream:10.1.0.71:44233|priority:1|startupRole:FOLLOWER]|listeners:[], old=null
2023-03-09 10:16:09,307 [99e75673-c78c-458d-9c64-6ac5583a2163@group-666E4004EB94-LeaderElection7] INFO  impl.LeaderElection (LeaderElection.java:logAndReturn(90)) - 99e75673-c78c-458d-9c64-6ac5583a2163@group-666E4004EB94-LeaderElection7: PRE_VOTE PASSED received 1 response(s) and 0 exception(s):
2023-03-09 10:16:09,312 [99e75673-c78c-458d-9c64-6ac5583a2163@group-666E4004EB94-LeaderElection7] INFO  impl.LeaderElection (LeaderElection.java:logAndReturn(94)) -   Response 0: 99e75673-c78c-458d-9c64-6ac5583a2163<-fc7ed98b-a7bb-4459-9411-3eb8109ffece#0:OK-t0
2023-03-09 10:16:09,312 [99e75673-c78c-458d-9c64-6ac5583a2163@group-666E4004EB94-LeaderElection7] INFO  impl.LeaderElection (LeaderElection.java:askForVotes(314)) - 99e75673-c78c-458d-9c64-6ac5583a2163@group-666E4004EB94-LeaderElection7 PRE_VOTE round 0: result PASSED
2023-03-09 10:16:09,311 [82e3bfc0-83d2-421b-b906-e2486ad37597@group-950AFF1481F3-LeaderElection6] INFO  impl.LeaderElection (LeaderElection.java:logAndReturn(94)) -   Response 0: 82e3bfc0-83d2-421b-b906-e2486ad37597<-99e75673-c78c-458d-9c64-6ac5583a2163#0:OK-t0
2023-03-09 10:16:09,313 [99e75673-c78c-458d-9c64-6ac5583a2163@group-666E4004EB94-LeaderElection7] INFO  impl.LeaderElection (LeaderElection.java:askForVotes(312)) - 99e75673-c78c-458d-9c64-6ac5583a2163@group-666E4004EB94-LeaderElection7 ELECTION round 0: submit vote requests at term 1 for -1: peers:[99e75673-c78c-458d-9c64-6ac5583a2163|rpc:10.1.0.71:38593|dataStream:10.1.0.71:33341|priority:1|startupRole:FOLLOWER, fc7ed98b-a7bb-4459-9411-3eb8109ffece|rpc:10.1.0.71:42295|dataStream:10.1.0.71:35417|priority:0|startupRole:FOLLOWER, 82e3bfc0-83d2-421b-b906-e2486ad37597|rpc:10.1.0.71:34947|dataStream:10.1.0.71:44233|priority:0|startupRole:FOLLOWER]|listeners:[], old=null
2023-03-09 10:16:09,315 [82e3bfc0-83d2-421b-b906-e2486ad37597@group-950AFF1481F3-LeaderElection6] INFO  impl.LeaderElection (LeaderElection.java:askForVotes(314)) - 82e3bfc0-83d2-421b-b906-e2486ad37597@group-950AFF1481F3-LeaderElection6 PRE_VOTE round 0: result PASSED
2023-03-09 10:16:09,316 [82e3bfc0-83d2-421b-b906-e2486ad37597@group-950AFF1481F3-LeaderElection6] INFO  impl.LeaderElection (LeaderElection.java:askForVotes(312)) - 82e3bfc0-83d2-421b-b906-e2486ad37597@group-950AFF1481F3-LeaderElection6 ELECTION round 0: submit vote requests at term 1 for -1: peers:[99e75673-c78c-458d-9c64-6ac5583a2163|rpc:10.1.0.71:38593|dataStream:10.1.0.71:33341|priority:0|startupRole:FOLLOWER, fc7ed98b-a7bb-4459-9411-3eb8109ffece|rpc:10.1.0.71:42295|dataStream:10.1.0.71:35417|priority:0|startupRole:FOLLOWER, 82e3bfc0-83d2-421b-b906-e2486ad37597|rpc:10.1.0.71:34947|dataStream:10.1.0.71:44233|priority:1|startupRole:FOLLOWER]|listeners:[], old=null
2023-03-09 10:16:09,317 [99e75673-c78c-458d-9c64-6ac5583a2163@group-666E4004EB94-LeaderElection7] INFO  server.RaftServerConfigKeys (ConfUtils.java:logFallback(53)) - raft.server.rpc.first-election.timeout.min = 5s (fallback to raft.server.rpc.timeout.min)
2023-03-09 10:16:09,318 [99e75673-c78c-458d-9c64-6ac5583a2163@group-666E4004EB94-LeaderElection7] INFO  server.RaftServerConfigKeys (ConfUtils.java:logFallback(53)) - raft.server.rpc.first-election.timeout.max = 5200ms (fallback to raft.server.rpc.timeout.max)
2023-03-09 10:16:09,318 [grpc-default-executor-3] INFO  server.RaftServer$Division (RaftServerImpl.java:requestVote(1218)) - fc7ed98b-a7bb-4459-9411-3eb8109ffece@group-666E4004EB94: receive requestVote(ELECTION, 99e75673-c78c-458d-9c64-6ac5583a2163, group-666E4004EB94, 1, (t:0, i:0))
2023-03-09 10:16:09,326 [grpc-default-executor-3] INFO  impl.VoteContext (VoteContext.java:log(49)) - fc7ed98b-a7bb-4459-9411-3eb8109ffece@group-666E4004EB94-FOLLOWER: accept ELECTION from 99e75673-c78c-458d-9c64-6ac5583a2163: our priority 0 <= candidate's priority 1
2023-03-09 10:16:09,326 [grpc-default-executor-3] INFO  server.RaftServer$Division (RaftServerImpl.java:setRole(321)) - fc7ed98b-a7bb-4459-9411-3eb8109ffece@group-666E4004EB94: changes role from  FOLLOWER to FOLLOWER at term 1 for candidate:99e75673-c78c-458d-9c64-6ac5583a2163
2023-03-09 10:16:09,326 [grpc-default-executor-3] INFO  impl.RoleInfo (RoleInfo.java:shutdownFollowerState(110)) - fc7ed98b-a7bb-4459-9411-3eb8109ffece: shutdown fc7ed98b-a7bb-4459-9411-3eb8109ffece@group-666E4004EB94-FollowerState
2023-03-09 10:16:09,326 [grpc-default-executor-3] INFO  impl.RoleInfo (RoleInfo.java:updateAndGet(139)) - fc7ed98b-a7bb-4459-9411-3eb8109ffece: start fc7ed98b-a7bb-4459-9411-3eb8109ffece@group-666E4004EB94-FollowerState
2023-03-09 10:16:09,318 [82e3bfc0-83d2-421b-b906-e2486ad37597@group-950AFF1481F3-LeaderElection6] INFO  server.RaftServerConfigKeys (ConfUtils.java:logFallback(53)) - raft.server.rpc.first-election.timeout.min = 5s (fallback to raft.server.rpc.timeout.min)
2023-03-09 10:16:09,326 [grpc-default-executor-2] INFO  server.RaftServer$Division (RaftServerImpl.java:requestVote(1218)) - 82e3bfc0-83d2-421b-b906-e2486ad37597@group-666E4004EB94: receive requestVote(ELECTION, 99e75673-c78c-458d-9c64-6ac5583a2163, group-666E4004EB94, 1, (t:0, i:0))
2023-03-09 10:16:09,327 [fc7ed98b-a7bb-4459-9411-3eb8109ffece@group-666E4004EB94-FollowerState] INFO  impl.FollowerState (FollowerState.java:run(152)) - fc7ed98b-a7bb-4459-9411-3eb8109ffece@group-666E4004EB94-FollowerState was interrupted
2023-03-09 10:16:09,326 [grpc-default-executor-1] INFO  server.RaftServer$Division (RaftServerImpl.java:requestVote(1218)) - 99e75673-c78c-458d-9c64-6ac5583a2163@group-950AFF1481F3: receive requestVote(ELECTION, 82e3bfc0-83d2-421b-b906-e2486ad37597, group-950AFF1481F3, 1, (t:0, i:0))
2023-03-09 10:16:09,327 [grpc-default-executor-1] INFO  impl.VoteContext (VoteContext.java:log(49)) - 99e75673-c78c-458d-9c64-6ac5583a2163@group-950AFF1481F3-FOLLOWER: accept ELECTION from 82e3bfc0-83d2-421b-b906-e2486ad37597: our priority 0 <= candidate's priority 1
2023-03-09 10:16:09,327 [grpc-default-executor-1] INFO  server.RaftServer$Division (RaftServerImpl.java:setRole(321)) - 99e75673-c78c-458d-9c64-6ac5583a2163@group-950AFF1481F3: changes role from  FOLLOWER to FOLLOWER at term 1 for candidate:82e3bfc0-83d2-421b-b906-e2486ad37597
2023-03-09 10:16:09,327 [grpc-default-executor-1] INFO  impl.RoleInfo (RoleInfo.java:shutdownFollowerState(110)) - 99e75673-c78c-458d-9c64-6ac5583a2163: shutdown 99e75673-c78c-458d-9c64-6ac5583a2163@group-950AFF1481F3-FollowerState
2023-03-09 10:16:09,327 [grpc-default-executor-1] INFO  impl.RoleInfo (RoleInfo.java:updateAndGet(139)) - 99e75673-c78c-458d-9c64-6ac5583a2163: start 99e75673-c78c-458d-9c64-6ac5583a2163@group-950AFF1481F3-FollowerState
2023-03-09 10:16:09,327 [grpc-default-executor-2] INFO  impl.VoteContext (VoteContext.java:log(49)) - 82e3bfc0-83d2-421b-b906-e2486ad37597@group-666E4004EB94-FOLLOWER: accept ELECTION from 99e75673-c78c-458d-9c64-6ac5583a2163: our priority 0 <= candidate's priority 1
2023-03-09 10:16:09,327 [grpc-default-executor-2] INFO  server.RaftServer$Division (RaftServerImpl.java:setRole(321)) - 82e3bfc0-83d2-421b-b906-e2486ad37597@group-666E4004EB94: changes role from  FOLLOWER to FOLLOWER at term 1 for candidate:99e75673-c78c-458d-9c64-6ac5583a2163
2023-03-09 10:16:09,327 [grpc-default-executor-2] INFO  impl.RoleInfo (RoleInfo.java:shutdownFollowerState(110)) - 82e3bfc0-83d2-421b-b906-e2486ad37597: shutdown 82e3bfc0-83d2-421b-b906-e2486ad37597@group-666E4004EB94-FollowerState
2023-03-09 10:16:09,326 [82e3bfc0-83d2-421b-b906-e2486ad37597@group-950AFF1481F3-LeaderElection6] INFO  server.RaftServerConfigKeys (ConfUtils.java:logFallback(53)) - raft.server.rpc.first-election.timeout.max = 5200ms (fallback to raft.server.rpc.timeout.max)
2023-03-09 10:16:09,327 [99e75673-c78c-458d-9c64-6ac5583a2163@group-950AFF1481F3-FollowerState] INFO  impl.FollowerState (FollowerState.java:run(152)) - 99e75673-c78c-458d-9c64-6ac5583a2163@group-950AFF1481F3-FollowerState was interrupted
2023-03-09 10:16:09,327 [fc7ed98b-a7bb-4459-9411-3eb8109ffece@group-666E4004EB94-FollowerState] INFO  server.RaftServerConfigKeys (ConfUtils.java:logFallback(53)) - raft.server.rpc.first-election.timeout.min = 5s (fallback to raft.server.rpc.timeout.min)
2023-03-09 10:16:09,327 [fc7ed98b-a7bb-4459-9411-3eb8109ffece@group-666E4004EB94-FollowerState] INFO  server.RaftServerConfigKeys (ConfUtils.java:logFallback(53)) - raft.server.rpc.first-election.timeout.max = 5200ms (fallback to raft.server.rpc.timeout.max)
2023-03-09 10:16:09,328 [grpc-default-executor-3] INFO  server.RaftServer$Division (RaftServerImpl.java:requestVote(1251)) - fc7ed98b-a7bb-4459-9411-3eb8109ffece@group-666E4004EB94 replies to ELECTION vote request: 99e75673-c78c-458d-9c64-6ac5583a2163<-fc7ed98b-a7bb-4459-9411-3eb8109ffece#0:OK-t1. Peer's state: fc7ed98b-a7bb-4459-9411-3eb8109ffece@group-666E4004EB94:t1, leader=null, voted=99e75673-c78c-458d-9c64-6ac5583a2163, raftlog=Memoized:fc7ed98b-a7bb-4459-9411-3eb8109ffece@group-666E4004EB94-SegmentedRaftLog:OPENED:c-1, conf=-1: peers:[99e75673-c78c-458d-9c64-6ac5583a2163|rpc:10.1.0.71:38593|dataStream:10.1.0.71:33341|priority:1|startupRole:FOLLOWER, fc7ed98b-a7bb-4459-9411-3eb8109ffece|rpc:10.1.0.71:42295|dataStream:10.1.0.71:35417|priority:0|startupRole:FOLLOWER, 82e3bfc0-83d2-421b-b906-e2486ad37597|rpc:10.1.0.71:34947|dataStream:10.1.0.71:44233|priority:0|startupRole:FOLLOWER]|listeners:[], old=null
2023-03-09 10:16:09,329 [grpc-default-executor-2] INFO  impl.RoleInfo (RoleInfo.java:updateAndGet(139)) - 82e3bfc0-83d2-421b-b906-e2486ad37597: start 82e3bfc0-83d2-421b-b906-e2486ad37597@group-666E4004EB94-FollowerState
2023-03-09 10:16:09,335 [82e3bfc0-83d2-421b-b906-e2486ad37597@group-666E4004EB94-FollowerState] INFO  impl.FollowerState (FollowerState.java:run(152)) - 82e3bfc0-83d2-421b-b906-e2486ad37597@group-666E4004EB94-FollowerState was interrupted
2023-03-09 10:16:09,329 [99e75673-c78c-458d-9c64-6ac5583a2163@group-666E4004EB94-LeaderElection7] INFO  impl.LeaderElection (LeaderElection.java:logAndReturn(90)) - 99e75673-c78c-458d-9c64-6ac5583a2163@group-666E4004EB94-LeaderElection7: ELECTION PASSED received 1 response(s) and 0 exception(s):
2023-03-09 10:16:09,339 [99e75673-c78c-458d-9c64-6ac5583a2163@group-666E4004EB94-LeaderElection7] INFO  impl.LeaderElection (LeaderElection.java:logAndReturn(94)) -   Response 0: 99e75673-c78c-458d-9c64-6ac5583a2163<-fc7ed98b-a7bb-4459-9411-3eb8109ffece#0:OK-t1
2023-03-09 10:16:09,339 [99e75673-c78c-458d-9c64-6ac5583a2163@group-666E4004EB94-LeaderElection7] INFO  impl.LeaderElection (LeaderElection.java:askForVotes(314)) - 99e75673-c78c-458d-9c64-6ac5583a2163@group-666E4004EB94-LeaderElection7 ELECTION round 0: result PASSED
2023-03-09 10:16:09,339 [99e75673-c78c-458d-9c64-6ac5583a2163@group-666E4004EB94-LeaderElection7] INFO  impl.RoleInfo (RoleInfo.java:shutdownLeaderElection(130)) - 99e75673-c78c-458d-9c64-6ac5583a2163: shutdown 99e75673-c78c-458d-9c64-6ac5583a2163@group-666E4004EB94-LeaderElection7
2023-03-09 10:16:09,339 [99e75673-c78c-458d-9c64-6ac5583a2163@group-666E4004EB94-LeaderElection7] INFO  server.RaftServer$Division (RaftServerImpl.java:setRole(321)) - 99e75673-c78c-458d-9c64-6ac5583a2163@group-666E4004EB94: changes role from CANDIDATE to LEADER at term 1 for changeToLeader
2023-03-09 10:16:09,340 [grpc-default-executor-1] INFO  server.RaftServer$Division (RaftServerImpl.java:requestVote(1251)) - 99e75673-c78c-458d-9c64-6ac5583a2163@group-950AFF1481F3 replies to ELECTION vote request: 82e3bfc0-83d2-421b-b906-e2486ad37597<-99e75673-c78c-458d-9c64-6ac5583a2163#0:OK-t1. Peer's state: 99e75673-c78c-458d-9c64-6ac5583a2163@group-950AFF1481F3:t1, leader=null, voted=82e3bfc0-83d2-421b-b906-e2486ad37597, raftlog=Memoized:99e75673-c78c-458d-9c64-6ac5583a2163@group-950AFF1481F3-SegmentedRaftLog:OPENED:c-1, conf=-1: peers:[99e75673-c78c-458d-9c64-6ac5583a2163|rpc:10.1.0.71:38593|dataStream:10.1.0.71:33341|priority:0|startupRole:FOLLOWER, fc7ed98b-a7bb-4459-9411-3eb8109ffece|rpc:10.1.0.71:42295|dataStream:10.1.0.71:35417|priority:0|startupRole:FOLLOWER, 82e3bfc0-83d2-421b-b906-e2486ad37597|rpc:10.1.0.71:34947|dataStream:10.1.0.71:44233|priority:1|startupRole:FOLLOWER]|listeners:[], old=null
2023-03-09 10:16:09,340 [82e3bfc0-83d2-421b-b906-e2486ad37597@group-666E4004EB94-FollowerState] INFO  server.RaftServerConfigKeys (ConfUtils.java:logFallback(53)) - raft.server.rpc.first-election.timeout.min = 5s (fallback to raft.server.rpc.timeout.min)
2023-03-09 10:16:09,341 [82e3bfc0-83d2-421b-b906-e2486ad37597@group-666E4004EB94-FollowerState] INFO  server.RaftServerConfigKeys (ConfUtils.java:logFallback(53)) - raft.server.rpc.first-election.timeout.max = 5200ms (fallback to raft.server.rpc.timeout.max)
2023-03-09 10:16:09,341 [grpc-default-executor-2] INFO  server.RaftServer$Division (RaftServerImpl.java:requestVote(1251)) - 82e3bfc0-83d2-421b-b906-e2486ad37597@group-666E4004EB94 replies to ELECTION vote request: 99e75673-c78c-458d-9c64-6ac5583a2163<-82e3bfc0-83d2-421b-b906-e2486ad37597#0:OK-t1. Peer's state: 82e3bfc0-83d2-421b-b906-e2486ad37597@group-666E4004EB94:t1, leader=null, voted=99e75673-c78c-458d-9c64-6ac5583a2163, raftlog=Memoized:82e3bfc0-83d2-421b-b906-e2486ad37597@group-666E4004EB94-SegmentedRaftLog:OPENED:c-1, conf=-1: peers:[99e75673-c78c-458d-9c64-6ac5583a2163|rpc:10.1.0.71:38593|dataStream:10.1.0.71:33341|priority:1|startupRole:FOLLOWER, fc7ed98b-a7bb-4459-9411-3eb8109ffece|rpc:10.1.0.71:42295|dataStream:10.1.0.71:35417|priority:0|startupRole:FOLLOWER, 82e3bfc0-83d2-421b-b906-e2486ad37597|rpc:10.1.0.71:34947|dataStream:10.1.0.71:44233|priority:0|startupRole:FOLLOWER]|listeners:[], old=null
2023-03-09 10:16:09,343 [grpc-default-executor-3] INFO  server.RaftServer$Division (RaftServerImpl.java:requestVote(1218)) - fc7ed98b-a7bb-4459-9411-3eb8109ffece@group-950AFF1481F3: receive requestVote(ELECTION, 82e3bfc0-83d2-421b-b906-e2486ad37597, group-950AFF1481F3, 1, (t:0, i:0))
2023-03-09 10:16:09,343 [grpc-default-executor-3] INFO  impl.VoteContext (VoteContext.java:log(49)) - fc7ed98b-a7bb-4459-9411-3eb8109ffece@group-950AFF1481F3-FOLLOWER: accept ELECTION from 82e3bfc0-83d2-421b-b906-e2486ad37597: our priority 0 <= candidate's priority 1
2023-03-09 10:16:09,344 [grpc-default-executor-3] INFO  server.RaftServer$Division (RaftServerImpl.java:setRole(321)) - fc7ed98b-a7bb-4459-9411-3eb8109ffece@group-950AFF1481F3: changes role from  FOLLOWER to FOLLOWER at term 1 for candidate:82e3bfc0-83d2-421b-b906-e2486ad37597
2023-03-09 10:16:09,344 [grpc-default-executor-3] INFO  impl.RoleInfo (RoleInfo.java:shutdownFollowerState(110)) - fc7ed98b-a7bb-4459-9411-3eb8109ffece: shutdown fc7ed98b-a7bb-4459-9411-3eb8109ffece@group-950AFF1481F3-FollowerState
2023-03-09 10:16:09,344 [grpc-default-executor-3] INFO  impl.RoleInfo (RoleInfo.java:updateAndGet(139)) - fc7ed98b-a7bb-4459-9411-3eb8109ffece: start fc7ed98b-a7bb-4459-9411-3eb8109ffece@group-950AFF1481F3-FollowerState
2023-03-09 10:16:09,344 [fc7ed98b-a7bb-4459-9411-3eb8109ffece@group-950AFF1481F3-FollowerState] INFO  impl.FollowerState (FollowerState.java:run(152)) - fc7ed98b-a7bb-4459-9411-3eb8109ffece@group-950AFF1481F3-FollowerState was interrupted
2023-03-09 10:16:09,342 [99e75673-c78c-458d-9c64-6ac5583a2163@group-666E4004EB94-LeaderElection7] INFO  ratis.XceiverServerRatis (XceiverServerRatis.java:handleLeaderChangedNotification(905)) - Leader change notification received for group: group-666E4004EB94 with new leaderId: 99e75673-c78c-458d-9c64-6ac5583a2163
2023-03-09 10:16:09,349 [99e75673-c78c-458d-9c64-6ac5583a2163@group-666E4004EB94-LeaderElection7] INFO  server.RaftServer$Division (ServerState.java:setLeader(313)) - 99e75673-c78c-458d-9c64-6ac5583a2163@group-666E4004EB94: change Leader from null to 99e75673-c78c-458d-9c64-6ac5583a2163 at term 1 for becomeLeader, leader elected after 5155ms
2023-03-09 10:16:09,349 [99e75673-c78c-458d-9c64-6ac5583a2163@group-666E4004EB94-LeaderElection7] INFO  server.RaftServerConfigKeys (ConfUtils.java:logGet(46)) - raft.server.staging.catchup.gap = 1000 (default)
2023-03-09 10:16:09,349 [99e75673-c78c-458d-9c64-6ac5583a2163@group-666E4004EB94-LeaderElection7] INFO  server.RaftServerConfigKeys (ConfUtils.java:logGet(46)) - raft.server.write.element-limit = 1024 (custom)
2023-03-09 10:16:09,349 [99e75673-c78c-458d-9c64-6ac5583a2163@group-666E4004EB94-LeaderElection7] INFO  server.RaftServerConfigKeys (ConfUtils.java:logGet(46)) - raft.server.write.byte-limit = 1024 M (=1073741824) (custom)
2023-03-09 10:16:09,349 [99e75673-c78c-458d-9c64-6ac5583a2163@group-666E4004EB94-LeaderElection7] INFO  server.RaftServerConfigKeys (ConfUtils.java:logGet(46)) - raft.server.watch.timeout = 180s (custom)
2023-03-09 10:16:09,349 [99e75673-c78c-458d-9c64-6ac5583a2163@group-666E4004EB94-LeaderElection7] INFO  server.RaftServerConfigKeys (ConfUtils.java:logGet(46)) - raft.server.watch.timeout.denomination = 1s (default)
2023-03-09 10:16:09,349 [99e75673-c78c-458d-9c64-6ac5583a2163@group-666E4004EB94-LeaderElection7] INFO  server.RaftServerConfigKeys (ConfUtils.java:logGet(46)) - raft.server.watch.element-limit = 65536 (default)
2023-03-09 10:16:09,349 [99e75673-c78c-458d-9c64-6ac5583a2163@group-666E4004EB94-LeaderElection7] INFO  server.RaftServerConfigKeys (ConfUtils.java:logGet(46)) - raft.server.write.element-limit = 1024 (custom)
2023-03-09 10:16:09,350 [99e75673-c78c-458d-9c64-6ac5583a2163@group-666E4004EB94-LeaderElection7] INFO  server.RaftServerConfigKeys (ConfUtils.java:logGet(46)) - raft.server.write.follower.gap.ratio.max = -1.0 (default)
2023-03-09 10:16:09,341 [82e3bfc0-83d2-421b-b906-e2486ad37597@group-950AFF1481F3-LeaderElection6] INFO  impl.LeaderElection (LeaderElection.java:logAndReturn(90)) - 82e3bfc0-83d2-421b-b906-e2486ad37597@group-950AFF1481F3-LeaderElection6: ELECTION PASSED received 1 response(s) and 0 exception(s):
2023-03-09 10:16:09,350 [82e3bfc0-83d2-421b-b906-e2486ad37597@group-950AFF1481F3-LeaderElection6] INFO  impl.LeaderElection (LeaderElection.java:logAndReturn(94)) -   Response 0: 82e3bfc0-83d2-421b-b906-e2486ad37597<-99e75673-c78c-458d-9c64-6ac5583a2163#0:OK-t1
2023-03-09 10:16:09,350 [82e3bfc0-83d2-421b-b906-e2486ad37597@group-950AFF1481F3-LeaderElection6] INFO  impl.LeaderElection (LeaderElection.java:askForVotes(314)) - 82e3bfc0-83d2-421b-b906-e2486ad37597@group-950AFF1481F3-LeaderElection6 ELECTION round 0: result PASSED
2023-03-09 10:16:09,350 [82e3bfc0-83d2-421b-b906-e2486ad37597@group-950AFF1481F3-LeaderElection6] INFO  impl.RoleInfo (RoleInfo.java:shutdownLeaderElection(130)) - 82e3bfc0-83d2-421b-b906-e2486ad37597: shutdown 82e3bfc0-83d2-421b-b906-e2486ad37597@group-950AFF1481F3-LeaderElection6
2023-03-09 10:16:09,350 [82e3bfc0-83d2-421b-b906-e2486ad37597@group-950AFF1481F3-LeaderElection6] INFO  server.RaftServer$Division (RaftServerImpl.java:setRole(321)) - 82e3bfc0-83d2-421b-b906-e2486ad37597@group-950AFF1481F3: changes role from CANDIDATE to LEADER at term 1 for changeToLeader
2023-03-09 10:16:09,350 [82e3bfc0-83d2-421b-b906-e2486ad37597@group-950AFF1481F3-LeaderElection6] INFO  ratis.XceiverServerRatis (XceiverServerRatis.java:handleLeaderChangedNotification(905)) - Leader change notification received for group: group-950AFF1481F3 with new leaderId: 82e3bfc0-83d2-421b-b906-e2486ad37597
2023-03-09 10:16:09,351 [82e3bfc0-83d2-421b-b906-e2486ad37597@group-950AFF1481F3-LeaderElection6] INFO  server.RaftServer$Division (ServerState.java:setLeader(313)) - 82e3bfc0-83d2-421b-b906-e2486ad37597@group-950AFF1481F3: change Leader from null to 82e3bfc0-83d2-421b-b906-e2486ad37597 at term 1 for becomeLeader, leader elected after 5227ms
2023-03-09 10:16:09,351 [82e3bfc0-83d2-421b-b906-e2486ad37597@group-950AFF1481F3-LeaderElection6] INFO  server.RaftServerConfigKeys (ConfUtils.java:logGet(46)) - raft.server.staging.catchup.gap = 1000 (default)
2023-03-09 10:16:09,351 [82e3bfc0-83d2-421b-b906-e2486ad37597@group-950AFF1481F3-LeaderElection6] INFO  server.RaftServerConfigKeys (ConfUtils.java:logGet(46)) - raft.server.write.element-limit = 1024 (custom)
2023-03-09 10:16:09,351 [82e3bfc0-83d2-421b-b906-e2486ad37597@group-950AFF1481F3-LeaderElection6] INFO  server.RaftServerConfigKeys (ConfUtils.java:logGet(46)) - raft.server.write.byte-limit = 1024 M (=1073741824) (custom)
2023-03-09 10:16:09,351 [82e3bfc0-83d2-421b-b906-e2486ad37597@group-950AFF1481F3-LeaderElection6] INFO  server.RaftServerConfigKeys (ConfUtils.java:logGet(46)) - raft.server.watch.timeout = 180s (custom)
2023-03-09 10:16:09,351 [82e3bfc0-83d2-421b-b906-e2486ad37597@group-950AFF1481F3-LeaderElection6] INFO  server.RaftServerConfigKeys (ConfUtils.java:logGet(46)) - raft.server.watch.timeout.denomination = 1s (default)
2023-03-09 10:16:09,351 [82e3bfc0-83d2-421b-b906-e2486ad37597@group-950AFF1481F3-LeaderElection6] INFO  server.RaftServerConfigKeys (ConfUtils.java:logGet(46)) - raft.server.watch.element-limit = 65536 (default)
2023-03-09 10:16:09,351 [82e3bfc0-83d2-421b-b906-e2486ad37597@group-950AFF1481F3-LeaderElection6] INFO  server.RaftServerConfigKeys (ConfUtils.java:logGet(46)) - raft.server.write.element-limit = 1024 (custom)
2023-03-09 10:16:09,351 [82e3bfc0-83d2-421b-b906-e2486ad37597@group-950AFF1481F3-LeaderElection6] INFO  server.RaftServerConfigKeys (ConfUtils.java:logGet(46)) - raft.server.write.follower.gap.ratio.max = -1.0 (default)
2023-03-09 10:16:09,348 [fc7ed98b-a7bb-4459-9411-3eb8109ffece@group-950AFF1481F3-FollowerState] INFO  server.RaftServerConfigKeys (ConfUtils.java:logFallback(53)) - raft.server.rpc.first-election.timeout.min = 5s (fallback to raft.server.rpc.timeout.min)
2023-03-09 10:16:09,348 [grpc-default-executor-3] INFO  server.RaftServer$Division (RaftServerImpl.java:requestVote(1251)) - fc7ed98b-a7bb-4459-9411-3eb8109ffece@group-950AFF1481F3 replies to ELECTION vote request: 82e3bfc0-83d2-421b-b906-e2486ad37597<-fc7ed98b-a7bb-4459-9411-3eb8109ffece#0:OK-t1. Peer's state: fc7ed98b-a7bb-4459-9411-3eb8109ffece@group-950AFF1481F3:t1, leader=null, voted=82e3bfc0-83d2-421b-b906-e2486ad37597, raftlog=Memoized:fc7ed98b-a7bb-4459-9411-3eb8109ffece@group-950AFF1481F3-SegmentedRaftLog:OPENED:c-1, conf=-1: peers:[99e75673-c78c-458d-9c64-6ac5583a2163|rpc:10.1.0.71:38593|dataStream:10.1.0.71:33341|priority:0|startupRole:FOLLOWER, fc7ed98b-a7bb-4459-9411-3eb8109ffece|rpc:10.1.0.71:42295|dataStream:10.1.0.71:35417|priority:0|startupRole:FOLLOWER, 82e3bfc0-83d2-421b-b906-e2486ad37597|rpc:10.1.0.71:34947|dataStream:10.1.0.71:44233|priority:1|startupRole:FOLLOWER]|listeners:[], old=null
2023-03-09 10:16:09,358 [EventQueue-PipelineReportForPipelineReportHandler] INFO  pipeline.PipelineManagerImpl (PipelineManagerImpl.java:openPipeline(367)) - Pipeline Pipeline[ Id: 96b2fc5c-70a3-4a14-ad2d-950aff1481f3, Nodes: fc7ed98b-a7bb-4459-9411-3eb8109ffece(fv-az200-252.swdxaxenvgxe1kqentp15g1mgd.jx.internal.cloudapp.net/10.1.0.71)99e75673-c78c-458d-9c64-6ac5583a2163(fv-az200-252.swdxaxenvgxe1kqentp15g1mgd.jx.internal.cloudapp.net/10.1.0.71)82e3bfc0-83d2-421b-b906-e2486ad37597(fv-az200-252.swdxaxenvgxe1kqentp15g1mgd.jx.internal.cloudapp.net/10.1.0.71), ReplicationConfig: RATIS/THREE, State:ALLOCATED, leaderId:82e3bfc0-83d2-421b-b906-e2486ad37597, CreationTimestamp2023-03-09T10:16:01.244Z[Etc/UTC]] moved to OPEN state
2023-03-09 10:16:09,344 [99e75673-c78c-458d-9c64-6ac5583a2163@group-950AFF1481F3-FollowerState] INFO  server.RaftServerConfigKeys (ConfUtils.java:logFallback(53)) - raft.server.rpc.first-election.timeout.min = 5s (fallback to raft.server.rpc.timeout.min)
2023-03-09 10:16:09,358 [EventQueue-OpenPipelineForHealthyPipelineSafeModeRule] INFO  safemode.SCMSafeModeManager (HealthyPipelineSafeModeRule.java:process(137)) - SCM in safe mode. Healthy pipelines reported count is 1, required healthy pipeline reported count is 1
2023-03-09 10:16:09,362 [EventQueue-OpenPipelineForHealthyPipelineSafeModeRule] INFO  safemode.SCMSafeModeManager (SCMSafeModeManager.java:validateSafeModeExitRules(200)) - HealthyPipelineSafeModeRule rule is successfully validated
2023-03-09 10:16:09,362 [EventQueue-OpenPipelineForHealthyPipelineSafeModeRule] INFO  safemode.SCMSafeModeManager (SCMSafeModeManager.java:validateSafeModeExitRules(215)) - ScmSafeModeManager, all rules are successfully validated
2023-03-09 10:16:09,362 [EventQueue-OpenPipelineForHealthyPipelineSafeModeRule] INFO  safemode.SCMSafeModeManager (SCMSafeModeManager.java:exitSafeMode(244)) - SCM exiting safe mode.
2023-03-09 10:16:09,362 [EventQueue-OpenPipelineForHealthyPipelineSafeModeRule] INFO  ha.SCMContext (SCMContext.java:updateSafeModeStatus(228)) - Update SafeModeStatus from SafeModeStatus{safeModeStatus=true, preCheckPassed=true} to SafeModeStatus{safeModeStatus=false, preCheckPassed=true}.
2023-03-09 10:16:09,362 [EventQueue-OpenPipelineForHealthyPipelineSafeModeRule] INFO  pipeline.BackgroundPipelineCreator (BackgroundPipelineCreator.java:notifyStatusChanged(254)) - Service BackgroundPipelineCreator transitions to RUNNING.
2023-03-09 10:16:09,362 [EventQueue-OpenPipelineForHealthyPipelineSafeModeRule] INFO  BackgroundPipelineScrubber (BackgroundSCMService.java:notifyStatusChanged(82)) - Service BackgroundPipelineScrubber transitions to RUNNING.
2023-03-09 10:16:09,362 [EventQueue-OpenPipelineForHealthyPipelineSafeModeRule] INFO  ExpiredContainerReplicaOpScrubber (BackgroundSCMService.java:notifyStatusChanged(82)) - Service ExpiredContainerReplicaOpScrubber transitions to RUNNING.
2023-03-09 10:16:09,362 [EventQueue-OpenPipelineForHealthyPipelineSafeModeRule] INFO  replication.ReplicationManager (ReplicationManager.java:notifyStatusChanged(1085)) - Service ReplicationManager transitions to RUNNING.
2023-03-09 10:16:09,363 [82e3bfc0-83d2-421b-b906-e2486ad37597@group-950AFF1481F3-LeaderElection6] INFO  server.RaftServerConfigKeys (ConfUtils.java:logGet(46)) - raft.server.log.appender.snapshot.chunk.size.max = 16MB (=16777216) (default)
2023-03-09 10:16:09,363 [82e3bfc0-83d2-421b-b906-e2486ad37597@group-950AFF1481F3-LeaderElection6] INFO  server.RaftServerConfigKeys (ConfUtils.java:logGet(46)) - raft.server.log.appender.buffer.byte-limit = 33554432 (custom)
2023-03-09 10:16:09,363 [82e3bfc0-83d2-421b-b906-e2486ad37597@group-950AFF1481F3-LeaderElection6] INFO  server.RaftServerConfigKeys (ConfUtils.java:logGet(46)) - raft.server.log.appender.buffer.element-limit = 1 (custom)
2023-03-09 10:16:09,365 [82e3bfc0-83d2-421b-b906-e2486ad37597@group-950AFF1481F3-LeaderElection6] INFO  grpc.GrpcConfigKeys (ConfUtils.java:logGet(46)) - raft.grpc.server.leader.outstanding.appends.max = 128 (default)
2023-03-09 10:16:09,365 [82e3bfc0-83d2-421b-b906-e2486ad37597@group-950AFF1481F3-LeaderElection6] INFO  server.RaftServerConfigKeys (ConfUtils.java:logGet(46)) - raft.server.rpc.request.timeout = 60s (custom)
2023-03-09 10:16:09,365 [82e3bfc0-83d2-421b-b906-e2486ad37597@group-950AFF1481F3-LeaderElection6] INFO  server.RaftServerConfigKeys (ConfUtils.java:logGet(46)) - raft.server.log.appender.install.snapshot.enabled = false (custom)
2023-03-09 10:16:09,365 [82e3bfc0-83d2-421b-b906-e2486ad37597@group-950AFF1481F3-LeaderElection6] INFO  grpc.GrpcConfigKeys (ConfUtils.java:logGet(46)) - raft.grpc.server.heartbeat.channel = true (default)
2023-03-09 10:16:09,365 [82e3bfc0-83d2-421b-b906-e2486ad37597@group-950AFF1481F3-LeaderElection6] INFO  server.RaftServerConfigKeys (ConfUtils.java:logGet(46)) - raft.server.log.appender.wait-time.min = 10ms (default)
2023-03-09 10:16:09,358 [fc7ed98b-a7bb-4459-9411-3eb8109ffece@group-950AFF1481F3-FollowerState] INFO  server.RaftServerConfigKeys (ConfUtils.java:logFallback(53)) - raft.server.rpc.first-election.timeout.max = 5200ms (fallback to raft.server.rpc.timeout.max)
2023-03-09 10:16:09,366 [EventQueue-PipelineReportForPipelineReportHandler] INFO  pipeline.PipelineManagerImpl (PipelineManagerImpl.java:openPipeline(367)) - Pipeline Pipeline[ Id: aa839c55-8768-4e5b-a947-666e4004eb94, Nodes: 99e75673-c78c-458d-9c64-6ac5583a2163(fv-az200-252.swdxaxenvgxe1kqentp15g1mgd.jx.internal.cloudapp.net/10.1.0.71)82e3bfc0-83d2-421b-b906-e2486ad37597(fv-az200-252.swdxaxenvgxe1kqentp15g1mgd.jx.internal.cloudapp.net/10.1.0.71)fc7ed98b-a7bb-4459-9411-3eb8109ffece(fv-az200-252.swdxaxenvgxe1kqentp15g1mgd.jx.internal.cloudapp.net/10.1.0.71), ReplicationConfig: RATIS/THREE, State:ALLOCATED, leaderId:99e75673-c78c-458d-9c64-6ac5583a2163, CreationTimestamp2023-03-09T10:16:01.246Z[Etc/UTC]] moved to OPEN state
2023-03-09 10:16:09,365 [EventQueue-OpenPipelineForHealthyPipelineSafeModeRule] WARN  balancer.ContainerBalancer (ContainerBalancer.java:shouldRun(131)) - Could not find persisted configuration for ContainerBalancer when checking if ContainerBalancer should run. ContainerBalancer should not run now.
2023-03-09 10:16:09,362 [99e75673-c78c-458d-9c64-6ac5583a2163@group-950AFF1481F3-FollowerState] INFO  server.RaftServerConfigKeys (ConfUtils.java:logFallback(53)) - raft.server.rpc.first-election.timeout.max = 5200ms (fallback to raft.server.rpc.timeout.max)
2023-03-09 10:16:09,368 [82e3bfc0-83d2-421b-b906-e2486ad37597@group-950AFF1481F3-LeaderElection6] INFO  server.RaftServerConfigKeys (ConfUtils.java:logGet(46)) - raft.server.log.appender.snapshot.chunk.size.max = 16MB (=16777216) (default)
2023-03-09 10:16:09,368 [82e3bfc0-83d2-421b-b906-e2486ad37597@group-950AFF1481F3-LeaderElection6] INFO  server.RaftServerConfigKeys (ConfUtils.java:logGet(46)) - raft.server.log.appender.buffer.byte-limit = 33554432 (custom)
2023-03-09 10:16:09,368 [82e3bfc0-83d2-421b-b906-e2486ad37597@group-950AFF1481F3-LeaderElection6] INFO  server.RaftServerConfigKeys (ConfUtils.java:logGet(46)) - raft.server.log.appender.buffer.element-limit = 1 (custom)
2023-03-09 10:16:09,368 [82e3bfc0-83d2-421b-b906-e2486ad37597@group-950AFF1481F3-LeaderElection6] INFO  grpc.GrpcConfigKeys (ConfUtils.java:logGet(46)) - raft.grpc.server.leader.outstanding.appends.max = 128 (default)
2023-03-09 10:16:09,368 [82e3bfc0-83d2-421b-b906-e2486ad37597@group-950AFF1481F3-LeaderElection6] INFO  server.RaftServerConfigKeys (ConfUtils.java:logGet(46)) - raft.server.rpc.request.timeout = 60s (custom)
2023-03-09 10:16:09,368 [82e3bfc0-83d2-421b-b906-e2486ad37597@group-950AFF1481F3-LeaderElection6] INFO  server.RaftServerConfigKeys (ConfUtils.java:logGet(46)) - raft.server.log.appender.install.snapshot.enabled = false (custom)
2023-03-09 10:16:09,368 [82e3bfc0-83d2-421b-b906-e2486ad37597@group-950AFF1481F3-LeaderElection6] INFO  grpc.GrpcConfigKeys (ConfUtils.java:logGet(46)) - raft.grpc.server.heartbeat.channel = true (default)
2023-03-09 10:16:09,368 [82e3bfc0-83d2-421b-b906-e2486ad37597@group-950AFF1481F3-LeaderElection6] INFO  server.RaftServerConfigKeys (ConfUtils.java:logGet(46)) - raft.server.log.appender.wait-time.min = 10ms (default)
2023-03-09 10:16:09,369 [82e3bfc0-83d2-421b-b906-e2486ad37597@group-950AFF1481F3-LeaderElection6] INFO  impl.RoleInfo (RoleInfo.java:updateAndGet(139)) - 82e3bfc0-83d2-421b-b906-e2486ad37597: start 82e3bfc0-83d2-421b-b906-e2486ad37597@group-950AFF1481F3-LeaderStateImpl
2023-03-09 10:16:09,369 [82e3bfc0-83d2-421b-b906-e2486ad37597@group-950AFF1481F3-LeaderElection6] INFO  segmented.SegmentedRaftLogWorker (SegmentedRaftLogWorker.java:startLogSegment(452)) - 82e3bfc0-83d2-421b-b906-e2486ad37597@group-950AFF1481F3-SegmentedRaftLogWorker: Starting segment from index:0
2023-03-09 10:16:09,371 [82e3bfc0-83d2-421b-b906-e2486ad37597@group-950AFF1481F3-SegmentedRaftLogWorker] INFO  segmented.SegmentedRaftLogWorker (SegmentedRaftLogWorker.java:execute(656)) - 82e3bfc0-83d2-421b-b906-e2486ad37597@group-950AFF1481F3-SegmentedRaftLogWorker: created new log segment /home/runner/work/ozone/ozone/hadoop-ozone/integration-test/target/test-dir/MiniOzoneClusterImpl-5f16ed77-7c5c-4847-9cc1-45aa7644631b/datanode-2/data/ratis/96b2fc5c-70a3-4a14-ad2d-950aff1481f3/current/log_inprogress_0
2023-03-09 10:16:09,372 [99e75673-c78c-458d-9c64-6ac5583a2163@group-666E4004EB94-LeaderElection7] INFO  server.RaftServerConfigKeys (ConfUtils.java:logGet(46)) - raft.server.log.appender.snapshot.chunk.size.max = 16MB (=16777216) (default)
2023-03-09 10:16:09,375 [82e3bfc0-83d2-421b-b906-e2486ad37597@group-950AFF1481F3-LeaderElection6] INFO  server.RaftServer$Division (ServerState.java:setRaftConf(430)) - 82e3bfc0-83d2-421b-b906-e2486ad37597@group-950AFF1481F3: set configuration 0: peers:[99e75673-c78c-458d-9c64-6ac5583a2163|rpc:10.1.0.71:38593|dataStream:10.1.0.71:33341|priority:0|startupRole:FOLLOWER, fc7ed98b-a7bb-4459-9411-3eb8109ffece|rpc:10.1.0.71:42295|dataStream:10.1.0.71:35417|priority:0|startupRole:FOLLOWER, 82e3bfc0-83d2-421b-b906-e2486ad37597|rpc:10.1.0.71:34947|dataStream:10.1.0.71:44233|priority:1|startupRole:FOLLOWER]|listeners:[], old=null
2023-03-09 10:16:09,375 [99e75673-c78c-458d-9c64-6ac5583a2163@group-666E4004EB94-LeaderElection7] INFO  server.RaftServerConfigKeys (ConfUtils.java:logGet(46)) - raft.server.log.appender.buffer.byte-limit = 33554432 (custom)
2023-03-09 10:16:09,375 [99e75673-c78c-458d-9c64-6ac5583a2163@group-666E4004EB94-LeaderElection7] INFO  server.RaftServerConfigKeys (ConfUtils.java:logGet(46)) - raft.server.log.appender.buffer.element-limit = 1 (custom)
2023-03-09 10:16:09,375 [99e75673-c78c-458d-9c64-6ac5583a2163@group-666E4004EB94-LeaderElection7] INFO  grpc.GrpcConfigKeys (ConfUtils.java:logGet(46)) - raft.grpc.server.leader.outstanding.appends.max = 128 (default)
2023-03-09 10:16:09,376 [99e75673-c78c-458d-9c64-6ac5583a2163@group-666E4004EB94-LeaderElection7] INFO  server.RaftServerConfigKeys (ConfUtils.java:logGet(46)) - raft.server.rpc.request.timeout = 60s (custom)
2023-03-09 10:16:09,376 [99e75673-c78c-458d-9c64-6ac5583a2163@group-666E4004EB94-LeaderElection7] INFO  server.RaftServerConfigKeys (ConfUtils.java:logGet(46)) - raft.server.log.appender.install.snapshot.enabled = false (custom)
2023-03-09 10:16:09,376 [99e75673-c78c-458d-9c64-6ac5583a2163@group-666E4004EB94-LeaderElection7] INFO  grpc.GrpcConfigKeys (ConfUtils.java:logGet(46)) - raft.grpc.server.heartbeat.channel = true (default)
2023-03-09 10:16:09,376 [99e75673-c78c-458d-9c64-6ac5583a2163@group-666E4004EB94-LeaderElection7] INFO  server.RaftServerConfigKeys (ConfUtils.java:logGet(46)) - raft.server.log.appender.wait-time.min = 10ms (default)
2023-03-09 10:16:09,377 [99e75673-c78c-458d-9c64-6ac5583a2163@group-666E4004EB94-LeaderElection7] INFO  server.RaftServerConfigKeys (ConfUtils.java:logGet(46)) - raft.server.log.appender.snapshot.chunk.size.max = 16MB (=16777216) (default)
2023-03-09 10:16:09,377 [99e75673-c78c-458d-9c64-6ac5583a2163@group-666E4004EB94-LeaderElection7] INFO  server.RaftServerConfigKeys (ConfUtils.java:logGet(46)) - raft.server.log.appender.buffer.byte-limit = 33554432 (custom)
2023-03-09 10:16:09,377 [99e75673-c78c-458d-9c64-6ac5583a2163@group-666E4004EB94-LeaderElection7] INFO  server.RaftServerConfigKeys (ConfUtils.java:logGet(46)) - raft.server.log.appender.buffer.element-limit = 1 (custom)
2023-03-09 10:16:09,377 [99e75673-c78c-458d-9c64-6ac5583a2163@group-666E4004EB94-LeaderElection7] INFO  grpc.GrpcConfigKeys (ConfUtils.java:logGet(46)) - raft.grpc.server.leader.outstanding.appends.max = 128 (default)
2023-03-09 10:16:09,377 [99e75673-c78c-458d-9c64-6ac5583a2163@group-666E4004EB94-LeaderElection7] INFO  server.RaftServerConfigKeys (ConfUtils.java:logGet(46)) - raft.server.rpc.request.timeout = 60s (custom)
2023-03-09 10:16:09,377 [99e75673-c78c-458d-9c64-6ac5583a2163@group-666E4004EB94-LeaderElection7] INFO  server.RaftServerConfigKeys (ConfUtils.java:logGet(46)) - raft.server.log.appender.install.snapshot.enabled = false (custom)
2023-03-09 10:16:09,377 [99e75673-c78c-458d-9c64-6ac5583a2163@group-666E4004EB94-LeaderElection7] INFO  grpc.GrpcConfigKeys (ConfUtils.java:logGet(46)) - raft.grpc.server.heartbeat.channel = true (default)
2023-03-09 10:16:09,377 [99e75673-c78c-458d-9c64-6ac5583a2163@group-666E4004EB94-LeaderElection7] INFO  server.RaftServerConfigKeys (ConfUtils.java:logGet(46)) - raft.server.log.appender.wait-time.min = 10ms (default)
2023-03-09 10:16:09,377 [99e75673-c78c-458d-9c64-6ac5583a2163@group-666E4004EB94-LeaderElection7] INFO  impl.RoleInfo (RoleInfo.java:updateAndGet(139)) - 99e75673-c78c-458d-9c64-6ac5583a2163: start 99e75673-c78c-458d-9c64-6ac5583a2163@group-666E4004EB94-LeaderStateImpl
2023-03-09 10:16:09,378 [99e75673-c78c-458d-9c64-6ac5583a2163@group-666E4004EB94-LeaderElection7] INFO  segmented.SegmentedRaftLogWorker (SegmentedRaftLogWorker.java:startLogSegment(452)) - 99e75673-c78c-458d-9c64-6ac5583a2163@group-666E4004EB94-SegmentedRaftLogWorker: Starting segment from index:0
2023-03-09 10:16:09,379 [99e75673-c78c-458d-9c64-6ac5583a2163@group-666E4004EB94-SegmentedRaftLogWorker] INFO  segmented.SegmentedRaftLogWorker (SegmentedRaftLogWorker.java:execute(656)) - 99e75673-c78c-458d-9c64-6ac5583a2163@group-666E4004EB94-SegmentedRaftLogWorker: created new log segment /home/runner/work/ozone/ozone/hadoop-ozone/integration-test/target/test-dir/MiniOzoneClusterImpl-5f16ed77-7c5c-4847-9cc1-45aa7644631b/datanode-0/data/ratis/aa839c55-8768-4e5b-a947-666e4004eb94/current/log_inprogress_0
2023-03-09 10:16:09,383 [99e75673-c78c-458d-9c64-6ac5583a2163@group-666E4004EB94-LeaderElection7] INFO  server.RaftServer$Division (ServerState.java:setRaftConf(430)) - 99e75673-c78c-458d-9c64-6ac5583a2163@group-666E4004EB94: set configuration 0: peers:[99e75673-c78c-458d-9c64-6ac5583a2163|rpc:10.1.0.71:38593|dataStream:10.1.0.71:33341|priority:1|startupRole:FOLLOWER, fc7ed98b-a7bb-4459-9411-3eb8109ffece|rpc:10.1.0.71:42295|dataStream:10.1.0.71:35417|priority:0|startupRole:FOLLOWER, 82e3bfc0-83d2-421b-b906-e2486ad37597|rpc:10.1.0.71:34947|dataStream:10.1.0.71:44233|priority:0|startupRole:FOLLOWER]|listeners:[], old=null
2023-03-09 10:16:09,413 [82e3bfc0-83d2-421b-b906-e2486ad37597@group-6E99D10BAB71-FollowerState] INFO  impl.FollowerState (FollowerState.java:run(143)) - 82e3bfc0-83d2-421b-b906-e2486ad37597@group-6E99D10BAB71-FollowerState: change to CANDIDATE, lastRpcElapsedTime:5144182116ns, electionTimeout:5142ms
2023-03-09 10:16:09,414 [82e3bfc0-83d2-421b-b906-e2486ad37597@group-6E99D10BAB71-FollowerState] INFO  impl.RoleInfo (RoleInfo.java:shutdownFollowerState(110)) - 82e3bfc0-83d2-421b-b906-e2486ad37597: shutdown 82e3bfc0-83d2-421b-b906-e2486ad37597@group-6E99D10BAB71-FollowerState
2023-03-09 10:16:09,414 [82e3bfc0-83d2-421b-b906-e2486ad37597@group-6E99D10BAB71-FollowerState] INFO  server.RaftServer$Division (RaftServerImpl.java:setRole(321)) - 82e3bfc0-83d2-421b-b906-e2486ad37597@group-6E99D10BAB71: changes role from  FOLLOWER to CANDIDATE at term 0 for changeToCandidate
2023-03-09 10:16:09,423 [82e3bfc0-83d2-421b-b906-e2486ad37597@group-6E99D10BAB71-FollowerState] INFO  server.RaftServerConfigKeys (ConfUtils.java:logGet(46)) - raft.server.leaderelection.pre-vote = true (default)
2023-03-09 10:16:09,423 [82e3bfc0-83d2-421b-b906-e2486ad37597@group-6E99D10BAB71-FollowerState] INFO  impl.RoleInfo (RoleInfo.java:updateAndGet(139)) - 82e3bfc0-83d2-421b-b906-e2486ad37597: start 82e3bfc0-83d2-421b-b906-e2486ad37597@group-6E99D10BAB71-LeaderElection8
2023-03-09 10:16:09,432 [fc7ed98b-a7bb-4459-9411-3eb8109ffece-server-thread1] INFO  ratis.XceiverServerRatis (XceiverServerRatis.java:handleLeaderChangedNotification(905)) - Leader change notification received for group: group-950AFF1481F3 with new leaderId: 82e3bfc0-83d2-421b-b906-e2486ad37597
2023-03-09 10:16:09,436 [fc7ed98b-a7bb-4459-9411-3eb8109ffece-server-thread1] INFO  server.RaftServer$Division (ServerState.java:setLeader(313)) - fc7ed98b-a7bb-4459-9411-3eb8109ffece@group-950AFF1481F3: change Leader from null to 82e3bfc0-83d2-421b-b906-e2486ad37597 at term 1 for appendEntries, leader elected after 5631ms
2023-03-09 10:16:09,436 [82e3bfc0-83d2-421b-b906-e2486ad37597-server-thread1] INFO  ratis.XceiverServerRatis (XceiverServerRatis.java:handleLeaderChangedNotification(905)) - Leader change notification received for group: group-666E4004EB94 with new leaderId: 99e75673-c78c-458d-9c64-6ac5583a2163
2023-03-09 10:16:09,434 [82e3bfc0-83d2-421b-b906-e2486ad37597@group-6E99D10BAB71-LeaderElection8] INFO  impl.LeaderElection (LeaderElection.java:askForVotes(312)) - 82e3bfc0-83d2-421b-b906-e2486ad37597@group-6E99D10BAB71-LeaderElection8 PRE_VOTE round 0: submit vote requests at term 0 for -1: peers:[82e3bfc0-83d2-421b-b906-e2486ad37597|rpc:10.1.0.71:34947|dataStream:10.1.0.71:44233|priority:1|startupRole:FOLLOWER]|listeners:[], old=null
2023-03-09 10:16:09,437 [82e3bfc0-83d2-421b-b906-e2486ad37597@group-6E99D10BAB71-LeaderElection8] INFO  impl.LeaderElection (LeaderElection.java:askForVotes(314)) - 82e3bfc0-83d2-421b-b906-e2486ad37597@group-6E99D10BAB71-LeaderElection8 PRE_VOTE round 0: result PASSED (term=0)
2023-03-09 10:16:09,432 [fc7ed98b-a7bb-4459-9411-3eb8109ffece-server-thread1] INFO  ratis.XceiverServerRatis (XceiverServerRatis.java:handleLeaderChangedNotification(905)) - Leader change notification received for group: group-666E4004EB94 with new leaderId: 99e75673-c78c-458d-9c64-6ac5583a2163
2023-03-09 10:16:09,437 [fc7ed98b-a7bb-4459-9411-3eb8109ffece-server-thread1] INFO  server.RaftServer$Division (ServerState.java:setLeader(313)) - fc7ed98b-a7bb-4459-9411-3eb8109ffece@group-666E4004EB94: change Leader from null to 99e75673-c78c-458d-9c64-6ac5583a2163 at term 1 for appendEntries, leader elected after 5339ms
2023-03-09 10:16:09,437 [82e3bfc0-83d2-421b-b906-e2486ad37597-server-thread1] INFO  server.RaftServer$Division (ServerState.java:setLeader(313)) - 82e3bfc0-83d2-421b-b906-e2486ad37597@group-666E4004EB94: change Leader from null to 99e75673-c78c-458d-9c64-6ac5583a2163 at term 1 for appendEntries, leader elected after 5152ms
2023-03-09 10:16:09,438 [82e3bfc0-83d2-421b-b906-e2486ad37597@group-6E99D10BAB71-LeaderElection8] INFO  impl.LeaderElection (LeaderElection.java:askForVotes(312)) - 82e3bfc0-83d2-421b-b906-e2486ad37597@group-6E99D10BAB71-LeaderElection8 ELECTION round 0: submit vote requests at term 1 for -1: peers:[82e3bfc0-83d2-421b-b906-e2486ad37597|rpc:10.1.0.71:34947|dataStream:10.1.0.71:44233|priority:1|startupRole:FOLLOWER]|listeners:[], old=null
2023-03-09 10:16:09,438 [82e3bfc0-83d2-421b-b906-e2486ad37597@group-6E99D10BAB71-LeaderElection8] INFO  impl.LeaderElection (LeaderElection.java:askForVotes(314)) - 82e3bfc0-83d2-421b-b906-e2486ad37597@group-6E99D10BAB71-LeaderElection8 ELECTION round 0: result PASSED (term=1)
2023-03-09 10:16:09,438 [82e3bfc0-83d2-421b-b906-e2486ad37597@group-6E99D10BAB71-LeaderElection8] INFO  impl.RoleInfo (RoleInfo.java:shutdownLeaderElection(130)) - 82e3bfc0-83d2-421b-b906-e2486ad37597: shutdown 82e3bfc0-83d2-421b-b906-e2486ad37597@group-6E99D10BAB71-LeaderElection8
2023-03-09 10:16:09,439 [82e3bfc0-83d2-421b-b906-e2486ad37597@group-6E99D10BAB71-LeaderElection8] INFO  server.RaftServer$Division (RaftServerImpl.java:setRole(321)) - 82e3bfc0-83d2-421b-b906-e2486ad37597@group-6E99D10BAB71: changes role from CANDIDATE to LEADER at term 1 for changeToLeader
2023-03-09 10:16:09,439 [82e3bfc0-83d2-421b-b906-e2486ad37597@group-6E99D10BAB71-LeaderElection8] INFO  ratis.XceiverServerRatis (XceiverServerRatis.java:handleLeaderChangedNotification(905)) - Leader change notification received for group: group-6E99D10BAB71 with new leaderId: 82e3bfc0-83d2-421b-b906-e2486ad37597
2023-03-09 10:16:09,447 [82e3bfc0-83d2-421b-b906-e2486ad37597@group-6E99D10BAB71-LeaderElection8] INFO  server.RaftServer$Division (ServerState.java:setLeader(313)) - 82e3bfc0-83d2-421b-b906-e2486ad37597@group-6E99D10BAB71: change Leader from null to 82e3bfc0-83d2-421b-b906-e2486ad37597 at term 1 for becomeLeader, leader elected after 5201ms
2023-03-09 10:16:09,447 [82e3bfc0-83d2-421b-b906-e2486ad37597@group-6E99D10BAB71-LeaderElection8] INFO  server.RaftServerConfigKeys (ConfUtils.java:logGet(46)) - raft.server.staging.catchup.gap = 1000 (default)
2023-03-09 10:16:09,455 [82e3bfc0-83d2-421b-b906-e2486ad37597@group-6E99D10BAB71-LeaderElection8] INFO  server.RaftServerConfigKeys (ConfUtils.java:logGet(46)) - raft.server.write.element-limit = 1024 (custom)
2023-03-09 10:16:09,455 [82e3bfc0-83d2-421b-b906-e2486ad37597@group-6E99D10BAB71-LeaderElection8] INFO  server.RaftServerConfigKeys (ConfUtils.java:logGet(46)) - raft.server.write.byte-limit = 1024 M (=1073741824) (custom)
2023-03-09 10:16:09,455 [82e3bfc0-83d2-421b-b906-e2486ad37597@group-6E99D10BAB71-LeaderElection8] INFO  server.RaftServerConfigKeys (ConfUtils.java:logGet(46)) - raft.server.watch.timeout = 180s (custom)
2023-03-09 10:16:09,455 [82e3bfc0-83d2-421b-b906-e2486ad37597@group-6E99D10BAB71-LeaderElection8] INFO  server.RaftServerConfigKeys (ConfUtils.java:logGet(46)) - raft.server.watch.timeout.denomination = 1s (default)
2023-03-09 10:16:09,455 [82e3bfc0-83d2-421b-b906-e2486ad37597@group-6E99D10BAB71-LeaderElection8] INFO  server.RaftServerConfigKeys (ConfUtils.java:logGet(46)) - raft.server.watch.element-limit = 65536 (default)
2023-03-09 10:16:09,455 [82e3bfc0-83d2-421b-b906-e2486ad37597@group-6E99D10BAB71-LeaderElection8] INFO  server.RaftServerConfigKeys (ConfUtils.java:logGet(46)) - raft.server.write.element-limit = 1024 (custom)
2023-03-09 10:16:09,455 [82e3bfc0-83d2-421b-b906-e2486ad37597@group-6E99D10BAB71-LeaderElection8] INFO  server.RaftServerConfigKeys (ConfUtils.java:logGet(46)) - raft.server.write.follower.gap.ratio.max = -1.0 (default)
2023-03-09 10:16:09,455 [82e3bfc0-83d2-421b-b906-e2486ad37597@group-6E99D10BAB71-LeaderElection8] INFO  impl.RoleInfo (RoleInfo.java:updateAndGet(139)) - 82e3bfc0-83d2-421b-b906-e2486ad37597: start 82e3bfc0-83d2-421b-b906-e2486ad37597@group-6E99D10BAB71-LeaderStateImpl
2023-03-09 10:16:09,456 [82e3bfc0-83d2-421b-b906-e2486ad37597@group-6E99D10BAB71-LeaderElection8] INFO  segmented.SegmentedRaftLogWorker (SegmentedRaftLogWorker.java:startLogSegment(452)) - 82e3bfc0-83d2-421b-b906-e2486ad37597@group-6E99D10BAB71-SegmentedRaftLogWorker: Starting segment from index:0
2023-03-09 10:16:09,460 [82e3bfc0-83d2-421b-b906-e2486ad37597@group-6E99D10BAB71-SegmentedRaftLogWorker] INFO  segmented.SegmentedRaftLogWorker (SegmentedRaftLogWorker.java:execute(656)) - 82e3bfc0-83d2-421b-b906-e2486ad37597@group-6E99D10BAB71-SegmentedRaftLogWorker: created new log segment /home/runner/work/ozone/ozone/hadoop-ozone/integration-test/target/test-dir/MiniOzoneClusterImpl-5f16ed77-7c5c-4847-9cc1-45aa7644631b/datanode-2/data/ratis/1de75dbc-5475-4b1c-b4ea-6e99d10bab71/current/log_inprogress_0
2023-03-09 10:16:09,461 [fc7ed98b-a7bb-4459-9411-3eb8109ffece-server-thread2] INFO  server.RaftServer$Division (ServerState.java:setRaftConf(430)) - fc7ed98b-a7bb-4459-9411-3eb8109ffece@group-666E4004EB94: set configuration 0: peers:[99e75673-c78c-458d-9c64-6ac5583a2163|rpc:10.1.0.71:38593|dataStream:10.1.0.71:33341|priority:1|startupRole:FOLLOWER, fc7ed98b-a7bb-4459-9411-3eb8109ffece|rpc:10.1.0.71:42295|dataStream:10.1.0.71:35417|priority:0|startupRole:FOLLOWER, 82e3bfc0-83d2-421b-b906-e2486ad37597|rpc:10.1.0.71:34947|dataStream:10.1.0.71:44233|priority:0|startupRole:FOLLOWER]|listeners:[], old=null
2023-03-09 10:16:09,462 [fc7ed98b-a7bb-4459-9411-3eb8109ffece-server-thread2] INFO  segmented.SegmentedRaftLogWorker (SegmentedRaftLogWorker.java:startLogSegment(452)) - fc7ed98b-a7bb-4459-9411-3eb8109ffece@group-666E4004EB94-SegmentedRaftLogWorker: Starting segment from index:0
2023-03-09 10:16:09,464 [82e3bfc0-83d2-421b-b906-e2486ad37597@group-6E99D10BAB71-LeaderElection8] INFO  server.RaftServer$Division (ServerState.java:setRaftConf(430)) - 82e3bfc0-83d2-421b-b906-e2486ad37597@group-6E99D10BAB71: set configuration 0: peers:[82e3bfc0-83d2-421b-b906-e2486ad37597|rpc:10.1.0.71:34947|dataStream:10.1.0.71:44233|priority:1|startupRole:FOLLOWER]|listeners:[], old=null
2023-03-09 10:16:09,466 [fc7ed98b-a7bb-4459-9411-3eb8109ffece-server-thread2] INFO  server.RaftServer$Division (ServerState.java:setRaftConf(430)) - fc7ed98b-a7bb-4459-9411-3eb8109ffece@group-950AFF1481F3: set configuration 0: peers:[99e75673-c78c-458d-9c64-6ac5583a2163|rpc:10.1.0.71:38593|dataStream:10.1.0.71:33341|priority:0|startupRole:FOLLOWER, fc7ed98b-a7bb-4459-9411-3eb8109ffece|rpc:10.1.0.71:42295|dataStream:10.1.0.71:35417|priority:0|startupRole:FOLLOWER, 82e3bfc0-83d2-421b-b906-e2486ad37597|rpc:10.1.0.71:34947|dataStream:10.1.0.71:44233|priority:1|startupRole:FOLLOWER]|listeners:[], old=null
2023-03-09 10:16:09,474 [82e3bfc0-83d2-421b-b906-e2486ad37597-server-thread2] INFO  server.RaftServer$Division (ServerState.java:setRaftConf(430)) - 82e3bfc0-83d2-421b-b906-e2486ad37597@group-666E4004EB94: set configuration 0: peers:[99e75673-c78c-458d-9c64-6ac5583a2163|rpc:10.1.0.71:38593|dataStream:10.1.0.71:33341|priority:1|startupRole:FOLLOWER, fc7ed98b-a7bb-4459-9411-3eb8109ffece|rpc:10.1.0.71:42295|dataStream:10.1.0.71:35417|priority:0|startupRole:FOLLOWER, 82e3bfc0-83d2-421b-b906-e2486ad37597|rpc:10.1.0.71:34947|dataStream:10.1.0.71:44233|priority:0|startupRole:FOLLOWER]|listeners:[], old=null
2023-03-09 10:16:09,475 [fc7ed98b-a7bb-4459-9411-3eb8109ffece-server-thread2] INFO  segmented.SegmentedRaftLogWorker (SegmentedRaftLogWorker.java:startLogSegment(452)) - fc7ed98b-a7bb-4459-9411-3eb8109ffece@group-950AFF1481F3-SegmentedRaftLogWorker: Starting segment from index:0
2023-03-09 10:16:09,465 [99e75673-c78c-458d-9c64-6ac5583a2163-server-thread2] INFO  ratis.XceiverServerRatis (XceiverServerRatis.java:handleLeaderChangedNotification(905)) - Leader change notification received for group: group-950AFF1481F3 with new leaderId: 82e3bfc0-83d2-421b-b906-e2486ad37597
2023-03-09 10:16:09,464 [fc7ed98b-a7bb-4459-9411-3eb8109ffece@group-666E4004EB94-SegmentedRaftLogWorker] INFO  segmented.SegmentedRaftLogWorker (SegmentedRaftLogWorker.java:execute(656)) - fc7ed98b-a7bb-4459-9411-3eb8109ffece@group-666E4004EB94-SegmentedRaftLogWorker: created new log segment /home/runner/work/ozone/ozone/hadoop-ozone/integration-test/target/test-dir/MiniOzoneClusterImpl-5f16ed77-7c5c-4847-9cc1-45aa7644631b/datanode-1/data/ratis/aa839c55-8768-4e5b-a947-666e4004eb94/current/log_inprogress_0
2023-03-09 10:16:09,475 [82e3bfc0-83d2-421b-b906-e2486ad37597-server-thread2] INFO  segmented.SegmentedRaftLogWorker (SegmentedRaftLogWorker.java:startLogSegment(452)) - 82e3bfc0-83d2-421b-b906-e2486ad37597@group-666E4004EB94-SegmentedRaftLogWorker: Starting segment from index:0
2023-03-09 10:16:09,479 [fc7ed98b-a7bb-4459-9411-3eb8109ffece@group-950AFF1481F3-SegmentedRaftLogWorker] INFO  segmented.SegmentedRaftLogWorker (SegmentedRaftLogWorker.java:execute(656)) - fc7ed98b-a7bb-4459-9411-3eb8109ffece@group-950AFF1481F3-SegmentedRaftLogWorker: created new log segment /home/runner/work/ozone/ozone/hadoop-ozone/integration-test/target/test-dir/MiniOzoneClusterImpl-5f16ed77-7c5c-4847-9cc1-45aa7644631b/datanode-1/data/ratis/96b2fc5c-70a3-4a14-ad2d-950aff1481f3/current/log_inprogress_0
2023-03-09 10:16:09,480 [99e75673-c78c-458d-9c64-6ac5583a2163-server-thread2] INFO  server.RaftServer$Division (ServerState.java:setLeader(313)) - 99e75673-c78c-458d-9c64-6ac5583a2163@group-950AFF1481F3: change Leader from null to 82e3bfc0-83d2-421b-b906-e2486ad37597 at term 1 for appendEntries, leader elected after 6110ms
2023-03-09 10:16:09,482 [82e3bfc0-83d2-421b-b906-e2486ad37597@group-666E4004EB94-SegmentedRaftLogWorker] INFO  segmented.SegmentedRaftLogWorker (SegmentedRaftLogWorker.java:execute(656)) - 82e3bfc0-83d2-421b-b906-e2486ad37597@group-666E4004EB94-SegmentedRaftLogWorker: created new log segment /home/runner/work/ozone/ozone/hadoop-ozone/integration-test/target/test-dir/MiniOzoneClusterImpl-5f16ed77-7c5c-4847-9cc1-45aa7644631b/datanode-2/data/ratis/aa839c55-8768-4e5b-a947-666e4004eb94/current/log_inprogress_0
2023-03-09 10:16:09,488 [99e75673-c78c-458d-9c64-6ac5583a2163-server-thread1] INFO  server.RaftServer$Division (ServerState.java:setRaftConf(430)) - 99e75673-c78c-458d-9c64-6ac5583a2163@group-950AFF1481F3: set configuration 0: peers:[99e75673-c78c-458d-9c64-6ac5583a2163|rpc:10.1.0.71:38593|dataStream:10.1.0.71:33341|priority:0|startupRole:FOLLOWER, fc7ed98b-a7bb-4459-9411-3eb8109ffece|rpc:10.1.0.71:42295|dataStream:10.1.0.71:35417|priority:0|startupRole:FOLLOWER, 82e3bfc0-83d2-421b-b906-e2486ad37597|rpc:10.1.0.71:34947|dataStream:10.1.0.71:44233|priority:1|startupRole:FOLLOWER]|listeners:[], old=null
2023-03-09 10:16:09,489 [99e75673-c78c-458d-9c64-6ac5583a2163-server-thread1] INFO  segmented.SegmentedRaftLogWorker (SegmentedRaftLogWorker.java:startLogSegment(452)) - 99e75673-c78c-458d-9c64-6ac5583a2163@group-950AFF1481F3-SegmentedRaftLogWorker: Starting segment from index:0
2023-03-09 10:16:09,490 [99e75673-c78c-458d-9c64-6ac5583a2163@group-950AFF1481F3-SegmentedRaftLogWorker] INFO  segmented.SegmentedRaftLogWorker (SegmentedRaftLogWorker.java:execute(656)) - 99e75673-c78c-458d-9c64-6ac5583a2163@group-950AFF1481F3-SegmentedRaftLogWorker: created new log segment /home/runner/work/ozone/ozone/hadoop-ozone/integration-test/target/test-dir/MiniOzoneClusterImpl-5f16ed77-7c5c-4847-9cc1-45aa7644631b/datanode-0/data/ratis/96b2fc5c-70a3-4a14-ad2d-950aff1481f3/current/log_inprogress_0
2023-03-09 10:16:10,242 [Listener at 127.0.0.1/46781] INFO  ozone.MiniOzoneClusterImpl (MiniOzoneClusterImpl.java:lambda$waitForClusterToBeReady$0(218)) - Nodes are ready. Got 3 of 3 DN Heartbeats.
2023-03-09 10:16:10,243 [Listener at 127.0.0.1/46781] INFO  ozone.MiniOzoneClusterImpl (MiniOzoneClusterImpl.java:lambda$waitForClusterToBeReady$0(221)) - Cluster exits safe mode
2023-03-09 10:16:10,243 [Listener at 127.0.0.1/46781] INFO  ozone.MiniOzoneClusterImpl (MiniOzoneClusterImpl.java:lambda$waitForClusterToBeReady$0(223)) - SCM became leader
2023-03-09 10:16:10,681 [Listener at 127.0.0.1/46781] INFO  rpc.RpcClient (RpcClient.java:createVolume(476)) - Creating Volume: volume1, with om as owner and space quota set to -1 bytes, counts quota set to -1
2023-03-09 10:16:10,722 [OM StateMachine ApplyTransaction Thread - 0] INFO  volume.OMVolumeCreateRequest (OMVolumeCreateRequest.java:validateAndUpdateCache(195)) - created volume:volume1 for user:om
2023-03-09 10:16:10,775 [Listener at 127.0.0.1/46781] INFO  rpc.RpcClient (RpcClient.java:createBucket(698)) - Creating Bucket: volume1/bucket1, with server-side default bucket layout, user1 as owner, Versioning false, Storage Type set to DISK and Encryption set to false, Replication Type set to server-side default replication type, Namespace Quota set to -1, Space Quota set to -1 
2023-03-09 10:16:10,786 [OM StateMachine ApplyTransaction Thread - 0] INFO  bucket.OMBucketCreateRequest (OMBucketCreateRequest.java:validateAndUpdateCache(263)) - created bucket: bucket1 of layout FILE_SYSTEM_OPTIMIZED in volume: volume1
2023-03-09 10:16:10,846 [IPC Server handler 0 on default port 43855] INFO  ha.SequenceIdGenerator (SequenceIdGenerator.java:getNextId(128)) - Allocate a batch for containerId, change lastId from 0 to 1000.
2023-03-09 10:16:10,857 [IPC Server handler 0 on default port 43855] WARN  ha.SequenceIdGenerator (SequenceIdGenerator.java:allocateBatch(237)) - Failed to allocate a batch for localId, expected lastId is 0, actual lastId is 111677748019200000.
2023-03-09 10:16:10,857 [IPC Server handler 0 on default port 43855] INFO  ha.SequenceIdGenerator (SequenceIdGenerator.java:getNextId(128)) - Allocate a batch for localId, change lastId from 111677748019200000 to 111677748019201000.
2023-03-09 10:16:10,942 [Listener at 127.0.0.1/46781] INFO  impl.MetricsSystemImpl (MetricsSystemImpl.java:init(158)) - XceiverClientMetrics metrics system started (again)
2023-03-09 10:16:12,114 [OM StateMachine ApplyTransaction Thread - 0] WARN  om.OzoneManager (OmMetadataReader.java:checkAcls(497)) - User user2 doesn't have DELETE permission to access key Volume:volume1 Bucket:bucket1 Key:a/b2
10:16:12.118 [OM StateMachine ApplyTransaction Thread - 0] ERROR OMAudit - user=user2 | ip=127.0.0.1 | op=DELETE_KEY {volume=volume1, bucket=bucket1, key=a/b2, dataSize=0, replicationType=NONE, replicationFactor=ZERO} | ret=FAILURE
org.apache.hadoop.ozone.om.exceptions.OMException: User user2 doesn't have DELETE permission to access key Volume:volume1 Bucket:bucket1 Key:a/b2
	at org.apache.hadoop.ozone.om.OmMetadataReader.checkAcls(OmMetadataReader.java:500) ~[ozone-manager-1.4.0-SNAPSHOT.jar:?]
	at org.apache.hadoop.ozone.om.request.OMClientRequest.checkACLsWithFSO(OMClientRequest.java:303) ~[ozone-manager-1.4.0-SNAPSHOT.jar:?]
	at org.apache.hadoop.ozone.om.request.key.OMKeyDeleteRequestWithFSO.validateAndUpdateCache(OMKeyDeleteRequestWithFSO.java:103) ~[ozone-manager-1.4.0-SNAPSHOT.jar:?]
	at org.apache.hadoop.ozone.protocolPB.OzoneManagerRequestHandler.handleWriteRequest(OzoneManagerRequestHandler.java:337) ~[ozone-manager-1.4.0-SNAPSHOT.jar:?]
	at org.apache.hadoop.ozone.om.ratis.OzoneManagerStateMachine.runCommand(OzoneManagerStateMachine.java:533) ~[ozone-manager-1.4.0-SNAPSHOT.jar:?]
	at org.apache.hadoop.ozone.om.ratis.OzoneManagerStateMachine.lambda$1(OzoneManagerStateMachine.java:324) ~[ozone-manager-1.4.0-SNAPSHOT.jar:?]
	at java.util.concurrent.CompletableFuture$AsyncSupply.run(CompletableFuture.java:1604) [?:1.8.0_362]
	at java.util.concurrent.ThreadPoolExecutor.runWorker(ThreadPoolExecutor.java:1149) [?:1.8.0_362]
	at java.util.concurrent.ThreadPoolExecutor$Worker.run(ThreadPoolExecutor.java:624) [?:1.8.0_362]
	at java.lang.Thread.run(Thread.java:750) [?:1.8.0_362]
2023-03-09 10:16:12,131 [OM StateMachine ApplyTransaction Thread - 0] ERROR key.OMKeyDeleteRequestWithFSO (OMKeyDeleteRequestWithFSO.java:validateAndUpdateCache(201)) - Key delete failed. Volume:volume1, Bucket:bucket1, Key:a/b2.
PERMISSION_DENIED org.apache.hadoop.ozone.om.exceptions.OMException: User user2 doesn't have DELETE permission to access key Volume:volume1 Bucket:bucket1 Key:a/b2
	at org.apache.hadoop.ozone.om.OmMetadataReader.checkAcls(OmMetadataReader.java:500)
	at org.apache.hadoop.ozone.om.request.OMClientRequest.checkACLsWithFSO(OMClientRequest.java:303)
	at org.apache.hadoop.ozone.om.request.key.OMKeyDeleteRequestWithFSO.validateAndUpdateCache(OMKeyDeleteRequestWithFSO.java:103)
	at org.apache.hadoop.ozone.protocolPB.OzoneManagerRequestHandler.handleWriteRequest(OzoneManagerRequestHandler.java:337)
	at org.apache.hadoop.ozone.om.ratis.OzoneManagerStateMachine.runCommand(OzoneManagerStateMachine.java:533)
	at org.apache.hadoop.ozone.om.ratis.OzoneManagerStateMachine.lambda$1(OzoneManagerStateMachine.java:324)
	at java.util.concurrent.CompletableFuture$AsyncSupply.run(CompletableFuture.java:1604)
	at java.util.concurrent.ThreadPoolExecutor.runWorker(ThreadPoolExecutor.java:1149)
	at java.util.concurrent.ThreadPoolExecutor$Worker.run(ThreadPoolExecutor.java:624)
	at java.lang.Thread.run(Thread.java:750)
2023-03-09 10:16:12,146 [OM StateMachine ApplyTransaction Thread - 0] WARN  om.OzoneManager (OmMetadataReader.java:checkAcls(497)) - User user2 doesn't have DELETE permission to access key Volume:volume1 Bucket:bucket1 Key:a/b2
10:16:12.147 [OM StateMachine ApplyTransaction Thread - 0] ERROR OMAudit - user=user2 | ip=127.0.0.1 | op=RENAME_KEY {volume=volume1, bucket=bucket1, dataSize=0, replicationType=NONE, replicationFactor=ZERO, srcKey=a/b2, dstKey=a/b2_renamed} | ret=FAILURE
org.apache.hadoop.ozone.om.exceptions.OMException: User user2 doesn't have DELETE permission to access key Volume:volume1 Bucket:bucket1 Key:a/b2
	at org.apache.hadoop.ozone.om.OmMetadataReader.checkAcls(OmMetadataReader.java:500) ~[ozone-manager-1.4.0-SNAPSHOT.jar:?]
	at org.apache.hadoop.ozone.om.request.OMClientRequest.checkACLsWithFSO(OMClientRequest.java:303) ~[ozone-manager-1.4.0-SNAPSHOT.jar:?]
	at org.apache.hadoop.ozone.om.request.key.OMKeyRenameRequestWithFSO.validateAndUpdateCache(OMKeyRenameRequestWithFSO.java:117) ~[ozone-manager-1.4.0-SNAPSHOT.jar:?]
	at org.apache.hadoop.ozone.protocolPB.OzoneManagerRequestHandler.handleWriteRequest(OzoneManagerRequestHandler.java:337) ~[ozone-manager-1.4.0-SNAPSHOT.jar:?]
	at org.apache.hadoop.ozone.om.ratis.OzoneManagerStateMachine.runCommand(OzoneManagerStateMachine.java:533) ~[ozone-manager-1.4.0-SNAPSHOT.jar:?]
	at org.apache.hadoop.ozone.om.ratis.OzoneManagerStateMachine.lambda$1(OzoneManagerStateMachine.java:324) ~[ozone-manager-1.4.0-SNAPSHOT.jar:?]
	at java.util.concurrent.CompletableFuture$AsyncSupply.run(CompletableFuture.java:1604) [?:1.8.0_362]
	at java.util.concurrent.ThreadPoolExecutor.runWorker(ThreadPoolExecutor.java:1149) [?:1.8.0_362]
	at java.util.concurrent.ThreadPoolExecutor$Worker.run(ThreadPoolExecutor.java:624) [?:1.8.0_362]
	at java.lang.Thread.run(Thread.java:750) [?:1.8.0_362]
2023-03-09 10:16:12,148 [OM StateMachine ApplyTransaction Thread - 0] ERROR key.OMKeyRenameRequestWithFSO (OMKeyRenameRequestWithFSO.java:validateAndUpdateCache(235)) - Rename key failed for volume:volume1 bucket:bucket1 fromKey:a/b2 toKey:a/b2_renamed. Key: a/b2 not found.
2023-03-09 10:16:12,178 [Listener at 127.0.0.1/46781] INFO  ozone.MiniOzoneClusterImpl (MiniOzoneClusterImpl.java:shutdown(450)) - Shutting down the Mini Ozone Cluster
2023-03-09 10:16:12,178 [Listener at 127.0.0.1/46781] INFO  ozone.MiniOzoneClusterImpl (MiniOzoneClusterImpl.java:stop(465)) - Stopping the Mini Ozone Cluster
2023-03-09 10:16:12,178 [Listener at 127.0.0.1/46781] INFO  ozone.MiniOzoneClusterImpl (MiniOzoneClusterImpl.java:stopOM(547)) - Stopping the OzoneManager
2023-03-09 10:16:12,178 [Listener at 127.0.0.1/46781] INFO  om.OzoneManager (OzoneManager.java:stop(2155)) - om1[localhost:0]: Stopping Ozone Manager
2023-03-09 10:16:12,178 [Listener at 127.0.0.1/46781] INFO  ipc.Server (Server.java:stop(3428)) - Stopping server on 46781
2023-03-09 10:16:12,188 [IPC Server listener on 0] INFO  ipc.Server (Server.java:run(1384)) - Stopping IPC Server listener on 0
2023-03-09 10:16:12,188 [IPC Server Responder] INFO  ipc.Server (Server.java:run(1517)) - Stopping IPC Server Responder
2023-03-09 10:16:12,197 [Listener at 127.0.0.1/46781] INFO  server.RaftServer (RaftServerProxy.java:lambda$close$6(409)) - om1: close
2023-03-09 10:16:12,197 [Listener at 127.0.0.1/46781] INFO  server.GrpcService (GrpcService.java:closeImpl(271)) - om1: shutdown server GrpcServerProtocolService now
2023-03-09 10:16:12,197 [om1-impl-thread1] INFO  server.RaftServer$Division (RaftServerImpl.java:lambda$close$4(458)) - om1@group-C5BA1605619E: shutdown
2023-03-09 10:16:12,198 [om1-impl-thread1] INFO  util.JmxRegister (JmxRegister.java:unregister(73)) - Successfully un-registered JMX Bean with object name Ratis:service=RaftServer,group=group-C5BA1605619E,id=om1
2023-03-09 10:16:12,198 [om1-impl-thread1] INFO  impl.RoleInfo (RoleInfo.java:shutdownLeaderState(93)) - om1: shutdown om1@group-C5BA1605619E-LeaderStateImpl
2023-03-09 10:16:12,198 [om1-impl-thread1] INFO  impl.PendingRequests (PendingRequests.java:sendNotLeaderResponses(282)) - om1@group-C5BA1605619E-PendingRequests: sendNotLeaderResponses
2023-03-09 10:16:12,211 [om1-impl-thread1] INFO  impl.StateMachineUpdater (StateMachineUpdater.java:stopAndJoin(153)) - om1@group-C5BA1605619E-StateMachineUpdater: set stopIndex = 68
2023-03-09 10:16:12,211 [om1@group-C5BA1605619E-StateMachineUpdater] INFO  ratis.OzoneManagerStateMachine (OzoneManagerStateMachine.java:takeSnapshot(445)) - Current Snapshot Index (t:1, i:68)
2023-03-09 10:16:12,212 [Listener at 127.0.0.1/46781] INFO  server.GrpcService (GrpcService.java:closeImpl(280)) - om1: shutdown server GrpcServerProtocolService successfully
2023-03-09 10:16:12,245 [om1@group-C5BA1605619E-StateMachineUpdater] INFO  impl.StateMachineUpdater (StateMachineUpdater.java:takeSnapshot(287)) - om1@group-C5BA1605619E-StateMachineUpdater: Took a snapshot at index 68
2023-03-09 10:16:12,247 [om1@group-C5BA1605619E-StateMachineUpdater] INFO  impl.StateMachineUpdater (StateMachineUpdater.java:lambda$new$0(92)) - om1@group-C5BA1605619E-StateMachineUpdater: snapshotIndex: updateIncreasingly -1 -> 68
2023-03-09 10:16:12,247 [om1@group-C5BA1605619E-StateMachineUpdater] INFO  ratis.OzoneManagerStateMachine (OzoneManagerStateMachine.java:close(499)) - StateMachine has shutdown. Shutdown OzoneManager if not already shutdown.
2023-03-09 10:16:12,247 [om1@group-C5BA1605619E-StateMachineUpdater] INFO  ratis.OzoneManagerDoubleBuffer (OzoneManagerDoubleBuffer.java:stopDaemon(540)) - Stopping OMDoubleBuffer flush thread
2023-03-09 10:16:12,247 [OMDoubleBufferFlushThread] INFO  ratis.OzoneManagerDoubleBuffer (OzoneManagerDoubleBuffer.java:canFlush(625)) - OMDoubleBuffer flush thread OMDoubleBufferFlushThread is interrupted and will exit.
2023-03-09 10:16:12,249 [om1-impl-thread1] INFO  server.RaftServer$Division (ServerState.java:close(466)) - om1@group-C5BA1605619E: closes. applyIndex: 68
2023-03-09 10:16:12,250 [om1@group-C5BA1605619E-SegmentedRaftLogWorker] INFO  segmented.SegmentedRaftLogWorker (SegmentedRaftLogWorker.java:run(347)) - om1@group-C5BA1605619E-SegmentedRaftLogWorker was interrupted, exiting. There are 0 tasks remaining in the queue.
2023-03-09 10:16:12,252 [om1-impl-thread1] INFO  segmented.SegmentedRaftLogWorker (SegmentedRaftLogWorker.java:close(257)) - om1@group-C5BA1605619E-SegmentedRaftLogWorker close()
2023-03-09 10:16:12,253 [JvmPauseMonitor0] INFO  util.JvmPauseMonitor (JvmPauseMonitor.java:run(111)) - JvmPauseMonitor-om1: Stopped
2023-03-09 10:16:12,253 [Listener at 127.0.0.1/46781] INFO  ratis.OzoneManagerStateMachine (OzoneManagerStateMachine.java:close(499)) - StateMachine has shutdown. Shutdown OzoneManager if not already shutdown.
2023-03-09 10:16:12,253 [Listener at 127.0.0.1/46781] INFO  ratis.OzoneManagerDoubleBuffer (OzoneManagerDoubleBuffer.java:stopDaemon(549)) - OMDoubleBuffer flush thread is not running.
2023-03-09 10:16:12,254 [Listener at 127.0.0.1/46781] INFO  utils.BackgroundService (BackgroundService.java:shutdown(141)) - Shutting down service KeyDeletingService
2023-03-09 10:16:12,254 [Listener at 127.0.0.1/46781] INFO  utils.BackgroundService (BackgroundService.java:shutdown(141)) - Shutting down service DirectoryDeletingService
2023-03-09 10:16:12,254 [Listener at 127.0.0.1/46781] INFO  utils.BackgroundService (BackgroundService.java:shutdown(141)) - Shutting down service OpenKeyCleanupService
2023-03-09 10:16:12,255 [Listener at 127.0.0.1/46781] INFO  utils.BackgroundService (BackgroundService.java:shutdown(141)) - Shutting down service SstFilteringService
2023-03-09 10:16:12,256 [Listener at 127.0.0.1/46781] INFO  handler.ContextHandler (ContextHandler.java:doStop(1159)) - Stopped o.e.j.w.WebAppContext@1de75d83{ozoneManager,/,null,STOPPED}{file:/home/runner/work/ozone/ozone/hadoop-ozone/integration-test/target/test-classes/webapps/ozoneManager}
2023-03-09 10:16:12,260 [Listener at 127.0.0.1/46781] INFO  server.AbstractConnector (AbstractConnector.java:doStop(383)) - Stopped ServerConnector@7ca5ec9d{HTTP/1.1, (http/1.1)}{0.0.0.0:0}
2023-03-09 10:16:12,260 [Listener at 127.0.0.1/46781] INFO  server.session (HouseKeeper.java:stopScavenging(149)) - node0 Stopped scavenging
2023-03-09 10:16:12,261 [Listener at 127.0.0.1/46781] INFO  handler.ContextHandler (ContextHandler.java:doStop(1159)) - Stopped o.e.j.s.ServletContextHandler@166f7d93{static,/static,file:///home/runner/work/ozone/ozone/hadoop-ozone/integration-test/target/test-classes/webapps/static,STOPPED}
2023-03-09 10:16:12,261 [Listener at 127.0.0.1/46781] INFO  handler.ContextHandler (ContextHandler.java:doStop(1159)) - Stopped o.e.j.s.ServletContextHandler@3503ee43{logs,/logs,file:///home/runner/work/ozone/ozone/hadoop-ozone/integration-test/target/log,STOPPED}
2023-03-09 10:16:12,268 [Listener at 127.0.0.1/46781] INFO  ozone.MiniOzoneClusterImpl (MiniOzoneClusterImpl.java:stopDatanodes(524)) - Stopping the HddsDatanodes
2023-03-09 10:16:12,276 [ForkJoinPool.commonPool-worker-1] INFO  ozoneimpl.OzoneContainer (OzoneContainer.java:stop(420)) - Attempting to stop container services.
2023-03-09 10:16:12,279 [ForkJoinPool.commonPool-worker-1] INFO  server.RaftServer (RaftServerProxy.java:lambda$close$6(409)) - 99e75673-c78c-458d-9c64-6ac5583a2163: close
2023-03-09 10:16:12,279 [99e75673-c78c-458d-9c64-6ac5583a2163-impl-thread1] INFO  server.RaftServer$Division (RaftServerImpl.java:lambda$close$4(458)) - 99e75673-c78c-458d-9c64-6ac5583a2163@group-950AFF1481F3: shutdown
2023-03-09 10:16:12,279 [99e75673-c78c-458d-9c64-6ac5583a2163-impl-thread1] INFO  util.JmxRegister (JmxRegister.java:unregister(73)) - Successfully un-registered JMX Bean with object name Ratis:service=RaftServer,group=group-950AFF1481F3,id=99e75673-c78c-458d-9c64-6ac5583a2163
2023-03-09 10:16:12,279 [99e75673-c78c-458d-9c64-6ac5583a2163-impl-thread2] INFO  server.RaftServer$Division (RaftServerImpl.java:lambda$close$4(458)) - 99e75673-c78c-458d-9c64-6ac5583a2163@group-2F3CD87618AF: shutdown
2023-03-09 10:16:12,279 [99e75673-c78c-458d-9c64-6ac5583a2163-impl-thread1] INFO  impl.RoleInfo (RoleInfo.java:shutdownFollowerState(110)) - 99e75673-c78c-458d-9c64-6ac5583a2163: shutdown 99e75673-c78c-458d-9c64-6ac5583a2163@group-950AFF1481F3-FollowerState
2023-03-09 10:16:12,279 [99e75673-c78c-458d-9c64-6ac5583a2163-impl-thread2] INFO  util.JmxRegister (JmxRegister.java:unregister(73)) - Successfully un-registered JMX Bean with object name Ratis:service=RaftServer,group=group-2F3CD87618AF,id=99e75673-c78c-458d-9c64-6ac5583a2163
2023-03-09 10:16:12,279 [99e75673-c78c-458d-9c64-6ac5583a2163-impl-thread2] INFO  impl.RoleInfo (RoleInfo.java:shutdownLeaderState(93)) - 99e75673-c78c-458d-9c64-6ac5583a2163: shutdown 99e75673-c78c-458d-9c64-6ac5583a2163@group-2F3CD87618AF-LeaderStateImpl
2023-03-09 10:16:12,280 [ForkJoinPool.commonPool-worker-1] INFO  server.GrpcService (GrpcService.java:closeImpl(271)) - 99e75673-c78c-458d-9c64-6ac5583a2163: shutdown server GrpcServerProtocolService now
2023-03-09 10:16:12,279 [99e75673-c78c-458d-9c64-6ac5583a2163-impl-thread2] INFO  impl.PendingRequests (PendingRequests.java:sendNotLeaderResponses(282)) - 99e75673-c78c-458d-9c64-6ac5583a2163@group-2F3CD87618AF-PendingRequests: sendNotLeaderResponses
2023-03-09 10:16:12,295 [Listener at 127.0.0.1/46781] INFO  ozoneimpl.OzoneContainer (OzoneContainer.java:stop(420)) - Attempting to stop container services.
2023-03-09 10:16:12,283 [99e75673-c78c-458d-9c64-6ac5583a2163-impl-thread3] INFO  server.RaftServer$Division (RaftServerImpl.java:lambda$close$4(458)) - 99e75673-c78c-458d-9c64-6ac5583a2163@group-666E4004EB94: shutdown
2023-03-09 10:16:12,297 [99e75673-c78c-458d-9c64-6ac5583a2163-impl-thread3] INFO  util.JmxRegister (JmxRegister.java:unregister(73)) - Successfully un-registered JMX Bean with object name Ratis:service=RaftServer,group=group-666E4004EB94,id=99e75673-c78c-458d-9c64-6ac5583a2163
2023-03-09 10:16:12,297 [99e75673-c78c-458d-9c64-6ac5583a2163-impl-thread3] INFO  impl.RoleInfo (RoleInfo.java:shutdownLeaderState(93)) - 99e75673-c78c-458d-9c64-6ac5583a2163: shutdown 99e75673-c78c-458d-9c64-6ac5583a2163@group-666E4004EB94-LeaderStateImpl
2023-03-09 10:16:12,292 [grpc-default-executor-5] WARN  server.GrpcServerProtocolService (LogUtils.java:warn(122)) - 99e75673-c78c-458d-9c64-6ac5583a2163: installSnapshot onError, lastRequest: 82e3bfc0-83d2-421b-b906-e2486ad37597->99e75673-c78c-458d-9c64-6ac5583a2163#58-t1,previous=(t:1, i:14),leaderCommit=13,initializing? true,entries: size=1, first=(t:1, i:15), METADATAENTRY(c:13): org.apache.ratis.thirdparty.io.grpc.StatusRuntimeException: CANCELLED: client cancelled
2023-03-09 10:16:12,291 [grpc-default-executor-3] WARN  server.GrpcClientProtocolService (LogUtils.java:warn(122)) - 0-OrderedRequestStreamObserver0: onError: org.apache.ratis.thirdparty.io.grpc.StatusRuntimeException: CANCELLED: client cancelled
2023-03-09 10:16:12,284 [ForkJoinPool.commonPool-worker-1] INFO  server.GrpcServerProtocolClient (GrpcServerProtocolClient.java:close(101)) - fc7ed98b-a7bb-4459-9411-3eb8109ffece Close channels
2023-03-09 10:16:12,283 [99e75673-c78c-458d-9c64-6ac5583a2163@group-950AFF1481F3-StateMachineUpdater] INFO  ratis.ContainerStateMachine (ContainerStateMachine.java:takeSnapshot(308)) - group-950AFF1481F3: Taking a snapshot at:(t:1, i:13) file /home/runner/work/ozone/ozone/hadoop-ozone/integration-test/target/test-dir/MiniOzoneClusterImpl-5f16ed77-7c5c-4847-9cc1-45aa7644631b/datanode-0/data/ratis/96b2fc5c-70a3-4a14-ad2d-950aff1481f3/sm/snapshot.1_13
2023-03-09 10:16:12,283 [99e75673-c78c-458d-9c64-6ac5583a2163@group-950AFF1481F3-FollowerState] INFO  impl.FollowerState (FollowerState.java:run(152)) - 99e75673-c78c-458d-9c64-6ac5583a2163@group-950AFF1481F3-FollowerState was interrupted
2023-03-09 10:16:12,283 [99e75673-c78c-458d-9c64-6ac5583a2163-impl-thread1] INFO  impl.StateMachineUpdater (StateMachineUpdater.java:stopAndJoin(153)) - 99e75673-c78c-458d-9c64-6ac5583a2163@group-950AFF1481F3-StateMachineUpdater: set stopIndex = 13
2023-03-09 10:16:12,298 [99e75673-c78c-458d-9c64-6ac5583a2163@group-666E4004EB94->82e3bfc0-83d2-421b-b906-e2486ad37597-GrpcLogAppender-LogAppenderDaemon] WARN  server.GrpcLogAppender (GrpcLogAppender.java:mayWait(200)) - 99e75673-c78c-458d-9c64-6ac5583a2163@group-666E4004EB94->82e3bfc0-83d2-421b-b906-e2486ad37597-GrpcLogAppender: Wait interrupted by java.lang.InterruptedException
2023-03-09 10:16:12,298 [99e75673-c78c-458d-9c64-6ac5583a2163@group-666E4004EB94->fc7ed98b-a7bb-4459-9411-3eb8109ffece-GrpcLogAppender-LogAppenderDaemon] WARN  server.GrpcLogAppender (GrpcLogAppender.java:mayWait(200)) - 99e75673-c78c-458d-9c64-6ac5583a2163@group-666E4004EB94->fc7ed98b-a7bb-4459-9411-3eb8109ffece-GrpcLogAppender: Wait interrupted by java.lang.InterruptedException
2023-03-09 10:16:12,303 [grpc-default-executor-5] INFO  server.GrpcServerProtocolService (GrpcServerProtocolService.java:onCompleted(143)) - 82e3bfc0-83d2-421b-b906-e2486ad37597: Completed APPEND_ENTRIES, lastRequest: 99e75673-c78c-458d-9c64-6ac5583a2163->82e3bfc0-83d2-421b-b906-e2486ad37597#69-t1,previous=(t:1, i:15),leaderCommit=15,initializing? true,entries: size=1, first=(t:1, i:16), METADATAENTRY(c:15)
2023-03-09 10:16:12,303 [grpc-default-executor-0] INFO  server.GrpcServerProtocolService (GrpcServerProtocolService.java:onCompleted(143)) - 82e3bfc0-83d2-421b-b906-e2486ad37597: Completed APPEND_ENTRIES, lastRequest: null
2023-03-09 10:16:12,304 [Listener at 127.0.0.1/46781] INFO  server.RaftServer (RaftServerProxy.java:lambda$close$6(409)) - fc7ed98b-a7bb-4459-9411-3eb8109ffece: close
2023-03-09 10:16:12,304 [fc7ed98b-a7bb-4459-9411-3eb8109ffece-impl-thread1] INFO  server.RaftServer$Division (RaftServerImpl.java:lambda$close$4(458)) - fc7ed98b-a7bb-4459-9411-3eb8109ffece@group-358AAC8C42FA: shutdown
2023-03-09 10:16:12,304 [fc7ed98b-a7bb-4459-9411-3eb8109ffece-impl-thread1] INFO  util.JmxRegister (JmxRegister.java:unregister(73)) - Successfully un-registered JMX Bean with object name Ratis:service=RaftServer,group=group-358AAC8C42FA,id=fc7ed98b-a7bb-4459-9411-3eb8109ffece
2023-03-09 10:16:12,304 [fc7ed98b-a7bb-4459-9411-3eb8109ffece-impl-thread1] INFO  impl.RoleInfo (RoleInfo.java:shutdownLeaderState(93)) - fc7ed98b-a7bb-4459-9411-3eb8109ffece: shutdown fc7ed98b-a7bb-4459-9411-3eb8109ffece@group-358AAC8C42FA-LeaderStateImpl
2023-03-09 10:16:12,304 [fc7ed98b-a7bb-4459-9411-3eb8109ffece-impl-thread1] INFO  impl.PendingRequests (PendingRequests.java:sendNotLeaderResponses(282)) - fc7ed98b-a7bb-4459-9411-3eb8109ffece@group-358AAC8C42FA-PendingRequests: sendNotLeaderResponses
2023-03-09 10:16:12,304 [fc7ed98b-a7bb-4459-9411-3eb8109ffece-impl-thread1] INFO  impl.StateMachineUpdater (StateMachineUpdater.java:stopAndJoin(153)) - fc7ed98b-a7bb-4459-9411-3eb8109ffece@group-358AAC8C42FA-StateMachineUpdater: set stopIndex = 0
2023-03-09 10:16:12,304 [fc7ed98b-a7bb-4459-9411-3eb8109ffece@group-358AAC8C42FA-StateMachineUpdater] INFO  ratis.ContainerStateMachine (ContainerStateMachine.java:takeSnapshot(308)) - group-358AAC8C42FA: Taking a snapshot at:(t:1, i:0) file /home/runner/work/ozone/ozone/hadoop-ozone/integration-test/target/test-dir/MiniOzoneClusterImpl-5f16ed77-7c5c-4847-9cc1-45aa7644631b/datanode-1/data/ratis/5debb03a-942a-497b-897e-358aac8c42fa/sm/snapshot.1_0
2023-03-09 10:16:12,305 [fc7ed98b-a7bb-4459-9411-3eb8109ffece-impl-thread2] INFO  server.RaftServer$Division (RaftServerImpl.java:lambda$close$4(458)) - fc7ed98b-a7bb-4459-9411-3eb8109ffece@group-950AFF1481F3: shutdown
2023-03-09 10:16:12,305 [fc7ed98b-a7bb-4459-9411-3eb8109ffece-impl-thread2] INFO  util.JmxRegister (JmxRegister.java:unregister(73)) - Successfully un-registered JMX Bean with object name Ratis:service=RaftServer,group=group-950AFF1481F3,id=fc7ed98b-a7bb-4459-9411-3eb8109ffece
2023-03-09 10:16:12,305 [fc7ed98b-a7bb-4459-9411-3eb8109ffece-impl-thread2] INFO  impl.RoleInfo (RoleInfo.java:shutdownFollowerState(110)) - fc7ed98b-a7bb-4459-9411-3eb8109ffece: shutdown fc7ed98b-a7bb-4459-9411-3eb8109ffece@group-950AFF1481F3-FollowerState
2023-03-09 10:16:12,305 [Listener at 127.0.0.1/46781] INFO  server.GrpcService (GrpcService.java:closeImpl(271)) - fc7ed98b-a7bb-4459-9411-3eb8109ffece: shutdown server GrpcServerProtocolService now
2023-03-09 10:16:12,306 [fc7ed98b-a7bb-4459-9411-3eb8109ffece-impl-thread2] INFO  impl.StateMachineUpdater (StateMachineUpdater.java:stopAndJoin(153)) - fc7ed98b-a7bb-4459-9411-3eb8109ffece@group-950AFF1481F3-StateMachineUpdater: set stopIndex = 13
2023-03-09 10:16:12,306 [grpc-default-executor-2] INFO  server.GrpcServerProtocolService (GrpcServerProtocolService.java:onCompleted(143)) - fc7ed98b-a7bb-4459-9411-3eb8109ffece: Completed APPEND_ENTRIES, lastRequest: 99e75673-c78c-458d-9c64-6ac5583a2163->fc7ed98b-a7bb-4459-9411-3eb8109ffece#68-t1,previous=(t:1, i:15),leaderCommit=15,initializing? true,entries: size=1, first=(t:1, i:16), METADATAENTRY(c:15)
2023-03-09 10:16:12,306 [grpc-default-executor-9] INFO  server.GrpcLogAppender (GrpcLogAppender.java:onCompleted(415)) - 99e75673-c78c-458d-9c64-6ac5583a2163@group-666E4004EB94->82e3bfc0-83d2-421b-b906-e2486ad37597-AppendLogResponseHandler: follower responses appendEntries COMPLETED
2023-03-09 10:16:12,306 [fc7ed98b-a7bb-4459-9411-3eb8109ffece@group-950AFF1481F3-FollowerState] INFO  impl.FollowerState (FollowerState.java:run(152)) - fc7ed98b-a7bb-4459-9411-3eb8109ffece@group-950AFF1481F3-FollowerState was interrupted
2023-03-09 10:16:12,306 [fc7ed98b-a7bb-4459-9411-3eb8109ffece@group-950AFF1481F3-StateMachineUpdater] INFO  ratis.ContainerStateMachine (ContainerStateMachine.java:takeSnapshot(308)) - group-950AFF1481F3: Taking a snapshot at:(t:1, i:13) file /home/runner/work/ozone/ozone/hadoop-ozone/integration-test/target/test-dir/MiniOzoneClusterImpl-5f16ed77-7c5c-4847-9cc1-45aa7644631b/datanode-1/data/ratis/96b2fc5c-70a3-4a14-ad2d-950aff1481f3/sm/snapshot.1_13
2023-03-09 10:16:12,307 [grpc-default-executor-7] INFO  server.GrpcLogAppender (GrpcLogAppender.java:onCompleted(415)) - 99e75673-c78c-458d-9c64-6ac5583a2163@group-666E4004EB94->82e3bfc0-83d2-421b-b906-e2486ad37597-AppendLogResponseHandler: follower responses appendEntries COMPLETED
2023-03-09 10:16:12,308 [grpc-default-executor-7] INFO  leader.FollowerInfo (FollowerInfoImpl.java:lambda$new$0(48)) - 99e75673-c78c-458d-9c64-6ac5583a2163@group-666E4004EB94->82e3bfc0-83d2-421b-b906-e2486ad37597: nextIndex: updateUnconditionally 17 -> 16
2023-03-09 10:16:12,310 [grpc-default-executor-10] WARN  server.GrpcServerProtocolService (LogUtils.java:warn(122)) - fc7ed98b-a7bb-4459-9411-3eb8109ffece: installSnapshot onError, lastRequest: null: org.apache.ratis.thirdparty.io.grpc.StatusRuntimeException: CANCELLED: client cancelled
2023-03-09 10:16:12,299 [99e75673-c78c-458d-9c64-6ac5583a2163-impl-thread2] INFO  impl.StateMachineUpdater (StateMachineUpdater.java:stopAndJoin(153)) - 99e75673-c78c-458d-9c64-6ac5583a2163@group-2F3CD87618AF-StateMachineUpdater: set stopIndex = 0
2023-03-09 10:16:12,299 [99e75673-c78c-458d-9c64-6ac5583a2163@group-2F3CD87618AF-StateMachineUpdater] INFO  ratis.ContainerStateMachine (ContainerStateMachine.java:takeSnapshot(308)) - group-2F3CD87618AF: Taking a snapshot at:(t:1, i:0) file /home/runner/work/ozone/ozone/hadoop-ozone/integration-test/target/test-dir/MiniOzoneClusterImpl-5f16ed77-7c5c-4847-9cc1-45aa7644631b/datanode-0/data/ratis/3fab2826-debe-442b-9a86-2f3cd87618af/sm/snapshot.1_0
2023-03-09 10:16:12,298 [99e75673-c78c-458d-9c64-6ac5583a2163-impl-thread3] INFO  impl.PendingRequests (PendingRequests.java:sendNotLeaderResponses(282)) - 99e75673-c78c-458d-9c64-6ac5583a2163@group-666E4004EB94-PendingRequests: sendNotLeaderResponses
2023-03-09 10:16:12,294 [grpc-default-executor-8] WARN  server.GrpcServerProtocolService (LogUtils.java:warn(122)) - 99e75673-c78c-458d-9c64-6ac5583a2163: installSnapshot onError, lastRequest: null: org.apache.ratis.thirdparty.io.grpc.StatusRuntimeException: CANCELLED: client cancelled
2023-03-09 10:16:12,297 [grpc-default-executor-6] WARN  server.GrpcLogAppender (LogUtils.java:warn(122)) - 82e3bfc0-83d2-421b-b906-e2486ad37597@group-950AFF1481F3->99e75673-c78c-458d-9c64-6ac5583a2163-AppendLogResponseHandler: Failed appendEntries: org.apache.ratis.thirdparty.io.grpc.StatusRuntimeException: CANCELLED: RST_STREAM closed stream. HTTP/2 error code: CANCEL
2023-03-09 10:16:12,306 [fc7ed98b-a7bb-4459-9411-3eb8109ffece-impl-thread3] INFO  server.RaftServer$Division (RaftServerImpl.java:lambda$close$4(458)) - fc7ed98b-a7bb-4459-9411-3eb8109ffece@group-666E4004EB94: shutdown
2023-03-09 10:16:12,315 [fc7ed98b-a7bb-4459-9411-3eb8109ffece-impl-thread3] INFO  util.JmxRegister (JmxRegister.java:unregister(73)) - Successfully un-registered JMX Bean with object name Ratis:service=RaftServer,group=group-666E4004EB94,id=fc7ed98b-a7bb-4459-9411-3eb8109ffece
2023-03-09 10:16:12,305 [grpc-default-executor-1] INFO  server.GrpcServerProtocolService (GrpcServerProtocolService.java:onCompleted(143)) - fc7ed98b-a7bb-4459-9411-3eb8109ffece: Completed APPEND_ENTRIES, lastRequest: null
2023-03-09 10:16:12,315 [fc7ed98b-a7bb-4459-9411-3eb8109ffece-impl-thread3] INFO  impl.RoleInfo (RoleInfo.java:shutdownFollowerState(110)) - fc7ed98b-a7bb-4459-9411-3eb8109ffece: shutdown fc7ed98b-a7bb-4459-9411-3eb8109ffece@group-666E4004EB94-FollowerState
2023-03-09 10:16:12,315 [grpc-default-executor-11] WARN  server.GrpcLogAppender (LogUtils.java:warn(122)) - 82e3bfc0-83d2-421b-b906-e2486ad37597@group-950AFF1481F3->fc7ed98b-a7bb-4459-9411-3eb8109ffece-AppendLogResponseHandler: Failed appendEntries: org.apache.ratis.thirdparty.io.grpc.StatusRuntimeException: CANCELLED: RST_STREAM closed stream. HTTP/2 error code: CANCEL
2023-03-09 10:16:12,316 [grpc-default-executor-12] INFO  server.GrpcLogAppender (GrpcLogAppender.java:onCompleted(415)) - 99e75673-c78c-458d-9c64-6ac5583a2163@group-666E4004EB94->fc7ed98b-a7bb-4459-9411-3eb8109ffece-AppendLogResponseHandler: follower responses appendEntries COMPLETED
2023-03-09 10:16:12,316 [grpc-default-executor-12] WARN  server.GrpcLogAppender (GrpcLogAppender.java:resetClient(137)) - 99e75673-c78c-458d-9c64-6ac5583a2163@group-666E4004EB94->fc7ed98b-a7bb-4459-9411-3eb8109ffece-GrpcLogAppender: Failed to getClient for fc7ed98b-a7bb-4459-9411-3eb8109ffece
org.apache.ratis.protocol.exceptions.AlreadyClosedException: 99e75673-c78c-458d-9c64-6ac5583a2163 is already CLOSED
	at org.apache.ratis.util.PeerProxyMap$PeerAndProxy.getProxy(PeerProxyMap.java:61)
	at org.apache.ratis.util.PeerProxyMap.getProxy(PeerProxyMap.java:115)
	at org.apache.ratis.grpc.server.GrpcLogAppender.getClient(GrpcLogAppender.java:116)
	at org.apache.ratis.grpc.server.GrpcLogAppender.resetClient(GrpcLogAppender.java:121)
	at org.apache.ratis.grpc.server.GrpcLogAppender.access$500(GrpcLogAppender.java:58)
	at org.apache.ratis.grpc.server.GrpcLogAppender$AppendLogResponseHandler.onCompleted(GrpcLogAppender.java:416)
	at org.apache.ratis.thirdparty.io.grpc.stub.ClientCalls$StreamObserverToCallListenerAdapter.onClose(ClientCalls.java:485)
	at org.apache.ratis.thirdparty.io.grpc.internal.ClientCallImpl.closeObserver(ClientCallImpl.java:562)
	at org.apache.ratis.thirdparty.io.grpc.internal.ClientCallImpl.access$300(ClientCallImpl.java:70)
	at org.apache.ratis.thirdparty.io.grpc.internal.ClientCallImpl$ClientStreamListenerImpl$1StreamClosed.runInternal(ClientCallImpl.java:743)
	at org.apache.ratis.thirdparty.io.grpc.internal.ClientCallImpl$ClientStreamListenerImpl$1StreamClosed.runInContext(ClientCallImpl.java:722)
	at org.apache.ratis.thirdparty.io.grpc.internal.ContextRunnable.run(ContextRunnable.java:37)
	at org.apache.ratis.thirdparty.io.grpc.internal.SerializingExecutor.run(SerializingExecutor.java:133)
	at java.util.concurrent.ThreadPoolExecutor.runWorker(ThreadPoolExecutor.java:1149)
	at java.util.concurrent.ThreadPoolExecutor$Worker.run(ThreadPoolExecutor.java:624)
	at java.lang.Thread.run(Thread.java:750)
2023-03-09 10:16:12,318 [Listener at 127.0.0.1/46781] INFO  server.GrpcServerProtocolClient (GrpcServerProtocolClient.java:close(101)) - 99e75673-c78c-458d-9c64-6ac5583a2163 Close channels
2023-03-09 10:16:12,309 [grpc-default-executor-9] INFO  leader.FollowerInfo (FollowerInfoImpl.java:lambda$new$0(48)) - 99e75673-c78c-458d-9c64-6ac5583a2163@group-666E4004EB94->82e3bfc0-83d2-421b-b906-e2486ad37597: nextIndex: updateUnconditionally 16 -> 15
2023-03-09 10:16:12,320 [grpc-default-executor-2] WARN  server.GrpcServerProtocolService (LogUtils.java:warn(122)) - fc7ed98b-a7bb-4459-9411-3eb8109ffece: installSnapshot onError, lastRequest: 82e3bfc0-83d2-421b-b906-e2486ad37597->fc7ed98b-a7bb-4459-9411-3eb8109ffece#56-t1,previous=(t:1, i:14),leaderCommit=13,initializing? true,entries: size=1, first=(t:1, i:15), METADATAENTRY(c:13): org.apache.ratis.thirdparty.io.grpc.StatusRuntimeException: CANCELLED: client cancelled
2023-03-09 10:16:12,318 [grpc-default-executor-4] WARN  server.GrpcLogAppender (LogUtils.java:warn(122)) - 82e3bfc0-83d2-421b-b906-e2486ad37597@group-950AFF1481F3->99e75673-c78c-458d-9c64-6ac5583a2163-AppendLogResponseHandler: Failed appendEntries: org.apache.ratis.thirdparty.io.grpc.StatusRuntimeException: CANCELLED: RST_STREAM closed stream. HTTP/2 error code: CANCEL
2023-03-09 10:16:12,319 [fc7ed98b-a7bb-4459-9411-3eb8109ffece@group-666E4004EB94-StateMachineUpdater] INFO  ratis.ContainerStateMachine (ContainerStateMachine.java:takeSnapshot(308)) - group-666E4004EB94: Taking a snapshot at:(t:1, i:15) file /home/runner/work/ozone/ozone/hadoop-ozone/integration-test/target/test-dir/MiniOzoneClusterImpl-5f16ed77-7c5c-4847-9cc1-45aa7644631b/datanode-1/data/ratis/aa839c55-8768-4e5b-a947-666e4004eb94/sm/snapshot.1_15
2023-03-09 10:16:12,319 [fc7ed98b-a7bb-4459-9411-3eb8109ffece@group-666E4004EB94-FollowerState] INFO  impl.FollowerState (FollowerState.java:run(152)) - fc7ed98b-a7bb-4459-9411-3eb8109ffece@group-666E4004EB94-FollowerState was interrupted
2023-03-09 10:16:12,319 [fc7ed98b-a7bb-4459-9411-3eb8109ffece-impl-thread3] INFO  impl.StateMachineUpdater (StateMachineUpdater.java:stopAndJoin(153)) - fc7ed98b-a7bb-4459-9411-3eb8109ffece@group-666E4004EB94-StateMachineUpdater: set stopIndex = 15
2023-03-09 10:16:12,322 [grpc-default-executor-9] INFO  server.GrpcLogAppender (GrpcLogAppender.java:onError(404)) - 99e75673-c78c-458d-9c64-6ac5583a2163@group-666E4004EB94->fc7ed98b-a7bb-4459-9411-3eb8109ffece-GrpcLogAppender is already stopped
2023-03-09 10:16:12,322 [grpc-default-executor-9] WARN  server.GrpcLogAppender (LogUtils.java:warn(122)) - 82e3bfc0-83d2-421b-b906-e2486ad37597@group-950AFF1481F3->fc7ed98b-a7bb-4459-9411-3eb8109ffece-AppendLogResponseHandler: Failed appendEntries: org.apache.ratis.thirdparty.io.grpc.StatusRuntimeException: CANCELLED: RST_STREAM closed stream. HTTP/2 error code: CANCEL
2023-03-09 10:16:12,315 [grpc-default-executor-6] INFO  leader.FollowerInfo (FollowerInfoImpl.java:lambda$new$0(48)) - 82e3bfc0-83d2-421b-b906-e2486ad37597@group-950AFF1481F3->99e75673-c78c-458d-9c64-6ac5583a2163: nextIndex: updateUnconditionally 16 -> 15
2023-03-09 10:16:12,324 [grpc-default-executor-4] INFO  leader.FollowerInfo (FollowerInfoImpl.java:lambda$new$0(48)) - 82e3bfc0-83d2-421b-b906-e2486ad37597@group-950AFF1481F3->99e75673-c78c-458d-9c64-6ac5583a2163: nextIndex: updateUnconditionally 16 -> 15
2023-03-09 10:16:12,315 [grpc-default-executor-11] INFO  leader.FollowerInfo (FollowerInfoImpl.java:lambda$new$0(48)) - 82e3bfc0-83d2-421b-b906-e2486ad37597@group-950AFF1481F3->fc7ed98b-a7bb-4459-9411-3eb8109ffece: nextIndex: updateUnconditionally 16 -> 15
2023-03-09 10:16:12,326 [grpc-default-executor-9] INFO  leader.FollowerInfo (FollowerInfoImpl.java:lambda$new$0(48)) - 82e3bfc0-83d2-421b-b906-e2486ad37597@group-950AFF1481F3->fc7ed98b-a7bb-4459-9411-3eb8109ffece: nextIndex: updateUnconditionally 16 -> 15
2023-03-09 10:16:12,331 [99e75673-c78c-458d-9c64-6ac5583a2163-impl-thread3] INFO  impl.StateMachineUpdater (StateMachineUpdater.java:stopAndJoin(153)) - 99e75673-c78c-458d-9c64-6ac5583a2163@group-666E4004EB94-StateMachineUpdater: set stopIndex = 16
2023-03-09 10:16:12,332 [99e75673-c78c-458d-9c64-6ac5583a2163@group-666E4004EB94-StateMachineUpdater] INFO  ratis.ContainerStateMachine (ContainerStateMachine.java:takeSnapshot(308)) - group-666E4004EB94: Taking a snapshot at:(t:1, i:16) file /home/runner/work/ozone/ozone/hadoop-ozone/integration-test/target/test-dir/MiniOzoneClusterImpl-5f16ed77-7c5c-4847-9cc1-45aa7644631b/datanode-0/data/ratis/aa839c55-8768-4e5b-a947-666e4004eb94/sm/snapshot.1_16
2023-03-09 10:16:12,334 [ForkJoinPool.commonPool-worker-1] INFO  server.GrpcServerProtocolClient (GrpcServerProtocolClient.java:close(101)) - 82e3bfc0-83d2-421b-b906-e2486ad37597 Close channels
2023-03-09 10:16:12,335 [Listener at 127.0.0.1/46781] INFO  server.GrpcServerProtocolClient (GrpcServerProtocolClient.java:close(101)) - 82e3bfc0-83d2-421b-b906-e2486ad37597 Close channels
2023-03-09 10:16:12,340 [grpc-default-executor-12] WARN  server.GrpcLogAppender (LogUtils.java:warn(122)) - 82e3bfc0-83d2-421b-b906-e2486ad37597@group-950AFF1481F3->99e75673-c78c-458d-9c64-6ac5583a2163-AppendLogResponseHandler: Failed appendEntries: org.apache.ratis.thirdparty.io.grpc.StatusRuntimeException: UNAVAILABLE: io exception
2023-03-09 10:16:12,340 [grpc-default-executor-12] INFO  leader.FollowerInfo (FollowerInfoImpl.java:lambda$new$0(48)) - 82e3bfc0-83d2-421b-b906-e2486ad37597@group-950AFF1481F3->99e75673-c78c-458d-9c64-6ac5583a2163: nextIndex: updateUnconditionally 15 -> 14
2023-03-09 10:16:12,341 [grpc-default-executor-7] WARN  server.GrpcLogAppender (LogUtils.java:warn(122)) - 82e3bfc0-83d2-421b-b906-e2486ad37597@group-950AFF1481F3->99e75673-c78c-458d-9c64-6ac5583a2163-AppendLogResponseHandler: Failed appendEntries: org.apache.ratis.thirdparty.io.grpc.StatusRuntimeException: UNAVAILABLE: io exception
2023-03-09 10:16:12,341 [grpc-default-executor-7] INFO  leader.FollowerInfo (FollowerInfoImpl.java:lambda$new$0(48)) - 82e3bfc0-83d2-421b-b906-e2486ad37597@group-950AFF1481F3->99e75673-c78c-458d-9c64-6ac5583a2163: nextIndex: updateUnconditionally 14 -> 13
2023-03-09 10:16:12,346 [ForkJoinPool.commonPool-worker-1] INFO  server.GrpcService (GrpcService.java:closeImpl(280)) - 99e75673-c78c-458d-9c64-6ac5583a2163: shutdown server GrpcServerProtocolService successfully
2023-03-09 10:16:12,346 [grpc-default-executor-7] WARN  server.GrpcLogAppender (LogUtils.java:warn(122)) - 82e3bfc0-83d2-421b-b906-e2486ad37597@group-950AFF1481F3->fc7ed98b-a7bb-4459-9411-3eb8109ffece-AppendLogResponseHandler: Failed appendEntries: org.apache.ratis.thirdparty.io.grpc.StatusRuntimeException: UNAVAILABLE: io exception
2023-03-09 10:16:12,347 [Listener at 127.0.0.1/46781] INFO  server.GrpcService (GrpcService.java:closeImpl(280)) - fc7ed98b-a7bb-4459-9411-3eb8109ffece: shutdown server GrpcServerProtocolService successfully
2023-03-09 10:16:12,348 [fc7ed98b-a7bb-4459-9411-3eb8109ffece-NettyServerStreamRpc-bossGroup--thread1] INFO  logging.LoggingHandler (AbstractInternalLogger.java:log(148)) - [id: 0x8599024a, L:/0:0:0:0:0:0:0:0:35417] CLOSE
2023-03-09 10:16:12,348 [fc7ed98b-a7bb-4459-9411-3eb8109ffece-NettyServerStreamRpc-bossGroup--thread1] INFO  logging.LoggingHandler (AbstractInternalLogger.java:log(148)) - [id: 0x8599024a, L:/0:0:0:0:0:0:0:0:35417] INACTIVE
2023-03-09 10:16:12,348 [fc7ed98b-a7bb-4459-9411-3eb8109ffece-NettyServerStreamRpc-bossGroup--thread1] INFO  logging.LoggingHandler (AbstractInternalLogger.java:log(148)) - [id: 0x8599024a, L:/0:0:0:0:0:0:0:0:35417] UNREGISTERED
2023-03-09 10:16:12,348 [99e75673-c78c-458d-9c64-6ac5583a2163-NettyServerStreamRpc-bossGroup--thread1] INFO  logging.LoggingHandler (AbstractInternalLogger.java:log(148)) - [id: 0xbe06f356, L:/0:0:0:0:0:0:0:0:33341] CLOSE
2023-03-09 10:16:12,348 [99e75673-c78c-458d-9c64-6ac5583a2163-NettyServerStreamRpc-bossGroup--thread1] INFO  logging.LoggingHandler (AbstractInternalLogger.java:log(148)) - [id: 0xbe06f356, L:/0:0:0:0:0:0:0:0:33341] INACTIVE
2023-03-09 10:16:12,348 [99e75673-c78c-458d-9c64-6ac5583a2163-NettyServerStreamRpc-bossGroup--thread1] INFO  logging.LoggingHandler (AbstractInternalLogger.java:log(148)) - [id: 0xbe06f356, L:/0:0:0:0:0:0:0:0:33341] UNREGISTERED
2023-03-09 10:16:12,349 [grpc-default-executor-7] INFO  leader.FollowerInfo (FollowerInfoImpl.java:lambda$new$0(48)) - 82e3bfc0-83d2-421b-b906-e2486ad37597@group-950AFF1481F3->fc7ed98b-a7bb-4459-9411-3eb8109ffece: nextIndex: updateUnconditionally 15 -> 14
2023-03-09 10:16:12,370 [grpc-default-executor-12] WARN  server.GrpcLogAppender (LogUtils.java:warn(122)) - 82e3bfc0-83d2-421b-b906-e2486ad37597@group-950AFF1481F3->fc7ed98b-a7bb-4459-9411-3eb8109ffece-AppendLogResponseHandler: Failed appendEntries: org.apache.ratis.thirdparty.io.grpc.StatusRuntimeException: UNAVAILABLE: io exception
2023-03-09 10:16:12,371 [grpc-default-executor-12] INFO  leader.FollowerInfo (FollowerInfoImpl.java:lambda$new$0(48)) - 82e3bfc0-83d2-421b-b906-e2486ad37597@group-950AFF1481F3->fc7ed98b-a7bb-4459-9411-3eb8109ffece: nextIndex: updateUnconditionally 14 -> 13
2023-03-09 10:16:12,377 [99e75673-c78c-458d-9c64-6ac5583a2163@group-2F3CD87618AF-StateMachineUpdater] INFO  ratis.ContainerStateMachine (ContainerStateMachine.java:takeSnapshot(319)) - group-2F3CD87618AF: Finished taking a snapshot at:(t:1, i:0) file:/home/runner/work/ozone/ozone/hadoop-ozone/integration-test/target/test-dir/MiniOzoneClusterImpl-5f16ed77-7c5c-4847-9cc1-45aa7644631b/datanode-0/data/ratis/3fab2826-debe-442b-9a86-2f3cd87618af/sm/snapshot.1_0 took: 78 ms
2023-03-09 10:16:12,377 [fc7ed98b-a7bb-4459-9411-3eb8109ffece@group-358AAC8C42FA-StateMachineUpdater] INFO  ratis.ContainerStateMachine (ContainerStateMachine.java:takeSnapshot(319)) - group-358AAC8C42FA: Finished taking a snapshot at:(t:1, i:0) file:/home/runner/work/ozone/ozone/hadoop-ozone/integration-test/target/test-dir/MiniOzoneClusterImpl-5f16ed77-7c5c-4847-9cc1-45aa7644631b/datanode-1/data/ratis/5debb03a-942a-497b-897e-358aac8c42fa/sm/snapshot.1_0 took: 73 ms
2023-03-09 10:16:12,379 [fc7ed98b-a7bb-4459-9411-3eb8109ffece@group-666E4004EB94-StateMachineUpdater] INFO  ratis.ContainerStateMachine (ContainerStateMachine.java:takeSnapshot(319)) - group-666E4004EB94: Finished taking a snapshot at:(t:1, i:15) file:/home/runner/work/ozone/ozone/hadoop-ozone/integration-test/target/test-dir/MiniOzoneClusterImpl-5f16ed77-7c5c-4847-9cc1-45aa7644631b/datanode-1/data/ratis/aa839c55-8768-4e5b-a947-666e4004eb94/sm/snapshot.1_15 took: 59 ms
2023-03-09 10:16:12,379 [99e75673-c78c-458d-9c64-6ac5583a2163@group-666E4004EB94-StateMachineUpdater] INFO  ratis.ContainerStateMachine (ContainerStateMachine.java:takeSnapshot(319)) - group-666E4004EB94: Finished taking a snapshot at:(t:1, i:16) file:/home/runner/work/ozone/ozone/hadoop-ozone/integration-test/target/test-dir/MiniOzoneClusterImpl-5f16ed77-7c5c-4847-9cc1-45aa7644631b/datanode-0/data/ratis/aa839c55-8768-4e5b-a947-666e4004eb94/sm/snapshot.1_16 took: 48 ms
2023-03-09 10:16:12,380 [99e75673-c78c-458d-9c64-6ac5583a2163@group-950AFF1481F3-StateMachineUpdater] INFO  ratis.ContainerStateMachine (ContainerStateMachine.java:takeSnapshot(319)) - group-950AFF1481F3: Finished taking a snapshot at:(t:1, i:13) file:/home/runner/work/ozone/ozone/hadoop-ozone/integration-test/target/test-dir/MiniOzoneClusterImpl-5f16ed77-7c5c-4847-9cc1-45aa7644631b/datanode-0/data/ratis/96b2fc5c-70a3-4a14-ad2d-950aff1481f3/sm/snapshot.1_13 took: 97 ms
2023-03-09 10:16:12,380 [fc7ed98b-a7bb-4459-9411-3eb8109ffece@group-950AFF1481F3-StateMachineUpdater] INFO  ratis.ContainerStateMachine (ContainerStateMachine.java:takeSnapshot(319)) - group-950AFF1481F3: Finished taking a snapshot at:(t:1, i:13) file:/home/runner/work/ozone/ozone/hadoop-ozone/integration-test/target/test-dir/MiniOzoneClusterImpl-5f16ed77-7c5c-4847-9cc1-45aa7644631b/datanode-1/data/ratis/96b2fc5c-70a3-4a14-ad2d-950aff1481f3/sm/snapshot.1_13 took: 74 ms
2023-03-09 10:16:12,381 [fc7ed98b-a7bb-4459-9411-3eb8109ffece@group-950AFF1481F3-StateMachineUpdater] INFO  impl.StateMachineUpdater (StateMachineUpdater.java:takeSnapshot(287)) - fc7ed98b-a7bb-4459-9411-3eb8109ffece@group-950AFF1481F3-StateMachineUpdater: Took a snapshot at index 13
2023-03-09 10:16:12,381 [fc7ed98b-a7bb-4459-9411-3eb8109ffece@group-950AFF1481F3-StateMachineUpdater] INFO  impl.StateMachineUpdater (StateMachineUpdater.java:lambda$new$0(92)) - fc7ed98b-a7bb-4459-9411-3eb8109ffece@group-950AFF1481F3-StateMachineUpdater: snapshotIndex: updateIncreasingly -1 -> 13
2023-03-09 10:16:12,381 [99e75673-c78c-458d-9c64-6ac5583a2163@group-666E4004EB94-StateMachineUpdater] INFO  impl.StateMachineUpdater (StateMachineUpdater.java:takeSnapshot(287)) - 99e75673-c78c-458d-9c64-6ac5583a2163@group-666E4004EB94-StateMachineUpdater: Took a snapshot at index 16
2023-03-09 10:16:12,381 [99e75673-c78c-458d-9c64-6ac5583a2163@group-666E4004EB94-StateMachineUpdater] INFO  impl.StateMachineUpdater (StateMachineUpdater.java:lambda$new$0(92)) - 99e75673-c78c-458d-9c64-6ac5583a2163@group-666E4004EB94-StateMachineUpdater: snapshotIndex: updateIncreasingly -1 -> 16
2023-03-09 10:16:12,381 [fc7ed98b-a7bb-4459-9411-3eb8109ffece@group-666E4004EB94-StateMachineUpdater] INFO  impl.StateMachineUpdater (StateMachineUpdater.java:takeSnapshot(287)) - fc7ed98b-a7bb-4459-9411-3eb8109ffece@group-666E4004EB94-StateMachineUpdater: Took a snapshot at index 15
2023-03-09 10:16:12,381 [fc7ed98b-a7bb-4459-9411-3eb8109ffece@group-666E4004EB94-StateMachineUpdater] INFO  impl.StateMachineUpdater (StateMachineUpdater.java:lambda$new$0(92)) - fc7ed98b-a7bb-4459-9411-3eb8109ffece@group-666E4004EB94-StateMachineUpdater: snapshotIndex: updateIncreasingly -1 -> 15
2023-03-09 10:16:12,382 [fc7ed98b-a7bb-4459-9411-3eb8109ffece@group-358AAC8C42FA-StateMachineUpdater] INFO  impl.StateMachineUpdater (StateMachineUpdater.java:takeSnapshot(287)) - fc7ed98b-a7bb-4459-9411-3eb8109ffece@group-358AAC8C42FA-StateMachineUpdater: Took a snapshot at index 0
2023-03-09 10:16:12,382 [fc7ed98b-a7bb-4459-9411-3eb8109ffece@group-358AAC8C42FA-StateMachineUpdater] INFO  impl.StateMachineUpdater (StateMachineUpdater.java:lambda$new$0(92)) - fc7ed98b-a7bb-4459-9411-3eb8109ffece@group-358AAC8C42FA-StateMachineUpdater: snapshotIndex: updateIncreasingly -1 -> 0
2023-03-09 10:16:12,383 [fc7ed98b-a7bb-4459-9411-3eb8109ffece-impl-thread1] INFO  server.RaftServer$Division (ServerState.java:close(466)) - fc7ed98b-a7bb-4459-9411-3eb8109ffece@group-358AAC8C42FA: closes. applyIndex: 0
2023-03-09 10:16:12,381 [99e75673-c78c-458d-9c64-6ac5583a2163@group-2F3CD87618AF-StateMachineUpdater] INFO  impl.StateMachineUpdater (StateMachineUpdater.java:takeSnapshot(287)) - 99e75673-c78c-458d-9c64-6ac5583a2163@group-2F3CD87618AF-StateMachineUpdater: Took a snapshot at index 0
2023-03-09 10:16:12,383 [99e75673-c78c-458d-9c64-6ac5583a2163@group-2F3CD87618AF-StateMachineUpdater] INFO  impl.StateMachineUpdater (StateMachineUpdater.java:lambda$new$0(92)) - 99e75673-c78c-458d-9c64-6ac5583a2163@group-2F3CD87618AF-StateMachineUpdater: snapshotIndex: updateIncreasingly -1 -> 0
2023-03-09 10:16:12,383 [99e75673-c78c-458d-9c64-6ac5583a2163-impl-thread2] INFO  server.RaftServer$Division (ServerState.java:close(466)) - 99e75673-c78c-458d-9c64-6ac5583a2163@group-2F3CD87618AF: closes. applyIndex: 0
2023-03-09 10:16:12,381 [99e75673-c78c-458d-9c64-6ac5583a2163@group-950AFF1481F3-StateMachineUpdater] INFO  impl.StateMachineUpdater (StateMachineUpdater.java:takeSnapshot(287)) - 99e75673-c78c-458d-9c64-6ac5583a2163@group-950AFF1481F3-StateMachineUpdater: Took a snapshot at index 13
2023-03-09 10:16:12,383 [99e75673-c78c-458d-9c64-6ac5583a2163@group-950AFF1481F3-StateMachineUpdater] INFO  impl.StateMachineUpdater (StateMachineUpdater.java:lambda$new$0(92)) - 99e75673-c78c-458d-9c64-6ac5583a2163@group-950AFF1481F3-StateMachineUpdater: snapshotIndex: updateIncreasingly -1 -> 13
2023-03-09 10:16:12,392 [99e75673-c78c-458d-9c64-6ac5583a2163-impl-thread1] INFO  server.RaftServer$Division (ServerState.java:close(466)) - 99e75673-c78c-458d-9c64-6ac5583a2163@group-950AFF1481F3: closes. applyIndex: 13
2023-03-09 10:16:12,392 [99e75673-c78c-458d-9c64-6ac5583a2163@group-950AFF1481F3-SegmentedRaftLogWorker] INFO  segmented.SegmentedRaftLogWorker (SegmentedRaftLogWorker.java:run(347)) - 99e75673-c78c-458d-9c64-6ac5583a2163@group-950AFF1481F3-SegmentedRaftLogWorker was interrupted, exiting. There are 0 tasks remaining in the queue.
2023-03-09 10:16:12,393 [99e75673-c78c-458d-9c64-6ac5583a2163@group-2F3CD87618AF-SegmentedRaftLogWorker] INFO  segmented.SegmentedRaftLogWorker (SegmentedRaftLogWorker.java:run(347)) - 99e75673-c78c-458d-9c64-6ac5583a2163@group-2F3CD87618AF-SegmentedRaftLogWorker was interrupted, exiting. There are 0 tasks remaining in the queue.
2023-03-09 10:16:12,393 [fc7ed98b-a7bb-4459-9411-3eb8109ffece@group-358AAC8C42FA-SegmentedRaftLogWorker] INFO  segmented.SegmentedRaftLogWorker (SegmentedRaftLogWorker.java:run(347)) - fc7ed98b-a7bb-4459-9411-3eb8109ffece@group-358AAC8C42FA-SegmentedRaftLogWorker was interrupted, exiting. There are 0 tasks remaining in the queue.
2023-03-09 10:16:12,394 [fc7ed98b-a7bb-4459-9411-3eb8109ffece-impl-thread3] INFO  server.RaftServer$Division (ServerState.java:close(466)) - fc7ed98b-a7bb-4459-9411-3eb8109ffece@group-666E4004EB94: closes. applyIndex: 15
2023-03-09 10:16:12,394 [fc7ed98b-a7bb-4459-9411-3eb8109ffece@group-666E4004EB94-SegmentedRaftLogWorker] INFO  segmented.SegmentedRaftLogWorker (SegmentedRaftLogWorker.java:run(347)) - fc7ed98b-a7bb-4459-9411-3eb8109ffece@group-666E4004EB94-SegmentedRaftLogWorker was interrupted, exiting. There are 0 tasks remaining in the queue.
2023-03-09 10:16:12,394 [99e75673-c78c-458d-9c64-6ac5583a2163-impl-thread3] INFO  server.RaftServer$Division (ServerState.java:close(466)) - 99e75673-c78c-458d-9c64-6ac5583a2163@group-666E4004EB94: closes. applyIndex: 16
2023-03-09 10:16:12,394 [fc7ed98b-a7bb-4459-9411-3eb8109ffece-impl-thread2] INFO  server.RaftServer$Division (ServerState.java:close(466)) - fc7ed98b-a7bb-4459-9411-3eb8109ffece@group-950AFF1481F3: closes. applyIndex: 13
2023-03-09 10:16:12,394 [99e75673-c78c-458d-9c64-6ac5583a2163@group-666E4004EB94-SegmentedRaftLogWorker] INFO  segmented.SegmentedRaftLogWorker (SegmentedRaftLogWorker.java:run(347)) - 99e75673-c78c-458d-9c64-6ac5583a2163@group-666E4004EB94-SegmentedRaftLogWorker was interrupted, exiting. There are 0 tasks remaining in the queue.
2023-03-09 10:16:12,394 [fc7ed98b-a7bb-4459-9411-3eb8109ffece@group-950AFF1481F3-SegmentedRaftLogWorker] INFO  segmented.SegmentedRaftLogWorker (SegmentedRaftLogWorker.java:run(347)) - fc7ed98b-a7bb-4459-9411-3eb8109ffece@group-950AFF1481F3-SegmentedRaftLogWorker was interrupted, exiting. There are 0 tasks remaining in the queue.
2023-03-09 10:16:12,394 [99e75673-c78c-458d-9c64-6ac5583a2163-impl-thread2] INFO  segmented.SegmentedRaftLogWorker (SegmentedRaftLogWorker.java:close(257)) - 99e75673-c78c-458d-9c64-6ac5583a2163@group-2F3CD87618AF-SegmentedRaftLogWorker close()
2023-03-09 10:16:12,394 [fc7ed98b-a7bb-4459-9411-3eb8109ffece-impl-thread1] INFO  segmented.SegmentedRaftLogWorker (SegmentedRaftLogWorker.java:close(257)) - fc7ed98b-a7bb-4459-9411-3eb8109ffece@group-358AAC8C42FA-SegmentedRaftLogWorker close()
2023-03-09 10:16:12,394 [99e75673-c78c-458d-9c64-6ac5583a2163-impl-thread3] INFO  segmented.SegmentedRaftLogWorker (SegmentedRaftLogWorker.java:close(257)) - 99e75673-c78c-458d-9c64-6ac5583a2163@group-666E4004EB94-SegmentedRaftLogWorker close()
2023-03-09 10:16:12,394 [fc7ed98b-a7bb-4459-9411-3eb8109ffece-impl-thread3] INFO  segmented.SegmentedRaftLogWorker (SegmentedRaftLogWorker.java:close(257)) - fc7ed98b-a7bb-4459-9411-3eb8109ffece@group-666E4004EB94-SegmentedRaftLogWorker close()
2023-03-09 10:16:12,402 [99e75673-c78c-458d-9c64-6ac5583a2163-impl-thread1] INFO  segmented.SegmentedRaftLogWorker (SegmentedRaftLogWorker.java:close(257)) - 99e75673-c78c-458d-9c64-6ac5583a2163@group-950AFF1481F3-SegmentedRaftLogWorker close()
2023-03-09 10:16:12,405 [fc7ed98b-a7bb-4459-9411-3eb8109ffece-impl-thread2] INFO  segmented.SegmentedRaftLogWorker (SegmentedRaftLogWorker.java:close(257)) - fc7ed98b-a7bb-4459-9411-3eb8109ffece@group-950AFF1481F3-SegmentedRaftLogWorker close()
2023-03-09 10:16:12,407 [JvmPauseMonitor2] INFO  util.JvmPauseMonitor (JvmPauseMonitor.java:run(111)) - JvmPauseMonitor-fc7ed98b-a7bb-4459-9411-3eb8109ffece: Stopped
2023-03-09 10:16:12,407 [JvmPauseMonitor1] INFO  util.JvmPauseMonitor (JvmPauseMonitor.java:run(111)) - JvmPauseMonitor-99e75673-c78c-458d-9c64-6ac5583a2163: Stopped
2023-03-09 10:16:14,416 [grpc-default-executor-12] WARN  server.GrpcLogAppender (LogUtils.java:warn(122)) - 82e3bfc0-83d2-421b-b906-e2486ad37597@group-950AFF1481F3->99e75673-c78c-458d-9c64-6ac5583a2163-AppendLogResponseHandler: Failed appendEntries: org.apache.ratis.thirdparty.io.grpc.StatusRuntimeException: UNAVAILABLE: io exception
2023-03-09 10:16:14,417 [grpc-default-executor-12] INFO  leader.FollowerInfo (FollowerInfoImpl.java:lambda$new$0(48)) - 82e3bfc0-83d2-421b-b906-e2486ad37597@group-950AFF1481F3->99e75673-c78c-458d-9c64-6ac5583a2163: nextIndex: updateUnconditionally 13 -> 12
2023-03-09 10:16:14,417 [grpc-default-executor-7] WARN  server.GrpcLogAppender (LogUtils.java:warn(122)) - 82e3bfc0-83d2-421b-b906-e2486ad37597@group-950AFF1481F3->99e75673-c78c-458d-9c64-6ac5583a2163-AppendLogResponseHandler: Failed appendEntries: org.apache.ratis.thirdparty.io.grpc.StatusRuntimeException: UNAVAILABLE: io exception
2023-03-09 10:16:14,417 [grpc-default-executor-7] INFO  leader.FollowerInfo (FollowerInfoImpl.java:lambda$new$0(48)) - 82e3bfc0-83d2-421b-b906-e2486ad37597@group-950AFF1481F3->99e75673-c78c-458d-9c64-6ac5583a2163: nextIndex: updateUnconditionally 12 -> 11
2023-03-09 10:16:14,419 [grpc-default-executor-7] WARN  server.GrpcLogAppender (LogUtils.java:warn(122)) - 82e3bfc0-83d2-421b-b906-e2486ad37597@group-950AFF1481F3->fc7ed98b-a7bb-4459-9411-3eb8109ffece-AppendLogResponseHandler: Failed appendEntries: org.apache.ratis.thirdparty.io.grpc.StatusRuntimeException: UNAVAILABLE: io exception
2023-03-09 10:16:14,420 [grpc-default-executor-7] INFO  leader.FollowerInfo (FollowerInfoImpl.java:lambda$new$0(48)) - 82e3bfc0-83d2-421b-b906-e2486ad37597@group-950AFF1481F3->fc7ed98b-a7bb-4459-9411-3eb8109ffece: nextIndex: updateUnconditionally 13 -> 12
2023-03-09 10:16:14,420 [grpc-default-executor-12] WARN  server.GrpcLogAppender (LogUtils.java:warn(122)) - 82e3bfc0-83d2-421b-b906-e2486ad37597@group-950AFF1481F3->fc7ed98b-a7bb-4459-9411-3eb8109ffece-AppendLogResponseHandler: Failed appendEntries: org.apache.ratis.thirdparty.io.grpc.StatusRuntimeException: UNAVAILABLE: io exception
2023-03-09 10:16:14,420 [grpc-default-executor-12] INFO  leader.FollowerInfo (FollowerInfoImpl.java:lambda$new$0(48)) - 82e3bfc0-83d2-421b-b906-e2486ad37597@group-950AFF1481F3->fc7ed98b-a7bb-4459-9411-3eb8109ffece: nextIndex: updateUnconditionally 12 -> 11
2023-03-09 10:16:14,429 [grpc-default-executor-7] WARN  server.GrpcLogAppender (LogUtils.java:warn(122)) - 82e3bfc0-83d2-421b-b906-e2486ad37597@group-950AFF1481F3->99e75673-c78c-458d-9c64-6ac5583a2163-AppendLogResponseHandler: Failed appendEntries: org.apache.ratis.thirdparty.io.grpc.StatusRuntimeException: UNAVAILABLE: io exception
2023-03-09 10:16:14,429 [grpc-default-executor-7] INFO  leader.FollowerInfo (FollowerInfoImpl.java:lambda$new$0(48)) - 82e3bfc0-83d2-421b-b906-e2486ad37597@group-950AFF1481F3->99e75673-c78c-458d-9c64-6ac5583a2163: nextIndex: updateUnconditionally 12 -> 11
2023-03-09 10:16:14,430 [grpc-default-executor-2] WARN  server.GrpcLogAppender (LogUtils.java:warn(122)) - 82e3bfc0-83d2-421b-b906-e2486ad37597@group-950AFF1481F3->fc7ed98b-a7bb-4459-9411-3eb8109ffece-AppendLogResponseHandler: Failed appendEntries: org.apache.ratis.thirdparty.io.grpc.StatusRuntimeException: UNAVAILABLE: io exception
2023-03-09 10:16:14,430 [grpc-default-executor-12] WARN  server.GrpcLogAppender (LogUtils.java:warn(122)) - 82e3bfc0-83d2-421b-b906-e2486ad37597@group-950AFF1481F3->99e75673-c78c-458d-9c64-6ac5583a2163-AppendLogResponseHandler: Failed appendEntries: org.apache.ratis.thirdparty.io.grpc.StatusRuntimeException: UNAVAILABLE: io exception
2023-03-09 10:16:14,430 [grpc-default-executor-12] INFO  leader.FollowerInfo (FollowerInfoImpl.java:lambda$new$0(48)) - 82e3bfc0-83d2-421b-b906-e2486ad37597@group-950AFF1481F3->99e75673-c78c-458d-9c64-6ac5583a2163: nextIndex: updateUnconditionally 11 -> 10
2023-03-09 10:16:14,431 [grpc-default-executor-2] INFO  leader.FollowerInfo (FollowerInfoImpl.java:lambda$new$0(48)) - 82e3bfc0-83d2-421b-b906-e2486ad37597@group-950AFF1481F3->fc7ed98b-a7bb-4459-9411-3eb8109ffece: nextIndex: updateUnconditionally 12 -> 11
2023-03-09 10:16:14,431 [grpc-default-executor-7] WARN  server.GrpcLogAppender (LogUtils.java:warn(122)) - 82e3bfc0-83d2-421b-b906-e2486ad37597@group-950AFF1481F3->fc7ed98b-a7bb-4459-9411-3eb8109ffece-AppendLogResponseHandler: Failed appendEntries: org.apache.ratis.thirdparty.io.grpc.StatusRuntimeException: UNAVAILABLE: io exception
2023-03-09 10:16:14,431 [grpc-default-executor-7] INFO  leader.FollowerInfo (FollowerInfoImpl.java:lambda$new$0(48)) - 82e3bfc0-83d2-421b-b906-e2486ad37597@group-950AFF1481F3->fc7ed98b-a7bb-4459-9411-3eb8109ffece: nextIndex: updateUnconditionally 11 -> 10
2023-03-09 10:16:14,460 [ForkJoinPool.commonPool-worker-1] INFO  volume.HddsVolume (HddsVolume.java:closeDbStore(362)) - SchemaV3 db is stopped at /home/runner/work/ozone/ozone/hadoop-ozone/integration-test/target/test-dir/MiniOzoneClusterImpl-5f16ed77-7c5c-4847-9cc1-45aa7644631b/datanode-0/data-0/containers/hdds/5f16ed77-7c5c-4847-9cc1-45aa7644631b/DS-ecbd4b12-07ac-4af0-89ee-87a3eb812a13/container.db for volume DS-ecbd4b12-07ac-4af0-89ee-87a3eb812a13
2023-03-09 10:16:14,461 [Listener at 127.0.0.1/46781] INFO  volume.HddsVolume (HddsVolume.java:closeDbStore(362)) - SchemaV3 db is stopped at /home/runner/work/ozone/ozone/hadoop-ozone/integration-test/target/test-dir/MiniOzoneClusterImpl-5f16ed77-7c5c-4847-9cc1-45aa7644631b/datanode-1/data-0/containers/hdds/5f16ed77-7c5c-4847-9cc1-45aa7644631b/DS-66f8977c-5159-40ed-8a0e-78d3cf553358/container.db for volume DS-66f8977c-5159-40ed-8a0e-78d3cf553358
2023-03-09 10:16:14,461 [Listener at 127.0.0.1/46781] INFO  utils.BackgroundService (BackgroundService.java:shutdown(141)) - Shutting down service BlockDeletingService
2023-03-09 10:16:14,462 [Listener at 127.0.0.1/46781] INFO  utils.BackgroundService (BackgroundService.java:shutdown(141)) - Shutting down service StaleRecoveringContainerScrubbingService
2023-03-09 10:16:14,463 [ForkJoinPool.commonPool-worker-1] INFO  utils.BackgroundService (BackgroundService.java:shutdown(141)) - Shutting down service BlockDeletingService
2023-03-09 10:16:14,463 [ForkJoinPool.commonPool-worker-1] INFO  utils.BackgroundService (BackgroundService.java:shutdown(141)) - Shutting down service StaleRecoveringContainerScrubbingService
2023-03-09 10:16:14,467 [Listener at 127.0.0.1/46781] INFO  statemachine.DatanodeStateMachine (DatanodeStateMachine.java:stopDaemon(601)) - Ozone container server stopped.
2023-03-09 10:16:14,475 [ForkJoinPool.commonPool-worker-1] INFO  statemachine.DatanodeStateMachine (DatanodeStateMachine.java:stopDaemon(601)) - Ozone container server stopped.
2023-03-09 10:16:14,488 [ForkJoinPool.commonPool-worker-1] INFO  handler.ContextHandler (ContextHandler.java:doStop(1159)) - Stopped o.e.j.w.WebAppContext@54a457bf{hddsDatanode,/,null,STOPPED}{jar:file:/home/runner/.m2/repository/org/apache/ozone/hdds-container-service/1.4.0-SNAPSHOT/hdds-container-service-1.4.0-SNAPSHOT.jar!/webapps/hddsDatanode}
2023-03-09 10:16:14,491 [ForkJoinPool.commonPool-worker-1] INFO  server.AbstractConnector (AbstractConnector.java:doStop(383)) - Stopped ServerConnector@47c92da6{HTTP/1.1, (http/1.1)}{0.0.0.0:0}
2023-03-09 10:16:14,491 [ForkJoinPool.commonPool-worker-1] INFO  server.session (HouseKeeper.java:stopScavenging(149)) - node0 Stopped scavenging
2023-03-09 10:16:14,492 [ForkJoinPool.commonPool-worker-1] INFO  handler.ContextHandler (ContextHandler.java:doStop(1159)) - Stopped o.e.j.s.ServletContextHandler@7c91029a{static,/static,jar:file:/home/runner/.m2/repository/org/apache/ozone/hdds-container-service/1.4.0-SNAPSHOT/hdds-container-service-1.4.0-SNAPSHOT.jar!/webapps/static,STOPPED}
2023-03-09 10:16:14,493 [ForkJoinPool.commonPool-worker-1] INFO  handler.ContextHandler (ContextHandler.java:doStop(1159)) - Stopped o.e.j.s.ServletContextHandler@1ba0bcaf{logs,/logs,file:///home/runner/work/ozone/ozone/hadoop-ozone/integration-test/target/log,STOPPED}
2023-03-09 10:16:14,498 [Listener at 127.0.0.1/46781] INFO  handler.ContextHandler (ContextHandler.java:doStop(1159)) - Stopped o.e.j.w.WebAppContext@6179621{hddsDatanode,/,null,STOPPED}{jar:file:/home/runner/.m2/repository/org/apache/ozone/hdds-container-service/1.4.0-SNAPSHOT/hdds-container-service-1.4.0-SNAPSHOT.jar!/webapps/hddsDatanode}
2023-03-09 10:16:14,498 [Listener at 127.0.0.1/46781] INFO  server.AbstractConnector (AbstractConnector.java:doStop(383)) - Stopped ServerConnector@2dc62b5e{HTTP/1.1, (http/1.1)}{0.0.0.0:0}
2023-03-09 10:16:14,499 [ForkJoinPool.commonPool-worker-1] INFO  ozoneimpl.OzoneContainer (OzoneContainer.java:stop(420)) - Attempting to stop container services.
2023-03-09 10:16:14,499 [Listener at 127.0.0.1/46781] INFO  server.session (HouseKeeper.java:stopScavenging(149)) - node0 Stopped scavenging
2023-03-09 10:16:14,500 [Listener at 127.0.0.1/46781] INFO  handler.ContextHandler (ContextHandler.java:doStop(1159)) - Stopped o.e.j.s.ServletContextHandler@6fe41452{static,/static,jar:file:/home/runner/.m2/repository/org/apache/ozone/hdds-container-service/1.4.0-SNAPSHOT/hdds-container-service-1.4.0-SNAPSHOT.jar!/webapps/static,STOPPED}
2023-03-09 10:16:14,500 [ForkJoinPool.commonPool-worker-1] INFO  server.RaftServer (RaftServerProxy.java:lambda$close$6(409)) - 82e3bfc0-83d2-421b-b906-e2486ad37597: close
2023-03-09 10:16:14,500 [82e3bfc0-83d2-421b-b906-e2486ad37597-impl-thread1] INFO  server.RaftServer$Division (RaftServerImpl.java:lambda$close$4(458)) - 82e3bfc0-83d2-421b-b906-e2486ad37597@group-950AFF1481F3: shutdown
2023-03-09 10:16:14,500 [82e3bfc0-83d2-421b-b906-e2486ad37597-impl-thread1] INFO  util.JmxRegister (JmxRegister.java:unregister(73)) - Successfully un-registered JMX Bean with object name Ratis:service=RaftServer,group=group-950AFF1481F3,id=82e3bfc0-83d2-421b-b906-e2486ad37597
2023-03-09 10:16:14,500 [82e3bfc0-83d2-421b-b906-e2486ad37597-impl-thread1] INFO  impl.RoleInfo (RoleInfo.java:shutdownLeaderState(93)) - 82e3bfc0-83d2-421b-b906-e2486ad37597: shutdown 82e3bfc0-83d2-421b-b906-e2486ad37597@group-950AFF1481F3-LeaderStateImpl
2023-03-09 10:16:14,500 [Listener at 127.0.0.1/46781] INFO  handler.ContextHandler (ContextHandler.java:doStop(1159)) - Stopped o.e.j.s.ServletContextHandler@12e0e98b{logs,/logs,file:///home/runner/work/ozone/ozone/hadoop-ozone/integration-test/target/log,STOPPED}
2023-03-09 10:16:14,501 [82e3bfc0-83d2-421b-b906-e2486ad37597-impl-thread2] INFO  server.RaftServer$Division (RaftServerImpl.java:lambda$close$4(458)) - 82e3bfc0-83d2-421b-b906-e2486ad37597@group-6E99D10BAB71: shutdown
2023-03-09 10:16:14,501 [82e3bfc0-83d2-421b-b906-e2486ad37597-impl-thread2] INFO  util.JmxRegister (JmxRegister.java:unregister(73)) - Successfully un-registered JMX Bean with object name Ratis:service=RaftServer,group=group-6E99D10BAB71,id=82e3bfc0-83d2-421b-b906-e2486ad37597
2023-03-09 10:16:14,501 [82e3bfc0-83d2-421b-b906-e2486ad37597-impl-thread2] INFO  impl.RoleInfo (RoleInfo.java:shutdownLeaderState(93)) - 82e3bfc0-83d2-421b-b906-e2486ad37597: shutdown 82e3bfc0-83d2-421b-b906-e2486ad37597@group-6E99D10BAB71-LeaderStateImpl
2023-03-09 10:16:14,501 [82e3bfc0-83d2-421b-b906-e2486ad37597-impl-thread2] INFO  impl.PendingRequests (PendingRequests.java:sendNotLeaderResponses(282)) - 82e3bfc0-83d2-421b-b906-e2486ad37597@group-6E99D10BAB71-PendingRequests: sendNotLeaderResponses
2023-03-09 10:16:14,501 [82e3bfc0-83d2-421b-b906-e2486ad37597@group-6E99D10BAB71-StateMachineUpdater] INFO  ratis.ContainerStateMachine (ContainerStateMachine.java:takeSnapshot(308)) - group-6E99D10BAB71: Taking a snapshot at:(t:1, i:0) file /home/runner/work/ozone/ozone/hadoop-ozone/integration-test/target/test-dir/MiniOzoneClusterImpl-5f16ed77-7c5c-4847-9cc1-45aa7644631b/datanode-2/data/ratis/1de75dbc-5475-4b1c-b4ea-6e99d10bab71/sm/snapshot.1_0
2023-03-09 10:16:14,502 [82e3bfc0-83d2-421b-b906-e2486ad37597-impl-thread2] INFO  impl.StateMachineUpdater (StateMachineUpdater.java:stopAndJoin(153)) - 82e3bfc0-83d2-421b-b906-e2486ad37597@group-6E99D10BAB71-StateMachineUpdater: set stopIndex = 0
2023-03-09 10:16:14,502 [ForkJoinPool.commonPool-worker-1] INFO  server.GrpcService (GrpcService.java:closeImpl(271)) - 82e3bfc0-83d2-421b-b906-e2486ad37597: shutdown server GrpcServerProtocolService now
2023-03-09 10:16:14,502 [82e3bfc0-83d2-421b-b906-e2486ad37597-impl-thread3] INFO  server.RaftServer$Division (RaftServerImpl.java:lambda$close$4(458)) - 82e3bfc0-83d2-421b-b906-e2486ad37597@group-666E4004EB94: shutdown
2023-03-09 10:16:14,503 [82e3bfc0-83d2-421b-b906-e2486ad37597-impl-thread3] INFO  util.JmxRegister (JmxRegister.java:unregister(73)) - Successfully un-registered JMX Bean with object name Ratis:service=RaftServer,group=group-666E4004EB94,id=82e3bfc0-83d2-421b-b906-e2486ad37597
2023-03-09 10:16:14,503 [82e3bfc0-83d2-421b-b906-e2486ad37597@group-6E99D10BAB71-StateMachineUpdater] INFO  ratis.ContainerStateMachine (ContainerStateMachine.java:takeSnapshot(319)) - group-6E99D10BAB71: Finished taking a snapshot at:(t:1, i:0) file:/home/runner/work/ozone/ozone/hadoop-ozone/integration-test/target/test-dir/MiniOzoneClusterImpl-5f16ed77-7c5c-4847-9cc1-45aa7644631b/datanode-2/data/ratis/1de75dbc-5475-4b1c-b4ea-6e99d10bab71/sm/snapshot.1_0 took: 1 ms
2023-03-09 10:16:14,503 [82e3bfc0-83d2-421b-b906-e2486ad37597@group-950AFF1481F3->99e75673-c78c-458d-9c64-6ac5583a2163-GrpcLogAppender-LogAppenderDaemon] WARN  server.GrpcLogAppender (GrpcLogAppender.java:mayWait(200)) - 82e3bfc0-83d2-421b-b906-e2486ad37597@group-950AFF1481F3->99e75673-c78c-458d-9c64-6ac5583a2163-GrpcLogAppender: Wait interrupted by java.lang.InterruptedException
2023-03-09 10:16:14,503 [82e3bfc0-83d2-421b-b906-e2486ad37597@group-950AFF1481F3->fc7ed98b-a7bb-4459-9411-3eb8109ffece-GrpcLogAppender-LogAppenderDaemon] WARN  server.GrpcLogAppender (GrpcLogAppender.java:mayWait(200)) - 82e3bfc0-83d2-421b-b906-e2486ad37597@group-950AFF1481F3->fc7ed98b-a7bb-4459-9411-3eb8109ffece-GrpcLogAppender: Wait interrupted by java.lang.InterruptedException
2023-03-09 10:16:14,504 [82e3bfc0-83d2-421b-b906-e2486ad37597@group-6E99D10BAB71-StateMachineUpdater] INFO  impl.StateMachineUpdater (StateMachineUpdater.java:takeSnapshot(287)) - 82e3bfc0-83d2-421b-b906-e2486ad37597@group-6E99D10BAB71-StateMachineUpdater: Took a snapshot at index 0
2023-03-09 10:16:14,502 [82e3bfc0-83d2-421b-b906-e2486ad37597-impl-thread1] INFO  impl.PendingRequests (PendingRequests.java:sendNotLeaderResponses(282)) - 82e3bfc0-83d2-421b-b906-e2486ad37597@group-950AFF1481F3-PendingRequests: sendNotLeaderResponses
2023-03-09 10:16:14,504 [82e3bfc0-83d2-421b-b906-e2486ad37597@group-6E99D10BAB71-StateMachineUpdater] INFO  impl.StateMachineUpdater (StateMachineUpdater.java:lambda$new$0(92)) - 82e3bfc0-83d2-421b-b906-e2486ad37597@group-6E99D10BAB71-StateMachineUpdater: snapshotIndex: updateIncreasingly -1 -> 0
2023-03-09 10:16:14,507 [82e3bfc0-83d2-421b-b906-e2486ad37597-impl-thread2] INFO  server.RaftServer$Division (ServerState.java:close(466)) - 82e3bfc0-83d2-421b-b906-e2486ad37597@group-6E99D10BAB71: closes. applyIndex: 0
2023-03-09 10:16:14,508 [82e3bfc0-83d2-421b-b906-e2486ad37597@group-6E99D10BAB71-SegmentedRaftLogWorker] INFO  segmented.SegmentedRaftLogWorker (SegmentedRaftLogWorker.java:run(347)) - 82e3bfc0-83d2-421b-b906-e2486ad37597@group-6E99D10BAB71-SegmentedRaftLogWorker was interrupted, exiting. There are 0 tasks remaining in the queue.
2023-03-09 10:16:14,509 [82e3bfc0-83d2-421b-b906-e2486ad37597-impl-thread2] INFO  segmented.SegmentedRaftLogWorker (SegmentedRaftLogWorker.java:close(257)) - 82e3bfc0-83d2-421b-b906-e2486ad37597@group-6E99D10BAB71-SegmentedRaftLogWorker close()
2023-03-09 10:16:14,503 [82e3bfc0-83d2-421b-b906-e2486ad37597-impl-thread3] INFO  impl.RoleInfo (RoleInfo.java:shutdownFollowerState(110)) - 82e3bfc0-83d2-421b-b906-e2486ad37597: shutdown 82e3bfc0-83d2-421b-b906-e2486ad37597@group-666E4004EB94-FollowerState
2023-03-09 10:16:14,508 [grpc-default-executor-2] WARN  server.GrpcClientProtocolService (LogUtils.java:warn(122)) - 0-OrderedRequestStreamObserver0: onError: org.apache.ratis.thirdparty.io.grpc.StatusRuntimeException: CANCELLED: client cancelled
2023-03-09 10:16:14,517 [82e3bfc0-83d2-421b-b906-e2486ad37597@group-666E4004EB94-FollowerState] INFO  impl.FollowerState (FollowerState.java:run(152)) - 82e3bfc0-83d2-421b-b906-e2486ad37597@group-666E4004EB94-FollowerState was interrupted
2023-03-09 10:16:14,514 [ForkJoinPool.commonPool-worker-1] INFO  server.GrpcServerProtocolClient (GrpcServerProtocolClient.java:close(101)) - 99e75673-c78c-458d-9c64-6ac5583a2163 Close channels
2023-03-09 10:16:14,514 [82e3bfc0-83d2-421b-b906-e2486ad37597@group-950AFF1481F3-StateMachineUpdater] INFO  ratis.ContainerStateMachine (ContainerStateMachine.java:takeSnapshot(308)) - group-950AFF1481F3: Taking a snapshot at:(t:1, i:15) file /home/runner/work/ozone/ozone/hadoop-ozone/integration-test/target/test-dir/MiniOzoneClusterImpl-5f16ed77-7c5c-4847-9cc1-45aa7644631b/datanode-2/data/ratis/96b2fc5c-70a3-4a14-ad2d-950aff1481f3/sm/snapshot.1_15
2023-03-09 10:16:14,514 [82e3bfc0-83d2-421b-b906-e2486ad37597-impl-thread1] INFO  impl.StateMachineUpdater (StateMachineUpdater.java:stopAndJoin(153)) - 82e3bfc0-83d2-421b-b906-e2486ad37597@group-950AFF1481F3-StateMachineUpdater: set stopIndex = 15
2023-03-09 10:16:14,517 [82e3bfc0-83d2-421b-b906-e2486ad37597@group-666E4004EB94-StateMachineUpdater] INFO  ratis.ContainerStateMachine (ContainerStateMachine.java:takeSnapshot(308)) - group-666E4004EB94: Taking a snapshot at:(t:1, i:15) file /home/runner/work/ozone/ozone/hadoop-ozone/integration-test/target/test-dir/MiniOzoneClusterImpl-5f16ed77-7c5c-4847-9cc1-45aa7644631b/datanode-2/data/ratis/aa839c55-8768-4e5b-a947-666e4004eb94/sm/snapshot.1_15
2023-03-09 10:16:14,518 [82e3bfc0-83d2-421b-b906-e2486ad37597@group-950AFF1481F3-StateMachineUpdater] INFO  ratis.ContainerStateMachine (ContainerStateMachine.java:takeSnapshot(319)) - group-950AFF1481F3: Finished taking a snapshot at:(t:1, i:15) file:/home/runner/work/ozone/ozone/hadoop-ozone/integration-test/target/test-dir/MiniOzoneClusterImpl-5f16ed77-7c5c-4847-9cc1-45aa7644631b/datanode-2/data/ratis/96b2fc5c-70a3-4a14-ad2d-950aff1481f3/sm/snapshot.1_15 took: 4 ms
2023-03-09 10:16:14,518 [82e3bfc0-83d2-421b-b906-e2486ad37597@group-666E4004EB94-StateMachineUpdater] INFO  ratis.ContainerStateMachine (ContainerStateMachine.java:takeSnapshot(319)) - group-666E4004EB94: Finished taking a snapshot at:(t:1, i:15) file:/home/runner/work/ozone/ozone/hadoop-ozone/integration-test/target/test-dir/MiniOzoneClusterImpl-5f16ed77-7c5c-4847-9cc1-45aa7644631b/datanode-2/data/ratis/aa839c55-8768-4e5b-a947-666e4004eb94/sm/snapshot.1_15 took: 2 ms
2023-03-09 10:16:14,518 [82e3bfc0-83d2-421b-b906-e2486ad37597@group-666E4004EB94-StateMachineUpdater] INFO  impl.StateMachineUpdater (StateMachineUpdater.java:takeSnapshot(287)) - 82e3bfc0-83d2-421b-b906-e2486ad37597@group-666E4004EB94-StateMachineUpdater: Took a snapshot at index 15
2023-03-09 10:16:14,518 [82e3bfc0-83d2-421b-b906-e2486ad37597@group-666E4004EB94-StateMachineUpdater] INFO  impl.StateMachineUpdater (StateMachineUpdater.java:lambda$new$0(92)) - 82e3bfc0-83d2-421b-b906-e2486ad37597@group-666E4004EB94-StateMachineUpdater: snapshotIndex: updateIncreasingly -1 -> 15
2023-03-09 10:16:14,519 [82e3bfc0-83d2-421b-b906-e2486ad37597@group-950AFF1481F3-StateMachineUpdater] INFO  impl.StateMachineUpdater (StateMachineUpdater.java:takeSnapshot(287)) - 82e3bfc0-83d2-421b-b906-e2486ad37597@group-950AFF1481F3-StateMachineUpdater: Took a snapshot at index 15
2023-03-09 10:16:14,519 [82e3bfc0-83d2-421b-b906-e2486ad37597@group-950AFF1481F3-StateMachineUpdater] INFO  impl.StateMachineUpdater (StateMachineUpdater.java:lambda$new$0(92)) - 82e3bfc0-83d2-421b-b906-e2486ad37597@group-950AFF1481F3-StateMachineUpdater: snapshotIndex: updateIncreasingly -1 -> 15
2023-03-09 10:16:14,519 [82e3bfc0-83d2-421b-b906-e2486ad37597-impl-thread1] INFO  server.RaftServer$Division (ServerState.java:close(466)) - 82e3bfc0-83d2-421b-b906-e2486ad37597@group-950AFF1481F3: closes. applyIndex: 15
2023-03-09 10:16:14,520 [82e3bfc0-83d2-421b-b906-e2486ad37597@group-950AFF1481F3-SegmentedRaftLogWorker] INFO  segmented.SegmentedRaftLogWorker (SegmentedRaftLogWorker.java:run(347)) - 82e3bfc0-83d2-421b-b906-e2486ad37597@group-950AFF1481F3-SegmentedRaftLogWorker was interrupted, exiting. There are 0 tasks remaining in the queue.
2023-03-09 10:16:14,522 [82e3bfc0-83d2-421b-b906-e2486ad37597-impl-thread1] INFO  segmented.SegmentedRaftLogWorker (SegmentedRaftLogWorker.java:close(257)) - 82e3bfc0-83d2-421b-b906-e2486ad37597@group-950AFF1481F3-SegmentedRaftLogWorker close()
2023-03-09 10:16:14,523 [ForkJoinPool.commonPool-worker-1] INFO  server.GrpcServerProtocolClient (GrpcServerProtocolClient.java:close(101)) - fc7ed98b-a7bb-4459-9411-3eb8109ffece Close channels
2023-03-09 10:16:14,523 [82e3bfc0-83d2-421b-b906-e2486ad37597-impl-thread3] INFO  impl.StateMachineUpdater (StateMachineUpdater.java:stopAndJoin(153)) - 82e3bfc0-83d2-421b-b906-e2486ad37597@group-666E4004EB94-StateMachineUpdater: set stopIndex = 15
2023-03-09 10:16:14,524 [ForkJoinPool.commonPool-worker-1] INFO  server.GrpcService (GrpcService.java:closeImpl(280)) - 82e3bfc0-83d2-421b-b906-e2486ad37597: shutdown server GrpcServerProtocolService successfully
2023-03-09 10:16:14,524 [82e3bfc0-83d2-421b-b906-e2486ad37597-NettyServerStreamRpc-bossGroup--thread1] INFO  logging.LoggingHandler (AbstractInternalLogger.java:log(148)) - [id: 0x12ba3d68, L:/0:0:0:0:0:0:0:0:44233] CLOSE
2023-03-09 10:16:14,524 [82e3bfc0-83d2-421b-b906-e2486ad37597-NettyServerStreamRpc-bossGroup--thread1] INFO  logging.LoggingHandler (AbstractInternalLogger.java:log(148)) - [id: 0x12ba3d68, L:/0:0:0:0:0:0:0:0:44233] INACTIVE
2023-03-09 10:16:14,524 [82e3bfc0-83d2-421b-b906-e2486ad37597-NettyServerStreamRpc-bossGroup--thread1] INFO  logging.LoggingHandler (AbstractInternalLogger.java:log(148)) - [id: 0x12ba3d68, L:/0:0:0:0:0:0:0:0:44233] UNREGISTERED
2023-03-09 10:16:14,524 [82e3bfc0-83d2-421b-b906-e2486ad37597-impl-thread3] INFO  server.RaftServer$Division (ServerState.java:close(466)) - 82e3bfc0-83d2-421b-b906-e2486ad37597@group-666E4004EB94: closes. applyIndex: 15
2023-03-09 10:16:14,530 [82e3bfc0-83d2-421b-b906-e2486ad37597@group-666E4004EB94-SegmentedRaftLogWorker] INFO  segmented.SegmentedRaftLogWorker (SegmentedRaftLogWorker.java:run(347)) - 82e3bfc0-83d2-421b-b906-e2486ad37597@group-666E4004EB94-SegmentedRaftLogWorker was interrupted, exiting. There are 0 tasks remaining in the queue.
2023-03-09 10:16:14,531 [82e3bfc0-83d2-421b-b906-e2486ad37597-impl-thread3] INFO  segmented.SegmentedRaftLogWorker (SegmentedRaftLogWorker.java:close(257)) - 82e3bfc0-83d2-421b-b906-e2486ad37597@group-666E4004EB94-SegmentedRaftLogWorker close()
2023-03-09 10:16:14,532 [JvmPauseMonitor3] INFO  util.JvmPauseMonitor (JvmPauseMonitor.java:run(111)) - JvmPauseMonitor-82e3bfc0-83d2-421b-b906-e2486ad37597: Stopped
2023-03-09 10:16:16,537 [ForkJoinPool.commonPool-worker-1] INFO  volume.HddsVolume (HddsVolume.java:closeDbStore(362)) - SchemaV3 db is stopped at /home/runner/work/ozone/ozone/hadoop-ozone/integration-test/target/test-dir/MiniOzoneClusterImpl-5f16ed77-7c5c-4847-9cc1-45aa7644631b/datanode-2/data-0/containers/hdds/5f16ed77-7c5c-4847-9cc1-45aa7644631b/DS-a13f609c-c136-4606-9d8a-f45075e1c17e/container.db for volume DS-a13f609c-c136-4606-9d8a-f45075e1c17e
2023-03-09 10:16:16,537 [ForkJoinPool.commonPool-worker-1] INFO  utils.BackgroundService (BackgroundService.java:shutdown(141)) - Shutting down service BlockDeletingService
2023-03-09 10:16:16,538 [ForkJoinPool.commonPool-worker-1] INFO  utils.BackgroundService (BackgroundService.java:shutdown(141)) - Shutting down service StaleRecoveringContainerScrubbingService
2023-03-09 10:16:16,540 [ForkJoinPool.commonPool-worker-1] INFO  statemachine.DatanodeStateMachine (DatanodeStateMachine.java:stopDaemon(601)) - Ozone container server stopped.
2023-03-09 10:16:16,549 [ForkJoinPool.commonPool-worker-1] INFO  handler.ContextHandler (ContextHandler.java:doStop(1159)) - Stopped o.e.j.w.WebAppContext@4eb4b29d{hddsDatanode,/,null,STOPPED}{jar:file:/home/runner/.m2/repository/org/apache/ozone/hdds-container-service/1.4.0-SNAPSHOT/hdds-container-service-1.4.0-SNAPSHOT.jar!/webapps/hddsDatanode}
2023-03-09 10:16:16,549 [ForkJoinPool.commonPool-worker-1] INFO  server.AbstractConnector (AbstractConnector.java:doStop(383)) - Stopped ServerConnector@4c6939f6{HTTP/1.1, (http/1.1)}{0.0.0.0:0}
2023-03-09 10:16:16,549 [ForkJoinPool.commonPool-worker-1] INFO  server.session (HouseKeeper.java:stopScavenging(149)) - node0 Stopped scavenging
2023-03-09 10:16:16,550 [ForkJoinPool.commonPool-worker-1] INFO  handler.ContextHandler (ContextHandler.java:doStop(1159)) - Stopped o.e.j.s.ServletContextHandler@46b6ace1{static,/static,jar:file:/home/runner/.m2/repository/org/apache/ozone/hdds-container-service/1.4.0-SNAPSHOT/hdds-container-service-1.4.0-SNAPSHOT.jar!/webapps/static,STOPPED}
2023-03-09 10:16:16,550 [ForkJoinPool.commonPool-worker-1] INFO  handler.ContextHandler (ContextHandler.java:doStop(1159)) - Stopped o.e.j.s.ServletContextHandler@30ca6931{logs,/logs,file:///home/runner/work/ozone/ozone/hadoop-ozone/integration-test/target/log,STOPPED}
2023-03-09 10:16:16,552 [Listener at 127.0.0.1/46781] INFO  ozone.MiniOzoneClusterImpl (MiniOzoneClusterImpl.java:stopSCM(539)) - Stopping the StorageContainerManager
2023-03-09 10:16:16,552 [Listener at 127.0.0.1/46781] INFO  server.StorageContainerManager (StorageContainerManager.java:stop(1532)) - Container Balancer is not running.
2023-03-09 10:16:16,552 [Listener at 127.0.0.1/46781] INFO  server.StorageContainerManager (StorageContainerManager.java:stop(1539)) - Stopping Replication Manager Service.
2023-03-09 10:16:16,552 [Listener at 127.0.0.1/46781] INFO  replication.ReplicationManager (ReplicationManager.java:stop(300)) - Stopping Replication Monitor Thread.
2023-03-09 10:16:16,552 [Listener at 127.0.0.1/46781] INFO  server.StorageContainerManager (StorageContainerManager.java:stop(1546)) - Stopping the Datanode Admin Monitor.
2023-03-09 10:16:16,552 [Under Replicated Processor] WARN  replication.UnhealthyReplicationProcessor (UnhealthyReplicationProcessor.java:run(153)) - Under Replicated Processor interrupted. Exiting...
2023-03-09 10:16:16,552 [Listener at 127.0.0.1/46781] INFO  server.StorageContainerManager (StorageContainerManager.java:stop(1553)) - Stopping datanode service RPC server
2023-03-09 10:16:16,552 [Listener at 127.0.0.1/46781] INFO  server.SCMDatanodeProtocolServer (SCMDatanodeProtocolServer.java:stop(424)) - Stopping the RPC server for DataNodes
2023-03-09 10:16:16,552 [Listener at 127.0.0.1/46781] INFO  ipc.Server (Server.java:stop(3428)) - Stopping server on 33427
2023-03-09 10:16:16,553 [Over Replicated Processor] WARN  replication.UnhealthyReplicationProcessor (UnhealthyReplicationProcessor.java:run(153)) - Over Replicated Processor interrupted. Exiting...
2023-03-09 10:16:16,552 [ReplicationMonitor] INFO  replication.ReplicationManager (ReplicationManager.java:run(747)) - Replication Monitor Thread is stopped
2023-03-09 10:16:16,554 [IPC Server Responder] INFO  ipc.Server (Server.java:run(1517)) - Stopping IPC Server Responder
2023-03-09 10:16:16,554 [IPC Server listener on 0] INFO  ipc.Server (Server.java:run(1384)) - Stopping IPC Server listener on 0
2023-03-09 10:16:16,644 [SCM Heartbeat Processing Thread - 0] WARN  node.NodeStateManager (NodeStateManager.java:scheduleNextHealthCheck(870)) - Current Thread is interrupted, shutting down HB processing thread for Node Manager.
2023-03-09 10:16:16,644 [Listener at 127.0.0.1/46781] INFO  server.StorageContainerManager (StorageContainerManager.java:stop(1561)) - Stopping block service RPC server
2023-03-09 10:16:16,644 [Listener at 127.0.0.1/46781] INFO  server.SCMBlockProtocolServer (SCMBlockProtocolServer.java:stop(161)) - Stopping the RPC server for Block Protocol
2023-03-09 10:16:16,644 [Listener at 127.0.0.1/46781] INFO  ipc.Server (Server.java:stop(3428)) - Stopping server on 43855
2023-03-09 10:16:16,646 [Listener at 127.0.0.1/46781] INFO  server.StorageContainerManager (StorageContainerManager.java:stop(1568)) - Stopping the StorageContainerLocationProtocol RPC server
2023-03-09 10:16:16,646 [Listener at 127.0.0.1/46781] INFO  server.SCMClientProtocolServer (SCMClientProtocolServer.java:stop(203)) - Stopping the RPC server for Client Protocol
2023-03-09 10:16:16,646 [Listener at 127.0.0.1/46781] INFO  ipc.Server (Server.java:stop(3428)) - Stopping server on 46067
2023-03-09 10:16:16,646 [IPC Server Responder] INFO  ipc.Server (Server.java:run(1517)) - Stopping IPC Server Responder
2023-03-09 10:16:16,646 [IPC Server listener on 0] INFO  ipc.Server (Server.java:run(1384)) - Stopping IPC Server listener on 0
2023-03-09 10:16:16,647 [Listener at 127.0.0.1/46781] INFO  server.StorageContainerManager (StorageContainerManager.java:stop(1575)) - Stopping Storage Container Manager HTTP server.
2023-03-09 10:16:16,648 [IPC Server listener on 0] INFO  ipc.Server (Server.java:run(1384)) - Stopping IPC Server listener on 0
2023-03-09 10:16:16,649 [IPC Server Responder] INFO  ipc.Server (Server.java:run(1517)) - Stopping IPC Server Responder
2023-03-09 10:16:16,649 [Listener at 127.0.0.1/46781] INFO  handler.ContextHandler (ContextHandler.java:doStop(1159)) - Stopped o.e.j.w.WebAppContext@2f93f925{scm,/,null,STOPPED}{file:/home/runner/work/ozone/ozone/hadoop-ozone/integration-test/target/test-classes/webapps/scm}
2023-03-09 10:16:16,650 [Listener at 127.0.0.1/46781] INFO  server.AbstractConnector (AbstractConnector.java:doStop(383)) - Stopped ServerConnector@4cce776f{HTTP/1.1, (http/1.1)}{0.0.0.0:0}
2023-03-09 10:16:16,650 [Listener at 127.0.0.1/46781] INFO  server.session (HouseKeeper.java:stopScavenging(149)) - node0 Stopped scavenging
2023-03-09 10:16:16,650 [Listener at 127.0.0.1/46781] INFO  handler.ContextHandler (ContextHandler.java:doStop(1159)) - Stopped o.e.j.s.ServletContextHandler@74773c2c{static,/static,file:///home/runner/work/ozone/ozone/hadoop-ozone/integration-test/target/test-classes/webapps/static,STOPPED}
2023-03-09 10:16:16,650 [Listener at 127.0.0.1/46781] INFO  handler.ContextHandler (ContextHandler.java:doStop(1159)) - Stopped o.e.j.s.ServletContextHandler@69da4edb{logs,/logs,file:///home/runner/work/ozone/ozone/hadoop-ozone/integration-test/target/log,STOPPED}
2023-03-09 10:16:16,651 [Listener at 127.0.0.1/46781] INFO  server.StorageContainerManager (StorageContainerManager.java:stop(1583)) - Stopping SCM LayoutVersionManager Service.
2023-03-09 10:16:16,651 [Listener at 127.0.0.1/46781] INFO  server.StorageContainerManager (StorageContainerManager.java:stop(1591)) - Stopping Block Manager Service.
2023-03-09 10:16:16,651 [Listener at 127.0.0.1/46781] INFO  utils.BackgroundService (BackgroundService.java:shutdown(141)) - Shutting down service SCMBlockDeletingService
2023-03-09 10:16:16,651 [Listener at 127.0.0.1/46781] INFO  utils.BackgroundService (BackgroundService.java:shutdown(141)) - Shutting down service SCMBlockDeletingService
2023-03-09 10:16:16,651 [Listener at 127.0.0.1/46781] INFO  server.StorageContainerManager (StorageContainerManager.java:stop(1613)) - Stopping SCM Event Queue.
2023-03-09 10:16:16,653 [Listener at 127.0.0.1/46781] INFO  server.StorageContainerManager (StorageContainerManager.java:stop(1624)) - Stopping SCM HA services.
2023-03-09 10:16:16,653 [Listener at 127.0.0.1/46781] INFO  pipeline.BackgroundPipelineCreator (BackgroundPipelineCreator.java:stop(149)) - Stopping RatisPipelineUtilsThread.
2023-03-09 10:16:16,653 [RatisPipelineUtilsThread - 0] WARN  pipeline.BackgroundPipelineCreator (BackgroundPipelineCreator.java:run(180)) - RatisPipelineUtilsThread is interrupted.
2023-03-09 10:16:16,653 [BackgroundPipelineScrubberThread] WARN  BackgroundPipelineScrubber (BackgroundSCMService.java:run(115)) - BackgroundPipelineScrubber is interrupted, exit
2023-03-09 10:16:16,653 [Listener at 127.0.0.1/46781] INFO  BackgroundPipelineScrubber (BackgroundSCMService.java:stop(131)) - Stopping BackgroundPipelineScrubber Service.
2023-03-09 10:16:16,654 [Listener at 127.0.0.1/46781] INFO  impl.MetricsSystemImpl (MetricsSystemImpl.java:stop(210)) - Stopping XceiverClientMetrics metrics system...
2023-03-09 10:16:16,657 [prometheus] INFO  impl.MetricsSinkAdapter (MetricsSinkAdapter.java:publishMetricsFromQueue(141)) - prometheus thread interrupted.
2023-03-09 10:16:16,657 [Listener at 127.0.0.1/46781] INFO  impl.MetricsSystemImpl (MetricsSystemImpl.java:stop(216)) - XceiverClientMetrics metrics system stopped.
2023-03-09 10:16:16,657 [Listener at 127.0.0.1/46781] WARN  pipeline.BackgroundPipelineCreator (BackgroundPipelineCreator.java:stop(145)) - RatisPipelineUtilsThread is not running, just ignore.
2023-03-09 10:16:16,657 [Listener at 127.0.0.1/46781] INFO  BackgroundPipelineScrubber (BackgroundSCMService.java:stop(126)) - BackgroundPipelineScrubber Service is not running, skip stop.
2023-03-09 10:16:16,657 [Listener at 127.0.0.1/46781] INFO  ExpiredContainerReplicaOpScrubber (BackgroundSCMService.java:stop(131)) - Stopping ExpiredContainerReplicaOpScrubber Service.
2023-03-09 10:16:16,657 [ExpiredContainerReplicaOpScrubberThread] WARN  ExpiredContainerReplicaOpScrubber (BackgroundSCMService.java:run(115)) - ExpiredContainerReplicaOpScrubber is interrupted, exit
2023-03-09 10:16:16,657 [Listener at 127.0.0.1/46781] INFO  utils.BackgroundService (BackgroundService.java:shutdown(141)) - Shutting down service SCMBlockDeletingService
2023-03-09 10:16:16,657 [Listener at 127.0.0.1/46781] INFO  replication.ReplicationManager (ReplicationManager.java:stop(310)) - Replication Monitor Thread is not running.
2023-03-09 10:16:16,657 [Listener at 127.0.0.1/46781] WARN  balancer.ContainerBalancer (ContainerBalancer.java:stop(322)) - Cannot stop Container Balancer because it's not running or stopping
2023-03-09 10:16:16,658 [Listener at 127.0.0.1/46781] INFO  server.StorageContainerManager (StorageContainerManager.java:stop(1642)) - Stopping SCM MetadataStore.
]]></system-out>
  </testcase>
</testsuite>