<?xml version="1.0" encoding="UTF-8"?>
<testsuite xmlns:xsi="http://www.w3.org/2001/XMLSchema-instance" xsi:noNamespaceSchemaLocation="https://maven.apache.org/surefire/maven-surefire-plugin/xsd/surefire-test-report-3.0.xsd" version="3.0" name="org.apache.hadoop.hdds.scm.pipeline.TestPipelineManagerMXBean" time="26.083" tests="1" errors="1" skipped="0" failures="0">
  <properties>
    <property name="java.specification.version" value="17"/>
    <property name="sun.jnu.encoding" value="UTF-8"/>
    <property name="java.class.path" value="/home/runner/work/ozone/ozone/hadoop-ozone/integration-test/target/test-classes:/home/runner/work/ozone/ozone/hadoop-ozone/integration-test/target/classes:/home/runner/work/ozone/ozone/hadoop-ozone/common/target/ozone-common-1.5.0-SNAPSHOT.jar:/home/runner/.m2/repository/io/grpc/grpc-netty/1.58.0/grpc-netty-1.58.0.jar:/home/runner/.m2/repository/io/grpc/grpc-core/1.58.0/grpc-core-1.58.0.jar:/home/runner/.m2/repository/com/google/android/annotations/4.1.1.4/annotations-4.1.1.4.jar:/home/runner/.m2/repository/org/codehaus/mojo/animal-sniffer-annotations/1.23/animal-sniffer-annotations-1.23.jar:/home/runner/.m2/repository/io/grpc/grpc-context/1.58.0/grpc-context-1.58.0.jar:/home/runner/.m2/repository/io/grpc/grpc-util/1.58.0/grpc-util-1.58.0.jar:/home/runner/.m2/repository/com/google/errorprone/error_prone_annotations/2.28.0/error_prone_annotations-2.28.0.jar:/home/runner/.m2/repository/io/perfmark/perfmark-api/0.26.0/perfmark-api-0.26.0.jar:/home/runner/.m2/repository/io/netty/netty-codec-http2/4.1.109.Final/netty-codec-http2-4.1.109.Final.jar:/home/runner/.m2/repository/io/netty/netty-common/4.1.109.Final/netty-common-4.1.109.Final.jar:/home/runner/.m2/repository/io/netty/netty-buffer/4.1.109.Final/netty-buffer-4.1.109.Final.jar:/home/runner/.m2/repository/io/netty/netty-codec-http/4.1.109.Final/netty-codec-http-4.1.109.Final.jar:/home/runner/.m2/repository/io/netty/netty-handler-proxy/4.1.109.Final/netty-handler-proxy-4.1.109.Final.jar:/home/runner/.m2/repository/io/netty/netty-codec-socks/4.1.109.Final/netty-codec-socks-4.1.109.Final.jar:/home/runner/.m2/repository/io/netty/netty-tcnative-boringssl-static/2.0.65.Final/netty-tcnative-boringssl-static-2.0.65.Final.jar:/home/runner/.m2/repository/io/netty/netty-tcnative-classes/2.0.65.Final/netty-tcnative-classes-2.0.65.Final.jar:/home/runner/.m2/repository/io/netty/netty-tcnative-boringssl-static/2.0.65.Final/netty-tcnative-boringssl-static-2.0.65.Final-linux-x86_64.jar:/home/runner/.m2/repository/io/netty/netty-tcnative-boringssl-static/2.0.65.Final/netty-tcnative-boringssl-static-2.0.65.Final-linux-aarch_64.jar:/home/runner/.m2/repository/io/netty/netty-tcnative-boringssl-static/2.0.65.Final/netty-tcnative-boringssl-static-2.0.65.Final-osx-x86_64.jar:/home/runner/.m2/repository/io/netty/netty-tcnative-boringssl-static/2.0.65.Final/netty-tcnative-boringssl-static-2.0.65.Final-osx-aarch_64.jar:/home/runner/.m2/repository/io/netty/netty-tcnative-boringssl-static/2.0.65.Final/netty-tcnative-boringssl-static-2.0.65.Final-windows-x86_64.jar:/home/runner/.m2/repository/org/apache/commons/commons-compress/1.26.0/commons-compress-1.26.0.jar:/home/runner/work/ozone/ozone/hadoop-hdds/common/target/hdds-common-1.5.0-SNAPSHOT.jar:/home/runner/work/ozone/ozone/hadoop-hdds/client/target/hdds-client-1.5.0-SNAPSHOT.jar:/home/runner/work/ozone/ozone/hadoop-ozone/interface-client/target/ozone-interface-client-1.5.0-SNAPSHOT.jar:/home/runner/.m2/repository/org/apache/hadoop/hadoop-hdfs-client/3.3.6/hadoop-hdfs-client-3.3.6.jar:/home/runner/.m2/repository/com/squareup/okhttp3/okhttp/4.12.0/okhttp-4.12.0.jar:/home/runner/.m2/repository/com/squareup/okio/okio/3.6.0/okio-3.6.0.jar:/home/runner/.m2/repository/com/squareup/okio/okio-jvm/3.6.0/okio-jvm-3.6.0.jar:/home/runner/.m2/repository/org/jetbrains/kotlin/kotlin-stdlib-jdk8/1.9.24/kotlin-stdlib-jdk8-1.9.24.jar:/home/runner/.m2/repository/org/jetbrains/kotlin/kotlin-stdlib-jdk7/1.9.24/kotlin-stdlib-jdk7-1.9.24.jar:/home/runner/.m2/repository/org/jetbrains/kotlin/kotlin-stdlib-common/1.9.24/kotlin-stdlib-common-1.9.24.jar:/home/runner/.m2/repository/com/github/stephenc/jcip/jcip-annotations/1.0-1/jcip-annotations-1.0-1.jar:/home/runner/work/ozone/ozone/hadoop-hdds/test-utils/target/hdds-test-utils-1.5.0-SNAPSHOT.jar:/home/runner/.m2/repository/org/assertj/assertj-core/3.26.3/assertj-core-3.26.3.jar:/home/runner/.m2/repository/net/bytebuddy/byte-buddy/1.14.18/byte-buddy-1.14.18.jar:/home/runner/.m2/repository/com/google/guava/guava/32.1.3-jre/guava-32.1.3-jre.jar:/home/runner/.m2/repository/com/google/guava/failureaccess/1.0.1/failureaccess-1.0.1.jar:/home/runner/.m2/repository/com/google/guava/listenablefuture/9999.0-empty-to-avoid-conflict-with-guava/listenablefuture-9999.0-empty-to-avoid-conflict-with-guava.jar:/home/runner/.m2/repository/org/checkerframework/checker-qual/3.37.0/checker-qual-3.37.0.jar:/home/runner/.m2/repository/com/google/j2objc/j2objc-annotations/2.8/j2objc-annotations-2.8.jar:/home/runner/.m2/repository/commons-io/commons-io/2.16.1/commons-io-2.16.1.jar:/home/runner/.m2/repository/commons-logging/commons-logging/1.2/commons-logging-1.2.jar:/home/runner/.m2/repository/org/junit/jupiter/junit-jupiter-api/5.10.3/junit-jupiter-api-5.10.3.jar:/home/runner/.m2/repository/org/opentest4j/opentest4j/1.3.0/opentest4j-1.3.0.jar:/home/runner/.m2/repository/org/junit/platform/junit-platform-commons/1.10.3/junit-platform-commons-1.10.3.jar:/home/runner/.m2/repository/ch/qos/reload4j/reload4j/1.2.25/reload4j-1.2.25.jar:/home/runner/.m2/repository/jakarta/annotation/jakarta.annotation-api/2.1.1/jakarta.annotation-api-2.1.1.jar:/home/runner/.m2/repository/org/slf4j/slf4j-api/2.0.13/slf4j-api-2.0.13.jar:/home/runner/.m2/repository/org/apache/logging/log4j/log4j-api/2.23.1/log4j-api-2.23.1.jar:/home/runner/work/ozone/ozone/hadoop-hdds/server-scm/target/hdds-server-scm-1.5.0-SNAPSHOT.jar:/home/runner/.m2/repository/com/google/protobuf/protobuf-java/2.5.0/protobuf-java-2.5.0.jar:/home/runner/work/ozone/ozone/hadoop-hdds/container-service/target/hdds-container-service-1.5.0-SNAPSHOT.jar:/home/runner/work/ozone/ozone/hadoop-hdds/hadoop-dependency-server/target/hdds-hadoop-dependency-server-1.5.0-SNAPSHOT.jar:/home/runner/.m2/repository/com/nimbusds/nimbus-jose-jwt/9.40/nimbus-jose-jwt-9.40.jar:/home/runner/.m2/repository/org/apache/hadoop/hadoop-hdfs/3.3.6/hadoop-hdfs-3.3.6.jar:/home/runner/.m2/repository/commons-daemon/commons-daemon/1.4.0/commons-daemon-1.4.0.jar:/home/runner/.m2/repository/org/apache/kerby/kerb-core/1.0.1/kerb-core-1.0.1.jar:/home/runner/.m2/repository/org/apache/kerby/kerby-pkix/1.0.1/kerby-pkix-1.0.1.jar:/home/runner/.m2/repository/org/apache/kerby/kerby-asn1/1.0.1/kerby-asn1-1.0.1.jar:/home/runner/.m2/repository/org/apache/kerby/kerby-util/1.0.1/kerby-util-1.0.1.jar:/home/runner/.m2/repository/org/apache/kerby/kerb-util/1.0.1/kerb-util-1.0.1.jar:/home/runner/.m2/repository/org/apache/kerby/kerby-config/1.0.1/kerby-config-1.0.1.jar:/home/runner/.m2/repository/org/apache/kerby/kerb-crypto/1.0.1/kerb-crypto-1.0.1.jar:/home/runner/.m2/repository/org/xerial/snappy/snappy-java/1.1.10.5/snappy-java-1.1.10.5.jar:/home/runner/work/ozone/ozone/hadoop-hdds/framework/target/hdds-server-framework-1.5.0-SNAPSHOT.jar:/home/runner/.m2/repository/org/bouncycastle/bcprov-jdk18on/1.78.1/bcprov-jdk18on-1.78.1.jar:/home/runner/.m2/repository/io/dropwizard/metrics/metrics-core/3.2.6/metrics-core-3.2.6.jar:/home/runner/.m2/repository/org/apache/commons/commons-text/1.12.0/commons-text-1.12.0.jar:/home/runner/work/ozone/ozone/hadoop-hdds/framework/target/hdds-server-framework-1.5.0-SNAPSHOT-tests.jar:/home/runner/work/ozone/ozone/hadoop-hdds/interface-server/target/hdds-interface-server-1.5.0-SNAPSHOT.jar:/home/runner/work/ozone/ozone/hadoop-hdds/interface-admin/target/hdds-interface-admin-1.5.0-SNAPSHOT.jar:/home/runner/work/ozone/ozone/hadoop-hdds/managed-rocksdb/target/hdds-managed-rocksdb-1.5.0-SNAPSHOT.jar:/home/runner/.m2/repository/org/rocksdb/rocksdbjni/7.7.3/rocksdbjni-7.7.3.jar:/home/runner/.m2/repository/org/slf4j/slf4j-reload4j/2.0.13/slf4j-reload4j-2.0.13.jar:/home/runner/.m2/repository/org/apache/commons/commons-configuration2/2.10.1/commons-configuration2-2.10.1.jar:/home/runner/.m2/repository/commons-fileupload/commons-fileupload/1.5/commons-fileupload-1.5.jar:/home/runner/.m2/repository/org/apache/logging/log4j/log4j-core/2.23.1/log4j-core-2.23.1.jar:/home/runner/.m2/repository/com/lmax/disruptor/3.4.4/disruptor-3.4.4.jar:/home/runner/.m2/repository/org/eclipse/jetty/jetty-util/9.4.55.v20240627/jetty-util-9.4.55.v20240627.jar:/home/runner/.m2/repository/org/eclipse/jetty/jetty-server/9.4.55.v20240627/jetty-server-9.4.55.v20240627.jar:/home/runner/.m2/repository/org/eclipse/jetty/jetty-http/9.4.55.v20240627/jetty-http-9.4.55.v20240627.jar:/home/runner/.m2/repository/org/eclipse/jetty/jetty-io/9.4.55.v20240627/jetty-io-9.4.55.v20240627.jar:/home/runner/.m2/repository/org/eclipse/jetty/jetty-servlet/9.4.55.v20240627/jetty-servlet-9.4.55.v20240627.jar:/home/runner/.m2/repository/org/eclipse/jetty/jetty-security/9.4.55.v20240627/jetty-security-9.4.55.v20240627.jar:/home/runner/.m2/repository/org/eclipse/jetty/jetty-util-ajax/9.4.55.v20240627/jetty-util-ajax-9.4.55.v20240627.jar:/home/runner/.m2/repository/org/eclipse/jetty/jetty-webapp/9.4.55.v20240627/jetty-webapp-9.4.55.v20240627.jar:/home/runner/.m2/repository/org/eclipse/jetty/jetty-xml/9.4.55.v20240627/jetty-xml-9.4.55.v20240627.jar:/home/runner/.m2/repository/org/glassfish/jersey/containers/jersey-container-servlet-core/2.43/jersey-container-servlet-core-2.43.jar:/home/runner/.m2/repository/org/glassfish/hk2/external/jakarta.inject/2.6.1/jakarta.inject-2.6.1.jar:/home/runner/.m2/repository/org/glassfish/jersey/core/jersey-common/2.43/jersey-common-2.43.jar:/home/runner/.m2/repository/jakarta/ws/rs/jakarta.ws.rs-api/2.1.6/jakarta.ws.rs-api-2.1.6.jar:/home/runner/.m2/repository/org/apache/ratis/ratis-server/3.1.0/ratis-server-3.1.0.jar:/home/runner/.m2/repository/org/apache/ratis/ratis-thirdparty-misc/1.0.6/ratis-thirdparty-misc-1.0.6.jar:/home/runner/.m2/repository/org/apache/ratis/ratis-proto/3.1.0/ratis-proto-3.1.0.jar:/home/runner/.m2/repository/org/apache/ratis/ratis-common/3.1.0/ratis-common-3.1.0.jar:/home/runner/.m2/repository/org/apache/ratis/ratis-client/3.1.0/ratis-client-3.1.0.jar:/home/runner/.m2/repository/org/apache/ratis/ratis-metrics-api/3.1.0/ratis-metrics-api-3.1.0.jar:/home/runner/.m2/repository/org/apache/ratis/ratis-metrics-dropwizard3/3.1.0/ratis-metrics-dropwizard3-3.1.0.jar:/home/runner/.m2/repository/io/prometheus/simpleclient_dropwizard/0.16.0/simpleclient_dropwizard-0.16.0.jar:/home/runner/.m2/repository/io/prometheus/simpleclient/0.16.0/simpleclient-0.16.0.jar:/home/runner/.m2/repository/io/prometheus/simpleclient_common/0.16.0/simpleclient_common-0.16.0.jar:/home/runner/.m2/repository/com/fasterxml/jackson/datatype/jackson-datatype-jsr310/2.16.2/jackson-datatype-jsr310-2.16.2.jar:/home/runner/.m2/repository/com/fasterxml/jackson/core/jackson-core/2.16.2/jackson-core-2.16.2.jar:/home/runner/.m2/repository/com/github/jnr/jnr-posix/3.1.19/jnr-posix-3.1.19.jar:/home/runner/.m2/repository/com/github/jnr/jnr-ffi/2.2.16/jnr-ffi-2.2.16.jar:/home/runner/.m2/repository/com/github/jnr/jffi/1.3.13/jffi-1.3.13.jar:/home/runner/.m2/repository/com/github/jnr/jffi/1.3.13/jffi-1.3.13-native.jar:/home/runner/.m2/repository/org/ow2/asm/asm/9.2/asm-9.2.jar:/home/runner/.m2/repository/org/ow2/asm/asm-commons/9.2/asm-commons-9.2.jar:/home/runner/.m2/repository/org/ow2/asm/asm-analysis/9.2/asm-analysis-9.2.jar:/home/runner/.m2/repository/org/ow2/asm/asm-tree/9.2/asm-tree-9.2.jar:/home/runner/.m2/repository/org/ow2/asm/asm-util/9.2/asm-util-9.2.jar:/home/runner/.m2/repository/com/github/jnr/jnr-a64asm/1.0.0/jnr-a64asm-1.0.0.jar:/home/runner/.m2/repository/com/github/jnr/jnr-x86asm/1.0.2/jnr-x86asm-1.0.2.jar:/home/runner/.m2/repository/com/github/jnr/jnr-constants/0.10.4/jnr-constants-0.10.4.jar:/home/runner/work/ozone/ozone/hadoop-hdds/rocksdb-checkpoint-differ/target/rocksdb-checkpoint-differ-1.5.0-SNAPSHOT.jar:/home/runner/.m2/repository/org/jgrapht/jgrapht-core/1.4.0/jgrapht-core-1.4.0.jar:/home/runner/.m2/repository/org/jheaps/jheaps/0.11/jheaps-0.11.jar:/home/runner/.m2/repository/org/jgrapht/jgrapht-ext/1.4.0/jgrapht-ext-1.4.0.jar:/home/runner/.m2/repository/com/github/vlsi/mxgraph/jgraphx/3.9.8.1/jgraphx-3.9.8.1.jar:/home/runner/work/ozone/ozone/hadoop-ozone/ozone-manager/target/ozone-manager-1.5.0-SNAPSHOT.jar:/home/runner/.m2/repository/org/aspectj/aspectjrt/1.9.7/aspectjrt-1.9.7.jar:/home/runner/.m2/repository/org/aspectj/aspectjweaver/1.9.7/aspectjweaver-1.9.7.jar:/home/runner/work/ozone/ozone/hadoop-hdds/interface-client/target/hdds-interface-client-1.5.0-SNAPSHOT.jar:/home/runner/.m2/repository/org/apache/hadoop/thirdparty/hadoop-shaded-protobuf_3_7/1.1.1/hadoop-shaded-protobuf_3_7-1.1.1.jar:/home/runner/work/ozone/ozone/hadoop-ozone/interface-storage/target/ozone-interface-storage-1.5.0-SNAPSHOT.jar:/home/runner/.m2/repository/org/reflections/reflections/0.10.2/reflections-0.10.2.jar:/home/runner/.m2/repository/com/sun/jersey/jersey-client/1.19.4/jersey-client-1.19.4.jar:/home/runner/.m2/repository/org/codehaus/jackson/jackson-core-asl/1.9.13/jackson-core-asl-1.9.13.jar:/home/runner/.m2/repository/org/codehaus/jackson/jackson-mapper-asl/1.9.13/jackson-mapper-asl-1.9.13.jar:/home/runner/.m2/repository/org/codehaus/jackson/jackson-jaxrs/1.9.13/jackson-jaxrs-1.9.13.jar:/home/runner/.m2/repository/org/apache/ranger/ranger-intg/2.3.0/ranger-intg-2.3.0.jar:/home/runner/.m2/repository/org/apache/ranger/ranger-plugins-common/2.3.0/ranger-plugins-common-2.3.0.jar:/home/runner/.m2/repository/commons-lang/commons-lang/2.6/commons-lang-2.6.jar:/home/runner/.m2/repository/org/apache/ranger/ranger-plugins-cred/2.3.0/ranger-plugins-cred-2.3.0.jar:/home/runner/.m2/repository/org/apache/ranger/ranger-plugins-audit/2.3.0/ranger-plugins-audit-2.3.0.jar:/home/runner/.m2/repository/org/eclipse/jetty/jetty-client/9.4.55.v20240627/jetty-client-9.4.55.v20240627.jar:/home/runner/.m2/repository/org/apache/httpcomponents/httpmime/4.5.6/httpmime-4.5.6.jar:/home/runner/.m2/repository/org/apache/httpcomponents/httpcore-nio/4.4.16/httpcore-nio-4.4.16.jar:/home/runner/.m2/repository/org/apache/httpcomponents/httpasyncclient/4.1.3/httpasyncclient-4.1.3.jar:/home/runner/.m2/repository/com/carrotsearch/hppc/0.8.0/hppc-0.8.0.jar:/home/runner/.m2/repository/org/apache/orc/orc-core/1.5.8/orc-core-1.5.8.jar:/home/runner/.m2/repository/net/java/dev/jna/jna/5.2.0/jna-5.2.0.jar:/home/runner/.m2/repository/net/java/dev/jna/jna-platform/5.2.0/jna-platform-5.2.0.jar:/home/runner/.m2/repository/com/kstruct/gethostname4j/0.0.2/gethostname4j-0.0.2.jar:/home/runner/.m2/repository/org/apache/ranger/ranger-plugin-classloader/2.3.0/ranger-plugin-classloader-2.3.0.jar:/home/runner/work/ozone/ozone/hadoop-hdds/rocks-native/target/hdds-rocks-native-1.5.0-SNAPSHOT.jar:/home/runner/.m2/repository/org/apache/hadoop/hadoop-minikdc/3.3.6/hadoop-minikdc-3.3.6.jar:/home/runner/.m2/repository/org/apache/kerby/kerb-simplekdc/1.0.1/kerb-simplekdc-1.0.1.jar:/home/runner/.m2/repository/org/apache/kerby/kerb-client/1.0.1/kerb-client-1.0.1.jar:/home/runner/.m2/repository/org/apache/kerby/kerb-common/1.0.1/kerb-common-1.0.1.jar:/home/runner/.m2/repository/org/apache/kerby/token-provider/1.0.1/token-provider-1.0.1.jar:/home/runner/.m2/repository/org/apache/kerby/kerb-admin/1.0.1/kerb-admin-1.0.1.jar:/home/runner/.m2/repository/org/apache/kerby/kerb-server/1.0.1/kerb-server-1.0.1.jar:/home/runner/.m2/repository/org/apache/kerby/kerb-identity/1.0.1/kerb-identity-1.0.1.jar:/home/runner/.m2/repository/org/apache/kerby/kerby-xdr/1.0.1/kerby-xdr-1.0.1.jar:/home/runner/.m2/repository/junit/junit/4.13.2/junit-4.13.2.jar:/home/runner/.m2/repository/org/hamcrest/hamcrest-core/1.3/hamcrest-core-1.3.jar:/home/runner/work/ozone/ozone/hadoop-ozone/s3gateway/target/ozone-s3gateway-1.5.0-SNAPSHOT.jar:/home/runner/.m2/repository/org/javassist/javassist/3.30.2-GA/javassist-3.30.2-GA.jar:/home/runner/.m2/repository/org/jboss/weld/servlet/weld-servlet-shaded/3.1.9.Final/weld-servlet-shaded-3.1.9.Final.jar:/home/runner/.m2/repository/org/glassfish/jersey/ext/cdi/jersey-cdi1x/2.43/jersey-cdi1x-2.43.jar:/home/runner/.m2/repository/org/glassfish/jersey/inject/jersey-hk2/2.43/jersey-hk2-2.43.jar:/home/runner/.m2/repository/org/glassfish/hk2/hk2-locator/2.6.1/hk2-locator-2.6.1.jar:/home/runner/.m2/repository/org/glassfish/jersey/media/jersey-media-jaxb/2.43/jersey-media-jaxb-2.43.jar:/home/runner/.m2/repository/org/glassfish/hk2/osgi-resource-locator/1.0.3/osgi-resource-locator-1.0.3.jar:/home/runner/.m2/repository/org/glassfish/hk2/hk2-api/2.6.1/hk2-api-2.6.1.jar:/home/runner/.m2/repository/org/glassfish/hk2/hk2-utils/2.6.1/hk2-utils-2.6.1.jar:/home/runner/.m2/repository/org/glassfish/hk2/external/aopalliance-repackaged/2.6.1/aopalliance-repackaged-2.6.1.jar:/home/runner/.m2/repository/com/fasterxml/jackson/dataformat/jackson-dataformat-xml/2.16.2/jackson-dataformat-xml-2.16.2.jar:/home/runner/.m2/repository/org/codehaus/woodstox/stax2-api/4.2.2/stax2-api-4.2.2.jar:/home/runner/.m2/repository/com/fasterxml/woodstox/woodstox-core/5.4.0/woodstox-core-5.4.0.jar:/home/runner/.m2/repository/com/fasterxml/jackson/module/jackson-module-jaxb-annotations/2.16.2/jackson-module-jaxb-annotations-2.16.2.jar:/home/runner/.m2/repository/javax/enterprise/cdi-api/2.0/cdi-api-2.0.jar:/home/runner/.m2/repository/javax/el/javax.el-api/3.0.0/javax.el-api-3.0.0.jar:/home/runner/.m2/repository/javax/interceptor/javax.interceptor-api/1.2/javax.interceptor-api-1.2.jar:/home/runner/.m2/repository/javax/inject/javax.inject/1/javax.inject-1.jar:/home/runner/.m2/repository/jakarta/xml/bind/jakarta.xml.bind-api/2.3.3/jakarta.xml.bind-api-2.3.3.jar:/home/runner/.m2/repository/org/glassfish/jaxb/jaxb-runtime/2.3.9/jaxb-runtime-2.3.9.jar:/home/runner/.m2/repository/org/glassfish/jaxb/txw2/2.3.9/txw2-2.3.9.jar:/home/runner/.m2/repository/com/sun/istack/istack-commons-runtime/3.0.12/istack-commons-runtime-3.0.12.jar:/home/runner/.m2/repository/com/sun/activation/jakarta.activation/1.2.2/jakarta.activation-1.2.2.jar:/home/runner/.m2/repository/jakarta/activation/jakarta.activation-api/1.2.2/jakarta.activation-api-1.2.2.jar:/home/runner/.m2/repository/io/grpc/grpc-protobuf/1.58.0/grpc-protobuf-1.58.0.jar:/home/runner/.m2/repository/com/google/api/grpc/proto-google-common-protos/2.22.0/proto-google-common-protos-2.22.0.jar:/home/runner/.m2/repository/io/grpc/grpc-protobuf-lite/1.58.0/grpc-protobuf-lite-1.58.0.jar:/home/runner/.m2/repository/io/grpc/grpc-stub/1.58.0/grpc-stub-1.58.0.jar:/home/runner/.m2/repository/io/netty/netty-transport/4.1.109.Final/netty-transport-4.1.109.Final.jar:/home/runner/.m2/repository/io/netty/netty-resolver/4.1.109.Final/netty-resolver-4.1.109.Final.jar:/home/runner/work/ozone/ozone/hadoop-ozone/csi/target/ozone-csi-1.5.0-SNAPSHOT.jar:/home/runner/.m2/repository/com/google/protobuf/protobuf-java-util/3.19.6/protobuf-java-util-3.19.6.jar:/home/runner/.m2/repository/com/google/code/gson/gson/2.10.1/gson-2.10.1.jar:/home/runner/work/ozone/ozone/hadoop-hdds/config/target/hdds-config-1.5.0-SNAPSHOT.jar:/home/runner/.m2/repository/io/netty/netty-transport-native-epoll/4.1.109.Final/netty-transport-native-epoll-4.1.109.Final-linux-x86_64.jar:/home/runner/.m2/repository/io/netty/netty-transport-classes-epoll/4.1.109.Final/netty-transport-classes-epoll-4.1.109.Final.jar:/home/runner/.m2/repository/io/netty/netty-transport-native-unix-common/4.1.109.Final/netty-transport-native-unix-common-4.1.109.Final.jar:/home/runner/work/ozone/ozone/hadoop-ozone/recon/target/ozone-recon-1.5.0-SNAPSHOT.jar:/home/runner/work/ozone/ozone/hadoop-ozone/recon-codegen/target/ozone-reconcodegen-1.5.0-SNAPSHOT.jar:/home/runner/.m2/repository/com/google/inject/guice/6.0.0/guice-6.0.0.jar:/home/runner/.m2/repository/jakarta/inject/jakarta.inject-api/2.0.1/jakarta.inject-api-2.0.1.jar:/home/runner/.m2/repository/aopalliance/aopalliance/1.0/aopalliance-1.0.jar:/home/runner/.m2/repository/com/google/inject/extensions/guice-assistedinject/6.0.0/guice-assistedinject-6.0.0.jar:/home/runner/.m2/repository/com/google/inject/extensions/guice-servlet/6.0.0/guice-servlet-6.0.0.jar:/home/runner/.m2/repository/org/glassfish/jersey/containers/jersey-container-servlet/2.43/jersey-container-servlet-2.43.jar:/home/runner/.m2/repository/org/glassfish/hk2/guice-bridge/2.6.1/guice-bridge-2.6.1.jar:/home/runner/.m2/repository/org/glassfish/jersey/core/jersey-server/2.43/jersey-server-2.43.jar:/home/runner/.m2/repository/org/glassfish/jersey/core/jersey-client/2.43/jersey-client-2.43.jar:/home/runner/.m2/repository/jakarta/validation/jakarta.validation-api/2.0.2/jakarta.validation-api-2.0.2.jar:/home/runner/.m2/repository/org/glassfish/jersey/media/jersey-media-json-jackson/2.43/jersey-media-json-jackson-2.43.jar:/home/runner/.m2/repository/org/glassfish/jersey/ext/jersey-entity-filtering/2.43/jersey-entity-filtering-2.43.jar:/home/runner/.m2/repository/org/jooq/jooq/3.11.10/jooq-3.11.10.jar:/home/runner/.m2/repository/org/jooq/jooq-meta/3.11.10/jooq-meta-3.11.10.jar:/home/runner/.m2/repository/org/jooq/jooq-codegen/3.11.10/jooq-codegen-3.11.10.jar:/home/runner/.m2/repository/com/jolbox/bonecp/0.8.0.RELEASE/bonecp-0.8.0.RELEASE.jar:/home/runner/.m2/repository/org/apache/derby/derby/10.14.2.0/derby-10.14.2.0.jar:/home/runner/.m2/repository/org/xerial/sqlite-jdbc/3.46.0.0/sqlite-jdbc-3.46.0.0.jar:/home/runner/.m2/repository/org/springframework/spring-jdbc/5.3.37/spring-jdbc-5.3.37.jar:/home/runner/.m2/repository/org/springframework/spring-beans/5.3.37/spring-beans-5.3.37.jar:/home/runner/.m2/repository/org/springframework/spring-core/5.3.37/spring-core-5.3.37.jar:/home/runner/.m2/repository/org/springframework/spring-tx/5.3.37/spring-tx-5.3.37.jar:/home/runner/work/ozone/ozone/hadoop-ozone/client/target/ozone-client-1.5.0-SNAPSHOT.jar:/home/runner/work/ozone/ozone/hadoop-hdds/erasurecode/target/hdds-erasurecode-1.5.0-SNAPSHOT.jar:/home/runner/work/ozone/ozone/hadoop-ozone/ozonefs/target/ozone-filesystem-1.5.0-SNAPSHOT.jar:/home/runner/work/ozone/ozone/hadoop-ozone/ozonefs-common/target/ozone-filesystem-common-1.5.0-SNAPSHOT.jar:/home/runner/work/ozone/ozone/hadoop-ozone/tools/target/ozone-tools-1.5.0-SNAPSHOT.jar:/home/runner/.m2/repository/com/amazonaws/aws-java-sdk-core/1.12.661/aws-java-sdk-core-1.12.661.jar:/home/runner/.m2/repository/org/apache/httpcomponents/httpclient/4.5.14/httpclient-4.5.14.jar:/home/runner/.m2/repository/org/apache/httpcomponents/httpcore/4.4.16/httpcore-4.4.16.jar:/home/runner/.m2/repository/com/fasterxml/jackson/dataformat/jackson-dataformat-cbor/2.16.2/jackson-dataformat-cbor-2.16.2.jar:/home/runner/.m2/repository/joda-time/joda-time/2.12.7/joda-time-2.12.7.jar:/home/runner/.m2/repository/com/amazonaws/aws-java-sdk-s3/1.12.661/aws-java-sdk-s3-1.12.661.jar:/home/runner/.m2/repository/com/amazonaws/aws-java-sdk-kms/1.12.661/aws-java-sdk-kms-1.12.661.jar:/home/runner/.m2/repository/com/amazonaws/jmespath-java/1.12.661/jmespath-java-1.12.661.jar:/home/runner/.m2/repository/org/kohsuke/metainf-services/metainf-services/1.11/metainf-services-1.11.jar:/home/runner/work/ozone/ozone/hadoop-hdds/tools/target/hdds-tools-1.5.0-SNAPSHOT.jar:/home/runner/.m2/repository/org/apache/ratis/ratis-tools/3.1.0/ratis-tools-3.1.0.jar:/home/runner/.m2/repository/commons-cli/commons-cli/1.8.0/commons-cli-1.8.0.jar:/home/runner/.m2/repository/org/apache/commons/commons-lang3/3.14.0/commons-lang3-3.14.0.jar:/home/runner/work/ozone/ozone/hadoop-ozone/ozone-manager/target/ozone-manager-1.5.0-SNAPSHOT-tests.jar:/home/runner/work/ozone/ozone/hadoop-hdds/common/target/hdds-common-1.5.0-SNAPSHOT-tests.jar:/home/runner/work/ozone/ozone/hadoop-hdds/hadoop-dependency-client/target/hdds-hadoop-dependency-client-1.5.0-SNAPSHOT.jar:/home/runner/.m2/repository/info/picocli/picocli/4.7.6/picocli-4.7.6.jar:/home/runner/.m2/repository/com/fasterxml/jackson/core/jackson-annotations/2.16.2/jackson-annotations-2.16.2.jar:/home/runner/work/ozone/ozone/hadoop-hdds/annotations/target/hdds-annotation-processing-1.5.0-SNAPSHOT.jar:/home/runner/.m2/repository/javax/annotation/javax.annotation-api/1.3.2/javax.annotation-api-1.3.2.jar:/home/runner/.m2/repository/org/apache/ratis/ratis-server-api/3.1.0/ratis-server-api-3.1.0.jar:/home/runner/.m2/repository/org/apache/ratis/ratis-netty/3.1.0/ratis-netty-3.1.0.jar:/home/runner/.m2/repository/org/apache/ratis/ratis-grpc/3.1.0/ratis-grpc-3.1.0.jar:/home/runner/.m2/repository/org/bouncycastle/bcpkix-jdk18on/1.78.1/bcpkix-jdk18on-1.78.1.jar:/home/runner/.m2/repository/org/bouncycastle/bcutil-jdk18on/1.78.1/bcutil-jdk18on-1.78.1.jar:/home/runner/.m2/repository/commons-validator/commons-validator/1.6/commons-validator-1.6.jar:/home/runner/.m2/repository/commons-beanutils/commons-beanutils/1.9.4/commons-beanutils-1.9.4.jar:/home/runner/.m2/repository/commons-digester/commons-digester/1.8.1/commons-digester-1.8.1.jar:/home/runner/.m2/repository/commons-collections/commons-collections/3.2.2/commons-collections-3.2.2.jar:/home/runner/.m2/repository/io/jaegertracing/jaeger-client/1.8.1/jaeger-client-1.8.1.jar:/home/runner/.m2/repository/io/jaegertracing/jaeger-thrift/1.8.1/jaeger-thrift-1.8.1.jar:/home/runner/.m2/repository/org/apache/thrift/libthrift/0.15.0/libthrift-0.15.0.jar:/home/runner/.m2/repository/io/jaegertracing/jaeger-core/1.8.1/jaeger-core-1.8.1.jar:/home/runner/.m2/repository/io/jaegertracing/jaeger-tracerresolver/1.8.1/jaeger-tracerresolver-1.8.1.jar:/home/runner/.m2/repository/io/opentracing/contrib/opentracing-tracerresolver/0.1.8/opentracing-tracerresolver-0.1.8.jar:/home/runner/.m2/repository/org/jetbrains/kotlin/kotlin-stdlib/1.9.24/kotlin-stdlib-1.9.24.jar:/home/runner/.m2/repository/org/jetbrains/annotations/13.0/annotations-13.0.jar:/home/runner/.m2/repository/io/opentracing/opentracing-util/0.33.0/opentracing-util-0.33.0.jar:/home/runner/.m2/repository/io/opentracing/opentracing-api/0.33.0/opentracing-api-0.33.0.jar:/home/runner/.m2/repository/io/opentracing/opentracing-noop/0.33.0/opentracing-noop-0.33.0.jar:/home/runner/.m2/repository/org/yaml/snakeyaml/2.0/snakeyaml-2.0.jar:/home/runner/.m2/repository/io/grpc/grpc-api/1.58.0/grpc-api-1.58.0.jar:/home/runner/.m2/repository/org/junit/platform/junit-platform-launcher/1.10.3/junit-platform-launcher-1.10.3.jar:/home/runner/.m2/repository/org/junit/platform/junit-platform-engine/1.10.3/junit-platform-engine-1.10.3.jar:/home/runner/.m2/repository/org/apiguardian/apiguardian-api/1.1.2/apiguardian-api-1.1.2.jar:/home/runner/.m2/repository/org/apache/hadoop/hadoop-kms/3.3.6/hadoop-kms-3.3.6.jar:/home/runner/.m2/repository/org/apache/hadoop/hadoop-auth/3.3.6/hadoop-auth-3.3.6.jar:/home/runner/.m2/repository/org/apache/zookeeper/zookeeper/3.8.4/zookeeper-3.8.4.jar:/home/runner/.m2/repository/org/apache/zookeeper/zookeeper-jute/3.8.4/zookeeper-jute-3.8.4.jar:/home/runner/.m2/repository/org/apache/yetus/audience-annotations/0.12.0/audience-annotations-0.12.0.jar:/home/runner/.m2/repository/org/apache/curator/curator-framework/4.2.0/curator-framework-4.2.0.jar:/home/runner/.m2/repository/org/apache/hadoop/thirdparty/hadoop-shaded-guava/1.2.0/hadoop-shaded-guava-1.2.0.jar:/home/runner/.m2/repository/com/sun/jersey/jersey-core/1.19.4/jersey-core-1.19.4.jar:/home/runner/.m2/repository/javax/ws/rs/jsr311-api/1.1.1/jsr311-api-1.1.1.jar:/home/runner/.m2/repository/com/sun/jersey/jersey-server/1.19.4/jersey-server-1.19.4.jar:/home/runner/.m2/repository/javax/servlet/javax.servlet-api/3.1.0/javax.servlet-api-3.1.0.jar:/home/runner/.m2/repository/org/apache/hadoop/hadoop-common/3.3.6/hadoop-common-3.3.6.jar:/home/runner/.m2/repository/org/apache/commons/commons-math3/3.6.1/commons-math3-3.6.1.jar:/home/runner/.m2/repository/commons-net/commons-net/3.11.1/commons-net-3.11.1.jar:/home/runner/.m2/repository/com/sun/jersey/jersey-servlet/1.19.4/jersey-servlet-1.19.4.jar:/home/runner/.m2/repository/com/github/pjfanning/jersey-json/1.20/jersey-json-1.20.jar:/home/runner/.m2/repository/org/codehaus/jettison/jettison/1.1/jettison-1.1.jar:/home/runner/.m2/repository/com/sun/xml/bind/jaxb-impl/2.2.3-1/jaxb-impl-2.2.3-1.jar:/home/runner/.m2/repository/com/google/re2j/re2j/1.7/re2j-1.7.jar:/home/runner/.m2/repository/com/jcraft/jsch/0.1.55/jsch-0.1.55.jar:/home/runner/.m2/repository/org/apache/curator/curator-client/4.2.0/curator-client-4.2.0.jar:/home/runner/.m2/repository/org/apache/curator/curator-recipes/5.2.0/curator-recipes-5.2.0.jar:/home/runner/.m2/repository/com/google/code/findbugs/jsr305/3.0.2/jsr305-3.0.2.jar:/home/runner/.m2/repository/dnsjava/dnsjava/2.1.9/dnsjava-2.1.9.jar:/home/runner/.m2/repository/com/fasterxml/jackson/core/jackson-databind/2.16.2/jackson-databind-2.16.2.jar:/home/runner/.m2/repository/org/apache/hadoop/hadoop-kms/3.3.6/hadoop-kms-3.3.6-tests.jar:/home/runner/work/ozone/ozone/hadoop-hdds/server-scm/target/hdds-server-scm-1.5.0-SNAPSHOT-tests.jar:/home/runner/work/ozone/ozone/hadoop-hdds/container-service/target/hdds-container-service-1.5.0-SNAPSHOT-tests.jar:/home/runner/.m2/repository/com/github/luben/zstd-jni/1.5.6-3/zstd-jni-1.5.6-3.jar:/home/runner/.m2/repository/commons-codec/commons-codec/1.17.0/commons-codec-1.17.0.jar:/home/runner/.m2/repository/io/netty/netty-codec/4.1.109.Final/netty-codec-4.1.109.Final.jar:/home/runner/.m2/repository/io/netty/netty-handler/4.1.109.Final/netty-handler-4.1.109.Final.jar:/home/runner/work/ozone/ozone/hadoop-hdds/hadoop-dependency-test/target/hdds-hadoop-dependency-test-1.5.0-SNAPSHOT.jar:/home/runner/.m2/repository/org/apache/hadoop/hadoop-common/3.3.6/hadoop-common-3.3.6-tests.jar:/home/runner/.m2/repository/org/apache/hadoop/hadoop-hdfs/3.3.6/hadoop-hdfs-3.3.6-tests.jar:/home/runner/.m2/repository/org/junit/jupiter/junit-jupiter-engine/5.10.3/junit-jupiter-engine-5.10.3.jar:/home/runner/.m2/repository/org/junit/jupiter/junit-jupiter-params/5.10.3/junit-jupiter-params-5.10.3.jar:/home/runner/.m2/repository/org/mockito/mockito-core/4.11.0/mockito-core-4.11.0.jar:/home/runner/.m2/repository/net/bytebuddy/byte-buddy-agent/1.12.19/byte-buddy-agent-1.12.19.jar:/home/runner/.m2/repository/org/objenesis/objenesis/3.3/objenesis-3.3.jar:/home/runner/.m2/repository/org/mockito/mockito-inline/4.11.0/mockito-inline-4.11.0.jar:/home/runner/.m2/repository/org/mockito/mockito-junit-jupiter/4.11.0/mockito-junit-jupiter-4.11.0.jar:/home/runner/.m2/repository/org/apache/hadoop/hadoop-distcp/3.3.6/hadoop-distcp-3.3.6.jar:/home/runner/.m2/repository/org/apache/hadoop/hadoop-mapreduce-client-jobclient/3.3.6/hadoop-mapreduce-client-jobclient-3.3.6.jar:/home/runner/.m2/repository/org/apache/hadoop/hadoop-mapreduce-client-common/3.3.6/hadoop-mapreduce-client-common-3.3.6.jar:/home/runner/.m2/repository/org/apache/hadoop/hadoop-yarn-common/3.3.6/hadoop-yarn-common-3.3.6.jar:/home/runner/.m2/repository/org/apache/hadoop/hadoop-yarn-api/3.3.6/hadoop-yarn-api-3.3.6.jar:/home/runner/.m2/repository/javax/xml/bind/jaxb-api/2.2.11/jaxb-api-2.2.11.jar:/home/runner/.m2/repository/com/sun/jersey/contribs/jersey-guice/1.19.4/jersey-guice-1.19.4.jar:/home/runner/.m2/repository/com/fasterxml/jackson/jaxrs/jackson-jaxrs-json-provider/2.16.2/jackson-jaxrs-json-provider-2.16.2.jar:/home/runner/.m2/repository/com/fasterxml/jackson/jaxrs/jackson-jaxrs-base/2.16.2/jackson-jaxrs-base-2.16.2.jar:/home/runner/.m2/repository/org/apache/hadoop/hadoop-yarn-client/3.3.6/hadoop-yarn-client-3.3.6.jar:/home/runner/.m2/repository/org/eclipse/jetty/websocket/websocket-client/9.4.51.v20230217/websocket-client-9.4.51.v20230217.jar:/home/runner/.m2/repository/org/eclipse/jetty/websocket/websocket-common/9.4.51.v20230217/websocket-common-9.4.51.v20230217.jar:/home/runner/.m2/repository/org/eclipse/jetty/websocket/websocket-api/9.4.51.v20230217/websocket-api-9.4.51.v20230217.jar:/home/runner/.m2/repository/org/jline/jline/3.9.0/jline-3.9.0.jar:/home/runner/.m2/repository/org/apache/hadoop/hadoop-mapreduce-client-core/3.3.6/hadoop-mapreduce-client-core-3.3.6.jar:/home/runner/.m2/repository/org/apache/avro/avro/1.7.7/avro-1.7.7.jar:/home/runner/.m2/repository/com/thoughtworks/paranamer/paranamer/2.3/paranamer-2.3.jar:/home/runner/.m2/repository/org/apache/hadoop/hadoop-annotations/3.3.6/hadoop-annotations-3.3.6.jar:/home/runner/.m2/repository/io/netty/netty/3.10.6.Final/netty-3.10.6.Final.jar:/home/runner/.m2/repository/org/apache/hadoop/hadoop-distcp/3.3.6/hadoop-distcp-3.3.6-tests.jar:/home/runner/.m2/repository/org/hamcrest/hamcrest/2.2/hamcrest-2.2.jar:/home/runner/.m2/repository/org/slf4j/jul-to-slf4j/2.0.13/jul-to-slf4j-2.0.13.jar:/home/runner/work/ozone/ozone/hadoop-ozone/integration-test/target/gradle-enterprise/test-listeners.jar:"/>
    <property name="java.vm.vendor" value="Eclipse Adoptium"/>
    <property name="sun.arch.data.model" value="64"/>
    <property name="test.build.dir" value="/home/runner/work/ozone/ozone/hadoop-ozone/integration-test/target/test-dir"/>
    <property name="test.cache.data" value=""/>
    <property name="java.vendor.url" value="https://adoptium.net/"/>
    <property name="user.timezone" value="Etc/UTC"/>
    <property name="maven-surefire-plugin.argLineAccessArgs" value=" --add-opens java.management/com.sun.jmx.mbeanserver=ALL-UNNAMED --add-exports java.management/com.sun.jmx.mbeanserver=ALL-UNNAMED --add-opens java.base/java.nio=ALL-UNNAMED --add-opens java.base/java.lang=ALL-UNNAMED --add-opens java.base/java.lang.reflect=ALL-UNNAMED"/>
    <property name="os.name" value="Linux"/>
    <property name="java.vm.specification.version" value="17"/>
    <property name="test.build.data" value="/home/runner/work/ozone/ozone/hadoop-ozone/integration-test/target/test-dir"/>
    <property name="sun.java.launcher" value="SUN_STANDARD"/>
    <property name="sun.boot.library.path" value="/usr/lib/jvm/temurin-17-jdk-amd64/lib"/>
    <property name="sun.java.command" value="/home/runner/work/ozone/ozone/hadoop-ozone/integration-test/target/surefire/surefirebooter2866054404944302541.jar /home/runner/work/ozone/ozone/hadoop-ozone/integration-test/target/surefire 2024-07-25T11-01-06_086-jvmRun1 surefire5362626679747459294tmp surefire_2914775187282218667581tmp"/>
    <property name="jdk.debug" value="release"/>
    <property name="native.lib.tmp.dir" value="/tmp"/>
    <property name="surefire.test.class.path" value="/home/runner/work/ozone/ozone/hadoop-ozone/integration-test/target/test-classes:/home/runner/work/ozone/ozone/hadoop-ozone/integration-test/target/classes:/home/runner/work/ozone/ozone/hadoop-ozone/common/target/ozone-common-1.5.0-SNAPSHOT.jar:/home/runner/.m2/repository/io/grpc/grpc-netty/1.58.0/grpc-netty-1.58.0.jar:/home/runner/.m2/repository/io/grpc/grpc-core/1.58.0/grpc-core-1.58.0.jar:/home/runner/.m2/repository/com/google/android/annotations/4.1.1.4/annotations-4.1.1.4.jar:/home/runner/.m2/repository/org/codehaus/mojo/animal-sniffer-annotations/1.23/animal-sniffer-annotations-1.23.jar:/home/runner/.m2/repository/io/grpc/grpc-context/1.58.0/grpc-context-1.58.0.jar:/home/runner/.m2/repository/io/grpc/grpc-util/1.58.0/grpc-util-1.58.0.jar:/home/runner/.m2/repository/com/google/errorprone/error_prone_annotations/2.28.0/error_prone_annotations-2.28.0.jar:/home/runner/.m2/repository/io/perfmark/perfmark-api/0.26.0/perfmark-api-0.26.0.jar:/home/runner/.m2/repository/io/netty/netty-codec-http2/4.1.109.Final/netty-codec-http2-4.1.109.Final.jar:/home/runner/.m2/repository/io/netty/netty-common/4.1.109.Final/netty-common-4.1.109.Final.jar:/home/runner/.m2/repository/io/netty/netty-buffer/4.1.109.Final/netty-buffer-4.1.109.Final.jar:/home/runner/.m2/repository/io/netty/netty-codec-http/4.1.109.Final/netty-codec-http-4.1.109.Final.jar:/home/runner/.m2/repository/io/netty/netty-handler-proxy/4.1.109.Final/netty-handler-proxy-4.1.109.Final.jar:/home/runner/.m2/repository/io/netty/netty-codec-socks/4.1.109.Final/netty-codec-socks-4.1.109.Final.jar:/home/runner/.m2/repository/io/netty/netty-tcnative-boringssl-static/2.0.65.Final/netty-tcnative-boringssl-static-2.0.65.Final.jar:/home/runner/.m2/repository/io/netty/netty-tcnative-classes/2.0.65.Final/netty-tcnative-classes-2.0.65.Final.jar:/home/runner/.m2/repository/io/netty/netty-tcnative-boringssl-static/2.0.65.Final/netty-tcnative-boringssl-static-2.0.65.Final-linux-x86_64.jar:/home/runner/.m2/repository/io/netty/netty-tcnative-boringssl-static/2.0.65.Final/netty-tcnative-boringssl-static-2.0.65.Final-linux-aarch_64.jar:/home/runner/.m2/repository/io/netty/netty-tcnative-boringssl-static/2.0.65.Final/netty-tcnative-boringssl-static-2.0.65.Final-osx-x86_64.jar:/home/runner/.m2/repository/io/netty/netty-tcnative-boringssl-static/2.0.65.Final/netty-tcnative-boringssl-static-2.0.65.Final-osx-aarch_64.jar:/home/runner/.m2/repository/io/netty/netty-tcnative-boringssl-static/2.0.65.Final/netty-tcnative-boringssl-static-2.0.65.Final-windows-x86_64.jar:/home/runner/.m2/repository/org/apache/commons/commons-compress/1.26.0/commons-compress-1.26.0.jar:/home/runner/work/ozone/ozone/hadoop-hdds/common/target/hdds-common-1.5.0-SNAPSHOT.jar:/home/runner/work/ozone/ozone/hadoop-hdds/client/target/hdds-client-1.5.0-SNAPSHOT.jar:/home/runner/work/ozone/ozone/hadoop-ozone/interface-client/target/ozone-interface-client-1.5.0-SNAPSHOT.jar:/home/runner/.m2/repository/org/apache/hadoop/hadoop-hdfs-client/3.3.6/hadoop-hdfs-client-3.3.6.jar:/home/runner/.m2/repository/com/squareup/okhttp3/okhttp/4.12.0/okhttp-4.12.0.jar:/home/runner/.m2/repository/com/squareup/okio/okio/3.6.0/okio-3.6.0.jar:/home/runner/.m2/repository/com/squareup/okio/okio-jvm/3.6.0/okio-jvm-3.6.0.jar:/home/runner/.m2/repository/org/jetbrains/kotlin/kotlin-stdlib-jdk8/1.9.24/kotlin-stdlib-jdk8-1.9.24.jar:/home/runner/.m2/repository/org/jetbrains/kotlin/kotlin-stdlib-jdk7/1.9.24/kotlin-stdlib-jdk7-1.9.24.jar:/home/runner/.m2/repository/org/jetbrains/kotlin/kotlin-stdlib-common/1.9.24/kotlin-stdlib-common-1.9.24.jar:/home/runner/.m2/repository/com/github/stephenc/jcip/jcip-annotations/1.0-1/jcip-annotations-1.0-1.jar:/home/runner/work/ozone/ozone/hadoop-hdds/test-utils/target/hdds-test-utils-1.5.0-SNAPSHOT.jar:/home/runner/.m2/repository/org/assertj/assertj-core/3.26.3/assertj-core-3.26.3.jar:/home/runner/.m2/repository/net/bytebuddy/byte-buddy/1.14.18/byte-buddy-1.14.18.jar:/home/runner/.m2/repository/com/google/guava/guava/32.1.3-jre/guava-32.1.3-jre.jar:/home/runner/.m2/repository/com/google/guava/failureaccess/1.0.1/failureaccess-1.0.1.jar:/home/runner/.m2/repository/com/google/guava/listenablefuture/9999.0-empty-to-avoid-conflict-with-guava/listenablefuture-9999.0-empty-to-avoid-conflict-with-guava.jar:/home/runner/.m2/repository/org/checkerframework/checker-qual/3.37.0/checker-qual-3.37.0.jar:/home/runner/.m2/repository/com/google/j2objc/j2objc-annotations/2.8/j2objc-annotations-2.8.jar:/home/runner/.m2/repository/commons-io/commons-io/2.16.1/commons-io-2.16.1.jar:/home/runner/.m2/repository/commons-logging/commons-logging/1.2/commons-logging-1.2.jar:/home/runner/.m2/repository/org/junit/jupiter/junit-jupiter-api/5.10.3/junit-jupiter-api-5.10.3.jar:/home/runner/.m2/repository/org/opentest4j/opentest4j/1.3.0/opentest4j-1.3.0.jar:/home/runner/.m2/repository/org/junit/platform/junit-platform-commons/1.10.3/junit-platform-commons-1.10.3.jar:/home/runner/.m2/repository/ch/qos/reload4j/reload4j/1.2.25/reload4j-1.2.25.jar:/home/runner/.m2/repository/jakarta/annotation/jakarta.annotation-api/2.1.1/jakarta.annotation-api-2.1.1.jar:/home/runner/.m2/repository/org/slf4j/slf4j-api/2.0.13/slf4j-api-2.0.13.jar:/home/runner/.m2/repository/org/apache/logging/log4j/log4j-api/2.23.1/log4j-api-2.23.1.jar:/home/runner/work/ozone/ozone/hadoop-hdds/server-scm/target/hdds-server-scm-1.5.0-SNAPSHOT.jar:/home/runner/.m2/repository/com/google/protobuf/protobuf-java/2.5.0/protobuf-java-2.5.0.jar:/home/runner/work/ozone/ozone/hadoop-hdds/container-service/target/hdds-container-service-1.5.0-SNAPSHOT.jar:/home/runner/work/ozone/ozone/hadoop-hdds/hadoop-dependency-server/target/hdds-hadoop-dependency-server-1.5.0-SNAPSHOT.jar:/home/runner/.m2/repository/com/nimbusds/nimbus-jose-jwt/9.40/nimbus-jose-jwt-9.40.jar:/home/runner/.m2/repository/org/apache/hadoop/hadoop-hdfs/3.3.6/hadoop-hdfs-3.3.6.jar:/home/runner/.m2/repository/commons-daemon/commons-daemon/1.4.0/commons-daemon-1.4.0.jar:/home/runner/.m2/repository/org/apache/kerby/kerb-core/1.0.1/kerb-core-1.0.1.jar:/home/runner/.m2/repository/org/apache/kerby/kerby-pkix/1.0.1/kerby-pkix-1.0.1.jar:/home/runner/.m2/repository/org/apache/kerby/kerby-asn1/1.0.1/kerby-asn1-1.0.1.jar:/home/runner/.m2/repository/org/apache/kerby/kerby-util/1.0.1/kerby-util-1.0.1.jar:/home/runner/.m2/repository/org/apache/kerby/kerb-util/1.0.1/kerb-util-1.0.1.jar:/home/runner/.m2/repository/org/apache/kerby/kerby-config/1.0.1/kerby-config-1.0.1.jar:/home/runner/.m2/repository/org/apache/kerby/kerb-crypto/1.0.1/kerb-crypto-1.0.1.jar:/home/runner/.m2/repository/org/xerial/snappy/snappy-java/1.1.10.5/snappy-java-1.1.10.5.jar:/home/runner/work/ozone/ozone/hadoop-hdds/framework/target/hdds-server-framework-1.5.0-SNAPSHOT.jar:/home/runner/.m2/repository/org/bouncycastle/bcprov-jdk18on/1.78.1/bcprov-jdk18on-1.78.1.jar:/home/runner/.m2/repository/io/dropwizard/metrics/metrics-core/3.2.6/metrics-core-3.2.6.jar:/home/runner/.m2/repository/org/apache/commons/commons-text/1.12.0/commons-text-1.12.0.jar:/home/runner/work/ozone/ozone/hadoop-hdds/framework/target/hdds-server-framework-1.5.0-SNAPSHOT-tests.jar:/home/runner/work/ozone/ozone/hadoop-hdds/interface-server/target/hdds-interface-server-1.5.0-SNAPSHOT.jar:/home/runner/work/ozone/ozone/hadoop-hdds/interface-admin/target/hdds-interface-admin-1.5.0-SNAPSHOT.jar:/home/runner/work/ozone/ozone/hadoop-hdds/managed-rocksdb/target/hdds-managed-rocksdb-1.5.0-SNAPSHOT.jar:/home/runner/.m2/repository/org/rocksdb/rocksdbjni/7.7.3/rocksdbjni-7.7.3.jar:/home/runner/.m2/repository/org/slf4j/slf4j-reload4j/2.0.13/slf4j-reload4j-2.0.13.jar:/home/runner/.m2/repository/org/apache/commons/commons-configuration2/2.10.1/commons-configuration2-2.10.1.jar:/home/runner/.m2/repository/commons-fileupload/commons-fileupload/1.5/commons-fileupload-1.5.jar:/home/runner/.m2/repository/org/apache/logging/log4j/log4j-core/2.23.1/log4j-core-2.23.1.jar:/home/runner/.m2/repository/com/lmax/disruptor/3.4.4/disruptor-3.4.4.jar:/home/runner/.m2/repository/org/eclipse/jetty/jetty-util/9.4.55.v20240627/jetty-util-9.4.55.v20240627.jar:/home/runner/.m2/repository/org/eclipse/jetty/jetty-server/9.4.55.v20240627/jetty-server-9.4.55.v20240627.jar:/home/runner/.m2/repository/org/eclipse/jetty/jetty-http/9.4.55.v20240627/jetty-http-9.4.55.v20240627.jar:/home/runner/.m2/repository/org/eclipse/jetty/jetty-io/9.4.55.v20240627/jetty-io-9.4.55.v20240627.jar:/home/runner/.m2/repository/org/eclipse/jetty/jetty-servlet/9.4.55.v20240627/jetty-servlet-9.4.55.v20240627.jar:/home/runner/.m2/repository/org/eclipse/jetty/jetty-security/9.4.55.v20240627/jetty-security-9.4.55.v20240627.jar:/home/runner/.m2/repository/org/eclipse/jetty/jetty-util-ajax/9.4.55.v20240627/jetty-util-ajax-9.4.55.v20240627.jar:/home/runner/.m2/repository/org/eclipse/jetty/jetty-webapp/9.4.55.v20240627/jetty-webapp-9.4.55.v20240627.jar:/home/runner/.m2/repository/org/eclipse/jetty/jetty-xml/9.4.55.v20240627/jetty-xml-9.4.55.v20240627.jar:/home/runner/.m2/repository/org/glassfish/jersey/containers/jersey-container-servlet-core/2.43/jersey-container-servlet-core-2.43.jar:/home/runner/.m2/repository/org/glassfish/hk2/external/jakarta.inject/2.6.1/jakarta.inject-2.6.1.jar:/home/runner/.m2/repository/org/glassfish/jersey/core/jersey-common/2.43/jersey-common-2.43.jar:/home/runner/.m2/repository/jakarta/ws/rs/jakarta.ws.rs-api/2.1.6/jakarta.ws.rs-api-2.1.6.jar:/home/runner/.m2/repository/org/apache/ratis/ratis-server/3.1.0/ratis-server-3.1.0.jar:/home/runner/.m2/repository/org/apache/ratis/ratis-thirdparty-misc/1.0.6/ratis-thirdparty-misc-1.0.6.jar:/home/runner/.m2/repository/org/apache/ratis/ratis-proto/3.1.0/ratis-proto-3.1.0.jar:/home/runner/.m2/repository/org/apache/ratis/ratis-common/3.1.0/ratis-common-3.1.0.jar:/home/runner/.m2/repository/org/apache/ratis/ratis-client/3.1.0/ratis-client-3.1.0.jar:/home/runner/.m2/repository/org/apache/ratis/ratis-metrics-api/3.1.0/ratis-metrics-api-3.1.0.jar:/home/runner/.m2/repository/org/apache/ratis/ratis-metrics-dropwizard3/3.1.0/ratis-metrics-dropwizard3-3.1.0.jar:/home/runner/.m2/repository/io/prometheus/simpleclient_dropwizard/0.16.0/simpleclient_dropwizard-0.16.0.jar:/home/runner/.m2/repository/io/prometheus/simpleclient/0.16.0/simpleclient-0.16.0.jar:/home/runner/.m2/repository/io/prometheus/simpleclient_common/0.16.0/simpleclient_common-0.16.0.jar:/home/runner/.m2/repository/com/fasterxml/jackson/datatype/jackson-datatype-jsr310/2.16.2/jackson-datatype-jsr310-2.16.2.jar:/home/runner/.m2/repository/com/fasterxml/jackson/core/jackson-core/2.16.2/jackson-core-2.16.2.jar:/home/runner/.m2/repository/com/github/jnr/jnr-posix/3.1.19/jnr-posix-3.1.19.jar:/home/runner/.m2/repository/com/github/jnr/jnr-ffi/2.2.16/jnr-ffi-2.2.16.jar:/home/runner/.m2/repository/com/github/jnr/jffi/1.3.13/jffi-1.3.13.jar:/home/runner/.m2/repository/com/github/jnr/jffi/1.3.13/jffi-1.3.13-native.jar:/home/runner/.m2/repository/org/ow2/asm/asm/9.2/asm-9.2.jar:/home/runner/.m2/repository/org/ow2/asm/asm-commons/9.2/asm-commons-9.2.jar:/home/runner/.m2/repository/org/ow2/asm/asm-analysis/9.2/asm-analysis-9.2.jar:/home/runner/.m2/repository/org/ow2/asm/asm-tree/9.2/asm-tree-9.2.jar:/home/runner/.m2/repository/org/ow2/asm/asm-util/9.2/asm-util-9.2.jar:/home/runner/.m2/repository/com/github/jnr/jnr-a64asm/1.0.0/jnr-a64asm-1.0.0.jar:/home/runner/.m2/repository/com/github/jnr/jnr-x86asm/1.0.2/jnr-x86asm-1.0.2.jar:/home/runner/.m2/repository/com/github/jnr/jnr-constants/0.10.4/jnr-constants-0.10.4.jar:/home/runner/work/ozone/ozone/hadoop-hdds/rocksdb-checkpoint-differ/target/rocksdb-checkpoint-differ-1.5.0-SNAPSHOT.jar:/home/runner/.m2/repository/org/jgrapht/jgrapht-core/1.4.0/jgrapht-core-1.4.0.jar:/home/runner/.m2/repository/org/jheaps/jheaps/0.11/jheaps-0.11.jar:/home/runner/.m2/repository/org/jgrapht/jgrapht-ext/1.4.0/jgrapht-ext-1.4.0.jar:/home/runner/.m2/repository/com/github/vlsi/mxgraph/jgraphx/3.9.8.1/jgraphx-3.9.8.1.jar:/home/runner/work/ozone/ozone/hadoop-ozone/ozone-manager/target/ozone-manager-1.5.0-SNAPSHOT.jar:/home/runner/.m2/repository/org/aspectj/aspectjrt/1.9.7/aspectjrt-1.9.7.jar:/home/runner/.m2/repository/org/aspectj/aspectjweaver/1.9.7/aspectjweaver-1.9.7.jar:/home/runner/work/ozone/ozone/hadoop-hdds/interface-client/target/hdds-interface-client-1.5.0-SNAPSHOT.jar:/home/runner/.m2/repository/org/apache/hadoop/thirdparty/hadoop-shaded-protobuf_3_7/1.1.1/hadoop-shaded-protobuf_3_7-1.1.1.jar:/home/runner/work/ozone/ozone/hadoop-ozone/interface-storage/target/ozone-interface-storage-1.5.0-SNAPSHOT.jar:/home/runner/.m2/repository/org/reflections/reflections/0.10.2/reflections-0.10.2.jar:/home/runner/.m2/repository/com/sun/jersey/jersey-client/1.19.4/jersey-client-1.19.4.jar:/home/runner/.m2/repository/org/codehaus/jackson/jackson-core-asl/1.9.13/jackson-core-asl-1.9.13.jar:/home/runner/.m2/repository/org/codehaus/jackson/jackson-mapper-asl/1.9.13/jackson-mapper-asl-1.9.13.jar:/home/runner/.m2/repository/org/codehaus/jackson/jackson-jaxrs/1.9.13/jackson-jaxrs-1.9.13.jar:/home/runner/.m2/repository/org/apache/ranger/ranger-intg/2.3.0/ranger-intg-2.3.0.jar:/home/runner/.m2/repository/org/apache/ranger/ranger-plugins-common/2.3.0/ranger-plugins-common-2.3.0.jar:/home/runner/.m2/repository/commons-lang/commons-lang/2.6/commons-lang-2.6.jar:/home/runner/.m2/repository/org/apache/ranger/ranger-plugins-cred/2.3.0/ranger-plugins-cred-2.3.0.jar:/home/runner/.m2/repository/org/apache/ranger/ranger-plugins-audit/2.3.0/ranger-plugins-audit-2.3.0.jar:/home/runner/.m2/repository/org/eclipse/jetty/jetty-client/9.4.55.v20240627/jetty-client-9.4.55.v20240627.jar:/home/runner/.m2/repository/org/apache/httpcomponents/httpmime/4.5.6/httpmime-4.5.6.jar:/home/runner/.m2/repository/org/apache/httpcomponents/httpcore-nio/4.4.16/httpcore-nio-4.4.16.jar:/home/runner/.m2/repository/org/apache/httpcomponents/httpasyncclient/4.1.3/httpasyncclient-4.1.3.jar:/home/runner/.m2/repository/com/carrotsearch/hppc/0.8.0/hppc-0.8.0.jar:/home/runner/.m2/repository/org/apache/orc/orc-core/1.5.8/orc-core-1.5.8.jar:/home/runner/.m2/repository/net/java/dev/jna/jna/5.2.0/jna-5.2.0.jar:/home/runner/.m2/repository/net/java/dev/jna/jna-platform/5.2.0/jna-platform-5.2.0.jar:/home/runner/.m2/repository/com/kstruct/gethostname4j/0.0.2/gethostname4j-0.0.2.jar:/home/runner/.m2/repository/org/apache/ranger/ranger-plugin-classloader/2.3.0/ranger-plugin-classloader-2.3.0.jar:/home/runner/work/ozone/ozone/hadoop-hdds/rocks-native/target/hdds-rocks-native-1.5.0-SNAPSHOT.jar:/home/runner/.m2/repository/org/apache/hadoop/hadoop-minikdc/3.3.6/hadoop-minikdc-3.3.6.jar:/home/runner/.m2/repository/org/apache/kerby/kerb-simplekdc/1.0.1/kerb-simplekdc-1.0.1.jar:/home/runner/.m2/repository/org/apache/kerby/kerb-client/1.0.1/kerb-client-1.0.1.jar:/home/runner/.m2/repository/org/apache/kerby/kerb-common/1.0.1/kerb-common-1.0.1.jar:/home/runner/.m2/repository/org/apache/kerby/token-provider/1.0.1/token-provider-1.0.1.jar:/home/runner/.m2/repository/org/apache/kerby/kerb-admin/1.0.1/kerb-admin-1.0.1.jar:/home/runner/.m2/repository/org/apache/kerby/kerb-server/1.0.1/kerb-server-1.0.1.jar:/home/runner/.m2/repository/org/apache/kerby/kerb-identity/1.0.1/kerb-identity-1.0.1.jar:/home/runner/.m2/repository/org/apache/kerby/kerby-xdr/1.0.1/kerby-xdr-1.0.1.jar:/home/runner/.m2/repository/junit/junit/4.13.2/junit-4.13.2.jar:/home/runner/.m2/repository/org/hamcrest/hamcrest-core/1.3/hamcrest-core-1.3.jar:/home/runner/work/ozone/ozone/hadoop-ozone/s3gateway/target/ozone-s3gateway-1.5.0-SNAPSHOT.jar:/home/runner/.m2/repository/org/javassist/javassist/3.30.2-GA/javassist-3.30.2-GA.jar:/home/runner/.m2/repository/org/jboss/weld/servlet/weld-servlet-shaded/3.1.9.Final/weld-servlet-shaded-3.1.9.Final.jar:/home/runner/.m2/repository/org/glassfish/jersey/ext/cdi/jersey-cdi1x/2.43/jersey-cdi1x-2.43.jar:/home/runner/.m2/repository/org/glassfish/jersey/inject/jersey-hk2/2.43/jersey-hk2-2.43.jar:/home/runner/.m2/repository/org/glassfish/hk2/hk2-locator/2.6.1/hk2-locator-2.6.1.jar:/home/runner/.m2/repository/org/glassfish/jersey/media/jersey-media-jaxb/2.43/jersey-media-jaxb-2.43.jar:/home/runner/.m2/repository/org/glassfish/hk2/osgi-resource-locator/1.0.3/osgi-resource-locator-1.0.3.jar:/home/runner/.m2/repository/org/glassfish/hk2/hk2-api/2.6.1/hk2-api-2.6.1.jar:/home/runner/.m2/repository/org/glassfish/hk2/hk2-utils/2.6.1/hk2-utils-2.6.1.jar:/home/runner/.m2/repository/org/glassfish/hk2/external/aopalliance-repackaged/2.6.1/aopalliance-repackaged-2.6.1.jar:/home/runner/.m2/repository/com/fasterxml/jackson/dataformat/jackson-dataformat-xml/2.16.2/jackson-dataformat-xml-2.16.2.jar:/home/runner/.m2/repository/org/codehaus/woodstox/stax2-api/4.2.2/stax2-api-4.2.2.jar:/home/runner/.m2/repository/com/fasterxml/woodstox/woodstox-core/5.4.0/woodstox-core-5.4.0.jar:/home/runner/.m2/repository/com/fasterxml/jackson/module/jackson-module-jaxb-annotations/2.16.2/jackson-module-jaxb-annotations-2.16.2.jar:/home/runner/.m2/repository/javax/enterprise/cdi-api/2.0/cdi-api-2.0.jar:/home/runner/.m2/repository/javax/el/javax.el-api/3.0.0/javax.el-api-3.0.0.jar:/home/runner/.m2/repository/javax/interceptor/javax.interceptor-api/1.2/javax.interceptor-api-1.2.jar:/home/runner/.m2/repository/javax/inject/javax.inject/1/javax.inject-1.jar:/home/runner/.m2/repository/jakarta/xml/bind/jakarta.xml.bind-api/2.3.3/jakarta.xml.bind-api-2.3.3.jar:/home/runner/.m2/repository/org/glassfish/jaxb/jaxb-runtime/2.3.9/jaxb-runtime-2.3.9.jar:/home/runner/.m2/repository/org/glassfish/jaxb/txw2/2.3.9/txw2-2.3.9.jar:/home/runner/.m2/repository/com/sun/istack/istack-commons-runtime/3.0.12/istack-commons-runtime-3.0.12.jar:/home/runner/.m2/repository/com/sun/activation/jakarta.activation/1.2.2/jakarta.activation-1.2.2.jar:/home/runner/.m2/repository/jakarta/activation/jakarta.activation-api/1.2.2/jakarta.activation-api-1.2.2.jar:/home/runner/.m2/repository/io/grpc/grpc-protobuf/1.58.0/grpc-protobuf-1.58.0.jar:/home/runner/.m2/repository/com/google/api/grpc/proto-google-common-protos/2.22.0/proto-google-common-protos-2.22.0.jar:/home/runner/.m2/repository/io/grpc/grpc-protobuf-lite/1.58.0/grpc-protobuf-lite-1.58.0.jar:/home/runner/.m2/repository/io/grpc/grpc-stub/1.58.0/grpc-stub-1.58.0.jar:/home/runner/.m2/repository/io/netty/netty-transport/4.1.109.Final/netty-transport-4.1.109.Final.jar:/home/runner/.m2/repository/io/netty/netty-resolver/4.1.109.Final/netty-resolver-4.1.109.Final.jar:/home/runner/work/ozone/ozone/hadoop-ozone/csi/target/ozone-csi-1.5.0-SNAPSHOT.jar:/home/runner/.m2/repository/com/google/protobuf/protobuf-java-util/3.19.6/protobuf-java-util-3.19.6.jar:/home/runner/.m2/repository/com/google/code/gson/gson/2.10.1/gson-2.10.1.jar:/home/runner/work/ozone/ozone/hadoop-hdds/config/target/hdds-config-1.5.0-SNAPSHOT.jar:/home/runner/.m2/repository/io/netty/netty-transport-native-epoll/4.1.109.Final/netty-transport-native-epoll-4.1.109.Final-linux-x86_64.jar:/home/runner/.m2/repository/io/netty/netty-transport-classes-epoll/4.1.109.Final/netty-transport-classes-epoll-4.1.109.Final.jar:/home/runner/.m2/repository/io/netty/netty-transport-native-unix-common/4.1.109.Final/netty-transport-native-unix-common-4.1.109.Final.jar:/home/runner/work/ozone/ozone/hadoop-ozone/recon/target/ozone-recon-1.5.0-SNAPSHOT.jar:/home/runner/work/ozone/ozone/hadoop-ozone/recon-codegen/target/ozone-reconcodegen-1.5.0-SNAPSHOT.jar:/home/runner/.m2/repository/com/google/inject/guice/6.0.0/guice-6.0.0.jar:/home/runner/.m2/repository/jakarta/inject/jakarta.inject-api/2.0.1/jakarta.inject-api-2.0.1.jar:/home/runner/.m2/repository/aopalliance/aopalliance/1.0/aopalliance-1.0.jar:/home/runner/.m2/repository/com/google/inject/extensions/guice-assistedinject/6.0.0/guice-assistedinject-6.0.0.jar:/home/runner/.m2/repository/com/google/inject/extensions/guice-servlet/6.0.0/guice-servlet-6.0.0.jar:/home/runner/.m2/repository/org/glassfish/jersey/containers/jersey-container-servlet/2.43/jersey-container-servlet-2.43.jar:/home/runner/.m2/repository/org/glassfish/hk2/guice-bridge/2.6.1/guice-bridge-2.6.1.jar:/home/runner/.m2/repository/org/glassfish/jersey/core/jersey-server/2.43/jersey-server-2.43.jar:/home/runner/.m2/repository/org/glassfish/jersey/core/jersey-client/2.43/jersey-client-2.43.jar:/home/runner/.m2/repository/jakarta/validation/jakarta.validation-api/2.0.2/jakarta.validation-api-2.0.2.jar:/home/runner/.m2/repository/org/glassfish/jersey/media/jersey-media-json-jackson/2.43/jersey-media-json-jackson-2.43.jar:/home/runner/.m2/repository/org/glassfish/jersey/ext/jersey-entity-filtering/2.43/jersey-entity-filtering-2.43.jar:/home/runner/.m2/repository/org/jooq/jooq/3.11.10/jooq-3.11.10.jar:/home/runner/.m2/repository/org/jooq/jooq-meta/3.11.10/jooq-meta-3.11.10.jar:/home/runner/.m2/repository/org/jooq/jooq-codegen/3.11.10/jooq-codegen-3.11.10.jar:/home/runner/.m2/repository/com/jolbox/bonecp/0.8.0.RELEASE/bonecp-0.8.0.RELEASE.jar:/home/runner/.m2/repository/org/apache/derby/derby/10.14.2.0/derby-10.14.2.0.jar:/home/runner/.m2/repository/org/xerial/sqlite-jdbc/3.46.0.0/sqlite-jdbc-3.46.0.0.jar:/home/runner/.m2/repository/org/springframework/spring-jdbc/5.3.37/spring-jdbc-5.3.37.jar:/home/runner/.m2/repository/org/springframework/spring-beans/5.3.37/spring-beans-5.3.37.jar:/home/runner/.m2/repository/org/springframework/spring-core/5.3.37/spring-core-5.3.37.jar:/home/runner/.m2/repository/org/springframework/spring-tx/5.3.37/spring-tx-5.3.37.jar:/home/runner/work/ozone/ozone/hadoop-ozone/client/target/ozone-client-1.5.0-SNAPSHOT.jar:/home/runner/work/ozone/ozone/hadoop-hdds/erasurecode/target/hdds-erasurecode-1.5.0-SNAPSHOT.jar:/home/runner/work/ozone/ozone/hadoop-ozone/ozonefs/target/ozone-filesystem-1.5.0-SNAPSHOT.jar:/home/runner/work/ozone/ozone/hadoop-ozone/ozonefs-common/target/ozone-filesystem-common-1.5.0-SNAPSHOT.jar:/home/runner/work/ozone/ozone/hadoop-ozone/tools/target/ozone-tools-1.5.0-SNAPSHOT.jar:/home/runner/.m2/repository/com/amazonaws/aws-java-sdk-core/1.12.661/aws-java-sdk-core-1.12.661.jar:/home/runner/.m2/repository/org/apache/httpcomponents/httpclient/4.5.14/httpclient-4.5.14.jar:/home/runner/.m2/repository/org/apache/httpcomponents/httpcore/4.4.16/httpcore-4.4.16.jar:/home/runner/.m2/repository/com/fasterxml/jackson/dataformat/jackson-dataformat-cbor/2.16.2/jackson-dataformat-cbor-2.16.2.jar:/home/runner/.m2/repository/joda-time/joda-time/2.12.7/joda-time-2.12.7.jar:/home/runner/.m2/repository/com/amazonaws/aws-java-sdk-s3/1.12.661/aws-java-sdk-s3-1.12.661.jar:/home/runner/.m2/repository/com/amazonaws/aws-java-sdk-kms/1.12.661/aws-java-sdk-kms-1.12.661.jar:/home/runner/.m2/repository/com/amazonaws/jmespath-java/1.12.661/jmespath-java-1.12.661.jar:/home/runner/.m2/repository/org/kohsuke/metainf-services/metainf-services/1.11/metainf-services-1.11.jar:/home/runner/work/ozone/ozone/hadoop-hdds/tools/target/hdds-tools-1.5.0-SNAPSHOT.jar:/home/runner/.m2/repository/org/apache/ratis/ratis-tools/3.1.0/ratis-tools-3.1.0.jar:/home/runner/.m2/repository/commons-cli/commons-cli/1.8.0/commons-cli-1.8.0.jar:/home/runner/.m2/repository/org/apache/commons/commons-lang3/3.14.0/commons-lang3-3.14.0.jar:/home/runner/work/ozone/ozone/hadoop-ozone/ozone-manager/target/ozone-manager-1.5.0-SNAPSHOT-tests.jar:/home/runner/work/ozone/ozone/hadoop-hdds/common/target/hdds-common-1.5.0-SNAPSHOT-tests.jar:/home/runner/work/ozone/ozone/hadoop-hdds/hadoop-dependency-client/target/hdds-hadoop-dependency-client-1.5.0-SNAPSHOT.jar:/home/runner/.m2/repository/info/picocli/picocli/4.7.6/picocli-4.7.6.jar:/home/runner/.m2/repository/com/fasterxml/jackson/core/jackson-annotations/2.16.2/jackson-annotations-2.16.2.jar:/home/runner/work/ozone/ozone/hadoop-hdds/annotations/target/hdds-annotation-processing-1.5.0-SNAPSHOT.jar:/home/runner/.m2/repository/javax/annotation/javax.annotation-api/1.3.2/javax.annotation-api-1.3.2.jar:/home/runner/.m2/repository/org/apache/ratis/ratis-server-api/3.1.0/ratis-server-api-3.1.0.jar:/home/runner/.m2/repository/org/apache/ratis/ratis-netty/3.1.0/ratis-netty-3.1.0.jar:/home/runner/.m2/repository/org/apache/ratis/ratis-grpc/3.1.0/ratis-grpc-3.1.0.jar:/home/runner/.m2/repository/org/bouncycastle/bcpkix-jdk18on/1.78.1/bcpkix-jdk18on-1.78.1.jar:/home/runner/.m2/repository/org/bouncycastle/bcutil-jdk18on/1.78.1/bcutil-jdk18on-1.78.1.jar:/home/runner/.m2/repository/commons-validator/commons-validator/1.6/commons-validator-1.6.jar:/home/runner/.m2/repository/commons-beanutils/commons-beanutils/1.9.4/commons-beanutils-1.9.4.jar:/home/runner/.m2/repository/commons-digester/commons-digester/1.8.1/commons-digester-1.8.1.jar:/home/runner/.m2/repository/commons-collections/commons-collections/3.2.2/commons-collections-3.2.2.jar:/home/runner/.m2/repository/io/jaegertracing/jaeger-client/1.8.1/jaeger-client-1.8.1.jar:/home/runner/.m2/repository/io/jaegertracing/jaeger-thrift/1.8.1/jaeger-thrift-1.8.1.jar:/home/runner/.m2/repository/org/apache/thrift/libthrift/0.15.0/libthrift-0.15.0.jar:/home/runner/.m2/repository/io/jaegertracing/jaeger-core/1.8.1/jaeger-core-1.8.1.jar:/home/runner/.m2/repository/io/jaegertracing/jaeger-tracerresolver/1.8.1/jaeger-tracerresolver-1.8.1.jar:/home/runner/.m2/repository/io/opentracing/contrib/opentracing-tracerresolver/0.1.8/opentracing-tracerresolver-0.1.8.jar:/home/runner/.m2/repository/org/jetbrains/kotlin/kotlin-stdlib/1.9.24/kotlin-stdlib-1.9.24.jar:/home/runner/.m2/repository/org/jetbrains/annotations/13.0/annotations-13.0.jar:/home/runner/.m2/repository/io/opentracing/opentracing-util/0.33.0/opentracing-util-0.33.0.jar:/home/runner/.m2/repository/io/opentracing/opentracing-api/0.33.0/opentracing-api-0.33.0.jar:/home/runner/.m2/repository/io/opentracing/opentracing-noop/0.33.0/opentracing-noop-0.33.0.jar:/home/runner/.m2/repository/org/yaml/snakeyaml/2.0/snakeyaml-2.0.jar:/home/runner/.m2/repository/io/grpc/grpc-api/1.58.0/grpc-api-1.58.0.jar:/home/runner/.m2/repository/org/junit/platform/junit-platform-launcher/1.10.3/junit-platform-launcher-1.10.3.jar:/home/runner/.m2/repository/org/junit/platform/junit-platform-engine/1.10.3/junit-platform-engine-1.10.3.jar:/home/runner/.m2/repository/org/apiguardian/apiguardian-api/1.1.2/apiguardian-api-1.1.2.jar:/home/runner/.m2/repository/org/apache/hadoop/hadoop-kms/3.3.6/hadoop-kms-3.3.6.jar:/home/runner/.m2/repository/org/apache/hadoop/hadoop-auth/3.3.6/hadoop-auth-3.3.6.jar:/home/runner/.m2/repository/org/apache/zookeeper/zookeeper/3.8.4/zookeeper-3.8.4.jar:/home/runner/.m2/repository/org/apache/zookeeper/zookeeper-jute/3.8.4/zookeeper-jute-3.8.4.jar:/home/runner/.m2/repository/org/apache/yetus/audience-annotations/0.12.0/audience-annotations-0.12.0.jar:/home/runner/.m2/repository/org/apache/curator/curator-framework/4.2.0/curator-framework-4.2.0.jar:/home/runner/.m2/repository/org/apache/hadoop/thirdparty/hadoop-shaded-guava/1.2.0/hadoop-shaded-guava-1.2.0.jar:/home/runner/.m2/repository/com/sun/jersey/jersey-core/1.19.4/jersey-core-1.19.4.jar:/home/runner/.m2/repository/javax/ws/rs/jsr311-api/1.1.1/jsr311-api-1.1.1.jar:/home/runner/.m2/repository/com/sun/jersey/jersey-server/1.19.4/jersey-server-1.19.4.jar:/home/runner/.m2/repository/javax/servlet/javax.servlet-api/3.1.0/javax.servlet-api-3.1.0.jar:/home/runner/.m2/repository/org/apache/hadoop/hadoop-common/3.3.6/hadoop-common-3.3.6.jar:/home/runner/.m2/repository/org/apache/commons/commons-math3/3.6.1/commons-math3-3.6.1.jar:/home/runner/.m2/repository/commons-net/commons-net/3.11.1/commons-net-3.11.1.jar:/home/runner/.m2/repository/com/sun/jersey/jersey-servlet/1.19.4/jersey-servlet-1.19.4.jar:/home/runner/.m2/repository/com/github/pjfanning/jersey-json/1.20/jersey-json-1.20.jar:/home/runner/.m2/repository/org/codehaus/jettison/jettison/1.1/jettison-1.1.jar:/home/runner/.m2/repository/com/sun/xml/bind/jaxb-impl/2.2.3-1/jaxb-impl-2.2.3-1.jar:/home/runner/.m2/repository/com/google/re2j/re2j/1.7/re2j-1.7.jar:/home/runner/.m2/repository/com/jcraft/jsch/0.1.55/jsch-0.1.55.jar:/home/runner/.m2/repository/org/apache/curator/curator-client/4.2.0/curator-client-4.2.0.jar:/home/runner/.m2/repository/org/apache/curator/curator-recipes/5.2.0/curator-recipes-5.2.0.jar:/home/runner/.m2/repository/com/google/code/findbugs/jsr305/3.0.2/jsr305-3.0.2.jar:/home/runner/.m2/repository/dnsjava/dnsjava/2.1.9/dnsjava-2.1.9.jar:/home/runner/.m2/repository/com/fasterxml/jackson/core/jackson-databind/2.16.2/jackson-databind-2.16.2.jar:/home/runner/.m2/repository/org/apache/hadoop/hadoop-kms/3.3.6/hadoop-kms-3.3.6-tests.jar:/home/runner/work/ozone/ozone/hadoop-hdds/server-scm/target/hdds-server-scm-1.5.0-SNAPSHOT-tests.jar:/home/runner/work/ozone/ozone/hadoop-hdds/container-service/target/hdds-container-service-1.5.0-SNAPSHOT-tests.jar:/home/runner/.m2/repository/com/github/luben/zstd-jni/1.5.6-3/zstd-jni-1.5.6-3.jar:/home/runner/.m2/repository/commons-codec/commons-codec/1.17.0/commons-codec-1.17.0.jar:/home/runner/.m2/repository/io/netty/netty-codec/4.1.109.Final/netty-codec-4.1.109.Final.jar:/home/runner/.m2/repository/io/netty/netty-handler/4.1.109.Final/netty-handler-4.1.109.Final.jar:/home/runner/work/ozone/ozone/hadoop-hdds/hadoop-dependency-test/target/hdds-hadoop-dependency-test-1.5.0-SNAPSHOT.jar:/home/runner/.m2/repository/org/apache/hadoop/hadoop-common/3.3.6/hadoop-common-3.3.6-tests.jar:/home/runner/.m2/repository/org/apache/hadoop/hadoop-hdfs/3.3.6/hadoop-hdfs-3.3.6-tests.jar:/home/runner/.m2/repository/org/junit/jupiter/junit-jupiter-engine/5.10.3/junit-jupiter-engine-5.10.3.jar:/home/runner/.m2/repository/org/junit/jupiter/junit-jupiter-params/5.10.3/junit-jupiter-params-5.10.3.jar:/home/runner/.m2/repository/org/mockito/mockito-core/4.11.0/mockito-core-4.11.0.jar:/home/runner/.m2/repository/net/bytebuddy/byte-buddy-agent/1.12.19/byte-buddy-agent-1.12.19.jar:/home/runner/.m2/repository/org/objenesis/objenesis/3.3/objenesis-3.3.jar:/home/runner/.m2/repository/org/mockito/mockito-inline/4.11.0/mockito-inline-4.11.0.jar:/home/runner/.m2/repository/org/mockito/mockito-junit-jupiter/4.11.0/mockito-junit-jupiter-4.11.0.jar:/home/runner/.m2/repository/org/apache/hadoop/hadoop-distcp/3.3.6/hadoop-distcp-3.3.6.jar:/home/runner/.m2/repository/org/apache/hadoop/hadoop-mapreduce-client-jobclient/3.3.6/hadoop-mapreduce-client-jobclient-3.3.6.jar:/home/runner/.m2/repository/org/apache/hadoop/hadoop-mapreduce-client-common/3.3.6/hadoop-mapreduce-client-common-3.3.6.jar:/home/runner/.m2/repository/org/apache/hadoop/hadoop-yarn-common/3.3.6/hadoop-yarn-common-3.3.6.jar:/home/runner/.m2/repository/org/apache/hadoop/hadoop-yarn-api/3.3.6/hadoop-yarn-api-3.3.6.jar:/home/runner/.m2/repository/javax/xml/bind/jaxb-api/2.2.11/jaxb-api-2.2.11.jar:/home/runner/.m2/repository/com/sun/jersey/contribs/jersey-guice/1.19.4/jersey-guice-1.19.4.jar:/home/runner/.m2/repository/com/fasterxml/jackson/jaxrs/jackson-jaxrs-json-provider/2.16.2/jackson-jaxrs-json-provider-2.16.2.jar:/home/runner/.m2/repository/com/fasterxml/jackson/jaxrs/jackson-jaxrs-base/2.16.2/jackson-jaxrs-base-2.16.2.jar:/home/runner/.m2/repository/org/apache/hadoop/hadoop-yarn-client/3.3.6/hadoop-yarn-client-3.3.6.jar:/home/runner/.m2/repository/org/eclipse/jetty/websocket/websocket-client/9.4.51.v20230217/websocket-client-9.4.51.v20230217.jar:/home/runner/.m2/repository/org/eclipse/jetty/websocket/websocket-common/9.4.51.v20230217/websocket-common-9.4.51.v20230217.jar:/home/runner/.m2/repository/org/eclipse/jetty/websocket/websocket-api/9.4.51.v20230217/websocket-api-9.4.51.v20230217.jar:/home/runner/.m2/repository/org/jline/jline/3.9.0/jline-3.9.0.jar:/home/runner/.m2/repository/org/apache/hadoop/hadoop-mapreduce-client-core/3.3.6/hadoop-mapreduce-client-core-3.3.6.jar:/home/runner/.m2/repository/org/apache/avro/avro/1.7.7/avro-1.7.7.jar:/home/runner/.m2/repository/com/thoughtworks/paranamer/paranamer/2.3/paranamer-2.3.jar:/home/runner/.m2/repository/org/apache/hadoop/hadoop-annotations/3.3.6/hadoop-annotations-3.3.6.jar:/home/runner/.m2/repository/io/netty/netty/3.10.6.Final/netty-3.10.6.Final.jar:/home/runner/.m2/repository/org/apache/hadoop/hadoop-distcp/3.3.6/hadoop-distcp-3.3.6-tests.jar:/home/runner/.m2/repository/org/hamcrest/hamcrest/2.2/hamcrest-2.2.jar:/home/runner/.m2/repository/org/slf4j/jul-to-slf4j/2.0.13/jul-to-slf4j-2.0.13.jar:/home/runner/work/ozone/ozone/hadoop-ozone/integration-test/target/gradle-enterprise/test-listeners.jar:"/>
    <property name="sun.cpu.endian" value="little"/>
    <property name="user.home" value="/home/runner"/>
    <property name="user.language" value="en"/>
    <property name="java.specification.vendor" value="Oracle Corporation"/>
    <property name="java.version.date" value="2024-04-16"/>
    <property name="java.home" value="/usr/lib/jvm/temurin-17-jdk-amd64"/>
    <property name="java.security.krb5.conf" value="/home/runner/work/ozone/ozone/hadoop-ozone/integration-test/target/test-classes/krb5.conf"/>
    <property name="file.separator" value="/"/>
    <property name="basedir" value="/home/runner/work/ozone/ozone/hadoop-ozone/integration-test"/>
    <property name="java.vm.compressedOopsMode" value="Zero based"/>
    <property name="line.separator" value="&#10;"/>
    <property name="java.vm.specification.vendor" value="Oracle Corporation"/>
    <property name="java.specification.name" value="Java Platform API Specification"/>
    <property name="skip.installnpx" value="true"/>
    <property name="surefire.real.class.path" value="/home/runner/work/ozone/ozone/hadoop-ozone/integration-test/target/surefire/surefirebooter2866054404944302541.jar"/>
    <property name="hadoop.log.dir" value="/home/runner/work/ozone/ozone/hadoop-ozone/integration-test/target/log"/>
    <property name="sun.management.compiler" value="HotSpot 64-Bit Tiered Compilers"/>
    <property name="java.runtime.version" value="17.0.11+9"/>
    <property name="skip.npx" value="true"/>
    <property name="user.name" value="runner"/>
    <property name="java.net.preferIPv4Stack" value="true"/>
    <property name="path.separator" value=":"/>
    <property name="java.security.egd" value="file:///dev/urandom"/>
    <property name="os.version" value="5.15.0-1068-azure"/>
    <property name="java.runtime.name" value="OpenJDK Runtime Environment"/>
    <property name="com.gradle.maven.scan.extension.test.listener.junitplatform.NestedExecutionSafeDelegatingTestExecutionListener" value="58ea606c"/>
    <property name="file.encoding" value="UTF-8"/>
    <property name="java.vm.name" value="OpenJDK 64-Bit Server VM"/>
    <property name="java.vendor.version" value="Temurin-17.0.11+9"/>
    <property name="test.build.webapps" value=""/>
    <property name="develocity.listener.surefire.forkId" value="1"/>
    <property name="localRepository" value="/home/runner/.m2/repository"/>
    <property name="java.vendor.url.bug" value="https://github.com/adoptium/adoptium-support/issues"/>
    <property name="jetty.git.hash" value="70015831e5195ba74da6383c4ab7c90c56bb08af"/>
    <property name="java.io.tmpdir" value="/tmp"/>
    <property name="require.test.libhadoop" value=""/>
    <property name="java.version" value="17.0.11"/>
    <property name="user.dir" value="/home/runner/work/ozone/ozone/hadoop-ozone/integration-test"/>
    <property name="os.arch" value="amd64"/>
    <property name="java.vm.specification.name" value="Java Virtual Machine Specification"/>
    <property name="test.build.classes" value="/home/runner/work/ozone/ozone/hadoop-ozone/integration-test/target/test-classes"/>
    <property name="org.apache.ratis.thirdparty.io.netty.allocator.useCacheForAllThreads" value="false"/>
    <property name="native.encoding" value="UTF-8"/>
    <property name="hadoop.tmp.dir" value="/home/runner/work/ozone/ozone/hadoop-ozone/integration-test/target/tmp"/>
    <property name="java.library.path" value="/usr/java/packages/lib:/usr/lib64:/lib64:/lib:/usr/lib"/>
    <property name="java.vm.info" value="mixed mode, sharing"/>
    <property name="java.vendor" value="Eclipse Adoptium"/>
    <property name="java.vm.version" value="17.0.11+9"/>
    <property name="sun.io.unicode.encoding" value="UnicodeLittle"/>
    <property name="develocity.listener.port" value="45359"/>
    <property name="java.class.version" value="61.0"/>
  </properties>
  <testcase name="testPipelineInfo" classname="org.apache.hadoop.hdds.scm.pipeline.TestPipelineManagerMXBean" time="26.041">
    <error type="java.util.concurrent.TimeoutException"><![CDATA[java.util.concurrent.TimeoutException: 
Timed out waiting for condition. Thread diagnostics:
Timestamp: 2024-07-25 11:29:16,066

"grpc-default-worker-ELG-3-2" daemon prio=5 tid=595 runnable
java.lang.Thread.State: RUNNABLE
        at app//org.apache.ratis.thirdparty.io.netty.channel.epoll.Native.epollWait0(Native Method)
        at app//org.apache.ratis.thirdparty.io.netty.channel.epoll.Native.epollWait(Native.java:193)
        at app//org.apache.ratis.thirdparty.io.netty.channel.epoll.EpollEventLoop.epollWait(EpollEventLoop.java:304)
        at app//org.apache.ratis.thirdparty.io.netty.channel.epoll.EpollEventLoop.run(EpollEventLoop.java:368)
        at app//org.apache.ratis.thirdparty.io.netty.util.concurrent.SingleThreadEventExecutor$4.run(SingleThreadEventExecutor.java:997)
        at app//org.apache.ratis.thirdparty.io.netty.util.internal.ThreadExecutorMap$2.run(ThreadExecutorMap.java:74)
        at app//org.apache.ratis.thirdparty.io.netty.util.concurrent.FastThreadLocalRunnable.run(FastThreadLocalRunnable.java:30)
        at java.base@17.0.11/java.lang.Thread.run(Thread.java:840)
"IPC Server handler 17 on default port 15001" daemon prio=5 tid=176 timed_waiting
java.lang.Thread.State: TIMED_WAITING
        at java.base@17.0.11/jdk.internal.misc.Unsafe.park(Native Method)
        at java.base@17.0.11/java.util.concurrent.locks.LockSupport.parkNanos(LockSupport.java:252)
        at java.base@17.0.11/java.util.concurrent.locks.AbstractQueuedSynchronizer$ConditionObject.awaitNanos(AbstractQueuedSynchronizer.java:1674)
        at java.base@17.0.11/java.util.concurrent.LinkedBlockingQueue.poll(LinkedBlockingQueue.java:460)
        at app//org.apache.hadoop.ipc.CallQueueManager.take(CallQueueManager.java:317)
        at app//org.apache.hadoop.ipc.Server$Handler.run(Server.java:3014)
"IPC Server listener on 15000" daemon prio=5 tid=43 runnable
java.lang.Thread.State: RUNNABLE
        at java.base@17.0.11/sun.nio.ch.EPoll.wait(Native Method)
        at java.base@17.0.11/sun.nio.ch.EPollSelectorImpl.doSelect(EPollSelectorImpl.java:118)
        at java.base@17.0.11/sun.nio.ch.SelectorImpl.lockAndDoSelect(SelectorImpl.java:129)
        at java.base@17.0.11/sun.nio.ch.SelectorImpl.select(SelectorImpl.java:146)
        at app//org.apache.hadoop.ipc.Server$Listener.run(Server.java:1408)
"IPC Server listener on 15019" daemon prio=5 tid=479 runnable
java.lang.Thread.State: RUNNABLE
        at java.base@17.0.11/sun.nio.ch.EPoll.wait(Native Method)
        at java.base@17.0.11/sun.nio.ch.EPollSelectorImpl.doSelect(EPollSelectorImpl.java:118)
        at java.base@17.0.11/sun.nio.ch.SelectorImpl.lockAndDoSelect(SelectorImpl.java:129)
        at java.base@17.0.11/sun.nio.ch.SelectorImpl.select(SelectorImpl.java:146)
        at app//org.apache.hadoop.ipc.Server$Listener.run(Server.java:1408)
"IPC Server handler 1 on default port 15002" daemon prio=5 tid=260 timed_waiting
java.lang.Thread.State: TIMED_WAITING
        at java.base@17.0.11/jdk.internal.misc.Unsafe.park(Native Method)
        at java.base@17.0.11/java.util.concurrent.locks.LockSupport.parkNanos(LockSupport.java:252)
        at java.base@17.0.11/java.util.concurrent.locks.AbstractQueuedSynchronizer$ConditionObject.awaitNanos(AbstractQueuedSynchronizer.java:1674)
        at java.base@17.0.11/java.util.concurrent.LinkedBlockingQueue.poll(LinkedBlockingQueue.java:460)
        at app//org.apache.hadoop.ipc.CallQueueManager.take(CallQueueManager.java:317)
        at app//org.apache.hadoop.ipc.Server$Handler.run(Server.java:3014)
"IPC Server idle connection scanner for port 15004" daemon prio=5 tid=384 timed_waiting
java.lang.Thread.State: TIMED_WAITING
        at java.base@17.0.11/java.lang.Object.wait(Native Method)
        at java.base@17.0.11/java.util.TimerThread.mainLoop(Timer.java:563)
        at java.base@17.0.11/java.util.TimerThread.run(Timer.java:516)
"IPC Server handler 96 on default port 15001" daemon prio=5 tid=255 timed_waiting
java.lang.Thread.State: TIMED_WAITING
        at java.base@17.0.11/jdk.internal.misc.Unsafe.park(Native Method)
        at java.base@17.0.11/java.util.concurrent.locks.LockSupport.parkNanos(LockSupport.java:252)
        at java.base@17.0.11/java.util.concurrent.locks.AbstractQueuedSynchronizer$ConditionObject.awaitNanos(AbstractQueuedSynchronizer.java:1674)
        at java.base@17.0.11/java.util.concurrent.LinkedBlockingQueue.poll(LinkedBlockingQueue.java:460)
        at app//org.apache.hadoop.ipc.CallQueueManager.take(CallQueueManager.java:317)
        at app//org.apache.hadoop.ipc.Server$Handler.run(Server.java:3014)
"om1@group-C5BA1605619E-StateMachineUpdater" daemon prio=5 tid=391 timed_waiting
java.lang.Thread.State: TIMED_WAITING
        at java.base@17.0.11/jdk.internal.misc.Unsafe.park(Native Method)
        at java.base@17.0.11/java.util.concurrent.locks.LockSupport.parkNanos(LockSupport.java:252)
        at java.base@17.0.11/java.util.concurrent.locks.AbstractQueuedSynchronizer$ConditionObject.await(AbstractQueuedSynchronizer.java:1759)
        at app//org.apache.ratis.util.AwaitForSignal.await(AwaitForSignal.java:65)
        at app//org.apache.ratis.server.impl.StateMachineUpdater.waitForCommit(StateMachineUpdater.java:219)
        at app//org.apache.ratis.server.impl.StateMachineUpdater.run(StateMachineUpdater.java:187)
        at java.base@17.0.11/java.lang.Thread.run(Thread.java:840)
"a2876ff0-d178-48ae-a6b6-bf6963d4710d@group-5BDE8CD16727-SegmentedRaftLogWorker" daemon prio=5 tid=608 timed_waiting
java.lang.Thread.State: TIMED_WAITING
        at java.base@17.0.11/jdk.internal.misc.Unsafe.park(Native Method)
        at java.base@17.0.11/java.util.concurrent.locks.LockSupport.parkNanos(LockSupport.java:252)
        at java.base@17.0.11/java.util.concurrent.locks.AbstractQueuedSynchronizer$ConditionObject.awaitNanos(AbstractQueuedSynchronizer.java:1674)
        at app//org.apache.ratis.util.DataBlockingQueue.poll(DataBlockingQueue.java:148)
        at app//org.apache.ratis.server.raftlog.segmented.SegmentedRaftLogWorker.run(SegmentedRaftLogWorker.java:302)
        at app//org.apache.ratis.server.raftlog.segmented.SegmentedRaftLogWorker$$Lambda$1163/0x00007fe38071b228.run(Unknown Source)
        at java.base@17.0.11/java.util.concurrent.Executors$RunnableAdapter.call(Executors.java:539)
        at java.base@17.0.11/java.util.concurrent.FutureTask.run(FutureTask.java:264)
        at java.base@17.0.11/java.util.concurrent.ThreadPoolExecutor.runWorker(ThreadPoolExecutor.java:1136)
        at java.base@17.0.11/java.util.concurrent.ThreadPoolExecutor$Worker.run(ThreadPoolExecutor.java:635)
        at java.base@17.0.11/java.lang.Thread.run(Thread.java:840)
"JvmPauseMonitor1" daemon prio=5 tid=393 timed_waiting
java.lang.Thread.State: TIMED_WAITING
        at java.base@17.0.11/java.lang.Thread.sleep(Native Method)
        at java.base@17.0.11/java.lang.Thread.sleep(Thread.java:344)
        at java.base@17.0.11/java.util.concurrent.TimeUnit.sleep(TimeUnit.java:446)
        at app//org.apache.ratis.util.TimeDuration.sleep(TimeDuration.java:353)
        at app//org.apache.ratis.util.TimeDuration.sleep(TimeDuration.java:338)
        at app//org.apache.ratis.util.JvmPauseMonitor.detectPause(JvmPauseMonitor.java:160)
        at app//org.apache.ratis.util.JvmPauseMonitor.run(JvmPauseMonitor.java:149)
        at app//org.apache.ratis.util.JvmPauseMonitor$$Lambda$778/0x00007fe3804e26b8.run(Unknown Source)
        at java.base@17.0.11/java.lang.Thread.run(Thread.java:840)
"IPC Server handler 85 on default port 15000" daemon prio=5 tid=144 timed_waiting
java.lang.Thread.State: TIMED_WAITING
        at java.base@17.0.11/jdk.internal.misc.Unsafe.park(Native Method)
        at java.base@17.0.11/java.util.concurrent.locks.LockSupport.parkNanos(LockSupport.java:252)
        at java.base@17.0.11/java.util.concurrent.locks.AbstractQueuedSynchronizer$ConditionObject.awaitNanos(AbstractQueuedSynchronizer.java:1674)
        at java.base@17.0.11/java.util.concurrent.LinkedBlockingQueue.poll(LinkedBlockingQueue.java:460)
        at app//org.apache.hadoop.ipc.CallQueueManager.take(CallQueueManager.java:317)
        at app//org.apache.hadoop.ipc.Server$Handler.run(Server.java:3014)
"IPC Server handler 58 on default port 15002" daemon prio=5 tid=317 timed_waiting
java.lang.Thread.State: TIMED_WAITING
        at java.base@17.0.11/jdk.internal.misc.Unsafe.park(Native Method)
        at java.base@17.0.11/java.util.concurrent.locks.LockSupport.parkNanos(LockSupport.java:252)
        at java.base@17.0.11/java.util.concurrent.locks.AbstractQueuedSynchronizer$ConditionObject.awaitNanos(AbstractQueuedSynchronizer.java:1674)
        at java.base@17.0.11/java.util.concurrent.LinkedBlockingQueue.poll(LinkedBlockingQueue.java:460)
        at app//org.apache.hadoop.ipc.CallQueueManager.take(CallQueueManager.java:317)
        at app//org.apache.hadoop.ipc.Server$Handler.run(Server.java:3014)
"4f6a4ba8-7237-4720-8e71-4cf4f347a525@group-87A56816AD29-SegmentedRaftLogWorker" daemon prio=5 tid=617 timed_waiting
java.lang.Thread.State: TIMED_WAITING
        at java.base@17.0.11/jdk.internal.misc.Unsafe.park(Native Method)
        at java.base@17.0.11/java.util.concurrent.locks.LockSupport.parkNanos(LockSupport.java:252)
        at java.base@17.0.11/java.util.concurrent.locks.AbstractQueuedSynchronizer$ConditionObject.awaitNanos(AbstractQueuedSynchronizer.java:1674)
        at app//org.apache.ratis.util.DataBlockingQueue.poll(DataBlockingQueue.java:148)
        at app//org.apache.ratis.server.raftlog.segmented.SegmentedRaftLogWorker.run(SegmentedRaftLogWorker.java:302)
        at app//org.apache.ratis.server.raftlog.segmented.SegmentedRaftLogWorker$$Lambda$1163/0x00007fe38071b228.run(Unknown Source)
        at java.base@17.0.11/java.util.concurrent.Executors$RunnableAdapter.call(Executors.java:539)
        at java.base@17.0.11/java.util.concurrent.FutureTask.run(FutureTask.java:264)
        at java.base@17.0.11/java.util.concurrent.ThreadPoolExecutor.runWorker(ThreadPoolExecutor.java:1136)
        at java.base@17.0.11/java.util.concurrent.ThreadPoolExecutor$Worker.run(ThreadPoolExecutor.java:635)
        at java.base@17.0.11/java.lang.Thread.run(Thread.java:840)
"timer5" daemon prio=5 tid=690 timed_waiting
java.lang.Thread.State: TIMED_WAITING
        at java.base@17.0.11/java.lang.Object.wait(Native Method)
        at java.base@17.0.11/java.util.TimerThread.mainLoop(Timer.java:563)
        at java.base@17.0.11/java.util.TimerThread.run(Timer.java:516)
"IPC Server handler 80 on default port 15001" daemon prio=5 tid=239 timed_waiting
java.lang.Thread.State: TIMED_WAITING
        at java.base@17.0.11/jdk.internal.misc.Unsafe.park(Native Method)
        at java.base@17.0.11/java.util.concurrent.locks.LockSupport.parkNanos(LockSupport.java:252)
        at java.base@17.0.11/java.util.concurrent.locks.AbstractQueuedSynchronizer$ConditionObject.awaitNanos(AbstractQueuedSynchronizer.java:1674)
        at java.base@17.0.11/java.util.concurrent.LinkedBlockingQueue.poll(LinkedBlockingQueue.java:460)
        at app//org.apache.hadoop.ipc.CallQueueManager.take(CallQueueManager.java:317)
        at app//org.apache.hadoop.ipc.Server$Handler.run(Server.java:3014)
"IPC Server handler 87 on default port 15002" daemon prio=5 tid=346 timed_waiting
java.lang.Thread.State: TIMED_WAITING
        at java.base@17.0.11/jdk.internal.misc.Unsafe.park(Native Method)
        at java.base@17.0.11/java.util.concurrent.locks.LockSupport.parkNanos(LockSupport.java:252)
        at java.base@17.0.11/java.util.concurrent.locks.AbstractQueuedSynchronizer$ConditionObject.awaitNanos(AbstractQueuedSynchronizer.java:1674)
        at java.base@17.0.11/java.util.concurrent.LinkedBlockingQueue.poll(LinkedBlockingQueue.java:460)
        at app//org.apache.hadoop.ipc.CallQueueManager.take(CallQueueManager.java:317)
        at app//org.apache.hadoop.ipc.Server$Handler.run(Server.java:3014)
"qtp1038401449-502" daemon prio=5 tid=502 timed_waiting
java.lang.Thread.State: TIMED_WAITING
        at java.base@17.0.11/jdk.internal.misc.Unsafe.park(Native Method)
        at java.base@17.0.11/java.util.concurrent.locks.LockSupport.parkNanos(LockSupport.java:252)
        at java.base@17.0.11/java.util.concurrent.locks.AbstractQueuedSynchronizer$ConditionObject.awaitNanos(AbstractQueuedSynchronizer.java:1674)
        at app//org.eclipse.jetty.util.BlockingArrayQueue.poll(BlockingArrayQueue.java:382)
        at app//org.eclipse.jetty.util.thread.QueuedThreadPool$Runner.idleJobPoll(QueuedThreadPool.java:974)
        at app//org.eclipse.jetty.util.thread.QueuedThreadPool$Runner.run(QueuedThreadPool.java:1018)
        at java.base@17.0.11/java.lang.Thread.run(Thread.java:840)
"IPC Server handler 16 on default port 15002" daemon prio=5 tid=275 timed_waiting
java.lang.Thread.State: TIMED_WAITING
        at java.base@17.0.11/jdk.internal.misc.Unsafe.park(Native Method)
        at java.base@17.0.11/java.util.concurrent.locks.LockSupport.parkNanos(LockSupport.java:252)
        at java.base@17.0.11/java.util.concurrent.locks.AbstractQueuedSynchronizer$ConditionObject.awaitNanos(AbstractQueuedSynchronizer.java:1674)
        at java.base@17.0.11/java.util.concurrent.LinkedBlockingQueue.poll(LinkedBlockingQueue.java:460)
        at app//org.apache.hadoop.ipc.CallQueueManager.take(CallQueueManager.java:317)
        at app//org.apache.hadoop.ipc.Server$Handler.run(Server.java:3014)
"IPC Server handler 91 on default port 15001" daemon prio=5 tid=250 timed_waiting
java.lang.Thread.State: TIMED_WAITING
        at java.base@17.0.11/jdk.internal.misc.Unsafe.park(Native Method)
        at java.base@17.0.11/java.util.concurrent.locks.LockSupport.parkNanos(LockSupport.java:252)
        at java.base@17.0.11/java.util.concurrent.locks.AbstractQueuedSynchronizer$ConditionObject.awaitNanos(AbstractQueuedSynchronizer.java:1674)
        at java.base@17.0.11/java.util.concurrent.LinkedBlockingQueue.poll(LinkedBlockingQueue.java:460)
        at app//org.apache.hadoop.ipc.CallQueueManager.take(CallQueueManager.java:317)
        at app//org.apache.hadoop.ipc.Server$Handler.run(Server.java:3014)
"JvmPauseMonitor3" daemon prio=5 tid=551 timed_waiting
java.lang.Thread.State: TIMED_WAITING
        at java.base@17.0.11/java.lang.Thread.sleep(Native Method)
        at java.base@17.0.11/java.lang.Thread.sleep(Thread.java:344)
        at java.base@17.0.11/java.util.concurrent.TimeUnit.sleep(TimeUnit.java:446)
        at app//org.apache.ratis.util.TimeDuration.sleep(TimeDuration.java:353)
        at app//org.apache.ratis.util.TimeDuration.sleep(TimeDuration.java:338)
        at app//org.apache.ratis.util.JvmPauseMonitor.detectPause(JvmPauseMonitor.java:160)
        at app//org.apache.ratis.util.JvmPauseMonitor.run(JvmPauseMonitor.java:149)
        at app//org.apache.ratis.util.JvmPauseMonitor$$Lambda$778/0x00007fe3804e26b8.run(Unknown Source)
        at java.base@17.0.11/java.lang.Thread.run(Thread.java:840)
"DatanodeAdminManager-0" daemon prio=5 tid=32 timed_waiting
java.lang.Thread.State: TIMED_WAITING
        at java.base@17.0.11/jdk.internal.misc.Unsafe.park(Native Method)
        at java.base@17.0.11/java.util.concurrent.locks.LockSupport.parkNanos(LockSupport.java:252)
        at java.base@17.0.11/java.util.concurrent.locks.AbstractQueuedSynchronizer$ConditionObject.awaitNanos(AbstractQueuedSynchronizer.java:1674)
        at java.base@17.0.11/java.util.concurrent.ScheduledThreadPoolExecutor$DelayedWorkQueue.take(ScheduledThreadPoolExecutor.java:1182)
        at java.base@17.0.11/java.util.concurrent.ScheduledThreadPoolExecutor$DelayedWorkQueue.take(ScheduledThreadPoolExecutor.java:899)
        at java.base@17.0.11/java.util.concurrent.ThreadPoolExecutor.getTask(ThreadPoolExecutor.java:1062)
        at java.base@17.0.11/java.util.concurrent.ThreadPoolExecutor.runWorker(ThreadPoolExecutor.java:1122)
        at java.base@17.0.11/java.util.concurrent.ThreadPoolExecutor$Worker.run(ThreadPoolExecutor.java:635)
        at java.base@17.0.11/java.lang.Thread.run(Thread.java:840)
"IPC Server handler 59 on default port 15001" daemon prio=5 tid=218 timed_waiting
java.lang.Thread.State: TIMED_WAITING
        at java.base@17.0.11/jdk.internal.misc.Unsafe.park(Native Method)
        at java.base@17.0.11/java.util.concurrent.locks.LockSupport.parkNanos(LockSupport.java:252)
        at java.base@17.0.11/java.util.concurrent.locks.AbstractQueuedSynchronizer$ConditionObject.awaitNanos(AbstractQueuedSynchronizer.java:1674)
        at java.base@17.0.11/java.util.concurrent.LinkedBlockingQueue.poll(LinkedBlockingQueue.java:460)
        at app//org.apache.hadoop.ipc.CallQueueManager.take(CallQueueManager.java:317)
        at app//org.apache.hadoop.ipc.Server$Handler.run(Server.java:3014)
"IPC Server handler 24 on default port 15002" daemon prio=5 tid=283 timed_waiting
java.lang.Thread.State: TIMED_WAITING
        at java.base@17.0.11/jdk.internal.misc.Unsafe.park(Native Method)
        at java.base@17.0.11/java.util.concurrent.locks.LockSupport.parkNanos(LockSupport.java:252)
        at java.base@17.0.11/java.util.concurrent.locks.AbstractQueuedSynchronizer$ConditionObject.awaitNanos(AbstractQueuedSynchronizer.java:1674)
        at java.base@17.0.11/java.util.concurrent.LinkedBlockingQueue.poll(LinkedBlockingQueue.java:460)
        at app//org.apache.hadoop.ipc.CallQueueManager.take(CallQueueManager.java:317)
        at app//org.apache.hadoop.ipc.Server$Handler.run(Server.java:3014)
"IPC Server handler 49 on default port 15002" daemon prio=5 tid=308 timed_waiting
java.lang.Thread.State: TIMED_WAITING
        at java.base@17.0.11/jdk.internal.misc.Unsafe.park(Native Method)
        at java.base@17.0.11/java.util.concurrent.locks.LockSupport.parkNanos(LockSupport.java:252)
        at java.base@17.0.11/java.util.concurrent.locks.AbstractQueuedSynchronizer$ConditionObject.awaitNanos(AbstractQueuedSynchronizer.java:1674)
        at java.base@17.0.11/java.util.concurrent.LinkedBlockingQueue.poll(LinkedBlockingQueue.java:460)
        at app//org.apache.hadoop.ipc.CallQueueManager.take(CallQueueManager.java:317)
        at app//org.apache.hadoop.ipc.Server$Handler.run(Server.java:3014)
"qtp41481250-469" daemon prio=5 tid=469 runnable
java.lang.Thread.State: RUNNABLE
        at java.base@17.0.11/sun.nio.ch.EPoll.wait(Native Method)
        at java.base@17.0.11/sun.nio.ch.EPollSelectorImpl.doSelect(EPollSelectorImpl.java:118)
        at java.base@17.0.11/sun.nio.ch.SelectorImpl.lockAndDoSelect(SelectorImpl.java:129)
        at java.base@17.0.11/sun.nio.ch.SelectorImpl.select(SelectorImpl.java:146)
        at app//org.eclipse.jetty.io.ManagedSelector.nioSelect(ManagedSelector.java:183)
        at app//org.eclipse.jetty.io.ManagedSelector.select(ManagedSelector.java:190)
        at app//org.eclipse.jetty.io.ManagedSelector$SelectorProducer.select(ManagedSelector.java:606)
        at app//org.eclipse.jetty.io.ManagedSelector$SelectorProducer.produce(ManagedSelector.java:543)
        at app//org.eclipse.jetty.util.thread.strategy.EatWhatYouKill.produceTask(EatWhatYouKill.java:362)
        at app//org.eclipse.jetty.util.thread.strategy.EatWhatYouKill.doProduce(EatWhatYouKill.java:186)
        at app//org.eclipse.jetty.util.thread.strategy.EatWhatYouKill.tryProduce(EatWhatYouKill.java:173)
        at app//org.eclipse.jetty.util.thread.strategy.EatWhatYouKill.produce(EatWhatYouKill.java:137)
        at app//org.eclipse.jetty.io.ManagedSelector$$Lambda$818/0x00007fe3805422c8.run(Unknown Source)
        at app//org.eclipse.jetty.util.thread.QueuedThreadPool.runJob(QueuedThreadPool.java:883)
        at app//org.eclipse.jetty.util.thread.QueuedThreadPool$Runner.run(QueuedThreadPool.java:1034)
        at java.base@17.0.11/java.lang.Thread.run(Thread.java:840)
"timer4" daemon prio=5 tid=669 timed_waiting
java.lang.Thread.State: TIMED_WAITING
        at java.base@17.0.11/java.lang.Object.wait(Native Method)
        at java.base@17.0.11/java.util.TimerThread.mainLoop(Timer.java:563)
        at java.base@17.0.11/java.util.TimerThread.run(Timer.java:516)
"IPC Server handler 54 on default port 15002" daemon prio=5 tid=313 timed_waiting
java.lang.Thread.State: TIMED_WAITING
        at java.base@17.0.11/jdk.internal.misc.Unsafe.park(Native Method)
        at java.base@17.0.11/java.util.concurrent.locks.LockSupport.parkNanos(LockSupport.java:252)
        at java.base@17.0.11/java.util.concurrent.locks.AbstractQueuedSynchronizer$ConditionObject.awaitNanos(AbstractQueuedSynchronizer.java:1674)
        at java.base@17.0.11/java.util.concurrent.LinkedBlockingQueue.poll(LinkedBlockingQueue.java:460)
        at app//org.apache.hadoop.ipc.CallQueueManager.take(CallQueueManager.java:317)
        at app//org.apache.hadoop.ipc.Server$Handler.run(Server.java:3014)
"Hadoop-Metrics-Updater-0" daemon prio=5 tid=47 timed_waiting
java.lang.Thread.State: TIMED_WAITING
        at java.base@17.0.11/jdk.internal.misc.Unsafe.park(Native Method)
        at java.base@17.0.11/java.util.concurrent.locks.LockSupport.parkNanos(LockSupport.java:252)
        at java.base@17.0.11/java.util.concurrent.locks.AbstractQueuedSynchronizer$ConditionObject.awaitNanos(AbstractQueuedSynchronizer.java:1674)
        at java.base@17.0.11/java.util.concurrent.ScheduledThreadPoolExecutor$DelayedWorkQueue.take(ScheduledThreadPoolExecutor.java:1182)
        at java.base@17.0.11/java.util.concurrent.ScheduledThreadPoolExecutor$DelayedWorkQueue.take(ScheduledThreadPoolExecutor.java:899)
        at java.base@17.0.11/java.util.concurrent.ThreadPoolExecutor.getTask(ThreadPoolExecutor.java:1062)
        at java.base@17.0.11/java.util.concurrent.ThreadPoolExecutor.runWorker(ThreadPoolExecutor.java:1122)
        at java.base@17.0.11/java.util.concurrent.ThreadPoolExecutor$Worker.run(ThreadPoolExecutor.java:635)
        at java.base@17.0.11/java.lang.Thread.run(Thread.java:840)
"IPC Server idle connection scanner for port 15000" daemon prio=5 tid=45 timed_waiting
java.lang.Thread.State: TIMED_WAITING
        at java.base@17.0.11/java.lang.Object.wait(Native Method)
        at java.base@17.0.11/java.util.TimerThread.mainLoop(Timer.java:563)
        at java.base@17.0.11/java.util.TimerThread.run(Timer.java:516)
"IPC Server handler 8 on default port 15000" daemon prio=5 tid=67 timed_waiting
java.lang.Thread.State: TIMED_WAITING
        at java.base@17.0.11/jdk.internal.misc.Unsafe.park(Native Method)
        at java.base@17.0.11/java.util.concurrent.locks.LockSupport.parkNanos(LockSupport.java:252)
        at java.base@17.0.11/java.util.concurrent.locks.AbstractQueuedSynchronizer$ConditionObject.awaitNanos(AbstractQueuedSynchronizer.java:1674)
        at java.base@17.0.11/java.util.concurrent.LinkedBlockingQueue.poll(LinkedBlockingQueue.java:460)
        at app//org.apache.hadoop.ipc.CallQueueManager.take(CallQueueManager.java:317)
        at app//org.apache.hadoop.ipc.Server$Handler.run(Server.java:3014)
"IPC Server handler 18 on default port 15004" daemon prio=5 tid=433 timed_waiting
java.lang.Thread.State: TIMED_WAITING
        at java.base@17.0.11/jdk.internal.misc.Unsafe.park(Native Method)
        at java.base@17.0.11/java.util.concurrent.locks.LockSupport.parkNanos(LockSupport.java:252)
        at java.base@17.0.11/java.util.concurrent.locks.AbstractQueuedSynchronizer$ConditionObject.awaitNanos(AbstractQueuedSynchronizer.java:1674)
        at java.base@17.0.11/java.util.concurrent.LinkedBlockingQueue.poll(LinkedBlockingQueue.java:460)
        at app//org.apache.hadoop.ipc.CallQueueManager.take(CallQueueManager.java:317)
        at app//org.apache.hadoop.ipc.Server$Handler.run(Server.java:3014)
"ContainerMetadataScanner" daemon prio=5 tid=545 timed_waiting
java.lang.Thread.State: TIMED_WAITING
        at java.base@17.0.11/java.lang.Thread.sleep(Native Method)
        at app//org.apache.hadoop.ozone.container.ozoneimpl.AbstractBackgroundContainerScanner.handleRemainingSleep(AbstractBackgroundContainerScanner.java:131)
        at app//org.apache.hadoop.ozone.container.ozoneimpl.AbstractBackgroundContainerScanner.runIteration(AbstractBackgroundContainerScanner.java:98)
        at app//org.apache.hadoop.ozone.container.ozoneimpl.AbstractBackgroundContainerScanner.run(AbstractBackgroundContainerScanner.java:57)
"IPC Server handler 12 on default port 15002" daemon prio=5 tid=271 timed_waiting
java.lang.Thread.State: TIMED_WAITING
        at java.base@17.0.11/jdk.internal.misc.Unsafe.park(Native Method)
        at java.base@17.0.11/java.util.concurrent.locks.LockSupport.parkNanos(LockSupport.java:252)
        at java.base@17.0.11/java.util.concurrent.locks.AbstractQueuedSynchronizer$ConditionObject.awaitNanos(AbstractQueuedSynchronizer.java:1674)
        at java.base@17.0.11/java.util.concurrent.LinkedBlockingQueue.poll(LinkedBlockingQueue.java:460)
        at app//org.apache.hadoop.ipc.CallQueueManager.take(CallQueueManager.java:317)
        at app//org.apache.hadoop.ipc.Server$Handler.run(Server.java:3014)
"e7fccb5b-6f4b-4a5d-93b5-abfcbb2ccb85@group-024A386BB799-StateMachineUpdater" daemon prio=5 tid=588 timed_waiting
java.lang.Thread.State: TIMED_WAITING
        at java.base@17.0.11/jdk.internal.misc.Unsafe.park(Native Method)
        at java.base@17.0.11/java.util.concurrent.locks.LockSupport.parkNanos(LockSupport.java:252)
        at java.base@17.0.11/java.util.concurrent.locks.AbstractQueuedSynchronizer$ConditionObject.await(AbstractQueuedSynchronizer.java:1759)
        at app//org.apache.ratis.util.AwaitForSignal.await(AwaitForSignal.java:65)
        at app//org.apache.ratis.server.impl.StateMachineUpdater.waitForCommit(StateMachineUpdater.java:219)
        at app//org.apache.ratis.server.impl.StateMachineUpdater.run(StateMachineUpdater.java:187)
        at java.base@17.0.11/java.lang.Thread.run(Thread.java:840)
"StaleRecoveringContainerScrubbingService#1" daemon prio=5 tid=537 in Object.wait()
java.lang.Thread.State: WAITING (on object monitor)
        at java.base@17.0.11/jdk.internal.misc.Unsafe.park(Native Method)
        at java.base@17.0.11/java.util.concurrent.locks.LockSupport.park(LockSupport.java:341)
        at java.base@17.0.11/java.util.concurrent.locks.AbstractQueuedSynchronizer$ConditionNode.block(AbstractQueuedSynchronizer.java:506)
        at java.base@17.0.11/java.util.concurrent.ForkJoinPool.unmanagedBlock(ForkJoinPool.java:3465)
        at java.base@17.0.11/java.util.concurrent.ForkJoinPool.managedBlock(ForkJoinPool.java:3436)
        at java.base@17.0.11/java.util.concurrent.locks.AbstractQueuedSynchronizer$ConditionObject.await(AbstractQueuedSynchronizer.java:1625)
        at java.base@17.0.11/java.util.concurrent.ScheduledThreadPoolExecutor$DelayedWorkQueue.take(ScheduledThreadPoolExecutor.java:1177)
        at java.base@17.0.11/java.util.concurrent.ScheduledThreadPoolExecutor$DelayedWorkQueue.take(ScheduledThreadPoolExecutor.java:899)
        at java.base@17.0.11/java.util.concurrent.ThreadPoolExecutor.getTask(ThreadPoolExecutor.java:1062)
        at java.base@17.0.11/java.util.concurrent.ThreadPoolExecutor.runWorker(ThreadPoolExecutor.java:1122)
        at java.base@17.0.11/java.util.concurrent.ThreadPoolExecutor$Worker.run(ThreadPoolExecutor.java:635)
        at java.base@17.0.11/java.lang.Thread.run(Thread.java:840)
"IPC Server handler 71 on default port 15000" daemon prio=5 tid=130 timed_waiting
java.lang.Thread.State: TIMED_WAITING
        at java.base@17.0.11/jdk.internal.misc.Unsafe.park(Native Method)
        at java.base@17.0.11/java.util.concurrent.locks.LockSupport.parkNanos(LockSupport.java:252)
        at java.base@17.0.11/java.util.concurrent.locks.AbstractQueuedSynchronizer$ConditionObject.awaitNanos(AbstractQueuedSynchronizer.java:1674)
        at java.base@17.0.11/java.util.concurrent.LinkedBlockingQueue.poll(LinkedBlockingQueue.java:460)
        at app//org.apache.hadoop.ipc.CallQueueManager.take(CallQueueManager.java:317)
        at app//org.apache.hadoop.ipc.Server$Handler.run(Server.java:3014)
"4f6a4ba8-7237-4720-8e71-4cf4f347a525-PeriodicHDDSVolumeChecker" daemon prio=5 tid=560 timed_waiting
java.lang.Thread.State: TIMED_WAITING
        at java.base@17.0.11/jdk.internal.misc.Unsafe.park(Native Method)
        at java.base@17.0.11/java.util.concurrent.locks.LockSupport.parkNanos(LockSupport.java:252)
        at java.base@17.0.11/java.util.concurrent.locks.AbstractQueuedSynchronizer$ConditionObject.awaitNanos(AbstractQueuedSynchronizer.java:1674)
        at java.base@17.0.11/java.util.concurrent.ScheduledThreadPoolExecutor$DelayedWorkQueue.take(ScheduledThreadPoolExecutor.java:1182)
        at java.base@17.0.11/java.util.concurrent.ScheduledThreadPoolExecutor$DelayedWorkQueue.take(ScheduledThreadPoolExecutor.java:899)
        at java.base@17.0.11/java.util.concurrent.ThreadPoolExecutor.getTask(ThreadPoolExecutor.java:1062)
        at java.base@17.0.11/java.util.concurrent.ThreadPoolExecutor.runWorker(ThreadPoolExecutor.java:1122)
        at java.base@17.0.11/java.util.concurrent.ThreadPoolExecutor$Worker.run(ThreadPoolExecutor.java:635)
        at java.base@17.0.11/java.lang.Thread.run(Thread.java:840)
"IPC Server idle connection scanner for port 15001" daemon prio=5 tid=40 timed_waiting
java.lang.Thread.State: TIMED_WAITING
        at java.base@17.0.11/java.lang.Object.wait(Native Method)
        at java.base@17.0.11/java.util.TimerThread.mainLoop(Timer.java:563)
        at java.base@17.0.11/java.util.TimerThread.run(Timer.java:516)
"IPC Server handler 65 on default port 15001" daemon prio=5 tid=224 timed_waiting
java.lang.Thread.State: TIMED_WAITING
        at java.base@17.0.11/jdk.internal.misc.Unsafe.park(Native Method)
        at java.base@17.0.11/java.util.concurrent.locks.LockSupport.parkNanos(LockSupport.java:252)
        at java.base@17.0.11/java.util.concurrent.locks.AbstractQueuedSynchronizer$ConditionObject.awaitNanos(AbstractQueuedSynchronizer.java:1674)
        at java.base@17.0.11/java.util.concurrent.LinkedBlockingQueue.poll(LinkedBlockingQueue.java:460)
        at app//org.apache.hadoop.ipc.CallQueueManager.take(CallQueueManager.java:317)
        at app//org.apache.hadoop.ipc.Server$Handler.run(Server.java:3014)
"IPC Server handler 73 on default port 15001" daemon prio=5 tid=232 timed_waiting
java.lang.Thread.State: TIMED_WAITING
        at java.base@17.0.11/jdk.internal.misc.Unsafe.park(Native Method)
        at java.base@17.0.11/java.util.concurrent.locks.LockSupport.parkNanos(LockSupport.java:252)
        at java.base@17.0.11/java.util.concurrent.locks.AbstractQueuedSynchronizer$ConditionObject.awaitNanos(AbstractQueuedSynchronizer.java:1674)
        at java.base@17.0.11/java.util.concurrent.LinkedBlockingQueue.poll(LinkedBlockingQueue.java:460)
        at app//org.apache.hadoop.ipc.CallQueueManager.take(CallQueueManager.java:317)
        at app//org.apache.hadoop.ipc.Server$Handler.run(Server.java:3014)
"IPC Server handler 39 on default port 15002" daemon prio=5 tid=298 timed_waiting
java.lang.Thread.State: TIMED_WAITING
        at java.base@17.0.11/jdk.internal.misc.Unsafe.park(Native Method)
        at java.base@17.0.11/java.util.concurrent.locks.LockSupport.parkNanos(LockSupport.java:252)
        at java.base@17.0.11/java.util.concurrent.locks.AbstractQueuedSynchronizer$ConditionObject.awaitNanos(AbstractQueuedSynchronizer.java:1674)
        at java.base@17.0.11/java.util.concurrent.LinkedBlockingQueue.poll(LinkedBlockingQueue.java:460)
        at app//org.apache.hadoop.ipc.CallQueueManager.take(CallQueueManager.java:317)
        at app//org.apache.hadoop.ipc.Server$Handler.run(Server.java:3014)
"a2876ff0-d178-48ae-a6b6-bf6963d4710d-CommandProcessorThread" daemon prio=5 tid=490 timed_waiting
java.lang.Thread.State: TIMED_WAITING
        at java.base@17.0.11/java.lang.Thread.sleep(Native Method)
        at app//org.apache.hadoop.ozone.container.common.statemachine.DatanodeStateMachine.lambda$initCommandHandlerThread$4(DatanodeStateMachine.java:674)
        at app//org.apache.hadoop.ozone.container.common.statemachine.DatanodeStateMachine$$Lambda$1287/0x00007fe3807a5468.run(Unknown Source)
        at java.base@17.0.11/java.lang.Thread.run(Thread.java:840)
"IPC Server handler 29 on default port 15001" daemon prio=5 tid=188 timed_waiting
java.lang.Thread.State: TIMED_WAITING
        at java.base@17.0.11/jdk.internal.misc.Unsafe.park(Native Method)
        at java.base@17.0.11/java.util.concurrent.locks.LockSupport.parkNanos(LockSupport.java:252)
        at java.base@17.0.11/java.util.concurrent.locks.AbstractQueuedSynchronizer$ConditionObject.awaitNanos(AbstractQueuedSynchronizer.java:1674)
        at java.base@17.0.11/java.util.concurrent.LinkedBlockingQueue.poll(LinkedBlockingQueue.java:460)
        at app//org.apache.hadoop.ipc.CallQueueManager.take(CallQueueManager.java:317)
        at app//org.apache.hadoop.ipc.Server$Handler.run(Server.java:3014)
"timer6" daemon prio=5 tid=693 timed_waiting
java.lang.Thread.State: TIMED_WAITING
        at java.base@17.0.11/java.lang.Object.wait(Native Method)
        at java.base@17.0.11/java.util.TimerThread.mainLoop(Timer.java:563)
        at java.base@17.0.11/java.util.TimerThread.run(Timer.java:516)
"Socket Reader #1 for port 15010"  prio=5 tid=451 runnable
java.lang.Thread.State: RUNNABLE
        at java.base@17.0.11/sun.nio.ch.EPoll.wait(Native Method)
        at java.base@17.0.11/sun.nio.ch.EPollSelectorImpl.doSelect(EPollSelectorImpl.java:118)
        at java.base@17.0.11/sun.nio.ch.SelectorImpl.lockAndDoSelect(SelectorImpl.java:129)
        at java.base@17.0.11/sun.nio.ch.SelectorImpl.select(SelectorImpl.java:146)
        at app//org.apache.hadoop.ipc.Server$Listener$Reader.doRunLoop(Server.java:1346)
        at app//org.apache.hadoop.ipc.Server$Listener$Reader.run(Server.java:1325)
"IPC Server handler 5 on default port 15004" daemon prio=5 tid=420 timed_waiting
java.lang.Thread.State: TIMED_WAITING
        at java.base@17.0.11/jdk.internal.misc.Unsafe.park(Native Method)
        at java.base@17.0.11/java.util.concurrent.locks.LockSupport.parkNanos(LockSupport.java:252)
        at java.base@17.0.11/java.util.concurrent.locks.AbstractQueuedSynchronizer$ConditionObject.awaitNanos(AbstractQueuedSynchronizer.java:1674)
        at java.base@17.0.11/java.util.concurrent.LinkedBlockingQueue.poll(LinkedBlockingQueue.java:460)
        at app//org.apache.hadoop.ipc.CallQueueManager.take(CallQueueManager.java:317)
        at app//org.apache.hadoop.ipc.Server$Handler.run(Server.java:3014)
"IPC Server handler 78 on default port 15001" daemon prio=5 tid=237 timed_waiting
java.lang.Thread.State: TIMED_WAITING
        at java.base@17.0.11/jdk.internal.misc.Unsafe.park(Native Method)
        at java.base@17.0.11/java.util.concurrent.locks.LockSupport.parkNanos(LockSupport.java:252)
        at java.base@17.0.11/java.util.concurrent.locks.AbstractQueuedSynchronizer$ConditionObject.awaitNanos(AbstractQueuedSynchronizer.java:1674)
        at java.base@17.0.11/java.util.concurrent.LinkedBlockingQueue.poll(LinkedBlockingQueue.java:460)
        at app//org.apache.hadoop.ipc.CallQueueManager.take(CallQueueManager.java:317)
        at app//org.apache.hadoop.ipc.Server$Handler.run(Server.java:3014)
"IPC Server handler 17 on default port 15000" daemon prio=5 tid=76 timed_waiting
java.lang.Thread.State: TIMED_WAITING
        at java.base@17.0.11/jdk.internal.misc.Unsafe.park(Native Method)
        at java.base@17.0.11/java.util.concurrent.locks.LockSupport.parkNanos(LockSupport.java:252)
        at java.base@17.0.11/java.util.concurrent.locks.AbstractQueuedSynchronizer$ConditionObject.awaitNanos(AbstractQueuedSynchronizer.java:1674)
        at java.base@17.0.11/java.util.concurrent.LinkedBlockingQueue.poll(LinkedBlockingQueue.java:460)
        at app//org.apache.hadoop.ipc.CallQueueManager.take(CallQueueManager.java:317)
        at app//org.apache.hadoop.ipc.Server$Handler.run(Server.java:3014)
"IPC Server handler 98 on default port 15001" daemon prio=5 tid=257 timed_waiting
java.lang.Thread.State: TIMED_WAITING
        at java.base@17.0.11/jdk.internal.misc.Unsafe.park(Native Method)
        at java.base@17.0.11/java.util.concurrent.locks.LockSupport.parkNanos(LockSupport.java:252)
        at java.base@17.0.11/java.util.concurrent.locks.AbstractQueuedSynchronizer$ConditionObject.awaitNanos(AbstractQueuedSynchronizer.java:1674)
        at java.base@17.0.11/java.util.concurrent.LinkedBlockingQueue.poll(LinkedBlockingQueue.java:460)
        at app//org.apache.hadoop.ipc.CallQueueManager.take(CallQueueManager.java:317)
        at app//org.apache.hadoop.ipc.Server$Handler.run(Server.java:3014)
"grpc-default-executor-2" daemon prio=5 tid=661 timed_waiting
java.lang.Thread.State: TIMED_WAITING
        at java.base@17.0.11/jdk.internal.misc.Unsafe.park(Native Method)
        at java.base@17.0.11/java.util.concurrent.locks.LockSupport.parkNanos(LockSupport.java:252)
        at java.base@17.0.11/java.util.concurrent.SynchronousQueue$TransferStack.transfer(SynchronousQueue.java:401)
        at java.base@17.0.11/java.util.concurrent.SynchronousQueue.poll(SynchronousQueue.java:903)
        at java.base@17.0.11/java.util.concurrent.ThreadPoolExecutor.getTask(ThreadPoolExecutor.java:1061)
        at java.base@17.0.11/java.util.concurrent.ThreadPoolExecutor.runWorker(ThreadPoolExecutor.java:1122)
        at java.base@17.0.11/java.util.concurrent.ThreadPoolExecutor$Worker.run(ThreadPoolExecutor.java:635)
        at java.base@17.0.11/java.lang.Thread.run(Thread.java:840)
"IPC Server handler 6 on default port 15000" daemon prio=5 tid=65 timed_waiting
java.lang.Thread.State: TIMED_WAITING
        at java.base@17.0.11/jdk.internal.misc.Unsafe.park(Native Method)
        at java.base@17.0.11/java.util.concurrent.locks.LockSupport.parkNanos(LockSupport.java:252)
        at java.base@17.0.11/java.util.concurrent.locks.AbstractQueuedSynchronizer$ConditionObject.awaitNanos(AbstractQueuedSynchronizer.java:1674)
        at java.base@17.0.11/java.util.concurrent.LinkedBlockingQueue.poll(LinkedBlockingQueue.java:460)
        at app//org.apache.hadoop.ipc.CallQueueManager.take(CallQueueManager.java:317)
        at app//org.apache.hadoop.ipc.Server$Handler.run(Server.java:3014)
"IPC Server handler 72 on default port 15001" daemon prio=5 tid=231 timed_waiting
java.lang.Thread.State: TIMED_WAITING
        at java.base@17.0.11/jdk.internal.misc.Unsafe.park(Native Method)
        at java.base@17.0.11/java.util.concurrent.locks.LockSupport.parkNanos(LockSupport.java:252)
        at java.base@17.0.11/java.util.concurrent.locks.AbstractQueuedSynchronizer$ConditionObject.awaitNanos(AbstractQueuedSynchronizer.java:1674)
        at java.base@17.0.11/java.util.concurrent.LinkedBlockingQueue.poll(LinkedBlockingQueue.java:460)
        at app//org.apache.hadoop.ipc.CallQueueManager.take(CallQueueManager.java:317)
        at app//org.apache.hadoop.ipc.Server$Handler.run(Server.java:3014)
"JvmPauseMonitor4" daemon prio=5 tid=569 timed_waiting
java.lang.Thread.State: TIMED_WAITING
        at java.base@17.0.11/java.lang.Thread.sleep(Native Method)
        at java.base@17.0.11/java.lang.Thread.sleep(Thread.java:344)
        at java.base@17.0.11/java.util.concurrent.TimeUnit.sleep(TimeUnit.java:446)
        at app//org.apache.ratis.util.TimeDuration.sleep(TimeDuration.java:353)
        at app//org.apache.ratis.util.TimeDuration.sleep(TimeDuration.java:338)
        at app//org.apache.ratis.util.JvmPauseMonitor.detectPause(JvmPauseMonitor.java:160)
        at app//org.apache.ratis.util.JvmPauseMonitor.run(JvmPauseMonitor.java:149)
        at app//org.apache.ratis.util.JvmPauseMonitor$$Lambda$778/0x00007fe3804e26b8.run(Unknown Source)
        at java.base@17.0.11/java.lang.Thread.run(Thread.java:840)
"IPC Server handler 23 on default port 15000" daemon prio=5 tid=82 timed_waiting
java.lang.Thread.State: TIMED_WAITING
        at java.base@17.0.11/jdk.internal.misc.Unsafe.park(Native Method)
        at java.base@17.0.11/java.util.concurrent.locks.LockSupport.parkNanos(LockSupport.java:252)
        at java.base@17.0.11/java.util.concurrent.locks.AbstractQueuedSynchronizer$ConditionObject.awaitNanos(AbstractQueuedSynchronizer.java:1674)
        at java.base@17.0.11/java.util.concurrent.LinkedBlockingQueue.poll(LinkedBlockingQueue.java:460)
        at app//org.apache.hadoop.ipc.CallQueueManager.take(CallQueueManager.java:317)
        at app//org.apache.hadoop.ipc.Server$Handler.run(Server.java:3014)
"IPC Server handler 14 on default port 15001" daemon prio=5 tid=173 timed_waiting
java.lang.Thread.State: TIMED_WAITING
        at java.base@17.0.11/jdk.internal.misc.Unsafe.park(Native Method)
        at java.base@17.0.11/java.util.concurrent.locks.LockSupport.parkNanos(LockSupport.java:252)
        at java.base@17.0.11/java.util.concurrent.locks.AbstractQueuedSynchronizer$ConditionObject.awaitNanos(AbstractQueuedSynchronizer.java:1674)
        at java.base@17.0.11/java.util.concurrent.LinkedBlockingQueue.poll(LinkedBlockingQueue.java:460)
        at app//org.apache.hadoop.ipc.CallQueueManager.take(CallQueueManager.java:317)
        at app//org.apache.hadoop.ipc.Server$Handler.run(Server.java:3014)
"e7fccb5b-6f4b-4a5d-93b5-abfcbb2ccb85@group-87A56816AD29->4f6a4ba8-7237-4720-8e71-4cf4f347a525-GrpcLogAppender-LogAppenderDaemon" daemon prio=5 tid=659 timed_waiting
java.lang.Thread.State: TIMED_WAITING
        at java.base@17.0.11/jdk.internal.misc.Unsafe.park(Native Method)
        at java.base@17.0.11/java.util.concurrent.locks.LockSupport.parkNanos(LockSupport.java:252)
        at java.base@17.0.11/java.util.concurrent.locks.AbstractQueuedSynchronizer$ConditionObject.await(AbstractQueuedSynchronizer.java:1759)
        at app//org.apache.ratis.util.AwaitForSignal.await(AwaitForSignal.java:65)
        at app//org.apache.ratis.grpc.server.GrpcLogAppender.mayWait(GrpcLogAppender.java:290)
        at app//org.apache.ratis.grpc.server.GrpcLogAppender.run(GrpcLogAppender.java:258)
        at app//org.apache.ratis.server.leader.LogAppenderDaemon.run(LogAppenderDaemon.java:80)
        at app//org.apache.ratis.server.leader.LogAppenderDaemon$$Lambda$1624/0x00007fe38091b318.run(Unknown Source)
        at java.base@17.0.11/java.lang.Thread.run(Thread.java:840)
"e7fccb5b-6f4b-4a5d-93b5-abfcbb2ccb85-DatanodeReportManager-3" daemon prio=5 tid=460 in Object.wait()
java.lang.Thread.State: WAITING (on object monitor)
        at java.base@17.0.11/jdk.internal.misc.Unsafe.park(Native Method)
        at java.base@17.0.11/java.util.concurrent.locks.LockSupport.park(LockSupport.java:341)
        at java.base@17.0.11/java.util.concurrent.locks.AbstractQueuedSynchronizer$ConditionNode.block(AbstractQueuedSynchronizer.java:506)
        at java.base@17.0.11/java.util.concurrent.ForkJoinPool.unmanagedBlock(ForkJoinPool.java:3465)
        at java.base@17.0.11/java.util.concurrent.ForkJoinPool.managedBlock(ForkJoinPool.java:3436)
        at java.base@17.0.11/java.util.concurrent.locks.AbstractQueuedSynchronizer$ConditionObject.await(AbstractQueuedSynchronizer.java:1625)
        at java.base@17.0.11/java.util.concurrent.ScheduledThreadPoolExecutor$DelayedWorkQueue.take(ScheduledThreadPoolExecutor.java:1177)
        at java.base@17.0.11/java.util.concurrent.ScheduledThreadPoolExecutor$DelayedWorkQueue.take(ScheduledThreadPoolExecutor.java:899)
        at java.base@17.0.11/java.util.concurrent.ThreadPoolExecutor.getTask(ThreadPoolExecutor.java:1062)
        at java.base@17.0.11/java.util.concurrent.ThreadPoolExecutor.runWorker(ThreadPoolExecutor.java:1122)
        at java.base@17.0.11/java.util.concurrent.ThreadPoolExecutor$Worker.run(ThreadPoolExecutor.java:635)
        at java.base@17.0.11/java.lang.Thread.run(Thread.java:840)
"4f6a4ba8-7237-4720-8e71-4cf4f347a525-CommandProcessorThread" daemon prio=5 tid=517 timed_waiting
java.lang.Thread.State: TIMED_WAITING
        at java.base@17.0.11/java.lang.Thread.sleep(Native Method)
        at app//org.apache.hadoop.ozone.container.common.statemachine.DatanodeStateMachine.lambda$initCommandHandlerThread$4(DatanodeStateMachine.java:674)
        at app//org.apache.hadoop.ozone.container.common.statemachine.DatanodeStateMachine$$Lambda$1287/0x00007fe3807a5468.run(Unknown Source)
        at java.base@17.0.11/java.lang.Thread.run(Thread.java:840)
"IPC Server handler 52 on default port 15000" daemon prio=5 tid=111 timed_waiting
java.lang.Thread.State: TIMED_WAITING
        at java.base@17.0.11/jdk.internal.misc.Unsafe.park(Native Method)
        at java.base@17.0.11/java.util.concurrent.locks.LockSupport.parkNanos(LockSupport.java:252)
        at java.base@17.0.11/java.util.concurrent.locks.AbstractQueuedSynchronizer$ConditionObject.awaitNanos(AbstractQueuedSynchronizer.java:1674)
        at java.base@17.0.11/java.util.concurrent.LinkedBlockingQueue.poll(LinkedBlockingQueue.java:460)
        at app//org.apache.hadoop.ipc.CallQueueManager.take(CallQueueManager.java:317)
        at app//org.apache.hadoop.ipc.Server$Handler.run(Server.java:3014)
"IPC Server handler 44 on default port 15001" daemon prio=5 tid=203 timed_waiting
java.lang.Thread.State: TIMED_WAITING
        at java.base@17.0.11/jdk.internal.misc.Unsafe.park(Native Method)
        at java.base@17.0.11/java.util.concurrent.locks.LockSupport.parkNanos(LockSupport.java:252)
        at java.base@17.0.11/java.util.concurrent.locks.AbstractQueuedSynchronizer$ConditionObject.awaitNanos(AbstractQueuedSynchronizer.java:1674)
        at java.base@17.0.11/java.util.concurrent.LinkedBlockingQueue.poll(LinkedBlockingQueue.java:460)
        at app//org.apache.hadoop.ipc.CallQueueManager.take(CallQueueManager.java:317)
        at app//org.apache.hadoop.ipc.Server$Handler.run(Server.java:3014)
"org.apache.hadoop.ozone.container.common.statemachine.commandhandler.DeleteBlocksCommandHandler$DeleteCmdWorker@30e4cf5e" daemon prio=5 tid=495 timed_waiting
java.lang.Thread.State: TIMED_WAITING
        at java.base@17.0.11/java.lang.Thread.sleep(Native Method)
        at app//org.apache.hadoop.ozone.container.common.statemachine.commandhandler.DeleteBlocksCommandHandler$DeleteCmdWorker.run(DeleteBlocksCommandHandler.java:259)
        at java.base@17.0.11/java.lang.Thread.run(Thread.java:840)
"IPC Server handler 34 on default port 15002" daemon prio=5 tid=293 timed_waiting
java.lang.Thread.State: TIMED_WAITING
        at java.base@17.0.11/jdk.internal.misc.Unsafe.park(Native Method)
        at java.base@17.0.11/java.util.concurrent.locks.LockSupport.parkNanos(LockSupport.java:252)
        at java.base@17.0.11/java.util.concurrent.locks.AbstractQueuedSynchronizer$ConditionObject.awaitNanos(AbstractQueuedSynchronizer.java:1674)
        at java.base@17.0.11/java.util.concurrent.LinkedBlockingQueue.poll(LinkedBlockingQueue.java:460)
        at app//org.apache.hadoop.ipc.CallQueueManager.take(CallQueueManager.java:317)
        at app//org.apache.hadoop.ipc.Server$Handler.run(Server.java:3014)
"EventQueue-PipelineReportForOneReplicaPipelineSafeModeRule" daemon prio=5 tid=578 in Object.wait()
java.lang.Thread.State: WAITING (on object monitor)
        at java.base@17.0.11/jdk.internal.misc.Unsafe.park(Native Method)
        at java.base@17.0.11/java.util.concurrent.locks.LockSupport.park(LockSupport.java:341)
        at java.base@17.0.11/java.util.concurrent.locks.AbstractQueuedSynchronizer$ConditionNode.block(AbstractQueuedSynchronizer.java:506)
        at java.base@17.0.11/java.util.concurrent.ForkJoinPool.unmanagedBlock(ForkJoinPool.java:3465)
        at java.base@17.0.11/java.util.concurrent.ForkJoinPool.managedBlock(ForkJoinPool.java:3436)
        at java.base@17.0.11/java.util.concurrent.locks.AbstractQueuedSynchronizer$ConditionObject.await(AbstractQueuedSynchronizer.java:1625)
        at java.base@17.0.11/java.util.concurrent.LinkedBlockingQueue.take(LinkedBlockingQueue.java:435)
        at java.base@17.0.11/java.util.concurrent.ThreadPoolExecutor.getTask(ThreadPoolExecutor.java:1062)
        at java.base@17.0.11/java.util.concurrent.ThreadPoolExecutor.runWorker(ThreadPoolExecutor.java:1122)
        at java.base@17.0.11/java.util.concurrent.ThreadPoolExecutor$Worker.run(ThreadPoolExecutor.java:635)
        at java.base@17.0.11/java.lang.Thread.run(Thread.java:840)
"BackgroundPipelineScrubber" daemon prio=5 tid=27 timed_waiting
java.lang.Thread.State: TIMED_WAITING
        at java.base@17.0.11/java.lang.Object.wait(Native Method)
        at app//org.apache.hadoop.hdds.scm.ha.BackgroundSCMService.run(BackgroundSCMService.java:107)
        at app//org.apache.hadoop.hdds.scm.ha.BackgroundSCMService$$Lambda$674/0x00007fe3803a1cf8.run(Unknown Source)
        at java.base@17.0.11/java.lang.Thread.run(Thread.java:840)
"IPC Server handler 42 on default port 15000" daemon prio=5 tid=101 timed_waiting
java.lang.Thread.State: TIMED_WAITING
        at java.base@17.0.11/jdk.internal.misc.Unsafe.park(Native Method)
        at java.base@17.0.11/java.util.concurrent.locks.LockSupport.parkNanos(LockSupport.java:252)
        at java.base@17.0.11/java.util.concurrent.locks.AbstractQueuedSynchronizer$ConditionObject.awaitNanos(AbstractQueuedSynchronizer.java:1674)
        at java.base@17.0.11/java.util.concurrent.LinkedBlockingQueue.poll(LinkedBlockingQueue.java:460)
        at app//org.apache.hadoop.ipc.CallQueueManager.take(CallQueueManager.java:317)
        at app//org.apache.hadoop.ipc.Server$Handler.run(Server.java:3014)
"IPC Server handler 67 on default port 15002" daemon prio=5 tid=326 timed_waiting
java.lang.Thread.State: TIMED_WAITING
        at java.base@17.0.11/jdk.internal.misc.Unsafe.park(Native Method)
        at java.base@17.0.11/java.util.concurrent.locks.LockSupport.parkNanos(LockSupport.java:252)
        at java.base@17.0.11/java.util.concurrent.locks.AbstractQueuedSynchronizer$ConditionObject.awaitNanos(AbstractQueuedSynchronizer.java:1674)
        at java.base@17.0.11/java.util.concurrent.LinkedBlockingQueue.poll(LinkedBlockingQueue.java:460)
        at app//org.apache.hadoop.ipc.CallQueueManager.take(CallQueueManager.java:317)
        at app//org.apache.hadoop.ipc.Server$Handler.run(Server.java:3014)
"IPC Server handler 36 on default port 15002" daemon prio=5 tid=295 timed_waiting
java.lang.Thread.State: TIMED_WAITING
        at java.base@17.0.11/jdk.internal.misc.Unsafe.park(Native Method)
        at java.base@17.0.11/java.util.concurrent.locks.LockSupport.parkNanos(LockSupport.java:252)
        at java.base@17.0.11/java.util.concurrent.locks.AbstractQueuedSynchronizer$ConditionObject.awaitNanos(AbstractQueuedSynchronizer.java:1674)
        at java.base@17.0.11/java.util.concurrent.LinkedBlockingQueue.poll(LinkedBlockingQueue.java:460)
        at app//org.apache.hadoop.ipc.CallQueueManager.take(CallQueueManager.java:317)
        at app//org.apache.hadoop.ipc.Server$Handler.run(Server.java:3014)
"qtp1038401449-499-acceptor-0@34c3c6d9-ServerConnector@139d7ced{HTTP/1.1, (http/1.1)}{0.0.0.0:15027}" daemon prio=3 tid=499 runnable
java.lang.Thread.State: RUNNABLE
        at java.base@17.0.11/sun.nio.ch.Net.accept(Native Method)
        at java.base@17.0.11/sun.nio.ch.ServerSocketChannelImpl.implAccept(ServerSocketChannelImpl.java:425)
        at java.base@17.0.11/sun.nio.ch.ServerSocketChannelImpl.accept(ServerSocketChannelImpl.java:391)
        at app//org.eclipse.jetty.server.ServerConnector.accept(ServerConnector.java:388)
        at app//org.eclipse.jetty.server.AbstractConnector$Acceptor.run(AbstractConnector.java:704)
        at app//org.eclipse.jetty.util.thread.QueuedThreadPool.runJob(QueuedThreadPool.java:883)
        at app//org.eclipse.jetty.util.thread.QueuedThreadPool$Runner.run(QueuedThreadPool.java:1034)
        at java.base@17.0.11/java.lang.Thread.run(Thread.java:840)
"JvmPauseMonitor2" daemon prio=5 tid=533 timed_waiting
java.lang.Thread.State: TIMED_WAITING
        at java.base@17.0.11/java.lang.Thread.sleep(Native Method)
        at java.base@17.0.11/java.lang.Thread.sleep(Thread.java:344)
        at java.base@17.0.11/java.util.concurrent.TimeUnit.sleep(TimeUnit.java:446)
        at app//org.apache.ratis.util.TimeDuration.sleep(TimeDuration.java:353)
        at app//org.apache.ratis.util.TimeDuration.sleep(TimeDuration.java:338)
        at app//org.apache.ratis.util.JvmPauseMonitor.detectPause(JvmPauseMonitor.java:160)
        at app//org.apache.ratis.util.JvmPauseMonitor.run(JvmPauseMonitor.java:149)
        at app//org.apache.ratis.util.JvmPauseMonitor$$Lambda$778/0x00007fe3804e26b8.run(Unknown Source)
        at java.base@17.0.11/java.lang.Thread.run(Thread.java:840)
"IPC Server handler 56 on default port 15001" daemon prio=5 tid=215 timed_waiting
java.lang.Thread.State: TIMED_WAITING
        at java.base@17.0.11/jdk.internal.misc.Unsafe.park(Native Method)
        at java.base@17.0.11/java.util.concurrent.locks.LockSupport.parkNanos(LockSupport.java:252)
        at java.base@17.0.11/java.util.concurrent.locks.AbstractQueuedSynchronizer$ConditionObject.awaitNanos(AbstractQueuedSynchronizer.java:1674)
        at java.base@17.0.11/java.util.concurrent.LinkedBlockingQueue.poll(LinkedBlockingQueue.java:460)
        at app//org.apache.hadoop.ipc.CallQueueManager.take(CallQueueManager.java:317)
        at app//org.apache.hadoop.ipc.Server$Handler.run(Server.java:3014)
"Socket Reader #1 for port 15004"  prio=5 tid=383 runnable
java.lang.Thread.State: RUNNABLE
        at java.base@17.0.11/sun.nio.ch.EPoll.wait(Native Method)
        at java.base@17.0.11/sun.nio.ch.EPollSelectorImpl.doSelect(EPollSelectorImpl.java:118)
        at java.base@17.0.11/sun.nio.ch.SelectorImpl.lockAndDoSelect(SelectorImpl.java:129)
        at java.base@17.0.11/sun.nio.ch.SelectorImpl.select(SelectorImpl.java:146)
        at app//org.apache.hadoop.ipc.Server$Listener$Reader.doRunLoop(Server.java:1346)
        at app//org.apache.hadoop.ipc.Server$Listener$Reader.run(Server.java:1325)
"IPC Server handler 48 on default port 15000" daemon prio=5 tid=107 timed_waiting
java.lang.Thread.State: TIMED_WAITING
        at java.base@17.0.11/jdk.internal.misc.Unsafe.park(Native Method)
        at java.base@17.0.11/java.util.concurrent.locks.LockSupport.parkNanos(LockSupport.java:252)
        at java.base@17.0.11/java.util.concurrent.locks.AbstractQueuedSynchronizer$ConditionObject.awaitNanos(AbstractQueuedSynchronizer.java:1674)
        at java.base@17.0.11/java.util.concurrent.LinkedBlockingQueue.poll(LinkedBlockingQueue.java:460)
        at app//org.apache.hadoop.ipc.CallQueueManager.take(CallQueueManager.java:317)
        at app//org.apache.hadoop.ipc.Server$Handler.run(Server.java:3014)
"IPC Server handler 97 on default port 15002" daemon prio=5 tid=356 timed_waiting
java.lang.Thread.State: TIMED_WAITING
        at java.base@17.0.11/jdk.internal.misc.Unsafe.park(Native Method)
        at java.base@17.0.11/java.util.concurrent.locks.LockSupport.parkNanos(LockSupport.java:252)
        at java.base@17.0.11/java.util.concurrent.locks.AbstractQueuedSynchronizer$ConditionObject.awaitNanos(AbstractQueuedSynchronizer.java:1674)
        at java.base@17.0.11/java.util.concurrent.LinkedBlockingQueue.poll(LinkedBlockingQueue.java:460)
        at app//org.apache.hadoop.ipc.CallQueueManager.take(CallQueueManager.java:317)
        at app//org.apache.hadoop.ipc.Server$Handler.run(Server.java:3014)
"LeakDetector-ManagedRocksObject0" daemon prio=5 tid=24 in Object.wait()
java.lang.Thread.State: WAITING (on object monitor)
        at java.base@17.0.11/java.lang.Object.wait(Native Method)
        at java.base@17.0.11/java.lang.ref.ReferenceQueue.remove(ReferenceQueue.java:155)
        at java.base@17.0.11/java.lang.ref.ReferenceQueue.remove(ReferenceQueue.java:176)
        at app//org.apache.hadoop.hdds.utils.LeakDetector.run(LeakDetector.java:80)
        at app//org.apache.hadoop.hdds.utils.LeakDetector$$Lambda$591/0x00007fe3802a74d8.run(Unknown Source)
        at java.base@17.0.11/java.lang.Thread.run(Thread.java:840)
"Session-HouseKeeper-5b3f2fe1-1"  prio=5 tid=476 timed_waiting
java.lang.Thread.State: TIMED_WAITING
        at java.base@17.0.11/jdk.internal.misc.Unsafe.park(Native Method)
        at java.base@17.0.11/java.util.concurrent.locks.LockSupport.parkNanos(LockSupport.java:252)
        at java.base@17.0.11/java.util.concurrent.locks.AbstractQueuedSynchronizer$ConditionObject.awaitNanos(AbstractQueuedSynchronizer.java:1674)
        at java.base@17.0.11/java.util.concurrent.ScheduledThreadPoolExecutor$DelayedWorkQueue.take(ScheduledThreadPoolExecutor.java:1182)
        at java.base@17.0.11/java.util.concurrent.ScheduledThreadPoolExecutor$DelayedWorkQueue.take(ScheduledThreadPoolExecutor.java:899)
        at java.base@17.0.11/java.util.concurrent.ThreadPoolExecutor.getTask(ThreadPoolExecutor.java:1062)
        at java.base@17.0.11/java.util.concurrent.ThreadPoolExecutor.runWorker(ThreadPoolExecutor.java:1122)
        at java.base@17.0.11/java.util.concurrent.ThreadPoolExecutor$Worker.run(ThreadPoolExecutor.java:635)
        at java.base@17.0.11/java.lang.Thread.run(Thread.java:840)
"IPC Server handler 9 on default port 15001" daemon prio=5 tid=168 timed_waiting
java.lang.Thread.State: TIMED_WAITING
        at java.base@17.0.11/jdk.internal.misc.Unsafe.park(Native Method)
        at java.base@17.0.11/java.util.concurrent.locks.LockSupport.parkNanos(LockSupport.java:252)
        at java.base@17.0.11/java.util.concurrent.locks.AbstractQueuedSynchronizer$ConditionObject.awaitNanos(AbstractQueuedSynchronizer.java:1674)
        at java.base@17.0.11/java.util.concurrent.LinkedBlockingQueue.poll(LinkedBlockingQueue.java:460)
        at app//org.apache.hadoop.ipc.CallQueueManager.take(CallQueueManager.java:317)
        at app//org.apache.hadoop.ipc.Server$Handler.run(Server.java:3014)
"Session-HouseKeeper-349247c9-1"  prio=5 tid=449 timed_waiting
java.lang.Thread.State: TIMED_WAITING
        at java.base@17.0.11/jdk.internal.misc.Unsafe.park(Native Method)
        at java.base@17.0.11/java.util.concurrent.locks.LockSupport.parkNanos(LockSupport.java:252)
        at java.base@17.0.11/java.util.concurrent.locks.AbstractQueuedSynchronizer$ConditionObject.awaitNanos(AbstractQueuedSynchronizer.java:1674)
        at java.base@17.0.11/java.util.concurrent.ScheduledThreadPoolExecutor$DelayedWorkQueue.take(ScheduledThreadPoolExecutor.java:1182)
        at java.base@17.0.11/java.util.concurrent.ScheduledThreadPoolExecutor$DelayedWorkQueue.take(ScheduledThreadPoolExecutor.java:899)
        at java.base@17.0.11/java.util.concurrent.ThreadPoolExecutor.getTask(ThreadPoolExecutor.java:1062)
        at java.base@17.0.11/java.util.concurrent.ThreadPoolExecutor.runWorker(ThreadPoolExecutor.java:1122)
        at java.base@17.0.11/java.util.concurrent.ThreadPoolExecutor$Worker.run(ThreadPoolExecutor.java:635)
        at java.base@17.0.11/java.lang.Thread.run(Thread.java:840)
"IPC Server handler 20 on default port 15002" daemon prio=5 tid=279 timed_waiting
java.lang.Thread.State: TIMED_WAITING
        at java.base@17.0.11/jdk.internal.misc.Unsafe.park(Native Method)
        at java.base@17.0.11/java.util.concurrent.locks.LockSupport.parkNanos(LockSupport.java:252)
        at java.base@17.0.11/java.util.concurrent.locks.AbstractQueuedSynchronizer$ConditionObject.awaitNanos(AbstractQueuedSynchronizer.java:1674)
        at java.base@17.0.11/java.util.concurrent.LinkedBlockingQueue.poll(LinkedBlockingQueue.java:460)
        at app//org.apache.hadoop.ipc.CallQueueManager.take(CallQueueManager.java:317)
        at app//org.apache.hadoop.ipc.Server$Handler.run(Server.java:3014)
"IPC Server handler 9 on default port 15000" daemon prio=5 tid=68 timed_waiting
java.lang.Thread.State: TIMED_WAITING
        at java.base@17.0.11/jdk.internal.misc.Unsafe.park(Native Method)
        at java.base@17.0.11/java.util.concurrent.locks.LockSupport.parkNanos(LockSupport.java:252)
        at java.base@17.0.11/java.util.concurrent.locks.AbstractQueuedSynchronizer$ConditionObject.awaitNanos(AbstractQueuedSynchronizer.java:1674)
        at java.base@17.0.11/java.util.concurrent.LinkedBlockingQueue.poll(LinkedBlockingQueue.java:460)
        at app//org.apache.hadoop.ipc.CallQueueManager.take(CallQueueManager.java:317)
        at app//org.apache.hadoop.ipc.Server$Handler.run(Server.java:3014)
"4f6a4ba8-7237-4720-8e71-4cf4f347a525-ChunkWriter-0-0" daemon prio=5 tid=565 in Object.wait()
java.lang.Thread.State: WAITING (on object monitor)
        at java.base@17.0.11/jdk.internal.misc.Unsafe.park(Native Method)
        at java.base@17.0.11/java.util.concurrent.locks.LockSupport.park(LockSupport.java:341)
        at java.base@17.0.11/java.util.concurrent.locks.AbstractQueuedSynchronizer$ConditionNode.block(AbstractQueuedSynchronizer.java:506)
        at java.base@17.0.11/java.util.concurrent.ForkJoinPool.unmanagedBlock(ForkJoinPool.java:3465)
        at java.base@17.0.11/java.util.concurrent.ForkJoinPool.managedBlock(ForkJoinPool.java:3436)
        at java.base@17.0.11/java.util.concurrent.locks.AbstractQueuedSynchronizer$ConditionObject.await(AbstractQueuedSynchronizer.java:1625)
        at java.base@17.0.11/java.util.concurrent.LinkedBlockingDeque.takeFirst(LinkedBlockingDeque.java:485)
        at java.base@17.0.11/java.util.concurrent.LinkedBlockingDeque.take(LinkedBlockingDeque.java:673)
        at java.base@17.0.11/java.util.concurrent.ThreadPoolExecutor.getTask(ThreadPoolExecutor.java:1062)
        at java.base@17.0.11/java.util.concurrent.ThreadPoolExecutor.runWorker(ThreadPoolExecutor.java:1122)
        at java.base@17.0.11/java.util.concurrent.ThreadPoolExecutor$Worker.run(ThreadPoolExecutor.java:635)
        at java.base@17.0.11/java.lang.Thread.run(Thread.java:840)
"a2876ff0-d178-48ae-a6b6-bf6963d4710d@group-E17A96920781-FollowerState" daemon prio=5 tid=683 timed_waiting
java.lang.Thread.State: TIMED_WAITING
        at java.base@17.0.11/java.lang.Thread.sleep(Native Method)
        at java.base@17.0.11/java.lang.Thread.sleep(Thread.java:344)
        at java.base@17.0.11/java.util.concurrent.TimeUnit.sleep(TimeUnit.java:446)
        at app//org.apache.ratis.util.TimeDuration.sleep(TimeDuration.java:353)
        at app//org.apache.ratis.util.TimeDuration.sleep(TimeDuration.java:338)
        at app//org.apache.ratis.server.impl.FollowerState.run(FollowerState.java:129)
"4f6a4ba8-7237-4720-8e71-4cf4f347a525@group-E17A96920781-LeaderStateImpl" daemon prio=5 tid=685 timed_waiting
java.lang.Thread.State: TIMED_WAITING
        at java.base@17.0.11/jdk.internal.misc.Unsafe.park(Native Method)
        at java.base@17.0.11/java.util.concurrent.locks.LockSupport.parkNanos(LockSupport.java:252)
        at java.base@17.0.11/java.util.concurrent.locks.AbstractQueuedSynchronizer$ConditionObject.awaitNanos(AbstractQueuedSynchronizer.java:1674)
        at java.base@17.0.11/java.util.concurrent.ArrayBlockingQueue.poll(ArrayBlockingQueue.java:435)
        at app//org.apache.ratis.server.impl.LeaderStateImpl$EventQueue.poll(LeaderStateImpl.java:164)
        at app//org.apache.ratis.server.impl.LeaderStateImpl$EventProcessor.run(LeaderStateImpl.java:766)
"IPC Server handler 54 on default port 15000" daemon prio=5 tid=113 timed_waiting
java.lang.Thread.State: TIMED_WAITING
        at java.base@17.0.11/jdk.internal.misc.Unsafe.park(Native Method)
        at java.base@17.0.11/java.util.concurrent.locks.LockSupport.parkNanos(LockSupport.java:252)
        at java.base@17.0.11/java.util.concurrent.locks.AbstractQueuedSynchronizer$ConditionObject.awaitNanos(AbstractQueuedSynchronizer.java:1674)
        at java.base@17.0.11/java.util.concurrent.LinkedBlockingQueue.poll(LinkedBlockingQueue.java:460)
        at app//org.apache.hadoop.ipc.CallQueueManager.take(CallQueueManager.java:317)
        at app//org.apache.hadoop.ipc.Server$Handler.run(Server.java:3014)
"qtp173418363-446" daemon prio=5 tid=446 timed_waiting
java.lang.Thread.State: TIMED_WAITING
        at java.base@17.0.11/jdk.internal.misc.Unsafe.park(Native Method)
        at java.base@17.0.11/java.util.concurrent.locks.LockSupport.parkNanos(LockSupport.java:252)
        at java.base@17.0.11/java.util.concurrent.locks.AbstractQueuedSynchronizer$ConditionObject.awaitNanos(AbstractQueuedSynchronizer.java:1674)
        at app//org.eclipse.jetty.util.BlockingArrayQueue.poll(BlockingArrayQueue.java:382)
        at app//org.eclipse.jetty.util.thread.QueuedThreadPool$Runner.idleJobPoll(QueuedThreadPool.java:974)
        at app//org.eclipse.jetty.util.thread.QueuedThreadPool$Runner.run(QueuedThreadPool.java:1018)
        at java.base@17.0.11/java.lang.Thread.run(Thread.java:840)
"IPC Server handler 88 on default port 15000" daemon prio=5 tid=147 timed_waiting
java.lang.Thread.State: TIMED_WAITING
        at java.base@17.0.11/jdk.internal.misc.Unsafe.park(Native Method)
        at java.base@17.0.11/java.util.concurrent.locks.LockSupport.parkNanos(LockSupport.java:252)
        at java.base@17.0.11/java.util.concurrent.locks.AbstractQueuedSynchronizer$ConditionObject.awaitNanos(AbstractQueuedSynchronizer.java:1674)
        at java.base@17.0.11/java.util.concurrent.LinkedBlockingQueue.poll(LinkedBlockingQueue.java:460)
        at app//org.apache.hadoop.ipc.CallQueueManager.take(CallQueueManager.java:317)
        at app//org.apache.hadoop.ipc.Server$Handler.run(Server.java:3014)
"IPC Server handler 90 on default port 15001" daemon prio=5 tid=249 timed_waiting
java.lang.Thread.State: TIMED_WAITING
        at java.base@17.0.11/jdk.internal.misc.Unsafe.park(Native Method)
        at java.base@17.0.11/java.util.concurrent.locks.LockSupport.parkNanos(LockSupport.java:252)
        at java.base@17.0.11/java.util.concurrent.locks.AbstractQueuedSynchronizer$ConditionObject.awaitNanos(AbstractQueuedSynchronizer.java:1674)
        at java.base@17.0.11/java.util.concurrent.LinkedBlockingQueue.poll(LinkedBlockingQueue.java:460)
        at app//org.apache.hadoop.ipc.CallQueueManager.take(CallQueueManager.java:317)
        at app//org.apache.hadoop.ipc.Server$Handler.run(Server.java:3014)
"qtp631007928-364" daemon prio=5 tid=364 runnable
java.lang.Thread.State: RUNNABLE
        at java.base@17.0.11/sun.nio.ch.EPoll.wait(Native Method)
        at java.base@17.0.11/sun.nio.ch.EPollSelectorImpl.doSelect(EPollSelectorImpl.java:118)
        at java.base@17.0.11/sun.nio.ch.SelectorImpl.lockAndDoSelect(SelectorImpl.java:129)
        at java.base@17.0.11/sun.nio.ch.SelectorImpl.select(SelectorImpl.java:146)
        at app//org.eclipse.jetty.io.ManagedSelector.nioSelect(ManagedSelector.java:183)
        at app//org.eclipse.jetty.io.ManagedSelector.select(ManagedSelector.java:190)
        at app//org.eclipse.jetty.io.ManagedSelector$SelectorProducer.select(ManagedSelector.java:606)
        at app//org.eclipse.jetty.io.ManagedSelector$SelectorProducer.produce(ManagedSelector.java:543)
        at app//org.eclipse.jetty.util.thread.strategy.EatWhatYouKill.produceTask(EatWhatYouKill.java:362)
        at app//org.eclipse.jetty.util.thread.strategy.EatWhatYouKill.doProduce(EatWhatYouKill.java:186)
        at app//org.eclipse.jetty.util.thread.strategy.EatWhatYouKill.tryProduce(EatWhatYouKill.java:173)
        at app//org.eclipse.jetty.util.thread.strategy.EatWhatYouKill.produce(EatWhatYouKill.java:137)
        at app//org.eclipse.jetty.io.ManagedSelector$$Lambda$818/0x00007fe3805422c8.run(Unknown Source)
        at app//org.eclipse.jetty.util.thread.QueuedThreadPool.runJob(QueuedThreadPool.java:883)
        at app//org.eclipse.jetty.util.thread.QueuedThreadPool$Runner.run(QueuedThreadPool.java:1034)
        at java.base@17.0.11/java.lang.Thread.run(Thread.java:840)
"IPC Server handler 9 on default port 15004" daemon prio=5 tid=424 timed_waiting
java.lang.Thread.State: TIMED_WAITING
        at java.base@17.0.11/jdk.internal.misc.Unsafe.park(Native Method)
        at java.base@17.0.11/java.util.concurrent.locks.LockSupport.parkNanos(LockSupport.java:252)
        at java.base@17.0.11/java.util.concurrent.locks.AbstractQueuedSynchronizer$ConditionObject.awaitNanos(AbstractQueuedSynchronizer.java:1674)
        at java.base@17.0.11/java.util.concurrent.LinkedBlockingQueue.poll(LinkedBlockingQueue.java:460)
        at app//org.apache.hadoop.ipc.CallQueueManager.take(CallQueueManager.java:317)
        at app//org.apache.hadoop.ipc.Server$Handler.run(Server.java:3014)
"e7fccb5b-6f4b-4a5d-93b5-abfcbb2ccb85-ChunkWriter-0-0" daemon prio=5 tid=529 in Object.wait()
java.lang.Thread.State: WAITING (on object monitor)
        at java.base@17.0.11/jdk.internal.misc.Unsafe.park(Native Method)
        at java.base@17.0.11/java.util.concurrent.locks.LockSupport.park(LockSupport.java:341)
        at java.base@17.0.11/java.util.concurrent.locks.AbstractQueuedSynchronizer$ConditionNode.block(AbstractQueuedSynchronizer.java:506)
        at java.base@17.0.11/java.util.concurrent.ForkJoinPool.unmanagedBlock(ForkJoinPool.java:3465)
        at java.base@17.0.11/java.util.concurrent.ForkJoinPool.managedBlock(ForkJoinPool.java:3436)
        at java.base@17.0.11/java.util.concurrent.locks.AbstractQueuedSynchronizer$ConditionObject.await(AbstractQueuedSynchronizer.java:1625)
        at java.base@17.0.11/java.util.concurrent.LinkedBlockingDeque.takeFirst(LinkedBlockingDeque.java:485)
        at java.base@17.0.11/java.util.concurrent.LinkedBlockingDeque.take(LinkedBlockingDeque.java:673)
        at java.base@17.0.11/java.util.concurrent.ThreadPoolExecutor.getTask(ThreadPoolExecutor.java:1062)
        at java.base@17.0.11/java.util.concurrent.ThreadPoolExecutor.runWorker(ThreadPoolExecutor.java:1122)
        at java.base@17.0.11/java.util.concurrent.ThreadPoolExecutor$Worker.run(ThreadPoolExecutor.java:635)
        at java.base@17.0.11/java.lang.Thread.run(Thread.java:840)
"qtp173418363-441" daemon prio=5 tid=441 runnable
java.lang.Thread.State: RUNNABLE
        at java.base@17.0.11/sun.nio.ch.EPoll.wait(Native Method)
        at java.base@17.0.11/sun.nio.ch.EPollSelectorImpl.doSelect(EPollSelectorImpl.java:118)
        at java.base@17.0.11/sun.nio.ch.SelectorImpl.lockAndDoSelect(SelectorImpl.java:129)
        at java.base@17.0.11/sun.nio.ch.SelectorImpl.select(SelectorImpl.java:146)
        at app//org.eclipse.jetty.io.ManagedSelector.nioSelect(ManagedSelector.java:183)
        at app//org.eclipse.jetty.io.ManagedSelector.select(ManagedSelector.java:190)
        at app//org.eclipse.jetty.io.ManagedSelector$SelectorProducer.select(ManagedSelector.java:606)
        at app//org.eclipse.jetty.io.ManagedSelector$SelectorProducer.produce(ManagedSelector.java:543)
        at app//org.eclipse.jetty.util.thread.strategy.EatWhatYouKill.produceTask(EatWhatYouKill.java:362)
        at app//org.eclipse.jetty.util.thread.strategy.EatWhatYouKill.doProduce(EatWhatYouKill.java:186)
        at app//org.eclipse.jetty.util.thread.strategy.EatWhatYouKill.tryProduce(EatWhatYouKill.java:173)
        at app//org.eclipse.jetty.util.thread.strategy.EatWhatYouKill.produce(EatWhatYouKill.java:137)
        at app//org.eclipse.jetty.io.ManagedSelector$$Lambda$818/0x00007fe3805422c8.run(Unknown Source)
        at app//org.eclipse.jetty.util.thread.QueuedThreadPool.runJob(QueuedThreadPool.java:883)
        at app//org.eclipse.jetty.util.thread.QueuedThreadPool$Runner.run(QueuedThreadPool.java:1034)
        at java.base@17.0.11/java.lang.Thread.run(Thread.java:840)
"IPC Server handler 2 on default port 15004" daemon prio=5 tid=417 timed_waiting
java.lang.Thread.State: TIMED_WAITING
        at java.base@17.0.11/jdk.internal.misc.Unsafe.park(Native Method)
        at java.base@17.0.11/java.util.concurrent.locks.LockSupport.parkNanos(LockSupport.java:252)
        at java.base@17.0.11/java.util.concurrent.locks.AbstractQueuedSynchronizer$ConditionObject.awaitNanos(AbstractQueuedSynchronizer.java:1674)
        at java.base@17.0.11/java.util.concurrent.LinkedBlockingQueue.poll(LinkedBlockingQueue.java:460)
        at app//org.apache.hadoop.ipc.CallQueueManager.take(CallQueueManager.java:317)
        at app//org.apache.hadoop.ipc.Server$Handler.run(Server.java:3014)
"grpc-default-executor-4" daemon prio=5 tid=691 timed_waiting
java.lang.Thread.State: TIMED_WAITING
        at java.base@17.0.11/jdk.internal.misc.Unsafe.park(Native Method)
        at java.base@17.0.11/java.util.concurrent.locks.LockSupport.parkNanos(LockSupport.java:252)
        at java.base@17.0.11/java.util.concurrent.SynchronousQueue$TransferStack.transfer(SynchronousQueue.java:401)
        at java.base@17.0.11/java.util.concurrent.SynchronousQueue.poll(SynchronousQueue.java:903)
        at java.base@17.0.11/java.util.concurrent.ThreadPoolExecutor.getTask(ThreadPoolExecutor.java:1061)
        at java.base@17.0.11/java.util.concurrent.ThreadPoolExecutor.runWorker(ThreadPoolExecutor.java:1122)
        at java.base@17.0.11/java.util.concurrent.ThreadPoolExecutor$Worker.run(ThreadPoolExecutor.java:635)
        at java.base@17.0.11/java.lang.Thread.run(Thread.java:840)
"IPC Server handler 99 on default port 15000" daemon prio=5 tid=158 timed_waiting
java.lang.Thread.State: TIMED_WAITING
        at java.base@17.0.11/jdk.internal.misc.Unsafe.park(Native Method)
        at java.base@17.0.11/java.util.concurrent.locks.LockSupport.parkNanos(LockSupport.java:252)
        at java.base@17.0.11/java.util.concurrent.locks.AbstractQueuedSynchronizer$ConditionObject.awaitNanos(AbstractQueuedSynchronizer.java:1674)
        at java.base@17.0.11/java.util.concurrent.LinkedBlockingQueue.poll(LinkedBlockingQueue.java:460)
        at app//org.apache.hadoop.ipc.CallQueueManager.take(CallQueueManager.java:317)
        at app//org.apache.hadoop.ipc.Server$Handler.run(Server.java:3014)
"IPC Server handler 47 on default port 15001" daemon prio=5 tid=206 timed_waiting
java.lang.Thread.State: TIMED_WAITING
        at java.base@17.0.11/jdk.internal.misc.Unsafe.park(Native Method)
        at java.base@17.0.11/java.util.concurrent.locks.LockSupport.parkNanos(LockSupport.java:252)
        at java.base@17.0.11/java.util.concurrent.locks.AbstractQueuedSynchronizer$ConditionObject.awaitNanos(AbstractQueuedSynchronizer.java:1674)
        at java.base@17.0.11/java.util.concurrent.LinkedBlockingQueue.poll(LinkedBlockingQueue.java:460)
        at app//org.apache.hadoop.ipc.CallQueueManager.take(CallQueueManager.java:317)
        at app//org.apache.hadoop.ipc.Server$Handler.run(Server.java:3014)
"FixedThreadPoolWithAffinityExecutor-0-0" daemon prio=5 tid=48 timed_waiting
java.lang.Thread.State: TIMED_WAITING
        at java.base@17.0.11/jdk.internal.misc.Unsafe.park(Native Method)
        at java.base@17.0.11/java.util.concurrent.locks.LockSupport.parkNanos(LockSupport.java:252)
        at java.base@17.0.11/java.util.concurrent.locks.AbstractQueuedSynchronizer$ConditionObject.awaitNanos(AbstractQueuedSynchronizer.java:1674)
        at java.base@17.0.11/java.util.concurrent.LinkedBlockingQueue.poll(LinkedBlockingQueue.java:460)
        at app//org.apache.hadoop.hdds.scm.server.ContainerReportQueue.poll(ContainerReportQueue.java:269)
        at app//org.apache.hadoop.hdds.scm.server.ContainerReportQueue.poll(ContainerReportQueue.java:42)
        at app//org.apache.hadoop.hdds.server.events.FixedThreadPoolWithAffinityExecutor$ContainerReportProcessTask.run(FixedThreadPoolWithAffinityExecutor.java:253)
        at java.base@17.0.11/java.util.concurrent.Executors$RunnableAdapter.call(Executors.java:539)
        at java.base@17.0.11/java.util.concurrent.FutureTask.run(FutureTask.java:264)
        at java.base@17.0.11/java.util.concurrent.ThreadPoolExecutor.runWorker(ThreadPoolExecutor.java:1136)
        at java.base@17.0.11/java.util.concurrent.ThreadPoolExecutor$Worker.run(ThreadPoolExecutor.java:635)
        at java.base@17.0.11/java.lang.Thread.run(Thread.java:840)
"IPC Server handler 36 on default port 15000" daemon prio=5 tid=95 timed_waiting
java.lang.Thread.State: TIMED_WAITING
        at java.base@17.0.11/jdk.internal.misc.Unsafe.park(Native Method)
        at java.base@17.0.11/java.util.concurrent.locks.LockSupport.parkNanos(LockSupport.java:252)
        at java.base@17.0.11/java.util.concurrent.locks.AbstractQueuedSynchronizer$ConditionObject.awaitNanos(AbstractQueuedSynchronizer.java:1674)
        at java.base@17.0.11/java.util.concurrent.LinkedBlockingQueue.poll(LinkedBlockingQueue.java:460)
        at app//org.apache.hadoop.ipc.CallQueueManager.take(CallQueueManager.java:317)
        at app//org.apache.hadoop.ipc.Server$Handler.run(Server.java:3014)
"IPC Server handler 42 on default port 15001" daemon prio=5 tid=201 timed_waiting
java.lang.Thread.State: TIMED_WAITING
        at java.base@17.0.11/jdk.internal.misc.Unsafe.park(Native Method)
        at java.base@17.0.11/java.util.concurrent.locks.LockSupport.parkNanos(LockSupport.java:252)
        at java.base@17.0.11/java.util.concurrent.locks.AbstractQueuedSynchronizer$ConditionObject.awaitNanos(AbstractQueuedSynchronizer.java:1674)
        at java.base@17.0.11/java.util.concurrent.LinkedBlockingQueue.poll(LinkedBlockingQueue.java:460)
        at app//org.apache.hadoop.ipc.CallQueueManager.take(CallQueueManager.java:317)
        at app//org.apache.hadoop.ipc.Server$Handler.run(Server.java:3014)
"4f6a4ba8-7237-4720-8e71-4cf4f347a525@group-87A56816AD29-StateMachineUpdater" daemon prio=5 tid=619 timed_waiting
java.lang.Thread.State: TIMED_WAITING
        at java.base@17.0.11/jdk.internal.misc.Unsafe.park(Native Method)
        at java.base@17.0.11/java.util.concurrent.locks.LockSupport.parkNanos(LockSupport.java:252)
        at java.base@17.0.11/java.util.concurrent.locks.AbstractQueuedSynchronizer$ConditionObject.await(AbstractQueuedSynchronizer.java:1759)
        at app//org.apache.ratis.util.AwaitForSignal.await(AwaitForSignal.java:65)
        at app//org.apache.ratis.server.impl.StateMachineUpdater.waitForCommit(StateMachineUpdater.java:219)
        at app//org.apache.ratis.server.impl.StateMachineUpdater.run(StateMachineUpdater.java:187)
        at java.base@17.0.11/java.lang.Thread.run(Thread.java:840)
"MutableQuantiles-0" daemon prio=5 tid=438 timed_waiting
java.lang.Thread.State: TIMED_WAITING
        at java.base@17.0.11/jdk.internal.misc.Unsafe.park(Native Method)
        at java.base@17.0.11/java.util.concurrent.locks.LockSupport.parkNanos(LockSupport.java:252)
        at java.base@17.0.11/java.util.concurrent.locks.AbstractQueuedSynchronizer$ConditionObject.awaitNanos(AbstractQueuedSynchronizer.java:1674)
        at java.base@17.0.11/java.util.concurrent.ScheduledThreadPoolExecutor$DelayedWorkQueue.take(ScheduledThreadPoolExecutor.java:1182)
        at java.base@17.0.11/java.util.concurrent.ScheduledThreadPoolExecutor$DelayedWorkQueue.take(ScheduledThreadPoolExecutor.java:899)
        at java.base@17.0.11/java.util.concurrent.ThreadPoolExecutor.getTask(ThreadPoolExecutor.java:1062)
        at java.base@17.0.11/java.util.concurrent.ThreadPoolExecutor.runWorker(ThreadPoolExecutor.java:1122)
        at java.base@17.0.11/java.util.concurrent.ThreadPoolExecutor$Worker.run(ThreadPoolExecutor.java:635)
        at java.base@17.0.11/java.lang.Thread.run(Thread.java:840)
"EventQueue-PipelineReportForPipelineReportHandler" daemon prio=5 tid=579 in Object.wait()
java.lang.Thread.State: WAITING (on object monitor)
        at java.base@17.0.11/jdk.internal.misc.Unsafe.park(Native Method)
        at java.base@17.0.11/java.util.concurrent.locks.LockSupport.park(LockSupport.java:341)
        at java.base@17.0.11/java.util.concurrent.locks.AbstractQueuedSynchronizer$ConditionNode.block(AbstractQueuedSynchronizer.java:506)
        at java.base@17.0.11/java.util.concurrent.ForkJoinPool.unmanagedBlock(ForkJoinPool.java:3465)
        at java.base@17.0.11/java.util.concurrent.ForkJoinPool.managedBlock(ForkJoinPool.java:3436)
        at java.base@17.0.11/java.util.concurrent.locks.AbstractQueuedSynchronizer$ConditionObject.await(AbstractQueuedSynchronizer.java:1625)
        at java.base@17.0.11/java.util.concurrent.LinkedBlockingQueue.take(LinkedBlockingQueue.java:435)
        at java.base@17.0.11/java.util.concurrent.ThreadPoolExecutor.getTask(ThreadPoolExecutor.java:1062)
        at java.base@17.0.11/java.util.concurrent.ThreadPoolExecutor.runWorker(ThreadPoolExecutor.java:1122)
        at java.base@17.0.11/java.util.concurrent.ThreadPoolExecutor$Worker.run(ThreadPoolExecutor.java:635)
        at java.base@17.0.11/java.lang.Thread.run(Thread.java:840)
"IPC Server handler 85 on default port 15002" daemon prio=5 tid=344 timed_waiting
java.lang.Thread.State: TIMED_WAITING
        at java.base@17.0.11/jdk.internal.misc.Unsafe.park(Native Method)
        at java.base@17.0.11/java.util.concurrent.locks.LockSupport.parkNanos(LockSupport.java:252)
        at java.base@17.0.11/java.util.concurrent.locks.AbstractQueuedSynchronizer$ConditionObject.awaitNanos(AbstractQueuedSynchronizer.java:1674)
        at java.base@17.0.11/java.util.concurrent.LinkedBlockingQueue.poll(LinkedBlockingQueue.java:460)
        at app//org.apache.hadoop.ipc.CallQueueManager.take(CallQueueManager.java:317)
        at app//org.apache.hadoop.ipc.Server$Handler.run(Server.java:3014)
"IPC Server handler 53 on default port 15002" daemon prio=5 tid=312 timed_waiting
java.lang.Thread.State: TIMED_WAITING
        at java.base@17.0.11/jdk.internal.misc.Unsafe.park(Native Method)
        at java.base@17.0.11/java.util.concurrent.locks.LockSupport.parkNanos(LockSupport.java:252)
        at java.base@17.0.11/java.util.concurrent.locks.AbstractQueuedSynchronizer$ConditionObject.awaitNanos(AbstractQueuedSynchronizer.java:1674)
        at java.base@17.0.11/java.util.concurrent.LinkedBlockingQueue.poll(LinkedBlockingQueue.java:460)
        at app//org.apache.hadoop.ipc.CallQueueManager.take(CallQueueManager.java:317)
        at app//org.apache.hadoop.ipc.Server$Handler.run(Server.java:3014)
"qtp111131743-411" daemon prio=5 tid=411 timed_waiting
java.lang.Thread.State: TIMED_WAITING
        at java.base@17.0.11/jdk.internal.misc.Unsafe.park(Native Method)
        at java.base@17.0.11/java.util.concurrent.locks.LockSupport.parkNanos(LockSupport.java:252)
        at java.base@17.0.11/java.util.concurrent.locks.AbstractQueuedSynchronizer$ConditionObject.awaitNanos(AbstractQueuedSynchronizer.java:1674)
        at app//org.eclipse.jetty.util.BlockingArrayQueue.poll(BlockingArrayQueue.java:382)
        at app//org.eclipse.jetty.util.thread.QueuedThreadPool$Runner.idleJobPoll(QueuedThreadPool.java:974)
        at app//org.eclipse.jetty.util.thread.QueuedThreadPool$Runner.run(QueuedThreadPool.java:1018)
        at java.base@17.0.11/java.lang.Thread.run(Thread.java:840)
"e7fccb5b-6f4b-4a5d-93b5-abfcbb2ccb85-BlockDeletingService#0" daemon prio=5 tid=535 timed_waiting
java.lang.Thread.State: TIMED_WAITING
        at java.base@17.0.11/jdk.internal.misc.Unsafe.park(Native Method)
        at java.base@17.0.11/java.util.concurrent.locks.LockSupport.parkNanos(LockSupport.java:252)
        at java.base@17.0.11/java.util.concurrent.locks.AbstractQueuedSynchronizer$ConditionObject.awaitNanos(AbstractQueuedSynchronizer.java:1674)
        at java.base@17.0.11/java.util.concurrent.ScheduledThreadPoolExecutor$DelayedWorkQueue.take(ScheduledThreadPoolExecutor.java:1182)
        at java.base@17.0.11/java.util.concurrent.ScheduledThreadPoolExecutor$DelayedWorkQueue.take(ScheduledThreadPoolExecutor.java:899)
        at java.base@17.0.11/java.util.concurrent.ThreadPoolExecutor.getTask(ThreadPoolExecutor.java:1062)
        at java.base@17.0.11/java.util.concurrent.ThreadPoolExecutor.runWorker(ThreadPoolExecutor.java:1122)
        at java.base@17.0.11/java.util.concurrent.ThreadPoolExecutor$Worker.run(ThreadPoolExecutor.java:635)
        at java.base@17.0.11/java.lang.Thread.run(Thread.java:840)
"timer0" daemon prio=5 tid=698 timed_waiting
java.lang.Thread.State: TIMED_WAITING
        at java.base@17.0.11/java.lang.Object.wait(Native Method)
        at java.base@17.0.11/java.util.TimerThread.mainLoop(Timer.java:563)
        at java.base@17.0.11/java.util.TimerThread.run(Timer.java:516)
"4f6a4ba8-7237-4720-8e71-4cf4f347a525-server-thread1" daemon prio=5 tid=665 timed_waiting
java.lang.Thread.State: TIMED_WAITING
        at java.base@17.0.11/jdk.internal.misc.Unsafe.park(Native Method)
        at java.base@17.0.11/java.util.concurrent.locks.LockSupport.parkNanos(LockSupport.java:252)
        at java.base@17.0.11/java.util.concurrent.SynchronousQueue$TransferStack.transfer(SynchronousQueue.java:401)
        at java.base@17.0.11/java.util.concurrent.SynchronousQueue.poll(SynchronousQueue.java:903)
        at java.base@17.0.11/java.util.concurrent.ThreadPoolExecutor.getTask(ThreadPoolExecutor.java:1061)
        at java.base@17.0.11/java.util.concurrent.ThreadPoolExecutor.runWorker(ThreadPoolExecutor.java:1122)
        at java.base@17.0.11/java.util.concurrent.ThreadPoolExecutor$Worker.run(ThreadPoolExecutor.java:635)
        at java.base@17.0.11/java.lang.Thread.run(Thread.java:840)
"om1-impl-thread1"  prio=5 tid=380 timed_waiting
java.lang.Thread.State: TIMED_WAITING
        at java.base@17.0.11/jdk.internal.misc.Unsafe.park(Native Method)
        at java.base@17.0.11/java.util.concurrent.locks.LockSupport.parkNanos(LockSupport.java:252)
        at java.base@17.0.11/java.util.concurrent.SynchronousQueue$TransferStack.transfer(SynchronousQueue.java:401)
        at java.base@17.0.11/java.util.concurrent.SynchronousQueue.poll(SynchronousQueue.java:903)
        at java.base@17.0.11/java.util.concurrent.ThreadPoolExecutor.getTask(ThreadPoolExecutor.java:1061)
        at java.base@17.0.11/java.util.concurrent.ThreadPoolExecutor.runWorker(ThreadPoolExecutor.java:1122)
        at java.base@17.0.11/java.util.concurrent.ThreadPoolExecutor$Worker.run(ThreadPoolExecutor.java:635)
        at java.base@17.0.11/java.lang.Thread.run(Thread.java:840)
"om1-groupManagement"  prio=5 tid=381 in Object.wait()
java.lang.Thread.State: WAITING (on object monitor)
        at java.base@17.0.11/jdk.internal.misc.Unsafe.park(Native Method)
        at java.base@17.0.11/java.util.concurrent.locks.LockSupport.park(LockSupport.java:341)
        at java.base@17.0.11/java.util.concurrent.locks.AbstractQueuedSynchronizer$ConditionNode.block(AbstractQueuedSynchronizer.java:506)
        at java.base@17.0.11/java.util.concurrent.ForkJoinPool.unmanagedBlock(ForkJoinPool.java:3465)
        at java.base@17.0.11/java.util.concurrent.ForkJoinPool.managedBlock(ForkJoinPool.java:3436)
        at java.base@17.0.11/java.util.concurrent.locks.AbstractQueuedSynchronizer$ConditionObject.await(AbstractQueuedSynchronizer.java:1625)
        at java.base@17.0.11/java.util.concurrent.LinkedBlockingQueue.take(LinkedBlockingQueue.java:435)
        at java.base@17.0.11/java.util.concurrent.ThreadPoolExecutor.getTask(ThreadPoolExecutor.java:1062)
        at java.base@17.0.11/java.util.concurrent.ThreadPoolExecutor.runWorker(ThreadPoolExecutor.java:1122)
        at java.base@17.0.11/java.util.concurrent.ThreadPoolExecutor$Worker.run(ThreadPoolExecutor.java:635)
        at java.base@17.0.11/java.lang.Thread.run(Thread.java:840)
"EventQueue-DatanodeCommandQueueUpdatedForDatanodeCommandCountUpdatedHandler" daemon prio=5 tid=581 in Object.wait()
java.lang.Thread.State: WAITING (on object monitor)
        at java.base@17.0.11/jdk.internal.misc.Unsafe.park(Native Method)
        at java.base@17.0.11/java.util.concurrent.locks.LockSupport.park(LockSupport.java:341)
        at java.base@17.0.11/java.util.concurrent.locks.AbstractQueuedSynchronizer$ConditionNode.block(AbstractQueuedSynchronizer.java:506)
        at java.base@17.0.11/java.util.concurrent.ForkJoinPool.unmanagedBlock(ForkJoinPool.java:3465)
        at java.base@17.0.11/java.util.concurrent.ForkJoinPool.managedBlock(ForkJoinPool.java:3436)
        at java.base@17.0.11/java.util.concurrent.locks.AbstractQueuedSynchronizer$ConditionObject.await(AbstractQueuedSynchronizer.java:1625)
        at java.base@17.0.11/java.util.concurrent.LinkedBlockingQueue.take(LinkedBlockingQueue.java:435)
        at java.base@17.0.11/java.util.concurrent.ThreadPoolExecutor.getTask(ThreadPoolExecutor.java:1062)
        at java.base@17.0.11/java.util.concurrent.ThreadPoolExecutor.runWorker(ThreadPoolExecutor.java:1122)
        at java.base@17.0.11/java.util.concurrent.ThreadPoolExecutor$Worker.run(ThreadPoolExecutor.java:635)
        at java.base@17.0.11/java.lang.Thread.run(Thread.java:840)
"IPC Server handler 45 on default port 15000" daemon prio=5 tid=104 timed_waiting
java.lang.Thread.State: TIMED_WAITING
        at java.base@17.0.11/jdk.internal.misc.Unsafe.park(Native Method)
        at java.base@17.0.11/java.util.concurrent.locks.LockSupport.parkNanos(LockSupport.java:252)
        at java.base@17.0.11/java.util.concurrent.locks.AbstractQueuedSynchronizer$ConditionObject.awaitNanos(AbstractQueuedSynchronizer.java:1674)
        at java.base@17.0.11/java.util.concurrent.LinkedBlockingQueue.poll(LinkedBlockingQueue.java:460)
        at app//org.apache.hadoop.ipc.CallQueueManager.take(CallQueueManager.java:317)
        at app//org.apache.hadoop.ipc.Server$Handler.run(Server.java:3014)
"4f6a4ba8-7237-4720-8e71-4cf4f347a525@group-D141C8AEF8DE-StateMachineUpdater" daemon prio=5 tid=648 timed_waiting
java.lang.Thread.State: TIMED_WAITING
        at java.base@17.0.11/jdk.internal.misc.Unsafe.park(Native Method)
        at java.base@17.0.11/java.util.concurrent.locks.LockSupport.parkNanos(LockSupport.java:252)
        at java.base@17.0.11/java.util.concurrent.locks.AbstractQueuedSynchronizer$ConditionObject.await(AbstractQueuedSynchronizer.java:1759)
        at app//org.apache.ratis.util.AwaitForSignal.await(AwaitForSignal.java:65)
        at app//org.apache.ratis.server.impl.StateMachineUpdater.waitForCommit(StateMachineUpdater.java:219)
        at app//org.apache.ratis.server.impl.StateMachineUpdater.run(StateMachineUpdater.java:187)
        at java.base@17.0.11/java.lang.Thread.run(Thread.java:840)
"IPC Server handler 31 on default port 15002" daemon prio=5 tid=290 timed_waiting
java.lang.Thread.State: TIMED_WAITING
        at java.base@17.0.11/jdk.internal.misc.Unsafe.park(Native Method)
        at java.base@17.0.11/java.util.concurrent.locks.LockSupport.parkNanos(LockSupport.java:252)
        at java.base@17.0.11/java.util.concurrent.locks.AbstractQueuedSynchronizer$ConditionObject.awaitNanos(AbstractQueuedSynchronizer.java:1674)
        at java.base@17.0.11/java.util.concurrent.LinkedBlockingQueue.poll(LinkedBlockingQueue.java:460)
        at app//org.apache.hadoop.ipc.CallQueueManager.take(CallQueueManager.java:317)
        at app//org.apache.hadoop.ipc.Server$Handler.run(Server.java:3014)
"pool-60-thread-1"  prio=5 tid=405 timed_waiting
java.lang.Thread.State: TIMED_WAITING
        at java.base@17.0.11/jdk.internal.misc.Unsafe.park(Native Method)
        at java.base@17.0.11/java.util.concurrent.locks.LockSupport.parkNanos(LockSupport.java:252)
        at java.base@17.0.11/java.util.concurrent.locks.AbstractQueuedSynchronizer$ConditionObject.awaitNanos(AbstractQueuedSynchronizer.java:1674)
        at java.base@17.0.11/java.util.concurrent.ScheduledThreadPoolExecutor$DelayedWorkQueue.take(ScheduledThreadPoolExecutor.java:1182)
        at java.base@17.0.11/java.util.concurrent.ScheduledThreadPoolExecutor$DelayedWorkQueue.take(ScheduledThreadPoolExecutor.java:899)
        at java.base@17.0.11/java.util.concurrent.ThreadPoolExecutor.getTask(ThreadPoolExecutor.java:1062)
        at java.base@17.0.11/java.util.concurrent.ThreadPoolExecutor.runWorker(ThreadPoolExecutor.java:1122)
        at java.base@17.0.11/java.util.concurrent.ThreadPoolExecutor$Worker.run(ThreadPoolExecutor.java:635)
        at java.base@17.0.11/java.lang.Thread.run(Thread.java:840)
"IPC Server handler 27 on default port 15002" daemon prio=5 tid=286 timed_waiting
java.lang.Thread.State: TIMED_WAITING
        at java.base@17.0.11/jdk.internal.misc.Unsafe.park(Native Method)
        at java.base@17.0.11/java.util.concurrent.locks.LockSupport.parkNanos(LockSupport.java:252)
        at java.base@17.0.11/java.util.concurrent.locks.AbstractQueuedSynchronizer$ConditionObject.awaitNanos(AbstractQueuedSynchronizer.java:1674)
        at java.base@17.0.11/java.util.concurrent.LinkedBlockingQueue.poll(LinkedBlockingQueue.java:460)
        at app//org.apache.hadoop.ipc.CallQueueManager.take(CallQueueManager.java:317)
        at app//org.apache.hadoop.ipc.Server$Handler.run(Server.java:3014)
"IPC Server handler 46 on default port 15001" daemon prio=5 tid=205 timed_waiting
java.lang.Thread.State: TIMED_WAITING
        at java.base@17.0.11/jdk.internal.misc.Unsafe.park(Native Method)
        at java.base@17.0.11/java.util.concurrent.locks.LockSupport.parkNanos(LockSupport.java:252)
        at java.base@17.0.11/java.util.concurrent.locks.AbstractQueuedSynchronizer$ConditionObject.awaitNanos(AbstractQueuedSynchronizer.java:1674)
        at java.base@17.0.11/java.util.concurrent.LinkedBlockingQueue.poll(LinkedBlockingQueue.java:460)
        at app//org.apache.hadoop.ipc.CallQueueManager.take(CallQueueManager.java:317)
        at app//org.apache.hadoop.ipc.Server$Handler.run(Server.java:3014)
"4f6a4ba8-7237-4720-8e71-4cf4f347a525-DataNodeDiskCheckerThread-0" daemon prio=5 tid=561 timed_waiting
java.lang.Thread.State: TIMED_WAITING
        at java.base@17.0.11/jdk.internal.misc.Unsafe.park(Native Method)
        at java.base@17.0.11/java.util.concurrent.locks.LockSupport.parkNanos(LockSupport.java:252)
        at java.base@17.0.11/java.util.concurrent.SynchronousQueue$TransferStack.transfer(SynchronousQueue.java:401)
        at java.base@17.0.11/java.util.concurrent.SynchronousQueue.poll(SynchronousQueue.java:903)
        at java.base@17.0.11/java.util.concurrent.ThreadPoolExecutor.getTask(ThreadPoolExecutor.java:1061)
        at java.base@17.0.11/java.util.concurrent.ThreadPoolExecutor.runWorker(ThreadPoolExecutor.java:1122)
        at java.base@17.0.11/java.util.concurrent.ThreadPoolExecutor$Worker.run(ThreadPoolExecutor.java:635)
        at java.base@17.0.11/java.lang.Thread.run(Thread.java:840)
"FixedThreadPoolWithAffinityExecutor-2-0" daemon prio=5 tid=50 timed_waiting
java.lang.Thread.State: TIMED_WAITING
        at java.base@17.0.11/jdk.internal.misc.Unsafe.park(Native Method)
        at java.base@17.0.11/java.util.concurrent.locks.LockSupport.parkNanos(LockSupport.java:252)
        at java.base@17.0.11/java.util.concurrent.locks.AbstractQueuedSynchronizer$ConditionObject.awaitNanos(AbstractQueuedSynchronizer.java:1674)
        at java.base@17.0.11/java.util.concurrent.LinkedBlockingQueue.poll(LinkedBlockingQueue.java:460)
        at app//org.apache.hadoop.hdds.scm.server.ContainerReportQueue.poll(ContainerReportQueue.java:269)
        at app//org.apache.hadoop.hdds.scm.server.ContainerReportQueue.poll(ContainerReportQueue.java:42)
        at app//org.apache.hadoop.hdds.server.events.FixedThreadPoolWithAffinityExecutor$ContainerReportProcessTask.run(FixedThreadPoolWithAffinityExecutor.java:253)
        at java.base@17.0.11/java.util.concurrent.Executors$RunnableAdapter.call(Executors.java:539)
        at java.base@17.0.11/java.util.concurrent.FutureTask.run(FutureTask.java:264)
        at java.base@17.0.11/java.util.concurrent.ThreadPoolExecutor.runWorker(ThreadPoolExecutor.java:1136)
        at java.base@17.0.11/java.util.concurrent.ThreadPoolExecutor$Worker.run(ThreadPoolExecutor.java:635)
        at java.base@17.0.11/java.lang.Thread.run(Thread.java:840)
"IPC Server handler 43 on default port 15002" daemon prio=5 tid=302 timed_waiting
java.lang.Thread.State: TIMED_WAITING
        at java.base@17.0.11/jdk.internal.misc.Unsafe.park(Native Method)
        at java.base@17.0.11/java.util.concurrent.locks.LockSupport.parkNanos(LockSupport.java:252)
        at java.base@17.0.11/java.util.concurrent.locks.AbstractQueuedSynchronizer$ConditionObject.awaitNanos(AbstractQueuedSynchronizer.java:1674)
        at java.base@17.0.11/java.util.concurrent.LinkedBlockingQueue.poll(LinkedBlockingQueue.java:460)
        at app//org.apache.hadoop.ipc.CallQueueManager.take(CallQueueManager.java:317)
        at app//org.apache.hadoop.ipc.Server$Handler.run(Server.java:3014)
"pool-30-thread-1"  prio=5 tid=362 timed_waiting
java.lang.Thread.State: TIMED_WAITING
        at java.base@17.0.11/jdk.internal.misc.Unsafe.park(Native Method)
        at java.base@17.0.11/java.util.concurrent.locks.LockSupport.parkNanos(LockSupport.java:252)
        at java.base@17.0.11/java.util.concurrent.locks.AbstractQueuedSynchronizer$ConditionObject.awaitNanos(AbstractQueuedSynchronizer.java:1674)
        at java.base@17.0.11/java.util.concurrent.ScheduledThreadPoolExecutor$DelayedWorkQueue.take(ScheduledThreadPoolExecutor.java:1182)
        at java.base@17.0.11/java.util.concurrent.ScheduledThreadPoolExecutor$DelayedWorkQueue.take(ScheduledThreadPoolExecutor.java:899)
        at java.base@17.0.11/java.util.concurrent.ThreadPoolExecutor.getTask(ThreadPoolExecutor.java:1062)
        at java.base@17.0.11/java.util.concurrent.ThreadPoolExecutor.runWorker(ThreadPoolExecutor.java:1122)
        at java.base@17.0.11/java.util.concurrent.ThreadPoolExecutor$Worker.run(ThreadPoolExecutor.java:635)
        at java.base@17.0.11/java.lang.Thread.run(Thread.java:840)
"IPC Server handler 89 on default port 15000" daemon prio=5 tid=148 timed_waiting
java.lang.Thread.State: TIMED_WAITING
        at java.base@17.0.11/jdk.internal.misc.Unsafe.park(Native Method)
        at java.base@17.0.11/java.util.concurrent.locks.LockSupport.parkNanos(LockSupport.java:252)
        at java.base@17.0.11/java.util.concurrent.locks.AbstractQueuedSynchronizer$ConditionObject.awaitNanos(AbstractQueuedSynchronizer.java:1674)
        at java.base@17.0.11/java.util.concurrent.LinkedBlockingQueue.poll(LinkedBlockingQueue.java:460)
        at app//org.apache.hadoop.ipc.CallQueueManager.take(CallQueueManager.java:317)
        at app//org.apache.hadoop.ipc.Server$Handler.run(Server.java:3014)
"IPC Server handler 91 on default port 15002" daemon prio=5 tid=350 timed_waiting
java.lang.Thread.State: TIMED_WAITING
        at java.base@17.0.11/jdk.internal.misc.Unsafe.park(Native Method)
        at java.base@17.0.11/java.util.concurrent.locks.LockSupport.parkNanos(LockSupport.java:252)
        at java.base@17.0.11/java.util.concurrent.locks.AbstractQueuedSynchronizer$ConditionObject.awaitNanos(AbstractQueuedSynchronizer.java:1674)
        at java.base@17.0.11/java.util.concurrent.LinkedBlockingQueue.poll(LinkedBlockingQueue.java:460)
        at app//org.apache.hadoop.ipc.CallQueueManager.take(CallQueueManager.java:317)
        at app//org.apache.hadoop.ipc.Server$Handler.run(Server.java:3014)
"om1@group-C5BA1605619E-SegmentedRaftLogWorker"  prio=5 tid=389 timed_waiting
java.lang.Thread.State: TIMED_WAITING
        at java.base@17.0.11/jdk.internal.misc.Unsafe.park(Native Method)
        at java.base@17.0.11/java.util.concurrent.locks.LockSupport.parkNanos(LockSupport.java:252)
        at java.base@17.0.11/java.util.concurrent.locks.AbstractQueuedSynchronizer$ConditionObject.awaitNanos(AbstractQueuedSynchronizer.java:1674)
        at app//org.apache.ratis.util.DataBlockingQueue.poll(DataBlockingQueue.java:148)
        at app//org.apache.ratis.server.raftlog.segmented.SegmentedRaftLogWorker.run(SegmentedRaftLogWorker.java:302)
        at app//org.apache.ratis.server.raftlog.segmented.SegmentedRaftLogWorker$$Lambda$1163/0x00007fe38071b228.run(Unknown Source)
        at java.base@17.0.11/java.util.concurrent.Executors$RunnableAdapter.call(Executors.java:539)
        at java.base@17.0.11/java.util.concurrent.FutureTask.run(FutureTask.java:264)
        at java.base@17.0.11/java.util.concurrent.ThreadPoolExecutor.runWorker(ThreadPoolExecutor.java:1136)
        at java.base@17.0.11/java.util.concurrent.ThreadPoolExecutor$Worker.run(ThreadPoolExecutor.java:635)
        at java.base@17.0.11/java.lang.Thread.run(Thread.java:840)
"a2876ff0-d178-48ae-a6b6-bf6963d4710d@group-5BDE8CD16727-StateMachineUpdater" daemon prio=5 tid=610 timed_waiting
java.lang.Thread.State: TIMED_WAITING
        at java.base@17.0.11/jdk.internal.misc.Unsafe.park(Native Method)
        at java.base@17.0.11/java.util.concurrent.locks.LockSupport.parkNanos(LockSupport.java:252)
        at java.base@17.0.11/java.util.concurrent.locks.AbstractQueuedSynchronizer$ConditionObject.await(AbstractQueuedSynchronizer.java:1759)
        at app//org.apache.ratis.util.AwaitForSignal.await(AwaitForSignal.java:65)
        at app//org.apache.ratis.server.impl.StateMachineUpdater.waitForCommit(StateMachineUpdater.java:219)
        at app//org.apache.ratis.server.impl.StateMachineUpdater.run(StateMachineUpdater.java:187)
        at java.base@17.0.11/java.lang.Thread.run(Thread.java:840)
"IPC Server handler 66 on default port 15000" daemon prio=5 tid=125 timed_waiting
java.lang.Thread.State: TIMED_WAITING
        at java.base@17.0.11/jdk.internal.misc.Unsafe.park(Native Method)
        at java.base@17.0.11/java.util.concurrent.locks.LockSupport.parkNanos(LockSupport.java:252)
        at java.base@17.0.11/java.util.concurrent.locks.AbstractQueuedSynchronizer$ConditionObject.awaitNanos(AbstractQueuedSynchronizer.java:1674)
        at java.base@17.0.11/java.util.concurrent.LinkedBlockingQueue.poll(LinkedBlockingQueue.java:460)
        at app//org.apache.hadoop.ipc.CallQueueManager.take(CallQueueManager.java:317)
        at app//org.apache.hadoop.ipc.Server$Handler.run(Server.java:3014)
"IPC Server handler 80 on default port 15002" daemon prio=5 tid=339 timed_waiting
java.lang.Thread.State: TIMED_WAITING
        at java.base@17.0.11/jdk.internal.misc.Unsafe.park(Native Method)
        at java.base@17.0.11/java.util.concurrent.locks.LockSupport.parkNanos(LockSupport.java:252)
        at java.base@17.0.11/java.util.concurrent.locks.AbstractQueuedSynchronizer$ConditionObject.awaitNanos(AbstractQueuedSynchronizer.java:1674)
        at java.base@17.0.11/java.util.concurrent.LinkedBlockingQueue.poll(LinkedBlockingQueue.java:460)
        at app//org.apache.hadoop.ipc.CallQueueManager.take(CallQueueManager.java:317)
        at app//org.apache.hadoop.ipc.Server$Handler.run(Server.java:3014)
"IPC Server handler 12 on default port 15001" daemon prio=5 tid=171 timed_waiting
java.lang.Thread.State: TIMED_WAITING
        at java.base@17.0.11/jdk.internal.misc.Unsafe.park(Native Method)
        at java.base@17.0.11/java.util.concurrent.locks.LockSupport.parkNanos(LockSupport.java:252)
        at java.base@17.0.11/java.util.concurrent.locks.AbstractQueuedSynchronizer$ConditionObject.awaitNanos(AbstractQueuedSynchronizer.java:1674)
        at java.base@17.0.11/java.util.concurrent.LinkedBlockingQueue.poll(LinkedBlockingQueue.java:460)
        at app//org.apache.hadoop.ipc.CallQueueManager.take(CallQueueManager.java:317)
        at app//org.apache.hadoop.ipc.Server$Handler.run(Server.java:3014)
"IPC Server handler 39 on default port 15001" daemon prio=5 tid=198 timed_waiting
java.lang.Thread.State: TIMED_WAITING
        at java.base@17.0.11/jdk.internal.misc.Unsafe.park(Native Method)
        at java.base@17.0.11/java.util.concurrent.locks.LockSupport.parkNanos(LockSupport.java:252)
        at java.base@17.0.11/java.util.concurrent.locks.AbstractQueuedSynchronizer$ConditionObject.awaitNanos(AbstractQueuedSynchronizer.java:1674)
        at java.base@17.0.11/java.util.concurrent.LinkedBlockingQueue.poll(LinkedBlockingQueue.java:460)
        at app//org.apache.hadoop.ipc.CallQueueManager.take(CallQueueManager.java:317)
        at app//org.apache.hadoop.ipc.Server$Handler.run(Server.java:3014)
"4f6a4ba8-7237-4720-8e71-4cf4f347a525-DatanodeReportManager-0" daemon prio=5 tid=513 timed_waiting
java.lang.Thread.State: TIMED_WAITING
        at java.base@17.0.11/jdk.internal.misc.Unsafe.park(Native Method)
        at java.base@17.0.11/java.util.concurrent.locks.LockSupport.parkNanos(LockSupport.java:252)
        at java.base@17.0.11/java.util.concurrent.locks.AbstractQueuedSynchronizer$ConditionObject.awaitNanos(AbstractQueuedSynchronizer.java:1674)
        at java.base@17.0.11/java.util.concurrent.ScheduledThreadPoolExecutor$DelayedWorkQueue.take(ScheduledThreadPoolExecutor.java:1182)
        at java.base@17.0.11/java.util.concurrent.ScheduledThreadPoolExecutor$DelayedWorkQueue.take(ScheduledThreadPoolExecutor.java:899)
        at java.base@17.0.11/java.util.concurrent.ThreadPoolExecutor.getTask(ThreadPoolExecutor.java:1062)
        at java.base@17.0.11/java.util.concurrent.ThreadPoolExecutor.runWorker(ThreadPoolExecutor.java:1122)
        at java.base@17.0.11/java.util.concurrent.ThreadPoolExecutor$Worker.run(ThreadPoolExecutor.java:635)
        at java.base@17.0.11/java.lang.Thread.run(Thread.java:840)
"IPC Server handler 51 on default port 15002" daemon prio=5 tid=310 timed_waiting
java.lang.Thread.State: TIMED_WAITING
        at java.base@17.0.11/jdk.internal.misc.Unsafe.park(Native Method)
        at java.base@17.0.11/java.util.concurrent.locks.LockSupport.parkNanos(LockSupport.java:252)
        at java.base@17.0.11/java.util.concurrent.locks.AbstractQueuedSynchronizer$ConditionObject.awaitNanos(AbstractQueuedSynchronizer.java:1674)
        at java.base@17.0.11/java.util.concurrent.LinkedBlockingQueue.poll(LinkedBlockingQueue.java:460)
        at app//org.apache.hadoop.ipc.CallQueueManager.take(CallQueueManager.java:317)
        at app//org.apache.hadoop.ipc.Server$Handler.run(Server.java:3014)
"FixedThreadPoolWithAffinityExecutor-3-0" daemon prio=5 tid=51 timed_waiting
java.lang.Thread.State: TIMED_WAITING
        at java.base@17.0.11/jdk.internal.misc.Unsafe.park(Native Method)
        at java.base@17.0.11/java.util.concurrent.locks.LockSupport.parkNanos(LockSupport.java:252)
        at java.base@17.0.11/java.util.concurrent.locks.AbstractQueuedSynchronizer$ConditionObject.awaitNanos(AbstractQueuedSynchronizer.java:1674)
        at java.base@17.0.11/java.util.concurrent.LinkedBlockingQueue.poll(LinkedBlockingQueue.java:460)
        at app//org.apache.hadoop.hdds.scm.server.ContainerReportQueue.poll(ContainerReportQueue.java:269)
        at app//org.apache.hadoop.hdds.scm.server.ContainerReportQueue.poll(ContainerReportQueue.java:42)
        at app//org.apache.hadoop.hdds.server.events.FixedThreadPoolWithAffinityExecutor$ContainerReportProcessTask.run(FixedThreadPoolWithAffinityExecutor.java:253)
        at java.base@17.0.11/java.util.concurrent.Executors$RunnableAdapter.call(Executors.java:539)
        at java.base@17.0.11/java.util.concurrent.FutureTask.run(FutureTask.java:264)
        at java.base@17.0.11/java.util.concurrent.ThreadPoolExecutor.runWorker(ThreadPoolExecutor.java:1136)
        at java.base@17.0.11/java.util.concurrent.ThreadPoolExecutor$Worker.run(ThreadPoolExecutor.java:635)
        at java.base@17.0.11/java.lang.Thread.run(Thread.java:840)
"4f6a4ba8-7237-4720-8e71-4cf4f347a525-groupManagement" daemon prio=5 tid=611 in Object.wait()
java.lang.Thread.State: WAITING (on object monitor)
        at java.base@17.0.11/jdk.internal.misc.Unsafe.park(Native Method)
        at java.base@17.0.11/java.util.concurrent.locks.LockSupport.park(LockSupport.java:341)
        at java.base@17.0.11/java.util.concurrent.locks.AbstractQueuedSynchronizer$ConditionNode.block(AbstractQueuedSynchronizer.java:506)
        at java.base@17.0.11/java.util.concurrent.ForkJoinPool.unmanagedBlock(ForkJoinPool.java:3465)
        at java.base@17.0.11/java.util.concurrent.ForkJoinPool.managedBlock(ForkJoinPool.java:3436)
        at java.base@17.0.11/java.util.concurrent.locks.AbstractQueuedSynchronizer$ConditionObject.await(AbstractQueuedSynchronizer.java:1625)
        at java.base@17.0.11/java.util.concurrent.LinkedBlockingQueue.take(LinkedBlockingQueue.java:435)
        at java.base@17.0.11/java.util.concurrent.ThreadPoolExecutor.getTask(ThreadPoolExecutor.java:1062)
        at java.base@17.0.11/java.util.concurrent.ThreadPoolExecutor.runWorker(ThreadPoolExecutor.java:1122)
        at java.base@17.0.11/java.util.concurrent.ThreadPoolExecutor$Worker.run(ThreadPoolExecutor.java:635)
        at java.base@17.0.11/java.lang.Thread.run(Thread.java:840)
"e7fccb5b-6f4b-4a5d-93b5-abfcbb2ccb85-PipelineCommandHandlerThread-0"  prio=5 tid=582 in Object.wait()
java.lang.Thread.State: WAITING (on object monitor)
        at java.base@17.0.11/jdk.internal.misc.Unsafe.park(Native Method)
        at java.base@17.0.11/java.util.concurrent.locks.LockSupport.park(LockSupport.java:341)
        at java.base@17.0.11/java.util.concurrent.locks.AbstractQueuedSynchronizer$ConditionNode.block(AbstractQueuedSynchronizer.java:506)
        at java.base@17.0.11/java.util.concurrent.ForkJoinPool.unmanagedBlock(ForkJoinPool.java:3465)
        at java.base@17.0.11/java.util.concurrent.ForkJoinPool.managedBlock(ForkJoinPool.java:3436)
        at java.base@17.0.11/java.util.concurrent.locks.AbstractQueuedSynchronizer$ConditionObject.await(AbstractQueuedSynchronizer.java:1625)
        at java.base@17.0.11/java.util.concurrent.LinkedBlockingQueue.take(LinkedBlockingQueue.java:435)
        at java.base@17.0.11/java.util.concurrent.ThreadPoolExecutor.getTask(ThreadPoolExecutor.java:1062)
        at java.base@17.0.11/java.util.concurrent.ThreadPoolExecutor.runWorker(ThreadPoolExecutor.java:1122)
        at java.base@17.0.11/java.util.concurrent.ThreadPoolExecutor$Worker.run(ThreadPoolExecutor.java:635)
        at java.base@17.0.11/java.lang.Thread.run(Thread.java:840)
"e7fccb5b-6f4b-4a5d-93b5-abfcbb2ccb85-DatanodeReportManager-1" daemon prio=5 tid=458 timed_waiting
java.lang.Thread.State: TIMED_WAITING
        at java.base@17.0.11/jdk.internal.misc.Unsafe.park(Native Method)
        at java.base@17.0.11/java.util.concurrent.locks.LockSupport.parkNanos(LockSupport.java:252)
        at java.base@17.0.11/java.util.concurrent.locks.AbstractQueuedSynchronizer$ConditionObject.awaitNanos(AbstractQueuedSynchronizer.java:1674)
        at java.base@17.0.11/java.util.concurrent.ScheduledThreadPoolExecutor$DelayedWorkQueue.take(ScheduledThreadPoolExecutor.java:1182)
        at java.base@17.0.11/java.util.concurrent.ScheduledThreadPoolExecutor$DelayedWorkQueue.take(ScheduledThreadPoolExecutor.java:899)
        at java.base@17.0.11/java.util.concurrent.ThreadPoolExecutor.getTask(ThreadPoolExecutor.java:1062)
        at java.base@17.0.11/java.util.concurrent.ThreadPoolExecutor.runWorker(ThreadPoolExecutor.java:1122)
        at java.base@17.0.11/java.util.concurrent.ThreadPoolExecutor$Worker.run(ThreadPoolExecutor.java:635)
        at java.base@17.0.11/java.lang.Thread.run(Thread.java:840)
"IPC Server handler 10 on default port 15004" daemon prio=5 tid=425 timed_waiting
java.lang.Thread.State: TIMED_WAITING
        at java.base@17.0.11/jdk.internal.misc.Unsafe.park(Native Method)
        at java.base@17.0.11/java.util.concurrent.locks.LockSupport.parkNanos(LockSupport.java:252)
        at java.base@17.0.11/java.util.concurrent.locks.AbstractQueuedSynchronizer$ConditionObject.awaitNanos(AbstractQueuedSynchronizer.java:1674)
        at java.base@17.0.11/java.util.concurrent.LinkedBlockingQueue.poll(LinkedBlockingQueue.java:460)
        at app//org.apache.hadoop.ipc.CallQueueManager.take(CallQueueManager.java:317)
        at app//org.apache.hadoop.ipc.Server$Handler.run(Server.java:3014)
"gradle-enterprise-test-client-gradle-enterprise-test-listener"  prio=5 tid=18 in Object.wait()
java.lang.Thread.State: WAITING (on object monitor)
        at java.base@17.0.11/jdk.internal.misc.Unsafe.park(Native Method)
        at java.base@17.0.11/java.util.concurrent.locks.LockSupport.park(LockSupport.java:341)
        at java.base@17.0.11/java.util.concurrent.locks.AbstractQueuedSynchronizer$ConditionNode.block(AbstractQueuedSynchronizer.java:506)
        at java.base@17.0.11/java.util.concurrent.ForkJoinPool.unmanagedBlock(ForkJoinPool.java:3465)
        at java.base@17.0.11/java.util.concurrent.ForkJoinPool.managedBlock(ForkJoinPool.java:3436)
        at java.base@17.0.11/java.util.concurrent.locks.AbstractQueuedSynchronizer$ConditionObject.await(AbstractQueuedSynchronizer.java:1625)
        at java.base@17.0.11/java.util.concurrent.ArrayBlockingQueue.take(ArrayBlockingQueue.java:420)
        at app//com.gradle.maven.scan.extension.test.listener.obfuscated.k.a.a(SourceFile:130)
        at app//com.gradle.maven.scan.extension.test.listener.obfuscated.k.a.b(SourceFile:93)
        at app//com.gradle.maven.scan.extension.test.listener.obfuscated.k.a$$Lambda$307/0x00007fe3800bdab8.run(Unknown Source)
        at java.base@17.0.11/java.util.concurrent.Executors$RunnableAdapter.call(Executors.java:539)
        at java.base@17.0.11/java.util.concurrent.FutureTask.run(FutureTask.java:264)
        at java.base@17.0.11/java.util.concurrent.ThreadPoolExecutor.runWorker(ThreadPoolExecutor.java:1136)
        at java.base@17.0.11/java.util.concurrent.ThreadPoolExecutor$Worker.run(ThreadPoolExecutor.java:635)
        at java.base@17.0.11/java.lang.Thread.run(Thread.java:840)
"qtp173418363-443-acceptor-0@3f88e1e7-ServerConnector@2fc1b04a{HTTP/1.1, (http/1.1)}{0.0.0.0:15009}" daemon prio=3 tid=443 runnable
java.lang.Thread.State: RUNNABLE
        at java.base@17.0.11/sun.nio.ch.Net.accept(Native Method)
        at java.base@17.0.11/sun.nio.ch.ServerSocketChannelImpl.implAccept(ServerSocketChannelImpl.java:425)
        at java.base@17.0.11/sun.nio.ch.ServerSocketChannelImpl.accept(ServerSocketChannelImpl.java:391)
        at app//org.eclipse.jetty.server.ServerConnector.accept(ServerConnector.java:388)
        at app//org.eclipse.jetty.server.AbstractConnector$Acceptor.run(AbstractConnector.java:704)
        at app//org.eclipse.jetty.util.thread.QueuedThreadPool.runJob(QueuedThreadPool.java:883)
        at app//org.eclipse.jetty.util.thread.QueuedThreadPool$Runner.run(QueuedThreadPool.java:1034)
        at java.base@17.0.11/java.lang.Thread.run(Thread.java:840)
"Reference Handler" daemon prio=10 tid=2 runnable
java.lang.Thread.State: RUNNABLE
        at java.base@17.0.11/java.lang.ref.Reference.waitForReferencePendingList(Native Method)
        at java.base@17.0.11/java.lang.ref.Reference.processPendingReferences(Reference.java:253)
        at java.base@17.0.11/java.lang.ref.Reference$ReferenceHandler.run(Reference.java:215)
"ExpiredContainerReplicaOpScrubber" daemon prio=5 tid=28 timed_waiting
java.lang.Thread.State: TIMED_WAITING
        at java.base@17.0.11/java.lang.Object.wait(Native Method)
        at app//org.apache.hadoop.hdds.scm.ha.BackgroundSCMService.run(BackgroundSCMService.java:107)
        at app//org.apache.hadoop.hdds.scm.ha.BackgroundSCMService$$Lambda$674/0x00007fe3803a1cf8.run(Unknown Source)
        at java.base@17.0.11/java.lang.Thread.run(Thread.java:840)
"e7fccb5b-6f4b-4a5d-93b5-abfcbb2ccb85-DatanodeStateMachineDaemonThread" daemon prio=5 tid=456 timed_waiting
java.lang.Thread.State: TIMED_WAITING
        at java.base@17.0.11/java.lang.Thread.sleep(Native Method)
        at app//org.apache.hadoop.ozone.container.common.statemachine.DatanodeStateMachine.startStateMachineThread(DatanodeStateMachine.java:359)
        at app//org.apache.hadoop.ozone.container.common.statemachine.DatanodeStateMachine.lambda$startDaemon$1(DatanodeStateMachine.java:546)
        at app//org.apache.hadoop.ozone.container.common.statemachine.DatanodeStateMachine$$Lambda$1285/0x00007fe3807a4e18.run(Unknown Source)
        at java.base@17.0.11/java.lang.Thread.run(Thread.java:840)
"e7fccb5b-6f4b-4a5d-93b5-abfcbb2ccb85@group-87A56816AD29-SegmentedRaftLogWorker"  prio=5 tid=590 timed_waiting
java.lang.Thread.State: TIMED_WAITING
        at java.base@17.0.11/jdk.internal.misc.Unsafe.park(Native Method)
        at java.base@17.0.11/java.util.concurrent.locks.LockSupport.parkNanos(LockSupport.java:252)
        at java.base@17.0.11/java.util.concurrent.locks.AbstractQueuedSynchronizer$ConditionObject.awaitNanos(AbstractQueuedSynchronizer.java:1674)
        at app//org.apache.ratis.util.DataBlockingQueue.poll(DataBlockingQueue.java:148)
        at app//org.apache.ratis.server.raftlog.segmented.SegmentedRaftLogWorker.run(SegmentedRaftLogWorker.java:302)
        at app//org.apache.ratis.server.raftlog.segmented.SegmentedRaftLogWorker$$Lambda$1163/0x00007fe38071b228.run(Unknown Source)
        at java.base@17.0.11/java.util.concurrent.Executors$RunnableAdapter.call(Executors.java:539)
        at java.base@17.0.11/java.util.concurrent.FutureTask.run(FutureTask.java:264)
        at java.base@17.0.11/java.util.concurrent.ThreadPoolExecutor.runWorker(ThreadPoolExecutor.java:1136)
        at java.base@17.0.11/java.util.concurrent.ThreadPoolExecutor$Worker.run(ThreadPoolExecutor.java:635)
        at java.base@17.0.11/java.lang.Thread.run(Thread.java:840)
"IPC Server handler 18 on default port 15000" daemon prio=5 tid=77 timed_waiting
java.lang.Thread.State: TIMED_WAITING
        at java.base@17.0.11/jdk.internal.misc.Unsafe.park(Native Method)
        at java.base@17.0.11/java.util.concurrent.locks.LockSupport.parkNanos(LockSupport.java:252)
        at java.base@17.0.11/java.util.concurrent.locks.AbstractQueuedSynchronizer$ConditionObject.awaitNanos(AbstractQueuedSynchronizer.java:1674)
        at java.base@17.0.11/java.util.concurrent.LinkedBlockingQueue.poll(LinkedBlockingQueue.java:460)
        at app//org.apache.hadoop.ipc.CallQueueManager.take(CallQueueManager.java:317)
        at app//org.apache.hadoop.ipc.Server$Handler.run(Server.java:3014)
"IPC Server handler 95 on default port 15000" daemon prio=5 tid=154 timed_waiting
java.lang.Thread.State: TIMED_WAITING
        at java.base@17.0.11/jdk.internal.misc.Unsafe.park(Native Method)
        at java.base@17.0.11/java.util.concurrent.locks.LockSupport.parkNanos(LockSupport.java:252)
        at java.base@17.0.11/java.util.concurrent.locks.AbstractQueuedSynchronizer$ConditionObject.awaitNanos(AbstractQueuedSynchronizer.java:1674)
        at java.base@17.0.11/java.util.concurrent.LinkedBlockingQueue.poll(LinkedBlockingQueue.java:460)
        at app//org.apache.hadoop.ipc.CallQueueManager.take(CallQueueManager.java:317)
        at app//org.apache.hadoop.ipc.Server$Handler.run(Server.java:3014)
"IPC Server handler 22 on default port 15001" daemon prio=5 tid=181 timed_waiting
java.lang.Thread.State: TIMED_WAITING
        at java.base@17.0.11/jdk.internal.misc.Unsafe.park(Native Method)
        at java.base@17.0.11/java.util.concurrent.locks.LockSupport.parkNanos(LockSupport.java:252)
        at java.base@17.0.11/java.util.concurrent.locks.AbstractQueuedSynchronizer$ConditionObject.awaitNanos(AbstractQueuedSynchronizer.java:1674)
        at java.base@17.0.11/java.util.concurrent.LinkedBlockingQueue.poll(LinkedBlockingQueue.java:460)
        at app//org.apache.hadoop.ipc.CallQueueManager.take(CallQueueManager.java:317)
        at app//org.apache.hadoop.ipc.Server$Handler.run(Server.java:3014)
"IPC Server handler 33 on default port 15002" daemon prio=5 tid=292 timed_waiting
java.lang.Thread.State: TIMED_WAITING
        at java.base@17.0.11/jdk.internal.misc.Unsafe.park(Native Method)
        at java.base@17.0.11/java.util.concurrent.locks.LockSupport.parkNanos(LockSupport.java:252)
        at java.base@17.0.11/java.util.concurrent.locks.AbstractQueuedSynchronizer$ConditionObject.awaitNanos(AbstractQueuedSynchronizer.java:1674)
        at java.base@17.0.11/java.util.concurrent.LinkedBlockingQueue.poll(LinkedBlockingQueue.java:460)
        at app//org.apache.hadoop.ipc.CallQueueManager.take(CallQueueManager.java:317)
        at app//org.apache.hadoop.ipc.Server$Handler.run(Server.java:3014)
"IPC Server handler 98 on default port 15002" daemon prio=5 tid=357 timed_waiting
java.lang.Thread.State: TIMED_WAITING
        at java.base@17.0.11/jdk.internal.misc.Unsafe.park(Native Method)
        at java.base@17.0.11/java.util.concurrent.locks.LockSupport.parkNanos(LockSupport.java:252)
        at java.base@17.0.11/java.util.concurrent.locks.AbstractQueuedSynchronizer$ConditionObject.awaitNanos(AbstractQueuedSynchronizer.java:1674)
        at java.base@17.0.11/java.util.concurrent.LinkedBlockingQueue.poll(LinkedBlockingQueue.java:460)
        at app//org.apache.hadoop.ipc.CallQueueManager.take(CallQueueManager.java:317)
        at app//org.apache.hadoop.ipc.Server$Handler.run(Server.java:3014)
"IPC Server handler 8 on default port 15002" daemon prio=5 tid=267 timed_waiting
java.lang.Thread.State: TIMED_WAITING
        at java.base@17.0.11/jdk.internal.misc.Unsafe.park(Native Method)
        at java.base@17.0.11/java.util.concurrent.locks.LockSupport.parkNanos(LockSupport.java:252)
        at java.base@17.0.11/java.util.concurrent.locks.AbstractQueuedSynchronizer$ConditionObject.awaitNanos(AbstractQueuedSynchronizer.java:1674)
        at java.base@17.0.11/java.util.concurrent.LinkedBlockingQueue.poll(LinkedBlockingQueue.java:460)
        at app//org.apache.hadoop.ipc.CallQueueManager.take(CallQueueManager.java:317)
        at app//org.apache.hadoop.ipc.Server$Handler.run(Server.java:3014)
"IPC Server handler 5 on default port 15001" daemon prio=5 tid=164 timed_waiting
java.lang.Thread.State: TIMED_WAITING
        at java.base@17.0.11/jdk.internal.misc.Unsafe.park(Native Method)
        at java.base@17.0.11/java.util.concurrent.locks.LockSupport.parkNanos(LockSupport.java:252)
        at java.base@17.0.11/java.util.concurrent.locks.AbstractQueuedSynchronizer$ConditionObject.awaitNanos(AbstractQueuedSynchronizer.java:1674)
        at java.base@17.0.11/java.util.concurrent.LinkedBlockingQueue.poll(LinkedBlockingQueue.java:460)
        at app//org.apache.hadoop.ipc.CallQueueManager.take(CallQueueManager.java:317)
        at app//org.apache.hadoop.ipc.Server$Handler.run(Server.java:3014)
"Signal Dispatcher" daemon prio=9 tid=4 runnable
java.lang.Thread.State: RUNNABLE
"qtp41481250-471" daemon prio=5 tid=471 runnable
java.lang.Thread.State: RUNNABLE
        at java.base@17.0.11/sun.nio.ch.EPoll.wait(Native Method)
        at java.base@17.0.11/sun.nio.ch.EPollSelectorImpl.doSelect(EPollSelectorImpl.java:118)
        at java.base@17.0.11/sun.nio.ch.SelectorImpl.lockAndDoSelect(SelectorImpl.java:129)
        at java.base@17.0.11/sun.nio.ch.SelectorImpl.select(SelectorImpl.java:146)
        at app//org.eclipse.jetty.io.ManagedSelector.nioSelect(ManagedSelector.java:183)
        at app//org.eclipse.jetty.io.ManagedSelector.select(ManagedSelector.java:190)
        at app//org.eclipse.jetty.io.ManagedSelector$SelectorProducer.select(ManagedSelector.java:606)
        at app//org.eclipse.jetty.io.ManagedSelector$SelectorProducer.produce(ManagedSelector.java:543)
        at app//org.eclipse.jetty.util.thread.strategy.EatWhatYouKill.produceTask(EatWhatYouKill.java:362)
        at app//org.eclipse.jetty.util.thread.strategy.EatWhatYouKill.doProduce(EatWhatYouKill.java:186)
        at app//org.eclipse.jetty.util.thread.strategy.EatWhatYouKill.tryProduce(EatWhatYouKill.java:173)
        at app//org.eclipse.jetty.util.thread.strategy.EatWhatYouKill.produce(EatWhatYouKill.java:137)
        at app//org.eclipse.jetty.io.ManagedSelector$$Lambda$818/0x00007fe3805422c8.run(Unknown Source)
        at app//org.eclipse.jetty.util.thread.QueuedThreadPool.runJob(QueuedThreadPool.java:883)
        at app//org.eclipse.jetty.util.thread.QueuedThreadPool$Runner.run(QueuedThreadPool.java:1034)
        at java.base@17.0.11/java.lang.Thread.run(Thread.java:840)
"IPC Server handler 49 on default port 15000" daemon prio=5 tid=108 timed_waiting
java.lang.Thread.State: TIMED_WAITING
        at java.base@17.0.11/jdk.internal.misc.Unsafe.park(Native Method)
        at java.base@17.0.11/java.util.concurrent.locks.LockSupport.parkNanos(LockSupport.java:252)
        at java.base@17.0.11/java.util.concurrent.locks.AbstractQueuedSynchronizer$ConditionObject.awaitNanos(AbstractQueuedSynchronizer.java:1674)
        at java.base@17.0.11/java.util.concurrent.LinkedBlockingQueue.poll(LinkedBlockingQueue.java:460)
        at app//org.apache.hadoop.ipc.CallQueueManager.take(CallQueueManager.java:317)
        at app//org.apache.hadoop.ipc.Server$Handler.run(Server.java:3014)
"qtp41481250-470" daemon prio=5 tid=470 timed_waiting
java.lang.Thread.State: TIMED_WAITING
        at java.base@17.0.11/jdk.internal.misc.Unsafe.park(Native Method)
        at java.base@17.0.11/java.util.concurrent.locks.LockSupport.parkNanos(LockSupport.java:252)
        at java.base@17.0.11/java.util.concurrent.locks.AbstractQueuedSynchronizer$ConditionObject.awaitNanos(AbstractQueuedSynchronizer.java:1674)
        at app//org.eclipse.jetty.util.BlockingArrayQueue.poll(BlockingArrayQueue.java:382)
        at app//org.eclipse.jetty.util.thread.QueuedThreadPool$Runner.idleJobPoll(QueuedThreadPool.java:974)
        at app//org.eclipse.jetty.util.thread.QueuedThreadPool$Runner.run(QueuedThreadPool.java:1018)
        at java.base@17.0.11/java.lang.Thread.run(Thread.java:840)
"a2876ff0-d178-48ae-a6b6-bf6963d4710d-DatanodeStateMachineDaemonThread" daemon prio=5 tid=485 timed_waiting
java.lang.Thread.State: TIMED_WAITING
        at java.base@17.0.11/java.lang.Thread.sleep(Native Method)
        at app//org.apache.hadoop.ozone.container.common.statemachine.DatanodeStateMachine.startStateMachineThread(DatanodeStateMachine.java:359)
        at app//org.apache.hadoop.ozone.container.common.statemachine.DatanodeStateMachine.lambda$startDaemon$1(DatanodeStateMachine.java:546)
        at app//org.apache.hadoop.ozone.container.common.statemachine.DatanodeStateMachine$$Lambda$1285/0x00007fe3807a4e18.run(Unknown Source)
        at java.base@17.0.11/java.lang.Thread.run(Thread.java:840)
"a2876ff0-d178-48ae-a6b6-bf6963d4710d@group-87A56816AD29-FollowerState" daemon prio=5 tid=656 timed_waiting
java.lang.Thread.State: TIMED_WAITING
        at java.base@17.0.11/java.lang.Thread.sleep(Native Method)
        at java.base@17.0.11/java.lang.Thread.sleep(Thread.java:344)
        at java.base@17.0.11/java.util.concurrent.TimeUnit.sleep(TimeUnit.java:446)
        at app//org.apache.ratis.util.TimeDuration.sleep(TimeDuration.java:353)
        at app//org.apache.ratis.util.TimeDuration.sleep(TimeDuration.java:338)
        at app//org.apache.ratis.server.impl.FollowerState.run(FollowerState.java:129)
"IPC Server handler 45 on default port 15002" daemon prio=5 tid=304 timed_waiting
java.lang.Thread.State: TIMED_WAITING
        at java.base@17.0.11/jdk.internal.misc.Unsafe.park(Native Method)
        at java.base@17.0.11/java.util.concurrent.locks.LockSupport.parkNanos(LockSupport.java:252)
        at java.base@17.0.11/java.util.concurrent.locks.AbstractQueuedSynchronizer$ConditionObject.awaitNanos(AbstractQueuedSynchronizer.java:1674)
        at java.base@17.0.11/java.util.concurrent.LinkedBlockingQueue.poll(LinkedBlockingQueue.java:460)
        at app//org.apache.hadoop.ipc.CallQueueManager.take(CallQueueManager.java:317)
        at app//org.apache.hadoop.ipc.Server$Handler.run(Server.java:3014)
"e7fccb5b-6f4b-4a5d-93b5-abfcbb2ccb85-EndpointStateMachineTaskThread-/0.0.0.0:15002-0 "  prio=5 tid=520 in Object.wait()
java.lang.Thread.State: WAITING (on object monitor)
        at java.base@17.0.11/jdk.internal.misc.Unsafe.park(Native Method)
        at java.base@17.0.11/java.util.concurrent.locks.LockSupport.park(LockSupport.java:341)
        at java.base@17.0.11/java.util.concurrent.locks.AbstractQueuedSynchronizer$ConditionNode.block(AbstractQueuedSynchronizer.java:506)
        at java.base@17.0.11/java.util.concurrent.ForkJoinPool.unmanagedBlock(ForkJoinPool.java:3465)
        at java.base@17.0.11/java.util.concurrent.ForkJoinPool.managedBlock(ForkJoinPool.java:3436)
        at java.base@17.0.11/java.util.concurrent.locks.AbstractQueuedSynchronizer$ConditionObject.await(AbstractQueuedSynchronizer.java:1625)
        at java.base@17.0.11/java.util.concurrent.LinkedBlockingQueue.take(LinkedBlockingQueue.java:435)
        at java.base@17.0.11/java.util.concurrent.ThreadPoolExecutor.getTask(ThreadPoolExecutor.java:1062)
        at java.base@17.0.11/java.util.concurrent.ThreadPoolExecutor.runWorker(ThreadPoolExecutor.java:1122)
        at java.base@17.0.11/java.util.concurrent.ThreadPoolExecutor$Worker.run(ThreadPoolExecutor.java:635)
        at java.base@17.0.11/java.lang.Thread.run(Thread.java:840)
"4f6a4ba8-7237-4720-8e71-4cf4f347a525-EndpointStateMachineTaskThread-/0.0.0.0:15002-0 "  prio=5 tid=558 in Object.wait()
java.lang.Thread.State: WAITING (on object monitor)
        at java.base@17.0.11/jdk.internal.misc.Unsafe.park(Native Method)
        at java.base@17.0.11/java.util.concurrent.locks.LockSupport.park(LockSupport.java:341)
        at java.base@17.0.11/java.util.concurrent.locks.AbstractQueuedSynchronizer$ConditionNode.block(AbstractQueuedSynchronizer.java:506)
        at java.base@17.0.11/java.util.concurrent.ForkJoinPool.unmanagedBlock(ForkJoinPool.java:3465)
        at java.base@17.0.11/java.util.concurrent.ForkJoinPool.managedBlock(ForkJoinPool.java:3436)
        at java.base@17.0.11/java.util.concurrent.locks.AbstractQueuedSynchronizer$ConditionObject.await(AbstractQueuedSynchronizer.java:1625)
        at java.base@17.0.11/java.util.concurrent.LinkedBlockingQueue.take(LinkedBlockingQueue.java:435)
        at java.base@17.0.11/java.util.concurrent.ThreadPoolExecutor.getTask(ThreadPoolExecutor.java:1062)
        at java.base@17.0.11/java.util.concurrent.ThreadPoolExecutor.runWorker(ThreadPoolExecutor.java:1122)
        at java.base@17.0.11/java.util.concurrent.ThreadPoolExecutor$Worker.run(ThreadPoolExecutor.java:635)
        at java.base@17.0.11/java.lang.Thread.run(Thread.java:840)
"IPC Server handler 38 on default port 15001" daemon prio=5 tid=197 timed_waiting
java.lang.Thread.State: TIMED_WAITING
        at java.base@17.0.11/jdk.internal.misc.Unsafe.park(Native Method)
        at java.base@17.0.11/java.util.concurrent.locks.LockSupport.parkNanos(LockSupport.java:252)
        at java.base@17.0.11/java.util.concurrent.locks.AbstractQueuedSynchronizer$ConditionObject.awaitNanos(AbstractQueuedSynchronizer.java:1674)
        at java.base@17.0.11/java.util.concurrent.LinkedBlockingQueue.poll(LinkedBlockingQueue.java:460)
        at app//org.apache.hadoop.ipc.CallQueueManager.take(CallQueueManager.java:317)
        at app//org.apache.hadoop.ipc.Server$Handler.run(Server.java:3014)
"IPC Server handler 82 on default port 15001" daemon prio=5 tid=241 timed_waiting
java.lang.Thread.State: TIMED_WAITING
        at java.base@17.0.11/jdk.internal.misc.Unsafe.park(Native Method)
        at java.base@17.0.11/java.util.concurrent.locks.LockSupport.parkNanos(LockSupport.java:252)
        at java.base@17.0.11/java.util.concurrent.locks.AbstractQueuedSynchronizer$ConditionObject.awaitNanos(AbstractQueuedSynchronizer.java:1674)
        at java.base@17.0.11/java.util.concurrent.LinkedBlockingQueue.poll(LinkedBlockingQueue.java:460)
        at app//org.apache.hadoop.ipc.CallQueueManager.take(CallQueueManager.java:317)
        at app//org.apache.hadoop.ipc.Server$Handler.run(Server.java:3014)
"om1-OMDoubleBufferFlushThread" daemon prio=5 tid=379 timed_waiting
java.lang.Thread.State: TIMED_WAITING
        at java.base@17.0.11/java.lang.Object.wait(Native Method)
        at app//org.apache.hadoop.ozone.om.ratis.OzoneManagerDoubleBuffer.canFlush(OzoneManagerDoubleBuffer.java:570)
        at app//org.apache.hadoop.ozone.om.ratis.OzoneManagerDoubleBuffer.flushTransactions(OzoneManagerDoubleBuffer.java:294)
        at app//org.apache.hadoop.ozone.om.ratis.OzoneManagerDoubleBuffer$$Lambda$936/0x00007fe380634b10.run(Unknown Source)
        at java.base@17.0.11/java.lang.Thread.run(Thread.java:840)
"4f6a4ba8-7237-4720-8e71-4cf4f347a525@group-87A56816AD29-FollowerState" daemon prio=5 tid=657 timed_waiting
java.lang.Thread.State: TIMED_WAITING
        at java.base@17.0.11/java.lang.Thread.sleep(Native Method)
        at java.base@17.0.11/java.lang.Thread.sleep(Thread.java:344)
        at java.base@17.0.11/java.util.concurrent.TimeUnit.sleep(TimeUnit.java:446)
        at app//org.apache.ratis.util.TimeDuration.sleep(TimeDuration.java:353)
        at app//org.apache.ratis.util.TimeDuration.sleep(TimeDuration.java:338)
        at app//org.apache.ratis.server.impl.FollowerState.run(FollowerState.java:129)
"IPC Server handler 5 on default port 15002" daemon prio=5 tid=264 timed_waiting
java.lang.Thread.State: TIMED_WAITING
        at java.base@17.0.11/jdk.internal.misc.Unsafe.park(Native Method)
        at java.base@17.0.11/java.util.concurrent.locks.LockSupport.parkNanos(LockSupport.java:252)
        at java.base@17.0.11/java.util.concurrent.locks.AbstractQueuedSynchronizer$ConditionObject.awaitNanos(AbstractQueuedSynchronizer.java:1674)
        at java.base@17.0.11/java.util.concurrent.LinkedBlockingQueue.poll(LinkedBlockingQueue.java:460)
        at app//org.apache.hadoop.ipc.CallQueueManager.take(CallQueueManager.java:317)
        at app//org.apache.hadoop.ipc.Server$Handler.run(Server.java:3014)
"IPC Server handler 30 on default port 15000" daemon prio=5 tid=89 timed_waiting
java.lang.Thread.State: TIMED_WAITING
        at java.base@17.0.11/jdk.internal.misc.Unsafe.park(Native Method)
        at java.base@17.0.11/java.util.concurrent.locks.LockSupport.parkNanos(LockSupport.java:252)
        at java.base@17.0.11/java.util.concurrent.locks.AbstractQueuedSynchronizer$ConditionObject.awaitNanos(AbstractQueuedSynchronizer.java:1674)
        at java.base@17.0.11/java.util.concurrent.LinkedBlockingQueue.poll(LinkedBlockingQueue.java:460)
        at app//org.apache.hadoop.ipc.CallQueueManager.take(CallQueueManager.java:317)
        at app//org.apache.hadoop.ipc.Server$Handler.run(Server.java:3014)
"a2876ff0-d178-48ae-a6b6-bf6963d4710d-DatanodeReportManager-2" daemon prio=5 tid=488 in Object.wait()
java.lang.Thread.State: WAITING (on object monitor)
        at java.base@17.0.11/jdk.internal.misc.Unsafe.park(Native Method)
        at java.base@17.0.11/java.util.concurrent.locks.LockSupport.park(LockSupport.java:341)
        at java.base@17.0.11/java.util.concurrent.locks.AbstractQueuedSynchronizer$ConditionNode.block(AbstractQueuedSynchronizer.java:506)
        at java.base@17.0.11/java.util.concurrent.ForkJoinPool.unmanagedBlock(ForkJoinPool.java:3465)
        at java.base@17.0.11/java.util.concurrent.ForkJoinPool.managedBlock(ForkJoinPool.java:3436)
        at java.base@17.0.11/java.util.concurrent.locks.AbstractQueuedSynchronizer$ConditionObject.await(AbstractQueuedSynchronizer.java:1625)
        at java.base@17.0.11/java.util.concurrent.ScheduledThreadPoolExecutor$DelayedWorkQueue.take(ScheduledThreadPoolExecutor.java:1177)
        at java.base@17.0.11/java.util.concurrent.ScheduledThreadPoolExecutor$DelayedWorkQueue.take(ScheduledThreadPoolExecutor.java:899)
        at java.base@17.0.11/java.util.concurrent.ThreadPoolExecutor.getTask(ThreadPoolExecutor.java:1062)
        at java.base@17.0.11/java.util.concurrent.ThreadPoolExecutor.runWorker(ThreadPoolExecutor.java:1122)
        at java.base@17.0.11/java.util.concurrent.ThreadPoolExecutor$Worker.run(ThreadPoolExecutor.java:635)
        at java.base@17.0.11/java.lang.Thread.run(Thread.java:840)
"a2876ff0-d178-48ae-a6b6-bf6963d4710d-ChunkWriter-3-0" daemon prio=5 tid=550 in Object.wait()
java.lang.Thread.State: WAITING (on object monitor)
        at java.base@17.0.11/jdk.internal.misc.Unsafe.park(Native Method)
        at java.base@17.0.11/java.util.concurrent.locks.LockSupport.park(LockSupport.java:341)
        at java.base@17.0.11/java.util.concurrent.locks.AbstractQueuedSynchronizer$ConditionNode.block(AbstractQueuedSynchronizer.java:506)
        at java.base@17.0.11/java.util.concurrent.ForkJoinPool.unmanagedBlock(ForkJoinPool.java:3465)
        at java.base@17.0.11/java.util.concurrent.ForkJoinPool.managedBlock(ForkJoinPool.java:3436)
        at java.base@17.0.11/java.util.concurrent.locks.AbstractQueuedSynchronizer$ConditionObject.await(AbstractQueuedSynchronizer.java:1625)
        at java.base@17.0.11/java.util.concurrent.LinkedBlockingDeque.takeFirst(LinkedBlockingDeque.java:485)
        at java.base@17.0.11/java.util.concurrent.LinkedBlockingDeque.take(LinkedBlockingDeque.java:673)
        at java.base@17.0.11/java.util.concurrent.ThreadPoolExecutor.getTask(ThreadPoolExecutor.java:1062)
        at java.base@17.0.11/java.util.concurrent.ThreadPoolExecutor.runWorker(ThreadPoolExecutor.java:1122)
        at java.base@17.0.11/java.util.concurrent.ThreadPoolExecutor$Worker.run(ThreadPoolExecutor.java:635)
        at java.base@17.0.11/java.lang.Thread.run(Thread.java:840)
"qtp111131743-409" daemon prio=5 tid=409 timed_waiting
java.lang.Thread.State: TIMED_WAITING
        at java.base@17.0.11/jdk.internal.misc.Unsafe.park(Native Method)
        at java.base@17.0.11/java.util.concurrent.locks.LockSupport.parkNanos(LockSupport.java:252)
        at java.base@17.0.11/java.util.concurrent.locks.AbstractQueuedSynchronizer$ConditionObject.awaitNanos(AbstractQueuedSynchronizer.java:1674)
        at app//org.eclipse.jetty.util.BlockingArrayQueue.poll(BlockingArrayQueue.java:382)
        at app//org.eclipse.jetty.util.thread.QueuedThreadPool$Runner.idleJobPoll(QueuedThreadPool.java:974)
        at app//org.eclipse.jetty.util.thread.QueuedThreadPool$Runner.run(QueuedThreadPool.java:1018)
        at java.base@17.0.11/java.lang.Thread.run(Thread.java:840)
"IPC Server handler 41 on default port 15001" daemon prio=5 tid=200 timed_waiting
java.lang.Thread.State: TIMED_WAITING
        at java.base@17.0.11/jdk.internal.misc.Unsafe.park(Native Method)
        at java.base@17.0.11/java.util.concurrent.locks.LockSupport.parkNanos(LockSupport.java:252)
        at java.base@17.0.11/java.util.concurrent.locks.AbstractQueuedSynchronizer$ConditionObject.awaitNanos(AbstractQueuedSynchronizer.java:1674)
        at java.base@17.0.11/java.util.concurrent.LinkedBlockingQueue.poll(LinkedBlockingQueue.java:460)
        at app//org.apache.hadoop.ipc.CallQueueManager.take(CallQueueManager.java:317)
        at app//org.apache.hadoop.ipc.Server$Handler.run(Server.java:3014)
"om1@group-C5BA1605619E-cacheEviction-AwaitToRun" daemon prio=5 tid=388 in Object.wait()
java.lang.Thread.State: WAITING (on object monitor)
        at java.base@17.0.11/jdk.internal.misc.Unsafe.park(Native Method)
        at java.base@17.0.11/java.util.concurrent.locks.LockSupport.park(LockSupport.java:341)
        at java.base@17.0.11/java.util.concurrent.locks.AbstractQueuedSynchronizer$ConditionNode.block(AbstractQueuedSynchronizer.java:506)
        at java.base@17.0.11/java.util.concurrent.ForkJoinPool.unmanagedBlock(ForkJoinPool.java:3465)
        at java.base@17.0.11/java.util.concurrent.ForkJoinPool.managedBlock(ForkJoinPool.java:3436)
        at java.base@17.0.11/java.util.concurrent.locks.AbstractQueuedSynchronizer$ConditionObject.await(AbstractQueuedSynchronizer.java:1625)
        at app//org.apache.ratis.util.AwaitForSignal.await(AwaitForSignal.java:48)
        at app//org.apache.ratis.util.AwaitToRun$RunnableImpl.run(AwaitToRun.java:47)
        at java.base@17.0.11/java.lang.Thread.run(Thread.java:840)
"IPC Server handler 65 on default port 15000" daemon prio=5 tid=124 timed_waiting
java.lang.Thread.State: TIMED_WAITING
        at java.base@17.0.11/jdk.internal.misc.Unsafe.park(Native Method)
        at java.base@17.0.11/java.util.concurrent.locks.LockSupport.parkNanos(LockSupport.java:252)
        at java.base@17.0.11/java.util.concurrent.locks.AbstractQueuedSynchronizer$ConditionObject.awaitNanos(AbstractQueuedSynchronizer.java:1674)
        at java.base@17.0.11/java.util.concurrent.LinkedBlockingQueue.poll(LinkedBlockingQueue.java:460)
        at app//org.apache.hadoop.ipc.CallQueueManager.take(CallQueueManager.java:317)
        at app//org.apache.hadoop.ipc.Server$Handler.run(Server.java:3014)
"e7fccb5b-6f4b-4a5d-93b5-abfcbb2ccb85-server-thread1" daemon prio=5 tid=694 timed_waiting
java.lang.Thread.State: TIMED_WAITING
        at java.base@17.0.11/jdk.internal.misc.Unsafe.park(Native Method)
        at java.base@17.0.11/java.util.concurrent.locks.LockSupport.parkNanos(LockSupport.java:252)
        at java.base@17.0.11/java.util.concurrent.SynchronousQueue$TransferStack.transfer(SynchronousQueue.java:401)
        at java.base@17.0.11/java.util.concurrent.SynchronousQueue.poll(SynchronousQueue.java:903)
        at java.base@17.0.11/java.util.concurrent.ThreadPoolExecutor.getTask(ThreadPoolExecutor.java:1061)
        at java.base@17.0.11/java.util.concurrent.ThreadPoolExecutor.runWorker(ThreadPoolExecutor.java:1122)
        at java.base@17.0.11/java.util.concurrent.ThreadPoolExecutor$Worker.run(ThreadPoolExecutor.java:635)
        at java.base@17.0.11/java.lang.Thread.run(Thread.java:840)
"IPC Server handler 97 on default port 15001" daemon prio=5 tid=256 timed_waiting
java.lang.Thread.State: TIMED_WAITING
        at java.base@17.0.11/jdk.internal.misc.Unsafe.park(Native Method)
        at java.base@17.0.11/java.util.concurrent.locks.LockSupport.parkNanos(LockSupport.java:252)
        at java.base@17.0.11/java.util.concurrent.locks.AbstractQueuedSynchronizer$ConditionObject.awaitNanos(AbstractQueuedSynchronizer.java:1674)
        at java.base@17.0.11/java.util.concurrent.LinkedBlockingQueue.poll(LinkedBlockingQueue.java:460)
        at app//org.apache.hadoop.ipc.CallQueueManager.take(CallQueueManager.java:317)
        at app//org.apache.hadoop.ipc.Server$Handler.run(Server.java:3014)
"IPC Server handler 71 on default port 15001" daemon prio=5 tid=230 timed_waiting
java.lang.Thread.State: TIMED_WAITING
        at java.base@17.0.11/jdk.internal.misc.Unsafe.park(Native Method)
        at java.base@17.0.11/java.util.concurrent.locks.LockSupport.parkNanos(LockSupport.java:252)
        at java.base@17.0.11/java.util.concurrent.locks.AbstractQueuedSynchronizer$ConditionObject.awaitNanos(AbstractQueuedSynchronizer.java:1674)
        at java.base@17.0.11/java.util.concurrent.LinkedBlockingQueue.poll(LinkedBlockingQueue.java:460)
        at app//org.apache.hadoop.ipc.CallQueueManager.take(CallQueueManager.java:317)
        at app//org.apache.hadoop.ipc.Server$Handler.run(Server.java:3014)
"timer1" daemon prio=5 tid=662 timed_waiting
java.lang.Thread.State: TIMED_WAITING
        at java.base@17.0.11/java.lang.Object.wait(Native Method)
        at java.base@17.0.11/java.util.TimerThread.mainLoop(Timer.java:563)
        at java.base@17.0.11/java.util.TimerThread.run(Timer.java:516)
"IPC Server handler 11 on default port 15001" daemon prio=5 tid=170 timed_waiting
java.lang.Thread.State: TIMED_WAITING
        at java.base@17.0.11/jdk.internal.misc.Unsafe.park(Native Method)
        at java.base@17.0.11/java.util.concurrent.locks.LockSupport.parkNanos(LockSupport.java:252)
        at java.base@17.0.11/java.util.concurrent.locks.AbstractQueuedSynchronizer$ConditionObject.awaitNanos(AbstractQueuedSynchronizer.java:1674)
        at java.base@17.0.11/java.util.concurrent.LinkedBlockingQueue.poll(LinkedBlockingQueue.java:460)
        at app//org.apache.hadoop.ipc.CallQueueManager.take(CallQueueManager.java:317)
        at app//org.apache.hadoop.ipc.Server$Handler.run(Server.java:3014)
"IPC Server handler 8 on default port 15001" daemon prio=5 tid=167 timed_waiting
java.lang.Thread.State: TIMED_WAITING
        at java.base@17.0.11/jdk.internal.misc.Unsafe.park(Native Method)
        at java.base@17.0.11/java.util.concurrent.locks.LockSupport.parkNanos(LockSupport.java:252)
        at java.base@17.0.11/java.util.concurrent.locks.AbstractQueuedSynchronizer$ConditionObject.awaitNanos(AbstractQueuedSynchronizer.java:1674)
        at java.base@17.0.11/java.util.concurrent.LinkedBlockingQueue.poll(LinkedBlockingQueue.java:460)
        at app//org.apache.hadoop.ipc.CallQueueManager.take(CallQueueManager.java:317)
        at app//org.apache.hadoop.ipc.Server$Handler.run(Server.java:3014)
"UnderReplicatedProcessor" daemon prio=5 tid=30 timed_waiting
java.lang.Thread.State: TIMED_WAITING
        at java.base@17.0.11/java.lang.Object.wait(Native Method)
        at app//org.apache.hadoop.hdds.scm.container.replication.UnhealthyReplicationProcessor.run(UnhealthyReplicationProcessor.java:174)
        at java.base@17.0.11/java.lang.Thread.run(Thread.java:840)
"IPC Server handler 19 on default port 15000" daemon prio=5 tid=78 timed_waiting
java.lang.Thread.State: TIMED_WAITING
        at java.base@17.0.11/jdk.internal.misc.Unsafe.park(Native Method)
        at java.base@17.0.11/java.util.concurrent.locks.LockSupport.parkNanos(LockSupport.java:252)
        at java.base@17.0.11/java.util.concurrent.locks.AbstractQueuedSynchronizer$ConditionObject.awaitNanos(AbstractQueuedSynchronizer.java:1674)
        at java.base@17.0.11/java.util.concurrent.LinkedBlockingQueue.poll(LinkedBlockingQueue.java:460)
        at app//org.apache.hadoop.ipc.CallQueueManager.take(CallQueueManager.java:317)
        at app//org.apache.hadoop.ipc.Server$Handler.run(Server.java:3014)
"IPC Server handler 42 on default port 15002" daemon prio=5 tid=301 timed_waiting
java.lang.Thread.State: TIMED_WAITING
        at java.base@17.0.11/jdk.internal.misc.Unsafe.park(Native Method)
        at java.base@17.0.11/java.util.concurrent.locks.LockSupport.parkNanos(LockSupport.java:252)
        at java.base@17.0.11/java.util.concurrent.locks.AbstractQueuedSynchronizer$ConditionObject.awaitNanos(AbstractQueuedSynchronizer.java:1674)
        at java.base@17.0.11/java.util.concurrent.LinkedBlockingQueue.poll(LinkedBlockingQueue.java:460)
        at app//org.apache.hadoop.ipc.CallQueueManager.take(CallQueueManager.java:317)
        at app//org.apache.hadoop.ipc.Server$Handler.run(Server.java:3014)
"Hadoop-Metrics-Updater-0" daemon prio=5 tid=386 timed_waiting
java.lang.Thread.State: TIMED_WAITING
        at java.base@17.0.11/jdk.internal.misc.Unsafe.park(Native Method)
        at java.base@17.0.11/java.util.concurrent.locks.LockSupport.parkNanos(LockSupport.java:252)
        at java.base@17.0.11/java.util.concurrent.locks.AbstractQueuedSynchronizer$ConditionObject.awaitNanos(AbstractQueuedSynchronizer.java:1674)
        at java.base@17.0.11/java.util.concurrent.ScheduledThreadPoolExecutor$DelayedWorkQueue.take(ScheduledThreadPoolExecutor.java:1182)
        at java.base@17.0.11/java.util.concurrent.ScheduledThreadPoolExecutor$DelayedWorkQueue.take(ScheduledThreadPoolExecutor.java:899)
        at java.base@17.0.11/java.util.concurrent.ThreadPoolExecutor.getTask(ThreadPoolExecutor.java:1062)
        at java.base@17.0.11/java.util.concurrent.ThreadPoolExecutor.runWorker(ThreadPoolExecutor.java:1122)
        at java.base@17.0.11/java.util.concurrent.ThreadPoolExecutor$Worker.run(ThreadPoolExecutor.java:635)
        at java.base@17.0.11/java.lang.Thread.run(Thread.java:840)
"IPC Server handler 78 on default port 15000" daemon prio=5 tid=137 timed_waiting
java.lang.Thread.State: TIMED_WAITING
        at java.base@17.0.11/jdk.internal.misc.Unsafe.park(Native Method)
        at java.base@17.0.11/java.util.concurrent.locks.LockSupport.parkNanos(LockSupport.java:252)
        at java.base@17.0.11/java.util.concurrent.locks.AbstractQueuedSynchronizer$ConditionObject.awaitNanos(AbstractQueuedSynchronizer.java:1674)
        at java.base@17.0.11/java.util.concurrent.LinkedBlockingQueue.poll(LinkedBlockingQueue.java:460)
        at app//org.apache.hadoop.ipc.CallQueueManager.take(CallQueueManager.java:317)
        at app//org.apache.hadoop.ipc.Server$Handler.run(Server.java:3014)
"IPC Server handler 37 on default port 15001" daemon prio=5 tid=196 timed_waiting
java.lang.Thread.State: TIMED_WAITING
        at java.base@17.0.11/jdk.internal.misc.Unsafe.park(Native Method)
        at java.base@17.0.11/java.util.concurrent.locks.LockSupport.parkNanos(LockSupport.java:252)
        at java.base@17.0.11/java.util.concurrent.locks.AbstractQueuedSynchronizer$ConditionObject.awaitNanos(AbstractQueuedSynchronizer.java:1674)
        at java.base@17.0.11/java.util.concurrent.LinkedBlockingQueue.poll(LinkedBlockingQueue.java:460)
        at app//org.apache.hadoop.ipc.CallQueueManager.take(CallQueueManager.java:317)
        at app//org.apache.hadoop.ipc.Server$Handler.run(Server.java:3014)
"Timer-0"  prio=5 tid=394 timed_waiting
java.lang.Thread.State: TIMED_WAITING
        at java.base@17.0.11/java.lang.Object.wait(Native Method)
        at java.base@17.0.11/java.util.TimerThread.mainLoop(Timer.java:563)
        at java.base@17.0.11/java.util.TimerThread.run(Timer.java:516)
"IPC Server handler 3 on default port 15002" daemon prio=5 tid=262 timed_waiting
java.lang.Thread.State: TIMED_WAITING
        at java.base@17.0.11/jdk.internal.misc.Unsafe.park(Native Method)
        at java.base@17.0.11/java.util.concurrent.locks.LockSupport.parkNanos(LockSupport.java:252)
        at java.base@17.0.11/java.util.concurrent.locks.AbstractQueuedSynchronizer$ConditionObject.awaitNanos(AbstractQueuedSynchronizer.java:1674)
        at java.base@17.0.11/java.util.concurrent.LinkedBlockingQueue.poll(LinkedBlockingQueue.java:460)
        at app//org.apache.hadoop.ipc.CallQueueManager.take(CallQueueManager.java:317)
        at app//org.apache.hadoop.ipc.Server$Handler.run(Server.java:3014)
"4f6a4ba8-7237-4720-8e71-4cf4f347a525-server-thread2" daemon prio=5 tid=667 timed_waiting
java.lang.Thread.State: TIMED_WAITING
        at java.base@17.0.11/jdk.internal.misc.Unsafe.park(Native Method)
        at java.base@17.0.11/java.util.concurrent.locks.LockSupport.parkNanos(LockSupport.java:252)
        at java.base@17.0.11/java.util.concurrent.SynchronousQueue$TransferStack.transfer(SynchronousQueue.java:401)
        at java.base@17.0.11/java.util.concurrent.SynchronousQueue.poll(SynchronousQueue.java:903)
        at java.base@17.0.11/java.util.concurrent.ThreadPoolExecutor.getTask(ThreadPoolExecutor.java:1061)
        at java.base@17.0.11/java.util.concurrent.ThreadPoolExecutor.runWorker(ThreadPoolExecutor.java:1122)
        at java.base@17.0.11/java.util.concurrent.ThreadPoolExecutor$Worker.run(ThreadPoolExecutor.java:635)
        at java.base@17.0.11/java.lang.Thread.run(Thread.java:840)
"Finalizer" daemon prio=8 tid=3 in Object.wait()
java.lang.Thread.State: WAITING (on object monitor)
        at java.base@17.0.11/java.lang.Object.wait(Native Method)
        at java.base@17.0.11/java.lang.ref.ReferenceQueue.remove(ReferenceQueue.java:155)
        at java.base@17.0.11/java.lang.ref.ReferenceQueue.remove(ReferenceQueue.java:176)
        at java.base@17.0.11/java.lang.ref.Finalizer$FinalizerThread.run(Finalizer.java:172)
"IPC Server handler 64 on default port 15000" daemon prio=5 tid=123 timed_waiting
java.lang.Thread.State: TIMED_WAITING
        at java.base@17.0.11/jdk.internal.misc.Unsafe.park(Native Method)
        at java.base@17.0.11/java.util.concurrent.locks.LockSupport.parkNanos(LockSupport.java:252)
        at java.base@17.0.11/java.util.concurrent.locks.AbstractQueuedSynchronizer$ConditionObject.awaitNanos(AbstractQueuedSynchronizer.java:1674)
        at java.base@17.0.11/java.util.concurrent.LinkedBlockingQueue.poll(LinkedBlockingQueue.java:460)
        at app//org.apache.hadoop.ipc.CallQueueManager.take(CallQueueManager.java:317)
        at app//org.apache.hadoop.ipc.Server$Handler.run(Server.java:3014)
"4f6a4ba8-7237-4720-8e71-4cf4f347a525-DatanodeReportManager-1" daemon prio=5 tid=514 in Object.wait()
java.lang.Thread.State: WAITING (on object monitor)
        at java.base@17.0.11/jdk.internal.misc.Unsafe.park(Native Method)
        at java.base@17.0.11/java.util.concurrent.locks.LockSupport.park(LockSupport.java:341)
        at java.base@17.0.11/java.util.concurrent.locks.AbstractQueuedSynchronizer$ConditionNode.block(AbstractQueuedSynchronizer.java:506)
        at java.base@17.0.11/java.util.concurrent.ForkJoinPool.unmanagedBlock(ForkJoinPool.java:3465)
        at java.base@17.0.11/java.util.concurrent.ForkJoinPool.managedBlock(ForkJoinPool.java:3436)
        at java.base@17.0.11/java.util.concurrent.locks.AbstractQueuedSynchronizer$ConditionObject.await(AbstractQueuedSynchronizer.java:1625)
        at java.base@17.0.11/java.util.concurrent.ScheduledThreadPoolExecutor$DelayedWorkQueue.take(ScheduledThreadPoolExecutor.java:1177)
        at java.base@17.0.11/java.util.concurrent.ScheduledThreadPoolExecutor$DelayedWorkQueue.take(ScheduledThreadPoolExecutor.java:899)
        at java.base@17.0.11/java.util.concurrent.ThreadPoolExecutor.getTask(ThreadPoolExecutor.java:1062)
        at java.base@17.0.11/java.util.concurrent.ThreadPoolExecutor.runWorker(ThreadPoolExecutor.java:1122)
        at java.base@17.0.11/java.util.concurrent.ThreadPoolExecutor$Worker.run(ThreadPoolExecutor.java:635)
        at java.base@17.0.11/java.lang.Thread.run(Thread.java:840)
"IPC Server handler 56 on default port 15002" daemon prio=5 tid=315 timed_waiting
java.lang.Thread.State: TIMED_WAITING
        at java.base@17.0.11/jdk.internal.misc.Unsafe.park(Native Method)
        at java.base@17.0.11/java.util.concurrent.locks.LockSupport.parkNanos(LockSupport.java:252)
        at java.base@17.0.11/java.util.concurrent.locks.AbstractQueuedSynchronizer$ConditionObject.awaitNanos(AbstractQueuedSynchronizer.java:1674)
        at java.base@17.0.11/java.util.concurrent.LinkedBlockingQueue.poll(LinkedBlockingQueue.java:460)
        at app//org.apache.hadoop.ipc.CallQueueManager.take(CallQueueManager.java:317)
        at app//org.apache.hadoop.ipc.Server$Handler.run(Server.java:3014)
"IPC Server handler 53 on default port 15000" daemon prio=5 tid=112 timed_waiting
java.lang.Thread.State: TIMED_WAITING
        at java.base@17.0.11/jdk.internal.misc.Unsafe.park(Native Method)
        at java.base@17.0.11/java.util.concurrent.locks.LockSupport.parkNanos(LockSupport.java:252)
        at java.base@17.0.11/java.util.concurrent.locks.AbstractQueuedSynchronizer$ConditionObject.awaitNanos(AbstractQueuedSynchronizer.java:1674)
        at java.base@17.0.11/java.util.concurrent.LinkedBlockingQueue.poll(LinkedBlockingQueue.java:460)
        at app//org.apache.hadoop.ipc.CallQueueManager.take(CallQueueManager.java:317)
        at app//org.apache.hadoop.ipc.Server$Handler.run(Server.java:3014)
"IPC Server handler 80 on default port 15000" daemon prio=5 tid=139 timed_waiting
java.lang.Thread.State: TIMED_WAITING
        at java.base@17.0.11/jdk.internal.misc.Unsafe.park(Native Method)
        at java.base@17.0.11/java.util.concurrent.locks.LockSupport.parkNanos(LockSupport.java:252)
        at java.base@17.0.11/java.util.concurrent.locks.AbstractQueuedSynchronizer$ConditionObject.awaitNanos(AbstractQueuedSynchronizer.java:1674)
        at java.base@17.0.11/java.util.concurrent.LinkedBlockingQueue.poll(LinkedBlockingQueue.java:460)
        at app//org.apache.hadoop.ipc.CallQueueManager.take(CallQueueManager.java:317)
        at app//org.apache.hadoop.ipc.Server$Handler.run(Server.java:3014)
"IPC Server handler 37 on default port 15000" daemon prio=5 tid=96 timed_waiting
java.lang.Thread.State: TIMED_WAITING
        at java.base@17.0.11/jdk.internal.misc.Unsafe.park(Native Method)
        at java.base@17.0.11/java.util.concurrent.locks.LockSupport.parkNanos(LockSupport.java:252)
        at java.base@17.0.11/java.util.concurrent.locks.AbstractQueuedSynchronizer$ConditionObject.awaitNanos(AbstractQueuedSynchronizer.java:1674)
        at java.base@17.0.11/java.util.concurrent.LinkedBlockingQueue.poll(LinkedBlockingQueue.java:460)
        at app//org.apache.hadoop.ipc.CallQueueManager.take(CallQueueManager.java:317)
        at app//org.apache.hadoop.ipc.Server$Handler.run(Server.java:3014)
"IPC Server handler 48 on default port 15001" daemon prio=5 tid=207 timed_waiting
java.lang.Thread.State: TIMED_WAITING
        at java.base@17.0.11/jdk.internal.misc.Unsafe.park(Native Method)
        at java.base@17.0.11/java.util.concurrent.locks.LockSupport.parkNanos(LockSupport.java:252)
        at java.base@17.0.11/java.util.concurrent.locks.AbstractQueuedSynchronizer$ConditionObject.awaitNanos(AbstractQueuedSynchronizer.java:1674)
        at java.base@17.0.11/java.util.concurrent.LinkedBlockingQueue.poll(LinkedBlockingQueue.java:460)
        at app//org.apache.hadoop.ipc.CallQueueManager.take(CallQueueManager.java:317)
        at app//org.apache.hadoop.ipc.Server$Handler.run(Server.java:3014)
"EventQueue-NodeRegistrationContainerReportForDataNodeSafeModeRule" daemon prio=5 tid=577 in Object.wait()
java.lang.Thread.State: WAITING (on object monitor)
        at java.base@17.0.11/jdk.internal.misc.Unsafe.park(Native Method)
        at java.base@17.0.11/java.util.concurrent.locks.LockSupport.park(LockSupport.java:341)
        at java.base@17.0.11/java.util.concurrent.locks.AbstractQueuedSynchronizer$ConditionNode.block(AbstractQueuedSynchronizer.java:506)
        at java.base@17.0.11/java.util.concurrent.ForkJoinPool.unmanagedBlock(ForkJoinPool.java:3465)
        at java.base@17.0.11/java.util.concurrent.ForkJoinPool.managedBlock(ForkJoinPool.java:3436)
        at java.base@17.0.11/java.util.concurrent.locks.AbstractQueuedSynchronizer$ConditionObject.await(AbstractQueuedSynchronizer.java:1625)
        at java.base@17.0.11/java.util.concurrent.LinkedBlockingQueue.take(LinkedBlockingQueue.java:435)
        at java.base@17.0.11/java.util.concurrent.ThreadPoolExecutor.getTask(ThreadPoolExecutor.java:1062)
        at java.base@17.0.11/java.util.concurrent.ThreadPoolExecutor.runWorker(ThreadPoolExecutor.java:1122)
        at java.base@17.0.11/java.util.concurrent.ThreadPoolExecutor$Worker.run(ThreadPoolExecutor.java:635)
        at java.base@17.0.11/java.lang.Thread.run(Thread.java:840)
"IPC Server handler 92 on default port 15001" daemon prio=5 tid=251 timed_waiting
java.lang.Thread.State: TIMED_WAITING
        at java.base@17.0.11/jdk.internal.misc.Unsafe.park(Native Method)
        at java.base@17.0.11/java.util.concurrent.locks.LockSupport.parkNanos(LockSupport.java:252)
        at java.base@17.0.11/java.util.concurrent.locks.AbstractQueuedSynchronizer$ConditionObject.awaitNanos(AbstractQueuedSynchronizer.java:1674)
        at java.base@17.0.11/java.util.concurrent.LinkedBlockingQueue.poll(LinkedBlockingQueue.java:460)
        at app//org.apache.hadoop.ipc.CallQueueManager.take(CallQueueManager.java:317)
        at app//org.apache.hadoop.ipc.Server$Handler.run(Server.java:3014)
"ContainerMetadataScanner" daemon prio=5 tid=527 timed_waiting
java.lang.Thread.State: TIMED_WAITING
        at java.base@17.0.11/java.lang.Thread.sleep(Native Method)
        at app//org.apache.hadoop.ozone.container.ozoneimpl.AbstractBackgroundContainerScanner.handleRemainingSleep(AbstractBackgroundContainerScanner.java:131)
        at app//org.apache.hadoop.ozone.container.ozoneimpl.AbstractBackgroundContainerScanner.runIteration(AbstractBackgroundContainerScanner.java:98)
        at app//org.apache.hadoop.ozone.container.ozoneimpl.AbstractBackgroundContainerScanner.run(AbstractBackgroundContainerScanner.java:57)
"IPC Server handler 61 on default port 15002" daemon prio=5 tid=320 timed_waiting
java.lang.Thread.State: TIMED_WAITING
        at java.base@17.0.11/jdk.internal.misc.Unsafe.park(Native Method)
        at java.base@17.0.11/java.util.concurrent.locks.LockSupport.parkNanos(LockSupport.java:252)
        at java.base@17.0.11/java.util.concurrent.locks.AbstractQueuedSynchronizer$ConditionObject.awaitNanos(AbstractQueuedSynchronizer.java:1674)
        at java.base@17.0.11/java.util.concurrent.LinkedBlockingQueue.poll(LinkedBlockingQueue.java:460)
        at app//org.apache.hadoop.ipc.CallQueueManager.take(CallQueueManager.java:317)
        at app//org.apache.hadoop.ipc.Server$Handler.run(Server.java:3014)
"IPC Server handler 15 on default port 15002" daemon prio=5 tid=274 timed_waiting
java.lang.Thread.State: TIMED_WAITING
        at java.base@17.0.11/jdk.internal.misc.Unsafe.park(Native Method)
        at java.base@17.0.11/java.util.concurrent.locks.LockSupport.parkNanos(LockSupport.java:252)
        at java.base@17.0.11/java.util.concurrent.locks.AbstractQueuedSynchronizer$ConditionObject.awaitNanos(AbstractQueuedSynchronizer.java:1674)
        at java.base@17.0.11/java.util.concurrent.LinkedBlockingQueue.poll(LinkedBlockingQueue.java:460)
        at app//org.apache.hadoop.ipc.CallQueueManager.take(CallQueueManager.java:317)
        at app//org.apache.hadoop.ipc.Server$Handler.run(Server.java:3014)
"IPC Server handler 8 on default port 15004" daemon prio=5 tid=423 timed_waiting
java.lang.Thread.State: TIMED_WAITING
        at java.base@17.0.11/jdk.internal.misc.Unsafe.park(Native Method)
        at java.base@17.0.11/java.util.concurrent.locks.LockSupport.parkNanos(LockSupport.java:252)
        at java.base@17.0.11/java.util.concurrent.locks.AbstractQueuedSynchronizer$ConditionObject.awaitNanos(AbstractQueuedSynchronizer.java:1674)
        at java.base@17.0.11/java.util.concurrent.LinkedBlockingQueue.poll(LinkedBlockingQueue.java:460)
        at app//org.apache.hadoop.ipc.CallQueueManager.take(CallQueueManager.java:317)
        at app//org.apache.hadoop.ipc.Server$Handler.run(Server.java:3014)
"IPC Server handler 56 on default port 15000" daemon prio=5 tid=115 timed_waiting
java.lang.Thread.State: TIMED_WAITING
        at java.base@17.0.11/jdk.internal.misc.Unsafe.park(Native Method)
        at java.base@17.0.11/java.util.concurrent.locks.LockSupport.parkNanos(LockSupport.java:252)
        at java.base@17.0.11/java.util.concurrent.locks.AbstractQueuedSynchronizer$ConditionObject.awaitNanos(AbstractQueuedSynchronizer.java:1674)
        at java.base@17.0.11/java.util.concurrent.LinkedBlockingQueue.poll(LinkedBlockingQueue.java:460)
        at app//org.apache.hadoop.ipc.CallQueueManager.take(CallQueueManager.java:317)
        at app//org.apache.hadoop.ipc.Server$Handler.run(Server.java:3014)
"FixedThreadPoolWithAffinityExecutor-1-0" daemon prio=5 tid=49 timed_waiting
java.lang.Thread.State: TIMED_WAITING
        at java.base@17.0.11/jdk.internal.misc.Unsafe.park(Native Method)
        at java.base@17.0.11/java.util.concurrent.locks.LockSupport.parkNanos(LockSupport.java:252)
        at java.base@17.0.11/java.util.concurrent.locks.AbstractQueuedSynchronizer$ConditionObject.awaitNanos(AbstractQueuedSynchronizer.java:1674)
        at java.base@17.0.11/java.util.concurrent.LinkedBlockingQueue.poll(LinkedBlockingQueue.java:460)
        at app//org.apache.hadoop.hdds.scm.server.ContainerReportQueue.poll(ContainerReportQueue.java:269)
        at app//org.apache.hadoop.hdds.scm.server.ContainerReportQueue.poll(ContainerReportQueue.java:42)
        at app//org.apache.hadoop.hdds.server.events.FixedThreadPoolWithAffinityExecutor$ContainerReportProcessTask.run(FixedThreadPoolWithAffinityExecutor.java:253)
        at java.base@17.0.11/java.util.concurrent.Executors$RunnableAdapter.call(Executors.java:539)
        at java.base@17.0.11/java.util.concurrent.FutureTask.run(FutureTask.java:264)
        at java.base@17.0.11/java.util.concurrent.ThreadPoolExecutor.runWorker(ThreadPoolExecutor.java:1136)
        at java.base@17.0.11/java.util.concurrent.ThreadPoolExecutor$Worker.run(ThreadPoolExecutor.java:635)
        at java.base@17.0.11/java.lang.Thread.run(Thread.java:840)
"IPC Server handler 40 on default port 15002" daemon prio=5 tid=299 timed_waiting
java.lang.Thread.State: TIMED_WAITING
        at java.base@17.0.11/jdk.internal.misc.Unsafe.park(Native Method)
        at java.base@17.0.11/java.util.concurrent.locks.LockSupport.parkNanos(LockSupport.java:252)
        at java.base@17.0.11/java.util.concurrent.locks.AbstractQueuedSynchronizer$ConditionObject.awaitNanos(AbstractQueuedSynchronizer.java:1674)
        at java.base@17.0.11/java.util.concurrent.LinkedBlockingQueue.poll(LinkedBlockingQueue.java:460)
        at app//org.apache.hadoop.ipc.CallQueueManager.take(CallQueueManager.java:317)
        at app//org.apache.hadoop.ipc.Server$Handler.run(Server.java:3014)
"e7fccb5b-6f4b-4a5d-93b5-abfcbb2ccb85@group-E17A96920781-StateMachineUpdater" daemon prio=5 tid=627 timed_waiting
java.lang.Thread.State: TIMED_WAITING
        at java.base@17.0.11/jdk.internal.misc.Unsafe.park(Native Method)
        at java.base@17.0.11/java.util.concurrent.locks.LockSupport.parkNanos(LockSupport.java:252)
        at java.base@17.0.11/java.util.concurrent.locks.AbstractQueuedSynchronizer$ConditionObject.await(AbstractQueuedSynchronizer.java:1759)
        at app//org.apache.ratis.util.AwaitForSignal.await(AwaitForSignal.java:65)
        at app//org.apache.ratis.server.impl.StateMachineUpdater.waitForCommit(StateMachineUpdater.java:219)
        at app//org.apache.ratis.server.impl.StateMachineUpdater.run(StateMachineUpdater.java:187)
        at java.base@17.0.11/java.lang.Thread.run(Thread.java:840)
"IPC Server Responder" daemon prio=5 tid=41 runnable
java.lang.Thread.State: RUNNABLE
        at java.base@17.0.11/sun.nio.ch.EPoll.wait(Native Method)
        at java.base@17.0.11/sun.nio.ch.EPollSelectorImpl.doSelect(EPollSelectorImpl.java:118)
        at java.base@17.0.11/sun.nio.ch.SelectorImpl.lockAndDoSelect(SelectorImpl.java:129)
        at java.base@17.0.11/sun.nio.ch.SelectorImpl.select(SelectorImpl.java:141)
        at app//org.apache.hadoop.ipc.Server$Responder.doRunLoop(Server.java:1582)
        at app//org.apache.hadoop.ipc.Server$Responder.run(Server.java:1565)
"IPC Server handler 40 on default port 15000" daemon prio=5 tid=99 timed_waiting
java.lang.Thread.State: TIMED_WAITING
        at java.base@17.0.11/jdk.internal.misc.Unsafe.park(Native Method)
        at java.base@17.0.11/java.util.concurrent.locks.LockSupport.parkNanos(LockSupport.java:252)
        at java.base@17.0.11/java.util.concurrent.locks.AbstractQueuedSynchronizer$ConditionObject.awaitNanos(AbstractQueuedSynchronizer.java:1674)
        at java.base@17.0.11/java.util.concurrent.LinkedBlockingQueue.poll(LinkedBlockingQueue.java:460)
        at app//org.apache.hadoop.ipc.CallQueueManager.take(CallQueueManager.java:317)
        at app//org.apache.hadoop.ipc.Server$Handler.run(Server.java:3014)
"IPC Server handler 87 on default port 15000" daemon prio=5 tid=146 timed_waiting
java.lang.Thread.State: TIMED_WAITING
        at java.base@17.0.11/jdk.internal.misc.Unsafe.park(Native Method)
        at java.base@17.0.11/java.util.concurrent.locks.LockSupport.parkNanos(LockSupport.java:252)
        at java.base@17.0.11/java.util.concurrent.locks.AbstractQueuedSynchronizer$ConditionObject.awaitNanos(AbstractQueuedSynchronizer.java:1674)
        at java.base@17.0.11/java.util.concurrent.LinkedBlockingQueue.poll(LinkedBlockingQueue.java:460)
        at app//org.apache.hadoop.ipc.CallQueueManager.take(CallQueueManager.java:317)
        at app//org.apache.hadoop.ipc.Server$Handler.run(Server.java:3014)
"IPC Server handler 10 on default port 15002" daemon prio=5 tid=269 timed_waiting
java.lang.Thread.State: TIMED_WAITING
        at java.base@17.0.11/jdk.internal.misc.Unsafe.park(Native Method)
        at java.base@17.0.11/java.util.concurrent.locks.LockSupport.parkNanos(LockSupport.java:252)
        at java.base@17.0.11/java.util.concurrent.locks.AbstractQueuedSynchronizer$ConditionObject.awaitNanos(AbstractQueuedSynchronizer.java:1674)
        at java.base@17.0.11/java.util.concurrent.LinkedBlockingQueue.poll(LinkedBlockingQueue.java:460)
        at app//org.apache.hadoop.ipc.CallQueueManager.take(CallQueueManager.java:317)
        at app//org.apache.hadoop.ipc.Server$Handler.run(Server.java:3014)
"4f6a4ba8-7237-4720-8e71-4cf4f347a525-server-thread3" daemon prio=5 tid=671 timed_waiting
java.lang.Thread.State: TIMED_WAITING
        at java.base@17.0.11/jdk.internal.misc.Unsafe.park(Native Method)
        at java.base@17.0.11/java.util.concurrent.locks.LockSupport.parkNanos(LockSupport.java:252)
        at java.base@17.0.11/java.util.concurrent.SynchronousQueue$TransferStack.transfer(SynchronousQueue.java:401)
        at java.base@17.0.11/java.util.concurrent.SynchronousQueue.poll(SynchronousQueue.java:903)
        at java.base@17.0.11/java.util.concurrent.ThreadPoolExecutor.getTask(ThreadPoolExecutor.java:1061)
        at java.base@17.0.11/java.util.concurrent.ThreadPoolExecutor.runWorker(ThreadPoolExecutor.java:1122)
        at java.base@17.0.11/java.util.concurrent.ThreadPoolExecutor$Worker.run(ThreadPoolExecutor.java:635)
        at java.base@17.0.11/java.lang.Thread.run(Thread.java:840)
"IPC Server handler 82 on default port 15002" daemon prio=5 tid=341 timed_waiting
java.lang.Thread.State: TIMED_WAITING
        at java.base@17.0.11/jdk.internal.misc.Unsafe.park(Native Method)
        at java.base@17.0.11/java.util.concurrent.locks.LockSupport.parkNanos(LockSupport.java:252)
        at java.base@17.0.11/java.util.concurrent.locks.AbstractQueuedSynchronizer$ConditionObject.awaitNanos(AbstractQueuedSynchronizer.java:1674)
        at java.base@17.0.11/java.util.concurrent.LinkedBlockingQueue.poll(LinkedBlockingQueue.java:460)
        at app//org.apache.hadoop.ipc.CallQueueManager.take(CallQueueManager.java:317)
        at app//org.apache.hadoop.ipc.Server$Handler.run(Server.java:3014)
"IPC Server handler 91 on default port 15000" daemon prio=5 tid=150 timed_waiting
java.lang.Thread.State: TIMED_WAITING
        at java.base@17.0.11/jdk.internal.misc.Unsafe.park(Native Method)
        at java.base@17.0.11/java.util.concurrent.locks.LockSupport.parkNanos(LockSupport.java:252)
        at java.base@17.0.11/java.util.concurrent.locks.AbstractQueuedSynchronizer$ConditionObject.awaitNanos(AbstractQueuedSynchronizer.java:1674)
        at java.base@17.0.11/java.util.concurrent.LinkedBlockingQueue.poll(LinkedBlockingQueue.java:460)
        at app//org.apache.hadoop.ipc.CallQueueManager.take(CallQueueManager.java:317)
        at app//org.apache.hadoop.ipc.Server$Handler.run(Server.java:3014)
"e7fccb5b-6f4b-4a5d-93b5-abfcbb2ccb85-NettyServerStreamRpc-bossGroup--thread1"  prio=5 tid=436 runnable
java.lang.Thread.State: RUNNABLE
        at app//org.apache.ratis.thirdparty.io.netty.channel.epoll.Native.epollWait(Native Method)
        at app//org.apache.ratis.thirdparty.io.netty.channel.epoll.Native.epollWait(Native.java:220)
        at app//org.apache.ratis.thirdparty.io.netty.channel.epoll.Native.epollWait(Native.java:213)
        at app//org.apache.ratis.thirdparty.io.netty.channel.epoll.EpollEventLoop.epollWaitNoTimerChange(EpollEventLoop.java:308)
        at app//org.apache.ratis.thirdparty.io.netty.channel.epoll.EpollEventLoop.run(EpollEventLoop.java:365)
        at app//org.apache.ratis.thirdparty.io.netty.util.concurrent.SingleThreadEventExecutor$4.run(SingleThreadEventExecutor.java:997)
        at app//org.apache.ratis.thirdparty.io.netty.util.internal.ThreadExecutorMap$2.run(ThreadExecutorMap.java:74)
        at java.base@17.0.11/java.lang.Thread.run(Thread.java:840)
"IPC Server handler 7 on default port 15001" daemon prio=5 tid=166 timed_waiting
java.lang.Thread.State: TIMED_WAITING
        at java.base@17.0.11/jdk.internal.misc.Unsafe.park(Native Method)
        at java.base@17.0.11/java.util.concurrent.locks.LockSupport.parkNanos(LockSupport.java:252)
        at java.base@17.0.11/java.util.concurrent.locks.AbstractQueuedSynchronizer$ConditionObject.awaitNanos(AbstractQueuedSynchronizer.java:1674)
        at java.base@17.0.11/java.util.concurrent.LinkedBlockingQueue.poll(LinkedBlockingQueue.java:460)
        at app//org.apache.hadoop.ipc.CallQueueManager.take(CallQueueManager.java:317)
        at app//org.apache.hadoop.ipc.Server$Handler.run(Server.java:3014)
"IPC Server handler 90 on default port 15000" daemon prio=5 tid=149 timed_waiting
java.lang.Thread.State: TIMED_WAITING
        at java.base@17.0.11/jdk.internal.misc.Unsafe.park(Native Method)
        at java.base@17.0.11/java.util.concurrent.locks.LockSupport.parkNanos(LockSupport.java:252)
        at java.base@17.0.11/java.util.concurrent.locks.AbstractQueuedSynchronizer$ConditionObject.awaitNanos(AbstractQueuedSynchronizer.java:1674)
        at java.base@17.0.11/java.util.concurrent.LinkedBlockingQueue.poll(LinkedBlockingQueue.java:460)
        at app//org.apache.hadoop.ipc.CallQueueManager.take(CallQueueManager.java:317)
        at app//org.apache.hadoop.ipc.Server$Handler.run(Server.java:3014)
"LeaseManager#LeaseMonitor" daemon prio=5 tid=360 timed_waiting
java.lang.Thread.State: TIMED_WAITING
        at java.base@17.0.11/jdk.internal.misc.Unsafe.park(Native Method)
        at java.base@17.0.11/java.util.concurrent.locks.LockSupport.parkNanos(LockSupport.java:252)
        at java.base@17.0.11/java.util.concurrent.locks.AbstractQueuedSynchronizer.acquire(AbstractQueuedSynchronizer.java:717)
        at java.base@17.0.11/java.util.concurrent.locks.AbstractQueuedSynchronizer.tryAcquireSharedNanos(AbstractQueuedSynchronizer.java:1074)
        at java.base@17.0.11/java.util.concurrent.Semaphore.tryAcquire(Semaphore.java:415)
        at app//org.apache.hadoop.ozone.lease.LeaseManager$LeaseMonitor.run(LeaseManager.java:284)
        at java.base@17.0.11/java.lang.Thread.run(Thread.java:840)
"IPC Server handler 68 on default port 15002" daemon prio=5 tid=327 timed_waiting
java.lang.Thread.State: TIMED_WAITING
        at java.base@17.0.11/jdk.internal.misc.Unsafe.park(Native Method)
        at java.base@17.0.11/java.util.concurrent.locks.LockSupport.parkNanos(LockSupport.java:252)
        at java.base@17.0.11/java.util.concurrent.locks.AbstractQueuedSynchronizer$ConditionObject.awaitNanos(AbstractQueuedSynchronizer.java:1674)
        at java.base@17.0.11/java.util.concurrent.LinkedBlockingQueue.poll(LinkedBlockingQueue.java:460)
        at app//org.apache.hadoop.ipc.CallQueueManager.take(CallQueueManager.java:317)
        at app//org.apache.hadoop.ipc.Server$Handler.run(Server.java:3014)
"IPC Server handler 74 on default port 15000" daemon prio=5 tid=133 timed_waiting
java.lang.Thread.State: TIMED_WAITING
        at java.base@17.0.11/jdk.internal.misc.Unsafe.park(Native Method)
        at java.base@17.0.11/java.util.concurrent.locks.LockSupport.parkNanos(LockSupport.java:252)
        at java.base@17.0.11/java.util.concurrent.locks.AbstractQueuedSynchronizer$ConditionObject.awaitNanos(AbstractQueuedSynchronizer.java:1674)
        at java.base@17.0.11/java.util.concurrent.LinkedBlockingQueue.poll(LinkedBlockingQueue.java:460)
        at app//org.apache.hadoop.ipc.CallQueueManager.take(CallQueueManager.java:317)
        at app//org.apache.hadoop.ipc.Server$Handler.run(Server.java:3014)
"IPC Server handler 97 on default port 15000" daemon prio=5 tid=156 timed_waiting
java.lang.Thread.State: TIMED_WAITING
        at java.base@17.0.11/jdk.internal.misc.Unsafe.park(Native Method)
        at java.base@17.0.11/java.util.concurrent.locks.LockSupport.parkNanos(LockSupport.java:252)
        at java.base@17.0.11/java.util.concurrent.locks.AbstractQueuedSynchronizer$ConditionObject.awaitNanos(AbstractQueuedSynchronizer.java:1674)
        at java.base@17.0.11/java.util.concurrent.LinkedBlockingQueue.poll(LinkedBlockingQueue.java:460)
        at app//org.apache.hadoop.ipc.CallQueueManager.take(CallQueueManager.java:317)
        at app//org.apache.hadoop.ipc.Server$Handler.run(Server.java:3014)
"IPC Server handler 70 on default port 15002" daemon prio=5 tid=329 timed_waiting
java.lang.Thread.State: TIMED_WAITING
        at java.base@17.0.11/jdk.internal.misc.Unsafe.park(Native Method)
        at java.base@17.0.11/java.util.concurrent.locks.LockSupport.parkNanos(LockSupport.java:252)
        at java.base@17.0.11/java.util.concurrent.locks.AbstractQueuedSynchronizer$ConditionObject.awaitNanos(AbstractQueuedSynchronizer.java:1674)
        at java.base@17.0.11/java.util.concurrent.LinkedBlockingQueue.poll(LinkedBlockingQueue.java:460)
        at app//org.apache.hadoop.ipc.CallQueueManager.take(CallQueueManager.java:317)
        at app//org.apache.hadoop.ipc.Server$Handler.run(Server.java:3014)
"e7fccb5b-6f4b-4a5d-93b5-abfcbb2ccb85-DataNodeDiskCheckerThread-0" daemon prio=5 tid=525 timed_waiting
java.lang.Thread.State: TIMED_WAITING
        at java.base@17.0.11/jdk.internal.misc.Unsafe.park(Native Method)
        at java.base@17.0.11/java.util.concurrent.locks.LockSupport.parkNanos(LockSupport.java:252)
        at java.base@17.0.11/java.util.concurrent.SynchronousQueue$TransferStack.transfer(SynchronousQueue.java:401)
        at java.base@17.0.11/java.util.concurrent.SynchronousQueue.poll(SynchronousQueue.java:903)
        at java.base@17.0.11/java.util.concurrent.ThreadPoolExecutor.getTask(ThreadPoolExecutor.java:1061)
        at java.base@17.0.11/java.util.concurrent.ThreadPoolExecutor.runWorker(ThreadPoolExecutor.java:1122)
        at java.base@17.0.11/java.util.concurrent.ThreadPoolExecutor$Worker.run(ThreadPoolExecutor.java:635)
        at java.base@17.0.11/java.lang.Thread.run(Thread.java:840)
"IPC Server handler 35 on default port 15000" daemon prio=5 tid=94 timed_waiting
java.lang.Thread.State: TIMED_WAITING
        at java.base@17.0.11/jdk.internal.misc.Unsafe.park(Native Method)
        at java.base@17.0.11/java.util.concurrent.locks.LockSupport.parkNanos(LockSupport.java:252)
        at java.base@17.0.11/java.util.concurrent.locks.AbstractQueuedSynchronizer$ConditionObject.awaitNanos(AbstractQueuedSynchronizer.java:1674)
        at java.base@17.0.11/java.util.concurrent.LinkedBlockingQueue.poll(LinkedBlockingQueue.java:460)
        at app//org.apache.hadoop.ipc.CallQueueManager.take(CallQueueManager.java:317)
        at app//org.apache.hadoop.ipc.Server$Handler.run(Server.java:3014)
"a2876ff0-d178-48ae-a6b6-bf6963d4710d-DatanodeReportManager-3" daemon prio=5 tid=489 in Object.wait()
java.lang.Thread.State: WAITING (on object monitor)
        at java.base@17.0.11/jdk.internal.misc.Unsafe.park(Native Method)
        at java.base@17.0.11/java.util.concurrent.locks.LockSupport.park(LockSupport.java:341)
        at java.base@17.0.11/java.util.concurrent.locks.AbstractQueuedSynchronizer$ConditionNode.block(AbstractQueuedSynchronizer.java:506)
        at java.base@17.0.11/java.util.concurrent.ForkJoinPool.unmanagedBlock(ForkJoinPool.java:3465)
        at java.base@17.0.11/java.util.concurrent.ForkJoinPool.managedBlock(ForkJoinPool.java:3436)
        at java.base@17.0.11/java.util.concurrent.locks.AbstractQueuedSynchronizer$ConditionObject.await(AbstractQueuedSynchronizer.java:1625)
        at java.base@17.0.11/java.util.concurrent.ScheduledThreadPoolExecutor$DelayedWorkQueue.take(ScheduledThreadPoolExecutor.java:1177)
        at java.base@17.0.11/java.util.concurrent.ScheduledThreadPoolExecutor$DelayedWorkQueue.take(ScheduledThreadPoolExecutor.java:899)
        at java.base@17.0.11/java.util.concurrent.ThreadPoolExecutor.getTask(ThreadPoolExecutor.java:1062)
        at java.base@17.0.11/java.util.concurrent.ThreadPoolExecutor.runWorker(ThreadPoolExecutor.java:1122)
        at java.base@17.0.11/java.util.concurrent.ThreadPoolExecutor$Worker.run(ThreadPoolExecutor.java:635)
        at java.base@17.0.11/java.lang.Thread.run(Thread.java:840)
"IPC Server handler 17 on default port 15002" daemon prio=5 tid=276 timed_waiting
java.lang.Thread.State: TIMED_WAITING
        at java.base@17.0.11/jdk.internal.misc.Unsafe.park(Native Method)
        at java.base@17.0.11/java.util.concurrent.locks.LockSupport.parkNanos(LockSupport.java:252)
        at java.base@17.0.11/java.util.concurrent.locks.AbstractQueuedSynchronizer$ConditionObject.awaitNanos(AbstractQueuedSynchronizer.java:1674)
        at java.base@17.0.11/java.util.concurrent.LinkedBlockingQueue.poll(LinkedBlockingQueue.java:460)
        at app//org.apache.hadoop.ipc.CallQueueManager.take(CallQueueManager.java:317)
        at app//org.apache.hadoop.ipc.Server$Handler.run(Server.java:3014)
"om1-SstFilteringService#0" daemon prio=5 tid=401 timed_waiting
java.lang.Thread.State: TIMED_WAITING
        at java.base@17.0.11/jdk.internal.misc.Unsafe.park(Native Method)
        at java.base@17.0.11/java.util.concurrent.locks.LockSupport.parkNanos(LockSupport.java:252)
        at java.base@17.0.11/java.util.concurrent.locks.AbstractQueuedSynchronizer$ConditionObject.awaitNanos(AbstractQueuedSynchronizer.java:1674)
        at java.base@17.0.11/java.util.concurrent.ScheduledThreadPoolExecutor$DelayedWorkQueue.take(ScheduledThreadPoolExecutor.java:1182)
        at java.base@17.0.11/java.util.concurrent.ScheduledThreadPoolExecutor$DelayedWorkQueue.take(ScheduledThreadPoolExecutor.java:899)
        at java.base@17.0.11/java.util.concurrent.ThreadPoolExecutor.getTask(ThreadPoolExecutor.java:1062)
        at java.base@17.0.11/java.util.concurrent.ThreadPoolExecutor.runWorker(ThreadPoolExecutor.java:1122)
        at java.base@17.0.11/java.util.concurrent.ThreadPoolExecutor$Worker.run(ThreadPoolExecutor.java:635)
        at java.base@17.0.11/java.lang.Thread.run(Thread.java:840)
"e7fccb5b-6f4b-4a5d-93b5-abfcbb2ccb85-DatanodeStateMachineTaskThread-1"  prio=5 tid=519 in Object.wait()
java.lang.Thread.State: WAITING (on object monitor)
        at java.base@17.0.11/jdk.internal.misc.Unsafe.park(Native Method)
        at java.base@17.0.11/java.util.concurrent.locks.LockSupport.park(LockSupport.java:341)
        at java.base@17.0.11/java.util.concurrent.locks.AbstractQueuedSynchronizer$ConditionNode.block(AbstractQueuedSynchronizer.java:506)
        at java.base@17.0.11/java.util.concurrent.ForkJoinPool.unmanagedBlock(ForkJoinPool.java:3465)
        at java.base@17.0.11/java.util.concurrent.ForkJoinPool.managedBlock(ForkJoinPool.java:3436)
        at java.base@17.0.11/java.util.concurrent.locks.AbstractQueuedSynchronizer$ConditionObject.await(AbstractQueuedSynchronizer.java:1625)
        at java.base@17.0.11/java.util.concurrent.LinkedBlockingQueue.take(LinkedBlockingQueue.java:435)
        at java.base@17.0.11/java.util.concurrent.ThreadPoolExecutor.getTask(ThreadPoolExecutor.java:1062)
        at java.base@17.0.11/java.util.concurrent.ThreadPoolExecutor.runWorker(ThreadPoolExecutor.java:1122)
        at java.base@17.0.11/java.util.concurrent.ThreadPoolExecutor$Worker.run(ThreadPoolExecutor.java:635)
        at java.base@17.0.11/java.lang.Thread.run(Thread.java:840)
"4f6a4ba8-7237-4720-8e71-4cf4f347a525@group-E17A96920781-StateMachineUpdater" daemon prio=5 tid=630 timed_waiting
java.lang.Thread.State: TIMED_WAITING
        at java.base@17.0.11/jdk.internal.misc.Unsafe.park(Native Method)
        at java.base@17.0.11/java.util.concurrent.locks.LockSupport.parkNanos(LockSupport.java:252)
        at java.base@17.0.11/java.util.concurrent.locks.AbstractQueuedSynchronizer$ConditionObject.await(AbstractQueuedSynchronizer.java:1759)
        at app//org.apache.ratis.util.AwaitForSignal.await(AwaitForSignal.java:65)
        at app//org.apache.ratis.server.impl.StateMachineUpdater.waitForCommit(StateMachineUpdater.java:219)
        at app//org.apache.ratis.server.impl.StateMachineUpdater.run(StateMachineUpdater.java:187)
        at java.base@17.0.11/java.lang.Thread.run(Thread.java:840)
"FixedThreadPoolWithAffinityExecutor-4-0" daemon prio=5 tid=52 timed_waiting
java.lang.Thread.State: TIMED_WAITING
        at java.base@17.0.11/jdk.internal.misc.Unsafe.park(Native Method)
        at java.base@17.0.11/java.util.concurrent.locks.LockSupport.parkNanos(LockSupport.java:252)
        at java.base@17.0.11/java.util.concurrent.locks.AbstractQueuedSynchronizer$ConditionObject.awaitNanos(AbstractQueuedSynchronizer.java:1674)
        at java.base@17.0.11/java.util.concurrent.LinkedBlockingQueue.poll(LinkedBlockingQueue.java:460)
        at app//org.apache.hadoop.hdds.scm.server.ContainerReportQueue.poll(ContainerReportQueue.java:269)
        at app//org.apache.hadoop.hdds.scm.server.ContainerReportQueue.poll(ContainerReportQueue.java:42)
        at app//org.apache.hadoop.hdds.server.events.FixedThreadPoolWithAffinityExecutor$ContainerReportProcessTask.run(FixedThreadPoolWithAffinityExecutor.java:253)
        at java.base@17.0.11/java.util.concurrent.Executors$RunnableAdapter.call(Executors.java:539)
        at java.base@17.0.11/java.util.concurrent.FutureTask.run(FutureTask.java:264)
        at java.base@17.0.11/java.util.concurrent.ThreadPoolExecutor.runWorker(ThreadPoolExecutor.java:1136)
        at java.base@17.0.11/java.util.concurrent.ThreadPoolExecutor$Worker.run(ThreadPoolExecutor.java:635)
        at java.base@17.0.11/java.lang.Thread.run(Thread.java:840)
"IPC Server handler 99 on default port 15002" daemon prio=5 tid=358 timed_waiting
java.lang.Thread.State: TIMED_WAITING
        at java.base@17.0.11/jdk.internal.misc.Unsafe.park(Native Method)
        at java.base@17.0.11/java.util.concurrent.locks.LockSupport.parkNanos(LockSupport.java:252)
        at java.base@17.0.11/java.util.concurrent.locks.AbstractQueuedSynchronizer$ConditionObject.awaitNanos(AbstractQueuedSynchronizer.java:1674)
        at java.base@17.0.11/java.util.concurrent.LinkedBlockingQueue.poll(LinkedBlockingQueue.java:460)
        at app//org.apache.hadoop.ipc.CallQueueManager.take(CallQueueManager.java:317)
        at app//org.apache.hadoop.ipc.Server$Handler.run(Server.java:3014)
"qtp41481250-468" daemon prio=5 tid=468 timed_waiting
java.lang.Thread.State: TIMED_WAITING
        at java.base@17.0.11/jdk.internal.misc.Unsafe.park(Native Method)
        at java.base@17.0.11/java.util.concurrent.locks.LockSupport.parkNanos(LockSupport.java:252)
        at java.base@17.0.11/java.util.concurrent.locks.AbstractQueuedSynchronizer$ConditionObject.awaitNanos(AbstractQueuedSynchronizer.java:1674)
        at app//org.eclipse.jetty.util.BlockingArrayQueue.poll(BlockingArrayQueue.java:382)
        at app//org.eclipse.jetty.util.thread.QueuedThreadPool$Runner.idleJobPoll(QueuedThreadPool.java:974)
        at app//org.eclipse.jetty.util.thread.QueuedThreadPool$Runner.run(QueuedThreadPool.java:1018)
        at java.base@17.0.11/java.lang.Thread.run(Thread.java:840)
"IPC Server handler 5 on default port 15000" daemon prio=5 tid=64 timed_waiting
java.lang.Thread.State: TIMED_WAITING
        at java.base@17.0.11/jdk.internal.misc.Unsafe.park(Native Method)
        at java.base@17.0.11/java.util.concurrent.locks.LockSupport.parkNanos(LockSupport.java:252)
        at java.base@17.0.11/java.util.concurrent.locks.AbstractQueuedSynchronizer$ConditionObject.awaitNanos(AbstractQueuedSynchronizer.java:1674)
        at java.base@17.0.11/java.util.concurrent.LinkedBlockingQueue.poll(LinkedBlockingQueue.java:460)
        at app//org.apache.hadoop.ipc.CallQueueManager.take(CallQueueManager.java:317)
        at app//org.apache.hadoop.ipc.Server$Handler.run(Server.java:3014)
"e7fccb5b-6f4b-4a5d-93b5-abfcbb2ccb85@group-E17A96920781-FollowerState" daemon prio=5 tid=684 timed_waiting
java.lang.Thread.State: TIMED_WAITING
        at java.base@17.0.11/java.lang.Thread.sleep(Native Method)
        at java.base@17.0.11/java.lang.Thread.sleep(Thread.java:344)
        at java.base@17.0.11/java.util.concurrent.TimeUnit.sleep(TimeUnit.java:446)
        at app//org.apache.ratis.util.TimeDuration.sleep(TimeDuration.java:353)
        at app//org.apache.ratis.util.TimeDuration.sleep(TimeDuration.java:338)
        at app//org.apache.ratis.server.impl.FollowerState.run(FollowerState.java:129)
"IPC Server handler 26 on default port 15001" daemon prio=5 tid=185 timed_waiting
java.lang.Thread.State: TIMED_WAITING
        at java.base@17.0.11/jdk.internal.misc.Unsafe.park(Native Method)
        at java.base@17.0.11/java.util.concurrent.locks.LockSupport.parkNanos(LockSupport.java:252)
        at java.base@17.0.11/java.util.concurrent.locks.AbstractQueuedSynchronizer$ConditionObject.awaitNanos(AbstractQueuedSynchronizer.java:1674)
        at java.base@17.0.11/java.util.concurrent.LinkedBlockingQueue.poll(LinkedBlockingQueue.java:460)
        at app//org.apache.hadoop.ipc.CallQueueManager.take(CallQueueManager.java:317)
        at app//org.apache.hadoop.ipc.Server$Handler.run(Server.java:3014)
"IPC Server handler 44 on default port 15000" daemon prio=5 tid=103 timed_waiting
java.lang.Thread.State: TIMED_WAITING
        at java.base@17.0.11/jdk.internal.misc.Unsafe.park(Native Method)
        at java.base@17.0.11/java.util.concurrent.locks.LockSupport.parkNanos(LockSupport.java:252)
        at java.base@17.0.11/java.util.concurrent.locks.AbstractQueuedSynchronizer$ConditionObject.awaitNanos(AbstractQueuedSynchronizer.java:1674)
        at java.base@17.0.11/java.util.concurrent.LinkedBlockingQueue.poll(LinkedBlockingQueue.java:460)
        at app//org.apache.hadoop.ipc.CallQueueManager.take(CallQueueManager.java:317)
        at app//org.apache.hadoop.ipc.Server$Handler.run(Server.java:3014)
"process reaper" daemon prio=10 tid=16 timed_waiting
java.lang.Thread.State: TIMED_WAITING
        at java.base@17.0.11/jdk.internal.misc.Unsafe.park(Native Method)
        at java.base@17.0.11/java.util.concurrent.locks.LockSupport.parkNanos(LockSupport.java:252)
        at java.base@17.0.11/java.util.concurrent.SynchronousQueue$TransferStack.transfer(SynchronousQueue.java:401)
        at java.base@17.0.11/java.util.concurrent.SynchronousQueue.poll(SynchronousQueue.java:903)
        at java.base@17.0.11/java.util.concurrent.ThreadPoolExecutor.getTask(ThreadPoolExecutor.java:1061)
        at java.base@17.0.11/java.util.concurrent.ThreadPoolExecutor.runWorker(ThreadPoolExecutor.java:1122)
        at java.base@17.0.11/java.util.concurrent.ThreadPoolExecutor$Worker.run(ThreadPoolExecutor.java:635)
        at java.base@17.0.11/java.lang.Thread.run(Thread.java:840)
"IPC Server handler 84 on default port 15000" daemon prio=5 tid=143 timed_waiting
java.lang.Thread.State: TIMED_WAITING
        at java.base@17.0.11/jdk.internal.misc.Unsafe.park(Native Method)
        at java.base@17.0.11/java.util.concurrent.locks.LockSupport.parkNanos(LockSupport.java:252)
        at java.base@17.0.11/java.util.concurrent.locks.AbstractQueuedSynchronizer$ConditionObject.awaitNanos(AbstractQueuedSynchronizer.java:1674)
        at java.base@17.0.11/java.util.concurrent.LinkedBlockingQueue.poll(LinkedBlockingQueue.java:460)
        at app//org.apache.hadoop.ipc.CallQueueManager.take(CallQueueManager.java:317)
        at app//org.apache.hadoop.ipc.Server$Handler.run(Server.java:3014)
"IPC Server handler 39 on default port 15000" daemon prio=5 tid=98 timed_waiting
java.lang.Thread.State: TIMED_WAITING
        at java.base@17.0.11/jdk.internal.misc.Unsafe.park(Native Method)
        at java.base@17.0.11/java.util.concurrent.locks.LockSupport.parkNanos(LockSupport.java:252)
        at java.base@17.0.11/java.util.concurrent.locks.AbstractQueuedSynchronizer$ConditionObject.awaitNanos(AbstractQueuedSynchronizer.java:1674)
        at java.base@17.0.11/java.util.concurrent.LinkedBlockingQueue.poll(LinkedBlockingQueue.java:460)
        at app//org.apache.hadoop.ipc.CallQueueManager.take(CallQueueManager.java:317)
        at app//org.apache.hadoop.ipc.Server$Handler.run(Server.java:3014)
"qtp631007928-367" daemon prio=5 tid=367 timed_waiting
java.lang.Thread.State: TIMED_WAITING
        at java.base@17.0.11/jdk.internal.misc.Unsafe.park(Native Method)
        at java.base@17.0.11/java.util.concurrent.locks.LockSupport.parkNanos(LockSupport.java:252)
        at java.base@17.0.11/java.util.concurrent.locks.AbstractQueuedSynchronizer$ConditionObject.awaitNanos(AbstractQueuedSynchronizer.java:1674)
        at app//org.eclipse.jetty.util.BlockingArrayQueue.poll(BlockingArrayQueue.java:382)
        at app//org.eclipse.jetty.util.thread.QueuedThreadPool$Runner.idleJobPoll(QueuedThreadPool.java:974)
        at app//org.eclipse.jetty.util.thread.QueuedThreadPool$Runner.run(QueuedThreadPool.java:1018)
        at java.base@17.0.11/java.lang.Thread.run(Thread.java:840)
"om1-OpenKeyCleanupService#0" daemon prio=5 tid=400 timed_waiting
java.lang.Thread.State: TIMED_WAITING
        at java.base@17.0.11/jdk.internal.misc.Unsafe.park(Native Method)
        at java.base@17.0.11/java.util.concurrent.locks.LockSupport.parkNanos(LockSupport.java:252)
        at java.base@17.0.11/java.util.concurrent.locks.AbstractQueuedSynchronizer$ConditionObject.awaitNanos(AbstractQueuedSynchronizer.java:1674)
        at java.base@17.0.11/java.util.concurrent.ScheduledThreadPoolExecutor$DelayedWorkQueue.take(ScheduledThreadPoolExecutor.java:1182)
        at java.base@17.0.11/java.util.concurrent.ScheduledThreadPoolExecutor$DelayedWorkQueue.take(ScheduledThreadPoolExecutor.java:899)
        at java.base@17.0.11/java.util.concurrent.ThreadPoolExecutor.getTask(ThreadPoolExecutor.java:1062)
        at java.base@17.0.11/java.util.concurrent.ThreadPoolExecutor.runWorker(ThreadPoolExecutor.java:1122)
        at java.base@17.0.11/java.util.concurrent.ThreadPoolExecutor$Worker.run(ThreadPoolExecutor.java:635)
        at java.base@17.0.11/java.lang.Thread.run(Thread.java:840)
"IPC Server handler 82 on default port 15000" daemon prio=5 tid=141 timed_waiting
java.lang.Thread.State: TIMED_WAITING
        at java.base@17.0.11/jdk.internal.misc.Unsafe.park(Native Method)
        at java.base@17.0.11/java.util.concurrent.locks.LockSupport.parkNanos(LockSupport.java:252)
        at java.base@17.0.11/java.util.concurrent.locks.AbstractQueuedSynchronizer$ConditionObject.awaitNanos(AbstractQueuedSynchronizer.java:1674)
        at java.base@17.0.11/java.util.concurrent.LinkedBlockingQueue.poll(LinkedBlockingQueue.java:460)
        at app//org.apache.hadoop.ipc.CallQueueManager.take(CallQueueManager.java:317)
        at app//org.apache.hadoop.ipc.Server$Handler.run(Server.java:3014)
"IPC Server handler 74 on default port 15001" daemon prio=5 tid=233 timed_waiting
java.lang.Thread.State: TIMED_WAITING
        at java.base@17.0.11/jdk.internal.misc.Unsafe.park(Native Method)
        at java.base@17.0.11/java.util.concurrent.locks.LockSupport.parkNanos(LockSupport.java:252)
        at java.base@17.0.11/java.util.concurrent.locks.AbstractQueuedSynchronizer$ConditionObject.awaitNanos(AbstractQueuedSynchronizer.java:1674)
        at java.base@17.0.11/java.util.concurrent.LinkedBlockingQueue.poll(LinkedBlockingQueue.java:460)
        at app//org.apache.hadoop.ipc.CallQueueManager.take(CallQueueManager.java:317)
        at app//org.apache.hadoop.ipc.Server$Handler.run(Server.java:3014)
"IPC Server handler 93 on default port 15002" daemon prio=5 tid=352 timed_waiting
java.lang.Thread.State: TIMED_WAITING
        at java.base@17.0.11/jdk.internal.misc.Unsafe.park(Native Method)
        at java.base@17.0.11/java.util.concurrent.locks.LockSupport.parkNanos(LockSupport.java:252)
        at java.base@17.0.11/java.util.concurrent.locks.AbstractQueuedSynchronizer$ConditionObject.awaitNanos(AbstractQueuedSynchronizer.java:1674)
        at java.base@17.0.11/java.util.concurrent.LinkedBlockingQueue.poll(LinkedBlockingQueue.java:460)
        at app//org.apache.hadoop.ipc.CallQueueManager.take(CallQueueManager.java:317)
        at app//org.apache.hadoop.ipc.Server$Handler.run(Server.java:3014)
"om1@group-C5BA1605619E-LeaderStateImpl" daemon prio=5 tid=478 timed_waiting
java.lang.Thread.State: TIMED_WAITING
        at java.base@17.0.11/jdk.internal.misc.Unsafe.park(Native Method)
        at java.base@17.0.11/java.util.concurrent.locks.LockSupport.parkNanos(LockSupport.java:252)
        at java.base@17.0.11/java.util.concurrent.locks.AbstractQueuedSynchronizer$ConditionObject.awaitNanos(AbstractQueuedSynchronizer.java:1674)
        at java.base@17.0.11/java.util.concurrent.ArrayBlockingQueue.poll(ArrayBlockingQueue.java:435)
        at app//org.apache.ratis.server.impl.LeaderStateImpl$EventQueue.poll(LeaderStateImpl.java:164)
        at app//org.apache.ratis.server.impl.LeaderStateImpl$EventProcessor.run(LeaderStateImpl.java:766)
"IPC Server handler 19 on default port 15004" daemon prio=5 tid=434 timed_waiting
java.lang.Thread.State: TIMED_WAITING
        at java.base@17.0.11/jdk.internal.misc.Unsafe.park(Native Method)
        at java.base@17.0.11/java.util.concurrent.locks.LockSupport.parkNanos(LockSupport.java:252)
        at java.base@17.0.11/java.util.concurrent.locks.AbstractQueuedSynchronizer$ConditionObject.awaitNanos(AbstractQueuedSynchronizer.java:1674)
        at java.base@17.0.11/java.util.concurrent.LinkedBlockingQueue.poll(LinkedBlockingQueue.java:460)
        at app//org.apache.hadoop.ipc.CallQueueManager.take(CallQueueManager.java:317)
        at app//org.apache.hadoop.ipc.Server$Handler.run(Server.java:3014)
"IPC Server handler 60 on default port 15000" daemon prio=5 tid=119 timed_waiting
java.lang.Thread.State: TIMED_WAITING
        at java.base@17.0.11/jdk.internal.misc.Unsafe.park(Native Method)
        at java.base@17.0.11/java.util.concurrent.locks.LockSupport.parkNanos(LockSupport.java:252)
        at java.base@17.0.11/java.util.concurrent.locks.AbstractQueuedSynchronizer$ConditionObject.awaitNanos(AbstractQueuedSynchronizer.java:1674)
        at java.base@17.0.11/java.util.concurrent.LinkedBlockingQueue.poll(LinkedBlockingQueue.java:460)
        at app//org.apache.hadoop.ipc.CallQueueManager.take(CallQueueManager.java:317)
        at app//org.apache.hadoop.ipc.Server$Handler.run(Server.java:3014)
"IPC Server listener on 15028" daemon prio=5 tid=506 runnable
java.lang.Thread.State: RUNNABLE
        at java.base@17.0.11/sun.nio.ch.EPoll.wait(Native Method)
        at java.base@17.0.11/sun.nio.ch.EPollSelectorImpl.doSelect(EPollSelectorImpl.java:118)
        at java.base@17.0.11/sun.nio.ch.SelectorImpl.lockAndDoSelect(SelectorImpl.java:129)
        at java.base@17.0.11/sun.nio.ch.SelectorImpl.select(SelectorImpl.java:146)
        at app//org.apache.hadoop.ipc.Server$Listener.run(Server.java:1408)
"IPC Server handler 41 on default port 15000" daemon prio=5 tid=100 timed_waiting
java.lang.Thread.State: TIMED_WAITING
        at java.base@17.0.11/jdk.internal.misc.Unsafe.park(Native Method)
        at java.base@17.0.11/java.util.concurrent.locks.LockSupport.parkNanos(LockSupport.java:252)
        at java.base@17.0.11/java.util.concurrent.locks.AbstractQueuedSynchronizer$ConditionObject.awaitNanos(AbstractQueuedSynchronizer.java:1674)
        at java.base@17.0.11/java.util.concurrent.LinkedBlockingQueue.poll(LinkedBlockingQueue.java:460)
        at app//org.apache.hadoop.ipc.CallQueueManager.take(CallQueueManager.java:317)
        at app//org.apache.hadoop.ipc.Server$Handler.run(Server.java:3014)
"IPC Server handler 93 on default port 15000" daemon prio=5 tid=152 timed_waiting
java.lang.Thread.State: TIMED_WAITING
        at java.base@17.0.11/jdk.internal.misc.Unsafe.park(Native Method)
        at java.base@17.0.11/java.util.concurrent.locks.LockSupport.parkNanos(LockSupport.java:252)
        at java.base@17.0.11/java.util.concurrent.locks.AbstractQueuedSynchronizer$ConditionObject.awaitNanos(AbstractQueuedSynchronizer.java:1674)
        at java.base@17.0.11/java.util.concurrent.LinkedBlockingQueue.poll(LinkedBlockingQueue.java:460)
        at app//org.apache.hadoop.ipc.CallQueueManager.take(CallQueueManager.java:317)
        at app//org.apache.hadoop.ipc.Server$Handler.run(Server.java:3014)
"IPC Server handler 64 on default port 15002" daemon prio=5 tid=323 timed_waiting
java.lang.Thread.State: TIMED_WAITING
        at java.base@17.0.11/jdk.internal.misc.Unsafe.park(Native Method)
        at java.base@17.0.11/java.util.concurrent.locks.LockSupport.parkNanos(LockSupport.java:252)
        at java.base@17.0.11/java.util.concurrent.locks.AbstractQueuedSynchronizer$ConditionObject.awaitNanos(AbstractQueuedSynchronizer.java:1674)
        at java.base@17.0.11/java.util.concurrent.LinkedBlockingQueue.poll(LinkedBlockingQueue.java:460)
        at app//org.apache.hadoop.ipc.CallQueueManager.take(CallQueueManager.java:317)
        at app//org.apache.hadoop.ipc.Server$Handler.run(Server.java:3014)
"IPC Server handler 22 on default port 15000" daemon prio=5 tid=81 timed_waiting
java.lang.Thread.State: TIMED_WAITING
        at java.base@17.0.11/jdk.internal.misc.Unsafe.park(Native Method)
        at java.base@17.0.11/java.util.concurrent.locks.LockSupport.parkNanos(LockSupport.java:252)
        at java.base@17.0.11/java.util.concurrent.locks.AbstractQueuedSynchronizer$ConditionObject.awaitNanos(AbstractQueuedSynchronizer.java:1674)
        at java.base@17.0.11/java.util.concurrent.LinkedBlockingQueue.poll(LinkedBlockingQueue.java:460)
        at app//org.apache.hadoop.ipc.CallQueueManager.take(CallQueueManager.java:317)
        at app//org.apache.hadoop.ipc.Server$Handler.run(Server.java:3014)
"IPC Server handler 19 on default port 15001" daemon prio=5 tid=178 timed_waiting
java.lang.Thread.State: TIMED_WAITING
        at java.base@17.0.11/jdk.internal.misc.Unsafe.park(Native Method)
        at java.base@17.0.11/java.util.concurrent.locks.LockSupport.parkNanos(LockSupport.java:252)
        at java.base@17.0.11/java.util.concurrent.locks.AbstractQueuedSynchronizer$ConditionObject.awaitNanos(AbstractQueuedSynchronizer.java:1674)
        at java.base@17.0.11/java.util.concurrent.LinkedBlockingQueue.poll(LinkedBlockingQueue.java:460)
        at app//org.apache.hadoop.ipc.CallQueueManager.take(CallQueueManager.java:317)
        at app//org.apache.hadoop.ipc.Server$Handler.run(Server.java:3014)
"IPC Server handler 86 on default port 15002" daemon prio=5 tid=345 timed_waiting
java.lang.Thread.State: TIMED_WAITING
        at java.base@17.0.11/jdk.internal.misc.Unsafe.park(Native Method)
        at java.base@17.0.11/java.util.concurrent.locks.LockSupport.parkNanos(LockSupport.java:252)
        at java.base@17.0.11/java.util.concurrent.locks.AbstractQueuedSynchronizer$ConditionObject.awaitNanos(AbstractQueuedSynchronizer.java:1674)
        at java.base@17.0.11/java.util.concurrent.LinkedBlockingQueue.poll(LinkedBlockingQueue.java:460)
        at app//org.apache.hadoop.ipc.CallQueueManager.take(CallQueueManager.java:317)
        at app//org.apache.hadoop.ipc.Server$Handler.run(Server.java:3014)
"4f6a4ba8-7237-4720-8e71-4cf4f347a525-DatanodeStateMachineTaskThread-0"  prio=5 tid=518 in Object.wait()
java.lang.Thread.State: WAITING (on object monitor)
        at java.base@17.0.11/jdk.internal.misc.Unsafe.park(Native Method)
        at java.base@17.0.11/java.util.concurrent.locks.LockSupport.park(LockSupport.java:341)
        at java.base@17.0.11/java.util.concurrent.locks.AbstractQueuedSynchronizer$ConditionNode.block(AbstractQueuedSynchronizer.java:506)
        at java.base@17.0.11/java.util.concurrent.ForkJoinPool.unmanagedBlock(ForkJoinPool.java:3465)
        at java.base@17.0.11/java.util.concurrent.ForkJoinPool.managedBlock(ForkJoinPool.java:3436)
        at java.base@17.0.11/java.util.concurrent.locks.AbstractQueuedSynchronizer$ConditionObject.await(AbstractQueuedSynchronizer.java:1625)
        at java.base@17.0.11/java.util.concurrent.LinkedBlockingQueue.take(LinkedBlockingQueue.java:435)
        at java.base@17.0.11/java.util.concurrent.ThreadPoolExecutor.getTask(ThreadPoolExecutor.java:1062)
        at java.base@17.0.11/java.util.concurrent.ThreadPoolExecutor.runWorker(ThreadPoolExecutor.java:1122)
        at java.base@17.0.11/java.util.concurrent.ThreadPoolExecutor$Worker.run(ThreadPoolExecutor.java:635)
        at java.base@17.0.11/java.lang.Thread.run(Thread.java:840)
"IPC Server handler 54 on default port 15001" daemon prio=5 tid=213 timed_waiting
java.lang.Thread.State: TIMED_WAITING
        at java.base@17.0.11/jdk.internal.misc.Unsafe.park(Native Method)
        at java.base@17.0.11/java.util.concurrent.locks.LockSupport.parkNanos(LockSupport.java:252)
        at java.base@17.0.11/java.util.concurrent.locks.AbstractQueuedSynchronizer$ConditionObject.awaitNanos(AbstractQueuedSynchronizer.java:1674)
        at java.base@17.0.11/java.util.concurrent.LinkedBlockingQueue.poll(LinkedBlockingQueue.java:460)
        at app//org.apache.hadoop.ipc.CallQueueManager.take(CallQueueManager.java:317)
        at app//org.apache.hadoop.ipc.Server$Handler.run(Server.java:3014)
"a2876ff0-d178-48ae-a6b6-bf6963d4710d-EndpointStateMachineTaskThread-/0.0.0.0:15002-0 "  prio=5 tid=540 in Object.wait()
java.lang.Thread.State: WAITING (on object monitor)
        at java.base@17.0.11/jdk.internal.misc.Unsafe.park(Native Method)
        at java.base@17.0.11/java.util.concurrent.locks.LockSupport.park(LockSupport.java:341)
        at java.base@17.0.11/java.util.concurrent.locks.AbstractQueuedSynchronizer$ConditionNode.block(AbstractQueuedSynchronizer.java:506)
        at java.base@17.0.11/java.util.concurrent.ForkJoinPool.unmanagedBlock(ForkJoinPool.java:3465)
        at java.base@17.0.11/java.util.concurrent.ForkJoinPool.managedBlock(ForkJoinPool.java:3436)
        at java.base@17.0.11/java.util.concurrent.locks.AbstractQueuedSynchronizer$ConditionObject.await(AbstractQueuedSynchronizer.java:1625)
        at java.base@17.0.11/java.util.concurrent.LinkedBlockingQueue.take(LinkedBlockingQueue.java:435)
        at java.base@17.0.11/java.util.concurrent.ThreadPoolExecutor.getTask(ThreadPoolExecutor.java:1062)
        at java.base@17.0.11/java.util.concurrent.ThreadPoolExecutor.runWorker(ThreadPoolExecutor.java:1122)
        at java.base@17.0.11/java.util.concurrent.ThreadPoolExecutor$Worker.run(ThreadPoolExecutor.java:635)
        at java.base@17.0.11/java.lang.Thread.run(Thread.java:840)
"a2876ff0-d178-48ae-a6b6-bf6963d4710d-ChunkWriter-1-0" daemon prio=5 tid=548 in Object.wait()
java.lang.Thread.State: WAITING (on object monitor)
        at java.base@17.0.11/jdk.internal.misc.Unsafe.park(Native Method)
        at java.base@17.0.11/java.util.concurrent.locks.LockSupport.park(LockSupport.java:341)
        at java.base@17.0.11/java.util.concurrent.locks.AbstractQueuedSynchronizer$ConditionNode.block(AbstractQueuedSynchronizer.java:506)
        at java.base@17.0.11/java.util.concurrent.ForkJoinPool.unmanagedBlock(ForkJoinPool.java:3465)
        at java.base@17.0.11/java.util.concurrent.ForkJoinPool.managedBlock(ForkJoinPool.java:3436)
        at java.base@17.0.11/java.util.concurrent.locks.AbstractQueuedSynchronizer$ConditionObject.await(AbstractQueuedSynchronizer.java:1625)
        at java.base@17.0.11/java.util.concurrent.LinkedBlockingDeque.takeFirst(LinkedBlockingDeque.java:485)
        at java.base@17.0.11/java.util.concurrent.LinkedBlockingDeque.take(LinkedBlockingDeque.java:673)
        at java.base@17.0.11/java.util.concurrent.ThreadPoolExecutor.getTask(ThreadPoolExecutor.java:1062)
        at java.base@17.0.11/java.util.concurrent.ThreadPoolExecutor.runWorker(ThreadPoolExecutor.java:1122)
        at java.base@17.0.11/java.util.concurrent.ThreadPoolExecutor$Worker.run(ThreadPoolExecutor.java:635)
        at java.base@17.0.11/java.lang.Thread.run(Thread.java:840)
"grpc-default-worker-ELG-3-4" daemon prio=5 tid=597 runnable
java.lang.Thread.State: RUNNABLE
        at app//org.apache.ratis.thirdparty.io.netty.channel.epoll.Native.epollWait0(Native Method)
        at app//org.apache.ratis.thirdparty.io.netty.channel.epoll.Native.epollWait(Native.java:193)
        at app//org.apache.ratis.thirdparty.io.netty.channel.epoll.EpollEventLoop.epollWait(EpollEventLoop.java:304)
        at app//org.apache.ratis.thirdparty.io.netty.channel.epoll.EpollEventLoop.run(EpollEventLoop.java:368)
        at app//org.apache.ratis.thirdparty.io.netty.util.concurrent.SingleThreadEventExecutor$4.run(SingleThreadEventExecutor.java:997)
        at app//org.apache.ratis.thirdparty.io.netty.util.internal.ThreadExecutorMap$2.run(ThreadExecutorMap.java:74)
        at app//org.apache.ratis.thirdparty.io.netty.util.concurrent.FastThreadLocalRunnable.run(FastThreadLocalRunnable.java:30)
        at java.base@17.0.11/java.lang.Thread.run(Thread.java:840)
"ForkJoinPool.commonPool-worker-2" daemon prio=5 tid=22 timed_waiting
java.lang.Thread.State: TIMED_WAITING
        at java.base@17.0.11/jdk.internal.misc.Unsafe.park(Native Method)
        at java.base@17.0.11/java.util.concurrent.locks.LockSupport.parkUntil(LockSupport.java:410)
        at java.base@17.0.11/java.util.concurrent.ForkJoinPool.awaitWork(ForkJoinPool.java:1726)
        at java.base@17.0.11/java.util.concurrent.ForkJoinPool.runWorker(ForkJoinPool.java:1623)
        at java.base@17.0.11/java.util.concurrent.ForkJoinWorkerThread.run(ForkJoinWorkerThread.java:165)
"IPC Server handler 43 on default port 15001" daemon prio=5 tid=202 timed_waiting
java.lang.Thread.State: TIMED_WAITING
        at java.base@17.0.11/jdk.internal.misc.Unsafe.park(Native Method)
        at java.base@17.0.11/java.util.concurrent.locks.LockSupport.parkNanos(LockSupport.java:252)
        at java.base@17.0.11/java.util.concurrent.locks.AbstractQueuedSynchronizer$ConditionObject.awaitNanos(AbstractQueuedSynchronizer.java:1674)
        at java.base@17.0.11/java.util.concurrent.LinkedBlockingQueue.poll(LinkedBlockingQueue.java:460)
        at app//org.apache.hadoop.ipc.CallQueueManager.take(CallQueueManager.java:317)
        at app//org.apache.hadoop.ipc.Server$Handler.run(Server.java:3014)
"IPC Server handler 73 on default port 15002" daemon prio=5 tid=332 timed_waiting
java.lang.Thread.State: TIMED_WAITING
        at java.base@17.0.11/jdk.internal.misc.Unsafe.park(Native Method)
        at java.base@17.0.11/java.util.concurrent.locks.LockSupport.parkNanos(LockSupport.java:252)
        at java.base@17.0.11/java.util.concurrent.locks.AbstractQueuedSynchronizer$ConditionObject.awaitNanos(AbstractQueuedSynchronizer.java:1674)
        at java.base@17.0.11/java.util.concurrent.LinkedBlockingQueue.poll(LinkedBlockingQueue.java:460)
        at app//org.apache.hadoop.ipc.CallQueueManager.take(CallQueueManager.java:317)
        at app//org.apache.hadoop.ipc.Server$Handler.run(Server.java:3014)
"4f6a4ba8-7237-4720-8e71-4cf4f347a525-ChunkReader-ELG-0" daemon prio=5 tid=570 runnable
java.lang.Thread.State: RUNNABLE
        at app//org.apache.ratis.thirdparty.io.netty.channel.epoll.Native.epollWait(Native Method)
        at app//org.apache.ratis.thirdparty.io.netty.channel.epoll.Native.epollWait(Native.java:220)
        at app//org.apache.ratis.thirdparty.io.netty.channel.epoll.Native.epollWait(Native.java:213)
        at app//org.apache.ratis.thirdparty.io.netty.channel.epoll.EpollEventLoop.epollWaitNoTimerChange(EpollEventLoop.java:308)
        at app//org.apache.ratis.thirdparty.io.netty.channel.epoll.EpollEventLoop.run(EpollEventLoop.java:365)
        at app//org.apache.ratis.thirdparty.io.netty.util.concurrent.SingleThreadEventExecutor$4.run(SingleThreadEventExecutor.java:997)
        at app//org.apache.ratis.thirdparty.io.netty.util.internal.ThreadExecutorMap$2.run(ThreadExecutorMap.java:74)
        at java.base@17.0.11/java.lang.Thread.run(Thread.java:840)
"IPC Server handler 13 on default port 15000" daemon prio=5 tid=72 timed_waiting
java.lang.Thread.State: TIMED_WAITING
        at java.base@17.0.11/jdk.internal.misc.Unsafe.park(Native Method)
        at java.base@17.0.11/java.util.concurrent.locks.LockSupport.parkNanos(LockSupport.java:252)
        at java.base@17.0.11/java.util.concurrent.locks.AbstractQueuedSynchronizer$ConditionObject.awaitNanos(AbstractQueuedSynchronizer.java:1674)
        at java.base@17.0.11/java.util.concurrent.LinkedBlockingQueue.poll(LinkedBlockingQueue.java:460)
        at app//org.apache.hadoop.ipc.CallQueueManager.take(CallQueueManager.java:317)
        at app//org.apache.hadoop.ipc.Server$Handler.run(Server.java:3014)
"IPC Server Responder" daemon prio=5 tid=482 runnable
java.lang.Thread.State: RUNNABLE
        at java.base@17.0.11/sun.nio.ch.EPoll.wait(Native Method)
        at java.base@17.0.11/sun.nio.ch.EPollSelectorImpl.doSelect(EPollSelectorImpl.java:118)
        at java.base@17.0.11/sun.nio.ch.SelectorImpl.lockAndDoSelect(SelectorImpl.java:129)
        at java.base@17.0.11/sun.nio.ch.SelectorImpl.select(SelectorImpl.java:141)
        at app//org.apache.hadoop.ipc.Server$Responder.doRunLoop(Server.java:1582)
        at app//org.apache.hadoop.ipc.Server$Responder.run(Server.java:1565)
"pool-86-thread-1" daemon prio=5 tid=544 timed_waiting
java.lang.Thread.State: TIMED_WAITING
        at java.base@17.0.11/jdk.internal.misc.Unsafe.park(Native Method)
        at java.base@17.0.11/java.util.concurrent.locks.LockSupport.parkNanos(LockSupport.java:252)
        at java.base@17.0.11/java.util.concurrent.locks.AbstractQueuedSynchronizer$ConditionObject.awaitNanos(AbstractQueuedSynchronizer.java:1674)
        at java.base@17.0.11/java.util.concurrent.ScheduledThreadPoolExecutor$DelayedWorkQueue.take(ScheduledThreadPoolExecutor.java:1182)
        at java.base@17.0.11/java.util.concurrent.ScheduledThreadPoolExecutor$DelayedWorkQueue.take(ScheduledThreadPoolExecutor.java:899)
        at java.base@17.0.11/java.util.concurrent.ThreadPoolExecutor.getTask(ThreadPoolExecutor.java:1062)
        at java.base@17.0.11/java.util.concurrent.ThreadPoolExecutor.runWorker(ThreadPoolExecutor.java:1122)
        at java.base@17.0.11/java.util.concurrent.ThreadPoolExecutor$Worker.run(ThreadPoolExecutor.java:635)
        at java.base@17.0.11/java.lang.Thread.run(Thread.java:840)
"IPC Server handler 94 on default port 15001" daemon prio=5 tid=253 timed_waiting
java.lang.Thread.State: TIMED_WAITING
        at java.base@17.0.11/jdk.internal.misc.Unsafe.park(Native Method)
        at java.base@17.0.11/java.util.concurrent.locks.LockSupport.parkNanos(LockSupport.java:252)
        at java.base@17.0.11/java.util.concurrent.locks.AbstractQueuedSynchronizer$ConditionObject.awaitNanos(AbstractQueuedSynchronizer.java:1674)
        at java.base@17.0.11/java.util.concurrent.LinkedBlockingQueue.poll(LinkedBlockingQueue.java:460)
        at app//org.apache.hadoop.ipc.CallQueueManager.take(CallQueueManager.java:317)
        at app//org.apache.hadoop.ipc.Server$Handler.run(Server.java:3014)
"e7fccb5b-6f4b-4a5d-93b5-abfcbb2ccb85-PeriodicHDDSVolumeChecker" daemon prio=5 tid=524 timed_waiting
java.lang.Thread.State: TIMED_WAITING
        at java.base@17.0.11/jdk.internal.misc.Unsafe.park(Native Method)
        at java.base@17.0.11/java.util.concurrent.locks.LockSupport.parkNanos(LockSupport.java:252)
        at java.base@17.0.11/java.util.concurrent.locks.AbstractQueuedSynchronizer$ConditionObject.awaitNanos(AbstractQueuedSynchronizer.java:1674)
        at java.base@17.0.11/java.util.concurrent.ScheduledThreadPoolExecutor$DelayedWorkQueue.take(ScheduledThreadPoolExecutor.java:1182)
        at java.base@17.0.11/java.util.concurrent.ScheduledThreadPoolExecutor$DelayedWorkQueue.take(ScheduledThreadPoolExecutor.java:899)
        at java.base@17.0.11/java.util.concurrent.ThreadPoolExecutor.getTask(ThreadPoolExecutor.java:1062)
        at java.base@17.0.11/java.util.concurrent.ThreadPoolExecutor.runWorker(ThreadPoolExecutor.java:1122)
        at java.base@17.0.11/java.util.concurrent.ThreadPoolExecutor$Worker.run(ThreadPoolExecutor.java:635)
        at java.base@17.0.11/java.lang.Thread.run(Thread.java:840)
"EventQueue-NodeRegistrationContainerReportForContainerSafeModeRule" daemon prio=5 tid=576 in Object.wait()
java.lang.Thread.State: WAITING (on object monitor)
        at java.base@17.0.11/jdk.internal.misc.Unsafe.park(Native Method)
        at java.base@17.0.11/java.util.concurrent.locks.LockSupport.park(LockSupport.java:341)
        at java.base@17.0.11/java.util.concurrent.locks.AbstractQueuedSynchronizer$ConditionNode.block(AbstractQueuedSynchronizer.java:506)
        at java.base@17.0.11/java.util.concurrent.ForkJoinPool.unmanagedBlock(ForkJoinPool.java:3465)
        at java.base@17.0.11/java.util.concurrent.ForkJoinPool.managedBlock(ForkJoinPool.java:3436)
        at java.base@17.0.11/java.util.concurrent.locks.AbstractQueuedSynchronizer$ConditionObject.await(AbstractQueuedSynchronizer.java:1625)
        at java.base@17.0.11/java.util.concurrent.LinkedBlockingQueue.take(LinkedBlockingQueue.java:435)
        at java.base@17.0.11/java.util.concurrent.ThreadPoolExecutor.getTask(ThreadPoolExecutor.java:1062)
        at java.base@17.0.11/java.util.concurrent.ThreadPoolExecutor.runWorker(ThreadPoolExecutor.java:1122)
        at java.base@17.0.11/java.util.concurrent.ThreadPoolExecutor$Worker.run(ThreadPoolExecutor.java:635)
        at java.base@17.0.11/java.lang.Thread.run(Thread.java:840)
"IPC Server handler 20 on default port 15001" daemon prio=5 tid=179 timed_waiting
java.lang.Thread.State: TIMED_WAITING
        at java.base@17.0.11/jdk.internal.misc.Unsafe.park(Native Method)
        at java.base@17.0.11/java.util.concurrent.locks.LockSupport.parkNanos(LockSupport.java:252)
        at java.base@17.0.11/java.util.concurrent.locks.AbstractQueuedSynchronizer$ConditionObject.awaitNanos(AbstractQueuedSynchronizer.java:1674)
        at java.base@17.0.11/java.util.concurrent.LinkedBlockingQueue.poll(LinkedBlockingQueue.java:460)
        at app//org.apache.hadoop.ipc.CallQueueManager.take(CallQueueManager.java:317)
        at app//org.apache.hadoop.ipc.Server$Handler.run(Server.java:3014)
"a2876ff0-d178-48ae-a6b6-bf6963d4710d-impl-thread1"  prio=5 tid=465 timed_waiting
java.lang.Thread.State: TIMED_WAITING
        at java.base@17.0.11/jdk.internal.misc.Unsafe.park(Native Method)
        at java.base@17.0.11/java.util.concurrent.locks.LockSupport.parkNanos(LockSupport.java:252)
        at java.base@17.0.11/java.util.concurrent.SynchronousQueue$TransferStack.transfer(SynchronousQueue.java:401)
        at java.base@17.0.11/java.util.concurrent.SynchronousQueue.poll(SynchronousQueue.java:903)
        at java.base@17.0.11/java.util.concurrent.ThreadPoolExecutor.getTask(ThreadPoolExecutor.java:1061)
        at java.base@17.0.11/java.util.concurrent.ThreadPoolExecutor.runWorker(ThreadPoolExecutor.java:1122)
        at java.base@17.0.11/java.util.concurrent.ThreadPoolExecutor$Worker.run(ThreadPoolExecutor.java:635)
        at java.base@17.0.11/java.lang.Thread.run(Thread.java:840)
"IPC Server handler 20 on default port 15000" daemon prio=5 tid=79 timed_waiting
java.lang.Thread.State: TIMED_WAITING
        at java.base@17.0.11/jdk.internal.misc.Unsafe.park(Native Method)
        at java.base@17.0.11/java.util.concurrent.locks.LockSupport.parkNanos(LockSupport.java:252)
        at java.base@17.0.11/java.util.concurrent.locks.AbstractQueuedSynchronizer$ConditionObject.awaitNanos(AbstractQueuedSynchronizer.java:1674)
        at java.base@17.0.11/java.util.concurrent.LinkedBlockingQueue.poll(LinkedBlockingQueue.java:460)
        at app//org.apache.hadoop.ipc.CallQueueManager.take(CallQueueManager.java:317)
        at app//org.apache.hadoop.ipc.Server$Handler.run(Server.java:3014)
"IPC Server handler 57 on default port 15000" daemon prio=5 tid=116 timed_waiting
java.lang.Thread.State: TIMED_WAITING
        at java.base@17.0.11/jdk.internal.misc.Unsafe.park(Native Method)
        at java.base@17.0.11/java.util.concurrent.locks.LockSupport.parkNanos(LockSupport.java:252)
        at java.base@17.0.11/java.util.concurrent.locks.AbstractQueuedSynchronizer$ConditionObject.awaitNanos(AbstractQueuedSynchronizer.java:1674)
        at java.base@17.0.11/java.util.concurrent.LinkedBlockingQueue.poll(LinkedBlockingQueue.java:460)
        at app//org.apache.hadoop.ipc.CallQueueManager.take(CallQueueManager.java:317)
        at app//org.apache.hadoop.ipc.Server$Handler.run(Server.java:3014)
"4f6a4ba8-7237-4720-8e71-4cf4f347a525-ChunkWriter-3-0" daemon prio=5 tid=568 in Object.wait()
java.lang.Thread.State: WAITING (on object monitor)
        at java.base@17.0.11/jdk.internal.misc.Unsafe.park(Native Method)
        at java.base@17.0.11/java.util.concurrent.locks.LockSupport.park(LockSupport.java:341)
        at java.base@17.0.11/java.util.concurrent.locks.AbstractQueuedSynchronizer$ConditionNode.block(AbstractQueuedSynchronizer.java:506)
        at java.base@17.0.11/java.util.concurrent.ForkJoinPool.unmanagedBlock(ForkJoinPool.java:3465)
        at java.base@17.0.11/java.util.concurrent.ForkJoinPool.managedBlock(ForkJoinPool.java:3436)
        at java.base@17.0.11/java.util.concurrent.locks.AbstractQueuedSynchronizer$ConditionObject.await(AbstractQueuedSynchronizer.java:1625)
        at java.base@17.0.11/java.util.concurrent.LinkedBlockingDeque.takeFirst(LinkedBlockingDeque.java:485)
        at java.base@17.0.11/java.util.concurrent.LinkedBlockingDeque.take(LinkedBlockingDeque.java:673)
        at java.base@17.0.11/java.util.concurrent.ThreadPoolExecutor.getTask(ThreadPoolExecutor.java:1062)
        at java.base@17.0.11/java.util.concurrent.ThreadPoolExecutor.runWorker(ThreadPoolExecutor.java:1122)
        at java.base@17.0.11/java.util.concurrent.ThreadPoolExecutor$Worker.run(ThreadPoolExecutor.java:635)
        at java.base@17.0.11/java.lang.Thread.run(Thread.java:840)
"qtp631007928-370" daemon prio=5 tid=370 timed_waiting
java.lang.Thread.State: TIMED_WAITING
        at java.base@17.0.11/jdk.internal.misc.Unsafe.park(Native Method)
        at java.base@17.0.11/java.util.concurrent.locks.LockSupport.parkNanos(LockSupport.java:252)
        at java.base@17.0.11/java.util.concurrent.locks.AbstractQueuedSynchronizer$ConditionObject.awaitNanos(AbstractQueuedSynchronizer.java:1674)
        at app//org.eclipse.jetty.util.BlockingArrayQueue.poll(BlockingArrayQueue.java:382)
        at app//org.eclipse.jetty.util.thread.QueuedThreadPool$Runner.idleJobPoll(QueuedThreadPool.java:974)
        at app//org.eclipse.jetty.util.thread.QueuedThreadPool$Runner.run(QueuedThreadPool.java:1018)
        at java.base@17.0.11/java.lang.Thread.run(Thread.java:840)
"om1-MultipartUploadCleanupService#0" daemon prio=5 tid=404 timed_waiting
java.lang.Thread.State: TIMED_WAITING
        at java.base@17.0.11/jdk.internal.misc.Unsafe.park(Native Method)
        at java.base@17.0.11/java.util.concurrent.locks.LockSupport.parkNanos(LockSupport.java:252)
        at java.base@17.0.11/java.util.concurrent.locks.AbstractQueuedSynchronizer$ConditionObject.awaitNanos(AbstractQueuedSynchronizer.java:1674)
        at java.base@17.0.11/java.util.concurrent.ScheduledThreadPoolExecutor$DelayedWorkQueue.take(ScheduledThreadPoolExecutor.java:1182)
        at java.base@17.0.11/java.util.concurrent.ScheduledThreadPoolExecutor$DelayedWorkQueue.take(ScheduledThreadPoolExecutor.java:899)
        at java.base@17.0.11/java.util.concurrent.ThreadPoolExecutor.getTask(ThreadPoolExecutor.java:1062)
        at java.base@17.0.11/java.util.concurrent.ThreadPoolExecutor.runWorker(ThreadPoolExecutor.java:1122)
        at java.base@17.0.11/java.util.concurrent.ThreadPoolExecutor$Worker.run(ThreadPoolExecutor.java:635)
        at java.base@17.0.11/java.lang.Thread.run(Thread.java:840)
"a2876ff0-d178-48ae-a6b6-bf6963d4710d-server-thread2" daemon prio=5 tid=666 timed_waiting
java.lang.Thread.State: TIMED_WAITING
        at java.base@17.0.11/jdk.internal.misc.Unsafe.park(Native Method)
        at java.base@17.0.11/java.util.concurrent.locks.LockSupport.parkNanos(LockSupport.java:252)
        at java.base@17.0.11/java.util.concurrent.SynchronousQueue$TransferStack.transfer(SynchronousQueue.java:401)
        at java.base@17.0.11/java.util.concurrent.SynchronousQueue.poll(SynchronousQueue.java:903)
        at java.base@17.0.11/java.util.concurrent.ThreadPoolExecutor.getTask(ThreadPoolExecutor.java:1061)
        at java.base@17.0.11/java.util.concurrent.ThreadPoolExecutor.runWorker(ThreadPoolExecutor.java:1122)
        at java.base@17.0.11/java.util.concurrent.ThreadPoolExecutor$Worker.run(ThreadPoolExecutor.java:635)
        at java.base@17.0.11/java.lang.Thread.run(Thread.java:840)
"IPC Server handler 33 on default port 15001" daemon prio=5 tid=192 timed_waiting
java.lang.Thread.State: TIMED_WAITING
        at java.base@17.0.11/jdk.internal.misc.Unsafe.park(Native Method)
        at java.base@17.0.11/java.util.concurrent.locks.LockSupport.parkNanos(LockSupport.java:252)
        at java.base@17.0.11/java.util.concurrent.locks.AbstractQueuedSynchronizer$ConditionObject.awaitNanos(AbstractQueuedSynchronizer.java:1674)
        at java.base@17.0.11/java.util.concurrent.LinkedBlockingQueue.poll(LinkedBlockingQueue.java:460)
        at app//org.apache.hadoop.ipc.CallQueueManager.take(CallQueueManager.java:317)
        at app//org.apache.hadoop.ipc.Server$Handler.run(Server.java:3014)
"a2876ff0-d178-48ae-a6b6-bf6963d4710d-server-thread1" daemon prio=5 tid=663 timed_waiting
java.lang.Thread.State: TIMED_WAITING
        at java.base@17.0.11/jdk.internal.misc.Unsafe.park(Native Method)
        at java.base@17.0.11/java.util.concurrent.locks.LockSupport.parkNanos(LockSupport.java:252)
        at java.base@17.0.11/java.util.concurrent.SynchronousQueue$TransferStack.transfer(SynchronousQueue.java:401)
        at java.base@17.0.11/java.util.concurrent.SynchronousQueue.poll(SynchronousQueue.java:903)
        at java.base@17.0.11/java.util.concurrent.ThreadPoolExecutor.getTask(ThreadPoolExecutor.java:1061)
        at java.base@17.0.11/java.util.concurrent.ThreadPoolExecutor.runWorker(ThreadPoolExecutor.java:1122)
        at java.base@17.0.11/java.util.concurrent.ThreadPoolExecutor$Worker.run(ThreadPoolExecutor.java:635)
        at java.base@17.0.11/java.lang.Thread.run(Thread.java:840)
"IPC Server handler 11 on default port 15000" daemon prio=5 tid=70 timed_waiting
java.lang.Thread.State: TIMED_WAITING
        at java.base@17.0.11/jdk.internal.misc.Unsafe.park(Native Method)
        at java.base@17.0.11/java.util.concurrent.locks.LockSupport.parkNanos(LockSupport.java:252)
        at java.base@17.0.11/java.util.concurrent.locks.AbstractQueuedSynchronizer$ConditionObject.awaitNanos(AbstractQueuedSynchronizer.java:1674)
        at java.base@17.0.11/java.util.concurrent.LinkedBlockingQueue.poll(LinkedBlockingQueue.java:460)
        at app//org.apache.hadoop.ipc.CallQueueManager.take(CallQueueManager.java:317)
        at app//org.apache.hadoop.ipc.Server$Handler.run(Server.java:3014)
"IPC Server handler 73 on default port 15000" daemon prio=5 tid=132 timed_waiting
java.lang.Thread.State: TIMED_WAITING
        at java.base@17.0.11/jdk.internal.misc.Unsafe.park(Native Method)
        at java.base@17.0.11/java.util.concurrent.locks.LockSupport.parkNanos(LockSupport.java:252)
        at java.base@17.0.11/java.util.concurrent.locks.AbstractQueuedSynchronizer$ConditionObject.awaitNanos(AbstractQueuedSynchronizer.java:1674)
        at java.base@17.0.11/java.util.concurrent.LinkedBlockingQueue.poll(LinkedBlockingQueue.java:460)
        at app//org.apache.hadoop.ipc.CallQueueManager.take(CallQueueManager.java:317)
        at app//org.apache.hadoop.ipc.Server$Handler.run(Server.java:3014)
"ReplicationMonitor" daemon prio=5 tid=29 timed_waiting
java.lang.Thread.State: TIMED_WAITING
        at java.base@17.0.11/java.lang.Object.wait(Native Method)
        at app//org.apache.hadoop.hdds.scm.container.replication.ReplicationManager.run(ReplicationManager.java:934)
        at app//org.apache.hadoop.hdds.scm.container.replication.ReplicationManager$$Lambda$689/0x00007fe3803b9e18.run(Unknown Source)
        at java.base@17.0.11/java.lang.Thread.run(Thread.java:840)
"IPC Server handler 13 on default port 15001" daemon prio=5 tid=172 timed_waiting
java.lang.Thread.State: TIMED_WAITING
        at java.base@17.0.11/jdk.internal.misc.Unsafe.park(Native Method)
        at java.base@17.0.11/java.util.concurrent.locks.LockSupport.parkNanos(LockSupport.java:252)
        at java.base@17.0.11/java.util.concurrent.locks.AbstractQueuedSynchronizer$ConditionObject.awaitNanos(AbstractQueuedSynchronizer.java:1674)
        at java.base@17.0.11/java.util.concurrent.LinkedBlockingQueue.poll(LinkedBlockingQueue.java:460)
        at app//org.apache.hadoop.ipc.CallQueueManager.take(CallQueueManager.java:317)
        at app//org.apache.hadoop.ipc.Server$Handler.run(Server.java:3014)
"e7fccb5b-6f4b-4a5d-93b5-abfcbb2ccb85-ChunkWriter-3-0" daemon prio=5 tid=532 in Object.wait()
java.lang.Thread.State: WAITING (on object monitor)
        at java.base@17.0.11/jdk.internal.misc.Unsafe.park(Native Method)
        at java.base@17.0.11/java.util.concurrent.locks.LockSupport.park(LockSupport.java:341)
        at java.base@17.0.11/java.util.concurrent.locks.AbstractQueuedSynchronizer$ConditionNode.block(AbstractQueuedSynchronizer.java:506)
        at java.base@17.0.11/java.util.concurrent.ForkJoinPool.unmanagedBlock(ForkJoinPool.java:3465)
        at java.base@17.0.11/java.util.concurrent.ForkJoinPool.managedBlock(ForkJoinPool.java:3436)
        at java.base@17.0.11/java.util.concurrent.locks.AbstractQueuedSynchronizer$ConditionObject.await(AbstractQueuedSynchronizer.java:1625)
        at java.base@17.0.11/java.util.concurrent.LinkedBlockingDeque.takeFirst(LinkedBlockingDeque.java:485)
        at java.base@17.0.11/java.util.concurrent.LinkedBlockingDeque.take(LinkedBlockingDeque.java:673)
        at java.base@17.0.11/java.util.concurrent.ThreadPoolExecutor.getTask(ThreadPoolExecutor.java:1062)
        at java.base@17.0.11/java.util.concurrent.ThreadPoolExecutor.runWorker(ThreadPoolExecutor.java:1122)
        at java.base@17.0.11/java.util.concurrent.ThreadPoolExecutor$Worker.run(ThreadPoolExecutor.java:635)
        at java.base@17.0.11/java.lang.Thread.run(Thread.java:840)
"IPC Server handler 96 on default port 15000" daemon prio=5 tid=155 timed_waiting
java.lang.Thread.State: TIMED_WAITING
        at java.base@17.0.11/jdk.internal.misc.Unsafe.park(Native Method)
        at java.base@17.0.11/java.util.concurrent.locks.LockSupport.parkNanos(LockSupport.java:252)
        at java.base@17.0.11/java.util.concurrent.locks.AbstractQueuedSynchronizer$ConditionObject.awaitNanos(AbstractQueuedSynchronizer.java:1674)
        at java.base@17.0.11/java.util.concurrent.LinkedBlockingQueue.poll(LinkedBlockingQueue.java:460)
        at app//org.apache.hadoop.ipc.CallQueueManager.take(CallQueueManager.java:317)
        at app//org.apache.hadoop.ipc.Server$Handler.run(Server.java:3014)
"grpc-default-executor-3" daemon prio=5 tid=670 timed_waiting
java.lang.Thread.State: TIMED_WAITING
        at java.base@17.0.11/jdk.internal.misc.Unsafe.park(Native Method)
        at java.base@17.0.11/java.util.concurrent.locks.LockSupport.parkNanos(LockSupport.java:252)
        at java.base@17.0.11/java.util.concurrent.SynchronousQueue$TransferStack.transfer(SynchronousQueue.java:401)
        at java.base@17.0.11/java.util.concurrent.SynchronousQueue.poll(SynchronousQueue.java:903)
        at java.base@17.0.11/java.util.concurrent.ThreadPoolExecutor.getTask(ThreadPoolExecutor.java:1061)
        at java.base@17.0.11/java.util.concurrent.ThreadPoolExecutor.runWorker(ThreadPoolExecutor.java:1122)
        at java.base@17.0.11/java.util.concurrent.ThreadPoolExecutor$Worker.run(ThreadPoolExecutor.java:635)
        at java.base@17.0.11/java.lang.Thread.run(Thread.java:840)
"IPC Server handler 29 on default port 15002" daemon prio=5 tid=288 timed_waiting
java.lang.Thread.State: TIMED_WAITING
        at java.base@17.0.11/jdk.internal.misc.Unsafe.park(Native Method)
        at java.base@17.0.11/java.util.concurrent.locks.LockSupport.parkNanos(LockSupport.java:252)
        at java.base@17.0.11/java.util.concurrent.locks.AbstractQueuedSynchronizer$ConditionObject.awaitNanos(AbstractQueuedSynchronizer.java:1674)
        at java.base@17.0.11/java.util.concurrent.LinkedBlockingQueue.poll(LinkedBlockingQueue.java:460)
        at app//org.apache.hadoop.ipc.CallQueueManager.take(CallQueueManager.java:317)
        at app//org.apache.hadoop.ipc.Server$Handler.run(Server.java:3014)
"IPC Server handler 26 on default port 15000" daemon prio=5 tid=85 timed_waiting
java.lang.Thread.State: TIMED_WAITING
        at java.base@17.0.11/jdk.internal.misc.Unsafe.park(Native Method)
        at java.base@17.0.11/java.util.concurrent.locks.LockSupport.parkNanos(LockSupport.java:252)
        at java.base@17.0.11/java.util.concurrent.locks.AbstractQueuedSynchronizer$ConditionObject.awaitNanos(AbstractQueuedSynchronizer.java:1674)
        at java.base@17.0.11/java.util.concurrent.LinkedBlockingQueue.poll(LinkedBlockingQueue.java:460)
        at app//org.apache.hadoop.ipc.CallQueueManager.take(CallQueueManager.java:317)
        at app//org.apache.hadoop.ipc.Server$Handler.run(Server.java:3014)
"IPC Server handler 3 on default port 15000" daemon prio=5 tid=62 timed_waiting
java.lang.Thread.State: TIMED_WAITING
        at java.base@17.0.11/jdk.internal.misc.Unsafe.park(Native Method)
        at java.base@17.0.11/java.util.concurrent.locks.LockSupport.parkNanos(LockSupport.java:252)
        at java.base@17.0.11/java.util.concurrent.locks.AbstractQueuedSynchronizer$ConditionObject.awaitNanos(AbstractQueuedSynchronizer.java:1674)
        at java.base@17.0.11/java.util.concurrent.LinkedBlockingQueue.poll(LinkedBlockingQueue.java:460)
        at app//org.apache.hadoop.ipc.CallQueueManager.take(CallQueueManager.java:317)
        at app//org.apache.hadoop.ipc.Server$Handler.run(Server.java:3014)
"e7fccb5b-6f4b-4a5d-93b5-abfcbb2ccb85-impl-thread1"  prio=5 tid=437 timed_waiting
java.lang.Thread.State: TIMED_WAITING
        at java.base@17.0.11/jdk.internal.misc.Unsafe.park(Native Method)
        at java.base@17.0.11/java.util.concurrent.locks.LockSupport.parkNanos(LockSupport.java:252)
        at java.base@17.0.11/java.util.concurrent.SynchronousQueue$TransferStack.transfer(SynchronousQueue.java:401)
        at java.base@17.0.11/java.util.concurrent.SynchronousQueue.poll(SynchronousQueue.java:903)
        at java.base@17.0.11/java.util.concurrent.ThreadPoolExecutor.getTask(ThreadPoolExecutor.java:1061)
        at java.base@17.0.11/java.util.concurrent.ThreadPoolExecutor.runWorker(ThreadPoolExecutor.java:1122)
        at java.base@17.0.11/java.util.concurrent.ThreadPoolExecutor$Worker.run(ThreadPoolExecutor.java:635)
        at java.base@17.0.11/java.lang.Thread.run(Thread.java:840)
"4f6a4ba8-7237-4720-8e71-4cf4f347a525@group-E17A96920781-cacheEviction-AwaitToRun" daemon prio=5 tid=623 in Object.wait()
java.lang.Thread.State: WAITING (on object monitor)
        at java.base@17.0.11/jdk.internal.misc.Unsafe.park(Native Method)
        at java.base@17.0.11/java.util.concurrent.locks.LockSupport.park(LockSupport.java:341)
        at java.base@17.0.11/java.util.concurrent.locks.AbstractQueuedSynchronizer$ConditionNode.block(AbstractQueuedSynchronizer.java:506)
        at java.base@17.0.11/java.util.concurrent.ForkJoinPool.unmanagedBlock(ForkJoinPool.java:3465)
        at java.base@17.0.11/java.util.concurrent.ForkJoinPool.managedBlock(ForkJoinPool.java:3436)
        at java.base@17.0.11/java.util.concurrent.locks.AbstractQueuedSynchronizer$ConditionObject.await(AbstractQueuedSynchronizer.java:1625)
        at app//org.apache.ratis.util.AwaitForSignal.await(AwaitForSignal.java:48)
        at app//org.apache.ratis.util.AwaitToRun$RunnableImpl.run(AwaitToRun.java:47)
        at java.base@17.0.11/java.lang.Thread.run(Thread.java:840)
"e7fccb5b-6f4b-4a5d-93b5-abfcbb2ccb85@group-87A56816AD29-StateMachineUpdater" daemon prio=5 tid=592 timed_waiting
java.lang.Thread.State: TIMED_WAITING
        at java.base@17.0.11/jdk.internal.misc.Unsafe.park(Native Method)
        at java.base@17.0.11/java.util.concurrent.locks.LockSupport.parkNanos(LockSupport.java:252)
        at java.base@17.0.11/java.util.concurrent.locks.AbstractQueuedSynchronizer$ConditionObject.await(AbstractQueuedSynchronizer.java:1759)
        at app//org.apache.ratis.util.AwaitForSignal.await(AwaitForSignal.java:65)
        at app//org.apache.ratis.server.impl.StateMachineUpdater.waitForCommit(StateMachineUpdater.java:219)
        at app//org.apache.ratis.server.impl.StateMachineUpdater.run(StateMachineUpdater.java:187)
        at java.base@17.0.11/java.lang.Thread.run(Thread.java:840)
"IPC Server handler 99 on default port 15001" daemon prio=5 tid=258 timed_waiting
java.lang.Thread.State: TIMED_WAITING
        at java.base@17.0.11/jdk.internal.misc.Unsafe.park(Native Method)
        at java.base@17.0.11/java.util.concurrent.locks.LockSupport.parkNanos(LockSupport.java:252)
        at java.base@17.0.11/java.util.concurrent.locks.AbstractQueuedSynchronizer$ConditionObject.awaitNanos(AbstractQueuedSynchronizer.java:1674)
        at java.base@17.0.11/java.util.concurrent.LinkedBlockingQueue.poll(LinkedBlockingQueue.java:460)
        at app//org.apache.hadoop.ipc.CallQueueManager.take(CallQueueManager.java:317)
        at app//org.apache.hadoop.ipc.Server$Handler.run(Server.java:3014)
"IPC Server handler 18 on default port 15001" daemon prio=5 tid=177 timed_waiting
java.lang.Thread.State: TIMED_WAITING
        at java.base@17.0.11/jdk.internal.misc.Unsafe.park(Native Method)
        at java.base@17.0.11/java.util.concurrent.locks.LockSupport.parkNanos(LockSupport.java:252)
        at java.base@17.0.11/java.util.concurrent.locks.AbstractQueuedSynchronizer$ConditionObject.awaitNanos(AbstractQueuedSynchronizer.java:1674)
        at java.base@17.0.11/java.util.concurrent.LinkedBlockingQueue.poll(LinkedBlockingQueue.java:460)
        at app//org.apache.hadoop.ipc.CallQueueManager.take(CallQueueManager.java:317)
        at app//org.apache.hadoop.ipc.Server$Handler.run(Server.java:3014)
"IPC Server handler 53 on default port 15001" daemon prio=5 tid=212 timed_waiting
java.lang.Thread.State: TIMED_WAITING
        at java.base@17.0.11/jdk.internal.misc.Unsafe.park(Native Method)
        at java.base@17.0.11/java.util.concurrent.locks.LockSupport.parkNanos(LockSupport.java:252)
        at java.base@17.0.11/java.util.concurrent.locks.AbstractQueuedSynchronizer$ConditionObject.awaitNanos(AbstractQueuedSynchronizer.java:1674)
        at java.base@17.0.11/java.util.concurrent.LinkedBlockingQueue.poll(LinkedBlockingQueue.java:460)
        at app//org.apache.hadoop.ipc.CallQueueManager.take(CallQueueManager.java:317)
        at app//org.apache.hadoop.ipc.Server$Handler.run(Server.java:3014)
"IPC Server handler 30 on default port 15002" daemon prio=5 tid=289 timed_waiting
java.lang.Thread.State: TIMED_WAITING
        at java.base@17.0.11/jdk.internal.misc.Unsafe.park(Native Method)
        at java.base@17.0.11/java.util.concurrent.locks.LockSupport.parkNanos(LockSupport.java:252)
        at java.base@17.0.11/java.util.concurrent.locks.AbstractQueuedSynchronizer$ConditionObject.awaitNanos(AbstractQueuedSynchronizer.java:1674)
        at java.base@17.0.11/java.util.concurrent.LinkedBlockingQueue.poll(LinkedBlockingQueue.java:460)
        at app//org.apache.hadoop.ipc.CallQueueManager.take(CallQueueManager.java:317)
        at app//org.apache.hadoop.ipc.Server$Handler.run(Server.java:3014)
"EventQueue-NewNodeForNewNodeHandler" daemon prio=5 tid=575 in Object.wait()
java.lang.Thread.State: WAITING (on object monitor)
        at java.base@17.0.11/jdk.internal.misc.Unsafe.park(Native Method)
        at java.base@17.0.11/java.util.concurrent.locks.LockSupport.park(LockSupport.java:341)
        at java.base@17.0.11/java.util.concurrent.locks.AbstractQueuedSynchronizer$ConditionNode.block(AbstractQueuedSynchronizer.java:506)
        at java.base@17.0.11/java.util.concurrent.ForkJoinPool.unmanagedBlock(ForkJoinPool.java:3465)
        at java.base@17.0.11/java.util.concurrent.ForkJoinPool.managedBlock(ForkJoinPool.java:3436)
        at java.base@17.0.11/java.util.concurrent.locks.AbstractQueuedSynchronizer$ConditionObject.await(AbstractQueuedSynchronizer.java:1625)
        at java.base@17.0.11/java.util.concurrent.LinkedBlockingQueue.take(LinkedBlockingQueue.java:435)
        at java.base@17.0.11/java.util.concurrent.ThreadPoolExecutor.getTask(ThreadPoolExecutor.java:1062)
        at java.base@17.0.11/java.util.concurrent.ThreadPoolExecutor.runWorker(ThreadPoolExecutor.java:1122)
        at java.base@17.0.11/java.util.concurrent.ThreadPoolExecutor$Worker.run(ThreadPoolExecutor.java:635)
        at java.base@17.0.11/java.lang.Thread.run(Thread.java:840)
"IPC Server handler 30 on default port 15001" daemon prio=5 tid=189 timed_waiting
java.lang.Thread.State: TIMED_WAITING
        at java.base@17.0.11/jdk.internal.misc.Unsafe.park(Native Method)
        at java.base@17.0.11/java.util.concurrent.locks.LockSupport.parkNanos(LockSupport.java:252)
        at java.base@17.0.11/java.util.concurrent.locks.AbstractQueuedSynchronizer$ConditionObject.awaitNanos(AbstractQueuedSynchronizer.java:1674)
        at java.base@17.0.11/java.util.concurrent.LinkedBlockingQueue.poll(LinkedBlockingQueue.java:460)
        at app//org.apache.hadoop.ipc.CallQueueManager.take(CallQueueManager.java:317)
        at app//org.apache.hadoop.ipc.Server$Handler.run(Server.java:3014)
"IPC Server handler 25 on default port 15002" daemon prio=5 tid=284 timed_waiting
java.lang.Thread.State: TIMED_WAITING
        at java.base@17.0.11/jdk.internal.misc.Unsafe.park(Native Method)
        at java.base@17.0.11/java.util.concurrent.locks.LockSupport.parkNanos(LockSupport.java:252)
        at java.base@17.0.11/java.util.concurrent.locks.AbstractQueuedSynchronizer$ConditionObject.awaitNanos(AbstractQueuedSynchronizer.java:1674)
        at java.base@17.0.11/java.util.concurrent.LinkedBlockingQueue.poll(LinkedBlockingQueue.java:460)
        at app//org.apache.hadoop.ipc.CallQueueManager.take(CallQueueManager.java:317)
        at app//org.apache.hadoop.ipc.Server$Handler.run(Server.java:3014)
"IPC Server handler 7 on default port 15000" daemon prio=5 tid=66 timed_waiting
java.lang.Thread.State: TIMED_WAITING
        at java.base@17.0.11/jdk.internal.misc.Unsafe.park(Native Method)
        at java.base@17.0.11/java.util.concurrent.locks.LockSupport.parkNanos(LockSupport.java:252)
        at java.base@17.0.11/java.util.concurrent.locks.AbstractQueuedSynchronizer$ConditionObject.awaitNanos(AbstractQueuedSynchronizer.java:1674)
        at java.base@17.0.11/java.util.concurrent.LinkedBlockingQueue.poll(LinkedBlockingQueue.java:460)
        at app//org.apache.hadoop.ipc.CallQueueManager.take(CallQueueManager.java:317)
        at app//org.apache.hadoop.ipc.Server$Handler.run(Server.java:3014)
"e7fccb5b-6f4b-4a5d-93b5-abfcbb2ccb85-DatanodeReportManager-2" daemon prio=5 tid=459 in Object.wait()
java.lang.Thread.State: WAITING (on object monitor)
        at java.base@17.0.11/jdk.internal.misc.Unsafe.park(Native Method)
        at java.base@17.0.11/java.util.concurrent.locks.LockSupport.park(LockSupport.java:341)
        at java.base@17.0.11/java.util.concurrent.locks.AbstractQueuedSynchronizer$ConditionNode.block(AbstractQueuedSynchronizer.java:506)
        at java.base@17.0.11/java.util.concurrent.ForkJoinPool.unmanagedBlock(ForkJoinPool.java:3465)
        at java.base@17.0.11/java.util.concurrent.ForkJoinPool.managedBlock(ForkJoinPool.java:3436)
        at java.base@17.0.11/java.util.concurrent.locks.AbstractQueuedSynchronizer$ConditionObject.await(AbstractQueuedSynchronizer.java:1625)
        at java.base@17.0.11/java.util.concurrent.ScheduledThreadPoolExecutor$DelayedWorkQueue.take(ScheduledThreadPoolExecutor.java:1177)
        at java.base@17.0.11/java.util.concurrent.ScheduledThreadPoolExecutor$DelayedWorkQueue.take(ScheduledThreadPoolExecutor.java:899)
        at java.base@17.0.11/java.util.concurrent.ThreadPoolExecutor.getTask(ThreadPoolExecutor.java:1062)
        at java.base@17.0.11/java.util.concurrent.ThreadPoolExecutor.runWorker(ThreadPoolExecutor.java:1122)
        at java.base@17.0.11/java.util.concurrent.ThreadPoolExecutor$Worker.run(ThreadPoolExecutor.java:635)
        at java.base@17.0.11/java.lang.Thread.run(Thread.java:840)
"qtp1038401449-501" daemon prio=5 tid=501 timed_waiting
java.lang.Thread.State: TIMED_WAITING
        at java.base@17.0.11/jdk.internal.misc.Unsafe.park(Native Method)
        at java.base@17.0.11/java.util.concurrent.locks.LockSupport.parkNanos(LockSupport.java:252)
        at java.base@17.0.11/java.util.concurrent.locks.AbstractQueuedSynchronizer$ConditionObject.awaitNanos(AbstractQueuedSynchronizer.java:1674)
        at app//org.eclipse.jetty.util.BlockingArrayQueue.poll(BlockingArrayQueue.java:382)
        at app//org.eclipse.jetty.util.thread.QueuedThreadPool$Runner.idleJobPoll(QueuedThreadPool.java:974)
        at app//org.eclipse.jetty.util.thread.QueuedThreadPool$Runner.run(QueuedThreadPool.java:1018)
        at java.base@17.0.11/java.lang.Thread.run(Thread.java:840)
"a2876ff0-d178-48ae-a6b6-bf6963d4710d-DataNodeDiskCheckerThread-0" daemon prio=5 tid=543 timed_waiting
java.lang.Thread.State: TIMED_WAITING
        at java.base@17.0.11/jdk.internal.misc.Unsafe.park(Native Method)
        at java.base@17.0.11/java.util.concurrent.locks.LockSupport.parkNanos(LockSupport.java:252)
        at java.base@17.0.11/java.util.concurrent.SynchronousQueue$TransferStack.transfer(SynchronousQueue.java:401)
        at java.base@17.0.11/java.util.concurrent.SynchronousQueue.poll(SynchronousQueue.java:903)
        at java.base@17.0.11/java.util.concurrent.ThreadPoolExecutor.getTask(ThreadPoolExecutor.java:1061)
        at java.base@17.0.11/java.util.concurrent.ThreadPoolExecutor.runWorker(ThreadPoolExecutor.java:1122)
        at java.base@17.0.11/java.util.concurrent.ThreadPoolExecutor$Worker.run(ThreadPoolExecutor.java:635)
        at java.base@17.0.11/java.lang.Thread.run(Thread.java:840)
"ContainerDataScanner(/home/runner/work/ozone/ozone/hadoop-ozone/integration-test/target/test-dir/MiniOzoneClusterImpl-1f81da03-70dc-44ad-8558-5c969ee5b37a/ozone-meta/datanode-2/data-0/hdds)" daemon prio=5 tid=546 timed_waiting
java.lang.Thread.State: TIMED_WAITING
        at java.base@17.0.11/java.lang.Thread.sleep(Native Method)
        at app//org.apache.hadoop.ozone.container.ozoneimpl.AbstractBackgroundContainerScanner.handleRemainingSleep(AbstractBackgroundContainerScanner.java:131)
        at app//org.apache.hadoop.ozone.container.ozoneimpl.AbstractBackgroundContainerScanner.runIteration(AbstractBackgroundContainerScanner.java:98)
        at app//org.apache.hadoop.ozone.container.ozoneimpl.AbstractBackgroundContainerScanner.run(AbstractBackgroundContainerScanner.java:57)
"a2876ff0-d178-48ae-a6b6-bf6963d4710d@group-E17A96920781-StateMachineUpdater" daemon prio=5 tid=616 timed_waiting
java.lang.Thread.State: TIMED_WAITING
        at java.base@17.0.11/jdk.internal.misc.Unsafe.park(Native Method)
        at java.base@17.0.11/java.util.concurrent.locks.LockSupport.parkNanos(LockSupport.java:252)
        at java.base@17.0.11/java.util.concurrent.locks.AbstractQueuedSynchronizer$ConditionObject.await(AbstractQueuedSynchronizer.java:1759)
        at app//org.apache.ratis.util.AwaitForSignal.await(AwaitForSignal.java:65)
        at app//org.apache.ratis.server.impl.StateMachineUpdater.waitForCommit(StateMachineUpdater.java:219)
        at app//org.apache.ratis.server.impl.StateMachineUpdater.run(StateMachineUpdater.java:187)
        at java.base@17.0.11/java.lang.Thread.run(Thread.java:840)
"a2876ff0-d178-48ae-a6b6-bf6963d4710d-DatanodeStateMachineTaskThread-0"  prio=5 tid=491 in Object.wait()
java.lang.Thread.State: WAITING (on object monitor)
        at java.base@17.0.11/jdk.internal.misc.Unsafe.park(Native Method)
        at java.base@17.0.11/java.util.concurrent.locks.LockSupport.park(LockSupport.java:341)
        at java.base@17.0.11/java.util.concurrent.locks.AbstractQueuedSynchronizer$ConditionNode.block(AbstractQueuedSynchronizer.java:506)
        at java.base@17.0.11/java.util.concurrent.ForkJoinPool.unmanagedBlock(ForkJoinPool.java:3465)
        at java.base@17.0.11/java.util.concurrent.ForkJoinPool.managedBlock(ForkJoinPool.java:3436)
        at java.base@17.0.11/java.util.concurrent.locks.AbstractQueuedSynchronizer$ConditionObject.await(AbstractQueuedSynchronizer.java:1625)
        at java.base@17.0.11/java.util.concurrent.LinkedBlockingQueue.take(LinkedBlockingQueue.java:435)
        at java.base@17.0.11/java.util.concurrent.ThreadPoolExecutor.getTask(ThreadPoolExecutor.java:1062)
        at java.base@17.0.11/java.util.concurrent.ThreadPoolExecutor.runWorker(ThreadPoolExecutor.java:1122)
        at java.base@17.0.11/java.util.concurrent.ThreadPoolExecutor$Worker.run(ThreadPoolExecutor.java:635)
        at java.base@17.0.11/java.lang.Thread.run(Thread.java:840)
"Socket Reader #1 for port 15002"  prio=5 tid=34 runnable
java.lang.Thread.State: RUNNABLE
        at java.base@17.0.11/sun.nio.ch.EPoll.wait(Native Method)
        at java.base@17.0.11/sun.nio.ch.EPollSelectorImpl.doSelect(EPollSelectorImpl.java:118)
        at java.base@17.0.11/sun.nio.ch.SelectorImpl.lockAndDoSelect(SelectorImpl.java:129)
        at java.base@17.0.11/sun.nio.ch.SelectorImpl.select(SelectorImpl.java:146)
        at app//org.apache.hadoop.ipc.Server$Listener$Reader.doRunLoop(Server.java:1346)
        at app//org.apache.hadoop.ipc.Server$Listener$Reader.run(Server.java:1325)
"IPC Server listener on 15001" daemon prio=5 tid=38 runnable
java.lang.Thread.State: RUNNABLE
        at java.base@17.0.11/sun.nio.ch.EPoll.wait(Native Method)
        at java.base@17.0.11/sun.nio.ch.EPollSelectorImpl.doSelect(EPollSelectorImpl.java:118)
        at java.base@17.0.11/sun.nio.ch.SelectorImpl.lockAndDoSelect(SelectorImpl.java:129)
        at java.base@17.0.11/sun.nio.ch.SelectorImpl.select(SelectorImpl.java:146)
        at app//org.apache.hadoop.ipc.Server$Listener.run(Server.java:1408)
"Hadoop-Metrics-Updater-0" daemon prio=5 tid=37 timed_waiting
java.lang.Thread.State: TIMED_WAITING
        at java.base@17.0.11/jdk.internal.misc.Unsafe.park(Native Method)
        at java.base@17.0.11/java.util.concurrent.locks.LockSupport.parkNanos(LockSupport.java:252)
        at java.base@17.0.11/java.util.concurrent.locks.AbstractQueuedSynchronizer$ConditionObject.awaitNanos(AbstractQueuedSynchronizer.java:1674)
        at java.base@17.0.11/java.util.concurrent.ScheduledThreadPoolExecutor$DelayedWorkQueue.take(ScheduledThreadPoolExecutor.java:1182)
        at java.base@17.0.11/java.util.concurrent.ScheduledThreadPoolExecutor$DelayedWorkQueue.take(ScheduledThreadPoolExecutor.java:899)
        at java.base@17.0.11/java.util.concurrent.ThreadPoolExecutor.getTask(ThreadPoolExecutor.java:1062)
        at java.base@17.0.11/java.util.concurrent.ThreadPoolExecutor.runWorker(ThreadPoolExecutor.java:1122)
        at java.base@17.0.11/java.util.concurrent.ThreadPoolExecutor$Worker.run(ThreadPoolExecutor.java:635)
        at java.base@17.0.11/java.lang.Thread.run(Thread.java:840)
"IPC Server Responder" daemon prio=5 tid=46 runnable
java.lang.Thread.State: RUNNABLE
        at java.base@17.0.11/sun.nio.ch.EPoll.wait(Native Method)
        at java.base@17.0.11/sun.nio.ch.EPollSelectorImpl.doSelect(EPollSelectorImpl.java:118)
        at java.base@17.0.11/sun.nio.ch.SelectorImpl.lockAndDoSelect(SelectorImpl.java:129)
        at java.base@17.0.11/sun.nio.ch.SelectorImpl.select(SelectorImpl.java:141)
        at app//org.apache.hadoop.ipc.Server$Responder.doRunLoop(Server.java:1582)
        at app//org.apache.hadoop.ipc.Server$Responder.run(Server.java:1565)
"IPC Server handler 83 on default port 15002" daemon prio=5 tid=342 timed_waiting
java.lang.Thread.State: TIMED_WAITING
        at java.base@17.0.11/jdk.internal.misc.Unsafe.park(Native Method)
        at java.base@17.0.11/java.util.concurrent.locks.LockSupport.parkNanos(LockSupport.java:252)
        at java.base@17.0.11/java.util.concurrent.locks.AbstractQueuedSynchronizer$ConditionObject.awaitNanos(AbstractQueuedSynchronizer.java:1674)
        at java.base@17.0.11/java.util.concurrent.LinkedBlockingQueue.poll(LinkedBlockingQueue.java:460)
        at app//org.apache.hadoop.ipc.CallQueueManager.take(CallQueueManager.java:317)
        at app//org.apache.hadoop.ipc.Server$Handler.run(Server.java:3014)
"Session-HouseKeeper-619bb99d-1"  prio=5 tid=414 timed_waiting
java.lang.Thread.State: TIMED_WAITING
        at java.base@17.0.11/jdk.internal.misc.Unsafe.park(Native Method)
        at java.base@17.0.11/java.util.concurrent.locks.LockSupport.parkNanos(LockSupport.java:252)
        at java.base@17.0.11/java.util.concurrent.locks.AbstractQueuedSynchronizer$ConditionObject.awaitNanos(AbstractQueuedSynchronizer.java:1674)
        at java.base@17.0.11/java.util.concurrent.ScheduledThreadPoolExecutor$DelayedWorkQueue.take(ScheduledThreadPoolExecutor.java:1182)
        at java.base@17.0.11/java.util.concurrent.ScheduledThreadPoolExecutor$DelayedWorkQueue.take(ScheduledThreadPoolExecutor.java:899)
        at java.base@17.0.11/java.util.concurrent.ThreadPoolExecutor.getTask(ThreadPoolExecutor.java:1062)
        at java.base@17.0.11/java.util.concurrent.ThreadPoolExecutor.runWorker(ThreadPoolExecutor.java:1122)
        at java.base@17.0.11/java.util.concurrent.ThreadPoolExecutor$Worker.run(ThreadPoolExecutor.java:635)
        at java.base@17.0.11/java.lang.Thread.run(Thread.java:840)
"4f6a4ba8-7237-4720-8e71-4cf4f347a525-BlockDeletingService#0" daemon prio=5 tid=571 timed_waiting
java.lang.Thread.State: TIMED_WAITING
        at java.base@17.0.11/jdk.internal.misc.Unsafe.park(Native Method)
        at java.base@17.0.11/java.util.concurrent.locks.LockSupport.parkNanos(LockSupport.java:252)
        at java.base@17.0.11/java.util.concurrent.locks.AbstractQueuedSynchronizer$ConditionObject.awaitNanos(AbstractQueuedSynchronizer.java:1674)
        at java.base@17.0.11/java.util.concurrent.ScheduledThreadPoolExecutor$DelayedWorkQueue.take(ScheduledThreadPoolExecutor.java:1182)
        at java.base@17.0.11/java.util.concurrent.ScheduledThreadPoolExecutor$DelayedWorkQueue.take(ScheduledThreadPoolExecutor.java:899)
        at java.base@17.0.11/java.util.concurrent.ThreadPoolExecutor.getTask(ThreadPoolExecutor.java:1062)
        at java.base@17.0.11/java.util.concurrent.ThreadPoolExecutor.runWorker(ThreadPoolExecutor.java:1122)
        at java.base@17.0.11/java.util.concurrent.ThreadPoolExecutor$Worker.run(ThreadPoolExecutor.java:635)
        at java.base@17.0.11/java.lang.Thread.run(Thread.java:840)
"EventQueue-DatanodeCommandForSCMNodeManager"  prio=5 tid=580 in Object.wait()
java.lang.Thread.State: WAITING (on object monitor)
        at java.base@17.0.11/jdk.internal.misc.Unsafe.park(Native Method)
        at java.base@17.0.11/java.util.concurrent.locks.LockSupport.park(LockSupport.java:341)
        at java.base@17.0.11/java.util.concurrent.locks.AbstractQueuedSynchronizer$ConditionNode.block(AbstractQueuedSynchronizer.java:506)
        at java.base@17.0.11/java.util.concurrent.ForkJoinPool.unmanagedBlock(ForkJoinPool.java:3465)
        at java.base@17.0.11/java.util.concurrent.ForkJoinPool.managedBlock(ForkJoinPool.java:3436)
        at java.base@17.0.11/java.util.concurrent.locks.AbstractQueuedSynchronizer$ConditionObject.await(AbstractQueuedSynchronizer.java:1625)
        at java.base@17.0.11/java.util.concurrent.LinkedBlockingQueue.take(LinkedBlockingQueue.java:435)
        at java.base@17.0.11/java.util.concurrent.ThreadPoolExecutor.getTask(ThreadPoolExecutor.java:1062)
        at java.base@17.0.11/java.util.concurrent.ThreadPoolExecutor.runWorker(ThreadPoolExecutor.java:1122)
        at java.base@17.0.11/java.util.concurrent.ThreadPoolExecutor$Worker.run(ThreadPoolExecutor.java:635)
        at java.base@17.0.11/java.lang.Thread.run(Thread.java:840)
"IPC Server Responder" daemon prio=5 tid=385 runnable
java.lang.Thread.State: RUNNABLE
        at java.base@17.0.11/sun.nio.ch.EPoll.wait(Native Method)
        at java.base@17.0.11/sun.nio.ch.EPollSelectorImpl.doSelect(EPollSelectorImpl.java:118)
        at java.base@17.0.11/sun.nio.ch.SelectorImpl.lockAndDoSelect(SelectorImpl.java:129)
        at java.base@17.0.11/sun.nio.ch.SelectorImpl.select(SelectorImpl.java:141)
        at app//org.apache.hadoop.ipc.Server$Responder.doRunLoop(Server.java:1582)
        at app//org.apache.hadoop.ipc.Server$Responder.run(Server.java:1565)
"IPC Server handler 92 on default port 15002" daemon prio=5 tid=351 timed_waiting
java.lang.Thread.State: TIMED_WAITING
        at java.base@17.0.11/jdk.internal.misc.Unsafe.park(Native Method)
        at java.base@17.0.11/java.util.concurrent.locks.LockSupport.parkNanos(LockSupport.java:252)
        at java.base@17.0.11/java.util.concurrent.locks.AbstractQueuedSynchronizer$ConditionObject.awaitNanos(AbstractQueuedSynchronizer.java:1674)
        at java.base@17.0.11/java.util.concurrent.LinkedBlockingQueue.poll(LinkedBlockingQueue.java:460)
        at app//org.apache.hadoop.ipc.CallQueueManager.take(CallQueueManager.java:317)
        at app//org.apache.hadoop.ipc.Server$Handler.run(Server.java:3014)
"IPC Server handler 29 on default port 15000" daemon prio=5 tid=88 timed_waiting
java.lang.Thread.State: TIMED_WAITING
        at java.base@17.0.11/jdk.internal.misc.Unsafe.park(Native Method)
        at java.base@17.0.11/java.util.concurrent.locks.LockSupport.parkNanos(LockSupport.java:252)
        at java.base@17.0.11/java.util.concurrent.locks.AbstractQueuedSynchronizer$ConditionObject.awaitNanos(AbstractQueuedSynchronizer.java:1674)
        at java.base@17.0.11/java.util.concurrent.LinkedBlockingQueue.poll(LinkedBlockingQueue.java:460)
        at app//org.apache.hadoop.ipc.CallQueueManager.take(CallQueueManager.java:317)
        at app//org.apache.hadoop.ipc.Server$Handler.run(Server.java:3014)
"IPC Server handler 59 on default port 15002" daemon prio=5 tid=318 timed_waiting
java.lang.Thread.State: TIMED_WAITING
        at java.base@17.0.11/jdk.internal.misc.Unsafe.park(Native Method)
        at java.base@17.0.11/java.util.concurrent.locks.LockSupport.parkNanos(LockSupport.java:252)
        at java.base@17.0.11/java.util.concurrent.locks.AbstractQueuedSynchronizer$ConditionObject.awaitNanos(AbstractQueuedSynchronizer.java:1674)
        at java.base@17.0.11/java.util.concurrent.LinkedBlockingQueue.poll(LinkedBlockingQueue.java:460)
        at app//org.apache.hadoop.ipc.CallQueueManager.take(CallQueueManager.java:317)
        at app//org.apache.hadoop.ipc.Server$Handler.run(Server.java:3014)
"IPC Server idle connection scanner for port 15028" daemon prio=5 tid=508 timed_waiting
java.lang.Thread.State: TIMED_WAITING
        at java.base@17.0.11/java.lang.Object.wait(Native Method)
        at java.base@17.0.11/java.util.TimerThread.mainLoop(Timer.java:563)
        at java.base@17.0.11/java.util.TimerThread.run(Timer.java:516)
"qtp173418363-444" daemon prio=5 tid=444 timed_waiting
java.lang.Thread.State: TIMED_WAITING
        at java.base@17.0.11/jdk.internal.misc.Unsafe.park(Native Method)
        at java.base@17.0.11/java.util.concurrent.locks.LockSupport.parkNanos(LockSupport.java:252)
        at java.base@17.0.11/java.util.concurrent.locks.AbstractQueuedSynchronizer$ConditionObject.awaitNanos(AbstractQueuedSynchronizer.java:1674)
        at app//org.eclipse.jetty.util.BlockingArrayQueue.poll(BlockingArrayQueue.java:382)
        at app//org.eclipse.jetty.util.thread.QueuedThreadPool$Runner.idleJobPoll(QueuedThreadPool.java:974)
        at app//org.eclipse.jetty.util.thread.QueuedThreadPool$Runner.run(QueuedThreadPool.java:1018)
        at java.base@17.0.11/java.lang.Thread.run(Thread.java:840)
"IPC Server handler 88 on default port 15001" daemon prio=5 tid=247 timed_waiting
java.lang.Thread.State: TIMED_WAITING
        at java.base@17.0.11/jdk.internal.misc.Unsafe.park(Native Method)
        at java.base@17.0.11/java.util.concurrent.locks.LockSupport.parkNanos(LockSupport.java:252)
        at java.base@17.0.11/java.util.concurrent.locks.AbstractQueuedSynchronizer$ConditionObject.awaitNanos(AbstractQueuedSynchronizer.java:1674)
        at java.base@17.0.11/java.util.concurrent.LinkedBlockingQueue.poll(LinkedBlockingQueue.java:460)
        at app//org.apache.hadoop.ipc.CallQueueManager.take(CallQueueManager.java:317)
        at app//org.apache.hadoop.ipc.Server$Handler.run(Server.java:3014)
"IPC Server handler 84 on default port 15002" daemon prio=5 tid=343 timed_waiting
java.lang.Thread.State: TIMED_WAITING
        at java.base@17.0.11/jdk.internal.misc.Unsafe.park(Native Method)
        at java.base@17.0.11/java.util.concurrent.locks.LockSupport.parkNanos(LockSupport.java:252)
        at java.base@17.0.11/java.util.concurrent.locks.AbstractQueuedSynchronizer$ConditionObject.awaitNanos(AbstractQueuedSynchronizer.java:1674)
        at java.base@17.0.11/java.util.concurrent.LinkedBlockingQueue.poll(LinkedBlockingQueue.java:460)
        at app//org.apache.hadoop.ipc.CallQueueManager.take(CallQueueManager.java:317)
        at app//org.apache.hadoop.ipc.Server$Handler.run(Server.java:3014)
"IPC Server handler 1 on default port 15004" daemon prio=5 tid=416 timed_waiting
java.lang.Thread.State: TIMED_WAITING
        at java.base@17.0.11/jdk.internal.misc.Unsafe.park(Native Method)
        at java.base@17.0.11/java.util.concurrent.locks.LockSupport.parkNanos(LockSupport.java:252)
        at java.base@17.0.11/java.util.concurrent.locks.AbstractQueuedSynchronizer$ConditionObject.awaitNanos(AbstractQueuedSynchronizer.java:1674)
        at java.base@17.0.11/java.util.concurrent.LinkedBlockingQueue.poll(LinkedBlockingQueue.java:460)
        at app//org.apache.hadoop.ipc.CallQueueManager.take(CallQueueManager.java:317)
        at app//org.apache.hadoop.ipc.Server$Handler.run(Server.java:3014)
"e7fccb5b-6f4b-4a5d-93b5-abfcbb2ccb85@group-024A386BB799-SegmentedRaftLogWorker"  prio=5 tid=586 timed_waiting
java.lang.Thread.State: TIMED_WAITING
        at java.base@17.0.11/jdk.internal.misc.Unsafe.park(Native Method)
        at java.base@17.0.11/java.util.concurrent.locks.LockSupport.parkNanos(LockSupport.java:252)
        at java.base@17.0.11/java.util.concurrent.locks.AbstractQueuedSynchronizer$ConditionObject.awaitNanos(AbstractQueuedSynchronizer.java:1674)
        at app//org.apache.ratis.util.DataBlockingQueue.poll(DataBlockingQueue.java:148)
        at app//org.apache.ratis.server.raftlog.segmented.SegmentedRaftLogWorker.run(SegmentedRaftLogWorker.java:302)
        at app//org.apache.ratis.server.raftlog.segmented.SegmentedRaftLogWorker$$Lambda$1163/0x00007fe38071b228.run(Unknown Source)
        at java.base@17.0.11/java.util.concurrent.Executors$RunnableAdapter.call(Executors.java:539)
        at java.base@17.0.11/java.util.concurrent.FutureTask.run(FutureTask.java:264)
        at java.base@17.0.11/java.util.concurrent.ThreadPoolExecutor.runWorker(ThreadPoolExecutor.java:1136)
        at java.base@17.0.11/java.util.concurrent.ThreadPoolExecutor$Worker.run(ThreadPoolExecutor.java:635)
        at java.base@17.0.11/java.lang.Thread.run(Thread.java:840)
"IPC Server handler 57 on default port 15001" daemon prio=5 tid=216 timed_waiting
java.lang.Thread.State: TIMED_WAITING
        at java.base@17.0.11/jdk.internal.misc.Unsafe.park(Native Method)
        at java.base@17.0.11/java.util.concurrent.locks.LockSupport.parkNanos(LockSupport.java:252)
        at java.base@17.0.11/java.util.concurrent.locks.AbstractQueuedSynchronizer$ConditionObject.awaitNanos(AbstractQueuedSynchronizer.java:1674)
        at java.base@17.0.11/java.util.concurrent.LinkedBlockingQueue.poll(LinkedBlockingQueue.java:460)
        at app//org.apache.hadoop.ipc.CallQueueManager.take(CallQueueManager.java:317)
        at app//org.apache.hadoop.ipc.Server$Handler.run(Server.java:3014)
"IPC Server handler 22 on default port 15002" daemon prio=5 tid=281 timed_waiting
java.lang.Thread.State: TIMED_WAITING
        at java.base@17.0.11/jdk.internal.misc.Unsafe.park(Native Method)
        at java.base@17.0.11/java.util.concurrent.locks.LockSupport.parkNanos(LockSupport.java:252)
        at java.base@17.0.11/java.util.concurrent.locks.AbstractQueuedSynchronizer$ConditionObject.awaitNanos(AbstractQueuedSynchronizer.java:1674)
        at java.base@17.0.11/java.util.concurrent.LinkedBlockingQueue.poll(LinkedBlockingQueue.java:460)
        at app//org.apache.hadoop.ipc.CallQueueManager.take(CallQueueManager.java:317)
        at app//org.apache.hadoop.ipc.Server$Handler.run(Server.java:3014)
"JvmPauseMonitor0" daemon prio=5 tid=361 timed_waiting
java.lang.Thread.State: TIMED_WAITING
        at java.base@17.0.11/java.lang.Thread.sleep(Native Method)
        at java.base@17.0.11/java.lang.Thread.sleep(Thread.java:344)
        at java.base@17.0.11/java.util.concurrent.TimeUnit.sleep(TimeUnit.java:446)
        at app//org.apache.ratis.util.TimeDuration.sleep(TimeDuration.java:353)
        at app//org.apache.ratis.util.TimeDuration.sleep(TimeDuration.java:338)
        at app//org.apache.ratis.util.JvmPauseMonitor.detectPause(JvmPauseMonitor.java:160)
        at app//org.apache.ratis.util.JvmPauseMonitor.run(JvmPauseMonitor.java:149)
        at app//org.apache.ratis.util.JvmPauseMonitor$$Lambda$778/0x00007fe3804e26b8.run(Unknown Source)
        at java.base@17.0.11/java.lang.Thread.run(Thread.java:840)
"a2876ff0-d178-48ae-a6b6-bf6963d4710d@group-87A56816AD29-SegmentedRaftLogWorker" daemon prio=5 tid=600 timed_waiting
java.lang.Thread.State: TIMED_WAITING
        at java.base@17.0.11/jdk.internal.misc.Unsafe.park(Native Method)
        at java.base@17.0.11/java.util.concurrent.locks.LockSupport.parkNanos(LockSupport.java:252)
        at java.base@17.0.11/java.util.concurrent.locks.AbstractQueuedSynchronizer$ConditionObject.awaitNanos(AbstractQueuedSynchronizer.java:1674)
        at app//org.apache.ratis.util.DataBlockingQueue.poll(DataBlockingQueue.java:148)
        at app//org.apache.ratis.server.raftlog.segmented.SegmentedRaftLogWorker.run(SegmentedRaftLogWorker.java:302)
        at app//org.apache.ratis.server.raftlog.segmented.SegmentedRaftLogWorker$$Lambda$1163/0x00007fe38071b228.run(Unknown Source)
        at java.base@17.0.11/java.util.concurrent.Executors$RunnableAdapter.call(Executors.java:539)
        at java.base@17.0.11/java.util.concurrent.FutureTask.run(FutureTask.java:264)
        at java.base@17.0.11/java.util.concurrent.ThreadPoolExecutor.runWorker(ThreadPoolExecutor.java:1136)
        at java.base@17.0.11/java.util.concurrent.ThreadPoolExecutor$Worker.run(ThreadPoolExecutor.java:635)
        at java.base@17.0.11/java.lang.Thread.run(Thread.java:840)
"IPC Server handler 31 on default port 15001" daemon prio=5 tid=190 timed_waiting
java.lang.Thread.State: TIMED_WAITING
        at java.base@17.0.11/jdk.internal.misc.Unsafe.park(Native Method)
        at java.base@17.0.11/java.util.concurrent.locks.LockSupport.parkNanos(LockSupport.java:252)
        at java.base@17.0.11/java.util.concurrent.locks.AbstractQueuedSynchronizer$ConditionObject.awaitNanos(AbstractQueuedSynchronizer.java:1674)
        at java.base@17.0.11/java.util.concurrent.LinkedBlockingQueue.poll(LinkedBlockingQueue.java:460)
        at app//org.apache.hadoop.ipc.CallQueueManager.take(CallQueueManager.java:317)
        at app//org.apache.hadoop.ipc.Server$Handler.run(Server.java:3014)
"4f6a4ba8-7237-4720-8e71-4cf4f347a525-impl-thread1"  prio=5 tid=494 timed_waiting
java.lang.Thread.State: TIMED_WAITING
        at java.base@17.0.11/jdk.internal.misc.Unsafe.park(Native Method)
        at java.base@17.0.11/java.util.concurrent.locks.LockSupport.parkNanos(LockSupport.java:252)
        at java.base@17.0.11/java.util.concurrent.SynchronousQueue$TransferStack.transfer(SynchronousQueue.java:401)
        at java.base@17.0.11/java.util.concurrent.SynchronousQueue.poll(SynchronousQueue.java:903)
        at java.base@17.0.11/java.util.concurrent.ThreadPoolExecutor.getTask(ThreadPoolExecutor.java:1061)
        at java.base@17.0.11/java.util.concurrent.ThreadPoolExecutor.runWorker(ThreadPoolExecutor.java:1122)
        at java.base@17.0.11/java.util.concurrent.ThreadPoolExecutor$Worker.run(ThreadPoolExecutor.java:635)
        at java.base@17.0.11/java.lang.Thread.run(Thread.java:840)
"qtp1038401449-504" daemon prio=5 tid=504 timed_waiting
java.lang.Thread.State: TIMED_WAITING
        at java.base@17.0.11/jdk.internal.misc.Unsafe.park(Native Method)
        at java.base@17.0.11/java.util.concurrent.locks.LockSupport.parkNanos(LockSupport.java:252)
        at java.base@17.0.11/java.util.concurrent.locks.AbstractQueuedSynchronizer$ConditionObject.awaitNanos(AbstractQueuedSynchronizer.java:1674)
        at app//org.eclipse.jetty.util.BlockingArrayQueue.poll(BlockingArrayQueue.java:382)
        at app//org.eclipse.jetty.util.thread.QueuedThreadPool$Runner.idleJobPoll(QueuedThreadPool.java:974)
        at app//org.eclipse.jetty.util.thread.QueuedThreadPool$Runner.run(QueuedThreadPool.java:1018)
        at java.base@17.0.11/java.lang.Thread.run(Thread.java:840)
"IPC Server handler 50 on default port 15001" daemon prio=5 tid=209 timed_waiting
java.lang.Thread.State: TIMED_WAITING
        at java.base@17.0.11/jdk.internal.misc.Unsafe.park(Native Method)
        at java.base@17.0.11/java.util.concurrent.locks.LockSupport.parkNanos(LockSupport.java:252)
        at java.base@17.0.11/java.util.concurrent.locks.AbstractQueuedSynchronizer$ConditionObject.awaitNanos(AbstractQueuedSynchronizer.java:1674)
        at java.base@17.0.11/java.util.concurrent.LinkedBlockingQueue.poll(LinkedBlockingQueue.java:460)
        at app//org.apache.hadoop.ipc.CallQueueManager.take(CallQueueManager.java:317)
        at app//org.apache.hadoop.ipc.Server$Handler.run(Server.java:3014)
"IPC Server idle connection scanner for port 15019" daemon prio=5 tid=481 timed_waiting
java.lang.Thread.State: TIMED_WAITING
        at java.base@17.0.11/java.lang.Object.wait(Native Method)
        at java.base@17.0.11/java.util.TimerThread.mainLoop(Timer.java:563)
        at java.base@17.0.11/java.util.TimerThread.run(Timer.java:516)
"IPC Server handler 6 on default port 15002" daemon prio=5 tid=265 timed_waiting
java.lang.Thread.State: TIMED_WAITING
        at java.base@17.0.11/jdk.internal.misc.Unsafe.park(Native Method)
        at java.base@17.0.11/java.util.concurrent.locks.LockSupport.parkNanos(LockSupport.java:252)
        at java.base@17.0.11/java.util.concurrent.locks.AbstractQueuedSynchronizer$ConditionObject.awaitNanos(AbstractQueuedSynchronizer.java:1674)
        at java.base@17.0.11/java.util.concurrent.LinkedBlockingQueue.poll(LinkedBlockingQueue.java:460)
        at app//org.apache.hadoop.ipc.CallQueueManager.take(CallQueueManager.java:317)
        at app//org.apache.hadoop.ipc.Server$Handler.run(Server.java:3014)
"4f6a4ba8-7237-4720-8e71-4cf4f347a525@group-D141C8AEF8DE-SegmentedRaftLogWorker" daemon prio=5 tid=646 timed_waiting
java.lang.Thread.State: TIMED_WAITING
        at java.base@17.0.11/jdk.internal.misc.Unsafe.park(Native Method)
        at java.base@17.0.11/java.util.concurrent.locks.LockSupport.parkNanos(LockSupport.java:252)
        at java.base@17.0.11/java.util.concurrent.locks.AbstractQueuedSynchronizer$ConditionObject.awaitNanos(AbstractQueuedSynchronizer.java:1674)
        at app//org.apache.ratis.util.DataBlockingQueue.poll(DataBlockingQueue.java:148)
        at app//org.apache.ratis.server.raftlog.segmented.SegmentedRaftLogWorker.run(SegmentedRaftLogWorker.java:302)
        at app//org.apache.ratis.server.raftlog.segmented.SegmentedRaftLogWorker$$Lambda$1163/0x00007fe38071b228.run(Unknown Source)
        at java.base@17.0.11/java.util.concurrent.Executors$RunnableAdapter.call(Executors.java:539)
        at java.base@17.0.11/java.util.concurrent.FutureTask.run(FutureTask.java:264)
        at java.base@17.0.11/java.util.concurrent.ThreadPoolExecutor.runWorker(ThreadPoolExecutor.java:1136)
        at java.base@17.0.11/java.util.concurrent.ThreadPoolExecutor$Worker.run(ThreadPoolExecutor.java:635)
        at java.base@17.0.11/java.lang.Thread.run(Thread.java:840)
"IPC Server handler 28 on default port 15002" daemon prio=5 tid=287 timed_waiting
java.lang.Thread.State: TIMED_WAITING
        at java.base@17.0.11/jdk.internal.misc.Unsafe.park(Native Method)
        at java.base@17.0.11/java.util.concurrent.locks.LockSupport.parkNanos(LockSupport.java:252)
        at java.base@17.0.11/java.util.concurrent.locks.AbstractQueuedSynchronizer$ConditionObject.awaitNanos(AbstractQueuedSynchronizer.java:1674)
        at java.base@17.0.11/java.util.concurrent.LinkedBlockingQueue.poll(LinkedBlockingQueue.java:460)
        at app//org.apache.hadoop.ipc.CallQueueManager.take(CallQueueManager.java:317)
        at app//org.apache.hadoop.ipc.Server$Handler.run(Server.java:3014)
"junit-jupiter-timeout-watcher"  prio=10 tid=687 timed_waiting
java.lang.Thread.State: TIMED_WAITING
        at java.base@17.0.11/jdk.internal.misc.Unsafe.park(Native Method)
        at java.base@17.0.11/java.util.concurrent.locks.LockSupport.parkNanos(LockSupport.java:252)
        at java.base@17.0.11/java.util.concurrent.locks.AbstractQueuedSynchronizer$ConditionObject.awaitNanos(AbstractQueuedSynchronizer.java:1674)
        at java.base@17.0.11/java.util.concurrent.ScheduledThreadPoolExecutor$DelayedWorkQueue.take(ScheduledThreadPoolExecutor.java:1182)
        at java.base@17.0.11/java.util.concurrent.ScheduledThreadPoolExecutor$DelayedWorkQueue.take(ScheduledThreadPoolExecutor.java:899)
        at java.base@17.0.11/java.util.concurrent.ThreadPoolExecutor.getTask(ThreadPoolExecutor.java:1062)
        at java.base@17.0.11/java.util.concurrent.ThreadPoolExecutor.runWorker(ThreadPoolExecutor.java:1122)
        at java.base@17.0.11/java.util.concurrent.ThreadPoolExecutor$Worker.run(ThreadPoolExecutor.java:635)
        at java.base@17.0.11/java.lang.Thread.run(Thread.java:840)
"IPC Server handler 6 on default port 15004" daemon prio=5 tid=421 timed_waiting
java.lang.Thread.State: TIMED_WAITING
        at java.base@17.0.11/jdk.internal.misc.Unsafe.park(Native Method)
        at java.base@17.0.11/java.util.concurrent.locks.LockSupport.parkNanos(LockSupport.java:252)
        at java.base@17.0.11/java.util.concurrent.locks.AbstractQueuedSynchronizer$ConditionObject.awaitNanos(AbstractQueuedSynchronizer.java:1674)
        at java.base@17.0.11/java.util.concurrent.LinkedBlockingQueue.poll(LinkedBlockingQueue.java:460)
        at app//org.apache.hadoop.ipc.CallQueueManager.take(CallQueueManager.java:317)
        at app//org.apache.hadoop.ipc.Server$Handler.run(Server.java:3014)
"IPC Server handler 61 on default port 15001" daemon prio=5 tid=220 timed_waiting
java.lang.Thread.State: TIMED_WAITING
        at java.base@17.0.11/jdk.internal.misc.Unsafe.park(Native Method)
        at java.base@17.0.11/java.util.concurrent.locks.LockSupport.parkNanos(LockSupport.java:252)
        at java.base@17.0.11/java.util.concurrent.locks.AbstractQueuedSynchronizer$ConditionObject.awaitNanos(AbstractQueuedSynchronizer.java:1674)
        at java.base@17.0.11/java.util.concurrent.LinkedBlockingQueue.poll(LinkedBlockingQueue.java:460)
        at app//org.apache.hadoop.ipc.CallQueueManager.take(CallQueueManager.java:317)
        at app//org.apache.hadoop.ipc.Server$Handler.run(Server.java:3014)
"IPC Server handler 69 on default port 15001" daemon prio=5 tid=228 timed_waiting
java.lang.Thread.State: TIMED_WAITING
        at java.base@17.0.11/jdk.internal.misc.Unsafe.park(Native Method)
        at java.base@17.0.11/java.util.concurrent.locks.LockSupport.parkNanos(LockSupport.java:252)
        at java.base@17.0.11/java.util.concurrent.locks.AbstractQueuedSynchronizer$ConditionObject.awaitNanos(AbstractQueuedSynchronizer.java:1674)
        at java.base@17.0.11/java.util.concurrent.LinkedBlockingQueue.poll(LinkedBlockingQueue.java:460)
        at app//org.apache.hadoop.ipc.CallQueueManager.take(CallQueueManager.java:317)
        at app//org.apache.hadoop.ipc.Server$Handler.run(Server.java:3014)
"IPC Server handler 11 on default port 15004" daemon prio=5 tid=426 timed_waiting
java.lang.Thread.State: TIMED_WAITING
        at java.base@17.0.11/jdk.internal.misc.Unsafe.park(Native Method)
        at java.base@17.0.11/java.util.concurrent.locks.LockSupport.parkNanos(LockSupport.java:252)
        at java.base@17.0.11/java.util.concurrent.locks.AbstractQueuedSynchronizer$ConditionObject.awaitNanos(AbstractQueuedSynchronizer.java:1674)
        at java.base@17.0.11/java.util.concurrent.LinkedBlockingQueue.poll(LinkedBlockingQueue.java:460)
        at app//org.apache.hadoop.ipc.CallQueueManager.take(CallQueueManager.java:317)
        at app//org.apache.hadoop.ipc.Server$Handler.run(Server.java:3014)
"IPC Server idle connection scanner for port 15002" daemon prio=5 tid=35 timed_waiting
java.lang.Thread.State: TIMED_WAITING
        at java.base@17.0.11/java.lang.Object.wait(Native Method)
        at java.base@17.0.11/java.util.TimerThread.mainLoop(Timer.java:563)
        at java.base@17.0.11/java.util.TimerThread.run(Timer.java:516)
"IPC Server handler 46 on default port 15000" daemon prio=5 tid=105 timed_waiting
java.lang.Thread.State: TIMED_WAITING
        at java.base@17.0.11/jdk.internal.misc.Unsafe.park(Native Method)
        at java.base@17.0.11/java.util.concurrent.locks.LockSupport.parkNanos(LockSupport.java:252)
        at java.base@17.0.11/java.util.concurrent.locks.AbstractQueuedSynchronizer$ConditionObject.awaitNanos(AbstractQueuedSynchronizer.java:1674)
        at java.base@17.0.11/java.util.concurrent.LinkedBlockingQueue.poll(LinkedBlockingQueue.java:460)
        at app//org.apache.hadoop.ipc.CallQueueManager.take(CallQueueManager.java:317)
        at app//org.apache.hadoop.ipc.Server$Handler.run(Server.java:3014)
"grpc-default-executor-1" daemon prio=5 tid=631 timed_waiting
java.lang.Thread.State: TIMED_WAITING
        at java.base@17.0.11/jdk.internal.misc.Unsafe.park(Native Method)
        at java.base@17.0.11/java.util.concurrent.locks.LockSupport.parkNanos(LockSupport.java:252)
        at java.base@17.0.11/java.util.concurrent.SynchronousQueue$TransferStack.transfer(SynchronousQueue.java:401)
        at java.base@17.0.11/java.util.concurrent.SynchronousQueue.poll(SynchronousQueue.java:903)
        at java.base@17.0.11/java.util.concurrent.ThreadPoolExecutor.getTask(ThreadPoolExecutor.java:1061)
        at java.base@17.0.11/java.util.concurrent.ThreadPoolExecutor.runWorker(ThreadPoolExecutor.java:1122)
        at java.base@17.0.11/java.util.concurrent.ThreadPoolExecutor$Worker.run(ThreadPoolExecutor.java:635)
        at java.base@17.0.11/java.lang.Thread.run(Thread.java:840)
"IPC Server listener on 15010" daemon prio=5 tid=450 runnable
java.lang.Thread.State: RUNNABLE
        at java.base@17.0.11/sun.nio.ch.EPoll.wait(Native Method)
        at java.base@17.0.11/sun.nio.ch.EPollSelectorImpl.doSelect(EPollSelectorImpl.java:118)
        at java.base@17.0.11/sun.nio.ch.SelectorImpl.lockAndDoSelect(SelectorImpl.java:129)
        at java.base@17.0.11/sun.nio.ch.SelectorImpl.select(SelectorImpl.java:146)
        at app//org.apache.hadoop.ipc.Server$Listener.run(Server.java:1408)
"IPC Server handler 21 on default port 15001" daemon prio=5 tid=180 timed_waiting
java.lang.Thread.State: TIMED_WAITING
        at java.base@17.0.11/jdk.internal.misc.Unsafe.park(Native Method)
        at java.base@17.0.11/java.util.concurrent.locks.LockSupport.parkNanos(LockSupport.java:252)
        at java.base@17.0.11/java.util.concurrent.locks.AbstractQueuedSynchronizer$ConditionObject.awaitNanos(AbstractQueuedSynchronizer.java:1674)
        at java.base@17.0.11/java.util.concurrent.LinkedBlockingQueue.poll(LinkedBlockingQueue.java:460)
        at app//org.apache.hadoop.ipc.CallQueueManager.take(CallQueueManager.java:317)
        at app//org.apache.hadoop.ipc.Server$Handler.run(Server.java:3014)
"Session-HouseKeeper-6f2a1ff0-1"  prio=5 tid=371 timed_waiting
java.lang.Thread.State: TIMED_WAITING
        at java.base@17.0.11/jdk.internal.misc.Unsafe.park(Native Method)
        at java.base@17.0.11/java.util.concurrent.locks.LockSupport.parkNanos(LockSupport.java:252)
        at java.base@17.0.11/java.util.concurrent.locks.AbstractQueuedSynchronizer$ConditionObject.awaitNanos(AbstractQueuedSynchronizer.java:1674)
        at java.base@17.0.11/java.util.concurrent.ScheduledThreadPoolExecutor$DelayedWorkQueue.take(ScheduledThreadPoolExecutor.java:1182)
        at java.base@17.0.11/java.util.concurrent.ScheduledThreadPoolExecutor$DelayedWorkQueue.take(ScheduledThreadPoolExecutor.java:899)
        at java.base@17.0.11/java.util.concurrent.ThreadPoolExecutor.getTask(ThreadPoolExecutor.java:1062)
        at java.base@17.0.11/java.util.concurrent.ThreadPoolExecutor.runWorker(ThreadPoolExecutor.java:1122)
        at java.base@17.0.11/java.util.concurrent.ThreadPoolExecutor$Worker.run(ThreadPoolExecutor.java:635)
        at java.base@17.0.11/java.lang.Thread.run(Thread.java:840)
"prometheus" daemon prio=5 tid=372 in Object.wait()
java.lang.Thread.State: WAITING (on object monitor)
        at java.base@17.0.11/java.lang.Object.wait(Native Method)
        at java.base@17.0.11/java.lang.Object.wait(Object.java:338)
        at app//org.apache.hadoop.metrics2.impl.SinkQueue.waitForData(SinkQueue.java:114)
        at app//org.apache.hadoop.metrics2.impl.SinkQueue.consumeAll(SinkQueue.java:83)
        at app//org.apache.hadoop.metrics2.impl.MetricsSinkAdapter.publishMetricsFromQueue(MetricsSinkAdapter.java:135)
        at app//org.apache.hadoop.metrics2.impl.MetricsSinkAdapter$1.run(MetricsSinkAdapter.java:89)
"ContainerDataScanner(/home/runner/work/ozone/ozone/hadoop-ozone/integration-test/target/test-dir/MiniOzoneClusterImpl-1f81da03-70dc-44ad-8558-5c969ee5b37a/ozone-meta/datanode-3/data-0/hdds)" daemon prio=5 tid=564 timed_waiting
java.lang.Thread.State: TIMED_WAITING
        at java.base@17.0.11/java.lang.Thread.sleep(Native Method)
        at app//org.apache.hadoop.ozone.container.ozoneimpl.AbstractBackgroundContainerScanner.handleRemainingSleep(AbstractBackgroundContainerScanner.java:131)
        at app//org.apache.hadoop.ozone.container.ozoneimpl.AbstractBackgroundContainerScanner.runIteration(AbstractBackgroundContainerScanner.java:98)
        at app//org.apache.hadoop.ozone.container.ozoneimpl.AbstractBackgroundContainerScanner.run(AbstractBackgroundContainerScanner.java:57)
"Timer for 'StorageContainerManager' metrics system" daemon prio=5 tid=58 timed_waiting
java.lang.Thread.State: TIMED_WAITING
        at java.base@17.0.11/java.lang.Object.wait(Native Method)
        at java.base@17.0.11/java.util.TimerThread.mainLoop(Timer.java:563)
        at java.base@17.0.11/java.util.TimerThread.run(Timer.java:516)
"IPC Server handler 79 on default port 15000" daemon prio=5 tid=138 timed_waiting
java.lang.Thread.State: TIMED_WAITING
        at java.base@17.0.11/jdk.internal.misc.Unsafe.park(Native Method)
        at java.base@17.0.11/java.util.concurrent.locks.LockSupport.parkNanos(LockSupport.java:252)
        at java.base@17.0.11/java.util.concurrent.locks.AbstractQueuedSynchronizer$ConditionObject.awaitNanos(AbstractQueuedSynchronizer.java:1674)
        at java.base@17.0.11/java.util.concurrent.LinkedBlockingQueue.poll(LinkedBlockingQueue.java:460)
        at app//org.apache.hadoop.ipc.CallQueueManager.take(CallQueueManager.java:317)
        at app//org.apache.hadoop.ipc.Server$Handler.run(Server.java:3014)
"e7fccb5b-6f4b-4a5d-93b5-abfcbb2ccb85@group-024A386BB799-cacheEviction-AwaitToRun" daemon prio=5 tid=584 in Object.wait()
java.lang.Thread.State: WAITING (on object monitor)
        at java.base@17.0.11/jdk.internal.misc.Unsafe.park(Native Method)
        at java.base@17.0.11/java.util.concurrent.locks.LockSupport.park(LockSupport.java:341)
        at java.base@17.0.11/java.util.concurrent.locks.AbstractQueuedSynchronizer$ConditionNode.block(AbstractQueuedSynchronizer.java:506)
        at java.base@17.0.11/java.util.concurrent.ForkJoinPool.unmanagedBlock(ForkJoinPool.java:3465)
        at java.base@17.0.11/java.util.concurrent.ForkJoinPool.managedBlock(ForkJoinPool.java:3436)
        at java.base@17.0.11/java.util.concurrent.locks.AbstractQueuedSynchronizer$ConditionObject.await(AbstractQueuedSynchronizer.java:1625)
        at app//org.apache.ratis.util.AwaitForSignal.await(AwaitForSignal.java:48)
        at app//org.apache.ratis.util.AwaitToRun$RunnableImpl.run(AwaitToRun.java:47)
        at java.base@17.0.11/java.lang.Thread.run(Thread.java:840)
"IPC Server handler 70 on default port 15000" daemon prio=5 tid=129 timed_waiting
java.lang.Thread.State: TIMED_WAITING
        at java.base@17.0.11/jdk.internal.misc.Unsafe.park(Native Method)
        at java.base@17.0.11/java.util.concurrent.locks.LockSupport.parkNanos(LockSupport.java:252)
        at java.base@17.0.11/java.util.concurrent.locks.AbstractQueuedSynchronizer$ConditionObject.awaitNanos(AbstractQueuedSynchronizer.java:1674)
        at java.base@17.0.11/java.util.concurrent.LinkedBlockingQueue.poll(LinkedBlockingQueue.java:460)
        at app//org.apache.hadoop.ipc.CallQueueManager.take(CallQueueManager.java:317)
        at app//org.apache.hadoop.ipc.Server$Handler.run(Server.java:3014)
"4f6a4ba8-7237-4720-8e71-4cf4f347a525-DatanodeReportManager-2" daemon prio=5 tid=515 in Object.wait()
java.lang.Thread.State: WAITING (on object monitor)
        at java.base@17.0.11/jdk.internal.misc.Unsafe.park(Native Method)
        at java.base@17.0.11/java.util.concurrent.locks.LockSupport.park(LockSupport.java:341)
        at java.base@17.0.11/java.util.concurrent.locks.AbstractQueuedSynchronizer$ConditionNode.block(AbstractQueuedSynchronizer.java:506)
        at java.base@17.0.11/java.util.concurrent.ForkJoinPool.unmanagedBlock(ForkJoinPool.java:3465)
        at java.base@17.0.11/java.util.concurrent.ForkJoinPool.managedBlock(ForkJoinPool.java:3436)
        at java.base@17.0.11/java.util.concurrent.locks.AbstractQueuedSynchronizer$ConditionObject.await(AbstractQueuedSynchronizer.java:1625)
        at java.base@17.0.11/java.util.concurrent.ScheduledThreadPoolExecutor$DelayedWorkQueue.take(ScheduledThreadPoolExecutor.java:1177)
        at java.base@17.0.11/java.util.concurrent.ScheduledThreadPoolExecutor$DelayedWorkQueue.take(ScheduledThreadPoolExecutor.java:899)
        at java.base@17.0.11/java.util.concurrent.ThreadPoolExecutor.getTask(ThreadPoolExecutor.java:1062)
        at java.base@17.0.11/java.util.concurrent.ThreadPoolExecutor.runWorker(ThreadPoolExecutor.java:1122)
        at java.base@17.0.11/java.util.concurrent.ThreadPoolExecutor$Worker.run(ThreadPoolExecutor.java:635)
        at java.base@17.0.11/java.lang.Thread.run(Thread.java:840)
"IPC Server handler 2 on default port 15002" daemon prio=5 tid=261 timed_waiting
java.lang.Thread.State: TIMED_WAITING
        at java.base@17.0.11/jdk.internal.misc.Unsafe.park(Native Method)
        at java.base@17.0.11/java.util.concurrent.locks.LockSupport.parkNanos(LockSupport.java:252)
        at java.base@17.0.11/java.util.concurrent.locks.AbstractQueuedSynchronizer$ConditionObject.awaitNanos(AbstractQueuedSynchronizer.java:1674)
        at java.base@17.0.11/java.util.concurrent.LinkedBlockingQueue.poll(LinkedBlockingQueue.java:460)
        at app//org.apache.hadoop.ipc.CallQueueManager.take(CallQueueManager.java:317)
        at app//org.apache.hadoop.ipc.Server$Handler.run(Server.java:3014)
"ForkJoinPool.commonPool-worker-3" daemon prio=5 tid=23 in Object.wait()
java.lang.Thread.State: WAITING (on object monitor)
        at java.base@17.0.11/jdk.internal.misc.Unsafe.park(Native Method)
        at java.base@17.0.11/java.util.concurrent.locks.LockSupport.park(LockSupport.java:341)
        at java.base@17.0.11/java.util.concurrent.ForkJoinPool.awaitWork(ForkJoinPool.java:1724)
        at java.base@17.0.11/java.util.concurrent.ForkJoinPool.runWorker(ForkJoinPool.java:1623)
        at java.base@17.0.11/java.util.concurrent.ForkJoinWorkerThread.run(ForkJoinWorkerThread.java:165)
"IPC Server handler 38 on default port 15002" daemon prio=5 tid=297 timed_waiting
java.lang.Thread.State: TIMED_WAITING
        at java.base@17.0.11/jdk.internal.misc.Unsafe.park(Native Method)
        at java.base@17.0.11/java.util.concurrent.locks.LockSupport.parkNanos(LockSupport.java:252)
        at java.base@17.0.11/java.util.concurrent.locks.AbstractQueuedSynchronizer$ConditionObject.awaitNanos(AbstractQueuedSynchronizer.java:1674)
        at java.base@17.0.11/java.util.concurrent.LinkedBlockingQueue.poll(LinkedBlockingQueue.java:460)
        at app//org.apache.hadoop.ipc.CallQueueManager.take(CallQueueManager.java:317)
        at app//org.apache.hadoop.ipc.Server$Handler.run(Server.java:3014)
"IPC Server handler 13 on default port 15002" daemon prio=5 tid=272 timed_waiting
java.lang.Thread.State: TIMED_WAITING
        at java.base@17.0.11/jdk.internal.misc.Unsafe.park(Native Method)
        at java.base@17.0.11/java.util.concurrent.locks.LockSupport.parkNanos(LockSupport.java:252)
        at java.base@17.0.11/java.util.concurrent.locks.AbstractQueuedSynchronizer$ConditionObject.awaitNanos(AbstractQueuedSynchronizer.java:1674)
        at java.base@17.0.11/java.util.concurrent.LinkedBlockingQueue.poll(LinkedBlockingQueue.java:460)
        at app//org.apache.hadoop.ipc.CallQueueManager.take(CallQueueManager.java:317)
        at app//org.apache.hadoop.ipc.Server$Handler.run(Server.java:3014)
"IPC Server handler 65 on default port 15002" daemon prio=5 tid=324 timed_waiting
java.lang.Thread.State: TIMED_WAITING
        at java.base@17.0.11/jdk.internal.misc.Unsafe.park(Native Method)
        at java.base@17.0.11/java.util.concurrent.locks.LockSupport.parkNanos(LockSupport.java:252)
        at java.base@17.0.11/java.util.concurrent.locks.AbstractQueuedSynchronizer$ConditionObject.awaitNanos(AbstractQueuedSynchronizer.java:1674)
        at java.base@17.0.11/java.util.concurrent.LinkedBlockingQueue.poll(LinkedBlockingQueue.java:460)
        at app//org.apache.hadoop.ipc.CallQueueManager.take(CallQueueManager.java:317)
        at app//org.apache.hadoop.ipc.Server$Handler.run(Server.java:3014)
"IPC Server handler 23 on default port 15002" daemon prio=5 tid=282 timed_waiting
java.lang.Thread.State: TIMED_WAITING
        at java.base@17.0.11/jdk.internal.misc.Unsafe.park(Native Method)
        at java.base@17.0.11/java.util.concurrent.locks.LockSupport.parkNanos(LockSupport.java:252)
        at java.base@17.0.11/java.util.concurrent.locks.AbstractQueuedSynchronizer$ConditionObject.awaitNanos(AbstractQueuedSynchronizer.java:1674)
        at java.base@17.0.11/java.util.concurrent.LinkedBlockingQueue.poll(LinkedBlockingQueue.java:460)
        at app//org.apache.hadoop.ipc.CallQueueManager.take(CallQueueManager.java:317)
        at app//org.apache.hadoop.ipc.Server$Handler.run(Server.java:3014)
"IPC Server handler 64 on default port 15001" daemon prio=5 tid=223 timed_waiting
java.lang.Thread.State: TIMED_WAITING
        at java.base@17.0.11/jdk.internal.misc.Unsafe.park(Native Method)
        at java.base@17.0.11/java.util.concurrent.locks.LockSupport.parkNanos(LockSupport.java:252)
        at java.base@17.0.11/java.util.concurrent.locks.AbstractQueuedSynchronizer$ConditionObject.awaitNanos(AbstractQueuedSynchronizer.java:1674)
        at java.base@17.0.11/java.util.concurrent.LinkedBlockingQueue.poll(LinkedBlockingQueue.java:460)
        at app//org.apache.hadoop.ipc.CallQueueManager.take(CallQueueManager.java:317)
        at app//org.apache.hadoop.ipc.Server$Handler.run(Server.java:3014)
"IPC Server handler 21 on default port 15002" daemon prio=5 tid=280 timed_waiting
java.lang.Thread.State: TIMED_WAITING
        at java.base@17.0.11/jdk.internal.misc.Unsafe.park(Native Method)
        at java.base@17.0.11/java.util.concurrent.locks.LockSupport.parkNanos(LockSupport.java:252)
        at java.base@17.0.11/java.util.concurrent.locks.AbstractQueuedSynchronizer$ConditionObject.awaitNanos(AbstractQueuedSynchronizer.java:1674)
        at java.base@17.0.11/java.util.concurrent.LinkedBlockingQueue.poll(LinkedBlockingQueue.java:460)
        at app//org.apache.hadoop.ipc.CallQueueManager.take(CallQueueManager.java:317)
        at app//org.apache.hadoop.ipc.Server$Handler.run(Server.java:3014)
"IPC Server handler 33 on default port 15000" daemon prio=5 tid=92 timed_waiting
java.lang.Thread.State: TIMED_WAITING
        at java.base@17.0.11/jdk.internal.misc.Unsafe.park(Native Method)
        at java.base@17.0.11/java.util.concurrent.locks.LockSupport.parkNanos(LockSupport.java:252)
        at java.base@17.0.11/java.util.concurrent.locks.AbstractQueuedSynchronizer$ConditionObject.awaitNanos(AbstractQueuedSynchronizer.java:1674)
        at java.base@17.0.11/java.util.concurrent.LinkedBlockingQueue.poll(LinkedBlockingQueue.java:460)
        at app//org.apache.hadoop.ipc.CallQueueManager.take(CallQueueManager.java:317)
        at app//org.apache.hadoop.ipc.Server$Handler.run(Server.java:3014)
"IPC Server handler 7 on default port 15002" daemon prio=5 tid=266 timed_waiting
java.lang.Thread.State: TIMED_WAITING
        at java.base@17.0.11/jdk.internal.misc.Unsafe.park(Native Method)
        at java.base@17.0.11/java.util.concurrent.locks.LockSupport.parkNanos(LockSupport.java:252)
        at java.base@17.0.11/java.util.concurrent.locks.AbstractQueuedSynchronizer$ConditionObject.awaitNanos(AbstractQueuedSynchronizer.java:1674)
        at java.base@17.0.11/java.util.concurrent.LinkedBlockingQueue.poll(LinkedBlockingQueue.java:460)
        at app//org.apache.hadoop.ipc.CallQueueManager.take(CallQueueManager.java:317)
        at app//org.apache.hadoop.ipc.Server$Handler.run(Server.java:3014)
"CompactionDagPruningService" daemon prio=5 tid=375 timed_waiting
java.lang.Thread.State: TIMED_WAITING
        at java.base@17.0.11/jdk.internal.misc.Unsafe.park(Native Method)
        at java.base@17.0.11/java.util.concurrent.locks.LockSupport.parkNanos(LockSupport.java:252)
        at java.base@17.0.11/java.util.concurrent.locks.AbstractQueuedSynchronizer$ConditionObject.awaitNanos(AbstractQueuedSynchronizer.java:1674)
        at java.base@17.0.11/java.util.concurrent.ScheduledThreadPoolExecutor$DelayedWorkQueue.take(ScheduledThreadPoolExecutor.java:1182)
        at java.base@17.0.11/java.util.concurrent.ScheduledThreadPoolExecutor$DelayedWorkQueue.take(ScheduledThreadPoolExecutor.java:899)
        at java.base@17.0.11/java.util.concurrent.ThreadPoolExecutor.getTask(ThreadPoolExecutor.java:1062)
        at java.base@17.0.11/java.util.concurrent.ThreadPoolExecutor.runWorker(ThreadPoolExecutor.java:1122)
        at java.base@17.0.11/java.util.concurrent.ThreadPoolExecutor$Worker.run(ThreadPoolExecutor.java:635)
        at java.base@17.0.11/java.lang.Thread.run(Thread.java:840)
"IPC Server handler 66 on default port 15001" daemon prio=5 tid=225 timed_waiting
java.lang.Thread.State: TIMED_WAITING
        at java.base@17.0.11/jdk.internal.misc.Unsafe.park(Native Method)
        at java.base@17.0.11/java.util.concurrent.locks.LockSupport.parkNanos(LockSupport.java:252)
        at java.base@17.0.11/java.util.concurrent.locks.AbstractQueuedSynchronizer$ConditionObject.awaitNanos(AbstractQueuedSynchronizer.java:1674)
        at java.base@17.0.11/java.util.concurrent.LinkedBlockingQueue.poll(LinkedBlockingQueue.java:460)
        at app//org.apache.hadoop.ipc.CallQueueManager.take(CallQueueManager.java:317)
        at app//org.apache.hadoop.ipc.Server$Handler.run(Server.java:3014)
"a2876ff0-d178-48ae-a6b6-bf6963d4710d-ChunkWriter-2-0" daemon prio=5 tid=549 in Object.wait()
java.lang.Thread.State: WAITING (on object monitor)
        at java.base@17.0.11/jdk.internal.misc.Unsafe.park(Native Method)
        at java.base@17.0.11/java.util.concurrent.locks.LockSupport.park(LockSupport.java:341)
        at java.base@17.0.11/java.util.concurrent.locks.AbstractQueuedSynchronizer$ConditionNode.block(AbstractQueuedSynchronizer.java:506)
        at java.base@17.0.11/java.util.concurrent.ForkJoinPool.unmanagedBlock(ForkJoinPool.java:3465)
        at java.base@17.0.11/java.util.concurrent.ForkJoinPool.managedBlock(ForkJoinPool.java:3436)
        at java.base@17.0.11/java.util.concurrent.locks.AbstractQueuedSynchronizer$ConditionObject.await(AbstractQueuedSynchronizer.java:1625)
        at java.base@17.0.11/java.util.concurrent.LinkedBlockingDeque.takeFirst(LinkedBlockingDeque.java:485)
        at java.base@17.0.11/java.util.concurrent.LinkedBlockingDeque.take(LinkedBlockingDeque.java:673)
        at java.base@17.0.11/java.util.concurrent.ThreadPoolExecutor.getTask(ThreadPoolExecutor.java:1062)
        at java.base@17.0.11/java.util.concurrent.ThreadPoolExecutor.runWorker(ThreadPoolExecutor.java:1122)
        at java.base@17.0.11/java.util.concurrent.ThreadPoolExecutor$Worker.run(ThreadPoolExecutor.java:635)
        at java.base@17.0.11/java.lang.Thread.run(Thread.java:840)
"IPC Server handler 72 on default port 15002" daemon prio=5 tid=331 timed_waiting
java.lang.Thread.State: TIMED_WAITING
        at java.base@17.0.11/jdk.internal.misc.Unsafe.park(Native Method)
        at java.base@17.0.11/java.util.concurrent.locks.LockSupport.parkNanos(LockSupport.java:252)
        at java.base@17.0.11/java.util.concurrent.locks.AbstractQueuedSynchronizer$ConditionObject.awaitNanos(AbstractQueuedSynchronizer.java:1674)
        at java.base@17.0.11/java.util.concurrent.LinkedBlockingQueue.poll(LinkedBlockingQueue.java:460)
        at app//org.apache.hadoop.ipc.CallQueueManager.take(CallQueueManager.java:317)
        at app//org.apache.hadoop.ipc.Server$Handler.run(Server.java:3014)
"StaleRecoveringContainerScrubbingService#0" daemon prio=5 tid=554 timed_waiting
java.lang.Thread.State: TIMED_WAITING
        at java.base@17.0.11/jdk.internal.misc.Unsafe.park(Native Method)
        at java.base@17.0.11/java.util.concurrent.locks.LockSupport.parkNanos(LockSupport.java:252)
        at java.base@17.0.11/java.util.concurrent.locks.AbstractQueuedSynchronizer$ConditionObject.awaitNanos(AbstractQueuedSynchronizer.java:1674)
        at java.base@17.0.11/java.util.concurrent.ScheduledThreadPoolExecutor$DelayedWorkQueue.take(ScheduledThreadPoolExecutor.java:1182)
        at java.base@17.0.11/java.util.concurrent.ScheduledThreadPoolExecutor$DelayedWorkQueue.take(ScheduledThreadPoolExecutor.java:899)
        at java.base@17.0.11/java.util.concurrent.ThreadPoolExecutor.getTask(ThreadPoolExecutor.java:1062)
        at java.base@17.0.11/java.util.concurrent.ThreadPoolExecutor.runWorker(ThreadPoolExecutor.java:1122)
        at java.base@17.0.11/java.util.concurrent.ThreadPoolExecutor$Worker.run(ThreadPoolExecutor.java:635)
        at java.base@17.0.11/java.lang.Thread.run(Thread.java:840)
"IPC Server handler 81 on default port 15002" daemon prio=5 tid=340 timed_waiting
java.lang.Thread.State: TIMED_WAITING
        at java.base@17.0.11/jdk.internal.misc.Unsafe.park(Native Method)
        at java.base@17.0.11/java.util.concurrent.locks.LockSupport.parkNanos(LockSupport.java:252)
        at java.base@17.0.11/java.util.concurrent.locks.AbstractQueuedSynchronizer$ConditionObject.awaitNanos(AbstractQueuedSynchronizer.java:1674)
        at java.base@17.0.11/java.util.concurrent.LinkedBlockingQueue.poll(LinkedBlockingQueue.java:460)
        at app//org.apache.hadoop.ipc.CallQueueManager.take(CallQueueManager.java:317)
        at app//org.apache.hadoop.ipc.Server$Handler.run(Server.java:3014)
"qtp111131743-413" daemon prio=5 tid=413 timed_waiting
java.lang.Thread.State: TIMED_WAITING
        at java.base@17.0.11/jdk.internal.misc.Unsafe.park(Native Method)
        at java.base@17.0.11/java.util.concurrent.locks.LockSupport.parkNanos(LockSupport.java:252)
        at java.base@17.0.11/java.util.concurrent.locks.AbstractQueuedSynchronizer$ConditionObject.awaitNanos(AbstractQueuedSynchronizer.java:1674)
        at app//org.eclipse.jetty.util.BlockingArrayQueue.poll(BlockingArrayQueue.java:382)
        at app//org.eclipse.jetty.util.thread.QueuedThreadPool$Runner.idleJobPoll(QueuedThreadPool.java:974)
        at app//org.eclipse.jetty.util.thread.QueuedThreadPool$Runner.run(QueuedThreadPool.java:1018)
        at java.base@17.0.11/java.lang.Thread.run(Thread.java:840)
"IPC Server handler 75 on default port 15001" daemon prio=5 tid=234 timed_waiting
java.lang.Thread.State: TIMED_WAITING
        at java.base@17.0.11/jdk.internal.misc.Unsafe.park(Native Method)
        at java.base@17.0.11/java.util.concurrent.locks.LockSupport.parkNanos(LockSupport.java:252)
        at java.base@17.0.11/java.util.concurrent.locks.AbstractQueuedSynchronizer$ConditionObject.awaitNanos(AbstractQueuedSynchronizer.java:1674)
        at java.base@17.0.11/java.util.concurrent.LinkedBlockingQueue.poll(LinkedBlockingQueue.java:460)
        at app//org.apache.hadoop.ipc.CallQueueManager.take(CallQueueManager.java:317)
        at app//org.apache.hadoop.ipc.Server$Handler.run(Server.java:3014)
"IPC Server handler 93 on default port 15001" daemon prio=5 tid=252 timed_waiting
java.lang.Thread.State: TIMED_WAITING
        at java.base@17.0.11/jdk.internal.misc.Unsafe.park(Native Method)
        at java.base@17.0.11/java.util.concurrent.locks.LockSupport.parkNanos(LockSupport.java:252)
        at java.base@17.0.11/java.util.concurrent.locks.AbstractQueuedSynchronizer$ConditionObject.awaitNanos(AbstractQueuedSynchronizer.java:1674)
        at java.base@17.0.11/java.util.concurrent.LinkedBlockingQueue.poll(LinkedBlockingQueue.java:460)
        at app//org.apache.hadoop.ipc.CallQueueManager.take(CallQueueManager.java:317)
        at app//org.apache.hadoop.ipc.Server$Handler.run(Server.java:3014)
"IPC Server handler 66 on default port 15002" daemon prio=5 tid=325 timed_waiting
java.lang.Thread.State: TIMED_WAITING
        at java.base@17.0.11/jdk.internal.misc.Unsafe.park(Native Method)
        at java.base@17.0.11/java.util.concurrent.locks.LockSupport.parkNanos(LockSupport.java:252)
        at java.base@17.0.11/java.util.concurrent.locks.AbstractQueuedSynchronizer$ConditionObject.awaitNanos(AbstractQueuedSynchronizer.java:1674)
        at java.base@17.0.11/java.util.concurrent.LinkedBlockingQueue.poll(LinkedBlockingQueue.java:460)
        at app//org.apache.hadoop.ipc.CallQueueManager.take(CallQueueManager.java:317)
        at app//org.apache.hadoop.ipc.Server$Handler.run(Server.java:3014)
"IPC Server handler 7 on default port 15004" daemon prio=5 tid=422 timed_waiting
java.lang.Thread.State: TIMED_WAITING
        at java.base@17.0.11/jdk.internal.misc.Unsafe.park(Native Method)
        at java.base@17.0.11/java.util.concurrent.locks.LockSupport.parkNanos(LockSupport.java:252)
        at java.base@17.0.11/java.util.concurrent.locks.AbstractQueuedSynchronizer$ConditionObject.awaitNanos(AbstractQueuedSynchronizer.java:1674)
        at java.base@17.0.11/java.util.concurrent.LinkedBlockingQueue.poll(LinkedBlockingQueue.java:460)
        at app//org.apache.hadoop.ipc.CallQueueManager.take(CallQueueManager.java:317)
        at app//org.apache.hadoop.ipc.Server$Handler.run(Server.java:3014)
"IPC Server handler 3 on default port 15001" daemon prio=5 tid=162 timed_waiting
java.lang.Thread.State: TIMED_WAITING
        at java.base@17.0.11/jdk.internal.misc.Unsafe.park(Native Method)
        at java.base@17.0.11/java.util.concurrent.locks.LockSupport.parkNanos(LockSupport.java:252)
        at java.base@17.0.11/java.util.concurrent.locks.AbstractQueuedSynchronizer$ConditionObject.awaitNanos(AbstractQueuedSynchronizer.java:1674)
        at java.base@17.0.11/java.util.concurrent.LinkedBlockingQueue.poll(LinkedBlockingQueue.java:460)
        at app//org.apache.hadoop.ipc.CallQueueManager.take(CallQueueManager.java:317)
        at app//org.apache.hadoop.ipc.Server$Handler.run(Server.java:3014)
"IPC Server handler 0 on default port 15001" daemon prio=5 tid=159 timed_waiting
java.lang.Thread.State: TIMED_WAITING
        at java.base@17.0.11/jdk.internal.misc.Unsafe.park(Native Method)
        at java.base@17.0.11/java.util.concurrent.locks.LockSupport.parkNanos(LockSupport.java:252)
        at java.base@17.0.11/java.util.concurrent.locks.AbstractQueuedSynchronizer$ConditionObject.awaitNanos(AbstractQueuedSynchronizer.java:1674)
        at java.base@17.0.11/java.util.concurrent.LinkedBlockingQueue.poll(LinkedBlockingQueue.java:460)
        at app//org.apache.hadoop.ipc.CallQueueManager.take(CallQueueManager.java:317)
        at app//org.apache.hadoop.ipc.Server$Handler.run(Server.java:3014)
"org.apache.hadoop.ozone.container.common.statemachine.commandhandler.DeleteBlocksCommandHandler$DeleteCmdWorker@725645f4" daemon prio=5 tid=466 timed_waiting
java.lang.Thread.State: TIMED_WAITING
        at java.base@17.0.11/java.lang.Thread.sleep(Native Method)
        at app//org.apache.hadoop.ozone.container.common.statemachine.commandhandler.DeleteBlocksCommandHandler$DeleteCmdWorker.run(DeleteBlocksCommandHandler.java:259)
        at java.base@17.0.11/java.lang.Thread.run(Thread.java:840)
"IPC Server handler 28 on default port 15001" daemon prio=5 tid=187 timed_waiting
java.lang.Thread.State: TIMED_WAITING
        at java.base@17.0.11/jdk.internal.misc.Unsafe.park(Native Method)
        at java.base@17.0.11/java.util.concurrent.locks.LockSupport.parkNanos(LockSupport.java:252)
        at java.base@17.0.11/java.util.concurrent.locks.AbstractQueuedSynchronizer$ConditionObject.awaitNanos(AbstractQueuedSynchronizer.java:1674)
        at java.base@17.0.11/java.util.concurrent.LinkedBlockingQueue.poll(LinkedBlockingQueue.java:460)
        at app//org.apache.hadoop.ipc.CallQueueManager.take(CallQueueManager.java:317)
        at app//org.apache.hadoop.ipc.Server$Handler.run(Server.java:3014)
"om1-KeyDeletingService#0" daemon prio=5 tid=398 timed_waiting
java.lang.Thread.State: TIMED_WAITING
        at java.base@17.0.11/jdk.internal.misc.Unsafe.park(Native Method)
        at java.base@17.0.11/java.util.concurrent.locks.LockSupport.parkNanos(LockSupport.java:252)
        at java.base@17.0.11/java.util.concurrent.locks.AbstractQueuedSynchronizer$ConditionObject.awaitNanos(AbstractQueuedSynchronizer.java:1674)
        at java.base@17.0.11/java.util.concurrent.ScheduledThreadPoolExecutor$DelayedWorkQueue.take(ScheduledThreadPoolExecutor.java:1182)
        at java.base@17.0.11/java.util.concurrent.ScheduledThreadPoolExecutor$DelayedWorkQueue.take(ScheduledThreadPoolExecutor.java:899)
        at java.base@17.0.11/java.util.concurrent.ThreadPoolExecutor.getTask(ThreadPoolExecutor.java:1062)
        at java.base@17.0.11/java.util.concurrent.ThreadPoolExecutor.runWorker(ThreadPoolExecutor.java:1122)
        at java.base@17.0.11/java.util.concurrent.ThreadPoolExecutor$Worker.run(ThreadPoolExecutor.java:635)
        at java.base@17.0.11/java.lang.Thread.run(Thread.java:840)
"e7fccb5b-6f4b-4a5d-93b5-abfcbb2ccb85-ChunkReader-ELG-0" daemon prio=5 tid=534 runnable
java.lang.Thread.State: RUNNABLE
        at app//org.apache.ratis.thirdparty.io.netty.channel.epoll.Native.epollWait(Native Method)
        at app//org.apache.ratis.thirdparty.io.netty.channel.epoll.Native.epollWait(Native.java:220)
        at app//org.apache.ratis.thirdparty.io.netty.channel.epoll.Native.epollWait(Native.java:213)
        at app//org.apache.ratis.thirdparty.io.netty.channel.epoll.EpollEventLoop.epollWaitNoTimerChange(EpollEventLoop.java:308)
        at app//org.apache.ratis.thirdparty.io.netty.channel.epoll.EpollEventLoop.run(EpollEventLoop.java:365)
        at app//org.apache.ratis.thirdparty.io.netty.util.concurrent.SingleThreadEventExecutor$4.run(SingleThreadEventExecutor.java:997)
        at app//org.apache.ratis.thirdparty.io.netty.util.internal.ThreadExecutorMap$2.run(ThreadExecutorMap.java:74)
        at java.base@17.0.11/java.lang.Thread.run(Thread.java:840)
"IPC Server handler 69 on default port 15002" daemon prio=5 tid=328 timed_waiting
java.lang.Thread.State: TIMED_WAITING
        at java.base@17.0.11/jdk.internal.misc.Unsafe.park(Native Method)
        at java.base@17.0.11/java.util.concurrent.locks.LockSupport.parkNanos(LockSupport.java:252)
        at java.base@17.0.11/java.util.concurrent.locks.AbstractQueuedSynchronizer$ConditionObject.awaitNanos(AbstractQueuedSynchronizer.java:1674)
        at java.base@17.0.11/java.util.concurrent.LinkedBlockingQueue.poll(LinkedBlockingQueue.java:460)
        at app//org.apache.hadoop.ipc.CallQueueManager.take(CallQueueManager.java:317)
        at app//org.apache.hadoop.ipc.Server$Handler.run(Server.java:3014)
"e7fccb5b-6f4b-4a5d-93b5-abfcbb2ccb85@group-024A386BB799-LeaderStateImpl" daemon prio=5 tid=650 timed_waiting
java.lang.Thread.State: TIMED_WAITING
        at java.base@17.0.11/jdk.internal.misc.Unsafe.park(Native Method)
        at java.base@17.0.11/java.util.concurrent.locks.LockSupport.parkNanos(LockSupport.java:252)
        at java.base@17.0.11/java.util.concurrent.locks.AbstractQueuedSynchronizer$ConditionObject.awaitNanos(AbstractQueuedSynchronizer.java:1674)
        at java.base@17.0.11/java.util.concurrent.ArrayBlockingQueue.poll(ArrayBlockingQueue.java:435)
        at app//org.apache.ratis.server.impl.LeaderStateImpl$EventQueue.poll(LeaderStateImpl.java:164)
        at app//org.apache.ratis.server.impl.LeaderStateImpl$EventProcessor.run(LeaderStateImpl.java:766)
"IPC Server handler 81 on default port 15001" daemon prio=5 tid=240 timed_waiting
java.lang.Thread.State: TIMED_WAITING
        at java.base@17.0.11/jdk.internal.misc.Unsafe.park(Native Method)
        at java.base@17.0.11/java.util.concurrent.locks.LockSupport.parkNanos(LockSupport.java:252)
        at java.base@17.0.11/java.util.concurrent.locks.AbstractQueuedSynchronizer$ConditionObject.awaitNanos(AbstractQueuedSynchronizer.java:1674)
        at java.base@17.0.11/java.util.concurrent.LinkedBlockingQueue.poll(LinkedBlockingQueue.java:460)
        at app//org.apache.hadoop.ipc.CallQueueManager.take(CallQueueManager.java:317)
        at app//org.apache.hadoop.ipc.Server$Handler.run(Server.java:3014)
"a2876ff0-d178-48ae-a6b6-bf6963d4710d@group-5BDE8CD16727-LeaderStateImpl" daemon prio=5 tid=677 timed_waiting
java.lang.Thread.State: TIMED_WAITING
        at java.base@17.0.11/jdk.internal.misc.Unsafe.park(Native Method)
        at java.base@17.0.11/java.util.concurrent.locks.LockSupport.parkNanos(LockSupport.java:252)
        at java.base@17.0.11/java.util.concurrent.locks.AbstractQueuedSynchronizer$ConditionObject.awaitNanos(AbstractQueuedSynchronizer.java:1674)
        at java.base@17.0.11/java.util.concurrent.ArrayBlockingQueue.poll(ArrayBlockingQueue.java:435)
        at app//org.apache.ratis.server.impl.LeaderStateImpl$EventQueue.poll(LeaderStateImpl.java:164)
        at app//org.apache.ratis.server.impl.LeaderStateImpl$EventProcessor.run(LeaderStateImpl.java:766)
"IPC Server handler 36 on default port 15001" daemon prio=5 tid=195 timed_waiting
java.lang.Thread.State: TIMED_WAITING
        at java.base@17.0.11/jdk.internal.misc.Unsafe.park(Native Method)
        at java.base@17.0.11/java.util.concurrent.locks.LockSupport.parkNanos(LockSupport.java:252)
        at java.base@17.0.11/java.util.concurrent.locks.AbstractQueuedSynchronizer$ConditionObject.awaitNanos(AbstractQueuedSynchronizer.java:1674)
        at java.base@17.0.11/java.util.concurrent.LinkedBlockingQueue.poll(LinkedBlockingQueue.java:460)
        at app//org.apache.hadoop.ipc.CallQueueManager.take(CallQueueManager.java:317)
        at app//org.apache.hadoop.ipc.Server$Handler.run(Server.java:3014)
"e7fccb5b-6f4b-4a5d-93b5-abfcbb2ccb85-ChunkWriter-1-0" daemon prio=5 tid=530 in Object.wait()
java.lang.Thread.State: WAITING (on object monitor)
        at java.base@17.0.11/jdk.internal.misc.Unsafe.park(Native Method)
        at java.base@17.0.11/java.util.concurrent.locks.LockSupport.park(LockSupport.java:341)
        at java.base@17.0.11/java.util.concurrent.locks.AbstractQueuedSynchronizer$ConditionNode.block(AbstractQueuedSynchronizer.java:506)
        at java.base@17.0.11/java.util.concurrent.ForkJoinPool.unmanagedBlock(ForkJoinPool.java:3465)
        at java.base@17.0.11/java.util.concurrent.ForkJoinPool.managedBlock(ForkJoinPool.java:3436)
        at java.base@17.0.11/java.util.concurrent.locks.AbstractQueuedSynchronizer$ConditionObject.await(AbstractQueuedSynchronizer.java:1625)
        at java.base@17.0.11/java.util.concurrent.LinkedBlockingDeque.takeFirst(LinkedBlockingDeque.java:485)
        at java.base@17.0.11/java.util.concurrent.LinkedBlockingDeque.take(LinkedBlockingDeque.java:673)
        at java.base@17.0.11/java.util.concurrent.ThreadPoolExecutor.getTask(ThreadPoolExecutor.java:1062)
        at java.base@17.0.11/java.util.concurrent.ThreadPoolExecutor.runWorker(ThreadPoolExecutor.java:1122)
        at java.base@17.0.11/java.util.concurrent.ThreadPoolExecutor$Worker.run(ThreadPoolExecutor.java:635)
        at java.base@17.0.11/java.lang.Thread.run(Thread.java:840)
"e7fccb5b-6f4b-4a5d-93b5-abfcbb2ccb85@group-E17A96920781-cacheEviction-AwaitToRun" daemon prio=5 tid=624 in Object.wait()
java.lang.Thread.State: WAITING (on object monitor)
        at java.base@17.0.11/jdk.internal.misc.Unsafe.park(Native Method)
        at java.base@17.0.11/java.util.concurrent.locks.LockSupport.park(LockSupport.java:341)
        at java.base@17.0.11/java.util.concurrent.locks.AbstractQueuedSynchronizer$ConditionNode.block(AbstractQueuedSynchronizer.java:506)
        at java.base@17.0.11/java.util.concurrent.ForkJoinPool.unmanagedBlock(ForkJoinPool.java:3465)
        at java.base@17.0.11/java.util.concurrent.ForkJoinPool.managedBlock(ForkJoinPool.java:3436)
        at java.base@17.0.11/java.util.concurrent.locks.AbstractQueuedSynchronizer$ConditionObject.await(AbstractQueuedSynchronizer.java:1625)
        at app//org.apache.ratis.util.AwaitForSignal.await(AwaitForSignal.java:48)
        at app//org.apache.ratis.util.AwaitToRun$RunnableImpl.run(AwaitToRun.java:47)
        at java.base@17.0.11/java.lang.Thread.run(Thread.java:840)
"IPC Server handler 47 on default port 15002" daemon prio=5 tid=306 timed_waiting
java.lang.Thread.State: TIMED_WAITING
        at java.base@17.0.11/jdk.internal.misc.Unsafe.park(Native Method)
        at java.base@17.0.11/java.util.concurrent.locks.LockSupport.parkNanos(LockSupport.java:252)
        at java.base@17.0.11/java.util.concurrent.locks.AbstractQueuedSynchronizer$ConditionObject.awaitNanos(AbstractQueuedSynchronizer.java:1674)
        at java.base@17.0.11/java.util.concurrent.LinkedBlockingQueue.poll(LinkedBlockingQueue.java:460)
        at app//org.apache.hadoop.ipc.CallQueueManager.take(CallQueueManager.java:317)
        at app//org.apache.hadoop.ipc.Server$Handler.run(Server.java:3014)
"Hadoop-Metrics-Updater-0" daemon prio=5 tid=42 timed_waiting
java.lang.Thread.State: TIMED_WAITING
        at java.base@17.0.11/jdk.internal.misc.Unsafe.park(Native Method)
        at java.base@17.0.11/java.util.concurrent.locks.LockSupport.parkNanos(LockSupport.java:252)
        at java.base@17.0.11/java.util.concurrent.locks.AbstractQueuedSynchronizer$ConditionObject.awaitNanos(AbstractQueuedSynchronizer.java:1674)
        at java.base@17.0.11/java.util.concurrent.ScheduledThreadPoolExecutor$DelayedWorkQueue.take(ScheduledThreadPoolExecutor.java:1182)
        at java.base@17.0.11/java.util.concurrent.ScheduledThreadPoolExecutor$DelayedWorkQueue.take(ScheduledThreadPoolExecutor.java:899)
        at java.base@17.0.11/java.util.concurrent.ThreadPoolExecutor.getTask(ThreadPoolExecutor.java:1062)
        at java.base@17.0.11/java.util.concurrent.ThreadPoolExecutor.runWorker(ThreadPoolExecutor.java:1122)
        at java.base@17.0.11/java.util.concurrent.ThreadPoolExecutor$Worker.run(ThreadPoolExecutor.java:635)
        at java.base@17.0.11/java.lang.Thread.run(Thread.java:840)
"IPC Server handler 24 on default port 15000" daemon prio=5 tid=83 timed_waiting
java.lang.Thread.State: TIMED_WAITING
        at java.base@17.0.11/jdk.internal.misc.Unsafe.park(Native Method)
        at java.base@17.0.11/java.util.concurrent.locks.LockSupport.parkNanos(LockSupport.java:252)
        at java.base@17.0.11/java.util.concurrent.locks.AbstractQueuedSynchronizer$ConditionObject.awaitNanos(AbstractQueuedSynchronizer.java:1674)
        at java.base@17.0.11/java.util.concurrent.LinkedBlockingQueue.poll(LinkedBlockingQueue.java:460)
        at app//org.apache.hadoop.ipc.CallQueueManager.take(CallQueueManager.java:317)
        at app//org.apache.hadoop.ipc.Server$Handler.run(Server.java:3014)
"IPC Server handler 62 on default port 15002" daemon prio=5 tid=321 timed_waiting
java.lang.Thread.State: TIMED_WAITING
        at java.base@17.0.11/jdk.internal.misc.Unsafe.park(Native Method)
        at java.base@17.0.11/java.util.concurrent.locks.LockSupport.parkNanos(LockSupport.java:252)
        at java.base@17.0.11/java.util.concurrent.locks.AbstractQueuedSynchronizer$ConditionObject.awaitNanos(AbstractQueuedSynchronizer.java:1674)
        at java.base@17.0.11/java.util.concurrent.LinkedBlockingQueue.poll(LinkedBlockingQueue.java:460)
        at app//org.apache.hadoop.ipc.CallQueueManager.take(CallQueueManager.java:317)
        at app//org.apache.hadoop.ipc.Server$Handler.run(Server.java:3014)
"4f6a4ba8-7237-4720-8e71-4cf4f347a525-ChunkWriter-2-0" daemon prio=5 tid=567 in Object.wait()
java.lang.Thread.State: WAITING (on object monitor)
        at java.base@17.0.11/jdk.internal.misc.Unsafe.park(Native Method)
        at java.base@17.0.11/java.util.concurrent.locks.LockSupport.park(LockSupport.java:341)
        at java.base@17.0.11/java.util.concurrent.locks.AbstractQueuedSynchronizer$ConditionNode.block(AbstractQueuedSynchronizer.java:506)
        at java.base@17.0.11/java.util.concurrent.ForkJoinPool.unmanagedBlock(ForkJoinPool.java:3465)
        at java.base@17.0.11/java.util.concurrent.ForkJoinPool.managedBlock(ForkJoinPool.java:3436)
        at java.base@17.0.11/java.util.concurrent.locks.AbstractQueuedSynchronizer$ConditionObject.await(AbstractQueuedSynchronizer.java:1625)
        at java.base@17.0.11/java.util.concurrent.LinkedBlockingDeque.takeFirst(LinkedBlockingDeque.java:485)
        at java.base@17.0.11/java.util.concurrent.LinkedBlockingDeque.take(LinkedBlockingDeque.java:673)
        at java.base@17.0.11/java.util.concurrent.ThreadPoolExecutor.getTask(ThreadPoolExecutor.java:1062)
        at java.base@17.0.11/java.util.concurrent.ThreadPoolExecutor.runWorker(ThreadPoolExecutor.java:1122)
        at java.base@17.0.11/java.util.concurrent.ThreadPoolExecutor$Worker.run(ThreadPoolExecutor.java:635)
        at java.base@17.0.11/java.lang.Thread.run(Thread.java:840)
"pool-110-thread-1" daemon prio=5 tid=562 timed_waiting
java.lang.Thread.State: TIMED_WAITING
        at java.base@17.0.11/jdk.internal.misc.Unsafe.park(Native Method)
        at java.base@17.0.11/java.util.concurrent.locks.LockSupport.parkNanos(LockSupport.java:252)
        at java.base@17.0.11/java.util.concurrent.locks.AbstractQueuedSynchronizer$ConditionObject.awaitNanos(AbstractQueuedSynchronizer.java:1674)
        at java.base@17.0.11/java.util.concurrent.ScheduledThreadPoolExecutor$DelayedWorkQueue.take(ScheduledThreadPoolExecutor.java:1182)
        at java.base@17.0.11/java.util.concurrent.ScheduledThreadPoolExecutor$DelayedWorkQueue.take(ScheduledThreadPoolExecutor.java:899)
        at java.base@17.0.11/java.util.concurrent.ThreadPoolExecutor.getTask(ThreadPoolExecutor.java:1062)
        at java.base@17.0.11/java.util.concurrent.ThreadPoolExecutor.runWorker(ThreadPoolExecutor.java:1122)
        at java.base@17.0.11/java.util.concurrent.ThreadPoolExecutor$Worker.run(ThreadPoolExecutor.java:635)
        at java.base@17.0.11/java.lang.Thread.run(Thread.java:840)
"grpc-default-worker-ELG-3-1" daemon prio=5 tid=593 runnable
java.lang.Thread.State: RUNNABLE
        at app//org.apache.ratis.thirdparty.io.netty.channel.epoll.Native.epollWait0(Native Method)
        at app//org.apache.ratis.thirdparty.io.netty.channel.epoll.Native.epollWait(Native.java:193)
        at app//org.apache.ratis.thirdparty.io.netty.channel.epoll.EpollEventLoop.epollWait(EpollEventLoop.java:304)
        at app//org.apache.ratis.thirdparty.io.netty.channel.epoll.EpollEventLoop.run(EpollEventLoop.java:368)
        at app//org.apache.ratis.thirdparty.io.netty.util.concurrent.SingleThreadEventExecutor$4.run(SingleThreadEventExecutor.java:997)
        at app//org.apache.ratis.thirdparty.io.netty.util.internal.ThreadExecutorMap$2.run(ThreadExecutorMap.java:74)
        at app//org.apache.ratis.thirdparty.io.netty.util.concurrent.FastThreadLocalRunnable.run(FastThreadLocalRunnable.java:30)
        at java.base@17.0.11/java.lang.Thread.run(Thread.java:840)
"IPC Server handler 55 on default port 15000" daemon prio=5 tid=114 timed_waiting
java.lang.Thread.State: TIMED_WAITING
        at java.base@17.0.11/jdk.internal.misc.Unsafe.park(Native Method)
        at java.base@17.0.11/java.util.concurrent.locks.LockSupport.parkNanos(LockSupport.java:252)
        at java.base@17.0.11/java.util.concurrent.locks.AbstractQueuedSynchronizer$ConditionObject.awaitNanos(AbstractQueuedSynchronizer.java:1674)
        at java.base@17.0.11/java.util.concurrent.LinkedBlockingQueue.poll(LinkedBlockingQueue.java:460)
        at app//org.apache.hadoop.ipc.CallQueueManager.take(CallQueueManager.java:317)
        at app//org.apache.hadoop.ipc.Server$Handler.run(Server.java:3014)
"IPC Server handler 58 on default port 15001" daemon prio=5 tid=217 timed_waiting
java.lang.Thread.State: TIMED_WAITING
        at java.base@17.0.11/jdk.internal.misc.Unsafe.park(Native Method)
        at java.base@17.0.11/java.util.concurrent.locks.LockSupport.parkNanos(LockSupport.java:252)
        at java.base@17.0.11/java.util.concurrent.locks.AbstractQueuedSynchronizer$ConditionObject.awaitNanos(AbstractQueuedSynchronizer.java:1674)
        at java.base@17.0.11/java.util.concurrent.LinkedBlockingQueue.poll(LinkedBlockingQueue.java:460)
        at app//org.apache.hadoop.ipc.CallQueueManager.take(CallQueueManager.java:317)
        at app//org.apache.hadoop.ipc.Server$Handler.run(Server.java:3014)
"4f6a4ba8-7237-4720-8e71-4cf4f347a525@group-D141C8AEF8DE-cacheEviction-AwaitToRun" daemon prio=5 tid=645 in Object.wait()
java.lang.Thread.State: WAITING (on object monitor)
        at java.base@17.0.11/jdk.internal.misc.Unsafe.park(Native Method)
        at java.base@17.0.11/java.util.concurrent.locks.LockSupport.park(LockSupport.java:341)
        at java.base@17.0.11/java.util.concurrent.locks.AbstractQueuedSynchronizer$ConditionNode.block(AbstractQueuedSynchronizer.java:506)
        at java.base@17.0.11/java.util.concurrent.ForkJoinPool.unmanagedBlock(ForkJoinPool.java:3465)
        at java.base@17.0.11/java.util.concurrent.ForkJoinPool.managedBlock(ForkJoinPool.java:3436)
        at java.base@17.0.11/java.util.concurrent.locks.AbstractQueuedSynchronizer$ConditionObject.await(AbstractQueuedSynchronizer.java:1625)
        at app//org.apache.ratis.util.AwaitForSignal.await(AwaitForSignal.java:48)
        at app//org.apache.ratis.util.AwaitToRun$RunnableImpl.run(AwaitToRun.java:47)
        at java.base@17.0.11/java.lang.Thread.run(Thread.java:840)
"timer7" daemon prio=5 tid=696 timed_waiting
java.lang.Thread.State: TIMED_WAITING
        at java.base@17.0.11/java.lang.Object.wait(Native Method)
        at java.base@17.0.11/java.util.TimerThread.mainLoop(Timer.java:563)
        at java.base@17.0.11/java.util.TimerThread.run(Timer.java:516)
"IPC Server handler 86 on default port 15001" daemon prio=5 tid=245 timed_waiting
java.lang.Thread.State: TIMED_WAITING
        at java.base@17.0.11/jdk.internal.misc.Unsafe.park(Native Method)
        at java.base@17.0.11/java.util.concurrent.locks.LockSupport.parkNanos(LockSupport.java:252)
        at java.base@17.0.11/java.util.concurrent.locks.AbstractQueuedSynchronizer$ConditionObject.awaitNanos(AbstractQueuedSynchronizer.java:1674)
        at java.base@17.0.11/java.util.concurrent.LinkedBlockingQueue.poll(LinkedBlockingQueue.java:460)
        at app//org.apache.hadoop.ipc.CallQueueManager.take(CallQueueManager.java:317)
        at app//org.apache.hadoop.ipc.Server$Handler.run(Server.java:3014)
"IPC Server handler 0 on default port 15002" daemon prio=5 tid=259 timed_waiting
java.lang.Thread.State: TIMED_WAITING
        at java.base@17.0.11/jdk.internal.misc.Unsafe.park(Native Method)
        at java.base@17.0.11/java.util.concurrent.locks.LockSupport.parkNanos(LockSupport.java:252)
        at java.base@17.0.11/java.util.concurrent.locks.AbstractQueuedSynchronizer$ConditionObject.awaitNanos(AbstractQueuedSynchronizer.java:1674)
        at java.base@17.0.11/java.util.concurrent.LinkedBlockingQueue.poll(LinkedBlockingQueue.java:460)
        at app//org.apache.hadoop.ipc.CallQueueManager.take(CallQueueManager.java:317)
        at app//org.apache.hadoop.ipc.Server$Handler.run(Server.java:3014)
"qtp631007928-365-acceptor-0@4b14215a-ServerConnector@41bbdd8a{HTTP/1.1, (http/1.1)}{0.0.0.0:15003}" daemon prio=3 tid=365 runnable
java.lang.Thread.State: RUNNABLE
        at java.base@17.0.11/sun.nio.ch.Net.accept(Native Method)
        at java.base@17.0.11/sun.nio.ch.ServerSocketChannelImpl.implAccept(ServerSocketChannelImpl.java:425)
        at java.base@17.0.11/sun.nio.ch.ServerSocketChannelImpl.accept(ServerSocketChannelImpl.java:391)
        at app//org.eclipse.jetty.server.ServerConnector.accept(ServerConnector.java:388)
        at app//org.eclipse.jetty.server.AbstractConnector$Acceptor.run(AbstractConnector.java:704)
        at app//org.eclipse.jetty.util.thread.QueuedThreadPool.runJob(QueuedThreadPool.java:883)
        at app//org.eclipse.jetty.util.thread.QueuedThreadPool$Runner.run(QueuedThreadPool.java:1034)
        at java.base@17.0.11/java.lang.Thread.run(Thread.java:840)
"IPC Server handler 68 on default port 15000" daemon prio=5 tid=127 timed_waiting
java.lang.Thread.State: TIMED_WAITING
        at java.base@17.0.11/jdk.internal.misc.Unsafe.park(Native Method)
        at java.base@17.0.11/java.util.concurrent.locks.LockSupport.parkNanos(LockSupport.java:252)
        at java.base@17.0.11/java.util.concurrent.locks.AbstractQueuedSynchronizer$ConditionObject.awaitNanos(AbstractQueuedSynchronizer.java:1674)
        at java.base@17.0.11/java.util.concurrent.LinkedBlockingQueue.poll(LinkedBlockingQueue.java:460)
        at app//org.apache.hadoop.ipc.CallQueueManager.take(CallQueueManager.java:317)
        at app//org.apache.hadoop.ipc.Server$Handler.run(Server.java:3014)
"IPC Server handler 77 on default port 15002" daemon prio=5 tid=336 timed_waiting
java.lang.Thread.State: TIMED_WAITING
        at java.base@17.0.11/jdk.internal.misc.Unsafe.park(Native Method)
        at java.base@17.0.11/java.util.concurrent.locks.LockSupport.parkNanos(LockSupport.java:252)
        at java.base@17.0.11/java.util.concurrent.locks.AbstractQueuedSynchronizer$ConditionObject.awaitNanos(AbstractQueuedSynchronizer.java:1674)
        at java.base@17.0.11/java.util.concurrent.LinkedBlockingQueue.poll(LinkedBlockingQueue.java:460)
        at app//org.apache.hadoop.ipc.CallQueueManager.take(CallQueueManager.java:317)
        at app//org.apache.hadoop.ipc.Server$Handler.run(Server.java:3014)
"4f6a4ba8-7237-4720-8e71-4cf4f347a525-NettyServerStreamRpc-bossGroup--thread1"  prio=5 tid=493 runnable
java.lang.Thread.State: RUNNABLE
        at app//org.apache.ratis.thirdparty.io.netty.channel.epoll.Native.epollWait(Native Method)
        at app//org.apache.ratis.thirdparty.io.netty.channel.epoll.Native.epollWait(Native.java:220)
        at app//org.apache.ratis.thirdparty.io.netty.channel.epoll.Native.epollWait(Native.java:213)
        at app//org.apache.ratis.thirdparty.io.netty.channel.epoll.EpollEventLoop.epollWaitNoTimerChange(EpollEventLoop.java:308)
        at app//org.apache.ratis.thirdparty.io.netty.channel.epoll.EpollEventLoop.run(EpollEventLoop.java:365)
        at app//org.apache.ratis.thirdparty.io.netty.util.concurrent.SingleThreadEventExecutor$4.run(SingleThreadEventExecutor.java:997)
        at app//org.apache.ratis.thirdparty.io.netty.util.internal.ThreadExecutorMap$2.run(ThreadExecutorMap.java:74)
        at java.base@17.0.11/java.lang.Thread.run(Thread.java:840)
"IPC Server handler 27 on default port 15000" daemon prio=5 tid=86 timed_waiting
java.lang.Thread.State: TIMED_WAITING
        at java.base@17.0.11/jdk.internal.misc.Unsafe.park(Native Method)
        at java.base@17.0.11/java.util.concurrent.locks.LockSupport.parkNanos(LockSupport.java:252)
        at java.base@17.0.11/java.util.concurrent.locks.AbstractQueuedSynchronizer$ConditionObject.awaitNanos(AbstractQueuedSynchronizer.java:1674)
        at java.base@17.0.11/java.util.concurrent.LinkedBlockingQueue.poll(LinkedBlockingQueue.java:460)
        at app//org.apache.hadoop.ipc.CallQueueManager.take(CallQueueManager.java:317)
        at app//org.apache.hadoop.ipc.Server$Handler.run(Server.java:3014)
"ContainerDataScanner(/home/runner/work/ozone/ozone/hadoop-ozone/integration-test/target/test-dir/MiniOzoneClusterImpl-1f81da03-70dc-44ad-8558-5c969ee5b37a/ozone-meta/datanode-1/data-0/hdds)" daemon prio=5 tid=528 timed_waiting
java.lang.Thread.State: TIMED_WAITING
        at java.base@17.0.11/java.lang.Thread.sleep(Native Method)
        at app//org.apache.hadoop.ozone.container.ozoneimpl.AbstractBackgroundContainerScanner.handleRemainingSleep(AbstractBackgroundContainerScanner.java:131)
        at app//org.apache.hadoop.ozone.container.ozoneimpl.AbstractBackgroundContainerScanner.runIteration(AbstractBackgroundContainerScanner.java:98)
        at app//org.apache.hadoop.ozone.container.ozoneimpl.AbstractBackgroundContainerScanner.run(AbstractBackgroundContainerScanner.java:57)
"IPC Server handler 46 on default port 15002" daemon prio=5 tid=305 timed_waiting
java.lang.Thread.State: TIMED_WAITING
        at java.base@17.0.11/jdk.internal.misc.Unsafe.park(Native Method)
        at java.base@17.0.11/java.util.concurrent.locks.LockSupport.parkNanos(LockSupport.java:252)
        at java.base@17.0.11/java.util.concurrent.locks.AbstractQueuedSynchronizer$ConditionObject.awaitNanos(AbstractQueuedSynchronizer.java:1674)
        at java.base@17.0.11/java.util.concurrent.LinkedBlockingQueue.poll(LinkedBlockingQueue.java:460)
        at app//org.apache.hadoop.ipc.CallQueueManager.take(CallQueueManager.java:317)
        at app//org.apache.hadoop.ipc.Server$Handler.run(Server.java:3014)
"StaleRecoveringContainerScrubbingService#0" daemon prio=5 tid=536 timed_waiting
java.lang.Thread.State: TIMED_WAITING
        at java.base@17.0.11/jdk.internal.misc.Unsafe.park(Native Method)
        at java.base@17.0.11/java.util.concurrent.locks.LockSupport.parkNanos(LockSupport.java:252)
        at java.base@17.0.11/java.util.concurrent.locks.AbstractQueuedSynchronizer$ConditionObject.awaitNanos(AbstractQueuedSynchronizer.java:1674)
        at java.base@17.0.11/java.util.concurrent.ScheduledThreadPoolExecutor$DelayedWorkQueue.take(ScheduledThreadPoolExecutor.java:1182)
        at java.base@17.0.11/java.util.concurrent.ScheduledThreadPoolExecutor$DelayedWorkQueue.take(ScheduledThreadPoolExecutor.java:899)
        at java.base@17.0.11/java.util.concurrent.ThreadPoolExecutor.getTask(ThreadPoolExecutor.java:1062)
        at java.base@17.0.11/java.util.concurrent.ThreadPoolExecutor.runWorker(ThreadPoolExecutor.java:1122)
        at java.base@17.0.11/java.util.concurrent.ThreadPoolExecutor$Worker.run(ThreadPoolExecutor.java:635)
        at java.base@17.0.11/java.lang.Thread.run(Thread.java:840)
"IPC Server listener on 15004" daemon prio=5 tid=382 runnable
java.lang.Thread.State: RUNNABLE
        at java.base@17.0.11/sun.nio.ch.EPoll.wait(Native Method)
        at java.base@17.0.11/sun.nio.ch.EPollSelectorImpl.doSelect(EPollSelectorImpl.java:118)
        at java.base@17.0.11/sun.nio.ch.SelectorImpl.lockAndDoSelect(SelectorImpl.java:129)
        at java.base@17.0.11/sun.nio.ch.SelectorImpl.select(SelectorImpl.java:146)
        at app//org.apache.hadoop.ipc.Server$Listener.run(Server.java:1408)
"IPC Server handler 28 on default port 15000" daemon prio=5 tid=87 timed_waiting
java.lang.Thread.State: TIMED_WAITING
        at java.base@17.0.11/jdk.internal.misc.Unsafe.park(Native Method)
        at java.base@17.0.11/java.util.concurrent.locks.LockSupport.parkNanos(LockSupport.java:252)
        at java.base@17.0.11/java.util.concurrent.locks.AbstractQueuedSynchronizer$ConditionObject.awaitNanos(AbstractQueuedSynchronizer.java:1674)
        at java.base@17.0.11/java.util.concurrent.LinkedBlockingQueue.poll(LinkedBlockingQueue.java:460)
        at app//org.apache.hadoop.ipc.CallQueueManager.take(CallQueueManager.java:317)
        at app//org.apache.hadoop.ipc.Server$Handler.run(Server.java:3014)
"a2876ff0-d178-48ae-a6b6-bf6963d4710d-BlockDeletingService#0" daemon prio=5 tid=553 timed_waiting
java.lang.Thread.State: TIMED_WAITING
        at java.base@17.0.11/jdk.internal.misc.Unsafe.park(Native Method)
        at java.base@17.0.11/java.util.concurrent.locks.LockSupport.parkNanos(LockSupport.java:252)
        at java.base@17.0.11/java.util.concurrent.locks.AbstractQueuedSynchronizer$ConditionObject.awaitNanos(AbstractQueuedSynchronizer.java:1674)
        at java.base@17.0.11/java.util.concurrent.ScheduledThreadPoolExecutor$DelayedWorkQueue.take(ScheduledThreadPoolExecutor.java:1182)
        at java.base@17.0.11/java.util.concurrent.ScheduledThreadPoolExecutor$DelayedWorkQueue.take(ScheduledThreadPoolExecutor.java:899)
        at java.base@17.0.11/java.util.concurrent.ThreadPoolExecutor.getTask(ThreadPoolExecutor.java:1062)
        at java.base@17.0.11/java.util.concurrent.ThreadPoolExecutor.runWorker(ThreadPoolExecutor.java:1122)
        at java.base@17.0.11/java.util.concurrent.ThreadPoolExecutor$Worker.run(ThreadPoolExecutor.java:635)
        at java.base@17.0.11/java.lang.Thread.run(Thread.java:840)
"IPC Server handler 58 on default port 15000" daemon prio=5 tid=117 timed_waiting
java.lang.Thread.State: TIMED_WAITING
        at java.base@17.0.11/jdk.internal.misc.Unsafe.park(Native Method)
        at java.base@17.0.11/java.util.concurrent.locks.LockSupport.parkNanos(LockSupport.java:252)
        at java.base@17.0.11/java.util.concurrent.locks.AbstractQueuedSynchronizer$ConditionObject.awaitNanos(AbstractQueuedSynchronizer.java:1674)
        at java.base@17.0.11/java.util.concurrent.LinkedBlockingQueue.poll(LinkedBlockingQueue.java:460)
        at app//org.apache.hadoop.ipc.CallQueueManager.take(CallQueueManager.java:317)
        at app//org.apache.hadoop.ipc.Server$Handler.run(Server.java:3014)
"a2876ff0-d178-48ae-a6b6-bf6963d4710d-DatanodeReportManager-1" daemon prio=5 tid=487 in Object.wait()
java.lang.Thread.State: WAITING (on object monitor)
        at java.base@17.0.11/jdk.internal.misc.Unsafe.park(Native Method)
        at java.base@17.0.11/java.util.concurrent.locks.LockSupport.park(LockSupport.java:341)
        at java.base@17.0.11/java.util.concurrent.locks.AbstractQueuedSynchronizer$ConditionNode.block(AbstractQueuedSynchronizer.java:506)
        at java.base@17.0.11/java.util.concurrent.ForkJoinPool.unmanagedBlock(ForkJoinPool.java:3465)
        at java.base@17.0.11/java.util.concurrent.ForkJoinPool.managedBlock(ForkJoinPool.java:3436)
        at java.base@17.0.11/java.util.concurrent.locks.AbstractQueuedSynchronizer$ConditionObject.await(AbstractQueuedSynchronizer.java:1625)
        at java.base@17.0.11/java.util.concurrent.ScheduledThreadPoolExecutor$DelayedWorkQueue.take(ScheduledThreadPoolExecutor.java:1177)
        at java.base@17.0.11/java.util.concurrent.ScheduledThreadPoolExecutor$DelayedWorkQueue.take(ScheduledThreadPoolExecutor.java:899)
        at java.base@17.0.11/java.util.concurrent.ThreadPoolExecutor.getTask(ThreadPoolExecutor.java:1062)
        at java.base@17.0.11/java.util.concurrent.ThreadPoolExecutor.runWorker(ThreadPoolExecutor.java:1122)
        at java.base@17.0.11/java.util.concurrent.ThreadPoolExecutor$Worker.run(ThreadPoolExecutor.java:635)
        at java.base@17.0.11/java.lang.Thread.run(Thread.java:840)
"IPC Server handler 79 on default port 15001" daemon prio=5 tid=238 timed_waiting
java.lang.Thread.State: TIMED_WAITING
        at java.base@17.0.11/jdk.internal.misc.Unsafe.park(Native Method)
        at java.base@17.0.11/java.util.concurrent.locks.LockSupport.parkNanos(LockSupport.java:252)
        at java.base@17.0.11/java.util.concurrent.locks.AbstractQueuedSynchronizer$ConditionObject.awaitNanos(AbstractQueuedSynchronizer.java:1674)
        at java.base@17.0.11/java.util.concurrent.LinkedBlockingQueue.poll(LinkedBlockingQueue.java:460)
        at app//org.apache.hadoop.ipc.CallQueueManager.take(CallQueueManager.java:317)
        at app//org.apache.hadoop.ipc.Server$Handler.run(Server.java:3014)
"IPC Server handler 40 on default port 15001" daemon prio=5 tid=199 timed_waiting
java.lang.Thread.State: TIMED_WAITING
        at java.base@17.0.11/jdk.internal.misc.Unsafe.park(Native Method)
        at java.base@17.0.11/java.util.concurrent.locks.LockSupport.parkNanos(LockSupport.java:252)
        at java.base@17.0.11/java.util.concurrent.locks.AbstractQueuedSynchronizer$ConditionObject.awaitNanos(AbstractQueuedSynchronizer.java:1674)
        at java.base@17.0.11/java.util.concurrent.LinkedBlockingQueue.poll(LinkedBlockingQueue.java:460)
        at app//org.apache.hadoop.ipc.CallQueueManager.take(CallQueueManager.java:317)
        at app//org.apache.hadoop.ipc.Server$Handler.run(Server.java:3014)
"qtp173418363-448" daemon prio=5 tid=448 timed_waiting
java.lang.Thread.State: TIMED_WAITING
        at java.base@17.0.11/jdk.internal.misc.Unsafe.park(Native Method)
        at java.base@17.0.11/java.util.concurrent.locks.LockSupport.parkNanos(LockSupport.java:252)
        at java.base@17.0.11/java.util.concurrent.locks.AbstractQueuedSynchronizer$ConditionObject.awaitNanos(AbstractQueuedSynchronizer.java:1674)
        at app//org.eclipse.jetty.util.BlockingArrayQueue.poll(BlockingArrayQueue.java:382)
        at app//org.eclipse.jetty.util.thread.QueuedThreadPool$Runner.idleJobPoll(QueuedThreadPool.java:974)
        at app//org.eclipse.jetty.util.thread.QueuedThreadPool$Runner.run(QueuedThreadPool.java:1018)
        at java.base@17.0.11/java.lang.Thread.run(Thread.java:840)
"IPC Server handler 6 on default port 15001" daemon prio=5 tid=165 timed_waiting
java.lang.Thread.State: TIMED_WAITING
        at java.base@17.0.11/jdk.internal.misc.Unsafe.park(Native Method)
        at java.base@17.0.11/java.util.concurrent.locks.LockSupport.parkNanos(LockSupport.java:252)
        at java.base@17.0.11/java.util.concurrent.locks.AbstractQueuedSynchronizer$ConditionObject.awaitNanos(AbstractQueuedSynchronizer.java:1674)
        at java.base@17.0.11/java.util.concurrent.LinkedBlockingQueue.poll(LinkedBlockingQueue.java:460)
        at app//org.apache.hadoop.ipc.CallQueueManager.take(CallQueueManager.java:317)
        at app//org.apache.hadoop.ipc.Server$Handler.run(Server.java:3014)
"IPC Server Responder" daemon prio=5 tid=36 runnable
java.lang.Thread.State: RUNNABLE
        at java.base@17.0.11/sun.nio.ch.EPoll.wait(Native Method)
        at java.base@17.0.11/sun.nio.ch.EPollSelectorImpl.doSelect(EPollSelectorImpl.java:118)
        at java.base@17.0.11/sun.nio.ch.SelectorImpl.lockAndDoSelect(SelectorImpl.java:129)
        at java.base@17.0.11/sun.nio.ch.SelectorImpl.select(SelectorImpl.java:141)
        at app//org.apache.hadoop.ipc.Server$Responder.doRunLoop(Server.java:1582)
        at app//org.apache.hadoop.ipc.Server$Responder.run(Server.java:1565)
"Hadoop-Metrics-Updater-0" daemon prio=5 tid=510 timed_waiting
java.lang.Thread.State: TIMED_WAITING
        at java.base@17.0.11/jdk.internal.misc.Unsafe.park(Native Method)
        at java.base@17.0.11/java.util.concurrent.locks.LockSupport.parkNanos(LockSupport.java:252)
        at java.base@17.0.11/java.util.concurrent.locks.AbstractQueuedSynchronizer$ConditionObject.awaitNanos(AbstractQueuedSynchronizer.java:1674)
        at java.base@17.0.11/java.util.concurrent.ScheduledThreadPoolExecutor$DelayedWorkQueue.take(ScheduledThreadPoolExecutor.java:1182)
        at java.base@17.0.11/java.util.concurrent.ScheduledThreadPoolExecutor$DelayedWorkQueue.take(ScheduledThreadPoolExecutor.java:899)
        at java.base@17.0.11/java.util.concurrent.ThreadPoolExecutor.getTask(ThreadPoolExecutor.java:1062)
        at java.base@17.0.11/java.util.concurrent.ThreadPoolExecutor.runWorker(ThreadPoolExecutor.java:1122)
        at java.base@17.0.11/java.util.concurrent.ThreadPoolExecutor$Worker.run(ThreadPoolExecutor.java:635)
        at java.base@17.0.11/java.lang.Thread.run(Thread.java:840)
"IPC Server handler 51 on default port 15001" daemon prio=5 tid=210 timed_waiting
java.lang.Thread.State: TIMED_WAITING
        at java.base@17.0.11/jdk.internal.misc.Unsafe.park(Native Method)
        at java.base@17.0.11/java.util.concurrent.locks.LockSupport.parkNanos(LockSupport.java:252)
        at java.base@17.0.11/java.util.concurrent.locks.AbstractQueuedSynchronizer$ConditionObject.awaitNanos(AbstractQueuedSynchronizer.java:1674)
        at java.base@17.0.11/java.util.concurrent.LinkedBlockingQueue.poll(LinkedBlockingQueue.java:460)
        at app//org.apache.hadoop.ipc.CallQueueManager.take(CallQueueManager.java:317)
        at app//org.apache.hadoop.ipc.Server$Handler.run(Server.java:3014)
"Common-Cleaner" daemon prio=8 tid=11 timed_waiting
java.lang.Thread.State: TIMED_WAITING
        at java.base@17.0.11/java.lang.Object.wait(Native Method)
        at java.base@17.0.11/java.lang.ref.ReferenceQueue.remove(ReferenceQueue.java:155)
        at java.base@17.0.11/jdk.internal.ref.CleanerImpl.run(CleanerImpl.java:140)
        at java.base@17.0.11/java.lang.Thread.run(Thread.java:840)
        at java.base@17.0.11/jdk.internal.misc.InnocuousThread.run(InnocuousThread.java:162)
"IPC Server Responder" daemon prio=5 tid=453 runnable
java.lang.Thread.State: RUNNABLE
        at java.base@17.0.11/sun.nio.ch.EPoll.wait(Native Method)
        at java.base@17.0.11/sun.nio.ch.EPollSelectorImpl.doSelect(EPollSelectorImpl.java:118)
        at java.base@17.0.11/sun.nio.ch.SelectorImpl.lockAndDoSelect(SelectorImpl.java:129)
        at java.base@17.0.11/sun.nio.ch.SelectorImpl.select(SelectorImpl.java:141)
        at app//org.apache.hadoop.ipc.Server$Responder.doRunLoop(Server.java:1582)
        at app//org.apache.hadoop.ipc.Server$Responder.run(Server.java:1565)
"IPC Server handler 59 on default port 15000" daemon prio=5 tid=118 timed_waiting
java.lang.Thread.State: TIMED_WAITING
        at java.base@17.0.11/jdk.internal.misc.Unsafe.park(Native Method)
        at java.base@17.0.11/java.util.concurrent.locks.LockSupport.parkNanos(LockSupport.java:252)
        at java.base@17.0.11/java.util.concurrent.locks.AbstractQueuedSynchronizer$ConditionObject.awaitNanos(AbstractQueuedSynchronizer.java:1674)
        at java.base@17.0.11/java.util.concurrent.LinkedBlockingQueue.poll(LinkedBlockingQueue.java:460)
        at app//org.apache.hadoop.ipc.CallQueueManager.take(CallQueueManager.java:317)
        at app//org.apache.hadoop.ipc.Server$Handler.run(Server.java:3014)
"IPC Server handler 77 on default port 15000" daemon prio=5 tid=136 timed_waiting
java.lang.Thread.State: TIMED_WAITING
        at java.base@17.0.11/jdk.internal.misc.Unsafe.park(Native Method)
        at java.base@17.0.11/java.util.concurrent.locks.LockSupport.parkNanos(LockSupport.java:252)
        at java.base@17.0.11/java.util.concurrent.locks.AbstractQueuedSynchronizer$ConditionObject.awaitNanos(AbstractQueuedSynchronizer.java:1674)
        at java.base@17.0.11/java.util.concurrent.LinkedBlockingQueue.poll(LinkedBlockingQueue.java:460)
        at app//org.apache.hadoop.ipc.CallQueueManager.take(CallQueueManager.java:317)
        at app//org.apache.hadoop.ipc.Server$Handler.run(Server.java:3014)
"4f6a4ba8-7237-4720-8e71-4cf4f347a525@group-E17A96920781->a2876ff0-d178-48ae-a6b6-bf6963d4710d-GrpcLogAppender-LogAppenderDaemon" daemon prio=5 tid=686 timed_waiting
java.lang.Thread.State: TIMED_WAITING
        at java.base@17.0.11/jdk.internal.misc.Unsafe.park(Native Method)
        at java.base@17.0.11/java.util.concurrent.locks.LockSupport.parkNanos(LockSupport.java:252)
        at java.base@17.0.11/java.util.concurrent.locks.AbstractQueuedSynchronizer$ConditionObject.await(AbstractQueuedSynchronizer.java:1759)
        at app//org.apache.ratis.util.AwaitForSignal.await(AwaitForSignal.java:65)
        at app//org.apache.ratis.grpc.server.GrpcLogAppender.mayWait(GrpcLogAppender.java:290)
        at app//org.apache.ratis.grpc.server.GrpcLogAppender.run(GrpcLogAppender.java:258)
        at app//org.apache.ratis.server.leader.LogAppenderDaemon.run(LogAppenderDaemon.java:80)
        at app//org.apache.ratis.server.leader.LogAppenderDaemon$$Lambda$1624/0x00007fe38091b318.run(Unknown Source)
        at java.base@17.0.11/java.lang.Thread.run(Thread.java:840)
"IPC Server handler 0 on default port 15028" daemon prio=5 tid=511 timed_waiting
java.lang.Thread.State: TIMED_WAITING
        at java.base@17.0.11/jdk.internal.misc.Unsafe.park(Native Method)
        at java.base@17.0.11/java.util.concurrent.locks.LockSupport.parkNanos(LockSupport.java:252)
        at java.base@17.0.11/java.util.concurrent.locks.AbstractQueuedSynchronizer$ConditionObject.awaitNanos(AbstractQueuedSynchronizer.java:1674)
        at java.base@17.0.11/java.util.concurrent.LinkedBlockingQueue.poll(LinkedBlockingQueue.java:460)
        at app//org.apache.hadoop.ipc.CallQueueManager.take(CallQueueManager.java:317)
        at app//org.apache.hadoop.ipc.Server$Handler.run(Server.java:3014)
"a2876ff0-d178-48ae-a6b6-bf6963d4710d-server-thread3" daemon prio=5 tid=697 timed_waiting
java.lang.Thread.State: TIMED_WAITING
        at java.base@17.0.11/jdk.internal.misc.Unsafe.park(Native Method)
        at java.base@17.0.11/java.util.concurrent.locks.LockSupport.parkNanos(LockSupport.java:252)
        at java.base@17.0.11/java.util.concurrent.SynchronousQueue$TransferStack.transfer(SynchronousQueue.java:401)
        at java.base@17.0.11/java.util.concurrent.SynchronousQueue.poll(SynchronousQueue.java:903)
        at java.base@17.0.11/java.util.concurrent.ThreadPoolExecutor.getTask(ThreadPoolExecutor.java:1061)
        at java.base@17.0.11/java.util.concurrent.ThreadPoolExecutor.runWorker(ThreadPoolExecutor.java:1122)
        at java.base@17.0.11/java.util.concurrent.ThreadPoolExecutor$Worker.run(ThreadPoolExecutor.java:635)
        at java.base@17.0.11/java.lang.Thread.run(Thread.java:840)
"IPC Server handler 15 on default port 15000" daemon prio=5 tid=74 timed_waiting
java.lang.Thread.State: TIMED_WAITING
        at java.base@17.0.11/jdk.internal.misc.Unsafe.park(Native Method)
        at java.base@17.0.11/java.util.concurrent.locks.LockSupport.parkNanos(LockSupport.java:252)
        at java.base@17.0.11/java.util.concurrent.locks.AbstractQueuedSynchronizer$ConditionObject.awaitNanos(AbstractQueuedSynchronizer.java:1674)
        at java.base@17.0.11/java.util.concurrent.LinkedBlockingQueue.poll(LinkedBlockingQueue.java:460)
        at app//org.apache.hadoop.ipc.CallQueueManager.take(CallQueueManager.java:317)
        at app//org.apache.hadoop.ipc.Server$Handler.run(Server.java:3014)
"grpc-default-boss-ELG-1-1" daemon prio=5 tid=392 runnable
java.lang.Thread.State: RUNNABLE
        at app//org.apache.ratis.thirdparty.io.netty.channel.epoll.Native.epollWait(Native Method)
        at app//org.apache.ratis.thirdparty.io.netty.channel.epoll.Native.epollWait(Native.java:220)
        at app//org.apache.ratis.thirdparty.io.netty.channel.epoll.Native.epollWait(Native.java:213)
        at app//org.apache.ratis.thirdparty.io.netty.channel.epoll.EpollEventLoop.epollWaitNoTimerChange(EpollEventLoop.java:308)
        at app//org.apache.ratis.thirdparty.io.netty.channel.epoll.EpollEventLoop.run(EpollEventLoop.java:365)
        at app//org.apache.ratis.thirdparty.io.netty.util.concurrent.SingleThreadEventExecutor$4.run(SingleThreadEventExecutor.java:997)
        at app//org.apache.ratis.thirdparty.io.netty.util.internal.ThreadExecutorMap$2.run(ThreadExecutorMap.java:74)
        at app//org.apache.ratis.thirdparty.io.netty.util.concurrent.FastThreadLocalRunnable.run(FastThreadLocalRunnable.java:30)
        at java.base@17.0.11/java.lang.Thread.run(Thread.java:840)
"IPC Server handler 15 on default port 15004" daemon prio=5 tid=430 timed_waiting
java.lang.Thread.State: TIMED_WAITING
        at java.base@17.0.11/jdk.internal.misc.Unsafe.park(Native Method)
        at java.base@17.0.11/java.util.concurrent.locks.LockSupport.parkNanos(LockSupport.java:252)
        at java.base@17.0.11/java.util.concurrent.locks.AbstractQueuedSynchronizer$ConditionObject.awaitNanos(AbstractQueuedSynchronizer.java:1674)
        at java.base@17.0.11/java.util.concurrent.LinkedBlockingQueue.poll(LinkedBlockingQueue.java:460)
        at app//org.apache.hadoop.ipc.CallQueueManager.take(CallQueueManager.java:317)
        at app//org.apache.hadoop.ipc.Server$Handler.run(Server.java:3014)
"IPC Server handler 12 on default port 15000" daemon prio=5 tid=71 timed_waiting
java.lang.Thread.State: TIMED_WAITING
        at java.base@17.0.11/jdk.internal.misc.Unsafe.park(Native Method)
        at java.base@17.0.11/java.util.concurrent.locks.LockSupport.parkNanos(LockSupport.java:252)
        at java.base@17.0.11/java.util.concurrent.locks.AbstractQueuedSynchronizer$ConditionObject.awaitNanos(AbstractQueuedSynchronizer.java:1674)
        at java.base@17.0.11/java.util.concurrent.LinkedBlockingQueue.poll(LinkedBlockingQueue.java:460)
        at app//org.apache.hadoop.ipc.CallQueueManager.take(CallQueueManager.java:317)
        at app//org.apache.hadoop.ipc.Server$Handler.run(Server.java:3014)
"IPC Server handler 14 on default port 15002" daemon prio=5 tid=273 timed_waiting
java.lang.Thread.State: TIMED_WAITING
        at java.base@17.0.11/jdk.internal.misc.Unsafe.park(Native Method)
        at java.base@17.0.11/java.util.concurrent.locks.LockSupport.parkNanos(LockSupport.java:252)
        at java.base@17.0.11/java.util.concurrent.locks.AbstractQueuedSynchronizer$ConditionObject.awaitNanos(AbstractQueuedSynchronizer.java:1674)
        at java.base@17.0.11/java.util.concurrent.LinkedBlockingQueue.poll(LinkedBlockingQueue.java:460)
        at app//org.apache.hadoop.ipc.CallQueueManager.take(CallQueueManager.java:317)
        at app//org.apache.hadoop.ipc.Server$Handler.run(Server.java:3014)
"IPC Server handler 4 on default port 15001" daemon prio=5 tid=163 timed_waiting
java.lang.Thread.State: TIMED_WAITING
        at java.base@17.0.11/jdk.internal.misc.Unsafe.park(Native Method)
        at java.base@17.0.11/java.util.concurrent.locks.LockSupport.parkNanos(LockSupport.java:252)
        at java.base@17.0.11/java.util.concurrent.locks.AbstractQueuedSynchronizer$ConditionObject.awaitNanos(AbstractQueuedSynchronizer.java:1674)
        at java.base@17.0.11/java.util.concurrent.LinkedBlockingQueue.poll(LinkedBlockingQueue.java:460)
        at app//org.apache.hadoop.ipc.CallQueueManager.take(CallQueueManager.java:317)
        at app//org.apache.hadoop.ipc.Server$Handler.run(Server.java:3014)
"IPC Server handler 67 on default port 15000" daemon prio=5 tid=126 timed_waiting
java.lang.Thread.State: TIMED_WAITING
        at java.base@17.0.11/jdk.internal.misc.Unsafe.park(Native Method)
        at java.base@17.0.11/java.util.concurrent.locks.LockSupport.parkNanos(LockSupport.java:252)
        at java.base@17.0.11/java.util.concurrent.locks.AbstractQueuedSynchronizer$ConditionObject.awaitNanos(AbstractQueuedSynchronizer.java:1674)
        at java.base@17.0.11/java.util.concurrent.LinkedBlockingQueue.poll(LinkedBlockingQueue.java:460)
        at app//org.apache.hadoop.ipc.CallQueueManager.take(CallQueueManager.java:317)
        at app//org.apache.hadoop.ipc.Server$Handler.run(Server.java:3014)
"a2876ff0-d178-48ae-a6b6-bf6963d4710d@group-5BDE8CD16727-cacheEviction-AwaitToRun" daemon prio=5 tid=607 in Object.wait()
java.lang.Thread.State: WAITING (on object monitor)
        at java.base@17.0.11/jdk.internal.misc.Unsafe.park(Native Method)
        at java.base@17.0.11/java.util.concurrent.locks.LockSupport.park(LockSupport.java:341)
        at java.base@17.0.11/java.util.concurrent.locks.AbstractQueuedSynchronizer$ConditionNode.block(AbstractQueuedSynchronizer.java:506)
        at java.base@17.0.11/java.util.concurrent.ForkJoinPool.unmanagedBlock(ForkJoinPool.java:3465)
        at java.base@17.0.11/java.util.concurrent.ForkJoinPool.managedBlock(ForkJoinPool.java:3436)
        at java.base@17.0.11/java.util.concurrent.locks.AbstractQueuedSynchronizer$ConditionObject.await(AbstractQueuedSynchronizer.java:1625)
        at app//org.apache.ratis.util.AwaitForSignal.await(AwaitForSignal.java:48)
        at app//org.apache.ratis.util.AwaitToRun$RunnableImpl.run(AwaitToRun.java:47)
        at java.base@17.0.11/java.lang.Thread.run(Thread.java:840)
"e7fccb5b-6f4b-4a5d-93b5-abfcbb2ccb85-server-thread2" daemon prio=5 tid=699 timed_waiting
java.lang.Thread.State: TIMED_WAITING
        at java.base@17.0.11/jdk.internal.misc.Unsafe.park(Native Method)
        at java.base@17.0.11/java.util.concurrent.locks.LockSupport.parkNanos(LockSupport.java:252)
        at java.base@17.0.11/java.util.concurrent.SynchronousQueue$TransferStack.transfer(SynchronousQueue.java:401)
        at java.base@17.0.11/java.util.concurrent.SynchronousQueue.poll(SynchronousQueue.java:903)
        at java.base@17.0.11/java.util.concurrent.ThreadPoolExecutor.getTask(ThreadPoolExecutor.java:1061)
        at java.base@17.0.11/java.util.concurrent.ThreadPoolExecutor.runWorker(ThreadPoolExecutor.java:1122)
        at java.base@17.0.11/java.util.concurrent.ThreadPoolExecutor$Worker.run(ThreadPoolExecutor.java:635)
        at java.base@17.0.11/java.lang.Thread.run(Thread.java:840)
"IPC Server handler 57 on default port 15002" daemon prio=5 tid=316 timed_waiting
java.lang.Thread.State: TIMED_WAITING
        at java.base@17.0.11/jdk.internal.misc.Unsafe.park(Native Method)
        at java.base@17.0.11/java.util.concurrent.locks.LockSupport.parkNanos(LockSupport.java:252)
        at java.base@17.0.11/java.util.concurrent.locks.AbstractQueuedSynchronizer$ConditionObject.awaitNanos(AbstractQueuedSynchronizer.java:1674)
        at java.base@17.0.11/java.util.concurrent.LinkedBlockingQueue.poll(LinkedBlockingQueue.java:460)
        at app//org.apache.hadoop.ipc.CallQueueManager.take(CallQueueManager.java:317)
        at app//org.apache.hadoop.ipc.Server$Handler.run(Server.java:3014)
"grpc-default-executor-0" daemon prio=5 tid=594 timed_waiting
java.lang.Thread.State: TIMED_WAITING
        at java.base@17.0.11/jdk.internal.misc.Unsafe.park(Native Method)
        at java.base@17.0.11/java.util.concurrent.locks.LockSupport.parkNanos(LockSupport.java:252)
        at java.base@17.0.11/java.util.concurrent.SynchronousQueue$TransferStack.transfer(SynchronousQueue.java:401)
        at java.base@17.0.11/java.util.concurrent.SynchronousQueue.poll(SynchronousQueue.java:903)
        at java.base@17.0.11/java.util.concurrent.ThreadPoolExecutor.getTask(ThreadPoolExecutor.java:1061)
        at java.base@17.0.11/java.util.concurrent.ThreadPoolExecutor.runWorker(ThreadPoolExecutor.java:1122)
        at java.base@17.0.11/java.util.concurrent.ThreadPoolExecutor$Worker.run(ThreadPoolExecutor.java:635)
        at java.base@17.0.11/java.lang.Thread.run(Thread.java:840)
"a2876ff0-d178-48ae-a6b6-bf6963d4710d@group-E17A96920781-cacheEviction-AwaitToRun" daemon prio=5 tid=612 in Object.wait()
java.lang.Thread.State: WAITING (on object monitor)
        at java.base@17.0.11/jdk.internal.misc.Unsafe.park(Native Method)
        at java.base@17.0.11/java.util.concurrent.locks.LockSupport.park(LockSupport.java:341)
        at java.base@17.0.11/java.util.concurrent.locks.AbstractQueuedSynchronizer$ConditionNode.block(AbstractQueuedSynchronizer.java:506)
        at java.base@17.0.11/java.util.concurrent.ForkJoinPool.unmanagedBlock(ForkJoinPool.java:3465)
        at java.base@17.0.11/java.util.concurrent.ForkJoinPool.managedBlock(ForkJoinPool.java:3436)
        at java.base@17.0.11/java.util.concurrent.locks.AbstractQueuedSynchronizer$ConditionObject.await(AbstractQueuedSynchronizer.java:1625)
        at app//org.apache.ratis.util.AwaitForSignal.await(AwaitForSignal.java:48)
        at app//org.apache.ratis.util.AwaitToRun$RunnableImpl.run(AwaitToRun.java:47)
        at java.base@17.0.11/java.lang.Thread.run(Thread.java:840)
"IPC Server handler 89 on default port 15002" daemon prio=5 tid=348 timed_waiting
java.lang.Thread.State: TIMED_WAITING
        at java.base@17.0.11/jdk.internal.misc.Unsafe.park(Native Method)
        at java.base@17.0.11/java.util.concurrent.locks.LockSupport.parkNanos(LockSupport.java:252)
        at java.base@17.0.11/java.util.concurrent.locks.AbstractQueuedSynchronizer$ConditionObject.awaitNanos(AbstractQueuedSynchronizer.java:1674)
        at java.base@17.0.11/java.util.concurrent.LinkedBlockingQueue.poll(LinkedBlockingQueue.java:460)
        at app//org.apache.hadoop.ipc.CallQueueManager.take(CallQueueManager.java:317)
        at app//org.apache.hadoop.ipc.Server$Handler.run(Server.java:3014)
"a2876ff0-d178-48ae-a6b6-bf6963d4710d-PeriodicHDDSVolumeChecker" daemon prio=5 tid=542 timed_waiting
java.lang.Thread.State: TIMED_WAITING
        at java.base@17.0.11/jdk.internal.misc.Unsafe.park(Native Method)
        at java.base@17.0.11/java.util.concurrent.locks.LockSupport.parkNanos(LockSupport.java:252)
        at java.base@17.0.11/java.util.concurrent.locks.AbstractQueuedSynchronizer$ConditionObject.awaitNanos(AbstractQueuedSynchronizer.java:1674)
        at java.base@17.0.11/java.util.concurrent.ScheduledThreadPoolExecutor$DelayedWorkQueue.take(ScheduledThreadPoolExecutor.java:1182)
        at java.base@17.0.11/java.util.concurrent.ScheduledThreadPoolExecutor$DelayedWorkQueue.take(ScheduledThreadPoolExecutor.java:899)
        at java.base@17.0.11/java.util.concurrent.ThreadPoolExecutor.getTask(ThreadPoolExecutor.java:1062)
        at java.base@17.0.11/java.util.concurrent.ThreadPoolExecutor.runWorker(ThreadPoolExecutor.java:1122)
        at java.base@17.0.11/java.util.concurrent.ThreadPoolExecutor$Worker.run(ThreadPoolExecutor.java:635)
        at java.base@17.0.11/java.lang.Thread.run(Thread.java:840)
"IPC Server handler 32 on default port 15001" daemon prio=5 tid=191 timed_waiting
java.lang.Thread.State: TIMED_WAITING
        at java.base@17.0.11/jdk.internal.misc.Unsafe.park(Native Method)
        at java.base@17.0.11/java.util.concurrent.locks.LockSupport.parkNanos(LockSupport.java:252)
        at java.base@17.0.11/java.util.concurrent.locks.AbstractQueuedSynchronizer$ConditionObject.awaitNanos(AbstractQueuedSynchronizer.java:1674)
        at java.base@17.0.11/java.util.concurrent.LinkedBlockingQueue.poll(LinkedBlockingQueue.java:460)
        at app//org.apache.hadoop.ipc.CallQueueManager.take(CallQueueManager.java:317)
        at app//org.apache.hadoop.ipc.Server$Handler.run(Server.java:3014)
"qtp173418363-442" daemon prio=5 tid=442 runnable
java.lang.Thread.State: RUNNABLE
        at java.base@17.0.11/sun.nio.ch.EPoll.wait(Native Method)
        at java.base@17.0.11/sun.nio.ch.EPollSelectorImpl.doSelect(EPollSelectorImpl.java:118)
        at java.base@17.0.11/sun.nio.ch.SelectorImpl.lockAndDoSelect(SelectorImpl.java:129)
        at java.base@17.0.11/sun.nio.ch.SelectorImpl.select(SelectorImpl.java:146)
        at app//org.eclipse.jetty.io.ManagedSelector.nioSelect(ManagedSelector.java:183)
        at app//org.eclipse.jetty.io.ManagedSelector.select(ManagedSelector.java:190)
        at app//org.eclipse.jetty.io.ManagedSelector$SelectorProducer.select(ManagedSelector.java:606)
        at app//org.eclipse.jetty.io.ManagedSelector$SelectorProducer.produce(ManagedSelector.java:543)
        at app//org.eclipse.jetty.util.thread.strategy.EatWhatYouKill.produceTask(EatWhatYouKill.java:362)
        at app//org.eclipse.jetty.util.thread.strategy.EatWhatYouKill.doProduce(EatWhatYouKill.java:186)
        at app//org.eclipse.jetty.util.thread.strategy.EatWhatYouKill.tryProduce(EatWhatYouKill.java:173)
        at app//org.eclipse.jetty.util.thread.strategy.EatWhatYouKill.produce(EatWhatYouKill.java:137)
        at app//org.eclipse.jetty.io.ManagedSelector$$Lambda$818/0x00007fe3805422c8.run(Unknown Source)
        at app//org.eclipse.jetty.util.thread.QueuedThreadPool.runJob(QueuedThreadPool.java:883)
        at app//org.eclipse.jetty.util.thread.QueuedThreadPool$Runner.run(QueuedThreadPool.java:1034)
        at java.base@17.0.11/java.lang.Thread.run(Thread.java:840)
"StaleRecoveringContainerScrubbingService#1" daemon prio=5 tid=555 in Object.wait()
java.lang.Thread.State: WAITING (on object monitor)
        at java.base@17.0.11/jdk.internal.misc.Unsafe.park(Native Method)
        at java.base@17.0.11/java.util.concurrent.locks.LockSupport.park(LockSupport.java:341)
        at java.base@17.0.11/java.util.concurrent.locks.AbstractQueuedSynchronizer$ConditionNode.block(AbstractQueuedSynchronizer.java:506)
        at java.base@17.0.11/java.util.concurrent.ForkJoinPool.unmanagedBlock(ForkJoinPool.java:3465)
        at java.base@17.0.11/java.util.concurrent.ForkJoinPool.managedBlock(ForkJoinPool.java:3436)
        at java.base@17.0.11/java.util.concurrent.locks.AbstractQueuedSynchronizer$ConditionObject.await(AbstractQueuedSynchronizer.java:1625)
        at java.base@17.0.11/java.util.concurrent.ScheduledThreadPoolExecutor$DelayedWorkQueue.take(ScheduledThreadPoolExecutor.java:1177)
        at java.base@17.0.11/java.util.concurrent.ScheduledThreadPoolExecutor$DelayedWorkQueue.take(ScheduledThreadPoolExecutor.java:899)
        at java.base@17.0.11/java.util.concurrent.ThreadPoolExecutor.getTask(ThreadPoolExecutor.java:1062)
        at java.base@17.0.11/java.util.concurrent.ThreadPoolExecutor.runWorker(ThreadPoolExecutor.java:1122)
        at java.base@17.0.11/java.util.concurrent.ThreadPoolExecutor$Worker.run(ThreadPoolExecutor.java:635)
        at java.base@17.0.11/java.lang.Thread.run(Thread.java:840)
"IPC Server handler 35 on default port 15002" daemon prio=5 tid=294 timed_waiting
java.lang.Thread.State: TIMED_WAITING
        at java.base@17.0.11/jdk.internal.misc.Unsafe.park(Native Method)
        at java.base@17.0.11/java.util.concurrent.locks.LockSupport.parkNanos(LockSupport.java:252)
        at java.base@17.0.11/java.util.concurrent.locks.AbstractQueuedSynchronizer$ConditionObject.awaitNanos(AbstractQueuedSynchronizer.java:1674)
        at java.base@17.0.11/java.util.concurrent.LinkedBlockingQueue.poll(LinkedBlockingQueue.java:460)
        at app//org.apache.hadoop.ipc.CallQueueManager.take(CallQueueManager.java:317)
        at app//org.apache.hadoop.ipc.Server$Handler.run(Server.java:3014)
"Socket Reader #1 for port 15028"  prio=5 tid=507 runnable
java.lang.Thread.State: RUNNABLE
        at java.base@17.0.11/sun.nio.ch.EPoll.wait(Native Method)
        at java.base@17.0.11/sun.nio.ch.EPollSelectorImpl.doSelect(EPollSelectorImpl.java:118)
        at java.base@17.0.11/sun.nio.ch.SelectorImpl.lockAndDoSelect(SelectorImpl.java:129)
        at java.base@17.0.11/sun.nio.ch.SelectorImpl.select(SelectorImpl.java:146)
        at app//org.apache.hadoop.ipc.Server$Listener$Reader.doRunLoop(Server.java:1346)
        at app//org.apache.hadoop.ipc.Server$Listener$Reader.run(Server.java:1325)
"IPC Server handler 17 on default port 15004" daemon prio=5 tid=432 timed_waiting
java.lang.Thread.State: TIMED_WAITING
        at java.base@17.0.11/jdk.internal.misc.Unsafe.park(Native Method)
        at java.base@17.0.11/java.util.concurrent.locks.LockSupport.parkNanos(LockSupport.java:252)
        at java.base@17.0.11/java.util.concurrent.locks.AbstractQueuedSynchronizer$ConditionObject.awaitNanos(AbstractQueuedSynchronizer.java:1674)
        at java.base@17.0.11/java.util.concurrent.LinkedBlockingQueue.poll(LinkedBlockingQueue.java:460)
        at app//org.apache.hadoop.ipc.CallQueueManager.take(CallQueueManager.java:317)
        at app//org.apache.hadoop.ipc.Server$Handler.run(Server.java:3014)
"qtp1038401449-500" daemon prio=5 tid=500 timed_waiting
java.lang.Thread.State: TIMED_WAITING
        at java.base@17.0.11/jdk.internal.misc.Unsafe.park(Native Method)
        at java.base@17.0.11/java.util.concurrent.locks.LockSupport.parkNanos(LockSupport.java:252)
        at java.base@17.0.11/java.util.concurrent.locks.AbstractQueuedSynchronizer$ConditionObject.awaitNanos(AbstractQueuedSynchronizer.java:1674)
        at app//org.eclipse.jetty.util.BlockingArrayQueue.poll(BlockingArrayQueue.java:382)
        at app//org.eclipse.jetty.util.thread.QueuedThreadPool$Runner.idleJobPoll(QueuedThreadPool.java:974)
        at app//org.eclipse.jetty.util.thread.QueuedThreadPool$Runner.run(QueuedThreadPool.java:1018)
        at java.base@17.0.11/java.lang.Thread.run(Thread.java:840)
"a2876ff0-d178-48ae-a6b6-bf6963d4710d-DatanodeStateMachineTaskThread-1"  prio=5 tid=539 in Object.wait()
java.lang.Thread.State: WAITING (on object monitor)
        at java.base@17.0.11/jdk.internal.misc.Unsafe.park(Native Method)
        at java.base@17.0.11/java.util.concurrent.locks.LockSupport.park(LockSupport.java:341)
        at java.base@17.0.11/java.util.concurrent.locks.AbstractQueuedSynchronizer$ConditionNode.block(AbstractQueuedSynchronizer.java:506)
        at java.base@17.0.11/java.util.concurrent.ForkJoinPool.unmanagedBlock(ForkJoinPool.java:3465)
        at java.base@17.0.11/java.util.concurrent.ForkJoinPool.managedBlock(ForkJoinPool.java:3436)
        at java.base@17.0.11/java.util.concurrent.locks.AbstractQueuedSynchronizer$ConditionObject.await(AbstractQueuedSynchronizer.java:1625)
        at java.base@17.0.11/java.util.concurrent.LinkedBlockingQueue.take(LinkedBlockingQueue.java:435)
        at java.base@17.0.11/java.util.concurrent.ThreadPoolExecutor.getTask(ThreadPoolExecutor.java:1062)
        at java.base@17.0.11/java.util.concurrent.ThreadPoolExecutor.runWorker(ThreadPoolExecutor.java:1122)
        at java.base@17.0.11/java.util.concurrent.ThreadPoolExecutor$Worker.run(ThreadPoolExecutor.java:635)
        at java.base@17.0.11/java.lang.Thread.run(Thread.java:840)
"IPC Server handler 94 on default port 15000" daemon prio=5 tid=153 timed_waiting
java.lang.Thread.State: TIMED_WAITING
        at java.base@17.0.11/jdk.internal.misc.Unsafe.park(Native Method)
        at java.base@17.0.11/java.util.concurrent.locks.LockSupport.parkNanos(LockSupport.java:252)
        at java.base@17.0.11/java.util.concurrent.locks.AbstractQueuedSynchronizer$ConditionObject.awaitNanos(AbstractQueuedSynchronizer.java:1674)
        at java.base@17.0.11/java.util.concurrent.LinkedBlockingQueue.poll(LinkedBlockingQueue.java:460)
        at app//org.apache.hadoop.ipc.CallQueueManager.take(CallQueueManager.java:317)
        at app//org.apache.hadoop.ipc.Server$Handler.run(Server.java:3014)
"4f6a4ba8-7237-4720-8e71-4cf4f347a525@group-D141C8AEF8DE-LeaderStateImpl" daemon prio=5 tid=702 timed_waiting
java.lang.Thread.State: TIMED_WAITING
        at java.base@17.0.11/jdk.internal.misc.Unsafe.park(Native Method)
        at java.base@17.0.11/java.util.concurrent.locks.LockSupport.parkNanos(LockSupport.java:252)
        at java.base@17.0.11/java.util.concurrent.locks.AbstractQueuedSynchronizer$ConditionObject.awaitNanos(AbstractQueuedSynchronizer.java:1674)
        at java.base@17.0.11/java.util.concurrent.ArrayBlockingQueue.poll(ArrayBlockingQueue.java:435)
        at app//org.apache.ratis.server.impl.LeaderStateImpl$EventQueue.poll(LeaderStateImpl.java:164)
        at app//org.apache.ratis.server.impl.LeaderStateImpl$EventProcessor.run(LeaderStateImpl.java:766)
"SCMBlockDeletingService#0" daemon prio=5 tid=359 timed_waiting
java.lang.Thread.State: TIMED_WAITING
        at java.base@17.0.11/jdk.internal.misc.Unsafe.park(Native Method)
        at java.base@17.0.11/java.util.concurrent.locks.LockSupport.parkNanos(LockSupport.java:252)
        at java.base@17.0.11/java.util.concurrent.locks.AbstractQueuedSynchronizer$ConditionObject.awaitNanos(AbstractQueuedSynchronizer.java:1674)
        at java.base@17.0.11/java.util.concurrent.ScheduledThreadPoolExecutor$DelayedWorkQueue.take(ScheduledThreadPoolExecutor.java:1182)
        at java.base@17.0.11/java.util.concurrent.ScheduledThreadPoolExecutor$DelayedWorkQueue.take(ScheduledThreadPoolExecutor.java:899)
        at java.base@17.0.11/java.util.concurrent.ThreadPoolExecutor.getTask(ThreadPoolExecutor.java:1062)
        at java.base@17.0.11/java.util.concurrent.ThreadPoolExecutor.runWorker(ThreadPoolExecutor.java:1122)
        at java.base@17.0.11/java.util.concurrent.ThreadPoolExecutor$Worker.run(ThreadPoolExecutor.java:635)
        at java.base@17.0.11/java.lang.Thread.run(Thread.java:840)
"a2876ff0-d178-48ae-a6b6-bf6963d4710d@group-87A56816AD29-cacheEviction-AwaitToRun" daemon prio=5 tid=599 in Object.wait()
java.lang.Thread.State: WAITING (on object monitor)
        at java.base@17.0.11/jdk.internal.misc.Unsafe.park(Native Method)
        at java.base@17.0.11/java.util.concurrent.locks.LockSupport.park(LockSupport.java:341)
        at java.base@17.0.11/java.util.concurrent.locks.AbstractQueuedSynchronizer$ConditionNode.block(AbstractQueuedSynchronizer.java:506)
        at java.base@17.0.11/java.util.concurrent.ForkJoinPool.unmanagedBlock(ForkJoinPool.java:3465)
        at java.base@17.0.11/java.util.concurrent.ForkJoinPool.managedBlock(ForkJoinPool.java:3436)
        at java.base@17.0.11/java.util.concurrent.locks.AbstractQueuedSynchronizer$ConditionObject.await(AbstractQueuedSynchronizer.java:1625)
        at app//org.apache.ratis.util.AwaitForSignal.await(AwaitForSignal.java:48)
        at app//org.apache.ratis.util.AwaitToRun$RunnableImpl.run(AwaitToRun.java:47)
        at java.base@17.0.11/java.lang.Thread.run(Thread.java:840)
"IPC Server handler 67 on default port 15001" daemon prio=5 tid=226 timed_waiting
java.lang.Thread.State: TIMED_WAITING
        at java.base@17.0.11/jdk.internal.misc.Unsafe.park(Native Method)
        at java.base@17.0.11/java.util.concurrent.locks.LockSupport.parkNanos(LockSupport.java:252)
        at java.base@17.0.11/java.util.concurrent.locks.AbstractQueuedSynchronizer$ConditionObject.awaitNanos(AbstractQueuedSynchronizer.java:1674)
        at java.base@17.0.11/java.util.concurrent.LinkedBlockingQueue.poll(LinkedBlockingQueue.java:460)
        at app//org.apache.hadoop.ipc.CallQueueManager.take(CallQueueManager.java:317)
        at app//org.apache.hadoop.ipc.Server$Handler.run(Server.java:3014)
"SCMHeartbeatProcessor-0" daemon prio=5 tid=25 timed_waiting
java.lang.Thread.State: TIMED_WAITING
        at java.base@17.0.11/jdk.internal.misc.Unsafe.park(Native Method)
        at java.base@17.0.11/java.util.concurrent.locks.LockSupport.parkNanos(LockSupport.java:252)
        at java.base@17.0.11/java.util.concurrent.locks.AbstractQueuedSynchronizer$ConditionObject.awaitNanos(AbstractQueuedSynchronizer.java:1674)
        at java.base@17.0.11/java.util.concurrent.ScheduledThreadPoolExecutor$DelayedWorkQueue.take(ScheduledThreadPoolExecutor.java:1182)
        at java.base@17.0.11/java.util.concurrent.ScheduledThreadPoolExecutor$DelayedWorkQueue.take(ScheduledThreadPoolExecutor.java:899)
        at java.base@17.0.11/java.util.concurrent.ThreadPoolExecutor.getTask(ThreadPoolExecutor.java:1062)
        at java.base@17.0.11/java.util.concurrent.ThreadPoolExecutor.runWorker(ThreadPoolExecutor.java:1122)
        at java.base@17.0.11/java.util.concurrent.ThreadPoolExecutor$Worker.run(ThreadPoolExecutor.java:635)
        at java.base@17.0.11/java.lang.Thread.run(Thread.java:840)
"IPC Server handler 74 on default port 15002" daemon prio=5 tid=333 timed_waiting
java.lang.Thread.State: TIMED_WAITING
        at java.base@17.0.11/jdk.internal.misc.Unsafe.park(Native Method)
        at java.base@17.0.11/java.util.concurrent.locks.LockSupport.parkNanos(LockSupport.java:252)
        at java.base@17.0.11/java.util.concurrent.locks.AbstractQueuedSynchronizer$ConditionObject.awaitNanos(AbstractQueuedSynchronizer.java:1674)
        at java.base@17.0.11/java.util.concurrent.LinkedBlockingQueue.poll(LinkedBlockingQueue.java:460)
        at app//org.apache.hadoop.ipc.CallQueueManager.take(CallQueueManager.java:317)
        at app//org.apache.hadoop.ipc.Server$Handler.run(Server.java:3014)
"StaleRecoveringContainerScrubbingService#1" daemon prio=5 tid=574 in Object.wait()
java.lang.Thread.State: WAITING (on object monitor)
        at java.base@17.0.11/jdk.internal.misc.Unsafe.park(Native Method)
        at java.base@17.0.11/java.util.concurrent.locks.LockSupport.park(LockSupport.java:341)
        at java.base@17.0.11/java.util.concurrent.locks.AbstractQueuedSynchronizer$ConditionNode.block(AbstractQueuedSynchronizer.java:506)
        at java.base@17.0.11/java.util.concurrent.ForkJoinPool.unmanagedBlock(ForkJoinPool.java:3465)
        at java.base@17.0.11/java.util.concurrent.ForkJoinPool.managedBlock(ForkJoinPool.java:3436)
        at java.base@17.0.11/java.util.concurrent.locks.AbstractQueuedSynchronizer$ConditionObject.await(AbstractQueuedSynchronizer.java:1625)
        at java.base@17.0.11/java.util.concurrent.ScheduledThreadPoolExecutor$DelayedWorkQueue.take(ScheduledThreadPoolExecutor.java:1177)
        at java.base@17.0.11/java.util.concurrent.ScheduledThreadPoolExecutor$DelayedWorkQueue.take(ScheduledThreadPoolExecutor.java:899)
        at java.base@17.0.11/java.util.concurrent.ThreadPoolExecutor.getTask(ThreadPoolExecutor.java:1062)
        at java.base@17.0.11/java.util.concurrent.ThreadPoolExecutor.runWorker(ThreadPoolExecutor.java:1122)
        at java.base@17.0.11/java.util.concurrent.ThreadPoolExecutor$Worker.run(ThreadPoolExecutor.java:635)
        at java.base@17.0.11/java.lang.Thread.run(Thread.java:840)
"IPC Server handler 16 on default port 15000" daemon prio=5 tid=75 timed_waiting
java.lang.Thread.State: TIMED_WAITING
        at java.base@17.0.11/jdk.internal.misc.Unsafe.park(Native Method)
        at java.base@17.0.11/java.util.concurrent.locks.LockSupport.parkNanos(LockSupport.java:252)
        at java.base@17.0.11/java.util.concurrent.locks.AbstractQueuedSynchronizer$ConditionObject.awaitNanos(AbstractQueuedSynchronizer.java:1674)
        at java.base@17.0.11/java.util.concurrent.LinkedBlockingQueue.poll(LinkedBlockingQueue.java:460)
        at app//org.apache.hadoop.ipc.CallQueueManager.take(CallQueueManager.java:317)
        at app//org.apache.hadoop.ipc.Server$Handler.run(Server.java:3014)
"IPC Server handler 15 on default port 15001" daemon prio=5 tid=174 timed_waiting
java.lang.Thread.State: TIMED_WAITING
        at java.base@17.0.11/jdk.internal.misc.Unsafe.park(Native Method)
        at java.base@17.0.11/java.util.concurrent.locks.LockSupport.parkNanos(LockSupport.java:252)
        at java.base@17.0.11/java.util.concurrent.locks.AbstractQueuedSynchronizer$ConditionObject.awaitNanos(AbstractQueuedSynchronizer.java:1674)
        at java.base@17.0.11/java.util.concurrent.LinkedBlockingQueue.poll(LinkedBlockingQueue.java:460)
        at app//org.apache.hadoop.ipc.CallQueueManager.take(CallQueueManager.java:317)
        at app//org.apache.hadoop.ipc.Server$Handler.run(Server.java:3014)
"IPC Server handler 9 on default port 15002" daemon prio=5 tid=268 timed_waiting
java.lang.Thread.State: TIMED_WAITING
        at java.base@17.0.11/jdk.internal.misc.Unsafe.park(Native Method)
        at java.base@17.0.11/java.util.concurrent.locks.LockSupport.parkNanos(LockSupport.java:252)
        at java.base@17.0.11/java.util.concurrent.locks.AbstractQueuedSynchronizer$ConditionObject.awaitNanos(AbstractQueuedSynchronizer.java:1674)
        at java.base@17.0.11/java.util.concurrent.LinkedBlockingQueue.poll(LinkedBlockingQueue.java:460)
        at app//org.apache.hadoop.ipc.CallQueueManager.take(CallQueueManager.java:317)
        at app//org.apache.hadoop.ipc.Server$Handler.run(Server.java:3014)
"a2876ff0-d178-48ae-a6b6-bf6963d4710d-BlockDeletingService#1" daemon prio=5 tid=556 in Object.wait()
java.lang.Thread.State: WAITING (on object monitor)
        at java.base@17.0.11/jdk.internal.misc.Unsafe.park(Native Method)
        at java.base@17.0.11/java.util.concurrent.locks.LockSupport.park(LockSupport.java:341)
        at java.base@17.0.11/java.util.concurrent.locks.AbstractQueuedSynchronizer$ConditionNode.block(AbstractQueuedSynchronizer.java:506)
        at java.base@17.0.11/java.util.concurrent.ForkJoinPool.unmanagedBlock(ForkJoinPool.java:3465)
        at java.base@17.0.11/java.util.concurrent.ForkJoinPool.managedBlock(ForkJoinPool.java:3436)
        at java.base@17.0.11/java.util.concurrent.locks.AbstractQueuedSynchronizer$ConditionObject.await(AbstractQueuedSynchronizer.java:1625)
        at java.base@17.0.11/java.util.concurrent.ScheduledThreadPoolExecutor$DelayedWorkQueue.take(ScheduledThreadPoolExecutor.java:1177)
        at java.base@17.0.11/java.util.concurrent.ScheduledThreadPoolExecutor$DelayedWorkQueue.take(ScheduledThreadPoolExecutor.java:899)
        at java.base@17.0.11/java.util.concurrent.ThreadPoolExecutor.getTask(ThreadPoolExecutor.java:1062)
        at java.base@17.0.11/java.util.concurrent.ThreadPoolExecutor.runWorker(ThreadPoolExecutor.java:1122)
        at java.base@17.0.11/java.util.concurrent.ThreadPoolExecutor$Worker.run(ThreadPoolExecutor.java:635)
        at java.base@17.0.11/java.lang.Thread.run(Thread.java:840)
"IPC Server handler 27 on default port 15001" daemon prio=5 tid=186 timed_waiting
java.lang.Thread.State: TIMED_WAITING
        at java.base@17.0.11/jdk.internal.misc.Unsafe.park(Native Method)
        at java.base@17.0.11/java.util.concurrent.locks.LockSupport.parkNanos(LockSupport.java:252)
        at java.base@17.0.11/java.util.concurrent.locks.AbstractQueuedSynchronizer$ConditionObject.awaitNanos(AbstractQueuedSynchronizer.java:1674)
        at java.base@17.0.11/java.util.concurrent.LinkedBlockingQueue.poll(LinkedBlockingQueue.java:460)
        at app//org.apache.hadoop.ipc.CallQueueManager.take(CallQueueManager.java:317)
        at app//org.apache.hadoop.ipc.Server$Handler.run(Server.java:3014)
"IPC Server handler 81 on default port 15000" daemon prio=5 tid=140 timed_waiting
java.lang.Thread.State: TIMED_WAITING
        at java.base@17.0.11/jdk.internal.misc.Unsafe.park(Native Method)
        at java.base@17.0.11/java.util.concurrent.locks.LockSupport.parkNanos(LockSupport.java:252)
        at java.base@17.0.11/java.util.concurrent.locks.AbstractQueuedSynchronizer$ConditionObject.awaitNanos(AbstractQueuedSynchronizer.java:1674)
        at java.base@17.0.11/java.util.concurrent.LinkedBlockingQueue.poll(LinkedBlockingQueue.java:460)
        at app//org.apache.hadoop.ipc.CallQueueManager.take(CallQueueManager.java:317)
        at app//org.apache.hadoop.ipc.Server$Handler.run(Server.java:3014)
"IPC Server handler 51 on default port 15000" daemon prio=5 tid=110 timed_waiting
java.lang.Thread.State: TIMED_WAITING
        at java.base@17.0.11/jdk.internal.misc.Unsafe.park(Native Method)
        at java.base@17.0.11/java.util.concurrent.locks.LockSupport.parkNanos(LockSupport.java:252)
        at java.base@17.0.11/java.util.concurrent.locks.AbstractQueuedSynchronizer$ConditionObject.awaitNanos(AbstractQueuedSynchronizer.java:1674)
        at java.base@17.0.11/java.util.concurrent.LinkedBlockingQueue.poll(LinkedBlockingQueue.java:460)
        at app//org.apache.hadoop.ipc.CallQueueManager.take(CallQueueManager.java:317)
        at app//org.apache.hadoop.ipc.Server$Handler.run(Server.java:3014)
"IPC Server handler 69 on default port 15000" daemon prio=5 tid=128 timed_waiting
java.lang.Thread.State: TIMED_WAITING
        at java.base@17.0.11/jdk.internal.misc.Unsafe.park(Native Method)
        at java.base@17.0.11/java.util.concurrent.locks.LockSupport.parkNanos(LockSupport.java:252)
        at java.base@17.0.11/java.util.concurrent.locks.AbstractQueuedSynchronizer$ConditionObject.awaitNanos(AbstractQueuedSynchronizer.java:1674)
        at java.base@17.0.11/java.util.concurrent.LinkedBlockingQueue.poll(LinkedBlockingQueue.java:460)
        at app//org.apache.hadoop.ipc.CallQueueManager.take(CallQueueManager.java:317)
        at app//org.apache.hadoop.ipc.Server$Handler.run(Server.java:3014)
"IPC Server handler 63 on default port 15002" daemon prio=5 tid=322 timed_waiting
java.lang.Thread.State: TIMED_WAITING
        at java.base@17.0.11/jdk.internal.misc.Unsafe.park(Native Method)
        at java.base@17.0.11/java.util.concurrent.locks.LockSupport.parkNanos(LockSupport.java:252)
        at java.base@17.0.11/java.util.concurrent.locks.AbstractQueuedSynchronizer$ConditionObject.awaitNanos(AbstractQueuedSynchronizer.java:1674)
        at java.base@17.0.11/java.util.concurrent.LinkedBlockingQueue.poll(LinkedBlockingQueue.java:460)
        at app//org.apache.hadoop.ipc.CallQueueManager.take(CallQueueManager.java:317)
        at app//org.apache.hadoop.ipc.Server$Handler.run(Server.java:3014)
"IPC Server handler 48 on default port 15002" daemon prio=5 tid=307 timed_waiting
java.lang.Thread.State: TIMED_WAITING
        at java.base@17.0.11/jdk.internal.misc.Unsafe.park(Native Method)
        at java.base@17.0.11/java.util.concurrent.locks.LockSupport.parkNanos(LockSupport.java:252)
        at java.base@17.0.11/java.util.concurrent.locks.AbstractQueuedSynchronizer$ConditionObject.awaitNanos(AbstractQueuedSynchronizer.java:1674)
        at java.base@17.0.11/java.util.concurrent.LinkedBlockingQueue.poll(LinkedBlockingQueue.java:460)
        at app//org.apache.hadoop.ipc.CallQueueManager.take(CallQueueManager.java:317)
        at app//org.apache.hadoop.ipc.Server$Handler.run(Server.java:3014)
"IPC Server handler 52 on default port 15002" daemon prio=5 tid=311 timed_waiting
java.lang.Thread.State: TIMED_WAITING
        at java.base@17.0.11/jdk.internal.misc.Unsafe.park(Native Method)
        at java.base@17.0.11/java.util.concurrent.locks.LockSupport.parkNanos(LockSupport.java:252)
        at java.base@17.0.11/java.util.concurrent.locks.AbstractQueuedSynchronizer$ConditionObject.awaitNanos(AbstractQueuedSynchronizer.java:1674)
        at java.base@17.0.11/java.util.concurrent.LinkedBlockingQueue.poll(LinkedBlockingQueue.java:460)
        at app//org.apache.hadoop.ipc.CallQueueManager.take(CallQueueManager.java:317)
        at app//org.apache.hadoop.ipc.Server$Handler.run(Server.java:3014)
"IPC Server handler 24 on default port 15001" daemon prio=5 tid=183 timed_waiting
java.lang.Thread.State: TIMED_WAITING
        at java.base@17.0.11/jdk.internal.misc.Unsafe.park(Native Method)
        at java.base@17.0.11/java.util.concurrent.locks.LockSupport.parkNanos(LockSupport.java:252)
        at java.base@17.0.11/java.util.concurrent.locks.AbstractQueuedSynchronizer$ConditionObject.awaitNanos(AbstractQueuedSynchronizer.java:1674)
        at java.base@17.0.11/java.util.concurrent.LinkedBlockingQueue.poll(LinkedBlockingQueue.java:460)
        at app//org.apache.hadoop.ipc.CallQueueManager.take(CallQueueManager.java:317)
        at app//org.apache.hadoop.ipc.Server$Handler.run(Server.java:3014)
"IPC Server handler 25 on default port 15001" daemon prio=5 tid=184 timed_waiting
java.lang.Thread.State: TIMED_WAITING
        at java.base@17.0.11/jdk.internal.misc.Unsafe.park(Native Method)
        at java.base@17.0.11/java.util.concurrent.locks.LockSupport.parkNanos(LockSupport.java:252)
        at java.base@17.0.11/java.util.concurrent.locks.AbstractQueuedSynchronizer$ConditionObject.awaitNanos(AbstractQueuedSynchronizer.java:1674)
        at java.base@17.0.11/java.util.concurrent.LinkedBlockingQueue.poll(LinkedBlockingQueue.java:460)
        at app//org.apache.hadoop.ipc.CallQueueManager.take(CallQueueManager.java:317)
        at app//org.apache.hadoop.ipc.Server$Handler.run(Server.java:3014)
"a2876ff0-d178-48ae-a6b6-bf6963d4710d-NettyServerStreamRpc-bossGroup--thread1"  prio=5 tid=464 runnable
java.lang.Thread.State: RUNNABLE
        at app//org.apache.ratis.thirdparty.io.netty.channel.epoll.Native.epollWait(Native Method)
        at app//org.apache.ratis.thirdparty.io.netty.channel.epoll.Native.epollWait(Native.java:220)
        at app//org.apache.ratis.thirdparty.io.netty.channel.epoll.Native.epollWait(Native.java:213)
        at app//org.apache.ratis.thirdparty.io.netty.channel.epoll.EpollEventLoop.epollWaitNoTimerChange(EpollEventLoop.java:308)
        at app//org.apache.ratis.thirdparty.io.netty.channel.epoll.EpollEventLoop.run(EpollEventLoop.java:365)
        at app//org.apache.ratis.thirdparty.io.netty.util.concurrent.SingleThreadEventExecutor$4.run(SingleThreadEventExecutor.java:997)
        at app//org.apache.ratis.thirdparty.io.netty.util.internal.ThreadExecutorMap$2.run(ThreadExecutorMap.java:74)
        at java.base@17.0.11/java.lang.Thread.run(Thread.java:840)
"qtp631007928-366" daemon prio=5 tid=366 timed_waiting
java.lang.Thread.State: TIMED_WAITING
        at java.base@17.0.11/jdk.internal.misc.Unsafe.park(Native Method)
        at java.base@17.0.11/java.util.concurrent.locks.LockSupport.parkNanos(LockSupport.java:252)
        at java.base@17.0.11/java.util.concurrent.locks.AbstractQueuedSynchronizer$ConditionObject.awaitNanos(AbstractQueuedSynchronizer.java:1674)
        at app//org.eclipse.jetty.util.BlockingArrayQueue.poll(BlockingArrayQueue.java:382)
        at app//org.eclipse.jetty.util.thread.QueuedThreadPool$Runner.idleJobPoll(QueuedThreadPool.java:974)
        at app//org.eclipse.jetty.util.thread.QueuedThreadPool$Runner.run(QueuedThreadPool.java:1018)
        at java.base@17.0.11/java.lang.Thread.run(Thread.java:840)
"IPC Server handler 0 on default port 15000" daemon prio=5 tid=59 timed_waiting
java.lang.Thread.State: TIMED_WAITING
        at java.base@17.0.11/jdk.internal.misc.Unsafe.park(Native Method)
        at java.base@17.0.11/java.util.concurrent.locks.LockSupport.parkNanos(LockSupport.java:252)
        at java.base@17.0.11/java.util.concurrent.locks.AbstractQueuedSynchronizer$ConditionObject.awaitNanos(AbstractQueuedSynchronizer.java:1674)
        at java.base@17.0.11/java.util.concurrent.LinkedBlockingQueue.poll(LinkedBlockingQueue.java:460)
        at app//org.apache.hadoop.ipc.CallQueueManager.take(CallQueueManager.java:317)
        at app//org.apache.hadoop.ipc.Server$Handler.run(Server.java:3014)
"4f6a4ba8-7237-4720-8e71-4cf4f347a525-PipelineCommandHandlerThread-0"  prio=5 tid=644 in Object.wait()
java.lang.Thread.State: WAITING (on object monitor)
        at java.base@17.0.11/jdk.internal.misc.Unsafe.park(Native Method)
        at java.base@17.0.11/java.util.concurrent.locks.LockSupport.park(LockSupport.java:341)
        at java.base@17.0.11/java.util.concurrent.locks.AbstractQueuedSynchronizer$ConditionNode.block(AbstractQueuedSynchronizer.java:506)
        at java.base@17.0.11/java.util.concurrent.ForkJoinPool.unmanagedBlock(ForkJoinPool.java:3465)
        at java.base@17.0.11/java.util.concurrent.ForkJoinPool.managedBlock(ForkJoinPool.java:3436)
        at java.base@17.0.11/java.util.concurrent.locks.AbstractQueuedSynchronizer$ConditionObject.await(AbstractQueuedSynchronizer.java:1625)
        at java.base@17.0.11/java.util.concurrent.LinkedBlockingQueue.take(LinkedBlockingQueue.java:435)
        at java.base@17.0.11/java.util.concurrent.ThreadPoolExecutor.getTask(ThreadPoolExecutor.java:1062)
        at java.base@17.0.11/java.util.concurrent.ThreadPoolExecutor.runWorker(ThreadPoolExecutor.java:1122)
        at java.base@17.0.11/java.util.concurrent.ThreadPoolExecutor$Worker.run(ThreadPoolExecutor.java:635)
        at java.base@17.0.11/java.lang.Thread.run(Thread.java:840)
"IPC Server handler 2 on default port 15001" daemon prio=5 tid=161 timed_waiting
java.lang.Thread.State: TIMED_WAITING
        at java.base@17.0.11/jdk.internal.misc.Unsafe.park(Native Method)
        at java.base@17.0.11/java.util.concurrent.locks.LockSupport.parkNanos(LockSupport.java:252)
        at java.base@17.0.11/java.util.concurrent.locks.AbstractQueuedSynchronizer$ConditionObject.awaitNanos(AbstractQueuedSynchronizer.java:1674)
        at java.base@17.0.11/java.util.concurrent.LinkedBlockingQueue.poll(LinkedBlockingQueue.java:460)
        at app//org.apache.hadoop.ipc.CallQueueManager.take(CallQueueManager.java:317)
        at app//org.apache.hadoop.ipc.Server$Handler.run(Server.java:3014)
"IPC Server handler 70 on default port 15001" daemon prio=5 tid=229 timed_waiting
java.lang.Thread.State: TIMED_WAITING
        at java.base@17.0.11/jdk.internal.misc.Unsafe.park(Native Method)
        at java.base@17.0.11/java.util.concurrent.locks.LockSupport.parkNanos(LockSupport.java:252)
        at java.base@17.0.11/java.util.concurrent.locks.AbstractQueuedSynchronizer$ConditionObject.awaitNanos(AbstractQueuedSynchronizer.java:1674)
        at java.base@17.0.11/java.util.concurrent.LinkedBlockingQueue.poll(LinkedBlockingQueue.java:460)
        at app//org.apache.hadoop.ipc.CallQueueManager.take(CallQueueManager.java:317)
        at app//org.apache.hadoop.ipc.Server$Handler.run(Server.java:3014)
"IPC Server handler 87 on default port 15001" daemon prio=5 tid=246 timed_waiting
java.lang.Thread.State: TIMED_WAITING
        at java.base@17.0.11/jdk.internal.misc.Unsafe.park(Native Method)
        at java.base@17.0.11/java.util.concurrent.locks.LockSupport.parkNanos(LockSupport.java:252)
        at java.base@17.0.11/java.util.concurrent.locks.AbstractQueuedSynchronizer$ConditionObject.awaitNanos(AbstractQueuedSynchronizer.java:1674)
        at java.base@17.0.11/java.util.concurrent.LinkedBlockingQueue.poll(LinkedBlockingQueue.java:460)
        at app//org.apache.hadoop.ipc.CallQueueManager.take(CallQueueManager.java:317)
        at app//org.apache.hadoop.ipc.Server$Handler.run(Server.java:3014)
"StaleRecoveringContainerScrubbingService#0" daemon prio=5 tid=572 timed_waiting
java.lang.Thread.State: TIMED_WAITING
        at java.base@17.0.11/jdk.internal.misc.Unsafe.park(Native Method)
        at java.base@17.0.11/java.util.concurrent.locks.LockSupport.parkNanos(LockSupport.java:252)
        at java.base@17.0.11/java.util.concurrent.locks.AbstractQueuedSynchronizer$ConditionObject.awaitNanos(AbstractQueuedSynchronizer.java:1674)
        at java.base@17.0.11/java.util.concurrent.ScheduledThreadPoolExecutor$DelayedWorkQueue.take(ScheduledThreadPoolExecutor.java:1182)
        at java.base@17.0.11/java.util.concurrent.ScheduledThreadPoolExecutor$DelayedWorkQueue.take(ScheduledThreadPoolExecutor.java:899)
        at java.base@17.0.11/java.util.concurrent.ThreadPoolExecutor.getTask(ThreadPoolExecutor.java:1062)
        at java.base@17.0.11/java.util.concurrent.ThreadPoolExecutor.runWorker(ThreadPoolExecutor.java:1122)
        at java.base@17.0.11/java.util.concurrent.ThreadPoolExecutor$Worker.run(ThreadPoolExecutor.java:635)
        at java.base@17.0.11/java.lang.Thread.run(Thread.java:840)
"IPC Server handler 95 on default port 15002" daemon prio=5 tid=354 timed_waiting
java.lang.Thread.State: TIMED_WAITING
        at java.base@17.0.11/jdk.internal.misc.Unsafe.park(Native Method)
        at java.base@17.0.11/java.util.concurrent.locks.LockSupport.parkNanos(LockSupport.java:252)
        at java.base@17.0.11/java.util.concurrent.locks.AbstractQueuedSynchronizer$ConditionObject.awaitNanos(AbstractQueuedSynchronizer.java:1674)
        at java.base@17.0.11/java.util.concurrent.LinkedBlockingQueue.poll(LinkedBlockingQueue.java:460)
        at app//org.apache.hadoop.ipc.CallQueueManager.take(CallQueueManager.java:317)
        at app//org.apache.hadoop.ipc.Server$Handler.run(Server.java:3014)
"e7fccb5b-6f4b-4a5d-93b5-abfcbb2ccb85@group-87A56816AD29->a2876ff0-d178-48ae-a6b6-bf6963d4710d-GrpcLogAppender-LogAppenderDaemon" daemon prio=5 tid=660 timed_waiting
java.lang.Thread.State: TIMED_WAITING
        at java.base@17.0.11/jdk.internal.misc.Unsafe.park(Native Method)
        at java.base@17.0.11/java.util.concurrent.locks.LockSupport.parkNanos(LockSupport.java:252)
        at java.base@17.0.11/java.util.concurrent.locks.AbstractQueuedSynchronizer$ConditionObject.await(AbstractQueuedSynchronizer.java:1759)
        at app//org.apache.ratis.util.AwaitForSignal.await(AwaitForSignal.java:65)
        at app//org.apache.ratis.grpc.server.GrpcLogAppender.mayWait(GrpcLogAppender.java:290)
        at app//org.apache.ratis.grpc.server.GrpcLogAppender.run(GrpcLogAppender.java:258)
        at app//org.apache.ratis.server.leader.LogAppenderDaemon.run(LogAppenderDaemon.java:80)
        at app//org.apache.ratis.server.leader.LogAppenderDaemon$$Lambda$1624/0x00007fe38091b318.run(Unknown Source)
        at java.base@17.0.11/java.lang.Thread.run(Thread.java:840)
"e7fccb5b-6f4b-4a5d-93b5-abfcbb2ccb85-DatanodeReportManager-0" daemon prio=5 tid=457 in Object.wait()
java.lang.Thread.State: WAITING (on object monitor)
        at java.base@17.0.11/jdk.internal.misc.Unsafe.park(Native Method)
        at java.base@17.0.11/java.util.concurrent.locks.LockSupport.park(LockSupport.java:341)
        at java.base@17.0.11/java.util.concurrent.locks.AbstractQueuedSynchronizer$ConditionNode.block(AbstractQueuedSynchronizer.java:506)
        at java.base@17.0.11/java.util.concurrent.ForkJoinPool.unmanagedBlock(ForkJoinPool.java:3465)
        at java.base@17.0.11/java.util.concurrent.ForkJoinPool.managedBlock(ForkJoinPool.java:3436)
        at java.base@17.0.11/java.util.concurrent.locks.AbstractQueuedSynchronizer$ConditionObject.await(AbstractQueuedSynchronizer.java:1625)
        at java.base@17.0.11/java.util.concurrent.ScheduledThreadPoolExecutor$DelayedWorkQueue.take(ScheduledThreadPoolExecutor.java:1177)
        at java.base@17.0.11/java.util.concurrent.ScheduledThreadPoolExecutor$DelayedWorkQueue.take(ScheduledThreadPoolExecutor.java:899)
        at java.base@17.0.11/java.util.concurrent.ThreadPoolExecutor.getTask(ThreadPoolExecutor.java:1062)
        at java.base@17.0.11/java.util.concurrent.ThreadPoolExecutor.runWorker(ThreadPoolExecutor.java:1122)
        at java.base@17.0.11/java.util.concurrent.ThreadPoolExecutor$Worker.run(ThreadPoolExecutor.java:635)
        at java.base@17.0.11/java.lang.Thread.run(Thread.java:840)
"IPC Server handler 0 on default port 15004" daemon prio=5 tid=415 timed_waiting
java.lang.Thread.State: TIMED_WAITING
        at java.base@17.0.11/jdk.internal.misc.Unsafe.park(Native Method)
        at java.base@17.0.11/java.util.concurrent.locks.LockSupport.parkNanos(LockSupport.java:252)
        at java.base@17.0.11/java.util.concurrent.locks.AbstractQueuedSynchronizer$ConditionObject.awaitNanos(AbstractQueuedSynchronizer.java:1674)
        at java.base@17.0.11/java.util.concurrent.LinkedBlockingQueue.poll(LinkedBlockingQueue.java:460)
        at app//org.apache.hadoop.ipc.CallQueueManager.take(CallQueueManager.java:317)
        at app//org.apache.hadoop.ipc.Server$Handler.run(Server.java:3014)
"IPC Server idle connection scanner for port 15010" daemon prio=5 tid=452 timed_waiting
java.lang.Thread.State: TIMED_WAITING
        at java.base@17.0.11/java.lang.Object.wait(Native Method)
        at java.base@17.0.11/java.util.TimerThread.mainLoop(Timer.java:563)
        at java.base@17.0.11/java.util.TimerThread.run(Timer.java:516)
"om1-SnapshotDeletingService#0" daemon prio=5 tid=402 timed_waiting
java.lang.Thread.State: TIMED_WAITING
        at java.base@17.0.11/jdk.internal.misc.Unsafe.park(Native Method)
        at java.base@17.0.11/java.util.concurrent.locks.LockSupport.parkNanos(LockSupport.java:252)
        at java.base@17.0.11/java.util.concurrent.locks.AbstractQueuedSynchronizer$ConditionObject.awaitNanos(AbstractQueuedSynchronizer.java:1674)
        at java.base@17.0.11/java.util.concurrent.ScheduledThreadPoolExecutor$DelayedWorkQueue.take(ScheduledThreadPoolExecutor.java:1182)
        at java.base@17.0.11/java.util.concurrent.ScheduledThreadPoolExecutor$DelayedWorkQueue.take(ScheduledThreadPoolExecutor.java:899)
        at java.base@17.0.11/java.util.concurrent.ThreadPoolExecutor.getTask(ThreadPoolExecutor.java:1062)
        at java.base@17.0.11/java.util.concurrent.ThreadPoolExecutor.runWorker(ThreadPoolExecutor.java:1122)
        at java.base@17.0.11/java.util.concurrent.ThreadPoolExecutor$Worker.run(ThreadPoolExecutor.java:635)
        at java.base@17.0.11/java.lang.Thread.run(Thread.java:840)
"IPC Server handler 76 on default port 15002" daemon prio=5 tid=335 timed_waiting
java.lang.Thread.State: TIMED_WAITING
        at java.base@17.0.11/jdk.internal.misc.Unsafe.park(Native Method)
        at java.base@17.0.11/java.util.concurrent.locks.LockSupport.parkNanos(LockSupport.java:252)
        at java.base@17.0.11/java.util.concurrent.locks.AbstractQueuedSynchronizer$ConditionObject.awaitNanos(AbstractQueuedSynchronizer.java:1674)
        at java.base@17.0.11/java.util.concurrent.LinkedBlockingQueue.poll(LinkedBlockingQueue.java:460)
        at app//org.apache.hadoop.ipc.CallQueueManager.take(CallQueueManager.java:317)
        at app//org.apache.hadoop.ipc.Server$Handler.run(Server.java:3014)
"qtp631007928-363" daemon prio=5 tid=363 runnable
java.lang.Thread.State: RUNNABLE
        at java.base@17.0.11/sun.nio.ch.EPoll.wait(Native Method)
        at java.base@17.0.11/sun.nio.ch.EPollSelectorImpl.doSelect(EPollSelectorImpl.java:118)
        at java.base@17.0.11/sun.nio.ch.SelectorImpl.lockAndDoSelect(SelectorImpl.java:129)
        at java.base@17.0.11/sun.nio.ch.SelectorImpl.select(SelectorImpl.java:146)
        at app//org.eclipse.jetty.io.ManagedSelector.nioSelect(ManagedSelector.java:183)
        at app//org.eclipse.jetty.io.ManagedSelector.select(ManagedSelector.java:190)
        at app//org.eclipse.jetty.io.ManagedSelector$SelectorProducer.select(ManagedSelector.java:606)
        at app//org.eclipse.jetty.io.ManagedSelector$SelectorProducer.produce(ManagedSelector.java:543)
        at app//org.eclipse.jetty.util.thread.strategy.EatWhatYouKill.produceTask(EatWhatYouKill.java:362)
        at app//org.eclipse.jetty.util.thread.strategy.EatWhatYouKill.doProduce(EatWhatYouKill.java:186)
        at app//org.eclipse.jetty.util.thread.strategy.EatWhatYouKill.tryProduce(EatWhatYouKill.java:173)
        at app//org.eclipse.jetty.util.thread.strategy.EatWhatYouKill.produce(EatWhatYouKill.java:137)
        at app//org.eclipse.jetty.io.ManagedSelector$$Lambda$818/0x00007fe3805422c8.run(Unknown Source)
        at app//org.eclipse.jetty.util.thread.QueuedThreadPool.runJob(QueuedThreadPool.java:883)
        at app//org.eclipse.jetty.util.thread.QueuedThreadPool$Runner.run(QueuedThreadPool.java:1034)
        at java.base@17.0.11/java.lang.Thread.run(Thread.java:840)
"SnapshotCacheCleanupService" daemon prio=5 tid=376 timed_waiting
java.lang.Thread.State: TIMED_WAITING
        at java.base@17.0.11/jdk.internal.misc.Unsafe.park(Native Method)
        at java.base@17.0.11/java.util.concurrent.locks.LockSupport.parkNanos(LockSupport.java:252)
        at java.base@17.0.11/java.util.concurrent.locks.AbstractQueuedSynchronizer$ConditionObject.awaitNanos(AbstractQueuedSynchronizer.java:1674)
        at java.base@17.0.11/java.util.concurrent.ScheduledThreadPoolExecutor$DelayedWorkQueue.take(ScheduledThreadPoolExecutor.java:1182)
        at java.base@17.0.11/java.util.concurrent.ScheduledThreadPoolExecutor$DelayedWorkQueue.take(ScheduledThreadPoolExecutor.java:899)
        at java.base@17.0.11/java.util.concurrent.ThreadPoolExecutor.getTask(ThreadPoolExecutor.java:1062)
        at java.base@17.0.11/java.util.concurrent.ThreadPoolExecutor.runWorker(ThreadPoolExecutor.java:1122)
        at java.base@17.0.11/java.util.concurrent.ThreadPoolExecutor$Worker.run(ThreadPoolExecutor.java:635)
        at java.base@17.0.11/java.lang.Thread.run(Thread.java:840)
"a2876ff0-d178-48ae-a6b6-bf6963d4710d-groupManagement" daemon prio=5 tid=598 in Object.wait()
java.lang.Thread.State: WAITING (on object monitor)
        at java.base@17.0.11/jdk.internal.misc.Unsafe.park(Native Method)
        at java.base@17.0.11/java.util.concurrent.locks.LockSupport.park(LockSupport.java:341)
        at java.base@17.0.11/java.util.concurrent.locks.AbstractQueuedSynchronizer$ConditionNode.block(AbstractQueuedSynchronizer.java:506)
        at java.base@17.0.11/java.util.concurrent.ForkJoinPool.unmanagedBlock(ForkJoinPool.java:3465)
        at java.base@17.0.11/java.util.concurrent.ForkJoinPool.managedBlock(ForkJoinPool.java:3436)
        at java.base@17.0.11/java.util.concurrent.locks.AbstractQueuedSynchronizer$ConditionObject.await(AbstractQueuedSynchronizer.java:1625)
        at java.base@17.0.11/java.util.concurrent.LinkedBlockingQueue.take(LinkedBlockingQueue.java:435)
        at java.base@17.0.11/java.util.concurrent.ThreadPoolExecutor.getTask(ThreadPoolExecutor.java:1062)
        at java.base@17.0.11/java.util.concurrent.ThreadPoolExecutor.runWorker(ThreadPoolExecutor.java:1122)
        at java.base@17.0.11/java.util.concurrent.ThreadPoolExecutor$Worker.run(ThreadPoolExecutor.java:635)
        at java.base@17.0.11/java.lang.Thread.run(Thread.java:840)
"qtp173418363-447" daemon prio=5 tid=447 timed_waiting
java.lang.Thread.State: TIMED_WAITING
        at java.base@17.0.11/jdk.internal.misc.Unsafe.park(Native Method)
        at java.base@17.0.11/java.util.concurrent.locks.LockSupport.parkNanos(LockSupport.java:252)
        at java.base@17.0.11/java.util.concurrent.locks.AbstractQueuedSynchronizer$ConditionObject.awaitNanos(AbstractQueuedSynchronizer.java:1674)
        at app//org.eclipse.jetty.util.BlockingArrayQueue.poll(BlockingArrayQueue.java:382)
        at app//org.eclipse.jetty.util.thread.QueuedThreadPool$Runner.idleJobPoll(QueuedThreadPool.java:974)
        at app//org.eclipse.jetty.util.thread.QueuedThreadPool$Runner.run(QueuedThreadPool.java:1018)
        at java.base@17.0.11/java.lang.Thread.run(Thread.java:840)
"IPC Server handler 94 on default port 15002" daemon prio=5 tid=353 timed_waiting
java.lang.Thread.State: TIMED_WAITING
        at java.base@17.0.11/jdk.internal.misc.Unsafe.park(Native Method)
        at java.base@17.0.11/java.util.concurrent.locks.LockSupport.parkNanos(LockSupport.java:252)
        at java.base@17.0.11/java.util.concurrent.locks.AbstractQueuedSynchronizer$ConditionObject.awaitNanos(AbstractQueuedSynchronizer.java:1674)
        at java.base@17.0.11/java.util.concurrent.LinkedBlockingQueue.poll(LinkedBlockingQueue.java:460)
        at app//org.apache.hadoop.ipc.CallQueueManager.take(CallQueueManager.java:317)
        at app//org.apache.hadoop.ipc.Server$Handler.run(Server.java:3014)
"4f6a4ba8-7237-4720-8e71-4cf4f347a525-ChunkWriter-1-0" daemon prio=5 tid=566 in Object.wait()
java.lang.Thread.State: WAITING (on object monitor)
        at java.base@17.0.11/jdk.internal.misc.Unsafe.park(Native Method)
        at java.base@17.0.11/java.util.concurrent.locks.LockSupport.park(LockSupport.java:341)
        at java.base@17.0.11/java.util.concurrent.locks.AbstractQueuedSynchronizer$ConditionNode.block(AbstractQueuedSynchronizer.java:506)
        at java.base@17.0.11/java.util.concurrent.ForkJoinPool.unmanagedBlock(ForkJoinPool.java:3465)
        at java.base@17.0.11/java.util.concurrent.ForkJoinPool.managedBlock(ForkJoinPool.java:3436)
        at java.base@17.0.11/java.util.concurrent.locks.AbstractQueuedSynchronizer$ConditionObject.await(AbstractQueuedSynchronizer.java:1625)
        at java.base@17.0.11/java.util.concurrent.LinkedBlockingDeque.takeFirst(LinkedBlockingDeque.java:485)
        at java.base@17.0.11/java.util.concurrent.LinkedBlockingDeque.take(LinkedBlockingDeque.java:673)
        at java.base@17.0.11/java.util.concurrent.ThreadPoolExecutor.getTask(ThreadPoolExecutor.java:1062)
        at java.base@17.0.11/java.util.concurrent.ThreadPoolExecutor.runWorker(ThreadPoolExecutor.java:1122)
        at java.base@17.0.11/java.util.concurrent.ThreadPoolExecutor$Worker.run(ThreadPoolExecutor.java:635)
        at java.base@17.0.11/java.lang.Thread.run(Thread.java:840)
"IPC Server Responder" daemon prio=5 tid=509 runnable
java.lang.Thread.State: RUNNABLE
        at java.base@17.0.11/sun.nio.ch.EPoll.wait(Native Method)
        at java.base@17.0.11/sun.nio.ch.EPollSelectorImpl.doSelect(EPollSelectorImpl.java:118)
        at java.base@17.0.11/sun.nio.ch.SelectorImpl.lockAndDoSelect(SelectorImpl.java:129)
        at java.base@17.0.11/sun.nio.ch.SelectorImpl.select(SelectorImpl.java:141)
        at app//org.apache.hadoop.ipc.Server$Responder.doRunLoop(Server.java:1582)
        at app//org.apache.hadoop.ipc.Server$Responder.run(Server.java:1565)
"pool-104-thread-1"  prio=5 tid=467 timed_waiting
java.lang.Thread.State: TIMED_WAITING
        at java.base@17.0.11/jdk.internal.misc.Unsafe.park(Native Method)
        at java.base@17.0.11/java.util.concurrent.locks.LockSupport.parkNanos(LockSupport.java:252)
        at java.base@17.0.11/java.util.concurrent.locks.AbstractQueuedSynchronizer$ConditionObject.awaitNanos(AbstractQueuedSynchronizer.java:1674)
        at java.base@17.0.11/java.util.concurrent.ScheduledThreadPoolExecutor$DelayedWorkQueue.take(ScheduledThreadPoolExecutor.java:1182)
        at java.base@17.0.11/java.util.concurrent.ScheduledThreadPoolExecutor$DelayedWorkQueue.take(ScheduledThreadPoolExecutor.java:899)
        at java.base@17.0.11/java.util.concurrent.ThreadPoolExecutor.getTask(ThreadPoolExecutor.java:1062)
        at java.base@17.0.11/java.util.concurrent.ThreadPoolExecutor.runWorker(ThreadPoolExecutor.java:1122)
        at java.base@17.0.11/java.util.concurrent.ThreadPoolExecutor$Worker.run(ThreadPoolExecutor.java:635)
        at java.base@17.0.11/java.lang.Thread.run(Thread.java:840)
"e7fccb5b-6f4b-4a5d-93b5-abfcbb2ccb85@group-87A56816AD29-LeaderStateImpl" daemon prio=5 tid=658 timed_waiting
java.lang.Thread.State: TIMED_WAITING
        at java.base@17.0.11/jdk.internal.misc.Unsafe.park(Native Method)
        at java.base@17.0.11/java.util.concurrent.locks.LockSupport.parkNanos(LockSupport.java:252)
        at java.base@17.0.11/java.util.concurrent.locks.AbstractQueuedSynchronizer$ConditionObject.awaitNanos(AbstractQueuedSynchronizer.java:1674)
        at java.base@17.0.11/java.util.concurrent.ArrayBlockingQueue.poll(ArrayBlockingQueue.java:435)
        at app//org.apache.ratis.server.impl.LeaderStateImpl$EventQueue.poll(LeaderStateImpl.java:164)
        at app//org.apache.ratis.server.impl.LeaderStateImpl$EventProcessor.run(LeaderStateImpl.java:766)
"IPC Server handler 86 on default port 15000" daemon prio=5 tid=145 timed_waiting
java.lang.Thread.State: TIMED_WAITING
        at java.base@17.0.11/jdk.internal.misc.Unsafe.park(Native Method)
        at java.base@17.0.11/java.util.concurrent.locks.LockSupport.parkNanos(LockSupport.java:252)
        at java.base@17.0.11/java.util.concurrent.locks.AbstractQueuedSynchronizer$ConditionObject.awaitNanos(AbstractQueuedSynchronizer.java:1674)
        at java.base@17.0.11/java.util.concurrent.LinkedBlockingQueue.poll(LinkedBlockingQueue.java:460)
        at app//org.apache.hadoop.ipc.CallQueueManager.take(CallQueueManager.java:317)
        at app//org.apache.hadoop.ipc.Server$Handler.run(Server.java:3014)
"e7fccb5b-6f4b-4a5d-93b5-abfcbb2ccb85-ChunkWriter-2-0" daemon prio=5 tid=531 in Object.wait()
java.lang.Thread.State: WAITING (on object monitor)
        at java.base@17.0.11/jdk.internal.misc.Unsafe.park(Native Method)
        at java.base@17.0.11/java.util.concurrent.locks.LockSupport.park(LockSupport.java:341)
        at java.base@17.0.11/java.util.concurrent.locks.AbstractQueuedSynchronizer$ConditionNode.block(AbstractQueuedSynchronizer.java:506)
        at java.base@17.0.11/java.util.concurrent.ForkJoinPool.unmanagedBlock(ForkJoinPool.java:3465)
        at java.base@17.0.11/java.util.concurrent.ForkJoinPool.managedBlock(ForkJoinPool.java:3436)
        at java.base@17.0.11/java.util.concurrent.locks.AbstractQueuedSynchronizer$ConditionObject.await(AbstractQueuedSynchronizer.java:1625)
        at java.base@17.0.11/java.util.concurrent.LinkedBlockingDeque.takeFirst(LinkedBlockingDeque.java:485)
        at java.base@17.0.11/java.util.concurrent.LinkedBlockingDeque.take(LinkedBlockingDeque.java:673)
        at java.base@17.0.11/java.util.concurrent.ThreadPoolExecutor.getTask(ThreadPoolExecutor.java:1062)
        at java.base@17.0.11/java.util.concurrent.ThreadPoolExecutor.runWorker(ThreadPoolExecutor.java:1122)
        at java.base@17.0.11/java.util.concurrent.ThreadPoolExecutor$Worker.run(ThreadPoolExecutor.java:635)
        at java.base@17.0.11/java.lang.Thread.run(Thread.java:840)
"a2876ff0-d178-48ae-a6b6-bf6963d4710d@group-E17A96920781-SegmentedRaftLogWorker" daemon prio=5 tid=614 timed_waiting
java.lang.Thread.State: TIMED_WAITING
        at java.base@17.0.11/jdk.internal.misc.Unsafe.park(Native Method)
        at java.base@17.0.11/java.util.concurrent.locks.LockSupport.parkNanos(LockSupport.java:252)
        at java.base@17.0.11/java.util.concurrent.locks.AbstractQueuedSynchronizer$ConditionObject.awaitNanos(AbstractQueuedSynchronizer.java:1674)
        at app//org.apache.ratis.util.DataBlockingQueue.poll(DataBlockingQueue.java:148)
        at app//org.apache.ratis.server.raftlog.segmented.SegmentedRaftLogWorker.run(SegmentedRaftLogWorker.java:302)
        at app//org.apache.ratis.server.raftlog.segmented.SegmentedRaftLogWorker$$Lambda$1163/0x00007fe38071b228.run(Unknown Source)
        at java.base@17.0.11/java.util.concurrent.Executors$RunnableAdapter.call(Executors.java:539)
        at java.base@17.0.11/java.util.concurrent.FutureTask.run(FutureTask.java:264)
        at java.base@17.0.11/java.util.concurrent.ThreadPoolExecutor.runWorker(ThreadPoolExecutor.java:1136)
        at java.base@17.0.11/java.util.concurrent.ThreadPoolExecutor$Worker.run(ThreadPoolExecutor.java:635)
        at java.base@17.0.11/java.lang.Thread.run(Thread.java:840)
"IPC Server handler 84 on default port 15001" daemon prio=5 tid=243 timed_waiting
java.lang.Thread.State: TIMED_WAITING
        at java.base@17.0.11/jdk.internal.misc.Unsafe.park(Native Method)
        at java.base@17.0.11/java.util.concurrent.locks.LockSupport.parkNanos(LockSupport.java:252)
        at java.base@17.0.11/java.util.concurrent.locks.AbstractQueuedSynchronizer$ConditionObject.awaitNanos(AbstractQueuedSynchronizer.java:1674)
        at java.base@17.0.11/java.util.concurrent.LinkedBlockingQueue.poll(LinkedBlockingQueue.java:460)
        at app//org.apache.hadoop.ipc.CallQueueManager.take(CallQueueManager.java:317)
        at app//org.apache.hadoop.ipc.Server$Handler.run(Server.java:3014)
"a2876ff0-d178-48ae-a6b6-bf6963d4710d@group-87A56816AD29-StateMachineUpdater" daemon prio=5 tid=602 timed_waiting
java.lang.Thread.State: TIMED_WAITING
        at java.base@17.0.11/jdk.internal.misc.Unsafe.park(Native Method)
        at java.base@17.0.11/java.util.concurrent.locks.LockSupport.parkNanos(LockSupport.java:252)
        at java.base@17.0.11/java.util.concurrent.locks.AbstractQueuedSynchronizer$ConditionObject.await(AbstractQueuedSynchronizer.java:1759)
        at app//org.apache.ratis.util.AwaitForSignal.await(AwaitForSignal.java:65)
        at app//org.apache.ratis.server.impl.StateMachineUpdater.waitForCommit(StateMachineUpdater.java:219)
        at app//org.apache.ratis.server.impl.StateMachineUpdater.run(StateMachineUpdater.java:187)
        at java.base@17.0.11/java.lang.Thread.run(Thread.java:840)
"qtp41481250-473-acceptor-0@1c19629a-ServerConnector@4eb168a1{HTTP/1.1, (http/1.1)}{0.0.0.0:15018}" daemon prio=3 tid=473 runnable
java.lang.Thread.State: RUNNABLE
        at java.base@17.0.11/sun.nio.ch.Net.accept(Native Method)
        at java.base@17.0.11/sun.nio.ch.ServerSocketChannelImpl.implAccept(ServerSocketChannelImpl.java:425)
        at java.base@17.0.11/sun.nio.ch.ServerSocketChannelImpl.accept(ServerSocketChannelImpl.java:391)
        at app//org.eclipse.jetty.server.ServerConnector.accept(ServerConnector.java:388)
        at app//org.eclipse.jetty.server.AbstractConnector$Acceptor.run(AbstractConnector.java:704)
        at app//org.eclipse.jetty.util.thread.QueuedThreadPool.runJob(QueuedThreadPool.java:883)
        at app//org.eclipse.jetty.util.thread.QueuedThreadPool$Runner.run(QueuedThreadPool.java:1034)
        at java.base@17.0.11/java.lang.Thread.run(Thread.java:840)
"a2876ff0-d178-48ae-a6b6-bf6963d4710d-server-thread1" daemon prio=5 tid=689 timed_waiting
java.lang.Thread.State: TIMED_WAITING
        at java.base@17.0.11/jdk.internal.misc.Unsafe.park(Native Method)
        at java.base@17.0.11/java.util.concurrent.locks.LockSupport.parkNanos(LockSupport.java:252)
        at java.base@17.0.11/java.util.concurrent.SynchronousQueue$TransferStack.transfer(SynchronousQueue.java:401)
        at java.base@17.0.11/java.util.concurrent.SynchronousQueue.poll(SynchronousQueue.java:903)
        at java.base@17.0.11/java.util.concurrent.ThreadPoolExecutor.getTask(ThreadPoolExecutor.java:1061)
        at java.base@17.0.11/java.util.concurrent.ThreadPoolExecutor.runWorker(ThreadPoolExecutor.java:1122)
        at java.base@17.0.11/java.util.concurrent.ThreadPoolExecutor$Worker.run(ThreadPoolExecutor.java:635)
        at java.base@17.0.11/java.lang.Thread.run(Thread.java:840)
"a2876ff0-d178-48ae-a6b6-bf6963d4710d-DatanodeReportManager-0" daemon prio=5 tid=486 timed_waiting
java.lang.Thread.State: TIMED_WAITING
        at java.base@17.0.11/jdk.internal.misc.Unsafe.park(Native Method)
        at java.base@17.0.11/java.util.concurrent.locks.LockSupport.parkNanos(LockSupport.java:252)
        at java.base@17.0.11/java.util.concurrent.locks.AbstractQueuedSynchronizer$ConditionObject.awaitNanos(AbstractQueuedSynchronizer.java:1674)
        at java.base@17.0.11/java.util.concurrent.ScheduledThreadPoolExecutor$DelayedWorkQueue.take(ScheduledThreadPoolExecutor.java:1182)
        at java.base@17.0.11/java.util.concurrent.ScheduledThreadPoolExecutor$DelayedWorkQueue.take(ScheduledThreadPoolExecutor.java:899)
        at java.base@17.0.11/java.util.concurrent.ThreadPoolExecutor.getTask(ThreadPoolExecutor.java:1062)
        at java.base@17.0.11/java.util.concurrent.ThreadPoolExecutor.runWorker(ThreadPoolExecutor.java:1122)
        at java.base@17.0.11/java.util.concurrent.ThreadPoolExecutor$Worker.run(ThreadPoolExecutor.java:635)
        at java.base@17.0.11/java.lang.Thread.run(Thread.java:840)
"4f6a4ba8-7237-4720-8e71-4cf4f347a525@group-E17A96920781->e7fccb5b-6f4b-4a5d-93b5-abfcbb2ccb85-GrpcLogAppender-LogAppenderDaemon" daemon prio=5 tid=688 timed_waiting
java.lang.Thread.State: TIMED_WAITING
        at java.base@17.0.11/jdk.internal.misc.Unsafe.park(Native Method)
        at java.base@17.0.11/java.util.concurrent.locks.LockSupport.parkNanos(LockSupport.java:252)
        at java.base@17.0.11/java.util.concurrent.locks.AbstractQueuedSynchronizer$ConditionObject.await(AbstractQueuedSynchronizer.java:1759)
        at app//org.apache.ratis.util.AwaitForSignal.await(AwaitForSignal.java:65)
        at app//org.apache.ratis.grpc.server.GrpcLogAppender.mayWait(GrpcLogAppender.java:290)
        at app//org.apache.ratis.grpc.server.GrpcLogAppender.run(GrpcLogAppender.java:258)
        at app//org.apache.ratis.server.leader.LogAppenderDaemon.run(LogAppenderDaemon.java:80)
        at app//org.apache.ratis.server.leader.LogAppenderDaemon$$Lambda$1624/0x00007fe38091b318.run(Unknown Source)
        at java.base@17.0.11/java.lang.Thread.run(Thread.java:840)
"IPC Server handler 50 on default port 15002" daemon prio=5 tid=309 timed_waiting
java.lang.Thread.State: TIMED_WAITING
        at java.base@17.0.11/jdk.internal.misc.Unsafe.park(Native Method)
        at java.base@17.0.11/java.util.concurrent.locks.LockSupport.parkNanos(LockSupport.java:252)
        at java.base@17.0.11/java.util.concurrent.locks.AbstractQueuedSynchronizer$ConditionObject.awaitNanos(AbstractQueuedSynchronizer.java:1674)
        at java.base@17.0.11/java.util.concurrent.LinkedBlockingQueue.poll(LinkedBlockingQueue.java:460)
        at app//org.apache.hadoop.ipc.CallQueueManager.take(CallQueueManager.java:317)
        at app//org.apache.hadoop.ipc.Server$Handler.run(Server.java:3014)
"om1-SnapshotDiffCleanupService#0" daemon prio=5 tid=377 timed_waiting
java.lang.Thread.State: TIMED_WAITING
        at java.base@17.0.11/jdk.internal.misc.Unsafe.park(Native Method)
        at java.base@17.0.11/java.util.concurrent.locks.LockSupport.parkNanos(LockSupport.java:252)
        at java.base@17.0.11/java.util.concurrent.locks.AbstractQueuedSynchronizer$ConditionObject.awaitNanos(AbstractQueuedSynchronizer.java:1674)
        at java.base@17.0.11/java.util.concurrent.ScheduledThreadPoolExecutor$DelayedWorkQueue.take(ScheduledThreadPoolExecutor.java:1182)
        at java.base@17.0.11/java.util.concurrent.ScheduledThreadPoolExecutor$DelayedWorkQueue.take(ScheduledThreadPoolExecutor.java:899)
        at java.base@17.0.11/java.util.concurrent.ThreadPoolExecutor.getTask(ThreadPoolExecutor.java:1062)
        at java.base@17.0.11/java.util.concurrent.ThreadPoolExecutor.runWorker(ThreadPoolExecutor.java:1122)
        at java.base@17.0.11/java.util.concurrent.ThreadPoolExecutor$Worker.run(ThreadPoolExecutor.java:635)
        at java.base@17.0.11/java.lang.Thread.run(Thread.java:840)
"qtp173418363-445" daemon prio=5 tid=445 timed_waiting
java.lang.Thread.State: TIMED_WAITING
        at java.base@17.0.11/jdk.internal.misc.Unsafe.park(Native Method)
        at java.base@17.0.11/java.util.concurrent.locks.LockSupport.parkNanos(LockSupport.java:252)
        at java.base@17.0.11/java.util.concurrent.locks.AbstractQueuedSynchronizer$ConditionObject.awaitNanos(AbstractQueuedSynchronizer.java:1674)
        at app//org.eclipse.jetty.util.BlockingArrayQueue.poll(BlockingArrayQueue.java:382)
        at app//org.eclipse.jetty.util.thread.QueuedThreadPool$Runner.idleJobPoll(QueuedThreadPool.java:974)
        at app//org.eclipse.jetty.util.thread.QueuedThreadPool$Runner.run(QueuedThreadPool.java:1018)
        at java.base@17.0.11/java.lang.Thread.run(Thread.java:840)
"pool-63-thread-1" daemon prio=5 tid=526 timed_waiting
java.lang.Thread.State: TIMED_WAITING
        at java.base@17.0.11/jdk.internal.misc.Unsafe.park(Native Method)
        at java.base@17.0.11/java.util.concurrent.locks.LockSupport.parkNanos(LockSupport.java:252)
        at java.base@17.0.11/java.util.concurrent.locks.AbstractQueuedSynchronizer$ConditionObject.awaitNanos(AbstractQueuedSynchronizer.java:1674)
        at java.base@17.0.11/java.util.concurrent.ScheduledThreadPoolExecutor$DelayedWorkQueue.take(ScheduledThreadPoolExecutor.java:1182)
        at java.base@17.0.11/java.util.concurrent.ScheduledThreadPoolExecutor$DelayedWorkQueue.take(ScheduledThreadPoolExecutor.java:899)
        at java.base@17.0.11/java.util.concurrent.ThreadPoolExecutor.getTask(ThreadPoolExecutor.java:1062)
        at java.base@17.0.11/java.util.concurrent.ThreadPoolExecutor.runWorker(ThreadPoolExecutor.java:1122)
        at java.base@17.0.11/java.util.concurrent.ThreadPoolExecutor$Worker.run(ThreadPoolExecutor.java:635)
        at java.base@17.0.11/java.lang.Thread.run(Thread.java:840)
"a2876ff0-d178-48ae-a6b6-bf6963d4710d-ChunkWriter-0-0" daemon prio=5 tid=547 in Object.wait()
java.lang.Thread.State: WAITING (on object monitor)
        at java.base@17.0.11/jdk.internal.misc.Unsafe.park(Native Method)
        at java.base@17.0.11/java.util.concurrent.locks.LockSupport.park(LockSupport.java:341)
        at java.base@17.0.11/java.util.concurrent.locks.AbstractQueuedSynchronizer$ConditionNode.block(AbstractQueuedSynchronizer.java:506)
        at java.base@17.0.11/java.util.concurrent.ForkJoinPool.unmanagedBlock(ForkJoinPool.java:3465)
        at java.base@17.0.11/java.util.concurrent.ForkJoinPool.managedBlock(ForkJoinPool.java:3436)
        at java.base@17.0.11/java.util.concurrent.locks.AbstractQueuedSynchronizer$ConditionObject.await(AbstractQueuedSynchronizer.java:1625)
        at java.base@17.0.11/java.util.concurrent.LinkedBlockingDeque.takeFirst(LinkedBlockingDeque.java:485)
        at java.base@17.0.11/java.util.concurrent.LinkedBlockingDeque.take(LinkedBlockingDeque.java:673)
        at java.base@17.0.11/java.util.concurrent.ThreadPoolExecutor.getTask(ThreadPoolExecutor.java:1062)
        at java.base@17.0.11/java.util.concurrent.ThreadPoolExecutor.runWorker(ThreadPoolExecutor.java:1122)
        at java.base@17.0.11/java.util.concurrent.ThreadPoolExecutor$Worker.run(ThreadPoolExecutor.java:635)
        at java.base@17.0.11/java.lang.Thread.run(Thread.java:840)
"grpc-default-worker-ELG-3-3" daemon prio=5 tid=596 runnable
java.lang.Thread.State: RUNNABLE
        at app//org.apache.ratis.thirdparty.io.netty.channel.epoll.Native.epollWait0(Native Method)
        at app//org.apache.ratis.thirdparty.io.netty.channel.epoll.Native.epollWait(Native.java:193)
        at app//org.apache.ratis.thirdparty.io.netty.channel.epoll.EpollEventLoop.epollWait(EpollEventLoop.java:304)
        at app//org.apache.ratis.thirdparty.io.netty.channel.epoll.EpollEventLoop.run(EpollEventLoop.java:368)
        at app//org.apache.ratis.thirdparty.io.netty.util.concurrent.SingleThreadEventExecutor$4.run(SingleThreadEventExecutor.java:997)
        at app//org.apache.ratis.thirdparty.io.netty.util.internal.ThreadExecutorMap$2.run(ThreadExecutorMap.java:74)
        at app//org.apache.ratis.thirdparty.io.netty.util.concurrent.FastThreadLocalRunnable.run(FastThreadLocalRunnable.java:30)
        at java.base@17.0.11/java.lang.Thread.run(Thread.java:840)
"IPC Server handler 55 on default port 15002" daemon prio=5 tid=314 timed_waiting
java.lang.Thread.State: TIMED_WAITING
        at java.base@17.0.11/jdk.internal.misc.Unsafe.park(Native Method)
        at java.base@17.0.11/java.util.concurrent.locks.LockSupport.parkNanos(LockSupport.java:252)
        at java.base@17.0.11/java.util.concurrent.locks.AbstractQueuedSynchronizer$ConditionObject.awaitNanos(AbstractQueuedSynchronizer.java:1674)
        at java.base@17.0.11/java.util.concurrent.LinkedBlockingQueue.poll(LinkedBlockingQueue.java:460)
        at app//org.apache.hadoop.ipc.CallQueueManager.take(CallQueueManager.java:317)
        at app//org.apache.hadoop.ipc.Server$Handler.run(Server.java:3014)
"IPC Server handler 1 on default port 15000" daemon prio=5 tid=60 timed_waiting
java.lang.Thread.State: TIMED_WAITING
        at java.base@17.0.11/jdk.internal.misc.Unsafe.park(Native Method)
        at java.base@17.0.11/java.util.concurrent.locks.LockSupport.parkNanos(LockSupport.java:252)
        at java.base@17.0.11/java.util.concurrent.locks.AbstractQueuedSynchronizer$ConditionObject.awaitNanos(AbstractQueuedSynchronizer.java:1674)
        at java.base@17.0.11/java.util.concurrent.LinkedBlockingQueue.poll(LinkedBlockingQueue.java:460)
        at app//org.apache.hadoop.ipc.CallQueueManager.take(CallQueueManager.java:317)
        at app//org.apache.hadoop.ipc.Server$Handler.run(Server.java:3014)
"IPC Server handler 16 on default port 15001" daemon prio=5 tid=175 timed_waiting
java.lang.Thread.State: TIMED_WAITING
        at java.base@17.0.11/jdk.internal.misc.Unsafe.park(Native Method)
        at java.base@17.0.11/java.util.concurrent.locks.LockSupport.parkNanos(LockSupport.java:252)
        at java.base@17.0.11/java.util.concurrent.locks.AbstractQueuedSynchronizer$ConditionObject.awaitNanos(AbstractQueuedSynchronizer.java:1674)
        at java.base@17.0.11/java.util.concurrent.LinkedBlockingQueue.poll(LinkedBlockingQueue.java:460)
        at app//org.apache.hadoop.ipc.CallQueueManager.take(CallQueueManager.java:317)
        at app//org.apache.hadoop.ipc.Server$Handler.run(Server.java:3014)
"Socket Reader #1 for port 15019"  prio=5 tid=480 runnable
java.lang.Thread.State: RUNNABLE
        at java.base@17.0.11/sun.nio.ch.EPoll.wait(Native Method)
        at java.base@17.0.11/sun.nio.ch.EPollSelectorImpl.doSelect(EPollSelectorImpl.java:118)
        at java.base@17.0.11/sun.nio.ch.SelectorImpl.lockAndDoSelect(SelectorImpl.java:129)
        at java.base@17.0.11/sun.nio.ch.SelectorImpl.select(SelectorImpl.java:146)
        at app//org.apache.hadoop.ipc.Server$Listener$Reader.doRunLoop(Server.java:1346)
        at app//org.apache.hadoop.ipc.Server$Listener$Reader.run(Server.java:1325)
"IPC Server handler 60 on default port 15001" daemon prio=5 tid=219 timed_waiting
java.lang.Thread.State: TIMED_WAITING
        at java.base@17.0.11/jdk.internal.misc.Unsafe.park(Native Method)
        at java.base@17.0.11/java.util.concurrent.locks.LockSupport.parkNanos(LockSupport.java:252)
        at java.base@17.0.11/java.util.concurrent.locks.AbstractQueuedSynchronizer$ConditionObject.awaitNanos(AbstractQueuedSynchronizer.java:1674)
        at java.base@17.0.11/java.util.concurrent.LinkedBlockingQueue.poll(LinkedBlockingQueue.java:460)
        at app//org.apache.hadoop.ipc.CallQueueManager.take(CallQueueManager.java:317)
        at app//org.apache.hadoop.ipc.Server$Handler.run(Server.java:3014)
"ContainerMetadataScanner" daemon prio=5 tid=563 timed_waiting
java.lang.Thread.State: TIMED_WAITING
        at java.base@17.0.11/java.lang.Thread.sleep(Native Method)
        at app//org.apache.hadoop.ozone.container.ozoneimpl.AbstractBackgroundContainerScanner.handleRemainingSleep(AbstractBackgroundContainerScanner.java:131)
        at app//org.apache.hadoop.ozone.container.ozoneimpl.AbstractBackgroundContainerScanner.runIteration(AbstractBackgroundContainerScanner.java:98)
        at app//org.apache.hadoop.ozone.container.ozoneimpl.AbstractBackgroundContainerScanner.run(AbstractBackgroundContainerScanner.java:57)
"IPC Server handler 78 on default port 15002" daemon prio=5 tid=337 timed_waiting
java.lang.Thread.State: TIMED_WAITING
        at java.base@17.0.11/jdk.internal.misc.Unsafe.park(Native Method)
        at java.base@17.0.11/java.util.concurrent.locks.LockSupport.parkNanos(LockSupport.java:252)
        at java.base@17.0.11/java.util.concurrent.locks.AbstractQueuedSynchronizer$ConditionObject.awaitNanos(AbstractQueuedSynchronizer.java:1674)
        at java.base@17.0.11/java.util.concurrent.LinkedBlockingQueue.poll(LinkedBlockingQueue.java:460)
        at app//org.apache.hadoop.ipc.CallQueueManager.take(CallQueueManager.java:317)
        at app//org.apache.hadoop.ipc.Server$Handler.run(Server.java:3014)
"4f6a4ba8-7237-4720-8e71-4cf4f347a525-DatanodeStateMachineDaemonThread" daemon prio=5 tid=512 timed_waiting
java.lang.Thread.State: TIMED_WAITING
        at java.base@17.0.11/java.lang.Thread.sleep(Native Method)
        at app//org.apache.hadoop.ozone.container.common.statemachine.DatanodeStateMachine.startStateMachineThread(DatanodeStateMachine.java:359)
        at app//org.apache.hadoop.ozone.container.common.statemachine.DatanodeStateMachine.lambda$startDaemon$1(DatanodeStateMachine.java:546)
        at app//org.apache.hadoop.ozone.container.common.statemachine.DatanodeStateMachine$$Lambda$1285/0x00007fe3807a4e18.run(Unknown Source)
        at java.base@17.0.11/java.lang.Thread.run(Thread.java:840)
"qtp41481250-472" daemon prio=5 tid=472 timed_waiting
java.lang.Thread.State: TIMED_WAITING
        at java.base@17.0.11/jdk.internal.misc.Unsafe.park(Native Method)
        at java.base@17.0.11/java.util.concurrent.locks.LockSupport.parkNanos(LockSupport.java:252)
        at java.base@17.0.11/java.util.concurrent.locks.AbstractQueuedSynchronizer$ConditionObject.awaitNanos(AbstractQueuedSynchronizer.java:1674)
        at app//org.eclipse.jetty.util.BlockingArrayQueue.poll(BlockingArrayQueue.java:382)
        at app//org.eclipse.jetty.util.thread.QueuedThreadPool$Runner.idleJobPoll(QueuedThreadPool.java:974)
        at app//org.eclipse.jetty.util.thread.QueuedThreadPool$Runner.run(QueuedThreadPool.java:1018)
        at java.base@17.0.11/java.lang.Thread.run(Thread.java:840)
"FixedThreadPoolWithAffinityExecutor-6-0" daemon prio=5 tid=54 timed_waiting
java.lang.Thread.State: TIMED_WAITING
        at java.base@17.0.11/jdk.internal.misc.Unsafe.park(Native Method)
        at java.base@17.0.11/java.util.concurrent.locks.LockSupport.parkNanos(LockSupport.java:252)
        at java.base@17.0.11/java.util.concurrent.locks.AbstractQueuedSynchronizer$ConditionObject.awaitNanos(AbstractQueuedSynchronizer.java:1674)
        at java.base@17.0.11/java.util.concurrent.LinkedBlockingQueue.poll(LinkedBlockingQueue.java:460)
        at app//org.apache.hadoop.hdds.scm.server.ContainerReportQueue.poll(ContainerReportQueue.java:269)
        at app//org.apache.hadoop.hdds.scm.server.ContainerReportQueue.poll(ContainerReportQueue.java:42)
        at app//org.apache.hadoop.hdds.server.events.FixedThreadPoolWithAffinityExecutor$ContainerReportProcessTask.run(FixedThreadPoolWithAffinityExecutor.java:253)
        at java.base@17.0.11/java.util.concurrent.Executors$RunnableAdapter.call(Executors.java:539)
        at java.base@17.0.11/java.util.concurrent.FutureTask.run(FutureTask.java:264)
        at java.base@17.0.11/java.util.concurrent.ThreadPoolExecutor.runWorker(ThreadPoolExecutor.java:1136)
        at java.base@17.0.11/java.util.concurrent.ThreadPoolExecutor$Worker.run(ThreadPoolExecutor.java:635)
        at java.base@17.0.11/java.lang.Thread.run(Thread.java:840)
"Notification Thread" daemon prio=9 tid=13 runnable
java.lang.Thread.State: RUNNABLE
"qtp631007928-368" daemon prio=5 tid=368 timed_waiting
java.lang.Thread.State: TIMED_WAITING
        at java.base@17.0.11/jdk.internal.misc.Unsafe.park(Native Method)
        at java.base@17.0.11/java.util.concurrent.locks.LockSupport.parkNanos(LockSupport.java:252)
        at java.base@17.0.11/java.util.concurrent.locks.AbstractQueuedSynchronizer$ConditionObject.awaitNanos(AbstractQueuedSynchronizer.java:1674)
        at app//org.eclipse.jetty.util.BlockingArrayQueue.poll(BlockingArrayQueue.java:382)
        at app//org.eclipse.jetty.util.thread.QueuedThreadPool$Runner.idleJobPoll(QueuedThreadPool.java:974)
        at app//org.eclipse.jetty.util.thread.QueuedThreadPool$Runner.run(QueuedThreadPool.java:1018)
        at java.base@17.0.11/java.lang.Thread.run(Thread.java:840)
"IPC Server handler 96 on default port 15002" daemon prio=5 tid=355 timed_waiting
java.lang.Thread.State: TIMED_WAITING
        at java.base@17.0.11/jdk.internal.misc.Unsafe.park(Native Method)
        at java.base@17.0.11/java.util.concurrent.locks.LockSupport.parkNanos(LockSupport.java:252)
        at java.base@17.0.11/java.util.concurrent.locks.AbstractQueuedSynchronizer$ConditionObject.awaitNanos(AbstractQueuedSynchronizer.java:1674)
        at java.base@17.0.11/java.util.concurrent.LinkedBlockingQueue.poll(LinkedBlockingQueue.java:460)
        at app//org.apache.hadoop.ipc.CallQueueManager.take(CallQueueManager.java:317)
        at app//org.apache.hadoop.ipc.Server$Handler.run(Server.java:3014)
"IPC Server handler 44 on default port 15002" daemon prio=5 tid=303 timed_waiting
java.lang.Thread.State: TIMED_WAITING
        at java.base@17.0.11/jdk.internal.misc.Unsafe.park(Native Method)
        at java.base@17.0.11/java.util.concurrent.locks.LockSupport.parkNanos(LockSupport.java:252)
        at java.base@17.0.11/java.util.concurrent.locks.AbstractQueuedSynchronizer$ConditionObject.awaitNanos(AbstractQueuedSynchronizer.java:1674)
        at java.base@17.0.11/java.util.concurrent.LinkedBlockingQueue.poll(LinkedBlockingQueue.java:460)
        at app//org.apache.hadoop.ipc.CallQueueManager.take(CallQueueManager.java:317)
        at app//org.apache.hadoop.ipc.Server$Handler.run(Server.java:3014)
"IPC Server handler 83 on default port 15001" daemon prio=5 tid=242 timed_waiting
java.lang.Thread.State: TIMED_WAITING
        at java.base@17.0.11/jdk.internal.misc.Unsafe.park(Native Method)
        at java.base@17.0.11/java.util.concurrent.locks.LockSupport.parkNanos(LockSupport.java:252)
        at java.base@17.0.11/java.util.concurrent.locks.AbstractQueuedSynchronizer$ConditionObject.awaitNanos(AbstractQueuedSynchronizer.java:1674)
        at java.base@17.0.11/java.util.concurrent.LinkedBlockingQueue.poll(LinkedBlockingQueue.java:460)
        at app//org.apache.hadoop.ipc.CallQueueManager.take(CallQueueManager.java:317)
        at app//org.apache.hadoop.ipc.Server$Handler.run(Server.java:3014)
"e7fccb5b-6f4b-4a5d-93b5-abfcbb2ccb85@group-E17A96920781-SegmentedRaftLogWorker"  prio=5 tid=625 timed_waiting
java.lang.Thread.State: TIMED_WAITING
        at java.base@17.0.11/jdk.internal.misc.Unsafe.park(Native Method)
        at java.base@17.0.11/java.util.concurrent.locks.LockSupport.parkNanos(LockSupport.java:252)
        at java.base@17.0.11/java.util.concurrent.locks.AbstractQueuedSynchronizer$ConditionObject.awaitNanos(AbstractQueuedSynchronizer.java:1674)
        at app//org.apache.ratis.util.DataBlockingQueue.poll(DataBlockingQueue.java:148)
        at app//org.apache.ratis.server.raftlog.segmented.SegmentedRaftLogWorker.run(SegmentedRaftLogWorker.java:302)
        at app//org.apache.ratis.server.raftlog.segmented.SegmentedRaftLogWorker$$Lambda$1163/0x00007fe38071b228.run(Unknown Source)
        at java.base@17.0.11/java.util.concurrent.Executors$RunnableAdapter.call(Executors.java:539)
        at java.base@17.0.11/java.util.concurrent.FutureTask.run(FutureTask.java:264)
        at java.base@17.0.11/java.util.concurrent.ThreadPoolExecutor.runWorker(ThreadPoolExecutor.java:1136)
        at java.base@17.0.11/java.util.concurrent.ThreadPoolExecutor$Worker.run(ThreadPoolExecutor.java:635)
        at java.base@17.0.11/java.lang.Thread.run(Thread.java:840)
"IPC Server handler 89 on default port 15001" daemon prio=5 tid=248 timed_waiting
java.lang.Thread.State: TIMED_WAITING
        at java.base@17.0.11/jdk.internal.misc.Unsafe.park(Native Method)
        at java.base@17.0.11/java.util.concurrent.locks.LockSupport.parkNanos(LockSupport.java:252)
        at java.base@17.0.11/java.util.concurrent.locks.AbstractQueuedSynchronizer$ConditionObject.awaitNanos(AbstractQueuedSynchronizer.java:1674)
        at java.base@17.0.11/java.util.concurrent.LinkedBlockingQueue.poll(LinkedBlockingQueue.java:460)
        at app//org.apache.hadoop.ipc.CallQueueManager.take(CallQueueManager.java:317)
        at app//org.apache.hadoop.ipc.Server$Handler.run(Server.java:3014)
"RatisPipelineUtilsThread-0"  prio=5 tid=26 timed_waiting
java.lang.Thread.State: TIMED_WAITING
        at java.base@17.0.11/java.lang.Object.wait(Native Method)
        at app//org.apache.hadoop.hdds.scm.pipeline.BackgroundPipelineCreator.run(BackgroundPipelineCreator.java:179)
        at app//org.apache.hadoop.hdds.scm.pipeline.BackgroundPipelineCreator$$Lambda$672/0x00007fe3803a1400.run(Unknown Source)
        at java.base@17.0.11/java.lang.Thread.run(Thread.java:840)
"IPC Server listener on 15002" daemon prio=5 tid=33 runnable
java.lang.Thread.State: RUNNABLE
        at java.base@17.0.11/sun.nio.ch.EPoll.wait(Native Method)
        at java.base@17.0.11/sun.nio.ch.EPollSelectorImpl.doSelect(EPollSelectorImpl.java:118)
        at java.base@17.0.11/sun.nio.ch.SelectorImpl.lockAndDoSelect(SelectorImpl.java:129)
        at java.base@17.0.11/sun.nio.ch.SelectorImpl.select(SelectorImpl.java:146)
        at app//org.apache.hadoop.ipc.Server$Listener.run(Server.java:1408)
"IPC Server handler 75 on default port 15002" daemon prio=5 tid=334 timed_waiting
java.lang.Thread.State: TIMED_WAITING
        at java.base@17.0.11/jdk.internal.misc.Unsafe.park(Native Method)
        at java.base@17.0.11/java.util.concurrent.locks.LockSupport.parkNanos(LockSupport.java:252)
        at java.base@17.0.11/java.util.concurrent.locks.AbstractQueuedSynchronizer$ConditionObject.awaitNanos(AbstractQueuedSynchronizer.java:1674)
        at java.base@17.0.11/java.util.concurrent.LinkedBlockingQueue.poll(LinkedBlockingQueue.java:460)
        at app//org.apache.hadoop.ipc.CallQueueManager.take(CallQueueManager.java:317)
        at app//org.apache.hadoop.ipc.Server$Handler.run(Server.java:3014)
"OverReplicatedProcessor" daemon prio=5 tid=31 timed_waiting
java.lang.Thread.State: TIMED_WAITING
        at java.base@17.0.11/java.lang.Object.wait(Native Method)
        at app//org.apache.hadoop.hdds.scm.container.replication.UnhealthyReplicationProcessor.run(UnhealthyReplicationProcessor.java:174)
        at java.base@17.0.11/java.lang.Thread.run(Thread.java:840)
"IPC Server handler 3 on default port 15004" daemon prio=5 tid=418 timed_waiting
java.lang.Thread.State: TIMED_WAITING
        at java.base@17.0.11/jdk.internal.misc.Unsafe.park(Native Method)
        at java.base@17.0.11/java.util.concurrent.locks.LockSupport.parkNanos(LockSupport.java:252)
        at java.base@17.0.11/java.util.concurrent.locks.AbstractQueuedSynchronizer$ConditionObject.awaitNanos(AbstractQueuedSynchronizer.java:1674)
        at java.base@17.0.11/java.util.concurrent.LinkedBlockingQueue.poll(LinkedBlockingQueue.java:460)
        at app//org.apache.hadoop.ipc.CallQueueManager.take(CallQueueManager.java:317)
        at app//org.apache.hadoop.ipc.Server$Handler.run(Server.java:3014)
"IPC Server handler 0 on default port 15010" daemon prio=5 tid=455 timed_waiting
java.lang.Thread.State: TIMED_WAITING
        at java.base@17.0.11/jdk.internal.misc.Unsafe.park(Native Method)
        at java.base@17.0.11/java.util.concurrent.locks.LockSupport.parkNanos(LockSupport.java:252)
        at java.base@17.0.11/java.util.concurrent.locks.AbstractQueuedSynchronizer$ConditionObject.awaitNanos(AbstractQueuedSynchronizer.java:1674)
        at java.base@17.0.11/java.util.concurrent.LinkedBlockingQueue.poll(LinkedBlockingQueue.java:460)
        at app//org.apache.hadoop.ipc.CallQueueManager.take(CallQueueManager.java:317)
        at app//org.apache.hadoop.ipc.Server$Handler.run(Server.java:3014)
"IPC Server handler 85 on default port 15001" daemon prio=5 tid=244 timed_waiting
java.lang.Thread.State: TIMED_WAITING
        at java.base@17.0.11/jdk.internal.misc.Unsafe.park(Native Method)
        at java.base@17.0.11/java.util.concurrent.locks.LockSupport.parkNanos(LockSupport.java:252)
        at java.base@17.0.11/java.util.concurrent.locks.AbstractQueuedSynchronizer$ConditionObject.awaitNanos(AbstractQueuedSynchronizer.java:1674)
        at java.base@17.0.11/java.util.concurrent.LinkedBlockingQueue.poll(LinkedBlockingQueue.java:460)
        at app//org.apache.hadoop.ipc.CallQueueManager.take(CallQueueManager.java:317)
        at app//org.apache.hadoop.ipc.Server$Handler.run(Server.java:3014)
"FixedThreadPoolWithAffinityExecutor-8-0" daemon prio=5 tid=56 timed_waiting
java.lang.Thread.State: TIMED_WAITING
        at java.base@17.0.11/jdk.internal.misc.Unsafe.park(Native Method)
        at java.base@17.0.11/java.util.concurrent.locks.LockSupport.parkNanos(LockSupport.java:252)
        at java.base@17.0.11/java.util.concurrent.locks.AbstractQueuedSynchronizer$ConditionObject.awaitNanos(AbstractQueuedSynchronizer.java:1674)
        at java.base@17.0.11/java.util.concurrent.LinkedBlockingQueue.poll(LinkedBlockingQueue.java:460)
        at app//org.apache.hadoop.hdds.scm.server.ContainerReportQueue.poll(ContainerReportQueue.java:269)
        at app//org.apache.hadoop.hdds.scm.server.ContainerReportQueue.poll(ContainerReportQueue.java:42)
        at app//org.apache.hadoop.hdds.server.events.FixedThreadPoolWithAffinityExecutor$ContainerReportProcessTask.run(FixedThreadPoolWithAffinityExecutor.java:253)
        at java.base@17.0.11/java.util.concurrent.Executors$RunnableAdapter.call(Executors.java:539)
        at java.base@17.0.11/java.util.concurrent.FutureTask.run(FutureTask.java:264)
        at java.base@17.0.11/java.util.concurrent.ThreadPoolExecutor.runWorker(ThreadPoolExecutor.java:1136)
        at java.base@17.0.11/java.util.concurrent.ThreadPoolExecutor$Worker.run(ThreadPoolExecutor.java:635)
        at java.base@17.0.11/java.lang.Thread.run(Thread.java:840)
"e7fccb5b-6f4b-4a5d-93b5-abfcbb2ccb85-CommandProcessorThread" daemon prio=5 tid=461 timed_waiting
java.lang.Thread.State: TIMED_WAITING
        at java.base@17.0.11/java.lang.Thread.sleep(Native Method)
        at app//org.apache.hadoop.ozone.container.common.statemachine.DatanodeStateMachine.lambda$initCommandHandlerThread$4(DatanodeStateMachine.java:674)
        at app//org.apache.hadoop.ozone.container.common.statemachine.DatanodeStateMachine$$Lambda$1287/0x00007fe3807a5468.run(Unknown Source)
        at java.base@17.0.11/java.lang.Thread.run(Thread.java:840)
"timer2" daemon prio=5 tid=664 timed_waiting
java.lang.Thread.State: TIMED_WAITING
        at java.base@17.0.11/java.lang.Object.wait(Native Method)
        at java.base@17.0.11/java.util.TimerThread.mainLoop(Timer.java:563)
        at java.base@17.0.11/java.util.TimerThread.run(Timer.java:516)
"IPC Server handler 60 on default port 15002" daemon prio=5 tid=319 timed_waiting
java.lang.Thread.State: TIMED_WAITING
        at java.base@17.0.11/jdk.internal.misc.Unsafe.park(Native Method)
        at java.base@17.0.11/java.util.concurrent.locks.LockSupport.parkNanos(LockSupport.java:252)
        at java.base@17.0.11/java.util.concurrent.locks.AbstractQueuedSynchronizer$ConditionObject.awaitNanos(AbstractQueuedSynchronizer.java:1674)
        at java.base@17.0.11/java.util.concurrent.LinkedBlockingQueue.poll(LinkedBlockingQueue.java:460)
        at app//org.apache.hadoop.ipc.CallQueueManager.take(CallQueueManager.java:317)
        at app//org.apache.hadoop.ipc.Server$Handler.run(Server.java:3014)
"FixedThreadPoolWithAffinityExecutor-5-0" daemon prio=5 tid=53 timed_waiting
java.lang.Thread.State: TIMED_WAITING
        at java.base@17.0.11/jdk.internal.misc.Unsafe.park(Native Method)
        at java.base@17.0.11/java.util.concurrent.locks.LockSupport.parkNanos(LockSupport.java:252)
        at java.base@17.0.11/java.util.concurrent.locks.AbstractQueuedSynchronizer$ConditionObject.awaitNanos(AbstractQueuedSynchronizer.java:1674)
        at java.base@17.0.11/java.util.concurrent.LinkedBlockingQueue.poll(LinkedBlockingQueue.java:460)
        at app//org.apache.hadoop.hdds.scm.server.ContainerReportQueue.poll(ContainerReportQueue.java:269)
        at app//org.apache.hadoop.hdds.scm.server.ContainerReportQueue.poll(ContainerReportQueue.java:42)
        at app//org.apache.hadoop.hdds.server.events.FixedThreadPoolWithAffinityExecutor$ContainerReportProcessTask.run(FixedThreadPoolWithAffinityExecutor.java:253)
        at java.base@17.0.11/java.util.concurrent.Executors$RunnableAdapter.call(Executors.java:539)
        at java.base@17.0.11/java.util.concurrent.FutureTask.run(FutureTask.java:264)
        at java.base@17.0.11/java.util.concurrent.ThreadPoolExecutor.runWorker(ThreadPoolExecutor.java:1136)
        at java.base@17.0.11/java.util.concurrent.ThreadPoolExecutor$Worker.run(ThreadPoolExecutor.java:635)
        at java.base@17.0.11/java.lang.Thread.run(Thread.java:840)
"IPC Client (1735554279) connection to 0.0.0.0/0.0.0.0:15002 from runner" daemon prio=5 tid=521 timed_waiting
java.lang.Thread.State: TIMED_WAITING
        at java.base@17.0.11/java.lang.Object.wait(Native Method)
        at app//org.apache.hadoop.ipc.Client$Connection.waitForWork(Client.java:1026)
        at app//org.apache.hadoop.ipc.Client$Connection.run(Client.java:1077)
"FixedThreadPoolWithAffinityExecutor-9-0" daemon prio=5 tid=57 timed_waiting
java.lang.Thread.State: TIMED_WAITING
        at java.base@17.0.11/jdk.internal.misc.Unsafe.park(Native Method)
        at java.base@17.0.11/java.util.concurrent.locks.LockSupport.parkNanos(LockSupport.java:252)
        at java.base@17.0.11/java.util.concurrent.locks.AbstractQueuedSynchronizer$ConditionObject.awaitNanos(AbstractQueuedSynchronizer.java:1674)
        at java.base@17.0.11/java.util.concurrent.LinkedBlockingQueue.poll(LinkedBlockingQueue.java:460)
        at app//org.apache.hadoop.hdds.scm.server.ContainerReportQueue.poll(ContainerReportQueue.java:269)
        at app//org.apache.hadoop.hdds.scm.server.ContainerReportQueue.poll(ContainerReportQueue.java:42)
        at app//org.apache.hadoop.hdds.server.events.FixedThreadPoolWithAffinityExecutor$ContainerReportProcessTask.run(FixedThreadPoolWithAffinityExecutor.java:253)
        at java.base@17.0.11/java.util.concurrent.Executors$RunnableAdapter.call(Executors.java:539)
        at java.base@17.0.11/java.util.concurrent.FutureTask.run(FutureTask.java:264)
        at java.base@17.0.11/java.util.concurrent.ThreadPoolExecutor.runWorker(ThreadPoolExecutor.java:1136)
        at java.base@17.0.11/java.util.concurrent.ThreadPoolExecutor$Worker.run(ThreadPoolExecutor.java:635)
        at java.base@17.0.11/java.lang.Thread.run(Thread.java:840)
"e7fccb5b-6f4b-4a5d-93b5-abfcbb2ccb85-BlockDeletingService#1" daemon prio=5 tid=538 in Object.wait()
java.lang.Thread.State: WAITING (on object monitor)
        at java.base@17.0.11/jdk.internal.misc.Unsafe.park(Native Method)
        at java.base@17.0.11/java.util.concurrent.locks.LockSupport.park(LockSupport.java:341)
        at java.base@17.0.11/java.util.concurrent.locks.AbstractQueuedSynchronizer$ConditionNode.block(AbstractQueuedSynchronizer.java:506)
        at java.base@17.0.11/java.util.concurrent.ForkJoinPool.unmanagedBlock(ForkJoinPool.java:3465)
        at java.base@17.0.11/java.util.concurrent.ForkJoinPool.managedBlock(ForkJoinPool.java:3436)
        at java.base@17.0.11/java.util.concurrent.locks.AbstractQueuedSynchronizer$ConditionObject.await(AbstractQueuedSynchronizer.java:1625)
        at java.base@17.0.11/java.util.concurrent.ScheduledThreadPoolExecutor$DelayedWorkQueue.take(ScheduledThreadPoolExecutor.java:1177)
        at java.base@17.0.11/java.util.concurrent.ScheduledThreadPoolExecutor$DelayedWorkQueue.take(ScheduledThreadPoolExecutor.java:899)
        at java.base@17.0.11/java.util.concurrent.ThreadPoolExecutor.getTask(ThreadPoolExecutor.java:1062)
        at java.base@17.0.11/java.util.concurrent.ThreadPoolExecutor.runWorker(ThreadPoolExecutor.java:1122)
        at java.base@17.0.11/java.util.concurrent.ThreadPoolExecutor$Worker.run(ThreadPoolExecutor.java:635)
        at java.base@17.0.11/java.lang.Thread.run(Thread.java:840)
"IPC Parameter Sending Thread for 0.0.0.0/0.0.0.0:15002" daemon prio=5 tid=522 timed_waiting
java.lang.Thread.State: TIMED_WAITING
        at java.base@17.0.11/jdk.internal.misc.Unsafe.park(Native Method)
        at java.base@17.0.11/java.util.concurrent.locks.LockSupport.parkNanos(LockSupport.java:252)
        at java.base@17.0.11/java.util.concurrent.SynchronousQueue$TransferQueue.transfer(SynchronousQueue.java:704)
        at java.base@17.0.11/java.util.concurrent.SynchronousQueue.poll(SynchronousQueue.java:903)
        at app//org.apache.hadoop.ipc.Client$Connection$RpcRequestSender.run(Client.java:1105)
        at java.base@17.0.11/java.lang.Thread.run(Thread.java:840)
"qtp111131743-410" daemon prio=5 tid=410 timed_waiting
java.lang.Thread.State: TIMED_WAITING
        at java.base@17.0.11/jdk.internal.misc.Unsafe.park(Native Method)
        at java.base@17.0.11/java.util.concurrent.locks.LockSupport.parkNanos(LockSupport.java:252)
        at java.base@17.0.11/java.util.concurrent.locks.AbstractQueuedSynchronizer$ConditionObject.awaitNanos(AbstractQueuedSynchronizer.java:1674)
        at app//org.eclipse.jetty.util.BlockingArrayQueue.poll(BlockingArrayQueue.java:382)
        at app//org.eclipse.jetty.util.thread.QueuedThreadPool$Runner.idleJobPoll(QueuedThreadPool.java:974)
        at app//org.eclipse.jetty.util.thread.QueuedThreadPool$Runner.run(QueuedThreadPool.java:1018)
        at java.base@17.0.11/java.lang.Thread.run(Thread.java:840)
"e7fccb5b-6f4b-4a5d-93b5-abfcbb2ccb85-groupManagement"  prio=5 tid=583 in Object.wait()
java.lang.Thread.State: WAITING (on object monitor)
        at java.base@17.0.11/jdk.internal.misc.Unsafe.park(Native Method)
        at java.base@17.0.11/java.util.concurrent.locks.LockSupport.park(LockSupport.java:341)
        at java.base@17.0.11/java.util.concurrent.locks.AbstractQueuedSynchronizer$ConditionNode.block(AbstractQueuedSynchronizer.java:506)
        at java.base@17.0.11/java.util.concurrent.ForkJoinPool.unmanagedBlock(ForkJoinPool.java:3465)
        at java.base@17.0.11/java.util.concurrent.ForkJoinPool.managedBlock(ForkJoinPool.java:3436)
        at java.base@17.0.11/java.util.concurrent.locks.AbstractQueuedSynchronizer$ConditionObject.await(AbstractQueuedSynchronizer.java:1625)
        at java.base@17.0.11/java.util.concurrent.LinkedBlockingQueue.take(LinkedBlockingQueue.java:435)
        at java.base@17.0.11/java.util.concurrent.ThreadPoolExecutor.getTask(ThreadPoolExecutor.java:1062)
        at java.base@17.0.11/java.util.concurrent.ThreadPoolExecutor.runWorker(ThreadPoolExecutor.java:1122)
        at java.base@17.0.11/java.util.concurrent.ThreadPoolExecutor$Worker.run(ThreadPoolExecutor.java:635)
        at java.base@17.0.11/java.lang.Thread.run(Thread.java:840)
"4f6a4ba8-7237-4720-8e71-4cf4f347a525-DatanodeReportManager-3" daemon prio=5 tid=516 in Object.wait()
java.lang.Thread.State: WAITING (on object monitor)
        at java.base@17.0.11/jdk.internal.misc.Unsafe.park(Native Method)
        at java.base@17.0.11/java.util.concurrent.locks.LockSupport.park(LockSupport.java:341)
        at java.base@17.0.11/java.util.concurrent.locks.AbstractQueuedSynchronizer$ConditionNode.block(AbstractQueuedSynchronizer.java:506)
        at java.base@17.0.11/java.util.concurrent.ForkJoinPool.unmanagedBlock(ForkJoinPool.java:3465)
        at java.base@17.0.11/java.util.concurrent.ForkJoinPool.managedBlock(ForkJoinPool.java:3436)
        at java.base@17.0.11/java.util.concurrent.locks.AbstractQueuedSynchronizer$ConditionObject.await(AbstractQueuedSynchronizer.java:1625)
        at java.base@17.0.11/java.util.concurrent.ScheduledThreadPoolExecutor$DelayedWorkQueue.take(ScheduledThreadPoolExecutor.java:1177)
        at java.base@17.0.11/java.util.concurrent.ScheduledThreadPoolExecutor$DelayedWorkQueue.take(ScheduledThreadPoolExecutor.java:899)
        at java.base@17.0.11/java.util.concurrent.ThreadPoolExecutor.getTask(ThreadPoolExecutor.java:1062)
        at java.base@17.0.11/java.util.concurrent.ThreadPoolExecutor.runWorker(ThreadPoolExecutor.java:1122)
        at java.base@17.0.11/java.util.concurrent.ThreadPoolExecutor$Worker.run(ThreadPoolExecutor.java:635)
        at java.base@17.0.11/java.lang.Thread.run(Thread.java:840)
"IPC Server handler 0 on default port 15019" daemon prio=5 tid=484 timed_waiting
java.lang.Thread.State: TIMED_WAITING
        at java.base@17.0.11/jdk.internal.misc.Unsafe.park(Native Method)
        at java.base@17.0.11/java.util.concurrent.locks.LockSupport.parkNanos(LockSupport.java:252)
        at java.base@17.0.11/java.util.concurrent.locks.AbstractQueuedSynchronizer$ConditionObject.awaitNanos(AbstractQueuedSynchronizer.java:1674)
        at java.base@17.0.11/java.util.concurrent.LinkedBlockingQueue.poll(LinkedBlockingQueue.java:460)
        at app//org.apache.hadoop.ipc.CallQueueManager.take(CallQueueManager.java:317)
        at app//org.apache.hadoop.ipc.Server$Handler.run(Server.java:3014)
"surefire-forkedjvm-command-thread" daemon prio=5 tid=14 runnable
java.lang.Thread.State: RUNNABLE
        at java.base@17.0.11/java.io.FileInputStream.readBytes(Native Method)
        at java.base@17.0.11/java.io.FileInputStream.read(FileInputStream.java:276)
        at java.base@17.0.11/java.io.BufferedInputStream.fill(BufferedInputStream.java:244)
        at java.base@17.0.11/java.io.BufferedInputStream.read(BufferedInputStream.java:263)
        at java.base@17.0.11/java.io.DataInputStream.readInt(DataInputStream.java:381)
        at app//org.apache.maven.surefire.booter.MasterProcessCommand.decode(MasterProcessCommand.java:113)
        at app//org.apache.maven.surefire.booter.CommandReader$CommandRunnable.run(CommandReader.java:383)
        at java.base@17.0.11/java.lang.Thread.run(Thread.java:840)
"qtp111131743-412" daemon prio=5 tid=412 timed_waiting
java.lang.Thread.State: TIMED_WAITING
        at java.base@17.0.11/jdk.internal.misc.Unsafe.park(Native Method)
        at java.base@17.0.11/java.util.concurrent.locks.LockSupport.parkNanos(LockSupport.java:252)
        at java.base@17.0.11/java.util.concurrent.locks.AbstractQueuedSynchronizer$ConditionObject.awaitNanos(AbstractQueuedSynchronizer.java:1674)
        at app//org.eclipse.jetty.util.BlockingArrayQueue.poll(BlockingArrayQueue.java:382)
        at app//org.eclipse.jetty.util.thread.QueuedThreadPool$Runner.idleJobPoll(QueuedThreadPool.java:974)
        at app//org.eclipse.jetty.util.thread.QueuedThreadPool$Runner.run(QueuedThreadPool.java:1018)
        at java.base@17.0.11/java.lang.Thread.run(Thread.java:840)
"IPC Server handler 76 on default port 15000" daemon prio=5 tid=135 timed_waiting
java.lang.Thread.State: TIMED_WAITING
        at java.base@17.0.11/jdk.internal.misc.Unsafe.park(Native Method)
        at java.base@17.0.11/java.util.concurrent.locks.LockSupport.parkNanos(LockSupport.java:252)
        at java.base@17.0.11/java.util.concurrent.locks.AbstractQueuedSynchronizer$ConditionObject.awaitNanos(AbstractQueuedSynchronizer.java:1674)
        at java.base@17.0.11/java.util.concurrent.LinkedBlockingQueue.poll(LinkedBlockingQueue.java:460)
        at app//org.apache.hadoop.ipc.CallQueueManager.take(CallQueueManager.java:317)
        at app//org.apache.hadoop.ipc.Server$Handler.run(Server.java:3014)
"4f6a4ba8-7237-4720-8e71-4cf4f347a525@group-E17A96920781-SegmentedRaftLogWorker" daemon prio=5 tid=628 timed_waiting
java.lang.Thread.State: TIMED_WAITING
        at java.base@17.0.11/jdk.internal.misc.Unsafe.park(Native Method)
        at java.base@17.0.11/java.util.concurrent.locks.LockSupport.parkNanos(LockSupport.java:252)
        at java.base@17.0.11/java.util.concurrent.locks.AbstractQueuedSynchronizer$ConditionObject.awaitNanos(AbstractQueuedSynchronizer.java:1674)
        at app//org.apache.ratis.util.DataBlockingQueue.poll(DataBlockingQueue.java:148)
        at app//org.apache.ratis.server.raftlog.segmented.SegmentedRaftLogWorker.run(SegmentedRaftLogWorker.java:302)
        at app//org.apache.ratis.server.raftlog.segmented.SegmentedRaftLogWorker$$Lambda$1163/0x00007fe38071b228.run(Unknown Source)
        at java.base@17.0.11/java.util.concurrent.Executors$RunnableAdapter.call(Executors.java:539)
        at java.base@17.0.11/java.util.concurrent.FutureTask.run(FutureTask.java:264)
        at java.base@17.0.11/java.util.concurrent.ThreadPoolExecutor.runWorker(ThreadPoolExecutor.java:1136)
        at java.base@17.0.11/java.util.concurrent.ThreadPoolExecutor$Worker.run(ThreadPoolExecutor.java:635)
        at java.base@17.0.11/java.lang.Thread.run(Thread.java:840)
"qtp1038401449-498" daemon prio=5 tid=498 runnable
java.lang.Thread.State: RUNNABLE
        at java.base@17.0.11/sun.nio.ch.EPoll.wait(Native Method)
        at java.base@17.0.11/sun.nio.ch.EPollSelectorImpl.doSelect(EPollSelectorImpl.java:118)
        at java.base@17.0.11/sun.nio.ch.SelectorImpl.lockAndDoSelect(SelectorImpl.java:129)
        at java.base@17.0.11/sun.nio.ch.SelectorImpl.select(SelectorImpl.java:146)
        at app//org.eclipse.jetty.io.ManagedSelector.nioSelect(ManagedSelector.java:183)
        at app//org.eclipse.jetty.io.ManagedSelector.select(ManagedSelector.java:190)
        at app//org.eclipse.jetty.io.ManagedSelector$SelectorProducer.select(ManagedSelector.java:606)
        at app//org.eclipse.jetty.io.ManagedSelector$SelectorProducer.produce(ManagedSelector.java:543)
        at app//org.eclipse.jetty.util.thread.strategy.EatWhatYouKill.produceTask(EatWhatYouKill.java:362)
        at app//org.eclipse.jetty.util.thread.strategy.EatWhatYouKill.doProduce(EatWhatYouKill.java:186)
        at app//org.eclipse.jetty.util.thread.strategy.EatWhatYouKill.tryProduce(EatWhatYouKill.java:173)
        at app//org.eclipse.jetty.util.thread.strategy.EatWhatYouKill.produce(EatWhatYouKill.java:137)
        at app//org.eclipse.jetty.io.ManagedSelector$$Lambda$818/0x00007fe3805422c8.run(Unknown Source)
        at app//org.eclipse.jetty.util.thread.QueuedThreadPool.runJob(QueuedThreadPool.java:883)
        at app//org.eclipse.jetty.util.thread.QueuedThreadPool$Runner.run(QueuedThreadPool.java:1034)
        at java.base@17.0.11/java.lang.Thread.run(Thread.java:840)
"IPC Server handler 37 on default port 15002" daemon prio=5 tid=296 timed_waiting
java.lang.Thread.State: TIMED_WAITING
        at java.base@17.0.11/jdk.internal.misc.Unsafe.park(Native Method)
        at java.base@17.0.11/java.util.concurrent.locks.LockSupport.parkNanos(LockSupport.java:252)
        at java.base@17.0.11/java.util.concurrent.locks.AbstractQueuedSynchronizer$ConditionObject.awaitNanos(AbstractQueuedSynchronizer.java:1674)
        at java.base@17.0.11/java.util.concurrent.LinkedBlockingQueue.poll(LinkedBlockingQueue.java:460)
        at app//org.apache.hadoop.ipc.CallQueueManager.take(CallQueueManager.java:317)
        at app//org.apache.hadoop.ipc.Server$Handler.run(Server.java:3014)
"surefire-forkedjvm-ping-30s" daemon prio=5 tid=15 timed_waiting
java.lang.Thread.State: TIMED_WAITING
        at java.base@17.0.11/jdk.internal.misc.Unsafe.park(Native Method)
        at java.base@17.0.11/java.util.concurrent.locks.LockSupport.parkNanos(LockSupport.java:252)
        at java.base@17.0.11/java.util.concurrent.locks.AbstractQueuedSynchronizer$ConditionObject.awaitNanos(AbstractQueuedSynchronizer.java:1674)
        at java.base@17.0.11/java.util.concurrent.ScheduledThreadPoolExecutor$DelayedWorkQueue.take(ScheduledThreadPoolExecutor.java:1182)
        at java.base@17.0.11/java.util.concurrent.ScheduledThreadPoolExecutor$DelayedWorkQueue.take(ScheduledThreadPoolExecutor.java:899)
        at java.base@17.0.11/java.util.concurrent.ThreadPoolExecutor.getTask(ThreadPoolExecutor.java:1062)
        at java.base@17.0.11/java.util.concurrent.ThreadPoolExecutor.runWorker(ThreadPoolExecutor.java:1122)
        at java.base@17.0.11/java.util.concurrent.ThreadPoolExecutor$Worker.run(ThreadPoolExecutor.java:635)
        at java.base@17.0.11/java.lang.Thread.run(Thread.java:840)
"IPC Server handler 68 on default port 15001" daemon prio=5 tid=227 timed_waiting
java.lang.Thread.State: TIMED_WAITING
        at java.base@17.0.11/jdk.internal.misc.Unsafe.park(Native Method)
        at java.base@17.0.11/java.util.concurrent.locks.LockSupport.parkNanos(LockSupport.java:252)
        at java.base@17.0.11/java.util.concurrent.locks.AbstractQueuedSynchronizer$ConditionObject.awaitNanos(AbstractQueuedSynchronizer.java:1674)
        at java.base@17.0.11/java.util.concurrent.LinkedBlockingQueue.poll(LinkedBlockingQueue.java:460)
        at app//org.apache.hadoop.ipc.CallQueueManager.take(CallQueueManager.java:317)
        at app//org.apache.hadoop.ipc.Server$Handler.run(Server.java:3014)
"e7fccb5b-6f4b-4a5d-93b5-abfcbb2ccb85-DatanodeStateMachineTaskThread-0"  prio=5 tid=462 in Object.wait()
java.lang.Thread.State: WAITING (on object monitor)
        at java.base@17.0.11/jdk.internal.misc.Unsafe.park(Native Method)
        at java.base@17.0.11/java.util.concurrent.locks.LockSupport.park(LockSupport.java:341)
        at java.base@17.0.11/java.util.concurrent.locks.AbstractQueuedSynchronizer$ConditionNode.block(AbstractQueuedSynchronizer.java:506)
        at java.base@17.0.11/java.util.concurrent.ForkJoinPool.unmanagedBlock(ForkJoinPool.java:3465)
        at java.base@17.0.11/java.util.concurrent.ForkJoinPool.managedBlock(ForkJoinPool.java:3436)
        at java.base@17.0.11/java.util.concurrent.locks.AbstractQueuedSynchronizer$ConditionObject.await(AbstractQueuedSynchronizer.java:1625)
        at java.base@17.0.11/java.util.concurrent.LinkedBlockingQueue.take(LinkedBlockingQueue.java:435)
        at java.base@17.0.11/java.util.concurrent.ThreadPoolExecutor.getTask(ThreadPoolExecutor.java:1062)
        at java.base@17.0.11/java.util.concurrent.ThreadPoolExecutor.runWorker(ThreadPoolExecutor.java:1122)
        at java.base@17.0.11/java.util.concurrent.ThreadPoolExecutor$Worker.run(ThreadPoolExecutor.java:635)
        at java.base@17.0.11/java.lang.Thread.run(Thread.java:840)
"IPC Server handler 71 on default port 15002" daemon prio=5 tid=330 timed_waiting
java.lang.Thread.State: TIMED_WAITING
        at java.base@17.0.11/jdk.internal.misc.Unsafe.park(Native Method)
        at java.base@17.0.11/java.util.concurrent.locks.LockSupport.parkNanos(LockSupport.java:252)
        at java.base@17.0.11/java.util.concurrent.locks.AbstractQueuedSynchronizer$ConditionObject.awaitNanos(AbstractQueuedSynchronizer.java:1674)
        at java.base@17.0.11/java.util.concurrent.LinkedBlockingQueue.poll(LinkedBlockingQueue.java:460)
        at app//org.apache.hadoop.ipc.CallQueueManager.take(CallQueueManager.java:317)
        at app//org.apache.hadoop.ipc.Server$Handler.run(Server.java:3014)
"IPC Server handler 50 on default port 15000" daemon prio=5 tid=109 timed_waiting
java.lang.Thread.State: TIMED_WAITING
        at java.base@17.0.11/jdk.internal.misc.Unsafe.park(Native Method)
        at java.base@17.0.11/java.util.concurrent.locks.LockSupport.parkNanos(LockSupport.java:252)
        at java.base@17.0.11/java.util.concurrent.locks.AbstractQueuedSynchronizer$ConditionObject.awaitNanos(AbstractQueuedSynchronizer.java:1674)
        at java.base@17.0.11/java.util.concurrent.LinkedBlockingQueue.poll(LinkedBlockingQueue.java:460)
        at app//org.apache.hadoop.ipc.CallQueueManager.take(CallQueueManager.java:317)
        at app//org.apache.hadoop.ipc.Server$Handler.run(Server.java:3014)
"IPC Server handler 19 on default port 15002" daemon prio=5 tid=278 timed_waiting
java.lang.Thread.State: TIMED_WAITING
        at java.base@17.0.11/jdk.internal.misc.Unsafe.park(Native Method)
        at java.base@17.0.11/java.util.concurrent.locks.LockSupport.parkNanos(LockSupport.java:252)
        at java.base@17.0.11/java.util.concurrent.locks.AbstractQueuedSynchronizer$ConditionObject.awaitNanos(AbstractQueuedSynchronizer.java:1674)
        at java.base@17.0.11/java.util.concurrent.LinkedBlockingQueue.poll(LinkedBlockingQueue.java:460)
        at app//org.apache.hadoop.ipc.CallQueueManager.take(CallQueueManager.java:317)
        at app//org.apache.hadoop.ipc.Server$Handler.run(Server.java:3014)
"IPC Server handler 32 on default port 15000" daemon prio=5 tid=91 timed_waiting
java.lang.Thread.State: TIMED_WAITING
        at java.base@17.0.11/jdk.internal.misc.Unsafe.park(Native Method)
        at java.base@17.0.11/java.util.concurrent.locks.LockSupport.parkNanos(LockSupport.java:252)
        at java.base@17.0.11/java.util.concurrent.locks.AbstractQueuedSynchronizer$ConditionObject.awaitNanos(AbstractQueuedSynchronizer.java:1674)
        at java.base@17.0.11/java.util.concurrent.LinkedBlockingQueue.poll(LinkedBlockingQueue.java:460)
        at app//org.apache.hadoop.ipc.CallQueueManager.take(CallQueueManager.java:317)
        at app//org.apache.hadoop.ipc.Server$Handler.run(Server.java:3014)
"qtp631007928-369" daemon prio=5 tid=369 timed_waiting
java.lang.Thread.State: TIMED_WAITING
        at java.base@17.0.11/jdk.internal.misc.Unsafe.park(Native Method)
        at java.base@17.0.11/java.util.concurrent.locks.LockSupport.parkNanos(LockSupport.java:252)
        at java.base@17.0.11/java.util.concurrent.locks.AbstractQueuedSynchronizer$ConditionObject.awaitNanos(AbstractQueuedSynchronizer.java:1674)
        at app//org.eclipse.jetty.util.BlockingArrayQueue.poll(BlockingArrayQueue.java:382)
        at app//org.eclipse.jetty.util.thread.QueuedThreadPool$Runner.idleJobPoll(QueuedThreadPool.java:974)
        at app//org.eclipse.jetty.util.thread.QueuedThreadPool$Runner.run(QueuedThreadPool.java:1018)
        at java.base@17.0.11/java.lang.Thread.run(Thread.java:840)
"IPC Server handler 12 on default port 15004" daemon prio=5 tid=427 timed_waiting
java.lang.Thread.State: TIMED_WAITING
        at java.base@17.0.11/jdk.internal.misc.Unsafe.park(Native Method)
        at java.base@17.0.11/java.util.concurrent.locks.LockSupport.parkNanos(LockSupport.java:252)
        at java.base@17.0.11/java.util.concurrent.locks.AbstractQueuedSynchronizer$ConditionObject.awaitNanos(AbstractQueuedSynchronizer.java:1674)
        at java.base@17.0.11/java.util.concurrent.LinkedBlockingQueue.poll(LinkedBlockingQueue.java:460)
        at app//org.apache.hadoop.ipc.CallQueueManager.take(CallQueueManager.java:317)
        at app//org.apache.hadoop.ipc.Server$Handler.run(Server.java:3014)
"om1-SnapshotDirectoryCleaningService#0" daemon prio=5 tid=403 timed_waiting
java.lang.Thread.State: TIMED_WAITING
        at java.base@17.0.11/jdk.internal.misc.Unsafe.park(Native Method)
        at java.base@17.0.11/java.util.concurrent.locks.LockSupport.parkNanos(LockSupport.java:252)
        at java.base@17.0.11/java.util.concurrent.locks.AbstractQueuedSynchronizer$ConditionObject.awaitNanos(AbstractQueuedSynchronizer.java:1674)
        at java.base@17.0.11/java.util.concurrent.ScheduledThreadPoolExecutor$DelayedWorkQueue.take(ScheduledThreadPoolExecutor.java:1182)
        at java.base@17.0.11/java.util.concurrent.ScheduledThreadPoolExecutor$DelayedWorkQueue.take(ScheduledThreadPoolExecutor.java:899)
        at java.base@17.0.11/java.util.concurrent.ThreadPoolExecutor.getTask(ThreadPoolExecutor.java:1062)
        at java.base@17.0.11/java.util.concurrent.ThreadPoolExecutor.runWorker(ThreadPoolExecutor.java:1122)
        at java.base@17.0.11/java.util.concurrent.ThreadPoolExecutor$Worker.run(ThreadPoolExecutor.java:635)
        at java.base@17.0.11/java.lang.Thread.run(Thread.java:840)
"e7fccb5b-6f4b-4a5d-93b5-abfcbb2ccb85@group-87A56816AD29-cacheEviction-AwaitToRun" daemon prio=5 tid=589 in Object.wait()
java.lang.Thread.State: WAITING (on object monitor)
        at java.base@17.0.11/jdk.internal.misc.Unsafe.park(Native Method)
        at java.base@17.0.11/java.util.concurrent.locks.LockSupport.park(LockSupport.java:341)
        at java.base@17.0.11/java.util.concurrent.locks.AbstractQueuedSynchronizer$ConditionNode.block(AbstractQueuedSynchronizer.java:506)
        at java.base@17.0.11/java.util.concurrent.ForkJoinPool.unmanagedBlock(ForkJoinPool.java:3465)
        at java.base@17.0.11/java.util.concurrent.ForkJoinPool.managedBlock(ForkJoinPool.java:3436)
        at java.base@17.0.11/java.util.concurrent.locks.AbstractQueuedSynchronizer$ConditionObject.await(AbstractQueuedSynchronizer.java:1625)
        at app//org.apache.ratis.util.AwaitForSignal.await(AwaitForSignal.java:48)
        at app//org.apache.ratis.util.AwaitToRun$RunnableImpl.run(AwaitToRun.java:47)
        at java.base@17.0.11/java.lang.Thread.run(Thread.java:840)
"IPC Server handler 31 on default port 15000" daemon prio=5 tid=90 timed_waiting
java.lang.Thread.State: TIMED_WAITING
        at java.base@17.0.11/jdk.internal.misc.Unsafe.park(Native Method)
        at java.base@17.0.11/java.util.concurrent.locks.LockSupport.parkNanos(LockSupport.java:252)
        at java.base@17.0.11/java.util.concurrent.locks.AbstractQueuedSynchronizer$ConditionObject.awaitNanos(AbstractQueuedSynchronizer.java:1674)
        at java.base@17.0.11/java.util.concurrent.LinkedBlockingQueue.poll(LinkedBlockingQueue.java:460)
        at app//org.apache.hadoop.ipc.CallQueueManager.take(CallQueueManager.java:317)
        at app//org.apache.hadoop.ipc.Server$Handler.run(Server.java:3014)
"IPC Server handler 63 on default port 15001" daemon prio=5 tid=222 timed_waiting
java.lang.Thread.State: TIMED_WAITING
        at java.base@17.0.11/jdk.internal.misc.Unsafe.park(Native Method)
        at java.base@17.0.11/java.util.concurrent.locks.LockSupport.parkNanos(LockSupport.java:252)
        at java.base@17.0.11/java.util.concurrent.locks.AbstractQueuedSynchronizer$ConditionObject.awaitNanos(AbstractQueuedSynchronizer.java:1674)
        at java.base@17.0.11/java.util.concurrent.LinkedBlockingQueue.poll(LinkedBlockingQueue.java:460)
        at app//org.apache.hadoop.ipc.CallQueueManager.take(CallQueueManager.java:317)
        at app//org.apache.hadoop.ipc.Server$Handler.run(Server.java:3014)
"IPC Server handler 77 on default port 15001" daemon prio=5 tid=236 timed_waiting
java.lang.Thread.State: TIMED_WAITING
        at java.base@17.0.11/jdk.internal.misc.Unsafe.park(Native Method)
        at java.base@17.0.11/java.util.concurrent.locks.LockSupport.parkNanos(LockSupport.java:252)
        at java.base@17.0.11/java.util.concurrent.locks.AbstractQueuedSynchronizer$ConditionObject.awaitNanos(AbstractQueuedSynchronizer.java:1674)
        at java.base@17.0.11/java.util.concurrent.LinkedBlockingQueue.poll(LinkedBlockingQueue.java:460)
        at app//org.apache.hadoop.ipc.CallQueueManager.take(CallQueueManager.java:317)
        at app//org.apache.hadoop.ipc.Server$Handler.run(Server.java:3014)
"IPC Server handler 2 on default port 15000" daemon prio=5 tid=61 timed_waiting
java.lang.Thread.State: TIMED_WAITING
        at java.base@17.0.11/jdk.internal.misc.Unsafe.park(Native Method)
        at java.base@17.0.11/java.util.concurrent.locks.LockSupport.parkNanos(LockSupport.java:252)
        at java.base@17.0.11/java.util.concurrent.locks.AbstractQueuedSynchronizer$ConditionObject.awaitNanos(AbstractQueuedSynchronizer.java:1674)
        at java.base@17.0.11/java.util.concurrent.LinkedBlockingQueue.poll(LinkedBlockingQueue.java:460)
        at app//org.apache.hadoop.ipc.CallQueueManager.take(CallQueueManager.java:317)
        at app//org.apache.hadoop.ipc.Server$Handler.run(Server.java:3014)
"IPC Server handler 10 on default port 15000" daemon prio=5 tid=69 timed_waiting
java.lang.Thread.State: TIMED_WAITING
        at java.base@17.0.11/jdk.internal.misc.Unsafe.park(Native Method)
        at java.base@17.0.11/java.util.concurrent.locks.LockSupport.parkNanos(LockSupport.java:252)
        at java.base@17.0.11/java.util.concurrent.locks.AbstractQueuedSynchronizer$ConditionObject.awaitNanos(AbstractQueuedSynchronizer.java:1674)
        at java.base@17.0.11/java.util.concurrent.LinkedBlockingQueue.poll(LinkedBlockingQueue.java:460)
        at app//org.apache.hadoop.ipc.CallQueueManager.take(CallQueueManager.java:317)
        at app//org.apache.hadoop.ipc.Server$Handler.run(Server.java:3014)
"IPC Server handler 26 on default port 15002" daemon prio=5 tid=285 timed_waiting
java.lang.Thread.State: TIMED_WAITING
        at java.base@17.0.11/jdk.internal.misc.Unsafe.park(Native Method)
        at java.base@17.0.11/java.util.concurrent.locks.LockSupport.parkNanos(LockSupport.java:252)
        at java.base@17.0.11/java.util.concurrent.locks.AbstractQueuedSynchronizer$ConditionObject.awaitNanos(AbstractQueuedSynchronizer.java:1674)
        at java.base@17.0.11/java.util.concurrent.LinkedBlockingQueue.poll(LinkedBlockingQueue.java:460)
        at app//org.apache.hadoop.ipc.CallQueueManager.take(CallQueueManager.java:317)
        at app//org.apache.hadoop.ipc.Server$Handler.run(Server.java:3014)
"IPC Server handler 18 on default port 15002" daemon prio=5 tid=277 timed_waiting
java.lang.Thread.State: TIMED_WAITING
        at java.base@17.0.11/jdk.internal.misc.Unsafe.park(Native Method)
        at java.base@17.0.11/java.util.concurrent.locks.LockSupport.parkNanos(LockSupport.java:252)
        at java.base@17.0.11/java.util.concurrent.locks.AbstractQueuedSynchronizer$ConditionObject.awaitNanos(AbstractQueuedSynchronizer.java:1674)
        at java.base@17.0.11/java.util.concurrent.LinkedBlockingQueue.poll(LinkedBlockingQueue.java:460)
        at app//org.apache.hadoop.ipc.CallQueueManager.take(CallQueueManager.java:317)
        at app//org.apache.hadoop.ipc.Server$Handler.run(Server.java:3014)
"pool-81-thread-1"  prio=5 tid=440 timed_waiting
java.lang.Thread.State: TIMED_WAITING
        at java.base@17.0.11/jdk.internal.misc.Unsafe.park(Native Method)
        at java.base@17.0.11/java.util.concurrent.locks.LockSupport.parkNanos(LockSupport.java:252)
        at java.base@17.0.11/java.util.concurrent.locks.AbstractQueuedSynchronizer$ConditionObject.awaitNanos(AbstractQueuedSynchronizer.java:1674)
        at java.base@17.0.11/java.util.concurrent.ScheduledThreadPoolExecutor$DelayedWorkQueue.take(ScheduledThreadPoolExecutor.java:1182)
        at java.base@17.0.11/java.util.concurrent.ScheduledThreadPoolExecutor$DelayedWorkQueue.take(ScheduledThreadPoolExecutor.java:899)
        at java.base@17.0.11/java.util.concurrent.ThreadPoolExecutor.getTask(ThreadPoolExecutor.java:1062)
        at java.base@17.0.11/java.util.concurrent.ThreadPoolExecutor.runWorker(ThreadPoolExecutor.java:1122)
        at java.base@17.0.11/java.util.concurrent.ThreadPoolExecutor$Worker.run(ThreadPoolExecutor.java:635)
        at java.base@17.0.11/java.lang.Thread.run(Thread.java:840)
"IPC Server handler 10 on default port 15001" daemon prio=5 tid=169 timed_waiting
java.lang.Thread.State: TIMED_WAITING
        at java.base@17.0.11/jdk.internal.misc.Unsafe.park(Native Method)
        at java.base@17.0.11/java.util.concurrent.locks.LockSupport.parkNanos(LockSupport.java:252)
        at java.base@17.0.11/java.util.concurrent.locks.AbstractQueuedSynchronizer$ConditionObject.awaitNanos(AbstractQueuedSynchronizer.java:1674)
        at java.base@17.0.11/java.util.concurrent.LinkedBlockingQueue.poll(LinkedBlockingQueue.java:460)
        at app//org.apache.hadoop.ipc.CallQueueManager.take(CallQueueManager.java:317)
        at app//org.apache.hadoop.ipc.Server$Handler.run(Server.java:3014)
"Socket Reader #1 for port 15001"  prio=5 tid=39 runnable
java.lang.Thread.State: RUNNABLE
        at java.base@17.0.11/sun.nio.ch.EPoll.wait(Native Method)
        at java.base@17.0.11/sun.nio.ch.EPollSelectorImpl.doSelect(EPollSelectorImpl.java:118)
        at java.base@17.0.11/sun.nio.ch.SelectorImpl.lockAndDoSelect(SelectorImpl.java:129)
        at java.base@17.0.11/sun.nio.ch.SelectorImpl.select(SelectorImpl.java:146)
        at app//org.apache.hadoop.ipc.Server$Listener$Reader.doRunLoop(Server.java:1346)
        at app//org.apache.hadoop.ipc.Server$Listener$Reader.run(Server.java:1325)
"IPC Server handler 47 on default port 15000" daemon prio=5 tid=106 timed_waiting
java.lang.Thread.State: TIMED_WAITING
        at java.base@17.0.11/jdk.internal.misc.Unsafe.park(Native Method)
        at java.base@17.0.11/java.util.concurrent.locks.LockSupport.parkNanos(LockSupport.java:252)
        at java.base@17.0.11/java.util.concurrent.locks.AbstractQueuedSynchronizer$ConditionObject.awaitNanos(AbstractQueuedSynchronizer.java:1674)
        at java.base@17.0.11/java.util.concurrent.LinkedBlockingQueue.poll(LinkedBlockingQueue.java:460)
        at app//org.apache.hadoop.ipc.CallQueueManager.take(CallQueueManager.java:317)
        at app//org.apache.hadoop.ipc.Server$Handler.run(Server.java:3014)
"IPC Server handler 23 on default port 15001" daemon prio=5 tid=182 timed_waiting
java.lang.Thread.State: TIMED_WAITING
        at java.base@17.0.11/jdk.internal.misc.Unsafe.park(Native Method)
        at java.base@17.0.11/java.util.concurrent.locks.LockSupport.parkNanos(LockSupport.java:252)
        at java.base@17.0.11/java.util.concurrent.locks.AbstractQueuedSynchronizer$ConditionObject.awaitNanos(AbstractQueuedSynchronizer.java:1674)
        at java.base@17.0.11/java.util.concurrent.LinkedBlockingQueue.poll(LinkedBlockingQueue.java:460)
        at app//org.apache.hadoop.ipc.CallQueueManager.take(CallQueueManager.java:317)
        at app//org.apache.hadoop.ipc.Server$Handler.run(Server.java:3014)
"IPC Server handler 14 on default port 15004" daemon prio=5 tid=429 timed_waiting
java.lang.Thread.State: TIMED_WAITING
        at java.base@17.0.11/jdk.internal.misc.Unsafe.park(Native Method)
        at java.base@17.0.11/java.util.concurrent.locks.LockSupport.parkNanos(LockSupport.java:252)
        at java.base@17.0.11/java.util.concurrent.locks.AbstractQueuedSynchronizer$ConditionObject.awaitNanos(AbstractQueuedSynchronizer.java:1674)
        at java.base@17.0.11/java.util.concurrent.LinkedBlockingQueue.poll(LinkedBlockingQueue.java:460)
        at app//org.apache.hadoop.ipc.CallQueueManager.take(CallQueueManager.java:317)
        at app//org.apache.hadoop.ipc.Server$Handler.run(Server.java:3014)
"EventQueue-OpenPipelineForHealthyPipelineSafeModeRule" daemon prio=5 tid=585 in Object.wait()
java.lang.Thread.State: WAITING (on object monitor)
        at java.base@17.0.11/jdk.internal.misc.Unsafe.park(Native Method)
        at java.base@17.0.11/java.util.concurrent.locks.LockSupport.park(LockSupport.java:341)
        at java.base@17.0.11/java.util.concurrent.locks.AbstractQueuedSynchronizer$ConditionNode.block(AbstractQueuedSynchronizer.java:506)
        at java.base@17.0.11/java.util.concurrent.ForkJoinPool.unmanagedBlock(ForkJoinPool.java:3465)
        at java.base@17.0.11/java.util.concurrent.ForkJoinPool.managedBlock(ForkJoinPool.java:3436)
        at java.base@17.0.11/java.util.concurrent.locks.AbstractQueuedSynchronizer$ConditionObject.await(AbstractQueuedSynchronizer.java:1625)
        at java.base@17.0.11/java.util.concurrent.LinkedBlockingQueue.take(LinkedBlockingQueue.java:435)
        at java.base@17.0.11/java.util.concurrent.ThreadPoolExecutor.getTask(ThreadPoolExecutor.java:1062)
        at java.base@17.0.11/java.util.concurrent.ThreadPoolExecutor.runWorker(ThreadPoolExecutor.java:1122)
        at java.base@17.0.11/java.util.concurrent.ThreadPoolExecutor$Worker.run(ThreadPoolExecutor.java:635)
        at java.base@17.0.11/java.lang.Thread.run(Thread.java:840)
"IPC Server handler 4 on default port 15004" daemon prio=5 tid=419 timed_waiting
java.lang.Thread.State: TIMED_WAITING
        at java.base@17.0.11/jdk.internal.misc.Unsafe.park(Native Method)
        at java.base@17.0.11/java.util.concurrent.locks.LockSupport.parkNanos(LockSupport.java:252)
        at java.base@17.0.11/java.util.concurrent.locks.AbstractQueuedSynchronizer$ConditionObject.awaitNanos(AbstractQueuedSynchronizer.java:1674)
        at java.base@17.0.11/java.util.concurrent.LinkedBlockingQueue.poll(LinkedBlockingQueue.java:460)
        at app//org.apache.hadoop.ipc.CallQueueManager.take(CallQueueManager.java:317)
        at app//org.apache.hadoop.ipc.Server$Handler.run(Server.java:3014)
"qtp111131743-408" daemon prio=5 tid=408 runnable
java.lang.Thread.State: RUNNABLE
        at java.base@17.0.11/sun.nio.ch.EPoll.wait(Native Method)
        at java.base@17.0.11/sun.nio.ch.EPollSelectorImpl.doSelect(EPollSelectorImpl.java:118)
        at java.base@17.0.11/sun.nio.ch.SelectorImpl.lockAndDoSelect(SelectorImpl.java:129)
        at java.base@17.0.11/sun.nio.ch.SelectorImpl.select(SelectorImpl.java:146)
        at app//org.eclipse.jetty.io.ManagedSelector.nioSelect(ManagedSelector.java:183)
        at app//org.eclipse.jetty.io.ManagedSelector.select(ManagedSelector.java:190)
        at app//org.eclipse.jetty.io.ManagedSelector$SelectorProducer.select(ManagedSelector.java:606)
        at app//org.eclipse.jetty.io.ManagedSelector$SelectorProducer.produce(ManagedSelector.java:543)
        at app//org.eclipse.jetty.util.thread.strategy.EatWhatYouKill.produceTask(EatWhatYouKill.java:362)
        at app//org.eclipse.jetty.util.thread.strategy.EatWhatYouKill.doProduce(EatWhatYouKill.java:186)
        at app//org.eclipse.jetty.util.thread.strategy.EatWhatYouKill.tryProduce(EatWhatYouKill.java:173)
        at app//org.eclipse.jetty.util.thread.strategy.EatWhatYouKill.produce(EatWhatYouKill.java:137)
        at app//org.eclipse.jetty.io.ManagedSelector$$Lambda$818/0x00007fe3805422c8.run(Unknown Source)
        at app//org.eclipse.jetty.util.thread.QueuedThreadPool.runJob(QueuedThreadPool.java:883)
        at app//org.eclipse.jetty.util.thread.QueuedThreadPool$Runner.run(QueuedThreadPool.java:1034)
        at java.base@17.0.11/java.lang.Thread.run(Thread.java:840)
"4f6a4ba8-7237-4720-8e71-4cf4f347a525-DatanodeStateMachineTaskThread-1"  prio=5 tid=557 in Object.wait()
java.lang.Thread.State: WAITING (on object monitor)
        at java.base@17.0.11/jdk.internal.misc.Unsafe.park(Native Method)
        at java.base@17.0.11/java.util.concurrent.locks.LockSupport.park(LockSupport.java:341)
        at java.base@17.0.11/java.util.concurrent.locks.AbstractQueuedSynchronizer$ConditionNode.block(AbstractQueuedSynchronizer.java:506)
        at java.base@17.0.11/java.util.concurrent.ForkJoinPool.unmanagedBlock(ForkJoinPool.java:3465)
        at java.base@17.0.11/java.util.concurrent.ForkJoinPool.managedBlock(ForkJoinPool.java:3436)
        at java.base@17.0.11/java.util.concurrent.locks.AbstractQueuedSynchronizer$ConditionObject.await(AbstractQueuedSynchronizer.java:1625)
        at java.base@17.0.11/java.util.concurrent.LinkedBlockingQueue.take(LinkedBlockingQueue.java:435)
        at java.base@17.0.11/java.util.concurrent.ThreadPoolExecutor.getTask(ThreadPoolExecutor.java:1062)
        at java.base@17.0.11/java.util.concurrent.ThreadPoolExecutor.runWorker(ThreadPoolExecutor.java:1122)
        at java.base@17.0.11/java.util.concurrent.ThreadPoolExecutor$Worker.run(ThreadPoolExecutor.java:635)
        at java.base@17.0.11/java.lang.Thread.run(Thread.java:840)
"4f6a4ba8-7237-4720-8e71-4cf4f347a525-BlockDeletingService#1" daemon prio=5 tid=573 in Object.wait()
java.lang.Thread.State: WAITING (on object monitor)
        at java.base@17.0.11/jdk.internal.misc.Unsafe.park(Native Method)
        at java.base@17.0.11/java.util.concurrent.locks.LockSupport.park(LockSupport.java:341)
        at java.base@17.0.11/java.util.concurrent.locks.AbstractQueuedSynchronizer$ConditionNode.block(AbstractQueuedSynchronizer.java:506)
        at java.base@17.0.11/java.util.concurrent.ForkJoinPool.unmanagedBlock(ForkJoinPool.java:3465)
        at java.base@17.0.11/java.util.concurrent.ForkJoinPool.managedBlock(ForkJoinPool.java:3436)
        at java.base@17.0.11/java.util.concurrent.locks.AbstractQueuedSynchronizer$ConditionObject.await(AbstractQueuedSynchronizer.java:1625)
        at java.base@17.0.11/java.util.concurrent.ScheduledThreadPoolExecutor$DelayedWorkQueue.take(ScheduledThreadPoolExecutor.java:1177)
        at java.base@17.0.11/java.util.concurrent.ScheduledThreadPoolExecutor$DelayedWorkQueue.take(ScheduledThreadPoolExecutor.java:899)
        at java.base@17.0.11/java.util.concurrent.ThreadPoolExecutor.getTask(ThreadPoolExecutor.java:1062)
        at java.base@17.0.11/java.util.concurrent.ThreadPoolExecutor.runWorker(ThreadPoolExecutor.java:1122)
        at java.base@17.0.11/java.util.concurrent.ThreadPoolExecutor$Worker.run(ThreadPoolExecutor.java:635)
        at java.base@17.0.11/java.lang.Thread.run(Thread.java:840)
"e7fccb5b-6f4b-4a5d-93b5-abfcbb2ccb85-server-thread3" daemon prio=5 tid=700 timed_waiting
java.lang.Thread.State: TIMED_WAITING
        at java.base@17.0.11/jdk.internal.misc.Unsafe.park(Native Method)
        at java.base@17.0.11/java.util.concurrent.locks.LockSupport.parkNanos(LockSupport.java:252)
        at java.base@17.0.11/java.util.concurrent.SynchronousQueue$TransferStack.transfer(SynchronousQueue.java:401)
        at java.base@17.0.11/java.util.concurrent.SynchronousQueue.poll(SynchronousQueue.java:903)
        at java.base@17.0.11/java.util.concurrent.ThreadPoolExecutor.getTask(ThreadPoolExecutor.java:1061)
        at java.base@17.0.11/java.util.concurrent.ThreadPoolExecutor.runWorker(ThreadPoolExecutor.java:1122)
        at java.base@17.0.11/java.util.concurrent.ThreadPoolExecutor$Worker.run(ThreadPoolExecutor.java:635)
        at java.base@17.0.11/java.lang.Thread.run(Thread.java:840)
"qtp111131743-406" daemon prio=5 tid=406 runnable
java.lang.Thread.State: RUNNABLE
        at java.base@17.0.11/sun.nio.ch.EPoll.wait(Native Method)
        at java.base@17.0.11/sun.nio.ch.EPollSelectorImpl.doSelect(EPollSelectorImpl.java:118)
        at java.base@17.0.11/sun.nio.ch.SelectorImpl.lockAndDoSelect(SelectorImpl.java:129)
        at java.base@17.0.11/sun.nio.ch.SelectorImpl.select(SelectorImpl.java:146)
        at app//org.eclipse.jetty.io.ManagedSelector.nioSelect(ManagedSelector.java:183)
        at app//org.eclipse.jetty.io.ManagedSelector.select(ManagedSelector.java:190)
        at app//org.eclipse.jetty.io.ManagedSelector$SelectorProducer.select(ManagedSelector.java:606)
        at app//org.eclipse.jetty.io.ManagedSelector$SelectorProducer.produce(ManagedSelector.java:543)
        at app//org.eclipse.jetty.util.thread.strategy.EatWhatYouKill.produceTask(EatWhatYouKill.java:362)
        at app//org.eclipse.jetty.util.thread.strategy.EatWhatYouKill.doProduce(EatWhatYouKill.java:186)
        at app//org.eclipse.jetty.util.thread.strategy.EatWhatYouKill.tryProduce(EatWhatYouKill.java:173)
        at app//org.eclipse.jetty.util.thread.strategy.EatWhatYouKill.produce(EatWhatYouKill.java:137)
        at app//org.eclipse.jetty.io.ManagedSelector$$Lambda$818/0x00007fe3805422c8.run(Unknown Source)
        at app//org.eclipse.jetty.util.thread.QueuedThreadPool.runJob(QueuedThreadPool.java:883)
        at app//org.eclipse.jetty.util.thread.QueuedThreadPool$Runner.run(QueuedThreadPool.java:1034)
        at java.base@17.0.11/java.lang.Thread.run(Thread.java:840)
"IPC Server handler 52 on default port 15001" daemon prio=5 tid=211 timed_waiting
java.lang.Thread.State: TIMED_WAITING
        at java.base@17.0.11/jdk.internal.misc.Unsafe.park(Native Method)
        at java.base@17.0.11/java.util.concurrent.locks.LockSupport.parkNanos(LockSupport.java:252)
        at java.base@17.0.11/java.util.concurrent.locks.AbstractQueuedSynchronizer$ConditionObject.awaitNanos(AbstractQueuedSynchronizer.java:1674)
        at java.base@17.0.11/java.util.concurrent.LinkedBlockingQueue.poll(LinkedBlockingQueue.java:460)
        at app//org.apache.hadoop.ipc.CallQueueManager.take(CallQueueManager.java:317)
        at app//org.apache.hadoop.ipc.Server$Handler.run(Server.java:3014)
"IPC Server handler 79 on default port 15002" daemon prio=5 tid=338 timed_waiting
java.lang.Thread.State: TIMED_WAITING
        at java.base@17.0.11/jdk.internal.misc.Unsafe.park(Native Method)
        at java.base@17.0.11/java.util.concurrent.locks.LockSupport.parkNanos(LockSupport.java:252)
        at java.base@17.0.11/java.util.concurrent.locks.AbstractQueuedSynchronizer$ConditionObject.awaitNanos(AbstractQueuedSynchronizer.java:1674)
        at java.base@17.0.11/java.util.concurrent.LinkedBlockingQueue.poll(LinkedBlockingQueue.java:460)
        at app//org.apache.hadoop.ipc.CallQueueManager.take(CallQueueManager.java:317)
        at app//org.apache.hadoop.ipc.Server$Handler.run(Server.java:3014)
"qtp41481250-475" daemon prio=5 tid=475 timed_waiting
java.lang.Thread.State: TIMED_WAITING
        at java.base@17.0.11/jdk.internal.misc.Unsafe.park(Native Method)
        at java.base@17.0.11/java.util.concurrent.locks.LockSupport.parkNanos(LockSupport.java:252)
        at java.base@17.0.11/java.util.concurrent.locks.AbstractQueuedSynchronizer$ConditionObject.awaitNanos(AbstractQueuedSynchronizer.java:1674)
        at app//org.eclipse.jetty.util.BlockingArrayQueue.poll(BlockingArrayQueue.java:382)
        at app//org.eclipse.jetty.util.thread.QueuedThreadPool$Runner.idleJobPoll(QueuedThreadPool.java:974)
        at app//org.eclipse.jetty.util.thread.QueuedThreadPool$Runner.run(QueuedThreadPool.java:1018)
        at java.base@17.0.11/java.lang.Thread.run(Thread.java:840)
"IPC Server handler 92 on default port 15000" daemon prio=5 tid=151 timed_waiting
java.lang.Thread.State: TIMED_WAITING
        at java.base@17.0.11/jdk.internal.misc.Unsafe.park(Native Method)
        at java.base@17.0.11/java.util.concurrent.locks.LockSupport.parkNanos(LockSupport.java:252)
        at java.base@17.0.11/java.util.concurrent.locks.AbstractQueuedSynchronizer$ConditionObject.awaitNanos(AbstractQueuedSynchronizer.java:1674)
        at java.base@17.0.11/java.util.concurrent.LinkedBlockingQueue.poll(LinkedBlockingQueue.java:460)
        at app//org.apache.hadoop.ipc.CallQueueManager.take(CallQueueManager.java:317)
        at app//org.apache.hadoop.ipc.Server$Handler.run(Server.java:3014)
"IPC Server handler 32 on default port 15002" daemon prio=5 tid=291 timed_waiting
java.lang.Thread.State: TIMED_WAITING
        at java.base@17.0.11/jdk.internal.misc.Unsafe.park(Native Method)
        at java.base@17.0.11/java.util.concurrent.locks.LockSupport.parkNanos(LockSupport.java:252)
        at java.base@17.0.11/java.util.concurrent.locks.AbstractQueuedSynchronizer$ConditionObject.awaitNanos(AbstractQueuedSynchronizer.java:1674)
        at java.base@17.0.11/java.util.concurrent.LinkedBlockingQueue.poll(LinkedBlockingQueue.java:460)
        at app//org.apache.hadoop.ipc.CallQueueManager.take(CallQueueManager.java:317)
        at app//org.apache.hadoop.ipc.Server$Handler.run(Server.java:3014)
"org.apache.hadoop.ozone.container.common.statemachine.commandhandler.DeleteBlocksCommandHandler$DeleteCmdWorker@7023e935" daemon prio=5 tid=439 timed_waiting
java.lang.Thread.State: TIMED_WAITING
        at java.base@17.0.11/java.lang.Thread.sleep(Native Method)
        at app//org.apache.hadoop.ozone.container.common.statemachine.commandhandler.DeleteBlocksCommandHandler$DeleteCmdWorker.run(DeleteBlocksCommandHandler.java:259)
        at java.base@17.0.11/java.lang.Thread.run(Thread.java:840)
"ForkJoinPool.commonPool-worker-1" daemon prio=5 tid=21 in Object.wait()
java.lang.Thread.State: WAITING (on object monitor)
        at java.base@17.0.11/jdk.internal.misc.Unsafe.park(Native Method)
        at java.base@17.0.11/java.util.concurrent.locks.LockSupport.park(LockSupport.java:341)
        at java.base@17.0.11/java.util.concurrent.ForkJoinPool.awaitWork(ForkJoinPool.java:1724)
        at java.base@17.0.11/java.util.concurrent.ForkJoinPool.runWorker(ForkJoinPool.java:1623)
        at java.base@17.0.11/java.util.concurrent.ForkJoinWorkerThread.run(ForkJoinWorkerThread.java:165)
"IPC Server handler 41 on default port 15002" daemon prio=5 tid=300 timed_waiting
java.lang.Thread.State: TIMED_WAITING
        at java.base@17.0.11/jdk.internal.misc.Unsafe.park(Native Method)
        at java.base@17.0.11/java.util.concurrent.locks.LockSupport.parkNanos(LockSupport.java:252)
        at java.base@17.0.11/java.util.concurrent.locks.AbstractQueuedSynchronizer$ConditionObject.awaitNanos(AbstractQueuedSynchronizer.java:1674)
        at java.base@17.0.11/java.util.concurrent.LinkedBlockingQueue.poll(LinkedBlockingQueue.java:460)
        at app//org.apache.hadoop.ipc.CallQueueManager.take(CallQueueManager.java:317)
        at app//org.apache.hadoop.ipc.Server$Handler.run(Server.java:3014)
"IPC Server handler 90 on default port 15002" daemon prio=5 tid=349 timed_waiting
java.lang.Thread.State: TIMED_WAITING
        at java.base@17.0.11/jdk.internal.misc.Unsafe.park(Native Method)
        at java.base@17.0.11/java.util.concurrent.locks.LockSupport.parkNanos(LockSupport.java:252)
        at java.base@17.0.11/java.util.concurrent.locks.AbstractQueuedSynchronizer$ConditionObject.awaitNanos(AbstractQueuedSynchronizer.java:1674)
        at java.base@17.0.11/java.util.concurrent.LinkedBlockingQueue.poll(LinkedBlockingQueue.java:460)
        at app//org.apache.hadoop.ipc.CallQueueManager.take(CallQueueManager.java:317)
        at app//org.apache.hadoop.ipc.Server$Handler.run(Server.java:3014)
"IPC Server handler 4 on default port 15000" daemon prio=5 tid=63 timed_waiting
java.lang.Thread.State: TIMED_WAITING
        at java.base@17.0.11/jdk.internal.misc.Unsafe.park(Native Method)
        at java.base@17.0.11/java.util.concurrent.locks.LockSupport.parkNanos(LockSupport.java:252)
        at java.base@17.0.11/java.util.concurrent.locks.AbstractQueuedSynchronizer$ConditionObject.awaitNanos(AbstractQueuedSynchronizer.java:1674)
        at java.base@17.0.11/java.util.concurrent.LinkedBlockingQueue.poll(LinkedBlockingQueue.java:460)
        at app//org.apache.hadoop.ipc.CallQueueManager.take(CallQueueManager.java:317)
        at app//org.apache.hadoop.ipc.Server$Handler.run(Server.java:3014)
"IPC Server handler 43 on default port 15000" daemon prio=5 tid=102 timed_waiting
java.lang.Thread.State: TIMED_WAITING
        at java.base@17.0.11/jdk.internal.misc.Unsafe.park(Native Method)
        at java.base@17.0.11/java.util.concurrent.locks.LockSupport.parkNanos(LockSupport.java:252)
        at java.base@17.0.11/java.util.concurrent.locks.AbstractQueuedSynchronizer$ConditionObject.awaitNanos(AbstractQueuedSynchronizer.java:1674)
        at java.base@17.0.11/java.util.concurrent.LinkedBlockingQueue.poll(LinkedBlockingQueue.java:460)
        at app//org.apache.hadoop.ipc.CallQueueManager.take(CallQueueManager.java:317)
        at app//org.apache.hadoop.ipc.Server$Handler.run(Server.java:3014)
"om1-DirectoryDeletingService#0" daemon prio=5 tid=399 timed_waiting
java.lang.Thread.State: TIMED_WAITING
        at java.base@17.0.11/jdk.internal.misc.Unsafe.park(Native Method)
        at java.base@17.0.11/java.util.concurrent.locks.LockSupport.parkNanos(LockSupport.java:252)
        at java.base@17.0.11/java.util.concurrent.locks.AbstractQueuedSynchronizer$ConditionObject.awaitNanos(AbstractQueuedSynchronizer.java:1674)
        at java.base@17.0.11/java.util.concurrent.ScheduledThreadPoolExecutor$DelayedWorkQueue.take(ScheduledThreadPoolExecutor.java:1182)
        at java.base@17.0.11/java.util.concurrent.ScheduledThreadPoolExecutor$DelayedWorkQueue.take(ScheduledThreadPoolExecutor.java:899)
        at java.base@17.0.11/java.util.concurrent.ThreadPoolExecutor.getTask(ThreadPoolExecutor.java:1062)
        at java.base@17.0.11/java.util.concurrent.ThreadPoolExecutor.runWorker(ThreadPoolExecutor.java:1122)
        at java.base@17.0.11/java.util.concurrent.ThreadPoolExecutor$Worker.run(ThreadPoolExecutor.java:635)
        at java.base@17.0.11/java.lang.Thread.run(Thread.java:840)
"IPC Server handler 72 on default port 15000" daemon prio=5 tid=131 timed_waiting
java.lang.Thread.State: TIMED_WAITING
        at java.base@17.0.11/jdk.internal.misc.Unsafe.park(Native Method)
        at java.base@17.0.11/java.util.concurrent.locks.LockSupport.parkNanos(LockSupport.java:252)
        at java.base@17.0.11/java.util.concurrent.locks.AbstractQueuedSynchronizer$ConditionObject.awaitNanos(AbstractQueuedSynchronizer.java:1674)
        at java.base@17.0.11/java.util.concurrent.LinkedBlockingQueue.poll(LinkedBlockingQueue.java:460)
        at app//org.apache.hadoop.ipc.CallQueueManager.take(CallQueueManager.java:317)
        at app//org.apache.hadoop.ipc.Server$Handler.run(Server.java:3014)
"pool-127-thread-1"  prio=5 tid=496 timed_waiting
java.lang.Thread.State: TIMED_WAITING
        at java.base@17.0.11/jdk.internal.misc.Unsafe.park(Native Method)
        at java.base@17.0.11/java.util.concurrent.locks.LockSupport.parkNanos(LockSupport.java:252)
        at java.base@17.0.11/java.util.concurrent.locks.AbstractQueuedSynchronizer$ConditionObject.awaitNanos(AbstractQueuedSynchronizer.java:1674)
        at java.base@17.0.11/java.util.concurrent.ScheduledThreadPoolExecutor$DelayedWorkQueue.take(ScheduledThreadPoolExecutor.java:1182)
        at java.base@17.0.11/java.util.concurrent.ScheduledThreadPoolExecutor$DelayedWorkQueue.take(ScheduledThreadPoolExecutor.java:899)
        at java.base@17.0.11/java.util.concurrent.ThreadPoolExecutor.getTask(ThreadPoolExecutor.java:1062)
        at java.base@17.0.11/java.util.concurrent.ThreadPoolExecutor.runWorker(ThreadPoolExecutor.java:1122)
        at java.base@17.0.11/java.util.concurrent.ThreadPoolExecutor$Worker.run(ThreadPoolExecutor.java:635)
        at java.base@17.0.11/java.lang.Thread.run(Thread.java:840)
"qtp111131743-407-acceptor-0@5986cd76-ServerConnector@7e634ead{HTTP/1.1, (http/1.1)}{0.0.0.0:15005}" daemon prio=3 tid=407 runnable
java.lang.Thread.State: RUNNABLE
        at java.base@17.0.11/sun.nio.ch.Net.accept(Native Method)
        at java.base@17.0.11/sun.nio.ch.ServerSocketChannelImpl.implAccept(ServerSocketChannelImpl.java:425)
        at java.base@17.0.11/sun.nio.ch.ServerSocketChannelImpl.accept(ServerSocketChannelImpl.java:391)
        at app//org.eclipse.jetty.server.ServerConnector.accept(ServerConnector.java:388)
        at app//org.eclipse.jetty.server.AbstractConnector$Acceptor.run(AbstractConnector.java:704)
        at app//org.eclipse.jetty.util.thread.QueuedThreadPool.runJob(QueuedThreadPool.java:883)
        at app//org.eclipse.jetty.util.thread.QueuedThreadPool$Runner.run(QueuedThreadPool.java:1034)
        at java.base@17.0.11/java.lang.Thread.run(Thread.java:840)
"IPC Server handler 21 on default port 15000" daemon prio=5 tid=80 timed_waiting
java.lang.Thread.State: TIMED_WAITING
        at java.base@17.0.11/jdk.internal.misc.Unsafe.park(Native Method)
        at java.base@17.0.11/java.util.concurrent.locks.LockSupport.parkNanos(LockSupport.java:252)
        at java.base@17.0.11/java.util.concurrent.locks.AbstractQueuedSynchronizer$ConditionObject.awaitNanos(AbstractQueuedSynchronizer.java:1674)
        at java.base@17.0.11/java.util.concurrent.LinkedBlockingQueue.poll(LinkedBlockingQueue.java:460)
        at app//org.apache.hadoop.ipc.CallQueueManager.take(CallQueueManager.java:317)
        at app//org.apache.hadoop.ipc.Server$Handler.run(Server.java:3014)
"qtp41481250-474" daemon prio=5 tid=474 timed_waiting
java.lang.Thread.State: TIMED_WAITING
        at java.base@17.0.11/jdk.internal.misc.Unsafe.park(Native Method)
        at java.base@17.0.11/java.util.concurrent.locks.LockSupport.parkNanos(LockSupport.java:252)
        at java.base@17.0.11/java.util.concurrent.locks.AbstractQueuedSynchronizer$ConditionObject.awaitNanos(AbstractQueuedSynchronizer.java:1674)
        at app//org.eclipse.jetty.util.BlockingArrayQueue.poll(BlockingArrayQueue.java:382)
        at app//org.eclipse.jetty.util.thread.QueuedThreadPool$Runner.idleJobPoll(QueuedThreadPool.java:974)
        at app//org.eclipse.jetty.util.thread.QueuedThreadPool$Runner.run(QueuedThreadPool.java:1018)
        at java.base@17.0.11/java.lang.Thread.run(Thread.java:840)
"FixedThreadPoolWithAffinityExecutor-7-0" daemon prio=5 tid=55 timed_waiting
java.lang.Thread.State: TIMED_WAITING
        at java.base@17.0.11/jdk.internal.misc.Unsafe.park(Native Method)
        at java.base@17.0.11/java.util.concurrent.locks.LockSupport.parkNanos(LockSupport.java:252)
        at java.base@17.0.11/java.util.concurrent.locks.AbstractQueuedSynchronizer$ConditionObject.awaitNanos(AbstractQueuedSynchronizer.java:1674)
        at java.base@17.0.11/java.util.concurrent.LinkedBlockingQueue.poll(LinkedBlockingQueue.java:460)
        at app//org.apache.hadoop.hdds.scm.server.ContainerReportQueue.poll(ContainerReportQueue.java:269)
        at app//org.apache.hadoop.hdds.scm.server.ContainerReportQueue.poll(ContainerReportQueue.java:42)
        at app//org.apache.hadoop.hdds.server.events.FixedThreadPoolWithAffinityExecutor$ContainerReportProcessTask.run(FixedThreadPoolWithAffinityExecutor.java:253)
        at java.base@17.0.11/java.util.concurrent.Executors$RunnableAdapter.call(Executors.java:539)
        at java.base@17.0.11/java.util.concurrent.FutureTask.run(FutureTask.java:264)
        at java.base@17.0.11/java.util.concurrent.ThreadPoolExecutor.runWorker(ThreadPoolExecutor.java:1136)
        at java.base@17.0.11/java.util.concurrent.ThreadPoolExecutor$Worker.run(ThreadPoolExecutor.java:635)
        at java.base@17.0.11/java.lang.Thread.run(Thread.java:840)
"qtp1038401449-503" daemon prio=5 tid=503 timed_waiting
java.lang.Thread.State: TIMED_WAITING
        at java.base@17.0.11/jdk.internal.misc.Unsafe.park(Native Method)
        at java.base@17.0.11/java.util.concurrent.locks.LockSupport.parkNanos(LockSupport.java:252)
        at java.base@17.0.11/java.util.concurrent.locks.AbstractQueuedSynchronizer$ConditionObject.awaitNanos(AbstractQueuedSynchronizer.java:1674)
        at app//org.eclipse.jetty.util.BlockingArrayQueue.poll(BlockingArrayQueue.java:382)
        at app//org.eclipse.jetty.util.thread.QueuedThreadPool$Runner.idleJobPoll(QueuedThreadPool.java:974)
        at app//org.eclipse.jetty.util.thread.QueuedThreadPool$Runner.run(QueuedThreadPool.java:1018)
        at java.base@17.0.11/java.lang.Thread.run(Thread.java:840)
"Hadoop-Metrics-Updater-0" daemon prio=5 tid=483 timed_waiting
java.lang.Thread.State: TIMED_WAITING
        at java.base@17.0.11/jdk.internal.misc.Unsafe.park(Native Method)
        at java.base@17.0.11/java.util.concurrent.locks.LockSupport.parkNanos(LockSupport.java:252)
        at java.base@17.0.11/java.util.concurrent.locks.AbstractQueuedSynchronizer$ConditionObject.awaitNanos(AbstractQueuedSynchronizer.java:1674)
        at java.base@17.0.11/java.util.concurrent.ScheduledThreadPoolExecutor$DelayedWorkQueue.take(ScheduledThreadPoolExecutor.java:1182)
        at java.base@17.0.11/java.util.concurrent.ScheduledThreadPoolExecutor$DelayedWorkQueue.take(ScheduledThreadPoolExecutor.java:899)
        at java.base@17.0.11/java.util.concurrent.ThreadPoolExecutor.getTask(ThreadPoolExecutor.java:1062)
        at java.base@17.0.11/java.util.concurrent.ThreadPoolExecutor.runWorker(ThreadPoolExecutor.java:1122)
        at java.base@17.0.11/java.util.concurrent.ThreadPoolExecutor$Worker.run(ThreadPoolExecutor.java:635)
        at java.base@17.0.11/java.lang.Thread.run(Thread.java:840)
"IPC Server handler 25 on default port 15000" daemon prio=5 tid=84 timed_waiting
java.lang.Thread.State: TIMED_WAITING
        at java.base@17.0.11/jdk.internal.misc.Unsafe.park(Native Method)
        at java.base@17.0.11/java.util.concurrent.locks.LockSupport.parkNanos(LockSupport.java:252)
        at java.base@17.0.11/java.util.concurrent.locks.AbstractQueuedSynchronizer$ConditionObject.awaitNanos(AbstractQueuedSynchronizer.java:1674)
        at java.base@17.0.11/java.util.concurrent.LinkedBlockingQueue.poll(LinkedBlockingQueue.java:460)
        at app//org.apache.hadoop.ipc.CallQueueManager.take(CallQueueManager.java:317)
        at app//org.apache.hadoop.ipc.Server$Handler.run(Server.java:3014)
"IPC Server handler 98 on default port 15000" daemon prio=5 tid=157 timed_waiting
java.lang.Thread.State: TIMED_WAITING
        at java.base@17.0.11/jdk.internal.misc.Unsafe.park(Native Method)
        at java.base@17.0.11/java.util.concurrent.locks.LockSupport.parkNanos(LockSupport.java:252)
        at java.base@17.0.11/java.util.concurrent.locks.AbstractQueuedSynchronizer$ConditionObject.awaitNanos(AbstractQueuedSynchronizer.java:1674)
        at java.base@17.0.11/java.util.concurrent.LinkedBlockingQueue.poll(LinkedBlockingQueue.java:460)
        at app//org.apache.hadoop.ipc.CallQueueManager.take(CallQueueManager.java:317)
        at app//org.apache.hadoop.ipc.Server$Handler.run(Server.java:3014)
"IPC Server handler 4 on default port 15002" daemon prio=5 tid=263 timed_waiting
java.lang.Thread.State: TIMED_WAITING
        at java.base@17.0.11/jdk.internal.misc.Unsafe.park(Native Method)
        at java.base@17.0.11/java.util.concurrent.locks.LockSupport.parkNanos(LockSupport.java:252)
        at java.base@17.0.11/java.util.concurrent.locks.AbstractQueuedSynchronizer$ConditionObject.awaitNanos(AbstractQueuedSynchronizer.java:1674)
        at java.base@17.0.11/java.util.concurrent.LinkedBlockingQueue.poll(LinkedBlockingQueue.java:460)
        at app//org.apache.hadoop.ipc.CallQueueManager.take(CallQueueManager.java:317)
        at app//org.apache.hadoop.ipc.Server$Handler.run(Server.java:3014)
"4f6a4ba8-7237-4720-8e71-4cf4f347a525@group-87A56816AD29-cacheEviction-AwaitToRun" daemon prio=5 tid=613 in Object.wait()
java.lang.Thread.State: WAITING (on object monitor)
        at java.base@17.0.11/jdk.internal.misc.Unsafe.park(Native Method)
        at java.base@17.0.11/java.util.concurrent.locks.LockSupport.park(LockSupport.java:341)
        at java.base@17.0.11/java.util.concurrent.locks.AbstractQueuedSynchronizer$ConditionNode.block(AbstractQueuedSynchronizer.java:506)
        at java.base@17.0.11/java.util.concurrent.ForkJoinPool.unmanagedBlock(ForkJoinPool.java:3465)
        at java.base@17.0.11/java.util.concurrent.ForkJoinPool.managedBlock(ForkJoinPool.java:3436)
        at java.base@17.0.11/java.util.concurrent.locks.AbstractQueuedSynchronizer$ConditionObject.await(AbstractQueuedSynchronizer.java:1625)
        at app//org.apache.ratis.util.AwaitForSignal.await(AwaitForSignal.java:48)
        at app//org.apache.ratis.util.AwaitToRun$RunnableImpl.run(AwaitToRun.java:47)
        at java.base@17.0.11/java.lang.Thread.run(Thread.java:840)
"IPC Server handler 11 on default port 15002" daemon prio=5 tid=270 timed_waiting
java.lang.Thread.State: TIMED_WAITING
        at java.base@17.0.11/jdk.internal.misc.Unsafe.park(Native Method)
        at java.base@17.0.11/java.util.concurrent.locks.LockSupport.parkNanos(LockSupport.java:252)
        at java.base@17.0.11/java.util.concurrent.locks.AbstractQueuedSynchronizer$ConditionObject.awaitNanos(AbstractQueuedSynchronizer.java:1674)
        at java.base@17.0.11/java.util.concurrent.LinkedBlockingQueue.poll(LinkedBlockingQueue.java:460)
        at app//org.apache.hadoop.ipc.CallQueueManager.take(CallQueueManager.java:317)
        at app//org.apache.hadoop.ipc.Server$Handler.run(Server.java:3014)
"IPC Server handler 34 on default port 15000" daemon prio=5 tid=93 timed_waiting
java.lang.Thread.State: TIMED_WAITING
        at java.base@17.0.11/jdk.internal.misc.Unsafe.park(Native Method)
        at java.base@17.0.11/java.util.concurrent.locks.LockSupport.parkNanos(LockSupport.java:252)
        at java.base@17.0.11/java.util.concurrent.locks.AbstractQueuedSynchronizer$ConditionObject.awaitNanos(AbstractQueuedSynchronizer.java:1674)
        at java.base@17.0.11/java.util.concurrent.LinkedBlockingQueue.poll(LinkedBlockingQueue.java:460)
        at app//org.apache.hadoop.ipc.CallQueueManager.take(CallQueueManager.java:317)
        at app//org.apache.hadoop.ipc.Server$Handler.run(Server.java:3014)
"IPC Server handler 38 on default port 15000" daemon prio=5 tid=97 timed_waiting
java.lang.Thread.State: TIMED_WAITING
        at java.base@17.0.11/jdk.internal.misc.Unsafe.park(Native Method)
        at java.base@17.0.11/java.util.concurrent.locks.LockSupport.parkNanos(LockSupport.java:252)
        at java.base@17.0.11/java.util.concurrent.locks.AbstractQueuedSynchronizer$ConditionObject.awaitNanos(AbstractQueuedSynchronizer.java:1674)
        at java.base@17.0.11/java.util.concurrent.LinkedBlockingQueue.poll(LinkedBlockingQueue.java:460)
        at app//org.apache.hadoop.ipc.CallQueueManager.take(CallQueueManager.java:317)
        at app//org.apache.hadoop.ipc.Server$Handler.run(Server.java:3014)
"IPC Server handler 62 on default port 15000" daemon prio=5 tid=121 timed_waiting
java.lang.Thread.State: TIMED_WAITING
        at java.base@17.0.11/jdk.internal.misc.Unsafe.park(Native Method)
        at java.base@17.0.11/java.util.concurrent.locks.LockSupport.parkNanos(LockSupport.java:252)
        at java.base@17.0.11/java.util.concurrent.locks.AbstractQueuedSynchronizer$ConditionObject.awaitNanos(AbstractQueuedSynchronizer.java:1674)
        at java.base@17.0.11/java.util.concurrent.LinkedBlockingQueue.poll(LinkedBlockingQueue.java:460)
        at app//org.apache.hadoop.ipc.CallQueueManager.take(CallQueueManager.java:317)
        at app//org.apache.hadoop.ipc.Server$Handler.run(Server.java:3014)
"Session-HouseKeeper-5321ad2c-1"  prio=5 tid=505 timed_waiting
java.lang.Thread.State: TIMED_WAITING
        at java.base@17.0.11/jdk.internal.misc.Unsafe.park(Native Method)
        at java.base@17.0.11/java.util.concurrent.locks.LockSupport.parkNanos(LockSupport.java:252)
        at java.base@17.0.11/java.util.concurrent.locks.AbstractQueuedSynchronizer$ConditionObject.awaitNanos(AbstractQueuedSynchronizer.java:1674)
        at java.base@17.0.11/java.util.concurrent.ScheduledThreadPoolExecutor$DelayedWorkQueue.take(ScheduledThreadPoolExecutor.java:1182)
        at java.base@17.0.11/java.util.concurrent.ScheduledThreadPoolExecutor$DelayedWorkQueue.take(ScheduledThreadPoolExecutor.java:899)
        at java.base@17.0.11/java.util.concurrent.ThreadPoolExecutor.getTask(ThreadPoolExecutor.java:1062)
        at java.base@17.0.11/java.util.concurrent.ThreadPoolExecutor.runWorker(ThreadPoolExecutor.java:1122)
        at java.base@17.0.11/java.util.concurrent.ThreadPoolExecutor$Worker.run(ThreadPoolExecutor.java:635)
        at java.base@17.0.11/java.lang.Thread.run(Thread.java:840)
"IPC Server handler 13 on default port 15004" daemon prio=5 tid=428 timed_waiting
java.lang.Thread.State: TIMED_WAITING
        at java.base@17.0.11/jdk.internal.misc.Unsafe.park(Native Method)
        at java.base@17.0.11/java.util.concurrent.locks.LockSupport.parkNanos(LockSupport.java:252)
        at java.base@17.0.11/java.util.concurrent.locks.AbstractQueuedSynchronizer$ConditionObject.awaitNanos(AbstractQueuedSynchronizer.java:1674)
        at java.base@17.0.11/java.util.concurrent.LinkedBlockingQueue.poll(LinkedBlockingQueue.java:460)
        at app//org.apache.hadoop.ipc.CallQueueManager.take(CallQueueManager.java:317)
        at app//org.apache.hadoop.ipc.Server$Handler.run(Server.java:3014)
"IPC Server handler 34 on default port 15001" daemon prio=5 tid=193 timed_waiting
java.lang.Thread.State: TIMED_WAITING
        at java.base@17.0.11/jdk.internal.misc.Unsafe.park(Native Method)
        at java.base@17.0.11/java.util.concurrent.locks.LockSupport.parkNanos(LockSupport.java:252)
        at java.base@17.0.11/java.util.concurrent.locks.AbstractQueuedSynchronizer$ConditionObject.awaitNanos(AbstractQueuedSynchronizer.java:1674)
        at java.base@17.0.11/java.util.concurrent.LinkedBlockingQueue.poll(LinkedBlockingQueue.java:460)
        at app//org.apache.hadoop.ipc.CallQueueManager.take(CallQueueManager.java:317)
        at app//org.apache.hadoop.ipc.Server$Handler.run(Server.java:3014)
"IPC Server handler 45 on default port 15001" daemon prio=5 tid=204 timed_waiting
java.lang.Thread.State: TIMED_WAITING
        at java.base@17.0.11/jdk.internal.misc.Unsafe.park(Native Method)
        at java.base@17.0.11/java.util.concurrent.locks.LockSupport.parkNanos(LockSupport.java:252)
        at java.base@17.0.11/java.util.concurrent.locks.AbstractQueuedSynchronizer$ConditionObject.awaitNanos(AbstractQueuedSynchronizer.java:1674)
        at java.base@17.0.11/java.util.concurrent.LinkedBlockingQueue.poll(LinkedBlockingQueue.java:460)
        at app//org.apache.hadoop.ipc.CallQueueManager.take(CallQueueManager.java:317)
        at app//org.apache.hadoop.ipc.Server$Handler.run(Server.java:3014)
"IPC Server handler 49 on default port 15001" daemon prio=5 tid=208 timed_waiting
java.lang.Thread.State: TIMED_WAITING
        at java.base@17.0.11/jdk.internal.misc.Unsafe.park(Native Method)
        at java.base@17.0.11/java.util.concurrent.locks.LockSupport.parkNanos(LockSupport.java:252)
        at java.base@17.0.11/java.util.concurrent.locks.AbstractQueuedSynchronizer$ConditionObject.awaitNanos(AbstractQueuedSynchronizer.java:1674)
        at java.base@17.0.11/java.util.concurrent.LinkedBlockingQueue.poll(LinkedBlockingQueue.java:460)
        at app//org.apache.hadoop.ipc.CallQueueManager.take(CallQueueManager.java:317)
        at app//org.apache.hadoop.ipc.Server$Handler.run(Server.java:3014)
"Hadoop-Metrics-Updater-0" daemon prio=5 tid=454 timed_waiting
java.lang.Thread.State: TIMED_WAITING
        at java.base@17.0.11/jdk.internal.misc.Unsafe.park(Native Method)
        at java.base@17.0.11/java.util.concurrent.locks.LockSupport.parkNanos(LockSupport.java:252)
        at java.base@17.0.11/java.util.concurrent.locks.AbstractQueuedSynchronizer$ConditionObject.awaitNanos(AbstractQueuedSynchronizer.java:1674)
        at java.base@17.0.11/java.util.concurrent.ScheduledThreadPoolExecutor$DelayedWorkQueue.take(ScheduledThreadPoolExecutor.java:1182)
        at java.base@17.0.11/java.util.concurrent.ScheduledThreadPoolExecutor$DelayedWorkQueue.take(ScheduledThreadPoolExecutor.java:899)
        at java.base@17.0.11/java.util.concurrent.ThreadPoolExecutor.getTask(ThreadPoolExecutor.java:1062)
        at java.base@17.0.11/java.util.concurrent.ThreadPoolExecutor.runWorker(ThreadPoolExecutor.java:1122)
        at java.base@17.0.11/java.util.concurrent.ThreadPoolExecutor$Worker.run(ThreadPoolExecutor.java:635)
        at java.base@17.0.11/java.lang.Thread.run(Thread.java:840)
"a2876ff0-d178-48ae-a6b6-bf6963d4710d-ChunkReader-ELG-0" daemon prio=5 tid=552 runnable
java.lang.Thread.State: RUNNABLE
        at app//org.apache.ratis.thirdparty.io.netty.channel.epoll.Native.epollWait(Native Method)
        at app//org.apache.ratis.thirdparty.io.netty.channel.epoll.Native.epollWait(Native.java:220)
        at app//org.apache.ratis.thirdparty.io.netty.channel.epoll.Native.epollWait(Native.java:213)
        at app//org.apache.ratis.thirdparty.io.netty.channel.epoll.EpollEventLoop.epollWaitNoTimerChange(EpollEventLoop.java:308)
        at app//org.apache.ratis.thirdparty.io.netty.channel.epoll.EpollEventLoop.run(EpollEventLoop.java:365)
        at app//org.apache.ratis.thirdparty.io.netty.util.concurrent.SingleThreadEventExecutor$4.run(SingleThreadEventExecutor.java:997)
        at app//org.apache.ratis.thirdparty.io.netty.util.internal.ThreadExecutorMap$2.run(ThreadExecutorMap.java:74)
        at java.base@17.0.11/java.lang.Thread.run(Thread.java:840)
"IPC Server handler 95 on default port 15001" daemon prio=5 tid=254 timed_waiting
java.lang.Thread.State: TIMED_WAITING
        at java.base@17.0.11/jdk.internal.misc.Unsafe.park(Native Method)
        at java.base@17.0.11/java.util.concurrent.locks.LockSupport.parkNanos(LockSupport.java:252)
        at java.base@17.0.11/java.util.concurrent.locks.AbstractQueuedSynchronizer$ConditionObject.awaitNanos(AbstractQueuedSynchronizer.java:1674)
        at java.base@17.0.11/java.util.concurrent.LinkedBlockingQueue.poll(LinkedBlockingQueue.java:460)
        at app//org.apache.hadoop.ipc.CallQueueManager.take(CallQueueManager.java:317)
        at app//org.apache.hadoop.ipc.Server$Handler.run(Server.java:3014)
"timer3" daemon prio=5 tid=668 timed_waiting
java.lang.Thread.State: TIMED_WAITING
        at java.base@17.0.11/java.lang.Object.wait(Native Method)
        at java.base@17.0.11/java.util.TimerThread.mainLoop(Timer.java:563)
        at java.base@17.0.11/java.util.TimerThread.run(Timer.java:516)
"a2876ff0-d178-48ae-a6b6-bf6963d4710d-server-thread2" daemon prio=5 tid=695 timed_waiting
java.lang.Thread.State: TIMED_WAITING
        at java.base@17.0.11/jdk.internal.misc.Unsafe.park(Native Method)
        at java.base@17.0.11/java.util.concurrent.locks.LockSupport.parkNanos(LockSupport.java:252)
        at java.base@17.0.11/java.util.concurrent.SynchronousQueue$TransferStack.transfer(SynchronousQueue.java:401)
        at java.base@17.0.11/java.util.concurrent.SynchronousQueue.poll(SynchronousQueue.java:903)
        at java.base@17.0.11/java.util.concurrent.ThreadPoolExecutor.getTask(ThreadPoolExecutor.java:1061)
        at java.base@17.0.11/java.util.concurrent.ThreadPoolExecutor.runWorker(ThreadPoolExecutor.java:1122)
        at java.base@17.0.11/java.util.concurrent.ThreadPoolExecutor$Worker.run(ThreadPoolExecutor.java:635)
        at java.base@17.0.11/java.lang.Thread.run(Thread.java:840)
"qtp1038401449-497" daemon prio=5 tid=497 runnable
java.lang.Thread.State: RUNNABLE
        at java.base@17.0.11/sun.nio.ch.EPoll.wait(Native Method)
        at java.base@17.0.11/sun.nio.ch.EPollSelectorImpl.doSelect(EPollSelectorImpl.java:118)
        at java.base@17.0.11/sun.nio.ch.SelectorImpl.lockAndDoSelect(SelectorImpl.java:129)
        at java.base@17.0.11/sun.nio.ch.SelectorImpl.select(SelectorImpl.java:146)
        at app//org.eclipse.jetty.io.ManagedSelector.nioSelect(ManagedSelector.java:183)
        at app//org.eclipse.jetty.io.ManagedSelector.select(ManagedSelector.java:190)
        at app//org.eclipse.jetty.io.ManagedSelector$SelectorProducer.select(ManagedSelector.java:606)
        at app//org.eclipse.jetty.io.ManagedSelector$SelectorProducer.produce(ManagedSelector.java:543)
        at app//org.eclipse.jetty.util.thread.strategy.EatWhatYouKill.produceTask(EatWhatYouKill.java:362)
        at app//org.eclipse.jetty.util.thread.strategy.EatWhatYouKill.doProduce(EatWhatYouKill.java:186)
        at app//org.eclipse.jetty.util.thread.strategy.EatWhatYouKill.tryProduce(EatWhatYouKill.java:173)
        at app//org.eclipse.jetty.util.thread.strategy.EatWhatYouKill.produce(EatWhatYouKill.java:137)
        at app//org.eclipse.jetty.io.ManagedSelector$$Lambda$818/0x00007fe3805422c8.run(Unknown Source)
        at app//org.eclipse.jetty.util.thread.QueuedThreadPool.runJob(QueuedThreadPool.java:883)
        at app//org.eclipse.jetty.util.thread.QueuedThreadPool$Runner.run(QueuedThreadPool.java:1034)
        at java.base@17.0.11/java.lang.Thread.run(Thread.java:840)
"IPC Server handler 88 on default port 15002" daemon prio=5 tid=347 timed_waiting
java.lang.Thread.State: TIMED_WAITING
        at java.base@17.0.11/jdk.internal.misc.Unsafe.park(Native Method)
        at java.base@17.0.11/java.util.concurrent.locks.LockSupport.parkNanos(LockSupport.java:252)
        at java.base@17.0.11/java.util.concurrent.locks.AbstractQueuedSynchronizer$ConditionObject.awaitNanos(AbstractQueuedSynchronizer.java:1674)
        at java.base@17.0.11/java.util.concurrent.LinkedBlockingQueue.poll(LinkedBlockingQueue.java:460)
        at app//org.apache.hadoop.ipc.CallQueueManager.take(CallQueueManager.java:317)
        at app//org.apache.hadoop.ipc.Server$Handler.run(Server.java:3014)
"IPC Server handler 35 on default port 15001" daemon prio=5 tid=194 timed_waiting
java.lang.Thread.State: TIMED_WAITING
        at java.base@17.0.11/jdk.internal.misc.Unsafe.park(Native Method)
        at java.base@17.0.11/java.util.concurrent.locks.LockSupport.parkNanos(LockSupport.java:252)
        at java.base@17.0.11/java.util.concurrent.locks.AbstractQueuedSynchronizer$ConditionObject.awaitNanos(AbstractQueuedSynchronizer.java:1674)
        at java.base@17.0.11/java.util.concurrent.LinkedBlockingQueue.poll(LinkedBlockingQueue.java:460)
        at app//org.apache.hadoop.ipc.CallQueueManager.take(CallQueueManager.java:317)
        at app//org.apache.hadoop.ipc.Server$Handler.run(Server.java:3014)
"IPC Server handler 55 on default port 15001" daemon prio=5 tid=214 timed_waiting
java.lang.Thread.State: TIMED_WAITING
        at java.base@17.0.11/jdk.internal.misc.Unsafe.park(Native Method)
        at java.base@17.0.11/java.util.concurrent.locks.LockSupport.parkNanos(LockSupport.java:252)
        at java.base@17.0.11/java.util.concurrent.locks.AbstractQueuedSynchronizer$ConditionObject.awaitNanos(AbstractQueuedSynchronizer.java:1674)
        at java.base@17.0.11/java.util.concurrent.LinkedBlockingQueue.poll(LinkedBlockingQueue.java:460)
        at app//org.apache.hadoop.ipc.CallQueueManager.take(CallQueueManager.java:317)
        at app//org.apache.hadoop.ipc.Server$Handler.run(Server.java:3014)
"main"  prio=5 tid=1 runnable
java.lang.Thread.State: RUNNABLE
        at java.base@17.0.11/java.lang.Thread.dumpThreads(Native Method)
        at java.base@17.0.11/java.lang.Thread.getAllStackTraces(Thread.java:1671)
        at app//org.apache.ozone.test.TimedOutTestsListener.buildThreadDump(TimedOutTestsListener.java:83)
        at app//org.apache.ozone.test.TimedOutTestsListener.buildThreadDiagnosticString(TimedOutTestsListener.java:69)
        at app//org.apache.ozone.test.GenericTestUtils.waitFor(GenericTestUtils.java:204)
        at app//org.apache.hadoop.hdds.scm.pipeline.TestPipelineManagerMXBean.testPipelineInfo(TestPipelineManagerMXBean.java:71)
        at java.base@17.0.11/jdk.internal.reflect.NativeMethodAccessorImpl.invoke0(Native Method)
        at java.base@17.0.11/jdk.internal.reflect.NativeMethodAccessorImpl.invoke(NativeMethodAccessorImpl.java:77)
        at java.base@17.0.11/jdk.internal.reflect.DelegatingMethodAccessorImpl.invoke(DelegatingMethodAccessorImpl.java:43)
        at java.base@17.0.11/java.lang.reflect.Method.invoke(Method.java:568)
        at app//org.junit.platform.commons.util.ReflectionUtils.invokeMethod(ReflectionUtils.java:728)
        at app//org.junit.jupiter.engine.execution.MethodInvocation.proceed(MethodInvocation.java:60)
        at app//org.junit.jupiter.engine.execution.InvocationInterceptorChain$ValidatingInvocation.proceed(InvocationInterceptorChain.java:131)
        at app//org.junit.jupiter.engine.extension.SameThreadTimeoutInvocation.proceed(SameThreadTimeoutInvocation.java:45)
        at app//org.junit.jupiter.engine.extension.TimeoutExtension.intercept(TimeoutExtension.java:156)
        at app//org.junit.jupiter.engine.extension.TimeoutExtension.interceptTestableMethod(TimeoutExtension.java:147)
        at app//org.junit.jupiter.engine.extension.TimeoutExtension.interceptTestMethod(TimeoutExtension.java:86)
        at app//org.junit.jupiter.engine.descriptor.TestMethodTestDescriptor$$Lambda$229/0x00007fe3800a2098.apply(Unknown Source)
        at app//org.junit.jupiter.engine.execution.InterceptingExecutableInvoker$ReflectiveInterceptorCall.lambda$ofVoidMethod$0(InterceptingExecutableInvoker.java:103)
        at app//org.junit.jupiter.engine.execution.InterceptingExecutableInvoker$ReflectiveInterceptorCall$$Lambda$230/0x00007fe3800a24b8.apply(Unknown Source)
        at app//org.junit.jupiter.engine.execution.InterceptingExecutableInvoker.lambda$invoke$0(InterceptingExecutableInvoker.java:93)
        at app//org.junit.jupiter.engine.execution.InterceptingExecutableInvoker$$Lambda$447/0x00007fe3801258a0.apply(Unknown Source)
        at app//org.junit.jupiter.engine.execution.InvocationInterceptorChain$InterceptedInvocation.proceed(InvocationInterceptorChain.java:106)
        at app//org.junit.jupiter.engine.execution.InvocationInterceptorChain.proceed(InvocationInterceptorChain.java:64)
        at app//org.junit.jupiter.engine.execution.InvocationInterceptorChain.chainAndInvoke(InvocationInterceptorChain.java:45)
        at app//org.junit.jupiter.engine.execution.InvocationInterceptorChain.invoke(InvocationInterceptorChain.java:37)
        at app//org.junit.jupiter.engine.execution.InterceptingExecutableInvoker.invoke(InterceptingExecutableInvoker.java:92)
        at app//org.junit.jupiter.engine.execution.InterceptingExecutableInvoker.invoke(InterceptingExecutableInvoker.java:86)
        at app//org.junit.jupiter.engine.descriptor.TestMethodTestDescriptor.lambda$invokeTestMethod$7(TestMethodTestDescriptor.java:218)
        at app//org.junit.jupiter.engine.descriptor.TestMethodTestDescriptor$$Lambda$1689/0x00007fe38092e388.execute(Unknown Source)
        at app//org.junit.platform.engine.support.hierarchical.ThrowableCollector.execute(ThrowableCollector.java:73)
        at app//org.junit.jupiter.engine.descriptor.TestMethodTestDescriptor.invokeTestMethod(TestMethodTestDescriptor.java:214)
        at app//org.junit.jupiter.engine.descriptor.TestMethodTestDescriptor.execute(TestMethodTestDescriptor.java:139)
        at app//org.junit.jupiter.engine.descriptor.TestMethodTestDescriptor.execute(TestMethodTestDescriptor.java:69)
        at app//org.junit.platform.engine.support.hierarchical.NodeTestTask.lambda$executeRecursively$6(NodeTestTask.java:151)
        at app//org.junit.platform.engine.support.hierarchical.NodeTestTask$$Lambda$373/0x00007fe380113978.execute(Unknown Source)
        at app//org.junit.platform.engine.support.hierarchical.ThrowableCollector.execute(ThrowableCollector.java:73)
        at app//org.junit.platform.engine.support.hierarchical.NodeTestTask.lambda$executeRecursively$8(NodeTestTask.java:141)
        at app//org.junit.platform.engine.support.hierarchical.NodeTestTask$$Lambda$372/0x00007fe380113508.invoke(Unknown Source)
        at app//org.junit.platform.engine.support.hierarchical.Node.around(Node.java:137)
        at app//org.junit.platform.engine.support.hierarchical.NodeTestTask.lambda$executeRecursively$9(NodeTestTask.java:139)
        at app//org.junit.platform.engine.support.hierarchical.NodeTestTask$$Lambda$371/0x00007fe3801130e0.execute(Unknown Source)
        at app//org.junit.platform.engine.support.hierarchical.ThrowableCollector.execute(ThrowableCollector.java:73)
        at app//org.junit.platform.engine.support.hierarchical.NodeTestTask.executeRecursively(NodeTestTask.java:138)
        at app//org.junit.platform.engine.support.hierarchical.NodeTestTask.execute(NodeTestTask.java:95)
        at app//org.junit.platform.engine.support.hierarchical.SameThreadHierarchicalTestExecutorService$$Lambda$377/0x00007fe3801168f0.accept(Unknown Source)
        at java.base@17.0.11/java.util.ArrayList.forEach(ArrayList.java:1511)
        at app//org.junit.platform.engine.support.hierarchical.SameThreadHierarchicalTestExecutorService.invokeAll(SameThreadHierarchicalTestExecutorService.java:41)
        at app//org.junit.platform.engine.support.hierarchical.NodeTestTask.lambda$executeRecursively$6(NodeTestTask.java:155)
        at app//org.junit.platform.engine.support.hierarchical.NodeTestTask$$Lambda$373/0x00007fe380113978.execute(Unknown Source)
        at app//org.junit.platform.engine.support.hierarchical.ThrowableCollector.execute(ThrowableCollector.java:73)
        at app//org.junit.platform.engine.support.hierarchical.NodeTestTask.lambda$executeRecursively$8(NodeTestTask.java:141)
        at app//org.junit.platform.engine.support.hierarchical.NodeTestTask$$Lambda$372/0x00007fe380113508.invoke(Unknown Source)
        at app//org.junit.platform.engine.support.hierarchical.Node.around(Node.java:137)
        at app//org.junit.platform.engine.support.hierarchical.NodeTestTask.lambda$executeRecursively$9(NodeTestTask.java:139)
        at app//org.junit.platform.engine.support.hierarchical.NodeTestTask$$Lambda$371/0x00007fe3801130e0.execute(Unknown Source)
        at app//org.junit.platform.engine.support.hierarchical.ThrowableCollector.execute(ThrowableCollector.java:73)
        at app//org.junit.platform.engine.support.hierarchical.NodeTestTask.executeRecursively(NodeTestTask.java:138)
        at app//org.junit.platform.engine.support.hierarchical.NodeTestTask.execute(NodeTestTask.java:95)
        at app//org.junit.platform.engine.support.hierarchical.SameThreadHierarchicalTestExecutorService$$Lambda$377/0x00007fe3801168f0.accept(Unknown Source)
        at java.base@17.0.11/java.util.ArrayList.forEach(ArrayList.java:1511)
        at app//org.junit.platform.engine.support.hierarchical.SameThreadHierarchicalTestExecutorService.invokeAll(SameThreadHierarchicalTestExecutorService.java:41)
        at app//org.junit.platform.engine.support.hierarchical.NodeTestTask.lambda$executeRecursively$6(NodeTestTask.java:155)
        at app//org.junit.platform.engine.support.hierarchical.NodeTestTask$$Lambda$373/0x00007fe380113978.execute(Unknown Source)
        at app//org.junit.platform.engine.support.hierarchical.ThrowableCollector.execute(ThrowableCollector.java:73)
        at app//org.junit.platform.engine.support.hierarchical.NodeTestTask.lambda$executeRecursively$8(NodeTestTask.java:141)
        at app//org.junit.platform.engine.support.hierarchical.NodeTestTask$$Lambda$372/0x00007fe380113508.invoke(Unknown Source)
        at app//org.junit.platform.engine.support.hierarchical.Node.around(Node.java:137)
        at app//org.junit.platform.engine.support.hierarchical.NodeTestTask.lambda$executeRecursively$9(NodeTestTask.java:139)
        at app//org.junit.platform.engine.support.hierarchical.NodeTestTask$$Lambda$371/0x00007fe3801130e0.execute(Unknown Source)
        at app//org.junit.platform.engine.support.hierarchical.ThrowableCollector.execute(ThrowableCollector.java:73)
        at app//org.junit.platform.engine.support.hierarchical.NodeTestTask.executeRecursively(NodeTestTask.java:138)
        at app//org.junit.platform.engine.support.hierarchical.NodeTestTask.execute(NodeTestTask.java:95)
        at app//org.junit.platform.engine.support.hierarchical.SameThreadHierarchicalTestExecutorService.submit(SameThreadHierarchicalTestExecutorService.java:35)
        at app//org.junit.platform.engine.support.hierarchical.HierarchicalTestExecutor.execute(HierarchicalTestExecutor.java:57)
        at app//org.junit.platform.engine.support.hierarchical.HierarchicalTestEngine.execute(HierarchicalTestEngine.java:54)
        at app//org.junit.platform.launcher.core.EngineExecutionOrchestrator.execute(EngineExecutionOrchestrator.java:198)
        at app//org.junit.platform.launcher.core.EngineExecutionOrchestrator.execute(EngineExecutionOrchestrator.java:169)
        at app//org.junit.platform.launcher.core.EngineExecutionOrchestrator.execute(EngineExecutionOrchestrator.java:93)
        at app//org.junit.platform.launcher.core.EngineExecutionOrchestrator.lambda$execute$0(EngineExecutionOrchestrator.java:58)
        at app//org.junit.platform.launcher.core.EngineExecutionOrchestrator$$Lambda$285/0x00007fe3800aef48.accept(Unknown Source)
        at app//org.junit.platform.launcher.core.EngineExecutionOrchestrator.withInterceptedStreams(EngineExecutionOrchestrator.java:141)
        at app//org.junit.platform.launcher.core.EngineExecutionOrchestrator.execute(EngineExecutionOrchestrator.java:57)
        at app//org.junit.platform.launcher.core.DefaultLauncher.execute(DefaultLauncher.java:103)
        at app//org.junit.platform.launcher.core.DefaultLauncher.execute(DefaultLauncher.java:85)
        at app//org.junit.platform.launcher.core.DelegatingLauncher.execute(DelegatingLauncher.java:47)
        at app//org.junit.platform.launcher.core.SessionPerRequestLauncher.execute(SessionPerRequestLauncher.java:63)
        at app//org.apache.maven.surefire.junitplatform.JUnitPlatformProvider.invokeAllTests(JUnitPlatformProvider.java:154)
        at app//org.apache.maven.surefire.junitplatform.JUnitPlatformProvider.invoke(JUnitPlatformProvider.java:123)
        at app//org.apache.maven.surefire.booter.ForkedBooter.runSuitesInProcess(ForkedBooter.java:377)
        at app//org.apache.maven.surefire.booter.ForkedBooter.execute(ForkedBooter.java:138)
        at app//org.apache.maven.surefire.booter.ForkedBooter.run(ForkedBooter.java:465)
        at app//org.apache.maven.surefire.booter.ForkedBooter.main(ForkedBooter.java:451)
"IPC Server handler 83 on default port 15000" daemon prio=5 tid=142 timed_waiting
java.lang.Thread.State: TIMED_WAITING
        at java.base@17.0.11/jdk.internal.misc.Unsafe.park(Native Method)
        at java.base@17.0.11/java.util.concurrent.locks.LockSupport.parkNanos(LockSupport.java:252)
        at java.base@17.0.11/java.util.concurrent.locks.AbstractQueuedSynchronizer$ConditionObject.awaitNanos(AbstractQueuedSynchronizer.java:1674)
        at java.base@17.0.11/java.util.concurrent.LinkedBlockingQueue.poll(LinkedBlockingQueue.java:460)
        at app//org.apache.hadoop.ipc.CallQueueManager.take(CallQueueManager.java:317)
        at app//org.apache.hadoop.ipc.Server$Handler.run(Server.java:3014)
"IPC Server handler 63 on default port 15000" daemon prio=5 tid=122 timed_waiting
java.lang.Thread.State: TIMED_WAITING
        at java.base@17.0.11/jdk.internal.misc.Unsafe.park(Native Method)
        at java.base@17.0.11/java.util.concurrent.locks.LockSupport.parkNanos(LockSupport.java:252)
        at java.base@17.0.11/java.util.concurrent.locks.AbstractQueuedSynchronizer$ConditionObject.awaitNanos(AbstractQueuedSynchronizer.java:1674)
        at java.base@17.0.11/java.util.concurrent.LinkedBlockingQueue.poll(LinkedBlockingQueue.java:460)
        at app//org.apache.hadoop.ipc.CallQueueManager.take(CallQueueManager.java:317)
        at app//org.apache.hadoop.ipc.Server$Handler.run(Server.java:3014)
"grpc-default-executor-5" daemon prio=5 tid=692 timed_waiting
java.lang.Thread.State: TIMED_WAITING
        at java.base@17.0.11/jdk.internal.misc.Unsafe.park(Native Method)
        at java.base@17.0.11/java.util.concurrent.locks.LockSupport.parkNanos(LockSupport.java:252)
        at java.base@17.0.11/java.util.concurrent.SynchronousQueue$TransferStack.transfer(SynchronousQueue.java:401)
        at java.base@17.0.11/java.util.concurrent.SynchronousQueue.poll(SynchronousQueue.java:903)
        at java.base@17.0.11/java.util.concurrent.ThreadPoolExecutor.getTask(ThreadPoolExecutor.java:1061)
        at java.base@17.0.11/java.util.concurrent.ThreadPoolExecutor.runWorker(ThreadPoolExecutor.java:1122)
        at java.base@17.0.11/java.util.concurrent.ThreadPoolExecutor$Worker.run(ThreadPoolExecutor.java:635)
        at java.base@17.0.11/java.lang.Thread.run(Thread.java:840)
"IPC Server handler 76 on default port 15001" daemon prio=5 tid=235 timed_waiting
java.lang.Thread.State: TIMED_WAITING
        at java.base@17.0.11/jdk.internal.misc.Unsafe.park(Native Method)
        at java.base@17.0.11/java.util.concurrent.locks.LockSupport.parkNanos(LockSupport.java:252)
        at java.base@17.0.11/java.util.concurrent.locks.AbstractQueuedSynchronizer$ConditionObject.awaitNanos(AbstractQueuedSynchronizer.java:1674)
        at java.base@17.0.11/java.util.concurrent.LinkedBlockingQueue.poll(LinkedBlockingQueue.java:460)
        at app//org.apache.hadoop.ipc.CallQueueManager.take(CallQueueManager.java:317)
        at app//org.apache.hadoop.ipc.Server$Handler.run(Server.java:3014)
"IPC Server handler 1 on default port 15001" daemon prio=5 tid=160 timed_waiting
java.lang.Thread.State: TIMED_WAITING
        at java.base@17.0.11/jdk.internal.misc.Unsafe.park(Native Method)
        at java.base@17.0.11/java.util.concurrent.locks.LockSupport.parkNanos(LockSupport.java:252)
        at java.base@17.0.11/java.util.concurrent.locks.AbstractQueuedSynchronizer$ConditionObject.awaitNanos(AbstractQueuedSynchronizer.java:1674)
        at java.base@17.0.11/java.util.concurrent.LinkedBlockingQueue.poll(LinkedBlockingQueue.java:460)
        at app//org.apache.hadoop.ipc.CallQueueManager.take(CallQueueManager.java:317)
        at app//org.apache.hadoop.ipc.Server$Handler.run(Server.java:3014)
"IPC Server handler 75 on default port 15000" daemon prio=5 tid=134 timed_waiting
java.lang.Thread.State: TIMED_WAITING
        at java.base@17.0.11/jdk.internal.misc.Unsafe.park(Native Method)
        at java.base@17.0.11/java.util.concurrent.locks.LockSupport.parkNanos(LockSupport.java:252)
        at java.base@17.0.11/java.util.concurrent.locks.AbstractQueuedSynchronizer$ConditionObject.awaitNanos(AbstractQueuedSynchronizer.java:1674)
        at java.base@17.0.11/java.util.concurrent.LinkedBlockingQueue.poll(LinkedBlockingQueue.java:460)
        at app//org.apache.hadoop.ipc.CallQueueManager.take(CallQueueManager.java:317)
        at app//org.apache.hadoop.ipc.Server$Handler.run(Server.java:3014)
"NetworkTopologyPoller" daemon prio=5 tid=397 timed_waiting
java.lang.Thread.State: TIMED_WAITING
        at java.base@17.0.11/jdk.internal.misc.Unsafe.park(Native Method)
        at java.base@17.0.11/java.util.concurrent.locks.LockSupport.parkNanos(LockSupport.java:252)
        at java.base@17.0.11/java.util.concurrent.locks.AbstractQueuedSynchronizer$ConditionObject.awaitNanos(AbstractQueuedSynchronizer.java:1674)
        at java.base@17.0.11/java.util.concurrent.ScheduledThreadPoolExecutor$DelayedWorkQueue.take(ScheduledThreadPoolExecutor.java:1182)
        at java.base@17.0.11/java.util.concurrent.ScheduledThreadPoolExecutor$DelayedWorkQueue.take(ScheduledThreadPoolExecutor.java:899)
        at java.base@17.0.11/java.util.concurrent.ThreadPoolExecutor.getTask(ThreadPoolExecutor.java:1062)
        at java.base@17.0.11/java.util.concurrent.ThreadPoolExecutor.runWorker(ThreadPoolExecutor.java:1122)
        at java.base@17.0.11/java.util.concurrent.ThreadPoolExecutor$Worker.run(ThreadPoolExecutor.java:635)
        at java.base@17.0.11/java.lang.Thread.run(Thread.java:840)
"IPC Server handler 62 on default port 15001" daemon prio=5 tid=221 timed_waiting
java.lang.Thread.State: TIMED_WAITING
        at java.base@17.0.11/jdk.internal.misc.Unsafe.park(Native Method)
        at java.base@17.0.11/java.util.concurrent.locks.LockSupport.parkNanos(LockSupport.java:252)
        at java.base@17.0.11/java.util.concurrent.locks.AbstractQueuedSynchronizer$ConditionObject.awaitNanos(AbstractQueuedSynchronizer.java:1674)
        at java.base@17.0.11/java.util.concurrent.LinkedBlockingQueue.poll(LinkedBlockingQueue.java:460)
        at app//org.apache.hadoop.ipc.CallQueueManager.take(CallQueueManager.java:317)
        at app//org.apache.hadoop.ipc.Server$Handler.run(Server.java:3014)
"IPC Server handler 16 on default port 15004" daemon prio=5 tid=431 timed_waiting
java.lang.Thread.State: TIMED_WAITING
        at java.base@17.0.11/jdk.internal.misc.Unsafe.park(Native Method)
        at java.base@17.0.11/java.util.concurrent.locks.LockSupport.parkNanos(LockSupport.java:252)
        at java.base@17.0.11/java.util.concurrent.locks.AbstractQueuedSynchronizer$ConditionObject.awaitNanos(AbstractQueuedSynchronizer.java:1674)
        at java.base@17.0.11/java.util.concurrent.LinkedBlockingQueue.poll(LinkedBlockingQueue.java:460)
        at app//org.apache.hadoop.ipc.CallQueueManager.take(CallQueueManager.java:317)
        at app//org.apache.hadoop.ipc.Server$Handler.run(Server.java:3014)
"a2876ff0-d178-48ae-a6b6-bf6963d4710d-PipelineCommandHandlerThread-0"  prio=5 tid=603 in Object.wait()
java.lang.Thread.State: WAITING (on object monitor)
        at java.base@17.0.11/jdk.internal.misc.Unsafe.park(Native Method)
        at java.base@17.0.11/java.util.concurrent.locks.LockSupport.park(LockSupport.java:341)
        at java.base@17.0.11/java.util.concurrent.locks.AbstractQueuedSynchronizer$ConditionNode.block(AbstractQueuedSynchronizer.java:506)
        at java.base@17.0.11/java.util.concurrent.ForkJoinPool.unmanagedBlock(ForkJoinPool.java:3465)
        at java.base@17.0.11/java.util.concurrent.ForkJoinPool.managedBlock(ForkJoinPool.java:3436)
        at java.base@17.0.11/java.util.concurrent.locks.AbstractQueuedSynchronizer$ConditionObject.await(AbstractQueuedSynchronizer.java:1625)
        at java.base@17.0.11/java.util.concurrent.LinkedBlockingQueue.take(LinkedBlockingQueue.java:435)
        at java.base@17.0.11/java.util.concurrent.ThreadPoolExecutor.getTask(ThreadPoolExecutor.java:1062)
        at java.base@17.0.11/java.util.concurrent.ThreadPoolExecutor.runWorker(ThreadPoolExecutor.java:1122)
        at java.base@17.0.11/java.util.concurrent.ThreadPoolExecutor$Worker.run(ThreadPoolExecutor.java:635)
        at java.base@17.0.11/java.lang.Thread.run(Thread.java:840)
"IPC Server handler 14 on default port 15000" daemon prio=5 tid=73 timed_waiting
java.lang.Thread.State: TIMED_WAITING
        at java.base@17.0.11/jdk.internal.misc.Unsafe.park(Native Method)
        at java.base@17.0.11/java.util.concurrent.locks.LockSupport.parkNanos(LockSupport.java:252)
        at java.base@17.0.11/java.util.concurrent.locks.AbstractQueuedSynchronizer$ConditionObject.awaitNanos(AbstractQueuedSynchronizer.java:1674)
        at java.base@17.0.11/java.util.concurrent.LinkedBlockingQueue.poll(LinkedBlockingQueue.java:460)
        at app//org.apache.hadoop.ipc.CallQueueManager.take(CallQueueManager.java:317)
        at app//org.apache.hadoop.ipc.Server$Handler.run(Server.java:3014)
"IPC Server handler 61 on default port 15000" daemon prio=5 tid=120 timed_waiting
java.lang.Thread.State: TIMED_WAITING
        at java.base@17.0.11/jdk.internal.misc.Unsafe.park(Native Method)
        at java.base@17.0.11/java.util.concurrent.locks.LockSupport.parkNanos(LockSupport.java:252)
        at java.base@17.0.11/java.util.concurrent.locks.AbstractQueuedSynchronizer$ConditionObject.awaitNanos(AbstractQueuedSynchronizer.java:1674)
        at java.base@17.0.11/java.util.concurrent.LinkedBlockingQueue.poll(LinkedBlockingQueue.java:460)
        at app//org.apache.hadoop.ipc.CallQueueManager.take(CallQueueManager.java:317)
        at app//org.apache.hadoop.ipc.Server$Handler.run(Server.java:3014)
"Socket Reader #1 for port 15000"  prio=5 tid=44 runnable
java.lang.Thread.State: RUNNABLE
        at java.base@17.0.11/sun.nio.ch.EPoll.wait(Native Method)
        at java.base@17.0.11/sun.nio.ch.EPollSelectorImpl.doSelect(EPollSelectorImpl.java:118)
        at java.base@17.0.11/sun.nio.ch.SelectorImpl.lockAndDoSelect(SelectorImpl.java:129)
        at java.base@17.0.11/sun.nio.ch.SelectorImpl.select(SelectorImpl.java:146)
        at app//org.apache.hadoop.ipc.Server$Listener$Reader.doRunLoop(Server.java:1346)
        at app//org.apache.hadoop.ipc.Server$Listener$Reader.run(Server.java:1325)


	at org.apache.ozone.test.GenericTestUtils.waitFor(GenericTestUtils.java:204)
	at org.apache.hadoop.hdds.scm.pipeline.TestPipelineManagerMXBean.testPipelineInfo(TestPipelineManagerMXBean.java:71)
	at java.base/java.lang.reflect.Method.invoke(Method.java:568)
	at java.base/java.util.ArrayList.forEach(ArrayList.java:1511)
	at java.base/java.util.ArrayList.forEach(ArrayList.java:1511)
]]></error>
    <system-out><![CDATA[2024-07-25 11:28:54,236 [main] WARN  server.ServerUtils (ServerUtils.java:getScmDbDir(143)) - ozone.scm.db.dirs is not configured. We recommend adding this setting. Falling back to ozone.metadata.dirs instead.
2024-07-25 11:28:54,402 [main] INFO  reflections.Reflections (Reflections.java:scan(219)) - Reflections took 130 ms to scan 7 urls, producing 158 keys and 370 values
2024-07-25 11:28:54,566 [main] WARN  server.ServerUtils (ServerUtils.java:getScmDbDir(143)) - ozone.scm.db.dirs is not configured. We recommend adding this setting. Falling back to ozone.metadata.dirs instead.
2024-07-25 11:28:54,571 [main] INFO  ha.SCMHANodeDetails (SCMHANodeDetails.java:loadSCMHAConfig(207)) - ServiceID for StorageContainerManager is null
2024-07-25 11:28:54,581 [main] WARN  ha.SCMHANodeDetails (SCMHANodeDetails.java:validateSCMHAConfig(180)) - Default/Configured value of config ozone.scm.ratis.enable conflicts with the expected value. Default/Configured: true. Expected: false. Falling back to the expected value. Current State of SCM: SCM is running without Ratis. Ratis SCM -> Non Ratis SCM is not supported.
2024-07-25 11:28:54,583 [main] INFO  ha.SCMHANodeDetails (SCMHANodeDetails.java:loadSCMHAConfig(212)) - ozone.scm.default.service.id is not defined, falling back to ozone.scm.service.ids to find serviceID for StorageContainerManager if it is HA enabled cluster
2024-07-25 11:28:55,110 [main] WARN  utils.HAUtils (HAUtils.java:getMetaDir(339)) - ozone.scm.db.dirs is not configured. We recommend adding this setting. Falling back to ozone.metadata.dirs instead.
2024-07-25 11:28:55,254 [main] WARN  db.DBStoreBuilder (DBStoreBuilder.java:applyDBDefinition(171)) - ozone.scm.db.dirs is not configured. We recommend adding this setting. Falling back to ozone.metadata.dirs instead.
2024-07-25 11:28:55,262 [main] INFO  utils.LeakDetector (LeakDetector.java:start(73)) - Starting leak detector thread ManagedRocksObject0.
2024-07-25 11:28:55,455 [main] INFO  net.NodeSchemaLoader (NodeSchemaLoader.java:loadSchemaFromFile(129)) - Loading schema from [jar:file:/home/runner/work/ozone/ozone/hadoop-hdds/common/target/hdds-common-1.5.0-SNAPSHOT.jar!/network-topology-default.xml]
2024-07-25 11:28:55,456 [main] INFO  net.NodeSchemaLoader (NodeSchemaLoader.java:loadSchema(176)) - Loading network topology layer schema file
2024-07-25 11:28:55,501 [main] INFO  metrics.MetricRegistries (MetricRegistriesLoader.java:load(64)) - Loaded MetricRegistries class org.apache.ratis.metrics.dropwizard3.Dm3MetricRegistriesImpl
2024-07-25 11:28:55,513 [main] INFO  upgrade.AbstractLayoutVersionManager (AbstractLayoutVersionManager.java:init(83)) - Initializing Layout version manager with metadata layout = HADOOP_PRC_PORTS_IN_DATANODEDETAILS (version = 7), software layout = HADOOP_PRC_PORTS_IN_DATANODEDETAILS (version = 7)
2024-07-25 11:28:55,662 [main] INFO  ha.SequenceIdGenerator (SequenceIdGenerator.java:upgradeToSequenceId(369)) - upgrade localId to 113750153625600000
2024-07-25 11:28:55,663 [main] INFO  ha.SequenceIdGenerator (SequenceIdGenerator.java:upgradeToSequenceId(379)) - upgrade delTxnId to 0
2024-07-25 11:28:55,672 [main] INFO  ha.SequenceIdGenerator (SequenceIdGenerator.java:upgradeToSequenceId(396)) - upgrade containerId to 0
2024-07-25 11:28:55,676 [main] INFO  ha.SequenceIdGenerator (SequenceIdGenerator.java:upgradeToCertificateSequenceId(433)) - upgrade CertificateId to 2
2024-07-25 11:28:55,679 [main] INFO  ha.SequenceIdGenerator (SequenceIdGenerator.java:<init>(240)) - Init the HA SequenceIdGenerator.
2024-07-25 11:28:55,729 [main] WARN  server.ServerUtils (ServerUtils.java:sanitizeUserArgs(79)) - ozone.scm.stale.node.interval value = 300000 is larger than max = 100000 based on the key value of ozone.scm.heartbeat.thread.interval, reset to the max value 100000.
2024-07-25 11:28:55,730 [main] WARN  server.ServerUtils (ServerUtils.java:sanitizeUserArgs(79)) - ozone.scm.stale.node.interval value = 300000 is larger than max = 100000 based on the key value of ozone.scm.heartbeat.thread.interval, reset to the max value 100000.
2024-07-25 11:28:55,736 [main] INFO  node.SCMNodeManager (SCMNodeManager.java:<init>(177)) - Entering startup safe mode.
2024-07-25 11:28:55,750 [main] INFO  algorithms.ContainerPlacementPolicyFactory (ContainerPlacementPolicyFactory.java:getPolicyInternal(86)) - Create container placement policy of type org.apache.hadoop.hdds.scm.container.placement.algorithms.SCMContainerPlacementRackAware
2024-07-25 11:28:55,753 [main] INFO  algorithms.ContainerPlacementPolicyFactory (ContainerPlacementPolicyFactory.java:getPolicyInternal(86)) - Create container placement policy of type org.apache.hadoop.hdds.scm.container.placement.algorithms.SCMContainerPlacementRackScatter
2024-07-25 11:28:55,763 [main] INFO  pipeline.PipelineStateManagerImpl (PipelineStateManagerImpl.java:initialize(78)) - No pipeline exists in current db
2024-07-25 11:28:55,777 [main] INFO  algorithms.LeaderChoosePolicyFactory (LeaderChoosePolicyFactory.java:getPolicy(57)) - Create leader choose policy of type org.apache.hadoop.hdds.scm.pipeline.leader.choose.algorithms.MinLeaderCountChoosePolicy
2024-07-25 11:28:55,778 [main] INFO  algorithms.ContainerPlacementPolicyFactory (ContainerPlacementPolicyFactory.java:getPolicyInternal(86)) - Create container placement policy of type org.apache.hadoop.hdds.scm.container.placement.algorithms.SCMContainerPlacementRackScatter
2024-07-25 11:28:55,785 [main] INFO  ha.SCMServiceManager (SCMServiceManager.java:register(42)) - Registering service BackgroundPipelineCreator.
2024-07-25 11:28:55,786 [main] INFO  pipeline.BackgroundPipelineCreator (BackgroundPipelineCreator.java:start(127)) - Starting RatisPipelineUtilsThread.
2024-07-25 11:28:55,791 [main] INFO  BackgroundPipelineScrubber (BackgroundSCMService.java:start(65)) - Starting BackgroundPipelineScrubber Service.
2024-07-25 11:28:55,792 [main] INFO  ha.SCMServiceManager (SCMServiceManager.java:register(42)) - Registering service BackgroundPipelineScrubber.
2024-07-25 11:28:55,798 [main] INFO  ExpiredContainerReplicaOpScrubber (BackgroundSCMService.java:start(65)) - Starting ExpiredContainerReplicaOpScrubber Service.
2024-07-25 11:28:55,798 [main] INFO  ha.SCMServiceManager (SCMServiceManager.java:register(42)) - Registering service ExpiredContainerReplicaOpScrubber.
2024-07-25 11:28:55,821 [main] INFO  algorithms.PipelineChoosePolicyFactory (PipelineChoosePolicyFactory.java:createPipelineChoosePolicyFromClass(80)) - Create pipeline choose policy of type org.apache.hadoop.hdds.scm.pipeline.choose.algorithms.RandomPipelineChoosePolicy
2024-07-25 11:28:55,822 [main] INFO  algorithms.PipelineChoosePolicyFactory (PipelineChoosePolicyFactory.java:createPipelineChoosePolicyFromClass(80)) - Create pipeline choose policy of type org.apache.hadoop.hdds.scm.pipeline.choose.algorithms.RandomPipelineChoosePolicy
2024-07-25 11:28:55,848 [main] INFO  ha.SCMServiceManager (SCMServiceManager.java:register(42)) - Registering service SCMBlockDeletingService.
2024-07-25 11:28:55,913 [main] INFO  replication.ReplicationManager (ReplicationManager.java:start(296)) - Starting Replication Monitor Thread.
2024-07-25 11:28:55,915 [main] INFO  ha.SCMServiceManager (SCMServiceManager.java:register(42)) - Registering service ReplicationManager.
2024-07-25 11:28:55,915 [ReplicationMonitor] INFO  replication.ReplicationManager (ReplicationManager.java:processAll(373)) - Replication Manager is not ready to run until 3000ms after safemode exit
2024-07-25 11:28:55,926 [main] INFO  safemode.ContainerSafeModeRule (ContainerSafeModeRule.java:<init>(91)) - containers with one replica threshold count 0
2024-07-25 11:28:55,933 [main] INFO  safemode.HealthyPipelineSafeModeRule (HealthyPipelineSafeModeRule.java:initializeRule(176)) - Total pipeline count is 0, healthy pipeline threshold count is 1
2024-07-25 11:28:55,935 [main] INFO  safemode.OneReplicaPipelineSafeModeRule (OneReplicaPipelineSafeModeRule.java:initializeRule(193)) - Total pipeline count is 0, pipeline's with at least one datanode reported threshold count is 0
2024-07-25 11:28:56,001 [main] INFO  server.StorageContainerManager (StorageContainerManager.java:<init>(442)) - SCM start with adminUsers: [runner]
2024-07-25 11:28:56,276 [main] INFO  audit.AuditLogger (AuditLogger.java:refreshDebugCmdSet(135)) - Refresh DebugCmdSet for SCMAudit to [].
2024-07-25 11:28:56,302 [main] INFO  ipc.CallQueueManager (CallQueueManager.java:<init>(90)) - Using callQueue: class java.util.concurrent.LinkedBlockingQueue, queueCapacity: 10000, scheduler: class org.apache.hadoop.ipc.DefaultRpcScheduler, ipcBackoff: false.
2024-07-25 11:28:56,328 [main] INFO  ipc.Server (Server.java:<init>(1287)) - Listener at 0.0.0.0:15002
2024-07-25 11:28:56,349 [Socket Reader #1 for port 15002] INFO  ipc.Server (Server.java:run(1323)) - Starting Socket Reader #1 for port 15002
2024-07-25 11:28:56,397 [main] INFO  audit.AuditLogger (AuditLogger.java:refreshDebugCmdSet(135)) - Refresh DebugCmdSet for SCMAudit to [].
2024-07-25 11:28:56,403 [main] INFO  ipc.CallQueueManager (CallQueueManager.java:<init>(90)) - Using callQueue: class java.util.concurrent.LinkedBlockingQueue, queueCapacity: 10000, scheduler: class org.apache.hadoop.ipc.DefaultRpcScheduler, ipcBackoff: false.
2024-07-25 11:28:56,404 [main] INFO  ipc.Server (Server.java:<init>(1287)) - Listener at 0.0.0.0:15001
2024-07-25 11:28:56,405 [Socket Reader #1 for port 15001] INFO  ipc.Server (Server.java:run(1323)) - Starting Socket Reader #1 for port 15001
2024-07-25 11:28:56,437 [main] INFO  audit.AuditLogger (AuditLogger.java:refreshDebugCmdSet(135)) - Refresh DebugCmdSet for SCMAudit to [].
2024-07-25 11:28:56,448 [main] INFO  ipc.CallQueueManager (CallQueueManager.java:<init>(90)) - Using callQueue: class java.util.concurrent.LinkedBlockingQueue, queueCapacity: 10000, scheduler: class org.apache.hadoop.ipc.DefaultRpcScheduler, ipcBackoff: false.
2024-07-25 11:28:56,449 [main] INFO  ipc.Server (Server.java:<init>(1287)) - Listener at 0.0.0.0:15000
2024-07-25 11:28:56,450 [Socket Reader #1 for port 15000] INFO  ipc.Server (Server.java:run(1323)) - Starting Socket Reader #1 for port 15000
2024-07-25 11:28:56,515 [main] INFO  ha.SCMServiceManager (SCMServiceManager.java:register(42)) - Registering service ContainerBalancer.
2024-07-25 11:28:56,515 [main] INFO  ha.SCMContext (SCMContext.java:updateSafeModeStatus(225)) - Update SafeModeStatus from SafeModeStatus{safeModeStatus=true, preCheckPassed=false} to SafeModeStatus{safeModeStatus=true, preCheckPassed=false}.
2024-07-25 11:28:56,519 [main] INFO  server.StorageContainerManager (StorageContainerManager.java:start(1541)) - StorageContainerLocationProtocol RPC server is listening at /0.0.0.0:15000
2024-07-25 11:28:56,574 [main] WARN  impl.MetricsConfig (MetricsConfig.java:loadFirst(136)) - Cannot locate configuration: tried hadoop-metrics2-storagecontainermanager.properties,hadoop-metrics2.properties
2024-07-25 11:28:56,584 [main] INFO  impl.MetricsSystemImpl (MetricsSystemImpl.java:startTimer(378)) - Scheduled Metric snapshot period at 10 second(s).
2024-07-25 11:28:56,584 [main] INFO  impl.MetricsSystemImpl (MetricsSystemImpl.java:start(191)) - StorageContainerManager metrics system started
2024-07-25 11:28:56,720 [main] INFO  server.SCMClientProtocolServer (SCMClientProtocolServer.java:start(208)) - RPC server for Client  is listening at /0.0.0.0:15000
2024-07-25 11:28:56,725 [IPC Server Responder] INFO  ipc.Server (Server.java:run(1562)) - IPC Server Responder: starting
2024-07-25 11:28:56,726 [IPC Server listener on 15000] INFO  ipc.Server (Server.java:run(1402)) - IPC Server listener on 15000: starting
2024-07-25 11:28:56,766 [main] INFO  server.StorageContainerManager (StorageContainerManager.java:start(1554)) - ScmBlockLocationProtocol RPC server is listening at /0.0.0.0:15001
2024-07-25 11:28:56,768 [main] INFO  server.SCMBlockProtocolServer (SCMBlockProtocolServer.java:start(167)) - RPC server for Block Protocol is listening at /0.0.0.0:15001
2024-07-25 11:28:56,769 [IPC Server listener on 15001] INFO  ipc.Server (Server.java:run(1402)) - IPC Server listener on 15001: starting
2024-07-25 11:28:56,769 [IPC Server Responder] INFO  ipc.Server (Server.java:run(1562)) - IPC Server Responder: starting
2024-07-25 11:28:56,821 [main] INFO  server.SCMDatanodeProtocolServer (SCMDatanodeProtocolServer.java:start(194)) - ScmDatanodeProtocol RPC server for DataNodes is listening at /0.0.0.0:15002
2024-07-25 11:28:56,822 [IPC Server Responder] INFO  ipc.Server (Server.java:run(1562)) - IPC Server Responder: starting
2024-07-25 11:28:56,823 [IPC Server listener on 15002] INFO  ipc.Server (Server.java:run(1402)) - IPC Server listener on 15002: starting
2024-07-25 11:28:56,879 [JvmPauseMonitor0] INFO  util.JvmPauseMonitor (JvmPauseMonitor.java:run(146)) - JvmPauseMonitor-35b53a12-64e5-4743-ac3a-7bc55db49549: Started
2024-07-25 11:28:56,886 [main] INFO  http.BaseHttpServer (BaseHttpServer.java:newHttpServer2BuilderForOzone(223)) - Starting Web-server for scm at: http://0.0.0.0:15003
2024-07-25 11:28:56,887 [main] INFO  http.BaseHttpServer (BaseHttpServer.java:<init>(110)) - Hadoop Security Enabled: false Ozone Security Enabled: false Ozone HTTP Security Enabled: false 
2024-07-25 11:28:56,903 [main] INFO  util.log (Log.java:initialized(170)) - Logging initialized @3725ms to org.eclipse.jetty.util.log.Slf4jLog
2024-07-25 11:28:56,980 [main] WARN  server.AuthenticationFilter (AuthenticationFilter.java:constructSecretProvider(240)) - Unable to initialize FileSignerSecretProvider, falling back to use random secrets. Reason: Could not read signature secret file: /home/runner/hadoop-http-auth-signature-secret
2024-07-25 11:28:56,985 [main] INFO  http.HttpRequestLog (HttpRequestLog.java:getRequestLog(86)) - Http request log for http.requests.scm is not defined
2024-07-25 11:28:56,991 [main] INFO  http.HttpServer2 (HttpServer2.java:addGlobalFilter(1035)) - Added global filter 'safety' (class=org.apache.hadoop.hdds.server.http.HttpServer2$QuotingInputFilter)
2024-07-25 11:28:56,994 [main] INFO  http.HttpServer2 (HttpServer2.java:addFilter(1011)) - Added filter static_user_filter (class=org.apache.hadoop.http.lib.StaticUserWebFilter$StaticUserFilter) to context scm
2024-07-25 11:28:56,994 [main] INFO  http.HttpServer2 (HttpServer2.java:addFilter(1019)) - Added filter static_user_filter (class=org.apache.hadoop.http.lib.StaticUserWebFilter$StaticUserFilter) to context logs
2024-07-25 11:28:56,995 [main] INFO  http.HttpServer2 (HttpServer2.java:addFilter(1019)) - Added filter static_user_filter (class=org.apache.hadoop.http.lib.StaticUserWebFilter$StaticUserFilter) to context static
2024-07-25 11:28:57,024 [main] INFO  http.BaseHttpServer (BaseHttpServer.java:<init>(189)) - HTTP server of scm uses base directory /home/runner/work/ozone/ozone/hadoop-ozone/integration-test/target/test-dir/MiniOzoneClusterImpl-1f81da03-70dc-44ad-8558-5c969ee5b37a/ozone-meta/webserver
2024-07-25 11:28:57,025 [main] INFO  http.HttpServer2 (HttpServer2.java:bindListener(1235)) - Jetty bound to port 15003
2024-07-25 11:28:57,026 [main] INFO  server.Server (Server.java:doStart(375)) - jetty-9.4.55.v20240627; built: 2024-06-27T15:05:37.765Z; git: 70015831e5195ba74da6383c4ab7c90c56bb08af; jvm 17.0.11+9
2024-07-25 11:28:57,047 [main] INFO  server.session (DefaultSessionIdManager.java:doStart(334)) - DefaultSessionIdManager workerName=node0
2024-07-25 11:28:57,047 [main] INFO  server.session (DefaultSessionIdManager.java:doStart(339)) - No SessionScavenger set, using defaults
2024-07-25 11:28:57,049 [main] INFO  server.session (HouseKeeper.java:startScavenging(132)) - node0 Scavenging every 660000ms
2024-07-25 11:28:57,058 [main] INFO  handler.ContextHandler (ContextHandler.java:doStart(921)) - Started o.e.j.s.ServletContextHandler@13dc383b{logs,/logs,file:///home/runner/work/ozone/ozone/hadoop-ozone/integration-test/target/log,AVAILABLE}
2024-07-25 11:28:57,059 [main] INFO  handler.ContextHandler (ContextHandler.java:doStart(921)) - Started o.e.j.s.ServletContextHandler@5b657342{static,/static,file:///home/runner/work/ozone/ozone/hadoop-ozone/integration-test/target/test-classes/webapps/static,AVAILABLE}
2024-07-25 11:28:57,098 [main] INFO  handler.ContextHandler (ContextHandler.java:doStart(921)) - Started o.e.j.w.WebAppContext@511a307e{scm,/,file:///home/runner/work/ozone/ozone/hadoop-ozone/integration-test/target/test-classes/webapps/scm/,AVAILABLE}{file:/home/runner/work/ozone/ozone/hadoop-ozone/integration-test/target/test-classes/webapps/scm}
2024-07-25 11:28:57,104 [main] INFO  server.AbstractConnector (AbstractConnector.java:doStart(333)) - Started ServerConnector@41bbdd8a{HTTP/1.1, (http/1.1)}{0.0.0.0:15003}
2024-07-25 11:28:57,104 [main] INFO  server.Server (Server.java:doStart(415)) - Started @3926ms
2024-07-25 11:28:57,106 [main] INFO  impl.MetricsSinkAdapter (MetricsSinkAdapter.java:start(204)) - Sink prometheus started
2024-07-25 11:28:57,107 [main] INFO  impl.MetricsSystemImpl (MetricsSystemImpl.java:registerSink(305)) - Registered sink prometheus
2024-07-25 11:28:57,108 [main] INFO  http.BaseHttpServer (BaseHttpServer.java:updateConnectorAddress(354)) - HTTP server of scm listening at http://0.0.0.0:15003
2024-07-25 11:28:57,111 [main] WARN  server.ServerUtils (ServerUtils.java:getDBPath(299)) - ozone.om.db.dirs is not configured. We recommend adding this setting. Falling back to ozone.metadata.dirs instead.
2024-07-25 11:28:57,175 [main] INFO  audit.AuditLogger (AuditLogger.java:refreshDebugCmdSet(135)) - Refresh DebugCmdSet for OMAudit to [].
2024-07-25 11:28:57,228 [main] INFO  ha.OMHANodeDetails (OMHANodeDetails.java:loadOMHAConfig(115)) - ozone.om.internal.service.id is not defined, falling back to ozone.om.service.ids to find serviceID for OzoneManager if it is HA enabled cluster
2024-07-25 11:28:57,232 [main] INFO  ha.OMHANodeDetails (OMHANodeDetails.java:loadOMHAConfig(226)) - Configuration does not have ozone.om.address set. Falling back to the default OM address /127.0.0.1:15004
2024-07-25 11:28:57,232 [main] INFO  ha.OMHANodeDetails (OMHANodeDetails.java:getOMNodeDetailsForNonHA(254)) - OM Service ID is not set. Setting it to the default ID: omServiceIdDefault
2024-07-25 11:28:57,232 [main] INFO  ha.OMHANodeDetails (OMHANodeDetails.java:getOMNodeDetailsForNonHA(261)) - OM Node ID is not set. Setting it to the default ID: om1
2024-07-25 11:28:57,235 [main] WARN  server.ServerUtils (ServerUtils.java:getDBPath(299)) - ozone.om.db.dirs is not configured. We recommend adding this setting. Falling back to ozone.metadata.dirs instead.
2024-07-25 11:28:57,239 [main] INFO  upgrade.AbstractLayoutVersionManager (AbstractLayoutVersionManager.java:init(83)) - Initializing Layout version manager with metadata layout = QUOTA (version = 6), software layout = QUOTA (version = 6)
2024-07-25 11:28:57,326 [main] INFO  reflections.Reflections (Reflections.java:scan(219)) - Reflections took 86 ms to scan 2 urls, producing 188 keys and 546 values
2024-07-25 11:28:57,329 [main] INFO  upgrade.OMLayoutVersionManager (OMLayoutVersionManager.java:lambda$0(113)) - Skipping Upgrade Action QuotaRepairUpgradeAction since it has been finalized.
2024-07-25 11:28:57,330 [main] INFO  upgrade.OMLayoutVersionManager (OMLayoutVersionManager.java:lambda$0(113)) - Skipping Upgrade Action MockOmUpgradeAction since it has been finalized.
2024-07-25 11:28:57,332 [main] WARN  server.ServerUtils (ServerUtils.java:getDBPath(299)) - ozone.om.db.dirs is not configured. We recommend adding this setting. Falling back to ozone.metadata.dirs instead.
2024-07-25 11:28:57,435 [main] INFO  proxy.SCMBlockLocationFailoverProxyProvider (SCMBlockLocationFailoverProxyProvider.java:<init>(115)) - Created block location fail-over proxy with 1 nodes: [nodeId=scmNodeId,nodeAddress=/0.0.0.0:15001]
2024-07-25 11:28:57,458 [main] INFO  proxy.SCMBlockLocationFailoverProxyProvider (SCMBlockLocationFailoverProxyProvider.java:<init>(115)) - Created block location fail-over proxy with 1 nodes: [nodeId=scmNodeId,nodeAddress=/0.0.0.0:15001]
2024-07-25 11:28:57,635 [main] INFO  om.OzoneManager (OzoneManager.java:<init>(678)) - OM start with adminUsers: [runner]
2024-07-25 11:28:57,650 [main] WARN  server.ServerUtils (ServerUtils.java:getDBPath(299)) - ozone.om.db.dirs is not configured. We recommend adding this setting. Falling back to ozone.metadata.dirs instead.
2024-07-25 11:28:57,676 [main] INFO  helpers.OmKeyInfo (OmKeyInfo.java:getCodec(72)) - OmKeyInfo.getCodec ignorePipeline = true
2024-07-25 11:28:57,924 [main] INFO  om.OzoneManager (OzoneManager.java:instantiateServices(812)) - S3 Multi-Tenancy is disabled
2024-07-25 11:28:57,952 [main] INFO  om.OmSnapshotManager (OmSnapshotManager.java:<init>(180)) - Ozone filesystem snapshot feature is enabled.
2024-07-25 11:28:57,959 [main] WARN  server.ServerUtils (ServerUtils.java:getDBPath(299)) - ozone.om.snapshot.diff.db.dir is not configured. We recommend adding this setting. Falling back to ozone.metadata.dirs instead.
2024-07-25 11:28:57,996 [main] INFO  utils.NativeLibraryLoader (NativeLibraryLoader.java:loadLibrary(111)) - Loading Library: ozone_rocksdb_tools
2024-07-25 11:28:57,997 [main] ERROR snapshot.SnapshotDiffManager (SnapshotDiffManager.java:initNativeLibraryForEfficientDiff(287)) - Native Library for raw sst file reading loading failed.
org.apache.hadoop.hdds.utils.NativeLibraryNotLoadedException: Unable to load library ozone_rocksdb_tools from both java.library.path & resource file libozone_rocksdb_tools.so from jar.
	at org.apache.hadoop.hdds.utils.db.managed.ManagedRawSSTFileReader.loadLibrary(ManagedRawSSTFileReader.java:40)
	at org.apache.hadoop.ozone.om.snapshot.SnapshotDiffManager.initNativeLibraryForEfficientDiff(SnapshotDiffManager.java:285)
	at org.apache.hadoop.ozone.om.snapshot.SnapshotDiffManager.<init>(SnapshotDiffManager.java:259)
	at org.apache.hadoop.ozone.om.OmSnapshotManager.<init>(OmSnapshotManager.java:287)
	at org.apache.hadoop.ozone.om.OzoneManager.instantiateServices(OzoneManager.java:864)
	at org.apache.hadoop.ozone.om.OzoneManager.<init>(OzoneManager.java:688)
	at org.apache.hadoop.ozone.om.OzoneManager.createOm(OzoneManager.java:775)
	at org.apache.hadoop.ozone.MiniOzoneClusterImpl$Builder.createOM(MiniOzoneClusterImpl.java:689)
	at org.apache.hadoop.ozone.MiniOzoneClusterImpl$Builder.createAndStartSingleOM(MiniOzoneClusterImpl.java:673)
	at org.apache.hadoop.ozone.MiniOzoneClusterImpl$Builder.build(MiniOzoneClusterImpl.java:535)
	at org.apache.hadoop.hdds.scm.pipeline.TestPipelineManagerMXBean.init(TestPipelineManagerMXBean.java:54)
	at java.base/jdk.internal.reflect.NativeMethodAccessorImpl.invoke0(Native Method)
	at java.base/jdk.internal.reflect.NativeMethodAccessorImpl.invoke(NativeMethodAccessorImpl.java:77)
	at java.base/jdk.internal.reflect.DelegatingMethodAccessorImpl.invoke(DelegatingMethodAccessorImpl.java:43)
	at java.base/java.lang.reflect.Method.invoke(Method.java:568)
	at org.junit.platform.commons.util.ReflectionUtils.invokeMethod(ReflectionUtils.java:728)
	at org.junit.jupiter.engine.execution.MethodInvocation.proceed(MethodInvocation.java:60)
	at org.junit.jupiter.engine.execution.InvocationInterceptorChain$ValidatingInvocation.proceed(InvocationInterceptorChain.java:131)
	at org.junit.jupiter.engine.extension.TimeoutExtension.intercept(TimeoutExtension.java:156)
	at org.junit.jupiter.engine.extension.TimeoutExtension.interceptLifecycleMethod(TimeoutExtension.java:128)
	at org.junit.jupiter.engine.extension.TimeoutExtension.interceptBeforeEachMethod(TimeoutExtension.java:78)
	at org.junit.jupiter.engine.execution.InterceptingExecutableInvoker$ReflectiveInterceptorCall.lambda$ofVoidMethod$0(InterceptingExecutableInvoker.java:103)
	at org.junit.jupiter.engine.execution.InterceptingExecutableInvoker.lambda$invoke$0(InterceptingExecutableInvoker.java:93)
	at org.junit.jupiter.engine.execution.InvocationInterceptorChain$InterceptedInvocation.proceed(InvocationInterceptorChain.java:106)
	at org.junit.jupiter.engine.execution.InvocationInterceptorChain.proceed(InvocationInterceptorChain.java:64)
	at org.junit.jupiter.engine.execution.InvocationInterceptorChain.chainAndInvoke(InvocationInterceptorChain.java:45)
	at org.junit.jupiter.engine.execution.InvocationInterceptorChain.invoke(InvocationInterceptorChain.java:37)
	at org.junit.jupiter.engine.execution.InterceptingExecutableInvoker.invoke(InterceptingExecutableInvoker.java:92)
	at org.junit.jupiter.engine.execution.InterceptingExecutableInvoker.invoke(InterceptingExecutableInvoker.java:86)
	at org.junit.jupiter.engine.descriptor.ClassBasedTestDescriptor.invokeMethodInExtensionContext(ClassBasedTestDescriptor.java:521)
	at org.junit.jupiter.engine.descriptor.ClassBasedTestDescriptor.lambda$synthesizeBeforeEachMethodAdapter$23(ClassBasedTestDescriptor.java:506)
	at org.junit.jupiter.engine.descriptor.TestMethodTestDescriptor.lambda$invokeBeforeEachMethods$3(TestMethodTestDescriptor.java:175)
	at org.junit.jupiter.engine.descriptor.TestMethodTestDescriptor.lambda$invokeBeforeMethodsOrCallbacksUntilExceptionOccurs$6(TestMethodTestDescriptor.java:203)
	at org.junit.platform.engine.support.hierarchical.ThrowableCollector.execute(ThrowableCollector.java:73)
	at org.junit.jupiter.engine.descriptor.TestMethodTestDescriptor.invokeBeforeMethodsOrCallbacksUntilExceptionOccurs(TestMethodTestDescriptor.java:203)
	at org.junit.jupiter.engine.descriptor.TestMethodTestDescriptor.invokeBeforeEachMethods(TestMethodTestDescriptor.java:172)
	at org.junit.jupiter.engine.descriptor.TestMethodTestDescriptor.execute(TestMethodTestDescriptor.java:135)
	at org.junit.jupiter.engine.descriptor.TestMethodTestDescriptor.execute(TestMethodTestDescriptor.java:69)
	at org.junit.platform.engine.support.hierarchical.NodeTestTask.lambda$executeRecursively$6(NodeTestTask.java:151)
	at org.junit.platform.engine.support.hierarchical.ThrowableCollector.execute(ThrowableCollector.java:73)
	at org.junit.platform.engine.support.hierarchical.NodeTestTask.lambda$executeRecursively$8(NodeTestTask.java:141)
	at org.junit.platform.engine.support.hierarchical.Node.around(Node.java:137)
	at org.junit.platform.engine.support.hierarchical.NodeTestTask.lambda$executeRecursively$9(NodeTestTask.java:139)
	at org.junit.platform.engine.support.hierarchical.ThrowableCollector.execute(ThrowableCollector.java:73)
	at org.junit.platform.engine.support.hierarchical.NodeTestTask.executeRecursively(NodeTestTask.java:138)
	at org.junit.platform.engine.support.hierarchical.NodeTestTask.execute(NodeTestTask.java:95)
	at java.base/java.util.ArrayList.forEach(ArrayList.java:1511)
	at org.junit.platform.engine.support.hierarchical.SameThreadHierarchicalTestExecutorService.invokeAll(SameThreadHierarchicalTestExecutorService.java:41)
	at org.junit.platform.engine.support.hierarchical.NodeTestTask.lambda$executeRecursively$6(NodeTestTask.java:155)
	at org.junit.platform.engine.support.hierarchical.ThrowableCollector.execute(ThrowableCollector.java:73)
	at org.junit.platform.engine.support.hierarchical.NodeTestTask.lambda$executeRecursively$8(NodeTestTask.java:141)
	at org.junit.platform.engine.support.hierarchical.Node.around(Node.java:137)
	at org.junit.platform.engine.support.hierarchical.NodeTestTask.lambda$executeRecursively$9(NodeTestTask.java:139)
	at org.junit.platform.engine.support.hierarchical.ThrowableCollector.execute(ThrowableCollector.java:73)
	at org.junit.platform.engine.support.hierarchical.NodeTestTask.executeRecursively(NodeTestTask.java:138)
	at org.junit.platform.engine.support.hierarchical.NodeTestTask.execute(NodeTestTask.java:95)
	at java.base/java.util.ArrayList.forEach(ArrayList.java:1511)
	at org.junit.platform.engine.support.hierarchical.SameThreadHierarchicalTestExecutorService.invokeAll(SameThreadHierarchicalTestExecutorService.java:41)
	at org.junit.platform.engine.support.hierarchical.NodeTestTask.lambda$executeRecursively$6(NodeTestTask.java:155)
	at org.junit.platform.engine.support.hierarchical.ThrowableCollector.execute(ThrowableCollector.java:73)
	at org.junit.platform.engine.support.hierarchical.NodeTestTask.lambda$executeRecursively$8(NodeTestTask.java:141)
	at org.junit.platform.engine.support.hierarchical.Node.around(Node.java:137)
	at org.junit.platform.engine.support.hierarchical.NodeTestTask.lambda$executeRecursively$9(NodeTestTask.java:139)
	at org.junit.platform.engine.support.hierarchical.ThrowableCollector.execute(ThrowableCollector.java:73)
	at org.junit.platform.engine.support.hierarchical.NodeTestTask.executeRecursively(NodeTestTask.java:138)
	at org.junit.platform.engine.support.hierarchical.NodeTestTask.execute(NodeTestTask.java:95)
	at org.junit.platform.engine.support.hierarchical.SameThreadHierarchicalTestExecutorService.submit(SameThreadHierarchicalTestExecutorService.java:35)
	at org.junit.platform.engine.support.hierarchical.HierarchicalTestExecutor.execute(HierarchicalTestExecutor.java:57)
	at org.junit.platform.engine.support.hierarchical.HierarchicalTestEngine.execute(HierarchicalTestEngine.java:54)
	at org.junit.platform.launcher.core.EngineExecutionOrchestrator.execute(EngineExecutionOrchestrator.java:198)
	at org.junit.platform.launcher.core.EngineExecutionOrchestrator.execute(EngineExecutionOrchestrator.java:169)
	at org.junit.platform.launcher.core.EngineExecutionOrchestrator.execute(EngineExecutionOrchestrator.java:93)
	at org.junit.platform.launcher.core.EngineExecutionOrchestrator.lambda$execute$0(EngineExecutionOrchestrator.java:58)
	at org.junit.platform.launcher.core.EngineExecutionOrchestrator.withInterceptedStreams(EngineExecutionOrchestrator.java:141)
	at org.junit.platform.launcher.core.EngineExecutionOrchestrator.execute(EngineExecutionOrchestrator.java:57)
	at org.junit.platform.launcher.core.DefaultLauncher.execute(DefaultLauncher.java:103)
	at org.junit.platform.launcher.core.DefaultLauncher.execute(DefaultLauncher.java:85)
	at org.junit.platform.launcher.core.DelegatingLauncher.execute(DelegatingLauncher.java:47)
	at org.junit.platform.launcher.core.SessionPerRequestLauncher.execute(SessionPerRequestLauncher.java:63)
	at org.apache.maven.surefire.junitplatform.JUnitPlatformProvider.invokeAllTests(JUnitPlatformProvider.java:154)
	at org.apache.maven.surefire.junitplatform.JUnitPlatformProvider.invoke(JUnitPlatformProvider.java:123)
	at org.apache.maven.surefire.booter.ForkedBooter.runSuitesInProcess(ForkedBooter.java:377)
	at org.apache.maven.surefire.booter.ForkedBooter.execute(ForkedBooter.java:138)
	at org.apache.maven.surefire.booter.ForkedBooter.run(ForkedBooter.java:465)
	at org.apache.maven.surefire.booter.ForkedBooter.main(ForkedBooter.java:451)
2024-07-25 11:28:58,059 [main] INFO  om.OzoneManager (OzoneManager.java:addS3GVolumeToDB(4463)) - Created Volume s3v With Owner runner required for S3Gateway operations.
2024-07-25 11:28:58,111 [main] WARN  server.ServerUtils (ServerUtils.java:getDefaultRatisDirectory(311)) - Storage directory for Ratis is not configured. It is a good idea to map this to an SSD disk. Falling back to ozone.metadata.dirs
2024-07-25 11:28:58,112 [main] WARN  utils.OzoneManagerRatisUtils (OzoneManagerRatisUtils.java:getOMRatisSnapshotDirectory(476)) - ozone.om.ratis.snapshot.dir is not configured. Falling back to ozone.metadata.dirs config
2024-07-25 11:28:58,123 [main] WARN  server.ServerUtils (ServerUtils.java:getDefaultRatisDirectory(311)) - Storage directory for Ratis is not configured. It is a good idea to map this to an SSD disk. Falling back to ozone.metadata.dirs
2024-07-25 11:28:58,141 [main] INFO  ratis.OzoneManagerRatisServer (OzoneManagerRatisServer.java:<init>(168)) - Instantiating OM Ratis server with groupID: omServiceIdDefault and peers: localhost:15007
2024-07-25 11:28:58,150 [main] INFO  ratis.OzoneManagerStateMachine (OzoneManagerStateMachine.java:loadSnapshotInfoFromDB(593)) - TransactionInfo not found in OM DB.
2024-07-25 11:28:58,195 [main] INFO  server.RaftServer (ConfUtils.java:logGet(46)) - raft.rpc.type = GRPC (default)
2024-07-25 11:28:58,203 [main] INFO  grpc.GrpcConfigKeys (ConfUtils.java:logFallback(53)) - raft.grpc.admin.host = null (fallback to raft.grpc.server.host)
2024-07-25 11:28:58,204 [main] INFO  grpc.GrpcConfigKeys (ConfUtils.java:logFallback(53)) - raft.grpc.admin.port = 15007 (fallback to raft.grpc.server.port)
2024-07-25 11:28:58,206 [main] INFO  grpc.GrpcConfigKeys (ConfUtils.java:logFallback(53)) - raft.grpc.client.host = null (fallback to raft.grpc.server.host)
2024-07-25 11:28:58,207 [main] INFO  grpc.GrpcConfigKeys (ConfUtils.java:logFallback(53)) - raft.grpc.client.port = 15007 (fallback to raft.grpc.server.port)
2024-07-25 11:28:58,208 [main] INFO  grpc.GrpcConfigKeys (ConfUtils.java:logGet(46)) - raft.grpc.server.host = null (default)
2024-07-25 11:28:58,208 [main] INFO  grpc.GrpcConfigKeys (ConfUtils.java:logGet(46)) - raft.grpc.server.port = 15007 (custom)
2024-07-25 11:28:58,210 [main] INFO  server.GrpcService (ConfUtils.java:logGet(46)) - raft.grpc.message.size.max = 4194304 (custom)
2024-07-25 11:28:58,211 [main] INFO  server.RaftServerConfigKeys (ConfUtils.java:logGet(46)) - raft.server.log.appender.buffer.byte-limit = 4194304 (custom)
2024-07-25 11:28:58,212 [main] INFO  server.GrpcService (ConfUtils.java:logGet(46)) - raft.grpc.flow.control.window = 1MB (=1048576) (default)
2024-07-25 11:28:58,213 [main] INFO  server.RaftServerConfigKeys (ConfUtils.java:logGet(46)) - raft.server.rpc.request.timeout = 3000ms (default)
2024-07-25 11:28:58,221 [main] INFO  grpc.GrpcConfigKeys (ConfUtils.java:logGet(46)) - raft.grpc.server.heartbeat.channel = true (default)
2024-07-25 11:28:58,225 [main] INFO  grpc.GrpcConfigKeys (ConfUtils.java:logGet(46)) - raft.grpc.server.async.request.thread.pool.cached = true (default)
2024-07-25 11:28:58,225 [main] INFO  grpc.GrpcConfigKeys (ConfUtils.java:logGet(46)) - raft.grpc.server.async.request.thread.pool.size = 32 (default)
2024-07-25 11:28:58,382 [main] INFO  impl.DataStreamServerImpl (ConfUtils.java:logGet(46)) - raft.datastream.type = DISABLED (default)
2024-07-25 11:28:58,384 [main] INFO  server.RaftServerConfigKeys (ConfUtils.java:logGet(46)) - raft.server.sleep.deviation.threshold = 300ms (default)
2024-07-25 11:28:58,385 [main] INFO  server.RaftServerConfigKeys (ConfUtils.java:logGet(46)) - raft.server.close.threshold = 60s (default)
2024-07-25 11:28:58,385 [main] INFO  server.RaftServerConfigKeys (ConfUtils.java:logGet(46)) - raft.server.leaderelection.leader.step-down.wait-time = 10s (default)
2024-07-25 11:28:58,386 [main] INFO  server.RaftServerConfigKeys (ConfUtils.java:logGet(46)) - raft.server.storage.dir = [/home/runner/work/ozone/ozone/hadoop-ozone/integration-test/target/test-dir/MiniOzoneClusterImpl-1f81da03-70dc-44ad-8558-5c969ee5b37a/ozone-meta/ratis] (custom)
2024-07-25 11:28:58,387 [main] INFO  server.RaftServerConfigKeys (ConfUtils.java:logGet(46)) - raft.server.threadpool.proxy.cached = true (default)
2024-07-25 11:28:58,388 [main] INFO  server.RaftServerConfigKeys (ConfUtils.java:logGet(46)) - raft.server.threadpool.proxy.size = 0 (default)
2024-07-25 11:28:58,394 [main] INFO  server.RaftServer (RaftServerProxy.java:addNew(101)) - om1: addNew group-C5BA1605619E:[om1|localhost:15007] returns group-C5BA1605619E:java.util.concurrent.CompletableFuture@16fc3be9[Not completed]
2024-07-25 11:28:58,394 [main] INFO  om.OzoneManager (OzoneManager.java:initializeRatisServer(2168)) - OzoneManager Ratis server initialized at port 15007
2024-07-25 11:28:58,396 [main] INFO  om.OzoneManager (OzoneManager.java:getRpcServer(1228)) - Creating RPC Server
2024-07-25 11:28:58,403 [om1-groupManagement] INFO  server.RaftServer$Division (RaftServerImpl.java:<init>(253)) - om1: new RaftServerImpl for group-C5BA1605619E:[om1|localhost:15007] with OzoneManagerStateMachine:uninitialized
2024-07-25 11:28:58,405 [om1-groupManagement] INFO  server.RaftServerConfigKeys (ConfUtils.java:logGet(46)) - raft.server.rpc.timeout.min = 1s (custom)
2024-07-25 11:28:58,405 [om1-groupManagement] INFO  server.RaftServerConfigKeys (ConfUtils.java:logGet(46)) - raft.server.rpc.timeout.max = 1200ms (custom)
2024-07-25 11:28:58,406 [om1-groupManagement] INFO  server.RaftServerConfigKeys (ConfUtils.java:logGet(46)) - raft.server.rpc.sleep.time = 25ms (default)
2024-07-25 11:28:58,406 [om1-groupManagement] INFO  server.RaftServerConfigKeys (ConfUtils.java:logGet(46)) - raft.server.rpc.slowness.timeout = 120s (custom)
2024-07-25 11:28:58,408 [om1-groupManagement] INFO  server.RaftServerConfigKeys (ConfUtils.java:logGet(46)) - raft.server.leaderelection.leader.step-down.wait-time = 10s (default)
2024-07-25 11:28:58,408 [om1-groupManagement] INFO  server.RaftServerConfigKeys (ConfUtils.java:logGet(46)) - raft.server.leaderelection.member.majority-add = false (default)
2024-07-25 11:28:58,409 [om1-groupManagement] INFO  server.RaftServerConfigKeys (ConfUtils.java:logGet(46)) - raft.server.sleep.deviation.threshold = 300ms (default)
2024-07-25 11:28:58,416 [om1-groupManagement] INFO  server.RaftServer$Division (ServerState.java:<init>(114)) - om1@group-C5BA1605619E: ConfigurationManager, init=conf: {index: -1, cur=peers:[om1|localhost:15007]|listeners:[], old=null}, confs=<EMPTY_MAP>
2024-07-25 11:28:58,429 [om1-groupManagement] INFO  server.RaftServerConfigKeys (ConfUtils.java:logGet(46)) - raft.server.notification.no-leader.timeout = 120s (custom)
2024-07-25 11:28:58,432 [om1-groupManagement] INFO  server.RaftServerConfigKeys (ConfUtils.java:logGet(46)) - raft.server.read.timeout = 10s (default)
2024-07-25 11:28:58,435 [om1-groupManagement] INFO  server.RaftServerConfigKeys (ConfUtils.java:logGet(46)) - raft.server.retrycache.expirytime = 300s (custom)
2024-07-25 11:28:58,435 [om1-groupManagement] INFO  server.RaftServerConfigKeys (ConfUtils.java:logGet(46)) - raft.server.retrycache.statistics.expirytime = 100ms (default)
2024-07-25 11:28:58,439 [om1-groupManagement] INFO  server.RaftServerConfigKeys (ConfUtils.java:logGet(46)) - raft.server.read.option = DEFAULT (default)
2024-07-25 11:28:58,439 [om1-groupManagement] INFO  server.RaftServerConfigKeys (ConfUtils.java:logGet(46)) - raft.server.read.read-after-write-consistent.write-index-cache.expiry-time = 60s (default)
2024-07-25 11:28:58,471 [om1-groupManagement] INFO  server.RaftServerConfigKeys (ConfUtils.java:logGet(46)) - raft.server.rpc.request.timeout = 3000ms (default)
2024-07-25 11:28:58,473 [om1-groupManagement] INFO  server.RaftServerConfigKeys (ConfUtils.java:logGet(46)) - raft.server.log.appender.install.snapshot.enabled = false (custom)
2024-07-25 11:28:58,474 [om1-groupManagement] INFO  server.RaftServerConfigKeys (ConfUtils.java:logGet(46)) - raft.server.threadpool.server.cached = true (default)
2024-07-25 11:28:58,474 [om1-groupManagement] INFO  server.RaftServerConfigKeys (ConfUtils.java:logGet(46)) - raft.server.threadpool.server.size = 0 (default)
2024-07-25 11:28:58,474 [om1-groupManagement] INFO  server.RaftServerConfigKeys (ConfUtils.java:logGet(46)) - raft.server.threadpool.client.cached = true (default)
2024-07-25 11:28:58,475 [om1-groupManagement] INFO  server.RaftServerConfigKeys (ConfUtils.java:logGet(46)) - raft.server.threadpool.client.size = 0 (default)
2024-07-25 11:28:59,238 [main] INFO  reflections.Reflections (Reflections.java:scan(219)) - Reflections took 789 ms to scan 20 urls, producing 59 keys and 6644 values
2024-07-25 11:28:59,400 [main] INFO  ipc.CallQueueManager (CallQueueManager.java:<init>(90)) - Using callQueue: class java.util.concurrent.LinkedBlockingQueue, queueCapacity: 2000, scheduler: class org.apache.hadoop.ipc.DefaultRpcScheduler, ipcBackoff: false.
2024-07-25 11:28:59,401 [main] INFO  ipc.Server (Server.java:<init>(1287)) - Listener at 127.0.0.1:15004
2024-07-25 11:28:59,402 [Socket Reader #1 for port 15004] INFO  ipc.Server (Server.java:run(1323)) - Starting Socket Reader #1 for port 15004
2024-07-25 11:28:59,438 [main] INFO  impl.MetricsSystemImpl (MetricsSystemImpl.java:init(158)) - OzoneManager metrics system started (again)
2024-07-25 11:28:59,451 [main] INFO  om.OzoneManager (OzoneManager.java:start(1650)) - OzoneManager RPC server is listening at localhost/127.0.0.1:15004
2024-07-25 11:28:59,452 [main] INFO  ratis.OzoneManagerRatisServer (OzoneManagerRatisServer.java:start(594)) - Starting OzoneManagerRatisServer om1 at port 15007
2024-07-25 11:28:59,455 [om1-impl-thread1] INFO  server.RaftServerConfigKeys (ConfUtils.java:logGet(46)) - raft.server.storage.free-space.min = 0MB (=0) (default)
2024-07-25 11:28:59,456 [om1-impl-thread1] INFO  server.RaftServerConfigKeys (ConfUtils.java:logGet(46)) - raft.server.log.corruption.policy = EXCEPTION (default)
2024-07-25 11:28:59,456 [om1-impl-thread1] INFO  server.RaftServerConfigKeys (ConfUtils.java:logGet(46)) - raft.server.storage.dir = [/home/runner/work/ozone/ozone/hadoop-ozone/integration-test/target/test-dir/MiniOzoneClusterImpl-1f81da03-70dc-44ad-8558-5c969ee5b37a/ozone-meta/ratis] (custom)
2024-07-25 11:28:59,461 [om1-impl-thread1] INFO  storage.RaftStorageDirectory (RaftStorageDirectoryImpl.java:analyzeStorage(138)) - The storage directory /home/runner/work/ozone/ozone/hadoop-ozone/integration-test/target/test-dir/MiniOzoneClusterImpl-1f81da03-70dc-44ad-8558-5c969ee5b37a/ozone-meta/ratis/bf265839-605b-3f16-9796-c5ba1605619e does not exist. Creating ...
2024-07-25 11:28:59,465 [om1-impl-thread1] INFO  storage.RaftStorageDirectory (RaftStorageDirectoryImpl.java:tryLock(229)) - Lock on /home/runner/work/ozone/ozone/hadoop-ozone/integration-test/target/test-dir/MiniOzoneClusterImpl-1f81da03-70dc-44ad-8558-5c969ee5b37a/ozone-meta/ratis/bf265839-605b-3f16-9796-c5ba1605619e/in_use.lock acquired by nodename 94518@fv-az1436-131
2024-07-25 11:28:59,470 [om1-impl-thread1] INFO  storage.RaftStorage (RaftStorageImpl.java:format(98)) - Storage directory /home/runner/work/ozone/ozone/hadoop-ozone/integration-test/target/test-dir/MiniOzoneClusterImpl-1f81da03-70dc-44ad-8558-5c969ee5b37a/ozone-meta/ratis/bf265839-605b-3f16-9796-c5ba1605619e has been successfully formatted.
2024-07-25 11:28:59,473 [om1-impl-thread1] INFO  server.RaftServerConfigKeys (ConfUtils.java:logGet(46)) - raft.server.log.use.memory = false (default)
2024-07-25 11:28:59,479 [om1-impl-thread1] INFO  server.RaftServerConfigKeys (ConfUtils.java:logGet(46)) - raft.server.log.purge.gap = 1000000 (custom)
2024-07-25 11:28:59,479 [om1-impl-thread1] INFO  server.RaftServerConfigKeys (ConfUtils.java:logGet(46)) - raft.server.log.appender.buffer.byte-limit = 4194304 (custom)
2024-07-25 11:28:59,481 [om1-impl-thread1] INFO  server.RaftServerConfigKeys (ConfUtils.java:logGet(46)) - raft.server.log.statemachine.data.read.timeout = 1000ms (default)
2024-07-25 11:28:59,481 [om1-impl-thread1] INFO  server.RaftServerConfigKeys (ConfUtils.java:logGet(46)) - raft.server.log.purge.preservation.log.num = 0 (default)
2024-07-25 11:28:59,487 [om1-impl-thread1] INFO  server.RaftServerConfigKeys (ConfUtils.java:logGet(46)) - raft.server.log.segment.size.max = 4194304 (custom)
2024-07-25 11:28:59,492 [om1-impl-thread1] INFO  server.RaftServerConfigKeys (ConfUtils.java:logGet(46)) - raft.server.log.segment.cache.num.max = 2 (custom)
2024-07-25 11:28:59,492 [om1-impl-thread1] INFO  server.RaftServerConfigKeys (ConfUtils.java:logGet(46)) - raft.server.log.segment.cache.size.max = 200MB (=209715200) (default)
2024-07-25 11:28:59,493 [om1-impl-thread1] INFO  server.RaftServerConfigKeys (ConfUtils.java:logGet(46)) - raft.server.log.appender.buffer.byte-limit = 4194304 (custom)
2024-07-25 11:28:59,494 [om1-impl-thread1] INFO  util.AwaitToRun (AwaitToRun.java:start(81)) - Thread[om1@group-C5BA1605619E-cacheEviction-AwaitToRun,5,main] started
2024-07-25 11:28:59,497 [om1-impl-thread1] INFO  segmented.SegmentedRaftLogWorker (SegmentedRaftLogWorker.java:<init>(184)) - new om1@group-C5BA1605619E-SegmentedRaftLogWorker for RaftStorageImpl:Storage Directory /home/runner/work/ozone/ozone/hadoop-ozone/integration-test/target/test-dir/MiniOzoneClusterImpl-1f81da03-70dc-44ad-8558-5c969ee5b37a/ozone-meta/ratis/bf265839-605b-3f16-9796-c5ba1605619e
2024-07-25 11:28:59,498 [om1-impl-thread1] INFO  server.RaftServerConfigKeys (ConfUtils.java:logGet(46)) - raft.server.log.queue.byte-limit = 64MB (=67108864) (default)
2024-07-25 11:28:59,499 [om1-impl-thread1] INFO  server.RaftServerConfigKeys (ConfUtils.java:logGet(46)) - raft.server.log.queue.element-limit = 4096 (default)
2024-07-25 11:28:59,500 [om1-impl-thread1] INFO  server.RaftServerConfigKeys (ConfUtils.java:logGet(46)) - raft.server.log.segment.size.max = 4194304 (custom)
2024-07-25 11:28:59,500 [om1-impl-thread1] INFO  server.RaftServerConfigKeys (ConfUtils.java:logGet(46)) - raft.server.log.preallocated.size = 4194304 (custom)
2024-07-25 11:28:59,501 [om1-impl-thread1] INFO  server.RaftServerConfigKeys (ConfUtils.java:logGet(46)) - raft.server.log.force.sync.num = 128 (default)
2024-07-25 11:28:59,502 [om1-impl-thread1] INFO  server.RaftServerConfigKeys (ConfUtils.java:logGet(46)) - raft.server.log.statemachine.data.sync = true (default)
2024-07-25 11:28:59,502 [om1-impl-thread1] INFO  server.RaftServerConfigKeys (ConfUtils.java:logGet(46)) - raft.server.log.statemachine.data.sync.timeout = 10s (default)
2024-07-25 11:28:59,502 [om1-impl-thread1] INFO  server.RaftServerConfigKeys (ConfUtils.java:logGet(46)) - raft.server.log.statemachine.data.sync.timeout.retry = -1 (default)
2024-07-25 11:28:59,504 [om1-impl-thread1] INFO  server.RaftServerConfigKeys (ConfUtils.java:logGet(46)) - raft.server.log.write.buffer.size = 4194312 (custom)
2024-07-25 11:28:59,505 [om1-impl-thread1] INFO  server.RaftServerConfigKeys (ConfUtils.java:logGet(46)) - raft.server.log.appender.buffer.byte-limit = 4194304 (custom)
2024-07-25 11:28:59,505 [om1-impl-thread1] INFO  server.RaftServerConfigKeys (ConfUtils.java:logGet(46)) - raft.server.log.unsafe-flush.enabled = false (default)
2024-07-25 11:28:59,506 [om1-impl-thread1] INFO  server.RaftServerConfigKeys (ConfUtils.java:logGet(46)) - raft.server.log.async-flush.enabled = false (default)
2024-07-25 11:28:59,506 [om1-impl-thread1] INFO  server.RaftServerConfigKeys (ConfUtils.java:logGet(46)) - raft.server.log.statemachine.data.caching.enabled = false (default)
2024-07-25 11:28:59,510 [om1-impl-thread1] INFO  segmented.SegmentedRaftLogWorker (SegmentedRaftLogWorker.java:lambda$new$0(135)) - om1@group-C5BA1605619E-SegmentedRaftLogWorker: flushIndex: setUnconditionally 0 -> -1
2024-07-25 11:28:59,510 [om1-impl-thread1] INFO  segmented.SegmentedRaftLogWorker (SegmentedRaftLogWorker.java:lambda$new$0(135)) - om1@group-C5BA1605619E-SegmentedRaftLogWorker: safeCacheEvictIndex: setUnconditionally 0 -> -1
2024-07-25 11:28:59,511 [om1-impl-thread1] INFO  server.RaftServer$Division (RaftServerImpl.java:start(389)) - om1@group-C5BA1605619E: start as a follower, conf=conf: {index: -1, cur=peers:[om1|localhost:15007]|listeners:[], old=null}
2024-07-25 11:28:59,511 [om1-impl-thread1] INFO  server.RaftServer$Division (RaftServerImpl.java:setRole(376)) - om1@group-C5BA1605619E: changes role from      null to FOLLOWER at term 0 for startAsFollower
2024-07-25 11:28:59,512 [om1-impl-thread1] INFO  impl.RoleInfo (RoleInfo.java:updateAndGet(148)) - om1: start om1@group-C5BA1605619E-FollowerState
2024-07-25 11:28:59,513 [om1-impl-thread1] INFO  util.JmxRegister (JmxRegister.java:tryRegister(44)) - Successfully registered JMX Bean with object name Ratis:service=RaftServer,group=group-C5BA1605619E,id=om1
2024-07-25 11:28:59,513 [om1-impl-thread1] INFO  util.JmxRegister (JmxRegister.java:register(58)) - register mxBean class org.apache.ratis.server.impl.RaftServerJmxAdapter as Ratis:service=RaftServer,group=group-C5BA1605619E,id=om1
2024-07-25 11:28:59,515 [om1-impl-thread1] INFO  server.RaftServerConfigKeys (ConfUtils.java:logGet(46)) - raft.server.snapshot.trigger-when-stop.enabled = true (default)
2024-07-25 11:28:59,515 [om1-impl-thread1] INFO  server.RaftServerConfigKeys (ConfUtils.java:logGet(46)) - raft.server.snapshot.trigger-when-remove.enabled = true (default)
2024-07-25 11:28:59,515 [om1-impl-thread1] INFO  server.RaftServerConfigKeys (ConfUtils.java:logGet(46)) - raft.server.snapshot.auto.trigger.enabled = true (custom)
2024-07-25 11:28:59,515 [om1-impl-thread1] INFO  server.RaftServerConfigKeys (ConfUtils.java:logGet(46)) - raft.server.snapshot.auto.trigger.threshold = 400000 (default)
2024-07-25 11:28:59,516 [om1-impl-thread1] INFO  server.RaftServerConfigKeys (ConfUtils.java:logGet(46)) - raft.server.snapshot.retention.file.num = -1 (default)
2024-07-25 11:28:59,516 [om1@group-C5BA1605619E-FollowerState] INFO  server.RaftServerConfigKeys (ConfUtils.java:logFallback(53)) - raft.server.rpc.first-election.timeout.min = 1s (fallback to raft.server.rpc.timeout.min)
2024-07-25 11:28:59,516 [om1-impl-thread1] INFO  server.RaftServerConfigKeys (ConfUtils.java:logGet(46)) - raft.server.log.purge.upto.snapshot.index = true (custom)
2024-07-25 11:28:59,517 [om1@group-C5BA1605619E-FollowerState] INFO  server.RaftServerConfigKeys (ConfUtils.java:logFallback(53)) - raft.server.rpc.first-election.timeout.max = 1200ms (fallback to raft.server.rpc.timeout.max)
2024-07-25 11:28:59,520 [main] INFO  server.RaftServer (RaftServerProxy.java:startImpl(408)) - om1: start RPC server
2024-07-25 11:28:59,554 [main] INFO  server.GrpcService (GrpcService.java:startImpl(302)) - om1: GrpcService started, listening on 15007
2024-07-25 11:28:59,555 [JvmPauseMonitor1] INFO  util.JvmPauseMonitor (JvmPauseMonitor.java:run(146)) - JvmPauseMonitor-om1: Started
2024-07-25 11:28:59,556 [main] INFO  om.OzoneManager (OzoneManager.java:start(1666)) - Version File has different layout version (6) than OM DB (null). That is expected if this OM has never been finalized to a newer layout version.
2024-07-25 11:28:59,574 [main] INFO  client.ScmTopologyClient (ScmTopologyClient.java:start(72)) - Initial network topology fetched from SCM: /.
2024-07-25 11:28:59,575 [main] INFO  net.NodeSchemaLoader (NodeSchemaLoader.java:loadSchemaFromFile(129)) - Loading schema from [jar:file:/home/runner/work/ozone/ozone/hadoop-hdds/common/target/hdds-common-1.5.0-SNAPSHOT.jar!/network-topology-default.xml]
2024-07-25 11:28:59,575 [main] INFO  net.NodeSchemaLoader (NodeSchemaLoader.java:loadSchema(176)) - Loading network topology layer schema file
2024-07-25 11:28:59,598 [main] INFO  http.BaseHttpServer (BaseHttpServer.java:newHttpServer2BuilderForOzone(223)) - Starting Web-server for ozoneManager at: http://0.0.0.0:15005
2024-07-25 11:28:59,598 [main] INFO  http.BaseHttpServer (BaseHttpServer.java:<init>(110)) - Hadoop Security Enabled: false Ozone Security Enabled: false Ozone HTTP Security Enabled: false 
2024-07-25 11:28:59,600 [main] WARN  server.AuthenticationFilter (AuthenticationFilter.java:constructSecretProvider(240)) - Unable to initialize FileSignerSecretProvider, falling back to use random secrets. Reason: Could not read signature secret file: /home/runner/hadoop-http-auth-signature-secret
2024-07-25 11:28:59,602 [main] INFO  http.HttpRequestLog (HttpRequestLog.java:getRequestLog(86)) - Http request log for http.requests.ozoneManager is not defined
2024-07-25 11:28:59,604 [main] INFO  http.HttpServer2 (HttpServer2.java:addGlobalFilter(1035)) - Added global filter 'safety' (class=org.apache.hadoop.hdds.server.http.HttpServer2$QuotingInputFilter)
2024-07-25 11:28:59,605 [main] INFO  http.HttpServer2 (HttpServer2.java:addFilter(1011)) - Added filter static_user_filter (class=org.apache.hadoop.http.lib.StaticUserWebFilter$StaticUserFilter) to context ozoneManager
2024-07-25 11:28:59,606 [main] INFO  http.HttpServer2 (HttpServer2.java:addFilter(1019)) - Added filter static_user_filter (class=org.apache.hadoop.http.lib.StaticUserWebFilter$StaticUserFilter) to context static
2024-07-25 11:28:59,606 [main] INFO  http.HttpServer2 (HttpServer2.java:addFilter(1019)) - Added filter static_user_filter (class=org.apache.hadoop.http.lib.StaticUserWebFilter$StaticUserFilter) to context logs
2024-07-25 11:28:59,608 [main] INFO  http.BaseHttpServer (BaseHttpServer.java:<init>(189)) - HTTP server of ozoneManager uses base directory /home/runner/work/ozone/ozone/hadoop-ozone/integration-test/target/test-dir/MiniOzoneClusterImpl-1f81da03-70dc-44ad-8558-5c969ee5b37a/ozone-meta/webserver
2024-07-25 11:28:59,611 [main] INFO  http.HttpServer2 (HttpServer2.java:bindListener(1235)) - Jetty bound to port 15005
2024-07-25 11:28:59,611 [main] INFO  server.Server (Server.java:doStart(375)) - jetty-9.4.55.v20240627; built: 2024-06-27T15:05:37.765Z; git: 70015831e5195ba74da6383c4ab7c90c56bb08af; jvm 17.0.11+9
2024-07-25 11:28:59,622 [main] INFO  server.session (DefaultSessionIdManager.java:doStart(334)) - DefaultSessionIdManager workerName=node0
2024-07-25 11:28:59,622 [main] INFO  server.session (DefaultSessionIdManager.java:doStart(339)) - No SessionScavenger set, using defaults
2024-07-25 11:28:59,623 [main] INFO  server.session (HouseKeeper.java:startScavenging(132)) - node0 Scavenging every 600000ms
2024-07-25 11:28:59,624 [main] INFO  handler.ContextHandler (ContextHandler.java:doStart(921)) - Started o.e.j.s.ServletContextHandler@3d446ba9{logs,/logs,file:///home/runner/work/ozone/ozone/hadoop-ozone/integration-test/target/log,AVAILABLE}
2024-07-25 11:28:59,625 [main] INFO  handler.ContextHandler (ContextHandler.java:doStart(921)) - Started o.e.j.s.ServletContextHandler@7393a461{static,/static,file:///home/runner/work/ozone/ozone/hadoop-ozone/integration-test/target/test-classes/webapps/static,AVAILABLE}
2024-07-25 11:28:59,635 [main] INFO  handler.ContextHandler (ContextHandler.java:doStart(921)) - Started o.e.j.w.WebAppContext@70fbab13{ozoneManager,/,file:///home/runner/work/ozone/ozone/hadoop-ozone/integration-test/target/test-classes/webapps/ozoneManager/,AVAILABLE}{file:/home/runner/work/ozone/ozone/hadoop-ozone/integration-test/target/test-classes/webapps/ozoneManager}
2024-07-25 11:28:59,639 [main] INFO  server.AbstractConnector (AbstractConnector.java:doStart(333)) - Started ServerConnector@7e634ead{HTTP/1.1, (http/1.1)}{0.0.0.0:15005}
2024-07-25 11:28:59,640 [main] INFO  server.Server (Server.java:doStart(415)) - Started @6461ms
2024-07-25 11:28:59,640 [main] WARN  impl.MetricsSystemImpl (MetricsSystemImpl.java:register(279)) - Sink prometheus already exists!
2024-07-25 11:28:59,642 [main] INFO  http.BaseHttpServer (BaseHttpServer.java:updateConnectorAddress(354)) - HTTP server of ozoneManager listening at http://0.0.0.0:15005
2024-07-25 11:28:59,642 [IPC Server Responder] INFO  ipc.Server (Server.java:run(1562)) - IPC Server Responder: starting
2024-07-25 11:28:59,648 [IPC Server listener on 15004] INFO  ipc.Server (Server.java:run(1402)) - IPC Server listener on 15004: starting
2024-07-25 11:28:59,653 [main] INFO  om.OzoneManager (OzoneManager.java:startTrashEmptier(2121)) - Trash Interval set to 0. Files deleted won't move to trash
2024-07-25 11:28:59,661 [main] INFO  db.CodecBuffer (CodecBuffer.java:set(63)) - Successfully set constructor to org.apache.hadoop.hdds.utils.db.CodecBuffer$$Lambda$1195/0x00007fe38073dc08@2f3809cf
2024-07-25 11:28:59,737 [main] WARN  dropwizard3.Dm3MetricRegistriesImpl (Dm3MetricRegistriesImpl.java:addReporterRegistration(114)) - New reporters are added after registries were created. Some metrics will be missing from the reporter. Please add reporter before adding any new registry.
2024-07-25 11:28:59,738 [main] WARN  dropwizard3.Dm3MetricRegistriesImpl (Dm3MetricRegistriesImpl.java:addReporterRegistration(114)) - New reporters are added after registries were created. Some metrics will be missing from the reporter. Please add reporter before adding any new registry.
2024-07-25 11:28:59,739 [main] INFO  impl.MetricsSystemImpl (MetricsSystemImpl.java:init(158)) - HddsDatanode metrics system started (again)
2024-07-25 11:28:59,757 [main] INFO  ozone.HddsDatanodeService (HddsDatanodeService.java:start(236)) - HddsDatanodeService host:fv-az1436-131.rp122gijlobebpuychzvuh3j3h.bx.internal.cloudapp.net ip:10.1.0.100
2024-07-25 11:28:59,764 [main] INFO  upgrade.AbstractLayoutVersionManager (AbstractLayoutVersionManager.java:init(83)) - Initializing Layout version manager with metadata layout = HADOOP_PRC_PORTS_IN_DATANODEDETAILS (version = 7), software layout = HADOOP_PRC_PORTS_IN_DATANODEDETAILS (version = 7)
2024-07-25 11:28:59,767 [main] INFO  statemachine.DatanodeStateMachine (DatanodeStateMachine.java:getEndPointTaskThreadPoolSize(293)) - Datanode State Machine Task Thread Pool size 2
2024-07-25 11:28:59,811 [main] INFO  volume.HddsVolume (HddsVolume.java:<init>(126)) - Creating HddsVolume: /home/runner/work/ozone/ozone/hadoop-ozone/integration-test/target/test-dir/MiniOzoneClusterImpl-1f81da03-70dc-44ad-8558-5c969ee5b37a/ozone-meta/datanode-1/data-0/hdds of storage type : DISK capacity : 9222449699674390527
2024-07-25 11:28:59,814 [main] INFO  volume.MutableVolumeSet (MutableVolumeSet.java:initializeVolumeSet(173)) - Added Volume : /home/runner/work/ozone/ozone/hadoop-ozone/integration-test/target/test-dir/MiniOzoneClusterImpl-1f81da03-70dc-44ad-8558-5c969ee5b37a/ozone-meta/datanode-1/data-0/hdds to VolumeSet
2024-07-25 11:28:59,818 [main] INFO  volume.MutableVolumeSet (MutableVolumeSet.java:initializeVolumeSet(173)) - Added Volume : /home/runner/work/ozone/ozone/hadoop-ozone/integration-test/target/test-dir/MiniOzoneClusterImpl-1f81da03-70dc-44ad-8558-5c969ee5b37a/ozone-meta/datanode-1/ratis to VolumeSet
2024-07-25 11:28:59,822 [main] INFO  ozoneimpl.OzoneContainer (HddsVolumeUtil.java:loadAllHddsVolumeDbStore(103)) - Load 1 volumes DbStore cost: 0ms
2024-07-25 11:28:59,870 [main] INFO  audit.AuditLogger (AuditLogger.java:refreshDebugCmdSet(135)) - Refresh DebugCmdSet for DNAudit to [].
2024-07-25 11:28:59,912 [main] INFO  server.RaftServer (ConfUtils.java:logGet(46)) - raft.rpc.type = GRPC (default)
2024-07-25 11:28:59,913 [main] INFO  grpc.GrpcConfigKeys (ConfUtils.java:logFallback(53)) - raft.grpc.admin.host = null (fallback to raft.grpc.server.host)
2024-07-25 11:28:59,914 [main] INFO  grpc.GrpcConfigKeys (ConfUtils.java:logGet(46)) - raft.grpc.admin.port = 15013 (custom)
2024-07-25 11:28:59,914 [main] INFO  grpc.GrpcConfigKeys (ConfUtils.java:logFallback(53)) - raft.grpc.client.host = null (fallback to raft.grpc.server.host)
2024-07-25 11:28:59,914 [main] INFO  grpc.GrpcConfigKeys (ConfUtils.java:logGet(46)) - raft.grpc.client.port = 15012 (custom)
2024-07-25 11:28:59,914 [main] INFO  grpc.GrpcConfigKeys (ConfUtils.java:logGet(46)) - raft.grpc.server.host = null (default)
2024-07-25 11:28:59,915 [main] INFO  grpc.GrpcConfigKeys (ConfUtils.java:logGet(46)) - raft.grpc.server.port = 15014 (custom)
2024-07-25 11:28:59,915 [main] INFO  server.GrpcService (ConfUtils.java:logGet(46)) - raft.grpc.message.size.max = 32MB (=33554432) (custom)
2024-07-25 11:28:59,915 [main] INFO  server.RaftServerConfigKeys (ConfUtils.java:logGet(46)) - raft.server.log.appender.buffer.byte-limit = 8388608 (custom)
2024-07-25 11:28:59,916 [main] INFO  server.GrpcService (ConfUtils.java:logGet(46)) - raft.grpc.flow.control.window = 5MB (=5242880) (custom)
2024-07-25 11:28:59,916 [main] INFO  server.RaftServerConfigKeys (ConfUtils.java:logGet(46)) - raft.server.rpc.request.timeout = 60s (custom)
2024-07-25 11:28:59,916 [main] INFO  grpc.GrpcConfigKeys (ConfUtils.java:logGet(46)) - raft.grpc.server.heartbeat.channel = true (default)
2024-07-25 11:28:59,917 [main] INFO  grpc.GrpcConfigKeys (ConfUtils.java:logGet(46)) - raft.grpc.server.async.request.thread.pool.cached = true (default)
2024-07-25 11:28:59,917 [main] INFO  grpc.GrpcConfigKeys (ConfUtils.java:logGet(46)) - raft.grpc.server.async.request.thread.pool.size = 32 (default)
2024-07-25 11:28:59,919 [main] INFO  impl.DataStreamServerImpl (ConfUtils.java:logGet(46)) - raft.datastream.type = NETTY (custom)
2024-07-25 11:28:59,928 [main] INFO  server.RaftServerConfigKeys (ConfUtils.java:logGet(46)) - raft.server.data-stream.async.request.thread.pool.cached = false (default)
2024-07-25 11:28:59,929 [main] INFO  server.RaftServerConfigKeys (ConfUtils.java:logGet(46)) - raft.server.data-stream.async.request.thread.pool.size = 20 (custom)
2024-07-25 11:28:59,929 [main] INFO  server.RaftServerConfigKeys (ConfUtils.java:logGet(46)) - raft.server.data-stream.async.write.thread.pool.size = 16 (default)
2024-07-25 11:28:59,931 [main] INFO  netty.NettyConfigKeys$DataStream (ConfUtils.java:logGet(46)) - raft.netty.dataStream.server.channel.inactive.grace-period = 10min (default)
2024-07-25 11:28:59,931 [main] INFO  server.RaftServerConfigKeys (ConfUtils.java:logGet(46)) - raft.server.data-stream.client.pool.size = 10 (default)
2024-07-25 11:28:59,932 [main] INFO  netty.NettyConfigKeys$DataStream (ConfUtils.java:logGet(46)) - raft.netty.dataStream.server.use-epoll = true (default)
2024-07-25 11:28:59,933 [main] INFO  netty.NettyConfigKeys$DataStream (ConfUtils.java:logGet(46)) - raft.netty.dataStream.server.boss-group.size = 0 (default)
2024-07-25 11:28:59,934 [main] INFO  netty.NettyUtils (NettyUtils.java:newEventLoopGroup(74)) - Create EpollEventLoopGroup for e7fccb5b-6f4b-4a5d-93b5-abfcbb2ccb85-NettyServerStreamRpc-bossGroup; Thread size is 0.
2024-07-25 11:28:59,934 [main] INFO  netty.NettyConfigKeys$DataStream (ConfUtils.java:logGet(46)) - raft.netty.dataStream.server.worker-group.size = 0 (default)
2024-07-25 11:28:59,935 [main] INFO  netty.NettyUtils (NettyUtils.java:newEventLoopGroup(74)) - Create EpollEventLoopGroup for e7fccb5b-6f4b-4a5d-93b5-abfcbb2ccb85-NettyServerStreamRpc-workerGroup; Thread size is 0.
2024-07-25 11:28:59,958 [main] INFO  netty.NettyConfigKeys$DataStream (ConfUtils.java:logGet(46)) - raft.netty.dataStream.server.tls.conf = null (default)
2024-07-25 11:28:59,959 [main] INFO  netty.NettyConfigKeys$DataStream (ConfUtils.java:logGet(46)) - raft.netty.dataStream.host = null (default)
2024-07-25 11:28:59,960 [main] INFO  netty.NettyConfigKeys$DataStream (ConfUtils.java:logGet(46)) - raft.netty.dataStream.port = 15015 (custom)
2024-07-25 11:28:59,963 [main] INFO  server.RaftServerConfigKeys (ConfUtils.java:logGet(46)) - raft.server.sleep.deviation.threshold = 300ms (default)
2024-07-25 11:28:59,963 [main] INFO  server.RaftServerConfigKeys (ConfUtils.java:logGet(46)) - raft.server.close.threshold = 60s (default)
2024-07-25 11:28:59,964 [main] INFO  server.RaftServerConfigKeys (ConfUtils.java:logGet(46)) - raft.server.leaderelection.leader.step-down.wait-time = 10s (default)
2024-07-25 11:28:59,965 [main] INFO  server.RaftServerConfigKeys (ConfUtils.java:logGet(46)) - raft.server.storage.dir = [/home/runner/work/ozone/ozone/hadoop-ozone/integration-test/target/test-dir/MiniOzoneClusterImpl-1f81da03-70dc-44ad-8558-5c969ee5b37a/ozone-meta/datanode-1/ratis] (custom)
2024-07-25 11:28:59,966 [main] INFO  server.RaftServerConfigKeys (ConfUtils.java:logGet(46)) - raft.server.threadpool.proxy.cached = true (default)
2024-07-25 11:28:59,966 [main] INFO  server.RaftServerConfigKeys (ConfUtils.java:logGet(46)) - raft.server.threadpool.proxy.size = 0 (default)
2024-07-25 11:28:59,969 [e7fccb5b-6f4b-4a5d-93b5-abfcbb2ccb85-impl-thread1] INFO  server.RaftServer (RaftServerProxy.java:initGroupDir(266)) - e7fccb5b-6f4b-4a5d-93b5-abfcbb2ccb85: found a subdirectory /home/runner/work/ozone/ozone/hadoop-ozone/integration-test/target/test-dir/MiniOzoneClusterImpl-1f81da03-70dc-44ad-8558-5c969ee5b37a/ozone-meta/datanode-1/ratis/tmp
2024-07-25 11:28:59,970 [e7fccb5b-6f4b-4a5d-93b5-abfcbb2ccb85-impl-thread1] INFO  server.RaftServer (RaftServerProxy.java:initGroupDir(271)) - e7fccb5b-6f4b-4a5d-93b5-abfcbb2ccb85: The directory /home/runner/work/ozone/ozone/hadoop-ozone/integration-test/target/test-dir/MiniOzoneClusterImpl-1f81da03-70dc-44ad-8558-5c969ee5b37a/ozone-meta/datanode-1/ratis/tmp is not a group directory; ignoring it. 
2024-07-25 11:28:59,972 [e7fccb5b-6f4b-4a5d-93b5-abfcbb2ccb85-NettyServerStreamRpc-bossGroup--thread1] INFO  logging.LoggingHandler (AbstractInternalLogger.java:log(148)) - [id: 0x7f0c387d] REGISTERED
2024-07-25 11:28:59,972 [e7fccb5b-6f4b-4a5d-93b5-abfcbb2ccb85-NettyServerStreamRpc-bossGroup--thread1] INFO  logging.LoggingHandler (AbstractInternalLogger.java:log(148)) - [id: 0x7f0c387d] BIND: 0.0.0.0/0.0.0.0:15015
2024-07-25 11:28:59,972 [e7fccb5b-6f4b-4a5d-93b5-abfcbb2ccb85-NettyServerStreamRpc-bossGroup--thread1] INFO  logging.LoggingHandler (AbstractInternalLogger.java:log(148)) - [id: 0x7f0c387d, L:/0.0.0.0:15015] ACTIVE
2024-07-25 11:28:59,974 [main] INFO  replication.ReplicationServer (ReplicationServer.java:<init>(86)) - Initializing replication server with thread count = 10 queue length = 4096
2024-07-25 11:28:59,995 [main] INFO  server.XceiverServerGrpc (XceiverServerGrpc.java:<init>(141)) - GrpcServer channel type EpollServerSocketChannel
2024-07-25 11:29:00,029 [main] INFO  replication.ReplicationSupervisor (ReplicationSupervisor.java:build(157)) - Initializing replication supervisor with thread count = 10
2024-07-25 11:29:00,031 [main] INFO  replication.ReplicationSupervisor (ReplicationSupervisor.java:nodeStateUpdated(312)) - Node state updated to IN_SERVICE, scaling executor pool size to 10
2024-07-25 11:29:00,088 [main] INFO  http.BaseHttpServer (BaseHttpServer.java:newHttpServer2BuilderForOzone(223)) - Starting Web-server for hddsDatanode at: http://0.0.0.0:15009
2024-07-25 11:29:00,089 [main] INFO  http.BaseHttpServer (BaseHttpServer.java:<init>(110)) - Hadoop Security Enabled: false Ozone Security Enabled: false Ozone HTTP Security Enabled: false 
2024-07-25 11:29:00,091 [main] WARN  server.AuthenticationFilter (AuthenticationFilter.java:constructSecretProvider(240)) - Unable to initialize FileSignerSecretProvider, falling back to use random secrets. Reason: Could not read signature secret file: /home/runner/hadoop-http-auth-signature-secret
2024-07-25 11:29:00,094 [main] INFO  http.HttpRequestLog (HttpRequestLog.java:getRequestLog(86)) - Http request log for http.requests.hddsDatanode is not defined
2024-07-25 11:29:00,095 [main] INFO  http.HttpServer2 (HttpServer2.java:addGlobalFilter(1035)) - Added global filter 'safety' (class=org.apache.hadoop.hdds.server.http.HttpServer2$QuotingInputFilter)
2024-07-25 11:29:00,096 [main] INFO  http.HttpServer2 (HttpServer2.java:addFilter(1011)) - Added filter static_user_filter (class=org.apache.hadoop.http.lib.StaticUserWebFilter$StaticUserFilter) to context hddsDatanode
2024-07-25 11:29:00,097 [main] INFO  http.HttpServer2 (HttpServer2.java:addFilter(1019)) - Added filter static_user_filter (class=org.apache.hadoop.http.lib.StaticUserWebFilter$StaticUserFilter) to context static
2024-07-25 11:29:00,097 [main] INFO  http.HttpServer2 (HttpServer2.java:addFilter(1019)) - Added filter static_user_filter (class=org.apache.hadoop.http.lib.StaticUserWebFilter$StaticUserFilter) to context logs
2024-07-25 11:29:00,098 [main] INFO  http.BaseHttpServer (BaseHttpServer.java:<init>(189)) - HTTP server of hddsDatanode uses base directory /home/runner/work/ozone/ozone/hadoop-ozone/integration-test/target/test-dir/MiniOzoneClusterImpl-1f81da03-70dc-44ad-8558-5c969ee5b37a/ozone-meta/datanode-1/meta/webserver
2024-07-25 11:29:00,098 [main] INFO  http.HttpServer2 (HttpServer2.java:bindListener(1235)) - Jetty bound to port 15009
2024-07-25 11:29:00,098 [main] INFO  server.Server (Server.java:doStart(375)) - jetty-9.4.55.v20240627; built: 2024-06-27T15:05:37.765Z; git: 70015831e5195ba74da6383c4ab7c90c56bb08af; jvm 17.0.11+9
2024-07-25 11:29:00,102 [main] INFO  server.session (DefaultSessionIdManager.java:doStart(334)) - DefaultSessionIdManager workerName=node0
2024-07-25 11:29:00,103 [main] INFO  server.session (DefaultSessionIdManager.java:doStart(339)) - No SessionScavenger set, using defaults
2024-07-25 11:29:00,103 [main] INFO  server.session (HouseKeeper.java:startScavenging(132)) - node0 Scavenging every 600000ms
2024-07-25 11:29:00,104 [main] INFO  handler.ContextHandler (ContextHandler.java:doStart(921)) - Started o.e.j.s.ServletContextHandler@6c85dbe8{logs,/logs,file:///home/runner/work/ozone/ozone/hadoop-ozone/integration-test/target/log,AVAILABLE}
2024-07-25 11:29:00,104 [main] INFO  handler.ContextHandler (ContextHandler.java:doStart(921)) - Started o.e.j.s.ServletContextHandler@3dc42f56{static,/static,jar:file:/home/runner/work/ozone/ozone/hadoop-hdds/container-service/target/hdds-container-service-1.5.0-SNAPSHOT.jar!/webapps/static,AVAILABLE}
2024-07-25 11:29:00,351 [main] INFO  handler.ContextHandler (ContextHandler.java:doStart(921)) - Started o.e.j.w.WebAppContext@4effe36a{hddsDatanode,/,file:///home/runner/work/ozone/ozone/hadoop-ozone/integration-test/target/test-dir/MiniOzoneClusterImpl-1f81da03-70dc-44ad-8558-5c969ee5b37a/ozone-meta/datanode-1/meta/webserver/jetty-0_0_0_0-15009-hdds-container-service-1_5_0-SNAPSHOT_jar-_-any-9596524876311228756/webapp/,AVAILABLE}{jar:file:/home/runner/work/ozone/ozone/hadoop-hdds/container-service/target/hdds-container-service-1.5.0-SNAPSHOT.jar!/webapps/hddsDatanode}
2024-07-25 11:29:00,352 [main] INFO  server.AbstractConnector (AbstractConnector.java:doStart(333)) - Started ServerConnector@2fc1b04a{HTTP/1.1, (http/1.1)}{0.0.0.0:15009}
2024-07-25 11:29:00,352 [main] INFO  server.Server (Server.java:doStart(415)) - Started @7174ms
2024-07-25 11:29:00,352 [main] WARN  impl.MetricsSystemImpl (MetricsSystemImpl.java:register(279)) - Sink prometheus already exists!
2024-07-25 11:29:00,353 [main] INFO  http.BaseHttpServer (BaseHttpServer.java:updateConnectorAddress(354)) - HTTP server of hddsDatanode listening at http://0.0.0.0:15009
2024-07-25 11:29:00,356 [main] INFO  ipc.CallQueueManager (CallQueueManager.java:<init>(90)) - Using callQueue: class java.util.concurrent.LinkedBlockingQueue, queueCapacity: 100, scheduler: class org.apache.hadoop.ipc.DefaultRpcScheduler, ipcBackoff: false.
2024-07-25 11:29:00,356 [main] INFO  ipc.Server (Server.java:<init>(1287)) - Listener at 0.0.0.0:15010
2024-07-25 11:29:00,357 [Socket Reader #1 for port 15010] INFO  ipc.Server (Server.java:run(1323)) - Starting Socket Reader #1 for port 15010
2024-07-25 11:29:00,359 [main] INFO  ozone.HddsDatanodeService (HddsDatanodeService.java:start(320)) - Datanode start with admins: [runner]
2024-07-25 11:29:00,359 [main] INFO  ozone.HddsDatanodeClientProtocolServer (HddsDatanodeClientProtocolServer.java:start(77)) - RPC server for Client /0.0.0.0:15010
2024-07-25 11:29:00,361 [IPC Server Responder] INFO  ipc.Server (Server.java:run(1562)) - IPC Server Responder: starting
2024-07-25 11:29:00,362 [IPC Server listener on 15010] INFO  ipc.Server (Server.java:run(1402)) - IPC Server listener on 15010: starting
2024-07-25 11:29:00,369 [e7fccb5b-6f4b-4a5d-93b5-abfcbb2ccb85-DatanodeStateMachineDaemonThread] INFO  statemachine.DatanodeStateMachine (DatanodeStateMachine.java:lambda$startDaemon$1(545)) - Ozone container server started.
2024-07-25 11:29:00,370 [main] WARN  dropwizard3.Dm3MetricRegistriesImpl (Dm3MetricRegistriesImpl.java:addReporterRegistration(114)) - New reporters are added after registries were created. Some metrics will be missing from the reporter. Please add reporter before adding any new registry.
2024-07-25 11:29:00,370 [main] WARN  dropwizard3.Dm3MetricRegistriesImpl (Dm3MetricRegistriesImpl.java:addReporterRegistration(114)) - New reporters are added after registries were created. Some metrics will be missing from the reporter. Please add reporter before adding any new registry.
2024-07-25 11:29:00,370 [main] INFO  impl.MetricsSystemImpl (MetricsSystemImpl.java:init(158)) - HddsDatanode metrics system started (again)
2024-07-25 11:29:00,384 [main] INFO  ozone.HddsDatanodeService (HddsDatanodeService.java:start(236)) - HddsDatanodeService host:fv-az1436-131.rp122gijlobebpuychzvuh3j3h.bx.internal.cloudapp.net ip:10.1.0.100
2024-07-25 11:29:00,388 [main] INFO  upgrade.AbstractLayoutVersionManager (AbstractLayoutVersionManager.java:init(83)) - Initializing Layout version manager with metadata layout = HADOOP_PRC_PORTS_IN_DATANODEDETAILS (version = 7), software layout = HADOOP_PRC_PORTS_IN_DATANODEDETAILS (version = 7)
2024-07-25 11:29:00,389 [main] INFO  statemachine.DatanodeStateMachine (DatanodeStateMachine.java:getEndPointTaskThreadPoolSize(293)) - Datanode State Machine Task Thread Pool size 2
2024-07-25 11:29:00,394 [main] INFO  volume.HddsVolume (HddsVolume.java:<init>(126)) - Creating HddsVolume: /home/runner/work/ozone/ozone/hadoop-ozone/integration-test/target/test-dir/MiniOzoneClusterImpl-1f81da03-70dc-44ad-8558-5c969ee5b37a/ozone-meta/datanode-2/data-0/hdds of storage type : DISK capacity : 9222449699674390527
2024-07-25 11:29:00,395 [main] INFO  volume.MutableVolumeSet (MutableVolumeSet.java:initializeVolumeSet(173)) - Added Volume : /home/runner/work/ozone/ozone/hadoop-ozone/integration-test/target/test-dir/MiniOzoneClusterImpl-1f81da03-70dc-44ad-8558-5c969ee5b37a/ozone-meta/datanode-2/data-0/hdds to VolumeSet
2024-07-25 11:29:00,397 [main] INFO  volume.MutableVolumeSet (MutableVolumeSet.java:initializeVolumeSet(173)) - Added Volume : /home/runner/work/ozone/ozone/hadoop-ozone/integration-test/target/test-dir/MiniOzoneClusterImpl-1f81da03-70dc-44ad-8558-5c969ee5b37a/ozone-meta/datanode-2/ratis to VolumeSet
2024-07-25 11:29:00,398 [main] INFO  ozoneimpl.OzoneContainer (HddsVolumeUtil.java:loadAllHddsVolumeDbStore(103)) - Load 1 volumes DbStore cost: 0ms
2024-07-25 11:29:00,404 [main] INFO  server.RaftServer (ConfUtils.java:logGet(46)) - raft.rpc.type = GRPC (default)
2024-07-25 11:29:00,405 [main] INFO  grpc.GrpcConfigKeys (ConfUtils.java:logFallback(53)) - raft.grpc.admin.host = null (fallback to raft.grpc.server.host)
2024-07-25 11:29:00,406 [main] INFO  grpc.GrpcConfigKeys (ConfUtils.java:logGet(46)) - raft.grpc.admin.port = 15022 (custom)
2024-07-25 11:29:00,406 [main] INFO  grpc.GrpcConfigKeys (ConfUtils.java:logFallback(53)) - raft.grpc.client.host = null (fallback to raft.grpc.server.host)
2024-07-25 11:29:00,407 [main] INFO  grpc.GrpcConfigKeys (ConfUtils.java:logGet(46)) - raft.grpc.client.port = 15021 (custom)
2024-07-25 11:29:00,408 [main] INFO  grpc.GrpcConfigKeys (ConfUtils.java:logGet(46)) - raft.grpc.server.host = null (default)
2024-07-25 11:29:00,408 [main] INFO  grpc.GrpcConfigKeys (ConfUtils.java:logGet(46)) - raft.grpc.server.port = 15023 (custom)
2024-07-25 11:29:00,409 [main] INFO  server.GrpcService (ConfUtils.java:logGet(46)) - raft.grpc.message.size.max = 32MB (=33554432) (custom)
2024-07-25 11:29:00,409 [main] INFO  server.RaftServerConfigKeys (ConfUtils.java:logGet(46)) - raft.server.log.appender.buffer.byte-limit = 8388608 (custom)
2024-07-25 11:29:00,410 [main] INFO  server.GrpcService (ConfUtils.java:logGet(46)) - raft.grpc.flow.control.window = 5MB (=5242880) (custom)
2024-07-25 11:29:00,410 [main] INFO  server.RaftServerConfigKeys (ConfUtils.java:logGet(46)) - raft.server.rpc.request.timeout = 60s (custom)
2024-07-25 11:29:00,411 [main] INFO  grpc.GrpcConfigKeys (ConfUtils.java:logGet(46)) - raft.grpc.server.heartbeat.channel = true (default)
2024-07-25 11:29:00,411 [main] INFO  grpc.GrpcConfigKeys (ConfUtils.java:logGet(46)) - raft.grpc.server.async.request.thread.pool.cached = true (default)
2024-07-25 11:29:00,412 [main] INFO  grpc.GrpcConfigKeys (ConfUtils.java:logGet(46)) - raft.grpc.server.async.request.thread.pool.size = 32 (default)
2024-07-25 11:29:00,414 [main] INFO  impl.DataStreamServerImpl (ConfUtils.java:logGet(46)) - raft.datastream.type = NETTY (custom)
2024-07-25 11:29:00,415 [main] INFO  server.RaftServerConfigKeys (ConfUtils.java:logGet(46)) - raft.server.data-stream.async.request.thread.pool.cached = false (default)
2024-07-25 11:29:00,416 [main] INFO  server.RaftServerConfigKeys (ConfUtils.java:logGet(46)) - raft.server.data-stream.async.request.thread.pool.size = 20 (custom)
2024-07-25 11:29:00,416 [main] INFO  server.RaftServerConfigKeys (ConfUtils.java:logGet(46)) - raft.server.data-stream.async.write.thread.pool.size = 16 (default)
2024-07-25 11:29:00,417 [main] INFO  netty.NettyConfigKeys$DataStream (ConfUtils.java:logGet(46)) - raft.netty.dataStream.server.channel.inactive.grace-period = 10min (default)
2024-07-25 11:29:00,417 [main] INFO  server.RaftServerConfigKeys (ConfUtils.java:logGet(46)) - raft.server.data-stream.client.pool.size = 10 (default)
2024-07-25 11:29:00,418 [main] INFO  netty.NettyConfigKeys$DataStream (ConfUtils.java:logGet(46)) - raft.netty.dataStream.server.use-epoll = true (default)
2024-07-25 11:29:00,419 [main] INFO  netty.NettyConfigKeys$DataStream (ConfUtils.java:logGet(46)) - raft.netty.dataStream.server.boss-group.size = 0 (default)
2024-07-25 11:29:00,419 [main] INFO  netty.NettyUtils (NettyUtils.java:newEventLoopGroup(74)) - Create EpollEventLoopGroup for a2876ff0-d178-48ae-a6b6-bf6963d4710d-NettyServerStreamRpc-bossGroup; Thread size is 0.
2024-07-25 11:29:00,420 [main] INFO  netty.NettyConfigKeys$DataStream (ConfUtils.java:logGet(46)) - raft.netty.dataStream.server.worker-group.size = 0 (default)
2024-07-25 11:29:00,421 [main] INFO  netty.NettyUtils (NettyUtils.java:newEventLoopGroup(74)) - Create EpollEventLoopGroup for a2876ff0-d178-48ae-a6b6-bf6963d4710d-NettyServerStreamRpc-workerGroup; Thread size is 0.
2024-07-25 11:29:00,422 [main] INFO  netty.NettyConfigKeys$DataStream (ConfUtils.java:logGet(46)) - raft.netty.dataStream.server.tls.conf = null (default)
2024-07-25 11:29:00,423 [main] INFO  netty.NettyConfigKeys$DataStream (ConfUtils.java:logGet(46)) - raft.netty.dataStream.host = null (default)
2024-07-25 11:29:00,423 [main] INFO  netty.NettyConfigKeys$DataStream (ConfUtils.java:logGet(46)) - raft.netty.dataStream.port = 15024 (custom)
2024-07-25 11:29:00,426 [main] INFO  server.RaftServerConfigKeys (ConfUtils.java:logGet(46)) - raft.server.sleep.deviation.threshold = 300ms (default)
2024-07-25 11:29:00,426 [main] INFO  server.RaftServerConfigKeys (ConfUtils.java:logGet(46)) - raft.server.close.threshold = 60s (default)
2024-07-25 11:29:00,426 [main] INFO  server.RaftServerConfigKeys (ConfUtils.java:logGet(46)) - raft.server.leaderelection.leader.step-down.wait-time = 10s (default)
2024-07-25 11:29:00,427 [main] INFO  server.RaftServerConfigKeys (ConfUtils.java:logGet(46)) - raft.server.storage.dir = [/home/runner/work/ozone/ozone/hadoop-ozone/integration-test/target/test-dir/MiniOzoneClusterImpl-1f81da03-70dc-44ad-8558-5c969ee5b37a/ozone-meta/datanode-2/ratis] (custom)
2024-07-25 11:29:00,427 [main] INFO  server.RaftServerConfigKeys (ConfUtils.java:logGet(46)) - raft.server.threadpool.proxy.cached = true (default)
2024-07-25 11:29:00,427 [main] INFO  server.RaftServerConfigKeys (ConfUtils.java:logGet(46)) - raft.server.threadpool.proxy.size = 0 (default)
2024-07-25 11:29:00,428 [a2876ff0-d178-48ae-a6b6-bf6963d4710d-impl-thread1] INFO  server.RaftServer (RaftServerProxy.java:initGroupDir(266)) - a2876ff0-d178-48ae-a6b6-bf6963d4710d: found a subdirectory /home/runner/work/ozone/ozone/hadoop-ozone/integration-test/target/test-dir/MiniOzoneClusterImpl-1f81da03-70dc-44ad-8558-5c969ee5b37a/ozone-meta/datanode-2/ratis/tmp
2024-07-25 11:29:00,428 [a2876ff0-d178-48ae-a6b6-bf6963d4710d-impl-thread1] INFO  server.RaftServer (RaftServerProxy.java:initGroupDir(271)) - a2876ff0-d178-48ae-a6b6-bf6963d4710d: The directory /home/runner/work/ozone/ozone/hadoop-ozone/integration-test/target/test-dir/MiniOzoneClusterImpl-1f81da03-70dc-44ad-8558-5c969ee5b37a/ozone-meta/datanode-2/ratis/tmp is not a group directory; ignoring it. 
2024-07-25 11:29:00,429 [main] INFO  replication.ReplicationServer (ReplicationServer.java:<init>(86)) - Initializing replication server with thread count = 10 queue length = 4096
2024-07-25 11:29:00,431 [main] INFO  server.XceiverServerGrpc (XceiverServerGrpc.java:<init>(141)) - GrpcServer channel type EpollServerSocketChannel
2024-07-25 11:29:00,433 [main] INFO  replication.ReplicationSupervisor (ReplicationSupervisor.java:build(157)) - Initializing replication supervisor with thread count = 10
2024-07-25 11:29:00,433 [main] INFO  replication.ReplicationSupervisor (ReplicationSupervisor.java:nodeStateUpdated(312)) - Node state updated to IN_SERVICE, scaling executor pool size to 10
2024-07-25 11:29:00,436 [a2876ff0-d178-48ae-a6b6-bf6963d4710d-NettyServerStreamRpc-bossGroup--thread1] INFO  logging.LoggingHandler (AbstractInternalLogger.java:log(148)) - [id: 0x70ebee21] REGISTERED
2024-07-25 11:29:00,436 [a2876ff0-d178-48ae-a6b6-bf6963d4710d-NettyServerStreamRpc-bossGroup--thread1] INFO  logging.LoggingHandler (AbstractInternalLogger.java:log(148)) - [id: 0x70ebee21] BIND: 0.0.0.0/0.0.0.0:15024
2024-07-25 11:29:00,436 [a2876ff0-d178-48ae-a6b6-bf6963d4710d-NettyServerStreamRpc-bossGroup--thread1] INFO  logging.LoggingHandler (AbstractInternalLogger.java:log(148)) - [id: 0x70ebee21, L:/0.0.0.0:15024] ACTIVE
2024-07-25 11:29:00,441 [main] INFO  http.BaseHttpServer (BaseHttpServer.java:newHttpServer2BuilderForOzone(223)) - Starting Web-server for hddsDatanode at: http://0.0.0.0:15018
2024-07-25 11:29:00,441 [main] INFO  http.BaseHttpServer (BaseHttpServer.java:<init>(110)) - Hadoop Security Enabled: false Ozone Security Enabled: false Ozone HTTP Security Enabled: false 
2024-07-25 11:29:00,443 [main] WARN  server.AuthenticationFilter (AuthenticationFilter.java:constructSecretProvider(240)) - Unable to initialize FileSignerSecretProvider, falling back to use random secrets. Reason: Could not read signature secret file: /home/runner/hadoop-http-auth-signature-secret
2024-07-25 11:29:00,446 [main] INFO  http.HttpRequestLog (HttpRequestLog.java:getRequestLog(86)) - Http request log for http.requests.hddsDatanode is not defined
2024-07-25 11:29:00,447 [main] INFO  http.HttpServer2 (HttpServer2.java:addGlobalFilter(1035)) - Added global filter 'safety' (class=org.apache.hadoop.hdds.server.http.HttpServer2$QuotingInputFilter)
2024-07-25 11:29:00,449 [main] INFO  http.HttpServer2 (HttpServer2.java:addFilter(1011)) - Added filter static_user_filter (class=org.apache.hadoop.http.lib.StaticUserWebFilter$StaticUserFilter) to context hddsDatanode
2024-07-25 11:29:00,449 [main] INFO  http.HttpServer2 (HttpServer2.java:addFilter(1019)) - Added filter static_user_filter (class=org.apache.hadoop.http.lib.StaticUserWebFilter$StaticUserFilter) to context static
2024-07-25 11:29:00,449 [main] INFO  http.HttpServer2 (HttpServer2.java:addFilter(1019)) - Added filter static_user_filter (class=org.apache.hadoop.http.lib.StaticUserWebFilter$StaticUserFilter) to context logs
2024-07-25 11:29:00,452 [main] INFO  http.BaseHttpServer (BaseHttpServer.java:<init>(189)) - HTTP server of hddsDatanode uses base directory /home/runner/work/ozone/ozone/hadoop-ozone/integration-test/target/test-dir/MiniOzoneClusterImpl-1f81da03-70dc-44ad-8558-5c969ee5b37a/ozone-meta/datanode-2/meta/webserver
2024-07-25 11:29:00,453 [main] INFO  http.HttpServer2 (HttpServer2.java:bindListener(1235)) - Jetty bound to port 15018
2024-07-25 11:29:00,453 [main] INFO  server.Server (Server.java:doStart(375)) - jetty-9.4.55.v20240627; built: 2024-06-27T15:05:37.765Z; git: 70015831e5195ba74da6383c4ab7c90c56bb08af; jvm 17.0.11+9
2024-07-25 11:29:00,467 [e7fccb5b-6f4b-4a5d-93b5-abfcbb2ccb85-DatanodeStateMachineTaskThread-0] INFO  datanode.InitDatanodeState (InitDatanodeState.java:persistContainerDatanodeDetails(139)) - DatanodeDetails is persisted to /home/runner/work/ozone/ozone/hadoop-ozone/integration-test/target/test-dir/MiniOzoneClusterImpl-1f81da03-70dc-44ad-8558-5c969ee5b37a/ozone-meta/datanode-1/meta/datanode.id
2024-07-25 11:29:00,470 [main] INFO  server.session (DefaultSessionIdManager.java:doStart(334)) - DefaultSessionIdManager workerName=node0
2024-07-25 11:29:00,470 [main] INFO  server.session (DefaultSessionIdManager.java:doStart(339)) - No SessionScavenger set, using defaults
2024-07-25 11:29:00,470 [main] INFO  server.session (HouseKeeper.java:startScavenging(132)) - node0 Scavenging every 660000ms
2024-07-25 11:29:00,474 [main] INFO  handler.ContextHandler (ContextHandler.java:doStart(921)) - Started o.e.j.s.ServletContextHandler@1a7186ef{logs,/logs,file:///home/runner/work/ozone/ozone/hadoop-ozone/integration-test/target/log,AVAILABLE}
2024-07-25 11:29:00,474 [main] INFO  handler.ContextHandler (ContextHandler.java:doStart(921)) - Started o.e.j.s.ServletContextHandler@1227013b{static,/static,jar:file:/home/runner/work/ozone/ozone/hadoop-hdds/container-service/target/hdds-container-service-1.5.0-SNAPSHOT.jar!/webapps/static,AVAILABLE}
2024-07-25 11:29:00,642 [om1@group-C5BA1605619E-FollowerState] INFO  impl.FollowerState (FollowerState.java:run(144)) - om1@group-C5BA1605619E-FollowerState: change to CANDIDATE, lastRpcElapsedTime:1130406272ns, electionTimeout:1124ms
2024-07-25 11:29:00,642 [om1@group-C5BA1605619E-FollowerState] INFO  impl.RoleInfo (RoleInfo.java:shutdownFollowerState(119)) - om1: shutdown om1@group-C5BA1605619E-FollowerState
2024-07-25 11:29:00,643 [om1@group-C5BA1605619E-FollowerState] INFO  server.RaftServer$Division (RaftServerImpl.java:setRole(376)) - om1@group-C5BA1605619E: changes role from  FOLLOWER to CANDIDATE at term 0 for changeToCandidate
2024-07-25 11:29:00,645 [om1@group-C5BA1605619E-FollowerState] INFO  server.RaftServerConfigKeys (ConfUtils.java:logGet(46)) - raft.server.leaderelection.pre-vote = true (default)
2024-07-25 11:29:00,646 [om1@group-C5BA1605619E-FollowerState] INFO  impl.RoleInfo (RoleInfo.java:updateAndGet(148)) - om1: start om1@group-C5BA1605619E-LeaderElection1
2024-07-25 11:29:00,648 [om1@group-C5BA1605619E-LeaderElection1] INFO  impl.LeaderElection (LeaderElection.java:askForVotes(321)) - om1@group-C5BA1605619E-LeaderElection1 PRE_VOTE round 0: submit vote requests at term 0 for conf: {index: -1, cur=peers:[om1|localhost:15007]|listeners:[], old=null}
2024-07-25 11:29:00,649 [om1@group-C5BA1605619E-LeaderElection1] INFO  impl.LeaderElection (LeaderElection.java:askForVotes(323)) - om1@group-C5BA1605619E-LeaderElection1 PRE_VOTE round 0: result PASSED (term=0)
2024-07-25 11:29:00,652 [om1@group-C5BA1605619E-LeaderElection1] INFO  impl.LeaderElection (LeaderElection.java:askForVotes(321)) - om1@group-C5BA1605619E-LeaderElection1 ELECTION round 0: submit vote requests at term 1 for conf: {index: -1, cur=peers:[om1|localhost:15007]|listeners:[], old=null}
2024-07-25 11:29:00,652 [om1@group-C5BA1605619E-LeaderElection1] INFO  impl.LeaderElection (LeaderElection.java:askForVotes(323)) - om1@group-C5BA1605619E-LeaderElection1 ELECTION round 0: result PASSED (term=1)
2024-07-25 11:29:00,652 [om1@group-C5BA1605619E-LeaderElection1] INFO  impl.RoleInfo (RoleInfo.java:shutdownLeaderElection(139)) - om1: shutdown om1@group-C5BA1605619E-LeaderElection1
2024-07-25 11:29:00,653 [om1@group-C5BA1605619E-LeaderElection1] INFO  server.RaftServer$Division (RaftServerImpl.java:setRole(376)) - om1@group-C5BA1605619E: changes role from CANDIDATE to LEADER at term 1 for changeToLeader
2024-07-25 11:29:00,657 [om1@group-C5BA1605619E-LeaderElection1] INFO  server.RaftServerConfigKeys (ConfUtils.java:logGet(46)) - raft.server.staging.catchup.gap = 1000 (default)
2024-07-25 11:29:00,660 [om1@group-C5BA1605619E-LeaderElection1] INFO  server.RaftServerConfigKeys (ConfUtils.java:logGet(46)) - raft.server.write.element-limit = 4096 (default)
2024-07-25 11:29:00,661 [om1@group-C5BA1605619E-LeaderElection1] INFO  server.RaftServerConfigKeys (ConfUtils.java:logGet(46)) - raft.server.write.byte-limit = 64MB (=67108864) (default)
2024-07-25 11:29:00,665 [om1@group-C5BA1605619E-LeaderElection1] INFO  server.RaftServerConfigKeys (ConfUtils.java:logGet(46)) - raft.server.watch.timeout = 10s (default)
2024-07-25 11:29:00,666 [om1@group-C5BA1605619E-LeaderElection1] INFO  server.RaftServerConfigKeys (ConfUtils.java:logGet(46)) - raft.server.watch.timeout.denomination = 1s (default)
2024-07-25 11:29:00,666 [om1@group-C5BA1605619E-LeaderElection1] INFO  server.RaftServerConfigKeys (ConfUtils.java:logGet(46)) - raft.server.watch.element-limit = 65536 (default)
2024-07-25 11:29:00,671 [om1@group-C5BA1605619E-LeaderElection1] INFO  server.RaftServerConfigKeys (ConfUtils.java:logGet(46)) - raft.server.read.leader.lease.enabled = false (default)
2024-07-25 11:29:00,673 [om1@group-C5BA1605619E-LeaderElection1] INFO  server.RaftServerConfigKeys (ConfUtils.java:logGet(46)) - raft.server.read.leader.lease.timeout.ratio = 0.9 (default)
2024-07-25 11:29:00,673 [om1@group-C5BA1605619E-LeaderElection1] INFO  server.RaftServerConfigKeys (ConfUtils.java:logGet(46)) - raft.server.rpc.timeout.min = 1s (custom)
2024-07-25 11:29:00,673 [om1@group-C5BA1605619E-LeaderElection1] INFO  server.RaftServerConfigKeys (ConfUtils.java:logGet(46)) - raft.server.log.log-metadata.enabled = true (default)
2024-07-25 11:29:00,674 [om1@group-C5BA1605619E-LeaderElection1] INFO  server.RaftServerConfigKeys (ConfUtils.java:logGet(46)) - raft.server.write.element-limit = 4096 (default)
2024-07-25 11:29:00,674 [om1@group-C5BA1605619E-LeaderElection1] INFO  server.RaftServerConfigKeys (ConfUtils.java:logGet(46)) - raft.server.write.follower.gap.ratio.max = -1.0 (default)
2024-07-25 11:29:00,676 [om1@group-C5BA1605619E-LeaderElection1] INFO  impl.RoleInfo (RoleInfo.java:updateAndGet(148)) - om1: start om1@group-C5BA1605619E-LeaderStateImpl
2024-07-25 11:29:00,676 [om1@group-C5BA1605619E-LeaderElection1] INFO  server.RaftServer$Division (RaftServerImpl.java:setFirstElection(549)) - om1@group-C5BA1605619E: set firstElectionSinceStartup to false for becomeLeader
2024-07-25 11:29:00,680 [om1@group-C5BA1605619E-LeaderElection1] INFO  server.RaftServer$Division (ServerState.java:setLeader(272)) - om1@group-C5BA1605619E: change Leader from null to om1 at term 1 for becomeLeader, leader elected after 2247ms
2024-07-25 11:29:00,695 [main] INFO  handler.ContextHandler (ContextHandler.java:doStart(921)) - Started o.e.j.w.WebAppContext@3ce524a8{hddsDatanode,/,file:///home/runner/work/ozone/ozone/hadoop-ozone/integration-test/target/test-dir/MiniOzoneClusterImpl-1f81da03-70dc-44ad-8558-5c969ee5b37a/ozone-meta/datanode-2/meta/webserver/jetty-0_0_0_0-15018-hdds-container-service-1_5_0-SNAPSHOT_jar-_-any-5808882990058137145/webapp/,AVAILABLE}{jar:file:/home/runner/work/ozone/ozone/hadoop-hdds/container-service/target/hdds-container-service-1.5.0-SNAPSHOT.jar!/webapps/hddsDatanode}
2024-07-25 11:29:00,696 [main] INFO  server.AbstractConnector (AbstractConnector.java:doStart(333)) - Started ServerConnector@4eb168a1{HTTP/1.1, (http/1.1)}{0.0.0.0:15018}
2024-07-25 11:29:00,697 [main] INFO  server.Server (Server.java:doStart(415)) - Started @7518ms
2024-07-25 11:29:00,697 [main] WARN  impl.MetricsSystemImpl (MetricsSystemImpl.java:register(279)) - Sink prometheus already exists!
2024-07-25 11:29:00,701 [main] INFO  http.BaseHttpServer (BaseHttpServer.java:updateConnectorAddress(354)) - HTTP server of hddsDatanode listening at http://0.0.0.0:15018
2024-07-25 11:29:00,702 [main] INFO  ipc.CallQueueManager (CallQueueManager.java:<init>(90)) - Using callQueue: class java.util.concurrent.LinkedBlockingQueue, queueCapacity: 100, scheduler: class org.apache.hadoop.ipc.DefaultRpcScheduler, ipcBackoff: false.
2024-07-25 11:29:00,702 [main] INFO  ipc.Server (Server.java:<init>(1287)) - Listener at 0.0.0.0:15019
2024-07-25 11:29:00,704 [Socket Reader #1 for port 15019] INFO  ipc.Server (Server.java:run(1323)) - Starting Socket Reader #1 for port 15019
2024-07-25 11:29:00,710 [main] INFO  ozone.HddsDatanodeService (HddsDatanodeService.java:start(320)) - Datanode start with admins: [runner]
2024-07-25 11:29:00,710 [main] INFO  ozone.HddsDatanodeClientProtocolServer (HddsDatanodeClientProtocolServer.java:start(77)) - RPC server for Client /0.0.0.0:15019
2024-07-25 11:29:00,711 [om1@group-C5BA1605619E-LeaderElection1] INFO  segmented.SegmentedRaftLogWorker (SegmentedRaftLogWorker.java:startLogSegment(433)) - om1@group-C5BA1605619E-SegmentedRaftLogWorker: Starting segment from index:0
2024-07-25 11:29:00,714 [IPC Server Responder] INFO  ipc.Server (Server.java:run(1562)) - IPC Server Responder: starting
2024-07-25 11:29:00,716 [IPC Server listener on 15019] INFO  ipc.Server (Server.java:run(1402)) - IPC Server listener on 15019: starting
2024-07-25 11:29:00,724 [main] WARN  dropwizard3.Dm3MetricRegistriesImpl (Dm3MetricRegistriesImpl.java:addReporterRegistration(114)) - New reporters are added after registries were created. Some metrics will be missing from the reporter. Please add reporter before adding any new registry.
2024-07-25 11:29:00,725 [main] WARN  dropwizard3.Dm3MetricRegistriesImpl (Dm3MetricRegistriesImpl.java:addReporterRegistration(114)) - New reporters are added after registries were created. Some metrics will be missing from the reporter. Please add reporter before adding any new registry.
2024-07-25 11:29:00,725 [main] INFO  impl.MetricsSystemImpl (MetricsSystemImpl.java:init(158)) - HddsDatanode metrics system started (again)
2024-07-25 11:29:00,728 [om1@group-C5BA1605619E-LeaderElection1] INFO  server.RaftServer$Division (ServerState.java:setRaftConf(386)) - om1@group-C5BA1605619E: set configuration conf: {index: 0, cur=peers:[om1|localhost:15007]|listeners:[], old=null}
2024-07-25 11:29:00,732 [a2876ff0-d178-48ae-a6b6-bf6963d4710d-DatanodeStateMachineDaemonThread] INFO  statemachine.DatanodeStateMachine (DatanodeStateMachine.java:lambda$startDaemon$1(545)) - Ozone container server started.
2024-07-25 11:29:00,733 [om1@group-C5BA1605619E-SegmentedRaftLogWorker] INFO  segmented.BufferedWriteChannel (BufferedWriteChannel.java:open(61)) - open log_inprogress_0 at position 0
2024-07-25 11:29:00,738 [main] INFO  ozone.HddsDatanodeService (HddsDatanodeService.java:start(236)) - HddsDatanodeService host:fv-az1436-131.rp122gijlobebpuychzvuh3j3h.bx.internal.cloudapp.net ip:10.1.0.100
2024-07-25 11:29:00,744 [main] INFO  upgrade.AbstractLayoutVersionManager (AbstractLayoutVersionManager.java:init(83)) - Initializing Layout version manager with metadata layout = HADOOP_PRC_PORTS_IN_DATANODEDETAILS (version = 7), software layout = HADOOP_PRC_PORTS_IN_DATANODEDETAILS (version = 7)
2024-07-25 11:29:00,745 [main] INFO  statemachine.DatanodeStateMachine (DatanodeStateMachine.java:getEndPointTaskThreadPoolSize(293)) - Datanode State Machine Task Thread Pool size 2
2024-07-25 11:29:00,746 [om1@group-C5BA1605619E-SegmentedRaftLogWorker] INFO  segmented.SegmentedRaftLogWorker (SegmentedRaftLogWorker.java:execute(637)) - om1@group-C5BA1605619E-SegmentedRaftLogWorker: created new log segment /home/runner/work/ozone/ozone/hadoop-ozone/integration-test/target/test-dir/MiniOzoneClusterImpl-1f81da03-70dc-44ad-8558-5c969ee5b37a/ozone-meta/ratis/bf265839-605b-3f16-9796-c5ba1605619e/current/log_inprogress_0
2024-07-25 11:29:00,752 [a2876ff0-d178-48ae-a6b6-bf6963d4710d-DatanodeStateMachineTaskThread-0] INFO  datanode.InitDatanodeState (InitDatanodeState.java:persistContainerDatanodeDetails(139)) - DatanodeDetails is persisted to /home/runner/work/ozone/ozone/hadoop-ozone/integration-test/target/test-dir/MiniOzoneClusterImpl-1f81da03-70dc-44ad-8558-5c969ee5b37a/ozone-meta/datanode-2/meta/datanode.id
2024-07-25 11:29:00,756 [main] INFO  volume.HddsVolume (HddsVolume.java:<init>(126)) - Creating HddsVolume: /home/runner/work/ozone/ozone/hadoop-ozone/integration-test/target/test-dir/MiniOzoneClusterImpl-1f81da03-70dc-44ad-8558-5c969ee5b37a/ozone-meta/datanode-3/data-0/hdds of storage type : DISK capacity : 9222449699674390527
2024-07-25 11:29:00,756 [main] INFO  volume.MutableVolumeSet (MutableVolumeSet.java:initializeVolumeSet(173)) - Added Volume : /home/runner/work/ozone/ozone/hadoop-ozone/integration-test/target/test-dir/MiniOzoneClusterImpl-1f81da03-70dc-44ad-8558-5c969ee5b37a/ozone-meta/datanode-3/data-0/hdds to VolumeSet
2024-07-25 11:29:00,758 [main] INFO  volume.MutableVolumeSet (MutableVolumeSet.java:initializeVolumeSet(173)) - Added Volume : /home/runner/work/ozone/ozone/hadoop-ozone/integration-test/target/test-dir/MiniOzoneClusterImpl-1f81da03-70dc-44ad-8558-5c969ee5b37a/ozone-meta/datanode-3/ratis to VolumeSet
2024-07-25 11:29:00,759 [main] INFO  ozoneimpl.OzoneContainer (HddsVolumeUtil.java:loadAllHddsVolumeDbStore(103)) - Load 1 volumes DbStore cost: 0ms
2024-07-25 11:29:00,763 [main] INFO  server.RaftServer (ConfUtils.java:logGet(46)) - raft.rpc.type = GRPC (default)
2024-07-25 11:29:00,763 [main] INFO  grpc.GrpcConfigKeys (ConfUtils.java:logFallback(53)) - raft.grpc.admin.host = null (fallback to raft.grpc.server.host)
2024-07-25 11:29:00,764 [main] INFO  grpc.GrpcConfigKeys (ConfUtils.java:logGet(46)) - raft.grpc.admin.port = 15031 (custom)
2024-07-25 11:29:00,764 [main] INFO  grpc.GrpcConfigKeys (ConfUtils.java:logFallback(53)) - raft.grpc.client.host = null (fallback to raft.grpc.server.host)
2024-07-25 11:29:00,764 [main] INFO  grpc.GrpcConfigKeys (ConfUtils.java:logGet(46)) - raft.grpc.client.port = 15030 (custom)
2024-07-25 11:29:00,764 [main] INFO  grpc.GrpcConfigKeys (ConfUtils.java:logGet(46)) - raft.grpc.server.host = null (default)
2024-07-25 11:29:00,764 [main] INFO  grpc.GrpcConfigKeys (ConfUtils.java:logGet(46)) - raft.grpc.server.port = 15032 (custom)
2024-07-25 11:29:00,764 [main] INFO  server.GrpcService (ConfUtils.java:logGet(46)) - raft.grpc.message.size.max = 32MB (=33554432) (custom)
2024-07-25 11:29:00,764 [main] INFO  server.RaftServerConfigKeys (ConfUtils.java:logGet(46)) - raft.server.log.appender.buffer.byte-limit = 8388608 (custom)
2024-07-25 11:29:00,765 [main] INFO  server.GrpcService (ConfUtils.java:logGet(46)) - raft.grpc.flow.control.window = 5MB (=5242880) (custom)
2024-07-25 11:29:00,765 [main] INFO  server.RaftServerConfigKeys (ConfUtils.java:logGet(46)) - raft.server.rpc.request.timeout = 60s (custom)
2024-07-25 11:29:00,765 [main] INFO  grpc.GrpcConfigKeys (ConfUtils.java:logGet(46)) - raft.grpc.server.heartbeat.channel = true (default)
2024-07-25 11:29:00,765 [main] INFO  grpc.GrpcConfigKeys (ConfUtils.java:logGet(46)) - raft.grpc.server.async.request.thread.pool.cached = true (default)
2024-07-25 11:29:00,765 [main] INFO  grpc.GrpcConfigKeys (ConfUtils.java:logGet(46)) - raft.grpc.server.async.request.thread.pool.size = 32 (default)
2024-07-25 11:29:00,767 [main] INFO  impl.DataStreamServerImpl (ConfUtils.java:logGet(46)) - raft.datastream.type = NETTY (custom)
2024-07-25 11:29:00,767 [main] INFO  server.RaftServerConfigKeys (ConfUtils.java:logGet(46)) - raft.server.data-stream.async.request.thread.pool.cached = false (default)
2024-07-25 11:29:00,767 [main] INFO  server.RaftServerConfigKeys (ConfUtils.java:logGet(46)) - raft.server.data-stream.async.request.thread.pool.size = 20 (custom)
2024-07-25 11:29:00,768 [main] INFO  server.RaftServerConfigKeys (ConfUtils.java:logGet(46)) - raft.server.data-stream.async.write.thread.pool.size = 16 (default)
2024-07-25 11:29:00,768 [main] INFO  netty.NettyConfigKeys$DataStream (ConfUtils.java:logGet(46)) - raft.netty.dataStream.server.channel.inactive.grace-period = 10min (default)
2024-07-25 11:29:00,768 [main] INFO  server.RaftServerConfigKeys (ConfUtils.java:logGet(46)) - raft.server.data-stream.client.pool.size = 10 (default)
2024-07-25 11:29:00,768 [main] INFO  netty.NettyConfigKeys$DataStream (ConfUtils.java:logGet(46)) - raft.netty.dataStream.server.use-epoll = true (default)
2024-07-25 11:29:00,768 [main] INFO  netty.NettyConfigKeys$DataStream (ConfUtils.java:logGet(46)) - raft.netty.dataStream.server.boss-group.size = 0 (default)
2024-07-25 11:29:00,768 [main] INFO  netty.NettyUtils (NettyUtils.java:newEventLoopGroup(74)) - Create EpollEventLoopGroup for 4f6a4ba8-7237-4720-8e71-4cf4f347a525-NettyServerStreamRpc-bossGroup; Thread size is 0.
2024-07-25 11:29:00,769 [main] INFO  netty.NettyConfigKeys$DataStream (ConfUtils.java:logGet(46)) - raft.netty.dataStream.server.worker-group.size = 0 (default)
2024-07-25 11:29:00,769 [main] INFO  netty.NettyUtils (NettyUtils.java:newEventLoopGroup(74)) - Create EpollEventLoopGroup for 4f6a4ba8-7237-4720-8e71-4cf4f347a525-NettyServerStreamRpc-workerGroup; Thread size is 0.
2024-07-25 11:29:00,773 [main] INFO  netty.NettyConfigKeys$DataStream (ConfUtils.java:logGet(46)) - raft.netty.dataStream.server.tls.conf = null (default)
2024-07-25 11:29:00,773 [main] INFO  netty.NettyConfigKeys$DataStream (ConfUtils.java:logGet(46)) - raft.netty.dataStream.host = null (default)
2024-07-25 11:29:00,773 [main] INFO  netty.NettyConfigKeys$DataStream (ConfUtils.java:logGet(46)) - raft.netty.dataStream.port = 15033 (custom)
2024-07-25 11:29:00,777 [main] INFO  server.RaftServerConfigKeys (ConfUtils.java:logGet(46)) - raft.server.sleep.deviation.threshold = 300ms (default)
2024-07-25 11:29:00,778 [main] INFO  server.RaftServerConfigKeys (ConfUtils.java:logGet(46)) - raft.server.close.threshold = 60s (default)
2024-07-25 11:29:00,778 [main] INFO  server.RaftServerConfigKeys (ConfUtils.java:logGet(46)) - raft.server.leaderelection.leader.step-down.wait-time = 10s (default)
2024-07-25 11:29:00,778 [main] INFO  server.RaftServerConfigKeys (ConfUtils.java:logGet(46)) - raft.server.storage.dir = [/home/runner/work/ozone/ozone/hadoop-ozone/integration-test/target/test-dir/MiniOzoneClusterImpl-1f81da03-70dc-44ad-8558-5c969ee5b37a/ozone-meta/datanode-3/ratis] (custom)
2024-07-25 11:29:00,778 [main] INFO  server.RaftServerConfigKeys (ConfUtils.java:logGet(46)) - raft.server.threadpool.proxy.cached = true (default)
2024-07-25 11:29:00,778 [main] INFO  server.RaftServerConfigKeys (ConfUtils.java:logGet(46)) - raft.server.threadpool.proxy.size = 0 (default)
2024-07-25 11:29:00,779 [4f6a4ba8-7237-4720-8e71-4cf4f347a525-impl-thread1] INFO  server.RaftServer (RaftServerProxy.java:initGroupDir(266)) - 4f6a4ba8-7237-4720-8e71-4cf4f347a525: found a subdirectory /home/runner/work/ozone/ozone/hadoop-ozone/integration-test/target/test-dir/MiniOzoneClusterImpl-1f81da03-70dc-44ad-8558-5c969ee5b37a/ozone-meta/datanode-3/ratis/tmp
2024-07-25 11:29:00,779 [4f6a4ba8-7237-4720-8e71-4cf4f347a525-impl-thread1] INFO  server.RaftServer (RaftServerProxy.java:initGroupDir(271)) - 4f6a4ba8-7237-4720-8e71-4cf4f347a525: The directory /home/runner/work/ozone/ozone/hadoop-ozone/integration-test/target/test-dir/MiniOzoneClusterImpl-1f81da03-70dc-44ad-8558-5c969ee5b37a/ozone-meta/datanode-3/ratis/tmp is not a group directory; ignoring it. 
2024-07-25 11:29:00,780 [main] INFO  replication.ReplicationServer (ReplicationServer.java:<init>(86)) - Initializing replication server with thread count = 10 queue length = 4096
2024-07-25 11:29:00,779 [4f6a4ba8-7237-4720-8e71-4cf4f347a525-NettyServerStreamRpc-bossGroup--thread1] INFO  logging.LoggingHandler (AbstractInternalLogger.java:log(148)) - [id: 0x091d988c] REGISTERED
2024-07-25 11:29:00,784 [main] INFO  server.XceiverServerGrpc (XceiverServerGrpc.java:<init>(141)) - GrpcServer channel type EpollServerSocketChannel
2024-07-25 11:29:00,784 [4f6a4ba8-7237-4720-8e71-4cf4f347a525-NettyServerStreamRpc-bossGroup--thread1] INFO  logging.LoggingHandler (AbstractInternalLogger.java:log(148)) - [id: 0x091d988c] BIND: 0.0.0.0/0.0.0.0:15033
2024-07-25 11:29:00,787 [4f6a4ba8-7237-4720-8e71-4cf4f347a525-NettyServerStreamRpc-bossGroup--thread1] INFO  logging.LoggingHandler (AbstractInternalLogger.java:log(148)) - [id: 0x091d988c, L:/0.0.0.0:15033] ACTIVE
2024-07-25 11:29:00,792 [main] INFO  replication.ReplicationSupervisor (ReplicationSupervisor.java:build(157)) - Initializing replication supervisor with thread count = 10
2024-07-25 11:29:00,795 [main] INFO  replication.ReplicationSupervisor (ReplicationSupervisor.java:nodeStateUpdated(312)) - Node state updated to IN_SERVICE, scaling executor pool size to 10
2024-07-25 11:29:00,803 [main] INFO  http.BaseHttpServer (BaseHttpServer.java:newHttpServer2BuilderForOzone(223)) - Starting Web-server for hddsDatanode at: http://0.0.0.0:15027
2024-07-25 11:29:00,803 [main] INFO  http.BaseHttpServer (BaseHttpServer.java:<init>(110)) - Hadoop Security Enabled: false Ozone Security Enabled: false Ozone HTTP Security Enabled: false 
2024-07-25 11:29:00,805 [main] WARN  server.AuthenticationFilter (AuthenticationFilter.java:constructSecretProvider(240)) - Unable to initialize FileSignerSecretProvider, falling back to use random secrets. Reason: Could not read signature secret file: /home/runner/hadoop-http-auth-signature-secret
2024-07-25 11:29:00,809 [main] INFO  http.HttpRequestLog (HttpRequestLog.java:getRequestLog(86)) - Http request log for http.requests.hddsDatanode is not defined
2024-07-25 11:29:00,811 [main] INFO  http.HttpServer2 (HttpServer2.java:addGlobalFilter(1035)) - Added global filter 'safety' (class=org.apache.hadoop.hdds.server.http.HttpServer2$QuotingInputFilter)
2024-07-25 11:29:00,812 [main] INFO  http.HttpServer2 (HttpServer2.java:addFilter(1011)) - Added filter static_user_filter (class=org.apache.hadoop.http.lib.StaticUserWebFilter$StaticUserFilter) to context hddsDatanode
2024-07-25 11:29:00,812 [main] INFO  http.HttpServer2 (HttpServer2.java:addFilter(1019)) - Added filter static_user_filter (class=org.apache.hadoop.http.lib.StaticUserWebFilter$StaticUserFilter) to context static
2024-07-25 11:29:00,812 [main] INFO  http.HttpServer2 (HttpServer2.java:addFilter(1019)) - Added filter static_user_filter (class=org.apache.hadoop.http.lib.StaticUserWebFilter$StaticUserFilter) to context logs
2024-07-25 11:29:00,813 [main] INFO  http.BaseHttpServer (BaseHttpServer.java:<init>(189)) - HTTP server of hddsDatanode uses base directory /home/runner/work/ozone/ozone/hadoop-ozone/integration-test/target/test-dir/MiniOzoneClusterImpl-1f81da03-70dc-44ad-8558-5c969ee5b37a/ozone-meta/datanode-3/meta/webserver
2024-07-25 11:29:00,813 [main] INFO  http.HttpServer2 (HttpServer2.java:bindListener(1235)) - Jetty bound to port 15027
2024-07-25 11:29:00,814 [main] INFO  server.Server (Server.java:doStart(375)) - jetty-9.4.55.v20240627; built: 2024-06-27T15:05:37.765Z; git: 70015831e5195ba74da6383c4ab7c90c56bb08af; jvm 17.0.11+9
2024-07-25 11:29:00,818 [main] INFO  server.session (DefaultSessionIdManager.java:doStart(334)) - DefaultSessionIdManager workerName=node0
2024-07-25 11:29:00,818 [main] INFO  server.session (DefaultSessionIdManager.java:doStart(339)) - No SessionScavenger set, using defaults
2024-07-25 11:29:00,818 [main] INFO  server.session (HouseKeeper.java:startScavenging(132)) - node0 Scavenging every 660000ms
2024-07-25 11:29:00,819 [main] INFO  handler.ContextHandler (ContextHandler.java:doStart(921)) - Started o.e.j.s.ServletContextHandler@5684d608{logs,/logs,file:///home/runner/work/ozone/ozone/hadoop-ozone/integration-test/target/log,AVAILABLE}
2024-07-25 11:29:00,820 [main] INFO  handler.ContextHandler (ContextHandler.java:doStart(921)) - Started o.e.j.s.ServletContextHandler@6ea4403f{static,/static,jar:file:/home/runner/work/ozone/ozone/hadoop-hdds/container-service/target/hdds-container-service-1.5.0-SNAPSHOT.jar!/webapps/static,AVAILABLE}
2024-07-25 11:29:00,839 [om1@group-C5BA1605619E-StateMachineUpdater] INFO  ratis.OzoneManagerStateMachine (OzoneManagerStateMachine.java:notifyConfigurationChanged(216)) - Received Configuration change notification from Ratis. New Peer list:
[id: "om1"
address: "localhost:15007"
startupRole: FOLLOWER
]
2024-07-25 11:29:00,840 [om1@group-C5BA1605619E-StateMachineUpdater] INFO  server.RaftServer$Division (LeaderStateImpl.java:checkStartIndex(316)) - Leader om1@group-C5BA1605619E-LeaderStateImpl is ready since appliedIndex == startIndex == 0
2024-07-25 11:29:01,024 [main] INFO  handler.ContextHandler (ContextHandler.java:doStart(921)) - Started o.e.j.w.WebAppContext@3479e14e{hddsDatanode,/,file:///home/runner/work/ozone/ozone/hadoop-ozone/integration-test/target/test-dir/MiniOzoneClusterImpl-1f81da03-70dc-44ad-8558-5c969ee5b37a/ozone-meta/datanode-3/meta/webserver/jetty-0_0_0_0-15027-hdds-container-service-1_5_0-SNAPSHOT_jar-_-any-1973536848295174446/webapp/,AVAILABLE}{jar:file:/home/runner/work/ozone/ozone/hadoop-hdds/container-service/target/hdds-container-service-1.5.0-SNAPSHOT.jar!/webapps/hddsDatanode}
2024-07-25 11:29:01,025 [main] INFO  server.AbstractConnector (AbstractConnector.java:doStart(333)) - Started ServerConnector@139d7ced{HTTP/1.1, (http/1.1)}{0.0.0.0:15027}
2024-07-25 11:29:01,025 [main] INFO  server.Server (Server.java:doStart(415)) - Started @7847ms
2024-07-25 11:29:01,025 [main] WARN  impl.MetricsSystemImpl (MetricsSystemImpl.java:register(279)) - Sink prometheus already exists!
2024-07-25 11:29:01,027 [main] INFO  http.BaseHttpServer (BaseHttpServer.java:updateConnectorAddress(354)) - HTTP server of hddsDatanode listening at http://0.0.0.0:15027
2024-07-25 11:29:01,027 [main] INFO  ipc.CallQueueManager (CallQueueManager.java:<init>(90)) - Using callQueue: class java.util.concurrent.LinkedBlockingQueue, queueCapacity: 100, scheduler: class org.apache.hadoop.ipc.DefaultRpcScheduler, ipcBackoff: false.
2024-07-25 11:29:01,028 [main] INFO  ipc.Server (Server.java:<init>(1287)) - Listener at 0.0.0.0:15028
2024-07-25 11:29:01,030 [Socket Reader #1 for port 15028] INFO  ipc.Server (Server.java:run(1323)) - Starting Socket Reader #1 for port 15028
2024-07-25 11:29:01,031 [main] INFO  ozone.HddsDatanodeService (HddsDatanodeService.java:start(320)) - Datanode start with admins: [runner]
2024-07-25 11:29:01,031 [main] INFO  ozone.HddsDatanodeClientProtocolServer (HddsDatanodeClientProtocolServer.java:start(77)) - RPC server for Client /0.0.0.0:15028
2024-07-25 11:29:01,032 [IPC Server Responder] INFO  ipc.Server (Server.java:run(1562)) - IPC Server Responder: starting
2024-07-25 11:29:01,032 [IPC Server listener on 15028] INFO  ipc.Server (Server.java:run(1402)) - IPC Server listener on 15028: starting
2024-07-25 11:29:01,032 [4f6a4ba8-7237-4720-8e71-4cf4f347a525-DatanodeStateMachineDaemonThread] INFO  statemachine.DatanodeStateMachine (DatanodeStateMachine.java:lambda$startDaemon$1(545)) - Ozone container server started.
2024-07-25 11:29:01,034 [main] INFO  ozone.MiniOzoneClusterImpl (MiniOzoneClusterImpl.java:lambda$waitForClusterToBeReady$0(194)) - Waiting for nodes to be ready. Got 0 of 3 DN Heartbeats.
2024-07-25 11:29:01,034 [main] INFO  ozone.MiniOzoneClusterImpl (MiniOzoneClusterImpl.java:lambda$waitForClusterToBeReady$0(197)) - Waiting for cluster to exit safe mode
2024-07-25 11:29:01,034 [main] INFO  ozone.MiniOzoneClusterImpl (MiniOzoneClusterImpl.java:lambda$waitForClusterToBeReady$0(199)) - SCM became leader
2024-07-25 11:29:01,043 [4f6a4ba8-7237-4720-8e71-4cf4f347a525-DatanodeStateMachineTaskThread-0] INFO  datanode.InitDatanodeState (InitDatanodeState.java:persistContainerDatanodeDetails(139)) - DatanodeDetails is persisted to /home/runner/work/ozone/ozone/hadoop-ozone/integration-test/target/test-dir/MiniOzoneClusterImpl-1f81da03-70dc-44ad-8558-5c969ee5b37a/ozone-meta/datanode-3/meta/datanode.id
2024-07-25 11:29:02,034 [main] INFO  ozone.MiniOzoneClusterImpl (MiniOzoneClusterImpl.java:lambda$waitForClusterToBeReady$0(194)) - Waiting for nodes to be ready. Got 0 of 3 DN Heartbeats.
2024-07-25 11:29:02,035 [main] INFO  ozone.MiniOzoneClusterImpl (MiniOzoneClusterImpl.java:lambda$waitForClusterToBeReady$0(197)) - Waiting for cluster to exit safe mode
2024-07-25 11:29:02,035 [main] INFO  ozone.MiniOzoneClusterImpl (MiniOzoneClusterImpl.java:lambda$waitForClusterToBeReady$0(199)) - SCM became leader
2024-07-25 11:29:02,447 [e7fccb5b-6f4b-4a5d-93b5-abfcbb2ccb85-EndpointStateMachineTaskThread-/0.0.0.0:15002-0 ] INFO  utils.DatanodeStoreCache (DatanodeStoreCache.java:addDB(72)) - Added db /home/runner/work/ozone/ozone/hadoop-ozone/integration-test/target/test-dir/MiniOzoneClusterImpl-1f81da03-70dc-44ad-8558-5c969ee5b37a/ozone-meta/datanode-1/data-0/hdds/1f81da03-70dc-44ad-8558-5c969ee5b37a/DS-73cc6363-3fd9-4eee-997e-8848980dabba/container.db to cache
2024-07-25 11:29:02,447 [e7fccb5b-6f4b-4a5d-93b5-abfcbb2ccb85-EndpointStateMachineTaskThread-/0.0.0.0:15002-0 ] INFO  volume.HddsVolume (HddsVolume.java:createDbStore(437)) - SchemaV3 db is created and loaded at /home/runner/work/ozone/ozone/hadoop-ozone/integration-test/target/test-dir/MiniOzoneClusterImpl-1f81da03-70dc-44ad-8558-5c969ee5b37a/ozone-meta/datanode-1/data-0/hdds/1f81da03-70dc-44ad-8558-5c969ee5b37a/DS-73cc6363-3fd9-4eee-997e-8848980dabba/container.db for volume DS-73cc6363-3fd9-4eee-997e-8848980dabba
2024-07-25 11:29:02,455 [e7fccb5b-6f4b-4a5d-93b5-abfcbb2ccb85-ContainerReader-0] INFO  ozoneimpl.ContainerReader (ContainerReader.java:readVolume(148)) - Start to verify containers on volume /home/runner/work/ozone/ozone/hadoop-ozone/integration-test/target/test-dir/MiniOzoneClusterImpl-1f81da03-70dc-44ad-8558-5c969ee5b37a/ozone-meta/datanode-1/data-0/hdds
2024-07-25 11:29:02,456 [e7fccb5b-6f4b-4a5d-93b5-abfcbb2ccb85-ContainerReader-0] INFO  ozoneimpl.ContainerReader (ContainerReader.java:readVolume(178)) - Finish verifying containers on volume /home/runner/work/ozone/ozone/hadoop-ozone/integration-test/target/test-dir/MiniOzoneClusterImpl-1f81da03-70dc-44ad-8558-5c969ee5b37a/ozone-meta/datanode-1/data-0/hdds
2024-07-25 11:29:02,456 [e7fccb5b-6f4b-4a5d-93b5-abfcbb2ccb85-EndpointStateMachineTaskThread-/0.0.0.0:15002-0 ] INFO  ozoneimpl.OzoneContainer (OzoneContainer.java:buildContainerSet(328)) - Build ContainerSet costs 0s
2024-07-25 11:29:02,456 [e7fccb5b-6f4b-4a5d-93b5-abfcbb2ccb85-EndpointStateMachineTaskThread-/0.0.0.0:15002-0 ] INFO  volume.ThrottledAsyncChecker (ThrottledAsyncChecker.java:schedule(141)) - Scheduling a check for /home/runner/work/ozone/ozone/hadoop-ozone/integration-test/target/test-dir/MiniOzoneClusterImpl-1f81da03-70dc-44ad-8558-5c969ee5b37a/ozone-meta/datanode-1/data-0/hdds
2024-07-25 11:29:02,461 [e7fccb5b-6f4b-4a5d-93b5-abfcbb2ccb85-EndpointStateMachineTaskThread-/0.0.0.0:15002-0 ] INFO  volume.StorageVolumeChecker (StorageVolumeChecker.java:checkAllVolumes(218)) - Scheduled health check for volume /home/runner/work/ozone/ozone/hadoop-ozone/integration-test/target/test-dir/MiniOzoneClusterImpl-1f81da03-70dc-44ad-8558-5c969ee5b37a/ozone-meta/datanode-1/data-0/hdds
2024-07-25 11:29:02,465 [e7fccb5b-6f4b-4a5d-93b5-abfcbb2ccb85-EndpointStateMachineTaskThread-/0.0.0.0:15002-0 ] INFO  volume.ThrottledAsyncChecker (ThrottledAsyncChecker.java:schedule(141)) - Scheduling a check for /home/runner/work/ozone/ozone/hadoop-ozone/integration-test/target/test-dir/MiniOzoneClusterImpl-1f81da03-70dc-44ad-8558-5c969ee5b37a/ozone-meta/datanode-1/ratis
2024-07-25 11:29:02,466 [e7fccb5b-6f4b-4a5d-93b5-abfcbb2ccb85-EndpointStateMachineTaskThread-/0.0.0.0:15002-0 ] INFO  volume.StorageVolumeChecker (StorageVolumeChecker.java:checkAllVolumes(218)) - Scheduled health check for volume /home/runner/work/ozone/ozone/hadoop-ozone/integration-test/target/test-dir/MiniOzoneClusterImpl-1f81da03-70dc-44ad-8558-5c969ee5b37a/ozone-meta/datanode-1/ratis
2024-07-25 11:29:02,466 [e7fccb5b-6f4b-4a5d-93b5-abfcbb2ccb85-EndpointStateMachineTaskThread-/0.0.0.0:15002-0 ] INFO  ozoneimpl.OzoneContainer (OzoneContainer.java:start(459)) - Attempting to start container services.
2024-07-25 11:29:02,472 [ContainerMetadataScanner] INFO  ozoneimpl.AbstractBackgroundContainerScanner (AbstractBackgroundContainerScanner.java:runIteration(87)) - Completed an iteration in 0 minutes. Number of iterations (since the data-node restart) : 1, Number of containers scanned in this iteration : 0, Number of unhealthy containers found in this iteration : 0
2024-07-25 11:29:02,474 [e7fccb5b-6f4b-4a5d-93b5-abfcbb2ccb85-EndpointStateMachineTaskThread-/0.0.0.0:15002-0 ] INFO  replication.ReplicationServer (ReplicationServer.java:start(142)) - ReplicationServer is started using port 15016
2024-07-25 11:29:02,474 [ContainerDataScanner(/home/runner/work/ozone/ozone/hadoop-ozone/integration-test/target/test-dir/MiniOzoneClusterImpl-1f81da03-70dc-44ad-8558-5c969ee5b37a/ozone-meta/datanode-1/data-0/hdds)] INFO  ozoneimpl.AbstractBackgroundContainerScanner (AbstractBackgroundContainerScanner.java:runIteration(87)) - Completed an iteration in 0 minutes. Number of iterations (since the data-node restart) : 1, Number of containers scanned in this iteration : 0, Number of unhealthy containers found in this iteration : 0
2024-07-25 11:29:02,474 [e7fccb5b-6f4b-4a5d-93b5-abfcbb2ccb85-EndpointStateMachineTaskThread-/0.0.0.0:15002-0 ] INFO  ratis.XceiverServerRatis (XceiverServerRatis.java:start(562)) - Starting XceiverServerRatis e7fccb5b-6f4b-4a5d-93b5-abfcbb2ccb85
2024-07-25 11:29:02,480 [e7fccb5b-6f4b-4a5d-93b5-abfcbb2ccb85-EndpointStateMachineTaskThread-/0.0.0.0:15002-0 ] INFO  server.RaftServer (RaftServerProxy.java:startImpl(408)) - e7fccb5b-6f4b-4a5d-93b5-abfcbb2ccb85: start RPC server
2024-07-25 11:29:02,481 [e7fccb5b-6f4b-4a5d-93b5-abfcbb2ccb85-EndpointStateMachineTaskThread-/0.0.0.0:15002-0 ] INFO  server.GrpcService (GrpcService.java:startImpl(302)) - e7fccb5b-6f4b-4a5d-93b5-abfcbb2ccb85: GrpcService started, listening on 15012
2024-07-25 11:29:02,482 [e7fccb5b-6f4b-4a5d-93b5-abfcbb2ccb85-EndpointStateMachineTaskThread-/0.0.0.0:15002-0 ] INFO  server.GrpcService (GrpcService.java:startImpl(302)) - e7fccb5b-6f4b-4a5d-93b5-abfcbb2ccb85: GrpcService started, listening on 15014
2024-07-25 11:29:02,482 [e7fccb5b-6f4b-4a5d-93b5-abfcbb2ccb85-EndpointStateMachineTaskThread-/0.0.0.0:15002-0 ] INFO  server.GrpcService (GrpcService.java:startImpl(302)) - e7fccb5b-6f4b-4a5d-93b5-abfcbb2ccb85: GrpcService started, listening on 15013
2024-07-25 11:29:02,482 [e7fccb5b-6f4b-4a5d-93b5-abfcbb2ccb85-EndpointStateMachineTaskThread-/0.0.0.0:15002-0 ] INFO  ratis.XceiverServerRatis (XceiverServerRatis.java:getRealPort(588)) - XceiverServerRatis e7fccb5b-6f4b-4a5d-93b5-abfcbb2ccb85 is started using port 15012 for RATIS
2024-07-25 11:29:02,482 [JvmPauseMonitor2] INFO  util.JvmPauseMonitor (JvmPauseMonitor.java:run(146)) - JvmPauseMonitor-e7fccb5b-6f4b-4a5d-93b5-abfcbb2ccb85: Started
2024-07-25 11:29:02,483 [e7fccb5b-6f4b-4a5d-93b5-abfcbb2ccb85-EndpointStateMachineTaskThread-/0.0.0.0:15002-0 ] INFO  ratis.XceiverServerRatis (XceiverServerRatis.java:getRealPort(588)) - XceiverServerRatis e7fccb5b-6f4b-4a5d-93b5-abfcbb2ccb85 is started using port 15013 for RATIS_ADMIN
2024-07-25 11:29:02,483 [e7fccb5b-6f4b-4a5d-93b5-abfcbb2ccb85-EndpointStateMachineTaskThread-/0.0.0.0:15002-0 ] INFO  ratis.XceiverServerRatis (XceiverServerRatis.java:getRealPort(588)) - XceiverServerRatis e7fccb5b-6f4b-4a5d-93b5-abfcbb2ccb85 is started using port 15014 for RATIS_SERVER
2024-07-25 11:29:02,483 [e7fccb5b-6f4b-4a5d-93b5-abfcbb2ccb85-EndpointStateMachineTaskThread-/0.0.0.0:15002-0 ] INFO  ratis.XceiverServerRatis (XceiverServerRatis.java:getRealPort(588)) - XceiverServerRatis e7fccb5b-6f4b-4a5d-93b5-abfcbb2ccb85 is started using port 15015 for RATIS_DATASTREAM
2024-07-25 11:29:02,486 [e7fccb5b-6f4b-4a5d-93b5-abfcbb2ccb85-BlockDeletingService#0] INFO  interfaces.ContainerDeletionChoosingPolicyTemplate (ContainerDeletionChoosingPolicyTemplate.java:chooseContainerForBlockDeletion(85)) - Chosen 0/5000 blocks from 0 candidate containers.
2024-07-25 11:29:02,760 [a2876ff0-d178-48ae-a6b6-bf6963d4710d-EndpointStateMachineTaskThread-/0.0.0.0:15002-0 ] INFO  utils.DatanodeStoreCache (DatanodeStoreCache.java:addDB(72)) - Added db /home/runner/work/ozone/ozone/hadoop-ozone/integration-test/target/test-dir/MiniOzoneClusterImpl-1f81da03-70dc-44ad-8558-5c969ee5b37a/ozone-meta/datanode-2/data-0/hdds/1f81da03-70dc-44ad-8558-5c969ee5b37a/DS-0f45a594-f105-412c-a722-cd865075627d/container.db to cache
2024-07-25 11:29:02,760 [a2876ff0-d178-48ae-a6b6-bf6963d4710d-EndpointStateMachineTaskThread-/0.0.0.0:15002-0 ] INFO  volume.HddsVolume (HddsVolume.java:createDbStore(437)) - SchemaV3 db is created and loaded at /home/runner/work/ozone/ozone/hadoop-ozone/integration-test/target/test-dir/MiniOzoneClusterImpl-1f81da03-70dc-44ad-8558-5c969ee5b37a/ozone-meta/datanode-2/data-0/hdds/1f81da03-70dc-44ad-8558-5c969ee5b37a/DS-0f45a594-f105-412c-a722-cd865075627d/container.db for volume DS-0f45a594-f105-412c-a722-cd865075627d
2024-07-25 11:29:02,762 [a2876ff0-d178-48ae-a6b6-bf6963d4710d-ContainerReader-0] INFO  ozoneimpl.ContainerReader (ContainerReader.java:readVolume(148)) - Start to verify containers on volume /home/runner/work/ozone/ozone/hadoop-ozone/integration-test/target/test-dir/MiniOzoneClusterImpl-1f81da03-70dc-44ad-8558-5c969ee5b37a/ozone-meta/datanode-2/data-0/hdds
2024-07-25 11:29:02,762 [a2876ff0-d178-48ae-a6b6-bf6963d4710d-ContainerReader-0] INFO  ozoneimpl.ContainerReader (ContainerReader.java:readVolume(178)) - Finish verifying containers on volume /home/runner/work/ozone/ozone/hadoop-ozone/integration-test/target/test-dir/MiniOzoneClusterImpl-1f81da03-70dc-44ad-8558-5c969ee5b37a/ozone-meta/datanode-2/data-0/hdds
2024-07-25 11:29:02,762 [a2876ff0-d178-48ae-a6b6-bf6963d4710d-EndpointStateMachineTaskThread-/0.0.0.0:15002-0 ] INFO  ozoneimpl.OzoneContainer (OzoneContainer.java:buildContainerSet(328)) - Build ContainerSet costs 0s
2024-07-25 11:29:02,763 [a2876ff0-d178-48ae-a6b6-bf6963d4710d-EndpointStateMachineTaskThread-/0.0.0.0:15002-0 ] INFO  volume.ThrottledAsyncChecker (ThrottledAsyncChecker.java:schedule(141)) - Scheduling a check for /home/runner/work/ozone/ozone/hadoop-ozone/integration-test/target/test-dir/MiniOzoneClusterImpl-1f81da03-70dc-44ad-8558-5c969ee5b37a/ozone-meta/datanode-2/data-0/hdds
2024-07-25 11:29:02,763 [a2876ff0-d178-48ae-a6b6-bf6963d4710d-EndpointStateMachineTaskThread-/0.0.0.0:15002-0 ] INFO  volume.StorageVolumeChecker (StorageVolumeChecker.java:checkAllVolumes(218)) - Scheduled health check for volume /home/runner/work/ozone/ozone/hadoop-ozone/integration-test/target/test-dir/MiniOzoneClusterImpl-1f81da03-70dc-44ad-8558-5c969ee5b37a/ozone-meta/datanode-2/data-0/hdds
2024-07-25 11:29:02,765 [a2876ff0-d178-48ae-a6b6-bf6963d4710d-EndpointStateMachineTaskThread-/0.0.0.0:15002-0 ] INFO  volume.ThrottledAsyncChecker (ThrottledAsyncChecker.java:schedule(141)) - Scheduling a check for /home/runner/work/ozone/ozone/hadoop-ozone/integration-test/target/test-dir/MiniOzoneClusterImpl-1f81da03-70dc-44ad-8558-5c969ee5b37a/ozone-meta/datanode-2/ratis
2024-07-25 11:29:02,765 [a2876ff0-d178-48ae-a6b6-bf6963d4710d-EndpointStateMachineTaskThread-/0.0.0.0:15002-0 ] INFO  volume.StorageVolumeChecker (StorageVolumeChecker.java:checkAllVolumes(218)) - Scheduled health check for volume /home/runner/work/ozone/ozone/hadoop-ozone/integration-test/target/test-dir/MiniOzoneClusterImpl-1f81da03-70dc-44ad-8558-5c969ee5b37a/ozone-meta/datanode-2/ratis
2024-07-25 11:29:02,766 [a2876ff0-d178-48ae-a6b6-bf6963d4710d-EndpointStateMachineTaskThread-/0.0.0.0:15002-0 ] INFO  ozoneimpl.OzoneContainer (OzoneContainer.java:start(459)) - Attempting to start container services.
2024-07-25 11:29:02,766 [a2876ff0-d178-48ae-a6b6-bf6963d4710d-EndpointStateMachineTaskThread-/0.0.0.0:15002-0 ] WARN  ozoneimpl.OnDemandContainerDataScanner (OnDemandContainerDataScanner.java:init(75)) - Trying to initialize on demand scanner a second time on a datanode.
2024-07-25 11:29:02,767 [ContainerMetadataScanner] INFO  ozoneimpl.AbstractBackgroundContainerScanner (AbstractBackgroundContainerScanner.java:runIteration(87)) - Completed an iteration in 0 minutes. Number of iterations (since the data-node restart) : 1, Number of containers scanned in this iteration : 0, Number of unhealthy containers found in this iteration : 0
2024-07-25 11:29:02,767 [ContainerDataScanner(/home/runner/work/ozone/ozone/hadoop-ozone/integration-test/target/test-dir/MiniOzoneClusterImpl-1f81da03-70dc-44ad-8558-5c969ee5b37a/ozone-meta/datanode-2/data-0/hdds)] INFO  ozoneimpl.AbstractBackgroundContainerScanner (AbstractBackgroundContainerScanner.java:runIteration(87)) - Completed an iteration in 0 minutes. Number of iterations (since the data-node restart) : 1, Number of containers scanned in this iteration : 0, Number of unhealthy containers found in this iteration : 0
2024-07-25 11:29:02,768 [a2876ff0-d178-48ae-a6b6-bf6963d4710d-EndpointStateMachineTaskThread-/0.0.0.0:15002-0 ] INFO  replication.ReplicationServer (ReplicationServer.java:start(142)) - ReplicationServer is started using port 15025
2024-07-25 11:29:02,768 [a2876ff0-d178-48ae-a6b6-bf6963d4710d-EndpointStateMachineTaskThread-/0.0.0.0:15002-0 ] INFO  ratis.XceiverServerRatis (XceiverServerRatis.java:start(562)) - Starting XceiverServerRatis a2876ff0-d178-48ae-a6b6-bf6963d4710d
2024-07-25 11:29:02,770 [a2876ff0-d178-48ae-a6b6-bf6963d4710d-EndpointStateMachineTaskThread-/0.0.0.0:15002-0 ] INFO  server.RaftServer (RaftServerProxy.java:startImpl(408)) - a2876ff0-d178-48ae-a6b6-bf6963d4710d: start RPC server
2024-07-25 11:29:02,771 [a2876ff0-d178-48ae-a6b6-bf6963d4710d-EndpointStateMachineTaskThread-/0.0.0.0:15002-0 ] INFO  server.GrpcService (GrpcService.java:startImpl(302)) - a2876ff0-d178-48ae-a6b6-bf6963d4710d: GrpcService started, listening on 15021
2024-07-25 11:29:02,771 [a2876ff0-d178-48ae-a6b6-bf6963d4710d-EndpointStateMachineTaskThread-/0.0.0.0:15002-0 ] INFO  server.GrpcService (GrpcService.java:startImpl(302)) - a2876ff0-d178-48ae-a6b6-bf6963d4710d: GrpcService started, listening on 15023
2024-07-25 11:29:02,772 [a2876ff0-d178-48ae-a6b6-bf6963d4710d-EndpointStateMachineTaskThread-/0.0.0.0:15002-0 ] INFO  server.GrpcService (GrpcService.java:startImpl(302)) - a2876ff0-d178-48ae-a6b6-bf6963d4710d: GrpcService started, listening on 15022
2024-07-25 11:29:02,772 [a2876ff0-d178-48ae-a6b6-bf6963d4710d-EndpointStateMachineTaskThread-/0.0.0.0:15002-0 ] INFO  ratis.XceiverServerRatis (XceiverServerRatis.java:getRealPort(588)) - XceiverServerRatis a2876ff0-d178-48ae-a6b6-bf6963d4710d is started using port 15021 for RATIS
2024-07-25 11:29:02,773 [a2876ff0-d178-48ae-a6b6-bf6963d4710d-EndpointStateMachineTaskThread-/0.0.0.0:15002-0 ] INFO  ratis.XceiverServerRatis (XceiverServerRatis.java:getRealPort(588)) - XceiverServerRatis a2876ff0-d178-48ae-a6b6-bf6963d4710d is started using port 15022 for RATIS_ADMIN
2024-07-25 11:29:02,773 [a2876ff0-d178-48ae-a6b6-bf6963d4710d-EndpointStateMachineTaskThread-/0.0.0.0:15002-0 ] INFO  ratis.XceiverServerRatis (XceiverServerRatis.java:getRealPort(588)) - XceiverServerRatis a2876ff0-d178-48ae-a6b6-bf6963d4710d is started using port 15023 for RATIS_SERVER
2024-07-25 11:29:02,773 [a2876ff0-d178-48ae-a6b6-bf6963d4710d-EndpointStateMachineTaskThread-/0.0.0.0:15002-0 ] INFO  ratis.XceiverServerRatis (XceiverServerRatis.java:getRealPort(588)) - XceiverServerRatis a2876ff0-d178-48ae-a6b6-bf6963d4710d is started using port 15024 for RATIS_DATASTREAM
2024-07-25 11:29:02,772 [JvmPauseMonitor3] INFO  util.JvmPauseMonitor (JvmPauseMonitor.java:run(146)) - JvmPauseMonitor-a2876ff0-d178-48ae-a6b6-bf6963d4710d: Started
2024-07-25 11:29:02,778 [a2876ff0-d178-48ae-a6b6-bf6963d4710d-BlockDeletingService#0] INFO  interfaces.ContainerDeletionChoosingPolicyTemplate (ContainerDeletionChoosingPolicyTemplate.java:chooseContainerForBlockDeletion(85)) - Chosen 0/5000 blocks from 0 candidate containers.
2024-07-25 11:29:03,035 [main] INFO  ozone.MiniOzoneClusterImpl (MiniOzoneClusterImpl.java:lambda$waitForClusterToBeReady$0(194)) - Waiting for nodes to be ready. Got 0 of 3 DN Heartbeats.
2024-07-25 11:29:03,035 [main] INFO  ozone.MiniOzoneClusterImpl (MiniOzoneClusterImpl.java:lambda$waitForClusterToBeReady$0(197)) - Waiting for cluster to exit safe mode
2024-07-25 11:29:03,035 [main] INFO  ozone.MiniOzoneClusterImpl (MiniOzoneClusterImpl.java:lambda$waitForClusterToBeReady$0(199)) - SCM became leader
2024-07-25 11:29:03,063 [4f6a4ba8-7237-4720-8e71-4cf4f347a525-EndpointStateMachineTaskThread-/0.0.0.0:15002-0 ] INFO  utils.DatanodeStoreCache (DatanodeStoreCache.java:addDB(72)) - Added db /home/runner/work/ozone/ozone/hadoop-ozone/integration-test/target/test-dir/MiniOzoneClusterImpl-1f81da03-70dc-44ad-8558-5c969ee5b37a/ozone-meta/datanode-3/data-0/hdds/1f81da03-70dc-44ad-8558-5c969ee5b37a/DS-9a4ff921-78ed-4ffa-a293-5e5453faf252/container.db to cache
2024-07-25 11:29:03,063 [4f6a4ba8-7237-4720-8e71-4cf4f347a525-EndpointStateMachineTaskThread-/0.0.0.0:15002-0 ] INFO  volume.HddsVolume (HddsVolume.java:createDbStore(437)) - SchemaV3 db is created and loaded at /home/runner/work/ozone/ozone/hadoop-ozone/integration-test/target/test-dir/MiniOzoneClusterImpl-1f81da03-70dc-44ad-8558-5c969ee5b37a/ozone-meta/datanode-3/data-0/hdds/1f81da03-70dc-44ad-8558-5c969ee5b37a/DS-9a4ff921-78ed-4ffa-a293-5e5453faf252/container.db for volume DS-9a4ff921-78ed-4ffa-a293-5e5453faf252
2024-07-25 11:29:03,066 [4f6a4ba8-7237-4720-8e71-4cf4f347a525-ContainerReader-0] INFO  ozoneimpl.ContainerReader (ContainerReader.java:readVolume(148)) - Start to verify containers on volume /home/runner/work/ozone/ozone/hadoop-ozone/integration-test/target/test-dir/MiniOzoneClusterImpl-1f81da03-70dc-44ad-8558-5c969ee5b37a/ozone-meta/datanode-3/data-0/hdds
2024-07-25 11:29:03,066 [4f6a4ba8-7237-4720-8e71-4cf4f347a525-ContainerReader-0] INFO  ozoneimpl.ContainerReader (ContainerReader.java:readVolume(178)) - Finish verifying containers on volume /home/runner/work/ozone/ozone/hadoop-ozone/integration-test/target/test-dir/MiniOzoneClusterImpl-1f81da03-70dc-44ad-8558-5c969ee5b37a/ozone-meta/datanode-3/data-0/hdds
2024-07-25 11:29:03,066 [4f6a4ba8-7237-4720-8e71-4cf4f347a525-EndpointStateMachineTaskThread-/0.0.0.0:15002-0 ] INFO  ozoneimpl.OzoneContainer (OzoneContainer.java:buildContainerSet(328)) - Build ContainerSet costs 0s
2024-07-25 11:29:03,066 [4f6a4ba8-7237-4720-8e71-4cf4f347a525-EndpointStateMachineTaskThread-/0.0.0.0:15002-0 ] INFO  volume.ThrottledAsyncChecker (ThrottledAsyncChecker.java:schedule(141)) - Scheduling a check for /home/runner/work/ozone/ozone/hadoop-ozone/integration-test/target/test-dir/MiniOzoneClusterImpl-1f81da03-70dc-44ad-8558-5c969ee5b37a/ozone-meta/datanode-3/data-0/hdds
2024-07-25 11:29:03,067 [4f6a4ba8-7237-4720-8e71-4cf4f347a525-EndpointStateMachineTaskThread-/0.0.0.0:15002-0 ] INFO  volume.StorageVolumeChecker (StorageVolumeChecker.java:checkAllVolumes(218)) - Scheduled health check for volume /home/runner/work/ozone/ozone/hadoop-ozone/integration-test/target/test-dir/MiniOzoneClusterImpl-1f81da03-70dc-44ad-8558-5c969ee5b37a/ozone-meta/datanode-3/data-0/hdds
2024-07-25 11:29:03,068 [4f6a4ba8-7237-4720-8e71-4cf4f347a525-EndpointStateMachineTaskThread-/0.0.0.0:15002-0 ] INFO  volume.ThrottledAsyncChecker (ThrottledAsyncChecker.java:schedule(141)) - Scheduling a check for /home/runner/work/ozone/ozone/hadoop-ozone/integration-test/target/test-dir/MiniOzoneClusterImpl-1f81da03-70dc-44ad-8558-5c969ee5b37a/ozone-meta/datanode-3/ratis
2024-07-25 11:29:03,068 [4f6a4ba8-7237-4720-8e71-4cf4f347a525-EndpointStateMachineTaskThread-/0.0.0.0:15002-0 ] INFO  volume.StorageVolumeChecker (StorageVolumeChecker.java:checkAllVolumes(218)) - Scheduled health check for volume /home/runner/work/ozone/ozone/hadoop-ozone/integration-test/target/test-dir/MiniOzoneClusterImpl-1f81da03-70dc-44ad-8558-5c969ee5b37a/ozone-meta/datanode-3/ratis
2024-07-25 11:29:03,069 [4f6a4ba8-7237-4720-8e71-4cf4f347a525-EndpointStateMachineTaskThread-/0.0.0.0:15002-0 ] INFO  ozoneimpl.OzoneContainer (OzoneContainer.java:start(459)) - Attempting to start container services.
2024-07-25 11:29:03,069 [4f6a4ba8-7237-4720-8e71-4cf4f347a525-EndpointStateMachineTaskThread-/0.0.0.0:15002-0 ] WARN  ozoneimpl.OnDemandContainerDataScanner (OnDemandContainerDataScanner.java:init(75)) - Trying to initialize on demand scanner a second time on a datanode.
2024-07-25 11:29:03,070 [ContainerMetadataScanner] INFO  ozoneimpl.AbstractBackgroundContainerScanner (AbstractBackgroundContainerScanner.java:runIteration(87)) - Completed an iteration in 0 minutes. Number of iterations (since the data-node restart) : 1, Number of containers scanned in this iteration : 0, Number of unhealthy containers found in this iteration : 0
2024-07-25 11:29:03,070 [ContainerDataScanner(/home/runner/work/ozone/ozone/hadoop-ozone/integration-test/target/test-dir/MiniOzoneClusterImpl-1f81da03-70dc-44ad-8558-5c969ee5b37a/ozone-meta/datanode-3/data-0/hdds)] INFO  ozoneimpl.AbstractBackgroundContainerScanner (AbstractBackgroundContainerScanner.java:runIteration(87)) - Completed an iteration in 0 minutes. Number of iterations (since the data-node restart) : 1, Number of containers scanned in this iteration : 0, Number of unhealthy containers found in this iteration : 0
2024-07-25 11:29:03,071 [4f6a4ba8-7237-4720-8e71-4cf4f347a525-EndpointStateMachineTaskThread-/0.0.0.0:15002-0 ] INFO  replication.ReplicationServer (ReplicationServer.java:start(142)) - ReplicationServer is started using port 15034
2024-07-25 11:29:03,071 [4f6a4ba8-7237-4720-8e71-4cf4f347a525-EndpointStateMachineTaskThread-/0.0.0.0:15002-0 ] INFO  ratis.XceiverServerRatis (XceiverServerRatis.java:start(562)) - Starting XceiverServerRatis 4f6a4ba8-7237-4720-8e71-4cf4f347a525
2024-07-25 11:29:03,072 [4f6a4ba8-7237-4720-8e71-4cf4f347a525-EndpointStateMachineTaskThread-/0.0.0.0:15002-0 ] INFO  server.RaftServer (RaftServerProxy.java:startImpl(408)) - 4f6a4ba8-7237-4720-8e71-4cf4f347a525: start RPC server
2024-07-25 11:29:03,073 [4f6a4ba8-7237-4720-8e71-4cf4f347a525-EndpointStateMachineTaskThread-/0.0.0.0:15002-0 ] INFO  server.GrpcService (GrpcService.java:startImpl(302)) - 4f6a4ba8-7237-4720-8e71-4cf4f347a525: GrpcService started, listening on 15030
2024-07-25 11:29:03,073 [4f6a4ba8-7237-4720-8e71-4cf4f347a525-EndpointStateMachineTaskThread-/0.0.0.0:15002-0 ] INFO  server.GrpcService (GrpcService.java:startImpl(302)) - 4f6a4ba8-7237-4720-8e71-4cf4f347a525: GrpcService started, listening on 15032
2024-07-25 11:29:03,074 [4f6a4ba8-7237-4720-8e71-4cf4f347a525-EndpointStateMachineTaskThread-/0.0.0.0:15002-0 ] INFO  server.GrpcService (GrpcService.java:startImpl(302)) - 4f6a4ba8-7237-4720-8e71-4cf4f347a525: GrpcService started, listening on 15031
2024-07-25 11:29:03,074 [4f6a4ba8-7237-4720-8e71-4cf4f347a525-EndpointStateMachineTaskThread-/0.0.0.0:15002-0 ] INFO  ratis.XceiverServerRatis (XceiverServerRatis.java:getRealPort(588)) - XceiverServerRatis 4f6a4ba8-7237-4720-8e71-4cf4f347a525 is started using port 15030 for RATIS
2024-07-25 11:29:03,074 [4f6a4ba8-7237-4720-8e71-4cf4f347a525-EndpointStateMachineTaskThread-/0.0.0.0:15002-0 ] INFO  ratis.XceiverServerRatis (XceiverServerRatis.java:getRealPort(588)) - XceiverServerRatis 4f6a4ba8-7237-4720-8e71-4cf4f347a525 is started using port 15031 for RATIS_ADMIN
2024-07-25 11:29:03,074 [JvmPauseMonitor4] INFO  util.JvmPauseMonitor (JvmPauseMonitor.java:run(146)) - JvmPauseMonitor-4f6a4ba8-7237-4720-8e71-4cf4f347a525: Started
2024-07-25 11:29:03,074 [4f6a4ba8-7237-4720-8e71-4cf4f347a525-EndpointStateMachineTaskThread-/0.0.0.0:15002-0 ] INFO  ratis.XceiverServerRatis (XceiverServerRatis.java:getRealPort(588)) - XceiverServerRatis 4f6a4ba8-7237-4720-8e71-4cf4f347a525 is started using port 15032 for RATIS_SERVER
2024-07-25 11:29:03,074 [4f6a4ba8-7237-4720-8e71-4cf4f347a525-EndpointStateMachineTaskThread-/0.0.0.0:15002-0 ] INFO  ratis.XceiverServerRatis (XceiverServerRatis.java:getRealPort(588)) - XceiverServerRatis 4f6a4ba8-7237-4720-8e71-4cf4f347a525 is started using port 15033 for RATIS_DATASTREAM
2024-07-25 11:29:03,076 [4f6a4ba8-7237-4720-8e71-4cf4f347a525-BlockDeletingService#0] INFO  interfaces.ContainerDeletionChoosingPolicyTemplate (ContainerDeletionChoosingPolicyTemplate.java:chooseContainerForBlockDeletion(85)) - Chosen 0/5000 blocks from 0 candidate containers.
2024-07-25 11:29:04,036 [main] INFO  ozone.MiniOzoneClusterImpl (MiniOzoneClusterImpl.java:lambda$waitForClusterToBeReady$0(194)) - Waiting for nodes to be ready. Got 0 of 3 DN Heartbeats.
2024-07-25 11:29:04,036 [main] INFO  ozone.MiniOzoneClusterImpl (MiniOzoneClusterImpl.java:lambda$waitForClusterToBeReady$0(197)) - Waiting for cluster to exit safe mode
2024-07-25 11:29:04,036 [main] INFO  ozone.MiniOzoneClusterImpl (MiniOzoneClusterImpl.java:lambda$waitForClusterToBeReady$0(199)) - SCM became leader
2024-07-25 11:29:04,400 [IPC Server handler 2 on default port 15002] INFO  net.NetworkTopologyImpl (NetworkTopologyImpl.java:add(134)) - Added a new node: /default-rack/e7fccb5b-6f4b-4a5d-93b5-abfcbb2ccb85
2024-07-25 11:29:04,403 [IPC Server handler 2 on default port 15002] INFO  node.SCMNodeManager (SCMNodeManager.java:register(421)) - Registered datanode: e7fccb5b-6f4b-4a5d-93b5-abfcbb2ccb85{ip: 127.0.0.1, host: localhost, ports: [HTTP=15009, CLIENT_RPC=15010, REPLICATION=15016, RATIS=15012, RATIS_ADMIN=15013, RATIS_SERVER=15014, RATIS_DATASTREAM=15015, STANDALONE=15011], networkLocation: /default-rack, certSerialId: null, persistedOpState: null, persistedOpStateExpiryEpochSec: 0}
2024-07-25 11:29:04,405 [EventQueue-NewNodeForNewNodeHandler] INFO  pipeline.BackgroundPipelineCreator (BackgroundPipelineCreator.java:notifyEventTriggered(280)) - trigger a one-shot run on RatisPipelineUtilsThread.
2024-07-25 11:29:04,406 [EventQueue-NodeRegistrationContainerReportForContainerSafeModeRule] INFO  safemode.SCMSafeModeManager (SCMSafeModeManager.java:validateSafeModeExitRules(203)) - ContainerSafeModeRule rule is successfully validated
2024-07-25 11:29:04,406 [EventQueue-NodeRegistrationContainerReportForDataNodeSafeModeRule] INFO  safemode.SCMSafeModeManager (DataNodeSafeModeRule.java:process(71)) - SCM in safe mode. 1 DataNodes registered, 3 required.
2024-07-25 11:29:04,407 [EventQueue-PipelineReportForOneReplicaPipelineSafeModeRule] INFO  safemode.SCMSafeModeManager (SCMSafeModeManager.java:validateSafeModeExitRules(203)) - AtleastOneDatanodeReportedRule rule is successfully validated
2024-07-25 11:29:04,411 [RatisPipelineUtilsThread-0] INFO  pipeline.RatisPipelineProvider (RatisPipelineProvider.java:lambda$create$0(205)) - Sending CreatePipelineCommand for pipeline:PipelineID=71c35e4b-c5fb-4267-bcb7-024a386bb799 to datanode:e7fccb5b-6f4b-4a5d-93b5-abfcbb2ccb85
2024-07-25 11:29:04,420 [RatisPipelineUtilsThread-0] INFO  pipeline.BackgroundPipelineCreator (BackgroundPipelineCreator.java:createPipelines(236)) - Created new pipeline Pipeline[ Id: 71c35e4b-c5fb-4267-bcb7-024a386bb799, Nodes: e7fccb5b-6f4b-4a5d-93b5-abfcbb2ccb85(localhost/127.0.0.1) ReplicaIndex: 0, ReplicationConfig: RATIS/ONE, State:ALLOCATED, leaderId:, CreationTimestamp2024-07-25T11:29:04.410909784Z[Etc/UTC]]
2024-07-25 11:29:04,739 [IPC Server handler 6 on default port 15002] INFO  net.NetworkTopologyImpl (NetworkTopologyImpl.java:add(134)) - Added a new node: /default-rack/a2876ff0-d178-48ae-a6b6-bf6963d4710d
2024-07-25 11:29:04,739 [IPC Server handler 6 on default port 15002] INFO  node.SCMNodeManager (SCMNodeManager.java:register(421)) - Registered datanode: a2876ff0-d178-48ae-a6b6-bf6963d4710d{ip: 127.0.0.1, host: localhost, ports: [HTTP=15018, CLIENT_RPC=15019, REPLICATION=15025, RATIS=15021, RATIS_ADMIN=15022, RATIS_SERVER=15023, RATIS_DATASTREAM=15024, STANDALONE=15020], networkLocation: /default-rack, certSerialId: null, persistedOpState: null, persistedOpStateExpiryEpochSec: 0}
2024-07-25 11:29:04,740 [EventQueue-NewNodeForNewNodeHandler] INFO  pipeline.BackgroundPipelineCreator (BackgroundPipelineCreator.java:notifyEventTriggered(280)) - trigger a one-shot run on RatisPipelineUtilsThread.
2024-07-25 11:29:04,740 [EventQueue-NodeRegistrationContainerReportForDataNodeSafeModeRule] INFO  safemode.SCMSafeModeManager (DataNodeSafeModeRule.java:process(71)) - SCM in safe mode. 2 DataNodes registered, 3 required.
2024-07-25 11:29:04,741 [RatisPipelineUtilsThread-0] INFO  pipeline.RatisPipelineProvider (RatisPipelineProvider.java:lambda$create$0(205)) - Sending CreatePipelineCommand for pipeline:PipelineID=49fab4ac-965e-461f-9946-5bde8cd16727 to datanode:a2876ff0-d178-48ae-a6b6-bf6963d4710d
2024-07-25 11:29:04,742 [RatisPipelineUtilsThread-0] INFO  pipeline.BackgroundPipelineCreator (BackgroundPipelineCreator.java:createPipelines(236)) - Created new pipeline Pipeline[ Id: 49fab4ac-965e-461f-9946-5bde8cd16727, Nodes: a2876ff0-d178-48ae-a6b6-bf6963d4710d(localhost/127.0.0.1) ReplicaIndex: 0, ReplicationConfig: RATIS/ONE, State:ALLOCATED, leaderId:, CreationTimestamp2024-07-25T11:29:04.741184276Z[Etc/UTC]]
2024-07-25 11:29:05,036 [main] INFO  ozone.MiniOzoneClusterImpl (MiniOzoneClusterImpl.java:lambda$waitForClusterToBeReady$0(194)) - Waiting for nodes to be ready. Got 2 of 3 DN Heartbeats.
2024-07-25 11:29:05,037 [main] INFO  ozone.MiniOzoneClusterImpl (MiniOzoneClusterImpl.java:lambda$waitForClusterToBeReady$0(197)) - Waiting for cluster to exit safe mode
2024-07-25 11:29:05,037 [main] INFO  ozone.MiniOzoneClusterImpl (MiniOzoneClusterImpl.java:lambda$waitForClusterToBeReady$0(199)) - SCM became leader
2024-07-25 11:29:05,040 [IPC Server handler 7 on default port 15002] INFO  net.NetworkTopologyImpl (NetworkTopologyImpl.java:add(134)) - Added a new node: /default-rack/4f6a4ba8-7237-4720-8e71-4cf4f347a525
2024-07-25 11:29:05,040 [IPC Server handler 7 on default port 15002] INFO  node.SCMNodeManager (SCMNodeManager.java:register(421)) - Registered datanode: 4f6a4ba8-7237-4720-8e71-4cf4f347a525{ip: 127.0.0.1, host: localhost, ports: [HTTP=15027, CLIENT_RPC=15028, REPLICATION=15034, RATIS=15030, RATIS_ADMIN=15031, RATIS_SERVER=15032, RATIS_DATASTREAM=15033, STANDALONE=15029], networkLocation: /default-rack, certSerialId: null, persistedOpState: null, persistedOpStateExpiryEpochSec: 0}
2024-07-25 11:29:05,041 [EventQueue-NewNodeForNewNodeHandler] INFO  pipeline.BackgroundPipelineCreator (BackgroundPipelineCreator.java:notifyEventTriggered(280)) - trigger a one-shot run on RatisPipelineUtilsThread.
2024-07-25 11:29:05,041 [EventQueue-NodeRegistrationContainerReportForDataNodeSafeModeRule] INFO  safemode.SCMSafeModeManager (DataNodeSafeModeRule.java:process(71)) - SCM in safe mode. 3 DataNodes registered, 3 required.
2024-07-25 11:29:05,041 [EventQueue-NodeRegistrationContainerReportForDataNodeSafeModeRule] INFO  safemode.SCMSafeModeManager (SCMSafeModeManager.java:validateSafeModeExitRules(203)) - DataNodeSafeModeRule rule is successfully validated
2024-07-25 11:29:05,042 [EventQueue-NodeRegistrationContainerReportForDataNodeSafeModeRule] INFO  safemode.SCMSafeModeManager (SCMSafeModeManager.java:completePreCheck(232)) - All SCM safe mode pre check rules have passed
2024-07-25 11:29:05,042 [EventQueue-NodeRegistrationContainerReportForDataNodeSafeModeRule] INFO  ha.SCMContext (SCMContext.java:updateSafeModeStatus(225)) - Update SafeModeStatus from SafeModeStatus{safeModeStatus=true, preCheckPassed=false} to SafeModeStatus{safeModeStatus=true, preCheckPassed=true}.
2024-07-25 11:29:05,042 [EventQueue-NodeRegistrationContainerReportForDataNodeSafeModeRule] INFO  pipeline.BackgroundPipelineCreator (BackgroundPipelineCreator.java:notifyEventTriggered(280)) - trigger a one-shot run on RatisPipelineUtilsThread.
2024-07-25 11:29:05,042 [RatisPipelineUtilsThread-0] INFO  pipeline.RatisPipelineProvider (RatisPipelineProvider.java:lambda$create$0(205)) - Sending CreatePipelineCommand for pipeline:PipelineID=d74acff9-67e9-488e-a08e-d141c8aef8de to datanode:4f6a4ba8-7237-4720-8e71-4cf4f347a525
2024-07-25 11:29:05,043 [RatisPipelineUtilsThread-0] INFO  pipeline.BackgroundPipelineCreator (BackgroundPipelineCreator.java:createPipelines(236)) - Created new pipeline Pipeline[ Id: d74acff9-67e9-488e-a08e-d141c8aef8de, Nodes: 4f6a4ba8-7237-4720-8e71-4cf4f347a525(localhost/127.0.0.1) ReplicaIndex: 0, ReplicationConfig: RATIS/ONE, State:ALLOCATED, leaderId:, CreationTimestamp2024-07-25T11:29:05.042687239Z[Etc/UTC]]
2024-07-25 11:29:05,047 [RatisPipelineUtilsThread-0] INFO  pipeline.RatisPipelineProvider (RatisPipelineProvider.java:lambda$create$0(205)) - Sending CreatePipelineCommand for pipeline:PipelineID=948d8638-4239-4972-bb67-87a56816ad29 to datanode:a2876ff0-d178-48ae-a6b6-bf6963d4710d
2024-07-25 11:29:05,048 [RatisPipelineUtilsThread-0] INFO  pipeline.RatisPipelineProvider (RatisPipelineProvider.java:lambda$create$0(205)) - Sending CreatePipelineCommand for pipeline:PipelineID=948d8638-4239-4972-bb67-87a56816ad29 to datanode:e7fccb5b-6f4b-4a5d-93b5-abfcbb2ccb85
2024-07-25 11:29:05,048 [RatisPipelineUtilsThread-0] INFO  pipeline.RatisPipelineProvider (RatisPipelineProvider.java:lambda$create$0(205)) - Sending CreatePipelineCommand for pipeline:PipelineID=948d8638-4239-4972-bb67-87a56816ad29 to datanode:4f6a4ba8-7237-4720-8e71-4cf4f347a525
2024-07-25 11:29:05,049 [RatisPipelineUtilsThread-0] INFO  pipeline.BackgroundPipelineCreator (BackgroundPipelineCreator.java:createPipelines(236)) - Created new pipeline Pipeline[ Id: 948d8638-4239-4972-bb67-87a56816ad29, Nodes: a2876ff0-d178-48ae-a6b6-bf6963d4710d(localhost/127.0.0.1) ReplicaIndex: 0e7fccb5b-6f4b-4a5d-93b5-abfcbb2ccb85(localhost/127.0.0.1) ReplicaIndex: 04f6a4ba8-7237-4720-8e71-4cf4f347a525(localhost/127.0.0.1) ReplicaIndex: 0, ReplicationConfig: RATIS/THREE, State:ALLOCATED, leaderId:, CreationTimestamp2024-07-25T11:29:05.047892234Z[Etc/UTC]]
2024-07-25 11:29:05,051 [RatisPipelineUtilsThread-0] INFO  pipeline.RatisPipelineProvider (RatisPipelineProvider.java:lambda$create$0(205)) - Sending CreatePipelineCommand for pipeline:PipelineID=f7096c59-612d-4157-834b-e17a96920781 to datanode:4f6a4ba8-7237-4720-8e71-4cf4f347a525
2024-07-25 11:29:05,051 [RatisPipelineUtilsThread-0] INFO  pipeline.RatisPipelineProvider (RatisPipelineProvider.java:lambda$create$0(205)) - Sending CreatePipelineCommand for pipeline:PipelineID=f7096c59-612d-4157-834b-e17a96920781 to datanode:e7fccb5b-6f4b-4a5d-93b5-abfcbb2ccb85
2024-07-25 11:29:05,051 [RatisPipelineUtilsThread-0] INFO  pipeline.RatisPipelineProvider (RatisPipelineProvider.java:lambda$create$0(205)) - Sending CreatePipelineCommand for pipeline:PipelineID=f7096c59-612d-4157-834b-e17a96920781 to datanode:a2876ff0-d178-48ae-a6b6-bf6963d4710d
2024-07-25 11:29:05,052 [RatisPipelineUtilsThread-0] INFO  pipeline.PipelineManagerImpl (PipelineManagerImpl.java:recordMetricsForPipeline(916)) - Pipeline: PipelineID=f7096c59-612d-4157-834b-e17a96920781 contains same datanodes as previous pipelines: PipelineID=948d8638-4239-4972-bb67-87a56816ad29 nodeIds: 4f6a4ba8-7237-4720-8e71-4cf4f347a525, e7fccb5b-6f4b-4a5d-93b5-abfcbb2ccb85, a2876ff0-d178-48ae-a6b6-bf6963d4710d
2024-07-25 11:29:05,052 [RatisPipelineUtilsThread-0] INFO  pipeline.BackgroundPipelineCreator (BackgroundPipelineCreator.java:createPipelines(236)) - Created new pipeline Pipeline[ Id: f7096c59-612d-4157-834b-e17a96920781, Nodes: 4f6a4ba8-7237-4720-8e71-4cf4f347a525(localhost/127.0.0.1) ReplicaIndex: 0e7fccb5b-6f4b-4a5d-93b5-abfcbb2ccb85(localhost/127.0.0.1) ReplicaIndex: 0a2876ff0-d178-48ae-a6b6-bf6963d4710d(localhost/127.0.0.1) ReplicaIndex: 0, ReplicationConfig: RATIS/THREE, State:ALLOCATED, leaderId:, CreationTimestamp2024-07-25T11:29:05.051048579Z[Etc/UTC]]
2024-07-25 11:29:06,037 [main] INFO  ozone.MiniOzoneClusterImpl (MiniOzoneClusterImpl.java:lambda$waitForClusterToBeReady$0(194)) - Nodes are ready. Got 3 of 3 DN Heartbeats.
2024-07-25 11:29:06,037 [main] INFO  ozone.MiniOzoneClusterImpl (MiniOzoneClusterImpl.java:lambda$waitForClusterToBeReady$0(197)) - Waiting for cluster to exit safe mode
2024-07-25 11:29:06,038 [main] INFO  ozone.MiniOzoneClusterImpl (MiniOzoneClusterImpl.java:lambda$waitForClusterToBeReady$0(199)) - SCM became leader
2024-07-25 11:29:07,038 [main] INFO  ozone.MiniOzoneClusterImpl (MiniOzoneClusterImpl.java:lambda$waitForClusterToBeReady$0(194)) - Nodes are ready. Got 3 of 3 DN Heartbeats.
2024-07-25 11:29:07,038 [main] INFO  ozone.MiniOzoneClusterImpl (MiniOzoneClusterImpl.java:lambda$waitForClusterToBeReady$0(197)) - Waiting for cluster to exit safe mode
2024-07-25 11:29:07,038 [main] INFO  ozone.MiniOzoneClusterImpl (MiniOzoneClusterImpl.java:lambda$waitForClusterToBeReady$0(199)) - SCM became leader
2024-07-25 11:29:07,399 [e7fccb5b-6f4b-4a5d-93b5-abfcbb2ccb85-PipelineCommandHandlerThread-0] INFO  server.RaftServer (RaftServerProxy.java:addNew(101)) - e7fccb5b-6f4b-4a5d-93b5-abfcbb2ccb85: addNew group-024A386BB799:[e7fccb5b-6f4b-4a5d-93b5-abfcbb2ccb85|127.0.0.1:15014] returns group-024A386BB799:java.util.concurrent.CompletableFuture@740ecf7a[Not completed]
2024-07-25 11:29:07,403 [e7fccb5b-6f4b-4a5d-93b5-abfcbb2ccb85-groupManagement] INFO  lib.Interns (Interns.java:removeEldestEntry(50)) - Metrics intern cache overflow at 2011 for MetricsSystem={MetricsSystem=MetricsInfoImpl{name=MetricsSystem, description=MetricsSystem}, MetricsSystem record=MetricsInfoImpl{name=MetricsSystem, description=MetricsSystem record}}
2024-07-25 11:29:07,406 [e7fccb5b-6f4b-4a5d-93b5-abfcbb2ccb85-groupManagement] INFO  server.RaftServer$Division (RaftServerImpl.java:<init>(253)) - e7fccb5b-6f4b-4a5d-93b5-abfcbb2ccb85: new RaftServerImpl for group-024A386BB799:[e7fccb5b-6f4b-4a5d-93b5-abfcbb2ccb85|127.0.0.1:15014] with ContainerStateMachine:uninitialized
2024-07-25 11:29:07,406 [e7fccb5b-6f4b-4a5d-93b5-abfcbb2ccb85-groupManagement] INFO  server.RaftServerConfigKeys (ConfUtils.java:logGet(46)) - raft.server.rpc.timeout.min = 5s (custom)
2024-07-25 11:29:07,406 [e7fccb5b-6f4b-4a5d-93b5-abfcbb2ccb85-groupManagement] INFO  server.RaftServerConfigKeys (ConfUtils.java:logGet(46)) - raft.server.rpc.timeout.max = 5200ms (custom)
2024-07-25 11:29:07,406 [e7fccb5b-6f4b-4a5d-93b5-abfcbb2ccb85-groupManagement] INFO  server.RaftServerConfigKeys (ConfUtils.java:logGet(46)) - raft.server.rpc.sleep.time = 25ms (default)
2024-07-25 11:29:07,407 [e7fccb5b-6f4b-4a5d-93b5-abfcbb2ccb85-groupManagement] INFO  server.RaftServerConfigKeys (ConfUtils.java:logGet(46)) - raft.server.rpc.slowness.timeout = 300s (custom)
2024-07-25 11:29:07,407 [e7fccb5b-6f4b-4a5d-93b5-abfcbb2ccb85-groupManagement] INFO  server.RaftServerConfigKeys (ConfUtils.java:logGet(46)) - raft.server.leaderelection.leader.step-down.wait-time = 10s (default)
2024-07-25 11:29:07,407 [e7fccb5b-6f4b-4a5d-93b5-abfcbb2ccb85-groupManagement] INFO  server.RaftServerConfigKeys (ConfUtils.java:logGet(46)) - raft.server.leaderelection.member.majority-add = false (default)
2024-07-25 11:29:07,407 [e7fccb5b-6f4b-4a5d-93b5-abfcbb2ccb85-groupManagement] INFO  server.RaftServerConfigKeys (ConfUtils.java:logGet(46)) - raft.server.sleep.deviation.threshold = 300ms (default)
2024-07-25 11:29:07,407 [e7fccb5b-6f4b-4a5d-93b5-abfcbb2ccb85-groupManagement] INFO  server.RaftServer$Division (ServerState.java:<init>(114)) - e7fccb5b-6f4b-4a5d-93b5-abfcbb2ccb85@group-024A386BB799: ConfigurationManager, init=conf: {index: -1, cur=peers:[e7fccb5b-6f4b-4a5d-93b5-abfcbb2ccb85|127.0.0.1:15014]|listeners:[], old=null}, confs=<EMPTY_MAP>
2024-07-25 11:29:07,407 [e7fccb5b-6f4b-4a5d-93b5-abfcbb2ccb85-groupManagement] INFO  server.RaftServerConfigKeys (ConfUtils.java:logGet(46)) - raft.server.notification.no-leader.timeout = 300s (custom)
2024-07-25 11:29:07,407 [e7fccb5b-6f4b-4a5d-93b5-abfcbb2ccb85-groupManagement] INFO  server.RaftServerConfigKeys (ConfUtils.java:logGet(46)) - raft.server.read.timeout = 10s (default)
2024-07-25 11:29:07,407 [e7fccb5b-6f4b-4a5d-93b5-abfcbb2ccb85-groupManagement] INFO  server.RaftServerConfigKeys (ConfUtils.java:logGet(46)) - raft.server.retrycache.expirytime = 600000ms (custom)
2024-07-25 11:29:07,408 [e7fccb5b-6f4b-4a5d-93b5-abfcbb2ccb85-groupManagement] INFO  server.RaftServerConfigKeys (ConfUtils.java:logGet(46)) - raft.server.retrycache.statistics.expirytime = 100ms (default)
2024-07-25 11:29:07,408 [e7fccb5b-6f4b-4a5d-93b5-abfcbb2ccb85-groupManagement] INFO  server.RaftServerConfigKeys (ConfUtils.java:logGet(46)) - raft.server.read.option = DEFAULT (default)
2024-07-25 11:29:07,408 [e7fccb5b-6f4b-4a5d-93b5-abfcbb2ccb85-groupManagement] INFO  server.RaftServerConfigKeys (ConfUtils.java:logGet(46)) - raft.server.read.read-after-write-consistent.write-index-cache.expiry-time = 60s (default)
2024-07-25 11:29:07,416 [e7fccb5b-6f4b-4a5d-93b5-abfcbb2ccb85-groupManagement] INFO  server.RaftServerConfigKeys (ConfUtils.java:logGet(46)) - raft.server.rpc.request.timeout = 60s (custom)
2024-07-25 11:29:07,417 [e7fccb5b-6f4b-4a5d-93b5-abfcbb2ccb85-groupManagement] INFO  server.RaftServerConfigKeys (ConfUtils.java:logGet(46)) - raft.server.log.appender.install.snapshot.enabled = false (custom)
2024-07-25 11:29:07,417 [e7fccb5b-6f4b-4a5d-93b5-abfcbb2ccb85-groupManagement] INFO  server.RaftServerConfigKeys (ConfUtils.java:logGet(46)) - raft.server.threadpool.server.cached = true (default)
2024-07-25 11:29:07,417 [e7fccb5b-6f4b-4a5d-93b5-abfcbb2ccb85-groupManagement] INFO  server.RaftServerConfigKeys (ConfUtils.java:logGet(46)) - raft.server.threadpool.server.size = 0 (default)
2024-07-25 11:29:07,417 [e7fccb5b-6f4b-4a5d-93b5-abfcbb2ccb85-groupManagement] INFO  server.RaftServerConfigKeys (ConfUtils.java:logGet(46)) - raft.server.threadpool.client.cached = true (default)
2024-07-25 11:29:07,417 [e7fccb5b-6f4b-4a5d-93b5-abfcbb2ccb85-groupManagement] INFO  server.RaftServerConfigKeys (ConfUtils.java:logGet(46)) - raft.server.threadpool.client.size = 0 (default)
2024-07-25 11:29:07,417 [e7fccb5b-6f4b-4a5d-93b5-abfcbb2ccb85-groupManagement] INFO  server.RaftServerConfigKeys (ConfUtils.java:logGet(46)) - raft.server.storage.free-space.min = 0MB (=0) (default)
2024-07-25 11:29:07,417 [e7fccb5b-6f4b-4a5d-93b5-abfcbb2ccb85-groupManagement] INFO  server.RaftServerConfigKeys (ConfUtils.java:logGet(46)) - raft.server.log.corruption.policy = EXCEPTION (default)
2024-07-25 11:29:07,417 [e7fccb5b-6f4b-4a5d-93b5-abfcbb2ccb85-groupManagement] INFO  server.RaftServerConfigKeys (ConfUtils.java:logGet(46)) - raft.server.storage.dir = [/home/runner/work/ozone/ozone/hadoop-ozone/integration-test/target/test-dir/MiniOzoneClusterImpl-1f81da03-70dc-44ad-8558-5c969ee5b37a/ozone-meta/datanode-1/ratis] (custom)
2024-07-25 11:29:07,418 [e7fccb5b-6f4b-4a5d-93b5-abfcbb2ccb85-groupManagement] INFO  storage.RaftStorageDirectory (RaftStorageDirectoryImpl.java:analyzeStorage(138)) - The storage directory /home/runner/work/ozone/ozone/hadoop-ozone/integration-test/target/test-dir/MiniOzoneClusterImpl-1f81da03-70dc-44ad-8558-5c969ee5b37a/ozone-meta/datanode-1/ratis/71c35e4b-c5fb-4267-bcb7-024a386bb799 does not exist. Creating ...
2024-07-25 11:29:07,419 [e7fccb5b-6f4b-4a5d-93b5-abfcbb2ccb85-groupManagement] INFO  storage.RaftStorageDirectory (RaftStorageDirectoryImpl.java:tryLock(229)) - Lock on /home/runner/work/ozone/ozone/hadoop-ozone/integration-test/target/test-dir/MiniOzoneClusterImpl-1f81da03-70dc-44ad-8558-5c969ee5b37a/ozone-meta/datanode-1/ratis/71c35e4b-c5fb-4267-bcb7-024a386bb799/in_use.lock acquired by nodename 94518@fv-az1436-131
2024-07-25 11:29:07,420 [e7fccb5b-6f4b-4a5d-93b5-abfcbb2ccb85-groupManagement] INFO  storage.RaftStorage (RaftStorageImpl.java:format(98)) - Storage directory /home/runner/work/ozone/ozone/hadoop-ozone/integration-test/target/test-dir/MiniOzoneClusterImpl-1f81da03-70dc-44ad-8558-5c969ee5b37a/ozone-meta/datanode-1/ratis/71c35e4b-c5fb-4267-bcb7-024a386bb799 has been successfully formatted.
2024-07-25 11:29:07,424 [e7fccb5b-6f4b-4a5d-93b5-abfcbb2ccb85-groupManagement] INFO  ratis.ContainerStateMachine (ContainerStateMachine.java:loadSnapshot(287)) - group-024A386BB799: The snapshot info is null. Setting the last applied index to:(t:0, i:~)
2024-07-25 11:29:07,424 [e7fccb5b-6f4b-4a5d-93b5-abfcbb2ccb85-groupManagement] INFO  server.RaftServerConfigKeys (ConfUtils.java:logGet(46)) - raft.server.log.use.memory = false (default)
2024-07-25 11:29:07,424 [e7fccb5b-6f4b-4a5d-93b5-abfcbb2ccb85-groupManagement] INFO  server.RaftServerConfigKeys (ConfUtils.java:logGet(46)) - raft.server.log.purge.gap = 1000000 (custom)
2024-07-25 11:29:07,424 [e7fccb5b-6f4b-4a5d-93b5-abfcbb2ccb85-groupManagement] INFO  server.RaftServerConfigKeys (ConfUtils.java:logGet(46)) - raft.server.log.appender.buffer.byte-limit = 8388608 (custom)
2024-07-25 11:29:07,425 [e7fccb5b-6f4b-4a5d-93b5-abfcbb2ccb85-groupManagement] INFO  server.RaftServerConfigKeys (ConfUtils.java:logGet(46)) - raft.server.log.statemachine.data.read.timeout = 1000ms (default)
2024-07-25 11:29:07,425 [e7fccb5b-6f4b-4a5d-93b5-abfcbb2ccb85-groupManagement] INFO  server.RaftServerConfigKeys (ConfUtils.java:logGet(46)) - raft.server.log.purge.preservation.log.num = 0 (default)
2024-07-25 11:29:07,428 [e7fccb5b-6f4b-4a5d-93b5-abfcbb2ccb85-groupManagement] INFO  server.RaftServerConfigKeys (ConfUtils.java:logGet(46)) - raft.server.log.segment.size.max = 67108864 (custom)
2024-07-25 11:29:07,429 [e7fccb5b-6f4b-4a5d-93b5-abfcbb2ccb85-groupManagement] INFO  server.RaftServerConfigKeys (ConfUtils.java:logGet(46)) - raft.server.log.segment.cache.num.max = 2 (custom)
2024-07-25 11:29:07,429 [e7fccb5b-6f4b-4a5d-93b5-abfcbb2ccb85-groupManagement] INFO  server.RaftServerConfigKeys (ConfUtils.java:logGet(46)) - raft.server.log.segment.cache.size.max = 200MB (=209715200) (default)
2024-07-25 11:29:07,429 [e7fccb5b-6f4b-4a5d-93b5-abfcbb2ccb85-groupManagement] INFO  server.RaftServerConfigKeys (ConfUtils.java:logGet(46)) - raft.server.log.appender.buffer.byte-limit = 8388608 (custom)
2024-07-25 11:29:07,434 [e7fccb5b-6f4b-4a5d-93b5-abfcbb2ccb85-groupManagement] INFO  util.AwaitToRun (AwaitToRun.java:start(81)) - Thread[e7fccb5b-6f4b-4a5d-93b5-abfcbb2ccb85@group-024A386BB799-cacheEviction-AwaitToRun,5,main] started
2024-07-25 11:29:07,434 [e7fccb5b-6f4b-4a5d-93b5-abfcbb2ccb85-groupManagement] INFO  segmented.SegmentedRaftLogWorker (SegmentedRaftLogWorker.java:<init>(184)) - new e7fccb5b-6f4b-4a5d-93b5-abfcbb2ccb85@group-024A386BB799-SegmentedRaftLogWorker for RaftStorageImpl:Storage Directory /home/runner/work/ozone/ozone/hadoop-ozone/integration-test/target/test-dir/MiniOzoneClusterImpl-1f81da03-70dc-44ad-8558-5c969ee5b37a/ozone-meta/datanode-1/ratis/71c35e4b-c5fb-4267-bcb7-024a386bb799
2024-07-25 11:29:07,434 [e7fccb5b-6f4b-4a5d-93b5-abfcbb2ccb85-groupManagement] INFO  server.RaftServerConfigKeys (ConfUtils.java:logGet(46)) - raft.server.log.queue.byte-limit = 4294967296 (custom)
2024-07-25 11:29:07,434 [e7fccb5b-6f4b-4a5d-93b5-abfcbb2ccb85-groupManagement] INFO  server.RaftServerConfigKeys (ConfUtils.java:logGet(46)) - raft.server.log.queue.element-limit = 1024 (custom)
2024-07-25 11:29:07,435 [e7fccb5b-6f4b-4a5d-93b5-abfcbb2ccb85-groupManagement] INFO  server.RaftServerConfigKeys (ConfUtils.java:logGet(46)) - raft.server.log.segment.size.max = 67108864 (custom)
2024-07-25 11:29:07,435 [e7fccb5b-6f4b-4a5d-93b5-abfcbb2ccb85-groupManagement] INFO  server.RaftServerConfigKeys (ConfUtils.java:logGet(46)) - raft.server.log.preallocated.size = 4194304 (custom)
2024-07-25 11:29:07,435 [e7fccb5b-6f4b-4a5d-93b5-abfcbb2ccb85-groupManagement] INFO  server.RaftServerConfigKeys (ConfUtils.java:logGet(46)) - raft.server.log.force.sync.num = 128 (default)
2024-07-25 11:29:07,435 [e7fccb5b-6f4b-4a5d-93b5-abfcbb2ccb85-groupManagement] INFO  server.RaftServerConfigKeys (ConfUtils.java:logGet(46)) - raft.server.log.statemachine.data.sync = true (default)
2024-07-25 11:29:07,435 [e7fccb5b-6f4b-4a5d-93b5-abfcbb2ccb85-groupManagement] INFO  server.RaftServerConfigKeys (ConfUtils.java:logGet(46)) - raft.server.log.statemachine.data.sync.timeout = 10s (default)
2024-07-25 11:29:07,436 [e7fccb5b-6f4b-4a5d-93b5-abfcbb2ccb85-groupManagement] INFO  server.RaftServerConfigKeys (ConfUtils.java:logGet(46)) - raft.server.log.statemachine.data.sync.timeout.retry = 30 (custom)
2024-07-25 11:29:07,437 [e7fccb5b-6f4b-4a5d-93b5-abfcbb2ccb85-groupManagement] INFO  server.RaftServerConfigKeys (ConfUtils.java:logGet(46)) - raft.server.log.write.buffer.size = 8388616 (custom)
2024-07-25 11:29:07,439 [EventQueue-PipelineReportForPipelineReportHandler] INFO  pipeline.PipelineReportHandler (PipelineReportHandler.java:processPipelineReport(136)) - Opened pipeline PipelineID=71c35e4b-c5fb-4267-bcb7-024a386bb799
2024-07-25 11:29:07,440 [e7fccb5b-6f4b-4a5d-93b5-abfcbb2ccb85-groupManagement] INFO  server.RaftServerConfigKeys (ConfUtils.java:logGet(46)) - raft.server.log.appender.buffer.byte-limit = 8388608 (custom)
2024-07-25 11:29:07,440 [e7fccb5b-6f4b-4a5d-93b5-abfcbb2ccb85-groupManagement] INFO  server.RaftServerConfigKeys (ConfUtils.java:logGet(46)) - raft.server.log.unsafe-flush.enabled = false (default)
2024-07-25 11:29:07,440 [e7fccb5b-6f4b-4a5d-93b5-abfcbb2ccb85-groupManagement] INFO  server.RaftServerConfigKeys (ConfUtils.java:logGet(46)) - raft.server.log.async-flush.enabled = false (default)
2024-07-25 11:29:07,440 [e7fccb5b-6f4b-4a5d-93b5-abfcbb2ccb85-groupManagement] INFO  server.RaftServerConfigKeys (ConfUtils.java:logGet(46)) - raft.server.log.statemachine.data.caching.enabled = true (custom)
2024-07-25 11:29:07,441 [e7fccb5b-6f4b-4a5d-93b5-abfcbb2ccb85-groupManagement] INFO  segmented.SegmentedRaftLogWorker (SegmentedRaftLogWorker.java:lambda$new$0(135)) - e7fccb5b-6f4b-4a5d-93b5-abfcbb2ccb85@group-024A386BB799-SegmentedRaftLogWorker: flushIndex: setUnconditionally 0 -> -1
2024-07-25 11:29:07,441 [e7fccb5b-6f4b-4a5d-93b5-abfcbb2ccb85-groupManagement] INFO  segmented.SegmentedRaftLogWorker (SegmentedRaftLogWorker.java:lambda$new$0(135)) - e7fccb5b-6f4b-4a5d-93b5-abfcbb2ccb85@group-024A386BB799-SegmentedRaftLogWorker: safeCacheEvictIndex: setUnconditionally 0 -> -1
2024-07-25 11:29:07,441 [EventQueue-OpenPipelineForHealthyPipelineSafeModeRule] INFO  safemode.SCMSafeModeManager (HealthyPipelineSafeModeRule.java:process(140)) - SCM in safe mode. Healthy pipelines reported count is 0, required healthy pipeline reported count is 1
2024-07-25 11:29:07,445 [e7fccb5b-6f4b-4a5d-93b5-abfcbb2ccb85-groupManagement] INFO  server.RaftServer$Division (RaftServerImpl.java:start(389)) - e7fccb5b-6f4b-4a5d-93b5-abfcbb2ccb85@group-024A386BB799: start as a follower, conf=conf: {index: -1, cur=peers:[e7fccb5b-6f4b-4a5d-93b5-abfcbb2ccb85|127.0.0.1:15014]|listeners:[], old=null}
2024-07-25 11:29:07,446 [e7fccb5b-6f4b-4a5d-93b5-abfcbb2ccb85-groupManagement] INFO  server.RaftServer$Division (RaftServerImpl.java:setRole(376)) - e7fccb5b-6f4b-4a5d-93b5-abfcbb2ccb85@group-024A386BB799: changes role from      null to FOLLOWER at term 0 for startAsFollower
2024-07-25 11:29:07,446 [e7fccb5b-6f4b-4a5d-93b5-abfcbb2ccb85-groupManagement] INFO  impl.RoleInfo (RoleInfo.java:updateAndGet(148)) - e7fccb5b-6f4b-4a5d-93b5-abfcbb2ccb85: start e7fccb5b-6f4b-4a5d-93b5-abfcbb2ccb85@group-024A386BB799-FollowerState
2024-07-25 11:29:07,446 [e7fccb5b-6f4b-4a5d-93b5-abfcbb2ccb85@group-024A386BB799-FollowerState] INFO  server.RaftServerConfigKeys (ConfUtils.java:logFallback(53)) - raft.server.rpc.first-election.timeout.min = 5s (fallback to raft.server.rpc.timeout.min)
2024-07-25 11:29:07,446 [e7fccb5b-6f4b-4a5d-93b5-abfcbb2ccb85-groupManagement] INFO  util.JmxRegister (JmxRegister.java:tryRegister(44)) - Successfully registered JMX Bean with object name Ratis:service=RaftServer,group=group-024A386BB799,id=e7fccb5b-6f4b-4a5d-93b5-abfcbb2ccb85
2024-07-25 11:29:07,446 [e7fccb5b-6f4b-4a5d-93b5-abfcbb2ccb85-groupManagement] INFO  util.JmxRegister (JmxRegister.java:register(58)) - register mxBean class org.apache.ratis.server.impl.RaftServerJmxAdapter as Ratis:service=RaftServer,group=group-024A386BB799,id=e7fccb5b-6f4b-4a5d-93b5-abfcbb2ccb85
2024-07-25 11:29:07,447 [e7fccb5b-6f4b-4a5d-93b5-abfcbb2ccb85-groupManagement] INFO  server.RaftServerConfigKeys (ConfUtils.java:logGet(46)) - raft.server.snapshot.trigger-when-stop.enabled = true (default)
2024-07-25 11:29:07,447 [e7fccb5b-6f4b-4a5d-93b5-abfcbb2ccb85-groupManagement] INFO  server.RaftServerConfigKeys (ConfUtils.java:logGet(46)) - raft.server.snapshot.trigger-when-remove.enabled = true (default)
2024-07-25 11:29:07,447 [e7fccb5b-6f4b-4a5d-93b5-abfcbb2ccb85-groupManagement] INFO  server.RaftServerConfigKeys (ConfUtils.java:logGet(46)) - raft.server.snapshot.auto.trigger.enabled = true (custom)
2024-07-25 11:29:07,447 [e7fccb5b-6f4b-4a5d-93b5-abfcbb2ccb85-groupManagement] INFO  server.RaftServerConfigKeys (ConfUtils.java:logGet(46)) - raft.server.snapshot.auto.trigger.threshold = 10000 (custom)
2024-07-25 11:29:07,447 [e7fccb5b-6f4b-4a5d-93b5-abfcbb2ccb85-groupManagement] INFO  server.RaftServerConfigKeys (ConfUtils.java:logGet(46)) - raft.server.snapshot.retention.file.num = 5 (custom)
2024-07-25 11:29:07,447 [e7fccb5b-6f4b-4a5d-93b5-abfcbb2ccb85-groupManagement] INFO  server.RaftServerConfigKeys (ConfUtils.java:logGet(46)) - raft.server.log.purge.upto.snapshot.index = false (default)
2024-07-25 11:29:07,449 [e7fccb5b-6f4b-4a5d-93b5-abfcbb2ccb85@group-024A386BB799-FollowerState] INFO  server.RaftServerConfigKeys (ConfUtils.java:logFallback(53)) - raft.server.rpc.first-election.timeout.max = 5200ms (fallback to raft.server.rpc.timeout.max)
2024-07-25 11:29:07,453 [e7fccb5b-6f4b-4a5d-93b5-abfcbb2ccb85-PipelineCommandHandlerThread-0] INFO  ratis.XceiverServerRatis (XceiverServerRatis.java:addGroup(849)) - Created group PipelineID=71c35e4b-c5fb-4267-bcb7-024a386bb799
2024-07-25 11:29:07,454 [e7fccb5b-6f4b-4a5d-93b5-abfcbb2ccb85-PipelineCommandHandlerThread-0] INFO  commandhandler.CreatePipelineCommandHandler (CreatePipelineCommandHandler.java:lambda$handle$2(124)) - Created Pipeline RATIS ONE PipelineID=71c35e4b-c5fb-4267-bcb7-024a386bb799.
2024-07-25 11:29:07,454 [e7fccb5b-6f4b-4a5d-93b5-abfcbb2ccb85-PipelineCommandHandlerThread-0] INFO  server.RaftServer (RaftServerProxy.java:addNew(101)) - e7fccb5b-6f4b-4a5d-93b5-abfcbb2ccb85: addNew group-87A56816AD29:[4f6a4ba8-7237-4720-8e71-4cf4f347a525|127.0.0.1:15032, a2876ff0-d178-48ae-a6b6-bf6963d4710d|127.0.0.1:15023, e7fccb5b-6f4b-4a5d-93b5-abfcbb2ccb85|127.0.0.1:15014] returns group-87A56816AD29:java.util.concurrent.CompletableFuture@4c2e0824[Not completed]
2024-07-25 11:29:07,456 [e7fccb5b-6f4b-4a5d-93b5-abfcbb2ccb85-groupManagement] INFO  server.RaftServer$Division (RaftServerImpl.java:<init>(253)) - e7fccb5b-6f4b-4a5d-93b5-abfcbb2ccb85: new RaftServerImpl for group-87A56816AD29:[4f6a4ba8-7237-4720-8e71-4cf4f347a525|127.0.0.1:15032, a2876ff0-d178-48ae-a6b6-bf6963d4710d|127.0.0.1:15023, e7fccb5b-6f4b-4a5d-93b5-abfcbb2ccb85|127.0.0.1:15014] with ContainerStateMachine:uninitialized
2024-07-25 11:29:07,456 [e7fccb5b-6f4b-4a5d-93b5-abfcbb2ccb85-groupManagement] INFO  server.RaftServerConfigKeys (ConfUtils.java:logGet(46)) - raft.server.rpc.timeout.min = 5s (custom)
2024-07-25 11:29:07,456 [e7fccb5b-6f4b-4a5d-93b5-abfcbb2ccb85-groupManagement] INFO  server.RaftServerConfigKeys (ConfUtils.java:logGet(46)) - raft.server.rpc.timeout.max = 5200ms (custom)
2024-07-25 11:29:07,456 [e7fccb5b-6f4b-4a5d-93b5-abfcbb2ccb85-groupManagement] INFO  server.RaftServerConfigKeys (ConfUtils.java:logGet(46)) - raft.server.rpc.sleep.time = 25ms (default)
2024-07-25 11:29:07,456 [e7fccb5b-6f4b-4a5d-93b5-abfcbb2ccb85-groupManagement] INFO  server.RaftServerConfigKeys (ConfUtils.java:logGet(46)) - raft.server.rpc.slowness.timeout = 300s (custom)
2024-07-25 11:29:07,457 [e7fccb5b-6f4b-4a5d-93b5-abfcbb2ccb85-groupManagement] INFO  server.RaftServerConfigKeys (ConfUtils.java:logGet(46)) - raft.server.leaderelection.leader.step-down.wait-time = 10s (default)
2024-07-25 11:29:07,457 [e7fccb5b-6f4b-4a5d-93b5-abfcbb2ccb85-groupManagement] INFO  server.RaftServerConfigKeys (ConfUtils.java:logGet(46)) - raft.server.leaderelection.member.majority-add = false (default)
2024-07-25 11:29:07,457 [e7fccb5b-6f4b-4a5d-93b5-abfcbb2ccb85-groupManagement] INFO  server.RaftServerConfigKeys (ConfUtils.java:logGet(46)) - raft.server.sleep.deviation.threshold = 300ms (default)
2024-07-25 11:29:07,457 [e7fccb5b-6f4b-4a5d-93b5-abfcbb2ccb85-groupManagement] INFO  server.RaftServer$Division (ServerState.java:<init>(114)) - e7fccb5b-6f4b-4a5d-93b5-abfcbb2ccb85@group-87A56816AD29: ConfigurationManager, init=conf: {index: -1, cur=peers:[4f6a4ba8-7237-4720-8e71-4cf4f347a525|127.0.0.1:15032, a2876ff0-d178-48ae-a6b6-bf6963d4710d|127.0.0.1:15023, e7fccb5b-6f4b-4a5d-93b5-abfcbb2ccb85|127.0.0.1:15014]|listeners:[], old=null}, confs=<EMPTY_MAP>
2024-07-25 11:29:07,457 [e7fccb5b-6f4b-4a5d-93b5-abfcbb2ccb85-groupManagement] INFO  server.RaftServerConfigKeys (ConfUtils.java:logGet(46)) - raft.server.notification.no-leader.timeout = 300s (custom)
2024-07-25 11:29:07,457 [e7fccb5b-6f4b-4a5d-93b5-abfcbb2ccb85-groupManagement] INFO  server.RaftServerConfigKeys (ConfUtils.java:logGet(46)) - raft.server.read.timeout = 10s (default)
2024-07-25 11:29:07,457 [e7fccb5b-6f4b-4a5d-93b5-abfcbb2ccb85-groupManagement] INFO  server.RaftServerConfigKeys (ConfUtils.java:logGet(46)) - raft.server.retrycache.expirytime = 600000ms (custom)
2024-07-25 11:29:07,457 [e7fccb5b-6f4b-4a5d-93b5-abfcbb2ccb85-groupManagement] INFO  server.RaftServerConfigKeys (ConfUtils.java:logGet(46)) - raft.server.retrycache.statistics.expirytime = 100ms (default)
2024-07-25 11:29:07,457 [e7fccb5b-6f4b-4a5d-93b5-abfcbb2ccb85-groupManagement] INFO  server.RaftServerConfigKeys (ConfUtils.java:logGet(46)) - raft.server.read.option = DEFAULT (default)
2024-07-25 11:29:07,457 [e7fccb5b-6f4b-4a5d-93b5-abfcbb2ccb85-groupManagement] INFO  server.RaftServerConfigKeys (ConfUtils.java:logGet(46)) - raft.server.read.read-after-write-consistent.write-index-cache.expiry-time = 60s (default)
2024-07-25 11:29:07,464 [e7fccb5b-6f4b-4a5d-93b5-abfcbb2ccb85-groupManagement] INFO  server.RaftServerConfigKeys (ConfUtils.java:logGet(46)) - raft.server.rpc.request.timeout = 60s (custom)
2024-07-25 11:29:07,464 [e7fccb5b-6f4b-4a5d-93b5-abfcbb2ccb85-groupManagement] INFO  server.RaftServerConfigKeys (ConfUtils.java:logGet(46)) - raft.server.log.appender.install.snapshot.enabled = false (custom)
2024-07-25 11:29:07,465 [e7fccb5b-6f4b-4a5d-93b5-abfcbb2ccb85-groupManagement] INFO  server.RaftServerConfigKeys (ConfUtils.java:logGet(46)) - raft.server.threadpool.server.cached = true (default)
2024-07-25 11:29:07,465 [e7fccb5b-6f4b-4a5d-93b5-abfcbb2ccb85-groupManagement] INFO  server.RaftServerConfigKeys (ConfUtils.java:logGet(46)) - raft.server.threadpool.server.size = 0 (default)
2024-07-25 11:29:07,465 [e7fccb5b-6f4b-4a5d-93b5-abfcbb2ccb85-groupManagement] INFO  server.RaftServerConfigKeys (ConfUtils.java:logGet(46)) - raft.server.threadpool.client.cached = true (default)
2024-07-25 11:29:07,465 [e7fccb5b-6f4b-4a5d-93b5-abfcbb2ccb85-groupManagement] INFO  server.RaftServerConfigKeys (ConfUtils.java:logGet(46)) - raft.server.threadpool.client.size = 0 (default)
2024-07-25 11:29:07,465 [e7fccb5b-6f4b-4a5d-93b5-abfcbb2ccb85-groupManagement] INFO  server.RaftServerConfigKeys (ConfUtils.java:logGet(46)) - raft.server.storage.free-space.min = 0MB (=0) (default)
2024-07-25 11:29:07,465 [e7fccb5b-6f4b-4a5d-93b5-abfcbb2ccb85-groupManagement] INFO  server.RaftServerConfigKeys (ConfUtils.java:logGet(46)) - raft.server.log.corruption.policy = EXCEPTION (default)
2024-07-25 11:29:07,465 [e7fccb5b-6f4b-4a5d-93b5-abfcbb2ccb85-groupManagement] INFO  server.RaftServerConfigKeys (ConfUtils.java:logGet(46)) - raft.server.storage.dir = [/home/runner/work/ozone/ozone/hadoop-ozone/integration-test/target/test-dir/MiniOzoneClusterImpl-1f81da03-70dc-44ad-8558-5c969ee5b37a/ozone-meta/datanode-1/ratis] (custom)
2024-07-25 11:29:07,466 [e7fccb5b-6f4b-4a5d-93b5-abfcbb2ccb85-groupManagement] INFO  storage.RaftStorageDirectory (RaftStorageDirectoryImpl.java:analyzeStorage(138)) - The storage directory /home/runner/work/ozone/ozone/hadoop-ozone/integration-test/target/test-dir/MiniOzoneClusterImpl-1f81da03-70dc-44ad-8558-5c969ee5b37a/ozone-meta/datanode-1/ratis/948d8638-4239-4972-bb67-87a56816ad29 does not exist. Creating ...
2024-07-25 11:29:07,467 [e7fccb5b-6f4b-4a5d-93b5-abfcbb2ccb85-groupManagement] INFO  storage.RaftStorageDirectory (RaftStorageDirectoryImpl.java:tryLock(229)) - Lock on /home/runner/work/ozone/ozone/hadoop-ozone/integration-test/target/test-dir/MiniOzoneClusterImpl-1f81da03-70dc-44ad-8558-5c969ee5b37a/ozone-meta/datanode-1/ratis/948d8638-4239-4972-bb67-87a56816ad29/in_use.lock acquired by nodename 94518@fv-az1436-131
2024-07-25 11:29:07,468 [e7fccb5b-6f4b-4a5d-93b5-abfcbb2ccb85-groupManagement] INFO  storage.RaftStorage (RaftStorageImpl.java:format(98)) - Storage directory /home/runner/work/ozone/ozone/hadoop-ozone/integration-test/target/test-dir/MiniOzoneClusterImpl-1f81da03-70dc-44ad-8558-5c969ee5b37a/ozone-meta/datanode-1/ratis/948d8638-4239-4972-bb67-87a56816ad29 has been successfully formatted.
2024-07-25 11:29:07,470 [e7fccb5b-6f4b-4a5d-93b5-abfcbb2ccb85-groupManagement] INFO  ratis.ContainerStateMachine (ContainerStateMachine.java:loadSnapshot(287)) - group-87A56816AD29: The snapshot info is null. Setting the last applied index to:(t:0, i:~)
2024-07-25 11:29:07,470 [e7fccb5b-6f4b-4a5d-93b5-abfcbb2ccb85-groupManagement] INFO  server.RaftServerConfigKeys (ConfUtils.java:logGet(46)) - raft.server.log.use.memory = false (default)
2024-07-25 11:29:07,470 [e7fccb5b-6f4b-4a5d-93b5-abfcbb2ccb85-groupManagement] INFO  server.RaftServerConfigKeys (ConfUtils.java:logGet(46)) - raft.server.log.purge.gap = 1000000 (custom)
2024-07-25 11:29:07,470 [e7fccb5b-6f4b-4a5d-93b5-abfcbb2ccb85-groupManagement] INFO  server.RaftServerConfigKeys (ConfUtils.java:logGet(46)) - raft.server.log.appender.buffer.byte-limit = 8388608 (custom)
2024-07-25 11:29:07,470 [EventQueue-OpenPipelineForHealthyPipelineSafeModeRule] INFO  safemode.SCMSafeModeManager (HealthyPipelineSafeModeRule.java:process(140)) - SCM in safe mode. Healthy pipelines reported count is 0, required healthy pipeline reported count is 1
2024-07-25 11:29:07,471 [e7fccb5b-6f4b-4a5d-93b5-abfcbb2ccb85-groupManagement] INFO  server.RaftServerConfigKeys (ConfUtils.java:logGet(46)) - raft.server.log.statemachine.data.read.timeout = 1000ms (default)
2024-07-25 11:29:07,471 [e7fccb5b-6f4b-4a5d-93b5-abfcbb2ccb85-groupManagement] INFO  server.RaftServerConfigKeys (ConfUtils.java:logGet(46)) - raft.server.log.purge.preservation.log.num = 0 (default)
2024-07-25 11:29:07,474 [e7fccb5b-6f4b-4a5d-93b5-abfcbb2ccb85-groupManagement] INFO  server.RaftServerConfigKeys (ConfUtils.java:logGet(46)) - raft.server.log.segment.size.max = 67108864 (custom)
2024-07-25 11:29:07,474 [e7fccb5b-6f4b-4a5d-93b5-abfcbb2ccb85-groupManagement] INFO  server.RaftServerConfigKeys (ConfUtils.java:logGet(46)) - raft.server.log.segment.cache.num.max = 2 (custom)
2024-07-25 11:29:07,475 [e7fccb5b-6f4b-4a5d-93b5-abfcbb2ccb85-groupManagement] INFO  server.RaftServerConfigKeys (ConfUtils.java:logGet(46)) - raft.server.log.segment.cache.size.max = 200MB (=209715200) (default)
2024-07-25 11:29:07,475 [e7fccb5b-6f4b-4a5d-93b5-abfcbb2ccb85-groupManagement] INFO  server.RaftServerConfigKeys (ConfUtils.java:logGet(46)) - raft.server.log.appender.buffer.byte-limit = 8388608 (custom)
2024-07-25 11:29:07,475 [e7fccb5b-6f4b-4a5d-93b5-abfcbb2ccb85-groupManagement] INFO  util.AwaitToRun (AwaitToRun.java:start(81)) - Thread[e7fccb5b-6f4b-4a5d-93b5-abfcbb2ccb85@group-87A56816AD29-cacheEviction-AwaitToRun,5,main] started
2024-07-25 11:29:07,475 [e7fccb5b-6f4b-4a5d-93b5-abfcbb2ccb85-groupManagement] INFO  segmented.SegmentedRaftLogWorker (SegmentedRaftLogWorker.java:<init>(184)) - new e7fccb5b-6f4b-4a5d-93b5-abfcbb2ccb85@group-87A56816AD29-SegmentedRaftLogWorker for RaftStorageImpl:Storage Directory /home/runner/work/ozone/ozone/hadoop-ozone/integration-test/target/test-dir/MiniOzoneClusterImpl-1f81da03-70dc-44ad-8558-5c969ee5b37a/ozone-meta/datanode-1/ratis/948d8638-4239-4972-bb67-87a56816ad29
2024-07-25 11:29:07,475 [e7fccb5b-6f4b-4a5d-93b5-abfcbb2ccb85-groupManagement] INFO  server.RaftServerConfigKeys (ConfUtils.java:logGet(46)) - raft.server.log.queue.byte-limit = 4294967296 (custom)
2024-07-25 11:29:07,476 [e7fccb5b-6f4b-4a5d-93b5-abfcbb2ccb85-groupManagement] INFO  server.RaftServerConfigKeys (ConfUtils.java:logGet(46)) - raft.server.log.queue.element-limit = 1024 (custom)
2024-07-25 11:29:07,476 [e7fccb5b-6f4b-4a5d-93b5-abfcbb2ccb85-groupManagement] INFO  server.RaftServerConfigKeys (ConfUtils.java:logGet(46)) - raft.server.log.segment.size.max = 67108864 (custom)
2024-07-25 11:29:07,476 [e7fccb5b-6f4b-4a5d-93b5-abfcbb2ccb85-groupManagement] INFO  server.RaftServerConfigKeys (ConfUtils.java:logGet(46)) - raft.server.log.preallocated.size = 4194304 (custom)
2024-07-25 11:29:07,476 [e7fccb5b-6f4b-4a5d-93b5-abfcbb2ccb85-groupManagement] INFO  server.RaftServerConfigKeys (ConfUtils.java:logGet(46)) - raft.server.log.force.sync.num = 128 (default)
2024-07-25 11:29:07,476 [e7fccb5b-6f4b-4a5d-93b5-abfcbb2ccb85-groupManagement] INFO  server.RaftServerConfigKeys (ConfUtils.java:logGet(46)) - raft.server.log.statemachine.data.sync = true (default)
2024-07-25 11:29:07,477 [e7fccb5b-6f4b-4a5d-93b5-abfcbb2ccb85-groupManagement] INFO  server.RaftServerConfigKeys (ConfUtils.java:logGet(46)) - raft.server.log.statemachine.data.sync.timeout = 10s (default)
2024-07-25 11:29:07,477 [e7fccb5b-6f4b-4a5d-93b5-abfcbb2ccb85-groupManagement] INFO  server.RaftServerConfigKeys (ConfUtils.java:logGet(46)) - raft.server.log.statemachine.data.sync.timeout.retry = 30 (custom)
2024-07-25 11:29:07,477 [e7fccb5b-6f4b-4a5d-93b5-abfcbb2ccb85-groupManagement] INFO  server.RaftServerConfigKeys (ConfUtils.java:logGet(46)) - raft.server.log.write.buffer.size = 8388616 (custom)
2024-07-25 11:29:07,480 [e7fccb5b-6f4b-4a5d-93b5-abfcbb2ccb85-groupManagement] INFO  server.RaftServerConfigKeys (ConfUtils.java:logGet(46)) - raft.server.log.appender.buffer.byte-limit = 8388608 (custom)
2024-07-25 11:29:07,480 [e7fccb5b-6f4b-4a5d-93b5-abfcbb2ccb85-groupManagement] INFO  server.RaftServerConfigKeys (ConfUtils.java:logGet(46)) - raft.server.log.unsafe-flush.enabled = false (default)
2024-07-25 11:29:07,480 [e7fccb5b-6f4b-4a5d-93b5-abfcbb2ccb85-groupManagement] INFO  server.RaftServerConfigKeys (ConfUtils.java:logGet(46)) - raft.server.log.async-flush.enabled = false (default)
2024-07-25 11:29:07,480 [e7fccb5b-6f4b-4a5d-93b5-abfcbb2ccb85-groupManagement] INFO  server.RaftServerConfigKeys (ConfUtils.java:logGet(46)) - raft.server.log.statemachine.data.caching.enabled = true (custom)
2024-07-25 11:29:07,480 [e7fccb5b-6f4b-4a5d-93b5-abfcbb2ccb85-groupManagement] INFO  segmented.SegmentedRaftLogWorker (SegmentedRaftLogWorker.java:lambda$new$0(135)) - e7fccb5b-6f4b-4a5d-93b5-abfcbb2ccb85@group-87A56816AD29-SegmentedRaftLogWorker: flushIndex: setUnconditionally 0 -> -1
2024-07-25 11:29:07,480 [e7fccb5b-6f4b-4a5d-93b5-abfcbb2ccb85-groupManagement] INFO  segmented.SegmentedRaftLogWorker (SegmentedRaftLogWorker.java:lambda$new$0(135)) - e7fccb5b-6f4b-4a5d-93b5-abfcbb2ccb85@group-87A56816AD29-SegmentedRaftLogWorker: safeCacheEvictIndex: setUnconditionally 0 -> -1
2024-07-25 11:29:07,481 [e7fccb5b-6f4b-4a5d-93b5-abfcbb2ccb85-groupManagement] INFO  server.RaftServer$Division (RaftServerImpl.java:start(389)) - e7fccb5b-6f4b-4a5d-93b5-abfcbb2ccb85@group-87A56816AD29: start as a follower, conf=conf: {index: -1, cur=peers:[4f6a4ba8-7237-4720-8e71-4cf4f347a525|127.0.0.1:15032, a2876ff0-d178-48ae-a6b6-bf6963d4710d|127.0.0.1:15023, e7fccb5b-6f4b-4a5d-93b5-abfcbb2ccb85|127.0.0.1:15014]|listeners:[], old=null}
2024-07-25 11:29:07,481 [e7fccb5b-6f4b-4a5d-93b5-abfcbb2ccb85-groupManagement] INFO  server.RaftServer$Division (RaftServerImpl.java:setRole(376)) - e7fccb5b-6f4b-4a5d-93b5-abfcbb2ccb85@group-87A56816AD29: changes role from      null to FOLLOWER at term 0 for startAsFollower
2024-07-25 11:29:07,481 [e7fccb5b-6f4b-4a5d-93b5-abfcbb2ccb85-groupManagement] INFO  impl.RoleInfo (RoleInfo.java:updateAndGet(148)) - e7fccb5b-6f4b-4a5d-93b5-abfcbb2ccb85: start e7fccb5b-6f4b-4a5d-93b5-abfcbb2ccb85@group-87A56816AD29-FollowerState
2024-07-25 11:29:07,481 [e7fccb5b-6f4b-4a5d-93b5-abfcbb2ccb85@group-87A56816AD29-FollowerState] INFO  server.RaftServerConfigKeys (ConfUtils.java:logFallback(53)) - raft.server.rpc.first-election.timeout.min = 5s (fallback to raft.server.rpc.timeout.min)
2024-07-25 11:29:07,481 [e7fccb5b-6f4b-4a5d-93b5-abfcbb2ccb85@group-87A56816AD29-FollowerState] INFO  server.RaftServerConfigKeys (ConfUtils.java:logFallback(53)) - raft.server.rpc.first-election.timeout.max = 5200ms (fallback to raft.server.rpc.timeout.max)
2024-07-25 11:29:07,481 [e7fccb5b-6f4b-4a5d-93b5-abfcbb2ccb85-groupManagement] INFO  util.JmxRegister (JmxRegister.java:tryRegister(44)) - Successfully registered JMX Bean with object name Ratis:service=RaftServer,group=group-87A56816AD29,id=e7fccb5b-6f4b-4a5d-93b5-abfcbb2ccb85
2024-07-25 11:29:07,482 [e7fccb5b-6f4b-4a5d-93b5-abfcbb2ccb85-groupManagement] INFO  util.JmxRegister (JmxRegister.java:register(58)) - register mxBean class org.apache.ratis.server.impl.RaftServerJmxAdapter as Ratis:service=RaftServer,group=group-87A56816AD29,id=e7fccb5b-6f4b-4a5d-93b5-abfcbb2ccb85
2024-07-25 11:29:07,482 [e7fccb5b-6f4b-4a5d-93b5-abfcbb2ccb85-groupManagement] INFO  server.RaftServerConfigKeys (ConfUtils.java:logGet(46)) - raft.server.snapshot.trigger-when-stop.enabled = true (default)
2024-07-25 11:29:07,482 [e7fccb5b-6f4b-4a5d-93b5-abfcbb2ccb85-groupManagement] INFO  server.RaftServerConfigKeys (ConfUtils.java:logGet(46)) - raft.server.snapshot.trigger-when-remove.enabled = true (default)
2024-07-25 11:29:07,482 [e7fccb5b-6f4b-4a5d-93b5-abfcbb2ccb85-groupManagement] INFO  server.RaftServerConfigKeys (ConfUtils.java:logGet(46)) - raft.server.snapshot.auto.trigger.enabled = true (custom)
2024-07-25 11:29:07,482 [e7fccb5b-6f4b-4a5d-93b5-abfcbb2ccb85-groupManagement] INFO  server.RaftServerConfigKeys (ConfUtils.java:logGet(46)) - raft.server.snapshot.auto.trigger.threshold = 10000 (custom)
2024-07-25 11:29:07,482 [e7fccb5b-6f4b-4a5d-93b5-abfcbb2ccb85-groupManagement] INFO  server.RaftServerConfigKeys (ConfUtils.java:logGet(46)) - raft.server.snapshot.retention.file.num = 5 (custom)
2024-07-25 11:29:07,482 [e7fccb5b-6f4b-4a5d-93b5-abfcbb2ccb85-groupManagement] INFO  server.RaftServerConfigKeys (ConfUtils.java:logGet(46)) - raft.server.log.purge.upto.snapshot.index = false (default)
2024-07-25 11:29:07,484 [e7fccb5b-6f4b-4a5d-93b5-abfcbb2ccb85-PipelineCommandHandlerThread-0] INFO  ratis.XceiverServerRatis (XceiverServerRatis.java:addGroup(849)) - Created group PipelineID=948d8638-4239-4972-bb67-87a56816ad29
2024-07-25 11:29:07,684 [grpc-default-executor-0] INFO  server.RaftServer (RaftServerProxy.java:addNew(101)) - a2876ff0-d178-48ae-a6b6-bf6963d4710d: addNew group-87A56816AD29:[4f6a4ba8-7237-4720-8e71-4cf4f347a525|127.0.0.1:15032, a2876ff0-d178-48ae-a6b6-bf6963d4710d|127.0.0.1:15023, e7fccb5b-6f4b-4a5d-93b5-abfcbb2ccb85|127.0.0.1:15014] returns group-87A56816AD29:java.util.concurrent.CompletableFuture@2b2a9e42[Not completed]
2024-07-25 11:29:07,686 [a2876ff0-d178-48ae-a6b6-bf6963d4710d-groupManagement] INFO  server.RaftServer$Division (RaftServerImpl.java:<init>(253)) - a2876ff0-d178-48ae-a6b6-bf6963d4710d: new RaftServerImpl for group-87A56816AD29:[4f6a4ba8-7237-4720-8e71-4cf4f347a525|127.0.0.1:15032, a2876ff0-d178-48ae-a6b6-bf6963d4710d|127.0.0.1:15023, e7fccb5b-6f4b-4a5d-93b5-abfcbb2ccb85|127.0.0.1:15014] with ContainerStateMachine:uninitialized
2024-07-25 11:29:07,687 [a2876ff0-d178-48ae-a6b6-bf6963d4710d-groupManagement] INFO  server.RaftServerConfigKeys (ConfUtils.java:logGet(46)) - raft.server.rpc.timeout.min = 5s (custom)
2024-07-25 11:29:07,687 [a2876ff0-d178-48ae-a6b6-bf6963d4710d-groupManagement] INFO  server.RaftServerConfigKeys (ConfUtils.java:logGet(46)) - raft.server.rpc.timeout.max = 5200ms (custom)
2024-07-25 11:29:07,688 [a2876ff0-d178-48ae-a6b6-bf6963d4710d-groupManagement] INFO  server.RaftServerConfigKeys (ConfUtils.java:logGet(46)) - raft.server.rpc.sleep.time = 25ms (default)
2024-07-25 11:29:07,688 [a2876ff0-d178-48ae-a6b6-bf6963d4710d-groupManagement] INFO  server.RaftServerConfigKeys (ConfUtils.java:logGet(46)) - raft.server.rpc.slowness.timeout = 300s (custom)
2024-07-25 11:29:07,688 [a2876ff0-d178-48ae-a6b6-bf6963d4710d-groupManagement] INFO  server.RaftServerConfigKeys (ConfUtils.java:logGet(46)) - raft.server.leaderelection.leader.step-down.wait-time = 10s (default)
2024-07-25 11:29:07,689 [a2876ff0-d178-48ae-a6b6-bf6963d4710d-groupManagement] INFO  server.RaftServerConfigKeys (ConfUtils.java:logGet(46)) - raft.server.leaderelection.member.majority-add = false (default)
2024-07-25 11:29:07,689 [a2876ff0-d178-48ae-a6b6-bf6963d4710d-groupManagement] INFO  server.RaftServerConfigKeys (ConfUtils.java:logGet(46)) - raft.server.sleep.deviation.threshold = 300ms (default)
2024-07-25 11:29:07,690 [a2876ff0-d178-48ae-a6b6-bf6963d4710d-groupManagement] INFO  server.RaftServer$Division (ServerState.java:<init>(114)) - a2876ff0-d178-48ae-a6b6-bf6963d4710d@group-87A56816AD29: ConfigurationManager, init=conf: {index: -1, cur=peers:[4f6a4ba8-7237-4720-8e71-4cf4f347a525|127.0.0.1:15032, a2876ff0-d178-48ae-a6b6-bf6963d4710d|127.0.0.1:15023, e7fccb5b-6f4b-4a5d-93b5-abfcbb2ccb85|127.0.0.1:15014]|listeners:[], old=null}, confs=<EMPTY_MAP>
2024-07-25 11:29:07,691 [a2876ff0-d178-48ae-a6b6-bf6963d4710d-groupManagement] INFO  server.RaftServerConfigKeys (ConfUtils.java:logGet(46)) - raft.server.notification.no-leader.timeout = 300s (custom)
2024-07-25 11:29:07,691 [a2876ff0-d178-48ae-a6b6-bf6963d4710d-groupManagement] INFO  server.RaftServerConfigKeys (ConfUtils.java:logGet(46)) - raft.server.read.timeout = 10s (default)
2024-07-25 11:29:07,691 [a2876ff0-d178-48ae-a6b6-bf6963d4710d-groupManagement] INFO  server.RaftServerConfigKeys (ConfUtils.java:logGet(46)) - raft.server.retrycache.expirytime = 600000ms (custom)
2024-07-25 11:29:07,692 [a2876ff0-d178-48ae-a6b6-bf6963d4710d-groupManagement] INFO  server.RaftServerConfigKeys (ConfUtils.java:logGet(46)) - raft.server.retrycache.statistics.expirytime = 100ms (default)
2024-07-25 11:29:07,692 [a2876ff0-d178-48ae-a6b6-bf6963d4710d-groupManagement] INFO  server.RaftServerConfigKeys (ConfUtils.java:logGet(46)) - raft.server.read.option = DEFAULT (default)
2024-07-25 11:29:07,693 [a2876ff0-d178-48ae-a6b6-bf6963d4710d-groupManagement] INFO  server.RaftServerConfigKeys (ConfUtils.java:logGet(46)) - raft.server.read.read-after-write-consistent.write-index-cache.expiry-time = 60s (default)
2024-07-25 11:29:07,698 [a2876ff0-d178-48ae-a6b6-bf6963d4710d-groupManagement] INFO  server.RaftServerConfigKeys (ConfUtils.java:logGet(46)) - raft.server.rpc.request.timeout = 60s (custom)
2024-07-25 11:29:07,698 [a2876ff0-d178-48ae-a6b6-bf6963d4710d-groupManagement] INFO  server.RaftServerConfigKeys (ConfUtils.java:logGet(46)) - raft.server.log.appender.install.snapshot.enabled = false (custom)
2024-07-25 11:29:07,698 [a2876ff0-d178-48ae-a6b6-bf6963d4710d-groupManagement] INFO  server.RaftServerConfigKeys (ConfUtils.java:logGet(46)) - raft.server.threadpool.server.cached = true (default)
2024-07-25 11:29:07,699 [a2876ff0-d178-48ae-a6b6-bf6963d4710d-groupManagement] INFO  server.RaftServerConfigKeys (ConfUtils.java:logGet(46)) - raft.server.threadpool.server.size = 0 (default)
2024-07-25 11:29:07,699 [a2876ff0-d178-48ae-a6b6-bf6963d4710d-groupManagement] INFO  server.RaftServerConfigKeys (ConfUtils.java:logGet(46)) - raft.server.threadpool.client.cached = true (default)
2024-07-25 11:29:07,700 [a2876ff0-d178-48ae-a6b6-bf6963d4710d-groupManagement] INFO  server.RaftServerConfigKeys (ConfUtils.java:logGet(46)) - raft.server.threadpool.client.size = 0 (default)
2024-07-25 11:29:07,700 [a2876ff0-d178-48ae-a6b6-bf6963d4710d-groupManagement] INFO  server.RaftServerConfigKeys (ConfUtils.java:logGet(46)) - raft.server.storage.free-space.min = 0MB (=0) (default)
2024-07-25 11:29:07,700 [a2876ff0-d178-48ae-a6b6-bf6963d4710d-groupManagement] INFO  server.RaftServerConfigKeys (ConfUtils.java:logGet(46)) - raft.server.log.corruption.policy = EXCEPTION (default)
2024-07-25 11:29:07,700 [a2876ff0-d178-48ae-a6b6-bf6963d4710d-groupManagement] INFO  server.RaftServerConfigKeys (ConfUtils.java:logGet(46)) - raft.server.storage.dir = [/home/runner/work/ozone/ozone/hadoop-ozone/integration-test/target/test-dir/MiniOzoneClusterImpl-1f81da03-70dc-44ad-8558-5c969ee5b37a/ozone-meta/datanode-2/ratis] (custom)
2024-07-25 11:29:07,700 [a2876ff0-d178-48ae-a6b6-bf6963d4710d-groupManagement] INFO  storage.RaftStorageDirectory (RaftStorageDirectoryImpl.java:analyzeStorage(138)) - The storage directory /home/runner/work/ozone/ozone/hadoop-ozone/integration-test/target/test-dir/MiniOzoneClusterImpl-1f81da03-70dc-44ad-8558-5c969ee5b37a/ozone-meta/datanode-2/ratis/948d8638-4239-4972-bb67-87a56816ad29 does not exist. Creating ...
2024-07-25 11:29:07,701 [a2876ff0-d178-48ae-a6b6-bf6963d4710d-groupManagement] INFO  storage.RaftStorageDirectory (RaftStorageDirectoryImpl.java:tryLock(229)) - Lock on /home/runner/work/ozone/ozone/hadoop-ozone/integration-test/target/test-dir/MiniOzoneClusterImpl-1f81da03-70dc-44ad-8558-5c969ee5b37a/ozone-meta/datanode-2/ratis/948d8638-4239-4972-bb67-87a56816ad29/in_use.lock acquired by nodename 94518@fv-az1436-131
2024-07-25 11:29:07,703 [a2876ff0-d178-48ae-a6b6-bf6963d4710d-groupManagement] INFO  storage.RaftStorage (RaftStorageImpl.java:format(98)) - Storage directory /home/runner/work/ozone/ozone/hadoop-ozone/integration-test/target/test-dir/MiniOzoneClusterImpl-1f81da03-70dc-44ad-8558-5c969ee5b37a/ozone-meta/datanode-2/ratis/948d8638-4239-4972-bb67-87a56816ad29 has been successfully formatted.
2024-07-25 11:29:07,704 [a2876ff0-d178-48ae-a6b6-bf6963d4710d-groupManagement] INFO  ratis.ContainerStateMachine (ContainerStateMachine.java:loadSnapshot(287)) - group-87A56816AD29: The snapshot info is null. Setting the last applied index to:(t:0, i:~)
2024-07-25 11:29:07,704 [a2876ff0-d178-48ae-a6b6-bf6963d4710d-groupManagement] INFO  server.RaftServerConfigKeys (ConfUtils.java:logGet(46)) - raft.server.log.use.memory = false (default)
2024-07-25 11:29:07,704 [a2876ff0-d178-48ae-a6b6-bf6963d4710d-groupManagement] INFO  server.RaftServerConfigKeys (ConfUtils.java:logGet(46)) - raft.server.log.purge.gap = 1000000 (custom)
2024-07-25 11:29:07,704 [a2876ff0-d178-48ae-a6b6-bf6963d4710d-groupManagement] INFO  server.RaftServerConfigKeys (ConfUtils.java:logGet(46)) - raft.server.log.appender.buffer.byte-limit = 8388608 (custom)
2024-07-25 11:29:07,704 [a2876ff0-d178-48ae-a6b6-bf6963d4710d-groupManagement] INFO  server.RaftServerConfigKeys (ConfUtils.java:logGet(46)) - raft.server.log.statemachine.data.read.timeout = 1000ms (default)
2024-07-25 11:29:07,704 [a2876ff0-d178-48ae-a6b6-bf6963d4710d-groupManagement] INFO  server.RaftServerConfigKeys (ConfUtils.java:logGet(46)) - raft.server.log.purge.preservation.log.num = 0 (default)
2024-07-25 11:29:07,707 [a2876ff0-d178-48ae-a6b6-bf6963d4710d-groupManagement] INFO  server.RaftServerConfigKeys (ConfUtils.java:logGet(46)) - raft.server.log.segment.size.max = 67108864 (custom)
2024-07-25 11:29:07,707 [a2876ff0-d178-48ae-a6b6-bf6963d4710d-groupManagement] INFO  server.RaftServerConfigKeys (ConfUtils.java:logGet(46)) - raft.server.log.segment.cache.num.max = 2 (custom)
2024-07-25 11:29:07,707 [a2876ff0-d178-48ae-a6b6-bf6963d4710d-groupManagement] INFO  server.RaftServerConfigKeys (ConfUtils.java:logGet(46)) - raft.server.log.segment.cache.size.max = 200MB (=209715200) (default)
2024-07-25 11:29:07,707 [a2876ff0-d178-48ae-a6b6-bf6963d4710d-groupManagement] INFO  server.RaftServerConfigKeys (ConfUtils.java:logGet(46)) - raft.server.log.appender.buffer.byte-limit = 8388608 (custom)
2024-07-25 11:29:07,708 [a2876ff0-d178-48ae-a6b6-bf6963d4710d-groupManagement] INFO  util.AwaitToRun (AwaitToRun.java:start(81)) - Thread[a2876ff0-d178-48ae-a6b6-bf6963d4710d@group-87A56816AD29-cacheEviction-AwaitToRun,5,main] started
2024-07-25 11:29:07,708 [a2876ff0-d178-48ae-a6b6-bf6963d4710d-groupManagement] INFO  segmented.SegmentedRaftLogWorker (SegmentedRaftLogWorker.java:<init>(184)) - new a2876ff0-d178-48ae-a6b6-bf6963d4710d@group-87A56816AD29-SegmentedRaftLogWorker for RaftStorageImpl:Storage Directory /home/runner/work/ozone/ozone/hadoop-ozone/integration-test/target/test-dir/MiniOzoneClusterImpl-1f81da03-70dc-44ad-8558-5c969ee5b37a/ozone-meta/datanode-2/ratis/948d8638-4239-4972-bb67-87a56816ad29
2024-07-25 11:29:07,708 [a2876ff0-d178-48ae-a6b6-bf6963d4710d-groupManagement] INFO  server.RaftServerConfigKeys (ConfUtils.java:logGet(46)) - raft.server.log.queue.byte-limit = 4294967296 (custom)
2024-07-25 11:29:07,708 [a2876ff0-d178-48ae-a6b6-bf6963d4710d-groupManagement] INFO  server.RaftServerConfigKeys (ConfUtils.java:logGet(46)) - raft.server.log.queue.element-limit = 1024 (custom)
2024-07-25 11:29:07,708 [a2876ff0-d178-48ae-a6b6-bf6963d4710d-groupManagement] INFO  server.RaftServerConfigKeys (ConfUtils.java:logGet(46)) - raft.server.log.segment.size.max = 67108864 (custom)
2024-07-25 11:29:07,708 [a2876ff0-d178-48ae-a6b6-bf6963d4710d-groupManagement] INFO  server.RaftServerConfigKeys (ConfUtils.java:logGet(46)) - raft.server.log.preallocated.size = 4194304 (custom)
2024-07-25 11:29:07,708 [a2876ff0-d178-48ae-a6b6-bf6963d4710d-groupManagement] INFO  server.RaftServerConfigKeys (ConfUtils.java:logGet(46)) - raft.server.log.force.sync.num = 128 (default)
2024-07-25 11:29:07,708 [a2876ff0-d178-48ae-a6b6-bf6963d4710d-groupManagement] INFO  server.RaftServerConfigKeys (ConfUtils.java:logGet(46)) - raft.server.log.statemachine.data.sync = true (default)
2024-07-25 11:29:07,708 [a2876ff0-d178-48ae-a6b6-bf6963d4710d-groupManagement] INFO  server.RaftServerConfigKeys (ConfUtils.java:logGet(46)) - raft.server.log.statemachine.data.sync.timeout = 10s (default)
2024-07-25 11:29:07,708 [a2876ff0-d178-48ae-a6b6-bf6963d4710d-groupManagement] INFO  server.RaftServerConfigKeys (ConfUtils.java:logGet(46)) - raft.server.log.statemachine.data.sync.timeout.retry = 30 (custom)
2024-07-25 11:29:07,710 [a2876ff0-d178-48ae-a6b6-bf6963d4710d-groupManagement] INFO  server.RaftServerConfigKeys (ConfUtils.java:logGet(46)) - raft.server.log.write.buffer.size = 8388616 (custom)
2024-07-25 11:29:07,712 [a2876ff0-d178-48ae-a6b6-bf6963d4710d-groupManagement] INFO  server.RaftServerConfigKeys (ConfUtils.java:logGet(46)) - raft.server.log.appender.buffer.byte-limit = 8388608 (custom)
2024-07-25 11:29:07,713 [a2876ff0-d178-48ae-a6b6-bf6963d4710d-groupManagement] INFO  server.RaftServerConfigKeys (ConfUtils.java:logGet(46)) - raft.server.log.unsafe-flush.enabled = false (default)
2024-07-25 11:29:07,713 [a2876ff0-d178-48ae-a6b6-bf6963d4710d-groupManagement] INFO  server.RaftServerConfigKeys (ConfUtils.java:logGet(46)) - raft.server.log.async-flush.enabled = false (default)
2024-07-25 11:29:07,713 [a2876ff0-d178-48ae-a6b6-bf6963d4710d-groupManagement] INFO  server.RaftServerConfigKeys (ConfUtils.java:logGet(46)) - raft.server.log.statemachine.data.caching.enabled = true (custom)
2024-07-25 11:29:07,713 [a2876ff0-d178-48ae-a6b6-bf6963d4710d-groupManagement] INFO  segmented.SegmentedRaftLogWorker (SegmentedRaftLogWorker.java:lambda$new$0(135)) - a2876ff0-d178-48ae-a6b6-bf6963d4710d@group-87A56816AD29-SegmentedRaftLogWorker: flushIndex: setUnconditionally 0 -> -1
2024-07-25 11:29:07,713 [a2876ff0-d178-48ae-a6b6-bf6963d4710d-groupManagement] INFO  segmented.SegmentedRaftLogWorker (SegmentedRaftLogWorker.java:lambda$new$0(135)) - a2876ff0-d178-48ae-a6b6-bf6963d4710d@group-87A56816AD29-SegmentedRaftLogWorker: safeCacheEvictIndex: setUnconditionally 0 -> -1
2024-07-25 11:29:07,713 [a2876ff0-d178-48ae-a6b6-bf6963d4710d-groupManagement] INFO  server.RaftServer$Division (RaftServerImpl.java:start(389)) - a2876ff0-d178-48ae-a6b6-bf6963d4710d@group-87A56816AD29: start as a follower, conf=conf: {index: -1, cur=peers:[4f6a4ba8-7237-4720-8e71-4cf4f347a525|127.0.0.1:15032, a2876ff0-d178-48ae-a6b6-bf6963d4710d|127.0.0.1:15023, e7fccb5b-6f4b-4a5d-93b5-abfcbb2ccb85|127.0.0.1:15014]|listeners:[], old=null}
2024-07-25 11:29:07,714 [a2876ff0-d178-48ae-a6b6-bf6963d4710d-groupManagement] INFO  server.RaftServer$Division (RaftServerImpl.java:setRole(376)) - a2876ff0-d178-48ae-a6b6-bf6963d4710d@group-87A56816AD29: changes role from      null to FOLLOWER at term 0 for startAsFollower
2024-07-25 11:29:07,714 [a2876ff0-d178-48ae-a6b6-bf6963d4710d-groupManagement] INFO  impl.RoleInfo (RoleInfo.java:updateAndGet(148)) - a2876ff0-d178-48ae-a6b6-bf6963d4710d: start a2876ff0-d178-48ae-a6b6-bf6963d4710d@group-87A56816AD29-FollowerState
2024-07-25 11:29:07,718 [a2876ff0-d178-48ae-a6b6-bf6963d4710d-groupManagement] INFO  util.JmxRegister (JmxRegister.java:tryRegister(44)) - Successfully registered JMX Bean with object name Ratis:service=RaftServer,group=group-87A56816AD29,id=a2876ff0-d178-48ae-a6b6-bf6963d4710d
2024-07-25 11:29:07,718 [a2876ff0-d178-48ae-a6b6-bf6963d4710d-groupManagement] INFO  util.JmxRegister (JmxRegister.java:register(58)) - register mxBean class org.apache.ratis.server.impl.RaftServerJmxAdapter as Ratis:service=RaftServer,group=group-87A56816AD29,id=a2876ff0-d178-48ae-a6b6-bf6963d4710d
2024-07-25 11:29:07,718 [a2876ff0-d178-48ae-a6b6-bf6963d4710d-groupManagement] INFO  server.RaftServerConfigKeys (ConfUtils.java:logGet(46)) - raft.server.snapshot.trigger-when-stop.enabled = true (default)
2024-07-25 11:29:07,718 [a2876ff0-d178-48ae-a6b6-bf6963d4710d-groupManagement] INFO  server.RaftServerConfigKeys (ConfUtils.java:logGet(46)) - raft.server.snapshot.trigger-when-remove.enabled = true (default)
2024-07-25 11:29:07,718 [a2876ff0-d178-48ae-a6b6-bf6963d4710d-groupManagement] INFO  server.RaftServerConfigKeys (ConfUtils.java:logGet(46)) - raft.server.snapshot.auto.trigger.enabled = true (custom)
2024-07-25 11:29:07,718 [a2876ff0-d178-48ae-a6b6-bf6963d4710d-groupManagement] INFO  server.RaftServerConfigKeys (ConfUtils.java:logGet(46)) - raft.server.snapshot.auto.trigger.threshold = 10000 (custom)
2024-07-25 11:29:07,718 [a2876ff0-d178-48ae-a6b6-bf6963d4710d-groupManagement] INFO  server.RaftServerConfigKeys (ConfUtils.java:logGet(46)) - raft.server.snapshot.retention.file.num = 5 (custom)
2024-07-25 11:29:07,718 [a2876ff0-d178-48ae-a6b6-bf6963d4710d-groupManagement] INFO  server.RaftServerConfigKeys (ConfUtils.java:logGet(46)) - raft.server.log.purge.upto.snapshot.index = false (default)
2024-07-25 11:29:07,719 [a2876ff0-d178-48ae-a6b6-bf6963d4710d@group-87A56816AD29-FollowerState] INFO  server.RaftServerConfigKeys (ConfUtils.java:logFallback(53)) - raft.server.rpc.first-election.timeout.min = 5s (fallback to raft.server.rpc.timeout.min)
2024-07-25 11:29:07,719 [a2876ff0-d178-48ae-a6b6-bf6963d4710d@group-87A56816AD29-FollowerState] INFO  server.RaftServerConfigKeys (ConfUtils.java:logFallback(53)) - raft.server.rpc.first-election.timeout.max = 5200ms (fallback to raft.server.rpc.timeout.max)
2024-07-25 11:29:07,740 [a2876ff0-d178-48ae-a6b6-bf6963d4710d-groupManagement] INFO  server.RaftServer$Division (RaftServerImpl.java:<init>(253)) - a2876ff0-d178-48ae-a6b6-bf6963d4710d: new RaftServerImpl for group-5BDE8CD16727:[a2876ff0-d178-48ae-a6b6-bf6963d4710d|127.0.0.1:15023] with ContainerStateMachine:uninitialized
2024-07-25 11:29:07,740 [a2876ff0-d178-48ae-a6b6-bf6963d4710d-groupManagement] INFO  server.RaftServerConfigKeys (ConfUtils.java:logGet(46)) - raft.server.rpc.timeout.min = 5s (custom)
2024-07-25 11:29:07,740 [a2876ff0-d178-48ae-a6b6-bf6963d4710d-groupManagement] INFO  server.RaftServerConfigKeys (ConfUtils.java:logGet(46)) - raft.server.rpc.timeout.max = 5200ms (custom)
2024-07-25 11:29:07,740 [a2876ff0-d178-48ae-a6b6-bf6963d4710d-groupManagement] INFO  server.RaftServerConfigKeys (ConfUtils.java:logGet(46)) - raft.server.rpc.sleep.time = 25ms (default)
2024-07-25 11:29:07,740 [a2876ff0-d178-48ae-a6b6-bf6963d4710d-groupManagement] INFO  server.RaftServerConfigKeys (ConfUtils.java:logGet(46)) - raft.server.rpc.slowness.timeout = 300s (custom)
2024-07-25 11:29:07,740 [a2876ff0-d178-48ae-a6b6-bf6963d4710d-groupManagement] INFO  server.RaftServerConfigKeys (ConfUtils.java:logGet(46)) - raft.server.leaderelection.leader.step-down.wait-time = 10s (default)
2024-07-25 11:29:07,740 [a2876ff0-d178-48ae-a6b6-bf6963d4710d-groupManagement] INFO  server.RaftServerConfigKeys (ConfUtils.java:logGet(46)) - raft.server.leaderelection.member.majority-add = false (default)
2024-07-25 11:29:07,740 [a2876ff0-d178-48ae-a6b6-bf6963d4710d-groupManagement] INFO  server.RaftServerConfigKeys (ConfUtils.java:logGet(46)) - raft.server.sleep.deviation.threshold = 300ms (default)
2024-07-25 11:29:07,740 [a2876ff0-d178-48ae-a6b6-bf6963d4710d-groupManagement] INFO  server.RaftServer$Division (ServerState.java:<init>(114)) - a2876ff0-d178-48ae-a6b6-bf6963d4710d@group-5BDE8CD16727: ConfigurationManager, init=conf: {index: -1, cur=peers:[a2876ff0-d178-48ae-a6b6-bf6963d4710d|127.0.0.1:15023]|listeners:[], old=null}, confs=<EMPTY_MAP>
2024-07-25 11:29:07,740 [a2876ff0-d178-48ae-a6b6-bf6963d4710d-groupManagement] INFO  server.RaftServerConfigKeys (ConfUtils.java:logGet(46)) - raft.server.notification.no-leader.timeout = 300s (custom)
2024-07-25 11:29:07,740 [a2876ff0-d178-48ae-a6b6-bf6963d4710d-groupManagement] INFO  server.RaftServerConfigKeys (ConfUtils.java:logGet(46)) - raft.server.read.timeout = 10s (default)
2024-07-25 11:29:07,741 [a2876ff0-d178-48ae-a6b6-bf6963d4710d-groupManagement] INFO  server.RaftServerConfigKeys (ConfUtils.java:logGet(46)) - raft.server.retrycache.expirytime = 600000ms (custom)
2024-07-25 11:29:07,741 [a2876ff0-d178-48ae-a6b6-bf6963d4710d-groupManagement] INFO  server.RaftServerConfigKeys (ConfUtils.java:logGet(46)) - raft.server.retrycache.statistics.expirytime = 100ms (default)
2024-07-25 11:29:07,741 [a2876ff0-d178-48ae-a6b6-bf6963d4710d-groupManagement] INFO  server.RaftServerConfigKeys (ConfUtils.java:logGet(46)) - raft.server.read.option = DEFAULT (default)
2024-07-25 11:29:07,741 [a2876ff0-d178-48ae-a6b6-bf6963d4710d-groupManagement] INFO  server.RaftServerConfigKeys (ConfUtils.java:logGet(46)) - raft.server.read.read-after-write-consistent.write-index-cache.expiry-time = 60s (default)
2024-07-25 11:29:07,745 [a2876ff0-d178-48ae-a6b6-bf6963d4710d-groupManagement] INFO  server.RaftServerConfigKeys (ConfUtils.java:logGet(46)) - raft.server.rpc.request.timeout = 60s (custom)
2024-07-25 11:29:07,745 [a2876ff0-d178-48ae-a6b6-bf6963d4710d-groupManagement] INFO  server.RaftServerConfigKeys (ConfUtils.java:logGet(46)) - raft.server.log.appender.install.snapshot.enabled = false (custom)
2024-07-25 11:29:07,745 [a2876ff0-d178-48ae-a6b6-bf6963d4710d-groupManagement] INFO  server.RaftServerConfigKeys (ConfUtils.java:logGet(46)) - raft.server.threadpool.server.cached = true (default)
2024-07-25 11:29:07,745 [a2876ff0-d178-48ae-a6b6-bf6963d4710d-groupManagement] INFO  server.RaftServerConfigKeys (ConfUtils.java:logGet(46)) - raft.server.threadpool.server.size = 0 (default)
2024-07-25 11:29:07,745 [a2876ff0-d178-48ae-a6b6-bf6963d4710d-groupManagement] INFO  server.RaftServerConfigKeys (ConfUtils.java:logGet(46)) - raft.server.threadpool.client.cached = true (default)
2024-07-25 11:29:07,745 [a2876ff0-d178-48ae-a6b6-bf6963d4710d-groupManagement] INFO  server.RaftServerConfigKeys (ConfUtils.java:logGet(46)) - raft.server.threadpool.client.size = 0 (default)
2024-07-25 11:29:07,745 [a2876ff0-d178-48ae-a6b6-bf6963d4710d-PipelineCommandHandlerThread-0] INFO  server.RaftServer (RaftServerProxy.java:addNew(101)) - a2876ff0-d178-48ae-a6b6-bf6963d4710d: addNew group-5BDE8CD16727:[a2876ff0-d178-48ae-a6b6-bf6963d4710d|127.0.0.1:15023] returns      null a2876ff0-d178-48ae-a6b6-bf6963d4710d@group-5BDE8CD16727:t0, leader=null, voted=null, raftlog=UNINITIALIZED, conf=conf: {index: -1, cur=peers:[a2876ff0-d178-48ae-a6b6-bf6963d4710d|127.0.0.1:15023]|listeners:[], old=null} NEW
2024-07-25 11:29:07,746 [a2876ff0-d178-48ae-a6b6-bf6963d4710d-groupManagement] INFO  server.RaftServerConfigKeys (ConfUtils.java:logGet(46)) - raft.server.storage.free-space.min = 0MB (=0) (default)
2024-07-25 11:29:07,746 [a2876ff0-d178-48ae-a6b6-bf6963d4710d-groupManagement] INFO  server.RaftServerConfigKeys (ConfUtils.java:logGet(46)) - raft.server.log.corruption.policy = EXCEPTION (default)
2024-07-25 11:29:07,746 [a2876ff0-d178-48ae-a6b6-bf6963d4710d-groupManagement] INFO  server.RaftServerConfigKeys (ConfUtils.java:logGet(46)) - raft.server.storage.dir = [/home/runner/work/ozone/ozone/hadoop-ozone/integration-test/target/test-dir/MiniOzoneClusterImpl-1f81da03-70dc-44ad-8558-5c969ee5b37a/ozone-meta/datanode-2/ratis] (custom)
2024-07-25 11:29:07,746 [a2876ff0-d178-48ae-a6b6-bf6963d4710d-groupManagement] INFO  storage.RaftStorageDirectory (RaftStorageDirectoryImpl.java:analyzeStorage(138)) - The storage directory /home/runner/work/ozone/ozone/hadoop-ozone/integration-test/target/test-dir/MiniOzoneClusterImpl-1f81da03-70dc-44ad-8558-5c969ee5b37a/ozone-meta/datanode-2/ratis/49fab4ac-965e-461f-9946-5bde8cd16727 does not exist. Creating ...
2024-07-25 11:29:07,747 [a2876ff0-d178-48ae-a6b6-bf6963d4710d-groupManagement] INFO  storage.RaftStorageDirectory (RaftStorageDirectoryImpl.java:tryLock(229)) - Lock on /home/runner/work/ozone/ozone/hadoop-ozone/integration-test/target/test-dir/MiniOzoneClusterImpl-1f81da03-70dc-44ad-8558-5c969ee5b37a/ozone-meta/datanode-2/ratis/49fab4ac-965e-461f-9946-5bde8cd16727/in_use.lock acquired by nodename 94518@fv-az1436-131
2024-07-25 11:29:07,748 [a2876ff0-d178-48ae-a6b6-bf6963d4710d-groupManagement] INFO  storage.RaftStorage (RaftStorageImpl.java:format(98)) - Storage directory /home/runner/work/ozone/ozone/hadoop-ozone/integration-test/target/test-dir/MiniOzoneClusterImpl-1f81da03-70dc-44ad-8558-5c969ee5b37a/ozone-meta/datanode-2/ratis/49fab4ac-965e-461f-9946-5bde8cd16727 has been successfully formatted.
2024-07-25 11:29:07,749 [a2876ff0-d178-48ae-a6b6-bf6963d4710d-groupManagement] INFO  ratis.ContainerStateMachine (ContainerStateMachine.java:loadSnapshot(287)) - group-5BDE8CD16727: The snapshot info is null. Setting the last applied index to:(t:0, i:~)
2024-07-25 11:29:07,749 [a2876ff0-d178-48ae-a6b6-bf6963d4710d-groupManagement] INFO  server.RaftServerConfigKeys (ConfUtils.java:logGet(46)) - raft.server.log.use.memory = false (default)
2024-07-25 11:29:07,749 [a2876ff0-d178-48ae-a6b6-bf6963d4710d-groupManagement] INFO  server.RaftServerConfigKeys (ConfUtils.java:logGet(46)) - raft.server.log.purge.gap = 1000000 (custom)
2024-07-25 11:29:07,749 [a2876ff0-d178-48ae-a6b6-bf6963d4710d-groupManagement] INFO  server.RaftServerConfigKeys (ConfUtils.java:logGet(46)) - raft.server.log.appender.buffer.byte-limit = 8388608 (custom)
2024-07-25 11:29:07,749 [a2876ff0-d178-48ae-a6b6-bf6963d4710d-groupManagement] INFO  server.RaftServerConfigKeys (ConfUtils.java:logGet(46)) - raft.server.log.statemachine.data.read.timeout = 1000ms (default)
2024-07-25 11:29:07,749 [a2876ff0-d178-48ae-a6b6-bf6963d4710d-groupManagement] INFO  server.RaftServerConfigKeys (ConfUtils.java:logGet(46)) - raft.server.log.purge.preservation.log.num = 0 (default)
2024-07-25 11:29:07,752 [a2876ff0-d178-48ae-a6b6-bf6963d4710d-groupManagement] INFO  server.RaftServerConfigKeys (ConfUtils.java:logGet(46)) - raft.server.log.segment.size.max = 67108864 (custom)
2024-07-25 11:29:07,752 [a2876ff0-d178-48ae-a6b6-bf6963d4710d-groupManagement] INFO  server.RaftServerConfigKeys (ConfUtils.java:logGet(46)) - raft.server.log.segment.cache.num.max = 2 (custom)
2024-07-25 11:29:07,752 [a2876ff0-d178-48ae-a6b6-bf6963d4710d-groupManagement] INFO  server.RaftServerConfigKeys (ConfUtils.java:logGet(46)) - raft.server.log.segment.cache.size.max = 200MB (=209715200) (default)
2024-07-25 11:29:07,753 [a2876ff0-d178-48ae-a6b6-bf6963d4710d-groupManagement] INFO  server.RaftServerConfigKeys (ConfUtils.java:logGet(46)) - raft.server.log.appender.buffer.byte-limit = 8388608 (custom)
2024-07-25 11:29:07,752 [EventQueue-PipelineReportForPipelineReportHandler] INFO  pipeline.PipelineReportHandler (PipelineReportHandler.java:processPipelineReport(136)) - Opened pipeline PipelineID=49fab4ac-965e-461f-9946-5bde8cd16727
2024-07-25 11:29:07,753 [EventQueue-OpenPipelineForHealthyPipelineSafeModeRule] INFO  safemode.SCMSafeModeManager (HealthyPipelineSafeModeRule.java:process(140)) - SCM in safe mode. Healthy pipelines reported count is 0, required healthy pipeline reported count is 1
2024-07-25 11:29:07,753 [a2876ff0-d178-48ae-a6b6-bf6963d4710d-groupManagement] INFO  util.AwaitToRun (AwaitToRun.java:start(81)) - Thread[a2876ff0-d178-48ae-a6b6-bf6963d4710d@group-5BDE8CD16727-cacheEviction-AwaitToRun,5,main] started
2024-07-25 11:29:07,753 [a2876ff0-d178-48ae-a6b6-bf6963d4710d-groupManagement] INFO  segmented.SegmentedRaftLogWorker (SegmentedRaftLogWorker.java:<init>(184)) - new a2876ff0-d178-48ae-a6b6-bf6963d4710d@group-5BDE8CD16727-SegmentedRaftLogWorker for RaftStorageImpl:Storage Directory /home/runner/work/ozone/ozone/hadoop-ozone/integration-test/target/test-dir/MiniOzoneClusterImpl-1f81da03-70dc-44ad-8558-5c969ee5b37a/ozone-meta/datanode-2/ratis/49fab4ac-965e-461f-9946-5bde8cd16727
2024-07-25 11:29:07,754 [a2876ff0-d178-48ae-a6b6-bf6963d4710d-groupManagement] INFO  server.RaftServerConfigKeys (ConfUtils.java:logGet(46)) - raft.server.log.queue.byte-limit = 4294967296 (custom)
2024-07-25 11:29:07,754 [a2876ff0-d178-48ae-a6b6-bf6963d4710d-groupManagement] INFO  server.RaftServerConfigKeys (ConfUtils.java:logGet(46)) - raft.server.log.queue.element-limit = 1024 (custom)
2024-07-25 11:29:07,754 [a2876ff0-d178-48ae-a6b6-bf6963d4710d-groupManagement] INFO  server.RaftServerConfigKeys (ConfUtils.java:logGet(46)) - raft.server.log.segment.size.max = 67108864 (custom)
2024-07-25 11:29:07,755 [a2876ff0-d178-48ae-a6b6-bf6963d4710d-groupManagement] INFO  server.RaftServerConfigKeys (ConfUtils.java:logGet(46)) - raft.server.log.preallocated.size = 4194304 (custom)
2024-07-25 11:29:07,755 [a2876ff0-d178-48ae-a6b6-bf6963d4710d-groupManagement] INFO  server.RaftServerConfigKeys (ConfUtils.java:logGet(46)) - raft.server.log.force.sync.num = 128 (default)
2024-07-25 11:29:07,755 [a2876ff0-d178-48ae-a6b6-bf6963d4710d-groupManagement] INFO  server.RaftServerConfigKeys (ConfUtils.java:logGet(46)) - raft.server.log.statemachine.data.sync = true (default)
2024-07-25 11:29:07,755 [a2876ff0-d178-48ae-a6b6-bf6963d4710d-groupManagement] INFO  server.RaftServerConfigKeys (ConfUtils.java:logGet(46)) - raft.server.log.statemachine.data.sync.timeout = 10s (default)
2024-07-25 11:29:07,755 [a2876ff0-d178-48ae-a6b6-bf6963d4710d-groupManagement] INFO  server.RaftServerConfigKeys (ConfUtils.java:logGet(46)) - raft.server.log.statemachine.data.sync.timeout.retry = 30 (custom)
2024-07-25 11:29:07,755 [a2876ff0-d178-48ae-a6b6-bf6963d4710d-groupManagement] INFO  server.RaftServerConfigKeys (ConfUtils.java:logGet(46)) - raft.server.log.write.buffer.size = 8388616 (custom)
2024-07-25 11:29:07,759 [a2876ff0-d178-48ae-a6b6-bf6963d4710d-groupManagement] INFO  server.RaftServerConfigKeys (ConfUtils.java:logGet(46)) - raft.server.log.appender.buffer.byte-limit = 8388608 (custom)
2024-07-25 11:29:07,759 [a2876ff0-d178-48ae-a6b6-bf6963d4710d-groupManagement] INFO  server.RaftServerConfigKeys (ConfUtils.java:logGet(46)) - raft.server.log.unsafe-flush.enabled = false (default)
2024-07-25 11:29:07,759 [a2876ff0-d178-48ae-a6b6-bf6963d4710d-groupManagement] INFO  server.RaftServerConfigKeys (ConfUtils.java:logGet(46)) - raft.server.log.async-flush.enabled = false (default)
2024-07-25 11:29:07,759 [a2876ff0-d178-48ae-a6b6-bf6963d4710d-groupManagement] INFO  server.RaftServerConfigKeys (ConfUtils.java:logGet(46)) - raft.server.log.statemachine.data.caching.enabled = true (custom)
2024-07-25 11:29:07,759 [a2876ff0-d178-48ae-a6b6-bf6963d4710d-groupManagement] INFO  segmented.SegmentedRaftLogWorker (SegmentedRaftLogWorker.java:lambda$new$0(135)) - a2876ff0-d178-48ae-a6b6-bf6963d4710d@group-5BDE8CD16727-SegmentedRaftLogWorker: flushIndex: setUnconditionally 0 -> -1
2024-07-25 11:29:07,759 [a2876ff0-d178-48ae-a6b6-bf6963d4710d-groupManagement] INFO  segmented.SegmentedRaftLogWorker (SegmentedRaftLogWorker.java:lambda$new$0(135)) - a2876ff0-d178-48ae-a6b6-bf6963d4710d@group-5BDE8CD16727-SegmentedRaftLogWorker: safeCacheEvictIndex: setUnconditionally 0 -> -1
2024-07-25 11:29:07,762 [a2876ff0-d178-48ae-a6b6-bf6963d4710d-groupManagement] INFO  server.RaftServer$Division (RaftServerImpl.java:start(389)) - a2876ff0-d178-48ae-a6b6-bf6963d4710d@group-5BDE8CD16727: start as a follower, conf=conf: {index: -1, cur=peers:[a2876ff0-d178-48ae-a6b6-bf6963d4710d|127.0.0.1:15023]|listeners:[], old=null}
2024-07-25 11:29:07,762 [a2876ff0-d178-48ae-a6b6-bf6963d4710d-groupManagement] INFO  server.RaftServer$Division (RaftServerImpl.java:setRole(376)) - a2876ff0-d178-48ae-a6b6-bf6963d4710d@group-5BDE8CD16727: changes role from      null to FOLLOWER at term 0 for startAsFollower
2024-07-25 11:29:07,762 [a2876ff0-d178-48ae-a6b6-bf6963d4710d-groupManagement] INFO  impl.RoleInfo (RoleInfo.java:updateAndGet(148)) - a2876ff0-d178-48ae-a6b6-bf6963d4710d: start a2876ff0-d178-48ae-a6b6-bf6963d4710d@group-5BDE8CD16727-FollowerState
2024-07-25 11:29:07,762 [a2876ff0-d178-48ae-a6b6-bf6963d4710d@group-5BDE8CD16727-FollowerState] INFO  server.RaftServerConfigKeys (ConfUtils.java:logFallback(53)) - raft.server.rpc.first-election.timeout.min = 5s (fallback to raft.server.rpc.timeout.min)
2024-07-25 11:29:07,762 [a2876ff0-d178-48ae-a6b6-bf6963d4710d-groupManagement] INFO  util.JmxRegister (JmxRegister.java:tryRegister(44)) - Successfully registered JMX Bean with object name Ratis:service=RaftServer,group=group-5BDE8CD16727,id=a2876ff0-d178-48ae-a6b6-bf6963d4710d
2024-07-25 11:29:07,762 [a2876ff0-d178-48ae-a6b6-bf6963d4710d-groupManagement] INFO  util.JmxRegister (JmxRegister.java:register(58)) - register mxBean class org.apache.ratis.server.impl.RaftServerJmxAdapter as Ratis:service=RaftServer,group=group-5BDE8CD16727,id=a2876ff0-d178-48ae-a6b6-bf6963d4710d
2024-07-25 11:29:07,762 [a2876ff0-d178-48ae-a6b6-bf6963d4710d@group-5BDE8CD16727-FollowerState] INFO  server.RaftServerConfigKeys (ConfUtils.java:logFallback(53)) - raft.server.rpc.first-election.timeout.max = 5200ms (fallback to raft.server.rpc.timeout.max)
2024-07-25 11:29:07,762 [a2876ff0-d178-48ae-a6b6-bf6963d4710d-groupManagement] INFO  server.RaftServerConfigKeys (ConfUtils.java:logGet(46)) - raft.server.snapshot.trigger-when-stop.enabled = true (default)
2024-07-25 11:29:07,762 [a2876ff0-d178-48ae-a6b6-bf6963d4710d-groupManagement] INFO  server.RaftServerConfigKeys (ConfUtils.java:logGet(46)) - raft.server.snapshot.trigger-when-remove.enabled = true (default)
2024-07-25 11:29:07,763 [a2876ff0-d178-48ae-a6b6-bf6963d4710d-groupManagement] INFO  server.RaftServerConfigKeys (ConfUtils.java:logGet(46)) - raft.server.snapshot.auto.trigger.enabled = true (custom)
2024-07-25 11:29:07,763 [a2876ff0-d178-48ae-a6b6-bf6963d4710d-groupManagement] INFO  server.RaftServerConfigKeys (ConfUtils.java:logGet(46)) - raft.server.snapshot.auto.trigger.threshold = 10000 (custom)
2024-07-25 11:29:07,763 [a2876ff0-d178-48ae-a6b6-bf6963d4710d-groupManagement] INFO  server.RaftServerConfigKeys (ConfUtils.java:logGet(46)) - raft.server.snapshot.retention.file.num = 5 (custom)
2024-07-25 11:29:07,763 [a2876ff0-d178-48ae-a6b6-bf6963d4710d-groupManagement] INFO  server.RaftServerConfigKeys (ConfUtils.java:logGet(46)) - raft.server.log.purge.upto.snapshot.index = false (default)
2024-07-25 11:29:07,764 [a2876ff0-d178-48ae-a6b6-bf6963d4710d-PipelineCommandHandlerThread-0] INFO  ratis.XceiverServerRatis (XceiverServerRatis.java:addGroup(849)) - Created group PipelineID=49fab4ac-965e-461f-9946-5bde8cd16727
2024-07-25 11:29:07,764 [a2876ff0-d178-48ae-a6b6-bf6963d4710d-PipelineCommandHandlerThread-0] INFO  commandhandler.CreatePipelineCommandHandler (CreatePipelineCommandHandler.java:lambda$handle$2(124)) - Created Pipeline RATIS ONE PipelineID=49fab4ac-965e-461f-9946-5bde8cd16727.
2024-07-25 11:29:07,764 [a2876ff0-d178-48ae-a6b6-bf6963d4710d-PipelineCommandHandlerThread-0] INFO  server.RaftServer (RaftServerProxy.java:addNew(101)) - a2876ff0-d178-48ae-a6b6-bf6963d4710d: addNew group-E17A96920781:[4f6a4ba8-7237-4720-8e71-4cf4f347a525|127.0.0.1:15032, a2876ff0-d178-48ae-a6b6-bf6963d4710d|127.0.0.1:15023, e7fccb5b-6f4b-4a5d-93b5-abfcbb2ccb85|127.0.0.1:15014] returns group-E17A96920781:java.util.concurrent.CompletableFuture@428997c8[Not completed]
2024-07-25 11:29:07,771 [a2876ff0-d178-48ae-a6b6-bf6963d4710d-groupManagement] INFO  server.RaftServer$Division (RaftServerImpl.java:<init>(253)) - a2876ff0-d178-48ae-a6b6-bf6963d4710d: new RaftServerImpl for group-E17A96920781:[4f6a4ba8-7237-4720-8e71-4cf4f347a525|127.0.0.1:15032, a2876ff0-d178-48ae-a6b6-bf6963d4710d|127.0.0.1:15023, e7fccb5b-6f4b-4a5d-93b5-abfcbb2ccb85|127.0.0.1:15014] with ContainerStateMachine:uninitialized
2024-07-25 11:29:07,771 [a2876ff0-d178-48ae-a6b6-bf6963d4710d-groupManagement] INFO  server.RaftServerConfigKeys (ConfUtils.java:logGet(46)) - raft.server.rpc.timeout.min = 5s (custom)
2024-07-25 11:29:07,772 [a2876ff0-d178-48ae-a6b6-bf6963d4710d-groupManagement] INFO  server.RaftServerConfigKeys (ConfUtils.java:logGet(46)) - raft.server.rpc.timeout.max = 5200ms (custom)
2024-07-25 11:29:07,772 [a2876ff0-d178-48ae-a6b6-bf6963d4710d-groupManagement] INFO  server.RaftServerConfigKeys (ConfUtils.java:logGet(46)) - raft.server.rpc.sleep.time = 25ms (default)
2024-07-25 11:29:07,772 [a2876ff0-d178-48ae-a6b6-bf6963d4710d-groupManagement] INFO  server.RaftServerConfigKeys (ConfUtils.java:logGet(46)) - raft.server.rpc.slowness.timeout = 300s (custom)
2024-07-25 11:29:07,774 [a2876ff0-d178-48ae-a6b6-bf6963d4710d-groupManagement] INFO  server.RaftServerConfigKeys (ConfUtils.java:logGet(46)) - raft.server.leaderelection.leader.step-down.wait-time = 10s (default)
2024-07-25 11:29:07,774 [a2876ff0-d178-48ae-a6b6-bf6963d4710d-groupManagement] INFO  server.RaftServerConfigKeys (ConfUtils.java:logGet(46)) - raft.server.leaderelection.member.majority-add = false (default)
2024-07-25 11:29:07,774 [a2876ff0-d178-48ae-a6b6-bf6963d4710d-groupManagement] INFO  server.RaftServerConfigKeys (ConfUtils.java:logGet(46)) - raft.server.sleep.deviation.threshold = 300ms (default)
2024-07-25 11:29:07,775 [a2876ff0-d178-48ae-a6b6-bf6963d4710d-groupManagement] INFO  server.RaftServer$Division (ServerState.java:<init>(114)) - a2876ff0-d178-48ae-a6b6-bf6963d4710d@group-E17A96920781: ConfigurationManager, init=conf: {index: -1, cur=peers:[4f6a4ba8-7237-4720-8e71-4cf4f347a525|127.0.0.1:15032, a2876ff0-d178-48ae-a6b6-bf6963d4710d|127.0.0.1:15023, e7fccb5b-6f4b-4a5d-93b5-abfcbb2ccb85|127.0.0.1:15014]|listeners:[], old=null}, confs=<EMPTY_MAP>
2024-07-25 11:29:07,775 [a2876ff0-d178-48ae-a6b6-bf6963d4710d-groupManagement] INFO  server.RaftServerConfigKeys (ConfUtils.java:logGet(46)) - raft.server.notification.no-leader.timeout = 300s (custom)
2024-07-25 11:29:07,775 [a2876ff0-d178-48ae-a6b6-bf6963d4710d-groupManagement] INFO  server.RaftServerConfigKeys (ConfUtils.java:logGet(46)) - raft.server.read.timeout = 10s (default)
2024-07-25 11:29:07,775 [a2876ff0-d178-48ae-a6b6-bf6963d4710d-groupManagement] INFO  server.RaftServerConfigKeys (ConfUtils.java:logGet(46)) - raft.server.retrycache.expirytime = 600000ms (custom)
2024-07-25 11:29:07,775 [a2876ff0-d178-48ae-a6b6-bf6963d4710d-groupManagement] INFO  server.RaftServerConfigKeys (ConfUtils.java:logGet(46)) - raft.server.retrycache.statistics.expirytime = 100ms (default)
2024-07-25 11:29:07,775 [a2876ff0-d178-48ae-a6b6-bf6963d4710d-groupManagement] INFO  server.RaftServerConfigKeys (ConfUtils.java:logGet(46)) - raft.server.read.option = DEFAULT (default)
2024-07-25 11:29:07,776 [a2876ff0-d178-48ae-a6b6-bf6963d4710d-groupManagement] INFO  server.RaftServerConfigKeys (ConfUtils.java:logGet(46)) - raft.server.read.read-after-write-consistent.write-index-cache.expiry-time = 60s (default)
2024-07-25 11:29:07,780 [a2876ff0-d178-48ae-a6b6-bf6963d4710d-groupManagement] INFO  server.RaftServerConfigKeys (ConfUtils.java:logGet(46)) - raft.server.rpc.request.timeout = 60s (custom)
2024-07-25 11:29:07,781 [a2876ff0-d178-48ae-a6b6-bf6963d4710d-groupManagement] INFO  server.RaftServerConfigKeys (ConfUtils.java:logGet(46)) - raft.server.log.appender.install.snapshot.enabled = false (custom)
2024-07-25 11:29:07,781 [a2876ff0-d178-48ae-a6b6-bf6963d4710d-groupManagement] INFO  server.RaftServerConfigKeys (ConfUtils.java:logGet(46)) - raft.server.threadpool.server.cached = true (default)
2024-07-25 11:29:07,781 [a2876ff0-d178-48ae-a6b6-bf6963d4710d-groupManagement] INFO  server.RaftServerConfigKeys (ConfUtils.java:logGet(46)) - raft.server.threadpool.server.size = 0 (default)
2024-07-25 11:29:07,781 [a2876ff0-d178-48ae-a6b6-bf6963d4710d-groupManagement] INFO  server.RaftServerConfigKeys (ConfUtils.java:logGet(46)) - raft.server.threadpool.client.cached = true (default)
2024-07-25 11:29:07,781 [a2876ff0-d178-48ae-a6b6-bf6963d4710d-groupManagement] INFO  server.RaftServerConfigKeys (ConfUtils.java:logGet(46)) - raft.server.threadpool.client.size = 0 (default)
2024-07-25 11:29:07,781 [a2876ff0-d178-48ae-a6b6-bf6963d4710d-groupManagement] INFO  server.RaftServerConfigKeys (ConfUtils.java:logGet(46)) - raft.server.storage.free-space.min = 0MB (=0) (default)
2024-07-25 11:29:07,781 [a2876ff0-d178-48ae-a6b6-bf6963d4710d-groupManagement] INFO  server.RaftServerConfigKeys (ConfUtils.java:logGet(46)) - raft.server.log.corruption.policy = EXCEPTION (default)
2024-07-25 11:29:07,781 [a2876ff0-d178-48ae-a6b6-bf6963d4710d-groupManagement] INFO  server.RaftServerConfigKeys (ConfUtils.java:logGet(46)) - raft.server.storage.dir = [/home/runner/work/ozone/ozone/hadoop-ozone/integration-test/target/test-dir/MiniOzoneClusterImpl-1f81da03-70dc-44ad-8558-5c969ee5b37a/ozone-meta/datanode-2/ratis] (custom)
2024-07-25 11:29:07,781 [a2876ff0-d178-48ae-a6b6-bf6963d4710d-groupManagement] INFO  storage.RaftStorageDirectory (RaftStorageDirectoryImpl.java:analyzeStorage(138)) - The storage directory /home/runner/work/ozone/ozone/hadoop-ozone/integration-test/target/test-dir/MiniOzoneClusterImpl-1f81da03-70dc-44ad-8558-5c969ee5b37a/ozone-meta/datanode-2/ratis/f7096c59-612d-4157-834b-e17a96920781 does not exist. Creating ...
2024-07-25 11:29:07,782 [a2876ff0-d178-48ae-a6b6-bf6963d4710d-groupManagement] INFO  storage.RaftStorageDirectory (RaftStorageDirectoryImpl.java:tryLock(229)) - Lock on /home/runner/work/ozone/ozone/hadoop-ozone/integration-test/target/test-dir/MiniOzoneClusterImpl-1f81da03-70dc-44ad-8558-5c969ee5b37a/ozone-meta/datanode-2/ratis/f7096c59-612d-4157-834b-e17a96920781/in_use.lock acquired by nodename 94518@fv-az1436-131
2024-07-25 11:29:07,783 [grpc-default-executor-0] INFO  server.RaftServer (RaftServerProxy.java:addNew(101)) - 4f6a4ba8-7237-4720-8e71-4cf4f347a525: addNew group-87A56816AD29:[4f6a4ba8-7237-4720-8e71-4cf4f347a525|127.0.0.1:15032, a2876ff0-d178-48ae-a6b6-bf6963d4710d|127.0.0.1:15023, e7fccb5b-6f4b-4a5d-93b5-abfcbb2ccb85|127.0.0.1:15014] returns group-87A56816AD29:java.util.concurrent.CompletableFuture@5b80c262[Not completed]
2024-07-25 11:29:07,784 [a2876ff0-d178-48ae-a6b6-bf6963d4710d-groupManagement] INFO  storage.RaftStorage (RaftStorageImpl.java:format(98)) - Storage directory /home/runner/work/ozone/ozone/hadoop-ozone/integration-test/target/test-dir/MiniOzoneClusterImpl-1f81da03-70dc-44ad-8558-5c969ee5b37a/ozone-meta/datanode-2/ratis/f7096c59-612d-4157-834b-e17a96920781 has been successfully formatted.
2024-07-25 11:29:07,784 [a2876ff0-d178-48ae-a6b6-bf6963d4710d-groupManagement] INFO  ratis.ContainerStateMachine (ContainerStateMachine.java:loadSnapshot(287)) - group-E17A96920781: The snapshot info is null. Setting the last applied index to:(t:0, i:~)
2024-07-25 11:29:07,784 [a2876ff0-d178-48ae-a6b6-bf6963d4710d-groupManagement] INFO  server.RaftServerConfigKeys (ConfUtils.java:logGet(46)) - raft.server.log.use.memory = false (default)
2024-07-25 11:29:07,784 [a2876ff0-d178-48ae-a6b6-bf6963d4710d-groupManagement] INFO  server.RaftServerConfigKeys (ConfUtils.java:logGet(46)) - raft.server.log.purge.gap = 1000000 (custom)
2024-07-25 11:29:07,785 [a2876ff0-d178-48ae-a6b6-bf6963d4710d-groupManagement] INFO  server.RaftServerConfigKeys (ConfUtils.java:logGet(46)) - raft.server.log.appender.buffer.byte-limit = 8388608 (custom)
2024-07-25 11:29:07,785 [a2876ff0-d178-48ae-a6b6-bf6963d4710d-groupManagement] INFO  server.RaftServerConfigKeys (ConfUtils.java:logGet(46)) - raft.server.log.statemachine.data.read.timeout = 1000ms (default)
2024-07-25 11:29:07,785 [a2876ff0-d178-48ae-a6b6-bf6963d4710d-groupManagement] INFO  server.RaftServerConfigKeys (ConfUtils.java:logGet(46)) - raft.server.log.purge.preservation.log.num = 0 (default)
2024-07-25 11:29:07,786 [EventQueue-OpenPipelineForHealthyPipelineSafeModeRule] INFO  safemode.SCMSafeModeManager (HealthyPipelineSafeModeRule.java:process(140)) - SCM in safe mode. Healthy pipelines reported count is 0, required healthy pipeline reported count is 1
2024-07-25 11:29:07,787 [4f6a4ba8-7237-4720-8e71-4cf4f347a525-groupManagement] INFO  server.RaftServer$Division (RaftServerImpl.java:<init>(253)) - 4f6a4ba8-7237-4720-8e71-4cf4f347a525: new RaftServerImpl for group-87A56816AD29:[4f6a4ba8-7237-4720-8e71-4cf4f347a525|127.0.0.1:15032, a2876ff0-d178-48ae-a6b6-bf6963d4710d|127.0.0.1:15023, e7fccb5b-6f4b-4a5d-93b5-abfcbb2ccb85|127.0.0.1:15014] with ContainerStateMachine:uninitialized
2024-07-25 11:29:07,789 [4f6a4ba8-7237-4720-8e71-4cf4f347a525-groupManagement] INFO  server.RaftServerConfigKeys (ConfUtils.java:logGet(46)) - raft.server.rpc.timeout.min = 5s (custom)
2024-07-25 11:29:07,789 [4f6a4ba8-7237-4720-8e71-4cf4f347a525-groupManagement] INFO  server.RaftServerConfigKeys (ConfUtils.java:logGet(46)) - raft.server.rpc.timeout.max = 5200ms (custom)
2024-07-25 11:29:07,790 [4f6a4ba8-7237-4720-8e71-4cf4f347a525-groupManagement] INFO  server.RaftServerConfigKeys (ConfUtils.java:logGet(46)) - raft.server.rpc.sleep.time = 25ms (default)
2024-07-25 11:29:07,790 [4f6a4ba8-7237-4720-8e71-4cf4f347a525-groupManagement] INFO  server.RaftServerConfigKeys (ConfUtils.java:logGet(46)) - raft.server.rpc.slowness.timeout = 300s (custom)
2024-07-25 11:29:07,790 [4f6a4ba8-7237-4720-8e71-4cf4f347a525-groupManagement] INFO  server.RaftServerConfigKeys (ConfUtils.java:logGet(46)) - raft.server.leaderelection.leader.step-down.wait-time = 10s (default)
2024-07-25 11:29:07,790 [4f6a4ba8-7237-4720-8e71-4cf4f347a525-groupManagement] INFO  server.RaftServerConfigKeys (ConfUtils.java:logGet(46)) - raft.server.leaderelection.member.majority-add = false (default)
2024-07-25 11:29:07,790 [4f6a4ba8-7237-4720-8e71-4cf4f347a525-groupManagement] INFO  server.RaftServerConfigKeys (ConfUtils.java:logGet(46)) - raft.server.sleep.deviation.threshold = 300ms (default)
2024-07-25 11:29:07,790 [4f6a4ba8-7237-4720-8e71-4cf4f347a525-groupManagement] INFO  server.RaftServer$Division (ServerState.java:<init>(114)) - 4f6a4ba8-7237-4720-8e71-4cf4f347a525@group-87A56816AD29: ConfigurationManager, init=conf: {index: -1, cur=peers:[4f6a4ba8-7237-4720-8e71-4cf4f347a525|127.0.0.1:15032, a2876ff0-d178-48ae-a6b6-bf6963d4710d|127.0.0.1:15023, e7fccb5b-6f4b-4a5d-93b5-abfcbb2ccb85|127.0.0.1:15014]|listeners:[], old=null}, confs=<EMPTY_MAP>
2024-07-25 11:29:07,790 [4f6a4ba8-7237-4720-8e71-4cf4f347a525-groupManagement] INFO  server.RaftServerConfigKeys (ConfUtils.java:logGet(46)) - raft.server.notification.no-leader.timeout = 300s (custom)
2024-07-25 11:29:07,790 [4f6a4ba8-7237-4720-8e71-4cf4f347a525-groupManagement] INFO  server.RaftServerConfigKeys (ConfUtils.java:logGet(46)) - raft.server.read.timeout = 10s (default)
2024-07-25 11:29:07,790 [4f6a4ba8-7237-4720-8e71-4cf4f347a525-groupManagement] INFO  server.RaftServerConfigKeys (ConfUtils.java:logGet(46)) - raft.server.retrycache.expirytime = 600000ms (custom)
2024-07-25 11:29:07,790 [4f6a4ba8-7237-4720-8e71-4cf4f347a525-groupManagement] INFO  server.RaftServerConfigKeys (ConfUtils.java:logGet(46)) - raft.server.retrycache.statistics.expirytime = 100ms (default)
2024-07-25 11:29:07,791 [4f6a4ba8-7237-4720-8e71-4cf4f347a525-groupManagement] INFO  server.RaftServerConfigKeys (ConfUtils.java:logGet(46)) - raft.server.read.option = DEFAULT (default)
2024-07-25 11:29:07,791 [4f6a4ba8-7237-4720-8e71-4cf4f347a525-groupManagement] INFO  server.RaftServerConfigKeys (ConfUtils.java:logGet(46)) - raft.server.read.read-after-write-consistent.write-index-cache.expiry-time = 60s (default)
2024-07-25 11:29:07,788 [a2876ff0-d178-48ae-a6b6-bf6963d4710d-groupManagement] INFO  server.RaftServerConfigKeys (ConfUtils.java:logGet(46)) - raft.server.log.segment.size.max = 67108864 (custom)
2024-07-25 11:29:07,794 [a2876ff0-d178-48ae-a6b6-bf6963d4710d-groupManagement] INFO  server.RaftServerConfigKeys (ConfUtils.java:logGet(46)) - raft.server.log.segment.cache.num.max = 2 (custom)
2024-07-25 11:29:07,794 [a2876ff0-d178-48ae-a6b6-bf6963d4710d-groupManagement] INFO  server.RaftServerConfigKeys (ConfUtils.java:logGet(46)) - raft.server.log.segment.cache.size.max = 200MB (=209715200) (default)
2024-07-25 11:29:07,794 [a2876ff0-d178-48ae-a6b6-bf6963d4710d-groupManagement] INFO  server.RaftServerConfigKeys (ConfUtils.java:logGet(46)) - raft.server.log.appender.buffer.byte-limit = 8388608 (custom)
2024-07-25 11:29:07,795 [4f6a4ba8-7237-4720-8e71-4cf4f347a525-groupManagement] INFO  server.RaftServerConfigKeys (ConfUtils.java:logGet(46)) - raft.server.rpc.request.timeout = 60s (custom)
2024-07-25 11:29:07,795 [4f6a4ba8-7237-4720-8e71-4cf4f347a525-groupManagement] INFO  server.RaftServerConfigKeys (ConfUtils.java:logGet(46)) - raft.server.log.appender.install.snapshot.enabled = false (custom)
2024-07-25 11:29:07,796 [4f6a4ba8-7237-4720-8e71-4cf4f347a525-groupManagement] INFO  server.RaftServerConfigKeys (ConfUtils.java:logGet(46)) - raft.server.threadpool.server.cached = true (default)
2024-07-25 11:29:07,796 [4f6a4ba8-7237-4720-8e71-4cf4f347a525-groupManagement] INFO  server.RaftServerConfigKeys (ConfUtils.java:logGet(46)) - raft.server.threadpool.server.size = 0 (default)
2024-07-25 11:29:07,796 [4f6a4ba8-7237-4720-8e71-4cf4f347a525-groupManagement] INFO  server.RaftServerConfigKeys (ConfUtils.java:logGet(46)) - raft.server.threadpool.client.cached = true (default)
2024-07-25 11:29:07,796 [4f6a4ba8-7237-4720-8e71-4cf4f347a525-groupManagement] INFO  server.RaftServerConfigKeys (ConfUtils.java:logGet(46)) - raft.server.threadpool.client.size = 0 (default)
2024-07-25 11:29:07,796 [4f6a4ba8-7237-4720-8e71-4cf4f347a525-groupManagement] INFO  server.RaftServerConfigKeys (ConfUtils.java:logGet(46)) - raft.server.storage.free-space.min = 0MB (=0) (default)
2024-07-25 11:29:07,796 [4f6a4ba8-7237-4720-8e71-4cf4f347a525-groupManagement] INFO  server.RaftServerConfigKeys (ConfUtils.java:logGet(46)) - raft.server.log.corruption.policy = EXCEPTION (default)
2024-07-25 11:29:07,796 [4f6a4ba8-7237-4720-8e71-4cf4f347a525-groupManagement] INFO  server.RaftServerConfigKeys (ConfUtils.java:logGet(46)) - raft.server.storage.dir = [/home/runner/work/ozone/ozone/hadoop-ozone/integration-test/target/test-dir/MiniOzoneClusterImpl-1f81da03-70dc-44ad-8558-5c969ee5b37a/ozone-meta/datanode-3/ratis] (custom)
2024-07-25 11:29:07,796 [4f6a4ba8-7237-4720-8e71-4cf4f347a525-groupManagement] INFO  storage.RaftStorageDirectory (RaftStorageDirectoryImpl.java:analyzeStorage(138)) - The storage directory /home/runner/work/ozone/ozone/hadoop-ozone/integration-test/target/test-dir/MiniOzoneClusterImpl-1f81da03-70dc-44ad-8558-5c969ee5b37a/ozone-meta/datanode-3/ratis/948d8638-4239-4972-bb67-87a56816ad29 does not exist. Creating ...
2024-07-25 11:29:07,797 [4f6a4ba8-7237-4720-8e71-4cf4f347a525-groupManagement] INFO  storage.RaftStorageDirectory (RaftStorageDirectoryImpl.java:tryLock(229)) - Lock on /home/runner/work/ozone/ozone/hadoop-ozone/integration-test/target/test-dir/MiniOzoneClusterImpl-1f81da03-70dc-44ad-8558-5c969ee5b37a/ozone-meta/datanode-3/ratis/948d8638-4239-4972-bb67-87a56816ad29/in_use.lock acquired by nodename 94518@fv-az1436-131
2024-07-25 11:29:07,799 [4f6a4ba8-7237-4720-8e71-4cf4f347a525-groupManagement] INFO  storage.RaftStorage (RaftStorageImpl.java:format(98)) - Storage directory /home/runner/work/ozone/ozone/hadoop-ozone/integration-test/target/test-dir/MiniOzoneClusterImpl-1f81da03-70dc-44ad-8558-5c969ee5b37a/ozone-meta/datanode-3/ratis/948d8638-4239-4972-bb67-87a56816ad29 has been successfully formatted.
2024-07-25 11:29:07,799 [4f6a4ba8-7237-4720-8e71-4cf4f347a525-groupManagement] INFO  ratis.ContainerStateMachine (ContainerStateMachine.java:loadSnapshot(287)) - group-87A56816AD29: The snapshot info is null. Setting the last applied index to:(t:0, i:~)
2024-07-25 11:29:07,799 [4f6a4ba8-7237-4720-8e71-4cf4f347a525-groupManagement] INFO  server.RaftServerConfigKeys (ConfUtils.java:logGet(46)) - raft.server.log.use.memory = false (default)
2024-07-25 11:29:07,799 [4f6a4ba8-7237-4720-8e71-4cf4f347a525-groupManagement] INFO  server.RaftServerConfigKeys (ConfUtils.java:logGet(46)) - raft.server.log.purge.gap = 1000000 (custom)
2024-07-25 11:29:07,799 [4f6a4ba8-7237-4720-8e71-4cf4f347a525-groupManagement] INFO  server.RaftServerConfigKeys (ConfUtils.java:logGet(46)) - raft.server.log.appender.buffer.byte-limit = 8388608 (custom)
2024-07-25 11:29:07,799 [4f6a4ba8-7237-4720-8e71-4cf4f347a525-groupManagement] INFO  server.RaftServerConfigKeys (ConfUtils.java:logGet(46)) - raft.server.log.statemachine.data.read.timeout = 1000ms (default)
2024-07-25 11:29:07,799 [4f6a4ba8-7237-4720-8e71-4cf4f347a525-groupManagement] INFO  server.RaftServerConfigKeys (ConfUtils.java:logGet(46)) - raft.server.log.purge.preservation.log.num = 0 (default)
2024-07-25 11:29:07,801 [4f6a4ba8-7237-4720-8e71-4cf4f347a525-groupManagement] INFO  server.RaftServerConfigKeys (ConfUtils.java:logGet(46)) - raft.server.log.segment.size.max = 67108864 (custom)
2024-07-25 11:29:07,802 [4f6a4ba8-7237-4720-8e71-4cf4f347a525-groupManagement] INFO  server.RaftServerConfigKeys (ConfUtils.java:logGet(46)) - raft.server.log.segment.cache.num.max = 2 (custom)
2024-07-25 11:29:07,802 [4f6a4ba8-7237-4720-8e71-4cf4f347a525-groupManagement] INFO  server.RaftServerConfigKeys (ConfUtils.java:logGet(46)) - raft.server.log.segment.cache.size.max = 200MB (=209715200) (default)
2024-07-25 11:29:07,802 [4f6a4ba8-7237-4720-8e71-4cf4f347a525-groupManagement] INFO  server.RaftServerConfigKeys (ConfUtils.java:logGet(46)) - raft.server.log.appender.buffer.byte-limit = 8388608 (custom)
2024-07-25 11:29:07,803 [a2876ff0-d178-48ae-a6b6-bf6963d4710d-groupManagement] INFO  util.AwaitToRun (AwaitToRun.java:start(81)) - Thread[a2876ff0-d178-48ae-a6b6-bf6963d4710d@group-E17A96920781-cacheEviction-AwaitToRun,5,main] started
2024-07-25 11:29:07,803 [a2876ff0-d178-48ae-a6b6-bf6963d4710d-groupManagement] INFO  segmented.SegmentedRaftLogWorker (SegmentedRaftLogWorker.java:<init>(184)) - new a2876ff0-d178-48ae-a6b6-bf6963d4710d@group-E17A96920781-SegmentedRaftLogWorker for RaftStorageImpl:Storage Directory /home/runner/work/ozone/ozone/hadoop-ozone/integration-test/target/test-dir/MiniOzoneClusterImpl-1f81da03-70dc-44ad-8558-5c969ee5b37a/ozone-meta/datanode-2/ratis/f7096c59-612d-4157-834b-e17a96920781
2024-07-25 11:29:07,804 [a2876ff0-d178-48ae-a6b6-bf6963d4710d-groupManagement] INFO  server.RaftServerConfigKeys (ConfUtils.java:logGet(46)) - raft.server.log.queue.byte-limit = 4294967296 (custom)
2024-07-25 11:29:07,804 [a2876ff0-d178-48ae-a6b6-bf6963d4710d-groupManagement] INFO  server.RaftServerConfigKeys (ConfUtils.java:logGet(46)) - raft.server.log.queue.element-limit = 1024 (custom)
2024-07-25 11:29:07,804 [a2876ff0-d178-48ae-a6b6-bf6963d4710d-groupManagement] INFO  server.RaftServerConfigKeys (ConfUtils.java:logGet(46)) - raft.server.log.segment.size.max = 67108864 (custom)
2024-07-25 11:29:07,804 [a2876ff0-d178-48ae-a6b6-bf6963d4710d-groupManagement] INFO  server.RaftServerConfigKeys (ConfUtils.java:logGet(46)) - raft.server.log.preallocated.size = 4194304 (custom)
2024-07-25 11:29:07,804 [a2876ff0-d178-48ae-a6b6-bf6963d4710d-groupManagement] INFO  server.RaftServerConfigKeys (ConfUtils.java:logGet(46)) - raft.server.log.force.sync.num = 128 (default)
2024-07-25 11:29:07,804 [a2876ff0-d178-48ae-a6b6-bf6963d4710d-groupManagement] INFO  server.RaftServerConfigKeys (ConfUtils.java:logGet(46)) - raft.server.log.statemachine.data.sync = true (default)
2024-07-25 11:29:07,804 [a2876ff0-d178-48ae-a6b6-bf6963d4710d-groupManagement] INFO  server.RaftServerConfigKeys (ConfUtils.java:logGet(46)) - raft.server.log.statemachine.data.sync.timeout = 10s (default)
2024-07-25 11:29:07,804 [a2876ff0-d178-48ae-a6b6-bf6963d4710d-groupManagement] INFO  server.RaftServerConfigKeys (ConfUtils.java:logGet(46)) - raft.server.log.statemachine.data.sync.timeout.retry = 30 (custom)
2024-07-25 11:29:07,805 [a2876ff0-d178-48ae-a6b6-bf6963d4710d-groupManagement] INFO  server.RaftServerConfigKeys (ConfUtils.java:logGet(46)) - raft.server.log.write.buffer.size = 8388616 (custom)
2024-07-25 11:29:07,807 [a2876ff0-d178-48ae-a6b6-bf6963d4710d-groupManagement] INFO  server.RaftServerConfigKeys (ConfUtils.java:logGet(46)) - raft.server.log.appender.buffer.byte-limit = 8388608 (custom)
2024-07-25 11:29:07,807 [a2876ff0-d178-48ae-a6b6-bf6963d4710d-groupManagement] INFO  server.RaftServerConfigKeys (ConfUtils.java:logGet(46)) - raft.server.log.unsafe-flush.enabled = false (default)
2024-07-25 11:29:07,807 [a2876ff0-d178-48ae-a6b6-bf6963d4710d-groupManagement] INFO  server.RaftServerConfigKeys (ConfUtils.java:logGet(46)) - raft.server.log.async-flush.enabled = false (default)
2024-07-25 11:29:07,808 [a2876ff0-d178-48ae-a6b6-bf6963d4710d-groupManagement] INFO  server.RaftServerConfigKeys (ConfUtils.java:logGet(46)) - raft.server.log.statemachine.data.caching.enabled = true (custom)
2024-07-25 11:29:07,808 [a2876ff0-d178-48ae-a6b6-bf6963d4710d-groupManagement] INFO  segmented.SegmentedRaftLogWorker (SegmentedRaftLogWorker.java:lambda$new$0(135)) - a2876ff0-d178-48ae-a6b6-bf6963d4710d@group-E17A96920781-SegmentedRaftLogWorker: flushIndex: setUnconditionally 0 -> -1
2024-07-25 11:29:07,808 [a2876ff0-d178-48ae-a6b6-bf6963d4710d-groupManagement] INFO  segmented.SegmentedRaftLogWorker (SegmentedRaftLogWorker.java:lambda$new$0(135)) - a2876ff0-d178-48ae-a6b6-bf6963d4710d@group-E17A96920781-SegmentedRaftLogWorker: safeCacheEvictIndex: setUnconditionally 0 -> -1
2024-07-25 11:29:07,811 [a2876ff0-d178-48ae-a6b6-bf6963d4710d-groupManagement] INFO  server.RaftServer$Division (RaftServerImpl.java:start(389)) - a2876ff0-d178-48ae-a6b6-bf6963d4710d@group-E17A96920781: start as a follower, conf=conf: {index: -1, cur=peers:[4f6a4ba8-7237-4720-8e71-4cf4f347a525|127.0.0.1:15032, a2876ff0-d178-48ae-a6b6-bf6963d4710d|127.0.0.1:15023, e7fccb5b-6f4b-4a5d-93b5-abfcbb2ccb85|127.0.0.1:15014]|listeners:[], old=null}
2024-07-25 11:29:07,811 [a2876ff0-d178-48ae-a6b6-bf6963d4710d-groupManagement] INFO  server.RaftServer$Division (RaftServerImpl.java:setRole(376)) - a2876ff0-d178-48ae-a6b6-bf6963d4710d@group-E17A96920781: changes role from      null to FOLLOWER at term 0 for startAsFollower
2024-07-25 11:29:07,811 [a2876ff0-d178-48ae-a6b6-bf6963d4710d-groupManagement] INFO  impl.RoleInfo (RoleInfo.java:updateAndGet(148)) - a2876ff0-d178-48ae-a6b6-bf6963d4710d: start a2876ff0-d178-48ae-a6b6-bf6963d4710d@group-E17A96920781-FollowerState
2024-07-25 11:29:07,813 [a2876ff0-d178-48ae-a6b6-bf6963d4710d-groupManagement] INFO  util.JmxRegister (JmxRegister.java:tryRegister(44)) - Successfully registered JMX Bean with object name Ratis:service=RaftServer,group=group-E17A96920781,id=a2876ff0-d178-48ae-a6b6-bf6963d4710d
2024-07-25 11:29:07,813 [a2876ff0-d178-48ae-a6b6-bf6963d4710d-groupManagement] INFO  util.JmxRegister (JmxRegister.java:register(58)) - register mxBean class org.apache.ratis.server.impl.RaftServerJmxAdapter as Ratis:service=RaftServer,group=group-E17A96920781,id=a2876ff0-d178-48ae-a6b6-bf6963d4710d
2024-07-25 11:29:07,813 [a2876ff0-d178-48ae-a6b6-bf6963d4710d-groupManagement] INFO  server.RaftServerConfigKeys (ConfUtils.java:logGet(46)) - raft.server.snapshot.trigger-when-stop.enabled = true (default)
2024-07-25 11:29:07,813 [a2876ff0-d178-48ae-a6b6-bf6963d4710d-groupManagement] INFO  server.RaftServerConfigKeys (ConfUtils.java:logGet(46)) - raft.server.snapshot.trigger-when-remove.enabled = true (default)
2024-07-25 11:29:07,813 [a2876ff0-d178-48ae-a6b6-bf6963d4710d-groupManagement] INFO  server.RaftServerConfigKeys (ConfUtils.java:logGet(46)) - raft.server.snapshot.auto.trigger.enabled = true (custom)
2024-07-25 11:29:07,813 [a2876ff0-d178-48ae-a6b6-bf6963d4710d-groupManagement] INFO  server.RaftServerConfigKeys (ConfUtils.java:logGet(46)) - raft.server.snapshot.auto.trigger.threshold = 10000 (custom)
2024-07-25 11:29:07,813 [a2876ff0-d178-48ae-a6b6-bf6963d4710d-groupManagement] INFO  server.RaftServerConfigKeys (ConfUtils.java:logGet(46)) - raft.server.snapshot.retention.file.num = 5 (custom)
2024-07-25 11:29:07,813 [a2876ff0-d178-48ae-a6b6-bf6963d4710d-groupManagement] INFO  server.RaftServerConfigKeys (ConfUtils.java:logGet(46)) - raft.server.log.purge.upto.snapshot.index = false (default)
2024-07-25 11:29:07,816 [a2876ff0-d178-48ae-a6b6-bf6963d4710d@group-E17A96920781-FollowerState] INFO  server.RaftServerConfigKeys (ConfUtils.java:logFallback(53)) - raft.server.rpc.first-election.timeout.min = 5s (fallback to raft.server.rpc.timeout.min)
2024-07-25 11:29:07,816 [a2876ff0-d178-48ae-a6b6-bf6963d4710d@group-E17A96920781-FollowerState] INFO  server.RaftServerConfigKeys (ConfUtils.java:logFallback(53)) - raft.server.rpc.first-election.timeout.max = 5200ms (fallback to raft.server.rpc.timeout.max)
2024-07-25 11:29:07,817 [a2876ff0-d178-48ae-a6b6-bf6963d4710d-PipelineCommandHandlerThread-0] INFO  ratis.XceiverServerRatis (XceiverServerRatis.java:addGroup(849)) - Created group PipelineID=f7096c59-612d-4157-834b-e17a96920781
2024-07-25 11:29:07,818 [4f6a4ba8-7237-4720-8e71-4cf4f347a525-groupManagement] INFO  util.AwaitToRun (AwaitToRun.java:start(81)) - Thread[4f6a4ba8-7237-4720-8e71-4cf4f347a525@group-87A56816AD29-cacheEviction-AwaitToRun,5,main] started
2024-07-25 11:29:07,818 [4f6a4ba8-7237-4720-8e71-4cf4f347a525-groupManagement] INFO  segmented.SegmentedRaftLogWorker (SegmentedRaftLogWorker.java:<init>(184)) - new 4f6a4ba8-7237-4720-8e71-4cf4f347a525@group-87A56816AD29-SegmentedRaftLogWorker for RaftStorageImpl:Storage Directory /home/runner/work/ozone/ozone/hadoop-ozone/integration-test/target/test-dir/MiniOzoneClusterImpl-1f81da03-70dc-44ad-8558-5c969ee5b37a/ozone-meta/datanode-3/ratis/948d8638-4239-4972-bb67-87a56816ad29
2024-07-25 11:29:07,818 [4f6a4ba8-7237-4720-8e71-4cf4f347a525-groupManagement] INFO  server.RaftServerConfigKeys (ConfUtils.java:logGet(46)) - raft.server.log.queue.byte-limit = 4294967296 (custom)
2024-07-25 11:29:07,818 [4f6a4ba8-7237-4720-8e71-4cf4f347a525-groupManagement] INFO  server.RaftServerConfigKeys (ConfUtils.java:logGet(46)) - raft.server.log.queue.element-limit = 1024 (custom)
2024-07-25 11:29:07,818 [4f6a4ba8-7237-4720-8e71-4cf4f347a525-groupManagement] INFO  server.RaftServerConfigKeys (ConfUtils.java:logGet(46)) - raft.server.log.segment.size.max = 67108864 (custom)
2024-07-25 11:29:07,818 [4f6a4ba8-7237-4720-8e71-4cf4f347a525-groupManagement] INFO  server.RaftServerConfigKeys (ConfUtils.java:logGet(46)) - raft.server.log.preallocated.size = 4194304 (custom)
2024-07-25 11:29:07,818 [4f6a4ba8-7237-4720-8e71-4cf4f347a525-groupManagement] INFO  server.RaftServerConfigKeys (ConfUtils.java:logGet(46)) - raft.server.log.force.sync.num = 128 (default)
2024-07-25 11:29:07,818 [4f6a4ba8-7237-4720-8e71-4cf4f347a525-groupManagement] INFO  server.RaftServerConfigKeys (ConfUtils.java:logGet(46)) - raft.server.log.statemachine.data.sync = true (default)
2024-07-25 11:29:07,818 [4f6a4ba8-7237-4720-8e71-4cf4f347a525-groupManagement] INFO  server.RaftServerConfigKeys (ConfUtils.java:logGet(46)) - raft.server.log.statemachine.data.sync.timeout = 10s (default)
2024-07-25 11:29:07,818 [4f6a4ba8-7237-4720-8e71-4cf4f347a525-groupManagement] INFO  server.RaftServerConfigKeys (ConfUtils.java:logGet(46)) - raft.server.log.statemachine.data.sync.timeout.retry = 30 (custom)
2024-07-25 11:29:07,819 [4f6a4ba8-7237-4720-8e71-4cf4f347a525-groupManagement] INFO  server.RaftServerConfigKeys (ConfUtils.java:logGet(46)) - raft.server.log.write.buffer.size = 8388616 (custom)
2024-07-25 11:29:07,821 [4f6a4ba8-7237-4720-8e71-4cf4f347a525-groupManagement] INFO  server.RaftServerConfigKeys (ConfUtils.java:logGet(46)) - raft.server.log.appender.buffer.byte-limit = 8388608 (custom)
2024-07-25 11:29:07,821 [4f6a4ba8-7237-4720-8e71-4cf4f347a525-groupManagement] INFO  server.RaftServerConfigKeys (ConfUtils.java:logGet(46)) - raft.server.log.unsafe-flush.enabled = false (default)
2024-07-25 11:29:07,821 [4f6a4ba8-7237-4720-8e71-4cf4f347a525-groupManagement] INFO  server.RaftServerConfigKeys (ConfUtils.java:logGet(46)) - raft.server.log.async-flush.enabled = false (default)
2024-07-25 11:29:07,821 [4f6a4ba8-7237-4720-8e71-4cf4f347a525-groupManagement] INFO  server.RaftServerConfigKeys (ConfUtils.java:logGet(46)) - raft.server.log.statemachine.data.caching.enabled = true (custom)
2024-07-25 11:29:07,821 [4f6a4ba8-7237-4720-8e71-4cf4f347a525-groupManagement] INFO  segmented.SegmentedRaftLogWorker (SegmentedRaftLogWorker.java:lambda$new$0(135)) - 4f6a4ba8-7237-4720-8e71-4cf4f347a525@group-87A56816AD29-SegmentedRaftLogWorker: flushIndex: setUnconditionally 0 -> -1
2024-07-25 11:29:07,821 [4f6a4ba8-7237-4720-8e71-4cf4f347a525-groupManagement] INFO  segmented.SegmentedRaftLogWorker (SegmentedRaftLogWorker.java:lambda$new$0(135)) - 4f6a4ba8-7237-4720-8e71-4cf4f347a525@group-87A56816AD29-SegmentedRaftLogWorker: safeCacheEvictIndex: setUnconditionally 0 -> -1
2024-07-25 11:29:07,828 [grpc-default-executor-0] INFO  server.RaftServer (RaftServerProxy.java:addNew(101)) - 4f6a4ba8-7237-4720-8e71-4cf4f347a525: addNew group-E17A96920781:[4f6a4ba8-7237-4720-8e71-4cf4f347a525|127.0.0.1:15032, a2876ff0-d178-48ae-a6b6-bf6963d4710d|127.0.0.1:15023, e7fccb5b-6f4b-4a5d-93b5-abfcbb2ccb85|127.0.0.1:15014] returns group-E17A96920781:java.util.concurrent.CompletableFuture@3409e4f6[Not completed]
2024-07-25 11:29:07,828 [4f6a4ba8-7237-4720-8e71-4cf4f347a525-groupManagement] INFO  server.RaftServer$Division (RaftServerImpl.java:start(389)) - 4f6a4ba8-7237-4720-8e71-4cf4f347a525@group-87A56816AD29: start as a follower, conf=conf: {index: -1, cur=peers:[4f6a4ba8-7237-4720-8e71-4cf4f347a525|127.0.0.1:15032, a2876ff0-d178-48ae-a6b6-bf6963d4710d|127.0.0.1:15023, e7fccb5b-6f4b-4a5d-93b5-abfcbb2ccb85|127.0.0.1:15014]|listeners:[], old=null}
2024-07-25 11:29:07,828 [4f6a4ba8-7237-4720-8e71-4cf4f347a525-groupManagement] INFO  server.RaftServer$Division (RaftServerImpl.java:setRole(376)) - 4f6a4ba8-7237-4720-8e71-4cf4f347a525@group-87A56816AD29: changes role from      null to FOLLOWER at term 0 for startAsFollower
2024-07-25 11:29:07,829 [4f6a4ba8-7237-4720-8e71-4cf4f347a525-groupManagement] INFO  impl.RoleInfo (RoleInfo.java:updateAndGet(148)) - 4f6a4ba8-7237-4720-8e71-4cf4f347a525: start 4f6a4ba8-7237-4720-8e71-4cf4f347a525@group-87A56816AD29-FollowerState
2024-07-25 11:29:07,829 [4f6a4ba8-7237-4720-8e71-4cf4f347a525-groupManagement] INFO  util.JmxRegister (JmxRegister.java:tryRegister(44)) - Successfully registered JMX Bean with object name Ratis:service=RaftServer,group=group-87A56816AD29,id=4f6a4ba8-7237-4720-8e71-4cf4f347a525
2024-07-25 11:29:07,829 [4f6a4ba8-7237-4720-8e71-4cf4f347a525-groupManagement] INFO  util.JmxRegister (JmxRegister.java:register(58)) - register mxBean class org.apache.ratis.server.impl.RaftServerJmxAdapter as Ratis:service=RaftServer,group=group-87A56816AD29,id=4f6a4ba8-7237-4720-8e71-4cf4f347a525
2024-07-25 11:29:07,829 [4f6a4ba8-7237-4720-8e71-4cf4f347a525@group-87A56816AD29-FollowerState] INFO  server.RaftServerConfigKeys (ConfUtils.java:logFallback(53)) - raft.server.rpc.first-election.timeout.min = 5s (fallback to raft.server.rpc.timeout.min)
2024-07-25 11:29:07,829 [4f6a4ba8-7237-4720-8e71-4cf4f347a525-groupManagement] INFO  server.RaftServerConfigKeys (ConfUtils.java:logGet(46)) - raft.server.snapshot.trigger-when-stop.enabled = true (default)
2024-07-25 11:29:07,829 [4f6a4ba8-7237-4720-8e71-4cf4f347a525-groupManagement] INFO  server.RaftServerConfigKeys (ConfUtils.java:logGet(46)) - raft.server.snapshot.trigger-when-remove.enabled = true (default)
2024-07-25 11:29:07,829 [4f6a4ba8-7237-4720-8e71-4cf4f347a525@group-87A56816AD29-FollowerState] INFO  server.RaftServerConfigKeys (ConfUtils.java:logFallback(53)) - raft.server.rpc.first-election.timeout.max = 5200ms (fallback to raft.server.rpc.timeout.max)
2024-07-25 11:29:07,829 [4f6a4ba8-7237-4720-8e71-4cf4f347a525-groupManagement] INFO  server.RaftServerConfigKeys (ConfUtils.java:logGet(46)) - raft.server.snapshot.auto.trigger.enabled = true (custom)
2024-07-25 11:29:07,830 [4f6a4ba8-7237-4720-8e71-4cf4f347a525-groupManagement] INFO  server.RaftServerConfigKeys (ConfUtils.java:logGet(46)) - raft.server.snapshot.auto.trigger.threshold = 10000 (custom)
2024-07-25 11:29:07,830 [4f6a4ba8-7237-4720-8e71-4cf4f347a525-groupManagement] INFO  server.RaftServerConfigKeys (ConfUtils.java:logGet(46)) - raft.server.snapshot.retention.file.num = 5 (custom)
2024-07-25 11:29:07,830 [4f6a4ba8-7237-4720-8e71-4cf4f347a525-groupManagement] INFO  server.RaftServerConfigKeys (ConfUtils.java:logGet(46)) - raft.server.log.purge.upto.snapshot.index = false (default)
2024-07-25 11:29:07,836 [4f6a4ba8-7237-4720-8e71-4cf4f347a525-groupManagement] INFO  server.RaftServer$Division (RaftServerImpl.java:<init>(253)) - 4f6a4ba8-7237-4720-8e71-4cf4f347a525: new RaftServerImpl for group-E17A96920781:[4f6a4ba8-7237-4720-8e71-4cf4f347a525|127.0.0.1:15032, a2876ff0-d178-48ae-a6b6-bf6963d4710d|127.0.0.1:15023, e7fccb5b-6f4b-4a5d-93b5-abfcbb2ccb85|127.0.0.1:15014] with ContainerStateMachine:uninitialized
2024-07-25 11:29:07,836 [4f6a4ba8-7237-4720-8e71-4cf4f347a525-groupManagement] INFO  server.RaftServerConfigKeys (ConfUtils.java:logGet(46)) - raft.server.rpc.timeout.min = 5s (custom)
2024-07-25 11:29:07,836 [4f6a4ba8-7237-4720-8e71-4cf4f347a525-groupManagement] INFO  server.RaftServerConfigKeys (ConfUtils.java:logGet(46)) - raft.server.rpc.timeout.max = 5200ms (custom)
2024-07-25 11:29:07,836 [4f6a4ba8-7237-4720-8e71-4cf4f347a525-groupManagement] INFO  server.RaftServerConfigKeys (ConfUtils.java:logGet(46)) - raft.server.rpc.sleep.time = 25ms (default)
2024-07-25 11:29:07,836 [4f6a4ba8-7237-4720-8e71-4cf4f347a525-groupManagement] INFO  server.RaftServerConfigKeys (ConfUtils.java:logGet(46)) - raft.server.rpc.slowness.timeout = 300s (custom)
2024-07-25 11:29:07,836 [4f6a4ba8-7237-4720-8e71-4cf4f347a525-groupManagement] INFO  server.RaftServerConfigKeys (ConfUtils.java:logGet(46)) - raft.server.leaderelection.leader.step-down.wait-time = 10s (default)
2024-07-25 11:29:07,837 [4f6a4ba8-7237-4720-8e71-4cf4f347a525-groupManagement] INFO  server.RaftServerConfigKeys (ConfUtils.java:logGet(46)) - raft.server.leaderelection.member.majority-add = false (default)
2024-07-25 11:29:07,837 [4f6a4ba8-7237-4720-8e71-4cf4f347a525-groupManagement] INFO  server.RaftServerConfigKeys (ConfUtils.java:logGet(46)) - raft.server.sleep.deviation.threshold = 300ms (default)
2024-07-25 11:29:07,837 [4f6a4ba8-7237-4720-8e71-4cf4f347a525-groupManagement] INFO  server.RaftServer$Division (ServerState.java:<init>(114)) - 4f6a4ba8-7237-4720-8e71-4cf4f347a525@group-E17A96920781: ConfigurationManager, init=conf: {index: -1, cur=peers:[4f6a4ba8-7237-4720-8e71-4cf4f347a525|127.0.0.1:15032, a2876ff0-d178-48ae-a6b6-bf6963d4710d|127.0.0.1:15023, e7fccb5b-6f4b-4a5d-93b5-abfcbb2ccb85|127.0.0.1:15014]|listeners:[], old=null}, confs=<EMPTY_MAP>
2024-07-25 11:29:07,837 [4f6a4ba8-7237-4720-8e71-4cf4f347a525-groupManagement] INFO  server.RaftServerConfigKeys (ConfUtils.java:logGet(46)) - raft.server.notification.no-leader.timeout = 300s (custom)
2024-07-25 11:29:07,837 [4f6a4ba8-7237-4720-8e71-4cf4f347a525-groupManagement] INFO  server.RaftServerConfigKeys (ConfUtils.java:logGet(46)) - raft.server.read.timeout = 10s (default)
2024-07-25 11:29:07,837 [4f6a4ba8-7237-4720-8e71-4cf4f347a525-groupManagement] INFO  server.RaftServerConfigKeys (ConfUtils.java:logGet(46)) - raft.server.retrycache.expirytime = 600000ms (custom)
2024-07-25 11:29:07,837 [4f6a4ba8-7237-4720-8e71-4cf4f347a525-groupManagement] INFO  server.RaftServerConfigKeys (ConfUtils.java:logGet(46)) - raft.server.retrycache.statistics.expirytime = 100ms (default)
2024-07-25 11:29:07,837 [4f6a4ba8-7237-4720-8e71-4cf4f347a525-groupManagement] INFO  server.RaftServerConfigKeys (ConfUtils.java:logGet(46)) - raft.server.read.option = DEFAULT (default)
2024-07-25 11:29:07,837 [4f6a4ba8-7237-4720-8e71-4cf4f347a525-groupManagement] INFO  server.RaftServerConfigKeys (ConfUtils.java:logGet(46)) - raft.server.read.read-after-write-consistent.write-index-cache.expiry-time = 60s (default)
2024-07-25 11:29:07,843 [4f6a4ba8-7237-4720-8e71-4cf4f347a525-groupManagement] INFO  server.RaftServerConfigKeys (ConfUtils.java:logGet(46)) - raft.server.rpc.request.timeout = 60s (custom)
2024-07-25 11:29:07,844 [4f6a4ba8-7237-4720-8e71-4cf4f347a525-groupManagement] INFO  server.RaftServerConfigKeys (ConfUtils.java:logGet(46)) - raft.server.log.appender.install.snapshot.enabled = false (custom)
2024-07-25 11:29:07,844 [4f6a4ba8-7237-4720-8e71-4cf4f347a525-groupManagement] INFO  server.RaftServerConfigKeys (ConfUtils.java:logGet(46)) - raft.server.threadpool.server.cached = true (default)
2024-07-25 11:29:07,844 [4f6a4ba8-7237-4720-8e71-4cf4f347a525-groupManagement] INFO  server.RaftServerConfigKeys (ConfUtils.java:logGet(46)) - raft.server.threadpool.server.size = 0 (default)
2024-07-25 11:29:07,844 [4f6a4ba8-7237-4720-8e71-4cf4f347a525-groupManagement] INFO  server.RaftServerConfigKeys (ConfUtils.java:logGet(46)) - raft.server.threadpool.client.cached = true (default)
2024-07-25 11:29:07,844 [4f6a4ba8-7237-4720-8e71-4cf4f347a525-groupManagement] INFO  server.RaftServerConfigKeys (ConfUtils.java:logGet(46)) - raft.server.threadpool.client.size = 0 (default)
2024-07-25 11:29:07,844 [4f6a4ba8-7237-4720-8e71-4cf4f347a525-groupManagement] INFO  server.RaftServerConfigKeys (ConfUtils.java:logGet(46)) - raft.server.storage.free-space.min = 0MB (=0) (default)
2024-07-25 11:29:07,844 [4f6a4ba8-7237-4720-8e71-4cf4f347a525-groupManagement] INFO  server.RaftServerConfigKeys (ConfUtils.java:logGet(46)) - raft.server.log.corruption.policy = EXCEPTION (default)
2024-07-25 11:29:07,845 [4f6a4ba8-7237-4720-8e71-4cf4f347a525-groupManagement] INFO  server.RaftServerConfigKeys (ConfUtils.java:logGet(46)) - raft.server.storage.dir = [/home/runner/work/ozone/ozone/hadoop-ozone/integration-test/target/test-dir/MiniOzoneClusterImpl-1f81da03-70dc-44ad-8558-5c969ee5b37a/ozone-meta/datanode-3/ratis] (custom)
2024-07-25 11:29:07,845 [4f6a4ba8-7237-4720-8e71-4cf4f347a525-groupManagement] INFO  storage.RaftStorageDirectory (RaftStorageDirectoryImpl.java:analyzeStorage(138)) - The storage directory /home/runner/work/ozone/ozone/hadoop-ozone/integration-test/target/test-dir/MiniOzoneClusterImpl-1f81da03-70dc-44ad-8558-5c969ee5b37a/ozone-meta/datanode-3/ratis/f7096c59-612d-4157-834b-e17a96920781 does not exist. Creating ...
2024-07-25 11:29:07,845 [e7fccb5b-6f4b-4a5d-93b5-abfcbb2ccb85-PipelineCommandHandlerThread-0] INFO  commandhandler.CreatePipelineCommandHandler (CreatePipelineCommandHandler.java:lambda$handle$2(124)) - Created Pipeline RATIS THREE PipelineID=948d8638-4239-4972-bb67-87a56816ad29.
2024-07-25 11:29:07,846 [4f6a4ba8-7237-4720-8e71-4cf4f347a525-groupManagement] INFO  storage.RaftStorageDirectory (RaftStorageDirectoryImpl.java:tryLock(229)) - Lock on /home/runner/work/ozone/ozone/hadoop-ozone/integration-test/target/test-dir/MiniOzoneClusterImpl-1f81da03-70dc-44ad-8558-5c969ee5b37a/ozone-meta/datanode-3/ratis/f7096c59-612d-4157-834b-e17a96920781/in_use.lock acquired by nodename 94518@fv-az1436-131
2024-07-25 11:29:07,847 [e7fccb5b-6f4b-4a5d-93b5-abfcbb2ccb85-PipelineCommandHandlerThread-0] INFO  server.RaftServer (RaftServerProxy.java:addNew(101)) - e7fccb5b-6f4b-4a5d-93b5-abfcbb2ccb85: addNew group-E17A96920781:[4f6a4ba8-7237-4720-8e71-4cf4f347a525|127.0.0.1:15032, a2876ff0-d178-48ae-a6b6-bf6963d4710d|127.0.0.1:15023, e7fccb5b-6f4b-4a5d-93b5-abfcbb2ccb85|127.0.0.1:15014] returns group-E17A96920781:java.util.concurrent.CompletableFuture@78efe875[Not completed]
2024-07-25 11:29:07,848 [4f6a4ba8-7237-4720-8e71-4cf4f347a525-groupManagement] INFO  storage.RaftStorage (RaftStorageImpl.java:format(98)) - Storage directory /home/runner/work/ozone/ozone/hadoop-ozone/integration-test/target/test-dir/MiniOzoneClusterImpl-1f81da03-70dc-44ad-8558-5c969ee5b37a/ozone-meta/datanode-3/ratis/f7096c59-612d-4157-834b-e17a96920781 has been successfully formatted.
2024-07-25 11:29:07,849 [e7fccb5b-6f4b-4a5d-93b5-abfcbb2ccb85-groupManagement] INFO  server.RaftServer$Division (RaftServerImpl.java:<init>(253)) - e7fccb5b-6f4b-4a5d-93b5-abfcbb2ccb85: new RaftServerImpl for group-E17A96920781:[4f6a4ba8-7237-4720-8e71-4cf4f347a525|127.0.0.1:15032, a2876ff0-d178-48ae-a6b6-bf6963d4710d|127.0.0.1:15023, e7fccb5b-6f4b-4a5d-93b5-abfcbb2ccb85|127.0.0.1:15014] with ContainerStateMachine:uninitialized
2024-07-25 11:29:07,849 [e7fccb5b-6f4b-4a5d-93b5-abfcbb2ccb85-groupManagement] INFO  server.RaftServerConfigKeys (ConfUtils.java:logGet(46)) - raft.server.rpc.timeout.min = 5s (custom)
2024-07-25 11:29:07,849 [e7fccb5b-6f4b-4a5d-93b5-abfcbb2ccb85-groupManagement] INFO  server.RaftServerConfigKeys (ConfUtils.java:logGet(46)) - raft.server.rpc.timeout.max = 5200ms (custom)
2024-07-25 11:29:07,849 [e7fccb5b-6f4b-4a5d-93b5-abfcbb2ccb85-groupManagement] INFO  server.RaftServerConfigKeys (ConfUtils.java:logGet(46)) - raft.server.rpc.sleep.time = 25ms (default)
2024-07-25 11:29:07,849 [e7fccb5b-6f4b-4a5d-93b5-abfcbb2ccb85-groupManagement] INFO  server.RaftServerConfigKeys (ConfUtils.java:logGet(46)) - raft.server.rpc.slowness.timeout = 300s (custom)
2024-07-25 11:29:07,850 [e7fccb5b-6f4b-4a5d-93b5-abfcbb2ccb85-groupManagement] INFO  server.RaftServerConfigKeys (ConfUtils.java:logGet(46)) - raft.server.leaderelection.leader.step-down.wait-time = 10s (default)
2024-07-25 11:29:07,850 [e7fccb5b-6f4b-4a5d-93b5-abfcbb2ccb85-groupManagement] INFO  server.RaftServerConfigKeys (ConfUtils.java:logGet(46)) - raft.server.leaderelection.member.majority-add = false (default)
2024-07-25 11:29:07,850 [e7fccb5b-6f4b-4a5d-93b5-abfcbb2ccb85-groupManagement] INFO  server.RaftServerConfigKeys (ConfUtils.java:logGet(46)) - raft.server.sleep.deviation.threshold = 300ms (default)
2024-07-25 11:29:07,850 [4f6a4ba8-7237-4720-8e71-4cf4f347a525-groupManagement] INFO  ratis.ContainerStateMachine (ContainerStateMachine.java:loadSnapshot(287)) - group-E17A96920781: The snapshot info is null. Setting the last applied index to:(t:0, i:~)
2024-07-25 11:29:07,850 [e7fccb5b-6f4b-4a5d-93b5-abfcbb2ccb85-groupManagement] INFO  server.RaftServer$Division (ServerState.java:<init>(114)) - e7fccb5b-6f4b-4a5d-93b5-abfcbb2ccb85@group-E17A96920781: ConfigurationManager, init=conf: {index: -1, cur=peers:[4f6a4ba8-7237-4720-8e71-4cf4f347a525|127.0.0.1:15032, a2876ff0-d178-48ae-a6b6-bf6963d4710d|127.0.0.1:15023, e7fccb5b-6f4b-4a5d-93b5-abfcbb2ccb85|127.0.0.1:15014]|listeners:[], old=null}, confs=<EMPTY_MAP>
2024-07-25 11:29:07,850 [e7fccb5b-6f4b-4a5d-93b5-abfcbb2ccb85-groupManagement] INFO  server.RaftServerConfigKeys (ConfUtils.java:logGet(46)) - raft.server.notification.no-leader.timeout = 300s (custom)
2024-07-25 11:29:07,850 [e7fccb5b-6f4b-4a5d-93b5-abfcbb2ccb85-groupManagement] INFO  server.RaftServerConfigKeys (ConfUtils.java:logGet(46)) - raft.server.read.timeout = 10s (default)
2024-07-25 11:29:07,850 [e7fccb5b-6f4b-4a5d-93b5-abfcbb2ccb85-groupManagement] INFO  server.RaftServerConfigKeys (ConfUtils.java:logGet(46)) - raft.server.retrycache.expirytime = 600000ms (custom)
2024-07-25 11:29:07,850 [e7fccb5b-6f4b-4a5d-93b5-abfcbb2ccb85-groupManagement] INFO  server.RaftServerConfigKeys (ConfUtils.java:logGet(46)) - raft.server.retrycache.statistics.expirytime = 100ms (default)
2024-07-25 11:29:07,850 [e7fccb5b-6f4b-4a5d-93b5-abfcbb2ccb85-groupManagement] INFO  server.RaftServerConfigKeys (ConfUtils.java:logGet(46)) - raft.server.read.option = DEFAULT (default)
2024-07-25 11:29:07,850 [e7fccb5b-6f4b-4a5d-93b5-abfcbb2ccb85-groupManagement] INFO  server.RaftServerConfigKeys (ConfUtils.java:logGet(46)) - raft.server.read.read-after-write-consistent.write-index-cache.expiry-time = 60s (default)
2024-07-25 11:29:07,855 [e7fccb5b-6f4b-4a5d-93b5-abfcbb2ccb85-groupManagement] INFO  server.RaftServerConfigKeys (ConfUtils.java:logGet(46)) - raft.server.rpc.request.timeout = 60s (custom)
2024-07-25 11:29:07,855 [e7fccb5b-6f4b-4a5d-93b5-abfcbb2ccb85-groupManagement] INFO  server.RaftServerConfigKeys (ConfUtils.java:logGet(46)) - raft.server.log.appender.install.snapshot.enabled = false (custom)
2024-07-25 11:29:07,855 [e7fccb5b-6f4b-4a5d-93b5-abfcbb2ccb85-groupManagement] INFO  server.RaftServerConfigKeys (ConfUtils.java:logGet(46)) - raft.server.threadpool.server.cached = true (default)
2024-07-25 11:29:07,855 [e7fccb5b-6f4b-4a5d-93b5-abfcbb2ccb85-groupManagement] INFO  server.RaftServerConfigKeys (ConfUtils.java:logGet(46)) - raft.server.threadpool.server.size = 0 (default)
2024-07-25 11:29:07,855 [e7fccb5b-6f4b-4a5d-93b5-abfcbb2ccb85-groupManagement] INFO  server.RaftServerConfigKeys (ConfUtils.java:logGet(46)) - raft.server.threadpool.client.cached = true (default)
2024-07-25 11:29:07,856 [e7fccb5b-6f4b-4a5d-93b5-abfcbb2ccb85-groupManagement] INFO  server.RaftServerConfigKeys (ConfUtils.java:logGet(46)) - raft.server.threadpool.client.size = 0 (default)
2024-07-25 11:29:07,856 [e7fccb5b-6f4b-4a5d-93b5-abfcbb2ccb85-groupManagement] INFO  server.RaftServerConfigKeys (ConfUtils.java:logGet(46)) - raft.server.storage.free-space.min = 0MB (=0) (default)
2024-07-25 11:29:07,856 [e7fccb5b-6f4b-4a5d-93b5-abfcbb2ccb85-groupManagement] INFO  server.RaftServerConfigKeys (ConfUtils.java:logGet(46)) - raft.server.log.corruption.policy = EXCEPTION (default)
2024-07-25 11:29:07,856 [e7fccb5b-6f4b-4a5d-93b5-abfcbb2ccb85-groupManagement] INFO  server.RaftServerConfigKeys (ConfUtils.java:logGet(46)) - raft.server.storage.dir = [/home/runner/work/ozone/ozone/hadoop-ozone/integration-test/target/test-dir/MiniOzoneClusterImpl-1f81da03-70dc-44ad-8558-5c969ee5b37a/ozone-meta/datanode-1/ratis] (custom)
2024-07-25 11:29:07,856 [e7fccb5b-6f4b-4a5d-93b5-abfcbb2ccb85-groupManagement] INFO  storage.RaftStorageDirectory (RaftStorageDirectoryImpl.java:analyzeStorage(138)) - The storage directory /home/runner/work/ozone/ozone/hadoop-ozone/integration-test/target/test-dir/MiniOzoneClusterImpl-1f81da03-70dc-44ad-8558-5c969ee5b37a/ozone-meta/datanode-1/ratis/f7096c59-612d-4157-834b-e17a96920781 does not exist. Creating ...
2024-07-25 11:29:07,857 [4f6a4ba8-7237-4720-8e71-4cf4f347a525-groupManagement] INFO  server.RaftServerConfigKeys (ConfUtils.java:logGet(46)) - raft.server.log.use.memory = false (default)
2024-07-25 11:29:07,857 [4f6a4ba8-7237-4720-8e71-4cf4f347a525-groupManagement] INFO  server.RaftServerConfigKeys (ConfUtils.java:logGet(46)) - raft.server.log.purge.gap = 1000000 (custom)
2024-07-25 11:29:07,857 [4f6a4ba8-7237-4720-8e71-4cf4f347a525-groupManagement] INFO  server.RaftServerConfigKeys (ConfUtils.java:logGet(46)) - raft.server.log.appender.buffer.byte-limit = 8388608 (custom)
2024-07-25 11:29:07,857 [4f6a4ba8-7237-4720-8e71-4cf4f347a525-groupManagement] INFO  server.RaftServerConfigKeys (ConfUtils.java:logGet(46)) - raft.server.log.statemachine.data.read.timeout = 1000ms (default)
2024-07-25 11:29:07,857 [4f6a4ba8-7237-4720-8e71-4cf4f347a525-groupManagement] INFO  server.RaftServerConfigKeys (ConfUtils.java:logGet(46)) - raft.server.log.purge.preservation.log.num = 0 (default)
2024-07-25 11:29:07,857 [e7fccb5b-6f4b-4a5d-93b5-abfcbb2ccb85-groupManagement] INFO  storage.RaftStorageDirectory (RaftStorageDirectoryImpl.java:tryLock(229)) - Lock on /home/runner/work/ozone/ozone/hadoop-ozone/integration-test/target/test-dir/MiniOzoneClusterImpl-1f81da03-70dc-44ad-8558-5c969ee5b37a/ozone-meta/datanode-1/ratis/f7096c59-612d-4157-834b-e17a96920781/in_use.lock acquired by nodename 94518@fv-az1436-131
2024-07-25 11:29:07,860 [4f6a4ba8-7237-4720-8e71-4cf4f347a525-groupManagement] INFO  server.RaftServerConfigKeys (ConfUtils.java:logGet(46)) - raft.server.log.segment.size.max = 67108864 (custom)
2024-07-25 11:29:07,860 [4f6a4ba8-7237-4720-8e71-4cf4f347a525-groupManagement] INFO  server.RaftServerConfigKeys (ConfUtils.java:logGet(46)) - raft.server.log.segment.cache.num.max = 2 (custom)
2024-07-25 11:29:07,861 [4f6a4ba8-7237-4720-8e71-4cf4f347a525-groupManagement] INFO  server.RaftServerConfigKeys (ConfUtils.java:logGet(46)) - raft.server.log.segment.cache.size.max = 200MB (=209715200) (default)
2024-07-25 11:29:07,861 [4f6a4ba8-7237-4720-8e71-4cf4f347a525-groupManagement] INFO  server.RaftServerConfigKeys (ConfUtils.java:logGet(46)) - raft.server.log.appender.buffer.byte-limit = 8388608 (custom)
2024-07-25 11:29:07,861 [e7fccb5b-6f4b-4a5d-93b5-abfcbb2ccb85-groupManagement] INFO  storage.RaftStorage (RaftStorageImpl.java:format(98)) - Storage directory /home/runner/work/ozone/ozone/hadoop-ozone/integration-test/target/test-dir/MiniOzoneClusterImpl-1f81da03-70dc-44ad-8558-5c969ee5b37a/ozone-meta/datanode-1/ratis/f7096c59-612d-4157-834b-e17a96920781 has been successfully formatted.
2024-07-25 11:29:07,862 [e7fccb5b-6f4b-4a5d-93b5-abfcbb2ccb85-groupManagement] INFO  ratis.ContainerStateMachine (ContainerStateMachine.java:loadSnapshot(287)) - group-E17A96920781: The snapshot info is null. Setting the last applied index to:(t:0, i:~)
2024-07-25 11:29:07,863 [e7fccb5b-6f4b-4a5d-93b5-abfcbb2ccb85-groupManagement] INFO  server.RaftServerConfigKeys (ConfUtils.java:logGet(46)) - raft.server.log.use.memory = false (default)
2024-07-25 11:29:07,863 [e7fccb5b-6f4b-4a5d-93b5-abfcbb2ccb85-groupManagement] INFO  server.RaftServerConfigKeys (ConfUtils.java:logGet(46)) - raft.server.log.purge.gap = 1000000 (custom)
2024-07-25 11:29:07,863 [e7fccb5b-6f4b-4a5d-93b5-abfcbb2ccb85-groupManagement] INFO  server.RaftServerConfigKeys (ConfUtils.java:logGet(46)) - raft.server.log.appender.buffer.byte-limit = 8388608 (custom)
2024-07-25 11:29:07,863 [EventQueue-OpenPipelineForHealthyPipelineSafeModeRule] INFO  safemode.SCMSafeModeManager (HealthyPipelineSafeModeRule.java:process(140)) - SCM in safe mode. Healthy pipelines reported count is 0, required healthy pipeline reported count is 1
2024-07-25 11:29:07,864 [e7fccb5b-6f4b-4a5d-93b5-abfcbb2ccb85-groupManagement] INFO  server.RaftServerConfigKeys (ConfUtils.java:logGet(46)) - raft.server.log.statemachine.data.read.timeout = 1000ms (default)
2024-07-25 11:29:07,864 [e7fccb5b-6f4b-4a5d-93b5-abfcbb2ccb85-groupManagement] INFO  server.RaftServerConfigKeys (ConfUtils.java:logGet(46)) - raft.server.log.purge.preservation.log.num = 0 (default)
2024-07-25 11:29:07,865 [4f6a4ba8-7237-4720-8e71-4cf4f347a525-groupManagement] INFO  util.AwaitToRun (AwaitToRun.java:start(81)) - Thread[4f6a4ba8-7237-4720-8e71-4cf4f347a525@group-E17A96920781-cacheEviction-AwaitToRun,5,main] started
2024-07-25 11:29:07,865 [4f6a4ba8-7237-4720-8e71-4cf4f347a525-groupManagement] INFO  segmented.SegmentedRaftLogWorker (SegmentedRaftLogWorker.java:<init>(184)) - new 4f6a4ba8-7237-4720-8e71-4cf4f347a525@group-E17A96920781-SegmentedRaftLogWorker for RaftStorageImpl:Storage Directory /home/runner/work/ozone/ozone/hadoop-ozone/integration-test/target/test-dir/MiniOzoneClusterImpl-1f81da03-70dc-44ad-8558-5c969ee5b37a/ozone-meta/datanode-3/ratis/f7096c59-612d-4157-834b-e17a96920781
2024-07-25 11:29:07,866 [4f6a4ba8-7237-4720-8e71-4cf4f347a525-groupManagement] INFO  server.RaftServerConfigKeys (ConfUtils.java:logGet(46)) - raft.server.log.queue.byte-limit = 4294967296 (custom)
2024-07-25 11:29:07,866 [4f6a4ba8-7237-4720-8e71-4cf4f347a525-groupManagement] INFO  server.RaftServerConfigKeys (ConfUtils.java:logGet(46)) - raft.server.log.queue.element-limit = 1024 (custom)
2024-07-25 11:29:07,866 [4f6a4ba8-7237-4720-8e71-4cf4f347a525-groupManagement] INFO  server.RaftServerConfigKeys (ConfUtils.java:logGet(46)) - raft.server.log.segment.size.max = 67108864 (custom)
2024-07-25 11:29:07,866 [4f6a4ba8-7237-4720-8e71-4cf4f347a525-groupManagement] INFO  server.RaftServerConfigKeys (ConfUtils.java:logGet(46)) - raft.server.log.preallocated.size = 4194304 (custom)
2024-07-25 11:29:07,866 [4f6a4ba8-7237-4720-8e71-4cf4f347a525-groupManagement] INFO  server.RaftServerConfigKeys (ConfUtils.java:logGet(46)) - raft.server.log.force.sync.num = 128 (default)
2024-07-25 11:29:07,866 [4f6a4ba8-7237-4720-8e71-4cf4f347a525-groupManagement] INFO  server.RaftServerConfigKeys (ConfUtils.java:logGet(46)) - raft.server.log.statemachine.data.sync = true (default)
2024-07-25 11:29:07,866 [e7fccb5b-6f4b-4a5d-93b5-abfcbb2ccb85-groupManagement] INFO  server.RaftServerConfigKeys (ConfUtils.java:logGet(46)) - raft.server.log.segment.size.max = 67108864 (custom)
2024-07-25 11:29:07,867 [e7fccb5b-6f4b-4a5d-93b5-abfcbb2ccb85-groupManagement] INFO  server.RaftServerConfigKeys (ConfUtils.java:logGet(46)) - raft.server.log.segment.cache.num.max = 2 (custom)
2024-07-25 11:29:07,867 [e7fccb5b-6f4b-4a5d-93b5-abfcbb2ccb85-groupManagement] INFO  server.RaftServerConfigKeys (ConfUtils.java:logGet(46)) - raft.server.log.segment.cache.size.max = 200MB (=209715200) (default)
2024-07-25 11:29:07,867 [e7fccb5b-6f4b-4a5d-93b5-abfcbb2ccb85-groupManagement] INFO  server.RaftServerConfigKeys (ConfUtils.java:logGet(46)) - raft.server.log.appender.buffer.byte-limit = 8388608 (custom)
2024-07-25 11:29:07,867 [e7fccb5b-6f4b-4a5d-93b5-abfcbb2ccb85-groupManagement] INFO  util.AwaitToRun (AwaitToRun.java:start(81)) - Thread[e7fccb5b-6f4b-4a5d-93b5-abfcbb2ccb85@group-E17A96920781-cacheEviction-AwaitToRun,5,main] started
2024-07-25 11:29:07,867 [e7fccb5b-6f4b-4a5d-93b5-abfcbb2ccb85-groupManagement] INFO  segmented.SegmentedRaftLogWorker (SegmentedRaftLogWorker.java:<init>(184)) - new e7fccb5b-6f4b-4a5d-93b5-abfcbb2ccb85@group-E17A96920781-SegmentedRaftLogWorker for RaftStorageImpl:Storage Directory /home/runner/work/ozone/ozone/hadoop-ozone/integration-test/target/test-dir/MiniOzoneClusterImpl-1f81da03-70dc-44ad-8558-5c969ee5b37a/ozone-meta/datanode-1/ratis/f7096c59-612d-4157-834b-e17a96920781
2024-07-25 11:29:07,868 [e7fccb5b-6f4b-4a5d-93b5-abfcbb2ccb85-groupManagement] INFO  server.RaftServerConfigKeys (ConfUtils.java:logGet(46)) - raft.server.log.queue.byte-limit = 4294967296 (custom)
2024-07-25 11:29:07,868 [e7fccb5b-6f4b-4a5d-93b5-abfcbb2ccb85-groupManagement] INFO  server.RaftServerConfigKeys (ConfUtils.java:logGet(46)) - raft.server.log.queue.element-limit = 1024 (custom)
2024-07-25 11:29:07,868 [4f6a4ba8-7237-4720-8e71-4cf4f347a525-groupManagement] INFO  server.RaftServerConfigKeys (ConfUtils.java:logGet(46)) - raft.server.log.statemachine.data.sync.timeout = 10s (default)
2024-07-25 11:29:07,868 [4f6a4ba8-7237-4720-8e71-4cf4f347a525-groupManagement] INFO  server.RaftServerConfigKeys (ConfUtils.java:logGet(46)) - raft.server.log.statemachine.data.sync.timeout.retry = 30 (custom)
2024-07-25 11:29:07,868 [e7fccb5b-6f4b-4a5d-93b5-abfcbb2ccb85-groupManagement] INFO  server.RaftServerConfigKeys (ConfUtils.java:logGet(46)) - raft.server.log.segment.size.max = 67108864 (custom)
2024-07-25 11:29:07,868 [e7fccb5b-6f4b-4a5d-93b5-abfcbb2ccb85-groupManagement] INFO  server.RaftServerConfigKeys (ConfUtils.java:logGet(46)) - raft.server.log.preallocated.size = 4194304 (custom)
2024-07-25 11:29:07,868 [e7fccb5b-6f4b-4a5d-93b5-abfcbb2ccb85-groupManagement] INFO  server.RaftServerConfigKeys (ConfUtils.java:logGet(46)) - raft.server.log.force.sync.num = 128 (default)
2024-07-25 11:29:07,868 [e7fccb5b-6f4b-4a5d-93b5-abfcbb2ccb85-groupManagement] INFO  server.RaftServerConfigKeys (ConfUtils.java:logGet(46)) - raft.server.log.statemachine.data.sync = true (default)
2024-07-25 11:29:07,868 [e7fccb5b-6f4b-4a5d-93b5-abfcbb2ccb85-groupManagement] INFO  server.RaftServerConfigKeys (ConfUtils.java:logGet(46)) - raft.server.log.statemachine.data.sync.timeout = 10s (default)
2024-07-25 11:29:07,868 [e7fccb5b-6f4b-4a5d-93b5-abfcbb2ccb85-groupManagement] INFO  server.RaftServerConfigKeys (ConfUtils.java:logGet(46)) - raft.server.log.statemachine.data.sync.timeout.retry = 30 (custom)
2024-07-25 11:29:07,869 [e7fccb5b-6f4b-4a5d-93b5-abfcbb2ccb85-groupManagement] INFO  server.RaftServerConfigKeys (ConfUtils.java:logGet(46)) - raft.server.log.write.buffer.size = 8388616 (custom)
2024-07-25 11:29:07,872 [e7fccb5b-6f4b-4a5d-93b5-abfcbb2ccb85-groupManagement] INFO  server.RaftServerConfigKeys (ConfUtils.java:logGet(46)) - raft.server.log.appender.buffer.byte-limit = 8388608 (custom)
2024-07-25 11:29:07,873 [e7fccb5b-6f4b-4a5d-93b5-abfcbb2ccb85-groupManagement] INFO  server.RaftServerConfigKeys (ConfUtils.java:logGet(46)) - raft.server.log.unsafe-flush.enabled = false (default)
2024-07-25 11:29:07,873 [e7fccb5b-6f4b-4a5d-93b5-abfcbb2ccb85-groupManagement] INFO  server.RaftServerConfigKeys (ConfUtils.java:logGet(46)) - raft.server.log.async-flush.enabled = false (default)
2024-07-25 11:29:07,873 [e7fccb5b-6f4b-4a5d-93b5-abfcbb2ccb85-groupManagement] INFO  server.RaftServerConfigKeys (ConfUtils.java:logGet(46)) - raft.server.log.statemachine.data.caching.enabled = true (custom)
2024-07-25 11:29:07,873 [e7fccb5b-6f4b-4a5d-93b5-abfcbb2ccb85-groupManagement] INFO  segmented.SegmentedRaftLogWorker (SegmentedRaftLogWorker.java:lambda$new$0(135)) - e7fccb5b-6f4b-4a5d-93b5-abfcbb2ccb85@group-E17A96920781-SegmentedRaftLogWorker: flushIndex: setUnconditionally 0 -> -1
2024-07-25 11:29:07,873 [e7fccb5b-6f4b-4a5d-93b5-abfcbb2ccb85-groupManagement] INFO  segmented.SegmentedRaftLogWorker (SegmentedRaftLogWorker.java:lambda$new$0(135)) - e7fccb5b-6f4b-4a5d-93b5-abfcbb2ccb85@group-E17A96920781-SegmentedRaftLogWorker: safeCacheEvictIndex: setUnconditionally 0 -> -1
2024-07-25 11:29:07,868 [4f6a4ba8-7237-4720-8e71-4cf4f347a525-groupManagement] INFO  server.RaftServerConfigKeys (ConfUtils.java:logGet(46)) - raft.server.log.write.buffer.size = 8388616 (custom)
2024-07-25 11:29:07,874 [e7fccb5b-6f4b-4a5d-93b5-abfcbb2ccb85-groupManagement] INFO  server.RaftServer$Division (RaftServerImpl.java:start(389)) - e7fccb5b-6f4b-4a5d-93b5-abfcbb2ccb85@group-E17A96920781: start as a follower, conf=conf: {index: -1, cur=peers:[4f6a4ba8-7237-4720-8e71-4cf4f347a525|127.0.0.1:15032, a2876ff0-d178-48ae-a6b6-bf6963d4710d|127.0.0.1:15023, e7fccb5b-6f4b-4a5d-93b5-abfcbb2ccb85|127.0.0.1:15014]|listeners:[], old=null}
2024-07-25 11:29:07,874 [e7fccb5b-6f4b-4a5d-93b5-abfcbb2ccb85-groupManagement] INFO  server.RaftServer$Division (RaftServerImpl.java:setRole(376)) - e7fccb5b-6f4b-4a5d-93b5-abfcbb2ccb85@group-E17A96920781: changes role from      null to FOLLOWER at term 0 for startAsFollower
2024-07-25 11:29:07,874 [e7fccb5b-6f4b-4a5d-93b5-abfcbb2ccb85-groupManagement] INFO  impl.RoleInfo (RoleInfo.java:updateAndGet(148)) - e7fccb5b-6f4b-4a5d-93b5-abfcbb2ccb85: start e7fccb5b-6f4b-4a5d-93b5-abfcbb2ccb85@group-E17A96920781-FollowerState
2024-07-25 11:29:07,874 [e7fccb5b-6f4b-4a5d-93b5-abfcbb2ccb85-groupManagement] INFO  util.JmxRegister (JmxRegister.java:tryRegister(44)) - Successfully registered JMX Bean with object name Ratis:service=RaftServer,group=group-E17A96920781,id=e7fccb5b-6f4b-4a5d-93b5-abfcbb2ccb85
2024-07-25 11:29:07,874 [e7fccb5b-6f4b-4a5d-93b5-abfcbb2ccb85-groupManagement] INFO  util.JmxRegister (JmxRegister.java:register(58)) - register mxBean class org.apache.ratis.server.impl.RaftServerJmxAdapter as Ratis:service=RaftServer,group=group-E17A96920781,id=e7fccb5b-6f4b-4a5d-93b5-abfcbb2ccb85
2024-07-25 11:29:07,874 [e7fccb5b-6f4b-4a5d-93b5-abfcbb2ccb85-groupManagement] INFO  server.RaftServerConfigKeys (ConfUtils.java:logGet(46)) - raft.server.snapshot.trigger-when-stop.enabled = true (default)
2024-07-25 11:29:07,875 [e7fccb5b-6f4b-4a5d-93b5-abfcbb2ccb85-groupManagement] INFO  server.RaftServerConfigKeys (ConfUtils.java:logGet(46)) - raft.server.snapshot.trigger-when-remove.enabled = true (default)
2024-07-25 11:29:07,875 [e7fccb5b-6f4b-4a5d-93b5-abfcbb2ccb85-groupManagement] INFO  server.RaftServerConfigKeys (ConfUtils.java:logGet(46)) - raft.server.snapshot.auto.trigger.enabled = true (custom)
2024-07-25 11:29:07,875 [e7fccb5b-6f4b-4a5d-93b5-abfcbb2ccb85-groupManagement] INFO  server.RaftServerConfigKeys (ConfUtils.java:logGet(46)) - raft.server.snapshot.auto.trigger.threshold = 10000 (custom)
2024-07-25 11:29:07,875 [e7fccb5b-6f4b-4a5d-93b5-abfcbb2ccb85-groupManagement] INFO  server.RaftServerConfigKeys (ConfUtils.java:logGet(46)) - raft.server.snapshot.retention.file.num = 5 (custom)
2024-07-25 11:29:07,875 [e7fccb5b-6f4b-4a5d-93b5-abfcbb2ccb85-groupManagement] INFO  server.RaftServerConfigKeys (ConfUtils.java:logGet(46)) - raft.server.log.purge.upto.snapshot.index = false (default)
2024-07-25 11:29:07,876 [e7fccb5b-6f4b-4a5d-93b5-abfcbb2ccb85@group-E17A96920781-FollowerState] INFO  server.RaftServerConfigKeys (ConfUtils.java:logFallback(53)) - raft.server.rpc.first-election.timeout.min = 5s (fallback to raft.server.rpc.timeout.min)
2024-07-25 11:29:07,876 [e7fccb5b-6f4b-4a5d-93b5-abfcbb2ccb85@group-E17A96920781-FollowerState] INFO  server.RaftServerConfigKeys (ConfUtils.java:logFallback(53)) - raft.server.rpc.first-election.timeout.max = 5200ms (fallback to raft.server.rpc.timeout.max)
2024-07-25 11:29:07,878 [4f6a4ba8-7237-4720-8e71-4cf4f347a525-groupManagement] INFO  server.RaftServerConfigKeys (ConfUtils.java:logGet(46)) - raft.server.log.appender.buffer.byte-limit = 8388608 (custom)
2024-07-25 11:29:07,878 [4f6a4ba8-7237-4720-8e71-4cf4f347a525-groupManagement] INFO  server.RaftServerConfigKeys (ConfUtils.java:logGet(46)) - raft.server.log.unsafe-flush.enabled = false (default)
2024-07-25 11:29:07,878 [4f6a4ba8-7237-4720-8e71-4cf4f347a525-groupManagement] INFO  server.RaftServerConfigKeys (ConfUtils.java:logGet(46)) - raft.server.log.async-flush.enabled = false (default)
2024-07-25 11:29:07,878 [4f6a4ba8-7237-4720-8e71-4cf4f347a525-groupManagement] INFO  server.RaftServerConfigKeys (ConfUtils.java:logGet(46)) - raft.server.log.statemachine.data.caching.enabled = true (custom)
2024-07-25 11:29:07,878 [4f6a4ba8-7237-4720-8e71-4cf4f347a525-groupManagement] INFO  segmented.SegmentedRaftLogWorker (SegmentedRaftLogWorker.java:lambda$new$0(135)) - 4f6a4ba8-7237-4720-8e71-4cf4f347a525@group-E17A96920781-SegmentedRaftLogWorker: flushIndex: setUnconditionally 0 -> -1
2024-07-25 11:29:07,879 [4f6a4ba8-7237-4720-8e71-4cf4f347a525-groupManagement] INFO  segmented.SegmentedRaftLogWorker (SegmentedRaftLogWorker.java:lambda$new$0(135)) - 4f6a4ba8-7237-4720-8e71-4cf4f347a525@group-E17A96920781-SegmentedRaftLogWorker: safeCacheEvictIndex: setUnconditionally 0 -> -1
2024-07-25 11:29:07,879 [e7fccb5b-6f4b-4a5d-93b5-abfcbb2ccb85-PipelineCommandHandlerThread-0] INFO  ratis.XceiverServerRatis (XceiverServerRatis.java:addGroup(849)) - Created group PipelineID=f7096c59-612d-4157-834b-e17a96920781
2024-07-25 11:29:07,888 [4f6a4ba8-7237-4720-8e71-4cf4f347a525-groupManagement] INFO  server.RaftServer$Division (RaftServerImpl.java:start(389)) - 4f6a4ba8-7237-4720-8e71-4cf4f347a525@group-E17A96920781: start as a follower, conf=conf: {index: -1, cur=peers:[4f6a4ba8-7237-4720-8e71-4cf4f347a525|127.0.0.1:15032, a2876ff0-d178-48ae-a6b6-bf6963d4710d|127.0.0.1:15023, e7fccb5b-6f4b-4a5d-93b5-abfcbb2ccb85|127.0.0.1:15014]|listeners:[], old=null}
2024-07-25 11:29:07,888 [4f6a4ba8-7237-4720-8e71-4cf4f347a525-groupManagement] INFO  server.RaftServer$Division (RaftServerImpl.java:setRole(376)) - 4f6a4ba8-7237-4720-8e71-4cf4f347a525@group-E17A96920781: changes role from      null to FOLLOWER at term 0 for startAsFollower
2024-07-25 11:29:07,888 [4f6a4ba8-7237-4720-8e71-4cf4f347a525-groupManagement] INFO  impl.RoleInfo (RoleInfo.java:updateAndGet(148)) - 4f6a4ba8-7237-4720-8e71-4cf4f347a525: start 4f6a4ba8-7237-4720-8e71-4cf4f347a525@group-E17A96920781-FollowerState
2024-07-25 11:29:07,894 [4f6a4ba8-7237-4720-8e71-4cf4f347a525-groupManagement] INFO  util.JmxRegister (JmxRegister.java:tryRegister(44)) - Successfully registered JMX Bean with object name Ratis:service=RaftServer,group=group-E17A96920781,id=4f6a4ba8-7237-4720-8e71-4cf4f347a525
2024-07-25 11:29:07,895 [4f6a4ba8-7237-4720-8e71-4cf4f347a525-groupManagement] INFO  util.JmxRegister (JmxRegister.java:register(58)) - register mxBean class org.apache.ratis.server.impl.RaftServerJmxAdapter as Ratis:service=RaftServer,group=group-E17A96920781,id=4f6a4ba8-7237-4720-8e71-4cf4f347a525
2024-07-25 11:29:07,895 [4f6a4ba8-7237-4720-8e71-4cf4f347a525-groupManagement] INFO  server.RaftServerConfigKeys (ConfUtils.java:logGet(46)) - raft.server.snapshot.trigger-when-stop.enabled = true (default)
2024-07-25 11:29:07,895 [4f6a4ba8-7237-4720-8e71-4cf4f347a525-groupManagement] INFO  server.RaftServerConfigKeys (ConfUtils.java:logGet(46)) - raft.server.snapshot.trigger-when-remove.enabled = true (default)
2024-07-25 11:29:07,895 [4f6a4ba8-7237-4720-8e71-4cf4f347a525-groupManagement] INFO  server.RaftServerConfigKeys (ConfUtils.java:logGet(46)) - raft.server.snapshot.auto.trigger.enabled = true (custom)
2024-07-25 11:29:07,895 [4f6a4ba8-7237-4720-8e71-4cf4f347a525-groupManagement] INFO  server.RaftServerConfigKeys (ConfUtils.java:logGet(46)) - raft.server.snapshot.auto.trigger.threshold = 10000 (custom)
2024-07-25 11:29:07,895 [4f6a4ba8-7237-4720-8e71-4cf4f347a525-groupManagement] INFO  server.RaftServerConfigKeys (ConfUtils.java:logGet(46)) - raft.server.snapshot.retention.file.num = 5 (custom)
2024-07-25 11:29:07,895 [4f6a4ba8-7237-4720-8e71-4cf4f347a525-groupManagement] INFO  server.RaftServerConfigKeys (ConfUtils.java:logGet(46)) - raft.server.log.purge.upto.snapshot.index = false (default)
2024-07-25 11:29:07,895 [4f6a4ba8-7237-4720-8e71-4cf4f347a525@group-E17A96920781-FollowerState] INFO  server.RaftServerConfigKeys (ConfUtils.java:logFallback(53)) - raft.server.rpc.first-election.timeout.min = 5s (fallback to raft.server.rpc.timeout.min)
2024-07-25 11:29:07,895 [4f6a4ba8-7237-4720-8e71-4cf4f347a525@group-E17A96920781-FollowerState] INFO  server.RaftServerConfigKeys (ConfUtils.java:logFallback(53)) - raft.server.rpc.first-election.timeout.max = 5200ms (fallback to raft.server.rpc.timeout.max)
2024-07-25 11:29:07,929 [a2876ff0-d178-48ae-a6b6-bf6963d4710d-PipelineCommandHandlerThread-0] INFO  commandhandler.CreatePipelineCommandHandler (CreatePipelineCommandHandler.java:lambda$handle$2(124)) - Created Pipeline RATIS THREE PipelineID=f7096c59-612d-4157-834b-e17a96920781.
2024-07-25 11:29:07,951 [e7fccb5b-6f4b-4a5d-93b5-abfcbb2ccb85-PipelineCommandHandlerThread-0] INFO  commandhandler.CreatePipelineCommandHandler (CreatePipelineCommandHandler.java:lambda$handle$2(124)) - Created Pipeline RATIS THREE PipelineID=f7096c59-612d-4157-834b-e17a96920781.
2024-07-25 11:29:08,039 [main] INFO  ozone.MiniOzoneClusterImpl (MiniOzoneClusterImpl.java:lambda$waitForClusterToBeReady$0(194)) - Nodes are ready. Got 3 of 3 DN Heartbeats.
2024-07-25 11:29:08,039 [main] INFO  ozone.MiniOzoneClusterImpl (MiniOzoneClusterImpl.java:lambda$waitForClusterToBeReady$0(197)) - Waiting for cluster to exit safe mode
2024-07-25 11:29:08,039 [main] INFO  ozone.MiniOzoneClusterImpl (MiniOzoneClusterImpl.java:lambda$waitForClusterToBeReady$0(199)) - SCM became leader
2024-07-25 11:29:08,039 [4f6a4ba8-7237-4720-8e71-4cf4f347a525-PipelineCommandHandlerThread-0] INFO  server.RaftServer (RaftServerProxy.java:addNew(101)) - 4f6a4ba8-7237-4720-8e71-4cf4f347a525: addNew group-D141C8AEF8DE:[4f6a4ba8-7237-4720-8e71-4cf4f347a525|127.0.0.1:15032] returns group-D141C8AEF8DE:java.util.concurrent.CompletableFuture@6bf791bc[Not completed]
2024-07-25 11:29:08,041 [4f6a4ba8-7237-4720-8e71-4cf4f347a525-groupManagement] INFO  server.RaftServer$Division (RaftServerImpl.java:<init>(253)) - 4f6a4ba8-7237-4720-8e71-4cf4f347a525: new RaftServerImpl for group-D141C8AEF8DE:[4f6a4ba8-7237-4720-8e71-4cf4f347a525|127.0.0.1:15032] with ContainerStateMachine:uninitialized
2024-07-25 11:29:08,041 [4f6a4ba8-7237-4720-8e71-4cf4f347a525-groupManagement] INFO  server.RaftServerConfigKeys (ConfUtils.java:logGet(46)) - raft.server.rpc.timeout.min = 5s (custom)
2024-07-25 11:29:08,041 [4f6a4ba8-7237-4720-8e71-4cf4f347a525-groupManagement] INFO  server.RaftServerConfigKeys (ConfUtils.java:logGet(46)) - raft.server.rpc.timeout.max = 5200ms (custom)
2024-07-25 11:29:08,042 [4f6a4ba8-7237-4720-8e71-4cf4f347a525-groupManagement] INFO  server.RaftServerConfigKeys (ConfUtils.java:logGet(46)) - raft.server.rpc.sleep.time = 25ms (default)
2024-07-25 11:29:08,042 [4f6a4ba8-7237-4720-8e71-4cf4f347a525-groupManagement] INFO  server.RaftServerConfigKeys (ConfUtils.java:logGet(46)) - raft.server.rpc.slowness.timeout = 300s (custom)
2024-07-25 11:29:08,042 [4f6a4ba8-7237-4720-8e71-4cf4f347a525-groupManagement] INFO  server.RaftServerConfigKeys (ConfUtils.java:logGet(46)) - raft.server.leaderelection.leader.step-down.wait-time = 10s (default)
2024-07-25 11:29:08,042 [4f6a4ba8-7237-4720-8e71-4cf4f347a525-groupManagement] INFO  server.RaftServerConfigKeys (ConfUtils.java:logGet(46)) - raft.server.leaderelection.member.majority-add = false (default)
2024-07-25 11:29:08,042 [4f6a4ba8-7237-4720-8e71-4cf4f347a525-groupManagement] INFO  server.RaftServerConfigKeys (ConfUtils.java:logGet(46)) - raft.server.sleep.deviation.threshold = 300ms (default)
2024-07-25 11:29:08,042 [4f6a4ba8-7237-4720-8e71-4cf4f347a525-groupManagement] INFO  server.RaftServer$Division (ServerState.java:<init>(114)) - 4f6a4ba8-7237-4720-8e71-4cf4f347a525@group-D141C8AEF8DE: ConfigurationManager, init=conf: {index: -1, cur=peers:[4f6a4ba8-7237-4720-8e71-4cf4f347a525|127.0.0.1:15032]|listeners:[], old=null}, confs=<EMPTY_MAP>
2024-07-25 11:29:08,042 [4f6a4ba8-7237-4720-8e71-4cf4f347a525-groupManagement] INFO  server.RaftServerConfigKeys (ConfUtils.java:logGet(46)) - raft.server.notification.no-leader.timeout = 300s (custom)
2024-07-25 11:29:08,042 [4f6a4ba8-7237-4720-8e71-4cf4f347a525-groupManagement] INFO  server.RaftServerConfigKeys (ConfUtils.java:logGet(46)) - raft.server.read.timeout = 10s (default)
2024-07-25 11:29:08,042 [4f6a4ba8-7237-4720-8e71-4cf4f347a525-groupManagement] INFO  server.RaftServerConfigKeys (ConfUtils.java:logGet(46)) - raft.server.retrycache.expirytime = 600000ms (custom)
2024-07-25 11:29:08,042 [4f6a4ba8-7237-4720-8e71-4cf4f347a525-groupManagement] INFO  server.RaftServerConfigKeys (ConfUtils.java:logGet(46)) - raft.server.retrycache.statistics.expirytime = 100ms (default)
2024-07-25 11:29:08,042 [4f6a4ba8-7237-4720-8e71-4cf4f347a525-groupManagement] INFO  server.RaftServerConfigKeys (ConfUtils.java:logGet(46)) - raft.server.read.option = DEFAULT (default)
2024-07-25 11:29:08,043 [4f6a4ba8-7237-4720-8e71-4cf4f347a525-groupManagement] INFO  server.RaftServerConfigKeys (ConfUtils.java:logGet(46)) - raft.server.read.read-after-write-consistent.write-index-cache.expiry-time = 60s (default)
2024-07-25 11:29:08,046 [4f6a4ba8-7237-4720-8e71-4cf4f347a525-groupManagement] INFO  server.RaftServerConfigKeys (ConfUtils.java:logGet(46)) - raft.server.rpc.request.timeout = 60s (custom)
2024-07-25 11:29:08,046 [4f6a4ba8-7237-4720-8e71-4cf4f347a525-groupManagement] INFO  server.RaftServerConfigKeys (ConfUtils.java:logGet(46)) - raft.server.log.appender.install.snapshot.enabled = false (custom)
2024-07-25 11:29:08,046 [4f6a4ba8-7237-4720-8e71-4cf4f347a525-groupManagement] INFO  server.RaftServerConfigKeys (ConfUtils.java:logGet(46)) - raft.server.threadpool.server.cached = true (default)
2024-07-25 11:29:08,046 [4f6a4ba8-7237-4720-8e71-4cf4f347a525-groupManagement] INFO  server.RaftServerConfigKeys (ConfUtils.java:logGet(46)) - raft.server.threadpool.server.size = 0 (default)
2024-07-25 11:29:08,046 [4f6a4ba8-7237-4720-8e71-4cf4f347a525-groupManagement] INFO  server.RaftServerConfigKeys (ConfUtils.java:logGet(46)) - raft.server.threadpool.client.cached = true (default)
2024-07-25 11:29:08,046 [4f6a4ba8-7237-4720-8e71-4cf4f347a525-groupManagement] INFO  server.RaftServerConfigKeys (ConfUtils.java:logGet(46)) - raft.server.threadpool.client.size = 0 (default)
2024-07-25 11:29:08,046 [4f6a4ba8-7237-4720-8e71-4cf4f347a525-groupManagement] INFO  server.RaftServerConfigKeys (ConfUtils.java:logGet(46)) - raft.server.storage.free-space.min = 0MB (=0) (default)
2024-07-25 11:29:08,046 [4f6a4ba8-7237-4720-8e71-4cf4f347a525-groupManagement] INFO  server.RaftServerConfigKeys (ConfUtils.java:logGet(46)) - raft.server.log.corruption.policy = EXCEPTION (default)
2024-07-25 11:29:08,046 [4f6a4ba8-7237-4720-8e71-4cf4f347a525-groupManagement] INFO  server.RaftServerConfigKeys (ConfUtils.java:logGet(46)) - raft.server.storage.dir = [/home/runner/work/ozone/ozone/hadoop-ozone/integration-test/target/test-dir/MiniOzoneClusterImpl-1f81da03-70dc-44ad-8558-5c969ee5b37a/ozone-meta/datanode-3/ratis] (custom)
2024-07-25 11:29:08,047 [4f6a4ba8-7237-4720-8e71-4cf4f347a525-groupManagement] INFO  storage.RaftStorageDirectory (RaftStorageDirectoryImpl.java:analyzeStorage(138)) - The storage directory /home/runner/work/ozone/ozone/hadoop-ozone/integration-test/target/test-dir/MiniOzoneClusterImpl-1f81da03-70dc-44ad-8558-5c969ee5b37a/ozone-meta/datanode-3/ratis/d74acff9-67e9-488e-a08e-d141c8aef8de does not exist. Creating ...
2024-07-25 11:29:08,048 [4f6a4ba8-7237-4720-8e71-4cf4f347a525-groupManagement] INFO  storage.RaftStorageDirectory (RaftStorageDirectoryImpl.java:tryLock(229)) - Lock on /home/runner/work/ozone/ozone/hadoop-ozone/integration-test/target/test-dir/MiniOzoneClusterImpl-1f81da03-70dc-44ad-8558-5c969ee5b37a/ozone-meta/datanode-3/ratis/d74acff9-67e9-488e-a08e-d141c8aef8de/in_use.lock acquired by nodename 94518@fv-az1436-131
2024-07-25 11:29:08,049 [4f6a4ba8-7237-4720-8e71-4cf4f347a525-groupManagement] INFO  storage.RaftStorage (RaftStorageImpl.java:format(98)) - Storage directory /home/runner/work/ozone/ozone/hadoop-ozone/integration-test/target/test-dir/MiniOzoneClusterImpl-1f81da03-70dc-44ad-8558-5c969ee5b37a/ozone-meta/datanode-3/ratis/d74acff9-67e9-488e-a08e-d141c8aef8de has been successfully formatted.
2024-07-25 11:29:08,052 [4f6a4ba8-7237-4720-8e71-4cf4f347a525-groupManagement] INFO  ratis.ContainerStateMachine (ContainerStateMachine.java:loadSnapshot(287)) - group-D141C8AEF8DE: The snapshot info is null. Setting the last applied index to:(t:0, i:~)
2024-07-25 11:29:08,052 [4f6a4ba8-7237-4720-8e71-4cf4f347a525-groupManagement] INFO  server.RaftServerConfigKeys (ConfUtils.java:logGet(46)) - raft.server.log.use.memory = false (default)
2024-07-25 11:29:08,052 [4f6a4ba8-7237-4720-8e71-4cf4f347a525-groupManagement] INFO  server.RaftServerConfigKeys (ConfUtils.java:logGet(46)) - raft.server.log.purge.gap = 1000000 (custom)
2024-07-25 11:29:08,052 [4f6a4ba8-7237-4720-8e71-4cf4f347a525-groupManagement] INFO  server.RaftServerConfigKeys (ConfUtils.java:logGet(46)) - raft.server.log.appender.buffer.byte-limit = 8388608 (custom)
2024-07-25 11:29:08,053 [EventQueue-PipelineReportForPipelineReportHandler] INFO  pipeline.PipelineReportHandler (PipelineReportHandler.java:processPipelineReport(136)) - Opened pipeline PipelineID=d74acff9-67e9-488e-a08e-d141c8aef8de
2024-07-25 11:29:08,053 [4f6a4ba8-7237-4720-8e71-4cf4f347a525-groupManagement] INFO  server.RaftServerConfigKeys (ConfUtils.java:logGet(46)) - raft.server.log.statemachine.data.read.timeout = 1000ms (default)
2024-07-25 11:29:08,053 [EventQueue-OpenPipelineForHealthyPipelineSafeModeRule] INFO  safemode.SCMSafeModeManager (HealthyPipelineSafeModeRule.java:process(140)) - SCM in safe mode. Healthy pipelines reported count is 0, required healthy pipeline reported count is 1
2024-07-25 11:29:08,053 [4f6a4ba8-7237-4720-8e71-4cf4f347a525-groupManagement] INFO  server.RaftServerConfigKeys (ConfUtils.java:logGet(46)) - raft.server.log.purge.preservation.log.num = 0 (default)
2024-07-25 11:29:08,055 [4f6a4ba8-7237-4720-8e71-4cf4f347a525-groupManagement] INFO  server.RaftServerConfigKeys (ConfUtils.java:logGet(46)) - raft.server.log.segment.size.max = 67108864 (custom)
2024-07-25 11:29:08,056 [4f6a4ba8-7237-4720-8e71-4cf4f347a525-groupManagement] INFO  server.RaftServerConfigKeys (ConfUtils.java:logGet(46)) - raft.server.log.segment.cache.num.max = 2 (custom)
2024-07-25 11:29:08,056 [4f6a4ba8-7237-4720-8e71-4cf4f347a525-groupManagement] INFO  server.RaftServerConfigKeys (ConfUtils.java:logGet(46)) - raft.server.log.segment.cache.size.max = 200MB (=209715200) (default)
2024-07-25 11:29:08,056 [4f6a4ba8-7237-4720-8e71-4cf4f347a525-groupManagement] INFO  server.RaftServerConfigKeys (ConfUtils.java:logGet(46)) - raft.server.log.appender.buffer.byte-limit = 8388608 (custom)
2024-07-25 11:29:08,056 [4f6a4ba8-7237-4720-8e71-4cf4f347a525-groupManagement] INFO  util.AwaitToRun (AwaitToRun.java:start(81)) - Thread[4f6a4ba8-7237-4720-8e71-4cf4f347a525@group-D141C8AEF8DE-cacheEviction-AwaitToRun,5,main] started
2024-07-25 11:29:08,056 [4f6a4ba8-7237-4720-8e71-4cf4f347a525-groupManagement] INFO  segmented.SegmentedRaftLogWorker (SegmentedRaftLogWorker.java:<init>(184)) - new 4f6a4ba8-7237-4720-8e71-4cf4f347a525@group-D141C8AEF8DE-SegmentedRaftLogWorker for RaftStorageImpl:Storage Directory /home/runner/work/ozone/ozone/hadoop-ozone/integration-test/target/test-dir/MiniOzoneClusterImpl-1f81da03-70dc-44ad-8558-5c969ee5b37a/ozone-meta/datanode-3/ratis/d74acff9-67e9-488e-a08e-d141c8aef8de
2024-07-25 11:29:08,056 [4f6a4ba8-7237-4720-8e71-4cf4f347a525-groupManagement] INFO  server.RaftServerConfigKeys (ConfUtils.java:logGet(46)) - raft.server.log.queue.byte-limit = 4294967296 (custom)
2024-07-25 11:29:08,056 [4f6a4ba8-7237-4720-8e71-4cf4f347a525-groupManagement] INFO  server.RaftServerConfigKeys (ConfUtils.java:logGet(46)) - raft.server.log.queue.element-limit = 1024 (custom)
2024-07-25 11:29:08,057 [4f6a4ba8-7237-4720-8e71-4cf4f347a525-groupManagement] INFO  server.RaftServerConfigKeys (ConfUtils.java:logGet(46)) - raft.server.log.segment.size.max = 67108864 (custom)
2024-07-25 11:29:08,057 [4f6a4ba8-7237-4720-8e71-4cf4f347a525-groupManagement] INFO  server.RaftServerConfigKeys (ConfUtils.java:logGet(46)) - raft.server.log.preallocated.size = 4194304 (custom)
2024-07-25 11:29:08,057 [4f6a4ba8-7237-4720-8e71-4cf4f347a525-groupManagement] INFO  server.RaftServerConfigKeys (ConfUtils.java:logGet(46)) - raft.server.log.force.sync.num = 128 (default)
2024-07-25 11:29:08,057 [4f6a4ba8-7237-4720-8e71-4cf4f347a525-groupManagement] INFO  server.RaftServerConfigKeys (ConfUtils.java:logGet(46)) - raft.server.log.statemachine.data.sync = true (default)
2024-07-25 11:29:08,057 [4f6a4ba8-7237-4720-8e71-4cf4f347a525-groupManagement] INFO  server.RaftServerConfigKeys (ConfUtils.java:logGet(46)) - raft.server.log.statemachine.data.sync.timeout = 10s (default)
2024-07-25 11:29:08,057 [4f6a4ba8-7237-4720-8e71-4cf4f347a525-groupManagement] INFO  server.RaftServerConfigKeys (ConfUtils.java:logGet(46)) - raft.server.log.statemachine.data.sync.timeout.retry = 30 (custom)
2024-07-25 11:29:08,057 [4f6a4ba8-7237-4720-8e71-4cf4f347a525-groupManagement] INFO  server.RaftServerConfigKeys (ConfUtils.java:logGet(46)) - raft.server.log.write.buffer.size = 8388616 (custom)
2024-07-25 11:29:08,060 [4f6a4ba8-7237-4720-8e71-4cf4f347a525-groupManagement] INFO  server.RaftServerConfigKeys (ConfUtils.java:logGet(46)) - raft.server.log.appender.buffer.byte-limit = 8388608 (custom)
2024-07-25 11:29:08,060 [4f6a4ba8-7237-4720-8e71-4cf4f347a525-groupManagement] INFO  server.RaftServerConfigKeys (ConfUtils.java:logGet(46)) - raft.server.log.unsafe-flush.enabled = false (default)
2024-07-25 11:29:08,060 [4f6a4ba8-7237-4720-8e71-4cf4f347a525-groupManagement] INFO  server.RaftServerConfigKeys (ConfUtils.java:logGet(46)) - raft.server.log.async-flush.enabled = false (default)
2024-07-25 11:29:08,060 [4f6a4ba8-7237-4720-8e71-4cf4f347a525-groupManagement] INFO  server.RaftServerConfigKeys (ConfUtils.java:logGet(46)) - raft.server.log.statemachine.data.caching.enabled = true (custom)
2024-07-25 11:29:08,060 [4f6a4ba8-7237-4720-8e71-4cf4f347a525-groupManagement] INFO  segmented.SegmentedRaftLogWorker (SegmentedRaftLogWorker.java:lambda$new$0(135)) - 4f6a4ba8-7237-4720-8e71-4cf4f347a525@group-D141C8AEF8DE-SegmentedRaftLogWorker: flushIndex: setUnconditionally 0 -> -1
2024-07-25 11:29:08,061 [4f6a4ba8-7237-4720-8e71-4cf4f347a525-groupManagement] INFO  segmented.SegmentedRaftLogWorker (SegmentedRaftLogWorker.java:lambda$new$0(135)) - 4f6a4ba8-7237-4720-8e71-4cf4f347a525@group-D141C8AEF8DE-SegmentedRaftLogWorker: safeCacheEvictIndex: setUnconditionally 0 -> -1
2024-07-25 11:29:08,062 [4f6a4ba8-7237-4720-8e71-4cf4f347a525-groupManagement] INFO  server.RaftServer$Division (RaftServerImpl.java:start(389)) - 4f6a4ba8-7237-4720-8e71-4cf4f347a525@group-D141C8AEF8DE: start as a follower, conf=conf: {index: -1, cur=peers:[4f6a4ba8-7237-4720-8e71-4cf4f347a525|127.0.0.1:15032]|listeners:[], old=null}
2024-07-25 11:29:08,062 [4f6a4ba8-7237-4720-8e71-4cf4f347a525-groupManagement] INFO  server.RaftServer$Division (RaftServerImpl.java:setRole(376)) - 4f6a4ba8-7237-4720-8e71-4cf4f347a525@group-D141C8AEF8DE: changes role from      null to FOLLOWER at term 0 for startAsFollower
2024-07-25 11:29:08,062 [4f6a4ba8-7237-4720-8e71-4cf4f347a525-groupManagement] INFO  impl.RoleInfo (RoleInfo.java:updateAndGet(148)) - 4f6a4ba8-7237-4720-8e71-4cf4f347a525: start 4f6a4ba8-7237-4720-8e71-4cf4f347a525@group-D141C8AEF8DE-FollowerState
2024-07-25 11:29:08,065 [4f6a4ba8-7237-4720-8e71-4cf4f347a525@group-D141C8AEF8DE-FollowerState] INFO  server.RaftServerConfigKeys (ConfUtils.java:logFallback(53)) - raft.server.rpc.first-election.timeout.min = 5s (fallback to raft.server.rpc.timeout.min)
2024-07-25 11:29:08,066 [4f6a4ba8-7237-4720-8e71-4cf4f347a525-groupManagement] INFO  util.JmxRegister (JmxRegister.java:tryRegister(44)) - Successfully registered JMX Bean with object name Ratis:service=RaftServer,group=group-D141C8AEF8DE,id=4f6a4ba8-7237-4720-8e71-4cf4f347a525
2024-07-25 11:29:08,066 [4f6a4ba8-7237-4720-8e71-4cf4f347a525-groupManagement] INFO  util.JmxRegister (JmxRegister.java:register(58)) - register mxBean class org.apache.ratis.server.impl.RaftServerJmxAdapter as Ratis:service=RaftServer,group=group-D141C8AEF8DE,id=4f6a4ba8-7237-4720-8e71-4cf4f347a525
2024-07-25 11:29:08,066 [4f6a4ba8-7237-4720-8e71-4cf4f347a525-groupManagement] INFO  server.RaftServerConfigKeys (ConfUtils.java:logGet(46)) - raft.server.snapshot.trigger-when-stop.enabled = true (default)
2024-07-25 11:29:08,066 [4f6a4ba8-7237-4720-8e71-4cf4f347a525-groupManagement] INFO  server.RaftServerConfigKeys (ConfUtils.java:logGet(46)) - raft.server.snapshot.trigger-when-remove.enabled = true (default)
2024-07-25 11:29:08,066 [4f6a4ba8-7237-4720-8e71-4cf4f347a525-groupManagement] INFO  server.RaftServerConfigKeys (ConfUtils.java:logGet(46)) - raft.server.snapshot.auto.trigger.enabled = true (custom)
2024-07-25 11:29:08,066 [4f6a4ba8-7237-4720-8e71-4cf4f347a525-groupManagement] INFO  server.RaftServerConfigKeys (ConfUtils.java:logGet(46)) - raft.server.snapshot.auto.trigger.threshold = 10000 (custom)
2024-07-25 11:29:08,066 [4f6a4ba8-7237-4720-8e71-4cf4f347a525-groupManagement] INFO  server.RaftServerConfigKeys (ConfUtils.java:logGet(46)) - raft.server.snapshot.retention.file.num = 5 (custom)
2024-07-25 11:29:08,066 [4f6a4ba8-7237-4720-8e71-4cf4f347a525-groupManagement] INFO  server.RaftServerConfigKeys (ConfUtils.java:logGet(46)) - raft.server.log.purge.upto.snapshot.index = false (default)
2024-07-25 11:29:08,066 [4f6a4ba8-7237-4720-8e71-4cf4f347a525@group-D141C8AEF8DE-FollowerState] INFO  server.RaftServerConfigKeys (ConfUtils.java:logFallback(53)) - raft.server.rpc.first-election.timeout.max = 5200ms (fallback to raft.server.rpc.timeout.max)
2024-07-25 11:29:08,069 [4f6a4ba8-7237-4720-8e71-4cf4f347a525-PipelineCommandHandlerThread-0] INFO  ratis.XceiverServerRatis (XceiverServerRatis.java:addGroup(849)) - Created group PipelineID=d74acff9-67e9-488e-a08e-d141c8aef8de
2024-07-25 11:29:08,069 [4f6a4ba8-7237-4720-8e71-4cf4f347a525-PipelineCommandHandlerThread-0] INFO  commandhandler.CreatePipelineCommandHandler (CreatePipelineCommandHandler.java:lambda$handle$2(124)) - Created Pipeline RATIS ONE PipelineID=d74acff9-67e9-488e-a08e-d141c8aef8de.
2024-07-25 11:29:09,039 [main] INFO  ozone.MiniOzoneClusterImpl (MiniOzoneClusterImpl.java:lambda$waitForClusterToBeReady$0(194)) - Nodes are ready. Got 3 of 3 DN Heartbeats.
2024-07-25 11:29:09,039 [main] INFO  ozone.MiniOzoneClusterImpl (MiniOzoneClusterImpl.java:lambda$waitForClusterToBeReady$0(197)) - Waiting for cluster to exit safe mode
2024-07-25 11:29:09,040 [main] INFO  ozone.MiniOzoneClusterImpl (MiniOzoneClusterImpl.java:lambda$waitForClusterToBeReady$0(199)) - SCM became leader
2024-07-25 11:29:10,040 [main] INFO  ozone.MiniOzoneClusterImpl (MiniOzoneClusterImpl.java:lambda$waitForClusterToBeReady$0(194)) - Nodes are ready. Got 3 of 3 DN Heartbeats.
2024-07-25 11:29:10,040 [main] INFO  ozone.MiniOzoneClusterImpl (MiniOzoneClusterImpl.java:lambda$waitForClusterToBeReady$0(197)) - Waiting for cluster to exit safe mode
2024-07-25 11:29:10,040 [main] INFO  ozone.MiniOzoneClusterImpl (MiniOzoneClusterImpl.java:lambda$waitForClusterToBeReady$0(199)) - SCM became leader
2024-07-25 11:29:11,040 [main] INFO  ozone.MiniOzoneClusterImpl (MiniOzoneClusterImpl.java:lambda$waitForClusterToBeReady$0(194)) - Nodes are ready. Got 3 of 3 DN Heartbeats.
2024-07-25 11:29:11,041 [main] INFO  ozone.MiniOzoneClusterImpl (MiniOzoneClusterImpl.java:lambda$waitForClusterToBeReady$0(197)) - Waiting for cluster to exit safe mode
2024-07-25 11:29:11,041 [main] INFO  ozone.MiniOzoneClusterImpl (MiniOzoneClusterImpl.java:lambda$waitForClusterToBeReady$0(199)) - SCM became leader
2024-07-25 11:29:12,041 [main] INFO  ozone.MiniOzoneClusterImpl (MiniOzoneClusterImpl.java:lambda$waitForClusterToBeReady$0(194)) - Nodes are ready. Got 3 of 3 DN Heartbeats.
2024-07-25 11:29:12,041 [main] INFO  ozone.MiniOzoneClusterImpl (MiniOzoneClusterImpl.java:lambda$waitForClusterToBeReady$0(197)) - Waiting for cluster to exit safe mode
2024-07-25 11:29:12,041 [main] INFO  ozone.MiniOzoneClusterImpl (MiniOzoneClusterImpl.java:lambda$waitForClusterToBeReady$0(199)) - SCM became leader
2024-07-25 11:29:12,572 [e7fccb5b-6f4b-4a5d-93b5-abfcbb2ccb85@group-024A386BB799-FollowerState] INFO  impl.FollowerState (FollowerState.java:run(144)) - e7fccb5b-6f4b-4a5d-93b5-abfcbb2ccb85@group-024A386BB799-FollowerState: change to CANDIDATE, lastRpcElapsedTime:5125858417ns, electionTimeout:5122ms
2024-07-25 11:29:12,572 [e7fccb5b-6f4b-4a5d-93b5-abfcbb2ccb85@group-024A386BB799-FollowerState] INFO  impl.RoleInfo (RoleInfo.java:shutdownFollowerState(119)) - e7fccb5b-6f4b-4a5d-93b5-abfcbb2ccb85: shutdown e7fccb5b-6f4b-4a5d-93b5-abfcbb2ccb85@group-024A386BB799-FollowerState
2024-07-25 11:29:12,572 [e7fccb5b-6f4b-4a5d-93b5-abfcbb2ccb85@group-024A386BB799-FollowerState] INFO  server.RaftServer$Division (RaftServerImpl.java:setRole(376)) - e7fccb5b-6f4b-4a5d-93b5-abfcbb2ccb85@group-024A386BB799: changes role from  FOLLOWER to CANDIDATE at term 0 for changeToCandidate
2024-07-25 11:29:12,572 [e7fccb5b-6f4b-4a5d-93b5-abfcbb2ccb85@group-024A386BB799-FollowerState] INFO  server.RaftServerConfigKeys (ConfUtils.java:logGet(46)) - raft.server.leaderelection.pre-vote = true (default)
2024-07-25 11:29:12,572 [e7fccb5b-6f4b-4a5d-93b5-abfcbb2ccb85@group-024A386BB799-FollowerState] INFO  impl.RoleInfo (RoleInfo.java:updateAndGet(148)) - e7fccb5b-6f4b-4a5d-93b5-abfcbb2ccb85: start e7fccb5b-6f4b-4a5d-93b5-abfcbb2ccb85@group-024A386BB799-LeaderElection2
2024-07-25 11:29:12,573 [e7fccb5b-6f4b-4a5d-93b5-abfcbb2ccb85@group-024A386BB799-LeaderElection2] INFO  impl.LeaderElection (LeaderElection.java:askForVotes(321)) - e7fccb5b-6f4b-4a5d-93b5-abfcbb2ccb85@group-024A386BB799-LeaderElection2 PRE_VOTE round 0: submit vote requests at term 0 for conf: {index: -1, cur=peers:[e7fccb5b-6f4b-4a5d-93b5-abfcbb2ccb85|127.0.0.1:15014]|listeners:[], old=null}
2024-07-25 11:29:12,573 [e7fccb5b-6f4b-4a5d-93b5-abfcbb2ccb85@group-024A386BB799-LeaderElection2] INFO  impl.LeaderElection (LeaderElection.java:askForVotes(323)) - e7fccb5b-6f4b-4a5d-93b5-abfcbb2ccb85@group-024A386BB799-LeaderElection2 PRE_VOTE round 0: result PASSED (term=0)
2024-07-25 11:29:12,574 [e7fccb5b-6f4b-4a5d-93b5-abfcbb2ccb85@group-024A386BB799-LeaderElection2] INFO  impl.LeaderElection (LeaderElection.java:askForVotes(321)) - e7fccb5b-6f4b-4a5d-93b5-abfcbb2ccb85@group-024A386BB799-LeaderElection2 ELECTION round 0: submit vote requests at term 1 for conf: {index: -1, cur=peers:[e7fccb5b-6f4b-4a5d-93b5-abfcbb2ccb85|127.0.0.1:15014]|listeners:[], old=null}
2024-07-25 11:29:12,574 [e7fccb5b-6f4b-4a5d-93b5-abfcbb2ccb85@group-024A386BB799-LeaderElection2] INFO  impl.LeaderElection (LeaderElection.java:askForVotes(323)) - e7fccb5b-6f4b-4a5d-93b5-abfcbb2ccb85@group-024A386BB799-LeaderElection2 ELECTION round 0: result PASSED (term=1)
2024-07-25 11:29:12,574 [e7fccb5b-6f4b-4a5d-93b5-abfcbb2ccb85@group-024A386BB799-LeaderElection2] INFO  impl.RoleInfo (RoleInfo.java:shutdownLeaderElection(139)) - e7fccb5b-6f4b-4a5d-93b5-abfcbb2ccb85: shutdown e7fccb5b-6f4b-4a5d-93b5-abfcbb2ccb85@group-024A386BB799-LeaderElection2
2024-07-25 11:29:12,574 [e7fccb5b-6f4b-4a5d-93b5-abfcbb2ccb85@group-024A386BB799-LeaderElection2] INFO  server.RaftServer$Division (RaftServerImpl.java:setRole(376)) - e7fccb5b-6f4b-4a5d-93b5-abfcbb2ccb85@group-024A386BB799: changes role from CANDIDATE to LEADER at term 1 for changeToLeader
2024-07-25 11:29:12,574 [e7fccb5b-6f4b-4a5d-93b5-abfcbb2ccb85@group-024A386BB799-LeaderElection2] INFO  server.RaftServerConfigKeys (ConfUtils.java:logGet(46)) - raft.server.staging.catchup.gap = 1000 (default)
2024-07-25 11:29:12,575 [e7fccb5b-6f4b-4a5d-93b5-abfcbb2ccb85@group-024A386BB799-LeaderElection2] INFO  server.RaftServerConfigKeys (ConfUtils.java:logGet(46)) - raft.server.write.element-limit = 1024 (custom)
2024-07-25 11:29:12,575 [e7fccb5b-6f4b-4a5d-93b5-abfcbb2ccb85@group-024A386BB799-LeaderElection2] INFO  server.RaftServerConfigKeys (ConfUtils.java:logGet(46)) - raft.server.write.byte-limit = 1024 M (=1073741824) (custom)
2024-07-25 11:29:12,575 [e7fccb5b-6f4b-4a5d-93b5-abfcbb2ccb85@group-024A386BB799-LeaderElection2] INFO  server.RaftServerConfigKeys (ConfUtils.java:logGet(46)) - raft.server.watch.timeout = 30s (custom)
2024-07-25 11:29:12,576 [e7fccb5b-6f4b-4a5d-93b5-abfcbb2ccb85@group-024A386BB799-LeaderElection2] INFO  server.RaftServerConfigKeys (ConfUtils.java:logGet(46)) - raft.server.watch.timeout.denomination = 1s (default)
2024-07-25 11:29:12,576 [e7fccb5b-6f4b-4a5d-93b5-abfcbb2ccb85@group-024A386BB799-LeaderElection2] INFO  server.RaftServerConfigKeys (ConfUtils.java:logGet(46)) - raft.server.watch.element-limit = 65536 (default)
2024-07-25 11:29:12,576 [e7fccb5b-6f4b-4a5d-93b5-abfcbb2ccb85@group-024A386BB799-LeaderElection2] INFO  server.RaftServerConfigKeys (ConfUtils.java:logGet(46)) - raft.server.read.leader.lease.enabled = false (default)
2024-07-25 11:29:12,576 [e7fccb5b-6f4b-4a5d-93b5-abfcbb2ccb85@group-024A386BB799-LeaderElection2] INFO  server.RaftServerConfigKeys (ConfUtils.java:logGet(46)) - raft.server.read.leader.lease.timeout.ratio = 0.9 (default)
2024-07-25 11:29:12,576 [e7fccb5b-6f4b-4a5d-93b5-abfcbb2ccb85@group-024A386BB799-LeaderElection2] INFO  server.RaftServerConfigKeys (ConfUtils.java:logGet(46)) - raft.server.rpc.timeout.min = 5s (custom)
2024-07-25 11:29:12,576 [e7fccb5b-6f4b-4a5d-93b5-abfcbb2ccb85@group-024A386BB799-LeaderElection2] INFO  server.RaftServerConfigKeys (ConfUtils.java:logGet(46)) - raft.server.log.log-metadata.enabled = true (default)
2024-07-25 11:29:12,576 [e7fccb5b-6f4b-4a5d-93b5-abfcbb2ccb85@group-024A386BB799-LeaderElection2] INFO  server.RaftServerConfigKeys (ConfUtils.java:logGet(46)) - raft.server.write.element-limit = 1024 (custom)
2024-07-25 11:29:12,576 [e7fccb5b-6f4b-4a5d-93b5-abfcbb2ccb85@group-024A386BB799-LeaderElection2] INFO  server.RaftServerConfigKeys (ConfUtils.java:logGet(46)) - raft.server.write.follower.gap.ratio.max = -1.0 (default)
2024-07-25 11:29:12,577 [e7fccb5b-6f4b-4a5d-93b5-abfcbb2ccb85@group-024A386BB799-LeaderElection2] INFO  impl.RoleInfo (RoleInfo.java:updateAndGet(148)) - e7fccb5b-6f4b-4a5d-93b5-abfcbb2ccb85: start e7fccb5b-6f4b-4a5d-93b5-abfcbb2ccb85@group-024A386BB799-LeaderStateImpl
2024-07-25 11:29:12,577 [e7fccb5b-6f4b-4a5d-93b5-abfcbb2ccb85@group-024A386BB799-LeaderElection2] INFO  server.RaftServer$Division (RaftServerImpl.java:setFirstElection(549)) - e7fccb5b-6f4b-4a5d-93b5-abfcbb2ccb85@group-024A386BB799: set firstElectionSinceStartup to false for becomeLeader
2024-07-25 11:29:12,577 [e7fccb5b-6f4b-4a5d-93b5-abfcbb2ccb85@group-024A386BB799-LeaderElection2] INFO  ratis.XceiverServerRatis (XceiverServerRatis.java:handleLeaderChangedNotification(950)) - Leader change notification received for group: group-024A386BB799 with new leaderId: e7fccb5b-6f4b-4a5d-93b5-abfcbb2ccb85
2024-07-25 11:29:12,578 [e7fccb5b-6f4b-4a5d-93b5-abfcbb2ccb85@group-024A386BB799-LeaderElection2] INFO  server.RaftServer$Division (ServerState.java:setLeader(272)) - e7fccb5b-6f4b-4a5d-93b5-abfcbb2ccb85@group-024A386BB799: change Leader from null to e7fccb5b-6f4b-4a5d-93b5-abfcbb2ccb85 at term 1 for becomeLeader, leader elected after 5169ms
2024-07-25 11:29:12,578 [e7fccb5b-6f4b-4a5d-93b5-abfcbb2ccb85@group-024A386BB799-LeaderElection2] INFO  segmented.SegmentedRaftLogWorker (SegmentedRaftLogWorker.java:startLogSegment(433)) - e7fccb5b-6f4b-4a5d-93b5-abfcbb2ccb85@group-024A386BB799-SegmentedRaftLogWorker: Starting segment from index:0
2024-07-25 11:29:12,579 [e7fccb5b-6f4b-4a5d-93b5-abfcbb2ccb85@group-024A386BB799-LeaderElection2] INFO  server.RaftServer$Division (ServerState.java:setRaftConf(386)) - e7fccb5b-6f4b-4a5d-93b5-abfcbb2ccb85@group-024A386BB799: set configuration conf: {index: 0, cur=peers:[e7fccb5b-6f4b-4a5d-93b5-abfcbb2ccb85|127.0.0.1:15014]|listeners:[], old=null}
2024-07-25 11:29:12,580 [e7fccb5b-6f4b-4a5d-93b5-abfcbb2ccb85@group-024A386BB799-SegmentedRaftLogWorker] INFO  segmented.BufferedWriteChannel (BufferedWriteChannel.java:open(61)) - open log_inprogress_0 at position 0
2024-07-25 11:29:12,588 [EventQueue-OpenPipelineForHealthyPipelineSafeModeRule] INFO  safemode.SCMSafeModeManager (HealthyPipelineSafeModeRule.java:process(140)) - SCM in safe mode. Healthy pipelines reported count is 0, required healthy pipeline reported count is 1
2024-07-25 11:29:12,591 [e7fccb5b-6f4b-4a5d-93b5-abfcbb2ccb85@group-024A386BB799-SegmentedRaftLogWorker] INFO  segmented.SegmentedRaftLogWorker (SegmentedRaftLogWorker.java:execute(637)) - e7fccb5b-6f4b-4a5d-93b5-abfcbb2ccb85@group-024A386BB799-SegmentedRaftLogWorker: created new log segment /home/runner/work/ozone/ozone/hadoop-ozone/integration-test/target/test-dir/MiniOzoneClusterImpl-1f81da03-70dc-44ad-8558-5c969ee5b37a/ozone-meta/datanode-1/ratis/71c35e4b-c5fb-4267-bcb7-024a386bb799/current/log_inprogress_0
2024-07-25 11:29:12,594 [e7fccb5b-6f4b-4a5d-93b5-abfcbb2ccb85@group-024A386BB799-StateMachineUpdater] INFO  server.RaftServer$Division (LeaderStateImpl.java:checkStartIndex(316)) - Leader e7fccb5b-6f4b-4a5d-93b5-abfcbb2ccb85@group-024A386BB799-LeaderStateImpl is ready since appliedIndex == startIndex == 0
2024-07-25 11:29:12,649 [e7fccb5b-6f4b-4a5d-93b5-abfcbb2ccb85@group-87A56816AD29-FollowerState] INFO  impl.FollowerState (FollowerState.java:run(144)) - e7fccb5b-6f4b-4a5d-93b5-abfcbb2ccb85@group-87A56816AD29-FollowerState: change to CANDIDATE, lastRpcElapsedTime:5167682876ns, electionTimeout:5167ms
2024-07-25 11:29:12,649 [e7fccb5b-6f4b-4a5d-93b5-abfcbb2ccb85@group-87A56816AD29-FollowerState] INFO  impl.RoleInfo (RoleInfo.java:shutdownFollowerState(119)) - e7fccb5b-6f4b-4a5d-93b5-abfcbb2ccb85: shutdown e7fccb5b-6f4b-4a5d-93b5-abfcbb2ccb85@group-87A56816AD29-FollowerState
2024-07-25 11:29:12,649 [e7fccb5b-6f4b-4a5d-93b5-abfcbb2ccb85@group-87A56816AD29-FollowerState] INFO  server.RaftServer$Division (RaftServerImpl.java:setRole(376)) - e7fccb5b-6f4b-4a5d-93b5-abfcbb2ccb85@group-87A56816AD29: changes role from  FOLLOWER to CANDIDATE at term 0 for changeToCandidate
2024-07-25 11:29:12,649 [e7fccb5b-6f4b-4a5d-93b5-abfcbb2ccb85@group-87A56816AD29-FollowerState] INFO  server.RaftServerConfigKeys (ConfUtils.java:logGet(46)) - raft.server.leaderelection.pre-vote = true (default)
2024-07-25 11:29:12,649 [e7fccb5b-6f4b-4a5d-93b5-abfcbb2ccb85@group-87A56816AD29-FollowerState] INFO  impl.RoleInfo (RoleInfo.java:updateAndGet(148)) - e7fccb5b-6f4b-4a5d-93b5-abfcbb2ccb85: start e7fccb5b-6f4b-4a5d-93b5-abfcbb2ccb85@group-87A56816AD29-LeaderElection3
2024-07-25 11:29:12,650 [e7fccb5b-6f4b-4a5d-93b5-abfcbb2ccb85@group-87A56816AD29-LeaderElection3] INFO  impl.LeaderElection (LeaderElection.java:askForVotes(321)) - e7fccb5b-6f4b-4a5d-93b5-abfcbb2ccb85@group-87A56816AD29-LeaderElection3 PRE_VOTE round 0: submit vote requests at term 0 for conf: {index: -1, cur=peers:[4f6a4ba8-7237-4720-8e71-4cf4f347a525|127.0.0.1:15032, a2876ff0-d178-48ae-a6b6-bf6963d4710d|127.0.0.1:15023, e7fccb5b-6f4b-4a5d-93b5-abfcbb2ccb85|127.0.0.1:15014]|listeners:[], old=null}
2024-07-25 11:29:12,654 [e7fccb5b-6f4b-4a5d-93b5-abfcbb2ccb85@group-87A56816AD29-LeaderElection3] INFO  server.RaftServerConfigKeys (ConfUtils.java:logFallback(53)) - raft.server.rpc.first-election.timeout.min = 5s (fallback to raft.server.rpc.timeout.min)
2024-07-25 11:29:12,654 [e7fccb5b-6f4b-4a5d-93b5-abfcbb2ccb85@group-87A56816AD29-LeaderElection3] INFO  server.RaftServerConfigKeys (ConfUtils.java:logFallback(53)) - raft.server.rpc.first-election.timeout.max = 5200ms (fallback to raft.server.rpc.timeout.max)
2024-07-25 11:29:12,654 [e7fccb5b-6f4b-4a5d-93b5-abfcbb2ccb85@group-87A56816AD29-LeaderElection3-1] INFO  server.GrpcServerProtocolClient (GrpcServerProtocolClient.java:<init>(65)) - Build channel for 4f6a4ba8-7237-4720-8e71-4cf4f347a525|127.0.0.1:15032
2024-07-25 11:29:12,656 [e7fccb5b-6f4b-4a5d-93b5-abfcbb2ccb85@group-87A56816AD29-LeaderElection3-2] INFO  server.GrpcServerProtocolClient (GrpcServerProtocolClient.java:<init>(65)) - Build channel for a2876ff0-d178-48ae-a6b6-bf6963d4710d|127.0.0.1:15023
2024-07-25 11:29:12,663 [grpc-default-executor-0] INFO  server.RaftServer$Division (RaftServerImpl.java:requestVote(1416)) - a2876ff0-d178-48ae-a6b6-bf6963d4710d@group-87A56816AD29: receive requestVote(PRE_VOTE, e7fccb5b-6f4b-4a5d-93b5-abfcbb2ccb85, group-87A56816AD29, 0, (t:0, i:0))
2024-07-25 11:29:12,664 [grpc-default-executor-1] INFO  server.RaftServer$Division (RaftServerImpl.java:requestVote(1416)) - 4f6a4ba8-7237-4720-8e71-4cf4f347a525@group-87A56816AD29: receive requestVote(PRE_VOTE, e7fccb5b-6f4b-4a5d-93b5-abfcbb2ccb85, group-87A56816AD29, 0, (t:0, i:0))
2024-07-25 11:29:12,665 [grpc-default-executor-1] INFO  impl.VoteContext (VoteContext.java:log(49)) - 4f6a4ba8-7237-4720-8e71-4cf4f347a525@group-87A56816AD29-FOLLOWER: accept PRE_VOTE from e7fccb5b-6f4b-4a5d-93b5-abfcbb2ccb85: our priority 0 <= candidate's priority 1
2024-07-25 11:29:12,665 [grpc-default-executor-0] INFO  impl.VoteContext (VoteContext.java:log(49)) - a2876ff0-d178-48ae-a6b6-bf6963d4710d@group-87A56816AD29-FOLLOWER: accept PRE_VOTE from e7fccb5b-6f4b-4a5d-93b5-abfcbb2ccb85: our priority 0 <= candidate's priority 1
2024-07-25 11:29:12,668 [grpc-default-executor-0] INFO  server.RaftServer$Division (RaftServerImpl.java:requestVote(1449)) - a2876ff0-d178-48ae-a6b6-bf6963d4710d@group-87A56816AD29 replies to PRE_VOTE vote request: e7fccb5b-6f4b-4a5d-93b5-abfcbb2ccb85<-a2876ff0-d178-48ae-a6b6-bf6963d4710d#0:OK-t0. Peer's state: a2876ff0-d178-48ae-a6b6-bf6963d4710d@group-87A56816AD29:t0, leader=null, voted=, raftlog=Memoized:a2876ff0-d178-48ae-a6b6-bf6963d4710d@group-87A56816AD29-SegmentedRaftLog:OPENED:c-1:lastnull, conf=conf: {index: -1, cur=peers:[4f6a4ba8-7237-4720-8e71-4cf4f347a525|127.0.0.1:15032, a2876ff0-d178-48ae-a6b6-bf6963d4710d|127.0.0.1:15023, e7fccb5b-6f4b-4a5d-93b5-abfcbb2ccb85|127.0.0.1:15014]|listeners:[], old=null}
2024-07-25 11:29:12,668 [grpc-default-executor-1] INFO  server.RaftServer$Division (RaftServerImpl.java:requestVote(1449)) - 4f6a4ba8-7237-4720-8e71-4cf4f347a525@group-87A56816AD29 replies to PRE_VOTE vote request: e7fccb5b-6f4b-4a5d-93b5-abfcbb2ccb85<-4f6a4ba8-7237-4720-8e71-4cf4f347a525#0:OK-t0. Peer's state: 4f6a4ba8-7237-4720-8e71-4cf4f347a525@group-87A56816AD29:t0, leader=null, voted=, raftlog=Memoized:4f6a4ba8-7237-4720-8e71-4cf4f347a525@group-87A56816AD29-SegmentedRaftLog:OPENED:c-1:lastnull, conf=conf: {index: -1, cur=peers:[4f6a4ba8-7237-4720-8e71-4cf4f347a525|127.0.0.1:15032, a2876ff0-d178-48ae-a6b6-bf6963d4710d|127.0.0.1:15023, e7fccb5b-6f4b-4a5d-93b5-abfcbb2ccb85|127.0.0.1:15014]|listeners:[], old=null}
2024-07-25 11:29:12,670 [e7fccb5b-6f4b-4a5d-93b5-abfcbb2ccb85@group-87A56816AD29-LeaderElection3] INFO  impl.LeaderElection (LeaderElection.java:logAndReturn(89)) - e7fccb5b-6f4b-4a5d-93b5-abfcbb2ccb85@group-87A56816AD29-LeaderElection3: PRE_VOTE PASSED received 1 response(s) and 0 exception(s):
2024-07-25 11:29:12,670 [e7fccb5b-6f4b-4a5d-93b5-abfcbb2ccb85@group-87A56816AD29-LeaderElection3] INFO  impl.LeaderElection (LeaderElection.java:logAndReturn(93)) -   Response 0: e7fccb5b-6f4b-4a5d-93b5-abfcbb2ccb85<-a2876ff0-d178-48ae-a6b6-bf6963d4710d#0:OK-t0
2024-07-25 11:29:12,670 [e7fccb5b-6f4b-4a5d-93b5-abfcbb2ccb85@group-87A56816AD29-LeaderElection3] INFO  impl.LeaderElection (LeaderElection.java:askForVotes(323)) - e7fccb5b-6f4b-4a5d-93b5-abfcbb2ccb85@group-87A56816AD29-LeaderElection3 PRE_VOTE round 0: result PASSED
2024-07-25 11:29:12,672 [e7fccb5b-6f4b-4a5d-93b5-abfcbb2ccb85@group-87A56816AD29-LeaderElection3] INFO  impl.LeaderElection (LeaderElection.java:askForVotes(321)) - e7fccb5b-6f4b-4a5d-93b5-abfcbb2ccb85@group-87A56816AD29-LeaderElection3 ELECTION round 0: submit vote requests at term 1 for conf: {index: -1, cur=peers:[4f6a4ba8-7237-4720-8e71-4cf4f347a525|127.0.0.1:15032, a2876ff0-d178-48ae-a6b6-bf6963d4710d|127.0.0.1:15023, e7fccb5b-6f4b-4a5d-93b5-abfcbb2ccb85|127.0.0.1:15014]|listeners:[], old=null}
2024-07-25 11:29:12,672 [e7fccb5b-6f4b-4a5d-93b5-abfcbb2ccb85@group-87A56816AD29-LeaderElection3] INFO  server.RaftServerConfigKeys (ConfUtils.java:logFallback(53)) - raft.server.rpc.first-election.timeout.min = 5s (fallback to raft.server.rpc.timeout.min)
2024-07-25 11:29:12,673 [e7fccb5b-6f4b-4a5d-93b5-abfcbb2ccb85@group-87A56816AD29-LeaderElection3] INFO  server.RaftServerConfigKeys (ConfUtils.java:logFallback(53)) - raft.server.rpc.first-election.timeout.max = 5200ms (fallback to raft.server.rpc.timeout.max)
2024-07-25 11:29:12,675 [grpc-default-executor-1] INFO  server.RaftServer$Division (RaftServerImpl.java:requestVote(1416)) - a2876ff0-d178-48ae-a6b6-bf6963d4710d@group-87A56816AD29: receive requestVote(ELECTION, e7fccb5b-6f4b-4a5d-93b5-abfcbb2ccb85, group-87A56816AD29, 1, (t:0, i:0))
2024-07-25 11:29:12,675 [grpc-default-executor-1] INFO  impl.VoteContext (VoteContext.java:log(49)) - a2876ff0-d178-48ae-a6b6-bf6963d4710d@group-87A56816AD29-FOLLOWER: accept ELECTION from e7fccb5b-6f4b-4a5d-93b5-abfcbb2ccb85: our priority 0 <= candidate's priority 1
2024-07-25 11:29:12,675 [grpc-default-executor-1] INFO  server.RaftServer$Division (RaftServerImpl.java:setRole(376)) - a2876ff0-d178-48ae-a6b6-bf6963d4710d@group-87A56816AD29: changes role from  FOLLOWER to FOLLOWER at term 1 for candidate:e7fccb5b-6f4b-4a5d-93b5-abfcbb2ccb85
2024-07-25 11:29:12,675 [grpc-default-executor-1] INFO  impl.RoleInfo (RoleInfo.java:shutdownFollowerState(119)) - a2876ff0-d178-48ae-a6b6-bf6963d4710d: shutdown a2876ff0-d178-48ae-a6b6-bf6963d4710d@group-87A56816AD29-FollowerState
2024-07-25 11:29:12,675 [grpc-default-executor-0] INFO  server.RaftServer$Division (RaftServerImpl.java:requestVote(1416)) - 4f6a4ba8-7237-4720-8e71-4cf4f347a525@group-87A56816AD29: receive requestVote(ELECTION, e7fccb5b-6f4b-4a5d-93b5-abfcbb2ccb85, group-87A56816AD29, 1, (t:0, i:0))
2024-07-25 11:29:12,676 [a2876ff0-d178-48ae-a6b6-bf6963d4710d@group-87A56816AD29-FollowerState] INFO  impl.FollowerState (FollowerState.java:run(153)) - a2876ff0-d178-48ae-a6b6-bf6963d4710d@group-87A56816AD29-FollowerState was interrupted
2024-07-25 11:29:12,676 [grpc-default-executor-0] INFO  impl.VoteContext (VoteContext.java:log(49)) - 4f6a4ba8-7237-4720-8e71-4cf4f347a525@group-87A56816AD29-FOLLOWER: accept ELECTION from e7fccb5b-6f4b-4a5d-93b5-abfcbb2ccb85: our priority 0 <= candidate's priority 1
2024-07-25 11:29:12,676 [grpc-default-executor-0] INFO  server.RaftServer$Division (RaftServerImpl.java:setRole(376)) - 4f6a4ba8-7237-4720-8e71-4cf4f347a525@group-87A56816AD29: changes role from  FOLLOWER to FOLLOWER at term 1 for candidate:e7fccb5b-6f4b-4a5d-93b5-abfcbb2ccb85
2024-07-25 11:29:12,676 [grpc-default-executor-0] INFO  impl.RoleInfo (RoleInfo.java:shutdownFollowerState(119)) - 4f6a4ba8-7237-4720-8e71-4cf4f347a525: shutdown 4f6a4ba8-7237-4720-8e71-4cf4f347a525@group-87A56816AD29-FollowerState
2024-07-25 11:29:12,676 [grpc-default-executor-0] INFO  impl.RoleInfo (RoleInfo.java:updateAndGet(148)) - 4f6a4ba8-7237-4720-8e71-4cf4f347a525: start 4f6a4ba8-7237-4720-8e71-4cf4f347a525@group-87A56816AD29-FollowerState
2024-07-25 11:29:12,675 [grpc-default-executor-1] INFO  impl.RoleInfo (RoleInfo.java:updateAndGet(148)) - a2876ff0-d178-48ae-a6b6-bf6963d4710d: start a2876ff0-d178-48ae-a6b6-bf6963d4710d@group-87A56816AD29-FollowerState
2024-07-25 11:29:12,676 [4f6a4ba8-7237-4720-8e71-4cf4f347a525@group-87A56816AD29-FollowerState] INFO  impl.FollowerState (FollowerState.java:run(153)) - 4f6a4ba8-7237-4720-8e71-4cf4f347a525@group-87A56816AD29-FollowerState was interrupted
2024-07-25 11:29:12,676 [grpc-default-executor-0] INFO  server.RaftServer$Division (RaftServerImpl.java:setFirstElection(549)) - 4f6a4ba8-7237-4720-8e71-4cf4f347a525@group-87A56816AD29: set firstElectionSinceStartup to false for candidate:e7fccb5b-6f4b-4a5d-93b5-abfcbb2ccb85
2024-07-25 11:29:12,677 [grpc-default-executor-1] INFO  server.RaftServer$Division (RaftServerImpl.java:setFirstElection(549)) - a2876ff0-d178-48ae-a6b6-bf6963d4710d@group-87A56816AD29: set firstElectionSinceStartup to false for candidate:e7fccb5b-6f4b-4a5d-93b5-abfcbb2ccb85
2024-07-25 11:29:12,678 [grpc-default-executor-0] INFO  server.RaftServer$Division (RaftServerImpl.java:requestVote(1449)) - 4f6a4ba8-7237-4720-8e71-4cf4f347a525@group-87A56816AD29 replies to ELECTION vote request: e7fccb5b-6f4b-4a5d-93b5-abfcbb2ccb85<-4f6a4ba8-7237-4720-8e71-4cf4f347a525#0:OK-t1. Peer's state: 4f6a4ba8-7237-4720-8e71-4cf4f347a525@group-87A56816AD29:t1, leader=null, voted=e7fccb5b-6f4b-4a5d-93b5-abfcbb2ccb85, raftlog=Memoized:4f6a4ba8-7237-4720-8e71-4cf4f347a525@group-87A56816AD29-SegmentedRaftLog:OPENED:c-1:lastnull, conf=conf: {index: -1, cur=peers:[4f6a4ba8-7237-4720-8e71-4cf4f347a525|127.0.0.1:15032, a2876ff0-d178-48ae-a6b6-bf6963d4710d|127.0.0.1:15023, e7fccb5b-6f4b-4a5d-93b5-abfcbb2ccb85|127.0.0.1:15014]|listeners:[], old=null}
2024-07-25 11:29:12,678 [grpc-default-executor-1] INFO  server.RaftServer$Division (RaftServerImpl.java:requestVote(1449)) - a2876ff0-d178-48ae-a6b6-bf6963d4710d@group-87A56816AD29 replies to ELECTION vote request: e7fccb5b-6f4b-4a5d-93b5-abfcbb2ccb85<-a2876ff0-d178-48ae-a6b6-bf6963d4710d#0:OK-t1. Peer's state: a2876ff0-d178-48ae-a6b6-bf6963d4710d@group-87A56816AD29:t1, leader=null, voted=e7fccb5b-6f4b-4a5d-93b5-abfcbb2ccb85, raftlog=Memoized:a2876ff0-d178-48ae-a6b6-bf6963d4710d@group-87A56816AD29-SegmentedRaftLog:OPENED:c-1:lastnull, conf=conf: {index: -1, cur=peers:[4f6a4ba8-7237-4720-8e71-4cf4f347a525|127.0.0.1:15032, a2876ff0-d178-48ae-a6b6-bf6963d4710d|127.0.0.1:15023, e7fccb5b-6f4b-4a5d-93b5-abfcbb2ccb85|127.0.0.1:15014]|listeners:[], old=null}
2024-07-25 11:29:12,680 [e7fccb5b-6f4b-4a5d-93b5-abfcbb2ccb85@group-87A56816AD29-LeaderElection3] INFO  impl.LeaderElection (LeaderElection.java:logAndReturn(89)) - e7fccb5b-6f4b-4a5d-93b5-abfcbb2ccb85@group-87A56816AD29-LeaderElection3: ELECTION PASSED received 1 response(s) and 0 exception(s):
2024-07-25 11:29:12,680 [e7fccb5b-6f4b-4a5d-93b5-abfcbb2ccb85@group-87A56816AD29-LeaderElection3] INFO  impl.LeaderElection (LeaderElection.java:logAndReturn(93)) -   Response 0: e7fccb5b-6f4b-4a5d-93b5-abfcbb2ccb85<-a2876ff0-d178-48ae-a6b6-bf6963d4710d#0:OK-t1
2024-07-25 11:29:12,680 [e7fccb5b-6f4b-4a5d-93b5-abfcbb2ccb85@group-87A56816AD29-LeaderElection3] INFO  impl.LeaderElection (LeaderElection.java:askForVotes(323)) - e7fccb5b-6f4b-4a5d-93b5-abfcbb2ccb85@group-87A56816AD29-LeaderElection3 ELECTION round 0: result PASSED
2024-07-25 11:29:12,680 [e7fccb5b-6f4b-4a5d-93b5-abfcbb2ccb85@group-87A56816AD29-LeaderElection3] INFO  impl.RoleInfo (RoleInfo.java:shutdownLeaderElection(139)) - e7fccb5b-6f4b-4a5d-93b5-abfcbb2ccb85: shutdown e7fccb5b-6f4b-4a5d-93b5-abfcbb2ccb85@group-87A56816AD29-LeaderElection3
2024-07-25 11:29:12,681 [e7fccb5b-6f4b-4a5d-93b5-abfcbb2ccb85@group-87A56816AD29-LeaderElection3] INFO  server.RaftServer$Division (RaftServerImpl.java:setRole(376)) - e7fccb5b-6f4b-4a5d-93b5-abfcbb2ccb85@group-87A56816AD29: changes role from CANDIDATE to LEADER at term 1 for changeToLeader
2024-07-25 11:29:12,681 [e7fccb5b-6f4b-4a5d-93b5-abfcbb2ccb85@group-87A56816AD29-LeaderElection3] INFO  server.RaftServerConfigKeys (ConfUtils.java:logGet(46)) - raft.server.staging.catchup.gap = 1000 (default)
2024-07-25 11:29:12,681 [e7fccb5b-6f4b-4a5d-93b5-abfcbb2ccb85@group-87A56816AD29-LeaderElection3] INFO  server.RaftServerConfigKeys (ConfUtils.java:logGet(46)) - raft.server.write.element-limit = 1024 (custom)
2024-07-25 11:29:12,681 [e7fccb5b-6f4b-4a5d-93b5-abfcbb2ccb85@group-87A56816AD29-LeaderElection3] INFO  server.RaftServerConfigKeys (ConfUtils.java:logGet(46)) - raft.server.write.byte-limit = 1024 M (=1073741824) (custom)
2024-07-25 11:29:12,681 [e7fccb5b-6f4b-4a5d-93b5-abfcbb2ccb85@group-87A56816AD29-LeaderElection3] INFO  server.RaftServerConfigKeys (ConfUtils.java:logGet(46)) - raft.server.watch.timeout = 30s (custom)
2024-07-25 11:29:12,681 [e7fccb5b-6f4b-4a5d-93b5-abfcbb2ccb85@group-87A56816AD29-LeaderElection3] INFO  server.RaftServerConfigKeys (ConfUtils.java:logGet(46)) - raft.server.watch.timeout.denomination = 1s (default)
2024-07-25 11:29:12,682 [e7fccb5b-6f4b-4a5d-93b5-abfcbb2ccb85@group-87A56816AD29-LeaderElection3] INFO  server.RaftServerConfigKeys (ConfUtils.java:logGet(46)) - raft.server.watch.element-limit = 65536 (default)
2024-07-25 11:29:12,682 [e7fccb5b-6f4b-4a5d-93b5-abfcbb2ccb85@group-87A56816AD29-LeaderElection3] INFO  server.RaftServerConfigKeys (ConfUtils.java:logGet(46)) - raft.server.read.leader.lease.enabled = false (default)
2024-07-25 11:29:12,682 [e7fccb5b-6f4b-4a5d-93b5-abfcbb2ccb85@group-87A56816AD29-LeaderElection3] INFO  server.RaftServerConfigKeys (ConfUtils.java:logGet(46)) - raft.server.read.leader.lease.timeout.ratio = 0.9 (default)
2024-07-25 11:29:12,682 [e7fccb5b-6f4b-4a5d-93b5-abfcbb2ccb85@group-87A56816AD29-LeaderElection3] INFO  server.RaftServerConfigKeys (ConfUtils.java:logGet(46)) - raft.server.rpc.timeout.min = 5s (custom)
2024-07-25 11:29:12,682 [e7fccb5b-6f4b-4a5d-93b5-abfcbb2ccb85@group-87A56816AD29-LeaderElection3] INFO  server.RaftServerConfigKeys (ConfUtils.java:logGet(46)) - raft.server.log.log-metadata.enabled = true (default)
2024-07-25 11:29:12,682 [e7fccb5b-6f4b-4a5d-93b5-abfcbb2ccb85@group-87A56816AD29-LeaderElection3] INFO  server.RaftServerConfigKeys (ConfUtils.java:logGet(46)) - raft.server.write.element-limit = 1024 (custom)
2024-07-25 11:29:12,682 [e7fccb5b-6f4b-4a5d-93b5-abfcbb2ccb85@group-87A56816AD29-LeaderElection3] INFO  server.RaftServerConfigKeys (ConfUtils.java:logGet(46)) - raft.server.write.follower.gap.ratio.max = -1.0 (default)
2024-07-25 11:29:12,690 [e7fccb5b-6f4b-4a5d-93b5-abfcbb2ccb85@group-87A56816AD29-LeaderElection3] INFO  server.RaftServerConfigKeys (ConfUtils.java:logGet(46)) - raft.server.log.appender.snapshot.chunk.size.max = 16MB (=16777216) (default)
2024-07-25 11:29:12,690 [e7fccb5b-6f4b-4a5d-93b5-abfcbb2ccb85@group-87A56816AD29-LeaderElection3] INFO  server.RaftServerConfigKeys (ConfUtils.java:logGet(46)) - raft.server.log.appender.buffer.byte-limit = 8388608 (custom)
2024-07-25 11:29:12,691 [e7fccb5b-6f4b-4a5d-93b5-abfcbb2ccb85@group-87A56816AD29-LeaderElection3] INFO  server.RaftServerConfigKeys (ConfUtils.java:logGet(46)) - raft.server.log.appender.buffer.element-limit = 1024 (custom)
2024-07-25 11:29:12,692 [e7fccb5b-6f4b-4a5d-93b5-abfcbb2ccb85@group-87A56816AD29-LeaderElection3] INFO  server.RaftServerConfigKeys (ConfUtils.java:logGet(46)) - raft.server.log.appender.wait-time.min = 0μs (custom)
2024-07-25 11:29:12,694 [e7fccb5b-6f4b-4a5d-93b5-abfcbb2ccb85@group-87A56816AD29-LeaderElection3] INFO  grpc.GrpcConfigKeys (ConfUtils.java:logGet(46)) - raft.grpc.server.leader.outstanding.appends.max = 8 (default)
2024-07-25 11:29:12,694 [e7fccb5b-6f4b-4a5d-93b5-abfcbb2ccb85@group-87A56816AD29-LeaderElection3] INFO  server.RaftServerConfigKeys (ConfUtils.java:logGet(46)) - raft.server.rpc.request.timeout = 60s (custom)
2024-07-25 11:29:12,694 [e7fccb5b-6f4b-4a5d-93b5-abfcbb2ccb85@group-87A56816AD29-LeaderElection3] INFO  grpc.GrpcConfigKeys (ConfUtils.java:logGet(46)) - raft.grpc.server.install_snapshot.request.element-limit = 8 (default)
2024-07-25 11:29:12,695 [e7fccb5b-6f4b-4a5d-93b5-abfcbb2ccb85@group-87A56816AD29-LeaderElection3] INFO  grpc.GrpcConfigKeys (ConfUtils.java:logGet(46)) - raft.grpc.server.install_snapshot.request.timeout = 3000ms (default)
2024-07-25 11:29:12,695 [e7fccb5b-6f4b-4a5d-93b5-abfcbb2ccb85@group-87A56816AD29-LeaderElection3] INFO  grpc.GrpcConfigKeys (ConfUtils.java:logGet(46)) - raft.grpc.server.log-message.batch.duration = 5s (default)
2024-07-25 11:29:12,695 [e7fccb5b-6f4b-4a5d-93b5-abfcbb2ccb85@group-87A56816AD29-LeaderElection3] INFO  server.RaftServerConfigKeys (ConfUtils.java:logGet(46)) - raft.server.log.appender.install.snapshot.enabled = false (custom)
2024-07-25 11:29:12,695 [e7fccb5b-6f4b-4a5d-93b5-abfcbb2ccb85@group-87A56816AD29-LeaderElection3] INFO  grpc.GrpcConfigKeys (ConfUtils.java:logGet(46)) - raft.grpc.server.heartbeat.channel = true (default)
2024-07-25 11:29:12,697 [e7fccb5b-6f4b-4a5d-93b5-abfcbb2ccb85@group-87A56816AD29-LeaderElection3] INFO  server.RaftServerConfigKeys (ConfUtils.java:logGet(46)) - raft.server.log.appender.snapshot.chunk.size.max = 16MB (=16777216) (default)
2024-07-25 11:29:12,698 [e7fccb5b-6f4b-4a5d-93b5-abfcbb2ccb85@group-87A56816AD29-LeaderElection3] INFO  server.RaftServerConfigKeys (ConfUtils.java:logGet(46)) - raft.server.log.appender.buffer.byte-limit = 8388608 (custom)
2024-07-25 11:29:12,698 [e7fccb5b-6f4b-4a5d-93b5-abfcbb2ccb85@group-87A56816AD29-LeaderElection3] INFO  server.RaftServerConfigKeys (ConfUtils.java:logGet(46)) - raft.server.log.appender.buffer.element-limit = 1024 (custom)
2024-07-25 11:29:12,698 [e7fccb5b-6f4b-4a5d-93b5-abfcbb2ccb85@group-87A56816AD29-LeaderElection3] INFO  server.RaftServerConfigKeys (ConfUtils.java:logGet(46)) - raft.server.log.appender.wait-time.min = 0μs (custom)
2024-07-25 11:29:12,698 [e7fccb5b-6f4b-4a5d-93b5-abfcbb2ccb85@group-87A56816AD29-LeaderElection3] INFO  grpc.GrpcConfigKeys (ConfUtils.java:logGet(46)) - raft.grpc.server.leader.outstanding.appends.max = 8 (default)
2024-07-25 11:29:12,699 [e7fccb5b-6f4b-4a5d-93b5-abfcbb2ccb85@group-87A56816AD29-LeaderElection3] INFO  server.RaftServerConfigKeys (ConfUtils.java:logGet(46)) - raft.server.rpc.request.timeout = 60s (custom)
2024-07-25 11:29:12,699 [e7fccb5b-6f4b-4a5d-93b5-abfcbb2ccb85@group-87A56816AD29-LeaderElection3] INFO  grpc.GrpcConfigKeys (ConfUtils.java:logGet(46)) - raft.grpc.server.install_snapshot.request.element-limit = 8 (default)
2024-07-25 11:29:12,699 [e7fccb5b-6f4b-4a5d-93b5-abfcbb2ccb85@group-87A56816AD29-LeaderElection3] INFO  grpc.GrpcConfigKeys (ConfUtils.java:logGet(46)) - raft.grpc.server.install_snapshot.request.timeout = 3000ms (default)
2024-07-25 11:29:12,699 [e7fccb5b-6f4b-4a5d-93b5-abfcbb2ccb85@group-87A56816AD29-LeaderElection3] INFO  grpc.GrpcConfigKeys (ConfUtils.java:logGet(46)) - raft.grpc.server.log-message.batch.duration = 5s (default)
2024-07-25 11:29:12,699 [e7fccb5b-6f4b-4a5d-93b5-abfcbb2ccb85@group-87A56816AD29-LeaderElection3] INFO  server.RaftServerConfigKeys (ConfUtils.java:logGet(46)) - raft.server.log.appender.install.snapshot.enabled = false (custom)
2024-07-25 11:29:12,699 [e7fccb5b-6f4b-4a5d-93b5-abfcbb2ccb85@group-87A56816AD29-LeaderElection3] INFO  grpc.GrpcConfigKeys (ConfUtils.java:logGet(46)) - raft.grpc.server.heartbeat.channel = true (default)
2024-07-25 11:29:12,700 [e7fccb5b-6f4b-4a5d-93b5-abfcbb2ccb85@group-87A56816AD29-LeaderElection3] INFO  impl.RoleInfo (RoleInfo.java:updateAndGet(148)) - e7fccb5b-6f4b-4a5d-93b5-abfcbb2ccb85: start e7fccb5b-6f4b-4a5d-93b5-abfcbb2ccb85@group-87A56816AD29-LeaderStateImpl
2024-07-25 11:29:12,700 [e7fccb5b-6f4b-4a5d-93b5-abfcbb2ccb85@group-87A56816AD29-LeaderElection3] INFO  server.RaftServer$Division (RaftServerImpl.java:setFirstElection(549)) - e7fccb5b-6f4b-4a5d-93b5-abfcbb2ccb85@group-87A56816AD29: set firstElectionSinceStartup to false for becomeLeader
2024-07-25 11:29:12,700 [e7fccb5b-6f4b-4a5d-93b5-abfcbb2ccb85@group-87A56816AD29-LeaderElection3] INFO  ratis.XceiverServerRatis (XceiverServerRatis.java:handleLeaderChangedNotification(950)) - Leader change notification received for group: group-87A56816AD29 with new leaderId: e7fccb5b-6f4b-4a5d-93b5-abfcbb2ccb85
2024-07-25 11:29:12,700 [e7fccb5b-6f4b-4a5d-93b5-abfcbb2ccb85@group-87A56816AD29-LeaderElection3] INFO  server.RaftServer$Division (ServerState.java:setLeader(272)) - e7fccb5b-6f4b-4a5d-93b5-abfcbb2ccb85@group-87A56816AD29: change Leader from null to e7fccb5b-6f4b-4a5d-93b5-abfcbb2ccb85 at term 1 for becomeLeader, leader elected after 5242ms
2024-07-25 11:29:12,700 [e7fccb5b-6f4b-4a5d-93b5-abfcbb2ccb85@group-87A56816AD29-LeaderElection3] INFO  segmented.SegmentedRaftLogWorker (SegmentedRaftLogWorker.java:startLogSegment(433)) - e7fccb5b-6f4b-4a5d-93b5-abfcbb2ccb85@group-87A56816AD29-SegmentedRaftLogWorker: Starting segment from index:0
2024-07-25 11:29:12,701 [e7fccb5b-6f4b-4a5d-93b5-abfcbb2ccb85@group-87A56816AD29-LeaderElection3] INFO  server.RaftServer$Division (ServerState.java:setRaftConf(386)) - e7fccb5b-6f4b-4a5d-93b5-abfcbb2ccb85@group-87A56816AD29: set configuration conf: {index: 0, cur=peers:[4f6a4ba8-7237-4720-8e71-4cf4f347a525|127.0.0.1:15032, a2876ff0-d178-48ae-a6b6-bf6963d4710d|127.0.0.1:15023, e7fccb5b-6f4b-4a5d-93b5-abfcbb2ccb85|127.0.0.1:15014]|listeners:[], old=null}
2024-07-25 11:29:12,701 [e7fccb5b-6f4b-4a5d-93b5-abfcbb2ccb85@group-87A56816AD29-SegmentedRaftLogWorker] INFO  segmented.BufferedWriteChannel (BufferedWriteChannel.java:open(61)) - open log_inprogress_0 at position 0
2024-07-25 11:29:12,703 [EventQueue-PipelineReportForPipelineReportHandler] INFO  pipeline.PipelineReportHandler (PipelineReportHandler.java:processPipelineReport(136)) - Opened pipeline PipelineID=948d8638-4239-4972-bb67-87a56816ad29
2024-07-25 11:29:12,703 [EventQueue-OpenPipelineForHealthyPipelineSafeModeRule] INFO  safemode.SCMSafeModeManager (HealthyPipelineSafeModeRule.java:process(140)) - SCM in safe mode. Healthy pipelines reported count is 1, required healthy pipeline reported count is 1
2024-07-25 11:29:12,703 [EventQueue-OpenPipelineForHealthyPipelineSafeModeRule] INFO  safemode.SCMSafeModeManager (SCMSafeModeManager.java:validateSafeModeExitRules(203)) - HealthyPipelineSafeModeRule rule is successfully validated
2024-07-25 11:29:12,703 [EventQueue-OpenPipelineForHealthyPipelineSafeModeRule] INFO  safemode.SCMSafeModeManager (SCMSafeModeManager.java:validateSafeModeExitRules(218)) - ScmSafeModeManager, all rules are successfully validated
2024-07-25 11:29:12,703 [EventQueue-OpenPipelineForHealthyPipelineSafeModeRule] INFO  safemode.SCMSafeModeManager (SCMSafeModeManager.java:exitSafeMode(248)) - SCM exiting safe mode.
2024-07-25 11:29:12,703 [EventQueue-OpenPipelineForHealthyPipelineSafeModeRule] INFO  ha.SCMContext (SCMContext.java:updateSafeModeStatus(225)) - Update SafeModeStatus from SafeModeStatus{safeModeStatus=true, preCheckPassed=true} to SafeModeStatus{safeModeStatus=false, preCheckPassed=true}.
2024-07-25 11:29:12,703 [EventQueue-OpenPipelineForHealthyPipelineSafeModeRule] INFO  pipeline.BackgroundPipelineCreator (BackgroundPipelineCreator.java:notifyStatusChanged(258)) - Service BackgroundPipelineCreator transitions to RUNNING.
2024-07-25 11:29:12,703 [EventQueue-OpenPipelineForHealthyPipelineSafeModeRule] INFO  BackgroundPipelineScrubber (BackgroundSCMService.java:notifyStatusChanged(79)) - Service BackgroundPipelineScrubber transitions to RUNNING.
2024-07-25 11:29:12,704 [EventQueue-OpenPipelineForHealthyPipelineSafeModeRule] INFO  ExpiredContainerReplicaOpScrubber (BackgroundSCMService.java:notifyStatusChanged(79)) - Service ExpiredContainerReplicaOpScrubber transitions to RUNNING.
2024-07-25 11:29:12,704 [EventQueue-OpenPipelineForHealthyPipelineSafeModeRule] INFO  block.SCMBlockDeletingService (SCMBlockDeletingService.java:notifyStatusChanged(247)) - notifyStatusChanged:RUNNING
2024-07-25 11:29:12,704 [EventQueue-OpenPipelineForHealthyPipelineSafeModeRule] INFO  replication.ReplicationManager (ReplicationManager.java:notifyStatusChanged(1406)) - Service ReplicationManager transitions to RUNNING.
2024-07-25 11:29:12,709 [EventQueue-OpenPipelineForHealthyPipelineSafeModeRule] WARN  balancer.ContainerBalancer (ContainerBalancer.java:shouldRun(136)) - Could not find persisted configuration for ContainerBalancer when checking if ContainerBalancer should run. ContainerBalancer should not run now.
2024-07-25 11:29:12,714 [e7fccb5b-6f4b-4a5d-93b5-abfcbb2ccb85@group-87A56816AD29-SegmentedRaftLogWorker] INFO  segmented.SegmentedRaftLogWorker (SegmentedRaftLogWorker.java:execute(637)) - e7fccb5b-6f4b-4a5d-93b5-abfcbb2ccb85@group-87A56816AD29-SegmentedRaftLogWorker: created new log segment /home/runner/work/ozone/ozone/hadoop-ozone/integration-test/target/test-dir/MiniOzoneClusterImpl-1f81da03-70dc-44ad-8558-5c969ee5b37a/ozone-meta/datanode-1/ratis/948d8638-4239-4972-bb67-87a56816ad29/current/log_inprogress_0
2024-07-25 11:29:12,735 [a2876ff0-d178-48ae-a6b6-bf6963d4710d-server-thread1] INFO  ratis.XceiverServerRatis (XceiverServerRatis.java:handleLeaderChangedNotification(950)) - Leader change notification received for group: group-87A56816AD29 with new leaderId: e7fccb5b-6f4b-4a5d-93b5-abfcbb2ccb85
2024-07-25 11:29:12,736 [a2876ff0-d178-48ae-a6b6-bf6963d4710d-server-thread1] INFO  server.RaftServer$Division (ServerState.java:setLeader(272)) - a2876ff0-d178-48ae-a6b6-bf6963d4710d@group-87A56816AD29: change Leader from null to e7fccb5b-6f4b-4a5d-93b5-abfcbb2ccb85 at term 1 for appendEntries, leader elected after 5044ms
2024-07-25 11:29:12,738 [4f6a4ba8-7237-4720-8e71-4cf4f347a525-server-thread1] INFO  ratis.XceiverServerRatis (XceiverServerRatis.java:handleLeaderChangedNotification(950)) - Leader change notification received for group: group-87A56816AD29 with new leaderId: e7fccb5b-6f4b-4a5d-93b5-abfcbb2ccb85
2024-07-25 11:29:12,738 [4f6a4ba8-7237-4720-8e71-4cf4f347a525-server-thread1] INFO  server.RaftServer$Division (ServerState.java:setLeader(272)) - 4f6a4ba8-7237-4720-8e71-4cf4f347a525@group-87A56816AD29: change Leader from null to e7fccb5b-6f4b-4a5d-93b5-abfcbb2ccb85 at term 1 for appendEntries, leader elected after 4947ms
2024-07-25 11:29:12,756 [a2876ff0-d178-48ae-a6b6-bf6963d4710d-server-thread1] INFO  server.RaftServer$Division (ServerState.java:setRaftConf(386)) - a2876ff0-d178-48ae-a6b6-bf6963d4710d@group-87A56816AD29: set configuration conf: {index: 0, cur=peers:[4f6a4ba8-7237-4720-8e71-4cf4f347a525|127.0.0.1:15032, a2876ff0-d178-48ae-a6b6-bf6963d4710d|127.0.0.1:15023, e7fccb5b-6f4b-4a5d-93b5-abfcbb2ccb85|127.0.0.1:15014]|listeners:[], old=null}
2024-07-25 11:29:12,758 [a2876ff0-d178-48ae-a6b6-bf6963d4710d-server-thread1] INFO  segmented.SegmentedRaftLogWorker (SegmentedRaftLogWorker.java:startLogSegment(433)) - a2876ff0-d178-48ae-a6b6-bf6963d4710d@group-87A56816AD29-SegmentedRaftLogWorker: Starting segment from index:0
2024-07-25 11:29:12,758 [4f6a4ba8-7237-4720-8e71-4cf4f347a525-server-thread3] INFO  server.RaftServer$Division (ServerState.java:setRaftConf(386)) - 4f6a4ba8-7237-4720-8e71-4cf4f347a525@group-87A56816AD29: set configuration conf: {index: 0, cur=peers:[4f6a4ba8-7237-4720-8e71-4cf4f347a525|127.0.0.1:15032, a2876ff0-d178-48ae-a6b6-bf6963d4710d|127.0.0.1:15023, e7fccb5b-6f4b-4a5d-93b5-abfcbb2ccb85|127.0.0.1:15014]|listeners:[], old=null}
2024-07-25 11:29:12,758 [4f6a4ba8-7237-4720-8e71-4cf4f347a525-server-thread3] INFO  segmented.SegmentedRaftLogWorker (SegmentedRaftLogWorker.java:startLogSegment(433)) - 4f6a4ba8-7237-4720-8e71-4cf4f347a525@group-87A56816AD29-SegmentedRaftLogWorker: Starting segment from index:0
2024-07-25 11:29:12,758 [a2876ff0-d178-48ae-a6b6-bf6963d4710d@group-87A56816AD29-SegmentedRaftLogWorker] INFO  segmented.BufferedWriteChannel (BufferedWriteChannel.java:open(61)) - open log_inprogress_0 at position 0
2024-07-25 11:29:12,759 [4f6a4ba8-7237-4720-8e71-4cf4f347a525@group-87A56816AD29-SegmentedRaftLogWorker] INFO  segmented.BufferedWriteChannel (BufferedWriteChannel.java:open(61)) - open log_inprogress_0 at position 0
2024-07-25 11:29:12,771 [4f6a4ba8-7237-4720-8e71-4cf4f347a525@group-87A56816AD29-SegmentedRaftLogWorker] INFO  segmented.SegmentedRaftLogWorker (SegmentedRaftLogWorker.java:execute(637)) - 4f6a4ba8-7237-4720-8e71-4cf4f347a525@group-87A56816AD29-SegmentedRaftLogWorker: created new log segment /home/runner/work/ozone/ozone/hadoop-ozone/integration-test/target/test-dir/MiniOzoneClusterImpl-1f81da03-70dc-44ad-8558-5c969ee5b37a/ozone-meta/datanode-3/ratis/948d8638-4239-4972-bb67-87a56816ad29/current/log_inprogress_0
2024-07-25 11:29:12,772 [a2876ff0-d178-48ae-a6b6-bf6963d4710d@group-87A56816AD29-SegmentedRaftLogWorker] INFO  segmented.SegmentedRaftLogWorker (SegmentedRaftLogWorker.java:execute(637)) - a2876ff0-d178-48ae-a6b6-bf6963d4710d@group-87A56816AD29-SegmentedRaftLogWorker: created new log segment /home/runner/work/ozone/ozone/hadoop-ozone/integration-test/target/test-dir/MiniOzoneClusterImpl-1f81da03-70dc-44ad-8558-5c969ee5b37a/ozone-meta/datanode-2/ratis/948d8638-4239-4972-bb67-87a56816ad29/current/log_inprogress_0
2024-07-25 11:29:12,779 [e7fccb5b-6f4b-4a5d-93b5-abfcbb2ccb85@group-87A56816AD29-StateMachineUpdater] INFO  server.RaftServer$Division (LeaderStateImpl.java:checkStartIndex(316)) - Leader e7fccb5b-6f4b-4a5d-93b5-abfcbb2ccb85@group-87A56816AD29-LeaderStateImpl is ready since appliedIndex == startIndex == 0
2024-07-25 11:29:12,834 [a2876ff0-d178-48ae-a6b6-bf6963d4710d@group-E17A96920781-FollowerState] INFO  impl.FollowerState (FollowerState.java:run(144)) - a2876ff0-d178-48ae-a6b6-bf6963d4710d@group-E17A96920781-FollowerState: change to CANDIDATE, lastRpcElapsedTime:5022974601ns, electionTimeout:5018ms
2024-07-25 11:29:12,835 [a2876ff0-d178-48ae-a6b6-bf6963d4710d@group-E17A96920781-FollowerState] INFO  impl.RoleInfo (RoleInfo.java:shutdownFollowerState(119)) - a2876ff0-d178-48ae-a6b6-bf6963d4710d: shutdown a2876ff0-d178-48ae-a6b6-bf6963d4710d@group-E17A96920781-FollowerState
2024-07-25 11:29:12,835 [a2876ff0-d178-48ae-a6b6-bf6963d4710d@group-E17A96920781-FollowerState] INFO  server.RaftServer$Division (RaftServerImpl.java:setRole(376)) - a2876ff0-d178-48ae-a6b6-bf6963d4710d@group-E17A96920781: changes role from  FOLLOWER to CANDIDATE at term 0 for changeToCandidate
2024-07-25 11:29:12,835 [a2876ff0-d178-48ae-a6b6-bf6963d4710d@group-E17A96920781-FollowerState] INFO  server.RaftServerConfigKeys (ConfUtils.java:logGet(46)) - raft.server.leaderelection.pre-vote = true (default)
2024-07-25 11:29:12,835 [a2876ff0-d178-48ae-a6b6-bf6963d4710d@group-E17A96920781-FollowerState] INFO  impl.RoleInfo (RoleInfo.java:updateAndGet(148)) - a2876ff0-d178-48ae-a6b6-bf6963d4710d: start a2876ff0-d178-48ae-a6b6-bf6963d4710d@group-E17A96920781-LeaderElection4
2024-07-25 11:29:12,835 [a2876ff0-d178-48ae-a6b6-bf6963d4710d@group-E17A96920781-LeaderElection4] INFO  impl.LeaderElection (LeaderElection.java:askForVotes(321)) - a2876ff0-d178-48ae-a6b6-bf6963d4710d@group-E17A96920781-LeaderElection4 PRE_VOTE round 0: submit vote requests at term 0 for conf: {index: -1, cur=peers:[4f6a4ba8-7237-4720-8e71-4cf4f347a525|127.0.0.1:15032, a2876ff0-d178-48ae-a6b6-bf6963d4710d|127.0.0.1:15023, e7fccb5b-6f4b-4a5d-93b5-abfcbb2ccb85|127.0.0.1:15014]|listeners:[], old=null}
2024-07-25 11:29:12,836 [a2876ff0-d178-48ae-a6b6-bf6963d4710d@group-E17A96920781-LeaderElection4-1] INFO  server.GrpcServerProtocolClient (GrpcServerProtocolClient.java:<init>(65)) - Build channel for 4f6a4ba8-7237-4720-8e71-4cf4f347a525|127.0.0.1:15032
2024-07-25 11:29:12,836 [a2876ff0-d178-48ae-a6b6-bf6963d4710d@group-E17A96920781-LeaderElection4-2] INFO  server.GrpcServerProtocolClient (GrpcServerProtocolClient.java:<init>(65)) - Build channel for e7fccb5b-6f4b-4a5d-93b5-abfcbb2ccb85|127.0.0.1:15014
2024-07-25 11:29:12,836 [a2876ff0-d178-48ae-a6b6-bf6963d4710d@group-E17A96920781-LeaderElection4] INFO  server.RaftServerConfigKeys (ConfUtils.java:logFallback(53)) - raft.server.rpc.first-election.timeout.min = 5s (fallback to raft.server.rpc.timeout.min)
2024-07-25 11:29:12,837 [a2876ff0-d178-48ae-a6b6-bf6963d4710d@group-E17A96920781-LeaderElection4] INFO  server.RaftServerConfigKeys (ConfUtils.java:logFallback(53)) - raft.server.rpc.first-election.timeout.max = 5200ms (fallback to raft.server.rpc.timeout.max)
2024-07-25 11:29:12,843 [grpc-default-executor-3] INFO  server.RaftServer$Division (RaftServerImpl.java:requestVote(1416)) - 4f6a4ba8-7237-4720-8e71-4cf4f347a525@group-E17A96920781: receive requestVote(PRE_VOTE, a2876ff0-d178-48ae-a6b6-bf6963d4710d, group-E17A96920781, 0, (t:0, i:0))
2024-07-25 11:29:12,844 [grpc-default-executor-3] INFO  impl.VoteContext (VoteContext.java:log(49)) - 4f6a4ba8-7237-4720-8e71-4cf4f347a525@group-E17A96920781-FOLLOWER: reject PRE_VOTE from a2876ff0-d178-48ae-a6b6-bf6963d4710d: our priority 1 > candidate's priority 0
2024-07-25 11:29:12,844 [grpc-default-executor-3] INFO  server.RaftServer$Division (RaftServerImpl.java:requestVote(1449)) - 4f6a4ba8-7237-4720-8e71-4cf4f347a525@group-E17A96920781 replies to PRE_VOTE vote request: a2876ff0-d178-48ae-a6b6-bf6963d4710d<-4f6a4ba8-7237-4720-8e71-4cf4f347a525#0:FAIL-t0. Peer's state: 4f6a4ba8-7237-4720-8e71-4cf4f347a525@group-E17A96920781:t0, leader=null, voted=, raftlog=Memoized:4f6a4ba8-7237-4720-8e71-4cf4f347a525@group-E17A96920781-SegmentedRaftLog:OPENED:c-1:lastnull, conf=conf: {index: -1, cur=peers:[4f6a4ba8-7237-4720-8e71-4cf4f347a525|127.0.0.1:15032, a2876ff0-d178-48ae-a6b6-bf6963d4710d|127.0.0.1:15023, e7fccb5b-6f4b-4a5d-93b5-abfcbb2ccb85|127.0.0.1:15014]|listeners:[], old=null}
2024-07-25 11:29:12,844 [grpc-default-executor-1] INFO  server.RaftServer$Division (RaftServerImpl.java:requestVote(1416)) - e7fccb5b-6f4b-4a5d-93b5-abfcbb2ccb85@group-E17A96920781: receive requestVote(PRE_VOTE, a2876ff0-d178-48ae-a6b6-bf6963d4710d, group-E17A96920781, 0, (t:0, i:0))
2024-07-25 11:29:12,844 [grpc-default-executor-1] INFO  impl.VoteContext (VoteContext.java:log(49)) - e7fccb5b-6f4b-4a5d-93b5-abfcbb2ccb85@group-E17A96920781-FOLLOWER: accept PRE_VOTE from a2876ff0-d178-48ae-a6b6-bf6963d4710d: our priority 0 <= candidate's priority 0
2024-07-25 11:29:12,844 [grpc-default-executor-1] INFO  server.RaftServer$Division (RaftServerImpl.java:requestVote(1449)) - e7fccb5b-6f4b-4a5d-93b5-abfcbb2ccb85@group-E17A96920781 replies to PRE_VOTE vote request: a2876ff0-d178-48ae-a6b6-bf6963d4710d<-e7fccb5b-6f4b-4a5d-93b5-abfcbb2ccb85#0:OK-t0. Peer's state: e7fccb5b-6f4b-4a5d-93b5-abfcbb2ccb85@group-E17A96920781:t0, leader=null, voted=, raftlog=Memoized:e7fccb5b-6f4b-4a5d-93b5-abfcbb2ccb85@group-E17A96920781-SegmentedRaftLog:OPENED:c-1:lastnull, conf=conf: {index: -1, cur=peers:[4f6a4ba8-7237-4720-8e71-4cf4f347a525|127.0.0.1:15032, a2876ff0-d178-48ae-a6b6-bf6963d4710d|127.0.0.1:15023, e7fccb5b-6f4b-4a5d-93b5-abfcbb2ccb85|127.0.0.1:15014]|listeners:[], old=null}
2024-07-25 11:29:12,847 [a2876ff0-d178-48ae-a6b6-bf6963d4710d@group-E17A96920781-LeaderElection4] INFO  impl.LeaderElection (LeaderElection.java:logAndReturn(89)) - a2876ff0-d178-48ae-a6b6-bf6963d4710d@group-E17A96920781-LeaderElection4: PRE_VOTE REJECTED received 1 response(s) and 0 exception(s):
2024-07-25 11:29:12,847 [a2876ff0-d178-48ae-a6b6-bf6963d4710d@group-E17A96920781-LeaderElection4] INFO  impl.LeaderElection (LeaderElection.java:logAndReturn(93)) -   Response 0: a2876ff0-d178-48ae-a6b6-bf6963d4710d<-4f6a4ba8-7237-4720-8e71-4cf4f347a525#0:FAIL-t0
2024-07-25 11:29:12,847 [a2876ff0-d178-48ae-a6b6-bf6963d4710d@group-E17A96920781-LeaderElection4] INFO  impl.LeaderElection (LeaderElection.java:askForVotes(323)) - a2876ff0-d178-48ae-a6b6-bf6963d4710d@group-E17A96920781-LeaderElection4 PRE_VOTE round 0: result REJECTED
2024-07-25 11:29:12,847 [a2876ff0-d178-48ae-a6b6-bf6963d4710d@group-E17A96920781-LeaderElection4] INFO  server.RaftServer$Division (RaftServerImpl.java:setRole(376)) - a2876ff0-d178-48ae-a6b6-bf6963d4710d@group-E17A96920781: changes role from CANDIDATE to FOLLOWER at term 0 for REJECTED
2024-07-25 11:29:12,847 [a2876ff0-d178-48ae-a6b6-bf6963d4710d@group-E17A96920781-LeaderElection4] INFO  impl.RoleInfo (RoleInfo.java:shutdownLeaderElection(139)) - a2876ff0-d178-48ae-a6b6-bf6963d4710d: shutdown a2876ff0-d178-48ae-a6b6-bf6963d4710d@group-E17A96920781-LeaderElection4
2024-07-25 11:29:12,847 [a2876ff0-d178-48ae-a6b6-bf6963d4710d@group-E17A96920781-LeaderElection4] INFO  impl.RoleInfo (RoleInfo.java:updateAndGet(148)) - a2876ff0-d178-48ae-a6b6-bf6963d4710d: start a2876ff0-d178-48ae-a6b6-bf6963d4710d@group-E17A96920781-FollowerState
2024-07-25 11:29:12,849 [a2876ff0-d178-48ae-a6b6-bf6963d4710d@group-E17A96920781-LeaderElection4] INFO  server.RaftServer$Division (RaftServerImpl.java:setFirstElection(549)) - a2876ff0-d178-48ae-a6b6-bf6963d4710d@group-E17A96920781: set firstElectionSinceStartup to false for REJECTED
2024-07-25 11:29:12,866 [a2876ff0-d178-48ae-a6b6-bf6963d4710d@group-5BDE8CD16727-FollowerState] INFO  impl.FollowerState (FollowerState.java:run(144)) - a2876ff0-d178-48ae-a6b6-bf6963d4710d@group-5BDE8CD16727-FollowerState: change to CANDIDATE, lastRpcElapsedTime:5103685724ns, electionTimeout:5103ms
2024-07-25 11:29:12,866 [a2876ff0-d178-48ae-a6b6-bf6963d4710d@group-5BDE8CD16727-FollowerState] INFO  impl.RoleInfo (RoleInfo.java:shutdownFollowerState(119)) - a2876ff0-d178-48ae-a6b6-bf6963d4710d: shutdown a2876ff0-d178-48ae-a6b6-bf6963d4710d@group-5BDE8CD16727-FollowerState
2024-07-25 11:29:12,866 [a2876ff0-d178-48ae-a6b6-bf6963d4710d@group-5BDE8CD16727-FollowerState] INFO  server.RaftServer$Division (RaftServerImpl.java:setRole(376)) - a2876ff0-d178-48ae-a6b6-bf6963d4710d@group-5BDE8CD16727: changes role from  FOLLOWER to CANDIDATE at term 0 for changeToCandidate
2024-07-25 11:29:12,866 [a2876ff0-d178-48ae-a6b6-bf6963d4710d@group-5BDE8CD16727-FollowerState] INFO  server.RaftServerConfigKeys (ConfUtils.java:logGet(46)) - raft.server.leaderelection.pre-vote = true (default)
2024-07-25 11:29:12,866 [a2876ff0-d178-48ae-a6b6-bf6963d4710d@group-5BDE8CD16727-FollowerState] INFO  impl.RoleInfo (RoleInfo.java:updateAndGet(148)) - a2876ff0-d178-48ae-a6b6-bf6963d4710d: start a2876ff0-d178-48ae-a6b6-bf6963d4710d@group-5BDE8CD16727-LeaderElection5
2024-07-25 11:29:12,867 [a2876ff0-d178-48ae-a6b6-bf6963d4710d@group-5BDE8CD16727-LeaderElection5] INFO  impl.LeaderElection (LeaderElection.java:askForVotes(321)) - a2876ff0-d178-48ae-a6b6-bf6963d4710d@group-5BDE8CD16727-LeaderElection5 PRE_VOTE round 0: submit vote requests at term 0 for conf: {index: -1, cur=peers:[a2876ff0-d178-48ae-a6b6-bf6963d4710d|127.0.0.1:15023]|listeners:[], old=null}
2024-07-25 11:29:12,867 [a2876ff0-d178-48ae-a6b6-bf6963d4710d@group-5BDE8CD16727-LeaderElection5] INFO  impl.LeaderElection (LeaderElection.java:askForVotes(323)) - a2876ff0-d178-48ae-a6b6-bf6963d4710d@group-5BDE8CD16727-LeaderElection5 PRE_VOTE round 0: result PASSED (term=0)
2024-07-25 11:29:12,869 [a2876ff0-d178-48ae-a6b6-bf6963d4710d@group-5BDE8CD16727-LeaderElection5] INFO  impl.LeaderElection (LeaderElection.java:askForVotes(321)) - a2876ff0-d178-48ae-a6b6-bf6963d4710d@group-5BDE8CD16727-LeaderElection5 ELECTION round 0: submit vote requests at term 1 for conf: {index: -1, cur=peers:[a2876ff0-d178-48ae-a6b6-bf6963d4710d|127.0.0.1:15023]|listeners:[], old=null}
2024-07-25 11:29:12,870 [a2876ff0-d178-48ae-a6b6-bf6963d4710d@group-5BDE8CD16727-LeaderElection5] INFO  impl.LeaderElection (LeaderElection.java:askForVotes(323)) - a2876ff0-d178-48ae-a6b6-bf6963d4710d@group-5BDE8CD16727-LeaderElection5 ELECTION round 0: result PASSED (term=1)
2024-07-25 11:29:12,870 [a2876ff0-d178-48ae-a6b6-bf6963d4710d@group-5BDE8CD16727-LeaderElection5] INFO  impl.RoleInfo (RoleInfo.java:shutdownLeaderElection(139)) - a2876ff0-d178-48ae-a6b6-bf6963d4710d: shutdown a2876ff0-d178-48ae-a6b6-bf6963d4710d@group-5BDE8CD16727-LeaderElection5
2024-07-25 11:29:12,870 [a2876ff0-d178-48ae-a6b6-bf6963d4710d@group-5BDE8CD16727-LeaderElection5] INFO  server.RaftServer$Division (RaftServerImpl.java:setRole(376)) - a2876ff0-d178-48ae-a6b6-bf6963d4710d@group-5BDE8CD16727: changes role from CANDIDATE to LEADER at term 1 for changeToLeader
2024-07-25 11:29:12,870 [a2876ff0-d178-48ae-a6b6-bf6963d4710d@group-5BDE8CD16727-LeaderElection5] INFO  server.RaftServerConfigKeys (ConfUtils.java:logGet(46)) - raft.server.staging.catchup.gap = 1000 (default)
2024-07-25 11:29:12,870 [a2876ff0-d178-48ae-a6b6-bf6963d4710d@group-5BDE8CD16727-LeaderElection5] INFO  server.RaftServerConfigKeys (ConfUtils.java:logGet(46)) - raft.server.write.element-limit = 1024 (custom)
2024-07-25 11:29:12,870 [a2876ff0-d178-48ae-a6b6-bf6963d4710d@group-5BDE8CD16727-LeaderElection5] INFO  server.RaftServerConfigKeys (ConfUtils.java:logGet(46)) - raft.server.write.byte-limit = 1024 M (=1073741824) (custom)
2024-07-25 11:29:12,871 [a2876ff0-d178-48ae-a6b6-bf6963d4710d@group-5BDE8CD16727-LeaderElection5] INFO  server.RaftServerConfigKeys (ConfUtils.java:logGet(46)) - raft.server.watch.timeout = 30s (custom)
2024-07-25 11:29:12,871 [a2876ff0-d178-48ae-a6b6-bf6963d4710d@group-5BDE8CD16727-LeaderElection5] INFO  server.RaftServerConfigKeys (ConfUtils.java:logGet(46)) - raft.server.watch.timeout.denomination = 1s (default)
2024-07-25 11:29:12,871 [a2876ff0-d178-48ae-a6b6-bf6963d4710d@group-5BDE8CD16727-LeaderElection5] INFO  server.RaftServerConfigKeys (ConfUtils.java:logGet(46)) - raft.server.watch.element-limit = 65536 (default)
2024-07-25 11:29:12,872 [a2876ff0-d178-48ae-a6b6-bf6963d4710d@group-5BDE8CD16727-LeaderElection5] INFO  server.RaftServerConfigKeys (ConfUtils.java:logGet(46)) - raft.server.read.leader.lease.enabled = false (default)
2024-07-25 11:29:12,872 [a2876ff0-d178-48ae-a6b6-bf6963d4710d@group-5BDE8CD16727-LeaderElection5] INFO  server.RaftServerConfigKeys (ConfUtils.java:logGet(46)) - raft.server.read.leader.lease.timeout.ratio = 0.9 (default)
2024-07-25 11:29:12,872 [a2876ff0-d178-48ae-a6b6-bf6963d4710d@group-5BDE8CD16727-LeaderElection5] INFO  server.RaftServerConfigKeys (ConfUtils.java:logGet(46)) - raft.server.rpc.timeout.min = 5s (custom)
2024-07-25 11:29:12,872 [a2876ff0-d178-48ae-a6b6-bf6963d4710d@group-5BDE8CD16727-LeaderElection5] INFO  server.RaftServerConfigKeys (ConfUtils.java:logGet(46)) - raft.server.log.log-metadata.enabled = true (default)
2024-07-25 11:29:12,872 [a2876ff0-d178-48ae-a6b6-bf6963d4710d@group-5BDE8CD16727-LeaderElection5] INFO  server.RaftServerConfigKeys (ConfUtils.java:logGet(46)) - raft.server.write.element-limit = 1024 (custom)
2024-07-25 11:29:12,872 [a2876ff0-d178-48ae-a6b6-bf6963d4710d@group-5BDE8CD16727-LeaderElection5] INFO  server.RaftServerConfigKeys (ConfUtils.java:logGet(46)) - raft.server.write.follower.gap.ratio.max = -1.0 (default)
2024-07-25 11:29:12,872 [a2876ff0-d178-48ae-a6b6-bf6963d4710d@group-5BDE8CD16727-LeaderElection5] INFO  impl.RoleInfo (RoleInfo.java:updateAndGet(148)) - a2876ff0-d178-48ae-a6b6-bf6963d4710d: start a2876ff0-d178-48ae-a6b6-bf6963d4710d@group-5BDE8CD16727-LeaderStateImpl
2024-07-25 11:29:12,872 [a2876ff0-d178-48ae-a6b6-bf6963d4710d@group-5BDE8CD16727-LeaderElection5] INFO  server.RaftServer$Division (RaftServerImpl.java:setFirstElection(549)) - a2876ff0-d178-48ae-a6b6-bf6963d4710d@group-5BDE8CD16727: set firstElectionSinceStartup to false for becomeLeader
2024-07-25 11:29:12,872 [a2876ff0-d178-48ae-a6b6-bf6963d4710d@group-5BDE8CD16727-LeaderElection5] INFO  ratis.XceiverServerRatis (XceiverServerRatis.java:handleLeaderChangedNotification(950)) - Leader change notification received for group: group-5BDE8CD16727 with new leaderId: a2876ff0-d178-48ae-a6b6-bf6963d4710d
2024-07-25 11:29:12,874 [a2876ff0-d178-48ae-a6b6-bf6963d4710d@group-5BDE8CD16727-LeaderElection5] INFO  server.RaftServer$Division (ServerState.java:setLeader(272)) - a2876ff0-d178-48ae-a6b6-bf6963d4710d@group-5BDE8CD16727: change Leader from null to a2876ff0-d178-48ae-a6b6-bf6963d4710d at term 1 for becomeLeader, leader elected after 5131ms
2024-07-25 11:29:12,874 [a2876ff0-d178-48ae-a6b6-bf6963d4710d@group-5BDE8CD16727-LeaderElection5] INFO  segmented.SegmentedRaftLogWorker (SegmentedRaftLogWorker.java:startLogSegment(433)) - a2876ff0-d178-48ae-a6b6-bf6963d4710d@group-5BDE8CD16727-SegmentedRaftLogWorker: Starting segment from index:0
2024-07-25 11:29:12,875 [a2876ff0-d178-48ae-a6b6-bf6963d4710d@group-5BDE8CD16727-LeaderElection5] INFO  server.RaftServer$Division (ServerState.java:setRaftConf(386)) - a2876ff0-d178-48ae-a6b6-bf6963d4710d@group-5BDE8CD16727: set configuration conf: {index: 0, cur=peers:[a2876ff0-d178-48ae-a6b6-bf6963d4710d|127.0.0.1:15023]|listeners:[], old=null}
2024-07-25 11:29:12,875 [a2876ff0-d178-48ae-a6b6-bf6963d4710d@group-5BDE8CD16727-SegmentedRaftLogWorker] INFO  segmented.BufferedWriteChannel (BufferedWriteChannel.java:open(61)) - open log_inprogress_0 at position 0
2024-07-25 11:29:12,884 [a2876ff0-d178-48ae-a6b6-bf6963d4710d@group-5BDE8CD16727-SegmentedRaftLogWorker] INFO  segmented.SegmentedRaftLogWorker (SegmentedRaftLogWorker.java:execute(637)) - a2876ff0-d178-48ae-a6b6-bf6963d4710d@group-5BDE8CD16727-SegmentedRaftLogWorker: created new log segment /home/runner/work/ozone/ozone/hadoop-ozone/integration-test/target/test-dir/MiniOzoneClusterImpl-1f81da03-70dc-44ad-8558-5c969ee5b37a/ozone-meta/datanode-2/ratis/49fab4ac-965e-461f-9946-5bde8cd16727/current/log_inprogress_0
2024-07-25 11:29:12,886 [a2876ff0-d178-48ae-a6b6-bf6963d4710d@group-5BDE8CD16727-StateMachineUpdater] INFO  server.RaftServer$Division (LeaderStateImpl.java:checkStartIndex(316)) - Leader a2876ff0-d178-48ae-a6b6-bf6963d4710d@group-5BDE8CD16727-LeaderStateImpl is ready since appliedIndex == startIndex == 0
2024-07-25 11:29:12,957 [e7fccb5b-6f4b-4a5d-93b5-abfcbb2ccb85@group-E17A96920781-FollowerState] INFO  server.RaftServerConfigKeys (ConfUtils.java:logFallback(53)) - raft.server.rpc.first-election.timeout.min = 5s (fallback to raft.server.rpc.timeout.min)
2024-07-25 11:29:12,957 [e7fccb5b-6f4b-4a5d-93b5-abfcbb2ccb85@group-E17A96920781-FollowerState] INFO  server.RaftServerConfigKeys (ConfUtils.java:logFallback(53)) - raft.server.rpc.first-election.timeout.max = 5200ms (fallback to raft.server.rpc.timeout.max)
2024-07-25 11:29:13,020 [4f6a4ba8-7237-4720-8e71-4cf4f347a525@group-E17A96920781-FollowerState] INFO  impl.FollowerState (FollowerState.java:run(144)) - 4f6a4ba8-7237-4720-8e71-4cf4f347a525@group-E17A96920781-FollowerState: change to CANDIDATE, lastRpcElapsedTime:5132606318ns, electionTimeout:5125ms
2024-07-25 11:29:13,021 [4f6a4ba8-7237-4720-8e71-4cf4f347a525@group-E17A96920781-FollowerState] INFO  impl.RoleInfo (RoleInfo.java:shutdownFollowerState(119)) - 4f6a4ba8-7237-4720-8e71-4cf4f347a525: shutdown 4f6a4ba8-7237-4720-8e71-4cf4f347a525@group-E17A96920781-FollowerState
2024-07-25 11:29:13,021 [4f6a4ba8-7237-4720-8e71-4cf4f347a525@group-E17A96920781-FollowerState] INFO  server.RaftServer$Division (RaftServerImpl.java:setRole(376)) - 4f6a4ba8-7237-4720-8e71-4cf4f347a525@group-E17A96920781: changes role from  FOLLOWER to CANDIDATE at term 0 for changeToCandidate
2024-07-25 11:29:13,021 [4f6a4ba8-7237-4720-8e71-4cf4f347a525@group-E17A96920781-FollowerState] INFO  server.RaftServerConfigKeys (ConfUtils.java:logGet(46)) - raft.server.leaderelection.pre-vote = true (default)
2024-07-25 11:29:13,021 [4f6a4ba8-7237-4720-8e71-4cf4f347a525@group-E17A96920781-FollowerState] INFO  impl.RoleInfo (RoleInfo.java:updateAndGet(148)) - 4f6a4ba8-7237-4720-8e71-4cf4f347a525: start 4f6a4ba8-7237-4720-8e71-4cf4f347a525@group-E17A96920781-LeaderElection6
2024-07-25 11:29:13,021 [4f6a4ba8-7237-4720-8e71-4cf4f347a525@group-E17A96920781-LeaderElection6] INFO  impl.LeaderElection (LeaderElection.java:askForVotes(321)) - 4f6a4ba8-7237-4720-8e71-4cf4f347a525@group-E17A96920781-LeaderElection6 PRE_VOTE round 0: submit vote requests at term 0 for conf: {index: -1, cur=peers:[4f6a4ba8-7237-4720-8e71-4cf4f347a525|127.0.0.1:15032, a2876ff0-d178-48ae-a6b6-bf6963d4710d|127.0.0.1:15023, e7fccb5b-6f4b-4a5d-93b5-abfcbb2ccb85|127.0.0.1:15014]|listeners:[], old=null}
2024-07-25 11:29:13,022 [4f6a4ba8-7237-4720-8e71-4cf4f347a525@group-E17A96920781-LeaderElection6-1] INFO  server.GrpcServerProtocolClient (GrpcServerProtocolClient.java:<init>(65)) - Build channel for a2876ff0-d178-48ae-a6b6-bf6963d4710d|127.0.0.1:15023
2024-07-25 11:29:13,022 [4f6a4ba8-7237-4720-8e71-4cf4f347a525@group-E17A96920781-LeaderElection6-2] INFO  server.GrpcServerProtocolClient (GrpcServerProtocolClient.java:<init>(65)) - Build channel for e7fccb5b-6f4b-4a5d-93b5-abfcbb2ccb85|127.0.0.1:15014
2024-07-25 11:29:13,022 [4f6a4ba8-7237-4720-8e71-4cf4f347a525@group-E17A96920781-LeaderElection6] INFO  server.RaftServerConfigKeys (ConfUtils.java:logFallback(53)) - raft.server.rpc.first-election.timeout.min = 5s (fallback to raft.server.rpc.timeout.min)
2024-07-25 11:29:13,023 [4f6a4ba8-7237-4720-8e71-4cf4f347a525@group-E17A96920781-LeaderElection6] INFO  server.RaftServerConfigKeys (ConfUtils.java:logFallback(53)) - raft.server.rpc.first-election.timeout.max = 5200ms (fallback to raft.server.rpc.timeout.max)
2024-07-25 11:29:13,028 [grpc-default-executor-1] INFO  server.RaftServer$Division (RaftServerImpl.java:requestVote(1416)) - e7fccb5b-6f4b-4a5d-93b5-abfcbb2ccb85@group-E17A96920781: receive requestVote(PRE_VOTE, 4f6a4ba8-7237-4720-8e71-4cf4f347a525, group-E17A96920781, 0, (t:0, i:0))
2024-07-25 11:29:13,028 [grpc-default-executor-1] INFO  impl.VoteContext (VoteContext.java:log(49)) - e7fccb5b-6f4b-4a5d-93b5-abfcbb2ccb85@group-E17A96920781-FOLLOWER: accept PRE_VOTE from 4f6a4ba8-7237-4720-8e71-4cf4f347a525: our priority 0 <= candidate's priority 1
2024-07-25 11:29:13,028 [grpc-default-executor-1] INFO  server.RaftServer$Division (RaftServerImpl.java:requestVote(1449)) - e7fccb5b-6f4b-4a5d-93b5-abfcbb2ccb85@group-E17A96920781 replies to PRE_VOTE vote request: 4f6a4ba8-7237-4720-8e71-4cf4f347a525<-e7fccb5b-6f4b-4a5d-93b5-abfcbb2ccb85#0:OK-t0. Peer's state: e7fccb5b-6f4b-4a5d-93b5-abfcbb2ccb85@group-E17A96920781:t0, leader=null, voted=, raftlog=Memoized:e7fccb5b-6f4b-4a5d-93b5-abfcbb2ccb85@group-E17A96920781-SegmentedRaftLog:OPENED:c-1:lastnull, conf=conf: {index: -1, cur=peers:[4f6a4ba8-7237-4720-8e71-4cf4f347a525|127.0.0.1:15032, a2876ff0-d178-48ae-a6b6-bf6963d4710d|127.0.0.1:15023, e7fccb5b-6f4b-4a5d-93b5-abfcbb2ccb85|127.0.0.1:15014]|listeners:[], old=null}
2024-07-25 11:29:13,029 [grpc-default-executor-1] INFO  server.RaftServer$Division (RaftServerImpl.java:requestVote(1416)) - a2876ff0-d178-48ae-a6b6-bf6963d4710d@group-E17A96920781: receive requestVote(PRE_VOTE, 4f6a4ba8-7237-4720-8e71-4cf4f347a525, group-E17A96920781, 0, (t:0, i:0))
2024-07-25 11:29:13,029 [grpc-default-executor-1] INFO  impl.VoteContext (VoteContext.java:log(49)) - a2876ff0-d178-48ae-a6b6-bf6963d4710d@group-E17A96920781-FOLLOWER: accept PRE_VOTE from 4f6a4ba8-7237-4720-8e71-4cf4f347a525: our priority 0 <= candidate's priority 1
2024-07-25 11:29:13,029 [grpc-default-executor-1] INFO  server.RaftServer$Division (RaftServerImpl.java:requestVote(1449)) - a2876ff0-d178-48ae-a6b6-bf6963d4710d@group-E17A96920781 replies to PRE_VOTE vote request: 4f6a4ba8-7237-4720-8e71-4cf4f347a525<-a2876ff0-d178-48ae-a6b6-bf6963d4710d#0:OK-t0. Peer's state: a2876ff0-d178-48ae-a6b6-bf6963d4710d@group-E17A96920781:t0, leader=null, voted=, raftlog=Memoized:a2876ff0-d178-48ae-a6b6-bf6963d4710d@group-E17A96920781-SegmentedRaftLog:OPENED:c-1:lastnull, conf=conf: {index: -1, cur=peers:[4f6a4ba8-7237-4720-8e71-4cf4f347a525|127.0.0.1:15032, a2876ff0-d178-48ae-a6b6-bf6963d4710d|127.0.0.1:15023, e7fccb5b-6f4b-4a5d-93b5-abfcbb2ccb85|127.0.0.1:15014]|listeners:[], old=null}
2024-07-25 11:29:13,030 [4f6a4ba8-7237-4720-8e71-4cf4f347a525@group-E17A96920781-LeaderElection6] INFO  impl.LeaderElection (LeaderElection.java:logAndReturn(89)) - 4f6a4ba8-7237-4720-8e71-4cf4f347a525@group-E17A96920781-LeaderElection6: PRE_VOTE PASSED received 1 response(s) and 0 exception(s):
2024-07-25 11:29:13,030 [4f6a4ba8-7237-4720-8e71-4cf4f347a525@group-E17A96920781-LeaderElection6] INFO  impl.LeaderElection (LeaderElection.java:logAndReturn(93)) -   Response 0: 4f6a4ba8-7237-4720-8e71-4cf4f347a525<-e7fccb5b-6f4b-4a5d-93b5-abfcbb2ccb85#0:OK-t0
2024-07-25 11:29:13,030 [4f6a4ba8-7237-4720-8e71-4cf4f347a525@group-E17A96920781-LeaderElection6] INFO  impl.LeaderElection (LeaderElection.java:askForVotes(323)) - 4f6a4ba8-7237-4720-8e71-4cf4f347a525@group-E17A96920781-LeaderElection6 PRE_VOTE round 0: result PASSED
2024-07-25 11:29:13,032 [4f6a4ba8-7237-4720-8e71-4cf4f347a525@group-E17A96920781-LeaderElection6] INFO  impl.LeaderElection (LeaderElection.java:askForVotes(321)) - 4f6a4ba8-7237-4720-8e71-4cf4f347a525@group-E17A96920781-LeaderElection6 ELECTION round 0: submit vote requests at term 1 for conf: {index: -1, cur=peers:[4f6a4ba8-7237-4720-8e71-4cf4f347a525|127.0.0.1:15032, a2876ff0-d178-48ae-a6b6-bf6963d4710d|127.0.0.1:15023, e7fccb5b-6f4b-4a5d-93b5-abfcbb2ccb85|127.0.0.1:15014]|listeners:[], old=null}
2024-07-25 11:29:13,032 [4f6a4ba8-7237-4720-8e71-4cf4f347a525@group-E17A96920781-LeaderElection6] INFO  server.RaftServerConfigKeys (ConfUtils.java:logFallback(53)) - raft.server.rpc.first-election.timeout.min = 5s (fallback to raft.server.rpc.timeout.min)
2024-07-25 11:29:13,032 [4f6a4ba8-7237-4720-8e71-4cf4f347a525@group-E17A96920781-LeaderElection6] INFO  server.RaftServerConfigKeys (ConfUtils.java:logFallback(53)) - raft.server.rpc.first-election.timeout.max = 5200ms (fallback to raft.server.rpc.timeout.max)
2024-07-25 11:29:13,034 [grpc-default-executor-1] INFO  server.RaftServer$Division (RaftServerImpl.java:requestVote(1416)) - a2876ff0-d178-48ae-a6b6-bf6963d4710d@group-E17A96920781: receive requestVote(ELECTION, 4f6a4ba8-7237-4720-8e71-4cf4f347a525, group-E17A96920781, 1, (t:0, i:0))
2024-07-25 11:29:13,034 [grpc-default-executor-3] INFO  server.RaftServer$Division (RaftServerImpl.java:requestVote(1416)) - e7fccb5b-6f4b-4a5d-93b5-abfcbb2ccb85@group-E17A96920781: receive requestVote(ELECTION, 4f6a4ba8-7237-4720-8e71-4cf4f347a525, group-E17A96920781, 1, (t:0, i:0))
2024-07-25 11:29:13,034 [grpc-default-executor-1] INFO  impl.VoteContext (VoteContext.java:log(49)) - a2876ff0-d178-48ae-a6b6-bf6963d4710d@group-E17A96920781-FOLLOWER: accept ELECTION from 4f6a4ba8-7237-4720-8e71-4cf4f347a525: our priority 0 <= candidate's priority 1
2024-07-25 11:29:13,035 [grpc-default-executor-1] INFO  server.RaftServer$Division (RaftServerImpl.java:setRole(376)) - a2876ff0-d178-48ae-a6b6-bf6963d4710d@group-E17A96920781: changes role from  FOLLOWER to FOLLOWER at term 1 for candidate:4f6a4ba8-7237-4720-8e71-4cf4f347a525
2024-07-25 11:29:13,035 [grpc-default-executor-1] INFO  impl.RoleInfo (RoleInfo.java:shutdownFollowerState(119)) - a2876ff0-d178-48ae-a6b6-bf6963d4710d: shutdown a2876ff0-d178-48ae-a6b6-bf6963d4710d@group-E17A96920781-FollowerState
2024-07-25 11:29:13,035 [grpc-default-executor-1] INFO  impl.RoleInfo (RoleInfo.java:updateAndGet(148)) - a2876ff0-d178-48ae-a6b6-bf6963d4710d: start a2876ff0-d178-48ae-a6b6-bf6963d4710d@group-E17A96920781-FollowerState
2024-07-25 11:29:13,034 [grpc-default-executor-3] INFO  impl.VoteContext (VoteContext.java:log(49)) - e7fccb5b-6f4b-4a5d-93b5-abfcbb2ccb85@group-E17A96920781-FOLLOWER: accept ELECTION from 4f6a4ba8-7237-4720-8e71-4cf4f347a525: our priority 0 <= candidate's priority 1
2024-07-25 11:29:13,035 [grpc-default-executor-3] INFO  server.RaftServer$Division (RaftServerImpl.java:setRole(376)) - e7fccb5b-6f4b-4a5d-93b5-abfcbb2ccb85@group-E17A96920781: changes role from  FOLLOWER to FOLLOWER at term 1 for candidate:4f6a4ba8-7237-4720-8e71-4cf4f347a525
2024-07-25 11:29:13,035 [grpc-default-executor-3] INFO  impl.RoleInfo (RoleInfo.java:shutdownFollowerState(119)) - e7fccb5b-6f4b-4a5d-93b5-abfcbb2ccb85: shutdown e7fccb5b-6f4b-4a5d-93b5-abfcbb2ccb85@group-E17A96920781-FollowerState
2024-07-25 11:29:13,035 [grpc-default-executor-3] INFO  impl.RoleInfo (RoleInfo.java:updateAndGet(148)) - e7fccb5b-6f4b-4a5d-93b5-abfcbb2ccb85: start e7fccb5b-6f4b-4a5d-93b5-abfcbb2ccb85@group-E17A96920781-FollowerState
2024-07-25 11:29:13,035 [a2876ff0-d178-48ae-a6b6-bf6963d4710d@group-E17A96920781-FollowerState] INFO  impl.FollowerState (FollowerState.java:run(153)) - a2876ff0-d178-48ae-a6b6-bf6963d4710d@group-E17A96920781-FollowerState was interrupted
2024-07-25 11:29:13,035 [e7fccb5b-6f4b-4a5d-93b5-abfcbb2ccb85@group-E17A96920781-FollowerState] INFO  impl.FollowerState (FollowerState.java:run(153)) - e7fccb5b-6f4b-4a5d-93b5-abfcbb2ccb85@group-E17A96920781-FollowerState was interrupted
2024-07-25 11:29:13,036 [grpc-default-executor-3] INFO  server.RaftServer$Division (RaftServerImpl.java:setFirstElection(549)) - e7fccb5b-6f4b-4a5d-93b5-abfcbb2ccb85@group-E17A96920781: set firstElectionSinceStartup to false for candidate:4f6a4ba8-7237-4720-8e71-4cf4f347a525
2024-07-25 11:29:13,037 [grpc-default-executor-1] INFO  server.RaftServer$Division (RaftServerImpl.java:requestVote(1449)) - a2876ff0-d178-48ae-a6b6-bf6963d4710d@group-E17A96920781 replies to ELECTION vote request: 4f6a4ba8-7237-4720-8e71-4cf4f347a525<-a2876ff0-d178-48ae-a6b6-bf6963d4710d#0:OK-t1. Peer's state: a2876ff0-d178-48ae-a6b6-bf6963d4710d@group-E17A96920781:t1, leader=null, voted=4f6a4ba8-7237-4720-8e71-4cf4f347a525, raftlog=Memoized:a2876ff0-d178-48ae-a6b6-bf6963d4710d@group-E17A96920781-SegmentedRaftLog:OPENED:c-1:lastnull, conf=conf: {index: -1, cur=peers:[4f6a4ba8-7237-4720-8e71-4cf4f347a525|127.0.0.1:15032, a2876ff0-d178-48ae-a6b6-bf6963d4710d|127.0.0.1:15023, e7fccb5b-6f4b-4a5d-93b5-abfcbb2ccb85|127.0.0.1:15014]|listeners:[], old=null}
2024-07-25 11:29:13,037 [grpc-default-executor-3] INFO  server.RaftServer$Division (RaftServerImpl.java:requestVote(1449)) - e7fccb5b-6f4b-4a5d-93b5-abfcbb2ccb85@group-E17A96920781 replies to ELECTION vote request: 4f6a4ba8-7237-4720-8e71-4cf4f347a525<-e7fccb5b-6f4b-4a5d-93b5-abfcbb2ccb85#0:OK-t1. Peer's state: e7fccb5b-6f4b-4a5d-93b5-abfcbb2ccb85@group-E17A96920781:t1, leader=null, voted=4f6a4ba8-7237-4720-8e71-4cf4f347a525, raftlog=Memoized:e7fccb5b-6f4b-4a5d-93b5-abfcbb2ccb85@group-E17A96920781-SegmentedRaftLog:OPENED:c-1:lastnull, conf=conf: {index: -1, cur=peers:[4f6a4ba8-7237-4720-8e71-4cf4f347a525|127.0.0.1:15032, a2876ff0-d178-48ae-a6b6-bf6963d4710d|127.0.0.1:15023, e7fccb5b-6f4b-4a5d-93b5-abfcbb2ccb85|127.0.0.1:15014]|listeners:[], old=null}
2024-07-25 11:29:13,038 [4f6a4ba8-7237-4720-8e71-4cf4f347a525@group-E17A96920781-LeaderElection6] INFO  impl.LeaderElection (LeaderElection.java:logAndReturn(89)) - 4f6a4ba8-7237-4720-8e71-4cf4f347a525@group-E17A96920781-LeaderElection6: ELECTION PASSED received 1 response(s) and 0 exception(s):
2024-07-25 11:29:13,038 [4f6a4ba8-7237-4720-8e71-4cf4f347a525@group-E17A96920781-LeaderElection6] INFO  impl.LeaderElection (LeaderElection.java:logAndReturn(93)) -   Response 0: 4f6a4ba8-7237-4720-8e71-4cf4f347a525<-e7fccb5b-6f4b-4a5d-93b5-abfcbb2ccb85#0:OK-t1
2024-07-25 11:29:13,038 [4f6a4ba8-7237-4720-8e71-4cf4f347a525@group-E17A96920781-LeaderElection6] INFO  impl.LeaderElection (LeaderElection.java:askForVotes(323)) - 4f6a4ba8-7237-4720-8e71-4cf4f347a525@group-E17A96920781-LeaderElection6 ELECTION round 0: result PASSED
2024-07-25 11:29:13,038 [4f6a4ba8-7237-4720-8e71-4cf4f347a525@group-E17A96920781-LeaderElection6] INFO  impl.RoleInfo (RoleInfo.java:shutdownLeaderElection(139)) - 4f6a4ba8-7237-4720-8e71-4cf4f347a525: shutdown 4f6a4ba8-7237-4720-8e71-4cf4f347a525@group-E17A96920781-LeaderElection6
2024-07-25 11:29:13,038 [4f6a4ba8-7237-4720-8e71-4cf4f347a525@group-E17A96920781-LeaderElection6] INFO  server.RaftServer$Division (RaftServerImpl.java:setRole(376)) - 4f6a4ba8-7237-4720-8e71-4cf4f347a525@group-E17A96920781: changes role from CANDIDATE to LEADER at term 1 for changeToLeader
2024-07-25 11:29:13,038 [4f6a4ba8-7237-4720-8e71-4cf4f347a525@group-E17A96920781-LeaderElection6] INFO  server.RaftServerConfigKeys (ConfUtils.java:logGet(46)) - raft.server.staging.catchup.gap = 1000 (default)
2024-07-25 11:29:13,039 [4f6a4ba8-7237-4720-8e71-4cf4f347a525@group-E17A96920781-LeaderElection6] INFO  server.RaftServerConfigKeys (ConfUtils.java:logGet(46)) - raft.server.write.element-limit = 1024 (custom)
2024-07-25 11:29:13,039 [4f6a4ba8-7237-4720-8e71-4cf4f347a525@group-E17A96920781-LeaderElection6] INFO  server.RaftServerConfigKeys (ConfUtils.java:logGet(46)) - raft.server.write.byte-limit = 1024 M (=1073741824) (custom)
2024-07-25 11:29:13,039 [4f6a4ba8-7237-4720-8e71-4cf4f347a525@group-E17A96920781-LeaderElection6] INFO  server.RaftServerConfigKeys (ConfUtils.java:logGet(46)) - raft.server.watch.timeout = 30s (custom)
2024-07-25 11:29:13,039 [4f6a4ba8-7237-4720-8e71-4cf4f347a525@group-E17A96920781-LeaderElection6] INFO  server.RaftServerConfigKeys (ConfUtils.java:logGet(46)) - raft.server.watch.timeout.denomination = 1s (default)
2024-07-25 11:29:13,039 [4f6a4ba8-7237-4720-8e71-4cf4f347a525@group-E17A96920781-LeaderElection6] INFO  server.RaftServerConfigKeys (ConfUtils.java:logGet(46)) - raft.server.watch.element-limit = 65536 (default)
2024-07-25 11:29:13,040 [4f6a4ba8-7237-4720-8e71-4cf4f347a525@group-E17A96920781-LeaderElection6] INFO  server.RaftServerConfigKeys (ConfUtils.java:logGet(46)) - raft.server.read.leader.lease.enabled = false (default)
2024-07-25 11:29:13,040 [4f6a4ba8-7237-4720-8e71-4cf4f347a525@group-E17A96920781-LeaderElection6] INFO  server.RaftServerConfigKeys (ConfUtils.java:logGet(46)) - raft.server.read.leader.lease.timeout.ratio = 0.9 (default)
2024-07-25 11:29:13,040 [4f6a4ba8-7237-4720-8e71-4cf4f347a525@group-E17A96920781-LeaderElection6] INFO  server.RaftServerConfigKeys (ConfUtils.java:logGet(46)) - raft.server.rpc.timeout.min = 5s (custom)
2024-07-25 11:29:13,040 [4f6a4ba8-7237-4720-8e71-4cf4f347a525@group-E17A96920781-LeaderElection6] INFO  server.RaftServerConfigKeys (ConfUtils.java:logGet(46)) - raft.server.log.log-metadata.enabled = true (default)
2024-07-25 11:29:13,040 [4f6a4ba8-7237-4720-8e71-4cf4f347a525@group-E17A96920781-LeaderElection6] INFO  server.RaftServerConfigKeys (ConfUtils.java:logGet(46)) - raft.server.write.element-limit = 1024 (custom)
2024-07-25 11:29:13,040 [4f6a4ba8-7237-4720-8e71-4cf4f347a525@group-E17A96920781-LeaderElection6] INFO  server.RaftServerConfigKeys (ConfUtils.java:logGet(46)) - raft.server.write.follower.gap.ratio.max = -1.0 (default)
2024-07-25 11:29:13,041 [4f6a4ba8-7237-4720-8e71-4cf4f347a525@group-E17A96920781-LeaderElection6] INFO  server.RaftServerConfigKeys (ConfUtils.java:logGet(46)) - raft.server.log.appender.snapshot.chunk.size.max = 16MB (=16777216) (default)
2024-07-25 11:29:13,041 [4f6a4ba8-7237-4720-8e71-4cf4f347a525@group-E17A96920781-LeaderElection6] INFO  server.RaftServerConfigKeys (ConfUtils.java:logGet(46)) - raft.server.log.appender.buffer.byte-limit = 8388608 (custom)
2024-07-25 11:29:13,041 [4f6a4ba8-7237-4720-8e71-4cf4f347a525@group-E17A96920781-LeaderElection6] INFO  server.RaftServerConfigKeys (ConfUtils.java:logGet(46)) - raft.server.log.appender.buffer.element-limit = 1024 (custom)
2024-07-25 11:29:13,041 [4f6a4ba8-7237-4720-8e71-4cf4f347a525@group-E17A96920781-LeaderElection6] INFO  server.RaftServerConfigKeys (ConfUtils.java:logGet(46)) - raft.server.log.appender.wait-time.min = 0μs (custom)
2024-07-25 11:29:13,041 [main] INFO  ozone.MiniOzoneClusterImpl (MiniOzoneClusterImpl.java:lambda$waitForClusterToBeReady$0(194)) - Nodes are ready. Got 3 of 3 DN Heartbeats.
2024-07-25 11:29:13,042 [main] INFO  ozone.MiniOzoneClusterImpl (MiniOzoneClusterImpl.java:lambda$waitForClusterToBeReady$0(197)) - Cluster exits safe mode
2024-07-25 11:29:13,042 [main] INFO  ozone.MiniOzoneClusterImpl (MiniOzoneClusterImpl.java:lambda$waitForClusterToBeReady$0(199)) - SCM became leader
2024-07-25 11:29:13,045 [4f6a4ba8-7237-4720-8e71-4cf4f347a525@group-E17A96920781-LeaderElection6] INFO  grpc.GrpcConfigKeys (ConfUtils.java:logGet(46)) - raft.grpc.server.leader.outstanding.appends.max = 8 (default)
2024-07-25 11:29:13,046 [4f6a4ba8-7237-4720-8e71-4cf4f347a525@group-E17A96920781-LeaderElection6] INFO  server.RaftServerConfigKeys (ConfUtils.java:logGet(46)) - raft.server.rpc.request.timeout = 60s (custom)
2024-07-25 11:29:13,046 [4f6a4ba8-7237-4720-8e71-4cf4f347a525@group-E17A96920781-LeaderElection6] INFO  grpc.GrpcConfigKeys (ConfUtils.java:logGet(46)) - raft.grpc.server.install_snapshot.request.element-limit = 8 (default)
2024-07-25 11:29:13,046 [4f6a4ba8-7237-4720-8e71-4cf4f347a525@group-E17A96920781-LeaderElection6] INFO  grpc.GrpcConfigKeys (ConfUtils.java:logGet(46)) - raft.grpc.server.install_snapshot.request.timeout = 3000ms (default)
2024-07-25 11:29:13,046 [4f6a4ba8-7237-4720-8e71-4cf4f347a525@group-E17A96920781-LeaderElection6] INFO  grpc.GrpcConfigKeys (ConfUtils.java:logGet(46)) - raft.grpc.server.log-message.batch.duration = 5s (default)
2024-07-25 11:29:13,046 [4f6a4ba8-7237-4720-8e71-4cf4f347a525@group-E17A96920781-LeaderElection6] INFO  server.RaftServerConfigKeys (ConfUtils.java:logGet(46)) - raft.server.log.appender.install.snapshot.enabled = false (custom)
2024-07-25 11:29:13,046 [4f6a4ba8-7237-4720-8e71-4cf4f347a525@group-E17A96920781-LeaderElection6] INFO  grpc.GrpcConfigKeys (ConfUtils.java:logGet(46)) - raft.grpc.server.heartbeat.channel = true (default)
2024-07-25 11:29:13,048 [4f6a4ba8-7237-4720-8e71-4cf4f347a525@group-E17A96920781-LeaderElection6] INFO  server.RaftServerConfigKeys (ConfUtils.java:logGet(46)) - raft.server.log.appender.snapshot.chunk.size.max = 16MB (=16777216) (default)
2024-07-25 11:29:13,048 [4f6a4ba8-7237-4720-8e71-4cf4f347a525@group-E17A96920781-LeaderElection6] INFO  server.RaftServerConfigKeys (ConfUtils.java:logGet(46)) - raft.server.log.appender.buffer.byte-limit = 8388608 (custom)
2024-07-25 11:29:13,048 [4f6a4ba8-7237-4720-8e71-4cf4f347a525@group-E17A96920781-LeaderElection6] INFO  server.RaftServerConfigKeys (ConfUtils.java:logGet(46)) - raft.server.log.appender.buffer.element-limit = 1024 (custom)
2024-07-25 11:29:13,049 [4f6a4ba8-7237-4720-8e71-4cf4f347a525@group-E17A96920781-LeaderElection6] INFO  server.RaftServerConfigKeys (ConfUtils.java:logGet(46)) - raft.server.log.appender.wait-time.min = 0μs (custom)
2024-07-25 11:29:13,049 [4f6a4ba8-7237-4720-8e71-4cf4f347a525@group-E17A96920781-LeaderElection6] INFO  grpc.GrpcConfigKeys (ConfUtils.java:logGet(46)) - raft.grpc.server.leader.outstanding.appends.max = 8 (default)
2024-07-25 11:29:13,049 [4f6a4ba8-7237-4720-8e71-4cf4f347a525@group-E17A96920781-LeaderElection6] INFO  server.RaftServerConfigKeys (ConfUtils.java:logGet(46)) - raft.server.rpc.request.timeout = 60s (custom)
2024-07-25 11:29:13,049 [4f6a4ba8-7237-4720-8e71-4cf4f347a525@group-E17A96920781-LeaderElection6] INFO  grpc.GrpcConfigKeys (ConfUtils.java:logGet(46)) - raft.grpc.server.install_snapshot.request.element-limit = 8 (default)
2024-07-25 11:29:13,049 [4f6a4ba8-7237-4720-8e71-4cf4f347a525@group-E17A96920781-LeaderElection6] INFO  grpc.GrpcConfigKeys (ConfUtils.java:logGet(46)) - raft.grpc.server.install_snapshot.request.timeout = 3000ms (default)
2024-07-25 11:29:13,049 [4f6a4ba8-7237-4720-8e71-4cf4f347a525@group-E17A96920781-LeaderElection6] INFO  grpc.GrpcConfigKeys (ConfUtils.java:logGet(46)) - raft.grpc.server.log-message.batch.duration = 5s (default)
2024-07-25 11:29:13,049 [4f6a4ba8-7237-4720-8e71-4cf4f347a525@group-E17A96920781-LeaderElection6] INFO  server.RaftServerConfigKeys (ConfUtils.java:logGet(46)) - raft.server.log.appender.install.snapshot.enabled = false (custom)
2024-07-25 11:29:13,049 [4f6a4ba8-7237-4720-8e71-4cf4f347a525@group-E17A96920781-LeaderElection6] INFO  grpc.GrpcConfigKeys (ConfUtils.java:logGet(46)) - raft.grpc.server.heartbeat.channel = true (default)
2024-07-25 11:29:13,050 [4f6a4ba8-7237-4720-8e71-4cf4f347a525@group-E17A96920781-LeaderElection6] INFO  impl.RoleInfo (RoleInfo.java:updateAndGet(148)) - 4f6a4ba8-7237-4720-8e71-4cf4f347a525: start 4f6a4ba8-7237-4720-8e71-4cf4f347a525@group-E17A96920781-LeaderStateImpl
2024-07-25 11:29:13,050 [4f6a4ba8-7237-4720-8e71-4cf4f347a525@group-E17A96920781-LeaderElection6] INFO  server.RaftServer$Division (RaftServerImpl.java:setFirstElection(549)) - 4f6a4ba8-7237-4720-8e71-4cf4f347a525@group-E17A96920781: set firstElectionSinceStartup to false for becomeLeader
2024-07-25 11:29:13,050 [4f6a4ba8-7237-4720-8e71-4cf4f347a525@group-E17A96920781-LeaderElection6] INFO  ratis.XceiverServerRatis (XceiverServerRatis.java:handleLeaderChangedNotification(950)) - Leader change notification received for group: group-E17A96920781 with new leaderId: 4f6a4ba8-7237-4720-8e71-4cf4f347a525
2024-07-25 11:29:13,050 [4f6a4ba8-7237-4720-8e71-4cf4f347a525@group-E17A96920781-LeaderElection6] INFO  server.RaftServer$Division (ServerState.java:setLeader(272)) - 4f6a4ba8-7237-4720-8e71-4cf4f347a525@group-E17A96920781: change Leader from null to 4f6a4ba8-7237-4720-8e71-4cf4f347a525 at term 1 for becomeLeader, leader elected after 5212ms
2024-07-25 11:29:13,050 [4f6a4ba8-7237-4720-8e71-4cf4f347a525@group-E17A96920781-LeaderElection6] INFO  segmented.SegmentedRaftLogWorker (SegmentedRaftLogWorker.java:startLogSegment(433)) - 4f6a4ba8-7237-4720-8e71-4cf4f347a525@group-E17A96920781-SegmentedRaftLogWorker: Starting segment from index:0
2024-07-25 11:29:13,051 [4f6a4ba8-7237-4720-8e71-4cf4f347a525@group-E17A96920781-LeaderElection6] INFO  server.RaftServer$Division (ServerState.java:setRaftConf(386)) - 4f6a4ba8-7237-4720-8e71-4cf4f347a525@group-E17A96920781: set configuration conf: {index: 0, cur=peers:[4f6a4ba8-7237-4720-8e71-4cf4f347a525|127.0.0.1:15032, a2876ff0-d178-48ae-a6b6-bf6963d4710d|127.0.0.1:15023, e7fccb5b-6f4b-4a5d-93b5-abfcbb2ccb85|127.0.0.1:15014]|listeners:[], old=null}
2024-07-25 11:29:13,051 [4f6a4ba8-7237-4720-8e71-4cf4f347a525@group-E17A96920781-SegmentedRaftLogWorker] INFO  segmented.BufferedWriteChannel (BufferedWriteChannel.java:open(61)) - open log_inprogress_0 at position 0
2024-07-25 11:29:13,054 [EventQueue-PipelineReportForPipelineReportHandler] INFO  pipeline.PipelineReportHandler (PipelineReportHandler.java:processPipelineReport(136)) - Opened pipeline PipelineID=f7096c59-612d-4157-834b-e17a96920781
2024-07-25 11:29:13,064 [4f6a4ba8-7237-4720-8e71-4cf4f347a525@group-E17A96920781-SegmentedRaftLogWorker] INFO  segmented.SegmentedRaftLogWorker (SegmentedRaftLogWorker.java:execute(637)) - 4f6a4ba8-7237-4720-8e71-4cf4f347a525@group-E17A96920781-SegmentedRaftLogWorker: created new log segment /home/runner/work/ozone/ozone/hadoop-ozone/integration-test/target/test-dir/MiniOzoneClusterImpl-1f81da03-70dc-44ad-8558-5c969ee5b37a/ozone-meta/datanode-3/ratis/f7096c59-612d-4157-834b-e17a96920781/current/log_inprogress_0
2024-07-25 11:29:13,078 [a2876ff0-d178-48ae-a6b6-bf6963d4710d-server-thread1] INFO  ratis.XceiverServerRatis (XceiverServerRatis.java:handleLeaderChangedNotification(950)) - Leader change notification received for group: group-E17A96920781 with new leaderId: 4f6a4ba8-7237-4720-8e71-4cf4f347a525
2024-07-25 11:29:13,078 [a2876ff0-d178-48ae-a6b6-bf6963d4710d-server-thread1] INFO  server.RaftServer$Division (ServerState.java:setLeader(272)) - a2876ff0-d178-48ae-a6b6-bf6963d4710d@group-E17A96920781: change Leader from null to 4f6a4ba8-7237-4720-8e71-4cf4f347a525 at term 1 for appendEntries, leader elected after 5302ms
2024-07-25 11:29:13,092 [e7fccb5b-6f4b-4a5d-93b5-abfcbb2ccb85-server-thread1] INFO  ratis.XceiverServerRatis (XceiverServerRatis.java:handleLeaderChangedNotification(950)) - Leader change notification received for group: group-E17A96920781 with new leaderId: 4f6a4ba8-7237-4720-8e71-4cf4f347a525
2024-07-25 11:29:13,092 [e7fccb5b-6f4b-4a5d-93b5-abfcbb2ccb85-server-thread1] INFO  server.RaftServer$Division (ServerState.java:setLeader(272)) - e7fccb5b-6f4b-4a5d-93b5-abfcbb2ccb85@group-E17A96920781: change Leader from null to 4f6a4ba8-7237-4720-8e71-4cf4f347a525 at term 1 for appendEntries, leader elected after 5241ms
2024-07-25 11:29:13,094 [a2876ff0-d178-48ae-a6b6-bf6963d4710d-server-thread3] INFO  server.RaftServer$Division (ServerState.java:setRaftConf(386)) - a2876ff0-d178-48ae-a6b6-bf6963d4710d@group-E17A96920781: set configuration conf: {index: 0, cur=peers:[4f6a4ba8-7237-4720-8e71-4cf4f347a525|127.0.0.1:15032, a2876ff0-d178-48ae-a6b6-bf6963d4710d|127.0.0.1:15023, e7fccb5b-6f4b-4a5d-93b5-abfcbb2ccb85|127.0.0.1:15014]|listeners:[], old=null}
2024-07-25 11:29:13,095 [a2876ff0-d178-48ae-a6b6-bf6963d4710d-server-thread3] INFO  segmented.SegmentedRaftLogWorker (SegmentedRaftLogWorker.java:startLogSegment(433)) - a2876ff0-d178-48ae-a6b6-bf6963d4710d@group-E17A96920781-SegmentedRaftLogWorker: Starting segment from index:0
2024-07-25 11:29:13,095 [a2876ff0-d178-48ae-a6b6-bf6963d4710d@group-E17A96920781-SegmentedRaftLogWorker] INFO  segmented.BufferedWriteChannel (BufferedWriteChannel.java:open(61)) - open log_inprogress_0 at position 0
2024-07-25 11:29:13,095 [e7fccb5b-6f4b-4a5d-93b5-abfcbb2ccb85-server-thread2] INFO  server.RaftServer$Division (ServerState.java:setRaftConf(386)) - e7fccb5b-6f4b-4a5d-93b5-abfcbb2ccb85@group-E17A96920781: set configuration conf: {index: 0, cur=peers:[4f6a4ba8-7237-4720-8e71-4cf4f347a525|127.0.0.1:15032, a2876ff0-d178-48ae-a6b6-bf6963d4710d|127.0.0.1:15023, e7fccb5b-6f4b-4a5d-93b5-abfcbb2ccb85|127.0.0.1:15014]|listeners:[], old=null}
2024-07-25 11:29:13,096 [e7fccb5b-6f4b-4a5d-93b5-abfcbb2ccb85-server-thread2] INFO  segmented.SegmentedRaftLogWorker (SegmentedRaftLogWorker.java:startLogSegment(433)) - e7fccb5b-6f4b-4a5d-93b5-abfcbb2ccb85@group-E17A96920781-SegmentedRaftLogWorker: Starting segment from index:0
2024-07-25 11:29:13,096 [e7fccb5b-6f4b-4a5d-93b5-abfcbb2ccb85@group-E17A96920781-SegmentedRaftLogWorker] INFO  segmented.BufferedWriteChannel (BufferedWriteChannel.java:open(61)) - open log_inprogress_0 at position 0
2024-07-25 11:29:13,110 [e7fccb5b-6f4b-4a5d-93b5-abfcbb2ccb85@group-E17A96920781-SegmentedRaftLogWorker] INFO  segmented.SegmentedRaftLogWorker (SegmentedRaftLogWorker.java:execute(637)) - e7fccb5b-6f4b-4a5d-93b5-abfcbb2ccb85@group-E17A96920781-SegmentedRaftLogWorker: created new log segment /home/runner/work/ozone/ozone/hadoop-ozone/integration-test/target/test-dir/MiniOzoneClusterImpl-1f81da03-70dc-44ad-8558-5c969ee5b37a/ozone-meta/datanode-1/ratis/f7096c59-612d-4157-834b-e17a96920781/current/log_inprogress_0
2024-07-25 11:29:13,110 [a2876ff0-d178-48ae-a6b6-bf6963d4710d@group-E17A96920781-SegmentedRaftLogWorker] INFO  segmented.SegmentedRaftLogWorker (SegmentedRaftLogWorker.java:execute(637)) - a2876ff0-d178-48ae-a6b6-bf6963d4710d@group-E17A96920781-SegmentedRaftLogWorker: created new log segment /home/runner/work/ozone/ozone/hadoop-ozone/integration-test/target/test-dir/MiniOzoneClusterImpl-1f81da03-70dc-44ad-8558-5c969ee5b37a/ozone-meta/datanode-2/ratis/f7096c59-612d-4157-834b-e17a96920781/current/log_inprogress_0
2024-07-25 11:29:13,112 [4f6a4ba8-7237-4720-8e71-4cf4f347a525@group-D141C8AEF8DE-FollowerState] INFO  impl.FollowerState (FollowerState.java:run(144)) - 4f6a4ba8-7237-4720-8e71-4cf4f347a525@group-D141C8AEF8DE-FollowerState: change to CANDIDATE, lastRpcElapsedTime:5049805232ns, electionTimeout:5044ms
2024-07-25 11:29:13,112 [4f6a4ba8-7237-4720-8e71-4cf4f347a525@group-D141C8AEF8DE-FollowerState] INFO  impl.RoleInfo (RoleInfo.java:shutdownFollowerState(119)) - 4f6a4ba8-7237-4720-8e71-4cf4f347a525: shutdown 4f6a4ba8-7237-4720-8e71-4cf4f347a525@group-D141C8AEF8DE-FollowerState
2024-07-25 11:29:13,112 [4f6a4ba8-7237-4720-8e71-4cf4f347a525@group-D141C8AEF8DE-FollowerState] INFO  server.RaftServer$Division (RaftServerImpl.java:setRole(376)) - 4f6a4ba8-7237-4720-8e71-4cf4f347a525@group-D141C8AEF8DE: changes role from  FOLLOWER to CANDIDATE at term 0 for changeToCandidate
2024-07-25 11:29:13,112 [4f6a4ba8-7237-4720-8e71-4cf4f347a525@group-D141C8AEF8DE-FollowerState] INFO  server.RaftServerConfigKeys (ConfUtils.java:logGet(46)) - raft.server.leaderelection.pre-vote = true (default)
2024-07-25 11:29:13,113 [4f6a4ba8-7237-4720-8e71-4cf4f347a525@group-D141C8AEF8DE-FollowerState] INFO  impl.RoleInfo (RoleInfo.java:updateAndGet(148)) - 4f6a4ba8-7237-4720-8e71-4cf4f347a525: start 4f6a4ba8-7237-4720-8e71-4cf4f347a525@group-D141C8AEF8DE-LeaderElection7
2024-07-25 11:29:13,113 [4f6a4ba8-7237-4720-8e71-4cf4f347a525@group-D141C8AEF8DE-LeaderElection7] INFO  impl.LeaderElection (LeaderElection.java:askForVotes(321)) - 4f6a4ba8-7237-4720-8e71-4cf4f347a525@group-D141C8AEF8DE-LeaderElection7 PRE_VOTE round 0: submit vote requests at term 0 for conf: {index: -1, cur=peers:[4f6a4ba8-7237-4720-8e71-4cf4f347a525|127.0.0.1:15032]|listeners:[], old=null}
2024-07-25 11:29:13,113 [4f6a4ba8-7237-4720-8e71-4cf4f347a525@group-D141C8AEF8DE-LeaderElection7] INFO  impl.LeaderElection (LeaderElection.java:askForVotes(323)) - 4f6a4ba8-7237-4720-8e71-4cf4f347a525@group-D141C8AEF8DE-LeaderElection7 PRE_VOTE round 0: result PASSED (term=0)
2024-07-25 11:29:13,115 [4f6a4ba8-7237-4720-8e71-4cf4f347a525@group-D141C8AEF8DE-LeaderElection7] INFO  impl.LeaderElection (LeaderElection.java:askForVotes(321)) - 4f6a4ba8-7237-4720-8e71-4cf4f347a525@group-D141C8AEF8DE-LeaderElection7 ELECTION round 0: submit vote requests at term 1 for conf: {index: -1, cur=peers:[4f6a4ba8-7237-4720-8e71-4cf4f347a525|127.0.0.1:15032]|listeners:[], old=null}
2024-07-25 11:29:13,115 [4f6a4ba8-7237-4720-8e71-4cf4f347a525@group-D141C8AEF8DE-LeaderElection7] INFO  impl.LeaderElection (LeaderElection.java:askForVotes(323)) - 4f6a4ba8-7237-4720-8e71-4cf4f347a525@group-D141C8AEF8DE-LeaderElection7 ELECTION round 0: result PASSED (term=1)
2024-07-25 11:29:13,115 [4f6a4ba8-7237-4720-8e71-4cf4f347a525@group-D141C8AEF8DE-LeaderElection7] INFO  impl.RoleInfo (RoleInfo.java:shutdownLeaderElection(139)) - 4f6a4ba8-7237-4720-8e71-4cf4f347a525: shutdown 4f6a4ba8-7237-4720-8e71-4cf4f347a525@group-D141C8AEF8DE-LeaderElection7
2024-07-25 11:29:13,115 [4f6a4ba8-7237-4720-8e71-4cf4f347a525@group-D141C8AEF8DE-LeaderElection7] INFO  server.RaftServer$Division (RaftServerImpl.java:setRole(376)) - 4f6a4ba8-7237-4720-8e71-4cf4f347a525@group-D141C8AEF8DE: changes role from CANDIDATE to LEADER at term 1 for changeToLeader
2024-07-25 11:29:13,115 [4f6a4ba8-7237-4720-8e71-4cf4f347a525@group-D141C8AEF8DE-LeaderElection7] INFO  server.RaftServerConfigKeys (ConfUtils.java:logGet(46)) - raft.server.staging.catchup.gap = 1000 (default)
2024-07-25 11:29:13,115 [4f6a4ba8-7237-4720-8e71-4cf4f347a525@group-D141C8AEF8DE-LeaderElection7] INFO  server.RaftServerConfigKeys (ConfUtils.java:logGet(46)) - raft.server.write.element-limit = 1024 (custom)
2024-07-25 11:29:13,115 [4f6a4ba8-7237-4720-8e71-4cf4f347a525@group-D141C8AEF8DE-LeaderElection7] INFO  server.RaftServerConfigKeys (ConfUtils.java:logGet(46)) - raft.server.write.byte-limit = 1024 M (=1073741824) (custom)
2024-07-25 11:29:13,116 [4f6a4ba8-7237-4720-8e71-4cf4f347a525@group-D141C8AEF8DE-LeaderElection7] INFO  server.RaftServerConfigKeys (ConfUtils.java:logGet(46)) - raft.server.watch.timeout = 30s (custom)
2024-07-25 11:29:13,116 [4f6a4ba8-7237-4720-8e71-4cf4f347a525@group-D141C8AEF8DE-LeaderElection7] INFO  server.RaftServerConfigKeys (ConfUtils.java:logGet(46)) - raft.server.watch.timeout.denomination = 1s (default)
2024-07-25 11:29:13,116 [4f6a4ba8-7237-4720-8e71-4cf4f347a525@group-D141C8AEF8DE-LeaderElection7] INFO  server.RaftServerConfigKeys (ConfUtils.java:logGet(46)) - raft.server.watch.element-limit = 65536 (default)
2024-07-25 11:29:13,116 [4f6a4ba8-7237-4720-8e71-4cf4f347a525@group-D141C8AEF8DE-LeaderElection7] INFO  server.RaftServerConfigKeys (ConfUtils.java:logGet(46)) - raft.server.read.leader.lease.enabled = false (default)
2024-07-25 11:29:13,116 [4f6a4ba8-7237-4720-8e71-4cf4f347a525@group-D141C8AEF8DE-LeaderElection7] INFO  server.RaftServerConfigKeys (ConfUtils.java:logGet(46)) - raft.server.read.leader.lease.timeout.ratio = 0.9 (default)
2024-07-25 11:29:13,117 [4f6a4ba8-7237-4720-8e71-4cf4f347a525@group-D141C8AEF8DE-LeaderElection7] INFO  server.RaftServerConfigKeys (ConfUtils.java:logGet(46)) - raft.server.rpc.timeout.min = 5s (custom)
2024-07-25 11:29:13,117 [4f6a4ba8-7237-4720-8e71-4cf4f347a525@group-D141C8AEF8DE-LeaderElection7] INFO  server.RaftServerConfigKeys (ConfUtils.java:logGet(46)) - raft.server.log.log-metadata.enabled = true (default)
2024-07-25 11:29:13,117 [4f6a4ba8-7237-4720-8e71-4cf4f347a525@group-E17A96920781-StateMachineUpdater] INFO  server.RaftServer$Division (LeaderStateImpl.java:checkStartIndex(316)) - Leader 4f6a4ba8-7237-4720-8e71-4cf4f347a525@group-E17A96920781-LeaderStateImpl is ready since appliedIndex == startIndex == 0
2024-07-25 11:29:13,117 [4f6a4ba8-7237-4720-8e71-4cf4f347a525@group-D141C8AEF8DE-LeaderElection7] INFO  server.RaftServerConfigKeys (ConfUtils.java:logGet(46)) - raft.server.write.element-limit = 1024 (custom)
2024-07-25 11:29:13,117 [4f6a4ba8-7237-4720-8e71-4cf4f347a525@group-D141C8AEF8DE-LeaderElection7] INFO  server.RaftServerConfigKeys (ConfUtils.java:logGet(46)) - raft.server.write.follower.gap.ratio.max = -1.0 (default)
2024-07-25 11:29:13,117 [4f6a4ba8-7237-4720-8e71-4cf4f347a525@group-D141C8AEF8DE-LeaderElection7] INFO  impl.RoleInfo (RoleInfo.java:updateAndGet(148)) - 4f6a4ba8-7237-4720-8e71-4cf4f347a525: start 4f6a4ba8-7237-4720-8e71-4cf4f347a525@group-D141C8AEF8DE-LeaderStateImpl
2024-07-25 11:29:13,117 [4f6a4ba8-7237-4720-8e71-4cf4f347a525@group-D141C8AEF8DE-LeaderElection7] INFO  server.RaftServer$Division (RaftServerImpl.java:setFirstElection(549)) - 4f6a4ba8-7237-4720-8e71-4cf4f347a525@group-D141C8AEF8DE: set firstElectionSinceStartup to false for becomeLeader
2024-07-25 11:29:13,117 [4f6a4ba8-7237-4720-8e71-4cf4f347a525@group-D141C8AEF8DE-LeaderElection7] INFO  ratis.XceiverServerRatis (XceiverServerRatis.java:handleLeaderChangedNotification(950)) - Leader change notification received for group: group-D141C8AEF8DE with new leaderId: 4f6a4ba8-7237-4720-8e71-4cf4f347a525
2024-07-25 11:29:13,117 [4f6a4ba8-7237-4720-8e71-4cf4f347a525@group-D141C8AEF8DE-LeaderElection7] INFO  server.RaftServer$Division (ServerState.java:setLeader(272)) - 4f6a4ba8-7237-4720-8e71-4cf4f347a525@group-D141C8AEF8DE: change Leader from null to 4f6a4ba8-7237-4720-8e71-4cf4f347a525 at term 1 for becomeLeader, leader elected after 5074ms
2024-07-25 11:29:13,117 [4f6a4ba8-7237-4720-8e71-4cf4f347a525@group-D141C8AEF8DE-LeaderElection7] INFO  segmented.SegmentedRaftLogWorker (SegmentedRaftLogWorker.java:startLogSegment(433)) - 4f6a4ba8-7237-4720-8e71-4cf4f347a525@group-D141C8AEF8DE-SegmentedRaftLogWorker: Starting segment from index:0
2024-07-25 11:29:13,118 [4f6a4ba8-7237-4720-8e71-4cf4f347a525@group-D141C8AEF8DE-LeaderElection7] INFO  server.RaftServer$Division (ServerState.java:setRaftConf(386)) - 4f6a4ba8-7237-4720-8e71-4cf4f347a525@group-D141C8AEF8DE: set configuration conf: {index: 0, cur=peers:[4f6a4ba8-7237-4720-8e71-4cf4f347a525|127.0.0.1:15032]|listeners:[], old=null}
2024-07-25 11:29:13,118 [4f6a4ba8-7237-4720-8e71-4cf4f347a525@group-D141C8AEF8DE-SegmentedRaftLogWorker] INFO  segmented.BufferedWriteChannel (BufferedWriteChannel.java:open(61)) - open log_inprogress_0 at position 0
2024-07-25 11:29:13,129 [4f6a4ba8-7237-4720-8e71-4cf4f347a525@group-D141C8AEF8DE-SegmentedRaftLogWorker] INFO  segmented.SegmentedRaftLogWorker (SegmentedRaftLogWorker.java:execute(637)) - 4f6a4ba8-7237-4720-8e71-4cf4f347a525@group-D141C8AEF8DE-SegmentedRaftLogWorker: created new log segment /home/runner/work/ozone/ozone/hadoop-ozone/integration-test/target/test-dir/MiniOzoneClusterImpl-1f81da03-70dc-44ad-8558-5c969ee5b37a/ozone-meta/datanode-3/ratis/d74acff9-67e9-488e-a08e-d141c8aef8de/current/log_inprogress_0
2024-07-25 11:29:13,131 [4f6a4ba8-7237-4720-8e71-4cf4f347a525@group-D141C8AEF8DE-StateMachineUpdater] INFO  server.RaftServer$Division (LeaderStateImpl.java:checkStartIndex(316)) - Leader 4f6a4ba8-7237-4720-8e71-4cf4f347a525@group-D141C8AEF8DE-LeaderStateImpl is ready since appliedIndex == startIndex == 0
2024-07-25 11:29:16,095 [main] INFO  ozone.MiniOzoneClusterImpl (MiniOzoneClusterImpl.java:shutdown(396)) - Shutting down the Mini Ozone Cluster
2024-07-25 11:29:16,097 [main] INFO  db.CodecTestUtil (CodecTestUtil.java:gc(50)) - gc 0
2024-07-25 11:29:16,251 [main] INFO  ozone.MiniOzoneClusterImpl (MiniOzoneClusterImpl.java:stop(412)) - Stopping the Mini Ozone Cluster
2024-07-25 11:29:16,251 [main] INFO  om.OzoneManager (OzoneManager.java:stop(2232)) - om1[localhost:15004]: Stopping Ozone Manager
2024-07-25 11:29:16,251 [main] INFO  ipc.Server (Server.java:stop(3523)) - Stopping server on 15004
2024-07-25 11:29:16,252 [IPC Server listener on 15004] INFO  ipc.Server (Server.java:run(1434)) - Stopping IPC Server listener on 15004
2024-07-25 11:29:16,252 [IPC Server Responder] INFO  ipc.Server (Server.java:run(1567)) - Stopping IPC Server Responder
2024-07-25 11:29:16,252 [main] INFO  ratis.OzoneManagerRatisServer (OzoneManagerRatisServer.java:stop(600)) - Stopping org.apache.hadoop.ozone.om.ratis.OzoneManagerRatisServer@2bda778a at port 15007
2024-07-25 11:29:16,253 [main] INFO  server.RaftServer (RaftServerProxy.java:lambda$close$9(418)) - om1: close
2024-07-25 11:29:16,254 [main] INFO  server.GrpcService (GrpcService.java:closeImpl(311)) - om1: shutdown server GrpcServerProtocolService now
2024-07-25 11:29:16,254 [om1-impl-thread1] INFO  server.RaftServer$Division (RaftServerImpl.java:lambda$close$1(501)) - om1@group-C5BA1605619E: shutdown
2024-07-25 11:29:16,254 [om1-impl-thread1] INFO  util.JmxRegister (JmxRegister.java:unregister(74)) - Successfully un-registered JMX Bean with object name Ratis:service=RaftServer,group=group-C5BA1605619E,id=om1
2024-07-25 11:29:16,254 [om1-impl-thread1] INFO  impl.RoleInfo (RoleInfo.java:shutdownLeaderState(103)) - om1: shutdown om1@group-C5BA1605619E-LeaderStateImpl
2024-07-25 11:29:16,254 [om1-impl-thread1] INFO  impl.PendingRequests (PendingRequests.java:sendNotLeaderResponses(287)) - om1@group-C5BA1605619E-PendingRequests: sendNotLeaderResponses
2024-07-25 11:29:16,256 [om1-impl-thread1] INFO  impl.StateMachineUpdater (StateMachineUpdater.java:stopAndJoin(164)) - om1@group-C5BA1605619E-StateMachineUpdater: set stopIndex = 0
2024-07-25 11:29:16,256 [om1@group-C5BA1605619E-StateMachineUpdater] INFO  ratis.OzoneManagerStateMachine (OzoneManagerStateMachine.java:takeSnapshotImpl(485)) -  applied = (t:1, i:0)
2024-07-25 11:29:16,256 [om1@group-C5BA1605619E-StateMachineUpdater] INFO  ratis.OzoneManagerStateMachine (OzoneManagerStateMachine.java:takeSnapshotImpl(486)) -  skipped = -1
2024-07-25 11:29:16,256 [om1@group-C5BA1605619E-StateMachineUpdater] INFO  ratis.OzoneManagerStateMachine (OzoneManagerStateMachine.java:takeSnapshotImpl(487)) - notified = (t:1, i:0)
2024-07-25 11:29:16,256 [om1@group-C5BA1605619E-StateMachineUpdater] INFO  ratis.OzoneManagerStateMachine (OzoneManagerStateMachine.java:takeSnapshotImpl(488)) - snapshot = (t:1, i:0)
2024-07-25 11:29:16,258 [main] INFO  server.GrpcService (GrpcService.java:closeImpl(320)) - om1: shutdown server GrpcServerProtocolService successfully
2024-07-25 11:29:16,272 [om1@group-C5BA1605619E-StateMachineUpdater] INFO  impl.StateMachineUpdater (StateMachineUpdater.java:takeSnapshot(303)) - om1@group-C5BA1605619E-StateMachineUpdater: Took a snapshot at index 0
2024-07-25 11:29:16,272 [om1@group-C5BA1605619E-StateMachineUpdater] INFO  impl.StateMachineUpdater (StateMachineUpdater.java:lambda$new$0(102)) - om1@group-C5BA1605619E-StateMachineUpdater: snapshotIndex: updateIncreasingly -1 -> 0
2024-07-25 11:29:16,272 [om1@group-C5BA1605619E-StateMachineUpdater] INFO  impl.StateMachineUpdater (StateMachineUpdater.java:stop(141)) - om1@group-C5BA1605619E-StateMachineUpdater: closing OzoneManagerStateMachine, lastApplied=(t:1, i:0)
2024-07-25 11:29:16,272 [om1@group-C5BA1605619E-StateMachineUpdater] INFO  ratis.OzoneManagerStateMachine (OzoneManagerStateMachine.java:close(531)) - Stopping OzoneManagerStateMachine:om1:group-C5BA1605619E.
2024-07-25 11:29:16,273 [om1@group-C5BA1605619E-StateMachineUpdater] INFO  ratis.OzoneManagerDoubleBuffer (OzoneManagerDoubleBuffer.java:stopDaemon(517)) - Stopping OMDoubleBuffer flush thread
2024-07-25 11:29:16,273 [om1-OMDoubleBufferFlushThread] INFO  ratis.OzoneManagerDoubleBuffer (OzoneManagerDoubleBuffer.java:canFlush(581)) - OMDoubleBuffer flush thread om1-OMDoubleBufferFlushThread is interrupted and will exit.
2024-07-25 11:29:16,274 [om1@group-C5BA1605619E-cacheEviction-AwaitToRun] INFO  util.AwaitToRun (AwaitToRun.java:run(49)) - om1@group-C5BA1605619E-cacheEviction-AwaitToRun-AwaitForSignal is interrupted
2024-07-25 11:29:16,753 [om1-impl-thread1] INFO  segmented.SegmentedRaftLogWorker (SegmentedRaftLogWorker.java:close(248)) - om1@group-C5BA1605619E-SegmentedRaftLogWorker close()
2024-07-25 11:29:16,758 [JvmPauseMonitor1] INFO  util.JvmPauseMonitor (JvmPauseMonitor.java:run(152)) - JvmPauseMonitor-om1: Stopped
2024-07-25 11:29:16,758 [main] INFO  utils.BackgroundService (BackgroundService.java:shutdown(163)) - Shutting down service KeyDeletingService
2024-07-25 11:29:16,759 [main] INFO  utils.BackgroundService (BackgroundService.java:shutdown(163)) - Shutting down service DirectoryDeletingService
2024-07-25 11:29:16,759 [main] INFO  utils.BackgroundService (BackgroundService.java:shutdown(163)) - Shutting down service OpenKeyCleanupService
2024-07-25 11:29:16,759 [main] INFO  utils.BackgroundService (BackgroundService.java:shutdown(163)) - Shutting down service SstFilteringService
2024-07-25 11:29:16,759 [main] INFO  utils.BackgroundService (BackgroundService.java:shutdown(163)) - Shutting down service SnapshotDeletingService
2024-07-25 11:29:16,760 [main] INFO  utils.BackgroundService (BackgroundService.java:shutdown(163)) - Shutting down service MultipartUploadCleanupService
2024-07-25 11:29:16,760 [main] INFO  utils.BackgroundService (BackgroundService.java:shutdown(163)) - Shutting down service SnapshotDirectoryCleaningService
2024-07-25 11:29:16,761 [main] INFO  handler.ContextHandler (ContextHandler.java:doStop(1159)) - Stopped o.e.j.w.WebAppContext@70fbab13{ozoneManager,/,null,STOPPED}{file:/home/runner/work/ozone/ozone/hadoop-ozone/integration-test/target/test-classes/webapps/ozoneManager}
2024-07-25 11:29:16,764 [main] INFO  server.AbstractConnector (AbstractConnector.java:doStop(383)) - Stopped ServerConnector@7e634ead{HTTP/1.1, (http/1.1)}{0.0.0.0:15005}
2024-07-25 11:29:16,764 [main] INFO  server.session (HouseKeeper.java:stopScavenging(149)) - node0 Stopped scavenging
2024-07-25 11:29:16,764 [main] INFO  handler.ContextHandler (ContextHandler.java:doStop(1159)) - Stopped o.e.j.s.ServletContextHandler@7393a461{static,/static,file:///home/runner/work/ozone/ozone/hadoop-ozone/integration-test/target/test-classes/webapps/static,STOPPED}
2024-07-25 11:29:16,764 [main] INFO  handler.ContextHandler (ContextHandler.java:doStop(1159)) - Stopped o.e.j.s.ServletContextHandler@3d446ba9{logs,/logs,file:///home/runner/work/ozone/ozone/hadoop-ozone/integration-test/target/log,STOPPED}
2024-07-25 11:29:16,766 [main] INFO  rocksdiff.RocksDBCheckpointDiffer (RocksDBCheckpointDiffer.java:close(306)) - Shutting down CompactionDagPruningService.
2024-07-25 11:29:16,769 [main] INFO  snapshot.SnapshotDiffManager (SnapshotDiffManager.java:closeExecutorService(1657)) - Shutting down executorService: 'SnapDiffExecutor'
2024-07-25 11:29:16,769 [main] INFO  utils.BackgroundService (BackgroundService.java:shutdown(163)) - Shutting down service SnapshotDiffCleanupService
2024-07-25 11:29:16,771 [main] INFO  ozone.MiniOzoneClusterImpl (MiniOzoneClusterImpl.java:stopDatanodes(471)) - Stopping the HddsDatanodes
2024-07-25 11:29:16,773 [main] INFO  ozoneimpl.OzoneContainer (OzoneContainer.java:stop(481)) - Attempting to stop container services.
2024-07-25 11:29:16,773 [ContainerMetadataScanner] WARN  ozoneimpl.AbstractBackgroundContainerScanner (AbstractBackgroundContainerScanner.java:handleRemainingSleep(134)) - Background container scan was interrupted.
2024-07-25 11:29:16,773 [ContainerMetadataScanner] INFO  ozoneimpl.AbstractBackgroundContainerScanner (AbstractBackgroundContainerScanner.java:run(61)) - Thread[ContainerMetadataScanner,5,main] exiting.
2024-07-25 11:29:16,773 [main] INFO  ozoneimpl.BackgroundContainerDataScanner (BackgroundContainerDataScanner.java:shutdown(141)) - ContainerDataScanner(/home/runner/work/ozone/ozone/hadoop-ozone/integration-test/target/test-dir/MiniOzoneClusterImpl-1f81da03-70dc-44ad-8558-5c969ee5b37a/ozone-meta/datanode-2/data-0/hdds) is shutting down. 
2024-07-25 11:29:16,774 [ContainerDataScanner(/home/runner/work/ozone/ozone/hadoop-ozone/integration-test/target/test-dir/MiniOzoneClusterImpl-1f81da03-70dc-44ad-8558-5c969ee5b37a/ozone-meta/datanode-2/data-0/hdds)] WARN  ozoneimpl.AbstractBackgroundContainerScanner (AbstractBackgroundContainerScanner.java:handleRemainingSleep(134)) - Background container scan was interrupted.
2024-07-25 11:29:16,774 [ContainerDataScanner(/home/runner/work/ozone/ozone/hadoop-ozone/integration-test/target/test-dir/MiniOzoneClusterImpl-1f81da03-70dc-44ad-8558-5c969ee5b37a/ozone-meta/datanode-2/data-0/hdds)] INFO  ozoneimpl.AbstractBackgroundContainerScanner (AbstractBackgroundContainerScanner.java:run(61)) - ContainerDataScanner(/home/runner/work/ozone/ozone/hadoop-ozone/integration-test/target/test-dir/MiniOzoneClusterImpl-1f81da03-70dc-44ad-8558-5c969ee5b37a/ozone-meta/datanode-2/data-0/hdds, DS-0f45a594-f105-412c-a722-cd865075627d) exiting.
2024-07-25 11:29:16,774 [main] INFO  ozoneimpl.OnDemandContainerDataScanner (OnDemandContainerDataScanner.java:shutdownScanner(206)) - On-demand container scanner is shutting down.
2024-07-25 11:29:16,776 [ForkJoinPool.commonPool-worker-2] INFO  ozoneimpl.OzoneContainer (OzoneContainer.java:stop(481)) - Attempting to stop container services.
2024-07-25 11:29:16,776 [ContainerMetadataScanner] WARN  ozoneimpl.AbstractBackgroundContainerScanner (AbstractBackgroundContainerScanner.java:handleRemainingSleep(134)) - Background container scan was interrupted.
2024-07-25 11:29:16,776 [ContainerMetadataScanner] INFO  ozoneimpl.AbstractBackgroundContainerScanner (AbstractBackgroundContainerScanner.java:run(61)) - Thread[ContainerMetadataScanner,5,main] exiting.
2024-07-25 11:29:16,777 [ForkJoinPool.commonPool-worker-3] INFO  ozoneimpl.OzoneContainer (OzoneContainer.java:stop(481)) - Attempting to stop container services.
2024-07-25 11:29:16,777 [ContainerMetadataScanner] WARN  ozoneimpl.AbstractBackgroundContainerScanner (AbstractBackgroundContainerScanner.java:handleRemainingSleep(134)) - Background container scan was interrupted.
2024-07-25 11:29:16,777 [ContainerMetadataScanner] INFO  ozoneimpl.AbstractBackgroundContainerScanner (AbstractBackgroundContainerScanner.java:run(61)) - Thread[ContainerMetadataScanner,5,main] exiting.
2024-07-25 11:29:16,777 [ForkJoinPool.commonPool-worker-2] INFO  ozoneimpl.BackgroundContainerDataScanner (BackgroundContainerDataScanner.java:shutdown(141)) - ContainerDataScanner(/home/runner/work/ozone/ozone/hadoop-ozone/integration-test/target/test-dir/MiniOzoneClusterImpl-1f81da03-70dc-44ad-8558-5c969ee5b37a/ozone-meta/datanode-1/data-0/hdds) is shutting down. 
2024-07-25 11:29:16,777 [ForkJoinPool.commonPool-worker-3] INFO  ozoneimpl.BackgroundContainerDataScanner (BackgroundContainerDataScanner.java:shutdown(141)) - ContainerDataScanner(/home/runner/work/ozone/ozone/hadoop-ozone/integration-test/target/test-dir/MiniOzoneClusterImpl-1f81da03-70dc-44ad-8558-5c969ee5b37a/ozone-meta/datanode-3/data-0/hdds) is shutting down. 
2024-07-25 11:29:16,777 [ContainerDataScanner(/home/runner/work/ozone/ozone/hadoop-ozone/integration-test/target/test-dir/MiniOzoneClusterImpl-1f81da03-70dc-44ad-8558-5c969ee5b37a/ozone-meta/datanode-1/data-0/hdds)] WARN  ozoneimpl.AbstractBackgroundContainerScanner (AbstractBackgroundContainerScanner.java:handleRemainingSleep(134)) - Background container scan was interrupted.
2024-07-25 11:29:16,778 [ContainerDataScanner(/home/runner/work/ozone/ozone/hadoop-ozone/integration-test/target/test-dir/MiniOzoneClusterImpl-1f81da03-70dc-44ad-8558-5c969ee5b37a/ozone-meta/datanode-1/data-0/hdds)] INFO  ozoneimpl.AbstractBackgroundContainerScanner (AbstractBackgroundContainerScanner.java:run(61)) - ContainerDataScanner(/home/runner/work/ozone/ozone/hadoop-ozone/integration-test/target/test-dir/MiniOzoneClusterImpl-1f81da03-70dc-44ad-8558-5c969ee5b37a/ozone-meta/datanode-1/data-0/hdds, DS-73cc6363-3fd9-4eee-997e-8848980dabba) exiting.
2024-07-25 11:29:16,778 [main] INFO  server.RaftServer (RaftServerProxy.java:lambda$close$9(418)) - a2876ff0-d178-48ae-a6b6-bf6963d4710d: close
2024-07-25 11:29:16,777 [ContainerDataScanner(/home/runner/work/ozone/ozone/hadoop-ozone/integration-test/target/test-dir/MiniOzoneClusterImpl-1f81da03-70dc-44ad-8558-5c969ee5b37a/ozone-meta/datanode-3/data-0/hdds)] WARN  ozoneimpl.AbstractBackgroundContainerScanner (AbstractBackgroundContainerScanner.java:handleRemainingSleep(134)) - Background container scan was interrupted.
2024-07-25 11:29:16,778 [a2876ff0-d178-48ae-a6b6-bf6963d4710d-impl-thread1] INFO  server.RaftServer$Division (RaftServerImpl.java:lambda$close$1(501)) - a2876ff0-d178-48ae-a6b6-bf6963d4710d@group-87A56816AD29: shutdown
2024-07-25 11:29:16,778 [ForkJoinPool.commonPool-worker-2] INFO  server.RaftServer (RaftServerProxy.java:lambda$close$9(418)) - e7fccb5b-6f4b-4a5d-93b5-abfcbb2ccb85: close
2024-07-25 11:29:16,778 [a2876ff0-d178-48ae-a6b6-bf6963d4710d-impl-thread1] INFO  util.JmxRegister (JmxRegister.java:unregister(74)) - Successfully un-registered JMX Bean with object name Ratis:service=RaftServer,group=group-87A56816AD29,id=a2876ff0-d178-48ae-a6b6-bf6963d4710d
2024-07-25 11:29:16,778 [ContainerDataScanner(/home/runner/work/ozone/ozone/hadoop-ozone/integration-test/target/test-dir/MiniOzoneClusterImpl-1f81da03-70dc-44ad-8558-5c969ee5b37a/ozone-meta/datanode-3/data-0/hdds)] INFO  ozoneimpl.AbstractBackgroundContainerScanner (AbstractBackgroundContainerScanner.java:run(61)) - ContainerDataScanner(/home/runner/work/ozone/ozone/hadoop-ozone/integration-test/target/test-dir/MiniOzoneClusterImpl-1f81da03-70dc-44ad-8558-5c969ee5b37a/ozone-meta/datanode-3/data-0/hdds, DS-9a4ff921-78ed-4ffa-a293-5e5453faf252) exiting.
2024-07-25 11:29:16,778 [a2876ff0-d178-48ae-a6b6-bf6963d4710d-impl-thread1] INFO  impl.RoleInfo (RoleInfo.java:shutdownFollowerState(119)) - a2876ff0-d178-48ae-a6b6-bf6963d4710d: shutdown a2876ff0-d178-48ae-a6b6-bf6963d4710d@group-87A56816AD29-FollowerState
2024-07-25 11:29:16,779 [ForkJoinPool.commonPool-worker-3] INFO  server.RaftServer (RaftServerProxy.java:lambda$close$9(418)) - 4f6a4ba8-7237-4720-8e71-4cf4f347a525: close
2024-07-25 11:29:16,778 [e7fccb5b-6f4b-4a5d-93b5-abfcbb2ccb85-impl-thread1] INFO  server.RaftServer$Division (RaftServerImpl.java:lambda$close$1(501)) - e7fccb5b-6f4b-4a5d-93b5-abfcbb2ccb85@group-87A56816AD29: shutdown
2024-07-25 11:29:16,779 [e7fccb5b-6f4b-4a5d-93b5-abfcbb2ccb85-impl-thread1] INFO  util.JmxRegister (JmxRegister.java:unregister(74)) - Successfully un-registered JMX Bean with object name Ratis:service=RaftServer,group=group-87A56816AD29,id=e7fccb5b-6f4b-4a5d-93b5-abfcbb2ccb85
2024-07-25 11:29:16,779 [e7fccb5b-6f4b-4a5d-93b5-abfcbb2ccb85-impl-thread1] INFO  impl.RoleInfo (RoleInfo.java:shutdownLeaderState(103)) - e7fccb5b-6f4b-4a5d-93b5-abfcbb2ccb85: shutdown e7fccb5b-6f4b-4a5d-93b5-abfcbb2ccb85@group-87A56816AD29-LeaderStateImpl
2024-07-25 11:29:16,779 [a2876ff0-d178-48ae-a6b6-bf6963d4710d@group-87A56816AD29-StateMachineUpdater] INFO  ratis.ContainerStateMachine (ContainerStateMachine.java:takeSnapshot(355)) - group-87A56816AD29: Taking a snapshot at:(t:1, i:0) file /home/runner/work/ozone/ozone/hadoop-ozone/integration-test/target/test-dir/MiniOzoneClusterImpl-1f81da03-70dc-44ad-8558-5c969ee5b37a/ozone-meta/datanode-2/ratis/948d8638-4239-4972-bb67-87a56816ad29/sm/snapshot.1_0
2024-07-25 11:29:16,779 [e7fccb5b-6f4b-4a5d-93b5-abfcbb2ccb85@group-87A56816AD29->4f6a4ba8-7237-4720-8e71-4cf4f347a525-GrpcLogAppender-LogAppenderDaemon] WARN  server.GrpcLogAppender (GrpcLogAppender.java:mayWait(293)) - e7fccb5b-6f4b-4a5d-93b5-abfcbb2ccb85@group-87A56816AD29->4f6a4ba8-7237-4720-8e71-4cf4f347a525-GrpcLogAppender: Wait interrupted by java.lang.InterruptedException
2024-07-25 11:29:16,779 [a2876ff0-d178-48ae-a6b6-bf6963d4710d-impl-thread1] INFO  impl.StateMachineUpdater (StateMachineUpdater.java:stopAndJoin(164)) - a2876ff0-d178-48ae-a6b6-bf6963d4710d@group-87A56816AD29-StateMachineUpdater: set stopIndex = 0
2024-07-25 11:29:16,779 [a2876ff0-d178-48ae-a6b6-bf6963d4710d@group-87A56816AD29-FollowerState] INFO  impl.FollowerState (FollowerState.java:run(153)) - a2876ff0-d178-48ae-a6b6-bf6963d4710d@group-87A56816AD29-FollowerState was interrupted
2024-07-25 11:29:16,779 [4f6a4ba8-7237-4720-8e71-4cf4f347a525-impl-thread1] INFO  server.RaftServer$Division (RaftServerImpl.java:lambda$close$1(501)) - 4f6a4ba8-7237-4720-8e71-4cf4f347a525@group-87A56816AD29: shutdown
2024-07-25 11:29:16,780 [4f6a4ba8-7237-4720-8e71-4cf4f347a525-impl-thread1] INFO  util.JmxRegister (JmxRegister.java:unregister(74)) - Successfully un-registered JMX Bean with object name Ratis:service=RaftServer,group=group-87A56816AD29,id=4f6a4ba8-7237-4720-8e71-4cf4f347a525
2024-07-25 11:29:16,780 [4f6a4ba8-7237-4720-8e71-4cf4f347a525-impl-thread1] INFO  impl.RoleInfo (RoleInfo.java:shutdownFollowerState(119)) - 4f6a4ba8-7237-4720-8e71-4cf4f347a525: shutdown 4f6a4ba8-7237-4720-8e71-4cf4f347a525@group-87A56816AD29-FollowerState
2024-07-25 11:29:16,780 [4f6a4ba8-7237-4720-8e71-4cf4f347a525-impl-thread1] INFO  impl.StateMachineUpdater (StateMachineUpdater.java:stopAndJoin(164)) - 4f6a4ba8-7237-4720-8e71-4cf4f347a525@group-87A56816AD29-StateMachineUpdater: set stopIndex = 0
2024-07-25 11:29:16,781 [4f6a4ba8-7237-4720-8e71-4cf4f347a525@group-87A56816AD29-FollowerState] INFO  impl.FollowerState (FollowerState.java:run(153)) - 4f6a4ba8-7237-4720-8e71-4cf4f347a525@group-87A56816AD29-FollowerState was interrupted
2024-07-25 11:29:16,781 [4f6a4ba8-7237-4720-8e71-4cf4f347a525@group-87A56816AD29-StateMachineUpdater] INFO  ratis.ContainerStateMachine (ContainerStateMachine.java:takeSnapshot(355)) - group-87A56816AD29: Taking a snapshot at:(t:1, i:0) file /home/runner/work/ozone/ozone/hadoop-ozone/integration-test/target/test-dir/MiniOzoneClusterImpl-1f81da03-70dc-44ad-8558-5c969ee5b37a/ozone-meta/datanode-3/ratis/948d8638-4239-4972-bb67-87a56816ad29/sm/snapshot.1_0
2024-07-25 11:29:16,779 [e7fccb5b-6f4b-4a5d-93b5-abfcbb2ccb85@group-87A56816AD29->a2876ff0-d178-48ae-a6b6-bf6963d4710d-GrpcLogAppender-LogAppenderDaemon] WARN  server.GrpcLogAppender (GrpcLogAppender.java:mayWait(293)) - e7fccb5b-6f4b-4a5d-93b5-abfcbb2ccb85@group-87A56816AD29->a2876ff0-d178-48ae-a6b6-bf6963d4710d-GrpcLogAppender: Wait interrupted by java.lang.InterruptedException
2024-07-25 11:29:16,781 [grpc-default-executor-1] INFO  server.GrpcServerProtocolService (GrpcServerProtocolService.java:onCompleted(157)) - 4f6a4ba8-7237-4720-8e71-4cf4f347a525: Completed APPEND_ENTRIES, lastRequest: null
2024-07-25 11:29:16,783 [grpc-default-executor-5] INFO  server.GrpcServerProtocolService (GrpcServerProtocolService.java:onCompleted(157)) - a2876ff0-d178-48ae-a6b6-bf6963d4710d: Completed APPEND_ENTRIES, lastRequest: e7fccb5b-6f4b-4a5d-93b5-abfcbb2ccb85->a2876ff0-d178-48ae-a6b6-bf6963d4710d#1-t1,previous=(t:0, i:0),leaderCommit=-1,initializing? false,entries: size=1, first=(t:1, i:0), CONFIGURATIONENTRY(current:id:"4f6a4ba8-7237-4720-8e71-4cf4f347a525"address:"127.0.0.1:15032"dataStreamAddress:"127.0.0.1:15033"clientAddress:"127.0.0.1:15030"adminAddress:"127.0.0.1:15031"startupRole:FOLLOWER, id:"a2876ff0-d178-48ae-a6b6-bf6963d4710d"address:"127.0.0.1:15023"dataStreamAddress:"127.0.0.1:15024"clientAddress:"127.0.0.1:15021"adminAddress:"127.0.0.1:15022"startupRole:FOLLOWER, id:"e7fccb5b-6f4b-4a5d-93b5-abfcbb2ccb85"address:"127.0.0.1:15014"priority:1dataStreamAddress:"127.0.0.1:15015"clientAddress:"127.0.0.1:15012"adminAddress:"127.0.0.1:15013"startupRole:FOLLOWER, old:)
2024-07-25 11:29:16,783 [grpc-default-executor-5] INFO  server.GrpcServerProtocolService (GrpcServerProtocolService.java:lambda$onCompleted$5(159)) - a2876ff0-d178-48ae-a6b6-bf6963d4710d: Completed APPEND_ENTRIES, lastReply: null
2024-07-25 11:29:16,783 [grpc-default-executor-1] INFO  server.GrpcServerProtocolService (GrpcServerProtocolService.java:lambda$onCompleted$5(159)) - 4f6a4ba8-7237-4720-8e71-4cf4f347a525: Completed APPEND_ENTRIES, lastReply: serverReply {
  requestorId: "e7fccb5b-6f4b-4a5d-93b5-abfcbb2ccb85"
  replyId: "4f6a4ba8-7237-4720-8e71-4cf4f347a525"
  raftGroupId {
    id: "\224\215\2068B9Ir\273g\207\245h\026\255)"
  }
  callId: 4
  success: true
}
term: 1
nextIndex: 1
matchIndex: 18446744073709551615
isHearbeat: true

2024-07-25 11:29:16,783 [grpc-default-executor-1] INFO  server.GrpcServerProtocolService (GrpcServerProtocolService.java:onCompleted(157)) - a2876ff0-d178-48ae-a6b6-bf6963d4710d: Completed APPEND_ENTRIES, lastRequest: null
2024-07-25 11:29:16,784 [grpc-default-executor-1] INFO  server.GrpcServerProtocolService (GrpcServerProtocolService.java:lambda$onCompleted$5(159)) - a2876ff0-d178-48ae-a6b6-bf6963d4710d: Completed APPEND_ENTRIES, lastReply: serverReply {
  requestorId: "e7fccb5b-6f4b-4a5d-93b5-abfcbb2ccb85"
  replyId: "a2876ff0-d178-48ae-a6b6-bf6963d4710d"
  raftGroupId {
    id: "\224\215\2068B9Ir\273g\207\245h\026\255)"
  }
  callId: 5
  success: true
}
term: 1
nextIndex: 1
matchIndex: 18446744073709551615
isHearbeat: true

2024-07-25 11:29:16,784 [grpc-default-executor-3] INFO  server.GrpcServerProtocolService (GrpcServerProtocolService.java:onCompleted(157)) - 4f6a4ba8-7237-4720-8e71-4cf4f347a525: Completed APPEND_ENTRIES, lastRequest: e7fccb5b-6f4b-4a5d-93b5-abfcbb2ccb85->4f6a4ba8-7237-4720-8e71-4cf4f347a525#1-t1,previous=(t:0, i:0),leaderCommit=-1,initializing? false,entries: size=1, first=(t:1, i:0), CONFIGURATIONENTRY(current:id:"4f6a4ba8-7237-4720-8e71-4cf4f347a525"address:"127.0.0.1:15032"dataStreamAddress:"127.0.0.1:15033"clientAddress:"127.0.0.1:15030"adminAddress:"127.0.0.1:15031"startupRole:FOLLOWER, id:"a2876ff0-d178-48ae-a6b6-bf6963d4710d"address:"127.0.0.1:15023"dataStreamAddress:"127.0.0.1:15024"clientAddress:"127.0.0.1:15021"adminAddress:"127.0.0.1:15022"startupRole:FOLLOWER, id:"e7fccb5b-6f4b-4a5d-93b5-abfcbb2ccb85"address:"127.0.0.1:15014"priority:1dataStreamAddress:"127.0.0.1:15015"clientAddress:"127.0.0.1:15012"adminAddress:"127.0.0.1:15013"startupRole:FOLLOWER, old:)
2024-07-25 11:29:16,784 [grpc-default-executor-3] INFO  server.GrpcServerProtocolService (GrpcServerProtocolService.java:lambda$onCompleted$5(159)) - 4f6a4ba8-7237-4720-8e71-4cf4f347a525: Completed APPEND_ENTRIES, lastReply: null
2024-07-25 11:29:16,784 [grpc-default-executor-1] INFO  server.GrpcLogAppender (GrpcLogAppender.java:onCompleted(550)) - e7fccb5b-6f4b-4a5d-93b5-abfcbb2ccb85@group-87A56816AD29->a2876ff0-d178-48ae-a6b6-bf6963d4710d-AppendLogResponseHandler: follower responses appendEntries COMPLETED
2024-07-25 11:29:16,779 [e7fccb5b-6f4b-4a5d-93b5-abfcbb2ccb85-impl-thread1] INFO  impl.PendingRequests (PendingRequests.java:sendNotLeaderResponses(287)) - e7fccb5b-6f4b-4a5d-93b5-abfcbb2ccb85@group-87A56816AD29-PendingRequests: sendNotLeaderResponses
2024-07-25 11:29:16,786 [e7fccb5b-6f4b-4a5d-93b5-abfcbb2ccb85-impl-thread1] INFO  impl.StateMachineUpdater (StateMachineUpdater.java:stopAndJoin(164)) - e7fccb5b-6f4b-4a5d-93b5-abfcbb2ccb85@group-87A56816AD29-StateMachineUpdater: set stopIndex = 0
2024-07-25 11:29:16,786 [e7fccb5b-6f4b-4a5d-93b5-abfcbb2ccb85@group-87A56816AD29-StateMachineUpdater] INFO  ratis.ContainerStateMachine (ContainerStateMachine.java:takeSnapshot(355)) - group-87A56816AD29: Taking a snapshot at:(t:1, i:0) file /home/runner/work/ozone/ozone/hadoop-ozone/integration-test/target/test-dir/MiniOzoneClusterImpl-1f81da03-70dc-44ad-8558-5c969ee5b37a/ozone-meta/datanode-1/ratis/948d8638-4239-4972-bb67-87a56816ad29/sm/snapshot.1_0
2024-07-25 11:29:16,787 [grpc-default-executor-2] INFO  server.GrpcLogAppender (GrpcLogAppender.java:onCompleted(550)) - e7fccb5b-6f4b-4a5d-93b5-abfcbb2ccb85@group-87A56816AD29->4f6a4ba8-7237-4720-8e71-4cf4f347a525-AppendLogResponseHandler: follower responses appendEntries COMPLETED
2024-07-25 11:29:16,787 [grpc-default-executor-4] INFO  server.GrpcLogAppender (GrpcLogAppender.java:onCompleted(550)) - e7fccb5b-6f4b-4a5d-93b5-abfcbb2ccb85@group-87A56816AD29->4f6a4ba8-7237-4720-8e71-4cf4f347a525-AppendLogResponseHandler: follower responses appendEntries COMPLETED
2024-07-25 11:29:16,787 [grpc-default-executor-5] INFO  server.GrpcLogAppender (GrpcLogAppender.java:onCompleted(550)) - e7fccb5b-6f4b-4a5d-93b5-abfcbb2ccb85@group-87A56816AD29->a2876ff0-d178-48ae-a6b6-bf6963d4710d-AppendLogResponseHandler: follower responses appendEntries COMPLETED
2024-07-25 11:29:16,791 [e7fccb5b-6f4b-4a5d-93b5-abfcbb2ccb85-impl-thread2] INFO  server.RaftServer$Division (RaftServerImpl.java:lambda$close$1(501)) - e7fccb5b-6f4b-4a5d-93b5-abfcbb2ccb85@group-E17A96920781: shutdown
2024-07-25 11:29:16,791 [e7fccb5b-6f4b-4a5d-93b5-abfcbb2ccb85-impl-thread2] INFO  util.JmxRegister (JmxRegister.java:unregister(74)) - Successfully un-registered JMX Bean with object name Ratis:service=RaftServer,group=group-E17A96920781,id=e7fccb5b-6f4b-4a5d-93b5-abfcbb2ccb85
2024-07-25 11:29:16,791 [e7fccb5b-6f4b-4a5d-93b5-abfcbb2ccb85-impl-thread2] INFO  impl.RoleInfo (RoleInfo.java:shutdownFollowerState(119)) - e7fccb5b-6f4b-4a5d-93b5-abfcbb2ccb85: shutdown e7fccb5b-6f4b-4a5d-93b5-abfcbb2ccb85@group-E17A96920781-FollowerState
2024-07-25 11:29:16,791 [e7fccb5b-6f4b-4a5d-93b5-abfcbb2ccb85-impl-thread2] INFO  impl.StateMachineUpdater (StateMachineUpdater.java:stopAndJoin(164)) - e7fccb5b-6f4b-4a5d-93b5-abfcbb2ccb85@group-E17A96920781-StateMachineUpdater: set stopIndex = 0
2024-07-25 11:29:16,791 [e7fccb5b-6f4b-4a5d-93b5-abfcbb2ccb85@group-E17A96920781-StateMachineUpdater] INFO  ratis.ContainerStateMachine (ContainerStateMachine.java:takeSnapshot(355)) - group-E17A96920781: Taking a snapshot at:(t:1, i:0) file /home/runner/work/ozone/ozone/hadoop-ozone/integration-test/target/test-dir/MiniOzoneClusterImpl-1f81da03-70dc-44ad-8558-5c969ee5b37a/ozone-meta/datanode-1/ratis/f7096c59-612d-4157-834b-e17a96920781/sm/snapshot.1_0
2024-07-25 11:29:16,791 [e7fccb5b-6f4b-4a5d-93b5-abfcbb2ccb85-impl-thread3] INFO  server.RaftServer$Division (RaftServerImpl.java:lambda$close$1(501)) - e7fccb5b-6f4b-4a5d-93b5-abfcbb2ccb85@group-024A386BB799: shutdown
2024-07-25 11:29:16,791 [e7fccb5b-6f4b-4a5d-93b5-abfcbb2ccb85@group-E17A96920781-FollowerState] INFO  impl.FollowerState (FollowerState.java:run(153)) - e7fccb5b-6f4b-4a5d-93b5-abfcbb2ccb85@group-E17A96920781-FollowerState was interrupted
2024-07-25 11:29:16,792 [e7fccb5b-6f4b-4a5d-93b5-abfcbb2ccb85-impl-thread3] INFO  util.JmxRegister (JmxRegister.java:unregister(74)) - Successfully un-registered JMX Bean with object name Ratis:service=RaftServer,group=group-024A386BB799,id=e7fccb5b-6f4b-4a5d-93b5-abfcbb2ccb85
2024-07-25 11:29:16,791 [ForkJoinPool.commonPool-worker-2] INFO  server.GrpcService (GrpcService.java:closeImpl(311)) - e7fccb5b-6f4b-4a5d-93b5-abfcbb2ccb85: shutdown server org.apache.ratis.grpc.server.GrpcClientProtocolService now
2024-07-25 11:29:16,792 [e7fccb5b-6f4b-4a5d-93b5-abfcbb2ccb85-impl-thread3] INFO  impl.RoleInfo (RoleInfo.java:shutdownLeaderState(103)) - e7fccb5b-6f4b-4a5d-93b5-abfcbb2ccb85: shutdown e7fccb5b-6f4b-4a5d-93b5-abfcbb2ccb85@group-024A386BB799-LeaderStateImpl
2024-07-25 11:29:16,792 [e7fccb5b-6f4b-4a5d-93b5-abfcbb2ccb85-impl-thread3] INFO  impl.PendingRequests (PendingRequests.java:sendNotLeaderResponses(287)) - e7fccb5b-6f4b-4a5d-93b5-abfcbb2ccb85@group-024A386BB799-PendingRequests: sendNotLeaderResponses
2024-07-25 11:29:16,793 [e7fccb5b-6f4b-4a5d-93b5-abfcbb2ccb85@group-024A386BB799-StateMachineUpdater] INFO  ratis.ContainerStateMachine (ContainerStateMachine.java:takeSnapshot(355)) - group-024A386BB799: Taking a snapshot at:(t:1, i:0) file /home/runner/work/ozone/ozone/hadoop-ozone/integration-test/target/test-dir/MiniOzoneClusterImpl-1f81da03-70dc-44ad-8558-5c969ee5b37a/ozone-meta/datanode-1/ratis/71c35e4b-c5fb-4267-bcb7-024a386bb799/sm/snapshot.1_0
2024-07-25 11:29:16,793 [e7fccb5b-6f4b-4a5d-93b5-abfcbb2ccb85-impl-thread3] INFO  impl.StateMachineUpdater (StateMachineUpdater.java:stopAndJoin(164)) - e7fccb5b-6f4b-4a5d-93b5-abfcbb2ccb85@group-024A386BB799-StateMachineUpdater: set stopIndex = 0
2024-07-25 11:29:16,798 [a2876ff0-d178-48ae-a6b6-bf6963d4710d-impl-thread2] INFO  server.RaftServer$Division (RaftServerImpl.java:lambda$close$1(501)) - a2876ff0-d178-48ae-a6b6-bf6963d4710d@group-E17A96920781: shutdown
2024-07-25 11:29:16,798 [a2876ff0-d178-48ae-a6b6-bf6963d4710d-impl-thread2] INFO  util.JmxRegister (JmxRegister.java:unregister(74)) - Successfully un-registered JMX Bean with object name Ratis:service=RaftServer,group=group-E17A96920781,id=a2876ff0-d178-48ae-a6b6-bf6963d4710d
2024-07-25 11:29:16,799 [a2876ff0-d178-48ae-a6b6-bf6963d4710d-impl-thread2] INFO  impl.RoleInfo (RoleInfo.java:shutdownFollowerState(119)) - a2876ff0-d178-48ae-a6b6-bf6963d4710d: shutdown a2876ff0-d178-48ae-a6b6-bf6963d4710d@group-E17A96920781-FollowerState
2024-07-25 11:29:16,799 [a2876ff0-d178-48ae-a6b6-bf6963d4710d@group-E17A96920781-FollowerState] INFO  impl.FollowerState (FollowerState.java:run(153)) - a2876ff0-d178-48ae-a6b6-bf6963d4710d@group-E17A96920781-FollowerState was interrupted
2024-07-25 11:29:16,799 [a2876ff0-d178-48ae-a6b6-bf6963d4710d-impl-thread2] INFO  impl.StateMachineUpdater (StateMachineUpdater.java:stopAndJoin(164)) - a2876ff0-d178-48ae-a6b6-bf6963d4710d@group-E17A96920781-StateMachineUpdater: set stopIndex = 0
2024-07-25 11:29:16,799 [a2876ff0-d178-48ae-a6b6-bf6963d4710d@group-E17A96920781-StateMachineUpdater] INFO  ratis.ContainerStateMachine (ContainerStateMachine.java:takeSnapshot(355)) - group-E17A96920781: Taking a snapshot at:(t:1, i:0) file /home/runner/work/ozone/ozone/hadoop-ozone/integration-test/target/test-dir/MiniOzoneClusterImpl-1f81da03-70dc-44ad-8558-5c969ee5b37a/ozone-meta/datanode-2/ratis/f7096c59-612d-4157-834b-e17a96920781/sm/snapshot.1_0
2024-07-25 11:29:16,801 [main] INFO  server.GrpcService (GrpcService.java:closeImpl(311)) - a2876ff0-d178-48ae-a6b6-bf6963d4710d: shutdown server org.apache.ratis.grpc.server.GrpcClientProtocolService now
2024-07-25 11:29:16,802 [a2876ff0-d178-48ae-a6b6-bf6963d4710d-impl-thread3] INFO  server.RaftServer$Division (RaftServerImpl.java:lambda$close$1(501)) - a2876ff0-d178-48ae-a6b6-bf6963d4710d@group-5BDE8CD16727: shutdown
2024-07-25 11:29:16,803 [a2876ff0-d178-48ae-a6b6-bf6963d4710d-impl-thread3] INFO  util.JmxRegister (JmxRegister.java:unregister(74)) - Successfully un-registered JMX Bean with object name Ratis:service=RaftServer,group=group-5BDE8CD16727,id=a2876ff0-d178-48ae-a6b6-bf6963d4710d
2024-07-25 11:29:16,803 [a2876ff0-d178-48ae-a6b6-bf6963d4710d-impl-thread3] INFO  impl.RoleInfo (RoleInfo.java:shutdownLeaderState(103)) - a2876ff0-d178-48ae-a6b6-bf6963d4710d: shutdown a2876ff0-d178-48ae-a6b6-bf6963d4710d@group-5BDE8CD16727-LeaderStateImpl
2024-07-25 11:29:16,804 [a2876ff0-d178-48ae-a6b6-bf6963d4710d-impl-thread3] INFO  impl.PendingRequests (PendingRequests.java:sendNotLeaderResponses(287)) - a2876ff0-d178-48ae-a6b6-bf6963d4710d@group-5BDE8CD16727-PendingRequests: sendNotLeaderResponses
2024-07-25 11:29:16,805 [a2876ff0-d178-48ae-a6b6-bf6963d4710d@group-5BDE8CD16727-StateMachineUpdater] INFO  ratis.ContainerStateMachine (ContainerStateMachine.java:takeSnapshot(355)) - group-5BDE8CD16727: Taking a snapshot at:(t:1, i:0) file /home/runner/work/ozone/ozone/hadoop-ozone/integration-test/target/test-dir/MiniOzoneClusterImpl-1f81da03-70dc-44ad-8558-5c969ee5b37a/ozone-meta/datanode-2/ratis/49fab4ac-965e-461f-9946-5bde8cd16727/sm/snapshot.1_0
2024-07-25 11:29:16,806 [a2876ff0-d178-48ae-a6b6-bf6963d4710d-impl-thread3] INFO  impl.StateMachineUpdater (StateMachineUpdater.java:stopAndJoin(164)) - a2876ff0-d178-48ae-a6b6-bf6963d4710d@group-5BDE8CD16727-StateMachineUpdater: set stopIndex = 0
2024-07-25 11:29:16,811 [4f6a4ba8-7237-4720-8e71-4cf4f347a525-impl-thread2] INFO  server.RaftServer$Division (RaftServerImpl.java:lambda$close$1(501)) - 4f6a4ba8-7237-4720-8e71-4cf4f347a525@group-E17A96920781: shutdown
2024-07-25 11:29:16,811 [4f6a4ba8-7237-4720-8e71-4cf4f347a525@group-87A56816AD29-StateMachineUpdater] INFO  ratis.ContainerStateMachine (ContainerStateMachine.java:takeSnapshot(366)) - group-87A56816AD29: Finished taking a snapshot at:(t:1, i:0) file:/home/runner/work/ozone/ozone/hadoop-ozone/integration-test/target/test-dir/MiniOzoneClusterImpl-1f81da03-70dc-44ad-8558-5c969ee5b37a/ozone-meta/datanode-3/ratis/948d8638-4239-4972-bb67-87a56816ad29/sm/snapshot.1_0 took: 30 ms
2024-07-25 11:29:16,811 [e7fccb5b-6f4b-4a5d-93b5-abfcbb2ccb85@group-87A56816AD29-StateMachineUpdater] INFO  ratis.ContainerStateMachine (ContainerStateMachine.java:takeSnapshot(366)) - group-87A56816AD29: Finished taking a snapshot at:(t:1, i:0) file:/home/runner/work/ozone/ozone/hadoop-ozone/integration-test/target/test-dir/MiniOzoneClusterImpl-1f81da03-70dc-44ad-8558-5c969ee5b37a/ozone-meta/datanode-1/ratis/948d8638-4239-4972-bb67-87a56816ad29/sm/snapshot.1_0 took: 25 ms
2024-07-25 11:29:16,811 [e7fccb5b-6f4b-4a5d-93b5-abfcbb2ccb85@group-E17A96920781-StateMachineUpdater] INFO  ratis.ContainerStateMachine (ContainerStateMachine.java:takeSnapshot(366)) - group-E17A96920781: Finished taking a snapshot at:(t:1, i:0) file:/home/runner/work/ozone/ozone/hadoop-ozone/integration-test/target/test-dir/MiniOzoneClusterImpl-1f81da03-70dc-44ad-8558-5c969ee5b37a/ozone-meta/datanode-1/ratis/f7096c59-612d-4157-834b-e17a96920781/sm/snapshot.1_0 took: 20 ms
2024-07-25 11:29:16,812 [a2876ff0-d178-48ae-a6b6-bf6963d4710d@group-87A56816AD29-StateMachineUpdater] INFO  ratis.ContainerStateMachine (ContainerStateMachine.java:takeSnapshot(366)) - group-87A56816AD29: Finished taking a snapshot at:(t:1, i:0) file:/home/runner/work/ozone/ozone/hadoop-ozone/integration-test/target/test-dir/MiniOzoneClusterImpl-1f81da03-70dc-44ad-8558-5c969ee5b37a/ozone-meta/datanode-2/ratis/948d8638-4239-4972-bb67-87a56816ad29/sm/snapshot.1_0 took: 33 ms
2024-07-25 11:29:16,812 [e7fccb5b-6f4b-4a5d-93b5-abfcbb2ccb85@group-024A386BB799-StateMachineUpdater] INFO  ratis.ContainerStateMachine (ContainerStateMachine.java:takeSnapshot(366)) - group-024A386BB799: Finished taking a snapshot at:(t:1, i:0) file:/home/runner/work/ozone/ozone/hadoop-ozone/integration-test/target/test-dir/MiniOzoneClusterImpl-1f81da03-70dc-44ad-8558-5c969ee5b37a/ozone-meta/datanode-1/ratis/71c35e4b-c5fb-4267-bcb7-024a386bb799/sm/snapshot.1_0 took: 19 ms
2024-07-25 11:29:16,812 [e7fccb5b-6f4b-4a5d-93b5-abfcbb2ccb85@group-87A56816AD29-StateMachineUpdater] INFO  impl.StateMachineUpdater (StateMachineUpdater.java:takeSnapshot(303)) - e7fccb5b-6f4b-4a5d-93b5-abfcbb2ccb85@group-87A56816AD29-StateMachineUpdater: Took a snapshot at index 0
2024-07-25 11:29:16,812 [e7fccb5b-6f4b-4a5d-93b5-abfcbb2ccb85@group-87A56816AD29-StateMachineUpdater] INFO  impl.StateMachineUpdater (StateMachineUpdater.java:lambda$new$0(102)) - e7fccb5b-6f4b-4a5d-93b5-abfcbb2ccb85@group-87A56816AD29-StateMachineUpdater: snapshotIndex: updateIncreasingly -1 -> 0
2024-07-25 11:29:16,812 [a2876ff0-d178-48ae-a6b6-bf6963d4710d@group-E17A96920781-StateMachineUpdater] INFO  ratis.ContainerStateMachine (ContainerStateMachine.java:takeSnapshot(366)) - group-E17A96920781: Finished taking a snapshot at:(t:1, i:0) file:/home/runner/work/ozone/ozone/hadoop-ozone/integration-test/target/test-dir/MiniOzoneClusterImpl-1f81da03-70dc-44ad-8558-5c969ee5b37a/ozone-meta/datanode-2/ratis/f7096c59-612d-4157-834b-e17a96920781/sm/snapshot.1_0 took: 14 ms
2024-07-25 11:29:16,813 [a2876ff0-d178-48ae-a6b6-bf6963d4710d@group-E17A96920781-StateMachineUpdater] INFO  impl.StateMachineUpdater (StateMachineUpdater.java:takeSnapshot(303)) - a2876ff0-d178-48ae-a6b6-bf6963d4710d@group-E17A96920781-StateMachineUpdater: Took a snapshot at index 0
2024-07-25 11:29:16,813 [a2876ff0-d178-48ae-a6b6-bf6963d4710d@group-E17A96920781-StateMachineUpdater] INFO  impl.StateMachineUpdater (StateMachineUpdater.java:lambda$new$0(102)) - a2876ff0-d178-48ae-a6b6-bf6963d4710d@group-E17A96920781-StateMachineUpdater: snapshotIndex: updateIncreasingly -1 -> 0
2024-07-25 11:29:16,813 [a2876ff0-d178-48ae-a6b6-bf6963d4710d@group-5BDE8CD16727-StateMachineUpdater] INFO  ratis.ContainerStateMachine (ContainerStateMachine.java:takeSnapshot(366)) - group-5BDE8CD16727: Finished taking a snapshot at:(t:1, i:0) file:/home/runner/work/ozone/ozone/hadoop-ozone/integration-test/target/test-dir/MiniOzoneClusterImpl-1f81da03-70dc-44ad-8558-5c969ee5b37a/ozone-meta/datanode-2/ratis/49fab4ac-965e-461f-9946-5bde8cd16727/sm/snapshot.1_0 took: 7 ms
2024-07-25 11:29:16,813 [a2876ff0-d178-48ae-a6b6-bf6963d4710d@group-5BDE8CD16727-StateMachineUpdater] INFO  impl.StateMachineUpdater (StateMachineUpdater.java:takeSnapshot(303)) - a2876ff0-d178-48ae-a6b6-bf6963d4710d@group-5BDE8CD16727-StateMachineUpdater: Took a snapshot at index 0
2024-07-25 11:29:16,813 [a2876ff0-d178-48ae-a6b6-bf6963d4710d@group-5BDE8CD16727-StateMachineUpdater] INFO  impl.StateMachineUpdater (StateMachineUpdater.java:lambda$new$0(102)) - a2876ff0-d178-48ae-a6b6-bf6963d4710d@group-5BDE8CD16727-StateMachineUpdater: snapshotIndex: updateIncreasingly -1 -> 0
2024-07-25 11:29:16,812 [e7fccb5b-6f4b-4a5d-93b5-abfcbb2ccb85@group-024A386BB799-StateMachineUpdater] INFO  impl.StateMachineUpdater (StateMachineUpdater.java:takeSnapshot(303)) - e7fccb5b-6f4b-4a5d-93b5-abfcbb2ccb85@group-024A386BB799-StateMachineUpdater: Took a snapshot at index 0
2024-07-25 11:29:16,814 [e7fccb5b-6f4b-4a5d-93b5-abfcbb2ccb85@group-024A386BB799-StateMachineUpdater] INFO  impl.StateMachineUpdater (StateMachineUpdater.java:lambda$new$0(102)) - e7fccb5b-6f4b-4a5d-93b5-abfcbb2ccb85@group-024A386BB799-StateMachineUpdater: snapshotIndex: updateIncreasingly -1 -> 0
2024-07-25 11:29:16,814 [e7fccb5b-6f4b-4a5d-93b5-abfcbb2ccb85@group-87A56816AD29-StateMachineUpdater] INFO  impl.StateMachineUpdater (StateMachineUpdater.java:stop(141)) - e7fccb5b-6f4b-4a5d-93b5-abfcbb2ccb85@group-87A56816AD29-StateMachineUpdater: closing ContainerStateMachine, lastApplied=(t:1, i:0)
2024-07-25 11:29:16,814 [e7fccb5b-6f4b-4a5d-93b5-abfcbb2ccb85@group-87A56816AD29-cacheEviction-AwaitToRun] INFO  util.AwaitToRun (AwaitToRun.java:run(49)) - e7fccb5b-6f4b-4a5d-93b5-abfcbb2ccb85@group-87A56816AD29-cacheEviction-AwaitToRun-AwaitForSignal is interrupted
2024-07-25 11:29:16,815 [a2876ff0-d178-48ae-a6b6-bf6963d4710d@group-5BDE8CD16727-StateMachineUpdater] INFO  impl.StateMachineUpdater (StateMachineUpdater.java:stop(141)) - a2876ff0-d178-48ae-a6b6-bf6963d4710d@group-5BDE8CD16727-StateMachineUpdater: closing ContainerStateMachine, lastApplied=(t:1, i:0)
2024-07-25 11:29:16,816 [a2876ff0-d178-48ae-a6b6-bf6963d4710d@group-5BDE8CD16727-cacheEviction-AwaitToRun] INFO  util.AwaitToRun (AwaitToRun.java:run(49)) - a2876ff0-d178-48ae-a6b6-bf6963d4710d@group-5BDE8CD16727-cacheEviction-AwaitToRun-AwaitForSignal is interrupted
2024-07-25 11:29:16,816 [4f6a4ba8-7237-4720-8e71-4cf4f347a525-impl-thread3] INFO  server.RaftServer$Division (RaftServerImpl.java:lambda$close$1(501)) - 4f6a4ba8-7237-4720-8e71-4cf4f347a525@group-D141C8AEF8DE: shutdown
2024-07-25 11:29:16,814 [e7fccb5b-6f4b-4a5d-93b5-abfcbb2ccb85@group-024A386BB799-StateMachineUpdater] INFO  impl.StateMachineUpdater (StateMachineUpdater.java:stop(141)) - e7fccb5b-6f4b-4a5d-93b5-abfcbb2ccb85@group-024A386BB799-StateMachineUpdater: closing ContainerStateMachine, lastApplied=(t:1, i:0)
2024-07-25 11:29:16,816 [e7fccb5b-6f4b-4a5d-93b5-abfcbb2ccb85@group-024A386BB799-cacheEviction-AwaitToRun] INFO  util.AwaitToRun (AwaitToRun.java:run(49)) - e7fccb5b-6f4b-4a5d-93b5-abfcbb2ccb85@group-024A386BB799-cacheEviction-AwaitToRun-AwaitForSignal is interrupted
2024-07-25 11:29:16,817 [4f6a4ba8-7237-4720-8e71-4cf4f347a525@group-87A56816AD29-StateMachineUpdater] INFO  impl.StateMachineUpdater (StateMachineUpdater.java:takeSnapshot(303)) - 4f6a4ba8-7237-4720-8e71-4cf4f347a525@group-87A56816AD29-StateMachineUpdater: Took a snapshot at index 0
2024-07-25 11:29:16,817 [4f6a4ba8-7237-4720-8e71-4cf4f347a525@group-87A56816AD29-StateMachineUpdater] INFO  impl.StateMachineUpdater (StateMachineUpdater.java:lambda$new$0(102)) - 4f6a4ba8-7237-4720-8e71-4cf4f347a525@group-87A56816AD29-StateMachineUpdater: snapshotIndex: updateIncreasingly -1 -> 0
2024-07-25 11:29:16,817 [4f6a4ba8-7237-4720-8e71-4cf4f347a525@group-87A56816AD29-StateMachineUpdater] INFO  impl.StateMachineUpdater (StateMachineUpdater.java:stop(141)) - 4f6a4ba8-7237-4720-8e71-4cf4f347a525@group-87A56816AD29-StateMachineUpdater: closing ContainerStateMachine, lastApplied=(t:1, i:0)
2024-07-25 11:29:16,817 [4f6a4ba8-7237-4720-8e71-4cf4f347a525@group-87A56816AD29-cacheEviction-AwaitToRun] INFO  util.AwaitToRun (AwaitToRun.java:run(49)) - 4f6a4ba8-7237-4720-8e71-4cf4f347a525@group-87A56816AD29-cacheEviction-AwaitToRun-AwaitForSignal is interrupted
2024-07-25 11:29:16,816 [a2876ff0-d178-48ae-a6b6-bf6963d4710d@group-87A56816AD29-StateMachineUpdater] INFO  impl.StateMachineUpdater (StateMachineUpdater.java:takeSnapshot(303)) - a2876ff0-d178-48ae-a6b6-bf6963d4710d@group-87A56816AD29-StateMachineUpdater: Took a snapshot at index 0
2024-07-25 11:29:16,814 [a2876ff0-d178-48ae-a6b6-bf6963d4710d@group-E17A96920781-StateMachineUpdater] INFO  impl.StateMachineUpdater (StateMachineUpdater.java:stop(141)) - a2876ff0-d178-48ae-a6b6-bf6963d4710d@group-E17A96920781-StateMachineUpdater: closing ContainerStateMachine, lastApplied=(t:1, i:0)
2024-07-25 11:29:16,814 [ForkJoinPool.commonPool-worker-3] INFO  server.GrpcService (GrpcService.java:closeImpl(311)) - 4f6a4ba8-7237-4720-8e71-4cf4f347a525: shutdown server org.apache.ratis.grpc.server.GrpcClientProtocolService now
2024-07-25 11:29:16,818 [a2876ff0-d178-48ae-a6b6-bf6963d4710d@group-E17A96920781-cacheEviction-AwaitToRun] INFO  util.AwaitToRun (AwaitToRun.java:run(49)) - a2876ff0-d178-48ae-a6b6-bf6963d4710d@group-E17A96920781-cacheEviction-AwaitToRun-AwaitForSignal is interrupted
2024-07-25 11:29:16,818 [4f6a4ba8-7237-4720-8e71-4cf4f347a525-impl-thread3] INFO  util.JmxRegister (JmxRegister.java:unregister(74)) - Successfully un-registered JMX Bean with object name Ratis:service=RaftServer,group=group-D141C8AEF8DE,id=4f6a4ba8-7237-4720-8e71-4cf4f347a525
2024-07-25 11:29:16,818 [4f6a4ba8-7237-4720-8e71-4cf4f347a525-impl-thread3] INFO  impl.RoleInfo (RoleInfo.java:shutdownLeaderState(103)) - 4f6a4ba8-7237-4720-8e71-4cf4f347a525: shutdown 4f6a4ba8-7237-4720-8e71-4cf4f347a525@group-D141C8AEF8DE-LeaderStateImpl
2024-07-25 11:29:16,818 [4f6a4ba8-7237-4720-8e71-4cf4f347a525-impl-thread3] INFO  impl.PendingRequests (PendingRequests.java:sendNotLeaderResponses(287)) - 4f6a4ba8-7237-4720-8e71-4cf4f347a525@group-D141C8AEF8DE-PendingRequests: sendNotLeaderResponses
2024-07-25 11:29:16,814 [e7fccb5b-6f4b-4a5d-93b5-abfcbb2ccb85@group-E17A96920781-StateMachineUpdater] INFO  impl.StateMachineUpdater (StateMachineUpdater.java:takeSnapshot(303)) - e7fccb5b-6f4b-4a5d-93b5-abfcbb2ccb85@group-E17A96920781-StateMachineUpdater: Took a snapshot at index 0
2024-07-25 11:29:16,818 [e7fccb5b-6f4b-4a5d-93b5-abfcbb2ccb85@group-E17A96920781-StateMachineUpdater] INFO  impl.StateMachineUpdater (StateMachineUpdater.java:lambda$new$0(102)) - e7fccb5b-6f4b-4a5d-93b5-abfcbb2ccb85@group-E17A96920781-StateMachineUpdater: snapshotIndex: updateIncreasingly -1 -> 0
2024-07-25 11:29:16,818 [e7fccb5b-6f4b-4a5d-93b5-abfcbb2ccb85@group-E17A96920781-StateMachineUpdater] INFO  impl.StateMachineUpdater (StateMachineUpdater.java:stop(141)) - e7fccb5b-6f4b-4a5d-93b5-abfcbb2ccb85@group-E17A96920781-StateMachineUpdater: closing ContainerStateMachine, lastApplied=(t:1, i:0)
2024-07-25 11:29:16,818 [a2876ff0-d178-48ae-a6b6-bf6963d4710d@group-87A56816AD29-StateMachineUpdater] INFO  impl.StateMachineUpdater (StateMachineUpdater.java:lambda$new$0(102)) - a2876ff0-d178-48ae-a6b6-bf6963d4710d@group-87A56816AD29-StateMachineUpdater: snapshotIndex: updateIncreasingly -1 -> 0
2024-07-25 11:29:16,819 [a2876ff0-d178-48ae-a6b6-bf6963d4710d@group-87A56816AD29-StateMachineUpdater] INFO  impl.StateMachineUpdater (StateMachineUpdater.java:stop(141)) - a2876ff0-d178-48ae-a6b6-bf6963d4710d@group-87A56816AD29-StateMachineUpdater: closing ContainerStateMachine, lastApplied=(t:1, i:0)
2024-07-25 11:29:16,819 [4f6a4ba8-7237-4720-8e71-4cf4f347a525-impl-thread3] INFO  impl.StateMachineUpdater (StateMachineUpdater.java:stopAndJoin(164)) - 4f6a4ba8-7237-4720-8e71-4cf4f347a525@group-D141C8AEF8DE-StateMachineUpdater: set stopIndex = 0
2024-07-25 11:29:16,818 [4f6a4ba8-7237-4720-8e71-4cf4f347a525-impl-thread2] INFO  util.JmxRegister (JmxRegister.java:unregister(74)) - Successfully un-registered JMX Bean with object name Ratis:service=RaftServer,group=group-E17A96920781,id=4f6a4ba8-7237-4720-8e71-4cf4f347a525
2024-07-25 11:29:16,819 [a2876ff0-d178-48ae-a6b6-bf6963d4710d@group-87A56816AD29-cacheEviction-AwaitToRun] INFO  util.AwaitToRun (AwaitToRun.java:run(49)) - a2876ff0-d178-48ae-a6b6-bf6963d4710d@group-87A56816AD29-cacheEviction-AwaitToRun-AwaitForSignal is interrupted
2024-07-25 11:29:16,819 [4f6a4ba8-7237-4720-8e71-4cf4f347a525@group-D141C8AEF8DE-StateMachineUpdater] INFO  ratis.ContainerStateMachine (ContainerStateMachine.java:takeSnapshot(355)) - group-D141C8AEF8DE: Taking a snapshot at:(t:1, i:0) file /home/runner/work/ozone/ozone/hadoop-ozone/integration-test/target/test-dir/MiniOzoneClusterImpl-1f81da03-70dc-44ad-8558-5c969ee5b37a/ozone-meta/datanode-3/ratis/d74acff9-67e9-488e-a08e-d141c8aef8de/sm/snapshot.1_0
2024-07-25 11:29:16,819 [e7fccb5b-6f4b-4a5d-93b5-abfcbb2ccb85@group-E17A96920781-cacheEviction-AwaitToRun] INFO  util.AwaitToRun (AwaitToRun.java:run(49)) - e7fccb5b-6f4b-4a5d-93b5-abfcbb2ccb85@group-E17A96920781-cacheEviction-AwaitToRun-AwaitForSignal is interrupted
2024-07-25 11:29:16,820 [Thread-617] INFO  server.GrpcServerProtocolClient (GrpcServerProtocolClient.java:close(103)) - a2876ff0-d178-48ae-a6b6-bf6963d4710d Close channels
2024-07-25 11:29:16,820 [4f6a4ba8-7237-4720-8e71-4cf4f347a525@group-D141C8AEF8DE-StateMachineUpdater] INFO  ratis.ContainerStateMachine (ContainerStateMachine.java:takeSnapshot(366)) - group-D141C8AEF8DE: Finished taking a snapshot at:(t:1, i:0) file:/home/runner/work/ozone/ozone/hadoop-ozone/integration-test/target/test-dir/MiniOzoneClusterImpl-1f81da03-70dc-44ad-8558-5c969ee5b37a/ozone-meta/datanode-3/ratis/d74acff9-67e9-488e-a08e-d141c8aef8de/sm/snapshot.1_0 took: 1 ms
2024-07-25 11:29:16,819 [4f6a4ba8-7237-4720-8e71-4cf4f347a525-impl-thread2] INFO  impl.RoleInfo (RoleInfo.java:shutdownLeaderState(103)) - 4f6a4ba8-7237-4720-8e71-4cf4f347a525: shutdown 4f6a4ba8-7237-4720-8e71-4cf4f347a525@group-E17A96920781-LeaderStateImpl
2024-07-25 11:29:16,821 [4f6a4ba8-7237-4720-8e71-4cf4f347a525-impl-thread2] INFO  impl.PendingRequests (PendingRequests.java:sendNotLeaderResponses(287)) - 4f6a4ba8-7237-4720-8e71-4cf4f347a525@group-E17A96920781-PendingRequests: sendNotLeaderResponses
2024-07-25 11:29:16,821 [4f6a4ba8-7237-4720-8e71-4cf4f347a525@group-E17A96920781->a2876ff0-d178-48ae-a6b6-bf6963d4710d-GrpcLogAppender-LogAppenderDaemon] WARN  server.GrpcLogAppender (GrpcLogAppender.java:mayWait(293)) - 4f6a4ba8-7237-4720-8e71-4cf4f347a525@group-E17A96920781->a2876ff0-d178-48ae-a6b6-bf6963d4710d-GrpcLogAppender: Wait interrupted by java.lang.InterruptedException
2024-07-25 11:29:16,822 [4f6a4ba8-7237-4720-8e71-4cf4f347a525@group-E17A96920781->e7fccb5b-6f4b-4a5d-93b5-abfcbb2ccb85-GrpcLogAppender-LogAppenderDaemon] WARN  server.GrpcLogAppender (GrpcLogAppender.java:mayWait(293)) - 4f6a4ba8-7237-4720-8e71-4cf4f347a525@group-E17A96920781->e7fccb5b-6f4b-4a5d-93b5-abfcbb2ccb85-GrpcLogAppender: Wait interrupted by java.lang.InterruptedException
2024-07-25 11:29:16,823 [grpc-default-executor-5] INFO  server.GrpcServerProtocolService (GrpcServerProtocolService.java:onCompleted(157)) - a2876ff0-d178-48ae-a6b6-bf6963d4710d: Completed APPEND_ENTRIES, lastRequest: null
2024-07-25 11:29:16,823 [grpc-default-executor-5] INFO  server.GrpcServerProtocolService (GrpcServerProtocolService.java:lambda$onCompleted$5(159)) - a2876ff0-d178-48ae-a6b6-bf6963d4710d: Completed APPEND_ENTRIES, lastReply: serverReply {
  requestorId: "4f6a4ba8-7237-4720-8e71-4cf4f347a525"
  replyId: "a2876ff0-d178-48ae-a6b6-bf6963d4710d"
  raftGroupId {
    id: "\367\tlYa-AW\203K\341z\226\222\a\201"
  }
  callId: 3
  success: true
}
term: 1
nextIndex: 1
matchIndex: 18446744073709551615
isHearbeat: true

2024-07-25 11:29:16,824 [Thread-619] INFO  server.GrpcServerProtocolClient (GrpcServerProtocolClient.java:close(103)) - a2876ff0-d178-48ae-a6b6-bf6963d4710d Close channels
2024-07-25 11:29:16,824 [Thread-620] INFO  server.GrpcServerProtocolClient (GrpcServerProtocolClient.java:close(103)) - e7fccb5b-6f4b-4a5d-93b5-abfcbb2ccb85 Close channels
2024-07-25 11:29:16,825 [grpc-default-executor-5] INFO  server.GrpcServerProtocolService (GrpcServerProtocolService.java:onCompleted(157)) - a2876ff0-d178-48ae-a6b6-bf6963d4710d: Completed APPEND_ENTRIES, lastRequest: 4f6a4ba8-7237-4720-8e71-4cf4f347a525->a2876ff0-d178-48ae-a6b6-bf6963d4710d#1-t1,previous=(t:0, i:0),leaderCommit=-1,initializing? false,entries: size=1, first=(t:1, i:0), CONFIGURATIONENTRY(current:id:"4f6a4ba8-7237-4720-8e71-4cf4f347a525"address:"127.0.0.1:15032"priority:1dataStreamAddress:"127.0.0.1:15033"clientAddress:"127.0.0.1:15030"adminAddress:"127.0.0.1:15031"startupRole:FOLLOWER, id:"a2876ff0-d178-48ae-a6b6-bf6963d4710d"address:"127.0.0.1:15023"dataStreamAddress:"127.0.0.1:15024"clientAddress:"127.0.0.1:15021"adminAddress:"127.0.0.1:15022"startupRole:FOLLOWER, id:"e7fccb5b-6f4b-4a5d-93b5-abfcbb2ccb85"address:"127.0.0.1:15014"dataStreamAddress:"127.0.0.1:15015"clientAddress:"127.0.0.1:15012"adminAddress:"127.0.0.1:15013"startupRole:FOLLOWER, old:)
2024-07-25 11:29:16,825 [grpc-default-executor-5] INFO  server.GrpcServerProtocolService (GrpcServerProtocolService.java:lambda$onCompleted$5(159)) - a2876ff0-d178-48ae-a6b6-bf6963d4710d: Completed APPEND_ENTRIES, lastReply: null
2024-07-25 11:29:16,825 [grpc-default-executor-4] INFO  server.GrpcServerProtocolService (GrpcServerProtocolService.java:onCompleted(157)) - e7fccb5b-6f4b-4a5d-93b5-abfcbb2ccb85: Completed APPEND_ENTRIES, lastRequest: null
2024-07-25 11:29:16,826 [grpc-default-executor-4] INFO  server.GrpcServerProtocolService (GrpcServerProtocolService.java:lambda$onCompleted$5(159)) - e7fccb5b-6f4b-4a5d-93b5-abfcbb2ccb85: Completed APPEND_ENTRIES, lastReply: serverReply {
  requestorId: "4f6a4ba8-7237-4720-8e71-4cf4f347a525"
  replyId: "e7fccb5b-6f4b-4a5d-93b5-abfcbb2ccb85"
  raftGroupId {
    id: "\367\tlYa-AW\203K\341z\226\222\a\201"
  }
  callId: 5
  success: true
}
term: 1
nextIndex: 1
matchIndex: 18446744073709551615
isHearbeat: true

2024-07-25 11:29:16,821 [4f6a4ba8-7237-4720-8e71-4cf4f347a525@group-D141C8AEF8DE-StateMachineUpdater] INFO  impl.StateMachineUpdater (StateMachineUpdater.java:takeSnapshot(303)) - 4f6a4ba8-7237-4720-8e71-4cf4f347a525@group-D141C8AEF8DE-StateMachineUpdater: Took a snapshot at index 0
2024-07-25 11:29:16,827 [grpc-default-executor-1] INFO  server.GrpcServerProtocolService (GrpcServerProtocolService.java:onCompleted(157)) - e7fccb5b-6f4b-4a5d-93b5-abfcbb2ccb85: Completed APPEND_ENTRIES, lastRequest: 4f6a4ba8-7237-4720-8e71-4cf4f347a525->e7fccb5b-6f4b-4a5d-93b5-abfcbb2ccb85#1-t1,previous=(t:0, i:0),leaderCommit=-1,initializing? false,entries: size=1, first=(t:1, i:0), CONFIGURATIONENTRY(current:id:"4f6a4ba8-7237-4720-8e71-4cf4f347a525"address:"127.0.0.1:15032"priority:1dataStreamAddress:"127.0.0.1:15033"clientAddress:"127.0.0.1:15030"adminAddress:"127.0.0.1:15031"startupRole:FOLLOWER, id:"a2876ff0-d178-48ae-a6b6-bf6963d4710d"address:"127.0.0.1:15023"dataStreamAddress:"127.0.0.1:15024"clientAddress:"127.0.0.1:15021"adminAddress:"127.0.0.1:15022"startupRole:FOLLOWER, id:"e7fccb5b-6f4b-4a5d-93b5-abfcbb2ccb85"address:"127.0.0.1:15014"dataStreamAddress:"127.0.0.1:15015"clientAddress:"127.0.0.1:15012"adminAddress:"127.0.0.1:15013"startupRole:FOLLOWER, old:)
2024-07-25 11:29:16,827 [grpc-default-executor-1] INFO  server.GrpcServerProtocolService (GrpcServerProtocolService.java:lambda$onCompleted$5(159)) - e7fccb5b-6f4b-4a5d-93b5-abfcbb2ccb85: Completed APPEND_ENTRIES, lastReply: null
2024-07-25 11:29:16,827 [4f6a4ba8-7237-4720-8e71-4cf4f347a525-impl-thread2] INFO  impl.StateMachineUpdater (StateMachineUpdater.java:stopAndJoin(164)) - 4f6a4ba8-7237-4720-8e71-4cf4f347a525@group-E17A96920781-StateMachineUpdater: set stopIndex = 0
2024-07-25 11:29:16,827 [Thread-612] INFO  server.GrpcServerProtocolClient (GrpcServerProtocolClient.java:close(103)) - 4f6a4ba8-7237-4720-8e71-4cf4f347a525 Close channels
2024-07-25 11:29:16,827 [4f6a4ba8-7237-4720-8e71-4cf4f347a525@group-D141C8AEF8DE-StateMachineUpdater] INFO  impl.StateMachineUpdater (StateMachineUpdater.java:lambda$new$0(102)) - 4f6a4ba8-7237-4720-8e71-4cf4f347a525@group-D141C8AEF8DE-StateMachineUpdater: snapshotIndex: updateIncreasingly -1 -> 0
2024-07-25 11:29:16,827 [4f6a4ba8-7237-4720-8e71-4cf4f347a525@group-D141C8AEF8DE-StateMachineUpdater] INFO  impl.StateMachineUpdater (StateMachineUpdater.java:stop(141)) - 4f6a4ba8-7237-4720-8e71-4cf4f347a525@group-D141C8AEF8DE-StateMachineUpdater: closing ContainerStateMachine, lastApplied=(t:1, i:0)
2024-07-25 11:29:16,827 [4f6a4ba8-7237-4720-8e71-4cf4f347a525@group-E17A96920781-StateMachineUpdater] INFO  ratis.ContainerStateMachine (ContainerStateMachine.java:takeSnapshot(355)) - group-E17A96920781: Taking a snapshot at:(t:1, i:0) file /home/runner/work/ozone/ozone/hadoop-ozone/integration-test/target/test-dir/MiniOzoneClusterImpl-1f81da03-70dc-44ad-8558-5c969ee5b37a/ozone-meta/datanode-3/ratis/f7096c59-612d-4157-834b-e17a96920781/sm/snapshot.1_0
2024-07-25 11:29:16,828 [4f6a4ba8-7237-4720-8e71-4cf4f347a525@group-D141C8AEF8DE-cacheEviction-AwaitToRun] INFO  util.AwaitToRun (AwaitToRun.java:run(49)) - 4f6a4ba8-7237-4720-8e71-4cf4f347a525@group-D141C8AEF8DE-cacheEviction-AwaitToRun-AwaitForSignal is interrupted
2024-07-25 11:29:16,830 [grpc-default-executor-2] INFO  server.GrpcLogAppender (GrpcLogAppender.java:onCompleted(550)) - 4f6a4ba8-7237-4720-8e71-4cf4f347a525@group-E17A96920781->a2876ff0-d178-48ae-a6b6-bf6963d4710d-AppendLogResponseHandler: follower responses appendEntries COMPLETED
2024-07-25 11:29:16,830 [grpc-default-executor-2] WARN  server.GrpcLogAppender (GrpcLogAppender.java:resetClient(230)) - 4f6a4ba8-7237-4720-8e71-4cf4f347a525@group-E17A96920781->a2876ff0-d178-48ae-a6b6-bf6963d4710d-GrpcLogAppender: Failed to getClient for a2876ff0-d178-48ae-a6b6-bf6963d4710d
org.apache.ratis.protocol.exceptions.AlreadyClosedException: 4f6a4ba8-7237-4720-8e71-4cf4f347a525 is already CLOSED
	at org.apache.ratis.util.PeerProxyMap$PeerAndProxy.getProxy(PeerProxyMap.java:67)
	at org.apache.ratis.util.PeerProxyMap.getProxy(PeerProxyMap.java:124)
	at org.apache.ratis.grpc.server.GrpcLogAppender.getClient(GrpcLogAppender.java:200)
	at org.apache.ratis.grpc.server.GrpcLogAppender.resetClient(GrpcLogAppender.java:205)
	at org.apache.ratis.grpc.server.GrpcLogAppender.access$800(GrpcLogAppender.java:64)
	at org.apache.ratis.grpc.server.GrpcLogAppender$AppendLogResponseHandler.onCompleted(GrpcLogAppender.java:551)
	at org.apache.ratis.thirdparty.io.grpc.stub.ClientCalls$StreamObserverToCallListenerAdapter.onClose(ClientCalls.java:479)
	at org.apache.ratis.thirdparty.io.grpc.internal.ClientCallImpl.closeObserver(ClientCallImpl.java:567)
	at org.apache.ratis.thirdparty.io.grpc.internal.ClientCallImpl.access$300(ClientCallImpl.java:71)
	at org.apache.ratis.thirdparty.io.grpc.internal.ClientCallImpl$ClientStreamListenerImpl$1StreamClosed.runInternal(ClientCallImpl.java:735)
	at org.apache.ratis.thirdparty.io.grpc.internal.ClientCallImpl$ClientStreamListenerImpl$1StreamClosed.runInContext(ClientCallImpl.java:716)
	at org.apache.ratis.thirdparty.io.grpc.internal.ContextRunnable.run(ContextRunnable.java:37)
	at org.apache.ratis.thirdparty.io.grpc.internal.SerializingExecutor.run(SerializingExecutor.java:133)
	at java.base/java.util.concurrent.ThreadPoolExecutor.runWorker(ThreadPoolExecutor.java:1136)
	at java.base/java.util.concurrent.ThreadPoolExecutor$Worker.run(ThreadPoolExecutor.java:635)
	at java.base/java.lang.Thread.run(Thread.java:840)
2024-07-25 11:29:16,830 [grpc-default-executor-3] INFO  server.GrpcLogAppender (GrpcLogAppender.java:onCompleted(550)) - 4f6a4ba8-7237-4720-8e71-4cf4f347a525@group-E17A96920781->e7fccb5b-6f4b-4a5d-93b5-abfcbb2ccb85-AppendLogResponseHandler: follower responses appendEntries COMPLETED
2024-07-25 11:29:16,830 [grpc-default-executor-3] WARN  server.GrpcLogAppender (GrpcLogAppender.java:resetClient(230)) - 4f6a4ba8-7237-4720-8e71-4cf4f347a525@group-E17A96920781->e7fccb5b-6f4b-4a5d-93b5-abfcbb2ccb85-GrpcLogAppender: Failed to getClient for e7fccb5b-6f4b-4a5d-93b5-abfcbb2ccb85
org.apache.ratis.protocol.exceptions.AlreadyClosedException: 4f6a4ba8-7237-4720-8e71-4cf4f347a525 is already CLOSED
	at org.apache.ratis.util.PeerProxyMap$PeerAndProxy.getProxy(PeerProxyMap.java:67)
	at org.apache.ratis.util.PeerProxyMap.getProxy(PeerProxyMap.java:124)
	at org.apache.ratis.grpc.server.GrpcLogAppender.getClient(GrpcLogAppender.java:200)
	at org.apache.ratis.grpc.server.GrpcLogAppender.resetClient(GrpcLogAppender.java:205)
	at org.apache.ratis.grpc.server.GrpcLogAppender.access$800(GrpcLogAppender.java:64)
	at org.apache.ratis.grpc.server.GrpcLogAppender$AppendLogResponseHandler.onCompleted(GrpcLogAppender.java:551)
	at org.apache.ratis.thirdparty.io.grpc.stub.ClientCalls$StreamObserverToCallListenerAdapter.onClose(ClientCalls.java:479)
	at org.apache.ratis.thirdparty.io.grpc.internal.DelayedClientCall$DelayedListener$3.run(DelayedClientCall.java:489)
	at org.apache.ratis.thirdparty.io.grpc.internal.DelayedClientCall$DelayedListener.delayOrExecute(DelayedClientCall.java:453)
	at org.apache.ratis.thirdparty.io.grpc.internal.DelayedClientCall$DelayedListener.onClose(DelayedClientCall.java:486)
	at org.apache.ratis.thirdparty.io.grpc.internal.ClientCallImpl.closeObserver(ClientCallImpl.java:567)
	at org.apache.ratis.thirdparty.io.grpc.internal.ClientCallImpl.access$300(ClientCallImpl.java:71)
	at org.apache.ratis.thirdparty.io.grpc.internal.ClientCallImpl$ClientStreamListenerImpl$1StreamClosed.runInternal(ClientCallImpl.java:735)
	at org.apache.ratis.thirdparty.io.grpc.internal.ClientCallImpl$ClientStreamListenerImpl$1StreamClosed.runInContext(ClientCallImpl.java:716)
	at org.apache.ratis.thirdparty.io.grpc.internal.ContextRunnable.run(ContextRunnable.java:37)
	at org.apache.ratis.thirdparty.io.grpc.internal.SerializingExecutor.run(SerializingExecutor.java:133)
	at java.base/java.util.concurrent.ThreadPoolExecutor.runWorker(ThreadPoolExecutor.java:1136)
	at java.base/java.util.concurrent.ThreadPoolExecutor$Worker.run(ThreadPoolExecutor.java:635)
	at java.base/java.lang.Thread.run(Thread.java:840)
2024-07-25 11:29:16,831 [4f6a4ba8-7237-4720-8e71-4cf4f347a525@group-E17A96920781-StateMachineUpdater] INFO  ratis.ContainerStateMachine (ContainerStateMachine.java:takeSnapshot(366)) - group-E17A96920781: Finished taking a snapshot at:(t:1, i:0) file:/home/runner/work/ozone/ozone/hadoop-ozone/integration-test/target/test-dir/MiniOzoneClusterImpl-1f81da03-70dc-44ad-8558-5c969ee5b37a/ozone-meta/datanode-3/ratis/f7096c59-612d-4157-834b-e17a96920781/sm/snapshot.1_0 took: 4 ms
2024-07-25 11:29:16,831 [4f6a4ba8-7237-4720-8e71-4cf4f347a525@group-E17A96920781-StateMachineUpdater] INFO  impl.StateMachineUpdater (StateMachineUpdater.java:takeSnapshot(303)) - 4f6a4ba8-7237-4720-8e71-4cf4f347a525@group-E17A96920781-StateMachineUpdater: Took a snapshot at index 0
2024-07-25 11:29:16,831 [4f6a4ba8-7237-4720-8e71-4cf4f347a525@group-E17A96920781-StateMachineUpdater] INFO  impl.StateMachineUpdater (StateMachineUpdater.java:lambda$new$0(102)) - 4f6a4ba8-7237-4720-8e71-4cf4f347a525@group-E17A96920781-StateMachineUpdater: snapshotIndex: updateIncreasingly -1 -> 0
2024-07-25 11:29:16,831 [Thread-614] INFO  server.GrpcServerProtocolClient (GrpcServerProtocolClient.java:close(103)) - 4f6a4ba8-7237-4720-8e71-4cf4f347a525 Close channels
2024-07-25 11:29:16,831 [ForkJoinPool.commonPool-worker-2] INFO  server.GrpcService (GrpcService.java:closeImpl(320)) - e7fccb5b-6f4b-4a5d-93b5-abfcbb2ccb85: shutdown server org.apache.ratis.grpc.server.GrpcClientProtocolService successfully
2024-07-25 11:29:16,831 [ForkJoinPool.commonPool-worker-2] INFO  server.GrpcService (GrpcService.java:closeImpl(311)) - e7fccb5b-6f4b-4a5d-93b5-abfcbb2ccb85: shutdown server GrpcServerProtocolService now
2024-07-25 11:29:16,831 [4f6a4ba8-7237-4720-8e71-4cf4f347a525@group-E17A96920781-StateMachineUpdater] INFO  impl.StateMachineUpdater (StateMachineUpdater.java:stop(141)) - 4f6a4ba8-7237-4720-8e71-4cf4f347a525@group-E17A96920781-StateMachineUpdater: closing ContainerStateMachine, lastApplied=(t:1, i:0)
2024-07-25 11:29:16,834 [4f6a4ba8-7237-4720-8e71-4cf4f347a525@group-E17A96920781-cacheEviction-AwaitToRun] INFO  util.AwaitToRun (AwaitToRun.java:run(49)) - 4f6a4ba8-7237-4720-8e71-4cf4f347a525@group-E17A96920781-cacheEviction-AwaitToRun-AwaitForSignal is interrupted
2024-07-25 11:29:16,837 [Thread-622] INFO  server.GrpcServerProtocolClient (GrpcServerProtocolClient.java:close(103)) - e7fccb5b-6f4b-4a5d-93b5-abfcbb2ccb85 Close channels
2024-07-25 11:29:16,839 [grpc-default-executor-1] INFO  server.GrpcLogAppender (GrpcLogAppender.java:onCompleted(550)) - 4f6a4ba8-7237-4720-8e71-4cf4f347a525@group-E17A96920781->a2876ff0-d178-48ae-a6b6-bf6963d4710d-AppendLogResponseHandler: follower responses appendEntries COMPLETED
2024-07-25 11:29:16,839 [grpc-default-executor-1] WARN  server.GrpcLogAppender (GrpcLogAppender.java:resetClient(230)) - 4f6a4ba8-7237-4720-8e71-4cf4f347a525@group-E17A96920781->a2876ff0-d178-48ae-a6b6-bf6963d4710d-GrpcLogAppender: Failed to getClient for a2876ff0-d178-48ae-a6b6-bf6963d4710d
org.apache.ratis.protocol.exceptions.AlreadyClosedException: 4f6a4ba8-7237-4720-8e71-4cf4f347a525 is already CLOSED
	at org.apache.ratis.util.PeerProxyMap$PeerAndProxy.getProxy(PeerProxyMap.java:67)
	at org.apache.ratis.util.PeerProxyMap.getProxy(PeerProxyMap.java:124)
	at org.apache.ratis.grpc.server.GrpcLogAppender.getClient(GrpcLogAppender.java:200)
	at org.apache.ratis.grpc.server.GrpcLogAppender.resetClient(GrpcLogAppender.java:205)
	at org.apache.ratis.grpc.server.GrpcLogAppender.access$800(GrpcLogAppender.java:64)
	at org.apache.ratis.grpc.server.GrpcLogAppender$AppendLogResponseHandler.onCompleted(GrpcLogAppender.java:551)
	at org.apache.ratis.thirdparty.io.grpc.stub.ClientCalls$StreamObserverToCallListenerAdapter.onClose(ClientCalls.java:479)
	at org.apache.ratis.thirdparty.io.grpc.internal.DelayedClientCall$DelayedListener$3.run(DelayedClientCall.java:489)
	at org.apache.ratis.thirdparty.io.grpc.internal.DelayedClientCall$DelayedListener.delayOrExecute(DelayedClientCall.java:453)
	at org.apache.ratis.thirdparty.io.grpc.internal.DelayedClientCall$DelayedListener.onClose(DelayedClientCall.java:486)
	at org.apache.ratis.thirdparty.io.grpc.internal.ClientCallImpl.closeObserver(ClientCallImpl.java:567)
	at org.apache.ratis.thirdparty.io.grpc.internal.ClientCallImpl.access$300(ClientCallImpl.java:71)
	at org.apache.ratis.thirdparty.io.grpc.internal.ClientCallImpl$ClientStreamListenerImpl$1StreamClosed.runInternal(ClientCallImpl.java:735)
	at org.apache.ratis.thirdparty.io.grpc.internal.ClientCallImpl$ClientStreamListenerImpl$1StreamClosed.runInContext(ClientCallImpl.java:716)
	at org.apache.ratis.thirdparty.io.grpc.internal.ContextRunnable.run(ContextRunnable.java:37)
	at org.apache.ratis.thirdparty.io.grpc.internal.SerializingExecutor.run(SerializingExecutor.java:133)
	at java.base/java.util.concurrent.ThreadPoolExecutor.runWorker(ThreadPoolExecutor.java:1136)
	at java.base/java.util.concurrent.ThreadPoolExecutor$Worker.run(ThreadPoolExecutor.java:635)
	at java.base/java.lang.Thread.run(Thread.java:840)
2024-07-25 11:29:16,841 [grpc-default-executor-1] INFO  server.GrpcLogAppender (GrpcLogAppender.java:onCompleted(550)) - 4f6a4ba8-7237-4720-8e71-4cf4f347a525@group-E17A96920781->e7fccb5b-6f4b-4a5d-93b5-abfcbb2ccb85-AppendLogResponseHandler: follower responses appendEntries COMPLETED
2024-07-25 11:29:16,841 [grpc-default-executor-1] WARN  server.GrpcLogAppender (GrpcLogAppender.java:resetClient(230)) - 4f6a4ba8-7237-4720-8e71-4cf4f347a525@group-E17A96920781->e7fccb5b-6f4b-4a5d-93b5-abfcbb2ccb85-GrpcLogAppender: Failed to getClient for e7fccb5b-6f4b-4a5d-93b5-abfcbb2ccb85
org.apache.ratis.protocol.exceptions.AlreadyClosedException: 4f6a4ba8-7237-4720-8e71-4cf4f347a525 is already CLOSED
	at org.apache.ratis.util.PeerProxyMap$PeerAndProxy.getProxy(PeerProxyMap.java:67)
	at org.apache.ratis.util.PeerProxyMap.getProxy(PeerProxyMap.java:124)
	at org.apache.ratis.grpc.server.GrpcLogAppender.getClient(GrpcLogAppender.java:200)
	at org.apache.ratis.grpc.server.GrpcLogAppender.resetClient(GrpcLogAppender.java:205)
	at org.apache.ratis.grpc.server.GrpcLogAppender.access$800(GrpcLogAppender.java:64)
	at org.apache.ratis.grpc.server.GrpcLogAppender$AppendLogResponseHandler.onCompleted(GrpcLogAppender.java:551)
	at org.apache.ratis.thirdparty.io.grpc.stub.ClientCalls$StreamObserverToCallListenerAdapter.onClose(ClientCalls.java:479)
	at org.apache.ratis.thirdparty.io.grpc.internal.ClientCallImpl.closeObserver(ClientCallImpl.java:567)
	at org.apache.ratis.thirdparty.io.grpc.internal.ClientCallImpl.access$300(ClientCallImpl.java:71)
	at org.apache.ratis.thirdparty.io.grpc.internal.ClientCallImpl$ClientStreamListenerImpl$1StreamClosed.runInternal(ClientCallImpl.java:735)
	at org.apache.ratis.thirdparty.io.grpc.internal.ClientCallImpl$ClientStreamListenerImpl$1StreamClosed.runInContext(ClientCallImpl.java:716)
	at org.apache.ratis.thirdparty.io.grpc.internal.ContextRunnable.run(ContextRunnable.java:37)
	at org.apache.ratis.thirdparty.io.grpc.internal.SerializingExecutor.run(SerializingExecutor.java:133)
	at java.base/java.util.concurrent.ThreadPoolExecutor.runWorker(ThreadPoolExecutor.java:1136)
	at java.base/java.util.concurrent.ThreadPoolExecutor$Worker.run(ThreadPoolExecutor.java:635)
	at java.base/java.lang.Thread.run(Thread.java:840)
2024-07-25 11:29:16,843 [ForkJoinPool.commonPool-worker-3] INFO  server.GrpcService (GrpcService.java:closeImpl(320)) - 4f6a4ba8-7237-4720-8e71-4cf4f347a525: shutdown server org.apache.ratis.grpc.server.GrpcClientProtocolService successfully
2024-07-25 11:29:16,843 [ForkJoinPool.commonPool-worker-3] INFO  server.GrpcService (GrpcService.java:closeImpl(311)) - 4f6a4ba8-7237-4720-8e71-4cf4f347a525: shutdown server GrpcServerProtocolService now
2024-07-25 11:29:16,843 [ForkJoinPool.commonPool-worker-2] INFO  server.GrpcService (GrpcService.java:closeImpl(320)) - e7fccb5b-6f4b-4a5d-93b5-abfcbb2ccb85: shutdown server GrpcServerProtocolService successfully
2024-07-25 11:29:16,843 [ForkJoinPool.commonPool-worker-2] INFO  server.GrpcService (GrpcService.java:closeImpl(311)) - e7fccb5b-6f4b-4a5d-93b5-abfcbb2ccb85: shutdown server org.apache.ratis.grpc.server.GrpcAdminProtocolService now
2024-07-25 11:29:16,844 [ForkJoinPool.commonPool-worker-2] INFO  server.GrpcService (GrpcService.java:closeImpl(320)) - e7fccb5b-6f4b-4a5d-93b5-abfcbb2ccb85: shutdown server org.apache.ratis.grpc.server.GrpcAdminProtocolService successfully
2024-07-25 11:29:16,844 [ForkJoinPool.commonPool-worker-3] INFO  server.GrpcService (GrpcService.java:closeImpl(320)) - 4f6a4ba8-7237-4720-8e71-4cf4f347a525: shutdown server GrpcServerProtocolService successfully
2024-07-25 11:29:16,844 [ForkJoinPool.commonPool-worker-3] INFO  server.GrpcService (GrpcService.java:closeImpl(311)) - 4f6a4ba8-7237-4720-8e71-4cf4f347a525: shutdown server org.apache.ratis.grpc.server.GrpcAdminProtocolService now
2024-07-25 11:29:16,844 [ForkJoinPool.commonPool-worker-3] INFO  server.GrpcService (GrpcService.java:closeImpl(320)) - 4f6a4ba8-7237-4720-8e71-4cf4f347a525: shutdown server org.apache.ratis.grpc.server.GrpcAdminProtocolService successfully
2024-07-25 11:29:16,845 [main] INFO  server.GrpcService (GrpcService.java:closeImpl(320)) - a2876ff0-d178-48ae-a6b6-bf6963d4710d: shutdown server org.apache.ratis.grpc.server.GrpcClientProtocolService successfully
2024-07-25 11:29:16,845 [main] INFO  server.GrpcService (GrpcService.java:closeImpl(311)) - a2876ff0-d178-48ae-a6b6-bf6963d4710d: shutdown server GrpcServerProtocolService now
2024-07-25 11:29:16,846 [main] INFO  server.GrpcService (GrpcService.java:closeImpl(320)) - a2876ff0-d178-48ae-a6b6-bf6963d4710d: shutdown server GrpcServerProtocolService successfully
2024-07-25 11:29:16,846 [main] INFO  server.GrpcService (GrpcService.java:closeImpl(311)) - a2876ff0-d178-48ae-a6b6-bf6963d4710d: shutdown server org.apache.ratis.grpc.server.GrpcAdminProtocolService now
2024-07-25 11:29:16,854 [main] INFO  server.GrpcService (GrpcService.java:closeImpl(320)) - a2876ff0-d178-48ae-a6b6-bf6963d4710d: shutdown server org.apache.ratis.grpc.server.GrpcAdminProtocolService successfully
2024-07-25 11:29:16,887 [a2876ff0-d178-48ae-a6b6-bf6963d4710d-impl-thread3] INFO  segmented.SegmentedRaftLogWorker (SegmentedRaftLogWorker.java:close(248)) - a2876ff0-d178-48ae-a6b6-bf6963d4710d@group-5BDE8CD16727-SegmentedRaftLogWorker close()
2024-07-25 11:29:16,902 [a2876ff0-d178-48ae-a6b6-bf6963d4710d-NettyServerStreamRpc-bossGroup--thread1] INFO  logging.LoggingHandler (AbstractInternalLogger.java:log(148)) - [id: 0x70ebee21, L:/0.0.0.0:15024] CLOSE
2024-07-25 11:29:16,902 [a2876ff0-d178-48ae-a6b6-bf6963d4710d-NettyServerStreamRpc-bossGroup--thread1] INFO  logging.LoggingHandler (AbstractInternalLogger.java:log(148)) - [id: 0x70ebee21, L:/0.0.0.0:15024] INACTIVE
2024-07-25 11:29:16,902 [a2876ff0-d178-48ae-a6b6-bf6963d4710d-NettyServerStreamRpc-bossGroup--thread1] INFO  logging.LoggingHandler (AbstractInternalLogger.java:log(148)) - [id: 0x70ebee21, L:/0.0.0.0:15024] UNREGISTERED
2024-07-25 11:29:16,906 [4f6a4ba8-7237-4720-8e71-4cf4f347a525-NettyServerStreamRpc-bossGroup--thread1] INFO  logging.LoggingHandler (AbstractInternalLogger.java:log(148)) - [id: 0x091d988c, L:/0.0.0.0:15033] CLOSE
2024-07-25 11:29:16,906 [4f6a4ba8-7237-4720-8e71-4cf4f347a525-NettyServerStreamRpc-bossGroup--thread1] INFO  logging.LoggingHandler (AbstractInternalLogger.java:log(148)) - [id: 0x091d988c, L:/0.0.0.0:15033] INACTIVE
2024-07-25 11:29:16,906 [4f6a4ba8-7237-4720-8e71-4cf4f347a525-NettyServerStreamRpc-bossGroup--thread1] INFO  logging.LoggingHandler (AbstractInternalLogger.java:log(148)) - [id: 0x091d988c, L:/0.0.0.0:15033] UNREGISTERED
2024-07-25 11:29:16,926 [e7fccb5b-6f4b-4a5d-93b5-abfcbb2ccb85-NettyServerStreamRpc-bossGroup--thread1] INFO  logging.LoggingHandler (AbstractInternalLogger.java:log(148)) - [id: 0x7f0c387d, L:/0.0.0.0:15015] CLOSE
2024-07-25 11:29:16,926 [e7fccb5b-6f4b-4a5d-93b5-abfcbb2ccb85-NettyServerStreamRpc-bossGroup--thread1] INFO  logging.LoggingHandler (AbstractInternalLogger.java:log(148)) - [id: 0x7f0c387d, L:/0.0.0.0:15015] INACTIVE
2024-07-25 11:29:16,926 [e7fccb5b-6f4b-4a5d-93b5-abfcbb2ccb85-NettyServerStreamRpc-bossGroup--thread1] INFO  logging.LoggingHandler (AbstractInternalLogger.java:log(148)) - [id: 0x7f0c387d, L:/0.0.0.0:15015] UNREGISTERED
2024-07-25 11:29:17,067 [4f6a4ba8-7237-4720-8e71-4cf4f347a525-impl-thread2] INFO  segmented.SegmentedRaftLogWorker (SegmentedRaftLogWorker.java:close(248)) - 4f6a4ba8-7237-4720-8e71-4cf4f347a525@group-E17A96920781-SegmentedRaftLogWorker close()
2024-07-25 11:29:17,151 [e7fccb5b-6f4b-4a5d-93b5-abfcbb2ccb85-impl-thread2] INFO  segmented.SegmentedRaftLogWorker (SegmentedRaftLogWorker.java:close(248)) - e7fccb5b-6f4b-4a5d-93b5-abfcbb2ccb85@group-E17A96920781-SegmentedRaftLogWorker close()
2024-07-25 11:29:17,151 [4f6a4ba8-7237-4720-8e71-4cf4f347a525-impl-thread3] INFO  segmented.SegmentedRaftLogWorker (SegmentedRaftLogWorker.java:close(248)) - 4f6a4ba8-7237-4720-8e71-4cf4f347a525@group-D141C8AEF8DE-SegmentedRaftLogWorker close()
2024-07-25 11:29:17,155 [a2876ff0-d178-48ae-a6b6-bf6963d4710d-impl-thread2] INFO  segmented.SegmentedRaftLogWorker (SegmentedRaftLogWorker.java:close(248)) - a2876ff0-d178-48ae-a6b6-bf6963d4710d@group-E17A96920781-SegmentedRaftLogWorker close()
2024-07-25 11:29:17,594 [e7fccb5b-6f4b-4a5d-93b5-abfcbb2ccb85-impl-thread3] INFO  segmented.SegmentedRaftLogWorker (SegmentedRaftLogWorker.java:close(248)) - e7fccb5b-6f4b-4a5d-93b5-abfcbb2ccb85@group-024A386BB799-SegmentedRaftLogWorker close()
2024-07-25 11:29:17,716 [e7fccb5b-6f4b-4a5d-93b5-abfcbb2ccb85-impl-thread1] INFO  segmented.SegmentedRaftLogWorker (SegmentedRaftLogWorker.java:close(248)) - e7fccb5b-6f4b-4a5d-93b5-abfcbb2ccb85@group-87A56816AD29-SegmentedRaftLogWorker close()
2024-07-25 11:29:17,717 [JvmPauseMonitor2] INFO  util.JvmPauseMonitor (JvmPauseMonitor.java:run(152)) - JvmPauseMonitor-e7fccb5b-6f4b-4a5d-93b5-abfcbb2ccb85: Stopped
2024-07-25 11:29:17,777 [4f6a4ba8-7237-4720-8e71-4cf4f347a525-impl-thread1] INFO  segmented.SegmentedRaftLogWorker (SegmentedRaftLogWorker.java:close(248)) - 4f6a4ba8-7237-4720-8e71-4cf4f347a525@group-87A56816AD29-SegmentedRaftLogWorker close()
2024-07-25 11:29:17,778 [JvmPauseMonitor4] INFO  util.JvmPauseMonitor (JvmPauseMonitor.java:run(152)) - JvmPauseMonitor-4f6a4ba8-7237-4720-8e71-4cf4f347a525: Stopped
2024-07-25 11:29:17,781 [a2876ff0-d178-48ae-a6b6-bf6963d4710d-impl-thread1] INFO  segmented.SegmentedRaftLogWorker (SegmentedRaftLogWorker.java:close(248)) - a2876ff0-d178-48ae-a6b6-bf6963d4710d@group-87A56816AD29-SegmentedRaftLogWorker close()
2024-07-25 11:29:17,781 [JvmPauseMonitor3] INFO  util.JvmPauseMonitor (JvmPauseMonitor.java:run(152)) - JvmPauseMonitor-a2876ff0-d178-48ae-a6b6-bf6963d4710d: Stopped
2024-07-25 11:29:19,730 [ForkJoinPool.commonPool-worker-2] INFO  utils.DatanodeStoreCache (DatanodeStoreCache.java:shutdownCache(116)) - Skip clearing cache in mini cluster mode. Entries left: [/home/runner/work/ozone/ozone/hadoop-ozone/integration-test/target/test-dir/MiniOzoneClusterImpl-1f81da03-70dc-44ad-8558-5c969ee5b37a/ozone-meta/datanode-1/data-0/hdds/1f81da03-70dc-44ad-8558-5c969ee5b37a/DS-73cc6363-3fd9-4eee-997e-8848980dabba/container.db, /home/runner/work/ozone/ozone/hadoop-ozone/integration-test/target/test-dir/MiniOzoneClusterImpl-1f81da03-70dc-44ad-8558-5c969ee5b37a/ozone-meta/datanode-2/data-0/hdds/1f81da03-70dc-44ad-8558-5c969ee5b37a/DS-0f45a594-f105-412c-a722-cd865075627d/container.db, /home/runner/work/ozone/ozone/hadoop-ozone/integration-test/target/test-dir/MiniOzoneClusterImpl-1f81da03-70dc-44ad-8558-5c969ee5b37a/ozone-meta/datanode-3/data-0/hdds/1f81da03-70dc-44ad-8558-5c969ee5b37a/DS-9a4ff921-78ed-4ffa-a293-5e5453faf252/container.db]
2024-07-25 11:29:19,732 [ForkJoinPool.commonPool-worker-2] INFO  utils.DatanodeStoreCache (DatanodeStoreCache.java:removeDB(110)) - Removed db /home/runner/work/ozone/ozone/hadoop-ozone/integration-test/target/test-dir/MiniOzoneClusterImpl-1f81da03-70dc-44ad-8558-5c969ee5b37a/ozone-meta/datanode-1/data-0/hdds/1f81da03-70dc-44ad-8558-5c969ee5b37a/DS-73cc6363-3fd9-4eee-997e-8848980dabba/container.db from cache
2024-07-25 11:29:19,732 [ForkJoinPool.commonPool-worker-2] INFO  volume.HddsVolume (HddsVolume.java:closeDbStore(470)) - SchemaV3 db is stopped at /home/runner/work/ozone/ozone/hadoop-ozone/integration-test/target/test-dir/MiniOzoneClusterImpl-1f81da03-70dc-44ad-8558-5c969ee5b37a/ozone-meta/datanode-1/data-0/hdds/1f81da03-70dc-44ad-8558-5c969ee5b37a/DS-73cc6363-3fd9-4eee-997e-8848980dabba/container.db for volume DS-73cc6363-3fd9-4eee-997e-8848980dabba
2024-07-25 11:29:19,732 [ForkJoinPool.commonPool-worker-2] INFO  utils.BackgroundService (BackgroundService.java:shutdown(163)) - Shutting down service BlockDeletingService
2024-07-25 11:29:19,732 [ForkJoinPool.commonPool-worker-2] INFO  utils.BackgroundService (BackgroundService.java:shutdown(163)) - Shutting down service StaleRecoveringContainerScrubbingService
2024-07-25 11:29:19,733 [ForkJoinPool.commonPool-worker-2] INFO  statemachine.DatanodeStateMachine (DatanodeStateMachine.java:stopDaemon(628)) - Ozone container server stopped.
2024-07-25 11:29:19,747 [ForkJoinPool.commonPool-worker-2] INFO  handler.ContextHandler (ContextHandler.java:doStop(1159)) - Stopped o.e.j.w.WebAppContext@4effe36a{hddsDatanode,/,null,STOPPED}{jar:file:/home/runner/work/ozone/ozone/hadoop-hdds/container-service/target/hdds-container-service-1.5.0-SNAPSHOT.jar!/webapps/hddsDatanode}
2024-07-25 11:29:19,747 [ForkJoinPool.commonPool-worker-2] INFO  server.AbstractConnector (AbstractConnector.java:doStop(383)) - Stopped ServerConnector@2fc1b04a{HTTP/1.1, (http/1.1)}{0.0.0.0:15009}
2024-07-25 11:29:19,747 [ForkJoinPool.commonPool-worker-2] INFO  server.session (HouseKeeper.java:stopScavenging(149)) - node0 Stopped scavenging
2024-07-25 11:29:19,748 [ForkJoinPool.commonPool-worker-2] INFO  handler.ContextHandler (ContextHandler.java:doStop(1159)) - Stopped o.e.j.s.ServletContextHandler@3dc42f56{static,/static,jar:file:/home/runner/work/ozone/ozone/hadoop-hdds/container-service/target/hdds-container-service-1.5.0-SNAPSHOT.jar!/webapps/static,STOPPED}
2024-07-25 11:29:19,748 [ForkJoinPool.commonPool-worker-2] INFO  handler.ContextHandler (ContextHandler.java:doStop(1159)) - Stopped o.e.j.s.ServletContextHandler@6c85dbe8{logs,/logs,file:///home/runner/work/ozone/ozone/hadoop-ozone/integration-test/target/log,STOPPED}
2024-07-25 11:29:19,748 [ForkJoinPool.commonPool-worker-2] INFO  ozone.HddsDatanodeClientProtocolServer (HddsDatanodeClientProtocolServer.java:stop(83)) - Stopping the RPC server for Client Protocol
2024-07-25 11:29:19,748 [ForkJoinPool.commonPool-worker-2] INFO  ipc.Server (Server.java:stop(3523)) - Stopping server on 15010
2024-07-25 11:29:19,749 [IPC Server listener on 15010] INFO  ipc.Server (Server.java:run(1434)) - Stopping IPC Server listener on 15010
2024-07-25 11:29:19,749 [IPC Server Responder] INFO  ipc.Server (Server.java:run(1567)) - Stopping IPC Server Responder
2024-07-25 11:29:19,781 [ForkJoinPool.commonPool-worker-3] INFO  utils.DatanodeStoreCache (DatanodeStoreCache.java:shutdownCache(116)) - Skip clearing cache in mini cluster mode. Entries left: [/home/runner/work/ozone/ozone/hadoop-ozone/integration-test/target/test-dir/MiniOzoneClusterImpl-1f81da03-70dc-44ad-8558-5c969ee5b37a/ozone-meta/datanode-2/data-0/hdds/1f81da03-70dc-44ad-8558-5c969ee5b37a/DS-0f45a594-f105-412c-a722-cd865075627d/container.db, /home/runner/work/ozone/ozone/hadoop-ozone/integration-test/target/test-dir/MiniOzoneClusterImpl-1f81da03-70dc-44ad-8558-5c969ee5b37a/ozone-meta/datanode-3/data-0/hdds/1f81da03-70dc-44ad-8558-5c969ee5b37a/DS-9a4ff921-78ed-4ffa-a293-5e5453faf252/container.db]
2024-07-25 11:29:19,782 [ForkJoinPool.commonPool-worker-3] INFO  utils.DatanodeStoreCache (DatanodeStoreCache.java:removeDB(110)) - Removed db /home/runner/work/ozone/ozone/hadoop-ozone/integration-test/target/test-dir/MiniOzoneClusterImpl-1f81da03-70dc-44ad-8558-5c969ee5b37a/ozone-meta/datanode-3/data-0/hdds/1f81da03-70dc-44ad-8558-5c969ee5b37a/DS-9a4ff921-78ed-4ffa-a293-5e5453faf252/container.db from cache
2024-07-25 11:29:19,782 [ForkJoinPool.commonPool-worker-3] INFO  volume.HddsVolume (HddsVolume.java:closeDbStore(470)) - SchemaV3 db is stopped at /home/runner/work/ozone/ozone/hadoop-ozone/integration-test/target/test-dir/MiniOzoneClusterImpl-1f81da03-70dc-44ad-8558-5c969ee5b37a/ozone-meta/datanode-3/data-0/hdds/1f81da03-70dc-44ad-8558-5c969ee5b37a/DS-9a4ff921-78ed-4ffa-a293-5e5453faf252/container.db for volume DS-9a4ff921-78ed-4ffa-a293-5e5453faf252
2024-07-25 11:29:19,783 [ForkJoinPool.commonPool-worker-3] INFO  utils.BackgroundService (BackgroundService.java:shutdown(163)) - Shutting down service BlockDeletingService
2024-07-25 11:29:19,783 [ForkJoinPool.commonPool-worker-3] INFO  utils.BackgroundService (BackgroundService.java:shutdown(163)) - Shutting down service StaleRecoveringContainerScrubbingService
2024-07-25 11:29:19,783 [ForkJoinPool.commonPool-worker-3] INFO  statemachine.DatanodeStateMachine (DatanodeStateMachine.java:stopDaemon(628)) - Ozone container server stopped.
2024-07-25 11:29:19,786 [main] INFO  utils.DatanodeStoreCache (DatanodeStoreCache.java:shutdownCache(116)) - Skip clearing cache in mini cluster mode. Entries left: [/home/runner/work/ozone/ozone/hadoop-ozone/integration-test/target/test-dir/MiniOzoneClusterImpl-1f81da03-70dc-44ad-8558-5c969ee5b37a/ozone-meta/datanode-2/data-0/hdds/1f81da03-70dc-44ad-8558-5c969ee5b37a/DS-0f45a594-f105-412c-a722-cd865075627d/container.db]
2024-07-25 11:29:19,786 [main] INFO  utils.DatanodeStoreCache (DatanodeStoreCache.java:removeDB(110)) - Removed db /home/runner/work/ozone/ozone/hadoop-ozone/integration-test/target/test-dir/MiniOzoneClusterImpl-1f81da03-70dc-44ad-8558-5c969ee5b37a/ozone-meta/datanode-2/data-0/hdds/1f81da03-70dc-44ad-8558-5c969ee5b37a/DS-0f45a594-f105-412c-a722-cd865075627d/container.db from cache
2024-07-25 11:29:19,787 [main] INFO  volume.HddsVolume (HddsVolume.java:closeDbStore(470)) - SchemaV3 db is stopped at /home/runner/work/ozone/ozone/hadoop-ozone/integration-test/target/test-dir/MiniOzoneClusterImpl-1f81da03-70dc-44ad-8558-5c969ee5b37a/ozone-meta/datanode-2/data-0/hdds/1f81da03-70dc-44ad-8558-5c969ee5b37a/DS-0f45a594-f105-412c-a722-cd865075627d/container.db for volume DS-0f45a594-f105-412c-a722-cd865075627d
2024-07-25 11:29:19,787 [main] INFO  utils.BackgroundService (BackgroundService.java:shutdown(163)) - Shutting down service BlockDeletingService
2024-07-25 11:29:19,787 [main] INFO  utils.BackgroundService (BackgroundService.java:shutdown(163)) - Shutting down service StaleRecoveringContainerScrubbingService
2024-07-25 11:29:19,788 [main] INFO  statemachine.DatanodeStateMachine (DatanodeStateMachine.java:stopDaemon(628)) - Ozone container server stopped.
2024-07-25 11:29:19,799 [ForkJoinPool.commonPool-worker-3] INFO  handler.ContextHandler (ContextHandler.java:doStop(1159)) - Stopped o.e.j.w.WebAppContext@3479e14e{hddsDatanode,/,null,STOPPED}{jar:file:/home/runner/work/ozone/ozone/hadoop-hdds/container-service/target/hdds-container-service-1.5.0-SNAPSHOT.jar!/webapps/hddsDatanode}
2024-07-25 11:29:19,800 [ForkJoinPool.commonPool-worker-3] INFO  server.AbstractConnector (AbstractConnector.java:doStop(383)) - Stopped ServerConnector@139d7ced{HTTP/1.1, (http/1.1)}{0.0.0.0:15027}
2024-07-25 11:29:19,800 [ForkJoinPool.commonPool-worker-3] INFO  server.session (HouseKeeper.java:stopScavenging(149)) - node0 Stopped scavenging
2024-07-25 11:29:19,800 [ForkJoinPool.commonPool-worker-3] INFO  handler.ContextHandler (ContextHandler.java:doStop(1159)) - Stopped o.e.j.s.ServletContextHandler@6ea4403f{static,/static,jar:file:/home/runner/work/ozone/ozone/hadoop-hdds/container-service/target/hdds-container-service-1.5.0-SNAPSHOT.jar!/webapps/static,STOPPED}
2024-07-25 11:29:19,800 [ForkJoinPool.commonPool-worker-3] INFO  handler.ContextHandler (ContextHandler.java:doStop(1159)) - Stopped o.e.j.s.ServletContextHandler@5684d608{logs,/logs,file:///home/runner/work/ozone/ozone/hadoop-ozone/integration-test/target/log,STOPPED}
2024-07-25 11:29:19,801 [ForkJoinPool.commonPool-worker-3] INFO  ozone.HddsDatanodeClientProtocolServer (HddsDatanodeClientProtocolServer.java:stop(83)) - Stopping the RPC server for Client Protocol
2024-07-25 11:29:19,801 [ForkJoinPool.commonPool-worker-3] INFO  ipc.Server (Server.java:stop(3523)) - Stopping server on 15028
2024-07-25 11:29:19,801 [IPC Server Responder] INFO  ipc.Server (Server.java:run(1567)) - Stopping IPC Server Responder
2024-07-25 11:29:19,802 [IPC Server listener on 15028] INFO  ipc.Server (Server.java:run(1434)) - Stopping IPC Server listener on 15028
2024-07-25 11:29:19,805 [main] INFO  handler.ContextHandler (ContextHandler.java:doStop(1159)) - Stopped o.e.j.w.WebAppContext@3ce524a8{hddsDatanode,/,null,STOPPED}{jar:file:/home/runner/work/ozone/ozone/hadoop-hdds/container-service/target/hdds-container-service-1.5.0-SNAPSHOT.jar!/webapps/hddsDatanode}
2024-07-25 11:29:19,805 [main] INFO  server.AbstractConnector (AbstractConnector.java:doStop(383)) - Stopped ServerConnector@4eb168a1{HTTP/1.1, (http/1.1)}{0.0.0.0:15018}
2024-07-25 11:29:19,806 [main] INFO  server.session (HouseKeeper.java:stopScavenging(149)) - node0 Stopped scavenging
2024-07-25 11:29:19,806 [main] INFO  handler.ContextHandler (ContextHandler.java:doStop(1159)) - Stopped o.e.j.s.ServletContextHandler@1227013b{static,/static,jar:file:/home/runner/work/ozone/ozone/hadoop-hdds/container-service/target/hdds-container-service-1.5.0-SNAPSHOT.jar!/webapps/static,STOPPED}
2024-07-25 11:29:19,806 [main] INFO  handler.ContextHandler (ContextHandler.java:doStop(1159)) - Stopped o.e.j.s.ServletContextHandler@1a7186ef{logs,/logs,file:///home/runner/work/ozone/ozone/hadoop-ozone/integration-test/target/log,STOPPED}
2024-07-25 11:29:19,807 [main] INFO  ozone.HddsDatanodeClientProtocolServer (HddsDatanodeClientProtocolServer.java:stop(83)) - Stopping the RPC server for Client Protocol
2024-07-25 11:29:19,807 [main] INFO  ipc.Server (Server.java:stop(3523)) - Stopping server on 15019
2024-07-25 11:29:19,808 [IPC Server listener on 15019] INFO  ipc.Server (Server.java:run(1434)) - Stopping IPC Server listener on 15019
2024-07-25 11:29:19,808 [main] INFO  ozone.MiniOzoneClusterImpl (MiniOzoneClusterImpl.java:stopSCM(486)) - Stopping the StorageContainerManager
2024-07-25 11:29:19,808 [IPC Server Responder] INFO  ipc.Server (Server.java:run(1567)) - Stopping IPC Server Responder
2024-07-25 11:29:19,808 [main] INFO  server.StorageContainerManager (StorageContainerManager.java:stop(1648)) - Container Balancer is not running.
2024-07-25 11:29:19,808 [main] INFO  server.StorageContainerManager (StorageContainerManager.java:stopReplicationManager(1786)) - Stopping Replication Manager Service.
2024-07-25 11:29:19,808 [main] INFO  replication.ReplicationManager (ReplicationManager.java:stop(329)) - Stopping Replication Monitor Thread.
2024-07-25 11:29:19,809 [main] INFO  server.StorageContainerManager (StorageContainerManager.java:stop(1657)) - Stopping the Datanode Admin Monitor.
2024-07-25 11:29:19,809 [ReplicationMonitor] INFO  replication.ReplicationManager (ReplicationManager.java:run(938)) - Replication Monitor Thread is stopped
2024-07-25 11:29:19,809 [main] INFO  server.StorageContainerManager (StorageContainerManager.java:stop(1664)) - Stopping datanode service RPC server
2024-07-25 11:29:19,809 [main] INFO  server.SCMDatanodeProtocolServer (SCMDatanodeProtocolServer.java:stop(425)) - Stopping the RPC server for DataNodes
2024-07-25 11:29:19,809 [main] INFO  ipc.Server (Server.java:stop(3523)) - Stopping server on 15002
2024-07-25 11:29:19,809 [UnderReplicatedProcessor] WARN  replication.UnhealthyReplicationProcessor (UnhealthyReplicationProcessor.java:run(180)) - UnderReplicatedProcessor interrupted. Exiting...
2024-07-25 11:29:19,811 [IPC Server listener on 15002] INFO  ipc.Server (Server.java:run(1434)) - Stopping IPC Server listener on 15002
2024-07-25 11:29:19,809 [OverReplicatedProcessor] WARN  replication.UnhealthyReplicationProcessor (UnhealthyReplicationProcessor.java:run(180)) - OverReplicatedProcessor interrupted. Exiting...
2024-07-25 11:29:19,811 [IPC Server Responder] INFO  ipc.Server (Server.java:run(1567)) - Stopping IPC Server Responder
2024-07-25 11:29:19,884 [SCMHeartbeatProcessor-0] WARN  node.NodeStateManager (NodeStateManager.java:scheduleNextHealthCheck(883)) - Current Thread is interrupted, shutting down HB processing thread for Node Manager.
2024-07-25 11:29:19,884 [main] INFO  server.StorageContainerManager (StorageContainerManager.java:stop(1672)) - Stopping block service RPC server
2024-07-25 11:29:19,884 [main] INFO  server.SCMBlockProtocolServer (SCMBlockProtocolServer.java:stop(176)) - Stopping the RPC server for Block Protocol
2024-07-25 11:29:19,885 [main] INFO  ipc.Server (Server.java:stop(3523)) - Stopping server on 15001
2024-07-25 11:29:19,890 [IPC Server listener on 15001] INFO  ipc.Server (Server.java:run(1434)) - Stopping IPC Server listener on 15001
2024-07-25 11:29:19,890 [IPC Server Responder] INFO  ipc.Server (Server.java:run(1567)) - Stopping IPC Server Responder
2024-07-25 11:29:19,891 [main] INFO  server.StorageContainerManager (StorageContainerManager.java:stop(1679)) - Stopping the StorageContainerLocationProtocol RPC server
2024-07-25 11:29:19,891 [main] INFO  server.SCMClientProtocolServer (SCMClientProtocolServer.java:stop(217)) - Stopping the RPC server for Client Protocol
2024-07-25 11:29:19,891 [main] INFO  ipc.Server (Server.java:stop(3523)) - Stopping server on 15000
2024-07-25 11:29:19,895 [IPC Server listener on 15000] INFO  ipc.Server (Server.java:run(1434)) - Stopping IPC Server listener on 15000
2024-07-25 11:29:19,895 [IPC Server Responder] INFO  ipc.Server (Server.java:run(1567)) - Stopping IPC Server Responder
2024-07-25 11:29:19,895 [main] INFO  server.StorageContainerManager (StorageContainerManager.java:stop(1686)) - Stopping Storage Container Manager HTTP server.
2024-07-25 11:29:19,896 [main] INFO  handler.ContextHandler (ContextHandler.java:doStop(1159)) - Stopped o.e.j.w.WebAppContext@511a307e{scm,/,null,STOPPED}{file:/home/runner/work/ozone/ozone/hadoop-ozone/integration-test/target/test-classes/webapps/scm}
2024-07-25 11:29:19,897 [main] INFO  server.AbstractConnector (AbstractConnector.java:doStop(383)) - Stopped ServerConnector@41bbdd8a{HTTP/1.1, (http/1.1)}{0.0.0.0:15003}
2024-07-25 11:29:19,898 [main] INFO  server.session (HouseKeeper.java:stopScavenging(149)) - node0 Stopped scavenging
2024-07-25 11:29:19,898 [main] INFO  handler.ContextHandler (ContextHandler.java:doStop(1159)) - Stopped o.e.j.s.ServletContextHandler@5b657342{static,/static,file:///home/runner/work/ozone/ozone/hadoop-ozone/integration-test/target/test-classes/webapps/static,STOPPED}
2024-07-25 11:29:19,898 [main] INFO  handler.ContextHandler (ContextHandler.java:doStop(1159)) - Stopped o.e.j.s.ServletContextHandler@13dc383b{logs,/logs,file:///home/runner/work/ozone/ozone/hadoop-ozone/integration-test/target/log,STOPPED}
2024-07-25 11:29:19,899 [main] INFO  server.StorageContainerManager (StorageContainerManager.java:stop(1694)) - Stopping SCM LayoutVersionManager Service.
2024-07-25 11:29:19,899 [main] INFO  server.StorageContainerManager (StorageContainerManager.java:stop(1706)) - Stopping Block Manager Service.
2024-07-25 11:29:19,899 [main] INFO  utils.BackgroundService (BackgroundService.java:shutdown(163)) - Shutting down service SCMBlockDeletingService
2024-07-25 11:29:19,900 [main] INFO  utils.BackgroundService (BackgroundService.java:shutdown(163)) - Shutting down service SCMBlockDeletingService
2024-07-25 11:29:19,900 [main] INFO  server.StorageContainerManager (StorageContainerManager.java:stop(1731)) - Stopping SCM Event Queue.
2024-07-25 11:29:19,901 [JvmPauseMonitor0] INFO  util.JvmPauseMonitor (JvmPauseMonitor.java:run(152)) - JvmPauseMonitor-35b53a12-64e5-4743-ac3a-7bc55db49549: Stopped
2024-07-25 11:29:19,902 [main] INFO  server.StorageContainerManager (StorageContainerManager.java:stop(1742)) - Stopping SCM HA services.
2024-07-25 11:29:19,902 [main] INFO  pipeline.BackgroundPipelineCreator (BackgroundPipelineCreator.java:stop(152)) - Stopping RatisPipelineUtilsThread.
2024-07-25 11:29:19,902 [RatisPipelineUtilsThread-0] WARN  pipeline.BackgroundPipelineCreator (BackgroundPipelineCreator.java:run(183)) - RatisPipelineUtilsThread is interrupted.
2024-07-25 11:29:19,902 [BackgroundPipelineScrubber] WARN  BackgroundPipelineScrubber (BackgroundSCMService.java:run(112)) - BackgroundPipelineScrubber is interrupted, exit
2024-07-25 11:29:19,902 [main] INFO  BackgroundPipelineScrubber (BackgroundSCMService.java:stop(128)) - Stopping BackgroundPipelineScrubber Service.
2024-07-25 11:29:19,903 [main] INFO  impl.MetricsSystemImpl (MetricsSystemImpl.java:stop(210)) - Stopping HddsDatanode metrics system...
2024-07-25 11:29:19,904 [prometheus] INFO  impl.MetricsSinkAdapter (MetricsSinkAdapter.java:publishMetricsFromQueue(141)) - prometheus thread interrupted.
2024-07-25 11:29:19,905 [main] INFO  impl.MetricsSystemImpl (MetricsSystemImpl.java:stop(216)) - HddsDatanode metrics system stopped.
2024-07-25 11:29:19,905 [main] WARN  pipeline.BackgroundPipelineCreator (BackgroundPipelineCreator.java:stop(148)) - RatisPipelineUtilsThread is not running, just ignore.
2024-07-25 11:29:19,905 [main] INFO  BackgroundPipelineScrubber (BackgroundSCMService.java:stop(123)) - BackgroundPipelineScrubber Service is not running, skip stop.
2024-07-25 11:29:19,905 [ExpiredContainerReplicaOpScrubber] WARN  ExpiredContainerReplicaOpScrubber (BackgroundSCMService.java:run(112)) - ExpiredContainerReplicaOpScrubber is interrupted, exit
2024-07-25 11:29:19,905 [main] INFO  ExpiredContainerReplicaOpScrubber (BackgroundSCMService.java:stop(128)) - Stopping ExpiredContainerReplicaOpScrubber Service.
2024-07-25 11:29:19,906 [main] INFO  utils.BackgroundService (BackgroundService.java:shutdown(163)) - Shutting down service SCMBlockDeletingService
2024-07-25 11:29:19,906 [main] INFO  replication.ReplicationManager (ReplicationManager.java:stop(339)) - Replication Monitor Thread is not running.
2024-07-25 11:29:19,906 [main] WARN  balancer.ContainerBalancer (ContainerBalancer.java:stop(349)) - Cannot stop Container Balancer because it's not running or stopping
2024-07-25 11:29:19,906 [LeaseManager#LeaseMonitor] WARN  lease.LeaseManager (LeaseManager.java:run(286)) - Lease manager is interrupted. Shutting down...
java.lang.InterruptedException
	at java.base/java.util.concurrent.locks.AbstractQueuedSynchronizer.tryAcquireSharedNanos(AbstractQueuedSynchronizer.java:1081)
	at java.base/java.util.concurrent.Semaphore.tryAcquire(Semaphore.java:415)
	at org.apache.hadoop.ozone.lease.LeaseManager$LeaseMonitor.run(LeaseManager.java:284)
	at java.base/java.lang.Thread.run(Thread.java:840)
2024-07-25 11:29:19,906 [main] INFO  server.StorageContainerManager (StorageContainerManager.java:stop(1777)) - Stopping SCM MetadataStore.
]]></system-out>
  </testcase>
</testsuite>