<?xml version="1.0" encoding="UTF-8"?>
<testsuite xmlns:xsi="http://www.w3.org/2001/XMLSchema-instance" xsi:noNamespaceSchemaLocation="https://maven.apache.org/surefire/maven-surefire-plugin/xsd/surefire-test-report.xsd" name="org.apache.hadoop.ozone.om.TestOzoneManagerPrepare" time="546.505" tests="6" errors="4" skipped="1" failures="0">
  <properties>
    <property name="awt.toolkit" value="sun.awt.X11.XToolkit"/>
    <property name="file.encoding.pkg" value="sun.io"/>
    <property name="java.specification.version" value="1.8"/>
    <property name="sun.cpu.isalist" value=""/>
    <property name="sun.jnu.encoding" value="UTF-8"/>
    <property name="java.class.path" value="/home/runner/work/ozone/ozone/hadoop-ozone/integration-test/target/test-classes:/home/runner/work/ozone/ozone/hadoop-ozone/integration-test/target/classes:/home/runner/.m2/repository/org/apache/ozone/ozone-common/1.2.0-SNAPSHOT/ozone-common-1.2.0-SNAPSHOT.jar:/home/runner/.m2/repository/org/apache/commons/commons-compress/1.20/commons-compress-1.20.jar:/home/runner/.m2/repository/org/apache/ozone/hdds-common/1.2.0-SNAPSHOT/hdds-common-1.2.0-SNAPSHOT.jar:/home/runner/.m2/repository/org/apache/ozone/hdds-client/1.2.0-SNAPSHOT/hdds-client-1.2.0-SNAPSHOT.jar:/home/runner/.m2/repository/org/apache/ozone/ozone-interface-client/1.2.0-SNAPSHOT/ozone-interface-client-1.2.0-SNAPSHOT.jar:/home/runner/.m2/repository/org/apache/ozone/hdds-server-framework/1.2.0-SNAPSHOT/hdds-server-framework-1.2.0-SNAPSHOT.jar:/home/runner/.m2/repository/org/apache/ozone/hdds-interface-server/1.2.0-SNAPSHOT/hdds-interface-server-1.2.0-SNAPSHOT.jar:/home/runner/.m2/repository/org/eclipse/jetty/jetty-servlet/9.4.43.v20210629/jetty-servlet-9.4.43.v20210629.jar:/home/runner/.m2/repository/org/eclipse/jetty/jetty-security/9.4.43.v20210629/jetty-security-9.4.43.v20210629.jar:/home/runner/.m2/repository/org/rocksdb/rocksdbjni/6.20.3/rocksdbjni-6.20.3.jar:/home/runner/.m2/repository/io/prometheus/simpleclient_dropwizard/0.7.0/simpleclient_dropwizard-0.7.0.jar:/home/runner/.m2/repository/io/prometheus/simpleclient/0.7.0/simpleclient-0.7.0.jar:/home/runner/.m2/repository/io/prometheus/simpleclient_common/0.7.0/simpleclient_common-0.7.0.jar:/home/runner/.m2/repository/com/fasterxml/jackson/datatype/jackson-datatype-jsr310/2.12.1/jackson-datatype-jsr310-2.12.1.jar:/home/runner/.m2/repository/org/apache/ozone/hdds-test-utils/1.2.0-SNAPSHOT/hdds-test-utils-1.2.0-SNAPSHOT.jar:/home/runner/.m2/repository/com/google/guava/guava/30.1.1-jre/guava-30.1.1-jre.jar:/home/runner/.m2/repository/com/google/guava/failureaccess/1.0.1/failureaccess-1.0.1.jar:/home/runner/.m2/repository/com/google/guava/listenablefuture/9999.0-empty-to-avoid-conflict-with-guava/listenablefuture-9999.0-empty-to-avoid-conflict-with-guava.jar:/home/runner/.m2/repository/com/google/code/findbugs/jsr305/3.0.0/jsr305-3.0.0.jar:/home/runner/.m2/repository/org/checkerframework/checker-qual/3.8.0/checker-qual-3.8.0.jar:/home/runner/.m2/repository/com/google/errorprone/error_prone_annotations/2.2.0/error_prone_annotations-2.2.0.jar:/home/runner/.m2/repository/com/google/j2objc/j2objc-annotations/1.3/j2objc-annotations-1.3.jar:/home/runner/.m2/repository/commons-io/commons-io/2.8.0/commons-io-2.8.0.jar:/home/runner/.m2/repository/commons-logging/commons-logging/1.2/commons-logging-1.2.jar:/home/runner/.m2/repository/log4j/log4j/1.2.17/log4j-1.2.17.jar:/home/runner/.m2/repository/org/slf4j/slf4j-api/1.7.30/slf4j-api-1.7.30.jar:/home/runner/.m2/repository/org/apache/ozone/hdds-server-scm/1.2.0-SNAPSHOT/hdds-server-scm-1.2.0-SNAPSHOT.jar:/home/runner/.m2/repository/org/apache/ozone/hdds-container-service/1.2.0-SNAPSHOT/hdds-container-service-1.2.0-SNAPSHOT.jar:/home/runner/.m2/repository/org/apache/ozone/hdds-hadoop-dependency-server/1.2.0-SNAPSHOT/hdds-hadoop-dependency-server-1.2.0-SNAPSHOT.jar:/home/runner/.m2/repository/org/apache/hadoop/hadoop-hdfs/3.3.1/hadoop-hdfs-3.3.1.jar:/home/runner/.m2/repository/io/dropwizard/metrics/metrics-core/3.2.4/metrics-core-3.2.4.jar:/home/runner/.m2/repository/org/apache/hadoop/hadoop-hdfs-client/3.3.1/hadoop-hdfs-client-3.3.1.jar:/home/runner/.m2/repository/org/bouncycastle/bcprov-jdk15on/1.67/bcprov-jdk15on-1.67.jar:/home/runner/.m2/repository/com/google/protobuf/protobuf-java/2.5.0/protobuf-java-2.5.0.jar:/home/runner/.m2/repository/org/apache/ozone/ozone-manager/1.2.0-SNAPSHOT/ozone-manager-1.2.0-SNAPSHOT.jar:/home/runner/.m2/repository/org/aspectj/aspectjrt/1.9.7/aspectjrt-1.9.7.jar:/home/runner/.m2/repository/org/aspectj/aspectjweaver/1.9.7/aspectjweaver-1.9.7.jar:/home/runner/.m2/repository/org/apache/ozone/hdds-interface-client/1.2.0-SNAPSHOT/hdds-interface-client-1.2.0-SNAPSHOT.jar:/home/runner/.m2/repository/org/apache/hadoop/thirdparty/hadoop-shaded-protobuf_3_7/1.1.1/hadoop-shaded-protobuf_3_7-1.1.1.jar:/home/runner/.m2/repository/org/apache/ozone/ozone-interface-storage/1.2.0-SNAPSHOT/ozone-interface-storage-1.2.0-SNAPSHOT.jar:/home/runner/.m2/repository/org/reflections/reflections/0.9.11/reflections-0.9.11.jar:/home/runner/.m2/repository/org/apache/hadoop/hadoop-minikdc/3.3.1/hadoop-minikdc-3.3.1.jar:/home/runner/.m2/repository/org/apache/kerby/kerb-simplekdc/1.0.1/kerb-simplekdc-1.0.1.jar:/home/runner/.m2/repository/org/apache/kerby/kerb-client/1.0.1/kerb-client-1.0.1.jar:/home/runner/.m2/repository/org/apache/kerby/kerby-config/1.0.1/kerby-config-1.0.1.jar:/home/runner/.m2/repository/org/apache/kerby/kerb-common/1.0.1/kerb-common-1.0.1.jar:/home/runner/.m2/repository/org/apache/kerby/kerb-crypto/1.0.1/kerb-crypto-1.0.1.jar:/home/runner/.m2/repository/org/apache/kerby/kerb-util/1.0.1/kerb-util-1.0.1.jar:/home/runner/.m2/repository/org/apache/kerby/token-provider/1.0.1/token-provider-1.0.1.jar:/home/runner/.m2/repository/org/apache/kerby/kerb-admin/1.0.1/kerb-admin-1.0.1.jar:/home/runner/.m2/repository/org/apache/kerby/kerb-server/1.0.1/kerb-server-1.0.1.jar:/home/runner/.m2/repository/org/apache/kerby/kerb-identity/1.0.1/kerb-identity-1.0.1.jar:/home/runner/.m2/repository/org/apache/kerby/kerby-xdr/1.0.1/kerby-xdr-1.0.1.jar:/home/runner/.m2/repository/org/slf4j/slf4j-log4j12/1.7.30/slf4j-log4j12-1.7.30.jar:/home/runner/.m2/repository/org/apache/ozone/ozone-s3gateway/1.2.0-SNAPSHOT/ozone-s3gateway-1.2.0-SNAPSHOT.jar:/home/runner/.m2/repository/org/javassist/javassist/3.21.0-GA/javassist-3.21.0-GA.jar:/home/runner/.m2/repository/org/jboss/weld/servlet/weld-servlet/2.4.7.Final/weld-servlet-2.4.7.Final.jar:/home/runner/.m2/repository/org/glassfish/jersey/containers/jersey-container-servlet-core/2.33/jersey-container-servlet-core-2.33.jar:/home/runner/.m2/repository/org/glassfish/hk2/external/jakarta.inject/2.6.1/jakarta.inject-2.6.1.jar:/home/runner/.m2/repository/org/glassfish/jersey/core/jersey-common/2.33/jersey-common-2.33.jar:/home/runner/.m2/repository/jakarta/ws/rs/jakarta.ws.rs-api/2.1.6/jakarta.ws.rs-api-2.1.6.jar:/home/runner/.m2/repository/org/glassfish/jersey/ext/cdi/jersey-cdi1x/2.33/jersey-cdi1x-2.33.jar:/home/runner/.m2/repository/org/glassfish/jersey/inject/jersey-hk2/2.33/jersey-hk2-2.33.jar:/home/runner/.m2/repository/org/glassfish/hk2/hk2-locator/2.6.1/hk2-locator-2.6.1.jar:/home/runner/.m2/repository/org/glassfish/jersey/media/jersey-media-jaxb/2.33/jersey-media-jaxb-2.33.jar:/home/runner/.m2/repository/org/glassfish/hk2/osgi-resource-locator/1.0.3/osgi-resource-locator-1.0.3.jar:/home/runner/.m2/repository/org/glassfish/hk2/hk2-api/2.5.0/hk2-api-2.5.0.jar:/home/runner/.m2/repository/org/glassfish/hk2/hk2-utils/2.5.0/hk2-utils-2.5.0.jar:/home/runner/.m2/repository/org/glassfish/hk2/external/aopalliance-repackaged/2.5.0/aopalliance-repackaged-2.5.0.jar:/home/runner/.m2/repository/com/fasterxml/jackson/dataformat/jackson-dataformat-xml/2.12.1/jackson-dataformat-xml-2.12.1.jar:/home/runner/.m2/repository/com/fasterxml/jackson/core/jackson-core/2.12.1/jackson-core-2.12.1.jar:/home/runner/.m2/repository/com/fasterxml/jackson/module/jackson-module-jaxb-annotations/2.12.1/jackson-module-jaxb-annotations-2.12.1.jar:/home/runner/.m2/repository/jakarta/xml/bind/jakarta.xml.bind-api/2.3.2/jakarta.xml.bind-api-2.3.2.jar:/home/runner/.m2/repository/org/codehaus/woodstox/stax2-api/3.1.4/stax2-api-3.1.4.jar:/home/runner/.m2/repository/com/fasterxml/woodstox/woodstox-core/5.0.3/woodstox-core-5.0.3.jar:/home/runner/.m2/repository/javax/enterprise/cdi-api/1.2/cdi-api-1.2.jar:/home/runner/.m2/repository/javax/el/javax.el-api/3.0.0/javax.el-api-3.0.0.jar:/home/runner/.m2/repository/javax/interceptor/javax.interceptor-api/1.2/javax.interceptor-api-1.2.jar:/home/runner/.m2/repository/javax/inject/javax.inject/1/javax.inject-1.jar:/home/runner/.m2/repository/javax/xml/bind/jaxb-api/2.3.0/jaxb-api-2.3.0.jar:/home/runner/.m2/repository/org/glassfish/jaxb/jaxb-runtime/2.3.0.1/jaxb-runtime-2.3.0.1.jar:/home/runner/.m2/repository/org/glassfish/jaxb/jaxb-core/2.3.0.1/jaxb-core-2.3.0.1.jar:/home/runner/.m2/repository/org/glassfish/jaxb/txw2/2.3.0.1/txw2-2.3.0.1.jar:/home/runner/.m2/repository/com/sun/istack/istack-commons-runtime/3.0.5/istack-commons-runtime-3.0.5.jar:/home/runner/.m2/repository/org/jvnet/staxex/stax-ex/1.7.8/stax-ex-1.7.8.jar:/home/runner/.m2/repository/com/sun/xml/fastinfoset/FastInfoset/1.2.13/FastInfoset-1.2.13.jar:/home/runner/.m2/repository/javax/activation/activation/1.1.1/activation-1.1.1.jar:/home/runner/.m2/repository/org/apache/ozone/ozone-csi/1.2.0-SNAPSHOT/ozone-csi-1.2.0-SNAPSHOT.jar:/home/runner/.m2/repository/com/google/protobuf/protobuf-java-util/3.12.0/protobuf-java-util-3.12.0.jar:/home/runner/.m2/repository/com/google/code/gson/gson/2.2.4/gson-2.2.4.jar:/home/runner/.m2/repository/org/apache/ozone/hdds-config/1.2.0-SNAPSHOT/hdds-config-1.2.0-SNAPSHOT.jar:/home/runner/.m2/repository/io/grpc/grpc-netty/1.33.0/grpc-netty-1.33.0.jar:/home/runner/.m2/repository/io/grpc/grpc-core/1.33.0/grpc-core-1.33.0.jar:/home/runner/.m2/repository/com/google/android/annotations/4.1.1.4/annotations-4.1.1.4.jar:/home/runner/.m2/repository/io/netty/netty-codec-http2/4.1.63.Final/netty-codec-http2-4.1.63.Final.jar:/home/runner/.m2/repository/io/netty/netty-codec-http/4.1.63.Final/netty-codec-http-4.1.63.Final.jar:/home/runner/.m2/repository/io/netty/netty-handler-proxy/4.1.63.Final/netty-handler-proxy-4.1.63.Final.jar:/home/runner/.m2/repository/io/netty/netty-codec-socks/4.1.63.Final/netty-codec-socks-4.1.63.Final.jar:/home/runner/.m2/repository/io/perfmark/perfmark-api/0.19.0/perfmark-api-0.19.0.jar:/home/runner/.m2/repository/org/codehaus/mojo/animal-sniffer-annotations/1.18/animal-sniffer-annotations-1.18.jar:/home/runner/.m2/repository/io/netty/netty-transport-native-epoll/4.1.63.Final/netty-transport-native-epoll-4.1.63.Final.jar:/home/runner/.m2/repository/io/netty/netty-common/4.1.63.Final/netty-common-4.1.63.Final.jar:/home/runner/.m2/repository/io/netty/netty-buffer/4.1.63.Final/netty-buffer-4.1.63.Final.jar:/home/runner/.m2/repository/io/netty/netty-transport-native-unix-common/4.1.63.Final/netty-transport-native-unix-common-4.1.63.Final.jar:/home/runner/.m2/repository/io/grpc/grpc-protobuf/1.33.0/grpc-protobuf-1.33.0.jar:/home/runner/.m2/repository/io/grpc/grpc-api/1.33.0/grpc-api-1.33.0.jar:/home/runner/.m2/repository/io/grpc/grpc-context/1.33.0/grpc-context-1.33.0.jar:/home/runner/.m2/repository/com/google/api/grpc/proto-google-common-protos/1.17.0/proto-google-common-protos-1.17.0.jar:/home/runner/.m2/repository/io/grpc/grpc-protobuf-lite/1.33.0/grpc-protobuf-lite-1.33.0.jar:/home/runner/.m2/repository/io/grpc/grpc-stub/1.33.0/grpc-stub-1.33.0.jar:/home/runner/.m2/repository/org/apache/ozone/ozone-recon/1.2.0-SNAPSHOT/ozone-recon-1.2.0-SNAPSHOT.jar:/home/runner/.m2/repository/org/apache/ozone/ozone-reconcodegen/1.2.0-SNAPSHOT/ozone-reconcodegen-1.2.0-SNAPSHOT.jar:/home/runner/.m2/repository/com/google/inject/extensions/guice-multibindings/4.0/guice-multibindings-4.0.jar:/home/runner/.m2/repository/com/google/inject/guice/4.0/guice-4.0.jar:/home/runner/.m2/repository/aopalliance/aopalliance/1.0/aopalliance-1.0.jar:/home/runner/.m2/repository/com/google/inject/extensions/guice-assistedinject/4.0/guice-assistedinject-4.0.jar:/home/runner/.m2/repository/com/google/inject/extensions/guice-servlet/4.0/guice-servlet-4.0.jar:/home/runner/.m2/repository/org/glassfish/jersey/containers/jersey-container-servlet/2.33/jersey-container-servlet-2.33.jar:/home/runner/.m2/repository/org/glassfish/hk2/guice-bridge/2.5.0/guice-bridge-2.5.0.jar:/home/runner/.m2/repository/org/glassfish/jersey/core/jersey-server/2.33/jersey-server-2.33.jar:/home/runner/.m2/repository/org/glassfish/jersey/core/jersey-client/2.33/jersey-client-2.33.jar:/home/runner/.m2/repository/jakarta/annotation/jakarta.annotation-api/1.3.5/jakarta.annotation-api-1.3.5.jar:/home/runner/.m2/repository/jakarta/validation/jakarta.validation-api/2.0.2/jakarta.validation-api-2.0.2.jar:/home/runner/.m2/repository/org/glassfish/jersey/media/jersey-media-json-jackson/2.33/jersey-media-json-jackson-2.33.jar:/home/runner/.m2/repository/org/glassfish/jersey/ext/jersey-entity-filtering/2.33/jersey-entity-filtering-2.33.jar:/home/runner/.m2/repository/org/jooq/jooq/3.11.10/jooq-3.11.10.jar:/home/runner/.m2/repository/org/jooq/jooq-meta/3.11.10/jooq-meta-3.11.10.jar:/home/runner/.m2/repository/org/jooq/jooq-codegen/3.11.10/jooq-codegen-3.11.10.jar:/home/runner/.m2/repository/com/jolbox/bonecp/0.8.0.RELEASE/bonecp-0.8.0.RELEASE.jar:/home/runner/.m2/repository/org/apache/derby/derby/10.14.2.0/derby-10.14.2.0.jar:/home/runner/.m2/repository/org/xerial/sqlite-jdbc/3.25.2/sqlite-jdbc-3.25.2.jar:/home/runner/.m2/repository/org/springframework/spring-jdbc/5.2.11.RELEASE/spring-jdbc-5.2.11.RELEASE.jar:/home/runner/.m2/repository/org/springframework/spring-beans/5.2.11.RELEASE/spring-beans-5.2.11.RELEASE.jar:/home/runner/.m2/repository/org/springframework/spring-core/5.2.11.RELEASE/spring-core-5.2.11.RELEASE.jar:/home/runner/.m2/repository/org/springframework/spring-jcl/5.2.11.RELEASE/spring-jcl-5.2.11.RELEASE.jar:/home/runner/.m2/repository/org/springframework/spring-tx/5.2.11.RELEASE/spring-tx-5.2.11.RELEASE.jar:/home/runner/.m2/repository/org/apache/ozone/ozone-client/1.2.0-SNAPSHOT/ozone-client-1.2.0-SNAPSHOT.jar:/home/runner/.m2/repository/org/apache/ozone/ozone-filesystem/1.2.0-SNAPSHOT/ozone-filesystem-1.2.0-SNAPSHOT.jar:/home/runner/.m2/repository/org/apache/ozone/ozone-filesystem-common/1.2.0-SNAPSHOT/ozone-filesystem-common-1.2.0-SNAPSHOT.jar:/home/runner/.m2/repository/org/apache/ozone/ozone-tools/1.2.0-SNAPSHOT/ozone-tools-1.2.0-SNAPSHOT.jar:/home/runner/.m2/repository/org/apache/ratis/ratis-tools/2.1.0-03f3b68-SNAPSHOT/ratis-tools-2.1.0-03f3b68-SNAPSHOT.jar:/home/runner/.m2/repository/com/amazonaws/aws-java-sdk-core/1.11.901/aws-java-sdk-core-1.11.901.jar:/home/runner/.m2/repository/org/apache/httpcomponents/httpclient/4.5.13/httpclient-4.5.13.jar:/home/runner/.m2/repository/org/apache/httpcomponents/httpcore/4.4.13/httpcore-4.4.13.jar:/home/runner/.m2/repository/software/amazon/ion/ion-java/1.0.2/ion-java-1.0.2.jar:/home/runner/.m2/repository/com/fasterxml/jackson/dataformat/jackson-dataformat-cbor/2.12.1/jackson-dataformat-cbor-2.12.1.jar:/home/runner/.m2/repository/joda-time/joda-time/2.8.1/joda-time-2.8.1.jar:/home/runner/.m2/repository/com/amazonaws/aws-java-sdk-s3/1.11.901/aws-java-sdk-s3-1.11.901.jar:/home/runner/.m2/repository/com/amazonaws/aws-java-sdk-kms/1.11.901/aws-java-sdk-kms-1.11.901.jar:/home/runner/.m2/repository/com/amazonaws/jmespath-java/1.11.901/jmespath-java-1.11.901.jar:/home/runner/.m2/repository/org/kohsuke/metainf-services/metainf-services/1.8/metainf-services-1.8.jar:/home/runner/.m2/repository/org/apache/ozone/hdds-tools/1.2.0-SNAPSHOT/hdds-tools-1.2.0-SNAPSHOT.jar:/home/runner/.m2/repository/commons-cli/commons-cli/1.2/commons-cli-1.2.jar:/home/runner/.m2/repository/org/apache/commons/commons-lang3/3.7/commons-lang3-3.7.jar:/home/runner/.m2/repository/org/apache/ozone/ozone-manager/1.2.0-SNAPSHOT/ozone-manager-1.2.0-SNAPSHOT-tests.jar:/home/runner/.m2/repository/org/apache/ozone/hdds-common/1.2.0-SNAPSHOT/hdds-common-1.2.0-SNAPSHOT-tests.jar:/home/runner/.m2/repository/org/apache/ozone/hdds-hadoop-dependency-client/1.2.0-SNAPSHOT/hdds-hadoop-dependency-client-1.2.0-SNAPSHOT.jar:/home/runner/.m2/repository/info/picocli/picocli/4.6.1/picocli-4.6.1.jar:/home/runner/.m2/repository/com/fasterxml/jackson/core/jackson-annotations/2.12.1/jackson-annotations-2.12.1.jar:/home/runner/.m2/repository/javax/annotation/javax.annotation-api/1.2/javax.annotation-api-1.2.jar:/home/runner/.m2/repository/org/apache/ratis/ratis-server/2.1.0-03f3b68-SNAPSHOT/ratis-server-2.1.0-03f3b68-SNAPSHOT.jar:/home/runner/.m2/repository/org/apache/ratis/ratis-client/2.1.0-03f3b68-SNAPSHOT/ratis-client-2.1.0-03f3b68-SNAPSHOT.jar:/home/runner/.m2/repository/org/apache/ratis/ratis-server-api/2.1.0-03f3b68-SNAPSHOT/ratis-server-api-2.1.0-03f3b68-SNAPSHOT.jar:/home/runner/.m2/repository/org/apache/ratis/ratis-metrics/2.1.0-03f3b68-SNAPSHOT/ratis-metrics-2.1.0-03f3b68-SNAPSHOT.jar:/home/runner/.m2/repository/org/apache/ratis/ratis-netty/2.1.0-03f3b68-SNAPSHOT/ratis-netty-2.1.0-03f3b68-SNAPSHOT.jar:/home/runner/.m2/repository/org/apache/ratis/ratis-grpc/2.1.0-03f3b68-SNAPSHOT/ratis-grpc-2.1.0-03f3b68-SNAPSHOT.jar:/home/runner/.m2/repository/org/apache/logging/log4j/log4j-api/2.13.3/log4j-api-2.13.3.jar:/home/runner/.m2/repository/org/apache/logging/log4j/log4j-core/2.13.3/log4j-core-2.13.3.jar:/home/runner/.m2/repository/com/lmax/disruptor/3.4.2/disruptor-3.4.2.jar:/home/runner/.m2/repository/org/apache/commons/commons-pool2/2.6.0/commons-pool2-2.6.0.jar:/home/runner/.m2/repository/org/bouncycastle/bcpkix-jdk15on/1.67/bcpkix-jdk15on-1.67.jar:/home/runner/.m2/repository/commons-validator/commons-validator/1.6/commons-validator-1.6.jar:/home/runner/.m2/repository/commons-beanutils/commons-beanutils/1.9.4/commons-beanutils-1.9.4.jar:/home/runner/.m2/repository/commons-digester/commons-digester/1.8.1/commons-digester-1.8.1.jar:/home/runner/.m2/repository/commons-collections/commons-collections/3.2.2/commons-collections-3.2.2.jar:/home/runner/.m2/repository/io/jaegertracing/jaeger-client/1.6.0/jaeger-client-1.6.0.jar:/home/runner/.m2/repository/io/jaegertracing/jaeger-thrift/1.6.0/jaeger-thrift-1.6.0.jar:/home/runner/.m2/repository/org/apache/thrift/libthrift/0.14.1/libthrift-0.14.1.jar:/home/runner/.m2/repository/com/squareup/okhttp3/okhttp/4.9.0/okhttp-4.9.0.jar:/home/runner/.m2/repository/com/squareup/okio/okio/2.8.0/okio-2.8.0.jar:/home/runner/.m2/repository/io/jaegertracing/jaeger-core/1.6.0/jaeger-core-1.6.0.jar:/home/runner/.m2/repository/io/jaegertracing/jaeger-tracerresolver/1.6.0/jaeger-tracerresolver-1.6.0.jar:/home/runner/.m2/repository/io/opentracing/contrib/opentracing-tracerresolver/0.1.8/opentracing-tracerresolver-0.1.8.jar:/home/runner/.m2/repository/org/jetbrains/kotlin/kotlin-stdlib/1.4.31/kotlin-stdlib-1.4.31.jar:/home/runner/.m2/repository/org/jetbrains/kotlin/kotlin-stdlib-common/1.4.31/kotlin-stdlib-common-1.4.31.jar:/home/runner/.m2/repository/org/jetbrains/annotations/13.0/annotations-13.0.jar:/home/runner/.m2/repository/io/opentracing/opentracing-util/0.33.0/opentracing-util-0.33.0.jar:/home/runner/.m2/repository/io/opentracing/opentracing-api/0.33.0/opentracing-api-0.33.0.jar:/home/runner/.m2/repository/io/opentracing/opentracing-noop/0.33.0/opentracing-noop-0.33.0.jar:/home/runner/.m2/repository/org/yaml/snakeyaml/1.26/snakeyaml-1.26.jar:/home/runner/.m2/repository/org/apache/ozone/hdds-interface-admin/1.2.0-SNAPSHOT/hdds-interface-admin-1.2.0-SNAPSHOT.jar:/home/runner/.m2/repository/junit/junit/4.13.1/junit-4.13.1.jar:/home/runner/.m2/repository/org/hamcrest/hamcrest-core/1.3/hamcrest-core-1.3.jar:/home/runner/.m2/repository/org/junit/jupiter/junit-jupiter-api/5.7.0/junit-jupiter-api-5.7.0.jar:/home/runner/.m2/repository/org/apiguardian/apiguardian-api/1.1.0/apiguardian-api-1.1.0.jar:/home/runner/.m2/repository/org/opentest4j/opentest4j/1.2.0/opentest4j-1.2.0.jar:/home/runner/.m2/repository/org/junit/platform/junit-platform-commons/1.7.0/junit-platform-commons-1.7.0.jar:/home/runner/.m2/repository/org/junit/jupiter/junit-jupiter-engine/5.7.0/junit-jupiter-engine-5.7.0.jar:/home/runner/.m2/repository/org/junit/platform/junit-platform-engine/1.7.0/junit-platform-engine-1.7.0.jar:/home/runner/.m2/repository/org/junit/vintage/junit-vintage-engine/5.7.0/junit-vintage-engine-5.7.0.jar:/home/runner/.m2/repository/org/junit/platform/junit-platform-launcher/1.7.0/junit-platform-launcher-1.7.0.jar:/home/runner/.m2/repository/org/openjdk/jmh/jmh-core/1.19/jmh-core-1.19.jar:/home/runner/.m2/repository/net/sf/jopt-simple/jopt-simple/4.6/jopt-simple-4.6.jar:/home/runner/.m2/repository/org/apache/commons/commons-math3/3.1.1/commons-math3-3.1.1.jar:/home/runner/.m2/repository/org/openjdk/jmh/jmh-generator-annprocess/1.19/jmh-generator-annprocess-1.19.jar:/home/runner/.m2/repository/org/mockito/mockito-core/2.28.2/mockito-core-2.28.2.jar:/home/runner/.m2/repository/net/bytebuddy/byte-buddy/1.9.10/byte-buddy-1.9.10.jar:/home/runner/.m2/repository/net/bytebuddy/byte-buddy-agent/1.9.10/byte-buddy-agent-1.9.10.jar:/home/runner/.m2/repository/org/objenesis/objenesis/1.0/objenesis-1.0.jar:/home/runner/.m2/repository/org/apache/hadoop/hadoop-kms/3.3.1/hadoop-kms-3.3.1.jar:/home/runner/.m2/repository/org/apache/hadoop/hadoop-auth/3.3.1/hadoop-auth-3.3.1.jar:/home/runner/.m2/repository/com/nimbusds/nimbus-jose-jwt/7.9/nimbus-jose-jwt-7.9.jar:/home/runner/.m2/repository/com/github/stephenc/jcip/jcip-annotations/1.0-1/jcip-annotations-1.0-1.jar:/home/runner/.m2/repository/net/minidev/json-smart/2.3/json-smart-2.3.jar:/home/runner/.m2/repository/net/minidev/accessors-smart/1.2/accessors-smart-1.2.jar:/home/runner/.m2/repository/org/ow2/asm/asm/5.0.4/asm-5.0.4.jar:/home/runner/.m2/repository/org/apache/zookeeper/zookeeper/3.5.6/zookeeper-3.5.6.jar:/home/runner/.m2/repository/org/apache/zookeeper/zookeeper-jute/3.5.6/zookeeper-jute-3.5.6.jar:/home/runner/.m2/repository/org/apache/yetus/audience-annotations/0.5.0/audience-annotations-0.5.0.jar:/home/runner/.m2/repository/org/apache/curator/curator-framework/4.2.0/curator-framework-4.2.0.jar:/home/runner/.m2/repository/org/apache/hadoop/thirdparty/hadoop-shaded-guava/1.1.1/hadoop-shaded-guava-1.1.1.jar:/home/runner/.m2/repository/com/sun/jersey/jersey-core/1.19/jersey-core-1.19.jar:/home/runner/.m2/repository/javax/ws/rs/jsr311-api/1.1.1/jsr311-api-1.1.1.jar:/home/runner/.m2/repository/com/sun/jersey/jersey-server/1.19/jersey-server-1.19.jar:/home/runner/.m2/repository/javax/servlet/javax.servlet-api/3.1.0/javax.servlet-api-3.1.0.jar:/home/runner/.m2/repository/org/eclipse/jetty/jetty-server/9.4.43.v20210629/jetty-server-9.4.43.v20210629.jar:/home/runner/.m2/repository/org/eclipse/jetty/jetty-http/9.4.43.v20210629/jetty-http-9.4.43.v20210629.jar:/home/runner/.m2/repository/org/eclipse/jetty/jetty-io/9.4.43.v20210629/jetty-io-9.4.43.v20210629.jar:/home/runner/.m2/repository/org/eclipse/jetty/jetty-webapp/9.4.43.v20210629/jetty-webapp-9.4.43.v20210629.jar:/home/runner/.m2/repository/org/eclipse/jetty/jetty-xml/9.4.43.v20210629/jetty-xml-9.4.43.v20210629.jar:/home/runner/.m2/repository/org/apache/hadoop/hadoop-common/3.3.1/hadoop-common-3.3.1.jar:/home/runner/.m2/repository/commons-net/commons-net/3.6/commons-net-3.6.jar:/home/runner/.m2/repository/jakarta/activation/jakarta.activation-api/1.2.1/jakarta.activation-api-1.2.1.jar:/home/runner/.m2/repository/com/sun/jersey/jersey-servlet/1.19/jersey-servlet-1.19.jar:/home/runner/.m2/repository/com/sun/jersey/jersey-json/1.19/jersey-json-1.19.jar:/home/runner/.m2/repository/org/codehaus/jettison/jettison/1.1/jettison-1.1.jar:/home/runner/.m2/repository/com/sun/xml/bind/jaxb-impl/2.2.3-1/jaxb-impl-2.2.3-1.jar:/home/runner/.m2/repository/org/codehaus/jackson/jackson-jaxrs/1.9.2/jackson-jaxrs-1.9.2.jar:/home/runner/.m2/repository/org/codehaus/jackson/jackson-xc/1.9.2/jackson-xc-1.9.2.jar:/home/runner/.m2/repository/org/apache/commons/commons-configuration2/2.1.1/commons-configuration2-2.1.1.jar:/home/runner/.m2/repository/org/apache/commons/commons-text/1.4/commons-text-1.4.jar:/home/runner/.m2/repository/com/google/re2j/re2j/1.1/re2j-1.1.jar:/home/runner/.m2/repository/com/jcraft/jsch/0.1.54/jsch-0.1.54.jar:/home/runner/.m2/repository/org/apache/curator/curator-client/4.2.0/curator-client-4.2.0.jar:/home/runner/.m2/repository/org/apache/curator/curator-recipes/4.2.0/curator-recipes-4.2.0.jar:/home/runner/.m2/repository/org/apache/kerby/kerb-core/1.0.1/kerb-core-1.0.1.jar:/home/runner/.m2/repository/org/apache/kerby/kerby-pkix/1.0.1/kerby-pkix-1.0.1.jar:/home/runner/.m2/repository/org/apache/kerby/kerby-asn1/1.0.1/kerby-asn1-1.0.1.jar:/home/runner/.m2/repository/org/apache/kerby/kerby-util/1.0.1/kerby-util-1.0.1.jar:/home/runner/.m2/repository/dnsjava/dnsjava/2.1.7/dnsjava-2.1.7.jar:/home/runner/.m2/repository/org/xerial/snappy/snappy-java/1.1.8.2/snappy-java-1.1.8.2.jar:/home/runner/.m2/repository/org/slf4j/jul-to-slf4j/1.7.30/jul-to-slf4j-1.7.30.jar:/home/runner/.m2/repository/org/eclipse/jetty/jetty-util/9.4.43.v20210629/jetty-util-9.4.43.v20210629.jar:/home/runner/.m2/repository/com/fasterxml/jackson/core/jackson-databind/2.12.1/jackson-databind-2.12.1.jar:/home/runner/.m2/repository/org/apache/hadoop/hadoop-kms/3.3.1/hadoop-kms-3.3.1-tests.jar:/home/runner/.m2/repository/org/apache/ozone/hdds-server-scm/1.2.0-SNAPSHOT/hdds-server-scm-1.2.0-SNAPSHOT-tests.jar:/home/runner/.m2/repository/org/apache/ozone/hdds-container-service/1.2.0-SNAPSHOT/hdds-container-service-1.2.0-SNAPSHOT-tests.jar:/home/runner/.m2/repository/commons-codec/commons-codec/1.11/commons-codec-1.11.jar:/home/runner/.m2/repository/io/netty/netty-transport/4.1.63.Final/netty-transport-4.1.63.Final.jar:/home/runner/.m2/repository/io/netty/netty-resolver/4.1.63.Final/netty-resolver-4.1.63.Final.jar:/home/runner/.m2/repository/io/netty/netty-codec/4.1.63.Final/netty-codec-4.1.63.Final.jar:/home/runner/.m2/repository/io/netty/netty-handler/4.1.63.Final/netty-handler-4.1.63.Final.jar:/home/runner/.m2/repository/org/apache/ozone/hdds-hadoop-dependency-test/1.2.0-SNAPSHOT/hdds-hadoop-dependency-test-1.2.0-SNAPSHOT.jar:/home/runner/.m2/repository/org/apache/hadoop/hadoop-common/3.3.1/hadoop-common-3.3.1-tests.jar:/home/runner/.m2/repository/org/assertj/assertj-core/3.12.2/assertj-core-3.12.2.jar:/home/runner/.m2/repository/org/apache/hadoop/hadoop-hdfs/3.3.1/hadoop-hdfs-3.3.1-tests.jar:/home/runner/.m2/repository/org/eclipse/jetty/jetty-util-ajax/9.4.43.v20210629/jetty-util-ajax-9.4.43.v20210629.jar:/home/runner/.m2/repository/commons-daemon/commons-daemon/1.0.13/commons-daemon-1.0.13.jar:/home/runner/.m2/repository/io/netty/netty/3.10.6.Final/netty-3.10.6.Final.jar:/home/runner/.m2/repository/io/netty/netty-all/4.1.63.Final/netty-all-4.1.63.Final.jar:/home/runner/.m2/repository/org/apache/htrace/htrace-core4/4.1.0-incubating/htrace-core4-4.1.0-incubating.jar:/home/runner/.m2/repository/org/fusesource/leveldbjni/leveldbjni-all/1.8/leveldbjni-all-1.8.jar:/home/runner/.m2/repository/org/apache/hadoop/hadoop-distcp/3.3.1/hadoop-distcp-3.3.1.jar:/home/runner/.m2/repository/org/apache/hadoop/hadoop-mapreduce-client-jobclient/3.3.1/hadoop-mapreduce-client-jobclient-3.3.1.jar:/home/runner/.m2/repository/org/apache/hadoop/hadoop-mapreduce-client-common/3.3.1/hadoop-mapreduce-client-common-3.3.1.jar:/home/runner/.m2/repository/org/apache/hadoop/hadoop-yarn-common/3.3.1/hadoop-yarn-common-3.3.1.jar:/home/runner/.m2/repository/org/apache/hadoop/hadoop-yarn-api/3.3.1/hadoop-yarn-api-3.3.1.jar:/home/runner/.m2/repository/com/sun/jersey/jersey-client/1.19/jersey-client-1.19.jar:/home/runner/.m2/repository/com/sun/jersey/contribs/jersey-guice/1.19/jersey-guice-1.19.jar:/home/runner/.m2/repository/com/fasterxml/jackson/jaxrs/jackson-jaxrs-json-provider/2.12.1/jackson-jaxrs-json-provider-2.12.1.jar:/home/runner/.m2/repository/com/fasterxml/jackson/jaxrs/jackson-jaxrs-base/2.12.1/jackson-jaxrs-base-2.12.1.jar:/home/runner/.m2/repository/org/apache/hadoop/hadoop-yarn-client/3.3.1/hadoop-yarn-client-3.3.1.jar:/home/runner/.m2/repository/org/eclipse/jetty/websocket/websocket-client/9.4.40.v20210413/websocket-client-9.4.40.v20210413.jar:/home/runner/.m2/repository/org/eclipse/jetty/jetty-client/9.4.40.v20210413/jetty-client-9.4.40.v20210413.jar:/home/runner/.m2/repository/org/eclipse/jetty/websocket/websocket-common/9.4.40.v20210413/websocket-common-9.4.40.v20210413.jar:/home/runner/.m2/repository/org/eclipse/jetty/websocket/websocket-api/9.4.40.v20210413/websocket-api-9.4.40.v20210413.jar:/home/runner/.m2/repository/org/jline/jline/3.9.0/jline-3.9.0.jar:/home/runner/.m2/repository/org/apache/hadoop/hadoop-mapreduce-client-core/3.3.1/hadoop-mapreduce-client-core-3.3.1.jar:/home/runner/.m2/repository/org/apache/avro/avro/1.7.7/avro-1.7.7.jar:/home/runner/.m2/repository/org/codehaus/jackson/jackson-core-asl/1.9.13/jackson-core-asl-1.9.13.jar:/home/runner/.m2/repository/org/codehaus/jackson/jackson-mapper-asl/1.9.13/jackson-mapper-asl-1.9.13.jar:/home/runner/.m2/repository/com/thoughtworks/paranamer/paranamer/2.3/paranamer-2.3.jar:/home/runner/.m2/repository/org/apache/hadoop/hadoop-annotations/3.3.1/hadoop-annotations-3.3.1.jar:/usr/lib/jvm/adoptopenjdk-8-hotspot-amd64/jre/../lib/tools.jar:/home/runner/.m2/repository/org/apache/hadoop/hadoop-distcp/3.3.1/hadoop-distcp-3.3.1-tests.jar:/home/runner/.m2/repository/org/apache/ratis/ratis-common/2.1.0-03f3b68-SNAPSHOT/ratis-common-2.1.0-03f3b68-SNAPSHOT.jar:/home/runner/.m2/repository/org/apache/ratis/ratis-thirdparty-misc/0.7.0/ratis-thirdparty-misc-0.7.0.jar:/home/runner/.m2/repository/org/apache/ratis/ratis-proto/2.1.0-03f3b68-SNAPSHOT/ratis-proto-2.1.0-03f3b68-SNAPSHOT.jar:"/>
    <property name="java.vm.vendor" value="AdoptOpenJDK"/>
    <property name="sun.arch.data.model" value="64"/>
    <property name="test.build.dir" value="/home/runner/work/ozone/ozone/hadoop-ozone/integration-test/target/test-dir"/>
    <property name="test.cache.data" value=""/>
    <property name="java.vendor.url" value="https://adoptopenjdk.net/"/>
    <property name="user.timezone" value=""/>
    <property name="java.vm.specification.version" value="1.8"/>
    <property name="os.name" value="Linux"/>
    <property name="test.build.data" value="/home/runner/work/ozone/ozone/hadoop-ozone/integration-test/target/test-dir"/>
    <property name="sun.java.launcher" value="SUN_STANDARD"/>
    <property name="sun.boot.library.path" value="/usr/lib/jvm/adoptopenjdk-8-hotspot-amd64/jre/lib/amd64"/>
    <property name="sun.java.command" value="/home/runner/work/ozone/ozone/hadoop-ozone/integration-test/target/surefire/surefirebooter948419755087636152.jar /home/runner/work/ozone/ozone/hadoop-ozone/integration-test/target/surefire 2021-10-05T00-55-31_063-jvmRun1 surefire3197771484856444785tmp surefire_267518158240125246059tmp"/>
    <property name="surefire.test.class.path" value="/home/runner/work/ozone/ozone/hadoop-ozone/integration-test/target/test-classes:/home/runner/work/ozone/ozone/hadoop-ozone/integration-test/target/classes:/home/runner/.m2/repository/org/apache/ozone/ozone-common/1.2.0-SNAPSHOT/ozone-common-1.2.0-SNAPSHOT.jar:/home/runner/.m2/repository/org/apache/commons/commons-compress/1.20/commons-compress-1.20.jar:/home/runner/.m2/repository/org/apache/ozone/hdds-common/1.2.0-SNAPSHOT/hdds-common-1.2.0-SNAPSHOT.jar:/home/runner/.m2/repository/org/apache/ozone/hdds-client/1.2.0-SNAPSHOT/hdds-client-1.2.0-SNAPSHOT.jar:/home/runner/.m2/repository/org/apache/ozone/ozone-interface-client/1.2.0-SNAPSHOT/ozone-interface-client-1.2.0-SNAPSHOT.jar:/home/runner/.m2/repository/org/apache/ozone/hdds-server-framework/1.2.0-SNAPSHOT/hdds-server-framework-1.2.0-SNAPSHOT.jar:/home/runner/.m2/repository/org/apache/ozone/hdds-interface-server/1.2.0-SNAPSHOT/hdds-interface-server-1.2.0-SNAPSHOT.jar:/home/runner/.m2/repository/org/eclipse/jetty/jetty-servlet/9.4.43.v20210629/jetty-servlet-9.4.43.v20210629.jar:/home/runner/.m2/repository/org/eclipse/jetty/jetty-security/9.4.43.v20210629/jetty-security-9.4.43.v20210629.jar:/home/runner/.m2/repository/org/rocksdb/rocksdbjni/6.20.3/rocksdbjni-6.20.3.jar:/home/runner/.m2/repository/io/prometheus/simpleclient_dropwizard/0.7.0/simpleclient_dropwizard-0.7.0.jar:/home/runner/.m2/repository/io/prometheus/simpleclient/0.7.0/simpleclient-0.7.0.jar:/home/runner/.m2/repository/io/prometheus/simpleclient_common/0.7.0/simpleclient_common-0.7.0.jar:/home/runner/.m2/repository/com/fasterxml/jackson/datatype/jackson-datatype-jsr310/2.12.1/jackson-datatype-jsr310-2.12.1.jar:/home/runner/.m2/repository/org/apache/ozone/hdds-test-utils/1.2.0-SNAPSHOT/hdds-test-utils-1.2.0-SNAPSHOT.jar:/home/runner/.m2/repository/com/google/guava/guava/30.1.1-jre/guava-30.1.1-jre.jar:/home/runner/.m2/repository/com/google/guava/failureaccess/1.0.1/failureaccess-1.0.1.jar:/home/runner/.m2/repository/com/google/guava/listenablefuture/9999.0-empty-to-avoid-conflict-with-guava/listenablefuture-9999.0-empty-to-avoid-conflict-with-guava.jar:/home/runner/.m2/repository/com/google/code/findbugs/jsr305/3.0.0/jsr305-3.0.0.jar:/home/runner/.m2/repository/org/checkerframework/checker-qual/3.8.0/checker-qual-3.8.0.jar:/home/runner/.m2/repository/com/google/errorprone/error_prone_annotations/2.2.0/error_prone_annotations-2.2.0.jar:/home/runner/.m2/repository/com/google/j2objc/j2objc-annotations/1.3/j2objc-annotations-1.3.jar:/home/runner/.m2/repository/commons-io/commons-io/2.8.0/commons-io-2.8.0.jar:/home/runner/.m2/repository/commons-logging/commons-logging/1.2/commons-logging-1.2.jar:/home/runner/.m2/repository/log4j/log4j/1.2.17/log4j-1.2.17.jar:/home/runner/.m2/repository/org/slf4j/slf4j-api/1.7.30/slf4j-api-1.7.30.jar:/home/runner/.m2/repository/org/apache/ozone/hdds-server-scm/1.2.0-SNAPSHOT/hdds-server-scm-1.2.0-SNAPSHOT.jar:/home/runner/.m2/repository/org/apache/ozone/hdds-container-service/1.2.0-SNAPSHOT/hdds-container-service-1.2.0-SNAPSHOT.jar:/home/runner/.m2/repository/org/apache/ozone/hdds-hadoop-dependency-server/1.2.0-SNAPSHOT/hdds-hadoop-dependency-server-1.2.0-SNAPSHOT.jar:/home/runner/.m2/repository/org/apache/hadoop/hadoop-hdfs/3.3.1/hadoop-hdfs-3.3.1.jar:/home/runner/.m2/repository/io/dropwizard/metrics/metrics-core/3.2.4/metrics-core-3.2.4.jar:/home/runner/.m2/repository/org/apache/hadoop/hadoop-hdfs-client/3.3.1/hadoop-hdfs-client-3.3.1.jar:/home/runner/.m2/repository/org/bouncycastle/bcprov-jdk15on/1.67/bcprov-jdk15on-1.67.jar:/home/runner/.m2/repository/com/google/protobuf/protobuf-java/2.5.0/protobuf-java-2.5.0.jar:/home/runner/.m2/repository/org/apache/ozone/ozone-manager/1.2.0-SNAPSHOT/ozone-manager-1.2.0-SNAPSHOT.jar:/home/runner/.m2/repository/org/aspectj/aspectjrt/1.9.7/aspectjrt-1.9.7.jar:/home/runner/.m2/repository/org/aspectj/aspectjweaver/1.9.7/aspectjweaver-1.9.7.jar:/home/runner/.m2/repository/org/apache/ozone/hdds-interface-client/1.2.0-SNAPSHOT/hdds-interface-client-1.2.0-SNAPSHOT.jar:/home/runner/.m2/repository/org/apache/hadoop/thirdparty/hadoop-shaded-protobuf_3_7/1.1.1/hadoop-shaded-protobuf_3_7-1.1.1.jar:/home/runner/.m2/repository/org/apache/ozone/ozone-interface-storage/1.2.0-SNAPSHOT/ozone-interface-storage-1.2.0-SNAPSHOT.jar:/home/runner/.m2/repository/org/reflections/reflections/0.9.11/reflections-0.9.11.jar:/home/runner/.m2/repository/org/apache/hadoop/hadoop-minikdc/3.3.1/hadoop-minikdc-3.3.1.jar:/home/runner/.m2/repository/org/apache/kerby/kerb-simplekdc/1.0.1/kerb-simplekdc-1.0.1.jar:/home/runner/.m2/repository/org/apache/kerby/kerb-client/1.0.1/kerb-client-1.0.1.jar:/home/runner/.m2/repository/org/apache/kerby/kerby-config/1.0.1/kerby-config-1.0.1.jar:/home/runner/.m2/repository/org/apache/kerby/kerb-common/1.0.1/kerb-common-1.0.1.jar:/home/runner/.m2/repository/org/apache/kerby/kerb-crypto/1.0.1/kerb-crypto-1.0.1.jar:/home/runner/.m2/repository/org/apache/kerby/kerb-util/1.0.1/kerb-util-1.0.1.jar:/home/runner/.m2/repository/org/apache/kerby/token-provider/1.0.1/token-provider-1.0.1.jar:/home/runner/.m2/repository/org/apache/kerby/kerb-admin/1.0.1/kerb-admin-1.0.1.jar:/home/runner/.m2/repository/org/apache/kerby/kerb-server/1.0.1/kerb-server-1.0.1.jar:/home/runner/.m2/repository/org/apache/kerby/kerb-identity/1.0.1/kerb-identity-1.0.1.jar:/home/runner/.m2/repository/org/apache/kerby/kerby-xdr/1.0.1/kerby-xdr-1.0.1.jar:/home/runner/.m2/repository/org/slf4j/slf4j-log4j12/1.7.30/slf4j-log4j12-1.7.30.jar:/home/runner/.m2/repository/org/apache/ozone/ozone-s3gateway/1.2.0-SNAPSHOT/ozone-s3gateway-1.2.0-SNAPSHOT.jar:/home/runner/.m2/repository/org/javassist/javassist/3.21.0-GA/javassist-3.21.0-GA.jar:/home/runner/.m2/repository/org/jboss/weld/servlet/weld-servlet/2.4.7.Final/weld-servlet-2.4.7.Final.jar:/home/runner/.m2/repository/org/glassfish/jersey/containers/jersey-container-servlet-core/2.33/jersey-container-servlet-core-2.33.jar:/home/runner/.m2/repository/org/glassfish/hk2/external/jakarta.inject/2.6.1/jakarta.inject-2.6.1.jar:/home/runner/.m2/repository/org/glassfish/jersey/core/jersey-common/2.33/jersey-common-2.33.jar:/home/runner/.m2/repository/jakarta/ws/rs/jakarta.ws.rs-api/2.1.6/jakarta.ws.rs-api-2.1.6.jar:/home/runner/.m2/repository/org/glassfish/jersey/ext/cdi/jersey-cdi1x/2.33/jersey-cdi1x-2.33.jar:/home/runner/.m2/repository/org/glassfish/jersey/inject/jersey-hk2/2.33/jersey-hk2-2.33.jar:/home/runner/.m2/repository/org/glassfish/hk2/hk2-locator/2.6.1/hk2-locator-2.6.1.jar:/home/runner/.m2/repository/org/glassfish/jersey/media/jersey-media-jaxb/2.33/jersey-media-jaxb-2.33.jar:/home/runner/.m2/repository/org/glassfish/hk2/osgi-resource-locator/1.0.3/osgi-resource-locator-1.0.3.jar:/home/runner/.m2/repository/org/glassfish/hk2/hk2-api/2.5.0/hk2-api-2.5.0.jar:/home/runner/.m2/repository/org/glassfish/hk2/hk2-utils/2.5.0/hk2-utils-2.5.0.jar:/home/runner/.m2/repository/org/glassfish/hk2/external/aopalliance-repackaged/2.5.0/aopalliance-repackaged-2.5.0.jar:/home/runner/.m2/repository/com/fasterxml/jackson/dataformat/jackson-dataformat-xml/2.12.1/jackson-dataformat-xml-2.12.1.jar:/home/runner/.m2/repository/com/fasterxml/jackson/core/jackson-core/2.12.1/jackson-core-2.12.1.jar:/home/runner/.m2/repository/com/fasterxml/jackson/module/jackson-module-jaxb-annotations/2.12.1/jackson-module-jaxb-annotations-2.12.1.jar:/home/runner/.m2/repository/jakarta/xml/bind/jakarta.xml.bind-api/2.3.2/jakarta.xml.bind-api-2.3.2.jar:/home/runner/.m2/repository/org/codehaus/woodstox/stax2-api/3.1.4/stax2-api-3.1.4.jar:/home/runner/.m2/repository/com/fasterxml/woodstox/woodstox-core/5.0.3/woodstox-core-5.0.3.jar:/home/runner/.m2/repository/javax/enterprise/cdi-api/1.2/cdi-api-1.2.jar:/home/runner/.m2/repository/javax/el/javax.el-api/3.0.0/javax.el-api-3.0.0.jar:/home/runner/.m2/repository/javax/interceptor/javax.interceptor-api/1.2/javax.interceptor-api-1.2.jar:/home/runner/.m2/repository/javax/inject/javax.inject/1/javax.inject-1.jar:/home/runner/.m2/repository/javax/xml/bind/jaxb-api/2.3.0/jaxb-api-2.3.0.jar:/home/runner/.m2/repository/org/glassfish/jaxb/jaxb-runtime/2.3.0.1/jaxb-runtime-2.3.0.1.jar:/home/runner/.m2/repository/org/glassfish/jaxb/jaxb-core/2.3.0.1/jaxb-core-2.3.0.1.jar:/home/runner/.m2/repository/org/glassfish/jaxb/txw2/2.3.0.1/txw2-2.3.0.1.jar:/home/runner/.m2/repository/com/sun/istack/istack-commons-runtime/3.0.5/istack-commons-runtime-3.0.5.jar:/home/runner/.m2/repository/org/jvnet/staxex/stax-ex/1.7.8/stax-ex-1.7.8.jar:/home/runner/.m2/repository/com/sun/xml/fastinfoset/FastInfoset/1.2.13/FastInfoset-1.2.13.jar:/home/runner/.m2/repository/javax/activation/activation/1.1.1/activation-1.1.1.jar:/home/runner/.m2/repository/org/apache/ozone/ozone-csi/1.2.0-SNAPSHOT/ozone-csi-1.2.0-SNAPSHOT.jar:/home/runner/.m2/repository/com/google/protobuf/protobuf-java-util/3.12.0/protobuf-java-util-3.12.0.jar:/home/runner/.m2/repository/com/google/code/gson/gson/2.2.4/gson-2.2.4.jar:/home/runner/.m2/repository/org/apache/ozone/hdds-config/1.2.0-SNAPSHOT/hdds-config-1.2.0-SNAPSHOT.jar:/home/runner/.m2/repository/io/grpc/grpc-netty/1.33.0/grpc-netty-1.33.0.jar:/home/runner/.m2/repository/io/grpc/grpc-core/1.33.0/grpc-core-1.33.0.jar:/home/runner/.m2/repository/com/google/android/annotations/4.1.1.4/annotations-4.1.1.4.jar:/home/runner/.m2/repository/io/netty/netty-codec-http2/4.1.63.Final/netty-codec-http2-4.1.63.Final.jar:/home/runner/.m2/repository/io/netty/netty-codec-http/4.1.63.Final/netty-codec-http-4.1.63.Final.jar:/home/runner/.m2/repository/io/netty/netty-handler-proxy/4.1.63.Final/netty-handler-proxy-4.1.63.Final.jar:/home/runner/.m2/repository/io/netty/netty-codec-socks/4.1.63.Final/netty-codec-socks-4.1.63.Final.jar:/home/runner/.m2/repository/io/perfmark/perfmark-api/0.19.0/perfmark-api-0.19.0.jar:/home/runner/.m2/repository/org/codehaus/mojo/animal-sniffer-annotations/1.18/animal-sniffer-annotations-1.18.jar:/home/runner/.m2/repository/io/netty/netty-transport-native-epoll/4.1.63.Final/netty-transport-native-epoll-4.1.63.Final.jar:/home/runner/.m2/repository/io/netty/netty-common/4.1.63.Final/netty-common-4.1.63.Final.jar:/home/runner/.m2/repository/io/netty/netty-buffer/4.1.63.Final/netty-buffer-4.1.63.Final.jar:/home/runner/.m2/repository/io/netty/netty-transport-native-unix-common/4.1.63.Final/netty-transport-native-unix-common-4.1.63.Final.jar:/home/runner/.m2/repository/io/grpc/grpc-protobuf/1.33.0/grpc-protobuf-1.33.0.jar:/home/runner/.m2/repository/io/grpc/grpc-api/1.33.0/grpc-api-1.33.0.jar:/home/runner/.m2/repository/io/grpc/grpc-context/1.33.0/grpc-context-1.33.0.jar:/home/runner/.m2/repository/com/google/api/grpc/proto-google-common-protos/1.17.0/proto-google-common-protos-1.17.0.jar:/home/runner/.m2/repository/io/grpc/grpc-protobuf-lite/1.33.0/grpc-protobuf-lite-1.33.0.jar:/home/runner/.m2/repository/io/grpc/grpc-stub/1.33.0/grpc-stub-1.33.0.jar:/home/runner/.m2/repository/org/apache/ozone/ozone-recon/1.2.0-SNAPSHOT/ozone-recon-1.2.0-SNAPSHOT.jar:/home/runner/.m2/repository/org/apache/ozone/ozone-reconcodegen/1.2.0-SNAPSHOT/ozone-reconcodegen-1.2.0-SNAPSHOT.jar:/home/runner/.m2/repository/com/google/inject/extensions/guice-multibindings/4.0/guice-multibindings-4.0.jar:/home/runner/.m2/repository/com/google/inject/guice/4.0/guice-4.0.jar:/home/runner/.m2/repository/aopalliance/aopalliance/1.0/aopalliance-1.0.jar:/home/runner/.m2/repository/com/google/inject/extensions/guice-assistedinject/4.0/guice-assistedinject-4.0.jar:/home/runner/.m2/repository/com/google/inject/extensions/guice-servlet/4.0/guice-servlet-4.0.jar:/home/runner/.m2/repository/org/glassfish/jersey/containers/jersey-container-servlet/2.33/jersey-container-servlet-2.33.jar:/home/runner/.m2/repository/org/glassfish/hk2/guice-bridge/2.5.0/guice-bridge-2.5.0.jar:/home/runner/.m2/repository/org/glassfish/jersey/core/jersey-server/2.33/jersey-server-2.33.jar:/home/runner/.m2/repository/org/glassfish/jersey/core/jersey-client/2.33/jersey-client-2.33.jar:/home/runner/.m2/repository/jakarta/annotation/jakarta.annotation-api/1.3.5/jakarta.annotation-api-1.3.5.jar:/home/runner/.m2/repository/jakarta/validation/jakarta.validation-api/2.0.2/jakarta.validation-api-2.0.2.jar:/home/runner/.m2/repository/org/glassfish/jersey/media/jersey-media-json-jackson/2.33/jersey-media-json-jackson-2.33.jar:/home/runner/.m2/repository/org/glassfish/jersey/ext/jersey-entity-filtering/2.33/jersey-entity-filtering-2.33.jar:/home/runner/.m2/repository/org/jooq/jooq/3.11.10/jooq-3.11.10.jar:/home/runner/.m2/repository/org/jooq/jooq-meta/3.11.10/jooq-meta-3.11.10.jar:/home/runner/.m2/repository/org/jooq/jooq-codegen/3.11.10/jooq-codegen-3.11.10.jar:/home/runner/.m2/repository/com/jolbox/bonecp/0.8.0.RELEASE/bonecp-0.8.0.RELEASE.jar:/home/runner/.m2/repository/org/apache/derby/derby/10.14.2.0/derby-10.14.2.0.jar:/home/runner/.m2/repository/org/xerial/sqlite-jdbc/3.25.2/sqlite-jdbc-3.25.2.jar:/home/runner/.m2/repository/org/springframework/spring-jdbc/5.2.11.RELEASE/spring-jdbc-5.2.11.RELEASE.jar:/home/runner/.m2/repository/org/springframework/spring-beans/5.2.11.RELEASE/spring-beans-5.2.11.RELEASE.jar:/home/runner/.m2/repository/org/springframework/spring-core/5.2.11.RELEASE/spring-core-5.2.11.RELEASE.jar:/home/runner/.m2/repository/org/springframework/spring-jcl/5.2.11.RELEASE/spring-jcl-5.2.11.RELEASE.jar:/home/runner/.m2/repository/org/springframework/spring-tx/5.2.11.RELEASE/spring-tx-5.2.11.RELEASE.jar:/home/runner/.m2/repository/org/apache/ozone/ozone-client/1.2.0-SNAPSHOT/ozone-client-1.2.0-SNAPSHOT.jar:/home/runner/.m2/repository/org/apache/ozone/ozone-filesystem/1.2.0-SNAPSHOT/ozone-filesystem-1.2.0-SNAPSHOT.jar:/home/runner/.m2/repository/org/apache/ozone/ozone-filesystem-common/1.2.0-SNAPSHOT/ozone-filesystem-common-1.2.0-SNAPSHOT.jar:/home/runner/.m2/repository/org/apache/ozone/ozone-tools/1.2.0-SNAPSHOT/ozone-tools-1.2.0-SNAPSHOT.jar:/home/runner/.m2/repository/org/apache/ratis/ratis-tools/2.1.0-03f3b68-SNAPSHOT/ratis-tools-2.1.0-03f3b68-SNAPSHOT.jar:/home/runner/.m2/repository/com/amazonaws/aws-java-sdk-core/1.11.901/aws-java-sdk-core-1.11.901.jar:/home/runner/.m2/repository/org/apache/httpcomponents/httpclient/4.5.13/httpclient-4.5.13.jar:/home/runner/.m2/repository/org/apache/httpcomponents/httpcore/4.4.13/httpcore-4.4.13.jar:/home/runner/.m2/repository/software/amazon/ion/ion-java/1.0.2/ion-java-1.0.2.jar:/home/runner/.m2/repository/com/fasterxml/jackson/dataformat/jackson-dataformat-cbor/2.12.1/jackson-dataformat-cbor-2.12.1.jar:/home/runner/.m2/repository/joda-time/joda-time/2.8.1/joda-time-2.8.1.jar:/home/runner/.m2/repository/com/amazonaws/aws-java-sdk-s3/1.11.901/aws-java-sdk-s3-1.11.901.jar:/home/runner/.m2/repository/com/amazonaws/aws-java-sdk-kms/1.11.901/aws-java-sdk-kms-1.11.901.jar:/home/runner/.m2/repository/com/amazonaws/jmespath-java/1.11.901/jmespath-java-1.11.901.jar:/home/runner/.m2/repository/org/kohsuke/metainf-services/metainf-services/1.8/metainf-services-1.8.jar:/home/runner/.m2/repository/org/apache/ozone/hdds-tools/1.2.0-SNAPSHOT/hdds-tools-1.2.0-SNAPSHOT.jar:/home/runner/.m2/repository/commons-cli/commons-cli/1.2/commons-cli-1.2.jar:/home/runner/.m2/repository/org/apache/commons/commons-lang3/3.7/commons-lang3-3.7.jar:/home/runner/.m2/repository/org/apache/ozone/ozone-manager/1.2.0-SNAPSHOT/ozone-manager-1.2.0-SNAPSHOT-tests.jar:/home/runner/.m2/repository/org/apache/ozone/hdds-common/1.2.0-SNAPSHOT/hdds-common-1.2.0-SNAPSHOT-tests.jar:/home/runner/.m2/repository/org/apache/ozone/hdds-hadoop-dependency-client/1.2.0-SNAPSHOT/hdds-hadoop-dependency-client-1.2.0-SNAPSHOT.jar:/home/runner/.m2/repository/info/picocli/picocli/4.6.1/picocli-4.6.1.jar:/home/runner/.m2/repository/com/fasterxml/jackson/core/jackson-annotations/2.12.1/jackson-annotations-2.12.1.jar:/home/runner/.m2/repository/javax/annotation/javax.annotation-api/1.2/javax.annotation-api-1.2.jar:/home/runner/.m2/repository/org/apache/ratis/ratis-server/2.1.0-03f3b68-SNAPSHOT/ratis-server-2.1.0-03f3b68-SNAPSHOT.jar:/home/runner/.m2/repository/org/apache/ratis/ratis-client/2.1.0-03f3b68-SNAPSHOT/ratis-client-2.1.0-03f3b68-SNAPSHOT.jar:/home/runner/.m2/repository/org/apache/ratis/ratis-server-api/2.1.0-03f3b68-SNAPSHOT/ratis-server-api-2.1.0-03f3b68-SNAPSHOT.jar:/home/runner/.m2/repository/org/apache/ratis/ratis-metrics/2.1.0-03f3b68-SNAPSHOT/ratis-metrics-2.1.0-03f3b68-SNAPSHOT.jar:/home/runner/.m2/repository/org/apache/ratis/ratis-netty/2.1.0-03f3b68-SNAPSHOT/ratis-netty-2.1.0-03f3b68-SNAPSHOT.jar:/home/runner/.m2/repository/org/apache/ratis/ratis-grpc/2.1.0-03f3b68-SNAPSHOT/ratis-grpc-2.1.0-03f3b68-SNAPSHOT.jar:/home/runner/.m2/repository/org/apache/logging/log4j/log4j-api/2.13.3/log4j-api-2.13.3.jar:/home/runner/.m2/repository/org/apache/logging/log4j/log4j-core/2.13.3/log4j-core-2.13.3.jar:/home/runner/.m2/repository/com/lmax/disruptor/3.4.2/disruptor-3.4.2.jar:/home/runner/.m2/repository/org/apache/commons/commons-pool2/2.6.0/commons-pool2-2.6.0.jar:/home/runner/.m2/repository/org/bouncycastle/bcpkix-jdk15on/1.67/bcpkix-jdk15on-1.67.jar:/home/runner/.m2/repository/commons-validator/commons-validator/1.6/commons-validator-1.6.jar:/home/runner/.m2/repository/commons-beanutils/commons-beanutils/1.9.4/commons-beanutils-1.9.4.jar:/home/runner/.m2/repository/commons-digester/commons-digester/1.8.1/commons-digester-1.8.1.jar:/home/runner/.m2/repository/commons-collections/commons-collections/3.2.2/commons-collections-3.2.2.jar:/home/runner/.m2/repository/io/jaegertracing/jaeger-client/1.6.0/jaeger-client-1.6.0.jar:/home/runner/.m2/repository/io/jaegertracing/jaeger-thrift/1.6.0/jaeger-thrift-1.6.0.jar:/home/runner/.m2/repository/org/apache/thrift/libthrift/0.14.1/libthrift-0.14.1.jar:/home/runner/.m2/repository/com/squareup/okhttp3/okhttp/4.9.0/okhttp-4.9.0.jar:/home/runner/.m2/repository/com/squareup/okio/okio/2.8.0/okio-2.8.0.jar:/home/runner/.m2/repository/io/jaegertracing/jaeger-core/1.6.0/jaeger-core-1.6.0.jar:/home/runner/.m2/repository/io/jaegertracing/jaeger-tracerresolver/1.6.0/jaeger-tracerresolver-1.6.0.jar:/home/runner/.m2/repository/io/opentracing/contrib/opentracing-tracerresolver/0.1.8/opentracing-tracerresolver-0.1.8.jar:/home/runner/.m2/repository/org/jetbrains/kotlin/kotlin-stdlib/1.4.31/kotlin-stdlib-1.4.31.jar:/home/runner/.m2/repository/org/jetbrains/kotlin/kotlin-stdlib-common/1.4.31/kotlin-stdlib-common-1.4.31.jar:/home/runner/.m2/repository/org/jetbrains/annotations/13.0/annotations-13.0.jar:/home/runner/.m2/repository/io/opentracing/opentracing-util/0.33.0/opentracing-util-0.33.0.jar:/home/runner/.m2/repository/io/opentracing/opentracing-api/0.33.0/opentracing-api-0.33.0.jar:/home/runner/.m2/repository/io/opentracing/opentracing-noop/0.33.0/opentracing-noop-0.33.0.jar:/home/runner/.m2/repository/org/yaml/snakeyaml/1.26/snakeyaml-1.26.jar:/home/runner/.m2/repository/org/apache/ozone/hdds-interface-admin/1.2.0-SNAPSHOT/hdds-interface-admin-1.2.0-SNAPSHOT.jar:/home/runner/.m2/repository/junit/junit/4.13.1/junit-4.13.1.jar:/home/runner/.m2/repository/org/hamcrest/hamcrest-core/1.3/hamcrest-core-1.3.jar:/home/runner/.m2/repository/org/junit/jupiter/junit-jupiter-api/5.7.0/junit-jupiter-api-5.7.0.jar:/home/runner/.m2/repository/org/apiguardian/apiguardian-api/1.1.0/apiguardian-api-1.1.0.jar:/home/runner/.m2/repository/org/opentest4j/opentest4j/1.2.0/opentest4j-1.2.0.jar:/home/runner/.m2/repository/org/junit/platform/junit-platform-commons/1.7.0/junit-platform-commons-1.7.0.jar:/home/runner/.m2/repository/org/junit/jupiter/junit-jupiter-engine/5.7.0/junit-jupiter-engine-5.7.0.jar:/home/runner/.m2/repository/org/junit/platform/junit-platform-engine/1.7.0/junit-platform-engine-1.7.0.jar:/home/runner/.m2/repository/org/junit/vintage/junit-vintage-engine/5.7.0/junit-vintage-engine-5.7.0.jar:/home/runner/.m2/repository/org/junit/platform/junit-platform-launcher/1.7.0/junit-platform-launcher-1.7.0.jar:/home/runner/.m2/repository/org/openjdk/jmh/jmh-core/1.19/jmh-core-1.19.jar:/home/runner/.m2/repository/net/sf/jopt-simple/jopt-simple/4.6/jopt-simple-4.6.jar:/home/runner/.m2/repository/org/apache/commons/commons-math3/3.1.1/commons-math3-3.1.1.jar:/home/runner/.m2/repository/org/openjdk/jmh/jmh-generator-annprocess/1.19/jmh-generator-annprocess-1.19.jar:/home/runner/.m2/repository/org/mockito/mockito-core/2.28.2/mockito-core-2.28.2.jar:/home/runner/.m2/repository/net/bytebuddy/byte-buddy/1.9.10/byte-buddy-1.9.10.jar:/home/runner/.m2/repository/net/bytebuddy/byte-buddy-agent/1.9.10/byte-buddy-agent-1.9.10.jar:/home/runner/.m2/repository/org/objenesis/objenesis/1.0/objenesis-1.0.jar:/home/runner/.m2/repository/org/apache/hadoop/hadoop-kms/3.3.1/hadoop-kms-3.3.1.jar:/home/runner/.m2/repository/org/apache/hadoop/hadoop-auth/3.3.1/hadoop-auth-3.3.1.jar:/home/runner/.m2/repository/com/nimbusds/nimbus-jose-jwt/7.9/nimbus-jose-jwt-7.9.jar:/home/runner/.m2/repository/com/github/stephenc/jcip/jcip-annotations/1.0-1/jcip-annotations-1.0-1.jar:/home/runner/.m2/repository/net/minidev/json-smart/2.3/json-smart-2.3.jar:/home/runner/.m2/repository/net/minidev/accessors-smart/1.2/accessors-smart-1.2.jar:/home/runner/.m2/repository/org/ow2/asm/asm/5.0.4/asm-5.0.4.jar:/home/runner/.m2/repository/org/apache/zookeeper/zookeeper/3.5.6/zookeeper-3.5.6.jar:/home/runner/.m2/repository/org/apache/zookeeper/zookeeper-jute/3.5.6/zookeeper-jute-3.5.6.jar:/home/runner/.m2/repository/org/apache/yetus/audience-annotations/0.5.0/audience-annotations-0.5.0.jar:/home/runner/.m2/repository/org/apache/curator/curator-framework/4.2.0/curator-framework-4.2.0.jar:/home/runner/.m2/repository/org/apache/hadoop/thirdparty/hadoop-shaded-guava/1.1.1/hadoop-shaded-guava-1.1.1.jar:/home/runner/.m2/repository/com/sun/jersey/jersey-core/1.19/jersey-core-1.19.jar:/home/runner/.m2/repository/javax/ws/rs/jsr311-api/1.1.1/jsr311-api-1.1.1.jar:/home/runner/.m2/repository/com/sun/jersey/jersey-server/1.19/jersey-server-1.19.jar:/home/runner/.m2/repository/javax/servlet/javax.servlet-api/3.1.0/javax.servlet-api-3.1.0.jar:/home/runner/.m2/repository/org/eclipse/jetty/jetty-server/9.4.43.v20210629/jetty-server-9.4.43.v20210629.jar:/home/runner/.m2/repository/org/eclipse/jetty/jetty-http/9.4.43.v20210629/jetty-http-9.4.43.v20210629.jar:/home/runner/.m2/repository/org/eclipse/jetty/jetty-io/9.4.43.v20210629/jetty-io-9.4.43.v20210629.jar:/home/runner/.m2/repository/org/eclipse/jetty/jetty-webapp/9.4.43.v20210629/jetty-webapp-9.4.43.v20210629.jar:/home/runner/.m2/repository/org/eclipse/jetty/jetty-xml/9.4.43.v20210629/jetty-xml-9.4.43.v20210629.jar:/home/runner/.m2/repository/org/apache/hadoop/hadoop-common/3.3.1/hadoop-common-3.3.1.jar:/home/runner/.m2/repository/commons-net/commons-net/3.6/commons-net-3.6.jar:/home/runner/.m2/repository/jakarta/activation/jakarta.activation-api/1.2.1/jakarta.activation-api-1.2.1.jar:/home/runner/.m2/repository/com/sun/jersey/jersey-servlet/1.19/jersey-servlet-1.19.jar:/home/runner/.m2/repository/com/sun/jersey/jersey-json/1.19/jersey-json-1.19.jar:/home/runner/.m2/repository/org/codehaus/jettison/jettison/1.1/jettison-1.1.jar:/home/runner/.m2/repository/com/sun/xml/bind/jaxb-impl/2.2.3-1/jaxb-impl-2.2.3-1.jar:/home/runner/.m2/repository/org/codehaus/jackson/jackson-jaxrs/1.9.2/jackson-jaxrs-1.9.2.jar:/home/runner/.m2/repository/org/codehaus/jackson/jackson-xc/1.9.2/jackson-xc-1.9.2.jar:/home/runner/.m2/repository/org/apache/commons/commons-configuration2/2.1.1/commons-configuration2-2.1.1.jar:/home/runner/.m2/repository/org/apache/commons/commons-text/1.4/commons-text-1.4.jar:/home/runner/.m2/repository/com/google/re2j/re2j/1.1/re2j-1.1.jar:/home/runner/.m2/repository/com/jcraft/jsch/0.1.54/jsch-0.1.54.jar:/home/runner/.m2/repository/org/apache/curator/curator-client/4.2.0/curator-client-4.2.0.jar:/home/runner/.m2/repository/org/apache/curator/curator-recipes/4.2.0/curator-recipes-4.2.0.jar:/home/runner/.m2/repository/org/apache/kerby/kerb-core/1.0.1/kerb-core-1.0.1.jar:/home/runner/.m2/repository/org/apache/kerby/kerby-pkix/1.0.1/kerby-pkix-1.0.1.jar:/home/runner/.m2/repository/org/apache/kerby/kerby-asn1/1.0.1/kerby-asn1-1.0.1.jar:/home/runner/.m2/repository/org/apache/kerby/kerby-util/1.0.1/kerby-util-1.0.1.jar:/home/runner/.m2/repository/dnsjava/dnsjava/2.1.7/dnsjava-2.1.7.jar:/home/runner/.m2/repository/org/xerial/snappy/snappy-java/1.1.8.2/snappy-java-1.1.8.2.jar:/home/runner/.m2/repository/org/slf4j/jul-to-slf4j/1.7.30/jul-to-slf4j-1.7.30.jar:/home/runner/.m2/repository/org/eclipse/jetty/jetty-util/9.4.43.v20210629/jetty-util-9.4.43.v20210629.jar:/home/runner/.m2/repository/com/fasterxml/jackson/core/jackson-databind/2.12.1/jackson-databind-2.12.1.jar:/home/runner/.m2/repository/org/apache/hadoop/hadoop-kms/3.3.1/hadoop-kms-3.3.1-tests.jar:/home/runner/.m2/repository/org/apache/ozone/hdds-server-scm/1.2.0-SNAPSHOT/hdds-server-scm-1.2.0-SNAPSHOT-tests.jar:/home/runner/.m2/repository/org/apache/ozone/hdds-container-service/1.2.0-SNAPSHOT/hdds-container-service-1.2.0-SNAPSHOT-tests.jar:/home/runner/.m2/repository/commons-codec/commons-codec/1.11/commons-codec-1.11.jar:/home/runner/.m2/repository/io/netty/netty-transport/4.1.63.Final/netty-transport-4.1.63.Final.jar:/home/runner/.m2/repository/io/netty/netty-resolver/4.1.63.Final/netty-resolver-4.1.63.Final.jar:/home/runner/.m2/repository/io/netty/netty-codec/4.1.63.Final/netty-codec-4.1.63.Final.jar:/home/runner/.m2/repository/io/netty/netty-handler/4.1.63.Final/netty-handler-4.1.63.Final.jar:/home/runner/.m2/repository/org/apache/ozone/hdds-hadoop-dependency-test/1.2.0-SNAPSHOT/hdds-hadoop-dependency-test-1.2.0-SNAPSHOT.jar:/home/runner/.m2/repository/org/apache/hadoop/hadoop-common/3.3.1/hadoop-common-3.3.1-tests.jar:/home/runner/.m2/repository/org/assertj/assertj-core/3.12.2/assertj-core-3.12.2.jar:/home/runner/.m2/repository/org/apache/hadoop/hadoop-hdfs/3.3.1/hadoop-hdfs-3.3.1-tests.jar:/home/runner/.m2/repository/org/eclipse/jetty/jetty-util-ajax/9.4.43.v20210629/jetty-util-ajax-9.4.43.v20210629.jar:/home/runner/.m2/repository/commons-daemon/commons-daemon/1.0.13/commons-daemon-1.0.13.jar:/home/runner/.m2/repository/io/netty/netty/3.10.6.Final/netty-3.10.6.Final.jar:/home/runner/.m2/repository/io/netty/netty-all/4.1.63.Final/netty-all-4.1.63.Final.jar:/home/runner/.m2/repository/org/apache/htrace/htrace-core4/4.1.0-incubating/htrace-core4-4.1.0-incubating.jar:/home/runner/.m2/repository/org/fusesource/leveldbjni/leveldbjni-all/1.8/leveldbjni-all-1.8.jar:/home/runner/.m2/repository/org/apache/hadoop/hadoop-distcp/3.3.1/hadoop-distcp-3.3.1.jar:/home/runner/.m2/repository/org/apache/hadoop/hadoop-mapreduce-client-jobclient/3.3.1/hadoop-mapreduce-client-jobclient-3.3.1.jar:/home/runner/.m2/repository/org/apache/hadoop/hadoop-mapreduce-client-common/3.3.1/hadoop-mapreduce-client-common-3.3.1.jar:/home/runner/.m2/repository/org/apache/hadoop/hadoop-yarn-common/3.3.1/hadoop-yarn-common-3.3.1.jar:/home/runner/.m2/repository/org/apache/hadoop/hadoop-yarn-api/3.3.1/hadoop-yarn-api-3.3.1.jar:/home/runner/.m2/repository/com/sun/jersey/jersey-client/1.19/jersey-client-1.19.jar:/home/runner/.m2/repository/com/sun/jersey/contribs/jersey-guice/1.19/jersey-guice-1.19.jar:/home/runner/.m2/repository/com/fasterxml/jackson/jaxrs/jackson-jaxrs-json-provider/2.12.1/jackson-jaxrs-json-provider-2.12.1.jar:/home/runner/.m2/repository/com/fasterxml/jackson/jaxrs/jackson-jaxrs-base/2.12.1/jackson-jaxrs-base-2.12.1.jar:/home/runner/.m2/repository/org/apache/hadoop/hadoop-yarn-client/3.3.1/hadoop-yarn-client-3.3.1.jar:/home/runner/.m2/repository/org/eclipse/jetty/websocket/websocket-client/9.4.40.v20210413/websocket-client-9.4.40.v20210413.jar:/home/runner/.m2/repository/org/eclipse/jetty/jetty-client/9.4.40.v20210413/jetty-client-9.4.40.v20210413.jar:/home/runner/.m2/repository/org/eclipse/jetty/websocket/websocket-common/9.4.40.v20210413/websocket-common-9.4.40.v20210413.jar:/home/runner/.m2/repository/org/eclipse/jetty/websocket/websocket-api/9.4.40.v20210413/websocket-api-9.4.40.v20210413.jar:/home/runner/.m2/repository/org/jline/jline/3.9.0/jline-3.9.0.jar:/home/runner/.m2/repository/org/apache/hadoop/hadoop-mapreduce-client-core/3.3.1/hadoop-mapreduce-client-core-3.3.1.jar:/home/runner/.m2/repository/org/apache/avro/avro/1.7.7/avro-1.7.7.jar:/home/runner/.m2/repository/org/codehaus/jackson/jackson-core-asl/1.9.13/jackson-core-asl-1.9.13.jar:/home/runner/.m2/repository/org/codehaus/jackson/jackson-mapper-asl/1.9.13/jackson-mapper-asl-1.9.13.jar:/home/runner/.m2/repository/com/thoughtworks/paranamer/paranamer/2.3/paranamer-2.3.jar:/home/runner/.m2/repository/org/apache/hadoop/hadoop-annotations/3.3.1/hadoop-annotations-3.3.1.jar:/usr/lib/jvm/adoptopenjdk-8-hotspot-amd64/jre/../lib/tools.jar:/home/runner/.m2/repository/org/apache/hadoop/hadoop-distcp/3.3.1/hadoop-distcp-3.3.1-tests.jar:/home/runner/.m2/repository/org/apache/ratis/ratis-common/2.1.0-03f3b68-SNAPSHOT/ratis-common-2.1.0-03f3b68-SNAPSHOT.jar:/home/runner/.m2/repository/org/apache/ratis/ratis-thirdparty-misc/0.7.0/ratis-thirdparty-misc-0.7.0.jar:/home/runner/.m2/repository/org/apache/ratis/ratis-proto/2.1.0-03f3b68-SNAPSHOT/ratis-proto-2.1.0-03f3b68-SNAPSHOT.jar:"/>
    <property name="sun.cpu.endian" value="little"/>
    <property name="user.home" value="/home/runner"/>
    <property name="user.language" value="en"/>
    <property name="java.specification.vendor" value="Oracle Corporation"/>
    <property name="java.home" value="/usr/lib/jvm/adoptopenjdk-8-hotspot-amd64/jre"/>
    <property name="java.security.krb5.conf" value="/home/runner/work/ozone/ozone/hadoop-ozone/integration-test/target/test-classes/krb5.conf"/>
    <property name="basedir" value="/home/runner/work/ozone/ozone/hadoop-ozone/integration-test"/>
    <property name="file.separator" value="/"/>
    <property name="line.separator" value="&#10;"/>
    <property name="java.vm.specification.vendor" value="Oracle Corporation"/>
    <property name="java.specification.name" value="Java Platform API Specification"/>
    <property name="java.awt.graphicsenv" value="sun.awt.X11GraphicsEnvironment"/>
    <property name="skip.installnpx" value="true"/>
    <property name="surefire.real.class.path" value="/home/runner/work/ozone/ozone/hadoop-ozone/integration-test/target/surefire/surefirebooter948419755087636152.jar:/home/runner/.m2/repository/org/jacoco/org.jacoco.agent/0.8.5/org.jacoco.agent-0.8.5-runtime.jar"/>
    <property name="hadoop.log.dir" value="/home/runner/work/ozone/ozone/hadoop-ozone/integration-test/target/log"/>
    <property name="sun.boot.class.path" value="/usr/lib/jvm/adoptopenjdk-8-hotspot-amd64/jre/lib/resources.jar:/usr/lib/jvm/adoptopenjdk-8-hotspot-amd64/jre/lib/rt.jar:/usr/lib/jvm/adoptopenjdk-8-hotspot-amd64/jre/lib/sunrsasign.jar:/usr/lib/jvm/adoptopenjdk-8-hotspot-amd64/jre/lib/jsse.jar:/usr/lib/jvm/adoptopenjdk-8-hotspot-amd64/jre/lib/jce.jar:/usr/lib/jvm/adoptopenjdk-8-hotspot-amd64/jre/lib/charsets.jar:/usr/lib/jvm/adoptopenjdk-8-hotspot-amd64/jre/lib/jfr.jar:/usr/lib/jvm/adoptopenjdk-8-hotspot-amd64/jre/classes"/>
    <property name="sun.management.compiler" value="HotSpot 64-Bit Tiered Compilers"/>
    <property name="skip.npx" value="true"/>
    <property name="java.runtime.version" value="1.8.0_292-b10"/>
    <property name="java.net.preferIPv4Stack" value="true"/>
    <property name="user.name" value="runner"/>
    <property name="path.separator" value=":"/>
    <property name="java.security.egd" value="file:///dev/urandom"/>
    <property name="os.version" value="5.4.0-1059-azure"/>
    <property name="java.endorsed.dirs" value="/usr/lib/jvm/adoptopenjdk-8-hotspot-amd64/jre/lib/endorsed"/>
    <property name="java.runtime.name" value="OpenJDK Runtime Environment"/>
    <property name="file.encoding" value="UTF-8"/>
    <property name="java.vm.name" value="OpenJDK 64-Bit Server VM"/>
    <property name="test.build.webapps" value=""/>
    <property name="localRepository" value="/home/runner/.m2/repository"/>
    <property name="java.vendor.url.bug" value="https://github.com/AdoptOpenJDK/openjdk-support/issues"/>
    <property name="java.io.tmpdir" value="/tmp"/>
    <property name="require.test.libhadoop" value=""/>
    <property name="java.version" value="1.8.0_292"/>
    <property name="user.dir" value="/home/runner/work/ozone/ozone/hadoop-ozone/integration-test"/>
    <property name="os.arch" value="amd64"/>
    <property name="java.vm.specification.name" value="Java Virtual Machine Specification"/>
    <property name="test.build.classes" value="/home/runner/work/ozone/ozone/hadoop-ozone/integration-test/target/test-classes"/>
    <property name="java.awt.printerjob" value="sun.print.PSPrinterJob"/>
    <property name="sun.os.patch.level" value="unknown"/>
    <property name="hadoop.tmp.dir" value="/home/runner/work/ozone/ozone/hadoop-ozone/integration-test/target/tmp"/>
    <property name="java.library.path" value="/usr/java/packages/lib/amd64:/usr/lib64:/lib64:/lib:/usr/lib"/>
    <property name="java.vm.info" value="mixed mode"/>
    <property name="java.vendor" value="AdoptOpenJDK"/>
    <property name="java.vm.version" value="25.292-b10"/>
    <property name="java.ext.dirs" value="/usr/lib/jvm/adoptopenjdk-8-hotspot-amd64/jre/lib/ext:/usr/java/packages/lib/ext"/>
    <property name="sun.io.unicode.encoding" value="UnicodeLittle"/>
    <property name="java.class.version" value="52.0"/>
  </properties>
  <testcase name="testPrepareFailsWhenTwoOmsAreDown" classname="org.apache.hadoop.ozone.om.TestOzoneManagerPrepare" time="0">
    <skipped message="Saving on CI time since this is a pessimistic test. We should not be able to do anything with 2 OMs down."/>
    <system-out><![CDATA[2021-10-05 01:13:48,308 [main] WARN  server.ServerUtils (ServerUtils.java:getScmDbDir(148)) - ozone.scm.db.dirs is not configured. We recommend adding this setting. Falling back to ozone.metadata.dirs instead.
2021-10-05 01:13:48,417 [main] INFO  ha.SCMHANodeDetails (SCMHANodeDetails.java:loadSCMHAConfig(157)) - ServiceID for StorageContainerManager is null
2021-10-05 01:13:48,418 [main] INFO  ha.SCMHANodeDetails (SCMHANodeDetails.java:loadSCMHAConfig(162)) - ozone.scm.default.service.id is not defined, falling back to ozone.scm.service.ids to find serviceID for StorageContainerManager if it is HA enabled cluster
2021-10-05 01:13:48,527 [main] WARN  server.ServerUtils (ServerUtils.java:getScmDbDir(148)) - ozone.scm.db.dirs is not configured. We recommend adding this setting. Falling back to ozone.metadata.dirs instead.
2021-10-05 01:13:48,530 [main] INFO  upgrade.AbstractLayoutVersionManager (AbstractLayoutVersionManager.java:init(79)) - Initializing Layout version manager with metadata layout = SCM_HA (version = 2), software layout = SCM_HA (version = 2)
2021-10-05 01:13:48,799 [main] INFO  reflections.Reflections (Reflections.java:scan(232)) - Reflections took 160 ms to scan 7 urls, producing 119 keys and 275 values 
2021-10-05 01:13:49,450 [main] WARN  utils.HAUtils (HAUtils.java:getMetaDir(342)) - ozone.scm.db.dirs is not configured. We recommend adding this setting. Falling back to ozone.metadata.dirs instead.
2021-10-05 01:13:49,588 [main] WARN  db.DBStoreBuilder (DBStoreBuilder.java:applyDBDefinition(145)) - ozone.scm.db.dirs is not configured. We recommend adding this setting. Falling back to ozone.metadata.dirs instead.
2021-10-05 01:13:49,762 [main] INFO  net.NodeSchemaLoader (NodeSchemaLoader.java:loadSchemaFromFile(129)) - Loading schema from [jar:file:/home/runner/.m2/repository/org/apache/ozone/hdds-common/1.2.0-SNAPSHOT/hdds-common-1.2.0-SNAPSHOT.jar!/network-topology-default.xml]
2021-10-05 01:13:49,764 [main] INFO  net.NodeSchemaLoader (NodeSchemaLoader.java:loadSchema(176)) - Loading network topology layer schema file
2021-10-05 01:13:49,810 [main] INFO  metrics.MetricRegistries (MetricRegistriesLoader.java:load(64)) - Loaded MetricRegistries class org.apache.ratis.metrics.impl.MetricRegistriesImpl
2021-10-05 01:13:49,834 [main] INFO  ha.SequenceIdGenerator (SequenceIdGenerator.java:upgradeToSequenceId(347)) - upgrade localId to 107544261427200000
2021-10-05 01:13:49,834 [main] INFO  ha.SequenceIdGenerator (SequenceIdGenerator.java:upgradeToSequenceId(357)) - upgrade delTxnId to 0
2021-10-05 01:13:49,843 [main] INFO  ha.SequenceIdGenerator (SequenceIdGenerator.java:upgradeToSequenceId(371)) - upgrade containerId to 0
2021-10-05 01:13:49,845 [main] INFO  ha.SequenceIdGenerator (SequenceIdGenerator.java:<init>(218)) - Init the HA SequenceIdGenerator.
2021-10-05 01:13:49,897 [main] WARN  server.ServerUtils (ServerUtils.java:sanitizeUserArgs(73)) - ozone.scm.stale.node.interval value = 300000 is larger than max = 100000 based on the key value of ozone.scm.heartbeat.thread.interval, reset to the max value 100000.
2021-10-05 01:13:49,898 [main] WARN  server.ServerUtils (ServerUtils.java:sanitizeUserArgs(73)) - ozone.scm.stale.node.interval value = 300000 is larger than max = 100000 based on the key value of ozone.scm.heartbeat.thread.interval, reset to the max value 100000.
2021-10-05 01:13:49,910 [main] INFO  node.SCMNodeManager (SCMNodeManager.java:<init>(144)) - Entering startup safe mode.
2021-10-05 01:13:49,980 [main] INFO  algorithms.ContainerPlacementPolicyFactory (ContainerPlacementPolicyFactory.java:getPolicy(60)) - Create container placement policy of type org.apache.hadoop.hdds.scm.container.placement.algorithms.SCMContainerPlacementRandom
2021-10-05 01:13:49,990 [main] INFO  pipeline.PipelineStateManagerImpl (PipelineStateManagerImpl.java:initialize(78)) - No pipeline exists in current db
2021-10-05 01:13:50,032 [main] INFO  algorithms.LeaderChoosePolicyFactory (LeaderChoosePolicyFactory.java:getPolicy(57)) - Create leader choose policy of type org.apache.hadoop.hdds.scm.pipeline.leader.choose.algorithms.MinLeaderCountChoosePolicy
2021-10-05 01:13:50,045 [main] INFO  ha.SCMServiceManager (SCMServiceManager.java:register(43)) - Registering service BackgroundPipelineCreator.
2021-10-05 01:13:50,046 [main] INFO  pipeline.BackgroundPipelineCreator (BackgroundPipelineCreatorV2.java:start(130)) - Starting RatisPipelineUtilsThread.
2021-10-05 01:13:50,084 [main] INFO  algorithms.PipelineChoosePolicyFactory (PipelineChoosePolicyFactory.java:createPipelineChoosePolicyFromClass(73)) - Create pipeline choose policy of type org.apache.hadoop.hdds.scm.pipeline.choose.algorithms.RandomPipelineChoosePolicy
2021-10-05 01:13:50,104 [main] INFO  ha.SCMServiceManager (SCMServiceManager.java:register(43)) - Registering service SCMBlockDeletingService.
2021-10-05 01:13:50,137 [main] INFO  ha.SCMServiceManager (SCMServiceManager.java:register(43)) - Registering service ReplicationManager.
2021-10-05 01:13:50,140 [main] INFO  container.ReplicationManager (ReplicationManager.java:start(319)) - Starting Replication Monitor Thread.
2021-10-05 01:13:50,149 [ReplicationMonitor] INFO  container.ReplicationManager (ReplicationManager.java:processAll(371)) - Replication Monitor Thread took 2 milliseconds for processing 0 containers.
2021-10-05 01:13:50,159 [main] INFO  safemode.ContainerSafeModeRule (ContainerSafeModeRule.java:<init>(89)) - containers with one replica threshold count 0
2021-10-05 01:13:50,164 [main] INFO  safemode.HealthyPipelineSafeModeRule (HealthyPipelineSafeModeRule.java:initializeRule(156)) - Total pipeline count is 0, healthy pipeline threshold count is 1
2021-10-05 01:13:50,168 [main] INFO  safemode.OneReplicaPipelineSafeModeRule (OneReplicaPipelineSafeModeRule.java:initializeRule(180)) - Total pipeline count is 0, pipeline's with at least one datanode reported threshold count is 0
2021-10-05 01:13:50,608 [main] INFO  ipc.CallQueueManager (CallQueueManager.java:<init>(90)) - Using callQueue: class java.util.concurrent.LinkedBlockingQueue, queueCapacity: 2000, scheduler: class org.apache.hadoop.ipc.DefaultRpcScheduler, ipcBackoff: false.
2021-10-05 01:13:50,648 [Socket Reader #1 for port 0] INFO  ipc.Server (Server.java:run(1265)) - Starting Socket Reader #1 for port 0
2021-10-05 01:13:50,688 [Listener at 0.0.0.0/36843] INFO  ipc.CallQueueManager (CallQueueManager.java:<init>(90)) - Using callQueue: class java.util.concurrent.LinkedBlockingQueue, queueCapacity: 2000, scheduler: class org.apache.hadoop.ipc.DefaultRpcScheduler, ipcBackoff: false.
2021-10-05 01:13:50,689 [Socket Reader #1 for port 0] INFO  ipc.Server (Server.java:run(1265)) - Starting Socket Reader #1 for port 0
2021-10-05 01:13:50,706 [Listener at 0.0.0.0/45077] INFO  ipc.CallQueueManager (CallQueueManager.java:<init>(90)) - Using callQueue: class java.util.concurrent.LinkedBlockingQueue, queueCapacity: 2000, scheduler: class org.apache.hadoop.ipc.DefaultRpcScheduler, ipcBackoff: false.
2021-10-05 01:13:50,709 [Socket Reader #1 for port 0] INFO  ipc.Server (Server.java:run(1265)) - Starting Socket Reader #1 for port 0
2021-10-05 01:13:50,754 [Listener at 0.0.0.0/36281] INFO  algorithms.ContainerPlacementPolicyFactory (ContainerPlacementPolicyFactory.java:getPolicy(60)) - Create container placement policy of type org.apache.hadoop.hdds.scm.container.placement.algorithms.SCMContainerPlacementRandom
2021-10-05 01:13:50,760 [Listener at 0.0.0.0/36281] INFO  server.StorageContainerManager (StorageContainerManager.java:<init>(388)) - 
Container Balancer status:
Key                            Value
Running                        false
Container Balancer Configuration values:
Key                                                Value
Threshold                                          0.1
Max Datanodes to Involve per Iteration(ratio)      0.2
Max Size to Move per Iteration                     32212254720B

2021-10-05 01:13:50,760 [Listener at 0.0.0.0/36281] WARN  events.EventQueue (EventQueue.java:fireEvent(194)) - No event handler registered for event TypedEvent{payloadType=SafeModeStatus, name='Safe mode status'}
2021-10-05 01:13:50,760 [Listener at 0.0.0.0/36281] INFO  ha.SCMContext (SCMContext.java:updateSafeModeStatus(205)) - Update SafeModeStatus from SafeModeStatus{safeModeStatus=true, preCheckPassed=false} to SafeModeStatus{safeModeStatus=true, preCheckPassed=false}.
2021-10-05 01:13:50,763 [Listener at 0.0.0.0/36281] INFO  server.StorageContainerManager (StorageContainerManager.java:start(1303)) - StorageContainerLocationProtocol RPC server is listening at /0.0.0.0:36281
2021-10-05 01:13:50,835 [Listener at 0.0.0.0/36281] WARN  impl.MetricsConfig (MetricsConfig.java:loadFirst(136)) - Cannot locate configuration: tried hadoop-metrics2-storagecontainermanager.properties,hadoop-metrics2.properties
2021-10-05 01:13:50,852 [Listener at 0.0.0.0/36281] INFO  impl.MetricsSystemImpl (MetricsSystemImpl.java:startTimer(378)) - Scheduled Metric snapshot period at 10 second(s).
2021-10-05 01:13:50,853 [Listener at 0.0.0.0/36281] INFO  impl.MetricsSystemImpl (MetricsSystemImpl.java:start(191)) - StorageContainerManager metrics system started
2021-10-05 01:13:51,191 [Listener at 0.0.0.0/36281] INFO  server.SCMClientProtocolServer (SCMClientProtocolServer.java:start(164)) - RPC server for Client  is listening at /0.0.0.0:36281
2021-10-05 01:13:51,192 [IPC Server Responder] INFO  ipc.Server (Server.java:run(1507)) - IPC Server Responder: starting
2021-10-05 01:13:51,193 [IPC Server listener on 0] INFO  ipc.Server (Server.java:run(1344)) - IPC Server listener on 0: starting
2021-10-05 01:13:51,201 [Listener at 0.0.0.0/36281] INFO  server.StorageContainerManager (StorageContainerManager.java:start(1318)) - ScmBlockLocationProtocol RPC server is listening at /0.0.0.0:45077
2021-10-05 01:13:51,202 [Listener at 0.0.0.0/36281] INFO  server.SCMBlockProtocolServer (SCMBlockProtocolServer.java:start(151)) - RPC server for Block Protocol is listening at /0.0.0.0:45077
2021-10-05 01:13:51,203 [IPC Server Responder] INFO  ipc.Server (Server.java:run(1507)) - IPC Server Responder: starting
2021-10-05 01:13:51,203 [IPC Server listener on 0] INFO  ipc.Server (Server.java:run(1344)) - IPC Server listener on 0: starting
2021-10-05 01:13:51,207 [Listener at 0.0.0.0/36281] INFO  server.StorageContainerManager (StorageContainerManager.java:start(1324)) - ScmDatanodeProtocl RPC server is listening at /0.0.0.0:36843
2021-10-05 01:13:51,207 [Listener at 0.0.0.0/36281] INFO  server.SCMDatanodeProtocolServer (SCMDatanodeProtocolServer.java:start(181)) - RPC server for DataNodes is listening at /0.0.0.0:36843
2021-10-05 01:13:51,208 [IPC Server Responder] INFO  ipc.Server (Server.java:run(1507)) - IPC Server Responder: starting
2021-10-05 01:13:51,208 [IPC Server listener on 0] INFO  ipc.Server (Server.java:run(1344)) - IPC Server listener on 0: starting
2021-10-05 01:13:51,228 [org.apache.hadoop.util.JvmPauseMonitor$Monitor@4f0c1409] INFO  util.JvmPauseMonitor (JvmPauseMonitor.java:run(188)) - Starting JVM pause monitor
2021-10-05 01:13:51,242 [Listener at 0.0.0.0/36281] INFO  http.BaseHttpServer (BaseHttpServer.java:newHttpServer2BuilderForOzone(209)) - Starting Web-server for scm at: http://0.0.0.0:0
2021-10-05 01:13:51,242 [Listener at 0.0.0.0/36281] INFO  http.BaseHttpServer (BaseHttpServer.java:<init>(107)) - Hadoop Security Enabled: false Ozone Security Enabled: false Ozone HTTP Security Enabled: false 
2021-10-05 01:13:51,271 [Listener at 0.0.0.0/36281] INFO  util.log (Log.java:initialized(170)) - Logging initialized @4649ms to org.eclipse.jetty.util.log.Slf4jLog
2021-10-05 01:13:51,385 [Listener at 0.0.0.0/36281] INFO  server.AuthenticationFilter (AuthenticationFilter.java:constructSecretProvider(240)) - Unable to initialize FileSignerSecretProvider, falling back to use random secrets.
2021-10-05 01:13:51,393 [Listener at 0.0.0.0/36281] WARN  http.HttpRequestLog (HttpRequestLog.java:getRequestLog(103)) - Jetty request log can only be enabled using Log4j
2021-10-05 01:13:51,398 [Listener at 0.0.0.0/36281] INFO  http.HttpServer2 (HttpServer2.java:addGlobalFilter(1030)) - Added global filter 'safety' (class=org.apache.hadoop.hdds.server.http.HttpServer2$QuotingInputFilter)
2021-10-05 01:13:51,400 [Listener at 0.0.0.0/36281] INFO  http.HttpServer2 (HttpServer2.java:addFilter(1006)) - Added filter static_user_filter (class=org.apache.hadoop.http.lib.StaticUserWebFilter$StaticUserFilter) to context scm
2021-10-05 01:13:51,401 [Listener at 0.0.0.0/36281] INFO  http.HttpServer2 (HttpServer2.java:addFilter(1014)) - Added filter static_user_filter (class=org.apache.hadoop.http.lib.StaticUserWebFilter$StaticUserFilter) to context static
2021-10-05 01:13:51,401 [Listener at 0.0.0.0/36281] INFO  http.HttpServer2 (HttpServer2.java:addFilter(1014)) - Added filter static_user_filter (class=org.apache.hadoop.http.lib.StaticUserWebFilter$StaticUserFilter) to context logs
2021-10-05 01:13:51,441 [Listener at 0.0.0.0/36281] INFO  http.HttpServer2 (HttpServer2.java:bindListener(1249)) - Jetty bound to port 40279
2021-10-05 01:13:51,443 [Listener at 0.0.0.0/36281] INFO  server.Server (Server.java:doStart(375)) - jetty-9.4.43.v20210629; built: 2021-06-30T11:07:22.254Z; git: 526006ecfa3af7f1a27ef3a288e2bef7ea9dd7e8; jvm 1.8.0_292-b10
2021-10-05 01:13:51,477 [Listener at 0.0.0.0/36281] INFO  server.session (DefaultSessionIdManager.java:doStart(334)) - DefaultSessionIdManager workerName=node0
2021-10-05 01:13:51,477 [Listener at 0.0.0.0/36281] INFO  server.session (DefaultSessionIdManager.java:doStart(339)) - No SessionScavenger set, using defaults
2021-10-05 01:13:51,479 [Listener at 0.0.0.0/36281] INFO  server.session (HouseKeeper.java:startScavenging(132)) - node0 Scavenging every 660000ms
2021-10-05 01:13:51,492 [Listener at 0.0.0.0/36281] INFO  handler.ContextHandler (ContextHandler.java:doStart(915)) - Started o.e.j.s.ServletContextHandler@1831447c{logs,/logs,file:///home/runner/work/ozone/ozone/hadoop-ozone/integration-test/target/log,AVAILABLE}
2021-10-05 01:13:51,493 [Listener at 0.0.0.0/36281] INFO  handler.ContextHandler (ContextHandler.java:doStart(915)) - Started o.e.j.s.ServletContextHandler@4468c0ea{static,/static,file:///home/runner/work/ozone/ozone/hadoop-ozone/integration-test/target/test-classes/webapps/static,AVAILABLE}
2021-10-05 01:13:51,538 [Listener at 0.0.0.0/36281] INFO  handler.ContextHandler (ContextHandler.java:doStart(915)) - Started o.e.j.w.WebAppContext@75e92bb7{scm,/,file:///home/runner/work/ozone/ozone/hadoop-ozone/integration-test/target/test-classes/webapps/scm/,AVAILABLE}{file:/home/runner/work/ozone/ozone/hadoop-ozone/integration-test/target/test-classes/webapps/scm}
2021-10-05 01:13:51,549 [Listener at 0.0.0.0/36281] INFO  server.AbstractConnector (AbstractConnector.java:doStart(331)) - Started ServerConnector@89465d9{HTTP/1.1, (http/1.1)}{0.0.0.0:40279}
2021-10-05 01:13:51,549 [Listener at 0.0.0.0/36281] INFO  server.Server (Server.java:doStart(415)) - Started @4927ms
2021-10-05 01:13:51,553 [Listener at 0.0.0.0/36281] INFO  impl.MetricsSinkAdapter (MetricsSinkAdapter.java:start(204)) - Sink prometheus started
2021-10-05 01:13:51,553 [Listener at 0.0.0.0/36281] INFO  impl.MetricsSystemImpl (MetricsSystemImpl.java:registerSink(305)) - Registered sink prometheus
2021-10-05 01:13:51,554 [Listener at 0.0.0.0/36281] INFO  http.BaseHttpServer (BaseHttpServer.java:updateConnectorAddress(329)) - HTTP server of scm listening at http://0.0.0.0:40279
2021-10-05 01:13:51,651 [Listener at 0.0.0.0/36281] INFO  ha.OMHANodeDetails (OMHANodeDetails.java:loadOMHAConfig(118)) - ServiceID for OzoneManager is om-service-test1
2021-10-05 01:13:51,656 [Listener at 0.0.0.0/36281] INFO  ha.OMHANodeDetails (OMHANodeDetails.java:loadOMHAConfig(194)) - Found matching OM address with OMServiceId: om-service-test1, OMNodeId: omNode-1, RPC Address: localhost:10876 and Ratis port: 10880
2021-10-05 01:13:51,657 [Listener at 0.0.0.0/36281] INFO  ha.OMHANodeDetails (ConfUtils.java:setNodeSpecificConfigs(108)) - Setting configuration key ozone.om.http-address with value of key ozone.om.http-address.om-service-test1.omNode-1: 127.0.0.1:10878
2021-10-05 01:13:51,657 [Listener at 0.0.0.0/36281] INFO  ha.OMHANodeDetails (ConfUtils.java:setNodeSpecificConfigs(108)) - Setting configuration key ozone.om.https-address with value of key ozone.om.https-address.om-service-test1.omNode-1: 127.0.0.1:10879
2021-10-05 01:13:51,657 [Listener at 0.0.0.0/36281] INFO  ha.OMHANodeDetails (ConfUtils.java:setNodeSpecificConfigs(108)) - Setting configuration key ozone.om.address with value of key ozone.om.address.om-service-test1.omNode-1: 127.0.0.1:10876
2021-10-05 01:13:51,658 [Listener at 0.0.0.0/36281] WARN  server.ServerUtils (ServerUtils.java:getDBPath(225)) - ozone.om.db.dirs is not configured. We recommend adding this setting. Falling back to ozone.metadata.dirs instead.
OM initialization succeeded.Current cluster id for sd=/home/runner/work/ozone/ozone/hadoop-ozone/integration-test/target/test-dir/MiniOzoneClusterImpl-46302e84-7680-4986-b584-895fe31d4053/omNode-1/om;cid=46302e84-7680-4986-b584-895fe31d4053;layoutVersion=0
2021-10-05 01:13:51,986 [Listener at 0.0.0.0/36281] INFO  ha.OMHANodeDetails (OMHANodeDetails.java:loadOMHAConfig(118)) - ServiceID for OzoneManager is om-service-test1
2021-10-05 01:13:51,987 [Listener at 0.0.0.0/36281] INFO  ha.OMHANodeDetails (OMHANodeDetails.java:loadOMHAConfig(194)) - Found matching OM address with OMServiceId: om-service-test1, OMNodeId: omNode-1, RPC Address: localhost:10876 and Ratis port: 10880
2021-10-05 01:13:51,987 [Listener at 0.0.0.0/36281] INFO  ha.OMHANodeDetails (ConfUtils.java:setNodeSpecificConfigs(108)) - Setting configuration key ozone.om.http-address with value of key ozone.om.http-address.om-service-test1.omNode-1: 127.0.0.1:10878
2021-10-05 01:13:51,988 [Listener at 0.0.0.0/36281] INFO  ha.OMHANodeDetails (ConfUtils.java:setNodeSpecificConfigs(108)) - Setting configuration key ozone.om.https-address with value of key ozone.om.https-address.om-service-test1.omNode-1: 127.0.0.1:10879
2021-10-05 01:13:51,988 [Listener at 0.0.0.0/36281] INFO  ha.OMHANodeDetails (ConfUtils.java:setNodeSpecificConfigs(108)) - Setting configuration key ozone.om.address with value of key ozone.om.address.om-service-test1.omNode-1: 127.0.0.1:10876
2021-10-05 01:13:51,988 [Listener at 0.0.0.0/36281] WARN  server.ServerUtils (ServerUtils.java:getDBPath(225)) - ozone.om.db.dirs is not configured. We recommend adding this setting. Falling back to ozone.metadata.dirs instead.
2021-10-05 01:13:51,990 [Listener at 0.0.0.0/36281] INFO  upgrade.AbstractLayoutVersionManager (AbstractLayoutVersionManager.java:init(79)) - Initializing Layout version manager with metadata layout = INITIAL_VERSION (version = 0), software layout = INITIAL_VERSION (version = 0)
2021-10-05 01:13:52,062 [Listener at 0.0.0.0/36281] INFO  reflections.Reflections (Reflections.java:scan(232)) - Reflections took 62 ms to scan 2 urls, producing 131 keys and 342 values [using 2 cores]
2021-10-05 01:13:52,068 [Listener at 0.0.0.0/36281] INFO  upgrade.OMLayoutVersionManager (OMLayoutVersionManager.java:lambda$0(115)) - Skipping Upgrade Action MockOmUpgradeAction since it has been finalized.
2021-10-05 01:13:52,069 [Listener at 0.0.0.0/36281] WARN  server.ServerUtils (ServerUtils.java:getDBPath(225)) - ozone.om.db.dirs is not configured. We recommend adding this setting. Falling back to ozone.metadata.dirs instead.
2021-10-05 01:13:52,239 [Listener at 0.0.0.0/36281] WARN  server.ServerUtils (ServerUtils.java:getDBPath(225)) - ozone.om.db.dirs is not configured. We recommend adding this setting. Falling back to ozone.metadata.dirs instead.
2021-10-05 01:13:52,247 [Listener at 0.0.0.0/36281] INFO  codec.OmKeyInfoCodec (OmKeyInfoCodec.java:<init>(51)) - OmKeyInfoCodec ignorePipeline = true
2021-10-05 01:13:52,248 [Listener at 0.0.0.0/36281] INFO  codec.RepeatedOmKeyInfoCodec (RepeatedOmKeyInfoCodec.java:<init>(42)) - RepeatedOmKeyInfoCodec ignorePipeline = true
2021-10-05 01:13:52,501 [Listener at 0.0.0.0/36281] INFO  om.OzoneManager (OzoneManager.java:addS3GVolumeToDB(4127)) - Created Volume s3v With Owner runner required for S3Gateway operations.
2021-10-05 01:13:52,581 [Listener at 0.0.0.0/36281] WARN  server.ServerUtils (ServerUtils.java:getDefaultRatisDirectory(237)) - Storage directory for Ratis is not configured. It is a good idea to map this to an SSD disk. Falling back to ozone.metadata.dirs
2021-10-05 01:13:52,582 [Listener at 0.0.0.0/36281] WARN  utils.OzoneManagerRatisUtils (OzoneManagerRatisUtils.java:getOMRatisSnapshotDirectory(435)) - ozone.om.ratis.snapshot.dir is not configured. Falling back to ozone.metadata.dirs config
2021-10-05 01:13:52,609 [Listener at 0.0.0.0/36281] INFO  snapshot.OzoneManagerSnapshotProvider (OzoneManagerSnapshotProvider.java:<init>(76)) - Initializing OM Snapshot Provider
2021-10-05 01:13:52,781 [Listener at 0.0.0.0/36281] WARN  server.ServerUtils (ServerUtils.java:getDefaultRatisDirectory(237)) - Storage directory for Ratis is not configured. It is a good idea to map this to an SSD disk. Falling back to ozone.metadata.dirs
2021-10-05 01:13:52,812 [Listener at 0.0.0.0/36281] INFO  ratis.OzoneManagerRatisServer (OzoneManagerRatisServer.java:<init>(158)) - Instantiating OM Ratis server with groupID: om-service-test1 and peers: localhost:10880, localhost:10892, localhost:10886
2021-10-05 01:13:52,821 [Listener at 0.0.0.0/36281] INFO  ratis.OzoneManagerStateMachine (OzoneManagerStateMachine.java:loadSnapshotInfoFromDB(605)) - LastAppliedIndex is set from TransactionInfo from OM DB as (t:0, i:~)
2021-10-05 01:13:52,857 [Listener at 0.0.0.0/36281] INFO  server.RaftServer (ConfUtils.java:logGet(44)) - raft.rpc.type = GRPC (default)
2021-10-05 01:13:52,941 [Listener at 0.0.0.0/36281] INFO  grpc.GrpcFactory (GrpcFactory.java:checkPooledByteBufAllocatorUseCacheForAllThreads(48)) - PERFORMANCE WARNING: useCacheForAllThreads is true that may cause Netty to create a lot garbage objects and, as a result, trigger GC.
	It is recommended to disable useCacheForAllThreads by setting -Dorg.apache.ratis.thirdparty.io.netty.allocator.useCacheForAllThreads=false in command line.
2021-10-05 01:13:52,946 [Listener at 0.0.0.0/36281] INFO  grpc.GrpcConfigKeys (ConfUtils.java:logGet(44)) - raft.grpc.admin.port = -1 (default)
2021-10-05 01:13:52,946 [Listener at 0.0.0.0/36281] INFO  grpc.GrpcConfigKeys (ConfUtils.java:logGet(44)) - raft.grpc.server.port = 10880 (custom)
2021-10-05 01:13:52,947 [Listener at 0.0.0.0/36281] INFO  grpc.GrpcConfigKeys (ConfUtils.java:logGet(44)) - raft.grpc.client.port = -1 (default)
2021-10-05 01:13:52,947 [Listener at 0.0.0.0/36281] INFO  grpc.GrpcConfigKeys (ConfUtils.java:logGet(44)) - raft.grpc.server.port = 10880 (custom)
2021-10-05 01:13:52,947 [Listener at 0.0.0.0/36281] INFO  grpc.GrpcConfigKeys (ConfUtils.java:logGet(44)) - raft.grpc.server.port = 10880 (custom)
2021-10-05 01:13:52,948 [Listener at 0.0.0.0/36281] INFO  server.GrpcService (ConfUtils.java:logGet(44)) - raft.grpc.message.size.max = 33554432 (custom)
2021-10-05 01:13:52,950 [Listener at 0.0.0.0/36281] INFO  server.RaftServerConfigKeys (ConfUtils.java:logGet(44)) - raft.server.log.appender.buffer.byte-limit = 33554432 (custom)
2021-10-05 01:13:52,950 [Listener at 0.0.0.0/36281] INFO  server.GrpcService (ConfUtils.java:logGet(44)) - raft.grpc.flow.control.window = 1MB (=1048576) (default)
2021-10-05 01:13:52,951 [Listener at 0.0.0.0/36281] INFO  server.RaftServerConfigKeys (ConfUtils.java:logGet(44)) - raft.server.rpc.request.timeout = 3000ms (default)
2021-10-05 01:13:53,297 [Listener at 0.0.0.0/36281] INFO  impl.DataStreamServerImpl (ConfUtils.java:logGet(44)) - raft.datastream.type = DISABLED (default)
2021-10-05 01:13:53,301 [Listener at 0.0.0.0/36281] INFO  server.RaftServerConfigKeys (ConfUtils.java:logGet(44)) - raft.server.rpc.slowness.timeout = 2s (custom)
2021-10-05 01:13:53,301 [Listener at 0.0.0.0/36281] INFO  server.RaftServerConfigKeys (ConfUtils.java:logGet(44)) - raft.server.leaderelection.leader.step-down.wait-time = 10s (default)
2021-10-05 01:13:53,319 [Listener at 0.0.0.0/36281] INFO  server.RaftServerConfigKeys (ConfUtils.java:logGet(44)) - raft.server.storage.dir = [/home/runner/work/ozone/ozone/hadoop-ozone/integration-test/target/test-dir/MiniOzoneClusterImpl-46302e84-7680-4986-b584-895fe31d4053/omNode-1/ratis] (custom)
2021-10-05 01:13:53,326 [Listener at 0.0.0.0/36281] INFO  server.RaftServer (RaftServerProxy.java:addNew(95)) - omNode-1: addNew group-523986131536:[omNode-3|rpc:localhost:10892|priority:0, omNode-1|rpc:localhost:10880|priority:0, omNode-2|rpc:localhost:10886|priority:0] returns group-523986131536:java.util.concurrent.CompletableFuture@1ee47336[Not completed]
2021-10-05 01:13:53,326 [Listener at 0.0.0.0/36281] INFO  om.OzoneManager (OzoneManager.java:initializeRatisServer(1585)) - OzoneManager Ratis server initialized at port 10880
2021-10-05 01:13:53,364 [Listener at 0.0.0.0/36281] INFO  ipc.CallQueueManager (CallQueueManager.java:<init>(90)) - Using callQueue: class java.util.concurrent.LinkedBlockingQueue, queueCapacity: 2000, scheduler: class org.apache.hadoop.ipc.DefaultRpcScheduler, ipcBackoff: false.
2021-10-05 01:13:53,366 [pool-39-thread-1] INFO  server.RaftServer$Division (RaftServerImpl.java:<init>(181)) - omNode-1: new RaftServerImpl for group-523986131536:[omNode-3|rpc:localhost:10892|priority:0, omNode-1|rpc:localhost:10880|priority:0, omNode-2|rpc:localhost:10886|priority:0] with OzoneManagerStateMachine:uninitialized
2021-10-05 01:13:53,375 [pool-39-thread-1] INFO  server.RaftServerConfigKeys (ConfUtils.java:logGet(44)) - raft.server.rpc.timeout.min = 1s (custom)
2021-10-05 01:13:53,376 [pool-39-thread-1] INFO  server.RaftServerConfigKeys (ConfUtils.java:logGet(44)) - raft.server.rpc.timeout.max = 1200ms (custom)
2021-10-05 01:13:53,376 [pool-39-thread-1] INFO  server.RaftServerConfigKeys (ConfUtils.java:logGet(44)) - raft.server.rpc.sleep.time = 25ms (default)
2021-10-05 01:13:53,375 [Socket Reader #1 for port 10876] INFO  ipc.Server (Server.java:run(1265)) - Starting Socket Reader #1 for port 10876
2021-10-05 01:13:53,379 [pool-39-thread-1] INFO  server.RaftServerConfigKeys (ConfUtils.java:logGet(44)) - raft.server.rpc.slowness.timeout = 2s (custom)
2021-10-05 01:13:53,379 [pool-39-thread-1] INFO  server.RaftServerConfigKeys (ConfUtils.java:logGet(44)) - raft.server.leaderelection.leader.step-down.wait-time = 10s (default)
2021-10-05 01:13:53,391 [pool-39-thread-1] INFO  server.RaftServerConfigKeys (ConfUtils.java:logGet(44)) - raft.server.sleep.deviation.threshold = 300ms (default)
2021-10-05 01:13:53,391 [pool-39-thread-1] INFO  server.RaftServerConfigKeys (ConfUtils.java:logGet(44)) - raft.server.log.appender.install.snapshot.enabled = false (custom)
2021-10-05 01:13:53,406 [pool-39-thread-1] INFO  server.RaftServer$Division (ServerState.java:<init>(105)) - omNode-1@group-523986131536: ConfigurationManager, init=-1: [omNode-3|rpc:localhost:10892|priority:0, omNode-1|rpc:localhost:10880|priority:0, omNode-2|rpc:localhost:10886|priority:0], old=null, confs=<EMPTY_MAP>
2021-10-05 01:13:53,407 [pool-39-thread-1] INFO  server.RaftServerConfigKeys (ConfUtils.java:logGet(44)) - raft.server.storage.dir = [/home/runner/work/ozone/ozone/hadoop-ozone/integration-test/target/test-dir/MiniOzoneClusterImpl-46302e84-7680-4986-b584-895fe31d4053/omNode-1/ratis] (custom)
2021-10-05 01:13:53,414 [pool-39-thread-1] INFO  server.RaftServerConfigKeys (ConfUtils.java:logGet(44)) - raft.server.log.corruption.policy = EXCEPTION (default)
2021-10-05 01:13:53,425 [pool-39-thread-1] INFO  server.RaftServerConfigKeys (ConfUtils.java:logGet(44)) - raft.server.storage.free-space.min = 0MB (=0) (default)
2021-10-05 01:13:53,427 [pool-39-thread-1] INFO  storage.RaftStorageDirectory (RaftStorageDirectoryImpl.java:analyzeStorage(135)) - The storage directory /home/runner/work/ozone/ozone/hadoop-ozone/integration-test/target/test-dir/MiniOzoneClusterImpl-46302e84-7680-4986-b584-895fe31d4053/omNode-1/ratis/c9bc4cf4-3bc3-3c60-a66b-523986131536 does not exist. Creating ...
2021-10-05 01:13:53,438 [pool-39-thread-1] INFO  storage.RaftStorageDirectory (RaftStorageDirectoryImpl.java:tryLock(230)) - Lock on /home/runner/work/ozone/ozone/hadoop-ozone/integration-test/target/test-dir/MiniOzoneClusterImpl-46302e84-7680-4986-b584-895fe31d4053/omNode-1/ratis/c9bc4cf4-3bc3-3c60-a66b-523986131536/in_use.lock acquired by nodename 8677@fv-az50-768
2021-10-05 01:13:53,455 [pool-39-thread-1] INFO  storage.RaftStorage (RaftStorageImpl.java:format(89)) - Storage directory /home/runner/work/ozone/ozone/hadoop-ozone/integration-test/target/test-dir/MiniOzoneClusterImpl-46302e84-7680-4986-b584-895fe31d4053/omNode-1/ratis/c9bc4cf4-3bc3-3c60-a66b-523986131536 has been successfully formatted.
2021-10-05 01:13:53,459 [Listener at 127.0.0.1/10876] INFO  om.OzoneManager (OzoneManager.java:initFSOLayout(4333)) - Configured ozone.om.metadata.layout=SIMPLE and disabled optimized OM FS operations
2021-10-05 01:13:53,463 [Listener at 127.0.0.1/10876] INFO  impl.MetricsSystemImpl (MetricsSystemImpl.java:init(158)) - OzoneManager metrics system started (again)
2021-10-05 01:13:53,466 [pool-39-thread-1] INFO  server.RaftServerConfigKeys (ConfUtils.java:logGet(44)) - raft.server.notification.no-leader.timeout = 2s (custom)
2021-10-05 01:13:53,471 [pool-39-thread-1] INFO  server.RaftServerConfigKeys (ConfUtils.java:logGet(44)) - raft.server.log.use.memory = false (default)
2021-10-05 01:13:53,493 [pool-39-thread-1] INFO  server.RaftServerConfigKeys (ConfUtils.java:logGet(44)) - raft.server.log.purge.gap = 50 (custom)
2021-10-05 01:13:53,493 [pool-39-thread-1] INFO  server.RaftServerConfigKeys (ConfUtils.java:logGet(44)) - raft.server.log.appender.buffer.byte-limit = 33554432 (custom)
2021-10-05 01:13:53,514 [Listener at 127.0.0.1/10876] INFO  om.OzoneManager (OzoneManager.java:start(1281)) - OzoneManager RPC server is listening at localhost/127.0.0.1:10876
2021-10-05 01:13:53,514 [Listener at 127.0.0.1/10876] INFO  ratis.OzoneManagerRatisServer (OzoneManagerRatisServer.java:start(516)) - Starting OzoneManagerRatisServer omNode-1 at port 10880
2021-10-05 01:13:53,528 [pool-39-thread-1] INFO  server.RaftServerConfigKeys (ConfUtils.java:logGet(44)) - raft.server.log.segment.size.max = 4194304 (custom)
2021-10-05 01:13:53,537 [pool-39-thread-1] INFO  server.RaftServerConfigKeys (ConfUtils.java:logGet(44)) - raft.server.log.segment.cache.num.max = 2 (custom)
2021-10-05 01:13:53,537 [pool-39-thread-1] INFO  server.RaftServerConfigKeys (ConfUtils.java:logGet(44)) - raft.server.log.segment.cache.size.max = 200MB (=209715200) (default)
2021-10-05 01:13:53,545 [pool-39-thread-1] INFO  segmented.SegmentedRaftLogWorker (SegmentedRaftLogWorker.java:<init>(182)) - new omNode-1@group-523986131536-SegmentedRaftLogWorker for RaftStorageImpl:Storage Directory /home/runner/work/ozone/ozone/hadoop-ozone/integration-test/target/test-dir/MiniOzoneClusterImpl-46302e84-7680-4986-b584-895fe31d4053/omNode-1/ratis/c9bc4cf4-3bc3-3c60-a66b-523986131536
2021-10-05 01:13:53,545 [pool-39-thread-1] INFO  server.RaftServerConfigKeys (ConfUtils.java:logGet(44)) - raft.server.log.queue.byte-limit = 64MB (=67108864) (default)
2021-10-05 01:13:53,546 [pool-39-thread-1] INFO  server.RaftServerConfigKeys (ConfUtils.java:logGet(44)) - raft.server.log.queue.element-limit = 4096 (default)
2021-10-05 01:13:53,546 [pool-39-thread-1] INFO  server.RaftServerConfigKeys (ConfUtils.java:logGet(44)) - raft.server.log.segment.size.max = 4194304 (custom)
2021-10-05 01:13:53,547 [pool-39-thread-1] INFO  server.RaftServerConfigKeys (ConfUtils.java:logGet(44)) - raft.server.log.preallocated.size = 4194304 (custom)
2021-10-05 01:13:53,547 [pool-39-thread-1] INFO  server.RaftServerConfigKeys (ConfUtils.java:logGet(44)) - raft.server.log.force.sync.num = 128 (default)
2021-10-05 01:13:53,549 [pool-39-thread-1] INFO  server.RaftServerConfigKeys (ConfUtils.java:logGet(44)) - raft.server.log.statemachine.data.sync = true (default)
2021-10-05 01:13:53,549 [pool-39-thread-1] INFO  server.RaftServerConfigKeys (ConfUtils.java:logGet(44)) - raft.server.log.statemachine.data.sync.timeout = 10s (default)
2021-10-05 01:13:53,550 [pool-39-thread-1] INFO  server.RaftServerConfigKeys (ConfUtils.java:logGet(44)) - raft.server.log.statemachine.data.sync.timeout.retry = -1 (default)
2021-10-05 01:13:53,563 [pool-39-thread-1] INFO  server.RaftServerConfigKeys (ConfUtils.java:logGet(44)) - raft.server.log.write.buffer.size = 64KB (=65536) (default)
2021-10-05 01:13:53,564 [pool-39-thread-1] INFO  server.RaftServerConfigKeys (ConfUtils.java:logGet(44)) - raft.server.log.statemachine.data.caching.enabled = false (default)
2021-10-05 01:13:53,572 [pool-39-thread-1] INFO  segmented.SegmentedRaftLogWorker (SegmentedRaftLogWorker.java:lambda$new$0(133)) - omNode-1@group-523986131536-SegmentedRaftLogWorker: flushIndex: setUnconditionally 0 -> -1
2021-10-05 01:13:53,574 [pool-39-thread-1] INFO  segmented.SegmentedRaftLogWorker (SegmentedRaftLogWorker.java:lambda$new$0(133)) - omNode-1@group-523986131536-SegmentedRaftLogWorker: safeCacheEvictIndex: setUnconditionally 0 -> -1
2021-10-05 01:13:53,581 [pool-39-thread-1] INFO  server.RaftServerConfigKeys (ConfUtils.java:logGet(44)) - raft.server.snapshot.auto.trigger.enabled = true (custom)
2021-10-05 01:13:53,582 [pool-39-thread-1] INFO  server.RaftServerConfigKeys (ConfUtils.java:logGet(44)) - raft.server.snapshot.auto.trigger.threshold = 50 (custom)
2021-10-05 01:13:53,585 [pool-39-thread-1] INFO  server.RaftServerConfigKeys (ConfUtils.java:logGet(44)) - raft.server.snapshot.retention.file.num = -1 (default)
2021-10-05 01:13:53,585 [pool-39-thread-1] INFO  server.RaftServerConfigKeys (ConfUtils.java:logGet(44)) - raft.server.log.purge.upto.snapshot.index = true (custom)
2021-10-05 01:13:53,587 [pool-39-thread-1] INFO  server.RaftServerConfigKeys (ConfUtils.java:logGet(44)) - raft.server.retrycache.expirytime = 30000ms (custom)
2021-10-05 01:13:53,587 [pool-39-thread-1] INFO  server.RaftServerConfigKeys (ConfUtils.java:logGet(44)) - raft.server.retrycache.statistics.expirytime = 100μs (default)
2021-10-05 01:13:53,637 [Listener at 127.0.0.1/10876] INFO  server.RaftServer$Division (RaftServerImpl.java:start(296)) - omNode-1@group-523986131536: start as a follower, conf=-1: [omNode-3|rpc:localhost:10892|priority:0, omNode-1|rpc:localhost:10880|priority:0, omNode-2|rpc:localhost:10886|priority:0], old=null
2021-10-05 01:13:53,638 [Listener at 127.0.0.1/10876] INFO  server.RaftServer$Division (RaftServerImpl.java:setRole(285)) - omNode-1@group-523986131536: changes role from      null to FOLLOWER at term 0 for startAsFollower
2021-10-05 01:13:53,640 [Listener at 127.0.0.1/10876] INFO  impl.RoleInfo (RoleInfo.java:updateAndGet(130)) - omNode-1: start omNode-1@group-523986131536-FollowerState
2021-10-05 01:13:53,641 [Listener at 127.0.0.1/10876] INFO  util.JmxRegister (JmxRegister.java:tryRegister(44)) - Successfully registered JMX Bean with object name Ratis:service=RaftServer,group=group-523986131536,id=omNode-1
2021-10-05 01:13:53,644 [Listener at 127.0.0.1/10876] INFO  server.RaftServer (RaftServerProxy.java:lambda$start$5(374)) - omNode-1: start RPC server
2021-10-05 01:13:53,709 [Listener at 127.0.0.1/10876] INFO  server.GrpcService (GrpcService.java:startImpl(253)) - omNode-1: GrpcService started, listening on 10880
2021-10-05 01:13:53,717 [Listener at 127.0.0.1/10876] INFO  om.OzoneManager (OzoneManager.java:start(1299)) - Version File has different layout version (0) than OM DB (null). That is expected if this OM has never been finalized to a newer layout version.
2021-10-05 01:13:53,718 [org.apache.ratis.util.JvmPauseMonitor$$Lambda$523/848064357@4893a9f0] INFO  util.JvmPauseMonitor (JvmPauseMonitor.java:run(103)) - JvmPauseMonitor-omNode-1: Started
2021-10-05 01:13:53,736 [Listener at 127.0.0.1/10876] INFO  http.BaseHttpServer (BaseHttpServer.java:newHttpServer2BuilderForOzone(209)) - Starting Web-server for ozoneManager at: http://0.0.0.0:10878
2021-10-05 01:13:53,736 [Listener at 127.0.0.1/10876] INFO  http.BaseHttpServer (BaseHttpServer.java:<init>(107)) - Hadoop Security Enabled: false Ozone Security Enabled: false Ozone HTTP Security Enabled: false 
2021-10-05 01:13:53,737 [Listener at 127.0.0.1/10876] INFO  server.AuthenticationFilter (AuthenticationFilter.java:constructSecretProvider(240)) - Unable to initialize FileSignerSecretProvider, falling back to use random secrets.
2021-10-05 01:13:53,739 [Listener at 127.0.0.1/10876] WARN  http.HttpRequestLog (HttpRequestLog.java:getRequestLog(103)) - Jetty request log can only be enabled using Log4j
2021-10-05 01:13:53,743 [Listener at 127.0.0.1/10876] INFO  http.HttpServer2 (HttpServer2.java:addGlobalFilter(1030)) - Added global filter 'safety' (class=org.apache.hadoop.hdds.server.http.HttpServer2$QuotingInputFilter)
2021-10-05 01:13:53,745 [Listener at 127.0.0.1/10876] INFO  http.HttpServer2 (HttpServer2.java:addFilter(1006)) - Added filter static_user_filter (class=org.apache.hadoop.http.lib.StaticUserWebFilter$StaticUserFilter) to context ozoneManager
2021-10-05 01:13:53,745 [Listener at 127.0.0.1/10876] INFO  http.HttpServer2 (HttpServer2.java:addFilter(1014)) - Added filter static_user_filter (class=org.apache.hadoop.http.lib.StaticUserWebFilter$StaticUserFilter) to context static
2021-10-05 01:13:53,746 [Listener at 127.0.0.1/10876] INFO  http.HttpServer2 (HttpServer2.java:addFilter(1014)) - Added filter static_user_filter (class=org.apache.hadoop.http.lib.StaticUserWebFilter$StaticUserFilter) to context logs
2021-10-05 01:13:53,749 [Listener at 127.0.0.1/10876] INFO  http.HttpServer2 (HttpServer2.java:bindListener(1249)) - Jetty bound to port 10878
2021-10-05 01:13:53,749 [Listener at 127.0.0.1/10876] INFO  server.Server (Server.java:doStart(375)) - jetty-9.4.43.v20210629; built: 2021-06-30T11:07:22.254Z; git: 526006ecfa3af7f1a27ef3a288e2bef7ea9dd7e8; jvm 1.8.0_292-b10
2021-10-05 01:13:53,753 [Listener at 127.0.0.1/10876] INFO  server.session (DefaultSessionIdManager.java:doStart(334)) - DefaultSessionIdManager workerName=node0
2021-10-05 01:13:53,753 [Listener at 127.0.0.1/10876] INFO  server.session (DefaultSessionIdManager.java:doStart(339)) - No SessionScavenger set, using defaults
2021-10-05 01:13:53,754 [Listener at 127.0.0.1/10876] INFO  server.session (HouseKeeper.java:startScavenging(132)) - node0 Scavenging every 600000ms
2021-10-05 01:13:53,755 [Listener at 127.0.0.1/10876] INFO  handler.ContextHandler (ContextHandler.java:doStart(915)) - Started o.e.j.s.ServletContextHandler@bbc199a{logs,/logs,file:///home/runner/work/ozone/ozone/hadoop-ozone/integration-test/target/log,AVAILABLE}
2021-10-05 01:13:53,755 [Listener at 127.0.0.1/10876] INFO  handler.ContextHandler (ContextHandler.java:doStart(915)) - Started o.e.j.s.ServletContextHandler@67964236{static,/static,file:///home/runner/work/ozone/ozone/hadoop-ozone/integration-test/target/test-classes/webapps/static,AVAILABLE}
2021-10-05 01:13:53,759 [Listener at 127.0.0.1/10876] INFO  handler.ContextHandler (ContextHandler.java:doStart(915)) - Started o.e.j.w.WebAppContext@4fb5adb8{ozoneManager,/,file:///home/runner/work/ozone/ozone/hadoop-ozone/integration-test/target/test-classes/webapps/ozoneManager/,AVAILABLE}{file:/home/runner/work/ozone/ozone/hadoop-ozone/integration-test/target/test-classes/webapps/ozoneManager}
2021-10-05 01:13:53,762 [Listener at 127.0.0.1/10876] INFO  server.AbstractConnector (AbstractConnector.java:doStart(331)) - Started ServerConnector@258274cb{HTTP/1.1, (http/1.1)}{0.0.0.0:10878}
2021-10-05 01:13:53,762 [Listener at 127.0.0.1/10876] INFO  server.Server (Server.java:doStart(415)) - Started @7140ms
2021-10-05 01:13:53,762 [Listener at 127.0.0.1/10876] WARN  impl.MetricsSystemImpl (MetricsSystemImpl.java:register(279)) - Sink prometheus already exists!
2021-10-05 01:13:53,763 [Listener at 127.0.0.1/10876] INFO  http.BaseHttpServer (BaseHttpServer.java:updateConnectorAddress(329)) - HTTP server of ozoneManager listening at http://0.0.0.0:10878
2021-10-05 01:13:53,763 [IPC Server Responder] INFO  ipc.Server (Server.java:run(1507)) - IPC Server Responder: starting
2021-10-05 01:13:53,764 [IPC Server listener on 10876] INFO  ipc.Server (Server.java:run(1344)) - IPC Server listener on 10876: starting
2021-10-05 01:13:53,775 [Listener at 127.0.0.1/10876] INFO  om.OzoneManager (OzoneManager.java:startTrashEmptier(1543)) - Trash Interval set to 0. Files deleted will not move to trash
2021-10-05 01:13:53,777 [Listener at 127.0.0.1/10876] INFO  ozone.MiniOzoneHAClusterImpl (MiniOzoneHAClusterImpl.java:createOMService(485)) - Started OzoneManager omNode-1 RPC server at localhost/127.0.0.1:10876
2021-10-05 01:13:53,778 [Listener at 127.0.0.1/10876] INFO  ha.OMHANodeDetails (OMHANodeDetails.java:loadOMHAConfig(118)) - ServiceID for OzoneManager is om-service-test1
2021-10-05 01:13:53,778 [Listener at 127.0.0.1/10876] INFO  ha.OMHANodeDetails (OMHANodeDetails.java:loadOMHAConfig(194)) - Found matching OM address with OMServiceId: om-service-test1, OMNodeId: omNode-2, RPC Address: localhost:10882 and Ratis port: 10886
2021-10-05 01:13:53,779 [Listener at 127.0.0.1/10876] INFO  ha.OMHANodeDetails (ConfUtils.java:setNodeSpecificConfigs(108)) - Setting configuration key ozone.om.http-address with value of key ozone.om.http-address.om-service-test1.omNode-2: 127.0.0.1:10884
2021-10-05 01:13:53,779 [Listener at 127.0.0.1/10876] INFO  ha.OMHANodeDetails (ConfUtils.java:setNodeSpecificConfigs(108)) - Setting configuration key ozone.om.https-address with value of key ozone.om.https-address.om-service-test1.omNode-2: 127.0.0.1:10885
2021-10-05 01:13:53,779 [Listener at 127.0.0.1/10876] INFO  ha.OMHANodeDetails (ConfUtils.java:setNodeSpecificConfigs(108)) - Setting configuration key ozone.om.address with value of key ozone.om.address.om-service-test1.omNode-2: 127.0.0.1:10882
2021-10-05 01:13:53,779 [Listener at 127.0.0.1/10876] WARN  server.ServerUtils (ServerUtils.java:getDBPath(225)) - ozone.om.db.dirs is not configured. We recommend adding this setting. Falling back to ozone.metadata.dirs instead.
2021-10-05 01:13:53,781 [org.apache.hadoop.util.JvmPauseMonitor$Monitor@37e44608] INFO  util.JvmPauseMonitor (JvmPauseMonitor.java:run(188)) - Starting JVM pause monitor
OM initialization succeeded.Current cluster id for sd=/home/runner/work/ozone/ozone/hadoop-ozone/integration-test/target/test-dir/MiniOzoneClusterImpl-46302e84-7680-4986-b584-895fe31d4053/omNode-2/om;cid=46302e84-7680-4986-b584-895fe31d4053;layoutVersion=0
2021-10-05 01:13:53,788 [Listener at 127.0.0.1/10876] INFO  ha.OMHANodeDetails (OMHANodeDetails.java:loadOMHAConfig(118)) - ServiceID for OzoneManager is om-service-test1
2021-10-05 01:13:53,789 [Listener at 127.0.0.1/10876] INFO  ha.OMHANodeDetails (OMHANodeDetails.java:loadOMHAConfig(194)) - Found matching OM address with OMServiceId: om-service-test1, OMNodeId: omNode-2, RPC Address: localhost:10882 and Ratis port: 10886
2021-10-05 01:13:53,789 [Listener at 127.0.0.1/10876] INFO  ha.OMHANodeDetails (ConfUtils.java:setNodeSpecificConfigs(108)) - Setting configuration key ozone.om.http-address with value of key ozone.om.http-address.om-service-test1.omNode-2: 127.0.0.1:10884
2021-10-05 01:13:53,789 [Listener at 127.0.0.1/10876] INFO  ha.OMHANodeDetails (ConfUtils.java:setNodeSpecificConfigs(108)) - Setting configuration key ozone.om.https-address with value of key ozone.om.https-address.om-service-test1.omNode-2: 127.0.0.1:10885
2021-10-05 01:13:53,789 [Listener at 127.0.0.1/10876] INFO  ha.OMHANodeDetails (ConfUtils.java:setNodeSpecificConfigs(108)) - Setting configuration key ozone.om.address with value of key ozone.om.address.om-service-test1.omNode-2: 127.0.0.1:10882
2021-10-05 01:13:53,790 [Listener at 127.0.0.1/10876] WARN  server.ServerUtils (ServerUtils.java:getDBPath(225)) - ozone.om.db.dirs is not configured. We recommend adding this setting. Falling back to ozone.metadata.dirs instead.
2021-10-05 01:13:53,790 [Listener at 127.0.0.1/10876] INFO  upgrade.AbstractLayoutVersionManager (AbstractLayoutVersionManager.java:init(79)) - Initializing Layout version manager with metadata layout = INITIAL_VERSION (version = 0), software layout = INITIAL_VERSION (version = 0)
2021-10-05 01:13:53,834 [Listener at 127.0.0.1/10876] INFO  reflections.Reflections (Reflections.java:scan(232)) - Reflections took 43 ms to scan 2 urls, producing 131 keys and 342 values [using 2 cores]
2021-10-05 01:13:53,835 [Listener at 127.0.0.1/10876] INFO  upgrade.OMLayoutVersionManager (OMLayoutVersionManager.java:lambda$0(115)) - Skipping Upgrade Action MockOmUpgradeAction since it has been finalized.
2021-10-05 01:13:53,835 [Listener at 127.0.0.1/10876] WARN  server.ServerUtils (ServerUtils.java:getDBPath(225)) - ozone.om.db.dirs is not configured. We recommend adding this setting. Falling back to ozone.metadata.dirs instead.
2021-10-05 01:13:53,843 [Listener at 127.0.0.1/10876] WARN  server.ServerUtils (ServerUtils.java:getDBPath(225)) - ozone.om.db.dirs is not configured. We recommend adding this setting. Falling back to ozone.metadata.dirs instead.
2021-10-05 01:13:53,844 [Listener at 127.0.0.1/10876] INFO  codec.OmKeyInfoCodec (OmKeyInfoCodec.java:<init>(51)) - OmKeyInfoCodec ignorePipeline = true
2021-10-05 01:13:53,844 [Listener at 127.0.0.1/10876] INFO  codec.RepeatedOmKeyInfoCodec (RepeatedOmKeyInfoCodec.java:<init>(42)) - RepeatedOmKeyInfoCodec ignorePipeline = true
2021-10-05 01:13:53,975 [Listener at 127.0.0.1/10876] INFO  om.OzoneManager (OzoneManager.java:addS3GVolumeToDB(4127)) - Created Volume s3v With Owner runner required for S3Gateway operations.
2021-10-05 01:13:53,976 [Listener at 127.0.0.1/10876] WARN  server.ServerUtils (ServerUtils.java:getDefaultRatisDirectory(237)) - Storage directory for Ratis is not configured. It is a good idea to map this to an SSD disk. Falling back to ozone.metadata.dirs
2021-10-05 01:13:53,976 [Listener at 127.0.0.1/10876] WARN  utils.OzoneManagerRatisUtils (OzoneManagerRatisUtils.java:getOMRatisSnapshotDirectory(435)) - ozone.om.ratis.snapshot.dir is not configured. Falling back to ozone.metadata.dirs config
2021-10-05 01:13:53,976 [Listener at 127.0.0.1/10876] INFO  snapshot.OzoneManagerSnapshotProvider (OzoneManagerSnapshotProvider.java:<init>(76)) - Initializing OM Snapshot Provider
2021-10-05 01:13:53,979 [Listener at 127.0.0.1/10876] WARN  impl.MetricRegistriesImpl (MetricRegistriesImpl.java:addReporterRegistration(111)) - New reporters are added after registries were created. Some metrics will be missing from the reporter. Please add reporter before adding any new registry.
2021-10-05 01:13:53,979 [Listener at 127.0.0.1/10876] WARN  impl.MetricRegistriesImpl (MetricRegistriesImpl.java:addReporterRegistration(111)) - New reporters are added after registries were created. Some metrics will be missing from the reporter. Please add reporter before adding any new registry.
2021-10-05 01:13:53,979 [Listener at 127.0.0.1/10876] WARN  server.ServerUtils (ServerUtils.java:getDefaultRatisDirectory(237)) - Storage directory for Ratis is not configured. It is a good idea to map this to an SSD disk. Falling back to ozone.metadata.dirs
2021-10-05 01:13:53,981 [Listener at 127.0.0.1/10876] INFO  ratis.OzoneManagerRatisServer (OzoneManagerRatisServer.java:<init>(158)) - Instantiating OM Ratis server with groupID: om-service-test1 and peers: localhost:10886, localhost:10892, localhost:10880
2021-10-05 01:13:53,981 [Listener at 127.0.0.1/10876] INFO  ratis.OzoneManagerStateMachine (OzoneManagerStateMachine.java:loadSnapshotInfoFromDB(605)) - LastAppliedIndex is set from TransactionInfo from OM DB as (t:0, i:~)
2021-10-05 01:13:53,981 [Listener at 127.0.0.1/10876] INFO  server.RaftServer (ConfUtils.java:logGet(44)) - raft.rpc.type = GRPC (default)
2021-10-05 01:13:53,982 [Listener at 127.0.0.1/10876] INFO  grpc.GrpcFactory (GrpcFactory.java:checkPooledByteBufAllocatorUseCacheForAllThreads(48)) - PERFORMANCE WARNING: useCacheForAllThreads is true that may cause Netty to create a lot garbage objects and, as a result, trigger GC.
	It is recommended to disable useCacheForAllThreads by setting -Dorg.apache.ratis.thirdparty.io.netty.allocator.useCacheForAllThreads=false in command line.
2021-10-05 01:13:53,982 [Listener at 127.0.0.1/10876] INFO  grpc.GrpcConfigKeys (ConfUtils.java:logGet(44)) - raft.grpc.admin.port = -1 (default)
2021-10-05 01:13:53,982 [Listener at 127.0.0.1/10876] INFO  grpc.GrpcConfigKeys (ConfUtils.java:logGet(44)) - raft.grpc.server.port = 10886 (custom)
2021-10-05 01:13:53,982 [Listener at 127.0.0.1/10876] INFO  grpc.GrpcConfigKeys (ConfUtils.java:logGet(44)) - raft.grpc.client.port = -1 (default)
2021-10-05 01:13:53,982 [Listener at 127.0.0.1/10876] INFO  grpc.GrpcConfigKeys (ConfUtils.java:logGet(44)) - raft.grpc.server.port = 10886 (custom)
2021-10-05 01:13:53,983 [Listener at 127.0.0.1/10876] INFO  grpc.GrpcConfigKeys (ConfUtils.java:logGet(44)) - raft.grpc.server.port = 10886 (custom)
2021-10-05 01:13:53,983 [Listener at 127.0.0.1/10876] INFO  server.GrpcService (ConfUtils.java:logGet(44)) - raft.grpc.message.size.max = 33554432 (custom)
2021-10-05 01:13:53,983 [Listener at 127.0.0.1/10876] INFO  server.RaftServerConfigKeys (ConfUtils.java:logGet(44)) - raft.server.log.appender.buffer.byte-limit = 33554432 (custom)
2021-10-05 01:13:53,983 [Listener at 127.0.0.1/10876] INFO  server.GrpcService (ConfUtils.java:logGet(44)) - raft.grpc.flow.control.window = 1MB (=1048576) (default)
2021-10-05 01:13:53,983 [Listener at 127.0.0.1/10876] INFO  server.RaftServerConfigKeys (ConfUtils.java:logGet(44)) - raft.server.rpc.request.timeout = 3000ms (default)
2021-10-05 01:13:53,984 [Listener at 127.0.0.1/10876] INFO  impl.DataStreamServerImpl (ConfUtils.java:logGet(44)) - raft.datastream.type = DISABLED (default)
2021-10-05 01:13:53,985 [Listener at 127.0.0.1/10876] INFO  server.RaftServerConfigKeys (ConfUtils.java:logGet(44)) - raft.server.rpc.slowness.timeout = 2s (custom)
2021-10-05 01:13:53,985 [Listener at 127.0.0.1/10876] INFO  server.RaftServerConfigKeys (ConfUtils.java:logGet(44)) - raft.server.leaderelection.leader.step-down.wait-time = 10s (default)
2021-10-05 01:13:53,985 [Listener at 127.0.0.1/10876] INFO  server.RaftServerConfigKeys (ConfUtils.java:logGet(44)) - raft.server.storage.dir = [/home/runner/work/ozone/ozone/hadoop-ozone/integration-test/target/test-dir/MiniOzoneClusterImpl-46302e84-7680-4986-b584-895fe31d4053/omNode-2/ratis] (custom)
2021-10-05 01:13:53,986 [Listener at 127.0.0.1/10876] INFO  server.RaftServer (RaftServerProxy.java:addNew(95)) - omNode-2: addNew group-523986131536:[omNode-3|rpc:localhost:10892|priority:0, omNode-1|rpc:localhost:10880|priority:0, omNode-2|rpc:localhost:10886|priority:0] returns group-523986131536:java.util.concurrent.CompletableFuture@3a237f14[Not completed]
2021-10-05 01:13:53,986 [Listener at 127.0.0.1/10876] INFO  om.OzoneManager (OzoneManager.java:initializeRatisServer(1585)) - OzoneManager Ratis server initialized at port 10886
2021-10-05 01:13:53,988 [Listener at 127.0.0.1/10876] INFO  ipc.CallQueueManager (CallQueueManager.java:<init>(90)) - Using callQueue: class java.util.concurrent.LinkedBlockingQueue, queueCapacity: 2000, scheduler: class org.apache.hadoop.ipc.DefaultRpcScheduler, ipcBackoff: false.
2021-10-05 01:13:53,988 [pool-62-thread-1] INFO  server.RaftServer$Division (RaftServerImpl.java:<init>(181)) - omNode-2: new RaftServerImpl for group-523986131536:[omNode-3|rpc:localhost:10892|priority:0, omNode-1|rpc:localhost:10880|priority:0, omNode-2|rpc:localhost:10886|priority:0] with OzoneManagerStateMachine:uninitialized
2021-10-05 01:13:53,989 [Socket Reader #1 for port 10882] INFO  ipc.Server (Server.java:run(1265)) - Starting Socket Reader #1 for port 10882
2021-10-05 01:13:53,994 [pool-62-thread-1] INFO  server.RaftServerConfigKeys (ConfUtils.java:logGet(44)) - raft.server.rpc.timeout.min = 1s (custom)
2021-10-05 01:13:53,995 [pool-62-thread-1] INFO  server.RaftServerConfigKeys (ConfUtils.java:logGet(44)) - raft.server.rpc.timeout.max = 1200ms (custom)
2021-10-05 01:13:53,995 [pool-62-thread-1] INFO  server.RaftServerConfigKeys (ConfUtils.java:logGet(44)) - raft.server.rpc.sleep.time = 25ms (default)
2021-10-05 01:13:53,995 [pool-62-thread-1] INFO  server.RaftServerConfigKeys (ConfUtils.java:logGet(44)) - raft.server.rpc.slowness.timeout = 2s (custom)
2021-10-05 01:13:53,995 [pool-62-thread-1] INFO  server.RaftServerConfigKeys (ConfUtils.java:logGet(44)) - raft.server.leaderelection.leader.step-down.wait-time = 10s (default)
2021-10-05 01:13:53,995 [pool-62-thread-1] INFO  server.RaftServerConfigKeys (ConfUtils.java:logGet(44)) - raft.server.sleep.deviation.threshold = 300ms (default)
2021-10-05 01:13:53,995 [pool-62-thread-1] INFO  server.RaftServerConfigKeys (ConfUtils.java:logGet(44)) - raft.server.log.appender.install.snapshot.enabled = false (custom)
2021-10-05 01:13:53,995 [pool-62-thread-1] INFO  server.RaftServer$Division (ServerState.java:<init>(105)) - omNode-2@group-523986131536: ConfigurationManager, init=-1: [omNode-3|rpc:localhost:10892|priority:0, omNode-1|rpc:localhost:10880|priority:0, omNode-2|rpc:localhost:10886|priority:0], old=null, confs=<EMPTY_MAP>
2021-10-05 01:13:53,995 [pool-62-thread-1] INFO  server.RaftServerConfigKeys (ConfUtils.java:logGet(44)) - raft.server.storage.dir = [/home/runner/work/ozone/ozone/hadoop-ozone/integration-test/target/test-dir/MiniOzoneClusterImpl-46302e84-7680-4986-b584-895fe31d4053/omNode-2/ratis] (custom)
2021-10-05 01:13:53,996 [pool-62-thread-1] INFO  server.RaftServerConfigKeys (ConfUtils.java:logGet(44)) - raft.server.log.corruption.policy = EXCEPTION (default)
2021-10-05 01:13:53,996 [pool-62-thread-1] INFO  server.RaftServerConfigKeys (ConfUtils.java:logGet(44)) - raft.server.storage.free-space.min = 0MB (=0) (default)
2021-10-05 01:13:53,996 [pool-62-thread-1] INFO  storage.RaftStorageDirectory (RaftStorageDirectoryImpl.java:analyzeStorage(135)) - The storage directory /home/runner/work/ozone/ozone/hadoop-ozone/integration-test/target/test-dir/MiniOzoneClusterImpl-46302e84-7680-4986-b584-895fe31d4053/omNode-2/ratis/c9bc4cf4-3bc3-3c60-a66b-523986131536 does not exist. Creating ...
2021-10-05 01:13:54,006 [pool-62-thread-1] INFO  storage.RaftStorageDirectory (RaftStorageDirectoryImpl.java:tryLock(230)) - Lock on /home/runner/work/ozone/ozone/hadoop-ozone/integration-test/target/test-dir/MiniOzoneClusterImpl-46302e84-7680-4986-b584-895fe31d4053/omNode-2/ratis/c9bc4cf4-3bc3-3c60-a66b-523986131536/in_use.lock acquired by nodename 8677@fv-az50-768
2021-10-05 01:13:54,007 [pool-62-thread-1] INFO  storage.RaftStorage (RaftStorageImpl.java:format(89)) - Storage directory /home/runner/work/ozone/ozone/hadoop-ozone/integration-test/target/test-dir/MiniOzoneClusterImpl-46302e84-7680-4986-b584-895fe31d4053/omNode-2/ratis/c9bc4cf4-3bc3-3c60-a66b-523986131536 has been successfully formatted.
2021-10-05 01:13:54,008 [pool-62-thread-1] INFO  server.RaftServerConfigKeys (ConfUtils.java:logGet(44)) - raft.server.notification.no-leader.timeout = 2s (custom)
2021-10-05 01:13:54,008 [pool-62-thread-1] INFO  server.RaftServerConfigKeys (ConfUtils.java:logGet(44)) - raft.server.log.use.memory = false (default)
2021-10-05 01:13:54,008 [pool-62-thread-1] INFO  server.RaftServerConfigKeys (ConfUtils.java:logGet(44)) - raft.server.log.purge.gap = 50 (custom)
2021-10-05 01:13:54,008 [pool-62-thread-1] INFO  server.RaftServerConfigKeys (ConfUtils.java:logGet(44)) - raft.server.log.appender.buffer.byte-limit = 33554432 (custom)
2021-10-05 01:13:54,009 [pool-62-thread-1] INFO  server.RaftServerConfigKeys (ConfUtils.java:logGet(44)) - raft.server.log.segment.size.max = 4194304 (custom)
2021-10-05 01:13:54,009 [pool-62-thread-1] INFO  server.RaftServerConfigKeys (ConfUtils.java:logGet(44)) - raft.server.log.segment.cache.num.max = 2 (custom)
2021-10-05 01:13:54,009 [pool-62-thread-1] INFO  server.RaftServerConfigKeys (ConfUtils.java:logGet(44)) - raft.server.log.segment.cache.size.max = 200MB (=209715200) (default)
2021-10-05 01:13:54,009 [pool-62-thread-1] INFO  segmented.SegmentedRaftLogWorker (SegmentedRaftLogWorker.java:<init>(182)) - new omNode-2@group-523986131536-SegmentedRaftLogWorker for RaftStorageImpl:Storage Directory /home/runner/work/ozone/ozone/hadoop-ozone/integration-test/target/test-dir/MiniOzoneClusterImpl-46302e84-7680-4986-b584-895fe31d4053/omNode-2/ratis/c9bc4cf4-3bc3-3c60-a66b-523986131536
2021-10-05 01:13:54,010 [pool-62-thread-1] INFO  server.RaftServerConfigKeys (ConfUtils.java:logGet(44)) - raft.server.log.queue.byte-limit = 64MB (=67108864) (default)
2021-10-05 01:13:54,011 [pool-62-thread-1] INFO  server.RaftServerConfigKeys (ConfUtils.java:logGet(44)) - raft.server.log.queue.element-limit = 4096 (default)
2021-10-05 01:13:54,011 [pool-62-thread-1] INFO  server.RaftServerConfigKeys (ConfUtils.java:logGet(44)) - raft.server.log.segment.size.max = 4194304 (custom)
2021-10-05 01:13:54,011 [pool-62-thread-1] INFO  server.RaftServerConfigKeys (ConfUtils.java:logGet(44)) - raft.server.log.preallocated.size = 4194304 (custom)
2021-10-05 01:13:54,011 [pool-62-thread-1] INFO  server.RaftServerConfigKeys (ConfUtils.java:logGet(44)) - raft.server.log.force.sync.num = 128 (default)
2021-10-05 01:13:54,011 [pool-62-thread-1] INFO  server.RaftServerConfigKeys (ConfUtils.java:logGet(44)) - raft.server.log.statemachine.data.sync = true (default)
2021-10-05 01:13:54,011 [pool-62-thread-1] INFO  server.RaftServerConfigKeys (ConfUtils.java:logGet(44)) - raft.server.log.statemachine.data.sync.timeout = 10s (default)
2021-10-05 01:13:54,012 [pool-62-thread-1] INFO  server.RaftServerConfigKeys (ConfUtils.java:logGet(44)) - raft.server.log.statemachine.data.sync.timeout.retry = -1 (default)
2021-10-05 01:13:54,013 [pool-62-thread-1] INFO  server.RaftServerConfigKeys (ConfUtils.java:logGet(44)) - raft.server.log.write.buffer.size = 64KB (=65536) (default)
2021-10-05 01:13:54,013 [pool-62-thread-1] INFO  server.RaftServerConfigKeys (ConfUtils.java:logGet(44)) - raft.server.log.statemachine.data.caching.enabled = false (default)
2021-10-05 01:13:54,013 [pool-62-thread-1] INFO  segmented.SegmentedRaftLogWorker (SegmentedRaftLogWorker.java:lambda$new$0(133)) - omNode-2@group-523986131536-SegmentedRaftLogWorker: flushIndex: setUnconditionally 0 -> -1
2021-10-05 01:13:54,013 [pool-62-thread-1] INFO  segmented.SegmentedRaftLogWorker (SegmentedRaftLogWorker.java:lambda$new$0(133)) - omNode-2@group-523986131536-SegmentedRaftLogWorker: safeCacheEvictIndex: setUnconditionally 0 -> -1
2021-10-05 01:13:54,021 [pool-62-thread-1] INFO  server.RaftServerConfigKeys (ConfUtils.java:logGet(44)) - raft.server.snapshot.auto.trigger.enabled = true (custom)
2021-10-05 01:13:54,021 [pool-62-thread-1] INFO  server.RaftServerConfigKeys (ConfUtils.java:logGet(44)) - raft.server.snapshot.auto.trigger.threshold = 50 (custom)
2021-10-05 01:13:54,021 [pool-62-thread-1] INFO  server.RaftServerConfigKeys (ConfUtils.java:logGet(44)) - raft.server.snapshot.retention.file.num = -1 (default)
2021-10-05 01:13:54,021 [pool-62-thread-1] INFO  server.RaftServerConfigKeys (ConfUtils.java:logGet(44)) - raft.server.log.purge.upto.snapshot.index = true (custom)
2021-10-05 01:13:54,022 [pool-62-thread-1] INFO  server.RaftServerConfigKeys (ConfUtils.java:logGet(44)) - raft.server.retrycache.expirytime = 30000ms (custom)
2021-10-05 01:13:54,022 [pool-62-thread-1] INFO  server.RaftServerConfigKeys (ConfUtils.java:logGet(44)) - raft.server.retrycache.statistics.expirytime = 100μs (default)
2021-10-05 01:13:54,026 [Listener at 127.0.0.1/10882] INFO  om.OzoneManager (OzoneManager.java:initFSOLayout(4333)) - Configured ozone.om.metadata.layout=SIMPLE and disabled optimized OM FS operations
2021-10-05 01:13:54,033 [Listener at 127.0.0.1/10882] INFO  impl.MetricsSystemImpl (MetricsSystemImpl.java:init(158)) - OzoneManager metrics system started (again)
2021-10-05 01:13:54,047 [Listener at 127.0.0.1/10882] INFO  om.OzoneManager (OzoneManager.java:start(1281)) - OzoneManager RPC server is listening at localhost/127.0.0.1:10882
2021-10-05 01:13:54,047 [Listener at 127.0.0.1/10882] INFO  ratis.OzoneManagerRatisServer (OzoneManagerRatisServer.java:start(516)) - Starting OzoneManagerRatisServer omNode-2 at port 10886
2021-10-05 01:13:54,048 [Listener at 127.0.0.1/10882] INFO  server.RaftServer$Division (RaftServerImpl.java:start(296)) - omNode-2@group-523986131536: start as a follower, conf=-1: [omNode-3|rpc:localhost:10892|priority:0, omNode-1|rpc:localhost:10880|priority:0, omNode-2|rpc:localhost:10886|priority:0], old=null
2021-10-05 01:13:54,048 [Listener at 127.0.0.1/10882] INFO  server.RaftServer$Division (RaftServerImpl.java:setRole(285)) - omNode-2@group-523986131536: changes role from      null to FOLLOWER at term 0 for startAsFollower
2021-10-05 01:13:54,048 [Listener at 127.0.0.1/10882] INFO  impl.RoleInfo (RoleInfo.java:updateAndGet(130)) - omNode-2: start omNode-2@group-523986131536-FollowerState
2021-10-05 01:13:54,049 [Listener at 127.0.0.1/10882] INFO  util.JmxRegister (JmxRegister.java:tryRegister(44)) - Successfully registered JMX Bean with object name Ratis:service=RaftServer,group=group-523986131536,id=omNode-2
2021-10-05 01:13:54,051 [Listener at 127.0.0.1/10882] INFO  server.RaftServer (RaftServerProxy.java:lambda$start$5(374)) - omNode-2: start RPC server
2021-10-05 01:13:54,054 [Listener at 127.0.0.1/10882] INFO  server.GrpcService (GrpcService.java:startImpl(253)) - omNode-2: GrpcService started, listening on 10886
2021-10-05 01:13:54,054 [Listener at 127.0.0.1/10882] INFO  om.OzoneManager (OzoneManager.java:start(1299)) - Version File has different layout version (0) than OM DB (null). That is expected if this OM has never been finalized to a newer layout version.
2021-10-05 01:13:54,057 [org.apache.ratis.util.JvmPauseMonitor$$Lambda$523/848064357@bc4419c] INFO  util.JvmPauseMonitor (JvmPauseMonitor.java:run(103)) - JvmPauseMonitor-omNode-2: Started
2021-10-05 01:13:54,062 [Listener at 127.0.0.1/10882] INFO  http.BaseHttpServer (BaseHttpServer.java:newHttpServer2BuilderForOzone(209)) - Starting Web-server for ozoneManager at: http://0.0.0.0:10884
2021-10-05 01:13:54,063 [Listener at 127.0.0.1/10882] INFO  http.BaseHttpServer (BaseHttpServer.java:<init>(107)) - Hadoop Security Enabled: false Ozone Security Enabled: false Ozone HTTP Security Enabled: false 
2021-10-05 01:13:54,064 [Listener at 127.0.0.1/10882] INFO  server.AuthenticationFilter (AuthenticationFilter.java:constructSecretProvider(240)) - Unable to initialize FileSignerSecretProvider, falling back to use random secrets.
2021-10-05 01:13:54,069 [Listener at 127.0.0.1/10882] WARN  http.HttpRequestLog (HttpRequestLog.java:getRequestLog(103)) - Jetty request log can only be enabled using Log4j
2021-10-05 01:13:54,070 [Listener at 127.0.0.1/10882] INFO  http.HttpServer2 (HttpServer2.java:addGlobalFilter(1030)) - Added global filter 'safety' (class=org.apache.hadoop.hdds.server.http.HttpServer2$QuotingInputFilter)
2021-10-05 01:13:54,071 [Listener at 127.0.0.1/10882] INFO  http.HttpServer2 (HttpServer2.java:addFilter(1006)) - Added filter static_user_filter (class=org.apache.hadoop.http.lib.StaticUserWebFilter$StaticUserFilter) to context ozoneManager
2021-10-05 01:13:54,071 [Listener at 127.0.0.1/10882] INFO  http.HttpServer2 (HttpServer2.java:addFilter(1014)) - Added filter static_user_filter (class=org.apache.hadoop.http.lib.StaticUserWebFilter$StaticUserFilter) to context static
2021-10-05 01:13:54,071 [Listener at 127.0.0.1/10882] INFO  http.HttpServer2 (HttpServer2.java:addFilter(1014)) - Added filter static_user_filter (class=org.apache.hadoop.http.lib.StaticUserWebFilter$StaticUserFilter) to context logs
2021-10-05 01:13:54,072 [Listener at 127.0.0.1/10882] INFO  http.HttpServer2 (HttpServer2.java:bindListener(1249)) - Jetty bound to port 10884
2021-10-05 01:13:54,072 [Listener at 127.0.0.1/10882] INFO  server.Server (Server.java:doStart(375)) - jetty-9.4.43.v20210629; built: 2021-06-30T11:07:22.254Z; git: 526006ecfa3af7f1a27ef3a288e2bef7ea9dd7e8; jvm 1.8.0_292-b10
2021-10-05 01:13:54,076 [Listener at 127.0.0.1/10882] INFO  server.session (DefaultSessionIdManager.java:doStart(334)) - DefaultSessionIdManager workerName=node0
2021-10-05 01:13:54,077 [Listener at 127.0.0.1/10882] INFO  server.session (DefaultSessionIdManager.java:doStart(339)) - No SessionScavenger set, using defaults
2021-10-05 01:13:54,077 [Listener at 127.0.0.1/10882] INFO  server.session (HouseKeeper.java:startScavenging(132)) - node0 Scavenging every 600000ms
2021-10-05 01:13:54,078 [Listener at 127.0.0.1/10882] INFO  handler.ContextHandler (ContextHandler.java:doStart(915)) - Started o.e.j.s.ServletContextHandler@69235eea{logs,/logs,file:///home/runner/work/ozone/ozone/hadoop-ozone/integration-test/target/log,AVAILABLE}
2021-10-05 01:13:54,078 [Listener at 127.0.0.1/10882] INFO  handler.ContextHandler (ContextHandler.java:doStart(915)) - Started o.e.j.s.ServletContextHandler@40052266{static,/static,file:///home/runner/work/ozone/ozone/hadoop-ozone/integration-test/target/test-classes/webapps/static,AVAILABLE}
2021-10-05 01:13:54,083 [Listener at 127.0.0.1/10882] INFO  handler.ContextHandler (ContextHandler.java:doStart(915)) - Started o.e.j.w.WebAppContext@73cf33bd{ozoneManager,/,file:///home/runner/work/ozone/ozone/hadoop-ozone/integration-test/target/test-classes/webapps/ozoneManager/,AVAILABLE}{file:/home/runner/work/ozone/ozone/hadoop-ozone/integration-test/target/test-classes/webapps/ozoneManager}
2021-10-05 01:13:54,084 [Listener at 127.0.0.1/10882] INFO  server.AbstractConnector (AbstractConnector.java:doStart(331)) - Started ServerConnector@58914623{HTTP/1.1, (http/1.1)}{0.0.0.0:10884}
2021-10-05 01:13:54,084 [Listener at 127.0.0.1/10882] INFO  server.Server (Server.java:doStart(415)) - Started @7462ms
2021-10-05 01:13:54,084 [Listener at 127.0.0.1/10882] WARN  impl.MetricsSystemImpl (MetricsSystemImpl.java:register(279)) - Sink prometheus already exists!
2021-10-05 01:13:54,085 [Listener at 127.0.0.1/10882] INFO  http.BaseHttpServer (BaseHttpServer.java:updateConnectorAddress(329)) - HTTP server of ozoneManager listening at http://0.0.0.0:10884
2021-10-05 01:13:54,085 [IPC Server Responder] INFO  ipc.Server (Server.java:run(1507)) - IPC Server Responder: starting
2021-10-05 01:13:54,086 [IPC Server listener on 10882] INFO  ipc.Server (Server.java:run(1344)) - IPC Server listener on 10882: starting
2021-10-05 01:13:54,089 [Listener at 127.0.0.1/10882] INFO  om.OzoneManager (OzoneManager.java:startTrashEmptier(1543)) - Trash Interval set to 0. Files deleted will not move to trash
2021-10-05 01:13:54,090 [Listener at 127.0.0.1/10882] INFO  ozone.MiniOzoneHAClusterImpl (MiniOzoneHAClusterImpl.java:createOMService(485)) - Started OzoneManager omNode-2 RPC server at localhost/127.0.0.1:10882
2021-10-05 01:13:54,091 [Listener at 127.0.0.1/10882] INFO  ha.OMHANodeDetails (OMHANodeDetails.java:loadOMHAConfig(118)) - ServiceID for OzoneManager is om-service-test1
2021-10-05 01:13:54,091 [Listener at 127.0.0.1/10882] INFO  ha.OMHANodeDetails (OMHANodeDetails.java:loadOMHAConfig(194)) - Found matching OM address with OMServiceId: om-service-test1, OMNodeId: omNode-3, RPC Address: localhost:10888 and Ratis port: 10892
2021-10-05 01:13:54,091 [Listener at 127.0.0.1/10882] INFO  ha.OMHANodeDetails (ConfUtils.java:setNodeSpecificConfigs(108)) - Setting configuration key ozone.om.http-address with value of key ozone.om.http-address.om-service-test1.omNode-3: 127.0.0.1:10890
2021-10-05 01:13:54,092 [Listener at 127.0.0.1/10882] INFO  ha.OMHANodeDetails (ConfUtils.java:setNodeSpecificConfigs(108)) - Setting configuration key ozone.om.https-address with value of key ozone.om.https-address.om-service-test1.omNode-3: 127.0.0.1:10891
2021-10-05 01:13:54,092 [Listener at 127.0.0.1/10882] INFO  ha.OMHANodeDetails (ConfUtils.java:setNodeSpecificConfigs(108)) - Setting configuration key ozone.om.address with value of key ozone.om.address.om-service-test1.omNode-3: 127.0.0.1:10888
2021-10-05 01:13:54,092 [Listener at 127.0.0.1/10882] WARN  server.ServerUtils (ServerUtils.java:getDBPath(225)) - ozone.om.db.dirs is not configured. We recommend adding this setting. Falling back to ozone.metadata.dirs instead.
2021-10-05 01:13:54,094 [org.apache.hadoop.util.JvmPauseMonitor$Monitor@40a38a44] INFO  util.JvmPauseMonitor (JvmPauseMonitor.java:run(188)) - Starting JVM pause monitor
OM initialization succeeded.Current cluster id for sd=/home/runner/work/ozone/ozone/hadoop-ozone/integration-test/target/test-dir/MiniOzoneClusterImpl-46302e84-7680-4986-b584-895fe31d4053/omNode-3/om;cid=46302e84-7680-4986-b584-895fe31d4053;layoutVersion=0
2021-10-05 01:13:54,103 [Listener at 127.0.0.1/10882] INFO  ha.OMHANodeDetails (OMHANodeDetails.java:loadOMHAConfig(118)) - ServiceID for OzoneManager is om-service-test1
2021-10-05 01:13:54,103 [Listener at 127.0.0.1/10882] INFO  ha.OMHANodeDetails (OMHANodeDetails.java:loadOMHAConfig(194)) - Found matching OM address with OMServiceId: om-service-test1, OMNodeId: omNode-3, RPC Address: localhost:10888 and Ratis port: 10892
2021-10-05 01:13:54,103 [Listener at 127.0.0.1/10882] INFO  ha.OMHANodeDetails (ConfUtils.java:setNodeSpecificConfigs(108)) - Setting configuration key ozone.om.http-address with value of key ozone.om.http-address.om-service-test1.omNode-3: 127.0.0.1:10890
2021-10-05 01:13:54,104 [Listener at 127.0.0.1/10882] INFO  ha.OMHANodeDetails (ConfUtils.java:setNodeSpecificConfigs(108)) - Setting configuration key ozone.om.https-address with value of key ozone.om.https-address.om-service-test1.omNode-3: 127.0.0.1:10891
2021-10-05 01:13:54,104 [Listener at 127.0.0.1/10882] INFO  ha.OMHANodeDetails (ConfUtils.java:setNodeSpecificConfigs(108)) - Setting configuration key ozone.om.address with value of key ozone.om.address.om-service-test1.omNode-3: 127.0.0.1:10888
2021-10-05 01:13:54,104 [Listener at 127.0.0.1/10882] WARN  server.ServerUtils (ServerUtils.java:getDBPath(225)) - ozone.om.db.dirs is not configured. We recommend adding this setting. Falling back to ozone.metadata.dirs instead.
2021-10-05 01:13:54,104 [Listener at 127.0.0.1/10882] INFO  upgrade.AbstractLayoutVersionManager (AbstractLayoutVersionManager.java:init(79)) - Initializing Layout version manager with metadata layout = INITIAL_VERSION (version = 0), software layout = INITIAL_VERSION (version = 0)
2021-10-05 01:13:54,154 [Listener at 127.0.0.1/10882] INFO  reflections.Reflections (Reflections.java:scan(232)) - Reflections took 49 ms to scan 2 urls, producing 131 keys and 342 values [using 2 cores]
2021-10-05 01:13:54,154 [Listener at 127.0.0.1/10882] INFO  upgrade.OMLayoutVersionManager (OMLayoutVersionManager.java:lambda$0(115)) - Skipping Upgrade Action MockOmUpgradeAction since it has been finalized.
2021-10-05 01:13:54,155 [Listener at 127.0.0.1/10882] WARN  server.ServerUtils (ServerUtils.java:getDBPath(225)) - ozone.om.db.dirs is not configured. We recommend adding this setting. Falling back to ozone.metadata.dirs instead.
2021-10-05 01:13:54,166 [Listener at 127.0.0.1/10882] WARN  server.ServerUtils (ServerUtils.java:getDBPath(225)) - ozone.om.db.dirs is not configured. We recommend adding this setting. Falling back to ozone.metadata.dirs instead.
2021-10-05 01:13:54,166 [Listener at 127.0.0.1/10882] INFO  codec.OmKeyInfoCodec (OmKeyInfoCodec.java:<init>(51)) - OmKeyInfoCodec ignorePipeline = true
2021-10-05 01:13:54,167 [Listener at 127.0.0.1/10882] INFO  codec.RepeatedOmKeyInfoCodec (RepeatedOmKeyInfoCodec.java:<init>(42)) - RepeatedOmKeyInfoCodec ignorePipeline = true
2021-10-05 01:13:54,297 [Listener at 127.0.0.1/10882] INFO  om.OzoneManager (OzoneManager.java:addS3GVolumeToDB(4127)) - Created Volume s3v With Owner runner required for S3Gateway operations.
2021-10-05 01:13:54,297 [Listener at 127.0.0.1/10882] WARN  server.ServerUtils (ServerUtils.java:getDefaultRatisDirectory(237)) - Storage directory for Ratis is not configured. It is a good idea to map this to an SSD disk. Falling back to ozone.metadata.dirs
2021-10-05 01:13:54,297 [Listener at 127.0.0.1/10882] WARN  utils.OzoneManagerRatisUtils (OzoneManagerRatisUtils.java:getOMRatisSnapshotDirectory(435)) - ozone.om.ratis.snapshot.dir is not configured. Falling back to ozone.metadata.dirs config
2021-10-05 01:13:54,298 [Listener at 127.0.0.1/10882] INFO  snapshot.OzoneManagerSnapshotProvider (OzoneManagerSnapshotProvider.java:<init>(76)) - Initializing OM Snapshot Provider
2021-10-05 01:13:54,301 [Listener at 127.0.0.1/10882] WARN  impl.MetricRegistriesImpl (MetricRegistriesImpl.java:addReporterRegistration(111)) - New reporters are added after registries were created. Some metrics will be missing from the reporter. Please add reporter before adding any new registry.
2021-10-05 01:13:54,301 [Listener at 127.0.0.1/10882] WARN  impl.MetricRegistriesImpl (MetricRegistriesImpl.java:addReporterRegistration(111)) - New reporters are added after registries were created. Some metrics will be missing from the reporter. Please add reporter before adding any new registry.
2021-10-05 01:13:54,302 [Listener at 127.0.0.1/10882] WARN  server.ServerUtils (ServerUtils.java:getDefaultRatisDirectory(237)) - Storage directory for Ratis is not configured. It is a good idea to map this to an SSD disk. Falling back to ozone.metadata.dirs
2021-10-05 01:13:54,303 [Listener at 127.0.0.1/10882] INFO  ratis.OzoneManagerRatisServer (OzoneManagerRatisServer.java:<init>(158)) - Instantiating OM Ratis server with groupID: om-service-test1 and peers: localhost:10892, localhost:10880, localhost:10886
2021-10-05 01:13:54,303 [Listener at 127.0.0.1/10882] INFO  ratis.OzoneManagerStateMachine (OzoneManagerStateMachine.java:loadSnapshotInfoFromDB(605)) - LastAppliedIndex is set from TransactionInfo from OM DB as (t:0, i:~)
2021-10-05 01:13:54,305 [Listener at 127.0.0.1/10882] INFO  server.RaftServer (ConfUtils.java:logGet(44)) - raft.rpc.type = GRPC (default)
2021-10-05 01:13:54,305 [Listener at 127.0.0.1/10882] INFO  grpc.GrpcFactory (GrpcFactory.java:checkPooledByteBufAllocatorUseCacheForAllThreads(48)) - PERFORMANCE WARNING: useCacheForAllThreads is true that may cause Netty to create a lot garbage objects and, as a result, trigger GC.
	It is recommended to disable useCacheForAllThreads by setting -Dorg.apache.ratis.thirdparty.io.netty.allocator.useCacheForAllThreads=false in command line.
2021-10-05 01:13:54,305 [Listener at 127.0.0.1/10882] INFO  grpc.GrpcConfigKeys (ConfUtils.java:logGet(44)) - raft.grpc.admin.port = -1 (default)
2021-10-05 01:13:54,305 [Listener at 127.0.0.1/10882] INFO  grpc.GrpcConfigKeys (ConfUtils.java:logGet(44)) - raft.grpc.server.port = 10892 (custom)
2021-10-05 01:13:54,306 [Listener at 127.0.0.1/10882] INFO  grpc.GrpcConfigKeys (ConfUtils.java:logGet(44)) - raft.grpc.client.port = -1 (default)
2021-10-05 01:13:54,306 [Listener at 127.0.0.1/10882] INFO  grpc.GrpcConfigKeys (ConfUtils.java:logGet(44)) - raft.grpc.server.port = 10892 (custom)
2021-10-05 01:13:54,306 [Listener at 127.0.0.1/10882] INFO  grpc.GrpcConfigKeys (ConfUtils.java:logGet(44)) - raft.grpc.server.port = 10892 (custom)
2021-10-05 01:13:54,306 [Listener at 127.0.0.1/10882] INFO  server.GrpcService (ConfUtils.java:logGet(44)) - raft.grpc.message.size.max = 33554432 (custom)
2021-10-05 01:13:54,306 [Listener at 127.0.0.1/10882] INFO  server.RaftServerConfigKeys (ConfUtils.java:logGet(44)) - raft.server.log.appender.buffer.byte-limit = 33554432 (custom)
2021-10-05 01:13:54,306 [Listener at 127.0.0.1/10882] INFO  server.GrpcService (ConfUtils.java:logGet(44)) - raft.grpc.flow.control.window = 1MB (=1048576) (default)
2021-10-05 01:13:54,306 [Listener at 127.0.0.1/10882] INFO  server.RaftServerConfigKeys (ConfUtils.java:logGet(44)) - raft.server.rpc.request.timeout = 3000ms (default)
2021-10-05 01:13:54,308 [Listener at 127.0.0.1/10882] INFO  impl.DataStreamServerImpl (ConfUtils.java:logGet(44)) - raft.datastream.type = DISABLED (default)
2021-10-05 01:13:54,308 [Listener at 127.0.0.1/10882] INFO  server.RaftServerConfigKeys (ConfUtils.java:logGet(44)) - raft.server.rpc.slowness.timeout = 2s (custom)
2021-10-05 01:13:54,308 [Listener at 127.0.0.1/10882] INFO  server.RaftServerConfigKeys (ConfUtils.java:logGet(44)) - raft.server.leaderelection.leader.step-down.wait-time = 10s (default)
2021-10-05 01:13:54,308 [Listener at 127.0.0.1/10882] INFO  server.RaftServerConfigKeys (ConfUtils.java:logGet(44)) - raft.server.storage.dir = [/home/runner/work/ozone/ozone/hadoop-ozone/integration-test/target/test-dir/MiniOzoneClusterImpl-46302e84-7680-4986-b584-895fe31d4053/omNode-3/ratis] (custom)
2021-10-05 01:13:54,309 [Listener at 127.0.0.1/10882] INFO  server.RaftServer (RaftServerProxy.java:addNew(95)) - omNode-3: addNew group-523986131536:[omNode-3|rpc:localhost:10892|priority:0, omNode-1|rpc:localhost:10880|priority:0, omNode-2|rpc:localhost:10886|priority:0] returns group-523986131536:java.util.concurrent.CompletableFuture@1f878eed[Not completed]
2021-10-05 01:13:54,309 [Listener at 127.0.0.1/10882] INFO  om.OzoneManager (OzoneManager.java:initializeRatisServer(1585)) - OzoneManager Ratis server initialized at port 10892
2021-10-05 01:13:54,311 [Listener at 127.0.0.1/10882] INFO  ipc.CallQueueManager (CallQueueManager.java:<init>(90)) - Using callQueue: class java.util.concurrent.LinkedBlockingQueue, queueCapacity: 2000, scheduler: class org.apache.hadoop.ipc.DefaultRpcScheduler, ipcBackoff: false.
2021-10-05 01:13:54,312 [pool-83-thread-1] INFO  server.RaftServer$Division (RaftServerImpl.java:<init>(181)) - omNode-3: new RaftServerImpl for group-523986131536:[omNode-3|rpc:localhost:10892|priority:0, omNode-1|rpc:localhost:10880|priority:0, omNode-2|rpc:localhost:10886|priority:0] with OzoneManagerStateMachine:uninitialized
2021-10-05 01:13:54,312 [Socket Reader #1 for port 10888] INFO  ipc.Server (Server.java:run(1265)) - Starting Socket Reader #1 for port 10888
2021-10-05 01:13:54,315 [pool-83-thread-1] INFO  server.RaftServerConfigKeys (ConfUtils.java:logGet(44)) - raft.server.rpc.timeout.min = 1s (custom)
2021-10-05 01:13:54,315 [pool-83-thread-1] INFO  server.RaftServerConfigKeys (ConfUtils.java:logGet(44)) - raft.server.rpc.timeout.max = 1200ms (custom)
2021-10-05 01:13:54,315 [pool-83-thread-1] INFO  server.RaftServerConfigKeys (ConfUtils.java:logGet(44)) - raft.server.rpc.sleep.time = 25ms (default)
2021-10-05 01:13:54,315 [pool-83-thread-1] INFO  server.RaftServerConfigKeys (ConfUtils.java:logGet(44)) - raft.server.rpc.slowness.timeout = 2s (custom)
2021-10-05 01:13:54,315 [pool-83-thread-1] INFO  server.RaftServerConfigKeys (ConfUtils.java:logGet(44)) - raft.server.leaderelection.leader.step-down.wait-time = 10s (default)
2021-10-05 01:13:54,316 [pool-83-thread-1] INFO  server.RaftServerConfigKeys (ConfUtils.java:logGet(44)) - raft.server.sleep.deviation.threshold = 300ms (default)
2021-10-05 01:13:54,316 [pool-83-thread-1] INFO  server.RaftServerConfigKeys (ConfUtils.java:logGet(44)) - raft.server.log.appender.install.snapshot.enabled = false (custom)
2021-10-05 01:13:54,316 [pool-83-thread-1] INFO  server.RaftServer$Division (ServerState.java:<init>(105)) - omNode-3@group-523986131536: ConfigurationManager, init=-1: [omNode-3|rpc:localhost:10892|priority:0, omNode-1|rpc:localhost:10880|priority:0, omNode-2|rpc:localhost:10886|priority:0], old=null, confs=<EMPTY_MAP>
2021-10-05 01:13:54,316 [pool-83-thread-1] INFO  server.RaftServerConfigKeys (ConfUtils.java:logGet(44)) - raft.server.storage.dir = [/home/runner/work/ozone/ozone/hadoop-ozone/integration-test/target/test-dir/MiniOzoneClusterImpl-46302e84-7680-4986-b584-895fe31d4053/omNode-3/ratis] (custom)
2021-10-05 01:13:54,316 [pool-83-thread-1] INFO  server.RaftServerConfigKeys (ConfUtils.java:logGet(44)) - raft.server.log.corruption.policy = EXCEPTION (default)
2021-10-05 01:13:54,316 [pool-83-thread-1] INFO  server.RaftServerConfigKeys (ConfUtils.java:logGet(44)) - raft.server.storage.free-space.min = 0MB (=0) (default)
2021-10-05 01:13:54,316 [pool-83-thread-1] INFO  storage.RaftStorageDirectory (RaftStorageDirectoryImpl.java:analyzeStorage(135)) - The storage directory /home/runner/work/ozone/ozone/hadoop-ozone/integration-test/target/test-dir/MiniOzoneClusterImpl-46302e84-7680-4986-b584-895fe31d4053/omNode-3/ratis/c9bc4cf4-3bc3-3c60-a66b-523986131536 does not exist. Creating ...
2021-10-05 01:13:54,331 [pool-83-thread-1] INFO  storage.RaftStorageDirectory (RaftStorageDirectoryImpl.java:tryLock(230)) - Lock on /home/runner/work/ozone/ozone/hadoop-ozone/integration-test/target/test-dir/MiniOzoneClusterImpl-46302e84-7680-4986-b584-895fe31d4053/omNode-3/ratis/c9bc4cf4-3bc3-3c60-a66b-523986131536/in_use.lock acquired by nodename 8677@fv-az50-768
2021-10-05 01:13:54,332 [pool-83-thread-1] INFO  storage.RaftStorage (RaftStorageImpl.java:format(89)) - Storage directory /home/runner/work/ozone/ozone/hadoop-ozone/integration-test/target/test-dir/MiniOzoneClusterImpl-46302e84-7680-4986-b584-895fe31d4053/omNode-3/ratis/c9bc4cf4-3bc3-3c60-a66b-523986131536 has been successfully formatted.
2021-10-05 01:13:54,332 [pool-83-thread-1] INFO  server.RaftServerConfigKeys (ConfUtils.java:logGet(44)) - raft.server.notification.no-leader.timeout = 2s (custom)
2021-10-05 01:13:54,333 [pool-83-thread-1] INFO  server.RaftServerConfigKeys (ConfUtils.java:logGet(44)) - raft.server.log.use.memory = false (default)
2021-10-05 01:13:54,333 [pool-83-thread-1] INFO  server.RaftServerConfigKeys (ConfUtils.java:logGet(44)) - raft.server.log.purge.gap = 50 (custom)
2021-10-05 01:13:54,333 [pool-83-thread-1] INFO  server.RaftServerConfigKeys (ConfUtils.java:logGet(44)) - raft.server.log.appender.buffer.byte-limit = 33554432 (custom)
2021-10-05 01:13:54,333 [pool-83-thread-1] INFO  server.RaftServerConfigKeys (ConfUtils.java:logGet(44)) - raft.server.log.segment.size.max = 4194304 (custom)
2021-10-05 01:13:54,361 [pool-83-thread-1] INFO  server.RaftServerConfigKeys (ConfUtils.java:logGet(44)) - raft.server.log.segment.cache.num.max = 2 (custom)
2021-10-05 01:13:54,362 [pool-83-thread-1] INFO  server.RaftServerConfigKeys (ConfUtils.java:logGet(44)) - raft.server.log.segment.cache.size.max = 200MB (=209715200) (default)
2021-10-05 01:13:54,362 [pool-83-thread-1] INFO  segmented.SegmentedRaftLogWorker (SegmentedRaftLogWorker.java:<init>(182)) - new omNode-3@group-523986131536-SegmentedRaftLogWorker for RaftStorageImpl:Storage Directory /home/runner/work/ozone/ozone/hadoop-ozone/integration-test/target/test-dir/MiniOzoneClusterImpl-46302e84-7680-4986-b584-895fe31d4053/omNode-3/ratis/c9bc4cf4-3bc3-3c60-a66b-523986131536
2021-10-05 01:13:54,362 [pool-83-thread-1] INFO  server.RaftServerConfigKeys (ConfUtils.java:logGet(44)) - raft.server.log.queue.byte-limit = 64MB (=67108864) (default)
2021-10-05 01:13:54,362 [pool-83-thread-1] INFO  server.RaftServerConfigKeys (ConfUtils.java:logGet(44)) - raft.server.log.queue.element-limit = 4096 (default)
2021-10-05 01:13:54,362 [pool-83-thread-1] INFO  server.RaftServerConfigKeys (ConfUtils.java:logGet(44)) - raft.server.log.segment.size.max = 4194304 (custom)
2021-10-05 01:13:54,362 [pool-83-thread-1] INFO  server.RaftServerConfigKeys (ConfUtils.java:logGet(44)) - raft.server.log.preallocated.size = 4194304 (custom)
2021-10-05 01:13:54,363 [pool-83-thread-1] INFO  server.RaftServerConfigKeys (ConfUtils.java:logGet(44)) - raft.server.log.force.sync.num = 128 (default)
2021-10-05 01:13:54,364 [pool-83-thread-1] INFO  server.RaftServerConfigKeys (ConfUtils.java:logGet(44)) - raft.server.log.statemachine.data.sync = true (default)
2021-10-05 01:13:54,364 [pool-83-thread-1] INFO  server.RaftServerConfigKeys (ConfUtils.java:logGet(44)) - raft.server.log.statemachine.data.sync.timeout = 10s (default)
2021-10-05 01:13:54,364 [pool-83-thread-1] INFO  server.RaftServerConfigKeys (ConfUtils.java:logGet(44)) - raft.server.log.statemachine.data.sync.timeout.retry = -1 (default)
2021-10-05 01:13:54,365 [pool-83-thread-1] INFO  server.RaftServerConfigKeys (ConfUtils.java:logGet(44)) - raft.server.log.write.buffer.size = 64KB (=65536) (default)
2021-10-05 01:13:54,366 [pool-83-thread-1] INFO  server.RaftServerConfigKeys (ConfUtils.java:logGet(44)) - raft.server.log.statemachine.data.caching.enabled = false (default)
2021-10-05 01:13:54,366 [pool-83-thread-1] INFO  segmented.SegmentedRaftLogWorker (SegmentedRaftLogWorker.java:lambda$new$0(133)) - omNode-3@group-523986131536-SegmentedRaftLogWorker: flushIndex: setUnconditionally 0 -> -1
2021-10-05 01:13:54,366 [pool-83-thread-1] INFO  segmented.SegmentedRaftLogWorker (SegmentedRaftLogWorker.java:lambda$new$0(133)) - omNode-3@group-523986131536-SegmentedRaftLogWorker: safeCacheEvictIndex: setUnconditionally 0 -> -1
2021-10-05 01:13:54,368 [Listener at 127.0.0.1/10888] INFO  om.OzoneManager (OzoneManager.java:initFSOLayout(4333)) - Configured ozone.om.metadata.layout=SIMPLE and disabled optimized OM FS operations
2021-10-05 01:13:54,369 [Listener at 127.0.0.1/10888] INFO  impl.MetricsSystemImpl (MetricsSystemImpl.java:init(158)) - OzoneManager metrics system started (again)
2021-10-05 01:13:54,378 [pool-83-thread-1] INFO  server.RaftServerConfigKeys (ConfUtils.java:logGet(44)) - raft.server.snapshot.auto.trigger.enabled = true (custom)
2021-10-05 01:13:54,378 [pool-83-thread-1] INFO  server.RaftServerConfigKeys (ConfUtils.java:logGet(44)) - raft.server.snapshot.auto.trigger.threshold = 50 (custom)
2021-10-05 01:13:54,378 [pool-83-thread-1] INFO  server.RaftServerConfigKeys (ConfUtils.java:logGet(44)) - raft.server.snapshot.retention.file.num = -1 (default)
2021-10-05 01:13:54,378 [pool-83-thread-1] INFO  server.RaftServerConfigKeys (ConfUtils.java:logGet(44)) - raft.server.log.purge.upto.snapshot.index = true (custom)
2021-10-05 01:13:54,378 [pool-83-thread-1] INFO  server.RaftServerConfigKeys (ConfUtils.java:logGet(44)) - raft.server.retrycache.expirytime = 30000ms (custom)
2021-10-05 01:13:54,379 [pool-83-thread-1] INFO  server.RaftServerConfigKeys (ConfUtils.java:logGet(44)) - raft.server.retrycache.statistics.expirytime = 100μs (default)
2021-10-05 01:13:54,390 [Listener at 127.0.0.1/10888] INFO  om.OzoneManager (OzoneManager.java:start(1281)) - OzoneManager RPC server is listening at localhost/127.0.0.1:10888
2021-10-05 01:13:54,390 [Listener at 127.0.0.1/10888] INFO  ratis.OzoneManagerRatisServer (OzoneManagerRatisServer.java:start(516)) - Starting OzoneManagerRatisServer omNode-3 at port 10892
2021-10-05 01:13:54,391 [Listener at 127.0.0.1/10888] INFO  server.RaftServer$Division (RaftServerImpl.java:start(296)) - omNode-3@group-523986131536: start as a follower, conf=-1: [omNode-3|rpc:localhost:10892|priority:0, omNode-1|rpc:localhost:10880|priority:0, omNode-2|rpc:localhost:10886|priority:0], old=null
2021-10-05 01:13:54,391 [Listener at 127.0.0.1/10888] INFO  server.RaftServer$Division (RaftServerImpl.java:setRole(285)) - omNode-3@group-523986131536: changes role from      null to FOLLOWER at term 0 for startAsFollower
2021-10-05 01:13:54,391 [Listener at 127.0.0.1/10888] INFO  impl.RoleInfo (RoleInfo.java:updateAndGet(130)) - omNode-3: start omNode-3@group-523986131536-FollowerState
2021-10-05 01:13:54,392 [Listener at 127.0.0.1/10888] INFO  util.JmxRegister (JmxRegister.java:tryRegister(44)) - Successfully registered JMX Bean with object name Ratis:service=RaftServer,group=group-523986131536,id=omNode-3
2021-10-05 01:13:54,401 [Listener at 127.0.0.1/10888] INFO  server.RaftServer (RaftServerProxy.java:lambda$start$5(374)) - omNode-3: start RPC server
2021-10-05 01:13:54,402 [Listener at 127.0.0.1/10888] INFO  server.GrpcService (GrpcService.java:startImpl(253)) - omNode-3: GrpcService started, listening on 10892
2021-10-05 01:13:54,402 [Listener at 127.0.0.1/10888] INFO  om.OzoneManager (OzoneManager.java:start(1299)) - Version File has different layout version (0) than OM DB (null). That is expected if this OM has never been finalized to a newer layout version.
2021-10-05 01:13:54,402 [org.apache.ratis.util.JvmPauseMonitor$$Lambda$523/848064357@a3c7dbc] INFO  util.JvmPauseMonitor (JvmPauseMonitor.java:run(103)) - JvmPauseMonitor-omNode-3: Started
2021-10-05 01:13:54,404 [Listener at 127.0.0.1/10888] INFO  http.BaseHttpServer (BaseHttpServer.java:newHttpServer2BuilderForOzone(209)) - Starting Web-server for ozoneManager at: http://0.0.0.0:10890
2021-10-05 01:13:54,405 [Listener at 127.0.0.1/10888] INFO  http.BaseHttpServer (BaseHttpServer.java:<init>(107)) - Hadoop Security Enabled: false Ozone Security Enabled: false Ozone HTTP Security Enabled: false 
2021-10-05 01:13:54,406 [Listener at 127.0.0.1/10888] INFO  server.AuthenticationFilter (AuthenticationFilter.java:constructSecretProvider(240)) - Unable to initialize FileSignerSecretProvider, falling back to use random secrets.
2021-10-05 01:13:54,407 [Listener at 127.0.0.1/10888] WARN  http.HttpRequestLog (HttpRequestLog.java:getRequestLog(103)) - Jetty request log can only be enabled using Log4j
2021-10-05 01:13:54,408 [Listener at 127.0.0.1/10888] INFO  http.HttpServer2 (HttpServer2.java:addGlobalFilter(1030)) - Added global filter 'safety' (class=org.apache.hadoop.hdds.server.http.HttpServer2$QuotingInputFilter)
2021-10-05 01:13:54,409 [Listener at 127.0.0.1/10888] INFO  http.HttpServer2 (HttpServer2.java:addFilter(1006)) - Added filter static_user_filter (class=org.apache.hadoop.http.lib.StaticUserWebFilter$StaticUserFilter) to context ozoneManager
2021-10-05 01:13:54,409 [Listener at 127.0.0.1/10888] INFO  http.HttpServer2 (HttpServer2.java:addFilter(1014)) - Added filter static_user_filter (class=org.apache.hadoop.http.lib.StaticUserWebFilter$StaticUserFilter) to context static
2021-10-05 01:13:54,409 [Listener at 127.0.0.1/10888] INFO  http.HttpServer2 (HttpServer2.java:addFilter(1014)) - Added filter static_user_filter (class=org.apache.hadoop.http.lib.StaticUserWebFilter$StaticUserFilter) to context logs
2021-10-05 01:13:54,410 [Listener at 127.0.0.1/10888] INFO  http.HttpServer2 (HttpServer2.java:bindListener(1249)) - Jetty bound to port 10890
2021-10-05 01:13:54,410 [Listener at 127.0.0.1/10888] INFO  server.Server (Server.java:doStart(375)) - jetty-9.4.43.v20210629; built: 2021-06-30T11:07:22.254Z; git: 526006ecfa3af7f1a27ef3a288e2bef7ea9dd7e8; jvm 1.8.0_292-b10
2021-10-05 01:13:54,413 [Listener at 127.0.0.1/10888] INFO  server.session (DefaultSessionIdManager.java:doStart(334)) - DefaultSessionIdManager workerName=node0
2021-10-05 01:13:54,413 [Listener at 127.0.0.1/10888] INFO  server.session (DefaultSessionIdManager.java:doStart(339)) - No SessionScavenger set, using defaults
2021-10-05 01:13:54,413 [Listener at 127.0.0.1/10888] INFO  server.session (HouseKeeper.java:startScavenging(132)) - node0 Scavenging every 600000ms
2021-10-05 01:13:54,414 [Listener at 127.0.0.1/10888] INFO  handler.ContextHandler (ContextHandler.java:doStart(915)) - Started o.e.j.s.ServletContextHandler@163697a8{logs,/logs,file:///home/runner/work/ozone/ozone/hadoop-ozone/integration-test/target/log,AVAILABLE}
2021-10-05 01:13:54,415 [Listener at 127.0.0.1/10888] INFO  handler.ContextHandler (ContextHandler.java:doStart(915)) - Started o.e.j.s.ServletContextHandler@7f64f070{static,/static,file:///home/runner/work/ozone/ozone/hadoop-ozone/integration-test/target/test-classes/webapps/static,AVAILABLE}
2021-10-05 01:13:54,419 [Listener at 127.0.0.1/10888] INFO  handler.ContextHandler (ContextHandler.java:doStart(915)) - Started o.e.j.w.WebAppContext@340572ad{ozoneManager,/,file:///home/runner/work/ozone/ozone/hadoop-ozone/integration-test/target/test-classes/webapps/ozoneManager/,AVAILABLE}{file:/home/runner/work/ozone/ozone/hadoop-ozone/integration-test/target/test-classes/webapps/ozoneManager}
2021-10-05 01:13:54,423 [Listener at 127.0.0.1/10888] INFO  server.AbstractConnector (AbstractConnector.java:doStart(331)) - Started ServerConnector@69a12179{HTTP/1.1, (http/1.1)}{0.0.0.0:10890}
2021-10-05 01:13:54,423 [Listener at 127.0.0.1/10888] INFO  server.Server (Server.java:doStart(415)) - Started @7801ms
2021-10-05 01:13:54,424 [Listener at 127.0.0.1/10888] WARN  impl.MetricsSystemImpl (MetricsSystemImpl.java:register(279)) - Sink prometheus already exists!
2021-10-05 01:13:54,424 [Listener at 127.0.0.1/10888] INFO  http.BaseHttpServer (BaseHttpServer.java:updateConnectorAddress(329)) - HTTP server of ozoneManager listening at http://0.0.0.0:10890
2021-10-05 01:13:54,425 [IPC Server Responder] INFO  ipc.Server (Server.java:run(1507)) - IPC Server Responder: starting
2021-10-05 01:13:54,425 [IPC Server listener on 10888] INFO  ipc.Server (Server.java:run(1344)) - IPC Server listener on 10888: starting
2021-10-05 01:13:54,432 [Listener at 127.0.0.1/10888] INFO  om.OzoneManager (OzoneManager.java:startTrashEmptier(1543)) - Trash Interval set to 0. Files deleted will not move to trash
2021-10-05 01:13:54,433 [Listener at 127.0.0.1/10888] INFO  ozone.MiniOzoneHAClusterImpl (MiniOzoneHAClusterImpl.java:createOMService(485)) - Started OzoneManager omNode-3 RPC server at localhost/127.0.0.1:10888
2021-10-05 01:13:54,433 [org.apache.hadoop.util.JvmPauseMonitor$Monitor@5066442d] INFO  util.JvmPauseMonitor (JvmPauseMonitor.java:run(188)) - Starting JVM pause monitor
2021-10-05 01:13:54,595 [Listener at 127.0.0.1/10888] WARN  impl.MetricRegistriesImpl (MetricRegistriesImpl.java:addReporterRegistration(111)) - New reporters are added after registries were created. Some metrics will be missing from the reporter. Please add reporter before adding any new registry.
2021-10-05 01:13:54,596 [Listener at 127.0.0.1/10888] WARN  impl.MetricRegistriesImpl (MetricRegistriesImpl.java:addReporterRegistration(111)) - New reporters are added after registries were created. Some metrics will be missing from the reporter. Please add reporter before adding any new registry.
2021-10-05 01:13:54,596 [Listener at 127.0.0.1/10888] INFO  impl.MetricsSystemImpl (MetricsSystemImpl.java:init(158)) - HddsDatanode metrics system started (again)
2021-10-05 01:13:54,613 [Listener at 127.0.0.1/10888] INFO  ozone.HddsDatanodeService (HddsDatanodeService.java:start(234)) - HddsDatanodeService host:fv-az50-768.grzltbmokehuzjyc5b133kdqgh.cx.internal.cloudapp.net ip:10.1.0.6
2021-10-05 01:13:54,646 [Listener at 127.0.0.1/10888] INFO  upgrade.AbstractLayoutVersionManager (AbstractLayoutVersionManager.java:init(79)) - Initializing Layout version manager with metadata layout = SCM_HA (version = 2), software layout = SCM_HA (version = 2)
2021-10-05 01:13:54,693 [omNode-1@group-523986131536-FollowerState] INFO  impl.FollowerState (FollowerState.java:run(134)) - omNode-1@group-523986131536-FollowerState: change to CANDIDATE, lastRpcElapsedTime:1053049257ns, electionTimeout:1051ms
2021-10-05 01:13:54,694 [omNode-1@group-523986131536-FollowerState] INFO  impl.RoleInfo (RoleInfo.java:shutdownFollowerState(108)) - omNode-1: shutdown omNode-1@group-523986131536-FollowerState
2021-10-05 01:13:54,695 [omNode-1@group-523986131536-FollowerState] INFO  server.RaftServer$Division (RaftServerImpl.java:setRole(285)) - omNode-1@group-523986131536: changes role from  FOLLOWER to CANDIDATE at term 0 for changeToCandidate
2021-10-05 01:13:54,697 [omNode-1@group-523986131536-FollowerState] INFO  server.RaftServerConfigKeys (ConfUtils.java:logGet(44)) - raft.server.leaderelection.pre-vote = false (custom)
2021-10-05 01:13:54,697 [omNode-1@group-523986131536-FollowerState] INFO  impl.RoleInfo (RoleInfo.java:updateAndGet(130)) - omNode-1: start omNode-1@group-523986131536-LeaderElection1
2021-10-05 01:13:54,710 [Listener at 127.0.0.1/10888] INFO  reflections.Reflections (Reflections.java:scan(232)) - Reflections took 63 ms to scan 7 urls, producing 119 keys and 275 values 
2021-10-05 01:13:54,718 [omNode-1@group-523986131536-LeaderElection1] INFO  impl.LeaderElection (LeaderElection.java:askForVotes(306)) - omNode-1@group-523986131536-LeaderElection1 ELECTION round 0: submit vote requests at term 1 for -1: [omNode-3|rpc:localhost:10892|priority:0, omNode-1|rpc:localhost:10880|priority:0, omNode-2|rpc:localhost:10886|priority:0], old=null
2021-10-05 01:13:54,817 [Listener at 127.0.0.1/10888] INFO  volume.HddsVolume (HddsVolume.java:<init>(120)) - Creating HddsVolume: /home/runner/work/ozone/ozone/hadoop-ozone/integration-test/target/test-dir/MiniOzoneClusterImpl-46302e84-7680-4986-b584-895fe31d4053/datanode-0/data-0/containers/hdds of storage type : DISK capacity : 9223372036854775807
2021-10-05 01:13:54,825 [Listener at 127.0.0.1/10888] INFO  volume.MutableVolumeSet (MutableVolumeSet.java:initializeVolumeSet(168)) - Added Volume : /home/runner/work/ozone/ozone/hadoop-ozone/integration-test/target/test-dir/MiniOzoneClusterImpl-46302e84-7680-4986-b584-895fe31d4053/datanode-0/data-0/containers/hdds to VolumeSet
2021-10-05 01:13:54,830 [Listener at 127.0.0.1/10888] INFO  volume.ThrottledAsyncChecker (ThrottledAsyncChecker.java:schedule(141)) - Scheduling a check for /home/runner/work/ozone/ozone/hadoop-ozone/integration-test/target/test-dir/MiniOzoneClusterImpl-46302e84-7680-4986-b584-895fe31d4053/datanode-0/data-0/containers/hdds
2021-10-05 01:13:55,043 [org.apache.ratis.util.JvmPauseMonitor$$Lambda$523/848064357@a3c7dbc] WARN  util.JvmPauseMonitor (JvmPauseMonitor.java:detectPause(124)) - JvmPauseMonitor-omNode-3: Detected pause in JVM or host machine (eg GC): pause of approximately 139622385ns.
GC pool 'PS MarkSweep' had collection(s): count=1 time=176ms
GC pool 'PS Scavenge' had collection(s): count=1 time=21ms
2021-10-05 01:13:55,063 [Listener at 127.0.0.1/10888] INFO  volume.StorageVolumeChecker (StorageVolumeChecker.java:checkAllVolumes(202)) - Scheduled health check for volume /home/runner/work/ozone/ozone/hadoop-ozone/integration-test/target/test-dir/MiniOzoneClusterImpl-46302e84-7680-4986-b584-895fe31d4053/datanode-0/data-0/containers/hdds
2021-10-05 01:13:55,110 [Listener at 127.0.0.1/10888] INFO  volume.MutableVolumeSet (MutableVolumeSet.java:initializeVolumeSet(168)) - Added Volume : /home/runner/work/ozone/ozone/hadoop-ozone/integration-test/target/test-dir/MiniOzoneClusterImpl-46302e84-7680-4986-b584-895fe31d4053/datanode-0/data/ratis to VolumeSet
2021-10-05 01:13:55,114 [Listener at 127.0.0.1/10888] INFO  volume.ThrottledAsyncChecker (ThrottledAsyncChecker.java:schedule(141)) - Scheduling a check for /home/runner/work/ozone/ozone/hadoop-ozone/integration-test/target/test-dir/MiniOzoneClusterImpl-46302e84-7680-4986-b584-895fe31d4053/datanode-0/data/ratis
2021-10-05 01:13:55,114 [Listener at 127.0.0.1/10888] INFO  volume.StorageVolumeChecker (StorageVolumeChecker.java:checkAllVolumes(202)) - Scheduled health check for volume /home/runner/work/ozone/ozone/hadoop-ozone/integration-test/target/test-dir/MiniOzoneClusterImpl-46302e84-7680-4986-b584-895fe31d4053/datanode-0/data/ratis
2021-10-05 01:13:55,170 [Thread-218] INFO  ozoneimpl.ContainerReader (ContainerReader.java:readVolume(172)) - Finish verifying containers on volume /home/runner/work/ozone/ozone/hadoop-ozone/integration-test/target/test-dir/MiniOzoneClusterImpl-46302e84-7680-4986-b584-895fe31d4053/datanode-0/data-0/containers/hdds
2021-10-05 01:13:55,171 [Listener at 127.0.0.1/10888] INFO  ozoneimpl.OzoneContainer (OzoneContainer.java:buildContainerSet(236)) - Build ContainerSet costs 0s
2021-10-05 01:13:55,209 [omNode-2@group-523986131536-FollowerState] INFO  impl.FollowerState (FollowerState.java:run(134)) - omNode-2@group-523986131536-FollowerState: change to CANDIDATE, lastRpcElapsedTime:1161002307ns, electionTimeout:1159ms
2021-10-05 01:13:55,212 [omNode-2@group-523986131536-FollowerState] INFO  impl.RoleInfo (RoleInfo.java:shutdownFollowerState(108)) - omNode-2: shutdown omNode-2@group-523986131536-FollowerState
2021-10-05 01:13:55,212 [omNode-2@group-523986131536-FollowerState] INFO  server.RaftServer$Division (RaftServerImpl.java:setRole(285)) - omNode-2@group-523986131536: changes role from  FOLLOWER to CANDIDATE at term 0 for changeToCandidate
2021-10-05 01:13:55,212 [omNode-2@group-523986131536-FollowerState] INFO  server.RaftServerConfigKeys (ConfUtils.java:logGet(44)) - raft.server.leaderelection.pre-vote = false (custom)
2021-10-05 01:13:55,213 [omNode-2@group-523986131536-FollowerState] INFO  impl.RoleInfo (RoleInfo.java:updateAndGet(130)) - omNode-2: start omNode-2@group-523986131536-LeaderElection2
2021-10-05 01:13:55,251 [omNode-2@group-523986131536-LeaderElection2] INFO  impl.LeaderElection (LeaderElection.java:askForVotes(306)) - omNode-2@group-523986131536-LeaderElection2 ELECTION round 0: submit vote requests at term 1 for -1: [omNode-3|rpc:localhost:10892|priority:0, omNode-1|rpc:localhost:10880|priority:0, omNode-2|rpc:localhost:10886|priority:0], old=null
2021-10-05 01:13:55,345 [Listener at 127.0.0.1/10888] INFO  server.RaftServer (ConfUtils.java:logGet(44)) - raft.rpc.type = GRPC (default)
2021-10-05 01:13:55,350 [Listener at 127.0.0.1/10888] INFO  grpc.GrpcFactory (GrpcFactory.java:checkPooledByteBufAllocatorUseCacheForAllThreads(48)) - PERFORMANCE WARNING: useCacheForAllThreads is true that may cause Netty to create a lot garbage objects and, as a result, trigger GC.
	It is recommended to disable useCacheForAllThreads by setting -Dorg.apache.ratis.thirdparty.io.netty.allocator.useCacheForAllThreads=false in command line.
2021-10-05 01:13:55,350 [Listener at 127.0.0.1/10888] INFO  grpc.GrpcConfigKeys (ConfUtils.java:logGet(44)) - raft.grpc.admin.port = 0 (custom)
2021-10-05 01:13:55,353 [Listener at 127.0.0.1/10888] INFO  grpc.GrpcConfigKeys (ConfUtils.java:logGet(44)) - raft.grpc.client.port = 0 (custom)
2021-10-05 01:13:55,353 [Listener at 127.0.0.1/10888] INFO  grpc.GrpcConfigKeys (ConfUtils.java:logGet(44)) - raft.grpc.server.port = 0 (default)
2021-10-05 01:13:55,353 [Listener at 127.0.0.1/10888] INFO  server.GrpcService (ConfUtils.java:logGet(44)) - raft.grpc.message.size.max = 32MB (=33554432) (custom)
2021-10-05 01:13:55,354 [Listener at 127.0.0.1/10888] INFO  server.RaftServerConfigKeys (ConfUtils.java:logGet(44)) - raft.server.log.appender.buffer.byte-limit = 33554432 (custom)
2021-10-05 01:13:55,354 [Listener at 127.0.0.1/10888] INFO  server.GrpcService (ConfUtils.java:logGet(44)) - raft.grpc.flow.control.window = 5MB (=5242880) (custom)
2021-10-05 01:13:55,354 [Listener at 127.0.0.1/10888] INFO  server.RaftServerConfigKeys (ConfUtils.java:logGet(44)) - raft.server.rpc.request.timeout = 60s (custom)
2021-10-05 01:13:55,356 [Listener at 127.0.0.1/10888] INFO  impl.DataStreamServerImpl (ConfUtils.java:logGet(44)) - raft.datastream.type = DISABLED (default)
2021-10-05 01:13:55,356 [Listener at 127.0.0.1/10888] INFO  server.RaftServerConfigKeys (ConfUtils.java:logGet(44)) - raft.server.rpc.slowness.timeout = 300s (custom)
2021-10-05 01:13:55,356 [Listener at 127.0.0.1/10888] INFO  server.RaftServerConfigKeys (ConfUtils.java:logGet(44)) - raft.server.leaderelection.leader.step-down.wait-time = 10s (default)
2021-10-05 01:13:55,357 [Listener at 127.0.0.1/10888] INFO  server.RaftServerConfigKeys (ConfUtils.java:logGet(44)) - raft.server.storage.dir = [/home/runner/work/ozone/ozone/hadoop-ozone/integration-test/target/test-dir/MiniOzoneClusterImpl-46302e84-7680-4986-b584-895fe31d4053/datanode-0/data/ratis] (custom)
2021-10-05 01:13:55,403 [omNode-3@group-523986131536-FollowerState] INFO  impl.FollowerState (FollowerState.java:run(134)) - omNode-3@group-523986131536-FollowerState: change to CANDIDATE, lastRpcElapsedTime:1011889300ns, electionTimeout:1001ms
2021-10-05 01:13:55,403 [omNode-3@group-523986131536-FollowerState] INFO  impl.RoleInfo (RoleInfo.java:shutdownFollowerState(108)) - omNode-3: shutdown omNode-3@group-523986131536-FollowerState
2021-10-05 01:13:55,403 [omNode-3@group-523986131536-FollowerState] INFO  server.RaftServer$Division (RaftServerImpl.java:setRole(285)) - omNode-3@group-523986131536: changes role from  FOLLOWER to CANDIDATE at term 0 for changeToCandidate
2021-10-05 01:13:55,404 [omNode-3@group-523986131536-FollowerState] INFO  server.RaftServerConfigKeys (ConfUtils.java:logGet(44)) - raft.server.leaderelection.pre-vote = false (custom)
2021-10-05 01:13:55,404 [omNode-3@group-523986131536-FollowerState] INFO  impl.RoleInfo (RoleInfo.java:updateAndGet(130)) - omNode-3: start omNode-3@group-523986131536-LeaderElection3
2021-10-05 01:13:55,419 [omNode-3@group-523986131536-LeaderElection3] INFO  impl.LeaderElection (LeaderElection.java:askForVotes(306)) - omNode-3@group-523986131536-LeaderElection3 ELECTION round 0: submit vote requests at term 1 for -1: [omNode-3|rpc:localhost:10892|priority:0, omNode-1|rpc:localhost:10880|priority:0, omNode-2|rpc:localhost:10886|priority:0], old=null
2021-10-05 01:13:55,471 [Listener at 127.0.0.1/10888] INFO  http.BaseHttpServer (BaseHttpServer.java:newHttpServer2BuilderForOzone(209)) - Starting Web-server for hddsDatanode at: http://0.0.0.0:0
2021-10-05 01:13:55,471 [Listener at 127.0.0.1/10888] INFO  http.BaseHttpServer (BaseHttpServer.java:<init>(107)) - Hadoop Security Enabled: false Ozone Security Enabled: false Ozone HTTP Security Enabled: false 
2021-10-05 01:13:55,473 [Listener at 127.0.0.1/10888] INFO  server.AuthenticationFilter (AuthenticationFilter.java:constructSecretProvider(240)) - Unable to initialize FileSignerSecretProvider, falling back to use random secrets.
2021-10-05 01:13:55,474 [Listener at 127.0.0.1/10888] WARN  http.HttpRequestLog (HttpRequestLog.java:getRequestLog(103)) - Jetty request log can only be enabled using Log4j
2021-10-05 01:13:55,478 [Listener at 127.0.0.1/10888] INFO  http.HttpServer2 (HttpServer2.java:addGlobalFilter(1030)) - Added global filter 'safety' (class=org.apache.hadoop.hdds.server.http.HttpServer2$QuotingInputFilter)
2021-10-05 01:13:55,479 [Listener at 127.0.0.1/10888] INFO  http.HttpServer2 (HttpServer2.java:addFilter(1006)) - Added filter static_user_filter (class=org.apache.hadoop.http.lib.StaticUserWebFilter$StaticUserFilter) to context hddsDatanode
2021-10-05 01:13:55,479 [Listener at 127.0.0.1/10888] INFO  http.HttpServer2 (HttpServer2.java:addFilter(1014)) - Added filter static_user_filter (class=org.apache.hadoop.http.lib.StaticUserWebFilter$StaticUserFilter) to context static
2021-10-05 01:13:55,479 [Listener at 127.0.0.1/10888] INFO  http.HttpServer2 (HttpServer2.java:addFilter(1014)) - Added filter static_user_filter (class=org.apache.hadoop.http.lib.StaticUserWebFilter$StaticUserFilter) to context logs
2021-10-05 01:13:55,480 [Listener at 127.0.0.1/10888] INFO  http.HttpServer2 (HttpServer2.java:bindListener(1249)) - Jetty bound to port 40299
2021-10-05 01:13:55,480 [Listener at 127.0.0.1/10888] INFO  server.Server (Server.java:doStart(375)) - jetty-9.4.43.v20210629; built: 2021-06-30T11:07:22.254Z; git: 526006ecfa3af7f1a27ef3a288e2bef7ea9dd7e8; jvm 1.8.0_292-b10
2021-10-05 01:13:55,483 [Listener at 127.0.0.1/10888] INFO  server.session (DefaultSessionIdManager.java:doStart(334)) - DefaultSessionIdManager workerName=node0
2021-10-05 01:13:55,483 [Listener at 127.0.0.1/10888] INFO  server.session (DefaultSessionIdManager.java:doStart(339)) - No SessionScavenger set, using defaults
2021-10-05 01:13:55,483 [Listener at 127.0.0.1/10888] INFO  server.session (HouseKeeper.java:startScavenging(132)) - node0 Scavenging every 600000ms
2021-10-05 01:13:55,484 [Listener at 127.0.0.1/10888] INFO  handler.ContextHandler (ContextHandler.java:doStart(915)) - Started o.e.j.s.ServletContextHandler@566806a{logs,/logs,file:///home/runner/work/ozone/ozone/hadoop-ozone/integration-test/target/log,AVAILABLE}
2021-10-05 01:13:55,485 [Listener at 127.0.0.1/10888] INFO  handler.ContextHandler (ContextHandler.java:doStart(915)) - Started o.e.j.s.ServletContextHandler@16139b0{static,/static,jar:file:/home/runner/.m2/repository/org/apache/ozone/hdds-container-service/1.2.0-SNAPSHOT/hdds-container-service-1.2.0-SNAPSHOT.jar!/webapps/static,AVAILABLE}
2021-10-05 01:13:55,583 [Listener at 127.0.0.1/10888] INFO  handler.ContextHandler (ContextHandler.java:doStart(915)) - Started o.e.j.w.WebAppContext@579325f2{hddsDatanode,/,file:///tmp/jetty-0_0_0_0-40299-hdds-container-service-1_2_0-SNAPSHOT_jar-_-any-7501049647040819990/webapp/,AVAILABLE}{jar:file:/home/runner/.m2/repository/org/apache/ozone/hdds-container-service/1.2.0-SNAPSHOT/hdds-container-service-1.2.0-SNAPSHOT.jar!/webapps/hddsDatanode}
2021-10-05 01:13:55,594 [Listener at 127.0.0.1/10888] INFO  server.AbstractConnector (AbstractConnector.java:doStart(331)) - Started ServerConnector@5dbcaae7{HTTP/1.1, (http/1.1)}{0.0.0.0:40299}
2021-10-05 01:13:55,594 [Listener at 127.0.0.1/10888] INFO  server.Server (Server.java:doStart(415)) - Started @8972ms
2021-10-05 01:13:55,594 [Listener at 127.0.0.1/10888] WARN  impl.MetricsSystemImpl (MetricsSystemImpl.java:register(279)) - Sink prometheus already exists!
2021-10-05 01:13:55,595 [Listener at 127.0.0.1/10888] INFO  http.BaseHttpServer (BaseHttpServer.java:updateConnectorAddress(329)) - HTTP server of hddsDatanode listening at http://0.0.0.0:40299
2021-10-05 01:13:55,598 [Listener at 127.0.0.1/10888] WARN  impl.MetricRegistriesImpl (MetricRegistriesImpl.java:addReporterRegistration(111)) - New reporters are added after registries were created. Some metrics will be missing from the reporter. Please add reporter before adding any new registry.
2021-10-05 01:13:55,598 [Listener at 127.0.0.1/10888] WARN  impl.MetricRegistriesImpl (MetricRegistriesImpl.java:addReporterRegistration(111)) - New reporters are added after registries were created. Some metrics will be missing from the reporter. Please add reporter before adding any new registry.
2021-10-05 01:13:55,604 [Listener at 127.0.0.1/10888] INFO  impl.MetricsSystemImpl (MetricsSystemImpl.java:init(158)) - HddsDatanode metrics system started (again)
2021-10-05 01:13:55,613 [Datanode State Machine Thread - 0] INFO  statemachine.DatanodeStateMachine (DatanodeStateMachine.java:lambda$startDaemon$0(456)) - Ozone container server started.
2021-10-05 01:13:55,630 [Listener at 127.0.0.1/10888] INFO  ozone.HddsDatanodeService (HddsDatanodeService.java:start(234)) - HddsDatanodeService host:fv-az50-768.grzltbmokehuzjyc5b133kdqgh.cx.internal.cloudapp.net ip:10.1.0.6
2021-10-05 01:13:55,654 [org.apache.hadoop.util.JvmPauseMonitor$Monitor@8cdb39c] INFO  util.JvmPauseMonitor (JvmPauseMonitor.java:run(188)) - Starting JVM pause monitor
2021-10-05 01:13:55,659 [Listener at 127.0.0.1/10888] INFO  upgrade.AbstractLayoutVersionManager (AbstractLayoutVersionManager.java:init(79)) - Initializing Layout version manager with metadata layout = SCM_HA (version = 2), software layout = SCM_HA (version = 2)
2021-10-05 01:13:55,799 [Listener at 127.0.0.1/10888] INFO  reflections.Reflections (Reflections.java:scan(232)) - Reflections took 137 ms to scan 7 urls, producing 119 keys and 275 values 
2021-10-05 01:13:55,827 [Listener at 127.0.0.1/10888] INFO  volume.HddsVolume (HddsVolume.java:<init>(120)) - Creating HddsVolume: /home/runner/work/ozone/ozone/hadoop-ozone/integration-test/target/test-dir/MiniOzoneClusterImpl-46302e84-7680-4986-b584-895fe31d4053/datanode-1/data-0/containers/hdds of storage type : DISK capacity : 9223372036854775807
2021-10-05 01:13:55,827 [Listener at 127.0.0.1/10888] INFO  volume.MutableVolumeSet (MutableVolumeSet.java:initializeVolumeSet(168)) - Added Volume : /home/runner/work/ozone/ozone/hadoop-ozone/integration-test/target/test-dir/MiniOzoneClusterImpl-46302e84-7680-4986-b584-895fe31d4053/datanode-1/data-0/containers/hdds to VolumeSet
2021-10-05 01:13:55,828 [Listener at 127.0.0.1/10888] INFO  volume.ThrottledAsyncChecker (ThrottledAsyncChecker.java:schedule(141)) - Scheduling a check for /home/runner/work/ozone/ozone/hadoop-ozone/integration-test/target/test-dir/MiniOzoneClusterImpl-46302e84-7680-4986-b584-895fe31d4053/datanode-1/data-0/containers/hdds
2021-10-05 01:13:55,833 [Listener at 127.0.0.1/10888] INFO  volume.StorageVolumeChecker (StorageVolumeChecker.java:checkAllVolumes(202)) - Scheduled health check for volume /home/runner/work/ozone/ozone/hadoop-ozone/integration-test/target/test-dir/MiniOzoneClusterImpl-46302e84-7680-4986-b584-895fe31d4053/datanode-1/data-0/containers/hdds
2021-10-05 01:13:55,878 [grpc-default-executor-0] INFO  server.RaftServer$Division (RaftServerImpl.java:requestVote(1043)) - omNode-2@group-523986131536: receive requestVote(ELECTION, omNode-1, group-523986131536, 1, (t:0, i:~))
2021-10-05 01:13:55,880 [grpc-default-executor-1] INFO  server.RaftServer$Division (RaftServerImpl.java:requestVote(1043)) - omNode-3@group-523986131536: receive requestVote(ELECTION, omNode-1, group-523986131536, 1, (t:0, i:~))
2021-10-05 01:13:55,880 [grpc-default-executor-4] INFO  server.RaftServer$Division (RaftServerImpl.java:requestVote(1043)) - omNode-1@group-523986131536: receive requestVote(ELECTION, omNode-3, group-523986131536, 1, (t:0, i:~))
2021-10-05 01:13:55,881 [grpc-default-executor-4] INFO  impl.VoteContext (VoteContext.java:log(48)) - omNode-1@group-523986131536-CANDIDATE: reject ELECTION from omNode-3: already has voted for omNode-1 at current term 1
2021-10-05 01:13:55,882 [grpc-default-executor-1] INFO  impl.VoteContext (VoteContext.java:log(48)) - omNode-3@group-523986131536-CANDIDATE: reject ELECTION from omNode-1: already has voted for omNode-3 at current term 1
2021-10-05 01:13:55,881 [grpc-default-executor-0] INFO  impl.VoteContext (VoteContext.java:log(48)) - omNode-2@group-523986131536-CANDIDATE: reject ELECTION from omNode-1: already has voted for omNode-2 at current term 1
2021-10-05 01:13:55,887 [grpc-default-executor-2] INFO  server.RaftServer$Division (RaftServerImpl.java:requestVote(1043)) - omNode-2@group-523986131536: receive requestVote(ELECTION, omNode-3, group-523986131536, 1, (t:0, i:~))
2021-10-05 01:13:55,890 [Listener at 127.0.0.1/10888] INFO  volume.MutableVolumeSet (MutableVolumeSet.java:initializeVolumeSet(168)) - Added Volume : /home/runner/work/ozone/ozone/hadoop-ozone/integration-test/target/test-dir/MiniOzoneClusterImpl-46302e84-7680-4986-b584-895fe31d4053/datanode-1/data/ratis to VolumeSet
2021-10-05 01:13:55,897 [grpc-default-executor-5] INFO  server.RaftServer$Division (RaftServerImpl.java:requestVote(1043)) - omNode-1@group-523986131536: receive requestVote(ELECTION, omNode-2, group-523986131536, 1, (t:0, i:~))
2021-10-05 01:13:55,897 [grpc-default-executor-3] INFO  server.RaftServer$Division (RaftServerImpl.java:requestVote(1043)) - omNode-3@group-523986131536: receive requestVote(ELECTION, omNode-2, group-523986131536, 1, (t:0, i:~))
2021-10-05 01:13:55,898 [grpc-default-executor-0] INFO  server.RaftServer$Division (RaftServerImpl.java:requestVote(1075)) - omNode-2@group-523986131536 replies to ELECTION vote request: omNode-1<-omNode-2#0:FAIL-t1. Peer's state: omNode-2@group-523986131536:t1, leader=null, voted=omNode-2, raftlog=omNode-2@group-523986131536-SegmentedRaftLog:OPENED:c-1,f-1,i0, conf=-1: [omNode-3|rpc:localhost:10892|priority:0, omNode-1|rpc:localhost:10880|priority:0, omNode-2|rpc:localhost:10886|priority:0], old=null
2021-10-05 01:13:55,898 [grpc-default-executor-2] INFO  impl.VoteContext (VoteContext.java:log(48)) - omNode-2@group-523986131536-CANDIDATE: reject ELECTION from omNode-3: already has voted for omNode-2 at current term 1
2021-10-05 01:13:55,898 [grpc-default-executor-2] INFO  server.RaftServer$Division (RaftServerImpl.java:requestVote(1075)) - omNode-2@group-523986131536 replies to ELECTION vote request: omNode-3<-omNode-2#0:FAIL-t1. Peer's state: omNode-2@group-523986131536:t1, leader=null, voted=omNode-2, raftlog=omNode-2@group-523986131536-SegmentedRaftLog:OPENED:c-1,f-1,i0, conf=-1: [omNode-3|rpc:localhost:10892|priority:0, omNode-1|rpc:localhost:10880|priority:0, omNode-2|rpc:localhost:10886|priority:0], old=null
2021-10-05 01:13:55,901 [grpc-default-executor-1] INFO  server.RaftServer$Division (RaftServerImpl.java:requestVote(1075)) - omNode-3@group-523986131536 replies to ELECTION vote request: omNode-1<-omNode-3#0:FAIL-t1. Peer's state: omNode-3@group-523986131536:t1, leader=null, voted=omNode-3, raftlog=omNode-3@group-523986131536-SegmentedRaftLog:OPENED:c-1,f-1,i0, conf=-1: [omNode-3|rpc:localhost:10892|priority:0, omNode-1|rpc:localhost:10880|priority:0, omNode-2|rpc:localhost:10886|priority:0], old=null
2021-10-05 01:13:55,902 [grpc-default-executor-3] INFO  impl.VoteContext (VoteContext.java:log(48)) - omNode-3@group-523986131536-CANDIDATE: reject ELECTION from omNode-2: already has voted for omNode-3 at current term 1
2021-10-05 01:13:55,902 [grpc-default-executor-3] INFO  server.RaftServer$Division (RaftServerImpl.java:requestVote(1075)) - omNode-3@group-523986131536 replies to ELECTION vote request: omNode-2<-omNode-3#0:FAIL-t1. Peer's state: omNode-3@group-523986131536:t1, leader=null, voted=omNode-3, raftlog=omNode-3@group-523986131536-SegmentedRaftLog:OPENED:c-1,f-1,i0, conf=-1: [omNode-3|rpc:localhost:10892|priority:0, omNode-1|rpc:localhost:10880|priority:0, omNode-2|rpc:localhost:10886|priority:0], old=null
2021-10-05 01:13:55,905 [Listener at 127.0.0.1/10888] INFO  volume.ThrottledAsyncChecker (ThrottledAsyncChecker.java:schedule(141)) - Scheduling a check for /home/runner/work/ozone/ozone/hadoop-ozone/integration-test/target/test-dir/MiniOzoneClusterImpl-46302e84-7680-4986-b584-895fe31d4053/datanode-1/data/ratis
2021-10-05 01:13:55,905 [grpc-default-executor-4] INFO  server.RaftServer$Division (RaftServerImpl.java:requestVote(1075)) - omNode-1@group-523986131536 replies to ELECTION vote request: omNode-3<-omNode-1#0:FAIL-t1. Peer's state: omNode-1@group-523986131536:t1, leader=null, voted=omNode-1, raftlog=omNode-1@group-523986131536-SegmentedRaftLog:OPENED:c-1,f-1,i0, conf=-1: [omNode-3|rpc:localhost:10892|priority:0, omNode-1|rpc:localhost:10880|priority:0, omNode-2|rpc:localhost:10886|priority:0], old=null
2021-10-05 01:13:55,905 [Listener at 127.0.0.1/10888] INFO  volume.StorageVolumeChecker (StorageVolumeChecker.java:checkAllVolumes(202)) - Scheduled health check for volume /home/runner/work/ozone/ozone/hadoop-ozone/integration-test/target/test-dir/MiniOzoneClusterImpl-46302e84-7680-4986-b584-895fe31d4053/datanode-1/data/ratis
2021-10-05 01:13:55,906 [grpc-default-executor-5] INFO  impl.VoteContext (VoteContext.java:log(48)) - omNode-1@group-523986131536-CANDIDATE: reject ELECTION from omNode-2: already has voted for omNode-1 at current term 1
2021-10-05 01:13:55,906 [grpc-default-executor-5] INFO  server.RaftServer$Division (RaftServerImpl.java:requestVote(1075)) - omNode-1@group-523986131536 replies to ELECTION vote request: omNode-2<-omNode-1#0:FAIL-t1. Peer's state: omNode-1@group-523986131536:t1, leader=null, voted=omNode-1, raftlog=omNode-1@group-523986131536-SegmentedRaftLog:OPENED:c-1,f-1,i0, conf=-1: [omNode-3|rpc:localhost:10892|priority:0, omNode-1|rpc:localhost:10880|priority:0, omNode-2|rpc:localhost:10886|priority:0], old=null
2021-10-05 01:13:55,950 [omNode-1@group-523986131536-LeaderElection1] INFO  impl.LeaderElection (LeaderElection.java:logAndReturn(89)) - omNode-1@group-523986131536-LeaderElection1: ELECTION TIMEOUT received 0 response(s) and 0 exception(s):
2021-10-05 01:13:55,950 [omNode-1@group-523986131536-LeaderElection1] INFO  impl.LeaderElection (LeaderElection.java:askForVotes(308)) - omNode-1@group-523986131536-LeaderElection1 ELECTION round 0: result TIMEOUT
2021-10-05 01:13:55,952 [omNode-1@group-523986131536-LeaderElection1] INFO  impl.LeaderElection (LeaderElection.java:askForVotes(306)) - omNode-1@group-523986131536-LeaderElection1 ELECTION round 1: submit vote requests at term 2 for -1: [omNode-3|rpc:localhost:10892|priority:0, omNode-1|rpc:localhost:10880|priority:0, omNode-2|rpc:localhost:10886|priority:0], old=null
2021-10-05 01:13:55,962 [omNode-3@group-523986131536-LeaderElection3] INFO  impl.LeaderElection (LeaderElection.java:logAndReturn(89)) - omNode-3@group-523986131536-LeaderElection3: ELECTION REJECTED received 2 response(s) and 0 exception(s):
2021-10-05 01:13:55,963 [omNode-3@group-523986131536-LeaderElection3] INFO  impl.LeaderElection (LeaderElection.java:logAndReturn(93)) -   Response 0: omNode-3<-omNode-1#0:FAIL-t1
2021-10-05 01:13:55,963 [omNode-3@group-523986131536-LeaderElection3] INFO  impl.LeaderElection (LeaderElection.java:logAndReturn(93)) -   Response 1: omNode-3<-omNode-2#0:FAIL-t1
2021-10-05 01:13:55,963 [omNode-3@group-523986131536-LeaderElection3] INFO  impl.LeaderElection (LeaderElection.java:askForVotes(308)) - omNode-3@group-523986131536-LeaderElection3 ELECTION round 0: result REJECTED
2021-10-05 01:13:55,963 [omNode-3@group-523986131536-LeaderElection3] INFO  server.RaftServer$Division (RaftServerImpl.java:setRole(285)) - omNode-3@group-523986131536: changes role from CANDIDATE to FOLLOWER at term 1 for REJECTED
2021-10-05 01:13:55,963 [omNode-3@group-523986131536-LeaderElection3] INFO  impl.RoleInfo (RoleInfo.java:shutdownLeaderElection(121)) - omNode-3: shutdown omNode-3@group-523986131536-LeaderElection3
2021-10-05 01:13:55,964 [omNode-3@group-523986131536-LeaderElection3] INFO  impl.RoleInfo (RoleInfo.java:updateAndGet(130)) - omNode-3: start omNode-3@group-523986131536-FollowerState
2021-10-05 01:13:55,971 [omNode-2@group-523986131536-LeaderElection2] INFO  impl.LeaderElection (LeaderElection.java:logAndReturn(89)) - omNode-2@group-523986131536-LeaderElection2: ELECTION REJECTED received 2 response(s) and 0 exception(s):
2021-10-05 01:13:55,972 [omNode-2@group-523986131536-LeaderElection2] INFO  impl.LeaderElection (LeaderElection.java:logAndReturn(93)) -   Response 0: omNode-2<-omNode-3#0:FAIL-t1
2021-10-05 01:13:55,972 [omNode-2@group-523986131536-LeaderElection2] INFO  impl.LeaderElection (LeaderElection.java:logAndReturn(93)) -   Response 1: omNode-2<-omNode-1#0:FAIL-t1
2021-10-05 01:13:55,972 [omNode-2@group-523986131536-LeaderElection2] INFO  impl.LeaderElection (LeaderElection.java:askForVotes(308)) - omNode-2@group-523986131536-LeaderElection2 ELECTION round 0: result REJECTED
2021-10-05 01:13:55,972 [omNode-2@group-523986131536-LeaderElection2] INFO  server.RaftServer$Division (RaftServerImpl.java:setRole(285)) - omNode-2@group-523986131536: changes role from CANDIDATE to FOLLOWER at term 1 for REJECTED
2021-10-05 01:13:55,972 [omNode-2@group-523986131536-LeaderElection2] INFO  impl.RoleInfo (RoleInfo.java:shutdownLeaderElection(121)) - omNode-2: shutdown omNode-2@group-523986131536-LeaderElection2
2021-10-05 01:13:55,972 [omNode-2@group-523986131536-LeaderElection2] INFO  impl.RoleInfo (RoleInfo.java:updateAndGet(130)) - omNode-2: start omNode-2@group-523986131536-FollowerState
2021-10-05 01:13:55,987 [grpc-default-executor-1] INFO  server.RaftServer$Division (RaftServerImpl.java:requestVote(1043)) - omNode-2@group-523986131536: receive requestVote(ELECTION, omNode-1, group-523986131536, 2, (t:0, i:~))
2021-10-05 01:13:55,988 [grpc-default-executor-1] INFO  impl.VoteContext (VoteContext.java:log(48)) - omNode-2@group-523986131536-FOLLOWER: accept ELECTION from omNode-1: our priority 0 <= candidate's priority 0
2021-10-05 01:13:55,988 [grpc-default-executor-1] INFO  server.RaftServer$Division (RaftServerImpl.java:setRole(285)) - omNode-2@group-523986131536: changes role from  FOLLOWER to FOLLOWER at term 2 for candidate:omNode-1
2021-10-05 01:13:55,988 [grpc-default-executor-1] INFO  impl.RoleInfo (RoleInfo.java:shutdownFollowerState(108)) - omNode-2: shutdown omNode-2@group-523986131536-FollowerState
2021-10-05 01:13:55,988 [grpc-default-executor-1] INFO  impl.RoleInfo (RoleInfo.java:updateAndGet(130)) - omNode-2: start omNode-2@group-523986131536-FollowerState
2021-10-05 01:13:55,988 [omNode-2@group-523986131536-FollowerState] INFO  impl.FollowerState (FollowerState.java:run(143)) - omNode-2@group-523986131536-FollowerState was interrupted: {}
java.lang.InterruptedException: sleep interrupted
	at java.lang.Thread.sleep(Native Method)
	at java.lang.Thread.sleep(Thread.java:340)
	at java.util.concurrent.TimeUnit.sleep(TimeUnit.java:386)
	at org.apache.ratis.util.TimeDuration.sleep(TimeDuration.java:324)
	at org.apache.ratis.util.TimeDuration.sleep(TimeDuration.java:309)
	at org.apache.ratis.server.impl.FollowerState.run(FollowerState.java:118)
2021-10-05 01:13:55,984 [Thread-240] INFO  ozoneimpl.ContainerReader (ContainerReader.java:readVolume(172)) - Finish verifying containers on volume /home/runner/work/ozone/ozone/hadoop-ozone/integration-test/target/test-dir/MiniOzoneClusterImpl-46302e84-7680-4986-b584-895fe31d4053/datanode-1/data-0/containers/hdds
2021-10-05 01:13:55,990 [Listener at 127.0.0.1/10888] INFO  ozoneimpl.OzoneContainer (OzoneContainer.java:buildContainerSet(236)) - Build ContainerSet costs 0s
2021-10-05 01:13:55,993 [Listener at 127.0.0.1/10888] INFO  server.RaftServer (ConfUtils.java:logGet(44)) - raft.rpc.type = GRPC (default)
2021-10-05 01:13:55,993 [Listener at 127.0.0.1/10888] INFO  grpc.GrpcFactory (GrpcFactory.java:checkPooledByteBufAllocatorUseCacheForAllThreads(48)) - PERFORMANCE WARNING: useCacheForAllThreads is true that may cause Netty to create a lot garbage objects and, as a result, trigger GC.
	It is recommended to disable useCacheForAllThreads by setting -Dorg.apache.ratis.thirdparty.io.netty.allocator.useCacheForAllThreads=false in command line.
2021-10-05 01:13:55,994 [Listener at 127.0.0.1/10888] INFO  grpc.GrpcConfigKeys (ConfUtils.java:logGet(44)) - raft.grpc.admin.port = 0 (custom)
2021-10-05 01:13:55,994 [Listener at 127.0.0.1/10888] INFO  grpc.GrpcConfigKeys (ConfUtils.java:logGet(44)) - raft.grpc.client.port = 0 (custom)
2021-10-05 01:13:55,994 [Listener at 127.0.0.1/10888] INFO  grpc.GrpcConfigKeys (ConfUtils.java:logGet(44)) - raft.grpc.server.port = 0 (default)
2021-10-05 01:13:55,994 [Listener at 127.0.0.1/10888] INFO  server.GrpcService (ConfUtils.java:logGet(44)) - raft.grpc.message.size.max = 32MB (=33554432) (custom)
2021-10-05 01:13:55,994 [Listener at 127.0.0.1/10888] INFO  server.RaftServerConfigKeys (ConfUtils.java:logGet(44)) - raft.server.log.appender.buffer.byte-limit = 33554432 (custom)
2021-10-05 01:13:55,994 [Listener at 127.0.0.1/10888] INFO  server.GrpcService (ConfUtils.java:logGet(44)) - raft.grpc.flow.control.window = 5MB (=5242880) (custom)
2021-10-05 01:13:55,995 [Listener at 127.0.0.1/10888] INFO  server.RaftServerConfigKeys (ConfUtils.java:logGet(44)) - raft.server.rpc.request.timeout = 60s (custom)
2021-10-05 01:13:56,001 [grpc-default-executor-2] INFO  server.RaftServer$Division (RaftServerImpl.java:requestVote(1043)) - omNode-3@group-523986131536: receive requestVote(ELECTION, omNode-1, group-523986131536, 2, (t:0, i:~))
2021-10-05 01:13:56,001 [grpc-default-executor-2] INFO  impl.VoteContext (VoteContext.java:log(48)) - omNode-3@group-523986131536-FOLLOWER: accept ELECTION from omNode-1: our priority 0 <= candidate's priority 0
2021-10-05 01:13:56,002 [grpc-default-executor-2] INFO  server.RaftServer$Division (RaftServerImpl.java:setRole(285)) - omNode-3@group-523986131536: changes role from  FOLLOWER to FOLLOWER at term 2 for candidate:omNode-1
2021-10-05 01:13:56,002 [grpc-default-executor-2] INFO  impl.RoleInfo (RoleInfo.java:shutdownFollowerState(108)) - omNode-3: shutdown omNode-3@group-523986131536-FollowerState
2021-10-05 01:13:56,002 [grpc-default-executor-2] INFO  impl.RoleInfo (RoleInfo.java:updateAndGet(130)) - omNode-3: start omNode-3@group-523986131536-FollowerState
2021-10-05 01:13:56,002 [omNode-3@group-523986131536-FollowerState] INFO  impl.FollowerState (FollowerState.java:run(143)) - omNode-3@group-523986131536-FollowerState was interrupted: {}
java.lang.InterruptedException: sleep interrupted
	at java.lang.Thread.sleep(Native Method)
	at java.lang.Thread.sleep(Thread.java:340)
	at java.util.concurrent.TimeUnit.sleep(TimeUnit.java:386)
	at org.apache.ratis.util.TimeDuration.sleep(TimeDuration.java:324)
	at org.apache.ratis.util.TimeDuration.sleep(TimeDuration.java:309)
	at org.apache.ratis.server.impl.FollowerState.run(FollowerState.java:118)
2021-10-05 01:13:56,007 [grpc-default-executor-1] INFO  server.RaftServer$Division (RaftServerImpl.java:requestVote(1075)) - omNode-2@group-523986131536 replies to ELECTION vote request: omNode-1<-omNode-2#0:OK-t2. Peer's state: omNode-2@group-523986131536:t2, leader=null, voted=omNode-1, raftlog=omNode-2@group-523986131536-SegmentedRaftLog:OPENED:c-1,f-1,i0, conf=-1: [omNode-3|rpc:localhost:10892|priority:0, omNode-1|rpc:localhost:10880|priority:0, omNode-2|rpc:localhost:10886|priority:0], old=null
2021-10-05 01:13:56,008 [Listener at 127.0.0.1/10888] INFO  impl.DataStreamServerImpl (ConfUtils.java:logGet(44)) - raft.datastream.type = DISABLED (default)
2021-10-05 01:13:56,009 [grpc-default-executor-2] INFO  server.RaftServer$Division (RaftServerImpl.java:requestVote(1075)) - omNode-3@group-523986131536 replies to ELECTION vote request: omNode-1<-omNode-3#0:OK-t2. Peer's state: omNode-3@group-523986131536:t2, leader=null, voted=omNode-1, raftlog=omNode-3@group-523986131536-SegmentedRaftLog:OPENED:c-1,f-1,i0, conf=-1: [omNode-3|rpc:localhost:10892|priority:0, omNode-1|rpc:localhost:10880|priority:0, omNode-2|rpc:localhost:10886|priority:0], old=null
2021-10-05 01:13:56,008 [omNode-1@group-523986131536-LeaderElection1] INFO  impl.LeaderElection (LeaderElection.java:logAndReturn(89)) - omNode-1@group-523986131536-LeaderElection1: ELECTION PASSED received 1 response(s) and 0 exception(s):
2021-10-05 01:13:56,018 [omNode-1@group-523986131536-LeaderElection1] INFO  impl.LeaderElection (LeaderElection.java:logAndReturn(93)) -   Response 0: omNode-1<-omNode-2#0:OK-t2
2021-10-05 01:13:56,018 [omNode-1@group-523986131536-LeaderElection1] INFO  impl.LeaderElection (LeaderElection.java:askForVotes(308)) - omNode-1@group-523986131536-LeaderElection1 ELECTION round 1: result PASSED
2021-10-05 01:13:56,019 [omNode-1@group-523986131536-LeaderElection1] INFO  impl.RoleInfo (RoleInfo.java:shutdownLeaderElection(121)) - omNode-1: shutdown omNode-1@group-523986131536-LeaderElection1
2021-10-05 01:13:56,019 [omNode-1@group-523986131536-LeaderElection1] INFO  server.RaftServer$Division (RaftServerImpl.java:setRole(285)) - omNode-1@group-523986131536: changes role from CANDIDATE to LEADER at term 2 for changeToLeader
2021-10-05 01:13:56,019 [omNode-1@group-523986131536-LeaderElection1] INFO  server.RaftServer$Division (ServerState.java:setLeader(285)) - omNode-1@group-523986131536: change Leader from null to omNode-1 at term 2 for becomeLeader, leader elected after 2557ms
2021-10-05 01:13:56,018 [Listener at 127.0.0.1/10888] INFO  server.RaftServerConfigKeys (ConfUtils.java:logGet(44)) - raft.server.rpc.slowness.timeout = 300s (custom)
2021-10-05 01:13:56,025 [Listener at 127.0.0.1/10888] INFO  server.RaftServerConfigKeys (ConfUtils.java:logGet(44)) - raft.server.leaderelection.leader.step-down.wait-time = 10s (default)
2021-10-05 01:13:56,025 [Listener at 127.0.0.1/10888] INFO  server.RaftServerConfigKeys (ConfUtils.java:logGet(44)) - raft.server.storage.dir = [/home/runner/work/ozone/ozone/hadoop-ozone/integration-test/target/test-dir/MiniOzoneClusterImpl-46302e84-7680-4986-b584-895fe31d4053/datanode-1/data/ratis] (custom)
2021-10-05 01:13:56,033 [Datanode State Machine Task Thread - 0] INFO  datanode.InitDatanodeState (InitDatanodeState.java:persistContainerDatanodeDetails(145)) - DatanodeDetails is persisted to /home/runner/work/ozone/ozone/hadoop-ozone/integration-test/target/test-dir/MiniOzoneClusterImpl-46302e84-7680-4986-b584-895fe31d4053/datanode-0/meta/datanode.id
2021-10-05 01:13:56,035 [omNode-1@group-523986131536-LeaderElection1] INFO  server.RaftServerConfigKeys (ConfUtils.java:logGet(44)) - raft.server.staging.catchup.gap = 1000 (default)
2021-10-05 01:13:56,034 [Listener at 127.0.0.1/10888] INFO  http.BaseHttpServer (BaseHttpServer.java:newHttpServer2BuilderForOzone(209)) - Starting Web-server for hddsDatanode at: http://0.0.0.0:0
2021-10-05 01:13:56,038 [Listener at 127.0.0.1/10888] INFO  http.BaseHttpServer (BaseHttpServer.java:<init>(107)) - Hadoop Security Enabled: false Ozone Security Enabled: false Ozone HTTP Security Enabled: false 
2021-10-05 01:13:56,044 [Listener at 127.0.0.1/10888] INFO  server.AuthenticationFilter (AuthenticationFilter.java:constructSecretProvider(240)) - Unable to initialize FileSignerSecretProvider, falling back to use random secrets.
2021-10-05 01:13:56,045 [Listener at 127.0.0.1/10888] WARN  http.HttpRequestLog (HttpRequestLog.java:getRequestLog(103)) - Jetty request log can only be enabled using Log4j
2021-10-05 01:13:56,046 [Listener at 127.0.0.1/10888] INFO  http.HttpServer2 (HttpServer2.java:addGlobalFilter(1030)) - Added global filter 'safety' (class=org.apache.hadoop.hdds.server.http.HttpServer2$QuotingInputFilter)
2021-10-05 01:13:56,047 [Listener at 127.0.0.1/10888] INFO  http.HttpServer2 (HttpServer2.java:addFilter(1006)) - Added filter static_user_filter (class=org.apache.hadoop.http.lib.StaticUserWebFilter$StaticUserFilter) to context hddsDatanode
2021-10-05 01:13:56,047 [Listener at 127.0.0.1/10888] INFO  http.HttpServer2 (HttpServer2.java:addFilter(1014)) - Added filter static_user_filter (class=org.apache.hadoop.http.lib.StaticUserWebFilter$StaticUserFilter) to context static
2021-10-05 01:13:56,048 [Listener at 127.0.0.1/10888] INFO  http.HttpServer2 (HttpServer2.java:addFilter(1014)) - Added filter static_user_filter (class=org.apache.hadoop.http.lib.StaticUserWebFilter$StaticUserFilter) to context logs
2021-10-05 01:13:56,048 [omNode-1@group-523986131536-LeaderElection1] INFO  server.RaftServerConfigKeys (ConfUtils.java:logGet(44)) - raft.server.write.element-limit = 4096 (default)
2021-10-05 01:13:56,049 [Listener at 127.0.0.1/10888] INFO  http.HttpServer2 (HttpServer2.java:bindListener(1249)) - Jetty bound to port 39045
2021-10-05 01:13:56,049 [Listener at 127.0.0.1/10888] INFO  server.Server (Server.java:doStart(375)) - jetty-9.4.43.v20210629; built: 2021-06-30T11:07:22.254Z; git: 526006ecfa3af7f1a27ef3a288e2bef7ea9dd7e8; jvm 1.8.0_292-b10
2021-10-05 01:13:56,050 [omNode-1@group-523986131536-LeaderElection1] INFO  server.RaftServerConfigKeys (ConfUtils.java:logGet(44)) - raft.server.write.byte-limit = 64MB (=67108864) (default)
2021-10-05 01:13:56,057 [omNode-1@group-523986131536-LeaderElection1] INFO  server.RaftServerConfigKeys (ConfUtils.java:logGet(44)) - raft.server.watch.timeout = 10s (default)
2021-10-05 01:13:56,060 [omNode-1@group-523986131536-LeaderElection1] INFO  server.RaftServerConfigKeys (ConfUtils.java:logGet(44)) - raft.server.watch.timeout.denomination = 1s (default)
2021-10-05 01:13:56,061 [omNode-1@group-523986131536-LeaderElection1] INFO  server.RaftServerConfigKeys (ConfUtils.java:logGet(44)) - raft.server.watch.element-limit = 65536 (default)
2021-10-05 01:13:56,061 [Listener at 127.0.0.1/10888] INFO  server.session (DefaultSessionIdManager.java:doStart(334)) - DefaultSessionIdManager workerName=node0
2021-10-05 01:13:56,062 [Listener at 127.0.0.1/10888] INFO  server.session (DefaultSessionIdManager.java:doStart(339)) - No SessionScavenger set, using defaults
2021-10-05 01:13:56,062 [Listener at 127.0.0.1/10888] INFO  server.session (HouseKeeper.java:startScavenging(132)) - node0 Scavenging every 660000ms
2021-10-05 01:13:56,063 [Listener at 127.0.0.1/10888] INFO  handler.ContextHandler (ContextHandler.java:doStart(915)) - Started o.e.j.s.ServletContextHandler@54ba8e11{logs,/logs,file:///home/runner/work/ozone/ozone/hadoop-ozone/integration-test/target/log,AVAILABLE}
2021-10-05 01:13:56,063 [Listener at 127.0.0.1/10888] INFO  handler.ContextHandler (ContextHandler.java:doStart(915)) - Started o.e.j.s.ServletContextHandler@4b8d9b97{static,/static,jar:file:/home/runner/.m2/repository/org/apache/ozone/hdds-container-service/1.2.0-SNAPSHOT/hdds-container-service-1.2.0-SNAPSHOT.jar!/webapps/static,AVAILABLE}
2021-10-05 01:13:56,073 [omNode-1@group-523986131536-LeaderElection1] INFO  server.RaftServerConfigKeys (ConfUtils.java:logGet(44)) - raft.server.log.appender.snapshot.chunk.size.max = 16MB (=16777216) (default)
2021-10-05 01:13:56,075 [omNode-1@group-523986131536-LeaderElection1] INFO  server.RaftServerConfigKeys (ConfUtils.java:logGet(44)) - raft.server.log.appender.buffer.byte-limit = 33554432 (custom)
2021-10-05 01:13:56,075 [omNode-1@group-523986131536-LeaderElection1] INFO  server.RaftServerConfigKeys (ConfUtils.java:logGet(44)) - raft.server.log.appender.buffer.element-limit = 1024 (custom)
2021-10-05 01:13:56,079 [omNode-1@group-523986131536-LeaderElection1] INFO  grpc.GrpcConfigKeys (ConfUtils.java:logGet(44)) - raft.grpc.server.leader.outstanding.appends.max = 128 (default)
2021-10-05 01:13:56,080 [omNode-1@group-523986131536-LeaderElection1] INFO  server.RaftServerConfigKeys (ConfUtils.java:logGet(44)) - raft.server.rpc.request.timeout = 3000ms (default)
2021-10-05 01:13:56,080 [omNode-1@group-523986131536-LeaderElection1] INFO  server.RaftServerConfigKeys (ConfUtils.java:logGet(44)) - raft.server.log.appender.install.snapshot.enabled = false (custom)
2021-10-05 01:13:56,098 [omNode-1@group-523986131536-LeaderElection1] INFO  server.RaftServerConfigKeys (ConfUtils.java:logGet(44)) - raft.server.log.appender.snapshot.chunk.size.max = 16MB (=16777216) (default)
2021-10-05 01:13:56,098 [omNode-1@group-523986131536-LeaderElection1] INFO  server.RaftServerConfigKeys (ConfUtils.java:logGet(44)) - raft.server.log.appender.buffer.byte-limit = 33554432 (custom)
2021-10-05 01:13:56,098 [omNode-1@group-523986131536-LeaderElection1] INFO  server.RaftServerConfigKeys (ConfUtils.java:logGet(44)) - raft.server.log.appender.buffer.element-limit = 1024 (custom)
2021-10-05 01:13:56,098 [omNode-1@group-523986131536-LeaderElection1] INFO  grpc.GrpcConfigKeys (ConfUtils.java:logGet(44)) - raft.grpc.server.leader.outstanding.appends.max = 128 (default)
2021-10-05 01:13:56,098 [omNode-1@group-523986131536-LeaderElection1] INFO  server.RaftServerConfigKeys (ConfUtils.java:logGet(44)) - raft.server.rpc.request.timeout = 3000ms (default)
2021-10-05 01:13:56,098 [omNode-1@group-523986131536-LeaderElection1] INFO  server.RaftServerConfigKeys (ConfUtils.java:logGet(44)) - raft.server.log.appender.install.snapshot.enabled = false (custom)
2021-10-05 01:13:56,102 [omNode-1@group-523986131536-LeaderElection1] INFO  impl.RoleInfo (RoleInfo.java:updateAndGet(130)) - omNode-1: start omNode-1@group-523986131536-LeaderStateImpl
2021-10-05 01:13:56,133 [omNode-1@group-523986131536-LeaderElection1] INFO  segmented.SegmentedRaftLogWorker (SegmentedRaftLogWorker.java:startLogSegment(394)) - omNode-1@group-523986131536-SegmentedRaftLogWorker: Starting segment from index:0
2021-10-05 01:13:56,164 [Listener at 127.0.0.1/10888] INFO  handler.ContextHandler (ContextHandler.java:doStart(915)) - Started o.e.j.w.WebAppContext@48b4fecb{hddsDatanode,/,file:///tmp/jetty-0_0_0_0-39045-hdds-container-service-1_2_0-SNAPSHOT_jar-_-any-4627255335293947884/webapp/,AVAILABLE}{jar:file:/home/runner/.m2/repository/org/apache/ozone/hdds-container-service/1.2.0-SNAPSHOT/hdds-container-service-1.2.0-SNAPSHOT.jar!/webapps/hddsDatanode}
2021-10-05 01:13:56,170 [Listener at 127.0.0.1/10888] INFO  server.AbstractConnector (AbstractConnector.java:doStart(331)) - Started ServerConnector@47a0e73{HTTP/1.1, (http/1.1)}{0.0.0.0:39045}
2021-10-05 01:13:56,171 [Listener at 127.0.0.1/10888] INFO  server.Server (Server.java:doStart(415)) - Started @9548ms
2021-10-05 01:13:56,171 [Listener at 127.0.0.1/10888] WARN  impl.MetricsSystemImpl (MetricsSystemImpl.java:register(279)) - Sink prometheus already exists!
2021-10-05 01:13:56,172 [Listener at 127.0.0.1/10888] INFO  http.BaseHttpServer (BaseHttpServer.java:updateConnectorAddress(329)) - HTTP server of hddsDatanode listening at http://0.0.0.0:39045
2021-10-05 01:13:56,177 [Listener at 127.0.0.1/10888] WARN  impl.MetricRegistriesImpl (MetricRegistriesImpl.java:addReporterRegistration(111)) - New reporters are added after registries were created. Some metrics will be missing from the reporter. Please add reporter before adding any new registry.
2021-10-05 01:13:56,177 [Listener at 127.0.0.1/10888] WARN  impl.MetricRegistriesImpl (MetricRegistriesImpl.java:addReporterRegistration(111)) - New reporters are added after registries were created. Some metrics will be missing from the reporter. Please add reporter before adding any new registry.
2021-10-05 01:13:56,177 [Listener at 127.0.0.1/10888] INFO  impl.MetricsSystemImpl (MetricsSystemImpl.java:init(158)) - HddsDatanode metrics system started (again)
2021-10-05 01:13:56,188 [Datanode State Machine Thread - 0] INFO  statemachine.DatanodeStateMachine (DatanodeStateMachine.java:lambda$startDaemon$0(456)) - Ozone container server started.
2021-10-05 01:13:56,211 [omNode-1@group-523986131536-LeaderElection1] INFO  server.RaftServer$Division (ServerState.java:setRaftConf(387)) - omNode-1@group-523986131536: set configuration 0: [omNode-3|rpc:localhost:10892|admin:|client:|dataStream:|priority:0, omNode-1|rpc:localhost:10880|admin:|client:|dataStream:|priority:0, omNode-2|rpc:localhost:10886|admin:|client:|dataStream:|priority:0], old=null
2021-10-05 01:13:56,225 [Listener at 127.0.0.1/10888] INFO  ozone.HddsDatanodeService (HddsDatanodeService.java:start(234)) - HddsDatanodeService host:fv-az50-768.grzltbmokehuzjyc5b133kdqgh.cx.internal.cloudapp.net ip:10.1.0.6
2021-10-05 01:13:56,275 [grpc-default-executor-1] INFO  server.RaftServer$Division (ServerState.java:setLeader(285)) - omNode-2@group-523986131536: change Leader from null to omNode-1 at term 2 for appendEntries, leader elected after 2266ms
2021-10-05 01:13:56,279 [Listener at 127.0.0.1/10888] INFO  upgrade.AbstractLayoutVersionManager (AbstractLayoutVersionManager.java:init(79)) - Initializing Layout version manager with metadata layout = SCM_HA (version = 2), software layout = SCM_HA (version = 2)
2021-10-05 01:13:56,285 [org.apache.hadoop.util.JvmPauseMonitor$Monitor@37fba8cf] INFO  util.JvmPauseMonitor (JvmPauseMonitor.java:run(188)) - Starting JVM pause monitor
2021-10-05 01:13:56,333 [grpc-default-executor-1] INFO  server.RaftServer$Division (ServerState.java:setLeader(285)) - omNode-3@group-523986131536: change Leader from null to omNode-1 at term 2 for appendEntries, leader elected after 2000ms
2021-10-05 01:13:56,339 [grpc-default-executor-1] INFO  server.RaftServer$Division (ServerState.java:setRaftConf(387)) - omNode-3@group-523986131536: set configuration 0: [omNode-3|rpc:localhost:10892|admin:|client:|dataStream:|priority:0, omNode-1|rpc:localhost:10880|admin:|client:|dataStream:|priority:0, omNode-2|rpc:localhost:10886|admin:|client:|dataStream:|priority:0], old=null
2021-10-05 01:13:56,339 [grpc-default-executor-1] INFO  segmented.SegmentedRaftLogWorker (SegmentedRaftLogWorker.java:startLogSegment(394)) - omNode-3@group-523986131536-SegmentedRaftLogWorker: Starting segment from index:0
2021-10-05 01:13:56,345 [grpc-default-executor-2] INFO  server.RaftServer$Division (ServerState.java:setRaftConf(387)) - omNode-2@group-523986131536: set configuration 0: [omNode-3|rpc:localhost:10892|admin:|client:|dataStream:|priority:0, omNode-1|rpc:localhost:10880|admin:|client:|dataStream:|priority:0, omNode-2|rpc:localhost:10886|admin:|client:|dataStream:|priority:0], old=null
2021-10-05 01:13:56,345 [grpc-default-executor-2] INFO  segmented.SegmentedRaftLogWorker (SegmentedRaftLogWorker.java:startLogSegment(394)) - omNode-2@group-523986131536-SegmentedRaftLogWorker: Starting segment from index:0
2021-10-05 01:13:56,363 [Datanode State Machine Task Thread - 0] INFO  datanode.InitDatanodeState (InitDatanodeState.java:persistContainerDatanodeDetails(145)) - DatanodeDetails is persisted to /home/runner/work/ozone/ozone/hadoop-ozone/integration-test/target/test-dir/MiniOzoneClusterImpl-46302e84-7680-4986-b584-895fe31d4053/datanode-1/meta/datanode.id
2021-10-05 01:13:56,410 [Listener at 127.0.0.1/10888] INFO  reflections.Reflections (Reflections.java:scan(232)) - Reflections took 130 ms to scan 7 urls, producing 119 keys and 275 values 
2021-10-05 01:13:56,416 [Listener at 127.0.0.1/10888] INFO  volume.HddsVolume (HddsVolume.java:<init>(120)) - Creating HddsVolume: /home/runner/work/ozone/ozone/hadoop-ozone/integration-test/target/test-dir/MiniOzoneClusterImpl-46302e84-7680-4986-b584-895fe31d4053/datanode-2/data-0/containers/hdds of storage type : DISK capacity : 9223372036854775807
2021-10-05 01:13:56,416 [Listener at 127.0.0.1/10888] INFO  volume.MutableVolumeSet (MutableVolumeSet.java:initializeVolumeSet(168)) - Added Volume : /home/runner/work/ozone/ozone/hadoop-ozone/integration-test/target/test-dir/MiniOzoneClusterImpl-46302e84-7680-4986-b584-895fe31d4053/datanode-2/data-0/containers/hdds to VolumeSet
2021-10-05 01:13:56,416 [Listener at 127.0.0.1/10888] INFO  volume.ThrottledAsyncChecker (ThrottledAsyncChecker.java:schedule(141)) - Scheduling a check for /home/runner/work/ozone/ozone/hadoop-ozone/integration-test/target/test-dir/MiniOzoneClusterImpl-46302e84-7680-4986-b584-895fe31d4053/datanode-2/data-0/containers/hdds
2021-10-05 01:13:56,417 [Listener at 127.0.0.1/10888] INFO  volume.StorageVolumeChecker (StorageVolumeChecker.java:checkAllVolumes(202)) - Scheduled health check for volume /home/runner/work/ozone/ozone/hadoop-ozone/integration-test/target/test-dir/MiniOzoneClusterImpl-46302e84-7680-4986-b584-895fe31d4053/datanode-2/data-0/containers/hdds
2021-10-05 01:13:56,427 [omNode-2@group-523986131536-SegmentedRaftLogWorker] INFO  segmented.SegmentedRaftLogWorker (SegmentedRaftLogWorker.java:execute(601)) - omNode-2@group-523986131536-SegmentedRaftLogWorker: created new log segment /home/runner/work/ozone/ozone/hadoop-ozone/integration-test/target/test-dir/MiniOzoneClusterImpl-46302e84-7680-4986-b584-895fe31d4053/omNode-2/ratis/c9bc4cf4-3bc3-3c60-a66b-523986131536/current/log_inprogress_0
2021-10-05 01:13:56,427 [omNode-3@group-523986131536-SegmentedRaftLogWorker] INFO  segmented.SegmentedRaftLogWorker (SegmentedRaftLogWorker.java:execute(601)) - omNode-3@group-523986131536-SegmentedRaftLogWorker: created new log segment /home/runner/work/ozone/ozone/hadoop-ozone/integration-test/target/test-dir/MiniOzoneClusterImpl-46302e84-7680-4986-b584-895fe31d4053/omNode-3/ratis/c9bc4cf4-3bc3-3c60-a66b-523986131536/current/log_inprogress_0
2021-10-05 01:13:56,427 [omNode-1@group-523986131536-SegmentedRaftLogWorker] INFO  segmented.SegmentedRaftLogWorker (SegmentedRaftLogWorker.java:execute(601)) - omNode-1@group-523986131536-SegmentedRaftLogWorker: created new log segment /home/runner/work/ozone/ozone/hadoop-ozone/integration-test/target/test-dir/MiniOzoneClusterImpl-46302e84-7680-4986-b584-895fe31d4053/omNode-1/ratis/c9bc4cf4-3bc3-3c60-a66b-523986131536/current/log_inprogress_0
2021-10-05 01:13:56,474 [Listener at 127.0.0.1/10888] INFO  volume.MutableVolumeSet (MutableVolumeSet.java:initializeVolumeSet(168)) - Added Volume : /home/runner/work/ozone/ozone/hadoop-ozone/integration-test/target/test-dir/MiniOzoneClusterImpl-46302e84-7680-4986-b584-895fe31d4053/datanode-2/data/ratis to VolumeSet
2021-10-05 01:13:56,474 [Listener at 127.0.0.1/10888] INFO  volume.ThrottledAsyncChecker (ThrottledAsyncChecker.java:schedule(141)) - Scheduling a check for /home/runner/work/ozone/ozone/hadoop-ozone/integration-test/target/test-dir/MiniOzoneClusterImpl-46302e84-7680-4986-b584-895fe31d4053/datanode-2/data/ratis
2021-10-05 01:13:56,475 [Listener at 127.0.0.1/10888] INFO  volume.StorageVolumeChecker (StorageVolumeChecker.java:checkAllVolumes(202)) - Scheduled health check for volume /home/runner/work/ozone/ozone/hadoop-ozone/integration-test/target/test-dir/MiniOzoneClusterImpl-46302e84-7680-4986-b584-895fe31d4053/datanode-2/data/ratis
2021-10-05 01:13:56,517 [Thread-262] INFO  ozoneimpl.ContainerReader (ContainerReader.java:readVolume(172)) - Finish verifying containers on volume /home/runner/work/ozone/ozone/hadoop-ozone/integration-test/target/test-dir/MiniOzoneClusterImpl-46302e84-7680-4986-b584-895fe31d4053/datanode-2/data-0/containers/hdds
2021-10-05 01:13:56,517 [Listener at 127.0.0.1/10888] INFO  ozoneimpl.OzoneContainer (OzoneContainer.java:buildContainerSet(236)) - Build ContainerSet costs 0s
2021-10-05 01:13:56,521 [Listener at 127.0.0.1/10888] INFO  server.RaftServer (ConfUtils.java:logGet(44)) - raft.rpc.type = GRPC (default)
2021-10-05 01:13:56,521 [Listener at 127.0.0.1/10888] INFO  grpc.GrpcFactory (GrpcFactory.java:checkPooledByteBufAllocatorUseCacheForAllThreads(48)) - PERFORMANCE WARNING: useCacheForAllThreads is true that may cause Netty to create a lot garbage objects and, as a result, trigger GC.
	It is recommended to disable useCacheForAllThreads by setting -Dorg.apache.ratis.thirdparty.io.netty.allocator.useCacheForAllThreads=false in command line.
2021-10-05 01:13:56,522 [Listener at 127.0.0.1/10888] INFO  grpc.GrpcConfigKeys (ConfUtils.java:logGet(44)) - raft.grpc.admin.port = 0 (custom)
2021-10-05 01:13:56,522 [Listener at 127.0.0.1/10888] INFO  grpc.GrpcConfigKeys (ConfUtils.java:logGet(44)) - raft.grpc.client.port = 0 (custom)
2021-10-05 01:13:56,522 [Listener at 127.0.0.1/10888] INFO  grpc.GrpcConfigKeys (ConfUtils.java:logGet(44)) - raft.grpc.server.port = 0 (default)
2021-10-05 01:13:56,522 [Listener at 127.0.0.1/10888] INFO  server.GrpcService (ConfUtils.java:logGet(44)) - raft.grpc.message.size.max = 32MB (=33554432) (custom)
2021-10-05 01:13:56,523 [Listener at 127.0.0.1/10888] INFO  server.RaftServerConfigKeys (ConfUtils.java:logGet(44)) - raft.server.log.appender.buffer.byte-limit = 33554432 (custom)
2021-10-05 01:13:56,523 [Listener at 127.0.0.1/10888] INFO  server.GrpcService (ConfUtils.java:logGet(44)) - raft.grpc.flow.control.window = 5MB (=5242880) (custom)
2021-10-05 01:13:56,523 [Listener at 127.0.0.1/10888] INFO  server.RaftServerConfigKeys (ConfUtils.java:logGet(44)) - raft.server.rpc.request.timeout = 60s (custom)
2021-10-05 01:13:56,524 [Listener at 127.0.0.1/10888] INFO  impl.DataStreamServerImpl (ConfUtils.java:logGet(44)) - raft.datastream.type = DISABLED (default)
2021-10-05 01:13:56,527 [Listener at 127.0.0.1/10888] INFO  server.RaftServerConfigKeys (ConfUtils.java:logGet(44)) - raft.server.rpc.slowness.timeout = 300s (custom)
2021-10-05 01:13:56,527 [Listener at 127.0.0.1/10888] INFO  server.RaftServerConfigKeys (ConfUtils.java:logGet(44)) - raft.server.leaderelection.leader.step-down.wait-time = 10s (default)
2021-10-05 01:13:56,527 [Listener at 127.0.0.1/10888] INFO  server.RaftServerConfigKeys (ConfUtils.java:logGet(44)) - raft.server.storage.dir = [/home/runner/work/ozone/ozone/hadoop-ozone/integration-test/target/test-dir/MiniOzoneClusterImpl-46302e84-7680-4986-b584-895fe31d4053/datanode-2/data/ratis] (custom)
2021-10-05 01:13:56,538 [Listener at 127.0.0.1/10888] INFO  http.BaseHttpServer (BaseHttpServer.java:newHttpServer2BuilderForOzone(209)) - Starting Web-server for hddsDatanode at: http://0.0.0.0:0
2021-10-05 01:13:56,538 [Listener at 127.0.0.1/10888] INFO  http.BaseHttpServer (BaseHttpServer.java:<init>(107)) - Hadoop Security Enabled: false Ozone Security Enabled: false Ozone HTTP Security Enabled: false 
2021-10-05 01:13:56,540 [Listener at 127.0.0.1/10888] INFO  server.AuthenticationFilter (AuthenticationFilter.java:constructSecretProvider(240)) - Unable to initialize FileSignerSecretProvider, falling back to use random secrets.
2021-10-05 01:13:56,548 [Listener at 127.0.0.1/10888] WARN  http.HttpRequestLog (HttpRequestLog.java:getRequestLog(103)) - Jetty request log can only be enabled using Log4j
2021-10-05 01:13:56,549 [Listener at 127.0.0.1/10888] INFO  http.HttpServer2 (HttpServer2.java:addGlobalFilter(1030)) - Added global filter 'safety' (class=org.apache.hadoop.hdds.server.http.HttpServer2$QuotingInputFilter)
2021-10-05 01:13:56,550 [Listener at 127.0.0.1/10888] INFO  http.HttpServer2 (HttpServer2.java:addFilter(1006)) - Added filter static_user_filter (class=org.apache.hadoop.http.lib.StaticUserWebFilter$StaticUserFilter) to context hddsDatanode
2021-10-05 01:13:56,550 [Listener at 127.0.0.1/10888] INFO  http.HttpServer2 (HttpServer2.java:addFilter(1014)) - Added filter static_user_filter (class=org.apache.hadoop.http.lib.StaticUserWebFilter$StaticUserFilter) to context logs
2021-10-05 01:13:56,550 [Listener at 127.0.0.1/10888] INFO  http.HttpServer2 (HttpServer2.java:addFilter(1014)) - Added filter static_user_filter (class=org.apache.hadoop.http.lib.StaticUserWebFilter$StaticUserFilter) to context static
2021-10-05 01:13:56,551 [Listener at 127.0.0.1/10888] INFO  http.HttpServer2 (HttpServer2.java:bindListener(1249)) - Jetty bound to port 33815
2021-10-05 01:13:56,551 [Listener at 127.0.0.1/10888] INFO  server.Server (Server.java:doStart(375)) - jetty-9.4.43.v20210629; built: 2021-06-30T11:07:22.254Z; git: 526006ecfa3af7f1a27ef3a288e2bef7ea9dd7e8; jvm 1.8.0_292-b10
2021-10-05 01:13:56,584 [Listener at 127.0.0.1/10888] INFO  server.session (DefaultSessionIdManager.java:doStart(334)) - DefaultSessionIdManager workerName=node0
2021-10-05 01:13:56,584 [Listener at 127.0.0.1/10888] INFO  server.session (DefaultSessionIdManager.java:doStart(339)) - No SessionScavenger set, using defaults
2021-10-05 01:13:56,584 [Listener at 127.0.0.1/10888] INFO  server.session (HouseKeeper.java:startScavenging(132)) - node0 Scavenging every 660000ms
2021-10-05 01:13:56,617 [Listener at 127.0.0.1/10888] INFO  handler.ContextHandler (ContextHandler.java:doStart(915)) - Started o.e.j.s.ServletContextHandler@3325afbc{logs,/logs,file:///home/runner/work/ozone/ozone/hadoop-ozone/integration-test/target/log,AVAILABLE}
2021-10-05 01:13:56,617 [Listener at 127.0.0.1/10888] INFO  handler.ContextHandler (ContextHandler.java:doStart(915)) - Started o.e.j.s.ServletContextHandler@544b0bd2{static,/static,jar:file:/home/runner/.m2/repository/org/apache/ozone/hdds-container-service/1.2.0-SNAPSHOT/hdds-container-service-1.2.0-SNAPSHOT.jar!/webapps/static,AVAILABLE}
2021-10-05 01:13:56,615 [omNode-1@group-523986131536-StateMachineUpdater] INFO  ratis.OzoneManagerStateMachine (OzoneManagerStateMachine.java:notifyConfigurationChanged(188)) - Received Configuration change notification from Ratis. New Peer list:
[id: "omNode-3"
address: "localhost:10892"
, id: "omNode-1"
address: "localhost:10880"
, id: "omNode-2"
address: "localhost:10886"
]
2021-10-05 01:13:56,682 [Listener at 127.0.0.1/10888] INFO  handler.ContextHandler (ContextHandler.java:doStart(915)) - Started o.e.j.w.WebAppContext@a22be4c{hddsDatanode,/,file:///tmp/jetty-0_0_0_0-33815-hdds-container-service-1_2_0-SNAPSHOT_jar-_-any-2891534176818722010/webapp/,AVAILABLE}{jar:file:/home/runner/.m2/repository/org/apache/ozone/hdds-container-service/1.2.0-SNAPSHOT/hdds-container-service-1.2.0-SNAPSHOT.jar!/webapps/hddsDatanode}
2021-10-05 01:13:56,684 [Listener at 127.0.0.1/10888] INFO  server.AbstractConnector (AbstractConnector.java:doStart(331)) - Started ServerConnector@4aa4a3e5{HTTP/1.1, (http/1.1)}{0.0.0.0:33815}
2021-10-05 01:13:56,684 [Listener at 127.0.0.1/10888] INFO  server.Server (Server.java:doStart(415)) - Started @10062ms
2021-10-05 01:13:56,684 [Listener at 127.0.0.1/10888] WARN  impl.MetricsSystemImpl (MetricsSystemImpl.java:register(279)) - Sink prometheus already exists!
2021-10-05 01:13:56,686 [Listener at 127.0.0.1/10888] INFO  http.BaseHttpServer (BaseHttpServer.java:updateConnectorAddress(329)) - HTTP server of hddsDatanode listening at http://0.0.0.0:33815
2021-10-05 01:13:56,688 [Listener at 127.0.0.1/10888] INFO  ozone.MiniOzoneClusterImpl (MiniOzoneClusterImpl.java:lambda$waitForClusterToBeReady$0(235)) - Waiting for nodes to be ready. Got 0 of 3 DN Heartbeats.
2021-10-05 01:13:56,688 [Listener at 127.0.0.1/10888] INFO  ozone.MiniOzoneClusterImpl (MiniOzoneClusterImpl.java:lambda$waitForClusterToBeReady$0(238)) - Waiting for cluster to exit safe mode
2021-10-05 01:13:56,689 [Listener at 127.0.0.1/10888] INFO  ozone.MiniOzoneClusterImpl (MiniOzoneClusterImpl.java:lambda$waitForClusterToBeReady$0(240)) - SCM became leader
2021-10-05 01:13:56,689 [Datanode State Machine Thread - 0] INFO  statemachine.DatanodeStateMachine (DatanodeStateMachine.java:lambda$startDaemon$0(456)) - Ozone container server started.
2021-10-05 01:13:56,701 [org.apache.hadoop.util.JvmPauseMonitor$Monitor@7ea9a29a] INFO  util.JvmPauseMonitor (JvmPauseMonitor.java:run(188)) - Starting JVM pause monitor
2021-10-05 01:13:56,709 [Datanode State Machine Task Thread - 0] INFO  datanode.InitDatanodeState (InitDatanodeState.java:persistContainerDatanodeDetails(145)) - DatanodeDetails is persisted to /home/runner/work/ozone/ozone/hadoop-ozone/integration-test/target/test-dir/MiniOzoneClusterImpl-46302e84-7680-4986-b584-895fe31d4053/datanode-2/meta/datanode.id
2021-10-05 01:13:56,969 [omNode-2@group-523986131536-StateMachineUpdater] INFO  ratis.OzoneManagerStateMachine (OzoneManagerStateMachine.java:notifyConfigurationChanged(188)) - Received Configuration change notification from Ratis. New Peer list:
[id: "omNode-3"
address: "localhost:10892"
, id: "omNode-1"
address: "localhost:10880"
, id: "omNode-2"
address: "localhost:10886"
]
2021-10-05 01:13:56,969 [omNode-3@group-523986131536-StateMachineUpdater] INFO  ratis.OzoneManagerStateMachine (OzoneManagerStateMachine.java:notifyConfigurationChanged(188)) - Received Configuration change notification from Ratis. New Peer list:
[id: "omNode-3"
address: "localhost:10892"
, id: "omNode-1"
address: "localhost:10880"
, id: "omNode-2"
address: "localhost:10886"
]
2021-10-05 01:13:57,689 [Listener at 127.0.0.1/10888] INFO  ozone.MiniOzoneClusterImpl (MiniOzoneClusterImpl.java:lambda$waitForClusterToBeReady$0(235)) - Waiting for nodes to be ready. Got 0 of 3 DN Heartbeats.
2021-10-05 01:13:57,689 [Listener at 127.0.0.1/10888] INFO  ozone.MiniOzoneClusterImpl (MiniOzoneClusterImpl.java:lambda$waitForClusterToBeReady$0(238)) - Waiting for cluster to exit safe mode
2021-10-05 01:13:57,689 [Listener at 127.0.0.1/10888] INFO  ozone.MiniOzoneClusterImpl (MiniOzoneClusterImpl.java:lambda$waitForClusterToBeReady$0(240)) - SCM became leader
2021-10-05 01:13:57,699 [EndpointStateMachine task thread for /0.0.0.0:36843 - 0 ] INFO  ozoneimpl.OzoneContainer (OzoneContainer.java:start(304)) - Attempting to start container services.
2021-10-05 01:13:57,701 [EndpointStateMachine task thread for /0.0.0.0:36843 - 0 ] INFO  ozoneimpl.OzoneContainer (OzoneContainer.java:startContainerScrub(249)) - Background container scanner has been disabled.
2021-10-05 01:13:57,703 [EndpointStateMachine task thread for /0.0.0.0:36843 - 0 ] INFO  replication.ReplicationServer (ReplicationServer.java:start(107)) - ReplicationServer is started using port 34519
2021-10-05 01:13:57,707 [EndpointStateMachine task thread for /0.0.0.0:36843 - 0 ] INFO  ratis.XceiverServerRatis (XceiverServerRatis.java:start(482)) - Starting XceiverServerRatis 6de22b22-6082-49e7-8661-d6f8f49a6695
2021-10-05 01:13:57,709 [EndpointStateMachine task thread for /0.0.0.0:36843 - 0 ] INFO  server.RaftServer (RaftServerProxy.java:lambda$start$5(374)) - 6de22b22-6082-49e7-8661-d6f8f49a6695: start RPC server
2021-10-05 01:13:57,710 [EndpointStateMachine task thread for /0.0.0.0:36843 - 0 ] INFO  server.GrpcService (GrpcService.java:startImpl(253)) - 6de22b22-6082-49e7-8661-d6f8f49a6695: GrpcService started, listening on 36697
2021-10-05 01:13:57,713 [EndpointStateMachine task thread for /0.0.0.0:36843 - 0 ] INFO  ratis.XceiverServerRatis (XceiverServerRatis.java:getRealPort(503)) - XceiverServerRatis 6de22b22-6082-49e7-8661-d6f8f49a6695 is started using port 36697 for RATIS
2021-10-05 01:13:57,714 [EndpointStateMachine task thread for /0.0.0.0:36843 - 0 ] INFO  ratis.XceiverServerRatis (XceiverServerRatis.java:getRealPort(503)) - XceiverServerRatis 6de22b22-6082-49e7-8661-d6f8f49a6695 is started using port 36697 for RATIS_ADMIN
2021-10-05 01:13:57,713 [org.apache.ratis.util.JvmPauseMonitor$$Lambda$523/848064357@6d189834] INFO  util.JvmPauseMonitor (JvmPauseMonitor.java:run(103)) - JvmPauseMonitor-6de22b22-6082-49e7-8661-d6f8f49a6695: Started
2021-10-05 01:13:57,714 [EndpointStateMachine task thread for /0.0.0.0:36843 - 0 ] INFO  ratis.XceiverServerRatis (XceiverServerRatis.java:getRealPort(503)) - XceiverServerRatis 6de22b22-6082-49e7-8661-d6f8f49a6695 is started using port 36697 for RATIS_SERVER
2021-10-05 01:13:57,717 [EndpointStateMachine task thread for /0.0.0.0:36843 - 0 ] INFO  server.XceiverServerGrpc (XceiverServerGrpc.java:start(135)) - XceiverServerGrpc 6de22b22-6082-49e7-8661-d6f8f49a6695 is started using port 33317
2021-10-05 01:13:58,283 [EndpointStateMachine task thread for /0.0.0.0:36843 - 0 ] INFO  ozoneimpl.OzoneContainer (OzoneContainer.java:start(304)) - Attempting to start container services.
2021-10-05 01:13:58,284 [EndpointStateMachine task thread for /0.0.0.0:36843 - 0 ] INFO  ozoneimpl.OzoneContainer (OzoneContainer.java:startContainerScrub(249)) - Background container scanner has been disabled.
2021-10-05 01:13:58,288 [EndpointStateMachine task thread for /0.0.0.0:36843 - 0 ] INFO  replication.ReplicationServer (ReplicationServer.java:start(107)) - ReplicationServer is started using port 35169
2021-10-05 01:13:58,288 [EndpointStateMachine task thread for /0.0.0.0:36843 - 0 ] INFO  ratis.XceiverServerRatis (XceiverServerRatis.java:start(482)) - Starting XceiverServerRatis 38c88a23-152d-408a-8499-1f4b43532754
2021-10-05 01:13:58,291 [EndpointStateMachine task thread for /0.0.0.0:36843 - 0 ] INFO  server.RaftServer (RaftServerProxy.java:lambda$start$5(374)) - 38c88a23-152d-408a-8499-1f4b43532754: start RPC server
2021-10-05 01:13:58,298 [EndpointStateMachine task thread for /0.0.0.0:36843 - 0 ] INFO  server.GrpcService (GrpcService.java:startImpl(253)) - 38c88a23-152d-408a-8499-1f4b43532754: GrpcService started, listening on 45217
2021-10-05 01:13:58,301 [EndpointStateMachine task thread for /0.0.0.0:36843 - 0 ] INFO  ratis.XceiverServerRatis (XceiverServerRatis.java:getRealPort(503)) - XceiverServerRatis 38c88a23-152d-408a-8499-1f4b43532754 is started using port 45217 for RATIS
2021-10-05 01:13:58,301 [org.apache.ratis.util.JvmPauseMonitor$$Lambda$523/848064357@64cd2f5f] INFO  util.JvmPauseMonitor (JvmPauseMonitor.java:run(103)) - JvmPauseMonitor-38c88a23-152d-408a-8499-1f4b43532754: Started
2021-10-05 01:13:58,301 [EndpointStateMachine task thread for /0.0.0.0:36843 - 0 ] INFO  ratis.XceiverServerRatis (XceiverServerRatis.java:getRealPort(503)) - XceiverServerRatis 38c88a23-152d-408a-8499-1f4b43532754 is started using port 45217 for RATIS_ADMIN
2021-10-05 01:13:58,301 [EndpointStateMachine task thread for /0.0.0.0:36843 - 0 ] INFO  ratis.XceiverServerRatis (XceiverServerRatis.java:getRealPort(503)) - XceiverServerRatis 38c88a23-152d-408a-8499-1f4b43532754 is started using port 45217 for RATIS_SERVER
2021-10-05 01:13:58,302 [EndpointStateMachine task thread for /0.0.0.0:36843 - 0 ] INFO  server.XceiverServerGrpc (XceiverServerGrpc.java:start(135)) - XceiverServerGrpc 38c88a23-152d-408a-8499-1f4b43532754 is started using port 40747
2021-10-05 01:13:58,690 [Listener at 127.0.0.1/10888] INFO  ozone.MiniOzoneClusterImpl (MiniOzoneClusterImpl.java:lambda$waitForClusterToBeReady$0(235)) - Waiting for nodes to be ready. Got 0 of 3 DN Heartbeats.
2021-10-05 01:13:58,690 [Listener at 127.0.0.1/10888] INFO  ozone.MiniOzoneClusterImpl (MiniOzoneClusterImpl.java:lambda$waitForClusterToBeReady$0(238)) - Waiting for cluster to exit safe mode
2021-10-05 01:13:58,690 [Listener at 127.0.0.1/10888] INFO  ozone.MiniOzoneClusterImpl (MiniOzoneClusterImpl.java:lambda$waitForClusterToBeReady$0(240)) - SCM became leader
2021-10-05 01:13:58,706 [EndpointStateMachine task thread for /0.0.0.0:36843 - 0 ] INFO  ozoneimpl.OzoneContainer (OzoneContainer.java:start(304)) - Attempting to start container services.
2021-10-05 01:13:58,706 [EndpointStateMachine task thread for /0.0.0.0:36843 - 0 ] INFO  ozoneimpl.OzoneContainer (OzoneContainer.java:startContainerScrub(249)) - Background container scanner has been disabled.
2021-10-05 01:13:58,707 [EndpointStateMachine task thread for /0.0.0.0:36843 - 0 ] INFO  replication.ReplicationServer (ReplicationServer.java:start(107)) - ReplicationServer is started using port 46093
2021-10-05 01:13:58,708 [EndpointStateMachine task thread for /0.0.0.0:36843 - 0 ] INFO  ratis.XceiverServerRatis (XceiverServerRatis.java:start(482)) - Starting XceiverServerRatis e7c6af0d-870b-48f5-ab9c-b9888aa7159f
2021-10-05 01:13:58,709 [EndpointStateMachine task thread for /0.0.0.0:36843 - 0 ] INFO  server.RaftServer (RaftServerProxy.java:lambda$start$5(374)) - e7c6af0d-870b-48f5-ab9c-b9888aa7159f: start RPC server
2021-10-05 01:13:58,711 [EndpointStateMachine task thread for /0.0.0.0:36843 - 0 ] INFO  server.GrpcService (GrpcService.java:startImpl(253)) - e7c6af0d-870b-48f5-ab9c-b9888aa7159f: GrpcService started, listening on 42267
2021-10-05 01:13:58,712 [EndpointStateMachine task thread for /0.0.0.0:36843 - 0 ] INFO  ratis.XceiverServerRatis (XceiverServerRatis.java:getRealPort(503)) - XceiverServerRatis e7c6af0d-870b-48f5-ab9c-b9888aa7159f is started using port 42267 for RATIS
2021-10-05 01:13:58,712 [EndpointStateMachine task thread for /0.0.0.0:36843 - 0 ] INFO  ratis.XceiverServerRatis (XceiverServerRatis.java:getRealPort(503)) - XceiverServerRatis e7c6af0d-870b-48f5-ab9c-b9888aa7159f is started using port 42267 for RATIS_ADMIN
2021-10-05 01:13:58,712 [EndpointStateMachine task thread for /0.0.0.0:36843 - 0 ] INFO  ratis.XceiverServerRatis (XceiverServerRatis.java:getRealPort(503)) - XceiverServerRatis e7c6af0d-870b-48f5-ab9c-b9888aa7159f is started using port 42267 for RATIS_SERVER
2021-10-05 01:13:58,713 [EndpointStateMachine task thread for /0.0.0.0:36843 - 0 ] INFO  server.XceiverServerGrpc (XceiverServerGrpc.java:start(135)) - XceiverServerGrpc e7c6af0d-870b-48f5-ab9c-b9888aa7159f is started using port 34803
2021-10-05 01:13:58,717 [org.apache.ratis.util.JvmPauseMonitor$$Lambda$523/848064357@15dfd8c7] INFO  util.JvmPauseMonitor (JvmPauseMonitor.java:run(103)) - JvmPauseMonitor-e7c6af0d-870b-48f5-ab9c-b9888aa7159f: Started
2021-10-05 01:13:59,686 [IPC Server handler 1 on default port 36843] INFO  net.NetworkTopologyImpl (NetworkTopologyImpl.java:add(112)) - Added a new node: /default-rack/6de22b22-6082-49e7-8661-d6f8f49a6695
2021-10-05 01:13:59,688 [IPC Server handler 1 on default port 36843] INFO  node.SCMNodeManager (SCMNodeManager.java:register(389)) - Registered Data node : 6de22b22-6082-49e7-8661-d6f8f49a6695{ip: 10.1.0.6, host: fv-az50-768.grzltbmokehuzjyc5b133kdqgh.cx.internal.cloudapp.net, ports: [REPLICATION=34519, RATIS=36697, RATIS_ADMIN=36697, RATIS_SERVER=36697, STANDALONE=33317], networkLocation: /default-rack, certSerialId: null, persistedOpState: null, persistedOpStateExpiryEpochSec: 0}
2021-10-05 01:13:59,690 [Listener at 127.0.0.1/10888] INFO  ozone.MiniOzoneClusterImpl (MiniOzoneClusterImpl.java:lambda$waitForClusterToBeReady$0(235)) - Waiting for nodes to be ready. Got 1 of 3 DN Heartbeats.
2021-10-05 01:13:59,690 [Listener at 127.0.0.1/10888] INFO  ozone.MiniOzoneClusterImpl (MiniOzoneClusterImpl.java:lambda$waitForClusterToBeReady$0(238)) - Waiting for cluster to exit safe mode
2021-10-05 01:13:59,691 [Listener at 127.0.0.1/10888] INFO  ozone.MiniOzoneClusterImpl (MiniOzoneClusterImpl.java:lambda$waitForClusterToBeReady$0(240)) - SCM became leader
2021-10-05 01:13:59,694 [EventQueue-NewNodeForNewNodeHandler] INFO  pipeline.BackgroundPipelineCreator (BackgroundPipelineCreatorV2.java:notifyEventTriggered(285)) - trigger a one-shot run on RatisPipelineUtilsThread.
2021-10-05 01:13:59,703 [EventQueue-NodeRegistrationContainerReportForContainerSafeModeRule] INFO  safemode.SCMSafeModeManager (SCMSafeModeManager.java:validateSafeModeExitRules(204)) - ContainerSafeModeRule rule is successfully validated
2021-10-05 01:13:59,703 [EventQueue-NodeRegistrationContainerReportForDataNodeSafeModeRule] INFO  safemode.SCMSafeModeManager (DataNodeSafeModeRule.java:process(71)) - SCM in safe mode. 1 DataNodes registered, 3 required.
2021-10-05 01:13:59,703 [EventQueue-PipelineReportForOneReplicaPipelineSafeModeRule] INFO  safemode.SCMSafeModeManager (SCMSafeModeManager.java:validateSafeModeExitRules(204)) - AtleastOneDatanodeReportedRule rule is successfully validated
2021-10-05 01:13:59,706 [RatisPipelineUtilsThread - 0] INFO  pipeline.RatisPipelineProvider (RatisPipelineProvider.java:lambda$create$0(183)) - Sending CreatePipelineCommand for pipeline:PipelineID=4fb63426-8e1f-4f58-b5d8-4280a76a5332 to datanode:6de22b22-6082-49e7-8661-d6f8f49a6695
2021-10-05 01:13:59,714 [RatisPipelineUtilsThread - 0] INFO  pipeline.PipelineStateManagerImpl (PipelineStateManagerImpl.java:addPipeline(101)) - Created pipeline Pipeline[ Id: 4fb63426-8e1f-4f58-b5d8-4280a76a5332, Nodes: 6de22b22-6082-49e7-8661-d6f8f49a6695{ip: 10.1.0.6, host: fv-az50-768.grzltbmokehuzjyc5b133kdqgh.cx.internal.cloudapp.net, ports: [REPLICATION=34519, RATIS=36697, RATIS_ADMIN=36697, RATIS_SERVER=36697, STANDALONE=33317], networkLocation: /default-rack, certSerialId: null, persistedOpState: IN_SERVICE, persistedOpStateExpiryEpochSec: 0}, ReplicationConfig: RATIS/ONE, State:ALLOCATED, leaderId:, CreationTimestamp2021-10-05T01:13:59.703Z[Etc/UTC]].
2021-10-05 01:14:00,281 [IPC Server handler 2 on default port 36843] INFO  net.NetworkTopologyImpl (NetworkTopologyImpl.java:add(112)) - Added a new node: /default-rack/38c88a23-152d-408a-8499-1f4b43532754
2021-10-05 01:14:00,282 [IPC Server handler 2 on default port 36843] INFO  node.SCMNodeManager (SCMNodeManager.java:register(389)) - Registered Data node : 38c88a23-152d-408a-8499-1f4b43532754{ip: 10.1.0.6, host: fv-az50-768.grzltbmokehuzjyc5b133kdqgh.cx.internal.cloudapp.net, ports: [REPLICATION=35169, RATIS=45217, RATIS_ADMIN=45217, RATIS_SERVER=45217, STANDALONE=40747], networkLocation: /default-rack, certSerialId: null, persistedOpState: null, persistedOpStateExpiryEpochSec: 0}
2021-10-05 01:14:00,282 [EventQueue-NewNodeForNewNodeHandler] INFO  pipeline.BackgroundPipelineCreator (BackgroundPipelineCreatorV2.java:notifyEventTriggered(285)) - trigger a one-shot run on RatisPipelineUtilsThread.
2021-10-05 01:14:00,283 [EventQueue-NodeRegistrationContainerReportForDataNodeSafeModeRule] INFO  safemode.SCMSafeModeManager (DataNodeSafeModeRule.java:process(71)) - SCM in safe mode. 2 DataNodes registered, 3 required.
2021-10-05 01:14:00,285 [RatisPipelineUtilsThread - 0] INFO  pipeline.RatisPipelineProvider (RatisPipelineProvider.java:lambda$create$0(183)) - Sending CreatePipelineCommand for pipeline:PipelineID=67e415fd-1505-4b70-9188-b5b6488c01a0 to datanode:38c88a23-152d-408a-8499-1f4b43532754
2021-10-05 01:14:00,286 [RatisPipelineUtilsThread - 0] INFO  pipeline.PipelineStateManagerImpl (PipelineStateManagerImpl.java:addPipeline(101)) - Created pipeline Pipeline[ Id: 67e415fd-1505-4b70-9188-b5b6488c01a0, Nodes: 38c88a23-152d-408a-8499-1f4b43532754{ip: 10.1.0.6, host: fv-az50-768.grzltbmokehuzjyc5b133kdqgh.cx.internal.cloudapp.net, ports: [REPLICATION=35169, RATIS=45217, RATIS_ADMIN=45217, RATIS_SERVER=45217, STANDALONE=40747], networkLocation: /default-rack, certSerialId: null, persistedOpState: IN_SERVICE, persistedOpStateExpiryEpochSec: 0}, ReplicationConfig: RATIS/ONE, State:ALLOCATED, leaderId:, CreationTimestamp2021-10-05T01:14:00.285Z[Etc/UTC]].
2021-10-05 01:14:00,691 [Listener at 127.0.0.1/10888] INFO  ozone.MiniOzoneClusterImpl (MiniOzoneClusterImpl.java:lambda$waitForClusterToBeReady$0(235)) - Waiting for nodes to be ready. Got 2 of 3 DN Heartbeats.
2021-10-05 01:14:00,691 [Listener at 127.0.0.1/10888] INFO  ozone.MiniOzoneClusterImpl (MiniOzoneClusterImpl.java:lambda$waitForClusterToBeReady$0(238)) - Waiting for cluster to exit safe mode
2021-10-05 01:14:00,691 [Listener at 127.0.0.1/10888] INFO  ozone.MiniOzoneClusterImpl (MiniOzoneClusterImpl.java:lambda$waitForClusterToBeReady$0(240)) - SCM became leader
2021-10-05 01:14:00,703 [IPC Server handler 1 on default port 36843] INFO  net.NetworkTopologyImpl (NetworkTopologyImpl.java:add(112)) - Added a new node: /default-rack/e7c6af0d-870b-48f5-ab9c-b9888aa7159f
2021-10-05 01:14:00,704 [IPC Server handler 1 on default port 36843] INFO  node.SCMNodeManager (SCMNodeManager.java:register(389)) - Registered Data node : e7c6af0d-870b-48f5-ab9c-b9888aa7159f{ip: 10.1.0.6, host: fv-az50-768.grzltbmokehuzjyc5b133kdqgh.cx.internal.cloudapp.net, ports: [REPLICATION=46093, RATIS=42267, RATIS_ADMIN=42267, RATIS_SERVER=42267, STANDALONE=34803], networkLocation: /default-rack, certSerialId: null, persistedOpState: null, persistedOpStateExpiryEpochSec: 0}
2021-10-05 01:14:00,705 [EventQueue-NewNodeForNewNodeHandler] INFO  pipeline.BackgroundPipelineCreator (BackgroundPipelineCreatorV2.java:notifyEventTriggered(285)) - trigger a one-shot run on RatisPipelineUtilsThread.
2021-10-05 01:14:00,705 [RatisPipelineUtilsThread - 0] INFO  pipeline.RatisPipelineProvider (RatisPipelineProvider.java:lambda$create$0(183)) - Sending CreatePipelineCommand for pipeline:PipelineID=7a48d5b9-ac14-4c14-bd57-3f211fdea246 to datanode:e7c6af0d-870b-48f5-ab9c-b9888aa7159f
2021-10-05 01:14:00,706 [RatisPipelineUtilsThread - 0] INFO  pipeline.PipelineStateManagerImpl (PipelineStateManagerImpl.java:addPipeline(101)) - Created pipeline Pipeline[ Id: 7a48d5b9-ac14-4c14-bd57-3f211fdea246, Nodes: e7c6af0d-870b-48f5-ab9c-b9888aa7159f{ip: 10.1.0.6, host: fv-az50-768.grzltbmokehuzjyc5b133kdqgh.cx.internal.cloudapp.net, ports: [REPLICATION=46093, RATIS=42267, RATIS_ADMIN=42267, RATIS_SERVER=42267, STANDALONE=34803], networkLocation: /default-rack, certSerialId: null, persistedOpState: IN_SERVICE, persistedOpStateExpiryEpochSec: 0}, ReplicationConfig: RATIS/ONE, State:ALLOCATED, leaderId:, CreationTimestamp2021-10-05T01:14:00.705Z[Etc/UTC]].
2021-10-05 01:14:00,706 [EventQueue-NodeRegistrationContainerReportForDataNodeSafeModeRule] INFO  safemode.SCMSafeModeManager (DataNodeSafeModeRule.java:process(71)) - SCM in safe mode. 3 DataNodes registered, 3 required.
2021-10-05 01:14:00,707 [EventQueue-NodeRegistrationContainerReportForDataNodeSafeModeRule] INFO  safemode.SCMSafeModeManager (SCMSafeModeManager.java:validateSafeModeExitRules(204)) - DataNodeSafeModeRule rule is successfully validated
2021-10-05 01:14:00,707 [EventQueue-NodeRegistrationContainerReportForDataNodeSafeModeRule] INFO  safemode.SCMSafeModeManager (SCMSafeModeManager.java:completePreCheck(233)) - All SCM safe mode pre check rules have passed
2021-10-05 01:14:00,707 [EventQueue-NodeRegistrationContainerReportForDataNodeSafeModeRule] WARN  events.EventQueue (EventQueue.java:fireEvent(194)) - No event handler registered for event TypedEvent{payloadType=SafeModeStatus, name='Safe mode status'}
2021-10-05 01:14:00,707 [EventQueue-NodeRegistrationContainerReportForDataNodeSafeModeRule] INFO  ha.SCMContext (SCMContext.java:updateSafeModeStatus(205)) - Update SafeModeStatus from SafeModeStatus{safeModeStatus=true, preCheckPassed=false} to SafeModeStatus{safeModeStatus=true, preCheckPassed=true}.
2021-10-05 01:14:00,707 [EventQueue-NodeRegistrationContainerReportForDataNodeSafeModeRule] INFO  pipeline.BackgroundPipelineCreator (BackgroundPipelineCreatorV2.java:notifyEventTriggered(285)) - trigger a one-shot run on RatisPipelineUtilsThread.
2021-10-05 01:14:00,710 [RatisPipelineUtilsThread - 0] INFO  pipeline.RatisPipelineProvider (RatisPipelineProvider.java:lambda$create$0(183)) - Sending CreatePipelineCommand for pipeline:PipelineID=915157fe-189e-46ad-8d74-b95e62d2d8bd to datanode:6de22b22-6082-49e7-8661-d6f8f49a6695
2021-10-05 01:14:00,711 [RatisPipelineUtilsThread - 0] INFO  pipeline.RatisPipelineProvider (RatisPipelineProvider.java:lambda$create$0(183)) - Sending CreatePipelineCommand for pipeline:PipelineID=915157fe-189e-46ad-8d74-b95e62d2d8bd to datanode:38c88a23-152d-408a-8499-1f4b43532754
2021-10-05 01:14:00,711 [RatisPipelineUtilsThread - 0] INFO  pipeline.RatisPipelineProvider (RatisPipelineProvider.java:lambda$create$0(183)) - Sending CreatePipelineCommand for pipeline:PipelineID=915157fe-189e-46ad-8d74-b95e62d2d8bd to datanode:e7c6af0d-870b-48f5-ab9c-b9888aa7159f
2021-10-05 01:14:00,712 [RatisPipelineUtilsThread - 0] INFO  pipeline.PipelineStateManagerImpl (PipelineStateManagerImpl.java:addPipeline(101)) - Created pipeline Pipeline[ Id: 915157fe-189e-46ad-8d74-b95e62d2d8bd, Nodes: 6de22b22-6082-49e7-8661-d6f8f49a6695{ip: 10.1.0.6, host: fv-az50-768.grzltbmokehuzjyc5b133kdqgh.cx.internal.cloudapp.net, ports: [REPLICATION=34519, RATIS=36697, RATIS_ADMIN=36697, RATIS_SERVER=36697, STANDALONE=33317], networkLocation: /default-rack, certSerialId: null, persistedOpState: IN_SERVICE, persistedOpStateExpiryEpochSec: 0}38c88a23-152d-408a-8499-1f4b43532754{ip: 10.1.0.6, host: fv-az50-768.grzltbmokehuzjyc5b133kdqgh.cx.internal.cloudapp.net, ports: [REPLICATION=35169, RATIS=45217, RATIS_ADMIN=45217, RATIS_SERVER=45217, STANDALONE=40747], networkLocation: /default-rack, certSerialId: null, persistedOpState: IN_SERVICE, persistedOpStateExpiryEpochSec: 0}e7c6af0d-870b-48f5-ab9c-b9888aa7159f{ip: 10.1.0.6, host: fv-az50-768.grzltbmokehuzjyc5b133kdqgh.cx.internal.cloudapp.net, ports: [REPLICATION=46093, RATIS=42267, RATIS_ADMIN=42267, RATIS_SERVER=42267, STANDALONE=34803], networkLocation: /default-rack, certSerialId: null, persistedOpState: IN_SERVICE, persistedOpStateExpiryEpochSec: 0}, ReplicationConfig: RATIS/THREE, State:ALLOCATED, leaderId:, CreationTimestamp2021-10-05T01:14:00.710Z[Etc/UTC]].
2021-10-05 01:14:00,713 [RatisPipelineUtilsThread - 0] INFO  pipeline.RatisPipelineProvider (RatisPipelineProvider.java:lambda$create$0(183)) - Sending CreatePipelineCommand for pipeline:PipelineID=3516f031-5497-47ae-9e11-217df92f09c4 to datanode:38c88a23-152d-408a-8499-1f4b43532754
2021-10-05 01:14:00,714 [RatisPipelineUtilsThread - 0] INFO  pipeline.RatisPipelineProvider (RatisPipelineProvider.java:lambda$create$0(183)) - Sending CreatePipelineCommand for pipeline:PipelineID=3516f031-5497-47ae-9e11-217df92f09c4 to datanode:6de22b22-6082-49e7-8661-d6f8f49a6695
2021-10-05 01:14:00,715 [RatisPipelineUtilsThread - 0] INFO  pipeline.RatisPipelineProvider (RatisPipelineProvider.java:lambda$create$0(183)) - Sending CreatePipelineCommand for pipeline:PipelineID=3516f031-5497-47ae-9e11-217df92f09c4 to datanode:e7c6af0d-870b-48f5-ab9c-b9888aa7159f
2021-10-05 01:14:00,717 [RatisPipelineUtilsThread - 0] INFO  pipeline.PipelineStateManagerImpl (PipelineStateManagerImpl.java:addPipeline(101)) - Created pipeline Pipeline[ Id: 3516f031-5497-47ae-9e11-217df92f09c4, Nodes: 38c88a23-152d-408a-8499-1f4b43532754{ip: 10.1.0.6, host: fv-az50-768.grzltbmokehuzjyc5b133kdqgh.cx.internal.cloudapp.net, ports: [REPLICATION=35169, RATIS=45217, RATIS_ADMIN=45217, RATIS_SERVER=45217, STANDALONE=40747], networkLocation: /default-rack, certSerialId: null, persistedOpState: IN_SERVICE, persistedOpStateExpiryEpochSec: 0}6de22b22-6082-49e7-8661-d6f8f49a6695{ip: 10.1.0.6, host: fv-az50-768.grzltbmokehuzjyc5b133kdqgh.cx.internal.cloudapp.net, ports: [REPLICATION=34519, RATIS=36697, RATIS_ADMIN=36697, RATIS_SERVER=36697, STANDALONE=33317], networkLocation: /default-rack, certSerialId: null, persistedOpState: IN_SERVICE, persistedOpStateExpiryEpochSec: 0}e7c6af0d-870b-48f5-ab9c-b9888aa7159f{ip: 10.1.0.6, host: fv-az50-768.grzltbmokehuzjyc5b133kdqgh.cx.internal.cloudapp.net, ports: [REPLICATION=46093, RATIS=42267, RATIS_ADMIN=42267, RATIS_SERVER=42267, STANDALONE=34803], networkLocation: /default-rack, certSerialId: null, persistedOpState: IN_SERVICE, persistedOpStateExpiryEpochSec: 0}, ReplicationConfig: RATIS/THREE, State:ALLOCATED, leaderId:, CreationTimestamp2021-10-05T01:14:00.713Z[Etc/UTC]].
2021-10-05 01:14:00,717 [RatisPipelineUtilsThread - 0] INFO  pipeline.PipelineManagerImpl (PipelineManagerImpl.java:recordMetricsForPipeline(613)) - Pipeline: PipelineID=3516f031-5497-47ae-9e11-217df92f09c4 contains same datanodes as previous pipelines: PipelineID=915157fe-189e-46ad-8d74-b95e62d2d8bd nodeIds: 38c88a23-152d-408a-8499-1f4b43532754, 6de22b22-6082-49e7-8661-d6f8f49a6695, e7c6af0d-870b-48f5-ab9c-b9888aa7159f
2021-10-05 01:14:01,692 [Listener at 127.0.0.1/10888] INFO  ozone.MiniOzoneClusterImpl (MiniOzoneClusterImpl.java:lambda$waitForClusterToBeReady$0(235)) - Nodes are ready. Got 3 of 3 DN Heartbeats.
2021-10-05 01:14:01,696 [Listener at 127.0.0.1/10888] INFO  ozone.MiniOzoneClusterImpl (MiniOzoneClusterImpl.java:lambda$waitForClusterToBeReady$0(238)) - Waiting for cluster to exit safe mode
2021-10-05 01:14:01,696 [Listener at 127.0.0.1/10888] INFO  ozone.MiniOzoneClusterImpl (MiniOzoneClusterImpl.java:lambda$waitForClusterToBeReady$0(240)) - SCM became leader
2021-10-05 01:14:02,656 [Command processor thread] INFO  server.RaftServer (RaftServerProxy.java:addNew(95)) - 6de22b22-6082-49e7-8661-d6f8f49a6695: addNew group-4280A76A5332:[6de22b22-6082-49e7-8661-d6f8f49a6695|rpc:10.1.0.6:36697|priority:1] returns group-4280A76A5332:java.util.concurrent.CompletableFuture@6853c24[Not completed]
2021-10-05 01:14:02,665 [pool-97-thread-1] INFO  server.RaftServer$Division (RaftServerImpl.java:<init>(181)) - 6de22b22-6082-49e7-8661-d6f8f49a6695: new RaftServerImpl for group-4280A76A5332:[6de22b22-6082-49e7-8661-d6f8f49a6695|rpc:10.1.0.6:36697|priority:1] with ContainerStateMachine:uninitialized
2021-10-05 01:14:02,665 [pool-97-thread-1] INFO  server.RaftServerConfigKeys (ConfUtils.java:logGet(44)) - raft.server.rpc.timeout.min = 5s (custom)
2021-10-05 01:14:02,666 [pool-97-thread-1] INFO  server.RaftServerConfigKeys (ConfUtils.java:logGet(44)) - raft.server.rpc.timeout.max = 5200ms (custom)
2021-10-05 01:14:02,666 [pool-97-thread-1] INFO  server.RaftServerConfigKeys (ConfUtils.java:logGet(44)) - raft.server.rpc.sleep.time = 25ms (default)
2021-10-05 01:14:02,666 [pool-97-thread-1] INFO  server.RaftServerConfigKeys (ConfUtils.java:logGet(44)) - raft.server.rpc.slowness.timeout = 300s (custom)
2021-10-05 01:14:02,666 [pool-97-thread-1] INFO  server.RaftServerConfigKeys (ConfUtils.java:logGet(44)) - raft.server.leaderelection.leader.step-down.wait-time = 10s (default)
2021-10-05 01:14:02,666 [pool-97-thread-1] INFO  server.RaftServerConfigKeys (ConfUtils.java:logGet(44)) - raft.server.sleep.deviation.threshold = 300ms (default)
2021-10-05 01:14:02,666 [pool-97-thread-1] INFO  server.RaftServerConfigKeys (ConfUtils.java:logGet(44)) - raft.server.log.appender.install.snapshot.enabled = false (custom)
2021-10-05 01:14:02,666 [pool-97-thread-1] INFO  server.RaftServer$Division (ServerState.java:<init>(105)) - 6de22b22-6082-49e7-8661-d6f8f49a6695@group-4280A76A5332: ConfigurationManager, init=-1: [6de22b22-6082-49e7-8661-d6f8f49a6695|rpc:10.1.0.6:36697|priority:1], old=null, confs=<EMPTY_MAP>
2021-10-05 01:14:02,666 [pool-97-thread-1] INFO  server.RaftServerConfigKeys (ConfUtils.java:logGet(44)) - raft.server.storage.dir = [/home/runner/work/ozone/ozone/hadoop-ozone/integration-test/target/test-dir/MiniOzoneClusterImpl-46302e84-7680-4986-b584-895fe31d4053/datanode-0/data/ratis] (custom)
2021-10-05 01:14:02,667 [pool-97-thread-1] INFO  server.RaftServerConfigKeys (ConfUtils.java:logGet(44)) - raft.server.log.corruption.policy = EXCEPTION (default)
2021-10-05 01:14:02,667 [pool-97-thread-1] INFO  server.RaftServerConfigKeys (ConfUtils.java:logGet(44)) - raft.server.storage.free-space.min = 0MB (=0) (default)
2021-10-05 01:14:02,667 [pool-97-thread-1] INFO  storage.RaftStorageDirectory (RaftStorageDirectoryImpl.java:analyzeStorage(135)) - The storage directory /home/runner/work/ozone/ozone/hadoop-ozone/integration-test/target/test-dir/MiniOzoneClusterImpl-46302e84-7680-4986-b584-895fe31d4053/datanode-0/data/ratis/4fb63426-8e1f-4f58-b5d8-4280a76a5332 does not exist. Creating ...
2021-10-05 01:14:02,668 [pool-97-thread-1] INFO  storage.RaftStorageDirectory (RaftStorageDirectoryImpl.java:tryLock(230)) - Lock on /home/runner/work/ozone/ozone/hadoop-ozone/integration-test/target/test-dir/MiniOzoneClusterImpl-46302e84-7680-4986-b584-895fe31d4053/datanode-0/data/ratis/4fb63426-8e1f-4f58-b5d8-4280a76a5332/in_use.lock acquired by nodename 8677@fv-az50-768
2021-10-05 01:14:02,669 [pool-97-thread-1] INFO  storage.RaftStorage (RaftStorageImpl.java:format(89)) - Storage directory /home/runner/work/ozone/ozone/hadoop-ozone/integration-test/target/test-dir/MiniOzoneClusterImpl-46302e84-7680-4986-b584-895fe31d4053/datanode-0/data/ratis/4fb63426-8e1f-4f58-b5d8-4280a76a5332 has been successfully formatted.
2021-10-05 01:14:02,674 [Datanode State Machine Thread - 0] WARN  statemachine.StateContext (StateContext.java:execute(621)) - No available thread in pool for past 1 seconds.
2021-10-05 01:14:02,678 [pool-97-thread-1] INFO  ratis.ContainerStateMachine (ContainerStateMachine.java:loadSnapshot(224)) - group-4280A76A5332: The snapshot info is null. Setting the last applied indexto:(t:0, i:~)
2021-10-05 01:14:02,678 [pool-97-thread-1] INFO  server.RaftServerConfigKeys (ConfUtils.java:logGet(44)) - raft.server.notification.no-leader.timeout = 300s (custom)
2021-10-05 01:14:02,678 [pool-97-thread-1] INFO  server.RaftServerConfigKeys (ConfUtils.java:logGet(44)) - raft.server.log.use.memory = false (default)
2021-10-05 01:14:02,678 [pool-97-thread-1] INFO  server.RaftServerConfigKeys (ConfUtils.java:logGet(44)) - raft.server.log.purge.gap = 1000000 (custom)
2021-10-05 01:14:02,678 [pool-97-thread-1] INFO  server.RaftServerConfigKeys (ConfUtils.java:logGet(44)) - raft.server.log.appender.buffer.byte-limit = 33554432 (custom)
2021-10-05 01:14:02,679 [pool-97-thread-1] INFO  server.RaftServerConfigKeys (ConfUtils.java:logGet(44)) - raft.server.log.segment.size.max = 1048576 (custom)
2021-10-05 01:14:02,680 [pool-97-thread-1] INFO  server.RaftServerConfigKeys (ConfUtils.java:logGet(44)) - raft.server.log.segment.cache.num.max = 2 (custom)
2021-10-05 01:14:02,680 [pool-97-thread-1] INFO  server.RaftServerConfigKeys (ConfUtils.java:logGet(44)) - raft.server.log.segment.cache.size.max = 200MB (=209715200) (default)
2021-10-05 01:14:02,681 [pool-97-thread-1] INFO  segmented.SegmentedRaftLogWorker (SegmentedRaftLogWorker.java:<init>(182)) - new 6de22b22-6082-49e7-8661-d6f8f49a6695@group-4280A76A5332-SegmentedRaftLogWorker for RaftStorageImpl:Storage Directory /home/runner/work/ozone/ozone/hadoop-ozone/integration-test/target/test-dir/MiniOzoneClusterImpl-46302e84-7680-4986-b584-895fe31d4053/datanode-0/data/ratis/4fb63426-8e1f-4f58-b5d8-4280a76a5332
2021-10-05 01:14:02,681 [pool-97-thread-1] INFO  server.RaftServerConfigKeys (ConfUtils.java:logGet(44)) - raft.server.log.queue.byte-limit = 2147483647 (custom)
2021-10-05 01:14:02,681 [pool-97-thread-1] INFO  server.RaftServerConfigKeys (ConfUtils.java:logGet(44)) - raft.server.log.queue.element-limit = 1024 (custom)
2021-10-05 01:14:02,681 [pool-97-thread-1] INFO  server.RaftServerConfigKeys (ConfUtils.java:logGet(44)) - raft.server.log.segment.size.max = 1048576 (custom)
2021-10-05 01:14:02,681 [pool-97-thread-1] INFO  server.RaftServerConfigKeys (ConfUtils.java:logGet(44)) - raft.server.log.preallocated.size = 16384 (custom)
2021-10-05 01:14:02,681 [pool-97-thread-1] INFO  server.RaftServerConfigKeys (ConfUtils.java:logGet(44)) - raft.server.log.force.sync.num = 128 (default)
2021-10-05 01:14:02,681 [pool-97-thread-1] INFO  server.RaftServerConfigKeys (ConfUtils.java:logGet(44)) - raft.server.log.statemachine.data.sync = true (default)
2021-10-05 01:14:02,681 [pool-97-thread-1] INFO  server.RaftServerConfigKeys (ConfUtils.java:logGet(44)) - raft.server.log.statemachine.data.sync.timeout = 10s (default)
2021-10-05 01:14:02,681 [pool-97-thread-1] INFO  server.RaftServerConfigKeys (ConfUtils.java:logGet(44)) - raft.server.log.statemachine.data.sync.timeout.retry = -1 (default)
2021-10-05 01:14:02,693 [EventQueue-PipelineReportForPipelineReportHandler] INFO  pipeline.PipelineManagerImpl (PipelineManagerImpl.java:openPipeline(282)) - Pipeline Pipeline[ Id: 4fb63426-8e1f-4f58-b5d8-4280a76a5332, Nodes: 6de22b22-6082-49e7-8661-d6f8f49a6695{ip: 10.1.0.6, host: fv-az50-768.grzltbmokehuzjyc5b133kdqgh.cx.internal.cloudapp.net, ports: [REPLICATION=34519, RATIS=36697, RATIS_ADMIN=36697, RATIS_SERVER=36697, STANDALONE=33317], networkLocation: /default-rack, certSerialId: null, persistedOpState: IN_SERVICE, persistedOpStateExpiryEpochSec: 0}, ReplicationConfig: RATIS/ONE, State:ALLOCATED, leaderId:6de22b22-6082-49e7-8661-d6f8f49a6695, CreationTimestamp2021-10-05T01:13:59.703Z[Etc/UTC]] moved to OPEN state
2021-10-05 01:14:02,695 [pool-97-thread-1] INFO  server.RaftServerConfigKeys (ConfUtils.java:logGet(44)) - raft.server.log.write.buffer.size = 1048576 (custom)
2021-10-05 01:14:02,695 [pool-97-thread-1] INFO  server.RaftServerConfigKeys (ConfUtils.java:logGet(44)) - raft.server.log.statemachine.data.caching.enabled = true (custom)
2021-10-05 01:14:02,695 [pool-97-thread-1] INFO  segmented.SegmentedRaftLogWorker (SegmentedRaftLogWorker.java:lambda$new$0(133)) - 6de22b22-6082-49e7-8661-d6f8f49a6695@group-4280A76A5332-SegmentedRaftLogWorker: flushIndex: setUnconditionally 0 -> -1
2021-10-05 01:14:02,695 [pool-97-thread-1] INFO  segmented.SegmentedRaftLogWorker (SegmentedRaftLogWorker.java:lambda$new$0(133)) - 6de22b22-6082-49e7-8661-d6f8f49a6695@group-4280A76A5332-SegmentedRaftLogWorker: safeCacheEvictIndex: setUnconditionally 0 -> -1
2021-10-05 01:14:02,696 [Listener at 127.0.0.1/10888] INFO  ozone.MiniOzoneClusterImpl (MiniOzoneClusterImpl.java:lambda$waitForClusterToBeReady$0(235)) - Nodes are ready. Got 3 of 3 DN Heartbeats.
2021-10-05 01:14:02,697 [Listener at 127.0.0.1/10888] INFO  ozone.MiniOzoneClusterImpl (MiniOzoneClusterImpl.java:lambda$waitForClusterToBeReady$0(238)) - Waiting for cluster to exit safe mode
2021-10-05 01:14:02,697 [Listener at 127.0.0.1/10888] INFO  ozone.MiniOzoneClusterImpl (MiniOzoneClusterImpl.java:lambda$waitForClusterToBeReady$0(240)) - SCM became leader
2021-10-05 01:14:02,700 [pool-97-thread-1] INFO  server.RaftServerConfigKeys (ConfUtils.java:logGet(44)) - raft.server.snapshot.auto.trigger.enabled = true (custom)
2021-10-05 01:14:02,700 [pool-97-thread-1] INFO  server.RaftServerConfigKeys (ConfUtils.java:logGet(44)) - raft.server.snapshot.auto.trigger.threshold = 10000 (custom)
2021-10-05 01:14:02,700 [pool-97-thread-1] INFO  server.RaftServerConfigKeys (ConfUtils.java:logGet(44)) - raft.server.snapshot.retention.file.num = 5 (custom)
2021-10-05 01:14:02,700 [pool-97-thread-1] INFO  server.RaftServerConfigKeys (ConfUtils.java:logGet(44)) - raft.server.log.purge.upto.snapshot.index = false (default)
2021-10-05 01:14:02,700 [pool-97-thread-1] INFO  server.RaftServerConfigKeys (ConfUtils.java:logGet(44)) - raft.server.retrycache.expirytime = 600000ms (custom)
2021-10-05 01:14:02,700 [pool-97-thread-1] INFO  server.RaftServerConfigKeys (ConfUtils.java:logGet(44)) - raft.server.retrycache.statistics.expirytime = 100μs (default)
2021-10-05 01:14:02,709 [EventQueue-OpenPipelineForHealthyPipelineSafeModeRule] INFO  safemode.SCMSafeModeManager (HealthyPipelineSafeModeRule.java:process(124)) - SCM in safe mode. Healthy pipelines reported count is 0, required healthy pipeline reported count is 1
2021-10-05 01:14:02,711 [pool-97-thread-1] INFO  server.RaftServer$Division (RaftServerImpl.java:start(296)) - 6de22b22-6082-49e7-8661-d6f8f49a6695@group-4280A76A5332: start as a follower, conf=-1: [6de22b22-6082-49e7-8661-d6f8f49a6695|rpc:10.1.0.6:36697|priority:1], old=null
2021-10-05 01:14:02,718 [pool-97-thread-1] INFO  server.RaftServer$Division (RaftServerImpl.java:setRole(285)) - 6de22b22-6082-49e7-8661-d6f8f49a6695@group-4280A76A5332: changes role from      null to FOLLOWER at term 0 for startAsFollower
2021-10-05 01:14:02,718 [pool-97-thread-1] INFO  impl.RoleInfo (RoleInfo.java:updateAndGet(130)) - 6de22b22-6082-49e7-8661-d6f8f49a6695: start 6de22b22-6082-49e7-8661-d6f8f49a6695@group-4280A76A5332-FollowerState
2021-10-05 01:14:02,728 [pool-97-thread-1] INFO  util.JmxRegister (JmxRegister.java:tryRegister(44)) - Successfully registered JMX Bean with object name Ratis:service=RaftServer,group=group-4280A76A5332,id=6de22b22-6082-49e7-8661-d6f8f49a6695
2021-10-05 01:14:02,731 [Command processor thread] INFO  ratis.XceiverServerRatis (XceiverServerRatis.java:addGroup(763)) - Created group PipelineID=4fb63426-8e1f-4f58-b5d8-4280a76a5332
2021-10-05 01:14:02,732 [Command processor thread] INFO  commandhandler.CreatePipelineCommandHandler (CreatePipelineCommandHandler.java:handle(106)) - Created Pipeline RATIS ONE PipelineID=4fb63426-8e1f-4f58-b5d8-4280a76a5332.
2021-10-05 01:14:02,732 [Command processor thread] INFO  server.RaftServer (RaftServerProxy.java:addNew(95)) - 6de22b22-6082-49e7-8661-d6f8f49a6695: addNew group-B95E62D2D8BD:[e7c6af0d-870b-48f5-ab9c-b9888aa7159f|rpc:10.1.0.6:42267|priority:0, 6de22b22-6082-49e7-8661-d6f8f49a6695|rpc:10.1.0.6:36697|priority:1, 38c88a23-152d-408a-8499-1f4b43532754|rpc:10.1.0.6:45217|priority:0] returns group-B95E62D2D8BD:java.util.concurrent.CompletableFuture@3416d30[Not completed]
2021-10-05 01:14:02,734 [pool-97-thread-1] INFO  server.RaftServer$Division (RaftServerImpl.java:<init>(181)) - 6de22b22-6082-49e7-8661-d6f8f49a6695: new RaftServerImpl for group-B95E62D2D8BD:[e7c6af0d-870b-48f5-ab9c-b9888aa7159f|rpc:10.1.0.6:42267|priority:0, 6de22b22-6082-49e7-8661-d6f8f49a6695|rpc:10.1.0.6:36697|priority:1, 38c88a23-152d-408a-8499-1f4b43532754|rpc:10.1.0.6:45217|priority:0] with ContainerStateMachine:uninitialized
2021-10-05 01:14:02,734 [pool-97-thread-1] INFO  server.RaftServerConfigKeys (ConfUtils.java:logGet(44)) - raft.server.rpc.timeout.min = 5s (custom)
2021-10-05 01:14:02,734 [pool-97-thread-1] INFO  server.RaftServerConfigKeys (ConfUtils.java:logGet(44)) - raft.server.rpc.timeout.max = 5200ms (custom)
2021-10-05 01:14:02,734 [pool-97-thread-1] INFO  server.RaftServerConfigKeys (ConfUtils.java:logGet(44)) - raft.server.rpc.sleep.time = 25ms (default)
2021-10-05 01:14:02,734 [pool-97-thread-1] INFO  server.RaftServerConfigKeys (ConfUtils.java:logGet(44)) - raft.server.rpc.slowness.timeout = 300s (custom)
2021-10-05 01:14:02,734 [pool-97-thread-1] INFO  server.RaftServerConfigKeys (ConfUtils.java:logGet(44)) - raft.server.leaderelection.leader.step-down.wait-time = 10s (default)
2021-10-05 01:14:02,734 [pool-97-thread-1] INFO  server.RaftServerConfigKeys (ConfUtils.java:logGet(44)) - raft.server.sleep.deviation.threshold = 300ms (default)
2021-10-05 01:14:02,735 [pool-97-thread-1] INFO  server.RaftServerConfigKeys (ConfUtils.java:logGet(44)) - raft.server.log.appender.install.snapshot.enabled = false (custom)
2021-10-05 01:14:02,735 [pool-97-thread-1] INFO  server.RaftServer$Division (ServerState.java:<init>(105)) - 6de22b22-6082-49e7-8661-d6f8f49a6695@group-B95E62D2D8BD: ConfigurationManager, init=-1: [e7c6af0d-870b-48f5-ab9c-b9888aa7159f|rpc:10.1.0.6:42267|priority:0, 6de22b22-6082-49e7-8661-d6f8f49a6695|rpc:10.1.0.6:36697|priority:1, 38c88a23-152d-408a-8499-1f4b43532754|rpc:10.1.0.6:45217|priority:0], old=null, confs=<EMPTY_MAP>
2021-10-05 01:14:02,735 [pool-97-thread-1] INFO  server.RaftServerConfigKeys (ConfUtils.java:logGet(44)) - raft.server.storage.dir = [/home/runner/work/ozone/ozone/hadoop-ozone/integration-test/target/test-dir/MiniOzoneClusterImpl-46302e84-7680-4986-b584-895fe31d4053/datanode-0/data/ratis] (custom)
2021-10-05 01:14:02,735 [pool-97-thread-1] INFO  server.RaftServerConfigKeys (ConfUtils.java:logGet(44)) - raft.server.log.corruption.policy = EXCEPTION (default)
2021-10-05 01:14:02,735 [pool-97-thread-1] INFO  server.RaftServerConfigKeys (ConfUtils.java:logGet(44)) - raft.server.storage.free-space.min = 0MB (=0) (default)
2021-10-05 01:14:02,735 [pool-97-thread-1] INFO  storage.RaftStorageDirectory (RaftStorageDirectoryImpl.java:analyzeStorage(135)) - The storage directory /home/runner/work/ozone/ozone/hadoop-ozone/integration-test/target/test-dir/MiniOzoneClusterImpl-46302e84-7680-4986-b584-895fe31d4053/datanode-0/data/ratis/915157fe-189e-46ad-8d74-b95e62d2d8bd does not exist. Creating ...
2021-10-05 01:14:02,737 [pool-97-thread-1] INFO  storage.RaftStorageDirectory (RaftStorageDirectoryImpl.java:tryLock(230)) - Lock on /home/runner/work/ozone/ozone/hadoop-ozone/integration-test/target/test-dir/MiniOzoneClusterImpl-46302e84-7680-4986-b584-895fe31d4053/datanode-0/data/ratis/915157fe-189e-46ad-8d74-b95e62d2d8bd/in_use.lock acquired by nodename 8677@fv-az50-768
2021-10-05 01:14:02,738 [pool-97-thread-1] INFO  storage.RaftStorage (RaftStorageImpl.java:format(89)) - Storage directory /home/runner/work/ozone/ozone/hadoop-ozone/integration-test/target/test-dir/MiniOzoneClusterImpl-46302e84-7680-4986-b584-895fe31d4053/datanode-0/data/ratis/915157fe-189e-46ad-8d74-b95e62d2d8bd has been successfully formatted.
2021-10-05 01:14:02,738 [pool-97-thread-1] INFO  ratis.ContainerStateMachine (ContainerStateMachine.java:loadSnapshot(224)) - group-B95E62D2D8BD: The snapshot info is null. Setting the last applied indexto:(t:0, i:~)
2021-10-05 01:14:02,739 [pool-97-thread-1] INFO  server.RaftServerConfigKeys (ConfUtils.java:logGet(44)) - raft.server.notification.no-leader.timeout = 300s (custom)
2021-10-05 01:14:02,739 [pool-97-thread-1] INFO  server.RaftServerConfigKeys (ConfUtils.java:logGet(44)) - raft.server.log.use.memory = false (default)
2021-10-05 01:14:02,739 [pool-97-thread-1] INFO  server.RaftServerConfigKeys (ConfUtils.java:logGet(44)) - raft.server.log.purge.gap = 1000000 (custom)
2021-10-05 01:14:02,739 [pool-97-thread-1] INFO  server.RaftServerConfigKeys (ConfUtils.java:logGet(44)) - raft.server.log.appender.buffer.byte-limit = 33554432 (custom)
2021-10-05 01:14:02,739 [Datanode State Machine Thread - 0] WARN  statemachine.StateContext (StateContext.java:execute(621)) - No available thread in pool for past 1 seconds.
2021-10-05 01:14:02,741 [EventQueue-OpenPipelineForHealthyPipelineSafeModeRule] INFO  safemode.SCMSafeModeManager (HealthyPipelineSafeModeRule.java:process(124)) - SCM in safe mode. Healthy pipelines reported count is 0, required healthy pipeline reported count is 1
2021-10-05 01:14:02,742 [pool-97-thread-1] INFO  server.RaftServerConfigKeys (ConfUtils.java:logGet(44)) - raft.server.log.segment.size.max = 1048576 (custom)
2021-10-05 01:14:02,743 [pool-97-thread-1] INFO  server.RaftServerConfigKeys (ConfUtils.java:logGet(44)) - raft.server.log.segment.cache.num.max = 2 (custom)
2021-10-05 01:14:02,743 [pool-97-thread-1] INFO  server.RaftServerConfigKeys (ConfUtils.java:logGet(44)) - raft.server.log.segment.cache.size.max = 200MB (=209715200) (default)
2021-10-05 01:14:02,743 [pool-97-thread-1] INFO  segmented.SegmentedRaftLogWorker (SegmentedRaftLogWorker.java:<init>(182)) - new 6de22b22-6082-49e7-8661-d6f8f49a6695@group-B95E62D2D8BD-SegmentedRaftLogWorker for RaftStorageImpl:Storage Directory /home/runner/work/ozone/ozone/hadoop-ozone/integration-test/target/test-dir/MiniOzoneClusterImpl-46302e84-7680-4986-b584-895fe31d4053/datanode-0/data/ratis/915157fe-189e-46ad-8d74-b95e62d2d8bd
2021-10-05 01:14:02,743 [pool-97-thread-1] INFO  server.RaftServerConfigKeys (ConfUtils.java:logGet(44)) - raft.server.log.queue.byte-limit = 2147483647 (custom)
2021-10-05 01:14:02,743 [pool-97-thread-1] INFO  server.RaftServerConfigKeys (ConfUtils.java:logGet(44)) - raft.server.log.queue.element-limit = 1024 (custom)
2021-10-05 01:14:02,743 [pool-97-thread-1] INFO  server.RaftServerConfigKeys (ConfUtils.java:logGet(44)) - raft.server.log.segment.size.max = 1048576 (custom)
2021-10-05 01:14:02,743 [pool-97-thread-1] INFO  server.RaftServerConfigKeys (ConfUtils.java:logGet(44)) - raft.server.log.preallocated.size = 16384 (custom)
2021-10-05 01:14:02,743 [pool-97-thread-1] INFO  server.RaftServerConfigKeys (ConfUtils.java:logGet(44)) - raft.server.log.force.sync.num = 128 (default)
2021-10-05 01:14:02,743 [pool-97-thread-1] INFO  server.RaftServerConfigKeys (ConfUtils.java:logGet(44)) - raft.server.log.statemachine.data.sync = true (default)
2021-10-05 01:14:02,744 [pool-97-thread-1] INFO  server.RaftServerConfigKeys (ConfUtils.java:logGet(44)) - raft.server.log.statemachine.data.sync.timeout = 10s (default)
2021-10-05 01:14:02,744 [pool-97-thread-1] INFO  server.RaftServerConfigKeys (ConfUtils.java:logGet(44)) - raft.server.log.statemachine.data.sync.timeout.retry = -1 (default)
2021-10-05 01:14:02,745 [pool-97-thread-1] INFO  server.RaftServerConfigKeys (ConfUtils.java:logGet(44)) - raft.server.log.write.buffer.size = 1048576 (custom)
2021-10-05 01:14:02,745 [pool-97-thread-1] INFO  server.RaftServerConfigKeys (ConfUtils.java:logGet(44)) - raft.server.log.statemachine.data.caching.enabled = true (custom)
2021-10-05 01:14:02,746 [pool-97-thread-1] INFO  segmented.SegmentedRaftLogWorker (SegmentedRaftLogWorker.java:lambda$new$0(133)) - 6de22b22-6082-49e7-8661-d6f8f49a6695@group-B95E62D2D8BD-SegmentedRaftLogWorker: flushIndex: setUnconditionally 0 -> -1
2021-10-05 01:14:02,746 [pool-97-thread-1] INFO  segmented.SegmentedRaftLogWorker (SegmentedRaftLogWorker.java:lambda$new$0(133)) - 6de22b22-6082-49e7-8661-d6f8f49a6695@group-B95E62D2D8BD-SegmentedRaftLogWorker: safeCacheEvictIndex: setUnconditionally 0 -> -1
2021-10-05 01:14:02,746 [pool-97-thread-1] INFO  server.RaftServerConfigKeys (ConfUtils.java:logGet(44)) - raft.server.snapshot.auto.trigger.enabled = true (custom)
2021-10-05 01:14:02,746 [pool-97-thread-1] INFO  server.RaftServerConfigKeys (ConfUtils.java:logGet(44)) - raft.server.snapshot.auto.trigger.threshold = 10000 (custom)
2021-10-05 01:14:02,746 [pool-97-thread-1] INFO  server.RaftServerConfigKeys (ConfUtils.java:logGet(44)) - raft.server.snapshot.retention.file.num = 5 (custom)
2021-10-05 01:14:02,746 [pool-97-thread-1] INFO  server.RaftServerConfigKeys (ConfUtils.java:logGet(44)) - raft.server.log.purge.upto.snapshot.index = false (default)
2021-10-05 01:14:02,746 [pool-97-thread-1] INFO  server.RaftServerConfigKeys (ConfUtils.java:logGet(44)) - raft.server.retrycache.expirytime = 600000ms (custom)
2021-10-05 01:14:02,746 [pool-97-thread-1] INFO  server.RaftServerConfigKeys (ConfUtils.java:logGet(44)) - raft.server.retrycache.statistics.expirytime = 100μs (default)
2021-10-05 01:14:02,748 [pool-97-thread-1] INFO  server.RaftServer$Division (RaftServerImpl.java:start(296)) - 6de22b22-6082-49e7-8661-d6f8f49a6695@group-B95E62D2D8BD: start as a follower, conf=-1: [e7c6af0d-870b-48f5-ab9c-b9888aa7159f|rpc:10.1.0.6:42267|priority:0, 6de22b22-6082-49e7-8661-d6f8f49a6695|rpc:10.1.0.6:36697|priority:1, 38c88a23-152d-408a-8499-1f4b43532754|rpc:10.1.0.6:45217|priority:0], old=null
2021-10-05 01:14:02,748 [pool-97-thread-1] INFO  server.RaftServer$Division (RaftServerImpl.java:setRole(285)) - 6de22b22-6082-49e7-8661-d6f8f49a6695@group-B95E62D2D8BD: changes role from      null to FOLLOWER at term 0 for startAsFollower
2021-10-05 01:14:02,748 [pool-97-thread-1] INFO  impl.RoleInfo (RoleInfo.java:updateAndGet(130)) - 6de22b22-6082-49e7-8661-d6f8f49a6695: start 6de22b22-6082-49e7-8661-d6f8f49a6695@group-B95E62D2D8BD-FollowerState
2021-10-05 01:14:02,748 [pool-97-thread-1] INFO  util.JmxRegister (JmxRegister.java:tryRegister(44)) - Successfully registered JMX Bean with object name Ratis:service=RaftServer,group=group-B95E62D2D8BD,id=6de22b22-6082-49e7-8661-d6f8f49a6695
2021-10-05 01:14:02,749 [Command processor thread] INFO  ratis.XceiverServerRatis (XceiverServerRatis.java:addGroup(763)) - Created group PipelineID=915157fe-189e-46ad-8d74-b95e62d2d8bd
2021-10-05 01:14:02,813 [grpc-default-executor-1] INFO  server.RaftServer (RaftServerProxy.java:addNew(95)) - 38c88a23-152d-408a-8499-1f4b43532754: addNew group-B95E62D2D8BD:[e7c6af0d-870b-48f5-ab9c-b9888aa7159f|rpc:10.1.0.6:42267|dataStream:|priority:0, 6de22b22-6082-49e7-8661-d6f8f49a6695|rpc:10.1.0.6:36697|dataStream:|priority:1, 38c88a23-152d-408a-8499-1f4b43532754|rpc:10.1.0.6:45217|dataStream:|priority:0] returns group-B95E62D2D8BD:java.util.concurrent.CompletableFuture@5e7e3c8e[Not completed]
2021-10-05 01:14:02,819 [pool-116-thread-1] INFO  server.RaftServer$Division (RaftServerImpl.java:<init>(181)) - 38c88a23-152d-408a-8499-1f4b43532754: new RaftServerImpl for group-B95E62D2D8BD:[e7c6af0d-870b-48f5-ab9c-b9888aa7159f|rpc:10.1.0.6:42267|dataStream:|priority:0, 6de22b22-6082-49e7-8661-d6f8f49a6695|rpc:10.1.0.6:36697|dataStream:|priority:1, 38c88a23-152d-408a-8499-1f4b43532754|rpc:10.1.0.6:45217|dataStream:|priority:0] with ContainerStateMachine:uninitialized
2021-10-05 01:14:02,820 [pool-116-thread-1] INFO  server.RaftServerConfigKeys (ConfUtils.java:logGet(44)) - raft.server.rpc.timeout.min = 5s (custom)
2021-10-05 01:14:02,820 [pool-116-thread-1] INFO  server.RaftServerConfigKeys (ConfUtils.java:logGet(44)) - raft.server.rpc.timeout.max = 5200ms (custom)
2021-10-05 01:14:02,820 [pool-116-thread-1] INFO  server.RaftServerConfigKeys (ConfUtils.java:logGet(44)) - raft.server.rpc.sleep.time = 25ms (default)
2021-10-05 01:14:02,820 [pool-116-thread-1] INFO  server.RaftServerConfigKeys (ConfUtils.java:logGet(44)) - raft.server.rpc.slowness.timeout = 300s (custom)
2021-10-05 01:14:02,820 [pool-116-thread-1] INFO  server.RaftServerConfigKeys (ConfUtils.java:logGet(44)) - raft.server.leaderelection.leader.step-down.wait-time = 10s (default)
2021-10-05 01:14:02,820 [pool-116-thread-1] INFO  server.RaftServerConfigKeys (ConfUtils.java:logGet(44)) - raft.server.sleep.deviation.threshold = 300ms (default)
2021-10-05 01:14:02,820 [pool-116-thread-1] INFO  server.RaftServerConfigKeys (ConfUtils.java:logGet(44)) - raft.server.log.appender.install.snapshot.enabled = false (custom)
2021-10-05 01:14:02,821 [pool-116-thread-1] INFO  server.RaftServer$Division (ServerState.java:<init>(105)) - 38c88a23-152d-408a-8499-1f4b43532754@group-B95E62D2D8BD: ConfigurationManager, init=-1: [e7c6af0d-870b-48f5-ab9c-b9888aa7159f|rpc:10.1.0.6:42267|dataStream:|priority:0, 6de22b22-6082-49e7-8661-d6f8f49a6695|rpc:10.1.0.6:36697|dataStream:|priority:1, 38c88a23-152d-408a-8499-1f4b43532754|rpc:10.1.0.6:45217|dataStream:|priority:0], old=null, confs=<EMPTY_MAP>
2021-10-05 01:14:02,821 [pool-116-thread-1] INFO  server.RaftServerConfigKeys (ConfUtils.java:logGet(44)) - raft.server.storage.dir = [/home/runner/work/ozone/ozone/hadoop-ozone/integration-test/target/test-dir/MiniOzoneClusterImpl-46302e84-7680-4986-b584-895fe31d4053/datanode-1/data/ratis] (custom)
2021-10-05 01:14:02,821 [pool-116-thread-1] INFO  server.RaftServerConfigKeys (ConfUtils.java:logGet(44)) - raft.server.log.corruption.policy = EXCEPTION (default)
2021-10-05 01:14:02,821 [pool-116-thread-1] INFO  server.RaftServerConfigKeys (ConfUtils.java:logGet(44)) - raft.server.storage.free-space.min = 0MB (=0) (default)
2021-10-05 01:14:02,821 [pool-116-thread-1] INFO  storage.RaftStorageDirectory (RaftStorageDirectoryImpl.java:analyzeStorage(135)) - The storage directory /home/runner/work/ozone/ozone/hadoop-ozone/integration-test/target/test-dir/MiniOzoneClusterImpl-46302e84-7680-4986-b584-895fe31d4053/datanode-1/data/ratis/915157fe-189e-46ad-8d74-b95e62d2d8bd does not exist. Creating ...
2021-10-05 01:14:02,823 [pool-116-thread-1] INFO  storage.RaftStorageDirectory (RaftStorageDirectoryImpl.java:tryLock(230)) - Lock on /home/runner/work/ozone/ozone/hadoop-ozone/integration-test/target/test-dir/MiniOzoneClusterImpl-46302e84-7680-4986-b584-895fe31d4053/datanode-1/data/ratis/915157fe-189e-46ad-8d74-b95e62d2d8bd/in_use.lock acquired by nodename 8677@fv-az50-768
2021-10-05 01:14:02,825 [pool-116-thread-1] INFO  storage.RaftStorage (RaftStorageImpl.java:format(89)) - Storage directory /home/runner/work/ozone/ozone/hadoop-ozone/integration-test/target/test-dir/MiniOzoneClusterImpl-46302e84-7680-4986-b584-895fe31d4053/datanode-1/data/ratis/915157fe-189e-46ad-8d74-b95e62d2d8bd has been successfully formatted.
2021-10-05 01:14:02,827 [pool-116-thread-1] INFO  ratis.ContainerStateMachine (ContainerStateMachine.java:loadSnapshot(224)) - group-B95E62D2D8BD: The snapshot info is null. Setting the last applied indexto:(t:0, i:~)
2021-10-05 01:14:02,828 [Datanode State Machine Thread - 0] WARN  statemachine.StateContext (StateContext.java:execute(621)) - No available thread in pool for past 1 seconds.
2021-10-05 01:14:02,834 [pool-116-thread-1] INFO  server.RaftServerConfigKeys (ConfUtils.java:logGet(44)) - raft.server.notification.no-leader.timeout = 300s (custom)
2021-10-05 01:14:02,834 [pool-116-thread-1] INFO  server.RaftServerConfigKeys (ConfUtils.java:logGet(44)) - raft.server.log.use.memory = false (default)
2021-10-05 01:14:02,834 [pool-116-thread-1] INFO  server.RaftServerConfigKeys (ConfUtils.java:logGet(44)) - raft.server.log.purge.gap = 1000000 (custom)
2021-10-05 01:14:02,834 [pool-116-thread-1] INFO  server.RaftServerConfigKeys (ConfUtils.java:logGet(44)) - raft.server.log.appender.buffer.byte-limit = 33554432 (custom)
2021-10-05 01:14:02,834 [pool-116-thread-1] INFO  server.RaftServerConfigKeys (ConfUtils.java:logGet(44)) - raft.server.log.segment.size.max = 1048576 (custom)
2021-10-05 01:14:02,841 [pool-116-thread-1] INFO  server.RaftServerConfigKeys (ConfUtils.java:logGet(44)) - raft.server.log.segment.cache.num.max = 2 (custom)
2021-10-05 01:14:02,841 [pool-116-thread-1] INFO  server.RaftServerConfigKeys (ConfUtils.java:logGet(44)) - raft.server.log.segment.cache.size.max = 200MB (=209715200) (default)
2021-10-05 01:14:02,841 [pool-116-thread-1] INFO  segmented.SegmentedRaftLogWorker (SegmentedRaftLogWorker.java:<init>(182)) - new 38c88a23-152d-408a-8499-1f4b43532754@group-B95E62D2D8BD-SegmentedRaftLogWorker for RaftStorageImpl:Storage Directory /home/runner/work/ozone/ozone/hadoop-ozone/integration-test/target/test-dir/MiniOzoneClusterImpl-46302e84-7680-4986-b584-895fe31d4053/datanode-1/data/ratis/915157fe-189e-46ad-8d74-b95e62d2d8bd
2021-10-05 01:14:02,841 [pool-116-thread-1] INFO  server.RaftServerConfigKeys (ConfUtils.java:logGet(44)) - raft.server.log.queue.byte-limit = 2147483647 (custom)
2021-10-05 01:14:02,841 [pool-116-thread-1] INFO  server.RaftServerConfigKeys (ConfUtils.java:logGet(44)) - raft.server.log.queue.element-limit = 1024 (custom)
2021-10-05 01:14:02,841 [pool-116-thread-1] INFO  server.RaftServerConfigKeys (ConfUtils.java:logGet(44)) - raft.server.log.segment.size.max = 1048576 (custom)
2021-10-05 01:14:02,841 [pool-116-thread-1] INFO  server.RaftServerConfigKeys (ConfUtils.java:logGet(44)) - raft.server.log.preallocated.size = 16384 (custom)
2021-10-05 01:14:02,841 [pool-116-thread-1] INFO  server.RaftServerConfigKeys (ConfUtils.java:logGet(44)) - raft.server.log.force.sync.num = 128 (default)
2021-10-05 01:14:02,842 [pool-116-thread-1] INFO  server.RaftServerConfigKeys (ConfUtils.java:logGet(44)) - raft.server.log.statemachine.data.sync = true (default)
2021-10-05 01:14:02,842 [pool-116-thread-1] INFO  server.RaftServerConfigKeys (ConfUtils.java:logGet(44)) - raft.server.log.statemachine.data.sync.timeout = 10s (default)
2021-10-05 01:14:02,842 [pool-116-thread-1] INFO  server.RaftServerConfigKeys (ConfUtils.java:logGet(44)) - raft.server.log.statemachine.data.sync.timeout.retry = -1 (default)
2021-10-05 01:14:02,843 [pool-116-thread-1] INFO  server.RaftServerConfigKeys (ConfUtils.java:logGet(44)) - raft.server.log.write.buffer.size = 1048576 (custom)
2021-10-05 01:14:02,843 [pool-116-thread-1] INFO  server.RaftServerConfigKeys (ConfUtils.java:logGet(44)) - raft.server.log.statemachine.data.caching.enabled = true (custom)
2021-10-05 01:14:02,844 [pool-116-thread-1] INFO  segmented.SegmentedRaftLogWorker (SegmentedRaftLogWorker.java:lambda$new$0(133)) - 38c88a23-152d-408a-8499-1f4b43532754@group-B95E62D2D8BD-SegmentedRaftLogWorker: flushIndex: setUnconditionally 0 -> -1
2021-10-05 01:14:02,844 [pool-116-thread-1] INFO  segmented.SegmentedRaftLogWorker (SegmentedRaftLogWorker.java:lambda$new$0(133)) - 38c88a23-152d-408a-8499-1f4b43532754@group-B95E62D2D8BD-SegmentedRaftLogWorker: safeCacheEvictIndex: setUnconditionally 0 -> -1
2021-10-05 01:14:02,844 [pool-116-thread-1] INFO  server.RaftServerConfigKeys (ConfUtils.java:logGet(44)) - raft.server.snapshot.auto.trigger.enabled = true (custom)
2021-10-05 01:14:02,844 [pool-116-thread-1] INFO  server.RaftServerConfigKeys (ConfUtils.java:logGet(44)) - raft.server.snapshot.auto.trigger.threshold = 10000 (custom)
2021-10-05 01:14:02,844 [pool-116-thread-1] INFO  server.RaftServerConfigKeys (ConfUtils.java:logGet(44)) - raft.server.snapshot.retention.file.num = 5 (custom)
2021-10-05 01:14:02,844 [pool-116-thread-1] INFO  server.RaftServerConfigKeys (ConfUtils.java:logGet(44)) - raft.server.log.purge.upto.snapshot.index = false (default)
2021-10-05 01:14:02,844 [pool-116-thread-1] INFO  server.RaftServerConfigKeys (ConfUtils.java:logGet(44)) - raft.server.retrycache.expirytime = 600000ms (custom)
2021-10-05 01:14:02,844 [pool-116-thread-1] INFO  server.RaftServerConfigKeys (ConfUtils.java:logGet(44)) - raft.server.retrycache.statistics.expirytime = 100μs (default)
2021-10-05 01:14:02,846 [pool-116-thread-1] INFO  server.RaftServer$Division (RaftServerImpl.java:start(296)) - 38c88a23-152d-408a-8499-1f4b43532754@group-B95E62D2D8BD: start as a follower, conf=-1: [e7c6af0d-870b-48f5-ab9c-b9888aa7159f|rpc:10.1.0.6:42267|dataStream:|priority:0, 6de22b22-6082-49e7-8661-d6f8f49a6695|rpc:10.1.0.6:36697|dataStream:|priority:1, 38c88a23-152d-408a-8499-1f4b43532754|rpc:10.1.0.6:45217|dataStream:|priority:0], old=null
2021-10-05 01:14:02,846 [pool-116-thread-1] INFO  server.RaftServer$Division (RaftServerImpl.java:setRole(285)) - 38c88a23-152d-408a-8499-1f4b43532754@group-B95E62D2D8BD: changes role from      null to FOLLOWER at term 0 for startAsFollower
2021-10-05 01:14:02,846 [pool-116-thread-1] INFO  impl.RoleInfo (RoleInfo.java:updateAndGet(130)) - 38c88a23-152d-408a-8499-1f4b43532754: start 38c88a23-152d-408a-8499-1f4b43532754@group-B95E62D2D8BD-FollowerState
2021-10-05 01:14:02,853 [pool-116-thread-1] INFO  util.JmxRegister (JmxRegister.java:tryRegister(44)) - Successfully registered JMX Bean with object name Ratis:service=RaftServer,group=group-B95E62D2D8BD,id=38c88a23-152d-408a-8499-1f4b43532754
2021-10-05 01:14:02,906 [grpc-default-executor-1] INFO  server.RaftServer (RaftServerProxy.java:addNew(95)) - e7c6af0d-870b-48f5-ab9c-b9888aa7159f: addNew group-B95E62D2D8BD:[e7c6af0d-870b-48f5-ab9c-b9888aa7159f|rpc:10.1.0.6:42267|dataStream:|priority:0, 6de22b22-6082-49e7-8661-d6f8f49a6695|rpc:10.1.0.6:36697|dataStream:|priority:1, 38c88a23-152d-408a-8499-1f4b43532754|rpc:10.1.0.6:45217|dataStream:|priority:0] returns group-B95E62D2D8BD:java.util.concurrent.CompletableFuture@26090b48[Not completed]
2021-10-05 01:14:02,908 [pool-135-thread-1] INFO  server.RaftServer$Division (RaftServerImpl.java:<init>(181)) - e7c6af0d-870b-48f5-ab9c-b9888aa7159f: new RaftServerImpl for group-B95E62D2D8BD:[e7c6af0d-870b-48f5-ab9c-b9888aa7159f|rpc:10.1.0.6:42267|dataStream:|priority:0, 6de22b22-6082-49e7-8661-d6f8f49a6695|rpc:10.1.0.6:36697|dataStream:|priority:1, 38c88a23-152d-408a-8499-1f4b43532754|rpc:10.1.0.6:45217|dataStream:|priority:0] with ContainerStateMachine:uninitialized
2021-10-05 01:14:02,908 [pool-135-thread-1] INFO  server.RaftServerConfigKeys (ConfUtils.java:logGet(44)) - raft.server.rpc.timeout.min = 5s (custom)
2021-10-05 01:14:02,908 [pool-135-thread-1] INFO  server.RaftServerConfigKeys (ConfUtils.java:logGet(44)) - raft.server.rpc.timeout.max = 5200ms (custom)
2021-10-05 01:14:02,909 [pool-135-thread-1] INFO  server.RaftServerConfigKeys (ConfUtils.java:logGet(44)) - raft.server.rpc.sleep.time = 25ms (default)
2021-10-05 01:14:02,909 [pool-135-thread-1] INFO  server.RaftServerConfigKeys (ConfUtils.java:logGet(44)) - raft.server.rpc.slowness.timeout = 300s (custom)
2021-10-05 01:14:02,909 [pool-135-thread-1] INFO  server.RaftServerConfigKeys (ConfUtils.java:logGet(44)) - raft.server.leaderelection.leader.step-down.wait-time = 10s (default)
2021-10-05 01:14:02,909 [pool-135-thread-1] INFO  server.RaftServerConfigKeys (ConfUtils.java:logGet(44)) - raft.server.sleep.deviation.threshold = 300ms (default)
2021-10-05 01:14:02,909 [pool-135-thread-1] INFO  server.RaftServerConfigKeys (ConfUtils.java:logGet(44)) - raft.server.log.appender.install.snapshot.enabled = false (custom)
2021-10-05 01:14:02,909 [pool-135-thread-1] INFO  server.RaftServer$Division (ServerState.java:<init>(105)) - e7c6af0d-870b-48f5-ab9c-b9888aa7159f@group-B95E62D2D8BD: ConfigurationManager, init=-1: [e7c6af0d-870b-48f5-ab9c-b9888aa7159f|rpc:10.1.0.6:42267|dataStream:|priority:0, 6de22b22-6082-49e7-8661-d6f8f49a6695|rpc:10.1.0.6:36697|dataStream:|priority:1, 38c88a23-152d-408a-8499-1f4b43532754|rpc:10.1.0.6:45217|dataStream:|priority:0], old=null, confs=<EMPTY_MAP>
2021-10-05 01:14:02,909 [pool-135-thread-1] INFO  server.RaftServerConfigKeys (ConfUtils.java:logGet(44)) - raft.server.storage.dir = [/home/runner/work/ozone/ozone/hadoop-ozone/integration-test/target/test-dir/MiniOzoneClusterImpl-46302e84-7680-4986-b584-895fe31d4053/datanode-2/data/ratis] (custom)
2021-10-05 01:14:02,910 [pool-135-thread-1] INFO  server.RaftServerConfigKeys (ConfUtils.java:logGet(44)) - raft.server.log.corruption.policy = EXCEPTION (default)
2021-10-05 01:14:02,910 [pool-135-thread-1] INFO  server.RaftServerConfigKeys (ConfUtils.java:logGet(44)) - raft.server.storage.free-space.min = 0MB (=0) (default)
2021-10-05 01:14:02,910 [pool-135-thread-1] INFO  storage.RaftStorageDirectory (RaftStorageDirectoryImpl.java:analyzeStorage(135)) - The storage directory /home/runner/work/ozone/ozone/hadoop-ozone/integration-test/target/test-dir/MiniOzoneClusterImpl-46302e84-7680-4986-b584-895fe31d4053/datanode-2/data/ratis/915157fe-189e-46ad-8d74-b95e62d2d8bd does not exist. Creating ...
2021-10-05 01:14:02,911 [pool-135-thread-1] INFO  storage.RaftStorageDirectory (RaftStorageDirectoryImpl.java:tryLock(230)) - Lock on /home/runner/work/ozone/ozone/hadoop-ozone/integration-test/target/test-dir/MiniOzoneClusterImpl-46302e84-7680-4986-b584-895fe31d4053/datanode-2/data/ratis/915157fe-189e-46ad-8d74-b95e62d2d8bd/in_use.lock acquired by nodename 8677@fv-az50-768
2021-10-05 01:14:02,913 [pool-135-thread-1] INFO  storage.RaftStorage (RaftStorageImpl.java:format(89)) - Storage directory /home/runner/work/ozone/ozone/hadoop-ozone/integration-test/target/test-dir/MiniOzoneClusterImpl-46302e84-7680-4986-b584-895fe31d4053/datanode-2/data/ratis/915157fe-189e-46ad-8d74-b95e62d2d8bd has been successfully formatted.
2021-10-05 01:14:02,914 [pool-135-thread-1] INFO  ratis.ContainerStateMachine (ContainerStateMachine.java:loadSnapshot(224)) - group-B95E62D2D8BD: The snapshot info is null. Setting the last applied indexto:(t:0, i:~)
2021-10-05 01:14:02,916 [pool-135-thread-1] INFO  server.RaftServerConfigKeys (ConfUtils.java:logGet(44)) - raft.server.notification.no-leader.timeout = 300s (custom)
2021-10-05 01:14:02,918 [pool-135-thread-1] INFO  server.RaftServerConfigKeys (ConfUtils.java:logGet(44)) - raft.server.log.use.memory = false (default)
2021-10-05 01:14:02,919 [pool-135-thread-1] INFO  server.RaftServerConfigKeys (ConfUtils.java:logGet(44)) - raft.server.log.purge.gap = 1000000 (custom)
2021-10-05 01:14:02,919 [pool-135-thread-1] INFO  server.RaftServerConfigKeys (ConfUtils.java:logGet(44)) - raft.server.log.appender.buffer.byte-limit = 33554432 (custom)
2021-10-05 01:14:02,920 [pool-135-thread-1] INFO  server.RaftServerConfigKeys (ConfUtils.java:logGet(44)) - raft.server.log.segment.size.max = 1048576 (custom)
2021-10-05 01:14:02,920 [pool-135-thread-1] INFO  server.RaftServerConfigKeys (ConfUtils.java:logGet(44)) - raft.server.log.segment.cache.num.max = 2 (custom)
2021-10-05 01:14:02,920 [pool-135-thread-1] INFO  server.RaftServerConfigKeys (ConfUtils.java:logGet(44)) - raft.server.log.segment.cache.size.max = 200MB (=209715200) (default)
2021-10-05 01:14:02,920 [pool-135-thread-1] INFO  segmented.SegmentedRaftLogWorker (SegmentedRaftLogWorker.java:<init>(182)) - new e7c6af0d-870b-48f5-ab9c-b9888aa7159f@group-B95E62D2D8BD-SegmentedRaftLogWorker for RaftStorageImpl:Storage Directory /home/runner/work/ozone/ozone/hadoop-ozone/integration-test/target/test-dir/MiniOzoneClusterImpl-46302e84-7680-4986-b584-895fe31d4053/datanode-2/data/ratis/915157fe-189e-46ad-8d74-b95e62d2d8bd
2021-10-05 01:14:02,920 [pool-135-thread-1] INFO  server.RaftServerConfigKeys (ConfUtils.java:logGet(44)) - raft.server.log.queue.byte-limit = 2147483647 (custom)
2021-10-05 01:14:02,921 [pool-135-thread-1] INFO  server.RaftServerConfigKeys (ConfUtils.java:logGet(44)) - raft.server.log.queue.element-limit = 1024 (custom)
2021-10-05 01:14:02,921 [pool-135-thread-1] INFO  server.RaftServerConfigKeys (ConfUtils.java:logGet(44)) - raft.server.log.segment.size.max = 1048576 (custom)
2021-10-05 01:14:02,921 [pool-135-thread-1] INFO  server.RaftServerConfigKeys (ConfUtils.java:logGet(44)) - raft.server.log.preallocated.size = 16384 (custom)
2021-10-05 01:14:02,921 [pool-135-thread-1] INFO  server.RaftServerConfigKeys (ConfUtils.java:logGet(44)) - raft.server.log.force.sync.num = 128 (default)
2021-10-05 01:14:02,921 [pool-135-thread-1] INFO  server.RaftServerConfigKeys (ConfUtils.java:logGet(44)) - raft.server.log.statemachine.data.sync = true (default)
2021-10-05 01:14:02,921 [pool-135-thread-1] INFO  server.RaftServerConfigKeys (ConfUtils.java:logGet(44)) - raft.server.log.statemachine.data.sync.timeout = 10s (default)
2021-10-05 01:14:02,921 [pool-135-thread-1] INFO  server.RaftServerConfigKeys (ConfUtils.java:logGet(44)) - raft.server.log.statemachine.data.sync.timeout.retry = -1 (default)
2021-10-05 01:14:02,922 [pool-135-thread-1] INFO  server.RaftServerConfigKeys (ConfUtils.java:logGet(44)) - raft.server.log.write.buffer.size = 1048576 (custom)
2021-10-05 01:14:02,923 [pool-135-thread-1] INFO  server.RaftServerConfigKeys (ConfUtils.java:logGet(44)) - raft.server.log.statemachine.data.caching.enabled = true (custom)
2021-10-05 01:14:02,923 [pool-135-thread-1] INFO  segmented.SegmentedRaftLogWorker (SegmentedRaftLogWorker.java:lambda$new$0(133)) - e7c6af0d-870b-48f5-ab9c-b9888aa7159f@group-B95E62D2D8BD-SegmentedRaftLogWorker: flushIndex: setUnconditionally 0 -> -1
2021-10-05 01:14:02,923 [pool-135-thread-1] INFO  segmented.SegmentedRaftLogWorker (SegmentedRaftLogWorker.java:lambda$new$0(133)) - e7c6af0d-870b-48f5-ab9c-b9888aa7159f@group-B95E62D2D8BD-SegmentedRaftLogWorker: safeCacheEvictIndex: setUnconditionally 0 -> -1
2021-10-05 01:14:02,923 [pool-135-thread-1] INFO  server.RaftServerConfigKeys (ConfUtils.java:logGet(44)) - raft.server.snapshot.auto.trigger.enabled = true (custom)
2021-10-05 01:14:02,923 [pool-135-thread-1] INFO  server.RaftServerConfigKeys (ConfUtils.java:logGet(44)) - raft.server.snapshot.auto.trigger.threshold = 10000 (custom)
2021-10-05 01:14:02,924 [pool-135-thread-1] INFO  server.RaftServerConfigKeys (ConfUtils.java:logGet(44)) - raft.server.snapshot.retention.file.num = 5 (custom)
2021-10-05 01:14:02,924 [pool-135-thread-1] INFO  server.RaftServerConfigKeys (ConfUtils.java:logGet(44)) - raft.server.log.purge.upto.snapshot.index = false (default)
2021-10-05 01:14:02,924 [pool-135-thread-1] INFO  server.RaftServerConfigKeys (ConfUtils.java:logGet(44)) - raft.server.retrycache.expirytime = 600000ms (custom)
2021-10-05 01:14:02,924 [pool-135-thread-1] INFO  server.RaftServerConfigKeys (ConfUtils.java:logGet(44)) - raft.server.retrycache.statistics.expirytime = 100μs (default)
2021-10-05 01:14:02,925 [pool-135-thread-1] INFO  server.RaftServer$Division (RaftServerImpl.java:start(296)) - e7c6af0d-870b-48f5-ab9c-b9888aa7159f@group-B95E62D2D8BD: start as a follower, conf=-1: [e7c6af0d-870b-48f5-ab9c-b9888aa7159f|rpc:10.1.0.6:42267|dataStream:|priority:0, 6de22b22-6082-49e7-8661-d6f8f49a6695|rpc:10.1.0.6:36697|dataStream:|priority:1, 38c88a23-152d-408a-8499-1f4b43532754|rpc:10.1.0.6:45217|dataStream:|priority:0], old=null
2021-10-05 01:14:02,925 [pool-135-thread-1] INFO  server.RaftServer$Division (RaftServerImpl.java:setRole(285)) - e7c6af0d-870b-48f5-ab9c-b9888aa7159f@group-B95E62D2D8BD: changes role from      null to FOLLOWER at term 0 for startAsFollower
2021-10-05 01:14:02,925 [pool-135-thread-1] INFO  impl.RoleInfo (RoleInfo.java:updateAndGet(130)) - e7c6af0d-870b-48f5-ab9c-b9888aa7159f: start e7c6af0d-870b-48f5-ab9c-b9888aa7159f@group-B95E62D2D8BD-FollowerState
2021-10-05 01:14:02,925 [pool-135-thread-1] INFO  util.JmxRegister (JmxRegister.java:tryRegister(44)) - Successfully registered JMX Bean with object name Ratis:service=RaftServer,group=group-B95E62D2D8BD,id=e7c6af0d-870b-48f5-ab9c-b9888aa7159f
2021-10-05 01:14:02,931 [Command processor thread] INFO  commandhandler.CreatePipelineCommandHandler (CreatePipelineCommandHandler.java:handle(106)) - Created Pipeline RATIS THREE PipelineID=915157fe-189e-46ad-8d74-b95e62d2d8bd.
2021-10-05 01:14:02,931 [Command processor thread] INFO  server.RaftServer (RaftServerProxy.java:addNew(95)) - 6de22b22-6082-49e7-8661-d6f8f49a6695: addNew group-217DF92F09C4:[e7c6af0d-870b-48f5-ab9c-b9888aa7159f|rpc:10.1.0.6:42267|priority:0, 6de22b22-6082-49e7-8661-d6f8f49a6695|rpc:10.1.0.6:36697|priority:0, 38c88a23-152d-408a-8499-1f4b43532754|rpc:10.1.0.6:45217|priority:1] returns group-217DF92F09C4:java.util.concurrent.CompletableFuture@7cac70f7[Not completed]
2021-10-05 01:14:02,932 [pool-97-thread-1] INFO  server.RaftServer$Division (RaftServerImpl.java:<init>(181)) - 6de22b22-6082-49e7-8661-d6f8f49a6695: new RaftServerImpl for group-217DF92F09C4:[e7c6af0d-870b-48f5-ab9c-b9888aa7159f|rpc:10.1.0.6:42267|priority:0, 6de22b22-6082-49e7-8661-d6f8f49a6695|rpc:10.1.0.6:36697|priority:0, 38c88a23-152d-408a-8499-1f4b43532754|rpc:10.1.0.6:45217|priority:1] with ContainerStateMachine:uninitialized
2021-10-05 01:14:02,932 [pool-97-thread-1] INFO  server.RaftServerConfigKeys (ConfUtils.java:logGet(44)) - raft.server.rpc.timeout.min = 5s (custom)
2021-10-05 01:14:02,932 [pool-97-thread-1] INFO  server.RaftServerConfigKeys (ConfUtils.java:logGet(44)) - raft.server.rpc.timeout.max = 5200ms (custom)
2021-10-05 01:14:02,932 [pool-97-thread-1] INFO  server.RaftServerConfigKeys (ConfUtils.java:logGet(44)) - raft.server.rpc.sleep.time = 25ms (default)
2021-10-05 01:14:02,932 [pool-97-thread-1] INFO  server.RaftServerConfigKeys (ConfUtils.java:logGet(44)) - raft.server.rpc.slowness.timeout = 300s (custom)
2021-10-05 01:14:02,933 [pool-97-thread-1] INFO  server.RaftServerConfigKeys (ConfUtils.java:logGet(44)) - raft.server.leaderelection.leader.step-down.wait-time = 10s (default)
2021-10-05 01:14:02,933 [pool-97-thread-1] INFO  server.RaftServerConfigKeys (ConfUtils.java:logGet(44)) - raft.server.sleep.deviation.threshold = 300ms (default)
2021-10-05 01:14:02,933 [pool-97-thread-1] INFO  server.RaftServerConfigKeys (ConfUtils.java:logGet(44)) - raft.server.log.appender.install.snapshot.enabled = false (custom)
2021-10-05 01:14:02,933 [pool-97-thread-1] INFO  server.RaftServer$Division (ServerState.java:<init>(105)) - 6de22b22-6082-49e7-8661-d6f8f49a6695@group-217DF92F09C4: ConfigurationManager, init=-1: [e7c6af0d-870b-48f5-ab9c-b9888aa7159f|rpc:10.1.0.6:42267|priority:0, 6de22b22-6082-49e7-8661-d6f8f49a6695|rpc:10.1.0.6:36697|priority:0, 38c88a23-152d-408a-8499-1f4b43532754|rpc:10.1.0.6:45217|priority:1], old=null, confs=<EMPTY_MAP>
2021-10-05 01:14:02,933 [pool-97-thread-1] INFO  server.RaftServerConfigKeys (ConfUtils.java:logGet(44)) - raft.server.storage.dir = [/home/runner/work/ozone/ozone/hadoop-ozone/integration-test/target/test-dir/MiniOzoneClusterImpl-46302e84-7680-4986-b584-895fe31d4053/datanode-0/data/ratis] (custom)
2021-10-05 01:14:02,933 [pool-97-thread-1] INFO  server.RaftServerConfigKeys (ConfUtils.java:logGet(44)) - raft.server.log.corruption.policy = EXCEPTION (default)
2021-10-05 01:14:02,933 [pool-97-thread-1] INFO  server.RaftServerConfigKeys (ConfUtils.java:logGet(44)) - raft.server.storage.free-space.min = 0MB (=0) (default)
2021-10-05 01:14:02,934 [pool-97-thread-1] INFO  storage.RaftStorageDirectory (RaftStorageDirectoryImpl.java:analyzeStorage(135)) - The storage directory /home/runner/work/ozone/ozone/hadoop-ozone/integration-test/target/test-dir/MiniOzoneClusterImpl-46302e84-7680-4986-b584-895fe31d4053/datanode-0/data/ratis/3516f031-5497-47ae-9e11-217df92f09c4 does not exist. Creating ...
2021-10-05 01:14:02,935 [pool-97-thread-1] INFO  storage.RaftStorageDirectory (RaftStorageDirectoryImpl.java:tryLock(230)) - Lock on /home/runner/work/ozone/ozone/hadoop-ozone/integration-test/target/test-dir/MiniOzoneClusterImpl-46302e84-7680-4986-b584-895fe31d4053/datanode-0/data/ratis/3516f031-5497-47ae-9e11-217df92f09c4/in_use.lock acquired by nodename 8677@fv-az50-768
2021-10-05 01:14:02,936 [pool-97-thread-1] INFO  storage.RaftStorage (RaftStorageImpl.java:format(89)) - Storage directory /home/runner/work/ozone/ozone/hadoop-ozone/integration-test/target/test-dir/MiniOzoneClusterImpl-46302e84-7680-4986-b584-895fe31d4053/datanode-0/data/ratis/3516f031-5497-47ae-9e11-217df92f09c4 has been successfully formatted.
2021-10-05 01:14:02,936 [pool-97-thread-1] INFO  ratis.ContainerStateMachine (ContainerStateMachine.java:loadSnapshot(224)) - group-217DF92F09C4: The snapshot info is null. Setting the last applied indexto:(t:0, i:~)
2021-10-05 01:14:02,936 [pool-97-thread-1] INFO  server.RaftServerConfigKeys (ConfUtils.java:logGet(44)) - raft.server.notification.no-leader.timeout = 300s (custom)
2021-10-05 01:14:02,936 [pool-97-thread-1] INFO  server.RaftServerConfigKeys (ConfUtils.java:logGet(44)) - raft.server.log.use.memory = false (default)
2021-10-05 01:14:02,936 [Datanode State Machine Thread - 0] WARN  statemachine.StateContext (StateContext.java:execute(621)) - No available thread in pool for past 1 seconds.
2021-10-05 01:14:02,936 [pool-97-thread-1] INFO  server.RaftServerConfigKeys (ConfUtils.java:logGet(44)) - raft.server.log.purge.gap = 1000000 (custom)
2021-10-05 01:14:02,937 [pool-97-thread-1] INFO  server.RaftServerConfigKeys (ConfUtils.java:logGet(44)) - raft.server.log.appender.buffer.byte-limit = 33554432 (custom)
2021-10-05 01:14:02,938 [EventQueue-OpenPipelineForHealthyPipelineSafeModeRule] INFO  safemode.SCMSafeModeManager (HealthyPipelineSafeModeRule.java:process(124)) - SCM in safe mode. Healthy pipelines reported count is 0, required healthy pipeline reported count is 1
2021-10-05 01:14:02,938 [pool-97-thread-1] INFO  server.RaftServerConfigKeys (ConfUtils.java:logGet(44)) - raft.server.log.segment.size.max = 1048576 (custom)
2021-10-05 01:14:02,939 [pool-97-thread-1] INFO  server.RaftServerConfigKeys (ConfUtils.java:logGet(44)) - raft.server.log.segment.cache.num.max = 2 (custom)
2021-10-05 01:14:02,939 [pool-97-thread-1] INFO  server.RaftServerConfigKeys (ConfUtils.java:logGet(44)) - raft.server.log.segment.cache.size.max = 200MB (=209715200) (default)
2021-10-05 01:14:02,939 [pool-97-thread-1] INFO  segmented.SegmentedRaftLogWorker (SegmentedRaftLogWorker.java:<init>(182)) - new 6de22b22-6082-49e7-8661-d6f8f49a6695@group-217DF92F09C4-SegmentedRaftLogWorker for RaftStorageImpl:Storage Directory /home/runner/work/ozone/ozone/hadoop-ozone/integration-test/target/test-dir/MiniOzoneClusterImpl-46302e84-7680-4986-b584-895fe31d4053/datanode-0/data/ratis/3516f031-5497-47ae-9e11-217df92f09c4
2021-10-05 01:14:02,939 [pool-97-thread-1] INFO  server.RaftServerConfigKeys (ConfUtils.java:logGet(44)) - raft.server.log.queue.byte-limit = 2147483647 (custom)
2021-10-05 01:14:02,939 [pool-97-thread-1] INFO  server.RaftServerConfigKeys (ConfUtils.java:logGet(44)) - raft.server.log.queue.element-limit = 1024 (custom)
2021-10-05 01:14:02,939 [pool-97-thread-1] INFO  server.RaftServerConfigKeys (ConfUtils.java:logGet(44)) - raft.server.log.segment.size.max = 1048576 (custom)
2021-10-05 01:14:02,940 [pool-97-thread-1] INFO  server.RaftServerConfigKeys (ConfUtils.java:logGet(44)) - raft.server.log.preallocated.size = 16384 (custom)
2021-10-05 01:14:02,940 [pool-97-thread-1] INFO  server.RaftServerConfigKeys (ConfUtils.java:logGet(44)) - raft.server.log.force.sync.num = 128 (default)
2021-10-05 01:14:02,940 [pool-97-thread-1] INFO  server.RaftServerConfigKeys (ConfUtils.java:logGet(44)) - raft.server.log.statemachine.data.sync = true (default)
2021-10-05 01:14:02,940 [pool-97-thread-1] INFO  server.RaftServerConfigKeys (ConfUtils.java:logGet(44)) - raft.server.log.statemachine.data.sync.timeout = 10s (default)
2021-10-05 01:14:02,940 [pool-97-thread-1] INFO  server.RaftServerConfigKeys (ConfUtils.java:logGet(44)) - raft.server.log.statemachine.data.sync.timeout.retry = -1 (default)
2021-10-05 01:14:02,941 [pool-97-thread-1] INFO  server.RaftServerConfigKeys (ConfUtils.java:logGet(44)) - raft.server.log.write.buffer.size = 1048576 (custom)
2021-10-05 01:14:02,941 [pool-97-thread-1] INFO  server.RaftServerConfigKeys (ConfUtils.java:logGet(44)) - raft.server.log.statemachine.data.caching.enabled = true (custom)
2021-10-05 01:14:02,941 [pool-97-thread-1] INFO  segmented.SegmentedRaftLogWorker (SegmentedRaftLogWorker.java:lambda$new$0(133)) - 6de22b22-6082-49e7-8661-d6f8f49a6695@group-217DF92F09C4-SegmentedRaftLogWorker: flushIndex: setUnconditionally 0 -> -1
2021-10-05 01:14:02,941 [pool-97-thread-1] INFO  segmented.SegmentedRaftLogWorker (SegmentedRaftLogWorker.java:lambda$new$0(133)) - 6de22b22-6082-49e7-8661-d6f8f49a6695@group-217DF92F09C4-SegmentedRaftLogWorker: safeCacheEvictIndex: setUnconditionally 0 -> -1
2021-10-05 01:14:02,942 [pool-97-thread-1] INFO  server.RaftServerConfigKeys (ConfUtils.java:logGet(44)) - raft.server.snapshot.auto.trigger.enabled = true (custom)
2021-10-05 01:14:02,942 [pool-97-thread-1] INFO  server.RaftServerConfigKeys (ConfUtils.java:logGet(44)) - raft.server.snapshot.auto.trigger.threshold = 10000 (custom)
2021-10-05 01:14:02,942 [pool-97-thread-1] INFO  server.RaftServerConfigKeys (ConfUtils.java:logGet(44)) - raft.server.snapshot.retention.file.num = 5 (custom)
2021-10-05 01:14:02,942 [pool-97-thread-1] INFO  server.RaftServerConfigKeys (ConfUtils.java:logGet(44)) - raft.server.log.purge.upto.snapshot.index = false (default)
2021-10-05 01:14:02,942 [pool-97-thread-1] INFO  server.RaftServerConfigKeys (ConfUtils.java:logGet(44)) - raft.server.retrycache.expirytime = 600000ms (custom)
2021-10-05 01:14:02,942 [pool-97-thread-1] INFO  server.RaftServerConfigKeys (ConfUtils.java:logGet(44)) - raft.server.retrycache.statistics.expirytime = 100μs (default)
2021-10-05 01:14:02,943 [pool-97-thread-1] INFO  server.RaftServer$Division (RaftServerImpl.java:start(296)) - 6de22b22-6082-49e7-8661-d6f8f49a6695@group-217DF92F09C4: start as a follower, conf=-1: [e7c6af0d-870b-48f5-ab9c-b9888aa7159f|rpc:10.1.0.6:42267|priority:0, 6de22b22-6082-49e7-8661-d6f8f49a6695|rpc:10.1.0.6:36697|priority:0, 38c88a23-152d-408a-8499-1f4b43532754|rpc:10.1.0.6:45217|priority:1], old=null
2021-10-05 01:14:02,943 [pool-97-thread-1] INFO  server.RaftServer$Division (RaftServerImpl.java:setRole(285)) - 6de22b22-6082-49e7-8661-d6f8f49a6695@group-217DF92F09C4: changes role from      null to FOLLOWER at term 0 for startAsFollower
2021-10-05 01:14:02,944 [pool-97-thread-1] INFO  impl.RoleInfo (RoleInfo.java:updateAndGet(130)) - 6de22b22-6082-49e7-8661-d6f8f49a6695: start 6de22b22-6082-49e7-8661-d6f8f49a6695@group-217DF92F09C4-FollowerState
2021-10-05 01:14:02,944 [pool-97-thread-1] INFO  util.JmxRegister (JmxRegister.java:tryRegister(44)) - Successfully registered JMX Bean with object name Ratis:service=RaftServer,group=group-217DF92F09C4,id=6de22b22-6082-49e7-8661-d6f8f49a6695
2021-10-05 01:14:02,945 [Command processor thread] INFO  ratis.XceiverServerRatis (XceiverServerRatis.java:addGroup(763)) - Created group PipelineID=3516f031-5497-47ae-9e11-217df92f09c4
2021-10-05 01:14:02,957 [grpc-default-executor-1] INFO  server.RaftServer (RaftServerProxy.java:addNew(95)) - 38c88a23-152d-408a-8499-1f4b43532754: addNew group-217DF92F09C4:[e7c6af0d-870b-48f5-ab9c-b9888aa7159f|rpc:10.1.0.6:42267|dataStream:|priority:0, 6de22b22-6082-49e7-8661-d6f8f49a6695|rpc:10.1.0.6:36697|dataStream:|priority:0, 38c88a23-152d-408a-8499-1f4b43532754|rpc:10.1.0.6:45217|dataStream:|priority:1] returns group-217DF92F09C4:java.util.concurrent.CompletableFuture@477ec0de[Not completed]
2021-10-05 01:14:02,958 [pool-116-thread-1] INFO  server.RaftServer$Division (RaftServerImpl.java:<init>(181)) - 38c88a23-152d-408a-8499-1f4b43532754: new RaftServerImpl for group-217DF92F09C4:[e7c6af0d-870b-48f5-ab9c-b9888aa7159f|rpc:10.1.0.6:42267|dataStream:|priority:0, 6de22b22-6082-49e7-8661-d6f8f49a6695|rpc:10.1.0.6:36697|dataStream:|priority:0, 38c88a23-152d-408a-8499-1f4b43532754|rpc:10.1.0.6:45217|dataStream:|priority:1] with ContainerStateMachine:uninitialized
2021-10-05 01:14:02,958 [pool-116-thread-1] INFO  server.RaftServerConfigKeys (ConfUtils.java:logGet(44)) - raft.server.rpc.timeout.min = 5s (custom)
2021-10-05 01:14:02,958 [pool-116-thread-1] INFO  server.RaftServerConfigKeys (ConfUtils.java:logGet(44)) - raft.server.rpc.timeout.max = 5200ms (custom)
2021-10-05 01:14:02,958 [pool-116-thread-1] INFO  server.RaftServerConfigKeys (ConfUtils.java:logGet(44)) - raft.server.rpc.sleep.time = 25ms (default)
2021-10-05 01:14:02,958 [pool-116-thread-1] INFO  server.RaftServerConfigKeys (ConfUtils.java:logGet(44)) - raft.server.rpc.slowness.timeout = 300s (custom)
2021-10-05 01:14:02,958 [pool-116-thread-1] INFO  server.RaftServerConfigKeys (ConfUtils.java:logGet(44)) - raft.server.leaderelection.leader.step-down.wait-time = 10s (default)
2021-10-05 01:14:02,958 [pool-116-thread-1] INFO  server.RaftServerConfigKeys (ConfUtils.java:logGet(44)) - raft.server.sleep.deviation.threshold = 300ms (default)
2021-10-05 01:14:02,959 [pool-116-thread-1] INFO  server.RaftServerConfigKeys (ConfUtils.java:logGet(44)) - raft.server.log.appender.install.snapshot.enabled = false (custom)
2021-10-05 01:14:02,959 [pool-116-thread-1] INFO  server.RaftServer$Division (ServerState.java:<init>(105)) - 38c88a23-152d-408a-8499-1f4b43532754@group-217DF92F09C4: ConfigurationManager, init=-1: [e7c6af0d-870b-48f5-ab9c-b9888aa7159f|rpc:10.1.0.6:42267|dataStream:|priority:0, 6de22b22-6082-49e7-8661-d6f8f49a6695|rpc:10.1.0.6:36697|dataStream:|priority:0, 38c88a23-152d-408a-8499-1f4b43532754|rpc:10.1.0.6:45217|dataStream:|priority:1], old=null, confs=<EMPTY_MAP>
2021-10-05 01:14:02,959 [pool-116-thread-1] INFO  server.RaftServerConfigKeys (ConfUtils.java:logGet(44)) - raft.server.storage.dir = [/home/runner/work/ozone/ozone/hadoop-ozone/integration-test/target/test-dir/MiniOzoneClusterImpl-46302e84-7680-4986-b584-895fe31d4053/datanode-1/data/ratis] (custom)
2021-10-05 01:14:02,959 [pool-116-thread-1] INFO  server.RaftServerConfigKeys (ConfUtils.java:logGet(44)) - raft.server.log.corruption.policy = EXCEPTION (default)
2021-10-05 01:14:02,959 [pool-116-thread-1] INFO  server.RaftServerConfigKeys (ConfUtils.java:logGet(44)) - raft.server.storage.free-space.min = 0MB (=0) (default)
2021-10-05 01:14:02,959 [pool-116-thread-1] INFO  storage.RaftStorageDirectory (RaftStorageDirectoryImpl.java:analyzeStorage(135)) - The storage directory /home/runner/work/ozone/ozone/hadoop-ozone/integration-test/target/test-dir/MiniOzoneClusterImpl-46302e84-7680-4986-b584-895fe31d4053/datanode-1/data/ratis/3516f031-5497-47ae-9e11-217df92f09c4 does not exist. Creating ...
2021-10-05 01:14:02,960 [pool-116-thread-1] INFO  storage.RaftStorageDirectory (RaftStorageDirectoryImpl.java:tryLock(230)) - Lock on /home/runner/work/ozone/ozone/hadoop-ozone/integration-test/target/test-dir/MiniOzoneClusterImpl-46302e84-7680-4986-b584-895fe31d4053/datanode-1/data/ratis/3516f031-5497-47ae-9e11-217df92f09c4/in_use.lock acquired by nodename 8677@fv-az50-768
2021-10-05 01:14:02,962 [pool-116-thread-1] INFO  storage.RaftStorage (RaftStorageImpl.java:format(89)) - Storage directory /home/runner/work/ozone/ozone/hadoop-ozone/integration-test/target/test-dir/MiniOzoneClusterImpl-46302e84-7680-4986-b584-895fe31d4053/datanode-1/data/ratis/3516f031-5497-47ae-9e11-217df92f09c4 has been successfully formatted.
2021-10-05 01:14:02,962 [Datanode State Machine Thread - 0] WARN  statemachine.StateContext (StateContext.java:execute(621)) - No available thread in pool for past 1 seconds.
2021-10-05 01:14:02,963 [pool-116-thread-1] INFO  ratis.ContainerStateMachine (ContainerStateMachine.java:loadSnapshot(224)) - group-217DF92F09C4: The snapshot info is null. Setting the last applied indexto:(t:0, i:~)
2021-10-05 01:14:02,966 [pool-116-thread-1] INFO  server.RaftServerConfigKeys (ConfUtils.java:logGet(44)) - raft.server.notification.no-leader.timeout = 300s (custom)
2021-10-05 01:14:02,967 [pool-116-thread-1] INFO  server.RaftServerConfigKeys (ConfUtils.java:logGet(44)) - raft.server.log.use.memory = false (default)
2021-10-05 01:14:02,967 [pool-116-thread-1] INFO  server.RaftServerConfigKeys (ConfUtils.java:logGet(44)) - raft.server.log.purge.gap = 1000000 (custom)
2021-10-05 01:14:02,967 [pool-116-thread-1] INFO  server.RaftServerConfigKeys (ConfUtils.java:logGet(44)) - raft.server.log.appender.buffer.byte-limit = 33554432 (custom)
2021-10-05 01:14:02,967 [pool-116-thread-1] INFO  server.RaftServerConfigKeys (ConfUtils.java:logGet(44)) - raft.server.log.segment.size.max = 1048576 (custom)
2021-10-05 01:14:02,967 [pool-116-thread-1] INFO  server.RaftServerConfigKeys (ConfUtils.java:logGet(44)) - raft.server.log.segment.cache.num.max = 2 (custom)
2021-10-05 01:14:02,968 [pool-116-thread-1] INFO  server.RaftServerConfigKeys (ConfUtils.java:logGet(44)) - raft.server.log.segment.cache.size.max = 200MB (=209715200) (default)
2021-10-05 01:14:02,968 [pool-116-thread-1] INFO  segmented.SegmentedRaftLogWorker (SegmentedRaftLogWorker.java:<init>(182)) - new 38c88a23-152d-408a-8499-1f4b43532754@group-217DF92F09C4-SegmentedRaftLogWorker for RaftStorageImpl:Storage Directory /home/runner/work/ozone/ozone/hadoop-ozone/integration-test/target/test-dir/MiniOzoneClusterImpl-46302e84-7680-4986-b584-895fe31d4053/datanode-1/data/ratis/3516f031-5497-47ae-9e11-217df92f09c4
2021-10-05 01:14:02,968 [pool-116-thread-1] INFO  server.RaftServerConfigKeys (ConfUtils.java:logGet(44)) - raft.server.log.queue.byte-limit = 2147483647 (custom)
2021-10-05 01:14:02,968 [pool-116-thread-1] INFO  server.RaftServerConfigKeys (ConfUtils.java:logGet(44)) - raft.server.log.queue.element-limit = 1024 (custom)
2021-10-05 01:14:02,968 [pool-116-thread-1] INFO  server.RaftServerConfigKeys (ConfUtils.java:logGet(44)) - raft.server.log.segment.size.max = 1048576 (custom)
2021-10-05 01:14:02,968 [pool-116-thread-1] INFO  server.RaftServerConfigKeys (ConfUtils.java:logGet(44)) - raft.server.log.preallocated.size = 16384 (custom)
2021-10-05 01:14:02,968 [pool-116-thread-1] INFO  server.RaftServerConfigKeys (ConfUtils.java:logGet(44)) - raft.server.log.force.sync.num = 128 (default)
2021-10-05 01:14:02,968 [pool-116-thread-1] INFO  server.RaftServerConfigKeys (ConfUtils.java:logGet(44)) - raft.server.log.statemachine.data.sync = true (default)
2021-10-05 01:14:02,968 [pool-116-thread-1] INFO  server.RaftServerConfigKeys (ConfUtils.java:logGet(44)) - raft.server.log.statemachine.data.sync.timeout = 10s (default)
2021-10-05 01:14:02,968 [pool-116-thread-1] INFO  server.RaftServerConfigKeys (ConfUtils.java:logGet(44)) - raft.server.log.statemachine.data.sync.timeout.retry = -1 (default)
2021-10-05 01:14:02,969 [pool-116-thread-1] INFO  server.RaftServerConfigKeys (ConfUtils.java:logGet(44)) - raft.server.log.write.buffer.size = 1048576 (custom)
2021-10-05 01:14:02,970 [pool-116-thread-1] INFO  server.RaftServerConfigKeys (ConfUtils.java:logGet(44)) - raft.server.log.statemachine.data.caching.enabled = true (custom)
2021-10-05 01:14:02,970 [pool-116-thread-1] INFO  segmented.SegmentedRaftLogWorker (SegmentedRaftLogWorker.java:lambda$new$0(133)) - 38c88a23-152d-408a-8499-1f4b43532754@group-217DF92F09C4-SegmentedRaftLogWorker: flushIndex: setUnconditionally 0 -> -1
2021-10-05 01:14:02,970 [pool-116-thread-1] INFO  segmented.SegmentedRaftLogWorker (SegmentedRaftLogWorker.java:lambda$new$0(133)) - 38c88a23-152d-408a-8499-1f4b43532754@group-217DF92F09C4-SegmentedRaftLogWorker: safeCacheEvictIndex: setUnconditionally 0 -> -1
2021-10-05 01:14:02,978 [pool-116-thread-1] INFO  server.RaftServerConfigKeys (ConfUtils.java:logGet(44)) - raft.server.snapshot.auto.trigger.enabled = true (custom)
2021-10-05 01:14:02,978 [pool-116-thread-1] INFO  server.RaftServerConfigKeys (ConfUtils.java:logGet(44)) - raft.server.snapshot.auto.trigger.threshold = 10000 (custom)
2021-10-05 01:14:02,978 [pool-116-thread-1] INFO  server.RaftServerConfigKeys (ConfUtils.java:logGet(44)) - raft.server.snapshot.retention.file.num = 5 (custom)
2021-10-05 01:14:02,978 [pool-116-thread-1] INFO  server.RaftServerConfigKeys (ConfUtils.java:logGet(44)) - raft.server.log.purge.upto.snapshot.index = false (default)
2021-10-05 01:14:02,978 [pool-116-thread-1] INFO  server.RaftServerConfigKeys (ConfUtils.java:logGet(44)) - raft.server.retrycache.expirytime = 600000ms (custom)
2021-10-05 01:14:02,979 [pool-116-thread-1] INFO  server.RaftServerConfigKeys (ConfUtils.java:logGet(44)) - raft.server.retrycache.statistics.expirytime = 100μs (default)
2021-10-05 01:14:02,980 [pool-116-thread-1] INFO  server.RaftServer$Division (RaftServerImpl.java:start(296)) - 38c88a23-152d-408a-8499-1f4b43532754@group-217DF92F09C4: start as a follower, conf=-1: [e7c6af0d-870b-48f5-ab9c-b9888aa7159f|rpc:10.1.0.6:42267|dataStream:|priority:0, 6de22b22-6082-49e7-8661-d6f8f49a6695|rpc:10.1.0.6:36697|dataStream:|priority:0, 38c88a23-152d-408a-8499-1f4b43532754|rpc:10.1.0.6:45217|dataStream:|priority:1], old=null
2021-10-05 01:14:02,980 [pool-116-thread-1] INFO  server.RaftServer$Division (RaftServerImpl.java:setRole(285)) - 38c88a23-152d-408a-8499-1f4b43532754@group-217DF92F09C4: changes role from      null to FOLLOWER at term 0 for startAsFollower
2021-10-05 01:14:02,980 [pool-116-thread-1] INFO  impl.RoleInfo (RoleInfo.java:updateAndGet(130)) - 38c88a23-152d-408a-8499-1f4b43532754: start 38c88a23-152d-408a-8499-1f4b43532754@group-217DF92F09C4-FollowerState
2021-10-05 01:14:02,981 [pool-116-thread-1] INFO  util.JmxRegister (JmxRegister.java:tryRegister(44)) - Successfully registered JMX Bean with object name Ratis:service=RaftServer,group=group-217DF92F09C4,id=38c88a23-152d-408a-8499-1f4b43532754
2021-10-05 01:14:02,997 [grpc-default-executor-1] INFO  server.RaftServer (RaftServerProxy.java:addNew(95)) - e7c6af0d-870b-48f5-ab9c-b9888aa7159f: addNew group-217DF92F09C4:[e7c6af0d-870b-48f5-ab9c-b9888aa7159f|rpc:10.1.0.6:42267|dataStream:|priority:0, 6de22b22-6082-49e7-8661-d6f8f49a6695|rpc:10.1.0.6:36697|dataStream:|priority:0, 38c88a23-152d-408a-8499-1f4b43532754|rpc:10.1.0.6:45217|dataStream:|priority:1] returns group-217DF92F09C4:java.util.concurrent.CompletableFuture@214f9428[Not completed]
2021-10-05 01:14:02,998 [pool-135-thread-1] INFO  server.RaftServer$Division (RaftServerImpl.java:<init>(181)) - e7c6af0d-870b-48f5-ab9c-b9888aa7159f: new RaftServerImpl for group-217DF92F09C4:[e7c6af0d-870b-48f5-ab9c-b9888aa7159f|rpc:10.1.0.6:42267|dataStream:|priority:0, 6de22b22-6082-49e7-8661-d6f8f49a6695|rpc:10.1.0.6:36697|dataStream:|priority:0, 38c88a23-152d-408a-8499-1f4b43532754|rpc:10.1.0.6:45217|dataStream:|priority:1] with ContainerStateMachine:uninitialized
2021-10-05 01:14:02,998 [pool-135-thread-1] INFO  server.RaftServerConfigKeys (ConfUtils.java:logGet(44)) - raft.server.rpc.timeout.min = 5s (custom)
2021-10-05 01:14:02,998 [pool-135-thread-1] INFO  server.RaftServerConfigKeys (ConfUtils.java:logGet(44)) - raft.server.rpc.timeout.max = 5200ms (custom)
2021-10-05 01:14:02,998 [pool-135-thread-1] INFO  server.RaftServerConfigKeys (ConfUtils.java:logGet(44)) - raft.server.rpc.sleep.time = 25ms (default)
2021-10-05 01:14:02,998 [pool-135-thread-1] INFO  server.RaftServerConfigKeys (ConfUtils.java:logGet(44)) - raft.server.rpc.slowness.timeout = 300s (custom)
2021-10-05 01:14:02,998 [pool-135-thread-1] INFO  server.RaftServerConfigKeys (ConfUtils.java:logGet(44)) - raft.server.leaderelection.leader.step-down.wait-time = 10s (default)
2021-10-05 01:14:02,999 [pool-135-thread-1] INFO  server.RaftServerConfigKeys (ConfUtils.java:logGet(44)) - raft.server.sleep.deviation.threshold = 300ms (default)
2021-10-05 01:14:02,999 [pool-135-thread-1] INFO  server.RaftServerConfigKeys (ConfUtils.java:logGet(44)) - raft.server.log.appender.install.snapshot.enabled = false (custom)
2021-10-05 01:14:02,999 [pool-135-thread-1] INFO  server.RaftServer$Division (ServerState.java:<init>(105)) - e7c6af0d-870b-48f5-ab9c-b9888aa7159f@group-217DF92F09C4: ConfigurationManager, init=-1: [e7c6af0d-870b-48f5-ab9c-b9888aa7159f|rpc:10.1.0.6:42267|dataStream:|priority:0, 6de22b22-6082-49e7-8661-d6f8f49a6695|rpc:10.1.0.6:36697|dataStream:|priority:0, 38c88a23-152d-408a-8499-1f4b43532754|rpc:10.1.0.6:45217|dataStream:|priority:1], old=null, confs=<EMPTY_MAP>
2021-10-05 01:14:02,999 [pool-135-thread-1] INFO  server.RaftServerConfigKeys (ConfUtils.java:logGet(44)) - raft.server.storage.dir = [/home/runner/work/ozone/ozone/hadoop-ozone/integration-test/target/test-dir/MiniOzoneClusterImpl-46302e84-7680-4986-b584-895fe31d4053/datanode-2/data/ratis] (custom)
2021-10-05 01:14:02,999 [pool-135-thread-1] INFO  server.RaftServerConfigKeys (ConfUtils.java:logGet(44)) - raft.server.log.corruption.policy = EXCEPTION (default)
2021-10-05 01:14:02,999 [pool-135-thread-1] INFO  server.RaftServerConfigKeys (ConfUtils.java:logGet(44)) - raft.server.storage.free-space.min = 0MB (=0) (default)
2021-10-05 01:14:02,999 [pool-135-thread-1] INFO  storage.RaftStorageDirectory (RaftStorageDirectoryImpl.java:analyzeStorage(135)) - The storage directory /home/runner/work/ozone/ozone/hadoop-ozone/integration-test/target/test-dir/MiniOzoneClusterImpl-46302e84-7680-4986-b584-895fe31d4053/datanode-2/data/ratis/3516f031-5497-47ae-9e11-217df92f09c4 does not exist. Creating ...
2021-10-05 01:14:03,000 [pool-135-thread-1] INFO  storage.RaftStorageDirectory (RaftStorageDirectoryImpl.java:tryLock(230)) - Lock on /home/runner/work/ozone/ozone/hadoop-ozone/integration-test/target/test-dir/MiniOzoneClusterImpl-46302e84-7680-4986-b584-895fe31d4053/datanode-2/data/ratis/3516f031-5497-47ae-9e11-217df92f09c4/in_use.lock acquired by nodename 8677@fv-az50-768
2021-10-05 01:14:03,002 [pool-135-thread-1] INFO  storage.RaftStorage (RaftStorageImpl.java:format(89)) - Storage directory /home/runner/work/ozone/ozone/hadoop-ozone/integration-test/target/test-dir/MiniOzoneClusterImpl-46302e84-7680-4986-b584-895fe31d4053/datanode-2/data/ratis/3516f031-5497-47ae-9e11-217df92f09c4 has been successfully formatted.
2021-10-05 01:14:03,002 [Datanode State Machine Thread - 0] WARN  statemachine.StateContext (StateContext.java:execute(621)) - No available thread in pool for past 1 seconds.
2021-10-05 01:14:03,003 [pool-135-thread-1] INFO  ratis.ContainerStateMachine (ContainerStateMachine.java:loadSnapshot(224)) - group-217DF92F09C4: The snapshot info is null. Setting the last applied indexto:(t:0, i:~)
2021-10-05 01:14:03,004 [pool-135-thread-1] INFO  server.RaftServerConfigKeys (ConfUtils.java:logGet(44)) - raft.server.notification.no-leader.timeout = 300s (custom)
2021-10-05 01:14:03,004 [pool-135-thread-1] INFO  server.RaftServerConfigKeys (ConfUtils.java:logGet(44)) - raft.server.log.use.memory = false (default)
2021-10-05 01:14:03,004 [pool-135-thread-1] INFO  server.RaftServerConfigKeys (ConfUtils.java:logGet(44)) - raft.server.log.purge.gap = 1000000 (custom)
2021-10-05 01:14:03,004 [pool-135-thread-1] INFO  server.RaftServerConfigKeys (ConfUtils.java:logGet(44)) - raft.server.log.appender.buffer.byte-limit = 33554432 (custom)
2021-10-05 01:14:03,004 [pool-135-thread-1] INFO  server.RaftServerConfigKeys (ConfUtils.java:logGet(44)) - raft.server.log.segment.size.max = 1048576 (custom)
2021-10-05 01:14:03,005 [pool-135-thread-1] INFO  server.RaftServerConfigKeys (ConfUtils.java:logGet(44)) - raft.server.log.segment.cache.num.max = 2 (custom)
2021-10-05 01:14:03,005 [pool-135-thread-1] INFO  server.RaftServerConfigKeys (ConfUtils.java:logGet(44)) - raft.server.log.segment.cache.size.max = 200MB (=209715200) (default)
2021-10-05 01:14:03,005 [pool-135-thread-1] INFO  segmented.SegmentedRaftLogWorker (SegmentedRaftLogWorker.java:<init>(182)) - new e7c6af0d-870b-48f5-ab9c-b9888aa7159f@group-217DF92F09C4-SegmentedRaftLogWorker for RaftStorageImpl:Storage Directory /home/runner/work/ozone/ozone/hadoop-ozone/integration-test/target/test-dir/MiniOzoneClusterImpl-46302e84-7680-4986-b584-895fe31d4053/datanode-2/data/ratis/3516f031-5497-47ae-9e11-217df92f09c4
2021-10-05 01:14:03,005 [pool-135-thread-1] INFO  server.RaftServerConfigKeys (ConfUtils.java:logGet(44)) - raft.server.log.queue.byte-limit = 2147483647 (custom)
2021-10-05 01:14:03,005 [pool-135-thread-1] INFO  server.RaftServerConfigKeys (ConfUtils.java:logGet(44)) - raft.server.log.queue.element-limit = 1024 (custom)
2021-10-05 01:14:03,006 [pool-135-thread-1] INFO  server.RaftServerConfigKeys (ConfUtils.java:logGet(44)) - raft.server.log.segment.size.max = 1048576 (custom)
2021-10-05 01:14:03,006 [pool-135-thread-1] INFO  server.RaftServerConfigKeys (ConfUtils.java:logGet(44)) - raft.server.log.preallocated.size = 16384 (custom)
2021-10-05 01:14:03,006 [pool-135-thread-1] INFO  server.RaftServerConfigKeys (ConfUtils.java:logGet(44)) - raft.server.log.force.sync.num = 128 (default)
2021-10-05 01:14:03,006 [pool-135-thread-1] INFO  server.RaftServerConfigKeys (ConfUtils.java:logGet(44)) - raft.server.log.statemachine.data.sync = true (default)
2021-10-05 01:14:03,006 [pool-135-thread-1] INFO  server.RaftServerConfigKeys (ConfUtils.java:logGet(44)) - raft.server.log.statemachine.data.sync.timeout = 10s (default)
2021-10-05 01:14:03,006 [pool-135-thread-1] INFO  server.RaftServerConfigKeys (ConfUtils.java:logGet(44)) - raft.server.log.statemachine.data.sync.timeout.retry = -1 (default)
2021-10-05 01:14:03,007 [pool-135-thread-1] INFO  server.RaftServerConfigKeys (ConfUtils.java:logGet(44)) - raft.server.log.write.buffer.size = 1048576 (custom)
2021-10-05 01:14:03,008 [pool-135-thread-1] INFO  server.RaftServerConfigKeys (ConfUtils.java:logGet(44)) - raft.server.log.statemachine.data.caching.enabled = true (custom)
2021-10-05 01:14:03,008 [pool-135-thread-1] INFO  segmented.SegmentedRaftLogWorker (SegmentedRaftLogWorker.java:lambda$new$0(133)) - e7c6af0d-870b-48f5-ab9c-b9888aa7159f@group-217DF92F09C4-SegmentedRaftLogWorker: flushIndex: setUnconditionally 0 -> -1
2021-10-05 01:14:03,008 [pool-135-thread-1] INFO  segmented.SegmentedRaftLogWorker (SegmentedRaftLogWorker.java:lambda$new$0(133)) - e7c6af0d-870b-48f5-ab9c-b9888aa7159f@group-217DF92F09C4-SegmentedRaftLogWorker: safeCacheEvictIndex: setUnconditionally 0 -> -1
2021-10-05 01:14:03,009 [pool-135-thread-1] INFO  server.RaftServerConfigKeys (ConfUtils.java:logGet(44)) - raft.server.snapshot.auto.trigger.enabled = true (custom)
2021-10-05 01:14:03,009 [pool-135-thread-1] INFO  server.RaftServerConfigKeys (ConfUtils.java:logGet(44)) - raft.server.snapshot.auto.trigger.threshold = 10000 (custom)
2021-10-05 01:14:03,009 [pool-135-thread-1] INFO  server.RaftServerConfigKeys (ConfUtils.java:logGet(44)) - raft.server.snapshot.retention.file.num = 5 (custom)
2021-10-05 01:14:03,009 [pool-135-thread-1] INFO  server.RaftServerConfigKeys (ConfUtils.java:logGet(44)) - raft.server.log.purge.upto.snapshot.index = false (default)
2021-10-05 01:14:03,009 [pool-135-thread-1] INFO  server.RaftServerConfigKeys (ConfUtils.java:logGet(44)) - raft.server.retrycache.expirytime = 600000ms (custom)
2021-10-05 01:14:03,009 [pool-135-thread-1] INFO  server.RaftServerConfigKeys (ConfUtils.java:logGet(44)) - raft.server.retrycache.statistics.expirytime = 100μs (default)
2021-10-05 01:14:03,010 [pool-135-thread-1] INFO  server.RaftServer$Division (RaftServerImpl.java:start(296)) - e7c6af0d-870b-48f5-ab9c-b9888aa7159f@group-217DF92F09C4: start as a follower, conf=-1: [e7c6af0d-870b-48f5-ab9c-b9888aa7159f|rpc:10.1.0.6:42267|dataStream:|priority:0, 6de22b22-6082-49e7-8661-d6f8f49a6695|rpc:10.1.0.6:36697|dataStream:|priority:0, 38c88a23-152d-408a-8499-1f4b43532754|rpc:10.1.0.6:45217|dataStream:|priority:1], old=null
2021-10-05 01:14:03,010 [pool-135-thread-1] INFO  server.RaftServer$Division (RaftServerImpl.java:setRole(285)) - e7c6af0d-870b-48f5-ab9c-b9888aa7159f@group-217DF92F09C4: changes role from      null to FOLLOWER at term 0 for startAsFollower
2021-10-05 01:14:03,010 [pool-135-thread-1] INFO  impl.RoleInfo (RoleInfo.java:updateAndGet(130)) - e7c6af0d-870b-48f5-ab9c-b9888aa7159f: start e7c6af0d-870b-48f5-ab9c-b9888aa7159f@group-217DF92F09C4-FollowerState
2021-10-05 01:14:03,011 [pool-135-thread-1] INFO  util.JmxRegister (JmxRegister.java:tryRegister(44)) - Successfully registered JMX Bean with object name Ratis:service=RaftServer,group=group-217DF92F09C4,id=e7c6af0d-870b-48f5-ab9c-b9888aa7159f
2021-10-05 01:14:03,017 [Command processor thread] INFO  commandhandler.CreatePipelineCommandHandler (CreatePipelineCommandHandler.java:handle(106)) - Created Pipeline RATIS THREE PipelineID=3516f031-5497-47ae-9e11-217df92f09c4.
2021-10-05 01:14:03,279 [Command processor thread] INFO  server.RaftServer (RaftServerProxy.java:addNew(95)) - 38c88a23-152d-408a-8499-1f4b43532754: addNew group-B5B6488C01A0:[38c88a23-152d-408a-8499-1f4b43532754|rpc:10.1.0.6:45217|priority:1] returns group-B5B6488C01A0:java.util.concurrent.CompletableFuture@326d1c54[Not completed]
2021-10-05 01:14:03,280 [pool-116-thread-1] INFO  server.RaftServer$Division (RaftServerImpl.java:<init>(181)) - 38c88a23-152d-408a-8499-1f4b43532754: new RaftServerImpl for group-B5B6488C01A0:[38c88a23-152d-408a-8499-1f4b43532754|rpc:10.1.0.6:45217|priority:1] with ContainerStateMachine:uninitialized
2021-10-05 01:14:03,281 [pool-116-thread-1] INFO  server.RaftServerConfigKeys (ConfUtils.java:logGet(44)) - raft.server.rpc.timeout.min = 5s (custom)
2021-10-05 01:14:03,281 [pool-116-thread-1] INFO  server.RaftServerConfigKeys (ConfUtils.java:logGet(44)) - raft.server.rpc.timeout.max = 5200ms (custom)
2021-10-05 01:14:03,281 [pool-116-thread-1] INFO  server.RaftServerConfigKeys (ConfUtils.java:logGet(44)) - raft.server.rpc.sleep.time = 25ms (default)
2021-10-05 01:14:03,281 [pool-116-thread-1] INFO  server.RaftServerConfigKeys (ConfUtils.java:logGet(44)) - raft.server.rpc.slowness.timeout = 300s (custom)
2021-10-05 01:14:03,281 [pool-116-thread-1] INFO  server.RaftServerConfigKeys (ConfUtils.java:logGet(44)) - raft.server.leaderelection.leader.step-down.wait-time = 10s (default)
2021-10-05 01:14:03,281 [pool-116-thread-1] INFO  server.RaftServerConfigKeys (ConfUtils.java:logGet(44)) - raft.server.sleep.deviation.threshold = 300ms (default)
2021-10-05 01:14:03,281 [pool-116-thread-1] INFO  server.RaftServerConfigKeys (ConfUtils.java:logGet(44)) - raft.server.log.appender.install.snapshot.enabled = false (custom)
2021-10-05 01:14:03,281 [pool-116-thread-1] INFO  server.RaftServer$Division (ServerState.java:<init>(105)) - 38c88a23-152d-408a-8499-1f4b43532754@group-B5B6488C01A0: ConfigurationManager, init=-1: [38c88a23-152d-408a-8499-1f4b43532754|rpc:10.1.0.6:45217|priority:1], old=null, confs=<EMPTY_MAP>
2021-10-05 01:14:03,281 [pool-116-thread-1] INFO  server.RaftServerConfigKeys (ConfUtils.java:logGet(44)) - raft.server.storage.dir = [/home/runner/work/ozone/ozone/hadoop-ozone/integration-test/target/test-dir/MiniOzoneClusterImpl-46302e84-7680-4986-b584-895fe31d4053/datanode-1/data/ratis] (custom)
2021-10-05 01:14:03,282 [pool-116-thread-1] INFO  server.RaftServerConfigKeys (ConfUtils.java:logGet(44)) - raft.server.log.corruption.policy = EXCEPTION (default)
2021-10-05 01:14:03,282 [pool-116-thread-1] INFO  server.RaftServerConfigKeys (ConfUtils.java:logGet(44)) - raft.server.storage.free-space.min = 0MB (=0) (default)
2021-10-05 01:14:03,282 [pool-116-thread-1] INFO  storage.RaftStorageDirectory (RaftStorageDirectoryImpl.java:analyzeStorage(135)) - The storage directory /home/runner/work/ozone/ozone/hadoop-ozone/integration-test/target/test-dir/MiniOzoneClusterImpl-46302e84-7680-4986-b584-895fe31d4053/datanode-1/data/ratis/67e415fd-1505-4b70-9188-b5b6488c01a0 does not exist. Creating ...
2021-10-05 01:14:03,283 [pool-116-thread-1] INFO  storage.RaftStorageDirectory (RaftStorageDirectoryImpl.java:tryLock(230)) - Lock on /home/runner/work/ozone/ozone/hadoop-ozone/integration-test/target/test-dir/MiniOzoneClusterImpl-46302e84-7680-4986-b584-895fe31d4053/datanode-1/data/ratis/67e415fd-1505-4b70-9188-b5b6488c01a0/in_use.lock acquired by nodename 8677@fv-az50-768
2021-10-05 01:14:03,285 [pool-116-thread-1] INFO  storage.RaftStorage (RaftStorageImpl.java:format(89)) - Storage directory /home/runner/work/ozone/ozone/hadoop-ozone/integration-test/target/test-dir/MiniOzoneClusterImpl-46302e84-7680-4986-b584-895fe31d4053/datanode-1/data/ratis/67e415fd-1505-4b70-9188-b5b6488c01a0 has been successfully formatted.
2021-10-05 01:14:03,285 [pool-116-thread-1] INFO  ratis.ContainerStateMachine (ContainerStateMachine.java:loadSnapshot(224)) - group-B5B6488C01A0: The snapshot info is null. Setting the last applied indexto:(t:0, i:~)
2021-10-05 01:14:03,286 [pool-116-thread-1] INFO  server.RaftServerConfigKeys (ConfUtils.java:logGet(44)) - raft.server.notification.no-leader.timeout = 300s (custom)
2021-10-05 01:14:03,286 [pool-116-thread-1] INFO  server.RaftServerConfigKeys (ConfUtils.java:logGet(44)) - raft.server.log.use.memory = false (default)
2021-10-05 01:14:03,286 [pool-116-thread-1] INFO  server.RaftServerConfigKeys (ConfUtils.java:logGet(44)) - raft.server.log.purge.gap = 1000000 (custom)
2021-10-05 01:14:03,288 [pool-116-thread-1] INFO  server.RaftServerConfigKeys (ConfUtils.java:logGet(44)) - raft.server.log.appender.buffer.byte-limit = 33554432 (custom)
2021-10-05 01:14:03,289 [EventQueue-PipelineReportForPipelineReportHandler] INFO  pipeline.PipelineManagerImpl (PipelineManagerImpl.java:openPipeline(282)) - Pipeline Pipeline[ Id: 67e415fd-1505-4b70-9188-b5b6488c01a0, Nodes: 38c88a23-152d-408a-8499-1f4b43532754{ip: 10.1.0.6, host: fv-az50-768.grzltbmokehuzjyc5b133kdqgh.cx.internal.cloudapp.net, ports: [REPLICATION=35169, RATIS=45217, RATIS_ADMIN=45217, RATIS_SERVER=45217, STANDALONE=40747], networkLocation: /default-rack, certSerialId: null, persistedOpState: IN_SERVICE, persistedOpStateExpiryEpochSec: 0}, ReplicationConfig: RATIS/ONE, State:ALLOCATED, leaderId:38c88a23-152d-408a-8499-1f4b43532754, CreationTimestamp2021-10-05T01:14:00.285Z[Etc/UTC]] moved to OPEN state
2021-10-05 01:14:03,290 [EventQueue-OpenPipelineForHealthyPipelineSafeModeRule] INFO  safemode.SCMSafeModeManager (HealthyPipelineSafeModeRule.java:process(124)) - SCM in safe mode. Healthy pipelines reported count is 0, required healthy pipeline reported count is 1
2021-10-05 01:14:03,291 [pool-116-thread-1] INFO  server.RaftServerConfigKeys (ConfUtils.java:logGet(44)) - raft.server.log.segment.size.max = 1048576 (custom)
2021-10-05 01:14:03,292 [pool-116-thread-1] INFO  server.RaftServerConfigKeys (ConfUtils.java:logGet(44)) - raft.server.log.segment.cache.num.max = 2 (custom)
2021-10-05 01:14:03,292 [pool-116-thread-1] INFO  server.RaftServerConfigKeys (ConfUtils.java:logGet(44)) - raft.server.log.segment.cache.size.max = 200MB (=209715200) (default)
2021-10-05 01:14:03,292 [pool-116-thread-1] INFO  segmented.SegmentedRaftLogWorker (SegmentedRaftLogWorker.java:<init>(182)) - new 38c88a23-152d-408a-8499-1f4b43532754@group-B5B6488C01A0-SegmentedRaftLogWorker for RaftStorageImpl:Storage Directory /home/runner/work/ozone/ozone/hadoop-ozone/integration-test/target/test-dir/MiniOzoneClusterImpl-46302e84-7680-4986-b584-895fe31d4053/datanode-1/data/ratis/67e415fd-1505-4b70-9188-b5b6488c01a0
2021-10-05 01:14:03,292 [pool-116-thread-1] INFO  server.RaftServerConfigKeys (ConfUtils.java:logGet(44)) - raft.server.log.queue.byte-limit = 2147483647 (custom)
2021-10-05 01:14:03,292 [pool-116-thread-1] INFO  server.RaftServerConfigKeys (ConfUtils.java:logGet(44)) - raft.server.log.queue.element-limit = 1024 (custom)
2021-10-05 01:14:03,292 [pool-116-thread-1] INFO  server.RaftServerConfigKeys (ConfUtils.java:logGet(44)) - raft.server.log.segment.size.max = 1048576 (custom)
2021-10-05 01:14:03,293 [pool-116-thread-1] INFO  server.RaftServerConfigKeys (ConfUtils.java:logGet(44)) - raft.server.log.preallocated.size = 16384 (custom)
2021-10-05 01:14:03,293 [pool-116-thread-1] INFO  server.RaftServerConfigKeys (ConfUtils.java:logGet(44)) - raft.server.log.force.sync.num = 128 (default)
2021-10-05 01:14:03,293 [pool-116-thread-1] INFO  server.RaftServerConfigKeys (ConfUtils.java:logGet(44)) - raft.server.log.statemachine.data.sync = true (default)
2021-10-05 01:14:03,293 [pool-116-thread-1] INFO  server.RaftServerConfigKeys (ConfUtils.java:logGet(44)) - raft.server.log.statemachine.data.sync.timeout = 10s (default)
2021-10-05 01:14:03,293 [pool-116-thread-1] INFO  server.RaftServerConfigKeys (ConfUtils.java:logGet(44)) - raft.server.log.statemachine.data.sync.timeout.retry = -1 (default)
2021-10-05 01:14:03,294 [pool-116-thread-1] INFO  server.RaftServerConfigKeys (ConfUtils.java:logGet(44)) - raft.server.log.write.buffer.size = 1048576 (custom)
2021-10-05 01:14:03,296 [pool-116-thread-1] INFO  server.RaftServerConfigKeys (ConfUtils.java:logGet(44)) - raft.server.log.statemachine.data.caching.enabled = true (custom)
2021-10-05 01:14:03,296 [pool-116-thread-1] INFO  segmented.SegmentedRaftLogWorker (SegmentedRaftLogWorker.java:lambda$new$0(133)) - 38c88a23-152d-408a-8499-1f4b43532754@group-B5B6488C01A0-SegmentedRaftLogWorker: flushIndex: setUnconditionally 0 -> -1
2021-10-05 01:14:03,296 [pool-116-thread-1] INFO  segmented.SegmentedRaftLogWorker (SegmentedRaftLogWorker.java:lambda$new$0(133)) - 38c88a23-152d-408a-8499-1f4b43532754@group-B5B6488C01A0-SegmentedRaftLogWorker: safeCacheEvictIndex: setUnconditionally 0 -> -1
2021-10-05 01:14:03,297 [pool-116-thread-1] INFO  server.RaftServerConfigKeys (ConfUtils.java:logGet(44)) - raft.server.snapshot.auto.trigger.enabled = true (custom)
2021-10-05 01:14:03,297 [pool-116-thread-1] INFO  server.RaftServerConfigKeys (ConfUtils.java:logGet(44)) - raft.server.snapshot.auto.trigger.threshold = 10000 (custom)
2021-10-05 01:14:03,297 [pool-116-thread-1] INFO  server.RaftServerConfigKeys (ConfUtils.java:logGet(44)) - raft.server.snapshot.retention.file.num = 5 (custom)
2021-10-05 01:14:03,297 [pool-116-thread-1] INFO  server.RaftServerConfigKeys (ConfUtils.java:logGet(44)) - raft.server.log.purge.upto.snapshot.index = false (default)
2021-10-05 01:14:03,298 [pool-116-thread-1] INFO  server.RaftServerConfigKeys (ConfUtils.java:logGet(44)) - raft.server.retrycache.expirytime = 600000ms (custom)
2021-10-05 01:14:03,298 [pool-116-thread-1] INFO  server.RaftServerConfigKeys (ConfUtils.java:logGet(44)) - raft.server.retrycache.statistics.expirytime = 100μs (default)
2021-10-05 01:14:03,299 [pool-116-thread-1] INFO  server.RaftServer$Division (RaftServerImpl.java:start(296)) - 38c88a23-152d-408a-8499-1f4b43532754@group-B5B6488C01A0: start as a follower, conf=-1: [38c88a23-152d-408a-8499-1f4b43532754|rpc:10.1.0.6:45217|priority:1], old=null
2021-10-05 01:14:03,299 [pool-116-thread-1] INFO  server.RaftServer$Division (RaftServerImpl.java:setRole(285)) - 38c88a23-152d-408a-8499-1f4b43532754@group-B5B6488C01A0: changes role from      null to FOLLOWER at term 0 for startAsFollower
2021-10-05 01:14:03,299 [pool-116-thread-1] INFO  impl.RoleInfo (RoleInfo.java:updateAndGet(130)) - 38c88a23-152d-408a-8499-1f4b43532754: start 38c88a23-152d-408a-8499-1f4b43532754@group-B5B6488C01A0-FollowerState
2021-10-05 01:14:03,300 [pool-116-thread-1] INFO  util.JmxRegister (JmxRegister.java:tryRegister(44)) - Successfully registered JMX Bean with object name Ratis:service=RaftServer,group=group-B5B6488C01A0,id=38c88a23-152d-408a-8499-1f4b43532754
2021-10-05 01:14:03,305 [Command processor thread] INFO  ratis.XceiverServerRatis (XceiverServerRatis.java:addGroup(763)) - Created group PipelineID=67e415fd-1505-4b70-9188-b5b6488c01a0
2021-10-05 01:14:03,305 [Command processor thread] INFO  commandhandler.CreatePipelineCommandHandler (CreatePipelineCommandHandler.java:handle(106)) - Created Pipeline RATIS ONE PipelineID=67e415fd-1505-4b70-9188-b5b6488c01a0.
2021-10-05 01:14:03,697 [Listener at 127.0.0.1/10888] INFO  ozone.MiniOzoneClusterImpl (MiniOzoneClusterImpl.java:lambda$waitForClusterToBeReady$0(235)) - Nodes are ready. Got 3 of 3 DN Heartbeats.
2021-10-05 01:14:03,698 [Listener at 127.0.0.1/10888] INFO  ozone.MiniOzoneClusterImpl (MiniOzoneClusterImpl.java:lambda$waitForClusterToBeReady$0(238)) - Waiting for cluster to exit safe mode
2021-10-05 01:14:03,698 [Listener at 127.0.0.1/10888] INFO  ozone.MiniOzoneClusterImpl (MiniOzoneClusterImpl.java:lambda$waitForClusterToBeReady$0(240)) - SCM became leader
2021-10-05 01:14:03,702 [Command processor thread] INFO  server.RaftServer (RaftServerProxy.java:addNew(95)) - e7c6af0d-870b-48f5-ab9c-b9888aa7159f: addNew group-3F211FDEA246:[e7c6af0d-870b-48f5-ab9c-b9888aa7159f|rpc:10.1.0.6:42267|priority:1] returns group-3F211FDEA246:java.util.concurrent.CompletableFuture@7cddcf93[Not completed]
2021-10-05 01:14:03,704 [pool-135-thread-1] INFO  server.RaftServer$Division (RaftServerImpl.java:<init>(181)) - e7c6af0d-870b-48f5-ab9c-b9888aa7159f: new RaftServerImpl for group-3F211FDEA246:[e7c6af0d-870b-48f5-ab9c-b9888aa7159f|rpc:10.1.0.6:42267|priority:1] with ContainerStateMachine:uninitialized
2021-10-05 01:14:03,704 [pool-135-thread-1] INFO  server.RaftServerConfigKeys (ConfUtils.java:logGet(44)) - raft.server.rpc.timeout.min = 5s (custom)
2021-10-05 01:14:03,704 [pool-135-thread-1] INFO  server.RaftServerConfigKeys (ConfUtils.java:logGet(44)) - raft.server.rpc.timeout.max = 5200ms (custom)
2021-10-05 01:14:03,704 [pool-135-thread-1] INFO  server.RaftServerConfigKeys (ConfUtils.java:logGet(44)) - raft.server.rpc.sleep.time = 25ms (default)
2021-10-05 01:14:03,704 [pool-135-thread-1] INFO  server.RaftServerConfigKeys (ConfUtils.java:logGet(44)) - raft.server.rpc.slowness.timeout = 300s (custom)
2021-10-05 01:14:03,704 [pool-135-thread-1] INFO  server.RaftServerConfigKeys (ConfUtils.java:logGet(44)) - raft.server.leaderelection.leader.step-down.wait-time = 10s (default)
2021-10-05 01:14:03,704 [pool-135-thread-1] INFO  server.RaftServerConfigKeys (ConfUtils.java:logGet(44)) - raft.server.sleep.deviation.threshold = 300ms (default)
2021-10-05 01:14:03,704 [pool-135-thread-1] INFO  server.RaftServerConfigKeys (ConfUtils.java:logGet(44)) - raft.server.log.appender.install.snapshot.enabled = false (custom)
2021-10-05 01:14:03,704 [pool-135-thread-1] INFO  server.RaftServer$Division (ServerState.java:<init>(105)) - e7c6af0d-870b-48f5-ab9c-b9888aa7159f@group-3F211FDEA246: ConfigurationManager, init=-1: [e7c6af0d-870b-48f5-ab9c-b9888aa7159f|rpc:10.1.0.6:42267|priority:1], old=null, confs=<EMPTY_MAP>
2021-10-05 01:14:03,704 [pool-135-thread-1] INFO  server.RaftServerConfigKeys (ConfUtils.java:logGet(44)) - raft.server.storage.dir = [/home/runner/work/ozone/ozone/hadoop-ozone/integration-test/target/test-dir/MiniOzoneClusterImpl-46302e84-7680-4986-b584-895fe31d4053/datanode-2/data/ratis] (custom)
2021-10-05 01:14:03,705 [pool-135-thread-1] INFO  server.RaftServerConfigKeys (ConfUtils.java:logGet(44)) - raft.server.log.corruption.policy = EXCEPTION (default)
2021-10-05 01:14:03,705 [pool-135-thread-1] INFO  server.RaftServerConfigKeys (ConfUtils.java:logGet(44)) - raft.server.storage.free-space.min = 0MB (=0) (default)
2021-10-05 01:14:03,705 [pool-135-thread-1] INFO  storage.RaftStorageDirectory (RaftStorageDirectoryImpl.java:analyzeStorage(135)) - The storage directory /home/runner/work/ozone/ozone/hadoop-ozone/integration-test/target/test-dir/MiniOzoneClusterImpl-46302e84-7680-4986-b584-895fe31d4053/datanode-2/data/ratis/7a48d5b9-ac14-4c14-bd57-3f211fdea246 does not exist. Creating ...
2021-10-05 01:14:03,707 [pool-135-thread-1] INFO  storage.RaftStorageDirectory (RaftStorageDirectoryImpl.java:tryLock(230)) - Lock on /home/runner/work/ozone/ozone/hadoop-ozone/integration-test/target/test-dir/MiniOzoneClusterImpl-46302e84-7680-4986-b584-895fe31d4053/datanode-2/data/ratis/7a48d5b9-ac14-4c14-bd57-3f211fdea246/in_use.lock acquired by nodename 8677@fv-az50-768
2021-10-05 01:14:03,709 [pool-135-thread-1] INFO  storage.RaftStorage (RaftStorageImpl.java:format(89)) - Storage directory /home/runner/work/ozone/ozone/hadoop-ozone/integration-test/target/test-dir/MiniOzoneClusterImpl-46302e84-7680-4986-b584-895fe31d4053/datanode-2/data/ratis/7a48d5b9-ac14-4c14-bd57-3f211fdea246 has been successfully formatted.
2021-10-05 01:14:03,709 [pool-135-thread-1] INFO  ratis.ContainerStateMachine (ContainerStateMachine.java:loadSnapshot(224)) - group-3F211FDEA246: The snapshot info is null. Setting the last applied indexto:(t:0, i:~)
2021-10-05 01:14:03,709 [pool-135-thread-1] INFO  server.RaftServerConfigKeys (ConfUtils.java:logGet(44)) - raft.server.notification.no-leader.timeout = 300s (custom)
2021-10-05 01:14:03,710 [pool-135-thread-1] INFO  server.RaftServerConfigKeys (ConfUtils.java:logGet(44)) - raft.server.log.use.memory = false (default)
2021-10-05 01:14:03,710 [pool-135-thread-1] INFO  server.RaftServerConfigKeys (ConfUtils.java:logGet(44)) - raft.server.log.purge.gap = 1000000 (custom)
2021-10-05 01:14:03,710 [pool-135-thread-1] INFO  server.RaftServerConfigKeys (ConfUtils.java:logGet(44)) - raft.server.log.appender.buffer.byte-limit = 33554432 (custom)
2021-10-05 01:14:03,710 [pool-135-thread-1] INFO  server.RaftServerConfigKeys (ConfUtils.java:logGet(44)) - raft.server.log.segment.size.max = 1048576 (custom)
2021-10-05 01:14:03,710 [pool-135-thread-1] INFO  server.RaftServerConfigKeys (ConfUtils.java:logGet(44)) - raft.server.log.segment.cache.num.max = 2 (custom)
2021-10-05 01:14:03,710 [pool-135-thread-1] INFO  server.RaftServerConfigKeys (ConfUtils.java:logGet(44)) - raft.server.log.segment.cache.size.max = 200MB (=209715200) (default)
2021-10-05 01:14:03,710 [pool-135-thread-1] INFO  segmented.SegmentedRaftLogWorker (SegmentedRaftLogWorker.java:<init>(182)) - new e7c6af0d-870b-48f5-ab9c-b9888aa7159f@group-3F211FDEA246-SegmentedRaftLogWorker for RaftStorageImpl:Storage Directory /home/runner/work/ozone/ozone/hadoop-ozone/integration-test/target/test-dir/MiniOzoneClusterImpl-46302e84-7680-4986-b584-895fe31d4053/datanode-2/data/ratis/7a48d5b9-ac14-4c14-bd57-3f211fdea246
2021-10-05 01:14:03,711 [pool-135-thread-1] INFO  server.RaftServerConfigKeys (ConfUtils.java:logGet(44)) - raft.server.log.queue.byte-limit = 2147483647 (custom)
2021-10-05 01:14:03,711 [Datanode State Machine Thread - 0] WARN  statemachine.StateContext (StateContext.java:execute(621)) - No available thread in pool for past 1 seconds.
2021-10-05 01:14:03,711 [pool-135-thread-1] INFO  server.RaftServerConfigKeys (ConfUtils.java:logGet(44)) - raft.server.log.queue.element-limit = 1024 (custom)
2021-10-05 01:14:03,712 [pool-135-thread-1] INFO  server.RaftServerConfigKeys (ConfUtils.java:logGet(44)) - raft.server.log.segment.size.max = 1048576 (custom)
2021-10-05 01:14:03,712 [pool-135-thread-1] INFO  server.RaftServerConfigKeys (ConfUtils.java:logGet(44)) - raft.server.log.preallocated.size = 16384 (custom)
2021-10-05 01:14:03,713 [pool-135-thread-1] INFO  server.RaftServerConfigKeys (ConfUtils.java:logGet(44)) - raft.server.log.force.sync.num = 128 (default)
2021-10-05 01:14:03,713 [pool-135-thread-1] INFO  server.RaftServerConfigKeys (ConfUtils.java:logGet(44)) - raft.server.log.statemachine.data.sync = true (default)
2021-10-05 01:14:03,713 [pool-135-thread-1] INFO  server.RaftServerConfigKeys (ConfUtils.java:logGet(44)) - raft.server.log.statemachine.data.sync.timeout = 10s (default)
2021-10-05 01:14:03,713 [pool-135-thread-1] INFO  server.RaftServerConfigKeys (ConfUtils.java:logGet(44)) - raft.server.log.statemachine.data.sync.timeout.retry = -1 (default)
2021-10-05 01:14:03,713 [EventQueue-PipelineReportForPipelineReportHandler] INFO  pipeline.PipelineManagerImpl (PipelineManagerImpl.java:openPipeline(282)) - Pipeline Pipeline[ Id: 7a48d5b9-ac14-4c14-bd57-3f211fdea246, Nodes: e7c6af0d-870b-48f5-ab9c-b9888aa7159f{ip: 10.1.0.6, host: fv-az50-768.grzltbmokehuzjyc5b133kdqgh.cx.internal.cloudapp.net, ports: [REPLICATION=46093, RATIS=42267, RATIS_ADMIN=42267, RATIS_SERVER=42267, STANDALONE=34803], networkLocation: /default-rack, certSerialId: null, persistedOpState: IN_SERVICE, persistedOpStateExpiryEpochSec: 0}, ReplicationConfig: RATIS/ONE, State:ALLOCATED, leaderId:e7c6af0d-870b-48f5-ab9c-b9888aa7159f, CreationTimestamp2021-10-05T01:14:00.705Z[Etc/UTC]] moved to OPEN state
2021-10-05 01:14:03,714 [EventQueue-OpenPipelineForHealthyPipelineSafeModeRule] INFO  safemode.SCMSafeModeManager (HealthyPipelineSafeModeRule.java:process(124)) - SCM in safe mode. Healthy pipelines reported count is 0, required healthy pipeline reported count is 1
2021-10-05 01:14:03,714 [pool-135-thread-1] INFO  server.RaftServerConfigKeys (ConfUtils.java:logGet(44)) - raft.server.log.write.buffer.size = 1048576 (custom)
2021-10-05 01:14:03,723 [pool-135-thread-1] INFO  server.RaftServerConfigKeys (ConfUtils.java:logGet(44)) - raft.server.log.statemachine.data.caching.enabled = true (custom)
2021-10-05 01:14:03,723 [pool-135-thread-1] INFO  segmented.SegmentedRaftLogWorker (SegmentedRaftLogWorker.java:lambda$new$0(133)) - e7c6af0d-870b-48f5-ab9c-b9888aa7159f@group-3F211FDEA246-SegmentedRaftLogWorker: flushIndex: setUnconditionally 0 -> -1
2021-10-05 01:14:03,723 [pool-135-thread-1] INFO  segmented.SegmentedRaftLogWorker (SegmentedRaftLogWorker.java:lambda$new$0(133)) - e7c6af0d-870b-48f5-ab9c-b9888aa7159f@group-3F211FDEA246-SegmentedRaftLogWorker: safeCacheEvictIndex: setUnconditionally 0 -> -1
2021-10-05 01:14:03,723 [pool-135-thread-1] INFO  server.RaftServerConfigKeys (ConfUtils.java:logGet(44)) - raft.server.snapshot.auto.trigger.enabled = true (custom)
2021-10-05 01:14:03,724 [pool-135-thread-1] INFO  server.RaftServerConfigKeys (ConfUtils.java:logGet(44)) - raft.server.snapshot.auto.trigger.threshold = 10000 (custom)
2021-10-05 01:14:03,724 [pool-135-thread-1] INFO  server.RaftServerConfigKeys (ConfUtils.java:logGet(44)) - raft.server.snapshot.retention.file.num = 5 (custom)
2021-10-05 01:14:03,724 [pool-135-thread-1] INFO  server.RaftServerConfigKeys (ConfUtils.java:logGet(44)) - raft.server.log.purge.upto.snapshot.index = false (default)
2021-10-05 01:14:03,724 [pool-135-thread-1] INFO  server.RaftServerConfigKeys (ConfUtils.java:logGet(44)) - raft.server.retrycache.expirytime = 600000ms (custom)
2021-10-05 01:14:03,724 [pool-135-thread-1] INFO  server.RaftServerConfigKeys (ConfUtils.java:logGet(44)) - raft.server.retrycache.statistics.expirytime = 100μs (default)
2021-10-05 01:14:03,725 [pool-135-thread-1] INFO  server.RaftServer$Division (RaftServerImpl.java:start(296)) - e7c6af0d-870b-48f5-ab9c-b9888aa7159f@group-3F211FDEA246: start as a follower, conf=-1: [e7c6af0d-870b-48f5-ab9c-b9888aa7159f|rpc:10.1.0.6:42267|priority:1], old=null
2021-10-05 01:14:03,725 [pool-135-thread-1] INFO  server.RaftServer$Division (RaftServerImpl.java:setRole(285)) - e7c6af0d-870b-48f5-ab9c-b9888aa7159f@group-3F211FDEA246: changes role from      null to FOLLOWER at term 0 for startAsFollower
2021-10-05 01:14:03,725 [pool-135-thread-1] INFO  impl.RoleInfo (RoleInfo.java:updateAndGet(130)) - e7c6af0d-870b-48f5-ab9c-b9888aa7159f: start e7c6af0d-870b-48f5-ab9c-b9888aa7159f@group-3F211FDEA246-FollowerState
2021-10-05 01:14:03,726 [pool-135-thread-1] INFO  util.JmxRegister (JmxRegister.java:tryRegister(44)) - Successfully registered JMX Bean with object name Ratis:service=RaftServer,group=group-3F211FDEA246,id=e7c6af0d-870b-48f5-ab9c-b9888aa7159f
2021-10-05 01:14:03,726 [Command processor thread] INFO  ratis.XceiverServerRatis (XceiverServerRatis.java:addGroup(763)) - Created group PipelineID=7a48d5b9-ac14-4c14-bd57-3f211fdea246
2021-10-05 01:14:03,726 [Command processor thread] INFO  commandhandler.CreatePipelineCommandHandler (CreatePipelineCommandHandler.java:handle(106)) - Created Pipeline RATIS ONE PipelineID=7a48d5b9-ac14-4c14-bd57-3f211fdea246.
2021-10-05 01:14:04,698 [Listener at 127.0.0.1/10888] INFO  ozone.MiniOzoneClusterImpl (MiniOzoneClusterImpl.java:lambda$waitForClusterToBeReady$0(235)) - Nodes are ready. Got 3 of 3 DN Heartbeats.
2021-10-05 01:14:04,698 [Listener at 127.0.0.1/10888] INFO  ozone.MiniOzoneClusterImpl (MiniOzoneClusterImpl.java:lambda$waitForClusterToBeReady$0(238)) - Waiting for cluster to exit safe mode
2021-10-05 01:14:04,699 [Listener at 127.0.0.1/10888] INFO  ozone.MiniOzoneClusterImpl (MiniOzoneClusterImpl.java:lambda$waitForClusterToBeReady$0(240)) - SCM became leader
2021-10-05 01:14:05,699 [Listener at 127.0.0.1/10888] INFO  ozone.MiniOzoneClusterImpl (MiniOzoneClusterImpl.java:lambda$waitForClusterToBeReady$0(235)) - Nodes are ready. Got 3 of 3 DN Heartbeats.
2021-10-05 01:14:05,699 [Listener at 127.0.0.1/10888] INFO  ozone.MiniOzoneClusterImpl (MiniOzoneClusterImpl.java:lambda$waitForClusterToBeReady$0(238)) - Waiting for cluster to exit safe mode
2021-10-05 01:14:05,699 [Listener at 127.0.0.1/10888] INFO  ozone.MiniOzoneClusterImpl (MiniOzoneClusterImpl.java:lambda$waitForClusterToBeReady$0(240)) - SCM became leader
2021-10-05 01:14:06,700 [Listener at 127.0.0.1/10888] INFO  ozone.MiniOzoneClusterImpl (MiniOzoneClusterImpl.java:lambda$waitForClusterToBeReady$0(235)) - Nodes are ready. Got 3 of 3 DN Heartbeats.
2021-10-05 01:14:06,700 [Listener at 127.0.0.1/10888] INFO  ozone.MiniOzoneClusterImpl (MiniOzoneClusterImpl.java:lambda$waitForClusterToBeReady$0(238)) - Waiting for cluster to exit safe mode
2021-10-05 01:14:06,700 [Listener at 127.0.0.1/10888] INFO  ozone.MiniOzoneClusterImpl (MiniOzoneClusterImpl.java:lambda$waitForClusterToBeReady$0(240)) - SCM became leader
2021-10-05 01:14:07,700 [Listener at 127.0.0.1/10888] INFO  ozone.MiniOzoneClusterImpl (MiniOzoneClusterImpl.java:lambda$waitForClusterToBeReady$0(235)) - Nodes are ready. Got 3 of 3 DN Heartbeats.
2021-10-05 01:14:07,701 [Listener at 127.0.0.1/10888] INFO  ozone.MiniOzoneClusterImpl (MiniOzoneClusterImpl.java:lambda$waitForClusterToBeReady$0(238)) - Waiting for cluster to exit safe mode
2021-10-05 01:14:07,701 [Listener at 127.0.0.1/10888] INFO  ozone.MiniOzoneClusterImpl (MiniOzoneClusterImpl.java:lambda$waitForClusterToBeReady$0(240)) - SCM became leader
2021-10-05 01:14:07,846 [6de22b22-6082-49e7-8661-d6f8f49a6695@group-B95E62D2D8BD-FollowerState] INFO  impl.FollowerState (FollowerState.java:run(134)) - 6de22b22-6082-49e7-8661-d6f8f49a6695@group-B95E62D2D8BD-FollowerState: change to CANDIDATE, lastRpcElapsedTime:5098153856ns, electionTimeout:5097ms
2021-10-05 01:14:07,847 [6de22b22-6082-49e7-8661-d6f8f49a6695@group-B95E62D2D8BD-FollowerState] INFO  impl.RoleInfo (RoleInfo.java:shutdownFollowerState(108)) - 6de22b22-6082-49e7-8661-d6f8f49a6695: shutdown 6de22b22-6082-49e7-8661-d6f8f49a6695@group-B95E62D2D8BD-FollowerState
2021-10-05 01:14:07,847 [6de22b22-6082-49e7-8661-d6f8f49a6695@group-B95E62D2D8BD-FollowerState] INFO  server.RaftServer$Division (RaftServerImpl.java:setRole(285)) - 6de22b22-6082-49e7-8661-d6f8f49a6695@group-B95E62D2D8BD: changes role from  FOLLOWER to CANDIDATE at term 0 for changeToCandidate
2021-10-05 01:14:07,847 [6de22b22-6082-49e7-8661-d6f8f49a6695@group-B95E62D2D8BD-FollowerState] INFO  server.RaftServerConfigKeys (ConfUtils.java:logGet(44)) - raft.server.leaderelection.pre-vote = false (custom)
2021-10-05 01:14:07,847 [6de22b22-6082-49e7-8661-d6f8f49a6695@group-B95E62D2D8BD-FollowerState] INFO  impl.RoleInfo (RoleInfo.java:updateAndGet(130)) - 6de22b22-6082-49e7-8661-d6f8f49a6695: start 6de22b22-6082-49e7-8661-d6f8f49a6695@group-B95E62D2D8BD-LeaderElection4
2021-10-05 01:14:07,850 [6de22b22-6082-49e7-8661-d6f8f49a6695@group-B95E62D2D8BD-LeaderElection4] INFO  impl.LeaderElection (LeaderElection.java:askForVotes(306)) - 6de22b22-6082-49e7-8661-d6f8f49a6695@group-B95E62D2D8BD-LeaderElection4 ELECTION round 0: submit vote requests at term 1 for -1: [e7c6af0d-870b-48f5-ab9c-b9888aa7159f|rpc:10.1.0.6:42267|priority:0, 6de22b22-6082-49e7-8661-d6f8f49a6695|rpc:10.1.0.6:36697|priority:1, 38c88a23-152d-408a-8499-1f4b43532754|rpc:10.1.0.6:45217|priority:0], old=null
2021-10-05 01:14:07,859 [grpc-default-executor-1] INFO  server.RaftServer$Division (RaftServerImpl.java:requestVote(1043)) - e7c6af0d-870b-48f5-ab9c-b9888aa7159f@group-B95E62D2D8BD: receive requestVote(ELECTION, 6de22b22-6082-49e7-8661-d6f8f49a6695, group-B95E62D2D8BD, 1, (t:0, i:0))
2021-10-05 01:14:07,859 [grpc-default-executor-1] INFO  impl.VoteContext (VoteContext.java:log(48)) - e7c6af0d-870b-48f5-ab9c-b9888aa7159f@group-B95E62D2D8BD-FOLLOWER: accept ELECTION from 6de22b22-6082-49e7-8661-d6f8f49a6695: our priority 0 <= candidate's priority 1
2021-10-05 01:14:07,859 [grpc-default-executor-1] INFO  server.RaftServer$Division (RaftServerImpl.java:setRole(285)) - e7c6af0d-870b-48f5-ab9c-b9888aa7159f@group-B95E62D2D8BD: changes role from  FOLLOWER to FOLLOWER at term 1 for candidate:6de22b22-6082-49e7-8661-d6f8f49a6695
2021-10-05 01:14:07,859 [grpc-default-executor-1] INFO  impl.RoleInfo (RoleInfo.java:shutdownFollowerState(108)) - e7c6af0d-870b-48f5-ab9c-b9888aa7159f: shutdown e7c6af0d-870b-48f5-ab9c-b9888aa7159f@group-B95E62D2D8BD-FollowerState
2021-10-05 01:14:07,859 [grpc-default-executor-1] INFO  impl.RoleInfo (RoleInfo.java:updateAndGet(130)) - e7c6af0d-870b-48f5-ab9c-b9888aa7159f: start e7c6af0d-870b-48f5-ab9c-b9888aa7159f@group-B95E62D2D8BD-FollowerState
2021-10-05 01:14:07,859 [e7c6af0d-870b-48f5-ab9c-b9888aa7159f@group-B95E62D2D8BD-FollowerState] INFO  impl.FollowerState (FollowerState.java:run(143)) - e7c6af0d-870b-48f5-ab9c-b9888aa7159f@group-B95E62D2D8BD-FollowerState was interrupted: {}
java.lang.InterruptedException: sleep interrupted
	at java.lang.Thread.sleep(Native Method)
	at java.lang.Thread.sleep(Thread.java:340)
	at java.util.concurrent.TimeUnit.sleep(TimeUnit.java:386)
	at org.apache.ratis.util.TimeDuration.sleep(TimeDuration.java:324)
	at org.apache.ratis.util.TimeDuration.sleep(TimeDuration.java:309)
	at org.apache.ratis.server.impl.FollowerState.run(FollowerState.java:118)
2021-10-05 01:14:07,861 [grpc-default-executor-1] INFO  server.RaftServer$Division (RaftServerImpl.java:requestVote(1075)) - e7c6af0d-870b-48f5-ab9c-b9888aa7159f@group-B95E62D2D8BD replies to ELECTION vote request: 6de22b22-6082-49e7-8661-d6f8f49a6695<-e7c6af0d-870b-48f5-ab9c-b9888aa7159f#0:OK-t1. Peer's state: e7c6af0d-870b-48f5-ab9c-b9888aa7159f@group-B95E62D2D8BD:t1, leader=null, voted=6de22b22-6082-49e7-8661-d6f8f49a6695, raftlog=e7c6af0d-870b-48f5-ab9c-b9888aa7159f@group-B95E62D2D8BD-SegmentedRaftLog:OPENED:c-1,f-1,i0, conf=-1: [e7c6af0d-870b-48f5-ab9c-b9888aa7159f|rpc:10.1.0.6:42267|dataStream:|priority:0, 6de22b22-6082-49e7-8661-d6f8f49a6695|rpc:10.1.0.6:36697|dataStream:|priority:1, 38c88a23-152d-408a-8499-1f4b43532754|rpc:10.1.0.6:45217|dataStream:|priority:0], old=null
2021-10-05 01:14:07,869 [grpc-default-executor-1] INFO  server.RaftServer$Division (RaftServerImpl.java:requestVote(1043)) - 38c88a23-152d-408a-8499-1f4b43532754@group-B95E62D2D8BD: receive requestVote(ELECTION, 6de22b22-6082-49e7-8661-d6f8f49a6695, group-B95E62D2D8BD, 1, (t:0, i:0))
2021-10-05 01:14:07,869 [grpc-default-executor-1] INFO  impl.VoteContext (VoteContext.java:log(48)) - 38c88a23-152d-408a-8499-1f4b43532754@group-B95E62D2D8BD-FOLLOWER: accept ELECTION from 6de22b22-6082-49e7-8661-d6f8f49a6695: our priority 0 <= candidate's priority 1
2021-10-05 01:14:07,870 [grpc-default-executor-1] INFO  server.RaftServer$Division (RaftServerImpl.java:setRole(285)) - 38c88a23-152d-408a-8499-1f4b43532754@group-B95E62D2D8BD: changes role from  FOLLOWER to FOLLOWER at term 1 for candidate:6de22b22-6082-49e7-8661-d6f8f49a6695
2021-10-05 01:14:07,870 [grpc-default-executor-1] INFO  impl.RoleInfo (RoleInfo.java:shutdownFollowerState(108)) - 38c88a23-152d-408a-8499-1f4b43532754: shutdown 38c88a23-152d-408a-8499-1f4b43532754@group-B95E62D2D8BD-FollowerState
2021-10-05 01:14:07,870 [grpc-default-executor-1] INFO  impl.RoleInfo (RoleInfo.java:updateAndGet(130)) - 38c88a23-152d-408a-8499-1f4b43532754: start 38c88a23-152d-408a-8499-1f4b43532754@group-B95E62D2D8BD-FollowerState
2021-10-05 01:14:07,872 [38c88a23-152d-408a-8499-1f4b43532754@group-B95E62D2D8BD-FollowerState] INFO  impl.FollowerState (FollowerState.java:run(143)) - 38c88a23-152d-408a-8499-1f4b43532754@group-B95E62D2D8BD-FollowerState was interrupted: {}
java.lang.InterruptedException: sleep interrupted
	at java.lang.Thread.sleep(Native Method)
	at java.lang.Thread.sleep(Thread.java:340)
	at java.util.concurrent.TimeUnit.sleep(TimeUnit.java:386)
	at org.apache.ratis.util.TimeDuration.sleep(TimeDuration.java:324)
	at org.apache.ratis.util.TimeDuration.sleep(TimeDuration.java:309)
	at org.apache.ratis.server.impl.FollowerState.run(FollowerState.java:118)
2021-10-05 01:14:07,874 [6de22b22-6082-49e7-8661-d6f8f49a6695@group-4280A76A5332-FollowerState] INFO  impl.FollowerState (FollowerState.java:run(134)) - 6de22b22-6082-49e7-8661-d6f8f49a6695@group-4280A76A5332-FollowerState: change to CANDIDATE, lastRpcElapsedTime:5155154935ns, electionTimeout:5144ms
2021-10-05 01:14:07,874 [6de22b22-6082-49e7-8661-d6f8f49a6695@group-B95E62D2D8BD-LeaderElection4] INFO  impl.LeaderElection (LeaderElection.java:logAndReturn(89)) - 6de22b22-6082-49e7-8661-d6f8f49a6695@group-B95E62D2D8BD-LeaderElection4: ELECTION PASSED received 1 response(s) and 0 exception(s):
2021-10-05 01:14:07,875 [6de22b22-6082-49e7-8661-d6f8f49a6695@group-B95E62D2D8BD-LeaderElection4] INFO  impl.LeaderElection (LeaderElection.java:logAndReturn(93)) -   Response 0: 6de22b22-6082-49e7-8661-d6f8f49a6695<-e7c6af0d-870b-48f5-ab9c-b9888aa7159f#0:OK-t1
2021-10-05 01:14:07,875 [6de22b22-6082-49e7-8661-d6f8f49a6695@group-4280A76A5332-FollowerState] INFO  impl.RoleInfo (RoleInfo.java:shutdownFollowerState(108)) - 6de22b22-6082-49e7-8661-d6f8f49a6695: shutdown 6de22b22-6082-49e7-8661-d6f8f49a6695@group-4280A76A5332-FollowerState
2021-10-05 01:14:07,874 [grpc-default-executor-1] INFO  server.RaftServer$Division (RaftServerImpl.java:requestVote(1075)) - 38c88a23-152d-408a-8499-1f4b43532754@group-B95E62D2D8BD replies to ELECTION vote request: 6de22b22-6082-49e7-8661-d6f8f49a6695<-38c88a23-152d-408a-8499-1f4b43532754#0:OK-t1. Peer's state: 38c88a23-152d-408a-8499-1f4b43532754@group-B95E62D2D8BD:t1, leader=null, voted=6de22b22-6082-49e7-8661-d6f8f49a6695, raftlog=38c88a23-152d-408a-8499-1f4b43532754@group-B95E62D2D8BD-SegmentedRaftLog:OPENED:c-1,f-1,i0, conf=-1: [e7c6af0d-870b-48f5-ab9c-b9888aa7159f|rpc:10.1.0.6:42267|dataStream:|priority:0, 6de22b22-6082-49e7-8661-d6f8f49a6695|rpc:10.1.0.6:36697|dataStream:|priority:1, 38c88a23-152d-408a-8499-1f4b43532754|rpc:10.1.0.6:45217|dataStream:|priority:0], old=null
2021-10-05 01:14:07,875 [6de22b22-6082-49e7-8661-d6f8f49a6695@group-4280A76A5332-FollowerState] INFO  server.RaftServer$Division (RaftServerImpl.java:setRole(285)) - 6de22b22-6082-49e7-8661-d6f8f49a6695@group-4280A76A5332: changes role from  FOLLOWER to CANDIDATE at term 0 for changeToCandidate
2021-10-05 01:14:07,877 [6de22b22-6082-49e7-8661-d6f8f49a6695@group-4280A76A5332-FollowerState] INFO  server.RaftServerConfigKeys (ConfUtils.java:logGet(44)) - raft.server.leaderelection.pre-vote = false (custom)
2021-10-05 01:14:07,877 [6de22b22-6082-49e7-8661-d6f8f49a6695@group-4280A76A5332-FollowerState] INFO  impl.RoleInfo (RoleInfo.java:updateAndGet(130)) - 6de22b22-6082-49e7-8661-d6f8f49a6695: start 6de22b22-6082-49e7-8661-d6f8f49a6695@group-4280A76A5332-LeaderElection5
2021-10-05 01:14:07,875 [6de22b22-6082-49e7-8661-d6f8f49a6695@group-B95E62D2D8BD-LeaderElection4] INFO  impl.LeaderElection (LeaderElection.java:askForVotes(308)) - 6de22b22-6082-49e7-8661-d6f8f49a6695@group-B95E62D2D8BD-LeaderElection4 ELECTION round 0: result PASSED
2021-10-05 01:14:07,886 [6de22b22-6082-49e7-8661-d6f8f49a6695@group-B95E62D2D8BD-LeaderElection4] INFO  impl.RoleInfo (RoleInfo.java:shutdownLeaderElection(121)) - 6de22b22-6082-49e7-8661-d6f8f49a6695: shutdown 6de22b22-6082-49e7-8661-d6f8f49a6695@group-B95E62D2D8BD-LeaderElection4
2021-10-05 01:14:07,886 [6de22b22-6082-49e7-8661-d6f8f49a6695@group-B95E62D2D8BD-LeaderElection4] INFO  server.RaftServer$Division (RaftServerImpl.java:setRole(285)) - 6de22b22-6082-49e7-8661-d6f8f49a6695@group-B95E62D2D8BD: changes role from CANDIDATE to LEADER at term 1 for changeToLeader
2021-10-05 01:14:07,886 [6de22b22-6082-49e7-8661-d6f8f49a6695@group-B95E62D2D8BD-LeaderElection4] INFO  ratis.XceiverServerRatis (XceiverServerRatis.java:handleLeaderChangedNotification(861)) - Leader change notification received for group: group-B95E62D2D8BD with new leaderId: 6de22b22-6082-49e7-8661-d6f8f49a6695
2021-10-05 01:14:07,887 [6de22b22-6082-49e7-8661-d6f8f49a6695@group-B95E62D2D8BD-LeaderElection4] INFO  server.RaftServer$Division (ServerState.java:setLeader(285)) - 6de22b22-6082-49e7-8661-d6f8f49a6695@group-B95E62D2D8BD: change Leader from null to 6de22b22-6082-49e7-8661-d6f8f49a6695 at term 1 for becomeLeader, leader elected after 5147ms
2021-10-05 01:14:07,887 [6de22b22-6082-49e7-8661-d6f8f49a6695@group-B95E62D2D8BD-LeaderElection4] INFO  server.RaftServerConfigKeys (ConfUtils.java:logGet(44)) - raft.server.staging.catchup.gap = 1000 (default)
2021-10-05 01:14:07,887 [Datanode State Machine Thread - 0] WARN  statemachine.StateContext (StateContext.java:execute(621)) - No available thread in pool for past 1 seconds.
2021-10-05 01:14:07,888 [6de22b22-6082-49e7-8661-d6f8f49a6695@group-B95E62D2D8BD-LeaderElection4] INFO  server.RaftServerConfigKeys (ConfUtils.java:logGet(44)) - raft.server.write.element-limit = 1024 (custom)
2021-10-05 01:14:07,888 [6de22b22-6082-49e7-8661-d6f8f49a6695@group-B95E62D2D8BD-LeaderElection4] INFO  server.RaftServerConfigKeys (ConfUtils.java:logGet(44)) - raft.server.write.byte-limit = 1024 M (=1073741824) (custom)
2021-10-05 01:14:07,889 [6de22b22-6082-49e7-8661-d6f8f49a6695@group-B95E62D2D8BD-LeaderElection4] INFO  server.RaftServerConfigKeys (ConfUtils.java:logGet(44)) - raft.server.watch.timeout = 180s (custom)
2021-10-05 01:14:07,889 [6de22b22-6082-49e7-8661-d6f8f49a6695@group-B95E62D2D8BD-LeaderElection4] INFO  server.RaftServerConfigKeys (ConfUtils.java:logGet(44)) - raft.server.watch.timeout.denomination = 1s (default)
2021-10-05 01:14:07,889 [6de22b22-6082-49e7-8661-d6f8f49a6695@group-B95E62D2D8BD-LeaderElection4] INFO  server.RaftServerConfigKeys (ConfUtils.java:logGet(44)) - raft.server.watch.element-limit = 65536 (default)
2021-10-05 01:14:07,890 [6de22b22-6082-49e7-8661-d6f8f49a6695@group-B95E62D2D8BD-LeaderElection4] INFO  server.RaftServerConfigKeys (ConfUtils.java:logGet(44)) - raft.server.log.appender.snapshot.chunk.size.max = 16MB (=16777216) (default)
2021-10-05 01:14:07,890 [6de22b22-6082-49e7-8661-d6f8f49a6695@group-B95E62D2D8BD-LeaderElection4] INFO  server.RaftServerConfigKeys (ConfUtils.java:logGet(44)) - raft.server.log.appender.buffer.byte-limit = 33554432 (custom)
2021-10-05 01:14:07,890 [6de22b22-6082-49e7-8661-d6f8f49a6695@group-B95E62D2D8BD-LeaderElection4] INFO  server.RaftServerConfigKeys (ConfUtils.java:logGet(44)) - raft.server.log.appender.buffer.element-limit = 1 (custom)
2021-10-05 01:14:07,890 [6de22b22-6082-49e7-8661-d6f8f49a6695@group-B95E62D2D8BD-LeaderElection4] INFO  grpc.GrpcConfigKeys (ConfUtils.java:logGet(44)) - raft.grpc.server.leader.outstanding.appends.max = 128 (default)
2021-10-05 01:14:07,890 [6de22b22-6082-49e7-8661-d6f8f49a6695@group-4280A76A5332-LeaderElection5] INFO  impl.LeaderElection (LeaderElection.java:askForVotes(306)) - 6de22b22-6082-49e7-8661-d6f8f49a6695@group-4280A76A5332-LeaderElection5 ELECTION round 0: submit vote requests at term 1 for -1: [6de22b22-6082-49e7-8661-d6f8f49a6695|rpc:10.1.0.6:36697|priority:1], old=null
2021-10-05 01:14:07,892 [6de22b22-6082-49e7-8661-d6f8f49a6695@group-4280A76A5332-LeaderElection5] INFO  impl.LeaderElection (LeaderElection.java:askForVotes(308)) - 6de22b22-6082-49e7-8661-d6f8f49a6695@group-4280A76A5332-LeaderElection5 ELECTION round 0: result PASSED (term=1)
2021-10-05 01:14:07,892 [6de22b22-6082-49e7-8661-d6f8f49a6695@group-4280A76A5332-LeaderElection5] INFO  impl.RoleInfo (RoleInfo.java:shutdownLeaderElection(121)) - 6de22b22-6082-49e7-8661-d6f8f49a6695: shutdown 6de22b22-6082-49e7-8661-d6f8f49a6695@group-4280A76A5332-LeaderElection5
2021-10-05 01:14:07,893 [6de22b22-6082-49e7-8661-d6f8f49a6695@group-4280A76A5332-LeaderElection5] INFO  server.RaftServer$Division (RaftServerImpl.java:setRole(285)) - 6de22b22-6082-49e7-8661-d6f8f49a6695@group-4280A76A5332: changes role from CANDIDATE to LEADER at term 1 for changeToLeader
2021-10-05 01:14:07,893 [6de22b22-6082-49e7-8661-d6f8f49a6695@group-4280A76A5332-LeaderElection5] INFO  ratis.XceiverServerRatis (XceiverServerRatis.java:handleLeaderChangedNotification(861)) - Leader change notification received for group: group-4280A76A5332 with new leaderId: 6de22b22-6082-49e7-8661-d6f8f49a6695
2021-10-05 01:14:07,890 [6de22b22-6082-49e7-8661-d6f8f49a6695@group-B95E62D2D8BD-LeaderElection4] INFO  server.RaftServerConfigKeys (ConfUtils.java:logGet(44)) - raft.server.rpc.request.timeout = 60s (custom)
2021-10-05 01:14:07,893 [EventQueue-OpenPipelineForHealthyPipelineSafeModeRule] INFO  safemode.SCMSafeModeManager (HealthyPipelineSafeModeRule.java:process(124)) - SCM in safe mode. Healthy pipelines reported count is 0, required healthy pipeline reported count is 1
2021-10-05 01:14:07,893 [EventQueue-PipelineReportForPipelineReportHandler] INFO  pipeline.PipelineManagerImpl (PipelineManagerImpl.java:openPipeline(282)) - Pipeline Pipeline[ Id: 915157fe-189e-46ad-8d74-b95e62d2d8bd, Nodes: 6de22b22-6082-49e7-8661-d6f8f49a6695{ip: 10.1.0.6, host: fv-az50-768.grzltbmokehuzjyc5b133kdqgh.cx.internal.cloudapp.net, ports: [REPLICATION=34519, RATIS=36697, RATIS_ADMIN=36697, RATIS_SERVER=36697, STANDALONE=33317], networkLocation: /default-rack, certSerialId: null, persistedOpState: IN_SERVICE, persistedOpStateExpiryEpochSec: 0}38c88a23-152d-408a-8499-1f4b43532754{ip: 10.1.0.6, host: fv-az50-768.grzltbmokehuzjyc5b133kdqgh.cx.internal.cloudapp.net, ports: [REPLICATION=35169, RATIS=45217, RATIS_ADMIN=45217, RATIS_SERVER=45217, STANDALONE=40747], networkLocation: /default-rack, certSerialId: null, persistedOpState: IN_SERVICE, persistedOpStateExpiryEpochSec: 0}e7c6af0d-870b-48f5-ab9c-b9888aa7159f{ip: 10.1.0.6, host: fv-az50-768.grzltbmokehuzjyc5b133kdqgh.cx.internal.cloudapp.net, ports: [REPLICATION=46093, RATIS=42267, RATIS_ADMIN=42267, RATIS_SERVER=42267, STANDALONE=34803], networkLocation: /default-rack, certSerialId: null, persistedOpState: IN_SERVICE, persistedOpStateExpiryEpochSec: 0}, ReplicationConfig: RATIS/THREE, State:ALLOCATED, leaderId:6de22b22-6082-49e7-8661-d6f8f49a6695, CreationTimestamp2021-10-05T01:14:00.710Z[Etc/UTC]] moved to OPEN state
2021-10-05 01:14:07,894 [Datanode State Machine Thread - 0] WARN  statemachine.StateContext (StateContext.java:execute(621)) - No available thread in pool for past 1 seconds.
2021-10-05 01:14:07,893 [6de22b22-6082-49e7-8661-d6f8f49a6695@group-B95E62D2D8BD-LeaderElection4] INFO  server.RaftServerConfigKeys (ConfUtils.java:logGet(44)) - raft.server.log.appender.install.snapshot.enabled = false (custom)
2021-10-05 01:14:07,894 [EventQueue-OpenPipelineForHealthyPipelineSafeModeRule] INFO  safemode.SCMSafeModeManager (HealthyPipelineSafeModeRule.java:process(124)) - SCM in safe mode. Healthy pipelines reported count is 1, required healthy pipeline reported count is 1
2021-10-05 01:14:07,898 [EventQueue-OpenPipelineForHealthyPipelineSafeModeRule] INFO  safemode.SCMSafeModeManager (SCMSafeModeManager.java:validateSafeModeExitRules(204)) - HealthyPipelineSafeModeRule rule is successfully validated
2021-10-05 01:14:07,898 [EventQueue-OpenPipelineForHealthyPipelineSafeModeRule] INFO  safemode.SCMSafeModeManager (SCMSafeModeManager.java:validateSafeModeExitRules(219)) - ScmSafeModeManager, all rules are successfully validated
2021-10-05 01:14:07,899 [EventQueue-OpenPipelineForHealthyPipelineSafeModeRule] INFO  safemode.SCMSafeModeManager (SCMSafeModeManager.java:exitSafeMode(248)) - SCM exiting safe mode.
2021-10-05 01:14:07,899 [EventQueue-OpenPipelineForHealthyPipelineSafeModeRule] WARN  events.EventQueue (EventQueue.java:fireEvent(194)) - No event handler registered for event TypedEvent{payloadType=SafeModeStatus, name='Safe mode status'}
2021-10-05 01:14:07,899 [EventQueue-OpenPipelineForHealthyPipelineSafeModeRule] INFO  ha.SCMContext (SCMContext.java:updateSafeModeStatus(205)) - Update SafeModeStatus from SafeModeStatus{safeModeStatus=true, preCheckPassed=true} to SafeModeStatus{safeModeStatus=false, preCheckPassed=true}.
2021-10-05 01:14:07,899 [EventQueue-OpenPipelineForHealthyPipelineSafeModeRule] INFO  pipeline.BackgroundPipelineCreator (BackgroundPipelineCreatorV2.java:notifyStatusChanged(264)) - Service BackgroundPipelineCreator transitions to RUNNING.
2021-10-05 01:14:07,899 [EventQueue-OpenPipelineForHealthyPipelineSafeModeRule] INFO  container.ReplicationManager (ReplicationManager.java:notifyStatusChanged(1743)) - Service ReplicationManager transitions to RUNNING.
2021-10-05 01:14:07,901 [6de22b22-6082-49e7-8661-d6f8f49a6695@group-B95E62D2D8BD-LeaderElection4] INFO  server.RaftServerConfigKeys (ConfUtils.java:logGet(44)) - raft.server.log.appender.snapshot.chunk.size.max = 16MB (=16777216) (default)
2021-10-05 01:14:07,901 [6de22b22-6082-49e7-8661-d6f8f49a6695@group-B95E62D2D8BD-LeaderElection4] INFO  server.RaftServerConfigKeys (ConfUtils.java:logGet(44)) - raft.server.log.appender.buffer.byte-limit = 33554432 (custom)
2021-10-05 01:14:07,901 [6de22b22-6082-49e7-8661-d6f8f49a6695@group-B95E62D2D8BD-LeaderElection4] INFO  server.RaftServerConfigKeys (ConfUtils.java:logGet(44)) - raft.server.log.appender.buffer.element-limit = 1 (custom)
2021-10-05 01:14:07,901 [6de22b22-6082-49e7-8661-d6f8f49a6695@group-B95E62D2D8BD-LeaderElection4] INFO  grpc.GrpcConfigKeys (ConfUtils.java:logGet(44)) - raft.grpc.server.leader.outstanding.appends.max = 128 (default)
2021-10-05 01:14:07,901 [6de22b22-6082-49e7-8661-d6f8f49a6695@group-B95E62D2D8BD-LeaderElection4] INFO  server.RaftServerConfigKeys (ConfUtils.java:logGet(44)) - raft.server.rpc.request.timeout = 60s (custom)
2021-10-05 01:14:07,901 [6de22b22-6082-49e7-8661-d6f8f49a6695@group-B95E62D2D8BD-LeaderElection4] INFO  server.RaftServerConfigKeys (ConfUtils.java:logGet(44)) - raft.server.log.appender.install.snapshot.enabled = false (custom)
2021-10-05 01:14:07,902 [6de22b22-6082-49e7-8661-d6f8f49a6695@group-B95E62D2D8BD-LeaderElection4] INFO  impl.RoleInfo (RoleInfo.java:updateAndGet(130)) - 6de22b22-6082-49e7-8661-d6f8f49a6695: start 6de22b22-6082-49e7-8661-d6f8f49a6695@group-B95E62D2D8BD-LeaderStateImpl
2021-10-05 01:14:07,902 [6de22b22-6082-49e7-8661-d6f8f49a6695@group-B95E62D2D8BD-LeaderElection4] INFO  segmented.SegmentedRaftLogWorker (SegmentedRaftLogWorker.java:startLogSegment(394)) - 6de22b22-6082-49e7-8661-d6f8f49a6695@group-B95E62D2D8BD-SegmentedRaftLogWorker: Starting segment from index:0
2021-10-05 01:14:07,894 [6de22b22-6082-49e7-8661-d6f8f49a6695@group-4280A76A5332-LeaderElection5] INFO  server.RaftServer$Division (ServerState.java:setLeader(285)) - 6de22b22-6082-49e7-8661-d6f8f49a6695@group-4280A76A5332: change Leader from null to 6de22b22-6082-49e7-8661-d6f8f49a6695 at term 1 for becomeLeader, leader elected after 5215ms
2021-10-05 01:14:07,902 [6de22b22-6082-49e7-8661-d6f8f49a6695@group-4280A76A5332-LeaderElection5] INFO  server.RaftServerConfigKeys (ConfUtils.java:logGet(44)) - raft.server.staging.catchup.gap = 1000 (default)
2021-10-05 01:14:07,903 [6de22b22-6082-49e7-8661-d6f8f49a6695@group-4280A76A5332-LeaderElection5] INFO  server.RaftServerConfigKeys (ConfUtils.java:logGet(44)) - raft.server.write.element-limit = 1024 (custom)
2021-10-05 01:14:07,903 [6de22b22-6082-49e7-8661-d6f8f49a6695@group-4280A76A5332-LeaderElection5] INFO  server.RaftServerConfigKeys (ConfUtils.java:logGet(44)) - raft.server.write.byte-limit = 1024 M (=1073741824) (custom)
2021-10-05 01:14:07,903 [6de22b22-6082-49e7-8661-d6f8f49a6695@group-4280A76A5332-LeaderElection5] INFO  server.RaftServerConfigKeys (ConfUtils.java:logGet(44)) - raft.server.watch.timeout = 180s (custom)
2021-10-05 01:14:07,903 [6de22b22-6082-49e7-8661-d6f8f49a6695@group-4280A76A5332-LeaderElection5] INFO  server.RaftServerConfigKeys (ConfUtils.java:logGet(44)) - raft.server.watch.timeout.denomination = 1s (default)
2021-10-05 01:14:07,903 [6de22b22-6082-49e7-8661-d6f8f49a6695@group-4280A76A5332-LeaderElection5] INFO  server.RaftServerConfigKeys (ConfUtils.java:logGet(44)) - raft.server.watch.element-limit = 65536 (default)
2021-10-05 01:14:07,903 [6de22b22-6082-49e7-8661-d6f8f49a6695@group-4280A76A5332-LeaderElection5] INFO  impl.RoleInfo (RoleInfo.java:updateAndGet(130)) - 6de22b22-6082-49e7-8661-d6f8f49a6695: start 6de22b22-6082-49e7-8661-d6f8f49a6695@group-4280A76A5332-LeaderStateImpl
2021-10-05 01:14:07,903 [6de22b22-6082-49e7-8661-d6f8f49a6695@group-4280A76A5332-LeaderElection5] INFO  segmented.SegmentedRaftLogWorker (SegmentedRaftLogWorker.java:startLogSegment(394)) - 6de22b22-6082-49e7-8661-d6f8f49a6695@group-4280A76A5332-SegmentedRaftLogWorker: Starting segment from index:0
2021-10-05 01:14:07,905 [6de22b22-6082-49e7-8661-d6f8f49a6695@group-4280A76A5332-SegmentedRaftLogWorker] INFO  segmented.SegmentedRaftLogWorker (SegmentedRaftLogWorker.java:execute(601)) - 6de22b22-6082-49e7-8661-d6f8f49a6695@group-4280A76A5332-SegmentedRaftLogWorker: created new log segment /home/runner/work/ozone/ozone/hadoop-ozone/integration-test/target/test-dir/MiniOzoneClusterImpl-46302e84-7680-4986-b584-895fe31d4053/datanode-0/data/ratis/4fb63426-8e1f-4f58-b5d8-4280a76a5332/current/log_inprogress_0
2021-10-05 01:14:07,907 [6de22b22-6082-49e7-8661-d6f8f49a6695@group-B95E62D2D8BD-SegmentedRaftLogWorker] INFO  segmented.SegmentedRaftLogWorker (SegmentedRaftLogWorker.java:execute(601)) - 6de22b22-6082-49e7-8661-d6f8f49a6695@group-B95E62D2D8BD-SegmentedRaftLogWorker: created new log segment /home/runner/work/ozone/ozone/hadoop-ozone/integration-test/target/test-dir/MiniOzoneClusterImpl-46302e84-7680-4986-b584-895fe31d4053/datanode-0/data/ratis/915157fe-189e-46ad-8d74-b95e62d2d8bd/current/log_inprogress_0
2021-10-05 01:14:07,913 [6de22b22-6082-49e7-8661-d6f8f49a6695@group-4280A76A5332-LeaderElection5] INFO  server.RaftServer$Division (ServerState.java:setRaftConf(387)) - 6de22b22-6082-49e7-8661-d6f8f49a6695@group-4280A76A5332: set configuration 0: [6de22b22-6082-49e7-8661-d6f8f49a6695|rpc:10.1.0.6:36697|dataStream:|priority:1], old=null
2021-10-05 01:14:07,917 [grpc-default-executor-1] INFO  ratis.XceiverServerRatis (XceiverServerRatis.java:handleLeaderChangedNotification(861)) - Leader change notification received for group: group-B95E62D2D8BD with new leaderId: 6de22b22-6082-49e7-8661-d6f8f49a6695
2021-10-05 01:14:07,917 [grpc-default-executor-1] INFO  server.RaftServer$Division (ServerState.java:setLeader(285)) - e7c6af0d-870b-48f5-ab9c-b9888aa7159f@group-B95E62D2D8BD: change Leader from null to 6de22b22-6082-49e7-8661-d6f8f49a6695 at term 1 for appendEntries, leader elected after 5002ms
2021-10-05 01:14:07,922 [6de22b22-6082-49e7-8661-d6f8f49a6695@group-B95E62D2D8BD-LeaderElection4] INFO  server.RaftServer$Division (ServerState.java:setRaftConf(387)) - 6de22b22-6082-49e7-8661-d6f8f49a6695@group-B95E62D2D8BD: set configuration 0: [e7c6af0d-870b-48f5-ab9c-b9888aa7159f|rpc:10.1.0.6:42267|dataStream:|priority:0, 6de22b22-6082-49e7-8661-d6f8f49a6695|rpc:10.1.0.6:36697|dataStream:|priority:1, 38c88a23-152d-408a-8499-1f4b43532754|rpc:10.1.0.6:45217|dataStream:|priority:0], old=null
2021-10-05 01:14:07,923 [grpc-default-executor-2] INFO  ratis.XceiverServerRatis (XceiverServerRatis.java:handleLeaderChangedNotification(861)) - Leader change notification received for group: group-B95E62D2D8BD with new leaderId: 6de22b22-6082-49e7-8661-d6f8f49a6695
2021-10-05 01:14:07,923 [grpc-default-executor-2] INFO  server.RaftServer$Division (ServerState.java:setLeader(285)) - 38c88a23-152d-408a-8499-1f4b43532754@group-B95E62D2D8BD: change Leader from null to 6de22b22-6082-49e7-8661-d6f8f49a6695 at term 1 for appendEntries, leader elected after 5095ms
2021-10-05 01:14:07,927 [grpc-default-executor-1] INFO  server.RaftServer$Division (ServerState.java:setRaftConf(387)) - e7c6af0d-870b-48f5-ab9c-b9888aa7159f@group-B95E62D2D8BD: set configuration 0: [e7c6af0d-870b-48f5-ab9c-b9888aa7159f|rpc:10.1.0.6:42267|dataStream:|priority:0, 6de22b22-6082-49e7-8661-d6f8f49a6695|rpc:10.1.0.6:36697|dataStream:|priority:1, 38c88a23-152d-408a-8499-1f4b43532754|rpc:10.1.0.6:45217|dataStream:|priority:0], old=null
2021-10-05 01:14:07,927 [grpc-default-executor-1] INFO  segmented.SegmentedRaftLogWorker (SegmentedRaftLogWorker.java:startLogSegment(394)) - e7c6af0d-870b-48f5-ab9c-b9888aa7159f@group-B95E62D2D8BD-SegmentedRaftLogWorker: Starting segment from index:0
2021-10-05 01:14:07,930 [grpc-default-executor-0] INFO  server.RaftServer$Division (ServerState.java:setRaftConf(387)) - 38c88a23-152d-408a-8499-1f4b43532754@group-B95E62D2D8BD: set configuration 0: [e7c6af0d-870b-48f5-ab9c-b9888aa7159f|rpc:10.1.0.6:42267|dataStream:|priority:0, 6de22b22-6082-49e7-8661-d6f8f49a6695|rpc:10.1.0.6:36697|dataStream:|priority:1, 38c88a23-152d-408a-8499-1f4b43532754|rpc:10.1.0.6:45217|dataStream:|priority:0], old=null
2021-10-05 01:14:07,930 [grpc-default-executor-0] INFO  segmented.SegmentedRaftLogWorker (SegmentedRaftLogWorker.java:startLogSegment(394)) - 38c88a23-152d-408a-8499-1f4b43532754@group-B95E62D2D8BD-SegmentedRaftLogWorker: Starting segment from index:0
2021-10-05 01:14:07,931 [38c88a23-152d-408a-8499-1f4b43532754@group-B95E62D2D8BD-SegmentedRaftLogWorker] INFO  segmented.SegmentedRaftLogWorker (SegmentedRaftLogWorker.java:execute(601)) - 38c88a23-152d-408a-8499-1f4b43532754@group-B95E62D2D8BD-SegmentedRaftLogWorker: created new log segment /home/runner/work/ozone/ozone/hadoop-ozone/integration-test/target/test-dir/MiniOzoneClusterImpl-46302e84-7680-4986-b584-895fe31d4053/datanode-1/data/ratis/915157fe-189e-46ad-8d74-b95e62d2d8bd/current/log_inprogress_0
2021-10-05 01:14:07,932 [e7c6af0d-870b-48f5-ab9c-b9888aa7159f@group-B95E62D2D8BD-SegmentedRaftLogWorker] INFO  segmented.SegmentedRaftLogWorker (SegmentedRaftLogWorker.java:execute(601)) - e7c6af0d-870b-48f5-ab9c-b9888aa7159f@group-B95E62D2D8BD-SegmentedRaftLogWorker: created new log segment /home/runner/work/ozone/ozone/hadoop-ozone/integration-test/target/test-dir/MiniOzoneClusterImpl-46302e84-7680-4986-b584-895fe31d4053/datanode-2/data/ratis/915157fe-189e-46ad-8d74-b95e62d2d8bd/current/log_inprogress_0
2021-10-05 01:14:07,955 [6de22b22-6082-49e7-8661-d6f8f49a6695@group-217DF92F09C4-FollowerState] INFO  impl.FollowerState (FollowerState.java:run(134)) - 6de22b22-6082-49e7-8661-d6f8f49a6695@group-217DF92F09C4-FollowerState: change to CANDIDATE, lastRpcElapsedTime:5010994435ns, electionTimeout:5010ms
2021-10-05 01:14:07,955 [6de22b22-6082-49e7-8661-d6f8f49a6695@group-217DF92F09C4-FollowerState] INFO  impl.RoleInfo (RoleInfo.java:shutdownFollowerState(108)) - 6de22b22-6082-49e7-8661-d6f8f49a6695: shutdown 6de22b22-6082-49e7-8661-d6f8f49a6695@group-217DF92F09C4-FollowerState
2021-10-05 01:14:07,955 [6de22b22-6082-49e7-8661-d6f8f49a6695@group-217DF92F09C4-FollowerState] INFO  server.RaftServer$Division (RaftServerImpl.java:setRole(285)) - 6de22b22-6082-49e7-8661-d6f8f49a6695@group-217DF92F09C4: changes role from  FOLLOWER to CANDIDATE at term 0 for changeToCandidate
2021-10-05 01:14:07,955 [6de22b22-6082-49e7-8661-d6f8f49a6695@group-217DF92F09C4-FollowerState] INFO  server.RaftServerConfigKeys (ConfUtils.java:logGet(44)) - raft.server.leaderelection.pre-vote = false (custom)
2021-10-05 01:14:07,955 [6de22b22-6082-49e7-8661-d6f8f49a6695@group-217DF92F09C4-FollowerState] INFO  impl.RoleInfo (RoleInfo.java:updateAndGet(130)) - 6de22b22-6082-49e7-8661-d6f8f49a6695: start 6de22b22-6082-49e7-8661-d6f8f49a6695@group-217DF92F09C4-LeaderElection6
2021-10-05 01:14:07,957 [6de22b22-6082-49e7-8661-d6f8f49a6695@group-217DF92F09C4-LeaderElection6] INFO  impl.LeaderElection (LeaderElection.java:askForVotes(306)) - 6de22b22-6082-49e7-8661-d6f8f49a6695@group-217DF92F09C4-LeaderElection6 ELECTION round 0: submit vote requests at term 1 for -1: [e7c6af0d-870b-48f5-ab9c-b9888aa7159f|rpc:10.1.0.6:42267|priority:0, 6de22b22-6082-49e7-8661-d6f8f49a6695|rpc:10.1.0.6:36697|priority:0, 38c88a23-152d-408a-8499-1f4b43532754|rpc:10.1.0.6:45217|priority:1], old=null
2021-10-05 01:14:07,960 [grpc-default-executor-2] INFO  server.RaftServer$Division (RaftServerImpl.java:requestVote(1043)) - e7c6af0d-870b-48f5-ab9c-b9888aa7159f@group-217DF92F09C4: receive requestVote(ELECTION, 6de22b22-6082-49e7-8661-d6f8f49a6695, group-217DF92F09C4, 1, (t:0, i:0))
2021-10-05 01:14:07,960 [grpc-default-executor-2] INFO  impl.VoteContext (VoteContext.java:log(48)) - e7c6af0d-870b-48f5-ab9c-b9888aa7159f@group-217DF92F09C4-FOLLOWER: accept ELECTION from 6de22b22-6082-49e7-8661-d6f8f49a6695: our priority 0 <= candidate's priority 0
2021-10-05 01:14:07,960 [grpc-default-executor-2] INFO  server.RaftServer$Division (RaftServerImpl.java:setRole(285)) - e7c6af0d-870b-48f5-ab9c-b9888aa7159f@group-217DF92F09C4: changes role from  FOLLOWER to FOLLOWER at term 1 for candidate:6de22b22-6082-49e7-8661-d6f8f49a6695
2021-10-05 01:14:07,960 [grpc-default-executor-2] INFO  impl.RoleInfo (RoleInfo.java:shutdownFollowerState(108)) - e7c6af0d-870b-48f5-ab9c-b9888aa7159f: shutdown e7c6af0d-870b-48f5-ab9c-b9888aa7159f@group-217DF92F09C4-FollowerState
2021-10-05 01:14:07,960 [grpc-default-executor-2] INFO  impl.RoleInfo (RoleInfo.java:updateAndGet(130)) - e7c6af0d-870b-48f5-ab9c-b9888aa7159f: start e7c6af0d-870b-48f5-ab9c-b9888aa7159f@group-217DF92F09C4-FollowerState
2021-10-05 01:14:07,960 [e7c6af0d-870b-48f5-ab9c-b9888aa7159f@group-217DF92F09C4-FollowerState] INFO  impl.FollowerState (FollowerState.java:run(143)) - e7c6af0d-870b-48f5-ab9c-b9888aa7159f@group-217DF92F09C4-FollowerState was interrupted: {}
java.lang.InterruptedException: sleep interrupted
	at java.lang.Thread.sleep(Native Method)
	at java.lang.Thread.sleep(Thread.java:340)
	at java.util.concurrent.TimeUnit.sleep(TimeUnit.java:386)
	at org.apache.ratis.util.TimeDuration.sleep(TimeDuration.java:324)
	at org.apache.ratis.util.TimeDuration.sleep(TimeDuration.java:309)
	at org.apache.ratis.server.impl.FollowerState.run(FollowerState.java:118)
2021-10-05 01:14:07,963 [grpc-default-executor-2] INFO  server.RaftServer$Division (RaftServerImpl.java:requestVote(1075)) - e7c6af0d-870b-48f5-ab9c-b9888aa7159f@group-217DF92F09C4 replies to ELECTION vote request: 6de22b22-6082-49e7-8661-d6f8f49a6695<-e7c6af0d-870b-48f5-ab9c-b9888aa7159f#0:OK-t1. Peer's state: e7c6af0d-870b-48f5-ab9c-b9888aa7159f@group-217DF92F09C4:t1, leader=null, voted=6de22b22-6082-49e7-8661-d6f8f49a6695, raftlog=e7c6af0d-870b-48f5-ab9c-b9888aa7159f@group-217DF92F09C4-SegmentedRaftLog:OPENED:c-1,f-1,i0, conf=-1: [e7c6af0d-870b-48f5-ab9c-b9888aa7159f|rpc:10.1.0.6:42267|dataStream:|priority:0, 6de22b22-6082-49e7-8661-d6f8f49a6695|rpc:10.1.0.6:36697|dataStream:|priority:0, 38c88a23-152d-408a-8499-1f4b43532754|rpc:10.1.0.6:45217|dataStream:|priority:1], old=null
2021-10-05 01:14:07,967 [grpc-default-executor-2] INFO  server.RaftServer$Division (RaftServerImpl.java:requestVote(1043)) - 38c88a23-152d-408a-8499-1f4b43532754@group-217DF92F09C4: receive requestVote(ELECTION, 6de22b22-6082-49e7-8661-d6f8f49a6695, group-217DF92F09C4, 1, (t:0, i:0))
2021-10-05 01:14:07,967 [grpc-default-executor-2] INFO  impl.VoteContext (VoteContext.java:log(48)) - 38c88a23-152d-408a-8499-1f4b43532754@group-217DF92F09C4-FOLLOWER: reject ELECTION from 6de22b22-6082-49e7-8661-d6f8f49a6695: our priority 1 > candidate's priority 0
2021-10-05 01:14:07,967 [grpc-default-executor-2] INFO  server.RaftServer$Division (RaftServerImpl.java:setRole(285)) - 38c88a23-152d-408a-8499-1f4b43532754@group-217DF92F09C4: changes role from  FOLLOWER to FOLLOWER at term 1 for candidate:6de22b22-6082-49e7-8661-d6f8f49a6695
2021-10-05 01:14:07,967 [grpc-default-executor-2] INFO  impl.RoleInfo (RoleInfo.java:shutdownFollowerState(108)) - 38c88a23-152d-408a-8499-1f4b43532754: shutdown 38c88a23-152d-408a-8499-1f4b43532754@group-217DF92F09C4-FollowerState
2021-10-05 01:14:07,967 [grpc-default-executor-2] INFO  impl.RoleInfo (RoleInfo.java:updateAndGet(130)) - 38c88a23-152d-408a-8499-1f4b43532754: start 38c88a23-152d-408a-8499-1f4b43532754@group-217DF92F09C4-FollowerState
2021-10-05 01:14:07,967 [38c88a23-152d-408a-8499-1f4b43532754@group-217DF92F09C4-FollowerState] INFO  impl.FollowerState (FollowerState.java:run(143)) - 38c88a23-152d-408a-8499-1f4b43532754@group-217DF92F09C4-FollowerState was interrupted: {}
java.lang.InterruptedException: sleep interrupted
	at java.lang.Thread.sleep(Native Method)
	at java.lang.Thread.sleep(Thread.java:340)
	at java.util.concurrent.TimeUnit.sleep(TimeUnit.java:386)
	at org.apache.ratis.util.TimeDuration.sleep(TimeDuration.java:324)
	at org.apache.ratis.util.TimeDuration.sleep(TimeDuration.java:309)
	at org.apache.ratis.server.impl.FollowerState.run(FollowerState.java:118)
2021-10-05 01:14:07,971 [grpc-default-executor-2] INFO  server.RaftServer$Division (RaftServerImpl.java:requestVote(1075)) - 38c88a23-152d-408a-8499-1f4b43532754@group-217DF92F09C4 replies to ELECTION vote request: 6de22b22-6082-49e7-8661-d6f8f49a6695<-38c88a23-152d-408a-8499-1f4b43532754#0:FAIL-t1. Peer's state: 38c88a23-152d-408a-8499-1f4b43532754@group-217DF92F09C4:t1, leader=null, voted=null, raftlog=38c88a23-152d-408a-8499-1f4b43532754@group-217DF92F09C4-SegmentedRaftLog:OPENED:c-1,f-1,i0, conf=-1: [e7c6af0d-870b-48f5-ab9c-b9888aa7159f|rpc:10.1.0.6:42267|dataStream:|priority:0, 6de22b22-6082-49e7-8661-d6f8f49a6695|rpc:10.1.0.6:36697|dataStream:|priority:0, 38c88a23-152d-408a-8499-1f4b43532754|rpc:10.1.0.6:45217|dataStream:|priority:1], old=null
2021-10-05 01:14:07,972 [6de22b22-6082-49e7-8661-d6f8f49a6695@group-217DF92F09C4-LeaderElection6] INFO  impl.LeaderElection (LeaderElection.java:logAndReturn(89)) - 6de22b22-6082-49e7-8661-d6f8f49a6695@group-217DF92F09C4-LeaderElection6: ELECTION REJECTED received 2 response(s) and 0 exception(s):
2021-10-05 01:14:07,972 [6de22b22-6082-49e7-8661-d6f8f49a6695@group-217DF92F09C4-LeaderElection6] INFO  impl.LeaderElection (LeaderElection.java:logAndReturn(93)) -   Response 0: 6de22b22-6082-49e7-8661-d6f8f49a6695<-e7c6af0d-870b-48f5-ab9c-b9888aa7159f#0:OK-t1
2021-10-05 01:14:07,972 [6de22b22-6082-49e7-8661-d6f8f49a6695@group-217DF92F09C4-LeaderElection6] INFO  impl.LeaderElection (LeaderElection.java:logAndReturn(93)) -   Response 1: 6de22b22-6082-49e7-8661-d6f8f49a6695<-38c88a23-152d-408a-8499-1f4b43532754#0:FAIL-t1
2021-10-05 01:14:07,972 [6de22b22-6082-49e7-8661-d6f8f49a6695@group-217DF92F09C4-LeaderElection6] INFO  impl.LeaderElection (LeaderElection.java:askForVotes(308)) - 6de22b22-6082-49e7-8661-d6f8f49a6695@group-217DF92F09C4-LeaderElection6 ELECTION round 0: result REJECTED
2021-10-05 01:14:07,972 [6de22b22-6082-49e7-8661-d6f8f49a6695@group-217DF92F09C4-LeaderElection6] INFO  server.RaftServer$Division (RaftServerImpl.java:setRole(285)) - 6de22b22-6082-49e7-8661-d6f8f49a6695@group-217DF92F09C4: changes role from CANDIDATE to FOLLOWER at term 1 for REJECTED
2021-10-05 01:14:07,974 [6de22b22-6082-49e7-8661-d6f8f49a6695@group-217DF92F09C4-LeaderElection6] INFO  impl.RoleInfo (RoleInfo.java:shutdownLeaderElection(121)) - 6de22b22-6082-49e7-8661-d6f8f49a6695: shutdown 6de22b22-6082-49e7-8661-d6f8f49a6695@group-217DF92F09C4-LeaderElection6
2021-10-05 01:14:07,974 [6de22b22-6082-49e7-8661-d6f8f49a6695@group-217DF92F09C4-LeaderElection6] INFO  impl.RoleInfo (RoleInfo.java:updateAndGet(130)) - 6de22b22-6082-49e7-8661-d6f8f49a6695: start 6de22b22-6082-49e7-8661-d6f8f49a6695@group-217DF92F09C4-FollowerState
2021-10-05 01:14:08,446 [38c88a23-152d-408a-8499-1f4b43532754@group-B5B6488C01A0-FollowerState] INFO  impl.FollowerState (FollowerState.java:run(134)) - 38c88a23-152d-408a-8499-1f4b43532754@group-B5B6488C01A0-FollowerState: change to CANDIDATE, lastRpcElapsedTime:5147067123ns, electionTimeout:5145ms
2021-10-05 01:14:08,447 [38c88a23-152d-408a-8499-1f4b43532754@group-B5B6488C01A0-FollowerState] INFO  impl.RoleInfo (RoleInfo.java:shutdownFollowerState(108)) - 38c88a23-152d-408a-8499-1f4b43532754: shutdown 38c88a23-152d-408a-8499-1f4b43532754@group-B5B6488C01A0-FollowerState
2021-10-05 01:14:08,448 [38c88a23-152d-408a-8499-1f4b43532754@group-B5B6488C01A0-FollowerState] INFO  server.RaftServer$Division (RaftServerImpl.java:setRole(285)) - 38c88a23-152d-408a-8499-1f4b43532754@group-B5B6488C01A0: changes role from  FOLLOWER to CANDIDATE at term 0 for changeToCandidate
2021-10-05 01:14:08,448 [38c88a23-152d-408a-8499-1f4b43532754@group-B5B6488C01A0-FollowerState] INFO  server.RaftServerConfigKeys (ConfUtils.java:logGet(44)) - raft.server.leaderelection.pre-vote = false (custom)
2021-10-05 01:14:08,448 [38c88a23-152d-408a-8499-1f4b43532754@group-B5B6488C01A0-FollowerState] INFO  impl.RoleInfo (RoleInfo.java:updateAndGet(130)) - 38c88a23-152d-408a-8499-1f4b43532754: start 38c88a23-152d-408a-8499-1f4b43532754@group-B5B6488C01A0-LeaderElection7
2021-10-05 01:14:08,451 [38c88a23-152d-408a-8499-1f4b43532754@group-B5B6488C01A0-LeaderElection7] INFO  impl.LeaderElection (LeaderElection.java:askForVotes(306)) - 38c88a23-152d-408a-8499-1f4b43532754@group-B5B6488C01A0-LeaderElection7 ELECTION round 0: submit vote requests at term 1 for -1: [38c88a23-152d-408a-8499-1f4b43532754|rpc:10.1.0.6:45217|priority:1], old=null
2021-10-05 01:14:08,451 [38c88a23-152d-408a-8499-1f4b43532754@group-B5B6488C01A0-LeaderElection7] INFO  impl.LeaderElection (LeaderElection.java:askForVotes(308)) - 38c88a23-152d-408a-8499-1f4b43532754@group-B5B6488C01A0-LeaderElection7 ELECTION round 0: result PASSED (term=1)
2021-10-05 01:14:08,451 [38c88a23-152d-408a-8499-1f4b43532754@group-B5B6488C01A0-LeaderElection7] INFO  impl.RoleInfo (RoleInfo.java:shutdownLeaderElection(121)) - 38c88a23-152d-408a-8499-1f4b43532754: shutdown 38c88a23-152d-408a-8499-1f4b43532754@group-B5B6488C01A0-LeaderElection7
2021-10-05 01:14:08,451 [38c88a23-152d-408a-8499-1f4b43532754@group-B5B6488C01A0-LeaderElection7] INFO  server.RaftServer$Division (RaftServerImpl.java:setRole(285)) - 38c88a23-152d-408a-8499-1f4b43532754@group-B5B6488C01A0: changes role from CANDIDATE to LEADER at term 1 for changeToLeader
2021-10-05 01:14:08,451 [38c88a23-152d-408a-8499-1f4b43532754@group-B5B6488C01A0-LeaderElection7] INFO  ratis.XceiverServerRatis (XceiverServerRatis.java:handleLeaderChangedNotification(861)) - Leader change notification received for group: group-B5B6488C01A0 with new leaderId: 38c88a23-152d-408a-8499-1f4b43532754
2021-10-05 01:14:08,451 [38c88a23-152d-408a-8499-1f4b43532754@group-B5B6488C01A0-LeaderElection7] INFO  server.RaftServer$Division (ServerState.java:setLeader(285)) - 38c88a23-152d-408a-8499-1f4b43532754@group-B5B6488C01A0: change Leader from null to 38c88a23-152d-408a-8499-1f4b43532754 at term 1 for becomeLeader, leader elected after 5165ms
2021-10-05 01:14:08,451 [38c88a23-152d-408a-8499-1f4b43532754@group-B5B6488C01A0-LeaderElection7] INFO  server.RaftServerConfigKeys (ConfUtils.java:logGet(44)) - raft.server.staging.catchup.gap = 1000 (default)
2021-10-05 01:14:08,452 [Datanode State Machine Thread - 0] WARN  statemachine.StateContext (StateContext.java:execute(621)) - No available thread in pool for past 1 seconds.
2021-10-05 01:14:08,452 [38c88a23-152d-408a-8499-1f4b43532754@group-B5B6488C01A0-LeaderElection7] INFO  server.RaftServerConfigKeys (ConfUtils.java:logGet(44)) - raft.server.write.element-limit = 1024 (custom)
2021-10-05 01:14:08,452 [38c88a23-152d-408a-8499-1f4b43532754@group-B5B6488C01A0-LeaderElection7] INFO  server.RaftServerConfigKeys (ConfUtils.java:logGet(44)) - raft.server.write.byte-limit = 1024 M (=1073741824) (custom)
2021-10-05 01:14:08,452 [38c88a23-152d-408a-8499-1f4b43532754@group-B5B6488C01A0-LeaderElection7] INFO  server.RaftServerConfigKeys (ConfUtils.java:logGet(44)) - raft.server.watch.timeout = 180s (custom)
2021-10-05 01:14:08,452 [38c88a23-152d-408a-8499-1f4b43532754@group-B5B6488C01A0-LeaderElection7] INFO  server.RaftServerConfigKeys (ConfUtils.java:logGet(44)) - raft.server.watch.timeout.denomination = 1s (default)
2021-10-05 01:14:08,452 [38c88a23-152d-408a-8499-1f4b43532754@group-B5B6488C01A0-LeaderElection7] INFO  server.RaftServerConfigKeys (ConfUtils.java:logGet(44)) - raft.server.watch.element-limit = 65536 (default)
2021-10-05 01:14:08,452 [38c88a23-152d-408a-8499-1f4b43532754@group-B5B6488C01A0-LeaderElection7] INFO  impl.RoleInfo (RoleInfo.java:updateAndGet(130)) - 38c88a23-152d-408a-8499-1f4b43532754: start 38c88a23-152d-408a-8499-1f4b43532754@group-B5B6488C01A0-LeaderStateImpl
2021-10-05 01:14:08,453 [38c88a23-152d-408a-8499-1f4b43532754@group-B5B6488C01A0-LeaderElection7] INFO  segmented.SegmentedRaftLogWorker (SegmentedRaftLogWorker.java:startLogSegment(394)) - 38c88a23-152d-408a-8499-1f4b43532754@group-B5B6488C01A0-SegmentedRaftLogWorker: Starting segment from index:0
2021-10-05 01:14:08,455 [38c88a23-152d-408a-8499-1f4b43532754@group-B5B6488C01A0-SegmentedRaftLogWorker] INFO  segmented.SegmentedRaftLogWorker (SegmentedRaftLogWorker.java:execute(601)) - 38c88a23-152d-408a-8499-1f4b43532754@group-B5B6488C01A0-SegmentedRaftLogWorker: created new log segment /home/runner/work/ozone/ozone/hadoop-ozone/integration-test/target/test-dir/MiniOzoneClusterImpl-46302e84-7680-4986-b584-895fe31d4053/datanode-1/data/ratis/67e415fd-1505-4b70-9188-b5b6488c01a0/current/log_inprogress_0
2021-10-05 01:14:08,457 [38c88a23-152d-408a-8499-1f4b43532754@group-B5B6488C01A0-LeaderElection7] INFO  server.RaftServer$Division (ServerState.java:setRaftConf(387)) - 38c88a23-152d-408a-8499-1f4b43532754@group-B5B6488C01A0: set configuration 0: [38c88a23-152d-408a-8499-1f4b43532754|rpc:10.1.0.6:45217|dataStream:|priority:1], old=null
2021-10-05 01:14:08,701 [Listener at 127.0.0.1/10888] INFO  ozone.MiniOzoneClusterImpl (MiniOzoneClusterImpl.java:lambda$waitForClusterToBeReady$0(235)) - Nodes are ready. Got 3 of 3 DN Heartbeats.
2021-10-05 01:14:08,701 [Listener at 127.0.0.1/10888] INFO  ozone.MiniOzoneClusterImpl (MiniOzoneClusterImpl.java:lambda$waitForClusterToBeReady$0(238)) - Cluster exits safe mode
2021-10-05 01:14:08,702 [Listener at 127.0.0.1/10888] INFO  ozone.MiniOzoneClusterImpl (MiniOzoneClusterImpl.java:lambda$waitForClusterToBeReady$0(240)) - SCM became leader
2021-10-05 01:14:08,797 [e7c6af0d-870b-48f5-ab9c-b9888aa7159f@group-3F211FDEA246-FollowerState] INFO  impl.FollowerState (FollowerState.java:run(134)) - e7c6af0d-870b-48f5-ab9c-b9888aa7159f@group-3F211FDEA246-FollowerState: change to CANDIDATE, lastRpcElapsedTime:5071428618ns, electionTimeout:5070ms
2021-10-05 01:14:08,797 [e7c6af0d-870b-48f5-ab9c-b9888aa7159f@group-3F211FDEA246-FollowerState] INFO  impl.RoleInfo (RoleInfo.java:shutdownFollowerState(108)) - e7c6af0d-870b-48f5-ab9c-b9888aa7159f: shutdown e7c6af0d-870b-48f5-ab9c-b9888aa7159f@group-3F211FDEA246-FollowerState
2021-10-05 01:14:08,798 [e7c6af0d-870b-48f5-ab9c-b9888aa7159f@group-3F211FDEA246-FollowerState] INFO  server.RaftServer$Division (RaftServerImpl.java:setRole(285)) - e7c6af0d-870b-48f5-ab9c-b9888aa7159f@group-3F211FDEA246: changes role from  FOLLOWER to CANDIDATE at term 0 for changeToCandidate
2021-10-05 01:14:08,798 [e7c6af0d-870b-48f5-ab9c-b9888aa7159f@group-3F211FDEA246-FollowerState] INFO  server.RaftServerConfigKeys (ConfUtils.java:logGet(44)) - raft.server.leaderelection.pre-vote = false (custom)
2021-10-05 01:14:08,798 [e7c6af0d-870b-48f5-ab9c-b9888aa7159f@group-3F211FDEA246-FollowerState] INFO  impl.RoleInfo (RoleInfo.java:updateAndGet(130)) - e7c6af0d-870b-48f5-ab9c-b9888aa7159f: start e7c6af0d-870b-48f5-ab9c-b9888aa7159f@group-3F211FDEA246-LeaderElection8
2021-10-05 01:14:08,812 [e7c6af0d-870b-48f5-ab9c-b9888aa7159f@group-3F211FDEA246-LeaderElection8] INFO  impl.LeaderElection (LeaderElection.java:askForVotes(306)) - e7c6af0d-870b-48f5-ab9c-b9888aa7159f@group-3F211FDEA246-LeaderElection8 ELECTION round 0: submit vote requests at term 1 for -1: [e7c6af0d-870b-48f5-ab9c-b9888aa7159f|rpc:10.1.0.6:42267|priority:1], old=null
2021-10-05 01:14:08,812 [e7c6af0d-870b-48f5-ab9c-b9888aa7159f@group-3F211FDEA246-LeaderElection8] INFO  impl.LeaderElection (LeaderElection.java:askForVotes(308)) - e7c6af0d-870b-48f5-ab9c-b9888aa7159f@group-3F211FDEA246-LeaderElection8 ELECTION round 0: result PASSED (term=1)
2021-10-05 01:14:08,812 [e7c6af0d-870b-48f5-ab9c-b9888aa7159f@group-3F211FDEA246-LeaderElection8] INFO  impl.RoleInfo (RoleInfo.java:shutdownLeaderElection(121)) - e7c6af0d-870b-48f5-ab9c-b9888aa7159f: shutdown e7c6af0d-870b-48f5-ab9c-b9888aa7159f@group-3F211FDEA246-LeaderElection8
2021-10-05 01:14:08,813 [e7c6af0d-870b-48f5-ab9c-b9888aa7159f@group-3F211FDEA246-LeaderElection8] INFO  server.RaftServer$Division (RaftServerImpl.java:setRole(285)) - e7c6af0d-870b-48f5-ab9c-b9888aa7159f@group-3F211FDEA246: changes role from CANDIDATE to LEADER at term 1 for changeToLeader
2021-10-05 01:14:08,813 [e7c6af0d-870b-48f5-ab9c-b9888aa7159f@group-3F211FDEA246-LeaderElection8] INFO  ratis.XceiverServerRatis (XceiverServerRatis.java:handleLeaderChangedNotification(861)) - Leader change notification received for group: group-3F211FDEA246 with new leaderId: e7c6af0d-870b-48f5-ab9c-b9888aa7159f
2021-10-05 01:14:08,813 [e7c6af0d-870b-48f5-ab9c-b9888aa7159f@group-3F211FDEA246-LeaderElection8] INFO  server.RaftServer$Division (ServerState.java:setLeader(285)) - e7c6af0d-870b-48f5-ab9c-b9888aa7159f@group-3F211FDEA246: change Leader from null to e7c6af0d-870b-48f5-ab9c-b9888aa7159f at term 1 for becomeLeader, leader elected after 5103ms
2021-10-05 01:14:08,814 [e7c6af0d-870b-48f5-ab9c-b9888aa7159f@group-3F211FDEA246-LeaderElection8] INFO  server.RaftServerConfigKeys (ConfUtils.java:logGet(44)) - raft.server.staging.catchup.gap = 1000 (default)
2021-10-05 01:14:08,824 [e7c6af0d-870b-48f5-ab9c-b9888aa7159f@group-3F211FDEA246-LeaderElection8] INFO  server.RaftServerConfigKeys (ConfUtils.java:logGet(44)) - raft.server.write.element-limit = 1024 (custom)
2021-10-05 01:14:08,824 [e7c6af0d-870b-48f5-ab9c-b9888aa7159f@group-3F211FDEA246-LeaderElection8] INFO  server.RaftServerConfigKeys (ConfUtils.java:logGet(44)) - raft.server.write.byte-limit = 1024 M (=1073741824) (custom)
2021-10-05 01:14:08,825 [e7c6af0d-870b-48f5-ab9c-b9888aa7159f@group-3F211FDEA246-LeaderElection8] INFO  server.RaftServerConfigKeys (ConfUtils.java:logGet(44)) - raft.server.watch.timeout = 180s (custom)
2021-10-05 01:14:08,825 [e7c6af0d-870b-48f5-ab9c-b9888aa7159f@group-3F211FDEA246-LeaderElection8] INFO  server.RaftServerConfigKeys (ConfUtils.java:logGet(44)) - raft.server.watch.timeout.denomination = 1s (default)
2021-10-05 01:14:08,825 [e7c6af0d-870b-48f5-ab9c-b9888aa7159f@group-3F211FDEA246-LeaderElection8] INFO  server.RaftServerConfigKeys (ConfUtils.java:logGet(44)) - raft.server.watch.element-limit = 65536 (default)
2021-10-05 01:14:08,826 [e7c6af0d-870b-48f5-ab9c-b9888aa7159f@group-3F211FDEA246-LeaderElection8] INFO  impl.RoleInfo (RoleInfo.java:updateAndGet(130)) - e7c6af0d-870b-48f5-ab9c-b9888aa7159f: start e7c6af0d-870b-48f5-ab9c-b9888aa7159f@group-3F211FDEA246-LeaderStateImpl
2021-10-05 01:14:08,828 [e7c6af0d-870b-48f5-ab9c-b9888aa7159f@group-3F211FDEA246-LeaderElection8] INFO  segmented.SegmentedRaftLogWorker (SegmentedRaftLogWorker.java:startLogSegment(394)) - e7c6af0d-870b-48f5-ab9c-b9888aa7159f@group-3F211FDEA246-SegmentedRaftLogWorker: Starting segment from index:0
2021-10-05 01:14:08,829 [e7c6af0d-870b-48f5-ab9c-b9888aa7159f@group-3F211FDEA246-SegmentedRaftLogWorker] INFO  segmented.SegmentedRaftLogWorker (SegmentedRaftLogWorker.java:execute(601)) - e7c6af0d-870b-48f5-ab9c-b9888aa7159f@group-3F211FDEA246-SegmentedRaftLogWorker: created new log segment /home/runner/work/ozone/ozone/hadoop-ozone/integration-test/target/test-dir/MiniOzoneClusterImpl-46302e84-7680-4986-b584-895fe31d4053/datanode-2/data/ratis/7a48d5b9-ac14-4c14-bd57-3f211fdea246/current/log_inprogress_0
2021-10-05 01:14:08,849 [e7c6af0d-870b-48f5-ab9c-b9888aa7159f@group-3F211FDEA246-LeaderElection8] INFO  server.RaftServer$Division (ServerState.java:setRaftConf(387)) - e7c6af0d-870b-48f5-ab9c-b9888aa7159f@group-3F211FDEA246: set configuration 0: [e7c6af0d-870b-48f5-ab9c-b9888aa7159f|rpc:10.1.0.6:42267|dataStream:|priority:1], old=null
]]></system-out>
  </testcase>
  <testcase name="testPrepareWithMultipleThreads" classname="org.apache.hadoop.ozone.om.TestOzoneManagerPrepare" time="10.229"/>
  <testcase name="testCancelPrepare" classname="org.apache.hadoop.ozone.om.TestOzoneManagerPrepare" time="122.624">
    <error message="timeout: after 120000 millis" type="java.util.concurrent.TimeoutException">java.util.concurrent.TimeoutException: timeout: after 120000 millis
	at org.apache.ozone.test.LambdaTestUtils$GenerateTimeout.evaluate(LambdaTestUtils.java:677)
	at org.apache.ozone.test.LambdaTestUtils.await(LambdaTestUtils.java:154)
	at org.apache.ozone.test.LambdaTestUtils.await(LambdaTestUtils.java:192)
	at org.apache.hadoop.ozone.om.TestOzoneManagerPrepare.assertClusterNotPrepared(TestOzoneManagerPrepare.java:484)
	at org.apache.hadoop.ozone.om.TestOzoneManagerPrepare.assertClusterNotPrepared(TestOzoneManagerPrepare.java:478)
	at org.apache.hadoop.ozone.om.TestOzoneManagerPrepare.initOM(TestOzoneManagerPrepare.java:91)
	at sun.reflect.NativeMethodAccessorImpl.invoke0(Native Method)
	at sun.reflect.NativeMethodAccessorImpl.invoke(NativeMethodAccessorImpl.java:62)
	at sun.reflect.DelegatingMethodAccessorImpl.invoke(DelegatingMethodAccessorImpl.java:43)
	at java.lang.reflect.Method.invoke(Method.java:498)
	at org.junit.runners.model.FrameworkMethod$1.runReflectiveCall(FrameworkMethod.java:59)
	at org.junit.internal.runners.model.ReflectiveCallable.run(ReflectiveCallable.java:12)
	at org.junit.runners.model.FrameworkMethod.invokeExplosively(FrameworkMethod.java:56)
	at org.junit.internal.runners.statements.RunBefores.invokeMethod(RunBefores.java:33)
	at org.junit.internal.runners.statements.RunBefores.evaluate(RunBefores.java:24)
	at org.junit.internal.runners.statements.RunAfters.evaluate(RunAfters.java:27)
	at org.junit.rules.ExpectedException$ExpectedExceptionStatement.evaluate(ExpectedException.java:258)
	at org.junit.internal.runners.statements.FailOnTimeout$CallableStatement.call(FailOnTimeout.java:288)
	at org.junit.internal.runners.statements.FailOnTimeout$CallableStatement.call(FailOnTimeout.java:282)
	at java.util.concurrent.FutureTask.run(FutureTask.java:266)
	at java.lang.Thread.run(Thread.java:748)
</error>
    <system-out><![CDATA[2021-10-05 01:14:19,492 [Time-limited test] INFO  retry.RetryInvocationHandler (RetryInvocationHandler.java:log(411)) - com.google.protobuf.ServiceException: java.io.EOFException: End of File Exception between local host is: "fv-az50-768/10.1.0.6"; destination host is: "localhost":10876; : java.io.EOFException; For more details see:  http://wiki.apache.org/hadoop/EOFException, while invoking $Proxy52.submitRequest over nodeId=omNode-1,nodeAddress=127.0.0.1:10876. Trying to failover immediately.
2021-10-05 01:14:19,505 [Time-limited test] INFO  retry.RetryInvocationHandler (RetryInvocationHandler.java:log(411)) - com.google.protobuf.ServiceException: org.apache.hadoop.ipc.RemoteException(org.apache.hadoop.ozone.om.exceptions.OMNotLeaderException): OM:omNode-2 is not the leader. Could not determine the leader node.
	at org.apache.hadoop.ozone.om.ratis.utils.OzoneManagerRatisUtils.createNotLeaderException(OzoneManagerRatisUtils.java:465)
	at org.apache.hadoop.ozone.om.ratis.utils.OzoneManagerRatisUtils.checkLeaderStatus(OzoneManagerRatisUtils.java:451)
	at org.apache.hadoop.ozone.protocolPB.OzoneManagerProtocolServerSideTranslatorPB.checkLeaderStatus(OzoneManagerProtocolServerSideTranslatorPB.java:242)
	at org.apache.hadoop.ozone.protocolPB.OzoneManagerProtocolServerSideTranslatorPB.processRequest(OzoneManagerProtocolServerSideTranslatorPB.java:135)
	at org.apache.hadoop.hdds.server.OzoneProtocolMessageDispatcher.processRequest(OzoneProtocolMessageDispatcher.java:87)
	at org.apache.hadoop.ozone.protocolPB.OzoneManagerProtocolServerSideTranslatorPB.submitRequest(OzoneManagerProtocolServerSideTranslatorPB.java:123)
	at org.apache.hadoop.ozone.protocol.proto.OzoneManagerProtocolProtos$OzoneManagerService$2.callBlockingMethod(OzoneManagerProtocolProtos.java)
	at org.apache.hadoop.ipc.ProtobufRpcEngine$Server.processCall(ProtobufRpcEngine.java:466)
	at org.apache.hadoop.ipc.ProtobufRpcEngine2$Server$ProtoBufRpcInvoker.call(ProtobufRpcEngine2.java:574)
	at org.apache.hadoop.ipc.ProtobufRpcEngine2$Server$ProtoBufRpcInvoker.call(ProtobufRpcEngine2.java:552)
	at org.apache.hadoop.ipc.RPC$Server.call(RPC.java:1093)
	at org.apache.hadoop.ipc.Server$RpcCall.run(Server.java:1035)
	at org.apache.hadoop.ipc.Server$RpcCall.run(Server.java:963)
	at java.security.AccessController.doPrivileged(Native Method)
	at javax.security.auth.Subject.doAs(Subject.java:422)
	at org.apache.hadoop.security.UserGroupInformation.doAs(UserGroupInformation.java:1878)
	at org.apache.hadoop.ipc.Server$Handler.run(Server.java:2966)
, while invoking $Proxy52.submitRequest over nodeId=omNode-2,nodeAddress=127.0.0.1:10882 after 1 failover attempts. Trying to failover immediately.
2021-10-05 01:14:19,513 [Time-limited test] INFO  retry.RetryInvocationHandler (RetryInvocationHandler.java:log(411)) - com.google.protobuf.ServiceException: org.apache.hadoop.ipc.RemoteException(org.apache.hadoop.ozone.om.exceptions.OMNotLeaderException): OM:omNode-3 is not the leader. Could not determine the leader node.
	at org.apache.hadoop.ozone.om.ratis.utils.OzoneManagerRatisUtils.createNotLeaderException(OzoneManagerRatisUtils.java:465)
	at org.apache.hadoop.ozone.om.ratis.utils.OzoneManagerRatisUtils.checkLeaderStatus(OzoneManagerRatisUtils.java:451)
	at org.apache.hadoop.ozone.protocolPB.OzoneManagerProtocolServerSideTranslatorPB.checkLeaderStatus(OzoneManagerProtocolServerSideTranslatorPB.java:242)
	at org.apache.hadoop.ozone.protocolPB.OzoneManagerProtocolServerSideTranslatorPB.processRequest(OzoneManagerProtocolServerSideTranslatorPB.java:135)
	at org.apache.hadoop.hdds.server.OzoneProtocolMessageDispatcher.processRequest(OzoneProtocolMessageDispatcher.java:87)
	at org.apache.hadoop.ozone.protocolPB.OzoneManagerProtocolServerSideTranslatorPB.submitRequest(OzoneManagerProtocolServerSideTranslatorPB.java:123)
	at org.apache.hadoop.ozone.protocol.proto.OzoneManagerProtocolProtos$OzoneManagerService$2.callBlockingMethod(OzoneManagerProtocolProtos.java)
	at org.apache.hadoop.ipc.ProtobufRpcEngine$Server.processCall(ProtobufRpcEngine.java:466)
	at org.apache.hadoop.ipc.ProtobufRpcEngine2$Server$ProtoBufRpcInvoker.call(ProtobufRpcEngine2.java:574)
	at org.apache.hadoop.ipc.ProtobufRpcEngine2$Server$ProtoBufRpcInvoker.call(ProtobufRpcEngine2.java:552)
	at org.apache.hadoop.ipc.RPC$Server.call(RPC.java:1093)
	at org.apache.hadoop.ipc.Server$RpcCall.run(Server.java:1035)
	at org.apache.hadoop.ipc.Server$RpcCall.run(Server.java:963)
	at java.security.AccessController.doPrivileged(Native Method)
	at javax.security.auth.Subject.doAs(Subject.java:422)
	at org.apache.hadoop.security.UserGroupInformation.doAs(UserGroupInformation.java:1878)
	at org.apache.hadoop.ipc.Server$Handler.run(Server.java:2966)
, while invoking $Proxy52.submitRequest over nodeId=omNode-3,nodeAddress=127.0.0.1:10888 after 2 failover attempts. Trying to failover after sleeping for 2000ms.
2021-10-05 01:14:20,342 [omNode-1@group-523986131536-FollowerState] INFO  impl.FollowerState (FollowerState.java:run(134)) - omNode-1@group-523986131536-FollowerState: change to CANDIDATE, lastRpcElapsedTime:1070621781ns, electionTimeout:1069ms
2021-10-05 01:14:20,343 [omNode-1@group-523986131536-FollowerState] INFO  impl.RoleInfo (RoleInfo.java:shutdownFollowerState(108)) - omNode-1: shutdown omNode-1@group-523986131536-FollowerState
2021-10-05 01:14:20,343 [omNode-1@group-523986131536-FollowerState] INFO  server.RaftServer$Division (RaftServerImpl.java:setRole(285)) - omNode-1@group-523986131536: changes role from  FOLLOWER to CANDIDATE at term 2 for changeToCandidate
2021-10-05 01:14:20,344 [omNode-1@group-523986131536-FollowerState] INFO  server.RaftServerConfigKeys (ConfUtils.java:logGet(44)) - raft.server.leaderelection.pre-vote = false (custom)
2021-10-05 01:14:20,344 [omNode-1@group-523986131536-FollowerState] INFO  impl.RoleInfo (RoleInfo.java:updateAndGet(130)) - omNode-1: start omNode-1@group-523986131536-LeaderElection11
2021-10-05 01:14:20,347 [omNode-1@group-523986131536-LeaderElection11] INFO  impl.LeaderElection (LeaderElection.java:askForVotes(306)) - omNode-1@group-523986131536-LeaderElection11 ELECTION round 0: submit vote requests at term 3 for 0: [omNode-3|rpc:localhost:10892|admin:|client:|dataStream:|priority:0, omNode-1|rpc:localhost:10880|admin:|client:|dataStream:|priority:0, omNode-2|rpc:localhost:10886|admin:|client:|dataStream:|priority:0], old=null
2021-10-05 01:14:20,360 [grpc-default-executor-0] INFO  server.RaftServer$Division (RaftServerImpl.java:requestVote(1043)) - omNode-3@group-523986131536: receive requestVote(ELECTION, omNode-1, group-523986131536, 3, (t:2, i:15))
2021-10-05 01:14:20,360 [grpc-default-executor-0] INFO  impl.VoteContext (VoteContext.java:log(48)) - omNode-3@group-523986131536-FOLLOWER: reject ELECTION from omNode-1: already has voted for omNode-2 at current term 3
2021-10-05 01:14:20,361 [grpc-default-executor-0] INFO  server.RaftServer$Division (RaftServerImpl.java:requestVote(1075)) - omNode-3@group-523986131536 replies to ELECTION vote request: omNode-1<-omNode-3#0:FAIL-t3. Peer's state: omNode-3@group-523986131536:t3, leader=omNode-2, voted=omNode-2, raftlog=omNode-3@group-523986131536-SegmentedRaftLog:OPENED:c17,f17,i17, conf=16: [omNode-3|rpc:localhost:10892|admin:|client:|dataStream:|priority:0, omNode-1|rpc:localhost:10880|admin:|client:|dataStream:|priority:0, omNode-2|rpc:localhost:10886|admin:|client:|dataStream:|priority:0], old=null
2021-10-05 01:14:20,364 [grpc-default-executor-0] INFO  server.RaftServer$Division (RaftServerImpl.java:requestVote(1043)) - omNode-2@group-523986131536: receive requestVote(ELECTION, omNode-1, group-523986131536, 3, (t:2, i:15))
2021-10-05 01:14:20,364 [grpc-default-executor-0] INFO  impl.VoteContext (VoteContext.java:log(48)) - omNode-2@group-523986131536-FOLLOWER: reject ELECTION from omNode-1: already has voted for omNode-2 at current term 3
2021-10-05 01:14:20,364 [grpc-default-executor-0] INFO  server.RaftServer$Division (RaftServerImpl.java:requestVote(1075)) - omNode-2@group-523986131536 replies to ELECTION vote request: omNode-1<-omNode-2#0:FAIL-t3. Peer's state: omNode-2@group-523986131536:t3, leader=null, voted=omNode-2, raftlog=omNode-2@group-523986131536-SegmentedRaftLog:OPENED:c17,f17,i17, conf=16: [omNode-3|rpc:localhost:10892|admin:|client:|dataStream:|priority:0, omNode-1|rpc:localhost:10880|admin:|client:|dataStream:|priority:0, omNode-2|rpc:localhost:10886|admin:|client:|dataStream:|priority:0], old=null
2021-10-05 01:14:20,366 [omNode-1@group-523986131536-LeaderElection11] INFO  impl.LeaderElection (LeaderElection.java:logAndReturn(89)) - omNode-1@group-523986131536-LeaderElection11: ELECTION REJECTED received 2 response(s) and 0 exception(s):
2021-10-05 01:14:20,367 [omNode-1@group-523986131536-LeaderElection11] INFO  impl.LeaderElection (LeaderElection.java:logAndReturn(93)) -   Response 0: omNode-1<-omNode-3#0:FAIL-t3
2021-10-05 01:14:20,367 [omNode-1@group-523986131536-LeaderElection11] INFO  impl.LeaderElection (LeaderElection.java:logAndReturn(93)) -   Response 1: omNode-1<-omNode-2#0:FAIL-t3
2021-10-05 01:14:20,367 [omNode-1@group-523986131536-LeaderElection11] INFO  impl.LeaderElection (LeaderElection.java:askForVotes(308)) - omNode-1@group-523986131536-LeaderElection11 ELECTION round 0: result REJECTED
2021-10-05 01:14:20,367 [omNode-1@group-523986131536-LeaderElection11] INFO  server.RaftServer$Division (RaftServerImpl.java:setRole(285)) - omNode-1@group-523986131536: changes role from CANDIDATE to FOLLOWER at term 3 for REJECTED
2021-10-05 01:14:20,367 [omNode-1@group-523986131536-LeaderElection11] INFO  impl.RoleInfo (RoleInfo.java:shutdownLeaderElection(121)) - omNode-1: shutdown omNode-1@group-523986131536-LeaderElection11
2021-10-05 01:14:20,367 [omNode-1@group-523986131536-LeaderElection11] INFO  impl.RoleInfo (RoleInfo.java:updateAndGet(130)) - omNode-1: start omNode-1@group-523986131536-FollowerState
2021-10-05 01:14:20,559 [omNode-2@group-523986131536-FollowerState] INFO  impl.FollowerState (FollowerState.java:run(134)) - omNode-2@group-523986131536-FollowerState: change to CANDIDATE, lastRpcElapsedTime:1119149148ns, electionTimeout:1118ms
2021-10-05 01:14:20,560 [omNode-2@group-523986131536-FollowerState] INFO  impl.RoleInfo (RoleInfo.java:shutdownFollowerState(108)) - omNode-2: shutdown omNode-2@group-523986131536-FollowerState
2021-10-05 01:14:20,560 [omNode-2@group-523986131536-FollowerState] INFO  server.RaftServer$Division (RaftServerImpl.java:setRole(285)) - omNode-2@group-523986131536: changes role from  FOLLOWER to CANDIDATE at term 3 for changeToCandidate
2021-10-05 01:14:20,560 [omNode-2@group-523986131536-FollowerState] INFO  server.RaftServerConfigKeys (ConfUtils.java:logGet(44)) - raft.server.leaderelection.pre-vote = false (custom)
2021-10-05 01:14:20,560 [omNode-2@group-523986131536-FollowerState] INFO  impl.RoleInfo (RoleInfo.java:updateAndGet(130)) - omNode-2: start omNode-2@group-523986131536-LeaderElection12
2021-10-05 01:14:20,563 [omNode-2@group-523986131536-LeaderElection12] INFO  impl.LeaderElection (LeaderElection.java:askForVotes(306)) - omNode-2@group-523986131536-LeaderElection12 ELECTION round 0: submit vote requests at term 4 for 16: [omNode-3|rpc:localhost:10892|admin:|client:|dataStream:|priority:0, omNode-1|rpc:localhost:10880|admin:|client:|dataStream:|priority:0, omNode-2|rpc:localhost:10886|admin:|client:|dataStream:|priority:0], old=null
2021-10-05 01:14:20,581 [grpc-default-executor-0] INFO  server.RaftServer$Division (RaftServerImpl.java:requestVote(1043)) - omNode-1@group-523986131536: receive requestVote(ELECTION, omNode-2, group-523986131536, 4, (t:3, i:17))
2021-10-05 01:14:20,582 [grpc-default-executor-0] INFO  impl.VoteContext (VoteContext.java:log(48)) - omNode-1@group-523986131536-FOLLOWER: accept ELECTION from omNode-2: our last entry (t:2, i:15) < candidate's last entry (t:3, i:17)
2021-10-05 01:14:20,582 [grpc-default-executor-0] INFO  server.RaftServer$Division (RaftServerImpl.java:setRole(285)) - omNode-1@group-523986131536: changes role from  FOLLOWER to FOLLOWER at term 4 for candidate:omNode-2
2021-10-05 01:14:20,582 [grpc-default-executor-0] INFO  impl.RoleInfo (RoleInfo.java:shutdownFollowerState(108)) - omNode-1: shutdown omNode-1@group-523986131536-FollowerState
2021-10-05 01:14:20,582 [grpc-default-executor-0] INFO  impl.RoleInfo (RoleInfo.java:updateAndGet(130)) - omNode-1: start omNode-1@group-523986131536-FollowerState
2021-10-05 01:14:20,582 [omNode-1@group-523986131536-FollowerState] INFO  impl.FollowerState (FollowerState.java:run(143)) - omNode-1@group-523986131536-FollowerState was interrupted: {}
java.lang.InterruptedException: sleep interrupted
	at java.lang.Thread.sleep(Native Method)
	at java.lang.Thread.sleep(Thread.java:340)
	at java.util.concurrent.TimeUnit.sleep(TimeUnit.java:386)
	at org.apache.ratis.util.TimeDuration.sleep(TimeDuration.java:324)
	at org.apache.ratis.util.TimeDuration.sleep(TimeDuration.java:309)
	at org.apache.ratis.server.impl.FollowerState.run(FollowerState.java:118)
2021-10-05 01:14:20,583 [grpc-default-executor-2] INFO  server.RaftServer$Division (RaftServerImpl.java:requestVote(1043)) - omNode-3@group-523986131536: receive requestVote(ELECTION, omNode-2, group-523986131536, 4, (t:3, i:17))
2021-10-05 01:14:20,583 [grpc-default-executor-2] INFO  impl.VoteContext (VoteContext.java:log(48)) - omNode-3@group-523986131536-FOLLOWER: accept ELECTION from omNode-2: our priority 0 <= candidate's priority 0
2021-10-05 01:14:20,584 [grpc-default-executor-2] INFO  server.RaftServer$Division (ServerState.java:setLeader(285)) - omNode-3@group-523986131536: change Leader from omNode-2 to null at term 4 for updateCurrentTerm
2021-10-05 01:14:20,584 [grpc-default-executor-2] INFO  server.RaftServer$Division (RaftServerImpl.java:setRole(285)) - omNode-3@group-523986131536: changes role from  FOLLOWER to FOLLOWER at term 4 for candidate:omNode-2
2021-10-05 01:14:20,584 [grpc-default-executor-2] INFO  impl.RoleInfo (RoleInfo.java:shutdownFollowerState(108)) - omNode-3: shutdown omNode-3@group-523986131536-FollowerState
2021-10-05 01:14:20,584 [grpc-default-executor-2] INFO  impl.RoleInfo (RoleInfo.java:updateAndGet(130)) - omNode-3: start omNode-3@group-523986131536-FollowerState
2021-10-05 01:14:20,584 [omNode-3@group-523986131536-FollowerState] INFO  impl.FollowerState (FollowerState.java:run(143)) - omNode-3@group-523986131536-FollowerState was interrupted: {}
java.lang.InterruptedException: sleep interrupted
	at java.lang.Thread.sleep(Native Method)
	at java.lang.Thread.sleep(Thread.java:340)
	at java.util.concurrent.TimeUnit.sleep(TimeUnit.java:386)
	at org.apache.ratis.util.TimeDuration.sleep(TimeDuration.java:324)
	at org.apache.ratis.util.TimeDuration.sleep(TimeDuration.java:309)
	at org.apache.ratis.server.impl.FollowerState.run(FollowerState.java:118)
2021-10-05 01:14:20,585 [grpc-default-executor-2] INFO  server.RaftServer$Division (RaftServerImpl.java:requestVote(1075)) - omNode-3@group-523986131536 replies to ELECTION vote request: omNode-2<-omNode-3#0:OK-t4. Peer's state: omNode-3@group-523986131536:t4, leader=null, voted=omNode-2, raftlog=omNode-3@group-523986131536-SegmentedRaftLog:OPENED:c17,f17,i17, conf=16: [omNode-3|rpc:localhost:10892|admin:|client:|dataStream:|priority:0, omNode-1|rpc:localhost:10880|admin:|client:|dataStream:|priority:0, omNode-2|rpc:localhost:10886|admin:|client:|dataStream:|priority:0], old=null
2021-10-05 01:14:20,587 [grpc-default-executor-0] INFO  server.RaftServer$Division (RaftServerImpl.java:requestVote(1075)) - omNode-1@group-523986131536 replies to ELECTION vote request: omNode-2<-omNode-1#0:OK-t4. Peer's state: omNode-1@group-523986131536:t4, leader=null, voted=omNode-2, raftlog=omNode-1@group-523986131536-SegmentedRaftLog:OPENED:c15,f15,i0, conf=0: [omNode-3|rpc:localhost:10892|admin:|client:|dataStream:|priority:0, omNode-1|rpc:localhost:10880|admin:|client:|dataStream:|priority:0, omNode-2|rpc:localhost:10886|admin:|client:|dataStream:|priority:0], old=null
2021-10-05 01:14:20,590 [omNode-2@group-523986131536-LeaderElection12] INFO  impl.LeaderElection (LeaderElection.java:logAndReturn(89)) - omNode-2@group-523986131536-LeaderElection12: ELECTION PASSED received 1 response(s) and 0 exception(s):
2021-10-05 01:14:20,590 [omNode-2@group-523986131536-LeaderElection12] INFO  impl.LeaderElection (LeaderElection.java:logAndReturn(93)) -   Response 0: omNode-2<-omNode-1#0:OK-t4
2021-10-05 01:14:20,591 [omNode-2@group-523986131536-LeaderElection12] INFO  impl.LeaderElection (LeaderElection.java:askForVotes(308)) - omNode-2@group-523986131536-LeaderElection12 ELECTION round 0: result PASSED
2021-10-05 01:14:20,591 [omNode-2@group-523986131536-LeaderElection12] INFO  impl.RoleInfo (RoleInfo.java:shutdownLeaderElection(121)) - omNode-2: shutdown omNode-2@group-523986131536-LeaderElection12
2021-10-05 01:14:20,592 [omNode-2@group-523986131536-LeaderElection12] INFO  server.RaftServer$Division (RaftServerImpl.java:setRole(285)) - omNode-2@group-523986131536: changes role from CANDIDATE to LEADER at term 4 for changeToLeader
2021-10-05 01:14:20,592 [omNode-2@group-523986131536-LeaderElection12] INFO  server.RaftServer$Division (ServerState.java:setLeader(285)) - omNode-2@group-523986131536: change Leader from null to omNode-2 at term 4 for becomeLeader, leader elected after 1164ms
2021-10-05 01:14:20,592 [omNode-2@group-523986131536-LeaderElection12] INFO  server.RaftServerConfigKeys (ConfUtils.java:logGet(44)) - raft.server.staging.catchup.gap = 1000 (default)
2021-10-05 01:14:20,592 [omNode-2@group-523986131536-LeaderElection12] INFO  server.RaftServerConfigKeys (ConfUtils.java:logGet(44)) - raft.server.write.element-limit = 4096 (default)
2021-10-05 01:14:20,593 [omNode-2@group-523986131536-LeaderElection12] INFO  server.RaftServerConfigKeys (ConfUtils.java:logGet(44)) - raft.server.write.byte-limit = 64MB (=67108864) (default)
2021-10-05 01:14:20,593 [omNode-2@group-523986131536-LeaderElection12] INFO  server.RaftServerConfigKeys (ConfUtils.java:logGet(44)) - raft.server.watch.timeout = 10s (default)
2021-10-05 01:14:20,593 [omNode-2@group-523986131536-LeaderElection12] INFO  server.RaftServerConfigKeys (ConfUtils.java:logGet(44)) - raft.server.watch.timeout.denomination = 1s (default)
2021-10-05 01:14:20,593 [omNode-2@group-523986131536-LeaderElection12] INFO  server.RaftServerConfigKeys (ConfUtils.java:logGet(44)) - raft.server.watch.element-limit = 65536 (default)
2021-10-05 01:14:20,593 [omNode-2@group-523986131536-LeaderElection12] INFO  server.RaftServerConfigKeys (ConfUtils.java:logGet(44)) - raft.server.log.appender.snapshot.chunk.size.max = 16MB (=16777216) (default)
2021-10-05 01:14:20,593 [omNode-2@group-523986131536-LeaderElection12] INFO  server.RaftServerConfigKeys (ConfUtils.java:logGet(44)) - raft.server.log.appender.buffer.byte-limit = 33554432 (custom)
2021-10-05 01:14:20,593 [omNode-2@group-523986131536-LeaderElection12] INFO  server.RaftServerConfigKeys (ConfUtils.java:logGet(44)) - raft.server.log.appender.buffer.element-limit = 1024 (custom)
2021-10-05 01:14:20,593 [omNode-2@group-523986131536-LeaderElection12] INFO  grpc.GrpcConfigKeys (ConfUtils.java:logGet(44)) - raft.grpc.server.leader.outstanding.appends.max = 128 (default)
2021-10-05 01:14:20,594 [omNode-2@group-523986131536-LeaderElection12] INFO  server.RaftServerConfigKeys (ConfUtils.java:logGet(44)) - raft.server.rpc.request.timeout = 3000ms (default)
2021-10-05 01:14:20,594 [omNode-2@group-523986131536-LeaderElection12] INFO  server.RaftServerConfigKeys (ConfUtils.java:logGet(44)) - raft.server.log.appender.install.snapshot.enabled = false (custom)
2021-10-05 01:14:20,594 [omNode-2@group-523986131536-LeaderElection12] INFO  server.RaftServerConfigKeys (ConfUtils.java:logGet(44)) - raft.server.log.appender.snapshot.chunk.size.max = 16MB (=16777216) (default)
2021-10-05 01:14:20,595 [omNode-2@group-523986131536-LeaderElection12] INFO  server.RaftServerConfigKeys (ConfUtils.java:logGet(44)) - raft.server.log.appender.buffer.byte-limit = 33554432 (custom)
2021-10-05 01:14:20,595 [omNode-2@group-523986131536-LeaderElection12] INFO  server.RaftServerConfigKeys (ConfUtils.java:logGet(44)) - raft.server.log.appender.buffer.element-limit = 1024 (custom)
2021-10-05 01:14:20,595 [omNode-2@group-523986131536-LeaderElection12] INFO  grpc.GrpcConfigKeys (ConfUtils.java:logGet(44)) - raft.grpc.server.leader.outstanding.appends.max = 128 (default)
2021-10-05 01:14:20,595 [omNode-2@group-523986131536-LeaderElection12] INFO  server.RaftServerConfigKeys (ConfUtils.java:logGet(44)) - raft.server.rpc.request.timeout = 3000ms (default)
2021-10-05 01:14:20,595 [omNode-2@group-523986131536-LeaderElection12] INFO  server.RaftServerConfigKeys (ConfUtils.java:logGet(44)) - raft.server.log.appender.install.snapshot.enabled = false (custom)
2021-10-05 01:14:20,596 [omNode-2@group-523986131536-LeaderElection12] INFO  impl.RoleInfo (RoleInfo.java:updateAndGet(130)) - omNode-2: start omNode-2@group-523986131536-LeaderStateImpl
2021-10-05 01:14:20,596 [omNode-2@group-523986131536-LeaderElection12] INFO  segmented.SegmentedRaftLogWorker (SegmentedRaftLogWorker.java:rollLogSegment(399)) - omNode-2@group-523986131536-SegmentedRaftLogWorker: Rolling segment log-16_17 to index:17
2021-10-05 01:14:20,602 [omNode-2@group-523986131536-SegmentedRaftLogWorker] INFO  segmented.SegmentedRaftLogWorker (SegmentedRaftLogWorker.java:execute(558)) - omNode-2@group-523986131536-SegmentedRaftLogWorker: Rolled log segment from /home/runner/work/ozone/ozone/hadoop-ozone/integration-test/target/test-dir/MiniOzoneClusterImpl-46302e84-7680-4986-b584-895fe31d4053/omNode-2/ratis/c9bc4cf4-3bc3-3c60-a66b-523986131536/current/log_inprogress_16 to /home/runner/work/ozone/ozone/hadoop-ozone/integration-test/target/test-dir/MiniOzoneClusterImpl-46302e84-7680-4986-b584-895fe31d4053/omNode-2/ratis/c9bc4cf4-3bc3-3c60-a66b-523986131536/current/log_16-17
2021-10-05 01:14:20,605 [omNode-2@group-523986131536-LeaderElection12] INFO  server.RaftServer$Division (ServerState.java:setRaftConf(387)) - omNode-2@group-523986131536: set configuration 18: [omNode-3|rpc:localhost:10892|admin:|client:|dataStream:|priority:0, omNode-1|rpc:localhost:10880|admin:|client:|dataStream:|priority:0, omNode-2|rpc:localhost:10886|admin:|client:|dataStream:|priority:0], old=null
2021-10-05 01:14:20,613 [grpc-default-executor-0] INFO  server.RaftServer$Division (ServerState.java:setLeader(285)) - omNode-3@group-523986131536: change Leader from null to omNode-2 at term 4 for appendEntries, leader elected after 29ms
2021-10-05 01:14:20,614 [omNode-2@group-523986131536-SegmentedRaftLogWorker] INFO  segmented.SegmentedRaftLogWorker (SegmentedRaftLogWorker.java:execute(601)) - omNode-2@group-523986131536-SegmentedRaftLogWorker: created new log segment /home/runner/work/ozone/ozone/hadoop-ozone/integration-test/target/test-dir/MiniOzoneClusterImpl-46302e84-7680-4986-b584-895fe31d4053/omNode-2/ratis/c9bc4cf4-3bc3-3c60-a66b-523986131536/current/log_inprogress_18
2021-10-05 01:14:20,616 [grpc-default-executor-0] INFO  server.RaftServer$Division (ServerState.java:setRaftConf(387)) - omNode-3@group-523986131536: set configuration 18: [omNode-3|rpc:localhost:10892|admin:|client:|dataStream:|priority:0, omNode-1|rpc:localhost:10880|admin:|client:|dataStream:|priority:0, omNode-2|rpc:localhost:10886|admin:|client:|dataStream:|priority:0], old=null
2021-10-05 01:14:20,617 [grpc-default-executor-0] INFO  segmented.SegmentedRaftLogWorker (SegmentedRaftLogWorker.java:rollLogSegment(399)) - omNode-3@group-523986131536-SegmentedRaftLogWorker: Rolling segment log-16_17 to index:17
2021-10-05 01:14:20,619 [omNode-3@group-523986131536-SegmentedRaftLogWorker] INFO  segmented.SegmentedRaftLogWorker (SegmentedRaftLogWorker.java:execute(558)) - omNode-3@group-523986131536-SegmentedRaftLogWorker: Rolled log segment from /home/runner/work/ozone/ozone/hadoop-ozone/integration-test/target/test-dir/MiniOzoneClusterImpl-46302e84-7680-4986-b584-895fe31d4053/omNode-3/ratis/c9bc4cf4-3bc3-3c60-a66b-523986131536/current/log_inprogress_16 to /home/runner/work/ozone/ozone/hadoop-ozone/integration-test/target/test-dir/MiniOzoneClusterImpl-46302e84-7680-4986-b584-895fe31d4053/omNode-3/ratis/c9bc4cf4-3bc3-3c60-a66b-523986131536/current/log_16-17
2021-10-05 01:14:20,621 [grpc-default-executor-2] INFO  server.RaftServer$Division (ServerState.java:setLeader(285)) - omNode-1@group-523986131536: change Leader from null to omNode-2 at term 4 for appendEntries, leader elected after 1371ms
2021-10-05 01:14:20,621 [grpc-default-executor-2] INFO  server.RaftServer$Division (RaftServerImpl.java:checkInconsistentAppendEntries(1319)) - omNode-1@group-523986131536: Failed appendEntries as previous log entry ((t:3, i:17)) is not found
2021-10-05 01:14:20,621 [grpc-default-executor-2] INFO  server.RaftServer$Division (RaftServerImpl.java:checkInconsistentAppendEntries(1285)) - omNode-1@group-523986131536: inconsistency entries. Reply:omNode-2<-omNode-1#0:FAIL-t4,INCONSISTENCY,nextIndex=16,followerCommit=15
2021-10-05 01:14:20,625 [grpc-default-executor-2] INFO  server.RaftServer$Division (RaftServerImpl.java:checkInconsistentAppendEntries(1319)) - omNode-1@group-523986131536: Failed appendEntries as previous log entry ((t:3, i:17)) is not found
2021-10-05 01:14:20,626 [grpc-default-executor-2] INFO  server.RaftServer$Division (RaftServerImpl.java:checkInconsistentAppendEntries(1285)) - omNode-1@group-523986131536: inconsistency entries. Reply:omNode-2<-omNode-1#1:FAIL-t4,INCONSISTENCY,nextIndex=16,followerCommit=15
2021-10-05 01:14:20,626 [grpc-default-executor-0] INFO  leader.FollowerInfo (FollowerInfoImpl.java:lambda$new$0(46)) - omNode-2@group-523986131536->omNode-1: nextIndex: updateUnconditionally 19 -> 16
2021-10-05 01:14:20,630 [grpc-default-executor-0] INFO  leader.FollowerInfo (FollowerInfoImpl.java:lambda$new$0(46)) - omNode-2@group-523986131536->omNode-1: nextIndex: updateUnconditionally 16 -> 16
2021-10-05 01:14:20,630 [omNode-2@group-523986131536->omNode-1-GrpcLogAppender-LogAppenderDaemon] ERROR leader.LogAppenderDaemon (LogAppenderDaemon.java:run(86)) - omNode-2@group-523986131536->omNode-1-GrpcLogAppender-LogAppenderDaemon failed
java.lang.NullPointerException: omNode-2@group-523986131536->omNode-1: Previous TermIndex not found for firstIndex = 16
	at java.util.Objects.requireNonNull(Objects.java:290)
	at org.apache.ratis.server.leader.LogAppenderBase.assertProtos(LogAppenderBase.java:169)
	at org.apache.ratis.server.leader.LogAppenderBase.newAppendEntriesRequest(LogAppenderBase.java:154)
	at org.apache.ratis.grpc.server.GrpcLogAppender.appendLog(GrpcLogAppender.java:211)
	at org.apache.ratis.grpc.server.GrpcLogAppender.run(GrpcLogAppender.java:145)
	at org.apache.ratis.server.leader.LogAppenderDaemon.run(LogAppenderDaemon.java:77)
	at java.lang.Thread.run(Thread.java:748)
2021-10-05 01:14:20,632 [omNode-2@group-523986131536->omNode-1-GrpcLogAppender-LogAppenderDaemon] INFO  server.RaftServer$Division (LeaderStateImpl.java:restart(501)) - omNode-2@group-523986131536-LeaderStateImpl: Restarting GrpcLogAppender for omNode-2@group-523986131536->omNode-1
2021-10-05 01:14:20,632 [omNode-3@group-523986131536-SegmentedRaftLogWorker] INFO  segmented.SegmentedRaftLogWorker (SegmentedRaftLogWorker.java:execute(601)) - omNode-3@group-523986131536-SegmentedRaftLogWorker: created new log segment /home/runner/work/ozone/ozone/hadoop-ozone/integration-test/target/test-dir/MiniOzoneClusterImpl-46302e84-7680-4986-b584-895fe31d4053/omNode-3/ratis/c9bc4cf4-3bc3-3c60-a66b-523986131536/current/log_inprogress_18
2021-10-05 01:14:20,633 [omNode-2@group-523986131536->omNode-1-GrpcLogAppender-LogAppenderDaemon] INFO  server.RaftServerConfigKeys (ConfUtils.java:logGet(44)) - raft.server.log.appender.snapshot.chunk.size.max = 16MB (=16777216) (default)
2021-10-05 01:14:20,633 [omNode-2@group-523986131536->omNode-1-GrpcLogAppender-LogAppenderDaemon] INFO  server.RaftServerConfigKeys (ConfUtils.java:logGet(44)) - raft.server.log.appender.buffer.byte-limit = 33554432 (custom)
2021-10-05 01:14:20,633 [omNode-2@group-523986131536->omNode-1-GrpcLogAppender-LogAppenderDaemon] INFO  server.RaftServerConfigKeys (ConfUtils.java:logGet(44)) - raft.server.log.appender.buffer.element-limit = 1024 (custom)
2021-10-05 01:14:20,634 [omNode-2@group-523986131536->omNode-1-GrpcLogAppender-LogAppenderDaemon] INFO  grpc.GrpcConfigKeys (ConfUtils.java:logGet(44)) - raft.grpc.server.leader.outstanding.appends.max = 128 (default)
2021-10-05 01:14:20,634 [omNode-2@group-523986131536->omNode-1-GrpcLogAppender-LogAppenderDaemon] INFO  server.RaftServerConfigKeys (ConfUtils.java:logGet(44)) - raft.server.rpc.request.timeout = 3000ms (default)
2021-10-05 01:14:20,634 [omNode-2@group-523986131536->omNode-1-GrpcLogAppender-LogAppenderDaemon] INFO  server.RaftServerConfigKeys (ConfUtils.java:logGet(44)) - raft.server.log.appender.install.snapshot.enabled = false (custom)
2021-10-05 01:14:20,635 [omNode-2@group-523986131536->omNode-1-GrpcLogAppender-LogAppenderDaemon] INFO  server.GrpcLogAppender (GrpcLogAppender.java:installSnapshot(524)) - omNode-2@group-523986131536->omNode-1-GrpcLogAppender: followerNextIndex = 0 but logStartIndex = 16, notify follower to install snapshot-(t:3, i:16)
2021-10-05 01:14:20,636 [omNode-2@group-523986131536->omNode-1-GrpcLogAppender-LogAppenderDaemon] INFO  server.GrpcLogAppender (GrpcLogAppender.java:installSnapshot(532)) - omNode-2@group-523986131536->omNode-1-GrpcLogAppender: send omNode-2->omNode-1#0-t4,notify:(t:3, i:16)
2021-10-05 01:14:20,637 [omNode-2@group-523986131536-StateMachineUpdater] INFO  ratis.OzoneManagerStateMachine (OzoneManagerStateMachine.java:notifyConfigurationChanged(188)) - Received Configuration change notification from Ratis. New Peer list:
[id: "omNode-3"
address: "localhost:10892"
, id: "omNode-1"
address: "localhost:10880"
, id: "omNode-2"
address: "localhost:10886"
]
2021-10-05 01:14:20,640 [grpc-default-executor-0] INFO  server.RaftServer$Division (RaftServerImpl.java:installSnapshot(1329)) - omNode-1@group-523986131536: receive installSnapshot: omNode-2->omNode-1#0-t4,notify:(t:3, i:16)
2021-10-05 01:14:20,640 [grpc-default-executor-0] INFO  server.RaftServer$Division (RaftServerImpl.java:notifyStateMachineToInstallSnapshot(1560)) - omNode-1@group-523986131536: StateMachine snapshotIndex is 15
2021-10-05 01:14:20,640 [grpc-default-executor-0] INFO  server.RaftServer$Division (RaftServerImpl.java:installSnapshotImpl(1459)) - omNode-1@group-523986131536: set new configuration index: 18
configurationEntry {
  peers {
    id: "omNode-3"
    address: "localhost:10892"
  }
  peers {
    id: "omNode-1"
    address: "localhost:10880"
  }
  peers {
    id: "omNode-2"
    address: "localhost:10886"
  }
}
 from snapshot
2021-10-05 01:14:20,645 [grpc-default-executor-0] INFO  server.RaftServer$Division (ServerState.java:setRaftConf(387)) - omNode-1@group-523986131536: set configuration 18: [omNode-3|rpc:localhost:10892|admin:|client:|dataStream:|priority:0, omNode-1|rpc:localhost:10880|admin:|client:|dataStream:|priority:0, omNode-2|rpc:localhost:10886|admin:|client:|dataStream:|priority:0], old=null
2021-10-05 01:14:20,645 [grpc-default-executor-0] INFO  ratis.OzoneManagerStateMachine (OzoneManagerStateMachine.java:notifyConfigurationChanged(188)) - Received Configuration change notification from Ratis. New Peer list:
[id: "omNode-3"
address: "localhost:10892"
, id: "omNode-1"
address: "localhost:10880"
, id: "omNode-2"
address: "localhost:10886"
]
2021-10-05 01:14:20,646 [grpc-default-executor-0] INFO  server.RaftServer$Division (RaftServerImpl.java:installSnapshot(1340)) - omNode-1@group-523986131536: reply installSnapshot: omNode-2<-omNode-1#0:FAIL-t4,ALREADY_INSTALLED,snapshotIndex=15
2021-10-05 01:14:20,646 [grpc-default-executor-0] INFO  server.GrpcServerProtocolService (GrpcServerProtocolService.java:onCompleted(140)) - omNode-1: Completed INSTALL_SNAPSHOT, lastRequest: omNode-2->omNode-1#0-t4,notify:(t:3, i:16)
2021-10-05 01:14:20,646 [grpc-default-executor-2] INFO  server.GrpcLogAppender (GrpcLogAppender.java:onNext(400)) - omNode-2@group-523986131536->omNode-1-InstallSnapshotResponseHandler: received the first reply omNode-2<-omNode-1#0:FAIL-t4,ALREADY_INSTALLED,snapshotIndex=15
2021-10-05 01:14:20,646 [grpc-default-executor-2] INFO  server.GrpcLogAppender (GrpcLogAppender.java:onNext(422)) - omNode-2@group-523986131536->omNode-1-InstallSnapshotResponseHandler: Already Installed Snapshot Index 15.
2021-10-05 01:14:20,646 [grpc-default-executor-2] INFO  leader.FollowerInfo (FollowerInfoImpl.java:lambda$new$0(46)) - omNode-2@group-523986131536->omNode-1: snapshotIndex: setUnconditionally 0 -> 15
2021-10-05 01:14:20,647 [grpc-default-executor-2] INFO  leader.FollowerInfo (FollowerInfoImpl.java:lambda$new$0(46)) - omNode-2@group-523986131536->omNode-1: matchIndex: setUnconditionally 0 -> 15
2021-10-05 01:14:20,647 [grpc-default-executor-2] INFO  leader.FollowerInfo (FollowerInfoImpl.java:lambda$new$0(46)) - omNode-2@group-523986131536->omNode-1: nextIndex: setUnconditionally 0 -> 16
2021-10-05 01:14:20,647 [grpc-default-executor-2] INFO  leader.FollowerInfo (FollowerInfoImpl.java:lambda$new$0(46)) - omNode-2@group-523986131536->omNode-1: nextIndex: updateToMax old=16, new=16, updated? false
2021-10-05 01:14:20,647 [omNode-3@group-523986131536-StateMachineUpdater] INFO  ratis.OzoneManagerStateMachine (OzoneManagerStateMachine.java:notifyConfigurationChanged(188)) - Received Configuration change notification from Ratis. New Peer list:
[id: "omNode-3"
address: "localhost:10892"
, id: "omNode-1"
address: "localhost:10880"
, id: "omNode-2"
address: "localhost:10886"
]
2021-10-05 01:14:21,152 [grpc-default-executor-0] INFO  server.RaftServer$Division (RaftServerImpl.java:checkInconsistentAppendEntries(1319)) - omNode-1@group-523986131536: Failed appendEntries as previous log entry ((t:4, i:19)) is not found
2021-10-05 01:14:21,152 [grpc-default-executor-0] INFO  server.RaftServer$Division (RaftServerImpl.java:checkInconsistentAppendEntries(1285)) - omNode-1@group-523986131536: inconsistency entries. Reply:omNode-2<-omNode-1#52:FAIL-t4,INCONSISTENCY,nextIndex=16,followerCommit=15
2021-10-05 01:14:21,155 [grpc-default-executor-0] INFO  leader.FollowerInfo (FollowerInfoImpl.java:lambda$new$0(46)) - omNode-2@group-523986131536->omNode-1: nextIndex: updateUnconditionally 20 -> 16
2021-10-05 01:14:21,519 [Time-limited test] INFO  retry.RetryInvocationHandler (RetryInvocationHandler.java:log(411)) - com.google.protobuf.ServiceException: org.apache.hadoop.ipc.RemoteException(org.apache.hadoop.ozone.om.exceptions.OMNotLeaderException): OM:omNode-1 is not the leader. Could not determine the leader node.
	at org.apache.hadoop.ozone.om.ratis.utils.OzoneManagerRatisUtils.createNotLeaderException(OzoneManagerRatisUtils.java:465)
	at org.apache.hadoop.ozone.om.ratis.utils.OzoneManagerRatisUtils.checkLeaderStatus(OzoneManagerRatisUtils.java:451)
	at org.apache.hadoop.ozone.protocolPB.OzoneManagerProtocolServerSideTranslatorPB.checkLeaderStatus(OzoneManagerProtocolServerSideTranslatorPB.java:242)
	at org.apache.hadoop.ozone.protocolPB.OzoneManagerProtocolServerSideTranslatorPB.processRequest(OzoneManagerProtocolServerSideTranslatorPB.java:135)
	at org.apache.hadoop.hdds.server.OzoneProtocolMessageDispatcher.processRequest(OzoneProtocolMessageDispatcher.java:87)
	at org.apache.hadoop.ozone.protocolPB.OzoneManagerProtocolServerSideTranslatorPB.submitRequest(OzoneManagerProtocolServerSideTranslatorPB.java:123)
	at org.apache.hadoop.ozone.protocol.proto.OzoneManagerProtocolProtos$OzoneManagerService$2.callBlockingMethod(OzoneManagerProtocolProtos.java)
	at org.apache.hadoop.ipc.ProtobufRpcEngine$Server.processCall(ProtobufRpcEngine.java:466)
	at org.apache.hadoop.ipc.ProtobufRpcEngine2$Server$ProtoBufRpcInvoker.call(ProtobufRpcEngine2.java:574)
	at org.apache.hadoop.ipc.ProtobufRpcEngine2$Server$ProtoBufRpcInvoker.call(ProtobufRpcEngine2.java:552)
	at org.apache.hadoop.ipc.RPC$Server.call(RPC.java:1093)
	at org.apache.hadoop.ipc.Server$RpcCall.run(Server.java:1035)
	at org.apache.hadoop.ipc.Server$RpcCall.run(Server.java:963)
	at java.security.AccessController.doPrivileged(Native Method)
	at javax.security.auth.Subject.doAs(Subject.java:422)
	at org.apache.hadoop.security.UserGroupInformation.doAs(UserGroupInformation.java:1878)
	at org.apache.hadoop.ipc.Server$Handler.run(Server.java:2966)
, while invoking $Proxy52.submitRequest over nodeId=omNode-1,nodeAddress=127.0.0.1:10876 after 3 failover attempts. Trying to failover immediately.
2021-10-05 01:14:21,523 [grpc-default-executor-2] INFO  server.RaftServer$Division (RaftServerImpl.java:checkInconsistentAppendEntries(1319)) - omNode-1@group-523986131536: Failed appendEntries as previous log entry ((t:4, i:19)) is not found
2021-10-05 01:14:21,523 [grpc-default-executor-2] INFO  server.RaftServer$Division (RaftServerImpl.java:checkInconsistentAppendEntries(1285)) - omNode-1@group-523986131536: inconsistency entries. Reply:omNode-2<-omNode-1#90:FAIL-t4,INCONSISTENCY,nextIndex=16,followerCommit=15
2021-10-05 01:14:21,526 [OM StateMachine ApplyTransaction Thread - 0] INFO  upgrade.OMCancelPrepareRequest (OMCancelPrepareRequest.java:validateAndUpdateCache(55)) - OM omNode-2 Received cancel prepare request with log index 20
2021-10-05 01:14:21,527 [grpc-default-executor-0] INFO  server.RaftServer$Division (RaftServerImpl.java:checkInconsistentAppendEntries(1319)) - omNode-1@group-523986131536: Failed appendEntries as previous log entry ((t:4, i:20)) is not found
2021-10-05 01:14:21,528 [grpc-default-executor-0] INFO  server.RaftServer$Division (RaftServerImpl.java:checkInconsistentAppendEntries(1285)) - omNode-1@group-523986131536: inconsistency entries. Reply:omNode-2<-omNode-1#91:FAIL-t4,INCONSISTENCY,nextIndex=16,followerCommit=15
2021-10-05 01:14:21,528 [OM StateMachine ApplyTransaction Thread - 0] INFO  om.OzoneManagerPrepareState (OzoneManagerPrepareState.java:deletePrepareMarkerFile(271)) - Deleted prepare marker file: /home/runner/work/ozone/ozone/hadoop-ozone/integration-test/target/test-dir/MiniOzoneClusterImpl-46302e84-7680-4986-b584-895fe31d4053/omNode-2/current/prepareMarker
2021-10-05 01:14:21,528 [OM StateMachine ApplyTransaction Thread - 0] INFO  upgrade.OMCancelPrepareRequest (OMCancelPrepareRequest.java:validateAndUpdateCache(84)) - OM omNode-2 prepare state cancelled at log index 20. Returning response 
2021-10-05 01:14:21,537 [OM StateMachine ApplyTransaction Thread - 0] INFO  upgrade.OMCancelPrepareRequest (OMCancelPrepareRequest.java:validateAndUpdateCache(55)) - OM omNode-3 Received cancel prepare request with log index 20
2021-10-05 01:14:21,538 [OM StateMachine ApplyTransaction Thread - 0] INFO  om.OzoneManagerPrepareState (OzoneManagerPrepareState.java:deletePrepareMarkerFile(271)) - Deleted prepare marker file: /home/runner/work/ozone/ozone/hadoop-ozone/integration-test/target/test-dir/MiniOzoneClusterImpl-46302e84-7680-4986-b584-895fe31d4053/omNode-3/current/prepareMarker
2021-10-05 01:14:21,539 [OM StateMachine ApplyTransaction Thread - 0] INFO  upgrade.OMCancelPrepareRequest (OMCancelPrepareRequest.java:validateAndUpdateCache(84)) - OM omNode-3 prepare state cancelled at log index 20. Returning response 
2021-10-05 01:14:22,028 [grpc-default-executor-0] INFO  server.RaftServer$Division (RaftServerImpl.java:checkInconsistentAppendEntries(1319)) - omNode-1@group-523986131536: Failed appendEntries as previous log entry ((t:4, i:21)) is not found
2021-10-05 01:14:22,028 [grpc-default-executor-0] INFO  server.RaftServer$Division (RaftServerImpl.java:checkInconsistentAppendEntries(1285)) - omNode-1@group-523986131536: inconsistency entries. Reply:omNode-2<-omNode-1#143:FAIL-t4,INCONSISTENCY,nextIndex=16,followerCommit=15
2021-10-05 01:14:22,029 [grpc-default-executor-0] INFO  leader.FollowerInfo (FollowerInfoImpl.java:lambda$new$0(46)) - omNode-2@group-523986131536->omNode-1: nextIndex: updateUnconditionally 22 -> 16
2021-10-05 01:14:22,531 [grpc-default-executor-0] INFO  server.RaftServer$Division (RaftServerImpl.java:checkInconsistentAppendEntries(1319)) - omNode-1@group-523986131536: Failed appendEntries as previous log entry ((t:4, i:21)) is not found
2021-10-05 01:14:22,531 [grpc-default-executor-0] INFO  server.RaftServer$Division (RaftServerImpl.java:checkInconsistentAppendEntries(1285)) - omNode-1@group-523986131536: inconsistency entries. Reply:omNode-2<-omNode-1#194:FAIL-t4,INCONSISTENCY,nextIndex=16,followerCommit=15
2021-10-05 01:14:22,532 [grpc-default-executor-0] INFO  leader.FollowerInfo (FollowerInfoImpl.java:lambda$new$0(46)) - omNode-2@group-523986131536->omNode-1: nextIndex: updateUnconditionally 22 -> 16
2021-10-05 01:14:23,034 [grpc-default-executor-0] INFO  server.RaftServer$Division (RaftServerImpl.java:checkInconsistentAppendEntries(1319)) - omNode-1@group-523986131536: Failed appendEntries as previous log entry ((t:4, i:21)) is not found
2021-10-05 01:14:23,034 [grpc-default-executor-0] INFO  server.RaftServer$Division (RaftServerImpl.java:checkInconsistentAppendEntries(1285)) - omNode-1@group-523986131536: inconsistency entries. Reply:omNode-2<-omNode-1#245:FAIL-t4,INCONSISTENCY,nextIndex=16,followerCommit=15
2021-10-05 01:14:23,035 [grpc-default-executor-0] INFO  leader.FollowerInfo (FollowerInfoImpl.java:lambda$new$0(46)) - omNode-2@group-523986131536->omNode-1: nextIndex: updateUnconditionally 22 -> 16
2021-10-05 01:14:23,537 [grpc-default-executor-0] INFO  server.RaftServer$Division (RaftServerImpl.java:checkInconsistentAppendEntries(1319)) - omNode-1@group-523986131536: Failed appendEntries as previous log entry ((t:4, i:21)) is not found
2021-10-05 01:14:23,538 [grpc-default-executor-0] INFO  server.RaftServer$Division (RaftServerImpl.java:checkInconsistentAppendEntries(1285)) - omNode-1@group-523986131536: inconsistency entries. Reply:omNode-2<-omNode-1#296:FAIL-t4,INCONSISTENCY,nextIndex=16,followerCommit=15
2021-10-05 01:14:23,538 [grpc-default-executor-0] INFO  leader.FollowerInfo (FollowerInfoImpl.java:lambda$new$0(46)) - omNode-2@group-523986131536->omNode-1: nextIndex: updateUnconditionally 22 -> 16
2021-10-05 01:14:24,041 [grpc-default-executor-0] INFO  server.RaftServer$Division (RaftServerImpl.java:checkInconsistentAppendEntries(1319)) - omNode-1@group-523986131536: Failed appendEntries as previous log entry ((t:4, i:21)) is not found
2021-10-05 01:14:24,041 [grpc-default-executor-0] INFO  server.RaftServer$Division (RaftServerImpl.java:checkInconsistentAppendEntries(1285)) - omNode-1@group-523986131536: inconsistency entries. Reply:omNode-2<-omNode-1#347:FAIL-t4,INCONSISTENCY,nextIndex=16,followerCommit=15
2021-10-05 01:14:24,043 [grpc-default-executor-0] INFO  leader.FollowerInfo (FollowerInfoImpl.java:lambda$new$0(46)) - omNode-2@group-523986131536->omNode-1: nextIndex: updateUnconditionally 22 -> 16
2021-10-05 01:14:24,545 [grpc-default-executor-2] INFO  server.RaftServer$Division (RaftServerImpl.java:checkInconsistentAppendEntries(1319)) - omNode-1@group-523986131536: Failed appendEntries as previous log entry ((t:4, i:21)) is not found
2021-10-05 01:14:24,545 [grpc-default-executor-2] INFO  server.RaftServer$Division (RaftServerImpl.java:checkInconsistentAppendEntries(1285)) - omNode-1@group-523986131536: inconsistency entries. Reply:omNode-2<-omNode-1#398:FAIL-t4,INCONSISTENCY,nextIndex=16,followerCommit=15
2021-10-05 01:14:24,546 [grpc-default-executor-0] INFO  leader.FollowerInfo (FollowerInfoImpl.java:lambda$new$0(46)) - omNode-2@group-523986131536->omNode-1: nextIndex: updateUnconditionally 22 -> 16
2021-10-05 01:14:25,050 [grpc-default-executor-2] INFO  server.RaftServer$Division (RaftServerImpl.java:checkInconsistentAppendEntries(1319)) - omNode-1@group-523986131536: Failed appendEntries as previous log entry ((t:4, i:21)) is not found
2021-10-05 01:14:25,050 [grpc-default-executor-2] INFO  server.RaftServer$Division (RaftServerImpl.java:checkInconsistentAppendEntries(1285)) - omNode-1@group-523986131536: inconsistency entries. Reply:omNode-2<-omNode-1#449:FAIL-t4,INCONSISTENCY,nextIndex=16,followerCommit=15
2021-10-05 01:14:25,051 [grpc-default-executor-2] INFO  leader.FollowerInfo (FollowerInfoImpl.java:lambda$new$0(46)) - omNode-2@group-523986131536->omNode-1: nextIndex: updateUnconditionally 22 -> 16
2021-10-05 01:14:25,554 [grpc-default-executor-0] INFO  server.RaftServer$Division (RaftServerImpl.java:checkInconsistentAppendEntries(1319)) - omNode-1@group-523986131536: Failed appendEntries as previous log entry ((t:4, i:21)) is not found
2021-10-05 01:14:25,554 [grpc-default-executor-0] INFO  server.RaftServer$Division (RaftServerImpl.java:checkInconsistentAppendEntries(1285)) - omNode-1@group-523986131536: inconsistency entries. Reply:omNode-2<-omNode-1#500:FAIL-t4,INCONSISTENCY,nextIndex=16,followerCommit=15
2021-10-05 01:14:25,554 [grpc-default-executor-0] INFO  leader.FollowerInfo (FollowerInfoImpl.java:lambda$new$0(46)) - omNode-2@group-523986131536->omNode-1: nextIndex: updateUnconditionally 22 -> 16
2021-10-05 01:14:26,057 [grpc-default-executor-0] INFO  server.RaftServer$Division (RaftServerImpl.java:checkInconsistentAppendEntries(1319)) - omNode-1@group-523986131536: Failed appendEntries as previous log entry ((t:4, i:21)) is not found
2021-10-05 01:14:26,057 [grpc-default-executor-0] INFO  server.RaftServer$Division (RaftServerImpl.java:checkInconsistentAppendEntries(1285)) - omNode-1@group-523986131536: inconsistency entries. Reply:omNode-2<-omNode-1#551:FAIL-t4,INCONSISTENCY,nextIndex=16,followerCommit=15
2021-10-05 01:14:26,057 [grpc-default-executor-0] INFO  leader.FollowerInfo (FollowerInfoImpl.java:lambda$new$0(46)) - omNode-2@group-523986131536->omNode-1: nextIndex: updateUnconditionally 22 -> 16
2021-10-05 01:14:26,559 [grpc-default-executor-2] INFO  server.RaftServer$Division (RaftServerImpl.java:checkInconsistentAppendEntries(1319)) - omNode-1@group-523986131536: Failed appendEntries as previous log entry ((t:4, i:21)) is not found
2021-10-05 01:14:26,559 [grpc-default-executor-2] INFO  server.RaftServer$Division (RaftServerImpl.java:checkInconsistentAppendEntries(1285)) - omNode-1@group-523986131536: inconsistency entries. Reply:omNode-2<-omNode-1#602:FAIL-t4,INCONSISTENCY,nextIndex=16,followerCommit=15
2021-10-05 01:14:26,560 [grpc-default-executor-2] INFO  leader.FollowerInfo (FollowerInfoImpl.java:lambda$new$0(46)) - omNode-2@group-523986131536->omNode-1: nextIndex: updateUnconditionally 22 -> 16
2021-10-05 01:14:27,063 [grpc-default-executor-0] INFO  server.RaftServer$Division (RaftServerImpl.java:checkInconsistentAppendEntries(1319)) - omNode-1@group-523986131536: Failed appendEntries as previous log entry ((t:4, i:21)) is not found
2021-10-05 01:14:27,064 [grpc-default-executor-0] INFO  server.RaftServer$Division (RaftServerImpl.java:checkInconsistentAppendEntries(1285)) - omNode-1@group-523986131536: inconsistency entries. Reply:omNode-2<-omNode-1#653:FAIL-t4,INCONSISTENCY,nextIndex=16,followerCommit=15
2021-10-05 01:14:27,064 [grpc-default-executor-0] INFO  leader.FollowerInfo (FollowerInfoImpl.java:lambda$new$0(46)) - omNode-2@group-523986131536->omNode-1: nextIndex: updateUnconditionally 22 -> 16
2021-10-05 01:14:27,567 [grpc-default-executor-0] INFO  server.RaftServer$Division (RaftServerImpl.java:checkInconsistentAppendEntries(1319)) - omNode-1@group-523986131536: Failed appendEntries as previous log entry ((t:4, i:21)) is not found
2021-10-05 01:14:27,567 [grpc-default-executor-0] INFO  server.RaftServer$Division (RaftServerImpl.java:checkInconsistentAppendEntries(1285)) - omNode-1@group-523986131536: inconsistency entries. Reply:omNode-2<-omNode-1#704:FAIL-t4,INCONSISTENCY,nextIndex=16,followerCommit=15
2021-10-05 01:14:27,567 [grpc-default-executor-0] INFO  leader.FollowerInfo (FollowerInfoImpl.java:lambda$new$0(46)) - omNode-2@group-523986131536->omNode-1: nextIndex: updateUnconditionally 22 -> 16
2021-10-05 01:14:28,070 [grpc-default-executor-2] INFO  server.RaftServer$Division (RaftServerImpl.java:checkInconsistentAppendEntries(1319)) - omNode-1@group-523986131536: Failed appendEntries as previous log entry ((t:4, i:21)) is not found
2021-10-05 01:14:28,070 [grpc-default-executor-2] INFO  server.RaftServer$Division (RaftServerImpl.java:checkInconsistentAppendEntries(1285)) - omNode-1@group-523986131536: inconsistency entries. Reply:omNode-2<-omNode-1#755:FAIL-t4,INCONSISTENCY,nextIndex=16,followerCommit=15
2021-10-05 01:14:28,071 [grpc-default-executor-2] INFO  leader.FollowerInfo (FollowerInfoImpl.java:lambda$new$0(46)) - omNode-2@group-523986131536->omNode-1: nextIndex: updateUnconditionally 22 -> 16
2021-10-05 01:14:28,574 [grpc-default-executor-2] INFO  server.RaftServer$Division (RaftServerImpl.java:checkInconsistentAppendEntries(1319)) - omNode-1@group-523986131536: Failed appendEntries as previous log entry ((t:4, i:21)) is not found
2021-10-05 01:14:28,574 [grpc-default-executor-2] INFO  server.RaftServer$Division (RaftServerImpl.java:checkInconsistentAppendEntries(1285)) - omNode-1@group-523986131536: inconsistency entries. Reply:omNode-2<-omNode-1#806:FAIL-t4,INCONSISTENCY,nextIndex=16,followerCommit=15
2021-10-05 01:14:28,575 [grpc-default-executor-2] INFO  leader.FollowerInfo (FollowerInfoImpl.java:lambda$new$0(46)) - omNode-2@group-523986131536->omNode-1: nextIndex: updateUnconditionally 22 -> 16
2021-10-05 01:14:29,077 [grpc-default-executor-2] INFO  server.RaftServer$Division (RaftServerImpl.java:checkInconsistentAppendEntries(1319)) - omNode-1@group-523986131536: Failed appendEntries as previous log entry ((t:4, i:21)) is not found
2021-10-05 01:14:29,077 [grpc-default-executor-2] INFO  server.RaftServer$Division (RaftServerImpl.java:checkInconsistentAppendEntries(1285)) - omNode-1@group-523986131536: inconsistency entries. Reply:omNode-2<-omNode-1#857:FAIL-t4,INCONSISTENCY,nextIndex=16,followerCommit=15
2021-10-05 01:14:29,078 [grpc-default-executor-2] INFO  leader.FollowerInfo (FollowerInfoImpl.java:lambda$new$0(46)) - omNode-2@group-523986131536->omNode-1: nextIndex: updateUnconditionally 22 -> 16
2021-10-05 01:14:29,580 [grpc-default-executor-2] INFO  server.RaftServer$Division (RaftServerImpl.java:checkInconsistentAppendEntries(1319)) - omNode-1@group-523986131536: Failed appendEntries as previous log entry ((t:4, i:21)) is not found
2021-10-05 01:14:29,580 [grpc-default-executor-2] INFO  server.RaftServer$Division (RaftServerImpl.java:checkInconsistentAppendEntries(1285)) - omNode-1@group-523986131536: inconsistency entries. Reply:omNode-2<-omNode-1#908:FAIL-t4,INCONSISTENCY,nextIndex=16,followerCommit=15
2021-10-05 01:14:29,581 [grpc-default-executor-2] INFO  leader.FollowerInfo (FollowerInfoImpl.java:lambda$new$0(46)) - omNode-2@group-523986131536->omNode-1: nextIndex: updateUnconditionally 22 -> 16
2021-10-05 01:14:30,082 [grpc-default-executor-2] INFO  server.RaftServer$Division (RaftServerImpl.java:checkInconsistentAppendEntries(1319)) - omNode-1@group-523986131536: Failed appendEntries as previous log entry ((t:4, i:21)) is not found
2021-10-05 01:14:30,083 [grpc-default-executor-2] INFO  server.RaftServer$Division (RaftServerImpl.java:checkInconsistentAppendEntries(1285)) - omNode-1@group-523986131536: inconsistency entries. Reply:omNode-2<-omNode-1#959:FAIL-t4,INCONSISTENCY,nextIndex=16,followerCommit=15
2021-10-05 01:14:30,083 [grpc-default-executor-2] INFO  leader.FollowerInfo (FollowerInfoImpl.java:lambda$new$0(46)) - omNode-2@group-523986131536->omNode-1: nextIndex: updateUnconditionally 22 -> 16
2021-10-05 01:14:30,585 [grpc-default-executor-2] INFO  server.RaftServer$Division (RaftServerImpl.java:checkInconsistentAppendEntries(1319)) - omNode-1@group-523986131536: Failed appendEntries as previous log entry ((t:4, i:21)) is not found
2021-10-05 01:14:30,585 [grpc-default-executor-2] INFO  server.RaftServer$Division (RaftServerImpl.java:checkInconsistentAppendEntries(1285)) - omNode-1@group-523986131536: inconsistency entries. Reply:omNode-2<-omNode-1#1010:FAIL-t4,INCONSISTENCY,nextIndex=16,followerCommit=15
2021-10-05 01:14:30,586 [grpc-default-executor-2] INFO  leader.FollowerInfo (FollowerInfoImpl.java:lambda$new$0(46)) - omNode-2@group-523986131536->omNode-1: nextIndex: updateUnconditionally 22 -> 16
2021-10-05 01:14:31,089 [grpc-default-executor-2] INFO  server.RaftServer$Division (RaftServerImpl.java:checkInconsistentAppendEntries(1319)) - omNode-1@group-523986131536: Failed appendEntries as previous log entry ((t:4, i:21)) is not found
2021-10-05 01:14:31,089 [grpc-default-executor-2] INFO  server.RaftServer$Division (RaftServerImpl.java:checkInconsistentAppendEntries(1285)) - omNode-1@group-523986131536: inconsistency entries. Reply:omNode-2<-omNode-1#1061:FAIL-t4,INCONSISTENCY,nextIndex=16,followerCommit=15
2021-10-05 01:14:31,090 [grpc-default-executor-2] INFO  leader.FollowerInfo (FollowerInfoImpl.java:lambda$new$0(46)) - omNode-2@group-523986131536->omNode-1: nextIndex: updateUnconditionally 22 -> 16
2021-10-05 01:14:31,594 [grpc-default-executor-2] INFO  server.RaftServer$Division (RaftServerImpl.java:checkInconsistentAppendEntries(1319)) - omNode-1@group-523986131536: Failed appendEntries as previous log entry ((t:4, i:21)) is not found
2021-10-05 01:14:31,594 [grpc-default-executor-2] INFO  server.RaftServer$Division (RaftServerImpl.java:checkInconsistentAppendEntries(1285)) - omNode-1@group-523986131536: inconsistency entries. Reply:omNode-2<-omNode-1#1112:FAIL-t4,INCONSISTENCY,nextIndex=16,followerCommit=15
2021-10-05 01:14:31,595 [grpc-default-executor-0] INFO  leader.FollowerInfo (FollowerInfoImpl.java:lambda$new$0(46)) - omNode-2@group-523986131536->omNode-1: nextIndex: updateUnconditionally 22 -> 16
2021-10-05 01:14:32,098 [grpc-default-executor-2] INFO  server.RaftServer$Division (RaftServerImpl.java:checkInconsistentAppendEntries(1319)) - omNode-1@group-523986131536: Failed appendEntries as previous log entry ((t:4, i:21)) is not found
2021-10-05 01:14:32,098 [grpc-default-executor-2] INFO  server.RaftServer$Division (RaftServerImpl.java:checkInconsistentAppendEntries(1285)) - omNode-1@group-523986131536: inconsistency entries. Reply:omNode-2<-omNode-1#1163:FAIL-t4,INCONSISTENCY,nextIndex=16,followerCommit=15
2021-10-05 01:14:32,099 [grpc-default-executor-2] INFO  leader.FollowerInfo (FollowerInfoImpl.java:lambda$new$0(46)) - omNode-2@group-523986131536->omNode-1: nextIndex: updateUnconditionally 22 -> 16
2021-10-05 01:14:32,601 [grpc-default-executor-2] INFO  server.RaftServer$Division (RaftServerImpl.java:checkInconsistentAppendEntries(1319)) - omNode-1@group-523986131536: Failed appendEntries as previous log entry ((t:4, i:21)) is not found
2021-10-05 01:14:32,601 [grpc-default-executor-2] INFO  server.RaftServer$Division (RaftServerImpl.java:checkInconsistentAppendEntries(1285)) - omNode-1@group-523986131536: inconsistency entries. Reply:omNode-2<-omNode-1#1214:FAIL-t4,INCONSISTENCY,nextIndex=16,followerCommit=15
2021-10-05 01:14:32,602 [grpc-default-executor-2] INFO  leader.FollowerInfo (FollowerInfoImpl.java:lambda$new$0(46)) - omNode-2@group-523986131536->omNode-1: nextIndex: updateUnconditionally 22 -> 16
2021-10-05 01:14:33,104 [grpc-default-executor-0] INFO  server.RaftServer$Division (RaftServerImpl.java:checkInconsistentAppendEntries(1319)) - omNode-1@group-523986131536: Failed appendEntries as previous log entry ((t:4, i:21)) is not found
2021-10-05 01:14:33,105 [grpc-default-executor-0] INFO  server.RaftServer$Division (RaftServerImpl.java:checkInconsistentAppendEntries(1285)) - omNode-1@group-523986131536: inconsistency entries. Reply:omNode-2<-omNode-1#1265:FAIL-t4,INCONSISTENCY,nextIndex=16,followerCommit=15
2021-10-05 01:14:33,105 [grpc-default-executor-0] INFO  leader.FollowerInfo (FollowerInfoImpl.java:lambda$new$0(46)) - omNode-2@group-523986131536->omNode-1: nextIndex: updateUnconditionally 22 -> 16
2021-10-05 01:14:33,608 [grpc-default-executor-2] INFO  server.RaftServer$Division (RaftServerImpl.java:checkInconsistentAppendEntries(1319)) - omNode-1@group-523986131536: Failed appendEntries as previous log entry ((t:4, i:21)) is not found
2021-10-05 01:14:33,608 [grpc-default-executor-2] INFO  server.RaftServer$Division (RaftServerImpl.java:checkInconsistentAppendEntries(1285)) - omNode-1@group-523986131536: inconsistency entries. Reply:omNode-2<-omNode-1#1316:FAIL-t4,INCONSISTENCY,nextIndex=16,followerCommit=15
2021-10-05 01:14:33,609 [grpc-default-executor-2] INFO  leader.FollowerInfo (FollowerInfoImpl.java:lambda$new$0(46)) - omNode-2@group-523986131536->omNode-1: nextIndex: updateUnconditionally 22 -> 16
2021-10-05 01:14:34,110 [grpc-default-executor-2] INFO  server.RaftServer$Division (RaftServerImpl.java:checkInconsistentAppendEntries(1319)) - omNode-1@group-523986131536: Failed appendEntries as previous log entry ((t:4, i:21)) is not found
2021-10-05 01:14:34,111 [grpc-default-executor-2] INFO  server.RaftServer$Division (RaftServerImpl.java:checkInconsistentAppendEntries(1285)) - omNode-1@group-523986131536: inconsistency entries. Reply:omNode-2<-omNode-1#1367:FAIL-t4,INCONSISTENCY,nextIndex=16,followerCommit=15
2021-10-05 01:14:34,111 [grpc-default-executor-2] INFO  leader.FollowerInfo (FollowerInfoImpl.java:lambda$new$0(46)) - omNode-2@group-523986131536->omNode-1: nextIndex: updateUnconditionally 22 -> 16
2021-10-05 01:14:34,613 [grpc-default-executor-2] INFO  server.RaftServer$Division (RaftServerImpl.java:checkInconsistentAppendEntries(1319)) - omNode-1@group-523986131536: Failed appendEntries as previous log entry ((t:4, i:21)) is not found
2021-10-05 01:14:34,613 [grpc-default-executor-2] INFO  server.RaftServer$Division (RaftServerImpl.java:checkInconsistentAppendEntries(1285)) - omNode-1@group-523986131536: inconsistency entries. Reply:omNode-2<-omNode-1#1418:FAIL-t4,INCONSISTENCY,nextIndex=16,followerCommit=15
2021-10-05 01:14:34,614 [grpc-default-executor-2] INFO  leader.FollowerInfo (FollowerInfoImpl.java:lambda$new$0(46)) - omNode-2@group-523986131536->omNode-1: nextIndex: updateUnconditionally 22 -> 16
2021-10-05 01:14:35,120 [grpc-default-executor-2] INFO  server.RaftServer$Division (RaftServerImpl.java:checkInconsistentAppendEntries(1319)) - omNode-1@group-523986131536: Failed appendEntries as previous log entry ((t:4, i:21)) is not found
2021-10-05 01:14:35,120 [grpc-default-executor-2] INFO  server.RaftServer$Division (RaftServerImpl.java:checkInconsistentAppendEntries(1285)) - omNode-1@group-523986131536: inconsistency entries. Reply:omNode-2<-omNode-1#1469:FAIL-t4,INCONSISTENCY,nextIndex=16,followerCommit=15
2021-10-05 01:14:35,121 [grpc-default-executor-2] INFO  leader.FollowerInfo (FollowerInfoImpl.java:lambda$new$0(46)) - omNode-2@group-523986131536->omNode-1: nextIndex: updateUnconditionally 22 -> 16
2021-10-05 01:14:35,622 [grpc-default-executor-0] INFO  server.RaftServer$Division (RaftServerImpl.java:checkInconsistentAppendEntries(1319)) - omNode-1@group-523986131536: Failed appendEntries as previous log entry ((t:4, i:21)) is not found
2021-10-05 01:14:35,622 [grpc-default-executor-0] INFO  server.RaftServer$Division (RaftServerImpl.java:checkInconsistentAppendEntries(1285)) - omNode-1@group-523986131536: inconsistency entries. Reply:omNode-2<-omNode-1#1520:FAIL-t4,INCONSISTENCY,nextIndex=16,followerCommit=15
2021-10-05 01:14:35,623 [grpc-default-executor-0] INFO  leader.FollowerInfo (FollowerInfoImpl.java:lambda$new$0(46)) - omNode-2@group-523986131536->omNode-1: nextIndex: updateUnconditionally 22 -> 16
2021-10-05 01:14:36,125 [grpc-default-executor-0] INFO  server.RaftServer$Division (RaftServerImpl.java:checkInconsistentAppendEntries(1319)) - omNode-1@group-523986131536: Failed appendEntries as previous log entry ((t:4, i:21)) is not found
2021-10-05 01:14:36,125 [grpc-default-executor-0] INFO  server.RaftServer$Division (RaftServerImpl.java:checkInconsistentAppendEntries(1285)) - omNode-1@group-523986131536: inconsistency entries. Reply:omNode-2<-omNode-1#1571:FAIL-t4,INCONSISTENCY,nextIndex=16,followerCommit=15
2021-10-05 01:14:36,126 [grpc-default-executor-0] INFO  leader.FollowerInfo (FollowerInfoImpl.java:lambda$new$0(46)) - omNode-2@group-523986131536->omNode-1: nextIndex: updateUnconditionally 22 -> 16
2021-10-05 01:14:36,628 [grpc-default-executor-0] INFO  server.RaftServer$Division (RaftServerImpl.java:checkInconsistentAppendEntries(1319)) - omNode-1@group-523986131536: Failed appendEntries as previous log entry ((t:4, i:21)) is not found
2021-10-05 01:14:36,628 [grpc-default-executor-0] INFO  server.RaftServer$Division (RaftServerImpl.java:checkInconsistentAppendEntries(1285)) - omNode-1@group-523986131536: inconsistency entries. Reply:omNode-2<-omNode-1#1622:FAIL-t4,INCONSISTENCY,nextIndex=16,followerCommit=15
2021-10-05 01:14:36,629 [grpc-default-executor-0] INFO  leader.FollowerInfo (FollowerInfoImpl.java:lambda$new$0(46)) - omNode-2@group-523986131536->omNode-1: nextIndex: updateUnconditionally 22 -> 16
2021-10-05 01:14:37,131 [grpc-default-executor-0] INFO  server.RaftServer$Division (RaftServerImpl.java:checkInconsistentAppendEntries(1319)) - omNode-1@group-523986131536: Failed appendEntries as previous log entry ((t:4, i:21)) is not found
2021-10-05 01:14:37,131 [grpc-default-executor-0] INFO  server.RaftServer$Division (RaftServerImpl.java:checkInconsistentAppendEntries(1285)) - omNode-1@group-523986131536: inconsistency entries. Reply:omNode-2<-omNode-1#1673:FAIL-t4,INCONSISTENCY,nextIndex=16,followerCommit=15
2021-10-05 01:14:37,132 [grpc-default-executor-0] INFO  leader.FollowerInfo (FollowerInfoImpl.java:lambda$new$0(46)) - omNode-2@group-523986131536->omNode-1: nextIndex: updateUnconditionally 22 -> 16
2021-10-05 01:14:37,634 [grpc-default-executor-0] INFO  server.RaftServer$Division (RaftServerImpl.java:checkInconsistentAppendEntries(1319)) - omNode-1@group-523986131536: Failed appendEntries as previous log entry ((t:4, i:21)) is not found
2021-10-05 01:14:37,634 [grpc-default-executor-0] INFO  server.RaftServer$Division (RaftServerImpl.java:checkInconsistentAppendEntries(1285)) - omNode-1@group-523986131536: inconsistency entries. Reply:omNode-2<-omNode-1#1724:FAIL-t4,INCONSISTENCY,nextIndex=16,followerCommit=15
2021-10-05 01:14:37,635 [grpc-default-executor-0] INFO  leader.FollowerInfo (FollowerInfoImpl.java:lambda$new$0(46)) - omNode-2@group-523986131536->omNode-1: nextIndex: updateUnconditionally 22 -> 16
2021-10-05 01:14:38,138 [grpc-default-executor-2] INFO  server.RaftServer$Division (RaftServerImpl.java:checkInconsistentAppendEntries(1319)) - omNode-1@group-523986131536: Failed appendEntries as previous log entry ((t:4, i:21)) is not found
2021-10-05 01:14:38,138 [grpc-default-executor-2] INFO  server.RaftServer$Division (RaftServerImpl.java:checkInconsistentAppendEntries(1285)) - omNode-1@group-523986131536: inconsistency entries. Reply:omNode-2<-omNode-1#1775:FAIL-t4,INCONSISTENCY,nextIndex=16,followerCommit=15
2021-10-05 01:14:38,139 [grpc-default-executor-2] INFO  leader.FollowerInfo (FollowerInfoImpl.java:lambda$new$0(46)) - omNode-2@group-523986131536->omNode-1: nextIndex: updateUnconditionally 22 -> 16
2021-10-05 01:14:38,641 [grpc-default-executor-2] INFO  server.RaftServer$Division (RaftServerImpl.java:checkInconsistentAppendEntries(1319)) - omNode-1@group-523986131536: Failed appendEntries as previous log entry ((t:4, i:21)) is not found
2021-10-05 01:14:38,641 [grpc-default-executor-2] INFO  server.RaftServer$Division (RaftServerImpl.java:checkInconsistentAppendEntries(1285)) - omNode-1@group-523986131536: inconsistency entries. Reply:omNode-2<-omNode-1#1826:FAIL-t4,INCONSISTENCY,nextIndex=16,followerCommit=15
2021-10-05 01:14:38,643 [grpc-default-executor-2] INFO  leader.FollowerInfo (FollowerInfoImpl.java:lambda$new$0(46)) - omNode-2@group-523986131536->omNode-1: nextIndex: updateUnconditionally 22 -> 16
2021-10-05 01:14:39,144 [grpc-default-executor-2] INFO  server.RaftServer$Division (RaftServerImpl.java:checkInconsistentAppendEntries(1319)) - omNode-1@group-523986131536: Failed appendEntries as previous log entry ((t:4, i:21)) is not found
2021-10-05 01:14:39,144 [grpc-default-executor-2] INFO  server.RaftServer$Division (RaftServerImpl.java:checkInconsistentAppendEntries(1285)) - omNode-1@group-523986131536: inconsistency entries. Reply:omNode-2<-omNode-1#1877:FAIL-t4,INCONSISTENCY,nextIndex=16,followerCommit=15
2021-10-05 01:14:39,145 [grpc-default-executor-0] INFO  leader.FollowerInfo (FollowerInfoImpl.java:lambda$new$0(46)) - omNode-2@group-523986131536->omNode-1: nextIndex: updateUnconditionally 22 -> 16
2021-10-05 01:14:39,647 [grpc-default-executor-0] INFO  server.RaftServer$Division (RaftServerImpl.java:checkInconsistentAppendEntries(1319)) - omNode-1@group-523986131536: Failed appendEntries as previous log entry ((t:4, i:21)) is not found
2021-10-05 01:14:39,647 [grpc-default-executor-0] INFO  server.RaftServer$Division (RaftServerImpl.java:checkInconsistentAppendEntries(1285)) - omNode-1@group-523986131536: inconsistency entries. Reply:omNode-2<-omNode-1#1928:FAIL-t4,INCONSISTENCY,nextIndex=16,followerCommit=15
2021-10-05 01:14:39,648 [grpc-default-executor-0] INFO  leader.FollowerInfo (FollowerInfoImpl.java:lambda$new$0(46)) - omNode-2@group-523986131536->omNode-1: nextIndex: updateUnconditionally 22 -> 16
2021-10-05 01:14:40,150 [grpc-default-executor-0] INFO  server.RaftServer$Division (RaftServerImpl.java:checkInconsistentAppendEntries(1319)) - omNode-1@group-523986131536: Failed appendEntries as previous log entry ((t:4, i:21)) is not found
2021-10-05 01:14:40,151 [grpc-default-executor-0] INFO  server.RaftServer$Division (RaftServerImpl.java:checkInconsistentAppendEntries(1285)) - omNode-1@group-523986131536: inconsistency entries. Reply:omNode-2<-omNode-1#1979:FAIL-t4,INCONSISTENCY,nextIndex=16,followerCommit=15
2021-10-05 01:14:40,151 [grpc-default-executor-0] INFO  leader.FollowerInfo (FollowerInfoImpl.java:lambda$new$0(46)) - omNode-2@group-523986131536->omNode-1: nextIndex: updateUnconditionally 22 -> 16
2021-10-05 01:14:40,652 [grpc-default-executor-2] INFO  server.RaftServer$Division (RaftServerImpl.java:checkInconsistentAppendEntries(1319)) - omNode-1@group-523986131536: Failed appendEntries as previous log entry ((t:4, i:21)) is not found
2021-10-05 01:14:40,653 [grpc-default-executor-2] INFO  server.RaftServer$Division (RaftServerImpl.java:checkInconsistentAppendEntries(1285)) - omNode-1@group-523986131536: inconsistency entries. Reply:omNode-2<-omNode-1#2030:FAIL-t4,INCONSISTENCY,nextIndex=16,followerCommit=15
2021-10-05 01:14:40,653 [grpc-default-executor-2] INFO  leader.FollowerInfo (FollowerInfoImpl.java:lambda$new$0(46)) - omNode-2@group-523986131536->omNode-1: nextIndex: updateUnconditionally 22 -> 16
2021-10-05 01:14:41,155 [grpc-default-executor-2] INFO  server.RaftServer$Division (RaftServerImpl.java:checkInconsistentAppendEntries(1319)) - omNode-1@group-523986131536: Failed appendEntries as previous log entry ((t:4, i:21)) is not found
2021-10-05 01:14:41,155 [grpc-default-executor-2] INFO  server.RaftServer$Division (RaftServerImpl.java:checkInconsistentAppendEntries(1285)) - omNode-1@group-523986131536: inconsistency entries. Reply:omNode-2<-omNode-1#2081:FAIL-t4,INCONSISTENCY,nextIndex=16,followerCommit=15
2021-10-05 01:14:41,156 [grpc-default-executor-2] INFO  leader.FollowerInfo (FollowerInfoImpl.java:lambda$new$0(46)) - omNode-2@group-523986131536->omNode-1: nextIndex: updateUnconditionally 22 -> 16
2021-10-05 01:14:41,658 [grpc-default-executor-0] INFO  server.RaftServer$Division (RaftServerImpl.java:checkInconsistentAppendEntries(1319)) - omNode-1@group-523986131536: Failed appendEntries as previous log entry ((t:4, i:21)) is not found
2021-10-05 01:14:41,658 [grpc-default-executor-0] INFO  server.RaftServer$Division (RaftServerImpl.java:checkInconsistentAppendEntries(1285)) - omNode-1@group-523986131536: inconsistency entries. Reply:omNode-2<-omNode-1#2132:FAIL-t4,INCONSISTENCY,nextIndex=16,followerCommit=15
2021-10-05 01:14:41,660 [grpc-default-executor-2] INFO  leader.FollowerInfo (FollowerInfoImpl.java:lambda$new$0(46)) - omNode-2@group-523986131536->omNode-1: nextIndex: updateUnconditionally 22 -> 16
2021-10-05 01:14:42,162 [grpc-default-executor-2] INFO  server.RaftServer$Division (RaftServerImpl.java:checkInconsistentAppendEntries(1319)) - omNode-1@group-523986131536: Failed appendEntries as previous log entry ((t:4, i:21)) is not found
2021-10-05 01:14:42,162 [grpc-default-executor-2] INFO  server.RaftServer$Division (RaftServerImpl.java:checkInconsistentAppendEntries(1285)) - omNode-1@group-523986131536: inconsistency entries. Reply:omNode-2<-omNode-1#2183:FAIL-t4,INCONSISTENCY,nextIndex=16,followerCommit=15
2021-10-05 01:14:42,162 [grpc-default-executor-2] INFO  leader.FollowerInfo (FollowerInfoImpl.java:lambda$new$0(46)) - omNode-2@group-523986131536->omNode-1: nextIndex: updateUnconditionally 22 -> 16
2021-10-05 01:14:42,664 [grpc-default-executor-2] INFO  server.RaftServer$Division (RaftServerImpl.java:checkInconsistentAppendEntries(1319)) - omNode-1@group-523986131536: Failed appendEntries as previous log entry ((t:4, i:21)) is not found
2021-10-05 01:14:42,665 [grpc-default-executor-2] INFO  server.RaftServer$Division (RaftServerImpl.java:checkInconsistentAppendEntries(1285)) - omNode-1@group-523986131536: inconsistency entries. Reply:omNode-2<-omNode-1#2234:FAIL-t4,INCONSISTENCY,nextIndex=16,followerCommit=15
2021-10-05 01:14:42,665 [grpc-default-executor-2] INFO  leader.FollowerInfo (FollowerInfoImpl.java:lambda$new$0(46)) - omNode-2@group-523986131536->omNode-1: nextIndex: updateUnconditionally 22 -> 16
2021-10-05 01:14:43,168 [grpc-default-executor-2] INFO  server.RaftServer$Division (RaftServerImpl.java:checkInconsistentAppendEntries(1319)) - omNode-1@group-523986131536: Failed appendEntries as previous log entry ((t:4, i:21)) is not found
2021-10-05 01:14:43,168 [grpc-default-executor-2] INFO  server.RaftServer$Division (RaftServerImpl.java:checkInconsistentAppendEntries(1285)) - omNode-1@group-523986131536: inconsistency entries. Reply:omNode-2<-omNode-1#2285:FAIL-t4,INCONSISTENCY,nextIndex=16,followerCommit=15
2021-10-05 01:14:43,169 [grpc-default-executor-2] INFO  leader.FollowerInfo (FollowerInfoImpl.java:lambda$new$0(46)) - omNode-2@group-523986131536->omNode-1: nextIndex: updateUnconditionally 22 -> 16
2021-10-05 01:14:43,671 [grpc-default-executor-2] INFO  server.RaftServer$Division (RaftServerImpl.java:checkInconsistentAppendEntries(1319)) - omNode-1@group-523986131536: Failed appendEntries as previous log entry ((t:4, i:21)) is not found
2021-10-05 01:14:43,671 [grpc-default-executor-2] INFO  server.RaftServer$Division (RaftServerImpl.java:checkInconsistentAppendEntries(1285)) - omNode-1@group-523986131536: inconsistency entries. Reply:omNode-2<-omNode-1#2336:FAIL-t4,INCONSISTENCY,nextIndex=16,followerCommit=15
2021-10-05 01:14:43,673 [grpc-default-executor-0] INFO  leader.FollowerInfo (FollowerInfoImpl.java:lambda$new$0(46)) - omNode-2@group-523986131536->omNode-1: nextIndex: updateUnconditionally 22 -> 16
2021-10-05 01:14:44,175 [grpc-default-executor-0] INFO  server.RaftServer$Division (RaftServerImpl.java:checkInconsistentAppendEntries(1319)) - omNode-1@group-523986131536: Failed appendEntries as previous log entry ((t:4, i:21)) is not found
2021-10-05 01:14:44,175 [grpc-default-executor-0] INFO  server.RaftServer$Division (RaftServerImpl.java:checkInconsistentAppendEntries(1285)) - omNode-1@group-523986131536: inconsistency entries. Reply:omNode-2<-omNode-1#2387:FAIL-t4,INCONSISTENCY,nextIndex=16,followerCommit=15
2021-10-05 01:14:44,176 [grpc-default-executor-0] INFO  leader.FollowerInfo (FollowerInfoImpl.java:lambda$new$0(46)) - omNode-2@group-523986131536->omNode-1: nextIndex: updateUnconditionally 22 -> 16
2021-10-05 01:14:44,678 [grpc-default-executor-2] INFO  server.RaftServer$Division (RaftServerImpl.java:checkInconsistentAppendEntries(1319)) - omNode-1@group-523986131536: Failed appendEntries as previous log entry ((t:4, i:21)) is not found
2021-10-05 01:14:44,678 [grpc-default-executor-2] INFO  server.RaftServer$Division (RaftServerImpl.java:checkInconsistentAppendEntries(1285)) - omNode-1@group-523986131536: inconsistency entries. Reply:omNode-2<-omNode-1#2438:FAIL-t4,INCONSISTENCY,nextIndex=16,followerCommit=15
2021-10-05 01:14:44,679 [grpc-default-executor-2] INFO  leader.FollowerInfo (FollowerInfoImpl.java:lambda$new$0(46)) - omNode-2@group-523986131536->omNode-1: nextIndex: updateUnconditionally 22 -> 16
2021-10-05 01:14:45,181 [grpc-default-executor-0] INFO  server.RaftServer$Division (RaftServerImpl.java:checkInconsistentAppendEntries(1319)) - omNode-1@group-523986131536: Failed appendEntries as previous log entry ((t:4, i:21)) is not found
2021-10-05 01:14:45,181 [grpc-default-executor-0] INFO  server.RaftServer$Division (RaftServerImpl.java:checkInconsistentAppendEntries(1285)) - omNode-1@group-523986131536: inconsistency entries. Reply:omNode-2<-omNode-1#2489:FAIL-t4,INCONSISTENCY,nextIndex=16,followerCommit=15
2021-10-05 01:14:45,181 [grpc-default-executor-0] INFO  leader.FollowerInfo (FollowerInfoImpl.java:lambda$new$0(46)) - omNode-2@group-523986131536->omNode-1: nextIndex: updateUnconditionally 22 -> 16
2021-10-05 01:14:45,684 [grpc-default-executor-0] INFO  server.RaftServer$Division (RaftServerImpl.java:checkInconsistentAppendEntries(1319)) - omNode-1@group-523986131536: Failed appendEntries as previous log entry ((t:4, i:21)) is not found
2021-10-05 01:14:45,684 [grpc-default-executor-0] INFO  server.RaftServer$Division (RaftServerImpl.java:checkInconsistentAppendEntries(1285)) - omNode-1@group-523986131536: inconsistency entries. Reply:omNode-2<-omNode-1#2540:FAIL-t4,INCONSISTENCY,nextIndex=16,followerCommit=15
2021-10-05 01:14:45,685 [grpc-default-executor-0] INFO  leader.FollowerInfo (FollowerInfoImpl.java:lambda$new$0(46)) - omNode-2@group-523986131536->omNode-1: nextIndex: updateUnconditionally 22 -> 16
2021-10-05 01:14:46,187 [grpc-default-executor-2] INFO  server.RaftServer$Division (RaftServerImpl.java:checkInconsistentAppendEntries(1319)) - omNode-1@group-523986131536: Failed appendEntries as previous log entry ((t:4, i:21)) is not found
2021-10-05 01:14:46,188 [grpc-default-executor-2] INFO  server.RaftServer$Division (RaftServerImpl.java:checkInconsistentAppendEntries(1285)) - omNode-1@group-523986131536: inconsistency entries. Reply:omNode-2<-omNode-1#2591:FAIL-t4,INCONSISTENCY,nextIndex=16,followerCommit=15
2021-10-05 01:14:46,188 [grpc-default-executor-0] INFO  leader.FollowerInfo (FollowerInfoImpl.java:lambda$new$0(46)) - omNode-2@group-523986131536->omNode-1: nextIndex: updateUnconditionally 22 -> 16
2021-10-05 01:14:46,691 [grpc-default-executor-2] INFO  server.RaftServer$Division (RaftServerImpl.java:checkInconsistentAppendEntries(1319)) - omNode-1@group-523986131536: Failed appendEntries as previous log entry ((t:4, i:21)) is not found
2021-10-05 01:14:46,691 [grpc-default-executor-2] INFO  server.RaftServer$Division (RaftServerImpl.java:checkInconsistentAppendEntries(1285)) - omNode-1@group-523986131536: inconsistency entries. Reply:omNode-2<-omNode-1#2642:FAIL-t4,INCONSISTENCY,nextIndex=16,followerCommit=15
2021-10-05 01:14:46,692 [grpc-default-executor-2] INFO  leader.FollowerInfo (FollowerInfoImpl.java:lambda$new$0(46)) - omNode-2@group-523986131536->omNode-1: nextIndex: updateUnconditionally 22 -> 16
2021-10-05 01:14:47,195 [grpc-default-executor-0] INFO  server.RaftServer$Division (RaftServerImpl.java:checkInconsistentAppendEntries(1319)) - omNode-1@group-523986131536: Failed appendEntries as previous log entry ((t:4, i:21)) is not found
2021-10-05 01:14:47,195 [grpc-default-executor-0] INFO  server.RaftServer$Division (RaftServerImpl.java:checkInconsistentAppendEntries(1285)) - omNode-1@group-523986131536: inconsistency entries. Reply:omNode-2<-omNode-1#2693:FAIL-t4,INCONSISTENCY,nextIndex=16,followerCommit=15
2021-10-05 01:14:47,196 [grpc-default-executor-0] INFO  leader.FollowerInfo (FollowerInfoImpl.java:lambda$new$0(46)) - omNode-2@group-523986131536->omNode-1: nextIndex: updateUnconditionally 22 -> 16
2021-10-05 01:14:47,699 [grpc-default-executor-0] INFO  server.RaftServer$Division (RaftServerImpl.java:checkInconsistentAppendEntries(1319)) - omNode-1@group-523986131536: Failed appendEntries as previous log entry ((t:4, i:21)) is not found
2021-10-05 01:14:47,699 [grpc-default-executor-0] INFO  server.RaftServer$Division (RaftServerImpl.java:checkInconsistentAppendEntries(1285)) - omNode-1@group-523986131536: inconsistency entries. Reply:omNode-2<-omNode-1#2744:FAIL-t4,INCONSISTENCY,nextIndex=16,followerCommit=15
2021-10-05 01:14:47,700 [grpc-default-executor-0] INFO  leader.FollowerInfo (FollowerInfoImpl.java:lambda$new$0(46)) - omNode-2@group-523986131536->omNode-1: nextIndex: updateUnconditionally 22 -> 16
2021-10-05 01:14:48,201 [grpc-default-executor-2] INFO  server.RaftServer$Division (RaftServerImpl.java:checkInconsistentAppendEntries(1319)) - omNode-1@group-523986131536: Failed appendEntries as previous log entry ((t:4, i:21)) is not found
2021-10-05 01:14:48,201 [grpc-default-executor-2] INFO  server.RaftServer$Division (RaftServerImpl.java:checkInconsistentAppendEntries(1285)) - omNode-1@group-523986131536: inconsistency entries. Reply:omNode-2<-omNode-1#2795:FAIL-t4,INCONSISTENCY,nextIndex=16,followerCommit=15
2021-10-05 01:14:48,201 [grpc-default-executor-2] INFO  leader.FollowerInfo (FollowerInfoImpl.java:lambda$new$0(46)) - omNode-2@group-523986131536->omNode-1: nextIndex: updateUnconditionally 22 -> 16
2021-10-05 01:14:48,703 [grpc-default-executor-2] INFO  server.RaftServer$Division (RaftServerImpl.java:checkInconsistentAppendEntries(1319)) - omNode-1@group-523986131536: Failed appendEntries as previous log entry ((t:4, i:21)) is not found
2021-10-05 01:14:48,703 [grpc-default-executor-2] INFO  server.RaftServer$Division (RaftServerImpl.java:checkInconsistentAppendEntries(1285)) - omNode-1@group-523986131536: inconsistency entries. Reply:omNode-2<-omNode-1#2846:FAIL-t4,INCONSISTENCY,nextIndex=16,followerCommit=15
2021-10-05 01:14:48,703 [grpc-default-executor-2] INFO  leader.FollowerInfo (FollowerInfoImpl.java:lambda$new$0(46)) - omNode-2@group-523986131536->omNode-1: nextIndex: updateUnconditionally 22 -> 16
2021-10-05 01:14:49,205 [grpc-default-executor-2] INFO  server.RaftServer$Division (RaftServerImpl.java:checkInconsistentAppendEntries(1319)) - omNode-1@group-523986131536: Failed appendEntries as previous log entry ((t:4, i:21)) is not found
2021-10-05 01:14:49,205 [grpc-default-executor-2] INFO  server.RaftServer$Division (RaftServerImpl.java:checkInconsistentAppendEntries(1285)) - omNode-1@group-523986131536: inconsistency entries. Reply:omNode-2<-omNode-1#2897:FAIL-t4,INCONSISTENCY,nextIndex=16,followerCommit=15
2021-10-05 01:14:49,206 [grpc-default-executor-2] INFO  leader.FollowerInfo (FollowerInfoImpl.java:lambda$new$0(46)) - omNode-2@group-523986131536->omNode-1: nextIndex: updateUnconditionally 22 -> 16
2021-10-05 01:14:49,709 [grpc-default-executor-2] INFO  server.RaftServer$Division (RaftServerImpl.java:checkInconsistentAppendEntries(1319)) - omNode-1@group-523986131536: Failed appendEntries as previous log entry ((t:4, i:21)) is not found
2021-10-05 01:14:49,709 [grpc-default-executor-2] INFO  server.RaftServer$Division (RaftServerImpl.java:checkInconsistentAppendEntries(1285)) - omNode-1@group-523986131536: inconsistency entries. Reply:omNode-2<-omNode-1#2948:FAIL-t4,INCONSISTENCY,nextIndex=16,followerCommit=15
2021-10-05 01:14:49,710 [grpc-default-executor-2] INFO  leader.FollowerInfo (FollowerInfoImpl.java:lambda$new$0(46)) - omNode-2@group-523986131536->omNode-1: nextIndex: updateUnconditionally 22 -> 16
2021-10-05 01:14:50,212 [grpc-default-executor-2] INFO  server.RaftServer$Division (RaftServerImpl.java:checkInconsistentAppendEntries(1319)) - omNode-1@group-523986131536: Failed appendEntries as previous log entry ((t:4, i:21)) is not found
2021-10-05 01:14:50,213 [grpc-default-executor-2] INFO  server.RaftServer$Division (RaftServerImpl.java:checkInconsistentAppendEntries(1285)) - omNode-1@group-523986131536: inconsistency entries. Reply:omNode-2<-omNode-1#2999:FAIL-t4,INCONSISTENCY,nextIndex=16,followerCommit=15
2021-10-05 01:14:50,213 [grpc-default-executor-2] INFO  leader.FollowerInfo (FollowerInfoImpl.java:lambda$new$0(46)) - omNode-2@group-523986131536->omNode-1: nextIndex: updateUnconditionally 22 -> 16
2021-10-05 01:14:50,715 [grpc-default-executor-2] INFO  server.RaftServer$Division (RaftServerImpl.java:checkInconsistentAppendEntries(1319)) - omNode-1@group-523986131536: Failed appendEntries as previous log entry ((t:4, i:21)) is not found
2021-10-05 01:14:50,715 [grpc-default-executor-2] INFO  server.RaftServer$Division (RaftServerImpl.java:checkInconsistentAppendEntries(1285)) - omNode-1@group-523986131536: inconsistency entries. Reply:omNode-2<-omNode-1#3050:FAIL-t4,INCONSISTENCY,nextIndex=16,followerCommit=15
2021-10-05 01:14:50,716 [grpc-default-executor-2] INFO  leader.FollowerInfo (FollowerInfoImpl.java:lambda$new$0(46)) - omNode-2@group-523986131536->omNode-1: nextIndex: updateUnconditionally 22 -> 16
2021-10-05 01:14:51,218 [grpc-default-executor-0] INFO  server.RaftServer$Division (RaftServerImpl.java:checkInconsistentAppendEntries(1319)) - omNode-1@group-523986131536: Failed appendEntries as previous log entry ((t:4, i:21)) is not found
2021-10-05 01:14:51,218 [grpc-default-executor-0] INFO  server.RaftServer$Division (RaftServerImpl.java:checkInconsistentAppendEntries(1285)) - omNode-1@group-523986131536: inconsistency entries. Reply:omNode-2<-omNode-1#3101:FAIL-t4,INCONSISTENCY,nextIndex=16,followerCommit=15
2021-10-05 01:14:51,219 [grpc-default-executor-0] INFO  leader.FollowerInfo (FollowerInfoImpl.java:lambda$new$0(46)) - omNode-2@group-523986131536->omNode-1: nextIndex: updateUnconditionally 22 -> 16
2021-10-05 01:14:51,722 [grpc-default-executor-0] INFO  server.RaftServer$Division (RaftServerImpl.java:checkInconsistentAppendEntries(1319)) - omNode-1@group-523986131536: Failed appendEntries as previous log entry ((t:4, i:21)) is not found
2021-10-05 01:14:51,723 [grpc-default-executor-0] INFO  server.RaftServer$Division (RaftServerImpl.java:checkInconsistentAppendEntries(1285)) - omNode-1@group-523986131536: inconsistency entries. Reply:omNode-2<-omNode-1#3152:FAIL-t4,INCONSISTENCY,nextIndex=16,followerCommit=15
2021-10-05 01:14:51,723 [grpc-default-executor-0] INFO  leader.FollowerInfo (FollowerInfoImpl.java:lambda$new$0(46)) - omNode-2@group-523986131536->omNode-1: nextIndex: updateUnconditionally 22 -> 16
2021-10-05 01:14:52,226 [grpc-default-executor-0] INFO  server.RaftServer$Division (RaftServerImpl.java:checkInconsistentAppendEntries(1319)) - omNode-1@group-523986131536: Failed appendEntries as previous log entry ((t:4, i:21)) is not found
2021-10-05 01:14:52,227 [grpc-default-executor-0] INFO  server.RaftServer$Division (RaftServerImpl.java:checkInconsistentAppendEntries(1285)) - omNode-1@group-523986131536: inconsistency entries. Reply:omNode-2<-omNode-1#3203:FAIL-t4,INCONSISTENCY,nextIndex=16,followerCommit=15
2021-10-05 01:14:52,227 [grpc-default-executor-2] INFO  leader.FollowerInfo (FollowerInfoImpl.java:lambda$new$0(46)) - omNode-2@group-523986131536->omNode-1: nextIndex: updateUnconditionally 22 -> 16
2021-10-05 01:14:52,729 [grpc-default-executor-2] INFO  server.RaftServer$Division (RaftServerImpl.java:checkInconsistentAppendEntries(1319)) - omNode-1@group-523986131536: Failed appendEntries as previous log entry ((t:4, i:21)) is not found
2021-10-05 01:14:52,729 [grpc-default-executor-2] INFO  server.RaftServer$Division (RaftServerImpl.java:checkInconsistentAppendEntries(1285)) - omNode-1@group-523986131536: inconsistency entries. Reply:omNode-2<-omNode-1#3254:FAIL-t4,INCONSISTENCY,nextIndex=16,followerCommit=15
2021-10-05 01:14:52,733 [grpc-default-executor-0] INFO  leader.FollowerInfo (FollowerInfoImpl.java:lambda$new$0(46)) - omNode-2@group-523986131536->omNode-1: nextIndex: updateUnconditionally 22 -> 16
2021-10-05 01:14:53,235 [grpc-default-executor-2] INFO  server.RaftServer$Division (RaftServerImpl.java:checkInconsistentAppendEntries(1319)) - omNode-1@group-523986131536: Failed appendEntries as previous log entry ((t:4, i:21)) is not found
2021-10-05 01:14:53,235 [grpc-default-executor-2] INFO  server.RaftServer$Division (RaftServerImpl.java:checkInconsistentAppendEntries(1285)) - omNode-1@group-523986131536: inconsistency entries. Reply:omNode-2<-omNode-1#3305:FAIL-t4,INCONSISTENCY,nextIndex=16,followerCommit=15
2021-10-05 01:14:53,236 [grpc-default-executor-2] INFO  leader.FollowerInfo (FollowerInfoImpl.java:lambda$new$0(46)) - omNode-2@group-523986131536->omNode-1: nextIndex: updateUnconditionally 22 -> 16
2021-10-05 01:14:53,738 [grpc-default-executor-2] INFO  server.RaftServer$Division (RaftServerImpl.java:checkInconsistentAppendEntries(1319)) - omNode-1@group-523986131536: Failed appendEntries as previous log entry ((t:4, i:21)) is not found
2021-10-05 01:14:53,738 [grpc-default-executor-2] INFO  server.RaftServer$Division (RaftServerImpl.java:checkInconsistentAppendEntries(1285)) - omNode-1@group-523986131536: inconsistency entries. Reply:omNode-2<-omNode-1#3356:FAIL-t4,INCONSISTENCY,nextIndex=16,followerCommit=15
2021-10-05 01:14:53,739 [grpc-default-executor-2] INFO  leader.FollowerInfo (FollowerInfoImpl.java:lambda$new$0(46)) - omNode-2@group-523986131536->omNode-1: nextIndex: updateUnconditionally 22 -> 16
2021-10-05 01:14:54,241 [grpc-default-executor-2] INFO  server.RaftServer$Division (RaftServerImpl.java:checkInconsistentAppendEntries(1319)) - omNode-1@group-523986131536: Failed appendEntries as previous log entry ((t:4, i:21)) is not found
2021-10-05 01:14:54,241 [grpc-default-executor-2] INFO  server.RaftServer$Division (RaftServerImpl.java:checkInconsistentAppendEntries(1285)) - omNode-1@group-523986131536: inconsistency entries. Reply:omNode-2<-omNode-1#3407:FAIL-t4,INCONSISTENCY,nextIndex=16,followerCommit=15
2021-10-05 01:14:54,242 [grpc-default-executor-2] INFO  leader.FollowerInfo (FollowerInfoImpl.java:lambda$new$0(46)) - omNode-2@group-523986131536->omNode-1: nextIndex: updateUnconditionally 22 -> 16
2021-10-05 01:14:54,744 [grpc-default-executor-2] INFO  server.RaftServer$Division (RaftServerImpl.java:checkInconsistentAppendEntries(1319)) - omNode-1@group-523986131536: Failed appendEntries as previous log entry ((t:4, i:21)) is not found
2021-10-05 01:14:54,744 [grpc-default-executor-2] INFO  server.RaftServer$Division (RaftServerImpl.java:checkInconsistentAppendEntries(1285)) - omNode-1@group-523986131536: inconsistency entries. Reply:omNode-2<-omNode-1#3458:FAIL-t4,INCONSISTENCY,nextIndex=16,followerCommit=15
2021-10-05 01:14:54,745 [grpc-default-executor-2] INFO  leader.FollowerInfo (FollowerInfoImpl.java:lambda$new$0(46)) - omNode-2@group-523986131536->omNode-1: nextIndex: updateUnconditionally 22 -> 16
2021-10-05 01:14:55,246 [grpc-default-executor-2] INFO  server.RaftServer$Division (RaftServerImpl.java:checkInconsistentAppendEntries(1319)) - omNode-1@group-523986131536: Failed appendEntries as previous log entry ((t:4, i:21)) is not found
2021-10-05 01:14:55,247 [grpc-default-executor-2] INFO  server.RaftServer$Division (RaftServerImpl.java:checkInconsistentAppendEntries(1285)) - omNode-1@group-523986131536: inconsistency entries. Reply:omNode-2<-omNode-1#3509:FAIL-t4,INCONSISTENCY,nextIndex=16,followerCommit=15
2021-10-05 01:14:55,247 [grpc-default-executor-2] INFO  leader.FollowerInfo (FollowerInfoImpl.java:lambda$new$0(46)) - omNode-2@group-523986131536->omNode-1: nextIndex: updateUnconditionally 22 -> 16
2021-10-05 01:14:55,749 [grpc-default-executor-2] INFO  server.RaftServer$Division (RaftServerImpl.java:checkInconsistentAppendEntries(1319)) - omNode-1@group-523986131536: Failed appendEntries as previous log entry ((t:4, i:21)) is not found
2021-10-05 01:14:55,749 [grpc-default-executor-2] INFO  server.RaftServer$Division (RaftServerImpl.java:checkInconsistentAppendEntries(1285)) - omNode-1@group-523986131536: inconsistency entries. Reply:omNode-2<-omNode-1#3560:FAIL-t4,INCONSISTENCY,nextIndex=16,followerCommit=15
2021-10-05 01:14:55,749 [grpc-default-executor-2] INFO  leader.FollowerInfo (FollowerInfoImpl.java:lambda$new$0(46)) - omNode-2@group-523986131536->omNode-1: nextIndex: updateUnconditionally 22 -> 16
2021-10-05 01:14:56,251 [grpc-default-executor-0] INFO  server.RaftServer$Division (RaftServerImpl.java:checkInconsistentAppendEntries(1319)) - omNode-1@group-523986131536: Failed appendEntries as previous log entry ((t:4, i:21)) is not found
2021-10-05 01:14:56,251 [grpc-default-executor-0] INFO  server.RaftServer$Division (RaftServerImpl.java:checkInconsistentAppendEntries(1285)) - omNode-1@group-523986131536: inconsistency entries. Reply:omNode-2<-omNode-1#3611:FAIL-t4,INCONSISTENCY,nextIndex=16,followerCommit=15
2021-10-05 01:14:56,252 [grpc-default-executor-0] INFO  leader.FollowerInfo (FollowerInfoImpl.java:lambda$new$0(46)) - omNode-2@group-523986131536->omNode-1: nextIndex: updateUnconditionally 22 -> 16
2021-10-05 01:14:56,754 [grpc-default-executor-0] INFO  server.RaftServer$Division (RaftServerImpl.java:checkInconsistentAppendEntries(1319)) - omNode-1@group-523986131536: Failed appendEntries as previous log entry ((t:4, i:21)) is not found
2021-10-05 01:14:56,754 [grpc-default-executor-0] INFO  server.RaftServer$Division (RaftServerImpl.java:checkInconsistentAppendEntries(1285)) - omNode-1@group-523986131536: inconsistency entries. Reply:omNode-2<-omNode-1#3662:FAIL-t4,INCONSISTENCY,nextIndex=16,followerCommit=15
2021-10-05 01:14:56,755 [grpc-default-executor-0] INFO  leader.FollowerInfo (FollowerInfoImpl.java:lambda$new$0(46)) - omNode-2@group-523986131536->omNode-1: nextIndex: updateUnconditionally 22 -> 16
2021-10-05 01:14:57,256 [grpc-default-executor-0] INFO  server.RaftServer$Division (RaftServerImpl.java:checkInconsistentAppendEntries(1319)) - omNode-1@group-523986131536: Failed appendEntries as previous log entry ((t:4, i:21)) is not found
2021-10-05 01:14:57,256 [grpc-default-executor-0] INFO  server.RaftServer$Division (RaftServerImpl.java:checkInconsistentAppendEntries(1285)) - omNode-1@group-523986131536: inconsistency entries. Reply:omNode-2<-omNode-1#3713:FAIL-t4,INCONSISTENCY,nextIndex=16,followerCommit=15
2021-10-05 01:14:57,257 [grpc-default-executor-0] INFO  leader.FollowerInfo (FollowerInfoImpl.java:lambda$new$0(46)) - omNode-2@group-523986131536->omNode-1: nextIndex: updateUnconditionally 22 -> 16
2021-10-05 01:14:57,758 [grpc-default-executor-0] INFO  server.RaftServer$Division (RaftServerImpl.java:checkInconsistentAppendEntries(1319)) - omNode-1@group-523986131536: Failed appendEntries as previous log entry ((t:4, i:21)) is not found
2021-10-05 01:14:57,758 [grpc-default-executor-0] INFO  server.RaftServer$Division (RaftServerImpl.java:checkInconsistentAppendEntries(1285)) - omNode-1@group-523986131536: inconsistency entries. Reply:omNode-2<-omNode-1#3764:FAIL-t4,INCONSISTENCY,nextIndex=16,followerCommit=15
2021-10-05 01:14:57,759 [grpc-default-executor-0] INFO  leader.FollowerInfo (FollowerInfoImpl.java:lambda$new$0(46)) - omNode-2@group-523986131536->omNode-1: nextIndex: updateUnconditionally 22 -> 16
2021-10-05 01:14:58,261 [grpc-default-executor-2] INFO  server.RaftServer$Division (RaftServerImpl.java:checkInconsistentAppendEntries(1319)) - omNode-1@group-523986131536: Failed appendEntries as previous log entry ((t:4, i:21)) is not found
2021-10-05 01:14:58,261 [grpc-default-executor-2] INFO  server.RaftServer$Division (RaftServerImpl.java:checkInconsistentAppendEntries(1285)) - omNode-1@group-523986131536: inconsistency entries. Reply:omNode-2<-omNode-1#3815:FAIL-t4,INCONSISTENCY,nextIndex=16,followerCommit=15
2021-10-05 01:14:58,262 [grpc-default-executor-2] INFO  leader.FollowerInfo (FollowerInfoImpl.java:lambda$new$0(46)) - omNode-2@group-523986131536->omNode-1: nextIndex: updateUnconditionally 22 -> 16
2021-10-05 01:14:58,764 [grpc-default-executor-2] INFO  server.RaftServer$Division (RaftServerImpl.java:checkInconsistentAppendEntries(1319)) - omNode-1@group-523986131536: Failed appendEntries as previous log entry ((t:4, i:21)) is not found
2021-10-05 01:14:58,764 [grpc-default-executor-2] INFO  server.RaftServer$Division (RaftServerImpl.java:checkInconsistentAppendEntries(1285)) - omNode-1@group-523986131536: inconsistency entries. Reply:omNode-2<-omNode-1#3866:FAIL-t4,INCONSISTENCY,nextIndex=16,followerCommit=15
2021-10-05 01:14:58,765 [grpc-default-executor-2] INFO  leader.FollowerInfo (FollowerInfoImpl.java:lambda$new$0(46)) - omNode-2@group-523986131536->omNode-1: nextIndex: updateUnconditionally 22 -> 16
2021-10-05 01:14:59,267 [grpc-default-executor-2] INFO  server.RaftServer$Division (RaftServerImpl.java:checkInconsistentAppendEntries(1319)) - omNode-1@group-523986131536: Failed appendEntries as previous log entry ((t:4, i:21)) is not found
2021-10-05 01:14:59,267 [grpc-default-executor-2] INFO  server.RaftServer$Division (RaftServerImpl.java:checkInconsistentAppendEntries(1285)) - omNode-1@group-523986131536: inconsistency entries. Reply:omNode-2<-omNode-1#3917:FAIL-t4,INCONSISTENCY,nextIndex=16,followerCommit=15
2021-10-05 01:14:59,268 [grpc-default-executor-2] INFO  leader.FollowerInfo (FollowerInfoImpl.java:lambda$new$0(46)) - omNode-2@group-523986131536->omNode-1: nextIndex: updateUnconditionally 22 -> 16
2021-10-05 01:14:59,770 [grpc-default-executor-2] INFO  server.RaftServer$Division (RaftServerImpl.java:checkInconsistentAppendEntries(1319)) - omNode-1@group-523986131536: Failed appendEntries as previous log entry ((t:4, i:21)) is not found
2021-10-05 01:14:59,770 [grpc-default-executor-2] INFO  server.RaftServer$Division (RaftServerImpl.java:checkInconsistentAppendEntries(1285)) - omNode-1@group-523986131536: inconsistency entries. Reply:omNode-2<-omNode-1#3968:FAIL-t4,INCONSISTENCY,nextIndex=16,followerCommit=15
2021-10-05 01:14:59,770 [grpc-default-executor-2] INFO  leader.FollowerInfo (FollowerInfoImpl.java:lambda$new$0(46)) - omNode-2@group-523986131536->omNode-1: nextIndex: updateUnconditionally 22 -> 16
2021-10-05 01:15:00,273 [grpc-default-executor-2] INFO  server.RaftServer$Division (RaftServerImpl.java:checkInconsistentAppendEntries(1319)) - omNode-1@group-523986131536: Failed appendEntries as previous log entry ((t:4, i:21)) is not found
2021-10-05 01:15:00,273 [grpc-default-executor-2] INFO  server.RaftServer$Division (RaftServerImpl.java:checkInconsistentAppendEntries(1285)) - omNode-1@group-523986131536: inconsistency entries. Reply:omNode-2<-omNode-1#4019:FAIL-t4,INCONSISTENCY,nextIndex=16,followerCommit=15
2021-10-05 01:15:00,274 [grpc-default-executor-2] INFO  leader.FollowerInfo (FollowerInfoImpl.java:lambda$new$0(46)) - omNode-2@group-523986131536->omNode-1: nextIndex: updateUnconditionally 22 -> 16
2021-10-05 01:15:00,776 [grpc-default-executor-2] INFO  server.RaftServer$Division (RaftServerImpl.java:checkInconsistentAppendEntries(1319)) - omNode-1@group-523986131536: Failed appendEntries as previous log entry ((t:4, i:21)) is not found
2021-10-05 01:15:00,776 [grpc-default-executor-2] INFO  server.RaftServer$Division (RaftServerImpl.java:checkInconsistentAppendEntries(1285)) - omNode-1@group-523986131536: inconsistency entries. Reply:omNode-2<-omNode-1#4070:FAIL-t4,INCONSISTENCY,nextIndex=16,followerCommit=15
2021-10-05 01:15:00,776 [grpc-default-executor-2] INFO  leader.FollowerInfo (FollowerInfoImpl.java:lambda$new$0(46)) - omNode-2@group-523986131536->omNode-1: nextIndex: updateUnconditionally 22 -> 16
2021-10-05 01:15:01,279 [grpc-default-executor-2] INFO  server.RaftServer$Division (RaftServerImpl.java:checkInconsistentAppendEntries(1319)) - omNode-1@group-523986131536: Failed appendEntries as previous log entry ((t:4, i:21)) is not found
2021-10-05 01:15:01,279 [grpc-default-executor-2] INFO  server.RaftServer$Division (RaftServerImpl.java:checkInconsistentAppendEntries(1285)) - omNode-1@group-523986131536: inconsistency entries. Reply:omNode-2<-omNode-1#4121:FAIL-t4,INCONSISTENCY,nextIndex=16,followerCommit=15
2021-10-05 01:15:01,279 [grpc-default-executor-2] INFO  leader.FollowerInfo (FollowerInfoImpl.java:lambda$new$0(46)) - omNode-2@group-523986131536->omNode-1: nextIndex: updateUnconditionally 22 -> 16
2021-10-05 01:15:01,782 [grpc-default-executor-2] INFO  server.RaftServer$Division (RaftServerImpl.java:checkInconsistentAppendEntries(1319)) - omNode-1@group-523986131536: Failed appendEntries as previous log entry ((t:4, i:21)) is not found
2021-10-05 01:15:01,782 [grpc-default-executor-2] INFO  server.RaftServer$Division (RaftServerImpl.java:checkInconsistentAppendEntries(1285)) - omNode-1@group-523986131536: inconsistency entries. Reply:omNode-2<-omNode-1#4172:FAIL-t4,INCONSISTENCY,nextIndex=16,followerCommit=15
2021-10-05 01:15:01,782 [grpc-default-executor-2] INFO  leader.FollowerInfo (FollowerInfoImpl.java:lambda$new$0(46)) - omNode-2@group-523986131536->omNode-1: nextIndex: updateUnconditionally 22 -> 16
2021-10-05 01:15:02,284 [grpc-default-executor-0] INFO  server.RaftServer$Division (RaftServerImpl.java:checkInconsistentAppendEntries(1319)) - omNode-1@group-523986131536: Failed appendEntries as previous log entry ((t:4, i:21)) is not found
2021-10-05 01:15:02,285 [grpc-default-executor-0] INFO  server.RaftServer$Division (RaftServerImpl.java:checkInconsistentAppendEntries(1285)) - omNode-1@group-523986131536: inconsistency entries. Reply:omNode-2<-omNode-1#4223:FAIL-t4,INCONSISTENCY,nextIndex=16,followerCommit=15
2021-10-05 01:15:02,285 [grpc-default-executor-0] INFO  leader.FollowerInfo (FollowerInfoImpl.java:lambda$new$0(46)) - omNode-2@group-523986131536->omNode-1: nextIndex: updateUnconditionally 22 -> 16
2021-10-05 01:15:02,788 [grpc-default-executor-2] INFO  server.RaftServer$Division (RaftServerImpl.java:checkInconsistentAppendEntries(1319)) - omNode-1@group-523986131536: Failed appendEntries as previous log entry ((t:4, i:21)) is not found
2021-10-05 01:15:02,788 [grpc-default-executor-2] INFO  server.RaftServer$Division (RaftServerImpl.java:checkInconsistentAppendEntries(1285)) - omNode-1@group-523986131536: inconsistency entries. Reply:omNode-2<-omNode-1#4274:FAIL-t4,INCONSISTENCY,nextIndex=16,followerCommit=15
2021-10-05 01:15:02,789 [grpc-default-executor-2] INFO  leader.FollowerInfo (FollowerInfoImpl.java:lambda$new$0(46)) - omNode-2@group-523986131536->omNode-1: nextIndex: updateUnconditionally 22 -> 16
2021-10-05 01:15:03,291 [grpc-default-executor-2] INFO  server.RaftServer$Division (RaftServerImpl.java:checkInconsistentAppendEntries(1319)) - omNode-1@group-523986131536: Failed appendEntries as previous log entry ((t:4, i:21)) is not found
2021-10-05 01:15:03,291 [grpc-default-executor-2] INFO  server.RaftServer$Division (RaftServerImpl.java:checkInconsistentAppendEntries(1285)) - omNode-1@group-523986131536: inconsistency entries. Reply:omNode-2<-omNode-1#4325:FAIL-t4,INCONSISTENCY,nextIndex=16,followerCommit=15
2021-10-05 01:15:03,292 [grpc-default-executor-0] INFO  leader.FollowerInfo (FollowerInfoImpl.java:lambda$new$0(46)) - omNode-2@group-523986131536->omNode-1: nextIndex: updateUnconditionally 22 -> 16
2021-10-05 01:15:03,794 [grpc-default-executor-0] INFO  server.RaftServer$Division (RaftServerImpl.java:checkInconsistentAppendEntries(1319)) - omNode-1@group-523986131536: Failed appendEntries as previous log entry ((t:4, i:21)) is not found
2021-10-05 01:15:03,794 [grpc-default-executor-0] INFO  server.RaftServer$Division (RaftServerImpl.java:checkInconsistentAppendEntries(1285)) - omNode-1@group-523986131536: inconsistency entries. Reply:omNode-2<-omNode-1#4376:FAIL-t4,INCONSISTENCY,nextIndex=16,followerCommit=15
2021-10-05 01:15:03,795 [grpc-default-executor-0] INFO  leader.FollowerInfo (FollowerInfoImpl.java:lambda$new$0(46)) - omNode-2@group-523986131536->omNode-1: nextIndex: updateUnconditionally 22 -> 16
2021-10-05 01:15:04,297 [grpc-default-executor-2] INFO  server.RaftServer$Division (RaftServerImpl.java:checkInconsistentAppendEntries(1319)) - omNode-1@group-523986131536: Failed appendEntries as previous log entry ((t:4, i:21)) is not found
2021-10-05 01:15:04,297 [grpc-default-executor-2] INFO  server.RaftServer$Division (RaftServerImpl.java:checkInconsistentAppendEntries(1285)) - omNode-1@group-523986131536: inconsistency entries. Reply:omNode-2<-omNode-1#4427:FAIL-t4,INCONSISTENCY,nextIndex=16,followerCommit=15
2021-10-05 01:15:04,298 [grpc-default-executor-2] INFO  leader.FollowerInfo (FollowerInfoImpl.java:lambda$new$0(46)) - omNode-2@group-523986131536->omNode-1: nextIndex: updateUnconditionally 22 -> 16
2021-10-05 01:15:04,800 [grpc-default-executor-0] INFO  server.RaftServer$Division (RaftServerImpl.java:checkInconsistentAppendEntries(1319)) - omNode-1@group-523986131536: Failed appendEntries as previous log entry ((t:4, i:21)) is not found
2021-10-05 01:15:04,800 [grpc-default-executor-0] INFO  server.RaftServer$Division (RaftServerImpl.java:checkInconsistentAppendEntries(1285)) - omNode-1@group-523986131536: inconsistency entries. Reply:omNode-2<-omNode-1#4478:FAIL-t4,INCONSISTENCY,nextIndex=16,followerCommit=15
2021-10-05 01:15:04,801 [grpc-default-executor-0] INFO  leader.FollowerInfo (FollowerInfoImpl.java:lambda$new$0(46)) - omNode-2@group-523986131536->omNode-1: nextIndex: updateUnconditionally 22 -> 16
2021-10-05 01:15:05,303 [grpc-default-executor-0] INFO  server.RaftServer$Division (RaftServerImpl.java:checkInconsistentAppendEntries(1319)) - omNode-1@group-523986131536: Failed appendEntries as previous log entry ((t:4, i:21)) is not found
2021-10-05 01:15:05,303 [grpc-default-executor-0] INFO  server.RaftServer$Division (RaftServerImpl.java:checkInconsistentAppendEntries(1285)) - omNode-1@group-523986131536: inconsistency entries. Reply:omNode-2<-omNode-1#4529:FAIL-t4,INCONSISTENCY,nextIndex=16,followerCommit=15
2021-10-05 01:15:05,304 [grpc-default-executor-0] INFO  leader.FollowerInfo (FollowerInfoImpl.java:lambda$new$0(46)) - omNode-2@group-523986131536->omNode-1: nextIndex: updateUnconditionally 22 -> 16
2021-10-05 01:15:05,805 [grpc-default-executor-0] INFO  server.RaftServer$Division (RaftServerImpl.java:checkInconsistentAppendEntries(1319)) - omNode-1@group-523986131536: Failed appendEntries as previous log entry ((t:4, i:21)) is not found
2021-10-05 01:15:05,805 [grpc-default-executor-0] INFO  server.RaftServer$Division (RaftServerImpl.java:checkInconsistentAppendEntries(1285)) - omNode-1@group-523986131536: inconsistency entries. Reply:omNode-2<-omNode-1#4580:FAIL-t4,INCONSISTENCY,nextIndex=16,followerCommit=15
2021-10-05 01:15:05,806 [grpc-default-executor-0] INFO  leader.FollowerInfo (FollowerInfoImpl.java:lambda$new$0(46)) - omNode-2@group-523986131536->omNode-1: nextIndex: updateUnconditionally 22 -> 16
2021-10-05 01:15:06,307 [grpc-default-executor-0] INFO  server.RaftServer$Division (RaftServerImpl.java:checkInconsistentAppendEntries(1319)) - omNode-1@group-523986131536: Failed appendEntries as previous log entry ((t:4, i:21)) is not found
2021-10-05 01:15:06,308 [grpc-default-executor-0] INFO  server.RaftServer$Division (RaftServerImpl.java:checkInconsistentAppendEntries(1285)) - omNode-1@group-523986131536: inconsistency entries. Reply:omNode-2<-omNode-1#4631:FAIL-t4,INCONSISTENCY,nextIndex=16,followerCommit=15
2021-10-05 01:15:06,308 [grpc-default-executor-0] INFO  leader.FollowerInfo (FollowerInfoImpl.java:lambda$new$0(46)) - omNode-2@group-523986131536->omNode-1: nextIndex: updateUnconditionally 22 -> 16
2021-10-05 01:15:06,809 [grpc-default-executor-0] INFO  server.RaftServer$Division (RaftServerImpl.java:checkInconsistentAppendEntries(1319)) - omNode-1@group-523986131536: Failed appendEntries as previous log entry ((t:4, i:21)) is not found
2021-10-05 01:15:06,810 [grpc-default-executor-0] INFO  server.RaftServer$Division (RaftServerImpl.java:checkInconsistentAppendEntries(1285)) - omNode-1@group-523986131536: inconsistency entries. Reply:omNode-2<-omNode-1#4682:FAIL-t4,INCONSISTENCY,nextIndex=16,followerCommit=15
2021-10-05 01:15:06,810 [grpc-default-executor-0] INFO  leader.FollowerInfo (FollowerInfoImpl.java:lambda$new$0(46)) - omNode-2@group-523986131536->omNode-1: nextIndex: updateUnconditionally 22 -> 16
2021-10-05 01:15:07,312 [grpc-default-executor-0] INFO  server.RaftServer$Division (RaftServerImpl.java:checkInconsistentAppendEntries(1319)) - omNode-1@group-523986131536: Failed appendEntries as previous log entry ((t:4, i:21)) is not found
2021-10-05 01:15:07,312 [grpc-default-executor-0] INFO  server.RaftServer$Division (RaftServerImpl.java:checkInconsistentAppendEntries(1285)) - omNode-1@group-523986131536: inconsistency entries. Reply:omNode-2<-omNode-1#4733:FAIL-t4,INCONSISTENCY,nextIndex=16,followerCommit=15
2021-10-05 01:15:07,313 [grpc-default-executor-0] INFO  leader.FollowerInfo (FollowerInfoImpl.java:lambda$new$0(46)) - omNode-2@group-523986131536->omNode-1: nextIndex: updateUnconditionally 22 -> 16
2021-10-05 01:15:07,815 [grpc-default-executor-0] INFO  server.RaftServer$Division (RaftServerImpl.java:checkInconsistentAppendEntries(1319)) - omNode-1@group-523986131536: Failed appendEntries as previous log entry ((t:4, i:21)) is not found
2021-10-05 01:15:07,815 [grpc-default-executor-0] INFO  server.RaftServer$Division (RaftServerImpl.java:checkInconsistentAppendEntries(1285)) - omNode-1@group-523986131536: inconsistency entries. Reply:omNode-2<-omNode-1#4784:FAIL-t4,INCONSISTENCY,nextIndex=16,followerCommit=15
2021-10-05 01:15:07,816 [grpc-default-executor-0] INFO  leader.FollowerInfo (FollowerInfoImpl.java:lambda$new$0(46)) - omNode-2@group-523986131536->omNode-1: nextIndex: updateUnconditionally 22 -> 16
2021-10-05 01:15:08,317 [grpc-default-executor-2] INFO  server.RaftServer$Division (RaftServerImpl.java:checkInconsistentAppendEntries(1319)) - omNode-1@group-523986131536: Failed appendEntries as previous log entry ((t:4, i:21)) is not found
2021-10-05 01:15:08,318 [grpc-default-executor-2] INFO  server.RaftServer$Division (RaftServerImpl.java:checkInconsistentAppendEntries(1285)) - omNode-1@group-523986131536: inconsistency entries. Reply:omNode-2<-omNode-1#4835:FAIL-t4,INCONSISTENCY,nextIndex=16,followerCommit=15
2021-10-05 01:15:08,318 [grpc-default-executor-2] INFO  leader.FollowerInfo (FollowerInfoImpl.java:lambda$new$0(46)) - omNode-2@group-523986131536->omNode-1: nextIndex: updateUnconditionally 22 -> 16
2021-10-05 01:15:08,820 [grpc-default-executor-2] INFO  server.RaftServer$Division (RaftServerImpl.java:checkInconsistentAppendEntries(1319)) - omNode-1@group-523986131536: Failed appendEntries as previous log entry ((t:4, i:21)) is not found
2021-10-05 01:15:08,821 [grpc-default-executor-2] INFO  server.RaftServer$Division (RaftServerImpl.java:checkInconsistentAppendEntries(1285)) - omNode-1@group-523986131536: inconsistency entries. Reply:omNode-2<-omNode-1#4886:FAIL-t4,INCONSISTENCY,nextIndex=16,followerCommit=15
2021-10-05 01:15:08,821 [grpc-default-executor-2] INFO  leader.FollowerInfo (FollowerInfoImpl.java:lambda$new$0(46)) - omNode-2@group-523986131536->omNode-1: nextIndex: updateUnconditionally 22 -> 16
2021-10-05 01:15:09,324 [grpc-default-executor-2] INFO  server.RaftServer$Division (RaftServerImpl.java:checkInconsistentAppendEntries(1319)) - omNode-1@group-523986131536: Failed appendEntries as previous log entry ((t:4, i:21)) is not found
2021-10-05 01:15:09,324 [grpc-default-executor-2] INFO  server.RaftServer$Division (RaftServerImpl.java:checkInconsistentAppendEntries(1285)) - omNode-1@group-523986131536: inconsistency entries. Reply:omNode-2<-omNode-1#4937:FAIL-t4,INCONSISTENCY,nextIndex=16,followerCommit=15
2021-10-05 01:15:09,325 [grpc-default-executor-2] INFO  leader.FollowerInfo (FollowerInfoImpl.java:lambda$new$0(46)) - omNode-2@group-523986131536->omNode-1: nextIndex: updateUnconditionally 22 -> 16
2021-10-05 01:15:09,827 [grpc-default-executor-0] INFO  server.RaftServer$Division (RaftServerImpl.java:checkInconsistentAppendEntries(1319)) - omNode-1@group-523986131536: Failed appendEntries as previous log entry ((t:4, i:21)) is not found
2021-10-05 01:15:09,827 [grpc-default-executor-0] INFO  server.RaftServer$Division (RaftServerImpl.java:checkInconsistentAppendEntries(1285)) - omNode-1@group-523986131536: inconsistency entries. Reply:omNode-2<-omNode-1#4988:FAIL-t4,INCONSISTENCY,nextIndex=16,followerCommit=15
2021-10-05 01:15:09,828 [grpc-default-executor-2] INFO  leader.FollowerInfo (FollowerInfoImpl.java:lambda$new$0(46)) - omNode-2@group-523986131536->omNode-1: nextIndex: updateUnconditionally 22 -> 16
2021-10-05 01:15:10,330 [grpc-default-executor-0] INFO  server.RaftServer$Division (RaftServerImpl.java:checkInconsistentAppendEntries(1319)) - omNode-1@group-523986131536: Failed appendEntries as previous log entry ((t:4, i:21)) is not found
2021-10-05 01:15:10,330 [grpc-default-executor-0] INFO  server.RaftServer$Division (RaftServerImpl.java:checkInconsistentAppendEntries(1285)) - omNode-1@group-523986131536: inconsistency entries. Reply:omNode-2<-omNode-1#5039:FAIL-t4,INCONSISTENCY,nextIndex=16,followerCommit=15
2021-10-05 01:15:10,331 [grpc-default-executor-2] INFO  leader.FollowerInfo (FollowerInfoImpl.java:lambda$new$0(46)) - omNode-2@group-523986131536->omNode-1: nextIndex: updateUnconditionally 22 -> 16
2021-10-05 01:15:10,832 [grpc-default-executor-0] INFO  server.RaftServer$Division (RaftServerImpl.java:checkInconsistentAppendEntries(1319)) - omNode-1@group-523986131536: Failed appendEntries as previous log entry ((t:4, i:21)) is not found
2021-10-05 01:15:10,832 [grpc-default-executor-0] INFO  server.RaftServer$Division (RaftServerImpl.java:checkInconsistentAppendEntries(1285)) - omNode-1@group-523986131536: inconsistency entries. Reply:omNode-2<-omNode-1#5090:FAIL-t4,INCONSISTENCY,nextIndex=16,followerCommit=15
2021-10-05 01:15:10,833 [grpc-default-executor-0] INFO  leader.FollowerInfo (FollowerInfoImpl.java:lambda$new$0(46)) - omNode-2@group-523986131536->omNode-1: nextIndex: updateUnconditionally 22 -> 16
2021-10-05 01:15:11,335 [grpc-default-executor-0] INFO  server.RaftServer$Division (RaftServerImpl.java:checkInconsistentAppendEntries(1319)) - omNode-1@group-523986131536: Failed appendEntries as previous log entry ((t:4, i:21)) is not found
2021-10-05 01:15:11,335 [grpc-default-executor-0] INFO  server.RaftServer$Division (RaftServerImpl.java:checkInconsistentAppendEntries(1285)) - omNode-1@group-523986131536: inconsistency entries. Reply:omNode-2<-omNode-1#5141:FAIL-t4,INCONSISTENCY,nextIndex=16,followerCommit=15
2021-10-05 01:15:11,336 [grpc-default-executor-0] INFO  leader.FollowerInfo (FollowerInfoImpl.java:lambda$new$0(46)) - omNode-2@group-523986131536->omNode-1: nextIndex: updateUnconditionally 22 -> 16
2021-10-05 01:15:11,838 [grpc-default-executor-0] INFO  server.RaftServer$Division (RaftServerImpl.java:checkInconsistentAppendEntries(1319)) - omNode-1@group-523986131536: Failed appendEntries as previous log entry ((t:4, i:21)) is not found
2021-10-05 01:15:11,838 [grpc-default-executor-0] INFO  server.RaftServer$Division (RaftServerImpl.java:checkInconsistentAppendEntries(1285)) - omNode-1@group-523986131536: inconsistency entries. Reply:omNode-2<-omNode-1#5192:FAIL-t4,INCONSISTENCY,nextIndex=16,followerCommit=15
2021-10-05 01:15:11,839 [grpc-default-executor-2] INFO  leader.FollowerInfo (FollowerInfoImpl.java:lambda$new$0(46)) - omNode-2@group-523986131536->omNode-1: nextIndex: updateUnconditionally 22 -> 16
2021-10-05 01:15:12,341 [grpc-default-executor-2] INFO  server.RaftServer$Division (RaftServerImpl.java:checkInconsistentAppendEntries(1319)) - omNode-1@group-523986131536: Failed appendEntries as previous log entry ((t:4, i:21)) is not found
2021-10-05 01:15:12,341 [grpc-default-executor-2] INFO  server.RaftServer$Division (RaftServerImpl.java:checkInconsistentAppendEntries(1285)) - omNode-1@group-523986131536: inconsistency entries. Reply:omNode-2<-omNode-1#5243:FAIL-t4,INCONSISTENCY,nextIndex=16,followerCommit=15
2021-10-05 01:15:12,341 [grpc-default-executor-2] INFO  leader.FollowerInfo (FollowerInfoImpl.java:lambda$new$0(46)) - omNode-2@group-523986131536->omNode-1: nextIndex: updateUnconditionally 22 -> 16
2021-10-05 01:15:12,843 [grpc-default-executor-2] INFO  server.RaftServer$Division (RaftServerImpl.java:checkInconsistentAppendEntries(1319)) - omNode-1@group-523986131536: Failed appendEntries as previous log entry ((t:4, i:21)) is not found
2021-10-05 01:15:12,843 [grpc-default-executor-2] INFO  server.RaftServer$Division (RaftServerImpl.java:checkInconsistentAppendEntries(1285)) - omNode-1@group-523986131536: inconsistency entries. Reply:omNode-2<-omNode-1#5294:FAIL-t4,INCONSISTENCY,nextIndex=16,followerCommit=15
2021-10-05 01:15:12,844 [grpc-default-executor-2] INFO  leader.FollowerInfo (FollowerInfoImpl.java:lambda$new$0(46)) - omNode-2@group-523986131536->omNode-1: nextIndex: updateUnconditionally 22 -> 16
2021-10-05 01:15:13,346 [grpc-default-executor-2] INFO  server.RaftServer$Division (RaftServerImpl.java:checkInconsistentAppendEntries(1319)) - omNode-1@group-523986131536: Failed appendEntries as previous log entry ((t:4, i:21)) is not found
2021-10-05 01:15:13,346 [grpc-default-executor-2] INFO  server.RaftServer$Division (RaftServerImpl.java:checkInconsistentAppendEntries(1285)) - omNode-1@group-523986131536: inconsistency entries. Reply:omNode-2<-omNode-1#5345:FAIL-t4,INCONSISTENCY,nextIndex=16,followerCommit=15
2021-10-05 01:15:13,346 [grpc-default-executor-0] INFO  leader.FollowerInfo (FollowerInfoImpl.java:lambda$new$0(46)) - omNode-2@group-523986131536->omNode-1: nextIndex: updateUnconditionally 22 -> 16
2021-10-05 01:15:13,848 [grpc-default-executor-2] INFO  server.RaftServer$Division (RaftServerImpl.java:checkInconsistentAppendEntries(1319)) - omNode-1@group-523986131536: Failed appendEntries as previous log entry ((t:4, i:21)) is not found
2021-10-05 01:15:13,848 [grpc-default-executor-2] INFO  server.RaftServer$Division (RaftServerImpl.java:checkInconsistentAppendEntries(1285)) - omNode-1@group-523986131536: inconsistency entries. Reply:omNode-2<-omNode-1#5396:FAIL-t4,INCONSISTENCY,nextIndex=16,followerCommit=15
2021-10-05 01:15:13,849 [grpc-default-executor-0] INFO  leader.FollowerInfo (FollowerInfoImpl.java:lambda$new$0(46)) - omNode-2@group-523986131536->omNode-1: nextIndex: updateUnconditionally 22 -> 16
2021-10-05 01:15:14,350 [grpc-default-executor-2] INFO  server.RaftServer$Division (RaftServerImpl.java:checkInconsistentAppendEntries(1319)) - omNode-1@group-523986131536: Failed appendEntries as previous log entry ((t:4, i:21)) is not found
2021-10-05 01:15:14,351 [grpc-default-executor-2] INFO  server.RaftServer$Division (RaftServerImpl.java:checkInconsistentAppendEntries(1285)) - omNode-1@group-523986131536: inconsistency entries. Reply:omNode-2<-omNode-1#5447:FAIL-t4,INCONSISTENCY,nextIndex=16,followerCommit=15
2021-10-05 01:15:14,351 [grpc-default-executor-2] INFO  leader.FollowerInfo (FollowerInfoImpl.java:lambda$new$0(46)) - omNode-2@group-523986131536->omNode-1: nextIndex: updateUnconditionally 22 -> 16
2021-10-05 01:15:14,853 [grpc-default-executor-2] INFO  server.RaftServer$Division (RaftServerImpl.java:checkInconsistentAppendEntries(1319)) - omNode-1@group-523986131536: Failed appendEntries as previous log entry ((t:4, i:21)) is not found
2021-10-05 01:15:14,853 [grpc-default-executor-2] INFO  server.RaftServer$Division (RaftServerImpl.java:checkInconsistentAppendEntries(1285)) - omNode-1@group-523986131536: inconsistency entries. Reply:omNode-2<-omNode-1#5498:FAIL-t4,INCONSISTENCY,nextIndex=16,followerCommit=15
2021-10-05 01:15:14,853 [grpc-default-executor-2] INFO  leader.FollowerInfo (FollowerInfoImpl.java:lambda$new$0(46)) - omNode-2@group-523986131536->omNode-1: nextIndex: updateUnconditionally 22 -> 16
2021-10-05 01:15:15,355 [grpc-default-executor-0] INFO  server.RaftServer$Division (RaftServerImpl.java:checkInconsistentAppendEntries(1319)) - omNode-1@group-523986131536: Failed appendEntries as previous log entry ((t:4, i:21)) is not found
2021-10-05 01:15:15,355 [grpc-default-executor-0] INFO  server.RaftServer$Division (RaftServerImpl.java:checkInconsistentAppendEntries(1285)) - omNode-1@group-523986131536: inconsistency entries. Reply:omNode-2<-omNode-1#5549:FAIL-t4,INCONSISTENCY,nextIndex=16,followerCommit=15
2021-10-05 01:15:15,355 [grpc-default-executor-0] INFO  leader.FollowerInfo (FollowerInfoImpl.java:lambda$new$0(46)) - omNode-2@group-523986131536->omNode-1: nextIndex: updateUnconditionally 22 -> 16
2021-10-05 01:15:15,857 [grpc-default-executor-2] INFO  server.RaftServer$Division (RaftServerImpl.java:checkInconsistentAppendEntries(1319)) - omNode-1@group-523986131536: Failed appendEntries as previous log entry ((t:4, i:21)) is not found
2021-10-05 01:15:15,857 [grpc-default-executor-2] INFO  server.RaftServer$Division (RaftServerImpl.java:checkInconsistentAppendEntries(1285)) - omNode-1@group-523986131536: inconsistency entries. Reply:omNode-2<-omNode-1#5600:FAIL-t4,INCONSISTENCY,nextIndex=16,followerCommit=15
2021-10-05 01:15:15,857 [grpc-default-executor-2] INFO  leader.FollowerInfo (FollowerInfoImpl.java:lambda$new$0(46)) - omNode-2@group-523986131536->omNode-1: nextIndex: updateUnconditionally 22 -> 16
2021-10-05 01:15:16,359 [grpc-default-executor-2] INFO  server.RaftServer$Division (RaftServerImpl.java:checkInconsistentAppendEntries(1319)) - omNode-1@group-523986131536: Failed appendEntries as previous log entry ((t:4, i:21)) is not found
2021-10-05 01:15:16,359 [grpc-default-executor-2] INFO  server.RaftServer$Division (RaftServerImpl.java:checkInconsistentAppendEntries(1285)) - omNode-1@group-523986131536: inconsistency entries. Reply:omNode-2<-omNode-1#5651:FAIL-t4,INCONSISTENCY,nextIndex=16,followerCommit=15
2021-10-05 01:15:16,360 [grpc-default-executor-2] INFO  leader.FollowerInfo (FollowerInfoImpl.java:lambda$new$0(46)) - omNode-2@group-523986131536->omNode-1: nextIndex: updateUnconditionally 22 -> 16
2021-10-05 01:15:16,862 [grpc-default-executor-0] INFO  server.RaftServer$Division (RaftServerImpl.java:checkInconsistentAppendEntries(1319)) - omNode-1@group-523986131536: Failed appendEntries as previous log entry ((t:4, i:21)) is not found
2021-10-05 01:15:16,862 [grpc-default-executor-0] INFO  server.RaftServer$Division (RaftServerImpl.java:checkInconsistentAppendEntries(1285)) - omNode-1@group-523986131536: inconsistency entries. Reply:omNode-2<-omNode-1#5702:FAIL-t4,INCONSISTENCY,nextIndex=16,followerCommit=15
2021-10-05 01:15:16,862 [grpc-default-executor-2] INFO  leader.FollowerInfo (FollowerInfoImpl.java:lambda$new$0(46)) - omNode-2@group-523986131536->omNode-1: nextIndex: updateUnconditionally 22 -> 16
2021-10-05 01:15:17,364 [grpc-default-executor-0] INFO  server.RaftServer$Division (RaftServerImpl.java:checkInconsistentAppendEntries(1319)) - omNode-1@group-523986131536: Failed appendEntries as previous log entry ((t:4, i:21)) is not found
2021-10-05 01:15:17,364 [grpc-default-executor-0] INFO  server.RaftServer$Division (RaftServerImpl.java:checkInconsistentAppendEntries(1285)) - omNode-1@group-523986131536: inconsistency entries. Reply:omNode-2<-omNode-1#5753:FAIL-t4,INCONSISTENCY,nextIndex=16,followerCommit=15
2021-10-05 01:15:17,365 [grpc-default-executor-2] INFO  leader.FollowerInfo (FollowerInfoImpl.java:lambda$new$0(46)) - omNode-2@group-523986131536->omNode-1: nextIndex: updateUnconditionally 22 -> 16
2021-10-05 01:15:17,867 [grpc-default-executor-0] INFO  server.RaftServer$Division (RaftServerImpl.java:checkInconsistentAppendEntries(1319)) - omNode-1@group-523986131536: Failed appendEntries as previous log entry ((t:4, i:21)) is not found
2021-10-05 01:15:17,867 [grpc-default-executor-0] INFO  server.RaftServer$Division (RaftServerImpl.java:checkInconsistentAppendEntries(1285)) - omNode-1@group-523986131536: inconsistency entries. Reply:omNode-2<-omNode-1#5804:FAIL-t4,INCONSISTENCY,nextIndex=16,followerCommit=15
2021-10-05 01:15:17,868 [grpc-default-executor-0] INFO  leader.FollowerInfo (FollowerInfoImpl.java:lambda$new$0(46)) - omNode-2@group-523986131536->omNode-1: nextIndex: updateUnconditionally 22 -> 16
2021-10-05 01:15:18,370 [grpc-default-executor-0] INFO  server.RaftServer$Division (RaftServerImpl.java:checkInconsistentAppendEntries(1319)) - omNode-1@group-523986131536: Failed appendEntries as previous log entry ((t:4, i:21)) is not found
2021-10-05 01:15:18,370 [grpc-default-executor-0] INFO  server.RaftServer$Division (RaftServerImpl.java:checkInconsistentAppendEntries(1285)) - omNode-1@group-523986131536: inconsistency entries. Reply:omNode-2<-omNode-1#5855:FAIL-t4,INCONSISTENCY,nextIndex=16,followerCommit=15
2021-10-05 01:15:18,371 [grpc-default-executor-0] INFO  leader.FollowerInfo (FollowerInfoImpl.java:lambda$new$0(46)) - omNode-2@group-523986131536->omNode-1: nextIndex: updateUnconditionally 22 -> 16
2021-10-05 01:15:18,873 [grpc-default-executor-2] INFO  server.RaftServer$Division (RaftServerImpl.java:checkInconsistentAppendEntries(1319)) - omNode-1@group-523986131536: Failed appendEntries as previous log entry ((t:4, i:21)) is not found
2021-10-05 01:15:18,873 [grpc-default-executor-2] INFO  server.RaftServer$Division (RaftServerImpl.java:checkInconsistentAppendEntries(1285)) - omNode-1@group-523986131536: inconsistency entries. Reply:omNode-2<-omNode-1#5906:FAIL-t4,INCONSISTENCY,nextIndex=16,followerCommit=15
2021-10-05 01:15:18,874 [grpc-default-executor-0] INFO  leader.FollowerInfo (FollowerInfoImpl.java:lambda$new$0(46)) - omNode-2@group-523986131536->omNode-1: nextIndex: updateUnconditionally 22 -> 16
2021-10-05 01:15:19,375 [grpc-default-executor-2] INFO  server.RaftServer$Division (RaftServerImpl.java:checkInconsistentAppendEntries(1319)) - omNode-1@group-523986131536: Failed appendEntries as previous log entry ((t:4, i:21)) is not found
2021-10-05 01:15:19,375 [grpc-default-executor-2] INFO  server.RaftServer$Division (RaftServerImpl.java:checkInconsistentAppendEntries(1285)) - omNode-1@group-523986131536: inconsistency entries. Reply:omNode-2<-omNode-1#5957:FAIL-t4,INCONSISTENCY,nextIndex=16,followerCommit=15
2021-10-05 01:15:19,376 [grpc-default-executor-2] INFO  leader.FollowerInfo (FollowerInfoImpl.java:lambda$new$0(46)) - omNode-2@group-523986131536->omNode-1: nextIndex: updateUnconditionally 22 -> 16
2021-10-05 01:15:19,877 [grpc-default-executor-0] INFO  server.RaftServer$Division (RaftServerImpl.java:checkInconsistentAppendEntries(1319)) - omNode-1@group-523986131536: Failed appendEntries as previous log entry ((t:4, i:21)) is not found
2021-10-05 01:15:19,878 [grpc-default-executor-0] INFO  server.RaftServer$Division (RaftServerImpl.java:checkInconsistentAppendEntries(1285)) - omNode-1@group-523986131536: inconsistency entries. Reply:omNode-2<-omNode-1#6008:FAIL-t4,INCONSISTENCY,nextIndex=16,followerCommit=15
2021-10-05 01:15:19,878 [grpc-default-executor-0] INFO  leader.FollowerInfo (FollowerInfoImpl.java:lambda$new$0(46)) - omNode-2@group-523986131536->omNode-1: nextIndex: updateUnconditionally 22 -> 16
2021-10-05 01:15:20,380 [grpc-default-executor-0] INFO  server.RaftServer$Division (RaftServerImpl.java:checkInconsistentAppendEntries(1319)) - omNode-1@group-523986131536: Failed appendEntries as previous log entry ((t:4, i:21)) is not found
2021-10-05 01:15:20,380 [grpc-default-executor-0] INFO  server.RaftServer$Division (RaftServerImpl.java:checkInconsistentAppendEntries(1285)) - omNode-1@group-523986131536: inconsistency entries. Reply:omNode-2<-omNode-1#6059:FAIL-t4,INCONSISTENCY,nextIndex=16,followerCommit=15
2021-10-05 01:15:20,381 [grpc-default-executor-0] INFO  leader.FollowerInfo (FollowerInfoImpl.java:lambda$new$0(46)) - omNode-2@group-523986131536->omNode-1: nextIndex: updateUnconditionally 22 -> 16
2021-10-05 01:15:20,905 [grpc-default-executor-2] INFO  server.RaftServer$Division (RaftServerImpl.java:checkInconsistentAppendEntries(1319)) - omNode-1@group-523986131536: Failed appendEntries as previous log entry ((t:4, i:21)) is not found
2021-10-05 01:15:20,905 [grpc-default-executor-2] INFO  server.RaftServer$Division (RaftServerImpl.java:checkInconsistentAppendEntries(1285)) - omNode-1@group-523986131536: inconsistency entries. Reply:omNode-2<-omNode-1#6107:FAIL-t4,INCONSISTENCY,nextIndex=16,followerCommit=15
2021-10-05 01:15:20,905 [grpc-default-executor-2] INFO  leader.FollowerInfo (FollowerInfoImpl.java:lambda$new$0(46)) - omNode-2@group-523986131536->omNode-1: nextIndex: updateUnconditionally 22 -> 16
2021-10-05 01:15:21,407 [grpc-default-executor-2] INFO  server.RaftServer$Division (RaftServerImpl.java:checkInconsistentAppendEntries(1319)) - omNode-1@group-523986131536: Failed appendEntries as previous log entry ((t:4, i:21)) is not found
2021-10-05 01:15:21,407 [grpc-default-executor-2] INFO  server.RaftServer$Division (RaftServerImpl.java:checkInconsistentAppendEntries(1285)) - omNode-1@group-523986131536: inconsistency entries. Reply:omNode-2<-omNode-1#6158:FAIL-t4,INCONSISTENCY,nextIndex=16,followerCommit=15
2021-10-05 01:15:21,408 [grpc-default-executor-2] INFO  leader.FollowerInfo (FollowerInfoImpl.java:lambda$new$0(46)) - omNode-2@group-523986131536->omNode-1: nextIndex: updateUnconditionally 22 -> 16
2021-10-05 01:15:21,909 [grpc-default-executor-2] INFO  server.RaftServer$Division (RaftServerImpl.java:checkInconsistentAppendEntries(1319)) - omNode-1@group-523986131536: Failed appendEntries as previous log entry ((t:4, i:21)) is not found
2021-10-05 01:15:21,909 [grpc-default-executor-2] INFO  server.RaftServer$Division (RaftServerImpl.java:checkInconsistentAppendEntries(1285)) - omNode-1@group-523986131536: inconsistency entries. Reply:omNode-2<-omNode-1#6209:FAIL-t4,INCONSISTENCY,nextIndex=16,followerCommit=15
2021-10-05 01:15:21,910 [grpc-default-executor-2] INFO  leader.FollowerInfo (FollowerInfoImpl.java:lambda$new$0(46)) - omNode-2@group-523986131536->omNode-1: nextIndex: updateUnconditionally 22 -> 16
2021-10-05 01:15:22,412 [grpc-default-executor-2] INFO  server.RaftServer$Division (RaftServerImpl.java:checkInconsistentAppendEntries(1319)) - omNode-1@group-523986131536: Failed appendEntries as previous log entry ((t:4, i:21)) is not found
2021-10-05 01:15:22,413 [grpc-default-executor-2] INFO  server.RaftServer$Division (RaftServerImpl.java:checkInconsistentAppendEntries(1285)) - omNode-1@group-523986131536: inconsistency entries. Reply:omNode-2<-omNode-1#6260:FAIL-t4,INCONSISTENCY,nextIndex=16,followerCommit=15
2021-10-05 01:15:22,413 [grpc-default-executor-2] INFO  leader.FollowerInfo (FollowerInfoImpl.java:lambda$new$0(46)) - omNode-2@group-523986131536->omNode-1: nextIndex: updateUnconditionally 22 -> 16
2021-10-05 01:15:22,915 [grpc-default-executor-2] INFO  server.RaftServer$Division (RaftServerImpl.java:checkInconsistentAppendEntries(1319)) - omNode-1@group-523986131536: Failed appendEntries as previous log entry ((t:4, i:21)) is not found
2021-10-05 01:15:22,915 [grpc-default-executor-2] INFO  server.RaftServer$Division (RaftServerImpl.java:checkInconsistentAppendEntries(1285)) - omNode-1@group-523986131536: inconsistency entries. Reply:omNode-2<-omNode-1#6311:FAIL-t4,INCONSISTENCY,nextIndex=16,followerCommit=15
2021-10-05 01:15:22,916 [grpc-default-executor-2] INFO  leader.FollowerInfo (FollowerInfoImpl.java:lambda$new$0(46)) - omNode-2@group-523986131536->omNode-1: nextIndex: updateUnconditionally 22 -> 16
2021-10-05 01:15:23,417 [grpc-default-executor-0] INFO  server.RaftServer$Division (RaftServerImpl.java:checkInconsistentAppendEntries(1319)) - omNode-1@group-523986131536: Failed appendEntries as previous log entry ((t:4, i:21)) is not found
2021-10-05 01:15:23,418 [grpc-default-executor-0] INFO  server.RaftServer$Division (RaftServerImpl.java:checkInconsistentAppendEntries(1285)) - omNode-1@group-523986131536: inconsistency entries. Reply:omNode-2<-omNode-1#6362:FAIL-t4,INCONSISTENCY,nextIndex=16,followerCommit=15
2021-10-05 01:15:23,418 [grpc-default-executor-2] INFO  leader.FollowerInfo (FollowerInfoImpl.java:lambda$new$0(46)) - omNode-2@group-523986131536->omNode-1: nextIndex: updateUnconditionally 22 -> 16
2021-10-05 01:15:23,919 [grpc-default-executor-0] INFO  server.RaftServer$Division (RaftServerImpl.java:checkInconsistentAppendEntries(1319)) - omNode-1@group-523986131536: Failed appendEntries as previous log entry ((t:4, i:21)) is not found
2021-10-05 01:15:23,920 [grpc-default-executor-0] INFO  server.RaftServer$Division (RaftServerImpl.java:checkInconsistentAppendEntries(1285)) - omNode-1@group-523986131536: inconsistency entries. Reply:omNode-2<-omNode-1#6413:FAIL-t4,INCONSISTENCY,nextIndex=16,followerCommit=15
2021-10-05 01:15:23,920 [grpc-default-executor-0] INFO  leader.FollowerInfo (FollowerInfoImpl.java:lambda$new$0(46)) - omNode-2@group-523986131536->omNode-1: nextIndex: updateUnconditionally 22 -> 16
2021-10-05 01:15:24,421 [grpc-default-executor-0] INFO  server.RaftServer$Division (RaftServerImpl.java:checkInconsistentAppendEntries(1319)) - omNode-1@group-523986131536: Failed appendEntries as previous log entry ((t:4, i:21)) is not found
2021-10-05 01:15:24,421 [grpc-default-executor-0] INFO  server.RaftServer$Division (RaftServerImpl.java:checkInconsistentAppendEntries(1285)) - omNode-1@group-523986131536: inconsistency entries. Reply:omNode-2<-omNode-1#6464:FAIL-t4,INCONSISTENCY,nextIndex=16,followerCommit=15
2021-10-05 01:15:24,422 [grpc-default-executor-0] INFO  leader.FollowerInfo (FollowerInfoImpl.java:lambda$new$0(46)) - omNode-2@group-523986131536->omNode-1: nextIndex: updateUnconditionally 22 -> 16
2021-10-05 01:15:24,924 [grpc-default-executor-2] INFO  server.RaftServer$Division (RaftServerImpl.java:checkInconsistentAppendEntries(1319)) - omNode-1@group-523986131536: Failed appendEntries as previous log entry ((t:4, i:21)) is not found
2021-10-05 01:15:24,924 [grpc-default-executor-2] INFO  server.RaftServer$Division (RaftServerImpl.java:checkInconsistentAppendEntries(1285)) - omNode-1@group-523986131536: inconsistency entries. Reply:omNode-2<-omNode-1#6515:FAIL-t4,INCONSISTENCY,nextIndex=16,followerCommit=15
2021-10-05 01:15:24,924 [grpc-default-executor-0] INFO  leader.FollowerInfo (FollowerInfoImpl.java:lambda$new$0(46)) - omNode-2@group-523986131536->omNode-1: nextIndex: updateUnconditionally 22 -> 16
2021-10-05 01:15:25,426 [grpc-default-executor-2] INFO  server.RaftServer$Division (RaftServerImpl.java:checkInconsistentAppendEntries(1319)) - omNode-1@group-523986131536: Failed appendEntries as previous log entry ((t:4, i:21)) is not found
2021-10-05 01:15:25,426 [grpc-default-executor-2] INFO  server.RaftServer$Division (RaftServerImpl.java:checkInconsistentAppendEntries(1285)) - omNode-1@group-523986131536: inconsistency entries. Reply:omNode-2<-omNode-1#6566:FAIL-t4,INCONSISTENCY,nextIndex=16,followerCommit=15
2021-10-05 01:15:25,426 [grpc-default-executor-0] INFO  leader.FollowerInfo (FollowerInfoImpl.java:lambda$new$0(46)) - omNode-2@group-523986131536->omNode-1: nextIndex: updateUnconditionally 22 -> 16
2021-10-05 01:15:25,928 [grpc-default-executor-2] INFO  server.RaftServer$Division (RaftServerImpl.java:checkInconsistentAppendEntries(1319)) - omNode-1@group-523986131536: Failed appendEntries as previous log entry ((t:4, i:21)) is not found
2021-10-05 01:15:25,928 [grpc-default-executor-2] INFO  server.RaftServer$Division (RaftServerImpl.java:checkInconsistentAppendEntries(1285)) - omNode-1@group-523986131536: inconsistency entries. Reply:omNode-2<-omNode-1#6617:FAIL-t4,INCONSISTENCY,nextIndex=16,followerCommit=15
2021-10-05 01:15:25,929 [grpc-default-executor-0] INFO  leader.FollowerInfo (FollowerInfoImpl.java:lambda$new$0(46)) - omNode-2@group-523986131536->omNode-1: nextIndex: updateUnconditionally 22 -> 16
2021-10-05 01:15:26,430 [grpc-default-executor-0] INFO  server.RaftServer$Division (RaftServerImpl.java:checkInconsistentAppendEntries(1319)) - omNode-1@group-523986131536: Failed appendEntries as previous log entry ((t:4, i:21)) is not found
2021-10-05 01:15:26,431 [grpc-default-executor-0] INFO  server.RaftServer$Division (RaftServerImpl.java:checkInconsistentAppendEntries(1285)) - omNode-1@group-523986131536: inconsistency entries. Reply:omNode-2<-omNode-1#6668:FAIL-t4,INCONSISTENCY,nextIndex=16,followerCommit=15
2021-10-05 01:15:26,431 [grpc-default-executor-0] INFO  leader.FollowerInfo (FollowerInfoImpl.java:lambda$new$0(46)) - omNode-2@group-523986131536->omNode-1: nextIndex: updateUnconditionally 22 -> 16
2021-10-05 01:15:26,932 [grpc-default-executor-2] INFO  server.RaftServer$Division (RaftServerImpl.java:checkInconsistentAppendEntries(1319)) - omNode-1@group-523986131536: Failed appendEntries as previous log entry ((t:4, i:21)) is not found
2021-10-05 01:15:26,933 [grpc-default-executor-2] INFO  server.RaftServer$Division (RaftServerImpl.java:checkInconsistentAppendEntries(1285)) - omNode-1@group-523986131536: inconsistency entries. Reply:omNode-2<-omNode-1#6719:FAIL-t4,INCONSISTENCY,nextIndex=16,followerCommit=15
2021-10-05 01:15:26,933 [grpc-default-executor-2] INFO  leader.FollowerInfo (FollowerInfoImpl.java:lambda$new$0(46)) - omNode-2@group-523986131536->omNode-1: nextIndex: updateUnconditionally 22 -> 16
2021-10-05 01:15:27,435 [grpc-default-executor-2] INFO  server.RaftServer$Division (RaftServerImpl.java:checkInconsistentAppendEntries(1319)) - omNode-1@group-523986131536: Failed appendEntries as previous log entry ((t:4, i:21)) is not found
2021-10-05 01:15:27,435 [grpc-default-executor-2] INFO  server.RaftServer$Division (RaftServerImpl.java:checkInconsistentAppendEntries(1285)) - omNode-1@group-523986131536: inconsistency entries. Reply:omNode-2<-omNode-1#6770:FAIL-t4,INCONSISTENCY,nextIndex=16,followerCommit=15
2021-10-05 01:15:27,436 [grpc-default-executor-0] INFO  leader.FollowerInfo (FollowerInfoImpl.java:lambda$new$0(46)) - omNode-2@group-523986131536->omNode-1: nextIndex: updateUnconditionally 22 -> 16
2021-10-05 01:15:27,939 [grpc-default-executor-0] INFO  server.RaftServer$Division (RaftServerImpl.java:checkInconsistentAppendEntries(1319)) - omNode-1@group-523986131536: Failed appendEntries as previous log entry ((t:4, i:21)) is not found
2021-10-05 01:15:27,939 [grpc-default-executor-0] INFO  server.RaftServer$Division (RaftServerImpl.java:checkInconsistentAppendEntries(1285)) - omNode-1@group-523986131536: inconsistency entries. Reply:omNode-2<-omNode-1#6821:FAIL-t4,INCONSISTENCY,nextIndex=16,followerCommit=15
2021-10-05 01:15:27,940 [grpc-default-executor-0] INFO  leader.FollowerInfo (FollowerInfoImpl.java:lambda$new$0(46)) - omNode-2@group-523986131536->omNode-1: nextIndex: updateUnconditionally 22 -> 16
2021-10-05 01:15:28,441 [grpc-default-executor-0] INFO  server.RaftServer$Division (RaftServerImpl.java:checkInconsistentAppendEntries(1319)) - omNode-1@group-523986131536: Failed appendEntries as previous log entry ((t:4, i:21)) is not found
2021-10-05 01:15:28,441 [grpc-default-executor-0] INFO  server.RaftServer$Division (RaftServerImpl.java:checkInconsistentAppendEntries(1285)) - omNode-1@group-523986131536: inconsistency entries. Reply:omNode-2<-omNode-1#6872:FAIL-t4,INCONSISTENCY,nextIndex=16,followerCommit=15
2021-10-05 01:15:28,442 [grpc-default-executor-0] INFO  leader.FollowerInfo (FollowerInfoImpl.java:lambda$new$0(46)) - omNode-2@group-523986131536->omNode-1: nextIndex: updateUnconditionally 22 -> 16
2021-10-05 01:15:28,944 [grpc-default-executor-2] INFO  server.RaftServer$Division (RaftServerImpl.java:checkInconsistentAppendEntries(1319)) - omNode-1@group-523986131536: Failed appendEntries as previous log entry ((t:4, i:21)) is not found
2021-10-05 01:15:28,944 [grpc-default-executor-2] INFO  server.RaftServer$Division (RaftServerImpl.java:checkInconsistentAppendEntries(1285)) - omNode-1@group-523986131536: inconsistency entries. Reply:omNode-2<-omNode-1#6923:FAIL-t4,INCONSISTENCY,nextIndex=16,followerCommit=15
2021-10-05 01:15:28,945 [grpc-default-executor-0] INFO  leader.FollowerInfo (FollowerInfoImpl.java:lambda$new$0(46)) - omNode-2@group-523986131536->omNode-1: nextIndex: updateUnconditionally 22 -> 16
2021-10-05 01:15:29,446 [grpc-default-executor-2] INFO  server.RaftServer$Division (RaftServerImpl.java:checkInconsistentAppendEntries(1319)) - omNode-1@group-523986131536: Failed appendEntries as previous log entry ((t:4, i:21)) is not found
2021-10-05 01:15:29,447 [grpc-default-executor-2] INFO  server.RaftServer$Division (RaftServerImpl.java:checkInconsistentAppendEntries(1285)) - omNode-1@group-523986131536: inconsistency entries. Reply:omNode-2<-omNode-1#6974:FAIL-t4,INCONSISTENCY,nextIndex=16,followerCommit=15
2021-10-05 01:15:29,447 [grpc-default-executor-2] INFO  leader.FollowerInfo (FollowerInfoImpl.java:lambda$new$0(46)) - omNode-2@group-523986131536->omNode-1: nextIndex: updateUnconditionally 22 -> 16
2021-10-05 01:15:29,948 [grpc-default-executor-2] INFO  server.RaftServer$Division (RaftServerImpl.java:checkInconsistentAppendEntries(1319)) - omNode-1@group-523986131536: Failed appendEntries as previous log entry ((t:4, i:21)) is not found
2021-10-05 01:15:29,949 [grpc-default-executor-2] INFO  server.RaftServer$Division (RaftServerImpl.java:checkInconsistentAppendEntries(1285)) - omNode-1@group-523986131536: inconsistency entries. Reply:omNode-2<-omNode-1#7025:FAIL-t4,INCONSISTENCY,nextIndex=16,followerCommit=15
2021-10-05 01:15:29,949 [grpc-default-executor-2] INFO  leader.FollowerInfo (FollowerInfoImpl.java:lambda$new$0(46)) - omNode-2@group-523986131536->omNode-1: nextIndex: updateUnconditionally 22 -> 16
2021-10-05 01:15:30,451 [grpc-default-executor-0] INFO  server.RaftServer$Division (RaftServerImpl.java:checkInconsistentAppendEntries(1319)) - omNode-1@group-523986131536: Failed appendEntries as previous log entry ((t:4, i:21)) is not found
2021-10-05 01:15:30,452 [grpc-default-executor-0] INFO  server.RaftServer$Division (RaftServerImpl.java:checkInconsistentAppendEntries(1285)) - omNode-1@group-523986131536: inconsistency entries. Reply:omNode-2<-omNode-1#7076:FAIL-t4,INCONSISTENCY,nextIndex=16,followerCommit=15
2021-10-05 01:15:30,452 [grpc-default-executor-2] INFO  leader.FollowerInfo (FollowerInfoImpl.java:lambda$new$0(46)) - omNode-2@group-523986131536->omNode-1: nextIndex: updateUnconditionally 22 -> 16
2021-10-05 01:15:30,953 [grpc-default-executor-0] INFO  server.RaftServer$Division (RaftServerImpl.java:checkInconsistentAppendEntries(1319)) - omNode-1@group-523986131536: Failed appendEntries as previous log entry ((t:4, i:21)) is not found
2021-10-05 01:15:30,954 [grpc-default-executor-0] INFO  server.RaftServer$Division (RaftServerImpl.java:checkInconsistentAppendEntries(1285)) - omNode-1@group-523986131536: inconsistency entries. Reply:omNode-2<-omNode-1#7127:FAIL-t4,INCONSISTENCY,nextIndex=16,followerCommit=15
2021-10-05 01:15:30,954 [grpc-default-executor-2] INFO  leader.FollowerInfo (FollowerInfoImpl.java:lambda$new$0(46)) - omNode-2@group-523986131536->omNode-1: nextIndex: updateUnconditionally 22 -> 16
2021-10-05 01:15:31,456 [grpc-default-executor-2] INFO  server.RaftServer$Division (RaftServerImpl.java:checkInconsistentAppendEntries(1319)) - omNode-1@group-523986131536: Failed appendEntries as previous log entry ((t:4, i:21)) is not found
2021-10-05 01:15:31,456 [grpc-default-executor-2] INFO  server.RaftServer$Division (RaftServerImpl.java:checkInconsistentAppendEntries(1285)) - omNode-1@group-523986131536: inconsistency entries. Reply:omNode-2<-omNode-1#7178:FAIL-t4,INCONSISTENCY,nextIndex=16,followerCommit=15
2021-10-05 01:15:31,456 [grpc-default-executor-2] INFO  leader.FollowerInfo (FollowerInfoImpl.java:lambda$new$0(46)) - omNode-2@group-523986131536->omNode-1: nextIndex: updateUnconditionally 22 -> 16
2021-10-05 01:15:31,958 [grpc-default-executor-0] INFO  server.RaftServer$Division (RaftServerImpl.java:checkInconsistentAppendEntries(1319)) - omNode-1@group-523986131536: Failed appendEntries as previous log entry ((t:4, i:21)) is not found
2021-10-05 01:15:31,958 [grpc-default-executor-0] INFO  server.RaftServer$Division (RaftServerImpl.java:checkInconsistentAppendEntries(1285)) - omNode-1@group-523986131536: inconsistency entries. Reply:omNode-2<-omNode-1#7229:FAIL-t4,INCONSISTENCY,nextIndex=16,followerCommit=15
2021-10-05 01:15:31,959 [grpc-default-executor-0] INFO  leader.FollowerInfo (FollowerInfoImpl.java:lambda$new$0(46)) - omNode-2@group-523986131536->omNode-1: nextIndex: updateUnconditionally 22 -> 16
2021-10-05 01:15:32,460 [grpc-default-executor-2] INFO  server.RaftServer$Division (RaftServerImpl.java:checkInconsistentAppendEntries(1319)) - omNode-1@group-523986131536: Failed appendEntries as previous log entry ((t:4, i:21)) is not found
2021-10-05 01:15:32,461 [grpc-default-executor-2] INFO  server.RaftServer$Division (RaftServerImpl.java:checkInconsistentAppendEntries(1285)) - omNode-1@group-523986131536: inconsistency entries. Reply:omNode-2<-omNode-1#7280:FAIL-t4,INCONSISTENCY,nextIndex=16,followerCommit=15
2021-10-05 01:15:32,461 [grpc-default-executor-2] INFO  leader.FollowerInfo (FollowerInfoImpl.java:lambda$new$0(46)) - omNode-2@group-523986131536->omNode-1: nextIndex: updateUnconditionally 22 -> 16
2021-10-05 01:15:32,963 [grpc-default-executor-2] INFO  server.RaftServer$Division (RaftServerImpl.java:checkInconsistentAppendEntries(1319)) - omNode-1@group-523986131536: Failed appendEntries as previous log entry ((t:4, i:21)) is not found
2021-10-05 01:15:32,963 [grpc-default-executor-2] INFO  server.RaftServer$Division (RaftServerImpl.java:checkInconsistentAppendEntries(1285)) - omNode-1@group-523986131536: inconsistency entries. Reply:omNode-2<-omNode-1#7331:FAIL-t4,INCONSISTENCY,nextIndex=16,followerCommit=15
2021-10-05 01:15:32,964 [grpc-default-executor-2] INFO  leader.FollowerInfo (FollowerInfoImpl.java:lambda$new$0(46)) - omNode-2@group-523986131536->omNode-1: nextIndex: updateUnconditionally 22 -> 16
2021-10-05 01:15:33,466 [grpc-default-executor-0] INFO  server.RaftServer$Division (RaftServerImpl.java:checkInconsistentAppendEntries(1319)) - omNode-1@group-523986131536: Failed appendEntries as previous log entry ((t:4, i:21)) is not found
2021-10-05 01:15:33,466 [grpc-default-executor-0] INFO  server.RaftServer$Division (RaftServerImpl.java:checkInconsistentAppendEntries(1285)) - omNode-1@group-523986131536: inconsistency entries. Reply:omNode-2<-omNode-1#7382:FAIL-t4,INCONSISTENCY,nextIndex=16,followerCommit=15
2021-10-05 01:15:33,466 [grpc-default-executor-0] INFO  leader.FollowerInfo (FollowerInfoImpl.java:lambda$new$0(46)) - omNode-2@group-523986131536->omNode-1: nextIndex: updateUnconditionally 22 -> 16
2021-10-05 01:15:33,968 [grpc-default-executor-2] INFO  server.RaftServer$Division (RaftServerImpl.java:checkInconsistentAppendEntries(1319)) - omNode-1@group-523986131536: Failed appendEntries as previous log entry ((t:4, i:21)) is not found
2021-10-05 01:15:33,968 [grpc-default-executor-2] INFO  server.RaftServer$Division (RaftServerImpl.java:checkInconsistentAppendEntries(1285)) - omNode-1@group-523986131536: inconsistency entries. Reply:omNode-2<-omNode-1#7433:FAIL-t4,INCONSISTENCY,nextIndex=16,followerCommit=15
2021-10-05 01:15:33,969 [grpc-default-executor-2] INFO  leader.FollowerInfo (FollowerInfoImpl.java:lambda$new$0(46)) - omNode-2@group-523986131536->omNode-1: nextIndex: updateUnconditionally 22 -> 16
2021-10-05 01:15:34,470 [grpc-default-executor-2] INFO  server.RaftServer$Division (RaftServerImpl.java:checkInconsistentAppendEntries(1319)) - omNode-1@group-523986131536: Failed appendEntries as previous log entry ((t:4, i:21)) is not found
2021-10-05 01:15:34,471 [grpc-default-executor-2] INFO  server.RaftServer$Division (RaftServerImpl.java:checkInconsistentAppendEntries(1285)) - omNode-1@group-523986131536: inconsistency entries. Reply:omNode-2<-omNode-1#7484:FAIL-t4,INCONSISTENCY,nextIndex=16,followerCommit=15
2021-10-05 01:15:34,471 [grpc-default-executor-2] INFO  leader.FollowerInfo (FollowerInfoImpl.java:lambda$new$0(46)) - omNode-2@group-523986131536->omNode-1: nextIndex: updateUnconditionally 22 -> 16
2021-10-05 01:15:34,973 [grpc-default-executor-2] INFO  server.RaftServer$Division (RaftServerImpl.java:checkInconsistentAppendEntries(1319)) - omNode-1@group-523986131536: Failed appendEntries as previous log entry ((t:4, i:21)) is not found
2021-10-05 01:15:34,973 [grpc-default-executor-2] INFO  server.RaftServer$Division (RaftServerImpl.java:checkInconsistentAppendEntries(1285)) - omNode-1@group-523986131536: inconsistency entries. Reply:omNode-2<-omNode-1#7535:FAIL-t4,INCONSISTENCY,nextIndex=16,followerCommit=15
2021-10-05 01:15:34,973 [grpc-default-executor-2] INFO  leader.FollowerInfo (FollowerInfoImpl.java:lambda$new$0(46)) - omNode-2@group-523986131536->omNode-1: nextIndex: updateUnconditionally 22 -> 16
2021-10-05 01:15:35,474 [grpc-default-executor-2] INFO  server.RaftServer$Division (RaftServerImpl.java:checkInconsistentAppendEntries(1319)) - omNode-1@group-523986131536: Failed appendEntries as previous log entry ((t:4, i:21)) is not found
2021-10-05 01:15:35,475 [grpc-default-executor-2] INFO  server.RaftServer$Division (RaftServerImpl.java:checkInconsistentAppendEntries(1285)) - omNode-1@group-523986131536: inconsistency entries. Reply:omNode-2<-omNode-1#7586:FAIL-t4,INCONSISTENCY,nextIndex=16,followerCommit=15
2021-10-05 01:15:35,475 [grpc-default-executor-2] INFO  leader.FollowerInfo (FollowerInfoImpl.java:lambda$new$0(46)) - omNode-2@group-523986131536->omNode-1: nextIndex: updateUnconditionally 22 -> 16
2021-10-05 01:15:35,977 [grpc-default-executor-0] INFO  server.RaftServer$Division (RaftServerImpl.java:checkInconsistentAppendEntries(1319)) - omNode-1@group-523986131536: Failed appendEntries as previous log entry ((t:4, i:21)) is not found
2021-10-05 01:15:35,977 [grpc-default-executor-0] INFO  server.RaftServer$Division (RaftServerImpl.java:checkInconsistentAppendEntries(1285)) - omNode-1@group-523986131536: inconsistency entries. Reply:omNode-2<-omNode-1#7637:FAIL-t4,INCONSISTENCY,nextIndex=16,followerCommit=15
2021-10-05 01:15:35,978 [grpc-default-executor-0] INFO  leader.FollowerInfo (FollowerInfoImpl.java:lambda$new$0(46)) - omNode-2@group-523986131536->omNode-1: nextIndex: updateUnconditionally 22 -> 16
2021-10-05 01:15:36,479 [grpc-default-executor-0] INFO  server.RaftServer$Division (RaftServerImpl.java:checkInconsistentAppendEntries(1319)) - omNode-1@group-523986131536: Failed appendEntries as previous log entry ((t:4, i:21)) is not found
2021-10-05 01:15:36,479 [grpc-default-executor-0] INFO  server.RaftServer$Division (RaftServerImpl.java:checkInconsistentAppendEntries(1285)) - omNode-1@group-523986131536: inconsistency entries. Reply:omNode-2<-omNode-1#7688:FAIL-t4,INCONSISTENCY,nextIndex=16,followerCommit=15
2021-10-05 01:15:36,480 [grpc-default-executor-0] INFO  leader.FollowerInfo (FollowerInfoImpl.java:lambda$new$0(46)) - omNode-2@group-523986131536->omNode-1: nextIndex: updateUnconditionally 22 -> 16
2021-10-05 01:15:36,980 [grpc-default-executor-0] INFO  server.RaftServer$Division (RaftServerImpl.java:checkInconsistentAppendEntries(1319)) - omNode-1@group-523986131536: Failed appendEntries as previous log entry ((t:4, i:21)) is not found
2021-10-05 01:15:36,980 [grpc-default-executor-0] INFO  server.RaftServer$Division (RaftServerImpl.java:checkInconsistentAppendEntries(1285)) - omNode-1@group-523986131536: inconsistency entries. Reply:omNode-2<-omNode-1#7739:FAIL-t4,INCONSISTENCY,nextIndex=16,followerCommit=15
2021-10-05 01:15:36,981 [grpc-default-executor-0] INFO  leader.FollowerInfo (FollowerInfoImpl.java:lambda$new$0(46)) - omNode-2@group-523986131536->omNode-1: nextIndex: updateUnconditionally 22 -> 16
2021-10-05 01:15:37,482 [grpc-default-executor-0] INFO  server.RaftServer$Division (RaftServerImpl.java:checkInconsistentAppendEntries(1319)) - omNode-1@group-523986131536: Failed appendEntries as previous log entry ((t:4, i:21)) is not found
2021-10-05 01:15:37,483 [grpc-default-executor-0] INFO  server.RaftServer$Division (RaftServerImpl.java:checkInconsistentAppendEntries(1285)) - omNode-1@group-523986131536: inconsistency entries. Reply:omNode-2<-omNode-1#7790:FAIL-t4,INCONSISTENCY,nextIndex=16,followerCommit=15
2021-10-05 01:15:37,483 [grpc-default-executor-0] INFO  leader.FollowerInfo (FollowerInfoImpl.java:lambda$new$0(46)) - omNode-2@group-523986131536->omNode-1: nextIndex: updateUnconditionally 22 -> 16
2021-10-05 01:15:37,985 [grpc-default-executor-0] INFO  server.RaftServer$Division (RaftServerImpl.java:checkInconsistentAppendEntries(1319)) - omNode-1@group-523986131536: Failed appendEntries as previous log entry ((t:4, i:21)) is not found
2021-10-05 01:15:37,985 [grpc-default-executor-0] INFO  server.RaftServer$Division (RaftServerImpl.java:checkInconsistentAppendEntries(1285)) - omNode-1@group-523986131536: inconsistency entries. Reply:omNode-2<-omNode-1#7841:FAIL-t4,INCONSISTENCY,nextIndex=16,followerCommit=15
2021-10-05 01:15:37,985 [grpc-default-executor-0] INFO  leader.FollowerInfo (FollowerInfoImpl.java:lambda$new$0(46)) - omNode-2@group-523986131536->omNode-1: nextIndex: updateUnconditionally 22 -> 16
2021-10-05 01:15:38,486 [grpc-default-executor-0] INFO  server.RaftServer$Division (RaftServerImpl.java:checkInconsistentAppendEntries(1319)) - omNode-1@group-523986131536: Failed appendEntries as previous log entry ((t:4, i:21)) is not found
2021-10-05 01:15:38,487 [grpc-default-executor-0] INFO  server.RaftServer$Division (RaftServerImpl.java:checkInconsistentAppendEntries(1285)) - omNode-1@group-523986131536: inconsistency entries. Reply:omNode-2<-omNode-1#7892:FAIL-t4,INCONSISTENCY,nextIndex=16,followerCommit=15
2021-10-05 01:15:38,487 [grpc-default-executor-0] INFO  leader.FollowerInfo (FollowerInfoImpl.java:lambda$new$0(46)) - omNode-2@group-523986131536->omNode-1: nextIndex: updateUnconditionally 22 -> 16
2021-10-05 01:15:38,988 [grpc-default-executor-0] INFO  server.RaftServer$Division (RaftServerImpl.java:checkInconsistentAppendEntries(1319)) - omNode-1@group-523986131536: Failed appendEntries as previous log entry ((t:4, i:21)) is not found
2021-10-05 01:15:38,988 [grpc-default-executor-0] INFO  server.RaftServer$Division (RaftServerImpl.java:checkInconsistentAppendEntries(1285)) - omNode-1@group-523986131536: inconsistency entries. Reply:omNode-2<-omNode-1#7943:FAIL-t4,INCONSISTENCY,nextIndex=16,followerCommit=15
2021-10-05 01:15:38,988 [grpc-default-executor-0] INFO  leader.FollowerInfo (FollowerInfoImpl.java:lambda$new$0(46)) - omNode-2@group-523986131536->omNode-1: nextIndex: updateUnconditionally 22 -> 16
2021-10-05 01:15:39,490 [grpc-default-executor-2] INFO  server.RaftServer$Division (RaftServerImpl.java:checkInconsistentAppendEntries(1319)) - omNode-1@group-523986131536: Failed appendEntries as previous log entry ((t:4, i:21)) is not found
2021-10-05 01:15:39,490 [grpc-default-executor-2] INFO  server.RaftServer$Division (RaftServerImpl.java:checkInconsistentAppendEntries(1285)) - omNode-1@group-523986131536: inconsistency entries. Reply:omNode-2<-omNode-1#7994:FAIL-t4,INCONSISTENCY,nextIndex=16,followerCommit=15
2021-10-05 01:15:39,490 [grpc-default-executor-2] INFO  leader.FollowerInfo (FollowerInfoImpl.java:lambda$new$0(46)) - omNode-2@group-523986131536->omNode-1: nextIndex: updateUnconditionally 22 -> 16
2021-10-05 01:15:39,992 [grpc-default-executor-0] INFO  server.RaftServer$Division (RaftServerImpl.java:checkInconsistentAppendEntries(1319)) - omNode-1@group-523986131536: Failed appendEntries as previous log entry ((t:4, i:21)) is not found
2021-10-05 01:15:39,992 [grpc-default-executor-0] INFO  server.RaftServer$Division (RaftServerImpl.java:checkInconsistentAppendEntries(1285)) - omNode-1@group-523986131536: inconsistency entries. Reply:omNode-2<-omNode-1#8045:FAIL-t4,INCONSISTENCY,nextIndex=16,followerCommit=15
2021-10-05 01:15:39,992 [grpc-default-executor-0] INFO  leader.FollowerInfo (FollowerInfoImpl.java:lambda$new$0(46)) - omNode-2@group-523986131536->omNode-1: nextIndex: updateUnconditionally 22 -> 16
2021-10-05 01:15:40,494 [grpc-default-executor-0] INFO  server.RaftServer$Division (RaftServerImpl.java:checkInconsistentAppendEntries(1319)) - omNode-1@group-523986131536: Failed appendEntries as previous log entry ((t:4, i:21)) is not found
2021-10-05 01:15:40,494 [grpc-default-executor-0] INFO  server.RaftServer$Division (RaftServerImpl.java:checkInconsistentAppendEntries(1285)) - omNode-1@group-523986131536: inconsistency entries. Reply:omNode-2<-omNode-1#8096:FAIL-t4,INCONSISTENCY,nextIndex=16,followerCommit=15
2021-10-05 01:15:40,495 [grpc-default-executor-2] INFO  leader.FollowerInfo (FollowerInfoImpl.java:lambda$new$0(46)) - omNode-2@group-523986131536->omNode-1: nextIndex: updateUnconditionally 22 -> 16
2021-10-05 01:15:40,996 [grpc-default-executor-0] INFO  server.RaftServer$Division (RaftServerImpl.java:checkInconsistentAppendEntries(1319)) - omNode-1@group-523986131536: Failed appendEntries as previous log entry ((t:4, i:21)) is not found
2021-10-05 01:15:40,997 [grpc-default-executor-0] INFO  server.RaftServer$Division (RaftServerImpl.java:checkInconsistentAppendEntries(1285)) - omNode-1@group-523986131536: inconsistency entries. Reply:omNode-2<-omNode-1#8147:FAIL-t4,INCONSISTENCY,nextIndex=16,followerCommit=15
2021-10-05 01:15:40,998 [grpc-default-executor-2] INFO  leader.FollowerInfo (FollowerInfoImpl.java:lambda$new$0(46)) - omNode-2@group-523986131536->omNode-1: nextIndex: updateUnconditionally 22 -> 16
2021-10-05 01:15:41,500 [grpc-default-executor-0] INFO  server.RaftServer$Division (RaftServerImpl.java:checkInconsistentAppendEntries(1319)) - omNode-1@group-523986131536: Failed appendEntries as previous log entry ((t:4, i:21)) is not found
2021-10-05 01:15:41,500 [grpc-default-executor-0] INFO  server.RaftServer$Division (RaftServerImpl.java:checkInconsistentAppendEntries(1285)) - omNode-1@group-523986131536: inconsistency entries. Reply:omNode-2<-omNode-1#8198:FAIL-t4,INCONSISTENCY,nextIndex=16,followerCommit=15
2021-10-05 01:15:41,500 [grpc-default-executor-0] INFO  leader.FollowerInfo (FollowerInfoImpl.java:lambda$new$0(46)) - omNode-2@group-523986131536->omNode-1: nextIndex: updateUnconditionally 22 -> 16
2021-10-05 01:15:42,001 [grpc-default-executor-2] INFO  server.RaftServer$Division (RaftServerImpl.java:checkInconsistentAppendEntries(1319)) - omNode-1@group-523986131536: Failed appendEntries as previous log entry ((t:4, i:21)) is not found
2021-10-05 01:15:42,001 [grpc-default-executor-2] INFO  server.RaftServer$Division (RaftServerImpl.java:checkInconsistentAppendEntries(1285)) - omNode-1@group-523986131536: inconsistency entries. Reply:omNode-2<-omNode-1#8249:FAIL-t4,INCONSISTENCY,nextIndex=16,followerCommit=15
2021-10-05 01:15:42,002 [grpc-default-executor-2] INFO  leader.FollowerInfo (FollowerInfoImpl.java:lambda$new$0(46)) - omNode-2@group-523986131536->omNode-1: nextIndex: updateUnconditionally 22 -> 16
2021-10-05 01:15:42,504 [grpc-default-executor-2] INFO  server.RaftServer$Division (RaftServerImpl.java:checkInconsistentAppendEntries(1319)) - omNode-1@group-523986131536: Failed appendEntries as previous log entry ((t:4, i:21)) is not found
2021-10-05 01:15:42,504 [grpc-default-executor-2] INFO  server.RaftServer$Division (RaftServerImpl.java:checkInconsistentAppendEntries(1285)) - omNode-1@group-523986131536: inconsistency entries. Reply:omNode-2<-omNode-1#8300:FAIL-t4,INCONSISTENCY,nextIndex=16,followerCommit=15
2021-10-05 01:15:42,504 [grpc-default-executor-2] INFO  leader.FollowerInfo (FollowerInfoImpl.java:lambda$new$0(46)) - omNode-2@group-523986131536->omNode-1: nextIndex: updateUnconditionally 22 -> 16
2021-10-05 01:15:43,006 [grpc-default-executor-2] INFO  server.RaftServer$Division (RaftServerImpl.java:checkInconsistentAppendEntries(1319)) - omNode-1@group-523986131536: Failed appendEntries as previous log entry ((t:4, i:21)) is not found
2021-10-05 01:15:43,006 [grpc-default-executor-2] INFO  server.RaftServer$Division (RaftServerImpl.java:checkInconsistentAppendEntries(1285)) - omNode-1@group-523986131536: inconsistency entries. Reply:omNode-2<-omNode-1#8351:FAIL-t4,INCONSISTENCY,nextIndex=16,followerCommit=15
2021-10-05 01:15:43,007 [grpc-default-executor-2] INFO  leader.FollowerInfo (FollowerInfoImpl.java:lambda$new$0(46)) - omNode-2@group-523986131536->omNode-1: nextIndex: updateUnconditionally 22 -> 16
2021-10-05 01:15:43,508 [grpc-default-executor-0] INFO  server.RaftServer$Division (RaftServerImpl.java:checkInconsistentAppendEntries(1319)) - omNode-1@group-523986131536: Failed appendEntries as previous log entry ((t:4, i:21)) is not found
2021-10-05 01:15:43,509 [grpc-default-executor-0] INFO  server.RaftServer$Division (RaftServerImpl.java:checkInconsistentAppendEntries(1285)) - omNode-1@group-523986131536: inconsistency entries. Reply:omNode-2<-omNode-1#8402:FAIL-t4,INCONSISTENCY,nextIndex=16,followerCommit=15
2021-10-05 01:15:43,509 [grpc-default-executor-0] INFO  leader.FollowerInfo (FollowerInfoImpl.java:lambda$new$0(46)) - omNode-2@group-523986131536->omNode-1: nextIndex: updateUnconditionally 22 -> 16
2021-10-05 01:15:44,010 [grpc-default-executor-0] INFO  server.RaftServer$Division (RaftServerImpl.java:checkInconsistentAppendEntries(1319)) - omNode-1@group-523986131536: Failed appendEntries as previous log entry ((t:4, i:21)) is not found
2021-10-05 01:15:44,011 [grpc-default-executor-0] INFO  server.RaftServer$Division (RaftServerImpl.java:checkInconsistentAppendEntries(1285)) - omNode-1@group-523986131536: inconsistency entries. Reply:omNode-2<-omNode-1#8453:FAIL-t4,INCONSISTENCY,nextIndex=16,followerCommit=15
2021-10-05 01:15:44,011 [grpc-default-executor-0] INFO  leader.FollowerInfo (FollowerInfoImpl.java:lambda$new$0(46)) - omNode-2@group-523986131536->omNode-1: nextIndex: updateUnconditionally 22 -> 16
2021-10-05 01:15:44,513 [grpc-default-executor-0] INFO  server.RaftServer$Division (RaftServerImpl.java:checkInconsistentAppendEntries(1319)) - omNode-1@group-523986131536: Failed appendEntries as previous log entry ((t:4, i:21)) is not found
2021-10-05 01:15:44,513 [grpc-default-executor-0] INFO  server.RaftServer$Division (RaftServerImpl.java:checkInconsistentAppendEntries(1285)) - omNode-1@group-523986131536: inconsistency entries. Reply:omNode-2<-omNode-1#8504:FAIL-t4,INCONSISTENCY,nextIndex=16,followerCommit=15
2021-10-05 01:15:44,513 [grpc-default-executor-0] INFO  leader.FollowerInfo (FollowerInfoImpl.java:lambda$new$0(46)) - omNode-2@group-523986131536->omNode-1: nextIndex: updateUnconditionally 22 -> 16
2021-10-05 01:15:45,015 [grpc-default-executor-0] INFO  server.RaftServer$Division (RaftServerImpl.java:checkInconsistentAppendEntries(1319)) - omNode-1@group-523986131536: Failed appendEntries as previous log entry ((t:4, i:21)) is not found
2021-10-05 01:15:45,015 [grpc-default-executor-0] INFO  server.RaftServer$Division (RaftServerImpl.java:checkInconsistentAppendEntries(1285)) - omNode-1@group-523986131536: inconsistency entries. Reply:omNode-2<-omNode-1#8555:FAIL-t4,INCONSISTENCY,nextIndex=16,followerCommit=15
2021-10-05 01:15:45,015 [grpc-default-executor-0] INFO  leader.FollowerInfo (FollowerInfoImpl.java:lambda$new$0(46)) - omNode-2@group-523986131536->omNode-1: nextIndex: updateUnconditionally 22 -> 16
2021-10-05 01:15:45,517 [grpc-default-executor-0] INFO  server.RaftServer$Division (RaftServerImpl.java:checkInconsistentAppendEntries(1319)) - omNode-1@group-523986131536: Failed appendEntries as previous log entry ((t:4, i:21)) is not found
2021-10-05 01:15:45,517 [grpc-default-executor-0] INFO  server.RaftServer$Division (RaftServerImpl.java:checkInconsistentAppendEntries(1285)) - omNode-1@group-523986131536: inconsistency entries. Reply:omNode-2<-omNode-1#8606:FAIL-t4,INCONSISTENCY,nextIndex=16,followerCommit=15
2021-10-05 01:15:45,518 [grpc-default-executor-0] INFO  leader.FollowerInfo (FollowerInfoImpl.java:lambda$new$0(46)) - omNode-2@group-523986131536->omNode-1: nextIndex: updateUnconditionally 22 -> 16
2021-10-05 01:15:46,020 [grpc-default-executor-2] INFO  server.RaftServer$Division (RaftServerImpl.java:checkInconsistentAppendEntries(1319)) - omNode-1@group-523986131536: Failed appendEntries as previous log entry ((t:4, i:21)) is not found
2021-10-05 01:15:46,020 [grpc-default-executor-2] INFO  server.RaftServer$Division (RaftServerImpl.java:checkInconsistentAppendEntries(1285)) - omNode-1@group-523986131536: inconsistency entries. Reply:omNode-2<-omNode-1#8657:FAIL-t4,INCONSISTENCY,nextIndex=16,followerCommit=15
2021-10-05 01:15:46,020 [grpc-default-executor-2] INFO  leader.FollowerInfo (FollowerInfoImpl.java:lambda$new$0(46)) - omNode-2@group-523986131536->omNode-1: nextIndex: updateUnconditionally 22 -> 16
2021-10-05 01:15:46,522 [grpc-default-executor-2] INFO  server.RaftServer$Division (RaftServerImpl.java:checkInconsistentAppendEntries(1319)) - omNode-1@group-523986131536: Failed appendEntries as previous log entry ((t:4, i:21)) is not found
2021-10-05 01:15:46,522 [grpc-default-executor-2] INFO  server.RaftServer$Division (RaftServerImpl.java:checkInconsistentAppendEntries(1285)) - omNode-1@group-523986131536: inconsistency entries. Reply:omNode-2<-omNode-1#8708:FAIL-t4,INCONSISTENCY,nextIndex=16,followerCommit=15
2021-10-05 01:15:46,522 [grpc-default-executor-2] INFO  leader.FollowerInfo (FollowerInfoImpl.java:lambda$new$0(46)) - omNode-2@group-523986131536->omNode-1: nextIndex: updateUnconditionally 22 -> 16
2021-10-05 01:15:47,023 [grpc-default-executor-2] INFO  server.RaftServer$Division (RaftServerImpl.java:checkInconsistentAppendEntries(1319)) - omNode-1@group-523986131536: Failed appendEntries as previous log entry ((t:4, i:21)) is not found
2021-10-05 01:15:47,024 [grpc-default-executor-2] INFO  server.RaftServer$Division (RaftServerImpl.java:checkInconsistentAppendEntries(1285)) - omNode-1@group-523986131536: inconsistency entries. Reply:omNode-2<-omNode-1#8759:FAIL-t4,INCONSISTENCY,nextIndex=16,followerCommit=15
2021-10-05 01:15:47,024 [grpc-default-executor-2] INFO  leader.FollowerInfo (FollowerInfoImpl.java:lambda$new$0(46)) - omNode-2@group-523986131536->omNode-1: nextIndex: updateUnconditionally 22 -> 16
2021-10-05 01:15:47,526 [grpc-default-executor-2] INFO  server.RaftServer$Division (RaftServerImpl.java:checkInconsistentAppendEntries(1319)) - omNode-1@group-523986131536: Failed appendEntries as previous log entry ((t:4, i:21)) is not found
2021-10-05 01:15:47,526 [grpc-default-executor-2] INFO  server.RaftServer$Division (RaftServerImpl.java:checkInconsistentAppendEntries(1285)) - omNode-1@group-523986131536: inconsistency entries. Reply:omNode-2<-omNode-1#8810:FAIL-t4,INCONSISTENCY,nextIndex=16,followerCommit=15
2021-10-05 01:15:47,526 [grpc-default-executor-2] INFO  leader.FollowerInfo (FollowerInfoImpl.java:lambda$new$0(46)) - omNode-2@group-523986131536->omNode-1: nextIndex: updateUnconditionally 22 -> 16
2021-10-05 01:15:48,027 [grpc-default-executor-2] INFO  server.RaftServer$Division (RaftServerImpl.java:checkInconsistentAppendEntries(1319)) - omNode-1@group-523986131536: Failed appendEntries as previous log entry ((t:4, i:21)) is not found
2021-10-05 01:15:48,027 [grpc-default-executor-2] INFO  server.RaftServer$Division (RaftServerImpl.java:checkInconsistentAppendEntries(1285)) - omNode-1@group-523986131536: inconsistency entries. Reply:omNode-2<-omNode-1#8861:FAIL-t4,INCONSISTENCY,nextIndex=16,followerCommit=15
2021-10-05 01:15:48,028 [grpc-default-executor-2] INFO  leader.FollowerInfo (FollowerInfoImpl.java:lambda$new$0(46)) - omNode-2@group-523986131536->omNode-1: nextIndex: updateUnconditionally 22 -> 16
2021-10-05 01:15:48,529 [grpc-default-executor-0] INFO  server.RaftServer$Division (RaftServerImpl.java:checkInconsistentAppendEntries(1319)) - omNode-1@group-523986131536: Failed appendEntries as previous log entry ((t:4, i:21)) is not found
2021-10-05 01:15:48,529 [grpc-default-executor-0] INFO  server.RaftServer$Division (RaftServerImpl.java:checkInconsistentAppendEntries(1285)) - omNode-1@group-523986131536: inconsistency entries. Reply:omNode-2<-omNode-1#8912:FAIL-t4,INCONSISTENCY,nextIndex=16,followerCommit=15
2021-10-05 01:15:48,529 [grpc-default-executor-0] INFO  leader.FollowerInfo (FollowerInfoImpl.java:lambda$new$0(46)) - omNode-2@group-523986131536->omNode-1: nextIndex: updateUnconditionally 22 -> 16
2021-10-05 01:15:49,030 [grpc-default-executor-0] INFO  server.RaftServer$Division (RaftServerImpl.java:checkInconsistentAppendEntries(1319)) - omNode-1@group-523986131536: Failed appendEntries as previous log entry ((t:4, i:21)) is not found
2021-10-05 01:15:49,031 [grpc-default-executor-0] INFO  server.RaftServer$Division (RaftServerImpl.java:checkInconsistentAppendEntries(1285)) - omNode-1@group-523986131536: inconsistency entries. Reply:omNode-2<-omNode-1#8962:FAIL-t4,INCONSISTENCY,nextIndex=16,followerCommit=15
2021-10-05 01:15:49,031 [grpc-default-executor-0] INFO  leader.FollowerInfo (FollowerInfoImpl.java:lambda$new$0(46)) - omNode-2@group-523986131536->omNode-1: nextIndex: updateUnconditionally 22 -> 16
2021-10-05 01:15:49,532 [grpc-default-executor-0] INFO  server.RaftServer$Division (RaftServerImpl.java:checkInconsistentAppendEntries(1319)) - omNode-1@group-523986131536: Failed appendEntries as previous log entry ((t:4, i:21)) is not found
2021-10-05 01:15:49,533 [grpc-default-executor-0] INFO  server.RaftServer$Division (RaftServerImpl.java:checkInconsistentAppendEntries(1285)) - omNode-1@group-523986131536: inconsistency entries. Reply:omNode-2<-omNode-1#9013:FAIL-t4,INCONSISTENCY,nextIndex=16,followerCommit=15
2021-10-05 01:15:49,533 [grpc-default-executor-0] INFO  leader.FollowerInfo (FollowerInfoImpl.java:lambda$new$0(46)) - omNode-2@group-523986131536->omNode-1: nextIndex: updateUnconditionally 22 -> 16
2021-10-05 01:15:50,034 [grpc-default-executor-0] INFO  server.RaftServer$Division (RaftServerImpl.java:checkInconsistentAppendEntries(1319)) - omNode-1@group-523986131536: Failed appendEntries as previous log entry ((t:4, i:21)) is not found
2021-10-05 01:15:50,035 [grpc-default-executor-0] INFO  server.RaftServer$Division (RaftServerImpl.java:checkInconsistentAppendEntries(1285)) - omNode-1@group-523986131536: inconsistency entries. Reply:omNode-2<-omNode-1#9064:FAIL-t4,INCONSISTENCY,nextIndex=16,followerCommit=15
2021-10-05 01:15:50,035 [grpc-default-executor-0] INFO  leader.FollowerInfo (FollowerInfoImpl.java:lambda$new$0(46)) - omNode-2@group-523986131536->omNode-1: nextIndex: updateUnconditionally 22 -> 16
2021-10-05 01:15:50,537 [grpc-default-executor-0] INFO  server.RaftServer$Division (RaftServerImpl.java:checkInconsistentAppendEntries(1319)) - omNode-1@group-523986131536: Failed appendEntries as previous log entry ((t:4, i:21)) is not found
2021-10-05 01:15:50,537 [grpc-default-executor-0] INFO  server.RaftServer$Division (RaftServerImpl.java:checkInconsistentAppendEntries(1285)) - omNode-1@group-523986131536: inconsistency entries. Reply:omNode-2<-omNode-1#9115:FAIL-t4,INCONSISTENCY,nextIndex=16,followerCommit=15
2021-10-05 01:15:50,539 [grpc-default-executor-0] INFO  leader.FollowerInfo (FollowerInfoImpl.java:lambda$new$0(46)) - omNode-2@group-523986131536->omNode-1: nextIndex: updateUnconditionally 22 -> 16
2021-10-05 01:15:51,040 [grpc-default-executor-2] INFO  server.RaftServer$Division (RaftServerImpl.java:checkInconsistentAppendEntries(1319)) - omNode-1@group-523986131536: Failed appendEntries as previous log entry ((t:4, i:21)) is not found
2021-10-05 01:15:51,040 [grpc-default-executor-2] INFO  server.RaftServer$Division (RaftServerImpl.java:checkInconsistentAppendEntries(1285)) - omNode-1@group-523986131536: inconsistency entries. Reply:omNode-2<-omNode-1#9166:FAIL-t4,INCONSISTENCY,nextIndex=16,followerCommit=15
2021-10-05 01:15:51,041 [grpc-default-executor-2] INFO  leader.FollowerInfo (FollowerInfoImpl.java:lambda$new$0(46)) - omNode-2@group-523986131536->omNode-1: nextIndex: updateUnconditionally 22 -> 16
2021-10-05 01:15:51,542 [grpc-default-executor-2] INFO  server.RaftServer$Division (RaftServerImpl.java:checkInconsistentAppendEntries(1319)) - omNode-1@group-523986131536: Failed appendEntries as previous log entry ((t:4, i:21)) is not found
2021-10-05 01:15:51,542 [grpc-default-executor-2] INFO  server.RaftServer$Division (RaftServerImpl.java:checkInconsistentAppendEntries(1285)) - omNode-1@group-523986131536: inconsistency entries. Reply:omNode-2<-omNode-1#9217:FAIL-t4,INCONSISTENCY,nextIndex=16,followerCommit=15
2021-10-05 01:15:51,543 [grpc-default-executor-2] INFO  leader.FollowerInfo (FollowerInfoImpl.java:lambda$new$0(46)) - omNode-2@group-523986131536->omNode-1: nextIndex: updateUnconditionally 22 -> 16
2021-10-05 01:15:52,045 [grpc-default-executor-0] INFO  server.RaftServer$Division (RaftServerImpl.java:checkInconsistentAppendEntries(1319)) - omNode-1@group-523986131536: Failed appendEntries as previous log entry ((t:4, i:21)) is not found
2021-10-05 01:15:52,045 [grpc-default-executor-0] INFO  server.RaftServer$Division (RaftServerImpl.java:checkInconsistentAppendEntries(1285)) - omNode-1@group-523986131536: inconsistency entries. Reply:omNode-2<-omNode-1#9268:FAIL-t4,INCONSISTENCY,nextIndex=16,followerCommit=15
2021-10-05 01:15:52,047 [grpc-default-executor-0] INFO  leader.FollowerInfo (FollowerInfoImpl.java:lambda$new$0(46)) - omNode-2@group-523986131536->omNode-1: nextIndex: updateUnconditionally 22 -> 16
2021-10-05 01:15:52,548 [grpc-default-executor-0] INFO  server.RaftServer$Division (RaftServerImpl.java:checkInconsistentAppendEntries(1319)) - omNode-1@group-523986131536: Failed appendEntries as previous log entry ((t:4, i:21)) is not found
2021-10-05 01:15:52,549 [grpc-default-executor-0] INFO  server.RaftServer$Division (RaftServerImpl.java:checkInconsistentAppendEntries(1285)) - omNode-1@group-523986131536: inconsistency entries. Reply:omNode-2<-omNode-1#9319:FAIL-t4,INCONSISTENCY,nextIndex=16,followerCommit=15
2021-10-05 01:15:52,549 [grpc-default-executor-0] INFO  leader.FollowerInfo (FollowerInfoImpl.java:lambda$new$0(46)) - omNode-2@group-523986131536->omNode-1: nextIndex: updateUnconditionally 22 -> 16
2021-10-05 01:15:53,050 [grpc-default-executor-0] INFO  server.RaftServer$Division (RaftServerImpl.java:checkInconsistentAppendEntries(1319)) - omNode-1@group-523986131536: Failed appendEntries as previous log entry ((t:4, i:21)) is not found
2021-10-05 01:15:53,050 [grpc-default-executor-0] INFO  server.RaftServer$Division (RaftServerImpl.java:checkInconsistentAppendEntries(1285)) - omNode-1@group-523986131536: inconsistency entries. Reply:omNode-2<-omNode-1#9370:FAIL-t4,INCONSISTENCY,nextIndex=16,followerCommit=15
2021-10-05 01:15:53,051 [grpc-default-executor-0] INFO  leader.FollowerInfo (FollowerInfoImpl.java:lambda$new$0(46)) - omNode-2@group-523986131536->omNode-1: nextIndex: updateUnconditionally 22 -> 16
2021-10-05 01:15:53,552 [grpc-default-executor-0] INFO  server.RaftServer$Division (RaftServerImpl.java:checkInconsistentAppendEntries(1319)) - omNode-1@group-523986131536: Failed appendEntries as previous log entry ((t:4, i:21)) is not found
2021-10-05 01:15:53,553 [grpc-default-executor-0] INFO  server.RaftServer$Division (RaftServerImpl.java:checkInconsistentAppendEntries(1285)) - omNode-1@group-523986131536: inconsistency entries. Reply:omNode-2<-omNode-1#9421:FAIL-t4,INCONSISTENCY,nextIndex=16,followerCommit=15
2021-10-05 01:15:53,553 [grpc-default-executor-0] INFO  leader.FollowerInfo (FollowerInfoImpl.java:lambda$new$0(46)) - omNode-2@group-523986131536->omNode-1: nextIndex: updateUnconditionally 22 -> 16
2021-10-05 01:15:54,054 [grpc-default-executor-0] INFO  server.RaftServer$Division (RaftServerImpl.java:checkInconsistentAppendEntries(1319)) - omNode-1@group-523986131536: Failed appendEntries as previous log entry ((t:4, i:21)) is not found
2021-10-05 01:15:54,055 [grpc-default-executor-0] INFO  server.RaftServer$Division (RaftServerImpl.java:checkInconsistentAppendEntries(1285)) - omNode-1@group-523986131536: inconsistency entries. Reply:omNode-2<-omNode-1#9472:FAIL-t4,INCONSISTENCY,nextIndex=16,followerCommit=15
2021-10-05 01:15:54,055 [grpc-default-executor-0] INFO  leader.FollowerInfo (FollowerInfoImpl.java:lambda$new$0(46)) - omNode-2@group-523986131536->omNode-1: nextIndex: updateUnconditionally 22 -> 16
2021-10-05 01:15:54,556 [grpc-default-executor-0] INFO  server.RaftServer$Division (RaftServerImpl.java:checkInconsistentAppendEntries(1319)) - omNode-1@group-523986131536: Failed appendEntries as previous log entry ((t:4, i:21)) is not found
2021-10-05 01:15:54,557 [grpc-default-executor-0] INFO  server.RaftServer$Division (RaftServerImpl.java:checkInconsistentAppendEntries(1285)) - omNode-1@group-523986131536: inconsistency entries. Reply:omNode-2<-omNode-1#9523:FAIL-t4,INCONSISTENCY,nextIndex=16,followerCommit=15
2021-10-05 01:15:54,557 [grpc-default-executor-0] INFO  leader.FollowerInfo (FollowerInfoImpl.java:lambda$new$0(46)) - omNode-2@group-523986131536->omNode-1: nextIndex: updateUnconditionally 22 -> 16
2021-10-05 01:15:55,059 [grpc-default-executor-0] INFO  server.RaftServer$Division (RaftServerImpl.java:checkInconsistentAppendEntries(1319)) - omNode-1@group-523986131536: Failed appendEntries as previous log entry ((t:4, i:21)) is not found
2021-10-05 01:15:55,059 [grpc-default-executor-0] INFO  server.RaftServer$Division (RaftServerImpl.java:checkInconsistentAppendEntries(1285)) - omNode-1@group-523986131536: inconsistency entries. Reply:omNode-2<-omNode-1#9574:FAIL-t4,INCONSISTENCY,nextIndex=16,followerCommit=15
2021-10-05 01:15:55,060 [grpc-default-executor-0] INFO  leader.FollowerInfo (FollowerInfoImpl.java:lambda$new$0(46)) - omNode-2@group-523986131536->omNode-1: nextIndex: updateUnconditionally 22 -> 16
2021-10-05 01:15:55,561 [grpc-default-executor-0] INFO  server.RaftServer$Division (RaftServerImpl.java:checkInconsistentAppendEntries(1319)) - omNode-1@group-523986131536: Failed appendEntries as previous log entry ((t:4, i:21)) is not found
2021-10-05 01:15:55,561 [grpc-default-executor-0] INFO  server.RaftServer$Division (RaftServerImpl.java:checkInconsistentAppendEntries(1285)) - omNode-1@group-523986131536: inconsistency entries. Reply:omNode-2<-omNode-1#9625:FAIL-t4,INCONSISTENCY,nextIndex=16,followerCommit=15
2021-10-05 01:15:55,561 [grpc-default-executor-0] INFO  leader.FollowerInfo (FollowerInfoImpl.java:lambda$new$0(46)) - omNode-2@group-523986131536->omNode-1: nextIndex: updateUnconditionally 22 -> 16
2021-10-05 01:15:56,062 [grpc-default-executor-0] INFO  server.RaftServer$Division (RaftServerImpl.java:checkInconsistentAppendEntries(1319)) - omNode-1@group-523986131536: Failed appendEntries as previous log entry ((t:4, i:21)) is not found
2021-10-05 01:15:56,062 [grpc-default-executor-0] INFO  server.RaftServer$Division (RaftServerImpl.java:checkInconsistentAppendEntries(1285)) - omNode-1@group-523986131536: inconsistency entries. Reply:omNode-2<-omNode-1#9676:FAIL-t4,INCONSISTENCY,nextIndex=16,followerCommit=15
2021-10-05 01:15:56,063 [grpc-default-executor-0] INFO  leader.FollowerInfo (FollowerInfoImpl.java:lambda$new$0(46)) - omNode-2@group-523986131536->omNode-1: nextIndex: updateUnconditionally 22 -> 16
2021-10-05 01:15:56,565 [grpc-default-executor-0] INFO  server.RaftServer$Division (RaftServerImpl.java:checkInconsistentAppendEntries(1319)) - omNode-1@group-523986131536: Failed appendEntries as previous log entry ((t:4, i:21)) is not found
2021-10-05 01:15:56,565 [grpc-default-executor-0] INFO  server.RaftServer$Division (RaftServerImpl.java:checkInconsistentAppendEntries(1285)) - omNode-1@group-523986131536: inconsistency entries. Reply:omNode-2<-omNode-1#9727:FAIL-t4,INCONSISTENCY,nextIndex=16,followerCommit=15
2021-10-05 01:15:56,565 [grpc-default-executor-0] INFO  leader.FollowerInfo (FollowerInfoImpl.java:lambda$new$0(46)) - omNode-2@group-523986131536->omNode-1: nextIndex: updateUnconditionally 22 -> 16
2021-10-05 01:15:57,067 [grpc-default-executor-0] INFO  server.RaftServer$Division (RaftServerImpl.java:checkInconsistentAppendEntries(1319)) - omNode-1@group-523986131536: Failed appendEntries as previous log entry ((t:4, i:21)) is not found
2021-10-05 01:15:57,067 [grpc-default-executor-0] INFO  server.RaftServer$Division (RaftServerImpl.java:checkInconsistentAppendEntries(1285)) - omNode-1@group-523986131536: inconsistency entries. Reply:omNode-2<-omNode-1#9778:FAIL-t4,INCONSISTENCY,nextIndex=16,followerCommit=15
2021-10-05 01:15:57,068 [grpc-default-executor-0] INFO  leader.FollowerInfo (FollowerInfoImpl.java:lambda$new$0(46)) - omNode-2@group-523986131536->omNode-1: nextIndex: updateUnconditionally 22 -> 16
2021-10-05 01:15:57,569 [grpc-default-executor-0] INFO  server.RaftServer$Division (RaftServerImpl.java:checkInconsistentAppendEntries(1319)) - omNode-1@group-523986131536: Failed appendEntries as previous log entry ((t:4, i:21)) is not found
2021-10-05 01:15:57,569 [grpc-default-executor-0] INFO  server.RaftServer$Division (RaftServerImpl.java:checkInconsistentAppendEntries(1285)) - omNode-1@group-523986131536: inconsistency entries. Reply:omNode-2<-omNode-1#9829:FAIL-t4,INCONSISTENCY,nextIndex=16,followerCommit=15
2021-10-05 01:15:57,569 [grpc-default-executor-0] INFO  leader.FollowerInfo (FollowerInfoImpl.java:lambda$new$0(46)) - omNode-2@group-523986131536->omNode-1: nextIndex: updateUnconditionally 22 -> 16
2021-10-05 01:15:58,071 [grpc-default-executor-0] INFO  server.RaftServer$Division (RaftServerImpl.java:checkInconsistentAppendEntries(1319)) - omNode-1@group-523986131536: Failed appendEntries as previous log entry ((t:4, i:21)) is not found
2021-10-05 01:15:58,071 [grpc-default-executor-0] INFO  server.RaftServer$Division (RaftServerImpl.java:checkInconsistentAppendEntries(1285)) - omNode-1@group-523986131536: inconsistency entries. Reply:omNode-2<-omNode-1#9880:FAIL-t4,INCONSISTENCY,nextIndex=16,followerCommit=15
2021-10-05 01:15:58,072 [grpc-default-executor-0] INFO  leader.FollowerInfo (FollowerInfoImpl.java:lambda$new$0(46)) - omNode-2@group-523986131536->omNode-1: nextIndex: updateUnconditionally 22 -> 16
2021-10-05 01:15:58,573 [grpc-default-executor-2] INFO  server.RaftServer$Division (RaftServerImpl.java:checkInconsistentAppendEntries(1319)) - omNode-1@group-523986131536: Failed appendEntries as previous log entry ((t:4, i:21)) is not found
2021-10-05 01:15:58,573 [grpc-default-executor-2] INFO  server.RaftServer$Division (RaftServerImpl.java:checkInconsistentAppendEntries(1285)) - omNode-1@group-523986131536: inconsistency entries. Reply:omNode-2<-omNode-1#9931:FAIL-t4,INCONSISTENCY,nextIndex=16,followerCommit=15
2021-10-05 01:15:58,574 [grpc-default-executor-2] INFO  leader.FollowerInfo (FollowerInfoImpl.java:lambda$new$0(46)) - omNode-2@group-523986131536->omNode-1: nextIndex: updateUnconditionally 22 -> 16
2021-10-05 01:15:59,075 [grpc-default-executor-2] INFO  server.RaftServer$Division (RaftServerImpl.java:checkInconsistentAppendEntries(1319)) - omNode-1@group-523986131536: Failed appendEntries as previous log entry ((t:4, i:21)) is not found
2021-10-05 01:15:59,075 [grpc-default-executor-2] INFO  server.RaftServer$Division (RaftServerImpl.java:checkInconsistentAppendEntries(1285)) - omNode-1@group-523986131536: inconsistency entries. Reply:omNode-2<-omNode-1#9982:FAIL-t4,INCONSISTENCY,nextIndex=16,followerCommit=15
2021-10-05 01:15:59,075 [grpc-default-executor-2] INFO  leader.FollowerInfo (FollowerInfoImpl.java:lambda$new$0(46)) - omNode-2@group-523986131536->omNode-1: nextIndex: updateUnconditionally 22 -> 16
2021-10-05 01:15:59,576 [grpc-default-executor-2] INFO  server.RaftServer$Division (RaftServerImpl.java:checkInconsistentAppendEntries(1319)) - omNode-1@group-523986131536: Failed appendEntries as previous log entry ((t:4, i:21)) is not found
2021-10-05 01:15:59,577 [grpc-default-executor-2] INFO  server.RaftServer$Division (RaftServerImpl.java:checkInconsistentAppendEntries(1285)) - omNode-1@group-523986131536: inconsistency entries. Reply:omNode-2<-omNode-1#10033:FAIL-t4,INCONSISTENCY,nextIndex=16,followerCommit=15
2021-10-05 01:15:59,577 [grpc-default-executor-2] INFO  leader.FollowerInfo (FollowerInfoImpl.java:lambda$new$0(46)) - omNode-2@group-523986131536->omNode-1: nextIndex: updateUnconditionally 22 -> 16
2021-10-05 01:16:00,079 [grpc-default-executor-2] INFO  server.RaftServer$Division (RaftServerImpl.java:checkInconsistentAppendEntries(1319)) - omNode-1@group-523986131536: Failed appendEntries as previous log entry ((t:4, i:21)) is not found
2021-10-05 01:16:00,079 [grpc-default-executor-2] INFO  server.RaftServer$Division (RaftServerImpl.java:checkInconsistentAppendEntries(1285)) - omNode-1@group-523986131536: inconsistency entries. Reply:omNode-2<-omNode-1#10084:FAIL-t4,INCONSISTENCY,nextIndex=16,followerCommit=15
2021-10-05 01:16:00,079 [grpc-default-executor-2] INFO  leader.FollowerInfo (FollowerInfoImpl.java:lambda$new$0(46)) - omNode-2@group-523986131536->omNode-1: nextIndex: updateUnconditionally 22 -> 16
2021-10-05 01:16:00,581 [grpc-default-executor-0] INFO  server.RaftServer$Division (RaftServerImpl.java:checkInconsistentAppendEntries(1319)) - omNode-1@group-523986131536: Failed appendEntries as previous log entry ((t:4, i:21)) is not found
2021-10-05 01:16:00,581 [grpc-default-executor-0] INFO  server.RaftServer$Division (RaftServerImpl.java:checkInconsistentAppendEntries(1285)) - omNode-1@group-523986131536: inconsistency entries. Reply:omNode-2<-omNode-1#10135:FAIL-t4,INCONSISTENCY,nextIndex=16,followerCommit=15
2021-10-05 01:16:00,581 [grpc-default-executor-0] INFO  leader.FollowerInfo (FollowerInfoImpl.java:lambda$new$0(46)) - omNode-2@group-523986131536->omNode-1: nextIndex: updateUnconditionally 22 -> 16
2021-10-05 01:16:01,083 [grpc-default-executor-2] INFO  server.RaftServer$Division (RaftServerImpl.java:checkInconsistentAppendEntries(1319)) - omNode-1@group-523986131536: Failed appendEntries as previous log entry ((t:4, i:21)) is not found
2021-10-05 01:16:01,083 [grpc-default-executor-2] INFO  server.RaftServer$Division (RaftServerImpl.java:checkInconsistentAppendEntries(1285)) - omNode-1@group-523986131536: inconsistency entries. Reply:omNode-2<-omNode-1#10186:FAIL-t4,INCONSISTENCY,nextIndex=16,followerCommit=15
2021-10-05 01:16:01,083 [grpc-default-executor-2] INFO  leader.FollowerInfo (FollowerInfoImpl.java:lambda$new$0(46)) - omNode-2@group-523986131536->omNode-1: nextIndex: updateUnconditionally 22 -> 16
2021-10-05 01:16:01,584 [grpc-default-executor-2] INFO  server.RaftServer$Division (RaftServerImpl.java:checkInconsistentAppendEntries(1319)) - omNode-1@group-523986131536: Failed appendEntries as previous log entry ((t:4, i:21)) is not found
2021-10-05 01:16:01,585 [grpc-default-executor-2] INFO  server.RaftServer$Division (RaftServerImpl.java:checkInconsistentAppendEntries(1285)) - omNode-1@group-523986131536: inconsistency entries. Reply:omNode-2<-omNode-1#10237:FAIL-t4,INCONSISTENCY,nextIndex=16,followerCommit=15
2021-10-05 01:16:01,585 [grpc-default-executor-2] INFO  leader.FollowerInfo (FollowerInfoImpl.java:lambda$new$0(46)) - omNode-2@group-523986131536->omNode-1: nextIndex: updateUnconditionally 22 -> 16
2021-10-05 01:16:02,086 [grpc-default-executor-2] INFO  server.RaftServer$Division (RaftServerImpl.java:checkInconsistentAppendEntries(1319)) - omNode-1@group-523986131536: Failed appendEntries as previous log entry ((t:4, i:21)) is not found
2021-10-05 01:16:02,086 [grpc-default-executor-2] INFO  server.RaftServer$Division (RaftServerImpl.java:checkInconsistentAppendEntries(1285)) - omNode-1@group-523986131536: inconsistency entries. Reply:omNode-2<-omNode-1#10288:FAIL-t4,INCONSISTENCY,nextIndex=16,followerCommit=15
2021-10-05 01:16:02,088 [grpc-default-executor-2] INFO  leader.FollowerInfo (FollowerInfoImpl.java:lambda$new$0(46)) - omNode-2@group-523986131536->omNode-1: nextIndex: updateUnconditionally 22 -> 16
2021-10-05 01:16:02,589 [grpc-default-executor-2] INFO  server.RaftServer$Division (RaftServerImpl.java:checkInconsistentAppendEntries(1319)) - omNode-1@group-523986131536: Failed appendEntries as previous log entry ((t:4, i:21)) is not found
2021-10-05 01:16:02,589 [grpc-default-executor-2] INFO  server.RaftServer$Division (RaftServerImpl.java:checkInconsistentAppendEntries(1285)) - omNode-1@group-523986131536: inconsistency entries. Reply:omNode-2<-omNode-1#10339:FAIL-t4,INCONSISTENCY,nextIndex=16,followerCommit=15
2021-10-05 01:16:02,590 [grpc-default-executor-2] INFO  leader.FollowerInfo (FollowerInfoImpl.java:lambda$new$0(46)) - omNode-2@group-523986131536->omNode-1: nextIndex: updateUnconditionally 22 -> 16
2021-10-05 01:16:03,091 [grpc-default-executor-2] INFO  server.RaftServer$Division (RaftServerImpl.java:checkInconsistentAppendEntries(1319)) - omNode-1@group-523986131536: Failed appendEntries as previous log entry ((t:4, i:21)) is not found
2021-10-05 01:16:03,091 [grpc-default-executor-2] INFO  server.RaftServer$Division (RaftServerImpl.java:checkInconsistentAppendEntries(1285)) - omNode-1@group-523986131536: inconsistency entries. Reply:omNode-2<-omNode-1#10390:FAIL-t4,INCONSISTENCY,nextIndex=16,followerCommit=15
2021-10-05 01:16:03,091 [grpc-default-executor-2] INFO  leader.FollowerInfo (FollowerInfoImpl.java:lambda$new$0(46)) - omNode-2@group-523986131536->omNode-1: nextIndex: updateUnconditionally 22 -> 16
2021-10-05 01:16:03,593 [grpc-default-executor-0] INFO  server.RaftServer$Division (RaftServerImpl.java:checkInconsistentAppendEntries(1319)) - omNode-1@group-523986131536: Failed appendEntries as previous log entry ((t:4, i:21)) is not found
2021-10-05 01:16:03,593 [grpc-default-executor-0] INFO  server.RaftServer$Division (RaftServerImpl.java:checkInconsistentAppendEntries(1285)) - omNode-1@group-523986131536: inconsistency entries. Reply:omNode-2<-omNode-1#10441:FAIL-t4,INCONSISTENCY,nextIndex=16,followerCommit=15
2021-10-05 01:16:03,594 [grpc-default-executor-0] INFO  leader.FollowerInfo (FollowerInfoImpl.java:lambda$new$0(46)) - omNode-2@group-523986131536->omNode-1: nextIndex: updateUnconditionally 22 -> 16
2021-10-05 01:16:04,095 [grpc-default-executor-0] INFO  server.RaftServer$Division (RaftServerImpl.java:checkInconsistentAppendEntries(1319)) - omNode-1@group-523986131536: Failed appendEntries as previous log entry ((t:4, i:21)) is not found
2021-10-05 01:16:04,095 [grpc-default-executor-0] INFO  server.RaftServer$Division (RaftServerImpl.java:checkInconsistentAppendEntries(1285)) - omNode-1@group-523986131536: inconsistency entries. Reply:omNode-2<-omNode-1#10492:FAIL-t4,INCONSISTENCY,nextIndex=16,followerCommit=15
2021-10-05 01:16:04,096 [grpc-default-executor-0] INFO  leader.FollowerInfo (FollowerInfoImpl.java:lambda$new$0(46)) - omNode-2@group-523986131536->omNode-1: nextIndex: updateUnconditionally 22 -> 16
2021-10-05 01:16:04,598 [grpc-default-executor-0] INFO  server.RaftServer$Division (RaftServerImpl.java:checkInconsistentAppendEntries(1319)) - omNode-1@group-523986131536: Failed appendEntries as previous log entry ((t:4, i:21)) is not found
2021-10-05 01:16:04,598 [grpc-default-executor-0] INFO  server.RaftServer$Division (RaftServerImpl.java:checkInconsistentAppendEntries(1285)) - omNode-1@group-523986131536: inconsistency entries. Reply:omNode-2<-omNode-1#10543:FAIL-t4,INCONSISTENCY,nextIndex=16,followerCommit=15
2021-10-05 01:16:04,599 [grpc-default-executor-0] INFO  leader.FollowerInfo (FollowerInfoImpl.java:lambda$new$0(46)) - omNode-2@group-523986131536->omNode-1: nextIndex: updateUnconditionally 22 -> 16
2021-10-05 01:16:05,101 [grpc-default-executor-0] INFO  server.RaftServer$Division (RaftServerImpl.java:checkInconsistentAppendEntries(1319)) - omNode-1@group-523986131536: Failed appendEntries as previous log entry ((t:4, i:21)) is not found
2021-10-05 01:16:05,101 [grpc-default-executor-0] INFO  server.RaftServer$Division (RaftServerImpl.java:checkInconsistentAppendEntries(1285)) - omNode-1@group-523986131536: inconsistency entries. Reply:omNode-2<-omNode-1#10594:FAIL-t4,INCONSISTENCY,nextIndex=16,followerCommit=15
2021-10-05 01:16:05,101 [grpc-default-executor-0] INFO  leader.FollowerInfo (FollowerInfoImpl.java:lambda$new$0(46)) - omNode-2@group-523986131536->omNode-1: nextIndex: updateUnconditionally 22 -> 16
2021-10-05 01:16:05,602 [grpc-default-executor-0] INFO  server.RaftServer$Division (RaftServerImpl.java:checkInconsistentAppendEntries(1319)) - omNode-1@group-523986131536: Failed appendEntries as previous log entry ((t:4, i:21)) is not found
2021-10-05 01:16:05,603 [grpc-default-executor-0] INFO  server.RaftServer$Division (RaftServerImpl.java:checkInconsistentAppendEntries(1285)) - omNode-1@group-523986131536: inconsistency entries. Reply:omNode-2<-omNode-1#10645:FAIL-t4,INCONSISTENCY,nextIndex=16,followerCommit=15
2021-10-05 01:16:05,603 [grpc-default-executor-0] INFO  leader.FollowerInfo (FollowerInfoImpl.java:lambda$new$0(46)) - omNode-2@group-523986131536->omNode-1: nextIndex: updateUnconditionally 22 -> 16
2021-10-05 01:16:06,105 [grpc-default-executor-2] INFO  server.RaftServer$Division (RaftServerImpl.java:checkInconsistentAppendEntries(1319)) - omNode-1@group-523986131536: Failed appendEntries as previous log entry ((t:4, i:21)) is not found
2021-10-05 01:16:06,105 [grpc-default-executor-2] INFO  server.RaftServer$Division (RaftServerImpl.java:checkInconsistentAppendEntries(1285)) - omNode-1@group-523986131536: inconsistency entries. Reply:omNode-2<-omNode-1#10696:FAIL-t4,INCONSISTENCY,nextIndex=16,followerCommit=15
2021-10-05 01:16:06,105 [grpc-default-executor-2] INFO  leader.FollowerInfo (FollowerInfoImpl.java:lambda$new$0(46)) - omNode-2@group-523986131536->omNode-1: nextIndex: updateUnconditionally 22 -> 16
2021-10-05 01:16:06,606 [grpc-default-executor-2] INFO  server.RaftServer$Division (RaftServerImpl.java:checkInconsistentAppendEntries(1319)) - omNode-1@group-523986131536: Failed appendEntries as previous log entry ((t:4, i:21)) is not found
2021-10-05 01:16:06,607 [grpc-default-executor-2] INFO  server.RaftServer$Division (RaftServerImpl.java:checkInconsistentAppendEntries(1285)) - omNode-1@group-523986131536: inconsistency entries. Reply:omNode-2<-omNode-1#10747:FAIL-t4,INCONSISTENCY,nextIndex=16,followerCommit=15
2021-10-05 01:16:06,607 [grpc-default-executor-2] INFO  leader.FollowerInfo (FollowerInfoImpl.java:lambda$new$0(46)) - omNode-2@group-523986131536->omNode-1: nextIndex: updateUnconditionally 22 -> 16
2021-10-05 01:16:07,109 [grpc-default-executor-2] INFO  server.RaftServer$Division (RaftServerImpl.java:checkInconsistentAppendEntries(1319)) - omNode-1@group-523986131536: Failed appendEntries as previous log entry ((t:4, i:21)) is not found
2021-10-05 01:16:07,109 [grpc-default-executor-2] INFO  server.RaftServer$Division (RaftServerImpl.java:checkInconsistentAppendEntries(1285)) - omNode-1@group-523986131536: inconsistency entries. Reply:omNode-2<-omNode-1#10798:FAIL-t4,INCONSISTENCY,nextIndex=16,followerCommit=15
2021-10-05 01:16:07,109 [grpc-default-executor-2] INFO  leader.FollowerInfo (FollowerInfoImpl.java:lambda$new$0(46)) - omNode-2@group-523986131536->omNode-1: nextIndex: updateUnconditionally 22 -> 16
2021-10-05 01:16:07,610 [grpc-default-executor-2] INFO  server.RaftServer$Division (RaftServerImpl.java:checkInconsistentAppendEntries(1319)) - omNode-1@group-523986131536: Failed appendEntries as previous log entry ((t:4, i:21)) is not found
2021-10-05 01:16:07,610 [grpc-default-executor-2] INFO  server.RaftServer$Division (RaftServerImpl.java:checkInconsistentAppendEntries(1285)) - omNode-1@group-523986131536: inconsistency entries. Reply:omNode-2<-omNode-1#10849:FAIL-t4,INCONSISTENCY,nextIndex=16,followerCommit=15
2021-10-05 01:16:07,610 [grpc-default-executor-2] INFO  leader.FollowerInfo (FollowerInfoImpl.java:lambda$new$0(46)) - omNode-2@group-523986131536->omNode-1: nextIndex: updateUnconditionally 22 -> 16
2021-10-05 01:16:08,112 [grpc-default-executor-0] INFO  server.RaftServer$Division (RaftServerImpl.java:checkInconsistentAppendEntries(1319)) - omNode-1@group-523986131536: Failed appendEntries as previous log entry ((t:4, i:21)) is not found
2021-10-05 01:16:08,112 [grpc-default-executor-0] INFO  server.RaftServer$Division (RaftServerImpl.java:checkInconsistentAppendEntries(1285)) - omNode-1@group-523986131536: inconsistency entries. Reply:omNode-2<-omNode-1#10900:FAIL-t4,INCONSISTENCY,nextIndex=16,followerCommit=15
2021-10-05 01:16:08,112 [grpc-default-executor-0] INFO  leader.FollowerInfo (FollowerInfoImpl.java:lambda$new$0(46)) - omNode-2@group-523986131536->omNode-1: nextIndex: updateUnconditionally 22 -> 16
2021-10-05 01:16:08,613 [grpc-default-executor-2] INFO  server.RaftServer$Division (RaftServerImpl.java:checkInconsistentAppendEntries(1319)) - omNode-1@group-523986131536: Failed appendEntries as previous log entry ((t:4, i:21)) is not found
2021-10-05 01:16:08,613 [grpc-default-executor-2] INFO  server.RaftServer$Division (RaftServerImpl.java:checkInconsistentAppendEntries(1285)) - omNode-1@group-523986131536: inconsistency entries. Reply:omNode-2<-omNode-1#10951:FAIL-t4,INCONSISTENCY,nextIndex=16,followerCommit=15
2021-10-05 01:16:08,614 [grpc-default-executor-2] INFO  leader.FollowerInfo (FollowerInfoImpl.java:lambda$new$0(46)) - omNode-2@group-523986131536->omNode-1: nextIndex: updateUnconditionally 22 -> 16
2021-10-05 01:16:09,115 [grpc-default-executor-2] INFO  server.RaftServer$Division (RaftServerImpl.java:checkInconsistentAppendEntries(1319)) - omNode-1@group-523986131536: Failed appendEntries as previous log entry ((t:4, i:21)) is not found
2021-10-05 01:16:09,115 [grpc-default-executor-2] INFO  server.RaftServer$Division (RaftServerImpl.java:checkInconsistentAppendEntries(1285)) - omNode-1@group-523986131536: inconsistency entries. Reply:omNode-2<-omNode-1#11002:FAIL-t4,INCONSISTENCY,nextIndex=16,followerCommit=15
2021-10-05 01:16:09,115 [grpc-default-executor-2] INFO  leader.FollowerInfo (FollowerInfoImpl.java:lambda$new$0(46)) - omNode-2@group-523986131536->omNode-1: nextIndex: updateUnconditionally 22 -> 16
2021-10-05 01:16:09,617 [grpc-default-executor-2] INFO  server.RaftServer$Division (RaftServerImpl.java:checkInconsistentAppendEntries(1319)) - omNode-1@group-523986131536: Failed appendEntries as previous log entry ((t:4, i:21)) is not found
2021-10-05 01:16:09,617 [grpc-default-executor-2] INFO  server.RaftServer$Division (RaftServerImpl.java:checkInconsistentAppendEntries(1285)) - omNode-1@group-523986131536: inconsistency entries. Reply:omNode-2<-omNode-1#11053:FAIL-t4,INCONSISTENCY,nextIndex=16,followerCommit=15
2021-10-05 01:16:09,617 [grpc-default-executor-2] INFO  leader.FollowerInfo (FollowerInfoImpl.java:lambda$new$0(46)) - omNode-2@group-523986131536->omNode-1: nextIndex: updateUnconditionally 22 -> 16
2021-10-05 01:16:10,119 [grpc-default-executor-2] INFO  server.RaftServer$Division (RaftServerImpl.java:checkInconsistentAppendEntries(1319)) - omNode-1@group-523986131536: Failed appendEntries as previous log entry ((t:4, i:21)) is not found
2021-10-05 01:16:10,120 [grpc-default-executor-2] INFO  server.RaftServer$Division (RaftServerImpl.java:checkInconsistentAppendEntries(1285)) - omNode-1@group-523986131536: inconsistency entries. Reply:omNode-2<-omNode-1#11104:FAIL-t4,INCONSISTENCY,nextIndex=16,followerCommit=15
2021-10-05 01:16:10,127 [grpc-default-executor-2] INFO  leader.FollowerInfo (FollowerInfoImpl.java:lambda$new$0(46)) - omNode-2@group-523986131536->omNode-1: nextIndex: updateUnconditionally 22 -> 16
2021-10-05 01:16:10,628 [grpc-default-executor-2] INFO  server.RaftServer$Division (RaftServerImpl.java:checkInconsistentAppendEntries(1319)) - omNode-1@group-523986131536: Failed appendEntries as previous log entry ((t:4, i:21)) is not found
2021-10-05 01:16:10,628 [grpc-default-executor-2] INFO  server.RaftServer$Division (RaftServerImpl.java:checkInconsistentAppendEntries(1285)) - omNode-1@group-523986131536: inconsistency entries. Reply:omNode-2<-omNode-1#11155:FAIL-t4,INCONSISTENCY,nextIndex=16,followerCommit=15
2021-10-05 01:16:10,629 [grpc-default-executor-2] INFO  leader.FollowerInfo (FollowerInfoImpl.java:lambda$new$0(46)) - omNode-2@group-523986131536->omNode-1: nextIndex: updateUnconditionally 22 -> 16
2021-10-05 01:16:11,130 [grpc-default-executor-2] INFO  server.RaftServer$Division (RaftServerImpl.java:checkInconsistentAppendEntries(1319)) - omNode-1@group-523986131536: Failed appendEntries as previous log entry ((t:4, i:21)) is not found
2021-10-05 01:16:11,130 [grpc-default-executor-2] INFO  server.RaftServer$Division (RaftServerImpl.java:checkInconsistentAppendEntries(1285)) - omNode-1@group-523986131536: inconsistency entries. Reply:omNode-2<-omNode-1#11206:FAIL-t4,INCONSISTENCY,nextIndex=16,followerCommit=15
2021-10-05 01:16:11,131 [grpc-default-executor-2] INFO  leader.FollowerInfo (FollowerInfoImpl.java:lambda$new$0(46)) - omNode-2@group-523986131536->omNode-1: nextIndex: updateUnconditionally 22 -> 16
2021-10-05 01:16:11,632 [grpc-default-executor-2] INFO  server.RaftServer$Division (RaftServerImpl.java:checkInconsistentAppendEntries(1319)) - omNode-1@group-523986131536: Failed appendEntries as previous log entry ((t:4, i:21)) is not found
2021-10-05 01:16:11,632 [grpc-default-executor-2] INFO  server.RaftServer$Division (RaftServerImpl.java:checkInconsistentAppendEntries(1285)) - omNode-1@group-523986131536: inconsistency entries. Reply:omNode-2<-omNode-1#11257:FAIL-t4,INCONSISTENCY,nextIndex=16,followerCommit=15
2021-10-05 01:16:11,632 [grpc-default-executor-2] INFO  leader.FollowerInfo (FollowerInfoImpl.java:lambda$new$0(46)) - omNode-2@group-523986131536->omNode-1: nextIndex: updateUnconditionally 22 -> 16
2021-10-05 01:16:12,134 [grpc-default-executor-2] INFO  server.RaftServer$Division (RaftServerImpl.java:checkInconsistentAppendEntries(1319)) - omNode-1@group-523986131536: Failed appendEntries as previous log entry ((t:4, i:21)) is not found
2021-10-05 01:16:12,134 [grpc-default-executor-2] INFO  server.RaftServer$Division (RaftServerImpl.java:checkInconsistentAppendEntries(1285)) - omNode-1@group-523986131536: inconsistency entries. Reply:omNode-2<-omNode-1#11308:FAIL-t4,INCONSISTENCY,nextIndex=16,followerCommit=15
2021-10-05 01:16:12,135 [grpc-default-executor-2] INFO  leader.FollowerInfo (FollowerInfoImpl.java:lambda$new$0(46)) - omNode-2@group-523986131536->omNode-1: nextIndex: updateUnconditionally 22 -> 16
2021-10-05 01:16:12,639 [grpc-default-executor-2] INFO  server.RaftServer$Division (RaftServerImpl.java:checkInconsistentAppendEntries(1319)) - omNode-1@group-523986131536: Failed appendEntries as previous log entry ((t:4, i:21)) is not found
2021-10-05 01:16:12,639 [grpc-default-executor-2] INFO  server.RaftServer$Division (RaftServerImpl.java:checkInconsistentAppendEntries(1285)) - omNode-1@group-523986131536: inconsistency entries. Reply:omNode-2<-omNode-1#11359:FAIL-t4,INCONSISTENCY,nextIndex=16,followerCommit=15
2021-10-05 01:16:12,639 [grpc-default-executor-2] INFO  leader.FollowerInfo (FollowerInfoImpl.java:lambda$new$0(46)) - omNode-2@group-523986131536->omNode-1: nextIndex: updateUnconditionally 22 -> 16
2021-10-05 01:16:13,140 [grpc-default-executor-0] INFO  server.RaftServer$Division (RaftServerImpl.java:checkInconsistentAppendEntries(1319)) - omNode-1@group-523986131536: Failed appendEntries as previous log entry ((t:4, i:21)) is not found
2021-10-05 01:16:13,141 [grpc-default-executor-0] INFO  server.RaftServer$Division (RaftServerImpl.java:checkInconsistentAppendEntries(1285)) - omNode-1@group-523986131536: inconsistency entries. Reply:omNode-2<-omNode-1#11410:FAIL-t4,INCONSISTENCY,nextIndex=16,followerCommit=15
2021-10-05 01:16:13,141 [grpc-default-executor-0] INFO  leader.FollowerInfo (FollowerInfoImpl.java:lambda$new$0(46)) - omNode-2@group-523986131536->omNode-1: nextIndex: updateUnconditionally 22 -> 16
2021-10-05 01:16:13,642 [grpc-default-executor-0] INFO  server.RaftServer$Division (RaftServerImpl.java:checkInconsistentAppendEntries(1319)) - omNode-1@group-523986131536: Failed appendEntries as previous log entry ((t:4, i:21)) is not found
2021-10-05 01:16:13,643 [grpc-default-executor-0] INFO  server.RaftServer$Division (RaftServerImpl.java:checkInconsistentAppendEntries(1285)) - omNode-1@group-523986131536: inconsistency entries. Reply:omNode-2<-omNode-1#11461:FAIL-t4,INCONSISTENCY,nextIndex=16,followerCommit=15
2021-10-05 01:16:13,643 [grpc-default-executor-0] INFO  leader.FollowerInfo (FollowerInfoImpl.java:lambda$new$0(46)) - omNode-2@group-523986131536->omNode-1: nextIndex: updateUnconditionally 22 -> 16
2021-10-05 01:16:14,144 [grpc-default-executor-0] INFO  server.RaftServer$Division (RaftServerImpl.java:checkInconsistentAppendEntries(1319)) - omNode-1@group-523986131536: Failed appendEntries as previous log entry ((t:4, i:21)) is not found
2021-10-05 01:16:14,144 [grpc-default-executor-0] INFO  server.RaftServer$Division (RaftServerImpl.java:checkInconsistentAppendEntries(1285)) - omNode-1@group-523986131536: inconsistency entries. Reply:omNode-2<-omNode-1#11512:FAIL-t4,INCONSISTENCY,nextIndex=16,followerCommit=15
2021-10-05 01:16:14,149 [grpc-default-executor-0] INFO  leader.FollowerInfo (FollowerInfoImpl.java:lambda$new$0(46)) - omNode-2@group-523986131536->omNode-1: nextIndex: updateUnconditionally 22 -> 16
2021-10-05 01:16:14,650 [grpc-default-executor-0] INFO  server.RaftServer$Division (RaftServerImpl.java:checkInconsistentAppendEntries(1319)) - omNode-1@group-523986131536: Failed appendEntries as previous log entry ((t:4, i:21)) is not found
2021-10-05 01:16:14,650 [grpc-default-executor-0] INFO  server.RaftServer$Division (RaftServerImpl.java:checkInconsistentAppendEntries(1285)) - omNode-1@group-523986131536: inconsistency entries. Reply:omNode-2<-omNode-1#11563:FAIL-t4,INCONSISTENCY,nextIndex=16,followerCommit=15
2021-10-05 01:16:14,651 [grpc-default-executor-0] INFO  leader.FollowerInfo (FollowerInfoImpl.java:lambda$new$0(46)) - omNode-2@group-523986131536->omNode-1: nextIndex: updateUnconditionally 22 -> 16
2021-10-05 01:16:15,152 [grpc-default-executor-0] INFO  server.RaftServer$Division (RaftServerImpl.java:checkInconsistentAppendEntries(1319)) - omNode-1@group-523986131536: Failed appendEntries as previous log entry ((t:4, i:21)) is not found
2021-10-05 01:16:15,152 [grpc-default-executor-0] INFO  server.RaftServer$Division (RaftServerImpl.java:checkInconsistentAppendEntries(1285)) - omNode-1@group-523986131536: inconsistency entries. Reply:omNode-2<-omNode-1#11614:FAIL-t4,INCONSISTENCY,nextIndex=16,followerCommit=15
2021-10-05 01:16:15,153 [grpc-default-executor-0] INFO  leader.FollowerInfo (FollowerInfoImpl.java:lambda$new$0(46)) - omNode-2@group-523986131536->omNode-1: nextIndex: updateUnconditionally 22 -> 16
2021-10-05 01:16:15,655 [grpc-default-executor-2] INFO  server.RaftServer$Division (RaftServerImpl.java:checkInconsistentAppendEntries(1319)) - omNode-1@group-523986131536: Failed appendEntries as previous log entry ((t:4, i:21)) is not found
2021-10-05 01:16:15,655 [grpc-default-executor-2] INFO  server.RaftServer$Division (RaftServerImpl.java:checkInconsistentAppendEntries(1285)) - omNode-1@group-523986131536: inconsistency entries. Reply:omNode-2<-omNode-1#11665:FAIL-t4,INCONSISTENCY,nextIndex=16,followerCommit=15
2021-10-05 01:16:15,656 [grpc-default-executor-2] INFO  leader.FollowerInfo (FollowerInfoImpl.java:lambda$new$0(46)) - omNode-2@group-523986131536->omNode-1: nextIndex: updateUnconditionally 22 -> 16
2021-10-05 01:16:16,156 [grpc-default-executor-2] INFO  server.RaftServer$Division (RaftServerImpl.java:checkInconsistentAppendEntries(1319)) - omNode-1@group-523986131536: Failed appendEntries as previous log entry ((t:4, i:21)) is not found
2021-10-05 01:16:16,157 [grpc-default-executor-2] INFO  server.RaftServer$Division (RaftServerImpl.java:checkInconsistentAppendEntries(1285)) - omNode-1@group-523986131536: inconsistency entries. Reply:omNode-2<-omNode-1#11716:FAIL-t4,INCONSISTENCY,nextIndex=16,followerCommit=15
2021-10-05 01:16:16,157 [grpc-default-executor-2] INFO  leader.FollowerInfo (FollowerInfoImpl.java:lambda$new$0(46)) - omNode-2@group-523986131536->omNode-1: nextIndex: updateUnconditionally 22 -> 16
2021-10-05 01:16:16,658 [grpc-default-executor-2] INFO  server.RaftServer$Division (RaftServerImpl.java:checkInconsistentAppendEntries(1319)) - omNode-1@group-523986131536: Failed appendEntries as previous log entry ((t:4, i:21)) is not found
2021-10-05 01:16:16,659 [grpc-default-executor-2] INFO  server.RaftServer$Division (RaftServerImpl.java:checkInconsistentAppendEntries(1285)) - omNode-1@group-523986131536: inconsistency entries. Reply:omNode-2<-omNode-1#11767:FAIL-t4,INCONSISTENCY,nextIndex=16,followerCommit=15
2021-10-05 01:16:16,659 [grpc-default-executor-2] INFO  leader.FollowerInfo (FollowerInfoImpl.java:lambda$new$0(46)) - omNode-2@group-523986131536->omNode-1: nextIndex: updateUnconditionally 22 -> 16
2021-10-05 01:16:17,160 [grpc-default-executor-2] INFO  server.RaftServer$Division (RaftServerImpl.java:checkInconsistentAppendEntries(1319)) - omNode-1@group-523986131536: Failed appendEntries as previous log entry ((t:4, i:21)) is not found
2021-10-05 01:16:17,160 [grpc-default-executor-2] INFO  server.RaftServer$Division (RaftServerImpl.java:checkInconsistentAppendEntries(1285)) - omNode-1@group-523986131536: inconsistency entries. Reply:omNode-2<-omNode-1#11818:FAIL-t4,INCONSISTENCY,nextIndex=16,followerCommit=15
2021-10-05 01:16:17,161 [grpc-default-executor-2] INFO  leader.FollowerInfo (FollowerInfoImpl.java:lambda$new$0(46)) - omNode-2@group-523986131536->omNode-1: nextIndex: updateUnconditionally 22 -> 16
2021-10-05 01:16:17,662 [grpc-default-executor-2] INFO  server.RaftServer$Division (RaftServerImpl.java:checkInconsistentAppendEntries(1319)) - omNode-1@group-523986131536: Failed appendEntries as previous log entry ((t:4, i:21)) is not found
2021-10-05 01:16:17,662 [grpc-default-executor-2] INFO  server.RaftServer$Division (RaftServerImpl.java:checkInconsistentAppendEntries(1285)) - omNode-1@group-523986131536: inconsistency entries. Reply:omNode-2<-omNode-1#11869:FAIL-t4,INCONSISTENCY,nextIndex=16,followerCommit=15
2021-10-05 01:16:17,662 [grpc-default-executor-2] INFO  leader.FollowerInfo (FollowerInfoImpl.java:lambda$new$0(46)) - omNode-2@group-523986131536->omNode-1: nextIndex: updateUnconditionally 22 -> 16
2021-10-05 01:16:18,163 [grpc-default-executor-2] INFO  server.RaftServer$Division (RaftServerImpl.java:checkInconsistentAppendEntries(1319)) - omNode-1@group-523986131536: Failed appendEntries as previous log entry ((t:4, i:21)) is not found
2021-10-05 01:16:18,164 [grpc-default-executor-2] INFO  server.RaftServer$Division (RaftServerImpl.java:checkInconsistentAppendEntries(1285)) - omNode-1@group-523986131536: inconsistency entries. Reply:omNode-2<-omNode-1#11920:FAIL-t4,INCONSISTENCY,nextIndex=16,followerCommit=15
2021-10-05 01:16:18,164 [grpc-default-executor-2] INFO  leader.FollowerInfo (FollowerInfoImpl.java:lambda$new$0(46)) - omNode-2@group-523986131536->omNode-1: nextIndex: updateUnconditionally 22 -> 16
2021-10-05 01:16:18,665 [grpc-default-executor-2] INFO  server.RaftServer$Division (RaftServerImpl.java:checkInconsistentAppendEntries(1319)) - omNode-1@group-523986131536: Failed appendEntries as previous log entry ((t:4, i:21)) is not found
2021-10-05 01:16:18,665 [grpc-default-executor-2] INFO  server.RaftServer$Division (RaftServerImpl.java:checkInconsistentAppendEntries(1285)) - omNode-1@group-523986131536: inconsistency entries. Reply:omNode-2<-omNode-1#11971:FAIL-t4,INCONSISTENCY,nextIndex=16,followerCommit=15
2021-10-05 01:16:18,666 [grpc-default-executor-2] INFO  leader.FollowerInfo (FollowerInfoImpl.java:lambda$new$0(46)) - omNode-2@group-523986131536->omNode-1: nextIndex: updateUnconditionally 22 -> 16
2021-10-05 01:16:19,167 [grpc-default-executor-2] INFO  server.RaftServer$Division (RaftServerImpl.java:checkInconsistentAppendEntries(1319)) - omNode-1@group-523986131536: Failed appendEntries as previous log entry ((t:4, i:21)) is not found
2021-10-05 01:16:19,168 [grpc-default-executor-2] INFO  server.RaftServer$Division (RaftServerImpl.java:checkInconsistentAppendEntries(1285)) - omNode-1@group-523986131536: inconsistency entries. Reply:omNode-2<-omNode-1#12022:FAIL-t4,INCONSISTENCY,nextIndex=16,followerCommit=15
2021-10-05 01:16:19,168 [grpc-default-executor-2] INFO  leader.FollowerInfo (FollowerInfoImpl.java:lambda$new$0(46)) - omNode-2@group-523986131536->omNode-1: nextIndex: updateUnconditionally 22 -> 16
2021-10-05 01:16:19,670 [grpc-default-executor-2] INFO  server.RaftServer$Division (RaftServerImpl.java:checkInconsistentAppendEntries(1319)) - omNode-1@group-523986131536: Failed appendEntries as previous log entry ((t:4, i:21)) is not found
2021-10-05 01:16:19,670 [grpc-default-executor-2] INFO  server.RaftServer$Division (RaftServerImpl.java:checkInconsistentAppendEntries(1285)) - omNode-1@group-523986131536: inconsistency entries. Reply:omNode-2<-omNode-1#12073:FAIL-t4,INCONSISTENCY,nextIndex=16,followerCommit=15
2021-10-05 01:16:19,670 [grpc-default-executor-2] INFO  leader.FollowerInfo (FollowerInfoImpl.java:lambda$new$0(46)) - omNode-2@group-523986131536->omNode-1: nextIndex: updateUnconditionally 22 -> 16
2021-10-05 01:16:20,172 [grpc-default-executor-2] INFO  server.RaftServer$Division (RaftServerImpl.java:checkInconsistentAppendEntries(1319)) - omNode-1@group-523986131536: Failed appendEntries as previous log entry ((t:4, i:21)) is not found
2021-10-05 01:16:20,172 [grpc-default-executor-2] INFO  server.RaftServer$Division (RaftServerImpl.java:checkInconsistentAppendEntries(1285)) - omNode-1@group-523986131536: inconsistency entries. Reply:omNode-2<-omNode-1#12124:FAIL-t4,INCONSISTENCY,nextIndex=16,followerCommit=15
2021-10-05 01:16:20,173 [grpc-default-executor-2] INFO  leader.FollowerInfo (FollowerInfoImpl.java:lambda$new$0(46)) - omNode-2@group-523986131536->omNode-1: nextIndex: updateUnconditionally 22 -> 16
2021-10-05 01:16:20,674 [grpc-default-executor-0] INFO  server.RaftServer$Division (RaftServerImpl.java:checkInconsistentAppendEntries(1319)) - omNode-1@group-523986131536: Failed appendEntries as previous log entry ((t:4, i:21)) is not found
2021-10-05 01:16:20,674 [grpc-default-executor-0] INFO  server.RaftServer$Division (RaftServerImpl.java:checkInconsistentAppendEntries(1285)) - omNode-1@group-523986131536: inconsistency entries. Reply:omNode-2<-omNode-1#12175:FAIL-t4,INCONSISTENCY,nextIndex=16,followerCommit=15
2021-10-05 01:16:20,675 [grpc-default-executor-0] INFO  leader.FollowerInfo (FollowerInfoImpl.java:lambda$new$0(46)) - omNode-2@group-523986131536->omNode-1: nextIndex: updateUnconditionally 22 -> 16
2021-10-05 01:16:21,176 [grpc-default-executor-0] INFO  server.RaftServer$Division (RaftServerImpl.java:checkInconsistentAppendEntries(1319)) - omNode-1@group-523986131536: Failed appendEntries as previous log entry ((t:4, i:21)) is not found
2021-10-05 01:16:21,176 [grpc-default-executor-0] INFO  server.RaftServer$Division (RaftServerImpl.java:checkInconsistentAppendEntries(1285)) - omNode-1@group-523986131536: inconsistency entries. Reply:omNode-2<-omNode-1#12226:FAIL-t4,INCONSISTENCY,nextIndex=16,followerCommit=15
2021-10-05 01:16:21,176 [grpc-default-executor-0] INFO  leader.FollowerInfo (FollowerInfoImpl.java:lambda$new$0(46)) - omNode-2@group-523986131536->omNode-1: nextIndex: updateUnconditionally 22 -> 16
2021-10-05 01:16:21,557 [Time-limited test] INFO  om.OzoneManager (OzoneManager.java:stop(1644)) - Stopping Ozone Manager
2021-10-05 01:16:21,558 [Time-limited test] INFO  ipc.Server (Server.java:stop(3414)) - Stopping server on 10888
2021-10-05 01:16:21,564 [IPC Server listener on 10888] INFO  ipc.Server (Server.java:run(1376)) - Stopping IPC Server listener on 10888
2021-10-05 01:16:21,565 [IPC Server Responder] INFO  ipc.Server (Server.java:run(1512)) - Stopping IPC Server Responder
2021-10-05 01:16:21,565 [Time-limited test] INFO  server.RaftServer (RaftServerProxy.java:lambda$close$6(391)) - omNode-3: close
2021-10-05 01:16:21,566 [Time-limited test] INFO  server.RaftServer$Division (RaftServerImpl.java:lambda$close$4(407)) - omNode-3@group-523986131536: shutdown
2021-10-05 01:16:21,566 [Time-limited test] INFO  util.JmxRegister (JmxRegister.java:unregister(73)) - Successfully un-registered JMX Bean with object name Ratis:service=RaftServer,group=group-523986131536,id=omNode-3
2021-10-05 01:16:21,566 [Time-limited test] INFO  impl.RoleInfo (RoleInfo.java:shutdownFollowerState(108)) - omNode-3: shutdown omNode-3@group-523986131536-FollowerState
2021-10-05 01:16:21,566 [omNode-3@group-523986131536-FollowerState] INFO  impl.FollowerState (FollowerState.java:run(143)) - omNode-3@group-523986131536-FollowerState was interrupted: {}
java.lang.InterruptedException: sleep interrupted
	at java.lang.Thread.sleep(Native Method)
	at java.lang.Thread.sleep(Thread.java:340)
	at java.util.concurrent.TimeUnit.sleep(TimeUnit.java:386)
	at org.apache.ratis.util.TimeDuration.sleep(TimeDuration.java:324)
	at org.apache.ratis.util.TimeDuration.sleep(TimeDuration.java:309)
	at org.apache.ratis.server.impl.FollowerState.run(FollowerState.java:118)
2021-10-05 01:16:21,566 [omNode-3@group-523986131536-StateMachineUpdater] INFO  ratis.OzoneManagerStateMachine (OzoneManagerStateMachine.java:takeSnapshot(417)) - Current Snapshot Index (t:4, i:21)
2021-10-05 01:16:21,567 [omNode-3@group-523986131536-StateMachineUpdater] INFO  impl.StateMachineUpdater (StateMachineUpdater.java:takeSnapshot(281)) - omNode-3@group-523986131536-StateMachineUpdater: Took a snapshot at index 21
2021-10-05 01:16:21,567 [omNode-3@group-523986131536-StateMachineUpdater] INFO  impl.StateMachineUpdater (StateMachineUpdater.java:lambda$new$0(89)) - omNode-3@group-523986131536-StateMachineUpdater: snapshotIndex: updateIncreasingly 15 -> 21
2021-10-05 01:16:21,567 [omNode-3@group-523986131536-StateMachineUpdater] INFO  ratis.OzoneManagerStateMachine (OzoneManagerStateMachine.java:close(471)) - StateMachine has shutdown. Shutdown OzoneManager if not already shutdown.
2021-10-05 01:16:21,567 [Time-limited test] INFO  impl.StateMachineUpdater (StateMachineUpdater.java:stopAndJoin(149)) - omNode-3@group-523986131536-StateMachineUpdater: set stopIndex = 21
2021-10-05 01:16:21,567 [Time-limited test] INFO  server.RaftServer$Division (ServerState.java:close(419)) - omNode-3@group-523986131536: closes. applyIndex: 21
2021-10-05 01:16:21,569 [omNode-3@group-523986131536-SegmentedRaftLogWorker] INFO  segmented.SegmentedRaftLogWorker (SegmentedRaftLogWorker.java:run(327)) - omNode-3@group-523986131536-SegmentedRaftLogWorker was interrupted, exiting. There are 0 tasks remaining in the queue.
2021-10-05 01:16:21,570 [Time-limited test] INFO  segmented.SegmentedRaftLogWorker (SegmentedRaftLogWorker.java:close(237)) - omNode-3@group-523986131536-SegmentedRaftLogWorker close()
2021-10-05 01:16:21,571 [Time-limited test] INFO  server.GrpcService (GrpcService.java:closeImpl(262)) - omNode-3: shutdown server with port 10892 now
2021-10-05 01:16:21,573 [grpc-default-executor-2] WARN  server.GrpcServerProtocolService (LogUtils.java:warn(122)) - omNode-3: installSnapshot onError, lastRequest: omNode-2->omNode-3#58-t4,previous=(t:4, i:20),leaderCommit=20,initializing? true,entries: size=1, first=(t:4, i:21), METADATAENTRY(c:20): org.apache.ratis.thirdparty.io.grpc.StatusRuntimeException: CANCELLED: client cancelled
2021-10-05 01:16:21,577 [Time-limited test] INFO  server.GrpcService (GrpcService.java:closeImpl(271)) - omNode-3: shutdown server with port 10892 successfully
2021-10-05 01:16:21,590 [org.apache.ratis.util.JvmPauseMonitor$$Lambda$523/848064357@6d3da936] INFO  util.JvmPauseMonitor (JvmPauseMonitor.java:run(109)) - JvmPauseMonitor-omNode-3: Stopped
2021-10-05 01:16:21,590 [grpc-default-executor-6] WARN  server.GrpcLogAppender (LogUtils.java:warn(122)) - omNode-2@group-523986131536->omNode-3-AppendLogResponseHandler: Failed appendEntries: org.apache.ratis.thirdparty.io.grpc.StatusRuntimeException: CANCELLED: HTTP/2 error code: CANCEL
Received Rst Stream
2021-10-05 01:16:21,591 [grpc-default-executor-6] INFO  leader.FollowerInfo (FollowerInfoImpl.java:lambda$new$0(46)) - omNode-2@group-523986131536->omNode-3: nextIndex: updateUnconditionally 22 -> 21
2021-10-05 01:16:21,595 [Time-limited test] INFO  ratis.OzoneManagerDoubleBuffer (OzoneManagerDoubleBuffer.java:stop(437)) - Stopping OMDoubleBuffer flush thread
2021-10-05 01:16:21,596 [OMDoubleBufferFlushThread] INFO  ratis.OzoneManagerDoubleBuffer (OzoneManagerDoubleBuffer.java:flushTransactions(356)) - OMDoubleBuffer flush thread OMDoubleBufferFlushThread is interrupted and will exit. OMDoubleBufferFlushThread
2021-10-05 01:16:21,600 [grpc-default-executor-2] WARN  server.GrpcLogAppender (LogUtils.java:warn(122)) - omNode-2@group-523986131536->omNode-3-AppendLogResponseHandler: Failed appendEntries: org.apache.ratis.thirdparty.io.grpc.StatusRuntimeException: UNAVAILABLE: io exception
2021-10-05 01:16:21,603 [Time-limited test] INFO  handler.ContextHandler (ContextHandler.java:doStop(1153)) - Stopped o.e.j.w.WebAppContext@2e7967b8{ozoneManager,/,null,STOPPED}{file:/home/runner/work/ozone/ozone/hadoop-ozone/integration-test/target/test-classes/webapps/ozoneManager}
2021-10-05 01:16:21,604 [grpc-default-executor-2] INFO  leader.FollowerInfo (FollowerInfoImpl.java:lambda$new$0(46)) - omNode-2@group-523986131536->omNode-3: nextIndex: updateUnconditionally 22 -> 21
2021-10-05 01:16:21,604 [Time-limited test] INFO  server.AbstractConnector (AbstractConnector.java:doStop(381)) - Stopped ServerConnector@11a2058a{HTTP/1.1, (http/1.1)}{0.0.0.0:10890}
2021-10-05 01:16:21,604 [Time-limited test] INFO  server.session (HouseKeeper.java:stopScavenging(149)) - node0 Stopped scavenging
2021-10-05 01:16:21,607 [Time-limited test] INFO  handler.ContextHandler (ContextHandler.java:doStop(1153)) - Stopped o.e.j.s.ServletContextHandler@44330dd2{static,/static,file:///home/runner/work/ozone/ozone/hadoop-ozone/integration-test/target/test-classes/webapps/static,STOPPED}
2021-10-05 01:16:21,608 [Time-limited test] INFO  handler.ContextHandler (ContextHandler.java:doStop(1153)) - Stopped o.e.j.s.ServletContextHandler@676b22e5{logs,/logs,file:///home/runner/work/ozone/ozone/hadoop-ozone/integration-test/target/log,STOPPED}
2021-10-05 01:16:21,614 [Time-limited test] INFO  om.OzoneManager (OzoneManager.java:initFSOLayout(4333)) - Configured ozone.om.metadata.layout=SIMPLE and disabled optimized OM FS operations
2021-10-05 01:16:21,614 [Time-limited test] INFO  om.OzoneManager (OzoneManager.java:restart(1365)) - OzoneManager RPC server is listening at localhost/127.0.0.1:10888
2021-10-05 01:16:21,615 [Time-limited test] INFO  impl.MetricsSystemImpl (MetricsSystemImpl.java:init(158)) - OzoneManager metrics system started (again)
2021-10-05 01:16:21,629 [Time-limited test] WARN  server.ServerUtils (ServerUtils.java:getDBPath(225)) - ozone.om.db.dirs is not configured. We recommend adding this setting. Falling back to ozone.metadata.dirs instead.
2021-10-05 01:16:21,631 [Time-limited test] INFO  codec.OmKeyInfoCodec (OmKeyInfoCodec.java:<init>(51)) - OmKeyInfoCodec ignorePipeline = true
2021-10-05 01:16:21,631 [Time-limited test] INFO  codec.RepeatedOmKeyInfoCodec (RepeatedOmKeyInfoCodec.java:<init>(42)) - RepeatedOmKeyInfoCodec ignorePipeline = true
2021-10-05 01:16:21,678 [grpc-default-executor-2] INFO  server.RaftServer$Division (RaftServerImpl.java:checkInconsistentAppendEntries(1319)) - omNode-1@group-523986131536: Failed appendEntries as previous log entry ((t:4, i:21)) is not found
2021-10-05 01:16:21,678 [grpc-default-executor-2] INFO  server.RaftServer$Division (RaftServerImpl.java:checkInconsistentAppendEntries(1285)) - omNode-1@group-523986131536: inconsistency entries. Reply:omNode-2<-omNode-1#12275:FAIL-t4,INCONSISTENCY,nextIndex=16,followerCommit=15
2021-10-05 01:16:21,679 [grpc-default-executor-2] INFO  leader.FollowerInfo (FollowerInfoImpl.java:lambda$new$0(46)) - omNode-2@group-523986131536->omNode-1: nextIndex: updateUnconditionally 22 -> 16
2021-10-05 01:16:21,685 [Time-limited test] WARN  impl.MetricRegistriesImpl (MetricRegistriesImpl.java:addReporterRegistration(111)) - New reporters are added after registries were created. Some metrics will be missing from the reporter. Please add reporter before adding any new registry.
2021-10-05 01:16:21,685 [Time-limited test] WARN  impl.MetricRegistriesImpl (MetricRegistriesImpl.java:addReporterRegistration(111)) - New reporters are added after registries were created. Some metrics will be missing from the reporter. Please add reporter before adding any new registry.
2021-10-05 01:16:21,685 [Time-limited test] WARN  server.ServerUtils (ServerUtils.java:getDefaultRatisDirectory(237)) - Storage directory for Ratis is not configured. It is a good idea to map this to an SSD disk. Falling back to ozone.metadata.dirs
2021-10-05 01:16:21,687 [Time-limited test] INFO  ratis.OzoneManagerRatisServer (OzoneManagerRatisServer.java:<init>(158)) - Instantiating OM Ratis server with groupID: om-service-test1 and peers: localhost:10892, localhost:10880, localhost:10886
2021-10-05 01:16:21,687 [Time-limited test] INFO  ratis.OzoneManagerStateMachine (OzoneManagerStateMachine.java:loadSnapshotInfoFromDB(605)) - LastAppliedIndex is set from TransactionInfo from OM DB as (t:4, i:21)
2021-10-05 01:16:21,687 [Time-limited test] INFO  server.RaftServer (ConfUtils.java:logGet(44)) - raft.rpc.type = GRPC (default)
2021-10-05 01:16:21,687 [Time-limited test] INFO  grpc.GrpcFactory (GrpcFactory.java:checkPooledByteBufAllocatorUseCacheForAllThreads(48)) - PERFORMANCE WARNING: useCacheForAllThreads is true that may cause Netty to create a lot garbage objects and, as a result, trigger GC.
	It is recommended to disable useCacheForAllThreads by setting -Dorg.apache.ratis.thirdparty.io.netty.allocator.useCacheForAllThreads=false in command line.
2021-10-05 01:16:21,687 [Time-limited test] INFO  grpc.GrpcConfigKeys (ConfUtils.java:logGet(44)) - raft.grpc.admin.port = -1 (default)
2021-10-05 01:16:21,687 [Time-limited test] INFO  grpc.GrpcConfigKeys (ConfUtils.java:logGet(44)) - raft.grpc.server.port = 10892 (custom)
2021-10-05 01:16:21,688 [Time-limited test] INFO  grpc.GrpcConfigKeys (ConfUtils.java:logGet(44)) - raft.grpc.client.port = -1 (default)
2021-10-05 01:16:21,688 [Time-limited test] INFO  grpc.GrpcConfigKeys (ConfUtils.java:logGet(44)) - raft.grpc.server.port = 10892 (custom)
2021-10-05 01:16:21,688 [Time-limited test] INFO  grpc.GrpcConfigKeys (ConfUtils.java:logGet(44)) - raft.grpc.server.port = 10892 (custom)
2021-10-05 01:16:21,688 [Time-limited test] INFO  server.GrpcService (ConfUtils.java:logGet(44)) - raft.grpc.message.size.max = 33554432 (custom)
2021-10-05 01:16:21,688 [Time-limited test] INFO  server.RaftServerConfigKeys (ConfUtils.java:logGet(44)) - raft.server.log.appender.buffer.byte-limit = 33554432 (custom)
2021-10-05 01:16:21,688 [Time-limited test] INFO  server.GrpcService (ConfUtils.java:logGet(44)) - raft.grpc.flow.control.window = 1MB (=1048576) (default)
2021-10-05 01:16:21,688 [Time-limited test] INFO  server.RaftServerConfigKeys (ConfUtils.java:logGet(44)) - raft.server.rpc.request.timeout = 3000ms (default)
2021-10-05 01:16:21,690 [Time-limited test] INFO  impl.DataStreamServerImpl (ConfUtils.java:logGet(44)) - raft.datastream.type = DISABLED (default)
2021-10-05 01:16:21,690 [Time-limited test] INFO  server.RaftServerConfigKeys (ConfUtils.java:logGet(44)) - raft.server.rpc.slowness.timeout = 2s (custom)
2021-10-05 01:16:21,690 [Time-limited test] INFO  server.RaftServerConfigKeys (ConfUtils.java:logGet(44)) - raft.server.leaderelection.leader.step-down.wait-time = 10s (default)
2021-10-05 01:16:21,690 [Time-limited test] INFO  server.RaftServerConfigKeys (ConfUtils.java:logGet(44)) - raft.server.storage.dir = [/home/runner/work/ozone/ozone/hadoop-ozone/integration-test/target/test-dir/MiniOzoneClusterImpl-46302e84-7680-4986-b584-895fe31d4053/omNode-3/ratis] (custom)
2021-10-05 01:16:21,690 [Time-limited test] INFO  server.RaftServer (RaftServerProxy.java:lambda$null$1(235)) - omNode-3: found a subdirectory /home/runner/work/ozone/ozone/hadoop-ozone/integration-test/target/test-dir/MiniOzoneClusterImpl-46302e84-7680-4986-b584-895fe31d4053/omNode-3/ratis/c9bc4cf4-3bc3-3c60-a66b-523986131536
2021-10-05 01:16:21,690 [Time-limited test] INFO  server.RaftServer (RaftServerProxy.java:addNew(95)) - omNode-3: addNew group-523986131536:[omNode-3|rpc:localhost:10892|priority:0, omNode-1|rpc:localhost:10880|priority:0, omNode-2|rpc:localhost:10886|priority:0] returns group-523986131536:java.util.concurrent.CompletableFuture@7c8b3327[Not completed]
2021-10-05 01:16:21,691 [Time-limited test] INFO  om.OzoneManager (OzoneManager.java:initializeRatisServer(1585)) - OzoneManager Ratis server initialized at port 10892
2021-10-05 01:16:21,691 [Time-limited test] INFO  ratis.OzoneManagerRatisServer (OzoneManagerRatisServer.java:start(516)) - Starting OzoneManagerRatisServer omNode-3 at port 10892
2021-10-05 01:16:21,691 [pool-231-thread-1] INFO  server.RaftServer$Division (RaftServerImpl.java:<init>(181)) - omNode-3: new RaftServerImpl for group-523986131536:[omNode-3|rpc:localhost:10892|priority:0, omNode-1|rpc:localhost:10880|priority:0, omNode-2|rpc:localhost:10886|priority:0] with OzoneManagerStateMachine:uninitialized
2021-10-05 01:16:21,692 [pool-231-thread-1] INFO  server.RaftServerConfigKeys (ConfUtils.java:logGet(44)) - raft.server.rpc.timeout.min = 1s (custom)
2021-10-05 01:16:21,692 [pool-231-thread-1] INFO  server.RaftServerConfigKeys (ConfUtils.java:logGet(44)) - raft.server.rpc.timeout.max = 1200ms (custom)
2021-10-05 01:16:21,692 [pool-231-thread-1] INFO  server.RaftServerConfigKeys (ConfUtils.java:logGet(44)) - raft.server.rpc.sleep.time = 25ms (default)
2021-10-05 01:16:21,692 [pool-231-thread-1] INFO  server.RaftServerConfigKeys (ConfUtils.java:logGet(44)) - raft.server.rpc.slowness.timeout = 2s (custom)
2021-10-05 01:16:21,692 [pool-231-thread-1] INFO  server.RaftServerConfigKeys (ConfUtils.java:logGet(44)) - raft.server.leaderelection.leader.step-down.wait-time = 10s (default)
2021-10-05 01:16:21,692 [pool-231-thread-1] INFO  server.RaftServerConfigKeys (ConfUtils.java:logGet(44)) - raft.server.sleep.deviation.threshold = 300ms (default)
2021-10-05 01:16:21,692 [pool-231-thread-1] INFO  server.RaftServerConfigKeys (ConfUtils.java:logGet(44)) - raft.server.log.appender.install.snapshot.enabled = false (custom)
2021-10-05 01:16:21,692 [pool-231-thread-1] INFO  server.RaftServer$Division (ServerState.java:<init>(105)) - omNode-3@group-523986131536: ConfigurationManager, init=-1: [omNode-3|rpc:localhost:10892|priority:0, omNode-1|rpc:localhost:10880|priority:0, omNode-2|rpc:localhost:10886|priority:0], old=null, confs=<EMPTY_MAP>
2021-10-05 01:16:21,692 [pool-231-thread-1] INFO  server.RaftServerConfigKeys (ConfUtils.java:logGet(44)) - raft.server.storage.dir = [/home/runner/work/ozone/ozone/hadoop-ozone/integration-test/target/test-dir/MiniOzoneClusterImpl-46302e84-7680-4986-b584-895fe31d4053/omNode-3/ratis] (custom)
2021-10-05 01:16:21,692 [pool-231-thread-1] INFO  server.RaftServerConfigKeys (ConfUtils.java:logGet(44)) - raft.server.log.corruption.policy = EXCEPTION (default)
2021-10-05 01:16:21,692 [pool-231-thread-1] INFO  server.RaftServerConfigKeys (ConfUtils.java:logGet(44)) - raft.server.storage.free-space.min = 0MB (=0) (default)
2021-10-05 01:16:21,694 [pool-231-thread-1] INFO  storage.RaftStorageDirectory (RaftStorageDirectoryImpl.java:tryLock(230)) - Lock on /home/runner/work/ozone/ozone/hadoop-ozone/integration-test/target/test-dir/MiniOzoneClusterImpl-46302e84-7680-4986-b584-895fe31d4053/omNode-3/ratis/c9bc4cf4-3bc3-3c60-a66b-523986131536/in_use.lock acquired by nodename 8677@fv-az50-768
2021-10-05 01:16:21,694 [pool-231-thread-1] INFO  storage.RaftStorage (RaftStorageImpl.java:analyzeAndRecoverStorage(110)) - Read RaftStorageMetadata{term=4, votedFor=omNode-2} from /home/runner/work/ozone/ozone/hadoop-ozone/integration-test/target/test-dir/MiniOzoneClusterImpl-46302e84-7680-4986-b584-895fe31d4053/omNode-3/ratis/c9bc4cf4-3bc3-3c60-a66b-523986131536/current/raft-meta
2021-10-05 01:16:21,694 [pool-231-thread-1] INFO  server.RaftServer$Division (ServerState.java:setRaftConf(387)) - omNode-3@group-523986131536: set configuration 18: [omNode-3|rpc:localhost:10892|admin:|client:|dataStream:|priority:0, omNode-1|rpc:localhost:10880|admin:|client:|dataStream:|priority:0, omNode-2|rpc:localhost:10886|admin:|client:|dataStream:|priority:0], old=null
2021-10-05 01:16:21,695 [pool-231-thread-1] INFO  server.RaftServerConfigKeys (ConfUtils.java:logGet(44)) - raft.server.notification.no-leader.timeout = 2s (custom)
2021-10-05 01:16:21,695 [pool-231-thread-1] INFO  server.RaftServerConfigKeys (ConfUtils.java:logGet(44)) - raft.server.log.use.memory = false (default)
2021-10-05 01:16:21,695 [pool-231-thread-1] INFO  server.RaftServerConfigKeys (ConfUtils.java:logGet(44)) - raft.server.log.purge.gap = 50 (custom)
2021-10-05 01:16:21,695 [pool-231-thread-1] INFO  server.RaftServerConfigKeys (ConfUtils.java:logGet(44)) - raft.server.log.appender.buffer.byte-limit = 33554432 (custom)
2021-10-05 01:16:21,695 [pool-231-thread-1] INFO  server.RaftServerConfigKeys (ConfUtils.java:logGet(44)) - raft.server.log.segment.size.max = 4194304 (custom)
2021-10-05 01:16:21,696 [pool-231-thread-1] INFO  server.RaftServerConfigKeys (ConfUtils.java:logGet(44)) - raft.server.log.segment.cache.num.max = 2 (custom)
2021-10-05 01:16:21,696 [pool-231-thread-1] INFO  server.RaftServerConfigKeys (ConfUtils.java:logGet(44)) - raft.server.log.segment.cache.size.max = 200MB (=209715200) (default)
2021-10-05 01:16:21,696 [pool-231-thread-1] INFO  segmented.SegmentedRaftLogWorker (SegmentedRaftLogWorker.java:<init>(182)) - new omNode-3@group-523986131536-SegmentedRaftLogWorker for RaftStorageImpl:Storage Directory /home/runner/work/ozone/ozone/hadoop-ozone/integration-test/target/test-dir/MiniOzoneClusterImpl-46302e84-7680-4986-b584-895fe31d4053/omNode-3/ratis/c9bc4cf4-3bc3-3c60-a66b-523986131536
2021-10-05 01:16:21,696 [pool-231-thread-1] INFO  server.RaftServerConfigKeys (ConfUtils.java:logGet(44)) - raft.server.log.queue.byte-limit = 64MB (=67108864) (default)
2021-10-05 01:16:21,696 [pool-231-thread-1] INFO  server.RaftServerConfigKeys (ConfUtils.java:logGet(44)) - raft.server.log.queue.element-limit = 4096 (default)
2021-10-05 01:16:21,696 [pool-231-thread-1] INFO  server.RaftServerConfigKeys (ConfUtils.java:logGet(44)) - raft.server.log.segment.size.max = 4194304 (custom)
2021-10-05 01:16:21,696 [pool-231-thread-1] INFO  server.RaftServerConfigKeys (ConfUtils.java:logGet(44)) - raft.server.log.preallocated.size = 4194304 (custom)
2021-10-05 01:16:21,697 [pool-231-thread-1] INFO  server.RaftServerConfigKeys (ConfUtils.java:logGet(44)) - raft.server.log.force.sync.num = 128 (default)
2021-10-05 01:16:21,697 [pool-231-thread-1] INFO  server.RaftServerConfigKeys (ConfUtils.java:logGet(44)) - raft.server.log.statemachine.data.sync = true (default)
2021-10-05 01:16:21,697 [pool-231-thread-1] INFO  server.RaftServerConfigKeys (ConfUtils.java:logGet(44)) - raft.server.log.statemachine.data.sync.timeout = 10s (default)
2021-10-05 01:16:21,697 [pool-231-thread-1] INFO  server.RaftServerConfigKeys (ConfUtils.java:logGet(44)) - raft.server.log.statemachine.data.sync.timeout.retry = -1 (default)
2021-10-05 01:16:21,698 [pool-231-thread-1] INFO  server.RaftServerConfigKeys (ConfUtils.java:logGet(44)) - raft.server.log.write.buffer.size = 64KB (=65536) (default)
2021-10-05 01:16:21,698 [pool-231-thread-1] INFO  server.RaftServerConfigKeys (ConfUtils.java:logGet(44)) - raft.server.log.statemachine.data.caching.enabled = false (default)
2021-10-05 01:16:21,700 [pool-231-thread-1] INFO  server.RaftServer$Division (ServerState.java:setRaftConf(387)) - omNode-3@group-523986131536: set configuration 16: [omNode-3|rpc:localhost:10892|admin:|client:|dataStream:|priority:0, omNode-1|rpc:localhost:10880|admin:|client:|dataStream:|priority:0, omNode-2|rpc:localhost:10886|admin:|client:|dataStream:|priority:0], old=null
2021-10-05 01:16:21,700 [pool-231-thread-1] INFO  segmented.LogSegment (LogSegment.java:loadSegment(173)) - Successfully read 2 entries from segment file /home/runner/work/ozone/ozone/hadoop-ozone/integration-test/target/test-dir/MiniOzoneClusterImpl-46302e84-7680-4986-b584-895fe31d4053/omNode-3/ratis/c9bc4cf4-3bc3-3c60-a66b-523986131536/current/log_16-17
2021-10-05 01:16:21,700 [pool-231-thread-1] INFO  server.RaftServer$Division (ServerState.java:setRaftConf(387)) - omNode-3@group-523986131536: set configuration 18: [omNode-3|rpc:localhost:10892|admin:|client:|dataStream:|priority:0, omNode-1|rpc:localhost:10880|admin:|client:|dataStream:|priority:0, omNode-2|rpc:localhost:10886|admin:|client:|dataStream:|priority:0], old=null
2021-10-05 01:16:21,700 [pool-231-thread-1] INFO  segmented.LogSegment (LogSegment.java:loadSegment(173)) - Successfully read 4 entries from segment file /home/runner/work/ozone/ozone/hadoop-ozone/integration-test/target/test-dir/MiniOzoneClusterImpl-46302e84-7680-4986-b584-895fe31d4053/omNode-3/ratis/c9bc4cf4-3bc3-3c60-a66b-523986131536/current/log_inprogress_18
2021-10-05 01:16:21,700 [pool-231-thread-1] INFO  segmented.SegmentedRaftLogWorker (SegmentedRaftLogWorker.java:lambda$new$0(133)) - omNode-3@group-523986131536-SegmentedRaftLogWorker: flushIndex: setUnconditionally 0 -> 21
2021-10-05 01:16:21,700 [pool-231-thread-1] INFO  segmented.SegmentedRaftLogWorker (SegmentedRaftLogWorker.java:lambda$new$0(133)) - omNode-3@group-523986131536-SegmentedRaftLogWorker: safeCacheEvictIndex: setUnconditionally 0 -> 17
2021-10-05 01:16:21,701 [pool-231-thread-1] INFO  raftlog.RaftLog (RaftLogBase.java:lambda$new$0(53)) - omNode-3@group-523986131536-SegmentedRaftLog: commitIndex: updateToMax old=21, new=20, updated? false
2021-10-05 01:16:21,701 [pool-231-thread-1] INFO  raftlog.RaftLog (RaftLogBase.java:lambda$new$0(53)) - omNode-3@group-523986131536-SegmentedRaftLog: purgeIndex: updateIncreasingly -1 -> 15
2021-10-05 01:16:21,701 [pool-231-thread-1] INFO  server.RaftServerConfigKeys (ConfUtils.java:logGet(44)) - raft.server.snapshot.auto.trigger.enabled = true (custom)
2021-10-05 01:16:21,701 [pool-231-thread-1] INFO  server.RaftServerConfigKeys (ConfUtils.java:logGet(44)) - raft.server.snapshot.auto.trigger.threshold = 50 (custom)
2021-10-05 01:16:21,701 [pool-231-thread-1] INFO  server.RaftServerConfigKeys (ConfUtils.java:logGet(44)) - raft.server.snapshot.retention.file.num = -1 (default)
2021-10-05 01:16:21,701 [pool-231-thread-1] INFO  server.RaftServerConfigKeys (ConfUtils.java:logGet(44)) - raft.server.log.purge.upto.snapshot.index = true (custom)
2021-10-05 01:16:21,701 [pool-231-thread-1] INFO  server.RaftServerConfigKeys (ConfUtils.java:logGet(44)) - raft.server.retrycache.expirytime = 30000ms (custom)
2021-10-05 01:16:21,701 [pool-231-thread-1] INFO  server.RaftServerConfigKeys (ConfUtils.java:logGet(44)) - raft.server.retrycache.statistics.expirytime = 100μs (default)
2021-10-05 01:16:21,702 [Time-limited test] INFO  server.RaftServer$Division (RaftServerImpl.java:start(296)) - omNode-3@group-523986131536: start as a follower, conf=18: [omNode-3|rpc:localhost:10892|admin:|client:|dataStream:|priority:0, omNode-1|rpc:localhost:10880|admin:|client:|dataStream:|priority:0, omNode-2|rpc:localhost:10886|admin:|client:|dataStream:|priority:0], old=null
2021-10-05 01:16:21,703 [Time-limited test] INFO  server.RaftServer$Division (RaftServerImpl.java:setRole(285)) - omNode-3@group-523986131536: changes role from      null to FOLLOWER at term 4 for startAsFollower
2021-10-05 01:16:21,703 [Time-limited test] INFO  impl.RoleInfo (RoleInfo.java:updateAndGet(130)) - omNode-3: start omNode-3@group-523986131536-FollowerState
2021-10-05 01:16:21,703 [Time-limited test] INFO  util.JmxRegister (JmxRegister.java:tryRegister(44)) - Successfully registered JMX Bean with object name Ratis:service=RaftServer,group=group-523986131536,id=omNode-3
2021-10-05 01:16:21,704 [Time-limited test] INFO  server.RaftServer (RaftServerProxy.java:lambda$start$5(374)) - omNode-3: start RPC server
2021-10-05 01:16:21,705 [Time-limited test] INFO  server.GrpcService (GrpcService.java:startImpl(253)) - omNode-3: GrpcService started, listening on 10892
2021-10-05 01:16:21,705 [Time-limited test] INFO  ipc.CallQueueManager (CallQueueManager.java:<init>(90)) - Using callQueue: class java.util.concurrent.LinkedBlockingQueue, queueCapacity: 2000, scheduler: class org.apache.hadoop.ipc.DefaultRpcScheduler, ipcBackoff: false.
2021-10-05 01:16:21,706 [org.apache.ratis.util.JvmPauseMonitor$$Lambda$523/848064357@5b45cf22] INFO  util.JvmPauseMonitor (JvmPauseMonitor.java:run(103)) - JvmPauseMonitor-omNode-3: Started
2021-10-05 01:16:21,706 [Socket Reader #1 for port 10888] INFO  ipc.Server (Server.java:run(1265)) - Starting Socket Reader #1 for port 10888
2021-10-05 01:16:21,712 [Listener at localhost/10888] INFO  http.BaseHttpServer (BaseHttpServer.java:newHttpServer2BuilderForOzone(209)) - Starting Web-server for ozoneManager at: http://0.0.0.0:10890
2021-10-05 01:16:21,712 [Listener at localhost/10888] INFO  http.BaseHttpServer (BaseHttpServer.java:<init>(107)) - Hadoop Security Enabled: false Ozone Security Enabled: false Ozone HTTP Security Enabled: false 
2021-10-05 01:16:21,713 [Listener at localhost/10888] INFO  server.AuthenticationFilter (AuthenticationFilter.java:constructSecretProvider(240)) - Unable to initialize FileSignerSecretProvider, falling back to use random secrets.
2021-10-05 01:16:21,714 [Listener at localhost/10888] WARN  http.HttpRequestLog (HttpRequestLog.java:getRequestLog(103)) - Jetty request log can only be enabled using Log4j
2021-10-05 01:16:21,715 [Listener at localhost/10888] INFO  http.HttpServer2 (HttpServer2.java:addGlobalFilter(1030)) - Added global filter 'safety' (class=org.apache.hadoop.hdds.server.http.HttpServer2$QuotingInputFilter)
2021-10-05 01:16:21,716 [Listener at localhost/10888] INFO  http.HttpServer2 (HttpServer2.java:addFilter(1006)) - Added filter static_user_filter (class=org.apache.hadoop.http.lib.StaticUserWebFilter$StaticUserFilter) to context ozoneManager
2021-10-05 01:16:21,716 [Listener at localhost/10888] INFO  http.HttpServer2 (HttpServer2.java:addFilter(1014)) - Added filter static_user_filter (class=org.apache.hadoop.http.lib.StaticUserWebFilter$StaticUserFilter) to context logs
2021-10-05 01:16:21,716 [Listener at localhost/10888] INFO  http.HttpServer2 (HttpServer2.java:addFilter(1014)) - Added filter static_user_filter (class=org.apache.hadoop.http.lib.StaticUserWebFilter$StaticUserFilter) to context static
2021-10-05 01:16:21,716 [Listener at localhost/10888] INFO  http.HttpServer2 (HttpServer2.java:bindListener(1249)) - Jetty bound to port 10890
2021-10-05 01:16:21,716 [Listener at localhost/10888] INFO  server.Server (Server.java:doStart(375)) - jetty-9.4.43.v20210629; built: 2021-06-30T11:07:22.254Z; git: 526006ecfa3af7f1a27ef3a288e2bef7ea9dd7e8; jvm 1.8.0_292-b10
2021-10-05 01:16:21,719 [Listener at localhost/10888] INFO  server.session (DefaultSessionIdManager.java:doStart(334)) - DefaultSessionIdManager workerName=node0
2021-10-05 01:16:21,719 [Listener at localhost/10888] INFO  server.session (DefaultSessionIdManager.java:doStart(339)) - No SessionScavenger set, using defaults
2021-10-05 01:16:21,720 [Listener at localhost/10888] INFO  server.session (HouseKeeper.java:startScavenging(132)) - node0 Scavenging every 600000ms
2021-10-05 01:16:21,720 [Listener at localhost/10888] INFO  handler.ContextHandler (ContextHandler.java:doStart(915)) - Started o.e.j.s.ServletContextHandler@46c1349{logs,/logs,file:///home/runner/work/ozone/ozone/hadoop-ozone/integration-test/target/log,AVAILABLE}
2021-10-05 01:16:21,721 [Listener at localhost/10888] INFO  handler.ContextHandler (ContextHandler.java:doStart(915)) - Started o.e.j.s.ServletContextHandler@3ea44c08{static,/static,file:///home/runner/work/ozone/ozone/hadoop-ozone/integration-test/target/test-classes/webapps/static,AVAILABLE}
2021-10-05 01:16:21,730 [Listener at localhost/10888] INFO  handler.ContextHandler (ContextHandler.java:doStart(915)) - Started o.e.j.w.WebAppContext@c131aef{ozoneManager,/,file:///home/runner/work/ozone/ozone/hadoop-ozone/integration-test/target/test-classes/webapps/ozoneManager/,AVAILABLE}{file:/home/runner/work/ozone/ozone/hadoop-ozone/integration-test/target/test-classes/webapps/ozoneManager}
2021-10-05 01:16:21,732 [Listener at localhost/10888] INFO  server.AbstractConnector (AbstractConnector.java:doStart(331)) - Started ServerConnector@5b984b7f{HTTP/1.1, (http/1.1)}{0.0.0.0:10890}
2021-10-05 01:16:21,732 [Listener at localhost/10888] INFO  server.Server (Server.java:doStart(415)) - Started @155110ms
2021-10-05 01:16:21,732 [Listener at localhost/10888] WARN  impl.MetricsSystemImpl (MetricsSystemImpl.java:register(279)) - Sink prometheus already exists!
2021-10-05 01:16:21,733 [Listener at localhost/10888] INFO  http.BaseHttpServer (BaseHttpServer.java:updateConnectorAddress(329)) - HTTP server of ozoneManager listening at http://0.0.0.0:10890
2021-10-05 01:16:21,733 [IPC Server Responder] INFO  ipc.Server (Server.java:run(1507)) - IPC Server Responder: starting
2021-10-05 01:16:21,734 [IPC Server listener on 10888] INFO  ipc.Server (Server.java:run(1344)) - IPC Server listener on 10888: starting
2021-10-05 01:16:21,738 [Listener at localhost/10888] INFO  om.OzoneManager (OzoneManager.java:startTrashEmptier(1543)) - Trash Interval set to 0. Files deleted will not move to trash
2021-10-05 01:16:21,739 [Listener at localhost/10888] INFO  om.OzoneManager (OzoneManager.java:stop(1644)) - Stopping Ozone Manager
2021-10-05 01:16:21,739 [Listener at localhost/10888] INFO  ipc.Server (Server.java:stop(3414)) - Stopping server on 10876
2021-10-05 01:16:21,742 [IPC Server Responder] INFO  ipc.Server (Server.java:run(1512)) - Stopping IPC Server Responder
2021-10-05 01:16:21,742 [IPC Server listener on 10876] INFO  ipc.Server (Server.java:run(1376)) - Stopping IPC Server listener on 10876
2021-10-05 01:16:21,753 [org.apache.hadoop.util.JvmPauseMonitor$Monitor@43fd9d1f] INFO  util.JvmPauseMonitor (JvmPauseMonitor.java:run(188)) - Starting JVM pause monitor
2021-10-05 01:16:21,753 [Listener at localhost/10888] INFO  server.RaftServer (RaftServerProxy.java:lambda$close$6(391)) - omNode-1: close
2021-10-05 01:16:21,754 [Listener at localhost/10888] INFO  server.RaftServer$Division (RaftServerImpl.java:lambda$close$4(407)) - omNode-1@group-523986131536: shutdown
2021-10-05 01:16:21,754 [Listener at localhost/10888] INFO  util.JmxRegister (JmxRegister.java:unregister(73)) - Successfully un-registered JMX Bean with object name Ratis:service=RaftServer,group=group-523986131536,id=omNode-1
2021-10-05 01:16:21,754 [Listener at localhost/10888] INFO  impl.RoleInfo (RoleInfo.java:shutdownFollowerState(108)) - omNode-1: shutdown omNode-1@group-523986131536-FollowerState
2021-10-05 01:16:21,754 [Listener at localhost/10888] INFO  impl.StateMachineUpdater (StateMachineUpdater.java:stopAndJoin(149)) - omNode-1@group-523986131536-StateMachineUpdater: set stopIndex = 15
2021-10-05 01:16:21,754 [omNode-1@group-523986131536-StateMachineUpdater] INFO  ratis.OzoneManagerStateMachine (OzoneManagerStateMachine.java:close(471)) - StateMachine has shutdown. Shutdown OzoneManager if not already shutdown.
2021-10-05 01:16:21,754 [omNode-1@group-523986131536-FollowerState] INFO  impl.FollowerState (FollowerState.java:run(143)) - omNode-1@group-523986131536-FollowerState was interrupted: {}
java.lang.InterruptedException: sleep interrupted
	at java.lang.Thread.sleep(Native Method)
	at java.lang.Thread.sleep(Thread.java:340)
	at java.util.concurrent.TimeUnit.sleep(TimeUnit.java:386)
	at org.apache.ratis.util.TimeDuration.sleep(TimeDuration.java:324)
	at org.apache.ratis.util.TimeDuration.sleep(TimeDuration.java:309)
	at org.apache.ratis.server.impl.FollowerState.run(FollowerState.java:118)
2021-10-05 01:16:21,755 [Listener at localhost/10888] INFO  server.RaftServer$Division (ServerState.java:close(419)) - omNode-1@group-523986131536: closes. applyIndex: 15
2021-10-05 01:16:21,755 [omNode-1@group-523986131536-SegmentedRaftLogWorker] INFO  segmented.SegmentedRaftLogWorker (SegmentedRaftLogWorker.java:run(327)) - omNode-1@group-523986131536-SegmentedRaftLogWorker was interrupted, exiting. There are 0 tasks remaining in the queue.
2021-10-05 01:16:21,756 [Listener at localhost/10888] INFO  segmented.SegmentedRaftLogWorker (SegmentedRaftLogWorker.java:close(237)) - omNode-1@group-523986131536-SegmentedRaftLogWorker close()
2021-10-05 01:16:21,757 [Listener at localhost/10888] INFO  server.GrpcService (GrpcService.java:closeImpl(262)) - omNode-1: shutdown server with port 10880 now
2021-10-05 01:16:21,762 [grpc-default-executor-0] WARN  server.GrpcServerProtocolService (LogUtils.java:warn(122)) - omNode-1: installSnapshot onError, lastRequest: omNode-2->omNode-1#1-t4,previous=(t:3, i:17),leaderCommit=17,initializing? true,entries: size=1, first=(t:4, i:18), CONFIGURATIONENTRY: org.apache.ratis.thirdparty.io.grpc.StatusRuntimeException: CANCELLED: client cancelled
2021-10-05 01:16:21,770 [grpc-default-executor-6] WARN  server.GrpcLogAppender (LogUtils.java:warn(122)) - omNode-2@group-523986131536->omNode-1-AppendLogResponseHandler: Failed appendEntries: org.apache.ratis.thirdparty.io.grpc.StatusRuntimeException: CANCELLED: HTTP/2 error code: CANCEL
Received Rst Stream
2021-10-05 01:16:21,771 [grpc-default-executor-6] INFO  leader.FollowerInfo (FollowerInfoImpl.java:lambda$new$0(46)) - omNode-2@group-523986131536->omNode-1: nextIndex: updateUnconditionally 22 -> 16
2021-10-05 01:16:21,771 [grpc-default-executor-2] INFO  server.GrpcLogAppender (GrpcLogAppender.java:onError(333)) - omNode-2@group-523986131536->omNode-1-GrpcLogAppender is stopped
2021-10-05 01:16:21,771 [grpc-default-executor-7] WARN  server.GrpcServerProtocolService (LogUtils.java:warn(122)) - omNode-1: installSnapshot onError, lastRequest: omNode-2->omNode-1#12276-t4,previous=(t:0, i:0),leaderCommit=6,initializing? false,entries: size=6, first=(t:3, i:16), CONFIGURATIONENTRY: org.apache.ratis.thirdparty.io.grpc.StatusRuntimeException: CANCELLED: client cancelled
2021-10-05 01:16:21,773 [Listener at localhost/10888] INFO  server.GrpcService (GrpcService.java:closeImpl(271)) - omNode-1: shutdown server with port 10880 successfully
2021-10-05 01:16:21,773 [org.apache.ratis.util.JvmPauseMonitor$$Lambda$523/848064357@3e53b4f1] INFO  util.JvmPauseMonitor (JvmPauseMonitor.java:run(109)) - JvmPauseMonitor-omNode-1: Stopped
2021-10-05 01:16:21,775 [Listener at localhost/10888] INFO  ratis.OzoneManagerDoubleBuffer (OzoneManagerDoubleBuffer.java:stop(437)) - Stopping OMDoubleBuffer flush thread
2021-10-05 01:16:21,775 [OMDoubleBufferFlushThread] INFO  ratis.OzoneManagerDoubleBuffer (OzoneManagerDoubleBuffer.java:flushTransactions(356)) - OMDoubleBuffer flush thread OMDoubleBufferFlushThread is interrupted and will exit. OMDoubleBufferFlushThread
2021-10-05 01:16:21,776 [grpc-default-executor-2] WARN  server.GrpcLogAppender (LogUtils.java:warn(122)) - omNode-2@group-523986131536->omNode-1-AppendLogResponseHandler: Failed appendEntries: org.apache.ratis.thirdparty.io.grpc.StatusRuntimeException: UNAVAILABLE: io exception
2021-10-05 01:16:21,776 [grpc-default-executor-2] INFO  leader.FollowerInfo (FollowerInfoImpl.java:lambda$new$0(46)) - omNode-2@group-523986131536->omNode-1: nextIndex: updateUnconditionally 22 -> 16
2021-10-05 01:16:21,779 [Listener at localhost/10888] INFO  handler.ContextHandler (ContextHandler.java:doStop(1153)) - Stopped o.e.j.w.WebAppContext@46bdcb3f{ozoneManager,/,null,STOPPED}{file:/home/runner/work/ozone/ozone/hadoop-ozone/integration-test/target/test-classes/webapps/ozoneManager}
2021-10-05 01:16:21,780 [Listener at localhost/10888] INFO  server.AbstractConnector (AbstractConnector.java:doStop(381)) - Stopped ServerConnector@77c8d369{HTTP/1.1, (http/1.1)}{0.0.0.0:10878}
2021-10-05 01:16:21,780 [Listener at localhost/10888] INFO  server.session (HouseKeeper.java:stopScavenging(149)) - node0 Stopped scavenging
2021-10-05 01:16:21,781 [Listener at localhost/10888] INFO  handler.ContextHandler (ContextHandler.java:doStop(1153)) - Stopped o.e.j.s.ServletContextHandler@3b2d37e2{static,/static,file:///home/runner/work/ozone/ozone/hadoop-ozone/integration-test/target/test-classes/webapps/static,STOPPED}
2021-10-05 01:16:21,781 [Listener at localhost/10888] INFO  handler.ContextHandler (ContextHandler.java:doStop(1153)) - Stopped o.e.j.s.ServletContextHandler@2684243f{logs,/logs,file:///home/runner/work/ozone/ozone/hadoop-ozone/integration-test/target/log,STOPPED}
2021-10-05 01:16:21,785 [Listener at localhost/10888] INFO  om.OzoneManager (OzoneManager.java:initFSOLayout(4333)) - Configured ozone.om.metadata.layout=SIMPLE and disabled optimized OM FS operations
2021-10-05 01:16:21,785 [Listener at localhost/10888] INFO  om.OzoneManager (OzoneManager.java:restart(1365)) - OzoneManager RPC server is listening at localhost/127.0.0.1:10876
2021-10-05 01:16:21,785 [Listener at localhost/10888] INFO  impl.MetricsSystemImpl (MetricsSystemImpl.java:init(158)) - OzoneManager metrics system started (again)
2021-10-05 01:16:21,800 [Listener at localhost/10888] WARN  server.ServerUtils (ServerUtils.java:getDBPath(225)) - ozone.om.db.dirs is not configured. We recommend adding this setting. Falling back to ozone.metadata.dirs instead.
2021-10-05 01:16:21,802 [Listener at localhost/10888] INFO  codec.OmKeyInfoCodec (OmKeyInfoCodec.java:<init>(51)) - OmKeyInfoCodec ignorePipeline = true
2021-10-05 01:16:21,802 [Listener at localhost/10888] INFO  codec.RepeatedOmKeyInfoCodec (RepeatedOmKeyInfoCodec.java:<init>(42)) - RepeatedOmKeyInfoCodec ignorePipeline = true
2021-10-05 01:16:21,879 [Listener at localhost/10888] WARN  om.OzoneManager (OzoneManager.java:instantiatePrepareStateOnStartup(4212)) - Prepare marker file index 15 does not match DB prepare index 13. Writing DB index to prepare file and maintaining prepared state.
2021-10-05 01:16:21,880 [Listener at localhost/10888] INFO  om.OzoneManagerPrepareState (OzoneManagerPrepareState.java:writePrepareMarkerFile(262)) - Prepare marker file written with log index 13 to file /home/runner/work/ozone/ozone/hadoop-ozone/integration-test/target/test-dir/MiniOzoneClusterImpl-46302e84-7680-4986-b584-895fe31d4053/omNode-1/current/prepareMarker
2021-10-05 01:16:21,882 [Listener at localhost/10888] WARN  impl.MetricRegistriesImpl (MetricRegistriesImpl.java:addReporterRegistration(111)) - New reporters are added after registries were created. Some metrics will be missing from the reporter. Please add reporter before adding any new registry.
2021-10-05 01:16:21,882 [Listener at localhost/10888] WARN  impl.MetricRegistriesImpl (MetricRegistriesImpl.java:addReporterRegistration(111)) - New reporters are added after registries were created. Some metrics will be missing from the reporter. Please add reporter before adding any new registry.
2021-10-05 01:16:21,882 [Listener at localhost/10888] WARN  server.ServerUtils (ServerUtils.java:getDefaultRatisDirectory(237)) - Storage directory for Ratis is not configured. It is a good idea to map this to an SSD disk. Falling back to ozone.metadata.dirs
2021-10-05 01:16:21,883 [Listener at localhost/10888] INFO  ratis.OzoneManagerRatisServer (OzoneManagerRatisServer.java:<init>(158)) - Instantiating OM Ratis server with groupID: om-service-test1 and peers: localhost:10880, localhost:10892, localhost:10886
2021-10-05 01:16:21,883 [Listener at localhost/10888] INFO  ratis.OzoneManagerStateMachine (OzoneManagerStateMachine.java:loadSnapshotInfoFromDB(605)) - LastAppliedIndex is set from TransactionInfo from OM DB as (t:2, i:15)
2021-10-05 01:16:21,883 [Listener at localhost/10888] INFO  server.RaftServer (ConfUtils.java:logGet(44)) - raft.rpc.type = GRPC (default)
2021-10-05 01:16:21,883 [Listener at localhost/10888] INFO  grpc.GrpcFactory (GrpcFactory.java:checkPooledByteBufAllocatorUseCacheForAllThreads(48)) - PERFORMANCE WARNING: useCacheForAllThreads is true that may cause Netty to create a lot garbage objects and, as a result, trigger GC.
	It is recommended to disable useCacheForAllThreads by setting -Dorg.apache.ratis.thirdparty.io.netty.allocator.useCacheForAllThreads=false in command line.
2021-10-05 01:16:21,883 [Listener at localhost/10888] INFO  grpc.GrpcConfigKeys (ConfUtils.java:logGet(44)) - raft.grpc.admin.port = -1 (default)
2021-10-05 01:16:21,884 [Listener at localhost/10888] INFO  grpc.GrpcConfigKeys (ConfUtils.java:logGet(44)) - raft.grpc.server.port = 10880 (custom)
2021-10-05 01:16:21,884 [Listener at localhost/10888] INFO  grpc.GrpcConfigKeys (ConfUtils.java:logGet(44)) - raft.grpc.client.port = -1 (default)
2021-10-05 01:16:21,884 [Listener at localhost/10888] INFO  grpc.GrpcConfigKeys (ConfUtils.java:logGet(44)) - raft.grpc.server.port = 10880 (custom)
2021-10-05 01:16:21,884 [Listener at localhost/10888] INFO  grpc.GrpcConfigKeys (ConfUtils.java:logGet(44)) - raft.grpc.server.port = 10880 (custom)
2021-10-05 01:16:21,884 [Listener at localhost/10888] INFO  server.GrpcService (ConfUtils.java:logGet(44)) - raft.grpc.message.size.max = 33554432 (custom)
2021-10-05 01:16:21,884 [Listener at localhost/10888] INFO  server.RaftServerConfigKeys (ConfUtils.java:logGet(44)) - raft.server.log.appender.buffer.byte-limit = 33554432 (custom)
2021-10-05 01:16:21,884 [Listener at localhost/10888] INFO  server.GrpcService (ConfUtils.java:logGet(44)) - raft.grpc.flow.control.window = 1MB (=1048576) (default)
2021-10-05 01:16:21,884 [Listener at localhost/10888] INFO  server.RaftServerConfigKeys (ConfUtils.java:logGet(44)) - raft.server.rpc.request.timeout = 3000ms (default)
2021-10-05 01:16:21,885 [Listener at localhost/10888] INFO  impl.DataStreamServerImpl (ConfUtils.java:logGet(44)) - raft.datastream.type = DISABLED (default)
2021-10-05 01:16:21,885 [Listener at localhost/10888] INFO  server.RaftServerConfigKeys (ConfUtils.java:logGet(44)) - raft.server.rpc.slowness.timeout = 2s (custom)
2021-10-05 01:16:21,886 [Listener at localhost/10888] INFO  server.RaftServerConfigKeys (ConfUtils.java:logGet(44)) - raft.server.leaderelection.leader.step-down.wait-time = 10s (default)
2021-10-05 01:16:21,886 [Listener at localhost/10888] INFO  server.RaftServerConfigKeys (ConfUtils.java:logGet(44)) - raft.server.storage.dir = [/home/runner/work/ozone/ozone/hadoop-ozone/integration-test/target/test-dir/MiniOzoneClusterImpl-46302e84-7680-4986-b584-895fe31d4053/omNode-1/ratis] (custom)
2021-10-05 01:16:21,886 [Listener at localhost/10888] INFO  server.RaftServer (RaftServerProxy.java:lambda$null$1(235)) - omNode-1: found a subdirectory /home/runner/work/ozone/ozone/hadoop-ozone/integration-test/target/test-dir/MiniOzoneClusterImpl-46302e84-7680-4986-b584-895fe31d4053/omNode-1/ratis/c9bc4cf4-3bc3-3c60-a66b-523986131536
2021-10-05 01:16:21,886 [Listener at localhost/10888] INFO  server.RaftServer (RaftServerProxy.java:addNew(95)) - omNode-1: addNew group-523986131536:[omNode-3|rpc:localhost:10892|priority:0, omNode-1|rpc:localhost:10880|priority:0, omNode-2|rpc:localhost:10886|priority:0] returns group-523986131536:java.util.concurrent.CompletableFuture@55b0f73e[Not completed]
2021-10-05 01:16:21,886 [Listener at localhost/10888] INFO  om.OzoneManager (OzoneManager.java:initializeRatisServer(1585)) - OzoneManager Ratis server initialized at port 10880
2021-10-05 01:16:21,887 [Listener at localhost/10888] INFO  ratis.OzoneManagerRatisServer (OzoneManagerRatisServer.java:start(516)) - Starting OzoneManagerRatisServer omNode-1 at port 10880
2021-10-05 01:16:21,887 [pool-251-thread-1] INFO  server.RaftServer$Division (RaftServerImpl.java:<init>(181)) - omNode-1: new RaftServerImpl for group-523986131536:[omNode-3|rpc:localhost:10892|priority:0, omNode-1|rpc:localhost:10880|priority:0, omNode-2|rpc:localhost:10886|priority:0] with OzoneManagerStateMachine:uninitialized
2021-10-05 01:16:21,888 [pool-251-thread-1] INFO  server.RaftServerConfigKeys (ConfUtils.java:logGet(44)) - raft.server.rpc.timeout.min = 1s (custom)
2021-10-05 01:16:21,888 [pool-251-thread-1] INFO  server.RaftServerConfigKeys (ConfUtils.java:logGet(44)) - raft.server.rpc.timeout.max = 1200ms (custom)
2021-10-05 01:16:21,888 [pool-251-thread-1] INFO  server.RaftServerConfigKeys (ConfUtils.java:logGet(44)) - raft.server.rpc.sleep.time = 25ms (default)
2021-10-05 01:16:21,888 [pool-251-thread-1] INFO  server.RaftServerConfigKeys (ConfUtils.java:logGet(44)) - raft.server.rpc.slowness.timeout = 2s (custom)
2021-10-05 01:16:21,888 [pool-251-thread-1] INFO  server.RaftServerConfigKeys (ConfUtils.java:logGet(44)) - raft.server.leaderelection.leader.step-down.wait-time = 10s (default)
2021-10-05 01:16:21,888 [pool-251-thread-1] INFO  server.RaftServerConfigKeys (ConfUtils.java:logGet(44)) - raft.server.sleep.deviation.threshold = 300ms (default)
2021-10-05 01:16:21,888 [pool-251-thread-1] INFO  server.RaftServerConfigKeys (ConfUtils.java:logGet(44)) - raft.server.log.appender.install.snapshot.enabled = false (custom)
2021-10-05 01:16:21,888 [pool-251-thread-1] INFO  server.RaftServer$Division (ServerState.java:<init>(105)) - omNode-1@group-523986131536: ConfigurationManager, init=-1: [omNode-3|rpc:localhost:10892|priority:0, omNode-1|rpc:localhost:10880|priority:0, omNode-2|rpc:localhost:10886|priority:0], old=null, confs=<EMPTY_MAP>
2021-10-05 01:16:21,889 [pool-251-thread-1] INFO  server.RaftServerConfigKeys (ConfUtils.java:logGet(44)) - raft.server.storage.dir = [/home/runner/work/ozone/ozone/hadoop-ozone/integration-test/target/test-dir/MiniOzoneClusterImpl-46302e84-7680-4986-b584-895fe31d4053/omNode-1/ratis] (custom)
2021-10-05 01:16:21,889 [pool-251-thread-1] INFO  server.RaftServerConfigKeys (ConfUtils.java:logGet(44)) - raft.server.log.corruption.policy = EXCEPTION (default)
2021-10-05 01:16:21,889 [pool-251-thread-1] INFO  server.RaftServerConfigKeys (ConfUtils.java:logGet(44)) - raft.server.storage.free-space.min = 0MB (=0) (default)
2021-10-05 01:16:21,890 [pool-251-thread-1] INFO  storage.RaftStorageDirectory (RaftStorageDirectoryImpl.java:tryLock(230)) - Lock on /home/runner/work/ozone/ozone/hadoop-ozone/integration-test/target/test-dir/MiniOzoneClusterImpl-46302e84-7680-4986-b584-895fe31d4053/omNode-1/ratis/c9bc4cf4-3bc3-3c60-a66b-523986131536/in_use.lock acquired by nodename 8677@fv-az50-768
2021-10-05 01:16:21,890 [pool-251-thread-1] INFO  storage.RaftStorage (RaftStorageImpl.java:analyzeAndRecoverStorage(110)) - Read RaftStorageMetadata{term=4, votedFor=omNode-2} from /home/runner/work/ozone/ozone/hadoop-ozone/integration-test/target/test-dir/MiniOzoneClusterImpl-46302e84-7680-4986-b584-895fe31d4053/omNode-1/ratis/c9bc4cf4-3bc3-3c60-a66b-523986131536/current/raft-meta
2021-10-05 01:16:21,891 [pool-251-thread-1] INFO  server.RaftServer$Division (ServerState.java:setRaftConf(387)) - omNode-1@group-523986131536: set configuration 18: [omNode-3|rpc:localhost:10892|admin:|client:|dataStream:|priority:0, omNode-1|rpc:localhost:10880|admin:|client:|dataStream:|priority:0, omNode-2|rpc:localhost:10886|admin:|client:|dataStream:|priority:0], old=null
2021-10-05 01:16:21,891 [pool-251-thread-1] INFO  server.RaftServerConfigKeys (ConfUtils.java:logGet(44)) - raft.server.notification.no-leader.timeout = 2s (custom)
2021-10-05 01:16:21,891 [pool-251-thread-1] INFO  server.RaftServerConfigKeys (ConfUtils.java:logGet(44)) - raft.server.log.use.memory = false (default)
2021-10-05 01:16:21,891 [pool-251-thread-1] INFO  server.RaftServerConfigKeys (ConfUtils.java:logGet(44)) - raft.server.log.purge.gap = 50 (custom)
2021-10-05 01:16:21,891 [pool-251-thread-1] INFO  server.RaftServerConfigKeys (ConfUtils.java:logGet(44)) - raft.server.log.appender.buffer.byte-limit = 33554432 (custom)
2021-10-05 01:16:21,891 [pool-251-thread-1] INFO  server.RaftServerConfigKeys (ConfUtils.java:logGet(44)) - raft.server.log.segment.size.max = 4194304 (custom)
2021-10-05 01:16:21,892 [pool-251-thread-1] INFO  server.RaftServerConfigKeys (ConfUtils.java:logGet(44)) - raft.server.log.segment.cache.num.max = 2 (custom)
2021-10-05 01:16:21,892 [pool-251-thread-1] INFO  server.RaftServerConfigKeys (ConfUtils.java:logGet(44)) - raft.server.log.segment.cache.size.max = 200MB (=209715200) (default)
2021-10-05 01:16:21,892 [pool-251-thread-1] INFO  segmented.SegmentedRaftLogWorker (SegmentedRaftLogWorker.java:<init>(182)) - new omNode-1@group-523986131536-SegmentedRaftLogWorker for RaftStorageImpl:Storage Directory /home/runner/work/ozone/ozone/hadoop-ozone/integration-test/target/test-dir/MiniOzoneClusterImpl-46302e84-7680-4986-b584-895fe31d4053/omNode-1/ratis/c9bc4cf4-3bc3-3c60-a66b-523986131536
2021-10-05 01:16:21,892 [pool-251-thread-1] INFO  server.RaftServerConfigKeys (ConfUtils.java:logGet(44)) - raft.server.log.queue.byte-limit = 64MB (=67108864) (default)
2021-10-05 01:16:21,892 [pool-251-thread-1] INFO  server.RaftServerConfigKeys (ConfUtils.java:logGet(44)) - raft.server.log.queue.element-limit = 4096 (default)
2021-10-05 01:16:21,892 [pool-251-thread-1] INFO  server.RaftServerConfigKeys (ConfUtils.java:logGet(44)) - raft.server.log.segment.size.max = 4194304 (custom)
2021-10-05 01:16:21,892 [pool-251-thread-1] INFO  server.RaftServerConfigKeys (ConfUtils.java:logGet(44)) - raft.server.log.preallocated.size = 4194304 (custom)
2021-10-05 01:16:21,893 [pool-251-thread-1] INFO  server.RaftServerConfigKeys (ConfUtils.java:logGet(44)) - raft.server.log.force.sync.num = 128 (default)
2021-10-05 01:16:21,893 [pool-251-thread-1] INFO  server.RaftServerConfigKeys (ConfUtils.java:logGet(44)) - raft.server.log.statemachine.data.sync = true (default)
2021-10-05 01:16:21,893 [pool-251-thread-1] INFO  server.RaftServerConfigKeys (ConfUtils.java:logGet(44)) - raft.server.log.statemachine.data.sync.timeout = 10s (default)
2021-10-05 01:16:21,893 [pool-251-thread-1] INFO  server.RaftServerConfigKeys (ConfUtils.java:logGet(44)) - raft.server.log.statemachine.data.sync.timeout.retry = -1 (default)
2021-10-05 01:16:21,894 [pool-251-thread-1] INFO  server.RaftServerConfigKeys (ConfUtils.java:logGet(44)) - raft.server.log.write.buffer.size = 64KB (=65536) (default)
2021-10-05 01:16:21,894 [pool-251-thread-1] INFO  server.RaftServerConfigKeys (ConfUtils.java:logGet(44)) - raft.server.log.statemachine.data.caching.enabled = false (default)
2021-10-05 01:16:21,894 [pool-251-thread-1] INFO  segmented.SegmentedRaftLogWorker (SegmentedRaftLogWorker.java:lambda$new$0(133)) - omNode-1@group-523986131536-SegmentedRaftLogWorker: flushIndex: setUnconditionally 0 -> 15
2021-10-05 01:16:21,894 [pool-251-thread-1] INFO  segmented.SegmentedRaftLogWorker (SegmentedRaftLogWorker.java:lambda$new$0(133)) - omNode-1@group-523986131536-SegmentedRaftLogWorker: safeCacheEvictIndex: setUnconditionally 0 -> -1
2021-10-05 01:16:21,896 [pool-251-thread-1] INFO  server.RaftServerConfigKeys (ConfUtils.java:logGet(44)) - raft.server.snapshot.auto.trigger.enabled = true (custom)
2021-10-05 01:16:21,896 [pool-251-thread-1] INFO  server.RaftServerConfigKeys (ConfUtils.java:logGet(44)) - raft.server.snapshot.auto.trigger.threshold = 50 (custom)
2021-10-05 01:16:21,897 [pool-251-thread-1] INFO  server.RaftServerConfigKeys (ConfUtils.java:logGet(44)) - raft.server.snapshot.retention.file.num = -1 (default)
2021-10-05 01:16:21,897 [pool-251-thread-1] INFO  server.RaftServerConfigKeys (ConfUtils.java:logGet(44)) - raft.server.log.purge.upto.snapshot.index = true (custom)
2021-10-05 01:16:21,897 [pool-251-thread-1] INFO  server.RaftServerConfigKeys (ConfUtils.java:logGet(44)) - raft.server.retrycache.expirytime = 30000ms (custom)
2021-10-05 01:16:21,897 [pool-251-thread-1] INFO  server.RaftServerConfigKeys (ConfUtils.java:logGet(44)) - raft.server.retrycache.statistics.expirytime = 100μs (default)
2021-10-05 01:16:21,898 [Listener at localhost/10888] INFO  server.RaftServer$Division (RaftServerImpl.java:start(296)) - omNode-1@group-523986131536: start as a follower, conf=18: [omNode-3|rpc:localhost:10892|admin:|client:|dataStream:|priority:0, omNode-1|rpc:localhost:10880|admin:|client:|dataStream:|priority:0, omNode-2|rpc:localhost:10886|admin:|client:|dataStream:|priority:0], old=null
2021-10-05 01:16:21,898 [Listener at localhost/10888] INFO  server.RaftServer$Division (RaftServerImpl.java:setRole(285)) - omNode-1@group-523986131536: changes role from      null to FOLLOWER at term 4 for startAsFollower
2021-10-05 01:16:21,898 [Listener at localhost/10888] INFO  impl.RoleInfo (RoleInfo.java:updateAndGet(130)) - omNode-1: start omNode-1@group-523986131536-FollowerState
2021-10-05 01:16:21,901 [Listener at localhost/10888] INFO  util.JmxRegister (JmxRegister.java:tryRegister(44)) - Successfully registered JMX Bean with object name Ratis:service=RaftServer,group=group-523986131536,id=omNode-1
2021-10-05 01:16:21,905 [Listener at localhost/10888] INFO  server.RaftServer (RaftServerProxy.java:lambda$start$5(374)) - omNode-1: start RPC server
2021-10-05 01:16:21,905 [Listener at localhost/10888] INFO  server.GrpcService (GrpcService.java:startImpl(253)) - omNode-1: GrpcService started, listening on 10880
2021-10-05 01:16:21,906 [Listener at localhost/10888] INFO  ipc.CallQueueManager (CallQueueManager.java:<init>(90)) - Using callQueue: class java.util.concurrent.LinkedBlockingQueue, queueCapacity: 2000, scheduler: class org.apache.hadoop.ipc.DefaultRpcScheduler, ipcBackoff: false.
2021-10-05 01:16:21,906 [org.apache.ratis.util.JvmPauseMonitor$$Lambda$523/848064357@4b07c64c] INFO  util.JvmPauseMonitor (JvmPauseMonitor.java:run(103)) - JvmPauseMonitor-omNode-1: Started
2021-10-05 01:16:21,906 [Socket Reader #1 for port 10876] INFO  ipc.Server (Server.java:run(1265)) - Starting Socket Reader #1 for port 10876
2021-10-05 01:16:21,909 [Listener at localhost/10876] INFO  http.BaseHttpServer (BaseHttpServer.java:newHttpServer2BuilderForOzone(209)) - Starting Web-server for ozoneManager at: http://0.0.0.0:10878
2021-10-05 01:16:21,910 [Listener at localhost/10876] INFO  http.BaseHttpServer (BaseHttpServer.java:<init>(107)) - Hadoop Security Enabled: false Ozone Security Enabled: false Ozone HTTP Security Enabled: false 
2021-10-05 01:16:21,911 [Listener at localhost/10876] INFO  server.AuthenticationFilter (AuthenticationFilter.java:constructSecretProvider(240)) - Unable to initialize FileSignerSecretProvider, falling back to use random secrets.
2021-10-05 01:16:21,911 [Listener at localhost/10876] WARN  http.HttpRequestLog (HttpRequestLog.java:getRequestLog(103)) - Jetty request log can only be enabled using Log4j
2021-10-05 01:16:21,912 [Listener at localhost/10876] INFO  http.HttpServer2 (HttpServer2.java:addGlobalFilter(1030)) - Added global filter 'safety' (class=org.apache.hadoop.hdds.server.http.HttpServer2$QuotingInputFilter)
2021-10-05 01:16:21,913 [Listener at localhost/10876] INFO  http.HttpServer2 (HttpServer2.java:addFilter(1006)) - Added filter static_user_filter (class=org.apache.hadoop.http.lib.StaticUserWebFilter$StaticUserFilter) to context ozoneManager
2021-10-05 01:16:21,913 [Listener at localhost/10876] INFO  http.HttpServer2 (HttpServer2.java:addFilter(1014)) - Added filter static_user_filter (class=org.apache.hadoop.http.lib.StaticUserWebFilter$StaticUserFilter) to context static
2021-10-05 01:16:21,913 [Listener at localhost/10876] INFO  http.HttpServer2 (HttpServer2.java:addFilter(1014)) - Added filter static_user_filter (class=org.apache.hadoop.http.lib.StaticUserWebFilter$StaticUserFilter) to context logs
2021-10-05 01:16:21,913 [Listener at localhost/10876] INFO  http.HttpServer2 (HttpServer2.java:bindListener(1249)) - Jetty bound to port 10878
2021-10-05 01:16:21,913 [Listener at localhost/10876] INFO  server.Server (Server.java:doStart(375)) - jetty-9.4.43.v20210629; built: 2021-06-30T11:07:22.254Z; git: 526006ecfa3af7f1a27ef3a288e2bef7ea9dd7e8; jvm 1.8.0_292-b10
2021-10-05 01:16:21,916 [Listener at localhost/10876] INFO  server.session (DefaultSessionIdManager.java:doStart(334)) - DefaultSessionIdManager workerName=node0
2021-10-05 01:16:21,916 [Listener at localhost/10876] INFO  server.session (DefaultSessionIdManager.java:doStart(339)) - No SessionScavenger set, using defaults
2021-10-05 01:16:21,916 [Listener at localhost/10876] INFO  server.session (HouseKeeper.java:startScavenging(132)) - node0 Scavenging every 660000ms
2021-10-05 01:16:21,917 [Listener at localhost/10876] INFO  handler.ContextHandler (ContextHandler.java:doStart(915)) - Started o.e.j.s.ServletContextHandler@317a8b94{logs,/logs,file:///home/runner/work/ozone/ozone/hadoop-ozone/integration-test/target/log,AVAILABLE}
2021-10-05 01:16:21,917 [Listener at localhost/10876] INFO  handler.ContextHandler (ContextHandler.java:doStart(915)) - Started o.e.j.s.ServletContextHandler@40284861{static,/static,file:///home/runner/work/ozone/ozone/hadoop-ozone/integration-test/target/test-classes/webapps/static,AVAILABLE}
2021-10-05 01:16:21,921 [Listener at localhost/10876] INFO  handler.ContextHandler (ContextHandler.java:doStart(915)) - Started o.e.j.w.WebAppContext@7cd53467{ozoneManager,/,file:///home/runner/work/ozone/ozone/hadoop-ozone/integration-test/target/test-classes/webapps/ozoneManager/,AVAILABLE}{file:/home/runner/work/ozone/ozone/hadoop-ozone/integration-test/target/test-classes/webapps/ozoneManager}
2021-10-05 01:16:21,922 [Listener at localhost/10876] INFO  server.AbstractConnector (AbstractConnector.java:doStart(331)) - Started ServerConnector@38883028{HTTP/1.1, (http/1.1)}{0.0.0.0:10878}
2021-10-05 01:16:21,922 [Listener at localhost/10876] INFO  server.Server (Server.java:doStart(415)) - Started @155300ms
2021-10-05 01:16:21,922 [Listener at localhost/10876] WARN  impl.MetricsSystemImpl (MetricsSystemImpl.java:register(279)) - Sink prometheus already exists!
2021-10-05 01:16:21,922 [Listener at localhost/10876] INFO  http.BaseHttpServer (BaseHttpServer.java:updateConnectorAddress(329)) - HTTP server of ozoneManager listening at http://0.0.0.0:10878
2021-10-05 01:16:21,923 [IPC Server Responder] INFO  ipc.Server (Server.java:run(1507)) - IPC Server Responder: starting
2021-10-05 01:16:21,928 [IPC Server listener on 10876] INFO  ipc.Server (Server.java:run(1344)) - IPC Server listener on 10876: starting
2021-10-05 01:16:21,935 [Listener at localhost/10876] INFO  om.OzoneManager (OzoneManager.java:startTrashEmptier(1543)) - Trash Interval set to 0. Files deleted will not move to trash
2021-10-05 01:16:21,936 [Listener at localhost/10876] INFO  om.OzoneManager (OzoneManager.java:stop(1644)) - Stopping Ozone Manager
2021-10-05 01:16:21,936 [org.apache.hadoop.util.JvmPauseMonitor$Monitor@3801fa3] INFO  util.JvmPauseMonitor (JvmPauseMonitor.java:run(188)) - Starting JVM pause monitor
2021-10-05 01:16:21,937 [Listener at localhost/10876] INFO  ipc.Server (Server.java:stop(3414)) - Stopping server on 10882
2021-10-05 01:16:21,937 [IPC Server listener on 10882] INFO  ipc.Server (Server.java:run(1376)) - Stopping IPC Server listener on 10882
2021-10-05 01:16:21,942 [IPC Server Responder] INFO  ipc.Server (Server.java:run(1512)) - Stopping IPC Server Responder
2021-10-05 01:16:21,943 [Listener at localhost/10876] INFO  server.RaftServer (RaftServerProxy.java:lambda$close$6(391)) - omNode-2: close
2021-10-05 01:16:21,944 [Listener at localhost/10876] INFO  server.RaftServer$Division (RaftServerImpl.java:lambda$close$4(407)) - omNode-2@group-523986131536: shutdown
2021-10-05 01:16:21,944 [Listener at localhost/10876] INFO  util.JmxRegister (JmxRegister.java:unregister(73)) - Successfully un-registered JMX Bean with object name Ratis:service=RaftServer,group=group-523986131536,id=omNode-2
2021-10-05 01:16:21,944 [Listener at localhost/10876] INFO  impl.RoleInfo (RoleInfo.java:shutdownLeaderState(91)) - omNode-2: shutdown omNode-2@group-523986131536-LeaderStateImpl
2021-10-05 01:16:21,944 [omNode-2@group-523986131536->omNode-3-GrpcLogAppender-LogAppenderDaemon] WARN  server.GrpcLogAppender (GrpcLogAppender.java:mayWait(175)) - omNode-2@group-523986131536->omNode-3-GrpcLogAppender: Wait interrupted by java.lang.InterruptedException
2021-10-05 01:16:21,944 [Listener at localhost/10876] INFO  impl.PendingRequests (PendingRequests.java:sendNotLeaderResponses(282)) - omNode-2@group-523986131536-PendingRequests: sendNotLeaderResponses
2021-10-05 01:16:21,944 [omNode-2@group-523986131536->omNode-1-GrpcLogAppender-LogAppenderDaemon] WARN  server.GrpcLogAppender (GrpcLogAppender.java:mayWait(175)) - omNode-2@group-523986131536->omNode-1-GrpcLogAppender: Wait interrupted by java.lang.InterruptedException
2021-10-05 01:16:21,946 [Listener at localhost/10876] INFO  impl.StateMachineUpdater (StateMachineUpdater.java:stopAndJoin(149)) - omNode-2@group-523986131536-StateMachineUpdater: set stopIndex = 21
2021-10-05 01:16:21,947 [omNode-2@group-523986131536-StateMachineUpdater] INFO  ratis.OzoneManagerStateMachine (OzoneManagerStateMachine.java:takeSnapshot(417)) - Current Snapshot Index (t:4, i:21)
2021-10-05 01:16:21,947 [omNode-2@group-523986131536-StateMachineUpdater] INFO  impl.StateMachineUpdater (StateMachineUpdater.java:takeSnapshot(281)) - omNode-2@group-523986131536-StateMachineUpdater: Took a snapshot at index 21
2021-10-05 01:16:21,947 [omNode-2@group-523986131536-StateMachineUpdater] INFO  impl.StateMachineUpdater (StateMachineUpdater.java:lambda$new$0(89)) - omNode-2@group-523986131536-StateMachineUpdater: snapshotIndex: updateIncreasingly 17 -> 21
2021-10-05 01:16:21,947 [omNode-2@group-523986131536-StateMachineUpdater] INFO  ratis.OzoneManagerStateMachine (OzoneManagerStateMachine.java:close(471)) - StateMachine has shutdown. Shutdown OzoneManager if not already shutdown.
2021-10-05 01:16:21,947 [Listener at localhost/10876] INFO  server.RaftServer$Division (ServerState.java:close(419)) - omNode-2@group-523986131536: closes. applyIndex: 21
2021-10-05 01:16:21,947 [omNode-2@group-523986131536-SegmentedRaftLogWorker] INFO  segmented.SegmentedRaftLogWorker (SegmentedRaftLogWorker.java:run(327)) - omNode-2@group-523986131536-SegmentedRaftLogWorker was interrupted, exiting. There are 0 tasks remaining in the queue.
2021-10-05 01:16:21,949 [Listener at localhost/10876] INFO  segmented.SegmentedRaftLogWorker (SegmentedRaftLogWorker.java:close(237)) - omNode-2@group-523986131536-SegmentedRaftLogWorker close()
2021-10-05 01:16:21,950 [Listener at localhost/10876] INFO  server.GrpcService (GrpcService.java:closeImpl(262)) - omNode-2: shutdown server with port 10886 now
2021-10-05 01:16:21,951 [Listener at localhost/10876] INFO  server.GrpcService (GrpcService.java:closeImpl(271)) - omNode-2: shutdown server with port 10886 successfully
2021-10-05 01:16:21,952 [org.apache.ratis.util.JvmPauseMonitor$$Lambda$523/848064357@d5ed4df] INFO  util.JvmPauseMonitor (JvmPauseMonitor.java:run(109)) - JvmPauseMonitor-omNode-2: Stopped
2021-10-05 01:16:21,952 [Listener at localhost/10876] INFO  ratis.OzoneManagerDoubleBuffer (OzoneManagerDoubleBuffer.java:stop(437)) - Stopping OMDoubleBuffer flush thread
2021-10-05 01:16:21,952 [OMDoubleBufferFlushThread] INFO  ratis.OzoneManagerDoubleBuffer (OzoneManagerDoubleBuffer.java:flushTransactions(356)) - OMDoubleBuffer flush thread OMDoubleBufferFlushThread is interrupted and will exit. OMDoubleBufferFlushThread
2021-10-05 01:16:21,954 [Listener at localhost/10876] INFO  handler.ContextHandler (ContextHandler.java:doStop(1153)) - Stopped o.e.j.w.WebAppContext@7fd17297{ozoneManager,/,null,STOPPED}{file:/home/runner/work/ozone/ozone/hadoop-ozone/integration-test/target/test-classes/webapps/ozoneManager}
2021-10-05 01:16:21,955 [Listener at localhost/10876] INFO  server.AbstractConnector (AbstractConnector.java:doStop(381)) - Stopped ServerConnector@c16cd6e{HTTP/1.1, (http/1.1)}{0.0.0.0:10884}
2021-10-05 01:16:21,955 [Listener at localhost/10876] INFO  server.session (HouseKeeper.java:stopScavenging(149)) - node0 Stopped scavenging
2021-10-05 01:16:21,956 [Listener at localhost/10876] INFO  handler.ContextHandler (ContextHandler.java:doStop(1153)) - Stopped o.e.j.s.ServletContextHandler@7359d3fd{static,/static,file:///home/runner/work/ozone/ozone/hadoop-ozone/integration-test/target/test-classes/webapps/static,STOPPED}
2021-10-05 01:16:21,957 [Listener at localhost/10876] INFO  handler.ContextHandler (ContextHandler.java:doStop(1153)) - Stopped o.e.j.s.ServletContextHandler@16c44667{logs,/logs,file:///home/runner/work/ozone/ozone/hadoop-ozone/integration-test/target/log,STOPPED}
2021-10-05 01:16:21,962 [Listener at localhost/10876] INFO  om.OzoneManager (OzoneManager.java:initFSOLayout(4333)) - Configured ozone.om.metadata.layout=SIMPLE and disabled optimized OM FS operations
2021-10-05 01:16:21,962 [Listener at localhost/10876] INFO  om.OzoneManager (OzoneManager.java:restart(1365)) - OzoneManager RPC server is listening at localhost/127.0.0.1:10882
2021-10-05 01:16:21,962 [Listener at localhost/10876] INFO  impl.MetricsSystemImpl (MetricsSystemImpl.java:init(158)) - OzoneManager metrics system started (again)
2021-10-05 01:16:21,977 [Listener at localhost/10876] WARN  server.ServerUtils (ServerUtils.java:getDBPath(225)) - ozone.om.db.dirs is not configured. We recommend adding this setting. Falling back to ozone.metadata.dirs instead.
2021-10-05 01:16:21,979 [Listener at localhost/10876] INFO  codec.OmKeyInfoCodec (OmKeyInfoCodec.java:<init>(51)) - OmKeyInfoCodec ignorePipeline = true
2021-10-05 01:16:21,979 [Listener at localhost/10876] INFO  codec.RepeatedOmKeyInfoCodec (RepeatedOmKeyInfoCodec.java:<init>(42)) - RepeatedOmKeyInfoCodec ignorePipeline = true
2021-10-05 01:16:22,020 [Listener at localhost/10876] WARN  impl.MetricRegistriesImpl (MetricRegistriesImpl.java:addReporterRegistration(111)) - New reporters are added after registries were created. Some metrics will be missing from the reporter. Please add reporter before adding any new registry.
2021-10-05 01:16:22,020 [Listener at localhost/10876] WARN  impl.MetricRegistriesImpl (MetricRegistriesImpl.java:addReporterRegistration(111)) - New reporters are added after registries were created. Some metrics will be missing from the reporter. Please add reporter before adding any new registry.
2021-10-05 01:16:22,020 [Listener at localhost/10876] WARN  server.ServerUtils (ServerUtils.java:getDefaultRatisDirectory(237)) - Storage directory for Ratis is not configured. It is a good idea to map this to an SSD disk. Falling back to ozone.metadata.dirs
2021-10-05 01:16:22,021 [Listener at localhost/10876] INFO  ratis.OzoneManagerRatisServer (OzoneManagerRatisServer.java:<init>(158)) - Instantiating OM Ratis server with groupID: om-service-test1 and peers: localhost:10886, localhost:10892, localhost:10880
2021-10-05 01:16:22,021 [Listener at localhost/10876] INFO  ratis.OzoneManagerStateMachine (OzoneManagerStateMachine.java:loadSnapshotInfoFromDB(605)) - LastAppliedIndex is set from TransactionInfo from OM DB as (t:4, i:21)
2021-10-05 01:16:22,022 [Listener at localhost/10876] INFO  server.RaftServer (ConfUtils.java:logGet(44)) - raft.rpc.type = GRPC (default)
2021-10-05 01:16:22,022 [Listener at localhost/10876] INFO  grpc.GrpcFactory (GrpcFactory.java:checkPooledByteBufAllocatorUseCacheForAllThreads(48)) - PERFORMANCE WARNING: useCacheForAllThreads is true that may cause Netty to create a lot garbage objects and, as a result, trigger GC.
	It is recommended to disable useCacheForAllThreads by setting -Dorg.apache.ratis.thirdparty.io.netty.allocator.useCacheForAllThreads=false in command line.
2021-10-05 01:16:22,023 [Listener at localhost/10876] INFO  grpc.GrpcConfigKeys (ConfUtils.java:logGet(44)) - raft.grpc.admin.port = -1 (default)
2021-10-05 01:16:22,023 [Listener at localhost/10876] INFO  grpc.GrpcConfigKeys (ConfUtils.java:logGet(44)) - raft.grpc.server.port = 10886 (custom)
2021-10-05 01:16:22,023 [Listener at localhost/10876] INFO  grpc.GrpcConfigKeys (ConfUtils.java:logGet(44)) - raft.grpc.client.port = -1 (default)
2021-10-05 01:16:22,023 [Listener at localhost/10876] INFO  grpc.GrpcConfigKeys (ConfUtils.java:logGet(44)) - raft.grpc.server.port = 10886 (custom)
2021-10-05 01:16:22,023 [Listener at localhost/10876] INFO  grpc.GrpcConfigKeys (ConfUtils.java:logGet(44)) - raft.grpc.server.port = 10886 (custom)
2021-10-05 01:16:22,023 [Listener at localhost/10876] INFO  server.GrpcService (ConfUtils.java:logGet(44)) - raft.grpc.message.size.max = 33554432 (custom)
2021-10-05 01:16:22,023 [Listener at localhost/10876] INFO  server.RaftServerConfigKeys (ConfUtils.java:logGet(44)) - raft.server.log.appender.buffer.byte-limit = 33554432 (custom)
2021-10-05 01:16:22,023 [Listener at localhost/10876] INFO  server.GrpcService (ConfUtils.java:logGet(44)) - raft.grpc.flow.control.window = 1MB (=1048576) (default)
2021-10-05 01:16:22,023 [Listener at localhost/10876] INFO  server.RaftServerConfigKeys (ConfUtils.java:logGet(44)) - raft.server.rpc.request.timeout = 3000ms (default)
2021-10-05 01:16:22,025 [Listener at localhost/10876] INFO  impl.DataStreamServerImpl (ConfUtils.java:logGet(44)) - raft.datastream.type = DISABLED (default)
2021-10-05 01:16:22,025 [Listener at localhost/10876] INFO  server.RaftServerConfigKeys (ConfUtils.java:logGet(44)) - raft.server.rpc.slowness.timeout = 2s (custom)
2021-10-05 01:16:22,025 [Listener at localhost/10876] INFO  server.RaftServerConfigKeys (ConfUtils.java:logGet(44)) - raft.server.leaderelection.leader.step-down.wait-time = 10s (default)
2021-10-05 01:16:22,025 [Listener at localhost/10876] INFO  server.RaftServerConfigKeys (ConfUtils.java:logGet(44)) - raft.server.storage.dir = [/home/runner/work/ozone/ozone/hadoop-ozone/integration-test/target/test-dir/MiniOzoneClusterImpl-46302e84-7680-4986-b584-895fe31d4053/omNode-2/ratis] (custom)
2021-10-05 01:16:22,025 [Listener at localhost/10876] INFO  server.RaftServer (RaftServerProxy.java:lambda$null$1(235)) - omNode-2: found a subdirectory /home/runner/work/ozone/ozone/hadoop-ozone/integration-test/target/test-dir/MiniOzoneClusterImpl-46302e84-7680-4986-b584-895fe31d4053/omNode-2/ratis/c9bc4cf4-3bc3-3c60-a66b-523986131536
2021-10-05 01:16:22,026 [Listener at localhost/10876] INFO  server.RaftServer (RaftServerProxy.java:addNew(95)) - omNode-2: addNew group-523986131536:[omNode-3|rpc:localhost:10892|priority:0, omNode-1|rpc:localhost:10880|priority:0, omNode-2|rpc:localhost:10886|priority:0] returns group-523986131536:java.util.concurrent.CompletableFuture@30ec4bf[Not completed]
2021-10-05 01:16:22,026 [pool-271-thread-1] INFO  server.RaftServer$Division (RaftServerImpl.java:<init>(181)) - omNode-2: new RaftServerImpl for group-523986131536:[omNode-3|rpc:localhost:10892|priority:0, omNode-1|rpc:localhost:10880|priority:0, omNode-2|rpc:localhost:10886|priority:0] with OzoneManagerStateMachine:uninitialized
2021-10-05 01:16:22,026 [Listener at localhost/10876] INFO  om.OzoneManager (OzoneManager.java:initializeRatisServer(1585)) - OzoneManager Ratis server initialized at port 10886
2021-10-05 01:16:22,027 [Listener at localhost/10876] INFO  ratis.OzoneManagerRatisServer (OzoneManagerRatisServer.java:start(516)) - Starting OzoneManagerRatisServer omNode-2 at port 10886
2021-10-05 01:16:22,028 [pool-271-thread-1] INFO  server.RaftServerConfigKeys (ConfUtils.java:logGet(44)) - raft.server.rpc.timeout.min = 1s (custom)
2021-10-05 01:16:22,028 [pool-271-thread-1] INFO  server.RaftServerConfigKeys (ConfUtils.java:logGet(44)) - raft.server.rpc.timeout.max = 1200ms (custom)
2021-10-05 01:16:22,028 [pool-271-thread-1] INFO  server.RaftServerConfigKeys (ConfUtils.java:logGet(44)) - raft.server.rpc.sleep.time = 25ms (default)
2021-10-05 01:16:22,028 [pool-271-thread-1] INFO  server.RaftServerConfigKeys (ConfUtils.java:logGet(44)) - raft.server.rpc.slowness.timeout = 2s (custom)
2021-10-05 01:16:22,028 [pool-271-thread-1] INFO  server.RaftServerConfigKeys (ConfUtils.java:logGet(44)) - raft.server.leaderelection.leader.step-down.wait-time = 10s (default)
2021-10-05 01:16:22,029 [pool-271-thread-1] INFO  server.RaftServerConfigKeys (ConfUtils.java:logGet(44)) - raft.server.sleep.deviation.threshold = 300ms (default)
2021-10-05 01:16:22,029 [pool-271-thread-1] INFO  server.RaftServerConfigKeys (ConfUtils.java:logGet(44)) - raft.server.log.appender.install.snapshot.enabled = false (custom)
2021-10-05 01:16:22,029 [pool-271-thread-1] INFO  server.RaftServer$Division (ServerState.java:<init>(105)) - omNode-2@group-523986131536: ConfigurationManager, init=-1: [omNode-3|rpc:localhost:10892|priority:0, omNode-1|rpc:localhost:10880|priority:0, omNode-2|rpc:localhost:10886|priority:0], old=null, confs=<EMPTY_MAP>
2021-10-05 01:16:22,029 [pool-271-thread-1] INFO  server.RaftServerConfigKeys (ConfUtils.java:logGet(44)) - raft.server.storage.dir = [/home/runner/work/ozone/ozone/hadoop-ozone/integration-test/target/test-dir/MiniOzoneClusterImpl-46302e84-7680-4986-b584-895fe31d4053/omNode-2/ratis] (custom)
2021-10-05 01:16:22,029 [pool-271-thread-1] INFO  server.RaftServerConfigKeys (ConfUtils.java:logGet(44)) - raft.server.log.corruption.policy = EXCEPTION (default)
2021-10-05 01:16:22,029 [pool-271-thread-1] INFO  server.RaftServerConfigKeys (ConfUtils.java:logGet(44)) - raft.server.storage.free-space.min = 0MB (=0) (default)
2021-10-05 01:16:22,032 [pool-271-thread-1] INFO  storage.RaftStorageDirectory (RaftStorageDirectoryImpl.java:tryLock(230)) - Lock on /home/runner/work/ozone/ozone/hadoop-ozone/integration-test/target/test-dir/MiniOzoneClusterImpl-46302e84-7680-4986-b584-895fe31d4053/omNode-2/ratis/c9bc4cf4-3bc3-3c60-a66b-523986131536/in_use.lock acquired by nodename 8677@fv-az50-768
2021-10-05 01:16:22,032 [pool-271-thread-1] INFO  storage.RaftStorage (RaftStorageImpl.java:analyzeAndRecoverStorage(110)) - Read RaftStorageMetadata{term=4, votedFor=omNode-2} from /home/runner/work/ozone/ozone/hadoop-ozone/integration-test/target/test-dir/MiniOzoneClusterImpl-46302e84-7680-4986-b584-895fe31d4053/omNode-2/ratis/c9bc4cf4-3bc3-3c60-a66b-523986131536/current/raft-meta
2021-10-05 01:16:22,032 [pool-271-thread-1] INFO  server.RaftServer$Division (ServerState.java:setRaftConf(387)) - omNode-2@group-523986131536: set configuration 18: [omNode-3|rpc:localhost:10892|admin:|client:|dataStream:|priority:0, omNode-1|rpc:localhost:10880|admin:|client:|dataStream:|priority:0, omNode-2|rpc:localhost:10886|admin:|client:|dataStream:|priority:0], old=null
2021-10-05 01:16:22,033 [pool-271-thread-1] INFO  server.RaftServerConfigKeys (ConfUtils.java:logGet(44)) - raft.server.notification.no-leader.timeout = 2s (custom)
2021-10-05 01:16:22,033 [pool-271-thread-1] INFO  server.RaftServerConfigKeys (ConfUtils.java:logGet(44)) - raft.server.log.use.memory = false (default)
2021-10-05 01:16:22,033 [pool-271-thread-1] INFO  server.RaftServerConfigKeys (ConfUtils.java:logGet(44)) - raft.server.log.purge.gap = 50 (custom)
2021-10-05 01:16:22,033 [pool-271-thread-1] INFO  server.RaftServerConfigKeys (ConfUtils.java:logGet(44)) - raft.server.log.appender.buffer.byte-limit = 33554432 (custom)
2021-10-05 01:16:22,033 [pool-271-thread-1] INFO  server.RaftServerConfigKeys (ConfUtils.java:logGet(44)) - raft.server.log.segment.size.max = 4194304 (custom)
2021-10-05 01:16:22,034 [pool-271-thread-1] INFO  server.RaftServerConfigKeys (ConfUtils.java:logGet(44)) - raft.server.log.segment.cache.num.max = 2 (custom)
2021-10-05 01:16:22,034 [pool-271-thread-1] INFO  server.RaftServerConfigKeys (ConfUtils.java:logGet(44)) - raft.server.log.segment.cache.size.max = 200MB (=209715200) (default)
2021-10-05 01:16:22,034 [pool-271-thread-1] INFO  segmented.SegmentedRaftLogWorker (SegmentedRaftLogWorker.java:<init>(182)) - new omNode-2@group-523986131536-SegmentedRaftLogWorker for RaftStorageImpl:Storage Directory /home/runner/work/ozone/ozone/hadoop-ozone/integration-test/target/test-dir/MiniOzoneClusterImpl-46302e84-7680-4986-b584-895fe31d4053/omNode-2/ratis/c9bc4cf4-3bc3-3c60-a66b-523986131536
2021-10-05 01:16:22,034 [pool-271-thread-1] INFO  server.RaftServerConfigKeys (ConfUtils.java:logGet(44)) - raft.server.log.queue.byte-limit = 64MB (=67108864) (default)
2021-10-05 01:16:22,034 [pool-271-thread-1] INFO  server.RaftServerConfigKeys (ConfUtils.java:logGet(44)) - raft.server.log.queue.element-limit = 4096 (default)
2021-10-05 01:16:22,034 [pool-271-thread-1] INFO  server.RaftServerConfigKeys (ConfUtils.java:logGet(44)) - raft.server.log.segment.size.max = 4194304 (custom)
2021-10-05 01:16:22,034 [pool-271-thread-1] INFO  server.RaftServerConfigKeys (ConfUtils.java:logGet(44)) - raft.server.log.preallocated.size = 4194304 (custom)
2021-10-05 01:16:22,035 [pool-271-thread-1] INFO  server.RaftServerConfigKeys (ConfUtils.java:logGet(44)) - raft.server.log.force.sync.num = 128 (default)
2021-10-05 01:16:22,035 [pool-271-thread-1] INFO  server.RaftServerConfigKeys (ConfUtils.java:logGet(44)) - raft.server.log.statemachine.data.sync = true (default)
2021-10-05 01:16:22,035 [pool-271-thread-1] INFO  server.RaftServerConfigKeys (ConfUtils.java:logGet(44)) - raft.server.log.statemachine.data.sync.timeout = 10s (default)
2021-10-05 01:16:22,035 [pool-271-thread-1] INFO  server.RaftServerConfigKeys (ConfUtils.java:logGet(44)) - raft.server.log.statemachine.data.sync.timeout.retry = -1 (default)
2021-10-05 01:16:22,036 [pool-271-thread-1] INFO  server.RaftServerConfigKeys (ConfUtils.java:logGet(44)) - raft.server.log.write.buffer.size = 64KB (=65536) (default)
2021-10-05 01:16:22,036 [pool-271-thread-1] INFO  server.RaftServerConfigKeys (ConfUtils.java:logGet(44)) - raft.server.log.statemachine.data.caching.enabled = false (default)
2021-10-05 01:16:22,038 [pool-271-thread-1] INFO  server.RaftServer$Division (ServerState.java:setRaftConf(387)) - omNode-2@group-523986131536: set configuration 16: [omNode-3|rpc:localhost:10892|admin:|client:|dataStream:|priority:0, omNode-1|rpc:localhost:10880|admin:|client:|dataStream:|priority:0, omNode-2|rpc:localhost:10886|admin:|client:|dataStream:|priority:0], old=null
2021-10-05 01:16:22,038 [pool-271-thread-1] INFO  segmented.LogSegment (LogSegment.java:loadSegment(173)) - Successfully read 2 entries from segment file /home/runner/work/ozone/ozone/hadoop-ozone/integration-test/target/test-dir/MiniOzoneClusterImpl-46302e84-7680-4986-b584-895fe31d4053/omNode-2/ratis/c9bc4cf4-3bc3-3c60-a66b-523986131536/current/log_16-17
2021-10-05 01:16:22,039 [pool-271-thread-1] INFO  server.RaftServer$Division (ServerState.java:setRaftConf(387)) - omNode-2@group-523986131536: set configuration 18: [omNode-3|rpc:localhost:10892|admin:|client:|dataStream:|priority:0, omNode-1|rpc:localhost:10880|admin:|client:|dataStream:|priority:0, omNode-2|rpc:localhost:10886|admin:|client:|dataStream:|priority:0], old=null
2021-10-05 01:16:22,039 [pool-271-thread-1] INFO  segmented.LogSegment (LogSegment.java:loadSegment(173)) - Successfully read 4 entries from segment file /home/runner/work/ozone/ozone/hadoop-ozone/integration-test/target/test-dir/MiniOzoneClusterImpl-46302e84-7680-4986-b584-895fe31d4053/omNode-2/ratis/c9bc4cf4-3bc3-3c60-a66b-523986131536/current/log_inprogress_18
2021-10-05 01:16:22,039 [pool-271-thread-1] INFO  segmented.SegmentedRaftLogWorker (SegmentedRaftLogWorker.java:lambda$new$0(133)) - omNode-2@group-523986131536-SegmentedRaftLogWorker: flushIndex: setUnconditionally 0 -> 21
2021-10-05 01:16:22,039 [pool-271-thread-1] INFO  segmented.SegmentedRaftLogWorker (SegmentedRaftLogWorker.java:lambda$new$0(133)) - omNode-2@group-523986131536-SegmentedRaftLogWorker: safeCacheEvictIndex: setUnconditionally 0 -> 17
2021-10-05 01:16:22,039 [pool-271-thread-1] INFO  raftlog.RaftLog (RaftLogBase.java:lambda$new$0(53)) - omNode-2@group-523986131536-SegmentedRaftLog: commitIndex: updateToMax old=21, new=20, updated? false
2021-10-05 01:16:22,039 [pool-271-thread-1] INFO  raftlog.RaftLog (RaftLogBase.java:lambda$new$0(53)) - omNode-2@group-523986131536-SegmentedRaftLog: purgeIndex: updateIncreasingly -1 -> 15
2021-10-05 01:16:22,039 [pool-271-thread-1] INFO  server.RaftServerConfigKeys (ConfUtils.java:logGet(44)) - raft.server.snapshot.auto.trigger.enabled = true (custom)
2021-10-05 01:16:22,040 [pool-271-thread-1] INFO  server.RaftServerConfigKeys (ConfUtils.java:logGet(44)) - raft.server.snapshot.auto.trigger.threshold = 50 (custom)
2021-10-05 01:16:22,040 [pool-271-thread-1] INFO  server.RaftServerConfigKeys (ConfUtils.java:logGet(44)) - raft.server.snapshot.retention.file.num = -1 (default)
2021-10-05 01:16:22,040 [pool-271-thread-1] INFO  server.RaftServerConfigKeys (ConfUtils.java:logGet(44)) - raft.server.log.purge.upto.snapshot.index = true (custom)
2021-10-05 01:16:22,040 [pool-271-thread-1] INFO  server.RaftServerConfigKeys (ConfUtils.java:logGet(44)) - raft.server.retrycache.expirytime = 30000ms (custom)
2021-10-05 01:16:22,040 [pool-271-thread-1] INFO  server.RaftServerConfigKeys (ConfUtils.java:logGet(44)) - raft.server.retrycache.statistics.expirytime = 100μs (default)
2021-10-05 01:16:22,042 [Listener at localhost/10876] INFO  server.RaftServer$Division (RaftServerImpl.java:start(296)) - omNode-2@group-523986131536: start as a follower, conf=18: [omNode-3|rpc:localhost:10892|admin:|client:|dataStream:|priority:0, omNode-1|rpc:localhost:10880|admin:|client:|dataStream:|priority:0, omNode-2|rpc:localhost:10886|admin:|client:|dataStream:|priority:0], old=null
2021-10-05 01:16:22,042 [Listener at localhost/10876] INFO  server.RaftServer$Division (RaftServerImpl.java:setRole(285)) - omNode-2@group-523986131536: changes role from      null to FOLLOWER at term 4 for startAsFollower
2021-10-05 01:16:22,042 [Listener at localhost/10876] INFO  impl.RoleInfo (RoleInfo.java:updateAndGet(130)) - omNode-2: start omNode-2@group-523986131536-FollowerState
2021-10-05 01:16:22,043 [Listener at localhost/10876] INFO  util.JmxRegister (JmxRegister.java:tryRegister(44)) - Successfully registered JMX Bean with object name Ratis:service=RaftServer,group=group-523986131536,id=omNode-2
2021-10-05 01:16:22,045 [Listener at localhost/10876] INFO  server.RaftServer (RaftServerProxy.java:lambda$start$5(374)) - omNode-2: start RPC server
2021-10-05 01:16:22,045 [Listener at localhost/10876] INFO  server.GrpcService (GrpcService.java:startImpl(253)) - omNode-2: GrpcService started, listening on 10886
2021-10-05 01:16:22,051 [org.apache.ratis.util.JvmPauseMonitor$$Lambda$523/848064357@541bd6f9] INFO  util.JvmPauseMonitor (JvmPauseMonitor.java:run(103)) - JvmPauseMonitor-omNode-2: Started
2021-10-05 01:16:22,052 [Listener at localhost/10876] INFO  ipc.CallQueueManager (CallQueueManager.java:<init>(90)) - Using callQueue: class java.util.concurrent.LinkedBlockingQueue, queueCapacity: 2000, scheduler: class org.apache.hadoop.ipc.DefaultRpcScheduler, ipcBackoff: false.
2021-10-05 01:16:22,054 [Socket Reader #1 for port 10882] INFO  ipc.Server (Server.java:run(1265)) - Starting Socket Reader #1 for port 10882
2021-10-05 01:16:22,057 [Listener at localhost/10882] INFO  http.BaseHttpServer (BaseHttpServer.java:newHttpServer2BuilderForOzone(209)) - Starting Web-server for ozoneManager at: http://0.0.0.0:10884
2021-10-05 01:16:22,057 [Listener at localhost/10882] INFO  http.BaseHttpServer (BaseHttpServer.java:<init>(107)) - Hadoop Security Enabled: false Ozone Security Enabled: false Ozone HTTP Security Enabled: false 
2021-10-05 01:16:22,058 [Listener at localhost/10882] INFO  server.AuthenticationFilter (AuthenticationFilter.java:constructSecretProvider(240)) - Unable to initialize FileSignerSecretProvider, falling back to use random secrets.
2021-10-05 01:16:22,058 [Listener at localhost/10882] WARN  http.HttpRequestLog (HttpRequestLog.java:getRequestLog(103)) - Jetty request log can only be enabled using Log4j
2021-10-05 01:16:22,059 [Listener at localhost/10882] INFO  http.HttpServer2 (HttpServer2.java:addGlobalFilter(1030)) - Added global filter 'safety' (class=org.apache.hadoop.hdds.server.http.HttpServer2$QuotingInputFilter)
2021-10-05 01:16:22,060 [Listener at localhost/10882] INFO  http.HttpServer2 (HttpServer2.java:addFilter(1006)) - Added filter static_user_filter (class=org.apache.hadoop.http.lib.StaticUserWebFilter$StaticUserFilter) to context ozoneManager
2021-10-05 01:16:22,060 [Listener at localhost/10882] INFO  http.HttpServer2 (HttpServer2.java:addFilter(1014)) - Added filter static_user_filter (class=org.apache.hadoop.http.lib.StaticUserWebFilter$StaticUserFilter) to context static
2021-10-05 01:16:22,060 [Listener at localhost/10882] INFO  http.HttpServer2 (HttpServer2.java:addFilter(1014)) - Added filter static_user_filter (class=org.apache.hadoop.http.lib.StaticUserWebFilter$StaticUserFilter) to context logs
2021-10-05 01:16:22,060 [Listener at localhost/10882] INFO  http.HttpServer2 (HttpServer2.java:bindListener(1249)) - Jetty bound to port 10884
2021-10-05 01:16:22,060 [Listener at localhost/10882] INFO  server.Server (Server.java:doStart(375)) - jetty-9.4.43.v20210629; built: 2021-06-30T11:07:22.254Z; git: 526006ecfa3af7f1a27ef3a288e2bef7ea9dd7e8; jvm 1.8.0_292-b10
2021-10-05 01:16:22,071 [Listener at localhost/10882] INFO  server.session (DefaultSessionIdManager.java:doStart(334)) - DefaultSessionIdManager workerName=node0
2021-10-05 01:16:22,071 [Listener at localhost/10882] INFO  server.session (DefaultSessionIdManager.java:doStart(339)) - No SessionScavenger set, using defaults
2021-10-05 01:16:22,072 [Listener at localhost/10882] INFO  server.session (HouseKeeper.java:startScavenging(132)) - node0 Scavenging every 660000ms
2021-10-05 01:16:22,072 [Listener at localhost/10882] INFO  handler.ContextHandler (ContextHandler.java:doStart(915)) - Started o.e.j.s.ServletContextHandler@7fc96915{logs,/logs,file:///home/runner/work/ozone/ozone/hadoop-ozone/integration-test/target/log,AVAILABLE}
2021-10-05 01:16:22,073 [Listener at localhost/10882] INFO  handler.ContextHandler (ContextHandler.java:doStart(915)) - Started o.e.j.s.ServletContextHandler@401201e0{static,/static,file:///home/runner/work/ozone/ozone/hadoop-ozone/integration-test/target/test-classes/webapps/static,AVAILABLE}
2021-10-05 01:16:22,080 [Listener at localhost/10882] INFO  handler.ContextHandler (ContextHandler.java:doStart(915)) - Started o.e.j.w.WebAppContext@62571613{ozoneManager,/,file:///home/runner/work/ozone/ozone/hadoop-ozone/integration-test/target/test-classes/webapps/ozoneManager/,AVAILABLE}{file:/home/runner/work/ozone/ozone/hadoop-ozone/integration-test/target/test-classes/webapps/ozoneManager}
2021-10-05 01:16:22,081 [Listener at localhost/10882] INFO  server.AbstractConnector (AbstractConnector.java:doStart(331)) - Started ServerConnector@343c72e2{HTTP/1.1, (http/1.1)}{0.0.0.0:10884}
2021-10-05 01:16:22,081 [Listener at localhost/10882] INFO  server.Server (Server.java:doStart(415)) - Started @155459ms
2021-10-05 01:16:22,082 [Listener at localhost/10882] WARN  impl.MetricsSystemImpl (MetricsSystemImpl.java:register(279)) - Sink prometheus already exists!
2021-10-05 01:16:22,082 [Listener at localhost/10882] INFO  http.BaseHttpServer (BaseHttpServer.java:updateConnectorAddress(329)) - HTTP server of ozoneManager listening at http://0.0.0.0:10884
2021-10-05 01:16:22,082 [IPC Server Responder] INFO  ipc.Server (Server.java:run(1507)) - IPC Server Responder: starting
2021-10-05 01:16:22,089 [IPC Server listener on 10882] INFO  ipc.Server (Server.java:run(1344)) - IPC Server listener on 10882: starting
2021-10-05 01:16:22,099 [Listener at localhost/10882] INFO  om.OzoneManager (OzoneManager.java:startTrashEmptier(1543)) - Trash Interval set to 0. Files deleted will not move to trash
2021-10-05 01:16:22,099 [org.apache.hadoop.util.JvmPauseMonitor$Monitor@4a005b54] INFO  util.JvmPauseMonitor (JvmPauseMonitor.java:run(188)) - Starting JVM pause monitor
]]></system-out>
  </testcase>
  <testcase name="testPrepareWithTransactions" classname="org.apache.hadoop.ozone.om.TestOzoneManagerPrepare" time="125.706">
    <error message="timeout: after 120000 millis" type="java.util.concurrent.TimeoutException">java.util.concurrent.TimeoutException: timeout: after 120000 millis
	at org.apache.ozone.test.LambdaTestUtils$GenerateTimeout.evaluate(LambdaTestUtils.java:677)
	at org.apache.ozone.test.LambdaTestUtils.await(LambdaTestUtils.java:154)
	at org.apache.ozone.test.LambdaTestUtils.await(LambdaTestUtils.java:192)
	at org.apache.hadoop.ozone.om.TestOzoneManagerPrepare.assertClusterNotPrepared(TestOzoneManagerPrepare.java:484)
	at org.apache.hadoop.ozone.om.TestOzoneManagerPrepare.assertClusterNotPrepared(TestOzoneManagerPrepare.java:478)
	at org.apache.hadoop.ozone.om.TestOzoneManagerPrepare.initOM(TestOzoneManagerPrepare.java:91)
	at sun.reflect.NativeMethodAccessorImpl.invoke0(Native Method)
	at sun.reflect.NativeMethodAccessorImpl.invoke(NativeMethodAccessorImpl.java:62)
	at sun.reflect.DelegatingMethodAccessorImpl.invoke(DelegatingMethodAccessorImpl.java:43)
	at java.lang.reflect.Method.invoke(Method.java:498)
	at org.junit.runners.model.FrameworkMethod$1.runReflectiveCall(FrameworkMethod.java:59)
	at org.junit.internal.runners.model.ReflectiveCallable.run(ReflectiveCallable.java:12)
	at org.junit.runners.model.FrameworkMethod.invokeExplosively(FrameworkMethod.java:56)
	at org.junit.internal.runners.statements.RunBefores.invokeMethod(RunBefores.java:33)
	at org.junit.internal.runners.statements.RunBefores.evaluate(RunBefores.java:24)
	at org.junit.internal.runners.statements.RunAfters.evaluate(RunAfters.java:27)
	at org.junit.rules.ExpectedException$ExpectedExceptionStatement.evaluate(ExpectedException.java:258)
	at org.junit.internal.runners.statements.FailOnTimeout$CallableStatement.call(FailOnTimeout.java:288)
	at org.junit.internal.runners.statements.FailOnTimeout$CallableStatement.call(FailOnTimeout.java:282)
	at java.util.concurrent.FutureTask.run(FutureTask.java:266)
	at java.lang.Thread.run(Thread.java:748)
</error>
    <system-out><![CDATA[2021-10-05 01:16:22,125 [Time-limited test] INFO  retry.RetryInvocationHandler (RetryInvocationHandler.java:log(411)) - com.google.protobuf.ServiceException: org.apache.hadoop.ipc.RemoteException(org.apache.hadoop.ozone.om.exceptions.OMNotLeaderException): OM:omNode-2 is not the leader. Could not determine the leader node.
	at org.apache.hadoop.ozone.om.ratis.utils.OzoneManagerRatisUtils.createNotLeaderException(OzoneManagerRatisUtils.java:465)
	at org.apache.hadoop.ozone.om.ratis.utils.OzoneManagerRatisUtils.checkLeaderStatus(OzoneManagerRatisUtils.java:451)
	at org.apache.hadoop.ozone.protocolPB.OzoneManagerProtocolServerSideTranslatorPB.checkLeaderStatus(OzoneManagerProtocolServerSideTranslatorPB.java:242)
	at org.apache.hadoop.ozone.protocolPB.OzoneManagerProtocolServerSideTranslatorPB.processRequest(OzoneManagerProtocolServerSideTranslatorPB.java:135)
	at org.apache.hadoop.hdds.server.OzoneProtocolMessageDispatcher.processRequest(OzoneProtocolMessageDispatcher.java:87)
	at org.apache.hadoop.ozone.protocolPB.OzoneManagerProtocolServerSideTranslatorPB.submitRequest(OzoneManagerProtocolServerSideTranslatorPB.java:123)
	at org.apache.hadoop.ozone.protocol.proto.OzoneManagerProtocolProtos$OzoneManagerService$2.callBlockingMethod(OzoneManagerProtocolProtos.java)
	at org.apache.hadoop.ipc.ProtobufRpcEngine$Server.processCall(ProtobufRpcEngine.java:466)
	at org.apache.hadoop.ipc.ProtobufRpcEngine2$Server$ProtoBufRpcInvoker.call(ProtobufRpcEngine2.java:574)
	at org.apache.hadoop.ipc.ProtobufRpcEngine2$Server$ProtoBufRpcInvoker.call(ProtobufRpcEngine2.java:552)
	at org.apache.hadoop.ipc.RPC$Server.call(RPC.java:1093)
	at org.apache.hadoop.ipc.Server$RpcCall.run(Server.java:1035)
	at org.apache.hadoop.ipc.Server$RpcCall.run(Server.java:963)
	at java.security.AccessController.doPrivileged(Native Method)
	at javax.security.auth.Subject.doAs(Subject.java:422)
	at org.apache.hadoop.security.UserGroupInformation.doAs(UserGroupInformation.java:1878)
	at org.apache.hadoop.ipc.Server$Handler.run(Server.java:2966)
, while invoking $Proxy52.submitRequest over nodeId=omNode-2,nodeAddress=127.0.0.1:10882. Trying to failover immediately.
2021-10-05 01:16:22,130 [Time-limited test] INFO  retry.RetryInvocationHandler (RetryInvocationHandler.java:log(411)) - com.google.protobuf.ServiceException: org.apache.hadoop.ipc.RemoteException(org.apache.hadoop.ozone.om.exceptions.OMNotLeaderException): OM:omNode-3 is not the leader. Could not determine the leader node.
	at org.apache.hadoop.ozone.om.ratis.utils.OzoneManagerRatisUtils.createNotLeaderException(OzoneManagerRatisUtils.java:465)
	at org.apache.hadoop.ozone.om.ratis.utils.OzoneManagerRatisUtils.checkLeaderStatus(OzoneManagerRatisUtils.java:451)
	at org.apache.hadoop.ozone.protocolPB.OzoneManagerProtocolServerSideTranslatorPB.checkLeaderStatus(OzoneManagerProtocolServerSideTranslatorPB.java:242)
	at org.apache.hadoop.ozone.protocolPB.OzoneManagerProtocolServerSideTranslatorPB.processRequest(OzoneManagerProtocolServerSideTranslatorPB.java:135)
	at org.apache.hadoop.hdds.server.OzoneProtocolMessageDispatcher.processRequest(OzoneProtocolMessageDispatcher.java:87)
	at org.apache.hadoop.ozone.protocolPB.OzoneManagerProtocolServerSideTranslatorPB.submitRequest(OzoneManagerProtocolServerSideTranslatorPB.java:123)
	at org.apache.hadoop.ozone.protocol.proto.OzoneManagerProtocolProtos$OzoneManagerService$2.callBlockingMethod(OzoneManagerProtocolProtos.java)
	at org.apache.hadoop.ipc.ProtobufRpcEngine$Server.processCall(ProtobufRpcEngine.java:466)
	at org.apache.hadoop.ipc.ProtobufRpcEngine2$Server$ProtoBufRpcInvoker.call(ProtobufRpcEngine2.java:574)
	at org.apache.hadoop.ipc.ProtobufRpcEngine2$Server$ProtoBufRpcInvoker.call(ProtobufRpcEngine2.java:552)
	at org.apache.hadoop.ipc.RPC$Server.call(RPC.java:1093)
	at org.apache.hadoop.ipc.Server$RpcCall.run(Server.java:1035)
	at org.apache.hadoop.ipc.Server$RpcCall.run(Server.java:963)
	at java.security.AccessController.doPrivileged(Native Method)
	at javax.security.auth.Subject.doAs(Subject.java:422)
	at org.apache.hadoop.security.UserGroupInformation.doAs(UserGroupInformation.java:1878)
	at org.apache.hadoop.ipc.Server$Handler.run(Server.java:2966)
, while invoking $Proxy52.submitRequest over nodeId=omNode-3,nodeAddress=127.0.0.1:10888 after 1 failover attempts. Trying to failover after sleeping for 2000ms.
2021-10-05 01:16:22,785 [omNode-3@group-523986131536-FollowerState] INFO  impl.FollowerState (FollowerState.java:run(134)) - omNode-3@group-523986131536-FollowerState: change to CANDIDATE, lastRpcElapsedTime:1082021597ns, electionTimeout:1081ms
2021-10-05 01:16:22,786 [omNode-3@group-523986131536-FollowerState] INFO  impl.RoleInfo (RoleInfo.java:shutdownFollowerState(108)) - omNode-3: shutdown omNode-3@group-523986131536-FollowerState
2021-10-05 01:16:22,786 [omNode-3@group-523986131536-FollowerState] INFO  server.RaftServer$Division (RaftServerImpl.java:setRole(285)) - omNode-3@group-523986131536: changes role from  FOLLOWER to CANDIDATE at term 4 for changeToCandidate
2021-10-05 01:16:22,786 [omNode-3@group-523986131536-FollowerState] INFO  server.RaftServerConfigKeys (ConfUtils.java:logGet(44)) - raft.server.leaderelection.pre-vote = false (custom)
2021-10-05 01:16:22,786 [omNode-3@group-523986131536-FollowerState] INFO  impl.RoleInfo (RoleInfo.java:updateAndGet(130)) - omNode-3: start omNode-3@group-523986131536-LeaderElection13
2021-10-05 01:16:22,789 [omNode-3@group-523986131536-LeaderElection13] INFO  impl.LeaderElection (LeaderElection.java:askForVotes(306)) - omNode-3@group-523986131536-LeaderElection13 ELECTION round 0: submit vote requests at term 5 for 18: [omNode-3|rpc:localhost:10892|admin:|client:|dataStream:|priority:0, omNode-1|rpc:localhost:10880|admin:|client:|dataStream:|priority:0, omNode-2|rpc:localhost:10886|admin:|client:|dataStream:|priority:0], old=null
2021-10-05 01:16:22,800 [grpc-default-executor-7] INFO  server.RaftServer$Division (RaftServerImpl.java:requestVote(1043)) - omNode-1@group-523986131536: receive requestVote(ELECTION, omNode-3, group-523986131536, 5, (t:4, i:21))
2021-10-05 01:16:22,801 [grpc-default-executor-7] INFO  impl.VoteContext (VoteContext.java:log(48)) - omNode-1@group-523986131536-FOLLOWER: accept ELECTION from omNode-3: our last entry (t:2, i:15) < candidate's last entry (t:4, i:21)
2021-10-05 01:16:22,802 [grpc-default-executor-7] INFO  server.RaftServer$Division (RaftServerImpl.java:setRole(285)) - omNode-1@group-523986131536: changes role from  FOLLOWER to FOLLOWER at term 5 for candidate:omNode-3
2021-10-05 01:16:22,802 [grpc-default-executor-7] INFO  impl.RoleInfo (RoleInfo.java:shutdownFollowerState(108)) - omNode-1: shutdown omNode-1@group-523986131536-FollowerState
2021-10-05 01:16:22,803 [omNode-1@group-523986131536-FollowerState] INFO  impl.FollowerState (FollowerState.java:run(143)) - omNode-1@group-523986131536-FollowerState was interrupted: {}
java.lang.InterruptedException: sleep interrupted
	at java.lang.Thread.sleep(Native Method)
	at java.lang.Thread.sleep(Thread.java:340)
	at java.util.concurrent.TimeUnit.sleep(TimeUnit.java:386)
	at org.apache.ratis.util.TimeDuration.sleep(TimeDuration.java:324)
	at org.apache.ratis.util.TimeDuration.sleep(TimeDuration.java:309)
	at org.apache.ratis.server.impl.FollowerState.run(FollowerState.java:118)
2021-10-05 01:16:22,803 [grpc-default-executor-2] INFO  server.RaftServer$Division (RaftServerImpl.java:requestVote(1043)) - omNode-2@group-523986131536: receive requestVote(ELECTION, omNode-3, group-523986131536, 5, (t:4, i:21))
2021-10-05 01:16:22,803 [grpc-default-executor-2] INFO  impl.VoteContext (VoteContext.java:log(48)) - omNode-2@group-523986131536-FOLLOWER: accept ELECTION from omNode-3: our priority 0 <= candidate's priority 0
2021-10-05 01:16:22,803 [grpc-default-executor-2] INFO  server.RaftServer$Division (RaftServerImpl.java:setRole(285)) - omNode-2@group-523986131536: changes role from  FOLLOWER to FOLLOWER at term 5 for candidate:omNode-3
2021-10-05 01:16:22,803 [grpc-default-executor-2] INFO  impl.RoleInfo (RoleInfo.java:shutdownFollowerState(108)) - omNode-2: shutdown omNode-2@group-523986131536-FollowerState
2021-10-05 01:16:22,804 [grpc-default-executor-2] INFO  impl.RoleInfo (RoleInfo.java:updateAndGet(130)) - omNode-2: start omNode-2@group-523986131536-FollowerState
2021-10-05 01:16:22,804 [omNode-2@group-523986131536-FollowerState] INFO  impl.FollowerState (FollowerState.java:run(143)) - omNode-2@group-523986131536-FollowerState was interrupted: {}
java.lang.InterruptedException: sleep interrupted
	at java.lang.Thread.sleep(Native Method)
	at java.lang.Thread.sleep(Thread.java:340)
	at java.util.concurrent.TimeUnit.sleep(TimeUnit.java:386)
	at org.apache.ratis.util.TimeDuration.sleep(TimeDuration.java:324)
	at org.apache.ratis.util.TimeDuration.sleep(TimeDuration.java:309)
	at org.apache.ratis.server.impl.FollowerState.run(FollowerState.java:118)
2021-10-05 01:16:22,803 [grpc-default-executor-7] INFO  impl.RoleInfo (RoleInfo.java:updateAndGet(130)) - omNode-1: start omNode-1@group-523986131536-FollowerState
2021-10-05 01:16:22,810 [grpc-default-executor-2] INFO  server.RaftServer$Division (RaftServerImpl.java:requestVote(1075)) - omNode-2@group-523986131536 replies to ELECTION vote request: omNode-3<-omNode-2#0:OK-t5. Peer's state: omNode-2@group-523986131536:t5, leader=null, voted=omNode-3, raftlog=omNode-2@group-523986131536-SegmentedRaftLog:OPENED:c21,f21,i21, conf=18: [omNode-3|rpc:localhost:10892|admin:|client:|dataStream:|priority:0, omNode-1|rpc:localhost:10880|admin:|client:|dataStream:|priority:0, omNode-2|rpc:localhost:10886|admin:|client:|dataStream:|priority:0], old=null
2021-10-05 01:16:22,811 [grpc-default-executor-7] INFO  server.RaftServer$Division (RaftServerImpl.java:requestVote(1075)) - omNode-1@group-523986131536 replies to ELECTION vote request: omNode-3<-omNode-1#0:OK-t5. Peer's state: omNode-1@group-523986131536:t5, leader=null, voted=omNode-3, raftlog=omNode-1@group-523986131536-SegmentedRaftLog:OPENED:c15,f15,i0, conf=18: [omNode-3|rpc:localhost:10892|admin:|client:|dataStream:|priority:0, omNode-1|rpc:localhost:10880|admin:|client:|dataStream:|priority:0, omNode-2|rpc:localhost:10886|admin:|client:|dataStream:|priority:0], old=null
2021-10-05 01:16:22,811 [omNode-3@group-523986131536-LeaderElection13] INFO  impl.LeaderElection (LeaderElection.java:logAndReturn(89)) - omNode-3@group-523986131536-LeaderElection13: ELECTION PASSED received 1 response(s) and 0 exception(s):
2021-10-05 01:16:22,812 [omNode-3@group-523986131536-LeaderElection13] INFO  impl.LeaderElection (LeaderElection.java:logAndReturn(93)) -   Response 0: omNode-3<-omNode-2#0:OK-t5
2021-10-05 01:16:22,812 [omNode-3@group-523986131536-LeaderElection13] INFO  impl.LeaderElection (LeaderElection.java:askForVotes(308)) - omNode-3@group-523986131536-LeaderElection13 ELECTION round 0: result PASSED
2021-10-05 01:16:22,812 [omNode-3@group-523986131536-LeaderElection13] INFO  impl.RoleInfo (RoleInfo.java:shutdownLeaderElection(121)) - omNode-3: shutdown omNode-3@group-523986131536-LeaderElection13
2021-10-05 01:16:22,812 [omNode-3@group-523986131536-LeaderElection13] INFO  server.RaftServer$Division (RaftServerImpl.java:setRole(285)) - omNode-3@group-523986131536: changes role from CANDIDATE to LEADER at term 5 for changeToLeader
2021-10-05 01:16:22,812 [omNode-3@group-523986131536-LeaderElection13] INFO  server.RaftServer$Division (ServerState.java:setLeader(285)) - omNode-3@group-523986131536: change Leader from null to omNode-3 at term 5 for becomeLeader, leader elected after 1117ms
2021-10-05 01:16:22,812 [omNode-3@group-523986131536-LeaderElection13] INFO  server.RaftServerConfigKeys (ConfUtils.java:logGet(44)) - raft.server.staging.catchup.gap = 1000 (default)
2021-10-05 01:16:22,813 [omNode-3@group-523986131536-LeaderElection13] INFO  server.RaftServerConfigKeys (ConfUtils.java:logGet(44)) - raft.server.write.element-limit = 4096 (default)
2021-10-05 01:16:22,813 [omNode-3@group-523986131536-LeaderElection13] INFO  server.RaftServerConfigKeys (ConfUtils.java:logGet(44)) - raft.server.write.byte-limit = 64MB (=67108864) (default)
2021-10-05 01:16:22,814 [omNode-3@group-523986131536-LeaderElection13] INFO  server.RaftServerConfigKeys (ConfUtils.java:logGet(44)) - raft.server.watch.timeout = 10s (default)
2021-10-05 01:16:22,814 [omNode-3@group-523986131536-LeaderElection13] INFO  server.RaftServerConfigKeys (ConfUtils.java:logGet(44)) - raft.server.watch.timeout.denomination = 1s (default)
2021-10-05 01:16:22,814 [omNode-3@group-523986131536-LeaderElection13] INFO  server.RaftServerConfigKeys (ConfUtils.java:logGet(44)) - raft.server.watch.element-limit = 65536 (default)
2021-10-05 01:16:22,814 [omNode-3@group-523986131536-LeaderElection13] INFO  server.RaftServerConfigKeys (ConfUtils.java:logGet(44)) - raft.server.log.appender.snapshot.chunk.size.max = 16MB (=16777216) (default)
2021-10-05 01:16:22,814 [omNode-3@group-523986131536-LeaderElection13] INFO  server.RaftServerConfigKeys (ConfUtils.java:logGet(44)) - raft.server.log.appender.buffer.byte-limit = 33554432 (custom)
2021-10-05 01:16:22,814 [omNode-3@group-523986131536-LeaderElection13] INFO  server.RaftServerConfigKeys (ConfUtils.java:logGet(44)) - raft.server.log.appender.buffer.element-limit = 1024 (custom)
2021-10-05 01:16:22,814 [omNode-3@group-523986131536-LeaderElection13] INFO  grpc.GrpcConfigKeys (ConfUtils.java:logGet(44)) - raft.grpc.server.leader.outstanding.appends.max = 128 (default)
2021-10-05 01:16:22,814 [omNode-3@group-523986131536-LeaderElection13] INFO  server.RaftServerConfigKeys (ConfUtils.java:logGet(44)) - raft.server.rpc.request.timeout = 3000ms (default)
2021-10-05 01:16:22,814 [omNode-3@group-523986131536-LeaderElection13] INFO  server.RaftServerConfigKeys (ConfUtils.java:logGet(44)) - raft.server.log.appender.install.snapshot.enabled = false (custom)
2021-10-05 01:16:22,815 [omNode-3@group-523986131536-LeaderElection13] INFO  server.RaftServerConfigKeys (ConfUtils.java:logGet(44)) - raft.server.log.appender.snapshot.chunk.size.max = 16MB (=16777216) (default)
2021-10-05 01:16:22,816 [omNode-3@group-523986131536-LeaderElection13] INFO  server.RaftServerConfigKeys (ConfUtils.java:logGet(44)) - raft.server.log.appender.buffer.byte-limit = 33554432 (custom)
2021-10-05 01:16:22,816 [omNode-3@group-523986131536-LeaderElection13] INFO  server.RaftServerConfigKeys (ConfUtils.java:logGet(44)) - raft.server.log.appender.buffer.element-limit = 1024 (custom)
2021-10-05 01:16:22,816 [omNode-3@group-523986131536-LeaderElection13] INFO  grpc.GrpcConfigKeys (ConfUtils.java:logGet(44)) - raft.grpc.server.leader.outstanding.appends.max = 128 (default)
2021-10-05 01:16:22,816 [omNode-3@group-523986131536-LeaderElection13] INFO  server.RaftServerConfigKeys (ConfUtils.java:logGet(44)) - raft.server.rpc.request.timeout = 3000ms (default)
2021-10-05 01:16:22,816 [omNode-3@group-523986131536-LeaderElection13] INFO  server.RaftServerConfigKeys (ConfUtils.java:logGet(44)) - raft.server.log.appender.install.snapshot.enabled = false (custom)
2021-10-05 01:16:22,818 [omNode-3@group-523986131536-LeaderElection13] INFO  impl.RoleInfo (RoleInfo.java:updateAndGet(130)) - omNode-3: start omNode-3@group-523986131536-LeaderStateImpl
2021-10-05 01:16:22,818 [omNode-3@group-523986131536-LeaderElection13] INFO  segmented.SegmentedRaftLogWorker (SegmentedRaftLogWorker.java:rollLogSegment(399)) - omNode-3@group-523986131536-SegmentedRaftLogWorker: Rolling segment log-18_21 to index:21
2021-10-05 01:16:22,830 [omNode-3@group-523986131536-SegmentedRaftLogWorker] INFO  segmented.SegmentedRaftLogWorker (SegmentedRaftLogWorker.java:execute(558)) - omNode-3@group-523986131536-SegmentedRaftLogWorker: Rolled log segment from /home/runner/work/ozone/ozone/hadoop-ozone/integration-test/target/test-dir/MiniOzoneClusterImpl-46302e84-7680-4986-b584-895fe31d4053/omNode-3/ratis/c9bc4cf4-3bc3-3c60-a66b-523986131536/current/log_inprogress_18 to /home/runner/work/ozone/ozone/hadoop-ozone/integration-test/target/test-dir/MiniOzoneClusterImpl-46302e84-7680-4986-b584-895fe31d4053/omNode-3/ratis/c9bc4cf4-3bc3-3c60-a66b-523986131536/current/log_18-21
2021-10-05 01:16:22,830 [omNode-3@group-523986131536-LeaderElection13] INFO  server.RaftServer$Division (ServerState.java:setRaftConf(387)) - omNode-3@group-523986131536: set configuration 22: [omNode-3|rpc:localhost:10892|admin:|client:|dataStream:|priority:0, omNode-1|rpc:localhost:10880|admin:|client:|dataStream:|priority:0, omNode-2|rpc:localhost:10886|admin:|client:|dataStream:|priority:0], old=null
2021-10-05 01:16:22,838 [grpc-default-executor-2] INFO  server.RaftServer$Division (ServerState.java:setLeader(285)) - omNode-1@group-523986131536: change Leader from null to omNode-3 at term 5 for appendEntries, leader elected after 947ms
2021-10-05 01:16:22,838 [grpc-default-executor-6] INFO  server.RaftServer$Division (ServerState.java:setLeader(285)) - omNode-2@group-523986131536: change Leader from null to omNode-3 at term 5 for appendEntries, leader elected after 805ms
2021-10-05 01:16:22,839 [grpc-default-executor-2] INFO  server.RaftServer$Division (RaftServerImpl.java:checkInconsistentAppendEntries(1319)) - omNode-1@group-523986131536: Failed appendEntries as previous log entry ((t:4, i:21)) is not found
2021-10-05 01:16:22,839 [grpc-default-executor-2] INFO  server.RaftServer$Division (RaftServerImpl.java:checkInconsistentAppendEntries(1285)) - omNode-1@group-523986131536: inconsistency entries. Reply:omNode-3<-omNode-1#0:FAIL-t5,INCONSISTENCY,nextIndex=16,followerCommit=15
2021-10-05 01:16:22,840 [grpc-default-executor-6] INFO  server.RaftServer$Division (RaftServerImpl.java:checkInconsistentAppendEntries(1319)) - omNode-1@group-523986131536: Failed appendEntries as previous log entry ((t:4, i:21)) is not found
2021-10-05 01:16:22,840 [grpc-default-executor-6] INFO  server.RaftServer$Division (RaftServerImpl.java:checkInconsistentAppendEntries(1285)) - omNode-1@group-523986131536: inconsistency entries. Reply:omNode-3<-omNode-1#1:FAIL-t5,INCONSISTENCY,nextIndex=16,followerCommit=15
2021-10-05 01:16:22,842 [grpc-default-executor-7] INFO  leader.FollowerInfo (FollowerInfoImpl.java:lambda$new$0(46)) - omNode-3@group-523986131536->omNode-1: nextIndex: updateUnconditionally 23 -> 16
2021-10-05 01:16:22,843 [omNode-3@group-523986131536->omNode-1-GrpcLogAppender-LogAppenderDaemon] ERROR leader.LogAppenderDaemon (LogAppenderDaemon.java:run(86)) - omNode-3@group-523986131536->omNode-1-GrpcLogAppender-LogAppenderDaemon failed
java.lang.NullPointerException: omNode-3@group-523986131536->omNode-1: Previous TermIndex not found for firstIndex = 16
	at java.util.Objects.requireNonNull(Objects.java:290)
	at org.apache.ratis.server.leader.LogAppenderBase.assertProtos(LogAppenderBase.java:169)
	at org.apache.ratis.server.leader.LogAppenderBase.newAppendEntriesRequest(LogAppenderBase.java:154)
	at org.apache.ratis.grpc.server.GrpcLogAppender.appendLog(GrpcLogAppender.java:211)
	at org.apache.ratis.grpc.server.GrpcLogAppender.run(GrpcLogAppender.java:145)
	at org.apache.ratis.server.leader.LogAppenderDaemon.run(LogAppenderDaemon.java:77)
	at java.lang.Thread.run(Thread.java:748)
2021-10-05 01:16:22,843 [omNode-3@group-523986131536->omNode-1-GrpcLogAppender-LogAppenderDaemon] INFO  server.RaftServer$Division (LeaderStateImpl.java:restart(501)) - omNode-3@group-523986131536-LeaderStateImpl: Restarting GrpcLogAppender for omNode-3@group-523986131536->omNode-1
2021-10-05 01:16:22,843 [omNode-3@group-523986131536->omNode-1-GrpcLogAppender-LogAppenderDaemon] INFO  server.RaftServerConfigKeys (ConfUtils.java:logGet(44)) - raft.server.log.appender.snapshot.chunk.size.max = 16MB (=16777216) (default)
2021-10-05 01:16:22,843 [omNode-3@group-523986131536->omNode-1-GrpcLogAppender-LogAppenderDaemon] INFO  server.RaftServerConfigKeys (ConfUtils.java:logGet(44)) - raft.server.log.appender.buffer.byte-limit = 33554432 (custom)
2021-10-05 01:16:22,843 [omNode-3@group-523986131536->omNode-1-GrpcLogAppender-LogAppenderDaemon] INFO  server.RaftServerConfigKeys (ConfUtils.java:logGet(44)) - raft.server.log.appender.buffer.element-limit = 1024 (custom)
2021-10-05 01:16:22,843 [omNode-3@group-523986131536->omNode-1-GrpcLogAppender-LogAppenderDaemon] INFO  grpc.GrpcConfigKeys (ConfUtils.java:logGet(44)) - raft.grpc.server.leader.outstanding.appends.max = 128 (default)
2021-10-05 01:16:22,843 [omNode-3@group-523986131536->omNode-1-GrpcLogAppender-LogAppenderDaemon] INFO  server.RaftServerConfigKeys (ConfUtils.java:logGet(44)) - raft.server.rpc.request.timeout = 3000ms (default)
2021-10-05 01:16:22,843 [omNode-3@group-523986131536->omNode-1-GrpcLogAppender-LogAppenderDaemon] INFO  server.RaftServerConfigKeys (ConfUtils.java:logGet(44)) - raft.server.log.appender.install.snapshot.enabled = false (custom)
2021-10-05 01:16:22,845 [omNode-3@group-523986131536-SegmentedRaftLogWorker] INFO  segmented.SegmentedRaftLogWorker (SegmentedRaftLogWorker.java:execute(601)) - omNode-3@group-523986131536-SegmentedRaftLogWorker: created new log segment /home/runner/work/ozone/ozone/hadoop-ozone/integration-test/target/test-dir/MiniOzoneClusterImpl-46302e84-7680-4986-b584-895fe31d4053/omNode-3/ratis/c9bc4cf4-3bc3-3c60-a66b-523986131536/current/log_inprogress_22
2021-10-05 01:16:22,849 [omNode-3@group-523986131536->omNode-1-GrpcLogAppender-LogAppenderDaemon] INFO  server.GrpcLogAppender (GrpcLogAppender.java:installSnapshot(524)) - omNode-3@group-523986131536->omNode-1-GrpcLogAppender: followerNextIndex = 0 but logStartIndex = 16, notify follower to install snapshot-(t:3, i:16)
2021-10-05 01:16:22,850 [grpc-default-executor-6] INFO  server.RaftServer$Division (RaftServerImpl.java:checkInconsistentAppendEntries(1319)) - omNode-1@group-523986131536: Failed appendEntries as previous log entry ((t:5, i:22)) is not found
2021-10-05 01:16:22,853 [grpc-default-executor-6] INFO  server.RaftServer$Division (RaftServerImpl.java:checkInconsistentAppendEntries(1285)) - omNode-1@group-523986131536: inconsistency entries. Reply:omNode-3<-omNode-1#2:FAIL-t5,INCONSISTENCY,nextIndex=16,followerCommit=15
2021-10-05 01:16:22,850 [grpc-default-executor-2] INFO  leader.FollowerInfo (FollowerInfoImpl.java:lambda$new$0(46)) - omNode-3@group-523986131536->omNode-1: nextIndex: updateUnconditionally 16 -> 16
2021-10-05 01:16:22,850 [grpc-default-executor-0] INFO  server.RaftServer$Division (ServerState.java:setRaftConf(387)) - omNode-2@group-523986131536: set configuration 22: [omNode-3|rpc:localhost:10892|admin:|client:|dataStream:|priority:0, omNode-1|rpc:localhost:10880|admin:|client:|dataStream:|priority:0, omNode-2|rpc:localhost:10886|admin:|client:|dataStream:|priority:0], old=null
2021-10-05 01:16:22,854 [grpc-default-executor-0] INFO  segmented.SegmentedRaftLogWorker (SegmentedRaftLogWorker.java:rollLogSegment(399)) - omNode-2@group-523986131536-SegmentedRaftLogWorker: Rolling segment log-18_21 to index:21
2021-10-05 01:16:22,854 [grpc-default-executor-2] INFO  leader.FollowerInfo (FollowerInfoImpl.java:lambda$new$0(46)) - omNode-3@group-523986131536->omNode-1: nextIndex: updateUnconditionally 16 -> 16
2021-10-05 01:16:22,860 [omNode-2@group-523986131536-SegmentedRaftLogWorker] INFO  segmented.SegmentedRaftLogWorker (SegmentedRaftLogWorker.java:execute(558)) - omNode-2@group-523986131536-SegmentedRaftLogWorker: Rolled log segment from /home/runner/work/ozone/ozone/hadoop-ozone/integration-test/target/test-dir/MiniOzoneClusterImpl-46302e84-7680-4986-b584-895fe31d4053/omNode-2/ratis/c9bc4cf4-3bc3-3c60-a66b-523986131536/current/log_inprogress_18 to /home/runner/work/ozone/ozone/hadoop-ozone/integration-test/target/test-dir/MiniOzoneClusterImpl-46302e84-7680-4986-b584-895fe31d4053/omNode-2/ratis/c9bc4cf4-3bc3-3c60-a66b-523986131536/current/log_18-21
2021-10-05 01:16:22,861 [omNode-3@group-523986131536->omNode-1-GrpcLogAppender-LogAppenderDaemon] INFO  server.GrpcLogAppender (GrpcLogAppender.java:installSnapshot(532)) - omNode-3@group-523986131536->omNode-1-GrpcLogAppender: send omNode-3->omNode-1#0-t5,notify:(t:3, i:16)
2021-10-05 01:16:22,867 [grpc-default-executor-2] INFO  server.RaftServer$Division (RaftServerImpl.java:installSnapshot(1329)) - omNode-1@group-523986131536: receive installSnapshot: omNode-3->omNode-1#0-t5,notify:(t:3, i:16)
2021-10-05 01:16:22,867 [grpc-default-executor-2] INFO  server.RaftServer$Division (RaftServerImpl.java:notifyStateMachineToInstallSnapshot(1560)) - omNode-1@group-523986131536: StateMachine snapshotIndex is 15
2021-10-05 01:16:22,868 [grpc-default-executor-2] INFO  server.RaftServer$Division (RaftServerImpl.java:installSnapshotImpl(1459)) - omNode-1@group-523986131536: set new configuration index: 22
configurationEntry {
  peers {
    id: "omNode-3"
    address: "localhost:10892"
  }
  peers {
    id: "omNode-1"
    address: "localhost:10880"
  }
  peers {
    id: "omNode-2"
    address: "localhost:10886"
  }
}
 from snapshot
2021-10-05 01:16:22,869 [omNode-2@group-523986131536-SegmentedRaftLogWorker] INFO  segmented.SegmentedRaftLogWorker (SegmentedRaftLogWorker.java:execute(601)) - omNode-2@group-523986131536-SegmentedRaftLogWorker: created new log segment /home/runner/work/ozone/ozone/hadoop-ozone/integration-test/target/test-dir/MiniOzoneClusterImpl-46302e84-7680-4986-b584-895fe31d4053/omNode-2/ratis/c9bc4cf4-3bc3-3c60-a66b-523986131536/current/log_inprogress_22
2021-10-05 01:16:22,869 [grpc-default-executor-2] INFO  server.RaftServer$Division (ServerState.java:setRaftConf(387)) - omNode-1@group-523986131536: set configuration 22: [omNode-3|rpc:localhost:10892|admin:|client:|dataStream:|priority:0, omNode-1|rpc:localhost:10880|admin:|client:|dataStream:|priority:0, omNode-2|rpc:localhost:10886|admin:|client:|dataStream:|priority:0], old=null
2021-10-05 01:16:22,871 [grpc-default-executor-2] INFO  ratis.OzoneManagerStateMachine (OzoneManagerStateMachine.java:notifyConfigurationChanged(188)) - Received Configuration change notification from Ratis. New Peer list:
[id: "omNode-3"
address: "localhost:10892"
, id: "omNode-1"
address: "localhost:10880"
, id: "omNode-2"
address: "localhost:10886"
]
2021-10-05 01:16:22,871 [grpc-default-executor-2] INFO  server.RaftServer$Division (RaftServerImpl.java:installSnapshot(1340)) - omNode-1@group-523986131536: reply installSnapshot: omNode-3<-omNode-1#0:FAIL-t5,ALREADY_INSTALLED,snapshotIndex=15
2021-10-05 01:16:22,871 [grpc-default-executor-2] INFO  server.GrpcServerProtocolService (GrpcServerProtocolService.java:onCompleted(140)) - omNode-1: Completed INSTALL_SNAPSHOT, lastRequest: omNode-3->omNode-1#0-t5,notify:(t:3, i:16)
2021-10-05 01:16:22,872 [grpc-default-executor-6] INFO  server.GrpcLogAppender (GrpcLogAppender.java:onNext(400)) - omNode-3@group-523986131536->omNode-1-InstallSnapshotResponseHandler: received the first reply omNode-3<-omNode-1#0:FAIL-t5,ALREADY_INSTALLED,snapshotIndex=15
2021-10-05 01:16:22,872 [grpc-default-executor-6] INFO  server.GrpcLogAppender (GrpcLogAppender.java:onNext(422)) - omNode-3@group-523986131536->omNode-1-InstallSnapshotResponseHandler: Already Installed Snapshot Index 15.
2021-10-05 01:16:22,872 [grpc-default-executor-6] INFO  leader.FollowerInfo (FollowerInfoImpl.java:lambda$new$0(46)) - omNode-3@group-523986131536->omNode-1: snapshotIndex: setUnconditionally 0 -> 15
2021-10-05 01:16:22,872 [grpc-default-executor-6] INFO  leader.FollowerInfo (FollowerInfoImpl.java:lambda$new$0(46)) - omNode-3@group-523986131536->omNode-1: matchIndex: setUnconditionally 0 -> 15
2021-10-05 01:16:22,872 [grpc-default-executor-6] INFO  leader.FollowerInfo (FollowerInfoImpl.java:lambda$new$0(46)) - omNode-3@group-523986131536->omNode-1: nextIndex: setUnconditionally 0 -> 16
2021-10-05 01:16:22,872 [grpc-default-executor-6] INFO  leader.FollowerInfo (FollowerInfoImpl.java:lambda$new$0(46)) - omNode-3@group-523986131536->omNode-1: nextIndex: updateToMax old=16, new=16, updated? false
2021-10-05 01:16:22,874 [omNode-3@group-523986131536-StateMachineUpdater] INFO  ratis.OzoneManagerStateMachine (OzoneManagerStateMachine.java:notifyConfigurationChanged(188)) - Received Configuration change notification from Ratis. New Peer list:
[id: "omNode-3"
address: "localhost:10892"
, id: "omNode-1"
address: "localhost:10880"
, id: "omNode-2"
address: "localhost:10886"
]
2021-10-05 01:16:22,878 [omNode-2@group-523986131536-StateMachineUpdater] INFO  ratis.OzoneManagerStateMachine (OzoneManagerStateMachine.java:notifyConfigurationChanged(188)) - Received Configuration change notification from Ratis. New Peer list:
[id: "omNode-3"
address: "localhost:10892"
, id: "omNode-1"
address: "localhost:10880"
, id: "omNode-2"
address: "localhost:10886"
]
2021-10-05 01:16:23,386 [grpc-default-executor-6] INFO  server.RaftServer$Division (RaftServerImpl.java:checkInconsistentAppendEntries(1319)) - omNode-1@group-523986131536: Failed appendEntries as previous log entry ((t:5, i:23)) is not found
2021-10-05 01:16:23,387 [grpc-default-executor-6] INFO  server.RaftServer$Division (RaftServerImpl.java:checkInconsistentAppendEntries(1285)) - omNode-1@group-523986131536: inconsistency entries. Reply:omNode-3<-omNode-1#54:FAIL-t5,INCONSISTENCY,nextIndex=16,followerCommit=15
2021-10-05 01:16:23,388 [grpc-default-executor-6] INFO  leader.FollowerInfo (FollowerInfoImpl.java:lambda$new$0(46)) - omNode-3@group-523986131536->omNode-1: nextIndex: updateUnconditionally 24 -> 16
2021-10-05 01:16:23,889 [grpc-default-executor-6] INFO  server.RaftServer$Division (RaftServerImpl.java:checkInconsistentAppendEntries(1319)) - omNode-1@group-523986131536: Failed appendEntries as previous log entry ((t:5, i:23)) is not found
2021-10-05 01:16:23,889 [grpc-default-executor-6] INFO  server.RaftServer$Division (RaftServerImpl.java:checkInconsistentAppendEntries(1285)) - omNode-1@group-523986131536: inconsistency entries. Reply:omNode-3<-omNode-1#105:FAIL-t5,INCONSISTENCY,nextIndex=16,followerCommit=15
2021-10-05 01:16:23,889 [grpc-default-executor-6] INFO  leader.FollowerInfo (FollowerInfoImpl.java:lambda$new$0(46)) - omNode-3@group-523986131536->omNode-1: nextIndex: updateUnconditionally 24 -> 16
2021-10-05 01:16:24,144 [Time-limited test] INFO  retry.RetryInvocationHandler (RetryInvocationHandler.java:log(411)) - com.google.protobuf.ServiceException: org.apache.hadoop.ipc.RemoteException(org.apache.hadoop.ozone.om.exceptions.OMNotLeaderException): OM:omNode-1 is not the leader. Could not determine the leader node.
	at org.apache.hadoop.ozone.om.ratis.utils.OzoneManagerRatisUtils.createNotLeaderException(OzoneManagerRatisUtils.java:465)
	at org.apache.hadoop.ozone.om.ratis.utils.OzoneManagerRatisUtils.checkLeaderStatus(OzoneManagerRatisUtils.java:451)
	at org.apache.hadoop.ozone.protocolPB.OzoneManagerProtocolServerSideTranslatorPB.checkLeaderStatus(OzoneManagerProtocolServerSideTranslatorPB.java:242)
	at org.apache.hadoop.ozone.protocolPB.OzoneManagerProtocolServerSideTranslatorPB.processRequest(OzoneManagerProtocolServerSideTranslatorPB.java:135)
	at org.apache.hadoop.hdds.server.OzoneProtocolMessageDispatcher.processRequest(OzoneProtocolMessageDispatcher.java:87)
	at org.apache.hadoop.ozone.protocolPB.OzoneManagerProtocolServerSideTranslatorPB.submitRequest(OzoneManagerProtocolServerSideTranslatorPB.java:123)
	at org.apache.hadoop.ozone.protocol.proto.OzoneManagerProtocolProtos$OzoneManagerService$2.callBlockingMethod(OzoneManagerProtocolProtos.java)
	at org.apache.hadoop.ipc.ProtobufRpcEngine$Server.processCall(ProtobufRpcEngine.java:466)
	at org.apache.hadoop.ipc.ProtobufRpcEngine2$Server$ProtoBufRpcInvoker.call(ProtobufRpcEngine2.java:574)
	at org.apache.hadoop.ipc.ProtobufRpcEngine2$Server$ProtoBufRpcInvoker.call(ProtobufRpcEngine2.java:552)
	at org.apache.hadoop.ipc.RPC$Server.call(RPC.java:1093)
	at org.apache.hadoop.ipc.Server$RpcCall.run(Server.java:1035)
	at org.apache.hadoop.ipc.Server$RpcCall.run(Server.java:963)
	at java.security.AccessController.doPrivileged(Native Method)
	at javax.security.auth.Subject.doAs(Subject.java:422)
	at org.apache.hadoop.security.UserGroupInformation.doAs(UserGroupInformation.java:1878)
	at org.apache.hadoop.ipc.Server$Handler.run(Server.java:2966)
, while invoking $Proxy52.submitRequest over nodeId=omNode-1,nodeAddress=127.0.0.1:10876 after 2 failover attempts. Trying to failover immediately.
2021-10-05 01:16:24,147 [Time-limited test] INFO  retry.RetryInvocationHandler (RetryInvocationHandler.java:log(411)) - com.google.protobuf.ServiceException: org.apache.hadoop.ipc.RemoteException(org.apache.hadoop.ozone.om.exceptions.OMNotLeaderException): OM:omNode-2 is not the leader. Could not determine the leader node.
	at org.apache.hadoop.ozone.om.ratis.utils.OzoneManagerRatisUtils.createNotLeaderException(OzoneManagerRatisUtils.java:465)
	at org.apache.hadoop.ozone.om.ratis.utils.OzoneManagerRatisUtils.checkLeaderStatus(OzoneManagerRatisUtils.java:451)
	at org.apache.hadoop.ozone.protocolPB.OzoneManagerProtocolServerSideTranslatorPB.checkLeaderStatus(OzoneManagerProtocolServerSideTranslatorPB.java:242)
	at org.apache.hadoop.ozone.protocolPB.OzoneManagerProtocolServerSideTranslatorPB.processRequest(OzoneManagerProtocolServerSideTranslatorPB.java:135)
	at org.apache.hadoop.hdds.server.OzoneProtocolMessageDispatcher.processRequest(OzoneProtocolMessageDispatcher.java:87)
	at org.apache.hadoop.ozone.protocolPB.OzoneManagerProtocolServerSideTranslatorPB.submitRequest(OzoneManagerProtocolServerSideTranslatorPB.java:123)
	at org.apache.hadoop.ozone.protocol.proto.OzoneManagerProtocolProtos$OzoneManagerService$2.callBlockingMethod(OzoneManagerProtocolProtos.java)
	at org.apache.hadoop.ipc.ProtobufRpcEngine$Server.processCall(ProtobufRpcEngine.java:466)
	at org.apache.hadoop.ipc.ProtobufRpcEngine2$Server$ProtoBufRpcInvoker.call(ProtobufRpcEngine2.java:574)
	at org.apache.hadoop.ipc.ProtobufRpcEngine2$Server$ProtoBufRpcInvoker.call(ProtobufRpcEngine2.java:552)
	at org.apache.hadoop.ipc.RPC$Server.call(RPC.java:1093)
	at org.apache.hadoop.ipc.Server$RpcCall.run(Server.java:1035)
	at org.apache.hadoop.ipc.Server$RpcCall.run(Server.java:963)
	at java.security.AccessController.doPrivileged(Native Method)
	at javax.security.auth.Subject.doAs(Subject.java:422)
	at org.apache.hadoop.security.UserGroupInformation.doAs(UserGroupInformation.java:1878)
	at org.apache.hadoop.ipc.Server$Handler.run(Server.java:2966)
, while invoking $Proxy52.submitRequest over nodeId=omNode-2,nodeAddress=127.0.0.1:10882 after 3 failover attempts. Trying to failover immediately.
2021-10-05 01:16:24,151 [grpc-default-executor-2] INFO  server.RaftServer$Division (RaftServerImpl.java:checkInconsistentAppendEntries(1319)) - omNode-1@group-523986131536: Failed appendEntries as previous log entry ((t:5, i:23)) is not found
2021-10-05 01:16:24,153 [grpc-default-executor-2] INFO  server.RaftServer$Division (RaftServerImpl.java:checkInconsistentAppendEntries(1285)) - omNode-1@group-523986131536: inconsistency entries. Reply:omNode-3<-omNode-1#132:FAIL-t5,INCONSISTENCY,nextIndex=16,followerCommit=15
2021-10-05 01:16:24,154 [grpc-default-executor-6] INFO  server.RaftServer$Division (RaftServerImpl.java:checkInconsistentAppendEntries(1319)) - omNode-1@group-523986131536: Failed appendEntries as previous log entry ((t:5, i:24)) is not found
2021-10-05 01:16:24,157 [OM StateMachine ApplyTransaction Thread - 0] INFO  upgrade.OMCancelPrepareRequest (OMCancelPrepareRequest.java:validateAndUpdateCache(55)) - OM omNode-3 Received cancel prepare request with log index 24
2021-10-05 01:16:24,165 [grpc-default-executor-6] INFO  server.RaftServer$Division (RaftServerImpl.java:checkInconsistentAppendEntries(1285)) - omNode-1@group-523986131536: inconsistency entries. Reply:omNode-3<-omNode-1#133:FAIL-t5,INCONSISTENCY,nextIndex=16,followerCommit=15
2021-10-05 01:16:24,165 [OM StateMachine ApplyTransaction Thread - 0] INFO  upgrade.OMCancelPrepareRequest (OMCancelPrepareRequest.java:validateAndUpdateCache(55)) - OM omNode-2 Received cancel prepare request with log index 24
2021-10-05 01:16:24,166 [OM StateMachine ApplyTransaction Thread - 0] INFO  upgrade.OMCancelPrepareRequest (OMCancelPrepareRequest.java:validateAndUpdateCache(84)) - OM omNode-3 prepare state cancelled at log index 24. Returning response 
2021-10-05 01:16:24,169 [OM StateMachine ApplyTransaction Thread - 0] INFO  upgrade.OMCancelPrepareRequest (OMCancelPrepareRequest.java:validateAndUpdateCache(84)) - OM omNode-2 prepare state cancelled at log index 24. Returning response 
2021-10-05 01:16:24,655 [grpc-default-executor-6] INFO  server.RaftServer$Division (RaftServerImpl.java:checkInconsistentAppendEntries(1319)) - omNode-1@group-523986131536: Failed appendEntries as previous log entry ((t:5, i:25)) is not found
2021-10-05 01:16:24,655 [grpc-default-executor-6] INFO  server.RaftServer$Division (RaftServerImpl.java:checkInconsistentAppendEntries(1285)) - omNode-1@group-523986131536: inconsistency entries. Reply:omNode-3<-omNode-1#185:FAIL-t5,INCONSISTENCY,nextIndex=16,followerCommit=15
2021-10-05 01:16:24,656 [grpc-default-executor-6] INFO  leader.FollowerInfo (FollowerInfoImpl.java:lambda$new$0(46)) - omNode-3@group-523986131536->omNode-1: nextIndex: updateUnconditionally 26 -> 16
2021-10-05 01:16:25,157 [grpc-default-executor-2] INFO  server.RaftServer$Division (RaftServerImpl.java:checkInconsistentAppendEntries(1319)) - omNode-1@group-523986131536: Failed appendEntries as previous log entry ((t:5, i:25)) is not found
2021-10-05 01:16:25,157 [grpc-default-executor-2] INFO  server.RaftServer$Division (RaftServerImpl.java:checkInconsistentAppendEntries(1285)) - omNode-1@group-523986131536: inconsistency entries. Reply:omNode-3<-omNode-1#237:FAIL-t5,INCONSISTENCY,nextIndex=16,followerCommit=15
2021-10-05 01:16:25,158 [grpc-default-executor-2] INFO  leader.FollowerInfo (FollowerInfoImpl.java:lambda$new$0(46)) - omNode-3@group-523986131536->omNode-1: nextIndex: updateUnconditionally 26 -> 16
2021-10-05 01:16:25,659 [grpc-default-executor-2] INFO  server.RaftServer$Division (RaftServerImpl.java:checkInconsistentAppendEntries(1319)) - omNode-1@group-523986131536: Failed appendEntries as previous log entry ((t:5, i:25)) is not found
2021-10-05 01:16:25,659 [grpc-default-executor-2] INFO  server.RaftServer$Division (RaftServerImpl.java:checkInconsistentAppendEntries(1285)) - omNode-1@group-523986131536: inconsistency entries. Reply:omNode-3<-omNode-1#288:FAIL-t5,INCONSISTENCY,nextIndex=16,followerCommit=15
2021-10-05 01:16:25,660 [grpc-default-executor-2] INFO  leader.FollowerInfo (FollowerInfoImpl.java:lambda$new$0(46)) - omNode-3@group-523986131536->omNode-1: nextIndex: updateUnconditionally 26 -> 16
2021-10-05 01:16:26,161 [grpc-default-executor-2] INFO  server.RaftServer$Division (RaftServerImpl.java:checkInconsistentAppendEntries(1319)) - omNode-1@group-523986131536: Failed appendEntries as previous log entry ((t:5, i:25)) is not found
2021-10-05 01:16:26,162 [grpc-default-executor-2] INFO  server.RaftServer$Division (RaftServerImpl.java:checkInconsistentAppendEntries(1285)) - omNode-1@group-523986131536: inconsistency entries. Reply:omNode-3<-omNode-1#338:FAIL-t5,INCONSISTENCY,nextIndex=16,followerCommit=15
2021-10-05 01:16:26,162 [grpc-default-executor-2] INFO  leader.FollowerInfo (FollowerInfoImpl.java:lambda$new$0(46)) - omNode-3@group-523986131536->omNode-1: nextIndex: updateUnconditionally 26 -> 16
2021-10-05 01:16:26,664 [grpc-default-executor-2] INFO  server.RaftServer$Division (RaftServerImpl.java:checkInconsistentAppendEntries(1319)) - omNode-1@group-523986131536: Failed appendEntries as previous log entry ((t:5, i:25)) is not found
2021-10-05 01:16:26,664 [grpc-default-executor-2] INFO  server.RaftServer$Division (RaftServerImpl.java:checkInconsistentAppendEntries(1285)) - omNode-1@group-523986131536: inconsistency entries. Reply:omNode-3<-omNode-1#389:FAIL-t5,INCONSISTENCY,nextIndex=16,followerCommit=15
2021-10-05 01:16:26,665 [grpc-default-executor-2] INFO  leader.FollowerInfo (FollowerInfoImpl.java:lambda$new$0(46)) - omNode-3@group-523986131536->omNode-1: nextIndex: updateUnconditionally 26 -> 16
2021-10-05 01:16:27,170 [grpc-default-executor-6] INFO  server.RaftServer$Division (RaftServerImpl.java:checkInconsistentAppendEntries(1319)) - omNode-1@group-523986131536: Failed appendEntries as previous log entry ((t:5, i:25)) is not found
2021-10-05 01:16:27,170 [grpc-default-executor-6] INFO  server.RaftServer$Division (RaftServerImpl.java:checkInconsistentAppendEntries(1285)) - omNode-1@group-523986131536: inconsistency entries. Reply:omNode-3<-omNode-1#440:FAIL-t5,INCONSISTENCY,nextIndex=16,followerCommit=15
2021-10-05 01:16:27,171 [grpc-default-executor-6] INFO  leader.FollowerInfo (FollowerInfoImpl.java:lambda$new$0(46)) - omNode-3@group-523986131536->omNode-1: nextIndex: updateUnconditionally 26 -> 16
2021-10-05 01:16:27,672 [grpc-default-executor-6] INFO  server.RaftServer$Division (RaftServerImpl.java:checkInconsistentAppendEntries(1319)) - omNode-1@group-523986131536: Failed appendEntries as previous log entry ((t:5, i:25)) is not found
2021-10-05 01:16:27,672 [grpc-default-executor-6] INFO  server.RaftServer$Division (RaftServerImpl.java:checkInconsistentAppendEntries(1285)) - omNode-1@group-523986131536: inconsistency entries. Reply:omNode-3<-omNode-1#491:FAIL-t5,INCONSISTENCY,nextIndex=16,followerCommit=15
2021-10-05 01:16:27,673 [grpc-default-executor-6] INFO  leader.FollowerInfo (FollowerInfoImpl.java:lambda$new$0(46)) - omNode-3@group-523986131536->omNode-1: nextIndex: updateUnconditionally 26 -> 16
2021-10-05 01:16:28,174 [grpc-default-executor-2] INFO  server.RaftServer$Division (RaftServerImpl.java:checkInconsistentAppendEntries(1319)) - omNode-1@group-523986131536: Failed appendEntries as previous log entry ((t:5, i:25)) is not found
2021-10-05 01:16:28,175 [grpc-default-executor-2] INFO  server.RaftServer$Division (RaftServerImpl.java:checkInconsistentAppendEntries(1285)) - omNode-1@group-523986131536: inconsistency entries. Reply:omNode-3<-omNode-1#542:FAIL-t5,INCONSISTENCY,nextIndex=16,followerCommit=15
2021-10-05 01:16:28,175 [grpc-default-executor-2] INFO  leader.FollowerInfo (FollowerInfoImpl.java:lambda$new$0(46)) - omNode-3@group-523986131536->omNode-1: nextIndex: updateUnconditionally 26 -> 16
2021-10-05 01:16:28,677 [grpc-default-executor-2] INFO  server.RaftServer$Division (RaftServerImpl.java:checkInconsistentAppendEntries(1319)) - omNode-1@group-523986131536: Failed appendEntries as previous log entry ((t:5, i:25)) is not found
2021-10-05 01:16:28,677 [grpc-default-executor-2] INFO  server.RaftServer$Division (RaftServerImpl.java:checkInconsistentAppendEntries(1285)) - omNode-1@group-523986131536: inconsistency entries. Reply:omNode-3<-omNode-1#593:FAIL-t5,INCONSISTENCY,nextIndex=16,followerCommit=15
2021-10-05 01:16:28,677 [grpc-default-executor-2] INFO  leader.FollowerInfo (FollowerInfoImpl.java:lambda$new$0(46)) - omNode-3@group-523986131536->omNode-1: nextIndex: updateUnconditionally 26 -> 16
2021-10-05 01:16:29,178 [grpc-default-executor-2] INFO  server.RaftServer$Division (RaftServerImpl.java:checkInconsistentAppendEntries(1319)) - omNode-1@group-523986131536: Failed appendEntries as previous log entry ((t:5, i:25)) is not found
2021-10-05 01:16:29,179 [grpc-default-executor-2] INFO  server.RaftServer$Division (RaftServerImpl.java:checkInconsistentAppendEntries(1285)) - omNode-1@group-523986131536: inconsistency entries. Reply:omNode-3<-omNode-1#644:FAIL-t5,INCONSISTENCY,nextIndex=16,followerCommit=15
2021-10-05 01:16:29,179 [grpc-default-executor-2] INFO  leader.FollowerInfo (FollowerInfoImpl.java:lambda$new$0(46)) - omNode-3@group-523986131536->omNode-1: nextIndex: updateUnconditionally 26 -> 16
2021-10-05 01:16:29,680 [grpc-default-executor-2] INFO  server.RaftServer$Division (RaftServerImpl.java:checkInconsistentAppendEntries(1319)) - omNode-1@group-523986131536: Failed appendEntries as previous log entry ((t:5, i:25)) is not found
2021-10-05 01:16:29,680 [grpc-default-executor-2] INFO  server.RaftServer$Division (RaftServerImpl.java:checkInconsistentAppendEntries(1285)) - omNode-1@group-523986131536: inconsistency entries. Reply:omNode-3<-omNode-1#695:FAIL-t5,INCONSISTENCY,nextIndex=16,followerCommit=15
2021-10-05 01:16:29,680 [grpc-default-executor-2] INFO  leader.FollowerInfo (FollowerInfoImpl.java:lambda$new$0(46)) - omNode-3@group-523986131536->omNode-1: nextIndex: updateUnconditionally 26 -> 16
2021-10-05 01:16:30,181 [grpc-default-executor-6] INFO  server.RaftServer$Division (RaftServerImpl.java:checkInconsistentAppendEntries(1319)) - omNode-1@group-523986131536: Failed appendEntries as previous log entry ((t:5, i:25)) is not found
2021-10-05 01:16:30,181 [grpc-default-executor-6] INFO  server.RaftServer$Division (RaftServerImpl.java:checkInconsistentAppendEntries(1285)) - omNode-1@group-523986131536: inconsistency entries. Reply:omNode-3<-omNode-1#746:FAIL-t5,INCONSISTENCY,nextIndex=16,followerCommit=15
2021-10-05 01:16:30,182 [grpc-default-executor-2] INFO  leader.FollowerInfo (FollowerInfoImpl.java:lambda$new$0(46)) - omNode-3@group-523986131536->omNode-1: nextIndex: updateUnconditionally 26 -> 16
2021-10-05 01:16:30,683 [grpc-default-executor-6] INFO  server.RaftServer$Division (RaftServerImpl.java:checkInconsistentAppendEntries(1319)) - omNode-1@group-523986131536: Failed appendEntries as previous log entry ((t:5, i:25)) is not found
2021-10-05 01:16:30,684 [grpc-default-executor-6] INFO  server.RaftServer$Division (RaftServerImpl.java:checkInconsistentAppendEntries(1285)) - omNode-1@group-523986131536: inconsistency entries. Reply:omNode-3<-omNode-1#797:FAIL-t5,INCONSISTENCY,nextIndex=16,followerCommit=15
2021-10-05 01:16:30,684 [grpc-default-executor-6] INFO  leader.FollowerInfo (FollowerInfoImpl.java:lambda$new$0(46)) - omNode-3@group-523986131536->omNode-1: nextIndex: updateUnconditionally 26 -> 16
2021-10-05 01:16:31,185 [grpc-default-executor-6] INFO  server.RaftServer$Division (RaftServerImpl.java:checkInconsistentAppendEntries(1319)) - omNode-1@group-523986131536: Failed appendEntries as previous log entry ((t:5, i:25)) is not found
2021-10-05 01:16:31,186 [grpc-default-executor-6] INFO  server.RaftServer$Division (RaftServerImpl.java:checkInconsistentAppendEntries(1285)) - omNode-1@group-523986131536: inconsistency entries. Reply:omNode-3<-omNode-1#848:FAIL-t5,INCONSISTENCY,nextIndex=16,followerCommit=15
2021-10-05 01:16:31,187 [grpc-default-executor-6] INFO  leader.FollowerInfo (FollowerInfoImpl.java:lambda$new$0(46)) - omNode-3@group-523986131536->omNode-1: nextIndex: updateUnconditionally 26 -> 16
2021-10-05 01:16:31,688 [grpc-default-executor-2] INFO  server.RaftServer$Division (RaftServerImpl.java:checkInconsistentAppendEntries(1319)) - omNode-1@group-523986131536: Failed appendEntries as previous log entry ((t:5, i:25)) is not found
2021-10-05 01:16:31,689 [grpc-default-executor-2] INFO  server.RaftServer$Division (RaftServerImpl.java:checkInconsistentAppendEntries(1285)) - omNode-1@group-523986131536: inconsistency entries. Reply:omNode-3<-omNode-1#899:FAIL-t5,INCONSISTENCY,nextIndex=16,followerCommit=15
2021-10-05 01:16:31,689 [grpc-default-executor-6] INFO  leader.FollowerInfo (FollowerInfoImpl.java:lambda$new$0(46)) - omNode-3@group-523986131536->omNode-1: nextIndex: updateUnconditionally 26 -> 16
2021-10-05 01:16:32,191 [grpc-default-executor-2] INFO  server.RaftServer$Division (RaftServerImpl.java:checkInconsistentAppendEntries(1319)) - omNode-1@group-523986131536: Failed appendEntries as previous log entry ((t:5, i:25)) is not found
2021-10-05 01:16:32,192 [grpc-default-executor-2] INFO  server.RaftServer$Division (RaftServerImpl.java:checkInconsistentAppendEntries(1285)) - omNode-1@group-523986131536: inconsistency entries. Reply:omNode-3<-omNode-1#950:FAIL-t5,INCONSISTENCY,nextIndex=16,followerCommit=15
2021-10-05 01:16:32,192 [grpc-default-executor-2] INFO  leader.FollowerInfo (FollowerInfoImpl.java:lambda$new$0(46)) - omNode-3@group-523986131536->omNode-1: nextIndex: updateUnconditionally 26 -> 16
2021-10-05 01:16:32,693 [grpc-default-executor-2] INFO  server.RaftServer$Division (RaftServerImpl.java:checkInconsistentAppendEntries(1319)) - omNode-1@group-523986131536: Failed appendEntries as previous log entry ((t:5, i:25)) is not found
2021-10-05 01:16:32,694 [grpc-default-executor-2] INFO  server.RaftServer$Division (RaftServerImpl.java:checkInconsistentAppendEntries(1285)) - omNode-1@group-523986131536: inconsistency entries. Reply:omNode-3<-omNode-1#1001:FAIL-t5,INCONSISTENCY,nextIndex=16,followerCommit=15
2021-10-05 01:16:32,694 [grpc-default-executor-2] INFO  leader.FollowerInfo (FollowerInfoImpl.java:lambda$new$0(46)) - omNode-3@group-523986131536->omNode-1: nextIndex: updateUnconditionally 26 -> 16
2021-10-05 01:16:33,196 [grpc-default-executor-2] INFO  server.RaftServer$Division (RaftServerImpl.java:checkInconsistentAppendEntries(1319)) - omNode-1@group-523986131536: Failed appendEntries as previous log entry ((t:5, i:25)) is not found
2021-10-05 01:16:33,196 [grpc-default-executor-2] INFO  server.RaftServer$Division (RaftServerImpl.java:checkInconsistentAppendEntries(1285)) - omNode-1@group-523986131536: inconsistency entries. Reply:omNode-3<-omNode-1#1052:FAIL-t5,INCONSISTENCY,nextIndex=16,followerCommit=15
2021-10-05 01:16:33,196 [grpc-default-executor-6] INFO  leader.FollowerInfo (FollowerInfoImpl.java:lambda$new$0(46)) - omNode-3@group-523986131536->omNode-1: nextIndex: updateUnconditionally 26 -> 16
2021-10-05 01:16:33,697 [grpc-default-executor-6] INFO  server.RaftServer$Division (RaftServerImpl.java:checkInconsistentAppendEntries(1319)) - omNode-1@group-523986131536: Failed appendEntries as previous log entry ((t:5, i:25)) is not found
2021-10-05 01:16:33,698 [grpc-default-executor-6] INFO  server.RaftServer$Division (RaftServerImpl.java:checkInconsistentAppendEntries(1285)) - omNode-1@group-523986131536: inconsistency entries. Reply:omNode-3<-omNode-1#1103:FAIL-t5,INCONSISTENCY,nextIndex=16,followerCommit=15
2021-10-05 01:16:33,698 [grpc-default-executor-6] INFO  leader.FollowerInfo (FollowerInfoImpl.java:lambda$new$0(46)) - omNode-3@group-523986131536->omNode-1: nextIndex: updateUnconditionally 26 -> 16
2021-10-05 01:16:34,200 [grpc-default-executor-2] INFO  server.RaftServer$Division (RaftServerImpl.java:checkInconsistentAppendEntries(1319)) - omNode-1@group-523986131536: Failed appendEntries as previous log entry ((t:5, i:25)) is not found
2021-10-05 01:16:34,200 [grpc-default-executor-2] INFO  server.RaftServer$Division (RaftServerImpl.java:checkInconsistentAppendEntries(1285)) - omNode-1@group-523986131536: inconsistency entries. Reply:omNode-3<-omNode-1#1154:FAIL-t5,INCONSISTENCY,nextIndex=16,followerCommit=15
2021-10-05 01:16:34,203 [grpc-default-executor-2] INFO  leader.FollowerInfo (FollowerInfoImpl.java:lambda$new$0(46)) - omNode-3@group-523986131536->omNode-1: nextIndex: updateUnconditionally 26 -> 16
2021-10-05 01:16:34,705 [grpc-default-executor-2] INFO  server.RaftServer$Division (RaftServerImpl.java:checkInconsistentAppendEntries(1319)) - omNode-1@group-523986131536: Failed appendEntries as previous log entry ((t:5, i:25)) is not found
2021-10-05 01:16:34,705 [grpc-default-executor-2] INFO  server.RaftServer$Division (RaftServerImpl.java:checkInconsistentAppendEntries(1285)) - omNode-1@group-523986131536: inconsistency entries. Reply:omNode-3<-omNode-1#1205:FAIL-t5,INCONSISTENCY,nextIndex=16,followerCommit=15
2021-10-05 01:16:34,705 [grpc-default-executor-2] INFO  leader.FollowerInfo (FollowerInfoImpl.java:lambda$new$0(46)) - omNode-3@group-523986131536->omNode-1: nextIndex: updateUnconditionally 26 -> 16
2021-10-05 01:16:35,206 [grpc-default-executor-2] INFO  server.RaftServer$Division (RaftServerImpl.java:checkInconsistentAppendEntries(1319)) - omNode-1@group-523986131536: Failed appendEntries as previous log entry ((t:5, i:25)) is not found
2021-10-05 01:16:35,207 [grpc-default-executor-2] INFO  server.RaftServer$Division (RaftServerImpl.java:checkInconsistentAppendEntries(1285)) - omNode-1@group-523986131536: inconsistency entries. Reply:omNode-3<-omNode-1#1256:FAIL-t5,INCONSISTENCY,nextIndex=16,followerCommit=15
2021-10-05 01:16:35,207 [grpc-default-executor-2] INFO  leader.FollowerInfo (FollowerInfoImpl.java:lambda$new$0(46)) - omNode-3@group-523986131536->omNode-1: nextIndex: updateUnconditionally 26 -> 16
2021-10-05 01:16:35,708 [grpc-default-executor-6] INFO  server.RaftServer$Division (RaftServerImpl.java:checkInconsistentAppendEntries(1319)) - omNode-1@group-523986131536: Failed appendEntries as previous log entry ((t:5, i:25)) is not found
2021-10-05 01:16:35,709 [grpc-default-executor-6] INFO  server.RaftServer$Division (RaftServerImpl.java:checkInconsistentAppendEntries(1285)) - omNode-1@group-523986131536: inconsistency entries. Reply:omNode-3<-omNode-1#1307:FAIL-t5,INCONSISTENCY,nextIndex=16,followerCommit=15
2021-10-05 01:16:35,709 [grpc-default-executor-6] INFO  leader.FollowerInfo (FollowerInfoImpl.java:lambda$new$0(46)) - omNode-3@group-523986131536->omNode-1: nextIndex: updateUnconditionally 26 -> 16
2021-10-05 01:16:36,210 [grpc-default-executor-6] INFO  server.RaftServer$Division (RaftServerImpl.java:checkInconsistentAppendEntries(1319)) - omNode-1@group-523986131536: Failed appendEntries as previous log entry ((t:5, i:25)) is not found
2021-10-05 01:16:36,212 [grpc-default-executor-6] INFO  server.RaftServer$Division (RaftServerImpl.java:checkInconsistentAppendEntries(1285)) - omNode-1@group-523986131536: inconsistency entries. Reply:omNode-3<-omNode-1#1358:FAIL-t5,INCONSISTENCY,nextIndex=16,followerCommit=15
2021-10-05 01:16:36,212 [grpc-default-executor-6] INFO  leader.FollowerInfo (FollowerInfoImpl.java:lambda$new$0(46)) - omNode-3@group-523986131536->omNode-1: nextIndex: updateUnconditionally 26 -> 16
2021-10-05 01:16:36,713 [grpc-default-executor-6] INFO  server.RaftServer$Division (RaftServerImpl.java:checkInconsistentAppendEntries(1319)) - omNode-1@group-523986131536: Failed appendEntries as previous log entry ((t:5, i:25)) is not found
2021-10-05 01:16:36,714 [grpc-default-executor-6] INFO  server.RaftServer$Division (RaftServerImpl.java:checkInconsistentAppendEntries(1285)) - omNode-1@group-523986131536: inconsistency entries. Reply:omNode-3<-omNode-1#1409:FAIL-t5,INCONSISTENCY,nextIndex=16,followerCommit=15
2021-10-05 01:16:36,714 [grpc-default-executor-6] INFO  leader.FollowerInfo (FollowerInfoImpl.java:lambda$new$0(46)) - omNode-3@group-523986131536->omNode-1: nextIndex: updateUnconditionally 26 -> 16
2021-10-05 01:16:37,216 [grpc-default-executor-6] INFO  server.RaftServer$Division (RaftServerImpl.java:checkInconsistentAppendEntries(1319)) - omNode-1@group-523986131536: Failed appendEntries as previous log entry ((t:5, i:25)) is not found
2021-10-05 01:16:37,216 [grpc-default-executor-6] INFO  server.RaftServer$Division (RaftServerImpl.java:checkInconsistentAppendEntries(1285)) - omNode-1@group-523986131536: inconsistency entries. Reply:omNode-3<-omNode-1#1460:FAIL-t5,INCONSISTENCY,nextIndex=16,followerCommit=15
2021-10-05 01:16:37,216 [grpc-default-executor-6] INFO  leader.FollowerInfo (FollowerInfoImpl.java:lambda$new$0(46)) - omNode-3@group-523986131536->omNode-1: nextIndex: updateUnconditionally 26 -> 16
2021-10-05 01:16:37,718 [grpc-default-executor-6] INFO  server.RaftServer$Division (RaftServerImpl.java:checkInconsistentAppendEntries(1319)) - omNode-1@group-523986131536: Failed appendEntries as previous log entry ((t:5, i:25)) is not found
2021-10-05 01:16:37,718 [grpc-default-executor-6] INFO  server.RaftServer$Division (RaftServerImpl.java:checkInconsistentAppendEntries(1285)) - omNode-1@group-523986131536: inconsistency entries. Reply:omNode-3<-omNode-1#1511:FAIL-t5,INCONSISTENCY,nextIndex=16,followerCommit=15
2021-10-05 01:16:37,718 [grpc-default-executor-6] INFO  leader.FollowerInfo (FollowerInfoImpl.java:lambda$new$0(46)) - omNode-3@group-523986131536->omNode-1: nextIndex: updateUnconditionally 26 -> 16
2021-10-05 01:16:38,219 [grpc-default-executor-6] INFO  server.RaftServer$Division (RaftServerImpl.java:checkInconsistentAppendEntries(1319)) - omNode-1@group-523986131536: Failed appendEntries as previous log entry ((t:5, i:25)) is not found
2021-10-05 01:16:38,220 [grpc-default-executor-6] INFO  server.RaftServer$Division (RaftServerImpl.java:checkInconsistentAppendEntries(1285)) - omNode-1@group-523986131536: inconsistency entries. Reply:omNode-3<-omNode-1#1562:FAIL-t5,INCONSISTENCY,nextIndex=16,followerCommit=15
2021-10-05 01:16:38,220 [grpc-default-executor-6] INFO  leader.FollowerInfo (FollowerInfoImpl.java:lambda$new$0(46)) - omNode-3@group-523986131536->omNode-1: nextIndex: updateUnconditionally 26 -> 16
2021-10-05 01:16:38,721 [grpc-default-executor-6] INFO  server.RaftServer$Division (RaftServerImpl.java:checkInconsistentAppendEntries(1319)) - omNode-1@group-523986131536: Failed appendEntries as previous log entry ((t:5, i:25)) is not found
2021-10-05 01:16:38,722 [grpc-default-executor-6] INFO  server.RaftServer$Division (RaftServerImpl.java:checkInconsistentAppendEntries(1285)) - omNode-1@group-523986131536: inconsistency entries. Reply:omNode-3<-omNode-1#1613:FAIL-t5,INCONSISTENCY,nextIndex=16,followerCommit=15
2021-10-05 01:16:38,722 [grpc-default-executor-6] INFO  leader.FollowerInfo (FollowerInfoImpl.java:lambda$new$0(46)) - omNode-3@group-523986131536->omNode-1: nextIndex: updateUnconditionally 26 -> 16
2021-10-05 01:16:39,224 [grpc-default-executor-6] INFO  server.RaftServer$Division (RaftServerImpl.java:checkInconsistentAppendEntries(1319)) - omNode-1@group-523986131536: Failed appendEntries as previous log entry ((t:5, i:25)) is not found
2021-10-05 01:16:39,224 [grpc-default-executor-6] INFO  server.RaftServer$Division (RaftServerImpl.java:checkInconsistentAppendEntries(1285)) - omNode-1@group-523986131536: inconsistency entries. Reply:omNode-3<-omNode-1#1664:FAIL-t5,INCONSISTENCY,nextIndex=16,followerCommit=15
2021-10-05 01:16:39,224 [grpc-default-executor-6] INFO  leader.FollowerInfo (FollowerInfoImpl.java:lambda$new$0(46)) - omNode-3@group-523986131536->omNode-1: nextIndex: updateUnconditionally 26 -> 16
2021-10-05 01:16:39,726 [grpc-default-executor-6] INFO  server.RaftServer$Division (RaftServerImpl.java:checkInconsistentAppendEntries(1319)) - omNode-1@group-523986131536: Failed appendEntries as previous log entry ((t:5, i:25)) is not found
2021-10-05 01:16:39,726 [grpc-default-executor-6] INFO  server.RaftServer$Division (RaftServerImpl.java:checkInconsistentAppendEntries(1285)) - omNode-1@group-523986131536: inconsistency entries. Reply:omNode-3<-omNode-1#1715:FAIL-t5,INCONSISTENCY,nextIndex=16,followerCommit=15
2021-10-05 01:16:39,726 [grpc-default-executor-6] INFO  leader.FollowerInfo (FollowerInfoImpl.java:lambda$new$0(46)) - omNode-3@group-523986131536->omNode-1: nextIndex: updateUnconditionally 26 -> 16
2021-10-05 01:16:40,228 [grpc-default-executor-6] INFO  server.RaftServer$Division (RaftServerImpl.java:checkInconsistentAppendEntries(1319)) - omNode-1@group-523986131536: Failed appendEntries as previous log entry ((t:5, i:25)) is not found
2021-10-05 01:16:40,228 [grpc-default-executor-6] INFO  server.RaftServer$Division (RaftServerImpl.java:checkInconsistentAppendEntries(1285)) - omNode-1@group-523986131536: inconsistency entries. Reply:omNode-3<-omNode-1#1766:FAIL-t5,INCONSISTENCY,nextIndex=16,followerCommit=15
2021-10-05 01:16:40,228 [grpc-default-executor-6] INFO  leader.FollowerInfo (FollowerInfoImpl.java:lambda$new$0(46)) - omNode-3@group-523986131536->omNode-1: nextIndex: updateUnconditionally 26 -> 16
2021-10-05 01:16:40,730 [grpc-default-executor-6] INFO  server.RaftServer$Division (RaftServerImpl.java:checkInconsistentAppendEntries(1319)) - omNode-1@group-523986131536: Failed appendEntries as previous log entry ((t:5, i:25)) is not found
2021-10-05 01:16:40,730 [grpc-default-executor-6] INFO  server.RaftServer$Division (RaftServerImpl.java:checkInconsistentAppendEntries(1285)) - omNode-1@group-523986131536: inconsistency entries. Reply:omNode-3<-omNode-1#1817:FAIL-t5,INCONSISTENCY,nextIndex=16,followerCommit=15
2021-10-05 01:16:40,731 [grpc-default-executor-6] INFO  leader.FollowerInfo (FollowerInfoImpl.java:lambda$new$0(46)) - omNode-3@group-523986131536->omNode-1: nextIndex: updateUnconditionally 26 -> 16
2021-10-05 01:16:41,232 [grpc-default-executor-6] INFO  server.RaftServer$Division (RaftServerImpl.java:checkInconsistentAppendEntries(1319)) - omNode-1@group-523986131536: Failed appendEntries as previous log entry ((t:5, i:25)) is not found
2021-10-05 01:16:41,233 [grpc-default-executor-6] INFO  server.RaftServer$Division (RaftServerImpl.java:checkInconsistentAppendEntries(1285)) - omNode-1@group-523986131536: inconsistency entries. Reply:omNode-3<-omNode-1#1868:FAIL-t5,INCONSISTENCY,nextIndex=16,followerCommit=15
2021-10-05 01:16:41,233 [grpc-default-executor-6] INFO  leader.FollowerInfo (FollowerInfoImpl.java:lambda$new$0(46)) - omNode-3@group-523986131536->omNode-1: nextIndex: updateUnconditionally 26 -> 16
2021-10-05 01:16:41,734 [grpc-default-executor-6] INFO  server.RaftServer$Division (RaftServerImpl.java:checkInconsistentAppendEntries(1319)) - omNode-1@group-523986131536: Failed appendEntries as previous log entry ((t:5, i:25)) is not found
2021-10-05 01:16:41,734 [grpc-default-executor-6] INFO  server.RaftServer$Division (RaftServerImpl.java:checkInconsistentAppendEntries(1285)) - omNode-1@group-523986131536: inconsistency entries. Reply:omNode-3<-omNode-1#1919:FAIL-t5,INCONSISTENCY,nextIndex=16,followerCommit=15
2021-10-05 01:16:41,735 [grpc-default-executor-6] INFO  leader.FollowerInfo (FollowerInfoImpl.java:lambda$new$0(46)) - omNode-3@group-523986131536->omNode-1: nextIndex: updateUnconditionally 26 -> 16
2021-10-05 01:16:42,236 [grpc-default-executor-6] INFO  server.RaftServer$Division (RaftServerImpl.java:checkInconsistentAppendEntries(1319)) - omNode-1@group-523986131536: Failed appendEntries as previous log entry ((t:5, i:25)) is not found
2021-10-05 01:16:42,236 [grpc-default-executor-6] INFO  server.RaftServer$Division (RaftServerImpl.java:checkInconsistentAppendEntries(1285)) - omNode-1@group-523986131536: inconsistency entries. Reply:omNode-3<-omNode-1#1970:FAIL-t5,INCONSISTENCY,nextIndex=16,followerCommit=15
2021-10-05 01:16:42,237 [grpc-default-executor-6] INFO  leader.FollowerInfo (FollowerInfoImpl.java:lambda$new$0(46)) - omNode-3@group-523986131536->omNode-1: nextIndex: updateUnconditionally 26 -> 16
2021-10-05 01:16:42,737 [grpc-default-executor-6] INFO  server.RaftServer$Division (RaftServerImpl.java:checkInconsistentAppendEntries(1319)) - omNode-1@group-523986131536: Failed appendEntries as previous log entry ((t:5, i:25)) is not found
2021-10-05 01:16:42,738 [grpc-default-executor-6] INFO  server.RaftServer$Division (RaftServerImpl.java:checkInconsistentAppendEntries(1285)) - omNode-1@group-523986131536: inconsistency entries. Reply:omNode-3<-omNode-1#2021:FAIL-t5,INCONSISTENCY,nextIndex=16,followerCommit=15
2021-10-05 01:16:42,738 [grpc-default-executor-6] INFO  leader.FollowerInfo (FollowerInfoImpl.java:lambda$new$0(46)) - omNode-3@group-523986131536->omNode-1: nextIndex: updateUnconditionally 26 -> 16
2021-10-05 01:16:43,239 [grpc-default-executor-6] INFO  server.RaftServer$Division (RaftServerImpl.java:checkInconsistentAppendEntries(1319)) - omNode-1@group-523986131536: Failed appendEntries as previous log entry ((t:5, i:25)) is not found
2021-10-05 01:16:43,239 [grpc-default-executor-6] INFO  server.RaftServer$Division (RaftServerImpl.java:checkInconsistentAppendEntries(1285)) - omNode-1@group-523986131536: inconsistency entries. Reply:omNode-3<-omNode-1#2072:FAIL-t5,INCONSISTENCY,nextIndex=16,followerCommit=15
2021-10-05 01:16:43,240 [grpc-default-executor-6] INFO  leader.FollowerInfo (FollowerInfoImpl.java:lambda$new$0(46)) - omNode-3@group-523986131536->omNode-1: nextIndex: updateUnconditionally 26 -> 16
2021-10-05 01:16:43,742 [grpc-default-executor-6] INFO  server.RaftServer$Division (RaftServerImpl.java:checkInconsistentAppendEntries(1319)) - omNode-1@group-523986131536: Failed appendEntries as previous log entry ((t:5, i:25)) is not found
2021-10-05 01:16:43,742 [grpc-default-executor-6] INFO  server.RaftServer$Division (RaftServerImpl.java:checkInconsistentAppendEntries(1285)) - omNode-1@group-523986131536: inconsistency entries. Reply:omNode-3<-omNode-1#2123:FAIL-t5,INCONSISTENCY,nextIndex=16,followerCommit=15
2021-10-05 01:16:43,742 [grpc-default-executor-6] INFO  leader.FollowerInfo (FollowerInfoImpl.java:lambda$new$0(46)) - omNode-3@group-523986131536->omNode-1: nextIndex: updateUnconditionally 26 -> 16
2021-10-05 01:16:44,244 [grpc-default-executor-6] INFO  server.RaftServer$Division (RaftServerImpl.java:checkInconsistentAppendEntries(1319)) - omNode-1@group-523986131536: Failed appendEntries as previous log entry ((t:5, i:25)) is not found
2021-10-05 01:16:44,244 [grpc-default-executor-6] INFO  server.RaftServer$Division (RaftServerImpl.java:checkInconsistentAppendEntries(1285)) - omNode-1@group-523986131536: inconsistency entries. Reply:omNode-3<-omNode-1#2174:FAIL-t5,INCONSISTENCY,nextIndex=16,followerCommit=15
2021-10-05 01:16:44,244 [grpc-default-executor-6] INFO  leader.FollowerInfo (FollowerInfoImpl.java:lambda$new$0(46)) - omNode-3@group-523986131536->omNode-1: nextIndex: updateUnconditionally 26 -> 16
2021-10-05 01:16:44,745 [grpc-default-executor-6] INFO  server.RaftServer$Division (RaftServerImpl.java:checkInconsistentAppendEntries(1319)) - omNode-1@group-523986131536: Failed appendEntries as previous log entry ((t:5, i:25)) is not found
2021-10-05 01:16:44,746 [grpc-default-executor-6] INFO  server.RaftServer$Division (RaftServerImpl.java:checkInconsistentAppendEntries(1285)) - omNode-1@group-523986131536: inconsistency entries. Reply:omNode-3<-omNode-1#2225:FAIL-t5,INCONSISTENCY,nextIndex=16,followerCommit=15
2021-10-05 01:16:44,746 [grpc-default-executor-6] INFO  leader.FollowerInfo (FollowerInfoImpl.java:lambda$new$0(46)) - omNode-3@group-523986131536->omNode-1: nextIndex: updateUnconditionally 26 -> 16
2021-10-05 01:16:45,247 [grpc-default-executor-6] INFO  server.RaftServer$Division (RaftServerImpl.java:checkInconsistentAppendEntries(1319)) - omNode-1@group-523986131536: Failed appendEntries as previous log entry ((t:5, i:25)) is not found
2021-10-05 01:16:45,248 [grpc-default-executor-6] INFO  server.RaftServer$Division (RaftServerImpl.java:checkInconsistentAppendEntries(1285)) - omNode-1@group-523986131536: inconsistency entries. Reply:omNode-3<-omNode-1#2276:FAIL-t5,INCONSISTENCY,nextIndex=16,followerCommit=15
2021-10-05 01:16:45,248 [grpc-default-executor-6] INFO  leader.FollowerInfo (FollowerInfoImpl.java:lambda$new$0(46)) - omNode-3@group-523986131536->omNode-1: nextIndex: updateUnconditionally 26 -> 16
2021-10-05 01:16:45,750 [grpc-default-executor-2] INFO  server.RaftServer$Division (RaftServerImpl.java:checkInconsistentAppendEntries(1319)) - omNode-1@group-523986131536: Failed appendEntries as previous log entry ((t:5, i:25)) is not found
2021-10-05 01:16:45,750 [grpc-default-executor-2] INFO  server.RaftServer$Division (RaftServerImpl.java:checkInconsistentAppendEntries(1285)) - omNode-1@group-523986131536: inconsistency entries. Reply:omNode-3<-omNode-1#2327:FAIL-t5,INCONSISTENCY,nextIndex=16,followerCommit=15
2021-10-05 01:16:45,750 [grpc-default-executor-2] INFO  leader.FollowerInfo (FollowerInfoImpl.java:lambda$new$0(46)) - omNode-3@group-523986131536->omNode-1: nextIndex: updateUnconditionally 26 -> 16
2021-10-05 01:16:46,252 [grpc-default-executor-2] INFO  server.RaftServer$Division (RaftServerImpl.java:checkInconsistentAppendEntries(1319)) - omNode-1@group-523986131536: Failed appendEntries as previous log entry ((t:5, i:25)) is not found
2021-10-05 01:16:46,252 [grpc-default-executor-2] INFO  server.RaftServer$Division (RaftServerImpl.java:checkInconsistentAppendEntries(1285)) - omNode-1@group-523986131536: inconsistency entries. Reply:omNode-3<-omNode-1#2378:FAIL-t5,INCONSISTENCY,nextIndex=16,followerCommit=15
2021-10-05 01:16:46,253 [grpc-default-executor-2] INFO  leader.FollowerInfo (FollowerInfoImpl.java:lambda$new$0(46)) - omNode-3@group-523986131536->omNode-1: nextIndex: updateUnconditionally 26 -> 16
2021-10-05 01:16:46,755 [grpc-default-executor-2] INFO  server.RaftServer$Division (RaftServerImpl.java:checkInconsistentAppendEntries(1319)) - omNode-1@group-523986131536: Failed appendEntries as previous log entry ((t:5, i:25)) is not found
2021-10-05 01:16:46,755 [grpc-default-executor-2] INFO  server.RaftServer$Division (RaftServerImpl.java:checkInconsistentAppendEntries(1285)) - omNode-1@group-523986131536: inconsistency entries. Reply:omNode-3<-omNode-1#2429:FAIL-t5,INCONSISTENCY,nextIndex=16,followerCommit=15
2021-10-05 01:16:46,755 [grpc-default-executor-2] INFO  leader.FollowerInfo (FollowerInfoImpl.java:lambda$new$0(46)) - omNode-3@group-523986131536->omNode-1: nextIndex: updateUnconditionally 26 -> 16
2021-10-05 01:16:47,256 [grpc-default-executor-2] INFO  server.RaftServer$Division (RaftServerImpl.java:checkInconsistentAppendEntries(1319)) - omNode-1@group-523986131536: Failed appendEntries as previous log entry ((t:5, i:25)) is not found
2021-10-05 01:16:47,256 [grpc-default-executor-2] INFO  server.RaftServer$Division (RaftServerImpl.java:checkInconsistentAppendEntries(1285)) - omNode-1@group-523986131536: inconsistency entries. Reply:omNode-3<-omNode-1#2480:FAIL-t5,INCONSISTENCY,nextIndex=16,followerCommit=15
2021-10-05 01:16:47,256 [grpc-default-executor-2] INFO  leader.FollowerInfo (FollowerInfoImpl.java:lambda$new$0(46)) - omNode-3@group-523986131536->omNode-1: nextIndex: updateUnconditionally 26 -> 16
2021-10-05 01:16:47,758 [grpc-default-executor-2] INFO  server.RaftServer$Division (RaftServerImpl.java:checkInconsistentAppendEntries(1319)) - omNode-1@group-523986131536: Failed appendEntries as previous log entry ((t:5, i:25)) is not found
2021-10-05 01:16:47,758 [grpc-default-executor-2] INFO  server.RaftServer$Division (RaftServerImpl.java:checkInconsistentAppendEntries(1285)) - omNode-1@group-523986131536: inconsistency entries. Reply:omNode-3<-omNode-1#2531:FAIL-t5,INCONSISTENCY,nextIndex=16,followerCommit=15
2021-10-05 01:16:47,758 [grpc-default-executor-2] INFO  leader.FollowerInfo (FollowerInfoImpl.java:lambda$new$0(46)) - omNode-3@group-523986131536->omNode-1: nextIndex: updateUnconditionally 26 -> 16
2021-10-05 01:16:48,260 [grpc-default-executor-6] INFO  server.RaftServer$Division (RaftServerImpl.java:checkInconsistentAppendEntries(1319)) - omNode-1@group-523986131536: Failed appendEntries as previous log entry ((t:5, i:25)) is not found
2021-10-05 01:16:48,260 [grpc-default-executor-6] INFO  server.RaftServer$Division (RaftServerImpl.java:checkInconsistentAppendEntries(1285)) - omNode-1@group-523986131536: inconsistency entries. Reply:omNode-3<-omNode-1#2582:FAIL-t5,INCONSISTENCY,nextIndex=16,followerCommit=15
2021-10-05 01:16:48,260 [grpc-default-executor-6] INFO  leader.FollowerInfo (FollowerInfoImpl.java:lambda$new$0(46)) - omNode-3@group-523986131536->omNode-1: nextIndex: updateUnconditionally 26 -> 16
2021-10-05 01:16:48,762 [grpc-default-executor-6] INFO  server.RaftServer$Division (RaftServerImpl.java:checkInconsistentAppendEntries(1319)) - omNode-1@group-523986131536: Failed appendEntries as previous log entry ((t:5, i:25)) is not found
2021-10-05 01:16:48,762 [grpc-default-executor-6] INFO  server.RaftServer$Division (RaftServerImpl.java:checkInconsistentAppendEntries(1285)) - omNode-1@group-523986131536: inconsistency entries. Reply:omNode-3<-omNode-1#2633:FAIL-t5,INCONSISTENCY,nextIndex=16,followerCommit=15
2021-10-05 01:16:48,763 [grpc-default-executor-6] INFO  leader.FollowerInfo (FollowerInfoImpl.java:lambda$new$0(46)) - omNode-3@group-523986131536->omNode-1: nextIndex: updateUnconditionally 26 -> 16
2021-10-05 01:16:49,264 [grpc-default-executor-6] INFO  server.RaftServer$Division (RaftServerImpl.java:checkInconsistentAppendEntries(1319)) - omNode-1@group-523986131536: Failed appendEntries as previous log entry ((t:5, i:25)) is not found
2021-10-05 01:16:49,264 [grpc-default-executor-6] INFO  server.RaftServer$Division (RaftServerImpl.java:checkInconsistentAppendEntries(1285)) - omNode-1@group-523986131536: inconsistency entries. Reply:omNode-3<-omNode-1#2684:FAIL-t5,INCONSISTENCY,nextIndex=16,followerCommit=15
2021-10-05 01:16:49,265 [grpc-default-executor-6] INFO  leader.FollowerInfo (FollowerInfoImpl.java:lambda$new$0(46)) - omNode-3@group-523986131536->omNode-1: nextIndex: updateUnconditionally 26 -> 16
2021-10-05 01:16:49,766 [grpc-default-executor-6] INFO  server.RaftServer$Division (RaftServerImpl.java:checkInconsistentAppendEntries(1319)) - omNode-1@group-523986131536: Failed appendEntries as previous log entry ((t:5, i:25)) is not found
2021-10-05 01:16:49,766 [grpc-default-executor-6] INFO  server.RaftServer$Division (RaftServerImpl.java:checkInconsistentAppendEntries(1285)) - omNode-1@group-523986131536: inconsistency entries. Reply:omNode-3<-omNode-1#2735:FAIL-t5,INCONSISTENCY,nextIndex=16,followerCommit=15
2021-10-05 01:16:49,767 [grpc-default-executor-6] INFO  leader.FollowerInfo (FollowerInfoImpl.java:lambda$new$0(46)) - omNode-3@group-523986131536->omNode-1: nextIndex: updateUnconditionally 26 -> 16
2021-10-05 01:16:50,268 [grpc-default-executor-6] INFO  server.RaftServer$Division (RaftServerImpl.java:checkInconsistentAppendEntries(1319)) - omNode-1@group-523986131536: Failed appendEntries as previous log entry ((t:5, i:25)) is not found
2021-10-05 01:16:50,268 [grpc-default-executor-6] INFO  server.RaftServer$Division (RaftServerImpl.java:checkInconsistentAppendEntries(1285)) - omNode-1@group-523986131536: inconsistency entries. Reply:omNode-3<-omNode-1#2786:FAIL-t5,INCONSISTENCY,nextIndex=16,followerCommit=15
2021-10-05 01:16:50,269 [grpc-default-executor-6] INFO  leader.FollowerInfo (FollowerInfoImpl.java:lambda$new$0(46)) - omNode-3@group-523986131536->omNode-1: nextIndex: updateUnconditionally 26 -> 16
2021-10-05 01:16:50,770 [grpc-default-executor-6] INFO  server.RaftServer$Division (RaftServerImpl.java:checkInconsistentAppendEntries(1319)) - omNode-1@group-523986131536: Failed appendEntries as previous log entry ((t:5, i:25)) is not found
2021-10-05 01:16:50,770 [grpc-default-executor-6] INFO  server.RaftServer$Division (RaftServerImpl.java:checkInconsistentAppendEntries(1285)) - omNode-1@group-523986131536: inconsistency entries. Reply:omNode-3<-omNode-1#2837:FAIL-t5,INCONSISTENCY,nextIndex=16,followerCommit=15
2021-10-05 01:16:50,770 [grpc-default-executor-6] INFO  leader.FollowerInfo (FollowerInfoImpl.java:lambda$new$0(46)) - omNode-3@group-523986131536->omNode-1: nextIndex: updateUnconditionally 26 -> 16
2021-10-05 01:16:51,271 [grpc-default-executor-6] INFO  server.RaftServer$Division (RaftServerImpl.java:checkInconsistentAppendEntries(1319)) - omNode-1@group-523986131536: Failed appendEntries as previous log entry ((t:5, i:25)) is not found
2021-10-05 01:16:51,271 [grpc-default-executor-6] INFO  server.RaftServer$Division (RaftServerImpl.java:checkInconsistentAppendEntries(1285)) - omNode-1@group-523986131536: inconsistency entries. Reply:omNode-3<-omNode-1#2888:FAIL-t5,INCONSISTENCY,nextIndex=16,followerCommit=15
2021-10-05 01:16:51,272 [grpc-default-executor-6] INFO  leader.FollowerInfo (FollowerInfoImpl.java:lambda$new$0(46)) - omNode-3@group-523986131536->omNode-1: nextIndex: updateUnconditionally 26 -> 16
2021-10-05 01:16:51,773 [grpc-default-executor-6] INFO  server.RaftServer$Division (RaftServerImpl.java:checkInconsistentAppendEntries(1319)) - omNode-1@group-523986131536: Failed appendEntries as previous log entry ((t:5, i:25)) is not found
2021-10-05 01:16:51,773 [grpc-default-executor-6] INFO  server.RaftServer$Division (RaftServerImpl.java:checkInconsistentAppendEntries(1285)) - omNode-1@group-523986131536: inconsistency entries. Reply:omNode-3<-omNode-1#2939:FAIL-t5,INCONSISTENCY,nextIndex=16,followerCommit=15
2021-10-05 01:16:51,773 [grpc-default-executor-6] INFO  leader.FollowerInfo (FollowerInfoImpl.java:lambda$new$0(46)) - omNode-3@group-523986131536->omNode-1: nextIndex: updateUnconditionally 26 -> 16
2021-10-05 01:16:52,275 [grpc-default-executor-6] INFO  server.RaftServer$Division (RaftServerImpl.java:checkInconsistentAppendEntries(1319)) - omNode-1@group-523986131536: Failed appendEntries as previous log entry ((t:5, i:25)) is not found
2021-10-05 01:16:52,275 [grpc-default-executor-6] INFO  server.RaftServer$Division (RaftServerImpl.java:checkInconsistentAppendEntries(1285)) - omNode-1@group-523986131536: inconsistency entries. Reply:omNode-3<-omNode-1#2990:FAIL-t5,INCONSISTENCY,nextIndex=16,followerCommit=15
2021-10-05 01:16:52,276 [grpc-default-executor-6] INFO  leader.FollowerInfo (FollowerInfoImpl.java:lambda$new$0(46)) - omNode-3@group-523986131536->omNode-1: nextIndex: updateUnconditionally 26 -> 16
2021-10-05 01:16:52,777 [grpc-default-executor-6] INFO  server.RaftServer$Division (RaftServerImpl.java:checkInconsistentAppendEntries(1319)) - omNode-1@group-523986131536: Failed appendEntries as previous log entry ((t:5, i:25)) is not found
2021-10-05 01:16:52,778 [grpc-default-executor-6] INFO  server.RaftServer$Division (RaftServerImpl.java:checkInconsistentAppendEntries(1285)) - omNode-1@group-523986131536: inconsistency entries. Reply:omNode-3<-omNode-1#3041:FAIL-t5,INCONSISTENCY,nextIndex=16,followerCommit=15
2021-10-05 01:16:52,778 [grpc-default-executor-6] INFO  leader.FollowerInfo (FollowerInfoImpl.java:lambda$new$0(46)) - omNode-3@group-523986131536->omNode-1: nextIndex: updateUnconditionally 26 -> 16
2021-10-05 01:16:53,279 [grpc-default-executor-2] INFO  server.RaftServer$Division (RaftServerImpl.java:checkInconsistentAppendEntries(1319)) - omNode-1@group-523986131536: Failed appendEntries as previous log entry ((t:5, i:25)) is not found
2021-10-05 01:16:53,280 [grpc-default-executor-2] INFO  server.RaftServer$Division (RaftServerImpl.java:checkInconsistentAppendEntries(1285)) - omNode-1@group-523986131536: inconsistency entries. Reply:omNode-3<-omNode-1#3092:FAIL-t5,INCONSISTENCY,nextIndex=16,followerCommit=15
2021-10-05 01:16:53,280 [grpc-default-executor-2] INFO  leader.FollowerInfo (FollowerInfoImpl.java:lambda$new$0(46)) - omNode-3@group-523986131536->omNode-1: nextIndex: updateUnconditionally 26 -> 16
2021-10-05 01:16:53,781 [grpc-default-executor-2] INFO  server.RaftServer$Division (RaftServerImpl.java:checkInconsistentAppendEntries(1319)) - omNode-1@group-523986131536: Failed appendEntries as previous log entry ((t:5, i:25)) is not found
2021-10-05 01:16:53,781 [grpc-default-executor-2] INFO  server.RaftServer$Division (RaftServerImpl.java:checkInconsistentAppendEntries(1285)) - omNode-1@group-523986131536: inconsistency entries. Reply:omNode-3<-omNode-1#3143:FAIL-t5,INCONSISTENCY,nextIndex=16,followerCommit=15
2021-10-05 01:16:53,781 [grpc-default-executor-2] INFO  leader.FollowerInfo (FollowerInfoImpl.java:lambda$new$0(46)) - omNode-3@group-523986131536->omNode-1: nextIndex: updateUnconditionally 26 -> 16
2021-10-05 01:16:54,282 [grpc-default-executor-2] INFO  server.RaftServer$Division (RaftServerImpl.java:checkInconsistentAppendEntries(1319)) - omNode-1@group-523986131536: Failed appendEntries as previous log entry ((t:5, i:25)) is not found
2021-10-05 01:16:54,283 [grpc-default-executor-2] INFO  server.RaftServer$Division (RaftServerImpl.java:checkInconsistentAppendEntries(1285)) - omNode-1@group-523986131536: inconsistency entries. Reply:omNode-3<-omNode-1#3194:FAIL-t5,INCONSISTENCY,nextIndex=16,followerCommit=15
2021-10-05 01:16:54,283 [grpc-default-executor-2] INFO  leader.FollowerInfo (FollowerInfoImpl.java:lambda$new$0(46)) - omNode-3@group-523986131536->omNode-1: nextIndex: updateUnconditionally 26 -> 16
2021-10-05 01:16:54,784 [grpc-default-executor-2] INFO  server.RaftServer$Division (RaftServerImpl.java:checkInconsistentAppendEntries(1319)) - omNode-1@group-523986131536: Failed appendEntries as previous log entry ((t:5, i:25)) is not found
2021-10-05 01:16:54,785 [grpc-default-executor-2] INFO  server.RaftServer$Division (RaftServerImpl.java:checkInconsistentAppendEntries(1285)) - omNode-1@group-523986131536: inconsistency entries. Reply:omNode-3<-omNode-1#3245:FAIL-t5,INCONSISTENCY,nextIndex=16,followerCommit=15
2021-10-05 01:16:54,785 [grpc-default-executor-2] INFO  leader.FollowerInfo (FollowerInfoImpl.java:lambda$new$0(46)) - omNode-3@group-523986131536->omNode-1: nextIndex: updateUnconditionally 26 -> 16
2021-10-05 01:16:55,286 [grpc-default-executor-2] INFO  server.RaftServer$Division (RaftServerImpl.java:checkInconsistentAppendEntries(1319)) - omNode-1@group-523986131536: Failed appendEntries as previous log entry ((t:5, i:25)) is not found
2021-10-05 01:16:55,286 [grpc-default-executor-2] INFO  server.RaftServer$Division (RaftServerImpl.java:checkInconsistentAppendEntries(1285)) - omNode-1@group-523986131536: inconsistency entries. Reply:omNode-3<-omNode-1#3296:FAIL-t5,INCONSISTENCY,nextIndex=16,followerCommit=15
2021-10-05 01:16:55,288 [grpc-default-executor-2] INFO  leader.FollowerInfo (FollowerInfoImpl.java:lambda$new$0(46)) - omNode-3@group-523986131536->omNode-1: nextIndex: updateUnconditionally 26 -> 16
2021-10-05 01:16:55,789 [grpc-default-executor-6] INFO  server.RaftServer$Division (RaftServerImpl.java:checkInconsistentAppendEntries(1319)) - omNode-1@group-523986131536: Failed appendEntries as previous log entry ((t:5, i:25)) is not found
2021-10-05 01:16:55,790 [grpc-default-executor-6] INFO  server.RaftServer$Division (RaftServerImpl.java:checkInconsistentAppendEntries(1285)) - omNode-1@group-523986131536: inconsistency entries. Reply:omNode-3<-omNode-1#3347:FAIL-t5,INCONSISTENCY,nextIndex=16,followerCommit=15
2021-10-05 01:16:55,790 [grpc-default-executor-6] INFO  leader.FollowerInfo (FollowerInfoImpl.java:lambda$new$0(46)) - omNode-3@group-523986131536->omNode-1: nextIndex: updateUnconditionally 26 -> 16
2021-10-05 01:16:56,292 [grpc-default-executor-6] INFO  server.RaftServer$Division (RaftServerImpl.java:checkInconsistentAppendEntries(1319)) - omNode-1@group-523986131536: Failed appendEntries as previous log entry ((t:5, i:25)) is not found
2021-10-05 01:16:56,292 [grpc-default-executor-6] INFO  server.RaftServer$Division (RaftServerImpl.java:checkInconsistentAppendEntries(1285)) - omNode-1@group-523986131536: inconsistency entries. Reply:omNode-3<-omNode-1#3398:FAIL-t5,INCONSISTENCY,nextIndex=16,followerCommit=15
2021-10-05 01:16:56,292 [grpc-default-executor-6] INFO  leader.FollowerInfo (FollowerInfoImpl.java:lambda$new$0(46)) - omNode-3@group-523986131536->omNode-1: nextIndex: updateUnconditionally 26 -> 16
2021-10-05 01:16:56,793 [grpc-default-executor-6] INFO  server.RaftServer$Division (RaftServerImpl.java:checkInconsistentAppendEntries(1319)) - omNode-1@group-523986131536: Failed appendEntries as previous log entry ((t:5, i:25)) is not found
2021-10-05 01:16:56,793 [grpc-default-executor-6] INFO  server.RaftServer$Division (RaftServerImpl.java:checkInconsistentAppendEntries(1285)) - omNode-1@group-523986131536: inconsistency entries. Reply:omNode-3<-omNode-1#3449:FAIL-t5,INCONSISTENCY,nextIndex=16,followerCommit=15
2021-10-05 01:16:56,793 [grpc-default-executor-6] INFO  leader.FollowerInfo (FollowerInfoImpl.java:lambda$new$0(46)) - omNode-3@group-523986131536->omNode-1: nextIndex: updateUnconditionally 26 -> 16
2021-10-05 01:16:57,295 [grpc-default-executor-6] INFO  server.RaftServer$Division (RaftServerImpl.java:checkInconsistentAppendEntries(1319)) - omNode-1@group-523986131536: Failed appendEntries as previous log entry ((t:5, i:25)) is not found
2021-10-05 01:16:57,295 [grpc-default-executor-6] INFO  server.RaftServer$Division (RaftServerImpl.java:checkInconsistentAppendEntries(1285)) - omNode-1@group-523986131536: inconsistency entries. Reply:omNode-3<-omNode-1#3500:FAIL-t5,INCONSISTENCY,nextIndex=16,followerCommit=15
2021-10-05 01:16:57,296 [grpc-default-executor-6] INFO  leader.FollowerInfo (FollowerInfoImpl.java:lambda$new$0(46)) - omNode-3@group-523986131536->omNode-1: nextIndex: updateUnconditionally 26 -> 16
2021-10-05 01:16:57,797 [grpc-default-executor-6] INFO  server.RaftServer$Division (RaftServerImpl.java:checkInconsistentAppendEntries(1319)) - omNode-1@group-523986131536: Failed appendEntries as previous log entry ((t:5, i:25)) is not found
2021-10-05 01:16:57,797 [grpc-default-executor-6] INFO  server.RaftServer$Division (RaftServerImpl.java:checkInconsistentAppendEntries(1285)) - omNode-1@group-523986131536: inconsistency entries. Reply:omNode-3<-omNode-1#3550:FAIL-t5,INCONSISTENCY,nextIndex=16,followerCommit=15
2021-10-05 01:16:57,798 [grpc-default-executor-6] INFO  leader.FollowerInfo (FollowerInfoImpl.java:lambda$new$0(46)) - omNode-3@group-523986131536->omNode-1: nextIndex: updateUnconditionally 26 -> 16
2021-10-05 01:16:58,299 [grpc-default-executor-6] INFO  server.RaftServer$Division (RaftServerImpl.java:checkInconsistentAppendEntries(1319)) - omNode-1@group-523986131536: Failed appendEntries as previous log entry ((t:5, i:25)) is not found
2021-10-05 01:16:58,299 [grpc-default-executor-6] INFO  server.RaftServer$Division (RaftServerImpl.java:checkInconsistentAppendEntries(1285)) - omNode-1@group-523986131536: inconsistency entries. Reply:omNode-3<-omNode-1#3601:FAIL-t5,INCONSISTENCY,nextIndex=16,followerCommit=15
2021-10-05 01:16:58,301 [grpc-default-executor-6] INFO  leader.FollowerInfo (FollowerInfoImpl.java:lambda$new$0(46)) - omNode-3@group-523986131536->omNode-1: nextIndex: updateUnconditionally 26 -> 16
2021-10-05 01:16:58,802 [grpc-default-executor-6] INFO  server.RaftServer$Division (RaftServerImpl.java:checkInconsistentAppendEntries(1319)) - omNode-1@group-523986131536: Failed appendEntries as previous log entry ((t:5, i:25)) is not found
2021-10-05 01:16:58,802 [grpc-default-executor-6] INFO  server.RaftServer$Division (RaftServerImpl.java:checkInconsistentAppendEntries(1285)) - omNode-1@group-523986131536: inconsistency entries. Reply:omNode-3<-omNode-1#3652:FAIL-t5,INCONSISTENCY,nextIndex=16,followerCommit=15
2021-10-05 01:16:58,803 [grpc-default-executor-6] INFO  leader.FollowerInfo (FollowerInfoImpl.java:lambda$new$0(46)) - omNode-3@group-523986131536->omNode-1: nextIndex: updateUnconditionally 26 -> 16
2021-10-05 01:16:59,303 [grpc-default-executor-6] INFO  server.RaftServer$Division (RaftServerImpl.java:checkInconsistentAppendEntries(1319)) - omNode-1@group-523986131536: Failed appendEntries as previous log entry ((t:5, i:25)) is not found
2021-10-05 01:16:59,304 [grpc-default-executor-6] INFO  server.RaftServer$Division (RaftServerImpl.java:checkInconsistentAppendEntries(1285)) - omNode-1@group-523986131536: inconsistency entries. Reply:omNode-3<-omNode-1#3703:FAIL-t5,INCONSISTENCY,nextIndex=16,followerCommit=15
2021-10-05 01:16:59,304 [grpc-default-executor-6] INFO  leader.FollowerInfo (FollowerInfoImpl.java:lambda$new$0(46)) - omNode-3@group-523986131536->omNode-1: nextIndex: updateUnconditionally 26 -> 16
2021-10-05 01:16:59,805 [grpc-default-executor-6] INFO  server.RaftServer$Division (RaftServerImpl.java:checkInconsistentAppendEntries(1319)) - omNode-1@group-523986131536: Failed appendEntries as previous log entry ((t:5, i:25)) is not found
2021-10-05 01:16:59,805 [grpc-default-executor-6] INFO  server.RaftServer$Division (RaftServerImpl.java:checkInconsistentAppendEntries(1285)) - omNode-1@group-523986131536: inconsistency entries. Reply:omNode-3<-omNode-1#3754:FAIL-t5,INCONSISTENCY,nextIndex=16,followerCommit=15
2021-10-05 01:16:59,805 [grpc-default-executor-6] INFO  leader.FollowerInfo (FollowerInfoImpl.java:lambda$new$0(46)) - omNode-3@group-523986131536->omNode-1: nextIndex: updateUnconditionally 26 -> 16
2021-10-05 01:17:00,307 [grpc-default-executor-6] INFO  server.RaftServer$Division (RaftServerImpl.java:checkInconsistentAppendEntries(1319)) - omNode-1@group-523986131536: Failed appendEntries as previous log entry ((t:5, i:25)) is not found
2021-10-05 01:17:00,307 [grpc-default-executor-6] INFO  server.RaftServer$Division (RaftServerImpl.java:checkInconsistentAppendEntries(1285)) - omNode-1@group-523986131536: inconsistency entries. Reply:omNode-3<-omNode-1#3805:FAIL-t5,INCONSISTENCY,nextIndex=16,followerCommit=15
2021-10-05 01:17:00,308 [grpc-default-executor-6] INFO  leader.FollowerInfo (FollowerInfoImpl.java:lambda$new$0(46)) - omNode-3@group-523986131536->omNode-1: nextIndex: updateUnconditionally 26 -> 16
2021-10-05 01:17:00,809 [grpc-default-executor-6] INFO  server.RaftServer$Division (RaftServerImpl.java:checkInconsistentAppendEntries(1319)) - omNode-1@group-523986131536: Failed appendEntries as previous log entry ((t:5, i:25)) is not found
2021-10-05 01:17:00,809 [grpc-default-executor-6] INFO  server.RaftServer$Division (RaftServerImpl.java:checkInconsistentAppendEntries(1285)) - omNode-1@group-523986131536: inconsistency entries. Reply:omNode-3<-omNode-1#3856:FAIL-t5,INCONSISTENCY,nextIndex=16,followerCommit=15
2021-10-05 01:17:00,809 [grpc-default-executor-6] INFO  leader.FollowerInfo (FollowerInfoImpl.java:lambda$new$0(46)) - omNode-3@group-523986131536->omNode-1: nextIndex: updateUnconditionally 26 -> 16
2021-10-05 01:17:01,310 [grpc-default-executor-6] INFO  server.RaftServer$Division (RaftServerImpl.java:checkInconsistentAppendEntries(1319)) - omNode-1@group-523986131536: Failed appendEntries as previous log entry ((t:5, i:25)) is not found
2021-10-05 01:17:01,311 [grpc-default-executor-6] INFO  server.RaftServer$Division (RaftServerImpl.java:checkInconsistentAppendEntries(1285)) - omNode-1@group-523986131536: inconsistency entries. Reply:omNode-3<-omNode-1#3907:FAIL-t5,INCONSISTENCY,nextIndex=16,followerCommit=15
2021-10-05 01:17:01,311 [grpc-default-executor-6] INFO  leader.FollowerInfo (FollowerInfoImpl.java:lambda$new$0(46)) - omNode-3@group-523986131536->omNode-1: nextIndex: updateUnconditionally 26 -> 16
2021-10-05 01:17:01,812 [grpc-default-executor-6] INFO  server.RaftServer$Division (RaftServerImpl.java:checkInconsistentAppendEntries(1319)) - omNode-1@group-523986131536: Failed appendEntries as previous log entry ((t:5, i:25)) is not found
2021-10-05 01:17:01,812 [grpc-default-executor-6] INFO  server.RaftServer$Division (RaftServerImpl.java:checkInconsistentAppendEntries(1285)) - omNode-1@group-523986131536: inconsistency entries. Reply:omNode-3<-omNode-1#3958:FAIL-t5,INCONSISTENCY,nextIndex=16,followerCommit=15
2021-10-05 01:17:01,813 [grpc-default-executor-6] INFO  leader.FollowerInfo (FollowerInfoImpl.java:lambda$new$0(46)) - omNode-3@group-523986131536->omNode-1: nextIndex: updateUnconditionally 26 -> 16
2021-10-05 01:17:02,315 [grpc-default-executor-6] INFO  server.RaftServer$Division (RaftServerImpl.java:checkInconsistentAppendEntries(1319)) - omNode-1@group-523986131536: Failed appendEntries as previous log entry ((t:5, i:25)) is not found
2021-10-05 01:17:02,316 [grpc-default-executor-6] INFO  server.RaftServer$Division (RaftServerImpl.java:checkInconsistentAppendEntries(1285)) - omNode-1@group-523986131536: inconsistency entries. Reply:omNode-3<-omNode-1#4009:FAIL-t5,INCONSISTENCY,nextIndex=16,followerCommit=15
2021-10-05 01:17:02,316 [grpc-default-executor-6] INFO  leader.FollowerInfo (FollowerInfoImpl.java:lambda$new$0(46)) - omNode-3@group-523986131536->omNode-1: nextIndex: updateUnconditionally 26 -> 16
2021-10-05 01:17:02,817 [grpc-default-executor-6] INFO  server.RaftServer$Division (RaftServerImpl.java:checkInconsistentAppendEntries(1319)) - omNode-1@group-523986131536: Failed appendEntries as previous log entry ((t:5, i:25)) is not found
2021-10-05 01:17:02,817 [grpc-default-executor-6] INFO  server.RaftServer$Division (RaftServerImpl.java:checkInconsistentAppendEntries(1285)) - omNode-1@group-523986131536: inconsistency entries. Reply:omNode-3<-omNode-1#4060:FAIL-t5,INCONSISTENCY,nextIndex=16,followerCommit=15
2021-10-05 01:17:02,818 [grpc-default-executor-6] INFO  leader.FollowerInfo (FollowerInfoImpl.java:lambda$new$0(46)) - omNode-3@group-523986131536->omNode-1: nextIndex: updateUnconditionally 26 -> 16
2021-10-05 01:17:03,319 [grpc-default-executor-2] INFO  server.RaftServer$Division (RaftServerImpl.java:checkInconsistentAppendEntries(1319)) - omNode-1@group-523986131536: Failed appendEntries as previous log entry ((t:5, i:25)) is not found
2021-10-05 01:17:03,319 [grpc-default-executor-2] INFO  server.RaftServer$Division (RaftServerImpl.java:checkInconsistentAppendEntries(1285)) - omNode-1@group-523986131536: inconsistency entries. Reply:omNode-3<-omNode-1#4111:FAIL-t5,INCONSISTENCY,nextIndex=16,followerCommit=15
2021-10-05 01:17:03,322 [grpc-default-executor-2] INFO  leader.FollowerInfo (FollowerInfoImpl.java:lambda$new$0(46)) - omNode-3@group-523986131536->omNode-1: nextIndex: updateUnconditionally 26 -> 16
2021-10-05 01:17:03,824 [grpc-default-executor-2] INFO  server.RaftServer$Division (RaftServerImpl.java:checkInconsistentAppendEntries(1319)) - omNode-1@group-523986131536: Failed appendEntries as previous log entry ((t:5, i:25)) is not found
2021-10-05 01:17:03,824 [grpc-default-executor-2] INFO  server.RaftServer$Division (RaftServerImpl.java:checkInconsistentAppendEntries(1285)) - omNode-1@group-523986131536: inconsistency entries. Reply:omNode-3<-omNode-1#4162:FAIL-t5,INCONSISTENCY,nextIndex=16,followerCommit=15
2021-10-05 01:17:03,825 [grpc-default-executor-2] INFO  leader.FollowerInfo (FollowerInfoImpl.java:lambda$new$0(46)) - omNode-3@group-523986131536->omNode-1: nextIndex: updateUnconditionally 26 -> 16
2021-10-05 01:17:04,326 [grpc-default-executor-2] INFO  server.RaftServer$Division (RaftServerImpl.java:checkInconsistentAppendEntries(1319)) - omNode-1@group-523986131536: Failed appendEntries as previous log entry ((t:5, i:25)) is not found
2021-10-05 01:17:04,326 [grpc-default-executor-2] INFO  server.RaftServer$Division (RaftServerImpl.java:checkInconsistentAppendEntries(1285)) - omNode-1@group-523986131536: inconsistency entries. Reply:omNode-3<-omNode-1#4213:FAIL-t5,INCONSISTENCY,nextIndex=16,followerCommit=15
2021-10-05 01:17:04,326 [grpc-default-executor-2] INFO  leader.FollowerInfo (FollowerInfoImpl.java:lambda$new$0(46)) - omNode-3@group-523986131536->omNode-1: nextIndex: updateUnconditionally 26 -> 16
2021-10-05 01:17:04,828 [grpc-default-executor-2] INFO  server.RaftServer$Division (RaftServerImpl.java:checkInconsistentAppendEntries(1319)) - omNode-1@group-523986131536: Failed appendEntries as previous log entry ((t:5, i:25)) is not found
2021-10-05 01:17:04,828 [grpc-default-executor-2] INFO  server.RaftServer$Division (RaftServerImpl.java:checkInconsistentAppendEntries(1285)) - omNode-1@group-523986131536: inconsistency entries. Reply:omNode-3<-omNode-1#4264:FAIL-t5,INCONSISTENCY,nextIndex=16,followerCommit=15
2021-10-05 01:17:04,828 [grpc-default-executor-2] INFO  leader.FollowerInfo (FollowerInfoImpl.java:lambda$new$0(46)) - omNode-3@group-523986131536->omNode-1: nextIndex: updateUnconditionally 26 -> 16
2021-10-05 01:17:05,329 [grpc-default-executor-2] INFO  server.RaftServer$Division (RaftServerImpl.java:checkInconsistentAppendEntries(1319)) - omNode-1@group-523986131536: Failed appendEntries as previous log entry ((t:5, i:25)) is not found
2021-10-05 01:17:05,330 [grpc-default-executor-2] INFO  server.RaftServer$Division (RaftServerImpl.java:checkInconsistentAppendEntries(1285)) - omNode-1@group-523986131536: inconsistency entries. Reply:omNode-3<-omNode-1#4315:FAIL-t5,INCONSISTENCY,nextIndex=16,followerCommit=15
2021-10-05 01:17:05,330 [grpc-default-executor-2] INFO  leader.FollowerInfo (FollowerInfoImpl.java:lambda$new$0(46)) - omNode-3@group-523986131536->omNode-1: nextIndex: updateUnconditionally 26 -> 16
2021-10-05 01:17:05,831 [grpc-default-executor-6] INFO  server.RaftServer$Division (RaftServerImpl.java:checkInconsistentAppendEntries(1319)) - omNode-1@group-523986131536: Failed appendEntries as previous log entry ((t:5, i:25)) is not found
2021-10-05 01:17:05,831 [grpc-default-executor-6] INFO  server.RaftServer$Division (RaftServerImpl.java:checkInconsistentAppendEntries(1285)) - omNode-1@group-523986131536: inconsistency entries. Reply:omNode-3<-omNode-1#4366:FAIL-t5,INCONSISTENCY,nextIndex=16,followerCommit=15
2021-10-05 01:17:05,831 [grpc-default-executor-6] INFO  leader.FollowerInfo (FollowerInfoImpl.java:lambda$new$0(46)) - omNode-3@group-523986131536->omNode-1: nextIndex: updateUnconditionally 26 -> 16
2021-10-05 01:17:06,333 [grpc-default-executor-6] INFO  server.RaftServer$Division (RaftServerImpl.java:checkInconsistentAppendEntries(1319)) - omNode-1@group-523986131536: Failed appendEntries as previous log entry ((t:5, i:25)) is not found
2021-10-05 01:17:06,333 [grpc-default-executor-6] INFO  server.RaftServer$Division (RaftServerImpl.java:checkInconsistentAppendEntries(1285)) - omNode-1@group-523986131536: inconsistency entries. Reply:omNode-3<-omNode-1#4417:FAIL-t5,INCONSISTENCY,nextIndex=16,followerCommit=15
2021-10-05 01:17:06,334 [grpc-default-executor-6] INFO  leader.FollowerInfo (FollowerInfoImpl.java:lambda$new$0(46)) - omNode-3@group-523986131536->omNode-1: nextIndex: updateUnconditionally 26 -> 16
2021-10-05 01:17:06,835 [grpc-default-executor-6] INFO  server.RaftServer$Division (RaftServerImpl.java:checkInconsistentAppendEntries(1319)) - omNode-1@group-523986131536: Failed appendEntries as previous log entry ((t:5, i:25)) is not found
2021-10-05 01:17:06,836 [grpc-default-executor-6] INFO  server.RaftServer$Division (RaftServerImpl.java:checkInconsistentAppendEntries(1285)) - omNode-1@group-523986131536: inconsistency entries. Reply:omNode-3<-omNode-1#4468:FAIL-t5,INCONSISTENCY,nextIndex=16,followerCommit=15
2021-10-05 01:17:06,836 [grpc-default-executor-6] INFO  leader.FollowerInfo (FollowerInfoImpl.java:lambda$new$0(46)) - omNode-3@group-523986131536->omNode-1: nextIndex: updateUnconditionally 26 -> 16
2021-10-05 01:17:07,337 [grpc-default-executor-6] INFO  server.RaftServer$Division (RaftServerImpl.java:checkInconsistentAppendEntries(1319)) - omNode-1@group-523986131536: Failed appendEntries as previous log entry ((t:5, i:25)) is not found
2021-10-05 01:17:07,337 [grpc-default-executor-6] INFO  server.RaftServer$Division (RaftServerImpl.java:checkInconsistentAppendEntries(1285)) - omNode-1@group-523986131536: inconsistency entries. Reply:omNode-3<-omNode-1#4519:FAIL-t5,INCONSISTENCY,nextIndex=16,followerCommit=15
2021-10-05 01:17:07,338 [grpc-default-executor-6] INFO  leader.FollowerInfo (FollowerInfoImpl.java:lambda$new$0(46)) - omNode-3@group-523986131536->omNode-1: nextIndex: updateUnconditionally 26 -> 16
2021-10-05 01:17:07,839 [grpc-default-executor-6] INFO  server.RaftServer$Division (RaftServerImpl.java:checkInconsistentAppendEntries(1319)) - omNode-1@group-523986131536: Failed appendEntries as previous log entry ((t:5, i:25)) is not found
2021-10-05 01:17:07,839 [grpc-default-executor-6] INFO  server.RaftServer$Division (RaftServerImpl.java:checkInconsistentAppendEntries(1285)) - omNode-1@group-523986131536: inconsistency entries. Reply:omNode-3<-omNode-1#4570:FAIL-t5,INCONSISTENCY,nextIndex=16,followerCommit=15
2021-10-05 01:17:07,839 [grpc-default-executor-6] INFO  leader.FollowerInfo (FollowerInfoImpl.java:lambda$new$0(46)) - omNode-3@group-523986131536->omNode-1: nextIndex: updateUnconditionally 26 -> 16
2021-10-05 01:17:08,341 [grpc-default-executor-2] INFO  server.RaftServer$Division (RaftServerImpl.java:checkInconsistentAppendEntries(1319)) - omNode-1@group-523986131536: Failed appendEntries as previous log entry ((t:5, i:25)) is not found
2021-10-05 01:17:08,341 [grpc-default-executor-2] INFO  server.RaftServer$Division (RaftServerImpl.java:checkInconsistentAppendEntries(1285)) - omNode-1@group-523986131536: inconsistency entries. Reply:omNode-3<-omNode-1#4621:FAIL-t5,INCONSISTENCY,nextIndex=16,followerCommit=15
2021-10-05 01:17:08,341 [grpc-default-executor-2] INFO  leader.FollowerInfo (FollowerInfoImpl.java:lambda$new$0(46)) - omNode-3@group-523986131536->omNode-1: nextIndex: updateUnconditionally 26 -> 16
2021-10-05 01:17:08,843 [grpc-default-executor-2] INFO  server.RaftServer$Division (RaftServerImpl.java:checkInconsistentAppendEntries(1319)) - omNode-1@group-523986131536: Failed appendEntries as previous log entry ((t:5, i:25)) is not found
2021-10-05 01:17:08,843 [grpc-default-executor-2] INFO  server.RaftServer$Division (RaftServerImpl.java:checkInconsistentAppendEntries(1285)) - omNode-1@group-523986131536: inconsistency entries. Reply:omNode-3<-omNode-1#4672:FAIL-t5,INCONSISTENCY,nextIndex=16,followerCommit=15
2021-10-05 01:17:08,843 [grpc-default-executor-2] INFO  leader.FollowerInfo (FollowerInfoImpl.java:lambda$new$0(46)) - omNode-3@group-523986131536->omNode-1: nextIndex: updateUnconditionally 26 -> 16
2021-10-05 01:17:09,345 [grpc-default-executor-2] INFO  server.RaftServer$Division (RaftServerImpl.java:checkInconsistentAppendEntries(1319)) - omNode-1@group-523986131536: Failed appendEntries as previous log entry ((t:5, i:25)) is not found
2021-10-05 01:17:09,345 [grpc-default-executor-2] INFO  server.RaftServer$Division (RaftServerImpl.java:checkInconsistentAppendEntries(1285)) - omNode-1@group-523986131536: inconsistency entries. Reply:omNode-3<-omNode-1#4723:FAIL-t5,INCONSISTENCY,nextIndex=16,followerCommit=15
2021-10-05 01:17:09,346 [grpc-default-executor-2] INFO  leader.FollowerInfo (FollowerInfoImpl.java:lambda$new$0(46)) - omNode-3@group-523986131536->omNode-1: nextIndex: updateUnconditionally 26 -> 16
2021-10-05 01:17:09,847 [grpc-default-executor-2] INFO  server.RaftServer$Division (RaftServerImpl.java:checkInconsistentAppendEntries(1319)) - omNode-1@group-523986131536: Failed appendEntries as previous log entry ((t:5, i:25)) is not found
2021-10-05 01:17:09,847 [grpc-default-executor-2] INFO  server.RaftServer$Division (RaftServerImpl.java:checkInconsistentAppendEntries(1285)) - omNode-1@group-523986131536: inconsistency entries. Reply:omNode-3<-omNode-1#4774:FAIL-t5,INCONSISTENCY,nextIndex=16,followerCommit=15
2021-10-05 01:17:09,847 [grpc-default-executor-2] INFO  leader.FollowerInfo (FollowerInfoImpl.java:lambda$new$0(46)) - omNode-3@group-523986131536->omNode-1: nextIndex: updateUnconditionally 26 -> 16
2021-10-05 01:17:10,348 [grpc-default-executor-2] INFO  server.RaftServer$Division (RaftServerImpl.java:checkInconsistentAppendEntries(1319)) - omNode-1@group-523986131536: Failed appendEntries as previous log entry ((t:5, i:25)) is not found
2021-10-05 01:17:10,348 [grpc-default-executor-2] INFO  server.RaftServer$Division (RaftServerImpl.java:checkInconsistentAppendEntries(1285)) - omNode-1@group-523986131536: inconsistency entries. Reply:omNode-3<-omNode-1#4825:FAIL-t5,INCONSISTENCY,nextIndex=16,followerCommit=15
2021-10-05 01:17:10,349 [grpc-default-executor-2] INFO  leader.FollowerInfo (FollowerInfoImpl.java:lambda$new$0(46)) - omNode-3@group-523986131536->omNode-1: nextIndex: updateUnconditionally 26 -> 16
2021-10-05 01:17:10,850 [grpc-default-executor-6] INFO  server.RaftServer$Division (RaftServerImpl.java:checkInconsistentAppendEntries(1319)) - omNode-1@group-523986131536: Failed appendEntries as previous log entry ((t:5, i:25)) is not found
2021-10-05 01:17:10,850 [grpc-default-executor-6] INFO  server.RaftServer$Division (RaftServerImpl.java:checkInconsistentAppendEntries(1285)) - omNode-1@group-523986131536: inconsistency entries. Reply:omNode-3<-omNode-1#4876:FAIL-t5,INCONSISTENCY,nextIndex=16,followerCommit=15
2021-10-05 01:17:10,850 [grpc-default-executor-6] INFO  leader.FollowerInfo (FollowerInfoImpl.java:lambda$new$0(46)) - omNode-3@group-523986131536->omNode-1: nextIndex: updateUnconditionally 26 -> 16
2021-10-05 01:17:11,352 [grpc-default-executor-6] INFO  server.RaftServer$Division (RaftServerImpl.java:checkInconsistentAppendEntries(1319)) - omNode-1@group-523986131536: Failed appendEntries as previous log entry ((t:5, i:25)) is not found
2021-10-05 01:17:11,352 [grpc-default-executor-6] INFO  server.RaftServer$Division (RaftServerImpl.java:checkInconsistentAppendEntries(1285)) - omNode-1@group-523986131536: inconsistency entries. Reply:omNode-3<-omNode-1#4926:FAIL-t5,INCONSISTENCY,nextIndex=16,followerCommit=15
2021-10-05 01:17:11,353 [grpc-default-executor-6] INFO  leader.FollowerInfo (FollowerInfoImpl.java:lambda$new$0(46)) - omNode-3@group-523986131536->omNode-1: nextIndex: updateUnconditionally 26 -> 16
2021-10-05 01:17:11,854 [grpc-default-executor-6] INFO  server.RaftServer$Division (RaftServerImpl.java:checkInconsistentAppendEntries(1319)) - omNode-1@group-523986131536: Failed appendEntries as previous log entry ((t:5, i:25)) is not found
2021-10-05 01:17:11,854 [grpc-default-executor-6] INFO  server.RaftServer$Division (RaftServerImpl.java:checkInconsistentAppendEntries(1285)) - omNode-1@group-523986131536: inconsistency entries. Reply:omNode-3<-omNode-1#4977:FAIL-t5,INCONSISTENCY,nextIndex=16,followerCommit=15
2021-10-05 01:17:11,855 [grpc-default-executor-6] INFO  leader.FollowerInfo (FollowerInfoImpl.java:lambda$new$0(46)) - omNode-3@group-523986131536->omNode-1: nextIndex: updateUnconditionally 26 -> 16
2021-10-05 01:17:12,356 [grpc-default-executor-6] INFO  server.RaftServer$Division (RaftServerImpl.java:checkInconsistentAppendEntries(1319)) - omNode-1@group-523986131536: Failed appendEntries as previous log entry ((t:5, i:25)) is not found
2021-10-05 01:17:12,356 [grpc-default-executor-6] INFO  server.RaftServer$Division (RaftServerImpl.java:checkInconsistentAppendEntries(1285)) - omNode-1@group-523986131536: inconsistency entries. Reply:omNode-3<-omNode-1#5028:FAIL-t5,INCONSISTENCY,nextIndex=16,followerCommit=15
2021-10-05 01:17:12,357 [grpc-default-executor-6] INFO  leader.FollowerInfo (FollowerInfoImpl.java:lambda$new$0(46)) - omNode-3@group-523986131536->omNode-1: nextIndex: updateUnconditionally 26 -> 16
2021-10-05 01:17:12,858 [grpc-default-executor-6] INFO  server.RaftServer$Division (RaftServerImpl.java:checkInconsistentAppendEntries(1319)) - omNode-1@group-523986131536: Failed appendEntries as previous log entry ((t:5, i:25)) is not found
2021-10-05 01:17:12,858 [grpc-default-executor-6] INFO  server.RaftServer$Division (RaftServerImpl.java:checkInconsistentAppendEntries(1285)) - omNode-1@group-523986131536: inconsistency entries. Reply:omNode-3<-omNode-1#5079:FAIL-t5,INCONSISTENCY,nextIndex=16,followerCommit=15
2021-10-05 01:17:12,859 [grpc-default-executor-6] INFO  leader.FollowerInfo (FollowerInfoImpl.java:lambda$new$0(46)) - omNode-3@group-523986131536->omNode-1: nextIndex: updateUnconditionally 26 -> 16
2021-10-05 01:17:13,360 [grpc-default-executor-2] INFO  server.RaftServer$Division (RaftServerImpl.java:checkInconsistentAppendEntries(1319)) - omNode-1@group-523986131536: Failed appendEntries as previous log entry ((t:5, i:25)) is not found
2021-10-05 01:17:13,360 [grpc-default-executor-2] INFO  server.RaftServer$Division (RaftServerImpl.java:checkInconsistentAppendEntries(1285)) - omNode-1@group-523986131536: inconsistency entries. Reply:omNode-3<-omNode-1#5130:FAIL-t5,INCONSISTENCY,nextIndex=16,followerCommit=15
2021-10-05 01:17:13,360 [grpc-default-executor-2] INFO  leader.FollowerInfo (FollowerInfoImpl.java:lambda$new$0(46)) - omNode-3@group-523986131536->omNode-1: nextIndex: updateUnconditionally 26 -> 16
2021-10-05 01:17:13,862 [grpc-default-executor-2] INFO  server.RaftServer$Division (RaftServerImpl.java:checkInconsistentAppendEntries(1319)) - omNode-1@group-523986131536: Failed appendEntries as previous log entry ((t:5, i:25)) is not found
2021-10-05 01:17:13,862 [grpc-default-executor-2] INFO  server.RaftServer$Division (RaftServerImpl.java:checkInconsistentAppendEntries(1285)) - omNode-1@group-523986131536: inconsistency entries. Reply:omNode-3<-omNode-1#5181:FAIL-t5,INCONSISTENCY,nextIndex=16,followerCommit=15
2021-10-05 01:17:13,863 [grpc-default-executor-2] INFO  leader.FollowerInfo (FollowerInfoImpl.java:lambda$new$0(46)) - omNode-3@group-523986131536->omNode-1: nextIndex: updateUnconditionally 26 -> 16
2021-10-05 01:17:14,364 [grpc-default-executor-2] INFO  server.RaftServer$Division (RaftServerImpl.java:checkInconsistentAppendEntries(1319)) - omNode-1@group-523986131536: Failed appendEntries as previous log entry ((t:5, i:25)) is not found
2021-10-05 01:17:14,365 [grpc-default-executor-2] INFO  server.RaftServer$Division (RaftServerImpl.java:checkInconsistentAppendEntries(1285)) - omNode-1@group-523986131536: inconsistency entries. Reply:omNode-3<-omNode-1#5232:FAIL-t5,INCONSISTENCY,nextIndex=16,followerCommit=15
2021-10-05 01:17:14,365 [grpc-default-executor-2] INFO  leader.FollowerInfo (FollowerInfoImpl.java:lambda$new$0(46)) - omNode-3@group-523986131536->omNode-1: nextIndex: updateUnconditionally 26 -> 16
2021-10-05 01:17:14,867 [grpc-default-executor-2] INFO  server.RaftServer$Division (RaftServerImpl.java:checkInconsistentAppendEntries(1319)) - omNode-1@group-523986131536: Failed appendEntries as previous log entry ((t:5, i:25)) is not found
2021-10-05 01:17:14,867 [grpc-default-executor-2] INFO  server.RaftServer$Division (RaftServerImpl.java:checkInconsistentAppendEntries(1285)) - omNode-1@group-523986131536: inconsistency entries. Reply:omNode-3<-omNode-1#5283:FAIL-t5,INCONSISTENCY,nextIndex=16,followerCommit=15
2021-10-05 01:17:14,867 [grpc-default-executor-2] INFO  leader.FollowerInfo (FollowerInfoImpl.java:lambda$new$0(46)) - omNode-3@group-523986131536->omNode-1: nextIndex: updateUnconditionally 26 -> 16
2021-10-05 01:17:15,369 [grpc-default-executor-2] INFO  server.RaftServer$Division (RaftServerImpl.java:checkInconsistentAppendEntries(1319)) - omNode-1@group-523986131536: Failed appendEntries as previous log entry ((t:5, i:25)) is not found
2021-10-05 01:17:15,369 [grpc-default-executor-2] INFO  server.RaftServer$Division (RaftServerImpl.java:checkInconsistentAppendEntries(1285)) - omNode-1@group-523986131536: inconsistency entries. Reply:omNode-3<-omNode-1#5334:FAIL-t5,INCONSISTENCY,nextIndex=16,followerCommit=15
2021-10-05 01:17:15,373 [grpc-default-executor-2] INFO  leader.FollowerInfo (FollowerInfoImpl.java:lambda$new$0(46)) - omNode-3@group-523986131536->omNode-1: nextIndex: updateUnconditionally 26 -> 16
2021-10-05 01:17:15,874 [grpc-default-executor-6] INFO  server.RaftServer$Division (RaftServerImpl.java:checkInconsistentAppendEntries(1319)) - omNode-1@group-523986131536: Failed appendEntries as previous log entry ((t:5, i:25)) is not found
2021-10-05 01:17:15,874 [grpc-default-executor-6] INFO  server.RaftServer$Division (RaftServerImpl.java:checkInconsistentAppendEntries(1285)) - omNode-1@group-523986131536: inconsistency entries. Reply:omNode-3<-omNode-1#5385:FAIL-t5,INCONSISTENCY,nextIndex=16,followerCommit=15
2021-10-05 01:17:15,875 [grpc-default-executor-6] INFO  leader.FollowerInfo (FollowerInfoImpl.java:lambda$new$0(46)) - omNode-3@group-523986131536->omNode-1: nextIndex: updateUnconditionally 26 -> 16
2021-10-05 01:17:16,376 [grpc-default-executor-6] INFO  server.RaftServer$Division (RaftServerImpl.java:checkInconsistentAppendEntries(1319)) - omNode-1@group-523986131536: Failed appendEntries as previous log entry ((t:5, i:25)) is not found
2021-10-05 01:17:16,377 [grpc-default-executor-6] INFO  server.RaftServer$Division (RaftServerImpl.java:checkInconsistentAppendEntries(1285)) - omNode-1@group-523986131536: inconsistency entries. Reply:omNode-3<-omNode-1#5436:FAIL-t5,INCONSISTENCY,nextIndex=16,followerCommit=15
2021-10-05 01:17:16,377 [grpc-default-executor-6] INFO  leader.FollowerInfo (FollowerInfoImpl.java:lambda$new$0(46)) - omNode-3@group-523986131536->omNode-1: nextIndex: updateUnconditionally 26 -> 16
2021-10-05 01:17:16,878 [grpc-default-executor-6] INFO  server.RaftServer$Division (RaftServerImpl.java:checkInconsistentAppendEntries(1319)) - omNode-1@group-523986131536: Failed appendEntries as previous log entry ((t:5, i:25)) is not found
2021-10-05 01:17:16,879 [grpc-default-executor-6] INFO  server.RaftServer$Division (RaftServerImpl.java:checkInconsistentAppendEntries(1285)) - omNode-1@group-523986131536: inconsistency entries. Reply:omNode-3<-omNode-1#5487:FAIL-t5,INCONSISTENCY,nextIndex=16,followerCommit=15
2021-10-05 01:17:16,879 [grpc-default-executor-6] INFO  leader.FollowerInfo (FollowerInfoImpl.java:lambda$new$0(46)) - omNode-3@group-523986131536->omNode-1: nextIndex: updateUnconditionally 26 -> 16
2021-10-05 01:17:17,380 [grpc-default-executor-6] INFO  server.RaftServer$Division (RaftServerImpl.java:checkInconsistentAppendEntries(1319)) - omNode-1@group-523986131536: Failed appendEntries as previous log entry ((t:5, i:25)) is not found
2021-10-05 01:17:17,380 [grpc-default-executor-6] INFO  server.RaftServer$Division (RaftServerImpl.java:checkInconsistentAppendEntries(1285)) - omNode-1@group-523986131536: inconsistency entries. Reply:omNode-3<-omNode-1#5538:FAIL-t5,INCONSISTENCY,nextIndex=16,followerCommit=15
2021-10-05 01:17:17,380 [grpc-default-executor-6] INFO  leader.FollowerInfo (FollowerInfoImpl.java:lambda$new$0(46)) - omNode-3@group-523986131536->omNode-1: nextIndex: updateUnconditionally 26 -> 16
2021-10-05 01:17:17,882 [grpc-default-executor-6] INFO  server.RaftServer$Division (RaftServerImpl.java:checkInconsistentAppendEntries(1319)) - omNode-1@group-523986131536: Failed appendEntries as previous log entry ((t:5, i:25)) is not found
2021-10-05 01:17:17,882 [grpc-default-executor-6] INFO  server.RaftServer$Division (RaftServerImpl.java:checkInconsistentAppendEntries(1285)) - omNode-1@group-523986131536: inconsistency entries. Reply:omNode-3<-omNode-1#5589:FAIL-t5,INCONSISTENCY,nextIndex=16,followerCommit=15
2021-10-05 01:17:17,882 [grpc-default-executor-6] INFO  leader.FollowerInfo (FollowerInfoImpl.java:lambda$new$0(46)) - omNode-3@group-523986131536->omNode-1: nextIndex: updateUnconditionally 26 -> 16
2021-10-05 01:17:18,384 [grpc-default-executor-6] INFO  server.RaftServer$Division (RaftServerImpl.java:checkInconsistentAppendEntries(1319)) - omNode-1@group-523986131536: Failed appendEntries as previous log entry ((t:5, i:25)) is not found
2021-10-05 01:17:18,384 [grpc-default-executor-6] INFO  server.RaftServer$Division (RaftServerImpl.java:checkInconsistentAppendEntries(1285)) - omNode-1@group-523986131536: inconsistency entries. Reply:omNode-3<-omNode-1#5640:FAIL-t5,INCONSISTENCY,nextIndex=16,followerCommit=15
2021-10-05 01:17:18,384 [grpc-default-executor-6] INFO  leader.FollowerInfo (FollowerInfoImpl.java:lambda$new$0(46)) - omNode-3@group-523986131536->omNode-1: nextIndex: updateUnconditionally 26 -> 16
2021-10-05 01:17:18,886 [grpc-default-executor-6] INFO  server.RaftServer$Division (RaftServerImpl.java:checkInconsistentAppendEntries(1319)) - omNode-1@group-523986131536: Failed appendEntries as previous log entry ((t:5, i:25)) is not found
2021-10-05 01:17:18,886 [grpc-default-executor-6] INFO  server.RaftServer$Division (RaftServerImpl.java:checkInconsistentAppendEntries(1285)) - omNode-1@group-523986131536: inconsistency entries. Reply:omNode-3<-omNode-1#5691:FAIL-t5,INCONSISTENCY,nextIndex=16,followerCommit=15
2021-10-05 01:17:18,888 [grpc-default-executor-6] INFO  leader.FollowerInfo (FollowerInfoImpl.java:lambda$new$0(46)) - omNode-3@group-523986131536->omNode-1: nextIndex: updateUnconditionally 26 -> 16
2021-10-05 01:17:19,388 [grpc-default-executor-6] INFO  server.RaftServer$Division (RaftServerImpl.java:checkInconsistentAppendEntries(1319)) - omNode-1@group-523986131536: Failed appendEntries as previous log entry ((t:5, i:25)) is not found
2021-10-05 01:17:19,389 [grpc-default-executor-6] INFO  server.RaftServer$Division (RaftServerImpl.java:checkInconsistentAppendEntries(1285)) - omNode-1@group-523986131536: inconsistency entries. Reply:omNode-3<-omNode-1#5742:FAIL-t5,INCONSISTENCY,nextIndex=16,followerCommit=15
2021-10-05 01:17:19,389 [grpc-default-executor-6] INFO  leader.FollowerInfo (FollowerInfoImpl.java:lambda$new$0(46)) - omNode-3@group-523986131536->omNode-1: nextIndex: updateUnconditionally 26 -> 16
2021-10-05 01:17:19,890 [grpc-default-executor-6] INFO  server.RaftServer$Division (RaftServerImpl.java:checkInconsistentAppendEntries(1319)) - omNode-1@group-523986131536: Failed appendEntries as previous log entry ((t:5, i:25)) is not found
2021-10-05 01:17:19,890 [grpc-default-executor-6] INFO  server.RaftServer$Division (RaftServerImpl.java:checkInconsistentAppendEntries(1285)) - omNode-1@group-523986131536: inconsistency entries. Reply:omNode-3<-omNode-1#5793:FAIL-t5,INCONSISTENCY,nextIndex=16,followerCommit=15
2021-10-05 01:17:19,890 [grpc-default-executor-6] INFO  leader.FollowerInfo (FollowerInfoImpl.java:lambda$new$0(46)) - omNode-3@group-523986131536->omNode-1: nextIndex: updateUnconditionally 26 -> 16
2021-10-05 01:17:20,392 [grpc-default-executor-6] INFO  server.RaftServer$Division (RaftServerImpl.java:checkInconsistentAppendEntries(1319)) - omNode-1@group-523986131536: Failed appendEntries as previous log entry ((t:5, i:25)) is not found
2021-10-05 01:17:20,392 [grpc-default-executor-6] INFO  server.RaftServer$Division (RaftServerImpl.java:checkInconsistentAppendEntries(1285)) - omNode-1@group-523986131536: inconsistency entries. Reply:omNode-3<-omNode-1#5844:FAIL-t5,INCONSISTENCY,nextIndex=16,followerCommit=15
2021-10-05 01:17:20,392 [grpc-default-executor-6] INFO  leader.FollowerInfo (FollowerInfoImpl.java:lambda$new$0(46)) - omNode-3@group-523986131536->omNode-1: nextIndex: updateUnconditionally 26 -> 16
2021-10-05 01:17:20,894 [grpc-default-executor-2] INFO  server.RaftServer$Division (RaftServerImpl.java:checkInconsistentAppendEntries(1319)) - omNode-1@group-523986131536: Failed appendEntries as previous log entry ((t:5, i:25)) is not found
2021-10-05 01:17:20,894 [grpc-default-executor-2] INFO  server.RaftServer$Division (RaftServerImpl.java:checkInconsistentAppendEntries(1285)) - omNode-1@group-523986131536: inconsistency entries. Reply:omNode-3<-omNode-1#5895:FAIL-t5,INCONSISTENCY,nextIndex=16,followerCommit=15
2021-10-05 01:17:20,894 [grpc-default-executor-2] INFO  leader.FollowerInfo (FollowerInfoImpl.java:lambda$new$0(46)) - omNode-3@group-523986131536->omNode-1: nextIndex: updateUnconditionally 26 -> 16
2021-10-05 01:17:21,396 [grpc-default-executor-2] INFO  server.RaftServer$Division (RaftServerImpl.java:checkInconsistentAppendEntries(1319)) - omNode-1@group-523986131536: Failed appendEntries as previous log entry ((t:5, i:25)) is not found
2021-10-05 01:17:21,397 [grpc-default-executor-2] INFO  server.RaftServer$Division (RaftServerImpl.java:checkInconsistentAppendEntries(1285)) - omNode-1@group-523986131536: inconsistency entries. Reply:omNode-3<-omNode-1#5945:FAIL-t5,INCONSISTENCY,nextIndex=16,followerCommit=15
2021-10-05 01:17:21,397 [grpc-default-executor-2] INFO  leader.FollowerInfo (FollowerInfoImpl.java:lambda$new$0(46)) - omNode-3@group-523986131536->omNode-1: nextIndex: updateUnconditionally 26 -> 16
2021-10-05 01:17:21,898 [grpc-default-executor-2] INFO  server.RaftServer$Division (RaftServerImpl.java:checkInconsistentAppendEntries(1319)) - omNode-1@group-523986131536: Failed appendEntries as previous log entry ((t:5, i:25)) is not found
2021-10-05 01:17:21,898 [grpc-default-executor-2] INFO  server.RaftServer$Division (RaftServerImpl.java:checkInconsistentAppendEntries(1285)) - omNode-1@group-523986131536: inconsistency entries. Reply:omNode-3<-omNode-1#5996:FAIL-t5,INCONSISTENCY,nextIndex=16,followerCommit=15
2021-10-05 01:17:21,899 [grpc-default-executor-2] INFO  leader.FollowerInfo (FollowerInfoImpl.java:lambda$new$0(46)) - omNode-3@group-523986131536->omNode-1: nextIndex: updateUnconditionally 26 -> 16
2021-10-05 01:17:22,400 [grpc-default-executor-2] INFO  server.RaftServer$Division (RaftServerImpl.java:checkInconsistentAppendEntries(1319)) - omNode-1@group-523986131536: Failed appendEntries as previous log entry ((t:5, i:25)) is not found
2021-10-05 01:17:22,401 [grpc-default-executor-2] INFO  server.RaftServer$Division (RaftServerImpl.java:checkInconsistentAppendEntries(1285)) - omNode-1@group-523986131536: inconsistency entries. Reply:omNode-3<-omNode-1#6047:FAIL-t5,INCONSISTENCY,nextIndex=16,followerCommit=15
2021-10-05 01:17:22,401 [grpc-default-executor-2] INFO  leader.FollowerInfo (FollowerInfoImpl.java:lambda$new$0(46)) - omNode-3@group-523986131536->omNode-1: nextIndex: updateUnconditionally 26 -> 16
2021-10-05 01:17:22,902 [grpc-default-executor-2] INFO  server.RaftServer$Division (RaftServerImpl.java:checkInconsistentAppendEntries(1319)) - omNode-1@group-523986131536: Failed appendEntries as previous log entry ((t:5, i:25)) is not found
2021-10-05 01:17:22,902 [grpc-default-executor-2] INFO  server.RaftServer$Division (RaftServerImpl.java:checkInconsistentAppendEntries(1285)) - omNode-1@group-523986131536: inconsistency entries. Reply:omNode-3<-omNode-1#6098:FAIL-t5,INCONSISTENCY,nextIndex=16,followerCommit=15
2021-10-05 01:17:22,902 [grpc-default-executor-2] INFO  leader.FollowerInfo (FollowerInfoImpl.java:lambda$new$0(46)) - omNode-3@group-523986131536->omNode-1: nextIndex: updateUnconditionally 26 -> 16
2021-10-05 01:17:23,404 [grpc-default-executor-6] INFO  server.RaftServer$Division (RaftServerImpl.java:checkInconsistentAppendEntries(1319)) - omNode-1@group-523986131536: Failed appendEntries as previous log entry ((t:5, i:25)) is not found
2021-10-05 01:17:23,404 [grpc-default-executor-6] INFO  server.RaftServer$Division (RaftServerImpl.java:checkInconsistentAppendEntries(1285)) - omNode-1@group-523986131536: inconsistency entries. Reply:omNode-3<-omNode-1#6149:FAIL-t5,INCONSISTENCY,nextIndex=16,followerCommit=15
2021-10-05 01:17:23,405 [grpc-default-executor-6] INFO  leader.FollowerInfo (FollowerInfoImpl.java:lambda$new$0(46)) - omNode-3@group-523986131536->omNode-1: nextIndex: updateUnconditionally 26 -> 16
2021-10-05 01:17:23,906 [grpc-default-executor-6] INFO  server.RaftServer$Division (RaftServerImpl.java:checkInconsistentAppendEntries(1319)) - omNode-1@group-523986131536: Failed appendEntries as previous log entry ((t:5, i:25)) is not found
2021-10-05 01:17:23,906 [grpc-default-executor-6] INFO  server.RaftServer$Division (RaftServerImpl.java:checkInconsistentAppendEntries(1285)) - omNode-1@group-523986131536: inconsistency entries. Reply:omNode-3<-omNode-1#6200:FAIL-t5,INCONSISTENCY,nextIndex=16,followerCommit=15
2021-10-05 01:17:23,907 [grpc-default-executor-6] INFO  leader.FollowerInfo (FollowerInfoImpl.java:lambda$new$0(46)) - omNode-3@group-523986131536->omNode-1: nextIndex: updateUnconditionally 26 -> 16
2021-10-05 01:17:24,408 [grpc-default-executor-6] INFO  server.RaftServer$Division (RaftServerImpl.java:checkInconsistentAppendEntries(1319)) - omNode-1@group-523986131536: Failed appendEntries as previous log entry ((t:5, i:25)) is not found
2021-10-05 01:17:24,408 [grpc-default-executor-6] INFO  server.RaftServer$Division (RaftServerImpl.java:checkInconsistentAppendEntries(1285)) - omNode-1@group-523986131536: inconsistency entries. Reply:omNode-3<-omNode-1#6251:FAIL-t5,INCONSISTENCY,nextIndex=16,followerCommit=15
2021-10-05 01:17:24,409 [grpc-default-executor-6] INFO  leader.FollowerInfo (FollowerInfoImpl.java:lambda$new$0(46)) - omNode-3@group-523986131536->omNode-1: nextIndex: updateUnconditionally 26 -> 16
2021-10-05 01:17:24,910 [grpc-default-executor-6] INFO  server.RaftServer$Division (RaftServerImpl.java:checkInconsistentAppendEntries(1319)) - omNode-1@group-523986131536: Failed appendEntries as previous log entry ((t:5, i:25)) is not found
2021-10-05 01:17:24,910 [grpc-default-executor-6] INFO  server.RaftServer$Division (RaftServerImpl.java:checkInconsistentAppendEntries(1285)) - omNode-1@group-523986131536: inconsistency entries. Reply:omNode-3<-omNode-1#6302:FAIL-t5,INCONSISTENCY,nextIndex=16,followerCommit=15
2021-10-05 01:17:24,910 [grpc-default-executor-6] INFO  leader.FollowerInfo (FollowerInfoImpl.java:lambda$new$0(46)) - omNode-3@group-523986131536->omNode-1: nextIndex: updateUnconditionally 26 -> 16
2021-10-05 01:17:25,412 [grpc-default-executor-6] INFO  server.RaftServer$Division (RaftServerImpl.java:checkInconsistentAppendEntries(1319)) - omNode-1@group-523986131536: Failed appendEntries as previous log entry ((t:5, i:25)) is not found
2021-10-05 01:17:25,412 [grpc-default-executor-6] INFO  server.RaftServer$Division (RaftServerImpl.java:checkInconsistentAppendEntries(1285)) - omNode-1@group-523986131536: inconsistency entries. Reply:omNode-3<-omNode-1#6353:FAIL-t5,INCONSISTENCY,nextIndex=16,followerCommit=15
2021-10-05 01:17:25,412 [grpc-default-executor-6] INFO  leader.FollowerInfo (FollowerInfoImpl.java:lambda$new$0(46)) - omNode-3@group-523986131536->omNode-1: nextIndex: updateUnconditionally 26 -> 16
2021-10-05 01:17:25,914 [grpc-default-executor-2] INFO  server.RaftServer$Division (RaftServerImpl.java:checkInconsistentAppendEntries(1319)) - omNode-1@group-523986131536: Failed appendEntries as previous log entry ((t:5, i:25)) is not found
2021-10-05 01:17:25,914 [grpc-default-executor-2] INFO  server.RaftServer$Division (RaftServerImpl.java:checkInconsistentAppendEntries(1285)) - omNode-1@group-523986131536: inconsistency entries. Reply:omNode-3<-omNode-1#6404:FAIL-t5,INCONSISTENCY,nextIndex=16,followerCommit=15
2021-10-05 01:17:25,915 [grpc-default-executor-2] INFO  leader.FollowerInfo (FollowerInfoImpl.java:lambda$new$0(46)) - omNode-3@group-523986131536->omNode-1: nextIndex: updateUnconditionally 26 -> 16
2021-10-05 01:17:26,415 [grpc-default-executor-2] INFO  server.RaftServer$Division (RaftServerImpl.java:checkInconsistentAppendEntries(1319)) - omNode-1@group-523986131536: Failed appendEntries as previous log entry ((t:5, i:25)) is not found
2021-10-05 01:17:26,416 [grpc-default-executor-2] INFO  server.RaftServer$Division (RaftServerImpl.java:checkInconsistentAppendEntries(1285)) - omNode-1@group-523986131536: inconsistency entries. Reply:omNode-3<-omNode-1#6455:FAIL-t5,INCONSISTENCY,nextIndex=16,followerCommit=15
2021-10-05 01:17:26,416 [grpc-default-executor-2] INFO  leader.FollowerInfo (FollowerInfoImpl.java:lambda$new$0(46)) - omNode-3@group-523986131536->omNode-1: nextIndex: updateUnconditionally 26 -> 16
2021-10-05 01:17:26,917 [grpc-default-executor-2] INFO  server.RaftServer$Division (RaftServerImpl.java:checkInconsistentAppendEntries(1319)) - omNode-1@group-523986131536: Failed appendEntries as previous log entry ((t:5, i:25)) is not found
2021-10-05 01:17:26,917 [grpc-default-executor-2] INFO  server.RaftServer$Division (RaftServerImpl.java:checkInconsistentAppendEntries(1285)) - omNode-1@group-523986131536: inconsistency entries. Reply:omNode-3<-omNode-1#6506:FAIL-t5,INCONSISTENCY,nextIndex=16,followerCommit=15
2021-10-05 01:17:26,918 [grpc-default-executor-2] INFO  leader.FollowerInfo (FollowerInfoImpl.java:lambda$new$0(46)) - omNode-3@group-523986131536->omNode-1: nextIndex: updateUnconditionally 26 -> 16
2021-10-05 01:17:27,419 [grpc-default-executor-2] INFO  server.RaftServer$Division (RaftServerImpl.java:checkInconsistentAppendEntries(1319)) - omNode-1@group-523986131536: Failed appendEntries as previous log entry ((t:5, i:25)) is not found
2021-10-05 01:17:27,419 [grpc-default-executor-2] INFO  server.RaftServer$Division (RaftServerImpl.java:checkInconsistentAppendEntries(1285)) - omNode-1@group-523986131536: inconsistency entries. Reply:omNode-3<-omNode-1#6557:FAIL-t5,INCONSISTENCY,nextIndex=16,followerCommit=15
2021-10-05 01:17:27,420 [grpc-default-executor-2] INFO  leader.FollowerInfo (FollowerInfoImpl.java:lambda$new$0(46)) - omNode-3@group-523986131536->omNode-1: nextIndex: updateUnconditionally 26 -> 16
2021-10-05 01:17:27,920 [grpc-default-executor-2] INFO  server.RaftServer$Division (RaftServerImpl.java:checkInconsistentAppendEntries(1319)) - omNode-1@group-523986131536: Failed appendEntries as previous log entry ((t:5, i:25)) is not found
2021-10-05 01:17:27,921 [grpc-default-executor-2] INFO  server.RaftServer$Division (RaftServerImpl.java:checkInconsistentAppendEntries(1285)) - omNode-1@group-523986131536: inconsistency entries. Reply:omNode-3<-omNode-1#6608:FAIL-t5,INCONSISTENCY,nextIndex=16,followerCommit=15
2021-10-05 01:17:27,921 [grpc-default-executor-2] INFO  leader.FollowerInfo (FollowerInfoImpl.java:lambda$new$0(46)) - omNode-3@group-523986131536->omNode-1: nextIndex: updateUnconditionally 26 -> 16
2021-10-05 01:17:28,422 [grpc-default-executor-6] INFO  server.RaftServer$Division (RaftServerImpl.java:checkInconsistentAppendEntries(1319)) - omNode-1@group-523986131536: Failed appendEntries as previous log entry ((t:5, i:25)) is not found
2021-10-05 01:17:28,422 [grpc-default-executor-6] INFO  server.RaftServer$Division (RaftServerImpl.java:checkInconsistentAppendEntries(1285)) - omNode-1@group-523986131536: inconsistency entries. Reply:omNode-3<-omNode-1#6659:FAIL-t5,INCONSISTENCY,nextIndex=16,followerCommit=15
2021-10-05 01:17:28,422 [grpc-default-executor-6] INFO  leader.FollowerInfo (FollowerInfoImpl.java:lambda$new$0(46)) - omNode-3@group-523986131536->omNode-1: nextIndex: updateUnconditionally 26 -> 16
2021-10-05 01:17:28,924 [grpc-default-executor-6] INFO  server.RaftServer$Division (RaftServerImpl.java:checkInconsistentAppendEntries(1319)) - omNode-1@group-523986131536: Failed appendEntries as previous log entry ((t:5, i:25)) is not found
2021-10-05 01:17:28,924 [grpc-default-executor-6] INFO  server.RaftServer$Division (RaftServerImpl.java:checkInconsistentAppendEntries(1285)) - omNode-1@group-523986131536: inconsistency entries. Reply:omNode-3<-omNode-1#6710:FAIL-t5,INCONSISTENCY,nextIndex=16,followerCommit=15
2021-10-05 01:17:28,929 [grpc-default-executor-6] INFO  leader.FollowerInfo (FollowerInfoImpl.java:lambda$new$0(46)) - omNode-3@group-523986131536->omNode-1: nextIndex: updateUnconditionally 26 -> 16
2021-10-05 01:17:29,430 [grpc-default-executor-6] INFO  server.RaftServer$Division (RaftServerImpl.java:checkInconsistentAppendEntries(1319)) - omNode-1@group-523986131536: Failed appendEntries as previous log entry ((t:5, i:25)) is not found
2021-10-05 01:17:29,430 [grpc-default-executor-6] INFO  server.RaftServer$Division (RaftServerImpl.java:checkInconsistentAppendEntries(1285)) - omNode-1@group-523986131536: inconsistency entries. Reply:omNode-3<-omNode-1#6761:FAIL-t5,INCONSISTENCY,nextIndex=16,followerCommit=15
2021-10-05 01:17:29,431 [grpc-default-executor-6] INFO  leader.FollowerInfo (FollowerInfoImpl.java:lambda$new$0(46)) - omNode-3@group-523986131536->omNode-1: nextIndex: updateUnconditionally 26 -> 16
2021-10-05 01:17:29,932 [grpc-default-executor-6] INFO  server.RaftServer$Division (RaftServerImpl.java:checkInconsistentAppendEntries(1319)) - omNode-1@group-523986131536: Failed appendEntries as previous log entry ((t:5, i:25)) is not found
2021-10-05 01:17:29,932 [grpc-default-executor-6] INFO  server.RaftServer$Division (RaftServerImpl.java:checkInconsistentAppendEntries(1285)) - omNode-1@group-523986131536: inconsistency entries. Reply:omNode-3<-omNode-1#6812:FAIL-t5,INCONSISTENCY,nextIndex=16,followerCommit=15
2021-10-05 01:17:29,932 [grpc-default-executor-6] INFO  leader.FollowerInfo (FollowerInfoImpl.java:lambda$new$0(46)) - omNode-3@group-523986131536->omNode-1: nextIndex: updateUnconditionally 26 -> 16
2021-10-05 01:17:30,434 [grpc-default-executor-6] INFO  server.RaftServer$Division (RaftServerImpl.java:checkInconsistentAppendEntries(1319)) - omNode-1@group-523986131536: Failed appendEntries as previous log entry ((t:5, i:25)) is not found
2021-10-05 01:17:30,434 [grpc-default-executor-6] INFO  server.RaftServer$Division (RaftServerImpl.java:checkInconsistentAppendEntries(1285)) - omNode-1@group-523986131536: inconsistency entries. Reply:omNode-3<-omNode-1#6863:FAIL-t5,INCONSISTENCY,nextIndex=16,followerCommit=15
2021-10-05 01:17:30,434 [grpc-default-executor-6] INFO  leader.FollowerInfo (FollowerInfoImpl.java:lambda$new$0(46)) - omNode-3@group-523986131536->omNode-1: nextIndex: updateUnconditionally 26 -> 16
2021-10-05 01:17:30,936 [grpc-default-executor-2] INFO  server.RaftServer$Division (RaftServerImpl.java:checkInconsistentAppendEntries(1319)) - omNode-1@group-523986131536: Failed appendEntries as previous log entry ((t:5, i:25)) is not found
2021-10-05 01:17:30,936 [grpc-default-executor-2] INFO  server.RaftServer$Division (RaftServerImpl.java:checkInconsistentAppendEntries(1285)) - omNode-1@group-523986131536: inconsistency entries. Reply:omNode-3<-omNode-1#6914:FAIL-t5,INCONSISTENCY,nextIndex=16,followerCommit=15
2021-10-05 01:17:30,936 [grpc-default-executor-2] INFO  leader.FollowerInfo (FollowerInfoImpl.java:lambda$new$0(46)) - omNode-3@group-523986131536->omNode-1: nextIndex: updateUnconditionally 26 -> 16
2021-10-05 01:17:31,437 [grpc-default-executor-2] INFO  server.RaftServer$Division (RaftServerImpl.java:checkInconsistentAppendEntries(1319)) - omNode-1@group-523986131536: Failed appendEntries as previous log entry ((t:5, i:25)) is not found
2021-10-05 01:17:31,437 [grpc-default-executor-2] INFO  server.RaftServer$Division (RaftServerImpl.java:checkInconsistentAppendEntries(1285)) - omNode-1@group-523986131536: inconsistency entries. Reply:omNode-3<-omNode-1#6965:FAIL-t5,INCONSISTENCY,nextIndex=16,followerCommit=15
2021-10-05 01:17:31,438 [grpc-default-executor-2] INFO  leader.FollowerInfo (FollowerInfoImpl.java:lambda$new$0(46)) - omNode-3@group-523986131536->omNode-1: nextIndex: updateUnconditionally 26 -> 16
2021-10-05 01:17:31,939 [grpc-default-executor-2] INFO  server.RaftServer$Division (RaftServerImpl.java:checkInconsistentAppendEntries(1319)) - omNode-1@group-523986131536: Failed appendEntries as previous log entry ((t:5, i:25)) is not found
2021-10-05 01:17:31,939 [grpc-default-executor-2] INFO  server.RaftServer$Division (RaftServerImpl.java:checkInconsistentAppendEntries(1285)) - omNode-1@group-523986131536: inconsistency entries. Reply:omNode-3<-omNode-1#7015:FAIL-t5,INCONSISTENCY,nextIndex=16,followerCommit=15
2021-10-05 01:17:31,940 [grpc-default-executor-2] INFO  leader.FollowerInfo (FollowerInfoImpl.java:lambda$new$0(46)) - omNode-3@group-523986131536->omNode-1: nextIndex: updateUnconditionally 26 -> 16
2021-10-05 01:17:32,441 [grpc-default-executor-2] INFO  server.RaftServer$Division (RaftServerImpl.java:checkInconsistentAppendEntries(1319)) - omNode-1@group-523986131536: Failed appendEntries as previous log entry ((t:5, i:25)) is not found
2021-10-05 01:17:32,441 [grpc-default-executor-2] INFO  server.RaftServer$Division (RaftServerImpl.java:checkInconsistentAppendEntries(1285)) - omNode-1@group-523986131536: inconsistency entries. Reply:omNode-3<-omNode-1#7066:FAIL-t5,INCONSISTENCY,nextIndex=16,followerCommit=15
2021-10-05 01:17:32,441 [grpc-default-executor-2] INFO  leader.FollowerInfo (FollowerInfoImpl.java:lambda$new$0(46)) - omNode-3@group-523986131536->omNode-1: nextIndex: updateUnconditionally 26 -> 16
2021-10-05 01:17:32,943 [grpc-default-executor-2] INFO  server.RaftServer$Division (RaftServerImpl.java:checkInconsistentAppendEntries(1319)) - omNode-1@group-523986131536: Failed appendEntries as previous log entry ((t:5, i:25)) is not found
2021-10-05 01:17:32,943 [grpc-default-executor-2] INFO  server.RaftServer$Division (RaftServerImpl.java:checkInconsistentAppendEntries(1285)) - omNode-1@group-523986131536: inconsistency entries. Reply:omNode-3<-omNode-1#7117:FAIL-t5,INCONSISTENCY,nextIndex=16,followerCommit=15
2021-10-05 01:17:32,943 [grpc-default-executor-2] INFO  leader.FollowerInfo (FollowerInfoImpl.java:lambda$new$0(46)) - omNode-3@group-523986131536->omNode-1: nextIndex: updateUnconditionally 26 -> 16
2021-10-05 01:17:33,445 [grpc-default-executor-2] INFO  server.RaftServer$Division (RaftServerImpl.java:checkInconsistentAppendEntries(1319)) - omNode-1@group-523986131536: Failed appendEntries as previous log entry ((t:5, i:25)) is not found
2021-10-05 01:17:33,445 [grpc-default-executor-2] INFO  server.RaftServer$Division (RaftServerImpl.java:checkInconsistentAppendEntries(1285)) - omNode-1@group-523986131536: inconsistency entries. Reply:omNode-3<-omNode-1#7168:FAIL-t5,INCONSISTENCY,nextIndex=16,followerCommit=15
2021-10-05 01:17:33,445 [grpc-default-executor-2] INFO  leader.FollowerInfo (FollowerInfoImpl.java:lambda$new$0(46)) - omNode-3@group-523986131536->omNode-1: nextIndex: updateUnconditionally 26 -> 16
2021-10-05 01:17:33,947 [grpc-default-executor-2] INFO  server.RaftServer$Division (RaftServerImpl.java:checkInconsistentAppendEntries(1319)) - omNode-1@group-523986131536: Failed appendEntries as previous log entry ((t:5, i:25)) is not found
2021-10-05 01:17:33,947 [grpc-default-executor-2] INFO  server.RaftServer$Division (RaftServerImpl.java:checkInconsistentAppendEntries(1285)) - omNode-1@group-523986131536: inconsistency entries. Reply:omNode-3<-omNode-1#7219:FAIL-t5,INCONSISTENCY,nextIndex=16,followerCommit=15
2021-10-05 01:17:33,948 [grpc-default-executor-2] INFO  leader.FollowerInfo (FollowerInfoImpl.java:lambda$new$0(46)) - omNode-3@group-523986131536->omNode-1: nextIndex: updateUnconditionally 26 -> 16
2021-10-05 01:17:34,449 [grpc-default-executor-2] INFO  server.RaftServer$Division (RaftServerImpl.java:checkInconsistentAppendEntries(1319)) - omNode-1@group-523986131536: Failed appendEntries as previous log entry ((t:5, i:25)) is not found
2021-10-05 01:17:34,450 [grpc-default-executor-2] INFO  server.RaftServer$Division (RaftServerImpl.java:checkInconsistentAppendEntries(1285)) - omNode-1@group-523986131536: inconsistency entries. Reply:omNode-3<-omNode-1#7270:FAIL-t5,INCONSISTENCY,nextIndex=16,followerCommit=15
2021-10-05 01:17:34,450 [grpc-default-executor-2] INFO  leader.FollowerInfo (FollowerInfoImpl.java:lambda$new$0(46)) - omNode-3@group-523986131536->omNode-1: nextIndex: updateUnconditionally 26 -> 16
2021-10-05 01:17:34,951 [grpc-default-executor-2] INFO  server.RaftServer$Division (RaftServerImpl.java:checkInconsistentAppendEntries(1319)) - omNode-1@group-523986131536: Failed appendEntries as previous log entry ((t:5, i:25)) is not found
2021-10-05 01:17:34,951 [grpc-default-executor-2] INFO  server.RaftServer$Division (RaftServerImpl.java:checkInconsistentAppendEntries(1285)) - omNode-1@group-523986131536: inconsistency entries. Reply:omNode-3<-omNode-1#7321:FAIL-t5,INCONSISTENCY,nextIndex=16,followerCommit=15
2021-10-05 01:17:34,952 [grpc-default-executor-2] INFO  leader.FollowerInfo (FollowerInfoImpl.java:lambda$new$0(46)) - omNode-3@group-523986131536->omNode-1: nextIndex: updateUnconditionally 26 -> 16
2021-10-05 01:17:35,453 [grpc-default-executor-2] INFO  server.RaftServer$Division (RaftServerImpl.java:checkInconsistentAppendEntries(1319)) - omNode-1@group-523986131536: Failed appendEntries as previous log entry ((t:5, i:25)) is not found
2021-10-05 01:17:35,453 [grpc-default-executor-2] INFO  server.RaftServer$Division (RaftServerImpl.java:checkInconsistentAppendEntries(1285)) - omNode-1@group-523986131536: inconsistency entries. Reply:omNode-3<-omNode-1#7372:FAIL-t5,INCONSISTENCY,nextIndex=16,followerCommit=15
2021-10-05 01:17:35,453 [grpc-default-executor-2] INFO  leader.FollowerInfo (FollowerInfoImpl.java:lambda$new$0(46)) - omNode-3@group-523986131536->omNode-1: nextIndex: updateUnconditionally 26 -> 16
2021-10-05 01:17:35,955 [grpc-default-executor-2] INFO  server.RaftServer$Division (RaftServerImpl.java:checkInconsistentAppendEntries(1319)) - omNode-1@group-523986131536: Failed appendEntries as previous log entry ((t:5, i:25)) is not found
2021-10-05 01:17:35,955 [grpc-default-executor-2] INFO  server.RaftServer$Division (RaftServerImpl.java:checkInconsistentAppendEntries(1285)) - omNode-1@group-523986131536: inconsistency entries. Reply:omNode-3<-omNode-1#7423:FAIL-t5,INCONSISTENCY,nextIndex=16,followerCommit=15
2021-10-05 01:17:35,955 [grpc-default-executor-2] INFO  leader.FollowerInfo (FollowerInfoImpl.java:lambda$new$0(46)) - omNode-3@group-523986131536->omNode-1: nextIndex: updateUnconditionally 26 -> 16
2021-10-05 01:17:36,456 [grpc-default-executor-2] INFO  server.RaftServer$Division (RaftServerImpl.java:checkInconsistentAppendEntries(1319)) - omNode-1@group-523986131536: Failed appendEntries as previous log entry ((t:5, i:25)) is not found
2021-10-05 01:17:36,456 [grpc-default-executor-2] INFO  server.RaftServer$Division (RaftServerImpl.java:checkInconsistentAppendEntries(1285)) - omNode-1@group-523986131536: inconsistency entries. Reply:omNode-3<-omNode-1#7474:FAIL-t5,INCONSISTENCY,nextIndex=16,followerCommit=15
2021-10-05 01:17:36,457 [grpc-default-executor-2] INFO  leader.FollowerInfo (FollowerInfoImpl.java:lambda$new$0(46)) - omNode-3@group-523986131536->omNode-1: nextIndex: updateUnconditionally 26 -> 16
2021-10-05 01:17:36,958 [grpc-default-executor-2] INFO  server.RaftServer$Division (RaftServerImpl.java:checkInconsistentAppendEntries(1319)) - omNode-1@group-523986131536: Failed appendEntries as previous log entry ((t:5, i:25)) is not found
2021-10-05 01:17:36,958 [grpc-default-executor-2] INFO  server.RaftServer$Division (RaftServerImpl.java:checkInconsistentAppendEntries(1285)) - omNode-1@group-523986131536: inconsistency entries. Reply:omNode-3<-omNode-1#7525:FAIL-t5,INCONSISTENCY,nextIndex=16,followerCommit=15
2021-10-05 01:17:36,958 [grpc-default-executor-2] INFO  leader.FollowerInfo (FollowerInfoImpl.java:lambda$new$0(46)) - omNode-3@group-523986131536->omNode-1: nextIndex: updateUnconditionally 26 -> 16
2021-10-05 01:17:37,459 [grpc-default-executor-2] INFO  server.RaftServer$Division (RaftServerImpl.java:checkInconsistentAppendEntries(1319)) - omNode-1@group-523986131536: Failed appendEntries as previous log entry ((t:5, i:25)) is not found
2021-10-05 01:17:37,460 [grpc-default-executor-2] INFO  server.RaftServer$Division (RaftServerImpl.java:checkInconsistentAppendEntries(1285)) - omNode-1@group-523986131536: inconsistency entries. Reply:omNode-3<-omNode-1#7576:FAIL-t5,INCONSISTENCY,nextIndex=16,followerCommit=15
2021-10-05 01:17:37,460 [grpc-default-executor-2] INFO  leader.FollowerInfo (FollowerInfoImpl.java:lambda$new$0(46)) - omNode-3@group-523986131536->omNode-1: nextIndex: updateUnconditionally 26 -> 16
2021-10-05 01:17:37,961 [grpc-default-executor-2] INFO  server.RaftServer$Division (RaftServerImpl.java:checkInconsistentAppendEntries(1319)) - omNode-1@group-523986131536: Failed appendEntries as previous log entry ((t:5, i:25)) is not found
2021-10-05 01:17:37,961 [grpc-default-executor-2] INFO  server.RaftServer$Division (RaftServerImpl.java:checkInconsistentAppendEntries(1285)) - omNode-1@group-523986131536: inconsistency entries. Reply:omNode-3<-omNode-1#7627:FAIL-t5,INCONSISTENCY,nextIndex=16,followerCommit=15
2021-10-05 01:17:37,961 [grpc-default-executor-2] INFO  leader.FollowerInfo (FollowerInfoImpl.java:lambda$new$0(46)) - omNode-3@group-523986131536->omNode-1: nextIndex: updateUnconditionally 26 -> 16
2021-10-05 01:17:38,462 [grpc-default-executor-6] INFO  server.RaftServer$Division (RaftServerImpl.java:checkInconsistentAppendEntries(1319)) - omNode-1@group-523986131536: Failed appendEntries as previous log entry ((t:5, i:25)) is not found
2021-10-05 01:17:38,462 [grpc-default-executor-6] INFO  server.RaftServer$Division (RaftServerImpl.java:checkInconsistentAppendEntries(1285)) - omNode-1@group-523986131536: inconsistency entries. Reply:omNode-3<-omNode-1#7678:FAIL-t5,INCONSISTENCY,nextIndex=16,followerCommit=15
2021-10-05 01:17:38,463 [grpc-default-executor-6] INFO  leader.FollowerInfo (FollowerInfoImpl.java:lambda$new$0(46)) - omNode-3@group-523986131536->omNode-1: nextIndex: updateUnconditionally 26 -> 16
2021-10-05 01:17:38,964 [grpc-default-executor-6] INFO  server.RaftServer$Division (RaftServerImpl.java:checkInconsistentAppendEntries(1319)) - omNode-1@group-523986131536: Failed appendEntries as previous log entry ((t:5, i:25)) is not found
2021-10-05 01:17:38,964 [grpc-default-executor-6] INFO  server.RaftServer$Division (RaftServerImpl.java:checkInconsistentAppendEntries(1285)) - omNode-1@group-523986131536: inconsistency entries. Reply:omNode-3<-omNode-1#7729:FAIL-t5,INCONSISTENCY,nextIndex=16,followerCommit=15
2021-10-05 01:17:38,964 [grpc-default-executor-6] INFO  leader.FollowerInfo (FollowerInfoImpl.java:lambda$new$0(46)) - omNode-3@group-523986131536->omNode-1: nextIndex: updateUnconditionally 26 -> 16
2021-10-05 01:17:39,465 [grpc-default-executor-6] INFO  server.RaftServer$Division (RaftServerImpl.java:checkInconsistentAppendEntries(1319)) - omNode-1@group-523986131536: Failed appendEntries as previous log entry ((t:5, i:25)) is not found
2021-10-05 01:17:39,465 [grpc-default-executor-6] INFO  server.RaftServer$Division (RaftServerImpl.java:checkInconsistentAppendEntries(1285)) - omNode-1@group-523986131536: inconsistency entries. Reply:omNode-3<-omNode-1#7780:FAIL-t5,INCONSISTENCY,nextIndex=16,followerCommit=15
2021-10-05 01:17:39,466 [grpc-default-executor-6] INFO  leader.FollowerInfo (FollowerInfoImpl.java:lambda$new$0(46)) - omNode-3@group-523986131536->omNode-1: nextIndex: updateUnconditionally 26 -> 16
2021-10-05 01:17:39,966 [grpc-default-executor-6] INFO  server.RaftServer$Division (RaftServerImpl.java:checkInconsistentAppendEntries(1319)) - omNode-1@group-523986131536: Failed appendEntries as previous log entry ((t:5, i:25)) is not found
2021-10-05 01:17:39,967 [grpc-default-executor-6] INFO  server.RaftServer$Division (RaftServerImpl.java:checkInconsistentAppendEntries(1285)) - omNode-1@group-523986131536: inconsistency entries. Reply:omNode-3<-omNode-1#7831:FAIL-t5,INCONSISTENCY,nextIndex=16,followerCommit=15
2021-10-05 01:17:39,967 [grpc-default-executor-6] INFO  leader.FollowerInfo (FollowerInfoImpl.java:lambda$new$0(46)) - omNode-3@group-523986131536->omNode-1: nextIndex: updateUnconditionally 26 -> 16
2021-10-05 01:17:40,468 [grpc-default-executor-6] INFO  server.RaftServer$Division (RaftServerImpl.java:checkInconsistentAppendEntries(1319)) - omNode-1@group-523986131536: Failed appendEntries as previous log entry ((t:5, i:25)) is not found
2021-10-05 01:17:40,468 [grpc-default-executor-6] INFO  server.RaftServer$Division (RaftServerImpl.java:checkInconsistentAppendEntries(1285)) - omNode-1@group-523986131536: inconsistency entries. Reply:omNode-3<-omNode-1#7882:FAIL-t5,INCONSISTENCY,nextIndex=16,followerCommit=15
2021-10-05 01:17:40,469 [grpc-default-executor-6] INFO  leader.FollowerInfo (FollowerInfoImpl.java:lambda$new$0(46)) - omNode-3@group-523986131536->omNode-1: nextIndex: updateUnconditionally 26 -> 16
2021-10-05 01:17:40,970 [grpc-default-executor-2] INFO  server.RaftServer$Division (RaftServerImpl.java:checkInconsistentAppendEntries(1319)) - omNode-1@group-523986131536: Failed appendEntries as previous log entry ((t:5, i:25)) is not found
2021-10-05 01:17:40,970 [grpc-default-executor-2] INFO  server.RaftServer$Division (RaftServerImpl.java:checkInconsistentAppendEntries(1285)) - omNode-1@group-523986131536: inconsistency entries. Reply:omNode-3<-omNode-1#7933:FAIL-t5,INCONSISTENCY,nextIndex=16,followerCommit=15
2021-10-05 01:17:40,970 [grpc-default-executor-2] INFO  leader.FollowerInfo (FollowerInfoImpl.java:lambda$new$0(46)) - omNode-3@group-523986131536->omNode-1: nextIndex: updateUnconditionally 26 -> 16
2021-10-05 01:17:41,471 [grpc-default-executor-2] INFO  server.RaftServer$Division (RaftServerImpl.java:checkInconsistentAppendEntries(1319)) - omNode-1@group-523986131536: Failed appendEntries as previous log entry ((t:5, i:25)) is not found
2021-10-05 01:17:41,471 [grpc-default-executor-2] INFO  server.RaftServer$Division (RaftServerImpl.java:checkInconsistentAppendEntries(1285)) - omNode-1@group-523986131536: inconsistency entries. Reply:omNode-3<-omNode-1#7984:FAIL-t5,INCONSISTENCY,nextIndex=16,followerCommit=15
2021-10-05 01:17:41,472 [grpc-default-executor-2] INFO  leader.FollowerInfo (FollowerInfoImpl.java:lambda$new$0(46)) - omNode-3@group-523986131536->omNode-1: nextIndex: updateUnconditionally 26 -> 16
2021-10-05 01:17:41,973 [grpc-default-executor-2] INFO  server.RaftServer$Division (RaftServerImpl.java:checkInconsistentAppendEntries(1319)) - omNode-1@group-523986131536: Failed appendEntries as previous log entry ((t:5, i:25)) is not found
2021-10-05 01:17:41,973 [grpc-default-executor-2] INFO  server.RaftServer$Division (RaftServerImpl.java:checkInconsistentAppendEntries(1285)) - omNode-1@group-523986131536: inconsistency entries. Reply:omNode-3<-omNode-1#8035:FAIL-t5,INCONSISTENCY,nextIndex=16,followerCommit=15
2021-10-05 01:17:41,973 [grpc-default-executor-2] INFO  leader.FollowerInfo (FollowerInfoImpl.java:lambda$new$0(46)) - omNode-3@group-523986131536->omNode-1: nextIndex: updateUnconditionally 26 -> 16
2021-10-05 01:17:42,475 [grpc-default-executor-2] INFO  server.RaftServer$Division (RaftServerImpl.java:checkInconsistentAppendEntries(1319)) - omNode-1@group-523986131536: Failed appendEntries as previous log entry ((t:5, i:25)) is not found
2021-10-05 01:17:42,475 [grpc-default-executor-2] INFO  server.RaftServer$Division (RaftServerImpl.java:checkInconsistentAppendEntries(1285)) - omNode-1@group-523986131536: inconsistency entries. Reply:omNode-3<-omNode-1#8086:FAIL-t5,INCONSISTENCY,nextIndex=16,followerCommit=15
2021-10-05 01:17:42,476 [grpc-default-executor-2] INFO  leader.FollowerInfo (FollowerInfoImpl.java:lambda$new$0(46)) - omNode-3@group-523986131536->omNode-1: nextIndex: updateUnconditionally 26 -> 16
2021-10-05 01:17:42,977 [grpc-default-executor-2] INFO  server.RaftServer$Division (RaftServerImpl.java:checkInconsistentAppendEntries(1319)) - omNode-1@group-523986131536: Failed appendEntries as previous log entry ((t:5, i:25)) is not found
2021-10-05 01:17:42,978 [grpc-default-executor-2] INFO  server.RaftServer$Division (RaftServerImpl.java:checkInconsistentAppendEntries(1285)) - omNode-1@group-523986131536: inconsistency entries. Reply:omNode-3<-omNode-1#8137:FAIL-t5,INCONSISTENCY,nextIndex=16,followerCommit=15
2021-10-05 01:17:42,978 [grpc-default-executor-2] INFO  leader.FollowerInfo (FollowerInfoImpl.java:lambda$new$0(46)) - omNode-3@group-523986131536->omNode-1: nextIndex: updateUnconditionally 26 -> 16
2021-10-05 01:17:43,480 [grpc-default-executor-2] INFO  server.RaftServer$Division (RaftServerImpl.java:checkInconsistentAppendEntries(1319)) - omNode-1@group-523986131536: Failed appendEntries as previous log entry ((t:5, i:25)) is not found
2021-10-05 01:17:43,480 [grpc-default-executor-2] INFO  server.RaftServer$Division (RaftServerImpl.java:checkInconsistentAppendEntries(1285)) - omNode-1@group-523986131536: inconsistency entries. Reply:omNode-3<-omNode-1#8188:FAIL-t5,INCONSISTENCY,nextIndex=16,followerCommit=15
2021-10-05 01:17:43,480 [grpc-default-executor-2] INFO  leader.FollowerInfo (FollowerInfoImpl.java:lambda$new$0(46)) - omNode-3@group-523986131536->omNode-1: nextIndex: updateUnconditionally 26 -> 16
2021-10-05 01:17:43,981 [grpc-default-executor-2] INFO  server.RaftServer$Division (RaftServerImpl.java:checkInconsistentAppendEntries(1319)) - omNode-1@group-523986131536: Failed appendEntries as previous log entry ((t:5, i:25)) is not found
2021-10-05 01:17:43,982 [grpc-default-executor-2] INFO  server.RaftServer$Division (RaftServerImpl.java:checkInconsistentAppendEntries(1285)) - omNode-1@group-523986131536: inconsistency entries. Reply:omNode-3<-omNode-1#8239:FAIL-t5,INCONSISTENCY,nextIndex=16,followerCommit=15
2021-10-05 01:17:43,982 [grpc-default-executor-2] INFO  leader.FollowerInfo (FollowerInfoImpl.java:lambda$new$0(46)) - omNode-3@group-523986131536->omNode-1: nextIndex: updateUnconditionally 26 -> 16
2021-10-05 01:17:44,483 [grpc-default-executor-2] INFO  server.RaftServer$Division (RaftServerImpl.java:checkInconsistentAppendEntries(1319)) - omNode-1@group-523986131536: Failed appendEntries as previous log entry ((t:5, i:25)) is not found
2021-10-05 01:17:44,483 [grpc-default-executor-2] INFO  server.RaftServer$Division (RaftServerImpl.java:checkInconsistentAppendEntries(1285)) - omNode-1@group-523986131536: inconsistency entries. Reply:omNode-3<-omNode-1#8290:FAIL-t5,INCONSISTENCY,nextIndex=16,followerCommit=15
2021-10-05 01:17:44,484 [grpc-default-executor-2] INFO  leader.FollowerInfo (FollowerInfoImpl.java:lambda$new$0(46)) - omNode-3@group-523986131536->omNode-1: nextIndex: updateUnconditionally 26 -> 16
2021-10-05 01:17:44,985 [grpc-default-executor-2] INFO  server.RaftServer$Division (RaftServerImpl.java:checkInconsistentAppendEntries(1319)) - omNode-1@group-523986131536: Failed appendEntries as previous log entry ((t:5, i:25)) is not found
2021-10-05 01:17:44,985 [grpc-default-executor-2] INFO  server.RaftServer$Division (RaftServerImpl.java:checkInconsistentAppendEntries(1285)) - omNode-1@group-523986131536: inconsistency entries. Reply:omNode-3<-omNode-1#8341:FAIL-t5,INCONSISTENCY,nextIndex=16,followerCommit=15
2021-10-05 01:17:44,986 [grpc-default-executor-2] INFO  leader.FollowerInfo (FollowerInfoImpl.java:lambda$new$0(46)) - omNode-3@group-523986131536->omNode-1: nextIndex: updateUnconditionally 26 -> 16
2021-10-05 01:17:45,487 [grpc-default-executor-2] INFO  server.RaftServer$Division (RaftServerImpl.java:checkInconsistentAppendEntries(1319)) - omNode-1@group-523986131536: Failed appendEntries as previous log entry ((t:5, i:25)) is not found
2021-10-05 01:17:45,487 [grpc-default-executor-2] INFO  server.RaftServer$Division (RaftServerImpl.java:checkInconsistentAppendEntries(1285)) - omNode-1@group-523986131536: inconsistency entries. Reply:omNode-3<-omNode-1#8392:FAIL-t5,INCONSISTENCY,nextIndex=16,followerCommit=15
2021-10-05 01:17:45,488 [grpc-default-executor-2] INFO  leader.FollowerInfo (FollowerInfoImpl.java:lambda$new$0(46)) - omNode-3@group-523986131536->omNode-1: nextIndex: updateUnconditionally 26 -> 16
2021-10-05 01:17:45,988 [grpc-default-executor-2] INFO  server.RaftServer$Division (RaftServerImpl.java:checkInconsistentAppendEntries(1319)) - omNode-1@group-523986131536: Failed appendEntries as previous log entry ((t:5, i:25)) is not found
2021-10-05 01:17:45,988 [grpc-default-executor-2] INFO  server.RaftServer$Division (RaftServerImpl.java:checkInconsistentAppendEntries(1285)) - omNode-1@group-523986131536: inconsistency entries. Reply:omNode-3<-omNode-1#8443:FAIL-t5,INCONSISTENCY,nextIndex=16,followerCommit=15
2021-10-05 01:17:45,989 [grpc-default-executor-2] INFO  leader.FollowerInfo (FollowerInfoImpl.java:lambda$new$0(46)) - omNode-3@group-523986131536->omNode-1: nextIndex: updateUnconditionally 26 -> 16
2021-10-05 01:17:46,490 [grpc-default-executor-2] INFO  server.RaftServer$Division (RaftServerImpl.java:checkInconsistentAppendEntries(1319)) - omNode-1@group-523986131536: Failed appendEntries as previous log entry ((t:5, i:25)) is not found
2021-10-05 01:17:46,490 [grpc-default-executor-2] INFO  server.RaftServer$Division (RaftServerImpl.java:checkInconsistentAppendEntries(1285)) - omNode-1@group-523986131536: inconsistency entries. Reply:omNode-3<-omNode-1#8494:FAIL-t5,INCONSISTENCY,nextIndex=16,followerCommit=15
2021-10-05 01:17:46,490 [grpc-default-executor-2] INFO  leader.FollowerInfo (FollowerInfoImpl.java:lambda$new$0(46)) - omNode-3@group-523986131536->omNode-1: nextIndex: updateUnconditionally 26 -> 16
2021-10-05 01:17:46,992 [grpc-default-executor-2] INFO  server.RaftServer$Division (RaftServerImpl.java:checkInconsistentAppendEntries(1319)) - omNode-1@group-523986131536: Failed appendEntries as previous log entry ((t:5, i:25)) is not found
2021-10-05 01:17:46,992 [grpc-default-executor-2] INFO  server.RaftServer$Division (RaftServerImpl.java:checkInconsistentAppendEntries(1285)) - omNode-1@group-523986131536: inconsistency entries. Reply:omNode-3<-omNode-1#8545:FAIL-t5,INCONSISTENCY,nextIndex=16,followerCommit=15
2021-10-05 01:17:46,993 [grpc-default-executor-2] INFO  leader.FollowerInfo (FollowerInfoImpl.java:lambda$new$0(46)) - omNode-3@group-523986131536->omNode-1: nextIndex: updateUnconditionally 26 -> 16
2021-10-05 01:17:47,494 [grpc-default-executor-2] INFO  server.RaftServer$Division (RaftServerImpl.java:checkInconsistentAppendEntries(1319)) - omNode-1@group-523986131536: Failed appendEntries as previous log entry ((t:5, i:25)) is not found
2021-10-05 01:17:47,494 [grpc-default-executor-2] INFO  server.RaftServer$Division (RaftServerImpl.java:checkInconsistentAppendEntries(1285)) - omNode-1@group-523986131536: inconsistency entries. Reply:omNode-3<-omNode-1#8596:FAIL-t5,INCONSISTENCY,nextIndex=16,followerCommit=15
2021-10-05 01:17:47,495 [grpc-default-executor-2] INFO  leader.FollowerInfo (FollowerInfoImpl.java:lambda$new$0(46)) - omNode-3@group-523986131536->omNode-1: nextIndex: updateUnconditionally 26 -> 16
2021-10-05 01:17:47,995 [grpc-default-executor-2] INFO  server.RaftServer$Division (RaftServerImpl.java:checkInconsistentAppendEntries(1319)) - omNode-1@group-523986131536: Failed appendEntries as previous log entry ((t:5, i:25)) is not found
2021-10-05 01:17:47,996 [grpc-default-executor-2] INFO  server.RaftServer$Division (RaftServerImpl.java:checkInconsistentAppendEntries(1285)) - omNode-1@group-523986131536: inconsistency entries. Reply:omNode-3<-omNode-1#8647:FAIL-t5,INCONSISTENCY,nextIndex=16,followerCommit=15
2021-10-05 01:17:47,996 [grpc-default-executor-2] INFO  leader.FollowerInfo (FollowerInfoImpl.java:lambda$new$0(46)) - omNode-3@group-523986131536->omNode-1: nextIndex: updateUnconditionally 26 -> 16
2021-10-05 01:17:48,497 [grpc-default-executor-6] INFO  server.RaftServer$Division (RaftServerImpl.java:checkInconsistentAppendEntries(1319)) - omNode-1@group-523986131536: Failed appendEntries as previous log entry ((t:5, i:25)) is not found
2021-10-05 01:17:48,498 [grpc-default-executor-6] INFO  server.RaftServer$Division (RaftServerImpl.java:checkInconsistentAppendEntries(1285)) - omNode-1@group-523986131536: inconsistency entries. Reply:omNode-3<-omNode-1#8698:FAIL-t5,INCONSISTENCY,nextIndex=16,followerCommit=15
2021-10-05 01:17:48,498 [grpc-default-executor-6] INFO  leader.FollowerInfo (FollowerInfoImpl.java:lambda$new$0(46)) - omNode-3@group-523986131536->omNode-1: nextIndex: updateUnconditionally 26 -> 16
2021-10-05 01:17:49,000 [grpc-default-executor-6] INFO  server.RaftServer$Division (RaftServerImpl.java:checkInconsistentAppendEntries(1319)) - omNode-1@group-523986131536: Failed appendEntries as previous log entry ((t:5, i:25)) is not found
2021-10-05 01:17:49,000 [grpc-default-executor-6] INFO  server.RaftServer$Division (RaftServerImpl.java:checkInconsistentAppendEntries(1285)) - omNode-1@group-523986131536: inconsistency entries. Reply:omNode-3<-omNode-1#8749:FAIL-t5,INCONSISTENCY,nextIndex=16,followerCommit=15
2021-10-05 01:17:49,001 [grpc-default-executor-6] INFO  leader.FollowerInfo (FollowerInfoImpl.java:lambda$new$0(46)) - omNode-3@group-523986131536->omNode-1: nextIndex: updateUnconditionally 26 -> 16
2021-10-05 01:17:49,502 [grpc-default-executor-6] INFO  server.RaftServer$Division (RaftServerImpl.java:checkInconsistentAppendEntries(1319)) - omNode-1@group-523986131536: Failed appendEntries as previous log entry ((t:5, i:25)) is not found
2021-10-05 01:17:49,502 [grpc-default-executor-6] INFO  server.RaftServer$Division (RaftServerImpl.java:checkInconsistentAppendEntries(1285)) - omNode-1@group-523986131536: inconsistency entries. Reply:omNode-3<-omNode-1#8800:FAIL-t5,INCONSISTENCY,nextIndex=16,followerCommit=15
2021-10-05 01:17:49,503 [grpc-default-executor-6] INFO  leader.FollowerInfo (FollowerInfoImpl.java:lambda$new$0(46)) - omNode-3@group-523986131536->omNode-1: nextIndex: updateUnconditionally 26 -> 16
2021-10-05 01:17:50,004 [grpc-default-executor-6] INFO  server.RaftServer$Division (RaftServerImpl.java:checkInconsistentAppendEntries(1319)) - omNode-1@group-523986131536: Failed appendEntries as previous log entry ((t:5, i:25)) is not found
2021-10-05 01:17:50,005 [grpc-default-executor-6] INFO  server.RaftServer$Division (RaftServerImpl.java:checkInconsistentAppendEntries(1285)) - omNode-1@group-523986131536: inconsistency entries. Reply:omNode-3<-omNode-1#8851:FAIL-t5,INCONSISTENCY,nextIndex=16,followerCommit=15
2021-10-05 01:17:50,005 [grpc-default-executor-6] INFO  leader.FollowerInfo (FollowerInfoImpl.java:lambda$new$0(46)) - omNode-3@group-523986131536->omNode-1: nextIndex: updateUnconditionally 26 -> 16
2021-10-05 01:17:50,507 [grpc-default-executor-6] INFO  server.RaftServer$Division (RaftServerImpl.java:checkInconsistentAppendEntries(1319)) - omNode-1@group-523986131536: Failed appendEntries as previous log entry ((t:5, i:25)) is not found
2021-10-05 01:17:50,507 [grpc-default-executor-6] INFO  server.RaftServer$Division (RaftServerImpl.java:checkInconsistentAppendEntries(1285)) - omNode-1@group-523986131536: inconsistency entries. Reply:omNode-3<-omNode-1#8902:FAIL-t5,INCONSISTENCY,nextIndex=16,followerCommit=15
2021-10-05 01:17:50,507 [grpc-default-executor-6] INFO  leader.FollowerInfo (FollowerInfoImpl.java:lambda$new$0(46)) - omNode-3@group-523986131536->omNode-1: nextIndex: updateUnconditionally 26 -> 16
2021-10-05 01:17:51,009 [grpc-default-executor-2] INFO  server.RaftServer$Division (RaftServerImpl.java:checkInconsistentAppendEntries(1319)) - omNode-1@group-523986131536: Failed appendEntries as previous log entry ((t:5, i:25)) is not found
2021-10-05 01:17:51,009 [grpc-default-executor-2] INFO  server.RaftServer$Division (RaftServerImpl.java:checkInconsistentAppendEntries(1285)) - omNode-1@group-523986131536: inconsistency entries. Reply:omNode-3<-omNode-1#8953:FAIL-t5,INCONSISTENCY,nextIndex=16,followerCommit=15
2021-10-05 01:17:51,009 [grpc-default-executor-2] INFO  leader.FollowerInfo (FollowerInfoImpl.java:lambda$new$0(46)) - omNode-3@group-523986131536->omNode-1: nextIndex: updateUnconditionally 26 -> 16
2021-10-05 01:17:51,511 [grpc-default-executor-2] INFO  server.RaftServer$Division (RaftServerImpl.java:checkInconsistentAppendEntries(1319)) - omNode-1@group-523986131536: Failed appendEntries as previous log entry ((t:5, i:25)) is not found
2021-10-05 01:17:51,511 [grpc-default-executor-2] INFO  server.RaftServer$Division (RaftServerImpl.java:checkInconsistentAppendEntries(1285)) - omNode-1@group-523986131536: inconsistency entries. Reply:omNode-3<-omNode-1#9004:FAIL-t5,INCONSISTENCY,nextIndex=16,followerCommit=15
2021-10-05 01:17:51,511 [grpc-default-executor-2] INFO  leader.FollowerInfo (FollowerInfoImpl.java:lambda$new$0(46)) - omNode-3@group-523986131536->omNode-1: nextIndex: updateUnconditionally 26 -> 16
2021-10-05 01:17:52,013 [grpc-default-executor-2] INFO  server.RaftServer$Division (RaftServerImpl.java:checkInconsistentAppendEntries(1319)) - omNode-1@group-523986131536: Failed appendEntries as previous log entry ((t:5, i:25)) is not found
2021-10-05 01:17:52,013 [grpc-default-executor-2] INFO  server.RaftServer$Division (RaftServerImpl.java:checkInconsistentAppendEntries(1285)) - omNode-1@group-523986131536: inconsistency entries. Reply:omNode-3<-omNode-1#9055:FAIL-t5,INCONSISTENCY,nextIndex=16,followerCommit=15
2021-10-05 01:17:52,014 [grpc-default-executor-2] INFO  leader.FollowerInfo (FollowerInfoImpl.java:lambda$new$0(46)) - omNode-3@group-523986131536->omNode-1: nextIndex: updateUnconditionally 26 -> 16
2021-10-05 01:17:52,515 [grpc-default-executor-2] INFO  server.RaftServer$Division (RaftServerImpl.java:checkInconsistentAppendEntries(1319)) - omNode-1@group-523986131536: Failed appendEntries as previous log entry ((t:5, i:25)) is not found
2021-10-05 01:17:52,515 [grpc-default-executor-2] INFO  server.RaftServer$Division (RaftServerImpl.java:checkInconsistentAppendEntries(1285)) - omNode-1@group-523986131536: inconsistency entries. Reply:omNode-3<-omNode-1#9106:FAIL-t5,INCONSISTENCY,nextIndex=16,followerCommit=15
2021-10-05 01:17:52,515 [grpc-default-executor-2] INFO  leader.FollowerInfo (FollowerInfoImpl.java:lambda$new$0(46)) - omNode-3@group-523986131536->omNode-1: nextIndex: updateUnconditionally 26 -> 16
2021-10-05 01:17:53,016 [grpc-default-executor-2] INFO  server.RaftServer$Division (RaftServerImpl.java:checkInconsistentAppendEntries(1319)) - omNode-1@group-523986131536: Failed appendEntries as previous log entry ((t:5, i:25)) is not found
2021-10-05 01:17:53,016 [grpc-default-executor-2] INFO  server.RaftServer$Division (RaftServerImpl.java:checkInconsistentAppendEntries(1285)) - omNode-1@group-523986131536: inconsistency entries. Reply:omNode-3<-omNode-1#9157:FAIL-t5,INCONSISTENCY,nextIndex=16,followerCommit=15
2021-10-05 01:17:53,017 [grpc-default-executor-2] INFO  leader.FollowerInfo (FollowerInfoImpl.java:lambda$new$0(46)) - omNode-3@group-523986131536->omNode-1: nextIndex: updateUnconditionally 26 -> 16
2021-10-05 01:17:53,518 [grpc-default-executor-6] INFO  server.RaftServer$Division (RaftServerImpl.java:checkInconsistentAppendEntries(1319)) - omNode-1@group-523986131536: Failed appendEntries as previous log entry ((t:5, i:25)) is not found
2021-10-05 01:17:53,518 [grpc-default-executor-6] INFO  server.RaftServer$Division (RaftServerImpl.java:checkInconsistentAppendEntries(1285)) - omNode-1@group-523986131536: inconsistency entries. Reply:omNode-3<-omNode-1#9208:FAIL-t5,INCONSISTENCY,nextIndex=16,followerCommit=15
2021-10-05 01:17:53,518 [grpc-default-executor-6] INFO  leader.FollowerInfo (FollowerInfoImpl.java:lambda$new$0(46)) - omNode-3@group-523986131536->omNode-1: nextIndex: updateUnconditionally 26 -> 16
2021-10-05 01:17:54,020 [grpc-default-executor-6] INFO  server.RaftServer$Division (RaftServerImpl.java:checkInconsistentAppendEntries(1319)) - omNode-1@group-523986131536: Failed appendEntries as previous log entry ((t:5, i:25)) is not found
2021-10-05 01:17:54,020 [grpc-default-executor-6] INFO  server.RaftServer$Division (RaftServerImpl.java:checkInconsistentAppendEntries(1285)) - omNode-1@group-523986131536: inconsistency entries. Reply:omNode-3<-omNode-1#9259:FAIL-t5,INCONSISTENCY,nextIndex=16,followerCommit=15
2021-10-05 01:17:54,020 [grpc-default-executor-6] INFO  leader.FollowerInfo (FollowerInfoImpl.java:lambda$new$0(46)) - omNode-3@group-523986131536->omNode-1: nextIndex: updateUnconditionally 26 -> 16
2021-10-05 01:17:54,522 [grpc-default-executor-6] INFO  server.RaftServer$Division (RaftServerImpl.java:checkInconsistentAppendEntries(1319)) - omNode-1@group-523986131536: Failed appendEntries as previous log entry ((t:5, i:25)) is not found
2021-10-05 01:17:54,522 [grpc-default-executor-6] INFO  server.RaftServer$Division (RaftServerImpl.java:checkInconsistentAppendEntries(1285)) - omNode-1@group-523986131536: inconsistency entries. Reply:omNode-3<-omNode-1#9310:FAIL-t5,INCONSISTENCY,nextIndex=16,followerCommit=15
2021-10-05 01:17:54,522 [grpc-default-executor-6] INFO  leader.FollowerInfo (FollowerInfoImpl.java:lambda$new$0(46)) - omNode-3@group-523986131536->omNode-1: nextIndex: updateUnconditionally 26 -> 16
2021-10-05 01:17:55,023 [grpc-default-executor-6] INFO  server.RaftServer$Division (RaftServerImpl.java:checkInconsistentAppendEntries(1319)) - omNode-1@group-523986131536: Failed appendEntries as previous log entry ((t:5, i:25)) is not found
2021-10-05 01:17:55,023 [grpc-default-executor-6] INFO  server.RaftServer$Division (RaftServerImpl.java:checkInconsistentAppendEntries(1285)) - omNode-1@group-523986131536: inconsistency entries. Reply:omNode-3<-omNode-1#9361:FAIL-t5,INCONSISTENCY,nextIndex=16,followerCommit=15
2021-10-05 01:17:55,024 [grpc-default-executor-6] INFO  leader.FollowerInfo (FollowerInfoImpl.java:lambda$new$0(46)) - omNode-3@group-523986131536->omNode-1: nextIndex: updateUnconditionally 26 -> 16
2021-10-05 01:17:55,525 [grpc-default-executor-6] INFO  server.RaftServer$Division (RaftServerImpl.java:checkInconsistentAppendEntries(1319)) - omNode-1@group-523986131536: Failed appendEntries as previous log entry ((t:5, i:25)) is not found
2021-10-05 01:17:55,525 [grpc-default-executor-6] INFO  server.RaftServer$Division (RaftServerImpl.java:checkInconsistentAppendEntries(1285)) - omNode-1@group-523986131536: inconsistency entries. Reply:omNode-3<-omNode-1#9412:FAIL-t5,INCONSISTENCY,nextIndex=16,followerCommit=15
2021-10-05 01:17:55,525 [grpc-default-executor-6] INFO  leader.FollowerInfo (FollowerInfoImpl.java:lambda$new$0(46)) - omNode-3@group-523986131536->omNode-1: nextIndex: updateUnconditionally 26 -> 16
2021-10-05 01:17:56,026 [grpc-default-executor-2] INFO  server.RaftServer$Division (RaftServerImpl.java:checkInconsistentAppendEntries(1319)) - omNode-1@group-523986131536: Failed appendEntries as previous log entry ((t:5, i:25)) is not found
2021-10-05 01:17:56,027 [grpc-default-executor-2] INFO  server.RaftServer$Division (RaftServerImpl.java:checkInconsistentAppendEntries(1285)) - omNode-1@group-523986131536: inconsistency entries. Reply:omNode-3<-omNode-1#9463:FAIL-t5,INCONSISTENCY,nextIndex=16,followerCommit=15
2021-10-05 01:17:56,028 [grpc-default-executor-2] INFO  leader.FollowerInfo (FollowerInfoImpl.java:lambda$new$0(46)) - omNode-3@group-523986131536->omNode-1: nextIndex: updateUnconditionally 26 -> 16
2021-10-05 01:17:56,530 [grpc-default-executor-2] INFO  server.RaftServer$Division (RaftServerImpl.java:checkInconsistentAppendEntries(1319)) - omNode-1@group-523986131536: Failed appendEntries as previous log entry ((t:5, i:25)) is not found
2021-10-05 01:17:56,530 [grpc-default-executor-2] INFO  server.RaftServer$Division (RaftServerImpl.java:checkInconsistentAppendEntries(1285)) - omNode-1@group-523986131536: inconsistency entries. Reply:omNode-3<-omNode-1#9514:FAIL-t5,INCONSISTENCY,nextIndex=16,followerCommit=15
2021-10-05 01:17:56,530 [grpc-default-executor-2] INFO  leader.FollowerInfo (FollowerInfoImpl.java:lambda$new$0(46)) - omNode-3@group-523986131536->omNode-1: nextIndex: updateUnconditionally 26 -> 16
2021-10-05 01:17:57,032 [grpc-default-executor-2] INFO  server.RaftServer$Division (RaftServerImpl.java:checkInconsistentAppendEntries(1319)) - omNode-1@group-523986131536: Failed appendEntries as previous log entry ((t:5, i:25)) is not found
2021-10-05 01:17:57,032 [grpc-default-executor-2] INFO  server.RaftServer$Division (RaftServerImpl.java:checkInconsistentAppendEntries(1285)) - omNode-1@group-523986131536: inconsistency entries. Reply:omNode-3<-omNode-1#9565:FAIL-t5,INCONSISTENCY,nextIndex=16,followerCommit=15
2021-10-05 01:17:57,032 [grpc-default-executor-2] INFO  leader.FollowerInfo (FollowerInfoImpl.java:lambda$new$0(46)) - omNode-3@group-523986131536->omNode-1: nextIndex: updateUnconditionally 26 -> 16
2021-10-05 01:17:57,533 [grpc-default-executor-2] INFO  server.RaftServer$Division (RaftServerImpl.java:checkInconsistentAppendEntries(1319)) - omNode-1@group-523986131536: Failed appendEntries as previous log entry ((t:5, i:25)) is not found
2021-10-05 01:17:57,533 [grpc-default-executor-2] INFO  server.RaftServer$Division (RaftServerImpl.java:checkInconsistentAppendEntries(1285)) - omNode-1@group-523986131536: inconsistency entries. Reply:omNode-3<-omNode-1#9616:FAIL-t5,INCONSISTENCY,nextIndex=16,followerCommit=15
2021-10-05 01:17:57,534 [grpc-default-executor-2] INFO  leader.FollowerInfo (FollowerInfoImpl.java:lambda$new$0(46)) - omNode-3@group-523986131536->omNode-1: nextIndex: updateUnconditionally 26 -> 16
2021-10-05 01:17:58,034 [grpc-default-executor-2] INFO  server.RaftServer$Division (RaftServerImpl.java:checkInconsistentAppendEntries(1319)) - omNode-1@group-523986131536: Failed appendEntries as previous log entry ((t:5, i:25)) is not found
2021-10-05 01:17:58,035 [grpc-default-executor-2] INFO  server.RaftServer$Division (RaftServerImpl.java:checkInconsistentAppendEntries(1285)) - omNode-1@group-523986131536: inconsistency entries. Reply:omNode-3<-omNode-1#9667:FAIL-t5,INCONSISTENCY,nextIndex=16,followerCommit=15
2021-10-05 01:17:58,035 [grpc-default-executor-2] INFO  leader.FollowerInfo (FollowerInfoImpl.java:lambda$new$0(46)) - omNode-3@group-523986131536->omNode-1: nextIndex: updateUnconditionally 26 -> 16
2021-10-05 01:17:58,536 [grpc-default-executor-2] INFO  server.RaftServer$Division (RaftServerImpl.java:checkInconsistentAppendEntries(1319)) - omNode-1@group-523986131536: Failed appendEntries as previous log entry ((t:5, i:25)) is not found
2021-10-05 01:17:58,537 [grpc-default-executor-2] INFO  server.RaftServer$Division (RaftServerImpl.java:checkInconsistentAppendEntries(1285)) - omNode-1@group-523986131536: inconsistency entries. Reply:omNode-3<-omNode-1#9718:FAIL-t5,INCONSISTENCY,nextIndex=16,followerCommit=15
2021-10-05 01:17:58,537 [grpc-default-executor-2] INFO  leader.FollowerInfo (FollowerInfoImpl.java:lambda$new$0(46)) - omNode-3@group-523986131536->omNode-1: nextIndex: updateUnconditionally 26 -> 16
2021-10-05 01:17:59,038 [grpc-default-executor-2] INFO  server.RaftServer$Division (RaftServerImpl.java:checkInconsistentAppendEntries(1319)) - omNode-1@group-523986131536: Failed appendEntries as previous log entry ((t:5, i:25)) is not found
2021-10-05 01:17:59,038 [grpc-default-executor-2] INFO  server.RaftServer$Division (RaftServerImpl.java:checkInconsistentAppendEntries(1285)) - omNode-1@group-523986131536: inconsistency entries. Reply:omNode-3<-omNode-1#9769:FAIL-t5,INCONSISTENCY,nextIndex=16,followerCommit=15
2021-10-05 01:17:59,039 [grpc-default-executor-2] INFO  leader.FollowerInfo (FollowerInfoImpl.java:lambda$new$0(46)) - omNode-3@group-523986131536->omNode-1: nextIndex: updateUnconditionally 26 -> 16
2021-10-05 01:17:59,540 [grpc-default-executor-2] INFO  server.RaftServer$Division (RaftServerImpl.java:checkInconsistentAppendEntries(1319)) - omNode-1@group-523986131536: Failed appendEntries as previous log entry ((t:5, i:25)) is not found
2021-10-05 01:17:59,540 [grpc-default-executor-2] INFO  server.RaftServer$Division (RaftServerImpl.java:checkInconsistentAppendEntries(1285)) - omNode-1@group-523986131536: inconsistency entries. Reply:omNode-3<-omNode-1#9820:FAIL-t5,INCONSISTENCY,nextIndex=16,followerCommit=15
2021-10-05 01:17:59,540 [grpc-default-executor-2] INFO  leader.FollowerInfo (FollowerInfoImpl.java:lambda$new$0(46)) - omNode-3@group-523986131536->omNode-1: nextIndex: updateUnconditionally 26 -> 16
2021-10-05 01:18:00,041 [grpc-default-executor-2] INFO  server.RaftServer$Division (RaftServerImpl.java:checkInconsistentAppendEntries(1319)) - omNode-1@group-523986131536: Failed appendEntries as previous log entry ((t:5, i:25)) is not found
2021-10-05 01:18:00,041 [grpc-default-executor-2] INFO  server.RaftServer$Division (RaftServerImpl.java:checkInconsistentAppendEntries(1285)) - omNode-1@group-523986131536: inconsistency entries. Reply:omNode-3<-omNode-1#9871:FAIL-t5,INCONSISTENCY,nextIndex=16,followerCommit=15
2021-10-05 01:18:00,042 [grpc-default-executor-2] INFO  leader.FollowerInfo (FollowerInfoImpl.java:lambda$new$0(46)) - omNode-3@group-523986131536->omNode-1: nextIndex: updateUnconditionally 26 -> 16
2021-10-05 01:18:00,543 [grpc-default-executor-2] INFO  server.RaftServer$Division (RaftServerImpl.java:checkInconsistentAppendEntries(1319)) - omNode-1@group-523986131536: Failed appendEntries as previous log entry ((t:5, i:25)) is not found
2021-10-05 01:18:00,543 [grpc-default-executor-2] INFO  server.RaftServer$Division (RaftServerImpl.java:checkInconsistentAppendEntries(1285)) - omNode-1@group-523986131536: inconsistency entries. Reply:omNode-3<-omNode-1#9922:FAIL-t5,INCONSISTENCY,nextIndex=16,followerCommit=15
2021-10-05 01:18:00,544 [grpc-default-executor-2] INFO  leader.FollowerInfo (FollowerInfoImpl.java:lambda$new$0(46)) - omNode-3@group-523986131536->omNode-1: nextIndex: updateUnconditionally 26 -> 16
2021-10-05 01:18:01,045 [grpc-default-executor-2] INFO  server.RaftServer$Division (RaftServerImpl.java:checkInconsistentAppendEntries(1319)) - omNode-1@group-523986131536: Failed appendEntries as previous log entry ((t:5, i:25)) is not found
2021-10-05 01:18:01,045 [grpc-default-executor-2] INFO  server.RaftServer$Division (RaftServerImpl.java:checkInconsistentAppendEntries(1285)) - omNode-1@group-523986131536: inconsistency entries. Reply:omNode-3<-omNode-1#9973:FAIL-t5,INCONSISTENCY,nextIndex=16,followerCommit=15
2021-10-05 01:18:01,045 [grpc-default-executor-2] INFO  leader.FollowerInfo (FollowerInfoImpl.java:lambda$new$0(46)) - omNode-3@group-523986131536->omNode-1: nextIndex: updateUnconditionally 26 -> 16
2021-10-05 01:18:01,546 [grpc-default-executor-2] INFO  server.RaftServer$Division (RaftServerImpl.java:checkInconsistentAppendEntries(1319)) - omNode-1@group-523986131536: Failed appendEntries as previous log entry ((t:5, i:25)) is not found
2021-10-05 01:18:01,546 [grpc-default-executor-2] INFO  server.RaftServer$Division (RaftServerImpl.java:checkInconsistentAppendEntries(1285)) - omNode-1@group-523986131536: inconsistency entries. Reply:omNode-3<-omNode-1#10024:FAIL-t5,INCONSISTENCY,nextIndex=16,followerCommit=15
2021-10-05 01:18:01,547 [grpc-default-executor-2] INFO  leader.FollowerInfo (FollowerInfoImpl.java:lambda$new$0(46)) - omNode-3@group-523986131536->omNode-1: nextIndex: updateUnconditionally 26 -> 16
2021-10-05 01:18:02,048 [grpc-default-executor-2] INFO  server.RaftServer$Division (RaftServerImpl.java:checkInconsistentAppendEntries(1319)) - omNode-1@group-523986131536: Failed appendEntries as previous log entry ((t:5, i:25)) is not found
2021-10-05 01:18:02,048 [grpc-default-executor-2] INFO  server.RaftServer$Division (RaftServerImpl.java:checkInconsistentAppendEntries(1285)) - omNode-1@group-523986131536: inconsistency entries. Reply:omNode-3<-omNode-1#10075:FAIL-t5,INCONSISTENCY,nextIndex=16,followerCommit=15
2021-10-05 01:18:02,048 [grpc-default-executor-2] INFO  leader.FollowerInfo (FollowerInfoImpl.java:lambda$new$0(46)) - omNode-3@group-523986131536->omNode-1: nextIndex: updateUnconditionally 26 -> 16
2021-10-05 01:18:02,550 [grpc-default-executor-2] INFO  server.RaftServer$Division (RaftServerImpl.java:checkInconsistentAppendEntries(1319)) - omNode-1@group-523986131536: Failed appendEntries as previous log entry ((t:5, i:25)) is not found
2021-10-05 01:18:02,550 [grpc-default-executor-2] INFO  server.RaftServer$Division (RaftServerImpl.java:checkInconsistentAppendEntries(1285)) - omNode-1@group-523986131536: inconsistency entries. Reply:omNode-3<-omNode-1#10126:FAIL-t5,INCONSISTENCY,nextIndex=16,followerCommit=15
2021-10-05 01:18:02,550 [grpc-default-executor-2] INFO  leader.FollowerInfo (FollowerInfoImpl.java:lambda$new$0(46)) - omNode-3@group-523986131536->omNode-1: nextIndex: updateUnconditionally 26 -> 16
2021-10-05 01:18:03,052 [grpc-default-executor-2] INFO  server.RaftServer$Division (RaftServerImpl.java:checkInconsistentAppendEntries(1319)) - omNode-1@group-523986131536: Failed appendEntries as previous log entry ((t:5, i:25)) is not found
2021-10-05 01:18:03,052 [grpc-default-executor-2] INFO  server.RaftServer$Division (RaftServerImpl.java:checkInconsistentAppendEntries(1285)) - omNode-1@group-523986131536: inconsistency entries. Reply:omNode-3<-omNode-1#10177:FAIL-t5,INCONSISTENCY,nextIndex=16,followerCommit=15
2021-10-05 01:18:03,053 [grpc-default-executor-2] INFO  leader.FollowerInfo (FollowerInfoImpl.java:lambda$new$0(46)) - omNode-3@group-523986131536->omNode-1: nextIndex: updateUnconditionally 26 -> 16
2021-10-05 01:18:03,553 [grpc-default-executor-2] INFO  server.RaftServer$Division (RaftServerImpl.java:checkInconsistentAppendEntries(1319)) - omNode-1@group-523986131536: Failed appendEntries as previous log entry ((t:5, i:25)) is not found
2021-10-05 01:18:03,554 [grpc-default-executor-2] INFO  server.RaftServer$Division (RaftServerImpl.java:checkInconsistentAppendEntries(1285)) - omNode-1@group-523986131536: inconsistency entries. Reply:omNode-3<-omNode-1#10227:FAIL-t5,INCONSISTENCY,nextIndex=16,followerCommit=15
2021-10-05 01:18:03,554 [grpc-default-executor-2] INFO  leader.FollowerInfo (FollowerInfoImpl.java:lambda$new$0(46)) - omNode-3@group-523986131536->omNode-1: nextIndex: updateUnconditionally 26 -> 16
2021-10-05 01:18:04,055 [grpc-default-executor-2] INFO  server.RaftServer$Division (RaftServerImpl.java:checkInconsistentAppendEntries(1319)) - omNode-1@group-523986131536: Failed appendEntries as previous log entry ((t:5, i:25)) is not found
2021-10-05 01:18:04,056 [grpc-default-executor-2] INFO  server.RaftServer$Division (RaftServerImpl.java:checkInconsistentAppendEntries(1285)) - omNode-1@group-523986131536: inconsistency entries. Reply:omNode-3<-omNode-1#10278:FAIL-t5,INCONSISTENCY,nextIndex=16,followerCommit=15
2021-10-05 01:18:04,056 [grpc-default-executor-2] INFO  leader.FollowerInfo (FollowerInfoImpl.java:lambda$new$0(46)) - omNode-3@group-523986131536->omNode-1: nextIndex: updateUnconditionally 26 -> 16
2021-10-05 01:18:04,557 [grpc-default-executor-2] INFO  server.RaftServer$Division (RaftServerImpl.java:checkInconsistentAppendEntries(1319)) - omNode-1@group-523986131536: Failed appendEntries as previous log entry ((t:5, i:25)) is not found
2021-10-05 01:18:04,558 [grpc-default-executor-2] INFO  server.RaftServer$Division (RaftServerImpl.java:checkInconsistentAppendEntries(1285)) - omNode-1@group-523986131536: inconsistency entries. Reply:omNode-3<-omNode-1#10329:FAIL-t5,INCONSISTENCY,nextIndex=16,followerCommit=15
2021-10-05 01:18:04,558 [grpc-default-executor-2] INFO  leader.FollowerInfo (FollowerInfoImpl.java:lambda$new$0(46)) - omNode-3@group-523986131536->omNode-1: nextIndex: updateUnconditionally 26 -> 16
2021-10-05 01:18:05,059 [grpc-default-executor-2] INFO  server.RaftServer$Division (RaftServerImpl.java:checkInconsistentAppendEntries(1319)) - omNode-1@group-523986131536: Failed appendEntries as previous log entry ((t:5, i:25)) is not found
2021-10-05 01:18:05,059 [grpc-default-executor-2] INFO  server.RaftServer$Division (RaftServerImpl.java:checkInconsistentAppendEntries(1285)) - omNode-1@group-523986131536: inconsistency entries. Reply:omNode-3<-omNode-1#10380:FAIL-t5,INCONSISTENCY,nextIndex=16,followerCommit=15
2021-10-05 01:18:05,060 [grpc-default-executor-2] INFO  leader.FollowerInfo (FollowerInfoImpl.java:lambda$new$0(46)) - omNode-3@group-523986131536->omNode-1: nextIndex: updateUnconditionally 26 -> 16
2021-10-05 01:18:05,561 [grpc-default-executor-2] INFO  server.RaftServer$Division (RaftServerImpl.java:checkInconsistentAppendEntries(1319)) - omNode-1@group-523986131536: Failed appendEntries as previous log entry ((t:5, i:25)) is not found
2021-10-05 01:18:05,562 [grpc-default-executor-2] INFO  server.RaftServer$Division (RaftServerImpl.java:checkInconsistentAppendEntries(1285)) - omNode-1@group-523986131536: inconsistency entries. Reply:omNode-3<-omNode-1#10431:FAIL-t5,INCONSISTENCY,nextIndex=16,followerCommit=15
2021-10-05 01:18:05,562 [grpc-default-executor-2] INFO  leader.FollowerInfo (FollowerInfoImpl.java:lambda$new$0(46)) - omNode-3@group-523986131536->omNode-1: nextIndex: updateUnconditionally 26 -> 16
2021-10-05 01:18:06,064 [grpc-default-executor-6] INFO  server.RaftServer$Division (RaftServerImpl.java:checkInconsistentAppendEntries(1319)) - omNode-1@group-523986131536: Failed appendEntries as previous log entry ((t:5, i:25)) is not found
2021-10-05 01:18:06,064 [grpc-default-executor-6] INFO  server.RaftServer$Division (RaftServerImpl.java:checkInconsistentAppendEntries(1285)) - omNode-1@group-523986131536: inconsistency entries. Reply:omNode-3<-omNode-1#10482:FAIL-t5,INCONSISTENCY,nextIndex=16,followerCommit=15
2021-10-05 01:18:06,064 [grpc-default-executor-6] INFO  leader.FollowerInfo (FollowerInfoImpl.java:lambda$new$0(46)) - omNode-3@group-523986131536->omNode-1: nextIndex: updateUnconditionally 26 -> 16
2021-10-05 01:18:06,566 [grpc-default-executor-6] INFO  server.RaftServer$Division (RaftServerImpl.java:checkInconsistentAppendEntries(1319)) - omNode-1@group-523986131536: Failed appendEntries as previous log entry ((t:5, i:25)) is not found
2021-10-05 01:18:06,566 [grpc-default-executor-6] INFO  server.RaftServer$Division (RaftServerImpl.java:checkInconsistentAppendEntries(1285)) - omNode-1@group-523986131536: inconsistency entries. Reply:omNode-3<-omNode-1#10533:FAIL-t5,INCONSISTENCY,nextIndex=16,followerCommit=15
2021-10-05 01:18:06,566 [grpc-default-executor-6] INFO  leader.FollowerInfo (FollowerInfoImpl.java:lambda$new$0(46)) - omNode-3@group-523986131536->omNode-1: nextIndex: updateUnconditionally 26 -> 16
2021-10-05 01:18:07,067 [grpc-default-executor-6] INFO  server.RaftServer$Division (RaftServerImpl.java:checkInconsistentAppendEntries(1319)) - omNode-1@group-523986131536: Failed appendEntries as previous log entry ((t:5, i:25)) is not found
2021-10-05 01:18:07,067 [grpc-default-executor-6] INFO  server.RaftServer$Division (RaftServerImpl.java:checkInconsistentAppendEntries(1285)) - omNode-1@group-523986131536: inconsistency entries. Reply:omNode-3<-omNode-1#10584:FAIL-t5,INCONSISTENCY,nextIndex=16,followerCommit=15
2021-10-05 01:18:07,068 [grpc-default-executor-6] INFO  leader.FollowerInfo (FollowerInfoImpl.java:lambda$new$0(46)) - omNode-3@group-523986131536->omNode-1: nextIndex: updateUnconditionally 26 -> 16
2021-10-05 01:18:07,570 [grpc-default-executor-6] INFO  server.RaftServer$Division (RaftServerImpl.java:checkInconsistentAppendEntries(1319)) - omNode-1@group-523986131536: Failed appendEntries as previous log entry ((t:5, i:25)) is not found
2021-10-05 01:18:07,570 [grpc-default-executor-6] INFO  server.RaftServer$Division (RaftServerImpl.java:checkInconsistentAppendEntries(1285)) - omNode-1@group-523986131536: inconsistency entries. Reply:omNode-3<-omNode-1#10635:FAIL-t5,INCONSISTENCY,nextIndex=16,followerCommit=15
2021-10-05 01:18:07,570 [grpc-default-executor-6] INFO  leader.FollowerInfo (FollowerInfoImpl.java:lambda$new$0(46)) - omNode-3@group-523986131536->omNode-1: nextIndex: updateUnconditionally 26 -> 16
2021-10-05 01:18:08,073 [grpc-default-executor-6] INFO  server.RaftServer$Division (RaftServerImpl.java:checkInconsistentAppendEntries(1319)) - omNode-1@group-523986131536: Failed appendEntries as previous log entry ((t:5, i:25)) is not found
2021-10-05 01:18:08,073 [grpc-default-executor-6] INFO  server.RaftServer$Division (RaftServerImpl.java:checkInconsistentAppendEntries(1285)) - omNode-1@group-523986131536: inconsistency entries. Reply:omNode-3<-omNode-1#10686:FAIL-t5,INCONSISTENCY,nextIndex=16,followerCommit=15
2021-10-05 01:18:08,073 [grpc-default-executor-6] INFO  leader.FollowerInfo (FollowerInfoImpl.java:lambda$new$0(46)) - omNode-3@group-523986131536->omNode-1: nextIndex: updateUnconditionally 26 -> 16
2021-10-05 01:18:08,574 [grpc-default-executor-2] INFO  server.RaftServer$Division (RaftServerImpl.java:checkInconsistentAppendEntries(1319)) - omNode-1@group-523986131536: Failed appendEntries as previous log entry ((t:5, i:25)) is not found
2021-10-05 01:18:08,574 [grpc-default-executor-2] INFO  server.RaftServer$Division (RaftServerImpl.java:checkInconsistentAppendEntries(1285)) - omNode-1@group-523986131536: inconsistency entries. Reply:omNode-3<-omNode-1#10737:FAIL-t5,INCONSISTENCY,nextIndex=16,followerCommit=15
2021-10-05 01:18:08,575 [grpc-default-executor-2] INFO  leader.FollowerInfo (FollowerInfoImpl.java:lambda$new$0(46)) - omNode-3@group-523986131536->omNode-1: nextIndex: updateUnconditionally 26 -> 16
2021-10-05 01:18:09,076 [grpc-default-executor-2] INFO  server.RaftServer$Division (RaftServerImpl.java:checkInconsistentAppendEntries(1319)) - omNode-1@group-523986131536: Failed appendEntries as previous log entry ((t:5, i:25)) is not found
2021-10-05 01:18:09,076 [grpc-default-executor-2] INFO  server.RaftServer$Division (RaftServerImpl.java:checkInconsistentAppendEntries(1285)) - omNode-1@group-523986131536: inconsistency entries. Reply:omNode-3<-omNode-1#10788:FAIL-t5,INCONSISTENCY,nextIndex=16,followerCommit=15
2021-10-05 01:18:09,077 [grpc-default-executor-2] INFO  leader.FollowerInfo (FollowerInfoImpl.java:lambda$new$0(46)) - omNode-3@group-523986131536->omNode-1: nextIndex: updateUnconditionally 26 -> 16
2021-10-05 01:18:09,578 [grpc-default-executor-2] INFO  server.RaftServer$Division (RaftServerImpl.java:checkInconsistentAppendEntries(1319)) - omNode-1@group-523986131536: Failed appendEntries as previous log entry ((t:5, i:25)) is not found
2021-10-05 01:18:09,578 [grpc-default-executor-2] INFO  server.RaftServer$Division (RaftServerImpl.java:checkInconsistentAppendEntries(1285)) - omNode-1@group-523986131536: inconsistency entries. Reply:omNode-3<-omNode-1#10839:FAIL-t5,INCONSISTENCY,nextIndex=16,followerCommit=15
2021-10-05 01:18:09,578 [grpc-default-executor-2] INFO  leader.FollowerInfo (FollowerInfoImpl.java:lambda$new$0(46)) - omNode-3@group-523986131536->omNode-1: nextIndex: updateUnconditionally 26 -> 16
2021-10-05 01:18:10,079 [grpc-default-executor-2] INFO  server.RaftServer$Division (RaftServerImpl.java:checkInconsistentAppendEntries(1319)) - omNode-1@group-523986131536: Failed appendEntries as previous log entry ((t:5, i:25)) is not found
2021-10-05 01:18:10,079 [grpc-default-executor-2] INFO  server.RaftServer$Division (RaftServerImpl.java:checkInconsistentAppendEntries(1285)) - omNode-1@group-523986131536: inconsistency entries. Reply:omNode-3<-omNode-1#10890:FAIL-t5,INCONSISTENCY,nextIndex=16,followerCommit=15
2021-10-05 01:18:10,080 [grpc-default-executor-2] INFO  leader.FollowerInfo (FollowerInfoImpl.java:lambda$new$0(46)) - omNode-3@group-523986131536->omNode-1: nextIndex: updateUnconditionally 26 -> 16
2021-10-05 01:18:10,580 [grpc-default-executor-2] INFO  server.RaftServer$Division (RaftServerImpl.java:checkInconsistentAppendEntries(1319)) - omNode-1@group-523986131536: Failed appendEntries as previous log entry ((t:5, i:25)) is not found
2021-10-05 01:18:10,581 [grpc-default-executor-2] INFO  server.RaftServer$Division (RaftServerImpl.java:checkInconsistentAppendEntries(1285)) - omNode-1@group-523986131536: inconsistency entries. Reply:omNode-3<-omNode-1#10941:FAIL-t5,INCONSISTENCY,nextIndex=16,followerCommit=15
2021-10-05 01:18:10,581 [grpc-default-executor-2] INFO  leader.FollowerInfo (FollowerInfoImpl.java:lambda$new$0(46)) - omNode-3@group-523986131536->omNode-1: nextIndex: updateUnconditionally 26 -> 16
2021-10-05 01:18:11,082 [grpc-default-executor-2] INFO  server.RaftServer$Division (RaftServerImpl.java:checkInconsistentAppendEntries(1319)) - omNode-1@group-523986131536: Failed appendEntries as previous log entry ((t:5, i:25)) is not found
2021-10-05 01:18:11,083 [grpc-default-executor-2] INFO  server.RaftServer$Division (RaftServerImpl.java:checkInconsistentAppendEntries(1285)) - omNode-1@group-523986131536: inconsistency entries. Reply:omNode-3<-omNode-1#10992:FAIL-t5,INCONSISTENCY,nextIndex=16,followerCommit=15
2021-10-05 01:18:11,084 [grpc-default-executor-2] INFO  leader.FollowerInfo (FollowerInfoImpl.java:lambda$new$0(46)) - omNode-3@group-523986131536->omNode-1: nextIndex: updateUnconditionally 26 -> 16
2021-10-05 01:18:11,586 [grpc-default-executor-2] INFO  server.RaftServer$Division (RaftServerImpl.java:checkInconsistentAppendEntries(1319)) - omNode-1@group-523986131536: Failed appendEntries as previous log entry ((t:5, i:25)) is not found
2021-10-05 01:18:11,586 [grpc-default-executor-2] INFO  server.RaftServer$Division (RaftServerImpl.java:checkInconsistentAppendEntries(1285)) - omNode-1@group-523986131536: inconsistency entries. Reply:omNode-3<-omNode-1#11043:FAIL-t5,INCONSISTENCY,nextIndex=16,followerCommit=15
2021-10-05 01:18:11,586 [grpc-default-executor-2] INFO  leader.FollowerInfo (FollowerInfoImpl.java:lambda$new$0(46)) - omNode-3@group-523986131536->omNode-1: nextIndex: updateUnconditionally 26 -> 16
2021-10-05 01:18:12,088 [grpc-default-executor-2] INFO  server.RaftServer$Division (RaftServerImpl.java:checkInconsistentAppendEntries(1319)) - omNode-1@group-523986131536: Failed appendEntries as previous log entry ((t:5, i:25)) is not found
2021-10-05 01:18:12,088 [grpc-default-executor-2] INFO  server.RaftServer$Division (RaftServerImpl.java:checkInconsistentAppendEntries(1285)) - omNode-1@group-523986131536: inconsistency entries. Reply:omNode-3<-omNode-1#11094:FAIL-t5,INCONSISTENCY,nextIndex=16,followerCommit=15
2021-10-05 01:18:12,088 [grpc-default-executor-2] INFO  leader.FollowerInfo (FollowerInfoImpl.java:lambda$new$0(46)) - omNode-3@group-523986131536->omNode-1: nextIndex: updateUnconditionally 26 -> 16
2021-10-05 01:18:12,589 [grpc-default-executor-2] INFO  server.RaftServer$Division (RaftServerImpl.java:checkInconsistentAppendEntries(1319)) - omNode-1@group-523986131536: Failed appendEntries as previous log entry ((t:5, i:25)) is not found
2021-10-05 01:18:12,590 [grpc-default-executor-2] INFO  server.RaftServer$Division (RaftServerImpl.java:checkInconsistentAppendEntries(1285)) - omNode-1@group-523986131536: inconsistency entries. Reply:omNode-3<-omNode-1#11145:FAIL-t5,INCONSISTENCY,nextIndex=16,followerCommit=15
2021-10-05 01:18:12,590 [grpc-default-executor-2] INFO  leader.FollowerInfo (FollowerInfoImpl.java:lambda$new$0(46)) - omNode-3@group-523986131536->omNode-1: nextIndex: updateUnconditionally 26 -> 16
2021-10-05 01:18:13,092 [grpc-default-executor-2] INFO  server.RaftServer$Division (RaftServerImpl.java:checkInconsistentAppendEntries(1319)) - omNode-1@group-523986131536: Failed appendEntries as previous log entry ((t:5, i:25)) is not found
2021-10-05 01:18:13,092 [grpc-default-executor-2] INFO  server.RaftServer$Division (RaftServerImpl.java:checkInconsistentAppendEntries(1285)) - omNode-1@group-523986131536: inconsistency entries. Reply:omNode-3<-omNode-1#11196:FAIL-t5,INCONSISTENCY,nextIndex=16,followerCommit=15
2021-10-05 01:18:13,092 [grpc-default-executor-2] INFO  leader.FollowerInfo (FollowerInfoImpl.java:lambda$new$0(46)) - omNode-3@group-523986131536->omNode-1: nextIndex: updateUnconditionally 26 -> 16
2021-10-05 01:18:13,593 [grpc-default-executor-2] INFO  server.RaftServer$Division (RaftServerImpl.java:checkInconsistentAppendEntries(1319)) - omNode-1@group-523986131536: Failed appendEntries as previous log entry ((t:5, i:25)) is not found
2021-10-05 01:18:13,594 [grpc-default-executor-2] INFO  server.RaftServer$Division (RaftServerImpl.java:checkInconsistentAppendEntries(1285)) - omNode-1@group-523986131536: inconsistency entries. Reply:omNode-3<-omNode-1#11247:FAIL-t5,INCONSISTENCY,nextIndex=16,followerCommit=15
2021-10-05 01:18:13,594 [grpc-default-executor-2] INFO  leader.FollowerInfo (FollowerInfoImpl.java:lambda$new$0(46)) - omNode-3@group-523986131536->omNode-1: nextIndex: updateUnconditionally 26 -> 16
2021-10-05 01:18:14,095 [grpc-default-executor-2] INFO  server.RaftServer$Division (RaftServerImpl.java:checkInconsistentAppendEntries(1319)) - omNode-1@group-523986131536: Failed appendEntries as previous log entry ((t:5, i:25)) is not found
2021-10-05 01:18:14,096 [grpc-default-executor-2] INFO  server.RaftServer$Division (RaftServerImpl.java:checkInconsistentAppendEntries(1285)) - omNode-1@group-523986131536: inconsistency entries. Reply:omNode-3<-omNode-1#11298:FAIL-t5,INCONSISTENCY,nextIndex=16,followerCommit=15
2021-10-05 01:18:14,096 [grpc-default-executor-2] INFO  leader.FollowerInfo (FollowerInfoImpl.java:lambda$new$0(46)) - omNode-3@group-523986131536->omNode-1: nextIndex: updateUnconditionally 26 -> 16
2021-10-05 01:18:14,598 [grpc-default-executor-2] INFO  server.RaftServer$Division (RaftServerImpl.java:checkInconsistentAppendEntries(1319)) - omNode-1@group-523986131536: Failed appendEntries as previous log entry ((t:5, i:25)) is not found
2021-10-05 01:18:14,598 [grpc-default-executor-2] INFO  server.RaftServer$Division (RaftServerImpl.java:checkInconsistentAppendEntries(1285)) - omNode-1@group-523986131536: inconsistency entries. Reply:omNode-3<-omNode-1#11349:FAIL-t5,INCONSISTENCY,nextIndex=16,followerCommit=15
2021-10-05 01:18:14,598 [grpc-default-executor-2] INFO  leader.FollowerInfo (FollowerInfoImpl.java:lambda$new$0(46)) - omNode-3@group-523986131536->omNode-1: nextIndex: updateUnconditionally 26 -> 16
2021-10-05 01:18:15,100 [grpc-default-executor-2] INFO  server.RaftServer$Division (RaftServerImpl.java:checkInconsistentAppendEntries(1319)) - omNode-1@group-523986131536: Failed appendEntries as previous log entry ((t:5, i:25)) is not found
2021-10-05 01:18:15,100 [grpc-default-executor-2] INFO  server.RaftServer$Division (RaftServerImpl.java:checkInconsistentAppendEntries(1285)) - omNode-1@group-523986131536: inconsistency entries. Reply:omNode-3<-omNode-1#11400:FAIL-t5,INCONSISTENCY,nextIndex=16,followerCommit=15
2021-10-05 01:18:15,101 [grpc-default-executor-2] INFO  leader.FollowerInfo (FollowerInfoImpl.java:lambda$new$0(46)) - omNode-3@group-523986131536->omNode-1: nextIndex: updateUnconditionally 26 -> 16
2021-10-05 01:18:15,601 [grpc-default-executor-2] INFO  server.RaftServer$Division (RaftServerImpl.java:checkInconsistentAppendEntries(1319)) - omNode-1@group-523986131536: Failed appendEntries as previous log entry ((t:5, i:25)) is not found
2021-10-05 01:18:15,602 [grpc-default-executor-2] INFO  server.RaftServer$Division (RaftServerImpl.java:checkInconsistentAppendEntries(1285)) - omNode-1@group-523986131536: inconsistency entries. Reply:omNode-3<-omNode-1#11451:FAIL-t5,INCONSISTENCY,nextIndex=16,followerCommit=15
2021-10-05 01:18:15,602 [grpc-default-executor-2] INFO  leader.FollowerInfo (FollowerInfoImpl.java:lambda$new$0(46)) - omNode-3@group-523986131536->omNode-1: nextIndex: updateUnconditionally 26 -> 16
2021-10-05 01:18:16,103 [grpc-default-executor-6] INFO  server.RaftServer$Division (RaftServerImpl.java:checkInconsistentAppendEntries(1319)) - omNode-1@group-523986131536: Failed appendEntries as previous log entry ((t:5, i:25)) is not found
2021-10-05 01:18:16,103 [grpc-default-executor-6] INFO  server.RaftServer$Division (RaftServerImpl.java:checkInconsistentAppendEntries(1285)) - omNode-1@group-523986131536: inconsistency entries. Reply:omNode-3<-omNode-1#11502:FAIL-t5,INCONSISTENCY,nextIndex=16,followerCommit=15
2021-10-05 01:18:16,104 [grpc-default-executor-6] INFO  leader.FollowerInfo (FollowerInfoImpl.java:lambda$new$0(46)) - omNode-3@group-523986131536->omNode-1: nextIndex: updateUnconditionally 26 -> 16
2021-10-05 01:18:16,605 [grpc-default-executor-6] INFO  server.RaftServer$Division (RaftServerImpl.java:checkInconsistentAppendEntries(1319)) - omNode-1@group-523986131536: Failed appendEntries as previous log entry ((t:5, i:25)) is not found
2021-10-05 01:18:16,605 [grpc-default-executor-6] INFO  server.RaftServer$Division (RaftServerImpl.java:checkInconsistentAppendEntries(1285)) - omNode-1@group-523986131536: inconsistency entries. Reply:omNode-3<-omNode-1#11553:FAIL-t5,INCONSISTENCY,nextIndex=16,followerCommit=15
2021-10-05 01:18:16,606 [grpc-default-executor-6] INFO  leader.FollowerInfo (FollowerInfoImpl.java:lambda$new$0(46)) - omNode-3@group-523986131536->omNode-1: nextIndex: updateUnconditionally 26 -> 16
2021-10-05 01:18:17,107 [grpc-default-executor-6] INFO  server.RaftServer$Division (RaftServerImpl.java:checkInconsistentAppendEntries(1319)) - omNode-1@group-523986131536: Failed appendEntries as previous log entry ((t:5, i:25)) is not found
2021-10-05 01:18:17,107 [grpc-default-executor-6] INFO  server.RaftServer$Division (RaftServerImpl.java:checkInconsistentAppendEntries(1285)) - omNode-1@group-523986131536: inconsistency entries. Reply:omNode-3<-omNode-1#11604:FAIL-t5,INCONSISTENCY,nextIndex=16,followerCommit=15
2021-10-05 01:18:17,107 [grpc-default-executor-6] INFO  leader.FollowerInfo (FollowerInfoImpl.java:lambda$new$0(46)) - omNode-3@group-523986131536->omNode-1: nextIndex: updateUnconditionally 26 -> 16
2021-10-05 01:18:17,609 [grpc-default-executor-6] INFO  server.RaftServer$Division (RaftServerImpl.java:checkInconsistentAppendEntries(1319)) - omNode-1@group-523986131536: Failed appendEntries as previous log entry ((t:5, i:25)) is not found
2021-10-05 01:18:17,609 [grpc-default-executor-6] INFO  server.RaftServer$Division (RaftServerImpl.java:checkInconsistentAppendEntries(1285)) - omNode-1@group-523986131536: inconsistency entries. Reply:omNode-3<-omNode-1#11655:FAIL-t5,INCONSISTENCY,nextIndex=16,followerCommit=15
2021-10-05 01:18:17,609 [grpc-default-executor-6] INFO  leader.FollowerInfo (FollowerInfoImpl.java:lambda$new$0(46)) - omNode-3@group-523986131536->omNode-1: nextIndex: updateUnconditionally 26 -> 16
2021-10-05 01:18:18,111 [grpc-default-executor-6] INFO  server.RaftServer$Division (RaftServerImpl.java:checkInconsistentAppendEntries(1319)) - omNode-1@group-523986131536: Failed appendEntries as previous log entry ((t:5, i:25)) is not found
2021-10-05 01:18:18,111 [grpc-default-executor-6] INFO  server.RaftServer$Division (RaftServerImpl.java:checkInconsistentAppendEntries(1285)) - omNode-1@group-523986131536: inconsistency entries. Reply:omNode-3<-omNode-1#11706:FAIL-t5,INCONSISTENCY,nextIndex=16,followerCommit=15
2021-10-05 01:18:18,112 [grpc-default-executor-6] INFO  leader.FollowerInfo (FollowerInfoImpl.java:lambda$new$0(46)) - omNode-3@group-523986131536->omNode-1: nextIndex: updateUnconditionally 26 -> 16
2021-10-05 01:18:18,613 [grpc-default-executor-6] INFO  server.RaftServer$Division (RaftServerImpl.java:checkInconsistentAppendEntries(1319)) - omNode-1@group-523986131536: Failed appendEntries as previous log entry ((t:5, i:25)) is not found
2021-10-05 01:18:18,613 [grpc-default-executor-6] INFO  server.RaftServer$Division (RaftServerImpl.java:checkInconsistentAppendEntries(1285)) - omNode-1@group-523986131536: inconsistency entries. Reply:omNode-3<-omNode-1#11757:FAIL-t5,INCONSISTENCY,nextIndex=16,followerCommit=15
2021-10-05 01:18:18,614 [grpc-default-executor-6] INFO  leader.FollowerInfo (FollowerInfoImpl.java:lambda$new$0(46)) - omNode-3@group-523986131536->omNode-1: nextIndex: updateUnconditionally 26 -> 16
2021-10-05 01:18:19,115 [grpc-default-executor-6] INFO  server.RaftServer$Division (RaftServerImpl.java:checkInconsistentAppendEntries(1319)) - omNode-1@group-523986131536: Failed appendEntries as previous log entry ((t:5, i:25)) is not found
2021-10-05 01:18:19,115 [grpc-default-executor-6] INFO  server.RaftServer$Division (RaftServerImpl.java:checkInconsistentAppendEntries(1285)) - omNode-1@group-523986131536: inconsistency entries. Reply:omNode-3<-omNode-1#11808:FAIL-t5,INCONSISTENCY,nextIndex=16,followerCommit=15
2021-10-05 01:18:19,116 [grpc-default-executor-6] INFO  leader.FollowerInfo (FollowerInfoImpl.java:lambda$new$0(46)) - omNode-3@group-523986131536->omNode-1: nextIndex: updateUnconditionally 26 -> 16
2021-10-05 01:18:19,617 [grpc-default-executor-6] INFO  server.RaftServer$Division (RaftServerImpl.java:checkInconsistentAppendEntries(1319)) - omNode-1@group-523986131536: Failed appendEntries as previous log entry ((t:5, i:25)) is not found
2021-10-05 01:18:19,617 [grpc-default-executor-6] INFO  server.RaftServer$Division (RaftServerImpl.java:checkInconsistentAppendEntries(1285)) - omNode-1@group-523986131536: inconsistency entries. Reply:omNode-3<-omNode-1#11859:FAIL-t5,INCONSISTENCY,nextIndex=16,followerCommit=15
2021-10-05 01:18:19,617 [grpc-default-executor-6] INFO  leader.FollowerInfo (FollowerInfoImpl.java:lambda$new$0(46)) - omNode-3@group-523986131536->omNode-1: nextIndex: updateUnconditionally 26 -> 16
2021-10-05 01:18:20,119 [grpc-default-executor-6] INFO  server.RaftServer$Division (RaftServerImpl.java:checkInconsistentAppendEntries(1319)) - omNode-1@group-523986131536: Failed appendEntries as previous log entry ((t:5, i:25)) is not found
2021-10-05 01:18:20,119 [grpc-default-executor-6] INFO  server.RaftServer$Division (RaftServerImpl.java:checkInconsistentAppendEntries(1285)) - omNode-1@group-523986131536: inconsistency entries. Reply:omNode-3<-omNode-1#11910:FAIL-t5,INCONSISTENCY,nextIndex=16,followerCommit=15
2021-10-05 01:18:20,119 [grpc-default-executor-6] INFO  leader.FollowerInfo (FollowerInfoImpl.java:lambda$new$0(46)) - omNode-3@group-523986131536->omNode-1: nextIndex: updateUnconditionally 26 -> 16
2021-10-05 01:18:20,620 [grpc-default-executor-6] INFO  server.RaftServer$Division (RaftServerImpl.java:checkInconsistentAppendEntries(1319)) - omNode-1@group-523986131536: Failed appendEntries as previous log entry ((t:5, i:25)) is not found
2021-10-05 01:18:20,620 [grpc-default-executor-6] INFO  server.RaftServer$Division (RaftServerImpl.java:checkInconsistentAppendEntries(1285)) - omNode-1@group-523986131536: inconsistency entries. Reply:omNode-3<-omNode-1#11961:FAIL-t5,INCONSISTENCY,nextIndex=16,followerCommit=15
2021-10-05 01:18:20,621 [grpc-default-executor-6] INFO  leader.FollowerInfo (FollowerInfoImpl.java:lambda$new$0(46)) - omNode-3@group-523986131536->omNode-1: nextIndex: updateUnconditionally 26 -> 16
2021-10-05 01:18:21,121 [grpc-default-executor-2] INFO  server.RaftServer$Division (RaftServerImpl.java:checkInconsistentAppendEntries(1319)) - omNode-1@group-523986131536: Failed appendEntries as previous log entry ((t:5, i:25)) is not found
2021-10-05 01:18:21,122 [grpc-default-executor-2] INFO  server.RaftServer$Division (RaftServerImpl.java:checkInconsistentAppendEntries(1285)) - omNode-1@group-523986131536: inconsistency entries. Reply:omNode-3<-omNode-1#12012:FAIL-t5,INCONSISTENCY,nextIndex=16,followerCommit=15
2021-10-05 01:18:21,122 [grpc-default-executor-2] INFO  leader.FollowerInfo (FollowerInfoImpl.java:lambda$new$0(46)) - omNode-3@group-523986131536->omNode-1: nextIndex: updateUnconditionally 26 -> 16
2021-10-05 01:18:21,623 [grpc-default-executor-2] INFO  server.RaftServer$Division (RaftServerImpl.java:checkInconsistentAppendEntries(1319)) - omNode-1@group-523986131536: Failed appendEntries as previous log entry ((t:5, i:25)) is not found
2021-10-05 01:18:21,623 [grpc-default-executor-2] INFO  server.RaftServer$Division (RaftServerImpl.java:checkInconsistentAppendEntries(1285)) - omNode-1@group-523986131536: inconsistency entries. Reply:omNode-3<-omNode-1#12063:FAIL-t5,INCONSISTENCY,nextIndex=16,followerCommit=15
2021-10-05 01:18:21,623 [grpc-default-executor-2] INFO  leader.FollowerInfo (FollowerInfoImpl.java:lambda$new$0(46)) - omNode-3@group-523986131536->omNode-1: nextIndex: updateUnconditionally 26 -> 16
2021-10-05 01:18:22,125 [grpc-default-executor-2] INFO  server.RaftServer$Division (RaftServerImpl.java:checkInconsistentAppendEntries(1319)) - omNode-1@group-523986131536: Failed appendEntries as previous log entry ((t:5, i:25)) is not found
2021-10-05 01:18:22,125 [grpc-default-executor-2] INFO  server.RaftServer$Division (RaftServerImpl.java:checkInconsistentAppendEntries(1285)) - omNode-1@group-523986131536: inconsistency entries. Reply:omNode-3<-omNode-1#12114:FAIL-t5,INCONSISTENCY,nextIndex=16,followerCommit=15
2021-10-05 01:18:22,125 [grpc-default-executor-2] INFO  leader.FollowerInfo (FollowerInfoImpl.java:lambda$new$0(46)) - omNode-3@group-523986131536->omNode-1: nextIndex: updateUnconditionally 26 -> 16
2021-10-05 01:18:22,626 [grpc-default-executor-2] INFO  server.RaftServer$Division (RaftServerImpl.java:checkInconsistentAppendEntries(1319)) - omNode-1@group-523986131536: Failed appendEntries as previous log entry ((t:5, i:25)) is not found
2021-10-05 01:18:22,626 [grpc-default-executor-2] INFO  server.RaftServer$Division (RaftServerImpl.java:checkInconsistentAppendEntries(1285)) - omNode-1@group-523986131536: inconsistency entries. Reply:omNode-3<-omNode-1#12165:FAIL-t5,INCONSISTENCY,nextIndex=16,followerCommit=15
2021-10-05 01:18:22,626 [grpc-default-executor-2] INFO  leader.FollowerInfo (FollowerInfoImpl.java:lambda$new$0(46)) - omNode-3@group-523986131536->omNode-1: nextIndex: updateUnconditionally 26 -> 16
2021-10-05 01:18:23,129 [grpc-default-executor-2] INFO  server.RaftServer$Division (RaftServerImpl.java:checkInconsistentAppendEntries(1319)) - omNode-1@group-523986131536: Failed appendEntries as previous log entry ((t:5, i:25)) is not found
2021-10-05 01:18:23,129 [grpc-default-executor-2] INFO  server.RaftServer$Division (RaftServerImpl.java:checkInconsistentAppendEntries(1285)) - omNode-1@group-523986131536: inconsistency entries. Reply:omNode-3<-omNode-1#12216:FAIL-t5,INCONSISTENCY,nextIndex=16,followerCommit=15
2021-10-05 01:18:23,130 [grpc-default-executor-2] INFO  leader.FollowerInfo (FollowerInfoImpl.java:lambda$new$0(46)) - omNode-3@group-523986131536->omNode-1: nextIndex: updateUnconditionally 26 -> 16
2021-10-05 01:18:23,631 [grpc-default-executor-2] INFO  server.RaftServer$Division (RaftServerImpl.java:checkInconsistentAppendEntries(1319)) - omNode-1@group-523986131536: Failed appendEntries as previous log entry ((t:5, i:25)) is not found
2021-10-05 01:18:23,631 [grpc-default-executor-2] INFO  server.RaftServer$Division (RaftServerImpl.java:checkInconsistentAppendEntries(1285)) - omNode-1@group-523986131536: inconsistency entries. Reply:omNode-3<-omNode-1#12267:FAIL-t5,INCONSISTENCY,nextIndex=16,followerCommit=15
2021-10-05 01:18:23,631 [grpc-default-executor-2] INFO  leader.FollowerInfo (FollowerInfoImpl.java:lambda$new$0(46)) - omNode-3@group-523986131536->omNode-1: nextIndex: updateUnconditionally 26 -> 16
2021-10-05 01:18:24,133 [grpc-default-executor-2] INFO  server.RaftServer$Division (RaftServerImpl.java:checkInconsistentAppendEntries(1319)) - omNode-1@group-523986131536: Failed appendEntries as previous log entry ((t:5, i:25)) is not found
2021-10-05 01:18:24,133 [grpc-default-executor-2] INFO  server.RaftServer$Division (RaftServerImpl.java:checkInconsistentAppendEntries(1285)) - omNode-1@group-523986131536: inconsistency entries. Reply:omNode-3<-omNode-1#12318:FAIL-t5,INCONSISTENCY,nextIndex=16,followerCommit=15
2021-10-05 01:18:24,133 [grpc-default-executor-2] INFO  leader.FollowerInfo (FollowerInfoImpl.java:lambda$new$0(46)) - omNode-3@group-523986131536->omNode-1: nextIndex: updateUnconditionally 26 -> 16
2021-10-05 01:18:24,195 [Time-limited test] INFO  om.OzoneManager (OzoneManager.java:stop(1644)) - Stopping Ozone Manager
2021-10-05 01:18:24,195 [Time-limited test] INFO  ipc.Server (Server.java:stop(3414)) - Stopping server on 10888
2021-10-05 01:18:24,199 [IPC Server listener on 10888] INFO  ipc.Server (Server.java:run(1376)) - Stopping IPC Server listener on 10888
2021-10-05 01:18:24,199 [IPC Server Responder] INFO  ipc.Server (Server.java:run(1512)) - Stopping IPC Server Responder
2021-10-05 01:18:24,199 [Time-limited test] INFO  server.RaftServer (RaftServerProxy.java:lambda$close$6(391)) - omNode-3: close
2021-10-05 01:18:24,199 [Time-limited test] INFO  server.RaftServer$Division (RaftServerImpl.java:lambda$close$4(407)) - omNode-3@group-523986131536: shutdown
2021-10-05 01:18:24,202 [Time-limited test] INFO  util.JmxRegister (JmxRegister.java:unregister(73)) - Successfully un-registered JMX Bean with object name Ratis:service=RaftServer,group=group-523986131536,id=omNode-3
2021-10-05 01:18:24,202 [Time-limited test] INFO  impl.RoleInfo (RoleInfo.java:shutdownLeaderState(91)) - omNode-3: shutdown omNode-3@group-523986131536-LeaderStateImpl
2021-10-05 01:18:24,202 [omNode-3@group-523986131536->omNode-2-GrpcLogAppender-LogAppenderDaemon] WARN  server.GrpcLogAppender (GrpcLogAppender.java:mayWait(175)) - omNode-3@group-523986131536->omNode-2-GrpcLogAppender: Wait interrupted by java.lang.InterruptedException
2021-10-05 01:18:24,203 [grpc-default-executor-2] INFO  server.GrpcServerProtocolService (GrpcServerProtocolService.java:onCompleted(140)) - omNode-2: Completed APPEND_ENTRIES, lastRequest: omNode-3->omNode-2#56-t5,previous=(t:5, i:24),leaderCommit=24,initializing? true,entries: size=1, first=(t:5, i:25), METADATAENTRY(c:24)
2021-10-05 01:18:24,203 [omNode-3@group-523986131536->omNode-1-GrpcLogAppender-LogAppenderDaemon] WARN  server.GrpcLogAppender (GrpcLogAppender.java:mayWait(175)) - omNode-3@group-523986131536->omNode-1-GrpcLogAppender: Wait interrupted by java.lang.InterruptedException
2021-10-05 01:18:24,204 [grpc-default-executor-6] INFO  server.GrpcLogAppender (GrpcLogAppender.java:onCompleted(344)) - omNode-3@group-523986131536->omNode-2-AppendLogResponseHandler: follower responses appendEntries COMPLETED
2021-10-05 01:18:24,204 [grpc-default-executor-6] INFO  leader.FollowerInfo (FollowerInfoImpl.java:lambda$new$0(46)) - omNode-3@group-523986131536->omNode-2: nextIndex: updateUnconditionally 26 -> 25
2021-10-05 01:18:24,202 [Time-limited test] INFO  impl.PendingRequests (PendingRequests.java:sendNotLeaderResponses(282)) - omNode-3@group-523986131536-PendingRequests: sendNotLeaderResponses
2021-10-05 01:18:24,210 [grpc-default-executor-8] INFO  server.GrpcServerProtocolService (GrpcServerProtocolService.java:onCompleted(140)) - omNode-1: Completed APPEND_ENTRIES, lastRequest: omNode-3->omNode-1#12319-t5,previous=(t:0, i:0),leaderCommit=10,initializing? false,entries: size=10, first=(t:3, i:16), CONFIGURATIONENTRY
2021-10-05 01:18:24,212 [Time-limited test] INFO  impl.StateMachineUpdater (StateMachineUpdater.java:stopAndJoin(149)) - omNode-3@group-523986131536-StateMachineUpdater: set stopIndex = 25
2021-10-05 01:18:24,212 [omNode-3@group-523986131536-StateMachineUpdater] INFO  ratis.OzoneManagerStateMachine (OzoneManagerStateMachine.java:takeSnapshot(417)) - Current Snapshot Index (t:5, i:25)
2021-10-05 01:18:24,212 [omNode-3@group-523986131536-StateMachineUpdater] INFO  impl.StateMachineUpdater (StateMachineUpdater.java:takeSnapshot(281)) - omNode-3@group-523986131536-StateMachineUpdater: Took a snapshot at index 25
2021-10-05 01:18:24,212 [omNode-3@group-523986131536-StateMachineUpdater] INFO  impl.StateMachineUpdater (StateMachineUpdater.java:lambda$new$0(89)) - omNode-3@group-523986131536-StateMachineUpdater: snapshotIndex: updateIncreasingly 21 -> 25
2021-10-05 01:18:24,213 [omNode-3@group-523986131536-StateMachineUpdater] INFO  ratis.OzoneManagerStateMachine (OzoneManagerStateMachine.java:close(471)) - StateMachine has shutdown. Shutdown OzoneManager if not already shutdown.
2021-10-05 01:18:24,213 [Time-limited test] INFO  server.RaftServer$Division (ServerState.java:close(419)) - omNode-3@group-523986131536: closes. applyIndex: 25
2021-10-05 01:18:24,213 [grpc-default-executor-2] INFO  server.GrpcLogAppender (GrpcLogAppender.java:onCompleted(344)) - omNode-3@group-523986131536->omNode-1-AppendLogResponseHandler: follower responses appendEntries COMPLETED
2021-10-05 01:18:24,213 [grpc-default-executor-2] INFO  leader.FollowerInfo (FollowerInfoImpl.java:lambda$new$0(46)) - omNode-3@group-523986131536->omNode-1: nextIndex: updateUnconditionally 26 -> 16
2021-10-05 01:18:24,213 [omNode-3@group-523986131536-SegmentedRaftLogWorker] INFO  segmented.SegmentedRaftLogWorker (SegmentedRaftLogWorker.java:run(327)) - omNode-3@group-523986131536-SegmentedRaftLogWorker was interrupted, exiting. There are 0 tasks remaining in the queue.
2021-10-05 01:18:24,214 [Time-limited test] INFO  segmented.SegmentedRaftLogWorker (SegmentedRaftLogWorker.java:close(237)) - omNode-3@group-523986131536-SegmentedRaftLogWorker close()
2021-10-05 01:18:24,215 [Time-limited test] INFO  server.GrpcService (GrpcService.java:closeImpl(262)) - omNode-3: shutdown server with port 10892 now
2021-10-05 01:18:25,316 [omNode-2@group-523986131536-FollowerState] INFO  impl.FollowerState (FollowerState.java:run(134)) - omNode-2@group-523986131536-FollowerState: change to CANDIDATE, lastRpcElapsedTime:1201740463ns, electionTimeout:1044ms
2021-10-05 01:18:25,316 [omNode-2@group-523986131536-FollowerState] INFO  impl.RoleInfo (RoleInfo.java:shutdownFollowerState(108)) - omNode-2: shutdown omNode-2@group-523986131536-FollowerState
2021-10-05 01:18:25,316 [omNode-2@group-523986131536-FollowerState] INFO  server.RaftServer$Division (RaftServerImpl.java:setRole(285)) - omNode-2@group-523986131536: changes role from  FOLLOWER to CANDIDATE at term 5 for changeToCandidate
2021-10-05 01:18:25,316 [omNode-2@group-523986131536-FollowerState] INFO  server.RaftServerConfigKeys (ConfUtils.java:logGet(44)) - raft.server.leaderelection.pre-vote = false (custom)
2021-10-05 01:18:25,316 [omNode-2@group-523986131536-FollowerState] INFO  impl.RoleInfo (RoleInfo.java:updateAndGet(130)) - omNode-2: start omNode-2@group-523986131536-LeaderElection14
2021-10-05 01:18:25,318 [omNode-2@group-523986131536-LeaderElection14] INFO  server.RaftServer$Division (ServerState.java:setLeader(285)) - omNode-2@group-523986131536: change Leader from omNode-3 to null at term 5 for ELECTION
2021-10-05 01:18:25,320 [omNode-2@group-523986131536-LeaderElection14] INFO  impl.LeaderElection (LeaderElection.java:askForVotes(306)) - omNode-2@group-523986131536-LeaderElection14 ELECTION round 0: submit vote requests at term 6 for 22: [omNode-3|rpc:localhost:10892|admin:|client:|dataStream:|priority:0, omNode-1|rpc:localhost:10880|admin:|client:|dataStream:|priority:0, omNode-2|rpc:localhost:10886|admin:|client:|dataStream:|priority:0], old=null
2021-10-05 01:18:25,328 [grpc-default-executor-8] INFO  server.RaftServer$Division (RaftServerImpl.java:requestVote(1043)) - omNode-1@group-523986131536: receive requestVote(ELECTION, omNode-2, group-523986131536, 6, (t:5, i:25))
2021-10-05 01:18:25,329 [grpc-default-executor-8] INFO  impl.VoteContext (VoteContext.java:log(48)) - omNode-1@group-523986131536-FOLLOWER: accept ELECTION from omNode-2: our last entry (t:2, i:15) < candidate's last entry (t:5, i:25)
2021-10-05 01:18:25,329 [grpc-default-executor-8] INFO  server.RaftServer$Division (ServerState.java:setLeader(285)) - omNode-1@group-523986131536: change Leader from omNode-3 to null at term 6 for updateCurrentTerm
2021-10-05 01:18:25,329 [grpc-default-executor-8] INFO  server.RaftServer$Division (RaftServerImpl.java:setRole(285)) - omNode-1@group-523986131536: changes role from  FOLLOWER to FOLLOWER at term 6 for candidate:omNode-2
2021-10-05 01:18:25,329 [grpc-default-executor-8] INFO  impl.RoleInfo (RoleInfo.java:shutdownFollowerState(108)) - omNode-1: shutdown omNode-1@group-523986131536-FollowerState
2021-10-05 01:18:25,329 [grpc-default-executor-8] INFO  impl.RoleInfo (RoleInfo.java:updateAndGet(130)) - omNode-1: start omNode-1@group-523986131536-FollowerState
2021-10-05 01:18:25,329 [omNode-1@group-523986131536-FollowerState] INFO  impl.FollowerState (FollowerState.java:run(143)) - omNode-1@group-523986131536-FollowerState was interrupted: {}
java.lang.InterruptedException: sleep interrupted
	at java.lang.Thread.sleep(Native Method)
	at java.lang.Thread.sleep(Thread.java:340)
	at java.util.concurrent.TimeUnit.sleep(TimeUnit.java:386)
	at org.apache.ratis.util.TimeDuration.sleep(TimeDuration.java:324)
	at org.apache.ratis.util.TimeDuration.sleep(TimeDuration.java:309)
	at org.apache.ratis.server.impl.FollowerState.run(FollowerState.java:118)
2021-10-05 01:18:25,333 [grpc-default-executor-8] INFO  server.RaftServer$Division (RaftServerImpl.java:requestVote(1075)) - omNode-1@group-523986131536 replies to ELECTION vote request: omNode-2<-omNode-1#0:OK-t6. Peer's state: omNode-1@group-523986131536:t6, leader=null, voted=omNode-2, raftlog=omNode-1@group-523986131536-SegmentedRaftLog:OPENED:c15,f15,i0, conf=22: [omNode-3|rpc:localhost:10892|admin:|client:|dataStream:|priority:0, omNode-1|rpc:localhost:10880|admin:|client:|dataStream:|priority:0, omNode-2|rpc:localhost:10886|admin:|client:|dataStream:|priority:0], old=null
2021-10-05 01:18:25,334 [omNode-2@group-523986131536-LeaderElection14] INFO  impl.LeaderElection (LeaderElection.java:logAndReturn(89)) - omNode-2@group-523986131536-LeaderElection14: ELECTION PASSED received 1 response(s) and 0 exception(s):
2021-10-05 01:18:25,334 [omNode-2@group-523986131536-LeaderElection14] INFO  impl.LeaderElection (LeaderElection.java:logAndReturn(93)) -   Response 0: omNode-2<-omNode-1#0:OK-t6
2021-10-05 01:18:25,334 [omNode-2@group-523986131536-LeaderElection14] INFO  impl.LeaderElection (LeaderElection.java:askForVotes(308)) - omNode-2@group-523986131536-LeaderElection14 ELECTION round 0: result PASSED
2021-10-05 01:18:25,334 [omNode-2@group-523986131536-LeaderElection14] INFO  impl.RoleInfo (RoleInfo.java:shutdownLeaderElection(121)) - omNode-2: shutdown omNode-2@group-523986131536-LeaderElection14
2021-10-05 01:18:25,334 [omNode-2@group-523986131536-LeaderElection14] INFO  server.RaftServer$Division (RaftServerImpl.java:setRole(285)) - omNode-2@group-523986131536: changes role from CANDIDATE to LEADER at term 6 for changeToLeader
2021-10-05 01:18:25,335 [omNode-2@group-523986131536-LeaderElection14] INFO  server.RaftServer$Division (ServerState.java:setLeader(285)) - omNode-2@group-523986131536: change Leader from null to omNode-2 at term 6 for becomeLeader, leader elected after 16ms
2021-10-05 01:18:25,335 [omNode-2@group-523986131536-LeaderElection14] INFO  server.RaftServerConfigKeys (ConfUtils.java:logGet(44)) - raft.server.staging.catchup.gap = 1000 (default)
2021-10-05 01:18:25,335 [omNode-2@group-523986131536-LeaderElection14] INFO  server.RaftServerConfigKeys (ConfUtils.java:logGet(44)) - raft.server.write.element-limit = 4096 (default)
2021-10-05 01:18:25,335 [omNode-2@group-523986131536-LeaderElection14] INFO  server.RaftServerConfigKeys (ConfUtils.java:logGet(44)) - raft.server.write.byte-limit = 64MB (=67108864) (default)
2021-10-05 01:18:25,335 [omNode-2@group-523986131536-LeaderElection14] INFO  server.RaftServerConfigKeys (ConfUtils.java:logGet(44)) - raft.server.watch.timeout = 10s (default)
2021-10-05 01:18:25,335 [omNode-2@group-523986131536-LeaderElection14] INFO  server.RaftServerConfigKeys (ConfUtils.java:logGet(44)) - raft.server.watch.timeout.denomination = 1s (default)
2021-10-05 01:18:25,335 [omNode-2@group-523986131536-LeaderElection14] INFO  server.RaftServerConfigKeys (ConfUtils.java:logGet(44)) - raft.server.watch.element-limit = 65536 (default)
2021-10-05 01:18:25,336 [omNode-2@group-523986131536-LeaderElection14] INFO  server.RaftServerConfigKeys (ConfUtils.java:logGet(44)) - raft.server.log.appender.snapshot.chunk.size.max = 16MB (=16777216) (default)
2021-10-05 01:18:25,336 [omNode-2@group-523986131536-LeaderElection14] INFO  server.RaftServerConfigKeys (ConfUtils.java:logGet(44)) - raft.server.log.appender.buffer.byte-limit = 33554432 (custom)
2021-10-05 01:18:25,336 [omNode-2@group-523986131536-LeaderElection14] INFO  server.RaftServerConfigKeys (ConfUtils.java:logGet(44)) - raft.server.log.appender.buffer.element-limit = 1024 (custom)
2021-10-05 01:18:25,336 [omNode-2@group-523986131536-LeaderElection14] INFO  grpc.GrpcConfigKeys (ConfUtils.java:logGet(44)) - raft.grpc.server.leader.outstanding.appends.max = 128 (default)
2021-10-05 01:18:25,336 [omNode-2@group-523986131536-LeaderElection14] INFO  server.RaftServerConfigKeys (ConfUtils.java:logGet(44)) - raft.server.rpc.request.timeout = 3000ms (default)
2021-10-05 01:18:25,336 [omNode-2@group-523986131536-LeaderElection14] INFO  server.RaftServerConfigKeys (ConfUtils.java:logGet(44)) - raft.server.log.appender.install.snapshot.enabled = false (custom)
2021-10-05 01:18:25,337 [omNode-2@group-523986131536-LeaderElection14] INFO  server.RaftServerConfigKeys (ConfUtils.java:logGet(44)) - raft.server.log.appender.snapshot.chunk.size.max = 16MB (=16777216) (default)
2021-10-05 01:18:25,338 [omNode-2@group-523986131536-LeaderElection14] INFO  server.RaftServerConfigKeys (ConfUtils.java:logGet(44)) - raft.server.log.appender.buffer.byte-limit = 33554432 (custom)
2021-10-05 01:18:25,338 [omNode-2@group-523986131536-LeaderElection14] INFO  server.RaftServerConfigKeys (ConfUtils.java:logGet(44)) - raft.server.log.appender.buffer.element-limit = 1024 (custom)
2021-10-05 01:18:25,338 [omNode-2@group-523986131536-LeaderElection14] INFO  grpc.GrpcConfigKeys (ConfUtils.java:logGet(44)) - raft.grpc.server.leader.outstanding.appends.max = 128 (default)
2021-10-05 01:18:25,338 [omNode-2@group-523986131536-LeaderElection14] INFO  server.RaftServerConfigKeys (ConfUtils.java:logGet(44)) - raft.server.rpc.request.timeout = 3000ms (default)
2021-10-05 01:18:25,338 [omNode-2@group-523986131536-LeaderElection14] INFO  server.RaftServerConfigKeys (ConfUtils.java:logGet(44)) - raft.server.log.appender.install.snapshot.enabled = false (custom)
2021-10-05 01:18:25,339 [omNode-2@group-523986131536-LeaderElection14] INFO  impl.RoleInfo (RoleInfo.java:updateAndGet(130)) - omNode-2: start omNode-2@group-523986131536-LeaderStateImpl
2021-10-05 01:18:25,339 [omNode-2@group-523986131536-LeaderElection14] INFO  segmented.SegmentedRaftLogWorker (SegmentedRaftLogWorker.java:rollLogSegment(399)) - omNode-2@group-523986131536-SegmentedRaftLogWorker: Rolling segment log-22_25 to index:25
2021-10-05 01:18:25,340 [omNode-2@group-523986131536-SegmentedRaftLogWorker] INFO  segmented.SegmentedRaftLogWorker (SegmentedRaftLogWorker.java:execute(558)) - omNode-2@group-523986131536-SegmentedRaftLogWorker: Rolled log segment from /home/runner/work/ozone/ozone/hadoop-ozone/integration-test/target/test-dir/MiniOzoneClusterImpl-46302e84-7680-4986-b584-895fe31d4053/omNode-2/ratis/c9bc4cf4-3bc3-3c60-a66b-523986131536/current/log_inprogress_22 to /home/runner/work/ozone/ozone/hadoop-ozone/integration-test/target/test-dir/MiniOzoneClusterImpl-46302e84-7680-4986-b584-895fe31d4053/omNode-2/ratis/c9bc4cf4-3bc3-3c60-a66b-523986131536/current/log_22-25
2021-10-05 01:18:25,350 [grpc-default-executor-8] WARN  server.GrpcLogAppender (LogUtils.java:warn(122)) - omNode-2@group-523986131536->omNode-3-AppendLogResponseHandler: Failed appendEntries: org.apache.ratis.thirdparty.io.grpc.StatusRuntimeException: UNAVAILABLE: io exception
2021-10-05 01:18:25,351 [omNode-2@group-523986131536-LeaderElection14] INFO  server.RaftServer$Division (ServerState.java:setRaftConf(387)) - omNode-2@group-523986131536: set configuration 26: [omNode-3|rpc:localhost:10892|admin:|client:|dataStream:|priority:0, omNode-1|rpc:localhost:10880|admin:|client:|dataStream:|priority:0, omNode-2|rpc:localhost:10886|admin:|client:|dataStream:|priority:0], old=null
2021-10-05 01:18:25,359 [grpc-default-executor-8] WARN  server.GrpcLogAppender (GrpcLogAppender.java:resetClient(111)) - omNode-2@group-523986131536->omNode-3-GrpcLogAppender: Leader has not got in touch with Follower omNode-2@group-523986131536->omNode-3(c-1,m0,n27, attendVote=true, lastRpcSendTime=8, lastRpcResponseTime=1223) yet, just keep nextIndex unchanged and retry.
2021-10-05 01:18:25,361 [omNode-2@group-523986131536-SegmentedRaftLogWorker] INFO  segmented.SegmentedRaftLogWorker (SegmentedRaftLogWorker.java:execute(601)) - omNode-2@group-523986131536-SegmentedRaftLogWorker: created new log segment /home/runner/work/ozone/ozone/hadoop-ozone/integration-test/target/test-dir/MiniOzoneClusterImpl-46302e84-7680-4986-b584-895fe31d4053/omNode-2/ratis/c9bc4cf4-3bc3-3c60-a66b-523986131536/current/log_inprogress_26
2021-10-05 01:18:25,363 [grpc-default-executor-8] INFO  server.RaftServer$Division (ServerState.java:setLeader(285)) - omNode-1@group-523986131536: change Leader from null to omNode-2 at term 6 for appendEntries, leader elected after 34ms
2021-10-05 01:18:25,363 [grpc-default-executor-8] INFO  server.RaftServer$Division (RaftServerImpl.java:checkInconsistentAppendEntries(1319)) - omNode-1@group-523986131536: Failed appendEntries as previous log entry ((t:5, i:25)) is not found
2021-10-05 01:18:25,363 [grpc-default-executor-8] INFO  server.RaftServer$Division (RaftServerImpl.java:checkInconsistentAppendEntries(1285)) - omNode-1@group-523986131536: inconsistency entries. Reply:omNode-2<-omNode-1#0:FAIL-t6,INCONSISTENCY,nextIndex=16,followerCommit=15
2021-10-05 01:18:25,364 [grpc-default-executor-2] INFO  leader.FollowerInfo (FollowerInfoImpl.java:lambda$new$0(46)) - omNode-2@group-523986131536->omNode-1: nextIndex: updateUnconditionally 27 -> 16
2021-10-05 01:18:25,364 [grpc-default-executor-8] INFO  server.RaftServer$Division (RaftServerImpl.java:checkInconsistentAppendEntries(1319)) - omNode-1@group-523986131536: Failed appendEntries as previous log entry ((t:5, i:25)) is not found
2021-10-05 01:18:25,364 [grpc-default-executor-8] INFO  server.RaftServer$Division (RaftServerImpl.java:checkInconsistentAppendEntries(1285)) - omNode-1@group-523986131536: inconsistency entries. Reply:omNode-2<-omNode-1#1:FAIL-t6,INCONSISTENCY,nextIndex=16,followerCommit=15
2021-10-05 01:18:25,366 [omNode-2@group-523986131536->omNode-1-GrpcLogAppender-LogAppenderDaemon] ERROR leader.LogAppenderDaemon (LogAppenderDaemon.java:run(86)) - omNode-2@group-523986131536->omNode-1-GrpcLogAppender-LogAppenderDaemon failed
java.lang.NullPointerException: omNode-2@group-523986131536->omNode-1: Previous TermIndex not found for firstIndex = 16
	at java.util.Objects.requireNonNull(Objects.java:290)
	at org.apache.ratis.server.leader.LogAppenderBase.assertProtos(LogAppenderBase.java:169)
	at org.apache.ratis.server.leader.LogAppenderBase.newAppendEntriesRequest(LogAppenderBase.java:154)
	at org.apache.ratis.grpc.server.GrpcLogAppender.appendLog(GrpcLogAppender.java:211)
	at org.apache.ratis.grpc.server.GrpcLogAppender.run(GrpcLogAppender.java:145)
	at org.apache.ratis.server.leader.LogAppenderDaemon.run(LogAppenderDaemon.java:77)
	at java.lang.Thread.run(Thread.java:748)
2021-10-05 01:18:25,366 [grpc-default-executor-8] INFO  leader.FollowerInfo (FollowerInfoImpl.java:lambda$new$0(46)) - omNode-2@group-523986131536->omNode-1: nextIndex: updateUnconditionally 16 -> 16
2021-10-05 01:18:25,366 [omNode-2@group-523986131536->omNode-1-GrpcLogAppender-LogAppenderDaemon] INFO  server.RaftServer$Division (LeaderStateImpl.java:restart(501)) - omNode-2@group-523986131536-LeaderStateImpl: Restarting GrpcLogAppender for omNode-2@group-523986131536->omNode-1
2021-10-05 01:18:25,367 [omNode-2@group-523986131536->omNode-1-GrpcLogAppender-LogAppenderDaemon] INFO  server.RaftServerConfigKeys (ConfUtils.java:logGet(44)) - raft.server.log.appender.snapshot.chunk.size.max = 16MB (=16777216) (default)
2021-10-05 01:18:25,367 [omNode-2@group-523986131536->omNode-1-GrpcLogAppender-LogAppenderDaemon] INFO  server.RaftServerConfigKeys (ConfUtils.java:logGet(44)) - raft.server.log.appender.buffer.byte-limit = 33554432 (custom)
2021-10-05 01:18:25,367 [omNode-2@group-523986131536->omNode-1-GrpcLogAppender-LogAppenderDaemon] INFO  server.RaftServerConfigKeys (ConfUtils.java:logGet(44)) - raft.server.log.appender.buffer.element-limit = 1024 (custom)
2021-10-05 01:18:25,367 [omNode-2@group-523986131536->omNode-1-GrpcLogAppender-LogAppenderDaemon] INFO  grpc.GrpcConfigKeys (ConfUtils.java:logGet(44)) - raft.grpc.server.leader.outstanding.appends.max = 128 (default)
2021-10-05 01:18:25,367 [omNode-2@group-523986131536->omNode-1-GrpcLogAppender-LogAppenderDaemon] INFO  server.RaftServerConfigKeys (ConfUtils.java:logGet(44)) - raft.server.rpc.request.timeout = 3000ms (default)
2021-10-05 01:18:25,367 [omNode-2@group-523986131536->omNode-1-GrpcLogAppender-LogAppenderDaemon] INFO  server.RaftServerConfigKeys (ConfUtils.java:logGet(44)) - raft.server.log.appender.install.snapshot.enabled = false (custom)
2021-10-05 01:18:25,368 [omNode-2@group-523986131536->omNode-1-GrpcLogAppender-LogAppenderDaemon] INFO  server.GrpcLogAppender (GrpcLogAppender.java:installSnapshot(524)) - omNode-2@group-523986131536->omNode-1-GrpcLogAppender: followerNextIndex = 0 but logStartIndex = 16, notify follower to install snapshot-(t:3, i:16)
2021-10-05 01:18:25,368 [omNode-2@group-523986131536->omNode-1-GrpcLogAppender-LogAppenderDaemon] INFO  server.GrpcLogAppender (GrpcLogAppender.java:installSnapshot(532)) - omNode-2@group-523986131536->omNode-1-GrpcLogAppender: send omNode-2->omNode-1#0-t6,notify:(t:3, i:16)
2021-10-05 01:18:25,370 [grpc-default-executor-2] INFO  server.RaftServer$Division (RaftServerImpl.java:installSnapshot(1329)) - omNode-1@group-523986131536: receive installSnapshot: omNode-2->omNode-1#0-t6,notify:(t:3, i:16)
2021-10-05 01:18:25,370 [grpc-default-executor-2] INFO  server.RaftServer$Division (RaftServerImpl.java:notifyStateMachineToInstallSnapshot(1560)) - omNode-1@group-523986131536: StateMachine snapshotIndex is 15
2021-10-05 01:18:25,371 [grpc-default-executor-2] INFO  server.RaftServer$Division (RaftServerImpl.java:installSnapshotImpl(1459)) - omNode-1@group-523986131536: set new configuration index: 26
configurationEntry {
  peers {
    id: "omNode-3"
    address: "localhost:10892"
  }
  peers {
    id: "omNode-1"
    address: "localhost:10880"
  }
  peers {
    id: "omNode-2"
    address: "localhost:10886"
  }
}
 from snapshot
2021-10-05 01:18:25,371 [grpc-default-executor-2] INFO  server.RaftServer$Division (ServerState.java:setRaftConf(387)) - omNode-1@group-523986131536: set configuration 26: [omNode-3|rpc:localhost:10892|admin:|client:|dataStream:|priority:0, omNode-1|rpc:localhost:10880|admin:|client:|dataStream:|priority:0, omNode-2|rpc:localhost:10886|admin:|client:|dataStream:|priority:0], old=null
2021-10-05 01:18:25,371 [grpc-default-executor-2] INFO  ratis.OzoneManagerStateMachine (OzoneManagerStateMachine.java:notifyConfigurationChanged(188)) - Received Configuration change notification from Ratis. New Peer list:
[id: "omNode-3"
address: "localhost:10892"
, id: "omNode-1"
address: "localhost:10880"
, id: "omNode-2"
address: "localhost:10886"
]
2021-10-05 01:18:25,371 [grpc-default-executor-2] INFO  server.RaftServer$Division (RaftServerImpl.java:installSnapshot(1340)) - omNode-1@group-523986131536: reply installSnapshot: omNode-2<-omNode-1#0:FAIL-t6,ALREADY_INSTALLED,snapshotIndex=15
2021-10-05 01:18:25,371 [grpc-default-executor-2] INFO  server.GrpcServerProtocolService (GrpcServerProtocolService.java:onCompleted(140)) - omNode-1: Completed INSTALL_SNAPSHOT, lastRequest: omNode-2->omNode-1#0-t6,notify:(t:3, i:16)
2021-10-05 01:18:25,373 [grpc-default-executor-2] INFO  server.GrpcLogAppender (GrpcLogAppender.java:onNext(400)) - omNode-2@group-523986131536->omNode-1-InstallSnapshotResponseHandler: received the first reply omNode-2<-omNode-1#0:FAIL-t6,ALREADY_INSTALLED,snapshotIndex=15
2021-10-05 01:18:25,373 [grpc-default-executor-2] INFO  server.GrpcLogAppender (GrpcLogAppender.java:onNext(422)) - omNode-2@group-523986131536->omNode-1-InstallSnapshotResponseHandler: Already Installed Snapshot Index 15.
2021-10-05 01:18:25,373 [grpc-default-executor-2] INFO  leader.FollowerInfo (FollowerInfoImpl.java:lambda$new$0(46)) - omNode-2@group-523986131536->omNode-1: snapshotIndex: setUnconditionally 0 -> 15
2021-10-05 01:18:25,373 [grpc-default-executor-2] INFO  leader.FollowerInfo (FollowerInfoImpl.java:lambda$new$0(46)) - omNode-2@group-523986131536->omNode-1: matchIndex: setUnconditionally 0 -> 15
2021-10-05 01:18:25,373 [grpc-default-executor-2] INFO  leader.FollowerInfo (FollowerInfoImpl.java:lambda$new$0(46)) - omNode-2@group-523986131536->omNode-1: nextIndex: setUnconditionally 0 -> 16
2021-10-05 01:18:25,374 [grpc-default-executor-2] INFO  leader.FollowerInfo (FollowerInfoImpl.java:lambda$new$0(46)) - omNode-2@group-523986131536->omNode-1: nextIndex: updateToMax old=16, new=16, updated? false
2021-10-05 01:18:25,952 [grpc-default-executor-8] WARN  server.GrpcLogAppender (LogUtils.java:warn(122)) - omNode-2@group-523986131536->omNode-3-AppendLogResponseHandler: Failed appendEntries: org.apache.ratis.thirdparty.io.grpc.StatusRuntimeException: UNAVAILABLE: io exception
2021-10-05 01:18:25,953 [grpc-default-executor-8] WARN  server.GrpcLogAppender (GrpcLogAppender.java:resetClient(111)) - omNode-2@group-523986131536->omNode-3-GrpcLogAppender: Leader has not got in touch with Follower omNode-2@group-523986131536->omNode-3(c-1,m0,n27, attendVote=true, lastRpcSendTime=3, lastRpcResponseTime=1817) yet, just keep nextIndex unchanged and retry.
2021-10-05 01:18:25,957 [org.apache.ratis.util.JvmPauseMonitor$$Lambda$523/848064357@6d189834] WARN  util.JvmPauseMonitor (JvmPauseMonitor.java:detectPause(124)) - JvmPauseMonitor-6de22b22-6082-49e7-8661-d6f8f49a6695: Detected pause in JVM or host machine (eg GC): pause of approximately 161614316ns.
GC pool 'PS MarkSweep' had collection(s): count=1 time=234ms
GC pool 'PS Scavenge' had collection(s): count=1 time=89ms
2021-10-05 01:18:25,958 [org.apache.ratis.util.JvmPauseMonitor$$Lambda$523/848064357@15dfd8c7] WARN  util.JvmPauseMonitor (JvmPauseMonitor.java:detectPause(124)) - JvmPauseMonitor-e7c6af0d-870b-48f5-ab9c-b9888aa7159f: Detected pause in JVM or host machine (eg GC): pause of approximately 161789316ns.
GC pool 'PS MarkSweep' had collection(s): count=1 time=234ms
GC pool 'PS Scavenge' had collection(s): count=1 time=89ms
2021-10-05 01:18:25,958 [org.apache.ratis.util.JvmPauseMonitor$$Lambda$523/848064357@5b45cf22] WARN  util.JvmPauseMonitor (JvmPauseMonitor.java:detectPause(124)) - JvmPauseMonitor-omNode-3: Detected pause in JVM or host machine (eg GC): pause of approximately 214265688ns.
GC pool 'PS MarkSweep' had collection(s): count=1 time=234ms
GC pool 'PS Scavenge' had collection(s): count=1 time=89ms
2021-10-05 01:18:25,959 [grpc-default-executor-2] INFO  server.RaftServer$Division (RaftServerImpl.java:checkInconsistentAppendEntries(1319)) - omNode-1@group-523986131536: Failed appendEntries as previous log entry ((t:6, i:26)) is not found
2021-10-05 01:18:25,959 [grpc-default-executor-2] INFO  server.RaftServer$Division (RaftServerImpl.java:checkInconsistentAppendEntries(1285)) - omNode-1@group-523986131536: inconsistency entries. Reply:omNode-2<-omNode-1#27:FAIL-t6,INCONSISTENCY,nextIndex=16,followerCommit=15
2021-10-05 01:18:25,975 [grpc-default-executor-10] INFO  leader.FollowerInfo (FollowerInfoImpl.java:lambda$new$0(46)) - omNode-2@group-523986131536->omNode-1: nextIndex: updateUnconditionally 27 -> 16
2021-10-05 01:18:26,450 [grpc-default-executor-9] WARN  server.GrpcLogAppender (LogUtils.java:warn(122)) - omNode-2@group-523986131536->omNode-3-AppendLogResponseHandler: Failed appendEntries: org.apache.ratis.thirdparty.io.grpc.StatusRuntimeException: UNAVAILABLE: io exception
2021-10-05 01:18:26,451 [grpc-default-executor-9] WARN  server.GrpcLogAppender (GrpcLogAppender.java:resetClient(111)) - omNode-2@group-523986131536->omNode-3-GrpcLogAppender: Leader has not got in touch with Follower omNode-2@group-523986131536->omNode-3(c-1,m0,n27, attendVote=true, lastRpcSendTime=1, lastRpcResponseTime=2315) yet, just keep nextIndex unchanged and retry.
2021-10-05 01:18:26,498 [grpc-default-executor-9] INFO  server.RaftServer$Division (RaftServerImpl.java:checkInconsistentAppendEntries(1319)) - omNode-1@group-523986131536: Failed appendEntries as previous log entry ((t:6, i:26)) is not found
2021-10-05 01:18:26,499 [grpc-default-executor-9] INFO  server.RaftServer$Division (RaftServerImpl.java:checkInconsistentAppendEntries(1285)) - omNode-1@group-523986131536: inconsistency entries. Reply:omNode-2<-omNode-1#79:FAIL-t6,INCONSISTENCY,nextIndex=16,followerCommit=15
2021-10-05 01:18:26,499 [grpc-default-executor-9] INFO  leader.FollowerInfo (FollowerInfoImpl.java:lambda$new$0(46)) - omNode-2@group-523986131536->omNode-1: nextIndex: updateUnconditionally 27 -> 16
2021-10-05 01:18:26,950 [grpc-default-executor-9] WARN  server.GrpcLogAppender (LogUtils.java:warn(122)) - omNode-2@group-523986131536->omNode-3-AppendLogResponseHandler: Failed appendEntries: org.apache.ratis.thirdparty.io.grpc.StatusRuntimeException: UNAVAILABLE: io exception
2021-10-05 01:18:26,951 [grpc-default-executor-9] WARN  server.GrpcLogAppender (GrpcLogAppender.java:resetClient(111)) - omNode-2@group-523986131536->omNode-3-GrpcLogAppender: Leader has not got in touch with Follower omNode-2@group-523986131536->omNode-3(c-1,m0,n27, attendVote=true, lastRpcSendTime=0, lastRpcResponseTime=2815) yet, just keep nextIndex unchanged and retry.
2021-10-05 01:18:27,001 [grpc-default-executor-9] INFO  server.RaftServer$Division (RaftServerImpl.java:checkInconsistentAppendEntries(1319)) - omNode-1@group-523986131536: Failed appendEntries as previous log entry ((t:6, i:26)) is not found
2021-10-05 01:18:27,001 [grpc-default-executor-9] INFO  server.RaftServer$Division (RaftServerImpl.java:checkInconsistentAppendEntries(1285)) - omNode-1@group-523986131536: inconsistency entries. Reply:omNode-2<-omNode-1#130:FAIL-t6,INCONSISTENCY,nextIndex=16,followerCommit=15
2021-10-05 01:18:27,001 [grpc-default-executor-9] INFO  leader.FollowerInfo (FollowerInfoImpl.java:lambda$new$0(46)) - omNode-2@group-523986131536->omNode-1: nextIndex: updateUnconditionally 27 -> 16
2021-10-05 01:18:27,220 [Time-limited test] WARN  grpc.GrpcUtil (GrpcUtil.java:shutdownManagedChannel(216)) - Timed out gracefully shutting down connection: ManagedChannelOrphanWrapper{delegate=ManagedChannelImpl{logId=303, target=localhost:10880}}. 
2021-10-05 01:18:27,224 [grpc-default-executor-6] WARN  server.GrpcServerProtocolService (LogUtils.java:warn(122)) - omNode-1: installSnapshot onError, lastRequest: omNode-3->omNode-1#1-t5,previous=(t:4, i:21),leaderCommit=21,initializing? true,entries: size=1, first=(t:5, i:22), CONFIGURATIONENTRY: org.apache.ratis.thirdparty.io.grpc.StatusRuntimeException: CANCELLED: client cancelled
2021-10-05 01:18:27,225 [grpc-default-executor-9] INFO  server.GrpcLogAppender (GrpcLogAppender.java:onError(333)) - omNode-3@group-523986131536->omNode-1-GrpcLogAppender is stopped
2021-10-05 01:18:27,227 [Time-limited test] INFO  server.GrpcService (GrpcService.java:closeImpl(271)) - omNode-3: shutdown server with port 10892 successfully
2021-10-05 01:18:27,227 [org.apache.ratis.util.JvmPauseMonitor$$Lambda$523/848064357@5b45cf22] INFO  util.JvmPauseMonitor (JvmPauseMonitor.java:run(109)) - JvmPauseMonitor-omNode-3: Stopped
2021-10-05 01:18:27,227 [Time-limited test] INFO  ratis.OzoneManagerDoubleBuffer (OzoneManagerDoubleBuffer.java:stop(437)) - Stopping OMDoubleBuffer flush thread
2021-10-05 01:18:27,227 [OMDoubleBufferFlushThread] INFO  ratis.OzoneManagerDoubleBuffer (OzoneManagerDoubleBuffer.java:flushTransactions(356)) - OMDoubleBuffer flush thread OMDoubleBufferFlushThread is interrupted and will exit. OMDoubleBufferFlushThread
2021-10-05 01:18:27,229 [Time-limited test] INFO  handler.ContextHandler (ContextHandler.java:doStop(1153)) - Stopped o.e.j.w.WebAppContext@c131aef{ozoneManager,/,null,STOPPED}{file:/home/runner/work/ozone/ozone/hadoop-ozone/integration-test/target/test-classes/webapps/ozoneManager}
2021-10-05 01:18:27,230 [Time-limited test] INFO  server.AbstractConnector (AbstractConnector.java:doStop(381)) - Stopped ServerConnector@5b984b7f{HTTP/1.1, (http/1.1)}{0.0.0.0:10890}
2021-10-05 01:18:27,231 [Time-limited test] INFO  server.session (HouseKeeper.java:stopScavenging(149)) - node0 Stopped scavenging
2021-10-05 01:18:27,231 [Time-limited test] INFO  handler.ContextHandler (ContextHandler.java:doStop(1153)) - Stopped o.e.j.s.ServletContextHandler@3ea44c08{static,/static,file:///home/runner/work/ozone/ozone/hadoop-ozone/integration-test/target/test-classes/webapps/static,STOPPED}
2021-10-05 01:18:27,231 [Time-limited test] INFO  handler.ContextHandler (ContextHandler.java:doStop(1153)) - Stopped o.e.j.s.ServletContextHandler@46c1349{logs,/logs,file:///home/runner/work/ozone/ozone/hadoop-ozone/integration-test/target/log,STOPPED}
2021-10-05 01:18:27,233 [Time-limited test] INFO  om.OzoneManager (OzoneManager.java:initFSOLayout(4333)) - Configured ozone.om.metadata.layout=SIMPLE and disabled optimized OM FS operations
2021-10-05 01:18:27,233 [Time-limited test] INFO  om.OzoneManager (OzoneManager.java:restart(1365)) - OzoneManager RPC server is listening at localhost/127.0.0.1:10888
2021-10-05 01:18:27,234 [Time-limited test] INFO  impl.MetricsSystemImpl (MetricsSystemImpl.java:init(158)) - OzoneManager metrics system started (again)
2021-10-05 01:18:27,267 [Time-limited test] WARN  server.ServerUtils (ServerUtils.java:getDBPath(225)) - ozone.om.db.dirs is not configured. We recommend adding this setting. Falling back to ozone.metadata.dirs instead.
2021-10-05 01:18:27,269 [Time-limited test] INFO  codec.OmKeyInfoCodec (OmKeyInfoCodec.java:<init>(51)) - OmKeyInfoCodec ignorePipeline = true
2021-10-05 01:18:27,269 [Time-limited test] INFO  codec.RepeatedOmKeyInfoCodec (RepeatedOmKeyInfoCodec.java:<init>(42)) - RepeatedOmKeyInfoCodec ignorePipeline = true
2021-10-05 01:18:27,349 [Time-limited test] WARN  impl.MetricRegistriesImpl (MetricRegistriesImpl.java:addReporterRegistration(111)) - New reporters are added after registries were created. Some metrics will be missing from the reporter. Please add reporter before adding any new registry.
2021-10-05 01:18:27,349 [Time-limited test] WARN  impl.MetricRegistriesImpl (MetricRegistriesImpl.java:addReporterRegistration(111)) - New reporters are added after registries were created. Some metrics will be missing from the reporter. Please add reporter before adding any new registry.
2021-10-05 01:18:27,349 [Time-limited test] WARN  server.ServerUtils (ServerUtils.java:getDefaultRatisDirectory(237)) - Storage directory for Ratis is not configured. It is a good idea to map this to an SSD disk. Falling back to ozone.metadata.dirs
2021-10-05 01:18:27,350 [Time-limited test] INFO  ratis.OzoneManagerRatisServer (OzoneManagerRatisServer.java:<init>(158)) - Instantiating OM Ratis server with groupID: om-service-test1 and peers: localhost:10892, localhost:10880, localhost:10886
2021-10-05 01:18:27,351 [Time-limited test] INFO  ratis.OzoneManagerStateMachine (OzoneManagerStateMachine.java:loadSnapshotInfoFromDB(605)) - LastAppliedIndex is set from TransactionInfo from OM DB as (t:5, i:25)
2021-10-05 01:18:27,354 [Time-limited test] INFO  server.RaftServer (ConfUtils.java:logGet(44)) - raft.rpc.type = GRPC (default)
2021-10-05 01:18:27,354 [Time-limited test] INFO  grpc.GrpcFactory (GrpcFactory.java:checkPooledByteBufAllocatorUseCacheForAllThreads(48)) - PERFORMANCE WARNING: useCacheForAllThreads is true that may cause Netty to create a lot garbage objects and, as a result, trigger GC.
	It is recommended to disable useCacheForAllThreads by setting -Dorg.apache.ratis.thirdparty.io.netty.allocator.useCacheForAllThreads=false in command line.
2021-10-05 01:18:27,354 [Time-limited test] INFO  grpc.GrpcConfigKeys (ConfUtils.java:logGet(44)) - raft.grpc.admin.port = -1 (default)
2021-10-05 01:18:27,354 [Time-limited test] INFO  grpc.GrpcConfigKeys (ConfUtils.java:logGet(44)) - raft.grpc.server.port = 10892 (custom)
2021-10-05 01:18:27,354 [Time-limited test] INFO  grpc.GrpcConfigKeys (ConfUtils.java:logGet(44)) - raft.grpc.client.port = -1 (default)
2021-10-05 01:18:27,354 [Time-limited test] INFO  grpc.GrpcConfigKeys (ConfUtils.java:logGet(44)) - raft.grpc.server.port = 10892 (custom)
2021-10-05 01:18:27,355 [Time-limited test] INFO  grpc.GrpcConfigKeys (ConfUtils.java:logGet(44)) - raft.grpc.server.port = 10892 (custom)
2021-10-05 01:18:27,355 [Time-limited test] INFO  server.GrpcService (ConfUtils.java:logGet(44)) - raft.grpc.message.size.max = 33554432 (custom)
2021-10-05 01:18:27,355 [Time-limited test] INFO  server.RaftServerConfigKeys (ConfUtils.java:logGet(44)) - raft.server.log.appender.buffer.byte-limit = 33554432 (custom)
2021-10-05 01:18:27,355 [Time-limited test] INFO  server.GrpcService (ConfUtils.java:logGet(44)) - raft.grpc.flow.control.window = 1MB (=1048576) (default)
2021-10-05 01:18:27,355 [Time-limited test] INFO  server.RaftServerConfigKeys (ConfUtils.java:logGet(44)) - raft.server.rpc.request.timeout = 3000ms (default)
2021-10-05 01:18:27,356 [Time-limited test] INFO  impl.DataStreamServerImpl (ConfUtils.java:logGet(44)) - raft.datastream.type = DISABLED (default)
2021-10-05 01:18:27,356 [Time-limited test] INFO  server.RaftServerConfigKeys (ConfUtils.java:logGet(44)) - raft.server.rpc.slowness.timeout = 2s (custom)
2021-10-05 01:18:27,357 [Time-limited test] INFO  server.RaftServerConfigKeys (ConfUtils.java:logGet(44)) - raft.server.leaderelection.leader.step-down.wait-time = 10s (default)
2021-10-05 01:18:27,357 [Time-limited test] INFO  server.RaftServerConfigKeys (ConfUtils.java:logGet(44)) - raft.server.storage.dir = [/home/runner/work/ozone/ozone/hadoop-ozone/integration-test/target/test-dir/MiniOzoneClusterImpl-46302e84-7680-4986-b584-895fe31d4053/omNode-3/ratis] (custom)
2021-10-05 01:18:27,357 [Time-limited test] INFO  server.RaftServer (RaftServerProxy.java:lambda$null$1(235)) - omNode-3: found a subdirectory /home/runner/work/ozone/ozone/hadoop-ozone/integration-test/target/test-dir/MiniOzoneClusterImpl-46302e84-7680-4986-b584-895fe31d4053/omNode-3/ratis/c9bc4cf4-3bc3-3c60-a66b-523986131536
2021-10-05 01:18:27,358 [Time-limited test] INFO  server.RaftServer (RaftServerProxy.java:addNew(95)) - omNode-3: addNew group-523986131536:[omNode-3|rpc:localhost:10892|priority:0, omNode-1|rpc:localhost:10880|priority:0, omNode-2|rpc:localhost:10886|priority:0] returns group-523986131536:java.util.concurrent.CompletableFuture@270b52b7[Not completed]
2021-10-05 01:18:27,358 [Time-limited test] INFO  om.OzoneManager (OzoneManager.java:initializeRatisServer(1585)) - OzoneManager Ratis server initialized at port 10892
2021-10-05 01:18:27,358 [Time-limited test] INFO  ratis.OzoneManagerRatisServer (OzoneManagerRatisServer.java:start(516)) - Starting OzoneManagerRatisServer omNode-3 at port 10892
2021-10-05 01:18:27,358 [pool-291-thread-1] INFO  server.RaftServer$Division (RaftServerImpl.java:<init>(181)) - omNode-3: new RaftServerImpl for group-523986131536:[omNode-3|rpc:localhost:10892|priority:0, omNode-1|rpc:localhost:10880|priority:0, omNode-2|rpc:localhost:10886|priority:0] with OzoneManagerStateMachine:uninitialized
2021-10-05 01:18:27,360 [pool-291-thread-1] INFO  server.RaftServerConfigKeys (ConfUtils.java:logGet(44)) - raft.server.rpc.timeout.min = 1s (custom)
2021-10-05 01:18:27,360 [pool-291-thread-1] INFO  server.RaftServerConfigKeys (ConfUtils.java:logGet(44)) - raft.server.rpc.timeout.max = 1200ms (custom)
2021-10-05 01:18:27,360 [pool-291-thread-1] INFO  server.RaftServerConfigKeys (ConfUtils.java:logGet(44)) - raft.server.rpc.sleep.time = 25ms (default)
2021-10-05 01:18:27,360 [pool-291-thread-1] INFO  server.RaftServerConfigKeys (ConfUtils.java:logGet(44)) - raft.server.rpc.slowness.timeout = 2s (custom)
2021-10-05 01:18:27,360 [pool-291-thread-1] INFO  server.RaftServerConfigKeys (ConfUtils.java:logGet(44)) - raft.server.leaderelection.leader.step-down.wait-time = 10s (default)
2021-10-05 01:18:27,360 [pool-291-thread-1] INFO  server.RaftServerConfigKeys (ConfUtils.java:logGet(44)) - raft.server.sleep.deviation.threshold = 300ms (default)
2021-10-05 01:18:27,360 [pool-291-thread-1] INFO  server.RaftServerConfigKeys (ConfUtils.java:logGet(44)) - raft.server.log.appender.install.snapshot.enabled = false (custom)
2021-10-05 01:18:27,360 [pool-291-thread-1] INFO  server.RaftServer$Division (ServerState.java:<init>(105)) - omNode-3@group-523986131536: ConfigurationManager, init=-1: [omNode-3|rpc:localhost:10892|priority:0, omNode-1|rpc:localhost:10880|priority:0, omNode-2|rpc:localhost:10886|priority:0], old=null, confs=<EMPTY_MAP>
2021-10-05 01:18:27,360 [pool-291-thread-1] INFO  server.RaftServerConfigKeys (ConfUtils.java:logGet(44)) - raft.server.storage.dir = [/home/runner/work/ozone/ozone/hadoop-ozone/integration-test/target/test-dir/MiniOzoneClusterImpl-46302e84-7680-4986-b584-895fe31d4053/omNode-3/ratis] (custom)
2021-10-05 01:18:27,361 [pool-291-thread-1] INFO  server.RaftServerConfigKeys (ConfUtils.java:logGet(44)) - raft.server.log.corruption.policy = EXCEPTION (default)
2021-10-05 01:18:27,361 [pool-291-thread-1] INFO  server.RaftServerConfigKeys (ConfUtils.java:logGet(44)) - raft.server.storage.free-space.min = 0MB (=0) (default)
2021-10-05 01:18:27,362 [pool-291-thread-1] INFO  storage.RaftStorageDirectory (RaftStorageDirectoryImpl.java:tryLock(230)) - Lock on /home/runner/work/ozone/ozone/hadoop-ozone/integration-test/target/test-dir/MiniOzoneClusterImpl-46302e84-7680-4986-b584-895fe31d4053/omNode-3/ratis/c9bc4cf4-3bc3-3c60-a66b-523986131536/in_use.lock acquired by nodename 8677@fv-az50-768
2021-10-05 01:18:27,362 [pool-291-thread-1] INFO  storage.RaftStorage (RaftStorageImpl.java:analyzeAndRecoverStorage(110)) - Read RaftStorageMetadata{term=5, votedFor=omNode-3} from /home/runner/work/ozone/ozone/hadoop-ozone/integration-test/target/test-dir/MiniOzoneClusterImpl-46302e84-7680-4986-b584-895fe31d4053/omNode-3/ratis/c9bc4cf4-3bc3-3c60-a66b-523986131536/current/raft-meta
2021-10-05 01:18:27,363 [pool-291-thread-1] INFO  server.RaftServer$Division (ServerState.java:setRaftConf(387)) - omNode-3@group-523986131536: set configuration 22: [omNode-3|rpc:localhost:10892|admin:|client:|dataStream:|priority:0, omNode-1|rpc:localhost:10880|admin:|client:|dataStream:|priority:0, omNode-2|rpc:localhost:10886|admin:|client:|dataStream:|priority:0], old=null
2021-10-05 01:18:27,363 [pool-291-thread-1] INFO  server.RaftServerConfigKeys (ConfUtils.java:logGet(44)) - raft.server.notification.no-leader.timeout = 2s (custom)
2021-10-05 01:18:27,363 [pool-291-thread-1] INFO  server.RaftServerConfigKeys (ConfUtils.java:logGet(44)) - raft.server.log.use.memory = false (default)
2021-10-05 01:18:27,363 [pool-291-thread-1] INFO  server.RaftServerConfigKeys (ConfUtils.java:logGet(44)) - raft.server.log.purge.gap = 50 (custom)
2021-10-05 01:18:27,363 [pool-291-thread-1] INFO  server.RaftServerConfigKeys (ConfUtils.java:logGet(44)) - raft.server.log.appender.buffer.byte-limit = 33554432 (custom)
2021-10-05 01:18:27,363 [pool-291-thread-1] INFO  server.RaftServerConfigKeys (ConfUtils.java:logGet(44)) - raft.server.log.segment.size.max = 4194304 (custom)
2021-10-05 01:18:27,371 [pool-291-thread-1] INFO  server.RaftServerConfigKeys (ConfUtils.java:logGet(44)) - raft.server.log.segment.cache.num.max = 2 (custom)
2021-10-05 01:18:27,371 [pool-291-thread-1] INFO  server.RaftServerConfigKeys (ConfUtils.java:logGet(44)) - raft.server.log.segment.cache.size.max = 200MB (=209715200) (default)
2021-10-05 01:18:27,372 [pool-291-thread-1] INFO  segmented.SegmentedRaftLogWorker (SegmentedRaftLogWorker.java:<init>(182)) - new omNode-3@group-523986131536-SegmentedRaftLogWorker for RaftStorageImpl:Storage Directory /home/runner/work/ozone/ozone/hadoop-ozone/integration-test/target/test-dir/MiniOzoneClusterImpl-46302e84-7680-4986-b584-895fe31d4053/omNode-3/ratis/c9bc4cf4-3bc3-3c60-a66b-523986131536
2021-10-05 01:18:27,372 [pool-291-thread-1] INFO  server.RaftServerConfigKeys (ConfUtils.java:logGet(44)) - raft.server.log.queue.byte-limit = 64MB (=67108864) (default)
2021-10-05 01:18:27,372 [pool-291-thread-1] INFO  server.RaftServerConfigKeys (ConfUtils.java:logGet(44)) - raft.server.log.queue.element-limit = 4096 (default)
2021-10-05 01:18:27,372 [pool-291-thread-1] INFO  server.RaftServerConfigKeys (ConfUtils.java:logGet(44)) - raft.server.log.segment.size.max = 4194304 (custom)
2021-10-05 01:18:27,372 [pool-291-thread-1] INFO  server.RaftServerConfigKeys (ConfUtils.java:logGet(44)) - raft.server.log.preallocated.size = 4194304 (custom)
2021-10-05 01:18:27,372 [pool-291-thread-1] INFO  server.RaftServerConfigKeys (ConfUtils.java:logGet(44)) - raft.server.log.force.sync.num = 128 (default)
2021-10-05 01:18:27,374 [pool-291-thread-1] INFO  server.RaftServerConfigKeys (ConfUtils.java:logGet(44)) - raft.server.log.statemachine.data.sync = true (default)
2021-10-05 01:18:27,374 [pool-291-thread-1] INFO  server.RaftServerConfigKeys (ConfUtils.java:logGet(44)) - raft.server.log.statemachine.data.sync.timeout = 10s (default)
2021-10-05 01:18:27,374 [pool-291-thread-1] INFO  server.RaftServerConfigKeys (ConfUtils.java:logGet(44)) - raft.server.log.statemachine.data.sync.timeout.retry = -1 (default)
2021-10-05 01:18:27,375 [pool-291-thread-1] INFO  server.RaftServerConfigKeys (ConfUtils.java:logGet(44)) - raft.server.log.write.buffer.size = 64KB (=65536) (default)
2021-10-05 01:18:27,377 [pool-291-thread-1] INFO  server.RaftServerConfigKeys (ConfUtils.java:logGet(44)) - raft.server.log.statemachine.data.caching.enabled = false (default)
2021-10-05 01:18:27,378 [pool-291-thread-1] INFO  server.RaftServer$Division (ServerState.java:setRaftConf(387)) - omNode-3@group-523986131536: set configuration 16: [omNode-3|rpc:localhost:10892|admin:|client:|dataStream:|priority:0, omNode-1|rpc:localhost:10880|admin:|client:|dataStream:|priority:0, omNode-2|rpc:localhost:10886|admin:|client:|dataStream:|priority:0], old=null
2021-10-05 01:18:27,378 [pool-291-thread-1] INFO  segmented.LogSegment (LogSegment.java:loadSegment(173)) - Successfully read 2 entries from segment file /home/runner/work/ozone/ozone/hadoop-ozone/integration-test/target/test-dir/MiniOzoneClusterImpl-46302e84-7680-4986-b584-895fe31d4053/omNode-3/ratis/c9bc4cf4-3bc3-3c60-a66b-523986131536/current/log_16-17
2021-10-05 01:18:27,378 [pool-291-thread-1] INFO  server.RaftServer$Division (ServerState.java:setRaftConf(387)) - omNode-3@group-523986131536: set configuration 18: [omNode-3|rpc:localhost:10892|admin:|client:|dataStream:|priority:0, omNode-1|rpc:localhost:10880|admin:|client:|dataStream:|priority:0, omNode-2|rpc:localhost:10886|admin:|client:|dataStream:|priority:0], old=null
2021-10-05 01:18:27,378 [pool-291-thread-1] INFO  segmented.LogSegment (LogSegment.java:loadSegment(173)) - Successfully read 4 entries from segment file /home/runner/work/ozone/ozone/hadoop-ozone/integration-test/target/test-dir/MiniOzoneClusterImpl-46302e84-7680-4986-b584-895fe31d4053/omNode-3/ratis/c9bc4cf4-3bc3-3c60-a66b-523986131536/current/log_18-21
2021-10-05 01:18:27,379 [pool-291-thread-1] INFO  server.RaftServer$Division (ServerState.java:setRaftConf(387)) - omNode-3@group-523986131536: set configuration 22: [omNode-3|rpc:localhost:10892|admin:|client:|dataStream:|priority:0, omNode-1|rpc:localhost:10880|admin:|client:|dataStream:|priority:0, omNode-2|rpc:localhost:10886|admin:|client:|dataStream:|priority:0], old=null
2021-10-05 01:18:27,379 [pool-291-thread-1] INFO  segmented.LogSegment (LogSegment.java:loadSegment(173)) - Successfully read 4 entries from segment file /home/runner/work/ozone/ozone/hadoop-ozone/integration-test/target/test-dir/MiniOzoneClusterImpl-46302e84-7680-4986-b584-895fe31d4053/omNode-3/ratis/c9bc4cf4-3bc3-3c60-a66b-523986131536/current/log_inprogress_22
2021-10-05 01:18:27,379 [pool-291-thread-1] INFO  segmented.SegmentedRaftLogWorker (SegmentedRaftLogWorker.java:lambda$new$0(133)) - omNode-3@group-523986131536-SegmentedRaftLogWorker: flushIndex: setUnconditionally 0 -> 25
2021-10-05 01:18:27,379 [pool-291-thread-1] INFO  segmented.SegmentedRaftLogWorker (SegmentedRaftLogWorker.java:lambda$new$0(133)) - omNode-3@group-523986131536-SegmentedRaftLogWorker: safeCacheEvictIndex: setUnconditionally 0 -> 21
2021-10-05 01:18:27,385 [pool-291-thread-1] INFO  raftlog.RaftLog (RaftLogBase.java:lambda$new$0(53)) - omNode-3@group-523986131536-SegmentedRaftLog: commitIndex: updateToMax old=25, new=24, updated? false
2021-10-05 01:18:27,385 [pool-291-thread-1] INFO  raftlog.RaftLog (RaftLogBase.java:lambda$new$0(53)) - omNode-3@group-523986131536-SegmentedRaftLog: purgeIndex: updateIncreasingly -1 -> 15
2021-10-05 01:18:27,385 [pool-291-thread-1] INFO  server.RaftServerConfigKeys (ConfUtils.java:logGet(44)) - raft.server.snapshot.auto.trigger.enabled = true (custom)
2021-10-05 01:18:27,385 [pool-291-thread-1] INFO  server.RaftServerConfigKeys (ConfUtils.java:logGet(44)) - raft.server.snapshot.auto.trigger.threshold = 50 (custom)
2021-10-05 01:18:27,385 [pool-291-thread-1] INFO  server.RaftServerConfigKeys (ConfUtils.java:logGet(44)) - raft.server.snapshot.retention.file.num = -1 (default)
2021-10-05 01:18:27,385 [pool-291-thread-1] INFO  server.RaftServerConfigKeys (ConfUtils.java:logGet(44)) - raft.server.log.purge.upto.snapshot.index = true (custom)
2021-10-05 01:18:27,385 [pool-291-thread-1] INFO  server.RaftServerConfigKeys (ConfUtils.java:logGet(44)) - raft.server.retrycache.expirytime = 30000ms (custom)
2021-10-05 01:18:27,385 [pool-291-thread-1] INFO  server.RaftServerConfigKeys (ConfUtils.java:logGet(44)) - raft.server.retrycache.statistics.expirytime = 100μs (default)
2021-10-05 01:18:27,391 [Time-limited test] INFO  server.RaftServer$Division (RaftServerImpl.java:start(296)) - omNode-3@group-523986131536: start as a follower, conf=22: [omNode-3|rpc:localhost:10892|admin:|client:|dataStream:|priority:0, omNode-1|rpc:localhost:10880|admin:|client:|dataStream:|priority:0, omNode-2|rpc:localhost:10886|admin:|client:|dataStream:|priority:0], old=null
2021-10-05 01:18:27,391 [Time-limited test] INFO  server.RaftServer$Division (RaftServerImpl.java:setRole(285)) - omNode-3@group-523986131536: changes role from      null to FOLLOWER at term 5 for startAsFollower
2021-10-05 01:18:27,391 [Time-limited test] INFO  impl.RoleInfo (RoleInfo.java:updateAndGet(130)) - omNode-3: start omNode-3@group-523986131536-FollowerState
2021-10-05 01:18:27,397 [Time-limited test] INFO  util.JmxRegister (JmxRegister.java:tryRegister(44)) - Successfully registered JMX Bean with object name Ratis:service=RaftServer,group=group-523986131536,id=omNode-3
2021-10-05 01:18:27,401 [Time-limited test] INFO  server.RaftServer (RaftServerProxy.java:lambda$start$5(374)) - omNode-3: start RPC server
2021-10-05 01:18:27,401 [Time-limited test] INFO  server.GrpcService (GrpcService.java:startImpl(253)) - omNode-3: GrpcService started, listening on 10892
2021-10-05 01:18:27,405 [Time-limited test] INFO  ipc.CallQueueManager (CallQueueManager.java:<init>(90)) - Using callQueue: class java.util.concurrent.LinkedBlockingQueue, queueCapacity: 2000, scheduler: class org.apache.hadoop.ipc.DefaultRpcScheduler, ipcBackoff: false.
2021-10-05 01:18:27,405 [org.apache.ratis.util.JvmPauseMonitor$$Lambda$523/848064357@27cefe31] INFO  util.JvmPauseMonitor (JvmPauseMonitor.java:run(103)) - JvmPauseMonitor-omNode-3: Started
2021-10-05 01:18:27,406 [Socket Reader #1 for port 10888] INFO  ipc.Server (Server.java:run(1265)) - Starting Socket Reader #1 for port 10888
2021-10-05 01:18:27,410 [Listener at localhost/10888] INFO  http.BaseHttpServer (BaseHttpServer.java:newHttpServer2BuilderForOzone(209)) - Starting Web-server for ozoneManager at: http://0.0.0.0:10890
2021-10-05 01:18:27,410 [Listener at localhost/10888] INFO  http.BaseHttpServer (BaseHttpServer.java:<init>(107)) - Hadoop Security Enabled: false Ozone Security Enabled: false Ozone HTTP Security Enabled: false 
2021-10-05 01:18:27,411 [Listener at localhost/10888] INFO  server.AuthenticationFilter (AuthenticationFilter.java:constructSecretProvider(240)) - Unable to initialize FileSignerSecretProvider, falling back to use random secrets.
2021-10-05 01:18:27,416 [Listener at localhost/10888] WARN  http.HttpRequestLog (HttpRequestLog.java:getRequestLog(103)) - Jetty request log can only be enabled using Log4j
2021-10-05 01:18:27,417 [Listener at localhost/10888] INFO  http.HttpServer2 (HttpServer2.java:addGlobalFilter(1030)) - Added global filter 'safety' (class=org.apache.hadoop.hdds.server.http.HttpServer2$QuotingInputFilter)
2021-10-05 01:18:27,417 [Listener at localhost/10888] INFO  http.HttpServer2 (HttpServer2.java:addFilter(1006)) - Added filter static_user_filter (class=org.apache.hadoop.http.lib.StaticUserWebFilter$StaticUserFilter) to context ozoneManager
2021-10-05 01:18:27,417 [Listener at localhost/10888] INFO  http.HttpServer2 (HttpServer2.java:addFilter(1014)) - Added filter static_user_filter (class=org.apache.hadoop.http.lib.StaticUserWebFilter$StaticUserFilter) to context logs
2021-10-05 01:18:27,417 [Listener at localhost/10888] INFO  http.HttpServer2 (HttpServer2.java:addFilter(1014)) - Added filter static_user_filter (class=org.apache.hadoop.http.lib.StaticUserWebFilter$StaticUserFilter) to context static
2021-10-05 01:18:27,418 [Listener at localhost/10888] INFO  http.HttpServer2 (HttpServer2.java:bindListener(1249)) - Jetty bound to port 10890
2021-10-05 01:18:27,418 [Listener at localhost/10888] INFO  server.Server (Server.java:doStart(375)) - jetty-9.4.43.v20210629; built: 2021-06-30T11:07:22.254Z; git: 526006ecfa3af7f1a27ef3a288e2bef7ea9dd7e8; jvm 1.8.0_292-b10
2021-10-05 01:18:27,425 [Listener at localhost/10888] INFO  server.session (DefaultSessionIdManager.java:doStart(334)) - DefaultSessionIdManager workerName=node0
2021-10-05 01:18:27,425 [Listener at localhost/10888] INFO  server.session (DefaultSessionIdManager.java:doStart(339)) - No SessionScavenger set, using defaults
2021-10-05 01:18:27,425 [Listener at localhost/10888] INFO  server.session (HouseKeeper.java:startScavenging(132)) - node0 Scavenging every 600000ms
2021-10-05 01:18:27,427 [Listener at localhost/10888] INFO  handler.ContextHandler (ContextHandler.java:doStart(915)) - Started o.e.j.s.ServletContextHandler@43cafc70{logs,/logs,file:///home/runner/work/ozone/ozone/hadoop-ozone/integration-test/target/log,AVAILABLE}
2021-10-05 01:18:27,427 [Listener at localhost/10888] INFO  handler.ContextHandler (ContextHandler.java:doStart(915)) - Started o.e.j.s.ServletContextHandler@69af6551{static,/static,file:///home/runner/work/ozone/ozone/hadoop-ozone/integration-test/target/test-classes/webapps/static,AVAILABLE}
2021-10-05 01:18:27,430 [Listener at localhost/10888] INFO  handler.ContextHandler (ContextHandler.java:doStart(915)) - Started o.e.j.w.WebAppContext@573e4b97{ozoneManager,/,file:///home/runner/work/ozone/ozone/hadoop-ozone/integration-test/target/test-classes/webapps/ozoneManager/,AVAILABLE}{file:/home/runner/work/ozone/ozone/hadoop-ozone/integration-test/target/test-classes/webapps/ozoneManager}
2021-10-05 01:18:27,435 [Listener at localhost/10888] INFO  server.AbstractConnector (AbstractConnector.java:doStart(331)) - Started ServerConnector@3ee19883{HTTP/1.1, (http/1.1)}{0.0.0.0:10890}
2021-10-05 01:18:27,435 [Listener at localhost/10888] INFO  server.Server (Server.java:doStart(415)) - Started @280813ms
2021-10-05 01:18:27,435 [Listener at localhost/10888] WARN  impl.MetricsSystemImpl (MetricsSystemImpl.java:register(279)) - Sink prometheus already exists!
2021-10-05 01:18:27,436 [Listener at localhost/10888] INFO  http.BaseHttpServer (BaseHttpServer.java:updateConnectorAddress(329)) - HTTP server of ozoneManager listening at http://0.0.0.0:10890
2021-10-05 01:18:27,436 [IPC Server Responder] INFO  ipc.Server (Server.java:run(1507)) - IPC Server Responder: starting
2021-10-05 01:18:27,436 [IPC Server listener on 10888] INFO  ipc.Server (Server.java:run(1344)) - IPC Server listener on 10888: starting
2021-10-05 01:18:27,439 [Listener at localhost/10888] INFO  om.OzoneManager (OzoneManager.java:startTrashEmptier(1543)) - Trash Interval set to 0. Files deleted will not move to trash
2021-10-05 01:18:27,451 [grpc-default-executor-9] WARN  server.GrpcLogAppender (LogUtils.java:warn(122)) - omNode-2@group-523986131536->omNode-3-AppendLogResponseHandler: Failed appendEntries: org.apache.ratis.thirdparty.io.grpc.StatusRuntimeException: UNAVAILABLE: io exception
2021-10-05 01:18:27,451 [grpc-default-executor-9] WARN  server.GrpcLogAppender (GrpcLogAppender.java:resetClient(111)) - omNode-2@group-523986131536->omNode-3-GrpcLogAppender: Leader has not got in touch with Follower omNode-2@group-523986131536->omNode-3(c-1,m0,n27, attendVote=true, lastRpcSendTime=0, lastRpcResponseTime=3315) yet, just keep nextIndex unchanged and retry.
2021-10-05 01:18:27,453 [Listener at localhost/10888] INFO  om.OzoneManager (OzoneManager.java:stop(1644)) - Stopping Ozone Manager
2021-10-05 01:18:27,453 [Listener at localhost/10888] INFO  ipc.Server (Server.java:stop(3414)) - Stopping server on 10876
2021-10-05 01:18:27,453 [org.apache.hadoop.util.JvmPauseMonitor$Monitor@2edd7ae2] INFO  util.JvmPauseMonitor (JvmPauseMonitor.java:run(188)) - Starting JVM pause monitor
2021-10-05 01:18:27,456 [Listener at localhost/10888] INFO  server.RaftServer (RaftServerProxy.java:lambda$close$6(391)) - omNode-1: close
2021-10-05 01:18:27,457 [Listener at localhost/10888] INFO  server.RaftServer$Division (RaftServerImpl.java:lambda$close$4(407)) - omNode-1@group-523986131536: shutdown
2021-10-05 01:18:27,457 [Listener at localhost/10888] INFO  util.JmxRegister (JmxRegister.java:unregister(73)) - Successfully un-registered JMX Bean with object name Ratis:service=RaftServer,group=group-523986131536,id=omNode-1
2021-10-05 01:18:27,457 [Listener at localhost/10888] INFO  impl.RoleInfo (RoleInfo.java:shutdownFollowerState(108)) - omNode-1: shutdown omNode-1@group-523986131536-FollowerState
2021-10-05 01:18:27,457 [Listener at localhost/10888] INFO  impl.StateMachineUpdater (StateMachineUpdater.java:stopAndJoin(149)) - omNode-1@group-523986131536-StateMachineUpdater: set stopIndex = 15
2021-10-05 01:18:27,457 [omNode-1@group-523986131536-FollowerState] INFO  impl.FollowerState (FollowerState.java:run(143)) - omNode-1@group-523986131536-FollowerState was interrupted: {}
java.lang.InterruptedException: sleep interrupted
	at java.lang.Thread.sleep(Native Method)
	at java.lang.Thread.sleep(Thread.java:340)
	at java.util.concurrent.TimeUnit.sleep(TimeUnit.java:386)
	at org.apache.ratis.util.TimeDuration.sleep(TimeDuration.java:324)
	at org.apache.ratis.util.TimeDuration.sleep(TimeDuration.java:309)
	at org.apache.ratis.server.impl.FollowerState.run(FollowerState.java:118)
2021-10-05 01:18:27,456 [IPC Server listener on 10876] INFO  ipc.Server (Server.java:run(1376)) - Stopping IPC Server listener on 10876
2021-10-05 01:18:27,456 [IPC Server Responder] INFO  ipc.Server (Server.java:run(1512)) - Stopping IPC Server Responder
2021-10-05 01:18:27,457 [omNode-1@group-523986131536-StateMachineUpdater] INFO  ratis.OzoneManagerStateMachine (OzoneManagerStateMachine.java:close(471)) - StateMachine has shutdown. Shutdown OzoneManager if not already shutdown.
2021-10-05 01:18:27,460 [Listener at localhost/10888] INFO  server.RaftServer$Division (ServerState.java:close(419)) - omNode-1@group-523986131536: closes. applyIndex: 15
2021-10-05 01:18:27,460 [omNode-1@group-523986131536-SegmentedRaftLogWorker] INFO  segmented.SegmentedRaftLogWorker (SegmentedRaftLogWorker.java:run(327)) - omNode-1@group-523986131536-SegmentedRaftLogWorker was interrupted, exiting. There are 0 tasks remaining in the queue.
2021-10-05 01:18:27,460 [Listener at localhost/10888] INFO  segmented.SegmentedRaftLogWorker (SegmentedRaftLogWorker.java:close(237)) - omNode-1@group-523986131536-SegmentedRaftLogWorker close()
2021-10-05 01:18:27,462 [Listener at localhost/10888] INFO  server.GrpcService (GrpcService.java:closeImpl(262)) - omNode-1: shutdown server with port 10880 now
2021-10-05 01:18:27,463 [grpc-default-executor-10] WARN  server.GrpcServerProtocolService (LogUtils.java:warn(122)) - omNode-1: installSnapshot onError, lastRequest: omNode-2->omNode-1#1-t6,previous=(t:5, i:25),leaderCommit=25,initializing? true,entries: size=1, first=(t:6, i:26), CONFIGURATIONENTRY: org.apache.ratis.thirdparty.io.grpc.StatusRuntimeException: CANCELLED: client cancelled
2021-10-05 01:18:27,463 [grpc-default-executor-2] WARN  server.GrpcServerProtocolService (LogUtils.java:warn(122)) - omNode-1: installSnapshot onError, lastRequest: omNode-2->omNode-1#131-t6,previous=(t:0, i:0),leaderCommit=11,initializing? false,entries: size=11, first=(t:3, i:16), CONFIGURATIONENTRY: org.apache.ratis.thirdparty.io.grpc.StatusRuntimeException: CANCELLED: client cancelled
2021-10-05 01:18:27,464 [grpc-default-executor-8] INFO  server.GrpcLogAppender (GrpcLogAppender.java:onError(333)) - omNode-2@group-523986131536->omNode-1-GrpcLogAppender is stopped
2021-10-05 01:18:27,464 [Listener at localhost/10888] INFO  server.GrpcService (GrpcService.java:closeImpl(271)) - omNode-1: shutdown server with port 10880 successfully
2021-10-05 01:18:27,464 [org.apache.ratis.util.JvmPauseMonitor$$Lambda$523/848064357@4b07c64c] INFO  util.JvmPauseMonitor (JvmPauseMonitor.java:run(109)) - JvmPauseMonitor-omNode-1: Stopped
2021-10-05 01:18:27,464 [Listener at localhost/10888] INFO  ratis.OzoneManagerDoubleBuffer (OzoneManagerDoubleBuffer.java:stop(437)) - Stopping OMDoubleBuffer flush thread
2021-10-05 01:18:27,468 [OMDoubleBufferFlushThread] INFO  ratis.OzoneManagerDoubleBuffer (OzoneManagerDoubleBuffer.java:flushTransactions(356)) - OMDoubleBuffer flush thread OMDoubleBufferFlushThread is interrupted and will exit. OMDoubleBufferFlushThread
2021-10-05 01:18:27,469 [grpc-default-executor-11] WARN  server.GrpcLogAppender (LogUtils.java:warn(122)) - omNode-2@group-523986131536->omNode-1-AppendLogResponseHandler: Failed appendEntries: org.apache.ratis.thirdparty.io.grpc.StatusRuntimeException: CANCELLED: HTTP/2 error code: CANCEL
Received Rst Stream
2021-10-05 01:18:27,469 [Listener at localhost/10888] INFO  handler.ContextHandler (ContextHandler.java:doStop(1153)) - Stopped o.e.j.w.WebAppContext@7cd53467{ozoneManager,/,null,STOPPED}{file:/home/runner/work/ozone/ozone/hadoop-ozone/integration-test/target/test-classes/webapps/ozoneManager}
2021-10-05 01:18:27,470 [Listener at localhost/10888] INFO  server.AbstractConnector (AbstractConnector.java:doStop(381)) - Stopped ServerConnector@38883028{HTTP/1.1, (http/1.1)}{0.0.0.0:10878}
2021-10-05 01:18:27,470 [Listener at localhost/10888] INFO  server.session (HouseKeeper.java:stopScavenging(149)) - node0 Stopped scavenging
2021-10-05 01:18:27,470 [Listener at localhost/10888] INFO  handler.ContextHandler (ContextHandler.java:doStop(1153)) - Stopped o.e.j.s.ServletContextHandler@40284861{static,/static,file:///home/runner/work/ozone/ozone/hadoop-ozone/integration-test/target/test-classes/webapps/static,STOPPED}
2021-10-05 01:18:27,471 [Listener at localhost/10888] INFO  handler.ContextHandler (ContextHandler.java:doStop(1153)) - Stopped o.e.j.s.ServletContextHandler@317a8b94{logs,/logs,file:///home/runner/work/ozone/ozone/hadoop-ozone/integration-test/target/log,STOPPED}
2021-10-05 01:18:27,472 [Listener at localhost/10888] INFO  om.OzoneManager (OzoneManager.java:initFSOLayout(4333)) - Configured ozone.om.metadata.layout=SIMPLE and disabled optimized OM FS operations
2021-10-05 01:18:27,473 [Listener at localhost/10888] INFO  om.OzoneManager (OzoneManager.java:restart(1365)) - OzoneManager RPC server is listening at localhost/127.0.0.1:10876
2021-10-05 01:18:27,473 [Listener at localhost/10888] INFO  impl.MetricsSystemImpl (MetricsSystemImpl.java:init(158)) - OzoneManager metrics system started (again)
2021-10-05 01:18:27,483 [grpc-default-executor-11] INFO  leader.FollowerInfo (FollowerInfoImpl.java:lambda$new$0(46)) - omNode-2@group-523986131536->omNode-1: nextIndex: updateUnconditionally 27 -> 16
2021-10-05 01:18:27,495 [grpc-default-executor-2] WARN  server.GrpcLogAppender (LogUtils.java:warn(122)) - omNode-2@group-523986131536->omNode-1-AppendLogResponseHandler: Failed appendEntries: org.apache.ratis.thirdparty.io.grpc.StatusRuntimeException: UNAVAILABLE: io exception
2021-10-05 01:18:27,495 [grpc-default-executor-2] INFO  leader.FollowerInfo (FollowerInfoImpl.java:lambda$new$0(46)) - omNode-2@group-523986131536->omNode-1: nextIndex: updateUnconditionally 27 -> 16
2021-10-05 01:18:27,503 [Listener at localhost/10888] WARN  server.ServerUtils (ServerUtils.java:getDBPath(225)) - ozone.om.db.dirs is not configured. We recommend adding this setting. Falling back to ozone.metadata.dirs instead.
2021-10-05 01:18:27,505 [Listener at localhost/10888] INFO  codec.OmKeyInfoCodec (OmKeyInfoCodec.java:<init>(51)) - OmKeyInfoCodec ignorePipeline = true
2021-10-05 01:18:27,505 [Listener at localhost/10888] INFO  codec.RepeatedOmKeyInfoCodec (RepeatedOmKeyInfoCodec.java:<init>(42)) - RepeatedOmKeyInfoCodec ignorePipeline = true
2021-10-05 01:18:27,549 [Listener at localhost/10888] WARN  om.OzoneManager (OzoneManager.java:instantiatePrepareStateOnStartup(4212)) - Prepare marker file index 15 does not match DB prepare index 13. Writing DB index to prepare file and maintaining prepared state.
2021-10-05 01:18:27,549 [Listener at localhost/10888] INFO  om.OzoneManagerPrepareState (OzoneManagerPrepareState.java:writePrepareMarkerFile(262)) - Prepare marker file written with log index 13 to file /home/runner/work/ozone/ozone/hadoop-ozone/integration-test/target/test-dir/MiniOzoneClusterImpl-46302e84-7680-4986-b584-895fe31d4053/omNode-1/current/prepareMarker
2021-10-05 01:18:27,553 [Listener at localhost/10888] WARN  impl.MetricRegistriesImpl (MetricRegistriesImpl.java:addReporterRegistration(111)) - New reporters are added after registries were created. Some metrics will be missing from the reporter. Please add reporter before adding any new registry.
2021-10-05 01:18:27,553 [Listener at localhost/10888] WARN  impl.MetricRegistriesImpl (MetricRegistriesImpl.java:addReporterRegistration(111)) - New reporters are added after registries were created. Some metrics will be missing from the reporter. Please add reporter before adding any new registry.
2021-10-05 01:18:27,553 [Listener at localhost/10888] WARN  server.ServerUtils (ServerUtils.java:getDefaultRatisDirectory(237)) - Storage directory for Ratis is not configured. It is a good idea to map this to an SSD disk. Falling back to ozone.metadata.dirs
2021-10-05 01:18:27,555 [Listener at localhost/10888] INFO  ratis.OzoneManagerRatisServer (OzoneManagerRatisServer.java:<init>(158)) - Instantiating OM Ratis server with groupID: om-service-test1 and peers: localhost:10880, localhost:10892, localhost:10886
2021-10-05 01:18:27,555 [Listener at localhost/10888] INFO  ratis.OzoneManagerStateMachine (OzoneManagerStateMachine.java:loadSnapshotInfoFromDB(605)) - LastAppliedIndex is set from TransactionInfo from OM DB as (t:2, i:15)
2021-10-05 01:18:27,557 [Listener at localhost/10888] INFO  server.RaftServer (ConfUtils.java:logGet(44)) - raft.rpc.type = GRPC (default)
2021-10-05 01:18:27,557 [Listener at localhost/10888] INFO  grpc.GrpcFactory (GrpcFactory.java:checkPooledByteBufAllocatorUseCacheForAllThreads(48)) - PERFORMANCE WARNING: useCacheForAllThreads is true that may cause Netty to create a lot garbage objects and, as a result, trigger GC.
	It is recommended to disable useCacheForAllThreads by setting -Dorg.apache.ratis.thirdparty.io.netty.allocator.useCacheForAllThreads=false in command line.
2021-10-05 01:18:27,557 [Listener at localhost/10888] INFO  grpc.GrpcConfigKeys (ConfUtils.java:logGet(44)) - raft.grpc.admin.port = -1 (default)
2021-10-05 01:18:27,557 [Listener at localhost/10888] INFO  grpc.GrpcConfigKeys (ConfUtils.java:logGet(44)) - raft.grpc.server.port = 10880 (custom)
2021-10-05 01:18:27,557 [Listener at localhost/10888] INFO  grpc.GrpcConfigKeys (ConfUtils.java:logGet(44)) - raft.grpc.client.port = -1 (default)
2021-10-05 01:18:27,557 [Listener at localhost/10888] INFO  grpc.GrpcConfigKeys (ConfUtils.java:logGet(44)) - raft.grpc.server.port = 10880 (custom)
2021-10-05 01:18:27,557 [Listener at localhost/10888] INFO  grpc.GrpcConfigKeys (ConfUtils.java:logGet(44)) - raft.grpc.server.port = 10880 (custom)
2021-10-05 01:18:27,557 [Listener at localhost/10888] INFO  server.GrpcService (ConfUtils.java:logGet(44)) - raft.grpc.message.size.max = 33554432 (custom)
2021-10-05 01:18:27,558 [Listener at localhost/10888] INFO  server.RaftServerConfigKeys (ConfUtils.java:logGet(44)) - raft.server.log.appender.buffer.byte-limit = 33554432 (custom)
2021-10-05 01:18:27,558 [Listener at localhost/10888] INFO  server.GrpcService (ConfUtils.java:logGet(44)) - raft.grpc.flow.control.window = 1MB (=1048576) (default)
2021-10-05 01:18:27,558 [Listener at localhost/10888] INFO  server.RaftServerConfigKeys (ConfUtils.java:logGet(44)) - raft.server.rpc.request.timeout = 3000ms (default)
2021-10-05 01:18:27,559 [Listener at localhost/10888] INFO  impl.DataStreamServerImpl (ConfUtils.java:logGet(44)) - raft.datastream.type = DISABLED (default)
2021-10-05 01:18:27,559 [Listener at localhost/10888] INFO  server.RaftServerConfigKeys (ConfUtils.java:logGet(44)) - raft.server.rpc.slowness.timeout = 2s (custom)
2021-10-05 01:18:27,559 [Listener at localhost/10888] INFO  server.RaftServerConfigKeys (ConfUtils.java:logGet(44)) - raft.server.leaderelection.leader.step-down.wait-time = 10s (default)
2021-10-05 01:18:27,560 [Listener at localhost/10888] INFO  server.RaftServerConfigKeys (ConfUtils.java:logGet(44)) - raft.server.storage.dir = [/home/runner/work/ozone/ozone/hadoop-ozone/integration-test/target/test-dir/MiniOzoneClusterImpl-46302e84-7680-4986-b584-895fe31d4053/omNode-1/ratis] (custom)
2021-10-05 01:18:27,560 [Listener at localhost/10888] INFO  server.RaftServer (RaftServerProxy.java:lambda$null$1(235)) - omNode-1: found a subdirectory /home/runner/work/ozone/ozone/hadoop-ozone/integration-test/target/test-dir/MiniOzoneClusterImpl-46302e84-7680-4986-b584-895fe31d4053/omNode-1/ratis/c9bc4cf4-3bc3-3c60-a66b-523986131536
2021-10-05 01:18:27,560 [Listener at localhost/10888] INFO  server.RaftServer (RaftServerProxy.java:addNew(95)) - omNode-1: addNew group-523986131536:[omNode-3|rpc:localhost:10892|priority:0, omNode-1|rpc:localhost:10880|priority:0, omNode-2|rpc:localhost:10886|priority:0] returns group-523986131536:java.util.concurrent.CompletableFuture@28d5d16d[Not completed]
2021-10-05 01:18:27,560 [Listener at localhost/10888] INFO  om.OzoneManager (OzoneManager.java:initializeRatisServer(1585)) - OzoneManager Ratis server initialized at port 10880
2021-10-05 01:18:27,560 [Listener at localhost/10888] INFO  ratis.OzoneManagerRatisServer (OzoneManagerRatisServer.java:start(516)) - Starting OzoneManagerRatisServer omNode-1 at port 10880
2021-10-05 01:18:27,561 [pool-311-thread-1] INFO  server.RaftServer$Division (RaftServerImpl.java:<init>(181)) - omNode-1: new RaftServerImpl for group-523986131536:[omNode-3|rpc:localhost:10892|priority:0, omNode-1|rpc:localhost:10880|priority:0, omNode-2|rpc:localhost:10886|priority:0] with OzoneManagerStateMachine:uninitialized
2021-10-05 01:18:27,573 [pool-311-thread-1] INFO  server.RaftServerConfigKeys (ConfUtils.java:logGet(44)) - raft.server.rpc.timeout.min = 1s (custom)
2021-10-05 01:18:27,573 [pool-311-thread-1] INFO  server.RaftServerConfigKeys (ConfUtils.java:logGet(44)) - raft.server.rpc.timeout.max = 1200ms (custom)
2021-10-05 01:18:27,573 [pool-311-thread-1] INFO  server.RaftServerConfigKeys (ConfUtils.java:logGet(44)) - raft.server.rpc.sleep.time = 25ms (default)
2021-10-05 01:18:27,573 [pool-311-thread-1] INFO  server.RaftServerConfigKeys (ConfUtils.java:logGet(44)) - raft.server.rpc.slowness.timeout = 2s (custom)
2021-10-05 01:18:27,573 [pool-311-thread-1] INFO  server.RaftServerConfigKeys (ConfUtils.java:logGet(44)) - raft.server.leaderelection.leader.step-down.wait-time = 10s (default)
2021-10-05 01:18:27,573 [pool-311-thread-1] INFO  server.RaftServerConfigKeys (ConfUtils.java:logGet(44)) - raft.server.sleep.deviation.threshold = 300ms (default)
2021-10-05 01:18:27,573 [pool-311-thread-1] INFO  server.RaftServerConfigKeys (ConfUtils.java:logGet(44)) - raft.server.log.appender.install.snapshot.enabled = false (custom)
2021-10-05 01:18:27,573 [pool-311-thread-1] INFO  server.RaftServer$Division (ServerState.java:<init>(105)) - omNode-1@group-523986131536: ConfigurationManager, init=-1: [omNode-3|rpc:localhost:10892|priority:0, omNode-1|rpc:localhost:10880|priority:0, omNode-2|rpc:localhost:10886|priority:0], old=null, confs=<EMPTY_MAP>
2021-10-05 01:18:27,573 [pool-311-thread-1] INFO  server.RaftServerConfigKeys (ConfUtils.java:logGet(44)) - raft.server.storage.dir = [/home/runner/work/ozone/ozone/hadoop-ozone/integration-test/target/test-dir/MiniOzoneClusterImpl-46302e84-7680-4986-b584-895fe31d4053/omNode-1/ratis] (custom)
2021-10-05 01:18:27,573 [pool-311-thread-1] INFO  server.RaftServerConfigKeys (ConfUtils.java:logGet(44)) - raft.server.log.corruption.policy = EXCEPTION (default)
2021-10-05 01:18:27,573 [pool-311-thread-1] INFO  server.RaftServerConfigKeys (ConfUtils.java:logGet(44)) - raft.server.storage.free-space.min = 0MB (=0) (default)
2021-10-05 01:18:27,574 [pool-311-thread-1] INFO  storage.RaftStorageDirectory (RaftStorageDirectoryImpl.java:tryLock(230)) - Lock on /home/runner/work/ozone/ozone/hadoop-ozone/integration-test/target/test-dir/MiniOzoneClusterImpl-46302e84-7680-4986-b584-895fe31d4053/omNode-1/ratis/c9bc4cf4-3bc3-3c60-a66b-523986131536/in_use.lock acquired by nodename 8677@fv-az50-768
2021-10-05 01:18:27,575 [pool-311-thread-1] INFO  storage.RaftStorage (RaftStorageImpl.java:analyzeAndRecoverStorage(110)) - Read RaftStorageMetadata{term=6, votedFor=omNode-2} from /home/runner/work/ozone/ozone/hadoop-ozone/integration-test/target/test-dir/MiniOzoneClusterImpl-46302e84-7680-4986-b584-895fe31d4053/omNode-1/ratis/c9bc4cf4-3bc3-3c60-a66b-523986131536/current/raft-meta
2021-10-05 01:18:27,575 [pool-311-thread-1] INFO  server.RaftServer$Division (ServerState.java:setRaftConf(387)) - omNode-1@group-523986131536: set configuration 26: [omNode-3|rpc:localhost:10892|admin:|client:|dataStream:|priority:0, omNode-1|rpc:localhost:10880|admin:|client:|dataStream:|priority:0, omNode-2|rpc:localhost:10886|admin:|client:|dataStream:|priority:0], old=null
2021-10-05 01:18:27,575 [pool-311-thread-1] INFO  server.RaftServerConfigKeys (ConfUtils.java:logGet(44)) - raft.server.notification.no-leader.timeout = 2s (custom)
2021-10-05 01:18:27,575 [pool-311-thread-1] INFO  server.RaftServerConfigKeys (ConfUtils.java:logGet(44)) - raft.server.log.use.memory = false (default)
2021-10-05 01:18:27,575 [pool-311-thread-1] INFO  server.RaftServerConfigKeys (ConfUtils.java:logGet(44)) - raft.server.log.purge.gap = 50 (custom)
2021-10-05 01:18:27,575 [pool-311-thread-1] INFO  server.RaftServerConfigKeys (ConfUtils.java:logGet(44)) - raft.server.log.appender.buffer.byte-limit = 33554432 (custom)
2021-10-05 01:18:27,576 [pool-311-thread-1] INFO  server.RaftServerConfigKeys (ConfUtils.java:logGet(44)) - raft.server.log.segment.size.max = 4194304 (custom)
2021-10-05 01:18:27,576 [pool-311-thread-1] INFO  server.RaftServerConfigKeys (ConfUtils.java:logGet(44)) - raft.server.log.segment.cache.num.max = 2 (custom)
2021-10-05 01:18:27,576 [pool-311-thread-1] INFO  server.RaftServerConfigKeys (ConfUtils.java:logGet(44)) - raft.server.log.segment.cache.size.max = 200MB (=209715200) (default)
2021-10-05 01:18:27,576 [pool-311-thread-1] INFO  segmented.SegmentedRaftLogWorker (SegmentedRaftLogWorker.java:<init>(182)) - new omNode-1@group-523986131536-SegmentedRaftLogWorker for RaftStorageImpl:Storage Directory /home/runner/work/ozone/ozone/hadoop-ozone/integration-test/target/test-dir/MiniOzoneClusterImpl-46302e84-7680-4986-b584-895fe31d4053/omNode-1/ratis/c9bc4cf4-3bc3-3c60-a66b-523986131536
2021-10-05 01:18:27,576 [pool-311-thread-1] INFO  server.RaftServerConfigKeys (ConfUtils.java:logGet(44)) - raft.server.log.queue.byte-limit = 64MB (=67108864) (default)
2021-10-05 01:18:27,577 [pool-311-thread-1] INFO  server.RaftServerConfigKeys (ConfUtils.java:logGet(44)) - raft.server.log.queue.element-limit = 4096 (default)
2021-10-05 01:18:27,578 [pool-311-thread-1] INFO  server.RaftServerConfigKeys (ConfUtils.java:logGet(44)) - raft.server.log.segment.size.max = 4194304 (custom)
2021-10-05 01:18:27,578 [pool-311-thread-1] INFO  server.RaftServerConfigKeys (ConfUtils.java:logGet(44)) - raft.server.log.preallocated.size = 4194304 (custom)
2021-10-05 01:18:27,578 [pool-311-thread-1] INFO  server.RaftServerConfigKeys (ConfUtils.java:logGet(44)) - raft.server.log.force.sync.num = 128 (default)
2021-10-05 01:18:27,578 [pool-311-thread-1] INFO  server.RaftServerConfigKeys (ConfUtils.java:logGet(44)) - raft.server.log.statemachine.data.sync = true (default)
2021-10-05 01:18:27,578 [pool-311-thread-1] INFO  server.RaftServerConfigKeys (ConfUtils.java:logGet(44)) - raft.server.log.statemachine.data.sync.timeout = 10s (default)
2021-10-05 01:18:27,578 [pool-311-thread-1] INFO  server.RaftServerConfigKeys (ConfUtils.java:logGet(44)) - raft.server.log.statemachine.data.sync.timeout.retry = -1 (default)
2021-10-05 01:18:27,579 [pool-311-thread-1] INFO  server.RaftServerConfigKeys (ConfUtils.java:logGet(44)) - raft.server.log.write.buffer.size = 64KB (=65536) (default)
2021-10-05 01:18:27,579 [pool-311-thread-1] INFO  server.RaftServerConfigKeys (ConfUtils.java:logGet(44)) - raft.server.log.statemachine.data.caching.enabled = false (default)
2021-10-05 01:18:27,579 [pool-311-thread-1] INFO  segmented.SegmentedRaftLogWorker (SegmentedRaftLogWorker.java:lambda$new$0(133)) - omNode-1@group-523986131536-SegmentedRaftLogWorker: flushIndex: setUnconditionally 0 -> 15
2021-10-05 01:18:27,580 [pool-311-thread-1] INFO  segmented.SegmentedRaftLogWorker (SegmentedRaftLogWorker.java:lambda$new$0(133)) - omNode-1@group-523986131536-SegmentedRaftLogWorker: safeCacheEvictIndex: setUnconditionally 0 -> -1
2021-10-05 01:18:27,585 [pool-311-thread-1] INFO  server.RaftServerConfigKeys (ConfUtils.java:logGet(44)) - raft.server.snapshot.auto.trigger.enabled = true (custom)
2021-10-05 01:18:27,585 [pool-311-thread-1] INFO  server.RaftServerConfigKeys (ConfUtils.java:logGet(44)) - raft.server.snapshot.auto.trigger.threshold = 50 (custom)
2021-10-05 01:18:27,585 [pool-311-thread-1] INFO  server.RaftServerConfigKeys (ConfUtils.java:logGet(44)) - raft.server.snapshot.retention.file.num = -1 (default)
2021-10-05 01:18:27,585 [pool-311-thread-1] INFO  server.RaftServerConfigKeys (ConfUtils.java:logGet(44)) - raft.server.log.purge.upto.snapshot.index = true (custom)
2021-10-05 01:18:27,585 [pool-311-thread-1] INFO  server.RaftServerConfigKeys (ConfUtils.java:logGet(44)) - raft.server.retrycache.expirytime = 30000ms (custom)
2021-10-05 01:18:27,585 [pool-311-thread-1] INFO  server.RaftServerConfigKeys (ConfUtils.java:logGet(44)) - raft.server.retrycache.statistics.expirytime = 100μs (default)
2021-10-05 01:18:27,587 [Listener at localhost/10888] INFO  server.RaftServer$Division (RaftServerImpl.java:start(296)) - omNode-1@group-523986131536: start as a follower, conf=26: [omNode-3|rpc:localhost:10892|admin:|client:|dataStream:|priority:0, omNode-1|rpc:localhost:10880|admin:|client:|dataStream:|priority:0, omNode-2|rpc:localhost:10886|admin:|client:|dataStream:|priority:0], old=null
2021-10-05 01:18:27,587 [Listener at localhost/10888] INFO  server.RaftServer$Division (RaftServerImpl.java:setRole(285)) - omNode-1@group-523986131536: changes role from      null to FOLLOWER at term 6 for startAsFollower
2021-10-05 01:18:27,587 [Listener at localhost/10888] INFO  impl.RoleInfo (RoleInfo.java:updateAndGet(130)) - omNode-1: start omNode-1@group-523986131536-FollowerState
2021-10-05 01:18:27,603 [Listener at localhost/10888] INFO  util.JmxRegister (JmxRegister.java:tryRegister(44)) - Successfully registered JMX Bean with object name Ratis:service=RaftServer,group=group-523986131536,id=omNode-1
2021-10-05 01:18:27,604 [Listener at localhost/10888] INFO  server.RaftServer (RaftServerProxy.java:lambda$start$5(374)) - omNode-1: start RPC server
2021-10-05 01:18:27,609 [Listener at localhost/10888] INFO  server.GrpcService (GrpcService.java:startImpl(253)) - omNode-1: GrpcService started, listening on 10880
2021-10-05 01:18:27,616 [org.apache.ratis.util.JvmPauseMonitor$$Lambda$523/848064357@43828d54] INFO  util.JvmPauseMonitor (JvmPauseMonitor.java:run(103)) - JvmPauseMonitor-omNode-1: Started
2021-10-05 01:18:27,616 [Listener at localhost/10888] INFO  ipc.CallQueueManager (CallQueueManager.java:<init>(90)) - Using callQueue: class java.util.concurrent.LinkedBlockingQueue, queueCapacity: 2000, scheduler: class org.apache.hadoop.ipc.DefaultRpcScheduler, ipcBackoff: false.
2021-10-05 01:18:27,617 [Socket Reader #1 for port 10876] INFO  ipc.Server (Server.java:run(1265)) - Starting Socket Reader #1 for port 10876
2021-10-05 01:18:27,624 [Listener at localhost/10876] INFO  http.BaseHttpServer (BaseHttpServer.java:newHttpServer2BuilderForOzone(209)) - Starting Web-server for ozoneManager at: http://0.0.0.0:10878
2021-10-05 01:18:27,625 [Listener at localhost/10876] INFO  http.BaseHttpServer (BaseHttpServer.java:<init>(107)) - Hadoop Security Enabled: false Ozone Security Enabled: false Ozone HTTP Security Enabled: false 
2021-10-05 01:18:27,626 [Listener at localhost/10876] INFO  server.AuthenticationFilter (AuthenticationFilter.java:constructSecretProvider(240)) - Unable to initialize FileSignerSecretProvider, falling back to use random secrets.
2021-10-05 01:18:27,626 [Listener at localhost/10876] WARN  http.HttpRequestLog (HttpRequestLog.java:getRequestLog(103)) - Jetty request log can only be enabled using Log4j
2021-10-05 01:18:27,627 [Listener at localhost/10876] INFO  http.HttpServer2 (HttpServer2.java:addGlobalFilter(1030)) - Added global filter 'safety' (class=org.apache.hadoop.hdds.server.http.HttpServer2$QuotingInputFilter)
2021-10-05 01:18:27,627 [Listener at localhost/10876] INFO  http.HttpServer2 (HttpServer2.java:addFilter(1006)) - Added filter static_user_filter (class=org.apache.hadoop.http.lib.StaticUserWebFilter$StaticUserFilter) to context ozoneManager
2021-10-05 01:18:27,628 [Listener at localhost/10876] INFO  http.HttpServer2 (HttpServer2.java:addFilter(1014)) - Added filter static_user_filter (class=org.apache.hadoop.http.lib.StaticUserWebFilter$StaticUserFilter) to context static
2021-10-05 01:18:27,628 [Listener at localhost/10876] INFO  http.HttpServer2 (HttpServer2.java:addFilter(1014)) - Added filter static_user_filter (class=org.apache.hadoop.http.lib.StaticUserWebFilter$StaticUserFilter) to context logs
2021-10-05 01:18:27,628 [Listener at localhost/10876] INFO  http.HttpServer2 (HttpServer2.java:bindListener(1249)) - Jetty bound to port 10878
2021-10-05 01:18:27,628 [Listener at localhost/10876] INFO  server.Server (Server.java:doStart(375)) - jetty-9.4.43.v20210629; built: 2021-06-30T11:07:22.254Z; git: 526006ecfa3af7f1a27ef3a288e2bef7ea9dd7e8; jvm 1.8.0_292-b10
2021-10-05 01:18:27,637 [Listener at localhost/10876] INFO  server.session (DefaultSessionIdManager.java:doStart(334)) - DefaultSessionIdManager workerName=node0
2021-10-05 01:18:27,637 [Listener at localhost/10876] INFO  server.session (DefaultSessionIdManager.java:doStart(339)) - No SessionScavenger set, using defaults
2021-10-05 01:18:27,637 [Listener at localhost/10876] INFO  server.session (HouseKeeper.java:startScavenging(132)) - node0 Scavenging every 600000ms
2021-10-05 01:18:27,638 [Listener at localhost/10876] INFO  handler.ContextHandler (ContextHandler.java:doStart(915)) - Started o.e.j.s.ServletContextHandler@77b38a9e{logs,/logs,file:///home/runner/work/ozone/ozone/hadoop-ozone/integration-test/target/log,AVAILABLE}
2021-10-05 01:18:27,638 [Listener at localhost/10876] INFO  handler.ContextHandler (ContextHandler.java:doStart(915)) - Started o.e.j.s.ServletContextHandler@5e116cc1{static,/static,file:///home/runner/work/ozone/ozone/hadoop-ozone/integration-test/target/test-classes/webapps/static,AVAILABLE}
2021-10-05 01:18:27,647 [Listener at localhost/10876] INFO  handler.ContextHandler (ContextHandler.java:doStart(915)) - Started o.e.j.w.WebAppContext@c7afa8e{ozoneManager,/,file:///home/runner/work/ozone/ozone/hadoop-ozone/integration-test/target/test-classes/webapps/ozoneManager/,AVAILABLE}{file:/home/runner/work/ozone/ozone/hadoop-ozone/integration-test/target/test-classes/webapps/ozoneManager}
2021-10-05 01:18:27,653 [Listener at localhost/10876] INFO  server.AbstractConnector (AbstractConnector.java:doStart(331)) - Started ServerConnector@3afce4e7{HTTP/1.1, (http/1.1)}{0.0.0.0:10878}
2021-10-05 01:18:27,654 [Listener at localhost/10876] INFO  server.Server (Server.java:doStart(415)) - Started @281031ms
2021-10-05 01:18:27,654 [Listener at localhost/10876] WARN  impl.MetricsSystemImpl (MetricsSystemImpl.java:register(279)) - Sink prometheus already exists!
2021-10-05 01:18:27,655 [Listener at localhost/10876] INFO  http.BaseHttpServer (BaseHttpServer.java:updateConnectorAddress(329)) - HTTP server of ozoneManager listening at http://0.0.0.0:10878
2021-10-05 01:18:27,655 [IPC Server Responder] INFO  ipc.Server (Server.java:run(1507)) - IPC Server Responder: starting
2021-10-05 01:18:27,662 [Listener at localhost/10876] INFO  om.OzoneManager (OzoneManager.java:startTrashEmptier(1543)) - Trash Interval set to 0. Files deleted will not move to trash
2021-10-05 01:18:27,662 [Listener at localhost/10876] INFO  om.OzoneManager (OzoneManager.java:stop(1644)) - Stopping Ozone Manager
2021-10-05 01:18:27,662 [Listener at localhost/10876] INFO  ipc.Server (Server.java:stop(3414)) - Stopping server on 10882
2021-10-05 01:18:27,665 [IPC Server listener on 10876] INFO  ipc.Server (Server.java:run(1344)) - IPC Server listener on 10876: starting
2021-10-05 01:18:27,670 [org.apache.hadoop.util.JvmPauseMonitor$Monitor@733ec70] INFO  util.JvmPauseMonitor (JvmPauseMonitor.java:run(188)) - Starting JVM pause monitor
2021-10-05 01:18:27,671 [IPC Server listener on 10882] INFO  ipc.Server (Server.java:run(1376)) - Stopping IPC Server listener on 10882
2021-10-05 01:18:27,672 [IPC Server Responder] INFO  ipc.Server (Server.java:run(1512)) - Stopping IPC Server Responder
2021-10-05 01:18:27,672 [Listener at localhost/10876] INFO  server.RaftServer (RaftServerProxy.java:lambda$close$6(391)) - omNode-2: close
2021-10-05 01:18:27,672 [Listener at localhost/10876] INFO  server.RaftServer$Division (RaftServerImpl.java:lambda$close$4(407)) - omNode-2@group-523986131536: shutdown
2021-10-05 01:18:27,672 [Listener at localhost/10876] INFO  util.JmxRegister (JmxRegister.java:unregister(73)) - Successfully un-registered JMX Bean with object name Ratis:service=RaftServer,group=group-523986131536,id=omNode-2
2021-10-05 01:18:27,672 [Listener at localhost/10876] INFO  impl.RoleInfo (RoleInfo.java:shutdownLeaderState(91)) - omNode-2: shutdown omNode-2@group-523986131536-LeaderStateImpl
2021-10-05 01:18:27,672 [Listener at localhost/10876] INFO  impl.PendingRequests (PendingRequests.java:sendNotLeaderResponses(282)) - omNode-2@group-523986131536-PendingRequests: sendNotLeaderResponses
2021-10-05 01:18:27,673 [omNode-2@group-523986131536->omNode-1-GrpcLogAppender-LogAppenderDaemon] WARN  server.GrpcLogAppender (GrpcLogAppender.java:mayWait(175)) - omNode-2@group-523986131536->omNode-1-GrpcLogAppender: Wait interrupted by java.lang.InterruptedException
2021-10-05 01:18:27,675 [Listener at localhost/10876] INFO  impl.StateMachineUpdater (StateMachineUpdater.java:stopAndJoin(149)) - omNode-2@group-523986131536-StateMachineUpdater: set stopIndex = 25
2021-10-05 01:18:27,675 [omNode-2@group-523986131536-StateMachineUpdater] INFO  ratis.OzoneManagerStateMachine (OzoneManagerStateMachine.java:takeSnapshot(417)) - Current Snapshot Index (t:5, i:25)
2021-10-05 01:18:27,676 [omNode-2@group-523986131536-StateMachineUpdater] INFO  impl.StateMachineUpdater (StateMachineUpdater.java:takeSnapshot(281)) - omNode-2@group-523986131536-StateMachineUpdater: Took a snapshot at index 25
2021-10-05 01:18:27,676 [omNode-2@group-523986131536-StateMachineUpdater] INFO  impl.StateMachineUpdater (StateMachineUpdater.java:lambda$new$0(89)) - omNode-2@group-523986131536-StateMachineUpdater: snapshotIndex: updateIncreasingly 21 -> 25
2021-10-05 01:18:27,676 [omNode-2@group-523986131536-StateMachineUpdater] INFO  ratis.OzoneManagerStateMachine (OzoneManagerStateMachine.java:close(471)) - StateMachine has shutdown. Shutdown OzoneManager if not already shutdown.
2021-10-05 01:18:27,676 [Listener at localhost/10876] INFO  server.RaftServer$Division (ServerState.java:close(419)) - omNode-2@group-523986131536: closes. applyIndex: 25
2021-10-05 01:18:27,677 [omNode-2@group-523986131536-SegmentedRaftLogWorker] INFO  segmented.SegmentedRaftLogWorker (SegmentedRaftLogWorker.java:run(327)) - omNode-2@group-523986131536-SegmentedRaftLogWorker was interrupted, exiting. There are 0 tasks remaining in the queue.
2021-10-05 01:18:27,680 [Listener at localhost/10876] INFO  segmented.SegmentedRaftLogWorker (SegmentedRaftLogWorker.java:close(237)) - omNode-2@group-523986131536-SegmentedRaftLogWorker close()
2021-10-05 01:18:27,681 [Listener at localhost/10876] INFO  server.GrpcService (GrpcService.java:closeImpl(262)) - omNode-2: shutdown server with port 10886 now
2021-10-05 01:18:27,686 [Listener at localhost/10876] INFO  server.GrpcService (GrpcService.java:closeImpl(271)) - omNode-2: shutdown server with port 10886 successfully
2021-10-05 01:18:27,686 [org.apache.ratis.util.JvmPauseMonitor$$Lambda$523/848064357@541bd6f9] INFO  util.JvmPauseMonitor (JvmPauseMonitor.java:run(109)) - JvmPauseMonitor-omNode-2: Stopped
2021-10-05 01:18:27,686 [Listener at localhost/10876] INFO  ratis.OzoneManagerDoubleBuffer (OzoneManagerDoubleBuffer.java:stop(437)) - Stopping OMDoubleBuffer flush thread
2021-10-05 01:18:27,686 [OMDoubleBufferFlushThread] INFO  ratis.OzoneManagerDoubleBuffer (OzoneManagerDoubleBuffer.java:flushTransactions(356)) - OMDoubleBuffer flush thread OMDoubleBufferFlushThread is interrupted and will exit. OMDoubleBufferFlushThread
2021-10-05 01:18:27,687 [Listener at localhost/10876] INFO  handler.ContextHandler (ContextHandler.java:doStop(1153)) - Stopped o.e.j.w.WebAppContext@62571613{ozoneManager,/,null,STOPPED}{file:/home/runner/work/ozone/ozone/hadoop-ozone/integration-test/target/test-classes/webapps/ozoneManager}
2021-10-05 01:18:27,688 [Listener at localhost/10876] INFO  server.AbstractConnector (AbstractConnector.java:doStop(381)) - Stopped ServerConnector@343c72e2{HTTP/1.1, (http/1.1)}{0.0.0.0:10884}
2021-10-05 01:18:27,688 [Listener at localhost/10876] INFO  server.session (HouseKeeper.java:stopScavenging(149)) - node0 Stopped scavenging
2021-10-05 01:18:27,688 [Listener at localhost/10876] INFO  handler.ContextHandler (ContextHandler.java:doStop(1153)) - Stopped o.e.j.s.ServletContextHandler@401201e0{static,/static,file:///home/runner/work/ozone/ozone/hadoop-ozone/integration-test/target/test-classes/webapps/static,STOPPED}
2021-10-05 01:18:27,688 [Listener at localhost/10876] INFO  handler.ContextHandler (ContextHandler.java:doStop(1153)) - Stopped o.e.j.s.ServletContextHandler@7fc96915{logs,/logs,file:///home/runner/work/ozone/ozone/hadoop-ozone/integration-test/target/log,STOPPED}
2021-10-05 01:18:27,690 [Listener at localhost/10876] INFO  om.OzoneManager (OzoneManager.java:initFSOLayout(4333)) - Configured ozone.om.metadata.layout=SIMPLE and disabled optimized OM FS operations
2021-10-05 01:18:27,690 [Listener at localhost/10876] INFO  om.OzoneManager (OzoneManager.java:restart(1365)) - OzoneManager RPC server is listening at localhost/127.0.0.1:10882
2021-10-05 01:18:27,690 [Listener at localhost/10876] INFO  impl.MetricsSystemImpl (MetricsSystemImpl.java:init(158)) - OzoneManager metrics system started (again)
2021-10-05 01:18:27,705 [Listener at localhost/10876] WARN  server.ServerUtils (ServerUtils.java:getDBPath(225)) - ozone.om.db.dirs is not configured. We recommend adding this setting. Falling back to ozone.metadata.dirs instead.
2021-10-05 01:18:27,707 [Listener at localhost/10876] INFO  codec.OmKeyInfoCodec (OmKeyInfoCodec.java:<init>(51)) - OmKeyInfoCodec ignorePipeline = true
2021-10-05 01:18:27,707 [Listener at localhost/10876] INFO  codec.RepeatedOmKeyInfoCodec (RepeatedOmKeyInfoCodec.java:<init>(42)) - RepeatedOmKeyInfoCodec ignorePipeline = true
2021-10-05 01:18:27,740 [Listener at localhost/10876] WARN  impl.MetricRegistriesImpl (MetricRegistriesImpl.java:addReporterRegistration(111)) - New reporters are added after registries were created. Some metrics will be missing from the reporter. Please add reporter before adding any new registry.
2021-10-05 01:18:27,740 [Listener at localhost/10876] WARN  impl.MetricRegistriesImpl (MetricRegistriesImpl.java:addReporterRegistration(111)) - New reporters are added after registries were created. Some metrics will be missing from the reporter. Please add reporter before adding any new registry.
2021-10-05 01:18:27,740 [Listener at localhost/10876] WARN  server.ServerUtils (ServerUtils.java:getDefaultRatisDirectory(237)) - Storage directory for Ratis is not configured. It is a good idea to map this to an SSD disk. Falling back to ozone.metadata.dirs
2021-10-05 01:18:27,741 [Listener at localhost/10876] INFO  ratis.OzoneManagerRatisServer (OzoneManagerRatisServer.java:<init>(158)) - Instantiating OM Ratis server with groupID: om-service-test1 and peers: localhost:10886, localhost:10892, localhost:10880
2021-10-05 01:18:27,741 [Listener at localhost/10876] INFO  ratis.OzoneManagerStateMachine (OzoneManagerStateMachine.java:loadSnapshotInfoFromDB(605)) - LastAppliedIndex is set from TransactionInfo from OM DB as (t:5, i:25)
2021-10-05 01:18:27,741 [Listener at localhost/10876] INFO  server.RaftServer (ConfUtils.java:logGet(44)) - raft.rpc.type = GRPC (default)
2021-10-05 01:18:27,742 [Listener at localhost/10876] INFO  grpc.GrpcFactory (GrpcFactory.java:checkPooledByteBufAllocatorUseCacheForAllThreads(48)) - PERFORMANCE WARNING: useCacheForAllThreads is true that may cause Netty to create a lot garbage objects and, as a result, trigger GC.
	It is recommended to disable useCacheForAllThreads by setting -Dorg.apache.ratis.thirdparty.io.netty.allocator.useCacheForAllThreads=false in command line.
2021-10-05 01:18:27,742 [Listener at localhost/10876] INFO  grpc.GrpcConfigKeys (ConfUtils.java:logGet(44)) - raft.grpc.admin.port = -1 (default)
2021-10-05 01:18:27,742 [Listener at localhost/10876] INFO  grpc.GrpcConfigKeys (ConfUtils.java:logGet(44)) - raft.grpc.server.port = 10886 (custom)
2021-10-05 01:18:27,742 [Listener at localhost/10876] INFO  grpc.GrpcConfigKeys (ConfUtils.java:logGet(44)) - raft.grpc.client.port = -1 (default)
2021-10-05 01:18:27,742 [Listener at localhost/10876] INFO  grpc.GrpcConfigKeys (ConfUtils.java:logGet(44)) - raft.grpc.server.port = 10886 (custom)
2021-10-05 01:18:27,742 [Listener at localhost/10876] INFO  grpc.GrpcConfigKeys (ConfUtils.java:logGet(44)) - raft.grpc.server.port = 10886 (custom)
2021-10-05 01:18:27,742 [Listener at localhost/10876] INFO  server.GrpcService (ConfUtils.java:logGet(44)) - raft.grpc.message.size.max = 33554432 (custom)
2021-10-05 01:18:27,742 [Listener at localhost/10876] INFO  server.RaftServerConfigKeys (ConfUtils.java:logGet(44)) - raft.server.log.appender.buffer.byte-limit = 33554432 (custom)
2021-10-05 01:18:27,742 [Listener at localhost/10876] INFO  server.GrpcService (ConfUtils.java:logGet(44)) - raft.grpc.flow.control.window = 1MB (=1048576) (default)
2021-10-05 01:18:27,742 [Listener at localhost/10876] INFO  server.RaftServerConfigKeys (ConfUtils.java:logGet(44)) - raft.server.rpc.request.timeout = 3000ms (default)
2021-10-05 01:18:27,744 [Listener at localhost/10876] INFO  impl.DataStreamServerImpl (ConfUtils.java:logGet(44)) - raft.datastream.type = DISABLED (default)
2021-10-05 01:18:27,744 [Listener at localhost/10876] INFO  server.RaftServerConfigKeys (ConfUtils.java:logGet(44)) - raft.server.rpc.slowness.timeout = 2s (custom)
2021-10-05 01:18:27,744 [Listener at localhost/10876] INFO  server.RaftServerConfigKeys (ConfUtils.java:logGet(44)) - raft.server.leaderelection.leader.step-down.wait-time = 10s (default)
2021-10-05 01:18:27,744 [Listener at localhost/10876] INFO  server.RaftServerConfigKeys (ConfUtils.java:logGet(44)) - raft.server.storage.dir = [/home/runner/work/ozone/ozone/hadoop-ozone/integration-test/target/test-dir/MiniOzoneClusterImpl-46302e84-7680-4986-b584-895fe31d4053/omNode-2/ratis] (custom)
2021-10-05 01:18:27,744 [Listener at localhost/10876] INFO  server.RaftServer (RaftServerProxy.java:lambda$null$1(235)) - omNode-2: found a subdirectory /home/runner/work/ozone/ozone/hadoop-ozone/integration-test/target/test-dir/MiniOzoneClusterImpl-46302e84-7680-4986-b584-895fe31d4053/omNode-2/ratis/c9bc4cf4-3bc3-3c60-a66b-523986131536
2021-10-05 01:18:27,744 [Listener at localhost/10876] INFO  server.RaftServer (RaftServerProxy.java:addNew(95)) - omNode-2: addNew group-523986131536:[omNode-3|rpc:localhost:10892|priority:0, omNode-1|rpc:localhost:10880|priority:0, omNode-2|rpc:localhost:10886|priority:0] returns group-523986131536:java.util.concurrent.CompletableFuture@123eef39[Not completed]
2021-10-05 01:18:27,745 [Listener at localhost/10876] INFO  om.OzoneManager (OzoneManager.java:initializeRatisServer(1585)) - OzoneManager Ratis server initialized at port 10886
2021-10-05 01:18:27,745 [Listener at localhost/10876] INFO  ratis.OzoneManagerRatisServer (OzoneManagerRatisServer.java:start(516)) - Starting OzoneManagerRatisServer omNode-2 at port 10886
2021-10-05 01:18:27,745 [pool-331-thread-1] INFO  server.RaftServer$Division (RaftServerImpl.java:<init>(181)) - omNode-2: new RaftServerImpl for group-523986131536:[omNode-3|rpc:localhost:10892|priority:0, omNode-1|rpc:localhost:10880|priority:0, omNode-2|rpc:localhost:10886|priority:0] with OzoneManagerStateMachine:uninitialized
2021-10-05 01:18:27,746 [pool-331-thread-1] INFO  server.RaftServerConfigKeys (ConfUtils.java:logGet(44)) - raft.server.rpc.timeout.min = 1s (custom)
2021-10-05 01:18:27,746 [pool-331-thread-1] INFO  server.RaftServerConfigKeys (ConfUtils.java:logGet(44)) - raft.server.rpc.timeout.max = 1200ms (custom)
2021-10-05 01:18:27,746 [pool-331-thread-1] INFO  server.RaftServerConfigKeys (ConfUtils.java:logGet(44)) - raft.server.rpc.sleep.time = 25ms (default)
2021-10-05 01:18:27,746 [pool-331-thread-1] INFO  server.RaftServerConfigKeys (ConfUtils.java:logGet(44)) - raft.server.rpc.slowness.timeout = 2s (custom)
2021-10-05 01:18:27,746 [pool-331-thread-1] INFO  server.RaftServerConfigKeys (ConfUtils.java:logGet(44)) - raft.server.leaderelection.leader.step-down.wait-time = 10s (default)
2021-10-05 01:18:27,746 [pool-331-thread-1] INFO  server.RaftServerConfigKeys (ConfUtils.java:logGet(44)) - raft.server.sleep.deviation.threshold = 300ms (default)
2021-10-05 01:18:27,746 [pool-331-thread-1] INFO  server.RaftServerConfigKeys (ConfUtils.java:logGet(44)) - raft.server.log.appender.install.snapshot.enabled = false (custom)
2021-10-05 01:18:27,746 [pool-331-thread-1] INFO  server.RaftServer$Division (ServerState.java:<init>(105)) - omNode-2@group-523986131536: ConfigurationManager, init=-1: [omNode-3|rpc:localhost:10892|priority:0, omNode-1|rpc:localhost:10880|priority:0, omNode-2|rpc:localhost:10886|priority:0], old=null, confs=<EMPTY_MAP>
2021-10-05 01:18:27,746 [pool-331-thread-1] INFO  server.RaftServerConfigKeys (ConfUtils.java:logGet(44)) - raft.server.storage.dir = [/home/runner/work/ozone/ozone/hadoop-ozone/integration-test/target/test-dir/MiniOzoneClusterImpl-46302e84-7680-4986-b584-895fe31d4053/omNode-2/ratis] (custom)
2021-10-05 01:18:27,746 [pool-331-thread-1] INFO  server.RaftServerConfigKeys (ConfUtils.java:logGet(44)) - raft.server.log.corruption.policy = EXCEPTION (default)
2021-10-05 01:18:27,746 [pool-331-thread-1] INFO  server.RaftServerConfigKeys (ConfUtils.java:logGet(44)) - raft.server.storage.free-space.min = 0MB (=0) (default)
2021-10-05 01:18:27,747 [pool-331-thread-1] INFO  storage.RaftStorageDirectory (RaftStorageDirectoryImpl.java:tryLock(230)) - Lock on /home/runner/work/ozone/ozone/hadoop-ozone/integration-test/target/test-dir/MiniOzoneClusterImpl-46302e84-7680-4986-b584-895fe31d4053/omNode-2/ratis/c9bc4cf4-3bc3-3c60-a66b-523986131536/in_use.lock acquired by nodename 8677@fv-az50-768
2021-10-05 01:18:27,748 [pool-331-thread-1] INFO  storage.RaftStorage (RaftStorageImpl.java:analyzeAndRecoverStorage(110)) - Read RaftStorageMetadata{term=6, votedFor=omNode-2} from /home/runner/work/ozone/ozone/hadoop-ozone/integration-test/target/test-dir/MiniOzoneClusterImpl-46302e84-7680-4986-b584-895fe31d4053/omNode-2/ratis/c9bc4cf4-3bc3-3c60-a66b-523986131536/current/raft-meta
2021-10-05 01:18:27,748 [pool-331-thread-1] INFO  server.RaftServer$Division (ServerState.java:setRaftConf(387)) - omNode-2@group-523986131536: set configuration 22: [omNode-3|rpc:localhost:10892|admin:|client:|dataStream:|priority:0, omNode-1|rpc:localhost:10880|admin:|client:|dataStream:|priority:0, omNode-2|rpc:localhost:10886|admin:|client:|dataStream:|priority:0], old=null
2021-10-05 01:18:27,748 [pool-331-thread-1] INFO  server.RaftServerConfigKeys (ConfUtils.java:logGet(44)) - raft.server.notification.no-leader.timeout = 2s (custom)
2021-10-05 01:18:27,748 [pool-331-thread-1] INFO  server.RaftServerConfigKeys (ConfUtils.java:logGet(44)) - raft.server.log.use.memory = false (default)
2021-10-05 01:18:27,748 [pool-331-thread-1] INFO  server.RaftServerConfigKeys (ConfUtils.java:logGet(44)) - raft.server.log.purge.gap = 50 (custom)
2021-10-05 01:18:27,748 [pool-331-thread-1] INFO  server.RaftServerConfigKeys (ConfUtils.java:logGet(44)) - raft.server.log.appender.buffer.byte-limit = 33554432 (custom)
2021-10-05 01:18:27,748 [pool-331-thread-1] INFO  server.RaftServerConfigKeys (ConfUtils.java:logGet(44)) - raft.server.log.segment.size.max = 4194304 (custom)
2021-10-05 01:18:27,749 [pool-331-thread-1] INFO  server.RaftServerConfigKeys (ConfUtils.java:logGet(44)) - raft.server.log.segment.cache.num.max = 2 (custom)
2021-10-05 01:18:27,749 [pool-331-thread-1] INFO  server.RaftServerConfigKeys (ConfUtils.java:logGet(44)) - raft.server.log.segment.cache.size.max = 200MB (=209715200) (default)
2021-10-05 01:18:27,749 [pool-331-thread-1] INFO  segmented.SegmentedRaftLogWorker (SegmentedRaftLogWorker.java:<init>(182)) - new omNode-2@group-523986131536-SegmentedRaftLogWorker for RaftStorageImpl:Storage Directory /home/runner/work/ozone/ozone/hadoop-ozone/integration-test/target/test-dir/MiniOzoneClusterImpl-46302e84-7680-4986-b584-895fe31d4053/omNode-2/ratis/c9bc4cf4-3bc3-3c60-a66b-523986131536
2021-10-05 01:18:27,749 [pool-331-thread-1] INFO  server.RaftServerConfigKeys (ConfUtils.java:logGet(44)) - raft.server.log.queue.byte-limit = 64MB (=67108864) (default)
2021-10-05 01:18:27,749 [pool-331-thread-1] INFO  server.RaftServerConfigKeys (ConfUtils.java:logGet(44)) - raft.server.log.queue.element-limit = 4096 (default)
2021-10-05 01:18:27,749 [pool-331-thread-1] INFO  server.RaftServerConfigKeys (ConfUtils.java:logGet(44)) - raft.server.log.segment.size.max = 4194304 (custom)
2021-10-05 01:18:27,749 [pool-331-thread-1] INFO  server.RaftServerConfigKeys (ConfUtils.java:logGet(44)) - raft.server.log.preallocated.size = 4194304 (custom)
2021-10-05 01:18:27,749 [pool-331-thread-1] INFO  server.RaftServerConfigKeys (ConfUtils.java:logGet(44)) - raft.server.log.force.sync.num = 128 (default)
2021-10-05 01:18:27,749 [pool-331-thread-1] INFO  server.RaftServerConfigKeys (ConfUtils.java:logGet(44)) - raft.server.log.statemachine.data.sync = true (default)
2021-10-05 01:18:27,749 [pool-331-thread-1] INFO  server.RaftServerConfigKeys (ConfUtils.java:logGet(44)) - raft.server.log.statemachine.data.sync.timeout = 10s (default)
2021-10-05 01:18:27,749 [pool-331-thread-1] INFO  server.RaftServerConfigKeys (ConfUtils.java:logGet(44)) - raft.server.log.statemachine.data.sync.timeout.retry = -1 (default)
2021-10-05 01:18:27,750 [pool-331-thread-1] INFO  server.RaftServerConfigKeys (ConfUtils.java:logGet(44)) - raft.server.log.write.buffer.size = 64KB (=65536) (default)
2021-10-05 01:18:27,750 [pool-331-thread-1] INFO  server.RaftServerConfigKeys (ConfUtils.java:logGet(44)) - raft.server.log.statemachine.data.caching.enabled = false (default)
2021-10-05 01:18:27,751 [pool-331-thread-1] INFO  server.RaftServer$Division (ServerState.java:setRaftConf(387)) - omNode-2@group-523986131536: set configuration 16: [omNode-3|rpc:localhost:10892|admin:|client:|dataStream:|priority:0, omNode-1|rpc:localhost:10880|admin:|client:|dataStream:|priority:0, omNode-2|rpc:localhost:10886|admin:|client:|dataStream:|priority:0], old=null
2021-10-05 01:18:27,751 [pool-331-thread-1] INFO  segmented.LogSegment (LogSegment.java:loadSegment(173)) - Successfully read 2 entries from segment file /home/runner/work/ozone/ozone/hadoop-ozone/integration-test/target/test-dir/MiniOzoneClusterImpl-46302e84-7680-4986-b584-895fe31d4053/omNode-2/ratis/c9bc4cf4-3bc3-3c60-a66b-523986131536/current/log_16-17
2021-10-05 01:18:27,752 [pool-331-thread-1] INFO  server.RaftServer$Division (ServerState.java:setRaftConf(387)) - omNode-2@group-523986131536: set configuration 18: [omNode-3|rpc:localhost:10892|admin:|client:|dataStream:|priority:0, omNode-1|rpc:localhost:10880|admin:|client:|dataStream:|priority:0, omNode-2|rpc:localhost:10886|admin:|client:|dataStream:|priority:0], old=null
2021-10-05 01:18:27,752 [pool-331-thread-1] INFO  segmented.LogSegment (LogSegment.java:loadSegment(173)) - Successfully read 4 entries from segment file /home/runner/work/ozone/ozone/hadoop-ozone/integration-test/target/test-dir/MiniOzoneClusterImpl-46302e84-7680-4986-b584-895fe31d4053/omNode-2/ratis/c9bc4cf4-3bc3-3c60-a66b-523986131536/current/log_18-21
2021-10-05 01:18:27,752 [pool-331-thread-1] INFO  server.RaftServer$Division (ServerState.java:setRaftConf(387)) - omNode-2@group-523986131536: set configuration 22: [omNode-3|rpc:localhost:10892|admin:|client:|dataStream:|priority:0, omNode-1|rpc:localhost:10880|admin:|client:|dataStream:|priority:0, omNode-2|rpc:localhost:10886|admin:|client:|dataStream:|priority:0], old=null
2021-10-05 01:18:27,752 [pool-331-thread-1] INFO  segmented.LogSegment (LogSegment.java:loadSegment(173)) - Successfully read 4 entries from segment file /home/runner/work/ozone/ozone/hadoop-ozone/integration-test/target/test-dir/MiniOzoneClusterImpl-46302e84-7680-4986-b584-895fe31d4053/omNode-2/ratis/c9bc4cf4-3bc3-3c60-a66b-523986131536/current/log_22-25
2021-10-05 01:18:27,752 [pool-331-thread-1] INFO  server.RaftServer$Division (ServerState.java:setRaftConf(387)) - omNode-2@group-523986131536: set configuration 26: [omNode-3|rpc:localhost:10892|admin:|client:|dataStream:|priority:0, omNode-1|rpc:localhost:10880|admin:|client:|dataStream:|priority:0, omNode-2|rpc:localhost:10886|admin:|client:|dataStream:|priority:0], old=null
2021-10-05 01:18:27,753 [pool-331-thread-1] INFO  segmented.LogSegment (LogSegment.java:loadSegment(173)) - Successfully read 1 entries from segment file /home/runner/work/ozone/ozone/hadoop-ozone/integration-test/target/test-dir/MiniOzoneClusterImpl-46302e84-7680-4986-b584-895fe31d4053/omNode-2/ratis/c9bc4cf4-3bc3-3c60-a66b-523986131536/current/log_inprogress_26
2021-10-05 01:18:27,753 [pool-331-thread-1] INFO  segmented.SegmentedRaftLogWorker (SegmentedRaftLogWorker.java:lambda$new$0(133)) - omNode-2@group-523986131536-SegmentedRaftLogWorker: flushIndex: setUnconditionally 0 -> 26
2021-10-05 01:18:27,753 [pool-331-thread-1] INFO  segmented.SegmentedRaftLogWorker (SegmentedRaftLogWorker.java:lambda$new$0(133)) - omNode-2@group-523986131536-SegmentedRaftLogWorker: safeCacheEvictIndex: setUnconditionally 0 -> 25
2021-10-05 01:18:27,753 [pool-331-thread-1] INFO  raftlog.RaftLog (RaftLogBase.java:lambda$new$0(53)) - omNode-2@group-523986131536-SegmentedRaftLog: commitIndex: updateToMax old=25, new=24, updated? false
2021-10-05 01:18:27,753 [pool-331-thread-1] INFO  raftlog.RaftLog (RaftLogBase.java:lambda$new$0(53)) - omNode-2@group-523986131536-SegmentedRaftLog: purgeIndex: updateIncreasingly -1 -> 15
2021-10-05 01:18:27,753 [pool-331-thread-1] INFO  server.RaftServerConfigKeys (ConfUtils.java:logGet(44)) - raft.server.snapshot.auto.trigger.enabled = true (custom)
2021-10-05 01:18:27,753 [pool-331-thread-1] INFO  server.RaftServerConfigKeys (ConfUtils.java:logGet(44)) - raft.server.snapshot.auto.trigger.threshold = 50 (custom)
2021-10-05 01:18:27,753 [pool-331-thread-1] INFO  server.RaftServerConfigKeys (ConfUtils.java:logGet(44)) - raft.server.snapshot.retention.file.num = -1 (default)
2021-10-05 01:18:27,753 [pool-331-thread-1] INFO  server.RaftServerConfigKeys (ConfUtils.java:logGet(44)) - raft.server.log.purge.upto.snapshot.index = true (custom)
2021-10-05 01:18:27,753 [pool-331-thread-1] INFO  server.RaftServerConfigKeys (ConfUtils.java:logGet(44)) - raft.server.retrycache.expirytime = 30000ms (custom)
2021-10-05 01:18:27,753 [pool-331-thread-1] INFO  server.RaftServerConfigKeys (ConfUtils.java:logGet(44)) - raft.server.retrycache.statistics.expirytime = 100μs (default)
2021-10-05 01:18:27,755 [Listener at localhost/10876] INFO  server.RaftServer$Division (RaftServerImpl.java:start(296)) - omNode-2@group-523986131536: start as a follower, conf=26: [omNode-3|rpc:localhost:10892|admin:|client:|dataStream:|priority:0, omNode-1|rpc:localhost:10880|admin:|client:|dataStream:|priority:0, omNode-2|rpc:localhost:10886|admin:|client:|dataStream:|priority:0], old=null
2021-10-05 01:18:27,755 [Listener at localhost/10876] INFO  server.RaftServer$Division (RaftServerImpl.java:setRole(285)) - omNode-2@group-523986131536: changes role from      null to FOLLOWER at term 6 for startAsFollower
2021-10-05 01:18:27,755 [Listener at localhost/10876] INFO  impl.RoleInfo (RoleInfo.java:updateAndGet(130)) - omNode-2: start omNode-2@group-523986131536-FollowerState
2021-10-05 01:18:27,755 [Listener at localhost/10876] INFO  util.JmxRegister (JmxRegister.java:tryRegister(44)) - Successfully registered JMX Bean with object name Ratis:service=RaftServer,group=group-523986131536,id=omNode-2
2021-10-05 01:18:27,756 [Listener at localhost/10876] INFO  server.RaftServer (RaftServerProxy.java:lambda$start$5(374)) - omNode-2: start RPC server
2021-10-05 01:18:27,762 [Listener at localhost/10876] INFO  server.GrpcService (GrpcService.java:startImpl(253)) - omNode-2: GrpcService started, listening on 10886
2021-10-05 01:18:27,765 [org.apache.ratis.util.JvmPauseMonitor$$Lambda$523/848064357@2067fdac] INFO  util.JvmPauseMonitor (JvmPauseMonitor.java:run(103)) - JvmPauseMonitor-omNode-2: Started
2021-10-05 01:18:27,765 [Listener at localhost/10876] INFO  ipc.CallQueueManager (CallQueueManager.java:<init>(90)) - Using callQueue: class java.util.concurrent.LinkedBlockingQueue, queueCapacity: 2000, scheduler: class org.apache.hadoop.ipc.DefaultRpcScheduler, ipcBackoff: false.
2021-10-05 01:18:27,766 [Socket Reader #1 for port 10882] INFO  ipc.Server (Server.java:run(1265)) - Starting Socket Reader #1 for port 10882
2021-10-05 01:18:27,768 [Listener at localhost/10882] INFO  http.BaseHttpServer (BaseHttpServer.java:newHttpServer2BuilderForOzone(209)) - Starting Web-server for ozoneManager at: http://0.0.0.0:10884
2021-10-05 01:18:27,768 [Listener at localhost/10882] INFO  http.BaseHttpServer (BaseHttpServer.java:<init>(107)) - Hadoop Security Enabled: false Ozone Security Enabled: false Ozone HTTP Security Enabled: false 
2021-10-05 01:18:27,770 [Listener at localhost/10882] INFO  server.AuthenticationFilter (AuthenticationFilter.java:constructSecretProvider(240)) - Unable to initialize FileSignerSecretProvider, falling back to use random secrets.
2021-10-05 01:18:27,770 [Listener at localhost/10882] WARN  http.HttpRequestLog (HttpRequestLog.java:getRequestLog(103)) - Jetty request log can only be enabled using Log4j
2021-10-05 01:18:27,771 [Listener at localhost/10882] INFO  http.HttpServer2 (HttpServer2.java:addGlobalFilter(1030)) - Added global filter 'safety' (class=org.apache.hadoop.hdds.server.http.HttpServer2$QuotingInputFilter)
2021-10-05 01:18:27,772 [Listener at localhost/10882] INFO  http.HttpServer2 (HttpServer2.java:addFilter(1006)) - Added filter static_user_filter (class=org.apache.hadoop.http.lib.StaticUserWebFilter$StaticUserFilter) to context ozoneManager
2021-10-05 01:18:27,772 [Listener at localhost/10882] INFO  http.HttpServer2 (HttpServer2.java:addFilter(1014)) - Added filter static_user_filter (class=org.apache.hadoop.http.lib.StaticUserWebFilter$StaticUserFilter) to context static
2021-10-05 01:18:27,772 [Listener at localhost/10882] INFO  http.HttpServer2 (HttpServer2.java:addFilter(1014)) - Added filter static_user_filter (class=org.apache.hadoop.http.lib.StaticUserWebFilter$StaticUserFilter) to context logs
2021-10-05 01:18:27,773 [Listener at localhost/10882] INFO  http.HttpServer2 (HttpServer2.java:bindListener(1249)) - Jetty bound to port 10884
2021-10-05 01:18:27,773 [Listener at localhost/10882] INFO  server.Server (Server.java:doStart(375)) - jetty-9.4.43.v20210629; built: 2021-06-30T11:07:22.254Z; git: 526006ecfa3af7f1a27ef3a288e2bef7ea9dd7e8; jvm 1.8.0_292-b10
2021-10-05 01:18:27,778 [Listener at localhost/10882] INFO  server.session (DefaultSessionIdManager.java:doStart(334)) - DefaultSessionIdManager workerName=node0
2021-10-05 01:18:27,778 [Listener at localhost/10882] INFO  server.session (DefaultSessionIdManager.java:doStart(339)) - No SessionScavenger set, using defaults
2021-10-05 01:18:27,778 [Listener at localhost/10882] INFO  server.session (HouseKeeper.java:startScavenging(132)) - node0 Scavenging every 660000ms
2021-10-05 01:18:27,779 [Listener at localhost/10882] INFO  handler.ContextHandler (ContextHandler.java:doStart(915)) - Started o.e.j.s.ServletContextHandler@6100bf59{logs,/logs,file:///home/runner/work/ozone/ozone/hadoop-ozone/integration-test/target/log,AVAILABLE}
2021-10-05 01:18:27,780 [Listener at localhost/10882] INFO  handler.ContextHandler (ContextHandler.java:doStart(915)) - Started o.e.j.s.ServletContextHandler@8b100a{static,/static,file:///home/runner/work/ozone/ozone/hadoop-ozone/integration-test/target/test-classes/webapps/static,AVAILABLE}
2021-10-05 01:18:27,791 [Listener at localhost/10882] INFO  handler.ContextHandler (ContextHandler.java:doStart(915)) - Started o.e.j.w.WebAppContext@13a1c1d{ozoneManager,/,file:///home/runner/work/ozone/ozone/hadoop-ozone/integration-test/target/test-classes/webapps/ozoneManager/,AVAILABLE}{file:/home/runner/work/ozone/ozone/hadoop-ozone/integration-test/target/test-classes/webapps/ozoneManager}
2021-10-05 01:18:27,792 [Listener at localhost/10882] INFO  server.AbstractConnector (AbstractConnector.java:doStart(331)) - Started ServerConnector@704ea49d{HTTP/1.1, (http/1.1)}{0.0.0.0:10884}
2021-10-05 01:18:27,792 [Listener at localhost/10882] INFO  server.Server (Server.java:doStart(415)) - Started @281170ms
2021-10-05 01:18:27,792 [Listener at localhost/10882] WARN  impl.MetricsSystemImpl (MetricsSystemImpl.java:register(279)) - Sink prometheus already exists!
2021-10-05 01:18:27,793 [Listener at localhost/10882] INFO  http.BaseHttpServer (BaseHttpServer.java:updateConnectorAddress(329)) - HTTP server of ozoneManager listening at http://0.0.0.0:10884
2021-10-05 01:18:27,796 [IPC Server Responder] INFO  ipc.Server (Server.java:run(1507)) - IPC Server Responder: starting
2021-10-05 01:18:27,797 [IPC Server listener on 10882] INFO  ipc.Server (Server.java:run(1344)) - IPC Server listener on 10882: starting
2021-10-05 01:18:27,802 [Listener at localhost/10882] INFO  om.OzoneManager (OzoneManager.java:startTrashEmptier(1543)) - Trash Interval set to 0. Files deleted will not move to trash
2021-10-05 01:18:27,817 [org.apache.hadoop.util.JvmPauseMonitor$Monitor@5fc6925] INFO  util.JvmPauseMonitor (JvmPauseMonitor.java:run(188)) - Starting JVM pause monitor
]]></system-out>
  </testcase>
  <testcase name="testPrepareDownedOM" classname="org.apache.hadoop.ozone.om.TestOzoneManagerPrepare" time="124.54">
    <error message="timeout: after 120000 millis" type="java.util.concurrent.TimeoutException">java.util.concurrent.TimeoutException: timeout: after 120000 millis
	at org.apache.ozone.test.LambdaTestUtils$GenerateTimeout.evaluate(LambdaTestUtils.java:677)
	at org.apache.ozone.test.LambdaTestUtils.await(LambdaTestUtils.java:154)
	at org.apache.ozone.test.LambdaTestUtils.await(LambdaTestUtils.java:192)
	at org.apache.hadoop.ozone.om.TestOzoneManagerPrepare.assertClusterNotPrepared(TestOzoneManagerPrepare.java:484)
	at org.apache.hadoop.ozone.om.TestOzoneManagerPrepare.assertClusterNotPrepared(TestOzoneManagerPrepare.java:478)
	at org.apache.hadoop.ozone.om.TestOzoneManagerPrepare.initOM(TestOzoneManagerPrepare.java:91)
	at sun.reflect.NativeMethodAccessorImpl.invoke0(Native Method)
	at sun.reflect.NativeMethodAccessorImpl.invoke(NativeMethodAccessorImpl.java:62)
	at sun.reflect.DelegatingMethodAccessorImpl.invoke(DelegatingMethodAccessorImpl.java:43)
	at java.lang.reflect.Method.invoke(Method.java:498)
	at org.junit.runners.model.FrameworkMethod$1.runReflectiveCall(FrameworkMethod.java:59)
	at org.junit.internal.runners.model.ReflectiveCallable.run(ReflectiveCallable.java:12)
	at org.junit.runners.model.FrameworkMethod.invokeExplosively(FrameworkMethod.java:56)
	at org.junit.internal.runners.statements.RunBefores.invokeMethod(RunBefores.java:33)
	at org.junit.internal.runners.statements.RunBefores.evaluate(RunBefores.java:24)
	at org.junit.internal.runners.statements.RunAfters.evaluate(RunAfters.java:27)
	at org.junit.rules.ExpectedException$ExpectedExceptionStatement.evaluate(ExpectedException.java:258)
	at org.junit.internal.runners.statements.FailOnTimeout$CallableStatement.call(FailOnTimeout.java:288)
	at org.junit.internal.runners.statements.FailOnTimeout$CallableStatement.call(FailOnTimeout.java:282)
	at java.util.concurrent.FutureTask.run(FutureTask.java:266)
	at java.lang.Thread.run(Thread.java:748)
</error>
    <system-out><![CDATA[2021-10-05 01:18:27,829 [Time-limited test] INFO  retry.RetryInvocationHandler (RetryInvocationHandler.java:log(411)) - com.google.protobuf.ServiceException: org.apache.hadoop.ipc.RemoteException(org.apache.hadoop.ozone.om.exceptions.OMNotLeaderException): OM:omNode-3 is not the leader. Could not determine the leader node.
	at org.apache.hadoop.ozone.om.ratis.utils.OzoneManagerRatisUtils.createNotLeaderException(OzoneManagerRatisUtils.java:465)
	at org.apache.hadoop.ozone.om.ratis.utils.OzoneManagerRatisUtils.checkLeaderStatus(OzoneManagerRatisUtils.java:451)
	at org.apache.hadoop.ozone.protocolPB.OzoneManagerProtocolServerSideTranslatorPB.checkLeaderStatus(OzoneManagerProtocolServerSideTranslatorPB.java:242)
	at org.apache.hadoop.ozone.protocolPB.OzoneManagerProtocolServerSideTranslatorPB.processRequest(OzoneManagerProtocolServerSideTranslatorPB.java:135)
	at org.apache.hadoop.hdds.server.OzoneProtocolMessageDispatcher.processRequest(OzoneProtocolMessageDispatcher.java:87)
	at org.apache.hadoop.ozone.protocolPB.OzoneManagerProtocolServerSideTranslatorPB.submitRequest(OzoneManagerProtocolServerSideTranslatorPB.java:123)
	at org.apache.hadoop.ozone.protocol.proto.OzoneManagerProtocolProtos$OzoneManagerService$2.callBlockingMethod(OzoneManagerProtocolProtos.java)
	at org.apache.hadoop.ipc.ProtobufRpcEngine$Server.processCall(ProtobufRpcEngine.java:466)
	at org.apache.hadoop.ipc.ProtobufRpcEngine2$Server$ProtoBufRpcInvoker.call(ProtobufRpcEngine2.java:574)
	at org.apache.hadoop.ipc.ProtobufRpcEngine2$Server$ProtoBufRpcInvoker.call(ProtobufRpcEngine2.java:552)
	at org.apache.hadoop.ipc.RPC$Server.call(RPC.java:1093)
	at org.apache.hadoop.ipc.Server$RpcCall.run(Server.java:1035)
	at org.apache.hadoop.ipc.Server$RpcCall.run(Server.java:963)
	at java.security.AccessController.doPrivileged(Native Method)
	at javax.security.auth.Subject.doAs(Subject.java:422)
	at org.apache.hadoop.security.UserGroupInformation.doAs(UserGroupInformation.java:1878)
	at org.apache.hadoop.ipc.Server$Handler.run(Server.java:2966)
, while invoking $Proxy52.submitRequest over nodeId=omNode-3,nodeAddress=127.0.0.1:10888. Trying to failover after sleeping for 2000ms.
2021-10-05 01:18:28,494 [omNode-3@group-523986131536-FollowerState] INFO  impl.FollowerState (FollowerState.java:run(134)) - omNode-3@group-523986131536-FollowerState: change to CANDIDATE, lastRpcElapsedTime:1102660826ns, electionTimeout:1094ms
2021-10-05 01:18:28,494 [omNode-3@group-523986131536-FollowerState] INFO  impl.RoleInfo (RoleInfo.java:shutdownFollowerState(108)) - omNode-3: shutdown omNode-3@group-523986131536-FollowerState
2021-10-05 01:18:28,494 [omNode-3@group-523986131536-FollowerState] INFO  server.RaftServer$Division (RaftServerImpl.java:setRole(285)) - omNode-3@group-523986131536: changes role from  FOLLOWER to CANDIDATE at term 5 for changeToCandidate
2021-10-05 01:18:28,494 [omNode-3@group-523986131536-FollowerState] INFO  server.RaftServerConfigKeys (ConfUtils.java:logGet(44)) - raft.server.leaderelection.pre-vote = false (custom)
2021-10-05 01:18:28,494 [omNode-3@group-523986131536-FollowerState] INFO  impl.RoleInfo (RoleInfo.java:updateAndGet(130)) - omNode-3: start omNode-3@group-523986131536-LeaderElection15
2021-10-05 01:18:28,499 [omNode-3@group-523986131536-LeaderElection15] INFO  impl.LeaderElection (LeaderElection.java:askForVotes(306)) - omNode-3@group-523986131536-LeaderElection15 ELECTION round 0: submit vote requests at term 6 for 22: [omNode-3|rpc:localhost:10892|admin:|client:|dataStream:|priority:0, omNode-1|rpc:localhost:10880|admin:|client:|dataStream:|priority:0, omNode-2|rpc:localhost:10886|admin:|client:|dataStream:|priority:0], old=null
2021-10-05 01:18:28,508 [grpc-default-executor-6] INFO  server.RaftServer$Division (RaftServerImpl.java:requestVote(1043)) - omNode-1@group-523986131536: receive requestVote(ELECTION, omNode-3, group-523986131536, 6, (t:5, i:25))
2021-10-05 01:18:28,508 [grpc-default-executor-6] INFO  impl.VoteContext (VoteContext.java:log(48)) - omNode-1@group-523986131536-FOLLOWER: reject ELECTION from omNode-3: already has voted for omNode-2 at current term 6
2021-10-05 01:18:28,509 [grpc-default-executor-6] INFO  server.RaftServer$Division (RaftServerImpl.java:requestVote(1075)) - omNode-1@group-523986131536 replies to ELECTION vote request: omNode-3<-omNode-1#0:FAIL-t6. Peer's state: omNode-1@group-523986131536:t6, leader=null, voted=omNode-2, raftlog=omNode-1@group-523986131536-SegmentedRaftLog:OPENED:c15,f15,i0, conf=26: [omNode-3|rpc:localhost:10892|admin:|client:|dataStream:|priority:0, omNode-1|rpc:localhost:10880|admin:|client:|dataStream:|priority:0, omNode-2|rpc:localhost:10886|admin:|client:|dataStream:|priority:0], old=null
2021-10-05 01:18:28,513 [grpc-default-executor-6] INFO  server.RaftServer$Division (RaftServerImpl.java:requestVote(1043)) - omNode-2@group-523986131536: receive requestVote(ELECTION, omNode-3, group-523986131536, 6, (t:5, i:25))
2021-10-05 01:18:28,513 [grpc-default-executor-6] INFO  impl.VoteContext (VoteContext.java:log(48)) - omNode-2@group-523986131536-FOLLOWER: reject ELECTION from omNode-3: already has voted for omNode-2 at current term 6
2021-10-05 01:18:28,513 [grpc-default-executor-6] INFO  server.RaftServer$Division (RaftServerImpl.java:requestVote(1075)) - omNode-2@group-523986131536 replies to ELECTION vote request: omNode-3<-omNode-2#0:FAIL-t6. Peer's state: omNode-2@group-523986131536:t6, leader=null, voted=omNode-2, raftlog=omNode-2@group-523986131536-SegmentedRaftLog:OPENED:c25,f26,i26, conf=26: [omNode-3|rpc:localhost:10892|admin:|client:|dataStream:|priority:0, omNode-1|rpc:localhost:10880|admin:|client:|dataStream:|priority:0, omNode-2|rpc:localhost:10886|admin:|client:|dataStream:|priority:0], old=null
2021-10-05 01:18:28,515 [omNode-3@group-523986131536-LeaderElection15] INFO  impl.LeaderElection (LeaderElection.java:logAndReturn(89)) - omNode-3@group-523986131536-LeaderElection15: ELECTION REJECTED received 2 response(s) and 0 exception(s):
2021-10-05 01:18:28,515 [omNode-3@group-523986131536-LeaderElection15] INFO  impl.LeaderElection (LeaderElection.java:logAndReturn(93)) -   Response 0: omNode-3<-omNode-1#0:FAIL-t6
2021-10-05 01:18:28,515 [omNode-3@group-523986131536-LeaderElection15] INFO  impl.LeaderElection (LeaderElection.java:logAndReturn(93)) -   Response 1: omNode-3<-omNode-2#0:FAIL-t6
2021-10-05 01:18:28,515 [omNode-3@group-523986131536-LeaderElection15] INFO  impl.LeaderElection (LeaderElection.java:askForVotes(308)) - omNode-3@group-523986131536-LeaderElection15 ELECTION round 0: result REJECTED
2021-10-05 01:18:28,515 [omNode-3@group-523986131536-LeaderElection15] INFO  server.RaftServer$Division (RaftServerImpl.java:setRole(285)) - omNode-3@group-523986131536: changes role from CANDIDATE to FOLLOWER at term 6 for REJECTED
2021-10-05 01:18:28,516 [omNode-3@group-523986131536-LeaderElection15] INFO  impl.RoleInfo (RoleInfo.java:shutdownLeaderElection(121)) - omNode-3: shutdown omNode-3@group-523986131536-LeaderElection15
2021-10-05 01:18:28,516 [omNode-3@group-523986131536-LeaderElection15] INFO  impl.RoleInfo (RoleInfo.java:updateAndGet(130)) - omNode-3: start omNode-3@group-523986131536-FollowerState
2021-10-05 01:18:28,688 [omNode-1@group-523986131536-FollowerState] INFO  impl.FollowerState (FollowerState.java:run(134)) - omNode-1@group-523986131536-FollowerState: change to CANDIDATE, lastRpcElapsedTime:1100936024ns, electionTimeout:1078ms
2021-10-05 01:18:28,689 [omNode-1@group-523986131536-FollowerState] INFO  impl.RoleInfo (RoleInfo.java:shutdownFollowerState(108)) - omNode-1: shutdown omNode-1@group-523986131536-FollowerState
2021-10-05 01:18:28,689 [omNode-1@group-523986131536-FollowerState] INFO  server.RaftServer$Division (RaftServerImpl.java:setRole(285)) - omNode-1@group-523986131536: changes role from  FOLLOWER to CANDIDATE at term 6 for changeToCandidate
2021-10-05 01:18:28,689 [omNode-1@group-523986131536-FollowerState] INFO  server.RaftServerConfigKeys (ConfUtils.java:logGet(44)) - raft.server.leaderelection.pre-vote = false (custom)
2021-10-05 01:18:28,689 [omNode-1@group-523986131536-FollowerState] INFO  impl.RoleInfo (RoleInfo.java:updateAndGet(130)) - omNode-1: start omNode-1@group-523986131536-LeaderElection16
2021-10-05 01:18:28,691 [omNode-1@group-523986131536-LeaderElection16] INFO  impl.LeaderElection (LeaderElection.java:askForVotes(306)) - omNode-1@group-523986131536-LeaderElection16 ELECTION round 0: submit vote requests at term 7 for 26: [omNode-3|rpc:localhost:10892|admin:|client:|dataStream:|priority:0, omNode-1|rpc:localhost:10880|admin:|client:|dataStream:|priority:0, omNode-2|rpc:localhost:10886|admin:|client:|dataStream:|priority:0], old=null
2021-10-05 01:18:28,707 [grpc-default-executor-6] INFO  server.RaftServer$Division (RaftServerImpl.java:requestVote(1043)) - omNode-2@group-523986131536: receive requestVote(ELECTION, omNode-1, group-523986131536, 7, (t:2, i:15))
2021-10-05 01:18:28,707 [grpc-default-executor-6] INFO  impl.VoteContext (VoteContext.java:log(48)) - omNode-2@group-523986131536-FOLLOWER: reject ELECTION from omNode-1: our last entry (t:6, i:26) > candidate's last entry (t:2, i:15)
2021-10-05 01:18:28,707 [grpc-default-executor-6] INFO  server.RaftServer$Division (RaftServerImpl.java:setRole(285)) - omNode-2@group-523986131536: changes role from  FOLLOWER to FOLLOWER at term 7 for candidate:omNode-1
2021-10-05 01:18:28,707 [grpc-default-executor-6] INFO  impl.RoleInfo (RoleInfo.java:shutdownFollowerState(108)) - omNode-2: shutdown omNode-2@group-523986131536-FollowerState
2021-10-05 01:18:28,707 [grpc-default-executor-6] INFO  impl.RoleInfo (RoleInfo.java:updateAndGet(130)) - omNode-2: start omNode-2@group-523986131536-FollowerState
2021-10-05 01:18:28,708 [omNode-2@group-523986131536-FollowerState] INFO  impl.FollowerState (FollowerState.java:run(143)) - omNode-2@group-523986131536-FollowerState was interrupted: {}
java.lang.InterruptedException: sleep interrupted
	at java.lang.Thread.sleep(Native Method)
	at java.lang.Thread.sleep(Thread.java:340)
	at java.util.concurrent.TimeUnit.sleep(TimeUnit.java:386)
	at org.apache.ratis.util.TimeDuration.sleep(TimeDuration.java:324)
	at org.apache.ratis.util.TimeDuration.sleep(TimeDuration.java:309)
	at org.apache.ratis.server.impl.FollowerState.run(FollowerState.java:118)
2021-10-05 01:18:28,709 [grpc-default-executor-6] INFO  server.RaftServer$Division (RaftServerImpl.java:requestVote(1075)) - omNode-2@group-523986131536 replies to ELECTION vote request: omNode-1<-omNode-2#0:FAIL-t7. Peer's state: omNode-2@group-523986131536:t7, leader=null, voted=null, raftlog=omNode-2@group-523986131536-SegmentedRaftLog:OPENED:c25,f26,i26, conf=26: [omNode-3|rpc:localhost:10892|admin:|client:|dataStream:|priority:0, omNode-1|rpc:localhost:10880|admin:|client:|dataStream:|priority:0, omNode-2|rpc:localhost:10886|admin:|client:|dataStream:|priority:0], old=null
2021-10-05 01:18:28,716 [grpc-default-executor-6] INFO  server.RaftServer$Division (RaftServerImpl.java:requestVote(1043)) - omNode-3@group-523986131536: receive requestVote(ELECTION, omNode-1, group-523986131536, 7, (t:2, i:15))
2021-10-05 01:18:28,716 [grpc-default-executor-6] INFO  impl.VoteContext (VoteContext.java:log(48)) - omNode-3@group-523986131536-FOLLOWER: reject ELECTION from omNode-1: our last entry (t:5, i:25) > candidate's last entry (t:2, i:15)
2021-10-05 01:18:28,717 [grpc-default-executor-6] INFO  server.RaftServer$Division (RaftServerImpl.java:setRole(285)) - omNode-3@group-523986131536: changes role from  FOLLOWER to FOLLOWER at term 7 for candidate:omNode-1
2021-10-05 01:18:28,717 [grpc-default-executor-6] INFO  impl.RoleInfo (RoleInfo.java:shutdownFollowerState(108)) - omNode-3: shutdown omNode-3@group-523986131536-FollowerState
2021-10-05 01:18:28,717 [grpc-default-executor-6] INFO  impl.RoleInfo (RoleInfo.java:updateAndGet(130)) - omNode-3: start omNode-3@group-523986131536-FollowerState
2021-10-05 01:18:28,717 [omNode-3@group-523986131536-FollowerState] INFO  impl.FollowerState (FollowerState.java:run(143)) - omNode-3@group-523986131536-FollowerState was interrupted: {}
java.lang.InterruptedException: sleep interrupted
	at java.lang.Thread.sleep(Native Method)
	at java.lang.Thread.sleep(Thread.java:340)
	at java.util.concurrent.TimeUnit.sleep(TimeUnit.java:386)
	at org.apache.ratis.util.TimeDuration.sleep(TimeDuration.java:324)
	at org.apache.ratis.util.TimeDuration.sleep(TimeDuration.java:309)
	at org.apache.ratis.server.impl.FollowerState.run(FollowerState.java:118)
2021-10-05 01:18:28,720 [grpc-default-executor-6] INFO  server.RaftServer$Division (RaftServerImpl.java:requestVote(1075)) - omNode-3@group-523986131536 replies to ELECTION vote request: omNode-1<-omNode-3#0:FAIL-t7. Peer's state: omNode-3@group-523986131536:t7, leader=null, voted=null, raftlog=omNode-3@group-523986131536-SegmentedRaftLog:OPENED:c25,f25,i25, conf=22: [omNode-3|rpc:localhost:10892|admin:|client:|dataStream:|priority:0, omNode-1|rpc:localhost:10880|admin:|client:|dataStream:|priority:0, omNode-2|rpc:localhost:10886|admin:|client:|dataStream:|priority:0], old=null
2021-10-05 01:18:28,722 [omNode-1@group-523986131536-LeaderElection16] INFO  impl.LeaderElection (LeaderElection.java:logAndReturn(89)) - omNode-1@group-523986131536-LeaderElection16: ELECTION REJECTED received 2 response(s) and 0 exception(s):
2021-10-05 01:18:28,723 [omNode-1@group-523986131536-LeaderElection16] INFO  impl.LeaderElection (LeaderElection.java:logAndReturn(93)) -   Response 0: omNode-1<-omNode-3#0:FAIL-t7
2021-10-05 01:18:28,723 [omNode-1@group-523986131536-LeaderElection16] INFO  impl.LeaderElection (LeaderElection.java:logAndReturn(93)) -   Response 1: omNode-1<-omNode-2#0:FAIL-t7
2021-10-05 01:18:28,723 [omNode-1@group-523986131536-LeaderElection16] INFO  impl.LeaderElection (LeaderElection.java:askForVotes(308)) - omNode-1@group-523986131536-LeaderElection16 ELECTION round 0: result REJECTED
2021-10-05 01:18:28,723 [omNode-1@group-523986131536-LeaderElection16] INFO  server.RaftServer$Division (RaftServerImpl.java:setRole(285)) - omNode-1@group-523986131536: changes role from CANDIDATE to FOLLOWER at term 7 for REJECTED
2021-10-05 01:18:28,723 [omNode-1@group-523986131536-LeaderElection16] INFO  impl.RoleInfo (RoleInfo.java:shutdownLeaderElection(121)) - omNode-1: shutdown omNode-1@group-523986131536-LeaderElection16
2021-10-05 01:18:28,723 [omNode-1@group-523986131536-LeaderElection16] INFO  impl.RoleInfo (RoleInfo.java:updateAndGet(130)) - omNode-1: start omNode-1@group-523986131536-FollowerState
2021-10-05 01:18:29,763 [omNode-2@group-523986131536-FollowerState] INFO  impl.FollowerState (FollowerState.java:run(134)) - omNode-2@group-523986131536-FollowerState: change to CANDIDATE, lastRpcElapsedTime:1055904462ns, electionTimeout:1051ms
2021-10-05 01:18:29,764 [omNode-2@group-523986131536-FollowerState] INFO  impl.RoleInfo (RoleInfo.java:shutdownFollowerState(108)) - omNode-2: shutdown omNode-2@group-523986131536-FollowerState
2021-10-05 01:18:29,764 [omNode-2@group-523986131536-FollowerState] INFO  server.RaftServer$Division (RaftServerImpl.java:setRole(285)) - omNode-2@group-523986131536: changes role from  FOLLOWER to CANDIDATE at term 7 for changeToCandidate
2021-10-05 01:18:29,767 [omNode-2@group-523986131536-FollowerState] INFO  server.RaftServerConfigKeys (ConfUtils.java:logGet(44)) - raft.server.leaderelection.pre-vote = false (custom)
2021-10-05 01:18:29,767 [omNode-2@group-523986131536-FollowerState] INFO  impl.RoleInfo (RoleInfo.java:updateAndGet(130)) - omNode-2: start omNode-2@group-523986131536-LeaderElection17
2021-10-05 01:18:29,775 [omNode-2@group-523986131536-LeaderElection17] INFO  impl.LeaderElection (LeaderElection.java:askForVotes(306)) - omNode-2@group-523986131536-LeaderElection17 ELECTION round 0: submit vote requests at term 8 for 26: [omNode-3|rpc:localhost:10892|admin:|client:|dataStream:|priority:0, omNode-1|rpc:localhost:10880|admin:|client:|dataStream:|priority:0, omNode-2|rpc:localhost:10886|admin:|client:|dataStream:|priority:0], old=null
2021-10-05 01:18:29,786 [grpc-default-executor-6] INFO  server.RaftServer$Division (RaftServerImpl.java:requestVote(1043)) - omNode-3@group-523986131536: receive requestVote(ELECTION, omNode-2, group-523986131536, 8, (t:6, i:26))
2021-10-05 01:18:29,786 [grpc-default-executor-6] INFO  impl.VoteContext (VoteContext.java:log(48)) - omNode-3@group-523986131536-FOLLOWER: accept ELECTION from omNode-2: our last entry (t:5, i:25) < candidate's last entry (t:6, i:26)
2021-10-05 01:18:29,786 [grpc-default-executor-6] INFO  server.RaftServer$Division (RaftServerImpl.java:setRole(285)) - omNode-3@group-523986131536: changes role from  FOLLOWER to FOLLOWER at term 8 for candidate:omNode-2
2021-10-05 01:18:29,786 [grpc-default-executor-6] INFO  impl.RoleInfo (RoleInfo.java:shutdownFollowerState(108)) - omNode-3: shutdown omNode-3@group-523986131536-FollowerState
2021-10-05 01:18:29,786 [grpc-default-executor-6] INFO  impl.RoleInfo (RoleInfo.java:updateAndGet(130)) - omNode-3: start omNode-3@group-523986131536-FollowerState
2021-10-05 01:18:29,786 [omNode-3@group-523986131536-FollowerState] INFO  impl.FollowerState (FollowerState.java:run(143)) - omNode-3@group-523986131536-FollowerState was interrupted: {}
java.lang.InterruptedException: sleep interrupted
	at java.lang.Thread.sleep(Native Method)
	at java.lang.Thread.sleep(Thread.java:340)
	at java.util.concurrent.TimeUnit.sleep(TimeUnit.java:386)
	at org.apache.ratis.util.TimeDuration.sleep(TimeDuration.java:324)
	at org.apache.ratis.util.TimeDuration.sleep(TimeDuration.java:309)
	at org.apache.ratis.server.impl.FollowerState.run(FollowerState.java:118)
2021-10-05 01:18:29,788 [grpc-default-executor-6] INFO  server.RaftServer$Division (RaftServerImpl.java:requestVote(1075)) - omNode-3@group-523986131536 replies to ELECTION vote request: omNode-2<-omNode-3#0:OK-t8. Peer's state: omNode-3@group-523986131536:t8, leader=null, voted=omNode-2, raftlog=omNode-3@group-523986131536-SegmentedRaftLog:OPENED:c25,f25,i25, conf=22: [omNode-3|rpc:localhost:10892|admin:|client:|dataStream:|priority:0, omNode-1|rpc:localhost:10880|admin:|client:|dataStream:|priority:0, omNode-2|rpc:localhost:10886|admin:|client:|dataStream:|priority:0], old=null
2021-10-05 01:18:29,792 [omNode-2@group-523986131536-LeaderElection17] INFO  impl.LeaderElection (LeaderElection.java:logAndReturn(89)) - omNode-2@group-523986131536-LeaderElection17: ELECTION PASSED received 1 response(s) and 0 exception(s):
2021-10-05 01:18:29,792 [omNode-2@group-523986131536-LeaderElection17] INFO  impl.LeaderElection (LeaderElection.java:logAndReturn(93)) -   Response 0: omNode-2<-omNode-3#0:OK-t8
2021-10-05 01:18:29,792 [omNode-2@group-523986131536-LeaderElection17] INFO  impl.LeaderElection (LeaderElection.java:askForVotes(308)) - omNode-2@group-523986131536-LeaderElection17 ELECTION round 0: result PASSED
2021-10-05 01:18:29,792 [omNode-2@group-523986131536-LeaderElection17] INFO  impl.RoleInfo (RoleInfo.java:shutdownLeaderElection(121)) - omNode-2: shutdown omNode-2@group-523986131536-LeaderElection17
2021-10-05 01:18:29,792 [omNode-2@group-523986131536-LeaderElection17] INFO  server.RaftServer$Division (RaftServerImpl.java:setRole(285)) - omNode-2@group-523986131536: changes role from CANDIDATE to LEADER at term 8 for changeToLeader
2021-10-05 01:18:29,792 [omNode-2@group-523986131536-LeaderElection17] INFO  server.RaftServer$Division (ServerState.java:setLeader(285)) - omNode-2@group-523986131536: change Leader from null to omNode-2 at term 8 for becomeLeader, leader elected after 2043ms
2021-10-05 01:18:29,792 [omNode-2@group-523986131536-LeaderElection17] INFO  server.RaftServerConfigKeys (ConfUtils.java:logGet(44)) - raft.server.staging.catchup.gap = 1000 (default)
2021-10-05 01:18:29,792 [omNode-2@group-523986131536-LeaderElection17] INFO  server.RaftServerConfigKeys (ConfUtils.java:logGet(44)) - raft.server.write.element-limit = 4096 (default)
2021-10-05 01:18:29,792 [omNode-2@group-523986131536-LeaderElection17] INFO  server.RaftServerConfigKeys (ConfUtils.java:logGet(44)) - raft.server.write.byte-limit = 64MB (=67108864) (default)
2021-10-05 01:18:29,793 [omNode-2@group-523986131536-LeaderElection17] INFO  server.RaftServerConfigKeys (ConfUtils.java:logGet(44)) - raft.server.watch.timeout = 10s (default)
2021-10-05 01:18:29,793 [omNode-2@group-523986131536-LeaderElection17] INFO  server.RaftServerConfigKeys (ConfUtils.java:logGet(44)) - raft.server.watch.timeout.denomination = 1s (default)
2021-10-05 01:18:29,793 [omNode-2@group-523986131536-LeaderElection17] INFO  server.RaftServerConfigKeys (ConfUtils.java:logGet(44)) - raft.server.watch.element-limit = 65536 (default)
2021-10-05 01:18:29,793 [omNode-2@group-523986131536-LeaderElection17] INFO  server.RaftServerConfigKeys (ConfUtils.java:logGet(44)) - raft.server.log.appender.snapshot.chunk.size.max = 16MB (=16777216) (default)
2021-10-05 01:18:29,793 [omNode-2@group-523986131536-LeaderElection17] INFO  server.RaftServerConfigKeys (ConfUtils.java:logGet(44)) - raft.server.log.appender.buffer.byte-limit = 33554432 (custom)
2021-10-05 01:18:29,793 [omNode-2@group-523986131536-LeaderElection17] INFO  server.RaftServerConfigKeys (ConfUtils.java:logGet(44)) - raft.server.log.appender.buffer.element-limit = 1024 (custom)
2021-10-05 01:18:29,793 [omNode-2@group-523986131536-LeaderElection17] INFO  grpc.GrpcConfigKeys (ConfUtils.java:logGet(44)) - raft.grpc.server.leader.outstanding.appends.max = 128 (default)
2021-10-05 01:18:29,793 [omNode-2@group-523986131536-LeaderElection17] INFO  server.RaftServerConfigKeys (ConfUtils.java:logGet(44)) - raft.server.rpc.request.timeout = 3000ms (default)
2021-10-05 01:18:29,793 [omNode-2@group-523986131536-LeaderElection17] INFO  server.RaftServerConfigKeys (ConfUtils.java:logGet(44)) - raft.server.log.appender.install.snapshot.enabled = false (custom)
2021-10-05 01:18:29,794 [omNode-2@group-523986131536-LeaderElection17] INFO  server.RaftServerConfigKeys (ConfUtils.java:logGet(44)) - raft.server.log.appender.snapshot.chunk.size.max = 16MB (=16777216) (default)
2021-10-05 01:18:29,794 [omNode-2@group-523986131536-LeaderElection17] INFO  server.RaftServerConfigKeys (ConfUtils.java:logGet(44)) - raft.server.log.appender.buffer.byte-limit = 33554432 (custom)
2021-10-05 01:18:29,794 [omNode-2@group-523986131536-LeaderElection17] INFO  server.RaftServerConfigKeys (ConfUtils.java:logGet(44)) - raft.server.log.appender.buffer.element-limit = 1024 (custom)
2021-10-05 01:18:29,794 [omNode-2@group-523986131536-LeaderElection17] INFO  grpc.GrpcConfigKeys (ConfUtils.java:logGet(44)) - raft.grpc.server.leader.outstanding.appends.max = 128 (default)
2021-10-05 01:18:29,795 [omNode-2@group-523986131536-LeaderElection17] INFO  server.RaftServerConfigKeys (ConfUtils.java:logGet(44)) - raft.server.rpc.request.timeout = 3000ms (default)
2021-10-05 01:18:29,795 [omNode-2@group-523986131536-LeaderElection17] INFO  server.RaftServerConfigKeys (ConfUtils.java:logGet(44)) - raft.server.log.appender.install.snapshot.enabled = false (custom)
2021-10-05 01:18:29,795 [omNode-2@group-523986131536-LeaderElection17] INFO  impl.RoleInfo (RoleInfo.java:updateAndGet(130)) - omNode-2: start omNode-2@group-523986131536-LeaderStateImpl
2021-10-05 01:18:29,796 [omNode-2@group-523986131536-LeaderElection17] INFO  segmented.SegmentedRaftLogWorker (SegmentedRaftLogWorker.java:rollLogSegment(399)) - omNode-2@group-523986131536-SegmentedRaftLogWorker: Rolling segment log-26_26 to index:26
2021-10-05 01:18:29,805 [omNode-2@group-523986131536-SegmentedRaftLogWorker] INFO  segmented.SegmentedRaftLogWorker (SegmentedRaftLogWorker.java:execute(558)) - omNode-2@group-523986131536-SegmentedRaftLogWorker: Rolled log segment from /home/runner/work/ozone/ozone/hadoop-ozone/integration-test/target/test-dir/MiniOzoneClusterImpl-46302e84-7680-4986-b584-895fe31d4053/omNode-2/ratis/c9bc4cf4-3bc3-3c60-a66b-523986131536/current/log_inprogress_26 to /home/runner/work/ozone/ozone/hadoop-ozone/integration-test/target/test-dir/MiniOzoneClusterImpl-46302e84-7680-4986-b584-895fe31d4053/omNode-2/ratis/c9bc4cf4-3bc3-3c60-a66b-523986131536/current/log_26-26
2021-10-05 01:18:29,812 [grpc-default-executor-6] INFO  server.RaftServer$Division (RaftServerImpl.java:requestVote(1043)) - omNode-1@group-523986131536: receive requestVote(ELECTION, omNode-2, group-523986131536, 8, (t:6, i:26))
2021-10-05 01:18:29,812 [grpc-default-executor-6] INFO  impl.VoteContext (VoteContext.java:log(48)) - omNode-1@group-523986131536-FOLLOWER: accept ELECTION from omNode-2: our last entry (t:2, i:15) < candidate's last entry (t:6, i:26)
2021-10-05 01:18:29,812 [grpc-default-executor-6] INFO  server.RaftServer$Division (RaftServerImpl.java:setRole(285)) - omNode-1@group-523986131536: changes role from  FOLLOWER to FOLLOWER at term 8 for candidate:omNode-2
2021-10-05 01:18:29,813 [grpc-default-executor-6] INFO  impl.RoleInfo (RoleInfo.java:shutdownFollowerState(108)) - omNode-1: shutdown omNode-1@group-523986131536-FollowerState
2021-10-05 01:18:29,813 [grpc-default-executor-6] INFO  impl.RoleInfo (RoleInfo.java:updateAndGet(130)) - omNode-1: start omNode-1@group-523986131536-FollowerState
2021-10-05 01:18:29,809 [grpc-default-executor-2] INFO  server.RaftServer$Division (ServerState.java:setLeader(285)) - omNode-3@group-523986131536: change Leader from null to omNode-2 at term 8 for appendEntries, leader elected after 2446ms
2021-10-05 01:18:29,817 [grpc-default-executor-2] INFO  server.RaftServer$Division (RaftServerImpl.java:checkInconsistentAppendEntries(1319)) - omNode-3@group-523986131536: Failed appendEntries as previous log entry ((t:6, i:26)) is not found
2021-10-05 01:18:29,817 [grpc-default-executor-2] INFO  server.RaftServer$Division (RaftServerImpl.java:checkInconsistentAppendEntries(1285)) - omNode-3@group-523986131536: inconsistency entries. Reply:omNode-2<-omNode-3#0:FAIL-t8,INCONSISTENCY,nextIndex=26,followerCommit=25
2021-10-05 01:18:29,815 [omNode-2@group-523986131536-LeaderElection17] INFO  server.RaftServer$Division (ServerState.java:setRaftConf(387)) - omNode-2@group-523986131536: set configuration 27: [omNode-3|rpc:localhost:10892|admin:|client:|dataStream:|priority:0, omNode-1|rpc:localhost:10880|admin:|client:|dataStream:|priority:0, omNode-2|rpc:localhost:10886|admin:|client:|dataStream:|priority:0], old=null
2021-10-05 01:18:29,815 [omNode-1@group-523986131536-FollowerState] INFO  impl.FollowerState (FollowerState.java:run(143)) - omNode-1@group-523986131536-FollowerState was interrupted: {}
java.lang.InterruptedException: sleep interrupted
	at java.lang.Thread.sleep(Native Method)
	at java.lang.Thread.sleep(Thread.java:340)
	at java.util.concurrent.TimeUnit.sleep(TimeUnit.java:386)
	at org.apache.ratis.util.TimeDuration.sleep(TimeDuration.java:324)
	at org.apache.ratis.util.TimeDuration.sleep(TimeDuration.java:309)
	at org.apache.ratis.server.impl.FollowerState.run(FollowerState.java:118)
2021-10-05 01:18:29,818 [grpc-default-executor-11] INFO  leader.FollowerInfo (FollowerInfoImpl.java:lambda$new$0(46)) - omNode-2@group-523986131536->omNode-3: nextIndex: updateUnconditionally 28 -> 26
2021-10-05 01:18:29,819 [grpc-default-executor-10] INFO  server.RaftServer$Division (RaftServerImpl.java:checkInconsistentAppendEntries(1319)) - omNode-3@group-523986131536: Failed appendEntries as previous log entry ((t:6, i:26)) is not found
2021-10-05 01:18:29,819 [grpc-default-executor-10] INFO  server.RaftServer$Division (RaftServerImpl.java:checkInconsistentAppendEntries(1285)) - omNode-3@group-523986131536: inconsistency entries. Reply:omNode-2<-omNode-3#1:FAIL-t8,INCONSISTENCY,nextIndex=26,followerCommit=25
2021-10-05 01:18:29,814 [grpc-default-executor-6] INFO  server.RaftServer$Division (RaftServerImpl.java:requestVote(1075)) - omNode-1@group-523986131536 replies to ELECTION vote request: omNode-2<-omNode-1#0:OK-t8. Peer's state: omNode-1@group-523986131536:t8, leader=null, voted=omNode-2, raftlog=omNode-1@group-523986131536-SegmentedRaftLog:OPENED:c15,f15,i0, conf=26: [omNode-3|rpc:localhost:10892|admin:|client:|dataStream:|priority:0, omNode-1|rpc:localhost:10880|admin:|client:|dataStream:|priority:0, omNode-2|rpc:localhost:10886|admin:|client:|dataStream:|priority:0], old=null
2021-10-05 01:18:29,820 [grpc-default-executor-2] INFO  server.RaftServer$Division (ServerState.java:setLeader(285)) - omNode-1@group-523986131536: change Leader from null to omNode-2 at term 8 for appendEntries, leader elected after 2244ms
2021-10-05 01:18:29,820 [grpc-default-executor-2] INFO  server.RaftServer$Division (RaftServerImpl.java:checkInconsistentAppendEntries(1319)) - omNode-1@group-523986131536: Failed appendEntries as previous log entry ((t:6, i:26)) is not found
2021-10-05 01:18:29,820 [grpc-default-executor-2] INFO  server.RaftServer$Division (RaftServerImpl.java:checkInconsistentAppendEntries(1285)) - omNode-1@group-523986131536: inconsistency entries. Reply:omNode-2<-omNode-1#0:FAIL-t8,INCONSISTENCY,nextIndex=16,followerCommit=15
2021-10-05 01:18:29,821 [grpc-default-executor-6] INFO  leader.FollowerInfo (FollowerInfoImpl.java:lambda$new$0(46)) - omNode-2@group-523986131536->omNode-1: nextIndex: updateUnconditionally 28 -> 16
2021-10-05 01:18:29,821 [grpc-default-executor-2] INFO  server.RaftServer$Division (RaftServerImpl.java:checkInconsistentAppendEntries(1319)) - omNode-1@group-523986131536: Failed appendEntries as previous log entry ((t:6, i:26)) is not found
2021-10-05 01:18:29,824 [grpc-default-executor-2] INFO  server.RaftServer$Division (RaftServerImpl.java:checkInconsistentAppendEntries(1285)) - omNode-1@group-523986131536: inconsistency entries. Reply:omNode-2<-omNode-1#1:FAIL-t8,INCONSISTENCY,nextIndex=16,followerCommit=15
2021-10-05 01:18:29,824 [grpc-default-executor-6] INFO  leader.FollowerInfo (FollowerInfoImpl.java:lambda$new$0(46)) - omNode-2@group-523986131536->omNode-3: nextIndex: updateUnconditionally 26 -> 26
2021-10-05 01:18:29,824 [grpc-default-executor-6] INFO  leader.FollowerInfo (FollowerInfoImpl.java:lambda$new$0(46)) - omNode-2@group-523986131536->omNode-1: nextIndex: updateUnconditionally 16 -> 16
2021-10-05 01:18:29,827 [grpc-default-executor-6] INFO  server.RaftServer$Division (ServerState.java:setRaftConf(387)) - omNode-3@group-523986131536: set configuration 26: [omNode-3|rpc:localhost:10892|admin:|client:|dataStream:|priority:0, omNode-1|rpc:localhost:10880|admin:|client:|dataStream:|priority:0, omNode-2|rpc:localhost:10886|admin:|client:|dataStream:|priority:0], old=null
2021-10-05 01:18:29,827 [omNode-2@group-523986131536-SegmentedRaftLogWorker] INFO  segmented.SegmentedRaftLogWorker (SegmentedRaftLogWorker.java:execute(601)) - omNode-2@group-523986131536-SegmentedRaftLogWorker: created new log segment /home/runner/work/ozone/ozone/hadoop-ozone/integration-test/target/test-dir/MiniOzoneClusterImpl-46302e84-7680-4986-b584-895fe31d4053/omNode-2/ratis/c9bc4cf4-3bc3-3c60-a66b-523986131536/current/log_inprogress_27
2021-10-05 01:18:29,827 [grpc-default-executor-6] INFO  server.RaftServer$Division (ServerState.java:setRaftConf(387)) - omNode-3@group-523986131536: set configuration 27: [omNode-3|rpc:localhost:10892|admin:|client:|dataStream:|priority:0, omNode-1|rpc:localhost:10880|admin:|client:|dataStream:|priority:0, omNode-2|rpc:localhost:10886|admin:|client:|dataStream:|priority:0], old=null
2021-10-05 01:18:29,836 [grpc-default-executor-6] INFO  segmented.SegmentedRaftLogWorker (SegmentedRaftLogWorker.java:rollLogSegment(399)) - omNode-3@group-523986131536-SegmentedRaftLogWorker: Rolling segment log-22_25 to index:25
2021-10-05 01:18:29,837 [grpc-default-executor-6] INFO  segmented.SegmentedRaftLogWorker (SegmentedRaftLogWorker.java:rollLogSegment(399)) - omNode-3@group-523986131536-SegmentedRaftLogWorker: Rolling segment log-26_26 to index:26
2021-10-05 01:18:29,838 [omNode-3@group-523986131536-SegmentedRaftLogWorker] INFO  segmented.SegmentedRaftLogWorker (SegmentedRaftLogWorker.java:execute(558)) - omNode-3@group-523986131536-SegmentedRaftLogWorker: Rolled log segment from /home/runner/work/ozone/ozone/hadoop-ozone/integration-test/target/test-dir/MiniOzoneClusterImpl-46302e84-7680-4986-b584-895fe31d4053/omNode-3/ratis/c9bc4cf4-3bc3-3c60-a66b-523986131536/current/log_inprogress_22 to /home/runner/work/ozone/ozone/hadoop-ozone/integration-test/target/test-dir/MiniOzoneClusterImpl-46302e84-7680-4986-b584-895fe31d4053/omNode-3/ratis/c9bc4cf4-3bc3-3c60-a66b-523986131536/current/log_22-25
2021-10-05 01:18:29,844 [Time-limited test] INFO  retry.RetryInvocationHandler (RetryInvocationHandler.java:log(411)) - com.google.protobuf.ServiceException: org.apache.hadoop.ipc.RemoteException(org.apache.hadoop.ozone.om.exceptions.OMNotLeaderException): OM:omNode-1 is not the leader. Could not determine the leader node.
	at org.apache.hadoop.ozone.om.ratis.utils.OzoneManagerRatisUtils.createNotLeaderException(OzoneManagerRatisUtils.java:465)
	at org.apache.hadoop.ozone.om.ratis.utils.OzoneManagerRatisUtils.checkLeaderStatus(OzoneManagerRatisUtils.java:451)
	at org.apache.hadoop.ozone.protocolPB.OzoneManagerProtocolServerSideTranslatorPB.checkLeaderStatus(OzoneManagerProtocolServerSideTranslatorPB.java:242)
	at org.apache.hadoop.ozone.protocolPB.OzoneManagerProtocolServerSideTranslatorPB.processRequest(OzoneManagerProtocolServerSideTranslatorPB.java:135)
	at org.apache.hadoop.hdds.server.OzoneProtocolMessageDispatcher.processRequest(OzoneProtocolMessageDispatcher.java:87)
	at org.apache.hadoop.ozone.protocolPB.OzoneManagerProtocolServerSideTranslatorPB.submitRequest(OzoneManagerProtocolServerSideTranslatorPB.java:123)
	at org.apache.hadoop.ozone.protocol.proto.OzoneManagerProtocolProtos$OzoneManagerService$2.callBlockingMethod(OzoneManagerProtocolProtos.java)
	at org.apache.hadoop.ipc.ProtobufRpcEngine$Server.processCall(ProtobufRpcEngine.java:466)
	at org.apache.hadoop.ipc.ProtobufRpcEngine2$Server$ProtoBufRpcInvoker.call(ProtobufRpcEngine2.java:574)
	at org.apache.hadoop.ipc.ProtobufRpcEngine2$Server$ProtoBufRpcInvoker.call(ProtobufRpcEngine2.java:552)
	at org.apache.hadoop.ipc.RPC$Server.call(RPC.java:1093)
	at org.apache.hadoop.ipc.Server$RpcCall.run(Server.java:1035)
	at org.apache.hadoop.ipc.Server$RpcCall.run(Server.java:963)
	at java.security.AccessController.doPrivileged(Native Method)
	at javax.security.auth.Subject.doAs(Subject.java:422)
	at org.apache.hadoop.security.UserGroupInformation.doAs(UserGroupInformation.java:1878)
	at org.apache.hadoop.ipc.Server$Handler.run(Server.java:2966)
, while invoking $Proxy52.submitRequest over nodeId=omNode-1,nodeAddress=127.0.0.1:10876 after 1 failover attempts. Trying to failover immediately.
2021-10-05 01:18:29,846 [omNode-2@group-523986131536->omNode-1-GrpcLogAppender-LogAppenderDaemon] ERROR leader.LogAppenderDaemon (LogAppenderDaemon.java:run(86)) - omNode-2@group-523986131536->omNode-1-GrpcLogAppender-LogAppenderDaemon failed
java.lang.NullPointerException: omNode-2@group-523986131536->omNode-1: Previous TermIndex not found for firstIndex = 16
	at java.util.Objects.requireNonNull(Objects.java:290)
	at org.apache.ratis.server.leader.LogAppenderBase.assertProtos(LogAppenderBase.java:169)
	at org.apache.ratis.server.leader.LogAppenderBase.newAppendEntriesRequest(LogAppenderBase.java:154)
	at org.apache.ratis.grpc.server.GrpcLogAppender.appendLog(GrpcLogAppender.java:211)
	at org.apache.ratis.grpc.server.GrpcLogAppender.run(GrpcLogAppender.java:145)
	at org.apache.ratis.server.leader.LogAppenderDaemon.run(LogAppenderDaemon.java:77)
	at java.lang.Thread.run(Thread.java:748)
2021-10-05 01:18:29,851 [omNode-2@group-523986131536->omNode-1-GrpcLogAppender-LogAppenderDaemon] INFO  server.RaftServer$Division (LeaderStateImpl.java:restart(501)) - omNode-2@group-523986131536-LeaderStateImpl: Restarting GrpcLogAppender for omNode-2@group-523986131536->omNode-1
2021-10-05 01:18:29,848 [omNode-3@group-523986131536-SegmentedRaftLogWorker] INFO  segmented.SegmentedRaftLogWorker (SegmentedRaftLogWorker.java:execute(601)) - omNode-3@group-523986131536-SegmentedRaftLogWorker: created new log segment /home/runner/work/ozone/ozone/hadoop-ozone/integration-test/target/test-dir/MiniOzoneClusterImpl-46302e84-7680-4986-b584-895fe31d4053/omNode-3/ratis/c9bc4cf4-3bc3-3c60-a66b-523986131536/current/log_inprogress_26
2021-10-05 01:18:29,853 [omNode-2@group-523986131536->omNode-1-GrpcLogAppender-LogAppenderDaemon] INFO  server.RaftServerConfigKeys (ConfUtils.java:logGet(44)) - raft.server.log.appender.snapshot.chunk.size.max = 16MB (=16777216) (default)
2021-10-05 01:18:29,856 [omNode-2@group-523986131536->omNode-1-GrpcLogAppender-LogAppenderDaemon] INFO  server.RaftServerConfigKeys (ConfUtils.java:logGet(44)) - raft.server.log.appender.buffer.byte-limit = 33554432 (custom)
2021-10-05 01:18:29,856 [omNode-2@group-523986131536->omNode-1-GrpcLogAppender-LogAppenderDaemon] INFO  server.RaftServerConfigKeys (ConfUtils.java:logGet(44)) - raft.server.log.appender.buffer.element-limit = 1024 (custom)
2021-10-05 01:18:29,856 [omNode-2@group-523986131536->omNode-1-GrpcLogAppender-LogAppenderDaemon] INFO  grpc.GrpcConfigKeys (ConfUtils.java:logGet(44)) - raft.grpc.server.leader.outstanding.appends.max = 128 (default)
2021-10-05 01:18:29,856 [omNode-2@group-523986131536->omNode-1-GrpcLogAppender-LogAppenderDaemon] INFO  server.RaftServerConfigKeys (ConfUtils.java:logGet(44)) - raft.server.rpc.request.timeout = 3000ms (default)
2021-10-05 01:18:29,857 [omNode-2@group-523986131536->omNode-1-GrpcLogAppender-LogAppenderDaemon] INFO  server.RaftServerConfigKeys (ConfUtils.java:logGet(44)) - raft.server.log.appender.install.snapshot.enabled = false (custom)
2021-10-05 01:18:29,856 [omNode-3@group-523986131536-SegmentedRaftLogWorker] INFO  segmented.SegmentedRaftLogWorker (SegmentedRaftLogWorker.java:execute(558)) - omNode-3@group-523986131536-SegmentedRaftLogWorker: Rolled log segment from /home/runner/work/ozone/ozone/hadoop-ozone/integration-test/target/test-dir/MiniOzoneClusterImpl-46302e84-7680-4986-b584-895fe31d4053/omNode-3/ratis/c9bc4cf4-3bc3-3c60-a66b-523986131536/current/log_inprogress_26 to /home/runner/work/ozone/ozone/hadoop-ozone/integration-test/target/test-dir/MiniOzoneClusterImpl-46302e84-7680-4986-b584-895fe31d4053/omNode-3/ratis/c9bc4cf4-3bc3-3c60-a66b-523986131536/current/log_26-26
2021-10-05 01:18:29,856 [Time-limited test] INFO  retry.RetryInvocationHandler (RetryInvocationHandler.java:log(411)) - com.google.protobuf.ServiceException: org.apache.hadoop.ipc.RemoteException(org.apache.hadoop.ozone.om.exceptions.OMLeaderNotReadyException): omNode-2 is Leader but not ready to process request yet.
	at org.apache.hadoop.ozone.om.ratis.utils.OzoneManagerRatisUtils.createLeaderNotReadyException(OzoneManagerRatisUtils.java:476)
	at org.apache.hadoop.ozone.om.ratis.utils.OzoneManagerRatisUtils.checkLeaderStatus(OzoneManagerRatisUtils.java:449)
	at org.apache.hadoop.ozone.protocolPB.OzoneManagerProtocolServerSideTranslatorPB.checkLeaderStatus(OzoneManagerProtocolServerSideTranslatorPB.java:242)
	at org.apache.hadoop.ozone.protocolPB.OzoneManagerProtocolServerSideTranslatorPB.processRequest(OzoneManagerProtocolServerSideTranslatorPB.java:135)
	at org.apache.hadoop.hdds.server.OzoneProtocolMessageDispatcher.processRequest(OzoneProtocolMessageDispatcher.java:87)
	at org.apache.hadoop.ozone.protocolPB.OzoneManagerProtocolServerSideTranslatorPB.submitRequest(OzoneManagerProtocolServerSideTranslatorPB.java:123)
	at org.apache.hadoop.ozone.protocol.proto.OzoneManagerProtocolProtos$OzoneManagerService$2.callBlockingMethod(OzoneManagerProtocolProtos.java)
	at org.apache.hadoop.ipc.ProtobufRpcEngine$Server.processCall(ProtobufRpcEngine.java:466)
	at org.apache.hadoop.ipc.ProtobufRpcEngine2$Server$ProtoBufRpcInvoker.call(ProtobufRpcEngine2.java:574)
	at org.apache.hadoop.ipc.ProtobufRpcEngine2$Server$ProtoBufRpcInvoker.call(ProtobufRpcEngine2.java:552)
	at org.apache.hadoop.ipc.RPC$Server.call(RPC.java:1093)
	at org.apache.hadoop.ipc.Server$RpcCall.run(Server.java:1035)
	at org.apache.hadoop.ipc.Server$RpcCall.run(Server.java:963)
	at java.security.AccessController.doPrivileged(Native Method)
	at javax.security.auth.Subject.doAs(Subject.java:422)
	at org.apache.hadoop.security.UserGroupInformation.doAs(UserGroupInformation.java:1878)
	at org.apache.hadoop.ipc.Server$Handler.run(Server.java:2966)
, while invoking $Proxy52.submitRequest over nodeId=omNode-2,nodeAddress=127.0.0.1:10882 after 2 failover attempts. Trying to failover after sleeping for 2000ms.
2021-10-05 01:18:29,865 [omNode-2@group-523986131536->omNode-1-GrpcLogAppender-LogAppenderDaemon] INFO  server.GrpcLogAppender (GrpcLogAppender.java:installSnapshot(524)) - omNode-2@group-523986131536->omNode-1-GrpcLogAppender: followerNextIndex = 0 but logStartIndex = 16, notify follower to install snapshot-(t:3, i:16)
2021-10-05 01:18:29,866 [omNode-2@group-523986131536->omNode-1-GrpcLogAppender-LogAppenderDaemon] INFO  server.GrpcLogAppender (GrpcLogAppender.java:installSnapshot(532)) - omNode-2@group-523986131536->omNode-1-GrpcLogAppender: send omNode-2->omNode-1#0-t8,notify:(t:3, i:16)
2021-10-05 01:18:29,866 [omNode-3@group-523986131536-SegmentedRaftLogWorker] INFO  segmented.SegmentedRaftLogWorker (SegmentedRaftLogWorker.java:execute(601)) - omNode-3@group-523986131536-SegmentedRaftLogWorker: created new log segment /home/runner/work/ozone/ozone/hadoop-ozone/integration-test/target/test-dir/MiniOzoneClusterImpl-46302e84-7680-4986-b584-895fe31d4053/omNode-3/ratis/c9bc4cf4-3bc3-3c60-a66b-523986131536/current/log_inprogress_27
2021-10-05 01:18:29,873 [grpc-default-executor-6] INFO  server.RaftServer$Division (RaftServerImpl.java:installSnapshot(1329)) - omNode-1@group-523986131536: receive installSnapshot: omNode-2->omNode-1#0-t8,notify:(t:3, i:16)
2021-10-05 01:18:29,873 [grpc-default-executor-6] INFO  server.RaftServer$Division (RaftServerImpl.java:notifyStateMachineToInstallSnapshot(1560)) - omNode-1@group-523986131536: StateMachine snapshotIndex is 15
2021-10-05 01:18:29,874 [grpc-default-executor-6] INFO  server.RaftServer$Division (RaftServerImpl.java:installSnapshotImpl(1459)) - omNode-1@group-523986131536: set new configuration index: 27
configurationEntry {
  peers {
    id: "omNode-3"
    address: "localhost:10892"
  }
  peers {
    id: "omNode-1"
    address: "localhost:10880"
  }
  peers {
    id: "omNode-2"
    address: "localhost:10886"
  }
}
 from snapshot
2021-10-05 01:18:29,874 [grpc-default-executor-6] INFO  server.RaftServer$Division (ServerState.java:setRaftConf(387)) - omNode-1@group-523986131536: set configuration 27: [omNode-3|rpc:localhost:10892|admin:|client:|dataStream:|priority:0, omNode-1|rpc:localhost:10880|admin:|client:|dataStream:|priority:0, omNode-2|rpc:localhost:10886|admin:|client:|dataStream:|priority:0], old=null
2021-10-05 01:18:29,874 [grpc-default-executor-6] INFO  ratis.OzoneManagerStateMachine (OzoneManagerStateMachine.java:notifyConfigurationChanged(188)) - Received Configuration change notification from Ratis. New Peer list:
[id: "omNode-3"
address: "localhost:10892"
, id: "omNode-1"
address: "localhost:10880"
, id: "omNode-2"
address: "localhost:10886"
]
2021-10-05 01:18:29,874 [grpc-default-executor-6] INFO  server.RaftServer$Division (RaftServerImpl.java:installSnapshot(1340)) - omNode-1@group-523986131536: reply installSnapshot: omNode-2<-omNode-1#0:FAIL-t8,ALREADY_INSTALLED,snapshotIndex=15
2021-10-05 01:18:29,876 [omNode-2@group-523986131536-StateMachineUpdater] INFO  ratis.OzoneManagerStateMachine (OzoneManagerStateMachine.java:notifyConfigurationChanged(188)) - Received Configuration change notification from Ratis. New Peer list:
[id: "omNode-3"
address: "localhost:10892"
, id: "omNode-1"
address: "localhost:10880"
, id: "omNode-2"
address: "localhost:10886"
]
2021-10-05 01:18:29,876 [grpc-default-executor-6] INFO  server.GrpcServerProtocolService (GrpcServerProtocolService.java:onCompleted(140)) - omNode-1: Completed INSTALL_SNAPSHOT, lastRequest: omNode-2->omNode-1#0-t8,notify:(t:3, i:16)
2021-10-05 01:18:29,876 [grpc-default-executor-10] INFO  server.GrpcLogAppender (GrpcLogAppender.java:onNext(400)) - omNode-2@group-523986131536->omNode-1-InstallSnapshotResponseHandler: received the first reply omNode-2<-omNode-1#0:FAIL-t8,ALREADY_INSTALLED,snapshotIndex=15
2021-10-05 01:18:29,876 [grpc-default-executor-10] INFO  server.GrpcLogAppender (GrpcLogAppender.java:onNext(422)) - omNode-2@group-523986131536->omNode-1-InstallSnapshotResponseHandler: Already Installed Snapshot Index 15.
2021-10-05 01:18:29,876 [grpc-default-executor-10] INFO  leader.FollowerInfo (FollowerInfoImpl.java:lambda$new$0(46)) - omNode-2@group-523986131536->omNode-1: snapshotIndex: setUnconditionally 0 -> 15
2021-10-05 01:18:29,876 [grpc-default-executor-10] INFO  leader.FollowerInfo (FollowerInfoImpl.java:lambda$new$0(46)) - omNode-2@group-523986131536->omNode-1: matchIndex: setUnconditionally 0 -> 15
2021-10-05 01:18:29,876 [grpc-default-executor-10] INFO  leader.FollowerInfo (FollowerInfoImpl.java:lambda$new$0(46)) - omNode-2@group-523986131536->omNode-1: nextIndex: setUnconditionally 0 -> 16
2021-10-05 01:18:29,877 [grpc-default-executor-10] INFO  leader.FollowerInfo (FollowerInfoImpl.java:lambda$new$0(46)) - omNode-2@group-523986131536->omNode-1: nextIndex: updateToMax old=16, new=16, updated? false
2021-10-05 01:18:29,889 [omNode-3@group-523986131536-StateMachineUpdater] INFO  ratis.OzoneManagerStateMachine (OzoneManagerStateMachine.java:notifyConfigurationChanged(188)) - Received Configuration change notification from Ratis. New Peer list:
[id: "omNode-3"
address: "localhost:10892"
, id: "omNode-1"
address: "localhost:10880"
, id: "omNode-2"
address: "localhost:10886"
]
2021-10-05 01:18:29,893 [omNode-3@group-523986131536-StateMachineUpdater] INFO  ratis.OzoneManagerStateMachine (OzoneManagerStateMachine.java:notifyConfigurationChanged(188)) - Received Configuration change notification from Ratis. New Peer list:
[id: "omNode-3"
address: "localhost:10892"
, id: "omNode-1"
address: "localhost:10880"
, id: "omNode-2"
address: "localhost:10886"
]
2021-10-05 01:18:29,893 [omNode-2@group-523986131536-StateMachineUpdater] INFO  ratis.OzoneManagerStateMachine (OzoneManagerStateMachine.java:notifyConfigurationChanged(188)) - Received Configuration change notification from Ratis. New Peer list:
[id: "omNode-3"
address: "localhost:10892"
, id: "omNode-1"
address: "localhost:10880"
, id: "omNode-2"
address: "localhost:10886"
]
2021-10-05 01:18:30,396 [grpc-default-executor-10] INFO  server.RaftServer$Division (RaftServerImpl.java:checkInconsistentAppendEntries(1319)) - omNode-1@group-523986131536: Failed appendEntries as previous log entry ((t:8, i:28)) is not found
2021-10-05 01:18:30,396 [grpc-default-executor-10] INFO  server.RaftServer$Division (RaftServerImpl.java:checkInconsistentAppendEntries(1285)) - omNode-1@group-523986131536: inconsistency entries. Reply:omNode-2<-omNode-1#54:FAIL-t8,INCONSISTENCY,nextIndex=16,followerCommit=15
2021-10-05 01:18:30,397 [grpc-default-executor-10] INFO  leader.FollowerInfo (FollowerInfoImpl.java:lambda$new$0(46)) - omNode-2@group-523986131536->omNode-1: nextIndex: updateUnconditionally 29 -> 16
2021-10-05 01:18:30,899 [grpc-default-executor-10] INFO  server.RaftServer$Division (RaftServerImpl.java:checkInconsistentAppendEntries(1319)) - omNode-1@group-523986131536: Failed appendEntries as previous log entry ((t:8, i:28)) is not found
2021-10-05 01:18:30,900 [grpc-default-executor-10] INFO  server.RaftServer$Division (RaftServerImpl.java:checkInconsistentAppendEntries(1285)) - omNode-1@group-523986131536: inconsistency entries. Reply:omNode-2<-omNode-1#104:FAIL-t8,INCONSISTENCY,nextIndex=16,followerCommit=15
2021-10-05 01:18:30,900 [grpc-default-executor-10] INFO  leader.FollowerInfo (FollowerInfoImpl.java:lambda$new$0(46)) - omNode-2@group-523986131536->omNode-1: nextIndex: updateUnconditionally 29 -> 16
2021-10-05 01:18:31,401 [grpc-default-executor-6] INFO  server.RaftServer$Division (RaftServerImpl.java:checkInconsistentAppendEntries(1319)) - omNode-1@group-523986131536: Failed appendEntries as previous log entry ((t:8, i:28)) is not found
2021-10-05 01:18:31,401 [grpc-default-executor-6] INFO  server.RaftServer$Division (RaftServerImpl.java:checkInconsistentAppendEntries(1285)) - omNode-1@group-523986131536: inconsistency entries. Reply:omNode-2<-omNode-1#155:FAIL-t8,INCONSISTENCY,nextIndex=16,followerCommit=15
2021-10-05 01:18:31,402 [grpc-default-executor-6] INFO  leader.FollowerInfo (FollowerInfoImpl.java:lambda$new$0(46)) - omNode-2@group-523986131536->omNode-1: nextIndex: updateUnconditionally 29 -> 16
2021-10-05 01:18:31,862 [grpc-default-executor-6] INFO  server.RaftServer$Division (RaftServerImpl.java:checkInconsistentAppendEntries(1319)) - omNode-1@group-523986131536: Failed appendEntries as previous log entry ((t:8, i:28)) is not found
2021-10-05 01:18:31,862 [grpc-default-executor-6] INFO  server.RaftServer$Division (RaftServerImpl.java:checkInconsistentAppendEntries(1285)) - omNode-1@group-523986131536: inconsistency entries. Reply:omNode-2<-omNode-1#202:FAIL-t8,INCONSISTENCY,nextIndex=16,followerCommit=15
2021-10-05 01:18:31,865 [grpc-default-executor-6] INFO  server.RaftServer$Division (RaftServerImpl.java:checkInconsistentAppendEntries(1319)) - omNode-1@group-523986131536: Failed appendEntries as previous log entry ((t:8, i:29)) is not found
2021-10-05 01:18:31,865 [grpc-default-executor-6] INFO  server.RaftServer$Division (RaftServerImpl.java:checkInconsistentAppendEntries(1285)) - omNode-1@group-523986131536: inconsistency entries. Reply:omNode-2<-omNode-1#203:FAIL-t8,INCONSISTENCY,nextIndex=16,followerCommit=15
2021-10-05 01:18:31,866 [OM StateMachine ApplyTransaction Thread - 0] INFO  upgrade.OMCancelPrepareRequest (OMCancelPrepareRequest.java:validateAndUpdateCache(55)) - OM omNode-2 Received cancel prepare request with log index 29
2021-10-05 01:18:31,866 [OM StateMachine ApplyTransaction Thread - 0] INFO  upgrade.OMCancelPrepareRequest (OMCancelPrepareRequest.java:validateAndUpdateCache(84)) - OM omNode-2 prepare state cancelled at log index 29. Returning response 
2021-10-05 01:18:31,868 [OM StateMachine ApplyTransaction Thread - 0] INFO  upgrade.OMCancelPrepareRequest (OMCancelPrepareRequest.java:validateAndUpdateCache(55)) - OM omNode-3 Received cancel prepare request with log index 29
2021-10-05 01:18:31,869 [OM StateMachine ApplyTransaction Thread - 0] INFO  upgrade.OMCancelPrepareRequest (OMCancelPrepareRequest.java:validateAndUpdateCache(84)) - OM omNode-3 prepare state cancelled at log index 29. Returning response 
2021-10-05 01:18:32,366 [grpc-default-executor-6] INFO  server.RaftServer$Division (RaftServerImpl.java:checkInconsistentAppendEntries(1319)) - omNode-1@group-523986131536: Failed appendEntries as previous log entry ((t:8, i:30)) is not found
2021-10-05 01:18:32,367 [grpc-default-executor-6] INFO  server.RaftServer$Division (RaftServerImpl.java:checkInconsistentAppendEntries(1285)) - omNode-1@group-523986131536: inconsistency entries. Reply:omNode-2<-omNode-1#255:FAIL-t8,INCONSISTENCY,nextIndex=16,followerCommit=15
2021-10-05 01:18:32,367 [grpc-default-executor-6] INFO  leader.FollowerInfo (FollowerInfoImpl.java:lambda$new$0(46)) - omNode-2@group-523986131536->omNode-1: nextIndex: updateUnconditionally 31 -> 16
2021-10-05 01:18:32,870 [grpc-default-executor-10] INFO  server.RaftServer$Division (RaftServerImpl.java:checkInconsistentAppendEntries(1319)) - omNode-1@group-523986131536: Failed appendEntries as previous log entry ((t:8, i:30)) is not found
2021-10-05 01:18:32,870 [grpc-default-executor-10] INFO  server.RaftServer$Division (RaftServerImpl.java:checkInconsistentAppendEntries(1285)) - omNode-1@group-523986131536: inconsistency entries. Reply:omNode-2<-omNode-1#306:FAIL-t8,INCONSISTENCY,nextIndex=16,followerCommit=15
2021-10-05 01:18:32,870 [grpc-default-executor-10] INFO  leader.FollowerInfo (FollowerInfoImpl.java:lambda$new$0(46)) - omNode-2@group-523986131536->omNode-1: nextIndex: updateUnconditionally 31 -> 16
2021-10-05 01:18:33,372 [grpc-default-executor-10] INFO  server.RaftServer$Division (RaftServerImpl.java:checkInconsistentAppendEntries(1319)) - omNode-1@group-523986131536: Failed appendEntries as previous log entry ((t:8, i:30)) is not found
2021-10-05 01:18:33,372 [grpc-default-executor-10] INFO  server.RaftServer$Division (RaftServerImpl.java:checkInconsistentAppendEntries(1285)) - omNode-1@group-523986131536: inconsistency entries. Reply:omNode-2<-omNode-1#357:FAIL-t8,INCONSISTENCY,nextIndex=16,followerCommit=15
2021-10-05 01:18:33,373 [grpc-default-executor-10] INFO  leader.FollowerInfo (FollowerInfoImpl.java:lambda$new$0(46)) - omNode-2@group-523986131536->omNode-1: nextIndex: updateUnconditionally 31 -> 16
2021-10-05 01:18:33,874 [grpc-default-executor-2] INFO  server.RaftServer$Division (RaftServerImpl.java:checkInconsistentAppendEntries(1319)) - omNode-1@group-523986131536: Failed appendEntries as previous log entry ((t:8, i:30)) is not found
2021-10-05 01:18:33,875 [grpc-default-executor-2] INFO  server.RaftServer$Division (RaftServerImpl.java:checkInconsistentAppendEntries(1285)) - omNode-1@group-523986131536: inconsistency entries. Reply:omNode-2<-omNode-1#408:FAIL-t8,INCONSISTENCY,nextIndex=16,followerCommit=15
2021-10-05 01:18:33,875 [grpc-default-executor-2] INFO  leader.FollowerInfo (FollowerInfoImpl.java:lambda$new$0(46)) - omNode-2@group-523986131536->omNode-1: nextIndex: updateUnconditionally 31 -> 16
2021-10-05 01:18:34,377 [grpc-default-executor-2] INFO  server.RaftServer$Division (RaftServerImpl.java:checkInconsistentAppendEntries(1319)) - omNode-1@group-523986131536: Failed appendEntries as previous log entry ((t:8, i:30)) is not found
2021-10-05 01:18:34,378 [grpc-default-executor-2] INFO  server.RaftServer$Division (RaftServerImpl.java:checkInconsistentAppendEntries(1285)) - omNode-1@group-523986131536: inconsistency entries. Reply:omNode-2<-omNode-1#459:FAIL-t8,INCONSISTENCY,nextIndex=16,followerCommit=15
2021-10-05 01:18:34,378 [grpc-default-executor-2] INFO  leader.FollowerInfo (FollowerInfoImpl.java:lambda$new$0(46)) - omNode-2@group-523986131536->omNode-1: nextIndex: updateUnconditionally 31 -> 16
2021-10-05 01:18:34,880 [grpc-default-executor-2] INFO  server.RaftServer$Division (RaftServerImpl.java:checkInconsistentAppendEntries(1319)) - omNode-1@group-523986131536: Failed appendEntries as previous log entry ((t:8, i:30)) is not found
2021-10-05 01:18:34,880 [grpc-default-executor-2] INFO  server.RaftServer$Division (RaftServerImpl.java:checkInconsistentAppendEntries(1285)) - omNode-1@group-523986131536: inconsistency entries. Reply:omNode-2<-omNode-1#510:FAIL-t8,INCONSISTENCY,nextIndex=16,followerCommit=15
2021-10-05 01:18:34,881 [grpc-default-executor-2] INFO  leader.FollowerInfo (FollowerInfoImpl.java:lambda$new$0(46)) - omNode-2@group-523986131536->omNode-1: nextIndex: updateUnconditionally 31 -> 16
2021-10-05 01:18:35,383 [grpc-default-executor-2] INFO  server.RaftServer$Division (RaftServerImpl.java:checkInconsistentAppendEntries(1319)) - omNode-1@group-523986131536: Failed appendEntries as previous log entry ((t:8, i:30)) is not found
2021-10-05 01:18:35,383 [grpc-default-executor-2] INFO  server.RaftServer$Division (RaftServerImpl.java:checkInconsistentAppendEntries(1285)) - omNode-1@group-523986131536: inconsistency entries. Reply:omNode-2<-omNode-1#561:FAIL-t8,INCONSISTENCY,nextIndex=16,followerCommit=15
2021-10-05 01:18:35,383 [grpc-default-executor-2] INFO  leader.FollowerInfo (FollowerInfoImpl.java:lambda$new$0(46)) - omNode-2@group-523986131536->omNode-1: nextIndex: updateUnconditionally 31 -> 16
2021-10-05 01:18:35,885 [grpc-default-executor-2] INFO  server.RaftServer$Division (RaftServerImpl.java:checkInconsistentAppendEntries(1319)) - omNode-1@group-523986131536: Failed appendEntries as previous log entry ((t:8, i:30)) is not found
2021-10-05 01:18:35,885 [grpc-default-executor-2] INFO  server.RaftServer$Division (RaftServerImpl.java:checkInconsistentAppendEntries(1285)) - omNode-1@group-523986131536: inconsistency entries. Reply:omNode-2<-omNode-1#612:FAIL-t8,INCONSISTENCY,nextIndex=16,followerCommit=15
2021-10-05 01:18:35,885 [grpc-default-executor-2] INFO  leader.FollowerInfo (FollowerInfoImpl.java:lambda$new$0(46)) - omNode-2@group-523986131536->omNode-1: nextIndex: updateUnconditionally 31 -> 16
2021-10-05 01:18:36,388 [grpc-default-executor-10] INFO  server.RaftServer$Division (RaftServerImpl.java:checkInconsistentAppendEntries(1319)) - omNode-1@group-523986131536: Failed appendEntries as previous log entry ((t:8, i:30)) is not found
2021-10-05 01:18:36,388 [grpc-default-executor-10] INFO  server.RaftServer$Division (RaftServerImpl.java:checkInconsistentAppendEntries(1285)) - omNode-1@group-523986131536: inconsistency entries. Reply:omNode-2<-omNode-1#663:FAIL-t8,INCONSISTENCY,nextIndex=16,followerCommit=15
2021-10-05 01:18:36,388 [grpc-default-executor-10] INFO  leader.FollowerInfo (FollowerInfoImpl.java:lambda$new$0(46)) - omNode-2@group-523986131536->omNode-1: nextIndex: updateUnconditionally 31 -> 16
2021-10-05 01:18:36,890 [grpc-default-executor-10] INFO  server.RaftServer$Division (RaftServerImpl.java:checkInconsistentAppendEntries(1319)) - omNode-1@group-523986131536: Failed appendEntries as previous log entry ((t:8, i:30)) is not found
2021-10-05 01:18:36,890 [grpc-default-executor-10] INFO  server.RaftServer$Division (RaftServerImpl.java:checkInconsistentAppendEntries(1285)) - omNode-1@group-523986131536: inconsistency entries. Reply:omNode-2<-omNode-1#714:FAIL-t8,INCONSISTENCY,nextIndex=16,followerCommit=15
2021-10-05 01:18:36,891 [grpc-default-executor-10] INFO  leader.FollowerInfo (FollowerInfoImpl.java:lambda$new$0(46)) - omNode-2@group-523986131536->omNode-1: nextIndex: updateUnconditionally 31 -> 16
2021-10-05 01:18:37,393 [grpc-default-executor-10] INFO  server.RaftServer$Division (RaftServerImpl.java:checkInconsistentAppendEntries(1319)) - omNode-1@group-523986131536: Failed appendEntries as previous log entry ((t:8, i:30)) is not found
2021-10-05 01:18:37,393 [grpc-default-executor-10] INFO  server.RaftServer$Division (RaftServerImpl.java:checkInconsistentAppendEntries(1285)) - omNode-1@group-523986131536: inconsistency entries. Reply:omNode-2<-omNode-1#765:FAIL-t8,INCONSISTENCY,nextIndex=16,followerCommit=15
2021-10-05 01:18:37,394 [grpc-default-executor-10] INFO  leader.FollowerInfo (FollowerInfoImpl.java:lambda$new$0(46)) - omNode-2@group-523986131536->omNode-1: nextIndex: updateUnconditionally 31 -> 16
2021-10-05 01:18:37,895 [grpc-default-executor-10] INFO  server.RaftServer$Division (RaftServerImpl.java:checkInconsistentAppendEntries(1319)) - omNode-1@group-523986131536: Failed appendEntries as previous log entry ((t:8, i:30)) is not found
2021-10-05 01:18:37,896 [grpc-default-executor-10] INFO  server.RaftServer$Division (RaftServerImpl.java:checkInconsistentAppendEntries(1285)) - omNode-1@group-523986131536: inconsistency entries. Reply:omNode-2<-omNode-1#816:FAIL-t8,INCONSISTENCY,nextIndex=16,followerCommit=15
2021-10-05 01:18:37,896 [grpc-default-executor-10] INFO  leader.FollowerInfo (FollowerInfoImpl.java:lambda$new$0(46)) - omNode-2@group-523986131536->omNode-1: nextIndex: updateUnconditionally 31 -> 16
2021-10-05 01:18:38,398 [grpc-default-executor-10] INFO  server.RaftServer$Division (RaftServerImpl.java:checkInconsistentAppendEntries(1319)) - omNode-1@group-523986131536: Failed appendEntries as previous log entry ((t:8, i:30)) is not found
2021-10-05 01:18:38,398 [grpc-default-executor-10] INFO  server.RaftServer$Division (RaftServerImpl.java:checkInconsistentAppendEntries(1285)) - omNode-1@group-523986131536: inconsistency entries. Reply:omNode-2<-omNode-1#867:FAIL-t8,INCONSISTENCY,nextIndex=16,followerCommit=15
2021-10-05 01:18:38,399 [grpc-default-executor-2] INFO  leader.FollowerInfo (FollowerInfoImpl.java:lambda$new$0(46)) - omNode-2@group-523986131536->omNode-1: nextIndex: updateUnconditionally 31 -> 16
2021-10-05 01:18:38,901 [grpc-default-executor-10] INFO  server.RaftServer$Division (RaftServerImpl.java:checkInconsistentAppendEntries(1319)) - omNode-1@group-523986131536: Failed appendEntries as previous log entry ((t:8, i:30)) is not found
2021-10-05 01:18:38,902 [grpc-default-executor-10] INFO  server.RaftServer$Division (RaftServerImpl.java:checkInconsistentAppendEntries(1285)) - omNode-1@group-523986131536: inconsistency entries. Reply:omNode-2<-omNode-1#918:FAIL-t8,INCONSISTENCY,nextIndex=16,followerCommit=15
2021-10-05 01:18:38,902 [grpc-default-executor-10] INFO  leader.FollowerInfo (FollowerInfoImpl.java:lambda$new$0(46)) - omNode-2@group-523986131536->omNode-1: nextIndex: updateUnconditionally 31 -> 16
2021-10-05 01:18:39,404 [grpc-default-executor-10] INFO  server.RaftServer$Division (RaftServerImpl.java:checkInconsistentAppendEntries(1319)) - omNode-1@group-523986131536: Failed appendEntries as previous log entry ((t:8, i:30)) is not found
2021-10-05 01:18:39,404 [grpc-default-executor-10] INFO  server.RaftServer$Division (RaftServerImpl.java:checkInconsistentAppendEntries(1285)) - omNode-1@group-523986131536: inconsistency entries. Reply:omNode-2<-omNode-1#969:FAIL-t8,INCONSISTENCY,nextIndex=16,followerCommit=15
2021-10-05 01:18:39,405 [grpc-default-executor-10] INFO  leader.FollowerInfo (FollowerInfoImpl.java:lambda$new$0(46)) - omNode-2@group-523986131536->omNode-1: nextIndex: updateUnconditionally 31 -> 16
2021-10-05 01:18:39,907 [grpc-default-executor-10] INFO  server.RaftServer$Division (RaftServerImpl.java:checkInconsistentAppendEntries(1319)) - omNode-1@group-523986131536: Failed appendEntries as previous log entry ((t:8, i:30)) is not found
2021-10-05 01:18:39,908 [grpc-default-executor-10] INFO  server.RaftServer$Division (RaftServerImpl.java:checkInconsistentAppendEntries(1285)) - omNode-1@group-523986131536: inconsistency entries. Reply:omNode-2<-omNode-1#1020:FAIL-t8,INCONSISTENCY,nextIndex=16,followerCommit=15
2021-10-05 01:18:39,908 [grpc-default-executor-10] INFO  leader.FollowerInfo (FollowerInfoImpl.java:lambda$new$0(46)) - omNode-2@group-523986131536->omNode-1: nextIndex: updateUnconditionally 31 -> 16
2021-10-05 01:18:40,410 [grpc-default-executor-10] INFO  server.RaftServer$Division (RaftServerImpl.java:checkInconsistentAppendEntries(1319)) - omNode-1@group-523986131536: Failed appendEntries as previous log entry ((t:8, i:30)) is not found
2021-10-05 01:18:40,410 [grpc-default-executor-10] INFO  server.RaftServer$Division (RaftServerImpl.java:checkInconsistentAppendEntries(1285)) - omNode-1@group-523986131536: inconsistency entries. Reply:omNode-2<-omNode-1#1071:FAIL-t8,INCONSISTENCY,nextIndex=16,followerCommit=15
2021-10-05 01:18:40,410 [grpc-default-executor-10] INFO  leader.FollowerInfo (FollowerInfoImpl.java:lambda$new$0(46)) - omNode-2@group-523986131536->omNode-1: nextIndex: updateUnconditionally 31 -> 16
2021-10-05 01:18:40,912 [grpc-default-executor-10] INFO  server.RaftServer$Division (RaftServerImpl.java:checkInconsistentAppendEntries(1319)) - omNode-1@group-523986131536: Failed appendEntries as previous log entry ((t:8, i:30)) is not found
2021-10-05 01:18:40,912 [grpc-default-executor-10] INFO  server.RaftServer$Division (RaftServerImpl.java:checkInconsistentAppendEntries(1285)) - omNode-1@group-523986131536: inconsistency entries. Reply:omNode-2<-omNode-1#1122:FAIL-t8,INCONSISTENCY,nextIndex=16,followerCommit=15
2021-10-05 01:18:40,913 [grpc-default-executor-10] INFO  leader.FollowerInfo (FollowerInfoImpl.java:lambda$new$0(46)) - omNode-2@group-523986131536->omNode-1: nextIndex: updateUnconditionally 31 -> 16
2021-10-05 01:18:41,415 [grpc-default-executor-10] INFO  server.RaftServer$Division (RaftServerImpl.java:checkInconsistentAppendEntries(1319)) - omNode-1@group-523986131536: Failed appendEntries as previous log entry ((t:8, i:30)) is not found
2021-10-05 01:18:41,415 [grpc-default-executor-10] INFO  server.RaftServer$Division (RaftServerImpl.java:checkInconsistentAppendEntries(1285)) - omNode-1@group-523986131536: inconsistency entries. Reply:omNode-2<-omNode-1#1173:FAIL-t8,INCONSISTENCY,nextIndex=16,followerCommit=15
2021-10-05 01:18:41,415 [grpc-default-executor-10] INFO  leader.FollowerInfo (FollowerInfoImpl.java:lambda$new$0(46)) - omNode-2@group-523986131536->omNode-1: nextIndex: updateUnconditionally 31 -> 16
2021-10-05 01:18:41,917 [grpc-default-executor-10] INFO  server.RaftServer$Division (RaftServerImpl.java:checkInconsistentAppendEntries(1319)) - omNode-1@group-523986131536: Failed appendEntries as previous log entry ((t:8, i:30)) is not found
2021-10-05 01:18:41,917 [grpc-default-executor-10] INFO  server.RaftServer$Division (RaftServerImpl.java:checkInconsistentAppendEntries(1285)) - omNode-1@group-523986131536: inconsistency entries. Reply:omNode-2<-omNode-1#1224:FAIL-t8,INCONSISTENCY,nextIndex=16,followerCommit=15
2021-10-05 01:18:41,918 [grpc-default-executor-10] INFO  leader.FollowerInfo (FollowerInfoImpl.java:lambda$new$0(46)) - omNode-2@group-523986131536->omNode-1: nextIndex: updateUnconditionally 31 -> 16
2021-10-05 01:18:42,419 [grpc-default-executor-10] INFO  server.RaftServer$Division (RaftServerImpl.java:checkInconsistentAppendEntries(1319)) - omNode-1@group-523986131536: Failed appendEntries as previous log entry ((t:8, i:30)) is not found
2021-10-05 01:18:42,420 [grpc-default-executor-10] INFO  server.RaftServer$Division (RaftServerImpl.java:checkInconsistentAppendEntries(1285)) - omNode-1@group-523986131536: inconsistency entries. Reply:omNode-2<-omNode-1#1275:FAIL-t8,INCONSISTENCY,nextIndex=16,followerCommit=15
2021-10-05 01:18:42,421 [grpc-default-executor-10] INFO  leader.FollowerInfo (FollowerInfoImpl.java:lambda$new$0(46)) - omNode-2@group-523986131536->omNode-1: nextIndex: updateUnconditionally 31 -> 16
2021-10-05 01:18:42,923 [grpc-default-executor-10] INFO  server.RaftServer$Division (RaftServerImpl.java:checkInconsistentAppendEntries(1319)) - omNode-1@group-523986131536: Failed appendEntries as previous log entry ((t:8, i:30)) is not found
2021-10-05 01:18:42,923 [grpc-default-executor-10] INFO  server.RaftServer$Division (RaftServerImpl.java:checkInconsistentAppendEntries(1285)) - omNode-1@group-523986131536: inconsistency entries. Reply:omNode-2<-omNode-1#1326:FAIL-t8,INCONSISTENCY,nextIndex=16,followerCommit=15
2021-10-05 01:18:42,924 [grpc-default-executor-10] INFO  leader.FollowerInfo (FollowerInfoImpl.java:lambda$new$0(46)) - omNode-2@group-523986131536->omNode-1: nextIndex: updateUnconditionally 31 -> 16
2021-10-05 01:18:43,427 [grpc-default-executor-10] INFO  server.RaftServer$Division (RaftServerImpl.java:checkInconsistentAppendEntries(1319)) - omNode-1@group-523986131536: Failed appendEntries as previous log entry ((t:8, i:30)) is not found
2021-10-05 01:18:43,427 [grpc-default-executor-10] INFO  server.RaftServer$Division (RaftServerImpl.java:checkInconsistentAppendEntries(1285)) - omNode-1@group-523986131536: inconsistency entries. Reply:omNode-2<-omNode-1#1377:FAIL-t8,INCONSISTENCY,nextIndex=16,followerCommit=15
2021-10-05 01:18:43,427 [grpc-default-executor-10] INFO  leader.FollowerInfo (FollowerInfoImpl.java:lambda$new$0(46)) - omNode-2@group-523986131536->omNode-1: nextIndex: updateUnconditionally 31 -> 16
2021-10-05 01:18:43,928 [grpc-default-executor-10] INFO  server.RaftServer$Division (RaftServerImpl.java:checkInconsistentAppendEntries(1319)) - omNode-1@group-523986131536: Failed appendEntries as previous log entry ((t:8, i:30)) is not found
2021-10-05 01:18:43,929 [grpc-default-executor-10] INFO  server.RaftServer$Division (RaftServerImpl.java:checkInconsistentAppendEntries(1285)) - omNode-1@group-523986131536: inconsistency entries. Reply:omNode-2<-omNode-1#1428:FAIL-t8,INCONSISTENCY,nextIndex=16,followerCommit=15
2021-10-05 01:18:43,929 [grpc-default-executor-10] INFO  leader.FollowerInfo (FollowerInfoImpl.java:lambda$new$0(46)) - omNode-2@group-523986131536->omNode-1: nextIndex: updateUnconditionally 31 -> 16
2021-10-05 01:18:44,431 [grpc-default-executor-10] INFO  server.RaftServer$Division (RaftServerImpl.java:checkInconsistentAppendEntries(1319)) - omNode-1@group-523986131536: Failed appendEntries as previous log entry ((t:8, i:30)) is not found
2021-10-05 01:18:44,431 [grpc-default-executor-10] INFO  server.RaftServer$Division (RaftServerImpl.java:checkInconsistentAppendEntries(1285)) - omNode-1@group-523986131536: inconsistency entries. Reply:omNode-2<-omNode-1#1479:FAIL-t8,INCONSISTENCY,nextIndex=16,followerCommit=15
2021-10-05 01:18:44,431 [grpc-default-executor-10] INFO  leader.FollowerInfo (FollowerInfoImpl.java:lambda$new$0(46)) - omNode-2@group-523986131536->omNode-1: nextIndex: updateUnconditionally 31 -> 16
2021-10-05 01:18:44,933 [grpc-default-executor-10] INFO  server.RaftServer$Division (RaftServerImpl.java:checkInconsistentAppendEntries(1319)) - omNode-1@group-523986131536: Failed appendEntries as previous log entry ((t:8, i:30)) is not found
2021-10-05 01:18:44,933 [grpc-default-executor-10] INFO  server.RaftServer$Division (RaftServerImpl.java:checkInconsistentAppendEntries(1285)) - omNode-1@group-523986131536: inconsistency entries. Reply:omNode-2<-omNode-1#1530:FAIL-t8,INCONSISTENCY,nextIndex=16,followerCommit=15
2021-10-05 01:18:44,933 [grpc-default-executor-10] INFO  leader.FollowerInfo (FollowerInfoImpl.java:lambda$new$0(46)) - omNode-2@group-523986131536->omNode-1: nextIndex: updateUnconditionally 31 -> 16
2021-10-05 01:18:45,435 [grpc-default-executor-10] INFO  server.RaftServer$Division (RaftServerImpl.java:checkInconsistentAppendEntries(1319)) - omNode-1@group-523986131536: Failed appendEntries as previous log entry ((t:8, i:30)) is not found
2021-10-05 01:18:45,436 [grpc-default-executor-10] INFO  server.RaftServer$Division (RaftServerImpl.java:checkInconsistentAppendEntries(1285)) - omNode-1@group-523986131536: inconsistency entries. Reply:omNode-2<-omNode-1#1581:FAIL-t8,INCONSISTENCY,nextIndex=16,followerCommit=15
2021-10-05 01:18:45,436 [grpc-default-executor-10] INFO  leader.FollowerInfo (FollowerInfoImpl.java:lambda$new$0(46)) - omNode-2@group-523986131536->omNode-1: nextIndex: updateUnconditionally 31 -> 16
2021-10-05 01:18:45,938 [grpc-default-executor-10] INFO  server.RaftServer$Division (RaftServerImpl.java:checkInconsistentAppendEntries(1319)) - omNode-1@group-523986131536: Failed appendEntries as previous log entry ((t:8, i:30)) is not found
2021-10-05 01:18:45,938 [grpc-default-executor-10] INFO  server.RaftServer$Division (RaftServerImpl.java:checkInconsistentAppendEntries(1285)) - omNode-1@group-523986131536: inconsistency entries. Reply:omNode-2<-omNode-1#1632:FAIL-t8,INCONSISTENCY,nextIndex=16,followerCommit=15
2021-10-05 01:18:45,938 [grpc-default-executor-10] INFO  leader.FollowerInfo (FollowerInfoImpl.java:lambda$new$0(46)) - omNode-2@group-523986131536->omNode-1: nextIndex: updateUnconditionally 31 -> 16
2021-10-05 01:18:46,441 [grpc-default-executor-10] INFO  server.RaftServer$Division (RaftServerImpl.java:checkInconsistentAppendEntries(1319)) - omNode-1@group-523986131536: Failed appendEntries as previous log entry ((t:8, i:30)) is not found
2021-10-05 01:18:46,441 [grpc-default-executor-10] INFO  server.RaftServer$Division (RaftServerImpl.java:checkInconsistentAppendEntries(1285)) - omNode-1@group-523986131536: inconsistency entries. Reply:omNode-2<-omNode-1#1683:FAIL-t8,INCONSISTENCY,nextIndex=16,followerCommit=15
2021-10-05 01:18:46,441 [grpc-default-executor-10] INFO  leader.FollowerInfo (FollowerInfoImpl.java:lambda$new$0(46)) - omNode-2@group-523986131536->omNode-1: nextIndex: updateUnconditionally 31 -> 16
2021-10-05 01:18:46,944 [grpc-default-executor-10] INFO  server.RaftServer$Division (RaftServerImpl.java:checkInconsistentAppendEntries(1319)) - omNode-1@group-523986131536: Failed appendEntries as previous log entry ((t:8, i:30)) is not found
2021-10-05 01:18:46,944 [grpc-default-executor-10] INFO  server.RaftServer$Division (RaftServerImpl.java:checkInconsistentAppendEntries(1285)) - omNode-1@group-523986131536: inconsistency entries. Reply:omNode-2<-omNode-1#1734:FAIL-t8,INCONSISTENCY,nextIndex=16,followerCommit=15
2021-10-05 01:18:46,944 [grpc-default-executor-10] INFO  leader.FollowerInfo (FollowerInfoImpl.java:lambda$new$0(46)) - omNode-2@group-523986131536->omNode-1: nextIndex: updateUnconditionally 31 -> 16
2021-10-05 01:18:47,446 [grpc-default-executor-10] INFO  server.RaftServer$Division (RaftServerImpl.java:checkInconsistentAppendEntries(1319)) - omNode-1@group-523986131536: Failed appendEntries as previous log entry ((t:8, i:30)) is not found
2021-10-05 01:18:47,446 [grpc-default-executor-10] INFO  server.RaftServer$Division (RaftServerImpl.java:checkInconsistentAppendEntries(1285)) - omNode-1@group-523986131536: inconsistency entries. Reply:omNode-2<-omNode-1#1785:FAIL-t8,INCONSISTENCY,nextIndex=16,followerCommit=15
2021-10-05 01:18:47,446 [grpc-default-executor-10] INFO  leader.FollowerInfo (FollowerInfoImpl.java:lambda$new$0(46)) - omNode-2@group-523986131536->omNode-1: nextIndex: updateUnconditionally 31 -> 16
2021-10-05 01:18:47,948 [grpc-default-executor-10] INFO  server.RaftServer$Division (RaftServerImpl.java:checkInconsistentAppendEntries(1319)) - omNode-1@group-523986131536: Failed appendEntries as previous log entry ((t:8, i:30)) is not found
2021-10-05 01:18:47,948 [grpc-default-executor-10] INFO  server.RaftServer$Division (RaftServerImpl.java:checkInconsistentAppendEntries(1285)) - omNode-1@group-523986131536: inconsistency entries. Reply:omNode-2<-omNode-1#1836:FAIL-t8,INCONSISTENCY,nextIndex=16,followerCommit=15
2021-10-05 01:18:47,949 [grpc-default-executor-10] INFO  leader.FollowerInfo (FollowerInfoImpl.java:lambda$new$0(46)) - omNode-2@group-523986131536->omNode-1: nextIndex: updateUnconditionally 31 -> 16
2021-10-05 01:18:48,451 [grpc-default-executor-10] INFO  server.RaftServer$Division (RaftServerImpl.java:checkInconsistentAppendEntries(1319)) - omNode-1@group-523986131536: Failed appendEntries as previous log entry ((t:8, i:30)) is not found
2021-10-05 01:18:48,451 [grpc-default-executor-10] INFO  server.RaftServer$Division (RaftServerImpl.java:checkInconsistentAppendEntries(1285)) - omNode-1@group-523986131536: inconsistency entries. Reply:omNode-2<-omNode-1#1887:FAIL-t8,INCONSISTENCY,nextIndex=16,followerCommit=15
2021-10-05 01:18:48,451 [grpc-default-executor-10] INFO  leader.FollowerInfo (FollowerInfoImpl.java:lambda$new$0(46)) - omNode-2@group-523986131536->omNode-1: nextIndex: updateUnconditionally 31 -> 16
2021-10-05 01:18:48,953 [grpc-default-executor-2] INFO  server.RaftServer$Division (RaftServerImpl.java:checkInconsistentAppendEntries(1319)) - omNode-1@group-523986131536: Failed appendEntries as previous log entry ((t:8, i:30)) is not found
2021-10-05 01:18:48,953 [grpc-default-executor-2] INFO  server.RaftServer$Division (RaftServerImpl.java:checkInconsistentAppendEntries(1285)) - omNode-1@group-523986131536: inconsistency entries. Reply:omNode-2<-omNode-1#1938:FAIL-t8,INCONSISTENCY,nextIndex=16,followerCommit=15
2021-10-05 01:18:48,954 [grpc-default-executor-2] INFO  leader.FollowerInfo (FollowerInfoImpl.java:lambda$new$0(46)) - omNode-2@group-523986131536->omNode-1: nextIndex: updateUnconditionally 31 -> 16
2021-10-05 01:18:49,455 [grpc-default-executor-2] INFO  server.RaftServer$Division (RaftServerImpl.java:checkInconsistentAppendEntries(1319)) - omNode-1@group-523986131536: Failed appendEntries as previous log entry ((t:8, i:30)) is not found
2021-10-05 01:18:49,456 [grpc-default-executor-2] INFO  server.RaftServer$Division (RaftServerImpl.java:checkInconsistentAppendEntries(1285)) - omNode-1@group-523986131536: inconsistency entries. Reply:omNode-2<-omNode-1#1989:FAIL-t8,INCONSISTENCY,nextIndex=16,followerCommit=15
2021-10-05 01:18:49,456 [grpc-default-executor-2] INFO  leader.FollowerInfo (FollowerInfoImpl.java:lambda$new$0(46)) - omNode-2@group-523986131536->omNode-1: nextIndex: updateUnconditionally 31 -> 16
2021-10-05 01:18:49,958 [grpc-default-executor-2] INFO  server.RaftServer$Division (RaftServerImpl.java:checkInconsistentAppendEntries(1319)) - omNode-1@group-523986131536: Failed appendEntries as previous log entry ((t:8, i:30)) is not found
2021-10-05 01:18:49,958 [grpc-default-executor-2] INFO  server.RaftServer$Division (RaftServerImpl.java:checkInconsistentAppendEntries(1285)) - omNode-1@group-523986131536: inconsistency entries. Reply:omNode-2<-omNode-1#2040:FAIL-t8,INCONSISTENCY,nextIndex=16,followerCommit=15
2021-10-05 01:18:49,958 [grpc-default-executor-2] INFO  leader.FollowerInfo (FollowerInfoImpl.java:lambda$new$0(46)) - omNode-2@group-523986131536->omNode-1: nextIndex: updateUnconditionally 31 -> 16
2021-10-05 01:18:50,151 [ReplicationMonitor] INFO  container.ReplicationManager (ReplicationManager.java:processAll(371)) - Replication Monitor Thread took 0 milliseconds for processing 0 containers.
2021-10-05 01:18:50,460 [grpc-default-executor-2] INFO  server.RaftServer$Division (RaftServerImpl.java:checkInconsistentAppendEntries(1319)) - omNode-1@group-523986131536: Failed appendEntries as previous log entry ((t:8, i:30)) is not found
2021-10-05 01:18:50,461 [grpc-default-executor-2] INFO  server.RaftServer$Division (RaftServerImpl.java:checkInconsistentAppendEntries(1285)) - omNode-1@group-523986131536: inconsistency entries. Reply:omNode-2<-omNode-1#2091:FAIL-t8,INCONSISTENCY,nextIndex=16,followerCommit=15
2021-10-05 01:18:50,461 [grpc-default-executor-2] INFO  leader.FollowerInfo (FollowerInfoImpl.java:lambda$new$0(46)) - omNode-2@group-523986131536->omNode-1: nextIndex: updateUnconditionally 31 -> 16
2021-10-05 01:18:50,962 [grpc-default-executor-2] INFO  server.RaftServer$Division (RaftServerImpl.java:checkInconsistentAppendEntries(1319)) - omNode-1@group-523986131536: Failed appendEntries as previous log entry ((t:8, i:30)) is not found
2021-10-05 01:18:50,963 [grpc-default-executor-2] INFO  server.RaftServer$Division (RaftServerImpl.java:checkInconsistentAppendEntries(1285)) - omNode-1@group-523986131536: inconsistency entries. Reply:omNode-2<-omNode-1#2142:FAIL-t8,INCONSISTENCY,nextIndex=16,followerCommit=15
2021-10-05 01:18:50,963 [grpc-default-executor-2] INFO  leader.FollowerInfo (FollowerInfoImpl.java:lambda$new$0(46)) - omNode-2@group-523986131536->omNode-1: nextIndex: updateUnconditionally 31 -> 16
2021-10-05 01:18:51,464 [grpc-default-executor-2] INFO  server.RaftServer$Division (RaftServerImpl.java:checkInconsistentAppendEntries(1319)) - omNode-1@group-523986131536: Failed appendEntries as previous log entry ((t:8, i:30)) is not found
2021-10-05 01:18:51,465 [grpc-default-executor-2] INFO  server.RaftServer$Division (RaftServerImpl.java:checkInconsistentAppendEntries(1285)) - omNode-1@group-523986131536: inconsistency entries. Reply:omNode-2<-omNode-1#2193:FAIL-t8,INCONSISTENCY,nextIndex=16,followerCommit=15
2021-10-05 01:18:51,465 [grpc-default-executor-2] INFO  leader.FollowerInfo (FollowerInfoImpl.java:lambda$new$0(46)) - omNode-2@group-523986131536->omNode-1: nextIndex: updateUnconditionally 31 -> 16
2021-10-05 01:18:51,967 [grpc-default-executor-2] INFO  server.RaftServer$Division (RaftServerImpl.java:checkInconsistentAppendEntries(1319)) - omNode-1@group-523986131536: Failed appendEntries as previous log entry ((t:8, i:30)) is not found
2021-10-05 01:18:51,967 [grpc-default-executor-2] INFO  server.RaftServer$Division (RaftServerImpl.java:checkInconsistentAppendEntries(1285)) - omNode-1@group-523986131536: inconsistency entries. Reply:omNode-2<-omNode-1#2244:FAIL-t8,INCONSISTENCY,nextIndex=16,followerCommit=15
2021-10-05 01:18:51,968 [grpc-default-executor-2] INFO  leader.FollowerInfo (FollowerInfoImpl.java:lambda$new$0(46)) - omNode-2@group-523986131536->omNode-1: nextIndex: updateUnconditionally 31 -> 16
2021-10-05 01:18:52,469 [grpc-default-executor-2] INFO  server.RaftServer$Division (RaftServerImpl.java:checkInconsistentAppendEntries(1319)) - omNode-1@group-523986131536: Failed appendEntries as previous log entry ((t:8, i:30)) is not found
2021-10-05 01:18:52,470 [grpc-default-executor-2] INFO  server.RaftServer$Division (RaftServerImpl.java:checkInconsistentAppendEntries(1285)) - omNode-1@group-523986131536: inconsistency entries. Reply:omNode-2<-omNode-1#2295:FAIL-t8,INCONSISTENCY,nextIndex=16,followerCommit=15
2021-10-05 01:18:52,470 [grpc-default-executor-2] INFO  leader.FollowerInfo (FollowerInfoImpl.java:lambda$new$0(46)) - omNode-2@group-523986131536->omNode-1: nextIndex: updateUnconditionally 31 -> 16
2021-10-05 01:18:52,972 [grpc-default-executor-2] INFO  server.RaftServer$Division (RaftServerImpl.java:checkInconsistentAppendEntries(1319)) - omNode-1@group-523986131536: Failed appendEntries as previous log entry ((t:8, i:30)) is not found
2021-10-05 01:18:52,972 [grpc-default-executor-2] INFO  server.RaftServer$Division (RaftServerImpl.java:checkInconsistentAppendEntries(1285)) - omNode-1@group-523986131536: inconsistency entries. Reply:omNode-2<-omNode-1#2346:FAIL-t8,INCONSISTENCY,nextIndex=16,followerCommit=15
2021-10-05 01:18:52,973 [grpc-default-executor-2] INFO  leader.FollowerInfo (FollowerInfoImpl.java:lambda$new$0(46)) - omNode-2@group-523986131536->omNode-1: nextIndex: updateUnconditionally 31 -> 16
2021-10-05 01:18:53,475 [grpc-default-executor-2] INFO  server.RaftServer$Division (RaftServerImpl.java:checkInconsistentAppendEntries(1319)) - omNode-1@group-523986131536: Failed appendEntries as previous log entry ((t:8, i:30)) is not found
2021-10-05 01:18:53,475 [grpc-default-executor-2] INFO  server.RaftServer$Division (RaftServerImpl.java:checkInconsistentAppendEntries(1285)) - omNode-1@group-523986131536: inconsistency entries. Reply:omNode-2<-omNode-1#2397:FAIL-t8,INCONSISTENCY,nextIndex=16,followerCommit=15
2021-10-05 01:18:53,475 [grpc-default-executor-2] INFO  leader.FollowerInfo (FollowerInfoImpl.java:lambda$new$0(46)) - omNode-2@group-523986131536->omNode-1: nextIndex: updateUnconditionally 31 -> 16
2021-10-05 01:18:53,977 [grpc-default-executor-2] INFO  server.RaftServer$Division (RaftServerImpl.java:checkInconsistentAppendEntries(1319)) - omNode-1@group-523986131536: Failed appendEntries as previous log entry ((t:8, i:30)) is not found
2021-10-05 01:18:53,977 [grpc-default-executor-2] INFO  server.RaftServer$Division (RaftServerImpl.java:checkInconsistentAppendEntries(1285)) - omNode-1@group-523986131536: inconsistency entries. Reply:omNode-2<-omNode-1#2448:FAIL-t8,INCONSISTENCY,nextIndex=16,followerCommit=15
2021-10-05 01:18:53,977 [grpc-default-executor-2] INFO  leader.FollowerInfo (FollowerInfoImpl.java:lambda$new$0(46)) - omNode-2@group-523986131536->omNode-1: nextIndex: updateUnconditionally 31 -> 16
2021-10-05 01:18:54,480 [grpc-default-executor-2] INFO  server.RaftServer$Division (RaftServerImpl.java:checkInconsistentAppendEntries(1319)) - omNode-1@group-523986131536: Failed appendEntries as previous log entry ((t:8, i:30)) is not found
2021-10-05 01:18:54,480 [grpc-default-executor-2] INFO  server.RaftServer$Division (RaftServerImpl.java:checkInconsistentAppendEntries(1285)) - omNode-1@group-523986131536: inconsistency entries. Reply:omNode-2<-omNode-1#2499:FAIL-t8,INCONSISTENCY,nextIndex=16,followerCommit=15
2021-10-05 01:18:54,480 [grpc-default-executor-2] INFO  leader.FollowerInfo (FollowerInfoImpl.java:lambda$new$0(46)) - omNode-2@group-523986131536->omNode-1: nextIndex: updateUnconditionally 31 -> 16
2021-10-05 01:18:54,982 [grpc-default-executor-2] INFO  server.RaftServer$Division (RaftServerImpl.java:checkInconsistentAppendEntries(1319)) - omNode-1@group-523986131536: Failed appendEntries as previous log entry ((t:8, i:30)) is not found
2021-10-05 01:18:54,983 [grpc-default-executor-2] INFO  server.RaftServer$Division (RaftServerImpl.java:checkInconsistentAppendEntries(1285)) - omNode-1@group-523986131536: inconsistency entries. Reply:omNode-2<-omNode-1#2550:FAIL-t8,INCONSISTENCY,nextIndex=16,followerCommit=15
2021-10-05 01:18:54,983 [grpc-default-executor-2] INFO  leader.FollowerInfo (FollowerInfoImpl.java:lambda$new$0(46)) - omNode-2@group-523986131536->omNode-1: nextIndex: updateUnconditionally 31 -> 16
2021-10-05 01:18:55,485 [grpc-default-executor-2] INFO  server.RaftServer$Division (RaftServerImpl.java:checkInconsistentAppendEntries(1319)) - omNode-1@group-523986131536: Failed appendEntries as previous log entry ((t:8, i:30)) is not found
2021-10-05 01:18:55,485 [grpc-default-executor-2] INFO  server.RaftServer$Division (RaftServerImpl.java:checkInconsistentAppendEntries(1285)) - omNode-1@group-523986131536: inconsistency entries. Reply:omNode-2<-omNode-1#2601:FAIL-t8,INCONSISTENCY,nextIndex=16,followerCommit=15
2021-10-05 01:18:55,485 [grpc-default-executor-2] INFO  leader.FollowerInfo (FollowerInfoImpl.java:lambda$new$0(46)) - omNode-2@group-523986131536->omNode-1: nextIndex: updateUnconditionally 31 -> 16
2021-10-05 01:18:55,989 [grpc-default-executor-2] INFO  server.RaftServer$Division (RaftServerImpl.java:checkInconsistentAppendEntries(1319)) - omNode-1@group-523986131536: Failed appendEntries as previous log entry ((t:8, i:30)) is not found
2021-10-05 01:18:55,989 [grpc-default-executor-2] INFO  server.RaftServer$Division (RaftServerImpl.java:checkInconsistentAppendEntries(1285)) - omNode-1@group-523986131536: inconsistency entries. Reply:omNode-2<-omNode-1#2652:FAIL-t8,INCONSISTENCY,nextIndex=16,followerCommit=15
2021-10-05 01:18:55,989 [grpc-default-executor-2] INFO  leader.FollowerInfo (FollowerInfoImpl.java:lambda$new$0(46)) - omNode-2@group-523986131536->omNode-1: nextIndex: updateUnconditionally 31 -> 16
2021-10-05 01:18:56,492 [grpc-default-executor-2] INFO  server.RaftServer$Division (RaftServerImpl.java:checkInconsistentAppendEntries(1319)) - omNode-1@group-523986131536: Failed appendEntries as previous log entry ((t:8, i:30)) is not found
2021-10-05 01:18:56,492 [grpc-default-executor-2] INFO  server.RaftServer$Division (RaftServerImpl.java:checkInconsistentAppendEntries(1285)) - omNode-1@group-523986131536: inconsistency entries. Reply:omNode-2<-omNode-1#2703:FAIL-t8,INCONSISTENCY,nextIndex=16,followerCommit=15
2021-10-05 01:18:56,492 [grpc-default-executor-2] INFO  leader.FollowerInfo (FollowerInfoImpl.java:lambda$new$0(46)) - omNode-2@group-523986131536->omNode-1: nextIndex: updateUnconditionally 31 -> 16
2021-10-05 01:18:56,994 [grpc-default-executor-2] INFO  server.RaftServer$Division (RaftServerImpl.java:checkInconsistentAppendEntries(1319)) - omNode-1@group-523986131536: Failed appendEntries as previous log entry ((t:8, i:30)) is not found
2021-10-05 01:18:56,994 [grpc-default-executor-2] INFO  server.RaftServer$Division (RaftServerImpl.java:checkInconsistentAppendEntries(1285)) - omNode-1@group-523986131536: inconsistency entries. Reply:omNode-2<-omNode-1#2754:FAIL-t8,INCONSISTENCY,nextIndex=16,followerCommit=15
2021-10-05 01:18:57,000 [grpc-default-executor-2] INFO  leader.FollowerInfo (FollowerInfoImpl.java:lambda$new$0(46)) - omNode-2@group-523986131536->omNode-1: nextIndex: updateUnconditionally 31 -> 16
2021-10-05 01:18:57,502 [grpc-default-executor-2] INFO  server.RaftServer$Division (RaftServerImpl.java:checkInconsistentAppendEntries(1319)) - omNode-1@group-523986131536: Failed appendEntries as previous log entry ((t:8, i:30)) is not found
2021-10-05 01:18:57,502 [grpc-default-executor-2] INFO  server.RaftServer$Division (RaftServerImpl.java:checkInconsistentAppendEntries(1285)) - omNode-1@group-523986131536: inconsistency entries. Reply:omNode-2<-omNode-1#2805:FAIL-t8,INCONSISTENCY,nextIndex=16,followerCommit=15
2021-10-05 01:18:57,503 [grpc-default-executor-2] INFO  leader.FollowerInfo (FollowerInfoImpl.java:lambda$new$0(46)) - omNode-2@group-523986131536->omNode-1: nextIndex: updateUnconditionally 31 -> 16
2021-10-05 01:18:58,004 [grpc-default-executor-2] INFO  server.RaftServer$Division (RaftServerImpl.java:checkInconsistentAppendEntries(1319)) - omNode-1@group-523986131536: Failed appendEntries as previous log entry ((t:8, i:30)) is not found
2021-10-05 01:18:58,004 [grpc-default-executor-2] INFO  server.RaftServer$Division (RaftServerImpl.java:checkInconsistentAppendEntries(1285)) - omNode-1@group-523986131536: inconsistency entries. Reply:omNode-2<-omNode-1#2856:FAIL-t8,INCONSISTENCY,nextIndex=16,followerCommit=15
2021-10-05 01:18:58,004 [grpc-default-executor-2] INFO  leader.FollowerInfo (FollowerInfoImpl.java:lambda$new$0(46)) - omNode-2@group-523986131536->omNode-1: nextIndex: updateUnconditionally 31 -> 16
2021-10-05 01:18:58,506 [grpc-default-executor-2] INFO  server.RaftServer$Division (RaftServerImpl.java:checkInconsistentAppendEntries(1319)) - omNode-1@group-523986131536: Failed appendEntries as previous log entry ((t:8, i:30)) is not found
2021-10-05 01:18:58,506 [grpc-default-executor-2] INFO  server.RaftServer$Division (RaftServerImpl.java:checkInconsistentAppendEntries(1285)) - omNode-1@group-523986131536: inconsistency entries. Reply:omNode-2<-omNode-1#2907:FAIL-t8,INCONSISTENCY,nextIndex=16,followerCommit=15
2021-10-05 01:18:58,507 [grpc-default-executor-2] INFO  leader.FollowerInfo (FollowerInfoImpl.java:lambda$new$0(46)) - omNode-2@group-523986131536->omNode-1: nextIndex: updateUnconditionally 31 -> 16
2021-10-05 01:18:59,009 [grpc-default-executor-2] INFO  server.RaftServer$Division (RaftServerImpl.java:checkInconsistentAppendEntries(1319)) - omNode-1@group-523986131536: Failed appendEntries as previous log entry ((t:8, i:30)) is not found
2021-10-05 01:18:59,009 [grpc-default-executor-2] INFO  server.RaftServer$Division (RaftServerImpl.java:checkInconsistentAppendEntries(1285)) - omNode-1@group-523986131536: inconsistency entries. Reply:omNode-2<-omNode-1#2958:FAIL-t8,INCONSISTENCY,nextIndex=16,followerCommit=15
2021-10-05 01:18:59,009 [grpc-default-executor-2] INFO  leader.FollowerInfo (FollowerInfoImpl.java:lambda$new$0(46)) - omNode-2@group-523986131536->omNode-1: nextIndex: updateUnconditionally 31 -> 16
2021-10-05 01:18:59,511 [grpc-default-executor-2] INFO  server.RaftServer$Division (RaftServerImpl.java:checkInconsistentAppendEntries(1319)) - omNode-1@group-523986131536: Failed appendEntries as previous log entry ((t:8, i:30)) is not found
2021-10-05 01:18:59,511 [grpc-default-executor-2] INFO  server.RaftServer$Division (RaftServerImpl.java:checkInconsistentAppendEntries(1285)) - omNode-1@group-523986131536: inconsistency entries. Reply:omNode-2<-omNode-1#3009:FAIL-t8,INCONSISTENCY,nextIndex=16,followerCommit=15
2021-10-05 01:18:59,512 [grpc-default-executor-2] INFO  leader.FollowerInfo (FollowerInfoImpl.java:lambda$new$0(46)) - omNode-2@group-523986131536->omNode-1: nextIndex: updateUnconditionally 31 -> 16
2021-10-05 01:19:00,014 [grpc-default-executor-2] INFO  server.RaftServer$Division (RaftServerImpl.java:checkInconsistentAppendEntries(1319)) - omNode-1@group-523986131536: Failed appendEntries as previous log entry ((t:8, i:30)) is not found
2021-10-05 01:19:00,014 [grpc-default-executor-2] INFO  server.RaftServer$Division (RaftServerImpl.java:checkInconsistentAppendEntries(1285)) - omNode-1@group-523986131536: inconsistency entries. Reply:omNode-2<-omNode-1#3060:FAIL-t8,INCONSISTENCY,nextIndex=16,followerCommit=15
2021-10-05 01:19:00,014 [grpc-default-executor-2] INFO  leader.FollowerInfo (FollowerInfoImpl.java:lambda$new$0(46)) - omNode-2@group-523986131536->omNode-1: nextIndex: updateUnconditionally 31 -> 16
2021-10-05 01:19:00,516 [grpc-default-executor-2] INFO  server.RaftServer$Division (RaftServerImpl.java:checkInconsistentAppendEntries(1319)) - omNode-1@group-523986131536: Failed appendEntries as previous log entry ((t:8, i:30)) is not found
2021-10-05 01:19:00,517 [grpc-default-executor-2] INFO  server.RaftServer$Division (RaftServerImpl.java:checkInconsistentAppendEntries(1285)) - omNode-1@group-523986131536: inconsistency entries. Reply:omNode-2<-omNode-1#3111:FAIL-t8,INCONSISTENCY,nextIndex=16,followerCommit=15
2021-10-05 01:19:00,517 [grpc-default-executor-2] INFO  leader.FollowerInfo (FollowerInfoImpl.java:lambda$new$0(46)) - omNode-2@group-523986131536->omNode-1: nextIndex: updateUnconditionally 31 -> 16
2021-10-05 01:19:01,019 [grpc-default-executor-2] INFO  server.RaftServer$Division (RaftServerImpl.java:checkInconsistentAppendEntries(1319)) - omNode-1@group-523986131536: Failed appendEntries as previous log entry ((t:8, i:30)) is not found
2021-10-05 01:19:01,019 [grpc-default-executor-2] INFO  server.RaftServer$Division (RaftServerImpl.java:checkInconsistentAppendEntries(1285)) - omNode-1@group-523986131536: inconsistency entries. Reply:omNode-2<-omNode-1#3161:FAIL-t8,INCONSISTENCY,nextIndex=16,followerCommit=15
2021-10-05 01:19:01,019 [grpc-default-executor-2] INFO  leader.FollowerInfo (FollowerInfoImpl.java:lambda$new$0(46)) - omNode-2@group-523986131536->omNode-1: nextIndex: updateUnconditionally 31 -> 16
2021-10-05 01:19:01,521 [grpc-default-executor-2] INFO  server.RaftServer$Division (RaftServerImpl.java:checkInconsistentAppendEntries(1319)) - omNode-1@group-523986131536: Failed appendEntries as previous log entry ((t:8, i:30)) is not found
2021-10-05 01:19:01,521 [grpc-default-executor-2] INFO  server.RaftServer$Division (RaftServerImpl.java:checkInconsistentAppendEntries(1285)) - omNode-1@group-523986131536: inconsistency entries. Reply:omNode-2<-omNode-1#3212:FAIL-t8,INCONSISTENCY,nextIndex=16,followerCommit=15
2021-10-05 01:19:01,522 [grpc-default-executor-2] INFO  leader.FollowerInfo (FollowerInfoImpl.java:lambda$new$0(46)) - omNode-2@group-523986131536->omNode-1: nextIndex: updateUnconditionally 31 -> 16
2021-10-05 01:19:02,023 [grpc-default-executor-2] INFO  server.RaftServer$Division (RaftServerImpl.java:checkInconsistentAppendEntries(1319)) - omNode-1@group-523986131536: Failed appendEntries as previous log entry ((t:8, i:30)) is not found
2021-10-05 01:19:02,023 [grpc-default-executor-2] INFO  server.RaftServer$Division (RaftServerImpl.java:checkInconsistentAppendEntries(1285)) - omNode-1@group-523986131536: inconsistency entries. Reply:omNode-2<-omNode-1#3263:FAIL-t8,INCONSISTENCY,nextIndex=16,followerCommit=15
2021-10-05 01:19:02,024 [grpc-default-executor-2] INFO  leader.FollowerInfo (FollowerInfoImpl.java:lambda$new$0(46)) - omNode-2@group-523986131536->omNode-1: nextIndex: updateUnconditionally 31 -> 16
2021-10-05 01:19:02,526 [grpc-default-executor-2] INFO  server.RaftServer$Division (RaftServerImpl.java:checkInconsistentAppendEntries(1319)) - omNode-1@group-523986131536: Failed appendEntries as previous log entry ((t:8, i:30)) is not found
2021-10-05 01:19:02,526 [grpc-default-executor-2] INFO  server.RaftServer$Division (RaftServerImpl.java:checkInconsistentAppendEntries(1285)) - omNode-1@group-523986131536: inconsistency entries. Reply:omNode-2<-omNode-1#3314:FAIL-t8,INCONSISTENCY,nextIndex=16,followerCommit=15
2021-10-05 01:19:02,527 [grpc-default-executor-2] INFO  leader.FollowerInfo (FollowerInfoImpl.java:lambda$new$0(46)) - omNode-2@group-523986131536->omNode-1: nextIndex: updateUnconditionally 31 -> 16
2021-10-05 01:19:03,028 [grpc-default-executor-2] INFO  server.RaftServer$Division (RaftServerImpl.java:checkInconsistentAppendEntries(1319)) - omNode-1@group-523986131536: Failed appendEntries as previous log entry ((t:8, i:30)) is not found
2021-10-05 01:19:03,029 [grpc-default-executor-2] INFO  server.RaftServer$Division (RaftServerImpl.java:checkInconsistentAppendEntries(1285)) - omNode-1@group-523986131536: inconsistency entries. Reply:omNode-2<-omNode-1#3365:FAIL-t8,INCONSISTENCY,nextIndex=16,followerCommit=15
2021-10-05 01:19:03,029 [grpc-default-executor-2] INFO  leader.FollowerInfo (FollowerInfoImpl.java:lambda$new$0(46)) - omNode-2@group-523986131536->omNode-1: nextIndex: updateUnconditionally 31 -> 16
2021-10-05 01:19:03,530 [grpc-default-executor-2] INFO  server.RaftServer$Division (RaftServerImpl.java:checkInconsistentAppendEntries(1319)) - omNode-1@group-523986131536: Failed appendEntries as previous log entry ((t:8, i:30)) is not found
2021-10-05 01:19:03,531 [grpc-default-executor-2] INFO  server.RaftServer$Division (RaftServerImpl.java:checkInconsistentAppendEntries(1285)) - omNode-1@group-523986131536: inconsistency entries. Reply:omNode-2<-omNode-1#3416:FAIL-t8,INCONSISTENCY,nextIndex=16,followerCommit=15
2021-10-05 01:19:03,531 [grpc-default-executor-2] INFO  leader.FollowerInfo (FollowerInfoImpl.java:lambda$new$0(46)) - omNode-2@group-523986131536->omNode-1: nextIndex: updateUnconditionally 31 -> 16
2021-10-05 01:19:04,033 [grpc-default-executor-2] INFO  server.RaftServer$Division (RaftServerImpl.java:checkInconsistentAppendEntries(1319)) - omNode-1@group-523986131536: Failed appendEntries as previous log entry ((t:8, i:30)) is not found
2021-10-05 01:19:04,033 [grpc-default-executor-2] INFO  server.RaftServer$Division (RaftServerImpl.java:checkInconsistentAppendEntries(1285)) - omNode-1@group-523986131536: inconsistency entries. Reply:omNode-2<-omNode-1#3467:FAIL-t8,INCONSISTENCY,nextIndex=16,followerCommit=15
2021-10-05 01:19:04,033 [grpc-default-executor-2] INFO  leader.FollowerInfo (FollowerInfoImpl.java:lambda$new$0(46)) - omNode-2@group-523986131536->omNode-1: nextIndex: updateUnconditionally 31 -> 16
2021-10-05 01:19:04,535 [grpc-default-executor-2] INFO  server.RaftServer$Division (RaftServerImpl.java:checkInconsistentAppendEntries(1319)) - omNode-1@group-523986131536: Failed appendEntries as previous log entry ((t:8, i:30)) is not found
2021-10-05 01:19:04,535 [grpc-default-executor-2] INFO  server.RaftServer$Division (RaftServerImpl.java:checkInconsistentAppendEntries(1285)) - omNode-1@group-523986131536: inconsistency entries. Reply:omNode-2<-omNode-1#3518:FAIL-t8,INCONSISTENCY,nextIndex=16,followerCommit=15
2021-10-05 01:19:04,535 [grpc-default-executor-2] INFO  leader.FollowerInfo (FollowerInfoImpl.java:lambda$new$0(46)) - omNode-2@group-523986131536->omNode-1: nextIndex: updateUnconditionally 31 -> 16
2021-10-05 01:19:05,037 [grpc-default-executor-2] INFO  server.RaftServer$Division (RaftServerImpl.java:checkInconsistentAppendEntries(1319)) - omNode-1@group-523986131536: Failed appendEntries as previous log entry ((t:8, i:30)) is not found
2021-10-05 01:19:05,037 [grpc-default-executor-2] INFO  server.RaftServer$Division (RaftServerImpl.java:checkInconsistentAppendEntries(1285)) - omNode-1@group-523986131536: inconsistency entries. Reply:omNode-2<-omNode-1#3569:FAIL-t8,INCONSISTENCY,nextIndex=16,followerCommit=15
2021-10-05 01:19:05,038 [grpc-default-executor-2] INFO  leader.FollowerInfo (FollowerInfoImpl.java:lambda$new$0(46)) - omNode-2@group-523986131536->omNode-1: nextIndex: updateUnconditionally 31 -> 16
2021-10-05 01:19:05,539 [grpc-default-executor-2] INFO  server.RaftServer$Division (RaftServerImpl.java:checkInconsistentAppendEntries(1319)) - omNode-1@group-523986131536: Failed appendEntries as previous log entry ((t:8, i:30)) is not found
2021-10-05 01:19:05,539 [grpc-default-executor-2] INFO  server.RaftServer$Division (RaftServerImpl.java:checkInconsistentAppendEntries(1285)) - omNode-1@group-523986131536: inconsistency entries. Reply:omNode-2<-omNode-1#3620:FAIL-t8,INCONSISTENCY,nextIndex=16,followerCommit=15
2021-10-05 01:19:05,540 [grpc-default-executor-2] INFO  leader.FollowerInfo (FollowerInfoImpl.java:lambda$new$0(46)) - omNode-2@group-523986131536->omNode-1: nextIndex: updateUnconditionally 31 -> 16
2021-10-05 01:19:06,041 [grpc-default-executor-10] INFO  server.RaftServer$Division (RaftServerImpl.java:checkInconsistentAppendEntries(1319)) - omNode-1@group-523986131536: Failed appendEntries as previous log entry ((t:8, i:30)) is not found
2021-10-05 01:19:06,041 [grpc-default-executor-10] INFO  server.RaftServer$Division (RaftServerImpl.java:checkInconsistentAppendEntries(1285)) - omNode-1@group-523986131536: inconsistency entries. Reply:omNode-2<-omNode-1#3671:FAIL-t8,INCONSISTENCY,nextIndex=16,followerCommit=15
2021-10-05 01:19:06,042 [grpc-default-executor-10] INFO  leader.FollowerInfo (FollowerInfoImpl.java:lambda$new$0(46)) - omNode-2@group-523986131536->omNode-1: nextIndex: updateUnconditionally 31 -> 16
2021-10-05 01:19:06,544 [grpc-default-executor-10] INFO  server.RaftServer$Division (RaftServerImpl.java:checkInconsistentAppendEntries(1319)) - omNode-1@group-523986131536: Failed appendEntries as previous log entry ((t:8, i:30)) is not found
2021-10-05 01:19:06,544 [grpc-default-executor-10] INFO  server.RaftServer$Division (RaftServerImpl.java:checkInconsistentAppendEntries(1285)) - omNode-1@group-523986131536: inconsistency entries. Reply:omNode-2<-omNode-1#3722:FAIL-t8,INCONSISTENCY,nextIndex=16,followerCommit=15
2021-10-05 01:19:06,544 [grpc-default-executor-10] INFO  leader.FollowerInfo (FollowerInfoImpl.java:lambda$new$0(46)) - omNode-2@group-523986131536->omNode-1: nextIndex: updateUnconditionally 31 -> 16
2021-10-05 01:19:07,046 [grpc-default-executor-10] INFO  server.RaftServer$Division (RaftServerImpl.java:checkInconsistentAppendEntries(1319)) - omNode-1@group-523986131536: Failed appendEntries as previous log entry ((t:8, i:30)) is not found
2021-10-05 01:19:07,047 [grpc-default-executor-10] INFO  server.RaftServer$Division (RaftServerImpl.java:checkInconsistentAppendEntries(1285)) - omNode-1@group-523986131536: inconsistency entries. Reply:omNode-2<-omNode-1#3773:FAIL-t8,INCONSISTENCY,nextIndex=16,followerCommit=15
2021-10-05 01:19:07,047 [grpc-default-executor-10] INFO  leader.FollowerInfo (FollowerInfoImpl.java:lambda$new$0(46)) - omNode-2@group-523986131536->omNode-1: nextIndex: updateUnconditionally 31 -> 16
2021-10-05 01:19:07,549 [grpc-default-executor-10] INFO  server.RaftServer$Division (RaftServerImpl.java:checkInconsistentAppendEntries(1319)) - omNode-1@group-523986131536: Failed appendEntries as previous log entry ((t:8, i:30)) is not found
2021-10-05 01:19:07,549 [grpc-default-executor-10] INFO  server.RaftServer$Division (RaftServerImpl.java:checkInconsistentAppendEntries(1285)) - omNode-1@group-523986131536: inconsistency entries. Reply:omNode-2<-omNode-1#3824:FAIL-t8,INCONSISTENCY,nextIndex=16,followerCommit=15
2021-10-05 01:19:07,550 [grpc-default-executor-10] INFO  leader.FollowerInfo (FollowerInfoImpl.java:lambda$new$0(46)) - omNode-2@group-523986131536->omNode-1: nextIndex: updateUnconditionally 31 -> 16
2021-10-05 01:19:08,052 [grpc-default-executor-10] INFO  server.RaftServer$Division (RaftServerImpl.java:checkInconsistentAppendEntries(1319)) - omNode-1@group-523986131536: Failed appendEntries as previous log entry ((t:8, i:30)) is not found
2021-10-05 01:19:08,052 [grpc-default-executor-10] INFO  server.RaftServer$Division (RaftServerImpl.java:checkInconsistentAppendEntries(1285)) - omNode-1@group-523986131536: inconsistency entries. Reply:omNode-2<-omNode-1#3875:FAIL-t8,INCONSISTENCY,nextIndex=16,followerCommit=15
2021-10-05 01:19:08,052 [grpc-default-executor-10] INFO  leader.FollowerInfo (FollowerInfoImpl.java:lambda$new$0(46)) - omNode-2@group-523986131536->omNode-1: nextIndex: updateUnconditionally 31 -> 16
2021-10-05 01:19:08,554 [grpc-default-executor-10] INFO  server.RaftServer$Division (RaftServerImpl.java:checkInconsistentAppendEntries(1319)) - omNode-1@group-523986131536: Failed appendEntries as previous log entry ((t:8, i:30)) is not found
2021-10-05 01:19:08,554 [grpc-default-executor-10] INFO  server.RaftServer$Division (RaftServerImpl.java:checkInconsistentAppendEntries(1285)) - omNode-1@group-523986131536: inconsistency entries. Reply:omNode-2<-omNode-1#3926:FAIL-t8,INCONSISTENCY,nextIndex=16,followerCommit=15
2021-10-05 01:19:08,555 [grpc-default-executor-10] INFO  leader.FollowerInfo (FollowerInfoImpl.java:lambda$new$0(46)) - omNode-2@group-523986131536->omNode-1: nextIndex: updateUnconditionally 31 -> 16
2021-10-05 01:19:09,057 [grpc-default-executor-10] INFO  server.RaftServer$Division (RaftServerImpl.java:checkInconsistentAppendEntries(1319)) - omNode-1@group-523986131536: Failed appendEntries as previous log entry ((t:8, i:30)) is not found
2021-10-05 01:19:09,057 [grpc-default-executor-10] INFO  server.RaftServer$Division (RaftServerImpl.java:checkInconsistentAppendEntries(1285)) - omNode-1@group-523986131536: inconsistency entries. Reply:omNode-2<-omNode-1#3977:FAIL-t8,INCONSISTENCY,nextIndex=16,followerCommit=15
2021-10-05 01:19:09,057 [grpc-default-executor-10] INFO  leader.FollowerInfo (FollowerInfoImpl.java:lambda$new$0(46)) - omNode-2@group-523986131536->omNode-1: nextIndex: updateUnconditionally 31 -> 16
2021-10-05 01:19:09,560 [grpc-default-executor-10] INFO  server.RaftServer$Division (RaftServerImpl.java:checkInconsistentAppendEntries(1319)) - omNode-1@group-523986131536: Failed appendEntries as previous log entry ((t:8, i:30)) is not found
2021-10-05 01:19:09,560 [grpc-default-executor-10] INFO  server.RaftServer$Division (RaftServerImpl.java:checkInconsistentAppendEntries(1285)) - omNode-1@group-523986131536: inconsistency entries. Reply:omNode-2<-omNode-1#4028:FAIL-t8,INCONSISTENCY,nextIndex=16,followerCommit=15
2021-10-05 01:19:09,560 [grpc-default-executor-10] INFO  leader.FollowerInfo (FollowerInfoImpl.java:lambda$new$0(46)) - omNode-2@group-523986131536->omNode-1: nextIndex: updateUnconditionally 31 -> 16
2021-10-05 01:19:10,062 [grpc-default-executor-10] INFO  server.RaftServer$Division (RaftServerImpl.java:checkInconsistentAppendEntries(1319)) - omNode-1@group-523986131536: Failed appendEntries as previous log entry ((t:8, i:30)) is not found
2021-10-05 01:19:10,062 [grpc-default-executor-10] INFO  server.RaftServer$Division (RaftServerImpl.java:checkInconsistentAppendEntries(1285)) - omNode-1@group-523986131536: inconsistency entries. Reply:omNode-2<-omNode-1#4079:FAIL-t8,INCONSISTENCY,nextIndex=16,followerCommit=15
2021-10-05 01:19:10,063 [grpc-default-executor-10] INFO  leader.FollowerInfo (FollowerInfoImpl.java:lambda$new$0(46)) - omNode-2@group-523986131536->omNode-1: nextIndex: updateUnconditionally 31 -> 16
2021-10-05 01:19:10,565 [grpc-default-executor-10] INFO  server.RaftServer$Division (RaftServerImpl.java:checkInconsistentAppendEntries(1319)) - omNode-1@group-523986131536: Failed appendEntries as previous log entry ((t:8, i:30)) is not found
2021-10-05 01:19:10,565 [grpc-default-executor-10] INFO  server.RaftServer$Division (RaftServerImpl.java:checkInconsistentAppendEntries(1285)) - omNode-1@group-523986131536: inconsistency entries. Reply:omNode-2<-omNode-1#4130:FAIL-t8,INCONSISTENCY,nextIndex=16,followerCommit=15
2021-10-05 01:19:10,566 [grpc-default-executor-10] INFO  leader.FollowerInfo (FollowerInfoImpl.java:lambda$new$0(46)) - omNode-2@group-523986131536->omNode-1: nextIndex: updateUnconditionally 31 -> 16
2021-10-05 01:19:11,068 [grpc-default-executor-6] INFO  server.RaftServer$Division (RaftServerImpl.java:checkInconsistentAppendEntries(1319)) - omNode-1@group-523986131536: Failed appendEntries as previous log entry ((t:8, i:30)) is not found
2021-10-05 01:19:11,068 [grpc-default-executor-6] INFO  server.RaftServer$Division (RaftServerImpl.java:checkInconsistentAppendEntries(1285)) - omNode-1@group-523986131536: inconsistency entries. Reply:omNode-2<-omNode-1#4181:FAIL-t8,INCONSISTENCY,nextIndex=16,followerCommit=15
2021-10-05 01:19:11,068 [grpc-default-executor-6] INFO  leader.FollowerInfo (FollowerInfoImpl.java:lambda$new$0(46)) - omNode-2@group-523986131536->omNode-1: nextIndex: updateUnconditionally 31 -> 16
2021-10-05 01:19:11,570 [grpc-default-executor-6] INFO  server.RaftServer$Division (RaftServerImpl.java:checkInconsistentAppendEntries(1319)) - omNode-1@group-523986131536: Failed appendEntries as previous log entry ((t:8, i:30)) is not found
2021-10-05 01:19:11,570 [grpc-default-executor-6] INFO  server.RaftServer$Division (RaftServerImpl.java:checkInconsistentAppendEntries(1285)) - omNode-1@group-523986131536: inconsistency entries. Reply:omNode-2<-omNode-1#4232:FAIL-t8,INCONSISTENCY,nextIndex=16,followerCommit=15
2021-10-05 01:19:11,570 [grpc-default-executor-6] INFO  leader.FollowerInfo (FollowerInfoImpl.java:lambda$new$0(46)) - omNode-2@group-523986131536->omNode-1: nextIndex: updateUnconditionally 31 -> 16
2021-10-05 01:19:12,073 [grpc-default-executor-6] INFO  server.RaftServer$Division (RaftServerImpl.java:checkInconsistentAppendEntries(1319)) - omNode-1@group-523986131536: Failed appendEntries as previous log entry ((t:8, i:30)) is not found
2021-10-05 01:19:12,073 [grpc-default-executor-6] INFO  server.RaftServer$Division (RaftServerImpl.java:checkInconsistentAppendEntries(1285)) - omNode-1@group-523986131536: inconsistency entries. Reply:omNode-2<-omNode-1#4283:FAIL-t8,INCONSISTENCY,nextIndex=16,followerCommit=15
2021-10-05 01:19:12,073 [grpc-default-executor-6] INFO  leader.FollowerInfo (FollowerInfoImpl.java:lambda$new$0(46)) - omNode-2@group-523986131536->omNode-1: nextIndex: updateUnconditionally 31 -> 16
2021-10-05 01:19:12,575 [grpc-default-executor-6] INFO  server.RaftServer$Division (RaftServerImpl.java:checkInconsistentAppendEntries(1319)) - omNode-1@group-523986131536: Failed appendEntries as previous log entry ((t:8, i:30)) is not found
2021-10-05 01:19:12,575 [grpc-default-executor-6] INFO  server.RaftServer$Division (RaftServerImpl.java:checkInconsistentAppendEntries(1285)) - omNode-1@group-523986131536: inconsistency entries. Reply:omNode-2<-omNode-1#4334:FAIL-t8,INCONSISTENCY,nextIndex=16,followerCommit=15
2021-10-05 01:19:12,575 [grpc-default-executor-6] INFO  leader.FollowerInfo (FollowerInfoImpl.java:lambda$new$0(46)) - omNode-2@group-523986131536->omNode-1: nextIndex: updateUnconditionally 31 -> 16
2021-10-05 01:19:13,077 [grpc-default-executor-6] INFO  server.RaftServer$Division (RaftServerImpl.java:checkInconsistentAppendEntries(1319)) - omNode-1@group-523986131536: Failed appendEntries as previous log entry ((t:8, i:30)) is not found
2021-10-05 01:19:13,077 [grpc-default-executor-6] INFO  server.RaftServer$Division (RaftServerImpl.java:checkInconsistentAppendEntries(1285)) - omNode-1@group-523986131536: inconsistency entries. Reply:omNode-2<-omNode-1#4385:FAIL-t8,INCONSISTENCY,nextIndex=16,followerCommit=15
2021-10-05 01:19:13,078 [grpc-default-executor-6] INFO  leader.FollowerInfo (FollowerInfoImpl.java:lambda$new$0(46)) - omNode-2@group-523986131536->omNode-1: nextIndex: updateUnconditionally 31 -> 16
2021-10-05 01:19:13,579 [grpc-default-executor-6] INFO  server.RaftServer$Division (RaftServerImpl.java:checkInconsistentAppendEntries(1319)) - omNode-1@group-523986131536: Failed appendEntries as previous log entry ((t:8, i:30)) is not found
2021-10-05 01:19:13,579 [grpc-default-executor-6] INFO  server.RaftServer$Division (RaftServerImpl.java:checkInconsistentAppendEntries(1285)) - omNode-1@group-523986131536: inconsistency entries. Reply:omNode-2<-omNode-1#4436:FAIL-t8,INCONSISTENCY,nextIndex=16,followerCommit=15
2021-10-05 01:19:13,579 [grpc-default-executor-6] INFO  leader.FollowerInfo (FollowerInfoImpl.java:lambda$new$0(46)) - omNode-2@group-523986131536->omNode-1: nextIndex: updateUnconditionally 31 -> 16
2021-10-05 01:19:14,081 [grpc-default-executor-6] INFO  server.RaftServer$Division (RaftServerImpl.java:checkInconsistentAppendEntries(1319)) - omNode-1@group-523986131536: Failed appendEntries as previous log entry ((t:8, i:30)) is not found
2021-10-05 01:19:14,081 [grpc-default-executor-6] INFO  server.RaftServer$Division (RaftServerImpl.java:checkInconsistentAppendEntries(1285)) - omNode-1@group-523986131536: inconsistency entries. Reply:omNode-2<-omNode-1#4487:FAIL-t8,INCONSISTENCY,nextIndex=16,followerCommit=15
2021-10-05 01:19:14,082 [grpc-default-executor-6] INFO  leader.FollowerInfo (FollowerInfoImpl.java:lambda$new$0(46)) - omNode-2@group-523986131536->omNode-1: nextIndex: updateUnconditionally 31 -> 16
2021-10-05 01:19:14,583 [grpc-default-executor-6] INFO  server.RaftServer$Division (RaftServerImpl.java:checkInconsistentAppendEntries(1319)) - omNode-1@group-523986131536: Failed appendEntries as previous log entry ((t:8, i:30)) is not found
2021-10-05 01:19:14,584 [grpc-default-executor-6] INFO  server.RaftServer$Division (RaftServerImpl.java:checkInconsistentAppendEntries(1285)) - omNode-1@group-523986131536: inconsistency entries. Reply:omNode-2<-omNode-1#4538:FAIL-t8,INCONSISTENCY,nextIndex=16,followerCommit=15
2021-10-05 01:19:14,584 [grpc-default-executor-6] INFO  leader.FollowerInfo (FollowerInfoImpl.java:lambda$new$0(46)) - omNode-2@group-523986131536->omNode-1: nextIndex: updateUnconditionally 31 -> 16
2021-10-05 01:19:15,086 [grpc-default-executor-6] INFO  server.RaftServer$Division (RaftServerImpl.java:checkInconsistentAppendEntries(1319)) - omNode-1@group-523986131536: Failed appendEntries as previous log entry ((t:8, i:30)) is not found
2021-10-05 01:19:15,086 [grpc-default-executor-6] INFO  server.RaftServer$Division (RaftServerImpl.java:checkInconsistentAppendEntries(1285)) - omNode-1@group-523986131536: inconsistency entries. Reply:omNode-2<-omNode-1#4589:FAIL-t8,INCONSISTENCY,nextIndex=16,followerCommit=15
2021-10-05 01:19:15,086 [grpc-default-executor-6] INFO  leader.FollowerInfo (FollowerInfoImpl.java:lambda$new$0(46)) - omNode-2@group-523986131536->omNode-1: nextIndex: updateUnconditionally 31 -> 16
2021-10-05 01:19:15,589 [grpc-default-executor-6] INFO  server.RaftServer$Division (RaftServerImpl.java:checkInconsistentAppendEntries(1319)) - omNode-1@group-523986131536: Failed appendEntries as previous log entry ((t:8, i:30)) is not found
2021-10-05 01:19:15,589 [grpc-default-executor-6] INFO  server.RaftServer$Division (RaftServerImpl.java:checkInconsistentAppendEntries(1285)) - omNode-1@group-523986131536: inconsistency entries. Reply:omNode-2<-omNode-1#4640:FAIL-t8,INCONSISTENCY,nextIndex=16,followerCommit=15
2021-10-05 01:19:15,589 [grpc-default-executor-6] INFO  leader.FollowerInfo (FollowerInfoImpl.java:lambda$new$0(46)) - omNode-2@group-523986131536->omNode-1: nextIndex: updateUnconditionally 31 -> 16
2021-10-05 01:19:16,092 [grpc-default-executor-2] INFO  server.RaftServer$Division (RaftServerImpl.java:checkInconsistentAppendEntries(1319)) - omNode-1@group-523986131536: Failed appendEntries as previous log entry ((t:8, i:30)) is not found
2021-10-05 01:19:16,092 [grpc-default-executor-2] INFO  server.RaftServer$Division (RaftServerImpl.java:checkInconsistentAppendEntries(1285)) - omNode-1@group-523986131536: inconsistency entries. Reply:omNode-2<-omNode-1#4691:FAIL-t8,INCONSISTENCY,nextIndex=16,followerCommit=15
2021-10-05 01:19:16,092 [grpc-default-executor-2] INFO  leader.FollowerInfo (FollowerInfoImpl.java:lambda$new$0(46)) - omNode-2@group-523986131536->omNode-1: nextIndex: updateUnconditionally 31 -> 16
2021-10-05 01:19:16,595 [grpc-default-executor-2] INFO  server.RaftServer$Division (RaftServerImpl.java:checkInconsistentAppendEntries(1319)) - omNode-1@group-523986131536: Failed appendEntries as previous log entry ((t:8, i:30)) is not found
2021-10-05 01:19:16,595 [grpc-default-executor-2] INFO  server.RaftServer$Division (RaftServerImpl.java:checkInconsistentAppendEntries(1285)) - omNode-1@group-523986131536: inconsistency entries. Reply:omNode-2<-omNode-1#4742:FAIL-t8,INCONSISTENCY,nextIndex=16,followerCommit=15
2021-10-05 01:19:16,595 [grpc-default-executor-2] INFO  leader.FollowerInfo (FollowerInfoImpl.java:lambda$new$0(46)) - omNode-2@group-523986131536->omNode-1: nextIndex: updateUnconditionally 31 -> 16
2021-10-05 01:19:17,097 [grpc-default-executor-2] INFO  server.RaftServer$Division (RaftServerImpl.java:checkInconsistentAppendEntries(1319)) - omNode-1@group-523986131536: Failed appendEntries as previous log entry ((t:8, i:30)) is not found
2021-10-05 01:19:17,097 [grpc-default-executor-2] INFO  server.RaftServer$Division (RaftServerImpl.java:checkInconsistentAppendEntries(1285)) - omNode-1@group-523986131536: inconsistency entries. Reply:omNode-2<-omNode-1#4793:FAIL-t8,INCONSISTENCY,nextIndex=16,followerCommit=15
2021-10-05 01:19:17,098 [grpc-default-executor-2] INFO  leader.FollowerInfo (FollowerInfoImpl.java:lambda$new$0(46)) - omNode-2@group-523986131536->omNode-1: nextIndex: updateUnconditionally 31 -> 16
2021-10-05 01:19:17,599 [grpc-default-executor-2] INFO  server.RaftServer$Division (RaftServerImpl.java:checkInconsistentAppendEntries(1319)) - omNode-1@group-523986131536: Failed appendEntries as previous log entry ((t:8, i:30)) is not found
2021-10-05 01:19:17,599 [grpc-default-executor-2] INFO  server.RaftServer$Division (RaftServerImpl.java:checkInconsistentAppendEntries(1285)) - omNode-1@group-523986131536: inconsistency entries. Reply:omNode-2<-omNode-1#4844:FAIL-t8,INCONSISTENCY,nextIndex=16,followerCommit=15
2021-10-05 01:19:17,600 [grpc-default-executor-2] INFO  leader.FollowerInfo (FollowerInfoImpl.java:lambda$new$0(46)) - omNode-2@group-523986131536->omNode-1: nextIndex: updateUnconditionally 31 -> 16
2021-10-05 01:19:18,102 [grpc-default-executor-2] INFO  server.RaftServer$Division (RaftServerImpl.java:checkInconsistentAppendEntries(1319)) - omNode-1@group-523986131536: Failed appendEntries as previous log entry ((t:8, i:30)) is not found
2021-10-05 01:19:18,102 [grpc-default-executor-2] INFO  server.RaftServer$Division (RaftServerImpl.java:checkInconsistentAppendEntries(1285)) - omNode-1@group-523986131536: inconsistency entries. Reply:omNode-2<-omNode-1#4895:FAIL-t8,INCONSISTENCY,nextIndex=16,followerCommit=15
2021-10-05 01:19:18,102 [grpc-default-executor-2] INFO  leader.FollowerInfo (FollowerInfoImpl.java:lambda$new$0(46)) - omNode-2@group-523986131536->omNode-1: nextIndex: updateUnconditionally 31 -> 16
2021-10-05 01:19:18,604 [grpc-default-executor-6] INFO  server.RaftServer$Division (RaftServerImpl.java:checkInconsistentAppendEntries(1319)) - omNode-1@group-523986131536: Failed appendEntries as previous log entry ((t:8, i:30)) is not found
2021-10-05 01:19:18,605 [grpc-default-executor-6] INFO  server.RaftServer$Division (RaftServerImpl.java:checkInconsistentAppendEntries(1285)) - omNode-1@group-523986131536: inconsistency entries. Reply:omNode-2<-omNode-1#4946:FAIL-t8,INCONSISTENCY,nextIndex=16,followerCommit=15
2021-10-05 01:19:18,605 [grpc-default-executor-6] INFO  leader.FollowerInfo (FollowerInfoImpl.java:lambda$new$0(46)) - omNode-2@group-523986131536->omNode-1: nextIndex: updateUnconditionally 31 -> 16
2021-10-05 01:19:19,108 [grpc-default-executor-6] INFO  server.RaftServer$Division (RaftServerImpl.java:checkInconsistentAppendEntries(1319)) - omNode-1@group-523986131536: Failed appendEntries as previous log entry ((t:8, i:30)) is not found
2021-10-05 01:19:19,108 [grpc-default-executor-6] INFO  server.RaftServer$Division (RaftServerImpl.java:checkInconsistentAppendEntries(1285)) - omNode-1@group-523986131536: inconsistency entries. Reply:omNode-2<-omNode-1#4997:FAIL-t8,INCONSISTENCY,nextIndex=16,followerCommit=15
2021-10-05 01:19:19,108 [grpc-default-executor-6] INFO  leader.FollowerInfo (FollowerInfoImpl.java:lambda$new$0(46)) - omNode-2@group-523986131536->omNode-1: nextIndex: updateUnconditionally 31 -> 16
2021-10-05 01:19:19,610 [grpc-default-executor-6] INFO  server.RaftServer$Division (RaftServerImpl.java:checkInconsistentAppendEntries(1319)) - omNode-1@group-523986131536: Failed appendEntries as previous log entry ((t:8, i:30)) is not found
2021-10-05 01:19:19,610 [grpc-default-executor-6] INFO  server.RaftServer$Division (RaftServerImpl.java:checkInconsistentAppendEntries(1285)) - omNode-1@group-523986131536: inconsistency entries. Reply:omNode-2<-omNode-1#5048:FAIL-t8,INCONSISTENCY,nextIndex=16,followerCommit=15
2021-10-05 01:19:19,610 [grpc-default-executor-6] INFO  leader.FollowerInfo (FollowerInfoImpl.java:lambda$new$0(46)) - omNode-2@group-523986131536->omNode-1: nextIndex: updateUnconditionally 31 -> 16
2021-10-05 01:19:20,112 [grpc-default-executor-6] INFO  server.RaftServer$Division (RaftServerImpl.java:checkInconsistentAppendEntries(1319)) - omNode-1@group-523986131536: Failed appendEntries as previous log entry ((t:8, i:30)) is not found
2021-10-05 01:19:20,112 [grpc-default-executor-6] INFO  server.RaftServer$Division (RaftServerImpl.java:checkInconsistentAppendEntries(1285)) - omNode-1@group-523986131536: inconsistency entries. Reply:omNode-2<-omNode-1#5099:FAIL-t8,INCONSISTENCY,nextIndex=16,followerCommit=15
2021-10-05 01:19:20,112 [grpc-default-executor-6] INFO  leader.FollowerInfo (FollowerInfoImpl.java:lambda$new$0(46)) - omNode-2@group-523986131536->omNode-1: nextIndex: updateUnconditionally 31 -> 16
2021-10-05 01:19:20,614 [grpc-default-executor-6] INFO  server.RaftServer$Division (RaftServerImpl.java:checkInconsistentAppendEntries(1319)) - omNode-1@group-523986131536: Failed appendEntries as previous log entry ((t:8, i:30)) is not found
2021-10-05 01:19:20,614 [grpc-default-executor-6] INFO  server.RaftServer$Division (RaftServerImpl.java:checkInconsistentAppendEntries(1285)) - omNode-1@group-523986131536: inconsistency entries. Reply:omNode-2<-omNode-1#5150:FAIL-t8,INCONSISTENCY,nextIndex=16,followerCommit=15
2021-10-05 01:19:20,614 [grpc-default-executor-6] INFO  leader.FollowerInfo (FollowerInfoImpl.java:lambda$new$0(46)) - omNode-2@group-523986131536->omNode-1: nextIndex: updateUnconditionally 31 -> 16
2021-10-05 01:19:21,117 [grpc-default-executor-6] INFO  server.RaftServer$Division (RaftServerImpl.java:checkInconsistentAppendEntries(1319)) - omNode-1@group-523986131536: Failed appendEntries as previous log entry ((t:8, i:30)) is not found
2021-10-05 01:19:21,117 [grpc-default-executor-6] INFO  server.RaftServer$Division (RaftServerImpl.java:checkInconsistentAppendEntries(1285)) - omNode-1@group-523986131536: inconsistency entries. Reply:omNode-2<-omNode-1#5201:FAIL-t8,INCONSISTENCY,nextIndex=16,followerCommit=15
2021-10-05 01:19:21,117 [grpc-default-executor-6] INFO  leader.FollowerInfo (FollowerInfoImpl.java:lambda$new$0(46)) - omNode-2@group-523986131536->omNode-1: nextIndex: updateUnconditionally 31 -> 16
2021-10-05 01:19:21,619 [grpc-default-executor-6] INFO  server.RaftServer$Division (RaftServerImpl.java:checkInconsistentAppendEntries(1319)) - omNode-1@group-523986131536: Failed appendEntries as previous log entry ((t:8, i:30)) is not found
2021-10-05 01:19:21,619 [grpc-default-executor-6] INFO  server.RaftServer$Division (RaftServerImpl.java:checkInconsistentAppendEntries(1285)) - omNode-1@group-523986131536: inconsistency entries. Reply:omNode-2<-omNode-1#5252:FAIL-t8,INCONSISTENCY,nextIndex=16,followerCommit=15
2021-10-05 01:19:21,619 [grpc-default-executor-6] INFO  leader.FollowerInfo (FollowerInfoImpl.java:lambda$new$0(46)) - omNode-2@group-523986131536->omNode-1: nextIndex: updateUnconditionally 31 -> 16
2021-10-05 01:19:22,121 [grpc-default-executor-6] INFO  server.RaftServer$Division (RaftServerImpl.java:checkInconsistentAppendEntries(1319)) - omNode-1@group-523986131536: Failed appendEntries as previous log entry ((t:8, i:30)) is not found
2021-10-05 01:19:22,121 [grpc-default-executor-6] INFO  server.RaftServer$Division (RaftServerImpl.java:checkInconsistentAppendEntries(1285)) - omNode-1@group-523986131536: inconsistency entries. Reply:omNode-2<-omNode-1#5303:FAIL-t8,INCONSISTENCY,nextIndex=16,followerCommit=15
2021-10-05 01:19:22,122 [grpc-default-executor-6] INFO  leader.FollowerInfo (FollowerInfoImpl.java:lambda$new$0(46)) - omNode-2@group-523986131536->omNode-1: nextIndex: updateUnconditionally 31 -> 16
2021-10-05 01:19:22,623 [grpc-default-executor-6] INFO  server.RaftServer$Division (RaftServerImpl.java:checkInconsistentAppendEntries(1319)) - omNode-1@group-523986131536: Failed appendEntries as previous log entry ((t:8, i:30)) is not found
2021-10-05 01:19:22,623 [grpc-default-executor-6] INFO  server.RaftServer$Division (RaftServerImpl.java:checkInconsistentAppendEntries(1285)) - omNode-1@group-523986131536: inconsistency entries. Reply:omNode-2<-omNode-1#5354:FAIL-t8,INCONSISTENCY,nextIndex=16,followerCommit=15
2021-10-05 01:19:22,624 [grpc-default-executor-6] INFO  leader.FollowerInfo (FollowerInfoImpl.java:lambda$new$0(46)) - omNode-2@group-523986131536->omNode-1: nextIndex: updateUnconditionally 31 -> 16
2021-10-05 01:19:23,126 [grpc-default-executor-6] INFO  server.RaftServer$Division (RaftServerImpl.java:checkInconsistentAppendEntries(1319)) - omNode-1@group-523986131536: Failed appendEntries as previous log entry ((t:8, i:30)) is not found
2021-10-05 01:19:23,126 [grpc-default-executor-6] INFO  server.RaftServer$Division (RaftServerImpl.java:checkInconsistentAppendEntries(1285)) - omNode-1@group-523986131536: inconsistency entries. Reply:omNode-2<-omNode-1#5405:FAIL-t8,INCONSISTENCY,nextIndex=16,followerCommit=15
2021-10-05 01:19:23,128 [grpc-default-executor-6] INFO  leader.FollowerInfo (FollowerInfoImpl.java:lambda$new$0(46)) - omNode-2@group-523986131536->omNode-1: nextIndex: updateUnconditionally 31 -> 16
2021-10-05 01:19:23,630 [grpc-default-executor-6] INFO  server.RaftServer$Division (RaftServerImpl.java:checkInconsistentAppendEntries(1319)) - omNode-1@group-523986131536: Failed appendEntries as previous log entry ((t:8, i:30)) is not found
2021-10-05 01:19:23,630 [grpc-default-executor-6] INFO  server.RaftServer$Division (RaftServerImpl.java:checkInconsistentAppendEntries(1285)) - omNode-1@group-523986131536: inconsistency entries. Reply:omNode-2<-omNode-1#5456:FAIL-t8,INCONSISTENCY,nextIndex=16,followerCommit=15
2021-10-05 01:19:23,630 [grpc-default-executor-6] INFO  leader.FollowerInfo (FollowerInfoImpl.java:lambda$new$0(46)) - omNode-2@group-523986131536->omNode-1: nextIndex: updateUnconditionally 31 -> 16
2021-10-05 01:19:24,132 [grpc-default-executor-6] INFO  server.RaftServer$Division (RaftServerImpl.java:checkInconsistentAppendEntries(1319)) - omNode-1@group-523986131536: Failed appendEntries as previous log entry ((t:8, i:30)) is not found
2021-10-05 01:19:24,132 [grpc-default-executor-6] INFO  server.RaftServer$Division (RaftServerImpl.java:checkInconsistentAppendEntries(1285)) - omNode-1@group-523986131536: inconsistency entries. Reply:omNode-2<-omNode-1#5507:FAIL-t8,INCONSISTENCY,nextIndex=16,followerCommit=15
2021-10-05 01:19:24,132 [grpc-default-executor-6] INFO  leader.FollowerInfo (FollowerInfoImpl.java:lambda$new$0(46)) - omNode-2@group-523986131536->omNode-1: nextIndex: updateUnconditionally 31 -> 16
2021-10-05 01:19:24,635 [grpc-default-executor-6] INFO  server.RaftServer$Division (RaftServerImpl.java:checkInconsistentAppendEntries(1319)) - omNode-1@group-523986131536: Failed appendEntries as previous log entry ((t:8, i:30)) is not found
2021-10-05 01:19:24,635 [grpc-default-executor-6] INFO  server.RaftServer$Division (RaftServerImpl.java:checkInconsistentAppendEntries(1285)) - omNode-1@group-523986131536: inconsistency entries. Reply:omNode-2<-omNode-1#5558:FAIL-t8,INCONSISTENCY,nextIndex=16,followerCommit=15
2021-10-05 01:19:24,635 [grpc-default-executor-6] INFO  leader.FollowerInfo (FollowerInfoImpl.java:lambda$new$0(46)) - omNode-2@group-523986131536->omNode-1: nextIndex: updateUnconditionally 31 -> 16
2021-10-05 01:19:25,137 [grpc-default-executor-6] INFO  server.RaftServer$Division (RaftServerImpl.java:checkInconsistentAppendEntries(1319)) - omNode-1@group-523986131536: Failed appendEntries as previous log entry ((t:8, i:30)) is not found
2021-10-05 01:19:25,137 [grpc-default-executor-6] INFO  server.RaftServer$Division (RaftServerImpl.java:checkInconsistentAppendEntries(1285)) - omNode-1@group-523986131536: inconsistency entries. Reply:omNode-2<-omNode-1#5609:FAIL-t8,INCONSISTENCY,nextIndex=16,followerCommit=15
2021-10-05 01:19:25,137 [grpc-default-executor-6] INFO  leader.FollowerInfo (FollowerInfoImpl.java:lambda$new$0(46)) - omNode-2@group-523986131536->omNode-1: nextIndex: updateUnconditionally 31 -> 16
2021-10-05 01:19:25,640 [grpc-default-executor-6] INFO  server.RaftServer$Division (RaftServerImpl.java:checkInconsistentAppendEntries(1319)) - omNode-1@group-523986131536: Failed appendEntries as previous log entry ((t:8, i:30)) is not found
2021-10-05 01:19:25,640 [grpc-default-executor-6] INFO  server.RaftServer$Division (RaftServerImpl.java:checkInconsistentAppendEntries(1285)) - omNode-1@group-523986131536: inconsistency entries. Reply:omNode-2<-omNode-1#5660:FAIL-t8,INCONSISTENCY,nextIndex=16,followerCommit=15
2021-10-05 01:19:25,640 [grpc-default-executor-6] INFO  leader.FollowerInfo (FollowerInfoImpl.java:lambda$new$0(46)) - omNode-2@group-523986131536->omNode-1: nextIndex: updateUnconditionally 31 -> 16
2021-10-05 01:19:26,142 [grpc-default-executor-10] INFO  server.RaftServer$Division (RaftServerImpl.java:checkInconsistentAppendEntries(1319)) - omNode-1@group-523986131536: Failed appendEntries as previous log entry ((t:8, i:30)) is not found
2021-10-05 01:19:26,142 [grpc-default-executor-10] INFO  server.RaftServer$Division (RaftServerImpl.java:checkInconsistentAppendEntries(1285)) - omNode-1@group-523986131536: inconsistency entries. Reply:omNode-2<-omNode-1#5711:FAIL-t8,INCONSISTENCY,nextIndex=16,followerCommit=15
2021-10-05 01:19:26,143 [grpc-default-executor-10] INFO  leader.FollowerInfo (FollowerInfoImpl.java:lambda$new$0(46)) - omNode-2@group-523986131536->omNode-1: nextIndex: updateUnconditionally 31 -> 16
2021-10-05 01:19:26,644 [grpc-default-executor-10] INFO  server.RaftServer$Division (RaftServerImpl.java:checkInconsistentAppendEntries(1319)) - omNode-1@group-523986131536: Failed appendEntries as previous log entry ((t:8, i:30)) is not found
2021-10-05 01:19:26,644 [grpc-default-executor-10] INFO  server.RaftServer$Division (RaftServerImpl.java:checkInconsistentAppendEntries(1285)) - omNode-1@group-523986131536: inconsistency entries. Reply:omNode-2<-omNode-1#5762:FAIL-t8,INCONSISTENCY,nextIndex=16,followerCommit=15
2021-10-05 01:19:26,645 [grpc-default-executor-10] INFO  leader.FollowerInfo (FollowerInfoImpl.java:lambda$new$0(46)) - omNode-2@group-523986131536->omNode-1: nextIndex: updateUnconditionally 31 -> 16
2021-10-05 01:19:27,147 [grpc-default-executor-10] INFO  server.RaftServer$Division (RaftServerImpl.java:checkInconsistentAppendEntries(1319)) - omNode-1@group-523986131536: Failed appendEntries as previous log entry ((t:8, i:30)) is not found
2021-10-05 01:19:27,147 [grpc-default-executor-10] INFO  server.RaftServer$Division (RaftServerImpl.java:checkInconsistentAppendEntries(1285)) - omNode-1@group-523986131536: inconsistency entries. Reply:omNode-2<-omNode-1#5813:FAIL-t8,INCONSISTENCY,nextIndex=16,followerCommit=15
2021-10-05 01:19:27,147 [grpc-default-executor-10] INFO  leader.FollowerInfo (FollowerInfoImpl.java:lambda$new$0(46)) - omNode-2@group-523986131536->omNode-1: nextIndex: updateUnconditionally 31 -> 16
2021-10-05 01:19:27,649 [grpc-default-executor-10] INFO  server.RaftServer$Division (RaftServerImpl.java:checkInconsistentAppendEntries(1319)) - omNode-1@group-523986131536: Failed appendEntries as previous log entry ((t:8, i:30)) is not found
2021-10-05 01:19:27,650 [grpc-default-executor-10] INFO  server.RaftServer$Division (RaftServerImpl.java:checkInconsistentAppendEntries(1285)) - omNode-1@group-523986131536: inconsistency entries. Reply:omNode-2<-omNode-1#5864:FAIL-t8,INCONSISTENCY,nextIndex=16,followerCommit=15
2021-10-05 01:19:27,650 [grpc-default-executor-10] INFO  leader.FollowerInfo (FollowerInfoImpl.java:lambda$new$0(46)) - omNode-2@group-523986131536->omNode-1: nextIndex: updateUnconditionally 31 -> 16
2021-10-05 01:19:28,152 [grpc-default-executor-10] INFO  server.RaftServer$Division (RaftServerImpl.java:checkInconsistentAppendEntries(1319)) - omNode-1@group-523986131536: Failed appendEntries as previous log entry ((t:8, i:30)) is not found
2021-10-05 01:19:28,152 [grpc-default-executor-10] INFO  server.RaftServer$Division (RaftServerImpl.java:checkInconsistentAppendEntries(1285)) - omNode-1@group-523986131536: inconsistency entries. Reply:omNode-2<-omNode-1#5915:FAIL-t8,INCONSISTENCY,nextIndex=16,followerCommit=15
2021-10-05 01:19:28,153 [grpc-default-executor-10] INFO  leader.FollowerInfo (FollowerInfoImpl.java:lambda$new$0(46)) - omNode-2@group-523986131536->omNode-1: nextIndex: updateUnconditionally 31 -> 16
2021-10-05 01:19:28,655 [grpc-default-executor-10] INFO  server.RaftServer$Division (RaftServerImpl.java:checkInconsistentAppendEntries(1319)) - omNode-1@group-523986131536: Failed appendEntries as previous log entry ((t:8, i:30)) is not found
2021-10-05 01:19:28,655 [grpc-default-executor-10] INFO  server.RaftServer$Division (RaftServerImpl.java:checkInconsistentAppendEntries(1285)) - omNode-1@group-523986131536: inconsistency entries. Reply:omNode-2<-omNode-1#5966:FAIL-t8,INCONSISTENCY,nextIndex=16,followerCommit=15
2021-10-05 01:19:28,655 [grpc-default-executor-10] INFO  leader.FollowerInfo (FollowerInfoImpl.java:lambda$new$0(46)) - omNode-2@group-523986131536->omNode-1: nextIndex: updateUnconditionally 31 -> 16
2021-10-05 01:19:29,158 [grpc-default-executor-10] INFO  server.RaftServer$Division (RaftServerImpl.java:checkInconsistentAppendEntries(1319)) - omNode-1@group-523986131536: Failed appendEntries as previous log entry ((t:8, i:30)) is not found
2021-10-05 01:19:29,158 [grpc-default-executor-10] INFO  server.RaftServer$Division (RaftServerImpl.java:checkInconsistentAppendEntries(1285)) - omNode-1@group-523986131536: inconsistency entries. Reply:omNode-2<-omNode-1#6017:FAIL-t8,INCONSISTENCY,nextIndex=16,followerCommit=15
2021-10-05 01:19:29,158 [grpc-default-executor-10] INFO  leader.FollowerInfo (FollowerInfoImpl.java:lambda$new$0(46)) - omNode-2@group-523986131536->omNode-1: nextIndex: updateUnconditionally 31 -> 16
2021-10-05 01:19:29,661 [grpc-default-executor-10] INFO  server.RaftServer$Division (RaftServerImpl.java:checkInconsistentAppendEntries(1319)) - omNode-1@group-523986131536: Failed appendEntries as previous log entry ((t:8, i:30)) is not found
2021-10-05 01:19:29,661 [grpc-default-executor-10] INFO  server.RaftServer$Division (RaftServerImpl.java:checkInconsistentAppendEntries(1285)) - omNode-1@group-523986131536: inconsistency entries. Reply:omNode-2<-omNode-1#6068:FAIL-t8,INCONSISTENCY,nextIndex=16,followerCommit=15
2021-10-05 01:19:29,661 [grpc-default-executor-10] INFO  leader.FollowerInfo (FollowerInfoImpl.java:lambda$new$0(46)) - omNode-2@group-523986131536->omNode-1: nextIndex: updateUnconditionally 31 -> 16
2021-10-05 01:19:30,163 [grpc-default-executor-10] INFO  server.RaftServer$Division (RaftServerImpl.java:checkInconsistentAppendEntries(1319)) - omNode-1@group-523986131536: Failed appendEntries as previous log entry ((t:8, i:30)) is not found
2021-10-05 01:19:30,163 [grpc-default-executor-10] INFO  server.RaftServer$Division (RaftServerImpl.java:checkInconsistentAppendEntries(1285)) - omNode-1@group-523986131536: inconsistency entries. Reply:omNode-2<-omNode-1#6119:FAIL-t8,INCONSISTENCY,nextIndex=16,followerCommit=15
2021-10-05 01:19:30,163 [grpc-default-executor-10] INFO  leader.FollowerInfo (FollowerInfoImpl.java:lambda$new$0(46)) - omNode-2@group-523986131536->omNode-1: nextIndex: updateUnconditionally 31 -> 16
2021-10-05 01:19:30,665 [grpc-default-executor-10] INFO  server.RaftServer$Division (RaftServerImpl.java:checkInconsistentAppendEntries(1319)) - omNode-1@group-523986131536: Failed appendEntries as previous log entry ((t:8, i:30)) is not found
2021-10-05 01:19:30,665 [grpc-default-executor-10] INFO  server.RaftServer$Division (RaftServerImpl.java:checkInconsistentAppendEntries(1285)) - omNode-1@group-523986131536: inconsistency entries. Reply:omNode-2<-omNode-1#6170:FAIL-t8,INCONSISTENCY,nextIndex=16,followerCommit=15
2021-10-05 01:19:30,665 [grpc-default-executor-10] INFO  leader.FollowerInfo (FollowerInfoImpl.java:lambda$new$0(46)) - omNode-2@group-523986131536->omNode-1: nextIndex: updateUnconditionally 31 -> 16
2021-10-05 01:19:31,167 [grpc-default-executor-10] INFO  server.RaftServer$Division (RaftServerImpl.java:checkInconsistentAppendEntries(1319)) - omNode-1@group-523986131536: Failed appendEntries as previous log entry ((t:8, i:30)) is not found
2021-10-05 01:19:31,168 [grpc-default-executor-10] INFO  server.RaftServer$Division (RaftServerImpl.java:checkInconsistentAppendEntries(1285)) - omNode-1@group-523986131536: inconsistency entries. Reply:omNode-2<-omNode-1#6221:FAIL-t8,INCONSISTENCY,nextIndex=16,followerCommit=15
2021-10-05 01:19:31,168 [grpc-default-executor-10] INFO  leader.FollowerInfo (FollowerInfoImpl.java:lambda$new$0(46)) - omNode-2@group-523986131536->omNode-1: nextIndex: updateUnconditionally 31 -> 16
2021-10-05 01:19:31,669 [grpc-default-executor-10] INFO  server.RaftServer$Division (RaftServerImpl.java:checkInconsistentAppendEntries(1319)) - omNode-1@group-523986131536: Failed appendEntries as previous log entry ((t:8, i:30)) is not found
2021-10-05 01:19:31,670 [grpc-default-executor-10] INFO  server.RaftServer$Division (RaftServerImpl.java:checkInconsistentAppendEntries(1285)) - omNode-1@group-523986131536: inconsistency entries. Reply:omNode-2<-omNode-1#6272:FAIL-t8,INCONSISTENCY,nextIndex=16,followerCommit=15
2021-10-05 01:19:31,670 [grpc-default-executor-10] INFO  leader.FollowerInfo (FollowerInfoImpl.java:lambda$new$0(46)) - omNode-2@group-523986131536->omNode-1: nextIndex: updateUnconditionally 31 -> 16
2021-10-05 01:19:32,172 [grpc-default-executor-10] INFO  server.RaftServer$Division (RaftServerImpl.java:checkInconsistentAppendEntries(1319)) - omNode-1@group-523986131536: Failed appendEntries as previous log entry ((t:8, i:30)) is not found
2021-10-05 01:19:32,173 [grpc-default-executor-10] INFO  server.RaftServer$Division (RaftServerImpl.java:checkInconsistentAppendEntries(1285)) - omNode-1@group-523986131536: inconsistency entries. Reply:omNode-2<-omNode-1#6323:FAIL-t8,INCONSISTENCY,nextIndex=16,followerCommit=15
2021-10-05 01:19:32,173 [grpc-default-executor-10] INFO  leader.FollowerInfo (FollowerInfoImpl.java:lambda$new$0(46)) - omNode-2@group-523986131536->omNode-1: nextIndex: updateUnconditionally 31 -> 16
2021-10-05 01:19:32,674 [grpc-default-executor-10] INFO  server.RaftServer$Division (RaftServerImpl.java:checkInconsistentAppendEntries(1319)) - omNode-1@group-523986131536: Failed appendEntries as previous log entry ((t:8, i:30)) is not found
2021-10-05 01:19:32,675 [grpc-default-executor-10] INFO  server.RaftServer$Division (RaftServerImpl.java:checkInconsistentAppendEntries(1285)) - omNode-1@group-523986131536: inconsistency entries. Reply:omNode-2<-omNode-1#6374:FAIL-t8,INCONSISTENCY,nextIndex=16,followerCommit=15
2021-10-05 01:19:32,675 [grpc-default-executor-10] INFO  leader.FollowerInfo (FollowerInfoImpl.java:lambda$new$0(46)) - omNode-2@group-523986131536->omNode-1: nextIndex: updateUnconditionally 31 -> 16
2021-10-05 01:19:33,179 [grpc-default-executor-10] INFO  server.RaftServer$Division (RaftServerImpl.java:checkInconsistentAppendEntries(1319)) - omNode-1@group-523986131536: Failed appendEntries as previous log entry ((t:8, i:30)) is not found
2021-10-05 01:19:33,179 [grpc-default-executor-10] INFO  server.RaftServer$Division (RaftServerImpl.java:checkInconsistentAppendEntries(1285)) - omNode-1@group-523986131536: inconsistency entries. Reply:omNode-2<-omNode-1#6425:FAIL-t8,INCONSISTENCY,nextIndex=16,followerCommit=15
2021-10-05 01:19:33,180 [grpc-default-executor-10] INFO  leader.FollowerInfo (FollowerInfoImpl.java:lambda$new$0(46)) - omNode-2@group-523986131536->omNode-1: nextIndex: updateUnconditionally 31 -> 16
2021-10-05 01:19:33,681 [grpc-default-executor-6] INFO  server.RaftServer$Division (RaftServerImpl.java:checkInconsistentAppendEntries(1319)) - omNode-1@group-523986131536: Failed appendEntries as previous log entry ((t:8, i:30)) is not found
2021-10-05 01:19:33,682 [grpc-default-executor-6] INFO  server.RaftServer$Division (RaftServerImpl.java:checkInconsistentAppendEntries(1285)) - omNode-1@group-523986131536: inconsistency entries. Reply:omNode-2<-omNode-1#6476:FAIL-t8,INCONSISTENCY,nextIndex=16,followerCommit=15
2021-10-05 01:19:33,682 [grpc-default-executor-6] INFO  leader.FollowerInfo (FollowerInfoImpl.java:lambda$new$0(46)) - omNode-2@group-523986131536->omNode-1: nextIndex: updateUnconditionally 31 -> 16
2021-10-05 01:19:34,184 [grpc-default-executor-6] INFO  server.RaftServer$Division (RaftServerImpl.java:checkInconsistentAppendEntries(1319)) - omNode-1@group-523986131536: Failed appendEntries as previous log entry ((t:8, i:30)) is not found
2021-10-05 01:19:34,184 [grpc-default-executor-6] INFO  server.RaftServer$Division (RaftServerImpl.java:checkInconsistentAppendEntries(1285)) - omNode-1@group-523986131536: inconsistency entries. Reply:omNode-2<-omNode-1#6527:FAIL-t8,INCONSISTENCY,nextIndex=16,followerCommit=15
2021-10-05 01:19:34,184 [grpc-default-executor-6] INFO  leader.FollowerInfo (FollowerInfoImpl.java:lambda$new$0(46)) - omNode-2@group-523986131536->omNode-1: nextIndex: updateUnconditionally 31 -> 16
2021-10-05 01:19:34,687 [grpc-default-executor-6] INFO  server.RaftServer$Division (RaftServerImpl.java:checkInconsistentAppendEntries(1319)) - omNode-1@group-523986131536: Failed appendEntries as previous log entry ((t:8, i:30)) is not found
2021-10-05 01:19:34,687 [grpc-default-executor-6] INFO  server.RaftServer$Division (RaftServerImpl.java:checkInconsistentAppendEntries(1285)) - omNode-1@group-523986131536: inconsistency entries. Reply:omNode-2<-omNode-1#6578:FAIL-t8,INCONSISTENCY,nextIndex=16,followerCommit=15
2021-10-05 01:19:34,687 [grpc-default-executor-6] INFO  leader.FollowerInfo (FollowerInfoImpl.java:lambda$new$0(46)) - omNode-2@group-523986131536->omNode-1: nextIndex: updateUnconditionally 31 -> 16
2021-10-05 01:19:35,189 [grpc-default-executor-6] INFO  server.RaftServer$Division (RaftServerImpl.java:checkInconsistentAppendEntries(1319)) - omNode-1@group-523986131536: Failed appendEntries as previous log entry ((t:8, i:30)) is not found
2021-10-05 01:19:35,189 [grpc-default-executor-6] INFO  server.RaftServer$Division (RaftServerImpl.java:checkInconsistentAppendEntries(1285)) - omNode-1@group-523986131536: inconsistency entries. Reply:omNode-2<-omNode-1#6629:FAIL-t8,INCONSISTENCY,nextIndex=16,followerCommit=15
2021-10-05 01:19:35,192 [grpc-default-executor-6] INFO  leader.FollowerInfo (FollowerInfoImpl.java:lambda$new$0(46)) - omNode-2@group-523986131536->omNode-1: nextIndex: updateUnconditionally 31 -> 16
2021-10-05 01:19:35,695 [grpc-default-executor-6] INFO  server.RaftServer$Division (RaftServerImpl.java:checkInconsistentAppendEntries(1319)) - omNode-1@group-523986131536: Failed appendEntries as previous log entry ((t:8, i:30)) is not found
2021-10-05 01:19:35,695 [grpc-default-executor-6] INFO  server.RaftServer$Division (RaftServerImpl.java:checkInconsistentAppendEntries(1285)) - omNode-1@group-523986131536: inconsistency entries. Reply:omNode-2<-omNode-1#6680:FAIL-t8,INCONSISTENCY,nextIndex=16,followerCommit=15
2021-10-05 01:19:35,695 [grpc-default-executor-6] INFO  leader.FollowerInfo (FollowerInfoImpl.java:lambda$new$0(46)) - omNode-2@group-523986131536->omNode-1: nextIndex: updateUnconditionally 31 -> 16
2021-10-05 01:19:36,197 [grpc-default-executor-6] INFO  server.RaftServer$Division (RaftServerImpl.java:checkInconsistentAppendEntries(1319)) - omNode-1@group-523986131536: Failed appendEntries as previous log entry ((t:8, i:30)) is not found
2021-10-05 01:19:36,197 [grpc-default-executor-6] INFO  server.RaftServer$Division (RaftServerImpl.java:checkInconsistentAppendEntries(1285)) - omNode-1@group-523986131536: inconsistency entries. Reply:omNode-2<-omNode-1#6731:FAIL-t8,INCONSISTENCY,nextIndex=16,followerCommit=15
2021-10-05 01:19:36,197 [grpc-default-executor-6] INFO  leader.FollowerInfo (FollowerInfoImpl.java:lambda$new$0(46)) - omNode-2@group-523986131536->omNode-1: nextIndex: updateUnconditionally 31 -> 16
2021-10-05 01:19:36,699 [grpc-default-executor-6] INFO  server.RaftServer$Division (RaftServerImpl.java:checkInconsistentAppendEntries(1319)) - omNode-1@group-523986131536: Failed appendEntries as previous log entry ((t:8, i:30)) is not found
2021-10-05 01:19:36,700 [grpc-default-executor-6] INFO  server.RaftServer$Division (RaftServerImpl.java:checkInconsistentAppendEntries(1285)) - omNode-1@group-523986131536: inconsistency entries. Reply:omNode-2<-omNode-1#6782:FAIL-t8,INCONSISTENCY,nextIndex=16,followerCommit=15
2021-10-05 01:19:36,700 [grpc-default-executor-6] INFO  leader.FollowerInfo (FollowerInfoImpl.java:lambda$new$0(46)) - omNode-2@group-523986131536->omNode-1: nextIndex: updateUnconditionally 31 -> 16
2021-10-05 01:19:37,202 [grpc-default-executor-6] INFO  server.RaftServer$Division (RaftServerImpl.java:checkInconsistentAppendEntries(1319)) - omNode-1@group-523986131536: Failed appendEntries as previous log entry ((t:8, i:30)) is not found
2021-10-05 01:19:37,202 [grpc-default-executor-6] INFO  server.RaftServer$Division (RaftServerImpl.java:checkInconsistentAppendEntries(1285)) - omNode-1@group-523986131536: inconsistency entries. Reply:omNode-2<-omNode-1#6833:FAIL-t8,INCONSISTENCY,nextIndex=16,followerCommit=15
2021-10-05 01:19:37,202 [grpc-default-executor-6] INFO  leader.FollowerInfo (FollowerInfoImpl.java:lambda$new$0(46)) - omNode-2@group-523986131536->omNode-1: nextIndex: updateUnconditionally 31 -> 16
2021-10-05 01:19:37,704 [grpc-default-executor-6] INFO  server.RaftServer$Division (RaftServerImpl.java:checkInconsistentAppendEntries(1319)) - omNode-1@group-523986131536: Failed appendEntries as previous log entry ((t:8, i:30)) is not found
2021-10-05 01:19:37,705 [grpc-default-executor-6] INFO  server.RaftServer$Division (RaftServerImpl.java:checkInconsistentAppendEntries(1285)) - omNode-1@group-523986131536: inconsistency entries. Reply:omNode-2<-omNode-1#6884:FAIL-t8,INCONSISTENCY,nextIndex=16,followerCommit=15
2021-10-05 01:19:37,705 [grpc-default-executor-6] INFO  leader.FollowerInfo (FollowerInfoImpl.java:lambda$new$0(46)) - omNode-2@group-523986131536->omNode-1: nextIndex: updateUnconditionally 31 -> 16
2021-10-05 01:19:38,207 [grpc-default-executor-6] INFO  server.RaftServer$Division (RaftServerImpl.java:checkInconsistentAppendEntries(1319)) - omNode-1@group-523986131536: Failed appendEntries as previous log entry ((t:8, i:30)) is not found
2021-10-05 01:19:38,207 [grpc-default-executor-6] INFO  server.RaftServer$Division (RaftServerImpl.java:checkInconsistentAppendEntries(1285)) - omNode-1@group-523986131536: inconsistency entries. Reply:omNode-2<-omNode-1#6935:FAIL-t8,INCONSISTENCY,nextIndex=16,followerCommit=15
2021-10-05 01:19:38,208 [grpc-default-executor-6] INFO  leader.FollowerInfo (FollowerInfoImpl.java:lambda$new$0(46)) - omNode-2@group-523986131536->omNode-1: nextIndex: updateUnconditionally 31 -> 16
2021-10-05 01:19:38,710 [grpc-default-executor-6] INFO  server.RaftServer$Division (RaftServerImpl.java:checkInconsistentAppendEntries(1319)) - omNode-1@group-523986131536: Failed appendEntries as previous log entry ((t:8, i:30)) is not found
2021-10-05 01:19:38,710 [grpc-default-executor-6] INFO  server.RaftServer$Division (RaftServerImpl.java:checkInconsistentAppendEntries(1285)) - omNode-1@group-523986131536: inconsistency entries. Reply:omNode-2<-omNode-1#6986:FAIL-t8,INCONSISTENCY,nextIndex=16,followerCommit=15
2021-10-05 01:19:38,710 [grpc-default-executor-6] INFO  leader.FollowerInfo (FollowerInfoImpl.java:lambda$new$0(46)) - omNode-2@group-523986131536->omNode-1: nextIndex: updateUnconditionally 31 -> 16
2021-10-05 01:19:39,213 [grpc-default-executor-6] INFO  server.RaftServer$Division (RaftServerImpl.java:checkInconsistentAppendEntries(1319)) - omNode-1@group-523986131536: Failed appendEntries as previous log entry ((t:8, i:30)) is not found
2021-10-05 01:19:39,213 [grpc-default-executor-6] INFO  server.RaftServer$Division (RaftServerImpl.java:checkInconsistentAppendEntries(1285)) - omNode-1@group-523986131536: inconsistency entries. Reply:omNode-2<-omNode-1#7037:FAIL-t8,INCONSISTENCY,nextIndex=16,followerCommit=15
2021-10-05 01:19:39,213 [grpc-default-executor-6] INFO  leader.FollowerInfo (FollowerInfoImpl.java:lambda$new$0(46)) - omNode-2@group-523986131536->omNode-1: nextIndex: updateUnconditionally 31 -> 16
2021-10-05 01:19:39,715 [grpc-default-executor-6] INFO  server.RaftServer$Division (RaftServerImpl.java:checkInconsistentAppendEntries(1319)) - omNode-1@group-523986131536: Failed appendEntries as previous log entry ((t:8, i:30)) is not found
2021-10-05 01:19:39,716 [grpc-default-executor-6] INFO  server.RaftServer$Division (RaftServerImpl.java:checkInconsistentAppendEntries(1285)) - omNode-1@group-523986131536: inconsistency entries. Reply:omNode-2<-omNode-1#7088:FAIL-t8,INCONSISTENCY,nextIndex=16,followerCommit=15
2021-10-05 01:19:39,716 [grpc-default-executor-6] INFO  leader.FollowerInfo (FollowerInfoImpl.java:lambda$new$0(46)) - omNode-2@group-523986131536->omNode-1: nextIndex: updateUnconditionally 31 -> 16
2021-10-05 01:19:40,218 [grpc-default-executor-6] INFO  server.RaftServer$Division (RaftServerImpl.java:checkInconsistentAppendEntries(1319)) - omNode-1@group-523986131536: Failed appendEntries as previous log entry ((t:8, i:30)) is not found
2021-10-05 01:19:40,218 [grpc-default-executor-6] INFO  server.RaftServer$Division (RaftServerImpl.java:checkInconsistentAppendEntries(1285)) - omNode-1@group-523986131536: inconsistency entries. Reply:omNode-2<-omNode-1#7139:FAIL-t8,INCONSISTENCY,nextIndex=16,followerCommit=15
2021-10-05 01:19:40,218 [grpc-default-executor-6] INFO  leader.FollowerInfo (FollowerInfoImpl.java:lambda$new$0(46)) - omNode-2@group-523986131536->omNode-1: nextIndex: updateUnconditionally 31 -> 16
2021-10-05 01:19:40,720 [grpc-default-executor-6] INFO  server.RaftServer$Division (RaftServerImpl.java:checkInconsistentAppendEntries(1319)) - omNode-1@group-523986131536: Failed appendEntries as previous log entry ((t:8, i:30)) is not found
2021-10-05 01:19:40,720 [grpc-default-executor-6] INFO  server.RaftServer$Division (RaftServerImpl.java:checkInconsistentAppendEntries(1285)) - omNode-1@group-523986131536: inconsistency entries. Reply:omNode-2<-omNode-1#7190:FAIL-t8,INCONSISTENCY,nextIndex=16,followerCommit=15
2021-10-05 01:19:40,720 [grpc-default-executor-6] INFO  leader.FollowerInfo (FollowerInfoImpl.java:lambda$new$0(46)) - omNode-2@group-523986131536->omNode-1: nextIndex: updateUnconditionally 31 -> 16
2021-10-05 01:19:41,222 [grpc-default-executor-6] INFO  server.RaftServer$Division (RaftServerImpl.java:checkInconsistentAppendEntries(1319)) - omNode-1@group-523986131536: Failed appendEntries as previous log entry ((t:8, i:30)) is not found
2021-10-05 01:19:41,222 [grpc-default-executor-6] INFO  server.RaftServer$Division (RaftServerImpl.java:checkInconsistentAppendEntries(1285)) - omNode-1@group-523986131536: inconsistency entries. Reply:omNode-2<-omNode-1#7241:FAIL-t8,INCONSISTENCY,nextIndex=16,followerCommit=15
2021-10-05 01:19:41,223 [grpc-default-executor-6] INFO  leader.FollowerInfo (FollowerInfoImpl.java:lambda$new$0(46)) - omNode-2@group-523986131536->omNode-1: nextIndex: updateUnconditionally 31 -> 16
2021-10-05 01:19:41,725 [grpc-default-executor-6] INFO  server.RaftServer$Division (RaftServerImpl.java:checkInconsistentAppendEntries(1319)) - omNode-1@group-523986131536: Failed appendEntries as previous log entry ((t:8, i:30)) is not found
2021-10-05 01:19:41,725 [grpc-default-executor-6] INFO  server.RaftServer$Division (RaftServerImpl.java:checkInconsistentAppendEntries(1285)) - omNode-1@group-523986131536: inconsistency entries. Reply:omNode-2<-omNode-1#7292:FAIL-t8,INCONSISTENCY,nextIndex=16,followerCommit=15
2021-10-05 01:19:41,726 [grpc-default-executor-6] INFO  leader.FollowerInfo (FollowerInfoImpl.java:lambda$new$0(46)) - omNode-2@group-523986131536->omNode-1: nextIndex: updateUnconditionally 31 -> 16
2021-10-05 01:19:42,228 [grpc-default-executor-6] INFO  server.RaftServer$Division (RaftServerImpl.java:checkInconsistentAppendEntries(1319)) - omNode-1@group-523986131536: Failed appendEntries as previous log entry ((t:8, i:30)) is not found
2021-10-05 01:19:42,228 [grpc-default-executor-6] INFO  server.RaftServer$Division (RaftServerImpl.java:checkInconsistentAppendEntries(1285)) - omNode-1@group-523986131536: inconsistency entries. Reply:omNode-2<-omNode-1#7343:FAIL-t8,INCONSISTENCY,nextIndex=16,followerCommit=15
2021-10-05 01:19:42,228 [grpc-default-executor-6] INFO  leader.FollowerInfo (FollowerInfoImpl.java:lambda$new$0(46)) - omNode-2@group-523986131536->omNode-1: nextIndex: updateUnconditionally 31 -> 16
2021-10-05 01:19:42,730 [grpc-default-executor-6] INFO  server.RaftServer$Division (RaftServerImpl.java:checkInconsistentAppendEntries(1319)) - omNode-1@group-523986131536: Failed appendEntries as previous log entry ((t:8, i:30)) is not found
2021-10-05 01:19:42,730 [grpc-default-executor-6] INFO  server.RaftServer$Division (RaftServerImpl.java:checkInconsistentAppendEntries(1285)) - omNode-1@group-523986131536: inconsistency entries. Reply:omNode-2<-omNode-1#7394:FAIL-t8,INCONSISTENCY,nextIndex=16,followerCommit=15
2021-10-05 01:19:42,731 [grpc-default-executor-6] INFO  leader.FollowerInfo (FollowerInfoImpl.java:lambda$new$0(46)) - omNode-2@group-523986131536->omNode-1: nextIndex: updateUnconditionally 31 -> 16
2021-10-05 01:19:43,232 [grpc-default-executor-6] INFO  server.RaftServer$Division (RaftServerImpl.java:checkInconsistentAppendEntries(1319)) - omNode-1@group-523986131536: Failed appendEntries as previous log entry ((t:8, i:30)) is not found
2021-10-05 01:19:43,233 [grpc-default-executor-6] INFO  server.RaftServer$Division (RaftServerImpl.java:checkInconsistentAppendEntries(1285)) - omNode-1@group-523986131536: inconsistency entries. Reply:omNode-2<-omNode-1#7445:FAIL-t8,INCONSISTENCY,nextIndex=16,followerCommit=15
2021-10-05 01:19:43,233 [grpc-default-executor-6] INFO  leader.FollowerInfo (FollowerInfoImpl.java:lambda$new$0(46)) - omNode-2@group-523986131536->omNode-1: nextIndex: updateUnconditionally 31 -> 16
2021-10-05 01:19:43,735 [grpc-default-executor-6] INFO  server.RaftServer$Division (RaftServerImpl.java:checkInconsistentAppendEntries(1319)) - omNode-1@group-523986131536: Failed appendEntries as previous log entry ((t:8, i:30)) is not found
2021-10-05 01:19:43,735 [grpc-default-executor-6] INFO  server.RaftServer$Division (RaftServerImpl.java:checkInconsistentAppendEntries(1285)) - omNode-1@group-523986131536: inconsistency entries. Reply:omNode-2<-omNode-1#7496:FAIL-t8,INCONSISTENCY,nextIndex=16,followerCommit=15
2021-10-05 01:19:43,736 [grpc-default-executor-6] INFO  leader.FollowerInfo (FollowerInfoImpl.java:lambda$new$0(46)) - omNode-2@group-523986131536->omNode-1: nextIndex: updateUnconditionally 31 -> 16
2021-10-05 01:19:44,237 [grpc-default-executor-6] INFO  server.RaftServer$Division (RaftServerImpl.java:checkInconsistentAppendEntries(1319)) - omNode-1@group-523986131536: Failed appendEntries as previous log entry ((t:8, i:30)) is not found
2021-10-05 01:19:44,238 [grpc-default-executor-6] INFO  server.RaftServer$Division (RaftServerImpl.java:checkInconsistentAppendEntries(1285)) - omNode-1@group-523986131536: inconsistency entries. Reply:omNode-2<-omNode-1#7547:FAIL-t8,INCONSISTENCY,nextIndex=16,followerCommit=15
2021-10-05 01:19:44,238 [grpc-default-executor-6] INFO  leader.FollowerInfo (FollowerInfoImpl.java:lambda$new$0(46)) - omNode-2@group-523986131536->omNode-1: nextIndex: updateUnconditionally 31 -> 16
2021-10-05 01:19:44,740 [grpc-default-executor-6] INFO  server.RaftServer$Division (RaftServerImpl.java:checkInconsistentAppendEntries(1319)) - omNode-1@group-523986131536: Failed appendEntries as previous log entry ((t:8, i:30)) is not found
2021-10-05 01:19:44,740 [grpc-default-executor-6] INFO  server.RaftServer$Division (RaftServerImpl.java:checkInconsistentAppendEntries(1285)) - omNode-1@group-523986131536: inconsistency entries. Reply:omNode-2<-omNode-1#7598:FAIL-t8,INCONSISTENCY,nextIndex=16,followerCommit=15
2021-10-05 01:19:44,740 [grpc-default-executor-6] INFO  leader.FollowerInfo (FollowerInfoImpl.java:lambda$new$0(46)) - omNode-2@group-523986131536->omNode-1: nextIndex: updateUnconditionally 31 -> 16
2021-10-05 01:19:45,242 [grpc-default-executor-6] INFO  server.RaftServer$Division (RaftServerImpl.java:checkInconsistentAppendEntries(1319)) - omNode-1@group-523986131536: Failed appendEntries as previous log entry ((t:8, i:30)) is not found
2021-10-05 01:19:45,242 [grpc-default-executor-6] INFO  server.RaftServer$Division (RaftServerImpl.java:checkInconsistentAppendEntries(1285)) - omNode-1@group-523986131536: inconsistency entries. Reply:omNode-2<-omNode-1#7649:FAIL-t8,INCONSISTENCY,nextIndex=16,followerCommit=15
2021-10-05 01:19:45,242 [grpc-default-executor-6] INFO  leader.FollowerInfo (FollowerInfoImpl.java:lambda$new$0(46)) - omNode-2@group-523986131536->omNode-1: nextIndex: updateUnconditionally 31 -> 16
2021-10-05 01:19:45,744 [grpc-default-executor-6] INFO  server.RaftServer$Division (RaftServerImpl.java:checkInconsistentAppendEntries(1319)) - omNode-1@group-523986131536: Failed appendEntries as previous log entry ((t:8, i:30)) is not found
2021-10-05 01:19:45,745 [grpc-default-executor-6] INFO  server.RaftServer$Division (RaftServerImpl.java:checkInconsistentAppendEntries(1285)) - omNode-1@group-523986131536: inconsistency entries. Reply:omNode-2<-omNode-1#7700:FAIL-t8,INCONSISTENCY,nextIndex=16,followerCommit=15
2021-10-05 01:19:45,745 [grpc-default-executor-6] INFO  leader.FollowerInfo (FollowerInfoImpl.java:lambda$new$0(46)) - omNode-2@group-523986131536->omNode-1: nextIndex: updateUnconditionally 31 -> 16
2021-10-05 01:19:46,246 [grpc-default-executor-6] INFO  server.RaftServer$Division (RaftServerImpl.java:checkInconsistentAppendEntries(1319)) - omNode-1@group-523986131536: Failed appendEntries as previous log entry ((t:8, i:30)) is not found
2021-10-05 01:19:46,246 [grpc-default-executor-6] INFO  server.RaftServer$Division (RaftServerImpl.java:checkInconsistentAppendEntries(1285)) - omNode-1@group-523986131536: inconsistency entries. Reply:omNode-2<-omNode-1#7751:FAIL-t8,INCONSISTENCY,nextIndex=16,followerCommit=15
2021-10-05 01:19:46,247 [grpc-default-executor-6] INFO  leader.FollowerInfo (FollowerInfoImpl.java:lambda$new$0(46)) - omNode-2@group-523986131536->omNode-1: nextIndex: updateUnconditionally 31 -> 16
2021-10-05 01:19:46,749 [grpc-default-executor-6] INFO  server.RaftServer$Division (RaftServerImpl.java:checkInconsistentAppendEntries(1319)) - omNode-1@group-523986131536: Failed appendEntries as previous log entry ((t:8, i:30)) is not found
2021-10-05 01:19:46,749 [grpc-default-executor-6] INFO  server.RaftServer$Division (RaftServerImpl.java:checkInconsistentAppendEntries(1285)) - omNode-1@group-523986131536: inconsistency entries. Reply:omNode-2<-omNode-1#7802:FAIL-t8,INCONSISTENCY,nextIndex=16,followerCommit=15
2021-10-05 01:19:46,749 [grpc-default-executor-6] INFO  leader.FollowerInfo (FollowerInfoImpl.java:lambda$new$0(46)) - omNode-2@group-523986131536->omNode-1: nextIndex: updateUnconditionally 31 -> 16
2021-10-05 01:19:47,252 [grpc-default-executor-6] INFO  server.RaftServer$Division (RaftServerImpl.java:checkInconsistentAppendEntries(1319)) - omNode-1@group-523986131536: Failed appendEntries as previous log entry ((t:8, i:30)) is not found
2021-10-05 01:19:47,252 [grpc-default-executor-6] INFO  server.RaftServer$Division (RaftServerImpl.java:checkInconsistentAppendEntries(1285)) - omNode-1@group-523986131536: inconsistency entries. Reply:omNode-2<-omNode-1#7853:FAIL-t8,INCONSISTENCY,nextIndex=16,followerCommit=15
2021-10-05 01:19:47,252 [grpc-default-executor-6] INFO  leader.FollowerInfo (FollowerInfoImpl.java:lambda$new$0(46)) - omNode-2@group-523986131536->omNode-1: nextIndex: updateUnconditionally 31 -> 16
2021-10-05 01:19:47,754 [grpc-default-executor-6] INFO  server.RaftServer$Division (RaftServerImpl.java:checkInconsistentAppendEntries(1319)) - omNode-1@group-523986131536: Failed appendEntries as previous log entry ((t:8, i:30)) is not found
2021-10-05 01:19:47,754 [grpc-default-executor-6] INFO  server.RaftServer$Division (RaftServerImpl.java:checkInconsistentAppendEntries(1285)) - omNode-1@group-523986131536: inconsistency entries. Reply:omNode-2<-omNode-1#7904:FAIL-t8,INCONSISTENCY,nextIndex=16,followerCommit=15
2021-10-05 01:19:47,754 [grpc-default-executor-6] INFO  leader.FollowerInfo (FollowerInfoImpl.java:lambda$new$0(46)) - omNode-2@group-523986131536->omNode-1: nextIndex: updateUnconditionally 31 -> 16
2021-10-05 01:19:48,257 [grpc-default-executor-6] INFO  server.RaftServer$Division (RaftServerImpl.java:checkInconsistentAppendEntries(1319)) - omNode-1@group-523986131536: Failed appendEntries as previous log entry ((t:8, i:30)) is not found
2021-10-05 01:19:48,257 [grpc-default-executor-6] INFO  server.RaftServer$Division (RaftServerImpl.java:checkInconsistentAppendEntries(1285)) - omNode-1@group-523986131536: inconsistency entries. Reply:omNode-2<-omNode-1#7955:FAIL-t8,INCONSISTENCY,nextIndex=16,followerCommit=15
2021-10-05 01:19:48,257 [grpc-default-executor-6] INFO  leader.FollowerInfo (FollowerInfoImpl.java:lambda$new$0(46)) - omNode-2@group-523986131536->omNode-1: nextIndex: updateUnconditionally 31 -> 16
2021-10-05 01:19:48,760 [grpc-default-executor-6] INFO  server.RaftServer$Division (RaftServerImpl.java:checkInconsistentAppendEntries(1319)) - omNode-1@group-523986131536: Failed appendEntries as previous log entry ((t:8, i:30)) is not found
2021-10-05 01:19:48,760 [grpc-default-executor-6] INFO  server.RaftServer$Division (RaftServerImpl.java:checkInconsistentAppendEntries(1285)) - omNode-1@group-523986131536: inconsistency entries. Reply:omNode-2<-omNode-1#8006:FAIL-t8,INCONSISTENCY,nextIndex=16,followerCommit=15
2021-10-05 01:19:48,760 [grpc-default-executor-6] INFO  leader.FollowerInfo (FollowerInfoImpl.java:lambda$new$0(46)) - omNode-2@group-523986131536->omNode-1: nextIndex: updateUnconditionally 31 -> 16
2021-10-05 01:19:49,262 [grpc-default-executor-6] INFO  server.RaftServer$Division (RaftServerImpl.java:checkInconsistentAppendEntries(1319)) - omNode-1@group-523986131536: Failed appendEntries as previous log entry ((t:8, i:30)) is not found
2021-10-05 01:19:49,262 [grpc-default-executor-6] INFO  server.RaftServer$Division (RaftServerImpl.java:checkInconsistentAppendEntries(1285)) - omNode-1@group-523986131536: inconsistency entries. Reply:omNode-2<-omNode-1#8057:FAIL-t8,INCONSISTENCY,nextIndex=16,followerCommit=15
2021-10-05 01:19:49,262 [grpc-default-executor-6] INFO  leader.FollowerInfo (FollowerInfoImpl.java:lambda$new$0(46)) - omNode-2@group-523986131536->omNode-1: nextIndex: updateUnconditionally 31 -> 16
2021-10-05 01:19:49,764 [grpc-default-executor-6] INFO  server.RaftServer$Division (RaftServerImpl.java:checkInconsistentAppendEntries(1319)) - omNode-1@group-523986131536: Failed appendEntries as previous log entry ((t:8, i:30)) is not found
2021-10-05 01:19:49,764 [grpc-default-executor-6] INFO  server.RaftServer$Division (RaftServerImpl.java:checkInconsistentAppendEntries(1285)) - omNode-1@group-523986131536: inconsistency entries. Reply:omNode-2<-omNode-1#8108:FAIL-t8,INCONSISTENCY,nextIndex=16,followerCommit=15
2021-10-05 01:19:49,764 [grpc-default-executor-6] INFO  leader.FollowerInfo (FollowerInfoImpl.java:lambda$new$0(46)) - omNode-2@group-523986131536->omNode-1: nextIndex: updateUnconditionally 31 -> 16
2021-10-05 01:19:50,267 [grpc-default-executor-6] INFO  server.RaftServer$Division (RaftServerImpl.java:checkInconsistentAppendEntries(1319)) - omNode-1@group-523986131536: Failed appendEntries as previous log entry ((t:8, i:30)) is not found
2021-10-05 01:19:50,267 [grpc-default-executor-6] INFO  server.RaftServer$Division (RaftServerImpl.java:checkInconsistentAppendEntries(1285)) - omNode-1@group-523986131536: inconsistency entries. Reply:omNode-2<-omNode-1#8159:FAIL-t8,INCONSISTENCY,nextIndex=16,followerCommit=15
2021-10-05 01:19:50,267 [grpc-default-executor-6] INFO  leader.FollowerInfo (FollowerInfoImpl.java:lambda$new$0(46)) - omNode-2@group-523986131536->omNode-1: nextIndex: updateUnconditionally 31 -> 16
2021-10-05 01:19:50,769 [grpc-default-executor-6] INFO  server.RaftServer$Division (RaftServerImpl.java:checkInconsistentAppendEntries(1319)) - omNode-1@group-523986131536: Failed appendEntries as previous log entry ((t:8, i:30)) is not found
2021-10-05 01:19:50,770 [grpc-default-executor-6] INFO  server.RaftServer$Division (RaftServerImpl.java:checkInconsistentAppendEntries(1285)) - omNode-1@group-523986131536: inconsistency entries. Reply:omNode-2<-omNode-1#8210:FAIL-t8,INCONSISTENCY,nextIndex=16,followerCommit=15
2021-10-05 01:19:50,770 [grpc-default-executor-6] INFO  leader.FollowerInfo (FollowerInfoImpl.java:lambda$new$0(46)) - omNode-2@group-523986131536->omNode-1: nextIndex: updateUnconditionally 31 -> 16
2021-10-05 01:19:51,272 [grpc-default-executor-6] INFO  server.RaftServer$Division (RaftServerImpl.java:checkInconsistentAppendEntries(1319)) - omNode-1@group-523986131536: Failed appendEntries as previous log entry ((t:8, i:30)) is not found
2021-10-05 01:19:51,272 [grpc-default-executor-6] INFO  server.RaftServer$Division (RaftServerImpl.java:checkInconsistentAppendEntries(1285)) - omNode-1@group-523986131536: inconsistency entries. Reply:omNode-2<-omNode-1#8261:FAIL-t8,INCONSISTENCY,nextIndex=16,followerCommit=15
2021-10-05 01:19:51,272 [grpc-default-executor-6] INFO  leader.FollowerInfo (FollowerInfoImpl.java:lambda$new$0(46)) - omNode-2@group-523986131536->omNode-1: nextIndex: updateUnconditionally 31 -> 16
2021-10-05 01:19:51,775 [grpc-default-executor-6] INFO  server.RaftServer$Division (RaftServerImpl.java:checkInconsistentAppendEntries(1319)) - omNode-1@group-523986131536: Failed appendEntries as previous log entry ((t:8, i:30)) is not found
2021-10-05 01:19:51,775 [grpc-default-executor-6] INFO  server.RaftServer$Division (RaftServerImpl.java:checkInconsistentAppendEntries(1285)) - omNode-1@group-523986131536: inconsistency entries. Reply:omNode-2<-omNode-1#8312:FAIL-t8,INCONSISTENCY,nextIndex=16,followerCommit=15
2021-10-05 01:19:51,776 [grpc-default-executor-6] INFO  leader.FollowerInfo (FollowerInfoImpl.java:lambda$new$0(46)) - omNode-2@group-523986131536->omNode-1: nextIndex: updateUnconditionally 31 -> 16
2021-10-05 01:19:52,278 [grpc-default-executor-6] INFO  server.RaftServer$Division (RaftServerImpl.java:checkInconsistentAppendEntries(1319)) - omNode-1@group-523986131536: Failed appendEntries as previous log entry ((t:8, i:30)) is not found
2021-10-05 01:19:52,278 [grpc-default-executor-6] INFO  server.RaftServer$Division (RaftServerImpl.java:checkInconsistentAppendEntries(1285)) - omNode-1@group-523986131536: inconsistency entries. Reply:omNode-2<-omNode-1#8363:FAIL-t8,INCONSISTENCY,nextIndex=16,followerCommit=15
2021-10-05 01:19:52,278 [grpc-default-executor-6] INFO  leader.FollowerInfo (FollowerInfoImpl.java:lambda$new$0(46)) - omNode-2@group-523986131536->omNode-1: nextIndex: updateUnconditionally 31 -> 16
2021-10-05 01:19:52,781 [grpc-default-executor-6] INFO  server.RaftServer$Division (RaftServerImpl.java:checkInconsistentAppendEntries(1319)) - omNode-1@group-523986131536: Failed appendEntries as previous log entry ((t:8, i:30)) is not found
2021-10-05 01:19:52,781 [grpc-default-executor-6] INFO  server.RaftServer$Division (RaftServerImpl.java:checkInconsistentAppendEntries(1285)) - omNode-1@group-523986131536: inconsistency entries. Reply:omNode-2<-omNode-1#8414:FAIL-t8,INCONSISTENCY,nextIndex=16,followerCommit=15
2021-10-05 01:19:52,781 [grpc-default-executor-6] INFO  leader.FollowerInfo (FollowerInfoImpl.java:lambda$new$0(46)) - omNode-2@group-523986131536->omNode-1: nextIndex: updateUnconditionally 31 -> 16
2021-10-05 01:19:53,283 [grpc-default-executor-6] INFO  server.RaftServer$Division (RaftServerImpl.java:checkInconsistentAppendEntries(1319)) - omNode-1@group-523986131536: Failed appendEntries as previous log entry ((t:8, i:30)) is not found
2021-10-05 01:19:53,284 [grpc-default-executor-6] INFO  server.RaftServer$Division (RaftServerImpl.java:checkInconsistentAppendEntries(1285)) - omNode-1@group-523986131536: inconsistency entries. Reply:omNode-2<-omNode-1#8465:FAIL-t8,INCONSISTENCY,nextIndex=16,followerCommit=15
2021-10-05 01:19:53,284 [grpc-default-executor-6] INFO  leader.FollowerInfo (FollowerInfoImpl.java:lambda$new$0(46)) - omNode-2@group-523986131536->omNode-1: nextIndex: updateUnconditionally 31 -> 16
2021-10-05 01:19:53,786 [grpc-default-executor-6] INFO  server.RaftServer$Division (RaftServerImpl.java:checkInconsistentAppendEntries(1319)) - omNode-1@group-523986131536: Failed appendEntries as previous log entry ((t:8, i:30)) is not found
2021-10-05 01:19:53,786 [grpc-default-executor-6] INFO  server.RaftServer$Division (RaftServerImpl.java:checkInconsistentAppendEntries(1285)) - omNode-1@group-523986131536: inconsistency entries. Reply:omNode-2<-omNode-1#8516:FAIL-t8,INCONSISTENCY,nextIndex=16,followerCommit=15
2021-10-05 01:19:53,786 [grpc-default-executor-6] INFO  leader.FollowerInfo (FollowerInfoImpl.java:lambda$new$0(46)) - omNode-2@group-523986131536->omNode-1: nextIndex: updateUnconditionally 31 -> 16
2021-10-05 01:19:54,288 [grpc-default-executor-6] INFO  server.RaftServer$Division (RaftServerImpl.java:checkInconsistentAppendEntries(1319)) - omNode-1@group-523986131536: Failed appendEntries as previous log entry ((t:8, i:30)) is not found
2021-10-05 01:19:54,288 [grpc-default-executor-6] INFO  server.RaftServer$Division (RaftServerImpl.java:checkInconsistentAppendEntries(1285)) - omNode-1@group-523986131536: inconsistency entries. Reply:omNode-2<-omNode-1#8567:FAIL-t8,INCONSISTENCY,nextIndex=16,followerCommit=15
2021-10-05 01:19:54,288 [grpc-default-executor-6] INFO  leader.FollowerInfo (FollowerInfoImpl.java:lambda$new$0(46)) - omNode-2@group-523986131536->omNode-1: nextIndex: updateUnconditionally 31 -> 16
2021-10-05 01:19:54,790 [grpc-default-executor-6] INFO  server.RaftServer$Division (RaftServerImpl.java:checkInconsistentAppendEntries(1319)) - omNode-1@group-523986131536: Failed appendEntries as previous log entry ((t:8, i:30)) is not found
2021-10-05 01:19:54,791 [grpc-default-executor-6] INFO  server.RaftServer$Division (RaftServerImpl.java:checkInconsistentAppendEntries(1285)) - omNode-1@group-523986131536: inconsistency entries. Reply:omNode-2<-omNode-1#8618:FAIL-t8,INCONSISTENCY,nextIndex=16,followerCommit=15
2021-10-05 01:19:54,791 [grpc-default-executor-6] INFO  leader.FollowerInfo (FollowerInfoImpl.java:lambda$new$0(46)) - omNode-2@group-523986131536->omNode-1: nextIndex: updateUnconditionally 31 -> 16
2021-10-05 01:19:55,293 [grpc-default-executor-6] INFO  server.RaftServer$Division (RaftServerImpl.java:checkInconsistentAppendEntries(1319)) - omNode-1@group-523986131536: Failed appendEntries as previous log entry ((t:8, i:30)) is not found
2021-10-05 01:19:55,293 [grpc-default-executor-6] INFO  server.RaftServer$Division (RaftServerImpl.java:checkInconsistentAppendEntries(1285)) - omNode-1@group-523986131536: inconsistency entries. Reply:omNode-2<-omNode-1#8669:FAIL-t8,INCONSISTENCY,nextIndex=16,followerCommit=15
2021-10-05 01:19:55,293 [grpc-default-executor-6] INFO  leader.FollowerInfo (FollowerInfoImpl.java:lambda$new$0(46)) - omNode-2@group-523986131536->omNode-1: nextIndex: updateUnconditionally 31 -> 16
2021-10-05 01:19:55,796 [grpc-default-executor-6] INFO  server.RaftServer$Division (RaftServerImpl.java:checkInconsistentAppendEntries(1319)) - omNode-1@group-523986131536: Failed appendEntries as previous log entry ((t:8, i:30)) is not found
2021-10-05 01:19:55,796 [grpc-default-executor-6] INFO  server.RaftServer$Division (RaftServerImpl.java:checkInconsistentAppendEntries(1285)) - omNode-1@group-523986131536: inconsistency entries. Reply:omNode-2<-omNode-1#8720:FAIL-t8,INCONSISTENCY,nextIndex=16,followerCommit=15
2021-10-05 01:19:55,796 [grpc-default-executor-6] INFO  leader.FollowerInfo (FollowerInfoImpl.java:lambda$new$0(46)) - omNode-2@group-523986131536->omNode-1: nextIndex: updateUnconditionally 31 -> 16
2021-10-05 01:19:56,298 [grpc-default-executor-6] INFO  server.RaftServer$Division (RaftServerImpl.java:checkInconsistentAppendEntries(1319)) - omNode-1@group-523986131536: Failed appendEntries as previous log entry ((t:8, i:30)) is not found
2021-10-05 01:19:56,299 [grpc-default-executor-6] INFO  server.RaftServer$Division (RaftServerImpl.java:checkInconsistentAppendEntries(1285)) - omNode-1@group-523986131536: inconsistency entries. Reply:omNode-2<-omNode-1#8771:FAIL-t8,INCONSISTENCY,nextIndex=16,followerCommit=15
2021-10-05 01:19:56,299 [grpc-default-executor-6] INFO  leader.FollowerInfo (FollowerInfoImpl.java:lambda$new$0(46)) - omNode-2@group-523986131536->omNode-1: nextIndex: updateUnconditionally 31 -> 16
2021-10-05 01:19:56,800 [grpc-default-executor-6] INFO  server.RaftServer$Division (RaftServerImpl.java:checkInconsistentAppendEntries(1319)) - omNode-1@group-523986131536: Failed appendEntries as previous log entry ((t:8, i:30)) is not found
2021-10-05 01:19:56,801 [grpc-default-executor-6] INFO  server.RaftServer$Division (RaftServerImpl.java:checkInconsistentAppendEntries(1285)) - omNode-1@group-523986131536: inconsistency entries. Reply:omNode-2<-omNode-1#8822:FAIL-t8,INCONSISTENCY,nextIndex=16,followerCommit=15
2021-10-05 01:19:56,801 [grpc-default-executor-6] INFO  leader.FollowerInfo (FollowerInfoImpl.java:lambda$new$0(46)) - omNode-2@group-523986131536->omNode-1: nextIndex: updateUnconditionally 31 -> 16
2021-10-05 01:19:57,302 [grpc-default-executor-6] INFO  server.RaftServer$Division (RaftServerImpl.java:checkInconsistentAppendEntries(1319)) - omNode-1@group-523986131536: Failed appendEntries as previous log entry ((t:8, i:30)) is not found
2021-10-05 01:19:57,303 [grpc-default-executor-6] INFO  server.RaftServer$Division (RaftServerImpl.java:checkInconsistentAppendEntries(1285)) - omNode-1@group-523986131536: inconsistency entries. Reply:omNode-2<-omNode-1#8873:FAIL-t8,INCONSISTENCY,nextIndex=16,followerCommit=15
2021-10-05 01:19:57,303 [grpc-default-executor-6] INFO  leader.FollowerInfo (FollowerInfoImpl.java:lambda$new$0(46)) - omNode-2@group-523986131536->omNode-1: nextIndex: updateUnconditionally 31 -> 16
2021-10-05 01:19:57,804 [grpc-default-executor-6] INFO  server.RaftServer$Division (RaftServerImpl.java:checkInconsistentAppendEntries(1319)) - omNode-1@group-523986131536: Failed appendEntries as previous log entry ((t:8, i:30)) is not found
2021-10-05 01:19:57,804 [grpc-default-executor-6] INFO  server.RaftServer$Division (RaftServerImpl.java:checkInconsistentAppendEntries(1285)) - omNode-1@group-523986131536: inconsistency entries. Reply:omNode-2<-omNode-1#8924:FAIL-t8,INCONSISTENCY,nextIndex=16,followerCommit=15
2021-10-05 01:19:57,805 [grpc-default-executor-6] INFO  leader.FollowerInfo (FollowerInfoImpl.java:lambda$new$0(46)) - omNode-2@group-523986131536->omNode-1: nextIndex: updateUnconditionally 31 -> 16
2021-10-05 01:19:58,307 [grpc-default-executor-6] INFO  server.RaftServer$Division (RaftServerImpl.java:checkInconsistentAppendEntries(1319)) - omNode-1@group-523986131536: Failed appendEntries as previous log entry ((t:8, i:30)) is not found
2021-10-05 01:19:58,307 [grpc-default-executor-6] INFO  server.RaftServer$Division (RaftServerImpl.java:checkInconsistentAppendEntries(1285)) - omNode-1@group-523986131536: inconsistency entries. Reply:omNode-2<-omNode-1#8975:FAIL-t8,INCONSISTENCY,nextIndex=16,followerCommit=15
2021-10-05 01:19:58,307 [grpc-default-executor-6] INFO  leader.FollowerInfo (FollowerInfoImpl.java:lambda$new$0(46)) - omNode-2@group-523986131536->omNode-1: nextIndex: updateUnconditionally 31 -> 16
2021-10-05 01:19:58,809 [grpc-default-executor-6] INFO  server.RaftServer$Division (RaftServerImpl.java:checkInconsistentAppendEntries(1319)) - omNode-1@group-523986131536: Failed appendEntries as previous log entry ((t:8, i:30)) is not found
2021-10-05 01:19:58,809 [grpc-default-executor-6] INFO  server.RaftServer$Division (RaftServerImpl.java:checkInconsistentAppendEntries(1285)) - omNode-1@group-523986131536: inconsistency entries. Reply:omNode-2<-omNode-1#9026:FAIL-t8,INCONSISTENCY,nextIndex=16,followerCommit=15
2021-10-05 01:19:58,810 [grpc-default-executor-6] INFO  leader.FollowerInfo (FollowerInfoImpl.java:lambda$new$0(46)) - omNode-2@group-523986131536->omNode-1: nextIndex: updateUnconditionally 31 -> 16
2021-10-05 01:19:59,312 [grpc-default-executor-6] INFO  server.RaftServer$Division (RaftServerImpl.java:checkInconsistentAppendEntries(1319)) - omNode-1@group-523986131536: Failed appendEntries as previous log entry ((t:8, i:30)) is not found
2021-10-05 01:19:59,312 [grpc-default-executor-6] INFO  server.RaftServer$Division (RaftServerImpl.java:checkInconsistentAppendEntries(1285)) - omNode-1@group-523986131536: inconsistency entries. Reply:omNode-2<-omNode-1#9077:FAIL-t8,INCONSISTENCY,nextIndex=16,followerCommit=15
2021-10-05 01:19:59,312 [grpc-default-executor-6] INFO  leader.FollowerInfo (FollowerInfoImpl.java:lambda$new$0(46)) - omNode-2@group-523986131536->omNode-1: nextIndex: updateUnconditionally 31 -> 16
2021-10-05 01:19:59,814 [grpc-default-executor-6] INFO  server.RaftServer$Division (RaftServerImpl.java:checkInconsistentAppendEntries(1319)) - omNode-1@group-523986131536: Failed appendEntries as previous log entry ((t:8, i:30)) is not found
2021-10-05 01:19:59,814 [grpc-default-executor-6] INFO  server.RaftServer$Division (RaftServerImpl.java:checkInconsistentAppendEntries(1285)) - omNode-1@group-523986131536: inconsistency entries. Reply:omNode-2<-omNode-1#9128:FAIL-t8,INCONSISTENCY,nextIndex=16,followerCommit=15
2021-10-05 01:19:59,815 [grpc-default-executor-6] INFO  leader.FollowerInfo (FollowerInfoImpl.java:lambda$new$0(46)) - omNode-2@group-523986131536->omNode-1: nextIndex: updateUnconditionally 31 -> 16
2021-10-05 01:20:00,317 [grpc-default-executor-6] INFO  server.RaftServer$Division (RaftServerImpl.java:checkInconsistentAppendEntries(1319)) - omNode-1@group-523986131536: Failed appendEntries as previous log entry ((t:8, i:30)) is not found
2021-10-05 01:20:00,317 [grpc-default-executor-6] INFO  server.RaftServer$Division (RaftServerImpl.java:checkInconsistentAppendEntries(1285)) - omNode-1@group-523986131536: inconsistency entries. Reply:omNode-2<-omNode-1#9179:FAIL-t8,INCONSISTENCY,nextIndex=16,followerCommit=15
2021-10-05 01:20:00,318 [grpc-default-executor-6] INFO  leader.FollowerInfo (FollowerInfoImpl.java:lambda$new$0(46)) - omNode-2@group-523986131536->omNode-1: nextIndex: updateUnconditionally 31 -> 16
2021-10-05 01:20:00,820 [grpc-default-executor-6] INFO  server.RaftServer$Division (RaftServerImpl.java:checkInconsistentAppendEntries(1319)) - omNode-1@group-523986131536: Failed appendEntries as previous log entry ((t:8, i:30)) is not found
2021-10-05 01:20:00,820 [grpc-default-executor-6] INFO  server.RaftServer$Division (RaftServerImpl.java:checkInconsistentAppendEntries(1285)) - omNode-1@group-523986131536: inconsistency entries. Reply:omNode-2<-omNode-1#9230:FAIL-t8,INCONSISTENCY,nextIndex=16,followerCommit=15
2021-10-05 01:20:00,821 [grpc-default-executor-6] INFO  leader.FollowerInfo (FollowerInfoImpl.java:lambda$new$0(46)) - omNode-2@group-523986131536->omNode-1: nextIndex: updateUnconditionally 31 -> 16
2021-10-05 01:20:01,323 [grpc-default-executor-6] INFO  server.RaftServer$Division (RaftServerImpl.java:checkInconsistentAppendEntries(1319)) - omNode-1@group-523986131536: Failed appendEntries as previous log entry ((t:8, i:30)) is not found
2021-10-05 01:20:01,323 [grpc-default-executor-6] INFO  server.RaftServer$Division (RaftServerImpl.java:checkInconsistentAppendEntries(1285)) - omNode-1@group-523986131536: inconsistency entries. Reply:omNode-2<-omNode-1#9281:FAIL-t8,INCONSISTENCY,nextIndex=16,followerCommit=15
2021-10-05 01:20:01,323 [grpc-default-executor-6] INFO  leader.FollowerInfo (FollowerInfoImpl.java:lambda$new$0(46)) - omNode-2@group-523986131536->omNode-1: nextIndex: updateUnconditionally 31 -> 16
2021-10-05 01:20:01,825 [grpc-default-executor-6] INFO  server.RaftServer$Division (RaftServerImpl.java:checkInconsistentAppendEntries(1319)) - omNode-1@group-523986131536: Failed appendEntries as previous log entry ((t:8, i:30)) is not found
2021-10-05 01:20:01,825 [grpc-default-executor-6] INFO  server.RaftServer$Division (RaftServerImpl.java:checkInconsistentAppendEntries(1285)) - omNode-1@group-523986131536: inconsistency entries. Reply:omNode-2<-omNode-1#9332:FAIL-t8,INCONSISTENCY,nextIndex=16,followerCommit=15
2021-10-05 01:20:01,826 [grpc-default-executor-6] INFO  leader.FollowerInfo (FollowerInfoImpl.java:lambda$new$0(46)) - omNode-2@group-523986131536->omNode-1: nextIndex: updateUnconditionally 31 -> 16
2021-10-05 01:20:02,328 [grpc-default-executor-6] INFO  server.RaftServer$Division (RaftServerImpl.java:checkInconsistentAppendEntries(1319)) - omNode-1@group-523986131536: Failed appendEntries as previous log entry ((t:8, i:30)) is not found
2021-10-05 01:20:02,328 [grpc-default-executor-6] INFO  server.RaftServer$Division (RaftServerImpl.java:checkInconsistentAppendEntries(1285)) - omNode-1@group-523986131536: inconsistency entries. Reply:omNode-2<-omNode-1#9383:FAIL-t8,INCONSISTENCY,nextIndex=16,followerCommit=15
2021-10-05 01:20:02,328 [grpc-default-executor-6] INFO  leader.FollowerInfo (FollowerInfoImpl.java:lambda$new$0(46)) - omNode-2@group-523986131536->omNode-1: nextIndex: updateUnconditionally 31 -> 16
2021-10-05 01:20:02,830 [grpc-default-executor-6] INFO  server.RaftServer$Division (RaftServerImpl.java:checkInconsistentAppendEntries(1319)) - omNode-1@group-523986131536: Failed appendEntries as previous log entry ((t:8, i:30)) is not found
2021-10-05 01:20:02,830 [grpc-default-executor-6] INFO  server.RaftServer$Division (RaftServerImpl.java:checkInconsistentAppendEntries(1285)) - omNode-1@group-523986131536: inconsistency entries. Reply:omNode-2<-omNode-1#9434:FAIL-t8,INCONSISTENCY,nextIndex=16,followerCommit=15
2021-10-05 01:20:02,831 [grpc-default-executor-6] INFO  leader.FollowerInfo (FollowerInfoImpl.java:lambda$new$0(46)) - omNode-2@group-523986131536->omNode-1: nextIndex: updateUnconditionally 31 -> 16
2021-10-05 01:20:03,333 [grpc-default-executor-6] INFO  server.RaftServer$Division (RaftServerImpl.java:checkInconsistentAppendEntries(1319)) - omNode-1@group-523986131536: Failed appendEntries as previous log entry ((t:8, i:30)) is not found
2021-10-05 01:20:03,333 [grpc-default-executor-6] INFO  server.RaftServer$Division (RaftServerImpl.java:checkInconsistentAppendEntries(1285)) - omNode-1@group-523986131536: inconsistency entries. Reply:omNode-2<-omNode-1#9485:FAIL-t8,INCONSISTENCY,nextIndex=16,followerCommit=15
2021-10-05 01:20:03,333 [grpc-default-executor-6] INFO  leader.FollowerInfo (FollowerInfoImpl.java:lambda$new$0(46)) - omNode-2@group-523986131536->omNode-1: nextIndex: updateUnconditionally 31 -> 16
2021-10-05 01:20:03,835 [grpc-default-executor-6] INFO  server.RaftServer$Division (RaftServerImpl.java:checkInconsistentAppendEntries(1319)) - omNode-1@group-523986131536: Failed appendEntries as previous log entry ((t:8, i:30)) is not found
2021-10-05 01:20:03,835 [grpc-default-executor-6] INFO  server.RaftServer$Division (RaftServerImpl.java:checkInconsistentAppendEntries(1285)) - omNode-1@group-523986131536: inconsistency entries. Reply:omNode-2<-omNode-1#9536:FAIL-t8,INCONSISTENCY,nextIndex=16,followerCommit=15
2021-10-05 01:20:03,836 [grpc-default-executor-6] INFO  leader.FollowerInfo (FollowerInfoImpl.java:lambda$new$0(46)) - omNode-2@group-523986131536->omNode-1: nextIndex: updateUnconditionally 31 -> 16
2021-10-05 01:20:04,337 [grpc-default-executor-6] INFO  server.RaftServer$Division (RaftServerImpl.java:checkInconsistentAppendEntries(1319)) - omNode-1@group-523986131536: Failed appendEntries as previous log entry ((t:8, i:30)) is not found
2021-10-05 01:20:04,337 [grpc-default-executor-6] INFO  server.RaftServer$Division (RaftServerImpl.java:checkInconsistentAppendEntries(1285)) - omNode-1@group-523986131536: inconsistency entries. Reply:omNode-2<-omNode-1#9587:FAIL-t8,INCONSISTENCY,nextIndex=16,followerCommit=15
2021-10-05 01:20:04,338 [grpc-default-executor-6] INFO  leader.FollowerInfo (FollowerInfoImpl.java:lambda$new$0(46)) - omNode-2@group-523986131536->omNode-1: nextIndex: updateUnconditionally 31 -> 16
2021-10-05 01:20:04,840 [grpc-default-executor-6] INFO  server.RaftServer$Division (RaftServerImpl.java:checkInconsistentAppendEntries(1319)) - omNode-1@group-523986131536: Failed appendEntries as previous log entry ((t:8, i:30)) is not found
2021-10-05 01:20:04,840 [grpc-default-executor-6] INFO  server.RaftServer$Division (RaftServerImpl.java:checkInconsistentAppendEntries(1285)) - omNode-1@group-523986131536: inconsistency entries. Reply:omNode-2<-omNode-1#9638:FAIL-t8,INCONSISTENCY,nextIndex=16,followerCommit=15
2021-10-05 01:20:04,841 [grpc-default-executor-6] INFO  leader.FollowerInfo (FollowerInfoImpl.java:lambda$new$0(46)) - omNode-2@group-523986131536->omNode-1: nextIndex: updateUnconditionally 31 -> 16
2021-10-05 01:20:05,343 [grpc-default-executor-6] INFO  server.RaftServer$Division (RaftServerImpl.java:checkInconsistentAppendEntries(1319)) - omNode-1@group-523986131536: Failed appendEntries as previous log entry ((t:8, i:30)) is not found
2021-10-05 01:20:05,343 [grpc-default-executor-6] INFO  server.RaftServer$Division (RaftServerImpl.java:checkInconsistentAppendEntries(1285)) - omNode-1@group-523986131536: inconsistency entries. Reply:omNode-2<-omNode-1#9689:FAIL-t8,INCONSISTENCY,nextIndex=16,followerCommit=15
2021-10-05 01:20:05,343 [grpc-default-executor-6] INFO  leader.FollowerInfo (FollowerInfoImpl.java:lambda$new$0(46)) - omNode-2@group-523986131536->omNode-1: nextIndex: updateUnconditionally 31 -> 16
2021-10-05 01:20:05,845 [grpc-default-executor-6] INFO  server.RaftServer$Division (RaftServerImpl.java:checkInconsistentAppendEntries(1319)) - omNode-1@group-523986131536: Failed appendEntries as previous log entry ((t:8, i:30)) is not found
2021-10-05 01:20:05,846 [grpc-default-executor-6] INFO  server.RaftServer$Division (RaftServerImpl.java:checkInconsistentAppendEntries(1285)) - omNode-1@group-523986131536: inconsistency entries. Reply:omNode-2<-omNode-1#9740:FAIL-t8,INCONSISTENCY,nextIndex=16,followerCommit=15
2021-10-05 01:20:05,846 [grpc-default-executor-6] INFO  leader.FollowerInfo (FollowerInfoImpl.java:lambda$new$0(46)) - omNode-2@group-523986131536->omNode-1: nextIndex: updateUnconditionally 31 -> 16
2021-10-05 01:20:06,347 [grpc-default-executor-6] INFO  server.RaftServer$Division (RaftServerImpl.java:checkInconsistentAppendEntries(1319)) - omNode-1@group-523986131536: Failed appendEntries as previous log entry ((t:8, i:30)) is not found
2021-10-05 01:20:06,348 [grpc-default-executor-6] INFO  server.RaftServer$Division (RaftServerImpl.java:checkInconsistentAppendEntries(1285)) - omNode-1@group-523986131536: inconsistency entries. Reply:omNode-2<-omNode-1#9791:FAIL-t8,INCONSISTENCY,nextIndex=16,followerCommit=15
2021-10-05 01:20:06,348 [grpc-default-executor-6] INFO  leader.FollowerInfo (FollowerInfoImpl.java:lambda$new$0(46)) - omNode-2@group-523986131536->omNode-1: nextIndex: updateUnconditionally 31 -> 16
2021-10-05 01:20:06,850 [grpc-default-executor-6] INFO  server.RaftServer$Division (RaftServerImpl.java:checkInconsistentAppendEntries(1319)) - omNode-1@group-523986131536: Failed appendEntries as previous log entry ((t:8, i:30)) is not found
2021-10-05 01:20:06,851 [grpc-default-executor-6] INFO  server.RaftServer$Division (RaftServerImpl.java:checkInconsistentAppendEntries(1285)) - omNode-1@group-523986131536: inconsistency entries. Reply:omNode-2<-omNode-1#9842:FAIL-t8,INCONSISTENCY,nextIndex=16,followerCommit=15
2021-10-05 01:20:06,851 [grpc-default-executor-6] INFO  leader.FollowerInfo (FollowerInfoImpl.java:lambda$new$0(46)) - omNode-2@group-523986131536->omNode-1: nextIndex: updateUnconditionally 31 -> 16
2021-10-05 01:20:07,353 [grpc-default-executor-6] INFO  server.RaftServer$Division (RaftServerImpl.java:checkInconsistentAppendEntries(1319)) - omNode-1@group-523986131536: Failed appendEntries as previous log entry ((t:8, i:30)) is not found
2021-10-05 01:20:07,353 [grpc-default-executor-6] INFO  server.RaftServer$Division (RaftServerImpl.java:checkInconsistentAppendEntries(1285)) - omNode-1@group-523986131536: inconsistency entries. Reply:omNode-2<-omNode-1#9893:FAIL-t8,INCONSISTENCY,nextIndex=16,followerCommit=15
2021-10-05 01:20:07,353 [grpc-default-executor-6] INFO  leader.FollowerInfo (FollowerInfoImpl.java:lambda$new$0(46)) - omNode-2@group-523986131536->omNode-1: nextIndex: updateUnconditionally 31 -> 16
2021-10-05 01:20:07,855 [grpc-default-executor-6] INFO  server.RaftServer$Division (RaftServerImpl.java:checkInconsistentAppendEntries(1319)) - omNode-1@group-523986131536: Failed appendEntries as previous log entry ((t:8, i:30)) is not found
2021-10-05 01:20:07,855 [grpc-default-executor-6] INFO  server.RaftServer$Division (RaftServerImpl.java:checkInconsistentAppendEntries(1285)) - omNode-1@group-523986131536: inconsistency entries. Reply:omNode-2<-omNode-1#9944:FAIL-t8,INCONSISTENCY,nextIndex=16,followerCommit=15
2021-10-05 01:20:07,855 [grpc-default-executor-6] INFO  leader.FollowerInfo (FollowerInfoImpl.java:lambda$new$0(46)) - omNode-2@group-523986131536->omNode-1: nextIndex: updateUnconditionally 31 -> 16
2021-10-05 01:20:08,357 [grpc-default-executor-6] INFO  server.RaftServer$Division (RaftServerImpl.java:checkInconsistentAppendEntries(1319)) - omNode-1@group-523986131536: Failed appendEntries as previous log entry ((t:8, i:30)) is not found
2021-10-05 01:20:08,358 [grpc-default-executor-6] INFO  server.RaftServer$Division (RaftServerImpl.java:checkInconsistentAppendEntries(1285)) - omNode-1@group-523986131536: inconsistency entries. Reply:omNode-2<-omNode-1#9995:FAIL-t8,INCONSISTENCY,nextIndex=16,followerCommit=15
2021-10-05 01:20:08,358 [grpc-default-executor-6] INFO  leader.FollowerInfo (FollowerInfoImpl.java:lambda$new$0(46)) - omNode-2@group-523986131536->omNode-1: nextIndex: updateUnconditionally 31 -> 16
2021-10-05 01:20:08,859 [grpc-default-executor-10] INFO  server.RaftServer$Division (RaftServerImpl.java:checkInconsistentAppendEntries(1319)) - omNode-1@group-523986131536: Failed appendEntries as previous log entry ((t:8, i:30)) is not found
2021-10-05 01:20:08,860 [grpc-default-executor-10] INFO  server.RaftServer$Division (RaftServerImpl.java:checkInconsistentAppendEntries(1285)) - omNode-1@group-523986131536: inconsistency entries. Reply:omNode-2<-omNode-1#10046:FAIL-t8,INCONSISTENCY,nextIndex=16,followerCommit=15
2021-10-05 01:20:08,860 [grpc-default-executor-10] INFO  leader.FollowerInfo (FollowerInfoImpl.java:lambda$new$0(46)) - omNode-2@group-523986131536->omNode-1: nextIndex: updateUnconditionally 31 -> 16
2021-10-05 01:20:09,362 [grpc-default-executor-10] INFO  server.RaftServer$Division (RaftServerImpl.java:checkInconsistentAppendEntries(1319)) - omNode-1@group-523986131536: Failed appendEntries as previous log entry ((t:8, i:30)) is not found
2021-10-05 01:20:09,362 [grpc-default-executor-10] INFO  server.RaftServer$Division (RaftServerImpl.java:checkInconsistentAppendEntries(1285)) - omNode-1@group-523986131536: inconsistency entries. Reply:omNode-2<-omNode-1#10097:FAIL-t8,INCONSISTENCY,nextIndex=16,followerCommit=15
2021-10-05 01:20:09,362 [grpc-default-executor-10] INFO  leader.FollowerInfo (FollowerInfoImpl.java:lambda$new$0(46)) - omNode-2@group-523986131536->omNode-1: nextIndex: updateUnconditionally 31 -> 16
2021-10-05 01:20:09,864 [grpc-default-executor-10] INFO  server.RaftServer$Division (RaftServerImpl.java:checkInconsistentAppendEntries(1319)) - omNode-1@group-523986131536: Failed appendEntries as previous log entry ((t:8, i:30)) is not found
2021-10-05 01:20:09,864 [grpc-default-executor-10] INFO  server.RaftServer$Division (RaftServerImpl.java:checkInconsistentAppendEntries(1285)) - omNode-1@group-523986131536: inconsistency entries. Reply:omNode-2<-omNode-1#10148:FAIL-t8,INCONSISTENCY,nextIndex=16,followerCommit=15
2021-10-05 01:20:09,864 [grpc-default-executor-10] INFO  leader.FollowerInfo (FollowerInfoImpl.java:lambda$new$0(46)) - omNode-2@group-523986131536->omNode-1: nextIndex: updateUnconditionally 31 -> 16
2021-10-05 01:20:10,366 [grpc-default-executor-10] INFO  server.RaftServer$Division (RaftServerImpl.java:checkInconsistentAppendEntries(1319)) - omNode-1@group-523986131536: Failed appendEntries as previous log entry ((t:8, i:30)) is not found
2021-10-05 01:20:10,367 [grpc-default-executor-10] INFO  server.RaftServer$Division (RaftServerImpl.java:checkInconsistentAppendEntries(1285)) - omNode-1@group-523986131536: inconsistency entries. Reply:omNode-2<-omNode-1#10199:FAIL-t8,INCONSISTENCY,nextIndex=16,followerCommit=15
2021-10-05 01:20:10,367 [grpc-default-executor-10] INFO  leader.FollowerInfo (FollowerInfoImpl.java:lambda$new$0(46)) - omNode-2@group-523986131536->omNode-1: nextIndex: updateUnconditionally 31 -> 16
2021-10-05 01:20:10,869 [grpc-default-executor-10] INFO  server.RaftServer$Division (RaftServerImpl.java:checkInconsistentAppendEntries(1319)) - omNode-1@group-523986131536: Failed appendEntries as previous log entry ((t:8, i:30)) is not found
2021-10-05 01:20:10,869 [grpc-default-executor-10] INFO  server.RaftServer$Division (RaftServerImpl.java:checkInconsistentAppendEntries(1285)) - omNode-1@group-523986131536: inconsistency entries. Reply:omNode-2<-omNode-1#10250:FAIL-t8,INCONSISTENCY,nextIndex=16,followerCommit=15
2021-10-05 01:20:10,870 [grpc-default-executor-10] INFO  leader.FollowerInfo (FollowerInfoImpl.java:lambda$new$0(46)) - omNode-2@group-523986131536->omNode-1: nextIndex: updateUnconditionally 31 -> 16
2021-10-05 01:20:11,372 [grpc-default-executor-10] INFO  server.RaftServer$Division (RaftServerImpl.java:checkInconsistentAppendEntries(1319)) - omNode-1@group-523986131536: Failed appendEntries as previous log entry ((t:8, i:30)) is not found
2021-10-05 01:20:11,372 [grpc-default-executor-10] INFO  server.RaftServer$Division (RaftServerImpl.java:checkInconsistentAppendEntries(1285)) - omNode-1@group-523986131536: inconsistency entries. Reply:omNode-2<-omNode-1#10301:FAIL-t8,INCONSISTENCY,nextIndex=16,followerCommit=15
2021-10-05 01:20:11,372 [grpc-default-executor-10] INFO  leader.FollowerInfo (FollowerInfoImpl.java:lambda$new$0(46)) - omNode-2@group-523986131536->omNode-1: nextIndex: updateUnconditionally 31 -> 16
2021-10-05 01:20:11,874 [grpc-default-executor-10] INFO  server.RaftServer$Division (RaftServerImpl.java:checkInconsistentAppendEntries(1319)) - omNode-1@group-523986131536: Failed appendEntries as previous log entry ((t:8, i:30)) is not found
2021-10-05 01:20:11,875 [grpc-default-executor-10] INFO  server.RaftServer$Division (RaftServerImpl.java:checkInconsistentAppendEntries(1285)) - omNode-1@group-523986131536: inconsistency entries. Reply:omNode-2<-omNode-1#10352:FAIL-t8,INCONSISTENCY,nextIndex=16,followerCommit=15
2021-10-05 01:20:11,875 [grpc-default-executor-10] INFO  leader.FollowerInfo (FollowerInfoImpl.java:lambda$new$0(46)) - omNode-2@group-523986131536->omNode-1: nextIndex: updateUnconditionally 31 -> 16
2021-10-05 01:20:12,377 [grpc-default-executor-10] INFO  server.RaftServer$Division (RaftServerImpl.java:checkInconsistentAppendEntries(1319)) - omNode-1@group-523986131536: Failed appendEntries as previous log entry ((t:8, i:30)) is not found
2021-10-05 01:20:12,377 [grpc-default-executor-10] INFO  server.RaftServer$Division (RaftServerImpl.java:checkInconsistentAppendEntries(1285)) - omNode-1@group-523986131536: inconsistency entries. Reply:omNode-2<-omNode-1#10402:FAIL-t8,INCONSISTENCY,nextIndex=16,followerCommit=15
2021-10-05 01:20:12,377 [grpc-default-executor-10] INFO  leader.FollowerInfo (FollowerInfoImpl.java:lambda$new$0(46)) - omNode-2@group-523986131536->omNode-1: nextIndex: updateUnconditionally 31 -> 16
2021-10-05 01:20:12,878 [grpc-default-executor-10] INFO  server.RaftServer$Division (RaftServerImpl.java:checkInconsistentAppendEntries(1319)) - omNode-1@group-523986131536: Failed appendEntries as previous log entry ((t:8, i:30)) is not found
2021-10-05 01:20:12,879 [grpc-default-executor-10] INFO  server.RaftServer$Division (RaftServerImpl.java:checkInconsistentAppendEntries(1285)) - omNode-1@group-523986131536: inconsistency entries. Reply:omNode-2<-omNode-1#10453:FAIL-t8,INCONSISTENCY,nextIndex=16,followerCommit=15
2021-10-05 01:20:12,879 [grpc-default-executor-10] INFO  leader.FollowerInfo (FollowerInfoImpl.java:lambda$new$0(46)) - omNode-2@group-523986131536->omNode-1: nextIndex: updateUnconditionally 31 -> 16
2021-10-05 01:20:13,380 [grpc-default-executor-10] INFO  server.RaftServer$Division (RaftServerImpl.java:checkInconsistentAppendEntries(1319)) - omNode-1@group-523986131536: Failed appendEntries as previous log entry ((t:8, i:30)) is not found
2021-10-05 01:20:13,380 [grpc-default-executor-10] INFO  server.RaftServer$Division (RaftServerImpl.java:checkInconsistentAppendEntries(1285)) - omNode-1@group-523986131536: inconsistency entries. Reply:omNode-2<-omNode-1#10503:FAIL-t8,INCONSISTENCY,nextIndex=16,followerCommit=15
2021-10-05 01:20:13,381 [grpc-default-executor-10] INFO  leader.FollowerInfo (FollowerInfoImpl.java:lambda$new$0(46)) - omNode-2@group-523986131536->omNode-1: nextIndex: updateUnconditionally 31 -> 16
2021-10-05 01:20:13,882 [grpc-default-executor-6] INFO  server.RaftServer$Division (RaftServerImpl.java:checkInconsistentAppendEntries(1319)) - omNode-1@group-523986131536: Failed appendEntries as previous log entry ((t:8, i:30)) is not found
2021-10-05 01:20:13,883 [grpc-default-executor-6] INFO  server.RaftServer$Division (RaftServerImpl.java:checkInconsistentAppendEntries(1285)) - omNode-1@group-523986131536: inconsistency entries. Reply:omNode-2<-omNode-1#10554:FAIL-t8,INCONSISTENCY,nextIndex=16,followerCommit=15
2021-10-05 01:20:13,883 [grpc-default-executor-6] INFO  leader.FollowerInfo (FollowerInfoImpl.java:lambda$new$0(46)) - omNode-2@group-523986131536->omNode-1: nextIndex: updateUnconditionally 31 -> 16
2021-10-05 01:20:14,385 [grpc-default-executor-6] INFO  server.RaftServer$Division (RaftServerImpl.java:checkInconsistentAppendEntries(1319)) - omNode-1@group-523986131536: Failed appendEntries as previous log entry ((t:8, i:30)) is not found
2021-10-05 01:20:14,385 [grpc-default-executor-6] INFO  server.RaftServer$Division (RaftServerImpl.java:checkInconsistentAppendEntries(1285)) - omNode-1@group-523986131536: inconsistency entries. Reply:omNode-2<-omNode-1#10605:FAIL-t8,INCONSISTENCY,nextIndex=16,followerCommit=15
2021-10-05 01:20:14,386 [grpc-default-executor-6] INFO  leader.FollowerInfo (FollowerInfoImpl.java:lambda$new$0(46)) - omNode-2@group-523986131536->omNode-1: nextIndex: updateUnconditionally 31 -> 16
2021-10-05 01:20:14,888 [grpc-default-executor-6] INFO  server.RaftServer$Division (RaftServerImpl.java:checkInconsistentAppendEntries(1319)) - omNode-1@group-523986131536: Failed appendEntries as previous log entry ((t:8, i:30)) is not found
2021-10-05 01:20:14,888 [grpc-default-executor-6] INFO  server.RaftServer$Division (RaftServerImpl.java:checkInconsistentAppendEntries(1285)) - omNode-1@group-523986131536: inconsistency entries. Reply:omNode-2<-omNode-1#10656:FAIL-t8,INCONSISTENCY,nextIndex=16,followerCommit=15
2021-10-05 01:20:14,888 [grpc-default-executor-6] INFO  leader.FollowerInfo (FollowerInfoImpl.java:lambda$new$0(46)) - omNode-2@group-523986131536->omNode-1: nextIndex: updateUnconditionally 31 -> 16
2021-10-05 01:20:15,390 [grpc-default-executor-6] INFO  server.RaftServer$Division (RaftServerImpl.java:checkInconsistentAppendEntries(1319)) - omNode-1@group-523986131536: Failed appendEntries as previous log entry ((t:8, i:30)) is not found
2021-10-05 01:20:15,390 [grpc-default-executor-6] INFO  server.RaftServer$Division (RaftServerImpl.java:checkInconsistentAppendEntries(1285)) - omNode-1@group-523986131536: inconsistency entries. Reply:omNode-2<-omNode-1#10707:FAIL-t8,INCONSISTENCY,nextIndex=16,followerCommit=15
2021-10-05 01:20:15,391 [grpc-default-executor-6] INFO  leader.FollowerInfo (FollowerInfoImpl.java:lambda$new$0(46)) - omNode-2@group-523986131536->omNode-1: nextIndex: updateUnconditionally 31 -> 16
2021-10-05 01:20:15,893 [grpc-default-executor-6] INFO  server.RaftServer$Division (RaftServerImpl.java:checkInconsistentAppendEntries(1319)) - omNode-1@group-523986131536: Failed appendEntries as previous log entry ((t:8, i:30)) is not found
2021-10-05 01:20:15,893 [grpc-default-executor-6] INFO  server.RaftServer$Division (RaftServerImpl.java:checkInconsistentAppendEntries(1285)) - omNode-1@group-523986131536: inconsistency entries. Reply:omNode-2<-omNode-1#10758:FAIL-t8,INCONSISTENCY,nextIndex=16,followerCommit=15
2021-10-05 01:20:15,893 [grpc-default-executor-6] INFO  leader.FollowerInfo (FollowerInfoImpl.java:lambda$new$0(46)) - omNode-2@group-523986131536->omNode-1: nextIndex: updateUnconditionally 31 -> 16
2021-10-05 01:20:16,395 [grpc-default-executor-10] INFO  server.RaftServer$Division (RaftServerImpl.java:checkInconsistentAppendEntries(1319)) - omNode-1@group-523986131536: Failed appendEntries as previous log entry ((t:8, i:30)) is not found
2021-10-05 01:20:16,395 [grpc-default-executor-10] INFO  server.RaftServer$Division (RaftServerImpl.java:checkInconsistentAppendEntries(1285)) - omNode-1@group-523986131536: inconsistency entries. Reply:omNode-2<-omNode-1#10809:FAIL-t8,INCONSISTENCY,nextIndex=16,followerCommit=15
2021-10-05 01:20:16,395 [grpc-default-executor-10] INFO  leader.FollowerInfo (FollowerInfoImpl.java:lambda$new$0(46)) - omNode-2@group-523986131536->omNode-1: nextIndex: updateUnconditionally 31 -> 16
2021-10-05 01:20:16,897 [grpc-default-executor-10] INFO  server.RaftServer$Division (RaftServerImpl.java:checkInconsistentAppendEntries(1319)) - omNode-1@group-523986131536: Failed appendEntries as previous log entry ((t:8, i:30)) is not found
2021-10-05 01:20:16,897 [grpc-default-executor-10] INFO  server.RaftServer$Division (RaftServerImpl.java:checkInconsistentAppendEntries(1285)) - omNode-1@group-523986131536: inconsistency entries. Reply:omNode-2<-omNode-1#10860:FAIL-t8,INCONSISTENCY,nextIndex=16,followerCommit=15
2021-10-05 01:20:16,898 [grpc-default-executor-10] INFO  leader.FollowerInfo (FollowerInfoImpl.java:lambda$new$0(46)) - omNode-2@group-523986131536->omNode-1: nextIndex: updateUnconditionally 31 -> 16
2021-10-05 01:20:17,399 [grpc-default-executor-10] INFO  server.RaftServer$Division (RaftServerImpl.java:checkInconsistentAppendEntries(1319)) - omNode-1@group-523986131536: Failed appendEntries as previous log entry ((t:8, i:30)) is not found
2021-10-05 01:20:17,400 [grpc-default-executor-10] INFO  server.RaftServer$Division (RaftServerImpl.java:checkInconsistentAppendEntries(1285)) - omNode-1@group-523986131536: inconsistency entries. Reply:omNode-2<-omNode-1#10911:FAIL-t8,INCONSISTENCY,nextIndex=16,followerCommit=15
2021-10-05 01:20:17,400 [grpc-default-executor-10] INFO  leader.FollowerInfo (FollowerInfoImpl.java:lambda$new$0(46)) - omNode-2@group-523986131536->omNode-1: nextIndex: updateUnconditionally 31 -> 16
2021-10-05 01:20:17,902 [grpc-default-executor-10] INFO  server.RaftServer$Division (RaftServerImpl.java:checkInconsistentAppendEntries(1319)) - omNode-1@group-523986131536: Failed appendEntries as previous log entry ((t:8, i:30)) is not found
2021-10-05 01:20:17,902 [grpc-default-executor-10] INFO  server.RaftServer$Division (RaftServerImpl.java:checkInconsistentAppendEntries(1285)) - omNode-1@group-523986131536: inconsistency entries. Reply:omNode-2<-omNode-1#10962:FAIL-t8,INCONSISTENCY,nextIndex=16,followerCommit=15
2021-10-05 01:20:17,903 [grpc-default-executor-10] INFO  leader.FollowerInfo (FollowerInfoImpl.java:lambda$new$0(46)) - omNode-2@group-523986131536->omNode-1: nextIndex: updateUnconditionally 31 -> 16
2021-10-05 01:20:18,404 [grpc-default-executor-10] INFO  server.RaftServer$Division (RaftServerImpl.java:checkInconsistentAppendEntries(1319)) - omNode-1@group-523986131536: Failed appendEntries as previous log entry ((t:8, i:30)) is not found
2021-10-05 01:20:18,404 [grpc-default-executor-10] INFO  server.RaftServer$Division (RaftServerImpl.java:checkInconsistentAppendEntries(1285)) - omNode-1@group-523986131536: inconsistency entries. Reply:omNode-2<-omNode-1#11013:FAIL-t8,INCONSISTENCY,nextIndex=16,followerCommit=15
2021-10-05 01:20:18,405 [grpc-default-executor-10] INFO  leader.FollowerInfo (FollowerInfoImpl.java:lambda$new$0(46)) - omNode-2@group-523986131536->omNode-1: nextIndex: updateUnconditionally 31 -> 16
2021-10-05 01:20:18,906 [grpc-default-executor-6] INFO  server.RaftServer$Division (RaftServerImpl.java:checkInconsistentAppendEntries(1319)) - omNode-1@group-523986131536: Failed appendEntries as previous log entry ((t:8, i:30)) is not found
2021-10-05 01:20:18,907 [grpc-default-executor-6] INFO  server.RaftServer$Division (RaftServerImpl.java:checkInconsistentAppendEntries(1285)) - omNode-1@group-523986131536: inconsistency entries. Reply:omNode-2<-omNode-1#11064:FAIL-t8,INCONSISTENCY,nextIndex=16,followerCommit=15
2021-10-05 01:20:18,907 [grpc-default-executor-6] INFO  leader.FollowerInfo (FollowerInfoImpl.java:lambda$new$0(46)) - omNode-2@group-523986131536->omNode-1: nextIndex: updateUnconditionally 31 -> 16
2021-10-05 01:20:19,408 [grpc-default-executor-6] INFO  server.RaftServer$Division (RaftServerImpl.java:checkInconsistentAppendEntries(1319)) - omNode-1@group-523986131536: Failed appendEntries as previous log entry ((t:8, i:30)) is not found
2021-10-05 01:20:19,409 [grpc-default-executor-6] INFO  server.RaftServer$Division (RaftServerImpl.java:checkInconsistentAppendEntries(1285)) - omNode-1@group-523986131536: inconsistency entries. Reply:omNode-2<-omNode-1#11115:FAIL-t8,INCONSISTENCY,nextIndex=16,followerCommit=15
2021-10-05 01:20:19,409 [grpc-default-executor-6] INFO  leader.FollowerInfo (FollowerInfoImpl.java:lambda$new$0(46)) - omNode-2@group-523986131536->omNode-1: nextIndex: updateUnconditionally 31 -> 16
2021-10-05 01:20:19,911 [grpc-default-executor-6] INFO  server.RaftServer$Division (RaftServerImpl.java:checkInconsistentAppendEntries(1319)) - omNode-1@group-523986131536: Failed appendEntries as previous log entry ((t:8, i:30)) is not found
2021-10-05 01:20:19,912 [grpc-default-executor-6] INFO  server.RaftServer$Division (RaftServerImpl.java:checkInconsistentAppendEntries(1285)) - omNode-1@group-523986131536: inconsistency entries. Reply:omNode-2<-omNode-1#11166:FAIL-t8,INCONSISTENCY,nextIndex=16,followerCommit=15
2021-10-05 01:20:19,912 [grpc-default-executor-6] INFO  leader.FollowerInfo (FollowerInfoImpl.java:lambda$new$0(46)) - omNode-2@group-523986131536->omNode-1: nextIndex: updateUnconditionally 31 -> 16
2021-10-05 01:20:20,415 [grpc-default-executor-6] INFO  server.RaftServer$Division (RaftServerImpl.java:checkInconsistentAppendEntries(1319)) - omNode-1@group-523986131536: Failed appendEntries as previous log entry ((t:8, i:30)) is not found
2021-10-05 01:20:20,415 [grpc-default-executor-6] INFO  server.RaftServer$Division (RaftServerImpl.java:checkInconsistentAppendEntries(1285)) - omNode-1@group-523986131536: inconsistency entries. Reply:omNode-2<-omNode-1#11217:FAIL-t8,INCONSISTENCY,nextIndex=16,followerCommit=15
2021-10-05 01:20:20,415 [grpc-default-executor-6] INFO  leader.FollowerInfo (FollowerInfoImpl.java:lambda$new$0(46)) - omNode-2@group-523986131536->omNode-1: nextIndex: updateUnconditionally 31 -> 16
2021-10-05 01:20:20,917 [grpc-default-executor-6] INFO  server.RaftServer$Division (RaftServerImpl.java:checkInconsistentAppendEntries(1319)) - omNode-1@group-523986131536: Failed appendEntries as previous log entry ((t:8, i:30)) is not found
2021-10-05 01:20:20,917 [grpc-default-executor-6] INFO  server.RaftServer$Division (RaftServerImpl.java:checkInconsistentAppendEntries(1285)) - omNode-1@group-523986131536: inconsistency entries. Reply:omNode-2<-omNode-1#11268:FAIL-t8,INCONSISTENCY,nextIndex=16,followerCommit=15
2021-10-05 01:20:20,918 [grpc-default-executor-6] INFO  leader.FollowerInfo (FollowerInfoImpl.java:lambda$new$0(46)) - omNode-2@group-523986131536->omNode-1: nextIndex: updateUnconditionally 31 -> 16
2021-10-05 01:20:21,420 [grpc-default-executor-10] INFO  server.RaftServer$Division (RaftServerImpl.java:checkInconsistentAppendEntries(1319)) - omNode-1@group-523986131536: Failed appendEntries as previous log entry ((t:8, i:30)) is not found
2021-10-05 01:20:21,420 [grpc-default-executor-10] INFO  server.RaftServer$Division (RaftServerImpl.java:checkInconsistentAppendEntries(1285)) - omNode-1@group-523986131536: inconsistency entries. Reply:omNode-2<-omNode-1#11319:FAIL-t8,INCONSISTENCY,nextIndex=16,followerCommit=15
2021-10-05 01:20:21,420 [grpc-default-executor-10] INFO  leader.FollowerInfo (FollowerInfoImpl.java:lambda$new$0(46)) - omNode-2@group-523986131536->omNode-1: nextIndex: updateUnconditionally 31 -> 16
2021-10-05 01:20:21,922 [grpc-default-executor-10] INFO  server.RaftServer$Division (RaftServerImpl.java:checkInconsistentAppendEntries(1319)) - omNode-1@group-523986131536: Failed appendEntries as previous log entry ((t:8, i:30)) is not found
2021-10-05 01:20:21,922 [grpc-default-executor-10] INFO  server.RaftServer$Division (RaftServerImpl.java:checkInconsistentAppendEntries(1285)) - omNode-1@group-523986131536: inconsistency entries. Reply:omNode-2<-omNode-1#11370:FAIL-t8,INCONSISTENCY,nextIndex=16,followerCommit=15
2021-10-05 01:20:21,923 [grpc-default-executor-10] INFO  leader.FollowerInfo (FollowerInfoImpl.java:lambda$new$0(46)) - omNode-2@group-523986131536->omNode-1: nextIndex: updateUnconditionally 31 -> 16
2021-10-05 01:20:22,425 [grpc-default-executor-10] INFO  server.RaftServer$Division (RaftServerImpl.java:checkInconsistentAppendEntries(1319)) - omNode-1@group-523986131536: Failed appendEntries as previous log entry ((t:8, i:30)) is not found
2021-10-05 01:20:22,425 [grpc-default-executor-10] INFO  server.RaftServer$Division (RaftServerImpl.java:checkInconsistentAppendEntries(1285)) - omNode-1@group-523986131536: inconsistency entries. Reply:omNode-2<-omNode-1#11421:FAIL-t8,INCONSISTENCY,nextIndex=16,followerCommit=15
2021-10-05 01:20:22,426 [grpc-default-executor-10] INFO  leader.FollowerInfo (FollowerInfoImpl.java:lambda$new$0(46)) - omNode-2@group-523986131536->omNode-1: nextIndex: updateUnconditionally 31 -> 16
2021-10-05 01:20:22,927 [grpc-default-executor-10] INFO  server.RaftServer$Division (RaftServerImpl.java:checkInconsistentAppendEntries(1319)) - omNode-1@group-523986131536: Failed appendEntries as previous log entry ((t:8, i:30)) is not found
2021-10-05 01:20:22,927 [grpc-default-executor-10] INFO  server.RaftServer$Division (RaftServerImpl.java:checkInconsistentAppendEntries(1285)) - omNode-1@group-523986131536: inconsistency entries. Reply:omNode-2<-omNode-1#11472:FAIL-t8,INCONSISTENCY,nextIndex=16,followerCommit=15
2021-10-05 01:20:22,928 [grpc-default-executor-10] INFO  leader.FollowerInfo (FollowerInfoImpl.java:lambda$new$0(46)) - omNode-2@group-523986131536->omNode-1: nextIndex: updateUnconditionally 31 -> 16
2021-10-05 01:20:23,430 [grpc-default-executor-10] INFO  server.RaftServer$Division (RaftServerImpl.java:checkInconsistentAppendEntries(1319)) - omNode-1@group-523986131536: Failed appendEntries as previous log entry ((t:8, i:30)) is not found
2021-10-05 01:20:23,430 [grpc-default-executor-10] INFO  server.RaftServer$Division (RaftServerImpl.java:checkInconsistentAppendEntries(1285)) - omNode-1@group-523986131536: inconsistency entries. Reply:omNode-2<-omNode-1#11523:FAIL-t8,INCONSISTENCY,nextIndex=16,followerCommit=15
2021-10-05 01:20:23,430 [grpc-default-executor-10] INFO  leader.FollowerInfo (FollowerInfoImpl.java:lambda$new$0(46)) - omNode-2@group-523986131536->omNode-1: nextIndex: updateUnconditionally 31 -> 16
2021-10-05 01:20:23,932 [grpc-default-executor-10] INFO  server.RaftServer$Division (RaftServerImpl.java:checkInconsistentAppendEntries(1319)) - omNode-1@group-523986131536: Failed appendEntries as previous log entry ((t:8, i:30)) is not found
2021-10-05 01:20:23,933 [grpc-default-executor-10] INFO  server.RaftServer$Division (RaftServerImpl.java:checkInconsistentAppendEntries(1285)) - omNode-1@group-523986131536: inconsistency entries. Reply:omNode-2<-omNode-1#11574:FAIL-t8,INCONSISTENCY,nextIndex=16,followerCommit=15
2021-10-05 01:20:23,933 [grpc-default-executor-10] INFO  leader.FollowerInfo (FollowerInfoImpl.java:lambda$new$0(46)) - omNode-2@group-523986131536->omNode-1: nextIndex: updateUnconditionally 31 -> 16
2021-10-05 01:20:24,435 [grpc-default-executor-10] INFO  server.RaftServer$Division (RaftServerImpl.java:checkInconsistentAppendEntries(1319)) - omNode-1@group-523986131536: Failed appendEntries as previous log entry ((t:8, i:30)) is not found
2021-10-05 01:20:24,436 [grpc-default-executor-10] INFO  server.RaftServer$Division (RaftServerImpl.java:checkInconsistentAppendEntries(1285)) - omNode-1@group-523986131536: inconsistency entries. Reply:omNode-2<-omNode-1#11625:FAIL-t8,INCONSISTENCY,nextIndex=16,followerCommit=15
2021-10-05 01:20:24,436 [grpc-default-executor-10] INFO  leader.FollowerInfo (FollowerInfoImpl.java:lambda$new$0(46)) - omNode-2@group-523986131536->omNode-1: nextIndex: updateUnconditionally 31 -> 16
2021-10-05 01:20:24,938 [grpc-default-executor-10] INFO  server.RaftServer$Division (RaftServerImpl.java:checkInconsistentAppendEntries(1319)) - omNode-1@group-523986131536: Failed appendEntries as previous log entry ((t:8, i:30)) is not found
2021-10-05 01:20:24,938 [grpc-default-executor-10] INFO  server.RaftServer$Division (RaftServerImpl.java:checkInconsistentAppendEntries(1285)) - omNode-1@group-523986131536: inconsistency entries. Reply:omNode-2<-omNode-1#11676:FAIL-t8,INCONSISTENCY,nextIndex=16,followerCommit=15
2021-10-05 01:20:24,939 [grpc-default-executor-10] INFO  leader.FollowerInfo (FollowerInfoImpl.java:lambda$new$0(46)) - omNode-2@group-523986131536->omNode-1: nextIndex: updateUnconditionally 31 -> 16
2021-10-05 01:20:25,440 [grpc-default-executor-10] INFO  server.RaftServer$Division (RaftServerImpl.java:checkInconsistentAppendEntries(1319)) - omNode-1@group-523986131536: Failed appendEntries as previous log entry ((t:8, i:30)) is not found
2021-10-05 01:20:25,440 [grpc-default-executor-10] INFO  server.RaftServer$Division (RaftServerImpl.java:checkInconsistentAppendEntries(1285)) - omNode-1@group-523986131536: inconsistency entries. Reply:omNode-2<-omNode-1#11727:FAIL-t8,INCONSISTENCY,nextIndex=16,followerCommit=15
2021-10-05 01:20:25,441 [grpc-default-executor-10] INFO  leader.FollowerInfo (FollowerInfoImpl.java:lambda$new$0(46)) - omNode-2@group-523986131536->omNode-1: nextIndex: updateUnconditionally 31 -> 16
2021-10-05 01:20:25,942 [grpc-default-executor-10] INFO  server.RaftServer$Division (RaftServerImpl.java:checkInconsistentAppendEntries(1319)) - omNode-1@group-523986131536: Failed appendEntries as previous log entry ((t:8, i:30)) is not found
2021-10-05 01:20:25,942 [grpc-default-executor-10] INFO  server.RaftServer$Division (RaftServerImpl.java:checkInconsistentAppendEntries(1285)) - omNode-1@group-523986131536: inconsistency entries. Reply:omNode-2<-omNode-1#11778:FAIL-t8,INCONSISTENCY,nextIndex=16,followerCommit=15
2021-10-05 01:20:25,943 [grpc-default-executor-10] INFO  leader.FollowerInfo (FollowerInfoImpl.java:lambda$new$0(46)) - omNode-2@group-523986131536->omNode-1: nextIndex: updateUnconditionally 31 -> 16
2021-10-05 01:20:26,444 [grpc-default-executor-6] INFO  server.RaftServer$Division (RaftServerImpl.java:checkInconsistentAppendEntries(1319)) - omNode-1@group-523986131536: Failed appendEntries as previous log entry ((t:8, i:30)) is not found
2021-10-05 01:20:26,444 [grpc-default-executor-6] INFO  server.RaftServer$Division (RaftServerImpl.java:checkInconsistentAppendEntries(1285)) - omNode-1@group-523986131536: inconsistency entries. Reply:omNode-2<-omNode-1#11829:FAIL-t8,INCONSISTENCY,nextIndex=16,followerCommit=15
2021-10-05 01:20:26,445 [grpc-default-executor-6] INFO  leader.FollowerInfo (FollowerInfoImpl.java:lambda$new$0(46)) - omNode-2@group-523986131536->omNode-1: nextIndex: updateUnconditionally 31 -> 16
2021-10-05 01:20:26,947 [grpc-default-executor-6] INFO  server.RaftServer$Division (RaftServerImpl.java:checkInconsistentAppendEntries(1319)) - omNode-1@group-523986131536: Failed appendEntries as previous log entry ((t:8, i:30)) is not found
2021-10-05 01:20:26,947 [grpc-default-executor-6] INFO  server.RaftServer$Division (RaftServerImpl.java:checkInconsistentAppendEntries(1285)) - omNode-1@group-523986131536: inconsistency entries. Reply:omNode-2<-omNode-1#11880:FAIL-t8,INCONSISTENCY,nextIndex=16,followerCommit=15
2021-10-05 01:20:26,948 [grpc-default-executor-6] INFO  leader.FollowerInfo (FollowerInfoImpl.java:lambda$new$0(46)) - omNode-2@group-523986131536->omNode-1: nextIndex: updateUnconditionally 31 -> 16
2021-10-05 01:20:27,450 [grpc-default-executor-6] INFO  server.RaftServer$Division (RaftServerImpl.java:checkInconsistentAppendEntries(1319)) - omNode-1@group-523986131536: Failed appendEntries as previous log entry ((t:8, i:30)) is not found
2021-10-05 01:20:27,450 [grpc-default-executor-6] INFO  server.RaftServer$Division (RaftServerImpl.java:checkInconsistentAppendEntries(1285)) - omNode-1@group-523986131536: inconsistency entries. Reply:omNode-2<-omNode-1#11931:FAIL-t8,INCONSISTENCY,nextIndex=16,followerCommit=15
2021-10-05 01:20:27,450 [grpc-default-executor-6] INFO  leader.FollowerInfo (FollowerInfoImpl.java:lambda$new$0(46)) - omNode-2@group-523986131536->omNode-1: nextIndex: updateUnconditionally 31 -> 16
2021-10-05 01:20:27,953 [grpc-default-executor-6] INFO  server.RaftServer$Division (RaftServerImpl.java:checkInconsistentAppendEntries(1319)) - omNode-1@group-523986131536: Failed appendEntries as previous log entry ((t:8, i:30)) is not found
2021-10-05 01:20:27,953 [grpc-default-executor-6] INFO  server.RaftServer$Division (RaftServerImpl.java:checkInconsistentAppendEntries(1285)) - omNode-1@group-523986131536: inconsistency entries. Reply:omNode-2<-omNode-1#11982:FAIL-t8,INCONSISTENCY,nextIndex=16,followerCommit=15
2021-10-05 01:20:27,953 [grpc-default-executor-6] INFO  leader.FollowerInfo (FollowerInfoImpl.java:lambda$new$0(46)) - omNode-2@group-523986131536->omNode-1: nextIndex: updateUnconditionally 31 -> 16
2021-10-05 01:20:28,455 [grpc-default-executor-6] INFO  server.RaftServer$Division (RaftServerImpl.java:checkInconsistentAppendEntries(1319)) - omNode-1@group-523986131536: Failed appendEntries as previous log entry ((t:8, i:30)) is not found
2021-10-05 01:20:28,455 [grpc-default-executor-6] INFO  server.RaftServer$Division (RaftServerImpl.java:checkInconsistentAppendEntries(1285)) - omNode-1@group-523986131536: inconsistency entries. Reply:omNode-2<-omNode-1#12033:FAIL-t8,INCONSISTENCY,nextIndex=16,followerCommit=15
2021-10-05 01:20:28,455 [grpc-default-executor-6] INFO  leader.FollowerInfo (FollowerInfoImpl.java:lambda$new$0(46)) - omNode-2@group-523986131536->omNode-1: nextIndex: updateUnconditionally 31 -> 16
2021-10-05 01:20:28,958 [grpc-default-executor-6] INFO  server.RaftServer$Division (RaftServerImpl.java:checkInconsistentAppendEntries(1319)) - omNode-1@group-523986131536: Failed appendEntries as previous log entry ((t:8, i:30)) is not found
2021-10-05 01:20:28,958 [grpc-default-executor-6] INFO  server.RaftServer$Division (RaftServerImpl.java:checkInconsistentAppendEntries(1285)) - omNode-1@group-523986131536: inconsistency entries. Reply:omNode-2<-omNode-1#12084:FAIL-t8,INCONSISTENCY,nextIndex=16,followerCommit=15
2021-10-05 01:20:28,958 [grpc-default-executor-6] INFO  leader.FollowerInfo (FollowerInfoImpl.java:lambda$new$0(46)) - omNode-2@group-523986131536->omNode-1: nextIndex: updateUnconditionally 31 -> 16
2021-10-05 01:20:29,460 [grpc-default-executor-6] INFO  server.RaftServer$Division (RaftServerImpl.java:checkInconsistentAppendEntries(1319)) - omNode-1@group-523986131536: Failed appendEntries as previous log entry ((t:8, i:30)) is not found
2021-10-05 01:20:29,461 [grpc-default-executor-6] INFO  server.RaftServer$Division (RaftServerImpl.java:checkInconsistentAppendEntries(1285)) - omNode-1@group-523986131536: inconsistency entries. Reply:omNode-2<-omNode-1#12135:FAIL-t8,INCONSISTENCY,nextIndex=16,followerCommit=15
2021-10-05 01:20:29,461 [grpc-default-executor-6] INFO  leader.FollowerInfo (FollowerInfoImpl.java:lambda$new$0(46)) - omNode-2@group-523986131536->omNode-1: nextIndex: updateUnconditionally 31 -> 16
2021-10-05 01:20:29,962 [grpc-default-executor-6] INFO  server.RaftServer$Division (RaftServerImpl.java:checkInconsistentAppendEntries(1319)) - omNode-1@group-523986131536: Failed appendEntries as previous log entry ((t:8, i:30)) is not found
2021-10-05 01:20:29,963 [grpc-default-executor-6] INFO  server.RaftServer$Division (RaftServerImpl.java:checkInconsistentAppendEntries(1285)) - omNode-1@group-523986131536: inconsistency entries. Reply:omNode-2<-omNode-1#12186:FAIL-t8,INCONSISTENCY,nextIndex=16,followerCommit=15
2021-10-05 01:20:29,963 [grpc-default-executor-6] INFO  leader.FollowerInfo (FollowerInfoImpl.java:lambda$new$0(46)) - omNode-2@group-523986131536->omNode-1: nextIndex: updateUnconditionally 31 -> 16
2021-10-05 01:20:30,465 [grpc-default-executor-6] INFO  server.RaftServer$Division (RaftServerImpl.java:checkInconsistentAppendEntries(1319)) - omNode-1@group-523986131536: Failed appendEntries as previous log entry ((t:8, i:30)) is not found
2021-10-05 01:20:30,465 [grpc-default-executor-6] INFO  server.RaftServer$Division (RaftServerImpl.java:checkInconsistentAppendEntries(1285)) - omNode-1@group-523986131536: inconsistency entries. Reply:omNode-2<-omNode-1#12237:FAIL-t8,INCONSISTENCY,nextIndex=16,followerCommit=15
2021-10-05 01:20:30,466 [grpc-default-executor-6] INFO  leader.FollowerInfo (FollowerInfoImpl.java:lambda$new$0(46)) - omNode-2@group-523986131536->omNode-1: nextIndex: updateUnconditionally 31 -> 16
2021-10-05 01:20:30,967 [grpc-default-executor-6] INFO  server.RaftServer$Division (RaftServerImpl.java:checkInconsistentAppendEntries(1319)) - omNode-1@group-523986131536: Failed appendEntries as previous log entry ((t:8, i:30)) is not found
2021-10-05 01:20:30,967 [grpc-default-executor-6] INFO  server.RaftServer$Division (RaftServerImpl.java:checkInconsistentAppendEntries(1285)) - omNode-1@group-523986131536: inconsistency entries. Reply:omNode-2<-omNode-1#12288:FAIL-t8,INCONSISTENCY,nextIndex=16,followerCommit=15
2021-10-05 01:20:30,968 [grpc-default-executor-6] INFO  leader.FollowerInfo (FollowerInfoImpl.java:lambda$new$0(46)) - omNode-2@group-523986131536->omNode-1: nextIndex: updateUnconditionally 31 -> 16
2021-10-05 01:20:31,470 [grpc-default-executor-6] INFO  server.RaftServer$Division (RaftServerImpl.java:checkInconsistentAppendEntries(1319)) - omNode-1@group-523986131536: Failed appendEntries as previous log entry ((t:8, i:30)) is not found
2021-10-05 01:20:31,470 [grpc-default-executor-6] INFO  server.RaftServer$Division (RaftServerImpl.java:checkInconsistentAppendEntries(1285)) - omNode-1@group-523986131536: inconsistency entries. Reply:omNode-2<-omNode-1#12339:FAIL-t8,INCONSISTENCY,nextIndex=16,followerCommit=15
2021-10-05 01:20:31,470 [grpc-default-executor-6] INFO  leader.FollowerInfo (FollowerInfoImpl.java:lambda$new$0(46)) - omNode-2@group-523986131536->omNode-1: nextIndex: updateUnconditionally 31 -> 16
2021-10-05 01:20:31,934 [Time-limited test] INFO  om.OzoneManager (OzoneManager.java:stop(1644)) - Stopping Ozone Manager
2021-10-05 01:20:31,934 [Time-limited test] INFO  ipc.Server (Server.java:stop(3414)) - Stopping server on 10888
2021-10-05 01:20:31,939 [IPC Server Responder] INFO  ipc.Server (Server.java:run(1512)) - Stopping IPC Server Responder
2021-10-05 01:20:31,939 [IPC Server listener on 10888] INFO  ipc.Server (Server.java:run(1376)) - Stopping IPC Server listener on 10888
2021-10-05 01:20:31,939 [Time-limited test] INFO  server.RaftServer (RaftServerProxy.java:lambda$close$6(391)) - omNode-3: close
2021-10-05 01:20:31,939 [Time-limited test] INFO  server.RaftServer$Division (RaftServerImpl.java:lambda$close$4(407)) - omNode-3@group-523986131536: shutdown
2021-10-05 01:20:31,941 [Time-limited test] INFO  util.JmxRegister (JmxRegister.java:unregister(73)) - Successfully un-registered JMX Bean with object name Ratis:service=RaftServer,group=group-523986131536,id=omNode-3
2021-10-05 01:20:31,941 [Time-limited test] INFO  impl.RoleInfo (RoleInfo.java:shutdownFollowerState(108)) - omNode-3: shutdown omNode-3@group-523986131536-FollowerState
2021-10-05 01:20:31,941 [Time-limited test] INFO  impl.StateMachineUpdater (StateMachineUpdater.java:stopAndJoin(149)) - omNode-3@group-523986131536-StateMachineUpdater: set stopIndex = 30
2021-10-05 01:20:31,941 [omNode-3@group-523986131536-FollowerState] INFO  impl.FollowerState (FollowerState.java:run(143)) - omNode-3@group-523986131536-FollowerState was interrupted: {}
java.lang.InterruptedException: sleep interrupted
	at java.lang.Thread.sleep(Native Method)
	at java.lang.Thread.sleep(Thread.java:340)
	at java.util.concurrent.TimeUnit.sleep(TimeUnit.java:386)
	at org.apache.ratis.util.TimeDuration.sleep(TimeDuration.java:324)
	at org.apache.ratis.util.TimeDuration.sleep(TimeDuration.java:309)
	at org.apache.ratis.server.impl.FollowerState.run(FollowerState.java:118)
2021-10-05 01:20:31,941 [omNode-3@group-523986131536-StateMachineUpdater] INFO  ratis.OzoneManagerStateMachine (OzoneManagerStateMachine.java:takeSnapshot(417)) - Current Snapshot Index (t:8, i:30)
2021-10-05 01:20:31,942 [omNode-3@group-523986131536-StateMachineUpdater] INFO  impl.StateMachineUpdater (StateMachineUpdater.java:takeSnapshot(281)) - omNode-3@group-523986131536-StateMachineUpdater: Took a snapshot at index 30
2021-10-05 01:20:31,942 [omNode-3@group-523986131536-StateMachineUpdater] INFO  impl.StateMachineUpdater (StateMachineUpdater.java:lambda$new$0(89)) - omNode-3@group-523986131536-StateMachineUpdater: snapshotIndex: updateIncreasingly 25 -> 30
2021-10-05 01:20:31,942 [omNode-3@group-523986131536-StateMachineUpdater] INFO  ratis.OzoneManagerStateMachine (OzoneManagerStateMachine.java:close(471)) - StateMachine has shutdown. Shutdown OzoneManager if not already shutdown.
2021-10-05 01:20:31,942 [Time-limited test] INFO  server.RaftServer$Division (ServerState.java:close(419)) - omNode-3@group-523986131536: closes. applyIndex: 30
2021-10-05 01:20:31,945 [omNode-3@group-523986131536-SegmentedRaftLogWorker] INFO  segmented.SegmentedRaftLogWorker (SegmentedRaftLogWorker.java:run(327)) - omNode-3@group-523986131536-SegmentedRaftLogWorker was interrupted, exiting. There are 0 tasks remaining in the queue.
2021-10-05 01:20:31,948 [Time-limited test] INFO  segmented.SegmentedRaftLogWorker (SegmentedRaftLogWorker.java:close(237)) - omNode-3@group-523986131536-SegmentedRaftLogWorker close()
2021-10-05 01:20:31,951 [Time-limited test] INFO  server.GrpcService (GrpcService.java:closeImpl(262)) - omNode-3: shutdown server with port 10892 now
2021-10-05 01:20:31,952 [grpc-default-executor-10] WARN  server.GrpcServerProtocolService (LogUtils.java:warn(122)) - omNode-3: installSnapshot onError, lastRequest: omNode-2->omNode-3#63-t8,previous=(t:8, i:29),leaderCommit=29,initializing? true,entries: size=1, first=(t:8, i:30), METADATAENTRY(c:29): org.apache.ratis.thirdparty.io.grpc.StatusRuntimeException: CANCELLED: client cancelled
2021-10-05 01:20:31,957 [grpc-default-executor-10] WARN  server.GrpcLogAppender (LogUtils.java:warn(122)) - omNode-2@group-523986131536->omNode-3-AppendLogResponseHandler: Failed appendEntries: org.apache.ratis.thirdparty.io.grpc.StatusRuntimeException: CANCELLED: HTTP/2 error code: CANCEL
Received Rst Stream
2021-10-05 01:20:31,958 [grpc-default-executor-10] INFO  leader.FollowerInfo (FollowerInfoImpl.java:lambda$new$0(46)) - omNode-2@group-523986131536->omNode-3: nextIndex: updateUnconditionally 31 -> 30
2021-10-05 01:20:31,959 [Time-limited test] INFO  server.GrpcService (GrpcService.java:closeImpl(271)) - omNode-3: shutdown server with port 10892 successfully
2021-10-05 01:20:31,959 [org.apache.ratis.util.JvmPauseMonitor$$Lambda$523/848064357@27cefe31] INFO  util.JvmPauseMonitor (JvmPauseMonitor.java:run(109)) - JvmPauseMonitor-omNode-3: Stopped
2021-10-05 01:20:31,960 [Time-limited test] INFO  ratis.OzoneManagerDoubleBuffer (OzoneManagerDoubleBuffer.java:stop(437)) - Stopping OMDoubleBuffer flush thread
2021-10-05 01:20:31,960 [OMDoubleBufferFlushThread] INFO  ratis.OzoneManagerDoubleBuffer (OzoneManagerDoubleBuffer.java:flushTransactions(356)) - OMDoubleBuffer flush thread OMDoubleBufferFlushThread is interrupted and will exit. OMDoubleBufferFlushThread
2021-10-05 01:20:31,961 [grpc-default-executor-6] WARN  server.GrpcLogAppender (LogUtils.java:warn(122)) - omNode-2@group-523986131536->omNode-3-AppendLogResponseHandler: Failed appendEntries: org.apache.ratis.thirdparty.io.grpc.StatusRuntimeException: UNAVAILABLE: io exception
2021-10-05 01:20:31,961 [grpc-default-executor-6] INFO  leader.FollowerInfo (FollowerInfoImpl.java:lambda$new$0(46)) - omNode-2@group-523986131536->omNode-3: nextIndex: updateUnconditionally 31 -> 30
2021-10-05 01:20:31,963 [Time-limited test] INFO  handler.ContextHandler (ContextHandler.java:doStop(1153)) - Stopped o.e.j.w.WebAppContext@573e4b97{ozoneManager,/,null,STOPPED}{file:/home/runner/work/ozone/ozone/hadoop-ozone/integration-test/target/test-classes/webapps/ozoneManager}
2021-10-05 01:20:31,963 [Time-limited test] INFO  server.AbstractConnector (AbstractConnector.java:doStop(381)) - Stopped ServerConnector@3ee19883{HTTP/1.1, (http/1.1)}{0.0.0.0:10890}
2021-10-05 01:20:31,964 [Time-limited test] INFO  server.session (HouseKeeper.java:stopScavenging(149)) - node0 Stopped scavenging
2021-10-05 01:20:31,964 [Time-limited test] INFO  handler.ContextHandler (ContextHandler.java:doStop(1153)) - Stopped o.e.j.s.ServletContextHandler@69af6551{static,/static,file:///home/runner/work/ozone/ozone/hadoop-ozone/integration-test/target/test-classes/webapps/static,STOPPED}
2021-10-05 01:20:31,964 [Time-limited test] INFO  handler.ContextHandler (ContextHandler.java:doStop(1153)) - Stopped o.e.j.s.ServletContextHandler@43cafc70{logs,/logs,file:///home/runner/work/ozone/ozone/hadoop-ozone/integration-test/target/log,STOPPED}
2021-10-05 01:20:31,966 [Time-limited test] INFO  om.OzoneManager (OzoneManager.java:initFSOLayout(4333)) - Configured ozone.om.metadata.layout=SIMPLE and disabled optimized OM FS operations
2021-10-05 01:20:31,966 [Time-limited test] INFO  om.OzoneManager (OzoneManager.java:restart(1365)) - OzoneManager RPC server is listening at localhost/127.0.0.1:10888
2021-10-05 01:20:31,966 [Time-limited test] INFO  impl.MetricsSystemImpl (MetricsSystemImpl.java:init(158)) - OzoneManager metrics system started (again)
2021-10-05 01:20:31,972 [grpc-default-executor-6] INFO  server.RaftServer$Division (RaftServerImpl.java:checkInconsistentAppendEntries(1319)) - omNode-1@group-523986131536: Failed appendEntries as previous log entry ((t:8, i:30)) is not found
2021-10-05 01:20:31,972 [grpc-default-executor-6] INFO  server.RaftServer$Division (RaftServerImpl.java:checkInconsistentAppendEntries(1285)) - omNode-1@group-523986131536: inconsistency entries. Reply:omNode-2<-omNode-1#12389:FAIL-t8,INCONSISTENCY,nextIndex=16,followerCommit=15
2021-10-05 01:20:31,972 [grpc-default-executor-6] INFO  leader.FollowerInfo (FollowerInfoImpl.java:lambda$new$0(46)) - omNode-2@group-523986131536->omNode-1: nextIndex: updateUnconditionally 31 -> 16
2021-10-05 01:20:31,984 [Time-limited test] WARN  server.ServerUtils (ServerUtils.java:getDBPath(225)) - ozone.om.db.dirs is not configured. We recommend adding this setting. Falling back to ozone.metadata.dirs instead.
2021-10-05 01:20:31,985 [Time-limited test] INFO  codec.OmKeyInfoCodec (OmKeyInfoCodec.java:<init>(51)) - OmKeyInfoCodec ignorePipeline = true
2021-10-05 01:20:31,985 [Time-limited test] INFO  codec.RepeatedOmKeyInfoCodec (RepeatedOmKeyInfoCodec.java:<init>(42)) - RepeatedOmKeyInfoCodec ignorePipeline = true
2021-10-05 01:20:32,026 [Time-limited test] WARN  impl.MetricRegistriesImpl (MetricRegistriesImpl.java:addReporterRegistration(111)) - New reporters are added after registries were created. Some metrics will be missing from the reporter. Please add reporter before adding any new registry.
2021-10-05 01:20:32,026 [Time-limited test] WARN  impl.MetricRegistriesImpl (MetricRegistriesImpl.java:addReporterRegistration(111)) - New reporters are added after registries were created. Some metrics will be missing from the reporter. Please add reporter before adding any new registry.
2021-10-05 01:20:32,026 [Time-limited test] WARN  server.ServerUtils (ServerUtils.java:getDefaultRatisDirectory(237)) - Storage directory for Ratis is not configured. It is a good idea to map this to an SSD disk. Falling back to ozone.metadata.dirs
2021-10-05 01:20:32,029 [Time-limited test] INFO  ratis.OzoneManagerRatisServer (OzoneManagerRatisServer.java:<init>(158)) - Instantiating OM Ratis server with groupID: om-service-test1 and peers: localhost:10892, localhost:10880, localhost:10886
2021-10-05 01:20:32,029 [Time-limited test] INFO  ratis.OzoneManagerStateMachine (OzoneManagerStateMachine.java:loadSnapshotInfoFromDB(605)) - LastAppliedIndex is set from TransactionInfo from OM DB as (t:8, i:30)
2021-10-05 01:20:32,029 [Time-limited test] INFO  server.RaftServer (ConfUtils.java:logGet(44)) - raft.rpc.type = GRPC (default)
2021-10-05 01:20:32,030 [Time-limited test] INFO  grpc.GrpcFactory (GrpcFactory.java:checkPooledByteBufAllocatorUseCacheForAllThreads(48)) - PERFORMANCE WARNING: useCacheForAllThreads is true that may cause Netty to create a lot garbage objects and, as a result, trigger GC.
	It is recommended to disable useCacheForAllThreads by setting -Dorg.apache.ratis.thirdparty.io.netty.allocator.useCacheForAllThreads=false in command line.
2021-10-05 01:20:32,030 [Time-limited test] INFO  grpc.GrpcConfigKeys (ConfUtils.java:logGet(44)) - raft.grpc.admin.port = -1 (default)
2021-10-05 01:20:32,030 [Time-limited test] INFO  grpc.GrpcConfigKeys (ConfUtils.java:logGet(44)) - raft.grpc.server.port = 10892 (custom)
2021-10-05 01:20:32,030 [Time-limited test] INFO  grpc.GrpcConfigKeys (ConfUtils.java:logGet(44)) - raft.grpc.client.port = -1 (default)
2021-10-05 01:20:32,030 [Time-limited test] INFO  grpc.GrpcConfigKeys (ConfUtils.java:logGet(44)) - raft.grpc.server.port = 10892 (custom)
2021-10-05 01:20:32,030 [Time-limited test] INFO  grpc.GrpcConfigKeys (ConfUtils.java:logGet(44)) - raft.grpc.server.port = 10892 (custom)
2021-10-05 01:20:32,030 [Time-limited test] INFO  server.GrpcService (ConfUtils.java:logGet(44)) - raft.grpc.message.size.max = 33554432 (custom)
2021-10-05 01:20:32,030 [Time-limited test] INFO  server.RaftServerConfigKeys (ConfUtils.java:logGet(44)) - raft.server.log.appender.buffer.byte-limit = 33554432 (custom)
2021-10-05 01:20:32,031 [Time-limited test] INFO  server.GrpcService (ConfUtils.java:logGet(44)) - raft.grpc.flow.control.window = 1MB (=1048576) (default)
2021-10-05 01:20:32,031 [Time-limited test] INFO  server.RaftServerConfigKeys (ConfUtils.java:logGet(44)) - raft.server.rpc.request.timeout = 3000ms (default)
2021-10-05 01:20:32,032 [Time-limited test] INFO  impl.DataStreamServerImpl (ConfUtils.java:logGet(44)) - raft.datastream.type = DISABLED (default)
2021-10-05 01:20:32,033 [Time-limited test] INFO  server.RaftServerConfigKeys (ConfUtils.java:logGet(44)) - raft.server.rpc.slowness.timeout = 2s (custom)
2021-10-05 01:20:32,033 [Time-limited test] INFO  server.RaftServerConfigKeys (ConfUtils.java:logGet(44)) - raft.server.leaderelection.leader.step-down.wait-time = 10s (default)
2021-10-05 01:20:32,033 [Time-limited test] INFO  server.RaftServerConfigKeys (ConfUtils.java:logGet(44)) - raft.server.storage.dir = [/home/runner/work/ozone/ozone/hadoop-ozone/integration-test/target/test-dir/MiniOzoneClusterImpl-46302e84-7680-4986-b584-895fe31d4053/omNode-3/ratis] (custom)
2021-10-05 01:20:32,033 [Time-limited test] INFO  server.RaftServer (RaftServerProxy.java:lambda$null$1(235)) - omNode-3: found a subdirectory /home/runner/work/ozone/ozone/hadoop-ozone/integration-test/target/test-dir/MiniOzoneClusterImpl-46302e84-7680-4986-b584-895fe31d4053/omNode-3/ratis/c9bc4cf4-3bc3-3c60-a66b-523986131536
2021-10-05 01:20:32,034 [Time-limited test] INFO  server.RaftServer (RaftServerProxy.java:addNew(95)) - omNode-3: addNew group-523986131536:[omNode-3|rpc:localhost:10892|priority:0, omNode-1|rpc:localhost:10880|priority:0, omNode-2|rpc:localhost:10886|priority:0] returns group-523986131536:java.util.concurrent.CompletableFuture@2b29dd8d[Not completed]
2021-10-05 01:20:32,034 [Time-limited test] INFO  om.OzoneManager (OzoneManager.java:initializeRatisServer(1585)) - OzoneManager Ratis server initialized at port 10892
2021-10-05 01:20:32,034 [Time-limited test] INFO  ratis.OzoneManagerRatisServer (OzoneManagerRatisServer.java:start(516)) - Starting OzoneManagerRatisServer omNode-3 at port 10892
2021-10-05 01:20:32,034 [pool-351-thread-1] INFO  server.RaftServer$Division (RaftServerImpl.java:<init>(181)) - omNode-3: new RaftServerImpl for group-523986131536:[omNode-3|rpc:localhost:10892|priority:0, omNode-1|rpc:localhost:10880|priority:0, omNode-2|rpc:localhost:10886|priority:0] with OzoneManagerStateMachine:uninitialized
2021-10-05 01:20:32,035 [pool-351-thread-1] INFO  server.RaftServerConfigKeys (ConfUtils.java:logGet(44)) - raft.server.rpc.timeout.min = 1s (custom)
2021-10-05 01:20:32,035 [pool-351-thread-1] INFO  server.RaftServerConfigKeys (ConfUtils.java:logGet(44)) - raft.server.rpc.timeout.max = 1200ms (custom)
2021-10-05 01:20:32,035 [pool-351-thread-1] INFO  server.RaftServerConfigKeys (ConfUtils.java:logGet(44)) - raft.server.rpc.sleep.time = 25ms (default)
2021-10-05 01:20:32,035 [pool-351-thread-1] INFO  server.RaftServerConfigKeys (ConfUtils.java:logGet(44)) - raft.server.rpc.slowness.timeout = 2s (custom)
2021-10-05 01:20:32,035 [pool-351-thread-1] INFO  server.RaftServerConfigKeys (ConfUtils.java:logGet(44)) - raft.server.leaderelection.leader.step-down.wait-time = 10s (default)
2021-10-05 01:20:32,035 [pool-351-thread-1] INFO  server.RaftServerConfigKeys (ConfUtils.java:logGet(44)) - raft.server.sleep.deviation.threshold = 300ms (default)
2021-10-05 01:20:32,035 [pool-351-thread-1] INFO  server.RaftServerConfigKeys (ConfUtils.java:logGet(44)) - raft.server.log.appender.install.snapshot.enabled = false (custom)
2021-10-05 01:20:32,035 [pool-351-thread-1] INFO  server.RaftServer$Division (ServerState.java:<init>(105)) - omNode-3@group-523986131536: ConfigurationManager, init=-1: [omNode-3|rpc:localhost:10892|priority:0, omNode-1|rpc:localhost:10880|priority:0, omNode-2|rpc:localhost:10886|priority:0], old=null, confs=<EMPTY_MAP>
2021-10-05 01:20:32,035 [pool-351-thread-1] INFO  server.RaftServerConfigKeys (ConfUtils.java:logGet(44)) - raft.server.storage.dir = [/home/runner/work/ozone/ozone/hadoop-ozone/integration-test/target/test-dir/MiniOzoneClusterImpl-46302e84-7680-4986-b584-895fe31d4053/omNode-3/ratis] (custom)
2021-10-05 01:20:32,035 [pool-351-thread-1] INFO  server.RaftServerConfigKeys (ConfUtils.java:logGet(44)) - raft.server.log.corruption.policy = EXCEPTION (default)
2021-10-05 01:20:32,036 [pool-351-thread-1] INFO  server.RaftServerConfigKeys (ConfUtils.java:logGet(44)) - raft.server.storage.free-space.min = 0MB (=0) (default)
2021-10-05 01:20:32,037 [pool-351-thread-1] INFO  storage.RaftStorageDirectory (RaftStorageDirectoryImpl.java:tryLock(230)) - Lock on /home/runner/work/ozone/ozone/hadoop-ozone/integration-test/target/test-dir/MiniOzoneClusterImpl-46302e84-7680-4986-b584-895fe31d4053/omNode-3/ratis/c9bc4cf4-3bc3-3c60-a66b-523986131536/in_use.lock acquired by nodename 8677@fv-az50-768
2021-10-05 01:20:32,037 [pool-351-thread-1] INFO  storage.RaftStorage (RaftStorageImpl.java:analyzeAndRecoverStorage(110)) - Read RaftStorageMetadata{term=8, votedFor=omNode-2} from /home/runner/work/ozone/ozone/hadoop-ozone/integration-test/target/test-dir/MiniOzoneClusterImpl-46302e84-7680-4986-b584-895fe31d4053/omNode-3/ratis/c9bc4cf4-3bc3-3c60-a66b-523986131536/current/raft-meta
2021-10-05 01:20:32,037 [pool-351-thread-1] INFO  server.RaftServer$Division (ServerState.java:setRaftConf(387)) - omNode-3@group-523986131536: set configuration 27: [omNode-3|rpc:localhost:10892|admin:|client:|dataStream:|priority:0, omNode-1|rpc:localhost:10880|admin:|client:|dataStream:|priority:0, omNode-2|rpc:localhost:10886|admin:|client:|dataStream:|priority:0], old=null
2021-10-05 01:20:32,037 [pool-351-thread-1] INFO  server.RaftServerConfigKeys (ConfUtils.java:logGet(44)) - raft.server.notification.no-leader.timeout = 2s (custom)
2021-10-05 01:20:32,037 [pool-351-thread-1] INFO  server.RaftServerConfigKeys (ConfUtils.java:logGet(44)) - raft.server.log.use.memory = false (default)
2021-10-05 01:20:32,037 [pool-351-thread-1] INFO  server.RaftServerConfigKeys (ConfUtils.java:logGet(44)) - raft.server.log.purge.gap = 50 (custom)
2021-10-05 01:20:32,038 [pool-351-thread-1] INFO  server.RaftServerConfigKeys (ConfUtils.java:logGet(44)) - raft.server.log.appender.buffer.byte-limit = 33554432 (custom)
2021-10-05 01:20:32,038 [pool-351-thread-1] INFO  server.RaftServerConfigKeys (ConfUtils.java:logGet(44)) - raft.server.log.segment.size.max = 4194304 (custom)
2021-10-05 01:20:32,038 [pool-351-thread-1] INFO  server.RaftServerConfigKeys (ConfUtils.java:logGet(44)) - raft.server.log.segment.cache.num.max = 2 (custom)
2021-10-05 01:20:32,038 [pool-351-thread-1] INFO  server.RaftServerConfigKeys (ConfUtils.java:logGet(44)) - raft.server.log.segment.cache.size.max = 200MB (=209715200) (default)
2021-10-05 01:20:32,038 [pool-351-thread-1] INFO  segmented.SegmentedRaftLogWorker (SegmentedRaftLogWorker.java:<init>(182)) - new omNode-3@group-523986131536-SegmentedRaftLogWorker for RaftStorageImpl:Storage Directory /home/runner/work/ozone/ozone/hadoop-ozone/integration-test/target/test-dir/MiniOzoneClusterImpl-46302e84-7680-4986-b584-895fe31d4053/omNode-3/ratis/c9bc4cf4-3bc3-3c60-a66b-523986131536
2021-10-05 01:20:32,038 [pool-351-thread-1] INFO  server.RaftServerConfigKeys (ConfUtils.java:logGet(44)) - raft.server.log.queue.byte-limit = 64MB (=67108864) (default)
2021-10-05 01:20:32,038 [pool-351-thread-1] INFO  server.RaftServerConfigKeys (ConfUtils.java:logGet(44)) - raft.server.log.queue.element-limit = 4096 (default)
2021-10-05 01:20:32,039 [pool-351-thread-1] INFO  server.RaftServerConfigKeys (ConfUtils.java:logGet(44)) - raft.server.log.segment.size.max = 4194304 (custom)
2021-10-05 01:20:32,039 [pool-351-thread-1] INFO  server.RaftServerConfigKeys (ConfUtils.java:logGet(44)) - raft.server.log.preallocated.size = 4194304 (custom)
2021-10-05 01:20:32,039 [pool-351-thread-1] INFO  server.RaftServerConfigKeys (ConfUtils.java:logGet(44)) - raft.server.log.force.sync.num = 128 (default)
2021-10-05 01:20:32,039 [pool-351-thread-1] INFO  server.RaftServerConfigKeys (ConfUtils.java:logGet(44)) - raft.server.log.statemachine.data.sync = true (default)
2021-10-05 01:20:32,039 [pool-351-thread-1] INFO  server.RaftServerConfigKeys (ConfUtils.java:logGet(44)) - raft.server.log.statemachine.data.sync.timeout = 10s (default)
2021-10-05 01:20:32,039 [pool-351-thread-1] INFO  server.RaftServerConfigKeys (ConfUtils.java:logGet(44)) - raft.server.log.statemachine.data.sync.timeout.retry = -1 (default)
2021-10-05 01:20:32,040 [pool-351-thread-1] INFO  server.RaftServerConfigKeys (ConfUtils.java:logGet(44)) - raft.server.log.write.buffer.size = 64KB (=65536) (default)
2021-10-05 01:20:32,040 [pool-351-thread-1] INFO  server.RaftServerConfigKeys (ConfUtils.java:logGet(44)) - raft.server.log.statemachine.data.caching.enabled = false (default)
2021-10-05 01:20:32,041 [pool-351-thread-1] INFO  server.RaftServer$Division (ServerState.java:setRaftConf(387)) - omNode-3@group-523986131536: set configuration 16: [omNode-3|rpc:localhost:10892|admin:|client:|dataStream:|priority:0, omNode-1|rpc:localhost:10880|admin:|client:|dataStream:|priority:0, omNode-2|rpc:localhost:10886|admin:|client:|dataStream:|priority:0], old=null
2021-10-05 01:20:32,042 [pool-351-thread-1] INFO  segmented.LogSegment (LogSegment.java:loadSegment(173)) - Successfully read 2 entries from segment file /home/runner/work/ozone/ozone/hadoop-ozone/integration-test/target/test-dir/MiniOzoneClusterImpl-46302e84-7680-4986-b584-895fe31d4053/omNode-3/ratis/c9bc4cf4-3bc3-3c60-a66b-523986131536/current/log_16-17
2021-10-05 01:20:32,042 [pool-351-thread-1] INFO  server.RaftServer$Division (ServerState.java:setRaftConf(387)) - omNode-3@group-523986131536: set configuration 18: [omNode-3|rpc:localhost:10892|admin:|client:|dataStream:|priority:0, omNode-1|rpc:localhost:10880|admin:|client:|dataStream:|priority:0, omNode-2|rpc:localhost:10886|admin:|client:|dataStream:|priority:0], old=null
2021-10-05 01:20:32,042 [pool-351-thread-1] INFO  segmented.LogSegment (LogSegment.java:loadSegment(173)) - Successfully read 4 entries from segment file /home/runner/work/ozone/ozone/hadoop-ozone/integration-test/target/test-dir/MiniOzoneClusterImpl-46302e84-7680-4986-b584-895fe31d4053/omNode-3/ratis/c9bc4cf4-3bc3-3c60-a66b-523986131536/current/log_18-21
2021-10-05 01:20:32,042 [pool-351-thread-1] INFO  server.RaftServer$Division (ServerState.java:setRaftConf(387)) - omNode-3@group-523986131536: set configuration 22: [omNode-3|rpc:localhost:10892|admin:|client:|dataStream:|priority:0, omNode-1|rpc:localhost:10880|admin:|client:|dataStream:|priority:0, omNode-2|rpc:localhost:10886|admin:|client:|dataStream:|priority:0], old=null
2021-10-05 01:20:32,042 [pool-351-thread-1] INFO  segmented.LogSegment (LogSegment.java:loadSegment(173)) - Successfully read 4 entries from segment file /home/runner/work/ozone/ozone/hadoop-ozone/integration-test/target/test-dir/MiniOzoneClusterImpl-46302e84-7680-4986-b584-895fe31d4053/omNode-3/ratis/c9bc4cf4-3bc3-3c60-a66b-523986131536/current/log_22-25
2021-10-05 01:20:32,043 [pool-351-thread-1] INFO  server.RaftServer$Division (ServerState.java:setRaftConf(387)) - omNode-3@group-523986131536: set configuration 26: [omNode-3|rpc:localhost:10892|admin:|client:|dataStream:|priority:0, omNode-1|rpc:localhost:10880|admin:|client:|dataStream:|priority:0, omNode-2|rpc:localhost:10886|admin:|client:|dataStream:|priority:0], old=null
2021-10-05 01:20:32,043 [pool-351-thread-1] INFO  segmented.LogSegment (LogSegment.java:loadSegment(173)) - Successfully read 1 entries from segment file /home/runner/work/ozone/ozone/hadoop-ozone/integration-test/target/test-dir/MiniOzoneClusterImpl-46302e84-7680-4986-b584-895fe31d4053/omNode-3/ratis/c9bc4cf4-3bc3-3c60-a66b-523986131536/current/log_26-26
2021-10-05 01:20:32,043 [pool-351-thread-1] INFO  server.RaftServer$Division (ServerState.java:setRaftConf(387)) - omNode-3@group-523986131536: set configuration 27: [omNode-3|rpc:localhost:10892|admin:|client:|dataStream:|priority:0, omNode-1|rpc:localhost:10880|admin:|client:|dataStream:|priority:0, omNode-2|rpc:localhost:10886|admin:|client:|dataStream:|priority:0], old=null
2021-10-05 01:20:32,043 [pool-351-thread-1] INFO  segmented.LogSegment (LogSegment.java:loadSegment(173)) - Successfully read 4 entries from segment file /home/runner/work/ozone/ozone/hadoop-ozone/integration-test/target/test-dir/MiniOzoneClusterImpl-46302e84-7680-4986-b584-895fe31d4053/omNode-3/ratis/c9bc4cf4-3bc3-3c60-a66b-523986131536/current/log_inprogress_27
2021-10-05 01:20:32,043 [pool-351-thread-1] INFO  segmented.SegmentedRaftLogWorker (SegmentedRaftLogWorker.java:lambda$new$0(133)) - omNode-3@group-523986131536-SegmentedRaftLogWorker: flushIndex: setUnconditionally 0 -> 30
2021-10-05 01:20:32,043 [pool-351-thread-1] INFO  segmented.SegmentedRaftLogWorker (SegmentedRaftLogWorker.java:lambda$new$0(133)) - omNode-3@group-523986131536-SegmentedRaftLogWorker: safeCacheEvictIndex: setUnconditionally 0 -> 26
2021-10-05 01:20:32,043 [pool-351-thread-1] INFO  raftlog.RaftLog (RaftLogBase.java:lambda$new$0(53)) - omNode-3@group-523986131536-SegmentedRaftLog: commitIndex: updateToMax old=30, new=29, updated? false
2021-10-05 01:20:32,043 [pool-351-thread-1] INFO  raftlog.RaftLog (RaftLogBase.java:lambda$new$0(53)) - omNode-3@group-523986131536-SegmentedRaftLog: purgeIndex: updateIncreasingly -1 -> 15
2021-10-05 01:20:32,043 [pool-351-thread-1] INFO  server.RaftServerConfigKeys (ConfUtils.java:logGet(44)) - raft.server.snapshot.auto.trigger.enabled = true (custom)
2021-10-05 01:20:32,044 [pool-351-thread-1] INFO  server.RaftServerConfigKeys (ConfUtils.java:logGet(44)) - raft.server.snapshot.auto.trigger.threshold = 50 (custom)
2021-10-05 01:20:32,044 [pool-351-thread-1] INFO  server.RaftServerConfigKeys (ConfUtils.java:logGet(44)) - raft.server.snapshot.retention.file.num = -1 (default)
2021-10-05 01:20:32,044 [pool-351-thread-1] INFO  server.RaftServerConfigKeys (ConfUtils.java:logGet(44)) - raft.server.log.purge.upto.snapshot.index = true (custom)
2021-10-05 01:20:32,044 [pool-351-thread-1] INFO  server.RaftServerConfigKeys (ConfUtils.java:logGet(44)) - raft.server.retrycache.expirytime = 30000ms (custom)
2021-10-05 01:20:32,044 [pool-351-thread-1] INFO  server.RaftServerConfigKeys (ConfUtils.java:logGet(44)) - raft.server.retrycache.statistics.expirytime = 100μs (default)
2021-10-05 01:20:32,045 [Time-limited test] INFO  server.RaftServer$Division (RaftServerImpl.java:start(296)) - omNode-3@group-523986131536: start as a follower, conf=27: [omNode-3|rpc:localhost:10892|admin:|client:|dataStream:|priority:0, omNode-1|rpc:localhost:10880|admin:|client:|dataStream:|priority:0, omNode-2|rpc:localhost:10886|admin:|client:|dataStream:|priority:0], old=null
2021-10-05 01:20:32,045 [Time-limited test] INFO  server.RaftServer$Division (RaftServerImpl.java:setRole(285)) - omNode-3@group-523986131536: changes role from      null to FOLLOWER at term 8 for startAsFollower
2021-10-05 01:20:32,045 [Time-limited test] INFO  impl.RoleInfo (RoleInfo.java:updateAndGet(130)) - omNode-3: start omNode-3@group-523986131536-FollowerState
2021-10-05 01:20:32,046 [Time-limited test] INFO  util.JmxRegister (JmxRegister.java:tryRegister(44)) - Successfully registered JMX Bean with object name Ratis:service=RaftServer,group=group-523986131536,id=omNode-3
2021-10-05 01:20:32,046 [Time-limited test] INFO  server.RaftServer (RaftServerProxy.java:lambda$start$5(374)) - omNode-3: start RPC server
2021-10-05 01:20:32,047 [Time-limited test] INFO  server.GrpcService (GrpcService.java:startImpl(253)) - omNode-3: GrpcService started, listening on 10892
2021-10-05 01:20:32,048 [Time-limited test] INFO  ipc.CallQueueManager (CallQueueManager.java:<init>(90)) - Using callQueue: class java.util.concurrent.LinkedBlockingQueue, queueCapacity: 2000, scheduler: class org.apache.hadoop.ipc.DefaultRpcScheduler, ipcBackoff: false.
2021-10-05 01:20:32,048 [org.apache.ratis.util.JvmPauseMonitor$$Lambda$523/848064357@78f55998] INFO  util.JvmPauseMonitor (JvmPauseMonitor.java:run(103)) - JvmPauseMonitor-omNode-3: Started
2021-10-05 01:20:32,049 [Socket Reader #1 for port 10888] INFO  ipc.Server (Server.java:run(1265)) - Starting Socket Reader #1 for port 10888
2021-10-05 01:20:32,053 [Listener at localhost/10888] INFO  http.BaseHttpServer (BaseHttpServer.java:newHttpServer2BuilderForOzone(209)) - Starting Web-server for ozoneManager at: http://0.0.0.0:10890
2021-10-05 01:20:32,053 [Listener at localhost/10888] INFO  http.BaseHttpServer (BaseHttpServer.java:<init>(107)) - Hadoop Security Enabled: false Ozone Security Enabled: false Ozone HTTP Security Enabled: false 
2021-10-05 01:20:32,054 [Listener at localhost/10888] INFO  server.AuthenticationFilter (AuthenticationFilter.java:constructSecretProvider(240)) - Unable to initialize FileSignerSecretProvider, falling back to use random secrets.
2021-10-05 01:20:32,054 [Listener at localhost/10888] WARN  http.HttpRequestLog (HttpRequestLog.java:getRequestLog(103)) - Jetty request log can only be enabled using Log4j
2021-10-05 01:20:32,055 [Listener at localhost/10888] INFO  http.HttpServer2 (HttpServer2.java:addGlobalFilter(1030)) - Added global filter 'safety' (class=org.apache.hadoop.hdds.server.http.HttpServer2$QuotingInputFilter)
2021-10-05 01:20:32,056 [Listener at localhost/10888] INFO  http.HttpServer2 (HttpServer2.java:addFilter(1006)) - Added filter static_user_filter (class=org.apache.hadoop.http.lib.StaticUserWebFilter$StaticUserFilter) to context ozoneManager
2021-10-05 01:20:32,056 [Listener at localhost/10888] INFO  http.HttpServer2 (HttpServer2.java:addFilter(1014)) - Added filter static_user_filter (class=org.apache.hadoop.http.lib.StaticUserWebFilter$StaticUserFilter) to context static
2021-10-05 01:20:32,056 [Listener at localhost/10888] INFO  http.HttpServer2 (HttpServer2.java:addFilter(1014)) - Added filter static_user_filter (class=org.apache.hadoop.http.lib.StaticUserWebFilter$StaticUserFilter) to context logs
2021-10-05 01:20:32,057 [Listener at localhost/10888] INFO  http.HttpServer2 (HttpServer2.java:bindListener(1249)) - Jetty bound to port 10890
2021-10-05 01:20:32,057 [Listener at localhost/10888] INFO  server.Server (Server.java:doStart(375)) - jetty-9.4.43.v20210629; built: 2021-06-30T11:07:22.254Z; git: 526006ecfa3af7f1a27ef3a288e2bef7ea9dd7e8; jvm 1.8.0_292-b10
2021-10-05 01:20:32,059 [Listener at localhost/10888] INFO  server.session (DefaultSessionIdManager.java:doStart(334)) - DefaultSessionIdManager workerName=node0
2021-10-05 01:20:32,059 [Listener at localhost/10888] INFO  server.session (DefaultSessionIdManager.java:doStart(339)) - No SessionScavenger set, using defaults
2021-10-05 01:20:32,059 [Listener at localhost/10888] INFO  server.session (HouseKeeper.java:startScavenging(132)) - node0 Scavenging every 600000ms
2021-10-05 01:20:32,060 [Listener at localhost/10888] INFO  handler.ContextHandler (ContextHandler.java:doStart(915)) - Started o.e.j.s.ServletContextHandler@4c14ec03{logs,/logs,file:///home/runner/work/ozone/ozone/hadoop-ozone/integration-test/target/log,AVAILABLE}
2021-10-05 01:20:32,060 [Listener at localhost/10888] INFO  handler.ContextHandler (ContextHandler.java:doStart(915)) - Started o.e.j.s.ServletContextHandler@6538fbbd{static,/static,file:///home/runner/work/ozone/ozone/hadoop-ozone/integration-test/target/test-classes/webapps/static,AVAILABLE}
2021-10-05 01:20:32,066 [Listener at localhost/10888] INFO  handler.ContextHandler (ContextHandler.java:doStart(915)) - Started o.e.j.w.WebAppContext@4f16fdd5{ozoneManager,/,file:///home/runner/work/ozone/ozone/hadoop-ozone/integration-test/target/test-classes/webapps/ozoneManager/,AVAILABLE}{file:/home/runner/work/ozone/ozone/hadoop-ozone/integration-test/target/test-classes/webapps/ozoneManager}
2021-10-05 01:20:32,067 [Listener at localhost/10888] INFO  server.AbstractConnector (AbstractConnector.java:doStart(331)) - Started ServerConnector@1995c107{HTTP/1.1, (http/1.1)}{0.0.0.0:10890}
2021-10-05 01:20:32,067 [Listener at localhost/10888] INFO  server.Server (Server.java:doStart(415)) - Started @405445ms
2021-10-05 01:20:32,067 [Listener at localhost/10888] WARN  impl.MetricsSystemImpl (MetricsSystemImpl.java:register(279)) - Sink prometheus already exists!
2021-10-05 01:20:32,068 [Listener at localhost/10888] INFO  http.BaseHttpServer (BaseHttpServer.java:updateConnectorAddress(329)) - HTTP server of ozoneManager listening at http://0.0.0.0:10890
2021-10-05 01:20:32,068 [IPC Server Responder] INFO  ipc.Server (Server.java:run(1507)) - IPC Server Responder: starting
2021-10-05 01:20:32,072 [IPC Server listener on 10888] INFO  ipc.Server (Server.java:run(1344)) - IPC Server listener on 10888: starting
2021-10-05 01:20:32,089 [Listener at localhost/10888] INFO  om.OzoneManager (OzoneManager.java:startTrashEmptier(1543)) - Trash Interval set to 0. Files deleted will not move to trash
2021-10-05 01:20:32,090 [Listener at localhost/10888] INFO  om.OzoneManager (OzoneManager.java:stop(1644)) - Stopping Ozone Manager
2021-10-05 01:20:32,090 [Listener at localhost/10888] INFO  ipc.Server (Server.java:stop(3414)) - Stopping server on 10876
2021-10-05 01:20:32,092 [IPC Server Responder] INFO  ipc.Server (Server.java:run(1512)) - Stopping IPC Server Responder
2021-10-05 01:20:32,092 [IPC Server listener on 10876] INFO  ipc.Server (Server.java:run(1376)) - Stopping IPC Server listener on 10876
2021-10-05 01:20:32,092 [org.apache.hadoop.util.JvmPauseMonitor$Monitor@5c076d91] INFO  util.JvmPauseMonitor (JvmPauseMonitor.java:run(188)) - Starting JVM pause monitor
2021-10-05 01:20:32,093 [Listener at localhost/10888] INFO  server.RaftServer (RaftServerProxy.java:lambda$close$6(391)) - omNode-1: close
2021-10-05 01:20:32,093 [Listener at localhost/10888] INFO  server.RaftServer$Division (RaftServerImpl.java:lambda$close$4(407)) - omNode-1@group-523986131536: shutdown
2021-10-05 01:20:32,093 [Listener at localhost/10888] INFO  util.JmxRegister (JmxRegister.java:unregister(73)) - Successfully un-registered JMX Bean with object name Ratis:service=RaftServer,group=group-523986131536,id=omNode-1
2021-10-05 01:20:32,093 [Listener at localhost/10888] INFO  impl.RoleInfo (RoleInfo.java:shutdownFollowerState(108)) - omNode-1: shutdown omNode-1@group-523986131536-FollowerState
2021-10-05 01:20:32,093 [Listener at localhost/10888] INFO  impl.StateMachineUpdater (StateMachineUpdater.java:stopAndJoin(149)) - omNode-1@group-523986131536-StateMachineUpdater: set stopIndex = 15
2021-10-05 01:20:32,093 [omNode-1@group-523986131536-FollowerState] INFO  impl.FollowerState (FollowerState.java:run(143)) - omNode-1@group-523986131536-FollowerState was interrupted: {}
java.lang.InterruptedException: sleep interrupted
	at java.lang.Thread.sleep(Native Method)
	at java.lang.Thread.sleep(Thread.java:340)
	at java.util.concurrent.TimeUnit.sleep(TimeUnit.java:386)
	at org.apache.ratis.util.TimeDuration.sleep(TimeDuration.java:324)
	at org.apache.ratis.util.TimeDuration.sleep(TimeDuration.java:309)
	at org.apache.ratis.server.impl.FollowerState.run(FollowerState.java:118)
2021-10-05 01:20:32,094 [omNode-1@group-523986131536-StateMachineUpdater] INFO  ratis.OzoneManagerStateMachine (OzoneManagerStateMachine.java:close(471)) - StateMachine has shutdown. Shutdown OzoneManager if not already shutdown.
2021-10-05 01:20:32,095 [Listener at localhost/10888] INFO  server.RaftServer$Division (ServerState.java:close(419)) - omNode-1@group-523986131536: closes. applyIndex: 15
2021-10-05 01:20:32,095 [omNode-1@group-523986131536-SegmentedRaftLogWorker] INFO  segmented.SegmentedRaftLogWorker (SegmentedRaftLogWorker.java:run(327)) - omNode-1@group-523986131536-SegmentedRaftLogWorker was interrupted, exiting. There are 0 tasks remaining in the queue.
2021-10-05 01:20:32,096 [Listener at localhost/10888] INFO  segmented.SegmentedRaftLogWorker (SegmentedRaftLogWorker.java:close(237)) - omNode-1@group-523986131536-SegmentedRaftLogWorker close()
2021-10-05 01:20:32,097 [Listener at localhost/10888] INFO  server.GrpcService (GrpcService.java:closeImpl(262)) - omNode-1: shutdown server with port 10880 now
2021-10-05 01:20:32,098 [grpc-default-executor-10] WARN  server.GrpcServerProtocolService (LogUtils.java:warn(122)) - omNode-1: installSnapshot onError, lastRequest: omNode-2->omNode-1#1-t8,previous=(t:6, i:26),leaderCommit=25,initializing? true,entries: size=1, first=(t:8, i:27), CONFIGURATIONENTRY: org.apache.ratis.thirdparty.io.grpc.StatusRuntimeException: CANCELLED: client cancelled
2021-10-05 01:20:32,100 [grpc-default-executor-13] WARN  server.GrpcServerProtocolService (LogUtils.java:warn(122)) - omNode-1: installSnapshot onError, lastRequest: omNode-2->omNode-1#12390-t8,previous=(t:0, i:0),leaderCommit=15,initializing? false,entries: size=15, first=(t:3, i:16), CONFIGURATIONENTRY: org.apache.ratis.thirdparty.io.grpc.StatusRuntimeException: CANCELLED: client cancelled
2021-10-05 01:20:32,100 [grpc-default-executor-6] INFO  server.GrpcLogAppender (GrpcLogAppender.java:onError(333)) - omNode-2@group-523986131536->omNode-1-GrpcLogAppender is stopped
2021-10-05 01:20:32,101 [grpc-default-executor-12] WARN  server.GrpcLogAppender (LogUtils.java:warn(122)) - omNode-2@group-523986131536->omNode-1-AppendLogResponseHandler: Failed appendEntries: org.apache.ratis.thirdparty.io.grpc.StatusRuntimeException: CANCELLED: HTTP/2 error code: CANCEL
Received Rst Stream
2021-10-05 01:20:32,101 [grpc-default-executor-12] INFO  leader.FollowerInfo (FollowerInfoImpl.java:lambda$new$0(46)) - omNode-2@group-523986131536->omNode-1: nextIndex: updateUnconditionally 31 -> 16
2021-10-05 01:20:32,101 [Listener at localhost/10888] INFO  server.GrpcService (GrpcService.java:closeImpl(271)) - omNode-1: shutdown server with port 10880 successfully
2021-10-05 01:20:32,101 [org.apache.ratis.util.JvmPauseMonitor$$Lambda$523/848064357@43828d54] INFO  util.JvmPauseMonitor (JvmPauseMonitor.java:run(109)) - JvmPauseMonitor-omNode-1: Stopped
2021-10-05 01:20:32,101 [Listener at localhost/10888] INFO  ratis.OzoneManagerDoubleBuffer (OzoneManagerDoubleBuffer.java:stop(437)) - Stopping OMDoubleBuffer flush thread
2021-10-05 01:20:32,101 [OMDoubleBufferFlushThread] INFO  ratis.OzoneManagerDoubleBuffer (OzoneManagerDoubleBuffer.java:flushTransactions(356)) - OMDoubleBuffer flush thread OMDoubleBufferFlushThread is interrupted and will exit. OMDoubleBufferFlushThread
2021-10-05 01:20:32,102 [Listener at localhost/10888] INFO  handler.ContextHandler (ContextHandler.java:doStop(1153)) - Stopped o.e.j.w.WebAppContext@c7afa8e{ozoneManager,/,null,STOPPED}{file:/home/runner/work/ozone/ozone/hadoop-ozone/integration-test/target/test-classes/webapps/ozoneManager}
2021-10-05 01:20:32,102 [Listener at localhost/10888] INFO  server.AbstractConnector (AbstractConnector.java:doStop(381)) - Stopped ServerConnector@3afce4e7{HTTP/1.1, (http/1.1)}{0.0.0.0:10878}
2021-10-05 01:20:32,102 [Listener at localhost/10888] INFO  server.session (HouseKeeper.java:stopScavenging(149)) - node0 Stopped scavenging
2021-10-05 01:20:32,103 [Listener at localhost/10888] INFO  handler.ContextHandler (ContextHandler.java:doStop(1153)) - Stopped o.e.j.s.ServletContextHandler@5e116cc1{static,/static,file:///home/runner/work/ozone/ozone/hadoop-ozone/integration-test/target/test-classes/webapps/static,STOPPED}
2021-10-05 01:20:32,103 [Listener at localhost/10888] INFO  handler.ContextHandler (ContextHandler.java:doStop(1153)) - Stopped o.e.j.s.ServletContextHandler@77b38a9e{logs,/logs,file:///home/runner/work/ozone/ozone/hadoop-ozone/integration-test/target/log,STOPPED}
2021-10-05 01:20:32,105 [Listener at localhost/10888] INFO  om.OzoneManager (OzoneManager.java:initFSOLayout(4333)) - Configured ozone.om.metadata.layout=SIMPLE and disabled optimized OM FS operations
2021-10-05 01:20:32,105 [Listener at localhost/10888] INFO  om.OzoneManager (OzoneManager.java:restart(1365)) - OzoneManager RPC server is listening at localhost/127.0.0.1:10876
2021-10-05 01:20:32,105 [Listener at localhost/10888] INFO  impl.MetricsSystemImpl (MetricsSystemImpl.java:init(158)) - OzoneManager metrics system started (again)
2021-10-05 01:20:32,113 [grpc-default-executor-12] WARN  server.GrpcLogAppender (LogUtils.java:warn(122)) - omNode-2@group-523986131536->omNode-1-AppendLogResponseHandler: Failed appendEntries: org.apache.ratis.thirdparty.io.grpc.StatusRuntimeException: UNAVAILABLE: io exception
2021-10-05 01:20:32,113 [grpc-default-executor-12] INFO  leader.FollowerInfo (FollowerInfoImpl.java:lambda$new$0(46)) - omNode-2@group-523986131536->omNode-1: nextIndex: updateUnconditionally 31 -> 16
2021-10-05 01:20:32,122 [Listener at localhost/10888] WARN  server.ServerUtils (ServerUtils.java:getDBPath(225)) - ozone.om.db.dirs is not configured. We recommend adding this setting. Falling back to ozone.metadata.dirs instead.
2021-10-05 01:20:32,123 [Listener at localhost/10888] INFO  codec.OmKeyInfoCodec (OmKeyInfoCodec.java:<init>(51)) - OmKeyInfoCodec ignorePipeline = true
2021-10-05 01:20:32,123 [Listener at localhost/10888] INFO  codec.RepeatedOmKeyInfoCodec (RepeatedOmKeyInfoCodec.java:<init>(42)) - RepeatedOmKeyInfoCodec ignorePipeline = true
2021-10-05 01:20:32,155 [Listener at localhost/10888] WARN  om.OzoneManager (OzoneManager.java:instantiatePrepareStateOnStartup(4212)) - Prepare marker file index 15 does not match DB prepare index 13. Writing DB index to prepare file and maintaining prepared state.
2021-10-05 01:20:32,156 [Listener at localhost/10888] INFO  om.OzoneManagerPrepareState (OzoneManagerPrepareState.java:writePrepareMarkerFile(262)) - Prepare marker file written with log index 13 to file /home/runner/work/ozone/ozone/hadoop-ozone/integration-test/target/test-dir/MiniOzoneClusterImpl-46302e84-7680-4986-b584-895fe31d4053/omNode-1/current/prepareMarker
2021-10-05 01:20:32,156 [Listener at localhost/10888] WARN  impl.MetricRegistriesImpl (MetricRegistriesImpl.java:addReporterRegistration(111)) - New reporters are added after registries were created. Some metrics will be missing from the reporter. Please add reporter before adding any new registry.
2021-10-05 01:20:32,157 [Listener at localhost/10888] WARN  impl.MetricRegistriesImpl (MetricRegistriesImpl.java:addReporterRegistration(111)) - New reporters are added after registries were created. Some metrics will be missing from the reporter. Please add reporter before adding any new registry.
2021-10-05 01:20:32,157 [Listener at localhost/10888] WARN  server.ServerUtils (ServerUtils.java:getDefaultRatisDirectory(237)) - Storage directory for Ratis is not configured. It is a good idea to map this to an SSD disk. Falling back to ozone.metadata.dirs
2021-10-05 01:20:32,158 [Listener at localhost/10888] INFO  ratis.OzoneManagerRatisServer (OzoneManagerRatisServer.java:<init>(158)) - Instantiating OM Ratis server with groupID: om-service-test1 and peers: localhost:10880, localhost:10892, localhost:10886
2021-10-05 01:20:32,158 [Listener at localhost/10888] INFO  ratis.OzoneManagerStateMachine (OzoneManagerStateMachine.java:loadSnapshotInfoFromDB(605)) - LastAppliedIndex is set from TransactionInfo from OM DB as (t:2, i:15)
2021-10-05 01:20:32,158 [Listener at localhost/10888] INFO  server.RaftServer (ConfUtils.java:logGet(44)) - raft.rpc.type = GRPC (default)
2021-10-05 01:20:32,158 [Listener at localhost/10888] INFO  grpc.GrpcFactory (GrpcFactory.java:checkPooledByteBufAllocatorUseCacheForAllThreads(48)) - PERFORMANCE WARNING: useCacheForAllThreads is true that may cause Netty to create a lot garbage objects and, as a result, trigger GC.
	It is recommended to disable useCacheForAllThreads by setting -Dorg.apache.ratis.thirdparty.io.netty.allocator.useCacheForAllThreads=false in command line.
2021-10-05 01:20:32,158 [Listener at localhost/10888] INFO  grpc.GrpcConfigKeys (ConfUtils.java:logGet(44)) - raft.grpc.admin.port = -1 (default)
2021-10-05 01:20:32,158 [Listener at localhost/10888] INFO  grpc.GrpcConfigKeys (ConfUtils.java:logGet(44)) - raft.grpc.server.port = 10880 (custom)
2021-10-05 01:20:32,159 [Listener at localhost/10888] INFO  grpc.GrpcConfigKeys (ConfUtils.java:logGet(44)) - raft.grpc.client.port = -1 (default)
2021-10-05 01:20:32,159 [Listener at localhost/10888] INFO  grpc.GrpcConfigKeys (ConfUtils.java:logGet(44)) - raft.grpc.server.port = 10880 (custom)
2021-10-05 01:20:32,159 [Listener at localhost/10888] INFO  grpc.GrpcConfigKeys (ConfUtils.java:logGet(44)) - raft.grpc.server.port = 10880 (custom)
2021-10-05 01:20:32,159 [Listener at localhost/10888] INFO  server.GrpcService (ConfUtils.java:logGet(44)) - raft.grpc.message.size.max = 33554432 (custom)
2021-10-05 01:20:32,159 [Listener at localhost/10888] INFO  server.RaftServerConfigKeys (ConfUtils.java:logGet(44)) - raft.server.log.appender.buffer.byte-limit = 33554432 (custom)
2021-10-05 01:20:32,159 [Listener at localhost/10888] INFO  server.GrpcService (ConfUtils.java:logGet(44)) - raft.grpc.flow.control.window = 1MB (=1048576) (default)
2021-10-05 01:20:32,159 [Listener at localhost/10888] INFO  server.RaftServerConfigKeys (ConfUtils.java:logGet(44)) - raft.server.rpc.request.timeout = 3000ms (default)
2021-10-05 01:20:32,160 [Listener at localhost/10888] INFO  impl.DataStreamServerImpl (ConfUtils.java:logGet(44)) - raft.datastream.type = DISABLED (default)
2021-10-05 01:20:32,161 [Listener at localhost/10888] INFO  server.RaftServerConfigKeys (ConfUtils.java:logGet(44)) - raft.server.rpc.slowness.timeout = 2s (custom)
2021-10-05 01:20:32,161 [Listener at localhost/10888] INFO  server.RaftServerConfigKeys (ConfUtils.java:logGet(44)) - raft.server.leaderelection.leader.step-down.wait-time = 10s (default)
2021-10-05 01:20:32,161 [Listener at localhost/10888] INFO  server.RaftServerConfigKeys (ConfUtils.java:logGet(44)) - raft.server.storage.dir = [/home/runner/work/ozone/ozone/hadoop-ozone/integration-test/target/test-dir/MiniOzoneClusterImpl-46302e84-7680-4986-b584-895fe31d4053/omNode-1/ratis] (custom)
2021-10-05 01:20:32,161 [Listener at localhost/10888] INFO  server.RaftServer (RaftServerProxy.java:lambda$null$1(235)) - omNode-1: found a subdirectory /home/runner/work/ozone/ozone/hadoop-ozone/integration-test/target/test-dir/MiniOzoneClusterImpl-46302e84-7680-4986-b584-895fe31d4053/omNode-1/ratis/c9bc4cf4-3bc3-3c60-a66b-523986131536
2021-10-05 01:20:32,163 [Listener at localhost/10888] INFO  server.RaftServer (RaftServerProxy.java:addNew(95)) - omNode-1: addNew group-523986131536:[omNode-3|rpc:localhost:10892|priority:0, omNode-1|rpc:localhost:10880|priority:0, omNode-2|rpc:localhost:10886|priority:0] returns group-523986131536:java.util.concurrent.CompletableFuture@71ff4616[Not completed]
2021-10-05 01:20:32,163 [Listener at localhost/10888] INFO  om.OzoneManager (OzoneManager.java:initializeRatisServer(1585)) - OzoneManager Ratis server initialized at port 10880
2021-10-05 01:20:32,163 [Listener at localhost/10888] INFO  ratis.OzoneManagerRatisServer (OzoneManagerRatisServer.java:start(516)) - Starting OzoneManagerRatisServer omNode-1 at port 10880
2021-10-05 01:20:32,163 [pool-371-thread-1] INFO  server.RaftServer$Division (RaftServerImpl.java:<init>(181)) - omNode-1: new RaftServerImpl for group-523986131536:[omNode-3|rpc:localhost:10892|priority:0, omNode-1|rpc:localhost:10880|priority:0, omNode-2|rpc:localhost:10886|priority:0] with OzoneManagerStateMachine:uninitialized
2021-10-05 01:20:32,164 [pool-371-thread-1] INFO  server.RaftServerConfigKeys (ConfUtils.java:logGet(44)) - raft.server.rpc.timeout.min = 1s (custom)
2021-10-05 01:20:32,164 [pool-371-thread-1] INFO  server.RaftServerConfigKeys (ConfUtils.java:logGet(44)) - raft.server.rpc.timeout.max = 1200ms (custom)
2021-10-05 01:20:32,164 [pool-371-thread-1] INFO  server.RaftServerConfigKeys (ConfUtils.java:logGet(44)) - raft.server.rpc.sleep.time = 25ms (default)
2021-10-05 01:20:32,164 [pool-371-thread-1] INFO  server.RaftServerConfigKeys (ConfUtils.java:logGet(44)) - raft.server.rpc.slowness.timeout = 2s (custom)
2021-10-05 01:20:32,164 [pool-371-thread-1] INFO  server.RaftServerConfigKeys (ConfUtils.java:logGet(44)) - raft.server.leaderelection.leader.step-down.wait-time = 10s (default)
2021-10-05 01:20:32,164 [pool-371-thread-1] INFO  server.RaftServerConfigKeys (ConfUtils.java:logGet(44)) - raft.server.sleep.deviation.threshold = 300ms (default)
2021-10-05 01:20:32,164 [pool-371-thread-1] INFO  server.RaftServerConfigKeys (ConfUtils.java:logGet(44)) - raft.server.log.appender.install.snapshot.enabled = false (custom)
2021-10-05 01:20:32,164 [pool-371-thread-1] INFO  server.RaftServer$Division (ServerState.java:<init>(105)) - omNode-1@group-523986131536: ConfigurationManager, init=-1: [omNode-3|rpc:localhost:10892|priority:0, omNode-1|rpc:localhost:10880|priority:0, omNode-2|rpc:localhost:10886|priority:0], old=null, confs=<EMPTY_MAP>
2021-10-05 01:20:32,165 [pool-371-thread-1] INFO  server.RaftServerConfigKeys (ConfUtils.java:logGet(44)) - raft.server.storage.dir = [/home/runner/work/ozone/ozone/hadoop-ozone/integration-test/target/test-dir/MiniOzoneClusterImpl-46302e84-7680-4986-b584-895fe31d4053/omNode-1/ratis] (custom)
2021-10-05 01:20:32,165 [pool-371-thread-1] INFO  server.RaftServerConfigKeys (ConfUtils.java:logGet(44)) - raft.server.log.corruption.policy = EXCEPTION (default)
2021-10-05 01:20:32,165 [pool-371-thread-1] INFO  server.RaftServerConfigKeys (ConfUtils.java:logGet(44)) - raft.server.storage.free-space.min = 0MB (=0) (default)
2021-10-05 01:20:32,166 [pool-371-thread-1] INFO  storage.RaftStorageDirectory (RaftStorageDirectoryImpl.java:tryLock(230)) - Lock on /home/runner/work/ozone/ozone/hadoop-ozone/integration-test/target/test-dir/MiniOzoneClusterImpl-46302e84-7680-4986-b584-895fe31d4053/omNode-1/ratis/c9bc4cf4-3bc3-3c60-a66b-523986131536/in_use.lock acquired by nodename 8677@fv-az50-768
2021-10-05 01:20:32,166 [pool-371-thread-1] INFO  storage.RaftStorage (RaftStorageImpl.java:analyzeAndRecoverStorage(110)) - Read RaftStorageMetadata{term=8, votedFor=omNode-2} from /home/runner/work/ozone/ozone/hadoop-ozone/integration-test/target/test-dir/MiniOzoneClusterImpl-46302e84-7680-4986-b584-895fe31d4053/omNode-1/ratis/c9bc4cf4-3bc3-3c60-a66b-523986131536/current/raft-meta
2021-10-05 01:20:32,167 [pool-371-thread-1] INFO  server.RaftServer$Division (ServerState.java:setRaftConf(387)) - omNode-1@group-523986131536: set configuration 27: [omNode-3|rpc:localhost:10892|admin:|client:|dataStream:|priority:0, omNode-1|rpc:localhost:10880|admin:|client:|dataStream:|priority:0, omNode-2|rpc:localhost:10886|admin:|client:|dataStream:|priority:0], old=null
2021-10-05 01:20:32,167 [pool-371-thread-1] INFO  server.RaftServerConfigKeys (ConfUtils.java:logGet(44)) - raft.server.notification.no-leader.timeout = 2s (custom)
2021-10-05 01:20:32,167 [pool-371-thread-1] INFO  server.RaftServerConfigKeys (ConfUtils.java:logGet(44)) - raft.server.log.use.memory = false (default)
2021-10-05 01:20:32,167 [pool-371-thread-1] INFO  server.RaftServerConfigKeys (ConfUtils.java:logGet(44)) - raft.server.log.purge.gap = 50 (custom)
2021-10-05 01:20:32,167 [pool-371-thread-1] INFO  server.RaftServerConfigKeys (ConfUtils.java:logGet(44)) - raft.server.log.appender.buffer.byte-limit = 33554432 (custom)
2021-10-05 01:20:32,167 [pool-371-thread-1] INFO  server.RaftServerConfigKeys (ConfUtils.java:logGet(44)) - raft.server.log.segment.size.max = 4194304 (custom)
2021-10-05 01:20:32,167 [pool-371-thread-1] INFO  server.RaftServerConfigKeys (ConfUtils.java:logGet(44)) - raft.server.log.segment.cache.num.max = 2 (custom)
2021-10-05 01:20:32,167 [pool-371-thread-1] INFO  server.RaftServerConfigKeys (ConfUtils.java:logGet(44)) - raft.server.log.segment.cache.size.max = 200MB (=209715200) (default)
2021-10-05 01:20:32,168 [pool-371-thread-1] INFO  segmented.SegmentedRaftLogWorker (SegmentedRaftLogWorker.java:<init>(182)) - new omNode-1@group-523986131536-SegmentedRaftLogWorker for RaftStorageImpl:Storage Directory /home/runner/work/ozone/ozone/hadoop-ozone/integration-test/target/test-dir/MiniOzoneClusterImpl-46302e84-7680-4986-b584-895fe31d4053/omNode-1/ratis/c9bc4cf4-3bc3-3c60-a66b-523986131536
2021-10-05 01:20:32,168 [pool-371-thread-1] INFO  server.RaftServerConfigKeys (ConfUtils.java:logGet(44)) - raft.server.log.queue.byte-limit = 64MB (=67108864) (default)
2021-10-05 01:20:32,168 [pool-371-thread-1] INFO  server.RaftServerConfigKeys (ConfUtils.java:logGet(44)) - raft.server.log.queue.element-limit = 4096 (default)
2021-10-05 01:20:32,168 [pool-371-thread-1] INFO  server.RaftServerConfigKeys (ConfUtils.java:logGet(44)) - raft.server.log.segment.size.max = 4194304 (custom)
2021-10-05 01:20:32,168 [pool-371-thread-1] INFO  server.RaftServerConfigKeys (ConfUtils.java:logGet(44)) - raft.server.log.preallocated.size = 4194304 (custom)
2021-10-05 01:20:32,168 [pool-371-thread-1] INFO  server.RaftServerConfigKeys (ConfUtils.java:logGet(44)) - raft.server.log.force.sync.num = 128 (default)
2021-10-05 01:20:32,168 [pool-371-thread-1] INFO  server.RaftServerConfigKeys (ConfUtils.java:logGet(44)) - raft.server.log.statemachine.data.sync = true (default)
2021-10-05 01:20:32,168 [pool-371-thread-1] INFO  server.RaftServerConfigKeys (ConfUtils.java:logGet(44)) - raft.server.log.statemachine.data.sync.timeout = 10s (default)
2021-10-05 01:20:32,168 [pool-371-thread-1] INFO  server.RaftServerConfigKeys (ConfUtils.java:logGet(44)) - raft.server.log.statemachine.data.sync.timeout.retry = -1 (default)
2021-10-05 01:20:32,169 [pool-371-thread-1] INFO  server.RaftServerConfigKeys (ConfUtils.java:logGet(44)) - raft.server.log.write.buffer.size = 64KB (=65536) (default)
2021-10-05 01:20:32,169 [pool-371-thread-1] INFO  server.RaftServerConfigKeys (ConfUtils.java:logGet(44)) - raft.server.log.statemachine.data.caching.enabled = false (default)
2021-10-05 01:20:32,169 [pool-371-thread-1] INFO  segmented.SegmentedRaftLogWorker (SegmentedRaftLogWorker.java:lambda$new$0(133)) - omNode-1@group-523986131536-SegmentedRaftLogWorker: flushIndex: setUnconditionally 0 -> 15
2021-10-05 01:20:32,169 [pool-371-thread-1] INFO  segmented.SegmentedRaftLogWorker (SegmentedRaftLogWorker.java:lambda$new$0(133)) - omNode-1@group-523986131536-SegmentedRaftLogWorker: safeCacheEvictIndex: setUnconditionally 0 -> -1
2021-10-05 01:20:32,170 [pool-371-thread-1] INFO  server.RaftServerConfigKeys (ConfUtils.java:logGet(44)) - raft.server.snapshot.auto.trigger.enabled = true (custom)
2021-10-05 01:20:32,170 [pool-371-thread-1] INFO  server.RaftServerConfigKeys (ConfUtils.java:logGet(44)) - raft.server.snapshot.auto.trigger.threshold = 50 (custom)
2021-10-05 01:20:32,170 [pool-371-thread-1] INFO  server.RaftServerConfigKeys (ConfUtils.java:logGet(44)) - raft.server.snapshot.retention.file.num = -1 (default)
2021-10-05 01:20:32,170 [pool-371-thread-1] INFO  server.RaftServerConfigKeys (ConfUtils.java:logGet(44)) - raft.server.log.purge.upto.snapshot.index = true (custom)
2021-10-05 01:20:32,170 [pool-371-thread-1] INFO  server.RaftServerConfigKeys (ConfUtils.java:logGet(44)) - raft.server.retrycache.expirytime = 30000ms (custom)
2021-10-05 01:20:32,170 [pool-371-thread-1] INFO  server.RaftServerConfigKeys (ConfUtils.java:logGet(44)) - raft.server.retrycache.statistics.expirytime = 100μs (default)
2021-10-05 01:20:32,171 [Listener at localhost/10888] INFO  server.RaftServer$Division (RaftServerImpl.java:start(296)) - omNode-1@group-523986131536: start as a follower, conf=27: [omNode-3|rpc:localhost:10892|admin:|client:|dataStream:|priority:0, omNode-1|rpc:localhost:10880|admin:|client:|dataStream:|priority:0, omNode-2|rpc:localhost:10886|admin:|client:|dataStream:|priority:0], old=null
2021-10-05 01:20:32,171 [Listener at localhost/10888] INFO  server.RaftServer$Division (RaftServerImpl.java:setRole(285)) - omNode-1@group-523986131536: changes role from      null to FOLLOWER at term 8 for startAsFollower
2021-10-05 01:20:32,172 [Listener at localhost/10888] INFO  impl.RoleInfo (RoleInfo.java:updateAndGet(130)) - omNode-1: start omNode-1@group-523986131536-FollowerState
2021-10-05 01:20:32,178 [Listener at localhost/10888] INFO  util.JmxRegister (JmxRegister.java:tryRegister(44)) - Successfully registered JMX Bean with object name Ratis:service=RaftServer,group=group-523986131536,id=omNode-1
2021-10-05 01:20:32,181 [Listener at localhost/10888] INFO  server.RaftServer (RaftServerProxy.java:lambda$start$5(374)) - omNode-1: start RPC server
2021-10-05 01:20:32,182 [Listener at localhost/10888] INFO  server.GrpcService (GrpcService.java:startImpl(253)) - omNode-1: GrpcService started, listening on 10880
2021-10-05 01:20:32,187 [org.apache.ratis.util.JvmPauseMonitor$$Lambda$523/848064357@4b267768] INFO  util.JvmPauseMonitor (JvmPauseMonitor.java:run(103)) - JvmPauseMonitor-omNode-1: Started
2021-10-05 01:20:32,187 [Listener at localhost/10888] INFO  ipc.CallQueueManager (CallQueueManager.java:<init>(90)) - Using callQueue: class java.util.concurrent.LinkedBlockingQueue, queueCapacity: 2000, scheduler: class org.apache.hadoop.ipc.DefaultRpcScheduler, ipcBackoff: false.
2021-10-05 01:20:32,188 [Socket Reader #1 for port 10876] INFO  ipc.Server (Server.java:run(1265)) - Starting Socket Reader #1 for port 10876
2021-10-05 01:20:32,191 [Listener at localhost/10876] INFO  http.BaseHttpServer (BaseHttpServer.java:newHttpServer2BuilderForOzone(209)) - Starting Web-server for ozoneManager at: http://0.0.0.0:10878
2021-10-05 01:20:32,191 [Listener at localhost/10876] INFO  http.BaseHttpServer (BaseHttpServer.java:<init>(107)) - Hadoop Security Enabled: false Ozone Security Enabled: false Ozone HTTP Security Enabled: false 
2021-10-05 01:20:32,192 [Listener at localhost/10876] INFO  server.AuthenticationFilter (AuthenticationFilter.java:constructSecretProvider(240)) - Unable to initialize FileSignerSecretProvider, falling back to use random secrets.
2021-10-05 01:20:32,193 [Listener at localhost/10876] WARN  http.HttpRequestLog (HttpRequestLog.java:getRequestLog(103)) - Jetty request log can only be enabled using Log4j
2021-10-05 01:20:32,194 [Listener at localhost/10876] INFO  http.HttpServer2 (HttpServer2.java:addGlobalFilter(1030)) - Added global filter 'safety' (class=org.apache.hadoop.hdds.server.http.HttpServer2$QuotingInputFilter)
2021-10-05 01:20:32,194 [Listener at localhost/10876] INFO  http.HttpServer2 (HttpServer2.java:addFilter(1006)) - Added filter static_user_filter (class=org.apache.hadoop.http.lib.StaticUserWebFilter$StaticUserFilter) to context ozoneManager
2021-10-05 01:20:32,194 [Listener at localhost/10876] INFO  http.HttpServer2 (HttpServer2.java:addFilter(1014)) - Added filter static_user_filter (class=org.apache.hadoop.http.lib.StaticUserWebFilter$StaticUserFilter) to context static
2021-10-05 01:20:32,194 [Listener at localhost/10876] INFO  http.HttpServer2 (HttpServer2.java:addFilter(1014)) - Added filter static_user_filter (class=org.apache.hadoop.http.lib.StaticUserWebFilter$StaticUserFilter) to context logs
2021-10-05 01:20:32,195 [Listener at localhost/10876] INFO  http.HttpServer2 (HttpServer2.java:bindListener(1249)) - Jetty bound to port 10878
2021-10-05 01:20:32,195 [Listener at localhost/10876] INFO  server.Server (Server.java:doStart(375)) - jetty-9.4.43.v20210629; built: 2021-06-30T11:07:22.254Z; git: 526006ecfa3af7f1a27ef3a288e2bef7ea9dd7e8; jvm 1.8.0_292-b10
2021-10-05 01:20:32,199 [Listener at localhost/10876] INFO  server.session (DefaultSessionIdManager.java:doStart(334)) - DefaultSessionIdManager workerName=node0
2021-10-05 01:20:32,199 [Listener at localhost/10876] INFO  server.session (DefaultSessionIdManager.java:doStart(339)) - No SessionScavenger set, using defaults
2021-10-05 01:20:32,199 [Listener at localhost/10876] INFO  server.session (HouseKeeper.java:startScavenging(132)) - node0 Scavenging every 600000ms
2021-10-05 01:20:32,200 [Listener at localhost/10876] INFO  handler.ContextHandler (ContextHandler.java:doStart(915)) - Started o.e.j.s.ServletContextHandler@68412f49{logs,/logs,file:///home/runner/work/ozone/ozone/hadoop-ozone/integration-test/target/log,AVAILABLE}
2021-10-05 01:20:32,209 [Listener at localhost/10876] INFO  handler.ContextHandler (ContextHandler.java:doStart(915)) - Started o.e.j.s.ServletContextHandler@3d31fb13{static,/static,file:///home/runner/work/ozone/ozone/hadoop-ozone/integration-test/target/test-classes/webapps/static,AVAILABLE}
2021-10-05 01:20:32,212 [Listener at localhost/10876] INFO  handler.ContextHandler (ContextHandler.java:doStart(915)) - Started o.e.j.w.WebAppContext@6151be1e{ozoneManager,/,file:///home/runner/work/ozone/ozone/hadoop-ozone/integration-test/target/test-classes/webapps/ozoneManager/,AVAILABLE}{file:/home/runner/work/ozone/ozone/hadoop-ozone/integration-test/target/test-classes/webapps/ozoneManager}
2021-10-05 01:20:32,218 [Listener at localhost/10876] INFO  server.AbstractConnector (AbstractConnector.java:doStart(331)) - Started ServerConnector@7e6717e{HTTP/1.1, (http/1.1)}{0.0.0.0:10878}
2021-10-05 01:20:32,218 [Listener at localhost/10876] INFO  server.Server (Server.java:doStart(415)) - Started @405596ms
2021-10-05 01:20:32,218 [Listener at localhost/10876] WARN  impl.MetricsSystemImpl (MetricsSystemImpl.java:register(279)) - Sink prometheus already exists!
2021-10-05 01:20:32,219 [Listener at localhost/10876] INFO  http.BaseHttpServer (BaseHttpServer.java:updateConnectorAddress(329)) - HTTP server of ozoneManager listening at http://0.0.0.0:10878
2021-10-05 01:20:32,219 [IPC Server Responder] INFO  ipc.Server (Server.java:run(1507)) - IPC Server Responder: starting
2021-10-05 01:20:32,219 [IPC Server listener on 10876] INFO  ipc.Server (Server.java:run(1344)) - IPC Server listener on 10876: starting
2021-10-05 01:20:32,225 [Listener at localhost/10876] INFO  om.OzoneManager (OzoneManager.java:startTrashEmptier(1543)) - Trash Interval set to 0. Files deleted will not move to trash
2021-10-05 01:20:32,226 [Listener at localhost/10876] INFO  om.OzoneManager (OzoneManager.java:stop(1644)) - Stopping Ozone Manager
2021-10-05 01:20:32,226 [Listener at localhost/10876] INFO  ipc.Server (Server.java:stop(3414)) - Stopping server on 10882
2021-10-05 01:20:32,234 [org.apache.hadoop.util.JvmPauseMonitor$Monitor@6164c820] INFO  util.JvmPauseMonitor (JvmPauseMonitor.java:run(188)) - Starting JVM pause monitor
2021-10-05 01:20:32,235 [IPC Server listener on 10882] INFO  ipc.Server (Server.java:run(1376)) - Stopping IPC Server listener on 10882
2021-10-05 01:20:32,235 [IPC Server Responder] INFO  ipc.Server (Server.java:run(1512)) - Stopping IPC Server Responder
2021-10-05 01:20:32,235 [Listener at localhost/10876] INFO  server.RaftServer (RaftServerProxy.java:lambda$close$6(391)) - omNode-2: close
2021-10-05 01:20:32,235 [Listener at localhost/10876] INFO  server.RaftServer$Division (RaftServerImpl.java:lambda$close$4(407)) - omNode-2@group-523986131536: shutdown
2021-10-05 01:20:32,235 [Listener at localhost/10876] INFO  util.JmxRegister (JmxRegister.java:unregister(73)) - Successfully un-registered JMX Bean with object name Ratis:service=RaftServer,group=group-523986131536,id=omNode-2
2021-10-05 01:20:32,235 [Listener at localhost/10876] INFO  impl.RoleInfo (RoleInfo.java:shutdownLeaderState(91)) - omNode-2: shutdown omNode-2@group-523986131536-LeaderStateImpl
2021-10-05 01:20:32,236 [Listener at localhost/10876] INFO  impl.PendingRequests (PendingRequests.java:sendNotLeaderResponses(282)) - omNode-2@group-523986131536-PendingRequests: sendNotLeaderResponses
2021-10-05 01:20:32,236 [omNode-2@group-523986131536->omNode-3-GrpcLogAppender-LogAppenderDaemon] WARN  server.GrpcLogAppender (GrpcLogAppender.java:mayWait(175)) - omNode-2@group-523986131536->omNode-3-GrpcLogAppender: Wait interrupted by java.lang.InterruptedException
2021-10-05 01:20:32,236 [omNode-2@group-523986131536->omNode-1-GrpcLogAppender-LogAppenderDaemon] WARN  server.GrpcLogAppender (GrpcLogAppender.java:mayWait(175)) - omNode-2@group-523986131536->omNode-1-GrpcLogAppender: Wait interrupted by java.lang.InterruptedException
2021-10-05 01:20:32,237 [Listener at localhost/10876] INFO  impl.StateMachineUpdater (StateMachineUpdater.java:stopAndJoin(149)) - omNode-2@group-523986131536-StateMachineUpdater: set stopIndex = 30
2021-10-05 01:20:32,238 [omNode-2@group-523986131536-StateMachineUpdater] INFO  ratis.OzoneManagerStateMachine (OzoneManagerStateMachine.java:takeSnapshot(417)) - Current Snapshot Index (t:8, i:30)
2021-10-05 01:20:32,238 [omNode-2@group-523986131536-StateMachineUpdater] INFO  impl.StateMachineUpdater (StateMachineUpdater.java:takeSnapshot(281)) - omNode-2@group-523986131536-StateMachineUpdater: Took a snapshot at index 30
2021-10-05 01:20:32,238 [omNode-2@group-523986131536-StateMachineUpdater] INFO  impl.StateMachineUpdater (StateMachineUpdater.java:lambda$new$0(89)) - omNode-2@group-523986131536-StateMachineUpdater: snapshotIndex: updateIncreasingly 25 -> 30
2021-10-05 01:20:32,238 [omNode-2@group-523986131536-StateMachineUpdater] INFO  ratis.OzoneManagerStateMachine (OzoneManagerStateMachine.java:close(471)) - StateMachine has shutdown. Shutdown OzoneManager if not already shutdown.
2021-10-05 01:20:32,239 [Listener at localhost/10876] INFO  server.RaftServer$Division (ServerState.java:close(419)) - omNode-2@group-523986131536: closes. applyIndex: 30
2021-10-05 01:20:32,240 [omNode-2@group-523986131536-SegmentedRaftLogWorker] INFO  segmented.SegmentedRaftLogWorker (SegmentedRaftLogWorker.java:run(327)) - omNode-2@group-523986131536-SegmentedRaftLogWorker was interrupted, exiting. There are 0 tasks remaining in the queue.
2021-10-05 01:20:32,241 [Listener at localhost/10876] INFO  segmented.SegmentedRaftLogWorker (SegmentedRaftLogWorker.java:close(237)) - omNode-2@group-523986131536-SegmentedRaftLogWorker close()
2021-10-05 01:20:32,242 [Listener at localhost/10876] INFO  server.GrpcService (GrpcService.java:closeImpl(262)) - omNode-2: shutdown server with port 10886 now
2021-10-05 01:20:32,246 [Listener at localhost/10876] INFO  server.GrpcService (GrpcService.java:closeImpl(271)) - omNode-2: shutdown server with port 10886 successfully
2021-10-05 01:20:32,246 [org.apache.ratis.util.JvmPauseMonitor$$Lambda$523/848064357@2067fdac] INFO  util.JvmPauseMonitor (JvmPauseMonitor.java:run(109)) - JvmPauseMonitor-omNode-2: Stopped
2021-10-05 01:20:32,246 [Listener at localhost/10876] INFO  ratis.OzoneManagerDoubleBuffer (OzoneManagerDoubleBuffer.java:stop(437)) - Stopping OMDoubleBuffer flush thread
2021-10-05 01:20:32,246 [OMDoubleBufferFlushThread] INFO  ratis.OzoneManagerDoubleBuffer (OzoneManagerDoubleBuffer.java:flushTransactions(356)) - OMDoubleBuffer flush thread OMDoubleBufferFlushThread is interrupted and will exit. OMDoubleBufferFlushThread
2021-10-05 01:20:32,247 [Listener at localhost/10876] INFO  handler.ContextHandler (ContextHandler.java:doStop(1153)) - Stopped o.e.j.w.WebAppContext@13a1c1d{ozoneManager,/,null,STOPPED}{file:/home/runner/work/ozone/ozone/hadoop-ozone/integration-test/target/test-classes/webapps/ozoneManager}
2021-10-05 01:20:32,247 [Listener at localhost/10876] INFO  server.AbstractConnector (AbstractConnector.java:doStop(381)) - Stopped ServerConnector@704ea49d{HTTP/1.1, (http/1.1)}{0.0.0.0:10884}
2021-10-05 01:20:32,248 [Listener at localhost/10876] INFO  server.session (HouseKeeper.java:stopScavenging(149)) - node0 Stopped scavenging
2021-10-05 01:20:32,248 [Listener at localhost/10876] INFO  handler.ContextHandler (ContextHandler.java:doStop(1153)) - Stopped o.e.j.s.ServletContextHandler@8b100a{static,/static,file:///home/runner/work/ozone/ozone/hadoop-ozone/integration-test/target/test-classes/webapps/static,STOPPED}
2021-10-05 01:20:32,248 [Listener at localhost/10876] INFO  handler.ContextHandler (ContextHandler.java:doStop(1153)) - Stopped o.e.j.s.ServletContextHandler@6100bf59{logs,/logs,file:///home/runner/work/ozone/ozone/hadoop-ozone/integration-test/target/log,STOPPED}
2021-10-05 01:20:32,253 [Listener at localhost/10876] INFO  om.OzoneManager (OzoneManager.java:initFSOLayout(4333)) - Configured ozone.om.metadata.layout=SIMPLE and disabled optimized OM FS operations
2021-10-05 01:20:32,253 [Listener at localhost/10876] INFO  om.OzoneManager (OzoneManager.java:restart(1365)) - OzoneManager RPC server is listening at localhost/127.0.0.1:10882
2021-10-05 01:20:32,253 [Listener at localhost/10876] INFO  impl.MetricsSystemImpl (MetricsSystemImpl.java:init(158)) - OzoneManager metrics system started (again)
2021-10-05 01:20:32,272 [Listener at localhost/10876] WARN  server.ServerUtils (ServerUtils.java:getDBPath(225)) - ozone.om.db.dirs is not configured. We recommend adding this setting. Falling back to ozone.metadata.dirs instead.
2021-10-05 01:20:32,273 [Listener at localhost/10876] INFO  codec.OmKeyInfoCodec (OmKeyInfoCodec.java:<init>(51)) - OmKeyInfoCodec ignorePipeline = true
2021-10-05 01:20:32,273 [Listener at localhost/10876] INFO  codec.RepeatedOmKeyInfoCodec (RepeatedOmKeyInfoCodec.java:<init>(42)) - RepeatedOmKeyInfoCodec ignorePipeline = true
2021-10-05 01:20:32,310 [Listener at localhost/10876] WARN  impl.MetricRegistriesImpl (MetricRegistriesImpl.java:addReporterRegistration(111)) - New reporters are added after registries were created. Some metrics will be missing from the reporter. Please add reporter before adding any new registry.
2021-10-05 01:20:32,310 [Listener at localhost/10876] WARN  impl.MetricRegistriesImpl (MetricRegistriesImpl.java:addReporterRegistration(111)) - New reporters are added after registries were created. Some metrics will be missing from the reporter. Please add reporter before adding any new registry.
2021-10-05 01:20:32,311 [Listener at localhost/10876] WARN  server.ServerUtils (ServerUtils.java:getDefaultRatisDirectory(237)) - Storage directory for Ratis is not configured. It is a good idea to map this to an SSD disk. Falling back to ozone.metadata.dirs
2021-10-05 01:20:32,311 [Listener at localhost/10876] INFO  ratis.OzoneManagerRatisServer (OzoneManagerRatisServer.java:<init>(158)) - Instantiating OM Ratis server with groupID: om-service-test1 and peers: localhost:10886, localhost:10892, localhost:10880
2021-10-05 01:20:32,312 [Listener at localhost/10876] INFO  ratis.OzoneManagerStateMachine (OzoneManagerStateMachine.java:loadSnapshotInfoFromDB(605)) - LastAppliedIndex is set from TransactionInfo from OM DB as (t:8, i:30)
2021-10-05 01:20:32,312 [Listener at localhost/10876] INFO  server.RaftServer (ConfUtils.java:logGet(44)) - raft.rpc.type = GRPC (default)
2021-10-05 01:20:32,312 [Listener at localhost/10876] INFO  grpc.GrpcFactory (GrpcFactory.java:checkPooledByteBufAllocatorUseCacheForAllThreads(48)) - PERFORMANCE WARNING: useCacheForAllThreads is true that may cause Netty to create a lot garbage objects and, as a result, trigger GC.
	It is recommended to disable useCacheForAllThreads by setting -Dorg.apache.ratis.thirdparty.io.netty.allocator.useCacheForAllThreads=false in command line.
2021-10-05 01:20:32,312 [Listener at localhost/10876] INFO  grpc.GrpcConfigKeys (ConfUtils.java:logGet(44)) - raft.grpc.admin.port = -1 (default)
2021-10-05 01:20:32,312 [Listener at localhost/10876] INFO  grpc.GrpcConfigKeys (ConfUtils.java:logGet(44)) - raft.grpc.server.port = 10886 (custom)
2021-10-05 01:20:32,312 [Listener at localhost/10876] INFO  grpc.GrpcConfigKeys (ConfUtils.java:logGet(44)) - raft.grpc.client.port = -1 (default)
2021-10-05 01:20:32,312 [Listener at localhost/10876] INFO  grpc.GrpcConfigKeys (ConfUtils.java:logGet(44)) - raft.grpc.server.port = 10886 (custom)
2021-10-05 01:20:32,312 [Listener at localhost/10876] INFO  grpc.GrpcConfigKeys (ConfUtils.java:logGet(44)) - raft.grpc.server.port = 10886 (custom)
2021-10-05 01:20:32,313 [Listener at localhost/10876] INFO  server.GrpcService (ConfUtils.java:logGet(44)) - raft.grpc.message.size.max = 33554432 (custom)
2021-10-05 01:20:32,313 [Listener at localhost/10876] INFO  server.RaftServerConfigKeys (ConfUtils.java:logGet(44)) - raft.server.log.appender.buffer.byte-limit = 33554432 (custom)
2021-10-05 01:20:32,313 [Listener at localhost/10876] INFO  server.GrpcService (ConfUtils.java:logGet(44)) - raft.grpc.flow.control.window = 1MB (=1048576) (default)
2021-10-05 01:20:32,313 [Listener at localhost/10876] INFO  server.RaftServerConfigKeys (ConfUtils.java:logGet(44)) - raft.server.rpc.request.timeout = 3000ms (default)
2021-10-05 01:20:32,314 [Listener at localhost/10876] INFO  impl.DataStreamServerImpl (ConfUtils.java:logGet(44)) - raft.datastream.type = DISABLED (default)
2021-10-05 01:20:32,314 [Listener at localhost/10876] INFO  server.RaftServerConfigKeys (ConfUtils.java:logGet(44)) - raft.server.rpc.slowness.timeout = 2s (custom)
2021-10-05 01:20:32,314 [Listener at localhost/10876] INFO  server.RaftServerConfigKeys (ConfUtils.java:logGet(44)) - raft.server.leaderelection.leader.step-down.wait-time = 10s (default)
2021-10-05 01:20:32,314 [Listener at localhost/10876] INFO  server.RaftServerConfigKeys (ConfUtils.java:logGet(44)) - raft.server.storage.dir = [/home/runner/work/ozone/ozone/hadoop-ozone/integration-test/target/test-dir/MiniOzoneClusterImpl-46302e84-7680-4986-b584-895fe31d4053/omNode-2/ratis] (custom)
2021-10-05 01:20:32,314 [Listener at localhost/10876] INFO  server.RaftServer (RaftServerProxy.java:lambda$null$1(235)) - omNode-2: found a subdirectory /home/runner/work/ozone/ozone/hadoop-ozone/integration-test/target/test-dir/MiniOzoneClusterImpl-46302e84-7680-4986-b584-895fe31d4053/omNode-2/ratis/c9bc4cf4-3bc3-3c60-a66b-523986131536
2021-10-05 01:20:32,315 [Listener at localhost/10876] INFO  server.RaftServer (RaftServerProxy.java:addNew(95)) - omNode-2: addNew group-523986131536:[omNode-3|rpc:localhost:10892|priority:0, omNode-1|rpc:localhost:10880|priority:0, omNode-2|rpc:localhost:10886|priority:0] returns group-523986131536:java.util.concurrent.CompletableFuture@1e185150[Not completed]
2021-10-05 01:20:32,315 [pool-391-thread-1] INFO  server.RaftServer$Division (RaftServerImpl.java:<init>(181)) - omNode-2: new RaftServerImpl for group-523986131536:[omNode-3|rpc:localhost:10892|priority:0, omNode-1|rpc:localhost:10880|priority:0, omNode-2|rpc:localhost:10886|priority:0] with OzoneManagerStateMachine:uninitialized
2021-10-05 01:20:32,315 [Listener at localhost/10876] INFO  om.OzoneManager (OzoneManager.java:initializeRatisServer(1585)) - OzoneManager Ratis server initialized at port 10886
2021-10-05 01:20:32,315 [Listener at localhost/10876] INFO  ratis.OzoneManagerRatisServer (OzoneManagerRatisServer.java:start(516)) - Starting OzoneManagerRatisServer omNode-2 at port 10886
2021-10-05 01:20:32,316 [pool-391-thread-1] INFO  server.RaftServerConfigKeys (ConfUtils.java:logGet(44)) - raft.server.rpc.timeout.min = 1s (custom)
2021-10-05 01:20:32,316 [pool-391-thread-1] INFO  server.RaftServerConfigKeys (ConfUtils.java:logGet(44)) - raft.server.rpc.timeout.max = 1200ms (custom)
2021-10-05 01:20:32,316 [pool-391-thread-1] INFO  server.RaftServerConfigKeys (ConfUtils.java:logGet(44)) - raft.server.rpc.sleep.time = 25ms (default)
2021-10-05 01:20:32,316 [pool-391-thread-1] INFO  server.RaftServerConfigKeys (ConfUtils.java:logGet(44)) - raft.server.rpc.slowness.timeout = 2s (custom)
2021-10-05 01:20:32,316 [pool-391-thread-1] INFO  server.RaftServerConfigKeys (ConfUtils.java:logGet(44)) - raft.server.leaderelection.leader.step-down.wait-time = 10s (default)
2021-10-05 01:20:32,316 [pool-391-thread-1] INFO  server.RaftServerConfigKeys (ConfUtils.java:logGet(44)) - raft.server.sleep.deviation.threshold = 300ms (default)
2021-10-05 01:20:32,316 [pool-391-thread-1] INFO  server.RaftServerConfigKeys (ConfUtils.java:logGet(44)) - raft.server.log.appender.install.snapshot.enabled = false (custom)
2021-10-05 01:20:32,316 [pool-391-thread-1] INFO  server.RaftServer$Division (ServerState.java:<init>(105)) - omNode-2@group-523986131536: ConfigurationManager, init=-1: [omNode-3|rpc:localhost:10892|priority:0, omNode-1|rpc:localhost:10880|priority:0, omNode-2|rpc:localhost:10886|priority:0], old=null, confs=<EMPTY_MAP>
2021-10-05 01:20:32,316 [pool-391-thread-1] INFO  server.RaftServerConfigKeys (ConfUtils.java:logGet(44)) - raft.server.storage.dir = [/home/runner/work/ozone/ozone/hadoop-ozone/integration-test/target/test-dir/MiniOzoneClusterImpl-46302e84-7680-4986-b584-895fe31d4053/omNode-2/ratis] (custom)
2021-10-05 01:20:32,317 [pool-391-thread-1] INFO  server.RaftServerConfigKeys (ConfUtils.java:logGet(44)) - raft.server.log.corruption.policy = EXCEPTION (default)
2021-10-05 01:20:32,317 [pool-391-thread-1] INFO  server.RaftServerConfigKeys (ConfUtils.java:logGet(44)) - raft.server.storage.free-space.min = 0MB (=0) (default)
2021-10-05 01:20:32,318 [pool-391-thread-1] INFO  storage.RaftStorageDirectory (RaftStorageDirectoryImpl.java:tryLock(230)) - Lock on /home/runner/work/ozone/ozone/hadoop-ozone/integration-test/target/test-dir/MiniOzoneClusterImpl-46302e84-7680-4986-b584-895fe31d4053/omNode-2/ratis/c9bc4cf4-3bc3-3c60-a66b-523986131536/in_use.lock acquired by nodename 8677@fv-az50-768
2021-10-05 01:20:32,318 [pool-391-thread-1] INFO  storage.RaftStorage (RaftStorageImpl.java:analyzeAndRecoverStorage(110)) - Read RaftStorageMetadata{term=8, votedFor=omNode-2} from /home/runner/work/ozone/ozone/hadoop-ozone/integration-test/target/test-dir/MiniOzoneClusterImpl-46302e84-7680-4986-b584-895fe31d4053/omNode-2/ratis/c9bc4cf4-3bc3-3c60-a66b-523986131536/current/raft-meta
2021-10-05 01:20:32,318 [pool-391-thread-1] INFO  server.RaftServer$Division (ServerState.java:setRaftConf(387)) - omNode-2@group-523986131536: set configuration 27: [omNode-3|rpc:localhost:10892|admin:|client:|dataStream:|priority:0, omNode-1|rpc:localhost:10880|admin:|client:|dataStream:|priority:0, omNode-2|rpc:localhost:10886|admin:|client:|dataStream:|priority:0], old=null
2021-10-05 01:20:32,318 [pool-391-thread-1] INFO  server.RaftServerConfigKeys (ConfUtils.java:logGet(44)) - raft.server.notification.no-leader.timeout = 2s (custom)
2021-10-05 01:20:32,318 [pool-391-thread-1] INFO  server.RaftServerConfigKeys (ConfUtils.java:logGet(44)) - raft.server.log.use.memory = false (default)
2021-10-05 01:20:32,319 [pool-391-thread-1] INFO  server.RaftServerConfigKeys (ConfUtils.java:logGet(44)) - raft.server.log.purge.gap = 50 (custom)
2021-10-05 01:20:32,319 [pool-391-thread-1] INFO  server.RaftServerConfigKeys (ConfUtils.java:logGet(44)) - raft.server.log.appender.buffer.byte-limit = 33554432 (custom)
2021-10-05 01:20:32,319 [pool-391-thread-1] INFO  server.RaftServerConfigKeys (ConfUtils.java:logGet(44)) - raft.server.log.segment.size.max = 4194304 (custom)
2021-10-05 01:20:32,319 [pool-391-thread-1] INFO  server.RaftServerConfigKeys (ConfUtils.java:logGet(44)) - raft.server.log.segment.cache.num.max = 2 (custom)
2021-10-05 01:20:32,319 [pool-391-thread-1] INFO  server.RaftServerConfigKeys (ConfUtils.java:logGet(44)) - raft.server.log.segment.cache.size.max = 200MB (=209715200) (default)
2021-10-05 01:20:32,319 [pool-391-thread-1] INFO  segmented.SegmentedRaftLogWorker (SegmentedRaftLogWorker.java:<init>(182)) - new omNode-2@group-523986131536-SegmentedRaftLogWorker for RaftStorageImpl:Storage Directory /home/runner/work/ozone/ozone/hadoop-ozone/integration-test/target/test-dir/MiniOzoneClusterImpl-46302e84-7680-4986-b584-895fe31d4053/omNode-2/ratis/c9bc4cf4-3bc3-3c60-a66b-523986131536
2021-10-05 01:20:32,319 [pool-391-thread-1] INFO  server.RaftServerConfigKeys (ConfUtils.java:logGet(44)) - raft.server.log.queue.byte-limit = 64MB (=67108864) (default)
2021-10-05 01:20:32,319 [pool-391-thread-1] INFO  server.RaftServerConfigKeys (ConfUtils.java:logGet(44)) - raft.server.log.queue.element-limit = 4096 (default)
2021-10-05 01:20:32,320 [pool-391-thread-1] INFO  server.RaftServerConfigKeys (ConfUtils.java:logGet(44)) - raft.server.log.segment.size.max = 4194304 (custom)
2021-10-05 01:20:32,320 [pool-391-thread-1] INFO  server.RaftServerConfigKeys (ConfUtils.java:logGet(44)) - raft.server.log.preallocated.size = 4194304 (custom)
2021-10-05 01:20:32,320 [pool-391-thread-1] INFO  server.RaftServerConfigKeys (ConfUtils.java:logGet(44)) - raft.server.log.force.sync.num = 128 (default)
2021-10-05 01:20:32,320 [pool-391-thread-1] INFO  server.RaftServerConfigKeys (ConfUtils.java:logGet(44)) - raft.server.log.statemachine.data.sync = true (default)
2021-10-05 01:20:32,320 [pool-391-thread-1] INFO  server.RaftServerConfigKeys (ConfUtils.java:logGet(44)) - raft.server.log.statemachine.data.sync.timeout = 10s (default)
2021-10-05 01:20:32,320 [pool-391-thread-1] INFO  server.RaftServerConfigKeys (ConfUtils.java:logGet(44)) - raft.server.log.statemachine.data.sync.timeout.retry = -1 (default)
2021-10-05 01:20:32,321 [pool-391-thread-1] INFO  server.RaftServerConfigKeys (ConfUtils.java:logGet(44)) - raft.server.log.write.buffer.size = 64KB (=65536) (default)
2021-10-05 01:20:32,321 [pool-391-thread-1] INFO  server.RaftServerConfigKeys (ConfUtils.java:logGet(44)) - raft.server.log.statemachine.data.caching.enabled = false (default)
2021-10-05 01:20:32,321 [pool-391-thread-1] INFO  server.RaftServer$Division (ServerState.java:setRaftConf(387)) - omNode-2@group-523986131536: set configuration 16: [omNode-3|rpc:localhost:10892|admin:|client:|dataStream:|priority:0, omNode-1|rpc:localhost:10880|admin:|client:|dataStream:|priority:0, omNode-2|rpc:localhost:10886|admin:|client:|dataStream:|priority:0], old=null
2021-10-05 01:20:32,322 [pool-391-thread-1] INFO  segmented.LogSegment (LogSegment.java:loadSegment(173)) - Successfully read 2 entries from segment file /home/runner/work/ozone/ozone/hadoop-ozone/integration-test/target/test-dir/MiniOzoneClusterImpl-46302e84-7680-4986-b584-895fe31d4053/omNode-2/ratis/c9bc4cf4-3bc3-3c60-a66b-523986131536/current/log_16-17
2021-10-05 01:20:32,322 [pool-391-thread-1] INFO  server.RaftServer$Division (ServerState.java:setRaftConf(387)) - omNode-2@group-523986131536: set configuration 18: [omNode-3|rpc:localhost:10892|admin:|client:|dataStream:|priority:0, omNode-1|rpc:localhost:10880|admin:|client:|dataStream:|priority:0, omNode-2|rpc:localhost:10886|admin:|client:|dataStream:|priority:0], old=null
2021-10-05 01:20:32,322 [pool-391-thread-1] INFO  segmented.LogSegment (LogSegment.java:loadSegment(173)) - Successfully read 4 entries from segment file /home/runner/work/ozone/ozone/hadoop-ozone/integration-test/target/test-dir/MiniOzoneClusterImpl-46302e84-7680-4986-b584-895fe31d4053/omNode-2/ratis/c9bc4cf4-3bc3-3c60-a66b-523986131536/current/log_18-21
2021-10-05 01:20:32,322 [pool-391-thread-1] INFO  server.RaftServer$Division (ServerState.java:setRaftConf(387)) - omNode-2@group-523986131536: set configuration 22: [omNode-3|rpc:localhost:10892|admin:|client:|dataStream:|priority:0, omNode-1|rpc:localhost:10880|admin:|client:|dataStream:|priority:0, omNode-2|rpc:localhost:10886|admin:|client:|dataStream:|priority:0], old=null
2021-10-05 01:20:32,322 [pool-391-thread-1] INFO  segmented.LogSegment (LogSegment.java:loadSegment(173)) - Successfully read 4 entries from segment file /home/runner/work/ozone/ozone/hadoop-ozone/integration-test/target/test-dir/MiniOzoneClusterImpl-46302e84-7680-4986-b584-895fe31d4053/omNode-2/ratis/c9bc4cf4-3bc3-3c60-a66b-523986131536/current/log_22-25
2021-10-05 01:20:32,322 [pool-391-thread-1] INFO  server.RaftServer$Division (ServerState.java:setRaftConf(387)) - omNode-2@group-523986131536: set configuration 26: [omNode-3|rpc:localhost:10892|admin:|client:|dataStream:|priority:0, omNode-1|rpc:localhost:10880|admin:|client:|dataStream:|priority:0, omNode-2|rpc:localhost:10886|admin:|client:|dataStream:|priority:0], old=null
2021-10-05 01:20:32,322 [pool-391-thread-1] INFO  segmented.LogSegment (LogSegment.java:loadSegment(173)) - Successfully read 1 entries from segment file /home/runner/work/ozone/ozone/hadoop-ozone/integration-test/target/test-dir/MiniOzoneClusterImpl-46302e84-7680-4986-b584-895fe31d4053/omNode-2/ratis/c9bc4cf4-3bc3-3c60-a66b-523986131536/current/log_26-26
2021-10-05 01:20:32,323 [pool-391-thread-1] INFO  server.RaftServer$Division (ServerState.java:setRaftConf(387)) - omNode-2@group-523986131536: set configuration 27: [omNode-3|rpc:localhost:10892|admin:|client:|dataStream:|priority:0, omNode-1|rpc:localhost:10880|admin:|client:|dataStream:|priority:0, omNode-2|rpc:localhost:10886|admin:|client:|dataStream:|priority:0], old=null
2021-10-05 01:20:32,323 [pool-391-thread-1] INFO  segmented.LogSegment (LogSegment.java:loadSegment(173)) - Successfully read 4 entries from segment file /home/runner/work/ozone/ozone/hadoop-ozone/integration-test/target/test-dir/MiniOzoneClusterImpl-46302e84-7680-4986-b584-895fe31d4053/omNode-2/ratis/c9bc4cf4-3bc3-3c60-a66b-523986131536/current/log_inprogress_27
2021-10-05 01:20:32,323 [pool-391-thread-1] INFO  segmented.SegmentedRaftLogWorker (SegmentedRaftLogWorker.java:lambda$new$0(133)) - omNode-2@group-523986131536-SegmentedRaftLogWorker: flushIndex: setUnconditionally 0 -> 30
2021-10-05 01:20:32,323 [pool-391-thread-1] INFO  segmented.SegmentedRaftLogWorker (SegmentedRaftLogWorker.java:lambda$new$0(133)) - omNode-2@group-523986131536-SegmentedRaftLogWorker: safeCacheEvictIndex: setUnconditionally 0 -> 26
2021-10-05 01:20:32,323 [pool-391-thread-1] INFO  raftlog.RaftLog (RaftLogBase.java:lambda$new$0(53)) - omNode-2@group-523986131536-SegmentedRaftLog: commitIndex: updateToMax old=30, new=29, updated? false
2021-10-05 01:20:32,323 [pool-391-thread-1] INFO  raftlog.RaftLog (RaftLogBase.java:lambda$new$0(53)) - omNode-2@group-523986131536-SegmentedRaftLog: purgeIndex: updateIncreasingly -1 -> 15
2021-10-05 01:20:32,323 [pool-391-thread-1] INFO  server.RaftServerConfigKeys (ConfUtils.java:logGet(44)) - raft.server.snapshot.auto.trigger.enabled = true (custom)
2021-10-05 01:20:32,323 [pool-391-thread-1] INFO  server.RaftServerConfigKeys (ConfUtils.java:logGet(44)) - raft.server.snapshot.auto.trigger.threshold = 50 (custom)
2021-10-05 01:20:32,323 [pool-391-thread-1] INFO  server.RaftServerConfigKeys (ConfUtils.java:logGet(44)) - raft.server.snapshot.retention.file.num = -1 (default)
2021-10-05 01:20:32,323 [pool-391-thread-1] INFO  server.RaftServerConfigKeys (ConfUtils.java:logGet(44)) - raft.server.log.purge.upto.snapshot.index = true (custom)
2021-10-05 01:20:32,323 [pool-391-thread-1] INFO  server.RaftServerConfigKeys (ConfUtils.java:logGet(44)) - raft.server.retrycache.expirytime = 30000ms (custom)
2021-10-05 01:20:32,323 [pool-391-thread-1] INFO  server.RaftServerConfigKeys (ConfUtils.java:logGet(44)) - raft.server.retrycache.statistics.expirytime = 100μs (default)
2021-10-05 01:20:32,325 [Listener at localhost/10876] INFO  server.RaftServer$Division (RaftServerImpl.java:start(296)) - omNode-2@group-523986131536: start as a follower, conf=27: [omNode-3|rpc:localhost:10892|admin:|client:|dataStream:|priority:0, omNode-1|rpc:localhost:10880|admin:|client:|dataStream:|priority:0, omNode-2|rpc:localhost:10886|admin:|client:|dataStream:|priority:0], old=null
2021-10-05 01:20:32,325 [Listener at localhost/10876] INFO  server.RaftServer$Division (RaftServerImpl.java:setRole(285)) - omNode-2@group-523986131536: changes role from      null to FOLLOWER at term 8 for startAsFollower
2021-10-05 01:20:32,325 [Listener at localhost/10876] INFO  impl.RoleInfo (RoleInfo.java:updateAndGet(130)) - omNode-2: start omNode-2@group-523986131536-FollowerState
2021-10-05 01:20:32,325 [Listener at localhost/10876] INFO  util.JmxRegister (JmxRegister.java:tryRegister(44)) - Successfully registered JMX Bean with object name Ratis:service=RaftServer,group=group-523986131536,id=omNode-2
2021-10-05 01:20:32,326 [Listener at localhost/10876] INFO  server.RaftServer (RaftServerProxy.java:lambda$start$5(374)) - omNode-2: start RPC server
2021-10-05 01:20:32,326 [Listener at localhost/10876] INFO  server.GrpcService (GrpcService.java:startImpl(253)) - omNode-2: GrpcService started, listening on 10886
2021-10-05 01:20:32,327 [Listener at localhost/10876] INFO  ipc.CallQueueManager (CallQueueManager.java:<init>(90)) - Using callQueue: class java.util.concurrent.LinkedBlockingQueue, queueCapacity: 2000, scheduler: class org.apache.hadoop.ipc.DefaultRpcScheduler, ipcBackoff: false.
2021-10-05 01:20:32,327 [org.apache.ratis.util.JvmPauseMonitor$$Lambda$523/848064357@5c1ab198] INFO  util.JvmPauseMonitor (JvmPauseMonitor.java:run(103)) - JvmPauseMonitor-omNode-2: Started
2021-10-05 01:20:32,328 [Socket Reader #1 for port 10882] INFO  ipc.Server (Server.java:run(1265)) - Starting Socket Reader #1 for port 10882
2021-10-05 01:20:32,330 [Listener at localhost/10882] INFO  http.BaseHttpServer (BaseHttpServer.java:newHttpServer2BuilderForOzone(209)) - Starting Web-server for ozoneManager at: http://0.0.0.0:10884
2021-10-05 01:20:32,330 [Listener at localhost/10882] INFO  http.BaseHttpServer (BaseHttpServer.java:<init>(107)) - Hadoop Security Enabled: false Ozone Security Enabled: false Ozone HTTP Security Enabled: false 
2021-10-05 01:20:32,331 [Listener at localhost/10882] INFO  server.AuthenticationFilter (AuthenticationFilter.java:constructSecretProvider(240)) - Unable to initialize FileSignerSecretProvider, falling back to use random secrets.
2021-10-05 01:20:32,332 [Listener at localhost/10882] WARN  http.HttpRequestLog (HttpRequestLog.java:getRequestLog(103)) - Jetty request log can only be enabled using Log4j
2021-10-05 01:20:32,332 [Listener at localhost/10882] INFO  http.HttpServer2 (HttpServer2.java:addGlobalFilter(1030)) - Added global filter 'safety' (class=org.apache.hadoop.hdds.server.http.HttpServer2$QuotingInputFilter)
2021-10-05 01:20:32,333 [Listener at localhost/10882] INFO  http.HttpServer2 (HttpServer2.java:addFilter(1006)) - Added filter static_user_filter (class=org.apache.hadoop.http.lib.StaticUserWebFilter$StaticUserFilter) to context ozoneManager
2021-10-05 01:20:32,333 [Listener at localhost/10882] INFO  http.HttpServer2 (HttpServer2.java:addFilter(1014)) - Added filter static_user_filter (class=org.apache.hadoop.http.lib.StaticUserWebFilter$StaticUserFilter) to context logs
2021-10-05 01:20:32,333 [Listener at localhost/10882] INFO  http.HttpServer2 (HttpServer2.java:addFilter(1014)) - Added filter static_user_filter (class=org.apache.hadoop.http.lib.StaticUserWebFilter$StaticUserFilter) to context static
2021-10-05 01:20:32,334 [Listener at localhost/10882] INFO  http.HttpServer2 (HttpServer2.java:bindListener(1249)) - Jetty bound to port 10884
2021-10-05 01:20:32,334 [Listener at localhost/10882] INFO  server.Server (Server.java:doStart(375)) - jetty-9.4.43.v20210629; built: 2021-06-30T11:07:22.254Z; git: 526006ecfa3af7f1a27ef3a288e2bef7ea9dd7e8; jvm 1.8.0_292-b10
2021-10-05 01:20:32,340 [Listener at localhost/10882] INFO  server.session (DefaultSessionIdManager.java:doStart(334)) - DefaultSessionIdManager workerName=node0
2021-10-05 01:20:32,340 [Listener at localhost/10882] INFO  server.session (DefaultSessionIdManager.java:doStart(339)) - No SessionScavenger set, using defaults
2021-10-05 01:20:32,341 [Listener at localhost/10882] INFO  server.session (HouseKeeper.java:startScavenging(132)) - node0 Scavenging every 660000ms
2021-10-05 01:20:32,342 [Listener at localhost/10882] INFO  handler.ContextHandler (ContextHandler.java:doStart(915)) - Started o.e.j.s.ServletContextHandler@79ea5a7e{logs,/logs,file:///home/runner/work/ozone/ozone/hadoop-ozone/integration-test/target/log,AVAILABLE}
2021-10-05 01:20:32,342 [Listener at localhost/10882] INFO  handler.ContextHandler (ContextHandler.java:doStart(915)) - Started o.e.j.s.ServletContextHandler@ff67e81{static,/static,file:///home/runner/work/ozone/ozone/hadoop-ozone/integration-test/target/test-classes/webapps/static,AVAILABLE}
2021-10-05 01:20:32,345 [Listener at localhost/10882] INFO  handler.ContextHandler (ContextHandler.java:doStart(915)) - Started o.e.j.w.WebAppContext@56646286{ozoneManager,/,file:///home/runner/work/ozone/ozone/hadoop-ozone/integration-test/target/test-classes/webapps/ozoneManager/,AVAILABLE}{file:/home/runner/work/ozone/ozone/hadoop-ozone/integration-test/target/test-classes/webapps/ozoneManager}
2021-10-05 01:20:32,346 [Listener at localhost/10882] INFO  server.AbstractConnector (AbstractConnector.java:doStart(331)) - Started ServerConnector@3b9c37cc{HTTP/1.1, (http/1.1)}{0.0.0.0:10884}
2021-10-05 01:20:32,346 [Listener at localhost/10882] INFO  server.Server (Server.java:doStart(415)) - Started @405724ms
2021-10-05 01:20:32,346 [Listener at localhost/10882] WARN  impl.MetricsSystemImpl (MetricsSystemImpl.java:register(279)) - Sink prometheus already exists!
2021-10-05 01:20:32,347 [Listener at localhost/10882] INFO  http.BaseHttpServer (BaseHttpServer.java:updateConnectorAddress(329)) - HTTP server of ozoneManager listening at http://0.0.0.0:10884
2021-10-05 01:20:32,352 [IPC Server Responder] INFO  ipc.Server (Server.java:run(1507)) - IPC Server Responder: starting
2021-10-05 01:20:32,353 [IPC Server listener on 10882] INFO  ipc.Server (Server.java:run(1344)) - IPC Server listener on 10882: starting
2021-10-05 01:20:32,356 [Listener at localhost/10882] INFO  om.OzoneManager (OzoneManager.java:startTrashEmptier(1543)) - Trash Interval set to 0. Files deleted will not move to trash
]]></system-out>
  </testcase>
  <testcase name="testPrepareWithRestart" classname="org.apache.hadoop.ozone.om.TestOzoneManagerPrepare" time="125.687">
    <error message="timeout: after 120000 millis" type="java.util.concurrent.TimeoutException">java.util.concurrent.TimeoutException: timeout: after 120000 millis
	at org.apache.ozone.test.LambdaTestUtils$GenerateTimeout.evaluate(LambdaTestUtils.java:677)
	at org.apache.ozone.test.LambdaTestUtils.await(LambdaTestUtils.java:154)
	at org.apache.ozone.test.LambdaTestUtils.await(LambdaTestUtils.java:192)
	at org.apache.hadoop.ozone.om.TestOzoneManagerPrepare.assertClusterNotPrepared(TestOzoneManagerPrepare.java:484)
	at org.apache.hadoop.ozone.om.TestOzoneManagerPrepare.assertClusterNotPrepared(TestOzoneManagerPrepare.java:478)
	at org.apache.hadoop.ozone.om.TestOzoneManagerPrepare.initOM(TestOzoneManagerPrepare.java:91)
	at sun.reflect.NativeMethodAccessorImpl.invoke0(Native Method)
	at sun.reflect.NativeMethodAccessorImpl.invoke(NativeMethodAccessorImpl.java:62)
	at sun.reflect.DelegatingMethodAccessorImpl.invoke(DelegatingMethodAccessorImpl.java:43)
	at java.lang.reflect.Method.invoke(Method.java:498)
	at org.junit.runners.model.FrameworkMethod$1.runReflectiveCall(FrameworkMethod.java:59)
	at org.junit.internal.runners.model.ReflectiveCallable.run(ReflectiveCallable.java:12)
	at org.junit.runners.model.FrameworkMethod.invokeExplosively(FrameworkMethod.java:56)
	at org.junit.internal.runners.statements.RunBefores.invokeMethod(RunBefores.java:33)
	at org.junit.internal.runners.statements.RunBefores.evaluate(RunBefores.java:24)
	at org.junit.internal.runners.statements.RunAfters.evaluate(RunAfters.java:27)
	at org.junit.rules.ExpectedException$ExpectedExceptionStatement.evaluate(ExpectedException.java:258)
	at org.junit.internal.runners.statements.FailOnTimeout$CallableStatement.call(FailOnTimeout.java:288)
	at org.junit.internal.runners.statements.FailOnTimeout$CallableStatement.call(FailOnTimeout.java:282)
	at java.util.concurrent.FutureTask.run(FutureTask.java:266)
	at java.lang.Thread.run(Thread.java:748)
</error>
    <system-out><![CDATA[2021-10-05 01:20:32,361 [org.apache.hadoop.util.JvmPauseMonitor$Monitor@92d33bd] INFO  util.JvmPauseMonitor (JvmPauseMonitor.java:run(188)) - Starting JVM pause monitor
2021-10-05 01:20:32,368 [Time-limited test] INFO  retry.RetryInvocationHandler (RetryInvocationHandler.java:log(411)) - com.google.protobuf.ServiceException: org.apache.hadoop.ipc.RemoteException(org.apache.hadoop.ozone.om.exceptions.OMNotLeaderException): OM:omNode-2 is not the leader. Could not determine the leader node.
	at org.apache.hadoop.ozone.om.ratis.utils.OzoneManagerRatisUtils.createNotLeaderException(OzoneManagerRatisUtils.java:465)
	at org.apache.hadoop.ozone.om.ratis.utils.OzoneManagerRatisUtils.checkLeaderStatus(OzoneManagerRatisUtils.java:451)
	at org.apache.hadoop.ozone.protocolPB.OzoneManagerProtocolServerSideTranslatorPB.checkLeaderStatus(OzoneManagerProtocolServerSideTranslatorPB.java:242)
	at org.apache.hadoop.ozone.protocolPB.OzoneManagerProtocolServerSideTranslatorPB.processRequest(OzoneManagerProtocolServerSideTranslatorPB.java:135)
	at org.apache.hadoop.hdds.server.OzoneProtocolMessageDispatcher.processRequest(OzoneProtocolMessageDispatcher.java:87)
	at org.apache.hadoop.ozone.protocolPB.OzoneManagerProtocolServerSideTranslatorPB.submitRequest(OzoneManagerProtocolServerSideTranslatorPB.java:123)
	at org.apache.hadoop.ozone.protocol.proto.OzoneManagerProtocolProtos$OzoneManagerService$2.callBlockingMethod(OzoneManagerProtocolProtos.java)
	at org.apache.hadoop.ipc.ProtobufRpcEngine$Server.processCall(ProtobufRpcEngine.java:466)
	at org.apache.hadoop.ipc.ProtobufRpcEngine2$Server$ProtoBufRpcInvoker.call(ProtobufRpcEngine2.java:574)
	at org.apache.hadoop.ipc.ProtobufRpcEngine2$Server$ProtoBufRpcInvoker.call(ProtobufRpcEngine2.java:552)
	at org.apache.hadoop.ipc.RPC$Server.call(RPC.java:1093)
	at org.apache.hadoop.ipc.Server$RpcCall.run(Server.java:1035)
	at org.apache.hadoop.ipc.Server$RpcCall.run(Server.java:963)
	at java.security.AccessController.doPrivileged(Native Method)
	at javax.security.auth.Subject.doAs(Subject.java:422)
	at org.apache.hadoop.security.UserGroupInformation.doAs(UserGroupInformation.java:1878)
	at org.apache.hadoop.ipc.Server$Handler.run(Server.java:2966)
, while invoking $Proxy52.submitRequest over nodeId=omNode-2,nodeAddress=127.0.0.1:10882. Trying to failover immediately.
2021-10-05 01:20:32,378 [Time-limited test] INFO  retry.RetryInvocationHandler (RetryInvocationHandler.java:log(411)) - com.google.protobuf.ServiceException: org.apache.hadoop.ipc.RemoteException(org.apache.hadoop.ozone.om.exceptions.OMNotLeaderException): OM:omNode-3 is not the leader. Could not determine the leader node.
	at org.apache.hadoop.ozone.om.ratis.utils.OzoneManagerRatisUtils.createNotLeaderException(OzoneManagerRatisUtils.java:465)
	at org.apache.hadoop.ozone.om.ratis.utils.OzoneManagerRatisUtils.checkLeaderStatus(OzoneManagerRatisUtils.java:451)
	at org.apache.hadoop.ozone.protocolPB.OzoneManagerProtocolServerSideTranslatorPB.checkLeaderStatus(OzoneManagerProtocolServerSideTranslatorPB.java:242)
	at org.apache.hadoop.ozone.protocolPB.OzoneManagerProtocolServerSideTranslatorPB.processRequest(OzoneManagerProtocolServerSideTranslatorPB.java:135)
	at org.apache.hadoop.hdds.server.OzoneProtocolMessageDispatcher.processRequest(OzoneProtocolMessageDispatcher.java:87)
	at org.apache.hadoop.ozone.protocolPB.OzoneManagerProtocolServerSideTranslatorPB.submitRequest(OzoneManagerProtocolServerSideTranslatorPB.java:123)
	at org.apache.hadoop.ozone.protocol.proto.OzoneManagerProtocolProtos$OzoneManagerService$2.callBlockingMethod(OzoneManagerProtocolProtos.java)
	at org.apache.hadoop.ipc.ProtobufRpcEngine$Server.processCall(ProtobufRpcEngine.java:466)
	at org.apache.hadoop.ipc.ProtobufRpcEngine2$Server$ProtoBufRpcInvoker.call(ProtobufRpcEngine2.java:574)
	at org.apache.hadoop.ipc.ProtobufRpcEngine2$Server$ProtoBufRpcInvoker.call(ProtobufRpcEngine2.java:552)
	at org.apache.hadoop.ipc.RPC$Server.call(RPC.java:1093)
	at org.apache.hadoop.ipc.Server$RpcCall.run(Server.java:1035)
	at org.apache.hadoop.ipc.Server$RpcCall.run(Server.java:963)
	at java.security.AccessController.doPrivileged(Native Method)
	at javax.security.auth.Subject.doAs(Subject.java:422)
	at org.apache.hadoop.security.UserGroupInformation.doAs(UserGroupInformation.java:1878)
	at org.apache.hadoop.ipc.Server$Handler.run(Server.java:2966)
, while invoking $Proxy52.submitRequest over nodeId=omNode-3,nodeAddress=127.0.0.1:10888 after 1 failover attempts. Trying to failover immediately.
2021-10-05 01:20:32,386 [Time-limited test] INFO  retry.RetryInvocationHandler (RetryInvocationHandler.java:log(411)) - com.google.protobuf.ServiceException: org.apache.hadoop.ipc.RemoteException(org.apache.hadoop.ozone.om.exceptions.OMNotLeaderException): OM:omNode-1 is not the leader. Could not determine the leader node.
	at org.apache.hadoop.ozone.om.ratis.utils.OzoneManagerRatisUtils.createNotLeaderException(OzoneManagerRatisUtils.java:465)
	at org.apache.hadoop.ozone.om.ratis.utils.OzoneManagerRatisUtils.checkLeaderStatus(OzoneManagerRatisUtils.java:451)
	at org.apache.hadoop.ozone.protocolPB.OzoneManagerProtocolServerSideTranslatorPB.checkLeaderStatus(OzoneManagerProtocolServerSideTranslatorPB.java:242)
	at org.apache.hadoop.ozone.protocolPB.OzoneManagerProtocolServerSideTranslatorPB.processRequest(OzoneManagerProtocolServerSideTranslatorPB.java:135)
	at org.apache.hadoop.hdds.server.OzoneProtocolMessageDispatcher.processRequest(OzoneProtocolMessageDispatcher.java:87)
	at org.apache.hadoop.ozone.protocolPB.OzoneManagerProtocolServerSideTranslatorPB.submitRequest(OzoneManagerProtocolServerSideTranslatorPB.java:123)
	at org.apache.hadoop.ozone.protocol.proto.OzoneManagerProtocolProtos$OzoneManagerService$2.callBlockingMethod(OzoneManagerProtocolProtos.java)
	at org.apache.hadoop.ipc.ProtobufRpcEngine$Server.processCall(ProtobufRpcEngine.java:466)
	at org.apache.hadoop.ipc.ProtobufRpcEngine2$Server$ProtoBufRpcInvoker.call(ProtobufRpcEngine2.java:574)
	at org.apache.hadoop.ipc.ProtobufRpcEngine2$Server$ProtoBufRpcInvoker.call(ProtobufRpcEngine2.java:552)
	at org.apache.hadoop.ipc.RPC$Server.call(RPC.java:1093)
	at org.apache.hadoop.ipc.Server$RpcCall.run(Server.java:1035)
	at org.apache.hadoop.ipc.Server$RpcCall.run(Server.java:963)
	at java.security.AccessController.doPrivileged(Native Method)
	at javax.security.auth.Subject.doAs(Subject.java:422)
	at org.apache.hadoop.security.UserGroupInformation.doAs(UserGroupInformation.java:1878)
	at org.apache.hadoop.ipc.Server$Handler.run(Server.java:2966)
, while invoking $Proxy52.submitRequest over nodeId=omNode-1,nodeAddress=127.0.0.1:10876 after 2 failover attempts. Trying to failover after sleeping for 2000ms.
2021-10-05 01:20:33,198 [omNode-3@group-523986131536-FollowerState] INFO  impl.FollowerState (FollowerState.java:run(134)) - omNode-3@group-523986131536-FollowerState: change to CANDIDATE, lastRpcElapsedTime:1153093095ns, electionTimeout:1152ms
2021-10-05 01:20:33,199 [omNode-3@group-523986131536-FollowerState] INFO  impl.RoleInfo (RoleInfo.java:shutdownFollowerState(108)) - omNode-3: shutdown omNode-3@group-523986131536-FollowerState
2021-10-05 01:20:33,200 [omNode-3@group-523986131536-FollowerState] INFO  server.RaftServer$Division (RaftServerImpl.java:setRole(285)) - omNode-3@group-523986131536: changes role from  FOLLOWER to CANDIDATE at term 8 for changeToCandidate
2021-10-05 01:20:33,200 [omNode-3@group-523986131536-FollowerState] INFO  server.RaftServerConfigKeys (ConfUtils.java:logGet(44)) - raft.server.leaderelection.pre-vote = false (custom)
2021-10-05 01:20:33,200 [omNode-3@group-523986131536-FollowerState] INFO  impl.RoleInfo (RoleInfo.java:updateAndGet(130)) - omNode-3: start omNode-3@group-523986131536-LeaderElection18
2021-10-05 01:20:33,203 [omNode-3@group-523986131536-LeaderElection18] INFO  impl.LeaderElection (LeaderElection.java:askForVotes(306)) - omNode-3@group-523986131536-LeaderElection18 ELECTION round 0: submit vote requests at term 9 for 27: [omNode-3|rpc:localhost:10892|admin:|client:|dataStream:|priority:0, omNode-1|rpc:localhost:10880|admin:|client:|dataStream:|priority:0, omNode-2|rpc:localhost:10886|admin:|client:|dataStream:|priority:0], old=null
2021-10-05 01:20:33,219 [grpc-default-executor-14] INFO  server.RaftServer$Division (RaftServerImpl.java:requestVote(1043)) - omNode-1@group-523986131536: receive requestVote(ELECTION, omNode-3, group-523986131536, 9, (t:8, i:30))
2021-10-05 01:20:33,219 [grpc-default-executor-14] INFO  impl.VoteContext (VoteContext.java:log(48)) - omNode-1@group-523986131536-FOLLOWER: accept ELECTION from omNode-3: our last entry (t:2, i:15) < candidate's last entry (t:8, i:30)
2021-10-05 01:20:33,219 [grpc-default-executor-14] INFO  server.RaftServer$Division (RaftServerImpl.java:setRole(285)) - omNode-1@group-523986131536: changes role from  FOLLOWER to FOLLOWER at term 9 for candidate:omNode-3
2021-10-05 01:20:33,219 [grpc-default-executor-14] INFO  impl.RoleInfo (RoleInfo.java:shutdownFollowerState(108)) - omNode-1: shutdown omNode-1@group-523986131536-FollowerState
2021-10-05 01:20:33,220 [grpc-default-executor-14] INFO  impl.RoleInfo (RoleInfo.java:updateAndGet(130)) - omNode-1: start omNode-1@group-523986131536-FollowerState
2021-10-05 01:20:33,220 [omNode-1@group-523986131536-FollowerState] INFO  impl.FollowerState (FollowerState.java:run(143)) - omNode-1@group-523986131536-FollowerState was interrupted: {}
java.lang.InterruptedException: sleep interrupted
	at java.lang.Thread.sleep(Native Method)
	at java.lang.Thread.sleep(Thread.java:340)
	at java.util.concurrent.TimeUnit.sleep(TimeUnit.java:386)
	at org.apache.ratis.util.TimeDuration.sleep(TimeDuration.java:324)
	at org.apache.ratis.util.TimeDuration.sleep(TimeDuration.java:309)
	at org.apache.ratis.server.impl.FollowerState.run(FollowerState.java:118)
2021-10-05 01:20:33,229 [grpc-default-executor-14] INFO  server.RaftServer$Division (RaftServerImpl.java:requestVote(1075)) - omNode-1@group-523986131536 replies to ELECTION vote request: omNode-3<-omNode-1#0:OK-t9. Peer's state: omNode-1@group-523986131536:t9, leader=null, voted=omNode-3, raftlog=omNode-1@group-523986131536-SegmentedRaftLog:OPENED:c15,f15,i0, conf=27: [omNode-3|rpc:localhost:10892|admin:|client:|dataStream:|priority:0, omNode-1|rpc:localhost:10880|admin:|client:|dataStream:|priority:0, omNode-2|rpc:localhost:10886|admin:|client:|dataStream:|priority:0], old=null
2021-10-05 01:20:33,230 [omNode-3@group-523986131536-LeaderElection18] INFO  impl.LeaderElection (LeaderElection.java:logAndReturn(89)) - omNode-3@group-523986131536-LeaderElection18: ELECTION PASSED received 1 response(s) and 0 exception(s):
2021-10-05 01:20:33,230 [omNode-3@group-523986131536-LeaderElection18] INFO  impl.LeaderElection (LeaderElection.java:logAndReturn(93)) -   Response 0: omNode-3<-omNode-1#0:OK-t9
2021-10-05 01:20:33,230 [omNode-3@group-523986131536-LeaderElection18] INFO  impl.LeaderElection (LeaderElection.java:askForVotes(308)) - omNode-3@group-523986131536-LeaderElection18 ELECTION round 0: result PASSED
2021-10-05 01:20:33,230 [omNode-3@group-523986131536-LeaderElection18] INFO  impl.RoleInfo (RoleInfo.java:shutdownLeaderElection(121)) - omNode-3: shutdown omNode-3@group-523986131536-LeaderElection18
2021-10-05 01:20:33,230 [omNode-3@group-523986131536-LeaderElection18] INFO  server.RaftServer$Division (RaftServerImpl.java:setRole(285)) - omNode-3@group-523986131536: changes role from CANDIDATE to LEADER at term 9 for changeToLeader
2021-10-05 01:20:33,230 [omNode-3@group-523986131536-LeaderElection18] INFO  server.RaftServer$Division (ServerState.java:setLeader(285)) - omNode-3@group-523986131536: change Leader from null to omNode-3 at term 9 for becomeLeader, leader elected after 1193ms
2021-10-05 01:20:33,230 [omNode-3@group-523986131536-LeaderElection18] INFO  server.RaftServerConfigKeys (ConfUtils.java:logGet(44)) - raft.server.staging.catchup.gap = 1000 (default)
2021-10-05 01:20:33,231 [omNode-3@group-523986131536-LeaderElection18] INFO  server.RaftServerConfigKeys (ConfUtils.java:logGet(44)) - raft.server.write.element-limit = 4096 (default)
2021-10-05 01:20:33,231 [omNode-3@group-523986131536-LeaderElection18] INFO  server.RaftServerConfigKeys (ConfUtils.java:logGet(44)) - raft.server.write.byte-limit = 64MB (=67108864) (default)
2021-10-05 01:20:33,231 [omNode-3@group-523986131536-LeaderElection18] INFO  server.RaftServerConfigKeys (ConfUtils.java:logGet(44)) - raft.server.watch.timeout = 10s (default)
2021-10-05 01:20:33,231 [omNode-3@group-523986131536-LeaderElection18] INFO  server.RaftServerConfigKeys (ConfUtils.java:logGet(44)) - raft.server.watch.timeout.denomination = 1s (default)
2021-10-05 01:20:33,231 [omNode-3@group-523986131536-LeaderElection18] INFO  server.RaftServerConfigKeys (ConfUtils.java:logGet(44)) - raft.server.watch.element-limit = 65536 (default)
2021-10-05 01:20:33,231 [omNode-3@group-523986131536-LeaderElection18] INFO  server.RaftServerConfigKeys (ConfUtils.java:logGet(44)) - raft.server.log.appender.snapshot.chunk.size.max = 16MB (=16777216) (default)
2021-10-05 01:20:33,231 [omNode-3@group-523986131536-LeaderElection18] INFO  server.RaftServerConfigKeys (ConfUtils.java:logGet(44)) - raft.server.log.appender.buffer.byte-limit = 33554432 (custom)
2021-10-05 01:20:33,232 [omNode-3@group-523986131536-LeaderElection18] INFO  server.RaftServerConfigKeys (ConfUtils.java:logGet(44)) - raft.server.log.appender.buffer.element-limit = 1024 (custom)
2021-10-05 01:20:33,232 [omNode-3@group-523986131536-LeaderElection18] INFO  grpc.GrpcConfigKeys (ConfUtils.java:logGet(44)) - raft.grpc.server.leader.outstanding.appends.max = 128 (default)
2021-10-05 01:20:33,232 [omNode-3@group-523986131536-LeaderElection18] INFO  server.RaftServerConfigKeys (ConfUtils.java:logGet(44)) - raft.server.rpc.request.timeout = 3000ms (default)
2021-10-05 01:20:33,232 [omNode-3@group-523986131536-LeaderElection18] INFO  server.RaftServerConfigKeys (ConfUtils.java:logGet(44)) - raft.server.log.appender.install.snapshot.enabled = false (custom)
2021-10-05 01:20:33,233 [omNode-3@group-523986131536-LeaderElection18] INFO  server.RaftServerConfigKeys (ConfUtils.java:logGet(44)) - raft.server.log.appender.snapshot.chunk.size.max = 16MB (=16777216) (default)
2021-10-05 01:20:33,233 [omNode-3@group-523986131536-LeaderElection18] INFO  server.RaftServerConfigKeys (ConfUtils.java:logGet(44)) - raft.server.log.appender.buffer.byte-limit = 33554432 (custom)
2021-10-05 01:20:33,233 [omNode-3@group-523986131536-LeaderElection18] INFO  server.RaftServerConfigKeys (ConfUtils.java:logGet(44)) - raft.server.log.appender.buffer.element-limit = 1024 (custom)
2021-10-05 01:20:33,233 [omNode-3@group-523986131536-LeaderElection18] INFO  grpc.GrpcConfigKeys (ConfUtils.java:logGet(44)) - raft.grpc.server.leader.outstanding.appends.max = 128 (default)
2021-10-05 01:20:33,233 [omNode-3@group-523986131536-LeaderElection18] INFO  server.RaftServerConfigKeys (ConfUtils.java:logGet(44)) - raft.server.rpc.request.timeout = 3000ms (default)
2021-10-05 01:20:33,233 [omNode-3@group-523986131536-LeaderElection18] INFO  server.RaftServerConfigKeys (ConfUtils.java:logGet(44)) - raft.server.log.appender.install.snapshot.enabled = false (custom)
2021-10-05 01:20:33,234 [omNode-3@group-523986131536-LeaderElection18] INFO  impl.RoleInfo (RoleInfo.java:updateAndGet(130)) - omNode-3: start omNode-3@group-523986131536-LeaderStateImpl
2021-10-05 01:20:33,234 [omNode-3@group-523986131536-LeaderElection18] INFO  segmented.SegmentedRaftLogWorker (SegmentedRaftLogWorker.java:rollLogSegment(399)) - omNode-3@group-523986131536-SegmentedRaftLogWorker: Rolling segment log-27_30 to index:30
2021-10-05 01:20:33,235 [grpc-default-executor-12] INFO  server.RaftServer$Division (RaftServerImpl.java:requestVote(1043)) - omNode-2@group-523986131536: receive requestVote(ELECTION, omNode-3, group-523986131536, 9, (t:8, i:30))
2021-10-05 01:20:33,240 [grpc-default-executor-12] INFO  impl.VoteContext (VoteContext.java:log(48)) - omNode-2@group-523986131536-FOLLOWER: accept ELECTION from omNode-3: our priority 0 <= candidate's priority 0
2021-10-05 01:20:33,240 [grpc-default-executor-12] INFO  server.RaftServer$Division (RaftServerImpl.java:setRole(285)) - omNode-2@group-523986131536: changes role from  FOLLOWER to FOLLOWER at term 9 for candidate:omNode-3
2021-10-05 01:20:33,240 [grpc-default-executor-12] INFO  impl.RoleInfo (RoleInfo.java:shutdownFollowerState(108)) - omNode-2: shutdown omNode-2@group-523986131536-FollowerState
2021-10-05 01:20:33,240 [grpc-default-executor-12] INFO  impl.RoleInfo (RoleInfo.java:updateAndGet(130)) - omNode-2: start omNode-2@group-523986131536-FollowerState
2021-10-05 01:20:33,240 [omNode-3@group-523986131536-SegmentedRaftLogWorker] INFO  segmented.SegmentedRaftLogWorker (SegmentedRaftLogWorker.java:execute(558)) - omNode-3@group-523986131536-SegmentedRaftLogWorker: Rolled log segment from /home/runner/work/ozone/ozone/hadoop-ozone/integration-test/target/test-dir/MiniOzoneClusterImpl-46302e84-7680-4986-b584-895fe31d4053/omNode-3/ratis/c9bc4cf4-3bc3-3c60-a66b-523986131536/current/log_inprogress_27 to /home/runner/work/ozone/ozone/hadoop-ozone/integration-test/target/test-dir/MiniOzoneClusterImpl-46302e84-7680-4986-b584-895fe31d4053/omNode-3/ratis/c9bc4cf4-3bc3-3c60-a66b-523986131536/current/log_27-30
2021-10-05 01:20:33,240 [omNode-2@group-523986131536-FollowerState] INFO  impl.FollowerState (FollowerState.java:run(143)) - omNode-2@group-523986131536-FollowerState was interrupted: {}
java.lang.InterruptedException: sleep interrupted
	at java.lang.Thread.sleep(Native Method)
	at java.lang.Thread.sleep(Thread.java:340)
	at java.util.concurrent.TimeUnit.sleep(TimeUnit.java:386)
	at org.apache.ratis.util.TimeDuration.sleep(TimeDuration.java:324)
	at org.apache.ratis.util.TimeDuration.sleep(TimeDuration.java:309)
	at org.apache.ratis.server.impl.FollowerState.run(FollowerState.java:118)
2021-10-05 01:20:33,244 [grpc-default-executor-12] INFO  server.RaftServer$Division (RaftServerImpl.java:requestVote(1075)) - omNode-2@group-523986131536 replies to ELECTION vote request: omNode-3<-omNode-2#0:OK-t9. Peer's state: omNode-2@group-523986131536:t9, leader=null, voted=omNode-3, raftlog=omNode-2@group-523986131536-SegmentedRaftLog:OPENED:c30,f30,i30, conf=27: [omNode-3|rpc:localhost:10892|admin:|client:|dataStream:|priority:0, omNode-1|rpc:localhost:10880|admin:|client:|dataStream:|priority:0, omNode-2|rpc:localhost:10886|admin:|client:|dataStream:|priority:0], old=null
2021-10-05 01:20:33,250 [grpc-default-executor-6] INFO  server.RaftServer$Division (ServerState.java:setLeader(285)) - omNode-1@group-523986131536: change Leader from null to omNode-3 at term 9 for appendEntries, leader elected after 1083ms
2021-10-05 01:20:33,251 [grpc-default-executor-6] INFO  server.RaftServer$Division (RaftServerImpl.java:checkInconsistentAppendEntries(1319)) - omNode-1@group-523986131536: Failed appendEntries as previous log entry ((t:8, i:30)) is not found
2021-10-05 01:20:33,251 [grpc-default-executor-6] INFO  server.RaftServer$Division (RaftServerImpl.java:checkInconsistentAppendEntries(1285)) - omNode-1@group-523986131536: inconsistency entries. Reply:omNode-3<-omNode-1#0:FAIL-t9,INCONSISTENCY,nextIndex=16,followerCommit=15
2021-10-05 01:20:33,252 [omNode-3@group-523986131536-LeaderElection18] INFO  server.RaftServer$Division (ServerState.java:setRaftConf(387)) - omNode-3@group-523986131536: set configuration 31: [omNode-3|rpc:localhost:10892|admin:|client:|dataStream:|priority:0, omNode-1|rpc:localhost:10880|admin:|client:|dataStream:|priority:0, omNode-2|rpc:localhost:10886|admin:|client:|dataStream:|priority:0], old=null
2021-10-05 01:20:33,253 [grpc-default-executor-12] INFO  leader.FollowerInfo (FollowerInfoImpl.java:lambda$new$0(46)) - omNode-3@group-523986131536->omNode-1: nextIndex: updateUnconditionally 32 -> 16
2021-10-05 01:20:33,257 [omNode-3@group-523986131536-SegmentedRaftLogWorker] INFO  segmented.SegmentedRaftLogWorker (SegmentedRaftLogWorker.java:execute(601)) - omNode-3@group-523986131536-SegmentedRaftLogWorker: created new log segment /home/runner/work/ozone/ozone/hadoop-ozone/integration-test/target/test-dir/MiniOzoneClusterImpl-46302e84-7680-4986-b584-895fe31d4053/omNode-3/ratis/c9bc4cf4-3bc3-3c60-a66b-523986131536/current/log_inprogress_31
2021-10-05 01:20:33,260 [omNode-3@group-523986131536->omNode-1-GrpcLogAppender-LogAppenderDaemon] ERROR leader.LogAppenderDaemon (LogAppenderDaemon.java:run(86)) - omNode-3@group-523986131536->omNode-1-GrpcLogAppender-LogAppenderDaemon failed
java.lang.NullPointerException: omNode-3@group-523986131536->omNode-1: Previous TermIndex not found for firstIndex = 16
	at java.util.Objects.requireNonNull(Objects.java:290)
	at org.apache.ratis.server.leader.LogAppenderBase.assertProtos(LogAppenderBase.java:169)
	at org.apache.ratis.server.leader.LogAppenderBase.newAppendEntriesRequest(LogAppenderBase.java:154)
	at org.apache.ratis.grpc.server.GrpcLogAppender.appendLog(GrpcLogAppender.java:211)
	at org.apache.ratis.grpc.server.GrpcLogAppender.run(GrpcLogAppender.java:145)
	at org.apache.ratis.server.leader.LogAppenderDaemon.run(LogAppenderDaemon.java:77)
	at java.lang.Thread.run(Thread.java:748)
2021-10-05 01:20:33,260 [omNode-3@group-523986131536->omNode-1-GrpcLogAppender-LogAppenderDaemon] INFO  server.RaftServer$Division (LeaderStateImpl.java:restart(501)) - omNode-3@group-523986131536-LeaderStateImpl: Restarting GrpcLogAppender for omNode-3@group-523986131536->omNode-1
2021-10-05 01:20:33,260 [omNode-3@group-523986131536->omNode-1-GrpcLogAppender-LogAppenderDaemon] INFO  server.RaftServerConfigKeys (ConfUtils.java:logGet(44)) - raft.server.log.appender.snapshot.chunk.size.max = 16MB (=16777216) (default)
2021-10-05 01:20:33,260 [omNode-3@group-523986131536->omNode-1-GrpcLogAppender-LogAppenderDaemon] INFO  server.RaftServerConfigKeys (ConfUtils.java:logGet(44)) - raft.server.log.appender.buffer.byte-limit = 33554432 (custom)
2021-10-05 01:20:33,260 [omNode-3@group-523986131536->omNode-1-GrpcLogAppender-LogAppenderDaemon] INFO  server.RaftServerConfigKeys (ConfUtils.java:logGet(44)) - raft.server.log.appender.buffer.element-limit = 1024 (custom)
2021-10-05 01:20:33,260 [omNode-3@group-523986131536->omNode-1-GrpcLogAppender-LogAppenderDaemon] INFO  grpc.GrpcConfigKeys (ConfUtils.java:logGet(44)) - raft.grpc.server.leader.outstanding.appends.max = 128 (default)
2021-10-05 01:20:33,260 [omNode-3@group-523986131536->omNode-1-GrpcLogAppender-LogAppenderDaemon] INFO  server.RaftServerConfigKeys (ConfUtils.java:logGet(44)) - raft.server.rpc.request.timeout = 3000ms (default)
2021-10-05 01:20:33,260 [omNode-3@group-523986131536->omNode-1-GrpcLogAppender-LogAppenderDaemon] INFO  server.RaftServerConfigKeys (ConfUtils.java:logGet(44)) - raft.server.log.appender.install.snapshot.enabled = false (custom)
2021-10-05 01:20:33,263 [grpc-default-executor-12] INFO  server.RaftServer$Division (RaftServerImpl.java:checkInconsistentAppendEntries(1319)) - omNode-1@group-523986131536: Failed appendEntries as previous log entry ((t:8, i:30)) is not found
2021-10-05 01:20:33,263 [grpc-default-executor-12] INFO  server.RaftServer$Division (RaftServerImpl.java:checkInconsistentAppendEntries(1285)) - omNode-1@group-523986131536: inconsistency entries. Reply:omNode-3<-omNode-1#1:FAIL-t9,INCONSISTENCY,nextIndex=16,followerCommit=15
2021-10-05 01:20:33,264 [grpc-default-executor-6] INFO  leader.FollowerInfo (FollowerInfoImpl.java:lambda$new$0(46)) - omNode-3@group-523986131536->omNode-1: nextIndex: updateUnconditionally 16 -> 16
2021-10-05 01:20:33,268 [omNode-3@group-523986131536->omNode-1-GrpcLogAppender-LogAppenderDaemon] INFO  server.GrpcLogAppender (GrpcLogAppender.java:installSnapshot(524)) - omNode-3@group-523986131536->omNode-1-GrpcLogAppender: followerNextIndex = 0 but logStartIndex = 16, notify follower to install snapshot-(t:3, i:16)
2021-10-05 01:20:33,268 [grpc-default-executor-12] INFO  server.RaftServer$Division (ServerState.java:setLeader(285)) - omNode-2@group-523986131536: change Leader from null to omNode-3 at term 9 for appendEntries, leader elected after 949ms
2021-10-05 01:20:33,268 [omNode-3@group-523986131536->omNode-1-GrpcLogAppender-LogAppenderDaemon] INFO  server.GrpcLogAppender (GrpcLogAppender.java:installSnapshot(532)) - omNode-3@group-523986131536->omNode-1-GrpcLogAppender: send omNode-3->omNode-1#0-t9,notify:(t:3, i:16)
2021-10-05 01:20:33,271 [grpc-default-executor-12] INFO  server.RaftServer$Division (ServerState.java:setRaftConf(387)) - omNode-2@group-523986131536: set configuration 31: [omNode-3|rpc:localhost:10892|admin:|client:|dataStream:|priority:0, omNode-1|rpc:localhost:10880|admin:|client:|dataStream:|priority:0, omNode-2|rpc:localhost:10886|admin:|client:|dataStream:|priority:0], old=null
2021-10-05 01:20:33,271 [grpc-default-executor-12] INFO  segmented.SegmentedRaftLogWorker (SegmentedRaftLogWorker.java:rollLogSegment(399)) - omNode-2@group-523986131536-SegmentedRaftLogWorker: Rolling segment log-27_30 to index:30
2021-10-05 01:20:33,272 [grpc-default-executor-6] INFO  server.RaftServer$Division (RaftServerImpl.java:installSnapshot(1329)) - omNode-1@group-523986131536: receive installSnapshot: omNode-3->omNode-1#0-t9,notify:(t:3, i:16)
2021-10-05 01:20:33,272 [grpc-default-executor-6] INFO  server.RaftServer$Division (RaftServerImpl.java:notifyStateMachineToInstallSnapshot(1560)) - omNode-1@group-523986131536: StateMachine snapshotIndex is 15
2021-10-05 01:20:33,273 [grpc-default-executor-6] INFO  server.RaftServer$Division (RaftServerImpl.java:installSnapshotImpl(1459)) - omNode-1@group-523986131536: set new configuration index: 31
configurationEntry {
  peers {
    id: "omNode-3"
    address: "localhost:10892"
  }
  peers {
    id: "omNode-1"
    address: "localhost:10880"
  }
  peers {
    id: "omNode-2"
    address: "localhost:10886"
  }
}
 from snapshot
2021-10-05 01:20:33,274 [omNode-2@group-523986131536-SegmentedRaftLogWorker] INFO  segmented.SegmentedRaftLogWorker (SegmentedRaftLogWorker.java:execute(558)) - omNode-2@group-523986131536-SegmentedRaftLogWorker: Rolled log segment from /home/runner/work/ozone/ozone/hadoop-ozone/integration-test/target/test-dir/MiniOzoneClusterImpl-46302e84-7680-4986-b584-895fe31d4053/omNode-2/ratis/c9bc4cf4-3bc3-3c60-a66b-523986131536/current/log_inprogress_27 to /home/runner/work/ozone/ozone/hadoop-ozone/integration-test/target/test-dir/MiniOzoneClusterImpl-46302e84-7680-4986-b584-895fe31d4053/omNode-2/ratis/c9bc4cf4-3bc3-3c60-a66b-523986131536/current/log_27-30
2021-10-05 01:20:33,278 [grpc-default-executor-6] INFO  server.RaftServer$Division (ServerState.java:setRaftConf(387)) - omNode-1@group-523986131536: set configuration 31: [omNode-3|rpc:localhost:10892|admin:|client:|dataStream:|priority:0, omNode-1|rpc:localhost:10880|admin:|client:|dataStream:|priority:0, omNode-2|rpc:localhost:10886|admin:|client:|dataStream:|priority:0], old=null
2021-10-05 01:20:33,278 [grpc-default-executor-6] INFO  ratis.OzoneManagerStateMachine (OzoneManagerStateMachine.java:notifyConfigurationChanged(188)) - Received Configuration change notification from Ratis. New Peer list:
[id: "omNode-3"
address: "localhost:10892"
, id: "omNode-1"
address: "localhost:10880"
, id: "omNode-2"
address: "localhost:10886"
]
2021-10-05 01:20:33,279 [grpc-default-executor-6] INFO  server.RaftServer$Division (RaftServerImpl.java:installSnapshot(1340)) - omNode-1@group-523986131536: reply installSnapshot: omNode-3<-omNode-1#0:FAIL-t9,ALREADY_INSTALLED,snapshotIndex=15
2021-10-05 01:20:33,279 [grpc-default-executor-6] INFO  server.GrpcServerProtocolService (GrpcServerProtocolService.java:onCompleted(140)) - omNode-1: Completed INSTALL_SNAPSHOT, lastRequest: omNode-3->omNode-1#0-t9,notify:(t:3, i:16)
2021-10-05 01:20:33,279 [grpc-default-executor-14] INFO  server.GrpcLogAppender (GrpcLogAppender.java:onNext(400)) - omNode-3@group-523986131536->omNode-1-InstallSnapshotResponseHandler: received the first reply omNode-3<-omNode-1#0:FAIL-t9,ALREADY_INSTALLED,snapshotIndex=15
2021-10-05 01:20:33,281 [grpc-default-executor-14] INFO  server.GrpcLogAppender (GrpcLogAppender.java:onNext(422)) - omNode-3@group-523986131536->omNode-1-InstallSnapshotResponseHandler: Already Installed Snapshot Index 15.
2021-10-05 01:20:33,281 [grpc-default-executor-14] INFO  leader.FollowerInfo (FollowerInfoImpl.java:lambda$new$0(46)) - omNode-3@group-523986131536->omNode-1: snapshotIndex: setUnconditionally 0 -> 15
2021-10-05 01:20:33,281 [grpc-default-executor-14] INFO  leader.FollowerInfo (FollowerInfoImpl.java:lambda$new$0(46)) - omNode-3@group-523986131536->omNode-1: matchIndex: setUnconditionally 0 -> 15
2021-10-05 01:20:33,281 [grpc-default-executor-14] INFO  leader.FollowerInfo (FollowerInfoImpl.java:lambda$new$0(46)) - omNode-3@group-523986131536->omNode-1: nextIndex: setUnconditionally 0 -> 16
2021-10-05 01:20:33,281 [grpc-default-executor-14] INFO  leader.FollowerInfo (FollowerInfoImpl.java:lambda$new$0(46)) - omNode-3@group-523986131536->omNode-1: nextIndex: updateToMax old=16, new=16, updated? false
2021-10-05 01:20:33,289 [omNode-2@group-523986131536-SegmentedRaftLogWorker] INFO  segmented.SegmentedRaftLogWorker (SegmentedRaftLogWorker.java:execute(601)) - omNode-2@group-523986131536-SegmentedRaftLogWorker: created new log segment /home/runner/work/ozone/ozone/hadoop-ozone/integration-test/target/test-dir/MiniOzoneClusterImpl-46302e84-7680-4986-b584-895fe31d4053/omNode-2/ratis/c9bc4cf4-3bc3-3c60-a66b-523986131536/current/log_inprogress_31
2021-10-05 01:20:33,300 [omNode-3@group-523986131536-StateMachineUpdater] INFO  ratis.OzoneManagerStateMachine (OzoneManagerStateMachine.java:notifyConfigurationChanged(188)) - Received Configuration change notification from Ratis. New Peer list:
[id: "omNode-3"
address: "localhost:10892"
, id: "omNode-1"
address: "localhost:10880"
, id: "omNode-2"
address: "localhost:10886"
]
2021-10-05 01:20:33,301 [grpc-default-executor-6] INFO  server.RaftServer$Division (RaftServerImpl.java:checkInconsistentAppendEntries(1319)) - omNode-1@group-523986131536: Failed appendEntries as previous log entry ((t:9, i:31)) is not found
2021-10-05 01:20:33,302 [grpc-default-executor-6] INFO  server.RaftServer$Division (RaftServerImpl.java:checkInconsistentAppendEntries(1285)) - omNode-1@group-523986131536: inconsistency entries. Reply:omNode-3<-omNode-1#2:FAIL-t9,INCONSISTENCY,nextIndex=16,followerCommit=15
2021-10-05 01:20:33,302 [omNode-2@group-523986131536-StateMachineUpdater] INFO  ratis.OzoneManagerStateMachine (OzoneManagerStateMachine.java:notifyConfigurationChanged(188)) - Received Configuration change notification from Ratis. New Peer list:
[id: "omNode-3"
address: "localhost:10892"
, id: "omNode-1"
address: "localhost:10880"
, id: "omNode-2"
address: "localhost:10886"
]
2021-10-05 01:20:33,802 [grpc-default-executor-6] INFO  server.RaftServer$Division (RaftServerImpl.java:checkInconsistentAppendEntries(1319)) - omNode-1@group-523986131536: Failed appendEntries as previous log entry ((t:9, i:32)) is not found
2021-10-05 01:20:33,802 [grpc-default-executor-6] INFO  server.RaftServer$Division (RaftServerImpl.java:checkInconsistentAppendEntries(1285)) - omNode-1@group-523986131536: inconsistency entries. Reply:omNode-3<-omNode-1#55:FAIL-t9,INCONSISTENCY,nextIndex=16,followerCommit=15
2021-10-05 01:20:33,803 [grpc-default-executor-6] INFO  leader.FollowerInfo (FollowerInfoImpl.java:lambda$new$0(46)) - omNode-3@group-523986131536->omNode-1: nextIndex: updateUnconditionally 33 -> 16
2021-10-05 01:20:34,306 [grpc-default-executor-14] INFO  server.RaftServer$Division (RaftServerImpl.java:checkInconsistentAppendEntries(1319)) - omNode-1@group-523986131536: Failed appendEntries as previous log entry ((t:9, i:32)) is not found
2021-10-05 01:20:34,306 [grpc-default-executor-14] INFO  server.RaftServer$Division (RaftServerImpl.java:checkInconsistentAppendEntries(1285)) - omNode-1@group-523986131536: inconsistency entries. Reply:omNode-3<-omNode-1#107:FAIL-t9,INCONSISTENCY,nextIndex=16,followerCommit=15
2021-10-05 01:20:34,307 [grpc-default-executor-6] INFO  leader.FollowerInfo (FollowerInfoImpl.java:lambda$new$0(46)) - omNode-3@group-523986131536->omNode-1: nextIndex: updateUnconditionally 33 -> 16
2021-10-05 01:20:34,389 [Time-limited test] INFO  retry.RetryInvocationHandler (RetryInvocationHandler.java:log(411)) - com.google.protobuf.ServiceException: org.apache.hadoop.ipc.RemoteException(org.apache.hadoop.ozone.om.exceptions.OMNotLeaderException): OM:omNode-2 is not the leader. Could not determine the leader node.
	at org.apache.hadoop.ozone.om.ratis.utils.OzoneManagerRatisUtils.createNotLeaderException(OzoneManagerRatisUtils.java:465)
	at org.apache.hadoop.ozone.om.ratis.utils.OzoneManagerRatisUtils.checkLeaderStatus(OzoneManagerRatisUtils.java:451)
	at org.apache.hadoop.ozone.protocolPB.OzoneManagerProtocolServerSideTranslatorPB.checkLeaderStatus(OzoneManagerProtocolServerSideTranslatorPB.java:242)
	at org.apache.hadoop.ozone.protocolPB.OzoneManagerProtocolServerSideTranslatorPB.processRequest(OzoneManagerProtocolServerSideTranslatorPB.java:135)
	at org.apache.hadoop.hdds.server.OzoneProtocolMessageDispatcher.processRequest(OzoneProtocolMessageDispatcher.java:87)
	at org.apache.hadoop.ozone.protocolPB.OzoneManagerProtocolServerSideTranslatorPB.submitRequest(OzoneManagerProtocolServerSideTranslatorPB.java:123)
	at org.apache.hadoop.ozone.protocol.proto.OzoneManagerProtocolProtos$OzoneManagerService$2.callBlockingMethod(OzoneManagerProtocolProtos.java)
	at org.apache.hadoop.ipc.ProtobufRpcEngine$Server.processCall(ProtobufRpcEngine.java:466)
	at org.apache.hadoop.ipc.ProtobufRpcEngine2$Server$ProtoBufRpcInvoker.call(ProtobufRpcEngine2.java:574)
	at org.apache.hadoop.ipc.ProtobufRpcEngine2$Server$ProtoBufRpcInvoker.call(ProtobufRpcEngine2.java:552)
	at org.apache.hadoop.ipc.RPC$Server.call(RPC.java:1093)
	at org.apache.hadoop.ipc.Server$RpcCall.run(Server.java:1035)
	at org.apache.hadoop.ipc.Server$RpcCall.run(Server.java:963)
	at java.security.AccessController.doPrivileged(Native Method)
	at javax.security.auth.Subject.doAs(Subject.java:422)
	at org.apache.hadoop.security.UserGroupInformation.doAs(UserGroupInformation.java:1878)
	at org.apache.hadoop.ipc.Server$Handler.run(Server.java:2966)
, while invoking $Proxy52.submitRequest over nodeId=omNode-2,nodeAddress=127.0.0.1:10882 after 3 failover attempts. Trying to failover immediately.
2021-10-05 01:20:34,392 [grpc-default-executor-6] INFO  server.RaftServer$Division (RaftServerImpl.java:checkInconsistentAppendEntries(1319)) - omNode-1@group-523986131536: Failed appendEntries as previous log entry ((t:9, i:32)) is not found
2021-10-05 01:20:34,392 [grpc-default-executor-6] INFO  server.RaftServer$Division (RaftServerImpl.java:checkInconsistentAppendEntries(1285)) - omNode-1@group-523986131536: inconsistency entries. Reply:omNode-3<-omNode-1#117:FAIL-t9,INCONSISTENCY,nextIndex=16,followerCommit=15
2021-10-05 01:20:34,394 [OM StateMachine ApplyTransaction Thread - 0] INFO  upgrade.OMCancelPrepareRequest (OMCancelPrepareRequest.java:validateAndUpdateCache(55)) - OM omNode-3 Received cancel prepare request with log index 33
2021-10-05 01:20:34,395 [grpc-default-executor-6] INFO  server.RaftServer$Division (RaftServerImpl.java:checkInconsistentAppendEntries(1319)) - omNode-1@group-523986131536: Failed appendEntries as previous log entry ((t:9, i:33)) is not found
2021-10-05 01:20:34,396 [grpc-default-executor-6] INFO  server.RaftServer$Division (RaftServerImpl.java:checkInconsistentAppendEntries(1285)) - omNode-1@group-523986131536: inconsistency entries. Reply:omNode-3<-omNode-1#118:FAIL-t9,INCONSISTENCY,nextIndex=16,followerCommit=15
2021-10-05 01:20:34,395 [OM StateMachine ApplyTransaction Thread - 0] INFO  upgrade.OMCancelPrepareRequest (OMCancelPrepareRequest.java:validateAndUpdateCache(84)) - OM omNode-3 prepare state cancelled at log index 33. Returning response 
2021-10-05 01:20:34,399 [OM StateMachine ApplyTransaction Thread - 0] INFO  upgrade.OMCancelPrepareRequest (OMCancelPrepareRequest.java:validateAndUpdateCache(55)) - OM omNode-2 Received cancel prepare request with log index 33
2021-10-05 01:20:34,400 [OM StateMachine ApplyTransaction Thread - 0] INFO  upgrade.OMCancelPrepareRequest (OMCancelPrepareRequest.java:validateAndUpdateCache(84)) - OM omNode-2 prepare state cancelled at log index 33. Returning response 
2021-10-05 01:20:34,898 [grpc-default-executor-6] INFO  server.RaftServer$Division (RaftServerImpl.java:checkInconsistentAppendEntries(1319)) - omNode-1@group-523986131536: Failed appendEntries as previous log entry ((t:9, i:34)) is not found
2021-10-05 01:20:34,898 [grpc-default-executor-6] INFO  server.RaftServer$Division (RaftServerImpl.java:checkInconsistentAppendEntries(1285)) - omNode-1@group-523986131536: inconsistency entries. Reply:omNode-3<-omNode-1#170:FAIL-t9,INCONSISTENCY,nextIndex=16,followerCommit=15
2021-10-05 01:20:34,899 [grpc-default-executor-6] INFO  leader.FollowerInfo (FollowerInfoImpl.java:lambda$new$0(46)) - omNode-3@group-523986131536->omNode-1: nextIndex: updateUnconditionally 35 -> 16
2021-10-05 01:20:35,401 [grpc-default-executor-6] INFO  server.RaftServer$Division (RaftServerImpl.java:checkInconsistentAppendEntries(1319)) - omNode-1@group-523986131536: Failed appendEntries as previous log entry ((t:9, i:34)) is not found
2021-10-05 01:20:35,402 [grpc-default-executor-6] INFO  server.RaftServer$Division (RaftServerImpl.java:checkInconsistentAppendEntries(1285)) - omNode-1@group-523986131536: inconsistency entries. Reply:omNode-3<-omNode-1#222:FAIL-t9,INCONSISTENCY,nextIndex=16,followerCommit=15
2021-10-05 01:20:35,402 [grpc-default-executor-6] INFO  leader.FollowerInfo (FollowerInfoImpl.java:lambda$new$0(46)) - omNode-3@group-523986131536->omNode-1: nextIndex: updateUnconditionally 35 -> 16
2021-10-05 01:20:35,904 [grpc-default-executor-14] INFO  server.RaftServer$Division (RaftServerImpl.java:checkInconsistentAppendEntries(1319)) - omNode-1@group-523986131536: Failed appendEntries as previous log entry ((t:9, i:34)) is not found
2021-10-05 01:20:35,904 [grpc-default-executor-14] INFO  server.RaftServer$Division (RaftServerImpl.java:checkInconsistentAppendEntries(1285)) - omNode-1@group-523986131536: inconsistency entries. Reply:omNode-3<-omNode-1#273:FAIL-t9,INCONSISTENCY,nextIndex=16,followerCommit=15
2021-10-05 01:20:35,905 [grpc-default-executor-6] INFO  leader.FollowerInfo (FollowerInfoImpl.java:lambda$new$0(46)) - omNode-3@group-523986131536->omNode-1: nextIndex: updateUnconditionally 35 -> 16
2021-10-05 01:20:36,407 [grpc-default-executor-14] INFO  server.RaftServer$Division (RaftServerImpl.java:checkInconsistentAppendEntries(1319)) - omNode-1@group-523986131536: Failed appendEntries as previous log entry ((t:9, i:34)) is not found
2021-10-05 01:20:36,407 [grpc-default-executor-14] INFO  server.RaftServer$Division (RaftServerImpl.java:checkInconsistentAppendEntries(1285)) - omNode-1@group-523986131536: inconsistency entries. Reply:omNode-3<-omNode-1#324:FAIL-t9,INCONSISTENCY,nextIndex=16,followerCommit=15
2021-10-05 01:20:36,408 [grpc-default-executor-14] INFO  leader.FollowerInfo (FollowerInfoImpl.java:lambda$new$0(46)) - omNode-3@group-523986131536->omNode-1: nextIndex: updateUnconditionally 35 -> 16
2021-10-05 01:20:36,909 [grpc-default-executor-6] INFO  server.RaftServer$Division (RaftServerImpl.java:checkInconsistentAppendEntries(1319)) - omNode-1@group-523986131536: Failed appendEntries as previous log entry ((t:9, i:34)) is not found
2021-10-05 01:20:36,910 [grpc-default-executor-6] INFO  server.RaftServer$Division (RaftServerImpl.java:checkInconsistentAppendEntries(1285)) - omNode-1@group-523986131536: inconsistency entries. Reply:omNode-3<-omNode-1#375:FAIL-t9,INCONSISTENCY,nextIndex=16,followerCommit=15
2021-10-05 01:20:36,910 [grpc-default-executor-6] INFO  leader.FollowerInfo (FollowerInfoImpl.java:lambda$new$0(46)) - omNode-3@group-523986131536->omNode-1: nextIndex: updateUnconditionally 35 -> 16
2021-10-05 01:20:37,413 [grpc-default-executor-14] INFO  server.RaftServer$Division (RaftServerImpl.java:checkInconsistentAppendEntries(1319)) - omNode-1@group-523986131536: Failed appendEntries as previous log entry ((t:9, i:34)) is not found
2021-10-05 01:20:37,413 [grpc-default-executor-14] INFO  server.RaftServer$Division (RaftServerImpl.java:checkInconsistentAppendEntries(1285)) - omNode-1@group-523986131536: inconsistency entries. Reply:omNode-3<-omNode-1#426:FAIL-t9,INCONSISTENCY,nextIndex=16,followerCommit=15
2021-10-05 01:20:37,413 [grpc-default-executor-6] INFO  leader.FollowerInfo (FollowerInfoImpl.java:lambda$new$0(46)) - omNode-3@group-523986131536->omNode-1: nextIndex: updateUnconditionally 35 -> 16
2021-10-05 01:20:37,915 [grpc-default-executor-6] INFO  server.RaftServer$Division (RaftServerImpl.java:checkInconsistentAppendEntries(1319)) - omNode-1@group-523986131536: Failed appendEntries as previous log entry ((t:9, i:34)) is not found
2021-10-05 01:20:37,915 [grpc-default-executor-6] INFO  server.RaftServer$Division (RaftServerImpl.java:checkInconsistentAppendEntries(1285)) - omNode-1@group-523986131536: inconsistency entries. Reply:omNode-3<-omNode-1#477:FAIL-t9,INCONSISTENCY,nextIndex=16,followerCommit=15
2021-10-05 01:20:37,915 [grpc-default-executor-6] INFO  leader.FollowerInfo (FollowerInfoImpl.java:lambda$new$0(46)) - omNode-3@group-523986131536->omNode-1: nextIndex: updateUnconditionally 35 -> 16
2021-10-05 01:20:38,417 [grpc-default-executor-14] INFO  server.RaftServer$Division (RaftServerImpl.java:checkInconsistentAppendEntries(1319)) - omNode-1@group-523986131536: Failed appendEntries as previous log entry ((t:9, i:34)) is not found
2021-10-05 01:20:38,417 [grpc-default-executor-14] INFO  server.RaftServer$Division (RaftServerImpl.java:checkInconsistentAppendEntries(1285)) - omNode-1@group-523986131536: inconsistency entries. Reply:omNode-3<-omNode-1#528:FAIL-t9,INCONSISTENCY,nextIndex=16,followerCommit=15
2021-10-05 01:20:38,417 [grpc-default-executor-14] INFO  leader.FollowerInfo (FollowerInfoImpl.java:lambda$new$0(46)) - omNode-3@group-523986131536->omNode-1: nextIndex: updateUnconditionally 35 -> 16
2021-10-05 01:20:38,920 [grpc-default-executor-14] INFO  server.RaftServer$Division (RaftServerImpl.java:checkInconsistentAppendEntries(1319)) - omNode-1@group-523986131536: Failed appendEntries as previous log entry ((t:9, i:34)) is not found
2021-10-05 01:20:38,920 [grpc-default-executor-14] INFO  server.RaftServer$Division (RaftServerImpl.java:checkInconsistentAppendEntries(1285)) - omNode-1@group-523986131536: inconsistency entries. Reply:omNode-3<-omNode-1#579:FAIL-t9,INCONSISTENCY,nextIndex=16,followerCommit=15
2021-10-05 01:20:38,921 [grpc-default-executor-14] INFO  leader.FollowerInfo (FollowerInfoImpl.java:lambda$new$0(46)) - omNode-3@group-523986131536->omNode-1: nextIndex: updateUnconditionally 35 -> 16
2021-10-05 01:20:39,423 [grpc-default-executor-14] INFO  server.RaftServer$Division (RaftServerImpl.java:checkInconsistentAppendEntries(1319)) - omNode-1@group-523986131536: Failed appendEntries as previous log entry ((t:9, i:34)) is not found
2021-10-05 01:20:39,423 [grpc-default-executor-14] INFO  server.RaftServer$Division (RaftServerImpl.java:checkInconsistentAppendEntries(1285)) - omNode-1@group-523986131536: inconsistency entries. Reply:omNode-3<-omNode-1#630:FAIL-t9,INCONSISTENCY,nextIndex=16,followerCommit=15
2021-10-05 01:20:39,423 [grpc-default-executor-14] INFO  leader.FollowerInfo (FollowerInfoImpl.java:lambda$new$0(46)) - omNode-3@group-523986131536->omNode-1: nextIndex: updateUnconditionally 35 -> 16
2021-10-05 01:20:39,925 [grpc-default-executor-14] INFO  server.RaftServer$Division (RaftServerImpl.java:checkInconsistentAppendEntries(1319)) - omNode-1@group-523986131536: Failed appendEntries as previous log entry ((t:9, i:34)) is not found
2021-10-05 01:20:39,925 [grpc-default-executor-14] INFO  server.RaftServer$Division (RaftServerImpl.java:checkInconsistentAppendEntries(1285)) - omNode-1@group-523986131536: inconsistency entries. Reply:omNode-3<-omNode-1#681:FAIL-t9,INCONSISTENCY,nextIndex=16,followerCommit=15
2021-10-05 01:20:39,925 [grpc-default-executor-14] INFO  leader.FollowerInfo (FollowerInfoImpl.java:lambda$new$0(46)) - omNode-3@group-523986131536->omNode-1: nextIndex: updateUnconditionally 35 -> 16
2021-10-05 01:20:40,427 [grpc-default-executor-14] INFO  server.RaftServer$Division (RaftServerImpl.java:checkInconsistentAppendEntries(1319)) - omNode-1@group-523986131536: Failed appendEntries as previous log entry ((t:9, i:34)) is not found
2021-10-05 01:20:40,427 [grpc-default-executor-14] INFO  server.RaftServer$Division (RaftServerImpl.java:checkInconsistentAppendEntries(1285)) - omNode-1@group-523986131536: inconsistency entries. Reply:omNode-3<-omNode-1#732:FAIL-t9,INCONSISTENCY,nextIndex=16,followerCommit=15
2021-10-05 01:20:40,427 [grpc-default-executor-14] INFO  leader.FollowerInfo (FollowerInfoImpl.java:lambda$new$0(46)) - omNode-3@group-523986131536->omNode-1: nextIndex: updateUnconditionally 35 -> 16
2021-10-05 01:20:40,928 [grpc-default-executor-14] INFO  server.RaftServer$Division (RaftServerImpl.java:checkInconsistentAppendEntries(1319)) - omNode-1@group-523986131536: Failed appendEntries as previous log entry ((t:9, i:34)) is not found
2021-10-05 01:20:40,929 [grpc-default-executor-14] INFO  server.RaftServer$Division (RaftServerImpl.java:checkInconsistentAppendEntries(1285)) - omNode-1@group-523986131536: inconsistency entries. Reply:omNode-3<-omNode-1#783:FAIL-t9,INCONSISTENCY,nextIndex=16,followerCommit=15
2021-10-05 01:20:40,929 [grpc-default-executor-14] INFO  leader.FollowerInfo (FollowerInfoImpl.java:lambda$new$0(46)) - omNode-3@group-523986131536->omNode-1: nextIndex: updateUnconditionally 35 -> 16
2021-10-05 01:20:41,430 [grpc-default-executor-14] INFO  server.RaftServer$Division (RaftServerImpl.java:checkInconsistentAppendEntries(1319)) - omNode-1@group-523986131536: Failed appendEntries as previous log entry ((t:9, i:34)) is not found
2021-10-05 01:20:41,430 [grpc-default-executor-14] INFO  server.RaftServer$Division (RaftServerImpl.java:checkInconsistentAppendEntries(1285)) - omNode-1@group-523986131536: inconsistency entries. Reply:omNode-3<-omNode-1#834:FAIL-t9,INCONSISTENCY,nextIndex=16,followerCommit=15
2021-10-05 01:20:41,431 [grpc-default-executor-14] INFO  leader.FollowerInfo (FollowerInfoImpl.java:lambda$new$0(46)) - omNode-3@group-523986131536->omNode-1: nextIndex: updateUnconditionally 35 -> 16
2021-10-05 01:20:41,932 [grpc-default-executor-14] INFO  server.RaftServer$Division (RaftServerImpl.java:checkInconsistentAppendEntries(1319)) - omNode-1@group-523986131536: Failed appendEntries as previous log entry ((t:9, i:34)) is not found
2021-10-05 01:20:41,932 [grpc-default-executor-14] INFO  server.RaftServer$Division (RaftServerImpl.java:checkInconsistentAppendEntries(1285)) - omNode-1@group-523986131536: inconsistency entries. Reply:omNode-3<-omNode-1#885:FAIL-t9,INCONSISTENCY,nextIndex=16,followerCommit=15
2021-10-05 01:20:41,933 [grpc-default-executor-14] INFO  leader.FollowerInfo (FollowerInfoImpl.java:lambda$new$0(46)) - omNode-3@group-523986131536->omNode-1: nextIndex: updateUnconditionally 35 -> 16
2021-10-05 01:20:42,434 [grpc-default-executor-14] INFO  server.RaftServer$Division (RaftServerImpl.java:checkInconsistentAppendEntries(1319)) - omNode-1@group-523986131536: Failed appendEntries as previous log entry ((t:9, i:34)) is not found
2021-10-05 01:20:42,434 [grpc-default-executor-14] INFO  server.RaftServer$Division (RaftServerImpl.java:checkInconsistentAppendEntries(1285)) - omNode-1@group-523986131536: inconsistency entries. Reply:omNode-3<-omNode-1#936:FAIL-t9,INCONSISTENCY,nextIndex=16,followerCommit=15
2021-10-05 01:20:42,436 [grpc-default-executor-14] INFO  leader.FollowerInfo (FollowerInfoImpl.java:lambda$new$0(46)) - omNode-3@group-523986131536->omNode-1: nextIndex: updateUnconditionally 35 -> 16
2021-10-05 01:20:42,940 [grpc-default-executor-14] INFO  server.RaftServer$Division (RaftServerImpl.java:checkInconsistentAppendEntries(1319)) - omNode-1@group-523986131536: Failed appendEntries as previous log entry ((t:9, i:34)) is not found
2021-10-05 01:20:42,940 [grpc-default-executor-14] INFO  server.RaftServer$Division (RaftServerImpl.java:checkInconsistentAppendEntries(1285)) - omNode-1@group-523986131536: inconsistency entries. Reply:omNode-3<-omNode-1#987:FAIL-t9,INCONSISTENCY,nextIndex=16,followerCommit=15
2021-10-05 01:20:42,940 [grpc-default-executor-14] INFO  leader.FollowerInfo (FollowerInfoImpl.java:lambda$new$0(46)) - omNode-3@group-523986131536->omNode-1: nextIndex: updateUnconditionally 35 -> 16
2021-10-05 01:20:43,442 [grpc-default-executor-14] INFO  server.RaftServer$Division (RaftServerImpl.java:checkInconsistentAppendEntries(1319)) - omNode-1@group-523986131536: Failed appendEntries as previous log entry ((t:9, i:34)) is not found
2021-10-05 01:20:43,442 [grpc-default-executor-14] INFO  server.RaftServer$Division (RaftServerImpl.java:checkInconsistentAppendEntries(1285)) - omNode-1@group-523986131536: inconsistency entries. Reply:omNode-3<-omNode-1#1038:FAIL-t9,INCONSISTENCY,nextIndex=16,followerCommit=15
2021-10-05 01:20:43,442 [grpc-default-executor-14] INFO  leader.FollowerInfo (FollowerInfoImpl.java:lambda$new$0(46)) - omNode-3@group-523986131536->omNode-1: nextIndex: updateUnconditionally 35 -> 16
2021-10-05 01:20:43,944 [grpc-default-executor-14] INFO  server.RaftServer$Division (RaftServerImpl.java:checkInconsistentAppendEntries(1319)) - omNode-1@group-523986131536: Failed appendEntries as previous log entry ((t:9, i:34)) is not found
2021-10-05 01:20:43,945 [grpc-default-executor-14] INFO  server.RaftServer$Division (RaftServerImpl.java:checkInconsistentAppendEntries(1285)) - omNode-1@group-523986131536: inconsistency entries. Reply:omNode-3<-omNode-1#1089:FAIL-t9,INCONSISTENCY,nextIndex=16,followerCommit=15
2021-10-05 01:20:43,945 [grpc-default-executor-14] INFO  leader.FollowerInfo (FollowerInfoImpl.java:lambda$new$0(46)) - omNode-3@group-523986131536->omNode-1: nextIndex: updateUnconditionally 35 -> 16
2021-10-05 01:20:44,446 [grpc-default-executor-14] INFO  server.RaftServer$Division (RaftServerImpl.java:checkInconsistentAppendEntries(1319)) - omNode-1@group-523986131536: Failed appendEntries as previous log entry ((t:9, i:34)) is not found
2021-10-05 01:20:44,446 [grpc-default-executor-14] INFO  server.RaftServer$Division (RaftServerImpl.java:checkInconsistentAppendEntries(1285)) - omNode-1@group-523986131536: inconsistency entries. Reply:omNode-3<-omNode-1#1140:FAIL-t9,INCONSISTENCY,nextIndex=16,followerCommit=15
2021-10-05 01:20:44,447 [grpc-default-executor-14] INFO  leader.FollowerInfo (FollowerInfoImpl.java:lambda$new$0(46)) - omNode-3@group-523986131536->omNode-1: nextIndex: updateUnconditionally 35 -> 16
2021-10-05 01:20:44,948 [grpc-default-executor-14] INFO  server.RaftServer$Division (RaftServerImpl.java:checkInconsistentAppendEntries(1319)) - omNode-1@group-523986131536: Failed appendEntries as previous log entry ((t:9, i:34)) is not found
2021-10-05 01:20:44,948 [grpc-default-executor-14] INFO  server.RaftServer$Division (RaftServerImpl.java:checkInconsistentAppendEntries(1285)) - omNode-1@group-523986131536: inconsistency entries. Reply:omNode-3<-omNode-1#1191:FAIL-t9,INCONSISTENCY,nextIndex=16,followerCommit=15
2021-10-05 01:20:44,948 [grpc-default-executor-14] INFO  leader.FollowerInfo (FollowerInfoImpl.java:lambda$new$0(46)) - omNode-3@group-523986131536->omNode-1: nextIndex: updateUnconditionally 35 -> 16
2021-10-05 01:20:45,450 [grpc-default-executor-14] INFO  server.RaftServer$Division (RaftServerImpl.java:checkInconsistentAppendEntries(1319)) - omNode-1@group-523986131536: Failed appendEntries as previous log entry ((t:9, i:34)) is not found
2021-10-05 01:20:45,450 [grpc-default-executor-14] INFO  server.RaftServer$Division (RaftServerImpl.java:checkInconsistentAppendEntries(1285)) - omNode-1@group-523986131536: inconsistency entries. Reply:omNode-3<-omNode-1#1242:FAIL-t9,INCONSISTENCY,nextIndex=16,followerCommit=15
2021-10-05 01:20:45,450 [grpc-default-executor-14] INFO  leader.FollowerInfo (FollowerInfoImpl.java:lambda$new$0(46)) - omNode-3@group-523986131536->omNode-1: nextIndex: updateUnconditionally 35 -> 16
2021-10-05 01:20:45,951 [grpc-default-executor-14] INFO  server.RaftServer$Division (RaftServerImpl.java:checkInconsistentAppendEntries(1319)) - omNode-1@group-523986131536: Failed appendEntries as previous log entry ((t:9, i:34)) is not found
2021-10-05 01:20:45,952 [grpc-default-executor-14] INFO  server.RaftServer$Division (RaftServerImpl.java:checkInconsistentAppendEntries(1285)) - omNode-1@group-523986131536: inconsistency entries. Reply:omNode-3<-omNode-1#1293:FAIL-t9,INCONSISTENCY,nextIndex=16,followerCommit=15
2021-10-05 01:20:45,952 [grpc-default-executor-14] INFO  leader.FollowerInfo (FollowerInfoImpl.java:lambda$new$0(46)) - omNode-3@group-523986131536->omNode-1: nextIndex: updateUnconditionally 35 -> 16
2021-10-05 01:20:46,454 [grpc-default-executor-6] INFO  server.RaftServer$Division (RaftServerImpl.java:checkInconsistentAppendEntries(1319)) - omNode-1@group-523986131536: Failed appendEntries as previous log entry ((t:9, i:34)) is not found
2021-10-05 01:20:46,454 [grpc-default-executor-6] INFO  server.RaftServer$Division (RaftServerImpl.java:checkInconsistentAppendEntries(1285)) - omNode-1@group-523986131536: inconsistency entries. Reply:omNode-3<-omNode-1#1344:FAIL-t9,INCONSISTENCY,nextIndex=16,followerCommit=15
2021-10-05 01:20:46,454 [grpc-default-executor-6] INFO  leader.FollowerInfo (FollowerInfoImpl.java:lambda$new$0(46)) - omNode-3@group-523986131536->omNode-1: nextIndex: updateUnconditionally 35 -> 16
2021-10-05 01:20:46,956 [grpc-default-executor-6] INFO  server.RaftServer$Division (RaftServerImpl.java:checkInconsistentAppendEntries(1319)) - omNode-1@group-523986131536: Failed appendEntries as previous log entry ((t:9, i:34)) is not found
2021-10-05 01:20:46,956 [grpc-default-executor-6] INFO  server.RaftServer$Division (RaftServerImpl.java:checkInconsistentAppendEntries(1285)) - omNode-1@group-523986131536: inconsistency entries. Reply:omNode-3<-omNode-1#1395:FAIL-t9,INCONSISTENCY,nextIndex=16,followerCommit=15
2021-10-05 01:20:46,957 [grpc-default-executor-6] INFO  leader.FollowerInfo (FollowerInfoImpl.java:lambda$new$0(46)) - omNode-3@group-523986131536->omNode-1: nextIndex: updateUnconditionally 35 -> 16
2021-10-05 01:20:47,458 [grpc-default-executor-6] INFO  server.RaftServer$Division (RaftServerImpl.java:checkInconsistentAppendEntries(1319)) - omNode-1@group-523986131536: Failed appendEntries as previous log entry ((t:9, i:34)) is not found
2021-10-05 01:20:47,458 [grpc-default-executor-6] INFO  server.RaftServer$Division (RaftServerImpl.java:checkInconsistentAppendEntries(1285)) - omNode-1@group-523986131536: inconsistency entries. Reply:omNode-3<-omNode-1#1446:FAIL-t9,INCONSISTENCY,nextIndex=16,followerCommit=15
2021-10-05 01:20:47,458 [grpc-default-executor-6] INFO  leader.FollowerInfo (FollowerInfoImpl.java:lambda$new$0(46)) - omNode-3@group-523986131536->omNode-1: nextIndex: updateUnconditionally 35 -> 16
2021-10-05 01:20:47,960 [grpc-default-executor-6] INFO  server.RaftServer$Division (RaftServerImpl.java:checkInconsistentAppendEntries(1319)) - omNode-1@group-523986131536: Failed appendEntries as previous log entry ((t:9, i:34)) is not found
2021-10-05 01:20:47,960 [grpc-default-executor-6] INFO  server.RaftServer$Division (RaftServerImpl.java:checkInconsistentAppendEntries(1285)) - omNode-1@group-523986131536: inconsistency entries. Reply:omNode-3<-omNode-1#1497:FAIL-t9,INCONSISTENCY,nextIndex=16,followerCommit=15
2021-10-05 01:20:47,960 [grpc-default-executor-6] INFO  leader.FollowerInfo (FollowerInfoImpl.java:lambda$new$0(46)) - omNode-3@group-523986131536->omNode-1: nextIndex: updateUnconditionally 35 -> 16
2021-10-05 01:20:48,462 [grpc-default-executor-6] INFO  server.RaftServer$Division (RaftServerImpl.java:checkInconsistentAppendEntries(1319)) - omNode-1@group-523986131536: Failed appendEntries as previous log entry ((t:9, i:34)) is not found
2021-10-05 01:20:48,462 [grpc-default-executor-6] INFO  server.RaftServer$Division (RaftServerImpl.java:checkInconsistentAppendEntries(1285)) - omNode-1@group-523986131536: inconsistency entries. Reply:omNode-3<-omNode-1#1548:FAIL-t9,INCONSISTENCY,nextIndex=16,followerCommit=15
2021-10-05 01:20:48,462 [grpc-default-executor-6] INFO  leader.FollowerInfo (FollowerInfoImpl.java:lambda$new$0(46)) - omNode-3@group-523986131536->omNode-1: nextIndex: updateUnconditionally 35 -> 16
2021-10-05 01:20:48,964 [grpc-default-executor-14] INFO  server.RaftServer$Division (RaftServerImpl.java:checkInconsistentAppendEntries(1319)) - omNode-1@group-523986131536: Failed appendEntries as previous log entry ((t:9, i:34)) is not found
2021-10-05 01:20:48,964 [grpc-default-executor-14] INFO  server.RaftServer$Division (RaftServerImpl.java:checkInconsistentAppendEntries(1285)) - omNode-1@group-523986131536: inconsistency entries. Reply:omNode-3<-omNode-1#1599:FAIL-t9,INCONSISTENCY,nextIndex=16,followerCommit=15
2021-10-05 01:20:48,965 [grpc-default-executor-14] INFO  leader.FollowerInfo (FollowerInfoImpl.java:lambda$new$0(46)) - omNode-3@group-523986131536->omNode-1: nextIndex: updateUnconditionally 35 -> 16
2021-10-05 01:20:49,467 [grpc-default-executor-14] INFO  server.RaftServer$Division (RaftServerImpl.java:checkInconsistentAppendEntries(1319)) - omNode-1@group-523986131536: Failed appendEntries as previous log entry ((t:9, i:34)) is not found
2021-10-05 01:20:49,467 [grpc-default-executor-14] INFO  server.RaftServer$Division (RaftServerImpl.java:checkInconsistentAppendEntries(1285)) - omNode-1@group-523986131536: inconsistency entries. Reply:omNode-3<-omNode-1#1650:FAIL-t9,INCONSISTENCY,nextIndex=16,followerCommit=15
2021-10-05 01:20:49,468 [grpc-default-executor-14] INFO  leader.FollowerInfo (FollowerInfoImpl.java:lambda$new$0(46)) - omNode-3@group-523986131536->omNode-1: nextIndex: updateUnconditionally 35 -> 16
2021-10-05 01:20:49,969 [grpc-default-executor-14] INFO  server.RaftServer$Division (RaftServerImpl.java:checkInconsistentAppendEntries(1319)) - omNode-1@group-523986131536: Failed appendEntries as previous log entry ((t:9, i:34)) is not found
2021-10-05 01:20:49,969 [grpc-default-executor-14] INFO  server.RaftServer$Division (RaftServerImpl.java:checkInconsistentAppendEntries(1285)) - omNode-1@group-523986131536: inconsistency entries. Reply:omNode-3<-omNode-1#1701:FAIL-t9,INCONSISTENCY,nextIndex=16,followerCommit=15
2021-10-05 01:20:49,970 [grpc-default-executor-14] INFO  leader.FollowerInfo (FollowerInfoImpl.java:lambda$new$0(46)) - omNode-3@group-523986131536->omNode-1: nextIndex: updateUnconditionally 35 -> 16
2021-10-05 01:20:50,471 [grpc-default-executor-14] INFO  server.RaftServer$Division (RaftServerImpl.java:checkInconsistentAppendEntries(1319)) - omNode-1@group-523986131536: Failed appendEntries as previous log entry ((t:9, i:34)) is not found
2021-10-05 01:20:50,471 [grpc-default-executor-14] INFO  server.RaftServer$Division (RaftServerImpl.java:checkInconsistentAppendEntries(1285)) - omNode-1@group-523986131536: inconsistency entries. Reply:omNode-3<-omNode-1#1752:FAIL-t9,INCONSISTENCY,nextIndex=16,followerCommit=15
2021-10-05 01:20:50,471 [grpc-default-executor-14] INFO  leader.FollowerInfo (FollowerInfoImpl.java:lambda$new$0(46)) - omNode-3@group-523986131536->omNode-1: nextIndex: updateUnconditionally 35 -> 16
2021-10-05 01:20:50,973 [grpc-default-executor-14] INFO  server.RaftServer$Division (RaftServerImpl.java:checkInconsistentAppendEntries(1319)) - omNode-1@group-523986131536: Failed appendEntries as previous log entry ((t:9, i:34)) is not found
2021-10-05 01:20:50,973 [grpc-default-executor-14] INFO  server.RaftServer$Division (RaftServerImpl.java:checkInconsistentAppendEntries(1285)) - omNode-1@group-523986131536: inconsistency entries. Reply:omNode-3<-omNode-1#1803:FAIL-t9,INCONSISTENCY,nextIndex=16,followerCommit=15
2021-10-05 01:20:50,975 [grpc-default-executor-14] INFO  leader.FollowerInfo (FollowerInfoImpl.java:lambda$new$0(46)) - omNode-3@group-523986131536->omNode-1: nextIndex: updateUnconditionally 35 -> 16
2021-10-05 01:20:51,477 [grpc-default-executor-6] INFO  server.RaftServer$Division (RaftServerImpl.java:checkInconsistentAppendEntries(1319)) - omNode-1@group-523986131536: Failed appendEntries as previous log entry ((t:9, i:34)) is not found
2021-10-05 01:20:51,478 [grpc-default-executor-6] INFO  server.RaftServer$Division (RaftServerImpl.java:checkInconsistentAppendEntries(1285)) - omNode-1@group-523986131536: inconsistency entries. Reply:omNode-3<-omNode-1#1854:FAIL-t9,INCONSISTENCY,nextIndex=16,followerCommit=15
2021-10-05 01:20:51,478 [grpc-default-executor-6] INFO  leader.FollowerInfo (FollowerInfoImpl.java:lambda$new$0(46)) - omNode-3@group-523986131536->omNode-1: nextIndex: updateUnconditionally 35 -> 16
2021-10-05 01:20:51,980 [grpc-default-executor-6] INFO  server.RaftServer$Division (RaftServerImpl.java:checkInconsistentAppendEntries(1319)) - omNode-1@group-523986131536: Failed appendEntries as previous log entry ((t:9, i:34)) is not found
2021-10-05 01:20:51,980 [grpc-default-executor-6] INFO  server.RaftServer$Division (RaftServerImpl.java:checkInconsistentAppendEntries(1285)) - omNode-1@group-523986131536: inconsistency entries. Reply:omNode-3<-omNode-1#1905:FAIL-t9,INCONSISTENCY,nextIndex=16,followerCommit=15
2021-10-05 01:20:51,980 [grpc-default-executor-6] INFO  leader.FollowerInfo (FollowerInfoImpl.java:lambda$new$0(46)) - omNode-3@group-523986131536->omNode-1: nextIndex: updateUnconditionally 35 -> 16
2021-10-05 01:20:52,482 [grpc-default-executor-6] INFO  server.RaftServer$Division (RaftServerImpl.java:checkInconsistentAppendEntries(1319)) - omNode-1@group-523986131536: Failed appendEntries as previous log entry ((t:9, i:34)) is not found
2021-10-05 01:20:52,483 [grpc-default-executor-6] INFO  server.RaftServer$Division (RaftServerImpl.java:checkInconsistentAppendEntries(1285)) - omNode-1@group-523986131536: inconsistency entries. Reply:omNode-3<-omNode-1#1956:FAIL-t9,INCONSISTENCY,nextIndex=16,followerCommit=15
2021-10-05 01:20:52,483 [grpc-default-executor-6] INFO  leader.FollowerInfo (FollowerInfoImpl.java:lambda$new$0(46)) - omNode-3@group-523986131536->omNode-1: nextIndex: updateUnconditionally 35 -> 16
2021-10-05 01:20:52,985 [grpc-default-executor-6] INFO  server.RaftServer$Division (RaftServerImpl.java:checkInconsistentAppendEntries(1319)) - omNode-1@group-523986131536: Failed appendEntries as previous log entry ((t:9, i:34)) is not found
2021-10-05 01:20:52,985 [grpc-default-executor-6] INFO  server.RaftServer$Division (RaftServerImpl.java:checkInconsistentAppendEntries(1285)) - omNode-1@group-523986131536: inconsistency entries. Reply:omNode-3<-omNode-1#2007:FAIL-t9,INCONSISTENCY,nextIndex=16,followerCommit=15
2021-10-05 01:20:52,986 [grpc-default-executor-6] INFO  leader.FollowerInfo (FollowerInfoImpl.java:lambda$new$0(46)) - omNode-3@group-523986131536->omNode-1: nextIndex: updateUnconditionally 35 -> 16
2021-10-05 01:20:53,487 [grpc-default-executor-6] INFO  server.RaftServer$Division (RaftServerImpl.java:checkInconsistentAppendEntries(1319)) - omNode-1@group-523986131536: Failed appendEntries as previous log entry ((t:9, i:34)) is not found
2021-10-05 01:20:53,487 [grpc-default-executor-6] INFO  server.RaftServer$Division (RaftServerImpl.java:checkInconsistentAppendEntries(1285)) - omNode-1@group-523986131536: inconsistency entries. Reply:omNode-3<-omNode-1#2058:FAIL-t9,INCONSISTENCY,nextIndex=16,followerCommit=15
2021-10-05 01:20:53,487 [grpc-default-executor-6] INFO  leader.FollowerInfo (FollowerInfoImpl.java:lambda$new$0(46)) - omNode-3@group-523986131536->omNode-1: nextIndex: updateUnconditionally 35 -> 16
2021-10-05 01:20:53,989 [grpc-default-executor-6] INFO  server.RaftServer$Division (RaftServerImpl.java:checkInconsistentAppendEntries(1319)) - omNode-1@group-523986131536: Failed appendEntries as previous log entry ((t:9, i:34)) is not found
2021-10-05 01:20:53,989 [grpc-default-executor-6] INFO  server.RaftServer$Division (RaftServerImpl.java:checkInconsistentAppendEntries(1285)) - omNode-1@group-523986131536: inconsistency entries. Reply:omNode-3<-omNode-1#2109:FAIL-t9,INCONSISTENCY,nextIndex=16,followerCommit=15
2021-10-05 01:20:53,989 [grpc-default-executor-6] INFO  leader.FollowerInfo (FollowerInfoImpl.java:lambda$new$0(46)) - omNode-3@group-523986131536->omNode-1: nextIndex: updateUnconditionally 35 -> 16
2021-10-05 01:20:54,491 [grpc-default-executor-6] INFO  server.RaftServer$Division (RaftServerImpl.java:checkInconsistentAppendEntries(1319)) - omNode-1@group-523986131536: Failed appendEntries as previous log entry ((t:9, i:34)) is not found
2021-10-05 01:20:54,491 [grpc-default-executor-6] INFO  server.RaftServer$Division (RaftServerImpl.java:checkInconsistentAppendEntries(1285)) - omNode-1@group-523986131536: inconsistency entries. Reply:omNode-3<-omNode-1#2160:FAIL-t9,INCONSISTENCY,nextIndex=16,followerCommit=15
2021-10-05 01:20:54,491 [grpc-default-executor-6] INFO  leader.FollowerInfo (FollowerInfoImpl.java:lambda$new$0(46)) - omNode-3@group-523986131536->omNode-1: nextIndex: updateUnconditionally 35 -> 16
2021-10-05 01:20:54,994 [grpc-default-executor-6] INFO  server.RaftServer$Division (RaftServerImpl.java:checkInconsistentAppendEntries(1319)) - omNode-1@group-523986131536: Failed appendEntries as previous log entry ((t:9, i:34)) is not found
2021-10-05 01:20:54,994 [grpc-default-executor-6] INFO  server.RaftServer$Division (RaftServerImpl.java:checkInconsistentAppendEntries(1285)) - omNode-1@group-523986131536: inconsistency entries. Reply:omNode-3<-omNode-1#2211:FAIL-t9,INCONSISTENCY,nextIndex=16,followerCommit=15
2021-10-05 01:20:54,995 [grpc-default-executor-6] INFO  leader.FollowerInfo (FollowerInfoImpl.java:lambda$new$0(46)) - omNode-3@group-523986131536->omNode-1: nextIndex: updateUnconditionally 35 -> 16
2021-10-05 01:20:55,496 [grpc-default-executor-6] INFO  server.RaftServer$Division (RaftServerImpl.java:checkInconsistentAppendEntries(1319)) - omNode-1@group-523986131536: Failed appendEntries as previous log entry ((t:9, i:34)) is not found
2021-10-05 01:20:55,496 [grpc-default-executor-6] INFO  server.RaftServer$Division (RaftServerImpl.java:checkInconsistentAppendEntries(1285)) - omNode-1@group-523986131536: inconsistency entries. Reply:omNode-3<-omNode-1#2262:FAIL-t9,INCONSISTENCY,nextIndex=16,followerCommit=15
2021-10-05 01:20:55,497 [grpc-default-executor-6] INFO  leader.FollowerInfo (FollowerInfoImpl.java:lambda$new$0(46)) - omNode-3@group-523986131536->omNode-1: nextIndex: updateUnconditionally 35 -> 16
2021-10-05 01:20:55,998 [grpc-default-executor-6] INFO  server.RaftServer$Division (RaftServerImpl.java:checkInconsistentAppendEntries(1319)) - omNode-1@group-523986131536: Failed appendEntries as previous log entry ((t:9, i:34)) is not found
2021-10-05 01:20:55,998 [grpc-default-executor-6] INFO  server.RaftServer$Division (RaftServerImpl.java:checkInconsistentAppendEntries(1285)) - omNode-1@group-523986131536: inconsistency entries. Reply:omNode-3<-omNode-1#2313:FAIL-t9,INCONSISTENCY,nextIndex=16,followerCommit=15
2021-10-05 01:20:55,999 [grpc-default-executor-6] INFO  leader.FollowerInfo (FollowerInfoImpl.java:lambda$new$0(46)) - omNode-3@group-523986131536->omNode-1: nextIndex: updateUnconditionally 35 -> 16
2021-10-05 01:20:56,500 [grpc-default-executor-6] INFO  server.RaftServer$Division (RaftServerImpl.java:checkInconsistentAppendEntries(1319)) - omNode-1@group-523986131536: Failed appendEntries as previous log entry ((t:9, i:34)) is not found
2021-10-05 01:20:56,500 [grpc-default-executor-6] INFO  server.RaftServer$Division (RaftServerImpl.java:checkInconsistentAppendEntries(1285)) - omNode-1@group-523986131536: inconsistency entries. Reply:omNode-3<-omNode-1#2364:FAIL-t9,INCONSISTENCY,nextIndex=16,followerCommit=15
2021-10-05 01:20:56,501 [grpc-default-executor-6] INFO  leader.FollowerInfo (FollowerInfoImpl.java:lambda$new$0(46)) - omNode-3@group-523986131536->omNode-1: nextIndex: updateUnconditionally 35 -> 16
2021-10-05 01:20:57,002 [grpc-default-executor-6] INFO  server.RaftServer$Division (RaftServerImpl.java:checkInconsistentAppendEntries(1319)) - omNode-1@group-523986131536: Failed appendEntries as previous log entry ((t:9, i:34)) is not found
2021-10-05 01:20:57,002 [grpc-default-executor-6] INFO  server.RaftServer$Division (RaftServerImpl.java:checkInconsistentAppendEntries(1285)) - omNode-1@group-523986131536: inconsistency entries. Reply:omNode-3<-omNode-1#2415:FAIL-t9,INCONSISTENCY,nextIndex=16,followerCommit=15
2021-10-05 01:20:57,003 [grpc-default-executor-6] INFO  leader.FollowerInfo (FollowerInfoImpl.java:lambda$new$0(46)) - omNode-3@group-523986131536->omNode-1: nextIndex: updateUnconditionally 35 -> 16
2021-10-05 01:20:57,505 [grpc-default-executor-6] INFO  server.RaftServer$Division (RaftServerImpl.java:checkInconsistentAppendEntries(1319)) - omNode-1@group-523986131536: Failed appendEntries as previous log entry ((t:9, i:34)) is not found
2021-10-05 01:20:57,505 [grpc-default-executor-6] INFO  server.RaftServer$Division (RaftServerImpl.java:checkInconsistentAppendEntries(1285)) - omNode-1@group-523986131536: inconsistency entries. Reply:omNode-3<-omNode-1#2466:FAIL-t9,INCONSISTENCY,nextIndex=16,followerCommit=15
2021-10-05 01:20:57,505 [grpc-default-executor-6] INFO  leader.FollowerInfo (FollowerInfoImpl.java:lambda$new$0(46)) - omNode-3@group-523986131536->omNode-1: nextIndex: updateUnconditionally 35 -> 16
2021-10-05 01:20:58,007 [grpc-default-executor-6] INFO  server.RaftServer$Division (RaftServerImpl.java:checkInconsistentAppendEntries(1319)) - omNode-1@group-523986131536: Failed appendEntries as previous log entry ((t:9, i:34)) is not found
2021-10-05 01:20:58,007 [grpc-default-executor-6] INFO  server.RaftServer$Division (RaftServerImpl.java:checkInconsistentAppendEntries(1285)) - omNode-1@group-523986131536: inconsistency entries. Reply:omNode-3<-omNode-1#2517:FAIL-t9,INCONSISTENCY,nextIndex=16,followerCommit=15
2021-10-05 01:20:58,007 [grpc-default-executor-6] INFO  leader.FollowerInfo (FollowerInfoImpl.java:lambda$new$0(46)) - omNode-3@group-523986131536->omNode-1: nextIndex: updateUnconditionally 35 -> 16
2021-10-05 01:20:58,509 [grpc-default-executor-6] INFO  server.RaftServer$Division (RaftServerImpl.java:checkInconsistentAppendEntries(1319)) - omNode-1@group-523986131536: Failed appendEntries as previous log entry ((t:9, i:34)) is not found
2021-10-05 01:20:58,509 [grpc-default-executor-6] INFO  server.RaftServer$Division (RaftServerImpl.java:checkInconsistentAppendEntries(1285)) - omNode-1@group-523986131536: inconsistency entries. Reply:omNode-3<-omNode-1#2568:FAIL-t9,INCONSISTENCY,nextIndex=16,followerCommit=15
2021-10-05 01:20:58,510 [grpc-default-executor-6] INFO  leader.FollowerInfo (FollowerInfoImpl.java:lambda$new$0(46)) - omNode-3@group-523986131536->omNode-1: nextIndex: updateUnconditionally 35 -> 16
2021-10-05 01:20:59,012 [grpc-default-executor-14] INFO  server.RaftServer$Division (RaftServerImpl.java:checkInconsistentAppendEntries(1319)) - omNode-1@group-523986131536: Failed appendEntries as previous log entry ((t:9, i:34)) is not found
2021-10-05 01:20:59,012 [grpc-default-executor-14] INFO  server.RaftServer$Division (RaftServerImpl.java:checkInconsistentAppendEntries(1285)) - omNode-1@group-523986131536: inconsistency entries. Reply:omNode-3<-omNode-1#2619:FAIL-t9,INCONSISTENCY,nextIndex=16,followerCommit=15
2021-10-05 01:20:59,012 [grpc-default-executor-14] INFO  leader.FollowerInfo (FollowerInfoImpl.java:lambda$new$0(46)) - omNode-3@group-523986131536->omNode-1: nextIndex: updateUnconditionally 35 -> 16
2021-10-05 01:20:59,514 [grpc-default-executor-14] INFO  server.RaftServer$Division (RaftServerImpl.java:checkInconsistentAppendEntries(1319)) - omNode-1@group-523986131536: Failed appendEntries as previous log entry ((t:9, i:34)) is not found
2021-10-05 01:20:59,515 [grpc-default-executor-14] INFO  server.RaftServer$Division (RaftServerImpl.java:checkInconsistentAppendEntries(1285)) - omNode-1@group-523986131536: inconsistency entries. Reply:omNode-3<-omNode-1#2670:FAIL-t9,INCONSISTENCY,nextIndex=16,followerCommit=15
2021-10-05 01:20:59,515 [grpc-default-executor-14] INFO  leader.FollowerInfo (FollowerInfoImpl.java:lambda$new$0(46)) - omNode-3@group-523986131536->omNode-1: nextIndex: updateUnconditionally 35 -> 16
2021-10-05 01:21:00,017 [grpc-default-executor-14] INFO  server.RaftServer$Division (RaftServerImpl.java:checkInconsistentAppendEntries(1319)) - omNode-1@group-523986131536: Failed appendEntries as previous log entry ((t:9, i:34)) is not found
2021-10-05 01:21:00,017 [grpc-default-executor-14] INFO  server.RaftServer$Division (RaftServerImpl.java:checkInconsistentAppendEntries(1285)) - omNode-1@group-523986131536: inconsistency entries. Reply:omNode-3<-omNode-1#2721:FAIL-t9,INCONSISTENCY,nextIndex=16,followerCommit=15
2021-10-05 01:21:00,017 [grpc-default-executor-14] INFO  leader.FollowerInfo (FollowerInfoImpl.java:lambda$new$0(46)) - omNode-3@group-523986131536->omNode-1: nextIndex: updateUnconditionally 35 -> 16
2021-10-05 01:21:00,518 [grpc-default-executor-14] INFO  server.RaftServer$Division (RaftServerImpl.java:checkInconsistentAppendEntries(1319)) - omNode-1@group-523986131536: Failed appendEntries as previous log entry ((t:9, i:34)) is not found
2021-10-05 01:21:00,519 [grpc-default-executor-14] INFO  server.RaftServer$Division (RaftServerImpl.java:checkInconsistentAppendEntries(1285)) - omNode-1@group-523986131536: inconsistency entries. Reply:omNode-3<-omNode-1#2772:FAIL-t9,INCONSISTENCY,nextIndex=16,followerCommit=15
2021-10-05 01:21:00,519 [grpc-default-executor-14] INFO  leader.FollowerInfo (FollowerInfoImpl.java:lambda$new$0(46)) - omNode-3@group-523986131536->omNode-1: nextIndex: updateUnconditionally 35 -> 16
2021-10-05 01:21:01,020 [grpc-default-executor-14] INFO  server.RaftServer$Division (RaftServerImpl.java:checkInconsistentAppendEntries(1319)) - omNode-1@group-523986131536: Failed appendEntries as previous log entry ((t:9, i:34)) is not found
2021-10-05 01:21:01,020 [grpc-default-executor-14] INFO  server.RaftServer$Division (RaftServerImpl.java:checkInconsistentAppendEntries(1285)) - omNode-1@group-523986131536: inconsistency entries. Reply:omNode-3<-omNode-1#2823:FAIL-t9,INCONSISTENCY,nextIndex=16,followerCommit=15
2021-10-05 01:21:01,021 [grpc-default-executor-14] INFO  leader.FollowerInfo (FollowerInfoImpl.java:lambda$new$0(46)) - omNode-3@group-523986131536->omNode-1: nextIndex: updateUnconditionally 35 -> 16
2021-10-05 01:21:01,522 [grpc-default-executor-6] INFO  server.RaftServer$Division (RaftServerImpl.java:checkInconsistentAppendEntries(1319)) - omNode-1@group-523986131536: Failed appendEntries as previous log entry ((t:9, i:34)) is not found
2021-10-05 01:21:01,523 [grpc-default-executor-6] INFO  server.RaftServer$Division (RaftServerImpl.java:checkInconsistentAppendEntries(1285)) - omNode-1@group-523986131536: inconsistency entries. Reply:omNode-3<-omNode-1#2874:FAIL-t9,INCONSISTENCY,nextIndex=16,followerCommit=15
2021-10-05 01:21:01,523 [grpc-default-executor-6] INFO  leader.FollowerInfo (FollowerInfoImpl.java:lambda$new$0(46)) - omNode-3@group-523986131536->omNode-1: nextIndex: updateUnconditionally 35 -> 16
2021-10-05 01:21:02,024 [grpc-default-executor-6] INFO  server.RaftServer$Division (RaftServerImpl.java:checkInconsistentAppendEntries(1319)) - omNode-1@group-523986131536: Failed appendEntries as previous log entry ((t:9, i:34)) is not found
2021-10-05 01:21:02,025 [grpc-default-executor-6] INFO  server.RaftServer$Division (RaftServerImpl.java:checkInconsistentAppendEntries(1285)) - omNode-1@group-523986131536: inconsistency entries. Reply:omNode-3<-omNode-1#2925:FAIL-t9,INCONSISTENCY,nextIndex=16,followerCommit=15
2021-10-05 01:21:02,025 [grpc-default-executor-6] INFO  leader.FollowerInfo (FollowerInfoImpl.java:lambda$new$0(46)) - omNode-3@group-523986131536->omNode-1: nextIndex: updateUnconditionally 35 -> 16
2021-10-05 01:21:02,527 [grpc-default-executor-6] INFO  server.RaftServer$Division (RaftServerImpl.java:checkInconsistentAppendEntries(1319)) - omNode-1@group-523986131536: Failed appendEntries as previous log entry ((t:9, i:34)) is not found
2021-10-05 01:21:02,527 [grpc-default-executor-6] INFO  server.RaftServer$Division (RaftServerImpl.java:checkInconsistentAppendEntries(1285)) - omNode-1@group-523986131536: inconsistency entries. Reply:omNode-3<-omNode-1#2976:FAIL-t9,INCONSISTENCY,nextIndex=16,followerCommit=15
2021-10-05 01:21:02,527 [grpc-default-executor-6] INFO  leader.FollowerInfo (FollowerInfoImpl.java:lambda$new$0(46)) - omNode-3@group-523986131536->omNode-1: nextIndex: updateUnconditionally 35 -> 16
2021-10-05 01:21:03,029 [grpc-default-executor-6] INFO  server.RaftServer$Division (RaftServerImpl.java:checkInconsistentAppendEntries(1319)) - omNode-1@group-523986131536: Failed appendEntries as previous log entry ((t:9, i:34)) is not found
2021-10-05 01:21:03,029 [grpc-default-executor-6] INFO  server.RaftServer$Division (RaftServerImpl.java:checkInconsistentAppendEntries(1285)) - omNode-1@group-523986131536: inconsistency entries. Reply:omNode-3<-omNode-1#3027:FAIL-t9,INCONSISTENCY,nextIndex=16,followerCommit=15
2021-10-05 01:21:03,030 [grpc-default-executor-6] INFO  leader.FollowerInfo (FollowerInfoImpl.java:lambda$new$0(46)) - omNode-3@group-523986131536->omNode-1: nextIndex: updateUnconditionally 35 -> 16
2021-10-05 01:21:03,531 [grpc-default-executor-6] INFO  server.RaftServer$Division (RaftServerImpl.java:checkInconsistentAppendEntries(1319)) - omNode-1@group-523986131536: Failed appendEntries as previous log entry ((t:9, i:34)) is not found
2021-10-05 01:21:03,532 [grpc-default-executor-6] INFO  server.RaftServer$Division (RaftServerImpl.java:checkInconsistentAppendEntries(1285)) - omNode-1@group-523986131536: inconsistency entries. Reply:omNode-3<-omNode-1#3078:FAIL-t9,INCONSISTENCY,nextIndex=16,followerCommit=15
2021-10-05 01:21:03,532 [grpc-default-executor-6] INFO  leader.FollowerInfo (FollowerInfoImpl.java:lambda$new$0(46)) - omNode-3@group-523986131536->omNode-1: nextIndex: updateUnconditionally 35 -> 16
2021-10-05 01:21:04,034 [grpc-default-executor-6] INFO  server.RaftServer$Division (RaftServerImpl.java:checkInconsistentAppendEntries(1319)) - omNode-1@group-523986131536: Failed appendEntries as previous log entry ((t:9, i:34)) is not found
2021-10-05 01:21:04,034 [grpc-default-executor-6] INFO  server.RaftServer$Division (RaftServerImpl.java:checkInconsistentAppendEntries(1285)) - omNode-1@group-523986131536: inconsistency entries. Reply:omNode-3<-omNode-1#3129:FAIL-t9,INCONSISTENCY,nextIndex=16,followerCommit=15
2021-10-05 01:21:04,034 [grpc-default-executor-6] INFO  leader.FollowerInfo (FollowerInfoImpl.java:lambda$new$0(46)) - omNode-3@group-523986131536->omNode-1: nextIndex: updateUnconditionally 35 -> 16
2021-10-05 01:21:04,537 [grpc-default-executor-6] INFO  server.RaftServer$Division (RaftServerImpl.java:checkInconsistentAppendEntries(1319)) - omNode-1@group-523986131536: Failed appendEntries as previous log entry ((t:9, i:34)) is not found
2021-10-05 01:21:04,537 [grpc-default-executor-6] INFO  server.RaftServer$Division (RaftServerImpl.java:checkInconsistentAppendEntries(1285)) - omNode-1@group-523986131536: inconsistency entries. Reply:omNode-3<-omNode-1#3180:FAIL-t9,INCONSISTENCY,nextIndex=16,followerCommit=15
2021-10-05 01:21:04,538 [grpc-default-executor-6] INFO  leader.FollowerInfo (FollowerInfoImpl.java:lambda$new$0(46)) - omNode-3@group-523986131536->omNode-1: nextIndex: updateUnconditionally 35 -> 16
2021-10-05 01:21:05,040 [grpc-default-executor-6] INFO  server.RaftServer$Division (RaftServerImpl.java:checkInconsistentAppendEntries(1319)) - omNode-1@group-523986131536: Failed appendEntries as previous log entry ((t:9, i:34)) is not found
2021-10-05 01:21:05,040 [grpc-default-executor-6] INFO  server.RaftServer$Division (RaftServerImpl.java:checkInconsistentAppendEntries(1285)) - omNode-1@group-523986131536: inconsistency entries. Reply:omNode-3<-omNode-1#3231:FAIL-t9,INCONSISTENCY,nextIndex=16,followerCommit=15
2021-10-05 01:21:05,040 [grpc-default-executor-6] INFO  leader.FollowerInfo (FollowerInfoImpl.java:lambda$new$0(46)) - omNode-3@group-523986131536->omNode-1: nextIndex: updateUnconditionally 35 -> 16
2021-10-05 01:21:05,542 [grpc-default-executor-6] INFO  server.RaftServer$Division (RaftServerImpl.java:checkInconsistentAppendEntries(1319)) - omNode-1@group-523986131536: Failed appendEntries as previous log entry ((t:9, i:34)) is not found
2021-10-05 01:21:05,542 [grpc-default-executor-6] INFO  server.RaftServer$Division (RaftServerImpl.java:checkInconsistentAppendEntries(1285)) - omNode-1@group-523986131536: inconsistency entries. Reply:omNode-3<-omNode-1#3282:FAIL-t9,INCONSISTENCY,nextIndex=16,followerCommit=15
2021-10-05 01:21:05,543 [grpc-default-executor-6] INFO  leader.FollowerInfo (FollowerInfoImpl.java:lambda$new$0(46)) - omNode-3@group-523986131536->omNode-1: nextIndex: updateUnconditionally 35 -> 16
2021-10-05 01:21:06,044 [grpc-default-executor-6] INFO  server.RaftServer$Division (RaftServerImpl.java:checkInconsistentAppendEntries(1319)) - omNode-1@group-523986131536: Failed appendEntries as previous log entry ((t:9, i:34)) is not found
2021-10-05 01:21:06,045 [grpc-default-executor-6] INFO  server.RaftServer$Division (RaftServerImpl.java:checkInconsistentAppendEntries(1285)) - omNode-1@group-523986131536: inconsistency entries. Reply:omNode-3<-omNode-1#3333:FAIL-t9,INCONSISTENCY,nextIndex=16,followerCommit=15
2021-10-05 01:21:06,045 [grpc-default-executor-6] INFO  leader.FollowerInfo (FollowerInfoImpl.java:lambda$new$0(46)) - omNode-3@group-523986131536->omNode-1: nextIndex: updateUnconditionally 35 -> 16
2021-10-05 01:21:06,546 [grpc-default-executor-6] INFO  server.RaftServer$Division (RaftServerImpl.java:checkInconsistentAppendEntries(1319)) - omNode-1@group-523986131536: Failed appendEntries as previous log entry ((t:9, i:34)) is not found
2021-10-05 01:21:06,546 [grpc-default-executor-6] INFO  server.RaftServer$Division (RaftServerImpl.java:checkInconsistentAppendEntries(1285)) - omNode-1@group-523986131536: inconsistency entries. Reply:omNode-3<-omNode-1#3384:FAIL-t9,INCONSISTENCY,nextIndex=16,followerCommit=15
2021-10-05 01:21:06,547 [grpc-default-executor-6] INFO  leader.FollowerInfo (FollowerInfoImpl.java:lambda$new$0(46)) - omNode-3@group-523986131536->omNode-1: nextIndex: updateUnconditionally 35 -> 16
2021-10-05 01:21:07,048 [grpc-default-executor-6] INFO  server.RaftServer$Division (RaftServerImpl.java:checkInconsistentAppendEntries(1319)) - omNode-1@group-523986131536: Failed appendEntries as previous log entry ((t:9, i:34)) is not found
2021-10-05 01:21:07,050 [grpc-default-executor-6] INFO  server.RaftServer$Division (RaftServerImpl.java:checkInconsistentAppendEntries(1285)) - omNode-1@group-523986131536: inconsistency entries. Reply:omNode-3<-omNode-1#3435:FAIL-t9,INCONSISTENCY,nextIndex=16,followerCommit=15
2021-10-05 01:21:07,050 [grpc-default-executor-6] INFO  leader.FollowerInfo (FollowerInfoImpl.java:lambda$new$0(46)) - omNode-3@group-523986131536->omNode-1: nextIndex: updateUnconditionally 35 -> 16
2021-10-05 01:21:07,552 [grpc-default-executor-6] INFO  server.RaftServer$Division (RaftServerImpl.java:checkInconsistentAppendEntries(1319)) - omNode-1@group-523986131536: Failed appendEntries as previous log entry ((t:9, i:34)) is not found
2021-10-05 01:21:07,552 [grpc-default-executor-6] INFO  server.RaftServer$Division (RaftServerImpl.java:checkInconsistentAppendEntries(1285)) - omNode-1@group-523986131536: inconsistency entries. Reply:omNode-3<-omNode-1#3486:FAIL-t9,INCONSISTENCY,nextIndex=16,followerCommit=15
2021-10-05 01:21:07,552 [grpc-default-executor-6] INFO  leader.FollowerInfo (FollowerInfoImpl.java:lambda$new$0(46)) - omNode-3@group-523986131536->omNode-1: nextIndex: updateUnconditionally 35 -> 16
2021-10-05 01:21:08,053 [grpc-default-executor-6] INFO  server.RaftServer$Division (RaftServerImpl.java:checkInconsistentAppendEntries(1319)) - omNode-1@group-523986131536: Failed appendEntries as previous log entry ((t:9, i:34)) is not found
2021-10-05 01:21:08,054 [grpc-default-executor-6] INFO  server.RaftServer$Division (RaftServerImpl.java:checkInconsistentAppendEntries(1285)) - omNode-1@group-523986131536: inconsistency entries. Reply:omNode-3<-omNode-1#3537:FAIL-t9,INCONSISTENCY,nextIndex=16,followerCommit=15
2021-10-05 01:21:08,054 [grpc-default-executor-6] INFO  leader.FollowerInfo (FollowerInfoImpl.java:lambda$new$0(46)) - omNode-3@group-523986131536->omNode-1: nextIndex: updateUnconditionally 35 -> 16
2021-10-05 01:21:08,556 [grpc-default-executor-6] INFO  server.RaftServer$Division (RaftServerImpl.java:checkInconsistentAppendEntries(1319)) - omNode-1@group-523986131536: Failed appendEntries as previous log entry ((t:9, i:34)) is not found
2021-10-05 01:21:08,556 [grpc-default-executor-6] INFO  server.RaftServer$Division (RaftServerImpl.java:checkInconsistentAppendEntries(1285)) - omNode-1@group-523986131536: inconsistency entries. Reply:omNode-3<-omNode-1#3588:FAIL-t9,INCONSISTENCY,nextIndex=16,followerCommit=15
2021-10-05 01:21:08,556 [grpc-default-executor-6] INFO  leader.FollowerInfo (FollowerInfoImpl.java:lambda$new$0(46)) - omNode-3@group-523986131536->omNode-1: nextIndex: updateUnconditionally 35 -> 16
2021-10-05 01:21:09,058 [grpc-default-executor-6] INFO  server.RaftServer$Division (RaftServerImpl.java:checkInconsistentAppendEntries(1319)) - omNode-1@group-523986131536: Failed appendEntries as previous log entry ((t:9, i:34)) is not found
2021-10-05 01:21:09,058 [grpc-default-executor-6] INFO  server.RaftServer$Division (RaftServerImpl.java:checkInconsistentAppendEntries(1285)) - omNode-1@group-523986131536: inconsistency entries. Reply:omNode-3<-omNode-1#3639:FAIL-t9,INCONSISTENCY,nextIndex=16,followerCommit=15
2021-10-05 01:21:09,058 [grpc-default-executor-6] INFO  leader.FollowerInfo (FollowerInfoImpl.java:lambda$new$0(46)) - omNode-3@group-523986131536->omNode-1: nextIndex: updateUnconditionally 35 -> 16
2021-10-05 01:21:09,560 [grpc-default-executor-6] INFO  server.RaftServer$Division (RaftServerImpl.java:checkInconsistentAppendEntries(1319)) - omNode-1@group-523986131536: Failed appendEntries as previous log entry ((t:9, i:34)) is not found
2021-10-05 01:21:09,561 [grpc-default-executor-6] INFO  server.RaftServer$Division (RaftServerImpl.java:checkInconsistentAppendEntries(1285)) - omNode-1@group-523986131536: inconsistency entries. Reply:omNode-3<-omNode-1#3690:FAIL-t9,INCONSISTENCY,nextIndex=16,followerCommit=15
2021-10-05 01:21:09,561 [grpc-default-executor-6] INFO  leader.FollowerInfo (FollowerInfoImpl.java:lambda$new$0(46)) - omNode-3@group-523986131536->omNode-1: nextIndex: updateUnconditionally 35 -> 16
2021-10-05 01:21:10,062 [grpc-default-executor-6] INFO  server.RaftServer$Division (RaftServerImpl.java:checkInconsistentAppendEntries(1319)) - omNode-1@group-523986131536: Failed appendEntries as previous log entry ((t:9, i:34)) is not found
2021-10-05 01:21:10,062 [grpc-default-executor-6] INFO  server.RaftServer$Division (RaftServerImpl.java:checkInconsistentAppendEntries(1285)) - omNode-1@group-523986131536: inconsistency entries. Reply:omNode-3<-omNode-1#3741:FAIL-t9,INCONSISTENCY,nextIndex=16,followerCommit=15
2021-10-05 01:21:10,063 [grpc-default-executor-6] INFO  leader.FollowerInfo (FollowerInfoImpl.java:lambda$new$0(46)) - omNode-3@group-523986131536->omNode-1: nextIndex: updateUnconditionally 35 -> 16
2021-10-05 01:21:10,564 [grpc-default-executor-6] INFO  server.RaftServer$Division (RaftServerImpl.java:checkInconsistentAppendEntries(1319)) - omNode-1@group-523986131536: Failed appendEntries as previous log entry ((t:9, i:34)) is not found
2021-10-05 01:21:10,564 [grpc-default-executor-6] INFO  server.RaftServer$Division (RaftServerImpl.java:checkInconsistentAppendEntries(1285)) - omNode-1@group-523986131536: inconsistency entries. Reply:omNode-3<-omNode-1#3792:FAIL-t9,INCONSISTENCY,nextIndex=16,followerCommit=15
2021-10-05 01:21:10,564 [grpc-default-executor-6] INFO  leader.FollowerInfo (FollowerInfoImpl.java:lambda$new$0(46)) - omNode-3@group-523986131536->omNode-1: nextIndex: updateUnconditionally 35 -> 16
2021-10-05 01:21:11,066 [grpc-default-executor-6] INFO  server.RaftServer$Division (RaftServerImpl.java:checkInconsistentAppendEntries(1319)) - omNode-1@group-523986131536: Failed appendEntries as previous log entry ((t:9, i:34)) is not found
2021-10-05 01:21:11,067 [grpc-default-executor-6] INFO  server.RaftServer$Division (RaftServerImpl.java:checkInconsistentAppendEntries(1285)) - omNode-1@group-523986131536: inconsistency entries. Reply:omNode-3<-omNode-1#3843:FAIL-t9,INCONSISTENCY,nextIndex=16,followerCommit=15
2021-10-05 01:21:11,067 [grpc-default-executor-6] INFO  leader.FollowerInfo (FollowerInfoImpl.java:lambda$new$0(46)) - omNode-3@group-523986131536->omNode-1: nextIndex: updateUnconditionally 35 -> 16
2021-10-05 01:21:11,568 [grpc-default-executor-6] INFO  server.RaftServer$Division (RaftServerImpl.java:checkInconsistentAppendEntries(1319)) - omNode-1@group-523986131536: Failed appendEntries as previous log entry ((t:9, i:34)) is not found
2021-10-05 01:21:11,568 [grpc-default-executor-6] INFO  server.RaftServer$Division (RaftServerImpl.java:checkInconsistentAppendEntries(1285)) - omNode-1@group-523986131536: inconsistency entries. Reply:omNode-3<-omNode-1#3894:FAIL-t9,INCONSISTENCY,nextIndex=16,followerCommit=15
2021-10-05 01:21:11,569 [grpc-default-executor-6] INFO  leader.FollowerInfo (FollowerInfoImpl.java:lambda$new$0(46)) - omNode-3@group-523986131536->omNode-1: nextIndex: updateUnconditionally 35 -> 16
2021-10-05 01:21:12,070 [grpc-default-executor-6] INFO  server.RaftServer$Division (RaftServerImpl.java:checkInconsistentAppendEntries(1319)) - omNode-1@group-523986131536: Failed appendEntries as previous log entry ((t:9, i:34)) is not found
2021-10-05 01:21:12,071 [grpc-default-executor-6] INFO  server.RaftServer$Division (RaftServerImpl.java:checkInconsistentAppendEntries(1285)) - omNode-1@group-523986131536: inconsistency entries. Reply:omNode-3<-omNode-1#3945:FAIL-t9,INCONSISTENCY,nextIndex=16,followerCommit=15
2021-10-05 01:21:12,071 [grpc-default-executor-6] INFO  leader.FollowerInfo (FollowerInfoImpl.java:lambda$new$0(46)) - omNode-3@group-523986131536->omNode-1: nextIndex: updateUnconditionally 35 -> 16
2021-10-05 01:21:12,573 [grpc-default-executor-6] INFO  server.RaftServer$Division (RaftServerImpl.java:checkInconsistentAppendEntries(1319)) - omNode-1@group-523986131536: Failed appendEntries as previous log entry ((t:9, i:34)) is not found
2021-10-05 01:21:12,573 [grpc-default-executor-6] INFO  server.RaftServer$Division (RaftServerImpl.java:checkInconsistentAppendEntries(1285)) - omNode-1@group-523986131536: inconsistency entries. Reply:omNode-3<-omNode-1#3996:FAIL-t9,INCONSISTENCY,nextIndex=16,followerCommit=15
2021-10-05 01:21:12,573 [grpc-default-executor-6] INFO  leader.FollowerInfo (FollowerInfoImpl.java:lambda$new$0(46)) - omNode-3@group-523986131536->omNode-1: nextIndex: updateUnconditionally 35 -> 16
2021-10-05 01:21:13,074 [grpc-default-executor-6] INFO  server.RaftServer$Division (RaftServerImpl.java:checkInconsistentAppendEntries(1319)) - omNode-1@group-523986131536: Failed appendEntries as previous log entry ((t:9, i:34)) is not found
2021-10-05 01:21:13,075 [grpc-default-executor-6] INFO  server.RaftServer$Division (RaftServerImpl.java:checkInconsistentAppendEntries(1285)) - omNode-1@group-523986131536: inconsistency entries. Reply:omNode-3<-omNode-1#4047:FAIL-t9,INCONSISTENCY,nextIndex=16,followerCommit=15
2021-10-05 01:21:13,075 [grpc-default-executor-6] INFO  leader.FollowerInfo (FollowerInfoImpl.java:lambda$new$0(46)) - omNode-3@group-523986131536->omNode-1: nextIndex: updateUnconditionally 35 -> 16
2021-10-05 01:21:13,577 [grpc-default-executor-6] INFO  server.RaftServer$Division (RaftServerImpl.java:checkInconsistentAppendEntries(1319)) - omNode-1@group-523986131536: Failed appendEntries as previous log entry ((t:9, i:34)) is not found
2021-10-05 01:21:13,577 [grpc-default-executor-6] INFO  server.RaftServer$Division (RaftServerImpl.java:checkInconsistentAppendEntries(1285)) - omNode-1@group-523986131536: inconsistency entries. Reply:omNode-3<-omNode-1#4098:FAIL-t9,INCONSISTENCY,nextIndex=16,followerCommit=15
2021-10-05 01:21:13,577 [grpc-default-executor-6] INFO  leader.FollowerInfo (FollowerInfoImpl.java:lambda$new$0(46)) - omNode-3@group-523986131536->omNode-1: nextIndex: updateUnconditionally 35 -> 16
2021-10-05 01:21:14,078 [grpc-default-executor-6] INFO  server.RaftServer$Division (RaftServerImpl.java:checkInconsistentAppendEntries(1319)) - omNode-1@group-523986131536: Failed appendEntries as previous log entry ((t:9, i:34)) is not found
2021-10-05 01:21:14,078 [grpc-default-executor-6] INFO  server.RaftServer$Division (RaftServerImpl.java:checkInconsistentAppendEntries(1285)) - omNode-1@group-523986131536: inconsistency entries. Reply:omNode-3<-omNode-1#4149:FAIL-t9,INCONSISTENCY,nextIndex=16,followerCommit=15
2021-10-05 01:21:14,079 [grpc-default-executor-6] INFO  leader.FollowerInfo (FollowerInfoImpl.java:lambda$new$0(46)) - omNode-3@group-523986131536->omNode-1: nextIndex: updateUnconditionally 35 -> 16
2021-10-05 01:21:14,580 [grpc-default-executor-6] INFO  server.RaftServer$Division (RaftServerImpl.java:checkInconsistentAppendEntries(1319)) - omNode-1@group-523986131536: Failed appendEntries as previous log entry ((t:9, i:34)) is not found
2021-10-05 01:21:14,580 [grpc-default-executor-6] INFO  server.RaftServer$Division (RaftServerImpl.java:checkInconsistentAppendEntries(1285)) - omNode-1@group-523986131536: inconsistency entries. Reply:omNode-3<-omNode-1#4200:FAIL-t9,INCONSISTENCY,nextIndex=16,followerCommit=15
2021-10-05 01:21:14,580 [grpc-default-executor-6] INFO  leader.FollowerInfo (FollowerInfoImpl.java:lambda$new$0(46)) - omNode-3@group-523986131536->omNode-1: nextIndex: updateUnconditionally 35 -> 16
2021-10-05 01:21:15,082 [grpc-default-executor-6] INFO  server.RaftServer$Division (RaftServerImpl.java:checkInconsistentAppendEntries(1319)) - omNode-1@group-523986131536: Failed appendEntries as previous log entry ((t:9, i:34)) is not found
2021-10-05 01:21:15,082 [grpc-default-executor-6] INFO  server.RaftServer$Division (RaftServerImpl.java:checkInconsistentAppendEntries(1285)) - omNode-1@group-523986131536: inconsistency entries. Reply:omNode-3<-omNode-1#4251:FAIL-t9,INCONSISTENCY,nextIndex=16,followerCommit=15
2021-10-05 01:21:15,083 [grpc-default-executor-6] INFO  leader.FollowerInfo (FollowerInfoImpl.java:lambda$new$0(46)) - omNode-3@group-523986131536->omNode-1: nextIndex: updateUnconditionally 35 -> 16
2021-10-05 01:21:15,584 [grpc-default-executor-6] INFO  server.RaftServer$Division (RaftServerImpl.java:checkInconsistentAppendEntries(1319)) - omNode-1@group-523986131536: Failed appendEntries as previous log entry ((t:9, i:34)) is not found
2021-10-05 01:21:15,584 [grpc-default-executor-6] INFO  server.RaftServer$Division (RaftServerImpl.java:checkInconsistentAppendEntries(1285)) - omNode-1@group-523986131536: inconsistency entries. Reply:omNode-3<-omNode-1#4302:FAIL-t9,INCONSISTENCY,nextIndex=16,followerCommit=15
2021-10-05 01:21:15,584 [grpc-default-executor-6] INFO  leader.FollowerInfo (FollowerInfoImpl.java:lambda$new$0(46)) - omNode-3@group-523986131536->omNode-1: nextIndex: updateUnconditionally 35 -> 16
2021-10-05 01:21:16,086 [grpc-default-executor-6] INFO  server.RaftServer$Division (RaftServerImpl.java:checkInconsistentAppendEntries(1319)) - omNode-1@group-523986131536: Failed appendEntries as previous log entry ((t:9, i:34)) is not found
2021-10-05 01:21:16,086 [grpc-default-executor-6] INFO  server.RaftServer$Division (RaftServerImpl.java:checkInconsistentAppendEntries(1285)) - omNode-1@group-523986131536: inconsistency entries. Reply:omNode-3<-omNode-1#4353:FAIL-t9,INCONSISTENCY,nextIndex=16,followerCommit=15
2021-10-05 01:21:16,086 [grpc-default-executor-6] INFO  leader.FollowerInfo (FollowerInfoImpl.java:lambda$new$0(46)) - omNode-3@group-523986131536->omNode-1: nextIndex: updateUnconditionally 35 -> 16
2021-10-05 01:21:16,587 [grpc-default-executor-14] INFO  server.RaftServer$Division (RaftServerImpl.java:checkInconsistentAppendEntries(1319)) - omNode-1@group-523986131536: Failed appendEntries as previous log entry ((t:9, i:34)) is not found
2021-10-05 01:21:16,588 [grpc-default-executor-14] INFO  server.RaftServer$Division (RaftServerImpl.java:checkInconsistentAppendEntries(1285)) - omNode-1@group-523986131536: inconsistency entries. Reply:omNode-3<-omNode-1#4404:FAIL-t9,INCONSISTENCY,nextIndex=16,followerCommit=15
2021-10-05 01:21:16,588 [grpc-default-executor-14] INFO  leader.FollowerInfo (FollowerInfoImpl.java:lambda$new$0(46)) - omNode-3@group-523986131536->omNode-1: nextIndex: updateUnconditionally 35 -> 16
2021-10-05 01:21:17,089 [grpc-default-executor-14] INFO  server.RaftServer$Division (RaftServerImpl.java:checkInconsistentAppendEntries(1319)) - omNode-1@group-523986131536: Failed appendEntries as previous log entry ((t:9, i:34)) is not found
2021-10-05 01:21:17,090 [grpc-default-executor-14] INFO  server.RaftServer$Division (RaftServerImpl.java:checkInconsistentAppendEntries(1285)) - omNode-1@group-523986131536: inconsistency entries. Reply:omNode-3<-omNode-1#4455:FAIL-t9,INCONSISTENCY,nextIndex=16,followerCommit=15
2021-10-05 01:21:17,090 [grpc-default-executor-14] INFO  leader.FollowerInfo (FollowerInfoImpl.java:lambda$new$0(46)) - omNode-3@group-523986131536->omNode-1: nextIndex: updateUnconditionally 35 -> 16
2021-10-05 01:21:17,591 [grpc-default-executor-14] INFO  server.RaftServer$Division (RaftServerImpl.java:checkInconsistentAppendEntries(1319)) - omNode-1@group-523986131536: Failed appendEntries as previous log entry ((t:9, i:34)) is not found
2021-10-05 01:21:17,591 [grpc-default-executor-14] INFO  server.RaftServer$Division (RaftServerImpl.java:checkInconsistentAppendEntries(1285)) - omNode-1@group-523986131536: inconsistency entries. Reply:omNode-3<-omNode-1#4506:FAIL-t9,INCONSISTENCY,nextIndex=16,followerCommit=15
2021-10-05 01:21:17,591 [grpc-default-executor-14] INFO  leader.FollowerInfo (FollowerInfoImpl.java:lambda$new$0(46)) - omNode-3@group-523986131536->omNode-1: nextIndex: updateUnconditionally 35 -> 16
2021-10-05 01:21:18,093 [grpc-default-executor-14] INFO  server.RaftServer$Division (RaftServerImpl.java:checkInconsistentAppendEntries(1319)) - omNode-1@group-523986131536: Failed appendEntries as previous log entry ((t:9, i:34)) is not found
2021-10-05 01:21:18,094 [grpc-default-executor-14] INFO  server.RaftServer$Division (RaftServerImpl.java:checkInconsistentAppendEntries(1285)) - omNode-1@group-523986131536: inconsistency entries. Reply:omNode-3<-omNode-1#4557:FAIL-t9,INCONSISTENCY,nextIndex=16,followerCommit=15
2021-10-05 01:21:18,094 [grpc-default-executor-14] INFO  leader.FollowerInfo (FollowerInfoImpl.java:lambda$new$0(46)) - omNode-3@group-523986131536->omNode-1: nextIndex: updateUnconditionally 35 -> 16
2021-10-05 01:21:18,596 [grpc-default-executor-6] INFO  server.RaftServer$Division (RaftServerImpl.java:checkInconsistentAppendEntries(1319)) - omNode-1@group-523986131536: Failed appendEntries as previous log entry ((t:9, i:34)) is not found
2021-10-05 01:21:18,596 [grpc-default-executor-6] INFO  server.RaftServer$Division (RaftServerImpl.java:checkInconsistentAppendEntries(1285)) - omNode-1@group-523986131536: inconsistency entries. Reply:omNode-3<-omNode-1#4608:FAIL-t9,INCONSISTENCY,nextIndex=16,followerCommit=15
2021-10-05 01:21:18,596 [grpc-default-executor-6] INFO  leader.FollowerInfo (FollowerInfoImpl.java:lambda$new$0(46)) - omNode-3@group-523986131536->omNode-1: nextIndex: updateUnconditionally 35 -> 16
2021-10-05 01:21:19,097 [grpc-default-executor-6] INFO  server.RaftServer$Division (RaftServerImpl.java:checkInconsistentAppendEntries(1319)) - omNode-1@group-523986131536: Failed appendEntries as previous log entry ((t:9, i:34)) is not found
2021-10-05 01:21:19,097 [grpc-default-executor-6] INFO  server.RaftServer$Division (RaftServerImpl.java:checkInconsistentAppendEntries(1285)) - omNode-1@group-523986131536: inconsistency entries. Reply:omNode-3<-omNode-1#4659:FAIL-t9,INCONSISTENCY,nextIndex=16,followerCommit=15
2021-10-05 01:21:19,098 [grpc-default-executor-6] INFO  leader.FollowerInfo (FollowerInfoImpl.java:lambda$new$0(46)) - omNode-3@group-523986131536->omNode-1: nextIndex: updateUnconditionally 35 -> 16
2021-10-05 01:21:19,600 [grpc-default-executor-6] INFO  server.RaftServer$Division (RaftServerImpl.java:checkInconsistentAppendEntries(1319)) - omNode-1@group-523986131536: Failed appendEntries as previous log entry ((t:9, i:34)) is not found
2021-10-05 01:21:19,600 [grpc-default-executor-6] INFO  server.RaftServer$Division (RaftServerImpl.java:checkInconsistentAppendEntries(1285)) - omNode-1@group-523986131536: inconsistency entries. Reply:omNode-3<-omNode-1#4710:FAIL-t9,INCONSISTENCY,nextIndex=16,followerCommit=15
2021-10-05 01:21:19,600 [grpc-default-executor-6] INFO  leader.FollowerInfo (FollowerInfoImpl.java:lambda$new$0(46)) - omNode-3@group-523986131536->omNode-1: nextIndex: updateUnconditionally 35 -> 16
2021-10-05 01:21:20,102 [grpc-default-executor-6] INFO  server.RaftServer$Division (RaftServerImpl.java:checkInconsistentAppendEntries(1319)) - omNode-1@group-523986131536: Failed appendEntries as previous log entry ((t:9, i:34)) is not found
2021-10-05 01:21:20,103 [grpc-default-executor-6] INFO  server.RaftServer$Division (RaftServerImpl.java:checkInconsistentAppendEntries(1285)) - omNode-1@group-523986131536: inconsistency entries. Reply:omNode-3<-omNode-1#4761:FAIL-t9,INCONSISTENCY,nextIndex=16,followerCommit=15
2021-10-05 01:21:20,103 [grpc-default-executor-6] INFO  leader.FollowerInfo (FollowerInfoImpl.java:lambda$new$0(46)) - omNode-3@group-523986131536->omNode-1: nextIndex: updateUnconditionally 35 -> 16
2021-10-05 01:21:20,604 [grpc-default-executor-6] INFO  server.RaftServer$Division (RaftServerImpl.java:checkInconsistentAppendEntries(1319)) - omNode-1@group-523986131536: Failed appendEntries as previous log entry ((t:9, i:34)) is not found
2021-10-05 01:21:20,604 [grpc-default-executor-6] INFO  server.RaftServer$Division (RaftServerImpl.java:checkInconsistentAppendEntries(1285)) - omNode-1@group-523986131536: inconsistency entries. Reply:omNode-3<-omNode-1#4812:FAIL-t9,INCONSISTENCY,nextIndex=16,followerCommit=15
2021-10-05 01:21:20,605 [grpc-default-executor-6] INFO  leader.FollowerInfo (FollowerInfoImpl.java:lambda$new$0(46)) - omNode-3@group-523986131536->omNode-1: nextIndex: updateUnconditionally 35 -> 16
2021-10-05 01:21:21,106 [grpc-default-executor-14] INFO  server.RaftServer$Division (RaftServerImpl.java:checkInconsistentAppendEntries(1319)) - omNode-1@group-523986131536: Failed appendEntries as previous log entry ((t:9, i:34)) is not found
2021-10-05 01:21:21,106 [grpc-default-executor-14] INFO  server.RaftServer$Division (RaftServerImpl.java:checkInconsistentAppendEntries(1285)) - omNode-1@group-523986131536: inconsistency entries. Reply:omNode-3<-omNode-1#4863:FAIL-t9,INCONSISTENCY,nextIndex=16,followerCommit=15
2021-10-05 01:21:21,106 [grpc-default-executor-14] INFO  leader.FollowerInfo (FollowerInfoImpl.java:lambda$new$0(46)) - omNode-3@group-523986131536->omNode-1: nextIndex: updateUnconditionally 35 -> 16
2021-10-05 01:21:21,608 [grpc-default-executor-14] INFO  server.RaftServer$Division (RaftServerImpl.java:checkInconsistentAppendEntries(1319)) - omNode-1@group-523986131536: Failed appendEntries as previous log entry ((t:9, i:34)) is not found
2021-10-05 01:21:21,608 [grpc-default-executor-14] INFO  server.RaftServer$Division (RaftServerImpl.java:checkInconsistentAppendEntries(1285)) - omNode-1@group-523986131536: inconsistency entries. Reply:omNode-3<-omNode-1#4914:FAIL-t9,INCONSISTENCY,nextIndex=16,followerCommit=15
2021-10-05 01:21:21,608 [grpc-default-executor-14] INFO  leader.FollowerInfo (FollowerInfoImpl.java:lambda$new$0(46)) - omNode-3@group-523986131536->omNode-1: nextIndex: updateUnconditionally 35 -> 16
2021-10-05 01:21:22,109 [grpc-default-executor-14] INFO  server.RaftServer$Division (RaftServerImpl.java:checkInconsistentAppendEntries(1319)) - omNode-1@group-523986131536: Failed appendEntries as previous log entry ((t:9, i:34)) is not found
2021-10-05 01:21:22,110 [grpc-default-executor-14] INFO  server.RaftServer$Division (RaftServerImpl.java:checkInconsistentAppendEntries(1285)) - omNode-1@group-523986131536: inconsistency entries. Reply:omNode-3<-omNode-1#4965:FAIL-t9,INCONSISTENCY,nextIndex=16,followerCommit=15
2021-10-05 01:21:22,110 [grpc-default-executor-14] INFO  leader.FollowerInfo (FollowerInfoImpl.java:lambda$new$0(46)) - omNode-3@group-523986131536->omNode-1: nextIndex: updateUnconditionally 35 -> 16
2021-10-05 01:21:22,612 [grpc-default-executor-14] INFO  server.RaftServer$Division (RaftServerImpl.java:checkInconsistentAppendEntries(1319)) - omNode-1@group-523986131536: Failed appendEntries as previous log entry ((t:9, i:34)) is not found
2021-10-05 01:21:22,612 [grpc-default-executor-14] INFO  server.RaftServer$Division (RaftServerImpl.java:checkInconsistentAppendEntries(1285)) - omNode-1@group-523986131536: inconsistency entries. Reply:omNode-3<-omNode-1#5016:FAIL-t9,INCONSISTENCY,nextIndex=16,followerCommit=15
2021-10-05 01:21:22,613 [grpc-default-executor-14] INFO  leader.FollowerInfo (FollowerInfoImpl.java:lambda$new$0(46)) - omNode-3@group-523986131536->omNode-1: nextIndex: updateUnconditionally 35 -> 16
2021-10-05 01:21:23,115 [grpc-default-executor-14] INFO  server.RaftServer$Division (RaftServerImpl.java:checkInconsistentAppendEntries(1319)) - omNode-1@group-523986131536: Failed appendEntries as previous log entry ((t:9, i:34)) is not found
2021-10-05 01:21:23,115 [grpc-default-executor-14] INFO  server.RaftServer$Division (RaftServerImpl.java:checkInconsistentAppendEntries(1285)) - omNode-1@group-523986131536: inconsistency entries. Reply:omNode-3<-omNode-1#5067:FAIL-t9,INCONSISTENCY,nextIndex=16,followerCommit=15
2021-10-05 01:21:23,115 [grpc-default-executor-14] INFO  leader.FollowerInfo (FollowerInfoImpl.java:lambda$new$0(46)) - omNode-3@group-523986131536->omNode-1: nextIndex: updateUnconditionally 35 -> 16
2021-10-05 01:21:23,617 [grpc-default-executor-6] INFO  server.RaftServer$Division (RaftServerImpl.java:checkInconsistentAppendEntries(1319)) - omNode-1@group-523986131536: Failed appendEntries as previous log entry ((t:9, i:34)) is not found
2021-10-05 01:21:23,617 [grpc-default-executor-6] INFO  server.RaftServer$Division (RaftServerImpl.java:checkInconsistentAppendEntries(1285)) - omNode-1@group-523986131536: inconsistency entries. Reply:omNode-3<-omNode-1#5118:FAIL-t9,INCONSISTENCY,nextIndex=16,followerCommit=15
2021-10-05 01:21:23,617 [grpc-default-executor-6] INFO  leader.FollowerInfo (FollowerInfoImpl.java:lambda$new$0(46)) - omNode-3@group-523986131536->omNode-1: nextIndex: updateUnconditionally 35 -> 16
2021-10-05 01:21:24,120 [grpc-default-executor-6] INFO  server.RaftServer$Division (RaftServerImpl.java:checkInconsistentAppendEntries(1319)) - omNode-1@group-523986131536: Failed appendEntries as previous log entry ((t:9, i:34)) is not found
2021-10-05 01:21:24,120 [grpc-default-executor-6] INFO  server.RaftServer$Division (RaftServerImpl.java:checkInconsistentAppendEntries(1285)) - omNode-1@group-523986131536: inconsistency entries. Reply:omNode-3<-omNode-1#5169:FAIL-t9,INCONSISTENCY,nextIndex=16,followerCommit=15
2021-10-05 01:21:24,120 [grpc-default-executor-6] INFO  leader.FollowerInfo (FollowerInfoImpl.java:lambda$new$0(46)) - omNode-3@group-523986131536->omNode-1: nextIndex: updateUnconditionally 35 -> 16
2021-10-05 01:21:24,621 [grpc-default-executor-6] INFO  server.RaftServer$Division (RaftServerImpl.java:checkInconsistentAppendEntries(1319)) - omNode-1@group-523986131536: Failed appendEntries as previous log entry ((t:9, i:34)) is not found
2021-10-05 01:21:24,622 [grpc-default-executor-6] INFO  server.RaftServer$Division (RaftServerImpl.java:checkInconsistentAppendEntries(1285)) - omNode-1@group-523986131536: inconsistency entries. Reply:omNode-3<-omNode-1#5220:FAIL-t9,INCONSISTENCY,nextIndex=16,followerCommit=15
2021-10-05 01:21:24,622 [grpc-default-executor-6] INFO  leader.FollowerInfo (FollowerInfoImpl.java:lambda$new$0(46)) - omNode-3@group-523986131536->omNode-1: nextIndex: updateUnconditionally 35 -> 16
2021-10-05 01:21:25,124 [grpc-default-executor-6] INFO  server.RaftServer$Division (RaftServerImpl.java:checkInconsistentAppendEntries(1319)) - omNode-1@group-523986131536: Failed appendEntries as previous log entry ((t:9, i:34)) is not found
2021-10-05 01:21:25,124 [grpc-default-executor-6] INFO  server.RaftServer$Division (RaftServerImpl.java:checkInconsistentAppendEntries(1285)) - omNode-1@group-523986131536: inconsistency entries. Reply:omNode-3<-omNode-1#5271:FAIL-t9,INCONSISTENCY,nextIndex=16,followerCommit=15
2021-10-05 01:21:25,124 [grpc-default-executor-6] INFO  leader.FollowerInfo (FollowerInfoImpl.java:lambda$new$0(46)) - omNode-3@group-523986131536->omNode-1: nextIndex: updateUnconditionally 35 -> 16
2021-10-05 01:21:25,626 [grpc-default-executor-6] INFO  server.RaftServer$Division (RaftServerImpl.java:checkInconsistentAppendEntries(1319)) - omNode-1@group-523986131536: Failed appendEntries as previous log entry ((t:9, i:34)) is not found
2021-10-05 01:21:25,626 [grpc-default-executor-6] INFO  server.RaftServer$Division (RaftServerImpl.java:checkInconsistentAppendEntries(1285)) - omNode-1@group-523986131536: inconsistency entries. Reply:omNode-3<-omNode-1#5322:FAIL-t9,INCONSISTENCY,nextIndex=16,followerCommit=15
2021-10-05 01:21:25,626 [grpc-default-executor-6] INFO  leader.FollowerInfo (FollowerInfoImpl.java:lambda$new$0(46)) - omNode-3@group-523986131536->omNode-1: nextIndex: updateUnconditionally 35 -> 16
2021-10-05 01:21:26,128 [grpc-default-executor-6] INFO  server.RaftServer$Division (RaftServerImpl.java:checkInconsistentAppendEntries(1319)) - omNode-1@group-523986131536: Failed appendEntries as previous log entry ((t:9, i:34)) is not found
2021-10-05 01:21:26,128 [grpc-default-executor-6] INFO  server.RaftServer$Division (RaftServerImpl.java:checkInconsistentAppendEntries(1285)) - omNode-1@group-523986131536: inconsistency entries. Reply:omNode-3<-omNode-1#5373:FAIL-t9,INCONSISTENCY,nextIndex=16,followerCommit=15
2021-10-05 01:21:26,129 [grpc-default-executor-6] INFO  leader.FollowerInfo (FollowerInfoImpl.java:lambda$new$0(46)) - omNode-3@group-523986131536->omNode-1: nextIndex: updateUnconditionally 35 -> 16
2021-10-05 01:21:26,630 [grpc-default-executor-6] INFO  server.RaftServer$Division (RaftServerImpl.java:checkInconsistentAppendEntries(1319)) - omNode-1@group-523986131536: Failed appendEntries as previous log entry ((t:9, i:34)) is not found
2021-10-05 01:21:26,631 [grpc-default-executor-6] INFO  server.RaftServer$Division (RaftServerImpl.java:checkInconsistentAppendEntries(1285)) - omNode-1@group-523986131536: inconsistency entries. Reply:omNode-3<-omNode-1#5424:FAIL-t9,INCONSISTENCY,nextIndex=16,followerCommit=15
2021-10-05 01:21:26,631 [grpc-default-executor-6] INFO  leader.FollowerInfo (FollowerInfoImpl.java:lambda$new$0(46)) - omNode-3@group-523986131536->omNode-1: nextIndex: updateUnconditionally 35 -> 16
2021-10-05 01:21:27,132 [grpc-default-executor-6] INFO  server.RaftServer$Division (RaftServerImpl.java:checkInconsistentAppendEntries(1319)) - omNode-1@group-523986131536: Failed appendEntries as previous log entry ((t:9, i:34)) is not found
2021-10-05 01:21:27,133 [grpc-default-executor-6] INFO  server.RaftServer$Division (RaftServerImpl.java:checkInconsistentAppendEntries(1285)) - omNode-1@group-523986131536: inconsistency entries. Reply:omNode-3<-omNode-1#5475:FAIL-t9,INCONSISTENCY,nextIndex=16,followerCommit=15
2021-10-05 01:21:27,133 [grpc-default-executor-6] INFO  leader.FollowerInfo (FollowerInfoImpl.java:lambda$new$0(46)) - omNode-3@group-523986131536->omNode-1: nextIndex: updateUnconditionally 35 -> 16
2021-10-05 01:21:27,635 [grpc-default-executor-6] INFO  server.RaftServer$Division (RaftServerImpl.java:checkInconsistentAppendEntries(1319)) - omNode-1@group-523986131536: Failed appendEntries as previous log entry ((t:9, i:34)) is not found
2021-10-05 01:21:27,635 [grpc-default-executor-6] INFO  server.RaftServer$Division (RaftServerImpl.java:checkInconsistentAppendEntries(1285)) - omNode-1@group-523986131536: inconsistency entries. Reply:omNode-3<-omNode-1#5526:FAIL-t9,INCONSISTENCY,nextIndex=16,followerCommit=15
2021-10-05 01:21:27,635 [grpc-default-executor-6] INFO  leader.FollowerInfo (FollowerInfoImpl.java:lambda$new$0(46)) - omNode-3@group-523986131536->omNode-1: nextIndex: updateUnconditionally 35 -> 16
2021-10-05 01:21:28,137 [grpc-default-executor-6] INFO  server.RaftServer$Division (RaftServerImpl.java:checkInconsistentAppendEntries(1319)) - omNode-1@group-523986131536: Failed appendEntries as previous log entry ((t:9, i:34)) is not found
2021-10-05 01:21:28,137 [grpc-default-executor-6] INFO  server.RaftServer$Division (RaftServerImpl.java:checkInconsistentAppendEntries(1285)) - omNode-1@group-523986131536: inconsistency entries. Reply:omNode-3<-omNode-1#5577:FAIL-t9,INCONSISTENCY,nextIndex=16,followerCommit=15
2021-10-05 01:21:28,137 [grpc-default-executor-6] INFO  leader.FollowerInfo (FollowerInfoImpl.java:lambda$new$0(46)) - omNode-3@group-523986131536->omNode-1: nextIndex: updateUnconditionally 35 -> 16
2021-10-05 01:21:28,639 [grpc-default-executor-14] INFO  server.RaftServer$Division (RaftServerImpl.java:checkInconsistentAppendEntries(1319)) - omNode-1@group-523986131536: Failed appendEntries as previous log entry ((t:9, i:34)) is not found
2021-10-05 01:21:28,639 [grpc-default-executor-14] INFO  server.RaftServer$Division (RaftServerImpl.java:checkInconsistentAppendEntries(1285)) - omNode-1@group-523986131536: inconsistency entries. Reply:omNode-3<-omNode-1#5628:FAIL-t9,INCONSISTENCY,nextIndex=16,followerCommit=15
2021-10-05 01:21:28,640 [grpc-default-executor-14] INFO  leader.FollowerInfo (FollowerInfoImpl.java:lambda$new$0(46)) - omNode-3@group-523986131536->omNode-1: nextIndex: updateUnconditionally 35 -> 16
2021-10-05 01:21:29,141 [grpc-default-executor-14] INFO  server.RaftServer$Division (RaftServerImpl.java:checkInconsistentAppendEntries(1319)) - omNode-1@group-523986131536: Failed appendEntries as previous log entry ((t:9, i:34)) is not found
2021-10-05 01:21:29,142 [grpc-default-executor-14] INFO  server.RaftServer$Division (RaftServerImpl.java:checkInconsistentAppendEntries(1285)) - omNode-1@group-523986131536: inconsistency entries. Reply:omNode-3<-omNode-1#5679:FAIL-t9,INCONSISTENCY,nextIndex=16,followerCommit=15
2021-10-05 01:21:29,142 [grpc-default-executor-14] INFO  leader.FollowerInfo (FollowerInfoImpl.java:lambda$new$0(46)) - omNode-3@group-523986131536->omNode-1: nextIndex: updateUnconditionally 35 -> 16
2021-10-05 01:21:29,643 [grpc-default-executor-14] INFO  server.RaftServer$Division (RaftServerImpl.java:checkInconsistentAppendEntries(1319)) - omNode-1@group-523986131536: Failed appendEntries as previous log entry ((t:9, i:34)) is not found
2021-10-05 01:21:29,643 [grpc-default-executor-14] INFO  server.RaftServer$Division (RaftServerImpl.java:checkInconsistentAppendEntries(1285)) - omNode-1@group-523986131536: inconsistency entries. Reply:omNode-3<-omNode-1#5730:FAIL-t9,INCONSISTENCY,nextIndex=16,followerCommit=15
2021-10-05 01:21:29,643 [grpc-default-executor-14] INFO  leader.FollowerInfo (FollowerInfoImpl.java:lambda$new$0(46)) - omNode-3@group-523986131536->omNode-1: nextIndex: updateUnconditionally 35 -> 16
2021-10-05 01:21:30,145 [grpc-default-executor-14] INFO  server.RaftServer$Division (RaftServerImpl.java:checkInconsistentAppendEntries(1319)) - omNode-1@group-523986131536: Failed appendEntries as previous log entry ((t:9, i:34)) is not found
2021-10-05 01:21:30,145 [grpc-default-executor-14] INFO  server.RaftServer$Division (RaftServerImpl.java:checkInconsistentAppendEntries(1285)) - omNode-1@group-523986131536: inconsistency entries. Reply:omNode-3<-omNode-1#5781:FAIL-t9,INCONSISTENCY,nextIndex=16,followerCommit=15
2021-10-05 01:21:30,146 [grpc-default-executor-14] INFO  leader.FollowerInfo (FollowerInfoImpl.java:lambda$new$0(46)) - omNode-3@group-523986131536->omNode-1: nextIndex: updateUnconditionally 35 -> 16
2021-10-05 01:21:30,647 [grpc-default-executor-14] INFO  server.RaftServer$Division (RaftServerImpl.java:checkInconsistentAppendEntries(1319)) - omNode-1@group-523986131536: Failed appendEntries as previous log entry ((t:9, i:34)) is not found
2021-10-05 01:21:30,647 [grpc-default-executor-14] INFO  server.RaftServer$Division (RaftServerImpl.java:checkInconsistentAppendEntries(1285)) - omNode-1@group-523986131536: inconsistency entries. Reply:omNode-3<-omNode-1#5832:FAIL-t9,INCONSISTENCY,nextIndex=16,followerCommit=15
2021-10-05 01:21:30,648 [grpc-default-executor-14] INFO  leader.FollowerInfo (FollowerInfoImpl.java:lambda$new$0(46)) - omNode-3@group-523986131536->omNode-1: nextIndex: updateUnconditionally 35 -> 16
2021-10-05 01:21:31,150 [grpc-default-executor-14] INFO  server.RaftServer$Division (RaftServerImpl.java:checkInconsistentAppendEntries(1319)) - omNode-1@group-523986131536: Failed appendEntries as previous log entry ((t:9, i:34)) is not found
2021-10-05 01:21:31,150 [grpc-default-executor-14] INFO  server.RaftServer$Division (RaftServerImpl.java:checkInconsistentAppendEntries(1285)) - omNode-1@group-523986131536: inconsistency entries. Reply:omNode-3<-omNode-1#5883:FAIL-t9,INCONSISTENCY,nextIndex=16,followerCommit=15
2021-10-05 01:21:31,150 [grpc-default-executor-14] INFO  leader.FollowerInfo (FollowerInfoImpl.java:lambda$new$0(46)) - omNode-3@group-523986131536->omNode-1: nextIndex: updateUnconditionally 35 -> 16
2021-10-05 01:21:31,652 [grpc-default-executor-14] INFO  server.RaftServer$Division (RaftServerImpl.java:checkInconsistentAppendEntries(1319)) - omNode-1@group-523986131536: Failed appendEntries as previous log entry ((t:9, i:34)) is not found
2021-10-05 01:21:31,653 [grpc-default-executor-14] INFO  server.RaftServer$Division (RaftServerImpl.java:checkInconsistentAppendEntries(1285)) - omNode-1@group-523986131536: inconsistency entries. Reply:omNode-3<-omNode-1#5934:FAIL-t9,INCONSISTENCY,nextIndex=16,followerCommit=15
2021-10-05 01:21:31,653 [grpc-default-executor-14] INFO  leader.FollowerInfo (FollowerInfoImpl.java:lambda$new$0(46)) - omNode-3@group-523986131536->omNode-1: nextIndex: updateUnconditionally 35 -> 16
2021-10-05 01:21:32,155 [grpc-default-executor-14] INFO  server.RaftServer$Division (RaftServerImpl.java:checkInconsistentAppendEntries(1319)) - omNode-1@group-523986131536: Failed appendEntries as previous log entry ((t:9, i:34)) is not found
2021-10-05 01:21:32,155 [grpc-default-executor-14] INFO  server.RaftServer$Division (RaftServerImpl.java:checkInconsistentAppendEntries(1285)) - omNode-1@group-523986131536: inconsistency entries. Reply:omNode-3<-omNode-1#5985:FAIL-t9,INCONSISTENCY,nextIndex=16,followerCommit=15
2021-10-05 01:21:32,155 [grpc-default-executor-14] INFO  leader.FollowerInfo (FollowerInfoImpl.java:lambda$new$0(46)) - omNode-3@group-523986131536->omNode-1: nextIndex: updateUnconditionally 35 -> 16
2021-10-05 01:21:32,657 [grpc-default-executor-14] INFO  server.RaftServer$Division (RaftServerImpl.java:checkInconsistentAppendEntries(1319)) - omNode-1@group-523986131536: Failed appendEntries as previous log entry ((t:9, i:34)) is not found
2021-10-05 01:21:32,658 [grpc-default-executor-14] INFO  server.RaftServer$Division (RaftServerImpl.java:checkInconsistentAppendEntries(1285)) - omNode-1@group-523986131536: inconsistency entries. Reply:omNode-3<-omNode-1#6036:FAIL-t9,INCONSISTENCY,nextIndex=16,followerCommit=15
2021-10-05 01:21:32,658 [grpc-default-executor-14] INFO  leader.FollowerInfo (FollowerInfoImpl.java:lambda$new$0(46)) - omNode-3@group-523986131536->omNode-1: nextIndex: updateUnconditionally 35 -> 16
2021-10-05 01:21:33,159 [grpc-default-executor-14] INFO  server.RaftServer$Division (RaftServerImpl.java:checkInconsistentAppendEntries(1319)) - omNode-1@group-523986131536: Failed appendEntries as previous log entry ((t:9, i:34)) is not found
2021-10-05 01:21:33,159 [grpc-default-executor-14] INFO  server.RaftServer$Division (RaftServerImpl.java:checkInconsistentAppendEntries(1285)) - omNode-1@group-523986131536: inconsistency entries. Reply:omNode-3<-omNode-1#6087:FAIL-t9,INCONSISTENCY,nextIndex=16,followerCommit=15
2021-10-05 01:21:33,159 [grpc-default-executor-14] INFO  leader.FollowerInfo (FollowerInfoImpl.java:lambda$new$0(46)) - omNode-3@group-523986131536->omNode-1: nextIndex: updateUnconditionally 35 -> 16
2021-10-05 01:21:33,661 [grpc-default-executor-12] INFO  server.RaftServer$Division (RaftServerImpl.java:checkInconsistentAppendEntries(1319)) - omNode-1@group-523986131536: Failed appendEntries as previous log entry ((t:9, i:34)) is not found
2021-10-05 01:21:33,661 [grpc-default-executor-12] INFO  server.RaftServer$Division (RaftServerImpl.java:checkInconsistentAppendEntries(1285)) - omNode-1@group-523986131536: inconsistency entries. Reply:omNode-3<-omNode-1#6138:FAIL-t9,INCONSISTENCY,nextIndex=16,followerCommit=15
2021-10-05 01:21:33,661 [grpc-default-executor-12] INFO  leader.FollowerInfo (FollowerInfoImpl.java:lambda$new$0(46)) - omNode-3@group-523986131536->omNode-1: nextIndex: updateUnconditionally 35 -> 16
2021-10-05 01:21:34,163 [grpc-default-executor-12] INFO  server.RaftServer$Division (RaftServerImpl.java:checkInconsistentAppendEntries(1319)) - omNode-1@group-523986131536: Failed appendEntries as previous log entry ((t:9, i:34)) is not found
2021-10-05 01:21:34,163 [grpc-default-executor-12] INFO  server.RaftServer$Division (RaftServerImpl.java:checkInconsistentAppendEntries(1285)) - omNode-1@group-523986131536: inconsistency entries. Reply:omNode-3<-omNode-1#6189:FAIL-t9,INCONSISTENCY,nextIndex=16,followerCommit=15
2021-10-05 01:21:34,164 [grpc-default-executor-12] INFO  leader.FollowerInfo (FollowerInfoImpl.java:lambda$new$0(46)) - omNode-3@group-523986131536->omNode-1: nextIndex: updateUnconditionally 35 -> 16
2021-10-05 01:21:34,665 [grpc-default-executor-12] INFO  server.RaftServer$Division (RaftServerImpl.java:checkInconsistentAppendEntries(1319)) - omNode-1@group-523986131536: Failed appendEntries as previous log entry ((t:9, i:34)) is not found
2021-10-05 01:21:34,665 [grpc-default-executor-12] INFO  server.RaftServer$Division (RaftServerImpl.java:checkInconsistentAppendEntries(1285)) - omNode-1@group-523986131536: inconsistency entries. Reply:omNode-3<-omNode-1#6240:FAIL-t9,INCONSISTENCY,nextIndex=16,followerCommit=15
2021-10-05 01:21:34,665 [grpc-default-executor-12] INFO  leader.FollowerInfo (FollowerInfoImpl.java:lambda$new$0(46)) - omNode-3@group-523986131536->omNode-1: nextIndex: updateUnconditionally 35 -> 16
2021-10-05 01:21:35,167 [grpc-default-executor-12] INFO  server.RaftServer$Division (RaftServerImpl.java:checkInconsistentAppendEntries(1319)) - omNode-1@group-523986131536: Failed appendEntries as previous log entry ((t:9, i:34)) is not found
2021-10-05 01:21:35,167 [grpc-default-executor-12] INFO  server.RaftServer$Division (RaftServerImpl.java:checkInconsistentAppendEntries(1285)) - omNode-1@group-523986131536: inconsistency entries. Reply:omNode-3<-omNode-1#6291:FAIL-t9,INCONSISTENCY,nextIndex=16,followerCommit=15
2021-10-05 01:21:35,167 [grpc-default-executor-12] INFO  leader.FollowerInfo (FollowerInfoImpl.java:lambda$new$0(46)) - omNode-3@group-523986131536->omNode-1: nextIndex: updateUnconditionally 35 -> 16
2021-10-05 01:21:35,669 [grpc-default-executor-12] INFO  server.RaftServer$Division (RaftServerImpl.java:checkInconsistentAppendEntries(1319)) - omNode-1@group-523986131536: Failed appendEntries as previous log entry ((t:9, i:34)) is not found
2021-10-05 01:21:35,669 [grpc-default-executor-12] INFO  server.RaftServer$Division (RaftServerImpl.java:checkInconsistentAppendEntries(1285)) - omNode-1@group-523986131536: inconsistency entries. Reply:omNode-3<-omNode-1#6342:FAIL-t9,INCONSISTENCY,nextIndex=16,followerCommit=15
2021-10-05 01:21:35,669 [grpc-default-executor-12] INFO  leader.FollowerInfo (FollowerInfoImpl.java:lambda$new$0(46)) - omNode-3@group-523986131536->omNode-1: nextIndex: updateUnconditionally 35 -> 16
2021-10-05 01:21:36,171 [grpc-default-executor-14] INFO  server.RaftServer$Division (RaftServerImpl.java:checkInconsistentAppendEntries(1319)) - omNode-1@group-523986131536: Failed appendEntries as previous log entry ((t:9, i:34)) is not found
2021-10-05 01:21:36,172 [grpc-default-executor-14] INFO  server.RaftServer$Division (RaftServerImpl.java:checkInconsistentAppendEntries(1285)) - omNode-1@group-523986131536: inconsistency entries. Reply:omNode-3<-omNode-1#6393:FAIL-t9,INCONSISTENCY,nextIndex=16,followerCommit=15
2021-10-05 01:21:36,172 [grpc-default-executor-14] INFO  leader.FollowerInfo (FollowerInfoImpl.java:lambda$new$0(46)) - omNode-3@group-523986131536->omNode-1: nextIndex: updateUnconditionally 35 -> 16
2021-10-05 01:21:36,676 [grpc-default-executor-14] INFO  server.RaftServer$Division (RaftServerImpl.java:checkInconsistentAppendEntries(1319)) - omNode-1@group-523986131536: Failed appendEntries as previous log entry ((t:9, i:34)) is not found
2021-10-05 01:21:36,676 [grpc-default-executor-14] INFO  server.RaftServer$Division (RaftServerImpl.java:checkInconsistentAppendEntries(1285)) - omNode-1@group-523986131536: inconsistency entries. Reply:omNode-3<-omNode-1#6444:FAIL-t9,INCONSISTENCY,nextIndex=16,followerCommit=15
2021-10-05 01:21:36,676 [grpc-default-executor-14] INFO  leader.FollowerInfo (FollowerInfoImpl.java:lambda$new$0(46)) - omNode-3@group-523986131536->omNode-1: nextIndex: updateUnconditionally 35 -> 16
2021-10-05 01:21:37,178 [grpc-default-executor-14] INFO  server.RaftServer$Division (RaftServerImpl.java:checkInconsistentAppendEntries(1319)) - omNode-1@group-523986131536: Failed appendEntries as previous log entry ((t:9, i:34)) is not found
2021-10-05 01:21:37,178 [grpc-default-executor-14] INFO  server.RaftServer$Division (RaftServerImpl.java:checkInconsistentAppendEntries(1285)) - omNode-1@group-523986131536: inconsistency entries. Reply:omNode-3<-omNode-1#6495:FAIL-t9,INCONSISTENCY,nextIndex=16,followerCommit=15
2021-10-05 01:21:37,178 [grpc-default-executor-14] INFO  leader.FollowerInfo (FollowerInfoImpl.java:lambda$new$0(46)) - omNode-3@group-523986131536->omNode-1: nextIndex: updateUnconditionally 35 -> 16
2021-10-05 01:21:37,681 [grpc-default-executor-14] INFO  server.RaftServer$Division (RaftServerImpl.java:checkInconsistentAppendEntries(1319)) - omNode-1@group-523986131536: Failed appendEntries as previous log entry ((t:9, i:34)) is not found
2021-10-05 01:21:37,681 [grpc-default-executor-14] INFO  server.RaftServer$Division (RaftServerImpl.java:checkInconsistentAppendEntries(1285)) - omNode-1@group-523986131536: inconsistency entries. Reply:omNode-3<-omNode-1#6546:FAIL-t9,INCONSISTENCY,nextIndex=16,followerCommit=15
2021-10-05 01:21:37,681 [grpc-default-executor-14] INFO  leader.FollowerInfo (FollowerInfoImpl.java:lambda$new$0(46)) - omNode-3@group-523986131536->omNode-1: nextIndex: updateUnconditionally 35 -> 16
2021-10-05 01:21:38,183 [grpc-default-executor-14] INFO  server.RaftServer$Division (RaftServerImpl.java:checkInconsistentAppendEntries(1319)) - omNode-1@group-523986131536: Failed appendEntries as previous log entry ((t:9, i:34)) is not found
2021-10-05 01:21:38,184 [grpc-default-executor-14] INFO  server.RaftServer$Division (RaftServerImpl.java:checkInconsistentAppendEntries(1285)) - omNode-1@group-523986131536: inconsistency entries. Reply:omNode-3<-omNode-1#6597:FAIL-t9,INCONSISTENCY,nextIndex=16,followerCommit=15
2021-10-05 01:21:38,184 [grpc-default-executor-14] INFO  leader.FollowerInfo (FollowerInfoImpl.java:lambda$new$0(46)) - omNode-3@group-523986131536->omNode-1: nextIndex: updateUnconditionally 35 -> 16
2021-10-05 01:21:38,685 [grpc-default-executor-12] INFO  server.RaftServer$Division (RaftServerImpl.java:checkInconsistentAppendEntries(1319)) - omNode-1@group-523986131536: Failed appendEntries as previous log entry ((t:9, i:34)) is not found
2021-10-05 01:21:38,686 [grpc-default-executor-12] INFO  server.RaftServer$Division (RaftServerImpl.java:checkInconsistentAppendEntries(1285)) - omNode-1@group-523986131536: inconsistency entries. Reply:omNode-3<-omNode-1#6648:FAIL-t9,INCONSISTENCY,nextIndex=16,followerCommit=15
2021-10-05 01:21:38,686 [grpc-default-executor-12] INFO  leader.FollowerInfo (FollowerInfoImpl.java:lambda$new$0(46)) - omNode-3@group-523986131536->omNode-1: nextIndex: updateUnconditionally 35 -> 16
2021-10-05 01:21:39,187 [grpc-default-executor-12] INFO  server.RaftServer$Division (RaftServerImpl.java:checkInconsistentAppendEntries(1319)) - omNode-1@group-523986131536: Failed appendEntries as previous log entry ((t:9, i:34)) is not found
2021-10-05 01:21:39,188 [grpc-default-executor-12] INFO  server.RaftServer$Division (RaftServerImpl.java:checkInconsistentAppendEntries(1285)) - omNode-1@group-523986131536: inconsistency entries. Reply:omNode-3<-omNode-1#6699:FAIL-t9,INCONSISTENCY,nextIndex=16,followerCommit=15
2021-10-05 01:21:39,188 [grpc-default-executor-12] INFO  leader.FollowerInfo (FollowerInfoImpl.java:lambda$new$0(46)) - omNode-3@group-523986131536->omNode-1: nextIndex: updateUnconditionally 35 -> 16
2021-10-05 01:21:39,690 [grpc-default-executor-12] INFO  server.RaftServer$Division (RaftServerImpl.java:checkInconsistentAppendEntries(1319)) - omNode-1@group-523986131536: Failed appendEntries as previous log entry ((t:9, i:34)) is not found
2021-10-05 01:21:39,690 [grpc-default-executor-12] INFO  server.RaftServer$Division (RaftServerImpl.java:checkInconsistentAppendEntries(1285)) - omNode-1@group-523986131536: inconsistency entries. Reply:omNode-3<-omNode-1#6750:FAIL-t9,INCONSISTENCY,nextIndex=16,followerCommit=15
2021-10-05 01:21:39,690 [grpc-default-executor-12] INFO  leader.FollowerInfo (FollowerInfoImpl.java:lambda$new$0(46)) - omNode-3@group-523986131536->omNode-1: nextIndex: updateUnconditionally 35 -> 16
2021-10-05 01:21:40,192 [grpc-default-executor-12] INFO  server.RaftServer$Division (RaftServerImpl.java:checkInconsistentAppendEntries(1319)) - omNode-1@group-523986131536: Failed appendEntries as previous log entry ((t:9, i:34)) is not found
2021-10-05 01:21:40,192 [grpc-default-executor-12] INFO  server.RaftServer$Division (RaftServerImpl.java:checkInconsistentAppendEntries(1285)) - omNode-1@group-523986131536: inconsistency entries. Reply:omNode-3<-omNode-1#6801:FAIL-t9,INCONSISTENCY,nextIndex=16,followerCommit=15
2021-10-05 01:21:40,192 [grpc-default-executor-12] INFO  leader.FollowerInfo (FollowerInfoImpl.java:lambda$new$0(46)) - omNode-3@group-523986131536->omNode-1: nextIndex: updateUnconditionally 35 -> 16
2021-10-05 01:21:40,694 [grpc-default-executor-12] INFO  server.RaftServer$Division (RaftServerImpl.java:checkInconsistentAppendEntries(1319)) - omNode-1@group-523986131536: Failed appendEntries as previous log entry ((t:9, i:34)) is not found
2021-10-05 01:21:40,694 [grpc-default-executor-12] INFO  server.RaftServer$Division (RaftServerImpl.java:checkInconsistentAppendEntries(1285)) - omNode-1@group-523986131536: inconsistency entries. Reply:omNode-3<-omNode-1#6852:FAIL-t9,INCONSISTENCY,nextIndex=16,followerCommit=15
2021-10-05 01:21:40,694 [grpc-default-executor-12] INFO  leader.FollowerInfo (FollowerInfoImpl.java:lambda$new$0(46)) - omNode-3@group-523986131536->omNode-1: nextIndex: updateUnconditionally 35 -> 16
2021-10-05 01:21:41,196 [grpc-default-executor-14] INFO  server.RaftServer$Division (RaftServerImpl.java:checkInconsistentAppendEntries(1319)) - omNode-1@group-523986131536: Failed appendEntries as previous log entry ((t:9, i:34)) is not found
2021-10-05 01:21:41,196 [grpc-default-executor-14] INFO  server.RaftServer$Division (RaftServerImpl.java:checkInconsistentAppendEntries(1285)) - omNode-1@group-523986131536: inconsistency entries. Reply:omNode-3<-omNode-1#6903:FAIL-t9,INCONSISTENCY,nextIndex=16,followerCommit=15
2021-10-05 01:21:41,196 [grpc-default-executor-14] INFO  leader.FollowerInfo (FollowerInfoImpl.java:lambda$new$0(46)) - omNode-3@group-523986131536->omNode-1: nextIndex: updateUnconditionally 35 -> 16
2021-10-05 01:21:41,697 [grpc-default-executor-14] INFO  server.RaftServer$Division (RaftServerImpl.java:checkInconsistentAppendEntries(1319)) - omNode-1@group-523986131536: Failed appendEntries as previous log entry ((t:9, i:34)) is not found
2021-10-05 01:21:41,698 [grpc-default-executor-14] INFO  server.RaftServer$Division (RaftServerImpl.java:checkInconsistentAppendEntries(1285)) - omNode-1@group-523986131536: inconsistency entries. Reply:omNode-3<-omNode-1#6954:FAIL-t9,INCONSISTENCY,nextIndex=16,followerCommit=15
2021-10-05 01:21:41,698 [grpc-default-executor-14] INFO  leader.FollowerInfo (FollowerInfoImpl.java:lambda$new$0(46)) - omNode-3@group-523986131536->omNode-1: nextIndex: updateUnconditionally 35 -> 16
2021-10-05 01:21:42,200 [grpc-default-executor-14] INFO  server.RaftServer$Division (RaftServerImpl.java:checkInconsistentAppendEntries(1319)) - omNode-1@group-523986131536: Failed appendEntries as previous log entry ((t:9, i:34)) is not found
2021-10-05 01:21:42,200 [grpc-default-executor-14] INFO  server.RaftServer$Division (RaftServerImpl.java:checkInconsistentAppendEntries(1285)) - omNode-1@group-523986131536: inconsistency entries. Reply:omNode-3<-omNode-1#7005:FAIL-t9,INCONSISTENCY,nextIndex=16,followerCommit=15
2021-10-05 01:21:42,200 [grpc-default-executor-14] INFO  leader.FollowerInfo (FollowerInfoImpl.java:lambda$new$0(46)) - omNode-3@group-523986131536->omNode-1: nextIndex: updateUnconditionally 35 -> 16
2021-10-05 01:21:42,702 [grpc-default-executor-14] INFO  server.RaftServer$Division (RaftServerImpl.java:checkInconsistentAppendEntries(1319)) - omNode-1@group-523986131536: Failed appendEntries as previous log entry ((t:9, i:34)) is not found
2021-10-05 01:21:42,702 [grpc-default-executor-14] INFO  server.RaftServer$Division (RaftServerImpl.java:checkInconsistentAppendEntries(1285)) - omNode-1@group-523986131536: inconsistency entries. Reply:omNode-3<-omNode-1#7056:FAIL-t9,INCONSISTENCY,nextIndex=16,followerCommit=15
2021-10-05 01:21:42,703 [grpc-default-executor-14] INFO  leader.FollowerInfo (FollowerInfoImpl.java:lambda$new$0(46)) - omNode-3@group-523986131536->omNode-1: nextIndex: updateUnconditionally 35 -> 16
2021-10-05 01:21:43,204 [grpc-default-executor-14] INFO  server.RaftServer$Division (RaftServerImpl.java:checkInconsistentAppendEntries(1319)) - omNode-1@group-523986131536: Failed appendEntries as previous log entry ((t:9, i:34)) is not found
2021-10-05 01:21:43,204 [grpc-default-executor-14] INFO  server.RaftServer$Division (RaftServerImpl.java:checkInconsistentAppendEntries(1285)) - omNode-1@group-523986131536: inconsistency entries. Reply:omNode-3<-omNode-1#7107:FAIL-t9,INCONSISTENCY,nextIndex=16,followerCommit=15
2021-10-05 01:21:43,204 [grpc-default-executor-14] INFO  leader.FollowerInfo (FollowerInfoImpl.java:lambda$new$0(46)) - omNode-3@group-523986131536->omNode-1: nextIndex: updateUnconditionally 35 -> 16
2021-10-05 01:21:43,706 [grpc-default-executor-12] INFO  server.RaftServer$Division (RaftServerImpl.java:checkInconsistentAppendEntries(1319)) - omNode-1@group-523986131536: Failed appendEntries as previous log entry ((t:9, i:34)) is not found
2021-10-05 01:21:43,706 [grpc-default-executor-12] INFO  server.RaftServer$Division (RaftServerImpl.java:checkInconsistentAppendEntries(1285)) - omNode-1@group-523986131536: inconsistency entries. Reply:omNode-3<-omNode-1#7158:FAIL-t9,INCONSISTENCY,nextIndex=16,followerCommit=15
2021-10-05 01:21:43,707 [grpc-default-executor-12] INFO  leader.FollowerInfo (FollowerInfoImpl.java:lambda$new$0(46)) - omNode-3@group-523986131536->omNode-1: nextIndex: updateUnconditionally 35 -> 16
2021-10-05 01:21:44,208 [grpc-default-executor-12] INFO  server.RaftServer$Division (RaftServerImpl.java:checkInconsistentAppendEntries(1319)) - omNode-1@group-523986131536: Failed appendEntries as previous log entry ((t:9, i:34)) is not found
2021-10-05 01:21:44,208 [grpc-default-executor-12] INFO  server.RaftServer$Division (RaftServerImpl.java:checkInconsistentAppendEntries(1285)) - omNode-1@group-523986131536: inconsistency entries. Reply:omNode-3<-omNode-1#7209:FAIL-t9,INCONSISTENCY,nextIndex=16,followerCommit=15
2021-10-05 01:21:44,209 [grpc-default-executor-12] INFO  leader.FollowerInfo (FollowerInfoImpl.java:lambda$new$0(46)) - omNode-3@group-523986131536->omNode-1: nextIndex: updateUnconditionally 35 -> 16
2021-10-05 01:21:44,710 [grpc-default-executor-12] INFO  server.RaftServer$Division (RaftServerImpl.java:checkInconsistentAppendEntries(1319)) - omNode-1@group-523986131536: Failed appendEntries as previous log entry ((t:9, i:34)) is not found
2021-10-05 01:21:44,711 [grpc-default-executor-12] INFO  server.RaftServer$Division (RaftServerImpl.java:checkInconsistentAppendEntries(1285)) - omNode-1@group-523986131536: inconsistency entries. Reply:omNode-3<-omNode-1#7260:FAIL-t9,INCONSISTENCY,nextIndex=16,followerCommit=15
2021-10-05 01:21:44,711 [grpc-default-executor-12] INFO  leader.FollowerInfo (FollowerInfoImpl.java:lambda$new$0(46)) - omNode-3@group-523986131536->omNode-1: nextIndex: updateUnconditionally 35 -> 16
2021-10-05 01:21:45,213 [grpc-default-executor-12] INFO  server.RaftServer$Division (RaftServerImpl.java:checkInconsistentAppendEntries(1319)) - omNode-1@group-523986131536: Failed appendEntries as previous log entry ((t:9, i:34)) is not found
2021-10-05 01:21:45,213 [grpc-default-executor-12] INFO  server.RaftServer$Division (RaftServerImpl.java:checkInconsistentAppendEntries(1285)) - omNode-1@group-523986131536: inconsistency entries. Reply:omNode-3<-omNode-1#7311:FAIL-t9,INCONSISTENCY,nextIndex=16,followerCommit=15
2021-10-05 01:21:45,213 [grpc-default-executor-12] INFO  leader.FollowerInfo (FollowerInfoImpl.java:lambda$new$0(46)) - omNode-3@group-523986131536->omNode-1: nextIndex: updateUnconditionally 35 -> 16
2021-10-05 01:21:45,715 [grpc-default-executor-12] INFO  server.RaftServer$Division (RaftServerImpl.java:checkInconsistentAppendEntries(1319)) - omNode-1@group-523986131536: Failed appendEntries as previous log entry ((t:9, i:34)) is not found
2021-10-05 01:21:45,715 [grpc-default-executor-12] INFO  server.RaftServer$Division (RaftServerImpl.java:checkInconsistentAppendEntries(1285)) - omNode-1@group-523986131536: inconsistency entries. Reply:omNode-3<-omNode-1#7362:FAIL-t9,INCONSISTENCY,nextIndex=16,followerCommit=15
2021-10-05 01:21:45,716 [grpc-default-executor-12] INFO  leader.FollowerInfo (FollowerInfoImpl.java:lambda$new$0(46)) - omNode-3@group-523986131536->omNode-1: nextIndex: updateUnconditionally 35 -> 16
2021-10-05 01:21:46,218 [grpc-default-executor-14] INFO  server.RaftServer$Division (RaftServerImpl.java:checkInconsistentAppendEntries(1319)) - omNode-1@group-523986131536: Failed appendEntries as previous log entry ((t:9, i:34)) is not found
2021-10-05 01:21:46,218 [grpc-default-executor-14] INFO  server.RaftServer$Division (RaftServerImpl.java:checkInconsistentAppendEntries(1285)) - omNode-1@group-523986131536: inconsistency entries. Reply:omNode-3<-omNode-1#7413:FAIL-t9,INCONSISTENCY,nextIndex=16,followerCommit=15
2021-10-05 01:21:46,218 [grpc-default-executor-14] INFO  leader.FollowerInfo (FollowerInfoImpl.java:lambda$new$0(46)) - omNode-3@group-523986131536->omNode-1: nextIndex: updateUnconditionally 35 -> 16
2021-10-05 01:21:46,721 [grpc-default-executor-14] INFO  server.RaftServer$Division (RaftServerImpl.java:checkInconsistentAppendEntries(1319)) - omNode-1@group-523986131536: Failed appendEntries as previous log entry ((t:9, i:34)) is not found
2021-10-05 01:21:46,721 [grpc-default-executor-14] INFO  server.RaftServer$Division (RaftServerImpl.java:checkInconsistentAppendEntries(1285)) - omNode-1@group-523986131536: inconsistency entries. Reply:omNode-3<-omNode-1#7464:FAIL-t9,INCONSISTENCY,nextIndex=16,followerCommit=15
2021-10-05 01:21:46,721 [grpc-default-executor-14] INFO  leader.FollowerInfo (FollowerInfoImpl.java:lambda$new$0(46)) - omNode-3@group-523986131536->omNode-1: nextIndex: updateUnconditionally 35 -> 16
2021-10-05 01:21:47,223 [grpc-default-executor-14] INFO  server.RaftServer$Division (RaftServerImpl.java:checkInconsistentAppendEntries(1319)) - omNode-1@group-523986131536: Failed appendEntries as previous log entry ((t:9, i:34)) is not found
2021-10-05 01:21:47,223 [grpc-default-executor-14] INFO  server.RaftServer$Division (RaftServerImpl.java:checkInconsistentAppendEntries(1285)) - omNode-1@group-523986131536: inconsistency entries. Reply:omNode-3<-omNode-1#7515:FAIL-t9,INCONSISTENCY,nextIndex=16,followerCommit=15
2021-10-05 01:21:47,223 [grpc-default-executor-14] INFO  leader.FollowerInfo (FollowerInfoImpl.java:lambda$new$0(46)) - omNode-3@group-523986131536->omNode-1: nextIndex: updateUnconditionally 35 -> 16
2021-10-05 01:21:47,724 [grpc-default-executor-14] INFO  server.RaftServer$Division (RaftServerImpl.java:checkInconsistentAppendEntries(1319)) - omNode-1@group-523986131536: Failed appendEntries as previous log entry ((t:9, i:34)) is not found
2021-10-05 01:21:47,724 [grpc-default-executor-14] INFO  server.RaftServer$Division (RaftServerImpl.java:checkInconsistentAppendEntries(1285)) - omNode-1@group-523986131536: inconsistency entries. Reply:omNode-3<-omNode-1#7566:FAIL-t9,INCONSISTENCY,nextIndex=16,followerCommit=15
2021-10-05 01:21:47,725 [grpc-default-executor-14] INFO  leader.FollowerInfo (FollowerInfoImpl.java:lambda$new$0(46)) - omNode-3@group-523986131536->omNode-1: nextIndex: updateUnconditionally 35 -> 16
2021-10-05 01:21:48,226 [grpc-default-executor-14] INFO  server.RaftServer$Division (RaftServerImpl.java:checkInconsistentAppendEntries(1319)) - omNode-1@group-523986131536: Failed appendEntries as previous log entry ((t:9, i:34)) is not found
2021-10-05 01:21:48,226 [grpc-default-executor-14] INFO  server.RaftServer$Division (RaftServerImpl.java:checkInconsistentAppendEntries(1285)) - omNode-1@group-523986131536: inconsistency entries. Reply:omNode-3<-omNode-1#7617:FAIL-t9,INCONSISTENCY,nextIndex=16,followerCommit=15
2021-10-05 01:21:48,227 [grpc-default-executor-14] INFO  leader.FollowerInfo (FollowerInfoImpl.java:lambda$new$0(46)) - omNode-3@group-523986131536->omNode-1: nextIndex: updateUnconditionally 35 -> 16
2021-10-05 01:21:48,728 [grpc-default-executor-14] INFO  server.RaftServer$Division (RaftServerImpl.java:checkInconsistentAppendEntries(1319)) - omNode-1@group-523986131536: Failed appendEntries as previous log entry ((t:9, i:34)) is not found
2021-10-05 01:21:48,728 [grpc-default-executor-14] INFO  server.RaftServer$Division (RaftServerImpl.java:checkInconsistentAppendEntries(1285)) - omNode-1@group-523986131536: inconsistency entries. Reply:omNode-3<-omNode-1#7668:FAIL-t9,INCONSISTENCY,nextIndex=16,followerCommit=15
2021-10-05 01:21:48,729 [grpc-default-executor-14] INFO  leader.FollowerInfo (FollowerInfoImpl.java:lambda$new$0(46)) - omNode-3@group-523986131536->omNode-1: nextIndex: updateUnconditionally 35 -> 16
2021-10-05 01:21:49,230 [grpc-default-executor-14] INFO  server.RaftServer$Division (RaftServerImpl.java:checkInconsistentAppendEntries(1319)) - omNode-1@group-523986131536: Failed appendEntries as previous log entry ((t:9, i:34)) is not found
2021-10-05 01:21:49,230 [grpc-default-executor-14] INFO  server.RaftServer$Division (RaftServerImpl.java:checkInconsistentAppendEntries(1285)) - omNode-1@group-523986131536: inconsistency entries. Reply:omNode-3<-omNode-1#7719:FAIL-t9,INCONSISTENCY,nextIndex=16,followerCommit=15
2021-10-05 01:21:49,230 [grpc-default-executor-14] INFO  leader.FollowerInfo (FollowerInfoImpl.java:lambda$new$0(46)) - omNode-3@group-523986131536->omNode-1: nextIndex: updateUnconditionally 35 -> 16
2021-10-05 01:21:49,732 [grpc-default-executor-14] INFO  server.RaftServer$Division (RaftServerImpl.java:checkInconsistentAppendEntries(1319)) - omNode-1@group-523986131536: Failed appendEntries as previous log entry ((t:9, i:34)) is not found
2021-10-05 01:21:49,732 [grpc-default-executor-14] INFO  server.RaftServer$Division (RaftServerImpl.java:checkInconsistentAppendEntries(1285)) - omNode-1@group-523986131536: inconsistency entries. Reply:omNode-3<-omNode-1#7770:FAIL-t9,INCONSISTENCY,nextIndex=16,followerCommit=15
2021-10-05 01:21:49,732 [grpc-default-executor-14] INFO  leader.FollowerInfo (FollowerInfoImpl.java:lambda$new$0(46)) - omNode-3@group-523986131536->omNode-1: nextIndex: updateUnconditionally 35 -> 16
2021-10-05 01:21:50,234 [grpc-default-executor-14] INFO  server.RaftServer$Division (RaftServerImpl.java:checkInconsistentAppendEntries(1319)) - omNode-1@group-523986131536: Failed appendEntries as previous log entry ((t:9, i:34)) is not found
2021-10-05 01:21:50,235 [grpc-default-executor-14] INFO  server.RaftServer$Division (RaftServerImpl.java:checkInconsistentAppendEntries(1285)) - omNode-1@group-523986131536: inconsistency entries. Reply:omNode-3<-omNode-1#7821:FAIL-t9,INCONSISTENCY,nextIndex=16,followerCommit=15
2021-10-05 01:21:50,235 [grpc-default-executor-14] INFO  leader.FollowerInfo (FollowerInfoImpl.java:lambda$new$0(46)) - omNode-3@group-523986131536->omNode-1: nextIndex: updateUnconditionally 35 -> 16
2021-10-05 01:21:50,737 [grpc-default-executor-14] INFO  server.RaftServer$Division (RaftServerImpl.java:checkInconsistentAppendEntries(1319)) - omNode-1@group-523986131536: Failed appendEntries as previous log entry ((t:9, i:34)) is not found
2021-10-05 01:21:50,737 [grpc-default-executor-14] INFO  server.RaftServer$Division (RaftServerImpl.java:checkInconsistentAppendEntries(1285)) - omNode-1@group-523986131536: inconsistency entries. Reply:omNode-3<-omNode-1#7872:FAIL-t9,INCONSISTENCY,nextIndex=16,followerCommit=15
2021-10-05 01:21:50,738 [grpc-default-executor-14] INFO  leader.FollowerInfo (FollowerInfoImpl.java:lambda$new$0(46)) - omNode-3@group-523986131536->omNode-1: nextIndex: updateUnconditionally 35 -> 16
2021-10-05 01:21:51,239 [grpc-default-executor-14] INFO  server.RaftServer$Division (RaftServerImpl.java:checkInconsistentAppendEntries(1319)) - omNode-1@group-523986131536: Failed appendEntries as previous log entry ((t:9, i:34)) is not found
2021-10-05 01:21:51,239 [grpc-default-executor-14] INFO  server.RaftServer$Division (RaftServerImpl.java:checkInconsistentAppendEntries(1285)) - omNode-1@group-523986131536: inconsistency entries. Reply:omNode-3<-omNode-1#7923:FAIL-t9,INCONSISTENCY,nextIndex=16,followerCommit=15
2021-10-05 01:21:51,239 [grpc-default-executor-14] INFO  leader.FollowerInfo (FollowerInfoImpl.java:lambda$new$0(46)) - omNode-3@group-523986131536->omNode-1: nextIndex: updateUnconditionally 35 -> 16
2021-10-05 01:21:51,741 [grpc-default-executor-14] INFO  server.RaftServer$Division (RaftServerImpl.java:checkInconsistentAppendEntries(1319)) - omNode-1@group-523986131536: Failed appendEntries as previous log entry ((t:9, i:34)) is not found
2021-10-05 01:21:51,741 [grpc-default-executor-14] INFO  server.RaftServer$Division (RaftServerImpl.java:checkInconsistentAppendEntries(1285)) - omNode-1@group-523986131536: inconsistency entries. Reply:omNode-3<-omNode-1#7974:FAIL-t9,INCONSISTENCY,nextIndex=16,followerCommit=15
2021-10-05 01:21:51,741 [grpc-default-executor-14] INFO  leader.FollowerInfo (FollowerInfoImpl.java:lambda$new$0(46)) - omNode-3@group-523986131536->omNode-1: nextIndex: updateUnconditionally 35 -> 16
2021-10-05 01:21:52,243 [grpc-default-executor-14] INFO  server.RaftServer$Division (RaftServerImpl.java:checkInconsistentAppendEntries(1319)) - omNode-1@group-523986131536: Failed appendEntries as previous log entry ((t:9, i:34)) is not found
2021-10-05 01:21:52,243 [grpc-default-executor-14] INFO  server.RaftServer$Division (RaftServerImpl.java:checkInconsistentAppendEntries(1285)) - omNode-1@group-523986131536: inconsistency entries. Reply:omNode-3<-omNode-1#8025:FAIL-t9,INCONSISTENCY,nextIndex=16,followerCommit=15
2021-10-05 01:21:52,243 [grpc-default-executor-14] INFO  leader.FollowerInfo (FollowerInfoImpl.java:lambda$new$0(46)) - omNode-3@group-523986131536->omNode-1: nextIndex: updateUnconditionally 35 -> 16
2021-10-05 01:21:52,744 [grpc-default-executor-14] INFO  server.RaftServer$Division (RaftServerImpl.java:checkInconsistentAppendEntries(1319)) - omNode-1@group-523986131536: Failed appendEntries as previous log entry ((t:9, i:34)) is not found
2021-10-05 01:21:52,744 [grpc-default-executor-14] INFO  server.RaftServer$Division (RaftServerImpl.java:checkInconsistentAppendEntries(1285)) - omNode-1@group-523986131536: inconsistency entries. Reply:omNode-3<-omNode-1#8076:FAIL-t9,INCONSISTENCY,nextIndex=16,followerCommit=15
2021-10-05 01:21:52,745 [grpc-default-executor-14] INFO  leader.FollowerInfo (FollowerInfoImpl.java:lambda$new$0(46)) - omNode-3@group-523986131536->omNode-1: nextIndex: updateUnconditionally 35 -> 16
2021-10-05 01:21:53,247 [grpc-default-executor-14] INFO  server.RaftServer$Division (RaftServerImpl.java:checkInconsistentAppendEntries(1319)) - omNode-1@group-523986131536: Failed appendEntries as previous log entry ((t:9, i:34)) is not found
2021-10-05 01:21:53,247 [grpc-default-executor-14] INFO  server.RaftServer$Division (RaftServerImpl.java:checkInconsistentAppendEntries(1285)) - omNode-1@group-523986131536: inconsistency entries. Reply:omNode-3<-omNode-1#8127:FAIL-t9,INCONSISTENCY,nextIndex=16,followerCommit=15
2021-10-05 01:21:53,247 [grpc-default-executor-14] INFO  leader.FollowerInfo (FollowerInfoImpl.java:lambda$new$0(46)) - omNode-3@group-523986131536->omNode-1: nextIndex: updateUnconditionally 35 -> 16
2021-10-05 01:21:53,748 [grpc-default-executor-12] INFO  server.RaftServer$Division (RaftServerImpl.java:checkInconsistentAppendEntries(1319)) - omNode-1@group-523986131536: Failed appendEntries as previous log entry ((t:9, i:34)) is not found
2021-10-05 01:21:53,749 [grpc-default-executor-12] INFO  server.RaftServer$Division (RaftServerImpl.java:checkInconsistentAppendEntries(1285)) - omNode-1@group-523986131536: inconsistency entries. Reply:omNode-3<-omNode-1#8178:FAIL-t9,INCONSISTENCY,nextIndex=16,followerCommit=15
2021-10-05 01:21:53,749 [grpc-default-executor-12] INFO  leader.FollowerInfo (FollowerInfoImpl.java:lambda$new$0(46)) - omNode-3@group-523986131536->omNode-1: nextIndex: updateUnconditionally 35 -> 16
2021-10-05 01:21:54,251 [grpc-default-executor-12] INFO  server.RaftServer$Division (RaftServerImpl.java:checkInconsistentAppendEntries(1319)) - omNode-1@group-523986131536: Failed appendEntries as previous log entry ((t:9, i:34)) is not found
2021-10-05 01:21:54,251 [grpc-default-executor-12] INFO  server.RaftServer$Division (RaftServerImpl.java:checkInconsistentAppendEntries(1285)) - omNode-1@group-523986131536: inconsistency entries. Reply:omNode-3<-omNode-1#8229:FAIL-t9,INCONSISTENCY,nextIndex=16,followerCommit=15
2021-10-05 01:21:54,251 [grpc-default-executor-12] INFO  leader.FollowerInfo (FollowerInfoImpl.java:lambda$new$0(46)) - omNode-3@group-523986131536->omNode-1: nextIndex: updateUnconditionally 35 -> 16
2021-10-05 01:21:54,752 [grpc-default-executor-12] INFO  server.RaftServer$Division (RaftServerImpl.java:checkInconsistentAppendEntries(1319)) - omNode-1@group-523986131536: Failed appendEntries as previous log entry ((t:9, i:34)) is not found
2021-10-05 01:21:54,752 [grpc-default-executor-12] INFO  server.RaftServer$Division (RaftServerImpl.java:checkInconsistentAppendEntries(1285)) - omNode-1@group-523986131536: inconsistency entries. Reply:omNode-3<-omNode-1#8280:FAIL-t9,INCONSISTENCY,nextIndex=16,followerCommit=15
2021-10-05 01:21:54,755 [grpc-default-executor-12] INFO  leader.FollowerInfo (FollowerInfoImpl.java:lambda$new$0(46)) - omNode-3@group-523986131536->omNode-1: nextIndex: updateUnconditionally 35 -> 16
2021-10-05 01:21:55,257 [grpc-default-executor-12] INFO  server.RaftServer$Division (RaftServerImpl.java:checkInconsistentAppendEntries(1319)) - omNode-1@group-523986131536: Failed appendEntries as previous log entry ((t:9, i:34)) is not found
2021-10-05 01:21:55,257 [grpc-default-executor-12] INFO  server.RaftServer$Division (RaftServerImpl.java:checkInconsistentAppendEntries(1285)) - omNode-1@group-523986131536: inconsistency entries. Reply:omNode-3<-omNode-1#8331:FAIL-t9,INCONSISTENCY,nextIndex=16,followerCommit=15
2021-10-05 01:21:55,257 [grpc-default-executor-12] INFO  leader.FollowerInfo (FollowerInfoImpl.java:lambda$new$0(46)) - omNode-3@group-523986131536->omNode-1: nextIndex: updateUnconditionally 35 -> 16
2021-10-05 01:21:55,759 [grpc-default-executor-12] INFO  server.RaftServer$Division (RaftServerImpl.java:checkInconsistentAppendEntries(1319)) - omNode-1@group-523986131536: Failed appendEntries as previous log entry ((t:9, i:34)) is not found
2021-10-05 01:21:55,759 [grpc-default-executor-12] INFO  server.RaftServer$Division (RaftServerImpl.java:checkInconsistentAppendEntries(1285)) - omNode-1@group-523986131536: inconsistency entries. Reply:omNode-3<-omNode-1#8382:FAIL-t9,INCONSISTENCY,nextIndex=16,followerCommit=15
2021-10-05 01:21:55,759 [grpc-default-executor-12] INFO  leader.FollowerInfo (FollowerInfoImpl.java:lambda$new$0(46)) - omNode-3@group-523986131536->omNode-1: nextIndex: updateUnconditionally 35 -> 16
2021-10-05 01:21:56,261 [grpc-default-executor-12] INFO  server.RaftServer$Division (RaftServerImpl.java:checkInconsistentAppendEntries(1319)) - omNode-1@group-523986131536: Failed appendEntries as previous log entry ((t:9, i:34)) is not found
2021-10-05 01:21:56,261 [grpc-default-executor-12] INFO  server.RaftServer$Division (RaftServerImpl.java:checkInconsistentAppendEntries(1285)) - omNode-1@group-523986131536: inconsistency entries. Reply:omNode-3<-omNode-1#8433:FAIL-t9,INCONSISTENCY,nextIndex=16,followerCommit=15
2021-10-05 01:21:56,261 [grpc-default-executor-12] INFO  leader.FollowerInfo (FollowerInfoImpl.java:lambda$new$0(46)) - omNode-3@group-523986131536->omNode-1: nextIndex: updateUnconditionally 35 -> 16
2021-10-05 01:21:56,763 [grpc-default-executor-12] INFO  server.RaftServer$Division (RaftServerImpl.java:checkInconsistentAppendEntries(1319)) - omNode-1@group-523986131536: Failed appendEntries as previous log entry ((t:9, i:34)) is not found
2021-10-05 01:21:56,763 [grpc-default-executor-12] INFO  server.RaftServer$Division (RaftServerImpl.java:checkInconsistentAppendEntries(1285)) - omNode-1@group-523986131536: inconsistency entries. Reply:omNode-3<-omNode-1#8484:FAIL-t9,INCONSISTENCY,nextIndex=16,followerCommit=15
2021-10-05 01:21:56,764 [grpc-default-executor-12] INFO  leader.FollowerInfo (FollowerInfoImpl.java:lambda$new$0(46)) - omNode-3@group-523986131536->omNode-1: nextIndex: updateUnconditionally 35 -> 16
2021-10-05 01:21:57,265 [grpc-default-executor-12] INFO  server.RaftServer$Division (RaftServerImpl.java:checkInconsistentAppendEntries(1319)) - omNode-1@group-523986131536: Failed appendEntries as previous log entry ((t:9, i:34)) is not found
2021-10-05 01:21:57,265 [grpc-default-executor-12] INFO  server.RaftServer$Division (RaftServerImpl.java:checkInconsistentAppendEntries(1285)) - omNode-1@group-523986131536: inconsistency entries. Reply:omNode-3<-omNode-1#8535:FAIL-t9,INCONSISTENCY,nextIndex=16,followerCommit=15
2021-10-05 01:21:57,266 [grpc-default-executor-12] INFO  leader.FollowerInfo (FollowerInfoImpl.java:lambda$new$0(46)) - omNode-3@group-523986131536->omNode-1: nextIndex: updateUnconditionally 35 -> 16
2021-10-05 01:21:57,767 [grpc-default-executor-12] INFO  server.RaftServer$Division (RaftServerImpl.java:checkInconsistentAppendEntries(1319)) - omNode-1@group-523986131536: Failed appendEntries as previous log entry ((t:9, i:34)) is not found
2021-10-05 01:21:57,767 [grpc-default-executor-12] INFO  server.RaftServer$Division (RaftServerImpl.java:checkInconsistentAppendEntries(1285)) - omNode-1@group-523986131536: inconsistency entries. Reply:omNode-3<-omNode-1#8586:FAIL-t9,INCONSISTENCY,nextIndex=16,followerCommit=15
2021-10-05 01:21:57,768 [grpc-default-executor-12] INFO  leader.FollowerInfo (FollowerInfoImpl.java:lambda$new$0(46)) - omNode-3@group-523986131536->omNode-1: nextIndex: updateUnconditionally 35 -> 16
2021-10-05 01:21:58,269 [grpc-default-executor-12] INFO  server.RaftServer$Division (RaftServerImpl.java:checkInconsistentAppendEntries(1319)) - omNode-1@group-523986131536: Failed appendEntries as previous log entry ((t:9, i:34)) is not found
2021-10-05 01:21:58,269 [grpc-default-executor-12] INFO  server.RaftServer$Division (RaftServerImpl.java:checkInconsistentAppendEntries(1285)) - omNode-1@group-523986131536: inconsistency entries. Reply:omNode-3<-omNode-1#8637:FAIL-t9,INCONSISTENCY,nextIndex=16,followerCommit=15
2021-10-05 01:21:58,269 [grpc-default-executor-12] INFO  leader.FollowerInfo (FollowerInfoImpl.java:lambda$new$0(46)) - omNode-3@group-523986131536->omNode-1: nextIndex: updateUnconditionally 35 -> 16
2021-10-05 01:21:58,771 [grpc-default-executor-14] INFO  server.RaftServer$Division (RaftServerImpl.java:checkInconsistentAppendEntries(1319)) - omNode-1@group-523986131536: Failed appendEntries as previous log entry ((t:9, i:34)) is not found
2021-10-05 01:21:58,772 [grpc-default-executor-14] INFO  server.RaftServer$Division (RaftServerImpl.java:checkInconsistentAppendEntries(1285)) - omNode-1@group-523986131536: inconsistency entries. Reply:omNode-3<-omNode-1#8688:FAIL-t9,INCONSISTENCY,nextIndex=16,followerCommit=15
2021-10-05 01:21:58,772 [grpc-default-executor-14] INFO  leader.FollowerInfo (FollowerInfoImpl.java:lambda$new$0(46)) - omNode-3@group-523986131536->omNode-1: nextIndex: updateUnconditionally 35 -> 16
2021-10-05 01:21:59,274 [grpc-default-executor-14] INFO  server.RaftServer$Division (RaftServerImpl.java:checkInconsistentAppendEntries(1319)) - omNode-1@group-523986131536: Failed appendEntries as previous log entry ((t:9, i:34)) is not found
2021-10-05 01:21:59,274 [grpc-default-executor-14] INFO  server.RaftServer$Division (RaftServerImpl.java:checkInconsistentAppendEntries(1285)) - omNode-1@group-523986131536: inconsistency entries. Reply:omNode-3<-omNode-1#8739:FAIL-t9,INCONSISTENCY,nextIndex=16,followerCommit=15
2021-10-05 01:21:59,274 [grpc-default-executor-14] INFO  leader.FollowerInfo (FollowerInfoImpl.java:lambda$new$0(46)) - omNode-3@group-523986131536->omNode-1: nextIndex: updateUnconditionally 35 -> 16
2021-10-05 01:21:59,776 [grpc-default-executor-14] INFO  server.RaftServer$Division (RaftServerImpl.java:checkInconsistentAppendEntries(1319)) - omNode-1@group-523986131536: Failed appendEntries as previous log entry ((t:9, i:34)) is not found
2021-10-05 01:21:59,776 [grpc-default-executor-14] INFO  server.RaftServer$Division (RaftServerImpl.java:checkInconsistentAppendEntries(1285)) - omNode-1@group-523986131536: inconsistency entries. Reply:omNode-3<-omNode-1#8790:FAIL-t9,INCONSISTENCY,nextIndex=16,followerCommit=15
2021-10-05 01:21:59,776 [grpc-default-executor-14] INFO  leader.FollowerInfo (FollowerInfoImpl.java:lambda$new$0(46)) - omNode-3@group-523986131536->omNode-1: nextIndex: updateUnconditionally 35 -> 16
2021-10-05 01:22:00,279 [grpc-default-executor-14] INFO  server.RaftServer$Division (RaftServerImpl.java:checkInconsistentAppendEntries(1319)) - omNode-1@group-523986131536: Failed appendEntries as previous log entry ((t:9, i:34)) is not found
2021-10-05 01:22:00,279 [grpc-default-executor-14] INFO  server.RaftServer$Division (RaftServerImpl.java:checkInconsistentAppendEntries(1285)) - omNode-1@group-523986131536: inconsistency entries. Reply:omNode-3<-omNode-1#8841:FAIL-t9,INCONSISTENCY,nextIndex=16,followerCommit=15
2021-10-05 01:22:00,279 [grpc-default-executor-14] INFO  leader.FollowerInfo (FollowerInfoImpl.java:lambda$new$0(46)) - omNode-3@group-523986131536->omNode-1: nextIndex: updateUnconditionally 35 -> 16
2021-10-05 01:22:00,781 [grpc-default-executor-14] INFO  server.RaftServer$Division (RaftServerImpl.java:checkInconsistentAppendEntries(1319)) - omNode-1@group-523986131536: Failed appendEntries as previous log entry ((t:9, i:34)) is not found
2021-10-05 01:22:00,781 [grpc-default-executor-14] INFO  server.RaftServer$Division (RaftServerImpl.java:checkInconsistentAppendEntries(1285)) - omNode-1@group-523986131536: inconsistency entries. Reply:omNode-3<-omNode-1#8892:FAIL-t9,INCONSISTENCY,nextIndex=16,followerCommit=15
2021-10-05 01:22:00,781 [grpc-default-executor-14] INFO  leader.FollowerInfo (FollowerInfoImpl.java:lambda$new$0(46)) - omNode-3@group-523986131536->omNode-1: nextIndex: updateUnconditionally 35 -> 16
2021-10-05 01:22:01,283 [grpc-default-executor-14] INFO  server.RaftServer$Division (RaftServerImpl.java:checkInconsistentAppendEntries(1319)) - omNode-1@group-523986131536: Failed appendEntries as previous log entry ((t:9, i:34)) is not found
2021-10-05 01:22:01,284 [grpc-default-executor-14] INFO  server.RaftServer$Division (RaftServerImpl.java:checkInconsistentAppendEntries(1285)) - omNode-1@group-523986131536: inconsistency entries. Reply:omNode-3<-omNode-1#8943:FAIL-t9,INCONSISTENCY,nextIndex=16,followerCommit=15
2021-10-05 01:22:01,284 [grpc-default-executor-14] INFO  leader.FollowerInfo (FollowerInfoImpl.java:lambda$new$0(46)) - omNode-3@group-523986131536->omNode-1: nextIndex: updateUnconditionally 35 -> 16
2021-10-05 01:22:01,788 [grpc-default-executor-14] INFO  server.RaftServer$Division (RaftServerImpl.java:checkInconsistentAppendEntries(1319)) - omNode-1@group-523986131536: Failed appendEntries as previous log entry ((t:9, i:34)) is not found
2021-10-05 01:22:01,788 [grpc-default-executor-14] INFO  server.RaftServer$Division (RaftServerImpl.java:checkInconsistentAppendEntries(1285)) - omNode-1@group-523986131536: inconsistency entries. Reply:omNode-3<-omNode-1#8994:FAIL-t9,INCONSISTENCY,nextIndex=16,followerCommit=15
2021-10-05 01:22:01,789 [grpc-default-executor-14] INFO  leader.FollowerInfo (FollowerInfoImpl.java:lambda$new$0(46)) - omNode-3@group-523986131536->omNode-1: nextIndex: updateUnconditionally 35 -> 16
2021-10-05 01:22:02,291 [grpc-default-executor-14] INFO  server.RaftServer$Division (RaftServerImpl.java:checkInconsistentAppendEntries(1319)) - omNode-1@group-523986131536: Failed appendEntries as previous log entry ((t:9, i:34)) is not found
2021-10-05 01:22:02,291 [grpc-default-executor-14] INFO  server.RaftServer$Division (RaftServerImpl.java:checkInconsistentAppendEntries(1285)) - omNode-1@group-523986131536: inconsistency entries. Reply:omNode-3<-omNode-1#9045:FAIL-t9,INCONSISTENCY,nextIndex=16,followerCommit=15
2021-10-05 01:22:02,292 [grpc-default-executor-14] INFO  leader.FollowerInfo (FollowerInfoImpl.java:lambda$new$0(46)) - omNode-3@group-523986131536->omNode-1: nextIndex: updateUnconditionally 35 -> 16
2021-10-05 01:22:02,793 [grpc-default-executor-14] INFO  server.RaftServer$Division (RaftServerImpl.java:checkInconsistentAppendEntries(1319)) - omNode-1@group-523986131536: Failed appendEntries as previous log entry ((t:9, i:34)) is not found
2021-10-05 01:22:02,794 [grpc-default-executor-14] INFO  server.RaftServer$Division (RaftServerImpl.java:checkInconsistentAppendEntries(1285)) - omNode-1@group-523986131536: inconsistency entries. Reply:omNode-3<-omNode-1#9096:FAIL-t9,INCONSISTENCY,nextIndex=16,followerCommit=15
2021-10-05 01:22:02,794 [grpc-default-executor-14] INFO  leader.FollowerInfo (FollowerInfoImpl.java:lambda$new$0(46)) - omNode-3@group-523986131536->omNode-1: nextIndex: updateUnconditionally 35 -> 16
2021-10-05 01:22:03,296 [grpc-default-executor-14] INFO  server.RaftServer$Division (RaftServerImpl.java:checkInconsistentAppendEntries(1319)) - omNode-1@group-523986131536: Failed appendEntries as previous log entry ((t:9, i:34)) is not found
2021-10-05 01:22:03,296 [grpc-default-executor-14] INFO  server.RaftServer$Division (RaftServerImpl.java:checkInconsistentAppendEntries(1285)) - omNode-1@group-523986131536: inconsistency entries. Reply:omNode-3<-omNode-1#9147:FAIL-t9,INCONSISTENCY,nextIndex=16,followerCommit=15
2021-10-05 01:22:03,296 [grpc-default-executor-14] INFO  leader.FollowerInfo (FollowerInfoImpl.java:lambda$new$0(46)) - omNode-3@group-523986131536->omNode-1: nextIndex: updateUnconditionally 35 -> 16
2021-10-05 01:22:03,798 [grpc-default-executor-12] INFO  server.RaftServer$Division (RaftServerImpl.java:checkInconsistentAppendEntries(1319)) - omNode-1@group-523986131536: Failed appendEntries as previous log entry ((t:9, i:34)) is not found
2021-10-05 01:22:03,798 [grpc-default-executor-12] INFO  server.RaftServer$Division (RaftServerImpl.java:checkInconsistentAppendEntries(1285)) - omNode-1@group-523986131536: inconsistency entries. Reply:omNode-3<-omNode-1#9198:FAIL-t9,INCONSISTENCY,nextIndex=16,followerCommit=15
2021-10-05 01:22:03,798 [grpc-default-executor-12] INFO  leader.FollowerInfo (FollowerInfoImpl.java:lambda$new$0(46)) - omNode-3@group-523986131536->omNode-1: nextIndex: updateUnconditionally 35 -> 16
2021-10-05 01:22:04,300 [grpc-default-executor-12] INFO  server.RaftServer$Division (RaftServerImpl.java:checkInconsistentAppendEntries(1319)) - omNode-1@group-523986131536: Failed appendEntries as previous log entry ((t:9, i:34)) is not found
2021-10-05 01:22:04,300 [grpc-default-executor-12] INFO  server.RaftServer$Division (RaftServerImpl.java:checkInconsistentAppendEntries(1285)) - omNode-1@group-523986131536: inconsistency entries. Reply:omNode-3<-omNode-1#9249:FAIL-t9,INCONSISTENCY,nextIndex=16,followerCommit=15
2021-10-05 01:22:04,300 [grpc-default-executor-12] INFO  leader.FollowerInfo (FollowerInfoImpl.java:lambda$new$0(46)) - omNode-3@group-523986131536->omNode-1: nextIndex: updateUnconditionally 35 -> 16
2021-10-05 01:22:04,803 [grpc-default-executor-12] INFO  server.RaftServer$Division (RaftServerImpl.java:checkInconsistentAppendEntries(1319)) - omNode-1@group-523986131536: Failed appendEntries as previous log entry ((t:9, i:34)) is not found
2021-10-05 01:22:04,803 [grpc-default-executor-12] INFO  server.RaftServer$Division (RaftServerImpl.java:checkInconsistentAppendEntries(1285)) - omNode-1@group-523986131536: inconsistency entries. Reply:omNode-3<-omNode-1#9300:FAIL-t9,INCONSISTENCY,nextIndex=16,followerCommit=15
2021-10-05 01:22:04,803 [grpc-default-executor-12] INFO  leader.FollowerInfo (FollowerInfoImpl.java:lambda$new$0(46)) - omNode-3@group-523986131536->omNode-1: nextIndex: updateUnconditionally 35 -> 16
2021-10-05 01:22:05,305 [grpc-default-executor-12] INFO  server.RaftServer$Division (RaftServerImpl.java:checkInconsistentAppendEntries(1319)) - omNode-1@group-523986131536: Failed appendEntries as previous log entry ((t:9, i:34)) is not found
2021-10-05 01:22:05,306 [grpc-default-executor-12] INFO  server.RaftServer$Division (RaftServerImpl.java:checkInconsistentAppendEntries(1285)) - omNode-1@group-523986131536: inconsistency entries. Reply:omNode-3<-omNode-1#9351:FAIL-t9,INCONSISTENCY,nextIndex=16,followerCommit=15
2021-10-05 01:22:05,306 [grpc-default-executor-12] INFO  leader.FollowerInfo (FollowerInfoImpl.java:lambda$new$0(46)) - omNode-3@group-523986131536->omNode-1: nextIndex: updateUnconditionally 35 -> 16
2021-10-05 01:22:05,808 [grpc-default-executor-12] INFO  server.RaftServer$Division (RaftServerImpl.java:checkInconsistentAppendEntries(1319)) - omNode-1@group-523986131536: Failed appendEntries as previous log entry ((t:9, i:34)) is not found
2021-10-05 01:22:05,809 [grpc-default-executor-12] INFO  server.RaftServer$Division (RaftServerImpl.java:checkInconsistentAppendEntries(1285)) - omNode-1@group-523986131536: inconsistency entries. Reply:omNode-3<-omNode-1#9402:FAIL-t9,INCONSISTENCY,nextIndex=16,followerCommit=15
2021-10-05 01:22:05,809 [grpc-default-executor-12] INFO  leader.FollowerInfo (FollowerInfoImpl.java:lambda$new$0(46)) - omNode-3@group-523986131536->omNode-1: nextIndex: updateUnconditionally 35 -> 16
2021-10-05 01:22:06,311 [grpc-default-executor-12] INFO  server.RaftServer$Division (RaftServerImpl.java:checkInconsistentAppendEntries(1319)) - omNode-1@group-523986131536: Failed appendEntries as previous log entry ((t:9, i:34)) is not found
2021-10-05 01:22:06,312 [grpc-default-executor-12] INFO  server.RaftServer$Division (RaftServerImpl.java:checkInconsistentAppendEntries(1285)) - omNode-1@group-523986131536: inconsistency entries. Reply:omNode-3<-omNode-1#9453:FAIL-t9,INCONSISTENCY,nextIndex=16,followerCommit=15
2021-10-05 01:22:06,312 [grpc-default-executor-12] INFO  leader.FollowerInfo (FollowerInfoImpl.java:lambda$new$0(46)) - omNode-3@group-523986131536->omNode-1: nextIndex: updateUnconditionally 35 -> 16
2021-10-05 01:22:06,813 [grpc-default-executor-12] INFO  server.RaftServer$Division (RaftServerImpl.java:checkInconsistentAppendEntries(1319)) - omNode-1@group-523986131536: Failed appendEntries as previous log entry ((t:9, i:34)) is not found
2021-10-05 01:22:06,814 [grpc-default-executor-12] INFO  server.RaftServer$Division (RaftServerImpl.java:checkInconsistentAppendEntries(1285)) - omNode-1@group-523986131536: inconsistency entries. Reply:omNode-3<-omNode-1#9504:FAIL-t9,INCONSISTENCY,nextIndex=16,followerCommit=15
2021-10-05 01:22:06,815 [grpc-default-executor-12] INFO  leader.FollowerInfo (FollowerInfoImpl.java:lambda$new$0(46)) - omNode-3@group-523986131536->omNode-1: nextIndex: updateUnconditionally 35 -> 16
2021-10-05 01:22:07,317 [grpc-default-executor-12] INFO  server.RaftServer$Division (RaftServerImpl.java:checkInconsistentAppendEntries(1319)) - omNode-1@group-523986131536: Failed appendEntries as previous log entry ((t:9, i:34)) is not found
2021-10-05 01:22:07,317 [grpc-default-executor-12] INFO  server.RaftServer$Division (RaftServerImpl.java:checkInconsistentAppendEntries(1285)) - omNode-1@group-523986131536: inconsistency entries. Reply:omNode-3<-omNode-1#9555:FAIL-t9,INCONSISTENCY,nextIndex=16,followerCommit=15
2021-10-05 01:22:07,318 [grpc-default-executor-12] INFO  leader.FollowerInfo (FollowerInfoImpl.java:lambda$new$0(46)) - omNode-3@group-523986131536->omNode-1: nextIndex: updateUnconditionally 35 -> 16
2021-10-05 01:22:07,819 [grpc-default-executor-12] INFO  server.RaftServer$Division (RaftServerImpl.java:checkInconsistentAppendEntries(1319)) - omNode-1@group-523986131536: Failed appendEntries as previous log entry ((t:9, i:34)) is not found
2021-10-05 01:22:07,819 [grpc-default-executor-12] INFO  server.RaftServer$Division (RaftServerImpl.java:checkInconsistentAppendEntries(1285)) - omNode-1@group-523986131536: inconsistency entries. Reply:omNode-3<-omNode-1#9606:FAIL-t9,INCONSISTENCY,nextIndex=16,followerCommit=15
2021-10-05 01:22:07,820 [grpc-default-executor-12] INFO  leader.FollowerInfo (FollowerInfoImpl.java:lambda$new$0(46)) - omNode-3@group-523986131536->omNode-1: nextIndex: updateUnconditionally 35 -> 16
2021-10-05 01:22:08,321 [grpc-default-executor-12] INFO  server.RaftServer$Division (RaftServerImpl.java:checkInconsistentAppendEntries(1319)) - omNode-1@group-523986131536: Failed appendEntries as previous log entry ((t:9, i:34)) is not found
2021-10-05 01:22:08,321 [grpc-default-executor-12] INFO  server.RaftServer$Division (RaftServerImpl.java:checkInconsistentAppendEntries(1285)) - omNode-1@group-523986131536: inconsistency entries. Reply:omNode-3<-omNode-1#9657:FAIL-t9,INCONSISTENCY,nextIndex=16,followerCommit=15
2021-10-05 01:22:08,322 [grpc-default-executor-12] INFO  leader.FollowerInfo (FollowerInfoImpl.java:lambda$new$0(46)) - omNode-3@group-523986131536->omNode-1: nextIndex: updateUnconditionally 35 -> 16
2021-10-05 01:22:08,824 [grpc-default-executor-14] INFO  server.RaftServer$Division (RaftServerImpl.java:checkInconsistentAppendEntries(1319)) - omNode-1@group-523986131536: Failed appendEntries as previous log entry ((t:9, i:34)) is not found
2021-10-05 01:22:08,824 [grpc-default-executor-14] INFO  server.RaftServer$Division (RaftServerImpl.java:checkInconsistentAppendEntries(1285)) - omNode-1@group-523986131536: inconsistency entries. Reply:omNode-3<-omNode-1#9708:FAIL-t9,INCONSISTENCY,nextIndex=16,followerCommit=15
2021-10-05 01:22:08,824 [grpc-default-executor-14] INFO  leader.FollowerInfo (FollowerInfoImpl.java:lambda$new$0(46)) - omNode-3@group-523986131536->omNode-1: nextIndex: updateUnconditionally 35 -> 16
2021-10-05 01:22:09,326 [grpc-default-executor-14] INFO  server.RaftServer$Division (RaftServerImpl.java:checkInconsistentAppendEntries(1319)) - omNode-1@group-523986131536: Failed appendEntries as previous log entry ((t:9, i:34)) is not found
2021-10-05 01:22:09,327 [grpc-default-executor-14] INFO  server.RaftServer$Division (RaftServerImpl.java:checkInconsistentAppendEntries(1285)) - omNode-1@group-523986131536: inconsistency entries. Reply:omNode-3<-omNode-1#9759:FAIL-t9,INCONSISTENCY,nextIndex=16,followerCommit=15
2021-10-05 01:22:09,327 [grpc-default-executor-14] INFO  leader.FollowerInfo (FollowerInfoImpl.java:lambda$new$0(46)) - omNode-3@group-523986131536->omNode-1: nextIndex: updateUnconditionally 35 -> 16
2021-10-05 01:22:09,829 [grpc-default-executor-14] INFO  server.RaftServer$Division (RaftServerImpl.java:checkInconsistentAppendEntries(1319)) - omNode-1@group-523986131536: Failed appendEntries as previous log entry ((t:9, i:34)) is not found
2021-10-05 01:22:09,829 [grpc-default-executor-14] INFO  server.RaftServer$Division (RaftServerImpl.java:checkInconsistentAppendEntries(1285)) - omNode-1@group-523986131536: inconsistency entries. Reply:omNode-3<-omNode-1#9810:FAIL-t9,INCONSISTENCY,nextIndex=16,followerCommit=15
2021-10-05 01:22:09,830 [grpc-default-executor-14] INFO  leader.FollowerInfo (FollowerInfoImpl.java:lambda$new$0(46)) - omNode-3@group-523986131536->omNode-1: nextIndex: updateUnconditionally 35 -> 16
2021-10-05 01:22:10,331 [grpc-default-executor-14] INFO  server.RaftServer$Division (RaftServerImpl.java:checkInconsistentAppendEntries(1319)) - omNode-1@group-523986131536: Failed appendEntries as previous log entry ((t:9, i:34)) is not found
2021-10-05 01:22:10,331 [grpc-default-executor-14] INFO  server.RaftServer$Division (RaftServerImpl.java:checkInconsistentAppendEntries(1285)) - omNode-1@group-523986131536: inconsistency entries. Reply:omNode-3<-omNode-1#9861:FAIL-t9,INCONSISTENCY,nextIndex=16,followerCommit=15
2021-10-05 01:22:10,331 [grpc-default-executor-14] INFO  leader.FollowerInfo (FollowerInfoImpl.java:lambda$new$0(46)) - omNode-3@group-523986131536->omNode-1: nextIndex: updateUnconditionally 35 -> 16
2021-10-05 01:22:10,833 [grpc-default-executor-14] INFO  server.RaftServer$Division (RaftServerImpl.java:checkInconsistentAppendEntries(1319)) - omNode-1@group-523986131536: Failed appendEntries as previous log entry ((t:9, i:34)) is not found
2021-10-05 01:22:10,834 [grpc-default-executor-14] INFO  server.RaftServer$Division (RaftServerImpl.java:checkInconsistentAppendEntries(1285)) - omNode-1@group-523986131536: inconsistency entries. Reply:omNode-3<-omNode-1#9912:FAIL-t9,INCONSISTENCY,nextIndex=16,followerCommit=15
2021-10-05 01:22:10,834 [grpc-default-executor-14] INFO  leader.FollowerInfo (FollowerInfoImpl.java:lambda$new$0(46)) - omNode-3@group-523986131536->omNode-1: nextIndex: updateUnconditionally 35 -> 16
2021-10-05 01:22:11,336 [grpc-default-executor-14] INFO  server.RaftServer$Division (RaftServerImpl.java:checkInconsistentAppendEntries(1319)) - omNode-1@group-523986131536: Failed appendEntries as previous log entry ((t:9, i:34)) is not found
2021-10-05 01:22:11,336 [grpc-default-executor-14] INFO  server.RaftServer$Division (RaftServerImpl.java:checkInconsistentAppendEntries(1285)) - omNode-1@group-523986131536: inconsistency entries. Reply:omNode-3<-omNode-1#9963:FAIL-t9,INCONSISTENCY,nextIndex=16,followerCommit=15
2021-10-05 01:22:11,336 [grpc-default-executor-14] INFO  leader.FollowerInfo (FollowerInfoImpl.java:lambda$new$0(46)) - omNode-3@group-523986131536->omNode-1: nextIndex: updateUnconditionally 35 -> 16
2021-10-05 01:22:11,838 [grpc-default-executor-14] INFO  server.RaftServer$Division (RaftServerImpl.java:checkInconsistentAppendEntries(1319)) - omNode-1@group-523986131536: Failed appendEntries as previous log entry ((t:9, i:34)) is not found
2021-10-05 01:22:11,838 [grpc-default-executor-14] INFO  server.RaftServer$Division (RaftServerImpl.java:checkInconsistentAppendEntries(1285)) - omNode-1@group-523986131536: inconsistency entries. Reply:omNode-3<-omNode-1#10014:FAIL-t9,INCONSISTENCY,nextIndex=16,followerCommit=15
2021-10-05 01:22:11,838 [grpc-default-executor-14] INFO  leader.FollowerInfo (FollowerInfoImpl.java:lambda$new$0(46)) - omNode-3@group-523986131536->omNode-1: nextIndex: updateUnconditionally 35 -> 16
2021-10-05 01:22:12,340 [grpc-default-executor-14] INFO  server.RaftServer$Division (RaftServerImpl.java:checkInconsistentAppendEntries(1319)) - omNode-1@group-523986131536: Failed appendEntries as previous log entry ((t:9, i:34)) is not found
2021-10-05 01:22:12,341 [grpc-default-executor-14] INFO  server.RaftServer$Division (RaftServerImpl.java:checkInconsistentAppendEntries(1285)) - omNode-1@group-523986131536: inconsistency entries. Reply:omNode-3<-omNode-1#10065:FAIL-t9,INCONSISTENCY,nextIndex=16,followerCommit=15
2021-10-05 01:22:12,341 [grpc-default-executor-14] INFO  leader.FollowerInfo (FollowerInfoImpl.java:lambda$new$0(46)) - omNode-3@group-523986131536->omNode-1: nextIndex: updateUnconditionally 35 -> 16
2021-10-05 01:22:12,843 [grpc-default-executor-14] INFO  server.RaftServer$Division (RaftServerImpl.java:checkInconsistentAppendEntries(1319)) - omNode-1@group-523986131536: Failed appendEntries as previous log entry ((t:9, i:34)) is not found
2021-10-05 01:22:12,843 [grpc-default-executor-14] INFO  server.RaftServer$Division (RaftServerImpl.java:checkInconsistentAppendEntries(1285)) - omNode-1@group-523986131536: inconsistency entries. Reply:omNode-3<-omNode-1#10116:FAIL-t9,INCONSISTENCY,nextIndex=16,followerCommit=15
2021-10-05 01:22:12,843 [grpc-default-executor-14] INFO  leader.FollowerInfo (FollowerInfoImpl.java:lambda$new$0(46)) - omNode-3@group-523986131536->omNode-1: nextIndex: updateUnconditionally 35 -> 16
2021-10-05 01:22:13,345 [grpc-default-executor-14] INFO  server.RaftServer$Division (RaftServerImpl.java:checkInconsistentAppendEntries(1319)) - omNode-1@group-523986131536: Failed appendEntries as previous log entry ((t:9, i:34)) is not found
2021-10-05 01:22:13,345 [grpc-default-executor-14] INFO  server.RaftServer$Division (RaftServerImpl.java:checkInconsistentAppendEntries(1285)) - omNode-1@group-523986131536: inconsistency entries. Reply:omNode-3<-omNode-1#10167:FAIL-t9,INCONSISTENCY,nextIndex=16,followerCommit=15
2021-10-05 01:22:13,345 [grpc-default-executor-14] INFO  leader.FollowerInfo (FollowerInfoImpl.java:lambda$new$0(46)) - omNode-3@group-523986131536->omNode-1: nextIndex: updateUnconditionally 35 -> 16
2021-10-05 01:22:13,847 [grpc-default-executor-14] INFO  server.RaftServer$Division (RaftServerImpl.java:checkInconsistentAppendEntries(1319)) - omNode-1@group-523986131536: Failed appendEntries as previous log entry ((t:9, i:34)) is not found
2021-10-05 01:22:13,847 [grpc-default-executor-14] INFO  server.RaftServer$Division (RaftServerImpl.java:checkInconsistentAppendEntries(1285)) - omNode-1@group-523986131536: inconsistency entries. Reply:omNode-3<-omNode-1#10218:FAIL-t9,INCONSISTENCY,nextIndex=16,followerCommit=15
2021-10-05 01:22:13,848 [grpc-default-executor-14] INFO  leader.FollowerInfo (FollowerInfoImpl.java:lambda$new$0(46)) - omNode-3@group-523986131536->omNode-1: nextIndex: updateUnconditionally 35 -> 16
2021-10-05 01:22:14,350 [grpc-default-executor-14] INFO  server.RaftServer$Division (RaftServerImpl.java:checkInconsistentAppendEntries(1319)) - omNode-1@group-523986131536: Failed appendEntries as previous log entry ((t:9, i:34)) is not found
2021-10-05 01:22:14,350 [grpc-default-executor-14] INFO  server.RaftServer$Division (RaftServerImpl.java:checkInconsistentAppendEntries(1285)) - omNode-1@group-523986131536: inconsistency entries. Reply:omNode-3<-omNode-1#10269:FAIL-t9,INCONSISTENCY,nextIndex=16,followerCommit=15
2021-10-05 01:22:14,350 [grpc-default-executor-14] INFO  leader.FollowerInfo (FollowerInfoImpl.java:lambda$new$0(46)) - omNode-3@group-523986131536->omNode-1: nextIndex: updateUnconditionally 35 -> 16
2021-10-05 01:22:14,852 [grpc-default-executor-14] INFO  server.RaftServer$Division (RaftServerImpl.java:checkInconsistentAppendEntries(1319)) - omNode-1@group-523986131536: Failed appendEntries as previous log entry ((t:9, i:34)) is not found
2021-10-05 01:22:14,852 [grpc-default-executor-14] INFO  server.RaftServer$Division (RaftServerImpl.java:checkInconsistentAppendEntries(1285)) - omNode-1@group-523986131536: inconsistency entries. Reply:omNode-3<-omNode-1#10320:FAIL-t9,INCONSISTENCY,nextIndex=16,followerCommit=15
2021-10-05 01:22:14,852 [grpc-default-executor-14] INFO  leader.FollowerInfo (FollowerInfoImpl.java:lambda$new$0(46)) - omNode-3@group-523986131536->omNode-1: nextIndex: updateUnconditionally 35 -> 16
2021-10-05 01:22:15,354 [grpc-default-executor-14] INFO  server.RaftServer$Division (RaftServerImpl.java:checkInconsistentAppendEntries(1319)) - omNode-1@group-523986131536: Failed appendEntries as previous log entry ((t:9, i:34)) is not found
2021-10-05 01:22:15,354 [grpc-default-executor-14] INFO  server.RaftServer$Division (RaftServerImpl.java:checkInconsistentAppendEntries(1285)) - omNode-1@group-523986131536: inconsistency entries. Reply:omNode-3<-omNode-1#10371:FAIL-t9,INCONSISTENCY,nextIndex=16,followerCommit=15
2021-10-05 01:22:15,354 [grpc-default-executor-14] INFO  leader.FollowerInfo (FollowerInfoImpl.java:lambda$new$0(46)) - omNode-3@group-523986131536->omNode-1: nextIndex: updateUnconditionally 35 -> 16
2021-10-05 01:22:15,856 [grpc-default-executor-14] INFO  server.RaftServer$Division (RaftServerImpl.java:checkInconsistentAppendEntries(1319)) - omNode-1@group-523986131536: Failed appendEntries as previous log entry ((t:9, i:34)) is not found
2021-10-05 01:22:15,856 [grpc-default-executor-14] INFO  server.RaftServer$Division (RaftServerImpl.java:checkInconsistentAppendEntries(1285)) - omNode-1@group-523986131536: inconsistency entries. Reply:omNode-3<-omNode-1#10422:FAIL-t9,INCONSISTENCY,nextIndex=16,followerCommit=15
2021-10-05 01:22:15,856 [grpc-default-executor-14] INFO  leader.FollowerInfo (FollowerInfoImpl.java:lambda$new$0(46)) - omNode-3@group-523986131536->omNode-1: nextIndex: updateUnconditionally 35 -> 16
2021-10-05 01:22:16,358 [grpc-default-executor-12] INFO  server.RaftServer$Division (RaftServerImpl.java:checkInconsistentAppendEntries(1319)) - omNode-1@group-523986131536: Failed appendEntries as previous log entry ((t:9, i:34)) is not found
2021-10-05 01:22:16,359 [grpc-default-executor-12] INFO  server.RaftServer$Division (RaftServerImpl.java:checkInconsistentAppendEntries(1285)) - omNode-1@group-523986131536: inconsistency entries. Reply:omNode-3<-omNode-1#10473:FAIL-t9,INCONSISTENCY,nextIndex=16,followerCommit=15
2021-10-05 01:22:16,359 [grpc-default-executor-12] INFO  leader.FollowerInfo (FollowerInfoImpl.java:lambda$new$0(46)) - omNode-3@group-523986131536->omNode-1: nextIndex: updateUnconditionally 35 -> 16
2021-10-05 01:22:16,861 [grpc-default-executor-12] INFO  server.RaftServer$Division (RaftServerImpl.java:checkInconsistentAppendEntries(1319)) - omNode-1@group-523986131536: Failed appendEntries as previous log entry ((t:9, i:34)) is not found
2021-10-05 01:22:16,861 [grpc-default-executor-12] INFO  server.RaftServer$Division (RaftServerImpl.java:checkInconsistentAppendEntries(1285)) - omNode-1@group-523986131536: inconsistency entries. Reply:omNode-3<-omNode-1#10524:FAIL-t9,INCONSISTENCY,nextIndex=16,followerCommit=15
2021-10-05 01:22:16,861 [grpc-default-executor-12] INFO  leader.FollowerInfo (FollowerInfoImpl.java:lambda$new$0(46)) - omNode-3@group-523986131536->omNode-1: nextIndex: updateUnconditionally 35 -> 16
2021-10-05 01:22:17,364 [grpc-default-executor-12] INFO  server.RaftServer$Division (RaftServerImpl.java:checkInconsistentAppendEntries(1319)) - omNode-1@group-523986131536: Failed appendEntries as previous log entry ((t:9, i:34)) is not found
2021-10-05 01:22:17,364 [grpc-default-executor-12] INFO  server.RaftServer$Division (RaftServerImpl.java:checkInconsistentAppendEntries(1285)) - omNode-1@group-523986131536: inconsistency entries. Reply:omNode-3<-omNode-1#10575:FAIL-t9,INCONSISTENCY,nextIndex=16,followerCommit=15
2021-10-05 01:22:17,364 [grpc-default-executor-12] INFO  leader.FollowerInfo (FollowerInfoImpl.java:lambda$new$0(46)) - omNode-3@group-523986131536->omNode-1: nextIndex: updateUnconditionally 35 -> 16
2021-10-05 01:22:17,866 [grpc-default-executor-12] INFO  server.RaftServer$Division (RaftServerImpl.java:checkInconsistentAppendEntries(1319)) - omNode-1@group-523986131536: Failed appendEntries as previous log entry ((t:9, i:34)) is not found
2021-10-05 01:22:17,867 [grpc-default-executor-12] INFO  server.RaftServer$Division (RaftServerImpl.java:checkInconsistentAppendEntries(1285)) - omNode-1@group-523986131536: inconsistency entries. Reply:omNode-3<-omNode-1#10626:FAIL-t9,INCONSISTENCY,nextIndex=16,followerCommit=15
2021-10-05 01:22:17,867 [grpc-default-executor-12] INFO  leader.FollowerInfo (FollowerInfoImpl.java:lambda$new$0(46)) - omNode-3@group-523986131536->omNode-1: nextIndex: updateUnconditionally 35 -> 16
2021-10-05 01:22:18,369 [grpc-default-executor-12] INFO  server.RaftServer$Division (RaftServerImpl.java:checkInconsistentAppendEntries(1319)) - omNode-1@group-523986131536: Failed appendEntries as previous log entry ((t:9, i:34)) is not found
2021-10-05 01:22:18,369 [grpc-default-executor-12] INFO  server.RaftServer$Division (RaftServerImpl.java:checkInconsistentAppendEntries(1285)) - omNode-1@group-523986131536: inconsistency entries. Reply:omNode-3<-omNode-1#10677:FAIL-t9,INCONSISTENCY,nextIndex=16,followerCommit=15
2021-10-05 01:22:18,369 [grpc-default-executor-12] INFO  leader.FollowerInfo (FollowerInfoImpl.java:lambda$new$0(46)) - omNode-3@group-523986131536->omNode-1: nextIndex: updateUnconditionally 35 -> 16
2021-10-05 01:22:18,871 [grpc-default-executor-12] INFO  server.RaftServer$Division (RaftServerImpl.java:checkInconsistentAppendEntries(1319)) - omNode-1@group-523986131536: Failed appendEntries as previous log entry ((t:9, i:34)) is not found
2021-10-05 01:22:18,871 [grpc-default-executor-12] INFO  server.RaftServer$Division (RaftServerImpl.java:checkInconsistentAppendEntries(1285)) - omNode-1@group-523986131536: inconsistency entries. Reply:omNode-3<-omNode-1#10728:FAIL-t9,INCONSISTENCY,nextIndex=16,followerCommit=15
2021-10-05 01:22:18,872 [grpc-default-executor-12] INFO  leader.FollowerInfo (FollowerInfoImpl.java:lambda$new$0(46)) - omNode-3@group-523986131536->omNode-1: nextIndex: updateUnconditionally 35 -> 16
2021-10-05 01:22:19,373 [grpc-default-executor-12] INFO  server.RaftServer$Division (RaftServerImpl.java:checkInconsistentAppendEntries(1319)) - omNode-1@group-523986131536: Failed appendEntries as previous log entry ((t:9, i:34)) is not found
2021-10-05 01:22:19,373 [grpc-default-executor-12] INFO  server.RaftServer$Division (RaftServerImpl.java:checkInconsistentAppendEntries(1285)) - omNode-1@group-523986131536: inconsistency entries. Reply:omNode-3<-omNode-1#10779:FAIL-t9,INCONSISTENCY,nextIndex=16,followerCommit=15
2021-10-05 01:22:19,374 [grpc-default-executor-12] INFO  leader.FollowerInfo (FollowerInfoImpl.java:lambda$new$0(46)) - omNode-3@group-523986131536->omNode-1: nextIndex: updateUnconditionally 35 -> 16
2021-10-05 01:22:19,876 [grpc-default-executor-12] INFO  server.RaftServer$Division (RaftServerImpl.java:checkInconsistentAppendEntries(1319)) - omNode-1@group-523986131536: Failed appendEntries as previous log entry ((t:9, i:34)) is not found
2021-10-05 01:22:19,876 [grpc-default-executor-12] INFO  server.RaftServer$Division (RaftServerImpl.java:checkInconsistentAppendEntries(1285)) - omNode-1@group-523986131536: inconsistency entries. Reply:omNode-3<-omNode-1#10830:FAIL-t9,INCONSISTENCY,nextIndex=16,followerCommit=15
2021-10-05 01:22:19,876 [grpc-default-executor-12] INFO  leader.FollowerInfo (FollowerInfoImpl.java:lambda$new$0(46)) - omNode-3@group-523986131536->omNode-1: nextIndex: updateUnconditionally 35 -> 16
2021-10-05 01:22:20,378 [grpc-default-executor-12] INFO  server.RaftServer$Division (RaftServerImpl.java:checkInconsistentAppendEntries(1319)) - omNode-1@group-523986131536: Failed appendEntries as previous log entry ((t:9, i:34)) is not found
2021-10-05 01:22:20,378 [grpc-default-executor-12] INFO  server.RaftServer$Division (RaftServerImpl.java:checkInconsistentAppendEntries(1285)) - omNode-1@group-523986131536: inconsistency entries. Reply:omNode-3<-omNode-1#10881:FAIL-t9,INCONSISTENCY,nextIndex=16,followerCommit=15
2021-10-05 01:22:20,379 [grpc-default-executor-12] INFO  leader.FollowerInfo (FollowerInfoImpl.java:lambda$new$0(46)) - omNode-3@group-523986131536->omNode-1: nextIndex: updateUnconditionally 35 -> 16
2021-10-05 01:22:20,880 [grpc-default-executor-12] INFO  server.RaftServer$Division (RaftServerImpl.java:checkInconsistentAppendEntries(1319)) - omNode-1@group-523986131536: Failed appendEntries as previous log entry ((t:9, i:34)) is not found
2021-10-05 01:22:20,880 [grpc-default-executor-12] INFO  server.RaftServer$Division (RaftServerImpl.java:checkInconsistentAppendEntries(1285)) - omNode-1@group-523986131536: inconsistency entries. Reply:omNode-3<-omNode-1#10932:FAIL-t9,INCONSISTENCY,nextIndex=16,followerCommit=15
2021-10-05 01:22:20,881 [grpc-default-executor-12] INFO  leader.FollowerInfo (FollowerInfoImpl.java:lambda$new$0(46)) - omNode-3@group-523986131536->omNode-1: nextIndex: updateUnconditionally 35 -> 16
2021-10-05 01:22:21,382 [grpc-default-executor-14] INFO  server.RaftServer$Division (RaftServerImpl.java:checkInconsistentAppendEntries(1319)) - omNode-1@group-523986131536: Failed appendEntries as previous log entry ((t:9, i:34)) is not found
2021-10-05 01:22:21,382 [grpc-default-executor-14] INFO  server.RaftServer$Division (RaftServerImpl.java:checkInconsistentAppendEntries(1285)) - omNode-1@group-523986131536: inconsistency entries. Reply:omNode-3<-omNode-1#10983:FAIL-t9,INCONSISTENCY,nextIndex=16,followerCommit=15
2021-10-05 01:22:21,383 [grpc-default-executor-14] INFO  leader.FollowerInfo (FollowerInfoImpl.java:lambda$new$0(46)) - omNode-3@group-523986131536->omNode-1: nextIndex: updateUnconditionally 35 -> 16
2021-10-05 01:22:21,885 [grpc-default-executor-14] INFO  server.RaftServer$Division (RaftServerImpl.java:checkInconsistentAppendEntries(1319)) - omNode-1@group-523986131536: Failed appendEntries as previous log entry ((t:9, i:34)) is not found
2021-10-05 01:22:21,885 [grpc-default-executor-14] INFO  server.RaftServer$Division (RaftServerImpl.java:checkInconsistentAppendEntries(1285)) - omNode-1@group-523986131536: inconsistency entries. Reply:omNode-3<-omNode-1#11034:FAIL-t9,INCONSISTENCY,nextIndex=16,followerCommit=15
2021-10-05 01:22:21,885 [grpc-default-executor-14] INFO  leader.FollowerInfo (FollowerInfoImpl.java:lambda$new$0(46)) - omNode-3@group-523986131536->omNode-1: nextIndex: updateUnconditionally 35 -> 16
2021-10-05 01:22:22,387 [grpc-default-executor-14] INFO  server.RaftServer$Division (RaftServerImpl.java:checkInconsistentAppendEntries(1319)) - omNode-1@group-523986131536: Failed appendEntries as previous log entry ((t:9, i:34)) is not found
2021-10-05 01:22:22,387 [grpc-default-executor-14] INFO  server.RaftServer$Division (RaftServerImpl.java:checkInconsistentAppendEntries(1285)) - omNode-1@group-523986131536: inconsistency entries. Reply:omNode-3<-omNode-1#11085:FAIL-t9,INCONSISTENCY,nextIndex=16,followerCommit=15
2021-10-05 01:22:22,387 [grpc-default-executor-14] INFO  leader.FollowerInfo (FollowerInfoImpl.java:lambda$new$0(46)) - omNode-3@group-523986131536->omNode-1: nextIndex: updateUnconditionally 35 -> 16
2021-10-05 01:22:22,889 [grpc-default-executor-14] INFO  server.RaftServer$Division (RaftServerImpl.java:checkInconsistentAppendEntries(1319)) - omNode-1@group-523986131536: Failed appendEntries as previous log entry ((t:9, i:34)) is not found
2021-10-05 01:22:22,889 [grpc-default-executor-14] INFO  server.RaftServer$Division (RaftServerImpl.java:checkInconsistentAppendEntries(1285)) - omNode-1@group-523986131536: inconsistency entries. Reply:omNode-3<-omNode-1#11136:FAIL-t9,INCONSISTENCY,nextIndex=16,followerCommit=15
2021-10-05 01:22:22,890 [grpc-default-executor-14] INFO  leader.FollowerInfo (FollowerInfoImpl.java:lambda$new$0(46)) - omNode-3@group-523986131536->omNode-1: nextIndex: updateUnconditionally 35 -> 16
2021-10-05 01:22:23,391 [grpc-default-executor-14] INFO  server.RaftServer$Division (RaftServerImpl.java:checkInconsistentAppendEntries(1319)) - omNode-1@group-523986131536: Failed appendEntries as previous log entry ((t:9, i:34)) is not found
2021-10-05 01:22:23,391 [grpc-default-executor-14] INFO  server.RaftServer$Division (RaftServerImpl.java:checkInconsistentAppendEntries(1285)) - omNode-1@group-523986131536: inconsistency entries. Reply:omNode-3<-omNode-1#11186:FAIL-t9,INCONSISTENCY,nextIndex=16,followerCommit=15
2021-10-05 01:22:23,392 [grpc-default-executor-14] INFO  leader.FollowerInfo (FollowerInfoImpl.java:lambda$new$0(46)) - omNode-3@group-523986131536->omNode-1: nextIndex: updateUnconditionally 35 -> 16
2021-10-05 01:22:23,893 [grpc-default-executor-14] INFO  server.RaftServer$Division (RaftServerImpl.java:checkInconsistentAppendEntries(1319)) - omNode-1@group-523986131536: Failed appendEntries as previous log entry ((t:9, i:34)) is not found
2021-10-05 01:22:23,894 [grpc-default-executor-14] INFO  server.RaftServer$Division (RaftServerImpl.java:checkInconsistentAppendEntries(1285)) - omNode-1@group-523986131536: inconsistency entries. Reply:omNode-3<-omNode-1#11237:FAIL-t9,INCONSISTENCY,nextIndex=16,followerCommit=15
2021-10-05 01:22:23,894 [grpc-default-executor-14] INFO  leader.FollowerInfo (FollowerInfoImpl.java:lambda$new$0(46)) - omNode-3@group-523986131536->omNode-1: nextIndex: updateUnconditionally 35 -> 16
2021-10-05 01:22:24,395 [grpc-default-executor-14] INFO  server.RaftServer$Division (RaftServerImpl.java:checkInconsistentAppendEntries(1319)) - omNode-1@group-523986131536: Failed appendEntries as previous log entry ((t:9, i:34)) is not found
2021-10-05 01:22:24,396 [grpc-default-executor-14] INFO  server.RaftServer$Division (RaftServerImpl.java:checkInconsistentAppendEntries(1285)) - omNode-1@group-523986131536: inconsistency entries. Reply:omNode-3<-omNode-1#11288:FAIL-t9,INCONSISTENCY,nextIndex=16,followerCommit=15
2021-10-05 01:22:24,396 [grpc-default-executor-14] INFO  leader.FollowerInfo (FollowerInfoImpl.java:lambda$new$0(46)) - omNode-3@group-523986131536->omNode-1: nextIndex: updateUnconditionally 35 -> 16
2021-10-05 01:22:24,898 [grpc-default-executor-14] INFO  server.RaftServer$Division (RaftServerImpl.java:checkInconsistentAppendEntries(1319)) - omNode-1@group-523986131536: Failed appendEntries as previous log entry ((t:9, i:34)) is not found
2021-10-05 01:22:24,898 [grpc-default-executor-14] INFO  server.RaftServer$Division (RaftServerImpl.java:checkInconsistentAppendEntries(1285)) - omNode-1@group-523986131536: inconsistency entries. Reply:omNode-3<-omNode-1#11339:FAIL-t9,INCONSISTENCY,nextIndex=16,followerCommit=15
2021-10-05 01:22:24,898 [grpc-default-executor-14] INFO  leader.FollowerInfo (FollowerInfoImpl.java:lambda$new$0(46)) - omNode-3@group-523986131536->omNode-1: nextIndex: updateUnconditionally 35 -> 16
2021-10-05 01:22:25,400 [grpc-default-executor-14] INFO  server.RaftServer$Division (RaftServerImpl.java:checkInconsistentAppendEntries(1319)) - omNode-1@group-523986131536: Failed appendEntries as previous log entry ((t:9, i:34)) is not found
2021-10-05 01:22:25,400 [grpc-default-executor-14] INFO  server.RaftServer$Division (RaftServerImpl.java:checkInconsistentAppendEntries(1285)) - omNode-1@group-523986131536: inconsistency entries. Reply:omNode-3<-omNode-1#11390:FAIL-t9,INCONSISTENCY,nextIndex=16,followerCommit=15
2021-10-05 01:22:25,400 [grpc-default-executor-14] INFO  leader.FollowerInfo (FollowerInfoImpl.java:lambda$new$0(46)) - omNode-3@group-523986131536->omNode-1: nextIndex: updateUnconditionally 35 -> 16
2021-10-05 01:22:25,902 [grpc-default-executor-14] INFO  server.RaftServer$Division (RaftServerImpl.java:checkInconsistentAppendEntries(1319)) - omNode-1@group-523986131536: Failed appendEntries as previous log entry ((t:9, i:34)) is not found
2021-10-05 01:22:25,903 [grpc-default-executor-14] INFO  server.RaftServer$Division (RaftServerImpl.java:checkInconsistentAppendEntries(1285)) - omNode-1@group-523986131536: inconsistency entries. Reply:omNode-3<-omNode-1#11441:FAIL-t9,INCONSISTENCY,nextIndex=16,followerCommit=15
2021-10-05 01:22:25,903 [grpc-default-executor-14] INFO  leader.FollowerInfo (FollowerInfoImpl.java:lambda$new$0(46)) - omNode-3@group-523986131536->omNode-1: nextIndex: updateUnconditionally 35 -> 16
2021-10-05 01:22:26,404 [grpc-default-executor-14] INFO  server.RaftServer$Division (RaftServerImpl.java:checkInconsistentAppendEntries(1319)) - omNode-1@group-523986131536: Failed appendEntries as previous log entry ((t:9, i:34)) is not found
2021-10-05 01:22:26,404 [grpc-default-executor-14] INFO  server.RaftServer$Division (RaftServerImpl.java:checkInconsistentAppendEntries(1285)) - omNode-1@group-523986131536: inconsistency entries. Reply:omNode-3<-omNode-1#11492:FAIL-t9,INCONSISTENCY,nextIndex=16,followerCommit=15
2021-10-05 01:22:26,405 [grpc-default-executor-14] INFO  leader.FollowerInfo (FollowerInfoImpl.java:lambda$new$0(46)) - omNode-3@group-523986131536->omNode-1: nextIndex: updateUnconditionally 35 -> 16
2021-10-05 01:22:26,907 [grpc-default-executor-14] INFO  server.RaftServer$Division (RaftServerImpl.java:checkInconsistentAppendEntries(1319)) - omNode-1@group-523986131536: Failed appendEntries as previous log entry ((t:9, i:34)) is not found
2021-10-05 01:22:26,907 [grpc-default-executor-14] INFO  server.RaftServer$Division (RaftServerImpl.java:checkInconsistentAppendEntries(1285)) - omNode-1@group-523986131536: inconsistency entries. Reply:omNode-3<-omNode-1#11543:FAIL-t9,INCONSISTENCY,nextIndex=16,followerCommit=15
2021-10-05 01:22:26,907 [grpc-default-executor-14] INFO  leader.FollowerInfo (FollowerInfoImpl.java:lambda$new$0(46)) - omNode-3@group-523986131536->omNode-1: nextIndex: updateUnconditionally 35 -> 16
2021-10-05 01:22:27,409 [grpc-default-executor-14] INFO  server.RaftServer$Division (RaftServerImpl.java:checkInconsistentAppendEntries(1319)) - omNode-1@group-523986131536: Failed appendEntries as previous log entry ((t:9, i:34)) is not found
2021-10-05 01:22:27,409 [grpc-default-executor-14] INFO  server.RaftServer$Division (RaftServerImpl.java:checkInconsistentAppendEntries(1285)) - omNode-1@group-523986131536: inconsistency entries. Reply:omNode-3<-omNode-1#11594:FAIL-t9,INCONSISTENCY,nextIndex=16,followerCommit=15
2021-10-05 01:22:27,410 [grpc-default-executor-14] INFO  leader.FollowerInfo (FollowerInfoImpl.java:lambda$new$0(46)) - omNode-3@group-523986131536->omNode-1: nextIndex: updateUnconditionally 35 -> 16
2021-10-05 01:22:27,912 [grpc-default-executor-14] INFO  server.RaftServer$Division (RaftServerImpl.java:checkInconsistentAppendEntries(1319)) - omNode-1@group-523986131536: Failed appendEntries as previous log entry ((t:9, i:34)) is not found
2021-10-05 01:22:27,912 [grpc-default-executor-14] INFO  server.RaftServer$Division (RaftServerImpl.java:checkInconsistentAppendEntries(1285)) - omNode-1@group-523986131536: inconsistency entries. Reply:omNode-3<-omNode-1#11645:FAIL-t9,INCONSISTENCY,nextIndex=16,followerCommit=15
2021-10-05 01:22:27,912 [grpc-default-executor-14] INFO  leader.FollowerInfo (FollowerInfoImpl.java:lambda$new$0(46)) - omNode-3@group-523986131536->omNode-1: nextIndex: updateUnconditionally 35 -> 16
2021-10-05 01:22:28,413 [grpc-default-executor-14] INFO  server.RaftServer$Division (RaftServerImpl.java:checkInconsistentAppendEntries(1319)) - omNode-1@group-523986131536: Failed appendEntries as previous log entry ((t:9, i:34)) is not found
2021-10-05 01:22:28,414 [grpc-default-executor-14] INFO  server.RaftServer$Division (RaftServerImpl.java:checkInconsistentAppendEntries(1285)) - omNode-1@group-523986131536: inconsistency entries. Reply:omNode-3<-omNode-1#11696:FAIL-t9,INCONSISTENCY,nextIndex=16,followerCommit=15
2021-10-05 01:22:28,414 [grpc-default-executor-14] INFO  leader.FollowerInfo (FollowerInfoImpl.java:lambda$new$0(46)) - omNode-3@group-523986131536->omNode-1: nextIndex: updateUnconditionally 35 -> 16
2021-10-05 01:22:28,915 [grpc-default-executor-12] INFO  server.RaftServer$Division (RaftServerImpl.java:checkInconsistentAppendEntries(1319)) - omNode-1@group-523986131536: Failed appendEntries as previous log entry ((t:9, i:34)) is not found
2021-10-05 01:22:28,916 [grpc-default-executor-12] INFO  server.RaftServer$Division (RaftServerImpl.java:checkInconsistentAppendEntries(1285)) - omNode-1@group-523986131536: inconsistency entries. Reply:omNode-3<-omNode-1#11747:FAIL-t9,INCONSISTENCY,nextIndex=16,followerCommit=15
2021-10-05 01:22:28,916 [grpc-default-executor-12] INFO  leader.FollowerInfo (FollowerInfoImpl.java:lambda$new$0(46)) - omNode-3@group-523986131536->omNode-1: nextIndex: updateUnconditionally 35 -> 16
2021-10-05 01:22:29,417 [grpc-default-executor-12] INFO  server.RaftServer$Division (RaftServerImpl.java:checkInconsistentAppendEntries(1319)) - omNode-1@group-523986131536: Failed appendEntries as previous log entry ((t:9, i:34)) is not found
2021-10-05 01:22:29,418 [grpc-default-executor-12] INFO  server.RaftServer$Division (RaftServerImpl.java:checkInconsistentAppendEntries(1285)) - omNode-1@group-523986131536: inconsistency entries. Reply:omNode-3<-omNode-1#11798:FAIL-t9,INCONSISTENCY,nextIndex=16,followerCommit=15
2021-10-05 01:22:29,418 [grpc-default-executor-12] INFO  leader.FollowerInfo (FollowerInfoImpl.java:lambda$new$0(46)) - omNode-3@group-523986131536->omNode-1: nextIndex: updateUnconditionally 35 -> 16
2021-10-05 01:22:29,919 [grpc-default-executor-12] INFO  server.RaftServer$Division (RaftServerImpl.java:checkInconsistentAppendEntries(1319)) - omNode-1@group-523986131536: Failed appendEntries as previous log entry ((t:9, i:34)) is not found
2021-10-05 01:22:29,920 [grpc-default-executor-12] INFO  server.RaftServer$Division (RaftServerImpl.java:checkInconsistentAppendEntries(1285)) - omNode-1@group-523986131536: inconsistency entries. Reply:omNode-3<-omNode-1#11849:FAIL-t9,INCONSISTENCY,nextIndex=16,followerCommit=15
2021-10-05 01:22:29,920 [grpc-default-executor-12] INFO  leader.FollowerInfo (FollowerInfoImpl.java:lambda$new$0(46)) - omNode-3@group-523986131536->omNode-1: nextIndex: updateUnconditionally 35 -> 16
2021-10-05 01:22:30,421 [grpc-default-executor-12] INFO  server.RaftServer$Division (RaftServerImpl.java:checkInconsistentAppendEntries(1319)) - omNode-1@group-523986131536: Failed appendEntries as previous log entry ((t:9, i:34)) is not found
2021-10-05 01:22:30,421 [grpc-default-executor-12] INFO  server.RaftServer$Division (RaftServerImpl.java:checkInconsistentAppendEntries(1285)) - omNode-1@group-523986131536: inconsistency entries. Reply:omNode-3<-omNode-1#11900:FAIL-t9,INCONSISTENCY,nextIndex=16,followerCommit=15
2021-10-05 01:22:30,422 [grpc-default-executor-12] INFO  leader.FollowerInfo (FollowerInfoImpl.java:lambda$new$0(46)) - omNode-3@group-523986131536->omNode-1: nextIndex: updateUnconditionally 35 -> 16
2021-10-05 01:22:30,924 [grpc-default-executor-12] INFO  server.RaftServer$Division (RaftServerImpl.java:checkInconsistentAppendEntries(1319)) - omNode-1@group-523986131536: Failed appendEntries as previous log entry ((t:9, i:34)) is not found
2021-10-05 01:22:30,924 [grpc-default-executor-12] INFO  server.RaftServer$Division (RaftServerImpl.java:checkInconsistentAppendEntries(1285)) - omNode-1@group-523986131536: inconsistency entries. Reply:omNode-3<-omNode-1#11951:FAIL-t9,INCONSISTENCY,nextIndex=16,followerCommit=15
2021-10-05 01:22:30,925 [grpc-default-executor-12] INFO  leader.FollowerInfo (FollowerInfoImpl.java:lambda$new$0(46)) - omNode-3@group-523986131536->omNode-1: nextIndex: updateUnconditionally 35 -> 16
2021-10-05 01:22:31,426 [grpc-default-executor-12] INFO  server.RaftServer$Division (RaftServerImpl.java:checkInconsistentAppendEntries(1319)) - omNode-1@group-523986131536: Failed appendEntries as previous log entry ((t:9, i:34)) is not found
2021-10-05 01:22:31,426 [grpc-default-executor-12] INFO  server.RaftServer$Division (RaftServerImpl.java:checkInconsistentAppendEntries(1285)) - omNode-1@group-523986131536: inconsistency entries. Reply:omNode-3<-omNode-1#12002:FAIL-t9,INCONSISTENCY,nextIndex=16,followerCommit=15
2021-10-05 01:22:31,426 [grpc-default-executor-12] INFO  leader.FollowerInfo (FollowerInfoImpl.java:lambda$new$0(46)) - omNode-3@group-523986131536->omNode-1: nextIndex: updateUnconditionally 35 -> 16
2021-10-05 01:22:31,928 [grpc-default-executor-12] INFO  server.RaftServer$Division (RaftServerImpl.java:checkInconsistentAppendEntries(1319)) - omNode-1@group-523986131536: Failed appendEntries as previous log entry ((t:9, i:34)) is not found
2021-10-05 01:22:31,928 [grpc-default-executor-12] INFO  server.RaftServer$Division (RaftServerImpl.java:checkInconsistentAppendEntries(1285)) - omNode-1@group-523986131536: inconsistency entries. Reply:omNode-3<-omNode-1#12053:FAIL-t9,INCONSISTENCY,nextIndex=16,followerCommit=15
2021-10-05 01:22:31,928 [grpc-default-executor-12] INFO  leader.FollowerInfo (FollowerInfoImpl.java:lambda$new$0(46)) - omNode-3@group-523986131536->omNode-1: nextIndex: updateUnconditionally 35 -> 16
2021-10-05 01:22:32,430 [grpc-default-executor-12] INFO  server.RaftServer$Division (RaftServerImpl.java:checkInconsistentAppendEntries(1319)) - omNode-1@group-523986131536: Failed appendEntries as previous log entry ((t:9, i:34)) is not found
2021-10-05 01:22:32,430 [grpc-default-executor-12] INFO  server.RaftServer$Division (RaftServerImpl.java:checkInconsistentAppendEntries(1285)) - omNode-1@group-523986131536: inconsistency entries. Reply:omNode-3<-omNode-1#12104:FAIL-t9,INCONSISTENCY,nextIndex=16,followerCommit=15
2021-10-05 01:22:32,430 [grpc-default-executor-12] INFO  leader.FollowerInfo (FollowerInfoImpl.java:lambda$new$0(46)) - omNode-3@group-523986131536->omNode-1: nextIndex: updateUnconditionally 35 -> 16
2021-10-05 01:22:32,932 [grpc-default-executor-12] INFO  server.RaftServer$Division (RaftServerImpl.java:checkInconsistentAppendEntries(1319)) - omNode-1@group-523986131536: Failed appendEntries as previous log entry ((t:9, i:34)) is not found
2021-10-05 01:22:32,932 [grpc-default-executor-12] INFO  server.RaftServer$Division (RaftServerImpl.java:checkInconsistentAppendEntries(1285)) - omNode-1@group-523986131536: inconsistency entries. Reply:omNode-3<-omNode-1#12155:FAIL-t9,INCONSISTENCY,nextIndex=16,followerCommit=15
2021-10-05 01:22:32,932 [grpc-default-executor-12] INFO  leader.FollowerInfo (FollowerInfoImpl.java:lambda$new$0(46)) - omNode-3@group-523986131536->omNode-1: nextIndex: updateUnconditionally 35 -> 16
2021-10-05 01:22:33,434 [grpc-default-executor-12] INFO  server.RaftServer$Division (RaftServerImpl.java:checkInconsistentAppendEntries(1319)) - omNode-1@group-523986131536: Failed appendEntries as previous log entry ((t:9, i:34)) is not found
2021-10-05 01:22:33,434 [grpc-default-executor-12] INFO  server.RaftServer$Division (RaftServerImpl.java:checkInconsistentAppendEntries(1285)) - omNode-1@group-523986131536: inconsistency entries. Reply:omNode-3<-omNode-1#12206:FAIL-t9,INCONSISTENCY,nextIndex=16,followerCommit=15
2021-10-05 01:22:33,435 [grpc-default-executor-12] INFO  leader.FollowerInfo (FollowerInfoImpl.java:lambda$new$0(46)) - omNode-3@group-523986131536->omNode-1: nextIndex: updateUnconditionally 35 -> 16
2021-10-05 01:22:33,937 [grpc-default-executor-12] INFO  server.RaftServer$Division (RaftServerImpl.java:checkInconsistentAppendEntries(1319)) - omNode-1@group-523986131536: Failed appendEntries as previous log entry ((t:9, i:34)) is not found
2021-10-05 01:22:33,937 [grpc-default-executor-12] INFO  server.RaftServer$Division (RaftServerImpl.java:checkInconsistentAppendEntries(1285)) - omNode-1@group-523986131536: inconsistency entries. Reply:omNode-3<-omNode-1#12257:FAIL-t9,INCONSISTENCY,nextIndex=16,followerCommit=15
2021-10-05 01:22:33,937 [grpc-default-executor-12] INFO  leader.FollowerInfo (FollowerInfoImpl.java:lambda$new$0(46)) - omNode-3@group-523986131536->omNode-1: nextIndex: updateUnconditionally 35 -> 16
2021-10-05 01:22:34,426 [Time-limited test] INFO  om.OzoneManager (OzoneManager.java:stop(1644)) - Stopping Ozone Manager
2021-10-05 01:22:34,426 [Time-limited test] INFO  ipc.Server (Server.java:stop(3414)) - Stopping server on 10888
2021-10-05 01:22:34,428 [IPC Server Responder] INFO  ipc.Server (Server.java:run(1512)) - Stopping IPC Server Responder
2021-10-05 01:22:34,429 [IPC Server listener on 10888] INFO  ipc.Server (Server.java:run(1376)) - Stopping IPC Server listener on 10888
2021-10-05 01:22:34,432 [Time-limited test] INFO  server.RaftServer (RaftServerProxy.java:lambda$close$6(391)) - omNode-3: close
2021-10-05 01:22:34,433 [Time-limited test] INFO  server.RaftServer$Division (RaftServerImpl.java:lambda$close$4(407)) - omNode-3@group-523986131536: shutdown
2021-10-05 01:22:34,433 [Time-limited test] INFO  util.JmxRegister (JmxRegister.java:unregister(73)) - Successfully un-registered JMX Bean with object name Ratis:service=RaftServer,group=group-523986131536,id=omNode-3
2021-10-05 01:22:34,433 [Time-limited test] INFO  impl.RoleInfo (RoleInfo.java:shutdownLeaderState(91)) - omNode-3: shutdown omNode-3@group-523986131536-LeaderStateImpl
2021-10-05 01:22:34,433 [Time-limited test] INFO  impl.PendingRequests (PendingRequests.java:sendNotLeaderResponses(282)) - omNode-3@group-523986131536-PendingRequests: sendNotLeaderResponses
2021-10-05 01:22:34,433 [omNode-3@group-523986131536->omNode-2-GrpcLogAppender-LogAppenderDaemon] WARN  server.GrpcLogAppender (GrpcLogAppender.java:mayWait(175)) - omNode-3@group-523986131536->omNode-2-GrpcLogAppender: Wait interrupted by java.lang.InterruptedException
2021-10-05 01:22:34,433 [omNode-3@group-523986131536->omNode-1-GrpcLogAppender-LogAppenderDaemon] WARN  server.GrpcLogAppender (GrpcLogAppender.java:mayWait(175)) - omNode-3@group-523986131536->omNode-1-GrpcLogAppender: Wait interrupted by java.lang.InterruptedException
2021-10-05 01:22:34,436 [Time-limited test] INFO  impl.StateMachineUpdater (StateMachineUpdater.java:stopAndJoin(149)) - omNode-3@group-523986131536-StateMachineUpdater: set stopIndex = 34
2021-10-05 01:22:34,436 [omNode-3@group-523986131536-StateMachineUpdater] INFO  ratis.OzoneManagerStateMachine (OzoneManagerStateMachine.java:takeSnapshot(417)) - Current Snapshot Index (t:9, i:34)
2021-10-05 01:22:34,436 [omNode-3@group-523986131536-StateMachineUpdater] INFO  impl.StateMachineUpdater (StateMachineUpdater.java:takeSnapshot(281)) - omNode-3@group-523986131536-StateMachineUpdater: Took a snapshot at index 34
2021-10-05 01:22:34,436 [omNode-3@group-523986131536-StateMachineUpdater] INFO  impl.StateMachineUpdater (StateMachineUpdater.java:lambda$new$0(89)) - omNode-3@group-523986131536-StateMachineUpdater: snapshotIndex: updateIncreasingly 30 -> 34
2021-10-05 01:22:34,436 [omNode-3@group-523986131536-StateMachineUpdater] INFO  ratis.OzoneManagerStateMachine (OzoneManagerStateMachine.java:close(471)) - StateMachine has shutdown. Shutdown OzoneManager if not already shutdown.
2021-10-05 01:22:34,436 [Time-limited test] INFO  server.RaftServer$Division (ServerState.java:close(419)) - omNode-3@group-523986131536: closes. applyIndex: 34
2021-10-05 01:22:34,437 [omNode-3@group-523986131536-SegmentedRaftLogWorker] INFO  segmented.SegmentedRaftLogWorker (SegmentedRaftLogWorker.java:run(327)) - omNode-3@group-523986131536-SegmentedRaftLogWorker was interrupted, exiting. There are 0 tasks remaining in the queue.
2021-10-05 01:22:34,438 [grpc-default-executor-12] INFO  server.GrpcServerProtocolService (GrpcServerProtocolService.java:onCompleted(140)) - omNode-2: Completed APPEND_ENTRIES, lastRequest: omNode-3->omNode-2#57-t9,previous=(t:9, i:33),leaderCommit=33,initializing? true,entries: size=1, first=(t:9, i:34), METADATAENTRY(c:33)
2021-10-05 01:22:34,438 [grpc-default-executor-14] INFO  server.GrpcServerProtocolService (GrpcServerProtocolService.java:onCompleted(140)) - omNode-1: Completed APPEND_ENTRIES, lastRequest: omNode-3->omNode-1#12258-t9,previous=(t:0, i:0),leaderCommit=19,initializing? false,entries: size=19, first=(t:3, i:16), CONFIGURATIONENTRY
2021-10-05 01:22:34,439 [Time-limited test] INFO  segmented.SegmentedRaftLogWorker (SegmentedRaftLogWorker.java:close(237)) - omNode-3@group-523986131536-SegmentedRaftLogWorker close()
2021-10-05 01:22:34,440 [Time-limited test] INFO  server.GrpcService (GrpcService.java:closeImpl(262)) - omNode-3: shutdown server with port 10892 now
2021-10-05 01:22:34,444 [grpc-default-executor-15] INFO  server.GrpcLogAppender (GrpcLogAppender.java:onCompleted(344)) - omNode-3@group-523986131536->omNode-2-AppendLogResponseHandler: follower responses appendEntries COMPLETED
2021-10-05 01:22:34,444 [grpc-default-executor-15] INFO  leader.FollowerInfo (FollowerInfoImpl.java:lambda$new$0(46)) - omNode-3@group-523986131536->omNode-2: nextIndex: updateUnconditionally 35 -> 34
2021-10-05 01:22:34,444 [grpc-default-executor-14] INFO  server.GrpcLogAppender (GrpcLogAppender.java:onCompleted(344)) - omNode-3@group-523986131536->omNode-1-AppendLogResponseHandler: follower responses appendEntries COMPLETED
2021-10-05 01:22:34,444 [grpc-default-executor-14] WARN  server.GrpcLogAppender (GrpcLogAppender.java:resetClient(96)) - omNode-3@group-523986131536->omNode-1-GrpcLogAppender: Failed to getClient for omNode-1
org.apache.ratis.protocol.exceptions.AlreadyClosedException: omNode-3 is already CLOSED
	at org.apache.ratis.util.PeerProxyMap$PeerAndProxy.getProxy(PeerProxyMap.java:60)
	at org.apache.ratis.util.PeerProxyMap.getProxy(PeerProxyMap.java:114)
	at org.apache.ratis.grpc.server.GrpcLogAppender.getClient(GrpcLogAppender.java:89)
	at org.apache.ratis.grpc.server.GrpcLogAppender.resetClient(GrpcLogAppender.java:94)
	at org.apache.ratis.grpc.server.GrpcLogAppender.access$500(GrpcLogAppender.java:53)
	at org.apache.ratis.grpc.server.GrpcLogAppender$AppendLogResponseHandler.onCompleted(GrpcLogAppender.java:345)
	at org.apache.ratis.thirdparty.io.grpc.stub.ClientCalls$StreamObserverToCallListenerAdapter.onClose(ClientCalls.java:476)
	at org.apache.ratis.thirdparty.io.grpc.internal.ClientCallImpl.closeObserver(ClientCallImpl.java:616)
	at org.apache.ratis.thirdparty.io.grpc.internal.ClientCallImpl.access$300(ClientCallImpl.java:69)
	at org.apache.ratis.thirdparty.io.grpc.internal.ClientCallImpl$ClientStreamListenerImpl$1StreamClosed.runInternal(ClientCallImpl.java:802)
	at org.apache.ratis.thirdparty.io.grpc.internal.ClientCallImpl$ClientStreamListenerImpl$1StreamClosed.runInContext(ClientCallImpl.java:781)
	at org.apache.ratis.thirdparty.io.grpc.internal.ContextRunnable.run(ContextRunnable.java:37)
	at org.apache.ratis.thirdparty.io.grpc.internal.SerializingExecutor.run(SerializingExecutor.java:123)
	at java.util.concurrent.ThreadPoolExecutor.runWorker(ThreadPoolExecutor.java:1149)
	at java.util.concurrent.ThreadPoolExecutor$Worker.run(ThreadPoolExecutor.java:624)
	at java.lang.Thread.run(Thread.java:748)
2021-10-05 01:22:34,444 [grpc-default-executor-14] INFO  leader.FollowerInfo (FollowerInfoImpl.java:lambda$new$0(46)) - omNode-3@group-523986131536->omNode-1: nextIndex: updateUnconditionally 35 -> 16
2021-10-05 01:22:35,526 [omNode-1@group-523986131536-FollowerState] INFO  impl.FollowerState (FollowerState.java:run(134)) - omNode-1@group-523986131536-FollowerState: change to CANDIDATE, lastRpcElapsedTime:1589004272ns, electionTimeout:1162ms
2021-10-05 01:22:35,526 [omNode-1@group-523986131536-FollowerState] INFO  impl.RoleInfo (RoleInfo.java:shutdownFollowerState(108)) - omNode-1: shutdown omNode-1@group-523986131536-FollowerState
2021-10-05 01:22:35,527 [omNode-1@group-523986131536-FollowerState] INFO  server.RaftServer$Division (RaftServerImpl.java:setRole(285)) - omNode-1@group-523986131536: changes role from  FOLLOWER to CANDIDATE at term 9 for changeToCandidate
2021-10-05 01:22:35,527 [omNode-1@group-523986131536-FollowerState] INFO  server.RaftServerConfigKeys (ConfUtils.java:logGet(44)) - raft.server.leaderelection.pre-vote = false (custom)
2021-10-05 01:22:35,527 [omNode-1@group-523986131536-FollowerState] INFO  impl.RoleInfo (RoleInfo.java:updateAndGet(130)) - omNode-1: start omNode-1@group-523986131536-LeaderElection19
2021-10-05 01:22:35,527 [omNode-1@group-523986131536-LeaderElection19] INFO  server.RaftServer$Division (ServerState.java:setLeader(285)) - omNode-1@group-523986131536: change Leader from omNode-3 to null at term 9 for ELECTION
2021-10-05 01:22:35,529 [omNode-1@group-523986131536-LeaderElection19] INFO  impl.LeaderElection (LeaderElection.java:askForVotes(306)) - omNode-1@group-523986131536-LeaderElection19 ELECTION round 0: submit vote requests at term 10 for 31: [omNode-3|rpc:localhost:10892|admin:|client:|dataStream:|priority:0, omNode-1|rpc:localhost:10880|admin:|client:|dataStream:|priority:0, omNode-2|rpc:localhost:10886|admin:|client:|dataStream:|priority:0], old=null
2021-10-05 01:22:35,537 [omNode-1@group-523986131536-LeaderElection19] INFO  impl.LeaderElection (LogUtils.java:infoOrTrace(137)) - omNode-1@group-523986131536-LeaderElection19 got exception when requesting votes: java.util.concurrent.ExecutionException: org.apache.ratis.thirdparty.io.grpc.StatusRuntimeException: UNAVAILABLE: io exception
2021-10-05 01:22:35,541 [grpc-default-executor-15] INFO  server.RaftServer$Division (RaftServerImpl.java:requestVote(1043)) - omNode-2@group-523986131536: receive requestVote(ELECTION, omNode-1, group-523986131536, 10, (t:2, i:15))
2021-10-05 01:22:35,542 [grpc-default-executor-15] INFO  impl.VoteContext (VoteContext.java:log(48)) - omNode-2@group-523986131536-FOLLOWER: reject ELECTION from omNode-1: our last entry (t:9, i:34) > candidate's last entry (t:2, i:15)
2021-10-05 01:22:35,542 [grpc-default-executor-15] INFO  server.RaftServer$Division (ServerState.java:setLeader(285)) - omNode-2@group-523986131536: change Leader from omNode-3 to null at term 10 for updateCurrentTerm
2021-10-05 01:22:35,542 [grpc-default-executor-15] INFO  server.RaftServer$Division (RaftServerImpl.java:setRole(285)) - omNode-2@group-523986131536: changes role from  FOLLOWER to FOLLOWER at term 10 for candidate:omNode-1
2021-10-05 01:22:35,542 [grpc-default-executor-15] INFO  impl.RoleInfo (RoleInfo.java:shutdownFollowerState(108)) - omNode-2: shutdown omNode-2@group-523986131536-FollowerState
2021-10-05 01:22:35,542 [grpc-default-executor-15] INFO  impl.RoleInfo (RoleInfo.java:updateAndGet(130)) - omNode-2: start omNode-2@group-523986131536-FollowerState
2021-10-05 01:22:35,542 [omNode-2@group-523986131536-FollowerState] INFO  impl.FollowerState (FollowerState.java:run(143)) - omNode-2@group-523986131536-FollowerState was interrupted: {}
java.lang.InterruptedException: sleep interrupted
	at java.lang.Thread.sleep(Native Method)
	at java.lang.Thread.sleep(Thread.java:340)
	at java.util.concurrent.TimeUnit.sleep(TimeUnit.java:386)
	at org.apache.ratis.util.TimeDuration.sleep(TimeDuration.java:324)
	at org.apache.ratis.util.TimeDuration.sleep(TimeDuration.java:309)
	at org.apache.ratis.server.impl.FollowerState.run(FollowerState.java:118)
2021-10-05 01:22:35,543 [grpc-default-executor-15] INFO  server.RaftServer$Division (RaftServerImpl.java:requestVote(1075)) - omNode-2@group-523986131536 replies to ELECTION vote request: omNode-1<-omNode-2#0:FAIL-t10. Peer's state: omNode-2@group-523986131536:t10, leader=null, voted=null, raftlog=omNode-2@group-523986131536-SegmentedRaftLog:OPENED:c34,f34,i34, conf=31: [omNode-3|rpc:localhost:10892|admin:|client:|dataStream:|priority:0, omNode-1|rpc:localhost:10880|admin:|client:|dataStream:|priority:0, omNode-2|rpc:localhost:10886|admin:|client:|dataStream:|priority:0], old=null
2021-10-05 01:22:35,546 [omNode-1@group-523986131536-LeaderElection19] INFO  impl.LeaderElection (LeaderElection.java:logAndReturn(89)) - omNode-1@group-523986131536-LeaderElection19: ELECTION REJECTED received 1 response(s) and 1 exception(s):
2021-10-05 01:22:35,546 [omNode-1@group-523986131536-LeaderElection19] INFO  impl.LeaderElection (LeaderElection.java:logAndReturn(93)) -   Response 0: omNode-1<-omNode-2#0:FAIL-t10
2021-10-05 01:22:35,546 [omNode-1@group-523986131536-LeaderElection19] INFO  impl.LeaderElection (LogUtils.java:infoOrTrace(137)) -   Exception 1: java.util.concurrent.ExecutionException: org.apache.ratis.thirdparty.io.grpc.StatusRuntimeException: UNAVAILABLE: io exception
2021-10-05 01:22:35,546 [omNode-1@group-523986131536-LeaderElection19] INFO  impl.LeaderElection (LeaderElection.java:askForVotes(308)) - omNode-1@group-523986131536-LeaderElection19 ELECTION round 0: result REJECTED
2021-10-05 01:22:35,546 [omNode-1@group-523986131536-LeaderElection19] INFO  server.RaftServer$Division (RaftServerImpl.java:setRole(285)) - omNode-1@group-523986131536: changes role from CANDIDATE to FOLLOWER at term 10 for REJECTED
2021-10-05 01:22:35,547 [omNode-1@group-523986131536-LeaderElection19] INFO  impl.RoleInfo (RoleInfo.java:shutdownLeaderElection(121)) - omNode-1: shutdown omNode-1@group-523986131536-LeaderElection19
2021-10-05 01:22:35,547 [omNode-1@group-523986131536-LeaderElection19] INFO  impl.RoleInfo (RoleInfo.java:updateAndGet(130)) - omNode-1: start omNode-1@group-523986131536-FollowerState
2021-10-05 01:22:36,559 [omNode-1@group-523986131536-FollowerState] INFO  impl.FollowerState (FollowerState.java:run(134)) - omNode-1@group-523986131536-FollowerState: change to CANDIDATE, lastRpcElapsedTime:1012790787ns, electionTimeout:1010ms
2021-10-05 01:22:36,560 [omNode-1@group-523986131536-FollowerState] INFO  impl.RoleInfo (RoleInfo.java:shutdownFollowerState(108)) - omNode-1: shutdown omNode-1@group-523986131536-FollowerState
2021-10-05 01:22:36,561 [omNode-1@group-523986131536-FollowerState] INFO  server.RaftServer$Division (RaftServerImpl.java:setRole(285)) - omNode-1@group-523986131536: changes role from  FOLLOWER to CANDIDATE at term 10 for changeToCandidate
2021-10-05 01:22:36,561 [omNode-1@group-523986131536-FollowerState] INFO  server.RaftServerConfigKeys (ConfUtils.java:logGet(44)) - raft.server.leaderelection.pre-vote = false (custom)
2021-10-05 01:22:36,561 [omNode-1@group-523986131536-FollowerState] INFO  impl.RoleInfo (RoleInfo.java:updateAndGet(130)) - omNode-1: start omNode-1@group-523986131536-LeaderElection20
2021-10-05 01:22:36,568 [omNode-1@group-523986131536-LeaderElection20] INFO  impl.LeaderElection (LeaderElection.java:askForVotes(306)) - omNode-1@group-523986131536-LeaderElection20 ELECTION round 0: submit vote requests at term 11 for 31: [omNode-3|rpc:localhost:10892|admin:|client:|dataStream:|priority:0, omNode-1|rpc:localhost:10880|admin:|client:|dataStream:|priority:0, omNode-2|rpc:localhost:10886|admin:|client:|dataStream:|priority:0], old=null
2021-10-05 01:22:36,569 [omNode-1@group-523986131536-LeaderElection20] INFO  impl.LeaderElection (LogUtils.java:infoOrTrace(137)) - omNode-1@group-523986131536-LeaderElection20 got exception when requesting votes: java.util.concurrent.ExecutionException: org.apache.ratis.thirdparty.io.grpc.StatusRuntimeException: UNAVAILABLE: io exception
2021-10-05 01:22:36,573 [grpc-default-executor-15] INFO  server.RaftServer$Division (RaftServerImpl.java:requestVote(1043)) - omNode-2@group-523986131536: receive requestVote(ELECTION, omNode-1, group-523986131536, 11, (t:2, i:15))
2021-10-05 01:22:36,573 [grpc-default-executor-15] INFO  impl.VoteContext (VoteContext.java:log(48)) - omNode-2@group-523986131536-FOLLOWER: reject ELECTION from omNode-1: our last entry (t:9, i:34) > candidate's last entry (t:2, i:15)
2021-10-05 01:22:36,573 [grpc-default-executor-15] INFO  server.RaftServer$Division (RaftServerImpl.java:setRole(285)) - omNode-2@group-523986131536: changes role from  FOLLOWER to FOLLOWER at term 11 for candidate:omNode-1
2021-10-05 01:22:36,573 [grpc-default-executor-15] INFO  impl.RoleInfo (RoleInfo.java:shutdownFollowerState(108)) - omNode-2: shutdown omNode-2@group-523986131536-FollowerState
2021-10-05 01:22:36,573 [grpc-default-executor-15] INFO  impl.RoleInfo (RoleInfo.java:updateAndGet(130)) - omNode-2: start omNode-2@group-523986131536-FollowerState
2021-10-05 01:22:36,573 [omNode-2@group-523986131536-FollowerState] INFO  impl.FollowerState (FollowerState.java:run(143)) - omNode-2@group-523986131536-FollowerState was interrupted: {}
java.lang.InterruptedException: sleep interrupted
	at java.lang.Thread.sleep(Native Method)
	at java.lang.Thread.sleep(Thread.java:340)
	at java.util.concurrent.TimeUnit.sleep(TimeUnit.java:386)
	at org.apache.ratis.util.TimeDuration.sleep(TimeDuration.java:324)
	at org.apache.ratis.util.TimeDuration.sleep(TimeDuration.java:309)
	at org.apache.ratis.server.impl.FollowerState.run(FollowerState.java:118)
2021-10-05 01:22:36,575 [grpc-default-executor-15] INFO  server.RaftServer$Division (RaftServerImpl.java:requestVote(1075)) - omNode-2@group-523986131536 replies to ELECTION vote request: omNode-1<-omNode-2#0:FAIL-t11. Peer's state: omNode-2@group-523986131536:t11, leader=null, voted=null, raftlog=omNode-2@group-523986131536-SegmentedRaftLog:OPENED:c34,f34,i34, conf=31: [omNode-3|rpc:localhost:10892|admin:|client:|dataStream:|priority:0, omNode-1|rpc:localhost:10880|admin:|client:|dataStream:|priority:0, omNode-2|rpc:localhost:10886|admin:|client:|dataStream:|priority:0], old=null
2021-10-05 01:22:36,576 [omNode-1@group-523986131536-LeaderElection20] INFO  impl.LeaderElection (LeaderElection.java:logAndReturn(89)) - omNode-1@group-523986131536-LeaderElection20: ELECTION REJECTED received 1 response(s) and 1 exception(s):
2021-10-05 01:22:36,576 [omNode-1@group-523986131536-LeaderElection20] INFO  impl.LeaderElection (LeaderElection.java:logAndReturn(93)) -   Response 0: omNode-1<-omNode-2#0:FAIL-t11
2021-10-05 01:22:36,576 [omNode-1@group-523986131536-LeaderElection20] INFO  impl.LeaderElection (LogUtils.java:infoOrTrace(137)) -   Exception 1: java.util.concurrent.ExecutionException: org.apache.ratis.thirdparty.io.grpc.StatusRuntimeException: UNAVAILABLE: io exception
2021-10-05 01:22:36,576 [omNode-1@group-523986131536-LeaderElection20] INFO  impl.LeaderElection (LeaderElection.java:askForVotes(308)) - omNode-1@group-523986131536-LeaderElection20 ELECTION round 0: result REJECTED
2021-10-05 01:22:36,576 [omNode-1@group-523986131536-LeaderElection20] INFO  server.RaftServer$Division (RaftServerImpl.java:setRole(285)) - omNode-1@group-523986131536: changes role from CANDIDATE to FOLLOWER at term 11 for REJECTED
2021-10-05 01:22:36,576 [omNode-1@group-523986131536-LeaderElection20] INFO  impl.RoleInfo (RoleInfo.java:shutdownLeaderElection(121)) - omNode-1: shutdown omNode-1@group-523986131536-LeaderElection20
2021-10-05 01:22:36,576 [omNode-1@group-523986131536-LeaderElection20] INFO  impl.RoleInfo (RoleInfo.java:updateAndGet(130)) - omNode-1: start omNode-1@group-523986131536-FollowerState
2021-10-05 01:22:37,444 [Time-limited test] WARN  grpc.GrpcUtil (GrpcUtil.java:shutdownManagedChannel(216)) - Timed out gracefully shutting down connection: ManagedChannelOrphanWrapper{delegate=ManagedChannelImpl{logId=393, target=localhost:10880}}. 
2021-10-05 01:22:37,445 [grpc-default-executor-15] INFO  server.GrpcLogAppender (GrpcLogAppender.java:onError(333)) - omNode-3@group-523986131536->omNode-1-GrpcLogAppender is stopped
2021-10-05 01:22:37,447 [grpc-default-executor-14] WARN  server.GrpcServerProtocolService (LogUtils.java:warn(122)) - omNode-1: installSnapshot onError, lastRequest: omNode-3->omNode-1#1-t9,previous=(t:8, i:30),leaderCommit=30,initializing? true,entries: size=1, first=(t:9, i:31), CONFIGURATIONENTRY: org.apache.ratis.thirdparty.io.grpc.StatusRuntimeException: CANCELLED: client cancelled
2021-10-05 01:22:37,448 [Time-limited test] INFO  server.GrpcService (GrpcService.java:closeImpl(271)) - omNode-3: shutdown server with port 10892 successfully
2021-10-05 01:22:37,448 [org.apache.ratis.util.JvmPauseMonitor$$Lambda$523/848064357@78f55998] INFO  util.JvmPauseMonitor (JvmPauseMonitor.java:run(109)) - JvmPauseMonitor-omNode-3: Stopped
2021-10-05 01:22:37,448 [Time-limited test] INFO  ratis.OzoneManagerDoubleBuffer (OzoneManagerDoubleBuffer.java:stop(437)) - Stopping OMDoubleBuffer flush thread
2021-10-05 01:22:37,449 [OMDoubleBufferFlushThread] INFO  ratis.OzoneManagerDoubleBuffer (OzoneManagerDoubleBuffer.java:flushTransactions(356)) - OMDoubleBuffer flush thread OMDoubleBufferFlushThread is interrupted and will exit. OMDoubleBufferFlushThread
2021-10-05 01:22:37,450 [Time-limited test] INFO  handler.ContextHandler (ContextHandler.java:doStop(1153)) - Stopped o.e.j.w.WebAppContext@4f16fdd5{ozoneManager,/,null,STOPPED}{file:/home/runner/work/ozone/ozone/hadoop-ozone/integration-test/target/test-classes/webapps/ozoneManager}
2021-10-05 01:22:37,450 [Time-limited test] INFO  server.AbstractConnector (AbstractConnector.java:doStop(381)) - Stopped ServerConnector@1995c107{HTTP/1.1, (http/1.1)}{0.0.0.0:10890}
2021-10-05 01:22:37,450 [Time-limited test] INFO  server.session (HouseKeeper.java:stopScavenging(149)) - node0 Stopped scavenging
2021-10-05 01:22:37,451 [Time-limited test] INFO  handler.ContextHandler (ContextHandler.java:doStop(1153)) - Stopped o.e.j.s.ServletContextHandler@6538fbbd{static,/static,file:///home/runner/work/ozone/ozone/hadoop-ozone/integration-test/target/test-classes/webapps/static,STOPPED}
2021-10-05 01:22:37,451 [Time-limited test] INFO  handler.ContextHandler (ContextHandler.java:doStop(1153)) - Stopped o.e.j.s.ServletContextHandler@4c14ec03{logs,/logs,file:///home/runner/work/ozone/ozone/hadoop-ozone/integration-test/target/log,STOPPED}
2021-10-05 01:22:37,453 [Time-limited test] INFO  om.OzoneManager (OzoneManager.java:initFSOLayout(4333)) - Configured ozone.om.metadata.layout=SIMPLE and disabled optimized OM FS operations
2021-10-05 01:22:37,453 [Time-limited test] INFO  om.OzoneManager (OzoneManager.java:restart(1365)) - OzoneManager RPC server is listening at localhost/127.0.0.1:10888
2021-10-05 01:22:37,453 [Time-limited test] INFO  impl.MetricsSystemImpl (MetricsSystemImpl.java:init(158)) - OzoneManager metrics system started (again)
2021-10-05 01:22:37,472 [Time-limited test] WARN  server.ServerUtils (ServerUtils.java:getDBPath(225)) - ozone.om.db.dirs is not configured. We recommend adding this setting. Falling back to ozone.metadata.dirs instead.
2021-10-05 01:22:37,473 [Time-limited test] INFO  codec.OmKeyInfoCodec (OmKeyInfoCodec.java:<init>(51)) - OmKeyInfoCodec ignorePipeline = true
2021-10-05 01:22:37,473 [Time-limited test] INFO  codec.RepeatedOmKeyInfoCodec (RepeatedOmKeyInfoCodec.java:<init>(42)) - RepeatedOmKeyInfoCodec ignorePipeline = true
2021-10-05 01:22:37,507 [Time-limited test] WARN  impl.MetricRegistriesImpl (MetricRegistriesImpl.java:addReporterRegistration(111)) - New reporters are added after registries were created. Some metrics will be missing from the reporter. Please add reporter before adding any new registry.
2021-10-05 01:22:37,507 [Time-limited test] WARN  impl.MetricRegistriesImpl (MetricRegistriesImpl.java:addReporterRegistration(111)) - New reporters are added after registries were created. Some metrics will be missing from the reporter. Please add reporter before adding any new registry.
2021-10-05 01:22:37,507 [Time-limited test] WARN  server.ServerUtils (ServerUtils.java:getDefaultRatisDirectory(237)) - Storage directory for Ratis is not configured. It is a good idea to map this to an SSD disk. Falling back to ozone.metadata.dirs
2021-10-05 01:22:37,508 [Time-limited test] INFO  ratis.OzoneManagerRatisServer (OzoneManagerRatisServer.java:<init>(158)) - Instantiating OM Ratis server with groupID: om-service-test1 and peers: localhost:10892, localhost:10880, localhost:10886
2021-10-05 01:22:37,508 [Time-limited test] INFO  ratis.OzoneManagerStateMachine (OzoneManagerStateMachine.java:loadSnapshotInfoFromDB(605)) - LastAppliedIndex is set from TransactionInfo from OM DB as (t:9, i:34)
2021-10-05 01:22:37,509 [Time-limited test] INFO  server.RaftServer (ConfUtils.java:logGet(44)) - raft.rpc.type = GRPC (default)
2021-10-05 01:22:37,509 [Time-limited test] INFO  grpc.GrpcFactory (GrpcFactory.java:checkPooledByteBufAllocatorUseCacheForAllThreads(48)) - PERFORMANCE WARNING: useCacheForAllThreads is true that may cause Netty to create a lot garbage objects and, as a result, trigger GC.
	It is recommended to disable useCacheForAllThreads by setting -Dorg.apache.ratis.thirdparty.io.netty.allocator.useCacheForAllThreads=false in command line.
2021-10-05 01:22:37,509 [Time-limited test] INFO  grpc.GrpcConfigKeys (ConfUtils.java:logGet(44)) - raft.grpc.admin.port = -1 (default)
2021-10-05 01:22:37,509 [Time-limited test] INFO  grpc.GrpcConfigKeys (ConfUtils.java:logGet(44)) - raft.grpc.server.port = 10892 (custom)
2021-10-05 01:22:37,509 [Time-limited test] INFO  grpc.GrpcConfigKeys (ConfUtils.java:logGet(44)) - raft.grpc.client.port = -1 (default)
2021-10-05 01:22:37,509 [Time-limited test] INFO  grpc.GrpcConfigKeys (ConfUtils.java:logGet(44)) - raft.grpc.server.port = 10892 (custom)
2021-10-05 01:22:37,509 [Time-limited test] INFO  grpc.GrpcConfigKeys (ConfUtils.java:logGet(44)) - raft.grpc.server.port = 10892 (custom)
2021-10-05 01:22:37,509 [Time-limited test] INFO  server.GrpcService (ConfUtils.java:logGet(44)) - raft.grpc.message.size.max = 33554432 (custom)
2021-10-05 01:22:37,510 [Time-limited test] INFO  server.RaftServerConfigKeys (ConfUtils.java:logGet(44)) - raft.server.log.appender.buffer.byte-limit = 33554432 (custom)
2021-10-05 01:22:37,510 [Time-limited test] INFO  server.GrpcService (ConfUtils.java:logGet(44)) - raft.grpc.flow.control.window = 1MB (=1048576) (default)
2021-10-05 01:22:37,510 [Time-limited test] INFO  server.RaftServerConfigKeys (ConfUtils.java:logGet(44)) - raft.server.rpc.request.timeout = 3000ms (default)
2021-10-05 01:22:37,511 [Time-limited test] INFO  impl.DataStreamServerImpl (ConfUtils.java:logGet(44)) - raft.datastream.type = DISABLED (default)
2021-10-05 01:22:37,511 [Time-limited test] INFO  server.RaftServerConfigKeys (ConfUtils.java:logGet(44)) - raft.server.rpc.slowness.timeout = 2s (custom)
2021-10-05 01:22:37,511 [Time-limited test] INFO  server.RaftServerConfigKeys (ConfUtils.java:logGet(44)) - raft.server.leaderelection.leader.step-down.wait-time = 10s (default)
2021-10-05 01:22:37,511 [Time-limited test] INFO  server.RaftServerConfigKeys (ConfUtils.java:logGet(44)) - raft.server.storage.dir = [/home/runner/work/ozone/ozone/hadoop-ozone/integration-test/target/test-dir/MiniOzoneClusterImpl-46302e84-7680-4986-b584-895fe31d4053/omNode-3/ratis] (custom)
2021-10-05 01:22:37,512 [Time-limited test] INFO  server.RaftServer (RaftServerProxy.java:lambda$null$1(235)) - omNode-3: found a subdirectory /home/runner/work/ozone/ozone/hadoop-ozone/integration-test/target/test-dir/MiniOzoneClusterImpl-46302e84-7680-4986-b584-895fe31d4053/omNode-3/ratis/c9bc4cf4-3bc3-3c60-a66b-523986131536
2021-10-05 01:22:37,512 [Time-limited test] INFO  server.RaftServer (RaftServerProxy.java:addNew(95)) - omNode-3: addNew group-523986131536:[omNode-3|rpc:localhost:10892|priority:0, omNode-1|rpc:localhost:10880|priority:0, omNode-2|rpc:localhost:10886|priority:0] returns group-523986131536:java.util.concurrent.CompletableFuture@4d923f91[Not completed]
2021-10-05 01:22:37,512 [Time-limited test] INFO  om.OzoneManager (OzoneManager.java:initializeRatisServer(1585)) - OzoneManager Ratis server initialized at port 10892
2021-10-05 01:22:37,512 [Time-limited test] INFO  ratis.OzoneManagerRatisServer (OzoneManagerRatisServer.java:start(516)) - Starting OzoneManagerRatisServer omNode-3 at port 10892
2021-10-05 01:22:37,512 [pool-411-thread-1] INFO  server.RaftServer$Division (RaftServerImpl.java:<init>(181)) - omNode-3: new RaftServerImpl for group-523986131536:[omNode-3|rpc:localhost:10892|priority:0, omNode-1|rpc:localhost:10880|priority:0, omNode-2|rpc:localhost:10886|priority:0] with OzoneManagerStateMachine:uninitialized
2021-10-05 01:22:37,513 [pool-411-thread-1] INFO  server.RaftServerConfigKeys (ConfUtils.java:logGet(44)) - raft.server.rpc.timeout.min = 1s (custom)
2021-10-05 01:22:37,514 [pool-411-thread-1] INFO  server.RaftServerConfigKeys (ConfUtils.java:logGet(44)) - raft.server.rpc.timeout.max = 1200ms (custom)
2021-10-05 01:22:37,514 [pool-411-thread-1] INFO  server.RaftServerConfigKeys (ConfUtils.java:logGet(44)) - raft.server.rpc.sleep.time = 25ms (default)
2021-10-05 01:22:37,514 [pool-411-thread-1] INFO  server.RaftServerConfigKeys (ConfUtils.java:logGet(44)) - raft.server.rpc.slowness.timeout = 2s (custom)
2021-10-05 01:22:37,514 [pool-411-thread-1] INFO  server.RaftServerConfigKeys (ConfUtils.java:logGet(44)) - raft.server.leaderelection.leader.step-down.wait-time = 10s (default)
2021-10-05 01:22:37,514 [pool-411-thread-1] INFO  server.RaftServerConfigKeys (ConfUtils.java:logGet(44)) - raft.server.sleep.deviation.threshold = 300ms (default)
2021-10-05 01:22:37,514 [pool-411-thread-1] INFO  server.RaftServerConfigKeys (ConfUtils.java:logGet(44)) - raft.server.log.appender.install.snapshot.enabled = false (custom)
2021-10-05 01:22:37,514 [pool-411-thread-1] INFO  server.RaftServer$Division (ServerState.java:<init>(105)) - omNode-3@group-523986131536: ConfigurationManager, init=-1: [omNode-3|rpc:localhost:10892|priority:0, omNode-1|rpc:localhost:10880|priority:0, omNode-2|rpc:localhost:10886|priority:0], old=null, confs=<EMPTY_MAP>
2021-10-05 01:22:37,514 [pool-411-thread-1] INFO  server.RaftServerConfigKeys (ConfUtils.java:logGet(44)) - raft.server.storage.dir = [/home/runner/work/ozone/ozone/hadoop-ozone/integration-test/target/test-dir/MiniOzoneClusterImpl-46302e84-7680-4986-b584-895fe31d4053/omNode-3/ratis] (custom)
2021-10-05 01:22:37,514 [pool-411-thread-1] INFO  server.RaftServerConfigKeys (ConfUtils.java:logGet(44)) - raft.server.log.corruption.policy = EXCEPTION (default)
2021-10-05 01:22:37,514 [pool-411-thread-1] INFO  server.RaftServerConfigKeys (ConfUtils.java:logGet(44)) - raft.server.storage.free-space.min = 0MB (=0) (default)
2021-10-05 01:22:37,515 [pool-411-thread-1] INFO  storage.RaftStorageDirectory (RaftStorageDirectoryImpl.java:tryLock(230)) - Lock on /home/runner/work/ozone/ozone/hadoop-ozone/integration-test/target/test-dir/MiniOzoneClusterImpl-46302e84-7680-4986-b584-895fe31d4053/omNode-3/ratis/c9bc4cf4-3bc3-3c60-a66b-523986131536/in_use.lock acquired by nodename 8677@fv-az50-768
2021-10-05 01:22:37,516 [pool-411-thread-1] INFO  storage.RaftStorage (RaftStorageImpl.java:analyzeAndRecoverStorage(110)) - Read RaftStorageMetadata{term=9, votedFor=omNode-3} from /home/runner/work/ozone/ozone/hadoop-ozone/integration-test/target/test-dir/MiniOzoneClusterImpl-46302e84-7680-4986-b584-895fe31d4053/omNode-3/ratis/c9bc4cf4-3bc3-3c60-a66b-523986131536/current/raft-meta
2021-10-05 01:22:37,517 [pool-411-thread-1] INFO  server.RaftServer$Division (ServerState.java:setRaftConf(387)) - omNode-3@group-523986131536: set configuration 31: [omNode-3|rpc:localhost:10892|admin:|client:|dataStream:|priority:0, omNode-1|rpc:localhost:10880|admin:|client:|dataStream:|priority:0, omNode-2|rpc:localhost:10886|admin:|client:|dataStream:|priority:0], old=null
2021-10-05 01:22:37,517 [pool-411-thread-1] INFO  server.RaftServerConfigKeys (ConfUtils.java:logGet(44)) - raft.server.notification.no-leader.timeout = 2s (custom)
2021-10-05 01:22:37,517 [pool-411-thread-1] INFO  server.RaftServerConfigKeys (ConfUtils.java:logGet(44)) - raft.server.log.use.memory = false (default)
2021-10-05 01:22:37,517 [pool-411-thread-1] INFO  server.RaftServerConfigKeys (ConfUtils.java:logGet(44)) - raft.server.log.purge.gap = 50 (custom)
2021-10-05 01:22:37,517 [pool-411-thread-1] INFO  server.RaftServerConfigKeys (ConfUtils.java:logGet(44)) - raft.server.log.appender.buffer.byte-limit = 33554432 (custom)
2021-10-05 01:22:37,518 [pool-411-thread-1] INFO  server.RaftServerConfigKeys (ConfUtils.java:logGet(44)) - raft.server.log.segment.size.max = 4194304 (custom)
2021-10-05 01:22:37,518 [pool-411-thread-1] INFO  server.RaftServerConfigKeys (ConfUtils.java:logGet(44)) - raft.server.log.segment.cache.num.max = 2 (custom)
2021-10-05 01:22:37,518 [pool-411-thread-1] INFO  server.RaftServerConfigKeys (ConfUtils.java:logGet(44)) - raft.server.log.segment.cache.size.max = 200MB (=209715200) (default)
2021-10-05 01:22:37,518 [pool-411-thread-1] INFO  segmented.SegmentedRaftLogWorker (SegmentedRaftLogWorker.java:<init>(182)) - new omNode-3@group-523986131536-SegmentedRaftLogWorker for RaftStorageImpl:Storage Directory /home/runner/work/ozone/ozone/hadoop-ozone/integration-test/target/test-dir/MiniOzoneClusterImpl-46302e84-7680-4986-b584-895fe31d4053/omNode-3/ratis/c9bc4cf4-3bc3-3c60-a66b-523986131536
2021-10-05 01:22:37,518 [pool-411-thread-1] INFO  server.RaftServerConfigKeys (ConfUtils.java:logGet(44)) - raft.server.log.queue.byte-limit = 64MB (=67108864) (default)
2021-10-05 01:22:37,518 [pool-411-thread-1] INFO  server.RaftServerConfigKeys (ConfUtils.java:logGet(44)) - raft.server.log.queue.element-limit = 4096 (default)
2021-10-05 01:22:37,518 [pool-411-thread-1] INFO  server.RaftServerConfigKeys (ConfUtils.java:logGet(44)) - raft.server.log.segment.size.max = 4194304 (custom)
2021-10-05 01:22:37,518 [pool-411-thread-1] INFO  server.RaftServerConfigKeys (ConfUtils.java:logGet(44)) - raft.server.log.preallocated.size = 4194304 (custom)
2021-10-05 01:22:37,519 [pool-411-thread-1] INFO  server.RaftServerConfigKeys (ConfUtils.java:logGet(44)) - raft.server.log.force.sync.num = 128 (default)
2021-10-05 01:22:37,519 [pool-411-thread-1] INFO  server.RaftServerConfigKeys (ConfUtils.java:logGet(44)) - raft.server.log.statemachine.data.sync = true (default)
2021-10-05 01:22:37,519 [pool-411-thread-1] INFO  server.RaftServerConfigKeys (ConfUtils.java:logGet(44)) - raft.server.log.statemachine.data.sync.timeout = 10s (default)
2021-10-05 01:22:37,519 [pool-411-thread-1] INFO  server.RaftServerConfigKeys (ConfUtils.java:logGet(44)) - raft.server.log.statemachine.data.sync.timeout.retry = -1 (default)
2021-10-05 01:22:37,520 [pool-411-thread-1] INFO  server.RaftServerConfigKeys (ConfUtils.java:logGet(44)) - raft.server.log.write.buffer.size = 64KB (=65536) (default)
2021-10-05 01:22:37,520 [pool-411-thread-1] INFO  server.RaftServerConfigKeys (ConfUtils.java:logGet(44)) - raft.server.log.statemachine.data.caching.enabled = false (default)
2021-10-05 01:22:37,520 [pool-411-thread-1] INFO  server.RaftServer$Division (ServerState.java:setRaftConf(387)) - omNode-3@group-523986131536: set configuration 16: [omNode-3|rpc:localhost:10892|admin:|client:|dataStream:|priority:0, omNode-1|rpc:localhost:10880|admin:|client:|dataStream:|priority:0, omNode-2|rpc:localhost:10886|admin:|client:|dataStream:|priority:0], old=null
2021-10-05 01:22:37,521 [pool-411-thread-1] INFO  segmented.LogSegment (LogSegment.java:loadSegment(173)) - Successfully read 2 entries from segment file /home/runner/work/ozone/ozone/hadoop-ozone/integration-test/target/test-dir/MiniOzoneClusterImpl-46302e84-7680-4986-b584-895fe31d4053/omNode-3/ratis/c9bc4cf4-3bc3-3c60-a66b-523986131536/current/log_16-17
2021-10-05 01:22:37,521 [pool-411-thread-1] INFO  server.RaftServer$Division (ServerState.java:setRaftConf(387)) - omNode-3@group-523986131536: set configuration 18: [omNode-3|rpc:localhost:10892|admin:|client:|dataStream:|priority:0, omNode-1|rpc:localhost:10880|admin:|client:|dataStream:|priority:0, omNode-2|rpc:localhost:10886|admin:|client:|dataStream:|priority:0], old=null
2021-10-05 01:22:37,521 [pool-411-thread-1] INFO  segmented.LogSegment (LogSegment.java:loadSegment(173)) - Successfully read 4 entries from segment file /home/runner/work/ozone/ozone/hadoop-ozone/integration-test/target/test-dir/MiniOzoneClusterImpl-46302e84-7680-4986-b584-895fe31d4053/omNode-3/ratis/c9bc4cf4-3bc3-3c60-a66b-523986131536/current/log_18-21
2021-10-05 01:22:37,521 [pool-411-thread-1] INFO  server.RaftServer$Division (ServerState.java:setRaftConf(387)) - omNode-3@group-523986131536: set configuration 22: [omNode-3|rpc:localhost:10892|admin:|client:|dataStream:|priority:0, omNode-1|rpc:localhost:10880|admin:|client:|dataStream:|priority:0, omNode-2|rpc:localhost:10886|admin:|client:|dataStream:|priority:0], old=null
2021-10-05 01:22:37,521 [pool-411-thread-1] INFO  segmented.LogSegment (LogSegment.java:loadSegment(173)) - Successfully read 4 entries from segment file /home/runner/work/ozone/ozone/hadoop-ozone/integration-test/target/test-dir/MiniOzoneClusterImpl-46302e84-7680-4986-b584-895fe31d4053/omNode-3/ratis/c9bc4cf4-3bc3-3c60-a66b-523986131536/current/log_22-25
2021-10-05 01:22:37,521 [pool-411-thread-1] INFO  server.RaftServer$Division (ServerState.java:setRaftConf(387)) - omNode-3@group-523986131536: set configuration 26: [omNode-3|rpc:localhost:10892|admin:|client:|dataStream:|priority:0, omNode-1|rpc:localhost:10880|admin:|client:|dataStream:|priority:0, omNode-2|rpc:localhost:10886|admin:|client:|dataStream:|priority:0], old=null
2021-10-05 01:22:37,522 [pool-411-thread-1] INFO  segmented.LogSegment (LogSegment.java:loadSegment(173)) - Successfully read 1 entries from segment file /home/runner/work/ozone/ozone/hadoop-ozone/integration-test/target/test-dir/MiniOzoneClusterImpl-46302e84-7680-4986-b584-895fe31d4053/omNode-3/ratis/c9bc4cf4-3bc3-3c60-a66b-523986131536/current/log_26-26
2021-10-05 01:22:37,522 [pool-411-thread-1] INFO  server.RaftServer$Division (ServerState.java:setRaftConf(387)) - omNode-3@group-523986131536: set configuration 27: [omNode-3|rpc:localhost:10892|admin:|client:|dataStream:|priority:0, omNode-1|rpc:localhost:10880|admin:|client:|dataStream:|priority:0, omNode-2|rpc:localhost:10886|admin:|client:|dataStream:|priority:0], old=null
2021-10-05 01:22:37,522 [pool-411-thread-1] INFO  segmented.LogSegment (LogSegment.java:loadSegment(173)) - Successfully read 4 entries from segment file /home/runner/work/ozone/ozone/hadoop-ozone/integration-test/target/test-dir/MiniOzoneClusterImpl-46302e84-7680-4986-b584-895fe31d4053/omNode-3/ratis/c9bc4cf4-3bc3-3c60-a66b-523986131536/current/log_27-30
2021-10-05 01:22:37,522 [pool-411-thread-1] INFO  server.RaftServer$Division (ServerState.java:setRaftConf(387)) - omNode-3@group-523986131536: set configuration 31: [omNode-3|rpc:localhost:10892|admin:|client:|dataStream:|priority:0, omNode-1|rpc:localhost:10880|admin:|client:|dataStream:|priority:0, omNode-2|rpc:localhost:10886|admin:|client:|dataStream:|priority:0], old=null
2021-10-05 01:22:37,522 [pool-411-thread-1] INFO  segmented.LogSegment (LogSegment.java:loadSegment(173)) - Successfully read 4 entries from segment file /home/runner/work/ozone/ozone/hadoop-ozone/integration-test/target/test-dir/MiniOzoneClusterImpl-46302e84-7680-4986-b584-895fe31d4053/omNode-3/ratis/c9bc4cf4-3bc3-3c60-a66b-523986131536/current/log_inprogress_31
2021-10-05 01:22:37,522 [pool-411-thread-1] INFO  segmented.SegmentedRaftLogWorker (SegmentedRaftLogWorker.java:lambda$new$0(133)) - omNode-3@group-523986131536-SegmentedRaftLogWorker: flushIndex: setUnconditionally 0 -> 34
2021-10-05 01:22:37,522 [pool-411-thread-1] INFO  segmented.SegmentedRaftLogWorker (SegmentedRaftLogWorker.java:lambda$new$0(133)) - omNode-3@group-523986131536-SegmentedRaftLogWorker: safeCacheEvictIndex: setUnconditionally 0 -> 30
2021-10-05 01:22:37,522 [pool-411-thread-1] INFO  raftlog.RaftLog (RaftLogBase.java:lambda$new$0(53)) - omNode-3@group-523986131536-SegmentedRaftLog: commitIndex: updateToMax old=34, new=33, updated? false
2021-10-05 01:22:37,523 [pool-411-thread-1] INFO  raftlog.RaftLog (RaftLogBase.java:lambda$new$0(53)) - omNode-3@group-523986131536-SegmentedRaftLog: purgeIndex: updateIncreasingly -1 -> 15
2021-10-05 01:22:37,523 [pool-411-thread-1] INFO  server.RaftServerConfigKeys (ConfUtils.java:logGet(44)) - raft.server.snapshot.auto.trigger.enabled = true (custom)
2021-10-05 01:22:37,523 [pool-411-thread-1] INFO  server.RaftServerConfigKeys (ConfUtils.java:logGet(44)) - raft.server.snapshot.auto.trigger.threshold = 50 (custom)
2021-10-05 01:22:37,523 [pool-411-thread-1] INFO  server.RaftServerConfigKeys (ConfUtils.java:logGet(44)) - raft.server.snapshot.retention.file.num = -1 (default)
2021-10-05 01:22:37,523 [pool-411-thread-1] INFO  server.RaftServerConfigKeys (ConfUtils.java:logGet(44)) - raft.server.log.purge.upto.snapshot.index = true (custom)
2021-10-05 01:22:37,523 [pool-411-thread-1] INFO  server.RaftServerConfigKeys (ConfUtils.java:logGet(44)) - raft.server.retrycache.expirytime = 30000ms (custom)
2021-10-05 01:22:37,523 [pool-411-thread-1] INFO  server.RaftServerConfigKeys (ConfUtils.java:logGet(44)) - raft.server.retrycache.statistics.expirytime = 100μs (default)
2021-10-05 01:22:37,524 [Time-limited test] INFO  server.RaftServer$Division (RaftServerImpl.java:start(296)) - omNode-3@group-523986131536: start as a follower, conf=31: [omNode-3|rpc:localhost:10892|admin:|client:|dataStream:|priority:0, omNode-1|rpc:localhost:10880|admin:|client:|dataStream:|priority:0, omNode-2|rpc:localhost:10886|admin:|client:|dataStream:|priority:0], old=null
2021-10-05 01:22:37,524 [Time-limited test] INFO  server.RaftServer$Division (RaftServerImpl.java:setRole(285)) - omNode-3@group-523986131536: changes role from      null to FOLLOWER at term 9 for startAsFollower
2021-10-05 01:22:37,524 [Time-limited test] INFO  impl.RoleInfo (RoleInfo.java:updateAndGet(130)) - omNode-3: start omNode-3@group-523986131536-FollowerState
2021-10-05 01:22:37,525 [Time-limited test] INFO  util.JmxRegister (JmxRegister.java:tryRegister(44)) - Successfully registered JMX Bean with object name Ratis:service=RaftServer,group=group-523986131536,id=omNode-3
2021-10-05 01:22:37,526 [Time-limited test] INFO  server.RaftServer (RaftServerProxy.java:lambda$start$5(374)) - omNode-3: start RPC server
2021-10-05 01:22:37,527 [Time-limited test] INFO  server.GrpcService (GrpcService.java:startImpl(253)) - omNode-3: GrpcService started, listening on 10892
2021-10-05 01:22:37,527 [org.apache.ratis.util.JvmPauseMonitor$$Lambda$523/848064357@e6ea552] INFO  util.JvmPauseMonitor (JvmPauseMonitor.java:run(103)) - JvmPauseMonitor-omNode-3: Started
2021-10-05 01:22:37,527 [Time-limited test] INFO  ipc.CallQueueManager (CallQueueManager.java:<init>(90)) - Using callQueue: class java.util.concurrent.LinkedBlockingQueue, queueCapacity: 2000, scheduler: class org.apache.hadoop.ipc.DefaultRpcScheduler, ipcBackoff: false.
2021-10-05 01:22:37,528 [Socket Reader #1 for port 10888] INFO  ipc.Server (Server.java:run(1265)) - Starting Socket Reader #1 for port 10888
2021-10-05 01:22:37,531 [Listener at localhost/10888] INFO  http.BaseHttpServer (BaseHttpServer.java:newHttpServer2BuilderForOzone(209)) - Starting Web-server for ozoneManager at: http://0.0.0.0:10890
2021-10-05 01:22:37,531 [Listener at localhost/10888] INFO  http.BaseHttpServer (BaseHttpServer.java:<init>(107)) - Hadoop Security Enabled: false Ozone Security Enabled: false Ozone HTTP Security Enabled: false 
2021-10-05 01:22:37,534 [Listener at localhost/10888] INFO  server.AuthenticationFilter (AuthenticationFilter.java:constructSecretProvider(240)) - Unable to initialize FileSignerSecretProvider, falling back to use random secrets.
2021-10-05 01:22:37,535 [Listener at localhost/10888] WARN  http.HttpRequestLog (HttpRequestLog.java:getRequestLog(103)) - Jetty request log can only be enabled using Log4j
2021-10-05 01:22:37,536 [Listener at localhost/10888] INFO  http.HttpServer2 (HttpServer2.java:addGlobalFilter(1030)) - Added global filter 'safety' (class=org.apache.hadoop.hdds.server.http.HttpServer2$QuotingInputFilter)
2021-10-05 01:22:37,536 [Listener at localhost/10888] INFO  http.HttpServer2 (HttpServer2.java:addFilter(1006)) - Added filter static_user_filter (class=org.apache.hadoop.http.lib.StaticUserWebFilter$StaticUserFilter) to context ozoneManager
2021-10-05 01:22:37,536 [Listener at localhost/10888] INFO  http.HttpServer2 (HttpServer2.java:addFilter(1014)) - Added filter static_user_filter (class=org.apache.hadoop.http.lib.StaticUserWebFilter$StaticUserFilter) to context static
2021-10-05 01:22:37,536 [Listener at localhost/10888] INFO  http.HttpServer2 (HttpServer2.java:addFilter(1014)) - Added filter static_user_filter (class=org.apache.hadoop.http.lib.StaticUserWebFilter$StaticUserFilter) to context logs
2021-10-05 01:22:37,537 [Listener at localhost/10888] INFO  http.HttpServer2 (HttpServer2.java:bindListener(1249)) - Jetty bound to port 10890
2021-10-05 01:22:37,537 [Listener at localhost/10888] INFO  server.Server (Server.java:doStart(375)) - jetty-9.4.43.v20210629; built: 2021-06-30T11:07:22.254Z; git: 526006ecfa3af7f1a27ef3a288e2bef7ea9dd7e8; jvm 1.8.0_292-b10
2021-10-05 01:22:37,538 [Listener at localhost/10888] INFO  server.session (DefaultSessionIdManager.java:doStart(334)) - DefaultSessionIdManager workerName=node0
2021-10-05 01:22:37,538 [Listener at localhost/10888] INFO  server.session (DefaultSessionIdManager.java:doStart(339)) - No SessionScavenger set, using defaults
2021-10-05 01:22:37,540 [Listener at localhost/10888] INFO  server.session (HouseKeeper.java:startScavenging(132)) - node0 Scavenging every 600000ms
2021-10-05 01:22:37,541 [Listener at localhost/10888] INFO  handler.ContextHandler (ContextHandler.java:doStart(915)) - Started o.e.j.s.ServletContextHandler@2def4103{logs,/logs,file:///home/runner/work/ozone/ozone/hadoop-ozone/integration-test/target/log,AVAILABLE}
2021-10-05 01:22:37,541 [Listener at localhost/10888] INFO  handler.ContextHandler (ContextHandler.java:doStart(915)) - Started o.e.j.s.ServletContextHandler@2d690dcc{static,/static,file:///home/runner/work/ozone/ozone/hadoop-ozone/integration-test/target/test-classes/webapps/static,AVAILABLE}
2021-10-05 01:22:37,544 [Listener at localhost/10888] INFO  handler.ContextHandler (ContextHandler.java:doStart(915)) - Started o.e.j.w.WebAppContext@1c1191f4{ozoneManager,/,file:///home/runner/work/ozone/ozone/hadoop-ozone/integration-test/target/test-classes/webapps/ozoneManager/,AVAILABLE}{file:/home/runner/work/ozone/ozone/hadoop-ozone/integration-test/target/test-classes/webapps/ozoneManager}
2021-10-05 01:22:37,547 [Listener at localhost/10888] INFO  server.AbstractConnector (AbstractConnector.java:doStart(331)) - Started ServerConnector@2d7b39d2{HTTP/1.1, (http/1.1)}{0.0.0.0:10890}
2021-10-05 01:22:37,547 [Listener at localhost/10888] INFO  server.Server (Server.java:doStart(415)) - Started @530925ms
2021-10-05 01:22:37,547 [Listener at localhost/10888] WARN  impl.MetricsSystemImpl (MetricsSystemImpl.java:register(279)) - Sink prometheus already exists!
2021-10-05 01:22:37,548 [Listener at localhost/10888] INFO  http.BaseHttpServer (BaseHttpServer.java:updateConnectorAddress(329)) - HTTP server of ozoneManager listening at http://0.0.0.0:10890
2021-10-05 01:22:37,549 [IPC Server Responder] INFO  ipc.Server (Server.java:run(1507)) - IPC Server Responder: starting
2021-10-05 01:22:37,553 [IPC Server listener on 10888] INFO  ipc.Server (Server.java:run(1344)) - IPC Server listener on 10888: starting
2021-10-05 01:22:37,560 [Listener at localhost/10888] INFO  om.OzoneManager (OzoneManager.java:startTrashEmptier(1543)) - Trash Interval set to 0. Files deleted will not move to trash
2021-10-05 01:22:37,560 [Listener at localhost/10888] INFO  om.OzoneManager (OzoneManager.java:stop(1644)) - Stopping Ozone Manager
2021-10-05 01:22:37,560 [Listener at localhost/10888] INFO  ipc.Server (Server.java:stop(3414)) - Stopping server on 10876
2021-10-05 01:22:37,560 [org.apache.hadoop.util.JvmPauseMonitor$Monitor@4abc07a7] INFO  util.JvmPauseMonitor (JvmPauseMonitor.java:run(188)) - Starting JVM pause monitor
2021-10-05 01:22:37,563 [Listener at localhost/10888] INFO  server.RaftServer (RaftServerProxy.java:lambda$close$6(391)) - omNode-1: close
2021-10-05 01:22:37,562 [IPC Server Responder] INFO  ipc.Server (Server.java:run(1512)) - Stopping IPC Server Responder
2021-10-05 01:22:37,562 [IPC Server listener on 10876] INFO  ipc.Server (Server.java:run(1376)) - Stopping IPC Server listener on 10876
2021-10-05 01:22:37,563 [Listener at localhost/10888] INFO  server.RaftServer$Division (RaftServerImpl.java:lambda$close$4(407)) - omNode-1@group-523986131536: shutdown
2021-10-05 01:22:37,563 [Listener at localhost/10888] INFO  util.JmxRegister (JmxRegister.java:unregister(73)) - Successfully un-registered JMX Bean with object name Ratis:service=RaftServer,group=group-523986131536,id=omNode-1
2021-10-05 01:22:37,564 [Listener at localhost/10888] INFO  impl.RoleInfo (RoleInfo.java:shutdownFollowerState(108)) - omNode-1: shutdown omNode-1@group-523986131536-FollowerState
2021-10-05 01:22:37,564 [omNode-1@group-523986131536-StateMachineUpdater] INFO  ratis.OzoneManagerStateMachine (OzoneManagerStateMachine.java:close(471)) - StateMachine has shutdown. Shutdown OzoneManager if not already shutdown.
2021-10-05 01:22:37,564 [omNode-1@group-523986131536-FollowerState] INFO  impl.FollowerState (FollowerState.java:run(143)) - omNode-1@group-523986131536-FollowerState was interrupted: {}
java.lang.InterruptedException: sleep interrupted
	at java.lang.Thread.sleep(Native Method)
	at java.lang.Thread.sleep(Thread.java:340)
	at java.util.concurrent.TimeUnit.sleep(TimeUnit.java:386)
	at org.apache.ratis.util.TimeDuration.sleep(TimeDuration.java:324)
	at org.apache.ratis.util.TimeDuration.sleep(TimeDuration.java:309)
	at org.apache.ratis.server.impl.FollowerState.run(FollowerState.java:118)
2021-10-05 01:22:37,566 [Listener at localhost/10888] INFO  impl.StateMachineUpdater (StateMachineUpdater.java:stopAndJoin(149)) - omNode-1@group-523986131536-StateMachineUpdater: set stopIndex = 15
2021-10-05 01:22:37,566 [Listener at localhost/10888] INFO  server.RaftServer$Division (ServerState.java:close(419)) - omNode-1@group-523986131536: closes. applyIndex: 15
2021-10-05 01:22:37,566 [omNode-1@group-523986131536-SegmentedRaftLogWorker] INFO  segmented.SegmentedRaftLogWorker (SegmentedRaftLogWorker.java:run(327)) - omNode-1@group-523986131536-SegmentedRaftLogWorker was interrupted, exiting. There are 0 tasks remaining in the queue.
2021-10-05 01:22:37,567 [Listener at localhost/10888] INFO  segmented.SegmentedRaftLogWorker (SegmentedRaftLogWorker.java:close(237)) - omNode-1@group-523986131536-SegmentedRaftLogWorker close()
2021-10-05 01:22:37,568 [Listener at localhost/10888] INFO  server.GrpcService (GrpcService.java:closeImpl(262)) - omNode-1: shutdown server with port 10880 now
2021-10-05 01:22:37,582 [Listener at localhost/10888] INFO  server.GrpcService (GrpcService.java:closeImpl(271)) - omNode-1: shutdown server with port 10880 successfully
2021-10-05 01:22:37,583 [org.apache.ratis.util.JvmPauseMonitor$$Lambda$523/848064357@4b267768] INFO  util.JvmPauseMonitor (JvmPauseMonitor.java:run(109)) - JvmPauseMonitor-omNode-1: Stopped
2021-10-05 01:22:37,583 [Listener at localhost/10888] INFO  ratis.OzoneManagerDoubleBuffer (OzoneManagerDoubleBuffer.java:stop(437)) - Stopping OMDoubleBuffer flush thread
2021-10-05 01:22:37,583 [OMDoubleBufferFlushThread] INFO  ratis.OzoneManagerDoubleBuffer (OzoneManagerDoubleBuffer.java:flushTransactions(356)) - OMDoubleBuffer flush thread OMDoubleBufferFlushThread is interrupted and will exit. OMDoubleBufferFlushThread
2021-10-05 01:22:37,584 [Listener at localhost/10888] INFO  handler.ContextHandler (ContextHandler.java:doStop(1153)) - Stopped o.e.j.w.WebAppContext@6151be1e{ozoneManager,/,null,STOPPED}{file:/home/runner/work/ozone/ozone/hadoop-ozone/integration-test/target/test-classes/webapps/ozoneManager}
2021-10-05 01:22:37,584 [Listener at localhost/10888] INFO  server.AbstractConnector (AbstractConnector.java:doStop(381)) - Stopped ServerConnector@7e6717e{HTTP/1.1, (http/1.1)}{0.0.0.0:10878}
2021-10-05 01:22:37,584 [Listener at localhost/10888] INFO  server.session (HouseKeeper.java:stopScavenging(149)) - node0 Stopped scavenging
2021-10-05 01:22:37,584 [Listener at localhost/10888] INFO  handler.ContextHandler (ContextHandler.java:doStop(1153)) - Stopped o.e.j.s.ServletContextHandler@3d31fb13{static,/static,file:///home/runner/work/ozone/ozone/hadoop-ozone/integration-test/target/test-classes/webapps/static,STOPPED}
2021-10-05 01:22:37,584 [Listener at localhost/10888] INFO  handler.ContextHandler (ContextHandler.java:doStop(1153)) - Stopped o.e.j.s.ServletContextHandler@68412f49{logs,/logs,file:///home/runner/work/ozone/ozone/hadoop-ozone/integration-test/target/log,STOPPED}
2021-10-05 01:22:37,587 [Listener at localhost/10888] INFO  om.OzoneManager (OzoneManager.java:initFSOLayout(4333)) - Configured ozone.om.metadata.layout=SIMPLE and disabled optimized OM FS operations
2021-10-05 01:22:37,587 [Listener at localhost/10888] INFO  om.OzoneManager (OzoneManager.java:restart(1365)) - OzoneManager RPC server is listening at localhost/127.0.0.1:10876
2021-10-05 01:22:37,587 [Listener at localhost/10888] INFO  impl.MetricsSystemImpl (MetricsSystemImpl.java:init(158)) - OzoneManager metrics system started (again)
2021-10-05 01:22:37,603 [Listener at localhost/10888] WARN  server.ServerUtils (ServerUtils.java:getDBPath(225)) - ozone.om.db.dirs is not configured. We recommend adding this setting. Falling back to ozone.metadata.dirs instead.
2021-10-05 01:22:37,605 [Listener at localhost/10888] INFO  codec.OmKeyInfoCodec (OmKeyInfoCodec.java:<init>(51)) - OmKeyInfoCodec ignorePipeline = true
2021-10-05 01:22:37,605 [Listener at localhost/10888] INFO  codec.RepeatedOmKeyInfoCodec (RepeatedOmKeyInfoCodec.java:<init>(42)) - RepeatedOmKeyInfoCodec ignorePipeline = true
2021-10-05 01:22:37,605 [omNode-2@group-523986131536-FollowerState] INFO  impl.FollowerState (FollowerState.java:run(134)) - omNode-2@group-523986131536-FollowerState: change to CANDIDATE, lastRpcElapsedTime:1032091176ns, electionTimeout:1031ms
2021-10-05 01:22:37,605 [omNode-2@group-523986131536-FollowerState] INFO  impl.RoleInfo (RoleInfo.java:shutdownFollowerState(108)) - omNode-2: shutdown omNode-2@group-523986131536-FollowerState
2021-10-05 01:22:37,605 [omNode-2@group-523986131536-FollowerState] INFO  server.RaftServer$Division (RaftServerImpl.java:setRole(285)) - omNode-2@group-523986131536: changes role from  FOLLOWER to CANDIDATE at term 11 for changeToCandidate
2021-10-05 01:22:37,605 [omNode-2@group-523986131536-FollowerState] INFO  server.RaftServerConfigKeys (ConfUtils.java:logGet(44)) - raft.server.leaderelection.pre-vote = false (custom)
2021-10-05 01:22:37,606 [omNode-2@group-523986131536-FollowerState] INFO  impl.RoleInfo (RoleInfo.java:updateAndGet(130)) - omNode-2: start omNode-2@group-523986131536-LeaderElection21
2021-10-05 01:22:37,615 [omNode-2@group-523986131536-LeaderElection21] INFO  impl.LeaderElection (LeaderElection.java:askForVotes(306)) - omNode-2@group-523986131536-LeaderElection21 ELECTION round 0: submit vote requests at term 12 for 31: [omNode-3|rpc:localhost:10892|admin:|client:|dataStream:|priority:0, omNode-1|rpc:localhost:10880|admin:|client:|dataStream:|priority:0, omNode-2|rpc:localhost:10886|admin:|client:|dataStream:|priority:0], old=null
2021-10-05 01:22:37,622 [grpc-default-executor-14] INFO  server.RaftServer$Division (RaftServerImpl.java:requestVote(1043)) - omNode-3@group-523986131536: receive requestVote(ELECTION, omNode-2, group-523986131536, 12, (t:9, i:34))
2021-10-05 01:22:37,622 [grpc-default-executor-14] INFO  impl.VoteContext (VoteContext.java:log(48)) - omNode-3@group-523986131536-FOLLOWER: accept ELECTION from omNode-2: our priority 0 <= candidate's priority 0
2021-10-05 01:22:37,622 [grpc-default-executor-14] INFO  server.RaftServer$Division (RaftServerImpl.java:setRole(285)) - omNode-3@group-523986131536: changes role from  FOLLOWER to FOLLOWER at term 12 for candidate:omNode-2
2021-10-05 01:22:37,622 [grpc-default-executor-14] INFO  impl.RoleInfo (RoleInfo.java:shutdownFollowerState(108)) - omNode-3: shutdown omNode-3@group-523986131536-FollowerState
2021-10-05 01:22:37,622 [grpc-default-executor-14] INFO  impl.RoleInfo (RoleInfo.java:updateAndGet(130)) - omNode-3: start omNode-3@group-523986131536-FollowerState
2021-10-05 01:22:37,623 [omNode-3@group-523986131536-FollowerState] INFO  impl.FollowerState (FollowerState.java:run(143)) - omNode-3@group-523986131536-FollowerState was interrupted: {}
java.lang.InterruptedException: sleep interrupted
	at java.lang.Thread.sleep(Native Method)
	at java.lang.Thread.sleep(Thread.java:340)
	at java.util.concurrent.TimeUnit.sleep(TimeUnit.java:386)
	at org.apache.ratis.util.TimeDuration.sleep(TimeDuration.java:324)
	at org.apache.ratis.util.TimeDuration.sleep(TimeDuration.java:309)
	at org.apache.ratis.server.impl.FollowerState.run(FollowerState.java:118)
2021-10-05 01:22:37,633 [omNode-2@group-523986131536-LeaderElection21] INFO  impl.LeaderElection (LogUtils.java:infoOrTrace(137)) - omNode-2@group-523986131536-LeaderElection21 got exception when requesting votes: java.util.concurrent.ExecutionException: org.apache.ratis.thirdparty.io.grpc.StatusRuntimeException: UNAVAILABLE: io exception
2021-10-05 01:22:37,633 [grpc-default-executor-14] INFO  server.RaftServer$Division (RaftServerImpl.java:requestVote(1075)) - omNode-3@group-523986131536 replies to ELECTION vote request: omNode-2<-omNode-3#0:OK-t12. Peer's state: omNode-3@group-523986131536:t12, leader=null, voted=omNode-2, raftlog=omNode-3@group-523986131536-SegmentedRaftLog:OPENED:c34,f34,i34, conf=31: [omNode-3|rpc:localhost:10892|admin:|client:|dataStream:|priority:0, omNode-1|rpc:localhost:10880|admin:|client:|dataStream:|priority:0, omNode-2|rpc:localhost:10886|admin:|client:|dataStream:|priority:0], old=null
2021-10-05 01:22:37,635 [omNode-2@group-523986131536-LeaderElection21] INFO  impl.LeaderElection (LeaderElection.java:logAndReturn(89)) - omNode-2@group-523986131536-LeaderElection21: ELECTION PASSED received 1 response(s) and 1 exception(s):
2021-10-05 01:22:37,635 [omNode-2@group-523986131536-LeaderElection21] INFO  impl.LeaderElection (LeaderElection.java:logAndReturn(93)) -   Response 0: omNode-2<-omNode-3#0:OK-t12
2021-10-05 01:22:37,635 [omNode-2@group-523986131536-LeaderElection21] INFO  impl.LeaderElection (LogUtils.java:infoOrTrace(137)) -   Exception 1: java.util.concurrent.ExecutionException: org.apache.ratis.thirdparty.io.grpc.StatusRuntimeException: UNAVAILABLE: io exception
2021-10-05 01:22:37,635 [omNode-2@group-523986131536-LeaderElection21] INFO  impl.LeaderElection (LeaderElection.java:askForVotes(308)) - omNode-2@group-523986131536-LeaderElection21 ELECTION round 0: result PASSED
2021-10-05 01:22:37,635 [omNode-2@group-523986131536-LeaderElection21] INFO  impl.RoleInfo (RoleInfo.java:shutdownLeaderElection(121)) - omNode-2: shutdown omNode-2@group-523986131536-LeaderElection21
2021-10-05 01:22:37,635 [omNode-2@group-523986131536-LeaderElection21] INFO  server.RaftServer$Division (RaftServerImpl.java:setRole(285)) - omNode-2@group-523986131536: changes role from CANDIDATE to LEADER at term 12 for changeToLeader
2021-10-05 01:22:37,636 [omNode-2@group-523986131536-LeaderElection21] INFO  server.RaftServer$Division (ServerState.java:setLeader(285)) - omNode-2@group-523986131536: change Leader from null to omNode-2 at term 12 for becomeLeader, leader elected after 2093ms
2021-10-05 01:22:37,636 [omNode-2@group-523986131536-LeaderElection21] INFO  server.RaftServerConfigKeys (ConfUtils.java:logGet(44)) - raft.server.staging.catchup.gap = 1000 (default)
2021-10-05 01:22:37,636 [omNode-2@group-523986131536-LeaderElection21] INFO  server.RaftServerConfigKeys (ConfUtils.java:logGet(44)) - raft.server.write.element-limit = 4096 (default)
2021-10-05 01:22:37,636 [omNode-2@group-523986131536-LeaderElection21] INFO  server.RaftServerConfigKeys (ConfUtils.java:logGet(44)) - raft.server.write.byte-limit = 64MB (=67108864) (default)
2021-10-05 01:22:37,636 [omNode-2@group-523986131536-LeaderElection21] INFO  server.RaftServerConfigKeys (ConfUtils.java:logGet(44)) - raft.server.watch.timeout = 10s (default)
2021-10-05 01:22:37,636 [omNode-2@group-523986131536-LeaderElection21] INFO  server.RaftServerConfigKeys (ConfUtils.java:logGet(44)) - raft.server.watch.timeout.denomination = 1s (default)
2021-10-05 01:22:37,636 [omNode-2@group-523986131536-LeaderElection21] INFO  server.RaftServerConfigKeys (ConfUtils.java:logGet(44)) - raft.server.watch.element-limit = 65536 (default)
2021-10-05 01:22:37,637 [omNode-2@group-523986131536-LeaderElection21] INFO  server.RaftServerConfigKeys (ConfUtils.java:logGet(44)) - raft.server.log.appender.snapshot.chunk.size.max = 16MB (=16777216) (default)
2021-10-05 01:22:37,637 [omNode-2@group-523986131536-LeaderElection21] INFO  server.RaftServerConfigKeys (ConfUtils.java:logGet(44)) - raft.server.log.appender.buffer.byte-limit = 33554432 (custom)
2021-10-05 01:22:37,637 [omNode-2@group-523986131536-LeaderElection21] INFO  server.RaftServerConfigKeys (ConfUtils.java:logGet(44)) - raft.server.log.appender.buffer.element-limit = 1024 (custom)
2021-10-05 01:22:37,637 [omNode-2@group-523986131536-LeaderElection21] INFO  grpc.GrpcConfigKeys (ConfUtils.java:logGet(44)) - raft.grpc.server.leader.outstanding.appends.max = 128 (default)
2021-10-05 01:22:37,637 [omNode-2@group-523986131536-LeaderElection21] INFO  server.RaftServerConfigKeys (ConfUtils.java:logGet(44)) - raft.server.rpc.request.timeout = 3000ms (default)
2021-10-05 01:22:37,637 [omNode-2@group-523986131536-LeaderElection21] INFO  server.RaftServerConfigKeys (ConfUtils.java:logGet(44)) - raft.server.log.appender.install.snapshot.enabled = false (custom)
2021-10-05 01:22:37,638 [omNode-2@group-523986131536-LeaderElection21] INFO  server.RaftServerConfigKeys (ConfUtils.java:logGet(44)) - raft.server.log.appender.snapshot.chunk.size.max = 16MB (=16777216) (default)
2021-10-05 01:22:37,638 [omNode-2@group-523986131536-LeaderElection21] INFO  server.RaftServerConfigKeys (ConfUtils.java:logGet(44)) - raft.server.log.appender.buffer.byte-limit = 33554432 (custom)
2021-10-05 01:22:37,638 [omNode-2@group-523986131536-LeaderElection21] INFO  server.RaftServerConfigKeys (ConfUtils.java:logGet(44)) - raft.server.log.appender.buffer.element-limit = 1024 (custom)
2021-10-05 01:22:37,639 [omNode-2@group-523986131536-LeaderElection21] INFO  grpc.GrpcConfigKeys (ConfUtils.java:logGet(44)) - raft.grpc.server.leader.outstanding.appends.max = 128 (default)
2021-10-05 01:22:37,639 [omNode-2@group-523986131536-LeaderElection21] INFO  server.RaftServerConfigKeys (ConfUtils.java:logGet(44)) - raft.server.rpc.request.timeout = 3000ms (default)
2021-10-05 01:22:37,639 [omNode-2@group-523986131536-LeaderElection21] INFO  server.RaftServerConfigKeys (ConfUtils.java:logGet(44)) - raft.server.log.appender.install.snapshot.enabled = false (custom)
2021-10-05 01:22:37,640 [omNode-2@group-523986131536-LeaderElection21] INFO  impl.RoleInfo (RoleInfo.java:updateAndGet(130)) - omNode-2: start omNode-2@group-523986131536-LeaderStateImpl
2021-10-05 01:22:37,640 [omNode-2@group-523986131536-LeaderElection21] INFO  segmented.SegmentedRaftLogWorker (SegmentedRaftLogWorker.java:rollLogSegment(399)) - omNode-2@group-523986131536-SegmentedRaftLogWorker: Rolling segment log-31_34 to index:34
2021-10-05 01:22:37,641 [omNode-2@group-523986131536-SegmentedRaftLogWorker] INFO  segmented.SegmentedRaftLogWorker (SegmentedRaftLogWorker.java:execute(558)) - omNode-2@group-523986131536-SegmentedRaftLogWorker: Rolled log segment from /home/runner/work/ozone/ozone/hadoop-ozone/integration-test/target/test-dir/MiniOzoneClusterImpl-46302e84-7680-4986-b584-895fe31d4053/omNode-2/ratis/c9bc4cf4-3bc3-3c60-a66b-523986131536/current/log_inprogress_31 to /home/runner/work/ozone/ozone/hadoop-ozone/integration-test/target/test-dir/MiniOzoneClusterImpl-46302e84-7680-4986-b584-895fe31d4053/omNode-2/ratis/c9bc4cf4-3bc3-3c60-a66b-523986131536/current/log_31-34
2021-10-05 01:22:37,643 [omNode-2@group-523986131536-LeaderElection21] INFO  server.RaftServer$Division (ServerState.java:setRaftConf(387)) - omNode-2@group-523986131536: set configuration 35: [omNode-3|rpc:localhost:10892|admin:|client:|dataStream:|priority:0, omNode-1|rpc:localhost:10880|admin:|client:|dataStream:|priority:0, omNode-2|rpc:localhost:10886|admin:|client:|dataStream:|priority:0], old=null
2021-10-05 01:22:37,651 [grpc-default-executor-15] WARN  server.GrpcLogAppender (LogUtils.java:warn(122)) - omNode-2@group-523986131536->omNode-1-AppendLogResponseHandler: Failed appendEntries: org.apache.ratis.thirdparty.io.grpc.StatusRuntimeException: UNAVAILABLE: io exception
2021-10-05 01:22:37,652 [grpc-default-executor-15] WARN  server.GrpcLogAppender (GrpcLogAppender.java:resetClient(111)) - omNode-2@group-523986131536->omNode-1-GrpcLogAppender: Leader has not got in touch with Follower omNode-2@group-523986131536->omNode-1(c-1,m0,n36, attendVote=true, lastRpcSendTime=1, lastRpcResponseTime=1215) yet, just keep nextIndex unchanged and retry.
2021-10-05 01:22:37,642 [grpc-default-executor-14] INFO  server.RaftServer$Division (ServerState.java:setLeader(285)) - omNode-3@group-523986131536: change Leader from null to omNode-2 at term 12 for appendEntries, leader elected after 124ms
2021-10-05 01:22:37,658 [grpc-default-executor-14] INFO  server.RaftServer$Division (ServerState.java:setRaftConf(387)) - omNode-3@group-523986131536: set configuration 35: [omNode-3|rpc:localhost:10892|admin:|client:|dataStream:|priority:0, omNode-1|rpc:localhost:10880|admin:|client:|dataStream:|priority:0, omNode-2|rpc:localhost:10886|admin:|client:|dataStream:|priority:0], old=null
2021-10-05 01:22:37,659 [grpc-default-executor-14] INFO  segmented.SegmentedRaftLogWorker (SegmentedRaftLogWorker.java:rollLogSegment(399)) - omNode-3@group-523986131536-SegmentedRaftLogWorker: Rolling segment log-31_34 to index:34
2021-10-05 01:22:37,664 [Listener at localhost/10888] WARN  om.OzoneManager (OzoneManager.java:instantiatePrepareStateOnStartup(4212)) - Prepare marker file index 15 does not match DB prepare index 13. Writing DB index to prepare file and maintaining prepared state.
2021-10-05 01:22:37,665 [Listener at localhost/10888] INFO  om.OzoneManagerPrepareState (OzoneManagerPrepareState.java:writePrepareMarkerFile(262)) - Prepare marker file written with log index 13 to file /home/runner/work/ozone/ozone/hadoop-ozone/integration-test/target/test-dir/MiniOzoneClusterImpl-46302e84-7680-4986-b584-895fe31d4053/omNode-1/current/prepareMarker
2021-10-05 01:22:37,666 [omNode-3@group-523986131536-SegmentedRaftLogWorker] INFO  segmented.SegmentedRaftLogWorker (SegmentedRaftLogWorker.java:execute(558)) - omNode-3@group-523986131536-SegmentedRaftLogWorker: Rolled log segment from /home/runner/work/ozone/ozone/hadoop-ozone/integration-test/target/test-dir/MiniOzoneClusterImpl-46302e84-7680-4986-b584-895fe31d4053/omNode-3/ratis/c9bc4cf4-3bc3-3c60-a66b-523986131536/current/log_inprogress_31 to /home/runner/work/ozone/ozone/hadoop-ozone/integration-test/target/test-dir/MiniOzoneClusterImpl-46302e84-7680-4986-b584-895fe31d4053/omNode-3/ratis/c9bc4cf4-3bc3-3c60-a66b-523986131536/current/log_31-34
2021-10-05 01:22:37,672 [omNode-2@group-523986131536-SegmentedRaftLogWorker] INFO  segmented.SegmentedRaftLogWorker (SegmentedRaftLogWorker.java:execute(601)) - omNode-2@group-523986131536-SegmentedRaftLogWorker: created new log segment /home/runner/work/ozone/ozone/hadoop-ozone/integration-test/target/test-dir/MiniOzoneClusterImpl-46302e84-7680-4986-b584-895fe31d4053/omNode-2/ratis/c9bc4cf4-3bc3-3c60-a66b-523986131536/current/log_inprogress_35
2021-10-05 01:22:37,677 [Listener at localhost/10888] WARN  impl.MetricRegistriesImpl (MetricRegistriesImpl.java:addReporterRegistration(111)) - New reporters are added after registries were created. Some metrics will be missing from the reporter. Please add reporter before adding any new registry.
2021-10-05 01:22:37,681 [Listener at localhost/10888] WARN  impl.MetricRegistriesImpl (MetricRegistriesImpl.java:addReporterRegistration(111)) - New reporters are added after registries were created. Some metrics will be missing from the reporter. Please add reporter before adding any new registry.
2021-10-05 01:22:37,681 [omNode-3@group-523986131536-SegmentedRaftLogWorker] INFO  segmented.SegmentedRaftLogWorker (SegmentedRaftLogWorker.java:execute(601)) - omNode-3@group-523986131536-SegmentedRaftLogWorker: created new log segment /home/runner/work/ozone/ozone/hadoop-ozone/integration-test/target/test-dir/MiniOzoneClusterImpl-46302e84-7680-4986-b584-895fe31d4053/omNode-3/ratis/c9bc4cf4-3bc3-3c60-a66b-523986131536/current/log_inprogress_35
2021-10-05 01:22:37,681 [Listener at localhost/10888] WARN  server.ServerUtils (ServerUtils.java:getDefaultRatisDirectory(237)) - Storage directory for Ratis is not configured. It is a good idea to map this to an SSD disk. Falling back to ozone.metadata.dirs
2021-10-05 01:22:37,682 [Listener at localhost/10888] INFO  ratis.OzoneManagerRatisServer (OzoneManagerRatisServer.java:<init>(158)) - Instantiating OM Ratis server with groupID: om-service-test1 and peers: localhost:10880, localhost:10892, localhost:10886
2021-10-05 01:22:37,682 [Listener at localhost/10888] INFO  ratis.OzoneManagerStateMachine (OzoneManagerStateMachine.java:loadSnapshotInfoFromDB(605)) - LastAppliedIndex is set from TransactionInfo from OM DB as (t:2, i:15)
2021-10-05 01:22:37,683 [Listener at localhost/10888] INFO  server.RaftServer (ConfUtils.java:logGet(44)) - raft.rpc.type = GRPC (default)
2021-10-05 01:22:37,684 [Listener at localhost/10888] INFO  grpc.GrpcFactory (GrpcFactory.java:checkPooledByteBufAllocatorUseCacheForAllThreads(48)) - PERFORMANCE WARNING: useCacheForAllThreads is true that may cause Netty to create a lot garbage objects and, as a result, trigger GC.
	It is recommended to disable useCacheForAllThreads by setting -Dorg.apache.ratis.thirdparty.io.netty.allocator.useCacheForAllThreads=false in command line.
2021-10-05 01:22:37,684 [Listener at localhost/10888] INFO  grpc.GrpcConfigKeys (ConfUtils.java:logGet(44)) - raft.grpc.admin.port = -1 (default)
2021-10-05 01:22:37,684 [Listener at localhost/10888] INFO  grpc.GrpcConfigKeys (ConfUtils.java:logGet(44)) - raft.grpc.server.port = 10880 (custom)
2021-10-05 01:22:37,684 [Listener at localhost/10888] INFO  grpc.GrpcConfigKeys (ConfUtils.java:logGet(44)) - raft.grpc.client.port = -1 (default)
2021-10-05 01:22:37,684 [Listener at localhost/10888] INFO  grpc.GrpcConfigKeys (ConfUtils.java:logGet(44)) - raft.grpc.server.port = 10880 (custom)
2021-10-05 01:22:37,684 [Listener at localhost/10888] INFO  grpc.GrpcConfigKeys (ConfUtils.java:logGet(44)) - raft.grpc.server.port = 10880 (custom)
2021-10-05 01:22:37,684 [Listener at localhost/10888] INFO  server.GrpcService (ConfUtils.java:logGet(44)) - raft.grpc.message.size.max = 33554432 (custom)
2021-10-05 01:22:37,684 [Listener at localhost/10888] INFO  server.RaftServerConfigKeys (ConfUtils.java:logGet(44)) - raft.server.log.appender.buffer.byte-limit = 33554432 (custom)
2021-10-05 01:22:37,684 [Listener at localhost/10888] INFO  server.GrpcService (ConfUtils.java:logGet(44)) - raft.grpc.flow.control.window = 1MB (=1048576) (default)
2021-10-05 01:22:37,685 [Listener at localhost/10888] INFO  server.RaftServerConfigKeys (ConfUtils.java:logGet(44)) - raft.server.rpc.request.timeout = 3000ms (default)
2021-10-05 01:22:37,692 [Listener at localhost/10888] INFO  impl.DataStreamServerImpl (ConfUtils.java:logGet(44)) - raft.datastream.type = DISABLED (default)
2021-10-05 01:22:37,692 [Listener at localhost/10888] INFO  server.RaftServerConfigKeys (ConfUtils.java:logGet(44)) - raft.server.rpc.slowness.timeout = 2s (custom)
2021-10-05 01:22:37,693 [Listener at localhost/10888] INFO  server.RaftServerConfigKeys (ConfUtils.java:logGet(44)) - raft.server.leaderelection.leader.step-down.wait-time = 10s (default)
2021-10-05 01:22:37,693 [Listener at localhost/10888] INFO  server.RaftServerConfigKeys (ConfUtils.java:logGet(44)) - raft.server.storage.dir = [/home/runner/work/ozone/ozone/hadoop-ozone/integration-test/target/test-dir/MiniOzoneClusterImpl-46302e84-7680-4986-b584-895fe31d4053/omNode-1/ratis] (custom)
2021-10-05 01:22:37,693 [Listener at localhost/10888] INFO  server.RaftServer (RaftServerProxy.java:lambda$null$1(235)) - omNode-1: found a subdirectory /home/runner/work/ozone/ozone/hadoop-ozone/integration-test/target/test-dir/MiniOzoneClusterImpl-46302e84-7680-4986-b584-895fe31d4053/omNode-1/ratis/c9bc4cf4-3bc3-3c60-a66b-523986131536
2021-10-05 01:22:37,693 [Listener at localhost/10888] INFO  server.RaftServer (RaftServerProxy.java:addNew(95)) - omNode-1: addNew group-523986131536:[omNode-3|rpc:localhost:10892|priority:0, omNode-1|rpc:localhost:10880|priority:0, omNode-2|rpc:localhost:10886|priority:0] returns group-523986131536:java.util.concurrent.CompletableFuture@3cc8f279[Not completed]
2021-10-05 01:22:37,693 [Listener at localhost/10888] INFO  om.OzoneManager (OzoneManager.java:initializeRatisServer(1585)) - OzoneManager Ratis server initialized at port 10880
2021-10-05 01:22:37,693 [Listener at localhost/10888] INFO  ratis.OzoneManagerRatisServer (OzoneManagerRatisServer.java:start(516)) - Starting OzoneManagerRatisServer omNode-1 at port 10880
2021-10-05 01:22:37,694 [pool-431-thread-1] INFO  server.RaftServer$Division (RaftServerImpl.java:<init>(181)) - omNode-1: new RaftServerImpl for group-523986131536:[omNode-3|rpc:localhost:10892|priority:0, omNode-1|rpc:localhost:10880|priority:0, omNode-2|rpc:localhost:10886|priority:0] with OzoneManagerStateMachine:uninitialized
2021-10-05 01:22:37,692 [omNode-2@group-523986131536-StateMachineUpdater] INFO  ratis.OzoneManagerStateMachine (OzoneManagerStateMachine.java:notifyConfigurationChanged(188)) - Received Configuration change notification from Ratis. New Peer list:
[id: "omNode-3"
address: "localhost:10892"
, id: "omNode-1"
address: "localhost:10880"
, id: "omNode-2"
address: "localhost:10886"
]
2021-10-05 01:22:37,696 [grpc-default-executor-14] WARN  server.GrpcLogAppender (LogUtils.java:warn(122)) - omNode-2@group-523986131536->omNode-1-AppendLogResponseHandler: Failed appendEntries: org.apache.ratis.thirdparty.io.grpc.StatusRuntimeException: UNAVAILABLE: io exception
2021-10-05 01:22:37,697 [grpc-default-executor-14] WARN  server.GrpcLogAppender (GrpcLogAppender.java:resetClient(111)) - omNode-2@group-523986131536->omNode-1-GrpcLogAppender: Leader has not got in touch with Follower omNode-2@group-523986131536->omNode-1(c-1,m0,n37, attendVote=true, lastRpcSendTime=46, lastRpcResponseTime=1260) yet, just keep nextIndex unchanged and retry.
2021-10-05 01:22:37,701 [pool-431-thread-1] INFO  server.RaftServerConfigKeys (ConfUtils.java:logGet(44)) - raft.server.rpc.timeout.min = 1s (custom)
2021-10-05 01:22:37,701 [pool-431-thread-1] INFO  server.RaftServerConfigKeys (ConfUtils.java:logGet(44)) - raft.server.rpc.timeout.max = 1200ms (custom)
2021-10-05 01:22:37,702 [pool-431-thread-1] INFO  server.RaftServerConfigKeys (ConfUtils.java:logGet(44)) - raft.server.rpc.sleep.time = 25ms (default)
2021-10-05 01:22:37,702 [pool-431-thread-1] INFO  server.RaftServerConfigKeys (ConfUtils.java:logGet(44)) - raft.server.rpc.slowness.timeout = 2s (custom)
2021-10-05 01:22:37,702 [pool-431-thread-1] INFO  server.RaftServerConfigKeys (ConfUtils.java:logGet(44)) - raft.server.leaderelection.leader.step-down.wait-time = 10s (default)
2021-10-05 01:22:37,702 [pool-431-thread-1] INFO  server.RaftServerConfigKeys (ConfUtils.java:logGet(44)) - raft.server.sleep.deviation.threshold = 300ms (default)
2021-10-05 01:22:37,702 [pool-431-thread-1] INFO  server.RaftServerConfigKeys (ConfUtils.java:logGet(44)) - raft.server.log.appender.install.snapshot.enabled = false (custom)
2021-10-05 01:22:37,702 [omNode-3@group-523986131536-StateMachineUpdater] INFO  ratis.OzoneManagerStateMachine (OzoneManagerStateMachine.java:notifyConfigurationChanged(188)) - Received Configuration change notification from Ratis. New Peer list:
[id: "omNode-3"
address: "localhost:10892"
, id: "omNode-1"
address: "localhost:10880"
, id: "omNode-2"
address: "localhost:10886"
]
2021-10-05 01:22:37,702 [pool-431-thread-1] INFO  server.RaftServer$Division (ServerState.java:<init>(105)) - omNode-1@group-523986131536: ConfigurationManager, init=-1: [omNode-3|rpc:localhost:10892|priority:0, omNode-1|rpc:localhost:10880|priority:0, omNode-2|rpc:localhost:10886|priority:0], old=null, confs=<EMPTY_MAP>
2021-10-05 01:22:37,703 [pool-431-thread-1] INFO  server.RaftServerConfigKeys (ConfUtils.java:logGet(44)) - raft.server.storage.dir = [/home/runner/work/ozone/ozone/hadoop-ozone/integration-test/target/test-dir/MiniOzoneClusterImpl-46302e84-7680-4986-b584-895fe31d4053/omNode-1/ratis] (custom)
2021-10-05 01:22:37,703 [pool-431-thread-1] INFO  server.RaftServerConfigKeys (ConfUtils.java:logGet(44)) - raft.server.log.corruption.policy = EXCEPTION (default)
2021-10-05 01:22:37,703 [pool-431-thread-1] INFO  server.RaftServerConfigKeys (ConfUtils.java:logGet(44)) - raft.server.storage.free-space.min = 0MB (=0) (default)
2021-10-05 01:22:37,704 [pool-431-thread-1] INFO  storage.RaftStorageDirectory (RaftStorageDirectoryImpl.java:tryLock(230)) - Lock on /home/runner/work/ozone/ozone/hadoop-ozone/integration-test/target/test-dir/MiniOzoneClusterImpl-46302e84-7680-4986-b584-895fe31d4053/omNode-1/ratis/c9bc4cf4-3bc3-3c60-a66b-523986131536/in_use.lock acquired by nodename 8677@fv-az50-768
2021-10-05 01:22:37,705 [pool-431-thread-1] INFO  storage.RaftStorage (RaftStorageImpl.java:analyzeAndRecoverStorage(110)) - Read RaftStorageMetadata{term=11, votedFor=omNode-1} from /home/runner/work/ozone/ozone/hadoop-ozone/integration-test/target/test-dir/MiniOzoneClusterImpl-46302e84-7680-4986-b584-895fe31d4053/omNode-1/ratis/c9bc4cf4-3bc3-3c60-a66b-523986131536/current/raft-meta
2021-10-05 01:22:37,705 [pool-431-thread-1] INFO  server.RaftServer$Division (ServerState.java:setRaftConf(387)) - omNode-1@group-523986131536: set configuration 31: [omNode-3|rpc:localhost:10892|admin:|client:|dataStream:|priority:0, omNode-1|rpc:localhost:10880|admin:|client:|dataStream:|priority:0, omNode-2|rpc:localhost:10886|admin:|client:|dataStream:|priority:0], old=null
2021-10-05 01:22:37,705 [pool-431-thread-1] INFO  server.RaftServerConfigKeys (ConfUtils.java:logGet(44)) - raft.server.notification.no-leader.timeout = 2s (custom)
2021-10-05 01:22:37,705 [pool-431-thread-1] INFO  server.RaftServerConfigKeys (ConfUtils.java:logGet(44)) - raft.server.log.use.memory = false (default)
2021-10-05 01:22:37,705 [pool-431-thread-1] INFO  server.RaftServerConfigKeys (ConfUtils.java:logGet(44)) - raft.server.log.purge.gap = 50 (custom)
2021-10-05 01:22:37,705 [pool-431-thread-1] INFO  server.RaftServerConfigKeys (ConfUtils.java:logGet(44)) - raft.server.log.appender.buffer.byte-limit = 33554432 (custom)
2021-10-05 01:22:37,706 [pool-431-thread-1] INFO  server.RaftServerConfigKeys (ConfUtils.java:logGet(44)) - raft.server.log.segment.size.max = 4194304 (custom)
2021-10-05 01:22:37,706 [pool-431-thread-1] INFO  server.RaftServerConfigKeys (ConfUtils.java:logGet(44)) - raft.server.log.segment.cache.num.max = 2 (custom)
2021-10-05 01:22:37,706 [pool-431-thread-1] INFO  server.RaftServerConfigKeys (ConfUtils.java:logGet(44)) - raft.server.log.segment.cache.size.max = 200MB (=209715200) (default)
2021-10-05 01:22:37,706 [pool-431-thread-1] INFO  segmented.SegmentedRaftLogWorker (SegmentedRaftLogWorker.java:<init>(182)) - new omNode-1@group-523986131536-SegmentedRaftLogWorker for RaftStorageImpl:Storage Directory /home/runner/work/ozone/ozone/hadoop-ozone/integration-test/target/test-dir/MiniOzoneClusterImpl-46302e84-7680-4986-b584-895fe31d4053/omNode-1/ratis/c9bc4cf4-3bc3-3c60-a66b-523986131536
2021-10-05 01:22:37,706 [pool-431-thread-1] INFO  server.RaftServerConfigKeys (ConfUtils.java:logGet(44)) - raft.server.log.queue.byte-limit = 64MB (=67108864) (default)
2021-10-05 01:22:37,706 [pool-431-thread-1] INFO  server.RaftServerConfigKeys (ConfUtils.java:logGet(44)) - raft.server.log.queue.element-limit = 4096 (default)
2021-10-05 01:22:37,706 [pool-431-thread-1] INFO  server.RaftServerConfigKeys (ConfUtils.java:logGet(44)) - raft.server.log.segment.size.max = 4194304 (custom)
2021-10-05 01:22:37,707 [pool-431-thread-1] INFO  server.RaftServerConfigKeys (ConfUtils.java:logGet(44)) - raft.server.log.preallocated.size = 4194304 (custom)
2021-10-05 01:22:37,707 [pool-431-thread-1] INFO  server.RaftServerConfigKeys (ConfUtils.java:logGet(44)) - raft.server.log.force.sync.num = 128 (default)
2021-10-05 01:22:37,707 [pool-431-thread-1] INFO  server.RaftServerConfigKeys (ConfUtils.java:logGet(44)) - raft.server.log.statemachine.data.sync = true (default)
2021-10-05 01:22:37,707 [pool-431-thread-1] INFO  server.RaftServerConfigKeys (ConfUtils.java:logGet(44)) - raft.server.log.statemachine.data.sync.timeout = 10s (default)
2021-10-05 01:22:37,707 [pool-431-thread-1] INFO  server.RaftServerConfigKeys (ConfUtils.java:logGet(44)) - raft.server.log.statemachine.data.sync.timeout.retry = -1 (default)
2021-10-05 01:22:37,708 [pool-431-thread-1] INFO  server.RaftServerConfigKeys (ConfUtils.java:logGet(44)) - raft.server.log.write.buffer.size = 64KB (=65536) (default)
2021-10-05 01:22:37,708 [pool-431-thread-1] INFO  server.RaftServerConfigKeys (ConfUtils.java:logGet(44)) - raft.server.log.statemachine.data.caching.enabled = false (default)
2021-10-05 01:22:37,709 [pool-431-thread-1] INFO  segmented.SegmentedRaftLogWorker (SegmentedRaftLogWorker.java:lambda$new$0(133)) - omNode-1@group-523986131536-SegmentedRaftLogWorker: flushIndex: setUnconditionally 0 -> 15
2021-10-05 01:22:37,709 [pool-431-thread-1] INFO  segmented.SegmentedRaftLogWorker (SegmentedRaftLogWorker.java:lambda$new$0(133)) - omNode-1@group-523986131536-SegmentedRaftLogWorker: safeCacheEvictIndex: setUnconditionally 0 -> -1
2021-10-05 01:22:37,716 [pool-431-thread-1] INFO  server.RaftServerConfigKeys (ConfUtils.java:logGet(44)) - raft.server.snapshot.auto.trigger.enabled = true (custom)
2021-10-05 01:22:37,716 [pool-431-thread-1] INFO  server.RaftServerConfigKeys (ConfUtils.java:logGet(44)) - raft.server.snapshot.auto.trigger.threshold = 50 (custom)
2021-10-05 01:22:37,716 [pool-431-thread-1] INFO  server.RaftServerConfigKeys (ConfUtils.java:logGet(44)) - raft.server.snapshot.retention.file.num = -1 (default)
2021-10-05 01:22:37,717 [pool-431-thread-1] INFO  server.RaftServerConfigKeys (ConfUtils.java:logGet(44)) - raft.server.log.purge.upto.snapshot.index = true (custom)
2021-10-05 01:22:37,717 [pool-431-thread-1] INFO  server.RaftServerConfigKeys (ConfUtils.java:logGet(44)) - raft.server.retrycache.expirytime = 30000ms (custom)
2021-10-05 01:22:37,717 [pool-431-thread-1] INFO  server.RaftServerConfigKeys (ConfUtils.java:logGet(44)) - raft.server.retrycache.statistics.expirytime = 100μs (default)
2021-10-05 01:22:37,719 [Listener at localhost/10888] INFO  server.RaftServer$Division (RaftServerImpl.java:start(296)) - omNode-1@group-523986131536: start as a follower, conf=31: [omNode-3|rpc:localhost:10892|admin:|client:|dataStream:|priority:0, omNode-1|rpc:localhost:10880|admin:|client:|dataStream:|priority:0, omNode-2|rpc:localhost:10886|admin:|client:|dataStream:|priority:0], old=null
2021-10-05 01:22:37,719 [Listener at localhost/10888] INFO  server.RaftServer$Division (RaftServerImpl.java:setRole(285)) - omNode-1@group-523986131536: changes role from      null to FOLLOWER at term 11 for startAsFollower
2021-10-05 01:22:37,719 [Listener at localhost/10888] INFO  impl.RoleInfo (RoleInfo.java:updateAndGet(130)) - omNode-1: start omNode-1@group-523986131536-FollowerState
2021-10-05 01:22:37,720 [Listener at localhost/10888] INFO  util.JmxRegister (JmxRegister.java:tryRegister(44)) - Successfully registered JMX Bean with object name Ratis:service=RaftServer,group=group-523986131536,id=omNode-1
2021-10-05 01:22:37,720 [Listener at localhost/10888] INFO  server.RaftServer (RaftServerProxy.java:lambda$start$5(374)) - omNode-1: start RPC server
2021-10-05 01:22:37,721 [Listener at localhost/10888] INFO  server.GrpcService (GrpcService.java:startImpl(253)) - omNode-1: GrpcService started, listening on 10880
2021-10-05 01:22:37,721 [Listener at localhost/10888] INFO  ipc.CallQueueManager (CallQueueManager.java:<init>(90)) - Using callQueue: class java.util.concurrent.LinkedBlockingQueue, queueCapacity: 2000, scheduler: class org.apache.hadoop.ipc.DefaultRpcScheduler, ipcBackoff: false.
2021-10-05 01:22:37,723 [org.apache.ratis.util.JvmPauseMonitor$$Lambda$523/848064357@71aa39a6] INFO  util.JvmPauseMonitor (JvmPauseMonitor.java:run(103)) - JvmPauseMonitor-omNode-1: Started
2021-10-05 01:22:37,723 [Socket Reader #1 for port 10876] INFO  ipc.Server (Server.java:run(1265)) - Starting Socket Reader #1 for port 10876
2021-10-05 01:22:37,730 [Listener at localhost/10876] INFO  http.BaseHttpServer (BaseHttpServer.java:newHttpServer2BuilderForOzone(209)) - Starting Web-server for ozoneManager at: http://0.0.0.0:10878
2021-10-05 01:22:37,730 [Listener at localhost/10876] INFO  http.BaseHttpServer (BaseHttpServer.java:<init>(107)) - Hadoop Security Enabled: false Ozone Security Enabled: false Ozone HTTP Security Enabled: false 
2021-10-05 01:22:37,731 [Listener at localhost/10876] INFO  server.AuthenticationFilter (AuthenticationFilter.java:constructSecretProvider(240)) - Unable to initialize FileSignerSecretProvider, falling back to use random secrets.
2021-10-05 01:22:37,736 [Listener at localhost/10876] WARN  http.HttpRequestLog (HttpRequestLog.java:getRequestLog(103)) - Jetty request log can only be enabled using Log4j
2021-10-05 01:22:37,737 [Listener at localhost/10876] INFO  http.HttpServer2 (HttpServer2.java:addGlobalFilter(1030)) - Added global filter 'safety' (class=org.apache.hadoop.hdds.server.http.HttpServer2$QuotingInputFilter)
2021-10-05 01:22:37,737 [Listener at localhost/10876] INFO  http.HttpServer2 (HttpServer2.java:addFilter(1006)) - Added filter static_user_filter (class=org.apache.hadoop.http.lib.StaticUserWebFilter$StaticUserFilter) to context ozoneManager
2021-10-05 01:22:37,737 [Listener at localhost/10876] INFO  http.HttpServer2 (HttpServer2.java:addFilter(1014)) - Added filter static_user_filter (class=org.apache.hadoop.http.lib.StaticUserWebFilter$StaticUserFilter) to context static
2021-10-05 01:22:37,737 [Listener at localhost/10876] INFO  http.HttpServer2 (HttpServer2.java:addFilter(1014)) - Added filter static_user_filter (class=org.apache.hadoop.http.lib.StaticUserWebFilter$StaticUserFilter) to context logs
2021-10-05 01:22:37,738 [Listener at localhost/10876] INFO  http.HttpServer2 (HttpServer2.java:bindListener(1249)) - Jetty bound to port 10878
2021-10-05 01:22:37,738 [Listener at localhost/10876] INFO  server.Server (Server.java:doStart(375)) - jetty-9.4.43.v20210629; built: 2021-06-30T11:07:22.254Z; git: 526006ecfa3af7f1a27ef3a288e2bef7ea9dd7e8; jvm 1.8.0_292-b10
2021-10-05 01:22:37,773 [Listener at localhost/10876] INFO  server.session (DefaultSessionIdManager.java:doStart(334)) - DefaultSessionIdManager workerName=node0
2021-10-05 01:22:37,773 [Listener at localhost/10876] INFO  server.session (DefaultSessionIdManager.java:doStart(339)) - No SessionScavenger set, using defaults
2021-10-05 01:22:37,774 [Listener at localhost/10876] INFO  server.session (HouseKeeper.java:startScavenging(132)) - node0 Scavenging every 660000ms
2021-10-05 01:22:37,777 [Listener at localhost/10876] INFO  handler.ContextHandler (ContextHandler.java:doStart(915)) - Started o.e.j.s.ServletContextHandler@3f70018a{logs,/logs,file:///home/runner/work/ozone/ozone/hadoop-ozone/integration-test/target/log,AVAILABLE}
2021-10-05 01:22:37,777 [Listener at localhost/10876] INFO  handler.ContextHandler (ContextHandler.java:doStart(915)) - Started o.e.j.s.ServletContextHandler@2466d872{static,/static,file:///home/runner/work/ozone/ozone/hadoop-ozone/integration-test/target/test-classes/webapps/static,AVAILABLE}
2021-10-05 01:22:37,780 [Listener at localhost/10876] INFO  handler.ContextHandler (ContextHandler.java:doStart(915)) - Started o.e.j.w.WebAppContext@69003e9f{ozoneManager,/,file:///home/runner/work/ozone/ozone/hadoop-ozone/integration-test/target/test-classes/webapps/ozoneManager/,AVAILABLE}{file:/home/runner/work/ozone/ozone/hadoop-ozone/integration-test/target/test-classes/webapps/ozoneManager}
2021-10-05 01:22:37,781 [Listener at localhost/10876] INFO  server.AbstractConnector (AbstractConnector.java:doStart(331)) - Started ServerConnector@1c75cc12{HTTP/1.1, (http/1.1)}{0.0.0.0:10878}
2021-10-05 01:22:37,782 [Listener at localhost/10876] INFO  server.Server (Server.java:doStart(415)) - Started @531159ms
2021-10-05 01:22:37,782 [Listener at localhost/10876] WARN  impl.MetricsSystemImpl (MetricsSystemImpl.java:register(279)) - Sink prometheus already exists!
2021-10-05 01:22:37,783 [Listener at localhost/10876] INFO  http.BaseHttpServer (BaseHttpServer.java:updateConnectorAddress(329)) - HTTP server of ozoneManager listening at http://0.0.0.0:10878
2021-10-05 01:22:37,784 [IPC Server Responder] INFO  ipc.Server (Server.java:run(1507)) - IPC Server Responder: starting
2021-10-05 01:22:37,784 [IPC Server listener on 10876] INFO  ipc.Server (Server.java:run(1344)) - IPC Server listener on 10876: starting
2021-10-05 01:22:37,791 [Listener at localhost/10876] INFO  om.OzoneManager (OzoneManager.java:startTrashEmptier(1543)) - Trash Interval set to 0. Files deleted will not move to trash
2021-10-05 01:22:37,791 [Listener at localhost/10876] INFO  om.OzoneManager (OzoneManager.java:stop(1644)) - Stopping Ozone Manager
2021-10-05 01:22:37,893 [Listener at localhost/10876] INFO  ipc.Server (Server.java:stop(3414)) - Stopping server on 10882
2021-10-05 01:22:37,893 [org.apache.hadoop.util.JvmPauseMonitor$Monitor@4dcf8bae] INFO  util.JvmPauseMonitor (JvmPauseMonitor.java:run(188)) - Starting JVM pause monitor
2021-10-05 01:22:37,899 [IPC Server listener on 10882] INFO  ipc.Server (Server.java:run(1376)) - Stopping IPC Server listener on 10882
2021-10-05 01:22:37,899 [IPC Server Responder] INFO  ipc.Server (Server.java:run(1512)) - Stopping IPC Server Responder
2021-10-05 01:22:37,900 [Listener at localhost/10876] INFO  server.RaftServer (RaftServerProxy.java:lambda$close$6(391)) - omNode-2: close
2021-10-05 01:22:37,900 [Listener at localhost/10876] INFO  server.RaftServer$Division (RaftServerImpl.java:lambda$close$4(407)) - omNode-2@group-523986131536: shutdown
2021-10-05 01:22:37,900 [Listener at localhost/10876] INFO  util.JmxRegister (JmxRegister.java:unregister(73)) - Successfully un-registered JMX Bean with object name Ratis:service=RaftServer,group=group-523986131536,id=omNode-2
2021-10-05 01:22:37,900 [Listener at localhost/10876] INFO  impl.RoleInfo (RoleInfo.java:shutdownLeaderState(91)) - omNode-2: shutdown omNode-2@group-523986131536-LeaderStateImpl
2021-10-05 01:22:37,900 [Listener at localhost/10876] INFO  impl.PendingRequests (PendingRequests.java:sendNotLeaderResponses(282)) - omNode-2@group-523986131536-PendingRequests: sendNotLeaderResponses
2021-10-05 01:22:37,901 [omNode-2@group-523986131536->omNode-3-GrpcLogAppender-LogAppenderDaemon] WARN  server.GrpcLogAppender (GrpcLogAppender.java:mayWait(175)) - omNode-2@group-523986131536->omNode-3-GrpcLogAppender: Wait interrupted by java.lang.InterruptedException
2021-10-05 01:22:37,902 [grpc-default-executor-14] INFO  server.GrpcServerProtocolService (GrpcServerProtocolService.java:onCompleted(140)) - omNode-3: Completed APPEND_ENTRIES, lastRequest: omNode-2->omNode-3#2-t12,previous=(t:12, i:35),leaderCommit=35,initializing? true,entries: size=1, first=(t:12, i:36), METADATAENTRY(c:35)
2021-10-05 01:22:37,902 [omNode-2@group-523986131536-StateMachineUpdater] INFO  ratis.OzoneManagerStateMachine (OzoneManagerStateMachine.java:takeSnapshot(417)) - Current Snapshot Index (t:12, i:36)
2021-10-05 01:22:37,903 [omNode-2@group-523986131536-StateMachineUpdater] INFO  impl.StateMachineUpdater (StateMachineUpdater.java:takeSnapshot(281)) - omNode-2@group-523986131536-StateMachineUpdater: Took a snapshot at index 36
2021-10-05 01:22:37,903 [omNode-2@group-523986131536-StateMachineUpdater] INFO  impl.StateMachineUpdater (StateMachineUpdater.java:lambda$new$0(89)) - omNode-2@group-523986131536-StateMachineUpdater: snapshotIndex: updateIncreasingly 30 -> 36
2021-10-05 01:22:37,903 [omNode-2@group-523986131536-StateMachineUpdater] INFO  ratis.OzoneManagerStateMachine (OzoneManagerStateMachine.java:close(471)) - StateMachine has shutdown. Shutdown OzoneManager if not already shutdown.
2021-10-05 01:22:37,902 [Listener at localhost/10876] INFO  impl.StateMachineUpdater (StateMachineUpdater.java:stopAndJoin(149)) - omNode-2@group-523986131536-StateMachineUpdater: set stopIndex = 36
2021-10-05 01:22:37,904 [Listener at localhost/10876] INFO  server.RaftServer$Division (ServerState.java:close(419)) - omNode-2@group-523986131536: closes. applyIndex: 36
2021-10-05 01:22:37,904 [omNode-2@group-523986131536-SegmentedRaftLogWorker] INFO  segmented.SegmentedRaftLogWorker (SegmentedRaftLogWorker.java:run(327)) - omNode-2@group-523986131536-SegmentedRaftLogWorker was interrupted, exiting. There are 0 tasks remaining in the queue.
2021-10-05 01:22:37,904 [grpc-default-executor-15] INFO  server.GrpcLogAppender (GrpcLogAppender.java:onCompleted(344)) - omNode-2@group-523986131536->omNode-3-AppendLogResponseHandler: follower responses appendEntries COMPLETED
2021-10-05 01:22:37,906 [grpc-default-executor-15] INFO  leader.FollowerInfo (FollowerInfoImpl.java:lambda$new$0(46)) - omNode-2@group-523986131536->omNode-3: nextIndex: updateUnconditionally 37 -> 36
2021-10-05 01:22:37,905 [Listener at localhost/10876] INFO  segmented.SegmentedRaftLogWorker (SegmentedRaftLogWorker.java:close(237)) - omNode-2@group-523986131536-SegmentedRaftLogWorker close()
2021-10-05 01:22:37,913 [Listener at localhost/10876] INFO  server.GrpcService (GrpcService.java:closeImpl(262)) - omNode-2: shutdown server with port 10886 now
2021-10-05 01:22:37,916 [Listener at localhost/10876] INFO  server.GrpcService (GrpcService.java:closeImpl(271)) - omNode-2: shutdown server with port 10886 successfully
2021-10-05 01:22:37,916 [org.apache.ratis.util.JvmPauseMonitor$$Lambda$523/848064357@5c1ab198] INFO  util.JvmPauseMonitor (JvmPauseMonitor.java:run(109)) - JvmPauseMonitor-omNode-2: Stopped
2021-10-05 01:22:37,916 [Listener at localhost/10876] INFO  ratis.OzoneManagerDoubleBuffer (OzoneManagerDoubleBuffer.java:stop(437)) - Stopping OMDoubleBuffer flush thread
2021-10-05 01:22:37,916 [OMDoubleBufferFlushThread] INFO  ratis.OzoneManagerDoubleBuffer (OzoneManagerDoubleBuffer.java:flushTransactions(356)) - OMDoubleBuffer flush thread OMDoubleBufferFlushThread is interrupted and will exit. OMDoubleBufferFlushThread
2021-10-05 01:22:37,917 [Listener at localhost/10876] INFO  handler.ContextHandler (ContextHandler.java:doStop(1153)) - Stopped o.e.j.w.WebAppContext@56646286{ozoneManager,/,null,STOPPED}{file:/home/runner/work/ozone/ozone/hadoop-ozone/integration-test/target/test-classes/webapps/ozoneManager}
2021-10-05 01:22:37,919 [Listener at localhost/10876] INFO  server.AbstractConnector (AbstractConnector.java:doStop(381)) - Stopped ServerConnector@3b9c37cc{HTTP/1.1, (http/1.1)}{0.0.0.0:10884}
2021-10-05 01:22:37,920 [Listener at localhost/10876] INFO  server.session (HouseKeeper.java:stopScavenging(149)) - node0 Stopped scavenging
2021-10-05 01:22:37,920 [Listener at localhost/10876] INFO  handler.ContextHandler (ContextHandler.java:doStop(1153)) - Stopped o.e.j.s.ServletContextHandler@ff67e81{static,/static,file:///home/runner/work/ozone/ozone/hadoop-ozone/integration-test/target/test-classes/webapps/static,STOPPED}
2021-10-05 01:22:37,920 [Listener at localhost/10876] INFO  handler.ContextHandler (ContextHandler.java:doStop(1153)) - Stopped o.e.j.s.ServletContextHandler@79ea5a7e{logs,/logs,file:///home/runner/work/ozone/ozone/hadoop-ozone/integration-test/target/log,STOPPED}
2021-10-05 01:22:37,922 [Listener at localhost/10876] INFO  om.OzoneManager (OzoneManager.java:initFSOLayout(4333)) - Configured ozone.om.metadata.layout=SIMPLE and disabled optimized OM FS operations
2021-10-05 01:22:37,923 [Listener at localhost/10876] INFO  om.OzoneManager (OzoneManager.java:restart(1365)) - OzoneManager RPC server is listening at localhost/127.0.0.1:10882
2021-10-05 01:22:37,923 [Listener at localhost/10876] INFO  impl.MetricsSystemImpl (MetricsSystemImpl.java:init(158)) - OzoneManager metrics system started (again)
2021-10-05 01:22:37,948 [Listener at localhost/10876] WARN  server.ServerUtils (ServerUtils.java:getDBPath(225)) - ozone.om.db.dirs is not configured. We recommend adding this setting. Falling back to ozone.metadata.dirs instead.
2021-10-05 01:22:37,949 [Listener at localhost/10876] INFO  codec.OmKeyInfoCodec (OmKeyInfoCodec.java:<init>(51)) - OmKeyInfoCodec ignorePipeline = true
2021-10-05 01:22:37,950 [Listener at localhost/10876] INFO  codec.RepeatedOmKeyInfoCodec (RepeatedOmKeyInfoCodec.java:<init>(42)) - RepeatedOmKeyInfoCodec ignorePipeline = true
2021-10-05 01:22:37,993 [Listener at localhost/10876] WARN  impl.MetricRegistriesImpl (MetricRegistriesImpl.java:addReporterRegistration(111)) - New reporters are added after registries were created. Some metrics will be missing from the reporter. Please add reporter before adding any new registry.
2021-10-05 01:22:37,993 [Listener at localhost/10876] WARN  impl.MetricRegistriesImpl (MetricRegistriesImpl.java:addReporterRegistration(111)) - New reporters are added after registries were created. Some metrics will be missing from the reporter. Please add reporter before adding any new registry.
2021-10-05 01:22:37,993 [Listener at localhost/10876] WARN  server.ServerUtils (ServerUtils.java:getDefaultRatisDirectory(237)) - Storage directory for Ratis is not configured. It is a good idea to map this to an SSD disk. Falling back to ozone.metadata.dirs
2021-10-05 01:22:37,995 [Listener at localhost/10876] INFO  ratis.OzoneManagerRatisServer (OzoneManagerRatisServer.java:<init>(158)) - Instantiating OM Ratis server with groupID: om-service-test1 and peers: localhost:10886, localhost:10892, localhost:10880
2021-10-05 01:22:37,995 [Listener at localhost/10876] INFO  ratis.OzoneManagerStateMachine (OzoneManagerStateMachine.java:loadSnapshotInfoFromDB(605)) - LastAppliedIndex is set from TransactionInfo from OM DB as (t:12, i:36)
2021-10-05 01:22:37,996 [Listener at localhost/10876] INFO  server.RaftServer (ConfUtils.java:logGet(44)) - raft.rpc.type = GRPC (default)
2021-10-05 01:22:37,996 [Listener at localhost/10876] INFO  grpc.GrpcFactory (GrpcFactory.java:checkPooledByteBufAllocatorUseCacheForAllThreads(48)) - PERFORMANCE WARNING: useCacheForAllThreads is true that may cause Netty to create a lot garbage objects and, as a result, trigger GC.
	It is recommended to disable useCacheForAllThreads by setting -Dorg.apache.ratis.thirdparty.io.netty.allocator.useCacheForAllThreads=false in command line.
2021-10-05 01:22:37,996 [Listener at localhost/10876] INFO  grpc.GrpcConfigKeys (ConfUtils.java:logGet(44)) - raft.grpc.admin.port = -1 (default)
2021-10-05 01:22:37,997 [Listener at localhost/10876] INFO  grpc.GrpcConfigKeys (ConfUtils.java:logGet(44)) - raft.grpc.server.port = 10886 (custom)
2021-10-05 01:22:37,997 [Listener at localhost/10876] INFO  grpc.GrpcConfigKeys (ConfUtils.java:logGet(44)) - raft.grpc.client.port = -1 (default)
2021-10-05 01:22:37,997 [Listener at localhost/10876] INFO  grpc.GrpcConfigKeys (ConfUtils.java:logGet(44)) - raft.grpc.server.port = 10886 (custom)
2021-10-05 01:22:37,997 [Listener at localhost/10876] INFO  grpc.GrpcConfigKeys (ConfUtils.java:logGet(44)) - raft.grpc.server.port = 10886 (custom)
2021-10-05 01:22:37,997 [Listener at localhost/10876] INFO  server.GrpcService (ConfUtils.java:logGet(44)) - raft.grpc.message.size.max = 33554432 (custom)
2021-10-05 01:22:37,997 [Listener at localhost/10876] INFO  server.RaftServerConfigKeys (ConfUtils.java:logGet(44)) - raft.server.log.appender.buffer.byte-limit = 33554432 (custom)
2021-10-05 01:22:37,997 [Listener at localhost/10876] INFO  server.GrpcService (ConfUtils.java:logGet(44)) - raft.grpc.flow.control.window = 1MB (=1048576) (default)
2021-10-05 01:22:37,997 [Listener at localhost/10876] INFO  server.RaftServerConfigKeys (ConfUtils.java:logGet(44)) - raft.server.rpc.request.timeout = 3000ms (default)
2021-10-05 01:22:37,999 [Listener at localhost/10876] INFO  impl.DataStreamServerImpl (ConfUtils.java:logGet(44)) - raft.datastream.type = DISABLED (default)
2021-10-05 01:22:37,999 [Listener at localhost/10876] INFO  server.RaftServerConfigKeys (ConfUtils.java:logGet(44)) - raft.server.rpc.slowness.timeout = 2s (custom)
2021-10-05 01:22:37,999 [Listener at localhost/10876] INFO  server.RaftServerConfigKeys (ConfUtils.java:logGet(44)) - raft.server.leaderelection.leader.step-down.wait-time = 10s (default)
2021-10-05 01:22:37,999 [Listener at localhost/10876] INFO  server.RaftServerConfigKeys (ConfUtils.java:logGet(44)) - raft.server.storage.dir = [/home/runner/work/ozone/ozone/hadoop-ozone/integration-test/target/test-dir/MiniOzoneClusterImpl-46302e84-7680-4986-b584-895fe31d4053/omNode-2/ratis] (custom)
2021-10-05 01:22:37,999 [Listener at localhost/10876] INFO  server.RaftServer (RaftServerProxy.java:lambda$null$1(235)) - omNode-2: found a subdirectory /home/runner/work/ozone/ozone/hadoop-ozone/integration-test/target/test-dir/MiniOzoneClusterImpl-46302e84-7680-4986-b584-895fe31d4053/omNode-2/ratis/c9bc4cf4-3bc3-3c60-a66b-523986131536
2021-10-05 01:22:38,000 [Listener at localhost/10876] INFO  server.RaftServer (RaftServerProxy.java:addNew(95)) - omNode-2: addNew group-523986131536:[omNode-3|rpc:localhost:10892|priority:0, omNode-1|rpc:localhost:10880|priority:0, omNode-2|rpc:localhost:10886|priority:0] returns group-523986131536:java.util.concurrent.CompletableFuture@21aba7f9[Not completed]
2021-10-05 01:22:38,000 [Listener at localhost/10876] INFO  om.OzoneManager (OzoneManager.java:initializeRatisServer(1585)) - OzoneManager Ratis server initialized at port 10886
2021-10-05 01:22:38,000 [Listener at localhost/10876] INFO  ratis.OzoneManagerRatisServer (OzoneManagerRatisServer.java:start(516)) - Starting OzoneManagerRatisServer omNode-2 at port 10886
2021-10-05 01:22:38,000 [pool-451-thread-1] INFO  server.RaftServer$Division (RaftServerImpl.java:<init>(181)) - omNode-2: new RaftServerImpl for group-523986131536:[omNode-3|rpc:localhost:10892|priority:0, omNode-1|rpc:localhost:10880|priority:0, omNode-2|rpc:localhost:10886|priority:0] with OzoneManagerStateMachine:uninitialized
2021-10-05 01:22:38,001 [pool-451-thread-1] INFO  server.RaftServerConfigKeys (ConfUtils.java:logGet(44)) - raft.server.rpc.timeout.min = 1s (custom)
2021-10-05 01:22:38,001 [pool-451-thread-1] INFO  server.RaftServerConfigKeys (ConfUtils.java:logGet(44)) - raft.server.rpc.timeout.max = 1200ms (custom)
2021-10-05 01:22:38,001 [pool-451-thread-1] INFO  server.RaftServerConfigKeys (ConfUtils.java:logGet(44)) - raft.server.rpc.sleep.time = 25ms (default)
2021-10-05 01:22:38,001 [pool-451-thread-1] INFO  server.RaftServerConfigKeys (ConfUtils.java:logGet(44)) - raft.server.rpc.slowness.timeout = 2s (custom)
2021-10-05 01:22:38,001 [pool-451-thread-1] INFO  server.RaftServerConfigKeys (ConfUtils.java:logGet(44)) - raft.server.leaderelection.leader.step-down.wait-time = 10s (default)
2021-10-05 01:22:38,001 [pool-451-thread-1] INFO  server.RaftServerConfigKeys (ConfUtils.java:logGet(44)) - raft.server.sleep.deviation.threshold = 300ms (default)
2021-10-05 01:22:38,001 [pool-451-thread-1] INFO  server.RaftServerConfigKeys (ConfUtils.java:logGet(44)) - raft.server.log.appender.install.snapshot.enabled = false (custom)
2021-10-05 01:22:38,001 [pool-451-thread-1] INFO  server.RaftServer$Division (ServerState.java:<init>(105)) - omNode-2@group-523986131536: ConfigurationManager, init=-1: [omNode-3|rpc:localhost:10892|priority:0, omNode-1|rpc:localhost:10880|priority:0, omNode-2|rpc:localhost:10886|priority:0], old=null, confs=<EMPTY_MAP>
2021-10-05 01:22:38,002 [pool-451-thread-1] INFO  server.RaftServerConfigKeys (ConfUtils.java:logGet(44)) - raft.server.storage.dir = [/home/runner/work/ozone/ozone/hadoop-ozone/integration-test/target/test-dir/MiniOzoneClusterImpl-46302e84-7680-4986-b584-895fe31d4053/omNode-2/ratis] (custom)
2021-10-05 01:22:38,002 [pool-451-thread-1] INFO  server.RaftServerConfigKeys (ConfUtils.java:logGet(44)) - raft.server.log.corruption.policy = EXCEPTION (default)
2021-10-05 01:22:38,002 [pool-451-thread-1] INFO  server.RaftServerConfigKeys (ConfUtils.java:logGet(44)) - raft.server.storage.free-space.min = 0MB (=0) (default)
2021-10-05 01:22:38,003 [pool-451-thread-1] INFO  storage.RaftStorageDirectory (RaftStorageDirectoryImpl.java:tryLock(230)) - Lock on /home/runner/work/ozone/ozone/hadoop-ozone/integration-test/target/test-dir/MiniOzoneClusterImpl-46302e84-7680-4986-b584-895fe31d4053/omNode-2/ratis/c9bc4cf4-3bc3-3c60-a66b-523986131536/in_use.lock acquired by nodename 8677@fv-az50-768
2021-10-05 01:22:38,003 [pool-451-thread-1] INFO  storage.RaftStorage (RaftStorageImpl.java:analyzeAndRecoverStorage(110)) - Read RaftStorageMetadata{term=12, votedFor=omNode-2} from /home/runner/work/ozone/ozone/hadoop-ozone/integration-test/target/test-dir/MiniOzoneClusterImpl-46302e84-7680-4986-b584-895fe31d4053/omNode-2/ratis/c9bc4cf4-3bc3-3c60-a66b-523986131536/current/raft-meta
2021-10-05 01:22:38,004 [pool-451-thread-1] INFO  server.RaftServer$Division (ServerState.java:setRaftConf(387)) - omNode-2@group-523986131536: set configuration 35: [omNode-3|rpc:localhost:10892|admin:|client:|dataStream:|priority:0, omNode-1|rpc:localhost:10880|admin:|client:|dataStream:|priority:0, omNode-2|rpc:localhost:10886|admin:|client:|dataStream:|priority:0], old=null
2021-10-05 01:22:38,004 [pool-451-thread-1] INFO  server.RaftServerConfigKeys (ConfUtils.java:logGet(44)) - raft.server.notification.no-leader.timeout = 2s (custom)
2021-10-05 01:22:38,004 [pool-451-thread-1] INFO  server.RaftServerConfigKeys (ConfUtils.java:logGet(44)) - raft.server.log.use.memory = false (default)
2021-10-05 01:22:38,004 [pool-451-thread-1] INFO  server.RaftServerConfigKeys (ConfUtils.java:logGet(44)) - raft.server.log.purge.gap = 50 (custom)
2021-10-05 01:22:38,004 [pool-451-thread-1] INFO  server.RaftServerConfigKeys (ConfUtils.java:logGet(44)) - raft.server.log.appender.buffer.byte-limit = 33554432 (custom)
2021-10-05 01:22:38,004 [pool-451-thread-1] INFO  server.RaftServerConfigKeys (ConfUtils.java:logGet(44)) - raft.server.log.segment.size.max = 4194304 (custom)
2021-10-05 01:22:38,005 [pool-451-thread-1] INFO  server.RaftServerConfigKeys (ConfUtils.java:logGet(44)) - raft.server.log.segment.cache.num.max = 2 (custom)
2021-10-05 01:22:38,005 [pool-451-thread-1] INFO  server.RaftServerConfigKeys (ConfUtils.java:logGet(44)) - raft.server.log.segment.cache.size.max = 200MB (=209715200) (default)
2021-10-05 01:22:38,005 [pool-451-thread-1] INFO  segmented.SegmentedRaftLogWorker (SegmentedRaftLogWorker.java:<init>(182)) - new omNode-2@group-523986131536-SegmentedRaftLogWorker for RaftStorageImpl:Storage Directory /home/runner/work/ozone/ozone/hadoop-ozone/integration-test/target/test-dir/MiniOzoneClusterImpl-46302e84-7680-4986-b584-895fe31d4053/omNode-2/ratis/c9bc4cf4-3bc3-3c60-a66b-523986131536
2021-10-05 01:22:38,005 [pool-451-thread-1] INFO  server.RaftServerConfigKeys (ConfUtils.java:logGet(44)) - raft.server.log.queue.byte-limit = 64MB (=67108864) (default)
2021-10-05 01:22:38,005 [pool-451-thread-1] INFO  server.RaftServerConfigKeys (ConfUtils.java:logGet(44)) - raft.server.log.queue.element-limit = 4096 (default)
2021-10-05 01:22:38,005 [pool-451-thread-1] INFO  server.RaftServerConfigKeys (ConfUtils.java:logGet(44)) - raft.server.log.segment.size.max = 4194304 (custom)
2021-10-05 01:22:38,005 [pool-451-thread-1] INFO  server.RaftServerConfigKeys (ConfUtils.java:logGet(44)) - raft.server.log.preallocated.size = 4194304 (custom)
2021-10-05 01:22:38,005 [pool-451-thread-1] INFO  server.RaftServerConfigKeys (ConfUtils.java:logGet(44)) - raft.server.log.force.sync.num = 128 (default)
2021-10-05 01:22:38,005 [pool-451-thread-1] INFO  server.RaftServerConfigKeys (ConfUtils.java:logGet(44)) - raft.server.log.statemachine.data.sync = true (default)
2021-10-05 01:22:38,005 [pool-451-thread-1] INFO  server.RaftServerConfigKeys (ConfUtils.java:logGet(44)) - raft.server.log.statemachine.data.sync.timeout = 10s (default)
2021-10-05 01:22:38,006 [pool-451-thread-1] INFO  server.RaftServerConfigKeys (ConfUtils.java:logGet(44)) - raft.server.log.statemachine.data.sync.timeout.retry = -1 (default)
2021-10-05 01:22:38,006 [pool-451-thread-1] INFO  server.RaftServerConfigKeys (ConfUtils.java:logGet(44)) - raft.server.log.write.buffer.size = 64KB (=65536) (default)
2021-10-05 01:22:38,007 [pool-451-thread-1] INFO  server.RaftServerConfigKeys (ConfUtils.java:logGet(44)) - raft.server.log.statemachine.data.caching.enabled = false (default)
2021-10-05 01:22:38,008 [pool-451-thread-1] INFO  server.RaftServer$Division (ServerState.java:setRaftConf(387)) - omNode-2@group-523986131536: set configuration 16: [omNode-3|rpc:localhost:10892|admin:|client:|dataStream:|priority:0, omNode-1|rpc:localhost:10880|admin:|client:|dataStream:|priority:0, omNode-2|rpc:localhost:10886|admin:|client:|dataStream:|priority:0], old=null
2021-10-05 01:22:38,008 [pool-451-thread-1] INFO  segmented.LogSegment (LogSegment.java:loadSegment(173)) - Successfully read 2 entries from segment file /home/runner/work/ozone/ozone/hadoop-ozone/integration-test/target/test-dir/MiniOzoneClusterImpl-46302e84-7680-4986-b584-895fe31d4053/omNode-2/ratis/c9bc4cf4-3bc3-3c60-a66b-523986131536/current/log_16-17
2021-10-05 01:22:38,008 [pool-451-thread-1] INFO  server.RaftServer$Division (ServerState.java:setRaftConf(387)) - omNode-2@group-523986131536: set configuration 18: [omNode-3|rpc:localhost:10892|admin:|client:|dataStream:|priority:0, omNode-1|rpc:localhost:10880|admin:|client:|dataStream:|priority:0, omNode-2|rpc:localhost:10886|admin:|client:|dataStream:|priority:0], old=null
2021-10-05 01:22:38,008 [pool-451-thread-1] INFO  segmented.LogSegment (LogSegment.java:loadSegment(173)) - Successfully read 4 entries from segment file /home/runner/work/ozone/ozone/hadoop-ozone/integration-test/target/test-dir/MiniOzoneClusterImpl-46302e84-7680-4986-b584-895fe31d4053/omNode-2/ratis/c9bc4cf4-3bc3-3c60-a66b-523986131536/current/log_18-21
2021-10-05 01:22:38,008 [pool-451-thread-1] INFO  server.RaftServer$Division (ServerState.java:setRaftConf(387)) - omNode-2@group-523986131536: set configuration 22: [omNode-3|rpc:localhost:10892|admin:|client:|dataStream:|priority:0, omNode-1|rpc:localhost:10880|admin:|client:|dataStream:|priority:0, omNode-2|rpc:localhost:10886|admin:|client:|dataStream:|priority:0], old=null
2021-10-05 01:22:38,008 [pool-451-thread-1] INFO  segmented.LogSegment (LogSegment.java:loadSegment(173)) - Successfully read 4 entries from segment file /home/runner/work/ozone/ozone/hadoop-ozone/integration-test/target/test-dir/MiniOzoneClusterImpl-46302e84-7680-4986-b584-895fe31d4053/omNode-2/ratis/c9bc4cf4-3bc3-3c60-a66b-523986131536/current/log_22-25
2021-10-05 01:22:38,009 [pool-451-thread-1] INFO  server.RaftServer$Division (ServerState.java:setRaftConf(387)) - omNode-2@group-523986131536: set configuration 26: [omNode-3|rpc:localhost:10892|admin:|client:|dataStream:|priority:0, omNode-1|rpc:localhost:10880|admin:|client:|dataStream:|priority:0, omNode-2|rpc:localhost:10886|admin:|client:|dataStream:|priority:0], old=null
2021-10-05 01:22:38,009 [pool-451-thread-1] INFO  segmented.LogSegment (LogSegment.java:loadSegment(173)) - Successfully read 1 entries from segment file /home/runner/work/ozone/ozone/hadoop-ozone/integration-test/target/test-dir/MiniOzoneClusterImpl-46302e84-7680-4986-b584-895fe31d4053/omNode-2/ratis/c9bc4cf4-3bc3-3c60-a66b-523986131536/current/log_26-26
2021-10-05 01:22:38,009 [pool-451-thread-1] INFO  server.RaftServer$Division (ServerState.java:setRaftConf(387)) - omNode-2@group-523986131536: set configuration 27: [omNode-3|rpc:localhost:10892|admin:|client:|dataStream:|priority:0, omNode-1|rpc:localhost:10880|admin:|client:|dataStream:|priority:0, omNode-2|rpc:localhost:10886|admin:|client:|dataStream:|priority:0], old=null
2021-10-05 01:22:38,009 [pool-451-thread-1] INFO  segmented.LogSegment (LogSegment.java:loadSegment(173)) - Successfully read 4 entries from segment file /home/runner/work/ozone/ozone/hadoop-ozone/integration-test/target/test-dir/MiniOzoneClusterImpl-46302e84-7680-4986-b584-895fe31d4053/omNode-2/ratis/c9bc4cf4-3bc3-3c60-a66b-523986131536/current/log_27-30
2021-10-05 01:22:38,010 [pool-451-thread-1] INFO  server.RaftServer$Division (ServerState.java:setRaftConf(387)) - omNode-2@group-523986131536: set configuration 31: [omNode-3|rpc:localhost:10892|admin:|client:|dataStream:|priority:0, omNode-1|rpc:localhost:10880|admin:|client:|dataStream:|priority:0, omNode-2|rpc:localhost:10886|admin:|client:|dataStream:|priority:0], old=null
2021-10-05 01:22:38,010 [pool-451-thread-1] INFO  segmented.LogSegment (LogSegment.java:loadSegment(173)) - Successfully read 4 entries from segment file /home/runner/work/ozone/ozone/hadoop-ozone/integration-test/target/test-dir/MiniOzoneClusterImpl-46302e84-7680-4986-b584-895fe31d4053/omNode-2/ratis/c9bc4cf4-3bc3-3c60-a66b-523986131536/current/log_31-34
2021-10-05 01:22:38,010 [pool-451-thread-1] INFO  server.RaftServer$Division (ServerState.java:setRaftConf(387)) - omNode-2@group-523986131536: set configuration 35: [omNode-3|rpc:localhost:10892|admin:|client:|dataStream:|priority:0, omNode-1|rpc:localhost:10880|admin:|client:|dataStream:|priority:0, omNode-2|rpc:localhost:10886|admin:|client:|dataStream:|priority:0], old=null
2021-10-05 01:22:38,010 [pool-451-thread-1] INFO  segmented.LogSegment (LogSegment.java:loadSegment(173)) - Successfully read 2 entries from segment file /home/runner/work/ozone/ozone/hadoop-ozone/integration-test/target/test-dir/MiniOzoneClusterImpl-46302e84-7680-4986-b584-895fe31d4053/omNode-2/ratis/c9bc4cf4-3bc3-3c60-a66b-523986131536/current/log_inprogress_35
2021-10-05 01:22:38,010 [pool-451-thread-1] INFO  segmented.SegmentedRaftLogWorker (SegmentedRaftLogWorker.java:lambda$new$0(133)) - omNode-2@group-523986131536-SegmentedRaftLogWorker: flushIndex: setUnconditionally 0 -> 36
2021-10-05 01:22:38,010 [pool-451-thread-1] INFO  segmented.SegmentedRaftLogWorker (SegmentedRaftLogWorker.java:lambda$new$0(133)) - omNode-2@group-523986131536-SegmentedRaftLogWorker: safeCacheEvictIndex: setUnconditionally 0 -> 34
2021-10-05 01:22:38,011 [pool-451-thread-1] INFO  raftlog.RaftLog (RaftLogBase.java:lambda$new$0(53)) - omNode-2@group-523986131536-SegmentedRaftLog: commitIndex: updateToMax old=36, new=35, updated? false
2021-10-05 01:22:38,011 [pool-451-thread-1] INFO  raftlog.RaftLog (RaftLogBase.java:lambda$new$0(53)) - omNode-2@group-523986131536-SegmentedRaftLog: purgeIndex: updateIncreasingly -1 -> 15
2021-10-05 01:22:38,011 [pool-451-thread-1] INFO  server.RaftServerConfigKeys (ConfUtils.java:logGet(44)) - raft.server.snapshot.auto.trigger.enabled = true (custom)
2021-10-05 01:22:38,011 [pool-451-thread-1] INFO  server.RaftServerConfigKeys (ConfUtils.java:logGet(44)) - raft.server.snapshot.auto.trigger.threshold = 50 (custom)
2021-10-05 01:22:38,011 [pool-451-thread-1] INFO  server.RaftServerConfigKeys (ConfUtils.java:logGet(44)) - raft.server.snapshot.retention.file.num = -1 (default)
2021-10-05 01:22:38,011 [pool-451-thread-1] INFO  server.RaftServerConfigKeys (ConfUtils.java:logGet(44)) - raft.server.log.purge.upto.snapshot.index = true (custom)
2021-10-05 01:22:38,011 [pool-451-thread-1] INFO  server.RaftServerConfigKeys (ConfUtils.java:logGet(44)) - raft.server.retrycache.expirytime = 30000ms (custom)
2021-10-05 01:22:38,011 [pool-451-thread-1] INFO  server.RaftServerConfigKeys (ConfUtils.java:logGet(44)) - raft.server.retrycache.statistics.expirytime = 100μs (default)
2021-10-05 01:22:38,013 [Listener at localhost/10876] INFO  server.RaftServer$Division (RaftServerImpl.java:start(296)) - omNode-2@group-523986131536: start as a follower, conf=35: [omNode-3|rpc:localhost:10892|admin:|client:|dataStream:|priority:0, omNode-1|rpc:localhost:10880|admin:|client:|dataStream:|priority:0, omNode-2|rpc:localhost:10886|admin:|client:|dataStream:|priority:0], old=null
2021-10-05 01:22:38,013 [Listener at localhost/10876] INFO  server.RaftServer$Division (RaftServerImpl.java:setRole(285)) - omNode-2@group-523986131536: changes role from      null to FOLLOWER at term 12 for startAsFollower
2021-10-05 01:22:38,013 [Listener at localhost/10876] INFO  impl.RoleInfo (RoleInfo.java:updateAndGet(130)) - omNode-2: start omNode-2@group-523986131536-FollowerState
2021-10-05 01:22:38,013 [Listener at localhost/10876] INFO  util.JmxRegister (JmxRegister.java:tryRegister(44)) - Successfully registered JMX Bean with object name Ratis:service=RaftServer,group=group-523986131536,id=omNode-2
2021-10-05 01:22:38,014 [Listener at localhost/10876] INFO  server.RaftServer (RaftServerProxy.java:lambda$start$5(374)) - omNode-2: start RPC server
2021-10-05 01:22:38,014 [Listener at localhost/10876] INFO  server.GrpcService (GrpcService.java:startImpl(253)) - omNode-2: GrpcService started, listening on 10886
2021-10-05 01:22:38,015 [Listener at localhost/10876] INFO  ipc.CallQueueManager (CallQueueManager.java:<init>(90)) - Using callQueue: class java.util.concurrent.LinkedBlockingQueue, queueCapacity: 2000, scheduler: class org.apache.hadoop.ipc.DefaultRpcScheduler, ipcBackoff: false.
2021-10-05 01:22:38,015 [org.apache.ratis.util.JvmPauseMonitor$$Lambda$523/848064357@51979d79] INFO  util.JvmPauseMonitor (JvmPauseMonitor.java:run(103)) - JvmPauseMonitor-omNode-2: Started
2021-10-05 01:22:38,016 [Socket Reader #1 for port 10882] INFO  ipc.Server (Server.java:run(1265)) - Starting Socket Reader #1 for port 10882
2021-10-05 01:22:38,023 [Listener at localhost/10882] INFO  http.BaseHttpServer (BaseHttpServer.java:newHttpServer2BuilderForOzone(209)) - Starting Web-server for ozoneManager at: http://0.0.0.0:10884
2021-10-05 01:22:38,023 [Listener at localhost/10882] INFO  http.BaseHttpServer (BaseHttpServer.java:<init>(107)) - Hadoop Security Enabled: false Ozone Security Enabled: false Ozone HTTP Security Enabled: false 
2021-10-05 01:22:38,026 [Listener at localhost/10882] INFO  server.AuthenticationFilter (AuthenticationFilter.java:constructSecretProvider(240)) - Unable to initialize FileSignerSecretProvider, falling back to use random secrets.
2021-10-05 01:22:38,028 [Listener at localhost/10882] WARN  http.HttpRequestLog (HttpRequestLog.java:getRequestLog(103)) - Jetty request log can only be enabled using Log4j
2021-10-05 01:22:38,029 [Listener at localhost/10882] INFO  http.HttpServer2 (HttpServer2.java:addGlobalFilter(1030)) - Added global filter 'safety' (class=org.apache.hadoop.hdds.server.http.HttpServer2$QuotingInputFilter)
2021-10-05 01:22:38,029 [Listener at localhost/10882] INFO  http.HttpServer2 (HttpServer2.java:addFilter(1006)) - Added filter static_user_filter (class=org.apache.hadoop.http.lib.StaticUserWebFilter$StaticUserFilter) to context ozoneManager
2021-10-05 01:22:38,029 [Listener at localhost/10882] INFO  http.HttpServer2 (HttpServer2.java:addFilter(1014)) - Added filter static_user_filter (class=org.apache.hadoop.http.lib.StaticUserWebFilter$StaticUserFilter) to context static
2021-10-05 01:22:38,029 [Listener at localhost/10882] INFO  http.HttpServer2 (HttpServer2.java:addFilter(1014)) - Added filter static_user_filter (class=org.apache.hadoop.http.lib.StaticUserWebFilter$StaticUserFilter) to context logs
2021-10-05 01:22:38,030 [Listener at localhost/10882] INFO  http.HttpServer2 (HttpServer2.java:bindListener(1249)) - Jetty bound to port 10884
2021-10-05 01:22:38,030 [Listener at localhost/10882] INFO  server.Server (Server.java:doStart(375)) - jetty-9.4.43.v20210629; built: 2021-06-30T11:07:22.254Z; git: 526006ecfa3af7f1a27ef3a288e2bef7ea9dd7e8; jvm 1.8.0_292-b10
2021-10-05 01:22:38,032 [Listener at localhost/10882] INFO  server.session (DefaultSessionIdManager.java:doStart(334)) - DefaultSessionIdManager workerName=node0
2021-10-05 01:22:38,032 [Listener at localhost/10882] INFO  server.session (DefaultSessionIdManager.java:doStart(339)) - No SessionScavenger set, using defaults
2021-10-05 01:22:38,032 [Listener at localhost/10882] INFO  server.session (HouseKeeper.java:startScavenging(132)) - node0 Scavenging every 660000ms
2021-10-05 01:22:38,033 [Listener at localhost/10882] INFO  handler.ContextHandler (ContextHandler.java:doStart(915)) - Started o.e.j.s.ServletContextHandler@65b90d7f{logs,/logs,file:///home/runner/work/ozone/ozone/hadoop-ozone/integration-test/target/log,AVAILABLE}
2021-10-05 01:22:38,033 [Listener at localhost/10882] INFO  handler.ContextHandler (ContextHandler.java:doStart(915)) - Started o.e.j.s.ServletContextHandler@1dca2f9{static,/static,file:///home/runner/work/ozone/ozone/hadoop-ozone/integration-test/target/test-classes/webapps/static,AVAILABLE}
2021-10-05 01:22:38,036 [Listener at localhost/10882] INFO  handler.ContextHandler (ContextHandler.java:doStart(915)) - Started o.e.j.w.WebAppContext@e97eebe{ozoneManager,/,file:///home/runner/work/ozone/ozone/hadoop-ozone/integration-test/target/test-classes/webapps/ozoneManager/,AVAILABLE}{file:/home/runner/work/ozone/ozone/hadoop-ozone/integration-test/target/test-classes/webapps/ozoneManager}
2021-10-05 01:22:38,038 [Listener at localhost/10882] INFO  server.AbstractConnector (AbstractConnector.java:doStart(331)) - Started ServerConnector@11b29655{HTTP/1.1, (http/1.1)}{0.0.0.0:10884}
2021-10-05 01:22:38,038 [Listener at localhost/10882] INFO  server.Server (Server.java:doStart(415)) - Started @531416ms
2021-10-05 01:22:38,038 [Listener at localhost/10882] WARN  impl.MetricsSystemImpl (MetricsSystemImpl.java:register(279)) - Sink prometheus already exists!
2021-10-05 01:22:38,038 [Listener at localhost/10882] INFO  http.BaseHttpServer (BaseHttpServer.java:updateConnectorAddress(329)) - HTTP server of ozoneManager listening at http://0.0.0.0:10884
2021-10-05 01:22:38,039 [IPC Server Responder] INFO  ipc.Server (Server.java:run(1507)) - IPC Server Responder: starting
2021-10-05 01:22:38,039 [IPC Server listener on 10882] INFO  ipc.Server (Server.java:run(1344)) - IPC Server listener on 10882: starting
2021-10-05 01:22:38,041 [Listener at localhost/10882] INFO  om.OzoneManager (OzoneManager.java:startTrashEmptier(1543)) - Trash Interval set to 0. Files deleted will not move to trash
2021-10-05 01:22:38,042 [org.apache.hadoop.util.JvmPauseMonitor$Monitor@44860c0f] INFO  util.JvmPauseMonitor (JvmPauseMonitor.java:run(188)) - Starting JVM pause monitor
]]></system-out>
  </testcase>
</testsuite>