<?xml version="1.0" encoding="UTF-8"?>
<testsuite xmlns:xsi="http://www.w3.org/2001/XMLSchema-instance" xsi:noNamespaceSchemaLocation="https://maven.apache.org/surefire/maven-surefire-plugin/xsd/surefire-test-report-3.0.xsd" version="3.0" name="org.apache.hadoop.ozone.TestHddsSecureDatanodeInit" time="30.17" tests="1" errors="1" skipped="0" failures="0">
  <properties>
    <property name="awt.toolkit" value="sun.awt.X11.XToolkit"/>
    <property name="file.encoding.pkg" value="sun.io"/>
    <property name="java.specification.version" value="1.8"/>
    <property name="sun.cpu.isalist" value=""/>
    <property name="sun.jnu.encoding" value="UTF-8"/>
    <property name="gradle.enterprise.listener.surefire.forkId" value="1"/>
    <property name="java.class.path" value="/home/runner/work/ozone/ozone/hadoop-hdds/container-service/target/test-classes:/home/runner/work/ozone/ozone/hadoop-hdds/container-service/target/classes:/home/runner/work/ozone/ozone/hadoop-hdds/common/target/classes:/home/runner/work/ozone/ozone/hadoop-hdds/hadoop-dependency-client/target/classes:/home/runner/.m2/repository/org/apache/hadoop/hadoop-annotations/3.3.6/hadoop-annotations-3.3.6.jar:/usr/lib/jvm/temurin-8-jdk-amd64/jre/../lib/tools.jar:/home/runner/.m2/repository/org/apache/hadoop/hadoop-common/3.3.6/hadoop-common-3.3.6.jar:/home/runner/.m2/repository/org/apache/httpcomponents/httpclient/4.5.14/httpclient-4.5.14.jar:/home/runner/.m2/repository/org/apache/httpcomponents/httpcore/4.4.16/httpcore-4.4.16.jar:/home/runner/.m2/repository/com/google/re2j/re2j/1.7/re2j-1.7.jar:/home/runner/.m2/repository/org/apache/hadoop/hadoop-auth/3.3.6/hadoop-auth-3.3.6.jar:/home/runner/.m2/repository/org/apache/kerby/kerb-core/1.0.1/kerb-core-1.0.1.jar:/home/runner/.m2/repository/org/apache/kerby/kerby-pkix/1.0.1/kerby-pkix-1.0.1.jar:/home/runner/.m2/repository/org/apache/kerby/kerby-asn1/1.0.1/kerby-asn1-1.0.1.jar:/home/runner/.m2/repository/org/apache/kerby/kerby-util/1.0.1/kerby-util-1.0.1.jar:/home/runner/.m2/repository/org/codehaus/woodstox/stax2-api/4.2.2/stax2-api-4.2.2.jar:/home/runner/.m2/repository/com/fasterxml/woodstox/woodstox-core/5.4.0/woodstox-core-5.4.0.jar:/home/runner/.m2/repository/org/apache/hadoop/thirdparty/hadoop-shaded-guava/1.2.0/hadoop-shaded-guava-1.2.0.jar:/home/runner/.m2/repository/com/nimbusds/nimbus-jose-jwt/9.37.2/nimbus-jose-jwt-9.37.2.jar:/home/runner/.m2/repository/com/github/stephenc/jcip/jcip-annotations/1.0-1/jcip-annotations-1.0-1.jar:/home/runner/.m2/repository/org/apache/hadoop/hadoop-hdfs/3.3.6/hadoop-hdfs-3.3.6.jar:/home/runner/.m2/repository/org/xerial/snappy/snappy-java/1.1.10.5/snappy-java-1.1.10.5.jar:/home/runner/.m2/repository/info/picocli/picocli/4.7.5/picocli-4.7.5.jar:/home/runner/.m2/repository/com/google/protobuf/protobuf-java/2.5.0/protobuf-java-2.5.0.jar:/home/runner/.m2/repository/com/google/guava/guava/32.0.0-jre/guava-32.0.0-jre.jar:/home/runner/.m2/repository/com/google/guava/failureaccess/1.0.1/failureaccess-1.0.1.jar:/home/runner/.m2/repository/com/google/guava/listenablefuture/9999.0-empty-to-avoid-conflict-with-guava/listenablefuture-9999.0-empty-to-avoid-conflict-with-guava.jar:/home/runner/.m2/repository/org/checkerframework/checker-qual/3.33.0/checker-qual-3.33.0.jar:/home/runner/.m2/repository/com/google/errorprone/error_prone_annotations/2.2.0/error_prone_annotations-2.2.0.jar:/home/runner/.m2/repository/com/google/j2objc/j2objc-annotations/2.8/j2objc-annotations-2.8.jar:/home/runner/.m2/repository/org/apache/commons/commons-lang3/3.14.0/commons-lang3-3.14.0.jar:/home/runner/.m2/repository/commons-io/commons-io/2.16.0/commons-io-2.16.0.jar:/home/runner/.m2/repository/com/fasterxml/jackson/core/jackson-annotations/2.16.1/jackson-annotations-2.16.1.jar:/home/runner/.m2/repository/com/fasterxml/jackson/datatype/jackson-datatype-jsr310/2.16.1/jackson-datatype-jsr310-2.16.1.jar:/home/runner/.m2/repository/com/fasterxml/jackson/core/jackson-core/2.16.1/jackson-core-2.16.1.jar:/home/runner/.m2/repository/com/fasterxml/jackson/core/jackson-databind/2.16.1/jackson-databind-2.16.1.jar:/home/runner/work/ozone/ozone/hadoop-hdds/annotations/target/classes:/home/runner/work/ozone/ozone/hadoop-hdds/config/target/classes:/home/runner/.m2/repository/javax/annotation/javax.annotation-api/1.3.2/javax.annotation-api-1.3.2.jar:/home/runner/.m2/repository/jakarta/annotation/jakarta.annotation-api/2.1.1/jakarta.annotation-api-2.1.1.jar:/home/runner/.m2/repository/org/apache/ratis/ratis-server/3.0.1/ratis-server-3.0.1.jar:/home/runner/.m2/repository/org/apache/ratis/ratis-thirdparty-misc/1.0.5/ratis-thirdparty-misc-1.0.5.jar:/home/runner/.m2/repository/org/apache/ratis/ratis-proto/3.0.1/ratis-proto-3.0.1.jar:/home/runner/.m2/repository/org/apache/ratis/ratis-common/3.0.1/ratis-common-3.0.1.jar:/home/runner/.m2/repository/org/apache/ratis/ratis-client/3.0.1/ratis-client-3.0.1.jar:/home/runner/.m2/repository/org/apache/ratis/ratis-server-api/3.0.1/ratis-server-api-3.0.1.jar:/home/runner/.m2/repository/org/apache/ratis/ratis-metrics-api/3.0.1/ratis-metrics-api-3.0.1.jar:/home/runner/.m2/repository/org/apache/ratis/ratis-metrics-dropwizard3/3.0.1/ratis-metrics-dropwizard3-3.0.1.jar:/home/runner/.m2/repository/org/apache/ratis/ratis-netty/3.0.1/ratis-netty-3.0.1.jar:/home/runner/.m2/repository/org/apache/ratis/ratis-grpc/3.0.1/ratis-grpc-3.0.1.jar:/home/runner/.m2/repository/org/bouncycastle/bcpkix-jdk18on/1.77/bcpkix-jdk18on-1.77.jar:/home/runner/.m2/repository/org/bouncycastle/bcprov-jdk18on/1.77/bcprov-jdk18on-1.77.jar:/home/runner/.m2/repository/org/bouncycastle/bcutil-jdk18on/1.77/bcutil-jdk18on-1.77.jar:/home/runner/.m2/repository/commons-validator/commons-validator/1.8.0/commons-validator-1.8.0.jar:/home/runner/.m2/repository/commons-beanutils/commons-beanutils/1.9.4/commons-beanutils-1.9.4.jar:/home/runner/.m2/repository/commons-digester/commons-digester/2.1/commons-digester-2.1.jar:/home/runner/.m2/repository/commons-collections/commons-collections/3.2.2/commons-collections-3.2.2.jar:/home/runner/.m2/repository/io/jaegertracing/jaeger-client/1.8.1/jaeger-client-1.8.1.jar:/home/runner/.m2/repository/io/jaegertracing/jaeger-thrift/1.8.1/jaeger-thrift-1.8.1.jar:/home/runner/.m2/repository/org/apache/thrift/libthrift/0.15.0/libthrift-0.15.0.jar:/home/runner/.m2/repository/io/jaegertracing/jaeger-core/1.8.1/jaeger-core-1.8.1.jar:/home/runner/.m2/repository/com/google/code/gson/gson/2.10.1/gson-2.10.1.jar:/home/runner/.m2/repository/io/jaegertracing/jaeger-tracerresolver/1.8.1/jaeger-tracerresolver-1.8.1.jar:/home/runner/.m2/repository/io/opentracing/contrib/opentracing-tracerresolver/0.1.8/opentracing-tracerresolver-0.1.8.jar:/home/runner/.m2/repository/org/jetbrains/kotlin/kotlin-stdlib/1.9.22/kotlin-stdlib-1.9.22.jar:/home/runner/.m2/repository/org/jetbrains/annotations/13.0/annotations-13.0.jar:/home/runner/.m2/repository/io/opentracing/opentracing-util/0.33.0/opentracing-util-0.33.0.jar:/home/runner/.m2/repository/io/opentracing/opentracing-api/0.33.0/opentracing-api-0.33.0.jar:/home/runner/.m2/repository/io/opentracing/opentracing-noop/0.33.0/opentracing-noop-0.33.0.jar:/home/runner/.m2/repository/org/reflections/reflections/0.10.2/reflections-0.10.2.jar:/home/runner/.m2/repository/org/javassist/javassist/3.21.0-GA/javassist-3.21.0-GA.jar:/home/runner/work/ozone/ozone/hadoop-hdds/interface-client/target/classes:/home/runner/.m2/repository/org/apache/hadoop/thirdparty/hadoop-shaded-protobuf_3_7/1.1.1/hadoop-shaded-protobuf_3_7-1.1.1.jar:/home/runner/work/ozone/ozone/hadoop-hdds/interface-admin/target/classes:/home/runner/.m2/repository/io/grpc/grpc-api/1.58.0/grpc-api-1.58.0.jar:/home/runner/.m2/repository/org/apache/commons/commons-compress/1.26.0/commons-compress-1.26.0.jar:/home/runner/.m2/repository/com/github/luben/zstd-jni/1.5.6-2/zstd-jni-1.5.6-2.jar:/home/runner/work/ozone/ozone/hadoop-hdds/framework/target/classes:/home/runner/work/ozone/ozone/hadoop-hdds/interface-server/target/classes:/home/runner/work/ozone/ozone/hadoop-hdds/managed-rocksdb/target/classes:/home/runner/.m2/repository/org/rocksdb/rocksdbjni/7.7.3/rocksdbjni-7.7.3.jar:/home/runner/work/ozone/ozone/hadoop-hdds/hadoop-dependency-server/target/classes:/home/runner/.m2/repository/commons-cli/commons-cli/1.6.0/commons-cli-1.6.0.jar:/home/runner/.m2/repository/ch/qos/reload4j/reload4j/1.2.25/reload4j-1.2.25.jar:/home/runner/.m2/repository/org/slf4j/slf4j-reload4j/2.0.12/slf4j-reload4j-2.0.12.jar:/home/runner/.m2/repository/org/apache/commons/commons-configuration2/2.10.1/commons-configuration2-2.10.1.jar:/home/runner/.m2/repository/commons-fileupload/commons-fileupload/1.5/commons-fileupload-1.5.jar:/home/runner/.m2/repository/org/apache/logging/log4j/log4j-api/2.17.1/log4j-api-2.17.1.jar:/home/runner/.m2/repository/org/apache/logging/log4j/log4j-core/2.17.1/log4j-core-2.17.1.jar:/home/runner/.m2/repository/com/lmax/disruptor/3.4.4/disruptor-3.4.4.jar:/home/runner/.m2/repository/org/eclipse/jetty/jetty-util/9.4.53.v20231009/jetty-util-9.4.53.v20231009.jar:/home/runner/.m2/repository/org/eclipse/jetty/jetty-server/9.4.53.v20231009/jetty-server-9.4.53.v20231009.jar:/home/runner/.m2/repository/javax/servlet/javax.servlet-api/3.1.0/javax.servlet-api-3.1.0.jar:/home/runner/.m2/repository/org/eclipse/jetty/jetty-http/9.4.53.v20231009/jetty-http-9.4.53.v20231009.jar:/home/runner/.m2/repository/org/eclipse/jetty/jetty-io/9.4.53.v20231009/jetty-io-9.4.53.v20231009.jar:/home/runner/.m2/repository/org/eclipse/jetty/jetty-servlet/9.4.53.v20231009/jetty-servlet-9.4.53.v20231009.jar:/home/runner/.m2/repository/org/eclipse/jetty/jetty-security/9.4.53.v20231009/jetty-security-9.4.53.v20231009.jar:/home/runner/.m2/repository/org/eclipse/jetty/jetty-util-ajax/9.4.53.v20231009/jetty-util-ajax-9.4.53.v20231009.jar:/home/runner/.m2/repository/org/eclipse/jetty/jetty-webapp/9.4.53.v20231009/jetty-webapp-9.4.53.v20231009.jar:/home/runner/.m2/repository/org/eclipse/jetty/jetty-xml/9.4.53.v20231009/jetty-xml-9.4.53.v20231009.jar:/home/runner/.m2/repository/io/prometheus/simpleclient_dropwizard/0.16.0/simpleclient_dropwizard-0.16.0.jar:/home/runner/.m2/repository/io/prometheus/simpleclient/0.16.0/simpleclient-0.16.0.jar:/home/runner/.m2/repository/io/prometheus/simpleclient_common/0.16.0/simpleclient_common-0.16.0.jar:/home/runner/.m2/repository/org/apache/hadoop/hadoop-hdfs-client/3.3.6/hadoop-hdfs-client-3.3.6.jar:/home/runner/.m2/repository/com/squareup/okhttp3/okhttp/4.12.0/okhttp-4.12.0.jar:/home/runner/.m2/repository/com/squareup/okio/okio/3.6.0/okio-3.6.0.jar:/home/runner/.m2/repository/com/squareup/okio/okio-jvm/3.6.0/okio-jvm-3.6.0.jar:/home/runner/.m2/repository/org/jetbrains/kotlin/kotlin-stdlib-jdk8/1.9.22/kotlin-stdlib-jdk8-1.9.22.jar:/home/runner/.m2/repository/org/jetbrains/kotlin/kotlin-stdlib-jdk7/1.9.22/kotlin-stdlib-jdk7-1.9.22.jar:/home/runner/.m2/repository/org/jetbrains/kotlin/kotlin-stdlib-common/1.9.22/kotlin-stdlib-common-1.9.22.jar:/home/runner/work/ozone/ozone/hadoop-hdds/rocksdb-checkpoint-differ/target/classes:/home/runner/work/ozone/ozone/hadoop-hdds/rocks-native/target/classes:/home/runner/.m2/repository/org/jgrapht/jgrapht-core/1.4.0/jgrapht-core-1.4.0.jar:/home/runner/.m2/repository/org/jheaps/jheaps/0.11/jheaps-0.11.jar:/home/runner/.m2/repository/org/jgrapht/jgrapht-ext/1.4.0/jgrapht-ext-1.4.0.jar:/home/runner/.m2/repository/com/github/vlsi/mxgraph/jgraphx/3.9.8.1/jgraphx-3.9.8.1.jar:/home/runner/work/ozone/ozone/hadoop-hdds/client/target/classes:/home/runner/work/ozone/ozone/hadoop-hdds/erasurecode/target/classes:/home/runner/.m2/repository/commons-codec/commons-codec/1.15/commons-codec-1.15.jar:/home/runner/.m2/repository/io/dropwizard/metrics/metrics-core/3.2.4/metrics-core-3.2.4.jar:/home/runner/.m2/repository/org/slf4j/slf4j-api/2.0.12/slf4j-api-2.0.12.jar:/home/runner/.m2/repository/org/yaml/snakeyaml/2.0/snakeyaml-2.0.jar:/home/runner/work/ozone/ozone/hadoop-hdds/docs/target/classes:/home/runner/.m2/repository/jakarta/xml/bind/jakarta.xml.bind-api/2.3.3/jakarta.xml.bind-api-2.3.3.jar:/home/runner/.m2/repository/jakarta/activation/jakarta.activation-api/1.2.2/jakarta.activation-api-1.2.2.jar:/home/runner/.m2/repository/org/glassfish/jaxb/jaxb-runtime/2.3.9/jaxb-runtime-2.3.9.jar:/home/runner/.m2/repository/org/glassfish/jaxb/txw2/2.3.9/txw2-2.3.9.jar:/home/runner/.m2/repository/com/sun/istack/istack-commons-runtime/3.0.12/istack-commons-runtime-3.0.12.jar:/home/runner/.m2/repository/com/sun/activation/jakarta.activation/1.2.2/jakarta.activation-1.2.2.jar:/home/runner/.m2/repository/io/netty/netty-transport/4.1.100.Final/netty-transport-4.1.100.Final.jar:/home/runner/.m2/repository/io/netty/netty-common/4.1.100.Final/netty-common-4.1.100.Final.jar:/home/runner/.m2/repository/io/netty/netty-buffer/4.1.100.Final/netty-buffer-4.1.100.Final.jar:/home/runner/.m2/repository/io/netty/netty-resolver/4.1.100.Final/netty-resolver-4.1.100.Final.jar:/home/runner/.m2/repository/io/netty/netty-codec/4.1.100.Final/netty-codec-4.1.100.Final.jar:/home/runner/.m2/repository/io/netty/netty-handler/4.1.100.Final/netty-handler-4.1.100.Final.jar:/home/runner/.m2/repository/io/netty/netty-transport-native-unix-common/4.1.100.Final/netty-transport-native-unix-common-4.1.100.Final.jar:/home/runner/.m2/repository/org/apache/commons/commons-text/1.11.0/commons-text-1.11.0.jar:/home/runner/work/ozone/ozone/hadoop-hdds/common/target/test-classes:/home/runner/work/ozone/ozone/hadoop-hdds/hadoop-dependency-test/target/classes:/home/runner/.m2/repository/org/apache/hadoop/hadoop-common/3.3.6/hadoop-common-3.3.6-tests.jar:/home/runner/.m2/repository/org/apache/hadoop/hadoop-hdfs/3.3.6/hadoop-hdfs-3.3.6-tests.jar:/home/runner/.m2/repository/org/assertj/assertj-core/3.12.2/assertj-core-3.12.2.jar:/home/runner/.m2/repository/org/junit/jupiter/junit-jupiter-api/5.10.2/junit-jupiter-api-5.10.2.jar:/home/runner/.m2/repository/org/opentest4j/opentest4j/1.3.0/opentest4j-1.3.0.jar:/home/runner/.m2/repository/org/junit/platform/junit-platform-commons/1.10.2/junit-platform-commons-1.10.2.jar:/home/runner/.m2/repository/org/apiguardian/apiguardian-api/1.1.2/apiguardian-api-1.1.2.jar:/home/runner/.m2/repository/org/junit/jupiter/junit-jupiter-engine/5.10.2/junit-jupiter-engine-5.10.2.jar:/home/runner/.m2/repository/org/junit/platform/junit-platform-engine/1.10.2/junit-platform-engine-1.10.2.jar:/home/runner/.m2/repository/org/junit/jupiter/junit-jupiter-params/5.10.2/junit-jupiter-params-5.10.2.jar:/home/runner/.m2/repository/org/mockito/mockito-core/4.11.0/mockito-core-4.11.0.jar:/home/runner/.m2/repository/net/bytebuddy/byte-buddy/1.12.19/byte-buddy-1.12.19.jar:/home/runner/.m2/repository/net/bytebuddy/byte-buddy-agent/1.12.19/byte-buddy-agent-1.12.19.jar:/home/runner/.m2/repository/org/objenesis/objenesis/3.3/objenesis-3.3.jar:/home/runner/.m2/repository/org/mockito/mockito-junit-jupiter/4.11.0/mockito-junit-jupiter-4.11.0.jar:/home/runner/work/ozone/ozone/hadoop-hdds/test-utils/target/classes:/home/runner/.m2/repository/commons-logging/commons-logging/1.2/commons-logging-1.2.jar:/home/runner/work/ozone/ozone/hadoop-hdds/container-service/target/gradle-enterprise/test-listeners.jar:"/>
    <property name="java.vm.vendor" value="Temurin"/>
    <property name="sun.arch.data.model" value="64"/>
    <property name="test.build.dir" value="/home/runner/work/ozone/ozone/hadoop-hdds/container-service/target/test-dir"/>
    <property name="test.cache.data" value=""/>
    <property name="java.vendor.url" value="https://adoptium.net/"/>
    <property name="user.timezone" value="Etc/UTC"/>
    <property name="maven-surefire-plugin.argLineAccessArgs" value=""/>
    <property name="os.name" value="Linux"/>
    <property name="java.vm.specification.version" value="1.8"/>
    <property name="test.build.data" value="/home/runner/work/ozone/ozone/hadoop-hdds/container-service/target/test-dir"/>
    <property name="sun.java.launcher" value="SUN_STANDARD"/>
    <property name="sun.boot.library.path" value="/usr/lib/jvm/temurin-8-jdk-amd64/jre/lib/amd64"/>
    <property name="sun.java.command" value="/home/runner/work/ozone/ozone/hadoop-hdds/container-service/target/surefire/surefirebooter1570993966176267596.jar /home/runner/work/ozone/ozone/hadoop-hdds/container-service/target/surefire 2024-04-16T15-21-58_452-jvmRun1 surefire9198618203468243518tmp surefire_03095738206251187343tmp"/>
    <property name="native.lib.tmp.dir" value="/tmp"/>
    <property name="surefire.test.class.path" value="/home/runner/work/ozone/ozone/hadoop-hdds/container-service/target/test-classes:/home/runner/work/ozone/ozone/hadoop-hdds/container-service/target/classes:/home/runner/work/ozone/ozone/hadoop-hdds/common/target/classes:/home/runner/work/ozone/ozone/hadoop-hdds/hadoop-dependency-client/target/classes:/home/runner/.m2/repository/org/apache/hadoop/hadoop-annotations/3.3.6/hadoop-annotations-3.3.6.jar:/usr/lib/jvm/temurin-8-jdk-amd64/jre/../lib/tools.jar:/home/runner/.m2/repository/org/apache/hadoop/hadoop-common/3.3.6/hadoop-common-3.3.6.jar:/home/runner/.m2/repository/org/apache/httpcomponents/httpclient/4.5.14/httpclient-4.5.14.jar:/home/runner/.m2/repository/org/apache/httpcomponents/httpcore/4.4.16/httpcore-4.4.16.jar:/home/runner/.m2/repository/com/google/re2j/re2j/1.7/re2j-1.7.jar:/home/runner/.m2/repository/org/apache/hadoop/hadoop-auth/3.3.6/hadoop-auth-3.3.6.jar:/home/runner/.m2/repository/org/apache/kerby/kerb-core/1.0.1/kerb-core-1.0.1.jar:/home/runner/.m2/repository/org/apache/kerby/kerby-pkix/1.0.1/kerby-pkix-1.0.1.jar:/home/runner/.m2/repository/org/apache/kerby/kerby-asn1/1.0.1/kerby-asn1-1.0.1.jar:/home/runner/.m2/repository/org/apache/kerby/kerby-util/1.0.1/kerby-util-1.0.1.jar:/home/runner/.m2/repository/org/codehaus/woodstox/stax2-api/4.2.2/stax2-api-4.2.2.jar:/home/runner/.m2/repository/com/fasterxml/woodstox/woodstox-core/5.4.0/woodstox-core-5.4.0.jar:/home/runner/.m2/repository/org/apache/hadoop/thirdparty/hadoop-shaded-guava/1.2.0/hadoop-shaded-guava-1.2.0.jar:/home/runner/.m2/repository/com/nimbusds/nimbus-jose-jwt/9.37.2/nimbus-jose-jwt-9.37.2.jar:/home/runner/.m2/repository/com/github/stephenc/jcip/jcip-annotations/1.0-1/jcip-annotations-1.0-1.jar:/home/runner/.m2/repository/org/apache/hadoop/hadoop-hdfs/3.3.6/hadoop-hdfs-3.3.6.jar:/home/runner/.m2/repository/org/xerial/snappy/snappy-java/1.1.10.5/snappy-java-1.1.10.5.jar:/home/runner/.m2/repository/info/picocli/picocli/4.7.5/picocli-4.7.5.jar:/home/runner/.m2/repository/com/google/protobuf/protobuf-java/2.5.0/protobuf-java-2.5.0.jar:/home/runner/.m2/repository/com/google/guava/guava/32.0.0-jre/guava-32.0.0-jre.jar:/home/runner/.m2/repository/com/google/guava/failureaccess/1.0.1/failureaccess-1.0.1.jar:/home/runner/.m2/repository/com/google/guava/listenablefuture/9999.0-empty-to-avoid-conflict-with-guava/listenablefuture-9999.0-empty-to-avoid-conflict-with-guava.jar:/home/runner/.m2/repository/org/checkerframework/checker-qual/3.33.0/checker-qual-3.33.0.jar:/home/runner/.m2/repository/com/google/errorprone/error_prone_annotations/2.2.0/error_prone_annotations-2.2.0.jar:/home/runner/.m2/repository/com/google/j2objc/j2objc-annotations/2.8/j2objc-annotations-2.8.jar:/home/runner/.m2/repository/org/apache/commons/commons-lang3/3.14.0/commons-lang3-3.14.0.jar:/home/runner/.m2/repository/commons-io/commons-io/2.16.0/commons-io-2.16.0.jar:/home/runner/.m2/repository/com/fasterxml/jackson/core/jackson-annotations/2.16.1/jackson-annotations-2.16.1.jar:/home/runner/.m2/repository/com/fasterxml/jackson/datatype/jackson-datatype-jsr310/2.16.1/jackson-datatype-jsr310-2.16.1.jar:/home/runner/.m2/repository/com/fasterxml/jackson/core/jackson-core/2.16.1/jackson-core-2.16.1.jar:/home/runner/.m2/repository/com/fasterxml/jackson/core/jackson-databind/2.16.1/jackson-databind-2.16.1.jar:/home/runner/work/ozone/ozone/hadoop-hdds/annotations/target/classes:/home/runner/work/ozone/ozone/hadoop-hdds/config/target/classes:/home/runner/.m2/repository/javax/annotation/javax.annotation-api/1.3.2/javax.annotation-api-1.3.2.jar:/home/runner/.m2/repository/jakarta/annotation/jakarta.annotation-api/2.1.1/jakarta.annotation-api-2.1.1.jar:/home/runner/.m2/repository/org/apache/ratis/ratis-server/3.0.1/ratis-server-3.0.1.jar:/home/runner/.m2/repository/org/apache/ratis/ratis-thirdparty-misc/1.0.5/ratis-thirdparty-misc-1.0.5.jar:/home/runner/.m2/repository/org/apache/ratis/ratis-proto/3.0.1/ratis-proto-3.0.1.jar:/home/runner/.m2/repository/org/apache/ratis/ratis-common/3.0.1/ratis-common-3.0.1.jar:/home/runner/.m2/repository/org/apache/ratis/ratis-client/3.0.1/ratis-client-3.0.1.jar:/home/runner/.m2/repository/org/apache/ratis/ratis-server-api/3.0.1/ratis-server-api-3.0.1.jar:/home/runner/.m2/repository/org/apache/ratis/ratis-metrics-api/3.0.1/ratis-metrics-api-3.0.1.jar:/home/runner/.m2/repository/org/apache/ratis/ratis-metrics-dropwizard3/3.0.1/ratis-metrics-dropwizard3-3.0.1.jar:/home/runner/.m2/repository/org/apache/ratis/ratis-netty/3.0.1/ratis-netty-3.0.1.jar:/home/runner/.m2/repository/org/apache/ratis/ratis-grpc/3.0.1/ratis-grpc-3.0.1.jar:/home/runner/.m2/repository/org/bouncycastle/bcpkix-jdk18on/1.77/bcpkix-jdk18on-1.77.jar:/home/runner/.m2/repository/org/bouncycastle/bcprov-jdk18on/1.77/bcprov-jdk18on-1.77.jar:/home/runner/.m2/repository/org/bouncycastle/bcutil-jdk18on/1.77/bcutil-jdk18on-1.77.jar:/home/runner/.m2/repository/commons-validator/commons-validator/1.8.0/commons-validator-1.8.0.jar:/home/runner/.m2/repository/commons-beanutils/commons-beanutils/1.9.4/commons-beanutils-1.9.4.jar:/home/runner/.m2/repository/commons-digester/commons-digester/2.1/commons-digester-2.1.jar:/home/runner/.m2/repository/commons-collections/commons-collections/3.2.2/commons-collections-3.2.2.jar:/home/runner/.m2/repository/io/jaegertracing/jaeger-client/1.8.1/jaeger-client-1.8.1.jar:/home/runner/.m2/repository/io/jaegertracing/jaeger-thrift/1.8.1/jaeger-thrift-1.8.1.jar:/home/runner/.m2/repository/org/apache/thrift/libthrift/0.15.0/libthrift-0.15.0.jar:/home/runner/.m2/repository/io/jaegertracing/jaeger-core/1.8.1/jaeger-core-1.8.1.jar:/home/runner/.m2/repository/com/google/code/gson/gson/2.10.1/gson-2.10.1.jar:/home/runner/.m2/repository/io/jaegertracing/jaeger-tracerresolver/1.8.1/jaeger-tracerresolver-1.8.1.jar:/home/runner/.m2/repository/io/opentracing/contrib/opentracing-tracerresolver/0.1.8/opentracing-tracerresolver-0.1.8.jar:/home/runner/.m2/repository/org/jetbrains/kotlin/kotlin-stdlib/1.9.22/kotlin-stdlib-1.9.22.jar:/home/runner/.m2/repository/org/jetbrains/annotations/13.0/annotations-13.0.jar:/home/runner/.m2/repository/io/opentracing/opentracing-util/0.33.0/opentracing-util-0.33.0.jar:/home/runner/.m2/repository/io/opentracing/opentracing-api/0.33.0/opentracing-api-0.33.0.jar:/home/runner/.m2/repository/io/opentracing/opentracing-noop/0.33.0/opentracing-noop-0.33.0.jar:/home/runner/.m2/repository/org/reflections/reflections/0.10.2/reflections-0.10.2.jar:/home/runner/.m2/repository/org/javassist/javassist/3.21.0-GA/javassist-3.21.0-GA.jar:/home/runner/work/ozone/ozone/hadoop-hdds/interface-client/target/classes:/home/runner/.m2/repository/org/apache/hadoop/thirdparty/hadoop-shaded-protobuf_3_7/1.1.1/hadoop-shaded-protobuf_3_7-1.1.1.jar:/home/runner/work/ozone/ozone/hadoop-hdds/interface-admin/target/classes:/home/runner/.m2/repository/io/grpc/grpc-api/1.58.0/grpc-api-1.58.0.jar:/home/runner/.m2/repository/org/apache/commons/commons-compress/1.26.0/commons-compress-1.26.0.jar:/home/runner/.m2/repository/com/github/luben/zstd-jni/1.5.6-2/zstd-jni-1.5.6-2.jar:/home/runner/work/ozone/ozone/hadoop-hdds/framework/target/classes:/home/runner/work/ozone/ozone/hadoop-hdds/interface-server/target/classes:/home/runner/work/ozone/ozone/hadoop-hdds/managed-rocksdb/target/classes:/home/runner/.m2/repository/org/rocksdb/rocksdbjni/7.7.3/rocksdbjni-7.7.3.jar:/home/runner/work/ozone/ozone/hadoop-hdds/hadoop-dependency-server/target/classes:/home/runner/.m2/repository/commons-cli/commons-cli/1.6.0/commons-cli-1.6.0.jar:/home/runner/.m2/repository/ch/qos/reload4j/reload4j/1.2.25/reload4j-1.2.25.jar:/home/runner/.m2/repository/org/slf4j/slf4j-reload4j/2.0.12/slf4j-reload4j-2.0.12.jar:/home/runner/.m2/repository/org/apache/commons/commons-configuration2/2.10.1/commons-configuration2-2.10.1.jar:/home/runner/.m2/repository/commons-fileupload/commons-fileupload/1.5/commons-fileupload-1.5.jar:/home/runner/.m2/repository/org/apache/logging/log4j/log4j-api/2.17.1/log4j-api-2.17.1.jar:/home/runner/.m2/repository/org/apache/logging/log4j/log4j-core/2.17.1/log4j-core-2.17.1.jar:/home/runner/.m2/repository/com/lmax/disruptor/3.4.4/disruptor-3.4.4.jar:/home/runner/.m2/repository/org/eclipse/jetty/jetty-util/9.4.53.v20231009/jetty-util-9.4.53.v20231009.jar:/home/runner/.m2/repository/org/eclipse/jetty/jetty-server/9.4.53.v20231009/jetty-server-9.4.53.v20231009.jar:/home/runner/.m2/repository/javax/servlet/javax.servlet-api/3.1.0/javax.servlet-api-3.1.0.jar:/home/runner/.m2/repository/org/eclipse/jetty/jetty-http/9.4.53.v20231009/jetty-http-9.4.53.v20231009.jar:/home/runner/.m2/repository/org/eclipse/jetty/jetty-io/9.4.53.v20231009/jetty-io-9.4.53.v20231009.jar:/home/runner/.m2/repository/org/eclipse/jetty/jetty-servlet/9.4.53.v20231009/jetty-servlet-9.4.53.v20231009.jar:/home/runner/.m2/repository/org/eclipse/jetty/jetty-security/9.4.53.v20231009/jetty-security-9.4.53.v20231009.jar:/home/runner/.m2/repository/org/eclipse/jetty/jetty-util-ajax/9.4.53.v20231009/jetty-util-ajax-9.4.53.v20231009.jar:/home/runner/.m2/repository/org/eclipse/jetty/jetty-webapp/9.4.53.v20231009/jetty-webapp-9.4.53.v20231009.jar:/home/runner/.m2/repository/org/eclipse/jetty/jetty-xml/9.4.53.v20231009/jetty-xml-9.4.53.v20231009.jar:/home/runner/.m2/repository/io/prometheus/simpleclient_dropwizard/0.16.0/simpleclient_dropwizard-0.16.0.jar:/home/runner/.m2/repository/io/prometheus/simpleclient/0.16.0/simpleclient-0.16.0.jar:/home/runner/.m2/repository/io/prometheus/simpleclient_common/0.16.0/simpleclient_common-0.16.0.jar:/home/runner/.m2/repository/org/apache/hadoop/hadoop-hdfs-client/3.3.6/hadoop-hdfs-client-3.3.6.jar:/home/runner/.m2/repository/com/squareup/okhttp3/okhttp/4.12.0/okhttp-4.12.0.jar:/home/runner/.m2/repository/com/squareup/okio/okio/3.6.0/okio-3.6.0.jar:/home/runner/.m2/repository/com/squareup/okio/okio-jvm/3.6.0/okio-jvm-3.6.0.jar:/home/runner/.m2/repository/org/jetbrains/kotlin/kotlin-stdlib-jdk8/1.9.22/kotlin-stdlib-jdk8-1.9.22.jar:/home/runner/.m2/repository/org/jetbrains/kotlin/kotlin-stdlib-jdk7/1.9.22/kotlin-stdlib-jdk7-1.9.22.jar:/home/runner/.m2/repository/org/jetbrains/kotlin/kotlin-stdlib-common/1.9.22/kotlin-stdlib-common-1.9.22.jar:/home/runner/work/ozone/ozone/hadoop-hdds/rocksdb-checkpoint-differ/target/classes:/home/runner/work/ozone/ozone/hadoop-hdds/rocks-native/target/classes:/home/runner/.m2/repository/org/jgrapht/jgrapht-core/1.4.0/jgrapht-core-1.4.0.jar:/home/runner/.m2/repository/org/jheaps/jheaps/0.11/jheaps-0.11.jar:/home/runner/.m2/repository/org/jgrapht/jgrapht-ext/1.4.0/jgrapht-ext-1.4.0.jar:/home/runner/.m2/repository/com/github/vlsi/mxgraph/jgraphx/3.9.8.1/jgraphx-3.9.8.1.jar:/home/runner/work/ozone/ozone/hadoop-hdds/client/target/classes:/home/runner/work/ozone/ozone/hadoop-hdds/erasurecode/target/classes:/home/runner/.m2/repository/commons-codec/commons-codec/1.15/commons-codec-1.15.jar:/home/runner/.m2/repository/io/dropwizard/metrics/metrics-core/3.2.4/metrics-core-3.2.4.jar:/home/runner/.m2/repository/org/slf4j/slf4j-api/2.0.12/slf4j-api-2.0.12.jar:/home/runner/.m2/repository/org/yaml/snakeyaml/2.0/snakeyaml-2.0.jar:/home/runner/work/ozone/ozone/hadoop-hdds/docs/target/classes:/home/runner/.m2/repository/jakarta/xml/bind/jakarta.xml.bind-api/2.3.3/jakarta.xml.bind-api-2.3.3.jar:/home/runner/.m2/repository/jakarta/activation/jakarta.activation-api/1.2.2/jakarta.activation-api-1.2.2.jar:/home/runner/.m2/repository/org/glassfish/jaxb/jaxb-runtime/2.3.9/jaxb-runtime-2.3.9.jar:/home/runner/.m2/repository/org/glassfish/jaxb/txw2/2.3.9/txw2-2.3.9.jar:/home/runner/.m2/repository/com/sun/istack/istack-commons-runtime/3.0.12/istack-commons-runtime-3.0.12.jar:/home/runner/.m2/repository/com/sun/activation/jakarta.activation/1.2.2/jakarta.activation-1.2.2.jar:/home/runner/.m2/repository/io/netty/netty-transport/4.1.100.Final/netty-transport-4.1.100.Final.jar:/home/runner/.m2/repository/io/netty/netty-common/4.1.100.Final/netty-common-4.1.100.Final.jar:/home/runner/.m2/repository/io/netty/netty-buffer/4.1.100.Final/netty-buffer-4.1.100.Final.jar:/home/runner/.m2/repository/io/netty/netty-resolver/4.1.100.Final/netty-resolver-4.1.100.Final.jar:/home/runner/.m2/repository/io/netty/netty-codec/4.1.100.Final/netty-codec-4.1.100.Final.jar:/home/runner/.m2/repository/io/netty/netty-handler/4.1.100.Final/netty-handler-4.1.100.Final.jar:/home/runner/.m2/repository/io/netty/netty-transport-native-unix-common/4.1.100.Final/netty-transport-native-unix-common-4.1.100.Final.jar:/home/runner/.m2/repository/org/apache/commons/commons-text/1.11.0/commons-text-1.11.0.jar:/home/runner/work/ozone/ozone/hadoop-hdds/common/target/test-classes:/home/runner/work/ozone/ozone/hadoop-hdds/hadoop-dependency-test/target/classes:/home/runner/.m2/repository/org/apache/hadoop/hadoop-common/3.3.6/hadoop-common-3.3.6-tests.jar:/home/runner/.m2/repository/org/apache/hadoop/hadoop-hdfs/3.3.6/hadoop-hdfs-3.3.6-tests.jar:/home/runner/.m2/repository/org/assertj/assertj-core/3.12.2/assertj-core-3.12.2.jar:/home/runner/.m2/repository/org/junit/jupiter/junit-jupiter-api/5.10.2/junit-jupiter-api-5.10.2.jar:/home/runner/.m2/repository/org/opentest4j/opentest4j/1.3.0/opentest4j-1.3.0.jar:/home/runner/.m2/repository/org/junit/platform/junit-platform-commons/1.10.2/junit-platform-commons-1.10.2.jar:/home/runner/.m2/repository/org/apiguardian/apiguardian-api/1.1.2/apiguardian-api-1.1.2.jar:/home/runner/.m2/repository/org/junit/jupiter/junit-jupiter-engine/5.10.2/junit-jupiter-engine-5.10.2.jar:/home/runner/.m2/repository/org/junit/platform/junit-platform-engine/1.10.2/junit-platform-engine-1.10.2.jar:/home/runner/.m2/repository/org/junit/jupiter/junit-jupiter-params/5.10.2/junit-jupiter-params-5.10.2.jar:/home/runner/.m2/repository/org/mockito/mockito-core/4.11.0/mockito-core-4.11.0.jar:/home/runner/.m2/repository/net/bytebuddy/byte-buddy/1.12.19/byte-buddy-1.12.19.jar:/home/runner/.m2/repository/net/bytebuddy/byte-buddy-agent/1.12.19/byte-buddy-agent-1.12.19.jar:/home/runner/.m2/repository/org/objenesis/objenesis/3.3/objenesis-3.3.jar:/home/runner/.m2/repository/org/mockito/mockito-junit-jupiter/4.11.0/mockito-junit-jupiter-4.11.0.jar:/home/runner/work/ozone/ozone/hadoop-hdds/test-utils/target/classes:/home/runner/.m2/repository/commons-logging/commons-logging/1.2/commons-logging-1.2.jar:/home/runner/work/ozone/ozone/hadoop-hdds/container-service/target/gradle-enterprise/test-listeners.jar:"/>
    <property name="sun.cpu.endian" value="little"/>
    <property name="user.home" value="/home/runner"/>
    <property name="user.language" value="en"/>
    <property name="java.specification.vendor" value="Oracle Corporation"/>
    <property name="java.home" value="/usr/lib/jvm/temurin-8-jdk-amd64/jre"/>
    <property name="java.security.krb5.conf" value="/home/runner/work/ozone/ozone/hadoop-hdds/container-service/target/test-classes/krb5.conf"/>
    <property name="file.separator" value="/"/>
    <property name="basedir" value="/home/runner/work/ozone/ozone/hadoop-hdds/container-service"/>
    <property name="line.separator" value="&#10;"/>
    <property name="java.vm.specification.vendor" value="Oracle Corporation"/>
    <property name="java.specification.name" value="Java Platform API Specification"/>
    <property name="skip.installnpx" value="true"/>
    <property name="java.awt.graphicsenv" value="sun.awt.X11GraphicsEnvironment"/>
    <property name="surefire.fork.timeout" value="3600"/>
    <property name="surefire.real.class.path" value="/home/runner/work/ozone/ozone/hadoop-hdds/container-service/target/surefire/surefirebooter1570993966176267596.jar:/home/runner/.m2/repository/org/jacoco/org.jacoco.agent/0.8.12/org.jacoco.agent-0.8.12-runtime.jar"/>
    <property name="sun.boot.class.path" value="/usr/lib/jvm/temurin-8-jdk-amd64/jre/lib/resources.jar:/usr/lib/jvm/temurin-8-jdk-amd64/jre/lib/rt.jar:/usr/lib/jvm/temurin-8-jdk-amd64/jre/lib/sunrsasign.jar:/usr/lib/jvm/temurin-8-jdk-amd64/jre/lib/jsse.jar:/usr/lib/jvm/temurin-8-jdk-amd64/jre/lib/jce.jar:/usr/lib/jvm/temurin-8-jdk-amd64/jre/lib/charsets.jar:/usr/lib/jvm/temurin-8-jdk-amd64/jre/lib/jfr.jar:/usr/lib/jvm/temurin-8-jdk-amd64/jre/classes"/>
    <property name="hadoop.log.dir" value="/home/runner/work/ozone/ozone/hadoop-hdds/container-service/target/log"/>
    <property name="sun.management.compiler" value="HotSpot 64-Bit Tiered Compilers"/>
    <property name="java.runtime.version" value="1.8.0_402-b06"/>
    <property name="skip.npx" value="true"/>
    <property name="user.name" value="runner"/>
    <property name="java.net.preferIPv4Stack" value="true"/>
    <property name="path.separator" value=":"/>
    <property name="java.security.egd" value="file:///dev/urandom"/>
    <property name="os.version" value="5.15.0-1059-azure"/>
    <property name="java.endorsed.dirs" value="/usr/lib/jvm/temurin-8-jdk-amd64/jre/lib/endorsed"/>
    <property name="java.runtime.name" value="OpenJDK Runtime Environment"/>
    <property name="com.gradle.maven.scan.extension.test.listener.junitplatform.NestedExecutionSafeDelegatingTestExecutionListener" value="62ade015"/>
    <property name="file.encoding" value="UTF-8"/>
    <property name="java.vm.name" value="OpenJDK 64-Bit Server VM"/>
    <property name="test.build.webapps" value=""/>
    <property name="localRepository" value="/home/runner/.m2/repository"/>
    <property name="gradle.enterprise.listener.port" value="41587"/>
    <property name="java.vendor.url.bug" value="https://github.com/adoptium/adoptium-support/issues"/>
    <property name="require.test.libhadoop" value=""/>
    <property name="java.io.tmpdir" value="/tmp"/>
    <property name="java.version" value="1.8.0_402"/>
    <property name="surefire.rerunFailingTestsCount" value="5"/>
    <property name="user.dir" value="/home/runner/work/ozone/ozone/hadoop-hdds/container-service"/>
    <property name="os.arch" value="amd64"/>
    <property name="test.build.classes" value="/home/runner/work/ozone/ozone/hadoop-hdds/container-service/target/test-classes"/>
    <property name="java.vm.specification.name" value="Java Virtual Machine Specification"/>
    <property name="java.awt.printerjob" value="sun.print.PSPrinterJob"/>
    <property name="sun.os.patch.level" value="unknown"/>
    <property name="hadoop.tmp.dir" value="/home/runner/work/ozone/ozone/hadoop-hdds/container-service/target/tmp"/>
    <property name="java.library.path" value="/usr/java/packages/lib/amd64:/usr/lib64:/lib64:/lib:/usr/lib"/>
    <property name="java.vendor" value="Temurin"/>
    <property name="java.vm.info" value="mixed mode"/>
    <property name="java.vm.version" value="25.402-b06"/>
    <property name="java.specification.maintenance.version" value="5"/>
    <property name="sun.io.unicode.encoding" value="UnicodeLittle"/>
    <property name="java.ext.dirs" value="/usr/lib/jvm/temurin-8-jdk-amd64/jre/lib/ext:/usr/java/packages/lib/ext"/>
    <property name="java.class.version" value="52.0"/>
  </properties>
  <testcase name="testCertificateRotationRecoverableFailure" classname="org.apache.hadoop.ozone.TestHddsSecureDatanodeInit" time="30.223">
    <error type="java.util.concurrent.TimeoutException"><![CDATA[java.util.concurrent.TimeoutException: 
Timed out waiting for condition. Thread diagnostics:
Timestamp: 2024-04-16 03:23:04,364

"gradle-enterprise-test-client-gradle-enterprise-test-listener"  prio=5 tid=14 in Object.wait()
java.lang.Thread.State: WAITING (on object monitor)
        at sun.misc.Unsafe.park(Native Method)
        at java.util.concurrent.locks.LockSupport.park(LockSupport.java:175)
        at java.util.concurrent.locks.AbstractQueuedSynchronizer$ConditionObject.await(AbstractQueuedSynchronizer.java:2039)
        at java.util.concurrent.ArrayBlockingQueue.take(ArrayBlockingQueue.java:403)
        at com.gradle.maven.scan.extension.test.listener.obfuscated.k.a.a(SourceFile:130)
        at com.gradle.maven.scan.extension.test.listener.obfuscated.k.a.b(SourceFile:93)
        at com.gradle.maven.scan.extension.test.listener.obfuscated.k.a$$Lambda$270/1165303897.run(Unknown Source)
        at java.util.concurrent.Executors$RunnableAdapter.call(Executors.java:511)
        at java.util.concurrent.FutureTask.run(FutureTask.java:266)
        at java.util.concurrent.ThreadPoolExecutor.runWorker(ThreadPoolExecutor.java:1149)
        at java.util.concurrent.ThreadPoolExecutor$Worker.run(ThreadPoolExecutor.java:624)
        at java.lang.Thread.run(Thread.java:750)
"95f37b03-1813-4ecb-9fab-ad96af3cf4a2-dn-CertificateRenewerService" daemon prio=5 tid=19 runnable
java.lang.Thread.State: RUNNABLE
        at java.math.MutableBigInteger.divideKnuth(MutableBigInteger.java:1227)
        at java.math.MutableBigInteger.divideKnuth(MutableBigInteger.java:1163)
        at java.math.BigInteger.remainderKnuth(BigInteger.java:2266)
        at java.math.BigInteger.remainder(BigInteger.java:2254)
        at java.math.BigInteger.mod(BigInteger.java:2563)
        at java.math.BigInteger.lucasLehmerSequence(BigInteger.java:984)
        at java.math.BigInteger.passesLucasLehmer(BigInteger.java:914)
        at java.math.BigInteger.primeToCertainty(BigInteger.java:894)
        at java.math.BigInteger.isProbablePrime(BigInteger.java:3603)
        at org.bouncycastle.util.BigIntegers.createRandomPrime(Unknown Source)
        at org.bouncycastle.crypto.generators.RSAKeyPairGenerator.chooseRandomPrime(Unknown Source)
        at org.bouncycastle.crypto.generators.RSAKeyPairGenerator.generateKeyPair(Unknown Source)
        at org.bouncycastle.jcajce.provider.asymmetric.rsa.KeyPairGeneratorSpi.generateKeyPair(Unknown Source)
        at org.apache.hadoop.hdds.security.x509.keys.HDDSKeyGenerator.generateKey(HDDSKeyGenerator.java:109)
        at org.apache.hadoop.hdds.security.x509.keys.HDDSKeyGenerator.generateKey(HDDSKeyGenerator.java:68)
        at org.apache.hadoop.hdds.security.x509.certificate.client.DefaultCertificateClient.createKeyPair(DefaultCertificateClient.java:941)
        at org.apache.hadoop.hdds.security.x509.certificate.client.DefaultCertificateClient.renewAndStoreKeyAndCertificate(DefaultCertificateClient.java:1141)
        at org.apache.hadoop.hdds.security.x509.certificate.client.DefaultCertificateClient$CertificateRenewerService.run(DefaultCertificateClient.java:1462)
        at java.util.concurrent.Executors$RunnableAdapter.call(Executors.java:511)
        at java.util.concurrent.FutureTask.runAndReset(FutureTask.java:308)
        at java.util.concurrent.ScheduledThreadPoolExecutor$ScheduledFutureTask.access$301(ScheduledThreadPoolExecutor.java:180)
        at java.util.concurrent.ScheduledThreadPoolExecutor$ScheduledFutureTask.run(ScheduledThreadPoolExecutor.java:294)
        at java.util.concurrent.ThreadPoolExecutor.runWorker(ThreadPoolExecutor.java:1149)
        at java.util.concurrent.ThreadPoolExecutor$Worker.run(ThreadPoolExecutor.java:624)
        at java.lang.Thread.run(Thread.java:750)
"Timer for 'HddsDatanode' metrics system" daemon prio=5 tid=17 timed_waiting
java.lang.Thread.State: TIMED_WAITING
        at java.lang.Object.wait(Native Method)
        at java.util.TimerThread.mainLoop(Timer.java:552)
        at java.util.TimerThread.run(Timer.java:505)
"Reference Handler" daemon prio=10 tid=2 in Object.wait()
java.lang.Thread.State: WAITING (on object monitor)
        at java.lang.Object.wait(Native Method)
        at java.lang.Object.wait(Object.java:502)
        at java.lang.ref.Reference.tryHandlePending(Reference.java:191)
        at java.lang.ref.Reference$ReferenceHandler.run(Reference.java:153)
"Signal Dispatcher" daemon prio=9 tid=4 runnable
java.lang.Thread.State: RUNNABLE
"surefire-forkedjvm-ping-30s" daemon prio=5 tid=11 timed_waiting
java.lang.Thread.State: TIMED_WAITING
        at sun.misc.Unsafe.park(Native Method)
        at java.util.concurrent.locks.LockSupport.parkNanos(LockSupport.java:215)
        at java.util.concurrent.locks.AbstractQueuedSynchronizer$ConditionObject.awaitNanos(AbstractQueuedSynchronizer.java:2078)
        at java.util.concurrent.ScheduledThreadPoolExecutor$DelayedWorkQueue.take(ScheduledThreadPoolExecutor.java:1093)
        at java.util.concurrent.ScheduledThreadPoolExecutor$DelayedWorkQueue.take(ScheduledThreadPoolExecutor.java:809)
        at java.util.concurrent.ThreadPoolExecutor.getTask(ThreadPoolExecutor.java:1074)
        at java.util.concurrent.ThreadPoolExecutor.runWorker(ThreadPoolExecutor.java:1134)
        at java.util.concurrent.ThreadPoolExecutor$Worker.run(ThreadPoolExecutor.java:624)
        at java.lang.Thread.run(Thread.java:750)
"Attach Listener" daemon prio=9 tid=18 runnable
java.lang.Thread.State: RUNNABLE
"surefire-forkedjvm-command-thread" daemon prio=5 tid=10 runnable
java.lang.Thread.State: RUNNABLE
        at java.io.FileInputStream.readBytes(Native Method)
        at java.io.FileInputStream.read(FileInputStream.java:255)
        at java.io.BufferedInputStream.fill(BufferedInputStream.java:246)
        at java.io.BufferedInputStream.read(BufferedInputStream.java:265)
        at java.io.DataInputStream.readInt(DataInputStream.java:387)
        at org.apache.maven.surefire.booter.MasterProcessCommand.decode(MasterProcessCommand.java:113)
        at org.apache.maven.surefire.booter.CommandReader$CommandRunnable.run(CommandReader.java:383)
        at java.lang.Thread.run(Thread.java:750)
"process reaper" daemon prio=10 tid=13 timed_waiting
java.lang.Thread.State: TIMED_WAITING
        at sun.misc.Unsafe.park(Native Method)
        at java.util.concurrent.locks.LockSupport.parkNanos(LockSupport.java:215)
        at java.util.concurrent.SynchronousQueue$TransferStack.awaitFulfill(SynchronousQueue.java:460)
        at java.util.concurrent.SynchronousQueue$TransferStack.transfer(SynchronousQueue.java:362)
        at java.util.concurrent.SynchronousQueue.poll(SynchronousQueue.java:941)
        at java.util.concurrent.ThreadPoolExecutor.getTask(ThreadPoolExecutor.java:1073)
        at java.util.concurrent.ThreadPoolExecutor.runWorker(ThreadPoolExecutor.java:1134)
        at java.util.concurrent.ThreadPoolExecutor$Worker.run(ThreadPoolExecutor.java:624)
        at java.lang.Thread.run(Thread.java:750)
"Finalizer" daemon prio=8 tid=3 in Object.wait()
java.lang.Thread.State: WAITING (on object monitor)
        at java.lang.Object.wait(Native Method)
        at java.lang.ref.ReferenceQueue.remove(ReferenceQueue.java:144)
        at java.lang.ref.ReferenceQueue.remove(ReferenceQueue.java:165)
        at java.lang.ref.Finalizer$FinalizerThread.run(Finalizer.java:188)
"main"  prio=5 tid=1 runnable
java.lang.Thread.State: RUNNABLE
        at java.lang.Thread.dumpThreads(Native Method)
        at java.lang.Thread.getAllStackTraces(Thread.java:1615)
        at org.apache.ozone.test.TimedOutTestsListener.buildThreadDump(TimedOutTestsListener.java:83)
        at org.apache.ozone.test.TimedOutTestsListener.buildThreadDiagnosticString(TimedOutTestsListener.java:69)
        at org.apache.ozone.test.GenericTestUtils.waitFor(GenericTestUtils.java:204)
        at org.apache.hadoop.ozone.TestHddsSecureDatanodeInit.testCertificateRotationRecoverableFailure(TestHddsSecureDatanodeInit.java:444)
        at sun.reflect.NativeMethodAccessorImpl.invoke0(Native Method)
        at sun.reflect.NativeMethodAccessorImpl.invoke(NativeMethodAccessorImpl.java:62)
        at sun.reflect.DelegatingMethodAccessorImpl.invoke(DelegatingMethodAccessorImpl.java:43)
        at java.lang.reflect.Method.invoke(Method.java:498)
        at org.junit.platform.commons.util.ReflectionUtils.invokeMethod(ReflectionUtils.java:728)
        at org.junit.jupiter.engine.execution.MethodInvocation.proceed(MethodInvocation.java:60)
        at org.junit.jupiter.engine.execution.InvocationInterceptorChain$ValidatingInvocation.proceed(InvocationInterceptorChain.java:131)
        at org.junit.jupiter.engine.extension.TimeoutExtension.intercept(TimeoutExtension.java:156)
        at org.junit.jupiter.engine.extension.TimeoutExtension.interceptTestableMethod(TimeoutExtension.java:147)
        at org.junit.jupiter.engine.extension.TimeoutExtension.interceptTestMethod(TimeoutExtension.java:86)
        at org.junit.jupiter.engine.descriptor.TestMethodTestDescriptor$$Lambda$179/24119573.apply(Unknown Source)
        at org.junit.jupiter.engine.execution.InterceptingExecutableInvoker$ReflectiveInterceptorCall.lambda$ofVoidMethod$0(InterceptingExecutableInvoker.java:103)
        at org.junit.jupiter.engine.execution.InterceptingExecutableInvoker$ReflectiveInterceptorCall$$Lambda$180/836220863.apply(Unknown Source)
        at org.junit.jupiter.engine.execution.InterceptingExecutableInvoker.lambda$invoke$0(InterceptingExecutableInvoker.java:93)
        at org.junit.jupiter.engine.execution.InterceptingExecutableInvoker$$Lambda$408/1320105604.apply(Unknown Source)
        at org.junit.jupiter.engine.execution.InvocationInterceptorChain$InterceptedInvocation.proceed(InvocationInterceptorChain.java:106)
        at org.junit.jupiter.engine.execution.InvocationInterceptorChain.proceed(InvocationInterceptorChain.java:64)
        at org.junit.jupiter.engine.execution.InvocationInterceptorChain.chainAndInvoke(InvocationInterceptorChain.java:45)
        at org.junit.jupiter.engine.execution.InvocationInterceptorChain.invoke(InvocationInterceptorChain.java:37)
        at org.junit.jupiter.engine.execution.InterceptingExecutableInvoker.invoke(InterceptingExecutableInvoker.java:92)
        at org.junit.jupiter.engine.execution.InterceptingExecutableInvoker.invoke(InterceptingExecutableInvoker.java:86)
        at org.junit.jupiter.engine.descriptor.TestMethodTestDescriptor.lambda$invokeTestMethod$7(TestMethodTestDescriptor.java:218)
        at org.junit.jupiter.engine.descriptor.TestMethodTestDescriptor$$Lambda$503/987263357.execute(Unknown Source)
        at org.junit.platform.engine.support.hierarchical.ThrowableCollector.execute(ThrowableCollector.java:73)
        at org.junit.jupiter.engine.descriptor.TestMethodTestDescriptor.invokeTestMethod(TestMethodTestDescriptor.java:214)
        at org.junit.jupiter.engine.descriptor.TestMethodTestDescriptor.execute(TestMethodTestDescriptor.java:139)
        at org.junit.jupiter.engine.descriptor.TestMethodTestDescriptor.execute(TestMethodTestDescriptor.java:69)
        at org.junit.platform.engine.support.hierarchical.NodeTestTask.lambda$executeRecursively$6(NodeTestTask.java:151)
        at org.junit.platform.engine.support.hierarchical.NodeTestTask$$Lambda$331/938545229.execute(Unknown Source)
        at org.junit.platform.engine.support.hierarchical.ThrowableCollector.execute(ThrowableCollector.java:73)
        at org.junit.platform.engine.support.hierarchical.NodeTestTask.lambda$executeRecursively$8(NodeTestTask.java:141)
        at org.junit.platform.engine.support.hierarchical.NodeTestTask$$Lambda$330/1946645411.invoke(Unknown Source)
        at org.junit.platform.engine.support.hierarchical.Node.around(Node.java:137)
        at org.junit.platform.engine.support.hierarchical.NodeTestTask.lambda$executeRecursively$9(NodeTestTask.java:139)
        at org.junit.platform.engine.support.hierarchical.NodeTestTask$$Lambda$329/1050065615.execute(Unknown Source)
        at org.junit.platform.engine.support.hierarchical.ThrowableCollector.execute(ThrowableCollector.java:73)
        at org.junit.platform.engine.support.hierarchical.NodeTestTask.executeRecursively(NodeTestTask.java:138)
        at org.junit.platform.engine.support.hierarchical.NodeTestTask.execute(NodeTestTask.java:95)
        at org.junit.platform.engine.support.hierarchical.SameThreadHierarchicalTestExecutorService$$Lambda$335/90767234.accept(Unknown Source)
        at java.util.ArrayList.forEach(ArrayList.java:1259)
        at org.junit.platform.engine.support.hierarchical.SameThreadHierarchicalTestExecutorService.invokeAll(SameThreadHierarchicalTestExecutorService.java:41)
        at org.junit.platform.engine.support.hierarchical.NodeTestTask.lambda$executeRecursively$6(NodeTestTask.java:155)
        at org.junit.platform.engine.support.hierarchical.NodeTestTask$$Lambda$331/938545229.execute(Unknown Source)
        at org.junit.platform.engine.support.hierarchical.ThrowableCollector.execute(ThrowableCollector.java:73)
        at org.junit.platform.engine.support.hierarchical.NodeTestTask.lambda$executeRecursively$8(NodeTestTask.java:141)
        at org.junit.platform.engine.support.hierarchical.NodeTestTask$$Lambda$330/1946645411.invoke(Unknown Source)
        at org.junit.platform.engine.support.hierarchical.Node.around(Node.java:137)
        at org.junit.platform.engine.support.hierarchical.NodeTestTask.lambda$executeRecursively$9(NodeTestTask.java:139)
        at org.junit.platform.engine.support.hierarchical.NodeTestTask$$Lambda$329/1050065615.execute(Unknown Source)
        at org.junit.platform.engine.support.hierarchical.ThrowableCollector.execute(ThrowableCollector.java:73)
        at org.junit.platform.engine.support.hierarchical.NodeTestTask.executeRecursively(NodeTestTask.java:138)
        at org.junit.platform.engine.support.hierarchical.NodeTestTask.execute(NodeTestTask.java:95)
        at org.junit.platform.engine.support.hierarchical.SameThreadHierarchicalTestExecutorService$$Lambda$335/90767234.accept(Unknown Source)
        at java.util.ArrayList.forEach(ArrayList.java:1259)
        at org.junit.platform.engine.support.hierarchical.SameThreadHierarchicalTestExecutorService.invokeAll(SameThreadHierarchicalTestExecutorService.java:41)
        at org.junit.platform.engine.support.hierarchical.NodeTestTask.lambda$executeRecursively$6(NodeTestTask.java:155)
        at org.junit.platform.engine.support.hierarchical.NodeTestTask$$Lambda$331/938545229.execute(Unknown Source)
        at org.junit.platform.engine.support.hierarchical.ThrowableCollector.execute(ThrowableCollector.java:73)
        at org.junit.platform.engine.support.hierarchical.NodeTestTask.lambda$executeRecursively$8(NodeTestTask.java:141)
        at org.junit.platform.engine.support.hierarchical.NodeTestTask$$Lambda$330/1946645411.invoke(Unknown Source)
        at org.junit.platform.engine.support.hierarchical.Node.around(Node.java:137)
        at org.junit.platform.engine.support.hierarchical.NodeTestTask.lambda$executeRecursively$9(NodeTestTask.java:139)
        at org.junit.platform.engine.support.hierarchical.NodeTestTask$$Lambda$329/1050065615.execute(Unknown Source)
        at org.junit.platform.engine.support.hierarchical.ThrowableCollector.execute(ThrowableCollector.java:73)
        at org.junit.platform.engine.support.hierarchical.NodeTestTask.executeRecursively(NodeTestTask.java:138)
        at org.junit.platform.engine.support.hierarchical.NodeTestTask.execute(NodeTestTask.java:95)
        at org.junit.platform.engine.support.hierarchical.SameThreadHierarchicalTestExecutorService.submit(SameThreadHierarchicalTestExecutorService.java:35)
        at org.junit.platform.engine.support.hierarchical.HierarchicalTestExecutor.execute(HierarchicalTestExecutor.java:57)
        at org.junit.platform.engine.support.hierarchical.HierarchicalTestEngine.execute(HierarchicalTestEngine.java:54)
        at org.junit.platform.launcher.core.EngineExecutionOrchestrator.execute(EngineExecutionOrchestrator.java:198)
        at org.junit.platform.launcher.core.EngineExecutionOrchestrator.execute(EngineExecutionOrchestrator.java:169)
        at org.junit.platform.launcher.core.EngineExecutionOrchestrator.execute(EngineExecutionOrchestrator.java:93)
        at org.junit.platform.launcher.core.EngineExecutionOrchestrator.lambda$execute$0(EngineExecutionOrchestrator.java:58)
        at org.junit.platform.launcher.core.EngineExecutionOrchestrator$$Lambda$249/1364913072.accept(Unknown Source)
        at org.junit.platform.launcher.core.EngineExecutionOrchestrator.withInterceptedStreams(EngineExecutionOrchestrator.java:141)
        at org.junit.platform.launcher.core.EngineExecutionOrchestrator.execute(EngineExecutionOrchestrator.java:57)
        at org.junit.platform.launcher.core.DefaultLauncher.execute(DefaultLauncher.java:103)
        at org.junit.platform.launcher.core.DefaultLauncher.execute(DefaultLauncher.java:85)
        at org.junit.platform.launcher.core.DelegatingLauncher.execute(DelegatingLauncher.java:47)
        at org.junit.platform.launcher.core.SessionPerRequestLauncher.execute(SessionPerRequestLauncher.java:63)
        at org.apache.maven.surefire.junitplatform.JUnitPlatformProvider.invokeAllTests(JUnitPlatformProvider.java:154)
        at org.apache.maven.surefire.junitplatform.JUnitPlatformProvider.invoke(JUnitPlatformProvider.java:123)
        at org.apache.maven.surefire.booter.ForkedBooter.runSuitesInProcess(ForkedBooter.java:377)
        at org.apache.maven.surefire.booter.ForkedBooter.execute(ForkedBooter.java:138)
        at org.apache.maven.surefire.booter.ForkedBooter.run(ForkedBooter.java:465)
        at org.apache.maven.surefire.booter.ForkedBooter.main(ForkedBooter.java:451)


	at org.apache.ozone.test.GenericTestUtils.waitFor(GenericTestUtils.java:204)
	at org.apache.hadoop.ozone.TestHddsSecureDatanodeInit.testCertificateRotationRecoverableFailure(TestHddsSecureDatanodeInit.java:444)
	at java.lang.reflect.Method.invoke(Method.java:498)
	at java.util.ArrayList.forEach(ArrayList.java:1259)
	at java.util.ArrayList.forEach(ArrayList.java:1259)
]]></error>
    <system-out><![CDATA[2024-04-16 15:22:32,358 [main] INFO  metrics.MetricRegistries (MetricRegistriesLoader.java:load(64)) - Loaded MetricRegistries class org.apache.ratis.metrics.dropwizard3.Dm3MetricRegistriesImpl
2024-04-16 15:22:32,422 [main] WARN  impl.MetricsConfig (MetricsConfig.java:loadFirst(136)) - Cannot locate configuration: tried hadoop-metrics2-hddsdatanode.properties,hadoop-metrics2.properties
2024-04-16 15:22:32,543 [main] INFO  impl.MetricsSystemImpl (MetricsSystemImpl.java:startTimer(378)) - Scheduled Metric snapshot period at 10 second(s).
2024-04-16 15:22:32,544 [main] INFO  impl.MetricsSystemImpl (MetricsSystemImpl.java:start(191)) - HddsDatanode metrics system started
2024-04-16 15:22:32,625 [main] INFO  ozone.HddsDatanodeService (HddsDatanodeService.java:start(240)) - HddsDatanodeService host:fv-az699-832.gws2011vpwuupmkks00dozwttg.bx.internal.cloudapp.net ip:10.1.0.30
2024-04-16 15:22:32,646 [main] INFO  ozone.HddsDatanodeService (HddsDatanodeService.java:initializeCertificateClient(388)) - Initializing secure Datanode.
2024-04-16 15:22:33,493 [main] INFO  client.DNCertificateClient (DefaultCertificateClient.java:updateCertSerialId(1313)) - Certificate serial ID set to null
2024-04-16 15:22:33,495 [main] ERROR client.DNCertificateClient (DefaultCertificateClient.java:getCertPath(376)) - Default certificate serial id is not set. Can't locate the default certificate for this client.
2024-04-16 15:22:33,496 [main] INFO  client.DNCertificateClient (DefaultCertificateClient.java:init(720)) - Certificate client init case: 0
2024-04-16 15:22:33,505 [main] INFO  client.DNCertificateClient (DefaultCertificateClient.java:handleCase(738)) - Creating keypair for client as keypair and certificate not found.
2024-04-16 15:22:33,943 [main] INFO  client.DNCertificateClient (DefaultCertificateClient.java:recoverStateIfNeeded(800)) - Init response: GETCERT
2024-04-16 15:22:33,959 [main] INFO  ozone.OzoneSecurityUtil (OzoneSecurityUtil.java:getValidInetsForCurrentHost(116)) - Adding ip:fe80:0:0:0:20d:3aff:fe1b:d32f%eth0,host:fe80:0:0:0:20d:3aff:fe1b:d32f%eth0
2024-04-16 15:22:33,969 [main] INFO  ozone.OzoneSecurityUtil (OzoneSecurityUtil.java:getValidInetsForCurrentHost(116)) - Adding ip:10.1.0.30,host:fv-az699-832.gws2011vpwuupmkks00dozwttg.bx.internal.cloudapp.net
2024-04-16 15:22:33,969 [main] INFO  ozone.OzoneSecurityUtil (OzoneSecurityUtil.java:getValidInetsForCurrentHost(116)) - Adding ip:0:0:0:0:0:0:0:1%lo,host:localhost
2024-04-16 15:22:33,970 [main] INFO  ozone.OzoneSecurityUtil (OzoneSecurityUtil.java:getValidInetsForCurrentHost(119)) - ip:127.0.0.1 not returned.
2024-04-16 15:22:34,143 [main] INFO  utils.SelfSignedCertificate (SelfSignedCertificate.java:generateCertificate(157)) - Certificate 150174 is issued by CN=localhost,OU=test,O=cluster,SERIALNUMBER=150174 to CN=localhost,OU=test,O=cluster,SERIALNUMBER=150174, valid from Tue Apr 16 15:22:34 UTC 2024 to Tue Apr 16 15:22:49 UTC 2024
2024-04-16 15:22:34,179 [main] INFO  client.DNCertificateClient (DefaultCertificateClient.java:updateCertSerialId(1313)) - Certificate serial ID set to 150174
2024-04-16 15:22:34,180 [main] WARN  client.DNCertificateClient (DefaultCertificateClient.java:loadAllCertificates(179)) - Certificates could not be loaded.
java.nio.file.NoSuchFileException: /tmp/junit4853326334488215179/dn/certs
	at sun.nio.fs.UnixException.translateToIOException(UnixException.java:86)
	at sun.nio.fs.UnixException.rethrowAsIOException(UnixException.java:102)
	at sun.nio.fs.UnixException.rethrowAsIOException(UnixException.java:107)
	at sun.nio.fs.UnixFileSystemProvider.newDirectoryStream(UnixFileSystemProvider.java:427)
	at java.nio.file.Files.newDirectoryStream(Files.java:457)
	at java.nio.file.Files.list(Files.java:3451)
	at org.apache.hadoop.hdds.security.x509.certificate.client.DefaultCertificateClient.loadAllCertificates(DefaultCertificateClient.java:174)
	at org.apache.hadoop.hdds.security.x509.certificate.client.DefaultCertificateClient.updateCertSerialId(DefaultCertificateClient.java:1314)
	at org.apache.hadoop.hdds.security.x509.certificate.client.DefaultCertificateClient.<init>(DefaultCertificateClient.java:163)
	at org.apache.hadoop.hdds.security.x509.certificate.client.DNCertificateClient.<init>(DNCertificateClient.java:60)
	at org.apache.hadoop.ozone.TestHddsSecureDatanodeInit.setUpDNCertClient(TestHddsSecureDatanodeInit.java:159)
	at sun.reflect.NativeMethodAccessorImpl.invoke0(Native Method)
	at sun.reflect.NativeMethodAccessorImpl.invoke(NativeMethodAccessorImpl.java:62)
	at sun.reflect.DelegatingMethodAccessorImpl.invoke(DelegatingMethodAccessorImpl.java:43)
	at java.lang.reflect.Method.invoke(Method.java:498)
	at org.junit.platform.commons.util.ReflectionUtils.invokeMethod(ReflectionUtils.java:728)
	at org.junit.jupiter.engine.execution.MethodInvocation.proceed(MethodInvocation.java:60)
	at org.junit.jupiter.engine.execution.InvocationInterceptorChain$ValidatingInvocation.proceed(InvocationInterceptorChain.java:131)
	at org.junit.jupiter.engine.extension.TimeoutExtension.intercept(TimeoutExtension.java:156)
	at org.junit.jupiter.engine.extension.TimeoutExtension.interceptLifecycleMethod(TimeoutExtension.java:128)
	at org.junit.jupiter.engine.extension.TimeoutExtension.interceptBeforeEachMethod(TimeoutExtension.java:78)
	at org.junit.jupiter.engine.execution.InterceptingExecutableInvoker$ReflectiveInterceptorCall.lambda$ofVoidMethod$0(InterceptingExecutableInvoker.java:103)
	at org.junit.jupiter.engine.execution.InterceptingExecutableInvoker.lambda$invoke$0(InterceptingExecutableInvoker.java:93)
	at org.junit.jupiter.engine.execution.InvocationInterceptorChain$InterceptedInvocation.proceed(InvocationInterceptorChain.java:106)
	at org.junit.jupiter.engine.execution.InvocationInterceptorChain.proceed(InvocationInterceptorChain.java:64)
	at org.junit.jupiter.engine.execution.InvocationInterceptorChain.chainAndInvoke(InvocationInterceptorChain.java:45)
	at org.junit.jupiter.engine.execution.InvocationInterceptorChain.invoke(InvocationInterceptorChain.java:37)
	at org.junit.jupiter.engine.execution.InterceptingExecutableInvoker.invoke(InterceptingExecutableInvoker.java:92)
	at org.junit.jupiter.engine.execution.InterceptingExecutableInvoker.invoke(InterceptingExecutableInvoker.java:86)
	at org.junit.jupiter.engine.descriptor.ClassBasedTestDescriptor.invokeMethodInExtensionContext(ClassBasedTestDescriptor.java:521)
	at org.junit.jupiter.engine.descriptor.ClassBasedTestDescriptor.lambda$synthesizeBeforeEachMethodAdapter$23(ClassBasedTestDescriptor.java:506)
	at org.junit.jupiter.engine.descriptor.TestMethodTestDescriptor.lambda$invokeBeforeEachMethods$3(TestMethodTestDescriptor.java:175)
	at org.junit.jupiter.engine.descriptor.TestMethodTestDescriptor.lambda$invokeBeforeMethodsOrCallbacksUntilExceptionOccurs$6(TestMethodTestDescriptor.java:203)
	at org.junit.platform.engine.support.hierarchical.ThrowableCollector.execute(ThrowableCollector.java:73)
	at org.junit.jupiter.engine.descriptor.TestMethodTestDescriptor.invokeBeforeMethodsOrCallbacksUntilExceptionOccurs(TestMethodTestDescriptor.java:203)
	at org.junit.jupiter.engine.descriptor.TestMethodTestDescriptor.invokeBeforeEachMethods(TestMethodTestDescriptor.java:172)
	at org.junit.jupiter.engine.descriptor.TestMethodTestDescriptor.execute(TestMethodTestDescriptor.java:135)
	at org.junit.jupiter.engine.descriptor.TestMethodTestDescriptor.execute(TestMethodTestDescriptor.java:69)
	at org.junit.platform.engine.support.hierarchical.NodeTestTask.lambda$executeRecursively$6(NodeTestTask.java:151)
	at org.junit.platform.engine.support.hierarchical.ThrowableCollector.execute(ThrowableCollector.java:73)
	at org.junit.platform.engine.support.hierarchical.NodeTestTask.lambda$executeRecursively$8(NodeTestTask.java:141)
	at org.junit.platform.engine.support.hierarchical.Node.around(Node.java:137)
	at org.junit.platform.engine.support.hierarchical.NodeTestTask.lambda$executeRecursively$9(NodeTestTask.java:139)
	at org.junit.platform.engine.support.hierarchical.ThrowableCollector.execute(ThrowableCollector.java:73)
	at org.junit.platform.engine.support.hierarchical.NodeTestTask.executeRecursively(NodeTestTask.java:138)
	at org.junit.platform.engine.support.hierarchical.NodeTestTask.execute(NodeTestTask.java:95)
	at java.util.ArrayList.forEach(ArrayList.java:1259)
	at org.junit.platform.engine.support.hierarchical.SameThreadHierarchicalTestExecutorService.invokeAll(SameThreadHierarchicalTestExecutorService.java:41)
	at org.junit.platform.engine.support.hierarchical.NodeTestTask.lambda$executeRecursively$6(NodeTestTask.java:155)
	at org.junit.platform.engine.support.hierarchical.ThrowableCollector.execute(ThrowableCollector.java:73)
	at org.junit.platform.engine.support.hierarchical.NodeTestTask.lambda$executeRecursively$8(NodeTestTask.java:141)
	at org.junit.platform.engine.support.hierarchical.Node.around(Node.java:137)
	at org.junit.platform.engine.support.hierarchical.NodeTestTask.lambda$executeRecursively$9(NodeTestTask.java:139)
	at org.junit.platform.engine.support.hierarchical.ThrowableCollector.execute(ThrowableCollector.java:73)
	at org.junit.platform.engine.support.hierarchical.NodeTestTask.executeRecursively(NodeTestTask.java:138)
	at org.junit.platform.engine.support.hierarchical.NodeTestTask.execute(NodeTestTask.java:95)
	at java.util.ArrayList.forEach(ArrayList.java:1259)
	at org.junit.platform.engine.support.hierarchical.SameThreadHierarchicalTestExecutorService.invokeAll(SameThreadHierarchicalTestExecutorService.java:41)
	at org.junit.platform.engine.support.hierarchical.NodeTestTask.lambda$executeRecursively$6(NodeTestTask.java:155)
	at org.junit.platform.engine.support.hierarchical.ThrowableCollector.execute(ThrowableCollector.java:73)
	at org.junit.platform.engine.support.hierarchical.NodeTestTask.lambda$executeRecursively$8(NodeTestTask.java:141)
	at org.junit.platform.engine.support.hierarchical.Node.around(Node.java:137)
	at org.junit.platform.engine.support.hierarchical.NodeTestTask.lambda$executeRecursively$9(NodeTestTask.java:139)
	at org.junit.platform.engine.support.hierarchical.ThrowableCollector.execute(ThrowableCollector.java:73)
	at org.junit.platform.engine.support.hierarchical.NodeTestTask.executeRecursively(NodeTestTask.java:138)
	at org.junit.platform.engine.support.hierarchical.NodeTestTask.execute(NodeTestTask.java:95)
	at org.junit.platform.engine.support.hierarchical.SameThreadHierarchicalTestExecutorService.submit(SameThreadHierarchicalTestExecutorService.java:35)
	at org.junit.platform.engine.support.hierarchical.HierarchicalTestExecutor.execute(HierarchicalTestExecutor.java:57)
	at org.junit.platform.engine.support.hierarchical.HierarchicalTestEngine.execute(HierarchicalTestEngine.java:54)
	at org.junit.platform.launcher.core.EngineExecutionOrchestrator.execute(EngineExecutionOrchestrator.java:198)
	at org.junit.platform.launcher.core.EngineExecutionOrchestrator.execute(EngineExecutionOrchestrator.java:169)
	at org.junit.platform.launcher.core.EngineExecutionOrchestrator.execute(EngineExecutionOrchestrator.java:93)
	at org.junit.platform.launcher.core.EngineExecutionOrchestrator.lambda$execute$0(EngineExecutionOrchestrator.java:58)
	at org.junit.platform.launcher.core.EngineExecutionOrchestrator.withInterceptedStreams(EngineExecutionOrchestrator.java:141)
	at org.junit.platform.launcher.core.EngineExecutionOrchestrator.execute(EngineExecutionOrchestrator.java:57)
	at org.junit.platform.launcher.core.DefaultLauncher.execute(DefaultLauncher.java:103)
	at org.junit.platform.launcher.core.DefaultLauncher.execute(DefaultLauncher.java:85)
	at org.junit.platform.launcher.core.DelegatingLauncher.execute(DelegatingLauncher.java:47)
	at org.junit.platform.launcher.core.SessionPerRequestLauncher.execute(SessionPerRequestLauncher.java:63)
	at org.apache.maven.surefire.junitplatform.JUnitPlatformProvider.invokeAllTests(JUnitPlatformProvider.java:154)
	at org.apache.maven.surefire.junitplatform.JUnitPlatformProvider.invoke(JUnitPlatformProvider.java:123)
	at org.apache.maven.surefire.booter.ForkedBooter.runSuitesInProcess(ForkedBooter.java:377)
	at org.apache.maven.surefire.booter.ForkedBooter.execute(ForkedBooter.java:138)
	at org.apache.maven.surefire.booter.ForkedBooter.run(ForkedBooter.java:465)
	at org.apache.maven.surefire.booter.ForkedBooter.main(ForkedBooter.java:451)
2024-04-16 15:22:34,191 [main] INFO  utils.CertificateCodec (CertificateCodec.java:writeCertificate(299)) - Save certificate to /tmp/junit4853326334488215179/dn/certs/certificate.crt
2024-04-16 15:22:34,191 [main] INFO  utils.CertificateCodec (CertificateCodec.java:writeCertificate(300)) - Certificate -----BEGIN CERTIFICATE-----
MIIDBzCCAe+gAwIBAgIDAkqeMA0GCSqGSIb3DQEBCwUAMEYxEjAQBgNVBAMMCWxv
Y2FsaG9zdDENMAsGA1UECwwEdGVzdDEQMA4GA1UECgwHY2x1c3RlcjEPMA0GA1UE
BRMGMTUwMTc0MB4XDTI0MDQxNjE1MjIzNFoXDTI0MDQxNjE1MjI0OVowRjESMBAG
A1UEAwwJbG9jYWxob3N0MQ0wCwYDVQQLDAR0ZXN0MRAwDgYDVQQKDAdjbHVzdGVy
MQ8wDQYDVQQFEwYxNTAxNzQwggEiMA0GCSqGSIb3DQEBAQUAA4IBDwAwggEKAoIB
AQDXY5z6/Es450/LpjdVaOfNayObTC3kcJQ4tV0jsXdwOw7HDFrdixZrB7lT/tZv
Xdkkm8uVcWslsS3kyuXd/tQz74OecWVGVfZ6c2cS/F5XSkYk8HNwyPiY7J7as8GX
tJTnBRa2s/+cdPSIlhTnMaoRHxd9OQu8yj8iKad3o2DCatfVL1ejNtOGQvbvMw07
PkLpBfyhF/9F5B/Uc4XtM+QUq5tMsKNwHjxI4Z9vEEbxxamp6T+UFa581zg0J4co
BHU5N5ECQnNqacPs6WlYE3SY6xKUKDv5LTW99Xc01ju5LxmwcwHUMenICQpjzzgT
dYzduK+nUzoEHLAiQyP30QMTAgMBAAEwDQYJKoZIhvcNAQELBQADggEBALBEO8Cd
HdTKvt5sj+o0Td0DfUH2IkzgQvNwov3bL8Yj5+qI3NOQf/rVJhSKtGc+j3hU8yWZ
80j73XZ3iNsVO3PF79zEH4eB/U0oUtTQDnp1peWl2WbtvRA9MUg2GYAhHJSx+T0d
kqZzIgQgCTHxVxgRNt/B8PJerZZ8F/M5iuS5+OVSWbFBRTm618iaztoZmFo7rQwS
EHlYasF/Lt95oyMz1huYLXJMVwafKrPjKPKwLsurbKrW7o96W3dVYcU2mr9FaTmO
Zj6r1E+kCTn9Ca9o0JB0MEXXbCOgJYLui01hioPVLrvJhbQrl0x4cX6aow1rj7vB
dJy4ULxCiGHEiMo=
-----END CERTIFICATE-----

2024-04-16 15:22:34,264 [main] INFO  utils.SelfSignedCertificate (SelfSignedCertificate.java:generateCertificate(157)) - Certificate 150324 is issued by CN=localhost,OU=test,O=cluster,SERIALNUMBER=150324 to CN=localhost,OU=test,O=cluster,SERIALNUMBER=150324, valid from Tue Apr 16 15:22:39 UTC 2024 to Tue Apr 16 15:22:54 UTC 2024
2024-04-16 15:22:34,330 [main] INFO  client.DNCertificateClient (DefaultCertificateClient.java:readCertificateFile(248)) - Added certificate 150174 from file: /tmp/junit4853326334488215179/dn/certs/certificate.crt.
2024-04-16 15:22:34,334 [main] INFO  client.DNCertificateClient (DefaultCertificateClient.java:startCertificateRenewerService(1418)) - CertificateRenewerService for dn is started with first delay 9669 ms and interval 1666 ms.
2024-04-16 15:22:34,339 [main] INFO  client.DNCertificateClient (DefaultCertificateClient.java:startCertificateRenewerService(1418)) - CertificateRenewerService for dn is started with first delay 9661 ms and interval 1666 ms.
2024-04-16 15:22:44,002 [95f37b03-1813-4ecb-9fab-ad96af3cf4a2-dn-CertificateRenewerService] INFO  client.DNCertificateClient (DefaultCertificateClient.java:run(1457)) - Current certificate 150174 needs to be renewed remaining grace period PT0S. Forced renewal due to root ca rotation: false.
2024-04-16 15:22:44,326 [95f37b03-1813-4ecb-9fab-ad96af3cf4a2-dn-CertificateRenewerService] INFO  ozone.OzoneSecurityUtil (OzoneSecurityUtil.java:getValidInetsForCurrentHost(116)) - Adding ip:fe80:0:0:0:20d:3aff:fe1b:d32f%eth0,host:fe80:0:0:0:20d:3aff:fe1b:d32f%eth0
2024-04-16 15:22:44,327 [95f37b03-1813-4ecb-9fab-ad96af3cf4a2-dn-CertificateRenewerService] INFO  ozone.OzoneSecurityUtil (OzoneSecurityUtil.java:getValidInetsForCurrentHost(116)) - Adding ip:10.1.0.30,host:fv-az699-832.gws2011vpwuupmkks00dozwttg.bx.internal.cloudapp.net
2024-04-16 15:22:44,327 [95f37b03-1813-4ecb-9fab-ad96af3cf4a2-dn-CertificateRenewerService] INFO  ozone.OzoneSecurityUtil (OzoneSecurityUtil.java:getValidInetsForCurrentHost(116)) - Adding ip:0:0:0:0:0:0:0:1%lo,host:localhost
2024-04-16 15:22:44,327 [95f37b03-1813-4ecb-9fab-ad96af3cf4a2-dn-CertificateRenewerService] INFO  ozone.OzoneSecurityUtil (OzoneSecurityUtil.java:getValidInetsForCurrentHost(119)) - ip:127.0.0.1 not returned.
2024-04-16 15:22:44,329 [95f37b03-1813-4ecb-9fab-ad96af3cf4a2-dn-CertificateRenewerService] ERROR client.DNCertificateClient (DefaultCertificateClient.java:run(1473)) - Failed to renew and store key and cert. Keep using existing certificates.
org.apache.hadoop.hdds.security.x509.exception.CertificateException: Error while signing and storing new certificates.
	at org.apache.hadoop.hdds.security.x509.certificate.client.DefaultCertificateClient.renewAndStoreKeyAndCertificate(DefaultCertificateClient.java:1155)
	at org.apache.hadoop.hdds.security.x509.certificate.client.DefaultCertificateClient$CertificateRenewerService.run(DefaultCertificateClient.java:1462)
	at java.util.concurrent.Executors$RunnableAdapter.call(Executors.java:511)
	at java.util.concurrent.FutureTask.runAndReset(FutureTask.java:308)
	at java.util.concurrent.ScheduledThreadPoolExecutor$ScheduledFutureTask.access$301(ScheduledThreadPoolExecutor.java:180)
	at java.util.concurrent.ScheduledThreadPoolExecutor$ScheduledFutureTask.run(ScheduledThreadPoolExecutor.java:294)
	at java.util.concurrent.ThreadPoolExecutor.runWorker(ThreadPoolExecutor.java:1149)
	at java.util.concurrent.ThreadPoolExecutor$Worker.run(ThreadPoolExecutor.java:624)
	at java.lang.Thread.run(Thread.java:750)
Caused by: java.lang.IllegalArgumentException: IP Address is invalid
	at org.bouncycastle.asn1.x509.GeneralName.<init>(Unknown Source)
	at org.apache.hadoop.hdds.security.x509.certificate.utils.CertificateSignRequest$Builder.addAltName(CertificateSignRequest.java:334)
	at org.apache.hadoop.hdds.security.x509.certificate.utils.CertificateSignRequest$Builder.addIpAddress(CertificateSignRequest.java:281)
	at org.apache.hadoop.hdds.security.x509.certificate.utils.CertificateSignRequest$Builder.lambda$addInetAddresses$0(CertificateSignRequest.java:306)
	at java.util.ArrayList.forEach(ArrayList.java:1259)
	at org.apache.hadoop.hdds.security.x509.certificate.utils.CertificateSignRequest$Builder.addInetAddresses(CertificateSignRequest.java:304)
	at org.apache.hadoop.hdds.security.x509.certificate.utils.CertificateSignRequest$Builder.addInetAddresses(CertificateSignRequest.java:292)
	at org.apache.hadoop.hdds.security.x509.certificate.client.DefaultCertificateClient.getCSRBuilder(DefaultCertificateClient.java:573)
	at org.apache.hadoop.hdds.security.x509.certificate.client.DNCertificateClient.getCSRBuilder(DNCertificateClient.java:75)
	at org.apache.hadoop.hdds.security.x509.certificate.client.DefaultCertificateClient.renewAndStoreKeyAndCertificate(DefaultCertificateClient.java:1150)
	... 8 more
2024-04-16 15:22:44,330 [95f37b03-1813-4ecb-9fab-ad96af3cf4a2-dn-CertificateRenewerService] INFO  client.DNCertificateClient (DefaultCertificateClient.java:run(1457)) - Current certificate 150174 needs to be renewed remaining grace period PT0S. Forced renewal due to root ca rotation: false.
2024-04-16 15:22:44,568 [95f37b03-1813-4ecb-9fab-ad96af3cf4a2-dn-CertificateRenewerService] INFO  ozone.OzoneSecurityUtil (OzoneSecurityUtil.java:getValidInetsForCurrentHost(116)) - Adding ip:fe80:0:0:0:20d:3aff:fe1b:d32f%eth0,host:fe80:0:0:0:20d:3aff:fe1b:d32f%eth0
2024-04-16 15:22:44,569 [95f37b03-1813-4ecb-9fab-ad96af3cf4a2-dn-CertificateRenewerService] INFO  ozone.OzoneSecurityUtil (OzoneSecurityUtil.java:getValidInetsForCurrentHost(116)) - Adding ip:10.1.0.30,host:fv-az699-832.gws2011vpwuupmkks00dozwttg.bx.internal.cloudapp.net
2024-04-16 15:22:44,569 [95f37b03-1813-4ecb-9fab-ad96af3cf4a2-dn-CertificateRenewerService] INFO  ozone.OzoneSecurityUtil (OzoneSecurityUtil.java:getValidInetsForCurrentHost(116)) - Adding ip:0:0:0:0:0:0:0:1%lo,host:localhost
2024-04-16 15:22:44,569 [95f37b03-1813-4ecb-9fab-ad96af3cf4a2-dn-CertificateRenewerService] INFO  ozone.OzoneSecurityUtil (OzoneSecurityUtil.java:getValidInetsForCurrentHost(119)) - ip:127.0.0.1 not returned.
2024-04-16 15:22:44,569 [95f37b03-1813-4ecb-9fab-ad96af3cf4a2-dn-CertificateRenewerService] ERROR client.DNCertificateClient (DefaultCertificateClient.java:run(1473)) - Failed to renew and store key and cert. Keep using existing certificates.
org.apache.hadoop.hdds.security.x509.exception.CertificateException: Error while signing and storing new certificates.
	at org.apache.hadoop.hdds.security.x509.certificate.client.DefaultCertificateClient.renewAndStoreKeyAndCertificate(DefaultCertificateClient.java:1155)
	at org.apache.hadoop.hdds.security.x509.certificate.client.DefaultCertificateClient$CertificateRenewerService.run(DefaultCertificateClient.java:1462)
	at java.util.concurrent.Executors$RunnableAdapter.call(Executors.java:511)
	at java.util.concurrent.FutureTask.runAndReset(FutureTask.java:308)
	at java.util.concurrent.ScheduledThreadPoolExecutor$ScheduledFutureTask.access$301(ScheduledThreadPoolExecutor.java:180)
	at java.util.concurrent.ScheduledThreadPoolExecutor$ScheduledFutureTask.run(ScheduledThreadPoolExecutor.java:294)
	at java.util.concurrent.ThreadPoolExecutor.runWorker(ThreadPoolExecutor.java:1149)
	at java.util.concurrent.ThreadPoolExecutor$Worker.run(ThreadPoolExecutor.java:624)
	at java.lang.Thread.run(Thread.java:750)
Caused by: java.lang.IllegalArgumentException: IP Address is invalid
	at org.bouncycastle.asn1.x509.GeneralName.<init>(Unknown Source)
	at org.apache.hadoop.hdds.security.x509.certificate.utils.CertificateSignRequest$Builder.addAltName(CertificateSignRequest.java:334)
	at org.apache.hadoop.hdds.security.x509.certificate.utils.CertificateSignRequest$Builder.addIpAddress(CertificateSignRequest.java:281)
	at org.apache.hadoop.hdds.security.x509.certificate.utils.CertificateSignRequest$Builder.lambda$addInetAddresses$0(CertificateSignRequest.java:306)
	at java.util.ArrayList.forEach(ArrayList.java:1259)
	at org.apache.hadoop.hdds.security.x509.certificate.utils.CertificateSignRequest$Builder.addInetAddresses(CertificateSignRequest.java:304)
	at org.apache.hadoop.hdds.security.x509.certificate.utils.CertificateSignRequest$Builder.addInetAddresses(CertificateSignRequest.java:292)
	at org.apache.hadoop.hdds.security.x509.certificate.client.DefaultCertificateClient.getCSRBuilder(DefaultCertificateClient.java:573)
	at org.apache.hadoop.hdds.security.x509.certificate.client.DNCertificateClient.getCSRBuilder(DNCertificateClient.java:75)
	at org.apache.hadoop.hdds.security.x509.certificate.client.DefaultCertificateClient.renewAndStoreKeyAndCertificate(DefaultCertificateClient.java:1150)
	... 8 more
2024-04-16 15:22:45,667 [95f37b03-1813-4ecb-9fab-ad96af3cf4a2-dn-CertificateRenewerService] INFO  client.DNCertificateClient (DefaultCertificateClient.java:run(1457)) - Current certificate 150174 needs to be renewed remaining grace period PT0S. Forced renewal due to root ca rotation: false.
2024-04-16 15:22:45,803 [95f37b03-1813-4ecb-9fab-ad96af3cf4a2-dn-CertificateRenewerService] INFO  ozone.OzoneSecurityUtil (OzoneSecurityUtil.java:getValidInetsForCurrentHost(116)) - Adding ip:fe80:0:0:0:20d:3aff:fe1b:d32f%eth0,host:fe80:0:0:0:20d:3aff:fe1b:d32f%eth0
2024-04-16 15:22:45,803 [95f37b03-1813-4ecb-9fab-ad96af3cf4a2-dn-CertificateRenewerService] INFO  ozone.OzoneSecurityUtil (OzoneSecurityUtil.java:getValidInetsForCurrentHost(116)) - Adding ip:10.1.0.30,host:fv-az699-832.gws2011vpwuupmkks00dozwttg.bx.internal.cloudapp.net
2024-04-16 15:22:45,803 [95f37b03-1813-4ecb-9fab-ad96af3cf4a2-dn-CertificateRenewerService] INFO  ozone.OzoneSecurityUtil (OzoneSecurityUtil.java:getValidInetsForCurrentHost(116)) - Adding ip:0:0:0:0:0:0:0:1%lo,host:localhost
2024-04-16 15:22:45,803 [95f37b03-1813-4ecb-9fab-ad96af3cf4a2-dn-CertificateRenewerService] INFO  ozone.OzoneSecurityUtil (OzoneSecurityUtil.java:getValidInetsForCurrentHost(119)) - ip:127.0.0.1 not returned.
2024-04-16 15:22:45,804 [95f37b03-1813-4ecb-9fab-ad96af3cf4a2-dn-CertificateRenewerService] ERROR client.DNCertificateClient (DefaultCertificateClient.java:run(1473)) - Failed to renew and store key and cert. Keep using existing certificates.
org.apache.hadoop.hdds.security.x509.exception.CertificateException: Error while signing and storing new certificates.
	at org.apache.hadoop.hdds.security.x509.certificate.client.DefaultCertificateClient.renewAndStoreKeyAndCertificate(DefaultCertificateClient.java:1155)
	at org.apache.hadoop.hdds.security.x509.certificate.client.DefaultCertificateClient$CertificateRenewerService.run(DefaultCertificateClient.java:1462)
	at java.util.concurrent.Executors$RunnableAdapter.call(Executors.java:511)
	at java.util.concurrent.FutureTask.runAndReset(FutureTask.java:308)
	at java.util.concurrent.ScheduledThreadPoolExecutor$ScheduledFutureTask.access$301(ScheduledThreadPoolExecutor.java:180)
	at java.util.concurrent.ScheduledThreadPoolExecutor$ScheduledFutureTask.run(ScheduledThreadPoolExecutor.java:294)
	at java.util.concurrent.ThreadPoolExecutor.runWorker(ThreadPoolExecutor.java:1149)
	at java.util.concurrent.ThreadPoolExecutor$Worker.run(ThreadPoolExecutor.java:624)
	at java.lang.Thread.run(Thread.java:750)
Caused by: java.lang.IllegalArgumentException: IP Address is invalid
	at org.bouncycastle.asn1.x509.GeneralName.<init>(Unknown Source)
	at org.apache.hadoop.hdds.security.x509.certificate.utils.CertificateSignRequest$Builder.addAltName(CertificateSignRequest.java:334)
	at org.apache.hadoop.hdds.security.x509.certificate.utils.CertificateSignRequest$Builder.addIpAddress(CertificateSignRequest.java:281)
	at org.apache.hadoop.hdds.security.x509.certificate.utils.CertificateSignRequest$Builder.lambda$addInetAddresses$0(CertificateSignRequest.java:306)
	at java.util.ArrayList.forEach(ArrayList.java:1259)
	at org.apache.hadoop.hdds.security.x509.certificate.utils.CertificateSignRequest$Builder.addInetAddresses(CertificateSignRequest.java:304)
	at org.apache.hadoop.hdds.security.x509.certificate.utils.CertificateSignRequest$Builder.addInetAddresses(CertificateSignRequest.java:292)
	at org.apache.hadoop.hdds.security.x509.certificate.client.DefaultCertificateClient.getCSRBuilder(DefaultCertificateClient.java:573)
	at org.apache.hadoop.hdds.security.x509.certificate.client.DNCertificateClient.getCSRBuilder(DNCertificateClient.java:75)
	at org.apache.hadoop.hdds.security.x509.certificate.client.DefaultCertificateClient.renewAndStoreKeyAndCertificate(DefaultCertificateClient.java:1150)
	... 8 more
2024-04-16 15:22:45,804 [95f37b03-1813-4ecb-9fab-ad96af3cf4a2-dn-CertificateRenewerService] INFO  client.DNCertificateClient (DefaultCertificateClient.java:run(1457)) - Current certificate 150174 needs to be renewed remaining grace period PT0S. Forced renewal due to root ca rotation: false.
2024-04-16 15:22:45,990 [95f37b03-1813-4ecb-9fab-ad96af3cf4a2-dn-CertificateRenewerService] INFO  ozone.OzoneSecurityUtil (OzoneSecurityUtil.java:getValidInetsForCurrentHost(116)) - Adding ip:fe80:0:0:0:20d:3aff:fe1b:d32f%eth0,host:fe80:0:0:0:20d:3aff:fe1b:d32f%eth0
2024-04-16 15:22:45,990 [95f37b03-1813-4ecb-9fab-ad96af3cf4a2-dn-CertificateRenewerService] INFO  ozone.OzoneSecurityUtil (OzoneSecurityUtil.java:getValidInetsForCurrentHost(116)) - Adding ip:10.1.0.30,host:fv-az699-832.gws2011vpwuupmkks00dozwttg.bx.internal.cloudapp.net
2024-04-16 15:22:45,991 [95f37b03-1813-4ecb-9fab-ad96af3cf4a2-dn-CertificateRenewerService] INFO  ozone.OzoneSecurityUtil (OzoneSecurityUtil.java:getValidInetsForCurrentHost(116)) - Adding ip:0:0:0:0:0:0:0:1%lo,host:localhost
2024-04-16 15:22:45,991 [95f37b03-1813-4ecb-9fab-ad96af3cf4a2-dn-CertificateRenewerService] INFO  ozone.OzoneSecurityUtil (OzoneSecurityUtil.java:getValidInetsForCurrentHost(119)) - ip:127.0.0.1 not returned.
2024-04-16 15:22:45,991 [95f37b03-1813-4ecb-9fab-ad96af3cf4a2-dn-CertificateRenewerService] ERROR client.DNCertificateClient (DefaultCertificateClient.java:run(1473)) - Failed to renew and store key and cert. Keep using existing certificates.
org.apache.hadoop.hdds.security.x509.exception.CertificateException: Error while signing and storing new certificates.
	at org.apache.hadoop.hdds.security.x509.certificate.client.DefaultCertificateClient.renewAndStoreKeyAndCertificate(DefaultCertificateClient.java:1155)
	at org.apache.hadoop.hdds.security.x509.certificate.client.DefaultCertificateClient$CertificateRenewerService.run(DefaultCertificateClient.java:1462)
	at java.util.concurrent.Executors$RunnableAdapter.call(Executors.java:511)
	at java.util.concurrent.FutureTask.runAndReset(FutureTask.java:308)
	at java.util.concurrent.ScheduledThreadPoolExecutor$ScheduledFutureTask.access$301(ScheduledThreadPoolExecutor.java:180)
	at java.util.concurrent.ScheduledThreadPoolExecutor$ScheduledFutureTask.run(ScheduledThreadPoolExecutor.java:294)
	at java.util.concurrent.ThreadPoolExecutor.runWorker(ThreadPoolExecutor.java:1149)
	at java.util.concurrent.ThreadPoolExecutor$Worker.run(ThreadPoolExecutor.java:624)
	at java.lang.Thread.run(Thread.java:750)
Caused by: java.lang.IllegalArgumentException: IP Address is invalid
	at org.bouncycastle.asn1.x509.GeneralName.<init>(Unknown Source)
	at org.apache.hadoop.hdds.security.x509.certificate.utils.CertificateSignRequest$Builder.addAltName(CertificateSignRequest.java:334)
	at org.apache.hadoop.hdds.security.x509.certificate.utils.CertificateSignRequest$Builder.addIpAddress(CertificateSignRequest.java:281)
	at org.apache.hadoop.hdds.security.x509.certificate.utils.CertificateSignRequest$Builder.lambda$addInetAddresses$0(CertificateSignRequest.java:306)
	at java.util.ArrayList.forEach(ArrayList.java:1259)
	at org.apache.hadoop.hdds.security.x509.certificate.utils.CertificateSignRequest$Builder.addInetAddresses(CertificateSignRequest.java:304)
	at org.apache.hadoop.hdds.security.x509.certificate.utils.CertificateSignRequest$Builder.addInetAddresses(CertificateSignRequest.java:292)
	at org.apache.hadoop.hdds.security.x509.certificate.client.DefaultCertificateClient.getCSRBuilder(DefaultCertificateClient.java:573)
	at org.apache.hadoop.hdds.security.x509.certificate.client.DNCertificateClient.getCSRBuilder(DNCertificateClient.java:75)
	at org.apache.hadoop.hdds.security.x509.certificate.client.DefaultCertificateClient.renewAndStoreKeyAndCertificate(DefaultCertificateClient.java:1150)
	... 8 more
2024-04-16 15:22:47,333 [95f37b03-1813-4ecb-9fab-ad96af3cf4a2-dn-CertificateRenewerService] INFO  client.DNCertificateClient (DefaultCertificateClient.java:run(1457)) - Current certificate 150174 needs to be renewed remaining grace period PT0S. Forced renewal due to root ca rotation: false.
2024-04-16 15:22:47,417 [95f37b03-1813-4ecb-9fab-ad96af3cf4a2-dn-CertificateRenewerService] INFO  ozone.OzoneSecurityUtil (OzoneSecurityUtil.java:getValidInetsForCurrentHost(116)) - Adding ip:fe80:0:0:0:20d:3aff:fe1b:d32f%eth0,host:fe80:0:0:0:20d:3aff:fe1b:d32f%eth0
2024-04-16 15:22:47,417 [95f37b03-1813-4ecb-9fab-ad96af3cf4a2-dn-CertificateRenewerService] INFO  ozone.OzoneSecurityUtil (OzoneSecurityUtil.java:getValidInetsForCurrentHost(116)) - Adding ip:10.1.0.30,host:fv-az699-832.gws2011vpwuupmkks00dozwttg.bx.internal.cloudapp.net
2024-04-16 15:22:47,417 [95f37b03-1813-4ecb-9fab-ad96af3cf4a2-dn-CertificateRenewerService] INFO  ozone.OzoneSecurityUtil (OzoneSecurityUtil.java:getValidInetsForCurrentHost(116)) - Adding ip:0:0:0:0:0:0:0:1%lo,host:localhost
2024-04-16 15:22:47,417 [95f37b03-1813-4ecb-9fab-ad96af3cf4a2-dn-CertificateRenewerService] INFO  ozone.OzoneSecurityUtil (OzoneSecurityUtil.java:getValidInetsForCurrentHost(119)) - ip:127.0.0.1 not returned.
2024-04-16 15:22:47,417 [95f37b03-1813-4ecb-9fab-ad96af3cf4a2-dn-CertificateRenewerService] ERROR client.DNCertificateClient (DefaultCertificateClient.java:run(1473)) - Failed to renew and store key and cert. Keep using existing certificates.
org.apache.hadoop.hdds.security.x509.exception.CertificateException: Error while signing and storing new certificates.
	at org.apache.hadoop.hdds.security.x509.certificate.client.DefaultCertificateClient.renewAndStoreKeyAndCertificate(DefaultCertificateClient.java:1155)
	at org.apache.hadoop.hdds.security.x509.certificate.client.DefaultCertificateClient$CertificateRenewerService.run(DefaultCertificateClient.java:1462)
	at java.util.concurrent.Executors$RunnableAdapter.call(Executors.java:511)
	at java.util.concurrent.FutureTask.runAndReset(FutureTask.java:308)
	at java.util.concurrent.ScheduledThreadPoolExecutor$ScheduledFutureTask.access$301(ScheduledThreadPoolExecutor.java:180)
	at java.util.concurrent.ScheduledThreadPoolExecutor$ScheduledFutureTask.run(ScheduledThreadPoolExecutor.java:294)
	at java.util.concurrent.ThreadPoolExecutor.runWorker(ThreadPoolExecutor.java:1149)
	at java.util.concurrent.ThreadPoolExecutor$Worker.run(ThreadPoolExecutor.java:624)
	at java.lang.Thread.run(Thread.java:750)
Caused by: java.lang.IllegalArgumentException: IP Address is invalid
	at org.bouncycastle.asn1.x509.GeneralName.<init>(Unknown Source)
	at org.apache.hadoop.hdds.security.x509.certificate.utils.CertificateSignRequest$Builder.addAltName(CertificateSignRequest.java:334)
	at org.apache.hadoop.hdds.security.x509.certificate.utils.CertificateSignRequest$Builder.addIpAddress(CertificateSignRequest.java:281)
	at org.apache.hadoop.hdds.security.x509.certificate.utils.CertificateSignRequest$Builder.lambda$addInetAddresses$0(CertificateSignRequest.java:306)
	at java.util.ArrayList.forEach(ArrayList.java:1259)
	at org.apache.hadoop.hdds.security.x509.certificate.utils.CertificateSignRequest$Builder.addInetAddresses(CertificateSignRequest.java:304)
	at org.apache.hadoop.hdds.security.x509.certificate.utils.CertificateSignRequest$Builder.addInetAddresses(CertificateSignRequest.java:292)
	at org.apache.hadoop.hdds.security.x509.certificate.client.DefaultCertificateClient.getCSRBuilder(DefaultCertificateClient.java:573)
	at org.apache.hadoop.hdds.security.x509.certificate.client.DNCertificateClient.getCSRBuilder(DNCertificateClient.java:75)
	at org.apache.hadoop.hdds.security.x509.certificate.client.DefaultCertificateClient.renewAndStoreKeyAndCertificate(DefaultCertificateClient.java:1150)
	... 8 more
2024-04-16 15:22:47,418 [95f37b03-1813-4ecb-9fab-ad96af3cf4a2-dn-CertificateRenewerService] INFO  client.DNCertificateClient (DefaultCertificateClient.java:run(1457)) - Current certificate 150174 needs to be renewed remaining grace period PT0S. Forced renewal due to root ca rotation: false.
2024-04-16 15:22:47,644 [95f37b03-1813-4ecb-9fab-ad96af3cf4a2-dn-CertificateRenewerService] INFO  ozone.OzoneSecurityUtil (OzoneSecurityUtil.java:getValidInetsForCurrentHost(116)) - Adding ip:fe80:0:0:0:20d:3aff:fe1b:d32f%eth0,host:fe80:0:0:0:20d:3aff:fe1b:d32f%eth0
2024-04-16 15:22:47,644 [95f37b03-1813-4ecb-9fab-ad96af3cf4a2-dn-CertificateRenewerService] INFO  ozone.OzoneSecurityUtil (OzoneSecurityUtil.java:getValidInetsForCurrentHost(116)) - Adding ip:10.1.0.30,host:fv-az699-832.gws2011vpwuupmkks00dozwttg.bx.internal.cloudapp.net
2024-04-16 15:22:47,644 [95f37b03-1813-4ecb-9fab-ad96af3cf4a2-dn-CertificateRenewerService] INFO  ozone.OzoneSecurityUtil (OzoneSecurityUtil.java:getValidInetsForCurrentHost(116)) - Adding ip:0:0:0:0:0:0:0:1%lo,host:localhost
2024-04-16 15:22:47,645 [95f37b03-1813-4ecb-9fab-ad96af3cf4a2-dn-CertificateRenewerService] INFO  ozone.OzoneSecurityUtil (OzoneSecurityUtil.java:getValidInetsForCurrentHost(119)) - ip:127.0.0.1 not returned.
2024-04-16 15:22:47,645 [95f37b03-1813-4ecb-9fab-ad96af3cf4a2-dn-CertificateRenewerService] ERROR client.DNCertificateClient (DefaultCertificateClient.java:run(1473)) - Failed to renew and store key and cert. Keep using existing certificates.
org.apache.hadoop.hdds.security.x509.exception.CertificateException: Error while signing and storing new certificates.
	at org.apache.hadoop.hdds.security.x509.certificate.client.DefaultCertificateClient.renewAndStoreKeyAndCertificate(DefaultCertificateClient.java:1155)
	at org.apache.hadoop.hdds.security.x509.certificate.client.DefaultCertificateClient$CertificateRenewerService.run(DefaultCertificateClient.java:1462)
	at java.util.concurrent.Executors$RunnableAdapter.call(Executors.java:511)
	at java.util.concurrent.FutureTask.runAndReset(FutureTask.java:308)
	at java.util.concurrent.ScheduledThreadPoolExecutor$ScheduledFutureTask.access$301(ScheduledThreadPoolExecutor.java:180)
	at java.util.concurrent.ScheduledThreadPoolExecutor$ScheduledFutureTask.run(ScheduledThreadPoolExecutor.java:294)
	at java.util.concurrent.ThreadPoolExecutor.runWorker(ThreadPoolExecutor.java:1149)
	at java.util.concurrent.ThreadPoolExecutor$Worker.run(ThreadPoolExecutor.java:624)
	at java.lang.Thread.run(Thread.java:750)
Caused by: java.lang.IllegalArgumentException: IP Address is invalid
	at org.bouncycastle.asn1.x509.GeneralName.<init>(Unknown Source)
	at org.apache.hadoop.hdds.security.x509.certificate.utils.CertificateSignRequest$Builder.addAltName(CertificateSignRequest.java:334)
	at org.apache.hadoop.hdds.security.x509.certificate.utils.CertificateSignRequest$Builder.addIpAddress(CertificateSignRequest.java:281)
	at org.apache.hadoop.hdds.security.x509.certificate.utils.CertificateSignRequest$Builder.lambda$addInetAddresses$0(CertificateSignRequest.java:306)
	at java.util.ArrayList.forEach(ArrayList.java:1259)
	at org.apache.hadoop.hdds.security.x509.certificate.utils.CertificateSignRequest$Builder.addInetAddresses(CertificateSignRequest.java:304)
	at org.apache.hadoop.hdds.security.x509.certificate.utils.CertificateSignRequest$Builder.addInetAddresses(CertificateSignRequest.java:292)
	at org.apache.hadoop.hdds.security.x509.certificate.client.DefaultCertificateClient.getCSRBuilder(DefaultCertificateClient.java:573)
	at org.apache.hadoop.hdds.security.x509.certificate.client.DNCertificateClient.getCSRBuilder(DNCertificateClient.java:75)
	at org.apache.hadoop.hdds.security.x509.certificate.client.DefaultCertificateClient.renewAndStoreKeyAndCertificate(DefaultCertificateClient.java:1150)
	... 8 more
2024-04-16 15:22:48,999 [95f37b03-1813-4ecb-9fab-ad96af3cf4a2-dn-CertificateRenewerService] INFO  client.DNCertificateClient (DefaultCertificateClient.java:run(1457)) - Current certificate 150174 needs to be renewed remaining grace period PT0S. Forced renewal due to root ca rotation: false.
2024-04-16 15:22:49,087 [95f37b03-1813-4ecb-9fab-ad96af3cf4a2-dn-CertificateRenewerService] INFO  ozone.OzoneSecurityUtil (OzoneSecurityUtil.java:getValidInetsForCurrentHost(116)) - Adding ip:fe80:0:0:0:20d:3aff:fe1b:d32f%eth0,host:fe80:0:0:0:20d:3aff:fe1b:d32f%eth0
2024-04-16 15:22:49,088 [95f37b03-1813-4ecb-9fab-ad96af3cf4a2-dn-CertificateRenewerService] INFO  ozone.OzoneSecurityUtil (OzoneSecurityUtil.java:getValidInetsForCurrentHost(116)) - Adding ip:10.1.0.30,host:fv-az699-832.gws2011vpwuupmkks00dozwttg.bx.internal.cloudapp.net
2024-04-16 15:22:49,088 [95f37b03-1813-4ecb-9fab-ad96af3cf4a2-dn-CertificateRenewerService] INFO  ozone.OzoneSecurityUtil (OzoneSecurityUtil.java:getValidInetsForCurrentHost(116)) - Adding ip:0:0:0:0:0:0:0:1%lo,host:localhost
2024-04-16 15:22:49,088 [95f37b03-1813-4ecb-9fab-ad96af3cf4a2-dn-CertificateRenewerService] INFO  ozone.OzoneSecurityUtil (OzoneSecurityUtil.java:getValidInetsForCurrentHost(119)) - ip:127.0.0.1 not returned.
2024-04-16 15:22:49,088 [95f37b03-1813-4ecb-9fab-ad96af3cf4a2-dn-CertificateRenewerService] ERROR client.DNCertificateClient (DefaultCertificateClient.java:run(1473)) - Failed to renew and store key and cert. Keep using existing certificates.
org.apache.hadoop.hdds.security.x509.exception.CertificateException: Error while signing and storing new certificates.
	at org.apache.hadoop.hdds.security.x509.certificate.client.DefaultCertificateClient.renewAndStoreKeyAndCertificate(DefaultCertificateClient.java:1155)
	at org.apache.hadoop.hdds.security.x509.certificate.client.DefaultCertificateClient$CertificateRenewerService.run(DefaultCertificateClient.java:1462)
	at java.util.concurrent.Executors$RunnableAdapter.call(Executors.java:511)
	at java.util.concurrent.FutureTask.runAndReset(FutureTask.java:308)
	at java.util.concurrent.ScheduledThreadPoolExecutor$ScheduledFutureTask.access$301(ScheduledThreadPoolExecutor.java:180)
	at java.util.concurrent.ScheduledThreadPoolExecutor$ScheduledFutureTask.run(ScheduledThreadPoolExecutor.java:294)
	at java.util.concurrent.ThreadPoolExecutor.runWorker(ThreadPoolExecutor.java:1149)
	at java.util.concurrent.ThreadPoolExecutor$Worker.run(ThreadPoolExecutor.java:624)
	at java.lang.Thread.run(Thread.java:750)
Caused by: java.lang.IllegalArgumentException: IP Address is invalid
	at org.bouncycastle.asn1.x509.GeneralName.<init>(Unknown Source)
	at org.apache.hadoop.hdds.security.x509.certificate.utils.CertificateSignRequest$Builder.addAltName(CertificateSignRequest.java:334)
	at org.apache.hadoop.hdds.security.x509.certificate.utils.CertificateSignRequest$Builder.addIpAddress(CertificateSignRequest.java:281)
	at org.apache.hadoop.hdds.security.x509.certificate.utils.CertificateSignRequest$Builder.lambda$addInetAddresses$0(CertificateSignRequest.java:306)
	at java.util.ArrayList.forEach(ArrayList.java:1259)
	at org.apache.hadoop.hdds.security.x509.certificate.utils.CertificateSignRequest$Builder.addInetAddresses(CertificateSignRequest.java:304)
	at org.apache.hadoop.hdds.security.x509.certificate.utils.CertificateSignRequest$Builder.addInetAddresses(CertificateSignRequest.java:292)
	at org.apache.hadoop.hdds.security.x509.certificate.client.DefaultCertificateClient.getCSRBuilder(DefaultCertificateClient.java:573)
	at org.apache.hadoop.hdds.security.x509.certificate.client.DNCertificateClient.getCSRBuilder(DNCertificateClient.java:75)
	at org.apache.hadoop.hdds.security.x509.certificate.client.DefaultCertificateClient.renewAndStoreKeyAndCertificate(DefaultCertificateClient.java:1150)
	... 8 more
2024-04-16 15:22:49,089 [95f37b03-1813-4ecb-9fab-ad96af3cf4a2-dn-CertificateRenewerService] INFO  client.DNCertificateClient (DefaultCertificateClient.java:run(1457)) - Current certificate 150174 needs to be renewed remaining grace period PT0S. Forced renewal due to root ca rotation: false.
2024-04-16 15:22:49,275 [95f37b03-1813-4ecb-9fab-ad96af3cf4a2-dn-CertificateRenewerService] INFO  ozone.OzoneSecurityUtil (OzoneSecurityUtil.java:getValidInetsForCurrentHost(116)) - Adding ip:fe80:0:0:0:20d:3aff:fe1b:d32f%eth0,host:fe80:0:0:0:20d:3aff:fe1b:d32f%eth0
2024-04-16 15:22:49,275 [95f37b03-1813-4ecb-9fab-ad96af3cf4a2-dn-CertificateRenewerService] INFO  ozone.OzoneSecurityUtil (OzoneSecurityUtil.java:getValidInetsForCurrentHost(116)) - Adding ip:10.1.0.30,host:fv-az699-832.gws2011vpwuupmkks00dozwttg.bx.internal.cloudapp.net
2024-04-16 15:22:49,275 [95f37b03-1813-4ecb-9fab-ad96af3cf4a2-dn-CertificateRenewerService] INFO  ozone.OzoneSecurityUtil (OzoneSecurityUtil.java:getValidInetsForCurrentHost(116)) - Adding ip:0:0:0:0:0:0:0:1%lo,host:localhost
2024-04-16 15:22:49,275 [95f37b03-1813-4ecb-9fab-ad96af3cf4a2-dn-CertificateRenewerService] INFO  ozone.OzoneSecurityUtil (OzoneSecurityUtil.java:getValidInetsForCurrentHost(119)) - ip:127.0.0.1 not returned.
2024-04-16 15:22:49,276 [95f37b03-1813-4ecb-9fab-ad96af3cf4a2-dn-CertificateRenewerService] ERROR client.DNCertificateClient (DefaultCertificateClient.java:run(1473)) - Failed to renew and store key and cert. Keep using existing certificates.
org.apache.hadoop.hdds.security.x509.exception.CertificateException: Error while signing and storing new certificates.
	at org.apache.hadoop.hdds.security.x509.certificate.client.DefaultCertificateClient.renewAndStoreKeyAndCertificate(DefaultCertificateClient.java:1155)
	at org.apache.hadoop.hdds.security.x509.certificate.client.DefaultCertificateClient$CertificateRenewerService.run(DefaultCertificateClient.java:1462)
	at java.util.concurrent.Executors$RunnableAdapter.call(Executors.java:511)
	at java.util.concurrent.FutureTask.runAndReset(FutureTask.java:308)
	at java.util.concurrent.ScheduledThreadPoolExecutor$ScheduledFutureTask.access$301(ScheduledThreadPoolExecutor.java:180)
	at java.util.concurrent.ScheduledThreadPoolExecutor$ScheduledFutureTask.run(ScheduledThreadPoolExecutor.java:294)
	at java.util.concurrent.ThreadPoolExecutor.runWorker(ThreadPoolExecutor.java:1149)
	at java.util.concurrent.ThreadPoolExecutor$Worker.run(ThreadPoolExecutor.java:624)
	at java.lang.Thread.run(Thread.java:750)
Caused by: java.lang.IllegalArgumentException: IP Address is invalid
	at org.bouncycastle.asn1.x509.GeneralName.<init>(Unknown Source)
	at org.apache.hadoop.hdds.security.x509.certificate.utils.CertificateSignRequest$Builder.addAltName(CertificateSignRequest.java:334)
	at org.apache.hadoop.hdds.security.x509.certificate.utils.CertificateSignRequest$Builder.addIpAddress(CertificateSignRequest.java:281)
	at org.apache.hadoop.hdds.security.x509.certificate.utils.CertificateSignRequest$Builder.lambda$addInetAddresses$0(CertificateSignRequest.java:306)
	at java.util.ArrayList.forEach(ArrayList.java:1259)
	at org.apache.hadoop.hdds.security.x509.certificate.utils.CertificateSignRequest$Builder.addInetAddresses(CertificateSignRequest.java:304)
	at org.apache.hadoop.hdds.security.x509.certificate.utils.CertificateSignRequest$Builder.addInetAddresses(CertificateSignRequest.java:292)
	at org.apache.hadoop.hdds.security.x509.certificate.client.DefaultCertificateClient.getCSRBuilder(DefaultCertificateClient.java:573)
	at org.apache.hadoop.hdds.security.x509.certificate.client.DNCertificateClient.getCSRBuilder(DNCertificateClient.java:75)
	at org.apache.hadoop.hdds.security.x509.certificate.client.DefaultCertificateClient.renewAndStoreKeyAndCertificate(DefaultCertificateClient.java:1150)
	... 8 more
2024-04-16 15:22:49,356 [main] INFO  utils.SelfSignedCertificate (SelfSignedCertificate.java:generateCertificate(157)) - Certificate 165417 is issued by CN=localhost,OU=test,O=cluster,SERIALNUMBER=165417 to CN=localhost,OU=test,O=cluster,SERIALNUMBER=165417, valid from Tue Apr 16 15:22:49 UTC 2024 to Tue Apr 16 15:23:04 UTC 2024
2024-04-16 15:22:50,665 [95f37b03-1813-4ecb-9fab-ad96af3cf4a2-dn-CertificateRenewerService] INFO  client.DNCertificateClient (DefaultCertificateClient.java:run(1457)) - Current certificate 150174 needs to be renewed remaining grace period PT0S. Forced renewal due to root ca rotation: false.
2024-04-16 15:22:51,093 [95f37b03-1813-4ecb-9fab-ad96af3cf4a2-dn-CertificateRenewerService] INFO  ozone.OzoneSecurityUtil (OzoneSecurityUtil.java:getValidInetsForCurrentHost(116)) - Adding ip:fe80:0:0:0:20d:3aff:fe1b:d32f%eth0,host:fe80:0:0:0:20d:3aff:fe1b:d32f%eth0
2024-04-16 15:22:51,093 [95f37b03-1813-4ecb-9fab-ad96af3cf4a2-dn-CertificateRenewerService] INFO  ozone.OzoneSecurityUtil (OzoneSecurityUtil.java:getValidInetsForCurrentHost(116)) - Adding ip:10.1.0.30,host:fv-az699-832.gws2011vpwuupmkks00dozwttg.bx.internal.cloudapp.net
2024-04-16 15:22:51,093 [95f37b03-1813-4ecb-9fab-ad96af3cf4a2-dn-CertificateRenewerService] INFO  ozone.OzoneSecurityUtil (OzoneSecurityUtil.java:getValidInetsForCurrentHost(116)) - Adding ip:0:0:0:0:0:0:0:1%lo,host:localhost
2024-04-16 15:22:51,094 [95f37b03-1813-4ecb-9fab-ad96af3cf4a2-dn-CertificateRenewerService] INFO  ozone.OzoneSecurityUtil (OzoneSecurityUtil.java:getValidInetsForCurrentHost(119)) - ip:127.0.0.1 not returned.
2024-04-16 15:22:51,094 [95f37b03-1813-4ecb-9fab-ad96af3cf4a2-dn-CertificateRenewerService] ERROR client.DNCertificateClient (DefaultCertificateClient.java:run(1473)) - Failed to renew and store key and cert. Keep using existing certificates.
org.apache.hadoop.hdds.security.x509.exception.CertificateException: Error while signing and storing new certificates.
	at org.apache.hadoop.hdds.security.x509.certificate.client.DefaultCertificateClient.renewAndStoreKeyAndCertificate(DefaultCertificateClient.java:1155)
	at org.apache.hadoop.hdds.security.x509.certificate.client.DefaultCertificateClient$CertificateRenewerService.run(DefaultCertificateClient.java:1462)
	at java.util.concurrent.Executors$RunnableAdapter.call(Executors.java:511)
	at java.util.concurrent.FutureTask.runAndReset(FutureTask.java:308)
	at java.util.concurrent.ScheduledThreadPoolExecutor$ScheduledFutureTask.access$301(ScheduledThreadPoolExecutor.java:180)
	at java.util.concurrent.ScheduledThreadPoolExecutor$ScheduledFutureTask.run(ScheduledThreadPoolExecutor.java:294)
	at java.util.concurrent.ThreadPoolExecutor.runWorker(ThreadPoolExecutor.java:1149)
	at java.util.concurrent.ThreadPoolExecutor$Worker.run(ThreadPoolExecutor.java:624)
	at java.lang.Thread.run(Thread.java:750)
Caused by: java.lang.IllegalArgumentException: IP Address is invalid
	at org.bouncycastle.asn1.x509.GeneralName.<init>(Unknown Source)
	at org.apache.hadoop.hdds.security.x509.certificate.utils.CertificateSignRequest$Builder.addAltName(CertificateSignRequest.java:334)
	at org.apache.hadoop.hdds.security.x509.certificate.utils.CertificateSignRequest$Builder.addIpAddress(CertificateSignRequest.java:281)
	at org.apache.hadoop.hdds.security.x509.certificate.utils.CertificateSignRequest$Builder.lambda$addInetAddresses$0(CertificateSignRequest.java:306)
	at java.util.ArrayList.forEach(ArrayList.java:1259)
	at org.apache.hadoop.hdds.security.x509.certificate.utils.CertificateSignRequest$Builder.addInetAddresses(CertificateSignRequest.java:304)
	at org.apache.hadoop.hdds.security.x509.certificate.utils.CertificateSignRequest$Builder.addInetAddresses(CertificateSignRequest.java:292)
	at org.apache.hadoop.hdds.security.x509.certificate.client.DefaultCertificateClient.getCSRBuilder(DefaultCertificateClient.java:573)
	at org.apache.hadoop.hdds.security.x509.certificate.client.DNCertificateClient.getCSRBuilder(DNCertificateClient.java:75)
	at org.apache.hadoop.hdds.security.x509.certificate.client.DefaultCertificateClient.renewAndStoreKeyAndCertificate(DefaultCertificateClient.java:1150)
	... 8 more
2024-04-16 15:22:51,095 [95f37b03-1813-4ecb-9fab-ad96af3cf4a2-dn-CertificateRenewerService] INFO  client.DNCertificateClient (DefaultCertificateClient.java:run(1457)) - Current certificate 150174 needs to be renewed remaining grace period PT0S. Forced renewal due to root ca rotation: false.
2024-04-16 15:22:51,415 [95f37b03-1813-4ecb-9fab-ad96af3cf4a2-dn-CertificateRenewerService] INFO  ozone.OzoneSecurityUtil (OzoneSecurityUtil.java:getValidInetsForCurrentHost(116)) - Adding ip:fe80:0:0:0:20d:3aff:fe1b:d32f%eth0,host:fe80:0:0:0:20d:3aff:fe1b:d32f%eth0
2024-04-16 15:22:51,415 [95f37b03-1813-4ecb-9fab-ad96af3cf4a2-dn-CertificateRenewerService] INFO  ozone.OzoneSecurityUtil (OzoneSecurityUtil.java:getValidInetsForCurrentHost(116)) - Adding ip:10.1.0.30,host:fv-az699-832.gws2011vpwuupmkks00dozwttg.bx.internal.cloudapp.net
2024-04-16 15:22:51,415 [95f37b03-1813-4ecb-9fab-ad96af3cf4a2-dn-CertificateRenewerService] INFO  ozone.OzoneSecurityUtil (OzoneSecurityUtil.java:getValidInetsForCurrentHost(116)) - Adding ip:0:0:0:0:0:0:0:1%lo,host:localhost
2024-04-16 15:22:51,416 [95f37b03-1813-4ecb-9fab-ad96af3cf4a2-dn-CertificateRenewerService] INFO  ozone.OzoneSecurityUtil (OzoneSecurityUtil.java:getValidInetsForCurrentHost(119)) - ip:127.0.0.1 not returned.
2024-04-16 15:22:51,416 [95f37b03-1813-4ecb-9fab-ad96af3cf4a2-dn-CertificateRenewerService] ERROR client.DNCertificateClient (DefaultCertificateClient.java:run(1473)) - Failed to renew and store key and cert. Keep using existing certificates.
org.apache.hadoop.hdds.security.x509.exception.CertificateException: Error while signing and storing new certificates.
	at org.apache.hadoop.hdds.security.x509.certificate.client.DefaultCertificateClient.renewAndStoreKeyAndCertificate(DefaultCertificateClient.java:1155)
	at org.apache.hadoop.hdds.security.x509.certificate.client.DefaultCertificateClient$CertificateRenewerService.run(DefaultCertificateClient.java:1462)
	at java.util.concurrent.Executors$RunnableAdapter.call(Executors.java:511)
	at java.util.concurrent.FutureTask.runAndReset(FutureTask.java:308)
	at java.util.concurrent.ScheduledThreadPoolExecutor$ScheduledFutureTask.access$301(ScheduledThreadPoolExecutor.java:180)
	at java.util.concurrent.ScheduledThreadPoolExecutor$ScheduledFutureTask.run(ScheduledThreadPoolExecutor.java:294)
	at java.util.concurrent.ThreadPoolExecutor.runWorker(ThreadPoolExecutor.java:1149)
	at java.util.concurrent.ThreadPoolExecutor$Worker.run(ThreadPoolExecutor.java:624)
	at java.lang.Thread.run(Thread.java:750)
Caused by: java.lang.IllegalArgumentException: IP Address is invalid
	at org.bouncycastle.asn1.x509.GeneralName.<init>(Unknown Source)
	at org.apache.hadoop.hdds.security.x509.certificate.utils.CertificateSignRequest$Builder.addAltName(CertificateSignRequest.java:334)
	at org.apache.hadoop.hdds.security.x509.certificate.utils.CertificateSignRequest$Builder.addIpAddress(CertificateSignRequest.java:281)
	at org.apache.hadoop.hdds.security.x509.certificate.utils.CertificateSignRequest$Builder.lambda$addInetAddresses$0(CertificateSignRequest.java:306)
	at java.util.ArrayList.forEach(ArrayList.java:1259)
	at org.apache.hadoop.hdds.security.x509.certificate.utils.CertificateSignRequest$Builder.addInetAddresses(CertificateSignRequest.java:304)
	at org.apache.hadoop.hdds.security.x509.certificate.utils.CertificateSignRequest$Builder.addInetAddresses(CertificateSignRequest.java:292)
	at org.apache.hadoop.hdds.security.x509.certificate.client.DefaultCertificateClient.getCSRBuilder(DefaultCertificateClient.java:573)
	at org.apache.hadoop.hdds.security.x509.certificate.client.DNCertificateClient.getCSRBuilder(DNCertificateClient.java:75)
	at org.apache.hadoop.hdds.security.x509.certificate.client.DefaultCertificateClient.renewAndStoreKeyAndCertificate(DefaultCertificateClient.java:1150)
	... 8 more
2024-04-16 15:22:52,331 [95f37b03-1813-4ecb-9fab-ad96af3cf4a2-dn-CertificateRenewerService] INFO  client.DNCertificateClient (DefaultCertificateClient.java:run(1457)) - Current certificate 150174 needs to be renewed remaining grace period PT0S. Forced renewal due to root ca rotation: false.
2024-04-16 15:22:52,471 [95f37b03-1813-4ecb-9fab-ad96af3cf4a2-dn-CertificateRenewerService] INFO  ozone.OzoneSecurityUtil (OzoneSecurityUtil.java:getValidInetsForCurrentHost(116)) - Adding ip:fe80:0:0:0:20d:3aff:fe1b:d32f%eth0,host:fe80:0:0:0:20d:3aff:fe1b:d32f%eth0
2024-04-16 15:22:52,472 [95f37b03-1813-4ecb-9fab-ad96af3cf4a2-dn-CertificateRenewerService] INFO  ozone.OzoneSecurityUtil (OzoneSecurityUtil.java:getValidInetsForCurrentHost(116)) - Adding ip:10.1.0.30,host:fv-az699-832.gws2011vpwuupmkks00dozwttg.bx.internal.cloudapp.net
2024-04-16 15:22:52,472 [95f37b03-1813-4ecb-9fab-ad96af3cf4a2-dn-CertificateRenewerService] INFO  ozone.OzoneSecurityUtil (OzoneSecurityUtil.java:getValidInetsForCurrentHost(116)) - Adding ip:0:0:0:0:0:0:0:1%lo,host:localhost
2024-04-16 15:22:52,472 [95f37b03-1813-4ecb-9fab-ad96af3cf4a2-dn-CertificateRenewerService] INFO  ozone.OzoneSecurityUtil (OzoneSecurityUtil.java:getValidInetsForCurrentHost(119)) - ip:127.0.0.1 not returned.
2024-04-16 15:22:52,472 [95f37b03-1813-4ecb-9fab-ad96af3cf4a2-dn-CertificateRenewerService] ERROR client.DNCertificateClient (DefaultCertificateClient.java:run(1473)) - Failed to renew and store key and cert. Keep using existing certificates.
org.apache.hadoop.hdds.security.x509.exception.CertificateException: Error while signing and storing new certificates.
	at org.apache.hadoop.hdds.security.x509.certificate.client.DefaultCertificateClient.renewAndStoreKeyAndCertificate(DefaultCertificateClient.java:1155)
	at org.apache.hadoop.hdds.security.x509.certificate.client.DefaultCertificateClient$CertificateRenewerService.run(DefaultCertificateClient.java:1462)
	at java.util.concurrent.Executors$RunnableAdapter.call(Executors.java:511)
	at java.util.concurrent.FutureTask.runAndReset(FutureTask.java:308)
	at java.util.concurrent.ScheduledThreadPoolExecutor$ScheduledFutureTask.access$301(ScheduledThreadPoolExecutor.java:180)
	at java.util.concurrent.ScheduledThreadPoolExecutor$ScheduledFutureTask.run(ScheduledThreadPoolExecutor.java:294)
	at java.util.concurrent.ThreadPoolExecutor.runWorker(ThreadPoolExecutor.java:1149)
	at java.util.concurrent.ThreadPoolExecutor$Worker.run(ThreadPoolExecutor.java:624)
	at java.lang.Thread.run(Thread.java:750)
Caused by: java.lang.IllegalArgumentException: IP Address is invalid
	at org.bouncycastle.asn1.x509.GeneralName.<init>(Unknown Source)
	at org.apache.hadoop.hdds.security.x509.certificate.utils.CertificateSignRequest$Builder.addAltName(CertificateSignRequest.java:334)
	at org.apache.hadoop.hdds.security.x509.certificate.utils.CertificateSignRequest$Builder.addIpAddress(CertificateSignRequest.java:281)
	at org.apache.hadoop.hdds.security.x509.certificate.utils.CertificateSignRequest$Builder.lambda$addInetAddresses$0(CertificateSignRequest.java:306)
	at java.util.ArrayList.forEach(ArrayList.java:1259)
	at org.apache.hadoop.hdds.security.x509.certificate.utils.CertificateSignRequest$Builder.addInetAddresses(CertificateSignRequest.java:304)
	at org.apache.hadoop.hdds.security.x509.certificate.utils.CertificateSignRequest$Builder.addInetAddresses(CertificateSignRequest.java:292)
	at org.apache.hadoop.hdds.security.x509.certificate.client.DefaultCertificateClient.getCSRBuilder(DefaultCertificateClient.java:573)
	at org.apache.hadoop.hdds.security.x509.certificate.client.DNCertificateClient.getCSRBuilder(DNCertificateClient.java:75)
	at org.apache.hadoop.hdds.security.x509.certificate.client.DefaultCertificateClient.renewAndStoreKeyAndCertificate(DefaultCertificateClient.java:1150)
	... 8 more
2024-04-16 15:22:52,473 [95f37b03-1813-4ecb-9fab-ad96af3cf4a2-dn-CertificateRenewerService] INFO  client.DNCertificateClient (DefaultCertificateClient.java:run(1457)) - Current certificate 150174 needs to be renewed remaining grace period PT0S. Forced renewal due to root ca rotation: false.
2024-04-16 15:22:52,675 [95f37b03-1813-4ecb-9fab-ad96af3cf4a2-dn-CertificateRenewerService] INFO  ozone.OzoneSecurityUtil (OzoneSecurityUtil.java:getValidInetsForCurrentHost(116)) - Adding ip:fe80:0:0:0:20d:3aff:fe1b:d32f%eth0,host:fe80:0:0:0:20d:3aff:fe1b:d32f%eth0
2024-04-16 15:22:52,676 [95f37b03-1813-4ecb-9fab-ad96af3cf4a2-dn-CertificateRenewerService] INFO  ozone.OzoneSecurityUtil (OzoneSecurityUtil.java:getValidInetsForCurrentHost(116)) - Adding ip:10.1.0.30,host:fv-az699-832.gws2011vpwuupmkks00dozwttg.bx.internal.cloudapp.net
2024-04-16 15:22:52,676 [95f37b03-1813-4ecb-9fab-ad96af3cf4a2-dn-CertificateRenewerService] INFO  ozone.OzoneSecurityUtil (OzoneSecurityUtil.java:getValidInetsForCurrentHost(116)) - Adding ip:0:0:0:0:0:0:0:1%lo,host:localhost
2024-04-16 15:22:52,676 [95f37b03-1813-4ecb-9fab-ad96af3cf4a2-dn-CertificateRenewerService] INFO  ozone.OzoneSecurityUtil (OzoneSecurityUtil.java:getValidInetsForCurrentHost(119)) - ip:127.0.0.1 not returned.
2024-04-16 15:22:52,677 [95f37b03-1813-4ecb-9fab-ad96af3cf4a2-dn-CertificateRenewerService] ERROR client.DNCertificateClient (DefaultCertificateClient.java:run(1473)) - Failed to renew and store key and cert. Keep using existing certificates.
org.apache.hadoop.hdds.security.x509.exception.CertificateException: Error while signing and storing new certificates.
	at org.apache.hadoop.hdds.security.x509.certificate.client.DefaultCertificateClient.renewAndStoreKeyAndCertificate(DefaultCertificateClient.java:1155)
	at org.apache.hadoop.hdds.security.x509.certificate.client.DefaultCertificateClient$CertificateRenewerService.run(DefaultCertificateClient.java:1462)
	at java.util.concurrent.Executors$RunnableAdapter.call(Executors.java:511)
	at java.util.concurrent.FutureTask.runAndReset(FutureTask.java:308)
	at java.util.concurrent.ScheduledThreadPoolExecutor$ScheduledFutureTask.access$301(ScheduledThreadPoolExecutor.java:180)
	at java.util.concurrent.ScheduledThreadPoolExecutor$ScheduledFutureTask.run(ScheduledThreadPoolExecutor.java:294)
	at java.util.concurrent.ThreadPoolExecutor.runWorker(ThreadPoolExecutor.java:1149)
	at java.util.concurrent.ThreadPoolExecutor$Worker.run(ThreadPoolExecutor.java:624)
	at java.lang.Thread.run(Thread.java:750)
Caused by: java.lang.IllegalArgumentException: IP Address is invalid
	at org.bouncycastle.asn1.x509.GeneralName.<init>(Unknown Source)
	at org.apache.hadoop.hdds.security.x509.certificate.utils.CertificateSignRequest$Builder.addAltName(CertificateSignRequest.java:334)
	at org.apache.hadoop.hdds.security.x509.certificate.utils.CertificateSignRequest$Builder.addIpAddress(CertificateSignRequest.java:281)
	at org.apache.hadoop.hdds.security.x509.certificate.utils.CertificateSignRequest$Builder.lambda$addInetAddresses$0(CertificateSignRequest.java:306)
	at java.util.ArrayList.forEach(ArrayList.java:1259)
	at org.apache.hadoop.hdds.security.x509.certificate.utils.CertificateSignRequest$Builder.addInetAddresses(CertificateSignRequest.java:304)
	at org.apache.hadoop.hdds.security.x509.certificate.utils.CertificateSignRequest$Builder.addInetAddresses(CertificateSignRequest.java:292)
	at org.apache.hadoop.hdds.security.x509.certificate.client.DefaultCertificateClient.getCSRBuilder(DefaultCertificateClient.java:573)
	at org.apache.hadoop.hdds.security.x509.certificate.client.DNCertificateClient.getCSRBuilder(DNCertificateClient.java:75)
	at org.apache.hadoop.hdds.security.x509.certificate.client.DefaultCertificateClient.renewAndStoreKeyAndCertificate(DefaultCertificateClient.java:1150)
	... 8 more
2024-04-16 15:22:53,997 [95f37b03-1813-4ecb-9fab-ad96af3cf4a2-dn-CertificateRenewerService] INFO  client.DNCertificateClient (DefaultCertificateClient.java:run(1457)) - Current certificate 150174 needs to be renewed remaining grace period PT0S. Forced renewal due to root ca rotation: false.
2024-04-16 15:22:54,126 [95f37b03-1813-4ecb-9fab-ad96af3cf4a2-dn-CertificateRenewerService] INFO  ozone.OzoneSecurityUtil (OzoneSecurityUtil.java:getValidInetsForCurrentHost(116)) - Adding ip:fe80:0:0:0:20d:3aff:fe1b:d32f%eth0,host:fe80:0:0:0:20d:3aff:fe1b:d32f%eth0
2024-04-16 15:22:54,126 [95f37b03-1813-4ecb-9fab-ad96af3cf4a2-dn-CertificateRenewerService] INFO  ozone.OzoneSecurityUtil (OzoneSecurityUtil.java:getValidInetsForCurrentHost(116)) - Adding ip:10.1.0.30,host:fv-az699-832.gws2011vpwuupmkks00dozwttg.bx.internal.cloudapp.net
2024-04-16 15:22:54,126 [95f37b03-1813-4ecb-9fab-ad96af3cf4a2-dn-CertificateRenewerService] INFO  ozone.OzoneSecurityUtil (OzoneSecurityUtil.java:getValidInetsForCurrentHost(116)) - Adding ip:0:0:0:0:0:0:0:1%lo,host:localhost
2024-04-16 15:22:54,126 [95f37b03-1813-4ecb-9fab-ad96af3cf4a2-dn-CertificateRenewerService] INFO  ozone.OzoneSecurityUtil (OzoneSecurityUtil.java:getValidInetsForCurrentHost(119)) - ip:127.0.0.1 not returned.
2024-04-16 15:22:54,127 [95f37b03-1813-4ecb-9fab-ad96af3cf4a2-dn-CertificateRenewerService] ERROR client.DNCertificateClient (DefaultCertificateClient.java:run(1473)) - Failed to renew and store key and cert. Keep using existing certificates.
org.apache.hadoop.hdds.security.x509.exception.CertificateException: Error while signing and storing new certificates.
	at org.apache.hadoop.hdds.security.x509.certificate.client.DefaultCertificateClient.renewAndStoreKeyAndCertificate(DefaultCertificateClient.java:1155)
	at org.apache.hadoop.hdds.security.x509.certificate.client.DefaultCertificateClient$CertificateRenewerService.run(DefaultCertificateClient.java:1462)
	at java.util.concurrent.Executors$RunnableAdapter.call(Executors.java:511)
	at java.util.concurrent.FutureTask.runAndReset(FutureTask.java:308)
	at java.util.concurrent.ScheduledThreadPoolExecutor$ScheduledFutureTask.access$301(ScheduledThreadPoolExecutor.java:180)
	at java.util.concurrent.ScheduledThreadPoolExecutor$ScheduledFutureTask.run(ScheduledThreadPoolExecutor.java:294)
	at java.util.concurrent.ThreadPoolExecutor.runWorker(ThreadPoolExecutor.java:1149)
	at java.util.concurrent.ThreadPoolExecutor$Worker.run(ThreadPoolExecutor.java:624)
	at java.lang.Thread.run(Thread.java:750)
Caused by: java.lang.IllegalArgumentException: IP Address is invalid
	at org.bouncycastle.asn1.x509.GeneralName.<init>(Unknown Source)
	at org.apache.hadoop.hdds.security.x509.certificate.utils.CertificateSignRequest$Builder.addAltName(CertificateSignRequest.java:334)
	at org.apache.hadoop.hdds.security.x509.certificate.utils.CertificateSignRequest$Builder.addIpAddress(CertificateSignRequest.java:281)
	at org.apache.hadoop.hdds.security.x509.certificate.utils.CertificateSignRequest$Builder.lambda$addInetAddresses$0(CertificateSignRequest.java:306)
	at java.util.ArrayList.forEach(ArrayList.java:1259)
	at org.apache.hadoop.hdds.security.x509.certificate.utils.CertificateSignRequest$Builder.addInetAddresses(CertificateSignRequest.java:304)
	at org.apache.hadoop.hdds.security.x509.certificate.utils.CertificateSignRequest$Builder.addInetAddresses(CertificateSignRequest.java:292)
	at org.apache.hadoop.hdds.security.x509.certificate.client.DefaultCertificateClient.getCSRBuilder(DefaultCertificateClient.java:573)
	at org.apache.hadoop.hdds.security.x509.certificate.client.DNCertificateClient.getCSRBuilder(DNCertificateClient.java:75)
	at org.apache.hadoop.hdds.security.x509.certificate.client.DefaultCertificateClient.renewAndStoreKeyAndCertificate(DefaultCertificateClient.java:1150)
	... 8 more
2024-04-16 15:22:54,128 [95f37b03-1813-4ecb-9fab-ad96af3cf4a2-dn-CertificateRenewerService] INFO  client.DNCertificateClient (DefaultCertificateClient.java:run(1457)) - Current certificate 150174 needs to be renewed remaining grace period PT0S. Forced renewal due to root ca rotation: false.
2024-04-16 15:22:54,177 [95f37b03-1813-4ecb-9fab-ad96af3cf4a2-dn-CertificateRenewerService] INFO  ozone.OzoneSecurityUtil (OzoneSecurityUtil.java:getValidInetsForCurrentHost(116)) - Adding ip:fe80:0:0:0:20d:3aff:fe1b:d32f%eth0,host:fe80:0:0:0:20d:3aff:fe1b:d32f%eth0
2024-04-16 15:22:54,178 [95f37b03-1813-4ecb-9fab-ad96af3cf4a2-dn-CertificateRenewerService] INFO  ozone.OzoneSecurityUtil (OzoneSecurityUtil.java:getValidInetsForCurrentHost(116)) - Adding ip:10.1.0.30,host:fv-az699-832.gws2011vpwuupmkks00dozwttg.bx.internal.cloudapp.net
2024-04-16 15:22:54,178 [95f37b03-1813-4ecb-9fab-ad96af3cf4a2-dn-CertificateRenewerService] INFO  ozone.OzoneSecurityUtil (OzoneSecurityUtil.java:getValidInetsForCurrentHost(116)) - Adding ip:0:0:0:0:0:0:0:1%lo,host:localhost
2024-04-16 15:22:54,178 [95f37b03-1813-4ecb-9fab-ad96af3cf4a2-dn-CertificateRenewerService] INFO  ozone.OzoneSecurityUtil (OzoneSecurityUtil.java:getValidInetsForCurrentHost(119)) - ip:127.0.0.1 not returned.
2024-04-16 15:22:54,178 [95f37b03-1813-4ecb-9fab-ad96af3cf4a2-dn-CertificateRenewerService] ERROR client.DNCertificateClient (DefaultCertificateClient.java:run(1473)) - Failed to renew and store key and cert. Keep using existing certificates.
org.apache.hadoop.hdds.security.x509.exception.CertificateException: Error while signing and storing new certificates.
	at org.apache.hadoop.hdds.security.x509.certificate.client.DefaultCertificateClient.renewAndStoreKeyAndCertificate(DefaultCertificateClient.java:1155)
	at org.apache.hadoop.hdds.security.x509.certificate.client.DefaultCertificateClient$CertificateRenewerService.run(DefaultCertificateClient.java:1462)
	at java.util.concurrent.Executors$RunnableAdapter.call(Executors.java:511)
	at java.util.concurrent.FutureTask.runAndReset(FutureTask.java:308)
	at java.util.concurrent.ScheduledThreadPoolExecutor$ScheduledFutureTask.access$301(ScheduledThreadPoolExecutor.java:180)
	at java.util.concurrent.ScheduledThreadPoolExecutor$ScheduledFutureTask.run(ScheduledThreadPoolExecutor.java:294)
	at java.util.concurrent.ThreadPoolExecutor.runWorker(ThreadPoolExecutor.java:1149)
	at java.util.concurrent.ThreadPoolExecutor$Worker.run(ThreadPoolExecutor.java:624)
	at java.lang.Thread.run(Thread.java:750)
Caused by: java.lang.IllegalArgumentException: IP Address is invalid
	at org.bouncycastle.asn1.x509.GeneralName.<init>(Unknown Source)
	at org.apache.hadoop.hdds.security.x509.certificate.utils.CertificateSignRequest$Builder.addAltName(CertificateSignRequest.java:334)
	at org.apache.hadoop.hdds.security.x509.certificate.utils.CertificateSignRequest$Builder.addIpAddress(CertificateSignRequest.java:281)
	at org.apache.hadoop.hdds.security.x509.certificate.utils.CertificateSignRequest$Builder.lambda$addInetAddresses$0(CertificateSignRequest.java:306)
	at java.util.ArrayList.forEach(ArrayList.java:1259)
	at org.apache.hadoop.hdds.security.x509.certificate.utils.CertificateSignRequest$Builder.addInetAddresses(CertificateSignRequest.java:304)
	at org.apache.hadoop.hdds.security.x509.certificate.utils.CertificateSignRequest$Builder.addInetAddresses(CertificateSignRequest.java:292)
	at org.apache.hadoop.hdds.security.x509.certificate.client.DefaultCertificateClient.getCSRBuilder(DefaultCertificateClient.java:573)
	at org.apache.hadoop.hdds.security.x509.certificate.client.DNCertificateClient.getCSRBuilder(DNCertificateClient.java:75)
	at org.apache.hadoop.hdds.security.x509.certificate.client.DefaultCertificateClient.renewAndStoreKeyAndCertificate(DefaultCertificateClient.java:1150)
	... 8 more
2024-04-16 15:22:55,663 [95f37b03-1813-4ecb-9fab-ad96af3cf4a2-dn-CertificateRenewerService] INFO  client.DNCertificateClient (DefaultCertificateClient.java:run(1457)) - Current certificate 150174 needs to be renewed remaining grace period PT0S. Forced renewal due to root ca rotation: false.
2024-04-16 15:22:55,722 [95f37b03-1813-4ecb-9fab-ad96af3cf4a2-dn-CertificateRenewerService] INFO  ozone.OzoneSecurityUtil (OzoneSecurityUtil.java:getValidInetsForCurrentHost(116)) - Adding ip:fe80:0:0:0:20d:3aff:fe1b:d32f%eth0,host:fe80:0:0:0:20d:3aff:fe1b:d32f%eth0
2024-04-16 15:22:55,723 [95f37b03-1813-4ecb-9fab-ad96af3cf4a2-dn-CertificateRenewerService] INFO  ozone.OzoneSecurityUtil (OzoneSecurityUtil.java:getValidInetsForCurrentHost(116)) - Adding ip:10.1.0.30,host:fv-az699-832.gws2011vpwuupmkks00dozwttg.bx.internal.cloudapp.net
2024-04-16 15:22:55,723 [95f37b03-1813-4ecb-9fab-ad96af3cf4a2-dn-CertificateRenewerService] INFO  ozone.OzoneSecurityUtil (OzoneSecurityUtil.java:getValidInetsForCurrentHost(116)) - Adding ip:0:0:0:0:0:0:0:1%lo,host:localhost
2024-04-16 15:22:55,723 [95f37b03-1813-4ecb-9fab-ad96af3cf4a2-dn-CertificateRenewerService] INFO  ozone.OzoneSecurityUtil (OzoneSecurityUtil.java:getValidInetsForCurrentHost(119)) - ip:127.0.0.1 not returned.
2024-04-16 15:22:55,723 [95f37b03-1813-4ecb-9fab-ad96af3cf4a2-dn-CertificateRenewerService] ERROR client.DNCertificateClient (DefaultCertificateClient.java:run(1473)) - Failed to renew and store key and cert. Keep using existing certificates.
org.apache.hadoop.hdds.security.x509.exception.CertificateException: Error while signing and storing new certificates.
	at org.apache.hadoop.hdds.security.x509.certificate.client.DefaultCertificateClient.renewAndStoreKeyAndCertificate(DefaultCertificateClient.java:1155)
	at org.apache.hadoop.hdds.security.x509.certificate.client.DefaultCertificateClient$CertificateRenewerService.run(DefaultCertificateClient.java:1462)
	at java.util.concurrent.Executors$RunnableAdapter.call(Executors.java:511)
	at java.util.concurrent.FutureTask.runAndReset(FutureTask.java:308)
	at java.util.concurrent.ScheduledThreadPoolExecutor$ScheduledFutureTask.access$301(ScheduledThreadPoolExecutor.java:180)
	at java.util.concurrent.ScheduledThreadPoolExecutor$ScheduledFutureTask.run(ScheduledThreadPoolExecutor.java:294)
	at java.util.concurrent.ThreadPoolExecutor.runWorker(ThreadPoolExecutor.java:1149)
	at java.util.concurrent.ThreadPoolExecutor$Worker.run(ThreadPoolExecutor.java:624)
	at java.lang.Thread.run(Thread.java:750)
Caused by: java.lang.IllegalArgumentException: IP Address is invalid
	at org.bouncycastle.asn1.x509.GeneralName.<init>(Unknown Source)
	at org.apache.hadoop.hdds.security.x509.certificate.utils.CertificateSignRequest$Builder.addAltName(CertificateSignRequest.java:334)
	at org.apache.hadoop.hdds.security.x509.certificate.utils.CertificateSignRequest$Builder.addIpAddress(CertificateSignRequest.java:281)
	at org.apache.hadoop.hdds.security.x509.certificate.utils.CertificateSignRequest$Builder.lambda$addInetAddresses$0(CertificateSignRequest.java:306)
	at java.util.ArrayList.forEach(ArrayList.java:1259)
	at org.apache.hadoop.hdds.security.x509.certificate.utils.CertificateSignRequest$Builder.addInetAddresses(CertificateSignRequest.java:304)
	at org.apache.hadoop.hdds.security.x509.certificate.utils.CertificateSignRequest$Builder.addInetAddresses(CertificateSignRequest.java:292)
	at org.apache.hadoop.hdds.security.x509.certificate.client.DefaultCertificateClient.getCSRBuilder(DefaultCertificateClient.java:573)
	at org.apache.hadoop.hdds.security.x509.certificate.client.DNCertificateClient.getCSRBuilder(DNCertificateClient.java:75)
	at org.apache.hadoop.hdds.security.x509.certificate.client.DefaultCertificateClient.renewAndStoreKeyAndCertificate(DefaultCertificateClient.java:1150)
	... 8 more
2024-04-16 15:22:55,724 [95f37b03-1813-4ecb-9fab-ad96af3cf4a2-dn-CertificateRenewerService] INFO  client.DNCertificateClient (DefaultCertificateClient.java:run(1457)) - Current certificate 150174 needs to be renewed remaining grace period PT0S. Forced renewal due to root ca rotation: false.
2024-04-16 15:22:55,840 [95f37b03-1813-4ecb-9fab-ad96af3cf4a2-dn-CertificateRenewerService] INFO  ozone.OzoneSecurityUtil (OzoneSecurityUtil.java:getValidInetsForCurrentHost(116)) - Adding ip:fe80:0:0:0:20d:3aff:fe1b:d32f%eth0,host:fe80:0:0:0:20d:3aff:fe1b:d32f%eth0
2024-04-16 15:22:55,840 [95f37b03-1813-4ecb-9fab-ad96af3cf4a2-dn-CertificateRenewerService] INFO  ozone.OzoneSecurityUtil (OzoneSecurityUtil.java:getValidInetsForCurrentHost(116)) - Adding ip:10.1.0.30,host:fv-az699-832.gws2011vpwuupmkks00dozwttg.bx.internal.cloudapp.net
2024-04-16 15:22:55,840 [95f37b03-1813-4ecb-9fab-ad96af3cf4a2-dn-CertificateRenewerService] INFO  ozone.OzoneSecurityUtil (OzoneSecurityUtil.java:getValidInetsForCurrentHost(116)) - Adding ip:0:0:0:0:0:0:0:1%lo,host:localhost
2024-04-16 15:22:55,840 [95f37b03-1813-4ecb-9fab-ad96af3cf4a2-dn-CertificateRenewerService] INFO  ozone.OzoneSecurityUtil (OzoneSecurityUtil.java:getValidInetsForCurrentHost(119)) - ip:127.0.0.1 not returned.
2024-04-16 15:22:55,841 [95f37b03-1813-4ecb-9fab-ad96af3cf4a2-dn-CertificateRenewerService] ERROR client.DNCertificateClient (DefaultCertificateClient.java:run(1473)) - Failed to renew and store key and cert. Keep using existing certificates.
org.apache.hadoop.hdds.security.x509.exception.CertificateException: Error while signing and storing new certificates.
	at org.apache.hadoop.hdds.security.x509.certificate.client.DefaultCertificateClient.renewAndStoreKeyAndCertificate(DefaultCertificateClient.java:1155)
	at org.apache.hadoop.hdds.security.x509.certificate.client.DefaultCertificateClient$CertificateRenewerService.run(DefaultCertificateClient.java:1462)
	at java.util.concurrent.Executors$RunnableAdapter.call(Executors.java:511)
	at java.util.concurrent.FutureTask.runAndReset(FutureTask.java:308)
	at java.util.concurrent.ScheduledThreadPoolExecutor$ScheduledFutureTask.access$301(ScheduledThreadPoolExecutor.java:180)
	at java.util.concurrent.ScheduledThreadPoolExecutor$ScheduledFutureTask.run(ScheduledThreadPoolExecutor.java:294)
	at java.util.concurrent.ThreadPoolExecutor.runWorker(ThreadPoolExecutor.java:1149)
	at java.util.concurrent.ThreadPoolExecutor$Worker.run(ThreadPoolExecutor.java:624)
	at java.lang.Thread.run(Thread.java:750)
Caused by: java.lang.IllegalArgumentException: IP Address is invalid
	at org.bouncycastle.asn1.x509.GeneralName.<init>(Unknown Source)
	at org.apache.hadoop.hdds.security.x509.certificate.utils.CertificateSignRequest$Builder.addAltName(CertificateSignRequest.java:334)
	at org.apache.hadoop.hdds.security.x509.certificate.utils.CertificateSignRequest$Builder.addIpAddress(CertificateSignRequest.java:281)
	at org.apache.hadoop.hdds.security.x509.certificate.utils.CertificateSignRequest$Builder.lambda$addInetAddresses$0(CertificateSignRequest.java:306)
	at java.util.ArrayList.forEach(ArrayList.java:1259)
	at org.apache.hadoop.hdds.security.x509.certificate.utils.CertificateSignRequest$Builder.addInetAddresses(CertificateSignRequest.java:304)
	at org.apache.hadoop.hdds.security.x509.certificate.utils.CertificateSignRequest$Builder.addInetAddresses(CertificateSignRequest.java:292)
	at org.apache.hadoop.hdds.security.x509.certificate.client.DefaultCertificateClient.getCSRBuilder(DefaultCertificateClient.java:573)
	at org.apache.hadoop.hdds.security.x509.certificate.client.DNCertificateClient.getCSRBuilder(DNCertificateClient.java:75)
	at org.apache.hadoop.hdds.security.x509.certificate.client.DefaultCertificateClient.renewAndStoreKeyAndCertificate(DefaultCertificateClient.java:1150)
	... 8 more
2024-04-16 15:22:57,329 [95f37b03-1813-4ecb-9fab-ad96af3cf4a2-dn-CertificateRenewerService] INFO  client.DNCertificateClient (DefaultCertificateClient.java:run(1457)) - Current certificate 150174 needs to be renewed remaining grace period PT0S. Forced renewal due to root ca rotation: false.
2024-04-16 15:22:57,495 [95f37b03-1813-4ecb-9fab-ad96af3cf4a2-dn-CertificateRenewerService] INFO  ozone.OzoneSecurityUtil (OzoneSecurityUtil.java:getValidInetsForCurrentHost(116)) - Adding ip:fe80:0:0:0:20d:3aff:fe1b:d32f%eth0,host:fe80:0:0:0:20d:3aff:fe1b:d32f%eth0
2024-04-16 15:22:57,495 [95f37b03-1813-4ecb-9fab-ad96af3cf4a2-dn-CertificateRenewerService] INFO  ozone.OzoneSecurityUtil (OzoneSecurityUtil.java:getValidInetsForCurrentHost(116)) - Adding ip:10.1.0.30,host:fv-az699-832.gws2011vpwuupmkks00dozwttg.bx.internal.cloudapp.net
2024-04-16 15:22:57,495 [95f37b03-1813-4ecb-9fab-ad96af3cf4a2-dn-CertificateRenewerService] INFO  ozone.OzoneSecurityUtil (OzoneSecurityUtil.java:getValidInetsForCurrentHost(116)) - Adding ip:0:0:0:0:0:0:0:1%lo,host:localhost
2024-04-16 15:22:57,495 [95f37b03-1813-4ecb-9fab-ad96af3cf4a2-dn-CertificateRenewerService] INFO  ozone.OzoneSecurityUtil (OzoneSecurityUtil.java:getValidInetsForCurrentHost(119)) - ip:127.0.0.1 not returned.
2024-04-16 15:22:57,496 [95f37b03-1813-4ecb-9fab-ad96af3cf4a2-dn-CertificateRenewerService] ERROR client.DNCertificateClient (DefaultCertificateClient.java:run(1473)) - Failed to renew and store key and cert. Keep using existing certificates.
org.apache.hadoop.hdds.security.x509.exception.CertificateException: Error while signing and storing new certificates.
	at org.apache.hadoop.hdds.security.x509.certificate.client.DefaultCertificateClient.renewAndStoreKeyAndCertificate(DefaultCertificateClient.java:1155)
	at org.apache.hadoop.hdds.security.x509.certificate.client.DefaultCertificateClient$CertificateRenewerService.run(DefaultCertificateClient.java:1462)
	at java.util.concurrent.Executors$RunnableAdapter.call(Executors.java:511)
	at java.util.concurrent.FutureTask.runAndReset(FutureTask.java:308)
	at java.util.concurrent.ScheduledThreadPoolExecutor$ScheduledFutureTask.access$301(ScheduledThreadPoolExecutor.java:180)
	at java.util.concurrent.ScheduledThreadPoolExecutor$ScheduledFutureTask.run(ScheduledThreadPoolExecutor.java:294)
	at java.util.concurrent.ThreadPoolExecutor.runWorker(ThreadPoolExecutor.java:1149)
	at java.util.concurrent.ThreadPoolExecutor$Worker.run(ThreadPoolExecutor.java:624)
	at java.lang.Thread.run(Thread.java:750)
Caused by: java.lang.IllegalArgumentException: IP Address is invalid
	at org.bouncycastle.asn1.x509.GeneralName.<init>(Unknown Source)
	at org.apache.hadoop.hdds.security.x509.certificate.utils.CertificateSignRequest$Builder.addAltName(CertificateSignRequest.java:334)
	at org.apache.hadoop.hdds.security.x509.certificate.utils.CertificateSignRequest$Builder.addIpAddress(CertificateSignRequest.java:281)
	at org.apache.hadoop.hdds.security.x509.certificate.utils.CertificateSignRequest$Builder.lambda$addInetAddresses$0(CertificateSignRequest.java:306)
	at java.util.ArrayList.forEach(ArrayList.java:1259)
	at org.apache.hadoop.hdds.security.x509.certificate.utils.CertificateSignRequest$Builder.addInetAddresses(CertificateSignRequest.java:304)
	at org.apache.hadoop.hdds.security.x509.certificate.utils.CertificateSignRequest$Builder.addInetAddresses(CertificateSignRequest.java:292)
	at org.apache.hadoop.hdds.security.x509.certificate.client.DefaultCertificateClient.getCSRBuilder(DefaultCertificateClient.java:573)
	at org.apache.hadoop.hdds.security.x509.certificate.client.DNCertificateClient.getCSRBuilder(DNCertificateClient.java:75)
	at org.apache.hadoop.hdds.security.x509.certificate.client.DefaultCertificateClient.renewAndStoreKeyAndCertificate(DefaultCertificateClient.java:1150)
	... 8 more
2024-04-16 15:22:57,496 [95f37b03-1813-4ecb-9fab-ad96af3cf4a2-dn-CertificateRenewerService] INFO  client.DNCertificateClient (DefaultCertificateClient.java:run(1457)) - Current certificate 150174 needs to be renewed remaining grace period PT0S. Forced renewal due to root ca rotation: false.
2024-04-16 15:22:57,680 [95f37b03-1813-4ecb-9fab-ad96af3cf4a2-dn-CertificateRenewerService] INFO  ozone.OzoneSecurityUtil (OzoneSecurityUtil.java:getValidInetsForCurrentHost(116)) - Adding ip:fe80:0:0:0:20d:3aff:fe1b:d32f%eth0,host:fe80:0:0:0:20d:3aff:fe1b:d32f%eth0
2024-04-16 15:22:57,681 [95f37b03-1813-4ecb-9fab-ad96af3cf4a2-dn-CertificateRenewerService] INFO  ozone.OzoneSecurityUtil (OzoneSecurityUtil.java:getValidInetsForCurrentHost(116)) - Adding ip:10.1.0.30,host:fv-az699-832.gws2011vpwuupmkks00dozwttg.bx.internal.cloudapp.net
2024-04-16 15:22:57,681 [95f37b03-1813-4ecb-9fab-ad96af3cf4a2-dn-CertificateRenewerService] INFO  ozone.OzoneSecurityUtil (OzoneSecurityUtil.java:getValidInetsForCurrentHost(116)) - Adding ip:0:0:0:0:0:0:0:1%lo,host:localhost
2024-04-16 15:22:57,681 [95f37b03-1813-4ecb-9fab-ad96af3cf4a2-dn-CertificateRenewerService] INFO  ozone.OzoneSecurityUtil (OzoneSecurityUtil.java:getValidInetsForCurrentHost(119)) - ip:127.0.0.1 not returned.
2024-04-16 15:22:57,681 [95f37b03-1813-4ecb-9fab-ad96af3cf4a2-dn-CertificateRenewerService] ERROR client.DNCertificateClient (DefaultCertificateClient.java:run(1473)) - Failed to renew and store key and cert. Keep using existing certificates.
org.apache.hadoop.hdds.security.x509.exception.CertificateException: Error while signing and storing new certificates.
	at org.apache.hadoop.hdds.security.x509.certificate.client.DefaultCertificateClient.renewAndStoreKeyAndCertificate(DefaultCertificateClient.java:1155)
	at org.apache.hadoop.hdds.security.x509.certificate.client.DefaultCertificateClient$CertificateRenewerService.run(DefaultCertificateClient.java:1462)
	at java.util.concurrent.Executors$RunnableAdapter.call(Executors.java:511)
	at java.util.concurrent.FutureTask.runAndReset(FutureTask.java:308)
	at java.util.concurrent.ScheduledThreadPoolExecutor$ScheduledFutureTask.access$301(ScheduledThreadPoolExecutor.java:180)
	at java.util.concurrent.ScheduledThreadPoolExecutor$ScheduledFutureTask.run(ScheduledThreadPoolExecutor.java:294)
	at java.util.concurrent.ThreadPoolExecutor.runWorker(ThreadPoolExecutor.java:1149)
	at java.util.concurrent.ThreadPoolExecutor$Worker.run(ThreadPoolExecutor.java:624)
	at java.lang.Thread.run(Thread.java:750)
Caused by: java.lang.IllegalArgumentException: IP Address is invalid
	at org.bouncycastle.asn1.x509.GeneralName.<init>(Unknown Source)
	at org.apache.hadoop.hdds.security.x509.certificate.utils.CertificateSignRequest$Builder.addAltName(CertificateSignRequest.java:334)
	at org.apache.hadoop.hdds.security.x509.certificate.utils.CertificateSignRequest$Builder.addIpAddress(CertificateSignRequest.java:281)
	at org.apache.hadoop.hdds.security.x509.certificate.utils.CertificateSignRequest$Builder.lambda$addInetAddresses$0(CertificateSignRequest.java:306)
	at java.util.ArrayList.forEach(ArrayList.java:1259)
	at org.apache.hadoop.hdds.security.x509.certificate.utils.CertificateSignRequest$Builder.addInetAddresses(CertificateSignRequest.java:304)
	at org.apache.hadoop.hdds.security.x509.certificate.utils.CertificateSignRequest$Builder.addInetAddresses(CertificateSignRequest.java:292)
	at org.apache.hadoop.hdds.security.x509.certificate.client.DefaultCertificateClient.getCSRBuilder(DefaultCertificateClient.java:573)
	at org.apache.hadoop.hdds.security.x509.certificate.client.DNCertificateClient.getCSRBuilder(DNCertificateClient.java:75)
	at org.apache.hadoop.hdds.security.x509.certificate.client.DefaultCertificateClient.renewAndStoreKeyAndCertificate(DefaultCertificateClient.java:1150)
	... 8 more
2024-04-16 15:22:58,995 [95f37b03-1813-4ecb-9fab-ad96af3cf4a2-dn-CertificateRenewerService] INFO  client.DNCertificateClient (DefaultCertificateClient.java:run(1457)) - Current certificate 150174 needs to be renewed remaining grace period PT0S. Forced renewal due to root ca rotation: false.
2024-04-16 15:22:59,114 [95f37b03-1813-4ecb-9fab-ad96af3cf4a2-dn-CertificateRenewerService] INFO  ozone.OzoneSecurityUtil (OzoneSecurityUtil.java:getValidInetsForCurrentHost(116)) - Adding ip:fe80:0:0:0:20d:3aff:fe1b:d32f%eth0,host:fe80:0:0:0:20d:3aff:fe1b:d32f%eth0
2024-04-16 15:22:59,115 [95f37b03-1813-4ecb-9fab-ad96af3cf4a2-dn-CertificateRenewerService] INFO  ozone.OzoneSecurityUtil (OzoneSecurityUtil.java:getValidInetsForCurrentHost(116)) - Adding ip:10.1.0.30,host:fv-az699-832.gws2011vpwuupmkks00dozwttg.bx.internal.cloudapp.net
2024-04-16 15:22:59,115 [95f37b03-1813-4ecb-9fab-ad96af3cf4a2-dn-CertificateRenewerService] INFO  ozone.OzoneSecurityUtil (OzoneSecurityUtil.java:getValidInetsForCurrentHost(116)) - Adding ip:0:0:0:0:0:0:0:1%lo,host:localhost
2024-04-16 15:22:59,115 [95f37b03-1813-4ecb-9fab-ad96af3cf4a2-dn-CertificateRenewerService] INFO  ozone.OzoneSecurityUtil (OzoneSecurityUtil.java:getValidInetsForCurrentHost(119)) - ip:127.0.0.1 not returned.
2024-04-16 15:22:59,115 [95f37b03-1813-4ecb-9fab-ad96af3cf4a2-dn-CertificateRenewerService] ERROR client.DNCertificateClient (DefaultCertificateClient.java:run(1473)) - Failed to renew and store key and cert. Keep using existing certificates.
org.apache.hadoop.hdds.security.x509.exception.CertificateException: Error while signing and storing new certificates.
	at org.apache.hadoop.hdds.security.x509.certificate.client.DefaultCertificateClient.renewAndStoreKeyAndCertificate(DefaultCertificateClient.java:1155)
	at org.apache.hadoop.hdds.security.x509.certificate.client.DefaultCertificateClient$CertificateRenewerService.run(DefaultCertificateClient.java:1462)
	at java.util.concurrent.Executors$RunnableAdapter.call(Executors.java:511)
	at java.util.concurrent.FutureTask.runAndReset(FutureTask.java:308)
	at java.util.concurrent.ScheduledThreadPoolExecutor$ScheduledFutureTask.access$301(ScheduledThreadPoolExecutor.java:180)
	at java.util.concurrent.ScheduledThreadPoolExecutor$ScheduledFutureTask.run(ScheduledThreadPoolExecutor.java:294)
	at java.util.concurrent.ThreadPoolExecutor.runWorker(ThreadPoolExecutor.java:1149)
	at java.util.concurrent.ThreadPoolExecutor$Worker.run(ThreadPoolExecutor.java:624)
	at java.lang.Thread.run(Thread.java:750)
Caused by: java.lang.IllegalArgumentException: IP Address is invalid
	at org.bouncycastle.asn1.x509.GeneralName.<init>(Unknown Source)
	at org.apache.hadoop.hdds.security.x509.certificate.utils.CertificateSignRequest$Builder.addAltName(CertificateSignRequest.java:334)
	at org.apache.hadoop.hdds.security.x509.certificate.utils.CertificateSignRequest$Builder.addIpAddress(CertificateSignRequest.java:281)
	at org.apache.hadoop.hdds.security.x509.certificate.utils.CertificateSignRequest$Builder.lambda$addInetAddresses$0(CertificateSignRequest.java:306)
	at java.util.ArrayList.forEach(ArrayList.java:1259)
	at org.apache.hadoop.hdds.security.x509.certificate.utils.CertificateSignRequest$Builder.addInetAddresses(CertificateSignRequest.java:304)
	at org.apache.hadoop.hdds.security.x509.certificate.utils.CertificateSignRequest$Builder.addInetAddresses(CertificateSignRequest.java:292)
	at org.apache.hadoop.hdds.security.x509.certificate.client.DefaultCertificateClient.getCSRBuilder(DefaultCertificateClient.java:573)
	at org.apache.hadoop.hdds.security.x509.certificate.client.DNCertificateClient.getCSRBuilder(DNCertificateClient.java:75)
	at org.apache.hadoop.hdds.security.x509.certificate.client.DefaultCertificateClient.renewAndStoreKeyAndCertificate(DefaultCertificateClient.java:1150)
	... 8 more
2024-04-16 15:22:59,116 [95f37b03-1813-4ecb-9fab-ad96af3cf4a2-dn-CertificateRenewerService] INFO  client.DNCertificateClient (DefaultCertificateClient.java:run(1457)) - Current certificate 150174 needs to be renewed remaining grace period PT0S. Forced renewal due to root ca rotation: false.
2024-04-16 15:22:59,196 [95f37b03-1813-4ecb-9fab-ad96af3cf4a2-dn-CertificateRenewerService] INFO  ozone.OzoneSecurityUtil (OzoneSecurityUtil.java:getValidInetsForCurrentHost(116)) - Adding ip:fe80:0:0:0:20d:3aff:fe1b:d32f%eth0,host:fe80:0:0:0:20d:3aff:fe1b:d32f%eth0
2024-04-16 15:22:59,196 [95f37b03-1813-4ecb-9fab-ad96af3cf4a2-dn-CertificateRenewerService] INFO  ozone.OzoneSecurityUtil (OzoneSecurityUtil.java:getValidInetsForCurrentHost(116)) - Adding ip:10.1.0.30,host:fv-az699-832.gws2011vpwuupmkks00dozwttg.bx.internal.cloudapp.net
2024-04-16 15:22:59,196 [95f37b03-1813-4ecb-9fab-ad96af3cf4a2-dn-CertificateRenewerService] INFO  ozone.OzoneSecurityUtil (OzoneSecurityUtil.java:getValidInetsForCurrentHost(116)) - Adding ip:0:0:0:0:0:0:0:1%lo,host:localhost
2024-04-16 15:22:59,196 [95f37b03-1813-4ecb-9fab-ad96af3cf4a2-dn-CertificateRenewerService] INFO  ozone.OzoneSecurityUtil (OzoneSecurityUtil.java:getValidInetsForCurrentHost(119)) - ip:127.0.0.1 not returned.
2024-04-16 15:22:59,196 [95f37b03-1813-4ecb-9fab-ad96af3cf4a2-dn-CertificateRenewerService] ERROR client.DNCertificateClient (DefaultCertificateClient.java:run(1473)) - Failed to renew and store key and cert. Keep using existing certificates.
org.apache.hadoop.hdds.security.x509.exception.CertificateException: Error while signing and storing new certificates.
	at org.apache.hadoop.hdds.security.x509.certificate.client.DefaultCertificateClient.renewAndStoreKeyAndCertificate(DefaultCertificateClient.java:1155)
	at org.apache.hadoop.hdds.security.x509.certificate.client.DefaultCertificateClient$CertificateRenewerService.run(DefaultCertificateClient.java:1462)
	at java.util.concurrent.Executors$RunnableAdapter.call(Executors.java:511)
	at java.util.concurrent.FutureTask.runAndReset(FutureTask.java:308)
	at java.util.concurrent.ScheduledThreadPoolExecutor$ScheduledFutureTask.access$301(ScheduledThreadPoolExecutor.java:180)
	at java.util.concurrent.ScheduledThreadPoolExecutor$ScheduledFutureTask.run(ScheduledThreadPoolExecutor.java:294)
	at java.util.concurrent.ThreadPoolExecutor.runWorker(ThreadPoolExecutor.java:1149)
	at java.util.concurrent.ThreadPoolExecutor$Worker.run(ThreadPoolExecutor.java:624)
	at java.lang.Thread.run(Thread.java:750)
Caused by: java.lang.IllegalArgumentException: IP Address is invalid
	at org.bouncycastle.asn1.x509.GeneralName.<init>(Unknown Source)
	at org.apache.hadoop.hdds.security.x509.certificate.utils.CertificateSignRequest$Builder.addAltName(CertificateSignRequest.java:334)
	at org.apache.hadoop.hdds.security.x509.certificate.utils.CertificateSignRequest$Builder.addIpAddress(CertificateSignRequest.java:281)
	at org.apache.hadoop.hdds.security.x509.certificate.utils.CertificateSignRequest$Builder.lambda$addInetAddresses$0(CertificateSignRequest.java:306)
	at java.util.ArrayList.forEach(ArrayList.java:1259)
	at org.apache.hadoop.hdds.security.x509.certificate.utils.CertificateSignRequest$Builder.addInetAddresses(CertificateSignRequest.java:304)
	at org.apache.hadoop.hdds.security.x509.certificate.utils.CertificateSignRequest$Builder.addInetAddresses(CertificateSignRequest.java:292)
	at org.apache.hadoop.hdds.security.x509.certificate.client.DefaultCertificateClient.getCSRBuilder(DefaultCertificateClient.java:573)
	at org.apache.hadoop.hdds.security.x509.certificate.client.DNCertificateClient.getCSRBuilder(DNCertificateClient.java:75)
	at org.apache.hadoop.hdds.security.x509.certificate.client.DefaultCertificateClient.renewAndStoreKeyAndCertificate(DefaultCertificateClient.java:1150)
	... 8 more
2024-04-16 15:23:00,661 [95f37b03-1813-4ecb-9fab-ad96af3cf4a2-dn-CertificateRenewerService] INFO  client.DNCertificateClient (DefaultCertificateClient.java:run(1457)) - Current certificate 150174 needs to be renewed remaining grace period PT0S. Forced renewal due to root ca rotation: false.
2024-04-16 15:23:00,829 [95f37b03-1813-4ecb-9fab-ad96af3cf4a2-dn-CertificateRenewerService] INFO  ozone.OzoneSecurityUtil (OzoneSecurityUtil.java:getValidInetsForCurrentHost(116)) - Adding ip:fe80:0:0:0:20d:3aff:fe1b:d32f%eth0,host:fe80:0:0:0:20d:3aff:fe1b:d32f%eth0
2024-04-16 15:23:00,830 [95f37b03-1813-4ecb-9fab-ad96af3cf4a2-dn-CertificateRenewerService] INFO  ozone.OzoneSecurityUtil (OzoneSecurityUtil.java:getValidInetsForCurrentHost(116)) - Adding ip:10.1.0.30,host:fv-az699-832.gws2011vpwuupmkks00dozwttg.bx.internal.cloudapp.net
2024-04-16 15:23:00,830 [95f37b03-1813-4ecb-9fab-ad96af3cf4a2-dn-CertificateRenewerService] INFO  ozone.OzoneSecurityUtil (OzoneSecurityUtil.java:getValidInetsForCurrentHost(116)) - Adding ip:0:0:0:0:0:0:0:1%lo,host:localhost
2024-04-16 15:23:00,830 [95f37b03-1813-4ecb-9fab-ad96af3cf4a2-dn-CertificateRenewerService] INFO  ozone.OzoneSecurityUtil (OzoneSecurityUtil.java:getValidInetsForCurrentHost(119)) - ip:127.0.0.1 not returned.
2024-04-16 15:23:00,830 [95f37b03-1813-4ecb-9fab-ad96af3cf4a2-dn-CertificateRenewerService] ERROR client.DNCertificateClient (DefaultCertificateClient.java:run(1473)) - Failed to renew and store key and cert. Keep using existing certificates.
org.apache.hadoop.hdds.security.x509.exception.CertificateException: Error while signing and storing new certificates.
	at org.apache.hadoop.hdds.security.x509.certificate.client.DefaultCertificateClient.renewAndStoreKeyAndCertificate(DefaultCertificateClient.java:1155)
	at org.apache.hadoop.hdds.security.x509.certificate.client.DefaultCertificateClient$CertificateRenewerService.run(DefaultCertificateClient.java:1462)
	at java.util.concurrent.Executors$RunnableAdapter.call(Executors.java:511)
	at java.util.concurrent.FutureTask.runAndReset(FutureTask.java:308)
	at java.util.concurrent.ScheduledThreadPoolExecutor$ScheduledFutureTask.access$301(ScheduledThreadPoolExecutor.java:180)
	at java.util.concurrent.ScheduledThreadPoolExecutor$ScheduledFutureTask.run(ScheduledThreadPoolExecutor.java:294)
	at java.util.concurrent.ThreadPoolExecutor.runWorker(ThreadPoolExecutor.java:1149)
	at java.util.concurrent.ThreadPoolExecutor$Worker.run(ThreadPoolExecutor.java:624)
	at java.lang.Thread.run(Thread.java:750)
Caused by: java.lang.IllegalArgumentException: IP Address is invalid
	at org.bouncycastle.asn1.x509.GeneralName.<init>(Unknown Source)
	at org.apache.hadoop.hdds.security.x509.certificate.utils.CertificateSignRequest$Builder.addAltName(CertificateSignRequest.java:334)
	at org.apache.hadoop.hdds.security.x509.certificate.utils.CertificateSignRequest$Builder.addIpAddress(CertificateSignRequest.java:281)
	at org.apache.hadoop.hdds.security.x509.certificate.utils.CertificateSignRequest$Builder.lambda$addInetAddresses$0(CertificateSignRequest.java:306)
	at java.util.ArrayList.forEach(ArrayList.java:1259)
	at org.apache.hadoop.hdds.security.x509.certificate.utils.CertificateSignRequest$Builder.addInetAddresses(CertificateSignRequest.java:304)
	at org.apache.hadoop.hdds.security.x509.certificate.utils.CertificateSignRequest$Builder.addInetAddresses(CertificateSignRequest.java:292)
	at org.apache.hadoop.hdds.security.x509.certificate.client.DefaultCertificateClient.getCSRBuilder(DefaultCertificateClient.java:573)
	at org.apache.hadoop.hdds.security.x509.certificate.client.DNCertificateClient.getCSRBuilder(DNCertificateClient.java:75)
	at org.apache.hadoop.hdds.security.x509.certificate.client.DefaultCertificateClient.renewAndStoreKeyAndCertificate(DefaultCertificateClient.java:1150)
	... 8 more
2024-04-16 15:23:00,831 [95f37b03-1813-4ecb-9fab-ad96af3cf4a2-dn-CertificateRenewerService] INFO  client.DNCertificateClient (DefaultCertificateClient.java:run(1457)) - Current certificate 150174 needs to be renewed remaining grace period PT0S. Forced renewal due to root ca rotation: false.
2024-04-16 15:23:00,967 [95f37b03-1813-4ecb-9fab-ad96af3cf4a2-dn-CertificateRenewerService] INFO  ozone.OzoneSecurityUtil (OzoneSecurityUtil.java:getValidInetsForCurrentHost(116)) - Adding ip:fe80:0:0:0:20d:3aff:fe1b:d32f%eth0,host:fe80:0:0:0:20d:3aff:fe1b:d32f%eth0
2024-04-16 15:23:00,967 [95f37b03-1813-4ecb-9fab-ad96af3cf4a2-dn-CertificateRenewerService] INFO  ozone.OzoneSecurityUtil (OzoneSecurityUtil.java:getValidInetsForCurrentHost(116)) - Adding ip:10.1.0.30,host:fv-az699-832.gws2011vpwuupmkks00dozwttg.bx.internal.cloudapp.net
2024-04-16 15:23:00,967 [95f37b03-1813-4ecb-9fab-ad96af3cf4a2-dn-CertificateRenewerService] INFO  ozone.OzoneSecurityUtil (OzoneSecurityUtil.java:getValidInetsForCurrentHost(116)) - Adding ip:0:0:0:0:0:0:0:1%lo,host:localhost
2024-04-16 15:23:00,967 [95f37b03-1813-4ecb-9fab-ad96af3cf4a2-dn-CertificateRenewerService] INFO  ozone.OzoneSecurityUtil (OzoneSecurityUtil.java:getValidInetsForCurrentHost(119)) - ip:127.0.0.1 not returned.
2024-04-16 15:23:00,967 [95f37b03-1813-4ecb-9fab-ad96af3cf4a2-dn-CertificateRenewerService] ERROR client.DNCertificateClient (DefaultCertificateClient.java:run(1473)) - Failed to renew and store key and cert. Keep using existing certificates.
org.apache.hadoop.hdds.security.x509.exception.CertificateException: Error while signing and storing new certificates.
	at org.apache.hadoop.hdds.security.x509.certificate.client.DefaultCertificateClient.renewAndStoreKeyAndCertificate(DefaultCertificateClient.java:1155)
	at org.apache.hadoop.hdds.security.x509.certificate.client.DefaultCertificateClient$CertificateRenewerService.run(DefaultCertificateClient.java:1462)
	at java.util.concurrent.Executors$RunnableAdapter.call(Executors.java:511)
	at java.util.concurrent.FutureTask.runAndReset(FutureTask.java:308)
	at java.util.concurrent.ScheduledThreadPoolExecutor$ScheduledFutureTask.access$301(ScheduledThreadPoolExecutor.java:180)
	at java.util.concurrent.ScheduledThreadPoolExecutor$ScheduledFutureTask.run(ScheduledThreadPoolExecutor.java:294)
	at java.util.concurrent.ThreadPoolExecutor.runWorker(ThreadPoolExecutor.java:1149)
	at java.util.concurrent.ThreadPoolExecutor$Worker.run(ThreadPoolExecutor.java:624)
	at java.lang.Thread.run(Thread.java:750)
Caused by: java.lang.IllegalArgumentException: IP Address is invalid
	at org.bouncycastle.asn1.x509.GeneralName.<init>(Unknown Source)
	at org.apache.hadoop.hdds.security.x509.certificate.utils.CertificateSignRequest$Builder.addAltName(CertificateSignRequest.java:334)
	at org.apache.hadoop.hdds.security.x509.certificate.utils.CertificateSignRequest$Builder.addIpAddress(CertificateSignRequest.java:281)
	at org.apache.hadoop.hdds.security.x509.certificate.utils.CertificateSignRequest$Builder.lambda$addInetAddresses$0(CertificateSignRequest.java:306)
	at java.util.ArrayList.forEach(ArrayList.java:1259)
	at org.apache.hadoop.hdds.security.x509.certificate.utils.CertificateSignRequest$Builder.addInetAddresses(CertificateSignRequest.java:304)
	at org.apache.hadoop.hdds.security.x509.certificate.utils.CertificateSignRequest$Builder.addInetAddresses(CertificateSignRequest.java:292)
	at org.apache.hadoop.hdds.security.x509.certificate.client.DefaultCertificateClient.getCSRBuilder(DefaultCertificateClient.java:573)
	at org.apache.hadoop.hdds.security.x509.certificate.client.DNCertificateClient.getCSRBuilder(DNCertificateClient.java:75)
	at org.apache.hadoop.hdds.security.x509.certificate.client.DefaultCertificateClient.renewAndStoreKeyAndCertificate(DefaultCertificateClient.java:1150)
	... 8 more
2024-04-16 15:23:02,327 [95f37b03-1813-4ecb-9fab-ad96af3cf4a2-dn-CertificateRenewerService] INFO  client.DNCertificateClient (DefaultCertificateClient.java:run(1457)) - Current certificate 150174 needs to be renewed remaining grace period PT0S. Forced renewal due to root ca rotation: false.
2024-04-16 15:23:02,536 [95f37b03-1813-4ecb-9fab-ad96af3cf4a2-dn-CertificateRenewerService] INFO  ozone.OzoneSecurityUtil (OzoneSecurityUtil.java:getValidInetsForCurrentHost(116)) - Adding ip:fe80:0:0:0:20d:3aff:fe1b:d32f%eth0,host:fe80:0:0:0:20d:3aff:fe1b:d32f%eth0
2024-04-16 15:23:02,536 [95f37b03-1813-4ecb-9fab-ad96af3cf4a2-dn-CertificateRenewerService] INFO  ozone.OzoneSecurityUtil (OzoneSecurityUtil.java:getValidInetsForCurrentHost(116)) - Adding ip:10.1.0.30,host:fv-az699-832.gws2011vpwuupmkks00dozwttg.bx.internal.cloudapp.net
2024-04-16 15:23:02,536 [95f37b03-1813-4ecb-9fab-ad96af3cf4a2-dn-CertificateRenewerService] INFO  ozone.OzoneSecurityUtil (OzoneSecurityUtil.java:getValidInetsForCurrentHost(116)) - Adding ip:0:0:0:0:0:0:0:1%lo,host:localhost
2024-04-16 15:23:02,537 [95f37b03-1813-4ecb-9fab-ad96af3cf4a2-dn-CertificateRenewerService] INFO  ozone.OzoneSecurityUtil (OzoneSecurityUtil.java:getValidInetsForCurrentHost(119)) - ip:127.0.0.1 not returned.
2024-04-16 15:23:02,537 [95f37b03-1813-4ecb-9fab-ad96af3cf4a2-dn-CertificateRenewerService] ERROR client.DNCertificateClient (DefaultCertificateClient.java:run(1473)) - Failed to renew and store key and cert. Keep using existing certificates.
org.apache.hadoop.hdds.security.x509.exception.CertificateException: Error while signing and storing new certificates.
	at org.apache.hadoop.hdds.security.x509.certificate.client.DefaultCertificateClient.renewAndStoreKeyAndCertificate(DefaultCertificateClient.java:1155)
	at org.apache.hadoop.hdds.security.x509.certificate.client.DefaultCertificateClient$CertificateRenewerService.run(DefaultCertificateClient.java:1462)
	at java.util.concurrent.Executors$RunnableAdapter.call(Executors.java:511)
	at java.util.concurrent.FutureTask.runAndReset(FutureTask.java:308)
	at java.util.concurrent.ScheduledThreadPoolExecutor$ScheduledFutureTask.access$301(ScheduledThreadPoolExecutor.java:180)
	at java.util.concurrent.ScheduledThreadPoolExecutor$ScheduledFutureTask.run(ScheduledThreadPoolExecutor.java:294)
	at java.util.concurrent.ThreadPoolExecutor.runWorker(ThreadPoolExecutor.java:1149)
	at java.util.concurrent.ThreadPoolExecutor$Worker.run(ThreadPoolExecutor.java:624)
	at java.lang.Thread.run(Thread.java:750)
Caused by: java.lang.IllegalArgumentException: IP Address is invalid
	at org.bouncycastle.asn1.x509.GeneralName.<init>(Unknown Source)
	at org.apache.hadoop.hdds.security.x509.certificate.utils.CertificateSignRequest$Builder.addAltName(CertificateSignRequest.java:334)
	at org.apache.hadoop.hdds.security.x509.certificate.utils.CertificateSignRequest$Builder.addIpAddress(CertificateSignRequest.java:281)
	at org.apache.hadoop.hdds.security.x509.certificate.utils.CertificateSignRequest$Builder.lambda$addInetAddresses$0(CertificateSignRequest.java:306)
	at java.util.ArrayList.forEach(ArrayList.java:1259)
	at org.apache.hadoop.hdds.security.x509.certificate.utils.CertificateSignRequest$Builder.addInetAddresses(CertificateSignRequest.java:304)
	at org.apache.hadoop.hdds.security.x509.certificate.utils.CertificateSignRequest$Builder.addInetAddresses(CertificateSignRequest.java:292)
	at org.apache.hadoop.hdds.security.x509.certificate.client.DefaultCertificateClient.getCSRBuilder(DefaultCertificateClient.java:573)
	at org.apache.hadoop.hdds.security.x509.certificate.client.DNCertificateClient.getCSRBuilder(DNCertificateClient.java:75)
	at org.apache.hadoop.hdds.security.x509.certificate.client.DefaultCertificateClient.renewAndStoreKeyAndCertificate(DefaultCertificateClient.java:1150)
	... 8 more
2024-04-16 15:23:02,537 [95f37b03-1813-4ecb-9fab-ad96af3cf4a2-dn-CertificateRenewerService] INFO  client.DNCertificateClient (DefaultCertificateClient.java:run(1457)) - Current certificate 150174 needs to be renewed remaining grace period PT0S. Forced renewal due to root ca rotation: false.
2024-04-16 15:23:02,620 [95f37b03-1813-4ecb-9fab-ad96af3cf4a2-dn-CertificateRenewerService] INFO  ozone.OzoneSecurityUtil (OzoneSecurityUtil.java:getValidInetsForCurrentHost(116)) - Adding ip:fe80:0:0:0:20d:3aff:fe1b:d32f%eth0,host:fe80:0:0:0:20d:3aff:fe1b:d32f%eth0
2024-04-16 15:23:02,620 [95f37b03-1813-4ecb-9fab-ad96af3cf4a2-dn-CertificateRenewerService] INFO  ozone.OzoneSecurityUtil (OzoneSecurityUtil.java:getValidInetsForCurrentHost(116)) - Adding ip:10.1.0.30,host:fv-az699-832.gws2011vpwuupmkks00dozwttg.bx.internal.cloudapp.net
2024-04-16 15:23:02,620 [95f37b03-1813-4ecb-9fab-ad96af3cf4a2-dn-CertificateRenewerService] INFO  ozone.OzoneSecurityUtil (OzoneSecurityUtil.java:getValidInetsForCurrentHost(116)) - Adding ip:0:0:0:0:0:0:0:1%lo,host:localhost
2024-04-16 15:23:02,621 [95f37b03-1813-4ecb-9fab-ad96af3cf4a2-dn-CertificateRenewerService] INFO  ozone.OzoneSecurityUtil (OzoneSecurityUtil.java:getValidInetsForCurrentHost(119)) - ip:127.0.0.1 not returned.
2024-04-16 15:23:02,621 [95f37b03-1813-4ecb-9fab-ad96af3cf4a2-dn-CertificateRenewerService] ERROR client.DNCertificateClient (DefaultCertificateClient.java:run(1473)) - Failed to renew and store key and cert. Keep using existing certificates.
org.apache.hadoop.hdds.security.x509.exception.CertificateException: Error while signing and storing new certificates.
	at org.apache.hadoop.hdds.security.x509.certificate.client.DefaultCertificateClient.renewAndStoreKeyAndCertificate(DefaultCertificateClient.java:1155)
	at org.apache.hadoop.hdds.security.x509.certificate.client.DefaultCertificateClient$CertificateRenewerService.run(DefaultCertificateClient.java:1462)
	at java.util.concurrent.Executors$RunnableAdapter.call(Executors.java:511)
	at java.util.concurrent.FutureTask.runAndReset(FutureTask.java:308)
	at java.util.concurrent.ScheduledThreadPoolExecutor$ScheduledFutureTask.access$301(ScheduledThreadPoolExecutor.java:180)
	at java.util.concurrent.ScheduledThreadPoolExecutor$ScheduledFutureTask.run(ScheduledThreadPoolExecutor.java:294)
	at java.util.concurrent.ThreadPoolExecutor.runWorker(ThreadPoolExecutor.java:1149)
	at java.util.concurrent.ThreadPoolExecutor$Worker.run(ThreadPoolExecutor.java:624)
	at java.lang.Thread.run(Thread.java:750)
Caused by: java.lang.IllegalArgumentException: IP Address is invalid
	at org.bouncycastle.asn1.x509.GeneralName.<init>(Unknown Source)
	at org.apache.hadoop.hdds.security.x509.certificate.utils.CertificateSignRequest$Builder.addAltName(CertificateSignRequest.java:334)
	at org.apache.hadoop.hdds.security.x509.certificate.utils.CertificateSignRequest$Builder.addIpAddress(CertificateSignRequest.java:281)
	at org.apache.hadoop.hdds.security.x509.certificate.utils.CertificateSignRequest$Builder.lambda$addInetAddresses$0(CertificateSignRequest.java:306)
	at java.util.ArrayList.forEach(ArrayList.java:1259)
	at org.apache.hadoop.hdds.security.x509.certificate.utils.CertificateSignRequest$Builder.addInetAddresses(CertificateSignRequest.java:304)
	at org.apache.hadoop.hdds.security.x509.certificate.utils.CertificateSignRequest$Builder.addInetAddresses(CertificateSignRequest.java:292)
	at org.apache.hadoop.hdds.security.x509.certificate.client.DefaultCertificateClient.getCSRBuilder(DefaultCertificateClient.java:573)
	at org.apache.hadoop.hdds.security.x509.certificate.client.DNCertificateClient.getCSRBuilder(DNCertificateClient.java:75)
	at org.apache.hadoop.hdds.security.x509.certificate.client.DefaultCertificateClient.renewAndStoreKeyAndCertificate(DefaultCertificateClient.java:1150)
	... 8 more
2024-04-16 15:23:03,993 [95f37b03-1813-4ecb-9fab-ad96af3cf4a2-dn-CertificateRenewerService] INFO  client.DNCertificateClient (DefaultCertificateClient.java:run(1457)) - Current certificate 150174 needs to be renewed remaining grace period PT0S. Forced renewal due to root ca rotation: false.
2024-04-16 15:23:04,161 [95f37b03-1813-4ecb-9fab-ad96af3cf4a2-dn-CertificateRenewerService] INFO  ozone.OzoneSecurityUtil (OzoneSecurityUtil.java:getValidInetsForCurrentHost(116)) - Adding ip:fe80:0:0:0:20d:3aff:fe1b:d32f%eth0,host:fe80:0:0:0:20d:3aff:fe1b:d32f%eth0
2024-04-16 15:23:04,162 [95f37b03-1813-4ecb-9fab-ad96af3cf4a2-dn-CertificateRenewerService] INFO  ozone.OzoneSecurityUtil (OzoneSecurityUtil.java:getValidInetsForCurrentHost(116)) - Adding ip:10.1.0.30,host:fv-az699-832.gws2011vpwuupmkks00dozwttg.bx.internal.cloudapp.net
2024-04-16 15:23:04,162 [95f37b03-1813-4ecb-9fab-ad96af3cf4a2-dn-CertificateRenewerService] INFO  ozone.OzoneSecurityUtil (OzoneSecurityUtil.java:getValidInetsForCurrentHost(116)) - Adding ip:0:0:0:0:0:0:0:1%lo,host:localhost
2024-04-16 15:23:04,162 [95f37b03-1813-4ecb-9fab-ad96af3cf4a2-dn-CertificateRenewerService] INFO  ozone.OzoneSecurityUtil (OzoneSecurityUtil.java:getValidInetsForCurrentHost(119)) - ip:127.0.0.1 not returned.
2024-04-16 15:23:04,162 [95f37b03-1813-4ecb-9fab-ad96af3cf4a2-dn-CertificateRenewerService] ERROR client.DNCertificateClient (DefaultCertificateClient.java:run(1473)) - Failed to renew and store key and cert. Keep using existing certificates.
org.apache.hadoop.hdds.security.x509.exception.CertificateException: Error while signing and storing new certificates.
	at org.apache.hadoop.hdds.security.x509.certificate.client.DefaultCertificateClient.renewAndStoreKeyAndCertificate(DefaultCertificateClient.java:1155)
	at org.apache.hadoop.hdds.security.x509.certificate.client.DefaultCertificateClient$CertificateRenewerService.run(DefaultCertificateClient.java:1462)
	at java.util.concurrent.Executors$RunnableAdapter.call(Executors.java:511)
	at java.util.concurrent.FutureTask.runAndReset(FutureTask.java:308)
	at java.util.concurrent.ScheduledThreadPoolExecutor$ScheduledFutureTask.access$301(ScheduledThreadPoolExecutor.java:180)
	at java.util.concurrent.ScheduledThreadPoolExecutor$ScheduledFutureTask.run(ScheduledThreadPoolExecutor.java:294)
	at java.util.concurrent.ThreadPoolExecutor.runWorker(ThreadPoolExecutor.java:1149)
	at java.util.concurrent.ThreadPoolExecutor$Worker.run(ThreadPoolExecutor.java:624)
	at java.lang.Thread.run(Thread.java:750)
Caused by: java.lang.IllegalArgumentException: IP Address is invalid
	at org.bouncycastle.asn1.x509.GeneralName.<init>(Unknown Source)
	at org.apache.hadoop.hdds.security.x509.certificate.utils.CertificateSignRequest$Builder.addAltName(CertificateSignRequest.java:334)
	at org.apache.hadoop.hdds.security.x509.certificate.utils.CertificateSignRequest$Builder.addIpAddress(CertificateSignRequest.java:281)
	at org.apache.hadoop.hdds.security.x509.certificate.utils.CertificateSignRequest$Builder.lambda$addInetAddresses$0(CertificateSignRequest.java:306)
	at java.util.ArrayList.forEach(ArrayList.java:1259)
	at org.apache.hadoop.hdds.security.x509.certificate.utils.CertificateSignRequest$Builder.addInetAddresses(CertificateSignRequest.java:304)
	at org.apache.hadoop.hdds.security.x509.certificate.utils.CertificateSignRequest$Builder.addInetAddresses(CertificateSignRequest.java:292)
	at org.apache.hadoop.hdds.security.x509.certificate.client.DefaultCertificateClient.getCSRBuilder(DefaultCertificateClient.java:573)
	at org.apache.hadoop.hdds.security.x509.certificate.client.DNCertificateClient.getCSRBuilder(DNCertificateClient.java:75)
	at org.apache.hadoop.hdds.security.x509.certificate.client.DefaultCertificateClient.renewAndStoreKeyAndCertificate(DefaultCertificateClient.java:1150)
	... 8 more
2024-04-16 15:23:04,163 [95f37b03-1813-4ecb-9fab-ad96af3cf4a2-dn-CertificateRenewerService] INFO  client.DNCertificateClient (DefaultCertificateClient.java:run(1457)) - Current certificate 150174 needs to be renewed remaining grace period PT0S. Forced renewal due to root ca rotation: false.
2024-04-16 15:23:04,373 [95f37b03-1813-4ecb-9fab-ad96af3cf4a2-dn-CertificateRenewerService] ERROR client.DNCertificateClient (DefaultCertificateClient.java:createKeyPair(946)) - Error while bootstrapping certificate client.
java.nio.channels.ClosedByInterruptException
	at java.nio.channels.spi.AbstractInterruptibleChannel.end(AbstractInterruptibleChannel.java:202)
	at sun.nio.ch.FileChannelImpl.write(FileChannelImpl.java:216)
	at java.nio.channels.Channels.writeFullyImpl(Channels.java:78)
	at java.nio.channels.Channels.writeFully(Channels.java:101)
	at java.nio.channels.Channels.access$000(Channels.java:61)
	at java.nio.channels.Channels$1.write(Channels.java:174)
	at sun.nio.cs.StreamEncoder.writeBytes(StreamEncoder.java:221)
	at sun.nio.cs.StreamEncoder.implClose(StreamEncoder.java:316)
	at sun.nio.cs.StreamEncoder.close(StreamEncoder.java:149)
	at java.io.OutputStreamWriter.close(OutputStreamWriter.java:233)
	at org.apache.commons.io.IOUtils.close(IOUtils.java:444)
	at org.apache.commons.io.output.ProxyWriter.close(ProxyWriter.java:148)
	at java.io.BufferedWriter.close(BufferedWriter.java:266)
	at org.apache.hadoop.hdds.security.x509.keys.KeyCodec.writePrivateKey(KeyCodec.java:186)
	at org.apache.hadoop.hdds.security.x509.certificate.client.DefaultCertificateClient.createKeyPair(DefaultCertificateClient.java:943)
	at org.apache.hadoop.hdds.security.x509.certificate.client.DefaultCertificateClient.renewAndStoreKeyAndCertificate(DefaultCertificateClient.java:1141)
	at org.apache.hadoop.hdds.security.x509.certificate.client.DefaultCertificateClient$CertificateRenewerService.run(DefaultCertificateClient.java:1462)
	at java.util.concurrent.Executors$RunnableAdapter.call(Executors.java:511)
	at java.util.concurrent.FutureTask.runAndReset(FutureTask.java:308)
	at java.util.concurrent.ScheduledThreadPoolExecutor$ScheduledFutureTask.access$301(ScheduledThreadPoolExecutor.java:180)
	at java.util.concurrent.ScheduledThreadPoolExecutor$ScheduledFutureTask.run(ScheduledThreadPoolExecutor.java:294)
	at java.util.concurrent.ThreadPoolExecutor.runWorker(ThreadPoolExecutor.java:1149)
	at java.util.concurrent.ThreadPoolExecutor$Worker.run(ThreadPoolExecutor.java:624)
	at java.lang.Thread.run(Thread.java:750)
2024-04-16 15:23:04,374 [95f37b03-1813-4ecb-9fab-ad96af3cf4a2-dn-CertificateRenewerService] ERROR client.DNCertificateClient (DefaultCertificateClient.java:run(1473)) - Failed to renew and store key and cert. Keep using existing certificates.
org.apache.hadoop.hdds.security.x509.exception.CertificateException: Error while creating new key pair.
	at org.apache.hadoop.hdds.security.x509.certificate.client.DefaultCertificateClient.renewAndStoreKeyAndCertificate(DefaultCertificateClient.java:1143)
	at org.apache.hadoop.hdds.security.x509.certificate.client.DefaultCertificateClient$CertificateRenewerService.run(DefaultCertificateClient.java:1462)
	at java.util.concurrent.Executors$RunnableAdapter.call(Executors.java:511)
	at java.util.concurrent.FutureTask.runAndReset(FutureTask.java:308)
	at java.util.concurrent.ScheduledThreadPoolExecutor$ScheduledFutureTask.access$301(ScheduledThreadPoolExecutor.java:180)
	at java.util.concurrent.ScheduledThreadPoolExecutor$ScheduledFutureTask.run(ScheduledThreadPoolExecutor.java:294)
	at java.util.concurrent.ThreadPoolExecutor.runWorker(ThreadPoolExecutor.java:1149)
	at java.util.concurrent.ThreadPoolExecutor$Worker.run(ThreadPoolExecutor.java:624)
	at java.lang.Thread.run(Thread.java:750)
Caused by: org.apache.hadoop.hdds.security.x509.exception.CertificateException: Error while bootstrapping certificate.
	at org.apache.hadoop.hdds.security.x509.certificate.client.DefaultCertificateClient.createKeyPair(DefaultCertificateClient.java:947)
	at org.apache.hadoop.hdds.security.x509.certificate.client.DefaultCertificateClient.renewAndStoreKeyAndCertificate(DefaultCertificateClient.java:1141)
	... 8 more
]]></system-out>
    <system-err><![CDATA[java.lang.RuntimeException: Fail to authentication when starting HDDS datanode plugin
	at org.apache.hadoop.ozone.HddsDatanodeService.start(HddsDatanodeService.java:346)
	at org.apache.hadoop.ozone.HddsDatanodeService.start(HddsDatanodeService.java:213)
	at org.apache.hadoop.ozone.TestHddsSecureDatanodeInit.lambda$setUp$0(TestHddsSecureDatanodeInit.java:123)
	at org.apache.hadoop.ozone.TestHddsSecureDatanodeInit.callQuietly(TestHddsSecureDatanodeInit.java:310)
	at org.apache.hadoop.ozone.TestHddsSecureDatanodeInit.setUp(TestHddsSecureDatanodeInit.java:122)
	at sun.reflect.NativeMethodAccessorImpl.invoke0(Native Method)
	at sun.reflect.NativeMethodAccessorImpl.invoke(NativeMethodAccessorImpl.java:62)
	at sun.reflect.DelegatingMethodAccessorImpl.invoke(DelegatingMethodAccessorImpl.java:43)
	at java.lang.reflect.Method.invoke(Method.java:498)
	at org.junit.platform.commons.util.ReflectionUtils.invokeMethod(ReflectionUtils.java:728)
	at org.junit.jupiter.engine.execution.MethodInvocation.proceed(MethodInvocation.java:60)
	at org.junit.jupiter.engine.execution.InvocationInterceptorChain$ValidatingInvocation.proceed(InvocationInterceptorChain.java:131)
	at org.junit.jupiter.engine.extension.TimeoutExtension.intercept(TimeoutExtension.java:156)
	at org.junit.jupiter.engine.extension.TimeoutExtension.interceptLifecycleMethod(TimeoutExtension.java:128)
	at org.junit.jupiter.engine.extension.TimeoutExtension.interceptBeforeAllMethod(TimeoutExtension.java:70)
	at org.junit.jupiter.engine.execution.InterceptingExecutableInvoker$ReflectiveInterceptorCall.lambda$ofVoidMethod$0(InterceptingExecutableInvoker.java:103)
	at org.junit.jupiter.engine.execution.InterceptingExecutableInvoker.lambda$invoke$0(InterceptingExecutableInvoker.java:93)
	at org.junit.jupiter.engine.execution.InvocationInterceptorChain$InterceptedInvocation.proceed(InvocationInterceptorChain.java:106)
	at org.junit.jupiter.engine.execution.InvocationInterceptorChain.proceed(InvocationInterceptorChain.java:64)
	at org.junit.jupiter.engine.execution.InvocationInterceptorChain.chainAndInvoke(InvocationInterceptorChain.java:45)
	at org.junit.jupiter.engine.execution.InvocationInterceptorChain.invoke(InvocationInterceptorChain.java:37)
	at org.junit.jupiter.engine.execution.InterceptingExecutableInvoker.invoke(InterceptingExecutableInvoker.java:92)
	at org.junit.jupiter.engine.execution.InterceptingExecutableInvoker.invoke(InterceptingExecutableInvoker.java:86)
	at org.junit.jupiter.engine.descriptor.ClassBasedTestDescriptor.lambda$invokeBeforeAllMethods$13(ClassBasedTestDescriptor.java:412)
	at org.junit.platform.engine.support.hierarchical.ThrowableCollector.execute(ThrowableCollector.java:73)
	at org.junit.jupiter.engine.descriptor.ClassBasedTestDescriptor.invokeBeforeAllMethods(ClassBasedTestDescriptor.java:410)
	at org.junit.jupiter.engine.descriptor.ClassBasedTestDescriptor.before(ClassBasedTestDescriptor.java:216)
	at org.junit.jupiter.engine.descriptor.ClassBasedTestDescriptor.before(ClassBasedTestDescriptor.java:85)
	at org.junit.platform.engine.support.hierarchical.NodeTestTask.lambda$executeRecursively$6(NodeTestTask.java:148)
	at org.junit.platform.engine.support.hierarchical.ThrowableCollector.execute(ThrowableCollector.java:73)
	at org.junit.platform.engine.support.hierarchical.NodeTestTask.lambda$executeRecursively$8(NodeTestTask.java:141)
	at org.junit.platform.engine.support.hierarchical.Node.around(Node.java:137)
	at org.junit.platform.engine.support.hierarchical.NodeTestTask.lambda$executeRecursively$9(NodeTestTask.java:139)
	at org.junit.platform.engine.support.hierarchical.ThrowableCollector.execute(ThrowableCollector.java:73)
	at org.junit.platform.engine.support.hierarchical.NodeTestTask.executeRecursively(NodeTestTask.java:138)
	at org.junit.platform.engine.support.hierarchical.NodeTestTask.execute(NodeTestTask.java:95)
	at java.util.ArrayList.forEach(ArrayList.java:1259)
	at org.junit.platform.engine.support.hierarchical.SameThreadHierarchicalTestExecutorService.invokeAll(SameThreadHierarchicalTestExecutorService.java:41)
	at org.junit.platform.engine.support.hierarchical.NodeTestTask.lambda$executeRecursively$6(NodeTestTask.java:155)
	at org.junit.platform.engine.support.hierarchical.ThrowableCollector.execute(ThrowableCollector.java:73)
	at org.junit.platform.engine.support.hierarchical.NodeTestTask.lambda$executeRecursively$8(NodeTestTask.java:141)
	at org.junit.platform.engine.support.hierarchical.Node.around(Node.java:137)
	at org.junit.platform.engine.support.hierarchical.NodeTestTask.lambda$executeRecursively$9(NodeTestTask.java:139)
	at org.junit.platform.engine.support.hierarchical.ThrowableCollector.execute(ThrowableCollector.java:73)
	at org.junit.platform.engine.support.hierarchical.NodeTestTask.executeRecursively(NodeTestTask.java:138)
	at org.junit.platform.engine.support.hierarchical.NodeTestTask.execute(NodeTestTask.java:95)
	at org.junit.platform.engine.support.hierarchical.SameThreadHierarchicalTestExecutorService.submit(SameThreadHierarchicalTestExecutorService.java:35)
	at org.junit.platform.engine.support.hierarchical.HierarchicalTestExecutor.execute(HierarchicalTestExecutor.java:57)
	at org.junit.platform.engine.support.hierarchical.HierarchicalTestEngine.execute(HierarchicalTestEngine.java:54)
	at org.junit.platform.launcher.core.EngineExecutionOrchestrator.execute(EngineExecutionOrchestrator.java:198)
	at org.junit.platform.launcher.core.EngineExecutionOrchestrator.execute(EngineExecutionOrchestrator.java:169)
	at org.junit.platform.launcher.core.EngineExecutionOrchestrator.execute(EngineExecutionOrchestrator.java:93)
	at org.junit.platform.launcher.core.EngineExecutionOrchestrator.lambda$execute$0(EngineExecutionOrchestrator.java:58)
	at org.junit.platform.launcher.core.EngineExecutionOrchestrator.withInterceptedStreams(EngineExecutionOrchestrator.java:141)
	at org.junit.platform.launcher.core.EngineExecutionOrchestrator.execute(EngineExecutionOrchestrator.java:57)
	at org.junit.platform.launcher.core.DefaultLauncher.execute(DefaultLauncher.java:103)
	at org.junit.platform.launcher.core.DefaultLauncher.execute(DefaultLauncher.java:85)
	at org.junit.platform.launcher.core.DelegatingLauncher.execute(DelegatingLauncher.java:47)
	at org.junit.platform.launcher.core.SessionPerRequestLauncher.execute(SessionPerRequestLauncher.java:63)
	at org.apache.maven.surefire.junitplatform.JUnitPlatformProvider.invokeAllTests(JUnitPlatformProvider.java:154)
	at org.apache.maven.surefire.junitplatform.JUnitPlatformProvider.invoke(JUnitPlatformProvider.java:123)
	at org.apache.maven.surefire.booter.ForkedBooter.runSuitesInProcess(ForkedBooter.java:377)
	at org.apache.maven.surefire.booter.ForkedBooter.execute(ForkedBooter.java:138)
	at org.apache.maven.surefire.booter.ForkedBooter.run(ForkedBooter.java:465)
	at org.apache.maven.surefire.booter.ForkedBooter.main(ForkedBooter.java:451)
Caused by: org.apache.hadoop.security.authentication.client.AuthenticationException: SIMPLE authentication method not supported. Datanode user login failed.
	at org.apache.hadoop.ozone.HddsDatanodeService.start(HddsDatanodeService.java:263)
	... 64 more
java.lang.IllegalArgumentException: IP Address is invalid
	at org.bouncycastle.asn1.x509.GeneralName.<init>(Unknown Source)
	at org.apache.hadoop.hdds.security.x509.certificate.utils.CertificateSignRequest$Builder.addAltName(CertificateSignRequest.java:334)
	at org.apache.hadoop.hdds.security.x509.certificate.utils.CertificateSignRequest$Builder.addIpAddress(CertificateSignRequest.java:281)
	at org.apache.hadoop.hdds.security.x509.certificate.utils.CertificateSignRequest$Builder.lambda$addInetAddresses$0(CertificateSignRequest.java:306)
	at java.util.ArrayList.forEach(ArrayList.java:1259)
	at org.apache.hadoop.hdds.security.x509.certificate.utils.CertificateSignRequest$Builder.addInetAddresses(CertificateSignRequest.java:304)
	at org.apache.hadoop.hdds.security.x509.certificate.utils.CertificateSignRequest$Builder.addInetAddresses(CertificateSignRequest.java:292)
	at org.apache.hadoop.hdds.security.x509.certificate.client.DefaultCertificateClient.getCSRBuilder(DefaultCertificateClient.java:573)
	at org.apache.hadoop.hdds.security.x509.certificate.client.DNCertificateClient.getCSRBuilder(DNCertificateClient.java:75)
	at org.apache.hadoop.hdds.security.x509.certificate.client.DefaultCertificateClient.recoverStateIfNeeded(DefaultCertificateClient.java:806)
	at org.apache.hadoop.hdds.security.x509.certificate.client.DefaultCertificateClient.initWithRecovery(DefaultCertificateClient.java:701)
	at org.apache.hadoop.ozone.HddsDatanodeService.initializeCertificateClient(HddsDatanodeService.java:398)
	at org.apache.hadoop.ozone.TestHddsSecureDatanodeInit.lambda$setUp$1(TestHddsSecureDatanodeInit.java:127)
	at org.apache.hadoop.ozone.TestHddsSecureDatanodeInit.callQuietly(TestHddsSecureDatanodeInit.java:310)
	at org.apache.hadoop.ozone.TestHddsSecureDatanodeInit.setUp(TestHddsSecureDatanodeInit.java:126)
	at sun.reflect.NativeMethodAccessorImpl.invoke0(Native Method)
	at sun.reflect.NativeMethodAccessorImpl.invoke(NativeMethodAccessorImpl.java:62)
	at sun.reflect.DelegatingMethodAccessorImpl.invoke(DelegatingMethodAccessorImpl.java:43)
	at java.lang.reflect.Method.invoke(Method.java:498)
	at org.junit.platform.commons.util.ReflectionUtils.invokeMethod(ReflectionUtils.java:728)
	at org.junit.jupiter.engine.execution.MethodInvocation.proceed(MethodInvocation.java:60)
	at org.junit.jupiter.engine.execution.InvocationInterceptorChain$ValidatingInvocation.proceed(InvocationInterceptorChain.java:131)
	at org.junit.jupiter.engine.extension.TimeoutExtension.intercept(TimeoutExtension.java:156)
	at org.junit.jupiter.engine.extension.TimeoutExtension.interceptLifecycleMethod(TimeoutExtension.java:128)
	at org.junit.jupiter.engine.extension.TimeoutExtension.interceptBeforeAllMethod(TimeoutExtension.java:70)
	at org.junit.jupiter.engine.execution.InterceptingExecutableInvoker$ReflectiveInterceptorCall.lambda$ofVoidMethod$0(InterceptingExecutableInvoker.java:103)
	at org.junit.jupiter.engine.execution.InterceptingExecutableInvoker.lambda$invoke$0(InterceptingExecutableInvoker.java:93)
	at org.junit.jupiter.engine.execution.InvocationInterceptorChain$InterceptedInvocation.proceed(InvocationInterceptorChain.java:106)
	at org.junit.jupiter.engine.execution.InvocationInterceptorChain.proceed(InvocationInterceptorChain.java:64)
	at org.junit.jupiter.engine.execution.InvocationInterceptorChain.chainAndInvoke(InvocationInterceptorChain.java:45)
	at org.junit.jupiter.engine.execution.InvocationInterceptorChain.invoke(InvocationInterceptorChain.java:37)
	at org.junit.jupiter.engine.execution.InterceptingExecutableInvoker.invoke(InterceptingExecutableInvoker.java:92)
	at org.junit.jupiter.engine.execution.InterceptingExecutableInvoker.invoke(InterceptingExecutableInvoker.java:86)
	at org.junit.jupiter.engine.descriptor.ClassBasedTestDescriptor.lambda$invokeBeforeAllMethods$13(ClassBasedTestDescriptor.java:412)
	at org.junit.platform.engine.support.hierarchical.ThrowableCollector.execute(ThrowableCollector.java:73)
	at org.junit.jupiter.engine.descriptor.ClassBasedTestDescriptor.invokeBeforeAllMethods(ClassBasedTestDescriptor.java:410)
	at org.junit.jupiter.engine.descriptor.ClassBasedTestDescriptor.before(ClassBasedTestDescriptor.java:216)
	at org.junit.jupiter.engine.descriptor.ClassBasedTestDescriptor.before(ClassBasedTestDescriptor.java:85)
	at org.junit.platform.engine.support.hierarchical.NodeTestTask.lambda$executeRecursively$6(NodeTestTask.java:148)
	at org.junit.platform.engine.support.hierarchical.ThrowableCollector.execute(ThrowableCollector.java:73)
	at org.junit.platform.engine.support.hierarchical.NodeTestTask.lambda$executeRecursively$8(NodeTestTask.java:141)
	at org.junit.platform.engine.support.hierarchical.Node.around(Node.java:137)
	at org.junit.platform.engine.support.hierarchical.NodeTestTask.lambda$executeRecursively$9(NodeTestTask.java:139)
	at org.junit.platform.engine.support.hierarchical.ThrowableCollector.execute(ThrowableCollector.java:73)
	at org.junit.platform.engine.support.hierarchical.NodeTestTask.executeRecursively(NodeTestTask.java:138)
	at org.junit.platform.engine.support.hierarchical.NodeTestTask.execute(NodeTestTask.java:95)
	at java.util.ArrayList.forEach(ArrayList.java:1259)
	at org.junit.platform.engine.support.hierarchical.SameThreadHierarchicalTestExecutorService.invokeAll(SameThreadHierarchicalTestExecutorService.java:41)
	at org.junit.platform.engine.support.hierarchical.NodeTestTask.lambda$executeRecursively$6(NodeTestTask.java:155)
	at org.junit.platform.engine.support.hierarchical.ThrowableCollector.execute(ThrowableCollector.java:73)
	at org.junit.platform.engine.support.hierarchical.NodeTestTask.lambda$executeRecursively$8(NodeTestTask.java:141)
	at org.junit.platform.engine.support.hierarchical.Node.around(Node.java:137)
	at org.junit.platform.engine.support.hierarchical.NodeTestTask.lambda$executeRecursively$9(NodeTestTask.java:139)
	at org.junit.platform.engine.support.hierarchical.ThrowableCollector.execute(ThrowableCollector.java:73)
	at org.junit.platform.engine.support.hierarchical.NodeTestTask.executeRecursively(NodeTestTask.java:138)
	at org.junit.platform.engine.support.hierarchical.NodeTestTask.execute(NodeTestTask.java:95)
	at org.junit.platform.engine.support.hierarchical.SameThreadHierarchicalTestExecutorService.submit(SameThreadHierarchicalTestExecutorService.java:35)
	at org.junit.platform.engine.support.hierarchical.HierarchicalTestExecutor.execute(HierarchicalTestExecutor.java:57)
	at org.junit.platform.engine.support.hierarchical.HierarchicalTestEngine.execute(HierarchicalTestEngine.java:54)
	at org.junit.platform.launcher.core.EngineExecutionOrchestrator.execute(EngineExecutionOrchestrator.java:198)
	at org.junit.platform.launcher.core.EngineExecutionOrchestrator.execute(EngineExecutionOrchestrator.java:169)
	at org.junit.platform.launcher.core.EngineExecutionOrchestrator.execute(EngineExecutionOrchestrator.java:93)
	at org.junit.platform.launcher.core.EngineExecutionOrchestrator.lambda$execute$0(EngineExecutionOrchestrator.java:58)
	at org.junit.platform.launcher.core.EngineExecutionOrchestrator.withInterceptedStreams(EngineExecutionOrchestrator.java:141)
	at org.junit.platform.launcher.core.EngineExecutionOrchestrator.execute(EngineExecutionOrchestrator.java:57)
	at org.junit.platform.launcher.core.DefaultLauncher.execute(DefaultLauncher.java:103)
	at org.junit.platform.launcher.core.DefaultLauncher.execute(DefaultLauncher.java:85)
	at org.junit.platform.launcher.core.DelegatingLauncher.execute(DelegatingLauncher.java:47)
	at org.junit.platform.launcher.core.SessionPerRequestLauncher.execute(SessionPerRequestLauncher.java:63)
	at org.apache.maven.surefire.junitplatform.JUnitPlatformProvider.invokeAllTests(JUnitPlatformProvider.java:154)
	at org.apache.maven.surefire.junitplatform.JUnitPlatformProvider.invoke(JUnitPlatformProvider.java:123)
	at org.apache.maven.surefire.booter.ForkedBooter.runSuitesInProcess(ForkedBooter.java:377)
	at org.apache.maven.surefire.booter.ForkedBooter.execute(ForkedBooter.java:138)
	at org.apache.maven.surefire.booter.ForkedBooter.run(ForkedBooter.java:465)
	at org.apache.maven.surefire.booter.ForkedBooter.main(ForkedBooter.java:451)
]]></system-err>
    <rerunError type="java.util.concurrent.TimeoutException">
      <stackTrace><![CDATA[java.util.concurrent.TimeoutException: 
Timed out waiting for condition. Thread diagnostics:
Timestamp: 2024-04-16 03:23:34,765

"gradle-enterprise-test-client-gradle-enterprise-test-listener"  prio=5 tid=14 in Object.wait()
java.lang.Thread.State: WAITING (on object monitor)
        at sun.misc.Unsafe.park(Native Method)
        at java.util.concurrent.locks.LockSupport.park(LockSupport.java:175)
        at java.util.concurrent.locks.AbstractQueuedSynchronizer$ConditionObject.await(AbstractQueuedSynchronizer.java:2039)
        at java.util.concurrent.ArrayBlockingQueue.take(ArrayBlockingQueue.java:403)
        at com.gradle.maven.scan.extension.test.listener.obfuscated.k.a.a(SourceFile:130)
        at com.gradle.maven.scan.extension.test.listener.obfuscated.k.a.b(SourceFile:93)
        at com.gradle.maven.scan.extension.test.listener.obfuscated.k.a$$Lambda$270/1165303897.run(Unknown Source)
        at java.util.concurrent.Executors$RunnableAdapter.call(Executors.java:511)
        at java.util.concurrent.FutureTask.run(FutureTask.java:266)
        at java.util.concurrent.ThreadPoolExecutor.runWorker(ThreadPoolExecutor.java:1149)
        at java.util.concurrent.ThreadPoolExecutor$Worker.run(ThreadPoolExecutor.java:624)
        at java.lang.Thread.run(Thread.java:750)
"Timer for 'HddsDatanode' metrics system" daemon prio=5 tid=17 timed_waiting
java.lang.Thread.State: TIMED_WAITING
        at java.lang.Object.wait(Native Method)
        at java.util.TimerThread.mainLoop(Timer.java:552)
        at java.util.TimerThread.run(Timer.java:505)
"Reference Handler" daemon prio=10 tid=2 in Object.wait()
java.lang.Thread.State: WAITING (on object monitor)
        at java.lang.Object.wait(Native Method)
        at java.lang.Object.wait(Object.java:502)
        at java.lang.ref.Reference.tryHandlePending(Reference.java:191)
        at java.lang.ref.Reference$ReferenceHandler.run(Reference.java:153)
"Signal Dispatcher" daemon prio=9 tid=4 runnable
java.lang.Thread.State: RUNNABLE
"surefire-forkedjvm-ping-30s" daemon prio=5 tid=11 timed_waiting
java.lang.Thread.State: TIMED_WAITING
        at sun.misc.Unsafe.park(Native Method)
        at java.util.concurrent.locks.LockSupport.parkNanos(LockSupport.java:215)
        at java.util.concurrent.locks.AbstractQueuedSynchronizer$ConditionObject.awaitNanos(AbstractQueuedSynchronizer.java:2078)
        at java.util.concurrent.ScheduledThreadPoolExecutor$DelayedWorkQueue.take(ScheduledThreadPoolExecutor.java:1093)
        at java.util.concurrent.ScheduledThreadPoolExecutor$DelayedWorkQueue.take(ScheduledThreadPoolExecutor.java:809)
        at java.util.concurrent.ThreadPoolExecutor.getTask(ThreadPoolExecutor.java:1074)
        at java.util.concurrent.ThreadPoolExecutor.runWorker(ThreadPoolExecutor.java:1134)
        at java.util.concurrent.ThreadPoolExecutor$Worker.run(ThreadPoolExecutor.java:624)
        at java.lang.Thread.run(Thread.java:750)
"Attach Listener" daemon prio=9 tid=18 runnable
java.lang.Thread.State: RUNNABLE
"surefire-forkedjvm-command-thread" daemon prio=5 tid=10 runnable
java.lang.Thread.State: RUNNABLE
        at java.io.FileInputStream.readBytes(Native Method)
        at java.io.FileInputStream.read(FileInputStream.java:255)
        at java.io.BufferedInputStream.fill(BufferedInputStream.java:246)
        at java.io.BufferedInputStream.read(BufferedInputStream.java:265)
        at java.io.DataInputStream.readInt(DataInputStream.java:387)
        at org.apache.maven.surefire.booter.MasterProcessCommand.decode(MasterProcessCommand.java:113)
        at org.apache.maven.surefire.booter.CommandReader$CommandRunnable.run(CommandReader.java:383)
        at java.lang.Thread.run(Thread.java:750)
"8e2d0bf5-518a-47e5-8419-e7c08f9f86b4-dn-CertificateRenewerService" daemon prio=5 tid=20 timed_waiting
java.lang.Thread.State: TIMED_WAITING
        at sun.misc.Unsafe.park(Native Method)
        at java.util.concurrent.locks.LockSupport.parkNanos(LockSupport.java:215)
        at java.util.concurrent.locks.AbstractQueuedSynchronizer$ConditionObject.awaitNanos(AbstractQueuedSynchronizer.java:2078)
        at java.util.concurrent.ScheduledThreadPoolExecutor$DelayedWorkQueue.take(ScheduledThreadPoolExecutor.java:1093)
        at java.util.concurrent.ScheduledThreadPoolExecutor$DelayedWorkQueue.take(ScheduledThreadPoolExecutor.java:809)
        at java.util.concurrent.ThreadPoolExecutor.getTask(ThreadPoolExecutor.java:1074)
        at java.util.concurrent.ThreadPoolExecutor.runWorker(ThreadPoolExecutor.java:1134)
        at java.util.concurrent.ThreadPoolExecutor$Worker.run(ThreadPoolExecutor.java:624)
        at java.lang.Thread.run(Thread.java:750)
"process reaper" daemon prio=10 tid=13 timed_waiting
java.lang.Thread.State: TIMED_WAITING
        at sun.misc.Unsafe.park(Native Method)
        at java.util.concurrent.locks.LockSupport.parkNanos(LockSupport.java:215)
        at java.util.concurrent.SynchronousQueue$TransferStack.awaitFulfill(SynchronousQueue.java:460)
        at java.util.concurrent.SynchronousQueue$TransferStack.transfer(SynchronousQueue.java:362)
        at java.util.concurrent.SynchronousQueue.poll(SynchronousQueue.java:941)
        at java.util.concurrent.ThreadPoolExecutor.getTask(ThreadPoolExecutor.java:1073)
        at java.util.concurrent.ThreadPoolExecutor.runWorker(ThreadPoolExecutor.java:1134)
        at java.util.concurrent.ThreadPoolExecutor$Worker.run(ThreadPoolExecutor.java:624)
        at java.lang.Thread.run(Thread.java:750)
"Finalizer" daemon prio=8 tid=3 in Object.wait()
java.lang.Thread.State: WAITING (on object monitor)
        at java.lang.Object.wait(Native Method)
        at java.lang.ref.ReferenceQueue.remove(ReferenceQueue.java:144)
        at java.lang.ref.ReferenceQueue.remove(ReferenceQueue.java:165)
        at java.lang.ref.Finalizer$FinalizerThread.run(Finalizer.java:188)
"main"  prio=5 tid=1 runnable
java.lang.Thread.State: RUNNABLE
        at java.lang.Thread.dumpThreads(Native Method)
        at java.lang.Thread.getAllStackTraces(Thread.java:1615)
        at org.apache.ozone.test.TimedOutTestsListener.buildThreadDump(TimedOutTestsListener.java:83)
        at org.apache.ozone.test.TimedOutTestsListener.buildThreadDiagnosticString(TimedOutTestsListener.java:69)
        at org.apache.ozone.test.GenericTestUtils.waitFor(GenericTestUtils.java:204)
        at org.apache.hadoop.ozone.TestHddsSecureDatanodeInit.testCertificateRotationRecoverableFailure(TestHddsSecureDatanodeInit.java:444)
        at sun.reflect.NativeMethodAccessorImpl.invoke0(Native Method)
        at sun.reflect.NativeMethodAccessorImpl.invoke(NativeMethodAccessorImpl.java:62)
        at sun.reflect.DelegatingMethodAccessorImpl.invoke(DelegatingMethodAccessorImpl.java:43)
        at java.lang.reflect.Method.invoke(Method.java:498)
        at org.junit.platform.commons.util.ReflectionUtils.invokeMethod(ReflectionUtils.java:728)
        at org.junit.jupiter.engine.execution.MethodInvocation.proceed(MethodInvocation.java:60)
        at org.junit.jupiter.engine.execution.InvocationInterceptorChain$ValidatingInvocation.proceed(InvocationInterceptorChain.java:131)
        at org.junit.jupiter.engine.extension.TimeoutExtension.intercept(TimeoutExtension.java:156)
        at org.junit.jupiter.engine.extension.TimeoutExtension.interceptTestableMethod(TimeoutExtension.java:147)
        at org.junit.jupiter.engine.extension.TimeoutExtension.interceptTestMethod(TimeoutExtension.java:86)
        at org.junit.jupiter.engine.descriptor.TestMethodTestDescriptor$$Lambda$179/24119573.apply(Unknown Source)
        at org.junit.jupiter.engine.execution.InterceptingExecutableInvoker$ReflectiveInterceptorCall.lambda$ofVoidMethod$0(InterceptingExecutableInvoker.java:103)
        at org.junit.jupiter.engine.execution.InterceptingExecutableInvoker$ReflectiveInterceptorCall$$Lambda$180/836220863.apply(Unknown Source)
        at org.junit.jupiter.engine.execution.InterceptingExecutableInvoker.lambda$invoke$0(InterceptingExecutableInvoker.java:93)
        at org.junit.jupiter.engine.execution.InterceptingExecutableInvoker$$Lambda$408/1320105604.apply(Unknown Source)
        at org.junit.jupiter.engine.execution.InvocationInterceptorChain$InterceptedInvocation.proceed(InvocationInterceptorChain.java:106)
        at org.junit.jupiter.engine.execution.InvocationInterceptorChain.proceed(InvocationInterceptorChain.java:64)
        at org.junit.jupiter.engine.execution.InvocationInterceptorChain.chainAndInvoke(InvocationInterceptorChain.java:45)
        at org.junit.jupiter.engine.execution.InvocationInterceptorChain.invoke(InvocationInterceptorChain.java:37)
        at org.junit.jupiter.engine.execution.InterceptingExecutableInvoker.invoke(InterceptingExecutableInvoker.java:92)
        at org.junit.jupiter.engine.execution.InterceptingExecutableInvoker.invoke(InterceptingExecutableInvoker.java:86)
        at org.junit.jupiter.engine.descriptor.TestMethodTestDescriptor.lambda$invokeTestMethod$7(TestMethodTestDescriptor.java:218)
        at org.junit.jupiter.engine.descriptor.TestMethodTestDescriptor$$Lambda$503/987263357.execute(Unknown Source)
        at org.junit.platform.engine.support.hierarchical.ThrowableCollector.execute(ThrowableCollector.java:73)
        at org.junit.jupiter.engine.descriptor.TestMethodTestDescriptor.invokeTestMethod(TestMethodTestDescriptor.java:214)
        at org.junit.jupiter.engine.descriptor.TestMethodTestDescriptor.execute(TestMethodTestDescriptor.java:139)
        at org.junit.jupiter.engine.descriptor.TestMethodTestDescriptor.execute(TestMethodTestDescriptor.java:69)
        at org.junit.platform.engine.support.hierarchical.NodeTestTask.lambda$executeRecursively$6(NodeTestTask.java:151)
        at org.junit.platform.engine.support.hierarchical.NodeTestTask$$Lambda$331/938545229.execute(Unknown Source)
        at org.junit.platform.engine.support.hierarchical.ThrowableCollector.execute(ThrowableCollector.java:73)
        at org.junit.platform.engine.support.hierarchical.NodeTestTask.lambda$executeRecursively$8(NodeTestTask.java:141)
        at org.junit.platform.engine.support.hierarchical.NodeTestTask$$Lambda$330/1946645411.invoke(Unknown Source)
        at org.junit.platform.engine.support.hierarchical.Node.around(Node.java:137)
        at org.junit.platform.engine.support.hierarchical.NodeTestTask.lambda$executeRecursively$9(NodeTestTask.java:139)
        at org.junit.platform.engine.support.hierarchical.NodeTestTask$$Lambda$329/1050065615.execute(Unknown Source)
        at org.junit.platform.engine.support.hierarchical.ThrowableCollector.execute(ThrowableCollector.java:73)
        at org.junit.platform.engine.support.hierarchical.NodeTestTask.executeRecursively(NodeTestTask.java:138)
        at org.junit.platform.engine.support.hierarchical.NodeTestTask.execute(NodeTestTask.java:95)
        at org.junit.platform.engine.support.hierarchical.SameThreadHierarchicalTestExecutorService$$Lambda$335/90767234.accept(Unknown Source)
        at java.util.ArrayList.forEach(ArrayList.java:1259)
        at org.junit.platform.engine.support.hierarchical.SameThreadHierarchicalTestExecutorService.invokeAll(SameThreadHierarchicalTestExecutorService.java:41)
        at org.junit.platform.engine.support.hierarchical.NodeTestTask.lambda$executeRecursively$6(NodeTestTask.java:155)
        at org.junit.platform.engine.support.hierarchical.NodeTestTask$$Lambda$331/938545229.execute(Unknown Source)
        at org.junit.platform.engine.support.hierarchical.ThrowableCollector.execute(ThrowableCollector.java:73)
        at org.junit.platform.engine.support.hierarchical.NodeTestTask.lambda$executeRecursively$8(NodeTestTask.java:141)
        at org.junit.platform.engine.support.hierarchical.NodeTestTask$$Lambda$330/1946645411.invoke(Unknown Source)
        at org.junit.platform.engine.support.hierarchical.Node.around(Node.java:137)
        at org.junit.platform.engine.support.hierarchical.NodeTestTask.lambda$executeRecursively$9(NodeTestTask.java:139)
        at org.junit.platform.engine.support.hierarchical.NodeTestTask$$Lambda$329/1050065615.execute(Unknown Source)
        at org.junit.platform.engine.support.hierarchical.ThrowableCollector.execute(ThrowableCollector.java:73)
        at org.junit.platform.engine.support.hierarchical.NodeTestTask.executeRecursively(NodeTestTask.java:138)
        at org.junit.platform.engine.support.hierarchical.NodeTestTask.execute(NodeTestTask.java:95)
        at org.junit.platform.engine.support.hierarchical.SameThreadHierarchicalTestExecutorService$$Lambda$335/90767234.accept(Unknown Source)
        at java.util.ArrayList.forEach(ArrayList.java:1259)
        at org.junit.platform.engine.support.hierarchical.SameThreadHierarchicalTestExecutorService.invokeAll(SameThreadHierarchicalTestExecutorService.java:41)
        at org.junit.platform.engine.support.hierarchical.NodeTestTask.lambda$executeRecursively$6(NodeTestTask.java:155)
        at org.junit.platform.engine.support.hierarchical.NodeTestTask$$Lambda$331/938545229.execute(Unknown Source)
        at org.junit.platform.engine.support.hierarchical.ThrowableCollector.execute(ThrowableCollector.java:73)
        at org.junit.platform.engine.support.hierarchical.NodeTestTask.lambda$executeRecursively$8(NodeTestTask.java:141)
        at org.junit.platform.engine.support.hierarchical.NodeTestTask$$Lambda$330/1946645411.invoke(Unknown Source)
        at org.junit.platform.engine.support.hierarchical.Node.around(Node.java:137)
        at org.junit.platform.engine.support.hierarchical.NodeTestTask.lambda$executeRecursively$9(NodeTestTask.java:139)
        at org.junit.platform.engine.support.hierarchical.NodeTestTask$$Lambda$329/1050065615.execute(Unknown Source)
        at org.junit.platform.engine.support.hierarchical.ThrowableCollector.execute(ThrowableCollector.java:73)
        at org.junit.platform.engine.support.hierarchical.NodeTestTask.executeRecursively(NodeTestTask.java:138)
        at org.junit.platform.engine.support.hierarchical.NodeTestTask.execute(NodeTestTask.java:95)
        at org.junit.platform.engine.support.hierarchical.SameThreadHierarchicalTestExecutorService.submit(SameThreadHierarchicalTestExecutorService.java:35)
        at org.junit.platform.engine.support.hierarchical.HierarchicalTestExecutor.execute(HierarchicalTestExecutor.java:57)
        at org.junit.platform.engine.support.hierarchical.HierarchicalTestEngine.execute(HierarchicalTestEngine.java:54)
        at org.junit.platform.launcher.core.EngineExecutionOrchestrator.execute(EngineExecutionOrchestrator.java:198)
        at org.junit.platform.launcher.core.EngineExecutionOrchestrator.execute(EngineExecutionOrchestrator.java:169)
        at org.junit.platform.launcher.core.EngineExecutionOrchestrator.execute(EngineExecutionOrchestrator.java:93)
        at org.junit.platform.launcher.core.EngineExecutionOrchestrator.lambda$execute$0(EngineExecutionOrchestrator.java:58)
        at org.junit.platform.launcher.core.EngineExecutionOrchestrator$$Lambda$249/1364913072.accept(Unknown Source)
        at org.junit.platform.launcher.core.EngineExecutionOrchestrator.withInterceptedStreams(EngineExecutionOrchestrator.java:141)
        at org.junit.platform.launcher.core.EngineExecutionOrchestrator.execute(EngineExecutionOrchestrator.java:57)
        at org.junit.platform.launcher.core.DefaultLauncher.execute(DefaultLauncher.java:103)
        at org.junit.platform.launcher.core.DefaultLauncher.execute(DefaultLauncher.java:85)
        at org.junit.platform.launcher.core.DelegatingLauncher.execute(DelegatingLauncher.java:47)
        at org.junit.platform.launcher.core.SessionPerRequestLauncher.execute(SessionPerRequestLauncher.java:63)
        at org.apache.maven.surefire.junitplatform.JUnitPlatformProvider.invokeAllTests(JUnitPlatformProvider.java:165)
        at org.apache.maven.surefire.junitplatform.JUnitPlatformProvider.invoke(JUnitPlatformProvider.java:123)
        at org.apache.maven.surefire.booter.ForkedBooter.runSuitesInProcess(ForkedBooter.java:377)
        at org.apache.maven.surefire.booter.ForkedBooter.execute(ForkedBooter.java:138)
        at org.apache.maven.surefire.booter.ForkedBooter.run(ForkedBooter.java:465)
        at org.apache.maven.surefire.booter.ForkedBooter.main(ForkedBooter.java:451)


	at org.apache.ozone.test.GenericTestUtils.waitFor(GenericTestUtils.java:204)
	at org.apache.hadoop.ozone.TestHddsSecureDatanodeInit.testCertificateRotationRecoverableFailure(TestHddsSecureDatanodeInit.java:444)
	at java.lang.reflect.Method.invoke(Method.java:498)
	at java.util.ArrayList.forEach(ArrayList.java:1259)
	at java.util.ArrayList.forEach(ArrayList.java:1259)
]]></stackTrace>
      <system-out><![CDATA[2024-04-16 15:23:04,567 [main] WARN  impl.MetricsSystemImpl (MetricsSystemImpl.java:init(151)) - HddsDatanode metrics system already initialized!
2024-04-16 15:23:04,577 [main] INFO  utils.HddsServerUtil (HddsServerUtil.java:initializeMetrics(578)) - Metrics source JvmMetrics already added to DataNode.
2024-04-16 15:23:04,578 [main] INFO  ozone.HddsDatanodeService (HddsDatanodeService.java:start(240)) - HddsDatanodeService host:fv-az699-832.gws2011vpwuupmkks00dozwttg.bx.internal.cloudapp.net ip:10.1.0.30
2024-04-16 15:23:04,587 [main] INFO  ozone.HddsDatanodeService (HddsDatanodeService.java:initializeCertificateClient(388)) - Initializing secure Datanode.
2024-04-16 15:23:04,587 [main] INFO  client.DNCertificateClient (DefaultCertificateClient.java:updateCertSerialId(1313)) - Certificate serial ID set to null
2024-04-16 15:23:04,588 [main] ERROR client.DNCertificateClient (DefaultCertificateClient.java:getCertPath(376)) - Default certificate serial id is not set. Can't locate the default certificate for this client.
2024-04-16 15:23:04,588 [main] INFO  client.DNCertificateClient (DefaultCertificateClient.java:init(720)) - Certificate client init case: 0
2024-04-16 15:23:04,588 [main] INFO  client.DNCertificateClient (DefaultCertificateClient.java:handleCase(738)) - Creating keypair for client as keypair and certificate not found.
2024-04-16 15:23:04,701 [main] INFO  client.DNCertificateClient (DefaultCertificateClient.java:recoverStateIfNeeded(800)) - Init response: GETCERT
2024-04-16 15:23:04,702 [main] INFO  ozone.OzoneSecurityUtil (OzoneSecurityUtil.java:getValidInetsForCurrentHost(116)) - Adding ip:fe80:0:0:0:20d:3aff:fe1b:d32f%eth0,host:fe80:0:0:0:20d:3aff:fe1b:d32f%eth0
2024-04-16 15:23:04,702 [main] INFO  ozone.OzoneSecurityUtil (OzoneSecurityUtil.java:getValidInetsForCurrentHost(116)) - Adding ip:10.1.0.30,host:fv-az699-832.gws2011vpwuupmkks00dozwttg.bx.internal.cloudapp.net
2024-04-16 15:23:04,703 [main] INFO  ozone.OzoneSecurityUtil (OzoneSecurityUtil.java:getValidInetsForCurrentHost(116)) - Adding ip:0:0:0:0:0:0:0:1%lo,host:localhost
2024-04-16 15:23:04,703 [main] INFO  ozone.OzoneSecurityUtil (OzoneSecurityUtil.java:getValidInetsForCurrentHost(119)) - ip:127.0.0.1 not returned.
2024-04-16 15:23:04,712 [main] INFO  utils.SelfSignedCertificate (SelfSignedCertificate.java:generateCertificate(157)) - Certificate 180771 is issued by CN=localhost,OU=test,O=cluster,SERIALNUMBER=180771 to CN=localhost,OU=test,O=cluster,SERIALNUMBER=180771, valid from Tue Apr 16 15:23:04 UTC 2024 to Tue Apr 16 15:23:19 UTC 2024
2024-04-16 15:23:04,714 [main] INFO  client.DNCertificateClient (DefaultCertificateClient.java:updateCertSerialId(1313)) - Certificate serial ID set to 180771
2024-04-16 15:23:04,715 [main] WARN  client.DNCertificateClient (DefaultCertificateClient.java:loadAllCertificates(179)) - Certificates could not be loaded.
java.nio.file.NoSuchFileException: /tmp/junit764195648158777045/dn/certs
	at sun.nio.fs.UnixException.translateToIOException(UnixException.java:86)
	at sun.nio.fs.UnixException.rethrowAsIOException(UnixException.java:102)
	at sun.nio.fs.UnixException.rethrowAsIOException(UnixException.java:107)
	at sun.nio.fs.UnixFileSystemProvider.newDirectoryStream(UnixFileSystemProvider.java:427)
	at java.nio.file.Files.newDirectoryStream(Files.java:457)
	at java.nio.file.Files.list(Files.java:3451)
	at org.apache.hadoop.hdds.security.x509.certificate.client.DefaultCertificateClient.loadAllCertificates(DefaultCertificateClient.java:174)
	at org.apache.hadoop.hdds.security.x509.certificate.client.DefaultCertificateClient.updateCertSerialId(DefaultCertificateClient.java:1314)
	at org.apache.hadoop.hdds.security.x509.certificate.client.DefaultCertificateClient.<init>(DefaultCertificateClient.java:163)
	at org.apache.hadoop.hdds.security.x509.certificate.client.DNCertificateClient.<init>(DNCertificateClient.java:60)
	at org.apache.hadoop.ozone.TestHddsSecureDatanodeInit.setUpDNCertClient(TestHddsSecureDatanodeInit.java:159)
	at sun.reflect.NativeMethodAccessorImpl.invoke0(Native Method)
	at sun.reflect.NativeMethodAccessorImpl.invoke(NativeMethodAccessorImpl.java:62)
	at sun.reflect.DelegatingMethodAccessorImpl.invoke(DelegatingMethodAccessorImpl.java:43)
	at java.lang.reflect.Method.invoke(Method.java:498)
	at org.junit.platform.commons.util.ReflectionUtils.invokeMethod(ReflectionUtils.java:728)
	at org.junit.jupiter.engine.execution.MethodInvocation.proceed(MethodInvocation.java:60)
	at org.junit.jupiter.engine.execution.InvocationInterceptorChain$ValidatingInvocation.proceed(InvocationInterceptorChain.java:131)
	at org.junit.jupiter.engine.extension.TimeoutExtension.intercept(TimeoutExtension.java:156)
	at org.junit.jupiter.engine.extension.TimeoutExtension.interceptLifecycleMethod(TimeoutExtension.java:128)
	at org.junit.jupiter.engine.extension.TimeoutExtension.interceptBeforeEachMethod(TimeoutExtension.java:78)
	at org.junit.jupiter.engine.execution.InterceptingExecutableInvoker$ReflectiveInterceptorCall.lambda$ofVoidMethod$0(InterceptingExecutableInvoker.java:103)
	at org.junit.jupiter.engine.execution.InterceptingExecutableInvoker.lambda$invoke$0(InterceptingExecutableInvoker.java:93)
	at org.junit.jupiter.engine.execution.InvocationInterceptorChain$InterceptedInvocation.proceed(InvocationInterceptorChain.java:106)
	at org.junit.jupiter.engine.execution.InvocationInterceptorChain.proceed(InvocationInterceptorChain.java:64)
	at org.junit.jupiter.engine.execution.InvocationInterceptorChain.chainAndInvoke(InvocationInterceptorChain.java:45)
	at org.junit.jupiter.engine.execution.InvocationInterceptorChain.invoke(InvocationInterceptorChain.java:37)
	at org.junit.jupiter.engine.execution.InterceptingExecutableInvoker.invoke(InterceptingExecutableInvoker.java:92)
	at org.junit.jupiter.engine.execution.InterceptingExecutableInvoker.invoke(InterceptingExecutableInvoker.java:86)
	at org.junit.jupiter.engine.descriptor.ClassBasedTestDescriptor.invokeMethodInExtensionContext(ClassBasedTestDescriptor.java:521)
	at org.junit.jupiter.engine.descriptor.ClassBasedTestDescriptor.lambda$synthesizeBeforeEachMethodAdapter$23(ClassBasedTestDescriptor.java:506)
	at org.junit.jupiter.engine.descriptor.TestMethodTestDescriptor.lambda$invokeBeforeEachMethods$3(TestMethodTestDescriptor.java:175)
	at org.junit.jupiter.engine.descriptor.TestMethodTestDescriptor.lambda$invokeBeforeMethodsOrCallbacksUntilExceptionOccurs$6(TestMethodTestDescriptor.java:203)
	at org.junit.platform.engine.support.hierarchical.ThrowableCollector.execute(ThrowableCollector.java:73)
	at org.junit.jupiter.engine.descriptor.TestMethodTestDescriptor.invokeBeforeMethodsOrCallbacksUntilExceptionOccurs(TestMethodTestDescriptor.java:203)
	at org.junit.jupiter.engine.descriptor.TestMethodTestDescriptor.invokeBeforeEachMethods(TestMethodTestDescriptor.java:172)
	at org.junit.jupiter.engine.descriptor.TestMethodTestDescriptor.execute(TestMethodTestDescriptor.java:135)
	at org.junit.jupiter.engine.descriptor.TestMethodTestDescriptor.execute(TestMethodTestDescriptor.java:69)
	at org.junit.platform.engine.support.hierarchical.NodeTestTask.lambda$executeRecursively$6(NodeTestTask.java:151)
	at org.junit.platform.engine.support.hierarchical.ThrowableCollector.execute(ThrowableCollector.java:73)
	at org.junit.platform.engine.support.hierarchical.NodeTestTask.lambda$executeRecursively$8(NodeTestTask.java:141)
	at org.junit.platform.engine.support.hierarchical.Node.around(Node.java:137)
	at org.junit.platform.engine.support.hierarchical.NodeTestTask.lambda$executeRecursively$9(NodeTestTask.java:139)
	at org.junit.platform.engine.support.hierarchical.ThrowableCollector.execute(ThrowableCollector.java:73)
	at org.junit.platform.engine.support.hierarchical.NodeTestTask.executeRecursively(NodeTestTask.java:138)
	at org.junit.platform.engine.support.hierarchical.NodeTestTask.execute(NodeTestTask.java:95)
	at java.util.ArrayList.forEach(ArrayList.java:1259)
	at org.junit.platform.engine.support.hierarchical.SameThreadHierarchicalTestExecutorService.invokeAll(SameThreadHierarchicalTestExecutorService.java:41)
	at org.junit.platform.engine.support.hierarchical.NodeTestTask.lambda$executeRecursively$6(NodeTestTask.java:155)
	at org.junit.platform.engine.support.hierarchical.ThrowableCollector.execute(ThrowableCollector.java:73)
	at org.junit.platform.engine.support.hierarchical.NodeTestTask.lambda$executeRecursively$8(NodeTestTask.java:141)
	at org.junit.platform.engine.support.hierarchical.Node.around(Node.java:137)
	at org.junit.platform.engine.support.hierarchical.NodeTestTask.lambda$executeRecursively$9(NodeTestTask.java:139)
	at org.junit.platform.engine.support.hierarchical.ThrowableCollector.execute(ThrowableCollector.java:73)
	at org.junit.platform.engine.support.hierarchical.NodeTestTask.executeRecursively(NodeTestTask.java:138)
	at org.junit.platform.engine.support.hierarchical.NodeTestTask.execute(NodeTestTask.java:95)
	at java.util.ArrayList.forEach(ArrayList.java:1259)
	at org.junit.platform.engine.support.hierarchical.SameThreadHierarchicalTestExecutorService.invokeAll(SameThreadHierarchicalTestExecutorService.java:41)
	at org.junit.platform.engine.support.hierarchical.NodeTestTask.lambda$executeRecursively$6(NodeTestTask.java:155)
	at org.junit.platform.engine.support.hierarchical.ThrowableCollector.execute(ThrowableCollector.java:73)
	at org.junit.platform.engine.support.hierarchical.NodeTestTask.lambda$executeRecursively$8(NodeTestTask.java:141)
	at org.junit.platform.engine.support.hierarchical.Node.around(Node.java:137)
	at org.junit.platform.engine.support.hierarchical.NodeTestTask.lambda$executeRecursively$9(NodeTestTask.java:139)
	at org.junit.platform.engine.support.hierarchical.ThrowableCollector.execute(ThrowableCollector.java:73)
	at org.junit.platform.engine.support.hierarchical.NodeTestTask.executeRecursively(NodeTestTask.java:138)
	at org.junit.platform.engine.support.hierarchical.NodeTestTask.execute(NodeTestTask.java:95)
	at org.junit.platform.engine.support.hierarchical.SameThreadHierarchicalTestExecutorService.submit(SameThreadHierarchicalTestExecutorService.java:35)
	at org.junit.platform.engine.support.hierarchical.HierarchicalTestExecutor.execute(HierarchicalTestExecutor.java:57)
	at org.junit.platform.engine.support.hierarchical.HierarchicalTestEngine.execute(HierarchicalTestEngine.java:54)
	at org.junit.platform.launcher.core.EngineExecutionOrchestrator.execute(EngineExecutionOrchestrator.java:198)
	at org.junit.platform.launcher.core.EngineExecutionOrchestrator.execute(EngineExecutionOrchestrator.java:169)
	at org.junit.platform.launcher.core.EngineExecutionOrchestrator.execute(EngineExecutionOrchestrator.java:93)
	at org.junit.platform.launcher.core.EngineExecutionOrchestrator.lambda$execute$0(EngineExecutionOrchestrator.java:58)
	at org.junit.platform.launcher.core.EngineExecutionOrchestrator.withInterceptedStreams(EngineExecutionOrchestrator.java:141)
	at org.junit.platform.launcher.core.EngineExecutionOrchestrator.execute(EngineExecutionOrchestrator.java:57)
	at org.junit.platform.launcher.core.DefaultLauncher.execute(DefaultLauncher.java:103)
	at org.junit.platform.launcher.core.DefaultLauncher.execute(DefaultLauncher.java:85)
	at org.junit.platform.launcher.core.DelegatingLauncher.execute(DelegatingLauncher.java:47)
	at org.junit.platform.launcher.core.SessionPerRequestLauncher.execute(SessionPerRequestLauncher.java:63)
	at org.apache.maven.surefire.junitplatform.JUnitPlatformProvider.invokeAllTests(JUnitPlatformProvider.java:165)
	at org.apache.maven.surefire.junitplatform.JUnitPlatformProvider.invoke(JUnitPlatformProvider.java:123)
	at org.apache.maven.surefire.booter.ForkedBooter.runSuitesInProcess(ForkedBooter.java:377)
	at org.apache.maven.surefire.booter.ForkedBooter.execute(ForkedBooter.java:138)
	at org.apache.maven.surefire.booter.ForkedBooter.run(ForkedBooter.java:465)
	at org.apache.maven.surefire.booter.ForkedBooter.main(ForkedBooter.java:451)
2024-04-16 15:23:04,717 [main] INFO  utils.CertificateCodec (CertificateCodec.java:writeCertificate(299)) - Save certificate to /tmp/junit764195648158777045/dn/certs/certificate.crt
2024-04-16 15:23:04,718 [main] INFO  utils.CertificateCodec (CertificateCodec.java:writeCertificate(300)) - Certificate -----BEGIN CERTIFICATE-----
MIIDBzCCAe+gAwIBAgIDAsIjMA0GCSqGSIb3DQEBCwUAMEYxEjAQBgNVBAMMCWxv
Y2FsaG9zdDENMAsGA1UECwwEdGVzdDEQMA4GA1UECgwHY2x1c3RlcjEPMA0GA1UE
BRMGMTgwNzcxMB4XDTI0MDQxNjE1MjMwNFoXDTI0MDQxNjE1MjMxOVowRjESMBAG
A1UEAwwJbG9jYWxob3N0MQ0wCwYDVQQLDAR0ZXN0MRAwDgYDVQQKDAdjbHVzdGVy
MQ8wDQYDVQQFEwYxODA3NzEwggEiMA0GCSqGSIb3DQEBAQUAA4IBDwAwggEKAoIB
AQDcebpTlI8dE6pNVMqtUdpkwM6iZEhPTcTcCi4Gbein3HT+vYfad/kWQSGyUY5c
NRMQERpF5fuc9YxGET3STWNJwkPC1BiJRdxShdjEhEu2yfLUHVzNu8pQXNSUqbIH
Q6evL0hun4Dh3pWrGB1mUBjQtQ0duOYgXLX2te7JwDEtWI9J7C0ml9UXcIuropUD
NJyZ8l4X0uqbgA70+KhRzpT5xo0W1NIND8bDFpnbvcMTyAmNvpXvqotxNp9EnTg4
yX/E4FecngJUhR8CTvniF4e1IHSVUpKCqA6AUlRRenBZKqgw4DQOxbqUQkgQ8Jaj
Iy29WWgkKSMWiwh1VFf+0FdzAgMBAAEwDQYJKoZIhvcNAQELBQADggEBAFGqA4jE
3R9uwDeGFzsoVE7ctGUl6jlCVyFvso5/FhLprhfPI3Z/oSR+0iamXSTh3p3wJqHH
P/nuEWZNL+LoEezTwIqzIPjSnwV8xQLNgF6Ka9fWlHIC9lK+arzs3MYc0dkXhcyr
YBwSb8h7SUts5iRDOkCBMIK0jJJf/MbVWNDfNQKBTc3h7Puk4gwi9UsVsIv0tWZh
1skRr98EKQIvpr1P/W7JaGtZGY03Nyf8+BMoXGyuaCbOOqzMgS1Os397XrAm8w/C
s6xQudtpZ+v+ut4d+N4QRvfGGSPiD/tEznUTqGQk7K+kOtZk/xb50G1vc+E2Ovdm
iOlo0+TSMTvh3II=
-----END CERTIFICATE-----

2024-04-16 15:23:04,736 [main] INFO  utils.SelfSignedCertificate (SelfSignedCertificate.java:generateCertificate(157)) - Certificate 180797 is issued by CN=localhost,OU=test,O=cluster,SERIALNUMBER=180797 to CN=localhost,OU=test,O=cluster,SERIALNUMBER=180797, valid from Tue Apr 16 15:23:09 UTC 2024 to Tue Apr 16 15:23:24 UTC 2024
2024-04-16 15:23:04,738 [main] INFO  client.DNCertificateClient (DefaultCertificateClient.java:readCertificateFile(248)) - Added certificate 180771 from file: /tmp/junit764195648158777045/dn/certs/certificate.crt.
2024-04-16 15:23:04,739 [main] INFO  client.DNCertificateClient (DefaultCertificateClient.java:startCertificateRenewerService(1418)) - CertificateRenewerService for dn is started with first delay 9261 ms and interval 1666 ms.
2024-04-16 15:23:04,739 [main] INFO  client.DNCertificateClient (DefaultCertificateClient.java:startCertificateRenewerService(1418)) - CertificateRenewerService for dn is started with first delay 9261 ms and interval 1666 ms.
2024-04-16 15:23:14,001 [8e2d0bf5-518a-47e5-8419-e7c08f9f86b4-dn-CertificateRenewerService] INFO  client.DNCertificateClient (DefaultCertificateClient.java:run(1457)) - Current certificate 180771 needs to be renewed remaining grace period PT0S. Forced renewal due to root ca rotation: false.
2024-04-16 15:23:14,188 [8e2d0bf5-518a-47e5-8419-e7c08f9f86b4-dn-CertificateRenewerService] INFO  ozone.OzoneSecurityUtil (OzoneSecurityUtil.java:getValidInetsForCurrentHost(116)) - Adding ip:fe80:0:0:0:20d:3aff:fe1b:d32f%eth0,host:fe80:0:0:0:20d:3aff:fe1b:d32f%eth0
2024-04-16 15:23:14,188 [8e2d0bf5-518a-47e5-8419-e7c08f9f86b4-dn-CertificateRenewerService] INFO  ozone.OzoneSecurityUtil (OzoneSecurityUtil.java:getValidInetsForCurrentHost(116)) - Adding ip:10.1.0.30,host:fv-az699-832.gws2011vpwuupmkks00dozwttg.bx.internal.cloudapp.net
2024-04-16 15:23:14,188 [8e2d0bf5-518a-47e5-8419-e7c08f9f86b4-dn-CertificateRenewerService] INFO  ozone.OzoneSecurityUtil (OzoneSecurityUtil.java:getValidInetsForCurrentHost(116)) - Adding ip:0:0:0:0:0:0:0:1%lo,host:localhost
2024-04-16 15:23:14,188 [8e2d0bf5-518a-47e5-8419-e7c08f9f86b4-dn-CertificateRenewerService] INFO  ozone.OzoneSecurityUtil (OzoneSecurityUtil.java:getValidInetsForCurrentHost(119)) - ip:127.0.0.1 not returned.
2024-04-16 15:23:14,189 [8e2d0bf5-518a-47e5-8419-e7c08f9f86b4-dn-CertificateRenewerService] ERROR client.DNCertificateClient (DefaultCertificateClient.java:run(1473)) - Failed to renew and store key and cert. Keep using existing certificates.
org.apache.hadoop.hdds.security.x509.exception.CertificateException: Error while signing and storing new certificates.
	at org.apache.hadoop.hdds.security.x509.certificate.client.DefaultCertificateClient.renewAndStoreKeyAndCertificate(DefaultCertificateClient.java:1155)
	at org.apache.hadoop.hdds.security.x509.certificate.client.DefaultCertificateClient$CertificateRenewerService.run(DefaultCertificateClient.java:1462)
	at java.util.concurrent.Executors$RunnableAdapter.call(Executors.java:511)
	at java.util.concurrent.FutureTask.runAndReset(FutureTask.java:308)
	at java.util.concurrent.ScheduledThreadPoolExecutor$ScheduledFutureTask.access$301(ScheduledThreadPoolExecutor.java:180)
	at java.util.concurrent.ScheduledThreadPoolExecutor$ScheduledFutureTask.run(ScheduledThreadPoolExecutor.java:294)
	at java.util.concurrent.ThreadPoolExecutor.runWorker(ThreadPoolExecutor.java:1149)
	at java.util.concurrent.ThreadPoolExecutor$Worker.run(ThreadPoolExecutor.java:624)
	at java.lang.Thread.run(Thread.java:750)
Caused by: java.lang.IllegalArgumentException: IP Address is invalid
	at org.bouncycastle.asn1.x509.GeneralName.<init>(Unknown Source)
	at org.apache.hadoop.hdds.security.x509.certificate.utils.CertificateSignRequest$Builder.addAltName(CertificateSignRequest.java:334)
	at org.apache.hadoop.hdds.security.x509.certificate.utils.CertificateSignRequest$Builder.addIpAddress(CertificateSignRequest.java:281)
	at org.apache.hadoop.hdds.security.x509.certificate.utils.CertificateSignRequest$Builder.lambda$addInetAddresses$0(CertificateSignRequest.java:306)
	at java.util.ArrayList.forEach(ArrayList.java:1259)
	at org.apache.hadoop.hdds.security.x509.certificate.utils.CertificateSignRequest$Builder.addInetAddresses(CertificateSignRequest.java:304)
	at org.apache.hadoop.hdds.security.x509.certificate.utils.CertificateSignRequest$Builder.addInetAddresses(CertificateSignRequest.java:292)
	at org.apache.hadoop.hdds.security.x509.certificate.client.DefaultCertificateClient.getCSRBuilder(DefaultCertificateClient.java:573)
	at org.apache.hadoop.hdds.security.x509.certificate.client.DNCertificateClient.getCSRBuilder(DNCertificateClient.java:75)
	at org.apache.hadoop.hdds.security.x509.certificate.client.DefaultCertificateClient.renewAndStoreKeyAndCertificate(DefaultCertificateClient.java:1150)
	... 8 more
2024-04-16 15:23:14,189 [8e2d0bf5-518a-47e5-8419-e7c08f9f86b4-dn-CertificateRenewerService] INFO  client.DNCertificateClient (DefaultCertificateClient.java:run(1457)) - Current certificate 180771 needs to be renewed remaining grace period PT0S. Forced renewal due to root ca rotation: false.
2024-04-16 15:23:14,391 [8e2d0bf5-518a-47e5-8419-e7c08f9f86b4-dn-CertificateRenewerService] INFO  ozone.OzoneSecurityUtil (OzoneSecurityUtil.java:getValidInetsForCurrentHost(116)) - Adding ip:fe80:0:0:0:20d:3aff:fe1b:d32f%eth0,host:fe80:0:0:0:20d:3aff:fe1b:d32f%eth0
2024-04-16 15:23:14,392 [8e2d0bf5-518a-47e5-8419-e7c08f9f86b4-dn-CertificateRenewerService] INFO  ozone.OzoneSecurityUtil (OzoneSecurityUtil.java:getValidInetsForCurrentHost(116)) - Adding ip:10.1.0.30,host:fv-az699-832.gws2011vpwuupmkks00dozwttg.bx.internal.cloudapp.net
2024-04-16 15:23:14,392 [8e2d0bf5-518a-47e5-8419-e7c08f9f86b4-dn-CertificateRenewerService] INFO  ozone.OzoneSecurityUtil (OzoneSecurityUtil.java:getValidInetsForCurrentHost(116)) - Adding ip:0:0:0:0:0:0:0:1%lo,host:localhost
2024-04-16 15:23:14,392 [8e2d0bf5-518a-47e5-8419-e7c08f9f86b4-dn-CertificateRenewerService] INFO  ozone.OzoneSecurityUtil (OzoneSecurityUtil.java:getValidInetsForCurrentHost(119)) - ip:127.0.0.1 not returned.
2024-04-16 15:23:14,392 [8e2d0bf5-518a-47e5-8419-e7c08f9f86b4-dn-CertificateRenewerService] ERROR client.DNCertificateClient (DefaultCertificateClient.java:run(1473)) - Failed to renew and store key and cert. Keep using existing certificates.
org.apache.hadoop.hdds.security.x509.exception.CertificateException: Error while signing and storing new certificates.
	at org.apache.hadoop.hdds.security.x509.certificate.client.DefaultCertificateClient.renewAndStoreKeyAndCertificate(DefaultCertificateClient.java:1155)
	at org.apache.hadoop.hdds.security.x509.certificate.client.DefaultCertificateClient$CertificateRenewerService.run(DefaultCertificateClient.java:1462)
	at java.util.concurrent.Executors$RunnableAdapter.call(Executors.java:511)
	at java.util.concurrent.FutureTask.runAndReset(FutureTask.java:308)
	at java.util.concurrent.ScheduledThreadPoolExecutor$ScheduledFutureTask.access$301(ScheduledThreadPoolExecutor.java:180)
	at java.util.concurrent.ScheduledThreadPoolExecutor$ScheduledFutureTask.run(ScheduledThreadPoolExecutor.java:294)
	at java.util.concurrent.ThreadPoolExecutor.runWorker(ThreadPoolExecutor.java:1149)
	at java.util.concurrent.ThreadPoolExecutor$Worker.run(ThreadPoolExecutor.java:624)
	at java.lang.Thread.run(Thread.java:750)
Caused by: java.lang.IllegalArgumentException: IP Address is invalid
	at org.bouncycastle.asn1.x509.GeneralName.<init>(Unknown Source)
	at org.apache.hadoop.hdds.security.x509.certificate.utils.CertificateSignRequest$Builder.addAltName(CertificateSignRequest.java:334)
	at org.apache.hadoop.hdds.security.x509.certificate.utils.CertificateSignRequest$Builder.addIpAddress(CertificateSignRequest.java:281)
	at org.apache.hadoop.hdds.security.x509.certificate.utils.CertificateSignRequest$Builder.lambda$addInetAddresses$0(CertificateSignRequest.java:306)
	at java.util.ArrayList.forEach(ArrayList.java:1259)
	at org.apache.hadoop.hdds.security.x509.certificate.utils.CertificateSignRequest$Builder.addInetAddresses(CertificateSignRequest.java:304)
	at org.apache.hadoop.hdds.security.x509.certificate.utils.CertificateSignRequest$Builder.addInetAddresses(CertificateSignRequest.java:292)
	at org.apache.hadoop.hdds.security.x509.certificate.client.DefaultCertificateClient.getCSRBuilder(DefaultCertificateClient.java:573)
	at org.apache.hadoop.hdds.security.x509.certificate.client.DNCertificateClient.getCSRBuilder(DNCertificateClient.java:75)
	at org.apache.hadoop.hdds.security.x509.certificate.client.DefaultCertificateClient.renewAndStoreKeyAndCertificate(DefaultCertificateClient.java:1150)
	... 8 more
2024-04-16 15:23:15,667 [8e2d0bf5-518a-47e5-8419-e7c08f9f86b4-dn-CertificateRenewerService] INFO  client.DNCertificateClient (DefaultCertificateClient.java:run(1457)) - Current certificate 180771 needs to be renewed remaining grace period PT0S. Forced renewal due to root ca rotation: false.
2024-04-16 15:23:15,873 [8e2d0bf5-518a-47e5-8419-e7c08f9f86b4-dn-CertificateRenewerService] INFO  ozone.OzoneSecurityUtil (OzoneSecurityUtil.java:getValidInetsForCurrentHost(116)) - Adding ip:fe80:0:0:0:20d:3aff:fe1b:d32f%eth0,host:fe80:0:0:0:20d:3aff:fe1b:d32f%eth0
2024-04-16 15:23:15,873 [8e2d0bf5-518a-47e5-8419-e7c08f9f86b4-dn-CertificateRenewerService] INFO  ozone.OzoneSecurityUtil (OzoneSecurityUtil.java:getValidInetsForCurrentHost(116)) - Adding ip:10.1.0.30,host:fv-az699-832.gws2011vpwuupmkks00dozwttg.bx.internal.cloudapp.net
2024-04-16 15:23:15,873 [8e2d0bf5-518a-47e5-8419-e7c08f9f86b4-dn-CertificateRenewerService] INFO  ozone.OzoneSecurityUtil (OzoneSecurityUtil.java:getValidInetsForCurrentHost(116)) - Adding ip:0:0:0:0:0:0:0:1%lo,host:localhost
2024-04-16 15:23:15,873 [8e2d0bf5-518a-47e5-8419-e7c08f9f86b4-dn-CertificateRenewerService] INFO  ozone.OzoneSecurityUtil (OzoneSecurityUtil.java:getValidInetsForCurrentHost(119)) - ip:127.0.0.1 not returned.
2024-04-16 15:23:15,873 [8e2d0bf5-518a-47e5-8419-e7c08f9f86b4-dn-CertificateRenewerService] ERROR client.DNCertificateClient (DefaultCertificateClient.java:run(1473)) - Failed to renew and store key and cert. Keep using existing certificates.
org.apache.hadoop.hdds.security.x509.exception.CertificateException: Error while signing and storing new certificates.
	at org.apache.hadoop.hdds.security.x509.certificate.client.DefaultCertificateClient.renewAndStoreKeyAndCertificate(DefaultCertificateClient.java:1155)
	at org.apache.hadoop.hdds.security.x509.certificate.client.DefaultCertificateClient$CertificateRenewerService.run(DefaultCertificateClient.java:1462)
	at java.util.concurrent.Executors$RunnableAdapter.call(Executors.java:511)
	at java.util.concurrent.FutureTask.runAndReset(FutureTask.java:308)
	at java.util.concurrent.ScheduledThreadPoolExecutor$ScheduledFutureTask.access$301(ScheduledThreadPoolExecutor.java:180)
	at java.util.concurrent.ScheduledThreadPoolExecutor$ScheduledFutureTask.run(ScheduledThreadPoolExecutor.java:294)
	at java.util.concurrent.ThreadPoolExecutor.runWorker(ThreadPoolExecutor.java:1149)
	at java.util.concurrent.ThreadPoolExecutor$Worker.run(ThreadPoolExecutor.java:624)
	at java.lang.Thread.run(Thread.java:750)
Caused by: java.lang.IllegalArgumentException: IP Address is invalid
	at org.bouncycastle.asn1.x509.GeneralName.<init>(Unknown Source)
	at org.apache.hadoop.hdds.security.x509.certificate.utils.CertificateSignRequest$Builder.addAltName(CertificateSignRequest.java:334)
	at org.apache.hadoop.hdds.security.x509.certificate.utils.CertificateSignRequest$Builder.addIpAddress(CertificateSignRequest.java:281)
	at org.apache.hadoop.hdds.security.x509.certificate.utils.CertificateSignRequest$Builder.lambda$addInetAddresses$0(CertificateSignRequest.java:306)
	at java.util.ArrayList.forEach(ArrayList.java:1259)
	at org.apache.hadoop.hdds.security.x509.certificate.utils.CertificateSignRequest$Builder.addInetAddresses(CertificateSignRequest.java:304)
	at org.apache.hadoop.hdds.security.x509.certificate.utils.CertificateSignRequest$Builder.addInetAddresses(CertificateSignRequest.java:292)
	at org.apache.hadoop.hdds.security.x509.certificate.client.DefaultCertificateClient.getCSRBuilder(DefaultCertificateClient.java:573)
	at org.apache.hadoop.hdds.security.x509.certificate.client.DNCertificateClient.getCSRBuilder(DNCertificateClient.java:75)
	at org.apache.hadoop.hdds.security.x509.certificate.client.DefaultCertificateClient.renewAndStoreKeyAndCertificate(DefaultCertificateClient.java:1150)
	... 8 more
2024-04-16 15:23:15,874 [8e2d0bf5-518a-47e5-8419-e7c08f9f86b4-dn-CertificateRenewerService] INFO  client.DNCertificateClient (DefaultCertificateClient.java:run(1457)) - Current certificate 180771 needs to be renewed remaining grace period PT0S. Forced renewal due to root ca rotation: false.
2024-04-16 15:23:15,961 [8e2d0bf5-518a-47e5-8419-e7c08f9f86b4-dn-CertificateRenewerService] INFO  ozone.OzoneSecurityUtil (OzoneSecurityUtil.java:getValidInetsForCurrentHost(116)) - Adding ip:fe80:0:0:0:20d:3aff:fe1b:d32f%eth0,host:fe80:0:0:0:20d:3aff:fe1b:d32f%eth0
2024-04-16 15:23:15,961 [8e2d0bf5-518a-47e5-8419-e7c08f9f86b4-dn-CertificateRenewerService] INFO  ozone.OzoneSecurityUtil (OzoneSecurityUtil.java:getValidInetsForCurrentHost(116)) - Adding ip:10.1.0.30,host:fv-az699-832.gws2011vpwuupmkks00dozwttg.bx.internal.cloudapp.net
2024-04-16 15:23:15,962 [8e2d0bf5-518a-47e5-8419-e7c08f9f86b4-dn-CertificateRenewerService] INFO  ozone.OzoneSecurityUtil (OzoneSecurityUtil.java:getValidInetsForCurrentHost(116)) - Adding ip:0:0:0:0:0:0:0:1%lo,host:localhost
2024-04-16 15:23:15,962 [8e2d0bf5-518a-47e5-8419-e7c08f9f86b4-dn-CertificateRenewerService] INFO  ozone.OzoneSecurityUtil (OzoneSecurityUtil.java:getValidInetsForCurrentHost(119)) - ip:127.0.0.1 not returned.
2024-04-16 15:23:15,962 [8e2d0bf5-518a-47e5-8419-e7c08f9f86b4-dn-CertificateRenewerService] ERROR client.DNCertificateClient (DefaultCertificateClient.java:run(1473)) - Failed to renew and store key and cert. Keep using existing certificates.
org.apache.hadoop.hdds.security.x509.exception.CertificateException: Error while signing and storing new certificates.
	at org.apache.hadoop.hdds.security.x509.certificate.client.DefaultCertificateClient.renewAndStoreKeyAndCertificate(DefaultCertificateClient.java:1155)
	at org.apache.hadoop.hdds.security.x509.certificate.client.DefaultCertificateClient$CertificateRenewerService.run(DefaultCertificateClient.java:1462)
	at java.util.concurrent.Executors$RunnableAdapter.call(Executors.java:511)
	at java.util.concurrent.FutureTask.runAndReset(FutureTask.java:308)
	at java.util.concurrent.ScheduledThreadPoolExecutor$ScheduledFutureTask.access$301(ScheduledThreadPoolExecutor.java:180)
	at java.util.concurrent.ScheduledThreadPoolExecutor$ScheduledFutureTask.run(ScheduledThreadPoolExecutor.java:294)
	at java.util.concurrent.ThreadPoolExecutor.runWorker(ThreadPoolExecutor.java:1149)
	at java.util.concurrent.ThreadPoolExecutor$Worker.run(ThreadPoolExecutor.java:624)
	at java.lang.Thread.run(Thread.java:750)
Caused by: java.lang.IllegalArgumentException: IP Address is invalid
	at org.bouncycastle.asn1.x509.GeneralName.<init>(Unknown Source)
	at org.apache.hadoop.hdds.security.x509.certificate.utils.CertificateSignRequest$Builder.addAltName(CertificateSignRequest.java:334)
	at org.apache.hadoop.hdds.security.x509.certificate.utils.CertificateSignRequest$Builder.addIpAddress(CertificateSignRequest.java:281)
	at org.apache.hadoop.hdds.security.x509.certificate.utils.CertificateSignRequest$Builder.lambda$addInetAddresses$0(CertificateSignRequest.java:306)
	at java.util.ArrayList.forEach(ArrayList.java:1259)
	at org.apache.hadoop.hdds.security.x509.certificate.utils.CertificateSignRequest$Builder.addInetAddresses(CertificateSignRequest.java:304)
	at org.apache.hadoop.hdds.security.x509.certificate.utils.CertificateSignRequest$Builder.addInetAddresses(CertificateSignRequest.java:292)
	at org.apache.hadoop.hdds.security.x509.certificate.client.DefaultCertificateClient.getCSRBuilder(DefaultCertificateClient.java:573)
	at org.apache.hadoop.hdds.security.x509.certificate.client.DNCertificateClient.getCSRBuilder(DNCertificateClient.java:75)
	at org.apache.hadoop.hdds.security.x509.certificate.client.DefaultCertificateClient.renewAndStoreKeyAndCertificate(DefaultCertificateClient.java:1150)
	... 8 more
2024-04-16 15:23:17,333 [8e2d0bf5-518a-47e5-8419-e7c08f9f86b4-dn-CertificateRenewerService] INFO  client.DNCertificateClient (DefaultCertificateClient.java:run(1457)) - Current certificate 180771 needs to be renewed remaining grace period PT0S. Forced renewal due to root ca rotation: false.
2024-04-16 15:23:17,472 [8e2d0bf5-518a-47e5-8419-e7c08f9f86b4-dn-CertificateRenewerService] INFO  ozone.OzoneSecurityUtil (OzoneSecurityUtil.java:getValidInetsForCurrentHost(116)) - Adding ip:fe80:0:0:0:20d:3aff:fe1b:d32f%eth0,host:fe80:0:0:0:20d:3aff:fe1b:d32f%eth0
2024-04-16 15:23:17,473 [8e2d0bf5-518a-47e5-8419-e7c08f9f86b4-dn-CertificateRenewerService] INFO  ozone.OzoneSecurityUtil (OzoneSecurityUtil.java:getValidInetsForCurrentHost(116)) - Adding ip:10.1.0.30,host:fv-az699-832.gws2011vpwuupmkks00dozwttg.bx.internal.cloudapp.net
2024-04-16 15:23:17,473 [8e2d0bf5-518a-47e5-8419-e7c08f9f86b4-dn-CertificateRenewerService] INFO  ozone.OzoneSecurityUtil (OzoneSecurityUtil.java:getValidInetsForCurrentHost(116)) - Adding ip:0:0:0:0:0:0:0:1%lo,host:localhost
2024-04-16 15:23:17,473 [8e2d0bf5-518a-47e5-8419-e7c08f9f86b4-dn-CertificateRenewerService] INFO  ozone.OzoneSecurityUtil (OzoneSecurityUtil.java:getValidInetsForCurrentHost(119)) - ip:127.0.0.1 not returned.
2024-04-16 15:23:17,473 [8e2d0bf5-518a-47e5-8419-e7c08f9f86b4-dn-CertificateRenewerService] ERROR client.DNCertificateClient (DefaultCertificateClient.java:run(1473)) - Failed to renew and store key and cert. Keep using existing certificates.
org.apache.hadoop.hdds.security.x509.exception.CertificateException: Error while signing and storing new certificates.
	at org.apache.hadoop.hdds.security.x509.certificate.client.DefaultCertificateClient.renewAndStoreKeyAndCertificate(DefaultCertificateClient.java:1155)
	at org.apache.hadoop.hdds.security.x509.certificate.client.DefaultCertificateClient$CertificateRenewerService.run(DefaultCertificateClient.java:1462)
	at java.util.concurrent.Executors$RunnableAdapter.call(Executors.java:511)
	at java.util.concurrent.FutureTask.runAndReset(FutureTask.java:308)
	at java.util.concurrent.ScheduledThreadPoolExecutor$ScheduledFutureTask.access$301(ScheduledThreadPoolExecutor.java:180)
	at java.util.concurrent.ScheduledThreadPoolExecutor$ScheduledFutureTask.run(ScheduledThreadPoolExecutor.java:294)
	at java.util.concurrent.ThreadPoolExecutor.runWorker(ThreadPoolExecutor.java:1149)
	at java.util.concurrent.ThreadPoolExecutor$Worker.run(ThreadPoolExecutor.java:624)
	at java.lang.Thread.run(Thread.java:750)
Caused by: java.lang.IllegalArgumentException: IP Address is invalid
	at org.bouncycastle.asn1.x509.GeneralName.<init>(Unknown Source)
	at org.apache.hadoop.hdds.security.x509.certificate.utils.CertificateSignRequest$Builder.addAltName(CertificateSignRequest.java:334)
	at org.apache.hadoop.hdds.security.x509.certificate.utils.CertificateSignRequest$Builder.addIpAddress(CertificateSignRequest.java:281)
	at org.apache.hadoop.hdds.security.x509.certificate.utils.CertificateSignRequest$Builder.lambda$addInetAddresses$0(CertificateSignRequest.java:306)
	at java.util.ArrayList.forEach(ArrayList.java:1259)
	at org.apache.hadoop.hdds.security.x509.certificate.utils.CertificateSignRequest$Builder.addInetAddresses(CertificateSignRequest.java:304)
	at org.apache.hadoop.hdds.security.x509.certificate.utils.CertificateSignRequest$Builder.addInetAddresses(CertificateSignRequest.java:292)
	at org.apache.hadoop.hdds.security.x509.certificate.client.DefaultCertificateClient.getCSRBuilder(DefaultCertificateClient.java:573)
	at org.apache.hadoop.hdds.security.x509.certificate.client.DNCertificateClient.getCSRBuilder(DNCertificateClient.java:75)
	at org.apache.hadoop.hdds.security.x509.certificate.client.DefaultCertificateClient.renewAndStoreKeyAndCertificate(DefaultCertificateClient.java:1150)
	... 8 more
2024-04-16 15:23:17,474 [8e2d0bf5-518a-47e5-8419-e7c08f9f86b4-dn-CertificateRenewerService] INFO  client.DNCertificateClient (DefaultCertificateClient.java:run(1457)) - Current certificate 180771 needs to be renewed remaining grace period PT0S. Forced renewal due to root ca rotation: false.
2024-04-16 15:23:17,614 [8e2d0bf5-518a-47e5-8419-e7c08f9f86b4-dn-CertificateRenewerService] INFO  ozone.OzoneSecurityUtil (OzoneSecurityUtil.java:getValidInetsForCurrentHost(116)) - Adding ip:fe80:0:0:0:20d:3aff:fe1b:d32f%eth0,host:fe80:0:0:0:20d:3aff:fe1b:d32f%eth0
2024-04-16 15:23:17,614 [8e2d0bf5-518a-47e5-8419-e7c08f9f86b4-dn-CertificateRenewerService] INFO  ozone.OzoneSecurityUtil (OzoneSecurityUtil.java:getValidInetsForCurrentHost(116)) - Adding ip:10.1.0.30,host:fv-az699-832.gws2011vpwuupmkks00dozwttg.bx.internal.cloudapp.net
2024-04-16 15:23:17,614 [8e2d0bf5-518a-47e5-8419-e7c08f9f86b4-dn-CertificateRenewerService] INFO  ozone.OzoneSecurityUtil (OzoneSecurityUtil.java:getValidInetsForCurrentHost(116)) - Adding ip:0:0:0:0:0:0:0:1%lo,host:localhost
2024-04-16 15:23:17,614 [8e2d0bf5-518a-47e5-8419-e7c08f9f86b4-dn-CertificateRenewerService] INFO  ozone.OzoneSecurityUtil (OzoneSecurityUtil.java:getValidInetsForCurrentHost(119)) - ip:127.0.0.1 not returned.
2024-04-16 15:23:17,615 [8e2d0bf5-518a-47e5-8419-e7c08f9f86b4-dn-CertificateRenewerService] ERROR client.DNCertificateClient (DefaultCertificateClient.java:run(1473)) - Failed to renew and store key and cert. Keep using existing certificates.
org.apache.hadoop.hdds.security.x509.exception.CertificateException: Error while signing and storing new certificates.
	at org.apache.hadoop.hdds.security.x509.certificate.client.DefaultCertificateClient.renewAndStoreKeyAndCertificate(DefaultCertificateClient.java:1155)
	at org.apache.hadoop.hdds.security.x509.certificate.client.DefaultCertificateClient$CertificateRenewerService.run(DefaultCertificateClient.java:1462)
	at java.util.concurrent.Executors$RunnableAdapter.call(Executors.java:511)
	at java.util.concurrent.FutureTask.runAndReset(FutureTask.java:308)
	at java.util.concurrent.ScheduledThreadPoolExecutor$ScheduledFutureTask.access$301(ScheduledThreadPoolExecutor.java:180)
	at java.util.concurrent.ScheduledThreadPoolExecutor$ScheduledFutureTask.run(ScheduledThreadPoolExecutor.java:294)
	at java.util.concurrent.ThreadPoolExecutor.runWorker(ThreadPoolExecutor.java:1149)
	at java.util.concurrent.ThreadPoolExecutor$Worker.run(ThreadPoolExecutor.java:624)
	at java.lang.Thread.run(Thread.java:750)
Caused by: java.lang.IllegalArgumentException: IP Address is invalid
	at org.bouncycastle.asn1.x509.GeneralName.<init>(Unknown Source)
	at org.apache.hadoop.hdds.security.x509.certificate.utils.CertificateSignRequest$Builder.addAltName(CertificateSignRequest.java:334)
	at org.apache.hadoop.hdds.security.x509.certificate.utils.CertificateSignRequest$Builder.addIpAddress(CertificateSignRequest.java:281)
	at org.apache.hadoop.hdds.security.x509.certificate.utils.CertificateSignRequest$Builder.lambda$addInetAddresses$0(CertificateSignRequest.java:306)
	at java.util.ArrayList.forEach(ArrayList.java:1259)
	at org.apache.hadoop.hdds.security.x509.certificate.utils.CertificateSignRequest$Builder.addInetAddresses(CertificateSignRequest.java:304)
	at org.apache.hadoop.hdds.security.x509.certificate.utils.CertificateSignRequest$Builder.addInetAddresses(CertificateSignRequest.java:292)
	at org.apache.hadoop.hdds.security.x509.certificate.client.DefaultCertificateClient.getCSRBuilder(DefaultCertificateClient.java:573)
	at org.apache.hadoop.hdds.security.x509.certificate.client.DNCertificateClient.getCSRBuilder(DNCertificateClient.java:75)
	at org.apache.hadoop.hdds.security.x509.certificate.client.DefaultCertificateClient.renewAndStoreKeyAndCertificate(DefaultCertificateClient.java:1150)
	... 8 more
2024-04-16 15:23:18,999 [8e2d0bf5-518a-47e5-8419-e7c08f9f86b4-dn-CertificateRenewerService] INFO  client.DNCertificateClient (DefaultCertificateClient.java:run(1457)) - Current certificate 180771 needs to be renewed remaining grace period PT0S. Forced renewal due to root ca rotation: false.
2024-04-16 15:23:19,149 [8e2d0bf5-518a-47e5-8419-e7c08f9f86b4-dn-CertificateRenewerService] INFO  ozone.OzoneSecurityUtil (OzoneSecurityUtil.java:getValidInetsForCurrentHost(116)) - Adding ip:fe80:0:0:0:20d:3aff:fe1b:d32f%eth0,host:fe80:0:0:0:20d:3aff:fe1b:d32f%eth0
2024-04-16 15:23:19,149 [8e2d0bf5-518a-47e5-8419-e7c08f9f86b4-dn-CertificateRenewerService] INFO  ozone.OzoneSecurityUtil (OzoneSecurityUtil.java:getValidInetsForCurrentHost(116)) - Adding ip:10.1.0.30,host:fv-az699-832.gws2011vpwuupmkks00dozwttg.bx.internal.cloudapp.net
2024-04-16 15:23:19,150 [8e2d0bf5-518a-47e5-8419-e7c08f9f86b4-dn-CertificateRenewerService] INFO  ozone.OzoneSecurityUtil (OzoneSecurityUtil.java:getValidInetsForCurrentHost(116)) - Adding ip:0:0:0:0:0:0:0:1%lo,host:localhost
2024-04-16 15:23:19,150 [8e2d0bf5-518a-47e5-8419-e7c08f9f86b4-dn-CertificateRenewerService] INFO  ozone.OzoneSecurityUtil (OzoneSecurityUtil.java:getValidInetsForCurrentHost(119)) - ip:127.0.0.1 not returned.
2024-04-16 15:23:19,150 [8e2d0bf5-518a-47e5-8419-e7c08f9f86b4-dn-CertificateRenewerService] ERROR client.DNCertificateClient (DefaultCertificateClient.java:run(1473)) - Failed to renew and store key and cert. Keep using existing certificates.
org.apache.hadoop.hdds.security.x509.exception.CertificateException: Error while signing and storing new certificates.
	at org.apache.hadoop.hdds.security.x509.certificate.client.DefaultCertificateClient.renewAndStoreKeyAndCertificate(DefaultCertificateClient.java:1155)
	at org.apache.hadoop.hdds.security.x509.certificate.client.DefaultCertificateClient$CertificateRenewerService.run(DefaultCertificateClient.java:1462)
	at java.util.concurrent.Executors$RunnableAdapter.call(Executors.java:511)
	at java.util.concurrent.FutureTask.runAndReset(FutureTask.java:308)
	at java.util.concurrent.ScheduledThreadPoolExecutor$ScheduledFutureTask.access$301(ScheduledThreadPoolExecutor.java:180)
	at java.util.concurrent.ScheduledThreadPoolExecutor$ScheduledFutureTask.run(ScheduledThreadPoolExecutor.java:294)
	at java.util.concurrent.ThreadPoolExecutor.runWorker(ThreadPoolExecutor.java:1149)
	at java.util.concurrent.ThreadPoolExecutor$Worker.run(ThreadPoolExecutor.java:624)
	at java.lang.Thread.run(Thread.java:750)
Caused by: java.lang.IllegalArgumentException: IP Address is invalid
	at org.bouncycastle.asn1.x509.GeneralName.<init>(Unknown Source)
	at org.apache.hadoop.hdds.security.x509.certificate.utils.CertificateSignRequest$Builder.addAltName(CertificateSignRequest.java:334)
	at org.apache.hadoop.hdds.security.x509.certificate.utils.CertificateSignRequest$Builder.addIpAddress(CertificateSignRequest.java:281)
	at org.apache.hadoop.hdds.security.x509.certificate.utils.CertificateSignRequest$Builder.lambda$addInetAddresses$0(CertificateSignRequest.java:306)
	at java.util.ArrayList.forEach(ArrayList.java:1259)
	at org.apache.hadoop.hdds.security.x509.certificate.utils.CertificateSignRequest$Builder.addInetAddresses(CertificateSignRequest.java:304)
	at org.apache.hadoop.hdds.security.x509.certificate.utils.CertificateSignRequest$Builder.addInetAddresses(CertificateSignRequest.java:292)
	at org.apache.hadoop.hdds.security.x509.certificate.client.DefaultCertificateClient.getCSRBuilder(DefaultCertificateClient.java:573)
	at org.apache.hadoop.hdds.security.x509.certificate.client.DNCertificateClient.getCSRBuilder(DNCertificateClient.java:75)
	at org.apache.hadoop.hdds.security.x509.certificate.client.DefaultCertificateClient.renewAndStoreKeyAndCertificate(DefaultCertificateClient.java:1150)
	... 8 more
2024-04-16 15:23:19,151 [8e2d0bf5-518a-47e5-8419-e7c08f9f86b4-dn-CertificateRenewerService] INFO  client.DNCertificateClient (DefaultCertificateClient.java:run(1457)) - Current certificate 180771 needs to be renewed remaining grace period PT0S. Forced renewal due to root ca rotation: false.
2024-04-16 15:23:19,196 [8e2d0bf5-518a-47e5-8419-e7c08f9f86b4-dn-CertificateRenewerService] INFO  ozone.OzoneSecurityUtil (OzoneSecurityUtil.java:getValidInetsForCurrentHost(116)) - Adding ip:fe80:0:0:0:20d:3aff:fe1b:d32f%eth0,host:fe80:0:0:0:20d:3aff:fe1b:d32f%eth0
2024-04-16 15:23:19,197 [8e2d0bf5-518a-47e5-8419-e7c08f9f86b4-dn-CertificateRenewerService] INFO  ozone.OzoneSecurityUtil (OzoneSecurityUtil.java:getValidInetsForCurrentHost(116)) - Adding ip:10.1.0.30,host:fv-az699-832.gws2011vpwuupmkks00dozwttg.bx.internal.cloudapp.net
2024-04-16 15:23:19,197 [8e2d0bf5-518a-47e5-8419-e7c08f9f86b4-dn-CertificateRenewerService] INFO  ozone.OzoneSecurityUtil (OzoneSecurityUtil.java:getValidInetsForCurrentHost(116)) - Adding ip:0:0:0:0:0:0:0:1%lo,host:localhost
2024-04-16 15:23:19,197 [8e2d0bf5-518a-47e5-8419-e7c08f9f86b4-dn-CertificateRenewerService] INFO  ozone.OzoneSecurityUtil (OzoneSecurityUtil.java:getValidInetsForCurrentHost(119)) - ip:127.0.0.1 not returned.
2024-04-16 15:23:19,197 [8e2d0bf5-518a-47e5-8419-e7c08f9f86b4-dn-CertificateRenewerService] ERROR client.DNCertificateClient (DefaultCertificateClient.java:run(1473)) - Failed to renew and store key and cert. Keep using existing certificates.
org.apache.hadoop.hdds.security.x509.exception.CertificateException: Error while signing and storing new certificates.
	at org.apache.hadoop.hdds.security.x509.certificate.client.DefaultCertificateClient.renewAndStoreKeyAndCertificate(DefaultCertificateClient.java:1155)
	at org.apache.hadoop.hdds.security.x509.certificate.client.DefaultCertificateClient$CertificateRenewerService.run(DefaultCertificateClient.java:1462)
	at java.util.concurrent.Executors$RunnableAdapter.call(Executors.java:511)
	at java.util.concurrent.FutureTask.runAndReset(FutureTask.java:308)
	at java.util.concurrent.ScheduledThreadPoolExecutor$ScheduledFutureTask.access$301(ScheduledThreadPoolExecutor.java:180)
	at java.util.concurrent.ScheduledThreadPoolExecutor$ScheduledFutureTask.run(ScheduledThreadPoolExecutor.java:294)
	at java.util.concurrent.ThreadPoolExecutor.runWorker(ThreadPoolExecutor.java:1149)
	at java.util.concurrent.ThreadPoolExecutor$Worker.run(ThreadPoolExecutor.java:624)
	at java.lang.Thread.run(Thread.java:750)
Caused by: java.lang.IllegalArgumentException: IP Address is invalid
	at org.bouncycastle.asn1.x509.GeneralName.<init>(Unknown Source)
	at org.apache.hadoop.hdds.security.x509.certificate.utils.CertificateSignRequest$Builder.addAltName(CertificateSignRequest.java:334)
	at org.apache.hadoop.hdds.security.x509.certificate.utils.CertificateSignRequest$Builder.addIpAddress(CertificateSignRequest.java:281)
	at org.apache.hadoop.hdds.security.x509.certificate.utils.CertificateSignRequest$Builder.lambda$addInetAddresses$0(CertificateSignRequest.java:306)
	at java.util.ArrayList.forEach(ArrayList.java:1259)
	at org.apache.hadoop.hdds.security.x509.certificate.utils.CertificateSignRequest$Builder.addInetAddresses(CertificateSignRequest.java:304)
	at org.apache.hadoop.hdds.security.x509.certificate.utils.CertificateSignRequest$Builder.addInetAddresses(CertificateSignRequest.java:292)
	at org.apache.hadoop.hdds.security.x509.certificate.client.DefaultCertificateClient.getCSRBuilder(DefaultCertificateClient.java:573)
	at org.apache.hadoop.hdds.security.x509.certificate.client.DNCertificateClient.getCSRBuilder(DNCertificateClient.java:75)
	at org.apache.hadoop.hdds.security.x509.certificate.client.DefaultCertificateClient.renewAndStoreKeyAndCertificate(DefaultCertificateClient.java:1150)
	... 8 more
2024-04-16 15:23:19,762 [main] INFO  utils.SelfSignedCertificate (SelfSignedCertificate.java:generateCertificate(157)) - Certificate 195823 is issued by CN=localhost,OU=test,O=cluster,SERIALNUMBER=195823 to CN=localhost,OU=test,O=cluster,SERIALNUMBER=195823, valid from Tue Apr 16 15:23:19 UTC 2024 to Tue Apr 16 15:23:34 UTC 2024
2024-04-16 15:23:20,665 [8e2d0bf5-518a-47e5-8419-e7c08f9f86b4-dn-CertificateRenewerService] INFO  client.DNCertificateClient (DefaultCertificateClient.java:run(1457)) - Current certificate 180771 needs to be renewed remaining grace period PT0S. Forced renewal due to root ca rotation: false.
2024-04-16 15:23:20,769 [8e2d0bf5-518a-47e5-8419-e7c08f9f86b4-dn-CertificateRenewerService] INFO  ozone.OzoneSecurityUtil (OzoneSecurityUtil.java:getValidInetsForCurrentHost(116)) - Adding ip:fe80:0:0:0:20d:3aff:fe1b:d32f%eth0,host:fe80:0:0:0:20d:3aff:fe1b:d32f%eth0
2024-04-16 15:23:20,770 [8e2d0bf5-518a-47e5-8419-e7c08f9f86b4-dn-CertificateRenewerService] INFO  ozone.OzoneSecurityUtil (OzoneSecurityUtil.java:getValidInetsForCurrentHost(116)) - Adding ip:10.1.0.30,host:fv-az699-832.gws2011vpwuupmkks00dozwttg.bx.internal.cloudapp.net
2024-04-16 15:23:20,770 [8e2d0bf5-518a-47e5-8419-e7c08f9f86b4-dn-CertificateRenewerService] INFO  ozone.OzoneSecurityUtil (OzoneSecurityUtil.java:getValidInetsForCurrentHost(116)) - Adding ip:0:0:0:0:0:0:0:1%lo,host:localhost
2024-04-16 15:23:20,770 [8e2d0bf5-518a-47e5-8419-e7c08f9f86b4-dn-CertificateRenewerService] INFO  ozone.OzoneSecurityUtil (OzoneSecurityUtil.java:getValidInetsForCurrentHost(119)) - ip:127.0.0.1 not returned.
2024-04-16 15:23:20,770 [8e2d0bf5-518a-47e5-8419-e7c08f9f86b4-dn-CertificateRenewerService] ERROR client.DNCertificateClient (DefaultCertificateClient.java:run(1473)) - Failed to renew and store key and cert. Keep using existing certificates.
org.apache.hadoop.hdds.security.x509.exception.CertificateException: Error while signing and storing new certificates.
	at org.apache.hadoop.hdds.security.x509.certificate.client.DefaultCertificateClient.renewAndStoreKeyAndCertificate(DefaultCertificateClient.java:1155)
	at org.apache.hadoop.hdds.security.x509.certificate.client.DefaultCertificateClient$CertificateRenewerService.run(DefaultCertificateClient.java:1462)
	at java.util.concurrent.Executors$RunnableAdapter.call(Executors.java:511)
	at java.util.concurrent.FutureTask.runAndReset(FutureTask.java:308)
	at java.util.concurrent.ScheduledThreadPoolExecutor$ScheduledFutureTask.access$301(ScheduledThreadPoolExecutor.java:180)
	at java.util.concurrent.ScheduledThreadPoolExecutor$ScheduledFutureTask.run(ScheduledThreadPoolExecutor.java:294)
	at java.util.concurrent.ThreadPoolExecutor.runWorker(ThreadPoolExecutor.java:1149)
	at java.util.concurrent.ThreadPoolExecutor$Worker.run(ThreadPoolExecutor.java:624)
	at java.lang.Thread.run(Thread.java:750)
Caused by: java.lang.IllegalArgumentException: IP Address is invalid
	at org.bouncycastle.asn1.x509.GeneralName.<init>(Unknown Source)
	at org.apache.hadoop.hdds.security.x509.certificate.utils.CertificateSignRequest$Builder.addAltName(CertificateSignRequest.java:334)
	at org.apache.hadoop.hdds.security.x509.certificate.utils.CertificateSignRequest$Builder.addIpAddress(CertificateSignRequest.java:281)
	at org.apache.hadoop.hdds.security.x509.certificate.utils.CertificateSignRequest$Builder.lambda$addInetAddresses$0(CertificateSignRequest.java:306)
	at java.util.ArrayList.forEach(ArrayList.java:1259)
	at org.apache.hadoop.hdds.security.x509.certificate.utils.CertificateSignRequest$Builder.addInetAddresses(CertificateSignRequest.java:304)
	at org.apache.hadoop.hdds.security.x509.certificate.utils.CertificateSignRequest$Builder.addInetAddresses(CertificateSignRequest.java:292)
	at org.apache.hadoop.hdds.security.x509.certificate.client.DefaultCertificateClient.getCSRBuilder(DefaultCertificateClient.java:573)
	at org.apache.hadoop.hdds.security.x509.certificate.client.DNCertificateClient.getCSRBuilder(DNCertificateClient.java:75)
	at org.apache.hadoop.hdds.security.x509.certificate.client.DefaultCertificateClient.renewAndStoreKeyAndCertificate(DefaultCertificateClient.java:1150)
	... 8 more
2024-04-16 15:23:20,771 [8e2d0bf5-518a-47e5-8419-e7c08f9f86b4-dn-CertificateRenewerService] INFO  client.DNCertificateClient (DefaultCertificateClient.java:run(1457)) - Current certificate 180771 needs to be renewed remaining grace period PT0S. Forced renewal due to root ca rotation: false.
2024-04-16 15:23:21,109 [8e2d0bf5-518a-47e5-8419-e7c08f9f86b4-dn-CertificateRenewerService] INFO  ozone.OzoneSecurityUtil (OzoneSecurityUtil.java:getValidInetsForCurrentHost(116)) - Adding ip:fe80:0:0:0:20d:3aff:fe1b:d32f%eth0,host:fe80:0:0:0:20d:3aff:fe1b:d32f%eth0
2024-04-16 15:23:21,109 [8e2d0bf5-518a-47e5-8419-e7c08f9f86b4-dn-CertificateRenewerService] INFO  ozone.OzoneSecurityUtil (OzoneSecurityUtil.java:getValidInetsForCurrentHost(116)) - Adding ip:10.1.0.30,host:fv-az699-832.gws2011vpwuupmkks00dozwttg.bx.internal.cloudapp.net
2024-04-16 15:23:21,110 [8e2d0bf5-518a-47e5-8419-e7c08f9f86b4-dn-CertificateRenewerService] INFO  ozone.OzoneSecurityUtil (OzoneSecurityUtil.java:getValidInetsForCurrentHost(116)) - Adding ip:0:0:0:0:0:0:0:1%lo,host:localhost
2024-04-16 15:23:21,110 [8e2d0bf5-518a-47e5-8419-e7c08f9f86b4-dn-CertificateRenewerService] INFO  ozone.OzoneSecurityUtil (OzoneSecurityUtil.java:getValidInetsForCurrentHost(119)) - ip:127.0.0.1 not returned.
2024-04-16 15:23:21,110 [8e2d0bf5-518a-47e5-8419-e7c08f9f86b4-dn-CertificateRenewerService] ERROR client.DNCertificateClient (DefaultCertificateClient.java:run(1473)) - Failed to renew and store key and cert. Keep using existing certificates.
org.apache.hadoop.hdds.security.x509.exception.CertificateException: Error while signing and storing new certificates.
	at org.apache.hadoop.hdds.security.x509.certificate.client.DefaultCertificateClient.renewAndStoreKeyAndCertificate(DefaultCertificateClient.java:1155)
	at org.apache.hadoop.hdds.security.x509.certificate.client.DefaultCertificateClient$CertificateRenewerService.run(DefaultCertificateClient.java:1462)
	at java.util.concurrent.Executors$RunnableAdapter.call(Executors.java:511)
	at java.util.concurrent.FutureTask.runAndReset(FutureTask.java:308)
	at java.util.concurrent.ScheduledThreadPoolExecutor$ScheduledFutureTask.access$301(ScheduledThreadPoolExecutor.java:180)
	at java.util.concurrent.ScheduledThreadPoolExecutor$ScheduledFutureTask.run(ScheduledThreadPoolExecutor.java:294)
	at java.util.concurrent.ThreadPoolExecutor.runWorker(ThreadPoolExecutor.java:1149)
	at java.util.concurrent.ThreadPoolExecutor$Worker.run(ThreadPoolExecutor.java:624)
	at java.lang.Thread.run(Thread.java:750)
Caused by: java.lang.IllegalArgumentException: IP Address is invalid
	at org.bouncycastle.asn1.x509.GeneralName.<init>(Unknown Source)
	at org.apache.hadoop.hdds.security.x509.certificate.utils.CertificateSignRequest$Builder.addAltName(CertificateSignRequest.java:334)
	at org.apache.hadoop.hdds.security.x509.certificate.utils.CertificateSignRequest$Builder.addIpAddress(CertificateSignRequest.java:281)
	at org.apache.hadoop.hdds.security.x509.certificate.utils.CertificateSignRequest$Builder.lambda$addInetAddresses$0(CertificateSignRequest.java:306)
	at java.util.ArrayList.forEach(ArrayList.java:1259)
	at org.apache.hadoop.hdds.security.x509.certificate.utils.CertificateSignRequest$Builder.addInetAddresses(CertificateSignRequest.java:304)
	at org.apache.hadoop.hdds.security.x509.certificate.utils.CertificateSignRequest$Builder.addInetAddresses(CertificateSignRequest.java:292)
	at org.apache.hadoop.hdds.security.x509.certificate.client.DefaultCertificateClient.getCSRBuilder(DefaultCertificateClient.java:573)
	at org.apache.hadoop.hdds.security.x509.certificate.client.DNCertificateClient.getCSRBuilder(DNCertificateClient.java:75)
	at org.apache.hadoop.hdds.security.x509.certificate.client.DefaultCertificateClient.renewAndStoreKeyAndCertificate(DefaultCertificateClient.java:1150)
	... 8 more
2024-04-16 15:23:22,331 [8e2d0bf5-518a-47e5-8419-e7c08f9f86b4-dn-CertificateRenewerService] INFO  client.DNCertificateClient (DefaultCertificateClient.java:run(1457)) - Current certificate 180771 needs to be renewed remaining grace period PT0S. Forced renewal due to root ca rotation: false.
2024-04-16 15:23:22,490 [8e2d0bf5-518a-47e5-8419-e7c08f9f86b4-dn-CertificateRenewerService] INFO  ozone.OzoneSecurityUtil (OzoneSecurityUtil.java:getValidInetsForCurrentHost(116)) - Adding ip:fe80:0:0:0:20d:3aff:fe1b:d32f%eth0,host:fe80:0:0:0:20d:3aff:fe1b:d32f%eth0
2024-04-16 15:23:22,490 [8e2d0bf5-518a-47e5-8419-e7c08f9f86b4-dn-CertificateRenewerService] INFO  ozone.OzoneSecurityUtil (OzoneSecurityUtil.java:getValidInetsForCurrentHost(116)) - Adding ip:10.1.0.30,host:fv-az699-832.gws2011vpwuupmkks00dozwttg.bx.internal.cloudapp.net
2024-04-16 15:23:22,490 [8e2d0bf5-518a-47e5-8419-e7c08f9f86b4-dn-CertificateRenewerService] INFO  ozone.OzoneSecurityUtil (OzoneSecurityUtil.java:getValidInetsForCurrentHost(116)) - Adding ip:0:0:0:0:0:0:0:1%lo,host:localhost
2024-04-16 15:23:22,490 [8e2d0bf5-518a-47e5-8419-e7c08f9f86b4-dn-CertificateRenewerService] INFO  ozone.OzoneSecurityUtil (OzoneSecurityUtil.java:getValidInetsForCurrentHost(119)) - ip:127.0.0.1 not returned.
2024-04-16 15:23:22,490 [8e2d0bf5-518a-47e5-8419-e7c08f9f86b4-dn-CertificateRenewerService] ERROR client.DNCertificateClient (DefaultCertificateClient.java:run(1473)) - Failed to renew and store key and cert. Keep using existing certificates.
org.apache.hadoop.hdds.security.x509.exception.CertificateException: Error while signing and storing new certificates.
	at org.apache.hadoop.hdds.security.x509.certificate.client.DefaultCertificateClient.renewAndStoreKeyAndCertificate(DefaultCertificateClient.java:1155)
	at org.apache.hadoop.hdds.security.x509.certificate.client.DefaultCertificateClient$CertificateRenewerService.run(DefaultCertificateClient.java:1462)
	at java.util.concurrent.Executors$RunnableAdapter.call(Executors.java:511)
	at java.util.concurrent.FutureTask.runAndReset(FutureTask.java:308)
	at java.util.concurrent.ScheduledThreadPoolExecutor$ScheduledFutureTask.access$301(ScheduledThreadPoolExecutor.java:180)
	at java.util.concurrent.ScheduledThreadPoolExecutor$ScheduledFutureTask.run(ScheduledThreadPoolExecutor.java:294)
	at java.util.concurrent.ThreadPoolExecutor.runWorker(ThreadPoolExecutor.java:1149)
	at java.util.concurrent.ThreadPoolExecutor$Worker.run(ThreadPoolExecutor.java:624)
	at java.lang.Thread.run(Thread.java:750)
Caused by: java.lang.IllegalArgumentException: IP Address is invalid
	at org.bouncycastle.asn1.x509.GeneralName.<init>(Unknown Source)
	at org.apache.hadoop.hdds.security.x509.certificate.utils.CertificateSignRequest$Builder.addAltName(CertificateSignRequest.java:334)
	at org.apache.hadoop.hdds.security.x509.certificate.utils.CertificateSignRequest$Builder.addIpAddress(CertificateSignRequest.java:281)
	at org.apache.hadoop.hdds.security.x509.certificate.utils.CertificateSignRequest$Builder.lambda$addInetAddresses$0(CertificateSignRequest.java:306)
	at java.util.ArrayList.forEach(ArrayList.java:1259)
	at org.apache.hadoop.hdds.security.x509.certificate.utils.CertificateSignRequest$Builder.addInetAddresses(CertificateSignRequest.java:304)
	at org.apache.hadoop.hdds.security.x509.certificate.utils.CertificateSignRequest$Builder.addInetAddresses(CertificateSignRequest.java:292)
	at org.apache.hadoop.hdds.security.x509.certificate.client.DefaultCertificateClient.getCSRBuilder(DefaultCertificateClient.java:573)
	at org.apache.hadoop.hdds.security.x509.certificate.client.DNCertificateClient.getCSRBuilder(DNCertificateClient.java:75)
	at org.apache.hadoop.hdds.security.x509.certificate.client.DefaultCertificateClient.renewAndStoreKeyAndCertificate(DefaultCertificateClient.java:1150)
	... 8 more
2024-04-16 15:23:22,491 [8e2d0bf5-518a-47e5-8419-e7c08f9f86b4-dn-CertificateRenewerService] INFO  client.DNCertificateClient (DefaultCertificateClient.java:run(1457)) - Current certificate 180771 needs to be renewed remaining grace period PT0S. Forced renewal due to root ca rotation: false.
2024-04-16 15:23:22,669 [8e2d0bf5-518a-47e5-8419-e7c08f9f86b4-dn-CertificateRenewerService] INFO  ozone.OzoneSecurityUtil (OzoneSecurityUtil.java:getValidInetsForCurrentHost(116)) - Adding ip:fe80:0:0:0:20d:3aff:fe1b:d32f%eth0,host:fe80:0:0:0:20d:3aff:fe1b:d32f%eth0
2024-04-16 15:23:22,670 [8e2d0bf5-518a-47e5-8419-e7c08f9f86b4-dn-CertificateRenewerService] INFO  ozone.OzoneSecurityUtil (OzoneSecurityUtil.java:getValidInetsForCurrentHost(116)) - Adding ip:10.1.0.30,host:fv-az699-832.gws2011vpwuupmkks00dozwttg.bx.internal.cloudapp.net
2024-04-16 15:23:22,670 [8e2d0bf5-518a-47e5-8419-e7c08f9f86b4-dn-CertificateRenewerService] INFO  ozone.OzoneSecurityUtil (OzoneSecurityUtil.java:getValidInetsForCurrentHost(116)) - Adding ip:0:0:0:0:0:0:0:1%lo,host:localhost
2024-04-16 15:23:22,670 [8e2d0bf5-518a-47e5-8419-e7c08f9f86b4-dn-CertificateRenewerService] INFO  ozone.OzoneSecurityUtil (OzoneSecurityUtil.java:getValidInetsForCurrentHost(119)) - ip:127.0.0.1 not returned.
2024-04-16 15:23:22,670 [8e2d0bf5-518a-47e5-8419-e7c08f9f86b4-dn-CertificateRenewerService] ERROR client.DNCertificateClient (DefaultCertificateClient.java:run(1473)) - Failed to renew and store key and cert. Keep using existing certificates.
org.apache.hadoop.hdds.security.x509.exception.CertificateException: Error while signing and storing new certificates.
	at org.apache.hadoop.hdds.security.x509.certificate.client.DefaultCertificateClient.renewAndStoreKeyAndCertificate(DefaultCertificateClient.java:1155)
	at org.apache.hadoop.hdds.security.x509.certificate.client.DefaultCertificateClient$CertificateRenewerService.run(DefaultCertificateClient.java:1462)
	at java.util.concurrent.Executors$RunnableAdapter.call(Executors.java:511)
	at java.util.concurrent.FutureTask.runAndReset(FutureTask.java:308)
	at java.util.concurrent.ScheduledThreadPoolExecutor$ScheduledFutureTask.access$301(ScheduledThreadPoolExecutor.java:180)
	at java.util.concurrent.ScheduledThreadPoolExecutor$ScheduledFutureTask.run(ScheduledThreadPoolExecutor.java:294)
	at java.util.concurrent.ThreadPoolExecutor.runWorker(ThreadPoolExecutor.java:1149)
	at java.util.concurrent.ThreadPoolExecutor$Worker.run(ThreadPoolExecutor.java:624)
	at java.lang.Thread.run(Thread.java:750)
Caused by: java.lang.IllegalArgumentException: IP Address is invalid
	at org.bouncycastle.asn1.x509.GeneralName.<init>(Unknown Source)
	at org.apache.hadoop.hdds.security.x509.certificate.utils.CertificateSignRequest$Builder.addAltName(CertificateSignRequest.java:334)
	at org.apache.hadoop.hdds.security.x509.certificate.utils.CertificateSignRequest$Builder.addIpAddress(CertificateSignRequest.java:281)
	at org.apache.hadoop.hdds.security.x509.certificate.utils.CertificateSignRequest$Builder.lambda$addInetAddresses$0(CertificateSignRequest.java:306)
	at java.util.ArrayList.forEach(ArrayList.java:1259)
	at org.apache.hadoop.hdds.security.x509.certificate.utils.CertificateSignRequest$Builder.addInetAddresses(CertificateSignRequest.java:304)
	at org.apache.hadoop.hdds.security.x509.certificate.utils.CertificateSignRequest$Builder.addInetAddresses(CertificateSignRequest.java:292)
	at org.apache.hadoop.hdds.security.x509.certificate.client.DefaultCertificateClient.getCSRBuilder(DefaultCertificateClient.java:573)
	at org.apache.hadoop.hdds.security.x509.certificate.client.DNCertificateClient.getCSRBuilder(DNCertificateClient.java:75)
	at org.apache.hadoop.hdds.security.x509.certificate.client.DefaultCertificateClient.renewAndStoreKeyAndCertificate(DefaultCertificateClient.java:1150)
	... 8 more
2024-04-16 15:23:23,997 [8e2d0bf5-518a-47e5-8419-e7c08f9f86b4-dn-CertificateRenewerService] INFO  client.DNCertificateClient (DefaultCertificateClient.java:run(1457)) - Current certificate 180771 needs to be renewed remaining grace period PT0S. Forced renewal due to root ca rotation: false.
2024-04-16 15:23:24,083 [8e2d0bf5-518a-47e5-8419-e7c08f9f86b4-dn-CertificateRenewerService] INFO  ozone.OzoneSecurityUtil (OzoneSecurityUtil.java:getValidInetsForCurrentHost(116)) - Adding ip:fe80:0:0:0:20d:3aff:fe1b:d32f%eth0,host:fe80:0:0:0:20d:3aff:fe1b:d32f%eth0
2024-04-16 15:23:24,084 [8e2d0bf5-518a-47e5-8419-e7c08f9f86b4-dn-CertificateRenewerService] INFO  ozone.OzoneSecurityUtil (OzoneSecurityUtil.java:getValidInetsForCurrentHost(116)) - Adding ip:10.1.0.30,host:fv-az699-832.gws2011vpwuupmkks00dozwttg.bx.internal.cloudapp.net
2024-04-16 15:23:24,084 [8e2d0bf5-518a-47e5-8419-e7c08f9f86b4-dn-CertificateRenewerService] INFO  ozone.OzoneSecurityUtil (OzoneSecurityUtil.java:getValidInetsForCurrentHost(116)) - Adding ip:0:0:0:0:0:0:0:1%lo,host:localhost
2024-04-16 15:23:24,084 [8e2d0bf5-518a-47e5-8419-e7c08f9f86b4-dn-CertificateRenewerService] INFO  ozone.OzoneSecurityUtil (OzoneSecurityUtil.java:getValidInetsForCurrentHost(119)) - ip:127.0.0.1 not returned.
2024-04-16 15:23:24,084 [8e2d0bf5-518a-47e5-8419-e7c08f9f86b4-dn-CertificateRenewerService] ERROR client.DNCertificateClient (DefaultCertificateClient.java:run(1473)) - Failed to renew and store key and cert. Keep using existing certificates.
org.apache.hadoop.hdds.security.x509.exception.CertificateException: Error while signing and storing new certificates.
	at org.apache.hadoop.hdds.security.x509.certificate.client.DefaultCertificateClient.renewAndStoreKeyAndCertificate(DefaultCertificateClient.java:1155)
	at org.apache.hadoop.hdds.security.x509.certificate.client.DefaultCertificateClient$CertificateRenewerService.run(DefaultCertificateClient.java:1462)
	at java.util.concurrent.Executors$RunnableAdapter.call(Executors.java:511)
	at java.util.concurrent.FutureTask.runAndReset(FutureTask.java:308)
	at java.util.concurrent.ScheduledThreadPoolExecutor$ScheduledFutureTask.access$301(ScheduledThreadPoolExecutor.java:180)
	at java.util.concurrent.ScheduledThreadPoolExecutor$ScheduledFutureTask.run(ScheduledThreadPoolExecutor.java:294)
	at java.util.concurrent.ThreadPoolExecutor.runWorker(ThreadPoolExecutor.java:1149)
	at java.util.concurrent.ThreadPoolExecutor$Worker.run(ThreadPoolExecutor.java:624)
	at java.lang.Thread.run(Thread.java:750)
Caused by: java.lang.IllegalArgumentException: IP Address is invalid
	at org.bouncycastle.asn1.x509.GeneralName.<init>(Unknown Source)
	at org.apache.hadoop.hdds.security.x509.certificate.utils.CertificateSignRequest$Builder.addAltName(CertificateSignRequest.java:334)
	at org.apache.hadoop.hdds.security.x509.certificate.utils.CertificateSignRequest$Builder.addIpAddress(CertificateSignRequest.java:281)
	at org.apache.hadoop.hdds.security.x509.certificate.utils.CertificateSignRequest$Builder.lambda$addInetAddresses$0(CertificateSignRequest.java:306)
	at java.util.ArrayList.forEach(ArrayList.java:1259)
	at org.apache.hadoop.hdds.security.x509.certificate.utils.CertificateSignRequest$Builder.addInetAddresses(CertificateSignRequest.java:304)
	at org.apache.hadoop.hdds.security.x509.certificate.utils.CertificateSignRequest$Builder.addInetAddresses(CertificateSignRequest.java:292)
	at org.apache.hadoop.hdds.security.x509.certificate.client.DefaultCertificateClient.getCSRBuilder(DefaultCertificateClient.java:573)
	at org.apache.hadoop.hdds.security.x509.certificate.client.DNCertificateClient.getCSRBuilder(DNCertificateClient.java:75)
	at org.apache.hadoop.hdds.security.x509.certificate.client.DefaultCertificateClient.renewAndStoreKeyAndCertificate(DefaultCertificateClient.java:1150)
	... 8 more
2024-04-16 15:23:24,085 [8e2d0bf5-518a-47e5-8419-e7c08f9f86b4-dn-CertificateRenewerService] INFO  client.DNCertificateClient (DefaultCertificateClient.java:run(1457)) - Current certificate 180771 needs to be renewed remaining grace period PT0S. Forced renewal due to root ca rotation: false.
2024-04-16 15:23:24,192 [8e2d0bf5-518a-47e5-8419-e7c08f9f86b4-dn-CertificateRenewerService] INFO  ozone.OzoneSecurityUtil (OzoneSecurityUtil.java:getValidInetsForCurrentHost(116)) - Adding ip:fe80:0:0:0:20d:3aff:fe1b:d32f%eth0,host:fe80:0:0:0:20d:3aff:fe1b:d32f%eth0
2024-04-16 15:23:24,192 [8e2d0bf5-518a-47e5-8419-e7c08f9f86b4-dn-CertificateRenewerService] INFO  ozone.OzoneSecurityUtil (OzoneSecurityUtil.java:getValidInetsForCurrentHost(116)) - Adding ip:10.1.0.30,host:fv-az699-832.gws2011vpwuupmkks00dozwttg.bx.internal.cloudapp.net
2024-04-16 15:23:24,193 [8e2d0bf5-518a-47e5-8419-e7c08f9f86b4-dn-CertificateRenewerService] INFO  ozone.OzoneSecurityUtil (OzoneSecurityUtil.java:getValidInetsForCurrentHost(116)) - Adding ip:0:0:0:0:0:0:0:1%lo,host:localhost
2024-04-16 15:23:24,193 [8e2d0bf5-518a-47e5-8419-e7c08f9f86b4-dn-CertificateRenewerService] INFO  ozone.OzoneSecurityUtil (OzoneSecurityUtil.java:getValidInetsForCurrentHost(119)) - ip:127.0.0.1 not returned.
2024-04-16 15:23:24,193 [8e2d0bf5-518a-47e5-8419-e7c08f9f86b4-dn-CertificateRenewerService] ERROR client.DNCertificateClient (DefaultCertificateClient.java:run(1473)) - Failed to renew and store key and cert. Keep using existing certificates.
org.apache.hadoop.hdds.security.x509.exception.CertificateException: Error while signing and storing new certificates.
	at org.apache.hadoop.hdds.security.x509.certificate.client.DefaultCertificateClient.renewAndStoreKeyAndCertificate(DefaultCertificateClient.java:1155)
	at org.apache.hadoop.hdds.security.x509.certificate.client.DefaultCertificateClient$CertificateRenewerService.run(DefaultCertificateClient.java:1462)
	at java.util.concurrent.Executors$RunnableAdapter.call(Executors.java:511)
	at java.util.concurrent.FutureTask.runAndReset(FutureTask.java:308)
	at java.util.concurrent.ScheduledThreadPoolExecutor$ScheduledFutureTask.access$301(ScheduledThreadPoolExecutor.java:180)
	at java.util.concurrent.ScheduledThreadPoolExecutor$ScheduledFutureTask.run(ScheduledThreadPoolExecutor.java:294)
	at java.util.concurrent.ThreadPoolExecutor.runWorker(ThreadPoolExecutor.java:1149)
	at java.util.concurrent.ThreadPoolExecutor$Worker.run(ThreadPoolExecutor.java:624)
	at java.lang.Thread.run(Thread.java:750)
Caused by: java.lang.IllegalArgumentException: IP Address is invalid
	at org.bouncycastle.asn1.x509.GeneralName.<init>(Unknown Source)
	at org.apache.hadoop.hdds.security.x509.certificate.utils.CertificateSignRequest$Builder.addAltName(CertificateSignRequest.java:334)
	at org.apache.hadoop.hdds.security.x509.certificate.utils.CertificateSignRequest$Builder.addIpAddress(CertificateSignRequest.java:281)
	at org.apache.hadoop.hdds.security.x509.certificate.utils.CertificateSignRequest$Builder.lambda$addInetAddresses$0(CertificateSignRequest.java:306)
	at java.util.ArrayList.forEach(ArrayList.java:1259)
	at org.apache.hadoop.hdds.security.x509.certificate.utils.CertificateSignRequest$Builder.addInetAddresses(CertificateSignRequest.java:304)
	at org.apache.hadoop.hdds.security.x509.certificate.utils.CertificateSignRequest$Builder.addInetAddresses(CertificateSignRequest.java:292)
	at org.apache.hadoop.hdds.security.x509.certificate.client.DefaultCertificateClient.getCSRBuilder(DefaultCertificateClient.java:573)
	at org.apache.hadoop.hdds.security.x509.certificate.client.DNCertificateClient.getCSRBuilder(DNCertificateClient.java:75)
	at org.apache.hadoop.hdds.security.x509.certificate.client.DefaultCertificateClient.renewAndStoreKeyAndCertificate(DefaultCertificateClient.java:1150)
	... 8 more
2024-04-16 15:23:25,663 [8e2d0bf5-518a-47e5-8419-e7c08f9f86b4-dn-CertificateRenewerService] INFO  client.DNCertificateClient (DefaultCertificateClient.java:run(1457)) - Current certificate 180771 needs to be renewed remaining grace period PT0S. Forced renewal due to root ca rotation: false.
2024-04-16 15:23:25,760 [8e2d0bf5-518a-47e5-8419-e7c08f9f86b4-dn-CertificateRenewerService] INFO  ozone.OzoneSecurityUtil (OzoneSecurityUtil.java:getValidInetsForCurrentHost(116)) - Adding ip:fe80:0:0:0:20d:3aff:fe1b:d32f%eth0,host:fe80:0:0:0:20d:3aff:fe1b:d32f%eth0
2024-04-16 15:23:25,761 [8e2d0bf5-518a-47e5-8419-e7c08f9f86b4-dn-CertificateRenewerService] INFO  ozone.OzoneSecurityUtil (OzoneSecurityUtil.java:getValidInetsForCurrentHost(116)) - Adding ip:10.1.0.30,host:fv-az699-832.gws2011vpwuupmkks00dozwttg.bx.internal.cloudapp.net
2024-04-16 15:23:25,761 [8e2d0bf5-518a-47e5-8419-e7c08f9f86b4-dn-CertificateRenewerService] INFO  ozone.OzoneSecurityUtil (OzoneSecurityUtil.java:getValidInetsForCurrentHost(116)) - Adding ip:0:0:0:0:0:0:0:1%lo,host:localhost
2024-04-16 15:23:25,761 [8e2d0bf5-518a-47e5-8419-e7c08f9f86b4-dn-CertificateRenewerService] INFO  ozone.OzoneSecurityUtil (OzoneSecurityUtil.java:getValidInetsForCurrentHost(119)) - ip:127.0.0.1 not returned.
2024-04-16 15:23:25,761 [8e2d0bf5-518a-47e5-8419-e7c08f9f86b4-dn-CertificateRenewerService] ERROR client.DNCertificateClient (DefaultCertificateClient.java:run(1473)) - Failed to renew and store key and cert. Keep using existing certificates.
org.apache.hadoop.hdds.security.x509.exception.CertificateException: Error while signing and storing new certificates.
	at org.apache.hadoop.hdds.security.x509.certificate.client.DefaultCertificateClient.renewAndStoreKeyAndCertificate(DefaultCertificateClient.java:1155)
	at org.apache.hadoop.hdds.security.x509.certificate.client.DefaultCertificateClient$CertificateRenewerService.run(DefaultCertificateClient.java:1462)
	at java.util.concurrent.Executors$RunnableAdapter.call(Executors.java:511)
	at java.util.concurrent.FutureTask.runAndReset(FutureTask.java:308)
	at java.util.concurrent.ScheduledThreadPoolExecutor$ScheduledFutureTask.access$301(ScheduledThreadPoolExecutor.java:180)
	at java.util.concurrent.ScheduledThreadPoolExecutor$ScheduledFutureTask.run(ScheduledThreadPoolExecutor.java:294)
	at java.util.concurrent.ThreadPoolExecutor.runWorker(ThreadPoolExecutor.java:1149)
	at java.util.concurrent.ThreadPoolExecutor$Worker.run(ThreadPoolExecutor.java:624)
	at java.lang.Thread.run(Thread.java:750)
Caused by: java.lang.IllegalArgumentException: IP Address is invalid
	at org.bouncycastle.asn1.x509.GeneralName.<init>(Unknown Source)
	at org.apache.hadoop.hdds.security.x509.certificate.utils.CertificateSignRequest$Builder.addAltName(CertificateSignRequest.java:334)
	at org.apache.hadoop.hdds.security.x509.certificate.utils.CertificateSignRequest$Builder.addIpAddress(CertificateSignRequest.java:281)
	at org.apache.hadoop.hdds.security.x509.certificate.utils.CertificateSignRequest$Builder.lambda$addInetAddresses$0(CertificateSignRequest.java:306)
	at java.util.ArrayList.forEach(ArrayList.java:1259)
	at org.apache.hadoop.hdds.security.x509.certificate.utils.CertificateSignRequest$Builder.addInetAddresses(CertificateSignRequest.java:304)
	at org.apache.hadoop.hdds.security.x509.certificate.utils.CertificateSignRequest$Builder.addInetAddresses(CertificateSignRequest.java:292)
	at org.apache.hadoop.hdds.security.x509.certificate.client.DefaultCertificateClient.getCSRBuilder(DefaultCertificateClient.java:573)
	at org.apache.hadoop.hdds.security.x509.certificate.client.DNCertificateClient.getCSRBuilder(DNCertificateClient.java:75)
	at org.apache.hadoop.hdds.security.x509.certificate.client.DefaultCertificateClient.renewAndStoreKeyAndCertificate(DefaultCertificateClient.java:1150)
	... 8 more
2024-04-16 15:23:25,762 [8e2d0bf5-518a-47e5-8419-e7c08f9f86b4-dn-CertificateRenewerService] INFO  client.DNCertificateClient (DefaultCertificateClient.java:run(1457)) - Current certificate 180771 needs to be renewed remaining grace period PT0S. Forced renewal due to root ca rotation: false.
2024-04-16 15:23:25,822 [8e2d0bf5-518a-47e5-8419-e7c08f9f86b4-dn-CertificateRenewerService] INFO  ozone.OzoneSecurityUtil (OzoneSecurityUtil.java:getValidInetsForCurrentHost(116)) - Adding ip:fe80:0:0:0:20d:3aff:fe1b:d32f%eth0,host:fe80:0:0:0:20d:3aff:fe1b:d32f%eth0
2024-04-16 15:23:25,822 [8e2d0bf5-518a-47e5-8419-e7c08f9f86b4-dn-CertificateRenewerService] INFO  ozone.OzoneSecurityUtil (OzoneSecurityUtil.java:getValidInetsForCurrentHost(116)) - Adding ip:10.1.0.30,host:fv-az699-832.gws2011vpwuupmkks00dozwttg.bx.internal.cloudapp.net
2024-04-16 15:23:25,823 [8e2d0bf5-518a-47e5-8419-e7c08f9f86b4-dn-CertificateRenewerService] INFO  ozone.OzoneSecurityUtil (OzoneSecurityUtil.java:getValidInetsForCurrentHost(116)) - Adding ip:0:0:0:0:0:0:0:1%lo,host:localhost
2024-04-16 15:23:25,823 [8e2d0bf5-518a-47e5-8419-e7c08f9f86b4-dn-CertificateRenewerService] INFO  ozone.OzoneSecurityUtil (OzoneSecurityUtil.java:getValidInetsForCurrentHost(119)) - ip:127.0.0.1 not returned.
2024-04-16 15:23:25,823 [8e2d0bf5-518a-47e5-8419-e7c08f9f86b4-dn-CertificateRenewerService] ERROR client.DNCertificateClient (DefaultCertificateClient.java:run(1473)) - Failed to renew and store key and cert. Keep using existing certificates.
org.apache.hadoop.hdds.security.x509.exception.CertificateException: Error while signing and storing new certificates.
	at org.apache.hadoop.hdds.security.x509.certificate.client.DefaultCertificateClient.renewAndStoreKeyAndCertificate(DefaultCertificateClient.java:1155)
	at org.apache.hadoop.hdds.security.x509.certificate.client.DefaultCertificateClient$CertificateRenewerService.run(DefaultCertificateClient.java:1462)
	at java.util.concurrent.Executors$RunnableAdapter.call(Executors.java:511)
	at java.util.concurrent.FutureTask.runAndReset(FutureTask.java:308)
	at java.util.concurrent.ScheduledThreadPoolExecutor$ScheduledFutureTask.access$301(ScheduledThreadPoolExecutor.java:180)
	at java.util.concurrent.ScheduledThreadPoolExecutor$ScheduledFutureTask.run(ScheduledThreadPoolExecutor.java:294)
	at java.util.concurrent.ThreadPoolExecutor.runWorker(ThreadPoolExecutor.java:1149)
	at java.util.concurrent.ThreadPoolExecutor$Worker.run(ThreadPoolExecutor.java:624)
	at java.lang.Thread.run(Thread.java:750)
Caused by: java.lang.IllegalArgumentException: IP Address is invalid
	at org.bouncycastle.asn1.x509.GeneralName.<init>(Unknown Source)
	at org.apache.hadoop.hdds.security.x509.certificate.utils.CertificateSignRequest$Builder.addAltName(CertificateSignRequest.java:334)
	at org.apache.hadoop.hdds.security.x509.certificate.utils.CertificateSignRequest$Builder.addIpAddress(CertificateSignRequest.java:281)
	at org.apache.hadoop.hdds.security.x509.certificate.utils.CertificateSignRequest$Builder.lambda$addInetAddresses$0(CertificateSignRequest.java:306)
	at java.util.ArrayList.forEach(ArrayList.java:1259)
	at org.apache.hadoop.hdds.security.x509.certificate.utils.CertificateSignRequest$Builder.addInetAddresses(CertificateSignRequest.java:304)
	at org.apache.hadoop.hdds.security.x509.certificate.utils.CertificateSignRequest$Builder.addInetAddresses(CertificateSignRequest.java:292)
	at org.apache.hadoop.hdds.security.x509.certificate.client.DefaultCertificateClient.getCSRBuilder(DefaultCertificateClient.java:573)
	at org.apache.hadoop.hdds.security.x509.certificate.client.DNCertificateClient.getCSRBuilder(DNCertificateClient.java:75)
	at org.apache.hadoop.hdds.security.x509.certificate.client.DefaultCertificateClient.renewAndStoreKeyAndCertificate(DefaultCertificateClient.java:1150)
	... 8 more
2024-04-16 15:23:27,329 [8e2d0bf5-518a-47e5-8419-e7c08f9f86b4-dn-CertificateRenewerService] INFO  client.DNCertificateClient (DefaultCertificateClient.java:run(1457)) - Current certificate 180771 needs to be renewed remaining grace period PT0S. Forced renewal due to root ca rotation: false.
2024-04-16 15:23:27,579 [8e2d0bf5-518a-47e5-8419-e7c08f9f86b4-dn-CertificateRenewerService] INFO  ozone.OzoneSecurityUtil (OzoneSecurityUtil.java:getValidInetsForCurrentHost(116)) - Adding ip:fe80:0:0:0:20d:3aff:fe1b:d32f%eth0,host:fe80:0:0:0:20d:3aff:fe1b:d32f%eth0
2024-04-16 15:23:27,579 [8e2d0bf5-518a-47e5-8419-e7c08f9f86b4-dn-CertificateRenewerService] INFO  ozone.OzoneSecurityUtil (OzoneSecurityUtil.java:getValidInetsForCurrentHost(116)) - Adding ip:10.1.0.30,host:fv-az699-832.gws2011vpwuupmkks00dozwttg.bx.internal.cloudapp.net
2024-04-16 15:23:27,579 [8e2d0bf5-518a-47e5-8419-e7c08f9f86b4-dn-CertificateRenewerService] INFO  ozone.OzoneSecurityUtil (OzoneSecurityUtil.java:getValidInetsForCurrentHost(116)) - Adding ip:0:0:0:0:0:0:0:1%lo,host:localhost
2024-04-16 15:23:27,579 [8e2d0bf5-518a-47e5-8419-e7c08f9f86b4-dn-CertificateRenewerService] INFO  ozone.OzoneSecurityUtil (OzoneSecurityUtil.java:getValidInetsForCurrentHost(119)) - ip:127.0.0.1 not returned.
2024-04-16 15:23:27,579 [8e2d0bf5-518a-47e5-8419-e7c08f9f86b4-dn-CertificateRenewerService] ERROR client.DNCertificateClient (DefaultCertificateClient.java:run(1473)) - Failed to renew and store key and cert. Keep using existing certificates.
org.apache.hadoop.hdds.security.x509.exception.CertificateException: Error while signing and storing new certificates.
	at org.apache.hadoop.hdds.security.x509.certificate.client.DefaultCertificateClient.renewAndStoreKeyAndCertificate(DefaultCertificateClient.java:1155)
	at org.apache.hadoop.hdds.security.x509.certificate.client.DefaultCertificateClient$CertificateRenewerService.run(DefaultCertificateClient.java:1462)
	at java.util.concurrent.Executors$RunnableAdapter.call(Executors.java:511)
	at java.util.concurrent.FutureTask.runAndReset(FutureTask.java:308)
	at java.util.concurrent.ScheduledThreadPoolExecutor$ScheduledFutureTask.access$301(ScheduledThreadPoolExecutor.java:180)
	at java.util.concurrent.ScheduledThreadPoolExecutor$ScheduledFutureTask.run(ScheduledThreadPoolExecutor.java:294)
	at java.util.concurrent.ThreadPoolExecutor.runWorker(ThreadPoolExecutor.java:1149)
	at java.util.concurrent.ThreadPoolExecutor$Worker.run(ThreadPoolExecutor.java:624)
	at java.lang.Thread.run(Thread.java:750)
Caused by: java.lang.IllegalArgumentException: IP Address is invalid
	at org.bouncycastle.asn1.x509.GeneralName.<init>(Unknown Source)
	at org.apache.hadoop.hdds.security.x509.certificate.utils.CertificateSignRequest$Builder.addAltName(CertificateSignRequest.java:334)
	at org.apache.hadoop.hdds.security.x509.certificate.utils.CertificateSignRequest$Builder.addIpAddress(CertificateSignRequest.java:281)
	at org.apache.hadoop.hdds.security.x509.certificate.utils.CertificateSignRequest$Builder.lambda$addInetAddresses$0(CertificateSignRequest.java:306)
	at java.util.ArrayList.forEach(ArrayList.java:1259)
	at org.apache.hadoop.hdds.security.x509.certificate.utils.CertificateSignRequest$Builder.addInetAddresses(CertificateSignRequest.java:304)
	at org.apache.hadoop.hdds.security.x509.certificate.utils.CertificateSignRequest$Builder.addInetAddresses(CertificateSignRequest.java:292)
	at org.apache.hadoop.hdds.security.x509.certificate.client.DefaultCertificateClient.getCSRBuilder(DefaultCertificateClient.java:573)
	at org.apache.hadoop.hdds.security.x509.certificate.client.DNCertificateClient.getCSRBuilder(DNCertificateClient.java:75)
	at org.apache.hadoop.hdds.security.x509.certificate.client.DefaultCertificateClient.renewAndStoreKeyAndCertificate(DefaultCertificateClient.java:1150)
	... 8 more
2024-04-16 15:23:27,580 [8e2d0bf5-518a-47e5-8419-e7c08f9f86b4-dn-CertificateRenewerService] INFO  client.DNCertificateClient (DefaultCertificateClient.java:run(1457)) - Current certificate 180771 needs to be renewed remaining grace period PT0S. Forced renewal due to root ca rotation: false.
2024-04-16 15:23:27,683 [8e2d0bf5-518a-47e5-8419-e7c08f9f86b4-dn-CertificateRenewerService] INFO  ozone.OzoneSecurityUtil (OzoneSecurityUtil.java:getValidInetsForCurrentHost(116)) - Adding ip:fe80:0:0:0:20d:3aff:fe1b:d32f%eth0,host:fe80:0:0:0:20d:3aff:fe1b:d32f%eth0
2024-04-16 15:23:27,683 [8e2d0bf5-518a-47e5-8419-e7c08f9f86b4-dn-CertificateRenewerService] INFO  ozone.OzoneSecurityUtil (OzoneSecurityUtil.java:getValidInetsForCurrentHost(116)) - Adding ip:10.1.0.30,host:fv-az699-832.gws2011vpwuupmkks00dozwttg.bx.internal.cloudapp.net
2024-04-16 15:23:27,683 [8e2d0bf5-518a-47e5-8419-e7c08f9f86b4-dn-CertificateRenewerService] INFO  ozone.OzoneSecurityUtil (OzoneSecurityUtil.java:getValidInetsForCurrentHost(116)) - Adding ip:0:0:0:0:0:0:0:1%lo,host:localhost
2024-04-16 15:23:27,683 [8e2d0bf5-518a-47e5-8419-e7c08f9f86b4-dn-CertificateRenewerService] INFO  ozone.OzoneSecurityUtil (OzoneSecurityUtil.java:getValidInetsForCurrentHost(119)) - ip:127.0.0.1 not returned.
2024-04-16 15:23:27,684 [8e2d0bf5-518a-47e5-8419-e7c08f9f86b4-dn-CertificateRenewerService] ERROR client.DNCertificateClient (DefaultCertificateClient.java:run(1473)) - Failed to renew and store key and cert. Keep using existing certificates.
org.apache.hadoop.hdds.security.x509.exception.CertificateException: Error while signing and storing new certificates.
	at org.apache.hadoop.hdds.security.x509.certificate.client.DefaultCertificateClient.renewAndStoreKeyAndCertificate(DefaultCertificateClient.java:1155)
	at org.apache.hadoop.hdds.security.x509.certificate.client.DefaultCertificateClient$CertificateRenewerService.run(DefaultCertificateClient.java:1462)
	at java.util.concurrent.Executors$RunnableAdapter.call(Executors.java:511)
	at java.util.concurrent.FutureTask.runAndReset(FutureTask.java:308)
	at java.util.concurrent.ScheduledThreadPoolExecutor$ScheduledFutureTask.access$301(ScheduledThreadPoolExecutor.java:180)
	at java.util.concurrent.ScheduledThreadPoolExecutor$ScheduledFutureTask.run(ScheduledThreadPoolExecutor.java:294)
	at java.util.concurrent.ThreadPoolExecutor.runWorker(ThreadPoolExecutor.java:1149)
	at java.util.concurrent.ThreadPoolExecutor$Worker.run(ThreadPoolExecutor.java:624)
	at java.lang.Thread.run(Thread.java:750)
Caused by: java.lang.IllegalArgumentException: IP Address is invalid
	at org.bouncycastle.asn1.x509.GeneralName.<init>(Unknown Source)
	at org.apache.hadoop.hdds.security.x509.certificate.utils.CertificateSignRequest$Builder.addAltName(CertificateSignRequest.java:334)
	at org.apache.hadoop.hdds.security.x509.certificate.utils.CertificateSignRequest$Builder.addIpAddress(CertificateSignRequest.java:281)
	at org.apache.hadoop.hdds.security.x509.certificate.utils.CertificateSignRequest$Builder.lambda$addInetAddresses$0(CertificateSignRequest.java:306)
	at java.util.ArrayList.forEach(ArrayList.java:1259)
	at org.apache.hadoop.hdds.security.x509.certificate.utils.CertificateSignRequest$Builder.addInetAddresses(CertificateSignRequest.java:304)
	at org.apache.hadoop.hdds.security.x509.certificate.utils.CertificateSignRequest$Builder.addInetAddresses(CertificateSignRequest.java:292)
	at org.apache.hadoop.hdds.security.x509.certificate.client.DefaultCertificateClient.getCSRBuilder(DefaultCertificateClient.java:573)
	at org.apache.hadoop.hdds.security.x509.certificate.client.DNCertificateClient.getCSRBuilder(DNCertificateClient.java:75)
	at org.apache.hadoop.hdds.security.x509.certificate.client.DefaultCertificateClient.renewAndStoreKeyAndCertificate(DefaultCertificateClient.java:1150)
	... 8 more
2024-04-16 15:23:28,995 [8e2d0bf5-518a-47e5-8419-e7c08f9f86b4-dn-CertificateRenewerService] INFO  client.DNCertificateClient (DefaultCertificateClient.java:run(1457)) - Current certificate 180771 needs to be renewed remaining grace period PT0S. Forced renewal due to root ca rotation: false.
2024-04-16 15:23:29,061 [8e2d0bf5-518a-47e5-8419-e7c08f9f86b4-dn-CertificateRenewerService] INFO  ozone.OzoneSecurityUtil (OzoneSecurityUtil.java:getValidInetsForCurrentHost(116)) - Adding ip:fe80:0:0:0:20d:3aff:fe1b:d32f%eth0,host:fe80:0:0:0:20d:3aff:fe1b:d32f%eth0
2024-04-16 15:23:29,061 [8e2d0bf5-518a-47e5-8419-e7c08f9f86b4-dn-CertificateRenewerService] INFO  ozone.OzoneSecurityUtil (OzoneSecurityUtil.java:getValidInetsForCurrentHost(116)) - Adding ip:10.1.0.30,host:fv-az699-832.gws2011vpwuupmkks00dozwttg.bx.internal.cloudapp.net
2024-04-16 15:23:29,061 [8e2d0bf5-518a-47e5-8419-e7c08f9f86b4-dn-CertificateRenewerService] INFO  ozone.OzoneSecurityUtil (OzoneSecurityUtil.java:getValidInetsForCurrentHost(116)) - Adding ip:0:0:0:0:0:0:0:1%lo,host:localhost
2024-04-16 15:23:29,061 [8e2d0bf5-518a-47e5-8419-e7c08f9f86b4-dn-CertificateRenewerService] INFO  ozone.OzoneSecurityUtil (OzoneSecurityUtil.java:getValidInetsForCurrentHost(119)) - ip:127.0.0.1 not returned.
2024-04-16 15:23:29,062 [8e2d0bf5-518a-47e5-8419-e7c08f9f86b4-dn-CertificateRenewerService] ERROR client.DNCertificateClient (DefaultCertificateClient.java:run(1473)) - Failed to renew and store key and cert. Keep using existing certificates.
org.apache.hadoop.hdds.security.x509.exception.CertificateException: Error while signing and storing new certificates.
	at org.apache.hadoop.hdds.security.x509.certificate.client.DefaultCertificateClient.renewAndStoreKeyAndCertificate(DefaultCertificateClient.java:1155)
	at org.apache.hadoop.hdds.security.x509.certificate.client.DefaultCertificateClient$CertificateRenewerService.run(DefaultCertificateClient.java:1462)
	at java.util.concurrent.Executors$RunnableAdapter.call(Executors.java:511)
	at java.util.concurrent.FutureTask.runAndReset(FutureTask.java:308)
	at java.util.concurrent.ScheduledThreadPoolExecutor$ScheduledFutureTask.access$301(ScheduledThreadPoolExecutor.java:180)
	at java.util.concurrent.ScheduledThreadPoolExecutor$ScheduledFutureTask.run(ScheduledThreadPoolExecutor.java:294)
	at java.util.concurrent.ThreadPoolExecutor.runWorker(ThreadPoolExecutor.java:1149)
	at java.util.concurrent.ThreadPoolExecutor$Worker.run(ThreadPoolExecutor.java:624)
	at java.lang.Thread.run(Thread.java:750)
Caused by: java.lang.IllegalArgumentException: IP Address is invalid
	at org.bouncycastle.asn1.x509.GeneralName.<init>(Unknown Source)
	at org.apache.hadoop.hdds.security.x509.certificate.utils.CertificateSignRequest$Builder.addAltName(CertificateSignRequest.java:334)
	at org.apache.hadoop.hdds.security.x509.certificate.utils.CertificateSignRequest$Builder.addIpAddress(CertificateSignRequest.java:281)
	at org.apache.hadoop.hdds.security.x509.certificate.utils.CertificateSignRequest$Builder.lambda$addInetAddresses$0(CertificateSignRequest.java:306)
	at java.util.ArrayList.forEach(ArrayList.java:1259)
	at org.apache.hadoop.hdds.security.x509.certificate.utils.CertificateSignRequest$Builder.addInetAddresses(CertificateSignRequest.java:304)
	at org.apache.hadoop.hdds.security.x509.certificate.utils.CertificateSignRequest$Builder.addInetAddresses(CertificateSignRequest.java:292)
	at org.apache.hadoop.hdds.security.x509.certificate.client.DefaultCertificateClient.getCSRBuilder(DefaultCertificateClient.java:573)
	at org.apache.hadoop.hdds.security.x509.certificate.client.DNCertificateClient.getCSRBuilder(DNCertificateClient.java:75)
	at org.apache.hadoop.hdds.security.x509.certificate.client.DefaultCertificateClient.renewAndStoreKeyAndCertificate(DefaultCertificateClient.java:1150)
	... 8 more
2024-04-16 15:23:29,062 [8e2d0bf5-518a-47e5-8419-e7c08f9f86b4-dn-CertificateRenewerService] INFO  client.DNCertificateClient (DefaultCertificateClient.java:run(1457)) - Current certificate 180771 needs to be renewed remaining grace period PT0S. Forced renewal due to root ca rotation: false.
2024-04-16 15:23:29,247 [8e2d0bf5-518a-47e5-8419-e7c08f9f86b4-dn-CertificateRenewerService] INFO  ozone.OzoneSecurityUtil (OzoneSecurityUtil.java:getValidInetsForCurrentHost(116)) - Adding ip:fe80:0:0:0:20d:3aff:fe1b:d32f%eth0,host:fe80:0:0:0:20d:3aff:fe1b:d32f%eth0
2024-04-16 15:23:29,247 [8e2d0bf5-518a-47e5-8419-e7c08f9f86b4-dn-CertificateRenewerService] INFO  ozone.OzoneSecurityUtil (OzoneSecurityUtil.java:getValidInetsForCurrentHost(116)) - Adding ip:10.1.0.30,host:fv-az699-832.gws2011vpwuupmkks00dozwttg.bx.internal.cloudapp.net
2024-04-16 15:23:29,247 [8e2d0bf5-518a-47e5-8419-e7c08f9f86b4-dn-CertificateRenewerService] INFO  ozone.OzoneSecurityUtil (OzoneSecurityUtil.java:getValidInetsForCurrentHost(116)) - Adding ip:0:0:0:0:0:0:0:1%lo,host:localhost
2024-04-16 15:23:29,247 [8e2d0bf5-518a-47e5-8419-e7c08f9f86b4-dn-CertificateRenewerService] INFO  ozone.OzoneSecurityUtil (OzoneSecurityUtil.java:getValidInetsForCurrentHost(119)) - ip:127.0.0.1 not returned.
2024-04-16 15:23:29,247 [8e2d0bf5-518a-47e5-8419-e7c08f9f86b4-dn-CertificateRenewerService] ERROR client.DNCertificateClient (DefaultCertificateClient.java:run(1473)) - Failed to renew and store key and cert. Keep using existing certificates.
org.apache.hadoop.hdds.security.x509.exception.CertificateException: Error while signing and storing new certificates.
	at org.apache.hadoop.hdds.security.x509.certificate.client.DefaultCertificateClient.renewAndStoreKeyAndCertificate(DefaultCertificateClient.java:1155)
	at org.apache.hadoop.hdds.security.x509.certificate.client.DefaultCertificateClient$CertificateRenewerService.run(DefaultCertificateClient.java:1462)
	at java.util.concurrent.Executors$RunnableAdapter.call(Executors.java:511)
	at java.util.concurrent.FutureTask.runAndReset(FutureTask.java:308)
	at java.util.concurrent.ScheduledThreadPoolExecutor$ScheduledFutureTask.access$301(ScheduledThreadPoolExecutor.java:180)
	at java.util.concurrent.ScheduledThreadPoolExecutor$ScheduledFutureTask.run(ScheduledThreadPoolExecutor.java:294)
	at java.util.concurrent.ThreadPoolExecutor.runWorker(ThreadPoolExecutor.java:1149)
	at java.util.concurrent.ThreadPoolExecutor$Worker.run(ThreadPoolExecutor.java:624)
	at java.lang.Thread.run(Thread.java:750)
Caused by: java.lang.IllegalArgumentException: IP Address is invalid
	at org.bouncycastle.asn1.x509.GeneralName.<init>(Unknown Source)
	at org.apache.hadoop.hdds.security.x509.certificate.utils.CertificateSignRequest$Builder.addAltName(CertificateSignRequest.java:334)
	at org.apache.hadoop.hdds.security.x509.certificate.utils.CertificateSignRequest$Builder.addIpAddress(CertificateSignRequest.java:281)
	at org.apache.hadoop.hdds.security.x509.certificate.utils.CertificateSignRequest$Builder.lambda$addInetAddresses$0(CertificateSignRequest.java:306)
	at java.util.ArrayList.forEach(ArrayList.java:1259)
	at org.apache.hadoop.hdds.security.x509.certificate.utils.CertificateSignRequest$Builder.addInetAddresses(CertificateSignRequest.java:304)
	at org.apache.hadoop.hdds.security.x509.certificate.utils.CertificateSignRequest$Builder.addInetAddresses(CertificateSignRequest.java:292)
	at org.apache.hadoop.hdds.security.x509.certificate.client.DefaultCertificateClient.getCSRBuilder(DefaultCertificateClient.java:573)
	at org.apache.hadoop.hdds.security.x509.certificate.client.DNCertificateClient.getCSRBuilder(DNCertificateClient.java:75)
	at org.apache.hadoop.hdds.security.x509.certificate.client.DefaultCertificateClient.renewAndStoreKeyAndCertificate(DefaultCertificateClient.java:1150)
	... 8 more
2024-04-16 15:23:30,661 [8e2d0bf5-518a-47e5-8419-e7c08f9f86b4-dn-CertificateRenewerService] INFO  client.DNCertificateClient (DefaultCertificateClient.java:run(1457)) - Current certificate 180771 needs to be renewed remaining grace period PT0S. Forced renewal due to root ca rotation: false.
2024-04-16 15:23:30,749 [8e2d0bf5-518a-47e5-8419-e7c08f9f86b4-dn-CertificateRenewerService] INFO  ozone.OzoneSecurityUtil (OzoneSecurityUtil.java:getValidInetsForCurrentHost(116)) - Adding ip:fe80:0:0:0:20d:3aff:fe1b:d32f%eth0,host:fe80:0:0:0:20d:3aff:fe1b:d32f%eth0
2024-04-16 15:23:30,750 [8e2d0bf5-518a-47e5-8419-e7c08f9f86b4-dn-CertificateRenewerService] INFO  ozone.OzoneSecurityUtil (OzoneSecurityUtil.java:getValidInetsForCurrentHost(116)) - Adding ip:10.1.0.30,host:fv-az699-832.gws2011vpwuupmkks00dozwttg.bx.internal.cloudapp.net
2024-04-16 15:23:30,750 [8e2d0bf5-518a-47e5-8419-e7c08f9f86b4-dn-CertificateRenewerService] INFO  ozone.OzoneSecurityUtil (OzoneSecurityUtil.java:getValidInetsForCurrentHost(116)) - Adding ip:0:0:0:0:0:0:0:1%lo,host:localhost
2024-04-16 15:23:30,750 [8e2d0bf5-518a-47e5-8419-e7c08f9f86b4-dn-CertificateRenewerService] INFO  ozone.OzoneSecurityUtil (OzoneSecurityUtil.java:getValidInetsForCurrentHost(119)) - ip:127.0.0.1 not returned.
2024-04-16 15:23:30,750 [8e2d0bf5-518a-47e5-8419-e7c08f9f86b4-dn-CertificateRenewerService] ERROR client.DNCertificateClient (DefaultCertificateClient.java:run(1473)) - Failed to renew and store key and cert. Keep using existing certificates.
org.apache.hadoop.hdds.security.x509.exception.CertificateException: Error while signing and storing new certificates.
	at org.apache.hadoop.hdds.security.x509.certificate.client.DefaultCertificateClient.renewAndStoreKeyAndCertificate(DefaultCertificateClient.java:1155)
	at org.apache.hadoop.hdds.security.x509.certificate.client.DefaultCertificateClient$CertificateRenewerService.run(DefaultCertificateClient.java:1462)
	at java.util.concurrent.Executors$RunnableAdapter.call(Executors.java:511)
	at java.util.concurrent.FutureTask.runAndReset(FutureTask.java:308)
	at java.util.concurrent.ScheduledThreadPoolExecutor$ScheduledFutureTask.access$301(ScheduledThreadPoolExecutor.java:180)
	at java.util.concurrent.ScheduledThreadPoolExecutor$ScheduledFutureTask.run(ScheduledThreadPoolExecutor.java:294)
	at java.util.concurrent.ThreadPoolExecutor.runWorker(ThreadPoolExecutor.java:1149)
	at java.util.concurrent.ThreadPoolExecutor$Worker.run(ThreadPoolExecutor.java:624)
	at java.lang.Thread.run(Thread.java:750)
Caused by: java.lang.IllegalArgumentException: IP Address is invalid
	at org.bouncycastle.asn1.x509.GeneralName.<init>(Unknown Source)
	at org.apache.hadoop.hdds.security.x509.certificate.utils.CertificateSignRequest$Builder.addAltName(CertificateSignRequest.java:334)
	at org.apache.hadoop.hdds.security.x509.certificate.utils.CertificateSignRequest$Builder.addIpAddress(CertificateSignRequest.java:281)
	at org.apache.hadoop.hdds.security.x509.certificate.utils.CertificateSignRequest$Builder.lambda$addInetAddresses$0(CertificateSignRequest.java:306)
	at java.util.ArrayList.forEach(ArrayList.java:1259)
	at org.apache.hadoop.hdds.security.x509.certificate.utils.CertificateSignRequest$Builder.addInetAddresses(CertificateSignRequest.java:304)
	at org.apache.hadoop.hdds.security.x509.certificate.utils.CertificateSignRequest$Builder.addInetAddresses(CertificateSignRequest.java:292)
	at org.apache.hadoop.hdds.security.x509.certificate.client.DefaultCertificateClient.getCSRBuilder(DefaultCertificateClient.java:573)
	at org.apache.hadoop.hdds.security.x509.certificate.client.DNCertificateClient.getCSRBuilder(DNCertificateClient.java:75)
	at org.apache.hadoop.hdds.security.x509.certificate.client.DefaultCertificateClient.renewAndStoreKeyAndCertificate(DefaultCertificateClient.java:1150)
	... 8 more
2024-04-16 15:23:30,751 [8e2d0bf5-518a-47e5-8419-e7c08f9f86b4-dn-CertificateRenewerService] INFO  client.DNCertificateClient (DefaultCertificateClient.java:run(1457)) - Current certificate 180771 needs to be renewed remaining grace period PT0S. Forced renewal due to root ca rotation: false.
2024-04-16 15:23:30,837 [8e2d0bf5-518a-47e5-8419-e7c08f9f86b4-dn-CertificateRenewerService] INFO  ozone.OzoneSecurityUtil (OzoneSecurityUtil.java:getValidInetsForCurrentHost(116)) - Adding ip:fe80:0:0:0:20d:3aff:fe1b:d32f%eth0,host:fe80:0:0:0:20d:3aff:fe1b:d32f%eth0
2024-04-16 15:23:30,838 [8e2d0bf5-518a-47e5-8419-e7c08f9f86b4-dn-CertificateRenewerService] INFO  ozone.OzoneSecurityUtil (OzoneSecurityUtil.java:getValidInetsForCurrentHost(116)) - Adding ip:10.1.0.30,host:fv-az699-832.gws2011vpwuupmkks00dozwttg.bx.internal.cloudapp.net
2024-04-16 15:23:30,838 [8e2d0bf5-518a-47e5-8419-e7c08f9f86b4-dn-CertificateRenewerService] INFO  ozone.OzoneSecurityUtil (OzoneSecurityUtil.java:getValidInetsForCurrentHost(116)) - Adding ip:0:0:0:0:0:0:0:1%lo,host:localhost
2024-04-16 15:23:30,838 [8e2d0bf5-518a-47e5-8419-e7c08f9f86b4-dn-CertificateRenewerService] INFO  ozone.OzoneSecurityUtil (OzoneSecurityUtil.java:getValidInetsForCurrentHost(119)) - ip:127.0.0.1 not returned.
2024-04-16 15:23:30,838 [8e2d0bf5-518a-47e5-8419-e7c08f9f86b4-dn-CertificateRenewerService] ERROR client.DNCertificateClient (DefaultCertificateClient.java:run(1473)) - Failed to renew and store key and cert. Keep using existing certificates.
org.apache.hadoop.hdds.security.x509.exception.CertificateException: Error while signing and storing new certificates.
	at org.apache.hadoop.hdds.security.x509.certificate.client.DefaultCertificateClient.renewAndStoreKeyAndCertificate(DefaultCertificateClient.java:1155)
	at org.apache.hadoop.hdds.security.x509.certificate.client.DefaultCertificateClient$CertificateRenewerService.run(DefaultCertificateClient.java:1462)
	at java.util.concurrent.Executors$RunnableAdapter.call(Executors.java:511)
	at java.util.concurrent.FutureTask.runAndReset(FutureTask.java:308)
	at java.util.concurrent.ScheduledThreadPoolExecutor$ScheduledFutureTask.access$301(ScheduledThreadPoolExecutor.java:180)
	at java.util.concurrent.ScheduledThreadPoolExecutor$ScheduledFutureTask.run(ScheduledThreadPoolExecutor.java:294)
	at java.util.concurrent.ThreadPoolExecutor.runWorker(ThreadPoolExecutor.java:1149)
	at java.util.concurrent.ThreadPoolExecutor$Worker.run(ThreadPoolExecutor.java:624)
	at java.lang.Thread.run(Thread.java:750)
Caused by: java.lang.IllegalArgumentException: IP Address is invalid
	at org.bouncycastle.asn1.x509.GeneralName.<init>(Unknown Source)
	at org.apache.hadoop.hdds.security.x509.certificate.utils.CertificateSignRequest$Builder.addAltName(CertificateSignRequest.java:334)
	at org.apache.hadoop.hdds.security.x509.certificate.utils.CertificateSignRequest$Builder.addIpAddress(CertificateSignRequest.java:281)
	at org.apache.hadoop.hdds.security.x509.certificate.utils.CertificateSignRequest$Builder.lambda$addInetAddresses$0(CertificateSignRequest.java:306)
	at java.util.ArrayList.forEach(ArrayList.java:1259)
	at org.apache.hadoop.hdds.security.x509.certificate.utils.CertificateSignRequest$Builder.addInetAddresses(CertificateSignRequest.java:304)
	at org.apache.hadoop.hdds.security.x509.certificate.utils.CertificateSignRequest$Builder.addInetAddresses(CertificateSignRequest.java:292)
	at org.apache.hadoop.hdds.security.x509.certificate.client.DefaultCertificateClient.getCSRBuilder(DefaultCertificateClient.java:573)
	at org.apache.hadoop.hdds.security.x509.certificate.client.DNCertificateClient.getCSRBuilder(DNCertificateClient.java:75)
	at org.apache.hadoop.hdds.security.x509.certificate.client.DefaultCertificateClient.renewAndStoreKeyAndCertificate(DefaultCertificateClient.java:1150)
	... 8 more
2024-04-16 15:23:32,327 [8e2d0bf5-518a-47e5-8419-e7c08f9f86b4-dn-CertificateRenewerService] INFO  client.DNCertificateClient (DefaultCertificateClient.java:run(1457)) - Current certificate 180771 needs to be renewed remaining grace period PT0S. Forced renewal due to root ca rotation: false.
2024-04-16 15:23:32,475 [8e2d0bf5-518a-47e5-8419-e7c08f9f86b4-dn-CertificateRenewerService] INFO  ozone.OzoneSecurityUtil (OzoneSecurityUtil.java:getValidInetsForCurrentHost(116)) - Adding ip:fe80:0:0:0:20d:3aff:fe1b:d32f%eth0,host:fe80:0:0:0:20d:3aff:fe1b:d32f%eth0
2024-04-16 15:23:32,475 [8e2d0bf5-518a-47e5-8419-e7c08f9f86b4-dn-CertificateRenewerService] INFO  ozone.OzoneSecurityUtil (OzoneSecurityUtil.java:getValidInetsForCurrentHost(116)) - Adding ip:10.1.0.30,host:fv-az699-832.gws2011vpwuupmkks00dozwttg.bx.internal.cloudapp.net
2024-04-16 15:23:32,475 [8e2d0bf5-518a-47e5-8419-e7c08f9f86b4-dn-CertificateRenewerService] INFO  ozone.OzoneSecurityUtil (OzoneSecurityUtil.java:getValidInetsForCurrentHost(116)) - Adding ip:0:0:0:0:0:0:0:1%lo,host:localhost
2024-04-16 15:23:32,475 [8e2d0bf5-518a-47e5-8419-e7c08f9f86b4-dn-CertificateRenewerService] INFO  ozone.OzoneSecurityUtil (OzoneSecurityUtil.java:getValidInetsForCurrentHost(119)) - ip:127.0.0.1 not returned.
2024-04-16 15:23:32,475 [8e2d0bf5-518a-47e5-8419-e7c08f9f86b4-dn-CertificateRenewerService] ERROR client.DNCertificateClient (DefaultCertificateClient.java:run(1473)) - Failed to renew and store key and cert. Keep using existing certificates.
org.apache.hadoop.hdds.security.x509.exception.CertificateException: Error while signing and storing new certificates.
	at org.apache.hadoop.hdds.security.x509.certificate.client.DefaultCertificateClient.renewAndStoreKeyAndCertificate(DefaultCertificateClient.java:1155)
	at org.apache.hadoop.hdds.security.x509.certificate.client.DefaultCertificateClient$CertificateRenewerService.run(DefaultCertificateClient.java:1462)
	at java.util.concurrent.Executors$RunnableAdapter.call(Executors.java:511)
	at java.util.concurrent.FutureTask.runAndReset(FutureTask.java:308)
	at java.util.concurrent.ScheduledThreadPoolExecutor$ScheduledFutureTask.access$301(ScheduledThreadPoolExecutor.java:180)
	at java.util.concurrent.ScheduledThreadPoolExecutor$ScheduledFutureTask.run(ScheduledThreadPoolExecutor.java:294)
	at java.util.concurrent.ThreadPoolExecutor.runWorker(ThreadPoolExecutor.java:1149)
	at java.util.concurrent.ThreadPoolExecutor$Worker.run(ThreadPoolExecutor.java:624)
	at java.lang.Thread.run(Thread.java:750)
Caused by: java.lang.IllegalArgumentException: IP Address is invalid
	at org.bouncycastle.asn1.x509.GeneralName.<init>(Unknown Source)
	at org.apache.hadoop.hdds.security.x509.certificate.utils.CertificateSignRequest$Builder.addAltName(CertificateSignRequest.java:334)
	at org.apache.hadoop.hdds.security.x509.certificate.utils.CertificateSignRequest$Builder.addIpAddress(CertificateSignRequest.java:281)
	at org.apache.hadoop.hdds.security.x509.certificate.utils.CertificateSignRequest$Builder.lambda$addInetAddresses$0(CertificateSignRequest.java:306)
	at java.util.ArrayList.forEach(ArrayList.java:1259)
	at org.apache.hadoop.hdds.security.x509.certificate.utils.CertificateSignRequest$Builder.addInetAddresses(CertificateSignRequest.java:304)
	at org.apache.hadoop.hdds.security.x509.certificate.utils.CertificateSignRequest$Builder.addInetAddresses(CertificateSignRequest.java:292)
	at org.apache.hadoop.hdds.security.x509.certificate.client.DefaultCertificateClient.getCSRBuilder(DefaultCertificateClient.java:573)
	at org.apache.hadoop.hdds.security.x509.certificate.client.DNCertificateClient.getCSRBuilder(DNCertificateClient.java:75)
	at org.apache.hadoop.hdds.security.x509.certificate.client.DefaultCertificateClient.renewAndStoreKeyAndCertificate(DefaultCertificateClient.java:1150)
	... 8 more
2024-04-16 15:23:32,476 [8e2d0bf5-518a-47e5-8419-e7c08f9f86b4-dn-CertificateRenewerService] INFO  client.DNCertificateClient (DefaultCertificateClient.java:run(1457)) - Current certificate 180771 needs to be renewed remaining grace period PT0S. Forced renewal due to root ca rotation: false.
2024-04-16 15:23:32,556 [8e2d0bf5-518a-47e5-8419-e7c08f9f86b4-dn-CertificateRenewerService] INFO  ozone.OzoneSecurityUtil (OzoneSecurityUtil.java:getValidInetsForCurrentHost(116)) - Adding ip:fe80:0:0:0:20d:3aff:fe1b:d32f%eth0,host:fe80:0:0:0:20d:3aff:fe1b:d32f%eth0
2024-04-16 15:23:32,556 [8e2d0bf5-518a-47e5-8419-e7c08f9f86b4-dn-CertificateRenewerService] INFO  ozone.OzoneSecurityUtil (OzoneSecurityUtil.java:getValidInetsForCurrentHost(116)) - Adding ip:10.1.0.30,host:fv-az699-832.gws2011vpwuupmkks00dozwttg.bx.internal.cloudapp.net
2024-04-16 15:23:32,556 [8e2d0bf5-518a-47e5-8419-e7c08f9f86b4-dn-CertificateRenewerService] INFO  ozone.OzoneSecurityUtil (OzoneSecurityUtil.java:getValidInetsForCurrentHost(116)) - Adding ip:0:0:0:0:0:0:0:1%lo,host:localhost
2024-04-16 15:23:32,557 [8e2d0bf5-518a-47e5-8419-e7c08f9f86b4-dn-CertificateRenewerService] INFO  ozone.OzoneSecurityUtil (OzoneSecurityUtil.java:getValidInetsForCurrentHost(119)) - ip:127.0.0.1 not returned.
2024-04-16 15:23:32,557 [8e2d0bf5-518a-47e5-8419-e7c08f9f86b4-dn-CertificateRenewerService] ERROR client.DNCertificateClient (DefaultCertificateClient.java:run(1473)) - Failed to renew and store key and cert. Keep using existing certificates.
org.apache.hadoop.hdds.security.x509.exception.CertificateException: Error while signing and storing new certificates.
	at org.apache.hadoop.hdds.security.x509.certificate.client.DefaultCertificateClient.renewAndStoreKeyAndCertificate(DefaultCertificateClient.java:1155)
	at org.apache.hadoop.hdds.security.x509.certificate.client.DefaultCertificateClient$CertificateRenewerService.run(DefaultCertificateClient.java:1462)
	at java.util.concurrent.Executors$RunnableAdapter.call(Executors.java:511)
	at java.util.concurrent.FutureTask.runAndReset(FutureTask.java:308)
	at java.util.concurrent.ScheduledThreadPoolExecutor$ScheduledFutureTask.access$301(ScheduledThreadPoolExecutor.java:180)
	at java.util.concurrent.ScheduledThreadPoolExecutor$ScheduledFutureTask.run(ScheduledThreadPoolExecutor.java:294)
	at java.util.concurrent.ThreadPoolExecutor.runWorker(ThreadPoolExecutor.java:1149)
	at java.util.concurrent.ThreadPoolExecutor$Worker.run(ThreadPoolExecutor.java:624)
	at java.lang.Thread.run(Thread.java:750)
Caused by: java.lang.IllegalArgumentException: IP Address is invalid
	at org.bouncycastle.asn1.x509.GeneralName.<init>(Unknown Source)
	at org.apache.hadoop.hdds.security.x509.certificate.utils.CertificateSignRequest$Builder.addAltName(CertificateSignRequest.java:334)
	at org.apache.hadoop.hdds.security.x509.certificate.utils.CertificateSignRequest$Builder.addIpAddress(CertificateSignRequest.java:281)
	at org.apache.hadoop.hdds.security.x509.certificate.utils.CertificateSignRequest$Builder.lambda$addInetAddresses$0(CertificateSignRequest.java:306)
	at java.util.ArrayList.forEach(ArrayList.java:1259)
	at org.apache.hadoop.hdds.security.x509.certificate.utils.CertificateSignRequest$Builder.addInetAddresses(CertificateSignRequest.java:304)
	at org.apache.hadoop.hdds.security.x509.certificate.utils.CertificateSignRequest$Builder.addInetAddresses(CertificateSignRequest.java:292)
	at org.apache.hadoop.hdds.security.x509.certificate.client.DefaultCertificateClient.getCSRBuilder(DefaultCertificateClient.java:573)
	at org.apache.hadoop.hdds.security.x509.certificate.client.DNCertificateClient.getCSRBuilder(DNCertificateClient.java:75)
	at org.apache.hadoop.hdds.security.x509.certificate.client.DefaultCertificateClient.renewAndStoreKeyAndCertificate(DefaultCertificateClient.java:1150)
	... 8 more
2024-04-16 15:23:33,993 [8e2d0bf5-518a-47e5-8419-e7c08f9f86b4-dn-CertificateRenewerService] INFO  client.DNCertificateClient (DefaultCertificateClient.java:run(1457)) - Current certificate 180771 needs to be renewed remaining grace period PT0S. Forced renewal due to root ca rotation: false.
2024-04-16 15:23:34,224 [8e2d0bf5-518a-47e5-8419-e7c08f9f86b4-dn-CertificateRenewerService] INFO  ozone.OzoneSecurityUtil (OzoneSecurityUtil.java:getValidInetsForCurrentHost(116)) - Adding ip:fe80:0:0:0:20d:3aff:fe1b:d32f%eth0,host:fe80:0:0:0:20d:3aff:fe1b:d32f%eth0
2024-04-16 15:23:34,224 [8e2d0bf5-518a-47e5-8419-e7c08f9f86b4-dn-CertificateRenewerService] INFO  ozone.OzoneSecurityUtil (OzoneSecurityUtil.java:getValidInetsForCurrentHost(116)) - Adding ip:10.1.0.30,host:fv-az699-832.gws2011vpwuupmkks00dozwttg.bx.internal.cloudapp.net
2024-04-16 15:23:34,224 [8e2d0bf5-518a-47e5-8419-e7c08f9f86b4-dn-CertificateRenewerService] INFO  ozone.OzoneSecurityUtil (OzoneSecurityUtil.java:getValidInetsForCurrentHost(116)) - Adding ip:0:0:0:0:0:0:0:1%lo,host:localhost
2024-04-16 15:23:34,224 [8e2d0bf5-518a-47e5-8419-e7c08f9f86b4-dn-CertificateRenewerService] INFO  ozone.OzoneSecurityUtil (OzoneSecurityUtil.java:getValidInetsForCurrentHost(119)) - ip:127.0.0.1 not returned.
2024-04-16 15:23:34,225 [8e2d0bf5-518a-47e5-8419-e7c08f9f86b4-dn-CertificateRenewerService] ERROR client.DNCertificateClient (DefaultCertificateClient.java:run(1473)) - Failed to renew and store key and cert. Keep using existing certificates.
org.apache.hadoop.hdds.security.x509.exception.CertificateException: Error while signing and storing new certificates.
	at org.apache.hadoop.hdds.security.x509.certificate.client.DefaultCertificateClient.renewAndStoreKeyAndCertificate(DefaultCertificateClient.java:1155)
	at org.apache.hadoop.hdds.security.x509.certificate.client.DefaultCertificateClient$CertificateRenewerService.run(DefaultCertificateClient.java:1462)
	at java.util.concurrent.Executors$RunnableAdapter.call(Executors.java:511)
	at java.util.concurrent.FutureTask.runAndReset(FutureTask.java:308)
	at java.util.concurrent.ScheduledThreadPoolExecutor$ScheduledFutureTask.access$301(ScheduledThreadPoolExecutor.java:180)
	at java.util.concurrent.ScheduledThreadPoolExecutor$ScheduledFutureTask.run(ScheduledThreadPoolExecutor.java:294)
	at java.util.concurrent.ThreadPoolExecutor.runWorker(ThreadPoolExecutor.java:1149)
	at java.util.concurrent.ThreadPoolExecutor$Worker.run(ThreadPoolExecutor.java:624)
	at java.lang.Thread.run(Thread.java:750)
Caused by: java.lang.IllegalArgumentException: IP Address is invalid
	at org.bouncycastle.asn1.x509.GeneralName.<init>(Unknown Source)
	at org.apache.hadoop.hdds.security.x509.certificate.utils.CertificateSignRequest$Builder.addAltName(CertificateSignRequest.java:334)
	at org.apache.hadoop.hdds.security.x509.certificate.utils.CertificateSignRequest$Builder.addIpAddress(CertificateSignRequest.java:281)
	at org.apache.hadoop.hdds.security.x509.certificate.utils.CertificateSignRequest$Builder.lambda$addInetAddresses$0(CertificateSignRequest.java:306)
	at java.util.ArrayList.forEach(ArrayList.java:1259)
	at org.apache.hadoop.hdds.security.x509.certificate.utils.CertificateSignRequest$Builder.addInetAddresses(CertificateSignRequest.java:304)
	at org.apache.hadoop.hdds.security.x509.certificate.utils.CertificateSignRequest$Builder.addInetAddresses(CertificateSignRequest.java:292)
	at org.apache.hadoop.hdds.security.x509.certificate.client.DefaultCertificateClient.getCSRBuilder(DefaultCertificateClient.java:573)
	at org.apache.hadoop.hdds.security.x509.certificate.client.DNCertificateClient.getCSRBuilder(DNCertificateClient.java:75)
	at org.apache.hadoop.hdds.security.x509.certificate.client.DefaultCertificateClient.renewAndStoreKeyAndCertificate(DefaultCertificateClient.java:1150)
	... 8 more
2024-04-16 15:23:34,225 [8e2d0bf5-518a-47e5-8419-e7c08f9f86b4-dn-CertificateRenewerService] INFO  client.DNCertificateClient (DefaultCertificateClient.java:run(1457)) - Current certificate 180771 needs to be renewed remaining grace period PT0S. Forced renewal due to root ca rotation: false.
2024-04-16 15:23:34,371 [8e2d0bf5-518a-47e5-8419-e7c08f9f86b4-dn-CertificateRenewerService] INFO  ozone.OzoneSecurityUtil (OzoneSecurityUtil.java:getValidInetsForCurrentHost(116)) - Adding ip:fe80:0:0:0:20d:3aff:fe1b:d32f%eth0,host:fe80:0:0:0:20d:3aff:fe1b:d32f%eth0
2024-04-16 15:23:34,371 [8e2d0bf5-518a-47e5-8419-e7c08f9f86b4-dn-CertificateRenewerService] INFO  ozone.OzoneSecurityUtil (OzoneSecurityUtil.java:getValidInetsForCurrentHost(116)) - Adding ip:10.1.0.30,host:fv-az699-832.gws2011vpwuupmkks00dozwttg.bx.internal.cloudapp.net
2024-04-16 15:23:34,371 [8e2d0bf5-518a-47e5-8419-e7c08f9f86b4-dn-CertificateRenewerService] INFO  ozone.OzoneSecurityUtil (OzoneSecurityUtil.java:getValidInetsForCurrentHost(116)) - Adding ip:0:0:0:0:0:0:0:1%lo,host:localhost
2024-04-16 15:23:34,372 [8e2d0bf5-518a-47e5-8419-e7c08f9f86b4-dn-CertificateRenewerService] INFO  ozone.OzoneSecurityUtil (OzoneSecurityUtil.java:getValidInetsForCurrentHost(119)) - ip:127.0.0.1 not returned.
2024-04-16 15:23:34,372 [8e2d0bf5-518a-47e5-8419-e7c08f9f86b4-dn-CertificateRenewerService] ERROR client.DNCertificateClient (DefaultCertificateClient.java:run(1473)) - Failed to renew and store key and cert. Keep using existing certificates.
org.apache.hadoop.hdds.security.x509.exception.CertificateException: Error while signing and storing new certificates.
	at org.apache.hadoop.hdds.security.x509.certificate.client.DefaultCertificateClient.renewAndStoreKeyAndCertificate(DefaultCertificateClient.java:1155)
	at org.apache.hadoop.hdds.security.x509.certificate.client.DefaultCertificateClient$CertificateRenewerService.run(DefaultCertificateClient.java:1462)
	at java.util.concurrent.Executors$RunnableAdapter.call(Executors.java:511)
	at java.util.concurrent.FutureTask.runAndReset(FutureTask.java:308)
	at java.util.concurrent.ScheduledThreadPoolExecutor$ScheduledFutureTask.access$301(ScheduledThreadPoolExecutor.java:180)
	at java.util.concurrent.ScheduledThreadPoolExecutor$ScheduledFutureTask.run(ScheduledThreadPoolExecutor.java:294)
	at java.util.concurrent.ThreadPoolExecutor.runWorker(ThreadPoolExecutor.java:1149)
	at java.util.concurrent.ThreadPoolExecutor$Worker.run(ThreadPoolExecutor.java:624)
	at java.lang.Thread.run(Thread.java:750)
Caused by: java.lang.IllegalArgumentException: IP Address is invalid
	at org.bouncycastle.asn1.x509.GeneralName.<init>(Unknown Source)
	at org.apache.hadoop.hdds.security.x509.certificate.utils.CertificateSignRequest$Builder.addAltName(CertificateSignRequest.java:334)
	at org.apache.hadoop.hdds.security.x509.certificate.utils.CertificateSignRequest$Builder.addIpAddress(CertificateSignRequest.java:281)
	at org.apache.hadoop.hdds.security.x509.certificate.utils.CertificateSignRequest$Builder.lambda$addInetAddresses$0(CertificateSignRequest.java:306)
	at java.util.ArrayList.forEach(ArrayList.java:1259)
	at org.apache.hadoop.hdds.security.x509.certificate.utils.CertificateSignRequest$Builder.addInetAddresses(CertificateSignRequest.java:304)
	at org.apache.hadoop.hdds.security.x509.certificate.utils.CertificateSignRequest$Builder.addInetAddresses(CertificateSignRequest.java:292)
	at org.apache.hadoop.hdds.security.x509.certificate.client.DefaultCertificateClient.getCSRBuilder(DefaultCertificateClient.java:573)
	at org.apache.hadoop.hdds.security.x509.certificate.client.DNCertificateClient.getCSRBuilder(DNCertificateClient.java:75)
	at org.apache.hadoop.hdds.security.x509.certificate.client.DefaultCertificateClient.renewAndStoreKeyAndCertificate(DefaultCertificateClient.java:1150)
	... 8 more
]]></system-out>
      <system-err><![CDATA[java.lang.RuntimeException: Fail to authentication when starting HDDS datanode plugin
	at org.apache.hadoop.ozone.HddsDatanodeService.start(HddsDatanodeService.java:346)
	at org.apache.hadoop.ozone.HddsDatanodeService.start(HddsDatanodeService.java:213)
	at org.apache.hadoop.ozone.TestHddsSecureDatanodeInit.lambda$setUp$0(TestHddsSecureDatanodeInit.java:123)
	at org.apache.hadoop.ozone.TestHddsSecureDatanodeInit.callQuietly(TestHddsSecureDatanodeInit.java:310)
	at org.apache.hadoop.ozone.TestHddsSecureDatanodeInit.setUp(TestHddsSecureDatanodeInit.java:122)
	at sun.reflect.NativeMethodAccessorImpl.invoke0(Native Method)
	at sun.reflect.NativeMethodAccessorImpl.invoke(NativeMethodAccessorImpl.java:62)
	at sun.reflect.DelegatingMethodAccessorImpl.invoke(DelegatingMethodAccessorImpl.java:43)
	at java.lang.reflect.Method.invoke(Method.java:498)
	at org.junit.platform.commons.util.ReflectionUtils.invokeMethod(ReflectionUtils.java:728)
	at org.junit.jupiter.engine.execution.MethodInvocation.proceed(MethodInvocation.java:60)
	at org.junit.jupiter.engine.execution.InvocationInterceptorChain$ValidatingInvocation.proceed(InvocationInterceptorChain.java:131)
	at org.junit.jupiter.engine.extension.TimeoutExtension.intercept(TimeoutExtension.java:156)
	at org.junit.jupiter.engine.extension.TimeoutExtension.interceptLifecycleMethod(TimeoutExtension.java:128)
	at org.junit.jupiter.engine.extension.TimeoutExtension.interceptBeforeAllMethod(TimeoutExtension.java:70)
	at org.junit.jupiter.engine.execution.InterceptingExecutableInvoker$ReflectiveInterceptorCall.lambda$ofVoidMethod$0(InterceptingExecutableInvoker.java:103)
	at org.junit.jupiter.engine.execution.InterceptingExecutableInvoker.lambda$invoke$0(InterceptingExecutableInvoker.java:93)
	at org.junit.jupiter.engine.execution.InvocationInterceptorChain$InterceptedInvocation.proceed(InvocationInterceptorChain.java:106)
	at org.junit.jupiter.engine.execution.InvocationInterceptorChain.proceed(InvocationInterceptorChain.java:64)
	at org.junit.jupiter.engine.execution.InvocationInterceptorChain.chainAndInvoke(InvocationInterceptorChain.java:45)
	at org.junit.jupiter.engine.execution.InvocationInterceptorChain.invoke(InvocationInterceptorChain.java:37)
	at org.junit.jupiter.engine.execution.InterceptingExecutableInvoker.invoke(InterceptingExecutableInvoker.java:92)
	at org.junit.jupiter.engine.execution.InterceptingExecutableInvoker.invoke(InterceptingExecutableInvoker.java:86)
	at org.junit.jupiter.engine.descriptor.ClassBasedTestDescriptor.lambda$invokeBeforeAllMethods$13(ClassBasedTestDescriptor.java:412)
	at org.junit.platform.engine.support.hierarchical.ThrowableCollector.execute(ThrowableCollector.java:73)
	at org.junit.jupiter.engine.descriptor.ClassBasedTestDescriptor.invokeBeforeAllMethods(ClassBasedTestDescriptor.java:410)
	at org.junit.jupiter.engine.descriptor.ClassBasedTestDescriptor.before(ClassBasedTestDescriptor.java:216)
	at org.junit.jupiter.engine.descriptor.ClassBasedTestDescriptor.before(ClassBasedTestDescriptor.java:85)
	at org.junit.platform.engine.support.hierarchical.NodeTestTask.lambda$executeRecursively$6(NodeTestTask.java:148)
	at org.junit.platform.engine.support.hierarchical.ThrowableCollector.execute(ThrowableCollector.java:73)
	at org.junit.platform.engine.support.hierarchical.NodeTestTask.lambda$executeRecursively$8(NodeTestTask.java:141)
	at org.junit.platform.engine.support.hierarchical.Node.around(Node.java:137)
	at org.junit.platform.engine.support.hierarchical.NodeTestTask.lambda$executeRecursively$9(NodeTestTask.java:139)
	at org.junit.platform.engine.support.hierarchical.ThrowableCollector.execute(ThrowableCollector.java:73)
	at org.junit.platform.engine.support.hierarchical.NodeTestTask.executeRecursively(NodeTestTask.java:138)
	at org.junit.platform.engine.support.hierarchical.NodeTestTask.execute(NodeTestTask.java:95)
	at java.util.ArrayList.forEach(ArrayList.java:1259)
	at org.junit.platform.engine.support.hierarchical.SameThreadHierarchicalTestExecutorService.invokeAll(SameThreadHierarchicalTestExecutorService.java:41)
	at org.junit.platform.engine.support.hierarchical.NodeTestTask.lambda$executeRecursively$6(NodeTestTask.java:155)
	at org.junit.platform.engine.support.hierarchical.ThrowableCollector.execute(ThrowableCollector.java:73)
	at org.junit.platform.engine.support.hierarchical.NodeTestTask.lambda$executeRecursively$8(NodeTestTask.java:141)
	at org.junit.platform.engine.support.hierarchical.Node.around(Node.java:137)
	at org.junit.platform.engine.support.hierarchical.NodeTestTask.lambda$executeRecursively$9(NodeTestTask.java:139)
	at org.junit.platform.engine.support.hierarchical.ThrowableCollector.execute(ThrowableCollector.java:73)
	at org.junit.platform.engine.support.hierarchical.NodeTestTask.executeRecursively(NodeTestTask.java:138)
	at org.junit.platform.engine.support.hierarchical.NodeTestTask.execute(NodeTestTask.java:95)
	at org.junit.platform.engine.support.hierarchical.SameThreadHierarchicalTestExecutorService.submit(SameThreadHierarchicalTestExecutorService.java:35)
	at org.junit.platform.engine.support.hierarchical.HierarchicalTestExecutor.execute(HierarchicalTestExecutor.java:57)
	at org.junit.platform.engine.support.hierarchical.HierarchicalTestEngine.execute(HierarchicalTestEngine.java:54)
	at org.junit.platform.launcher.core.EngineExecutionOrchestrator.execute(EngineExecutionOrchestrator.java:198)
	at org.junit.platform.launcher.core.EngineExecutionOrchestrator.execute(EngineExecutionOrchestrator.java:169)
	at org.junit.platform.launcher.core.EngineExecutionOrchestrator.execute(EngineExecutionOrchestrator.java:93)
	at org.junit.platform.launcher.core.EngineExecutionOrchestrator.lambda$execute$0(EngineExecutionOrchestrator.java:58)
	at org.junit.platform.launcher.core.EngineExecutionOrchestrator.withInterceptedStreams(EngineExecutionOrchestrator.java:141)
	at org.junit.platform.launcher.core.EngineExecutionOrchestrator.execute(EngineExecutionOrchestrator.java:57)
	at org.junit.platform.launcher.core.DefaultLauncher.execute(DefaultLauncher.java:103)
	at org.junit.platform.launcher.core.DefaultLauncher.execute(DefaultLauncher.java:85)
	at org.junit.platform.launcher.core.DelegatingLauncher.execute(DelegatingLauncher.java:47)
	at org.junit.platform.launcher.core.SessionPerRequestLauncher.execute(SessionPerRequestLauncher.java:63)
	at org.apache.maven.surefire.junitplatform.JUnitPlatformProvider.invokeAllTests(JUnitPlatformProvider.java:165)
	at org.apache.maven.surefire.junitplatform.JUnitPlatformProvider.invoke(JUnitPlatformProvider.java:123)
	at org.apache.maven.surefire.booter.ForkedBooter.runSuitesInProcess(ForkedBooter.java:377)
	at org.apache.maven.surefire.booter.ForkedBooter.execute(ForkedBooter.java:138)
	at org.apache.maven.surefire.booter.ForkedBooter.run(ForkedBooter.java:465)
	at org.apache.maven.surefire.booter.ForkedBooter.main(ForkedBooter.java:451)
Caused by: org.apache.hadoop.security.authentication.client.AuthenticationException: SIMPLE authentication method not supported. Datanode user login failed.
	at org.apache.hadoop.ozone.HddsDatanodeService.start(HddsDatanodeService.java:263)
	... 64 more
java.lang.IllegalArgumentException: IP Address is invalid
	at org.bouncycastle.asn1.x509.GeneralName.<init>(Unknown Source)
	at org.apache.hadoop.hdds.security.x509.certificate.utils.CertificateSignRequest$Builder.addAltName(CertificateSignRequest.java:334)
	at org.apache.hadoop.hdds.security.x509.certificate.utils.CertificateSignRequest$Builder.addIpAddress(CertificateSignRequest.java:281)
	at org.apache.hadoop.hdds.security.x509.certificate.utils.CertificateSignRequest$Builder.lambda$addInetAddresses$0(CertificateSignRequest.java:306)
	at java.util.ArrayList.forEach(ArrayList.java:1259)
	at org.apache.hadoop.hdds.security.x509.certificate.utils.CertificateSignRequest$Builder.addInetAddresses(CertificateSignRequest.java:304)
	at org.apache.hadoop.hdds.security.x509.certificate.utils.CertificateSignRequest$Builder.addInetAddresses(CertificateSignRequest.java:292)
	at org.apache.hadoop.hdds.security.x509.certificate.client.DefaultCertificateClient.getCSRBuilder(DefaultCertificateClient.java:573)
	at org.apache.hadoop.hdds.security.x509.certificate.client.DNCertificateClient.getCSRBuilder(DNCertificateClient.java:75)
	at org.apache.hadoop.hdds.security.x509.certificate.client.DefaultCertificateClient.recoverStateIfNeeded(DefaultCertificateClient.java:806)
	at org.apache.hadoop.hdds.security.x509.certificate.client.DefaultCertificateClient.initWithRecovery(DefaultCertificateClient.java:701)
	at org.apache.hadoop.ozone.HddsDatanodeService.initializeCertificateClient(HddsDatanodeService.java:398)
	at org.apache.hadoop.ozone.TestHddsSecureDatanodeInit.lambda$setUp$1(TestHddsSecureDatanodeInit.java:127)
	at org.apache.hadoop.ozone.TestHddsSecureDatanodeInit.callQuietly(TestHddsSecureDatanodeInit.java:310)
	at org.apache.hadoop.ozone.TestHddsSecureDatanodeInit.setUp(TestHddsSecureDatanodeInit.java:126)
	at sun.reflect.NativeMethodAccessorImpl.invoke0(Native Method)
	at sun.reflect.NativeMethodAccessorImpl.invoke(NativeMethodAccessorImpl.java:62)
	at sun.reflect.DelegatingMethodAccessorImpl.invoke(DelegatingMethodAccessorImpl.java:43)
	at java.lang.reflect.Method.invoke(Method.java:498)
	at org.junit.platform.commons.util.ReflectionUtils.invokeMethod(ReflectionUtils.java:728)
	at org.junit.jupiter.engine.execution.MethodInvocation.proceed(MethodInvocation.java:60)
	at org.junit.jupiter.engine.execution.InvocationInterceptorChain$ValidatingInvocation.proceed(InvocationInterceptorChain.java:131)
	at org.junit.jupiter.engine.extension.TimeoutExtension.intercept(TimeoutExtension.java:156)
	at org.junit.jupiter.engine.extension.TimeoutExtension.interceptLifecycleMethod(TimeoutExtension.java:128)
	at org.junit.jupiter.engine.extension.TimeoutExtension.interceptBeforeAllMethod(TimeoutExtension.java:70)
	at org.junit.jupiter.engine.execution.InterceptingExecutableInvoker$ReflectiveInterceptorCall.lambda$ofVoidMethod$0(InterceptingExecutableInvoker.java:103)
	at org.junit.jupiter.engine.execution.InterceptingExecutableInvoker.lambda$invoke$0(InterceptingExecutableInvoker.java:93)
	at org.junit.jupiter.engine.execution.InvocationInterceptorChain$InterceptedInvocation.proceed(InvocationInterceptorChain.java:106)
	at org.junit.jupiter.engine.execution.InvocationInterceptorChain.proceed(InvocationInterceptorChain.java:64)
	at org.junit.jupiter.engine.execution.InvocationInterceptorChain.chainAndInvoke(InvocationInterceptorChain.java:45)
	at org.junit.jupiter.engine.execution.InvocationInterceptorChain.invoke(InvocationInterceptorChain.java:37)
	at org.junit.jupiter.engine.execution.InterceptingExecutableInvoker.invoke(InterceptingExecutableInvoker.java:92)
	at org.junit.jupiter.engine.execution.InterceptingExecutableInvoker.invoke(InterceptingExecutableInvoker.java:86)
	at org.junit.jupiter.engine.descriptor.ClassBasedTestDescriptor.lambda$invokeBeforeAllMethods$13(ClassBasedTestDescriptor.java:412)
	at org.junit.platform.engine.support.hierarchical.ThrowableCollector.execute(ThrowableCollector.java:73)
	at org.junit.jupiter.engine.descriptor.ClassBasedTestDescriptor.invokeBeforeAllMethods(ClassBasedTestDescriptor.java:410)
	at org.junit.jupiter.engine.descriptor.ClassBasedTestDescriptor.before(ClassBasedTestDescriptor.java:216)
	at org.junit.jupiter.engine.descriptor.ClassBasedTestDescriptor.before(ClassBasedTestDescriptor.java:85)
	at org.junit.platform.engine.support.hierarchical.NodeTestTask.lambda$executeRecursively$6(NodeTestTask.java:148)
	at org.junit.platform.engine.support.hierarchical.ThrowableCollector.execute(ThrowableCollector.java:73)
	at org.junit.platform.engine.support.hierarchical.NodeTestTask.lambda$executeRecursively$8(NodeTestTask.java:141)
	at org.junit.platform.engine.support.hierarchical.Node.around(Node.java:137)
	at org.junit.platform.engine.support.hierarchical.NodeTestTask.lambda$executeRecursively$9(NodeTestTask.java:139)
	at org.junit.platform.engine.support.hierarchical.ThrowableCollector.execute(ThrowableCollector.java:73)
	at org.junit.platform.engine.support.hierarchical.NodeTestTask.executeRecursively(NodeTestTask.java:138)
	at org.junit.platform.engine.support.hierarchical.NodeTestTask.execute(NodeTestTask.java:95)
	at java.util.ArrayList.forEach(ArrayList.java:1259)
	at org.junit.platform.engine.support.hierarchical.SameThreadHierarchicalTestExecutorService.invokeAll(SameThreadHierarchicalTestExecutorService.java:41)
	at org.junit.platform.engine.support.hierarchical.NodeTestTask.lambda$executeRecursively$6(NodeTestTask.java:155)
	at org.junit.platform.engine.support.hierarchical.ThrowableCollector.execute(ThrowableCollector.java:73)
	at org.junit.platform.engine.support.hierarchical.NodeTestTask.lambda$executeRecursively$8(NodeTestTask.java:141)
	at org.junit.platform.engine.support.hierarchical.Node.around(Node.java:137)
	at org.junit.platform.engine.support.hierarchical.NodeTestTask.lambda$executeRecursively$9(NodeTestTask.java:139)
	at org.junit.platform.engine.support.hierarchical.ThrowableCollector.execute(ThrowableCollector.java:73)
	at org.junit.platform.engine.support.hierarchical.NodeTestTask.executeRecursively(NodeTestTask.java:138)
	at org.junit.platform.engine.support.hierarchical.NodeTestTask.execute(NodeTestTask.java:95)
	at org.junit.platform.engine.support.hierarchical.SameThreadHierarchicalTestExecutorService.submit(SameThreadHierarchicalTestExecutorService.java:35)
	at org.junit.platform.engine.support.hierarchical.HierarchicalTestExecutor.execute(HierarchicalTestExecutor.java:57)
	at org.junit.platform.engine.support.hierarchical.HierarchicalTestEngine.execute(HierarchicalTestEngine.java:54)
	at org.junit.platform.launcher.core.EngineExecutionOrchestrator.execute(EngineExecutionOrchestrator.java:198)
	at org.junit.platform.launcher.core.EngineExecutionOrchestrator.execute(EngineExecutionOrchestrator.java:169)
	at org.junit.platform.launcher.core.EngineExecutionOrchestrator.execute(EngineExecutionOrchestrator.java:93)
	at org.junit.platform.launcher.core.EngineExecutionOrchestrator.lambda$execute$0(EngineExecutionOrchestrator.java:58)
	at org.junit.platform.launcher.core.EngineExecutionOrchestrator.withInterceptedStreams(EngineExecutionOrchestrator.java:141)
	at org.junit.platform.launcher.core.EngineExecutionOrchestrator.execute(EngineExecutionOrchestrator.java:57)
	at org.junit.platform.launcher.core.DefaultLauncher.execute(DefaultLauncher.java:103)
	at org.junit.platform.launcher.core.DefaultLauncher.execute(DefaultLauncher.java:85)
	at org.junit.platform.launcher.core.DelegatingLauncher.execute(DelegatingLauncher.java:47)
	at org.junit.platform.launcher.core.SessionPerRequestLauncher.execute(SessionPerRequestLauncher.java:63)
	at org.apache.maven.surefire.junitplatform.JUnitPlatformProvider.invokeAllTests(JUnitPlatformProvider.java:165)
	at org.apache.maven.surefire.junitplatform.JUnitPlatformProvider.invoke(JUnitPlatformProvider.java:123)
	at org.apache.maven.surefire.booter.ForkedBooter.runSuitesInProcess(ForkedBooter.java:377)
	at org.apache.maven.surefire.booter.ForkedBooter.execute(ForkedBooter.java:138)
	at org.apache.maven.surefire.booter.ForkedBooter.run(ForkedBooter.java:465)
	at org.apache.maven.surefire.booter.ForkedBooter.main(ForkedBooter.java:451)
]]></system-err>
    </rerunError>
    <rerunError type="java.util.concurrent.TimeoutException">
      <stackTrace><![CDATA[java.util.concurrent.TimeoutException: 
Timed out waiting for condition. Thread diagnostics:
Timestamp: 2024-04-16 03:24:05,003

"gradle-enterprise-test-client-gradle-enterprise-test-listener"  prio=5 tid=14 in Object.wait()
java.lang.Thread.State: WAITING (on object monitor)
        at sun.misc.Unsafe.park(Native Method)
        at java.util.concurrent.locks.LockSupport.park(LockSupport.java:175)
        at java.util.concurrent.locks.AbstractQueuedSynchronizer$ConditionObject.await(AbstractQueuedSynchronizer.java:2039)
        at java.util.concurrent.ArrayBlockingQueue.take(ArrayBlockingQueue.java:403)
        at com.gradle.maven.scan.extension.test.listener.obfuscated.k.a.a(SourceFile:130)
        at com.gradle.maven.scan.extension.test.listener.obfuscated.k.a.b(SourceFile:93)
        at com.gradle.maven.scan.extension.test.listener.obfuscated.k.a$$Lambda$270/1165303897.run(Unknown Source)
        at java.util.concurrent.Executors$RunnableAdapter.call(Executors.java:511)
        at java.util.concurrent.FutureTask.run(FutureTask.java:266)
        at java.util.concurrent.ThreadPoolExecutor.runWorker(ThreadPoolExecutor.java:1149)
        at java.util.concurrent.ThreadPoolExecutor$Worker.run(ThreadPoolExecutor.java:624)
        at java.lang.Thread.run(Thread.java:750)
"Timer for 'HddsDatanode' metrics system" daemon prio=5 tid=17 timed_waiting
java.lang.Thread.State: TIMED_WAITING
        at java.lang.Object.wait(Native Method)
        at java.util.TimerThread.mainLoop(Timer.java:552)
        at java.util.TimerThread.run(Timer.java:505)
"Reference Handler" daemon prio=10 tid=2 in Object.wait()
java.lang.Thread.State: WAITING (on object monitor)
        at java.lang.Object.wait(Native Method)
        at java.lang.Object.wait(Object.java:502)
        at java.lang.ref.Reference.tryHandlePending(Reference.java:191)
        at java.lang.ref.Reference$ReferenceHandler.run(Reference.java:153)
"Signal Dispatcher" daemon prio=9 tid=4 runnable
java.lang.Thread.State: RUNNABLE
"surefire-forkedjvm-ping-30s" daemon prio=5 tid=11 timed_waiting
java.lang.Thread.State: TIMED_WAITING
        at sun.misc.Unsafe.park(Native Method)
        at java.util.concurrent.locks.LockSupport.parkNanos(LockSupport.java:215)
        at java.util.concurrent.locks.AbstractQueuedSynchronizer$ConditionObject.awaitNanos(AbstractQueuedSynchronizer.java:2078)
        at java.util.concurrent.ScheduledThreadPoolExecutor$DelayedWorkQueue.take(ScheduledThreadPoolExecutor.java:1093)
        at java.util.concurrent.ScheduledThreadPoolExecutor$DelayedWorkQueue.take(ScheduledThreadPoolExecutor.java:809)
        at java.util.concurrent.ThreadPoolExecutor.getTask(ThreadPoolExecutor.java:1074)
        at java.util.concurrent.ThreadPoolExecutor.runWorker(ThreadPoolExecutor.java:1134)
        at java.util.concurrent.ThreadPoolExecutor$Worker.run(ThreadPoolExecutor.java:624)
        at java.lang.Thread.run(Thread.java:750)
"Attach Listener" daemon prio=9 tid=18 runnable
java.lang.Thread.State: RUNNABLE
"surefire-forkedjvm-command-thread" daemon prio=5 tid=10 runnable
java.lang.Thread.State: RUNNABLE
        at java.io.FileInputStream.readBytes(Native Method)
        at java.io.FileInputStream.read(FileInputStream.java:255)
        at java.io.BufferedInputStream.fill(BufferedInputStream.java:246)
        at java.io.BufferedInputStream.read(BufferedInputStream.java:265)
        at java.io.DataInputStream.readInt(DataInputStream.java:387)
        at org.apache.maven.surefire.booter.MasterProcessCommand.decode(MasterProcessCommand.java:113)
        at org.apache.maven.surefire.booter.CommandReader$CommandRunnable.run(CommandReader.java:383)
        at java.lang.Thread.run(Thread.java:750)
"02d11606-32bc-47f5-8c57-55913d63bdbf-dn-CertificateRenewerService" daemon prio=5 tid=21 timed_waiting
java.lang.Thread.State: TIMED_WAITING
        at sun.misc.Unsafe.park(Native Method)
        at java.util.concurrent.locks.LockSupport.parkNanos(LockSupport.java:215)
        at java.util.concurrent.locks.AbstractQueuedSynchronizer$ConditionObject.awaitNanos(AbstractQueuedSynchronizer.java:2078)
        at java.util.concurrent.ScheduledThreadPoolExecutor$DelayedWorkQueue.take(ScheduledThreadPoolExecutor.java:1093)
        at java.util.concurrent.ScheduledThreadPoolExecutor$DelayedWorkQueue.take(ScheduledThreadPoolExecutor.java:809)
        at java.util.concurrent.ThreadPoolExecutor.getTask(ThreadPoolExecutor.java:1074)
        at java.util.concurrent.ThreadPoolExecutor.runWorker(ThreadPoolExecutor.java:1134)
        at java.util.concurrent.ThreadPoolExecutor$Worker.run(ThreadPoolExecutor.java:624)
        at java.lang.Thread.run(Thread.java:750)
"process reaper" daemon prio=10 tid=13 timed_waiting
java.lang.Thread.State: TIMED_WAITING
        at sun.misc.Unsafe.park(Native Method)
        at java.util.concurrent.locks.LockSupport.parkNanos(LockSupport.java:215)
        at java.util.concurrent.SynchronousQueue$TransferStack.awaitFulfill(SynchronousQueue.java:460)
        at java.util.concurrent.SynchronousQueue$TransferStack.transfer(SynchronousQueue.java:362)
        at java.util.concurrent.SynchronousQueue.poll(SynchronousQueue.java:941)
        at java.util.concurrent.ThreadPoolExecutor.getTask(ThreadPoolExecutor.java:1073)
        at java.util.concurrent.ThreadPoolExecutor.runWorker(ThreadPoolExecutor.java:1134)
        at java.util.concurrent.ThreadPoolExecutor$Worker.run(ThreadPoolExecutor.java:624)
        at java.lang.Thread.run(Thread.java:750)
"Finalizer" daemon prio=8 tid=3 in Object.wait()
java.lang.Thread.State: WAITING (on object monitor)
        at java.lang.Object.wait(Native Method)
        at java.lang.ref.ReferenceQueue.remove(ReferenceQueue.java:144)
        at java.lang.ref.ReferenceQueue.remove(ReferenceQueue.java:165)
        at java.lang.ref.Finalizer$FinalizerThread.run(Finalizer.java:188)
"main"  prio=5 tid=1 runnable
java.lang.Thread.State: RUNNABLE
        at java.lang.Thread.dumpThreads(Native Method)
        at java.lang.Thread.getAllStackTraces(Thread.java:1615)
        at org.apache.ozone.test.TimedOutTestsListener.buildThreadDump(TimedOutTestsListener.java:83)
        at org.apache.ozone.test.TimedOutTestsListener.buildThreadDiagnosticString(TimedOutTestsListener.java:69)
        at org.apache.ozone.test.GenericTestUtils.waitFor(GenericTestUtils.java:204)
        at org.apache.hadoop.ozone.TestHddsSecureDatanodeInit.testCertificateRotationRecoverableFailure(TestHddsSecureDatanodeInit.java:444)
        at sun.reflect.NativeMethodAccessorImpl.invoke0(Native Method)
        at sun.reflect.NativeMethodAccessorImpl.invoke(NativeMethodAccessorImpl.java:62)
        at sun.reflect.DelegatingMethodAccessorImpl.invoke(DelegatingMethodAccessorImpl.java:43)
        at java.lang.reflect.Method.invoke(Method.java:498)
        at org.junit.platform.commons.util.ReflectionUtils.invokeMethod(ReflectionUtils.java:728)
        at org.junit.jupiter.engine.execution.MethodInvocation.proceed(MethodInvocation.java:60)
        at org.junit.jupiter.engine.execution.InvocationInterceptorChain$ValidatingInvocation.proceed(InvocationInterceptorChain.java:131)
        at org.junit.jupiter.engine.extension.TimeoutExtension.intercept(TimeoutExtension.java:156)
        at org.junit.jupiter.engine.extension.TimeoutExtension.interceptTestableMethod(TimeoutExtension.java:147)
        at org.junit.jupiter.engine.extension.TimeoutExtension.interceptTestMethod(TimeoutExtension.java:86)
        at org.junit.jupiter.engine.descriptor.TestMethodTestDescriptor$$Lambda$179/24119573.apply(Unknown Source)
        at org.junit.jupiter.engine.execution.InterceptingExecutableInvoker$ReflectiveInterceptorCall.lambda$ofVoidMethod$0(InterceptingExecutableInvoker.java:103)
        at org.junit.jupiter.engine.execution.InterceptingExecutableInvoker$ReflectiveInterceptorCall$$Lambda$180/836220863.apply(Unknown Source)
        at org.junit.jupiter.engine.execution.InterceptingExecutableInvoker.lambda$invoke$0(InterceptingExecutableInvoker.java:93)
        at org.junit.jupiter.engine.execution.InterceptingExecutableInvoker$$Lambda$408/1320105604.apply(Unknown Source)
        at org.junit.jupiter.engine.execution.InvocationInterceptorChain$InterceptedInvocation.proceed(InvocationInterceptorChain.java:106)
        at org.junit.jupiter.engine.execution.InvocationInterceptorChain.proceed(InvocationInterceptorChain.java:64)
        at org.junit.jupiter.engine.execution.InvocationInterceptorChain.chainAndInvoke(InvocationInterceptorChain.java:45)
        at org.junit.jupiter.engine.execution.InvocationInterceptorChain.invoke(InvocationInterceptorChain.java:37)
        at org.junit.jupiter.engine.execution.InterceptingExecutableInvoker.invoke(InterceptingExecutableInvoker.java:92)
        at org.junit.jupiter.engine.execution.InterceptingExecutableInvoker.invoke(InterceptingExecutableInvoker.java:86)
        at org.junit.jupiter.engine.descriptor.TestMethodTestDescriptor.lambda$invokeTestMethod$7(TestMethodTestDescriptor.java:218)
        at org.junit.jupiter.engine.descriptor.TestMethodTestDescriptor$$Lambda$503/987263357.execute(Unknown Source)
        at org.junit.platform.engine.support.hierarchical.ThrowableCollector.execute(ThrowableCollector.java:73)
        at org.junit.jupiter.engine.descriptor.TestMethodTestDescriptor.invokeTestMethod(TestMethodTestDescriptor.java:214)
        at org.junit.jupiter.engine.descriptor.TestMethodTestDescriptor.execute(TestMethodTestDescriptor.java:139)
        at org.junit.jupiter.engine.descriptor.TestMethodTestDescriptor.execute(TestMethodTestDescriptor.java:69)
        at org.junit.platform.engine.support.hierarchical.NodeTestTask.lambda$executeRecursively$6(NodeTestTask.java:151)
        at org.junit.platform.engine.support.hierarchical.NodeTestTask$$Lambda$331/938545229.execute(Unknown Source)
        at org.junit.platform.engine.support.hierarchical.ThrowableCollector.execute(ThrowableCollector.java:73)
        at org.junit.platform.engine.support.hierarchical.NodeTestTask.lambda$executeRecursively$8(NodeTestTask.java:141)
        at org.junit.platform.engine.support.hierarchical.NodeTestTask$$Lambda$330/1946645411.invoke(Unknown Source)
        at org.junit.platform.engine.support.hierarchical.Node.around(Node.java:137)
        at org.junit.platform.engine.support.hierarchical.NodeTestTask.lambda$executeRecursively$9(NodeTestTask.java:139)
        at org.junit.platform.engine.support.hierarchical.NodeTestTask$$Lambda$329/1050065615.execute(Unknown Source)
        at org.junit.platform.engine.support.hierarchical.ThrowableCollector.execute(ThrowableCollector.java:73)
        at org.junit.platform.engine.support.hierarchical.NodeTestTask.executeRecursively(NodeTestTask.java:138)
        at org.junit.platform.engine.support.hierarchical.NodeTestTask.execute(NodeTestTask.java:95)
        at org.junit.platform.engine.support.hierarchical.SameThreadHierarchicalTestExecutorService$$Lambda$335/90767234.accept(Unknown Source)
        at java.util.ArrayList.forEach(ArrayList.java:1259)
        at org.junit.platform.engine.support.hierarchical.SameThreadHierarchicalTestExecutorService.invokeAll(SameThreadHierarchicalTestExecutorService.java:41)
        at org.junit.platform.engine.support.hierarchical.NodeTestTask.lambda$executeRecursively$6(NodeTestTask.java:155)
        at org.junit.platform.engine.support.hierarchical.NodeTestTask$$Lambda$331/938545229.execute(Unknown Source)
        at org.junit.platform.engine.support.hierarchical.ThrowableCollector.execute(ThrowableCollector.java:73)
        at org.junit.platform.engine.support.hierarchical.NodeTestTask.lambda$executeRecursively$8(NodeTestTask.java:141)
        at org.junit.platform.engine.support.hierarchical.NodeTestTask$$Lambda$330/1946645411.invoke(Unknown Source)
        at org.junit.platform.engine.support.hierarchical.Node.around(Node.java:137)
        at org.junit.platform.engine.support.hierarchical.NodeTestTask.lambda$executeRecursively$9(NodeTestTask.java:139)
        at org.junit.platform.engine.support.hierarchical.NodeTestTask$$Lambda$329/1050065615.execute(Unknown Source)
        at org.junit.platform.engine.support.hierarchical.ThrowableCollector.execute(ThrowableCollector.java:73)
        at org.junit.platform.engine.support.hierarchical.NodeTestTask.executeRecursively(NodeTestTask.java:138)
        at org.junit.platform.engine.support.hierarchical.NodeTestTask.execute(NodeTestTask.java:95)
        at org.junit.platform.engine.support.hierarchical.SameThreadHierarchicalTestExecutorService$$Lambda$335/90767234.accept(Unknown Source)
        at java.util.ArrayList.forEach(ArrayList.java:1259)
        at org.junit.platform.engine.support.hierarchical.SameThreadHierarchicalTestExecutorService.invokeAll(SameThreadHierarchicalTestExecutorService.java:41)
        at org.junit.platform.engine.support.hierarchical.NodeTestTask.lambda$executeRecursively$6(NodeTestTask.java:155)
        at org.junit.platform.engine.support.hierarchical.NodeTestTask$$Lambda$331/938545229.execute(Unknown Source)
        at org.junit.platform.engine.support.hierarchical.ThrowableCollector.execute(ThrowableCollector.java:73)
        at org.junit.platform.engine.support.hierarchical.NodeTestTask.lambda$executeRecursively$8(NodeTestTask.java:141)
        at org.junit.platform.engine.support.hierarchical.NodeTestTask$$Lambda$330/1946645411.invoke(Unknown Source)
        at org.junit.platform.engine.support.hierarchical.Node.around(Node.java:137)
        at org.junit.platform.engine.support.hierarchical.NodeTestTask.lambda$executeRecursively$9(NodeTestTask.java:139)
        at org.junit.platform.engine.support.hierarchical.NodeTestTask$$Lambda$329/1050065615.execute(Unknown Source)
        at org.junit.platform.engine.support.hierarchical.ThrowableCollector.execute(ThrowableCollector.java:73)
        at org.junit.platform.engine.support.hierarchical.NodeTestTask.executeRecursively(NodeTestTask.java:138)
        at org.junit.platform.engine.support.hierarchical.NodeTestTask.execute(NodeTestTask.java:95)
        at org.junit.platform.engine.support.hierarchical.SameThreadHierarchicalTestExecutorService.submit(SameThreadHierarchicalTestExecutorService.java:35)
        at org.junit.platform.engine.support.hierarchical.HierarchicalTestExecutor.execute(HierarchicalTestExecutor.java:57)
        at org.junit.platform.engine.support.hierarchical.HierarchicalTestEngine.execute(HierarchicalTestEngine.java:54)
        at org.junit.platform.launcher.core.EngineExecutionOrchestrator.execute(EngineExecutionOrchestrator.java:198)
        at org.junit.platform.launcher.core.EngineExecutionOrchestrator.execute(EngineExecutionOrchestrator.java:169)
        at org.junit.platform.launcher.core.EngineExecutionOrchestrator.execute(EngineExecutionOrchestrator.java:93)
        at org.junit.platform.launcher.core.EngineExecutionOrchestrator.lambda$execute$0(EngineExecutionOrchestrator.java:58)
        at org.junit.platform.launcher.core.EngineExecutionOrchestrator$$Lambda$249/1364913072.accept(Unknown Source)
        at org.junit.platform.launcher.core.EngineExecutionOrchestrator.withInterceptedStreams(EngineExecutionOrchestrator.java:141)
        at org.junit.platform.launcher.core.EngineExecutionOrchestrator.execute(EngineExecutionOrchestrator.java:57)
        at org.junit.platform.launcher.core.DefaultLauncher.execute(DefaultLauncher.java:103)
        at org.junit.platform.launcher.core.DefaultLauncher.execute(DefaultLauncher.java:85)
        at org.junit.platform.launcher.core.DelegatingLauncher.execute(DelegatingLauncher.java:47)
        at org.junit.platform.launcher.core.SessionPerRequestLauncher.execute(SessionPerRequestLauncher.java:63)
        at org.apache.maven.surefire.junitplatform.JUnitPlatformProvider.invokeAllTests(JUnitPlatformProvider.java:165)
        at org.apache.maven.surefire.junitplatform.JUnitPlatformProvider.invoke(JUnitPlatformProvider.java:123)
        at org.apache.maven.surefire.booter.ForkedBooter.runSuitesInProcess(ForkedBooter.java:377)
        at org.apache.maven.surefire.booter.ForkedBooter.execute(ForkedBooter.java:138)
        at org.apache.maven.surefire.booter.ForkedBooter.run(ForkedBooter.java:465)
        at org.apache.maven.surefire.booter.ForkedBooter.main(ForkedBooter.java:451)


	at org.apache.ozone.test.GenericTestUtils.waitFor(GenericTestUtils.java:204)
	at org.apache.hadoop.ozone.TestHddsSecureDatanodeInit.testCertificateRotationRecoverableFailure(TestHddsSecureDatanodeInit.java:444)
	at java.lang.reflect.Method.invoke(Method.java:498)
	at java.util.ArrayList.forEach(ArrayList.java:1259)
	at java.util.ArrayList.forEach(ArrayList.java:1259)
]]></stackTrace>
      <system-out><![CDATA[2024-04-16 15:23:34,806 [main] WARN  impl.MetricsSystemImpl (MetricsSystemImpl.java:init(151)) - HddsDatanode metrics system already initialized!
2024-04-16 15:23:34,812 [main] INFO  utils.HddsServerUtil (HddsServerUtil.java:initializeMetrics(578)) - Metrics source JvmMetrics already added to DataNode.
2024-04-16 15:23:34,813 [main] INFO  ozone.HddsDatanodeService (HddsDatanodeService.java:start(240)) - HddsDatanodeService host:fv-az699-832.gws2011vpwuupmkks00dozwttg.bx.internal.cloudapp.net ip:10.1.0.30
2024-04-16 15:23:34,835 [main] INFO  ozone.HddsDatanodeService (HddsDatanodeService.java:initializeCertificateClient(388)) - Initializing secure Datanode.
2024-04-16 15:23:34,836 [main] INFO  client.DNCertificateClient (DefaultCertificateClient.java:updateCertSerialId(1313)) - Certificate serial ID set to null
2024-04-16 15:23:34,836 [main] ERROR client.DNCertificateClient (DefaultCertificateClient.java:getCertPath(376)) - Default certificate serial id is not set. Can't locate the default certificate for this client.
2024-04-16 15:23:34,846 [main] INFO  client.DNCertificateClient (DefaultCertificateClient.java:init(720)) - Certificate client init case: 0
2024-04-16 15:23:34,846 [main] INFO  client.DNCertificateClient (DefaultCertificateClient.java:handleCase(738)) - Creating keypair for client as keypair and certificate not found.
2024-04-16 15:23:34,922 [main] INFO  client.DNCertificateClient (DefaultCertificateClient.java:recoverStateIfNeeded(800)) - Init response: GETCERT
2024-04-16 15:23:34,923 [main] INFO  ozone.OzoneSecurityUtil (OzoneSecurityUtil.java:getValidInetsForCurrentHost(116)) - Adding ip:fe80:0:0:0:20d:3aff:fe1b:d32f%eth0,host:fe80:0:0:0:20d:3aff:fe1b:d32f%eth0
2024-04-16 15:23:34,923 [main] INFO  ozone.OzoneSecurityUtil (OzoneSecurityUtil.java:getValidInetsForCurrentHost(116)) - Adding ip:10.1.0.30,host:fv-az699-832.gws2011vpwuupmkks00dozwttg.bx.internal.cloudapp.net
2024-04-16 15:23:34,924 [main] INFO  ozone.OzoneSecurityUtil (OzoneSecurityUtil.java:getValidInetsForCurrentHost(116)) - Adding ip:0:0:0:0:0:0:0:1%lo,host:localhost
2024-04-16 15:23:34,924 [main] INFO  ozone.OzoneSecurityUtil (OzoneSecurityUtil.java:getValidInetsForCurrentHost(119)) - ip:127.0.0.1 not returned.
2024-04-16 15:23:34,935 [main] INFO  utils.SelfSignedCertificate (SelfSignedCertificate.java:generateCertificate(157)) - Certificate 210995 is issued by CN=localhost,OU=test,O=cluster,SERIALNUMBER=210995 to CN=localhost,OU=test,O=cluster,SERIALNUMBER=210995, valid from Tue Apr 16 15:23:34 UTC 2024 to Tue Apr 16 15:23:49 UTC 2024
2024-04-16 15:23:34,950 [main] INFO  client.DNCertificateClient (DefaultCertificateClient.java:updateCertSerialId(1313)) - Certificate serial ID set to 210995
2024-04-16 15:23:34,951 [main] WARN  client.DNCertificateClient (DefaultCertificateClient.java:loadAllCertificates(179)) - Certificates could not be loaded.
java.nio.file.NoSuchFileException: /tmp/junit2732250408764426260/dn/certs
	at sun.nio.fs.UnixException.translateToIOException(UnixException.java:86)
	at sun.nio.fs.UnixException.rethrowAsIOException(UnixException.java:102)
	at sun.nio.fs.UnixException.rethrowAsIOException(UnixException.java:107)
	at sun.nio.fs.UnixFileSystemProvider.newDirectoryStream(UnixFileSystemProvider.java:427)
	at java.nio.file.Files.newDirectoryStream(Files.java:457)
	at java.nio.file.Files.list(Files.java:3451)
	at org.apache.hadoop.hdds.security.x509.certificate.client.DefaultCertificateClient.loadAllCertificates(DefaultCertificateClient.java:174)
	at org.apache.hadoop.hdds.security.x509.certificate.client.DefaultCertificateClient.updateCertSerialId(DefaultCertificateClient.java:1314)
	at org.apache.hadoop.hdds.security.x509.certificate.client.DefaultCertificateClient.<init>(DefaultCertificateClient.java:163)
	at org.apache.hadoop.hdds.security.x509.certificate.client.DNCertificateClient.<init>(DNCertificateClient.java:60)
	at org.apache.hadoop.ozone.TestHddsSecureDatanodeInit.setUpDNCertClient(TestHddsSecureDatanodeInit.java:159)
	at sun.reflect.NativeMethodAccessorImpl.invoke0(Native Method)
	at sun.reflect.NativeMethodAccessorImpl.invoke(NativeMethodAccessorImpl.java:62)
	at sun.reflect.DelegatingMethodAccessorImpl.invoke(DelegatingMethodAccessorImpl.java:43)
	at java.lang.reflect.Method.invoke(Method.java:498)
	at org.junit.platform.commons.util.ReflectionUtils.invokeMethod(ReflectionUtils.java:728)
	at org.junit.jupiter.engine.execution.MethodInvocation.proceed(MethodInvocation.java:60)
	at org.junit.jupiter.engine.execution.InvocationInterceptorChain$ValidatingInvocation.proceed(InvocationInterceptorChain.java:131)
	at org.junit.jupiter.engine.extension.TimeoutExtension.intercept(TimeoutExtension.java:156)
	at org.junit.jupiter.engine.extension.TimeoutExtension.interceptLifecycleMethod(TimeoutExtension.java:128)
	at org.junit.jupiter.engine.extension.TimeoutExtension.interceptBeforeEachMethod(TimeoutExtension.java:78)
	at org.junit.jupiter.engine.execution.InterceptingExecutableInvoker$ReflectiveInterceptorCall.lambda$ofVoidMethod$0(InterceptingExecutableInvoker.java:103)
	at org.junit.jupiter.engine.execution.InterceptingExecutableInvoker.lambda$invoke$0(InterceptingExecutableInvoker.java:93)
	at org.junit.jupiter.engine.execution.InvocationInterceptorChain$InterceptedInvocation.proceed(InvocationInterceptorChain.java:106)
	at org.junit.jupiter.engine.execution.InvocationInterceptorChain.proceed(InvocationInterceptorChain.java:64)
	at org.junit.jupiter.engine.execution.InvocationInterceptorChain.chainAndInvoke(InvocationInterceptorChain.java:45)
	at org.junit.jupiter.engine.execution.InvocationInterceptorChain.invoke(InvocationInterceptorChain.java:37)
	at org.junit.jupiter.engine.execution.InterceptingExecutableInvoker.invoke(InterceptingExecutableInvoker.java:92)
	at org.junit.jupiter.engine.execution.InterceptingExecutableInvoker.invoke(InterceptingExecutableInvoker.java:86)
	at org.junit.jupiter.engine.descriptor.ClassBasedTestDescriptor.invokeMethodInExtensionContext(ClassBasedTestDescriptor.java:521)
	at org.junit.jupiter.engine.descriptor.ClassBasedTestDescriptor.lambda$synthesizeBeforeEachMethodAdapter$23(ClassBasedTestDescriptor.java:506)
	at org.junit.jupiter.engine.descriptor.TestMethodTestDescriptor.lambda$invokeBeforeEachMethods$3(TestMethodTestDescriptor.java:175)
	at org.junit.jupiter.engine.descriptor.TestMethodTestDescriptor.lambda$invokeBeforeMethodsOrCallbacksUntilExceptionOccurs$6(TestMethodTestDescriptor.java:203)
	at org.junit.platform.engine.support.hierarchical.ThrowableCollector.execute(ThrowableCollector.java:73)
	at org.junit.jupiter.engine.descriptor.TestMethodTestDescriptor.invokeBeforeMethodsOrCallbacksUntilExceptionOccurs(TestMethodTestDescriptor.java:203)
	at org.junit.jupiter.engine.descriptor.TestMethodTestDescriptor.invokeBeforeEachMethods(TestMethodTestDescriptor.java:172)
	at org.junit.jupiter.engine.descriptor.TestMethodTestDescriptor.execute(TestMethodTestDescriptor.java:135)
	at org.junit.jupiter.engine.descriptor.TestMethodTestDescriptor.execute(TestMethodTestDescriptor.java:69)
	at org.junit.platform.engine.support.hierarchical.NodeTestTask.lambda$executeRecursively$6(NodeTestTask.java:151)
	at org.junit.platform.engine.support.hierarchical.ThrowableCollector.execute(ThrowableCollector.java:73)
	at org.junit.platform.engine.support.hierarchical.NodeTestTask.lambda$executeRecursively$8(NodeTestTask.java:141)
	at org.junit.platform.engine.support.hierarchical.Node.around(Node.java:137)
	at org.junit.platform.engine.support.hierarchical.NodeTestTask.lambda$executeRecursively$9(NodeTestTask.java:139)
	at org.junit.platform.engine.support.hierarchical.ThrowableCollector.execute(ThrowableCollector.java:73)
	at org.junit.platform.engine.support.hierarchical.NodeTestTask.executeRecursively(NodeTestTask.java:138)
	at org.junit.platform.engine.support.hierarchical.NodeTestTask.execute(NodeTestTask.java:95)
	at java.util.ArrayList.forEach(ArrayList.java:1259)
	at org.junit.platform.engine.support.hierarchical.SameThreadHierarchicalTestExecutorService.invokeAll(SameThreadHierarchicalTestExecutorService.java:41)
	at org.junit.platform.engine.support.hierarchical.NodeTestTask.lambda$executeRecursively$6(NodeTestTask.java:155)
	at org.junit.platform.engine.support.hierarchical.ThrowableCollector.execute(ThrowableCollector.java:73)
	at org.junit.platform.engine.support.hierarchical.NodeTestTask.lambda$executeRecursively$8(NodeTestTask.java:141)
	at org.junit.platform.engine.support.hierarchical.Node.around(Node.java:137)
	at org.junit.platform.engine.support.hierarchical.NodeTestTask.lambda$executeRecursively$9(NodeTestTask.java:139)
	at org.junit.platform.engine.support.hierarchical.ThrowableCollector.execute(ThrowableCollector.java:73)
	at org.junit.platform.engine.support.hierarchical.NodeTestTask.executeRecursively(NodeTestTask.java:138)
	at org.junit.platform.engine.support.hierarchical.NodeTestTask.execute(NodeTestTask.java:95)
	at java.util.ArrayList.forEach(ArrayList.java:1259)
	at org.junit.platform.engine.support.hierarchical.SameThreadHierarchicalTestExecutorService.invokeAll(SameThreadHierarchicalTestExecutorService.java:41)
	at org.junit.platform.engine.support.hierarchical.NodeTestTask.lambda$executeRecursively$6(NodeTestTask.java:155)
	at org.junit.platform.engine.support.hierarchical.ThrowableCollector.execute(ThrowableCollector.java:73)
	at org.junit.platform.engine.support.hierarchical.NodeTestTask.lambda$executeRecursively$8(NodeTestTask.java:141)
	at org.junit.platform.engine.support.hierarchical.Node.around(Node.java:137)
	at org.junit.platform.engine.support.hierarchical.NodeTestTask.lambda$executeRecursively$9(NodeTestTask.java:139)
	at org.junit.platform.engine.support.hierarchical.ThrowableCollector.execute(ThrowableCollector.java:73)
	at org.junit.platform.engine.support.hierarchical.NodeTestTask.executeRecursively(NodeTestTask.java:138)
	at org.junit.platform.engine.support.hierarchical.NodeTestTask.execute(NodeTestTask.java:95)
	at org.junit.platform.engine.support.hierarchical.SameThreadHierarchicalTestExecutorService.submit(SameThreadHierarchicalTestExecutorService.java:35)
	at org.junit.platform.engine.support.hierarchical.HierarchicalTestExecutor.execute(HierarchicalTestExecutor.java:57)
	at org.junit.platform.engine.support.hierarchical.HierarchicalTestEngine.execute(HierarchicalTestEngine.java:54)
	at org.junit.platform.launcher.core.EngineExecutionOrchestrator.execute(EngineExecutionOrchestrator.java:198)
	at org.junit.platform.launcher.core.EngineExecutionOrchestrator.execute(EngineExecutionOrchestrator.java:169)
	at org.junit.platform.launcher.core.EngineExecutionOrchestrator.execute(EngineExecutionOrchestrator.java:93)
	at org.junit.platform.launcher.core.EngineExecutionOrchestrator.lambda$execute$0(EngineExecutionOrchestrator.java:58)
	at org.junit.platform.launcher.core.EngineExecutionOrchestrator.withInterceptedStreams(EngineExecutionOrchestrator.java:141)
	at org.junit.platform.launcher.core.EngineExecutionOrchestrator.execute(EngineExecutionOrchestrator.java:57)
	at org.junit.platform.launcher.core.DefaultLauncher.execute(DefaultLauncher.java:103)
	at org.junit.platform.launcher.core.DefaultLauncher.execute(DefaultLauncher.java:85)
	at org.junit.platform.launcher.core.DelegatingLauncher.execute(DelegatingLauncher.java:47)
	at org.junit.platform.launcher.core.SessionPerRequestLauncher.execute(SessionPerRequestLauncher.java:63)
	at org.apache.maven.surefire.junitplatform.JUnitPlatformProvider.invokeAllTests(JUnitPlatformProvider.java:165)
	at org.apache.maven.surefire.junitplatform.JUnitPlatformProvider.invoke(JUnitPlatformProvider.java:123)
	at org.apache.maven.surefire.booter.ForkedBooter.runSuitesInProcess(ForkedBooter.java:377)
	at org.apache.maven.surefire.booter.ForkedBooter.execute(ForkedBooter.java:138)
	at org.apache.maven.surefire.booter.ForkedBooter.run(ForkedBooter.java:465)
	at org.apache.maven.surefire.booter.ForkedBooter.main(ForkedBooter.java:451)
2024-04-16 15:23:34,953 [main] INFO  utils.CertificateCodec (CertificateCodec.java:writeCertificate(299)) - Save certificate to /tmp/junit2732250408764426260/dn/certs/certificate.crt
2024-04-16 15:23:34,953 [main] INFO  utils.CertificateCodec (CertificateCodec.java:writeCertificate(300)) - Certificate -----BEGIN CERTIFICATE-----
MIIDBzCCAe+gAwIBAgIDAzgzMA0GCSqGSIb3DQEBCwUAMEYxEjAQBgNVBAMMCWxv
Y2FsaG9zdDENMAsGA1UECwwEdGVzdDEQMA4GA1UECgwHY2x1c3RlcjEPMA0GA1UE
BRMGMjEwOTk1MB4XDTI0MDQxNjE1MjMzNFoXDTI0MDQxNjE1MjM0OVowRjESMBAG
A1UEAwwJbG9jYWxob3N0MQ0wCwYDVQQLDAR0ZXN0MRAwDgYDVQQKDAdjbHVzdGVy
MQ8wDQYDVQQFEwYyMTA5OTUwggEiMA0GCSqGSIb3DQEBAQUAA4IBDwAwggEKAoIB
AQC3mGTkWK6FYdrrldb1Hzo9msA8bVP4fHoDP7n71bNoG+u8IHf5KDV/jfVIeo1d
L7q7r4Mvh/r3INBN2HBqkak0VZnJIh9144DJbdAJFIjb5k2JEbVgSpl0xsHiqsri
p7M140LZ1u9X/+H+JiCLCebk3O/VRadgZWWi+dwiciTPoIkzPyYXDYMB6liCMt1L
e876JZBuvT2ilmcl+59jaz/92qEvGeBG3RhnfceHOQrr/787/I+zaO8iz3oICG+K
dXxRpmLL3CHNYWi9vDLw6e4WdpMWrVkvUryg3LqckgX7dzsN0NEdoaF+S3dLw2qN
Cu6XvlEaNQHhM0rQt+6WPkeBAgMBAAEwDQYJKoZIhvcNAQELBQADggEBABoVlpQf
St9OXPLN01qNyEyPqY4LE+PQNjmzse9VNbnw8bpLhGBmoamlNxlDYn6aSUl9aDpH
psZQEQrCIxhGAsMELIHJbyAf0r7nwefJbKUoHCpnp/ifI+iaUk/85K2upy3UyNh+
oloS3InXKjoXUFC91naJiuS9/Uzcx1RKDqcqX6tEsYpq3qzkQHdZMvH2yUXCvWO4
fBDLyDdFwcS0Ly7JedWvF1tiWOeZlQbTL8yxuJzEnaqk7P/+BzZTHUq+bb3/w/+2
ZaXnpd5mmhSTrhnP/RLuQs0aXZID/9LYxrVfwLIFirrfCyOgKCOw5FZ/2VQv3Sa5
T56GJB3uASbf3f8=
-----END CERTIFICATE-----

2024-04-16 15:23:34,977 [main] INFO  utils.SelfSignedCertificate (SelfSignedCertificate.java:generateCertificate(157)) - Certificate 211038 is issued by CN=localhost,OU=test,O=cluster,SERIALNUMBER=211038 to CN=localhost,OU=test,O=cluster,SERIALNUMBER=211038, valid from Tue Apr 16 15:23:39 UTC 2024 to Tue Apr 16 15:23:54 UTC 2024
2024-04-16 15:23:34,979 [main] INFO  client.DNCertificateClient (DefaultCertificateClient.java:readCertificateFile(248)) - Added certificate 210995 from file: /tmp/junit2732250408764426260/dn/certs/certificate.crt.
2024-04-16 15:23:34,981 [main] INFO  client.DNCertificateClient (DefaultCertificateClient.java:startCertificateRenewerService(1418)) - CertificateRenewerService for dn is started with first delay 9020 ms and interval 1666 ms.
2024-04-16 15:23:34,981 [main] INFO  client.DNCertificateClient (DefaultCertificateClient.java:startCertificateRenewerService(1418)) - CertificateRenewerService for dn is started with first delay 9019 ms and interval 1666 ms.
2024-04-16 15:23:44,002 [02d11606-32bc-47f5-8c57-55913d63bdbf-dn-CertificateRenewerService] INFO  client.DNCertificateClient (DefaultCertificateClient.java:run(1457)) - Current certificate 210995 needs to be renewed remaining grace period PT0S. Forced renewal due to root ca rotation: false.
2024-04-16 15:23:44,173 [02d11606-32bc-47f5-8c57-55913d63bdbf-dn-CertificateRenewerService] INFO  ozone.OzoneSecurityUtil (OzoneSecurityUtil.java:getValidInetsForCurrentHost(116)) - Adding ip:fe80:0:0:0:20d:3aff:fe1b:d32f%eth0,host:fe80:0:0:0:20d:3aff:fe1b:d32f%eth0
2024-04-16 15:23:44,173 [02d11606-32bc-47f5-8c57-55913d63bdbf-dn-CertificateRenewerService] INFO  ozone.OzoneSecurityUtil (OzoneSecurityUtil.java:getValidInetsForCurrentHost(116)) - Adding ip:10.1.0.30,host:fv-az699-832.gws2011vpwuupmkks00dozwttg.bx.internal.cloudapp.net
2024-04-16 15:23:44,173 [02d11606-32bc-47f5-8c57-55913d63bdbf-dn-CertificateRenewerService] INFO  ozone.OzoneSecurityUtil (OzoneSecurityUtil.java:getValidInetsForCurrentHost(116)) - Adding ip:0:0:0:0:0:0:0:1%lo,host:localhost
2024-04-16 15:23:44,173 [02d11606-32bc-47f5-8c57-55913d63bdbf-dn-CertificateRenewerService] INFO  ozone.OzoneSecurityUtil (OzoneSecurityUtil.java:getValidInetsForCurrentHost(119)) - ip:127.0.0.1 not returned.
2024-04-16 15:23:44,173 [02d11606-32bc-47f5-8c57-55913d63bdbf-dn-CertificateRenewerService] ERROR client.DNCertificateClient (DefaultCertificateClient.java:run(1473)) - Failed to renew and store key and cert. Keep using existing certificates.
org.apache.hadoop.hdds.security.x509.exception.CertificateException: Error while signing and storing new certificates.
	at org.apache.hadoop.hdds.security.x509.certificate.client.DefaultCertificateClient.renewAndStoreKeyAndCertificate(DefaultCertificateClient.java:1155)
	at org.apache.hadoop.hdds.security.x509.certificate.client.DefaultCertificateClient$CertificateRenewerService.run(DefaultCertificateClient.java:1462)
	at java.util.concurrent.Executors$RunnableAdapter.call(Executors.java:511)
	at java.util.concurrent.FutureTask.runAndReset(FutureTask.java:308)
	at java.util.concurrent.ScheduledThreadPoolExecutor$ScheduledFutureTask.access$301(ScheduledThreadPoolExecutor.java:180)
	at java.util.concurrent.ScheduledThreadPoolExecutor$ScheduledFutureTask.run(ScheduledThreadPoolExecutor.java:294)
	at java.util.concurrent.ThreadPoolExecutor.runWorker(ThreadPoolExecutor.java:1149)
	at java.util.concurrent.ThreadPoolExecutor$Worker.run(ThreadPoolExecutor.java:624)
	at java.lang.Thread.run(Thread.java:750)
Caused by: java.lang.IllegalArgumentException: IP Address is invalid
	at org.bouncycastle.asn1.x509.GeneralName.<init>(Unknown Source)
	at org.apache.hadoop.hdds.security.x509.certificate.utils.CertificateSignRequest$Builder.addAltName(CertificateSignRequest.java:334)
	at org.apache.hadoop.hdds.security.x509.certificate.utils.CertificateSignRequest$Builder.addIpAddress(CertificateSignRequest.java:281)
	at org.apache.hadoop.hdds.security.x509.certificate.utils.CertificateSignRequest$Builder.lambda$addInetAddresses$0(CertificateSignRequest.java:306)
	at java.util.ArrayList.forEach(ArrayList.java:1259)
	at org.apache.hadoop.hdds.security.x509.certificate.utils.CertificateSignRequest$Builder.addInetAddresses(CertificateSignRequest.java:304)
	at org.apache.hadoop.hdds.security.x509.certificate.utils.CertificateSignRequest$Builder.addInetAddresses(CertificateSignRequest.java:292)
	at org.apache.hadoop.hdds.security.x509.certificate.client.DefaultCertificateClient.getCSRBuilder(DefaultCertificateClient.java:573)
	at org.apache.hadoop.hdds.security.x509.certificate.client.DNCertificateClient.getCSRBuilder(DNCertificateClient.java:75)
	at org.apache.hadoop.hdds.security.x509.certificate.client.DefaultCertificateClient.renewAndStoreKeyAndCertificate(DefaultCertificateClient.java:1150)
	... 8 more
2024-04-16 15:23:44,174 [02d11606-32bc-47f5-8c57-55913d63bdbf-dn-CertificateRenewerService] INFO  client.DNCertificateClient (DefaultCertificateClient.java:run(1457)) - Current certificate 210995 needs to be renewed remaining grace period PT0S. Forced renewal due to root ca rotation: false.
2024-04-16 15:23:44,471 [02d11606-32bc-47f5-8c57-55913d63bdbf-dn-CertificateRenewerService] INFO  ozone.OzoneSecurityUtil (OzoneSecurityUtil.java:getValidInetsForCurrentHost(116)) - Adding ip:fe80:0:0:0:20d:3aff:fe1b:d32f%eth0,host:fe80:0:0:0:20d:3aff:fe1b:d32f%eth0
2024-04-16 15:23:44,472 [02d11606-32bc-47f5-8c57-55913d63bdbf-dn-CertificateRenewerService] INFO  ozone.OzoneSecurityUtil (OzoneSecurityUtil.java:getValidInetsForCurrentHost(116)) - Adding ip:10.1.0.30,host:fv-az699-832.gws2011vpwuupmkks00dozwttg.bx.internal.cloudapp.net
2024-04-16 15:23:44,472 [02d11606-32bc-47f5-8c57-55913d63bdbf-dn-CertificateRenewerService] INFO  ozone.OzoneSecurityUtil (OzoneSecurityUtil.java:getValidInetsForCurrentHost(116)) - Adding ip:0:0:0:0:0:0:0:1%lo,host:localhost
2024-04-16 15:23:44,472 [02d11606-32bc-47f5-8c57-55913d63bdbf-dn-CertificateRenewerService] INFO  ozone.OzoneSecurityUtil (OzoneSecurityUtil.java:getValidInetsForCurrentHost(119)) - ip:127.0.0.1 not returned.
2024-04-16 15:23:44,472 [02d11606-32bc-47f5-8c57-55913d63bdbf-dn-CertificateRenewerService] ERROR client.DNCertificateClient (DefaultCertificateClient.java:run(1473)) - Failed to renew and store key and cert. Keep using existing certificates.
org.apache.hadoop.hdds.security.x509.exception.CertificateException: Error while signing and storing new certificates.
	at org.apache.hadoop.hdds.security.x509.certificate.client.DefaultCertificateClient.renewAndStoreKeyAndCertificate(DefaultCertificateClient.java:1155)
	at org.apache.hadoop.hdds.security.x509.certificate.client.DefaultCertificateClient$CertificateRenewerService.run(DefaultCertificateClient.java:1462)
	at java.util.concurrent.Executors$RunnableAdapter.call(Executors.java:511)
	at java.util.concurrent.FutureTask.runAndReset(FutureTask.java:308)
	at java.util.concurrent.ScheduledThreadPoolExecutor$ScheduledFutureTask.access$301(ScheduledThreadPoolExecutor.java:180)
	at java.util.concurrent.ScheduledThreadPoolExecutor$ScheduledFutureTask.run(ScheduledThreadPoolExecutor.java:294)
	at java.util.concurrent.ThreadPoolExecutor.runWorker(ThreadPoolExecutor.java:1149)
	at java.util.concurrent.ThreadPoolExecutor$Worker.run(ThreadPoolExecutor.java:624)
	at java.lang.Thread.run(Thread.java:750)
Caused by: java.lang.IllegalArgumentException: IP Address is invalid
	at org.bouncycastle.asn1.x509.GeneralName.<init>(Unknown Source)
	at org.apache.hadoop.hdds.security.x509.certificate.utils.CertificateSignRequest$Builder.addAltName(CertificateSignRequest.java:334)
	at org.apache.hadoop.hdds.security.x509.certificate.utils.CertificateSignRequest$Builder.addIpAddress(CertificateSignRequest.java:281)
	at org.apache.hadoop.hdds.security.x509.certificate.utils.CertificateSignRequest$Builder.lambda$addInetAddresses$0(CertificateSignRequest.java:306)
	at java.util.ArrayList.forEach(ArrayList.java:1259)
	at org.apache.hadoop.hdds.security.x509.certificate.utils.CertificateSignRequest$Builder.addInetAddresses(CertificateSignRequest.java:304)
	at org.apache.hadoop.hdds.security.x509.certificate.utils.CertificateSignRequest$Builder.addInetAddresses(CertificateSignRequest.java:292)
	at org.apache.hadoop.hdds.security.x509.certificate.client.DefaultCertificateClient.getCSRBuilder(DefaultCertificateClient.java:573)
	at org.apache.hadoop.hdds.security.x509.certificate.client.DNCertificateClient.getCSRBuilder(DNCertificateClient.java:75)
	at org.apache.hadoop.hdds.security.x509.certificate.client.DefaultCertificateClient.renewAndStoreKeyAndCertificate(DefaultCertificateClient.java:1150)
	... 8 more
2024-04-16 15:23:45,667 [02d11606-32bc-47f5-8c57-55913d63bdbf-dn-CertificateRenewerService] INFO  client.DNCertificateClient (DefaultCertificateClient.java:run(1457)) - Current certificate 210995 needs to be renewed remaining grace period PT0S. Forced renewal due to root ca rotation: false.
2024-04-16 15:23:46,012 [02d11606-32bc-47f5-8c57-55913d63bdbf-dn-CertificateRenewerService] INFO  ozone.OzoneSecurityUtil (OzoneSecurityUtil.java:getValidInetsForCurrentHost(116)) - Adding ip:fe80:0:0:0:20d:3aff:fe1b:d32f%eth0,host:fe80:0:0:0:20d:3aff:fe1b:d32f%eth0
2024-04-16 15:23:46,013 [02d11606-32bc-47f5-8c57-55913d63bdbf-dn-CertificateRenewerService] INFO  ozone.OzoneSecurityUtil (OzoneSecurityUtil.java:getValidInetsForCurrentHost(116)) - Adding ip:10.1.0.30,host:fv-az699-832.gws2011vpwuupmkks00dozwttg.bx.internal.cloudapp.net
2024-04-16 15:23:46,013 [02d11606-32bc-47f5-8c57-55913d63bdbf-dn-CertificateRenewerService] INFO  ozone.OzoneSecurityUtil (OzoneSecurityUtil.java:getValidInetsForCurrentHost(116)) - Adding ip:0:0:0:0:0:0:0:1%lo,host:localhost
2024-04-16 15:23:46,013 [02d11606-32bc-47f5-8c57-55913d63bdbf-dn-CertificateRenewerService] INFO  ozone.OzoneSecurityUtil (OzoneSecurityUtil.java:getValidInetsForCurrentHost(119)) - ip:127.0.0.1 not returned.
2024-04-16 15:23:46,013 [02d11606-32bc-47f5-8c57-55913d63bdbf-dn-CertificateRenewerService] ERROR client.DNCertificateClient (DefaultCertificateClient.java:run(1473)) - Failed to renew and store key and cert. Keep using existing certificates.
org.apache.hadoop.hdds.security.x509.exception.CertificateException: Error while signing and storing new certificates.
	at org.apache.hadoop.hdds.security.x509.certificate.client.DefaultCertificateClient.renewAndStoreKeyAndCertificate(DefaultCertificateClient.java:1155)
	at org.apache.hadoop.hdds.security.x509.certificate.client.DefaultCertificateClient$CertificateRenewerService.run(DefaultCertificateClient.java:1462)
	at java.util.concurrent.Executors$RunnableAdapter.call(Executors.java:511)
	at java.util.concurrent.FutureTask.runAndReset(FutureTask.java:308)
	at java.util.concurrent.ScheduledThreadPoolExecutor$ScheduledFutureTask.access$301(ScheduledThreadPoolExecutor.java:180)
	at java.util.concurrent.ScheduledThreadPoolExecutor$ScheduledFutureTask.run(ScheduledThreadPoolExecutor.java:294)
	at java.util.concurrent.ThreadPoolExecutor.runWorker(ThreadPoolExecutor.java:1149)
	at java.util.concurrent.ThreadPoolExecutor$Worker.run(ThreadPoolExecutor.java:624)
	at java.lang.Thread.run(Thread.java:750)
Caused by: java.lang.IllegalArgumentException: IP Address is invalid
	at org.bouncycastle.asn1.x509.GeneralName.<init>(Unknown Source)
	at org.apache.hadoop.hdds.security.x509.certificate.utils.CertificateSignRequest$Builder.addAltName(CertificateSignRequest.java:334)
	at org.apache.hadoop.hdds.security.x509.certificate.utils.CertificateSignRequest$Builder.addIpAddress(CertificateSignRequest.java:281)
	at org.apache.hadoop.hdds.security.x509.certificate.utils.CertificateSignRequest$Builder.lambda$addInetAddresses$0(CertificateSignRequest.java:306)
	at java.util.ArrayList.forEach(ArrayList.java:1259)
	at org.apache.hadoop.hdds.security.x509.certificate.utils.CertificateSignRequest$Builder.addInetAddresses(CertificateSignRequest.java:304)
	at org.apache.hadoop.hdds.security.x509.certificate.utils.CertificateSignRequest$Builder.addInetAddresses(CertificateSignRequest.java:292)
	at org.apache.hadoop.hdds.security.x509.certificate.client.DefaultCertificateClient.getCSRBuilder(DefaultCertificateClient.java:573)
	at org.apache.hadoop.hdds.security.x509.certificate.client.DNCertificateClient.getCSRBuilder(DNCertificateClient.java:75)
	at org.apache.hadoop.hdds.security.x509.certificate.client.DefaultCertificateClient.renewAndStoreKeyAndCertificate(DefaultCertificateClient.java:1150)
	... 8 more
2024-04-16 15:23:46,014 [02d11606-32bc-47f5-8c57-55913d63bdbf-dn-CertificateRenewerService] INFO  client.DNCertificateClient (DefaultCertificateClient.java:run(1457)) - Current certificate 210995 needs to be renewed remaining grace period PT0S. Forced renewal due to root ca rotation: false.
2024-04-16 15:23:46,053 [02d11606-32bc-47f5-8c57-55913d63bdbf-dn-CertificateRenewerService] INFO  ozone.OzoneSecurityUtil (OzoneSecurityUtil.java:getValidInetsForCurrentHost(116)) - Adding ip:fe80:0:0:0:20d:3aff:fe1b:d32f%eth0,host:fe80:0:0:0:20d:3aff:fe1b:d32f%eth0
2024-04-16 15:23:46,053 [02d11606-32bc-47f5-8c57-55913d63bdbf-dn-CertificateRenewerService] INFO  ozone.OzoneSecurityUtil (OzoneSecurityUtil.java:getValidInetsForCurrentHost(116)) - Adding ip:10.1.0.30,host:fv-az699-832.gws2011vpwuupmkks00dozwttg.bx.internal.cloudapp.net
2024-04-16 15:23:46,054 [02d11606-32bc-47f5-8c57-55913d63bdbf-dn-CertificateRenewerService] INFO  ozone.OzoneSecurityUtil (OzoneSecurityUtil.java:getValidInetsForCurrentHost(116)) - Adding ip:0:0:0:0:0:0:0:1%lo,host:localhost
2024-04-16 15:23:46,054 [02d11606-32bc-47f5-8c57-55913d63bdbf-dn-CertificateRenewerService] INFO  ozone.OzoneSecurityUtil (OzoneSecurityUtil.java:getValidInetsForCurrentHost(119)) - ip:127.0.0.1 not returned.
2024-04-16 15:23:46,054 [02d11606-32bc-47f5-8c57-55913d63bdbf-dn-CertificateRenewerService] ERROR client.DNCertificateClient (DefaultCertificateClient.java:run(1473)) - Failed to renew and store key and cert. Keep using existing certificates.
org.apache.hadoop.hdds.security.x509.exception.CertificateException: Error while signing and storing new certificates.
	at org.apache.hadoop.hdds.security.x509.certificate.client.DefaultCertificateClient.renewAndStoreKeyAndCertificate(DefaultCertificateClient.java:1155)
	at org.apache.hadoop.hdds.security.x509.certificate.client.DefaultCertificateClient$CertificateRenewerService.run(DefaultCertificateClient.java:1462)
	at java.util.concurrent.Executors$RunnableAdapter.call(Executors.java:511)
	at java.util.concurrent.FutureTask.runAndReset(FutureTask.java:308)
	at java.util.concurrent.ScheduledThreadPoolExecutor$ScheduledFutureTask.access$301(ScheduledThreadPoolExecutor.java:180)
	at java.util.concurrent.ScheduledThreadPoolExecutor$ScheduledFutureTask.run(ScheduledThreadPoolExecutor.java:294)
	at java.util.concurrent.ThreadPoolExecutor.runWorker(ThreadPoolExecutor.java:1149)
	at java.util.concurrent.ThreadPoolExecutor$Worker.run(ThreadPoolExecutor.java:624)
	at java.lang.Thread.run(Thread.java:750)
Caused by: java.lang.IllegalArgumentException: IP Address is invalid
	at org.bouncycastle.asn1.x509.GeneralName.<init>(Unknown Source)
	at org.apache.hadoop.hdds.security.x509.certificate.utils.CertificateSignRequest$Builder.addAltName(CertificateSignRequest.java:334)
	at org.apache.hadoop.hdds.security.x509.certificate.utils.CertificateSignRequest$Builder.addIpAddress(CertificateSignRequest.java:281)
	at org.apache.hadoop.hdds.security.x509.certificate.utils.CertificateSignRequest$Builder.lambda$addInetAddresses$0(CertificateSignRequest.java:306)
	at java.util.ArrayList.forEach(ArrayList.java:1259)
	at org.apache.hadoop.hdds.security.x509.certificate.utils.CertificateSignRequest$Builder.addInetAddresses(CertificateSignRequest.java:304)
	at org.apache.hadoop.hdds.security.x509.certificate.utils.CertificateSignRequest$Builder.addInetAddresses(CertificateSignRequest.java:292)
	at org.apache.hadoop.hdds.security.x509.certificate.client.DefaultCertificateClient.getCSRBuilder(DefaultCertificateClient.java:573)
	at org.apache.hadoop.hdds.security.x509.certificate.client.DNCertificateClient.getCSRBuilder(DNCertificateClient.java:75)
	at org.apache.hadoop.hdds.security.x509.certificate.client.DefaultCertificateClient.renewAndStoreKeyAndCertificate(DefaultCertificateClient.java:1150)
	... 8 more
2024-04-16 15:23:47,333 [02d11606-32bc-47f5-8c57-55913d63bdbf-dn-CertificateRenewerService] INFO  client.DNCertificateClient (DefaultCertificateClient.java:run(1457)) - Current certificate 210995 needs to be renewed remaining grace period PT0S. Forced renewal due to root ca rotation: false.
2024-04-16 15:23:47,462 [02d11606-32bc-47f5-8c57-55913d63bdbf-dn-CertificateRenewerService] INFO  ozone.OzoneSecurityUtil (OzoneSecurityUtil.java:getValidInetsForCurrentHost(116)) - Adding ip:fe80:0:0:0:20d:3aff:fe1b:d32f%eth0,host:fe80:0:0:0:20d:3aff:fe1b:d32f%eth0
2024-04-16 15:23:47,463 [02d11606-32bc-47f5-8c57-55913d63bdbf-dn-CertificateRenewerService] INFO  ozone.OzoneSecurityUtil (OzoneSecurityUtil.java:getValidInetsForCurrentHost(116)) - Adding ip:10.1.0.30,host:fv-az699-832.gws2011vpwuupmkks00dozwttg.bx.internal.cloudapp.net
2024-04-16 15:23:47,463 [02d11606-32bc-47f5-8c57-55913d63bdbf-dn-CertificateRenewerService] INFO  ozone.OzoneSecurityUtil (OzoneSecurityUtil.java:getValidInetsForCurrentHost(116)) - Adding ip:0:0:0:0:0:0:0:1%lo,host:localhost
2024-04-16 15:23:47,463 [02d11606-32bc-47f5-8c57-55913d63bdbf-dn-CertificateRenewerService] INFO  ozone.OzoneSecurityUtil (OzoneSecurityUtil.java:getValidInetsForCurrentHost(119)) - ip:127.0.0.1 not returned.
2024-04-16 15:23:47,463 [02d11606-32bc-47f5-8c57-55913d63bdbf-dn-CertificateRenewerService] ERROR client.DNCertificateClient (DefaultCertificateClient.java:run(1473)) - Failed to renew and store key and cert. Keep using existing certificates.
org.apache.hadoop.hdds.security.x509.exception.CertificateException: Error while signing and storing new certificates.
	at org.apache.hadoop.hdds.security.x509.certificate.client.DefaultCertificateClient.renewAndStoreKeyAndCertificate(DefaultCertificateClient.java:1155)
	at org.apache.hadoop.hdds.security.x509.certificate.client.DefaultCertificateClient$CertificateRenewerService.run(DefaultCertificateClient.java:1462)
	at java.util.concurrent.Executors$RunnableAdapter.call(Executors.java:511)
	at java.util.concurrent.FutureTask.runAndReset(FutureTask.java:308)
	at java.util.concurrent.ScheduledThreadPoolExecutor$ScheduledFutureTask.access$301(ScheduledThreadPoolExecutor.java:180)
	at java.util.concurrent.ScheduledThreadPoolExecutor$ScheduledFutureTask.run(ScheduledThreadPoolExecutor.java:294)
	at java.util.concurrent.ThreadPoolExecutor.runWorker(ThreadPoolExecutor.java:1149)
	at java.util.concurrent.ThreadPoolExecutor$Worker.run(ThreadPoolExecutor.java:624)
	at java.lang.Thread.run(Thread.java:750)
Caused by: java.lang.IllegalArgumentException: IP Address is invalid
	at org.bouncycastle.asn1.x509.GeneralName.<init>(Unknown Source)
	at org.apache.hadoop.hdds.security.x509.certificate.utils.CertificateSignRequest$Builder.addAltName(CertificateSignRequest.java:334)
	at org.apache.hadoop.hdds.security.x509.certificate.utils.CertificateSignRequest$Builder.addIpAddress(CertificateSignRequest.java:281)
	at org.apache.hadoop.hdds.security.x509.certificate.utils.CertificateSignRequest$Builder.lambda$addInetAddresses$0(CertificateSignRequest.java:306)
	at java.util.ArrayList.forEach(ArrayList.java:1259)
	at org.apache.hadoop.hdds.security.x509.certificate.utils.CertificateSignRequest$Builder.addInetAddresses(CertificateSignRequest.java:304)
	at org.apache.hadoop.hdds.security.x509.certificate.utils.CertificateSignRequest$Builder.addInetAddresses(CertificateSignRequest.java:292)
	at org.apache.hadoop.hdds.security.x509.certificate.client.DefaultCertificateClient.getCSRBuilder(DefaultCertificateClient.java:573)
	at org.apache.hadoop.hdds.security.x509.certificate.client.DNCertificateClient.getCSRBuilder(DNCertificateClient.java:75)
	at org.apache.hadoop.hdds.security.x509.certificate.client.DefaultCertificateClient.renewAndStoreKeyAndCertificate(DefaultCertificateClient.java:1150)
	... 8 more
2024-04-16 15:23:47,464 [02d11606-32bc-47f5-8c57-55913d63bdbf-dn-CertificateRenewerService] INFO  client.DNCertificateClient (DefaultCertificateClient.java:run(1457)) - Current certificate 210995 needs to be renewed remaining grace period PT0S. Forced renewal due to root ca rotation: false.
2024-04-16 15:23:47,829 [02d11606-32bc-47f5-8c57-55913d63bdbf-dn-CertificateRenewerService] INFO  ozone.OzoneSecurityUtil (OzoneSecurityUtil.java:getValidInetsForCurrentHost(116)) - Adding ip:fe80:0:0:0:20d:3aff:fe1b:d32f%eth0,host:fe80:0:0:0:20d:3aff:fe1b:d32f%eth0
2024-04-16 15:23:47,830 [02d11606-32bc-47f5-8c57-55913d63bdbf-dn-CertificateRenewerService] INFO  ozone.OzoneSecurityUtil (OzoneSecurityUtil.java:getValidInetsForCurrentHost(116)) - Adding ip:10.1.0.30,host:fv-az699-832.gws2011vpwuupmkks00dozwttg.bx.internal.cloudapp.net
2024-04-16 15:23:47,830 [02d11606-32bc-47f5-8c57-55913d63bdbf-dn-CertificateRenewerService] INFO  ozone.OzoneSecurityUtil (OzoneSecurityUtil.java:getValidInetsForCurrentHost(116)) - Adding ip:0:0:0:0:0:0:0:1%lo,host:localhost
2024-04-16 15:23:47,830 [02d11606-32bc-47f5-8c57-55913d63bdbf-dn-CertificateRenewerService] INFO  ozone.OzoneSecurityUtil (OzoneSecurityUtil.java:getValidInetsForCurrentHost(119)) - ip:127.0.0.1 not returned.
2024-04-16 15:23:47,830 [02d11606-32bc-47f5-8c57-55913d63bdbf-dn-CertificateRenewerService] ERROR client.DNCertificateClient (DefaultCertificateClient.java:run(1473)) - Failed to renew and store key and cert. Keep using existing certificates.
org.apache.hadoop.hdds.security.x509.exception.CertificateException: Error while signing and storing new certificates.
	at org.apache.hadoop.hdds.security.x509.certificate.client.DefaultCertificateClient.renewAndStoreKeyAndCertificate(DefaultCertificateClient.java:1155)
	at org.apache.hadoop.hdds.security.x509.certificate.client.DefaultCertificateClient$CertificateRenewerService.run(DefaultCertificateClient.java:1462)
	at java.util.concurrent.Executors$RunnableAdapter.call(Executors.java:511)
	at java.util.concurrent.FutureTask.runAndReset(FutureTask.java:308)
	at java.util.concurrent.ScheduledThreadPoolExecutor$ScheduledFutureTask.access$301(ScheduledThreadPoolExecutor.java:180)
	at java.util.concurrent.ScheduledThreadPoolExecutor$ScheduledFutureTask.run(ScheduledThreadPoolExecutor.java:294)
	at java.util.concurrent.ThreadPoolExecutor.runWorker(ThreadPoolExecutor.java:1149)
	at java.util.concurrent.ThreadPoolExecutor$Worker.run(ThreadPoolExecutor.java:624)
	at java.lang.Thread.run(Thread.java:750)
Caused by: java.lang.IllegalArgumentException: IP Address is invalid
	at org.bouncycastle.asn1.x509.GeneralName.<init>(Unknown Source)
	at org.apache.hadoop.hdds.security.x509.certificate.utils.CertificateSignRequest$Builder.addAltName(CertificateSignRequest.java:334)
	at org.apache.hadoop.hdds.security.x509.certificate.utils.CertificateSignRequest$Builder.addIpAddress(CertificateSignRequest.java:281)
	at org.apache.hadoop.hdds.security.x509.certificate.utils.CertificateSignRequest$Builder.lambda$addInetAddresses$0(CertificateSignRequest.java:306)
	at java.util.ArrayList.forEach(ArrayList.java:1259)
	at org.apache.hadoop.hdds.security.x509.certificate.utils.CertificateSignRequest$Builder.addInetAddresses(CertificateSignRequest.java:304)
	at org.apache.hadoop.hdds.security.x509.certificate.utils.CertificateSignRequest$Builder.addInetAddresses(CertificateSignRequest.java:292)
	at org.apache.hadoop.hdds.security.x509.certificate.client.DefaultCertificateClient.getCSRBuilder(DefaultCertificateClient.java:573)
	at org.apache.hadoop.hdds.security.x509.certificate.client.DNCertificateClient.getCSRBuilder(DNCertificateClient.java:75)
	at org.apache.hadoop.hdds.security.x509.certificate.client.DefaultCertificateClient.renewAndStoreKeyAndCertificate(DefaultCertificateClient.java:1150)
	... 8 more
2024-04-16 15:23:48,999 [02d11606-32bc-47f5-8c57-55913d63bdbf-dn-CertificateRenewerService] INFO  client.DNCertificateClient (DefaultCertificateClient.java:run(1457)) - Current certificate 210995 needs to be renewed remaining grace period PT0S. Forced renewal due to root ca rotation: false.
2024-04-16 15:23:49,304 [02d11606-32bc-47f5-8c57-55913d63bdbf-dn-CertificateRenewerService] INFO  ozone.OzoneSecurityUtil (OzoneSecurityUtil.java:getValidInetsForCurrentHost(116)) - Adding ip:fe80:0:0:0:20d:3aff:fe1b:d32f%eth0,host:fe80:0:0:0:20d:3aff:fe1b:d32f%eth0
2024-04-16 15:23:49,304 [02d11606-32bc-47f5-8c57-55913d63bdbf-dn-CertificateRenewerService] INFO  ozone.OzoneSecurityUtil (OzoneSecurityUtil.java:getValidInetsForCurrentHost(116)) - Adding ip:10.1.0.30,host:fv-az699-832.gws2011vpwuupmkks00dozwttg.bx.internal.cloudapp.net
2024-04-16 15:23:49,304 [02d11606-32bc-47f5-8c57-55913d63bdbf-dn-CertificateRenewerService] INFO  ozone.OzoneSecurityUtil (OzoneSecurityUtil.java:getValidInetsForCurrentHost(116)) - Adding ip:0:0:0:0:0:0:0:1%lo,host:localhost
2024-04-16 15:23:49,304 [02d11606-32bc-47f5-8c57-55913d63bdbf-dn-CertificateRenewerService] INFO  ozone.OzoneSecurityUtil (OzoneSecurityUtil.java:getValidInetsForCurrentHost(119)) - ip:127.0.0.1 not returned.
2024-04-16 15:23:49,304 [02d11606-32bc-47f5-8c57-55913d63bdbf-dn-CertificateRenewerService] ERROR client.DNCertificateClient (DefaultCertificateClient.java:run(1473)) - Failed to renew and store key and cert. Keep using existing certificates.
org.apache.hadoop.hdds.security.x509.exception.CertificateException: Error while signing and storing new certificates.
	at org.apache.hadoop.hdds.security.x509.certificate.client.DefaultCertificateClient.renewAndStoreKeyAndCertificate(DefaultCertificateClient.java:1155)
	at org.apache.hadoop.hdds.security.x509.certificate.client.DefaultCertificateClient$CertificateRenewerService.run(DefaultCertificateClient.java:1462)
	at java.util.concurrent.Executors$RunnableAdapter.call(Executors.java:511)
	at java.util.concurrent.FutureTask.runAndReset(FutureTask.java:308)
	at java.util.concurrent.ScheduledThreadPoolExecutor$ScheduledFutureTask.access$301(ScheduledThreadPoolExecutor.java:180)
	at java.util.concurrent.ScheduledThreadPoolExecutor$ScheduledFutureTask.run(ScheduledThreadPoolExecutor.java:294)
	at java.util.concurrent.ThreadPoolExecutor.runWorker(ThreadPoolExecutor.java:1149)
	at java.util.concurrent.ThreadPoolExecutor$Worker.run(ThreadPoolExecutor.java:624)
	at java.lang.Thread.run(Thread.java:750)
Caused by: java.lang.IllegalArgumentException: IP Address is invalid
	at org.bouncycastle.asn1.x509.GeneralName.<init>(Unknown Source)
	at org.apache.hadoop.hdds.security.x509.certificate.utils.CertificateSignRequest$Builder.addAltName(CertificateSignRequest.java:334)
	at org.apache.hadoop.hdds.security.x509.certificate.utils.CertificateSignRequest$Builder.addIpAddress(CertificateSignRequest.java:281)
	at org.apache.hadoop.hdds.security.x509.certificate.utils.CertificateSignRequest$Builder.lambda$addInetAddresses$0(CertificateSignRequest.java:306)
	at java.util.ArrayList.forEach(ArrayList.java:1259)
	at org.apache.hadoop.hdds.security.x509.certificate.utils.CertificateSignRequest$Builder.addInetAddresses(CertificateSignRequest.java:304)
	at org.apache.hadoop.hdds.security.x509.certificate.utils.CertificateSignRequest$Builder.addInetAddresses(CertificateSignRequest.java:292)
	at org.apache.hadoop.hdds.security.x509.certificate.client.DefaultCertificateClient.getCSRBuilder(DefaultCertificateClient.java:573)
	at org.apache.hadoop.hdds.security.x509.certificate.client.DNCertificateClient.getCSRBuilder(DNCertificateClient.java:75)
	at org.apache.hadoop.hdds.security.x509.certificate.client.DefaultCertificateClient.renewAndStoreKeyAndCertificate(DefaultCertificateClient.java:1150)
	... 8 more
2024-04-16 15:23:49,305 [02d11606-32bc-47f5-8c57-55913d63bdbf-dn-CertificateRenewerService] INFO  client.DNCertificateClient (DefaultCertificateClient.java:run(1457)) - Current certificate 210995 needs to be renewed remaining grace period PT0S. Forced renewal due to root ca rotation: false.
2024-04-16 15:23:49,433 [02d11606-32bc-47f5-8c57-55913d63bdbf-dn-CertificateRenewerService] INFO  ozone.OzoneSecurityUtil (OzoneSecurityUtil.java:getValidInetsForCurrentHost(116)) - Adding ip:fe80:0:0:0:20d:3aff:fe1b:d32f%eth0,host:fe80:0:0:0:20d:3aff:fe1b:d32f%eth0
2024-04-16 15:23:49,433 [02d11606-32bc-47f5-8c57-55913d63bdbf-dn-CertificateRenewerService] INFO  ozone.OzoneSecurityUtil (OzoneSecurityUtil.java:getValidInetsForCurrentHost(116)) - Adding ip:10.1.0.30,host:fv-az699-832.gws2011vpwuupmkks00dozwttg.bx.internal.cloudapp.net
2024-04-16 15:23:49,433 [02d11606-32bc-47f5-8c57-55913d63bdbf-dn-CertificateRenewerService] INFO  ozone.OzoneSecurityUtil (OzoneSecurityUtil.java:getValidInetsForCurrentHost(116)) - Adding ip:0:0:0:0:0:0:0:1%lo,host:localhost
2024-04-16 15:23:49,433 [02d11606-32bc-47f5-8c57-55913d63bdbf-dn-CertificateRenewerService] INFO  ozone.OzoneSecurityUtil (OzoneSecurityUtil.java:getValidInetsForCurrentHost(119)) - ip:127.0.0.1 not returned.
2024-04-16 15:23:49,433 [02d11606-32bc-47f5-8c57-55913d63bdbf-dn-CertificateRenewerService] ERROR client.DNCertificateClient (DefaultCertificateClient.java:run(1473)) - Failed to renew and store key and cert. Keep using existing certificates.
org.apache.hadoop.hdds.security.x509.exception.CertificateException: Error while signing and storing new certificates.
	at org.apache.hadoop.hdds.security.x509.certificate.client.DefaultCertificateClient.renewAndStoreKeyAndCertificate(DefaultCertificateClient.java:1155)
	at org.apache.hadoop.hdds.security.x509.certificate.client.DefaultCertificateClient$CertificateRenewerService.run(DefaultCertificateClient.java:1462)
	at java.util.concurrent.Executors$RunnableAdapter.call(Executors.java:511)
	at java.util.concurrent.FutureTask.runAndReset(FutureTask.java:308)
	at java.util.concurrent.ScheduledThreadPoolExecutor$ScheduledFutureTask.access$301(ScheduledThreadPoolExecutor.java:180)
	at java.util.concurrent.ScheduledThreadPoolExecutor$ScheduledFutureTask.run(ScheduledThreadPoolExecutor.java:294)
	at java.util.concurrent.ThreadPoolExecutor.runWorker(ThreadPoolExecutor.java:1149)
	at java.util.concurrent.ThreadPoolExecutor$Worker.run(ThreadPoolExecutor.java:624)
	at java.lang.Thread.run(Thread.java:750)
Caused by: java.lang.IllegalArgumentException: IP Address is invalid
	at org.bouncycastle.asn1.x509.GeneralName.<init>(Unknown Source)
	at org.apache.hadoop.hdds.security.x509.certificate.utils.CertificateSignRequest$Builder.addAltName(CertificateSignRequest.java:334)
	at org.apache.hadoop.hdds.security.x509.certificate.utils.CertificateSignRequest$Builder.addIpAddress(CertificateSignRequest.java:281)
	at org.apache.hadoop.hdds.security.x509.certificate.utils.CertificateSignRequest$Builder.lambda$addInetAddresses$0(CertificateSignRequest.java:306)
	at java.util.ArrayList.forEach(ArrayList.java:1259)
	at org.apache.hadoop.hdds.security.x509.certificate.utils.CertificateSignRequest$Builder.addInetAddresses(CertificateSignRequest.java:304)
	at org.apache.hadoop.hdds.security.x509.certificate.utils.CertificateSignRequest$Builder.addInetAddresses(CertificateSignRequest.java:292)
	at org.apache.hadoop.hdds.security.x509.certificate.client.DefaultCertificateClient.getCSRBuilder(DefaultCertificateClient.java:573)
	at org.apache.hadoop.hdds.security.x509.certificate.client.DNCertificateClient.getCSRBuilder(DNCertificateClient.java:75)
	at org.apache.hadoop.hdds.security.x509.certificate.client.DefaultCertificateClient.renewAndStoreKeyAndCertificate(DefaultCertificateClient.java:1150)
	... 8 more
2024-04-16 15:23:49,999 [main] INFO  utils.SelfSignedCertificate (SelfSignedCertificate.java:generateCertificate(157)) - Certificate 226061 is issued by CN=localhost,OU=test,O=cluster,SERIALNUMBER=226061 to CN=localhost,OU=test,O=cluster,SERIALNUMBER=226061, valid from Tue Apr 16 15:23:49 UTC 2024 to Tue Apr 16 15:24:04 UTC 2024
2024-04-16 15:23:50,665 [02d11606-32bc-47f5-8c57-55913d63bdbf-dn-CertificateRenewerService] INFO  client.DNCertificateClient (DefaultCertificateClient.java:run(1457)) - Current certificate 210995 needs to be renewed remaining grace period PT0S. Forced renewal due to root ca rotation: false.
2024-04-16 15:23:50,859 [02d11606-32bc-47f5-8c57-55913d63bdbf-dn-CertificateRenewerService] INFO  ozone.OzoneSecurityUtil (OzoneSecurityUtil.java:getValidInetsForCurrentHost(116)) - Adding ip:fe80:0:0:0:20d:3aff:fe1b:d32f%eth0,host:fe80:0:0:0:20d:3aff:fe1b:d32f%eth0
2024-04-16 15:23:50,859 [02d11606-32bc-47f5-8c57-55913d63bdbf-dn-CertificateRenewerService] INFO  ozone.OzoneSecurityUtil (OzoneSecurityUtil.java:getValidInetsForCurrentHost(116)) - Adding ip:10.1.0.30,host:fv-az699-832.gws2011vpwuupmkks00dozwttg.bx.internal.cloudapp.net
2024-04-16 15:23:50,859 [02d11606-32bc-47f5-8c57-55913d63bdbf-dn-CertificateRenewerService] INFO  ozone.OzoneSecurityUtil (OzoneSecurityUtil.java:getValidInetsForCurrentHost(116)) - Adding ip:0:0:0:0:0:0:0:1%lo,host:localhost
2024-04-16 15:23:50,859 [02d11606-32bc-47f5-8c57-55913d63bdbf-dn-CertificateRenewerService] INFO  ozone.OzoneSecurityUtil (OzoneSecurityUtil.java:getValidInetsForCurrentHost(119)) - ip:127.0.0.1 not returned.
2024-04-16 15:23:50,859 [02d11606-32bc-47f5-8c57-55913d63bdbf-dn-CertificateRenewerService] ERROR client.DNCertificateClient (DefaultCertificateClient.java:run(1473)) - Failed to renew and store key and cert. Keep using existing certificates.
org.apache.hadoop.hdds.security.x509.exception.CertificateException: Error while signing and storing new certificates.
	at org.apache.hadoop.hdds.security.x509.certificate.client.DefaultCertificateClient.renewAndStoreKeyAndCertificate(DefaultCertificateClient.java:1155)
	at org.apache.hadoop.hdds.security.x509.certificate.client.DefaultCertificateClient$CertificateRenewerService.run(DefaultCertificateClient.java:1462)
	at java.util.concurrent.Executors$RunnableAdapter.call(Executors.java:511)
	at java.util.concurrent.FutureTask.runAndReset(FutureTask.java:308)
	at java.util.concurrent.ScheduledThreadPoolExecutor$ScheduledFutureTask.access$301(ScheduledThreadPoolExecutor.java:180)
	at java.util.concurrent.ScheduledThreadPoolExecutor$ScheduledFutureTask.run(ScheduledThreadPoolExecutor.java:294)
	at java.util.concurrent.ThreadPoolExecutor.runWorker(ThreadPoolExecutor.java:1149)
	at java.util.concurrent.ThreadPoolExecutor$Worker.run(ThreadPoolExecutor.java:624)
	at java.lang.Thread.run(Thread.java:750)
Caused by: java.lang.IllegalArgumentException: IP Address is invalid
	at org.bouncycastle.asn1.x509.GeneralName.<init>(Unknown Source)
	at org.apache.hadoop.hdds.security.x509.certificate.utils.CertificateSignRequest$Builder.addAltName(CertificateSignRequest.java:334)
	at org.apache.hadoop.hdds.security.x509.certificate.utils.CertificateSignRequest$Builder.addIpAddress(CertificateSignRequest.java:281)
	at org.apache.hadoop.hdds.security.x509.certificate.utils.CertificateSignRequest$Builder.lambda$addInetAddresses$0(CertificateSignRequest.java:306)
	at java.util.ArrayList.forEach(ArrayList.java:1259)
	at org.apache.hadoop.hdds.security.x509.certificate.utils.CertificateSignRequest$Builder.addInetAddresses(CertificateSignRequest.java:304)
	at org.apache.hadoop.hdds.security.x509.certificate.utils.CertificateSignRequest$Builder.addInetAddresses(CertificateSignRequest.java:292)
	at org.apache.hadoop.hdds.security.x509.certificate.client.DefaultCertificateClient.getCSRBuilder(DefaultCertificateClient.java:573)
	at org.apache.hadoop.hdds.security.x509.certificate.client.DNCertificateClient.getCSRBuilder(DNCertificateClient.java:75)
	at org.apache.hadoop.hdds.security.x509.certificate.client.DefaultCertificateClient.renewAndStoreKeyAndCertificate(DefaultCertificateClient.java:1150)
	... 8 more
2024-04-16 15:23:50,860 [02d11606-32bc-47f5-8c57-55913d63bdbf-dn-CertificateRenewerService] INFO  client.DNCertificateClient (DefaultCertificateClient.java:run(1457)) - Current certificate 210995 needs to be renewed remaining grace period PT0S. Forced renewal due to root ca rotation: false.
2024-04-16 15:23:51,086 [02d11606-32bc-47f5-8c57-55913d63bdbf-dn-CertificateRenewerService] INFO  ozone.OzoneSecurityUtil (OzoneSecurityUtil.java:getValidInetsForCurrentHost(116)) - Adding ip:fe80:0:0:0:20d:3aff:fe1b:d32f%eth0,host:fe80:0:0:0:20d:3aff:fe1b:d32f%eth0
2024-04-16 15:23:51,086 [02d11606-32bc-47f5-8c57-55913d63bdbf-dn-CertificateRenewerService] INFO  ozone.OzoneSecurityUtil (OzoneSecurityUtil.java:getValidInetsForCurrentHost(116)) - Adding ip:10.1.0.30,host:fv-az699-832.gws2011vpwuupmkks00dozwttg.bx.internal.cloudapp.net
2024-04-16 15:23:51,086 [02d11606-32bc-47f5-8c57-55913d63bdbf-dn-CertificateRenewerService] INFO  ozone.OzoneSecurityUtil (OzoneSecurityUtil.java:getValidInetsForCurrentHost(116)) - Adding ip:0:0:0:0:0:0:0:1%lo,host:localhost
2024-04-16 15:23:51,087 [02d11606-32bc-47f5-8c57-55913d63bdbf-dn-CertificateRenewerService] INFO  ozone.OzoneSecurityUtil (OzoneSecurityUtil.java:getValidInetsForCurrentHost(119)) - ip:127.0.0.1 not returned.
2024-04-16 15:23:51,087 [02d11606-32bc-47f5-8c57-55913d63bdbf-dn-CertificateRenewerService] ERROR client.DNCertificateClient (DefaultCertificateClient.java:run(1473)) - Failed to renew and store key and cert. Keep using existing certificates.
org.apache.hadoop.hdds.security.x509.exception.CertificateException: Error while signing and storing new certificates.
	at org.apache.hadoop.hdds.security.x509.certificate.client.DefaultCertificateClient.renewAndStoreKeyAndCertificate(DefaultCertificateClient.java:1155)
	at org.apache.hadoop.hdds.security.x509.certificate.client.DefaultCertificateClient$CertificateRenewerService.run(DefaultCertificateClient.java:1462)
	at java.util.concurrent.Executors$RunnableAdapter.call(Executors.java:511)
	at java.util.concurrent.FutureTask.runAndReset(FutureTask.java:308)
	at java.util.concurrent.ScheduledThreadPoolExecutor$ScheduledFutureTask.access$301(ScheduledThreadPoolExecutor.java:180)
	at java.util.concurrent.ScheduledThreadPoolExecutor$ScheduledFutureTask.run(ScheduledThreadPoolExecutor.java:294)
	at java.util.concurrent.ThreadPoolExecutor.runWorker(ThreadPoolExecutor.java:1149)
	at java.util.concurrent.ThreadPoolExecutor$Worker.run(ThreadPoolExecutor.java:624)
	at java.lang.Thread.run(Thread.java:750)
Caused by: java.lang.IllegalArgumentException: IP Address is invalid
	at org.bouncycastle.asn1.x509.GeneralName.<init>(Unknown Source)
	at org.apache.hadoop.hdds.security.x509.certificate.utils.CertificateSignRequest$Builder.addAltName(CertificateSignRequest.java:334)
	at org.apache.hadoop.hdds.security.x509.certificate.utils.CertificateSignRequest$Builder.addIpAddress(CertificateSignRequest.java:281)
	at org.apache.hadoop.hdds.security.x509.certificate.utils.CertificateSignRequest$Builder.lambda$addInetAddresses$0(CertificateSignRequest.java:306)
	at java.util.ArrayList.forEach(ArrayList.java:1259)
	at org.apache.hadoop.hdds.security.x509.certificate.utils.CertificateSignRequest$Builder.addInetAddresses(CertificateSignRequest.java:304)
	at org.apache.hadoop.hdds.security.x509.certificate.utils.CertificateSignRequest$Builder.addInetAddresses(CertificateSignRequest.java:292)
	at org.apache.hadoop.hdds.security.x509.certificate.client.DefaultCertificateClient.getCSRBuilder(DefaultCertificateClient.java:573)
	at org.apache.hadoop.hdds.security.x509.certificate.client.DNCertificateClient.getCSRBuilder(DNCertificateClient.java:75)
	at org.apache.hadoop.hdds.security.x509.certificate.client.DefaultCertificateClient.renewAndStoreKeyAndCertificate(DefaultCertificateClient.java:1150)
	... 8 more
2024-04-16 15:23:52,331 [02d11606-32bc-47f5-8c57-55913d63bdbf-dn-CertificateRenewerService] INFO  client.DNCertificateClient (DefaultCertificateClient.java:run(1457)) - Current certificate 210995 needs to be renewed remaining grace period PT0S. Forced renewal due to root ca rotation: false.
2024-04-16 15:23:52,436 [02d11606-32bc-47f5-8c57-55913d63bdbf-dn-CertificateRenewerService] INFO  ozone.OzoneSecurityUtil (OzoneSecurityUtil.java:getValidInetsForCurrentHost(116)) - Adding ip:fe80:0:0:0:20d:3aff:fe1b:d32f%eth0,host:fe80:0:0:0:20d:3aff:fe1b:d32f%eth0
2024-04-16 15:23:52,437 [02d11606-32bc-47f5-8c57-55913d63bdbf-dn-CertificateRenewerService] INFO  ozone.OzoneSecurityUtil (OzoneSecurityUtil.java:getValidInetsForCurrentHost(116)) - Adding ip:10.1.0.30,host:fv-az699-832.gws2011vpwuupmkks00dozwttg.bx.internal.cloudapp.net
2024-04-16 15:23:52,437 [02d11606-32bc-47f5-8c57-55913d63bdbf-dn-CertificateRenewerService] INFO  ozone.OzoneSecurityUtil (OzoneSecurityUtil.java:getValidInetsForCurrentHost(116)) - Adding ip:0:0:0:0:0:0:0:1%lo,host:localhost
2024-04-16 15:23:52,437 [02d11606-32bc-47f5-8c57-55913d63bdbf-dn-CertificateRenewerService] INFO  ozone.OzoneSecurityUtil (OzoneSecurityUtil.java:getValidInetsForCurrentHost(119)) - ip:127.0.0.1 not returned.
2024-04-16 15:23:52,437 [02d11606-32bc-47f5-8c57-55913d63bdbf-dn-CertificateRenewerService] ERROR client.DNCertificateClient (DefaultCertificateClient.java:run(1473)) - Failed to renew and store key and cert. Keep using existing certificates.
org.apache.hadoop.hdds.security.x509.exception.CertificateException: Error while signing and storing new certificates.
	at org.apache.hadoop.hdds.security.x509.certificate.client.DefaultCertificateClient.renewAndStoreKeyAndCertificate(DefaultCertificateClient.java:1155)
	at org.apache.hadoop.hdds.security.x509.certificate.client.DefaultCertificateClient$CertificateRenewerService.run(DefaultCertificateClient.java:1462)
	at java.util.concurrent.Executors$RunnableAdapter.call(Executors.java:511)
	at java.util.concurrent.FutureTask.runAndReset(FutureTask.java:308)
	at java.util.concurrent.ScheduledThreadPoolExecutor$ScheduledFutureTask.access$301(ScheduledThreadPoolExecutor.java:180)
	at java.util.concurrent.ScheduledThreadPoolExecutor$ScheduledFutureTask.run(ScheduledThreadPoolExecutor.java:294)
	at java.util.concurrent.ThreadPoolExecutor.runWorker(ThreadPoolExecutor.java:1149)
	at java.util.concurrent.ThreadPoolExecutor$Worker.run(ThreadPoolExecutor.java:624)
	at java.lang.Thread.run(Thread.java:750)
Caused by: java.lang.IllegalArgumentException: IP Address is invalid
	at org.bouncycastle.asn1.x509.GeneralName.<init>(Unknown Source)
	at org.apache.hadoop.hdds.security.x509.certificate.utils.CertificateSignRequest$Builder.addAltName(CertificateSignRequest.java:334)
	at org.apache.hadoop.hdds.security.x509.certificate.utils.CertificateSignRequest$Builder.addIpAddress(CertificateSignRequest.java:281)
	at org.apache.hadoop.hdds.security.x509.certificate.utils.CertificateSignRequest$Builder.lambda$addInetAddresses$0(CertificateSignRequest.java:306)
	at java.util.ArrayList.forEach(ArrayList.java:1259)
	at org.apache.hadoop.hdds.security.x509.certificate.utils.CertificateSignRequest$Builder.addInetAddresses(CertificateSignRequest.java:304)
	at org.apache.hadoop.hdds.security.x509.certificate.utils.CertificateSignRequest$Builder.addInetAddresses(CertificateSignRequest.java:292)
	at org.apache.hadoop.hdds.security.x509.certificate.client.DefaultCertificateClient.getCSRBuilder(DefaultCertificateClient.java:573)
	at org.apache.hadoop.hdds.security.x509.certificate.client.DNCertificateClient.getCSRBuilder(DNCertificateClient.java:75)
	at org.apache.hadoop.hdds.security.x509.certificate.client.DefaultCertificateClient.renewAndStoreKeyAndCertificate(DefaultCertificateClient.java:1150)
	... 8 more
2024-04-16 15:23:52,437 [02d11606-32bc-47f5-8c57-55913d63bdbf-dn-CertificateRenewerService] INFO  client.DNCertificateClient (DefaultCertificateClient.java:run(1457)) - Current certificate 210995 needs to be renewed remaining grace period PT0S. Forced renewal due to root ca rotation: false.
2024-04-16 15:23:52,544 [02d11606-32bc-47f5-8c57-55913d63bdbf-dn-CertificateRenewerService] INFO  ozone.OzoneSecurityUtil (OzoneSecurityUtil.java:getValidInetsForCurrentHost(116)) - Adding ip:fe80:0:0:0:20d:3aff:fe1b:d32f%eth0,host:fe80:0:0:0:20d:3aff:fe1b:d32f%eth0
2024-04-16 15:23:52,544 [02d11606-32bc-47f5-8c57-55913d63bdbf-dn-CertificateRenewerService] INFO  ozone.OzoneSecurityUtil (OzoneSecurityUtil.java:getValidInetsForCurrentHost(116)) - Adding ip:10.1.0.30,host:fv-az699-832.gws2011vpwuupmkks00dozwttg.bx.internal.cloudapp.net
2024-04-16 15:23:52,544 [02d11606-32bc-47f5-8c57-55913d63bdbf-dn-CertificateRenewerService] INFO  ozone.OzoneSecurityUtil (OzoneSecurityUtil.java:getValidInetsForCurrentHost(116)) - Adding ip:0:0:0:0:0:0:0:1%lo,host:localhost
2024-04-16 15:23:52,544 [02d11606-32bc-47f5-8c57-55913d63bdbf-dn-CertificateRenewerService] INFO  ozone.OzoneSecurityUtil (OzoneSecurityUtil.java:getValidInetsForCurrentHost(119)) - ip:127.0.0.1 not returned.
2024-04-16 15:23:52,544 [02d11606-32bc-47f5-8c57-55913d63bdbf-dn-CertificateRenewerService] ERROR client.DNCertificateClient (DefaultCertificateClient.java:run(1473)) - Failed to renew and store key and cert. Keep using existing certificates.
org.apache.hadoop.hdds.security.x509.exception.CertificateException: Error while signing and storing new certificates.
	at org.apache.hadoop.hdds.security.x509.certificate.client.DefaultCertificateClient.renewAndStoreKeyAndCertificate(DefaultCertificateClient.java:1155)
	at org.apache.hadoop.hdds.security.x509.certificate.client.DefaultCertificateClient$CertificateRenewerService.run(DefaultCertificateClient.java:1462)
	at java.util.concurrent.Executors$RunnableAdapter.call(Executors.java:511)
	at java.util.concurrent.FutureTask.runAndReset(FutureTask.java:308)
	at java.util.concurrent.ScheduledThreadPoolExecutor$ScheduledFutureTask.access$301(ScheduledThreadPoolExecutor.java:180)
	at java.util.concurrent.ScheduledThreadPoolExecutor$ScheduledFutureTask.run(ScheduledThreadPoolExecutor.java:294)
	at java.util.concurrent.ThreadPoolExecutor.runWorker(ThreadPoolExecutor.java:1149)
	at java.util.concurrent.ThreadPoolExecutor$Worker.run(ThreadPoolExecutor.java:624)
	at java.lang.Thread.run(Thread.java:750)
Caused by: java.lang.IllegalArgumentException: IP Address is invalid
	at org.bouncycastle.asn1.x509.GeneralName.<init>(Unknown Source)
	at org.apache.hadoop.hdds.security.x509.certificate.utils.CertificateSignRequest$Builder.addAltName(CertificateSignRequest.java:334)
	at org.apache.hadoop.hdds.security.x509.certificate.utils.CertificateSignRequest$Builder.addIpAddress(CertificateSignRequest.java:281)
	at org.apache.hadoop.hdds.security.x509.certificate.utils.CertificateSignRequest$Builder.lambda$addInetAddresses$0(CertificateSignRequest.java:306)
	at java.util.ArrayList.forEach(ArrayList.java:1259)
	at org.apache.hadoop.hdds.security.x509.certificate.utils.CertificateSignRequest$Builder.addInetAddresses(CertificateSignRequest.java:304)
	at org.apache.hadoop.hdds.security.x509.certificate.utils.CertificateSignRequest$Builder.addInetAddresses(CertificateSignRequest.java:292)
	at org.apache.hadoop.hdds.security.x509.certificate.client.DefaultCertificateClient.getCSRBuilder(DefaultCertificateClient.java:573)
	at org.apache.hadoop.hdds.security.x509.certificate.client.DNCertificateClient.getCSRBuilder(DNCertificateClient.java:75)
	at org.apache.hadoop.hdds.security.x509.certificate.client.DefaultCertificateClient.renewAndStoreKeyAndCertificate(DefaultCertificateClient.java:1150)
	... 8 more
2024-04-16 15:23:53,997 [02d11606-32bc-47f5-8c57-55913d63bdbf-dn-CertificateRenewerService] INFO  client.DNCertificateClient (DefaultCertificateClient.java:run(1457)) - Current certificate 210995 needs to be renewed remaining grace period PT0S. Forced renewal due to root ca rotation: false.
2024-04-16 15:23:54,099 [02d11606-32bc-47f5-8c57-55913d63bdbf-dn-CertificateRenewerService] INFO  ozone.OzoneSecurityUtil (OzoneSecurityUtil.java:getValidInetsForCurrentHost(116)) - Adding ip:fe80:0:0:0:20d:3aff:fe1b:d32f%eth0,host:fe80:0:0:0:20d:3aff:fe1b:d32f%eth0
2024-04-16 15:23:54,100 [02d11606-32bc-47f5-8c57-55913d63bdbf-dn-CertificateRenewerService] INFO  ozone.OzoneSecurityUtil (OzoneSecurityUtil.java:getValidInetsForCurrentHost(116)) - Adding ip:10.1.0.30,host:fv-az699-832.gws2011vpwuupmkks00dozwttg.bx.internal.cloudapp.net
2024-04-16 15:23:54,100 [02d11606-32bc-47f5-8c57-55913d63bdbf-dn-CertificateRenewerService] INFO  ozone.OzoneSecurityUtil (OzoneSecurityUtil.java:getValidInetsForCurrentHost(116)) - Adding ip:0:0:0:0:0:0:0:1%lo,host:localhost
2024-04-16 15:23:54,100 [02d11606-32bc-47f5-8c57-55913d63bdbf-dn-CertificateRenewerService] INFO  ozone.OzoneSecurityUtil (OzoneSecurityUtil.java:getValidInetsForCurrentHost(119)) - ip:127.0.0.1 not returned.
2024-04-16 15:23:54,100 [02d11606-32bc-47f5-8c57-55913d63bdbf-dn-CertificateRenewerService] ERROR client.DNCertificateClient (DefaultCertificateClient.java:run(1473)) - Failed to renew and store key and cert. Keep using existing certificates.
org.apache.hadoop.hdds.security.x509.exception.CertificateException: Error while signing and storing new certificates.
	at org.apache.hadoop.hdds.security.x509.certificate.client.DefaultCertificateClient.renewAndStoreKeyAndCertificate(DefaultCertificateClient.java:1155)
	at org.apache.hadoop.hdds.security.x509.certificate.client.DefaultCertificateClient$CertificateRenewerService.run(DefaultCertificateClient.java:1462)
	at java.util.concurrent.Executors$RunnableAdapter.call(Executors.java:511)
	at java.util.concurrent.FutureTask.runAndReset(FutureTask.java:308)
	at java.util.concurrent.ScheduledThreadPoolExecutor$ScheduledFutureTask.access$301(ScheduledThreadPoolExecutor.java:180)
	at java.util.concurrent.ScheduledThreadPoolExecutor$ScheduledFutureTask.run(ScheduledThreadPoolExecutor.java:294)
	at java.util.concurrent.ThreadPoolExecutor.runWorker(ThreadPoolExecutor.java:1149)
	at java.util.concurrent.ThreadPoolExecutor$Worker.run(ThreadPoolExecutor.java:624)
	at java.lang.Thread.run(Thread.java:750)
Caused by: java.lang.IllegalArgumentException: IP Address is invalid
	at org.bouncycastle.asn1.x509.GeneralName.<init>(Unknown Source)
	at org.apache.hadoop.hdds.security.x509.certificate.utils.CertificateSignRequest$Builder.addAltName(CertificateSignRequest.java:334)
	at org.apache.hadoop.hdds.security.x509.certificate.utils.CertificateSignRequest$Builder.addIpAddress(CertificateSignRequest.java:281)
	at org.apache.hadoop.hdds.security.x509.certificate.utils.CertificateSignRequest$Builder.lambda$addInetAddresses$0(CertificateSignRequest.java:306)
	at java.util.ArrayList.forEach(ArrayList.java:1259)
	at org.apache.hadoop.hdds.security.x509.certificate.utils.CertificateSignRequest$Builder.addInetAddresses(CertificateSignRequest.java:304)
	at org.apache.hadoop.hdds.security.x509.certificate.utils.CertificateSignRequest$Builder.addInetAddresses(CertificateSignRequest.java:292)
	at org.apache.hadoop.hdds.security.x509.certificate.client.DefaultCertificateClient.getCSRBuilder(DefaultCertificateClient.java:573)
	at org.apache.hadoop.hdds.security.x509.certificate.client.DNCertificateClient.getCSRBuilder(DNCertificateClient.java:75)
	at org.apache.hadoop.hdds.security.x509.certificate.client.DefaultCertificateClient.renewAndStoreKeyAndCertificate(DefaultCertificateClient.java:1150)
	... 8 more
2024-04-16 15:23:54,100 [02d11606-32bc-47f5-8c57-55913d63bdbf-dn-CertificateRenewerService] INFO  client.DNCertificateClient (DefaultCertificateClient.java:run(1457)) - Current certificate 210995 needs to be renewed remaining grace period PT0S. Forced renewal due to root ca rotation: false.
2024-04-16 15:23:54,160 [02d11606-32bc-47f5-8c57-55913d63bdbf-dn-CertificateRenewerService] INFO  ozone.OzoneSecurityUtil (OzoneSecurityUtil.java:getValidInetsForCurrentHost(116)) - Adding ip:fe80:0:0:0:20d:3aff:fe1b:d32f%eth0,host:fe80:0:0:0:20d:3aff:fe1b:d32f%eth0
2024-04-16 15:23:54,161 [02d11606-32bc-47f5-8c57-55913d63bdbf-dn-CertificateRenewerService] INFO  ozone.OzoneSecurityUtil (OzoneSecurityUtil.java:getValidInetsForCurrentHost(116)) - Adding ip:10.1.0.30,host:fv-az699-832.gws2011vpwuupmkks00dozwttg.bx.internal.cloudapp.net
2024-04-16 15:23:54,161 [02d11606-32bc-47f5-8c57-55913d63bdbf-dn-CertificateRenewerService] INFO  ozone.OzoneSecurityUtil (OzoneSecurityUtil.java:getValidInetsForCurrentHost(116)) - Adding ip:0:0:0:0:0:0:0:1%lo,host:localhost
2024-04-16 15:23:54,161 [02d11606-32bc-47f5-8c57-55913d63bdbf-dn-CertificateRenewerService] INFO  ozone.OzoneSecurityUtil (OzoneSecurityUtil.java:getValidInetsForCurrentHost(119)) - ip:127.0.0.1 not returned.
2024-04-16 15:23:54,161 [02d11606-32bc-47f5-8c57-55913d63bdbf-dn-CertificateRenewerService] ERROR client.DNCertificateClient (DefaultCertificateClient.java:run(1473)) - Failed to renew and store key and cert. Keep using existing certificates.
org.apache.hadoop.hdds.security.x509.exception.CertificateException: Error while signing and storing new certificates.
	at org.apache.hadoop.hdds.security.x509.certificate.client.DefaultCertificateClient.renewAndStoreKeyAndCertificate(DefaultCertificateClient.java:1155)
	at org.apache.hadoop.hdds.security.x509.certificate.client.DefaultCertificateClient$CertificateRenewerService.run(DefaultCertificateClient.java:1462)
	at java.util.concurrent.Executors$RunnableAdapter.call(Executors.java:511)
	at java.util.concurrent.FutureTask.runAndReset(FutureTask.java:308)
	at java.util.concurrent.ScheduledThreadPoolExecutor$ScheduledFutureTask.access$301(ScheduledThreadPoolExecutor.java:180)
	at java.util.concurrent.ScheduledThreadPoolExecutor$ScheduledFutureTask.run(ScheduledThreadPoolExecutor.java:294)
	at java.util.concurrent.ThreadPoolExecutor.runWorker(ThreadPoolExecutor.java:1149)
	at java.util.concurrent.ThreadPoolExecutor$Worker.run(ThreadPoolExecutor.java:624)
	at java.lang.Thread.run(Thread.java:750)
Caused by: java.lang.IllegalArgumentException: IP Address is invalid
	at org.bouncycastle.asn1.x509.GeneralName.<init>(Unknown Source)
	at org.apache.hadoop.hdds.security.x509.certificate.utils.CertificateSignRequest$Builder.addAltName(CertificateSignRequest.java:334)
	at org.apache.hadoop.hdds.security.x509.certificate.utils.CertificateSignRequest$Builder.addIpAddress(CertificateSignRequest.java:281)
	at org.apache.hadoop.hdds.security.x509.certificate.utils.CertificateSignRequest$Builder.lambda$addInetAddresses$0(CertificateSignRequest.java:306)
	at java.util.ArrayList.forEach(ArrayList.java:1259)
	at org.apache.hadoop.hdds.security.x509.certificate.utils.CertificateSignRequest$Builder.addInetAddresses(CertificateSignRequest.java:304)
	at org.apache.hadoop.hdds.security.x509.certificate.utils.CertificateSignRequest$Builder.addInetAddresses(CertificateSignRequest.java:292)
	at org.apache.hadoop.hdds.security.x509.certificate.client.DefaultCertificateClient.getCSRBuilder(DefaultCertificateClient.java:573)
	at org.apache.hadoop.hdds.security.x509.certificate.client.DNCertificateClient.getCSRBuilder(DNCertificateClient.java:75)
	at org.apache.hadoop.hdds.security.x509.certificate.client.DefaultCertificateClient.renewAndStoreKeyAndCertificate(DefaultCertificateClient.java:1150)
	... 8 more
2024-04-16 15:23:55,663 [02d11606-32bc-47f5-8c57-55913d63bdbf-dn-CertificateRenewerService] INFO  client.DNCertificateClient (DefaultCertificateClient.java:run(1457)) - Current certificate 210995 needs to be renewed remaining grace period PT0S. Forced renewal due to root ca rotation: false.
2024-04-16 15:23:56,385 [02d11606-32bc-47f5-8c57-55913d63bdbf-dn-CertificateRenewerService] INFO  ozone.OzoneSecurityUtil (OzoneSecurityUtil.java:getValidInetsForCurrentHost(116)) - Adding ip:fe80:0:0:0:20d:3aff:fe1b:d32f%eth0,host:fe80:0:0:0:20d:3aff:fe1b:d32f%eth0
2024-04-16 15:23:56,385 [02d11606-32bc-47f5-8c57-55913d63bdbf-dn-CertificateRenewerService] INFO  ozone.OzoneSecurityUtil (OzoneSecurityUtil.java:getValidInetsForCurrentHost(116)) - Adding ip:10.1.0.30,host:fv-az699-832.gws2011vpwuupmkks00dozwttg.bx.internal.cloudapp.net
2024-04-16 15:23:56,385 [02d11606-32bc-47f5-8c57-55913d63bdbf-dn-CertificateRenewerService] INFO  ozone.OzoneSecurityUtil (OzoneSecurityUtil.java:getValidInetsForCurrentHost(116)) - Adding ip:0:0:0:0:0:0:0:1%lo,host:localhost
2024-04-16 15:23:56,385 [02d11606-32bc-47f5-8c57-55913d63bdbf-dn-CertificateRenewerService] INFO  ozone.OzoneSecurityUtil (OzoneSecurityUtil.java:getValidInetsForCurrentHost(119)) - ip:127.0.0.1 not returned.
2024-04-16 15:23:56,385 [02d11606-32bc-47f5-8c57-55913d63bdbf-dn-CertificateRenewerService] ERROR client.DNCertificateClient (DefaultCertificateClient.java:run(1473)) - Failed to renew and store key and cert. Keep using existing certificates.
org.apache.hadoop.hdds.security.x509.exception.CertificateException: Error while signing and storing new certificates.
	at org.apache.hadoop.hdds.security.x509.certificate.client.DefaultCertificateClient.renewAndStoreKeyAndCertificate(DefaultCertificateClient.java:1155)
	at org.apache.hadoop.hdds.security.x509.certificate.client.DefaultCertificateClient$CertificateRenewerService.run(DefaultCertificateClient.java:1462)
	at java.util.concurrent.Executors$RunnableAdapter.call(Executors.java:511)
	at java.util.concurrent.FutureTask.runAndReset(FutureTask.java:308)
	at java.util.concurrent.ScheduledThreadPoolExecutor$ScheduledFutureTask.access$301(ScheduledThreadPoolExecutor.java:180)
	at java.util.concurrent.ScheduledThreadPoolExecutor$ScheduledFutureTask.run(ScheduledThreadPoolExecutor.java:294)
	at java.util.concurrent.ThreadPoolExecutor.runWorker(ThreadPoolExecutor.java:1149)
	at java.util.concurrent.ThreadPoolExecutor$Worker.run(ThreadPoolExecutor.java:624)
	at java.lang.Thread.run(Thread.java:750)
Caused by: java.lang.IllegalArgumentException: IP Address is invalid
	at org.bouncycastle.asn1.x509.GeneralName.<init>(Unknown Source)
	at org.apache.hadoop.hdds.security.x509.certificate.utils.CertificateSignRequest$Builder.addAltName(CertificateSignRequest.java:334)
	at org.apache.hadoop.hdds.security.x509.certificate.utils.CertificateSignRequest$Builder.addIpAddress(CertificateSignRequest.java:281)
	at org.apache.hadoop.hdds.security.x509.certificate.utils.CertificateSignRequest$Builder.lambda$addInetAddresses$0(CertificateSignRequest.java:306)
	at java.util.ArrayList.forEach(ArrayList.java:1259)
	at org.apache.hadoop.hdds.security.x509.certificate.utils.CertificateSignRequest$Builder.addInetAddresses(CertificateSignRequest.java:304)
	at org.apache.hadoop.hdds.security.x509.certificate.utils.CertificateSignRequest$Builder.addInetAddresses(CertificateSignRequest.java:292)
	at org.apache.hadoop.hdds.security.x509.certificate.client.DefaultCertificateClient.getCSRBuilder(DefaultCertificateClient.java:573)
	at org.apache.hadoop.hdds.security.x509.certificate.client.DNCertificateClient.getCSRBuilder(DNCertificateClient.java:75)
	at org.apache.hadoop.hdds.security.x509.certificate.client.DefaultCertificateClient.renewAndStoreKeyAndCertificate(DefaultCertificateClient.java:1150)
	... 8 more
2024-04-16 15:23:56,386 [02d11606-32bc-47f5-8c57-55913d63bdbf-dn-CertificateRenewerService] INFO  client.DNCertificateClient (DefaultCertificateClient.java:run(1457)) - Current certificate 210995 needs to be renewed remaining grace period PT0S. Forced renewal due to root ca rotation: false.
2024-04-16 15:23:56,574 [02d11606-32bc-47f5-8c57-55913d63bdbf-dn-CertificateRenewerService] INFO  ozone.OzoneSecurityUtil (OzoneSecurityUtil.java:getValidInetsForCurrentHost(116)) - Adding ip:fe80:0:0:0:20d:3aff:fe1b:d32f%eth0,host:fe80:0:0:0:20d:3aff:fe1b:d32f%eth0
2024-04-16 15:23:56,574 [02d11606-32bc-47f5-8c57-55913d63bdbf-dn-CertificateRenewerService] INFO  ozone.OzoneSecurityUtil (OzoneSecurityUtil.java:getValidInetsForCurrentHost(116)) - Adding ip:10.1.0.30,host:fv-az699-832.gws2011vpwuupmkks00dozwttg.bx.internal.cloudapp.net
2024-04-16 15:23:56,574 [02d11606-32bc-47f5-8c57-55913d63bdbf-dn-CertificateRenewerService] INFO  ozone.OzoneSecurityUtil (OzoneSecurityUtil.java:getValidInetsForCurrentHost(116)) - Adding ip:0:0:0:0:0:0:0:1%lo,host:localhost
2024-04-16 15:23:56,574 [02d11606-32bc-47f5-8c57-55913d63bdbf-dn-CertificateRenewerService] INFO  ozone.OzoneSecurityUtil (OzoneSecurityUtil.java:getValidInetsForCurrentHost(119)) - ip:127.0.0.1 not returned.
2024-04-16 15:23:56,575 [02d11606-32bc-47f5-8c57-55913d63bdbf-dn-CertificateRenewerService] ERROR client.DNCertificateClient (DefaultCertificateClient.java:run(1473)) - Failed to renew and store key and cert. Keep using existing certificates.
org.apache.hadoop.hdds.security.x509.exception.CertificateException: Error while signing and storing new certificates.
	at org.apache.hadoop.hdds.security.x509.certificate.client.DefaultCertificateClient.renewAndStoreKeyAndCertificate(DefaultCertificateClient.java:1155)
	at org.apache.hadoop.hdds.security.x509.certificate.client.DefaultCertificateClient$CertificateRenewerService.run(DefaultCertificateClient.java:1462)
	at java.util.concurrent.Executors$RunnableAdapter.call(Executors.java:511)
	at java.util.concurrent.FutureTask.runAndReset(FutureTask.java:308)
	at java.util.concurrent.ScheduledThreadPoolExecutor$ScheduledFutureTask.access$301(ScheduledThreadPoolExecutor.java:180)
	at java.util.concurrent.ScheduledThreadPoolExecutor$ScheduledFutureTask.run(ScheduledThreadPoolExecutor.java:294)
	at java.util.concurrent.ThreadPoolExecutor.runWorker(ThreadPoolExecutor.java:1149)
	at java.util.concurrent.ThreadPoolExecutor$Worker.run(ThreadPoolExecutor.java:624)
	at java.lang.Thread.run(Thread.java:750)
Caused by: java.lang.IllegalArgumentException: IP Address is invalid
	at org.bouncycastle.asn1.x509.GeneralName.<init>(Unknown Source)
	at org.apache.hadoop.hdds.security.x509.certificate.utils.CertificateSignRequest$Builder.addAltName(CertificateSignRequest.java:334)
	at org.apache.hadoop.hdds.security.x509.certificate.utils.CertificateSignRequest$Builder.addIpAddress(CertificateSignRequest.java:281)
	at org.apache.hadoop.hdds.security.x509.certificate.utils.CertificateSignRequest$Builder.lambda$addInetAddresses$0(CertificateSignRequest.java:306)
	at java.util.ArrayList.forEach(ArrayList.java:1259)
	at org.apache.hadoop.hdds.security.x509.certificate.utils.CertificateSignRequest$Builder.addInetAddresses(CertificateSignRequest.java:304)
	at org.apache.hadoop.hdds.security.x509.certificate.utils.CertificateSignRequest$Builder.addInetAddresses(CertificateSignRequest.java:292)
	at org.apache.hadoop.hdds.security.x509.certificate.client.DefaultCertificateClient.getCSRBuilder(DefaultCertificateClient.java:573)
	at org.apache.hadoop.hdds.security.x509.certificate.client.DNCertificateClient.getCSRBuilder(DNCertificateClient.java:75)
	at org.apache.hadoop.hdds.security.x509.certificate.client.DefaultCertificateClient.renewAndStoreKeyAndCertificate(DefaultCertificateClient.java:1150)
	... 8 more
2024-04-16 15:23:57,329 [02d11606-32bc-47f5-8c57-55913d63bdbf-dn-CertificateRenewerService] INFO  client.DNCertificateClient (DefaultCertificateClient.java:run(1457)) - Current certificate 210995 needs to be renewed remaining grace period PT0S. Forced renewal due to root ca rotation: false.
2024-04-16 15:23:57,506 [02d11606-32bc-47f5-8c57-55913d63bdbf-dn-CertificateRenewerService] INFO  ozone.OzoneSecurityUtil (OzoneSecurityUtil.java:getValidInetsForCurrentHost(116)) - Adding ip:fe80:0:0:0:20d:3aff:fe1b:d32f%eth0,host:fe80:0:0:0:20d:3aff:fe1b:d32f%eth0
2024-04-16 15:23:57,506 [02d11606-32bc-47f5-8c57-55913d63bdbf-dn-CertificateRenewerService] INFO  ozone.OzoneSecurityUtil (OzoneSecurityUtil.java:getValidInetsForCurrentHost(116)) - Adding ip:10.1.0.30,host:fv-az699-832.gws2011vpwuupmkks00dozwttg.bx.internal.cloudapp.net
2024-04-16 15:23:57,506 [02d11606-32bc-47f5-8c57-55913d63bdbf-dn-CertificateRenewerService] INFO  ozone.OzoneSecurityUtil (OzoneSecurityUtil.java:getValidInetsForCurrentHost(116)) - Adding ip:0:0:0:0:0:0:0:1%lo,host:localhost
2024-04-16 15:23:57,506 [02d11606-32bc-47f5-8c57-55913d63bdbf-dn-CertificateRenewerService] INFO  ozone.OzoneSecurityUtil (OzoneSecurityUtil.java:getValidInetsForCurrentHost(119)) - ip:127.0.0.1 not returned.
2024-04-16 15:23:57,506 [02d11606-32bc-47f5-8c57-55913d63bdbf-dn-CertificateRenewerService] ERROR client.DNCertificateClient (DefaultCertificateClient.java:run(1473)) - Failed to renew and store key and cert. Keep using existing certificates.
org.apache.hadoop.hdds.security.x509.exception.CertificateException: Error while signing and storing new certificates.
	at org.apache.hadoop.hdds.security.x509.certificate.client.DefaultCertificateClient.renewAndStoreKeyAndCertificate(DefaultCertificateClient.java:1155)
	at org.apache.hadoop.hdds.security.x509.certificate.client.DefaultCertificateClient$CertificateRenewerService.run(DefaultCertificateClient.java:1462)
	at java.util.concurrent.Executors$RunnableAdapter.call(Executors.java:511)
	at java.util.concurrent.FutureTask.runAndReset(FutureTask.java:308)
	at java.util.concurrent.ScheduledThreadPoolExecutor$ScheduledFutureTask.access$301(ScheduledThreadPoolExecutor.java:180)
	at java.util.concurrent.ScheduledThreadPoolExecutor$ScheduledFutureTask.run(ScheduledThreadPoolExecutor.java:294)
	at java.util.concurrent.ThreadPoolExecutor.runWorker(ThreadPoolExecutor.java:1149)
	at java.util.concurrent.ThreadPoolExecutor$Worker.run(ThreadPoolExecutor.java:624)
	at java.lang.Thread.run(Thread.java:750)
Caused by: java.lang.IllegalArgumentException: IP Address is invalid
	at org.bouncycastle.asn1.x509.GeneralName.<init>(Unknown Source)
	at org.apache.hadoop.hdds.security.x509.certificate.utils.CertificateSignRequest$Builder.addAltName(CertificateSignRequest.java:334)
	at org.apache.hadoop.hdds.security.x509.certificate.utils.CertificateSignRequest$Builder.addIpAddress(CertificateSignRequest.java:281)
	at org.apache.hadoop.hdds.security.x509.certificate.utils.CertificateSignRequest$Builder.lambda$addInetAddresses$0(CertificateSignRequest.java:306)
	at java.util.ArrayList.forEach(ArrayList.java:1259)
	at org.apache.hadoop.hdds.security.x509.certificate.utils.CertificateSignRequest$Builder.addInetAddresses(CertificateSignRequest.java:304)
	at org.apache.hadoop.hdds.security.x509.certificate.utils.CertificateSignRequest$Builder.addInetAddresses(CertificateSignRequest.java:292)
	at org.apache.hadoop.hdds.security.x509.certificate.client.DefaultCertificateClient.getCSRBuilder(DefaultCertificateClient.java:573)
	at org.apache.hadoop.hdds.security.x509.certificate.client.DNCertificateClient.getCSRBuilder(DNCertificateClient.java:75)
	at org.apache.hadoop.hdds.security.x509.certificate.client.DefaultCertificateClient.renewAndStoreKeyAndCertificate(DefaultCertificateClient.java:1150)
	... 8 more
2024-04-16 15:23:57,507 [02d11606-32bc-47f5-8c57-55913d63bdbf-dn-CertificateRenewerService] INFO  client.DNCertificateClient (DefaultCertificateClient.java:run(1457)) - Current certificate 210995 needs to be renewed remaining grace period PT0S. Forced renewal due to root ca rotation: false.
2024-04-16 15:23:57,592 [02d11606-32bc-47f5-8c57-55913d63bdbf-dn-CertificateRenewerService] INFO  ozone.OzoneSecurityUtil (OzoneSecurityUtil.java:getValidInetsForCurrentHost(116)) - Adding ip:fe80:0:0:0:20d:3aff:fe1b:d32f%eth0,host:fe80:0:0:0:20d:3aff:fe1b:d32f%eth0
2024-04-16 15:23:57,592 [02d11606-32bc-47f5-8c57-55913d63bdbf-dn-CertificateRenewerService] INFO  ozone.OzoneSecurityUtil (OzoneSecurityUtil.java:getValidInetsForCurrentHost(116)) - Adding ip:10.1.0.30,host:fv-az699-832.gws2011vpwuupmkks00dozwttg.bx.internal.cloudapp.net
2024-04-16 15:23:57,592 [02d11606-32bc-47f5-8c57-55913d63bdbf-dn-CertificateRenewerService] INFO  ozone.OzoneSecurityUtil (OzoneSecurityUtil.java:getValidInetsForCurrentHost(116)) - Adding ip:0:0:0:0:0:0:0:1%lo,host:localhost
2024-04-16 15:23:57,592 [02d11606-32bc-47f5-8c57-55913d63bdbf-dn-CertificateRenewerService] INFO  ozone.OzoneSecurityUtil (OzoneSecurityUtil.java:getValidInetsForCurrentHost(119)) - ip:127.0.0.1 not returned.
2024-04-16 15:23:57,592 [02d11606-32bc-47f5-8c57-55913d63bdbf-dn-CertificateRenewerService] ERROR client.DNCertificateClient (DefaultCertificateClient.java:run(1473)) - Failed to renew and store key and cert. Keep using existing certificates.
org.apache.hadoop.hdds.security.x509.exception.CertificateException: Error while signing and storing new certificates.
	at org.apache.hadoop.hdds.security.x509.certificate.client.DefaultCertificateClient.renewAndStoreKeyAndCertificate(DefaultCertificateClient.java:1155)
	at org.apache.hadoop.hdds.security.x509.certificate.client.DefaultCertificateClient$CertificateRenewerService.run(DefaultCertificateClient.java:1462)
	at java.util.concurrent.Executors$RunnableAdapter.call(Executors.java:511)
	at java.util.concurrent.FutureTask.runAndReset(FutureTask.java:308)
	at java.util.concurrent.ScheduledThreadPoolExecutor$ScheduledFutureTask.access$301(ScheduledThreadPoolExecutor.java:180)
	at java.util.concurrent.ScheduledThreadPoolExecutor$ScheduledFutureTask.run(ScheduledThreadPoolExecutor.java:294)
	at java.util.concurrent.ThreadPoolExecutor.runWorker(ThreadPoolExecutor.java:1149)
	at java.util.concurrent.ThreadPoolExecutor$Worker.run(ThreadPoolExecutor.java:624)
	at java.lang.Thread.run(Thread.java:750)
Caused by: java.lang.IllegalArgumentException: IP Address is invalid
	at org.bouncycastle.asn1.x509.GeneralName.<init>(Unknown Source)
	at org.apache.hadoop.hdds.security.x509.certificate.utils.CertificateSignRequest$Builder.addAltName(CertificateSignRequest.java:334)
	at org.apache.hadoop.hdds.security.x509.certificate.utils.CertificateSignRequest$Builder.addIpAddress(CertificateSignRequest.java:281)
	at org.apache.hadoop.hdds.security.x509.certificate.utils.CertificateSignRequest$Builder.lambda$addInetAddresses$0(CertificateSignRequest.java:306)
	at java.util.ArrayList.forEach(ArrayList.java:1259)
	at org.apache.hadoop.hdds.security.x509.certificate.utils.CertificateSignRequest$Builder.addInetAddresses(CertificateSignRequest.java:304)
	at org.apache.hadoop.hdds.security.x509.certificate.utils.CertificateSignRequest$Builder.addInetAddresses(CertificateSignRequest.java:292)
	at org.apache.hadoop.hdds.security.x509.certificate.client.DefaultCertificateClient.getCSRBuilder(DefaultCertificateClient.java:573)
	at org.apache.hadoop.hdds.security.x509.certificate.client.DNCertificateClient.getCSRBuilder(DNCertificateClient.java:75)
	at org.apache.hadoop.hdds.security.x509.certificate.client.DefaultCertificateClient.renewAndStoreKeyAndCertificate(DefaultCertificateClient.java:1150)
	... 8 more
2024-04-16 15:23:58,995 [02d11606-32bc-47f5-8c57-55913d63bdbf-dn-CertificateRenewerService] INFO  client.DNCertificateClient (DefaultCertificateClient.java:run(1457)) - Current certificate 210995 needs to be renewed remaining grace period PT0S. Forced renewal due to root ca rotation: false.
2024-04-16 15:23:59,239 [02d11606-32bc-47f5-8c57-55913d63bdbf-dn-CertificateRenewerService] INFO  ozone.OzoneSecurityUtil (OzoneSecurityUtil.java:getValidInetsForCurrentHost(116)) - Adding ip:fe80:0:0:0:20d:3aff:fe1b:d32f%eth0,host:fe80:0:0:0:20d:3aff:fe1b:d32f%eth0
2024-04-16 15:23:59,239 [02d11606-32bc-47f5-8c57-55913d63bdbf-dn-CertificateRenewerService] INFO  ozone.OzoneSecurityUtil (OzoneSecurityUtil.java:getValidInetsForCurrentHost(116)) - Adding ip:10.1.0.30,host:fv-az699-832.gws2011vpwuupmkks00dozwttg.bx.internal.cloudapp.net
2024-04-16 15:23:59,239 [02d11606-32bc-47f5-8c57-55913d63bdbf-dn-CertificateRenewerService] INFO  ozone.OzoneSecurityUtil (OzoneSecurityUtil.java:getValidInetsForCurrentHost(116)) - Adding ip:0:0:0:0:0:0:0:1%lo,host:localhost
2024-04-16 15:23:59,239 [02d11606-32bc-47f5-8c57-55913d63bdbf-dn-CertificateRenewerService] INFO  ozone.OzoneSecurityUtil (OzoneSecurityUtil.java:getValidInetsForCurrentHost(119)) - ip:127.0.0.1 not returned.
2024-04-16 15:23:59,239 [02d11606-32bc-47f5-8c57-55913d63bdbf-dn-CertificateRenewerService] ERROR client.DNCertificateClient (DefaultCertificateClient.java:run(1473)) - Failed to renew and store key and cert. Keep using existing certificates.
org.apache.hadoop.hdds.security.x509.exception.CertificateException: Error while signing and storing new certificates.
	at org.apache.hadoop.hdds.security.x509.certificate.client.DefaultCertificateClient.renewAndStoreKeyAndCertificate(DefaultCertificateClient.java:1155)
	at org.apache.hadoop.hdds.security.x509.certificate.client.DefaultCertificateClient$CertificateRenewerService.run(DefaultCertificateClient.java:1462)
	at java.util.concurrent.Executors$RunnableAdapter.call(Executors.java:511)
	at java.util.concurrent.FutureTask.runAndReset(FutureTask.java:308)
	at java.util.concurrent.ScheduledThreadPoolExecutor$ScheduledFutureTask.access$301(ScheduledThreadPoolExecutor.java:180)
	at java.util.concurrent.ScheduledThreadPoolExecutor$ScheduledFutureTask.run(ScheduledThreadPoolExecutor.java:294)
	at java.util.concurrent.ThreadPoolExecutor.runWorker(ThreadPoolExecutor.java:1149)
	at java.util.concurrent.ThreadPoolExecutor$Worker.run(ThreadPoolExecutor.java:624)
	at java.lang.Thread.run(Thread.java:750)
Caused by: java.lang.IllegalArgumentException: IP Address is invalid
	at org.bouncycastle.asn1.x509.GeneralName.<init>(Unknown Source)
	at org.apache.hadoop.hdds.security.x509.certificate.utils.CertificateSignRequest$Builder.addAltName(CertificateSignRequest.java:334)
	at org.apache.hadoop.hdds.security.x509.certificate.utils.CertificateSignRequest$Builder.addIpAddress(CertificateSignRequest.java:281)
	at org.apache.hadoop.hdds.security.x509.certificate.utils.CertificateSignRequest$Builder.lambda$addInetAddresses$0(CertificateSignRequest.java:306)
	at java.util.ArrayList.forEach(ArrayList.java:1259)
	at org.apache.hadoop.hdds.security.x509.certificate.utils.CertificateSignRequest$Builder.addInetAddresses(CertificateSignRequest.java:304)
	at org.apache.hadoop.hdds.security.x509.certificate.utils.CertificateSignRequest$Builder.addInetAddresses(CertificateSignRequest.java:292)
	at org.apache.hadoop.hdds.security.x509.certificate.client.DefaultCertificateClient.getCSRBuilder(DefaultCertificateClient.java:573)
	at org.apache.hadoop.hdds.security.x509.certificate.client.DNCertificateClient.getCSRBuilder(DNCertificateClient.java:75)
	at org.apache.hadoop.hdds.security.x509.certificate.client.DefaultCertificateClient.renewAndStoreKeyAndCertificate(DefaultCertificateClient.java:1150)
	... 8 more
2024-04-16 15:23:59,240 [02d11606-32bc-47f5-8c57-55913d63bdbf-dn-CertificateRenewerService] INFO  client.DNCertificateClient (DefaultCertificateClient.java:run(1457)) - Current certificate 210995 needs to be renewed remaining grace period PT0S. Forced renewal due to root ca rotation: false.
2024-04-16 15:23:59,431 [02d11606-32bc-47f5-8c57-55913d63bdbf-dn-CertificateRenewerService] INFO  ozone.OzoneSecurityUtil (OzoneSecurityUtil.java:getValidInetsForCurrentHost(116)) - Adding ip:fe80:0:0:0:20d:3aff:fe1b:d32f%eth0,host:fe80:0:0:0:20d:3aff:fe1b:d32f%eth0
2024-04-16 15:23:59,431 [02d11606-32bc-47f5-8c57-55913d63bdbf-dn-CertificateRenewerService] INFO  ozone.OzoneSecurityUtil (OzoneSecurityUtil.java:getValidInetsForCurrentHost(116)) - Adding ip:10.1.0.30,host:fv-az699-832.gws2011vpwuupmkks00dozwttg.bx.internal.cloudapp.net
2024-04-16 15:23:59,432 [02d11606-32bc-47f5-8c57-55913d63bdbf-dn-CertificateRenewerService] INFO  ozone.OzoneSecurityUtil (OzoneSecurityUtil.java:getValidInetsForCurrentHost(116)) - Adding ip:0:0:0:0:0:0:0:1%lo,host:localhost
2024-04-16 15:23:59,432 [02d11606-32bc-47f5-8c57-55913d63bdbf-dn-CertificateRenewerService] INFO  ozone.OzoneSecurityUtil (OzoneSecurityUtil.java:getValidInetsForCurrentHost(119)) - ip:127.0.0.1 not returned.
2024-04-16 15:23:59,432 [02d11606-32bc-47f5-8c57-55913d63bdbf-dn-CertificateRenewerService] ERROR client.DNCertificateClient (DefaultCertificateClient.java:run(1473)) - Failed to renew and store key and cert. Keep using existing certificates.
org.apache.hadoop.hdds.security.x509.exception.CertificateException: Error while signing and storing new certificates.
	at org.apache.hadoop.hdds.security.x509.certificate.client.DefaultCertificateClient.renewAndStoreKeyAndCertificate(DefaultCertificateClient.java:1155)
	at org.apache.hadoop.hdds.security.x509.certificate.client.DefaultCertificateClient$CertificateRenewerService.run(DefaultCertificateClient.java:1462)
	at java.util.concurrent.Executors$RunnableAdapter.call(Executors.java:511)
	at java.util.concurrent.FutureTask.runAndReset(FutureTask.java:308)
	at java.util.concurrent.ScheduledThreadPoolExecutor$ScheduledFutureTask.access$301(ScheduledThreadPoolExecutor.java:180)
	at java.util.concurrent.ScheduledThreadPoolExecutor$ScheduledFutureTask.run(ScheduledThreadPoolExecutor.java:294)
	at java.util.concurrent.ThreadPoolExecutor.runWorker(ThreadPoolExecutor.java:1149)
	at java.util.concurrent.ThreadPoolExecutor$Worker.run(ThreadPoolExecutor.java:624)
	at java.lang.Thread.run(Thread.java:750)
Caused by: java.lang.IllegalArgumentException: IP Address is invalid
	at org.bouncycastle.asn1.x509.GeneralName.<init>(Unknown Source)
	at org.apache.hadoop.hdds.security.x509.certificate.utils.CertificateSignRequest$Builder.addAltName(CertificateSignRequest.java:334)
	at org.apache.hadoop.hdds.security.x509.certificate.utils.CertificateSignRequest$Builder.addIpAddress(CertificateSignRequest.java:281)
	at org.apache.hadoop.hdds.security.x509.certificate.utils.CertificateSignRequest$Builder.lambda$addInetAddresses$0(CertificateSignRequest.java:306)
	at java.util.ArrayList.forEach(ArrayList.java:1259)
	at org.apache.hadoop.hdds.security.x509.certificate.utils.CertificateSignRequest$Builder.addInetAddresses(CertificateSignRequest.java:304)
	at org.apache.hadoop.hdds.security.x509.certificate.utils.CertificateSignRequest$Builder.addInetAddresses(CertificateSignRequest.java:292)
	at org.apache.hadoop.hdds.security.x509.certificate.client.DefaultCertificateClient.getCSRBuilder(DefaultCertificateClient.java:573)
	at org.apache.hadoop.hdds.security.x509.certificate.client.DNCertificateClient.getCSRBuilder(DNCertificateClient.java:75)
	at org.apache.hadoop.hdds.security.x509.certificate.client.DefaultCertificateClient.renewAndStoreKeyAndCertificate(DefaultCertificateClient.java:1150)
	... 8 more
2024-04-16 15:24:00,661 [02d11606-32bc-47f5-8c57-55913d63bdbf-dn-CertificateRenewerService] INFO  client.DNCertificateClient (DefaultCertificateClient.java:run(1457)) - Current certificate 210995 needs to be renewed remaining grace period PT0S. Forced renewal due to root ca rotation: false.
2024-04-16 15:24:00,938 [02d11606-32bc-47f5-8c57-55913d63bdbf-dn-CertificateRenewerService] INFO  ozone.OzoneSecurityUtil (OzoneSecurityUtil.java:getValidInetsForCurrentHost(116)) - Adding ip:fe80:0:0:0:20d:3aff:fe1b:d32f%eth0,host:fe80:0:0:0:20d:3aff:fe1b:d32f%eth0
2024-04-16 15:24:00,938 [02d11606-32bc-47f5-8c57-55913d63bdbf-dn-CertificateRenewerService] INFO  ozone.OzoneSecurityUtil (OzoneSecurityUtil.java:getValidInetsForCurrentHost(116)) - Adding ip:10.1.0.30,host:fv-az699-832.gws2011vpwuupmkks00dozwttg.bx.internal.cloudapp.net
2024-04-16 15:24:00,938 [02d11606-32bc-47f5-8c57-55913d63bdbf-dn-CertificateRenewerService] INFO  ozone.OzoneSecurityUtil (OzoneSecurityUtil.java:getValidInetsForCurrentHost(116)) - Adding ip:0:0:0:0:0:0:0:1%lo,host:localhost
2024-04-16 15:24:00,938 [02d11606-32bc-47f5-8c57-55913d63bdbf-dn-CertificateRenewerService] INFO  ozone.OzoneSecurityUtil (OzoneSecurityUtil.java:getValidInetsForCurrentHost(119)) - ip:127.0.0.1 not returned.
2024-04-16 15:24:00,938 [02d11606-32bc-47f5-8c57-55913d63bdbf-dn-CertificateRenewerService] ERROR client.DNCertificateClient (DefaultCertificateClient.java:run(1473)) - Failed to renew and store key and cert. Keep using existing certificates.
org.apache.hadoop.hdds.security.x509.exception.CertificateException: Error while signing and storing new certificates.
	at org.apache.hadoop.hdds.security.x509.certificate.client.DefaultCertificateClient.renewAndStoreKeyAndCertificate(DefaultCertificateClient.java:1155)
	at org.apache.hadoop.hdds.security.x509.certificate.client.DefaultCertificateClient$CertificateRenewerService.run(DefaultCertificateClient.java:1462)
	at java.util.concurrent.Executors$RunnableAdapter.call(Executors.java:511)
	at java.util.concurrent.FutureTask.runAndReset(FutureTask.java:308)
	at java.util.concurrent.ScheduledThreadPoolExecutor$ScheduledFutureTask.access$301(ScheduledThreadPoolExecutor.java:180)
	at java.util.concurrent.ScheduledThreadPoolExecutor$ScheduledFutureTask.run(ScheduledThreadPoolExecutor.java:294)
	at java.util.concurrent.ThreadPoolExecutor.runWorker(ThreadPoolExecutor.java:1149)
	at java.util.concurrent.ThreadPoolExecutor$Worker.run(ThreadPoolExecutor.java:624)
	at java.lang.Thread.run(Thread.java:750)
Caused by: java.lang.IllegalArgumentException: IP Address is invalid
	at org.bouncycastle.asn1.x509.GeneralName.<init>(Unknown Source)
	at org.apache.hadoop.hdds.security.x509.certificate.utils.CertificateSignRequest$Builder.addAltName(CertificateSignRequest.java:334)
	at org.apache.hadoop.hdds.security.x509.certificate.utils.CertificateSignRequest$Builder.addIpAddress(CertificateSignRequest.java:281)
	at org.apache.hadoop.hdds.security.x509.certificate.utils.CertificateSignRequest$Builder.lambda$addInetAddresses$0(CertificateSignRequest.java:306)
	at java.util.ArrayList.forEach(ArrayList.java:1259)
	at org.apache.hadoop.hdds.security.x509.certificate.utils.CertificateSignRequest$Builder.addInetAddresses(CertificateSignRequest.java:304)
	at org.apache.hadoop.hdds.security.x509.certificate.utils.CertificateSignRequest$Builder.addInetAddresses(CertificateSignRequest.java:292)
	at org.apache.hadoop.hdds.security.x509.certificate.client.DefaultCertificateClient.getCSRBuilder(DefaultCertificateClient.java:573)
	at org.apache.hadoop.hdds.security.x509.certificate.client.DNCertificateClient.getCSRBuilder(DNCertificateClient.java:75)
	at org.apache.hadoop.hdds.security.x509.certificate.client.DefaultCertificateClient.renewAndStoreKeyAndCertificate(DefaultCertificateClient.java:1150)
	... 8 more
2024-04-16 15:24:00,939 [02d11606-32bc-47f5-8c57-55913d63bdbf-dn-CertificateRenewerService] INFO  client.DNCertificateClient (DefaultCertificateClient.java:run(1457)) - Current certificate 210995 needs to be renewed remaining grace period PT0S. Forced renewal due to root ca rotation: false.
2024-04-16 15:24:01,111 [02d11606-32bc-47f5-8c57-55913d63bdbf-dn-CertificateRenewerService] INFO  ozone.OzoneSecurityUtil (OzoneSecurityUtil.java:getValidInetsForCurrentHost(116)) - Adding ip:fe80:0:0:0:20d:3aff:fe1b:d32f%eth0,host:fe80:0:0:0:20d:3aff:fe1b:d32f%eth0
2024-04-16 15:24:01,111 [02d11606-32bc-47f5-8c57-55913d63bdbf-dn-CertificateRenewerService] INFO  ozone.OzoneSecurityUtil (OzoneSecurityUtil.java:getValidInetsForCurrentHost(116)) - Adding ip:10.1.0.30,host:fv-az699-832.gws2011vpwuupmkks00dozwttg.bx.internal.cloudapp.net
2024-04-16 15:24:01,111 [02d11606-32bc-47f5-8c57-55913d63bdbf-dn-CertificateRenewerService] INFO  ozone.OzoneSecurityUtil (OzoneSecurityUtil.java:getValidInetsForCurrentHost(116)) - Adding ip:0:0:0:0:0:0:0:1%lo,host:localhost
2024-04-16 15:24:01,111 [02d11606-32bc-47f5-8c57-55913d63bdbf-dn-CertificateRenewerService] INFO  ozone.OzoneSecurityUtil (OzoneSecurityUtil.java:getValidInetsForCurrentHost(119)) - ip:127.0.0.1 not returned.
2024-04-16 15:24:01,112 [02d11606-32bc-47f5-8c57-55913d63bdbf-dn-CertificateRenewerService] ERROR client.DNCertificateClient (DefaultCertificateClient.java:run(1473)) - Failed to renew and store key and cert. Keep using existing certificates.
org.apache.hadoop.hdds.security.x509.exception.CertificateException: Error while signing and storing new certificates.
	at org.apache.hadoop.hdds.security.x509.certificate.client.DefaultCertificateClient.renewAndStoreKeyAndCertificate(DefaultCertificateClient.java:1155)
	at org.apache.hadoop.hdds.security.x509.certificate.client.DefaultCertificateClient$CertificateRenewerService.run(DefaultCertificateClient.java:1462)
	at java.util.concurrent.Executors$RunnableAdapter.call(Executors.java:511)
	at java.util.concurrent.FutureTask.runAndReset(FutureTask.java:308)
	at java.util.concurrent.ScheduledThreadPoolExecutor$ScheduledFutureTask.access$301(ScheduledThreadPoolExecutor.java:180)
	at java.util.concurrent.ScheduledThreadPoolExecutor$ScheduledFutureTask.run(ScheduledThreadPoolExecutor.java:294)
	at java.util.concurrent.ThreadPoolExecutor.runWorker(ThreadPoolExecutor.java:1149)
	at java.util.concurrent.ThreadPoolExecutor$Worker.run(ThreadPoolExecutor.java:624)
	at java.lang.Thread.run(Thread.java:750)
Caused by: java.lang.IllegalArgumentException: IP Address is invalid
	at org.bouncycastle.asn1.x509.GeneralName.<init>(Unknown Source)
	at org.apache.hadoop.hdds.security.x509.certificate.utils.CertificateSignRequest$Builder.addAltName(CertificateSignRequest.java:334)
	at org.apache.hadoop.hdds.security.x509.certificate.utils.CertificateSignRequest$Builder.addIpAddress(CertificateSignRequest.java:281)
	at org.apache.hadoop.hdds.security.x509.certificate.utils.CertificateSignRequest$Builder.lambda$addInetAddresses$0(CertificateSignRequest.java:306)
	at java.util.ArrayList.forEach(ArrayList.java:1259)
	at org.apache.hadoop.hdds.security.x509.certificate.utils.CertificateSignRequest$Builder.addInetAddresses(CertificateSignRequest.java:304)
	at org.apache.hadoop.hdds.security.x509.certificate.utils.CertificateSignRequest$Builder.addInetAddresses(CertificateSignRequest.java:292)
	at org.apache.hadoop.hdds.security.x509.certificate.client.DefaultCertificateClient.getCSRBuilder(DefaultCertificateClient.java:573)
	at org.apache.hadoop.hdds.security.x509.certificate.client.DNCertificateClient.getCSRBuilder(DNCertificateClient.java:75)
	at org.apache.hadoop.hdds.security.x509.certificate.client.DefaultCertificateClient.renewAndStoreKeyAndCertificate(DefaultCertificateClient.java:1150)
	... 8 more
2024-04-16 15:24:02,327 [02d11606-32bc-47f5-8c57-55913d63bdbf-dn-CertificateRenewerService] INFO  client.DNCertificateClient (DefaultCertificateClient.java:run(1457)) - Current certificate 210995 needs to be renewed remaining grace period PT0S. Forced renewal due to root ca rotation: false.
2024-04-16 15:24:02,367 [02d11606-32bc-47f5-8c57-55913d63bdbf-dn-CertificateRenewerService] INFO  ozone.OzoneSecurityUtil (OzoneSecurityUtil.java:getValidInetsForCurrentHost(116)) - Adding ip:fe80:0:0:0:20d:3aff:fe1b:d32f%eth0,host:fe80:0:0:0:20d:3aff:fe1b:d32f%eth0
2024-04-16 15:24:02,367 [02d11606-32bc-47f5-8c57-55913d63bdbf-dn-CertificateRenewerService] INFO  ozone.OzoneSecurityUtil (OzoneSecurityUtil.java:getValidInetsForCurrentHost(116)) - Adding ip:10.1.0.30,host:fv-az699-832.gws2011vpwuupmkks00dozwttg.bx.internal.cloudapp.net
2024-04-16 15:24:02,367 [02d11606-32bc-47f5-8c57-55913d63bdbf-dn-CertificateRenewerService] INFO  ozone.OzoneSecurityUtil (OzoneSecurityUtil.java:getValidInetsForCurrentHost(116)) - Adding ip:0:0:0:0:0:0:0:1%lo,host:localhost
2024-04-16 15:24:02,367 [02d11606-32bc-47f5-8c57-55913d63bdbf-dn-CertificateRenewerService] INFO  ozone.OzoneSecurityUtil (OzoneSecurityUtil.java:getValidInetsForCurrentHost(119)) - ip:127.0.0.1 not returned.
2024-04-16 15:24:02,367 [02d11606-32bc-47f5-8c57-55913d63bdbf-dn-CertificateRenewerService] ERROR client.DNCertificateClient (DefaultCertificateClient.java:run(1473)) - Failed to renew and store key and cert. Keep using existing certificates.
org.apache.hadoop.hdds.security.x509.exception.CertificateException: Error while signing and storing new certificates.
	at org.apache.hadoop.hdds.security.x509.certificate.client.DefaultCertificateClient.renewAndStoreKeyAndCertificate(DefaultCertificateClient.java:1155)
	at org.apache.hadoop.hdds.security.x509.certificate.client.DefaultCertificateClient$CertificateRenewerService.run(DefaultCertificateClient.java:1462)
	at java.util.concurrent.Executors$RunnableAdapter.call(Executors.java:511)
	at java.util.concurrent.FutureTask.runAndReset(FutureTask.java:308)
	at java.util.concurrent.ScheduledThreadPoolExecutor$ScheduledFutureTask.access$301(ScheduledThreadPoolExecutor.java:180)
	at java.util.concurrent.ScheduledThreadPoolExecutor$ScheduledFutureTask.run(ScheduledThreadPoolExecutor.java:294)
	at java.util.concurrent.ThreadPoolExecutor.runWorker(ThreadPoolExecutor.java:1149)
	at java.util.concurrent.ThreadPoolExecutor$Worker.run(ThreadPoolExecutor.java:624)
	at java.lang.Thread.run(Thread.java:750)
Caused by: java.lang.IllegalArgumentException: IP Address is invalid
	at org.bouncycastle.asn1.x509.GeneralName.<init>(Unknown Source)
	at org.apache.hadoop.hdds.security.x509.certificate.utils.CertificateSignRequest$Builder.addAltName(CertificateSignRequest.java:334)
	at org.apache.hadoop.hdds.security.x509.certificate.utils.CertificateSignRequest$Builder.addIpAddress(CertificateSignRequest.java:281)
	at org.apache.hadoop.hdds.security.x509.certificate.utils.CertificateSignRequest$Builder.lambda$addInetAddresses$0(CertificateSignRequest.java:306)
	at java.util.ArrayList.forEach(ArrayList.java:1259)
	at org.apache.hadoop.hdds.security.x509.certificate.utils.CertificateSignRequest$Builder.addInetAddresses(CertificateSignRequest.java:304)
	at org.apache.hadoop.hdds.security.x509.certificate.utils.CertificateSignRequest$Builder.addInetAddresses(CertificateSignRequest.java:292)
	at org.apache.hadoop.hdds.security.x509.certificate.client.DefaultCertificateClient.getCSRBuilder(DefaultCertificateClient.java:573)
	at org.apache.hadoop.hdds.security.x509.certificate.client.DNCertificateClient.getCSRBuilder(DNCertificateClient.java:75)
	at org.apache.hadoop.hdds.security.x509.certificate.client.DefaultCertificateClient.renewAndStoreKeyAndCertificate(DefaultCertificateClient.java:1150)
	... 8 more
2024-04-16 15:24:02,368 [02d11606-32bc-47f5-8c57-55913d63bdbf-dn-CertificateRenewerService] INFO  client.DNCertificateClient (DefaultCertificateClient.java:run(1457)) - Current certificate 210995 needs to be renewed remaining grace period PT0S. Forced renewal due to root ca rotation: false.
2024-04-16 15:24:02,701 [02d11606-32bc-47f5-8c57-55913d63bdbf-dn-CertificateRenewerService] INFO  ozone.OzoneSecurityUtil (OzoneSecurityUtil.java:getValidInetsForCurrentHost(116)) - Adding ip:fe80:0:0:0:20d:3aff:fe1b:d32f%eth0,host:fe80:0:0:0:20d:3aff:fe1b:d32f%eth0
2024-04-16 15:24:02,701 [02d11606-32bc-47f5-8c57-55913d63bdbf-dn-CertificateRenewerService] INFO  ozone.OzoneSecurityUtil (OzoneSecurityUtil.java:getValidInetsForCurrentHost(116)) - Adding ip:10.1.0.30,host:fv-az699-832.gws2011vpwuupmkks00dozwttg.bx.internal.cloudapp.net
2024-04-16 15:24:02,701 [02d11606-32bc-47f5-8c57-55913d63bdbf-dn-CertificateRenewerService] INFO  ozone.OzoneSecurityUtil (OzoneSecurityUtil.java:getValidInetsForCurrentHost(116)) - Adding ip:0:0:0:0:0:0:0:1%lo,host:localhost
2024-04-16 15:24:02,701 [02d11606-32bc-47f5-8c57-55913d63bdbf-dn-CertificateRenewerService] INFO  ozone.OzoneSecurityUtil (OzoneSecurityUtil.java:getValidInetsForCurrentHost(119)) - ip:127.0.0.1 not returned.
2024-04-16 15:24:02,701 [02d11606-32bc-47f5-8c57-55913d63bdbf-dn-CertificateRenewerService] ERROR client.DNCertificateClient (DefaultCertificateClient.java:run(1473)) - Failed to renew and store key and cert. Keep using existing certificates.
org.apache.hadoop.hdds.security.x509.exception.CertificateException: Error while signing and storing new certificates.
	at org.apache.hadoop.hdds.security.x509.certificate.client.DefaultCertificateClient.renewAndStoreKeyAndCertificate(DefaultCertificateClient.java:1155)
	at org.apache.hadoop.hdds.security.x509.certificate.client.DefaultCertificateClient$CertificateRenewerService.run(DefaultCertificateClient.java:1462)
	at java.util.concurrent.Executors$RunnableAdapter.call(Executors.java:511)
	at java.util.concurrent.FutureTask.runAndReset(FutureTask.java:308)
	at java.util.concurrent.ScheduledThreadPoolExecutor$ScheduledFutureTask.access$301(ScheduledThreadPoolExecutor.java:180)
	at java.util.concurrent.ScheduledThreadPoolExecutor$ScheduledFutureTask.run(ScheduledThreadPoolExecutor.java:294)
	at java.util.concurrent.ThreadPoolExecutor.runWorker(ThreadPoolExecutor.java:1149)
	at java.util.concurrent.ThreadPoolExecutor$Worker.run(ThreadPoolExecutor.java:624)
	at java.lang.Thread.run(Thread.java:750)
Caused by: java.lang.IllegalArgumentException: IP Address is invalid
	at org.bouncycastle.asn1.x509.GeneralName.<init>(Unknown Source)
	at org.apache.hadoop.hdds.security.x509.certificate.utils.CertificateSignRequest$Builder.addAltName(CertificateSignRequest.java:334)
	at org.apache.hadoop.hdds.security.x509.certificate.utils.CertificateSignRequest$Builder.addIpAddress(CertificateSignRequest.java:281)
	at org.apache.hadoop.hdds.security.x509.certificate.utils.CertificateSignRequest$Builder.lambda$addInetAddresses$0(CertificateSignRequest.java:306)
	at java.util.ArrayList.forEach(ArrayList.java:1259)
	at org.apache.hadoop.hdds.security.x509.certificate.utils.CertificateSignRequest$Builder.addInetAddresses(CertificateSignRequest.java:304)
	at org.apache.hadoop.hdds.security.x509.certificate.utils.CertificateSignRequest$Builder.addInetAddresses(CertificateSignRequest.java:292)
	at org.apache.hadoop.hdds.security.x509.certificate.client.DefaultCertificateClient.getCSRBuilder(DefaultCertificateClient.java:573)
	at org.apache.hadoop.hdds.security.x509.certificate.client.DNCertificateClient.getCSRBuilder(DNCertificateClient.java:75)
	at org.apache.hadoop.hdds.security.x509.certificate.client.DefaultCertificateClient.renewAndStoreKeyAndCertificate(DefaultCertificateClient.java:1150)
	... 8 more
2024-04-16 15:24:03,993 [02d11606-32bc-47f5-8c57-55913d63bdbf-dn-CertificateRenewerService] INFO  client.DNCertificateClient (DefaultCertificateClient.java:run(1457)) - Current certificate 210995 needs to be renewed remaining grace period PT0S. Forced renewal due to root ca rotation: false.
2024-04-16 15:24:04,518 [02d11606-32bc-47f5-8c57-55913d63bdbf-dn-CertificateRenewerService] INFO  ozone.OzoneSecurityUtil (OzoneSecurityUtil.java:getValidInetsForCurrentHost(116)) - Adding ip:fe80:0:0:0:20d:3aff:fe1b:d32f%eth0,host:fe80:0:0:0:20d:3aff:fe1b:d32f%eth0
2024-04-16 15:24:04,518 [02d11606-32bc-47f5-8c57-55913d63bdbf-dn-CertificateRenewerService] INFO  ozone.OzoneSecurityUtil (OzoneSecurityUtil.java:getValidInetsForCurrentHost(116)) - Adding ip:10.1.0.30,host:fv-az699-832.gws2011vpwuupmkks00dozwttg.bx.internal.cloudapp.net
2024-04-16 15:24:04,518 [02d11606-32bc-47f5-8c57-55913d63bdbf-dn-CertificateRenewerService] INFO  ozone.OzoneSecurityUtil (OzoneSecurityUtil.java:getValidInetsForCurrentHost(116)) - Adding ip:0:0:0:0:0:0:0:1%lo,host:localhost
2024-04-16 15:24:04,519 [02d11606-32bc-47f5-8c57-55913d63bdbf-dn-CertificateRenewerService] INFO  ozone.OzoneSecurityUtil (OzoneSecurityUtil.java:getValidInetsForCurrentHost(119)) - ip:127.0.0.1 not returned.
2024-04-16 15:24:04,519 [02d11606-32bc-47f5-8c57-55913d63bdbf-dn-CertificateRenewerService] ERROR client.DNCertificateClient (DefaultCertificateClient.java:run(1473)) - Failed to renew and store key and cert. Keep using existing certificates.
org.apache.hadoop.hdds.security.x509.exception.CertificateException: Error while signing and storing new certificates.
	at org.apache.hadoop.hdds.security.x509.certificate.client.DefaultCertificateClient.renewAndStoreKeyAndCertificate(DefaultCertificateClient.java:1155)
	at org.apache.hadoop.hdds.security.x509.certificate.client.DefaultCertificateClient$CertificateRenewerService.run(DefaultCertificateClient.java:1462)
	at java.util.concurrent.Executors$RunnableAdapter.call(Executors.java:511)
	at java.util.concurrent.FutureTask.runAndReset(FutureTask.java:308)
	at java.util.concurrent.ScheduledThreadPoolExecutor$ScheduledFutureTask.access$301(ScheduledThreadPoolExecutor.java:180)
	at java.util.concurrent.ScheduledThreadPoolExecutor$ScheduledFutureTask.run(ScheduledThreadPoolExecutor.java:294)
	at java.util.concurrent.ThreadPoolExecutor.runWorker(ThreadPoolExecutor.java:1149)
	at java.util.concurrent.ThreadPoolExecutor$Worker.run(ThreadPoolExecutor.java:624)
	at java.lang.Thread.run(Thread.java:750)
Caused by: java.lang.IllegalArgumentException: IP Address is invalid
	at org.bouncycastle.asn1.x509.GeneralName.<init>(Unknown Source)
	at org.apache.hadoop.hdds.security.x509.certificate.utils.CertificateSignRequest$Builder.addAltName(CertificateSignRequest.java:334)
	at org.apache.hadoop.hdds.security.x509.certificate.utils.CertificateSignRequest$Builder.addIpAddress(CertificateSignRequest.java:281)
	at org.apache.hadoop.hdds.security.x509.certificate.utils.CertificateSignRequest$Builder.lambda$addInetAddresses$0(CertificateSignRequest.java:306)
	at java.util.ArrayList.forEach(ArrayList.java:1259)
	at org.apache.hadoop.hdds.security.x509.certificate.utils.CertificateSignRequest$Builder.addInetAddresses(CertificateSignRequest.java:304)
	at org.apache.hadoop.hdds.security.x509.certificate.utils.CertificateSignRequest$Builder.addInetAddresses(CertificateSignRequest.java:292)
	at org.apache.hadoop.hdds.security.x509.certificate.client.DefaultCertificateClient.getCSRBuilder(DefaultCertificateClient.java:573)
	at org.apache.hadoop.hdds.security.x509.certificate.client.DNCertificateClient.getCSRBuilder(DNCertificateClient.java:75)
	at org.apache.hadoop.hdds.security.x509.certificate.client.DefaultCertificateClient.renewAndStoreKeyAndCertificate(DefaultCertificateClient.java:1150)
	... 8 more
2024-04-16 15:24:04,519 [02d11606-32bc-47f5-8c57-55913d63bdbf-dn-CertificateRenewerService] INFO  client.DNCertificateClient (DefaultCertificateClient.java:run(1457)) - Current certificate 210995 needs to be renewed remaining grace period PT0S. Forced renewal due to root ca rotation: false.
2024-04-16 15:24:04,749 [02d11606-32bc-47f5-8c57-55913d63bdbf-dn-CertificateRenewerService] INFO  ozone.OzoneSecurityUtil (OzoneSecurityUtil.java:getValidInetsForCurrentHost(116)) - Adding ip:fe80:0:0:0:20d:3aff:fe1b:d32f%eth0,host:fe80:0:0:0:20d:3aff:fe1b:d32f%eth0
2024-04-16 15:24:04,749 [02d11606-32bc-47f5-8c57-55913d63bdbf-dn-CertificateRenewerService] INFO  ozone.OzoneSecurityUtil (OzoneSecurityUtil.java:getValidInetsForCurrentHost(116)) - Adding ip:10.1.0.30,host:fv-az699-832.gws2011vpwuupmkks00dozwttg.bx.internal.cloudapp.net
2024-04-16 15:24:04,749 [02d11606-32bc-47f5-8c57-55913d63bdbf-dn-CertificateRenewerService] INFO  ozone.OzoneSecurityUtil (OzoneSecurityUtil.java:getValidInetsForCurrentHost(116)) - Adding ip:0:0:0:0:0:0:0:1%lo,host:localhost
2024-04-16 15:24:04,749 [02d11606-32bc-47f5-8c57-55913d63bdbf-dn-CertificateRenewerService] INFO  ozone.OzoneSecurityUtil (OzoneSecurityUtil.java:getValidInetsForCurrentHost(119)) - ip:127.0.0.1 not returned.
2024-04-16 15:24:04,750 [02d11606-32bc-47f5-8c57-55913d63bdbf-dn-CertificateRenewerService] ERROR client.DNCertificateClient (DefaultCertificateClient.java:run(1473)) - Failed to renew and store key and cert. Keep using existing certificates.
org.apache.hadoop.hdds.security.x509.exception.CertificateException: Error while signing and storing new certificates.
	at org.apache.hadoop.hdds.security.x509.certificate.client.DefaultCertificateClient.renewAndStoreKeyAndCertificate(DefaultCertificateClient.java:1155)
	at org.apache.hadoop.hdds.security.x509.certificate.client.DefaultCertificateClient$CertificateRenewerService.run(DefaultCertificateClient.java:1462)
	at java.util.concurrent.Executors$RunnableAdapter.call(Executors.java:511)
	at java.util.concurrent.FutureTask.runAndReset(FutureTask.java:308)
	at java.util.concurrent.ScheduledThreadPoolExecutor$ScheduledFutureTask.access$301(ScheduledThreadPoolExecutor.java:180)
	at java.util.concurrent.ScheduledThreadPoolExecutor$ScheduledFutureTask.run(ScheduledThreadPoolExecutor.java:294)
	at java.util.concurrent.ThreadPoolExecutor.runWorker(ThreadPoolExecutor.java:1149)
	at java.util.concurrent.ThreadPoolExecutor$Worker.run(ThreadPoolExecutor.java:624)
	at java.lang.Thread.run(Thread.java:750)
Caused by: java.lang.IllegalArgumentException: IP Address is invalid
	at org.bouncycastle.asn1.x509.GeneralName.<init>(Unknown Source)
	at org.apache.hadoop.hdds.security.x509.certificate.utils.CertificateSignRequest$Builder.addAltName(CertificateSignRequest.java:334)
	at org.apache.hadoop.hdds.security.x509.certificate.utils.CertificateSignRequest$Builder.addIpAddress(CertificateSignRequest.java:281)
	at org.apache.hadoop.hdds.security.x509.certificate.utils.CertificateSignRequest$Builder.lambda$addInetAddresses$0(CertificateSignRequest.java:306)
	at java.util.ArrayList.forEach(ArrayList.java:1259)
	at org.apache.hadoop.hdds.security.x509.certificate.utils.CertificateSignRequest$Builder.addInetAddresses(CertificateSignRequest.java:304)
	at org.apache.hadoop.hdds.security.x509.certificate.utils.CertificateSignRequest$Builder.addInetAddresses(CertificateSignRequest.java:292)
	at org.apache.hadoop.hdds.security.x509.certificate.client.DefaultCertificateClient.getCSRBuilder(DefaultCertificateClient.java:573)
	at org.apache.hadoop.hdds.security.x509.certificate.client.DNCertificateClient.getCSRBuilder(DNCertificateClient.java:75)
	at org.apache.hadoop.hdds.security.x509.certificate.client.DefaultCertificateClient.renewAndStoreKeyAndCertificate(DefaultCertificateClient.java:1150)
	... 8 more
]]></system-out>
      <system-err><![CDATA[java.lang.RuntimeException: Fail to authentication when starting HDDS datanode plugin
	at org.apache.hadoop.ozone.HddsDatanodeService.start(HddsDatanodeService.java:346)
	at org.apache.hadoop.ozone.HddsDatanodeService.start(HddsDatanodeService.java:213)
	at org.apache.hadoop.ozone.TestHddsSecureDatanodeInit.lambda$setUp$0(TestHddsSecureDatanodeInit.java:123)
	at org.apache.hadoop.ozone.TestHddsSecureDatanodeInit.callQuietly(TestHddsSecureDatanodeInit.java:310)
	at org.apache.hadoop.ozone.TestHddsSecureDatanodeInit.setUp(TestHddsSecureDatanodeInit.java:122)
	at sun.reflect.NativeMethodAccessorImpl.invoke0(Native Method)
	at sun.reflect.NativeMethodAccessorImpl.invoke(NativeMethodAccessorImpl.java:62)
	at sun.reflect.DelegatingMethodAccessorImpl.invoke(DelegatingMethodAccessorImpl.java:43)
	at java.lang.reflect.Method.invoke(Method.java:498)
	at org.junit.platform.commons.util.ReflectionUtils.invokeMethod(ReflectionUtils.java:728)
	at org.junit.jupiter.engine.execution.MethodInvocation.proceed(MethodInvocation.java:60)
	at org.junit.jupiter.engine.execution.InvocationInterceptorChain$ValidatingInvocation.proceed(InvocationInterceptorChain.java:131)
	at org.junit.jupiter.engine.extension.TimeoutExtension.intercept(TimeoutExtension.java:156)
	at org.junit.jupiter.engine.extension.TimeoutExtension.interceptLifecycleMethod(TimeoutExtension.java:128)
	at org.junit.jupiter.engine.extension.TimeoutExtension.interceptBeforeAllMethod(TimeoutExtension.java:70)
	at org.junit.jupiter.engine.execution.InterceptingExecutableInvoker$ReflectiveInterceptorCall.lambda$ofVoidMethod$0(InterceptingExecutableInvoker.java:103)
	at org.junit.jupiter.engine.execution.InterceptingExecutableInvoker.lambda$invoke$0(InterceptingExecutableInvoker.java:93)
	at org.junit.jupiter.engine.execution.InvocationInterceptorChain$InterceptedInvocation.proceed(InvocationInterceptorChain.java:106)
	at org.junit.jupiter.engine.execution.InvocationInterceptorChain.proceed(InvocationInterceptorChain.java:64)
	at org.junit.jupiter.engine.execution.InvocationInterceptorChain.chainAndInvoke(InvocationInterceptorChain.java:45)
	at org.junit.jupiter.engine.execution.InvocationInterceptorChain.invoke(InvocationInterceptorChain.java:37)
	at org.junit.jupiter.engine.execution.InterceptingExecutableInvoker.invoke(InterceptingExecutableInvoker.java:92)
	at org.junit.jupiter.engine.execution.InterceptingExecutableInvoker.invoke(InterceptingExecutableInvoker.java:86)
	at org.junit.jupiter.engine.descriptor.ClassBasedTestDescriptor.lambda$invokeBeforeAllMethods$13(ClassBasedTestDescriptor.java:412)
	at org.junit.platform.engine.support.hierarchical.ThrowableCollector.execute(ThrowableCollector.java:73)
	at org.junit.jupiter.engine.descriptor.ClassBasedTestDescriptor.invokeBeforeAllMethods(ClassBasedTestDescriptor.java:410)
	at org.junit.jupiter.engine.descriptor.ClassBasedTestDescriptor.before(ClassBasedTestDescriptor.java:216)
	at org.junit.jupiter.engine.descriptor.ClassBasedTestDescriptor.before(ClassBasedTestDescriptor.java:85)
	at org.junit.platform.engine.support.hierarchical.NodeTestTask.lambda$executeRecursively$6(NodeTestTask.java:148)
	at org.junit.platform.engine.support.hierarchical.ThrowableCollector.execute(ThrowableCollector.java:73)
	at org.junit.platform.engine.support.hierarchical.NodeTestTask.lambda$executeRecursively$8(NodeTestTask.java:141)
	at org.junit.platform.engine.support.hierarchical.Node.around(Node.java:137)
	at org.junit.platform.engine.support.hierarchical.NodeTestTask.lambda$executeRecursively$9(NodeTestTask.java:139)
	at org.junit.platform.engine.support.hierarchical.ThrowableCollector.execute(ThrowableCollector.java:73)
	at org.junit.platform.engine.support.hierarchical.NodeTestTask.executeRecursively(NodeTestTask.java:138)
	at org.junit.platform.engine.support.hierarchical.NodeTestTask.execute(NodeTestTask.java:95)
	at java.util.ArrayList.forEach(ArrayList.java:1259)
	at org.junit.platform.engine.support.hierarchical.SameThreadHierarchicalTestExecutorService.invokeAll(SameThreadHierarchicalTestExecutorService.java:41)
	at org.junit.platform.engine.support.hierarchical.NodeTestTask.lambda$executeRecursively$6(NodeTestTask.java:155)
	at org.junit.platform.engine.support.hierarchical.ThrowableCollector.execute(ThrowableCollector.java:73)
	at org.junit.platform.engine.support.hierarchical.NodeTestTask.lambda$executeRecursively$8(NodeTestTask.java:141)
	at org.junit.platform.engine.support.hierarchical.Node.around(Node.java:137)
	at org.junit.platform.engine.support.hierarchical.NodeTestTask.lambda$executeRecursively$9(NodeTestTask.java:139)
	at org.junit.platform.engine.support.hierarchical.ThrowableCollector.execute(ThrowableCollector.java:73)
	at org.junit.platform.engine.support.hierarchical.NodeTestTask.executeRecursively(NodeTestTask.java:138)
	at org.junit.platform.engine.support.hierarchical.NodeTestTask.execute(NodeTestTask.java:95)
	at org.junit.platform.engine.support.hierarchical.SameThreadHierarchicalTestExecutorService.submit(SameThreadHierarchicalTestExecutorService.java:35)
	at org.junit.platform.engine.support.hierarchical.HierarchicalTestExecutor.execute(HierarchicalTestExecutor.java:57)
	at org.junit.platform.engine.support.hierarchical.HierarchicalTestEngine.execute(HierarchicalTestEngine.java:54)
	at org.junit.platform.launcher.core.EngineExecutionOrchestrator.execute(EngineExecutionOrchestrator.java:198)
	at org.junit.platform.launcher.core.EngineExecutionOrchestrator.execute(EngineExecutionOrchestrator.java:169)
	at org.junit.platform.launcher.core.EngineExecutionOrchestrator.execute(EngineExecutionOrchestrator.java:93)
	at org.junit.platform.launcher.core.EngineExecutionOrchestrator.lambda$execute$0(EngineExecutionOrchestrator.java:58)
	at org.junit.platform.launcher.core.EngineExecutionOrchestrator.withInterceptedStreams(EngineExecutionOrchestrator.java:141)
	at org.junit.platform.launcher.core.EngineExecutionOrchestrator.execute(EngineExecutionOrchestrator.java:57)
	at org.junit.platform.launcher.core.DefaultLauncher.execute(DefaultLauncher.java:103)
	at org.junit.platform.launcher.core.DefaultLauncher.execute(DefaultLauncher.java:85)
	at org.junit.platform.launcher.core.DelegatingLauncher.execute(DelegatingLauncher.java:47)
	at org.junit.platform.launcher.core.SessionPerRequestLauncher.execute(SessionPerRequestLauncher.java:63)
	at org.apache.maven.surefire.junitplatform.JUnitPlatformProvider.invokeAllTests(JUnitPlatformProvider.java:165)
	at org.apache.maven.surefire.junitplatform.JUnitPlatformProvider.invoke(JUnitPlatformProvider.java:123)
	at org.apache.maven.surefire.booter.ForkedBooter.runSuitesInProcess(ForkedBooter.java:377)
	at org.apache.maven.surefire.booter.ForkedBooter.execute(ForkedBooter.java:138)
	at org.apache.maven.surefire.booter.ForkedBooter.run(ForkedBooter.java:465)
	at org.apache.maven.surefire.booter.ForkedBooter.main(ForkedBooter.java:451)
Caused by: org.apache.hadoop.security.authentication.client.AuthenticationException: SIMPLE authentication method not supported. Datanode user login failed.
	at org.apache.hadoop.ozone.HddsDatanodeService.start(HddsDatanodeService.java:263)
	... 64 more
java.lang.IllegalArgumentException: IP Address is invalid
	at org.bouncycastle.asn1.x509.GeneralName.<init>(Unknown Source)
	at org.apache.hadoop.hdds.security.x509.certificate.utils.CertificateSignRequest$Builder.addAltName(CertificateSignRequest.java:334)
	at org.apache.hadoop.hdds.security.x509.certificate.utils.CertificateSignRequest$Builder.addIpAddress(CertificateSignRequest.java:281)
	at org.apache.hadoop.hdds.security.x509.certificate.utils.CertificateSignRequest$Builder.lambda$addInetAddresses$0(CertificateSignRequest.java:306)
	at java.util.ArrayList.forEach(ArrayList.java:1259)
	at org.apache.hadoop.hdds.security.x509.certificate.utils.CertificateSignRequest$Builder.addInetAddresses(CertificateSignRequest.java:304)
	at org.apache.hadoop.hdds.security.x509.certificate.utils.CertificateSignRequest$Builder.addInetAddresses(CertificateSignRequest.java:292)
	at org.apache.hadoop.hdds.security.x509.certificate.client.DefaultCertificateClient.getCSRBuilder(DefaultCertificateClient.java:573)
	at org.apache.hadoop.hdds.security.x509.certificate.client.DNCertificateClient.getCSRBuilder(DNCertificateClient.java:75)
	at org.apache.hadoop.hdds.security.x509.certificate.client.DefaultCertificateClient.recoverStateIfNeeded(DefaultCertificateClient.java:806)
	at org.apache.hadoop.hdds.security.x509.certificate.client.DefaultCertificateClient.initWithRecovery(DefaultCertificateClient.java:701)
	at org.apache.hadoop.ozone.HddsDatanodeService.initializeCertificateClient(HddsDatanodeService.java:398)
	at org.apache.hadoop.ozone.TestHddsSecureDatanodeInit.lambda$setUp$1(TestHddsSecureDatanodeInit.java:127)
	at org.apache.hadoop.ozone.TestHddsSecureDatanodeInit.callQuietly(TestHddsSecureDatanodeInit.java:310)
	at org.apache.hadoop.ozone.TestHddsSecureDatanodeInit.setUp(TestHddsSecureDatanodeInit.java:126)
	at sun.reflect.NativeMethodAccessorImpl.invoke0(Native Method)
	at sun.reflect.NativeMethodAccessorImpl.invoke(NativeMethodAccessorImpl.java:62)
	at sun.reflect.DelegatingMethodAccessorImpl.invoke(DelegatingMethodAccessorImpl.java:43)
	at java.lang.reflect.Method.invoke(Method.java:498)
	at org.junit.platform.commons.util.ReflectionUtils.invokeMethod(ReflectionUtils.java:728)
	at org.junit.jupiter.engine.execution.MethodInvocation.proceed(MethodInvocation.java:60)
	at org.junit.jupiter.engine.execution.InvocationInterceptorChain$ValidatingInvocation.proceed(InvocationInterceptorChain.java:131)
	at org.junit.jupiter.engine.extension.TimeoutExtension.intercept(TimeoutExtension.java:156)
	at org.junit.jupiter.engine.extension.TimeoutExtension.interceptLifecycleMethod(TimeoutExtension.java:128)
	at org.junit.jupiter.engine.extension.TimeoutExtension.interceptBeforeAllMethod(TimeoutExtension.java:70)
	at org.junit.jupiter.engine.execution.InterceptingExecutableInvoker$ReflectiveInterceptorCall.lambda$ofVoidMethod$0(InterceptingExecutableInvoker.java:103)
	at org.junit.jupiter.engine.execution.InterceptingExecutableInvoker.lambda$invoke$0(InterceptingExecutableInvoker.java:93)
	at org.junit.jupiter.engine.execution.InvocationInterceptorChain$InterceptedInvocation.proceed(InvocationInterceptorChain.java:106)
	at org.junit.jupiter.engine.execution.InvocationInterceptorChain.proceed(InvocationInterceptorChain.java:64)
	at org.junit.jupiter.engine.execution.InvocationInterceptorChain.chainAndInvoke(InvocationInterceptorChain.java:45)
	at org.junit.jupiter.engine.execution.InvocationInterceptorChain.invoke(InvocationInterceptorChain.java:37)
	at org.junit.jupiter.engine.execution.InterceptingExecutableInvoker.invoke(InterceptingExecutableInvoker.java:92)
	at org.junit.jupiter.engine.execution.InterceptingExecutableInvoker.invoke(InterceptingExecutableInvoker.java:86)
	at org.junit.jupiter.engine.descriptor.ClassBasedTestDescriptor.lambda$invokeBeforeAllMethods$13(ClassBasedTestDescriptor.java:412)
	at org.junit.platform.engine.support.hierarchical.ThrowableCollector.execute(ThrowableCollector.java:73)
	at org.junit.jupiter.engine.descriptor.ClassBasedTestDescriptor.invokeBeforeAllMethods(ClassBasedTestDescriptor.java:410)
	at org.junit.jupiter.engine.descriptor.ClassBasedTestDescriptor.before(ClassBasedTestDescriptor.java:216)
	at org.junit.jupiter.engine.descriptor.ClassBasedTestDescriptor.before(ClassBasedTestDescriptor.java:85)
	at org.junit.platform.engine.support.hierarchical.NodeTestTask.lambda$executeRecursively$6(NodeTestTask.java:148)
	at org.junit.platform.engine.support.hierarchical.ThrowableCollector.execute(ThrowableCollector.java:73)
	at org.junit.platform.engine.support.hierarchical.NodeTestTask.lambda$executeRecursively$8(NodeTestTask.java:141)
	at org.junit.platform.engine.support.hierarchical.Node.around(Node.java:137)
	at org.junit.platform.engine.support.hierarchical.NodeTestTask.lambda$executeRecursively$9(NodeTestTask.java:139)
	at org.junit.platform.engine.support.hierarchical.ThrowableCollector.execute(ThrowableCollector.java:73)
	at org.junit.platform.engine.support.hierarchical.NodeTestTask.executeRecursively(NodeTestTask.java:138)
	at org.junit.platform.engine.support.hierarchical.NodeTestTask.execute(NodeTestTask.java:95)
	at java.util.ArrayList.forEach(ArrayList.java:1259)
	at org.junit.platform.engine.support.hierarchical.SameThreadHierarchicalTestExecutorService.invokeAll(SameThreadHierarchicalTestExecutorService.java:41)
	at org.junit.platform.engine.support.hierarchical.NodeTestTask.lambda$executeRecursively$6(NodeTestTask.java:155)
	at org.junit.platform.engine.support.hierarchical.ThrowableCollector.execute(ThrowableCollector.java:73)
	at org.junit.platform.engine.support.hierarchical.NodeTestTask.lambda$executeRecursively$8(NodeTestTask.java:141)
	at org.junit.platform.engine.support.hierarchical.Node.around(Node.java:137)
	at org.junit.platform.engine.support.hierarchical.NodeTestTask.lambda$executeRecursively$9(NodeTestTask.java:139)
	at org.junit.platform.engine.support.hierarchical.ThrowableCollector.execute(ThrowableCollector.java:73)
	at org.junit.platform.engine.support.hierarchical.NodeTestTask.executeRecursively(NodeTestTask.java:138)
	at org.junit.platform.engine.support.hierarchical.NodeTestTask.execute(NodeTestTask.java:95)
	at org.junit.platform.engine.support.hierarchical.SameThreadHierarchicalTestExecutorService.submit(SameThreadHierarchicalTestExecutorService.java:35)
	at org.junit.platform.engine.support.hierarchical.HierarchicalTestExecutor.execute(HierarchicalTestExecutor.java:57)
	at org.junit.platform.engine.support.hierarchical.HierarchicalTestEngine.execute(HierarchicalTestEngine.java:54)
	at org.junit.platform.launcher.core.EngineExecutionOrchestrator.execute(EngineExecutionOrchestrator.java:198)
	at org.junit.platform.launcher.core.EngineExecutionOrchestrator.execute(EngineExecutionOrchestrator.java:169)
	at org.junit.platform.launcher.core.EngineExecutionOrchestrator.execute(EngineExecutionOrchestrator.java:93)
	at org.junit.platform.launcher.core.EngineExecutionOrchestrator.lambda$execute$0(EngineExecutionOrchestrator.java:58)
	at org.junit.platform.launcher.core.EngineExecutionOrchestrator.withInterceptedStreams(EngineExecutionOrchestrator.java:141)
	at org.junit.platform.launcher.core.EngineExecutionOrchestrator.execute(EngineExecutionOrchestrator.java:57)
	at org.junit.platform.launcher.core.DefaultLauncher.execute(DefaultLauncher.java:103)
	at org.junit.platform.launcher.core.DefaultLauncher.execute(DefaultLauncher.java:85)
	at org.junit.platform.launcher.core.DelegatingLauncher.execute(DelegatingLauncher.java:47)
	at org.junit.platform.launcher.core.SessionPerRequestLauncher.execute(SessionPerRequestLauncher.java:63)
	at org.apache.maven.surefire.junitplatform.JUnitPlatformProvider.invokeAllTests(JUnitPlatformProvider.java:165)
	at org.apache.maven.surefire.junitplatform.JUnitPlatformProvider.invoke(JUnitPlatformProvider.java:123)
	at org.apache.maven.surefire.booter.ForkedBooter.runSuitesInProcess(ForkedBooter.java:377)
	at org.apache.maven.surefire.booter.ForkedBooter.execute(ForkedBooter.java:138)
	at org.apache.maven.surefire.booter.ForkedBooter.run(ForkedBooter.java:465)
	at org.apache.maven.surefire.booter.ForkedBooter.main(ForkedBooter.java:451)
]]></system-err>
    </rerunError>
    <rerunError type="java.util.concurrent.TimeoutException">
      <stackTrace><![CDATA[java.util.concurrent.TimeoutException: 
Timed out waiting for condition. Thread diagnostics:
Timestamp: 2024-04-16 03:24:35,453

"gradle-enterprise-test-client-gradle-enterprise-test-listener"  prio=5 tid=14 in Object.wait()
java.lang.Thread.State: WAITING (on object monitor)
        at sun.misc.Unsafe.park(Native Method)
        at java.util.concurrent.locks.LockSupport.park(LockSupport.java:175)
        at java.util.concurrent.locks.AbstractQueuedSynchronizer$ConditionObject.await(AbstractQueuedSynchronizer.java:2039)
        at java.util.concurrent.ArrayBlockingQueue.take(ArrayBlockingQueue.java:403)
        at com.gradle.maven.scan.extension.test.listener.obfuscated.k.a.a(SourceFile:130)
        at com.gradle.maven.scan.extension.test.listener.obfuscated.k.a.b(SourceFile:93)
        at com.gradle.maven.scan.extension.test.listener.obfuscated.k.a$$Lambda$270/1165303897.run(Unknown Source)
        at java.util.concurrent.Executors$RunnableAdapter.call(Executors.java:511)
        at java.util.concurrent.FutureTask.run(FutureTask.java:266)
        at java.util.concurrent.ThreadPoolExecutor.runWorker(ThreadPoolExecutor.java:1149)
        at java.util.concurrent.ThreadPoolExecutor$Worker.run(ThreadPoolExecutor.java:624)
        at java.lang.Thread.run(Thread.java:750)
"Timer for 'HddsDatanode' metrics system" daemon prio=5 tid=17 timed_waiting
java.lang.Thread.State: TIMED_WAITING
        at java.lang.Object.wait(Native Method)
        at java.util.TimerThread.mainLoop(Timer.java:552)
        at java.util.TimerThread.run(Timer.java:505)
"Reference Handler" daemon prio=10 tid=2 in Object.wait()
java.lang.Thread.State: WAITING (on object monitor)
        at java.lang.Object.wait(Native Method)
        at java.lang.Object.wait(Object.java:502)
        at java.lang.ref.Reference.tryHandlePending(Reference.java:191)
        at java.lang.ref.Reference$ReferenceHandler.run(Reference.java:153)
"Signal Dispatcher" daemon prio=9 tid=4 runnable
java.lang.Thread.State: RUNNABLE
"surefire-forkedjvm-ping-30s" daemon prio=5 tid=11 timed_waiting
java.lang.Thread.State: TIMED_WAITING
        at sun.misc.Unsafe.park(Native Method)
        at java.util.concurrent.locks.LockSupport.parkNanos(LockSupport.java:215)
        at java.util.concurrent.locks.AbstractQueuedSynchronizer$ConditionObject.awaitNanos(AbstractQueuedSynchronizer.java:2078)
        at java.util.concurrent.ScheduledThreadPoolExecutor$DelayedWorkQueue.take(ScheduledThreadPoolExecutor.java:1093)
        at java.util.concurrent.ScheduledThreadPoolExecutor$DelayedWorkQueue.take(ScheduledThreadPoolExecutor.java:809)
        at java.util.concurrent.ThreadPoolExecutor.getTask(ThreadPoolExecutor.java:1074)
        at java.util.concurrent.ThreadPoolExecutor.runWorker(ThreadPoolExecutor.java:1134)
        at java.util.concurrent.ThreadPoolExecutor$Worker.run(ThreadPoolExecutor.java:624)
        at java.lang.Thread.run(Thread.java:750)
"Attach Listener" daemon prio=9 tid=18 runnable
java.lang.Thread.State: RUNNABLE
"surefire-forkedjvm-command-thread" daemon prio=5 tid=10 runnable
java.lang.Thread.State: RUNNABLE
        at java.io.FileInputStream.readBytes(Native Method)
        at java.io.FileInputStream.read(FileInputStream.java:255)
        at java.io.BufferedInputStream.fill(BufferedInputStream.java:246)
        at java.io.BufferedInputStream.read(BufferedInputStream.java:265)
        at java.io.DataInputStream.readInt(DataInputStream.java:387)
        at org.apache.maven.surefire.booter.MasterProcessCommand.decode(MasterProcessCommand.java:113)
        at org.apache.maven.surefire.booter.CommandReader$CommandRunnable.run(CommandReader.java:383)
        at java.lang.Thread.run(Thread.java:750)
"process reaper" daemon prio=10 tid=13 timed_waiting
java.lang.Thread.State: TIMED_WAITING
        at sun.misc.Unsafe.park(Native Method)
        at java.util.concurrent.locks.LockSupport.parkNanos(LockSupport.java:215)
        at java.util.concurrent.SynchronousQueue$TransferStack.awaitFulfill(SynchronousQueue.java:460)
        at java.util.concurrent.SynchronousQueue$TransferStack.transfer(SynchronousQueue.java:362)
        at java.util.concurrent.SynchronousQueue.poll(SynchronousQueue.java:941)
        at java.util.concurrent.ThreadPoolExecutor.getTask(ThreadPoolExecutor.java:1073)
        at java.util.concurrent.ThreadPoolExecutor.runWorker(ThreadPoolExecutor.java:1134)
        at java.util.concurrent.ThreadPoolExecutor$Worker.run(ThreadPoolExecutor.java:624)
        at java.lang.Thread.run(Thread.java:750)
"7b7781f5-2e1b-4304-b59e-bc853260fdbd-dn-CertificateRenewerService" daemon prio=5 tid=22 timed_waiting
java.lang.Thread.State: TIMED_WAITING
        at sun.misc.Unsafe.park(Native Method)
        at java.util.concurrent.locks.LockSupport.parkNanos(LockSupport.java:215)
        at java.util.concurrent.locks.AbstractQueuedSynchronizer$ConditionObject.awaitNanos(AbstractQueuedSynchronizer.java:2078)
        at java.util.concurrent.ScheduledThreadPoolExecutor$DelayedWorkQueue.take(ScheduledThreadPoolExecutor.java:1093)
        at java.util.concurrent.ScheduledThreadPoolExecutor$DelayedWorkQueue.take(ScheduledThreadPoolExecutor.java:809)
        at java.util.concurrent.ThreadPoolExecutor.getTask(ThreadPoolExecutor.java:1074)
        at java.util.concurrent.ThreadPoolExecutor.runWorker(ThreadPoolExecutor.java:1134)
        at java.util.concurrent.ThreadPoolExecutor$Worker.run(ThreadPoolExecutor.java:624)
        at java.lang.Thread.run(Thread.java:750)
"Finalizer" daemon prio=8 tid=3 in Object.wait()
java.lang.Thread.State: WAITING (on object monitor)
        at java.lang.Object.wait(Native Method)
        at java.lang.ref.ReferenceQueue.remove(ReferenceQueue.java:144)
        at java.lang.ref.ReferenceQueue.remove(ReferenceQueue.java:165)
        at java.lang.ref.Finalizer$FinalizerThread.run(Finalizer.java:188)
"main"  prio=5 tid=1 runnable
java.lang.Thread.State: RUNNABLE
        at java.lang.Thread.dumpThreads(Native Method)
        at java.lang.Thread.getAllStackTraces(Thread.java:1615)
        at org.apache.ozone.test.TimedOutTestsListener.buildThreadDump(TimedOutTestsListener.java:83)
        at org.apache.ozone.test.TimedOutTestsListener.buildThreadDiagnosticString(TimedOutTestsListener.java:69)
        at org.apache.ozone.test.GenericTestUtils.waitFor(GenericTestUtils.java:204)
        at org.apache.hadoop.ozone.TestHddsSecureDatanodeInit.testCertificateRotationRecoverableFailure(TestHddsSecureDatanodeInit.java:444)
        at sun.reflect.NativeMethodAccessorImpl.invoke0(Native Method)
        at sun.reflect.NativeMethodAccessorImpl.invoke(NativeMethodAccessorImpl.java:62)
        at sun.reflect.DelegatingMethodAccessorImpl.invoke(DelegatingMethodAccessorImpl.java:43)
        at java.lang.reflect.Method.invoke(Method.java:498)
        at org.junit.platform.commons.util.ReflectionUtils.invokeMethod(ReflectionUtils.java:728)
        at org.junit.jupiter.engine.execution.MethodInvocation.proceed(MethodInvocation.java:60)
        at org.junit.jupiter.engine.execution.InvocationInterceptorChain$ValidatingInvocation.proceed(InvocationInterceptorChain.java:131)
        at org.junit.jupiter.engine.extension.TimeoutExtension.intercept(TimeoutExtension.java:156)
        at org.junit.jupiter.engine.extension.TimeoutExtension.interceptTestableMethod(TimeoutExtension.java:147)
        at org.junit.jupiter.engine.extension.TimeoutExtension.interceptTestMethod(TimeoutExtension.java:86)
        at org.junit.jupiter.engine.descriptor.TestMethodTestDescriptor$$Lambda$179/24119573.apply(Unknown Source)
        at org.junit.jupiter.engine.execution.InterceptingExecutableInvoker$ReflectiveInterceptorCall.lambda$ofVoidMethod$0(InterceptingExecutableInvoker.java:103)
        at org.junit.jupiter.engine.execution.InterceptingExecutableInvoker$ReflectiveInterceptorCall$$Lambda$180/836220863.apply(Unknown Source)
        at org.junit.jupiter.engine.execution.InterceptingExecutableInvoker.lambda$invoke$0(InterceptingExecutableInvoker.java:93)
        at org.junit.jupiter.engine.execution.InterceptingExecutableInvoker$$Lambda$408/1320105604.apply(Unknown Source)
        at org.junit.jupiter.engine.execution.InvocationInterceptorChain$InterceptedInvocation.proceed(InvocationInterceptorChain.java:106)
        at org.junit.jupiter.engine.execution.InvocationInterceptorChain.proceed(InvocationInterceptorChain.java:64)
        at org.junit.jupiter.engine.execution.InvocationInterceptorChain.chainAndInvoke(InvocationInterceptorChain.java:45)
        at org.junit.jupiter.engine.execution.InvocationInterceptorChain.invoke(InvocationInterceptorChain.java:37)
        at org.junit.jupiter.engine.execution.InterceptingExecutableInvoker.invoke(InterceptingExecutableInvoker.java:92)
        at org.junit.jupiter.engine.execution.InterceptingExecutableInvoker.invoke(InterceptingExecutableInvoker.java:86)
        at org.junit.jupiter.engine.descriptor.TestMethodTestDescriptor.lambda$invokeTestMethod$7(TestMethodTestDescriptor.java:218)
        at org.junit.jupiter.engine.descriptor.TestMethodTestDescriptor$$Lambda$503/987263357.execute(Unknown Source)
        at org.junit.platform.engine.support.hierarchical.ThrowableCollector.execute(ThrowableCollector.java:73)
        at org.junit.jupiter.engine.descriptor.TestMethodTestDescriptor.invokeTestMethod(TestMethodTestDescriptor.java:214)
        at org.junit.jupiter.engine.descriptor.TestMethodTestDescriptor.execute(TestMethodTestDescriptor.java:139)
        at org.junit.jupiter.engine.descriptor.TestMethodTestDescriptor.execute(TestMethodTestDescriptor.java:69)
        at org.junit.platform.engine.support.hierarchical.NodeTestTask.lambda$executeRecursively$6(NodeTestTask.java:151)
        at org.junit.platform.engine.support.hierarchical.NodeTestTask$$Lambda$331/938545229.execute(Unknown Source)
        at org.junit.platform.engine.support.hierarchical.ThrowableCollector.execute(ThrowableCollector.java:73)
        at org.junit.platform.engine.support.hierarchical.NodeTestTask.lambda$executeRecursively$8(NodeTestTask.java:141)
        at org.junit.platform.engine.support.hierarchical.NodeTestTask$$Lambda$330/1946645411.invoke(Unknown Source)
        at org.junit.platform.engine.support.hierarchical.Node.around(Node.java:137)
        at org.junit.platform.engine.support.hierarchical.NodeTestTask.lambda$executeRecursively$9(NodeTestTask.java:139)
        at org.junit.platform.engine.support.hierarchical.NodeTestTask$$Lambda$329/1050065615.execute(Unknown Source)
        at org.junit.platform.engine.support.hierarchical.ThrowableCollector.execute(ThrowableCollector.java:73)
        at org.junit.platform.engine.support.hierarchical.NodeTestTask.executeRecursively(NodeTestTask.java:138)
        at org.junit.platform.engine.support.hierarchical.NodeTestTask.execute(NodeTestTask.java:95)
        at org.junit.platform.engine.support.hierarchical.SameThreadHierarchicalTestExecutorService$$Lambda$335/90767234.accept(Unknown Source)
        at java.util.ArrayList.forEach(ArrayList.java:1259)
        at org.junit.platform.engine.support.hierarchical.SameThreadHierarchicalTestExecutorService.invokeAll(SameThreadHierarchicalTestExecutorService.java:41)
        at org.junit.platform.engine.support.hierarchical.NodeTestTask.lambda$executeRecursively$6(NodeTestTask.java:155)
        at org.junit.platform.engine.support.hierarchical.NodeTestTask$$Lambda$331/938545229.execute(Unknown Source)
        at org.junit.platform.engine.support.hierarchical.ThrowableCollector.execute(ThrowableCollector.java:73)
        at org.junit.platform.engine.support.hierarchical.NodeTestTask.lambda$executeRecursively$8(NodeTestTask.java:141)
        at org.junit.platform.engine.support.hierarchical.NodeTestTask$$Lambda$330/1946645411.invoke(Unknown Source)
        at org.junit.platform.engine.support.hierarchical.Node.around(Node.java:137)
        at org.junit.platform.engine.support.hierarchical.NodeTestTask.lambda$executeRecursively$9(NodeTestTask.java:139)
        at org.junit.platform.engine.support.hierarchical.NodeTestTask$$Lambda$329/1050065615.execute(Unknown Source)
        at org.junit.platform.engine.support.hierarchical.ThrowableCollector.execute(ThrowableCollector.java:73)
        at org.junit.platform.engine.support.hierarchical.NodeTestTask.executeRecursively(NodeTestTask.java:138)
        at org.junit.platform.engine.support.hierarchical.NodeTestTask.execute(NodeTestTask.java:95)
        at org.junit.platform.engine.support.hierarchical.SameThreadHierarchicalTestExecutorService$$Lambda$335/90767234.accept(Unknown Source)
        at java.util.ArrayList.forEach(ArrayList.java:1259)
        at org.junit.platform.engine.support.hierarchical.SameThreadHierarchicalTestExecutorService.invokeAll(SameThreadHierarchicalTestExecutorService.java:41)
        at org.junit.platform.engine.support.hierarchical.NodeTestTask.lambda$executeRecursively$6(NodeTestTask.java:155)
        at org.junit.platform.engine.support.hierarchical.NodeTestTask$$Lambda$331/938545229.execute(Unknown Source)
        at org.junit.platform.engine.support.hierarchical.ThrowableCollector.execute(ThrowableCollector.java:73)
        at org.junit.platform.engine.support.hierarchical.NodeTestTask.lambda$executeRecursively$8(NodeTestTask.java:141)
        at org.junit.platform.engine.support.hierarchical.NodeTestTask$$Lambda$330/1946645411.invoke(Unknown Source)
        at org.junit.platform.engine.support.hierarchical.Node.around(Node.java:137)
        at org.junit.platform.engine.support.hierarchical.NodeTestTask.lambda$executeRecursively$9(NodeTestTask.java:139)
        at org.junit.platform.engine.support.hierarchical.NodeTestTask$$Lambda$329/1050065615.execute(Unknown Source)
        at org.junit.platform.engine.support.hierarchical.ThrowableCollector.execute(ThrowableCollector.java:73)
        at org.junit.platform.engine.support.hierarchical.NodeTestTask.executeRecursively(NodeTestTask.java:138)
        at org.junit.platform.engine.support.hierarchical.NodeTestTask.execute(NodeTestTask.java:95)
        at org.junit.platform.engine.support.hierarchical.SameThreadHierarchicalTestExecutorService.submit(SameThreadHierarchicalTestExecutorService.java:35)
        at org.junit.platform.engine.support.hierarchical.HierarchicalTestExecutor.execute(HierarchicalTestExecutor.java:57)
        at org.junit.platform.engine.support.hierarchical.HierarchicalTestEngine.execute(HierarchicalTestEngine.java:54)
        at org.junit.platform.launcher.core.EngineExecutionOrchestrator.execute(EngineExecutionOrchestrator.java:198)
        at org.junit.platform.launcher.core.EngineExecutionOrchestrator.execute(EngineExecutionOrchestrator.java:169)
        at org.junit.platform.launcher.core.EngineExecutionOrchestrator.execute(EngineExecutionOrchestrator.java:93)
        at org.junit.platform.launcher.core.EngineExecutionOrchestrator.lambda$execute$0(EngineExecutionOrchestrator.java:58)
        at org.junit.platform.launcher.core.EngineExecutionOrchestrator$$Lambda$249/1364913072.accept(Unknown Source)
        at org.junit.platform.launcher.core.EngineExecutionOrchestrator.withInterceptedStreams(EngineExecutionOrchestrator.java:141)
        at org.junit.platform.launcher.core.EngineExecutionOrchestrator.execute(EngineExecutionOrchestrator.java:57)
        at org.junit.platform.launcher.core.DefaultLauncher.execute(DefaultLauncher.java:103)
        at org.junit.platform.launcher.core.DefaultLauncher.execute(DefaultLauncher.java:85)
        at org.junit.platform.launcher.core.DelegatingLauncher.execute(DelegatingLauncher.java:47)
        at org.junit.platform.launcher.core.SessionPerRequestLauncher.execute(SessionPerRequestLauncher.java:63)
        at org.apache.maven.surefire.junitplatform.JUnitPlatformProvider.invokeAllTests(JUnitPlatformProvider.java:165)
        at org.apache.maven.surefire.junitplatform.JUnitPlatformProvider.invoke(JUnitPlatformProvider.java:123)
        at org.apache.maven.surefire.booter.ForkedBooter.runSuitesInProcess(ForkedBooter.java:377)
        at org.apache.maven.surefire.booter.ForkedBooter.execute(ForkedBooter.java:138)
        at org.apache.maven.surefire.booter.ForkedBooter.run(ForkedBooter.java:465)
        at org.apache.maven.surefire.booter.ForkedBooter.main(ForkedBooter.java:451)


	at org.apache.ozone.test.GenericTestUtils.waitFor(GenericTestUtils.java:204)
	at org.apache.hadoop.ozone.TestHddsSecureDatanodeInit.testCertificateRotationRecoverableFailure(TestHddsSecureDatanodeInit.java:444)
	at java.lang.reflect.Method.invoke(Method.java:498)
	at java.util.ArrayList.forEach(ArrayList.java:1259)
	at java.util.ArrayList.forEach(ArrayList.java:1259)
]]></stackTrace>
      <system-out><![CDATA[2024-04-16 15:24:05,034 [main] WARN  impl.MetricsSystemImpl (MetricsSystemImpl.java:init(151)) - HddsDatanode metrics system already initialized!
2024-04-16 15:24:05,042 [main] INFO  utils.HddsServerUtil (HddsServerUtil.java:initializeMetrics(578)) - Metrics source JvmMetrics already added to DataNode.
2024-04-16 15:24:05,042 [main] INFO  ozone.HddsDatanodeService (HddsDatanodeService.java:start(240)) - HddsDatanodeService host:fv-az699-832.gws2011vpwuupmkks00dozwttg.bx.internal.cloudapp.net ip:10.1.0.30
2024-04-16 15:24:05,054 [main] INFO  ozone.HddsDatanodeService (HddsDatanodeService.java:initializeCertificateClient(388)) - Initializing secure Datanode.
2024-04-16 15:24:05,054 [main] INFO  client.DNCertificateClient (DefaultCertificateClient.java:updateCertSerialId(1313)) - Certificate serial ID set to null
2024-04-16 15:24:05,054 [main] ERROR client.DNCertificateClient (DefaultCertificateClient.java:getCertPath(376)) - Default certificate serial id is not set. Can't locate the default certificate for this client.
2024-04-16 15:24:05,055 [main] INFO  client.DNCertificateClient (DefaultCertificateClient.java:init(720)) - Certificate client init case: 0
2024-04-16 15:24:05,055 [main] INFO  client.DNCertificateClient (DefaultCertificateClient.java:handleCase(738)) - Creating keypair for client as keypair and certificate not found.
2024-04-16 15:24:05,407 [main] INFO  client.DNCertificateClient (DefaultCertificateClient.java:recoverStateIfNeeded(800)) - Init response: GETCERT
2024-04-16 15:24:05,407 [main] INFO  ozone.OzoneSecurityUtil (OzoneSecurityUtil.java:getValidInetsForCurrentHost(116)) - Adding ip:fe80:0:0:0:20d:3aff:fe1b:d32f%eth0,host:fe80:0:0:0:20d:3aff:fe1b:d32f%eth0
2024-04-16 15:24:05,408 [main] INFO  ozone.OzoneSecurityUtil (OzoneSecurityUtil.java:getValidInetsForCurrentHost(116)) - Adding ip:10.1.0.30,host:fv-az699-832.gws2011vpwuupmkks00dozwttg.bx.internal.cloudapp.net
2024-04-16 15:24:05,408 [main] INFO  ozone.OzoneSecurityUtil (OzoneSecurityUtil.java:getValidInetsForCurrentHost(116)) - Adding ip:0:0:0:0:0:0:0:1%lo,host:localhost
2024-04-16 15:24:05,408 [main] INFO  ozone.OzoneSecurityUtil (OzoneSecurityUtil.java:getValidInetsForCurrentHost(119)) - ip:127.0.0.1 not returned.
2024-04-16 15:24:05,413 [main] INFO  utils.SelfSignedCertificate (SelfSignedCertificate.java:generateCertificate(157)) - Certificate 241473 is issued by CN=localhost,OU=test,O=cluster,SERIALNUMBER=241473 to CN=localhost,OU=test,O=cluster,SERIALNUMBER=241473, valid from Tue Apr 16 15:24:05 UTC 2024 to Tue Apr 16 15:24:20 UTC 2024
2024-04-16 15:24:05,415 [main] INFO  client.DNCertificateClient (DefaultCertificateClient.java:updateCertSerialId(1313)) - Certificate serial ID set to 241473
2024-04-16 15:24:05,415 [main] WARN  client.DNCertificateClient (DefaultCertificateClient.java:loadAllCertificates(179)) - Certificates could not be loaded.
java.nio.file.NoSuchFileException: /tmp/junit2003132057816198821/dn/certs
	at sun.nio.fs.UnixException.translateToIOException(UnixException.java:86)
	at sun.nio.fs.UnixException.rethrowAsIOException(UnixException.java:102)
	at sun.nio.fs.UnixException.rethrowAsIOException(UnixException.java:107)
	at sun.nio.fs.UnixFileSystemProvider.newDirectoryStream(UnixFileSystemProvider.java:427)
	at java.nio.file.Files.newDirectoryStream(Files.java:457)
	at java.nio.file.Files.list(Files.java:3451)
	at org.apache.hadoop.hdds.security.x509.certificate.client.DefaultCertificateClient.loadAllCertificates(DefaultCertificateClient.java:174)
	at org.apache.hadoop.hdds.security.x509.certificate.client.DefaultCertificateClient.updateCertSerialId(DefaultCertificateClient.java:1314)
	at org.apache.hadoop.hdds.security.x509.certificate.client.DefaultCertificateClient.<init>(DefaultCertificateClient.java:163)
	at org.apache.hadoop.hdds.security.x509.certificate.client.DNCertificateClient.<init>(DNCertificateClient.java:60)
	at org.apache.hadoop.ozone.TestHddsSecureDatanodeInit.setUpDNCertClient(TestHddsSecureDatanodeInit.java:159)
	at sun.reflect.NativeMethodAccessorImpl.invoke0(Native Method)
	at sun.reflect.NativeMethodAccessorImpl.invoke(NativeMethodAccessorImpl.java:62)
	at sun.reflect.DelegatingMethodAccessorImpl.invoke(DelegatingMethodAccessorImpl.java:43)
	at java.lang.reflect.Method.invoke(Method.java:498)
	at org.junit.platform.commons.util.ReflectionUtils.invokeMethod(ReflectionUtils.java:728)
	at org.junit.jupiter.engine.execution.MethodInvocation.proceed(MethodInvocation.java:60)
	at org.junit.jupiter.engine.execution.InvocationInterceptorChain$ValidatingInvocation.proceed(InvocationInterceptorChain.java:131)
	at org.junit.jupiter.engine.extension.TimeoutExtension.intercept(TimeoutExtension.java:156)
	at org.junit.jupiter.engine.extension.TimeoutExtension.interceptLifecycleMethod(TimeoutExtension.java:128)
	at org.junit.jupiter.engine.extension.TimeoutExtension.interceptBeforeEachMethod(TimeoutExtension.java:78)
	at org.junit.jupiter.engine.execution.InterceptingExecutableInvoker$ReflectiveInterceptorCall.lambda$ofVoidMethod$0(InterceptingExecutableInvoker.java:103)
	at org.junit.jupiter.engine.execution.InterceptingExecutableInvoker.lambda$invoke$0(InterceptingExecutableInvoker.java:93)
	at org.junit.jupiter.engine.execution.InvocationInterceptorChain$InterceptedInvocation.proceed(InvocationInterceptorChain.java:106)
	at org.junit.jupiter.engine.execution.InvocationInterceptorChain.proceed(InvocationInterceptorChain.java:64)
	at org.junit.jupiter.engine.execution.InvocationInterceptorChain.chainAndInvoke(InvocationInterceptorChain.java:45)
	at org.junit.jupiter.engine.execution.InvocationInterceptorChain.invoke(InvocationInterceptorChain.java:37)
	at org.junit.jupiter.engine.execution.InterceptingExecutableInvoker.invoke(InterceptingExecutableInvoker.java:92)
	at org.junit.jupiter.engine.execution.InterceptingExecutableInvoker.invoke(InterceptingExecutableInvoker.java:86)
	at org.junit.jupiter.engine.descriptor.ClassBasedTestDescriptor.invokeMethodInExtensionContext(ClassBasedTestDescriptor.java:521)
	at org.junit.jupiter.engine.descriptor.ClassBasedTestDescriptor.lambda$synthesizeBeforeEachMethodAdapter$23(ClassBasedTestDescriptor.java:506)
	at org.junit.jupiter.engine.descriptor.TestMethodTestDescriptor.lambda$invokeBeforeEachMethods$3(TestMethodTestDescriptor.java:175)
	at org.junit.jupiter.engine.descriptor.TestMethodTestDescriptor.lambda$invokeBeforeMethodsOrCallbacksUntilExceptionOccurs$6(TestMethodTestDescriptor.java:203)
	at org.junit.platform.engine.support.hierarchical.ThrowableCollector.execute(ThrowableCollector.java:73)
	at org.junit.jupiter.engine.descriptor.TestMethodTestDescriptor.invokeBeforeMethodsOrCallbacksUntilExceptionOccurs(TestMethodTestDescriptor.java:203)
	at org.junit.jupiter.engine.descriptor.TestMethodTestDescriptor.invokeBeforeEachMethods(TestMethodTestDescriptor.java:172)
	at org.junit.jupiter.engine.descriptor.TestMethodTestDescriptor.execute(TestMethodTestDescriptor.java:135)
	at org.junit.jupiter.engine.descriptor.TestMethodTestDescriptor.execute(TestMethodTestDescriptor.java:69)
	at org.junit.platform.engine.support.hierarchical.NodeTestTask.lambda$executeRecursively$6(NodeTestTask.java:151)
	at org.junit.platform.engine.support.hierarchical.ThrowableCollector.execute(ThrowableCollector.java:73)
	at org.junit.platform.engine.support.hierarchical.NodeTestTask.lambda$executeRecursively$8(NodeTestTask.java:141)
	at org.junit.platform.engine.support.hierarchical.Node.around(Node.java:137)
	at org.junit.platform.engine.support.hierarchical.NodeTestTask.lambda$executeRecursively$9(NodeTestTask.java:139)
	at org.junit.platform.engine.support.hierarchical.ThrowableCollector.execute(ThrowableCollector.java:73)
	at org.junit.platform.engine.support.hierarchical.NodeTestTask.executeRecursively(NodeTestTask.java:138)
	at org.junit.platform.engine.support.hierarchical.NodeTestTask.execute(NodeTestTask.java:95)
	at java.util.ArrayList.forEach(ArrayList.java:1259)
	at org.junit.platform.engine.support.hierarchical.SameThreadHierarchicalTestExecutorService.invokeAll(SameThreadHierarchicalTestExecutorService.java:41)
	at org.junit.platform.engine.support.hierarchical.NodeTestTask.lambda$executeRecursively$6(NodeTestTask.java:155)
	at org.junit.platform.engine.support.hierarchical.ThrowableCollector.execute(ThrowableCollector.java:73)
	at org.junit.platform.engine.support.hierarchical.NodeTestTask.lambda$executeRecursively$8(NodeTestTask.java:141)
	at org.junit.platform.engine.support.hierarchical.Node.around(Node.java:137)
	at org.junit.platform.engine.support.hierarchical.NodeTestTask.lambda$executeRecursively$9(NodeTestTask.java:139)
	at org.junit.platform.engine.support.hierarchical.ThrowableCollector.execute(ThrowableCollector.java:73)
	at org.junit.platform.engine.support.hierarchical.NodeTestTask.executeRecursively(NodeTestTask.java:138)
	at org.junit.platform.engine.support.hierarchical.NodeTestTask.execute(NodeTestTask.java:95)
	at java.util.ArrayList.forEach(ArrayList.java:1259)
	at org.junit.platform.engine.support.hierarchical.SameThreadHierarchicalTestExecutorService.invokeAll(SameThreadHierarchicalTestExecutorService.java:41)
	at org.junit.platform.engine.support.hierarchical.NodeTestTask.lambda$executeRecursively$6(NodeTestTask.java:155)
	at org.junit.platform.engine.support.hierarchical.ThrowableCollector.execute(ThrowableCollector.java:73)
	at org.junit.platform.engine.support.hierarchical.NodeTestTask.lambda$executeRecursively$8(NodeTestTask.java:141)
	at org.junit.platform.engine.support.hierarchical.Node.around(Node.java:137)
	at org.junit.platform.engine.support.hierarchical.NodeTestTask.lambda$executeRecursively$9(NodeTestTask.java:139)
	at org.junit.platform.engine.support.hierarchical.ThrowableCollector.execute(ThrowableCollector.java:73)
	at org.junit.platform.engine.support.hierarchical.NodeTestTask.executeRecursively(NodeTestTask.java:138)
	at org.junit.platform.engine.support.hierarchical.NodeTestTask.execute(NodeTestTask.java:95)
	at org.junit.platform.engine.support.hierarchical.SameThreadHierarchicalTestExecutorService.submit(SameThreadHierarchicalTestExecutorService.java:35)
	at org.junit.platform.engine.support.hierarchical.HierarchicalTestExecutor.execute(HierarchicalTestExecutor.java:57)
	at org.junit.platform.engine.support.hierarchical.HierarchicalTestEngine.execute(HierarchicalTestEngine.java:54)
	at org.junit.platform.launcher.core.EngineExecutionOrchestrator.execute(EngineExecutionOrchestrator.java:198)
	at org.junit.platform.launcher.core.EngineExecutionOrchestrator.execute(EngineExecutionOrchestrator.java:169)
	at org.junit.platform.launcher.core.EngineExecutionOrchestrator.execute(EngineExecutionOrchestrator.java:93)
	at org.junit.platform.launcher.core.EngineExecutionOrchestrator.lambda$execute$0(EngineExecutionOrchestrator.java:58)
	at org.junit.platform.launcher.core.EngineExecutionOrchestrator.withInterceptedStreams(EngineExecutionOrchestrator.java:141)
	at org.junit.platform.launcher.core.EngineExecutionOrchestrator.execute(EngineExecutionOrchestrator.java:57)
	at org.junit.platform.launcher.core.DefaultLauncher.execute(DefaultLauncher.java:103)
	at org.junit.platform.launcher.core.DefaultLauncher.execute(DefaultLauncher.java:85)
	at org.junit.platform.launcher.core.DelegatingLauncher.execute(DelegatingLauncher.java:47)
	at org.junit.platform.launcher.core.SessionPerRequestLauncher.execute(SessionPerRequestLauncher.java:63)
	at org.apache.maven.surefire.junitplatform.JUnitPlatformProvider.invokeAllTests(JUnitPlatformProvider.java:165)
	at org.apache.maven.surefire.junitplatform.JUnitPlatformProvider.invoke(JUnitPlatformProvider.java:123)
	at org.apache.maven.surefire.booter.ForkedBooter.runSuitesInProcess(ForkedBooter.java:377)
	at org.apache.maven.surefire.booter.ForkedBooter.execute(ForkedBooter.java:138)
	at org.apache.maven.surefire.booter.ForkedBooter.run(ForkedBooter.java:465)
	at org.apache.maven.surefire.booter.ForkedBooter.main(ForkedBooter.java:451)
2024-04-16 15:24:05,416 [main] INFO  utils.CertificateCodec (CertificateCodec.java:writeCertificate(299)) - Save certificate to /tmp/junit2003132057816198821/dn/certs/certificate.crt
2024-04-16 15:24:05,417 [main] INFO  utils.CertificateCodec (CertificateCodec.java:writeCertificate(300)) - Certificate -----BEGIN CERTIFICATE-----
MIIDBzCCAe+gAwIBAgIDA69BMA0GCSqGSIb3DQEBCwUAMEYxEjAQBgNVBAMMCWxv
Y2FsaG9zdDENMAsGA1UECwwEdGVzdDEQMA4GA1UECgwHY2x1c3RlcjEPMA0GA1UE
BRMGMjQxNDczMB4XDTI0MDQxNjE1MjQwNVoXDTI0MDQxNjE1MjQyMFowRjESMBAG
A1UEAwwJbG9jYWxob3N0MQ0wCwYDVQQLDAR0ZXN0MRAwDgYDVQQKDAdjbHVzdGVy
MQ8wDQYDVQQFEwYyNDE0NzMwggEiMA0GCSqGSIb3DQEBAQUAA4IBDwAwggEKAoIB
AQC2zsnUhSgW0+YV/7dCeMFpXaUtgzE9QLoJwpyEBTFg4WFZclYVyc/OO3o+TLax
jJm5y2ExH7vGPgcds/Ee0bupc9tM/nO+p65/O5V25E+Om+l/jtm58POVzAXL0GZy
xTjxLc3m06+AzLx2jFxZzEzHlMew14C1h4NCCp+JQmq4mqwZJoTL8xu5Ayi+Iw5W
RqGmfdgXNPwpK0huXewORfg6SuxIbt7ry5bagQldrw96GeuDNk4szP7AwwSggX/u
EXrXs0Rg+1vwtSvXYn4nGdHupG1YkBCk/j183NSuUv0o+8yRp9YS7ntWgHKbLhp+
ykCLaZcCfcmuwMcRY4qhinznAgMBAAEwDQYJKoZIhvcNAQELBQADggEBAEFxjCVk
iXyLlXIsafOfG6tIXEBSnRAvUku8Vw9F6BqyJxo88GCjLFxRGwDtUTf2ya2QM+nh
Bq0NG3mEn86ae2YOFTlxXZHokyJ2hGzLRm/t6jfoampPikKZ8GoH6nLlEaU5ArLC
wjXFutYtTxpICtk8E1kbYUwXhZTVkn2Rb/uxxgh3SQMiLhVFw3EzZRBvTHSx5lyo
fmNX/NKPegBdCptkrlIVHtwbc8lRgB0gPDiPUZRT5R/hV4cg8HuEkp0st996T+Ko
bMOqKhNMfcjO1rgZL0eNJnlDiBBrwnDl+5UyLxhTyYVOACCX8ge7CVncDa8DG0Yn
qR92h1of+NnqrcU=
-----END CERTIFICATE-----

2024-04-16 15:24:05,434 [main] INFO  utils.SelfSignedCertificate (SelfSignedCertificate.java:generateCertificate(157)) - Certificate 241496 is issued by CN=localhost,OU=test,O=cluster,SERIALNUMBER=241496 to CN=localhost,OU=test,O=cluster,SERIALNUMBER=241496, valid from Tue Apr 16 15:24:10 UTC 2024 to Tue Apr 16 15:24:25 UTC 2024
2024-04-16 15:24:05,435 [main] INFO  client.DNCertificateClient (DefaultCertificateClient.java:readCertificateFile(248)) - Added certificate 241473 from file: /tmp/junit2003132057816198821/dn/certs/certificate.crt.
2024-04-16 15:24:05,436 [main] INFO  client.DNCertificateClient (DefaultCertificateClient.java:startCertificateRenewerService(1418)) - CertificateRenewerService for dn is started with first delay 9564 ms and interval 1666 ms.
2024-04-16 15:24:05,436 [main] INFO  client.DNCertificateClient (DefaultCertificateClient.java:startCertificateRenewerService(1418)) - CertificateRenewerService for dn is started with first delay 9564 ms and interval 1666 ms.
2024-04-16 15:24:15,001 [7b7781f5-2e1b-4304-b59e-bc853260fdbd-dn-CertificateRenewerService] INFO  client.DNCertificateClient (DefaultCertificateClient.java:run(1457)) - Current certificate 241473 needs to be renewed remaining grace period PT0S. Forced renewal due to root ca rotation: false.
2024-04-16 15:24:15,077 [7b7781f5-2e1b-4304-b59e-bc853260fdbd-dn-CertificateRenewerService] INFO  ozone.OzoneSecurityUtil (OzoneSecurityUtil.java:getValidInetsForCurrentHost(116)) - Adding ip:fe80:0:0:0:20d:3aff:fe1b:d32f%eth0,host:fe80:0:0:0:20d:3aff:fe1b:d32f%eth0
2024-04-16 15:24:15,077 [7b7781f5-2e1b-4304-b59e-bc853260fdbd-dn-CertificateRenewerService] INFO  ozone.OzoneSecurityUtil (OzoneSecurityUtil.java:getValidInetsForCurrentHost(116)) - Adding ip:10.1.0.30,host:fv-az699-832.gws2011vpwuupmkks00dozwttg.bx.internal.cloudapp.net
2024-04-16 15:24:15,077 [7b7781f5-2e1b-4304-b59e-bc853260fdbd-dn-CertificateRenewerService] INFO  ozone.OzoneSecurityUtil (OzoneSecurityUtil.java:getValidInetsForCurrentHost(116)) - Adding ip:0:0:0:0:0:0:0:1%lo,host:localhost
2024-04-16 15:24:15,077 [7b7781f5-2e1b-4304-b59e-bc853260fdbd-dn-CertificateRenewerService] INFO  ozone.OzoneSecurityUtil (OzoneSecurityUtil.java:getValidInetsForCurrentHost(119)) - ip:127.0.0.1 not returned.
2024-04-16 15:24:15,077 [7b7781f5-2e1b-4304-b59e-bc853260fdbd-dn-CertificateRenewerService] ERROR client.DNCertificateClient (DefaultCertificateClient.java:run(1473)) - Failed to renew and store key and cert. Keep using existing certificates.
org.apache.hadoop.hdds.security.x509.exception.CertificateException: Error while signing and storing new certificates.
	at org.apache.hadoop.hdds.security.x509.certificate.client.DefaultCertificateClient.renewAndStoreKeyAndCertificate(DefaultCertificateClient.java:1155)
	at org.apache.hadoop.hdds.security.x509.certificate.client.DefaultCertificateClient$CertificateRenewerService.run(DefaultCertificateClient.java:1462)
	at java.util.concurrent.Executors$RunnableAdapter.call(Executors.java:511)
	at java.util.concurrent.FutureTask.runAndReset(FutureTask.java:308)
	at java.util.concurrent.ScheduledThreadPoolExecutor$ScheduledFutureTask.access$301(ScheduledThreadPoolExecutor.java:180)
	at java.util.concurrent.ScheduledThreadPoolExecutor$ScheduledFutureTask.run(ScheduledThreadPoolExecutor.java:294)
	at java.util.concurrent.ThreadPoolExecutor.runWorker(ThreadPoolExecutor.java:1149)
	at java.util.concurrent.ThreadPoolExecutor$Worker.run(ThreadPoolExecutor.java:624)
	at java.lang.Thread.run(Thread.java:750)
Caused by: java.lang.IllegalArgumentException: IP Address is invalid
	at org.bouncycastle.asn1.x509.GeneralName.<init>(Unknown Source)
	at org.apache.hadoop.hdds.security.x509.certificate.utils.CertificateSignRequest$Builder.addAltName(CertificateSignRequest.java:334)
	at org.apache.hadoop.hdds.security.x509.certificate.utils.CertificateSignRequest$Builder.addIpAddress(CertificateSignRequest.java:281)
	at org.apache.hadoop.hdds.security.x509.certificate.utils.CertificateSignRequest$Builder.lambda$addInetAddresses$0(CertificateSignRequest.java:306)
	at java.util.ArrayList.forEach(ArrayList.java:1259)
	at org.apache.hadoop.hdds.security.x509.certificate.utils.CertificateSignRequest$Builder.addInetAddresses(CertificateSignRequest.java:304)
	at org.apache.hadoop.hdds.security.x509.certificate.utils.CertificateSignRequest$Builder.addInetAddresses(CertificateSignRequest.java:292)
	at org.apache.hadoop.hdds.security.x509.certificate.client.DefaultCertificateClient.getCSRBuilder(DefaultCertificateClient.java:573)
	at org.apache.hadoop.hdds.security.x509.certificate.client.DNCertificateClient.getCSRBuilder(DNCertificateClient.java:75)
	at org.apache.hadoop.hdds.security.x509.certificate.client.DefaultCertificateClient.renewAndStoreKeyAndCertificate(DefaultCertificateClient.java:1150)
	... 8 more
2024-04-16 15:24:15,078 [7b7781f5-2e1b-4304-b59e-bc853260fdbd-dn-CertificateRenewerService] INFO  client.DNCertificateClient (DefaultCertificateClient.java:run(1457)) - Current certificate 241473 needs to be renewed remaining grace period PT0S. Forced renewal due to root ca rotation: false.
2024-04-16 15:24:15,210 [7b7781f5-2e1b-4304-b59e-bc853260fdbd-dn-CertificateRenewerService] INFO  ozone.OzoneSecurityUtil (OzoneSecurityUtil.java:getValidInetsForCurrentHost(116)) - Adding ip:fe80:0:0:0:20d:3aff:fe1b:d32f%eth0,host:fe80:0:0:0:20d:3aff:fe1b:d32f%eth0
2024-04-16 15:24:15,210 [7b7781f5-2e1b-4304-b59e-bc853260fdbd-dn-CertificateRenewerService] INFO  ozone.OzoneSecurityUtil (OzoneSecurityUtil.java:getValidInetsForCurrentHost(116)) - Adding ip:10.1.0.30,host:fv-az699-832.gws2011vpwuupmkks00dozwttg.bx.internal.cloudapp.net
2024-04-16 15:24:15,210 [7b7781f5-2e1b-4304-b59e-bc853260fdbd-dn-CertificateRenewerService] INFO  ozone.OzoneSecurityUtil (OzoneSecurityUtil.java:getValidInetsForCurrentHost(116)) - Adding ip:0:0:0:0:0:0:0:1%lo,host:localhost
2024-04-16 15:24:15,211 [7b7781f5-2e1b-4304-b59e-bc853260fdbd-dn-CertificateRenewerService] INFO  ozone.OzoneSecurityUtil (OzoneSecurityUtil.java:getValidInetsForCurrentHost(119)) - ip:127.0.0.1 not returned.
2024-04-16 15:24:15,211 [7b7781f5-2e1b-4304-b59e-bc853260fdbd-dn-CertificateRenewerService] ERROR client.DNCertificateClient (DefaultCertificateClient.java:run(1473)) - Failed to renew and store key and cert. Keep using existing certificates.
org.apache.hadoop.hdds.security.x509.exception.CertificateException: Error while signing and storing new certificates.
	at org.apache.hadoop.hdds.security.x509.certificate.client.DefaultCertificateClient.renewAndStoreKeyAndCertificate(DefaultCertificateClient.java:1155)
	at org.apache.hadoop.hdds.security.x509.certificate.client.DefaultCertificateClient$CertificateRenewerService.run(DefaultCertificateClient.java:1462)
	at java.util.concurrent.Executors$RunnableAdapter.call(Executors.java:511)
	at java.util.concurrent.FutureTask.runAndReset(FutureTask.java:308)
	at java.util.concurrent.ScheduledThreadPoolExecutor$ScheduledFutureTask.access$301(ScheduledThreadPoolExecutor.java:180)
	at java.util.concurrent.ScheduledThreadPoolExecutor$ScheduledFutureTask.run(ScheduledThreadPoolExecutor.java:294)
	at java.util.concurrent.ThreadPoolExecutor.runWorker(ThreadPoolExecutor.java:1149)
	at java.util.concurrent.ThreadPoolExecutor$Worker.run(ThreadPoolExecutor.java:624)
	at java.lang.Thread.run(Thread.java:750)
Caused by: java.lang.IllegalArgumentException: IP Address is invalid
	at org.bouncycastle.asn1.x509.GeneralName.<init>(Unknown Source)
	at org.apache.hadoop.hdds.security.x509.certificate.utils.CertificateSignRequest$Builder.addAltName(CertificateSignRequest.java:334)
	at org.apache.hadoop.hdds.security.x509.certificate.utils.CertificateSignRequest$Builder.addIpAddress(CertificateSignRequest.java:281)
	at org.apache.hadoop.hdds.security.x509.certificate.utils.CertificateSignRequest$Builder.lambda$addInetAddresses$0(CertificateSignRequest.java:306)
	at java.util.ArrayList.forEach(ArrayList.java:1259)
	at org.apache.hadoop.hdds.security.x509.certificate.utils.CertificateSignRequest$Builder.addInetAddresses(CertificateSignRequest.java:304)
	at org.apache.hadoop.hdds.security.x509.certificate.utils.CertificateSignRequest$Builder.addInetAddresses(CertificateSignRequest.java:292)
	at org.apache.hadoop.hdds.security.x509.certificate.client.DefaultCertificateClient.getCSRBuilder(DefaultCertificateClient.java:573)
	at org.apache.hadoop.hdds.security.x509.certificate.client.DNCertificateClient.getCSRBuilder(DNCertificateClient.java:75)
	at org.apache.hadoop.hdds.security.x509.certificate.client.DefaultCertificateClient.renewAndStoreKeyAndCertificate(DefaultCertificateClient.java:1150)
	... 8 more
2024-04-16 15:24:16,667 [7b7781f5-2e1b-4304-b59e-bc853260fdbd-dn-CertificateRenewerService] INFO  client.DNCertificateClient (DefaultCertificateClient.java:run(1457)) - Current certificate 241473 needs to be renewed remaining grace period PT0S. Forced renewal due to root ca rotation: false.
2024-04-16 15:24:16,915 [7b7781f5-2e1b-4304-b59e-bc853260fdbd-dn-CertificateRenewerService] INFO  ozone.OzoneSecurityUtil (OzoneSecurityUtil.java:getValidInetsForCurrentHost(116)) - Adding ip:fe80:0:0:0:20d:3aff:fe1b:d32f%eth0,host:fe80:0:0:0:20d:3aff:fe1b:d32f%eth0
2024-04-16 15:24:16,915 [7b7781f5-2e1b-4304-b59e-bc853260fdbd-dn-CertificateRenewerService] INFO  ozone.OzoneSecurityUtil (OzoneSecurityUtil.java:getValidInetsForCurrentHost(116)) - Adding ip:10.1.0.30,host:fv-az699-832.gws2011vpwuupmkks00dozwttg.bx.internal.cloudapp.net
2024-04-16 15:24:16,915 [7b7781f5-2e1b-4304-b59e-bc853260fdbd-dn-CertificateRenewerService] INFO  ozone.OzoneSecurityUtil (OzoneSecurityUtil.java:getValidInetsForCurrentHost(116)) - Adding ip:0:0:0:0:0:0:0:1%lo,host:localhost
2024-04-16 15:24:16,916 [7b7781f5-2e1b-4304-b59e-bc853260fdbd-dn-CertificateRenewerService] INFO  ozone.OzoneSecurityUtil (OzoneSecurityUtil.java:getValidInetsForCurrentHost(119)) - ip:127.0.0.1 not returned.
2024-04-16 15:24:16,916 [7b7781f5-2e1b-4304-b59e-bc853260fdbd-dn-CertificateRenewerService] ERROR client.DNCertificateClient (DefaultCertificateClient.java:run(1473)) - Failed to renew and store key and cert. Keep using existing certificates.
org.apache.hadoop.hdds.security.x509.exception.CertificateException: Error while signing and storing new certificates.
	at org.apache.hadoop.hdds.security.x509.certificate.client.DefaultCertificateClient.renewAndStoreKeyAndCertificate(DefaultCertificateClient.java:1155)
	at org.apache.hadoop.hdds.security.x509.certificate.client.DefaultCertificateClient$CertificateRenewerService.run(DefaultCertificateClient.java:1462)
	at java.util.concurrent.Executors$RunnableAdapter.call(Executors.java:511)
	at java.util.concurrent.FutureTask.runAndReset(FutureTask.java:308)
	at java.util.concurrent.ScheduledThreadPoolExecutor$ScheduledFutureTask.access$301(ScheduledThreadPoolExecutor.java:180)
	at java.util.concurrent.ScheduledThreadPoolExecutor$ScheduledFutureTask.run(ScheduledThreadPoolExecutor.java:294)
	at java.util.concurrent.ThreadPoolExecutor.runWorker(ThreadPoolExecutor.java:1149)
	at java.util.concurrent.ThreadPoolExecutor$Worker.run(ThreadPoolExecutor.java:624)
	at java.lang.Thread.run(Thread.java:750)
Caused by: java.lang.IllegalArgumentException: IP Address is invalid
	at org.bouncycastle.asn1.x509.GeneralName.<init>(Unknown Source)
	at org.apache.hadoop.hdds.security.x509.certificate.utils.CertificateSignRequest$Builder.addAltName(CertificateSignRequest.java:334)
	at org.apache.hadoop.hdds.security.x509.certificate.utils.CertificateSignRequest$Builder.addIpAddress(CertificateSignRequest.java:281)
	at org.apache.hadoop.hdds.security.x509.certificate.utils.CertificateSignRequest$Builder.lambda$addInetAddresses$0(CertificateSignRequest.java:306)
	at java.util.ArrayList.forEach(ArrayList.java:1259)
	at org.apache.hadoop.hdds.security.x509.certificate.utils.CertificateSignRequest$Builder.addInetAddresses(CertificateSignRequest.java:304)
	at org.apache.hadoop.hdds.security.x509.certificate.utils.CertificateSignRequest$Builder.addInetAddresses(CertificateSignRequest.java:292)
	at org.apache.hadoop.hdds.security.x509.certificate.client.DefaultCertificateClient.getCSRBuilder(DefaultCertificateClient.java:573)
	at org.apache.hadoop.hdds.security.x509.certificate.client.DNCertificateClient.getCSRBuilder(DNCertificateClient.java:75)
	at org.apache.hadoop.hdds.security.x509.certificate.client.DefaultCertificateClient.renewAndStoreKeyAndCertificate(DefaultCertificateClient.java:1150)
	... 8 more
2024-04-16 15:24:16,916 [7b7781f5-2e1b-4304-b59e-bc853260fdbd-dn-CertificateRenewerService] INFO  client.DNCertificateClient (DefaultCertificateClient.java:run(1457)) - Current certificate 241473 needs to be renewed remaining grace period PT0S. Forced renewal due to root ca rotation: false.
2024-04-16 15:24:17,049 [7b7781f5-2e1b-4304-b59e-bc853260fdbd-dn-CertificateRenewerService] INFO  ozone.OzoneSecurityUtil (OzoneSecurityUtil.java:getValidInetsForCurrentHost(116)) - Adding ip:fe80:0:0:0:20d:3aff:fe1b:d32f%eth0,host:fe80:0:0:0:20d:3aff:fe1b:d32f%eth0
2024-04-16 15:24:17,049 [7b7781f5-2e1b-4304-b59e-bc853260fdbd-dn-CertificateRenewerService] INFO  ozone.OzoneSecurityUtil (OzoneSecurityUtil.java:getValidInetsForCurrentHost(116)) - Adding ip:10.1.0.30,host:fv-az699-832.gws2011vpwuupmkks00dozwttg.bx.internal.cloudapp.net
2024-04-16 15:24:17,049 [7b7781f5-2e1b-4304-b59e-bc853260fdbd-dn-CertificateRenewerService] INFO  ozone.OzoneSecurityUtil (OzoneSecurityUtil.java:getValidInetsForCurrentHost(116)) - Adding ip:0:0:0:0:0:0:0:1%lo,host:localhost
2024-04-16 15:24:17,049 [7b7781f5-2e1b-4304-b59e-bc853260fdbd-dn-CertificateRenewerService] INFO  ozone.OzoneSecurityUtil (OzoneSecurityUtil.java:getValidInetsForCurrentHost(119)) - ip:127.0.0.1 not returned.
2024-04-16 15:24:17,049 [7b7781f5-2e1b-4304-b59e-bc853260fdbd-dn-CertificateRenewerService] ERROR client.DNCertificateClient (DefaultCertificateClient.java:run(1473)) - Failed to renew and store key and cert. Keep using existing certificates.
org.apache.hadoop.hdds.security.x509.exception.CertificateException: Error while signing and storing new certificates.
	at org.apache.hadoop.hdds.security.x509.certificate.client.DefaultCertificateClient.renewAndStoreKeyAndCertificate(DefaultCertificateClient.java:1155)
	at org.apache.hadoop.hdds.security.x509.certificate.client.DefaultCertificateClient$CertificateRenewerService.run(DefaultCertificateClient.java:1462)
	at java.util.concurrent.Executors$RunnableAdapter.call(Executors.java:511)
	at java.util.concurrent.FutureTask.runAndReset(FutureTask.java:308)
	at java.util.concurrent.ScheduledThreadPoolExecutor$ScheduledFutureTask.access$301(ScheduledThreadPoolExecutor.java:180)
	at java.util.concurrent.ScheduledThreadPoolExecutor$ScheduledFutureTask.run(ScheduledThreadPoolExecutor.java:294)
	at java.util.concurrent.ThreadPoolExecutor.runWorker(ThreadPoolExecutor.java:1149)
	at java.util.concurrent.ThreadPoolExecutor$Worker.run(ThreadPoolExecutor.java:624)
	at java.lang.Thread.run(Thread.java:750)
Caused by: java.lang.IllegalArgumentException: IP Address is invalid
	at org.bouncycastle.asn1.x509.GeneralName.<init>(Unknown Source)
	at org.apache.hadoop.hdds.security.x509.certificate.utils.CertificateSignRequest$Builder.addAltName(CertificateSignRequest.java:334)
	at org.apache.hadoop.hdds.security.x509.certificate.utils.CertificateSignRequest$Builder.addIpAddress(CertificateSignRequest.java:281)
	at org.apache.hadoop.hdds.security.x509.certificate.utils.CertificateSignRequest$Builder.lambda$addInetAddresses$0(CertificateSignRequest.java:306)
	at java.util.ArrayList.forEach(ArrayList.java:1259)
	at org.apache.hadoop.hdds.security.x509.certificate.utils.CertificateSignRequest$Builder.addInetAddresses(CertificateSignRequest.java:304)
	at org.apache.hadoop.hdds.security.x509.certificate.utils.CertificateSignRequest$Builder.addInetAddresses(CertificateSignRequest.java:292)
	at org.apache.hadoop.hdds.security.x509.certificate.client.DefaultCertificateClient.getCSRBuilder(DefaultCertificateClient.java:573)
	at org.apache.hadoop.hdds.security.x509.certificate.client.DNCertificateClient.getCSRBuilder(DNCertificateClient.java:75)
	at org.apache.hadoop.hdds.security.x509.certificate.client.DefaultCertificateClient.renewAndStoreKeyAndCertificate(DefaultCertificateClient.java:1150)
	... 8 more
2024-04-16 15:24:18,333 [7b7781f5-2e1b-4304-b59e-bc853260fdbd-dn-CertificateRenewerService] INFO  client.DNCertificateClient (DefaultCertificateClient.java:run(1457)) - Current certificate 241473 needs to be renewed remaining grace period PT0S. Forced renewal due to root ca rotation: false.
2024-04-16 15:24:18,565 [7b7781f5-2e1b-4304-b59e-bc853260fdbd-dn-CertificateRenewerService] INFO  ozone.OzoneSecurityUtil (OzoneSecurityUtil.java:getValidInetsForCurrentHost(116)) - Adding ip:fe80:0:0:0:20d:3aff:fe1b:d32f%eth0,host:fe80:0:0:0:20d:3aff:fe1b:d32f%eth0
2024-04-16 15:24:18,565 [7b7781f5-2e1b-4304-b59e-bc853260fdbd-dn-CertificateRenewerService] INFO  ozone.OzoneSecurityUtil (OzoneSecurityUtil.java:getValidInetsForCurrentHost(116)) - Adding ip:10.1.0.30,host:fv-az699-832.gws2011vpwuupmkks00dozwttg.bx.internal.cloudapp.net
2024-04-16 15:24:18,565 [7b7781f5-2e1b-4304-b59e-bc853260fdbd-dn-CertificateRenewerService] INFO  ozone.OzoneSecurityUtil (OzoneSecurityUtil.java:getValidInetsForCurrentHost(116)) - Adding ip:0:0:0:0:0:0:0:1%lo,host:localhost
2024-04-16 15:24:18,565 [7b7781f5-2e1b-4304-b59e-bc853260fdbd-dn-CertificateRenewerService] INFO  ozone.OzoneSecurityUtil (OzoneSecurityUtil.java:getValidInetsForCurrentHost(119)) - ip:127.0.0.1 not returned.
2024-04-16 15:24:18,566 [7b7781f5-2e1b-4304-b59e-bc853260fdbd-dn-CertificateRenewerService] ERROR client.DNCertificateClient (DefaultCertificateClient.java:run(1473)) - Failed to renew and store key and cert. Keep using existing certificates.
org.apache.hadoop.hdds.security.x509.exception.CertificateException: Error while signing and storing new certificates.
	at org.apache.hadoop.hdds.security.x509.certificate.client.DefaultCertificateClient.renewAndStoreKeyAndCertificate(DefaultCertificateClient.java:1155)
	at org.apache.hadoop.hdds.security.x509.certificate.client.DefaultCertificateClient$CertificateRenewerService.run(DefaultCertificateClient.java:1462)
	at java.util.concurrent.Executors$RunnableAdapter.call(Executors.java:511)
	at java.util.concurrent.FutureTask.runAndReset(FutureTask.java:308)
	at java.util.concurrent.ScheduledThreadPoolExecutor$ScheduledFutureTask.access$301(ScheduledThreadPoolExecutor.java:180)
	at java.util.concurrent.ScheduledThreadPoolExecutor$ScheduledFutureTask.run(ScheduledThreadPoolExecutor.java:294)
	at java.util.concurrent.ThreadPoolExecutor.runWorker(ThreadPoolExecutor.java:1149)
	at java.util.concurrent.ThreadPoolExecutor$Worker.run(ThreadPoolExecutor.java:624)
	at java.lang.Thread.run(Thread.java:750)
Caused by: java.lang.IllegalArgumentException: IP Address is invalid
	at org.bouncycastle.asn1.x509.GeneralName.<init>(Unknown Source)
	at org.apache.hadoop.hdds.security.x509.certificate.utils.CertificateSignRequest$Builder.addAltName(CertificateSignRequest.java:334)
	at org.apache.hadoop.hdds.security.x509.certificate.utils.CertificateSignRequest$Builder.addIpAddress(CertificateSignRequest.java:281)
	at org.apache.hadoop.hdds.security.x509.certificate.utils.CertificateSignRequest$Builder.lambda$addInetAddresses$0(CertificateSignRequest.java:306)
	at java.util.ArrayList.forEach(ArrayList.java:1259)
	at org.apache.hadoop.hdds.security.x509.certificate.utils.CertificateSignRequest$Builder.addInetAddresses(CertificateSignRequest.java:304)
	at org.apache.hadoop.hdds.security.x509.certificate.utils.CertificateSignRequest$Builder.addInetAddresses(CertificateSignRequest.java:292)
	at org.apache.hadoop.hdds.security.x509.certificate.client.DefaultCertificateClient.getCSRBuilder(DefaultCertificateClient.java:573)
	at org.apache.hadoop.hdds.security.x509.certificate.client.DNCertificateClient.getCSRBuilder(DNCertificateClient.java:75)
	at org.apache.hadoop.hdds.security.x509.certificate.client.DefaultCertificateClient.renewAndStoreKeyAndCertificate(DefaultCertificateClient.java:1150)
	... 8 more
2024-04-16 15:24:18,566 [7b7781f5-2e1b-4304-b59e-bc853260fdbd-dn-CertificateRenewerService] INFO  client.DNCertificateClient (DefaultCertificateClient.java:run(1457)) - Current certificate 241473 needs to be renewed remaining grace period PT0S. Forced renewal due to root ca rotation: false.
2024-04-16 15:24:18,677 [7b7781f5-2e1b-4304-b59e-bc853260fdbd-dn-CertificateRenewerService] INFO  ozone.OzoneSecurityUtil (OzoneSecurityUtil.java:getValidInetsForCurrentHost(116)) - Adding ip:fe80:0:0:0:20d:3aff:fe1b:d32f%eth0,host:fe80:0:0:0:20d:3aff:fe1b:d32f%eth0
2024-04-16 15:24:18,677 [7b7781f5-2e1b-4304-b59e-bc853260fdbd-dn-CertificateRenewerService] INFO  ozone.OzoneSecurityUtil (OzoneSecurityUtil.java:getValidInetsForCurrentHost(116)) - Adding ip:10.1.0.30,host:fv-az699-832.gws2011vpwuupmkks00dozwttg.bx.internal.cloudapp.net
2024-04-16 15:24:18,677 [7b7781f5-2e1b-4304-b59e-bc853260fdbd-dn-CertificateRenewerService] INFO  ozone.OzoneSecurityUtil (OzoneSecurityUtil.java:getValidInetsForCurrentHost(116)) - Adding ip:0:0:0:0:0:0:0:1%lo,host:localhost
2024-04-16 15:24:18,677 [7b7781f5-2e1b-4304-b59e-bc853260fdbd-dn-CertificateRenewerService] INFO  ozone.OzoneSecurityUtil (OzoneSecurityUtil.java:getValidInetsForCurrentHost(119)) - ip:127.0.0.1 not returned.
2024-04-16 15:24:18,677 [7b7781f5-2e1b-4304-b59e-bc853260fdbd-dn-CertificateRenewerService] ERROR client.DNCertificateClient (DefaultCertificateClient.java:run(1473)) - Failed to renew and store key and cert. Keep using existing certificates.
org.apache.hadoop.hdds.security.x509.exception.CertificateException: Error while signing and storing new certificates.
	at org.apache.hadoop.hdds.security.x509.certificate.client.DefaultCertificateClient.renewAndStoreKeyAndCertificate(DefaultCertificateClient.java:1155)
	at org.apache.hadoop.hdds.security.x509.certificate.client.DefaultCertificateClient$CertificateRenewerService.run(DefaultCertificateClient.java:1462)
	at java.util.concurrent.Executors$RunnableAdapter.call(Executors.java:511)
	at java.util.concurrent.FutureTask.runAndReset(FutureTask.java:308)
	at java.util.concurrent.ScheduledThreadPoolExecutor$ScheduledFutureTask.access$301(ScheduledThreadPoolExecutor.java:180)
	at java.util.concurrent.ScheduledThreadPoolExecutor$ScheduledFutureTask.run(ScheduledThreadPoolExecutor.java:294)
	at java.util.concurrent.ThreadPoolExecutor.runWorker(ThreadPoolExecutor.java:1149)
	at java.util.concurrent.ThreadPoolExecutor$Worker.run(ThreadPoolExecutor.java:624)
	at java.lang.Thread.run(Thread.java:750)
Caused by: java.lang.IllegalArgumentException: IP Address is invalid
	at org.bouncycastle.asn1.x509.GeneralName.<init>(Unknown Source)
	at org.apache.hadoop.hdds.security.x509.certificate.utils.CertificateSignRequest$Builder.addAltName(CertificateSignRequest.java:334)
	at org.apache.hadoop.hdds.security.x509.certificate.utils.CertificateSignRequest$Builder.addIpAddress(CertificateSignRequest.java:281)
	at org.apache.hadoop.hdds.security.x509.certificate.utils.CertificateSignRequest$Builder.lambda$addInetAddresses$0(CertificateSignRequest.java:306)
	at java.util.ArrayList.forEach(ArrayList.java:1259)
	at org.apache.hadoop.hdds.security.x509.certificate.utils.CertificateSignRequest$Builder.addInetAddresses(CertificateSignRequest.java:304)
	at org.apache.hadoop.hdds.security.x509.certificate.utils.CertificateSignRequest$Builder.addInetAddresses(CertificateSignRequest.java:292)
	at org.apache.hadoop.hdds.security.x509.certificate.client.DefaultCertificateClient.getCSRBuilder(DefaultCertificateClient.java:573)
	at org.apache.hadoop.hdds.security.x509.certificate.client.DNCertificateClient.getCSRBuilder(DNCertificateClient.java:75)
	at org.apache.hadoop.hdds.security.x509.certificate.client.DefaultCertificateClient.renewAndStoreKeyAndCertificate(DefaultCertificateClient.java:1150)
	... 8 more
2024-04-16 15:24:19,999 [7b7781f5-2e1b-4304-b59e-bc853260fdbd-dn-CertificateRenewerService] INFO  client.DNCertificateClient (DefaultCertificateClient.java:run(1457)) - Current certificate 241473 needs to be renewed remaining grace period PT0S. Forced renewal due to root ca rotation: false.
2024-04-16 15:24:20,136 [7b7781f5-2e1b-4304-b59e-bc853260fdbd-dn-CertificateRenewerService] INFO  ozone.OzoneSecurityUtil (OzoneSecurityUtil.java:getValidInetsForCurrentHost(116)) - Adding ip:fe80:0:0:0:20d:3aff:fe1b:d32f%eth0,host:fe80:0:0:0:20d:3aff:fe1b:d32f%eth0
2024-04-16 15:24:20,136 [7b7781f5-2e1b-4304-b59e-bc853260fdbd-dn-CertificateRenewerService] INFO  ozone.OzoneSecurityUtil (OzoneSecurityUtil.java:getValidInetsForCurrentHost(116)) - Adding ip:10.1.0.30,host:fv-az699-832.gws2011vpwuupmkks00dozwttg.bx.internal.cloudapp.net
2024-04-16 15:24:20,136 [7b7781f5-2e1b-4304-b59e-bc853260fdbd-dn-CertificateRenewerService] INFO  ozone.OzoneSecurityUtil (OzoneSecurityUtil.java:getValidInetsForCurrentHost(116)) - Adding ip:0:0:0:0:0:0:0:1%lo,host:localhost
2024-04-16 15:24:20,136 [7b7781f5-2e1b-4304-b59e-bc853260fdbd-dn-CertificateRenewerService] INFO  ozone.OzoneSecurityUtil (OzoneSecurityUtil.java:getValidInetsForCurrentHost(119)) - ip:127.0.0.1 not returned.
2024-04-16 15:24:20,136 [7b7781f5-2e1b-4304-b59e-bc853260fdbd-dn-CertificateRenewerService] ERROR client.DNCertificateClient (DefaultCertificateClient.java:run(1473)) - Failed to renew and store key and cert. Keep using existing certificates.
org.apache.hadoop.hdds.security.x509.exception.CertificateException: Error while signing and storing new certificates.
	at org.apache.hadoop.hdds.security.x509.certificate.client.DefaultCertificateClient.renewAndStoreKeyAndCertificate(DefaultCertificateClient.java:1155)
	at org.apache.hadoop.hdds.security.x509.certificate.client.DefaultCertificateClient$CertificateRenewerService.run(DefaultCertificateClient.java:1462)
	at java.util.concurrent.Executors$RunnableAdapter.call(Executors.java:511)
	at java.util.concurrent.FutureTask.runAndReset(FutureTask.java:308)
	at java.util.concurrent.ScheduledThreadPoolExecutor$ScheduledFutureTask.access$301(ScheduledThreadPoolExecutor.java:180)
	at java.util.concurrent.ScheduledThreadPoolExecutor$ScheduledFutureTask.run(ScheduledThreadPoolExecutor.java:294)
	at java.util.concurrent.ThreadPoolExecutor.runWorker(ThreadPoolExecutor.java:1149)
	at java.util.concurrent.ThreadPoolExecutor$Worker.run(ThreadPoolExecutor.java:624)
	at java.lang.Thread.run(Thread.java:750)
Caused by: java.lang.IllegalArgumentException: IP Address is invalid
	at org.bouncycastle.asn1.x509.GeneralName.<init>(Unknown Source)
	at org.apache.hadoop.hdds.security.x509.certificate.utils.CertificateSignRequest$Builder.addAltName(CertificateSignRequest.java:334)
	at org.apache.hadoop.hdds.security.x509.certificate.utils.CertificateSignRequest$Builder.addIpAddress(CertificateSignRequest.java:281)
	at org.apache.hadoop.hdds.security.x509.certificate.utils.CertificateSignRequest$Builder.lambda$addInetAddresses$0(CertificateSignRequest.java:306)
	at java.util.ArrayList.forEach(ArrayList.java:1259)
	at org.apache.hadoop.hdds.security.x509.certificate.utils.CertificateSignRequest$Builder.addInetAddresses(CertificateSignRequest.java:304)
	at org.apache.hadoop.hdds.security.x509.certificate.utils.CertificateSignRequest$Builder.addInetAddresses(CertificateSignRequest.java:292)
	at org.apache.hadoop.hdds.security.x509.certificate.client.DefaultCertificateClient.getCSRBuilder(DefaultCertificateClient.java:573)
	at org.apache.hadoop.hdds.security.x509.certificate.client.DNCertificateClient.getCSRBuilder(DNCertificateClient.java:75)
	at org.apache.hadoop.hdds.security.x509.certificate.client.DefaultCertificateClient.renewAndStoreKeyAndCertificate(DefaultCertificateClient.java:1150)
	... 8 more
2024-04-16 15:24:20,137 [7b7781f5-2e1b-4304-b59e-bc853260fdbd-dn-CertificateRenewerService] INFO  client.DNCertificateClient (DefaultCertificateClient.java:run(1457)) - Current certificate 241473 needs to be renewed remaining grace period PT0S. Forced renewal due to root ca rotation: false.
2024-04-16 15:24:20,204 [7b7781f5-2e1b-4304-b59e-bc853260fdbd-dn-CertificateRenewerService] INFO  ozone.OzoneSecurityUtil (OzoneSecurityUtil.java:getValidInetsForCurrentHost(116)) - Adding ip:fe80:0:0:0:20d:3aff:fe1b:d32f%eth0,host:fe80:0:0:0:20d:3aff:fe1b:d32f%eth0
2024-04-16 15:24:20,204 [7b7781f5-2e1b-4304-b59e-bc853260fdbd-dn-CertificateRenewerService] INFO  ozone.OzoneSecurityUtil (OzoneSecurityUtil.java:getValidInetsForCurrentHost(116)) - Adding ip:10.1.0.30,host:fv-az699-832.gws2011vpwuupmkks00dozwttg.bx.internal.cloudapp.net
2024-04-16 15:24:20,204 [7b7781f5-2e1b-4304-b59e-bc853260fdbd-dn-CertificateRenewerService] INFO  ozone.OzoneSecurityUtil (OzoneSecurityUtil.java:getValidInetsForCurrentHost(116)) - Adding ip:0:0:0:0:0:0:0:1%lo,host:localhost
2024-04-16 15:24:20,204 [7b7781f5-2e1b-4304-b59e-bc853260fdbd-dn-CertificateRenewerService] INFO  ozone.OzoneSecurityUtil (OzoneSecurityUtil.java:getValidInetsForCurrentHost(119)) - ip:127.0.0.1 not returned.
2024-04-16 15:24:20,204 [7b7781f5-2e1b-4304-b59e-bc853260fdbd-dn-CertificateRenewerService] ERROR client.DNCertificateClient (DefaultCertificateClient.java:run(1473)) - Failed to renew and store key and cert. Keep using existing certificates.
org.apache.hadoop.hdds.security.x509.exception.CertificateException: Error while signing and storing new certificates.
	at org.apache.hadoop.hdds.security.x509.certificate.client.DefaultCertificateClient.renewAndStoreKeyAndCertificate(DefaultCertificateClient.java:1155)
	at org.apache.hadoop.hdds.security.x509.certificate.client.DefaultCertificateClient$CertificateRenewerService.run(DefaultCertificateClient.java:1462)
	at java.util.concurrent.Executors$RunnableAdapter.call(Executors.java:511)
	at java.util.concurrent.FutureTask.runAndReset(FutureTask.java:308)
	at java.util.concurrent.ScheduledThreadPoolExecutor$ScheduledFutureTask.access$301(ScheduledThreadPoolExecutor.java:180)
	at java.util.concurrent.ScheduledThreadPoolExecutor$ScheduledFutureTask.run(ScheduledThreadPoolExecutor.java:294)
	at java.util.concurrent.ThreadPoolExecutor.runWorker(ThreadPoolExecutor.java:1149)
	at java.util.concurrent.ThreadPoolExecutor$Worker.run(ThreadPoolExecutor.java:624)
	at java.lang.Thread.run(Thread.java:750)
Caused by: java.lang.IllegalArgumentException: IP Address is invalid
	at org.bouncycastle.asn1.x509.GeneralName.<init>(Unknown Source)
	at org.apache.hadoop.hdds.security.x509.certificate.utils.CertificateSignRequest$Builder.addAltName(CertificateSignRequest.java:334)
	at org.apache.hadoop.hdds.security.x509.certificate.utils.CertificateSignRequest$Builder.addIpAddress(CertificateSignRequest.java:281)
	at org.apache.hadoop.hdds.security.x509.certificate.utils.CertificateSignRequest$Builder.lambda$addInetAddresses$0(CertificateSignRequest.java:306)
	at java.util.ArrayList.forEach(ArrayList.java:1259)
	at org.apache.hadoop.hdds.security.x509.certificate.utils.CertificateSignRequest$Builder.addInetAddresses(CertificateSignRequest.java:304)
	at org.apache.hadoop.hdds.security.x509.certificate.utils.CertificateSignRequest$Builder.addInetAddresses(CertificateSignRequest.java:292)
	at org.apache.hadoop.hdds.security.x509.certificate.client.DefaultCertificateClient.getCSRBuilder(DefaultCertificateClient.java:573)
	at org.apache.hadoop.hdds.security.x509.certificate.client.DNCertificateClient.getCSRBuilder(DNCertificateClient.java:75)
	at org.apache.hadoop.hdds.security.x509.certificate.client.DefaultCertificateClient.renewAndStoreKeyAndCertificate(DefaultCertificateClient.java:1150)
	... 8 more
2024-04-16 15:24:20,450 [main] INFO  utils.SelfSignedCertificate (SelfSignedCertificate.java:generateCertificate(157)) - Certificate 256512 is issued by CN=localhost,OU=test,O=cluster,SERIALNUMBER=256512 to CN=localhost,OU=test,O=cluster,SERIALNUMBER=256512, valid from Tue Apr 16 15:24:20 UTC 2024 to Tue Apr 16 15:24:35 UTC 2024
2024-04-16 15:24:21,665 [7b7781f5-2e1b-4304-b59e-bc853260fdbd-dn-CertificateRenewerService] INFO  client.DNCertificateClient (DefaultCertificateClient.java:run(1457)) - Current certificate 241473 needs to be renewed remaining grace period PT0S. Forced renewal due to root ca rotation: false.
2024-04-16 15:24:21,802 [7b7781f5-2e1b-4304-b59e-bc853260fdbd-dn-CertificateRenewerService] INFO  ozone.OzoneSecurityUtil (OzoneSecurityUtil.java:getValidInetsForCurrentHost(116)) - Adding ip:fe80:0:0:0:20d:3aff:fe1b:d32f%eth0,host:fe80:0:0:0:20d:3aff:fe1b:d32f%eth0
2024-04-16 15:24:21,802 [7b7781f5-2e1b-4304-b59e-bc853260fdbd-dn-CertificateRenewerService] INFO  ozone.OzoneSecurityUtil (OzoneSecurityUtil.java:getValidInetsForCurrentHost(116)) - Adding ip:10.1.0.30,host:fv-az699-832.gws2011vpwuupmkks00dozwttg.bx.internal.cloudapp.net
2024-04-16 15:24:21,802 [7b7781f5-2e1b-4304-b59e-bc853260fdbd-dn-CertificateRenewerService] INFO  ozone.OzoneSecurityUtil (OzoneSecurityUtil.java:getValidInetsForCurrentHost(116)) - Adding ip:0:0:0:0:0:0:0:1%lo,host:localhost
2024-04-16 15:24:21,803 [7b7781f5-2e1b-4304-b59e-bc853260fdbd-dn-CertificateRenewerService] INFO  ozone.OzoneSecurityUtil (OzoneSecurityUtil.java:getValidInetsForCurrentHost(119)) - ip:127.0.0.1 not returned.
2024-04-16 15:24:21,803 [7b7781f5-2e1b-4304-b59e-bc853260fdbd-dn-CertificateRenewerService] ERROR client.DNCertificateClient (DefaultCertificateClient.java:run(1473)) - Failed to renew and store key and cert. Keep using existing certificates.
org.apache.hadoop.hdds.security.x509.exception.CertificateException: Error while signing and storing new certificates.
	at org.apache.hadoop.hdds.security.x509.certificate.client.DefaultCertificateClient.renewAndStoreKeyAndCertificate(DefaultCertificateClient.java:1155)
	at org.apache.hadoop.hdds.security.x509.certificate.client.DefaultCertificateClient$CertificateRenewerService.run(DefaultCertificateClient.java:1462)
	at java.util.concurrent.Executors$RunnableAdapter.call(Executors.java:511)
	at java.util.concurrent.FutureTask.runAndReset(FutureTask.java:308)
	at java.util.concurrent.ScheduledThreadPoolExecutor$ScheduledFutureTask.access$301(ScheduledThreadPoolExecutor.java:180)
	at java.util.concurrent.ScheduledThreadPoolExecutor$ScheduledFutureTask.run(ScheduledThreadPoolExecutor.java:294)
	at java.util.concurrent.ThreadPoolExecutor.runWorker(ThreadPoolExecutor.java:1149)
	at java.util.concurrent.ThreadPoolExecutor$Worker.run(ThreadPoolExecutor.java:624)
	at java.lang.Thread.run(Thread.java:750)
Caused by: java.lang.IllegalArgumentException: IP Address is invalid
	at org.bouncycastle.asn1.x509.GeneralName.<init>(Unknown Source)
	at org.apache.hadoop.hdds.security.x509.certificate.utils.CertificateSignRequest$Builder.addAltName(CertificateSignRequest.java:334)
	at org.apache.hadoop.hdds.security.x509.certificate.utils.CertificateSignRequest$Builder.addIpAddress(CertificateSignRequest.java:281)
	at org.apache.hadoop.hdds.security.x509.certificate.utils.CertificateSignRequest$Builder.lambda$addInetAddresses$0(CertificateSignRequest.java:306)
	at java.util.ArrayList.forEach(ArrayList.java:1259)
	at org.apache.hadoop.hdds.security.x509.certificate.utils.CertificateSignRequest$Builder.addInetAddresses(CertificateSignRequest.java:304)
	at org.apache.hadoop.hdds.security.x509.certificate.utils.CertificateSignRequest$Builder.addInetAddresses(CertificateSignRequest.java:292)
	at org.apache.hadoop.hdds.security.x509.certificate.client.DefaultCertificateClient.getCSRBuilder(DefaultCertificateClient.java:573)
	at org.apache.hadoop.hdds.security.x509.certificate.client.DNCertificateClient.getCSRBuilder(DNCertificateClient.java:75)
	at org.apache.hadoop.hdds.security.x509.certificate.client.DefaultCertificateClient.renewAndStoreKeyAndCertificate(DefaultCertificateClient.java:1150)
	... 8 more
2024-04-16 15:24:21,803 [7b7781f5-2e1b-4304-b59e-bc853260fdbd-dn-CertificateRenewerService] INFO  client.DNCertificateClient (DefaultCertificateClient.java:run(1457)) - Current certificate 241473 needs to be renewed remaining grace period PT0S. Forced renewal due to root ca rotation: false.
2024-04-16 15:24:21,891 [7b7781f5-2e1b-4304-b59e-bc853260fdbd-dn-CertificateRenewerService] INFO  ozone.OzoneSecurityUtil (OzoneSecurityUtil.java:getValidInetsForCurrentHost(116)) - Adding ip:fe80:0:0:0:20d:3aff:fe1b:d32f%eth0,host:fe80:0:0:0:20d:3aff:fe1b:d32f%eth0
2024-04-16 15:24:21,891 [7b7781f5-2e1b-4304-b59e-bc853260fdbd-dn-CertificateRenewerService] INFO  ozone.OzoneSecurityUtil (OzoneSecurityUtil.java:getValidInetsForCurrentHost(116)) - Adding ip:10.1.0.30,host:fv-az699-832.gws2011vpwuupmkks00dozwttg.bx.internal.cloudapp.net
2024-04-16 15:24:21,892 [7b7781f5-2e1b-4304-b59e-bc853260fdbd-dn-CertificateRenewerService] INFO  ozone.OzoneSecurityUtil (OzoneSecurityUtil.java:getValidInetsForCurrentHost(116)) - Adding ip:0:0:0:0:0:0:0:1%lo,host:localhost
2024-04-16 15:24:21,892 [7b7781f5-2e1b-4304-b59e-bc853260fdbd-dn-CertificateRenewerService] INFO  ozone.OzoneSecurityUtil (OzoneSecurityUtil.java:getValidInetsForCurrentHost(119)) - ip:127.0.0.1 not returned.
2024-04-16 15:24:21,892 [7b7781f5-2e1b-4304-b59e-bc853260fdbd-dn-CertificateRenewerService] ERROR client.DNCertificateClient (DefaultCertificateClient.java:run(1473)) - Failed to renew and store key and cert. Keep using existing certificates.
org.apache.hadoop.hdds.security.x509.exception.CertificateException: Error while signing and storing new certificates.
	at org.apache.hadoop.hdds.security.x509.certificate.client.DefaultCertificateClient.renewAndStoreKeyAndCertificate(DefaultCertificateClient.java:1155)
	at org.apache.hadoop.hdds.security.x509.certificate.client.DefaultCertificateClient$CertificateRenewerService.run(DefaultCertificateClient.java:1462)
	at java.util.concurrent.Executors$RunnableAdapter.call(Executors.java:511)
	at java.util.concurrent.FutureTask.runAndReset(FutureTask.java:308)
	at java.util.concurrent.ScheduledThreadPoolExecutor$ScheduledFutureTask.access$301(ScheduledThreadPoolExecutor.java:180)
	at java.util.concurrent.ScheduledThreadPoolExecutor$ScheduledFutureTask.run(ScheduledThreadPoolExecutor.java:294)
	at java.util.concurrent.ThreadPoolExecutor.runWorker(ThreadPoolExecutor.java:1149)
	at java.util.concurrent.ThreadPoolExecutor$Worker.run(ThreadPoolExecutor.java:624)
	at java.lang.Thread.run(Thread.java:750)
Caused by: java.lang.IllegalArgumentException: IP Address is invalid
	at org.bouncycastle.asn1.x509.GeneralName.<init>(Unknown Source)
	at org.apache.hadoop.hdds.security.x509.certificate.utils.CertificateSignRequest$Builder.addAltName(CertificateSignRequest.java:334)
	at org.apache.hadoop.hdds.security.x509.certificate.utils.CertificateSignRequest$Builder.addIpAddress(CertificateSignRequest.java:281)
	at org.apache.hadoop.hdds.security.x509.certificate.utils.CertificateSignRequest$Builder.lambda$addInetAddresses$0(CertificateSignRequest.java:306)
	at java.util.ArrayList.forEach(ArrayList.java:1259)
	at org.apache.hadoop.hdds.security.x509.certificate.utils.CertificateSignRequest$Builder.addInetAddresses(CertificateSignRequest.java:304)
	at org.apache.hadoop.hdds.security.x509.certificate.utils.CertificateSignRequest$Builder.addInetAddresses(CertificateSignRequest.java:292)
	at org.apache.hadoop.hdds.security.x509.certificate.client.DefaultCertificateClient.getCSRBuilder(DefaultCertificateClient.java:573)
	at org.apache.hadoop.hdds.security.x509.certificate.client.DNCertificateClient.getCSRBuilder(DNCertificateClient.java:75)
	at org.apache.hadoop.hdds.security.x509.certificate.client.DefaultCertificateClient.renewAndStoreKeyAndCertificate(DefaultCertificateClient.java:1150)
	... 8 more
2024-04-16 15:24:23,331 [7b7781f5-2e1b-4304-b59e-bc853260fdbd-dn-CertificateRenewerService] INFO  client.DNCertificateClient (DefaultCertificateClient.java:run(1457)) - Current certificate 241473 needs to be renewed remaining grace period PT0S. Forced renewal due to root ca rotation: false.
2024-04-16 15:24:23,570 [7b7781f5-2e1b-4304-b59e-bc853260fdbd-dn-CertificateRenewerService] INFO  ozone.OzoneSecurityUtil (OzoneSecurityUtil.java:getValidInetsForCurrentHost(116)) - Adding ip:fe80:0:0:0:20d:3aff:fe1b:d32f%eth0,host:fe80:0:0:0:20d:3aff:fe1b:d32f%eth0
2024-04-16 15:24:23,570 [7b7781f5-2e1b-4304-b59e-bc853260fdbd-dn-CertificateRenewerService] INFO  ozone.OzoneSecurityUtil (OzoneSecurityUtil.java:getValidInetsForCurrentHost(116)) - Adding ip:10.1.0.30,host:fv-az699-832.gws2011vpwuupmkks00dozwttg.bx.internal.cloudapp.net
2024-04-16 15:24:23,570 [7b7781f5-2e1b-4304-b59e-bc853260fdbd-dn-CertificateRenewerService] INFO  ozone.OzoneSecurityUtil (OzoneSecurityUtil.java:getValidInetsForCurrentHost(116)) - Adding ip:0:0:0:0:0:0:0:1%lo,host:localhost
2024-04-16 15:24:23,570 [7b7781f5-2e1b-4304-b59e-bc853260fdbd-dn-CertificateRenewerService] INFO  ozone.OzoneSecurityUtil (OzoneSecurityUtil.java:getValidInetsForCurrentHost(119)) - ip:127.0.0.1 not returned.
2024-04-16 15:24:23,570 [7b7781f5-2e1b-4304-b59e-bc853260fdbd-dn-CertificateRenewerService] ERROR client.DNCertificateClient (DefaultCertificateClient.java:run(1473)) - Failed to renew and store key and cert. Keep using existing certificates.
org.apache.hadoop.hdds.security.x509.exception.CertificateException: Error while signing and storing new certificates.
	at org.apache.hadoop.hdds.security.x509.certificate.client.DefaultCertificateClient.renewAndStoreKeyAndCertificate(DefaultCertificateClient.java:1155)
	at org.apache.hadoop.hdds.security.x509.certificate.client.DefaultCertificateClient$CertificateRenewerService.run(DefaultCertificateClient.java:1462)
	at java.util.concurrent.Executors$RunnableAdapter.call(Executors.java:511)
	at java.util.concurrent.FutureTask.runAndReset(FutureTask.java:308)
	at java.util.concurrent.ScheduledThreadPoolExecutor$ScheduledFutureTask.access$301(ScheduledThreadPoolExecutor.java:180)
	at java.util.concurrent.ScheduledThreadPoolExecutor$ScheduledFutureTask.run(ScheduledThreadPoolExecutor.java:294)
	at java.util.concurrent.ThreadPoolExecutor.runWorker(ThreadPoolExecutor.java:1149)
	at java.util.concurrent.ThreadPoolExecutor$Worker.run(ThreadPoolExecutor.java:624)
	at java.lang.Thread.run(Thread.java:750)
Caused by: java.lang.IllegalArgumentException: IP Address is invalid
	at org.bouncycastle.asn1.x509.GeneralName.<init>(Unknown Source)
	at org.apache.hadoop.hdds.security.x509.certificate.utils.CertificateSignRequest$Builder.addAltName(CertificateSignRequest.java:334)
	at org.apache.hadoop.hdds.security.x509.certificate.utils.CertificateSignRequest$Builder.addIpAddress(CertificateSignRequest.java:281)
	at org.apache.hadoop.hdds.security.x509.certificate.utils.CertificateSignRequest$Builder.lambda$addInetAddresses$0(CertificateSignRequest.java:306)
	at java.util.ArrayList.forEach(ArrayList.java:1259)
	at org.apache.hadoop.hdds.security.x509.certificate.utils.CertificateSignRequest$Builder.addInetAddresses(CertificateSignRequest.java:304)
	at org.apache.hadoop.hdds.security.x509.certificate.utils.CertificateSignRequest$Builder.addInetAddresses(CertificateSignRequest.java:292)
	at org.apache.hadoop.hdds.security.x509.certificate.client.DefaultCertificateClient.getCSRBuilder(DefaultCertificateClient.java:573)
	at org.apache.hadoop.hdds.security.x509.certificate.client.DNCertificateClient.getCSRBuilder(DNCertificateClient.java:75)
	at org.apache.hadoop.hdds.security.x509.certificate.client.DefaultCertificateClient.renewAndStoreKeyAndCertificate(DefaultCertificateClient.java:1150)
	... 8 more
2024-04-16 15:24:23,571 [7b7781f5-2e1b-4304-b59e-bc853260fdbd-dn-CertificateRenewerService] INFO  client.DNCertificateClient (DefaultCertificateClient.java:run(1457)) - Current certificate 241473 needs to be renewed remaining grace period PT0S. Forced renewal due to root ca rotation: false.
2024-04-16 15:24:23,683 [7b7781f5-2e1b-4304-b59e-bc853260fdbd-dn-CertificateRenewerService] INFO  ozone.OzoneSecurityUtil (OzoneSecurityUtil.java:getValidInetsForCurrentHost(116)) - Adding ip:fe80:0:0:0:20d:3aff:fe1b:d32f%eth0,host:fe80:0:0:0:20d:3aff:fe1b:d32f%eth0
2024-04-16 15:24:23,683 [7b7781f5-2e1b-4304-b59e-bc853260fdbd-dn-CertificateRenewerService] INFO  ozone.OzoneSecurityUtil (OzoneSecurityUtil.java:getValidInetsForCurrentHost(116)) - Adding ip:10.1.0.30,host:fv-az699-832.gws2011vpwuupmkks00dozwttg.bx.internal.cloudapp.net
2024-04-16 15:24:23,684 [7b7781f5-2e1b-4304-b59e-bc853260fdbd-dn-CertificateRenewerService] INFO  ozone.OzoneSecurityUtil (OzoneSecurityUtil.java:getValidInetsForCurrentHost(116)) - Adding ip:0:0:0:0:0:0:0:1%lo,host:localhost
2024-04-16 15:24:23,684 [7b7781f5-2e1b-4304-b59e-bc853260fdbd-dn-CertificateRenewerService] INFO  ozone.OzoneSecurityUtil (OzoneSecurityUtil.java:getValidInetsForCurrentHost(119)) - ip:127.0.0.1 not returned.
2024-04-16 15:24:23,684 [7b7781f5-2e1b-4304-b59e-bc853260fdbd-dn-CertificateRenewerService] ERROR client.DNCertificateClient (DefaultCertificateClient.java:run(1473)) - Failed to renew and store key and cert. Keep using existing certificates.
org.apache.hadoop.hdds.security.x509.exception.CertificateException: Error while signing and storing new certificates.
	at org.apache.hadoop.hdds.security.x509.certificate.client.DefaultCertificateClient.renewAndStoreKeyAndCertificate(DefaultCertificateClient.java:1155)
	at org.apache.hadoop.hdds.security.x509.certificate.client.DefaultCertificateClient$CertificateRenewerService.run(DefaultCertificateClient.java:1462)
	at java.util.concurrent.Executors$RunnableAdapter.call(Executors.java:511)
	at java.util.concurrent.FutureTask.runAndReset(FutureTask.java:308)
	at java.util.concurrent.ScheduledThreadPoolExecutor$ScheduledFutureTask.access$301(ScheduledThreadPoolExecutor.java:180)
	at java.util.concurrent.ScheduledThreadPoolExecutor$ScheduledFutureTask.run(ScheduledThreadPoolExecutor.java:294)
	at java.util.concurrent.ThreadPoolExecutor.runWorker(ThreadPoolExecutor.java:1149)
	at java.util.concurrent.ThreadPoolExecutor$Worker.run(ThreadPoolExecutor.java:624)
	at java.lang.Thread.run(Thread.java:750)
Caused by: java.lang.IllegalArgumentException: IP Address is invalid
	at org.bouncycastle.asn1.x509.GeneralName.<init>(Unknown Source)
	at org.apache.hadoop.hdds.security.x509.certificate.utils.CertificateSignRequest$Builder.addAltName(CertificateSignRequest.java:334)
	at org.apache.hadoop.hdds.security.x509.certificate.utils.CertificateSignRequest$Builder.addIpAddress(CertificateSignRequest.java:281)
	at org.apache.hadoop.hdds.security.x509.certificate.utils.CertificateSignRequest$Builder.lambda$addInetAddresses$0(CertificateSignRequest.java:306)
	at java.util.ArrayList.forEach(ArrayList.java:1259)
	at org.apache.hadoop.hdds.security.x509.certificate.utils.CertificateSignRequest$Builder.addInetAddresses(CertificateSignRequest.java:304)
	at org.apache.hadoop.hdds.security.x509.certificate.utils.CertificateSignRequest$Builder.addInetAddresses(CertificateSignRequest.java:292)
	at org.apache.hadoop.hdds.security.x509.certificate.client.DefaultCertificateClient.getCSRBuilder(DefaultCertificateClient.java:573)
	at org.apache.hadoop.hdds.security.x509.certificate.client.DNCertificateClient.getCSRBuilder(DNCertificateClient.java:75)
	at org.apache.hadoop.hdds.security.x509.certificate.client.DefaultCertificateClient.renewAndStoreKeyAndCertificate(DefaultCertificateClient.java:1150)
	... 8 more
2024-04-16 15:24:24,997 [7b7781f5-2e1b-4304-b59e-bc853260fdbd-dn-CertificateRenewerService] INFO  client.DNCertificateClient (DefaultCertificateClient.java:run(1457)) - Current certificate 241473 needs to be renewed remaining grace period PT0S. Forced renewal due to root ca rotation: false.
2024-04-16 15:24:25,227 [7b7781f5-2e1b-4304-b59e-bc853260fdbd-dn-CertificateRenewerService] INFO  ozone.OzoneSecurityUtil (OzoneSecurityUtil.java:getValidInetsForCurrentHost(116)) - Adding ip:fe80:0:0:0:20d:3aff:fe1b:d32f%eth0,host:fe80:0:0:0:20d:3aff:fe1b:d32f%eth0
2024-04-16 15:24:25,227 [7b7781f5-2e1b-4304-b59e-bc853260fdbd-dn-CertificateRenewerService] INFO  ozone.OzoneSecurityUtil (OzoneSecurityUtil.java:getValidInetsForCurrentHost(116)) - Adding ip:10.1.0.30,host:fv-az699-832.gws2011vpwuupmkks00dozwttg.bx.internal.cloudapp.net
2024-04-16 15:24:25,227 [7b7781f5-2e1b-4304-b59e-bc853260fdbd-dn-CertificateRenewerService] INFO  ozone.OzoneSecurityUtil (OzoneSecurityUtil.java:getValidInetsForCurrentHost(116)) - Adding ip:0:0:0:0:0:0:0:1%lo,host:localhost
2024-04-16 15:24:25,227 [7b7781f5-2e1b-4304-b59e-bc853260fdbd-dn-CertificateRenewerService] INFO  ozone.OzoneSecurityUtil (OzoneSecurityUtil.java:getValidInetsForCurrentHost(119)) - ip:127.0.0.1 not returned.
2024-04-16 15:24:25,227 [7b7781f5-2e1b-4304-b59e-bc853260fdbd-dn-CertificateRenewerService] ERROR client.DNCertificateClient (DefaultCertificateClient.java:run(1473)) - Failed to renew and store key and cert. Keep using existing certificates.
org.apache.hadoop.hdds.security.x509.exception.CertificateException: Error while signing and storing new certificates.
	at org.apache.hadoop.hdds.security.x509.certificate.client.DefaultCertificateClient.renewAndStoreKeyAndCertificate(DefaultCertificateClient.java:1155)
	at org.apache.hadoop.hdds.security.x509.certificate.client.DefaultCertificateClient$CertificateRenewerService.run(DefaultCertificateClient.java:1462)
	at java.util.concurrent.Executors$RunnableAdapter.call(Executors.java:511)
	at java.util.concurrent.FutureTask.runAndReset(FutureTask.java:308)
	at java.util.concurrent.ScheduledThreadPoolExecutor$ScheduledFutureTask.access$301(ScheduledThreadPoolExecutor.java:180)
	at java.util.concurrent.ScheduledThreadPoolExecutor$ScheduledFutureTask.run(ScheduledThreadPoolExecutor.java:294)
	at java.util.concurrent.ThreadPoolExecutor.runWorker(ThreadPoolExecutor.java:1149)
	at java.util.concurrent.ThreadPoolExecutor$Worker.run(ThreadPoolExecutor.java:624)
	at java.lang.Thread.run(Thread.java:750)
Caused by: java.lang.IllegalArgumentException: IP Address is invalid
	at org.bouncycastle.asn1.x509.GeneralName.<init>(Unknown Source)
	at org.apache.hadoop.hdds.security.x509.certificate.utils.CertificateSignRequest$Builder.addAltName(CertificateSignRequest.java:334)
	at org.apache.hadoop.hdds.security.x509.certificate.utils.CertificateSignRequest$Builder.addIpAddress(CertificateSignRequest.java:281)
	at org.apache.hadoop.hdds.security.x509.certificate.utils.CertificateSignRequest$Builder.lambda$addInetAddresses$0(CertificateSignRequest.java:306)
	at java.util.ArrayList.forEach(ArrayList.java:1259)
	at org.apache.hadoop.hdds.security.x509.certificate.utils.CertificateSignRequest$Builder.addInetAddresses(CertificateSignRequest.java:304)
	at org.apache.hadoop.hdds.security.x509.certificate.utils.CertificateSignRequest$Builder.addInetAddresses(CertificateSignRequest.java:292)
	at org.apache.hadoop.hdds.security.x509.certificate.client.DefaultCertificateClient.getCSRBuilder(DefaultCertificateClient.java:573)
	at org.apache.hadoop.hdds.security.x509.certificate.client.DNCertificateClient.getCSRBuilder(DNCertificateClient.java:75)
	at org.apache.hadoop.hdds.security.x509.certificate.client.DefaultCertificateClient.renewAndStoreKeyAndCertificate(DefaultCertificateClient.java:1150)
	... 8 more
2024-04-16 15:24:25,228 [7b7781f5-2e1b-4304-b59e-bc853260fdbd-dn-CertificateRenewerService] INFO  client.DNCertificateClient (DefaultCertificateClient.java:run(1457)) - Current certificate 241473 needs to be renewed remaining grace period PT0S. Forced renewal due to root ca rotation: false.
2024-04-16 15:24:25,433 [7b7781f5-2e1b-4304-b59e-bc853260fdbd-dn-CertificateRenewerService] INFO  ozone.OzoneSecurityUtil (OzoneSecurityUtil.java:getValidInetsForCurrentHost(116)) - Adding ip:fe80:0:0:0:20d:3aff:fe1b:d32f%eth0,host:fe80:0:0:0:20d:3aff:fe1b:d32f%eth0
2024-04-16 15:24:25,433 [7b7781f5-2e1b-4304-b59e-bc853260fdbd-dn-CertificateRenewerService] INFO  ozone.OzoneSecurityUtil (OzoneSecurityUtil.java:getValidInetsForCurrentHost(116)) - Adding ip:10.1.0.30,host:fv-az699-832.gws2011vpwuupmkks00dozwttg.bx.internal.cloudapp.net
2024-04-16 15:24:25,434 [7b7781f5-2e1b-4304-b59e-bc853260fdbd-dn-CertificateRenewerService] INFO  ozone.OzoneSecurityUtil (OzoneSecurityUtil.java:getValidInetsForCurrentHost(116)) - Adding ip:0:0:0:0:0:0:0:1%lo,host:localhost
2024-04-16 15:24:25,434 [7b7781f5-2e1b-4304-b59e-bc853260fdbd-dn-CertificateRenewerService] INFO  ozone.OzoneSecurityUtil (OzoneSecurityUtil.java:getValidInetsForCurrentHost(119)) - ip:127.0.0.1 not returned.
2024-04-16 15:24:25,434 [7b7781f5-2e1b-4304-b59e-bc853260fdbd-dn-CertificateRenewerService] ERROR client.DNCertificateClient (DefaultCertificateClient.java:run(1473)) - Failed to renew and store key and cert. Keep using existing certificates.
org.apache.hadoop.hdds.security.x509.exception.CertificateException: Error while signing and storing new certificates.
	at org.apache.hadoop.hdds.security.x509.certificate.client.DefaultCertificateClient.renewAndStoreKeyAndCertificate(DefaultCertificateClient.java:1155)
	at org.apache.hadoop.hdds.security.x509.certificate.client.DefaultCertificateClient$CertificateRenewerService.run(DefaultCertificateClient.java:1462)
	at java.util.concurrent.Executors$RunnableAdapter.call(Executors.java:511)
	at java.util.concurrent.FutureTask.runAndReset(FutureTask.java:308)
	at java.util.concurrent.ScheduledThreadPoolExecutor$ScheduledFutureTask.access$301(ScheduledThreadPoolExecutor.java:180)
	at java.util.concurrent.ScheduledThreadPoolExecutor$ScheduledFutureTask.run(ScheduledThreadPoolExecutor.java:294)
	at java.util.concurrent.ThreadPoolExecutor.runWorker(ThreadPoolExecutor.java:1149)
	at java.util.concurrent.ThreadPoolExecutor$Worker.run(ThreadPoolExecutor.java:624)
	at java.lang.Thread.run(Thread.java:750)
Caused by: java.lang.IllegalArgumentException: IP Address is invalid
	at org.bouncycastle.asn1.x509.GeneralName.<init>(Unknown Source)
	at org.apache.hadoop.hdds.security.x509.certificate.utils.CertificateSignRequest$Builder.addAltName(CertificateSignRequest.java:334)
	at org.apache.hadoop.hdds.security.x509.certificate.utils.CertificateSignRequest$Builder.addIpAddress(CertificateSignRequest.java:281)
	at org.apache.hadoop.hdds.security.x509.certificate.utils.CertificateSignRequest$Builder.lambda$addInetAddresses$0(CertificateSignRequest.java:306)
	at java.util.ArrayList.forEach(ArrayList.java:1259)
	at org.apache.hadoop.hdds.security.x509.certificate.utils.CertificateSignRequest$Builder.addInetAddresses(CertificateSignRequest.java:304)
	at org.apache.hadoop.hdds.security.x509.certificate.utils.CertificateSignRequest$Builder.addInetAddresses(CertificateSignRequest.java:292)
	at org.apache.hadoop.hdds.security.x509.certificate.client.DefaultCertificateClient.getCSRBuilder(DefaultCertificateClient.java:573)
	at org.apache.hadoop.hdds.security.x509.certificate.client.DNCertificateClient.getCSRBuilder(DNCertificateClient.java:75)
	at org.apache.hadoop.hdds.security.x509.certificate.client.DefaultCertificateClient.renewAndStoreKeyAndCertificate(DefaultCertificateClient.java:1150)
	... 8 more
2024-04-16 15:24:26,663 [7b7781f5-2e1b-4304-b59e-bc853260fdbd-dn-CertificateRenewerService] INFO  client.DNCertificateClient (DefaultCertificateClient.java:run(1457)) - Current certificate 241473 needs to be renewed remaining grace period PT0S. Forced renewal due to root ca rotation: false.
2024-04-16 15:24:26,782 [7b7781f5-2e1b-4304-b59e-bc853260fdbd-dn-CertificateRenewerService] INFO  ozone.OzoneSecurityUtil (OzoneSecurityUtil.java:getValidInetsForCurrentHost(116)) - Adding ip:fe80:0:0:0:20d:3aff:fe1b:d32f%eth0,host:fe80:0:0:0:20d:3aff:fe1b:d32f%eth0
2024-04-16 15:24:26,782 [7b7781f5-2e1b-4304-b59e-bc853260fdbd-dn-CertificateRenewerService] INFO  ozone.OzoneSecurityUtil (OzoneSecurityUtil.java:getValidInetsForCurrentHost(116)) - Adding ip:10.1.0.30,host:fv-az699-832.gws2011vpwuupmkks00dozwttg.bx.internal.cloudapp.net
2024-04-16 15:24:26,782 [7b7781f5-2e1b-4304-b59e-bc853260fdbd-dn-CertificateRenewerService] INFO  ozone.OzoneSecurityUtil (OzoneSecurityUtil.java:getValidInetsForCurrentHost(116)) - Adding ip:0:0:0:0:0:0:0:1%lo,host:localhost
2024-04-16 15:24:26,782 [7b7781f5-2e1b-4304-b59e-bc853260fdbd-dn-CertificateRenewerService] INFO  ozone.OzoneSecurityUtil (OzoneSecurityUtil.java:getValidInetsForCurrentHost(119)) - ip:127.0.0.1 not returned.
2024-04-16 15:24:26,783 [7b7781f5-2e1b-4304-b59e-bc853260fdbd-dn-CertificateRenewerService] ERROR client.DNCertificateClient (DefaultCertificateClient.java:run(1473)) - Failed to renew and store key and cert. Keep using existing certificates.
org.apache.hadoop.hdds.security.x509.exception.CertificateException: Error while signing and storing new certificates.
	at org.apache.hadoop.hdds.security.x509.certificate.client.DefaultCertificateClient.renewAndStoreKeyAndCertificate(DefaultCertificateClient.java:1155)
	at org.apache.hadoop.hdds.security.x509.certificate.client.DefaultCertificateClient$CertificateRenewerService.run(DefaultCertificateClient.java:1462)
	at java.util.concurrent.Executors$RunnableAdapter.call(Executors.java:511)
	at java.util.concurrent.FutureTask.runAndReset(FutureTask.java:308)
	at java.util.concurrent.ScheduledThreadPoolExecutor$ScheduledFutureTask.access$301(ScheduledThreadPoolExecutor.java:180)
	at java.util.concurrent.ScheduledThreadPoolExecutor$ScheduledFutureTask.run(ScheduledThreadPoolExecutor.java:294)
	at java.util.concurrent.ThreadPoolExecutor.runWorker(ThreadPoolExecutor.java:1149)
	at java.util.concurrent.ThreadPoolExecutor$Worker.run(ThreadPoolExecutor.java:624)
	at java.lang.Thread.run(Thread.java:750)
Caused by: java.lang.IllegalArgumentException: IP Address is invalid
	at org.bouncycastle.asn1.x509.GeneralName.<init>(Unknown Source)
	at org.apache.hadoop.hdds.security.x509.certificate.utils.CertificateSignRequest$Builder.addAltName(CertificateSignRequest.java:334)
	at org.apache.hadoop.hdds.security.x509.certificate.utils.CertificateSignRequest$Builder.addIpAddress(CertificateSignRequest.java:281)
	at org.apache.hadoop.hdds.security.x509.certificate.utils.CertificateSignRequest$Builder.lambda$addInetAddresses$0(CertificateSignRequest.java:306)
	at java.util.ArrayList.forEach(ArrayList.java:1259)
	at org.apache.hadoop.hdds.security.x509.certificate.utils.CertificateSignRequest$Builder.addInetAddresses(CertificateSignRequest.java:304)
	at org.apache.hadoop.hdds.security.x509.certificate.utils.CertificateSignRequest$Builder.addInetAddresses(CertificateSignRequest.java:292)
	at org.apache.hadoop.hdds.security.x509.certificate.client.DefaultCertificateClient.getCSRBuilder(DefaultCertificateClient.java:573)
	at org.apache.hadoop.hdds.security.x509.certificate.client.DNCertificateClient.getCSRBuilder(DNCertificateClient.java:75)
	at org.apache.hadoop.hdds.security.x509.certificate.client.DefaultCertificateClient.renewAndStoreKeyAndCertificate(DefaultCertificateClient.java:1150)
	... 8 more
2024-04-16 15:24:26,783 [7b7781f5-2e1b-4304-b59e-bc853260fdbd-dn-CertificateRenewerService] INFO  client.DNCertificateClient (DefaultCertificateClient.java:run(1457)) - Current certificate 241473 needs to be renewed remaining grace period PT0S. Forced renewal due to root ca rotation: false.
2024-04-16 15:24:26,842 [7b7781f5-2e1b-4304-b59e-bc853260fdbd-dn-CertificateRenewerService] INFO  ozone.OzoneSecurityUtil (OzoneSecurityUtil.java:getValidInetsForCurrentHost(116)) - Adding ip:fe80:0:0:0:20d:3aff:fe1b:d32f%eth0,host:fe80:0:0:0:20d:3aff:fe1b:d32f%eth0
2024-04-16 15:24:26,842 [7b7781f5-2e1b-4304-b59e-bc853260fdbd-dn-CertificateRenewerService] INFO  ozone.OzoneSecurityUtil (OzoneSecurityUtil.java:getValidInetsForCurrentHost(116)) - Adding ip:10.1.0.30,host:fv-az699-832.gws2011vpwuupmkks00dozwttg.bx.internal.cloudapp.net
2024-04-16 15:24:26,843 [7b7781f5-2e1b-4304-b59e-bc853260fdbd-dn-CertificateRenewerService] INFO  ozone.OzoneSecurityUtil (OzoneSecurityUtil.java:getValidInetsForCurrentHost(116)) - Adding ip:0:0:0:0:0:0:0:1%lo,host:localhost
2024-04-16 15:24:26,843 [7b7781f5-2e1b-4304-b59e-bc853260fdbd-dn-CertificateRenewerService] INFO  ozone.OzoneSecurityUtil (OzoneSecurityUtil.java:getValidInetsForCurrentHost(119)) - ip:127.0.0.1 not returned.
2024-04-16 15:24:26,843 [7b7781f5-2e1b-4304-b59e-bc853260fdbd-dn-CertificateRenewerService] ERROR client.DNCertificateClient (DefaultCertificateClient.java:run(1473)) - Failed to renew and store key and cert. Keep using existing certificates.
org.apache.hadoop.hdds.security.x509.exception.CertificateException: Error while signing and storing new certificates.
	at org.apache.hadoop.hdds.security.x509.certificate.client.DefaultCertificateClient.renewAndStoreKeyAndCertificate(DefaultCertificateClient.java:1155)
	at org.apache.hadoop.hdds.security.x509.certificate.client.DefaultCertificateClient$CertificateRenewerService.run(DefaultCertificateClient.java:1462)
	at java.util.concurrent.Executors$RunnableAdapter.call(Executors.java:511)
	at java.util.concurrent.FutureTask.runAndReset(FutureTask.java:308)
	at java.util.concurrent.ScheduledThreadPoolExecutor$ScheduledFutureTask.access$301(ScheduledThreadPoolExecutor.java:180)
	at java.util.concurrent.ScheduledThreadPoolExecutor$ScheduledFutureTask.run(ScheduledThreadPoolExecutor.java:294)
	at java.util.concurrent.ThreadPoolExecutor.runWorker(ThreadPoolExecutor.java:1149)
	at java.util.concurrent.ThreadPoolExecutor$Worker.run(ThreadPoolExecutor.java:624)
	at java.lang.Thread.run(Thread.java:750)
Caused by: java.lang.IllegalArgumentException: IP Address is invalid
	at org.bouncycastle.asn1.x509.GeneralName.<init>(Unknown Source)
	at org.apache.hadoop.hdds.security.x509.certificate.utils.CertificateSignRequest$Builder.addAltName(CertificateSignRequest.java:334)
	at org.apache.hadoop.hdds.security.x509.certificate.utils.CertificateSignRequest$Builder.addIpAddress(CertificateSignRequest.java:281)
	at org.apache.hadoop.hdds.security.x509.certificate.utils.CertificateSignRequest$Builder.lambda$addInetAddresses$0(CertificateSignRequest.java:306)
	at java.util.ArrayList.forEach(ArrayList.java:1259)
	at org.apache.hadoop.hdds.security.x509.certificate.utils.CertificateSignRequest$Builder.addInetAddresses(CertificateSignRequest.java:304)
	at org.apache.hadoop.hdds.security.x509.certificate.utils.CertificateSignRequest$Builder.addInetAddresses(CertificateSignRequest.java:292)
	at org.apache.hadoop.hdds.security.x509.certificate.client.DefaultCertificateClient.getCSRBuilder(DefaultCertificateClient.java:573)
	at org.apache.hadoop.hdds.security.x509.certificate.client.DNCertificateClient.getCSRBuilder(DNCertificateClient.java:75)
	at org.apache.hadoop.hdds.security.x509.certificate.client.DefaultCertificateClient.renewAndStoreKeyAndCertificate(DefaultCertificateClient.java:1150)
	... 8 more
2024-04-16 15:24:28,329 [7b7781f5-2e1b-4304-b59e-bc853260fdbd-dn-CertificateRenewerService] INFO  client.DNCertificateClient (DefaultCertificateClient.java:run(1457)) - Current certificate 241473 needs to be renewed remaining grace period PT0S. Forced renewal due to root ca rotation: false.
2024-04-16 15:24:28,464 [7b7781f5-2e1b-4304-b59e-bc853260fdbd-dn-CertificateRenewerService] INFO  ozone.OzoneSecurityUtil (OzoneSecurityUtil.java:getValidInetsForCurrentHost(116)) - Adding ip:fe80:0:0:0:20d:3aff:fe1b:d32f%eth0,host:fe80:0:0:0:20d:3aff:fe1b:d32f%eth0
2024-04-16 15:24:28,464 [7b7781f5-2e1b-4304-b59e-bc853260fdbd-dn-CertificateRenewerService] INFO  ozone.OzoneSecurityUtil (OzoneSecurityUtil.java:getValidInetsForCurrentHost(116)) - Adding ip:10.1.0.30,host:fv-az699-832.gws2011vpwuupmkks00dozwttg.bx.internal.cloudapp.net
2024-04-16 15:24:28,464 [7b7781f5-2e1b-4304-b59e-bc853260fdbd-dn-CertificateRenewerService] INFO  ozone.OzoneSecurityUtil (OzoneSecurityUtil.java:getValidInetsForCurrentHost(116)) - Adding ip:0:0:0:0:0:0:0:1%lo,host:localhost
2024-04-16 15:24:28,464 [7b7781f5-2e1b-4304-b59e-bc853260fdbd-dn-CertificateRenewerService] INFO  ozone.OzoneSecurityUtil (OzoneSecurityUtil.java:getValidInetsForCurrentHost(119)) - ip:127.0.0.1 not returned.
2024-04-16 15:24:28,464 [7b7781f5-2e1b-4304-b59e-bc853260fdbd-dn-CertificateRenewerService] ERROR client.DNCertificateClient (DefaultCertificateClient.java:run(1473)) - Failed to renew and store key and cert. Keep using existing certificates.
org.apache.hadoop.hdds.security.x509.exception.CertificateException: Error while signing and storing new certificates.
	at org.apache.hadoop.hdds.security.x509.certificate.client.DefaultCertificateClient.renewAndStoreKeyAndCertificate(DefaultCertificateClient.java:1155)
	at org.apache.hadoop.hdds.security.x509.certificate.client.DefaultCertificateClient$CertificateRenewerService.run(DefaultCertificateClient.java:1462)
	at java.util.concurrent.Executors$RunnableAdapter.call(Executors.java:511)
	at java.util.concurrent.FutureTask.runAndReset(FutureTask.java:308)
	at java.util.concurrent.ScheduledThreadPoolExecutor$ScheduledFutureTask.access$301(ScheduledThreadPoolExecutor.java:180)
	at java.util.concurrent.ScheduledThreadPoolExecutor$ScheduledFutureTask.run(ScheduledThreadPoolExecutor.java:294)
	at java.util.concurrent.ThreadPoolExecutor.runWorker(ThreadPoolExecutor.java:1149)
	at java.util.concurrent.ThreadPoolExecutor$Worker.run(ThreadPoolExecutor.java:624)
	at java.lang.Thread.run(Thread.java:750)
Caused by: java.lang.IllegalArgumentException: IP Address is invalid
	at org.bouncycastle.asn1.x509.GeneralName.<init>(Unknown Source)
	at org.apache.hadoop.hdds.security.x509.certificate.utils.CertificateSignRequest$Builder.addAltName(CertificateSignRequest.java:334)
	at org.apache.hadoop.hdds.security.x509.certificate.utils.CertificateSignRequest$Builder.addIpAddress(CertificateSignRequest.java:281)
	at org.apache.hadoop.hdds.security.x509.certificate.utils.CertificateSignRequest$Builder.lambda$addInetAddresses$0(CertificateSignRequest.java:306)
	at java.util.ArrayList.forEach(ArrayList.java:1259)
	at org.apache.hadoop.hdds.security.x509.certificate.utils.CertificateSignRequest$Builder.addInetAddresses(CertificateSignRequest.java:304)
	at org.apache.hadoop.hdds.security.x509.certificate.utils.CertificateSignRequest$Builder.addInetAddresses(CertificateSignRequest.java:292)
	at org.apache.hadoop.hdds.security.x509.certificate.client.DefaultCertificateClient.getCSRBuilder(DefaultCertificateClient.java:573)
	at org.apache.hadoop.hdds.security.x509.certificate.client.DNCertificateClient.getCSRBuilder(DNCertificateClient.java:75)
	at org.apache.hadoop.hdds.security.x509.certificate.client.DefaultCertificateClient.renewAndStoreKeyAndCertificate(DefaultCertificateClient.java:1150)
	... 8 more
2024-04-16 15:24:28,465 [7b7781f5-2e1b-4304-b59e-bc853260fdbd-dn-CertificateRenewerService] INFO  client.DNCertificateClient (DefaultCertificateClient.java:run(1457)) - Current certificate 241473 needs to be renewed remaining grace period PT0S. Forced renewal due to root ca rotation: false.
2024-04-16 15:24:28,557 [7b7781f5-2e1b-4304-b59e-bc853260fdbd-dn-CertificateRenewerService] INFO  ozone.OzoneSecurityUtil (OzoneSecurityUtil.java:getValidInetsForCurrentHost(116)) - Adding ip:fe80:0:0:0:20d:3aff:fe1b:d32f%eth0,host:fe80:0:0:0:20d:3aff:fe1b:d32f%eth0
2024-04-16 15:24:28,557 [7b7781f5-2e1b-4304-b59e-bc853260fdbd-dn-CertificateRenewerService] INFO  ozone.OzoneSecurityUtil (OzoneSecurityUtil.java:getValidInetsForCurrentHost(116)) - Adding ip:10.1.0.30,host:fv-az699-832.gws2011vpwuupmkks00dozwttg.bx.internal.cloudapp.net
2024-04-16 15:24:28,557 [7b7781f5-2e1b-4304-b59e-bc853260fdbd-dn-CertificateRenewerService] INFO  ozone.OzoneSecurityUtil (OzoneSecurityUtil.java:getValidInetsForCurrentHost(116)) - Adding ip:0:0:0:0:0:0:0:1%lo,host:localhost
2024-04-16 15:24:28,558 [7b7781f5-2e1b-4304-b59e-bc853260fdbd-dn-CertificateRenewerService] INFO  ozone.OzoneSecurityUtil (OzoneSecurityUtil.java:getValidInetsForCurrentHost(119)) - ip:127.0.0.1 not returned.
2024-04-16 15:24:28,558 [7b7781f5-2e1b-4304-b59e-bc853260fdbd-dn-CertificateRenewerService] ERROR client.DNCertificateClient (DefaultCertificateClient.java:run(1473)) - Failed to renew and store key and cert. Keep using existing certificates.
org.apache.hadoop.hdds.security.x509.exception.CertificateException: Error while signing and storing new certificates.
	at org.apache.hadoop.hdds.security.x509.certificate.client.DefaultCertificateClient.renewAndStoreKeyAndCertificate(DefaultCertificateClient.java:1155)
	at org.apache.hadoop.hdds.security.x509.certificate.client.DefaultCertificateClient$CertificateRenewerService.run(DefaultCertificateClient.java:1462)
	at java.util.concurrent.Executors$RunnableAdapter.call(Executors.java:511)
	at java.util.concurrent.FutureTask.runAndReset(FutureTask.java:308)
	at java.util.concurrent.ScheduledThreadPoolExecutor$ScheduledFutureTask.access$301(ScheduledThreadPoolExecutor.java:180)
	at java.util.concurrent.ScheduledThreadPoolExecutor$ScheduledFutureTask.run(ScheduledThreadPoolExecutor.java:294)
	at java.util.concurrent.ThreadPoolExecutor.runWorker(ThreadPoolExecutor.java:1149)
	at java.util.concurrent.ThreadPoolExecutor$Worker.run(ThreadPoolExecutor.java:624)
	at java.lang.Thread.run(Thread.java:750)
Caused by: java.lang.IllegalArgumentException: IP Address is invalid
	at org.bouncycastle.asn1.x509.GeneralName.<init>(Unknown Source)
	at org.apache.hadoop.hdds.security.x509.certificate.utils.CertificateSignRequest$Builder.addAltName(CertificateSignRequest.java:334)
	at org.apache.hadoop.hdds.security.x509.certificate.utils.CertificateSignRequest$Builder.addIpAddress(CertificateSignRequest.java:281)
	at org.apache.hadoop.hdds.security.x509.certificate.utils.CertificateSignRequest$Builder.lambda$addInetAddresses$0(CertificateSignRequest.java:306)
	at java.util.ArrayList.forEach(ArrayList.java:1259)
	at org.apache.hadoop.hdds.security.x509.certificate.utils.CertificateSignRequest$Builder.addInetAddresses(CertificateSignRequest.java:304)
	at org.apache.hadoop.hdds.security.x509.certificate.utils.CertificateSignRequest$Builder.addInetAddresses(CertificateSignRequest.java:292)
	at org.apache.hadoop.hdds.security.x509.certificate.client.DefaultCertificateClient.getCSRBuilder(DefaultCertificateClient.java:573)
	at org.apache.hadoop.hdds.security.x509.certificate.client.DNCertificateClient.getCSRBuilder(DNCertificateClient.java:75)
	at org.apache.hadoop.hdds.security.x509.certificate.client.DefaultCertificateClient.renewAndStoreKeyAndCertificate(DefaultCertificateClient.java:1150)
	... 8 more
2024-04-16 15:24:29,995 [7b7781f5-2e1b-4304-b59e-bc853260fdbd-dn-CertificateRenewerService] INFO  client.DNCertificateClient (DefaultCertificateClient.java:run(1457)) - Current certificate 241473 needs to be renewed remaining grace period PT0S. Forced renewal due to root ca rotation: false.
2024-04-16 15:24:30,206 [7b7781f5-2e1b-4304-b59e-bc853260fdbd-dn-CertificateRenewerService] INFO  ozone.OzoneSecurityUtil (OzoneSecurityUtil.java:getValidInetsForCurrentHost(116)) - Adding ip:fe80:0:0:0:20d:3aff:fe1b:d32f%eth0,host:fe80:0:0:0:20d:3aff:fe1b:d32f%eth0
2024-04-16 15:24:30,206 [7b7781f5-2e1b-4304-b59e-bc853260fdbd-dn-CertificateRenewerService] INFO  ozone.OzoneSecurityUtil (OzoneSecurityUtil.java:getValidInetsForCurrentHost(116)) - Adding ip:10.1.0.30,host:fv-az699-832.gws2011vpwuupmkks00dozwttg.bx.internal.cloudapp.net
2024-04-16 15:24:30,206 [7b7781f5-2e1b-4304-b59e-bc853260fdbd-dn-CertificateRenewerService] INFO  ozone.OzoneSecurityUtil (OzoneSecurityUtil.java:getValidInetsForCurrentHost(116)) - Adding ip:0:0:0:0:0:0:0:1%lo,host:localhost
2024-04-16 15:24:30,206 [7b7781f5-2e1b-4304-b59e-bc853260fdbd-dn-CertificateRenewerService] INFO  ozone.OzoneSecurityUtil (OzoneSecurityUtil.java:getValidInetsForCurrentHost(119)) - ip:127.0.0.1 not returned.
2024-04-16 15:24:30,207 [7b7781f5-2e1b-4304-b59e-bc853260fdbd-dn-CertificateRenewerService] ERROR client.DNCertificateClient (DefaultCertificateClient.java:run(1473)) - Failed to renew and store key and cert. Keep using existing certificates.
org.apache.hadoop.hdds.security.x509.exception.CertificateException: Error while signing and storing new certificates.
	at org.apache.hadoop.hdds.security.x509.certificate.client.DefaultCertificateClient.renewAndStoreKeyAndCertificate(DefaultCertificateClient.java:1155)
	at org.apache.hadoop.hdds.security.x509.certificate.client.DefaultCertificateClient$CertificateRenewerService.run(DefaultCertificateClient.java:1462)
	at java.util.concurrent.Executors$RunnableAdapter.call(Executors.java:511)
	at java.util.concurrent.FutureTask.runAndReset(FutureTask.java:308)
	at java.util.concurrent.ScheduledThreadPoolExecutor$ScheduledFutureTask.access$301(ScheduledThreadPoolExecutor.java:180)
	at java.util.concurrent.ScheduledThreadPoolExecutor$ScheduledFutureTask.run(ScheduledThreadPoolExecutor.java:294)
	at java.util.concurrent.ThreadPoolExecutor.runWorker(ThreadPoolExecutor.java:1149)
	at java.util.concurrent.ThreadPoolExecutor$Worker.run(ThreadPoolExecutor.java:624)
	at java.lang.Thread.run(Thread.java:750)
Caused by: java.lang.IllegalArgumentException: IP Address is invalid
	at org.bouncycastle.asn1.x509.GeneralName.<init>(Unknown Source)
	at org.apache.hadoop.hdds.security.x509.certificate.utils.CertificateSignRequest$Builder.addAltName(CertificateSignRequest.java:334)
	at org.apache.hadoop.hdds.security.x509.certificate.utils.CertificateSignRequest$Builder.addIpAddress(CertificateSignRequest.java:281)
	at org.apache.hadoop.hdds.security.x509.certificate.utils.CertificateSignRequest$Builder.lambda$addInetAddresses$0(CertificateSignRequest.java:306)
	at java.util.ArrayList.forEach(ArrayList.java:1259)
	at org.apache.hadoop.hdds.security.x509.certificate.utils.CertificateSignRequest$Builder.addInetAddresses(CertificateSignRequest.java:304)
	at org.apache.hadoop.hdds.security.x509.certificate.utils.CertificateSignRequest$Builder.addInetAddresses(CertificateSignRequest.java:292)
	at org.apache.hadoop.hdds.security.x509.certificate.client.DefaultCertificateClient.getCSRBuilder(DefaultCertificateClient.java:573)
	at org.apache.hadoop.hdds.security.x509.certificate.client.DNCertificateClient.getCSRBuilder(DNCertificateClient.java:75)
	at org.apache.hadoop.hdds.security.x509.certificate.client.DefaultCertificateClient.renewAndStoreKeyAndCertificate(DefaultCertificateClient.java:1150)
	... 8 more
2024-04-16 15:24:30,207 [7b7781f5-2e1b-4304-b59e-bc853260fdbd-dn-CertificateRenewerService] INFO  client.DNCertificateClient (DefaultCertificateClient.java:run(1457)) - Current certificate 241473 needs to be renewed remaining grace period PT0S. Forced renewal due to root ca rotation: false.
2024-04-16 15:24:30,291 [7b7781f5-2e1b-4304-b59e-bc853260fdbd-dn-CertificateRenewerService] INFO  ozone.OzoneSecurityUtil (OzoneSecurityUtil.java:getValidInetsForCurrentHost(116)) - Adding ip:fe80:0:0:0:20d:3aff:fe1b:d32f%eth0,host:fe80:0:0:0:20d:3aff:fe1b:d32f%eth0
2024-04-16 15:24:30,292 [7b7781f5-2e1b-4304-b59e-bc853260fdbd-dn-CertificateRenewerService] INFO  ozone.OzoneSecurityUtil (OzoneSecurityUtil.java:getValidInetsForCurrentHost(116)) - Adding ip:10.1.0.30,host:fv-az699-832.gws2011vpwuupmkks00dozwttg.bx.internal.cloudapp.net
2024-04-16 15:24:30,292 [7b7781f5-2e1b-4304-b59e-bc853260fdbd-dn-CertificateRenewerService] INFO  ozone.OzoneSecurityUtil (OzoneSecurityUtil.java:getValidInetsForCurrentHost(116)) - Adding ip:0:0:0:0:0:0:0:1%lo,host:localhost
2024-04-16 15:24:30,292 [7b7781f5-2e1b-4304-b59e-bc853260fdbd-dn-CertificateRenewerService] INFO  ozone.OzoneSecurityUtil (OzoneSecurityUtil.java:getValidInetsForCurrentHost(119)) - ip:127.0.0.1 not returned.
2024-04-16 15:24:30,292 [7b7781f5-2e1b-4304-b59e-bc853260fdbd-dn-CertificateRenewerService] ERROR client.DNCertificateClient (DefaultCertificateClient.java:run(1473)) - Failed to renew and store key and cert. Keep using existing certificates.
org.apache.hadoop.hdds.security.x509.exception.CertificateException: Error while signing and storing new certificates.
	at org.apache.hadoop.hdds.security.x509.certificate.client.DefaultCertificateClient.renewAndStoreKeyAndCertificate(DefaultCertificateClient.java:1155)
	at org.apache.hadoop.hdds.security.x509.certificate.client.DefaultCertificateClient$CertificateRenewerService.run(DefaultCertificateClient.java:1462)
	at java.util.concurrent.Executors$RunnableAdapter.call(Executors.java:511)
	at java.util.concurrent.FutureTask.runAndReset(FutureTask.java:308)
	at java.util.concurrent.ScheduledThreadPoolExecutor$ScheduledFutureTask.access$301(ScheduledThreadPoolExecutor.java:180)
	at java.util.concurrent.ScheduledThreadPoolExecutor$ScheduledFutureTask.run(ScheduledThreadPoolExecutor.java:294)
	at java.util.concurrent.ThreadPoolExecutor.runWorker(ThreadPoolExecutor.java:1149)
	at java.util.concurrent.ThreadPoolExecutor$Worker.run(ThreadPoolExecutor.java:624)
	at java.lang.Thread.run(Thread.java:750)
Caused by: java.lang.IllegalArgumentException: IP Address is invalid
	at org.bouncycastle.asn1.x509.GeneralName.<init>(Unknown Source)
	at org.apache.hadoop.hdds.security.x509.certificate.utils.CertificateSignRequest$Builder.addAltName(CertificateSignRequest.java:334)
	at org.apache.hadoop.hdds.security.x509.certificate.utils.CertificateSignRequest$Builder.addIpAddress(CertificateSignRequest.java:281)
	at org.apache.hadoop.hdds.security.x509.certificate.utils.CertificateSignRequest$Builder.lambda$addInetAddresses$0(CertificateSignRequest.java:306)
	at java.util.ArrayList.forEach(ArrayList.java:1259)
	at org.apache.hadoop.hdds.security.x509.certificate.utils.CertificateSignRequest$Builder.addInetAddresses(CertificateSignRequest.java:304)
	at org.apache.hadoop.hdds.security.x509.certificate.utils.CertificateSignRequest$Builder.addInetAddresses(CertificateSignRequest.java:292)
	at org.apache.hadoop.hdds.security.x509.certificate.client.DefaultCertificateClient.getCSRBuilder(DefaultCertificateClient.java:573)
	at org.apache.hadoop.hdds.security.x509.certificate.client.DNCertificateClient.getCSRBuilder(DNCertificateClient.java:75)
	at org.apache.hadoop.hdds.security.x509.certificate.client.DefaultCertificateClient.renewAndStoreKeyAndCertificate(DefaultCertificateClient.java:1150)
	... 8 more
2024-04-16 15:24:31,661 [7b7781f5-2e1b-4304-b59e-bc853260fdbd-dn-CertificateRenewerService] INFO  client.DNCertificateClient (DefaultCertificateClient.java:run(1457)) - Current certificate 241473 needs to be renewed remaining grace period PT0S. Forced renewal due to root ca rotation: false.
2024-04-16 15:24:31,707 [7b7781f5-2e1b-4304-b59e-bc853260fdbd-dn-CertificateRenewerService] INFO  ozone.OzoneSecurityUtil (OzoneSecurityUtil.java:getValidInetsForCurrentHost(116)) - Adding ip:fe80:0:0:0:20d:3aff:fe1b:d32f%eth0,host:fe80:0:0:0:20d:3aff:fe1b:d32f%eth0
2024-04-16 15:24:31,707 [7b7781f5-2e1b-4304-b59e-bc853260fdbd-dn-CertificateRenewerService] INFO  ozone.OzoneSecurityUtil (OzoneSecurityUtil.java:getValidInetsForCurrentHost(116)) - Adding ip:10.1.0.30,host:fv-az699-832.gws2011vpwuupmkks00dozwttg.bx.internal.cloudapp.net
2024-04-16 15:24:31,707 [7b7781f5-2e1b-4304-b59e-bc853260fdbd-dn-CertificateRenewerService] INFO  ozone.OzoneSecurityUtil (OzoneSecurityUtil.java:getValidInetsForCurrentHost(116)) - Adding ip:0:0:0:0:0:0:0:1%lo,host:localhost
2024-04-16 15:24:31,707 [7b7781f5-2e1b-4304-b59e-bc853260fdbd-dn-CertificateRenewerService] INFO  ozone.OzoneSecurityUtil (OzoneSecurityUtil.java:getValidInetsForCurrentHost(119)) - ip:127.0.0.1 not returned.
2024-04-16 15:24:31,707 [7b7781f5-2e1b-4304-b59e-bc853260fdbd-dn-CertificateRenewerService] ERROR client.DNCertificateClient (DefaultCertificateClient.java:run(1473)) - Failed to renew and store key and cert. Keep using existing certificates.
org.apache.hadoop.hdds.security.x509.exception.CertificateException: Error while signing and storing new certificates.
	at org.apache.hadoop.hdds.security.x509.certificate.client.DefaultCertificateClient.renewAndStoreKeyAndCertificate(DefaultCertificateClient.java:1155)
	at org.apache.hadoop.hdds.security.x509.certificate.client.DefaultCertificateClient$CertificateRenewerService.run(DefaultCertificateClient.java:1462)
	at java.util.concurrent.Executors$RunnableAdapter.call(Executors.java:511)
	at java.util.concurrent.FutureTask.runAndReset(FutureTask.java:308)
	at java.util.concurrent.ScheduledThreadPoolExecutor$ScheduledFutureTask.access$301(ScheduledThreadPoolExecutor.java:180)
	at java.util.concurrent.ScheduledThreadPoolExecutor$ScheduledFutureTask.run(ScheduledThreadPoolExecutor.java:294)
	at java.util.concurrent.ThreadPoolExecutor.runWorker(ThreadPoolExecutor.java:1149)
	at java.util.concurrent.ThreadPoolExecutor$Worker.run(ThreadPoolExecutor.java:624)
	at java.lang.Thread.run(Thread.java:750)
Caused by: java.lang.IllegalArgumentException: IP Address is invalid
	at org.bouncycastle.asn1.x509.GeneralName.<init>(Unknown Source)
	at org.apache.hadoop.hdds.security.x509.certificate.utils.CertificateSignRequest$Builder.addAltName(CertificateSignRequest.java:334)
	at org.apache.hadoop.hdds.security.x509.certificate.utils.CertificateSignRequest$Builder.addIpAddress(CertificateSignRequest.java:281)
	at org.apache.hadoop.hdds.security.x509.certificate.utils.CertificateSignRequest$Builder.lambda$addInetAddresses$0(CertificateSignRequest.java:306)
	at java.util.ArrayList.forEach(ArrayList.java:1259)
	at org.apache.hadoop.hdds.security.x509.certificate.utils.CertificateSignRequest$Builder.addInetAddresses(CertificateSignRequest.java:304)
	at org.apache.hadoop.hdds.security.x509.certificate.utils.CertificateSignRequest$Builder.addInetAddresses(CertificateSignRequest.java:292)
	at org.apache.hadoop.hdds.security.x509.certificate.client.DefaultCertificateClient.getCSRBuilder(DefaultCertificateClient.java:573)
	at org.apache.hadoop.hdds.security.x509.certificate.client.DNCertificateClient.getCSRBuilder(DNCertificateClient.java:75)
	at org.apache.hadoop.hdds.security.x509.certificate.client.DefaultCertificateClient.renewAndStoreKeyAndCertificate(DefaultCertificateClient.java:1150)
	... 8 more
2024-04-16 15:24:31,708 [7b7781f5-2e1b-4304-b59e-bc853260fdbd-dn-CertificateRenewerService] INFO  client.DNCertificateClient (DefaultCertificateClient.java:run(1457)) - Current certificate 241473 needs to be renewed remaining grace period PT0S. Forced renewal due to root ca rotation: false.
2024-04-16 15:24:31,874 [7b7781f5-2e1b-4304-b59e-bc853260fdbd-dn-CertificateRenewerService] INFO  ozone.OzoneSecurityUtil (OzoneSecurityUtil.java:getValidInetsForCurrentHost(116)) - Adding ip:fe80:0:0:0:20d:3aff:fe1b:d32f%eth0,host:fe80:0:0:0:20d:3aff:fe1b:d32f%eth0
2024-04-16 15:24:31,874 [7b7781f5-2e1b-4304-b59e-bc853260fdbd-dn-CertificateRenewerService] INFO  ozone.OzoneSecurityUtil (OzoneSecurityUtil.java:getValidInetsForCurrentHost(116)) - Adding ip:10.1.0.30,host:fv-az699-832.gws2011vpwuupmkks00dozwttg.bx.internal.cloudapp.net
2024-04-16 15:24:31,874 [7b7781f5-2e1b-4304-b59e-bc853260fdbd-dn-CertificateRenewerService] INFO  ozone.OzoneSecurityUtil (OzoneSecurityUtil.java:getValidInetsForCurrentHost(116)) - Adding ip:0:0:0:0:0:0:0:1%lo,host:localhost
2024-04-16 15:24:31,874 [7b7781f5-2e1b-4304-b59e-bc853260fdbd-dn-CertificateRenewerService] INFO  ozone.OzoneSecurityUtil (OzoneSecurityUtil.java:getValidInetsForCurrentHost(119)) - ip:127.0.0.1 not returned.
2024-04-16 15:24:31,874 [7b7781f5-2e1b-4304-b59e-bc853260fdbd-dn-CertificateRenewerService] ERROR client.DNCertificateClient (DefaultCertificateClient.java:run(1473)) - Failed to renew and store key and cert. Keep using existing certificates.
org.apache.hadoop.hdds.security.x509.exception.CertificateException: Error while signing and storing new certificates.
	at org.apache.hadoop.hdds.security.x509.certificate.client.DefaultCertificateClient.renewAndStoreKeyAndCertificate(DefaultCertificateClient.java:1155)
	at org.apache.hadoop.hdds.security.x509.certificate.client.DefaultCertificateClient$CertificateRenewerService.run(DefaultCertificateClient.java:1462)
	at java.util.concurrent.Executors$RunnableAdapter.call(Executors.java:511)
	at java.util.concurrent.FutureTask.runAndReset(FutureTask.java:308)
	at java.util.concurrent.ScheduledThreadPoolExecutor$ScheduledFutureTask.access$301(ScheduledThreadPoolExecutor.java:180)
	at java.util.concurrent.ScheduledThreadPoolExecutor$ScheduledFutureTask.run(ScheduledThreadPoolExecutor.java:294)
	at java.util.concurrent.ThreadPoolExecutor.runWorker(ThreadPoolExecutor.java:1149)
	at java.util.concurrent.ThreadPoolExecutor$Worker.run(ThreadPoolExecutor.java:624)
	at java.lang.Thread.run(Thread.java:750)
Caused by: java.lang.IllegalArgumentException: IP Address is invalid
	at org.bouncycastle.asn1.x509.GeneralName.<init>(Unknown Source)
	at org.apache.hadoop.hdds.security.x509.certificate.utils.CertificateSignRequest$Builder.addAltName(CertificateSignRequest.java:334)
	at org.apache.hadoop.hdds.security.x509.certificate.utils.CertificateSignRequest$Builder.addIpAddress(CertificateSignRequest.java:281)
	at org.apache.hadoop.hdds.security.x509.certificate.utils.CertificateSignRequest$Builder.lambda$addInetAddresses$0(CertificateSignRequest.java:306)
	at java.util.ArrayList.forEach(ArrayList.java:1259)
	at org.apache.hadoop.hdds.security.x509.certificate.utils.CertificateSignRequest$Builder.addInetAddresses(CertificateSignRequest.java:304)
	at org.apache.hadoop.hdds.security.x509.certificate.utils.CertificateSignRequest$Builder.addInetAddresses(CertificateSignRequest.java:292)
	at org.apache.hadoop.hdds.security.x509.certificate.client.DefaultCertificateClient.getCSRBuilder(DefaultCertificateClient.java:573)
	at org.apache.hadoop.hdds.security.x509.certificate.client.DNCertificateClient.getCSRBuilder(DNCertificateClient.java:75)
	at org.apache.hadoop.hdds.security.x509.certificate.client.DefaultCertificateClient.renewAndStoreKeyAndCertificate(DefaultCertificateClient.java:1150)
	... 8 more
2024-04-16 15:24:33,327 [7b7781f5-2e1b-4304-b59e-bc853260fdbd-dn-CertificateRenewerService] INFO  client.DNCertificateClient (DefaultCertificateClient.java:run(1457)) - Current certificate 241473 needs to be renewed remaining grace period PT0S. Forced renewal due to root ca rotation: false.
2024-04-16 15:24:33,616 [7b7781f5-2e1b-4304-b59e-bc853260fdbd-dn-CertificateRenewerService] INFO  ozone.OzoneSecurityUtil (OzoneSecurityUtil.java:getValidInetsForCurrentHost(116)) - Adding ip:fe80:0:0:0:20d:3aff:fe1b:d32f%eth0,host:fe80:0:0:0:20d:3aff:fe1b:d32f%eth0
2024-04-16 15:24:33,616 [7b7781f5-2e1b-4304-b59e-bc853260fdbd-dn-CertificateRenewerService] INFO  ozone.OzoneSecurityUtil (OzoneSecurityUtil.java:getValidInetsForCurrentHost(116)) - Adding ip:10.1.0.30,host:fv-az699-832.gws2011vpwuupmkks00dozwttg.bx.internal.cloudapp.net
2024-04-16 15:24:33,616 [7b7781f5-2e1b-4304-b59e-bc853260fdbd-dn-CertificateRenewerService] INFO  ozone.OzoneSecurityUtil (OzoneSecurityUtil.java:getValidInetsForCurrentHost(116)) - Adding ip:0:0:0:0:0:0:0:1%lo,host:localhost
2024-04-16 15:24:33,616 [7b7781f5-2e1b-4304-b59e-bc853260fdbd-dn-CertificateRenewerService] INFO  ozone.OzoneSecurityUtil (OzoneSecurityUtil.java:getValidInetsForCurrentHost(119)) - ip:127.0.0.1 not returned.
2024-04-16 15:24:33,617 [7b7781f5-2e1b-4304-b59e-bc853260fdbd-dn-CertificateRenewerService] ERROR client.DNCertificateClient (DefaultCertificateClient.java:run(1473)) - Failed to renew and store key and cert. Keep using existing certificates.
org.apache.hadoop.hdds.security.x509.exception.CertificateException: Error while signing and storing new certificates.
	at org.apache.hadoop.hdds.security.x509.certificate.client.DefaultCertificateClient.renewAndStoreKeyAndCertificate(DefaultCertificateClient.java:1155)
	at org.apache.hadoop.hdds.security.x509.certificate.client.DefaultCertificateClient$CertificateRenewerService.run(DefaultCertificateClient.java:1462)
	at java.util.concurrent.Executors$RunnableAdapter.call(Executors.java:511)
	at java.util.concurrent.FutureTask.runAndReset(FutureTask.java:308)
	at java.util.concurrent.ScheduledThreadPoolExecutor$ScheduledFutureTask.access$301(ScheduledThreadPoolExecutor.java:180)
	at java.util.concurrent.ScheduledThreadPoolExecutor$ScheduledFutureTask.run(ScheduledThreadPoolExecutor.java:294)
	at java.util.concurrent.ThreadPoolExecutor.runWorker(ThreadPoolExecutor.java:1149)
	at java.util.concurrent.ThreadPoolExecutor$Worker.run(ThreadPoolExecutor.java:624)
	at java.lang.Thread.run(Thread.java:750)
Caused by: java.lang.IllegalArgumentException: IP Address is invalid
	at org.bouncycastle.asn1.x509.GeneralName.<init>(Unknown Source)
	at org.apache.hadoop.hdds.security.x509.certificate.utils.CertificateSignRequest$Builder.addAltName(CertificateSignRequest.java:334)
	at org.apache.hadoop.hdds.security.x509.certificate.utils.CertificateSignRequest$Builder.addIpAddress(CertificateSignRequest.java:281)
	at org.apache.hadoop.hdds.security.x509.certificate.utils.CertificateSignRequest$Builder.lambda$addInetAddresses$0(CertificateSignRequest.java:306)
	at java.util.ArrayList.forEach(ArrayList.java:1259)
	at org.apache.hadoop.hdds.security.x509.certificate.utils.CertificateSignRequest$Builder.addInetAddresses(CertificateSignRequest.java:304)
	at org.apache.hadoop.hdds.security.x509.certificate.utils.CertificateSignRequest$Builder.addInetAddresses(CertificateSignRequest.java:292)
	at org.apache.hadoop.hdds.security.x509.certificate.client.DefaultCertificateClient.getCSRBuilder(DefaultCertificateClient.java:573)
	at org.apache.hadoop.hdds.security.x509.certificate.client.DNCertificateClient.getCSRBuilder(DNCertificateClient.java:75)
	at org.apache.hadoop.hdds.security.x509.certificate.client.DefaultCertificateClient.renewAndStoreKeyAndCertificate(DefaultCertificateClient.java:1150)
	... 8 more
2024-04-16 15:24:33,617 [7b7781f5-2e1b-4304-b59e-bc853260fdbd-dn-CertificateRenewerService] INFO  client.DNCertificateClient (DefaultCertificateClient.java:run(1457)) - Current certificate 241473 needs to be renewed remaining grace period PT0S. Forced renewal due to root ca rotation: false.
2024-04-16 15:24:33,754 [7b7781f5-2e1b-4304-b59e-bc853260fdbd-dn-CertificateRenewerService] INFO  ozone.OzoneSecurityUtil (OzoneSecurityUtil.java:getValidInetsForCurrentHost(116)) - Adding ip:fe80:0:0:0:20d:3aff:fe1b:d32f%eth0,host:fe80:0:0:0:20d:3aff:fe1b:d32f%eth0
2024-04-16 15:24:33,754 [7b7781f5-2e1b-4304-b59e-bc853260fdbd-dn-CertificateRenewerService] INFO  ozone.OzoneSecurityUtil (OzoneSecurityUtil.java:getValidInetsForCurrentHost(116)) - Adding ip:10.1.0.30,host:fv-az699-832.gws2011vpwuupmkks00dozwttg.bx.internal.cloudapp.net
2024-04-16 15:24:33,754 [7b7781f5-2e1b-4304-b59e-bc853260fdbd-dn-CertificateRenewerService] INFO  ozone.OzoneSecurityUtil (OzoneSecurityUtil.java:getValidInetsForCurrentHost(116)) - Adding ip:0:0:0:0:0:0:0:1%lo,host:localhost
2024-04-16 15:24:33,754 [7b7781f5-2e1b-4304-b59e-bc853260fdbd-dn-CertificateRenewerService] INFO  ozone.OzoneSecurityUtil (OzoneSecurityUtil.java:getValidInetsForCurrentHost(119)) - ip:127.0.0.1 not returned.
2024-04-16 15:24:33,754 [7b7781f5-2e1b-4304-b59e-bc853260fdbd-dn-CertificateRenewerService] ERROR client.DNCertificateClient (DefaultCertificateClient.java:run(1473)) - Failed to renew and store key and cert. Keep using existing certificates.
org.apache.hadoop.hdds.security.x509.exception.CertificateException: Error while signing and storing new certificates.
	at org.apache.hadoop.hdds.security.x509.certificate.client.DefaultCertificateClient.renewAndStoreKeyAndCertificate(DefaultCertificateClient.java:1155)
	at org.apache.hadoop.hdds.security.x509.certificate.client.DefaultCertificateClient$CertificateRenewerService.run(DefaultCertificateClient.java:1462)
	at java.util.concurrent.Executors$RunnableAdapter.call(Executors.java:511)
	at java.util.concurrent.FutureTask.runAndReset(FutureTask.java:308)
	at java.util.concurrent.ScheduledThreadPoolExecutor$ScheduledFutureTask.access$301(ScheduledThreadPoolExecutor.java:180)
	at java.util.concurrent.ScheduledThreadPoolExecutor$ScheduledFutureTask.run(ScheduledThreadPoolExecutor.java:294)
	at java.util.concurrent.ThreadPoolExecutor.runWorker(ThreadPoolExecutor.java:1149)
	at java.util.concurrent.ThreadPoolExecutor$Worker.run(ThreadPoolExecutor.java:624)
	at java.lang.Thread.run(Thread.java:750)
Caused by: java.lang.IllegalArgumentException: IP Address is invalid
	at org.bouncycastle.asn1.x509.GeneralName.<init>(Unknown Source)
	at org.apache.hadoop.hdds.security.x509.certificate.utils.CertificateSignRequest$Builder.addAltName(CertificateSignRequest.java:334)
	at org.apache.hadoop.hdds.security.x509.certificate.utils.CertificateSignRequest$Builder.addIpAddress(CertificateSignRequest.java:281)
	at org.apache.hadoop.hdds.security.x509.certificate.utils.CertificateSignRequest$Builder.lambda$addInetAddresses$0(CertificateSignRequest.java:306)
	at java.util.ArrayList.forEach(ArrayList.java:1259)
	at org.apache.hadoop.hdds.security.x509.certificate.utils.CertificateSignRequest$Builder.addInetAddresses(CertificateSignRequest.java:304)
	at org.apache.hadoop.hdds.security.x509.certificate.utils.CertificateSignRequest$Builder.addInetAddresses(CertificateSignRequest.java:292)
	at org.apache.hadoop.hdds.security.x509.certificate.client.DefaultCertificateClient.getCSRBuilder(DefaultCertificateClient.java:573)
	at org.apache.hadoop.hdds.security.x509.certificate.client.DNCertificateClient.getCSRBuilder(DNCertificateClient.java:75)
	at org.apache.hadoop.hdds.security.x509.certificate.client.DefaultCertificateClient.renewAndStoreKeyAndCertificate(DefaultCertificateClient.java:1150)
	... 8 more
2024-04-16 15:24:34,993 [7b7781f5-2e1b-4304-b59e-bc853260fdbd-dn-CertificateRenewerService] INFO  client.DNCertificateClient (DefaultCertificateClient.java:run(1457)) - Current certificate 241473 needs to be renewed remaining grace period PT0S. Forced renewal due to root ca rotation: false.
2024-04-16 15:24:35,134 [7b7781f5-2e1b-4304-b59e-bc853260fdbd-dn-CertificateRenewerService] INFO  ozone.OzoneSecurityUtil (OzoneSecurityUtil.java:getValidInetsForCurrentHost(116)) - Adding ip:fe80:0:0:0:20d:3aff:fe1b:d32f%eth0,host:fe80:0:0:0:20d:3aff:fe1b:d32f%eth0
2024-04-16 15:24:35,134 [7b7781f5-2e1b-4304-b59e-bc853260fdbd-dn-CertificateRenewerService] INFO  ozone.OzoneSecurityUtil (OzoneSecurityUtil.java:getValidInetsForCurrentHost(116)) - Adding ip:10.1.0.30,host:fv-az699-832.gws2011vpwuupmkks00dozwttg.bx.internal.cloudapp.net
2024-04-16 15:24:35,134 [7b7781f5-2e1b-4304-b59e-bc853260fdbd-dn-CertificateRenewerService] INFO  ozone.OzoneSecurityUtil (OzoneSecurityUtil.java:getValidInetsForCurrentHost(116)) - Adding ip:0:0:0:0:0:0:0:1%lo,host:localhost
2024-04-16 15:24:35,134 [7b7781f5-2e1b-4304-b59e-bc853260fdbd-dn-CertificateRenewerService] INFO  ozone.OzoneSecurityUtil (OzoneSecurityUtil.java:getValidInetsForCurrentHost(119)) - ip:127.0.0.1 not returned.
2024-04-16 15:24:35,134 [7b7781f5-2e1b-4304-b59e-bc853260fdbd-dn-CertificateRenewerService] ERROR client.DNCertificateClient (DefaultCertificateClient.java:run(1473)) - Failed to renew and store key and cert. Keep using existing certificates.
org.apache.hadoop.hdds.security.x509.exception.CertificateException: Error while signing and storing new certificates.
	at org.apache.hadoop.hdds.security.x509.certificate.client.DefaultCertificateClient.renewAndStoreKeyAndCertificate(DefaultCertificateClient.java:1155)
	at org.apache.hadoop.hdds.security.x509.certificate.client.DefaultCertificateClient$CertificateRenewerService.run(DefaultCertificateClient.java:1462)
	at java.util.concurrent.Executors$RunnableAdapter.call(Executors.java:511)
	at java.util.concurrent.FutureTask.runAndReset(FutureTask.java:308)
	at java.util.concurrent.ScheduledThreadPoolExecutor$ScheduledFutureTask.access$301(ScheduledThreadPoolExecutor.java:180)
	at java.util.concurrent.ScheduledThreadPoolExecutor$ScheduledFutureTask.run(ScheduledThreadPoolExecutor.java:294)
	at java.util.concurrent.ThreadPoolExecutor.runWorker(ThreadPoolExecutor.java:1149)
	at java.util.concurrent.ThreadPoolExecutor$Worker.run(ThreadPoolExecutor.java:624)
	at java.lang.Thread.run(Thread.java:750)
Caused by: java.lang.IllegalArgumentException: IP Address is invalid
	at org.bouncycastle.asn1.x509.GeneralName.<init>(Unknown Source)
	at org.apache.hadoop.hdds.security.x509.certificate.utils.CertificateSignRequest$Builder.addAltName(CertificateSignRequest.java:334)
	at org.apache.hadoop.hdds.security.x509.certificate.utils.CertificateSignRequest$Builder.addIpAddress(CertificateSignRequest.java:281)
	at org.apache.hadoop.hdds.security.x509.certificate.utils.CertificateSignRequest$Builder.lambda$addInetAddresses$0(CertificateSignRequest.java:306)
	at java.util.ArrayList.forEach(ArrayList.java:1259)
	at org.apache.hadoop.hdds.security.x509.certificate.utils.CertificateSignRequest$Builder.addInetAddresses(CertificateSignRequest.java:304)
	at org.apache.hadoop.hdds.security.x509.certificate.utils.CertificateSignRequest$Builder.addInetAddresses(CertificateSignRequest.java:292)
	at org.apache.hadoop.hdds.security.x509.certificate.client.DefaultCertificateClient.getCSRBuilder(DefaultCertificateClient.java:573)
	at org.apache.hadoop.hdds.security.x509.certificate.client.DNCertificateClient.getCSRBuilder(DNCertificateClient.java:75)
	at org.apache.hadoop.hdds.security.x509.certificate.client.DefaultCertificateClient.renewAndStoreKeyAndCertificate(DefaultCertificateClient.java:1150)
	... 8 more
2024-04-16 15:24:35,135 [7b7781f5-2e1b-4304-b59e-bc853260fdbd-dn-CertificateRenewerService] INFO  client.DNCertificateClient (DefaultCertificateClient.java:run(1457)) - Current certificate 241473 needs to be renewed remaining grace period PT0S. Forced renewal due to root ca rotation: false.
2024-04-16 15:24:35,325 [7b7781f5-2e1b-4304-b59e-bc853260fdbd-dn-CertificateRenewerService] INFO  ozone.OzoneSecurityUtil (OzoneSecurityUtil.java:getValidInetsForCurrentHost(116)) - Adding ip:fe80:0:0:0:20d:3aff:fe1b:d32f%eth0,host:fe80:0:0:0:20d:3aff:fe1b:d32f%eth0
2024-04-16 15:24:35,325 [7b7781f5-2e1b-4304-b59e-bc853260fdbd-dn-CertificateRenewerService] INFO  ozone.OzoneSecurityUtil (OzoneSecurityUtil.java:getValidInetsForCurrentHost(116)) - Adding ip:10.1.0.30,host:fv-az699-832.gws2011vpwuupmkks00dozwttg.bx.internal.cloudapp.net
2024-04-16 15:24:35,326 [7b7781f5-2e1b-4304-b59e-bc853260fdbd-dn-CertificateRenewerService] INFO  ozone.OzoneSecurityUtil (OzoneSecurityUtil.java:getValidInetsForCurrentHost(116)) - Adding ip:0:0:0:0:0:0:0:1%lo,host:localhost
2024-04-16 15:24:35,326 [7b7781f5-2e1b-4304-b59e-bc853260fdbd-dn-CertificateRenewerService] INFO  ozone.OzoneSecurityUtil (OzoneSecurityUtil.java:getValidInetsForCurrentHost(119)) - ip:127.0.0.1 not returned.
2024-04-16 15:24:35,326 [7b7781f5-2e1b-4304-b59e-bc853260fdbd-dn-CertificateRenewerService] ERROR client.DNCertificateClient (DefaultCertificateClient.java:run(1473)) - Failed to renew and store key and cert. Keep using existing certificates.
org.apache.hadoop.hdds.security.x509.exception.CertificateException: Error while signing and storing new certificates.
	at org.apache.hadoop.hdds.security.x509.certificate.client.DefaultCertificateClient.renewAndStoreKeyAndCertificate(DefaultCertificateClient.java:1155)
	at org.apache.hadoop.hdds.security.x509.certificate.client.DefaultCertificateClient$CertificateRenewerService.run(DefaultCertificateClient.java:1462)
	at java.util.concurrent.Executors$RunnableAdapter.call(Executors.java:511)
	at java.util.concurrent.FutureTask.runAndReset(FutureTask.java:308)
	at java.util.concurrent.ScheduledThreadPoolExecutor$ScheduledFutureTask.access$301(ScheduledThreadPoolExecutor.java:180)
	at java.util.concurrent.ScheduledThreadPoolExecutor$ScheduledFutureTask.run(ScheduledThreadPoolExecutor.java:294)
	at java.util.concurrent.ThreadPoolExecutor.runWorker(ThreadPoolExecutor.java:1149)
	at java.util.concurrent.ThreadPoolExecutor$Worker.run(ThreadPoolExecutor.java:624)
	at java.lang.Thread.run(Thread.java:750)
Caused by: java.lang.IllegalArgumentException: IP Address is invalid
	at org.bouncycastle.asn1.x509.GeneralName.<init>(Unknown Source)
	at org.apache.hadoop.hdds.security.x509.certificate.utils.CertificateSignRequest$Builder.addAltName(CertificateSignRequest.java:334)
	at org.apache.hadoop.hdds.security.x509.certificate.utils.CertificateSignRequest$Builder.addIpAddress(CertificateSignRequest.java:281)
	at org.apache.hadoop.hdds.security.x509.certificate.utils.CertificateSignRequest$Builder.lambda$addInetAddresses$0(CertificateSignRequest.java:306)
	at java.util.ArrayList.forEach(ArrayList.java:1259)
	at org.apache.hadoop.hdds.security.x509.certificate.utils.CertificateSignRequest$Builder.addInetAddresses(CertificateSignRequest.java:304)
	at org.apache.hadoop.hdds.security.x509.certificate.utils.CertificateSignRequest$Builder.addInetAddresses(CertificateSignRequest.java:292)
	at org.apache.hadoop.hdds.security.x509.certificate.client.DefaultCertificateClient.getCSRBuilder(DefaultCertificateClient.java:573)
	at org.apache.hadoop.hdds.security.x509.certificate.client.DNCertificateClient.getCSRBuilder(DNCertificateClient.java:75)
	at org.apache.hadoop.hdds.security.x509.certificate.client.DefaultCertificateClient.renewAndStoreKeyAndCertificate(DefaultCertificateClient.java:1150)
	... 8 more
]]></system-out>
      <system-err><![CDATA[java.lang.RuntimeException: Fail to authentication when starting HDDS datanode plugin
	at org.apache.hadoop.ozone.HddsDatanodeService.start(HddsDatanodeService.java:346)
	at org.apache.hadoop.ozone.HddsDatanodeService.start(HddsDatanodeService.java:213)
	at org.apache.hadoop.ozone.TestHddsSecureDatanodeInit.lambda$setUp$0(TestHddsSecureDatanodeInit.java:123)
	at org.apache.hadoop.ozone.TestHddsSecureDatanodeInit.callQuietly(TestHddsSecureDatanodeInit.java:310)
	at org.apache.hadoop.ozone.TestHddsSecureDatanodeInit.setUp(TestHddsSecureDatanodeInit.java:122)
	at sun.reflect.NativeMethodAccessorImpl.invoke0(Native Method)
	at sun.reflect.NativeMethodAccessorImpl.invoke(NativeMethodAccessorImpl.java:62)
	at sun.reflect.DelegatingMethodAccessorImpl.invoke(DelegatingMethodAccessorImpl.java:43)
	at java.lang.reflect.Method.invoke(Method.java:498)
	at org.junit.platform.commons.util.ReflectionUtils.invokeMethod(ReflectionUtils.java:728)
	at org.junit.jupiter.engine.execution.MethodInvocation.proceed(MethodInvocation.java:60)
	at org.junit.jupiter.engine.execution.InvocationInterceptorChain$ValidatingInvocation.proceed(InvocationInterceptorChain.java:131)
	at org.junit.jupiter.engine.extension.TimeoutExtension.intercept(TimeoutExtension.java:156)
	at org.junit.jupiter.engine.extension.TimeoutExtension.interceptLifecycleMethod(TimeoutExtension.java:128)
	at org.junit.jupiter.engine.extension.TimeoutExtension.interceptBeforeAllMethod(TimeoutExtension.java:70)
	at org.junit.jupiter.engine.execution.InterceptingExecutableInvoker$ReflectiveInterceptorCall.lambda$ofVoidMethod$0(InterceptingExecutableInvoker.java:103)
	at org.junit.jupiter.engine.execution.InterceptingExecutableInvoker.lambda$invoke$0(InterceptingExecutableInvoker.java:93)
	at org.junit.jupiter.engine.execution.InvocationInterceptorChain$InterceptedInvocation.proceed(InvocationInterceptorChain.java:106)
	at org.junit.jupiter.engine.execution.InvocationInterceptorChain.proceed(InvocationInterceptorChain.java:64)
	at org.junit.jupiter.engine.execution.InvocationInterceptorChain.chainAndInvoke(InvocationInterceptorChain.java:45)
	at org.junit.jupiter.engine.execution.InvocationInterceptorChain.invoke(InvocationInterceptorChain.java:37)
	at org.junit.jupiter.engine.execution.InterceptingExecutableInvoker.invoke(InterceptingExecutableInvoker.java:92)
	at org.junit.jupiter.engine.execution.InterceptingExecutableInvoker.invoke(InterceptingExecutableInvoker.java:86)
	at org.junit.jupiter.engine.descriptor.ClassBasedTestDescriptor.lambda$invokeBeforeAllMethods$13(ClassBasedTestDescriptor.java:412)
	at org.junit.platform.engine.support.hierarchical.ThrowableCollector.execute(ThrowableCollector.java:73)
	at org.junit.jupiter.engine.descriptor.ClassBasedTestDescriptor.invokeBeforeAllMethods(ClassBasedTestDescriptor.java:410)
	at org.junit.jupiter.engine.descriptor.ClassBasedTestDescriptor.before(ClassBasedTestDescriptor.java:216)
	at org.junit.jupiter.engine.descriptor.ClassBasedTestDescriptor.before(ClassBasedTestDescriptor.java:85)
	at org.junit.platform.engine.support.hierarchical.NodeTestTask.lambda$executeRecursively$6(NodeTestTask.java:148)
	at org.junit.platform.engine.support.hierarchical.ThrowableCollector.execute(ThrowableCollector.java:73)
	at org.junit.platform.engine.support.hierarchical.NodeTestTask.lambda$executeRecursively$8(NodeTestTask.java:141)
	at org.junit.platform.engine.support.hierarchical.Node.around(Node.java:137)
	at org.junit.platform.engine.support.hierarchical.NodeTestTask.lambda$executeRecursively$9(NodeTestTask.java:139)
	at org.junit.platform.engine.support.hierarchical.ThrowableCollector.execute(ThrowableCollector.java:73)
	at org.junit.platform.engine.support.hierarchical.NodeTestTask.executeRecursively(NodeTestTask.java:138)
	at org.junit.platform.engine.support.hierarchical.NodeTestTask.execute(NodeTestTask.java:95)
	at java.util.ArrayList.forEach(ArrayList.java:1259)
	at org.junit.platform.engine.support.hierarchical.SameThreadHierarchicalTestExecutorService.invokeAll(SameThreadHierarchicalTestExecutorService.java:41)
	at org.junit.platform.engine.support.hierarchical.NodeTestTask.lambda$executeRecursively$6(NodeTestTask.java:155)
	at org.junit.platform.engine.support.hierarchical.ThrowableCollector.execute(ThrowableCollector.java:73)
	at org.junit.platform.engine.support.hierarchical.NodeTestTask.lambda$executeRecursively$8(NodeTestTask.java:141)
	at org.junit.platform.engine.support.hierarchical.Node.around(Node.java:137)
	at org.junit.platform.engine.support.hierarchical.NodeTestTask.lambda$executeRecursively$9(NodeTestTask.java:139)
	at org.junit.platform.engine.support.hierarchical.ThrowableCollector.execute(ThrowableCollector.java:73)
	at org.junit.platform.engine.support.hierarchical.NodeTestTask.executeRecursively(NodeTestTask.java:138)
	at org.junit.platform.engine.support.hierarchical.NodeTestTask.execute(NodeTestTask.java:95)
	at org.junit.platform.engine.support.hierarchical.SameThreadHierarchicalTestExecutorService.submit(SameThreadHierarchicalTestExecutorService.java:35)
	at org.junit.platform.engine.support.hierarchical.HierarchicalTestExecutor.execute(HierarchicalTestExecutor.java:57)
	at org.junit.platform.engine.support.hierarchical.HierarchicalTestEngine.execute(HierarchicalTestEngine.java:54)
	at org.junit.platform.launcher.core.EngineExecutionOrchestrator.execute(EngineExecutionOrchestrator.java:198)
	at org.junit.platform.launcher.core.EngineExecutionOrchestrator.execute(EngineExecutionOrchestrator.java:169)
	at org.junit.platform.launcher.core.EngineExecutionOrchestrator.execute(EngineExecutionOrchestrator.java:93)
	at org.junit.platform.launcher.core.EngineExecutionOrchestrator.lambda$execute$0(EngineExecutionOrchestrator.java:58)
	at org.junit.platform.launcher.core.EngineExecutionOrchestrator.withInterceptedStreams(EngineExecutionOrchestrator.java:141)
	at org.junit.platform.launcher.core.EngineExecutionOrchestrator.execute(EngineExecutionOrchestrator.java:57)
	at org.junit.platform.launcher.core.DefaultLauncher.execute(DefaultLauncher.java:103)
	at org.junit.platform.launcher.core.DefaultLauncher.execute(DefaultLauncher.java:85)
	at org.junit.platform.launcher.core.DelegatingLauncher.execute(DelegatingLauncher.java:47)
	at org.junit.platform.launcher.core.SessionPerRequestLauncher.execute(SessionPerRequestLauncher.java:63)
	at org.apache.maven.surefire.junitplatform.JUnitPlatformProvider.invokeAllTests(JUnitPlatformProvider.java:165)
	at org.apache.maven.surefire.junitplatform.JUnitPlatformProvider.invoke(JUnitPlatformProvider.java:123)
	at org.apache.maven.surefire.booter.ForkedBooter.runSuitesInProcess(ForkedBooter.java:377)
	at org.apache.maven.surefire.booter.ForkedBooter.execute(ForkedBooter.java:138)
	at org.apache.maven.surefire.booter.ForkedBooter.run(ForkedBooter.java:465)
	at org.apache.maven.surefire.booter.ForkedBooter.main(ForkedBooter.java:451)
Caused by: org.apache.hadoop.security.authentication.client.AuthenticationException: SIMPLE authentication method not supported. Datanode user login failed.
	at org.apache.hadoop.ozone.HddsDatanodeService.start(HddsDatanodeService.java:263)
	... 64 more
java.lang.IllegalArgumentException: IP Address is invalid
	at org.bouncycastle.asn1.x509.GeneralName.<init>(Unknown Source)
	at org.apache.hadoop.hdds.security.x509.certificate.utils.CertificateSignRequest$Builder.addAltName(CertificateSignRequest.java:334)
	at org.apache.hadoop.hdds.security.x509.certificate.utils.CertificateSignRequest$Builder.addIpAddress(CertificateSignRequest.java:281)
	at org.apache.hadoop.hdds.security.x509.certificate.utils.CertificateSignRequest$Builder.lambda$addInetAddresses$0(CertificateSignRequest.java:306)
	at java.util.ArrayList.forEach(ArrayList.java:1259)
	at org.apache.hadoop.hdds.security.x509.certificate.utils.CertificateSignRequest$Builder.addInetAddresses(CertificateSignRequest.java:304)
	at org.apache.hadoop.hdds.security.x509.certificate.utils.CertificateSignRequest$Builder.addInetAddresses(CertificateSignRequest.java:292)
	at org.apache.hadoop.hdds.security.x509.certificate.client.DefaultCertificateClient.getCSRBuilder(DefaultCertificateClient.java:573)
	at org.apache.hadoop.hdds.security.x509.certificate.client.DNCertificateClient.getCSRBuilder(DNCertificateClient.java:75)
	at org.apache.hadoop.hdds.security.x509.certificate.client.DefaultCertificateClient.recoverStateIfNeeded(DefaultCertificateClient.java:806)
	at org.apache.hadoop.hdds.security.x509.certificate.client.DefaultCertificateClient.initWithRecovery(DefaultCertificateClient.java:701)
	at org.apache.hadoop.ozone.HddsDatanodeService.initializeCertificateClient(HddsDatanodeService.java:398)
	at org.apache.hadoop.ozone.TestHddsSecureDatanodeInit.lambda$setUp$1(TestHddsSecureDatanodeInit.java:127)
	at org.apache.hadoop.ozone.TestHddsSecureDatanodeInit.callQuietly(TestHddsSecureDatanodeInit.java:310)
	at org.apache.hadoop.ozone.TestHddsSecureDatanodeInit.setUp(TestHddsSecureDatanodeInit.java:126)
	at sun.reflect.NativeMethodAccessorImpl.invoke0(Native Method)
	at sun.reflect.NativeMethodAccessorImpl.invoke(NativeMethodAccessorImpl.java:62)
	at sun.reflect.DelegatingMethodAccessorImpl.invoke(DelegatingMethodAccessorImpl.java:43)
	at java.lang.reflect.Method.invoke(Method.java:498)
	at org.junit.platform.commons.util.ReflectionUtils.invokeMethod(ReflectionUtils.java:728)
	at org.junit.jupiter.engine.execution.MethodInvocation.proceed(MethodInvocation.java:60)
	at org.junit.jupiter.engine.execution.InvocationInterceptorChain$ValidatingInvocation.proceed(InvocationInterceptorChain.java:131)
	at org.junit.jupiter.engine.extension.TimeoutExtension.intercept(TimeoutExtension.java:156)
	at org.junit.jupiter.engine.extension.TimeoutExtension.interceptLifecycleMethod(TimeoutExtension.java:128)
	at org.junit.jupiter.engine.extension.TimeoutExtension.interceptBeforeAllMethod(TimeoutExtension.java:70)
	at org.junit.jupiter.engine.execution.InterceptingExecutableInvoker$ReflectiveInterceptorCall.lambda$ofVoidMethod$0(InterceptingExecutableInvoker.java:103)
	at org.junit.jupiter.engine.execution.InterceptingExecutableInvoker.lambda$invoke$0(InterceptingExecutableInvoker.java:93)
	at org.junit.jupiter.engine.execution.InvocationInterceptorChain$InterceptedInvocation.proceed(InvocationInterceptorChain.java:106)
	at org.junit.jupiter.engine.execution.InvocationInterceptorChain.proceed(InvocationInterceptorChain.java:64)
	at org.junit.jupiter.engine.execution.InvocationInterceptorChain.chainAndInvoke(InvocationInterceptorChain.java:45)
	at org.junit.jupiter.engine.execution.InvocationInterceptorChain.invoke(InvocationInterceptorChain.java:37)
	at org.junit.jupiter.engine.execution.InterceptingExecutableInvoker.invoke(InterceptingExecutableInvoker.java:92)
	at org.junit.jupiter.engine.execution.InterceptingExecutableInvoker.invoke(InterceptingExecutableInvoker.java:86)
	at org.junit.jupiter.engine.descriptor.ClassBasedTestDescriptor.lambda$invokeBeforeAllMethods$13(ClassBasedTestDescriptor.java:412)
	at org.junit.platform.engine.support.hierarchical.ThrowableCollector.execute(ThrowableCollector.java:73)
	at org.junit.jupiter.engine.descriptor.ClassBasedTestDescriptor.invokeBeforeAllMethods(ClassBasedTestDescriptor.java:410)
	at org.junit.jupiter.engine.descriptor.ClassBasedTestDescriptor.before(ClassBasedTestDescriptor.java:216)
	at org.junit.jupiter.engine.descriptor.ClassBasedTestDescriptor.before(ClassBasedTestDescriptor.java:85)
	at org.junit.platform.engine.support.hierarchical.NodeTestTask.lambda$executeRecursively$6(NodeTestTask.java:148)
	at org.junit.platform.engine.support.hierarchical.ThrowableCollector.execute(ThrowableCollector.java:73)
	at org.junit.platform.engine.support.hierarchical.NodeTestTask.lambda$executeRecursively$8(NodeTestTask.java:141)
	at org.junit.platform.engine.support.hierarchical.Node.around(Node.java:137)
	at org.junit.platform.engine.support.hierarchical.NodeTestTask.lambda$executeRecursively$9(NodeTestTask.java:139)
	at org.junit.platform.engine.support.hierarchical.ThrowableCollector.execute(ThrowableCollector.java:73)
	at org.junit.platform.engine.support.hierarchical.NodeTestTask.executeRecursively(NodeTestTask.java:138)
	at org.junit.platform.engine.support.hierarchical.NodeTestTask.execute(NodeTestTask.java:95)
	at java.util.ArrayList.forEach(ArrayList.java:1259)
	at org.junit.platform.engine.support.hierarchical.SameThreadHierarchicalTestExecutorService.invokeAll(SameThreadHierarchicalTestExecutorService.java:41)
	at org.junit.platform.engine.support.hierarchical.NodeTestTask.lambda$executeRecursively$6(NodeTestTask.java:155)
	at org.junit.platform.engine.support.hierarchical.ThrowableCollector.execute(ThrowableCollector.java:73)
	at org.junit.platform.engine.support.hierarchical.NodeTestTask.lambda$executeRecursively$8(NodeTestTask.java:141)
	at org.junit.platform.engine.support.hierarchical.Node.around(Node.java:137)
	at org.junit.platform.engine.support.hierarchical.NodeTestTask.lambda$executeRecursively$9(NodeTestTask.java:139)
	at org.junit.platform.engine.support.hierarchical.ThrowableCollector.execute(ThrowableCollector.java:73)
	at org.junit.platform.engine.support.hierarchical.NodeTestTask.executeRecursively(NodeTestTask.java:138)
	at org.junit.platform.engine.support.hierarchical.NodeTestTask.execute(NodeTestTask.java:95)
	at org.junit.platform.engine.support.hierarchical.SameThreadHierarchicalTestExecutorService.submit(SameThreadHierarchicalTestExecutorService.java:35)
	at org.junit.platform.engine.support.hierarchical.HierarchicalTestExecutor.execute(HierarchicalTestExecutor.java:57)
	at org.junit.platform.engine.support.hierarchical.HierarchicalTestEngine.execute(HierarchicalTestEngine.java:54)
	at org.junit.platform.launcher.core.EngineExecutionOrchestrator.execute(EngineExecutionOrchestrator.java:198)
	at org.junit.platform.launcher.core.EngineExecutionOrchestrator.execute(EngineExecutionOrchestrator.java:169)
	at org.junit.platform.launcher.core.EngineExecutionOrchestrator.execute(EngineExecutionOrchestrator.java:93)
	at org.junit.platform.launcher.core.EngineExecutionOrchestrator.lambda$execute$0(EngineExecutionOrchestrator.java:58)
	at org.junit.platform.launcher.core.EngineExecutionOrchestrator.withInterceptedStreams(EngineExecutionOrchestrator.java:141)
	at org.junit.platform.launcher.core.EngineExecutionOrchestrator.execute(EngineExecutionOrchestrator.java:57)
	at org.junit.platform.launcher.core.DefaultLauncher.execute(DefaultLauncher.java:103)
	at org.junit.platform.launcher.core.DefaultLauncher.execute(DefaultLauncher.java:85)
	at org.junit.platform.launcher.core.DelegatingLauncher.execute(DelegatingLauncher.java:47)
	at org.junit.platform.launcher.core.SessionPerRequestLauncher.execute(SessionPerRequestLauncher.java:63)
	at org.apache.maven.surefire.junitplatform.JUnitPlatformProvider.invokeAllTests(JUnitPlatformProvider.java:165)
	at org.apache.maven.surefire.junitplatform.JUnitPlatformProvider.invoke(JUnitPlatformProvider.java:123)
	at org.apache.maven.surefire.booter.ForkedBooter.runSuitesInProcess(ForkedBooter.java:377)
	at org.apache.maven.surefire.booter.ForkedBooter.execute(ForkedBooter.java:138)
	at org.apache.maven.surefire.booter.ForkedBooter.run(ForkedBooter.java:465)
	at org.apache.maven.surefire.booter.ForkedBooter.main(ForkedBooter.java:451)
]]></system-err>
    </rerunError>
    <rerunError type="java.util.concurrent.TimeoutException">
      <stackTrace><![CDATA[java.util.concurrent.TimeoutException: 
Timed out waiting for condition. Thread diagnostics:
Timestamp: 2024-04-16 03:25:05,623

"ca78ff82-5f4d-4dc6-9d67-7317c466c16b-dn-CertificateRenewerService" daemon prio=5 tid=23 timed_waiting
java.lang.Thread.State: TIMED_WAITING
        at sun.misc.Unsafe.park(Native Method)
        at java.util.concurrent.locks.LockSupport.parkNanos(LockSupport.java:215)
        at java.util.concurrent.locks.AbstractQueuedSynchronizer$ConditionObject.awaitNanos(AbstractQueuedSynchronizer.java:2078)
        at java.util.concurrent.ScheduledThreadPoolExecutor$DelayedWorkQueue.take(ScheduledThreadPoolExecutor.java:1093)
        at java.util.concurrent.ScheduledThreadPoolExecutor$DelayedWorkQueue.take(ScheduledThreadPoolExecutor.java:809)
        at java.util.concurrent.ThreadPoolExecutor.getTask(ThreadPoolExecutor.java:1074)
        at java.util.concurrent.ThreadPoolExecutor.runWorker(ThreadPoolExecutor.java:1134)
        at java.util.concurrent.ThreadPoolExecutor$Worker.run(ThreadPoolExecutor.java:624)
        at java.lang.Thread.run(Thread.java:750)
"gradle-enterprise-test-client-gradle-enterprise-test-listener"  prio=5 tid=14 in Object.wait()
java.lang.Thread.State: WAITING (on object monitor)
        at sun.misc.Unsafe.park(Native Method)
        at java.util.concurrent.locks.LockSupport.park(LockSupport.java:175)
        at java.util.concurrent.locks.AbstractQueuedSynchronizer$ConditionObject.await(AbstractQueuedSynchronizer.java:2039)
        at java.util.concurrent.ArrayBlockingQueue.take(ArrayBlockingQueue.java:403)
        at com.gradle.maven.scan.extension.test.listener.obfuscated.k.a.a(SourceFile:130)
        at com.gradle.maven.scan.extension.test.listener.obfuscated.k.a.b(SourceFile:93)
        at com.gradle.maven.scan.extension.test.listener.obfuscated.k.a$$Lambda$270/1165303897.run(Unknown Source)
        at java.util.concurrent.Executors$RunnableAdapter.call(Executors.java:511)
        at java.util.concurrent.FutureTask.run(FutureTask.java:266)
        at java.util.concurrent.ThreadPoolExecutor.runWorker(ThreadPoolExecutor.java:1149)
        at java.util.concurrent.ThreadPoolExecutor$Worker.run(ThreadPoolExecutor.java:624)
        at java.lang.Thread.run(Thread.java:750)
"Timer for 'HddsDatanode' metrics system" daemon prio=5 tid=17 timed_waiting
java.lang.Thread.State: TIMED_WAITING
        at java.lang.Object.wait(Native Method)
        at java.util.TimerThread.mainLoop(Timer.java:552)
        at java.util.TimerThread.run(Timer.java:505)
"Reference Handler" daemon prio=10 tid=2 in Object.wait()
java.lang.Thread.State: WAITING (on object monitor)
        at java.lang.Object.wait(Native Method)
        at java.lang.Object.wait(Object.java:502)
        at java.lang.ref.Reference.tryHandlePending(Reference.java:191)
        at java.lang.ref.Reference$ReferenceHandler.run(Reference.java:153)
"Signal Dispatcher" daemon prio=9 tid=4 runnable
java.lang.Thread.State: RUNNABLE
"surefire-forkedjvm-ping-30s" daemon prio=5 tid=11 timed_waiting
java.lang.Thread.State: TIMED_WAITING
        at sun.misc.Unsafe.park(Native Method)
        at java.util.concurrent.locks.LockSupport.parkNanos(LockSupport.java:215)
        at java.util.concurrent.locks.AbstractQueuedSynchronizer$ConditionObject.awaitNanos(AbstractQueuedSynchronizer.java:2078)
        at java.util.concurrent.ScheduledThreadPoolExecutor$DelayedWorkQueue.take(ScheduledThreadPoolExecutor.java:1093)
        at java.util.concurrent.ScheduledThreadPoolExecutor$DelayedWorkQueue.take(ScheduledThreadPoolExecutor.java:809)
        at java.util.concurrent.ThreadPoolExecutor.getTask(ThreadPoolExecutor.java:1074)
        at java.util.concurrent.ThreadPoolExecutor.runWorker(ThreadPoolExecutor.java:1134)
        at java.util.concurrent.ThreadPoolExecutor$Worker.run(ThreadPoolExecutor.java:624)
        at java.lang.Thread.run(Thread.java:750)
"Attach Listener" daemon prio=9 tid=18 runnable
java.lang.Thread.State: RUNNABLE
"surefire-forkedjvm-command-thread" daemon prio=5 tid=10 runnable
java.lang.Thread.State: RUNNABLE
        at java.io.FileInputStream.readBytes(Native Method)
        at java.io.FileInputStream.read(FileInputStream.java:255)
        at java.io.BufferedInputStream.fill(BufferedInputStream.java:246)
        at java.io.BufferedInputStream.read(BufferedInputStream.java:265)
        at java.io.DataInputStream.readInt(DataInputStream.java:387)
        at org.apache.maven.surefire.booter.MasterProcessCommand.decode(MasterProcessCommand.java:113)
        at org.apache.maven.surefire.booter.CommandReader$CommandRunnable.run(CommandReader.java:383)
        at java.lang.Thread.run(Thread.java:750)
"process reaper" daemon prio=10 tid=13 timed_waiting
java.lang.Thread.State: TIMED_WAITING
        at sun.misc.Unsafe.park(Native Method)
        at java.util.concurrent.locks.LockSupport.parkNanos(LockSupport.java:215)
        at java.util.concurrent.SynchronousQueue$TransferStack.awaitFulfill(SynchronousQueue.java:460)
        at java.util.concurrent.SynchronousQueue$TransferStack.transfer(SynchronousQueue.java:362)
        at java.util.concurrent.SynchronousQueue.poll(SynchronousQueue.java:941)
        at java.util.concurrent.ThreadPoolExecutor.getTask(ThreadPoolExecutor.java:1073)
        at java.util.concurrent.ThreadPoolExecutor.runWorker(ThreadPoolExecutor.java:1134)
        at java.util.concurrent.ThreadPoolExecutor$Worker.run(ThreadPoolExecutor.java:624)
        at java.lang.Thread.run(Thread.java:750)
"Finalizer" daemon prio=8 tid=3 in Object.wait()
java.lang.Thread.State: WAITING (on object monitor)
        at java.lang.Object.wait(Native Method)
        at java.lang.ref.ReferenceQueue.remove(ReferenceQueue.java:144)
        at java.lang.ref.ReferenceQueue.remove(ReferenceQueue.java:165)
        at java.lang.ref.Finalizer$FinalizerThread.run(Finalizer.java:188)
"main"  prio=5 tid=1 runnable
java.lang.Thread.State: RUNNABLE
        at java.lang.Thread.dumpThreads(Native Method)
        at java.lang.Thread.getAllStackTraces(Thread.java:1615)
        at org.apache.ozone.test.TimedOutTestsListener.buildThreadDump(TimedOutTestsListener.java:83)
        at org.apache.ozone.test.TimedOutTestsListener.buildThreadDiagnosticString(TimedOutTestsListener.java:69)
        at org.apache.ozone.test.GenericTestUtils.waitFor(GenericTestUtils.java:204)
        at org.apache.hadoop.ozone.TestHddsSecureDatanodeInit.testCertificateRotationRecoverableFailure(TestHddsSecureDatanodeInit.java:444)
        at sun.reflect.NativeMethodAccessorImpl.invoke0(Native Method)
        at sun.reflect.NativeMethodAccessorImpl.invoke(NativeMethodAccessorImpl.java:62)
        at sun.reflect.DelegatingMethodAccessorImpl.invoke(DelegatingMethodAccessorImpl.java:43)
        at java.lang.reflect.Method.invoke(Method.java:498)
        at org.junit.platform.commons.util.ReflectionUtils.invokeMethod(ReflectionUtils.java:728)
        at org.junit.jupiter.engine.execution.MethodInvocation.proceed(MethodInvocation.java:60)
        at org.junit.jupiter.engine.execution.InvocationInterceptorChain$ValidatingInvocation.proceed(InvocationInterceptorChain.java:131)
        at org.junit.jupiter.engine.extension.TimeoutExtension.intercept(TimeoutExtension.java:156)
        at org.junit.jupiter.engine.extension.TimeoutExtension.interceptTestableMethod(TimeoutExtension.java:147)
        at org.junit.jupiter.engine.extension.TimeoutExtension.interceptTestMethod(TimeoutExtension.java:86)
        at org.junit.jupiter.engine.descriptor.TestMethodTestDescriptor$$Lambda$179/24119573.apply(Unknown Source)
        at org.junit.jupiter.engine.execution.InterceptingExecutableInvoker$ReflectiveInterceptorCall.lambda$ofVoidMethod$0(InterceptingExecutableInvoker.java:103)
        at org.junit.jupiter.engine.execution.InterceptingExecutableInvoker$ReflectiveInterceptorCall$$Lambda$180/836220863.apply(Unknown Source)
        at org.junit.jupiter.engine.execution.InterceptingExecutableInvoker.lambda$invoke$0(InterceptingExecutableInvoker.java:93)
        at org.junit.jupiter.engine.execution.InterceptingExecutableInvoker$$Lambda$408/1320105604.apply(Unknown Source)
        at org.junit.jupiter.engine.execution.InvocationInterceptorChain$InterceptedInvocation.proceed(InvocationInterceptorChain.java:106)
        at org.junit.jupiter.engine.execution.InvocationInterceptorChain.proceed(InvocationInterceptorChain.java:64)
        at org.junit.jupiter.engine.execution.InvocationInterceptorChain.chainAndInvoke(InvocationInterceptorChain.java:45)
        at org.junit.jupiter.engine.execution.InvocationInterceptorChain.invoke(InvocationInterceptorChain.java:37)
        at org.junit.jupiter.engine.execution.InterceptingExecutableInvoker.invoke(InterceptingExecutableInvoker.java:92)
        at org.junit.jupiter.engine.execution.InterceptingExecutableInvoker.invoke(InterceptingExecutableInvoker.java:86)
        at org.junit.jupiter.engine.descriptor.TestMethodTestDescriptor.lambda$invokeTestMethod$7(TestMethodTestDescriptor.java:218)
        at org.junit.jupiter.engine.descriptor.TestMethodTestDescriptor$$Lambda$503/987263357.execute(Unknown Source)
        at org.junit.platform.engine.support.hierarchical.ThrowableCollector.execute(ThrowableCollector.java:73)
        at org.junit.jupiter.engine.descriptor.TestMethodTestDescriptor.invokeTestMethod(TestMethodTestDescriptor.java:214)
        at org.junit.jupiter.engine.descriptor.TestMethodTestDescriptor.execute(TestMethodTestDescriptor.java:139)
        at org.junit.jupiter.engine.descriptor.TestMethodTestDescriptor.execute(TestMethodTestDescriptor.java:69)
        at org.junit.platform.engine.support.hierarchical.NodeTestTask.lambda$executeRecursively$6(NodeTestTask.java:151)
        at org.junit.platform.engine.support.hierarchical.NodeTestTask$$Lambda$331/938545229.execute(Unknown Source)
        at org.junit.platform.engine.support.hierarchical.ThrowableCollector.execute(ThrowableCollector.java:73)
        at org.junit.platform.engine.support.hierarchical.NodeTestTask.lambda$executeRecursively$8(NodeTestTask.java:141)
        at org.junit.platform.engine.support.hierarchical.NodeTestTask$$Lambda$330/1946645411.invoke(Unknown Source)
        at org.junit.platform.engine.support.hierarchical.Node.around(Node.java:137)
        at org.junit.platform.engine.support.hierarchical.NodeTestTask.lambda$executeRecursively$9(NodeTestTask.java:139)
        at org.junit.platform.engine.support.hierarchical.NodeTestTask$$Lambda$329/1050065615.execute(Unknown Source)
        at org.junit.platform.engine.support.hierarchical.ThrowableCollector.execute(ThrowableCollector.java:73)
        at org.junit.platform.engine.support.hierarchical.NodeTestTask.executeRecursively(NodeTestTask.java:138)
        at org.junit.platform.engine.support.hierarchical.NodeTestTask.execute(NodeTestTask.java:95)
        at org.junit.platform.engine.support.hierarchical.SameThreadHierarchicalTestExecutorService$$Lambda$335/90767234.accept(Unknown Source)
        at java.util.ArrayList.forEach(ArrayList.java:1259)
        at org.junit.platform.engine.support.hierarchical.SameThreadHierarchicalTestExecutorService.invokeAll(SameThreadHierarchicalTestExecutorService.java:41)
        at org.junit.platform.engine.support.hierarchical.NodeTestTask.lambda$executeRecursively$6(NodeTestTask.java:155)
        at org.junit.platform.engine.support.hierarchical.NodeTestTask$$Lambda$331/938545229.execute(Unknown Source)
        at org.junit.platform.engine.support.hierarchical.ThrowableCollector.execute(ThrowableCollector.java:73)
        at org.junit.platform.engine.support.hierarchical.NodeTestTask.lambda$executeRecursively$8(NodeTestTask.java:141)
        at org.junit.platform.engine.support.hierarchical.NodeTestTask$$Lambda$330/1946645411.invoke(Unknown Source)
        at org.junit.platform.engine.support.hierarchical.Node.around(Node.java:137)
        at org.junit.platform.engine.support.hierarchical.NodeTestTask.lambda$executeRecursively$9(NodeTestTask.java:139)
        at org.junit.platform.engine.support.hierarchical.NodeTestTask$$Lambda$329/1050065615.execute(Unknown Source)
        at org.junit.platform.engine.support.hierarchical.ThrowableCollector.execute(ThrowableCollector.java:73)
        at org.junit.platform.engine.support.hierarchical.NodeTestTask.executeRecursively(NodeTestTask.java:138)
        at org.junit.platform.engine.support.hierarchical.NodeTestTask.execute(NodeTestTask.java:95)
        at org.junit.platform.engine.support.hierarchical.SameThreadHierarchicalTestExecutorService$$Lambda$335/90767234.accept(Unknown Source)
        at java.util.ArrayList.forEach(ArrayList.java:1259)
        at org.junit.platform.engine.support.hierarchical.SameThreadHierarchicalTestExecutorService.invokeAll(SameThreadHierarchicalTestExecutorService.java:41)
        at org.junit.platform.engine.support.hierarchical.NodeTestTask.lambda$executeRecursively$6(NodeTestTask.java:155)
        at org.junit.platform.engine.support.hierarchical.NodeTestTask$$Lambda$331/938545229.execute(Unknown Source)
        at org.junit.platform.engine.support.hierarchical.ThrowableCollector.execute(ThrowableCollector.java:73)
        at org.junit.platform.engine.support.hierarchical.NodeTestTask.lambda$executeRecursively$8(NodeTestTask.java:141)
        at org.junit.platform.engine.support.hierarchical.NodeTestTask$$Lambda$330/1946645411.invoke(Unknown Source)
        at org.junit.platform.engine.support.hierarchical.Node.around(Node.java:137)
        at org.junit.platform.engine.support.hierarchical.NodeTestTask.lambda$executeRecursively$9(NodeTestTask.java:139)
        at org.junit.platform.engine.support.hierarchical.NodeTestTask$$Lambda$329/1050065615.execute(Unknown Source)
        at org.junit.platform.engine.support.hierarchical.ThrowableCollector.execute(ThrowableCollector.java:73)
        at org.junit.platform.engine.support.hierarchical.NodeTestTask.executeRecursively(NodeTestTask.java:138)
        at org.junit.platform.engine.support.hierarchical.NodeTestTask.execute(NodeTestTask.java:95)
        at org.junit.platform.engine.support.hierarchical.SameThreadHierarchicalTestExecutorService.submit(SameThreadHierarchicalTestExecutorService.java:35)
        at org.junit.platform.engine.support.hierarchical.HierarchicalTestExecutor.execute(HierarchicalTestExecutor.java:57)
        at org.junit.platform.engine.support.hierarchical.HierarchicalTestEngine.execute(HierarchicalTestEngine.java:54)
        at org.junit.platform.launcher.core.EngineExecutionOrchestrator.execute(EngineExecutionOrchestrator.java:198)
        at org.junit.platform.launcher.core.EngineExecutionOrchestrator.execute(EngineExecutionOrchestrator.java:169)
        at org.junit.platform.launcher.core.EngineExecutionOrchestrator.execute(EngineExecutionOrchestrator.java:93)
        at org.junit.platform.launcher.core.EngineExecutionOrchestrator.lambda$execute$0(EngineExecutionOrchestrator.java:58)
        at org.junit.platform.launcher.core.EngineExecutionOrchestrator$$Lambda$249/1364913072.accept(Unknown Source)
        at org.junit.platform.launcher.core.EngineExecutionOrchestrator.withInterceptedStreams(EngineExecutionOrchestrator.java:141)
        at org.junit.platform.launcher.core.EngineExecutionOrchestrator.execute(EngineExecutionOrchestrator.java:57)
        at org.junit.platform.launcher.core.DefaultLauncher.execute(DefaultLauncher.java:103)
        at org.junit.platform.launcher.core.DefaultLauncher.execute(DefaultLauncher.java:85)
        at org.junit.platform.launcher.core.DelegatingLauncher.execute(DelegatingLauncher.java:47)
        at org.junit.platform.launcher.core.SessionPerRequestLauncher.execute(SessionPerRequestLauncher.java:63)
        at org.apache.maven.surefire.junitplatform.JUnitPlatformProvider.invokeAllTests(JUnitPlatformProvider.java:165)
        at org.apache.maven.surefire.junitplatform.JUnitPlatformProvider.invoke(JUnitPlatformProvider.java:123)
        at org.apache.maven.surefire.booter.ForkedBooter.runSuitesInProcess(ForkedBooter.java:377)
        at org.apache.maven.surefire.booter.ForkedBooter.execute(ForkedBooter.java:138)
        at org.apache.maven.surefire.booter.ForkedBooter.run(ForkedBooter.java:465)
        at org.apache.maven.surefire.booter.ForkedBooter.main(ForkedBooter.java:451)


	at org.apache.ozone.test.GenericTestUtils.waitFor(GenericTestUtils.java:204)
	at org.apache.hadoop.ozone.TestHddsSecureDatanodeInit.testCertificateRotationRecoverableFailure(TestHddsSecureDatanodeInit.java:444)
	at java.lang.reflect.Method.invoke(Method.java:498)
	at java.util.ArrayList.forEach(ArrayList.java:1259)
	at java.util.ArrayList.forEach(ArrayList.java:1259)
]]></stackTrace>
      <system-out><![CDATA[2024-04-16 15:24:35,488 [main] WARN  impl.MetricsSystemImpl (MetricsSystemImpl.java:init(151)) - HddsDatanode metrics system already initialized!
2024-04-16 15:24:35,496 [main] INFO  utils.HddsServerUtil (HddsServerUtil.java:initializeMetrics(578)) - Metrics source JvmMetrics already added to DataNode.
2024-04-16 15:24:35,496 [main] INFO  ozone.HddsDatanodeService (HddsDatanodeService.java:start(240)) - HddsDatanodeService host:fv-az699-832.gws2011vpwuupmkks00dozwttg.bx.internal.cloudapp.net ip:10.1.0.30
2024-04-16 15:24:35,501 [main] INFO  ozone.HddsDatanodeService (HddsDatanodeService.java:initializeCertificateClient(388)) - Initializing secure Datanode.
2024-04-16 15:24:35,501 [main] INFO  client.DNCertificateClient (DefaultCertificateClient.java:updateCertSerialId(1313)) - Certificate serial ID set to null
2024-04-16 15:24:35,501 [main] ERROR client.DNCertificateClient (DefaultCertificateClient.java:getCertPath(376)) - Default certificate serial id is not set. Can't locate the default certificate for this client.
2024-04-16 15:24:35,501 [main] INFO  client.DNCertificateClient (DefaultCertificateClient.java:init(720)) - Certificate client init case: 0
2024-04-16 15:24:35,501 [main] INFO  client.DNCertificateClient (DefaultCertificateClient.java:handleCase(738)) - Creating keypair for client as keypair and certificate not found.
2024-04-16 15:24:35,574 [main] INFO  client.DNCertificateClient (DefaultCertificateClient.java:recoverStateIfNeeded(800)) - Init response: GETCERT
2024-04-16 15:24:35,575 [main] INFO  ozone.OzoneSecurityUtil (OzoneSecurityUtil.java:getValidInetsForCurrentHost(116)) - Adding ip:fe80:0:0:0:20d:3aff:fe1b:d32f%eth0,host:fe80:0:0:0:20d:3aff:fe1b:d32f%eth0
2024-04-16 15:24:35,576 [main] INFO  ozone.OzoneSecurityUtil (OzoneSecurityUtil.java:getValidInetsForCurrentHost(116)) - Adding ip:10.1.0.30,host:fv-az699-832.gws2011vpwuupmkks00dozwttg.bx.internal.cloudapp.net
2024-04-16 15:24:35,576 [main] INFO  ozone.OzoneSecurityUtil (OzoneSecurityUtil.java:getValidInetsForCurrentHost(116)) - Adding ip:0:0:0:0:0:0:0:1%lo,host:localhost
2024-04-16 15:24:35,576 [main] INFO  ozone.OzoneSecurityUtil (OzoneSecurityUtil.java:getValidInetsForCurrentHost(119)) - ip:127.0.0.1 not returned.
2024-04-16 15:24:35,581 [main] INFO  utils.SelfSignedCertificate (SelfSignedCertificate.java:generateCertificate(157)) - Certificate 271641 is issued by CN=localhost,OU=test,O=cluster,SERIALNUMBER=271641 to CN=localhost,OU=test,O=cluster,SERIALNUMBER=271641, valid from Tue Apr 16 15:24:35 UTC 2024 to Tue Apr 16 15:24:50 UTC 2024
2024-04-16 15:24:35,583 [main] INFO  client.DNCertificateClient (DefaultCertificateClient.java:updateCertSerialId(1313)) - Certificate serial ID set to 271641
2024-04-16 15:24:35,584 [main] WARN  client.DNCertificateClient (DefaultCertificateClient.java:loadAllCertificates(179)) - Certificates could not be loaded.
java.nio.file.NoSuchFileException: /tmp/junit2108796874092901886/dn/certs
	at sun.nio.fs.UnixException.translateToIOException(UnixException.java:86)
	at sun.nio.fs.UnixException.rethrowAsIOException(UnixException.java:102)
	at sun.nio.fs.UnixException.rethrowAsIOException(UnixException.java:107)
	at sun.nio.fs.UnixFileSystemProvider.newDirectoryStream(UnixFileSystemProvider.java:427)
	at java.nio.file.Files.newDirectoryStream(Files.java:457)
	at java.nio.file.Files.list(Files.java:3451)
	at org.apache.hadoop.hdds.security.x509.certificate.client.DefaultCertificateClient.loadAllCertificates(DefaultCertificateClient.java:174)
	at org.apache.hadoop.hdds.security.x509.certificate.client.DefaultCertificateClient.updateCertSerialId(DefaultCertificateClient.java:1314)
	at org.apache.hadoop.hdds.security.x509.certificate.client.DefaultCertificateClient.<init>(DefaultCertificateClient.java:163)
	at org.apache.hadoop.hdds.security.x509.certificate.client.DNCertificateClient.<init>(DNCertificateClient.java:60)
	at org.apache.hadoop.ozone.TestHddsSecureDatanodeInit.setUpDNCertClient(TestHddsSecureDatanodeInit.java:159)
	at sun.reflect.NativeMethodAccessorImpl.invoke0(Native Method)
	at sun.reflect.NativeMethodAccessorImpl.invoke(NativeMethodAccessorImpl.java:62)
	at sun.reflect.DelegatingMethodAccessorImpl.invoke(DelegatingMethodAccessorImpl.java:43)
	at java.lang.reflect.Method.invoke(Method.java:498)
	at org.junit.platform.commons.util.ReflectionUtils.invokeMethod(ReflectionUtils.java:728)
	at org.junit.jupiter.engine.execution.MethodInvocation.proceed(MethodInvocation.java:60)
	at org.junit.jupiter.engine.execution.InvocationInterceptorChain$ValidatingInvocation.proceed(InvocationInterceptorChain.java:131)
	at org.junit.jupiter.engine.extension.TimeoutExtension.intercept(TimeoutExtension.java:156)
	at org.junit.jupiter.engine.extension.TimeoutExtension.interceptLifecycleMethod(TimeoutExtension.java:128)
	at org.junit.jupiter.engine.extension.TimeoutExtension.interceptBeforeEachMethod(TimeoutExtension.java:78)
	at org.junit.jupiter.engine.execution.InterceptingExecutableInvoker$ReflectiveInterceptorCall.lambda$ofVoidMethod$0(InterceptingExecutableInvoker.java:103)
	at org.junit.jupiter.engine.execution.InterceptingExecutableInvoker.lambda$invoke$0(InterceptingExecutableInvoker.java:93)
	at org.junit.jupiter.engine.execution.InvocationInterceptorChain$InterceptedInvocation.proceed(InvocationInterceptorChain.java:106)
	at org.junit.jupiter.engine.execution.InvocationInterceptorChain.proceed(InvocationInterceptorChain.java:64)
	at org.junit.jupiter.engine.execution.InvocationInterceptorChain.chainAndInvoke(InvocationInterceptorChain.java:45)
	at org.junit.jupiter.engine.execution.InvocationInterceptorChain.invoke(InvocationInterceptorChain.java:37)
	at org.junit.jupiter.engine.execution.InterceptingExecutableInvoker.invoke(InterceptingExecutableInvoker.java:92)
	at org.junit.jupiter.engine.execution.InterceptingExecutableInvoker.invoke(InterceptingExecutableInvoker.java:86)
	at org.junit.jupiter.engine.descriptor.ClassBasedTestDescriptor.invokeMethodInExtensionContext(ClassBasedTestDescriptor.java:521)
	at org.junit.jupiter.engine.descriptor.ClassBasedTestDescriptor.lambda$synthesizeBeforeEachMethodAdapter$23(ClassBasedTestDescriptor.java:506)
	at org.junit.jupiter.engine.descriptor.TestMethodTestDescriptor.lambda$invokeBeforeEachMethods$3(TestMethodTestDescriptor.java:175)
	at org.junit.jupiter.engine.descriptor.TestMethodTestDescriptor.lambda$invokeBeforeMethodsOrCallbacksUntilExceptionOccurs$6(TestMethodTestDescriptor.java:203)
	at org.junit.platform.engine.support.hierarchical.ThrowableCollector.execute(ThrowableCollector.java:73)
	at org.junit.jupiter.engine.descriptor.TestMethodTestDescriptor.invokeBeforeMethodsOrCallbacksUntilExceptionOccurs(TestMethodTestDescriptor.java:203)
	at org.junit.jupiter.engine.descriptor.TestMethodTestDescriptor.invokeBeforeEachMethods(TestMethodTestDescriptor.java:172)
	at org.junit.jupiter.engine.descriptor.TestMethodTestDescriptor.execute(TestMethodTestDescriptor.java:135)
	at org.junit.jupiter.engine.descriptor.TestMethodTestDescriptor.execute(TestMethodTestDescriptor.java:69)
	at org.junit.platform.engine.support.hierarchical.NodeTestTask.lambda$executeRecursively$6(NodeTestTask.java:151)
	at org.junit.platform.engine.support.hierarchical.ThrowableCollector.execute(ThrowableCollector.java:73)
	at org.junit.platform.engine.support.hierarchical.NodeTestTask.lambda$executeRecursively$8(NodeTestTask.java:141)
	at org.junit.platform.engine.support.hierarchical.Node.around(Node.java:137)
	at org.junit.platform.engine.support.hierarchical.NodeTestTask.lambda$executeRecursively$9(NodeTestTask.java:139)
	at org.junit.platform.engine.support.hierarchical.ThrowableCollector.execute(ThrowableCollector.java:73)
	at org.junit.platform.engine.support.hierarchical.NodeTestTask.executeRecursively(NodeTestTask.java:138)
	at org.junit.platform.engine.support.hierarchical.NodeTestTask.execute(NodeTestTask.java:95)
	at java.util.ArrayList.forEach(ArrayList.java:1259)
	at org.junit.platform.engine.support.hierarchical.SameThreadHierarchicalTestExecutorService.invokeAll(SameThreadHierarchicalTestExecutorService.java:41)
	at org.junit.platform.engine.support.hierarchical.NodeTestTask.lambda$executeRecursively$6(NodeTestTask.java:155)
	at org.junit.platform.engine.support.hierarchical.ThrowableCollector.execute(ThrowableCollector.java:73)
	at org.junit.platform.engine.support.hierarchical.NodeTestTask.lambda$executeRecursively$8(NodeTestTask.java:141)
	at org.junit.platform.engine.support.hierarchical.Node.around(Node.java:137)
	at org.junit.platform.engine.support.hierarchical.NodeTestTask.lambda$executeRecursively$9(NodeTestTask.java:139)
	at org.junit.platform.engine.support.hierarchical.ThrowableCollector.execute(ThrowableCollector.java:73)
	at org.junit.platform.engine.support.hierarchical.NodeTestTask.executeRecursively(NodeTestTask.java:138)
	at org.junit.platform.engine.support.hierarchical.NodeTestTask.execute(NodeTestTask.java:95)
	at java.util.ArrayList.forEach(ArrayList.java:1259)
	at org.junit.platform.engine.support.hierarchical.SameThreadHierarchicalTestExecutorService.invokeAll(SameThreadHierarchicalTestExecutorService.java:41)
	at org.junit.platform.engine.support.hierarchical.NodeTestTask.lambda$executeRecursively$6(NodeTestTask.java:155)
	at org.junit.platform.engine.support.hierarchical.ThrowableCollector.execute(ThrowableCollector.java:73)
	at org.junit.platform.engine.support.hierarchical.NodeTestTask.lambda$executeRecursively$8(NodeTestTask.java:141)
	at org.junit.platform.engine.support.hierarchical.Node.around(Node.java:137)
	at org.junit.platform.engine.support.hierarchical.NodeTestTask.lambda$executeRecursively$9(NodeTestTask.java:139)
	at org.junit.platform.engine.support.hierarchical.ThrowableCollector.execute(ThrowableCollector.java:73)
	at org.junit.platform.engine.support.hierarchical.NodeTestTask.executeRecursively(NodeTestTask.java:138)
	at org.junit.platform.engine.support.hierarchical.NodeTestTask.execute(NodeTestTask.java:95)
	at org.junit.platform.engine.support.hierarchical.SameThreadHierarchicalTestExecutorService.submit(SameThreadHierarchicalTestExecutorService.java:35)
	at org.junit.platform.engine.support.hierarchical.HierarchicalTestExecutor.execute(HierarchicalTestExecutor.java:57)
	at org.junit.platform.engine.support.hierarchical.HierarchicalTestEngine.execute(HierarchicalTestEngine.java:54)
	at org.junit.platform.launcher.core.EngineExecutionOrchestrator.execute(EngineExecutionOrchestrator.java:198)
	at org.junit.platform.launcher.core.EngineExecutionOrchestrator.execute(EngineExecutionOrchestrator.java:169)
	at org.junit.platform.launcher.core.EngineExecutionOrchestrator.execute(EngineExecutionOrchestrator.java:93)
	at org.junit.platform.launcher.core.EngineExecutionOrchestrator.lambda$execute$0(EngineExecutionOrchestrator.java:58)
	at org.junit.platform.launcher.core.EngineExecutionOrchestrator.withInterceptedStreams(EngineExecutionOrchestrator.java:141)
	at org.junit.platform.launcher.core.EngineExecutionOrchestrator.execute(EngineExecutionOrchestrator.java:57)
	at org.junit.platform.launcher.core.DefaultLauncher.execute(DefaultLauncher.java:103)
	at org.junit.platform.launcher.core.DefaultLauncher.execute(DefaultLauncher.java:85)
	at org.junit.platform.launcher.core.DelegatingLauncher.execute(DelegatingLauncher.java:47)
	at org.junit.platform.launcher.core.SessionPerRequestLauncher.execute(SessionPerRequestLauncher.java:63)
	at org.apache.maven.surefire.junitplatform.JUnitPlatformProvider.invokeAllTests(JUnitPlatformProvider.java:165)
	at org.apache.maven.surefire.junitplatform.JUnitPlatformProvider.invoke(JUnitPlatformProvider.java:123)
	at org.apache.maven.surefire.booter.ForkedBooter.runSuitesInProcess(ForkedBooter.java:377)
	at org.apache.maven.surefire.booter.ForkedBooter.execute(ForkedBooter.java:138)
	at org.apache.maven.surefire.booter.ForkedBooter.run(ForkedBooter.java:465)
	at org.apache.maven.surefire.booter.ForkedBooter.main(ForkedBooter.java:451)
2024-04-16 15:24:35,585 [main] INFO  utils.CertificateCodec (CertificateCodec.java:writeCertificate(299)) - Save certificate to /tmp/junit2108796874092901886/dn/certs/certificate.crt
2024-04-16 15:24:35,585 [main] INFO  utils.CertificateCodec (CertificateCodec.java:writeCertificate(300)) - Certificate -----BEGIN CERTIFICATE-----
MIIDBzCCAe+gAwIBAgIDBCUZMA0GCSqGSIb3DQEBCwUAMEYxEjAQBgNVBAMMCWxv
Y2FsaG9zdDENMAsGA1UECwwEdGVzdDEQMA4GA1UECgwHY2x1c3RlcjEPMA0GA1UE
BRMGMjcxNjQxMB4XDTI0MDQxNjE1MjQzNVoXDTI0MDQxNjE1MjQ1MFowRjESMBAG
A1UEAwwJbG9jYWxob3N0MQ0wCwYDVQQLDAR0ZXN0MRAwDgYDVQQKDAdjbHVzdGVy
MQ8wDQYDVQQFEwYyNzE2NDEwggEiMA0GCSqGSIb3DQEBAQUAA4IBDwAwggEKAoIB
AQC+BCEQJvuZ08naPL+LYQdANzDQciY3aabybRK0alyPuPUQdi4sYrYYzHV84cjF
LgW6rYPdnBjBDC+TwSm7fkUu9Yg92fFThamI8qd5z5bSdOdT/17Weq96VScsPCth
5lT3MPPlPgXyPG5nflDgRkpKHQG0eYuns4OJEl+kz+kG0lhw6dSUk1vO128PWJgC
fhBpGbSZn1pEPRRKHpFnuY9cQvSpZzqwExlDsKo7jXuDVCy/2OdynDa7oIU+7ELS
QdAwdXBRFyal5PaiLBcseoOgDdzBFy3SsdY+glZDtnpLovuvfFaz6fyhdbF5CD3B
0/2W1o64dmKPuYA9LcQOXnyvAgMBAAEwDQYJKoZIhvcNAQELBQADggEBAG8fYj1k
yjYr5SeHPy43m7wcldOQLsic52dLE0HyZ+uuZoppP5QU56tl29F5bx89ZvOs5bw2
MN0Ub5smJ9VcwhcMsg3rUIGQUdI5Jp0H9YkR50yQ6zLJojgXKuPBl7M0gJe3OPhv
KBirt6+fWOnqeDYyDgZ7SXJRa6PE/3j7fY0FnBkPcbmX/yvE9RgxlVzcpVI12SBq
gqqAr1ZYzwmSln5Td2YLcje6yOHkeX5G2I2eLPp9ao3EdrW0OVnjMm/yg0dTq9z3
GrasX9yqhW0g2xJ5ekKmMcDPvcrziaSOmOqiNh31lvHT38tH+5BAdxJogNxiqvlT
jlwipTtdwF4VXF8=
-----END CERTIFICATE-----

2024-04-16 15:24:35,599 [main] INFO  utils.SelfSignedCertificate (SelfSignedCertificate.java:generateCertificate(157)) - Certificate 271661 is issued by CN=localhost,OU=test,O=cluster,SERIALNUMBER=271661 to CN=localhost,OU=test,O=cluster,SERIALNUMBER=271661, valid from Tue Apr 16 15:24:40 UTC 2024 to Tue Apr 16 15:24:55 UTC 2024
2024-04-16 15:24:35,600 [main] INFO  client.DNCertificateClient (DefaultCertificateClient.java:readCertificateFile(248)) - Added certificate 271641 from file: /tmp/junit2108796874092901886/dn/certs/certificate.crt.
2024-04-16 15:24:35,601 [main] INFO  client.DNCertificateClient (DefaultCertificateClient.java:startCertificateRenewerService(1418)) - CertificateRenewerService for dn is started with first delay 9399 ms and interval 1666 ms.
2024-04-16 15:24:35,601 [main] INFO  client.DNCertificateClient (DefaultCertificateClient.java:startCertificateRenewerService(1418)) - CertificateRenewerService for dn is started with first delay 9399 ms and interval 1666 ms.
2024-04-16 15:24:45,001 [ca78ff82-5f4d-4dc6-9d67-7317c466c16b-dn-CertificateRenewerService] INFO  client.DNCertificateClient (DefaultCertificateClient.java:run(1457)) - Current certificate 271641 needs to be renewed remaining grace period PT0S. Forced renewal due to root ca rotation: false.
2024-04-16 15:24:45,463 [ca78ff82-5f4d-4dc6-9d67-7317c466c16b-dn-CertificateRenewerService] INFO  ozone.OzoneSecurityUtil (OzoneSecurityUtil.java:getValidInetsForCurrentHost(116)) - Adding ip:fe80:0:0:0:20d:3aff:fe1b:d32f%eth0,host:fe80:0:0:0:20d:3aff:fe1b:d32f%eth0
2024-04-16 15:24:45,463 [ca78ff82-5f4d-4dc6-9d67-7317c466c16b-dn-CertificateRenewerService] INFO  ozone.OzoneSecurityUtil (OzoneSecurityUtil.java:getValidInetsForCurrentHost(116)) - Adding ip:10.1.0.30,host:fv-az699-832.gws2011vpwuupmkks00dozwttg.bx.internal.cloudapp.net
2024-04-16 15:24:45,464 [ca78ff82-5f4d-4dc6-9d67-7317c466c16b-dn-CertificateRenewerService] INFO  ozone.OzoneSecurityUtil (OzoneSecurityUtil.java:getValidInetsForCurrentHost(116)) - Adding ip:0:0:0:0:0:0:0:1%lo,host:localhost
2024-04-16 15:24:45,464 [ca78ff82-5f4d-4dc6-9d67-7317c466c16b-dn-CertificateRenewerService] INFO  ozone.OzoneSecurityUtil (OzoneSecurityUtil.java:getValidInetsForCurrentHost(119)) - ip:127.0.0.1 not returned.
2024-04-16 15:24:45,464 [ca78ff82-5f4d-4dc6-9d67-7317c466c16b-dn-CertificateRenewerService] ERROR client.DNCertificateClient (DefaultCertificateClient.java:run(1473)) - Failed to renew and store key and cert. Keep using existing certificates.
org.apache.hadoop.hdds.security.x509.exception.CertificateException: Error while signing and storing new certificates.
	at org.apache.hadoop.hdds.security.x509.certificate.client.DefaultCertificateClient.renewAndStoreKeyAndCertificate(DefaultCertificateClient.java:1155)
	at org.apache.hadoop.hdds.security.x509.certificate.client.DefaultCertificateClient$CertificateRenewerService.run(DefaultCertificateClient.java:1462)
	at java.util.concurrent.Executors$RunnableAdapter.call(Executors.java:511)
	at java.util.concurrent.FutureTask.runAndReset(FutureTask.java:308)
	at java.util.concurrent.ScheduledThreadPoolExecutor$ScheduledFutureTask.access$301(ScheduledThreadPoolExecutor.java:180)
	at java.util.concurrent.ScheduledThreadPoolExecutor$ScheduledFutureTask.run(ScheduledThreadPoolExecutor.java:294)
	at java.util.concurrent.ThreadPoolExecutor.runWorker(ThreadPoolExecutor.java:1149)
	at java.util.concurrent.ThreadPoolExecutor$Worker.run(ThreadPoolExecutor.java:624)
	at java.lang.Thread.run(Thread.java:750)
Caused by: java.lang.IllegalArgumentException: IP Address is invalid
	at org.bouncycastle.asn1.x509.GeneralName.<init>(Unknown Source)
	at org.apache.hadoop.hdds.security.x509.certificate.utils.CertificateSignRequest$Builder.addAltName(CertificateSignRequest.java:334)
	at org.apache.hadoop.hdds.security.x509.certificate.utils.CertificateSignRequest$Builder.addIpAddress(CertificateSignRequest.java:281)
	at org.apache.hadoop.hdds.security.x509.certificate.utils.CertificateSignRequest$Builder.lambda$addInetAddresses$0(CertificateSignRequest.java:306)
	at java.util.ArrayList.forEach(ArrayList.java:1259)
	at org.apache.hadoop.hdds.security.x509.certificate.utils.CertificateSignRequest$Builder.addInetAddresses(CertificateSignRequest.java:304)
	at org.apache.hadoop.hdds.security.x509.certificate.utils.CertificateSignRequest$Builder.addInetAddresses(CertificateSignRequest.java:292)
	at org.apache.hadoop.hdds.security.x509.certificate.client.DefaultCertificateClient.getCSRBuilder(DefaultCertificateClient.java:573)
	at org.apache.hadoop.hdds.security.x509.certificate.client.DNCertificateClient.getCSRBuilder(DNCertificateClient.java:75)
	at org.apache.hadoop.hdds.security.x509.certificate.client.DefaultCertificateClient.renewAndStoreKeyAndCertificate(DefaultCertificateClient.java:1150)
	... 8 more
2024-04-16 15:24:45,464 [ca78ff82-5f4d-4dc6-9d67-7317c466c16b-dn-CertificateRenewerService] INFO  client.DNCertificateClient (DefaultCertificateClient.java:run(1457)) - Current certificate 271641 needs to be renewed remaining grace period PT0S. Forced renewal due to root ca rotation: false.
2024-04-16 15:24:45,508 [ca78ff82-5f4d-4dc6-9d67-7317c466c16b-dn-CertificateRenewerService] INFO  ozone.OzoneSecurityUtil (OzoneSecurityUtil.java:getValidInetsForCurrentHost(116)) - Adding ip:fe80:0:0:0:20d:3aff:fe1b:d32f%eth0,host:fe80:0:0:0:20d:3aff:fe1b:d32f%eth0
2024-04-16 15:24:45,508 [ca78ff82-5f4d-4dc6-9d67-7317c466c16b-dn-CertificateRenewerService] INFO  ozone.OzoneSecurityUtil (OzoneSecurityUtil.java:getValidInetsForCurrentHost(116)) - Adding ip:10.1.0.30,host:fv-az699-832.gws2011vpwuupmkks00dozwttg.bx.internal.cloudapp.net
2024-04-16 15:24:45,508 [ca78ff82-5f4d-4dc6-9d67-7317c466c16b-dn-CertificateRenewerService] INFO  ozone.OzoneSecurityUtil (OzoneSecurityUtil.java:getValidInetsForCurrentHost(116)) - Adding ip:0:0:0:0:0:0:0:1%lo,host:localhost
2024-04-16 15:24:45,508 [ca78ff82-5f4d-4dc6-9d67-7317c466c16b-dn-CertificateRenewerService] INFO  ozone.OzoneSecurityUtil (OzoneSecurityUtil.java:getValidInetsForCurrentHost(119)) - ip:127.0.0.1 not returned.
2024-04-16 15:24:45,509 [ca78ff82-5f4d-4dc6-9d67-7317c466c16b-dn-CertificateRenewerService] ERROR client.DNCertificateClient (DefaultCertificateClient.java:run(1473)) - Failed to renew and store key and cert. Keep using existing certificates.
org.apache.hadoop.hdds.security.x509.exception.CertificateException: Error while signing and storing new certificates.
	at org.apache.hadoop.hdds.security.x509.certificate.client.DefaultCertificateClient.renewAndStoreKeyAndCertificate(DefaultCertificateClient.java:1155)
	at org.apache.hadoop.hdds.security.x509.certificate.client.DefaultCertificateClient$CertificateRenewerService.run(DefaultCertificateClient.java:1462)
	at java.util.concurrent.Executors$RunnableAdapter.call(Executors.java:511)
	at java.util.concurrent.FutureTask.runAndReset(FutureTask.java:308)
	at java.util.concurrent.ScheduledThreadPoolExecutor$ScheduledFutureTask.access$301(ScheduledThreadPoolExecutor.java:180)
	at java.util.concurrent.ScheduledThreadPoolExecutor$ScheduledFutureTask.run(ScheduledThreadPoolExecutor.java:294)
	at java.util.concurrent.ThreadPoolExecutor.runWorker(ThreadPoolExecutor.java:1149)
	at java.util.concurrent.ThreadPoolExecutor$Worker.run(ThreadPoolExecutor.java:624)
	at java.lang.Thread.run(Thread.java:750)
Caused by: java.lang.IllegalArgumentException: IP Address is invalid
	at org.bouncycastle.asn1.x509.GeneralName.<init>(Unknown Source)
	at org.apache.hadoop.hdds.security.x509.certificate.utils.CertificateSignRequest$Builder.addAltName(CertificateSignRequest.java:334)
	at org.apache.hadoop.hdds.security.x509.certificate.utils.CertificateSignRequest$Builder.addIpAddress(CertificateSignRequest.java:281)
	at org.apache.hadoop.hdds.security.x509.certificate.utils.CertificateSignRequest$Builder.lambda$addInetAddresses$0(CertificateSignRequest.java:306)
	at java.util.ArrayList.forEach(ArrayList.java:1259)
	at org.apache.hadoop.hdds.security.x509.certificate.utils.CertificateSignRequest$Builder.addInetAddresses(CertificateSignRequest.java:304)
	at org.apache.hadoop.hdds.security.x509.certificate.utils.CertificateSignRequest$Builder.addInetAddresses(CertificateSignRequest.java:292)
	at org.apache.hadoop.hdds.security.x509.certificate.client.DefaultCertificateClient.getCSRBuilder(DefaultCertificateClient.java:573)
	at org.apache.hadoop.hdds.security.x509.certificate.client.DNCertificateClient.getCSRBuilder(DNCertificateClient.java:75)
	at org.apache.hadoop.hdds.security.x509.certificate.client.DefaultCertificateClient.renewAndStoreKeyAndCertificate(DefaultCertificateClient.java:1150)
	... 8 more
2024-04-16 15:24:46,667 [ca78ff82-5f4d-4dc6-9d67-7317c466c16b-dn-CertificateRenewerService] INFO  client.DNCertificateClient (DefaultCertificateClient.java:run(1457)) - Current certificate 271641 needs to be renewed remaining grace period PT0S. Forced renewal due to root ca rotation: false.
2024-04-16 15:24:46,821 [ca78ff82-5f4d-4dc6-9d67-7317c466c16b-dn-CertificateRenewerService] INFO  ozone.OzoneSecurityUtil (OzoneSecurityUtil.java:getValidInetsForCurrentHost(116)) - Adding ip:fe80:0:0:0:20d:3aff:fe1b:d32f%eth0,host:fe80:0:0:0:20d:3aff:fe1b:d32f%eth0
2024-04-16 15:24:46,821 [ca78ff82-5f4d-4dc6-9d67-7317c466c16b-dn-CertificateRenewerService] INFO  ozone.OzoneSecurityUtil (OzoneSecurityUtil.java:getValidInetsForCurrentHost(116)) - Adding ip:10.1.0.30,host:fv-az699-832.gws2011vpwuupmkks00dozwttg.bx.internal.cloudapp.net
2024-04-16 15:24:46,821 [ca78ff82-5f4d-4dc6-9d67-7317c466c16b-dn-CertificateRenewerService] INFO  ozone.OzoneSecurityUtil (OzoneSecurityUtil.java:getValidInetsForCurrentHost(116)) - Adding ip:0:0:0:0:0:0:0:1%lo,host:localhost
2024-04-16 15:24:46,821 [ca78ff82-5f4d-4dc6-9d67-7317c466c16b-dn-CertificateRenewerService] INFO  ozone.OzoneSecurityUtil (OzoneSecurityUtil.java:getValidInetsForCurrentHost(119)) - ip:127.0.0.1 not returned.
2024-04-16 15:24:46,821 [ca78ff82-5f4d-4dc6-9d67-7317c466c16b-dn-CertificateRenewerService] ERROR client.DNCertificateClient (DefaultCertificateClient.java:run(1473)) - Failed to renew and store key and cert. Keep using existing certificates.
org.apache.hadoop.hdds.security.x509.exception.CertificateException: Error while signing and storing new certificates.
	at org.apache.hadoop.hdds.security.x509.certificate.client.DefaultCertificateClient.renewAndStoreKeyAndCertificate(DefaultCertificateClient.java:1155)
	at org.apache.hadoop.hdds.security.x509.certificate.client.DefaultCertificateClient$CertificateRenewerService.run(DefaultCertificateClient.java:1462)
	at java.util.concurrent.Executors$RunnableAdapter.call(Executors.java:511)
	at java.util.concurrent.FutureTask.runAndReset(FutureTask.java:308)
	at java.util.concurrent.ScheduledThreadPoolExecutor$ScheduledFutureTask.access$301(ScheduledThreadPoolExecutor.java:180)
	at java.util.concurrent.ScheduledThreadPoolExecutor$ScheduledFutureTask.run(ScheduledThreadPoolExecutor.java:294)
	at java.util.concurrent.ThreadPoolExecutor.runWorker(ThreadPoolExecutor.java:1149)
	at java.util.concurrent.ThreadPoolExecutor$Worker.run(ThreadPoolExecutor.java:624)
	at java.lang.Thread.run(Thread.java:750)
Caused by: java.lang.IllegalArgumentException: IP Address is invalid
	at org.bouncycastle.asn1.x509.GeneralName.<init>(Unknown Source)
	at org.apache.hadoop.hdds.security.x509.certificate.utils.CertificateSignRequest$Builder.addAltName(CertificateSignRequest.java:334)
	at org.apache.hadoop.hdds.security.x509.certificate.utils.CertificateSignRequest$Builder.addIpAddress(CertificateSignRequest.java:281)
	at org.apache.hadoop.hdds.security.x509.certificate.utils.CertificateSignRequest$Builder.lambda$addInetAddresses$0(CertificateSignRequest.java:306)
	at java.util.ArrayList.forEach(ArrayList.java:1259)
	at org.apache.hadoop.hdds.security.x509.certificate.utils.CertificateSignRequest$Builder.addInetAddresses(CertificateSignRequest.java:304)
	at org.apache.hadoop.hdds.security.x509.certificate.utils.CertificateSignRequest$Builder.addInetAddresses(CertificateSignRequest.java:292)
	at org.apache.hadoop.hdds.security.x509.certificate.client.DefaultCertificateClient.getCSRBuilder(DefaultCertificateClient.java:573)
	at org.apache.hadoop.hdds.security.x509.certificate.client.DNCertificateClient.getCSRBuilder(DNCertificateClient.java:75)
	at org.apache.hadoop.hdds.security.x509.certificate.client.DefaultCertificateClient.renewAndStoreKeyAndCertificate(DefaultCertificateClient.java:1150)
	... 8 more
2024-04-16 15:24:46,822 [ca78ff82-5f4d-4dc6-9d67-7317c466c16b-dn-CertificateRenewerService] INFO  client.DNCertificateClient (DefaultCertificateClient.java:run(1457)) - Current certificate 271641 needs to be renewed remaining grace period PT0S. Forced renewal due to root ca rotation: false.
2024-04-16 15:24:47,088 [ca78ff82-5f4d-4dc6-9d67-7317c466c16b-dn-CertificateRenewerService] INFO  ozone.OzoneSecurityUtil (OzoneSecurityUtil.java:getValidInetsForCurrentHost(116)) - Adding ip:fe80:0:0:0:20d:3aff:fe1b:d32f%eth0,host:fe80:0:0:0:20d:3aff:fe1b:d32f%eth0
2024-04-16 15:24:47,088 [ca78ff82-5f4d-4dc6-9d67-7317c466c16b-dn-CertificateRenewerService] INFO  ozone.OzoneSecurityUtil (OzoneSecurityUtil.java:getValidInetsForCurrentHost(116)) - Adding ip:10.1.0.30,host:fv-az699-832.gws2011vpwuupmkks00dozwttg.bx.internal.cloudapp.net
2024-04-16 15:24:47,088 [ca78ff82-5f4d-4dc6-9d67-7317c466c16b-dn-CertificateRenewerService] INFO  ozone.OzoneSecurityUtil (OzoneSecurityUtil.java:getValidInetsForCurrentHost(116)) - Adding ip:0:0:0:0:0:0:0:1%lo,host:localhost
2024-04-16 15:24:47,088 [ca78ff82-5f4d-4dc6-9d67-7317c466c16b-dn-CertificateRenewerService] INFO  ozone.OzoneSecurityUtil (OzoneSecurityUtil.java:getValidInetsForCurrentHost(119)) - ip:127.0.0.1 not returned.
2024-04-16 15:24:47,088 [ca78ff82-5f4d-4dc6-9d67-7317c466c16b-dn-CertificateRenewerService] ERROR client.DNCertificateClient (DefaultCertificateClient.java:run(1473)) - Failed to renew and store key and cert. Keep using existing certificates.
org.apache.hadoop.hdds.security.x509.exception.CertificateException: Error while signing and storing new certificates.
	at org.apache.hadoop.hdds.security.x509.certificate.client.DefaultCertificateClient.renewAndStoreKeyAndCertificate(DefaultCertificateClient.java:1155)
	at org.apache.hadoop.hdds.security.x509.certificate.client.DefaultCertificateClient$CertificateRenewerService.run(DefaultCertificateClient.java:1462)
	at java.util.concurrent.Executors$RunnableAdapter.call(Executors.java:511)
	at java.util.concurrent.FutureTask.runAndReset(FutureTask.java:308)
	at java.util.concurrent.ScheduledThreadPoolExecutor$ScheduledFutureTask.access$301(ScheduledThreadPoolExecutor.java:180)
	at java.util.concurrent.ScheduledThreadPoolExecutor$ScheduledFutureTask.run(ScheduledThreadPoolExecutor.java:294)
	at java.util.concurrent.ThreadPoolExecutor.runWorker(ThreadPoolExecutor.java:1149)
	at java.util.concurrent.ThreadPoolExecutor$Worker.run(ThreadPoolExecutor.java:624)
	at java.lang.Thread.run(Thread.java:750)
Caused by: java.lang.IllegalArgumentException: IP Address is invalid
	at org.bouncycastle.asn1.x509.GeneralName.<init>(Unknown Source)
	at org.apache.hadoop.hdds.security.x509.certificate.utils.CertificateSignRequest$Builder.addAltName(CertificateSignRequest.java:334)
	at org.apache.hadoop.hdds.security.x509.certificate.utils.CertificateSignRequest$Builder.addIpAddress(CertificateSignRequest.java:281)
	at org.apache.hadoop.hdds.security.x509.certificate.utils.CertificateSignRequest$Builder.lambda$addInetAddresses$0(CertificateSignRequest.java:306)
	at java.util.ArrayList.forEach(ArrayList.java:1259)
	at org.apache.hadoop.hdds.security.x509.certificate.utils.CertificateSignRequest$Builder.addInetAddresses(CertificateSignRequest.java:304)
	at org.apache.hadoop.hdds.security.x509.certificate.utils.CertificateSignRequest$Builder.addInetAddresses(CertificateSignRequest.java:292)
	at org.apache.hadoop.hdds.security.x509.certificate.client.DefaultCertificateClient.getCSRBuilder(DefaultCertificateClient.java:573)
	at org.apache.hadoop.hdds.security.x509.certificate.client.DNCertificateClient.getCSRBuilder(DNCertificateClient.java:75)
	at org.apache.hadoop.hdds.security.x509.certificate.client.DefaultCertificateClient.renewAndStoreKeyAndCertificate(DefaultCertificateClient.java:1150)
	... 8 more
2024-04-16 15:24:48,333 [ca78ff82-5f4d-4dc6-9d67-7317c466c16b-dn-CertificateRenewerService] INFO  client.DNCertificateClient (DefaultCertificateClient.java:run(1457)) - Current certificate 271641 needs to be renewed remaining grace period PT0S. Forced renewal due to root ca rotation: false.
2024-04-16 15:24:48,485 [ca78ff82-5f4d-4dc6-9d67-7317c466c16b-dn-CertificateRenewerService] INFO  ozone.OzoneSecurityUtil (OzoneSecurityUtil.java:getValidInetsForCurrentHost(116)) - Adding ip:fe80:0:0:0:20d:3aff:fe1b:d32f%eth0,host:fe80:0:0:0:20d:3aff:fe1b:d32f%eth0
2024-04-16 15:24:48,485 [ca78ff82-5f4d-4dc6-9d67-7317c466c16b-dn-CertificateRenewerService] INFO  ozone.OzoneSecurityUtil (OzoneSecurityUtil.java:getValidInetsForCurrentHost(116)) - Adding ip:10.1.0.30,host:fv-az699-832.gws2011vpwuupmkks00dozwttg.bx.internal.cloudapp.net
2024-04-16 15:24:48,485 [ca78ff82-5f4d-4dc6-9d67-7317c466c16b-dn-CertificateRenewerService] INFO  ozone.OzoneSecurityUtil (OzoneSecurityUtil.java:getValidInetsForCurrentHost(116)) - Adding ip:0:0:0:0:0:0:0:1%lo,host:localhost
2024-04-16 15:24:48,486 [ca78ff82-5f4d-4dc6-9d67-7317c466c16b-dn-CertificateRenewerService] INFO  ozone.OzoneSecurityUtil (OzoneSecurityUtil.java:getValidInetsForCurrentHost(119)) - ip:127.0.0.1 not returned.
2024-04-16 15:24:48,486 [ca78ff82-5f4d-4dc6-9d67-7317c466c16b-dn-CertificateRenewerService] ERROR client.DNCertificateClient (DefaultCertificateClient.java:run(1473)) - Failed to renew and store key and cert. Keep using existing certificates.
org.apache.hadoop.hdds.security.x509.exception.CertificateException: Error while signing and storing new certificates.
	at org.apache.hadoop.hdds.security.x509.certificate.client.DefaultCertificateClient.renewAndStoreKeyAndCertificate(DefaultCertificateClient.java:1155)
	at org.apache.hadoop.hdds.security.x509.certificate.client.DefaultCertificateClient$CertificateRenewerService.run(DefaultCertificateClient.java:1462)
	at java.util.concurrent.Executors$RunnableAdapter.call(Executors.java:511)
	at java.util.concurrent.FutureTask.runAndReset(FutureTask.java:308)
	at java.util.concurrent.ScheduledThreadPoolExecutor$ScheduledFutureTask.access$301(ScheduledThreadPoolExecutor.java:180)
	at java.util.concurrent.ScheduledThreadPoolExecutor$ScheduledFutureTask.run(ScheduledThreadPoolExecutor.java:294)
	at java.util.concurrent.ThreadPoolExecutor.runWorker(ThreadPoolExecutor.java:1149)
	at java.util.concurrent.ThreadPoolExecutor$Worker.run(ThreadPoolExecutor.java:624)
	at java.lang.Thread.run(Thread.java:750)
Caused by: java.lang.IllegalArgumentException: IP Address is invalid
	at org.bouncycastle.asn1.x509.GeneralName.<init>(Unknown Source)
	at org.apache.hadoop.hdds.security.x509.certificate.utils.CertificateSignRequest$Builder.addAltName(CertificateSignRequest.java:334)
	at org.apache.hadoop.hdds.security.x509.certificate.utils.CertificateSignRequest$Builder.addIpAddress(CertificateSignRequest.java:281)
	at org.apache.hadoop.hdds.security.x509.certificate.utils.CertificateSignRequest$Builder.lambda$addInetAddresses$0(CertificateSignRequest.java:306)
	at java.util.ArrayList.forEach(ArrayList.java:1259)
	at org.apache.hadoop.hdds.security.x509.certificate.utils.CertificateSignRequest$Builder.addInetAddresses(CertificateSignRequest.java:304)
	at org.apache.hadoop.hdds.security.x509.certificate.utils.CertificateSignRequest$Builder.addInetAddresses(CertificateSignRequest.java:292)
	at org.apache.hadoop.hdds.security.x509.certificate.client.DefaultCertificateClient.getCSRBuilder(DefaultCertificateClient.java:573)
	at org.apache.hadoop.hdds.security.x509.certificate.client.DNCertificateClient.getCSRBuilder(DNCertificateClient.java:75)
	at org.apache.hadoop.hdds.security.x509.certificate.client.DefaultCertificateClient.renewAndStoreKeyAndCertificate(DefaultCertificateClient.java:1150)
	... 8 more
2024-04-16 15:24:48,486 [ca78ff82-5f4d-4dc6-9d67-7317c466c16b-dn-CertificateRenewerService] INFO  client.DNCertificateClient (DefaultCertificateClient.java:run(1457)) - Current certificate 271641 needs to be renewed remaining grace period PT0S. Forced renewal due to root ca rotation: false.
2024-04-16 15:24:48,586 [ca78ff82-5f4d-4dc6-9d67-7317c466c16b-dn-CertificateRenewerService] INFO  ozone.OzoneSecurityUtil (OzoneSecurityUtil.java:getValidInetsForCurrentHost(116)) - Adding ip:fe80:0:0:0:20d:3aff:fe1b:d32f%eth0,host:fe80:0:0:0:20d:3aff:fe1b:d32f%eth0
2024-04-16 15:24:48,586 [ca78ff82-5f4d-4dc6-9d67-7317c466c16b-dn-CertificateRenewerService] INFO  ozone.OzoneSecurityUtil (OzoneSecurityUtil.java:getValidInetsForCurrentHost(116)) - Adding ip:10.1.0.30,host:fv-az699-832.gws2011vpwuupmkks00dozwttg.bx.internal.cloudapp.net
2024-04-16 15:24:48,586 [ca78ff82-5f4d-4dc6-9d67-7317c466c16b-dn-CertificateRenewerService] INFO  ozone.OzoneSecurityUtil (OzoneSecurityUtil.java:getValidInetsForCurrentHost(116)) - Adding ip:0:0:0:0:0:0:0:1%lo,host:localhost
2024-04-16 15:24:48,586 [ca78ff82-5f4d-4dc6-9d67-7317c466c16b-dn-CertificateRenewerService] INFO  ozone.OzoneSecurityUtil (OzoneSecurityUtil.java:getValidInetsForCurrentHost(119)) - ip:127.0.0.1 not returned.
2024-04-16 15:24:48,586 [ca78ff82-5f4d-4dc6-9d67-7317c466c16b-dn-CertificateRenewerService] ERROR client.DNCertificateClient (DefaultCertificateClient.java:run(1473)) - Failed to renew and store key and cert. Keep using existing certificates.
org.apache.hadoop.hdds.security.x509.exception.CertificateException: Error while signing and storing new certificates.
	at org.apache.hadoop.hdds.security.x509.certificate.client.DefaultCertificateClient.renewAndStoreKeyAndCertificate(DefaultCertificateClient.java:1155)
	at org.apache.hadoop.hdds.security.x509.certificate.client.DefaultCertificateClient$CertificateRenewerService.run(DefaultCertificateClient.java:1462)
	at java.util.concurrent.Executors$RunnableAdapter.call(Executors.java:511)
	at java.util.concurrent.FutureTask.runAndReset(FutureTask.java:308)
	at java.util.concurrent.ScheduledThreadPoolExecutor$ScheduledFutureTask.access$301(ScheduledThreadPoolExecutor.java:180)
	at java.util.concurrent.ScheduledThreadPoolExecutor$ScheduledFutureTask.run(ScheduledThreadPoolExecutor.java:294)
	at java.util.concurrent.ThreadPoolExecutor.runWorker(ThreadPoolExecutor.java:1149)
	at java.util.concurrent.ThreadPoolExecutor$Worker.run(ThreadPoolExecutor.java:624)
	at java.lang.Thread.run(Thread.java:750)
Caused by: java.lang.IllegalArgumentException: IP Address is invalid
	at org.bouncycastle.asn1.x509.GeneralName.<init>(Unknown Source)
	at org.apache.hadoop.hdds.security.x509.certificate.utils.CertificateSignRequest$Builder.addAltName(CertificateSignRequest.java:334)
	at org.apache.hadoop.hdds.security.x509.certificate.utils.CertificateSignRequest$Builder.addIpAddress(CertificateSignRequest.java:281)
	at org.apache.hadoop.hdds.security.x509.certificate.utils.CertificateSignRequest$Builder.lambda$addInetAddresses$0(CertificateSignRequest.java:306)
	at java.util.ArrayList.forEach(ArrayList.java:1259)
	at org.apache.hadoop.hdds.security.x509.certificate.utils.CertificateSignRequest$Builder.addInetAddresses(CertificateSignRequest.java:304)
	at org.apache.hadoop.hdds.security.x509.certificate.utils.CertificateSignRequest$Builder.addInetAddresses(CertificateSignRequest.java:292)
	at org.apache.hadoop.hdds.security.x509.certificate.client.DefaultCertificateClient.getCSRBuilder(DefaultCertificateClient.java:573)
	at org.apache.hadoop.hdds.security.x509.certificate.client.DNCertificateClient.getCSRBuilder(DNCertificateClient.java:75)
	at org.apache.hadoop.hdds.security.x509.certificate.client.DefaultCertificateClient.renewAndStoreKeyAndCertificate(DefaultCertificateClient.java:1150)
	... 8 more
2024-04-16 15:24:49,999 [ca78ff82-5f4d-4dc6-9d67-7317c466c16b-dn-CertificateRenewerService] INFO  client.DNCertificateClient (DefaultCertificateClient.java:run(1457)) - Current certificate 271641 needs to be renewed remaining grace period PT0S. Forced renewal due to root ca rotation: false.
2024-04-16 15:24:50,306 [ca78ff82-5f4d-4dc6-9d67-7317c466c16b-dn-CertificateRenewerService] INFO  ozone.OzoneSecurityUtil (OzoneSecurityUtil.java:getValidInetsForCurrentHost(116)) - Adding ip:fe80:0:0:0:20d:3aff:fe1b:d32f%eth0,host:fe80:0:0:0:20d:3aff:fe1b:d32f%eth0
2024-04-16 15:24:50,306 [ca78ff82-5f4d-4dc6-9d67-7317c466c16b-dn-CertificateRenewerService] INFO  ozone.OzoneSecurityUtil (OzoneSecurityUtil.java:getValidInetsForCurrentHost(116)) - Adding ip:10.1.0.30,host:fv-az699-832.gws2011vpwuupmkks00dozwttg.bx.internal.cloudapp.net
2024-04-16 15:24:50,306 [ca78ff82-5f4d-4dc6-9d67-7317c466c16b-dn-CertificateRenewerService] INFO  ozone.OzoneSecurityUtil (OzoneSecurityUtil.java:getValidInetsForCurrentHost(116)) - Adding ip:0:0:0:0:0:0:0:1%lo,host:localhost
2024-04-16 15:24:50,306 [ca78ff82-5f4d-4dc6-9d67-7317c466c16b-dn-CertificateRenewerService] INFO  ozone.OzoneSecurityUtil (OzoneSecurityUtil.java:getValidInetsForCurrentHost(119)) - ip:127.0.0.1 not returned.
2024-04-16 15:24:50,306 [ca78ff82-5f4d-4dc6-9d67-7317c466c16b-dn-CertificateRenewerService] ERROR client.DNCertificateClient (DefaultCertificateClient.java:run(1473)) - Failed to renew and store key and cert. Keep using existing certificates.
org.apache.hadoop.hdds.security.x509.exception.CertificateException: Error while signing and storing new certificates.
	at org.apache.hadoop.hdds.security.x509.certificate.client.DefaultCertificateClient.renewAndStoreKeyAndCertificate(DefaultCertificateClient.java:1155)
	at org.apache.hadoop.hdds.security.x509.certificate.client.DefaultCertificateClient$CertificateRenewerService.run(DefaultCertificateClient.java:1462)
	at java.util.concurrent.Executors$RunnableAdapter.call(Executors.java:511)
	at java.util.concurrent.FutureTask.runAndReset(FutureTask.java:308)
	at java.util.concurrent.ScheduledThreadPoolExecutor$ScheduledFutureTask.access$301(ScheduledThreadPoolExecutor.java:180)
	at java.util.concurrent.ScheduledThreadPoolExecutor$ScheduledFutureTask.run(ScheduledThreadPoolExecutor.java:294)
	at java.util.concurrent.ThreadPoolExecutor.runWorker(ThreadPoolExecutor.java:1149)
	at java.util.concurrent.ThreadPoolExecutor$Worker.run(ThreadPoolExecutor.java:624)
	at java.lang.Thread.run(Thread.java:750)
Caused by: java.lang.IllegalArgumentException: IP Address is invalid
	at org.bouncycastle.asn1.x509.GeneralName.<init>(Unknown Source)
	at org.apache.hadoop.hdds.security.x509.certificate.utils.CertificateSignRequest$Builder.addAltName(CertificateSignRequest.java:334)
	at org.apache.hadoop.hdds.security.x509.certificate.utils.CertificateSignRequest$Builder.addIpAddress(CertificateSignRequest.java:281)
	at org.apache.hadoop.hdds.security.x509.certificate.utils.CertificateSignRequest$Builder.lambda$addInetAddresses$0(CertificateSignRequest.java:306)
	at java.util.ArrayList.forEach(ArrayList.java:1259)
	at org.apache.hadoop.hdds.security.x509.certificate.utils.CertificateSignRequest$Builder.addInetAddresses(CertificateSignRequest.java:304)
	at org.apache.hadoop.hdds.security.x509.certificate.utils.CertificateSignRequest$Builder.addInetAddresses(CertificateSignRequest.java:292)
	at org.apache.hadoop.hdds.security.x509.certificate.client.DefaultCertificateClient.getCSRBuilder(DefaultCertificateClient.java:573)
	at org.apache.hadoop.hdds.security.x509.certificate.client.DNCertificateClient.getCSRBuilder(DNCertificateClient.java:75)
	at org.apache.hadoop.hdds.security.x509.certificate.client.DefaultCertificateClient.renewAndStoreKeyAndCertificate(DefaultCertificateClient.java:1150)
	... 8 more
2024-04-16 15:24:50,307 [ca78ff82-5f4d-4dc6-9d67-7317c466c16b-dn-CertificateRenewerService] INFO  client.DNCertificateClient (DefaultCertificateClient.java:run(1457)) - Current certificate 271641 needs to be renewed remaining grace period PT0S. Forced renewal due to root ca rotation: false.
2024-04-16 15:24:50,443 [ca78ff82-5f4d-4dc6-9d67-7317c466c16b-dn-CertificateRenewerService] INFO  ozone.OzoneSecurityUtil (OzoneSecurityUtil.java:getValidInetsForCurrentHost(116)) - Adding ip:fe80:0:0:0:20d:3aff:fe1b:d32f%eth0,host:fe80:0:0:0:20d:3aff:fe1b:d32f%eth0
2024-04-16 15:24:50,444 [ca78ff82-5f4d-4dc6-9d67-7317c466c16b-dn-CertificateRenewerService] INFO  ozone.OzoneSecurityUtil (OzoneSecurityUtil.java:getValidInetsForCurrentHost(116)) - Adding ip:10.1.0.30,host:fv-az699-832.gws2011vpwuupmkks00dozwttg.bx.internal.cloudapp.net
2024-04-16 15:24:50,444 [ca78ff82-5f4d-4dc6-9d67-7317c466c16b-dn-CertificateRenewerService] INFO  ozone.OzoneSecurityUtil (OzoneSecurityUtil.java:getValidInetsForCurrentHost(116)) - Adding ip:0:0:0:0:0:0:0:1%lo,host:localhost
2024-04-16 15:24:50,444 [ca78ff82-5f4d-4dc6-9d67-7317c466c16b-dn-CertificateRenewerService] INFO  ozone.OzoneSecurityUtil (OzoneSecurityUtil.java:getValidInetsForCurrentHost(119)) - ip:127.0.0.1 not returned.
2024-04-16 15:24:50,444 [ca78ff82-5f4d-4dc6-9d67-7317c466c16b-dn-CertificateRenewerService] ERROR client.DNCertificateClient (DefaultCertificateClient.java:run(1473)) - Failed to renew and store key and cert. Keep using existing certificates.
org.apache.hadoop.hdds.security.x509.exception.CertificateException: Error while signing and storing new certificates.
	at org.apache.hadoop.hdds.security.x509.certificate.client.DefaultCertificateClient.renewAndStoreKeyAndCertificate(DefaultCertificateClient.java:1155)
	at org.apache.hadoop.hdds.security.x509.certificate.client.DefaultCertificateClient$CertificateRenewerService.run(DefaultCertificateClient.java:1462)
	at java.util.concurrent.Executors$RunnableAdapter.call(Executors.java:511)
	at java.util.concurrent.FutureTask.runAndReset(FutureTask.java:308)
	at java.util.concurrent.ScheduledThreadPoolExecutor$ScheduledFutureTask.access$301(ScheduledThreadPoolExecutor.java:180)
	at java.util.concurrent.ScheduledThreadPoolExecutor$ScheduledFutureTask.run(ScheduledThreadPoolExecutor.java:294)
	at java.util.concurrent.ThreadPoolExecutor.runWorker(ThreadPoolExecutor.java:1149)
	at java.util.concurrent.ThreadPoolExecutor$Worker.run(ThreadPoolExecutor.java:624)
	at java.lang.Thread.run(Thread.java:750)
Caused by: java.lang.IllegalArgumentException: IP Address is invalid
	at org.bouncycastle.asn1.x509.GeneralName.<init>(Unknown Source)
	at org.apache.hadoop.hdds.security.x509.certificate.utils.CertificateSignRequest$Builder.addAltName(CertificateSignRequest.java:334)
	at org.apache.hadoop.hdds.security.x509.certificate.utils.CertificateSignRequest$Builder.addIpAddress(CertificateSignRequest.java:281)
	at org.apache.hadoop.hdds.security.x509.certificate.utils.CertificateSignRequest$Builder.lambda$addInetAddresses$0(CertificateSignRequest.java:306)
	at java.util.ArrayList.forEach(ArrayList.java:1259)
	at org.apache.hadoop.hdds.security.x509.certificate.utils.CertificateSignRequest$Builder.addInetAddresses(CertificateSignRequest.java:304)
	at org.apache.hadoop.hdds.security.x509.certificate.utils.CertificateSignRequest$Builder.addInetAddresses(CertificateSignRequest.java:292)
	at org.apache.hadoop.hdds.security.x509.certificate.client.DefaultCertificateClient.getCSRBuilder(DefaultCertificateClient.java:573)
	at org.apache.hadoop.hdds.security.x509.certificate.client.DNCertificateClient.getCSRBuilder(DNCertificateClient.java:75)
	at org.apache.hadoop.hdds.security.x509.certificate.client.DefaultCertificateClient.renewAndStoreKeyAndCertificate(DefaultCertificateClient.java:1150)
	... 8 more
2024-04-16 15:24:50,619 [main] INFO  utils.SelfSignedCertificate (SelfSignedCertificate.java:generateCertificate(157)) - Certificate 286681 is issued by CN=localhost,OU=test,O=cluster,SERIALNUMBER=286681 to CN=localhost,OU=test,O=cluster,SERIALNUMBER=286681, valid from Tue Apr 16 15:24:50 UTC 2024 to Tue Apr 16 15:25:05 UTC 2024
2024-04-16 15:24:51,665 [ca78ff82-5f4d-4dc6-9d67-7317c466c16b-dn-CertificateRenewerService] INFO  client.DNCertificateClient (DefaultCertificateClient.java:run(1457)) - Current certificate 271641 needs to be renewed remaining grace period PT0S. Forced renewal due to root ca rotation: false.
2024-04-16 15:24:51,735 [ca78ff82-5f4d-4dc6-9d67-7317c466c16b-dn-CertificateRenewerService] INFO  ozone.OzoneSecurityUtil (OzoneSecurityUtil.java:getValidInetsForCurrentHost(116)) - Adding ip:fe80:0:0:0:20d:3aff:fe1b:d32f%eth0,host:fe80:0:0:0:20d:3aff:fe1b:d32f%eth0
2024-04-16 15:24:51,735 [ca78ff82-5f4d-4dc6-9d67-7317c466c16b-dn-CertificateRenewerService] INFO  ozone.OzoneSecurityUtil (OzoneSecurityUtil.java:getValidInetsForCurrentHost(116)) - Adding ip:10.1.0.30,host:fv-az699-832.gws2011vpwuupmkks00dozwttg.bx.internal.cloudapp.net
2024-04-16 15:24:51,735 [ca78ff82-5f4d-4dc6-9d67-7317c466c16b-dn-CertificateRenewerService] INFO  ozone.OzoneSecurityUtil (OzoneSecurityUtil.java:getValidInetsForCurrentHost(116)) - Adding ip:0:0:0:0:0:0:0:1%lo,host:localhost
2024-04-16 15:24:51,735 [ca78ff82-5f4d-4dc6-9d67-7317c466c16b-dn-CertificateRenewerService] INFO  ozone.OzoneSecurityUtil (OzoneSecurityUtil.java:getValidInetsForCurrentHost(119)) - ip:127.0.0.1 not returned.
2024-04-16 15:24:51,735 [ca78ff82-5f4d-4dc6-9d67-7317c466c16b-dn-CertificateRenewerService] ERROR client.DNCertificateClient (DefaultCertificateClient.java:run(1473)) - Failed to renew and store key and cert. Keep using existing certificates.
org.apache.hadoop.hdds.security.x509.exception.CertificateException: Error while signing and storing new certificates.
	at org.apache.hadoop.hdds.security.x509.certificate.client.DefaultCertificateClient.renewAndStoreKeyAndCertificate(DefaultCertificateClient.java:1155)
	at org.apache.hadoop.hdds.security.x509.certificate.client.DefaultCertificateClient$CertificateRenewerService.run(DefaultCertificateClient.java:1462)
	at java.util.concurrent.Executors$RunnableAdapter.call(Executors.java:511)
	at java.util.concurrent.FutureTask.runAndReset(FutureTask.java:308)
	at java.util.concurrent.ScheduledThreadPoolExecutor$ScheduledFutureTask.access$301(ScheduledThreadPoolExecutor.java:180)
	at java.util.concurrent.ScheduledThreadPoolExecutor$ScheduledFutureTask.run(ScheduledThreadPoolExecutor.java:294)
	at java.util.concurrent.ThreadPoolExecutor.runWorker(ThreadPoolExecutor.java:1149)
	at java.util.concurrent.ThreadPoolExecutor$Worker.run(ThreadPoolExecutor.java:624)
	at java.lang.Thread.run(Thread.java:750)
Caused by: java.lang.IllegalArgumentException: IP Address is invalid
	at org.bouncycastle.asn1.x509.GeneralName.<init>(Unknown Source)
	at org.apache.hadoop.hdds.security.x509.certificate.utils.CertificateSignRequest$Builder.addAltName(CertificateSignRequest.java:334)
	at org.apache.hadoop.hdds.security.x509.certificate.utils.CertificateSignRequest$Builder.addIpAddress(CertificateSignRequest.java:281)
	at org.apache.hadoop.hdds.security.x509.certificate.utils.CertificateSignRequest$Builder.lambda$addInetAddresses$0(CertificateSignRequest.java:306)
	at java.util.ArrayList.forEach(ArrayList.java:1259)
	at org.apache.hadoop.hdds.security.x509.certificate.utils.CertificateSignRequest$Builder.addInetAddresses(CertificateSignRequest.java:304)
	at org.apache.hadoop.hdds.security.x509.certificate.utils.CertificateSignRequest$Builder.addInetAddresses(CertificateSignRequest.java:292)
	at org.apache.hadoop.hdds.security.x509.certificate.client.DefaultCertificateClient.getCSRBuilder(DefaultCertificateClient.java:573)
	at org.apache.hadoop.hdds.security.x509.certificate.client.DNCertificateClient.getCSRBuilder(DNCertificateClient.java:75)
	at org.apache.hadoop.hdds.security.x509.certificate.client.DefaultCertificateClient.renewAndStoreKeyAndCertificate(DefaultCertificateClient.java:1150)
	... 8 more
2024-04-16 15:24:51,735 [ca78ff82-5f4d-4dc6-9d67-7317c466c16b-dn-CertificateRenewerService] INFO  client.DNCertificateClient (DefaultCertificateClient.java:run(1457)) - Current certificate 271641 needs to be renewed remaining grace period PT0S. Forced renewal due to root ca rotation: false.
2024-04-16 15:24:52,072 [ca78ff82-5f4d-4dc6-9d67-7317c466c16b-dn-CertificateRenewerService] INFO  ozone.OzoneSecurityUtil (OzoneSecurityUtil.java:getValidInetsForCurrentHost(116)) - Adding ip:fe80:0:0:0:20d:3aff:fe1b:d32f%eth0,host:fe80:0:0:0:20d:3aff:fe1b:d32f%eth0
2024-04-16 15:24:52,073 [ca78ff82-5f4d-4dc6-9d67-7317c466c16b-dn-CertificateRenewerService] INFO  ozone.OzoneSecurityUtil (OzoneSecurityUtil.java:getValidInetsForCurrentHost(116)) - Adding ip:10.1.0.30,host:fv-az699-832.gws2011vpwuupmkks00dozwttg.bx.internal.cloudapp.net
2024-04-16 15:24:52,073 [ca78ff82-5f4d-4dc6-9d67-7317c466c16b-dn-CertificateRenewerService] INFO  ozone.OzoneSecurityUtil (OzoneSecurityUtil.java:getValidInetsForCurrentHost(116)) - Adding ip:0:0:0:0:0:0:0:1%lo,host:localhost
2024-04-16 15:24:52,073 [ca78ff82-5f4d-4dc6-9d67-7317c466c16b-dn-CertificateRenewerService] INFO  ozone.OzoneSecurityUtil (OzoneSecurityUtil.java:getValidInetsForCurrentHost(119)) - ip:127.0.0.1 not returned.
2024-04-16 15:24:52,073 [ca78ff82-5f4d-4dc6-9d67-7317c466c16b-dn-CertificateRenewerService] ERROR client.DNCertificateClient (DefaultCertificateClient.java:run(1473)) - Failed to renew and store key and cert. Keep using existing certificates.
org.apache.hadoop.hdds.security.x509.exception.CertificateException: Error while signing and storing new certificates.
	at org.apache.hadoop.hdds.security.x509.certificate.client.DefaultCertificateClient.renewAndStoreKeyAndCertificate(DefaultCertificateClient.java:1155)
	at org.apache.hadoop.hdds.security.x509.certificate.client.DefaultCertificateClient$CertificateRenewerService.run(DefaultCertificateClient.java:1462)
	at java.util.concurrent.Executors$RunnableAdapter.call(Executors.java:511)
	at java.util.concurrent.FutureTask.runAndReset(FutureTask.java:308)
	at java.util.concurrent.ScheduledThreadPoolExecutor$ScheduledFutureTask.access$301(ScheduledThreadPoolExecutor.java:180)
	at java.util.concurrent.ScheduledThreadPoolExecutor$ScheduledFutureTask.run(ScheduledThreadPoolExecutor.java:294)
	at java.util.concurrent.ThreadPoolExecutor.runWorker(ThreadPoolExecutor.java:1149)
	at java.util.concurrent.ThreadPoolExecutor$Worker.run(ThreadPoolExecutor.java:624)
	at java.lang.Thread.run(Thread.java:750)
Caused by: java.lang.IllegalArgumentException: IP Address is invalid
	at org.bouncycastle.asn1.x509.GeneralName.<init>(Unknown Source)
	at org.apache.hadoop.hdds.security.x509.certificate.utils.CertificateSignRequest$Builder.addAltName(CertificateSignRequest.java:334)
	at org.apache.hadoop.hdds.security.x509.certificate.utils.CertificateSignRequest$Builder.addIpAddress(CertificateSignRequest.java:281)
	at org.apache.hadoop.hdds.security.x509.certificate.utils.CertificateSignRequest$Builder.lambda$addInetAddresses$0(CertificateSignRequest.java:306)
	at java.util.ArrayList.forEach(ArrayList.java:1259)
	at org.apache.hadoop.hdds.security.x509.certificate.utils.CertificateSignRequest$Builder.addInetAddresses(CertificateSignRequest.java:304)
	at org.apache.hadoop.hdds.security.x509.certificate.utils.CertificateSignRequest$Builder.addInetAddresses(CertificateSignRequest.java:292)
	at org.apache.hadoop.hdds.security.x509.certificate.client.DefaultCertificateClient.getCSRBuilder(DefaultCertificateClient.java:573)
	at org.apache.hadoop.hdds.security.x509.certificate.client.DNCertificateClient.getCSRBuilder(DNCertificateClient.java:75)
	at org.apache.hadoop.hdds.security.x509.certificate.client.DefaultCertificateClient.renewAndStoreKeyAndCertificate(DefaultCertificateClient.java:1150)
	... 8 more
2024-04-16 15:24:53,331 [ca78ff82-5f4d-4dc6-9d67-7317c466c16b-dn-CertificateRenewerService] INFO  client.DNCertificateClient (DefaultCertificateClient.java:run(1457)) - Current certificate 271641 needs to be renewed remaining grace period PT0S. Forced renewal due to root ca rotation: false.
2024-04-16 15:24:53,416 [ca78ff82-5f4d-4dc6-9d67-7317c466c16b-dn-CertificateRenewerService] INFO  ozone.OzoneSecurityUtil (OzoneSecurityUtil.java:getValidInetsForCurrentHost(116)) - Adding ip:fe80:0:0:0:20d:3aff:fe1b:d32f%eth0,host:fe80:0:0:0:20d:3aff:fe1b:d32f%eth0
2024-04-16 15:24:53,416 [ca78ff82-5f4d-4dc6-9d67-7317c466c16b-dn-CertificateRenewerService] INFO  ozone.OzoneSecurityUtil (OzoneSecurityUtil.java:getValidInetsForCurrentHost(116)) - Adding ip:10.1.0.30,host:fv-az699-832.gws2011vpwuupmkks00dozwttg.bx.internal.cloudapp.net
2024-04-16 15:24:53,416 [ca78ff82-5f4d-4dc6-9d67-7317c466c16b-dn-CertificateRenewerService] INFO  ozone.OzoneSecurityUtil (OzoneSecurityUtil.java:getValidInetsForCurrentHost(116)) - Adding ip:0:0:0:0:0:0:0:1%lo,host:localhost
2024-04-16 15:24:53,416 [ca78ff82-5f4d-4dc6-9d67-7317c466c16b-dn-CertificateRenewerService] INFO  ozone.OzoneSecurityUtil (OzoneSecurityUtil.java:getValidInetsForCurrentHost(119)) - ip:127.0.0.1 not returned.
2024-04-16 15:24:53,416 [ca78ff82-5f4d-4dc6-9d67-7317c466c16b-dn-CertificateRenewerService] ERROR client.DNCertificateClient (DefaultCertificateClient.java:run(1473)) - Failed to renew and store key and cert. Keep using existing certificates.
org.apache.hadoop.hdds.security.x509.exception.CertificateException: Error while signing and storing new certificates.
	at org.apache.hadoop.hdds.security.x509.certificate.client.DefaultCertificateClient.renewAndStoreKeyAndCertificate(DefaultCertificateClient.java:1155)
	at org.apache.hadoop.hdds.security.x509.certificate.client.DefaultCertificateClient$CertificateRenewerService.run(DefaultCertificateClient.java:1462)
	at java.util.concurrent.Executors$RunnableAdapter.call(Executors.java:511)
	at java.util.concurrent.FutureTask.runAndReset(FutureTask.java:308)
	at java.util.concurrent.ScheduledThreadPoolExecutor$ScheduledFutureTask.access$301(ScheduledThreadPoolExecutor.java:180)
	at java.util.concurrent.ScheduledThreadPoolExecutor$ScheduledFutureTask.run(ScheduledThreadPoolExecutor.java:294)
	at java.util.concurrent.ThreadPoolExecutor.runWorker(ThreadPoolExecutor.java:1149)
	at java.util.concurrent.ThreadPoolExecutor$Worker.run(ThreadPoolExecutor.java:624)
	at java.lang.Thread.run(Thread.java:750)
Caused by: java.lang.IllegalArgumentException: IP Address is invalid
	at org.bouncycastle.asn1.x509.GeneralName.<init>(Unknown Source)
	at org.apache.hadoop.hdds.security.x509.certificate.utils.CertificateSignRequest$Builder.addAltName(CertificateSignRequest.java:334)
	at org.apache.hadoop.hdds.security.x509.certificate.utils.CertificateSignRequest$Builder.addIpAddress(CertificateSignRequest.java:281)
	at org.apache.hadoop.hdds.security.x509.certificate.utils.CertificateSignRequest$Builder.lambda$addInetAddresses$0(CertificateSignRequest.java:306)
	at java.util.ArrayList.forEach(ArrayList.java:1259)
	at org.apache.hadoop.hdds.security.x509.certificate.utils.CertificateSignRequest$Builder.addInetAddresses(CertificateSignRequest.java:304)
	at org.apache.hadoop.hdds.security.x509.certificate.utils.CertificateSignRequest$Builder.addInetAddresses(CertificateSignRequest.java:292)
	at org.apache.hadoop.hdds.security.x509.certificate.client.DefaultCertificateClient.getCSRBuilder(DefaultCertificateClient.java:573)
	at org.apache.hadoop.hdds.security.x509.certificate.client.DNCertificateClient.getCSRBuilder(DNCertificateClient.java:75)
	at org.apache.hadoop.hdds.security.x509.certificate.client.DefaultCertificateClient.renewAndStoreKeyAndCertificate(DefaultCertificateClient.java:1150)
	... 8 more
2024-04-16 15:24:53,417 [ca78ff82-5f4d-4dc6-9d67-7317c466c16b-dn-CertificateRenewerService] INFO  client.DNCertificateClient (DefaultCertificateClient.java:run(1457)) - Current certificate 271641 needs to be renewed remaining grace period PT0S. Forced renewal due to root ca rotation: false.
2024-04-16 15:24:53,694 [ca78ff82-5f4d-4dc6-9d67-7317c466c16b-dn-CertificateRenewerService] INFO  ozone.OzoneSecurityUtil (OzoneSecurityUtil.java:getValidInetsForCurrentHost(116)) - Adding ip:fe80:0:0:0:20d:3aff:fe1b:d32f%eth0,host:fe80:0:0:0:20d:3aff:fe1b:d32f%eth0
2024-04-16 15:24:53,694 [ca78ff82-5f4d-4dc6-9d67-7317c466c16b-dn-CertificateRenewerService] INFO  ozone.OzoneSecurityUtil (OzoneSecurityUtil.java:getValidInetsForCurrentHost(116)) - Adding ip:10.1.0.30,host:fv-az699-832.gws2011vpwuupmkks00dozwttg.bx.internal.cloudapp.net
2024-04-16 15:24:53,694 [ca78ff82-5f4d-4dc6-9d67-7317c466c16b-dn-CertificateRenewerService] INFO  ozone.OzoneSecurityUtil (OzoneSecurityUtil.java:getValidInetsForCurrentHost(116)) - Adding ip:0:0:0:0:0:0:0:1%lo,host:localhost
2024-04-16 15:24:53,695 [ca78ff82-5f4d-4dc6-9d67-7317c466c16b-dn-CertificateRenewerService] INFO  ozone.OzoneSecurityUtil (OzoneSecurityUtil.java:getValidInetsForCurrentHost(119)) - ip:127.0.0.1 not returned.
2024-04-16 15:24:53,695 [ca78ff82-5f4d-4dc6-9d67-7317c466c16b-dn-CertificateRenewerService] ERROR client.DNCertificateClient (DefaultCertificateClient.java:run(1473)) - Failed to renew and store key and cert. Keep using existing certificates.
org.apache.hadoop.hdds.security.x509.exception.CertificateException: Error while signing and storing new certificates.
	at org.apache.hadoop.hdds.security.x509.certificate.client.DefaultCertificateClient.renewAndStoreKeyAndCertificate(DefaultCertificateClient.java:1155)
	at org.apache.hadoop.hdds.security.x509.certificate.client.DefaultCertificateClient$CertificateRenewerService.run(DefaultCertificateClient.java:1462)
	at java.util.concurrent.Executors$RunnableAdapter.call(Executors.java:511)
	at java.util.concurrent.FutureTask.runAndReset(FutureTask.java:308)
	at java.util.concurrent.ScheduledThreadPoolExecutor$ScheduledFutureTask.access$301(ScheduledThreadPoolExecutor.java:180)
	at java.util.concurrent.ScheduledThreadPoolExecutor$ScheduledFutureTask.run(ScheduledThreadPoolExecutor.java:294)
	at java.util.concurrent.ThreadPoolExecutor.runWorker(ThreadPoolExecutor.java:1149)
	at java.util.concurrent.ThreadPoolExecutor$Worker.run(ThreadPoolExecutor.java:624)
	at java.lang.Thread.run(Thread.java:750)
Caused by: java.lang.IllegalArgumentException: IP Address is invalid
	at org.bouncycastle.asn1.x509.GeneralName.<init>(Unknown Source)
	at org.apache.hadoop.hdds.security.x509.certificate.utils.CertificateSignRequest$Builder.addAltName(CertificateSignRequest.java:334)
	at org.apache.hadoop.hdds.security.x509.certificate.utils.CertificateSignRequest$Builder.addIpAddress(CertificateSignRequest.java:281)
	at org.apache.hadoop.hdds.security.x509.certificate.utils.CertificateSignRequest$Builder.lambda$addInetAddresses$0(CertificateSignRequest.java:306)
	at java.util.ArrayList.forEach(ArrayList.java:1259)
	at org.apache.hadoop.hdds.security.x509.certificate.utils.CertificateSignRequest$Builder.addInetAddresses(CertificateSignRequest.java:304)
	at org.apache.hadoop.hdds.security.x509.certificate.utils.CertificateSignRequest$Builder.addInetAddresses(CertificateSignRequest.java:292)
	at org.apache.hadoop.hdds.security.x509.certificate.client.DefaultCertificateClient.getCSRBuilder(DefaultCertificateClient.java:573)
	at org.apache.hadoop.hdds.security.x509.certificate.client.DNCertificateClient.getCSRBuilder(DNCertificateClient.java:75)
	at org.apache.hadoop.hdds.security.x509.certificate.client.DefaultCertificateClient.renewAndStoreKeyAndCertificate(DefaultCertificateClient.java:1150)
	... 8 more
2024-04-16 15:24:54,997 [ca78ff82-5f4d-4dc6-9d67-7317c466c16b-dn-CertificateRenewerService] INFO  client.DNCertificateClient (DefaultCertificateClient.java:run(1457)) - Current certificate 271641 needs to be renewed remaining grace period PT0S. Forced renewal due to root ca rotation: false.
2024-04-16 15:24:55,129 [ca78ff82-5f4d-4dc6-9d67-7317c466c16b-dn-CertificateRenewerService] INFO  ozone.OzoneSecurityUtil (OzoneSecurityUtil.java:getValidInetsForCurrentHost(116)) - Adding ip:fe80:0:0:0:20d:3aff:fe1b:d32f%eth0,host:fe80:0:0:0:20d:3aff:fe1b:d32f%eth0
2024-04-16 15:24:55,130 [ca78ff82-5f4d-4dc6-9d67-7317c466c16b-dn-CertificateRenewerService] INFO  ozone.OzoneSecurityUtil (OzoneSecurityUtil.java:getValidInetsForCurrentHost(116)) - Adding ip:10.1.0.30,host:fv-az699-832.gws2011vpwuupmkks00dozwttg.bx.internal.cloudapp.net
2024-04-16 15:24:55,130 [ca78ff82-5f4d-4dc6-9d67-7317c466c16b-dn-CertificateRenewerService] INFO  ozone.OzoneSecurityUtil (OzoneSecurityUtil.java:getValidInetsForCurrentHost(116)) - Adding ip:0:0:0:0:0:0:0:1%lo,host:localhost
2024-04-16 15:24:55,130 [ca78ff82-5f4d-4dc6-9d67-7317c466c16b-dn-CertificateRenewerService] INFO  ozone.OzoneSecurityUtil (OzoneSecurityUtil.java:getValidInetsForCurrentHost(119)) - ip:127.0.0.1 not returned.
2024-04-16 15:24:55,130 [ca78ff82-5f4d-4dc6-9d67-7317c466c16b-dn-CertificateRenewerService] ERROR client.DNCertificateClient (DefaultCertificateClient.java:run(1473)) - Failed to renew and store key and cert. Keep using existing certificates.
org.apache.hadoop.hdds.security.x509.exception.CertificateException: Error while signing and storing new certificates.
	at org.apache.hadoop.hdds.security.x509.certificate.client.DefaultCertificateClient.renewAndStoreKeyAndCertificate(DefaultCertificateClient.java:1155)
	at org.apache.hadoop.hdds.security.x509.certificate.client.DefaultCertificateClient$CertificateRenewerService.run(DefaultCertificateClient.java:1462)
	at java.util.concurrent.Executors$RunnableAdapter.call(Executors.java:511)
	at java.util.concurrent.FutureTask.runAndReset(FutureTask.java:308)
	at java.util.concurrent.ScheduledThreadPoolExecutor$ScheduledFutureTask.access$301(ScheduledThreadPoolExecutor.java:180)
	at java.util.concurrent.ScheduledThreadPoolExecutor$ScheduledFutureTask.run(ScheduledThreadPoolExecutor.java:294)
	at java.util.concurrent.ThreadPoolExecutor.runWorker(ThreadPoolExecutor.java:1149)
	at java.util.concurrent.ThreadPoolExecutor$Worker.run(ThreadPoolExecutor.java:624)
	at java.lang.Thread.run(Thread.java:750)
Caused by: java.lang.IllegalArgumentException: IP Address is invalid
	at org.bouncycastle.asn1.x509.GeneralName.<init>(Unknown Source)
	at org.apache.hadoop.hdds.security.x509.certificate.utils.CertificateSignRequest$Builder.addAltName(CertificateSignRequest.java:334)
	at org.apache.hadoop.hdds.security.x509.certificate.utils.CertificateSignRequest$Builder.addIpAddress(CertificateSignRequest.java:281)
	at org.apache.hadoop.hdds.security.x509.certificate.utils.CertificateSignRequest$Builder.lambda$addInetAddresses$0(CertificateSignRequest.java:306)
	at java.util.ArrayList.forEach(ArrayList.java:1259)
	at org.apache.hadoop.hdds.security.x509.certificate.utils.CertificateSignRequest$Builder.addInetAddresses(CertificateSignRequest.java:304)
	at org.apache.hadoop.hdds.security.x509.certificate.utils.CertificateSignRequest$Builder.addInetAddresses(CertificateSignRequest.java:292)
	at org.apache.hadoop.hdds.security.x509.certificate.client.DefaultCertificateClient.getCSRBuilder(DefaultCertificateClient.java:573)
	at org.apache.hadoop.hdds.security.x509.certificate.client.DNCertificateClient.getCSRBuilder(DNCertificateClient.java:75)
	at org.apache.hadoop.hdds.security.x509.certificate.client.DefaultCertificateClient.renewAndStoreKeyAndCertificate(DefaultCertificateClient.java:1150)
	... 8 more
2024-04-16 15:24:55,130 [ca78ff82-5f4d-4dc6-9d67-7317c466c16b-dn-CertificateRenewerService] INFO  client.DNCertificateClient (DefaultCertificateClient.java:run(1457)) - Current certificate 271641 needs to be renewed remaining grace period PT0S. Forced renewal due to root ca rotation: false.
2024-04-16 15:24:55,264 [ca78ff82-5f4d-4dc6-9d67-7317c466c16b-dn-CertificateRenewerService] INFO  ozone.OzoneSecurityUtil (OzoneSecurityUtil.java:getValidInetsForCurrentHost(116)) - Adding ip:fe80:0:0:0:20d:3aff:fe1b:d32f%eth0,host:fe80:0:0:0:20d:3aff:fe1b:d32f%eth0
2024-04-16 15:24:55,265 [ca78ff82-5f4d-4dc6-9d67-7317c466c16b-dn-CertificateRenewerService] INFO  ozone.OzoneSecurityUtil (OzoneSecurityUtil.java:getValidInetsForCurrentHost(116)) - Adding ip:10.1.0.30,host:fv-az699-832.gws2011vpwuupmkks00dozwttg.bx.internal.cloudapp.net
2024-04-16 15:24:55,265 [ca78ff82-5f4d-4dc6-9d67-7317c466c16b-dn-CertificateRenewerService] INFO  ozone.OzoneSecurityUtil (OzoneSecurityUtil.java:getValidInetsForCurrentHost(116)) - Adding ip:0:0:0:0:0:0:0:1%lo,host:localhost
2024-04-16 15:24:55,265 [ca78ff82-5f4d-4dc6-9d67-7317c466c16b-dn-CertificateRenewerService] INFO  ozone.OzoneSecurityUtil (OzoneSecurityUtil.java:getValidInetsForCurrentHost(119)) - ip:127.0.0.1 not returned.
2024-04-16 15:24:55,265 [ca78ff82-5f4d-4dc6-9d67-7317c466c16b-dn-CertificateRenewerService] ERROR client.DNCertificateClient (DefaultCertificateClient.java:run(1473)) - Failed to renew and store key and cert. Keep using existing certificates.
org.apache.hadoop.hdds.security.x509.exception.CertificateException: Error while signing and storing new certificates.
	at org.apache.hadoop.hdds.security.x509.certificate.client.DefaultCertificateClient.renewAndStoreKeyAndCertificate(DefaultCertificateClient.java:1155)
	at org.apache.hadoop.hdds.security.x509.certificate.client.DefaultCertificateClient$CertificateRenewerService.run(DefaultCertificateClient.java:1462)
	at java.util.concurrent.Executors$RunnableAdapter.call(Executors.java:511)
	at java.util.concurrent.FutureTask.runAndReset(FutureTask.java:308)
	at java.util.concurrent.ScheduledThreadPoolExecutor$ScheduledFutureTask.access$301(ScheduledThreadPoolExecutor.java:180)
	at java.util.concurrent.ScheduledThreadPoolExecutor$ScheduledFutureTask.run(ScheduledThreadPoolExecutor.java:294)
	at java.util.concurrent.ThreadPoolExecutor.runWorker(ThreadPoolExecutor.java:1149)
	at java.util.concurrent.ThreadPoolExecutor$Worker.run(ThreadPoolExecutor.java:624)
	at java.lang.Thread.run(Thread.java:750)
Caused by: java.lang.IllegalArgumentException: IP Address is invalid
	at org.bouncycastle.asn1.x509.GeneralName.<init>(Unknown Source)
	at org.apache.hadoop.hdds.security.x509.certificate.utils.CertificateSignRequest$Builder.addAltName(CertificateSignRequest.java:334)
	at org.apache.hadoop.hdds.security.x509.certificate.utils.CertificateSignRequest$Builder.addIpAddress(CertificateSignRequest.java:281)
	at org.apache.hadoop.hdds.security.x509.certificate.utils.CertificateSignRequest$Builder.lambda$addInetAddresses$0(CertificateSignRequest.java:306)
	at java.util.ArrayList.forEach(ArrayList.java:1259)
	at org.apache.hadoop.hdds.security.x509.certificate.utils.CertificateSignRequest$Builder.addInetAddresses(CertificateSignRequest.java:304)
	at org.apache.hadoop.hdds.security.x509.certificate.utils.CertificateSignRequest$Builder.addInetAddresses(CertificateSignRequest.java:292)
	at org.apache.hadoop.hdds.security.x509.certificate.client.DefaultCertificateClient.getCSRBuilder(DefaultCertificateClient.java:573)
	at org.apache.hadoop.hdds.security.x509.certificate.client.DNCertificateClient.getCSRBuilder(DNCertificateClient.java:75)
	at org.apache.hadoop.hdds.security.x509.certificate.client.DefaultCertificateClient.renewAndStoreKeyAndCertificate(DefaultCertificateClient.java:1150)
	... 8 more
2024-04-16 15:24:56,663 [ca78ff82-5f4d-4dc6-9d67-7317c466c16b-dn-CertificateRenewerService] INFO  client.DNCertificateClient (DefaultCertificateClient.java:run(1457)) - Current certificate 271641 needs to be renewed remaining grace period PT0S. Forced renewal due to root ca rotation: false.
2024-04-16 15:24:56,803 [ca78ff82-5f4d-4dc6-9d67-7317c466c16b-dn-CertificateRenewerService] INFO  ozone.OzoneSecurityUtil (OzoneSecurityUtil.java:getValidInetsForCurrentHost(116)) - Adding ip:fe80:0:0:0:20d:3aff:fe1b:d32f%eth0,host:fe80:0:0:0:20d:3aff:fe1b:d32f%eth0
2024-04-16 15:24:56,803 [ca78ff82-5f4d-4dc6-9d67-7317c466c16b-dn-CertificateRenewerService] INFO  ozone.OzoneSecurityUtil (OzoneSecurityUtil.java:getValidInetsForCurrentHost(116)) - Adding ip:10.1.0.30,host:fv-az699-832.gws2011vpwuupmkks00dozwttg.bx.internal.cloudapp.net
2024-04-16 15:24:56,803 [ca78ff82-5f4d-4dc6-9d67-7317c466c16b-dn-CertificateRenewerService] INFO  ozone.OzoneSecurityUtil (OzoneSecurityUtil.java:getValidInetsForCurrentHost(116)) - Adding ip:0:0:0:0:0:0:0:1%lo,host:localhost
2024-04-16 15:24:56,803 [ca78ff82-5f4d-4dc6-9d67-7317c466c16b-dn-CertificateRenewerService] INFO  ozone.OzoneSecurityUtil (OzoneSecurityUtil.java:getValidInetsForCurrentHost(119)) - ip:127.0.0.1 not returned.
2024-04-16 15:24:56,804 [ca78ff82-5f4d-4dc6-9d67-7317c466c16b-dn-CertificateRenewerService] ERROR client.DNCertificateClient (DefaultCertificateClient.java:run(1473)) - Failed to renew and store key and cert. Keep using existing certificates.
org.apache.hadoop.hdds.security.x509.exception.CertificateException: Error while signing and storing new certificates.
	at org.apache.hadoop.hdds.security.x509.certificate.client.DefaultCertificateClient.renewAndStoreKeyAndCertificate(DefaultCertificateClient.java:1155)
	at org.apache.hadoop.hdds.security.x509.certificate.client.DefaultCertificateClient$CertificateRenewerService.run(DefaultCertificateClient.java:1462)
	at java.util.concurrent.Executors$RunnableAdapter.call(Executors.java:511)
	at java.util.concurrent.FutureTask.runAndReset(FutureTask.java:308)
	at java.util.concurrent.ScheduledThreadPoolExecutor$ScheduledFutureTask.access$301(ScheduledThreadPoolExecutor.java:180)
	at java.util.concurrent.ScheduledThreadPoolExecutor$ScheduledFutureTask.run(ScheduledThreadPoolExecutor.java:294)
	at java.util.concurrent.ThreadPoolExecutor.runWorker(ThreadPoolExecutor.java:1149)
	at java.util.concurrent.ThreadPoolExecutor$Worker.run(ThreadPoolExecutor.java:624)
	at java.lang.Thread.run(Thread.java:750)
Caused by: java.lang.IllegalArgumentException: IP Address is invalid
	at org.bouncycastle.asn1.x509.GeneralName.<init>(Unknown Source)
	at org.apache.hadoop.hdds.security.x509.certificate.utils.CertificateSignRequest$Builder.addAltName(CertificateSignRequest.java:334)
	at org.apache.hadoop.hdds.security.x509.certificate.utils.CertificateSignRequest$Builder.addIpAddress(CertificateSignRequest.java:281)
	at org.apache.hadoop.hdds.security.x509.certificate.utils.CertificateSignRequest$Builder.lambda$addInetAddresses$0(CertificateSignRequest.java:306)
	at java.util.ArrayList.forEach(ArrayList.java:1259)
	at org.apache.hadoop.hdds.security.x509.certificate.utils.CertificateSignRequest$Builder.addInetAddresses(CertificateSignRequest.java:304)
	at org.apache.hadoop.hdds.security.x509.certificate.utils.CertificateSignRequest$Builder.addInetAddresses(CertificateSignRequest.java:292)
	at org.apache.hadoop.hdds.security.x509.certificate.client.DefaultCertificateClient.getCSRBuilder(DefaultCertificateClient.java:573)
	at org.apache.hadoop.hdds.security.x509.certificate.client.DNCertificateClient.getCSRBuilder(DNCertificateClient.java:75)
	at org.apache.hadoop.hdds.security.x509.certificate.client.DefaultCertificateClient.renewAndStoreKeyAndCertificate(DefaultCertificateClient.java:1150)
	... 8 more
2024-04-16 15:24:56,804 [ca78ff82-5f4d-4dc6-9d67-7317c466c16b-dn-CertificateRenewerService] INFO  client.DNCertificateClient (DefaultCertificateClient.java:run(1457)) - Current certificate 271641 needs to be renewed remaining grace period PT0S. Forced renewal due to root ca rotation: false.
2024-04-16 15:24:56,945 [ca78ff82-5f4d-4dc6-9d67-7317c466c16b-dn-CertificateRenewerService] INFO  ozone.OzoneSecurityUtil (OzoneSecurityUtil.java:getValidInetsForCurrentHost(116)) - Adding ip:fe80:0:0:0:20d:3aff:fe1b:d32f%eth0,host:fe80:0:0:0:20d:3aff:fe1b:d32f%eth0
2024-04-16 15:24:56,945 [ca78ff82-5f4d-4dc6-9d67-7317c466c16b-dn-CertificateRenewerService] INFO  ozone.OzoneSecurityUtil (OzoneSecurityUtil.java:getValidInetsForCurrentHost(116)) - Adding ip:10.1.0.30,host:fv-az699-832.gws2011vpwuupmkks00dozwttg.bx.internal.cloudapp.net
2024-04-16 15:24:56,946 [ca78ff82-5f4d-4dc6-9d67-7317c466c16b-dn-CertificateRenewerService] INFO  ozone.OzoneSecurityUtil (OzoneSecurityUtil.java:getValidInetsForCurrentHost(116)) - Adding ip:0:0:0:0:0:0:0:1%lo,host:localhost
2024-04-16 15:24:56,946 [ca78ff82-5f4d-4dc6-9d67-7317c466c16b-dn-CertificateRenewerService] INFO  ozone.OzoneSecurityUtil (OzoneSecurityUtil.java:getValidInetsForCurrentHost(119)) - ip:127.0.0.1 not returned.
2024-04-16 15:24:56,946 [ca78ff82-5f4d-4dc6-9d67-7317c466c16b-dn-CertificateRenewerService] ERROR client.DNCertificateClient (DefaultCertificateClient.java:run(1473)) - Failed to renew and store key and cert. Keep using existing certificates.
org.apache.hadoop.hdds.security.x509.exception.CertificateException: Error while signing and storing new certificates.
	at org.apache.hadoop.hdds.security.x509.certificate.client.DefaultCertificateClient.renewAndStoreKeyAndCertificate(DefaultCertificateClient.java:1155)
	at org.apache.hadoop.hdds.security.x509.certificate.client.DefaultCertificateClient$CertificateRenewerService.run(DefaultCertificateClient.java:1462)
	at java.util.concurrent.Executors$RunnableAdapter.call(Executors.java:511)
	at java.util.concurrent.FutureTask.runAndReset(FutureTask.java:308)
	at java.util.concurrent.ScheduledThreadPoolExecutor$ScheduledFutureTask.access$301(ScheduledThreadPoolExecutor.java:180)
	at java.util.concurrent.ScheduledThreadPoolExecutor$ScheduledFutureTask.run(ScheduledThreadPoolExecutor.java:294)
	at java.util.concurrent.ThreadPoolExecutor.runWorker(ThreadPoolExecutor.java:1149)
	at java.util.concurrent.ThreadPoolExecutor$Worker.run(ThreadPoolExecutor.java:624)
	at java.lang.Thread.run(Thread.java:750)
Caused by: java.lang.IllegalArgumentException: IP Address is invalid
	at org.bouncycastle.asn1.x509.GeneralName.<init>(Unknown Source)
	at org.apache.hadoop.hdds.security.x509.certificate.utils.CertificateSignRequest$Builder.addAltName(CertificateSignRequest.java:334)
	at org.apache.hadoop.hdds.security.x509.certificate.utils.CertificateSignRequest$Builder.addIpAddress(CertificateSignRequest.java:281)
	at org.apache.hadoop.hdds.security.x509.certificate.utils.CertificateSignRequest$Builder.lambda$addInetAddresses$0(CertificateSignRequest.java:306)
	at java.util.ArrayList.forEach(ArrayList.java:1259)
	at org.apache.hadoop.hdds.security.x509.certificate.utils.CertificateSignRequest$Builder.addInetAddresses(CertificateSignRequest.java:304)
	at org.apache.hadoop.hdds.security.x509.certificate.utils.CertificateSignRequest$Builder.addInetAddresses(CertificateSignRequest.java:292)
	at org.apache.hadoop.hdds.security.x509.certificate.client.DefaultCertificateClient.getCSRBuilder(DefaultCertificateClient.java:573)
	at org.apache.hadoop.hdds.security.x509.certificate.client.DNCertificateClient.getCSRBuilder(DNCertificateClient.java:75)
	at org.apache.hadoop.hdds.security.x509.certificate.client.DefaultCertificateClient.renewAndStoreKeyAndCertificate(DefaultCertificateClient.java:1150)
	... 8 more
2024-04-16 15:24:58,329 [ca78ff82-5f4d-4dc6-9d67-7317c466c16b-dn-CertificateRenewerService] INFO  client.DNCertificateClient (DefaultCertificateClient.java:run(1457)) - Current certificate 271641 needs to be renewed remaining grace period PT0S. Forced renewal due to root ca rotation: false.
2024-04-16 15:24:58,461 [ca78ff82-5f4d-4dc6-9d67-7317c466c16b-dn-CertificateRenewerService] INFO  ozone.OzoneSecurityUtil (OzoneSecurityUtil.java:getValidInetsForCurrentHost(116)) - Adding ip:fe80:0:0:0:20d:3aff:fe1b:d32f%eth0,host:fe80:0:0:0:20d:3aff:fe1b:d32f%eth0
2024-04-16 15:24:58,462 [ca78ff82-5f4d-4dc6-9d67-7317c466c16b-dn-CertificateRenewerService] INFO  ozone.OzoneSecurityUtil (OzoneSecurityUtil.java:getValidInetsForCurrentHost(116)) - Adding ip:10.1.0.30,host:fv-az699-832.gws2011vpwuupmkks00dozwttg.bx.internal.cloudapp.net
2024-04-16 15:24:58,462 [ca78ff82-5f4d-4dc6-9d67-7317c466c16b-dn-CertificateRenewerService] INFO  ozone.OzoneSecurityUtil (OzoneSecurityUtil.java:getValidInetsForCurrentHost(116)) - Adding ip:0:0:0:0:0:0:0:1%lo,host:localhost
2024-04-16 15:24:58,462 [ca78ff82-5f4d-4dc6-9d67-7317c466c16b-dn-CertificateRenewerService] INFO  ozone.OzoneSecurityUtil (OzoneSecurityUtil.java:getValidInetsForCurrentHost(119)) - ip:127.0.0.1 not returned.
2024-04-16 15:24:58,462 [ca78ff82-5f4d-4dc6-9d67-7317c466c16b-dn-CertificateRenewerService] ERROR client.DNCertificateClient (DefaultCertificateClient.java:run(1473)) - Failed to renew and store key and cert. Keep using existing certificates.
org.apache.hadoop.hdds.security.x509.exception.CertificateException: Error while signing and storing new certificates.
	at org.apache.hadoop.hdds.security.x509.certificate.client.DefaultCertificateClient.renewAndStoreKeyAndCertificate(DefaultCertificateClient.java:1155)
	at org.apache.hadoop.hdds.security.x509.certificate.client.DefaultCertificateClient$CertificateRenewerService.run(DefaultCertificateClient.java:1462)
	at java.util.concurrent.Executors$RunnableAdapter.call(Executors.java:511)
	at java.util.concurrent.FutureTask.runAndReset(FutureTask.java:308)
	at java.util.concurrent.ScheduledThreadPoolExecutor$ScheduledFutureTask.access$301(ScheduledThreadPoolExecutor.java:180)
	at java.util.concurrent.ScheduledThreadPoolExecutor$ScheduledFutureTask.run(ScheduledThreadPoolExecutor.java:294)
	at java.util.concurrent.ThreadPoolExecutor.runWorker(ThreadPoolExecutor.java:1149)
	at java.util.concurrent.ThreadPoolExecutor$Worker.run(ThreadPoolExecutor.java:624)
	at java.lang.Thread.run(Thread.java:750)
Caused by: java.lang.IllegalArgumentException: IP Address is invalid
	at org.bouncycastle.asn1.x509.GeneralName.<init>(Unknown Source)
	at org.apache.hadoop.hdds.security.x509.certificate.utils.CertificateSignRequest$Builder.addAltName(CertificateSignRequest.java:334)
	at org.apache.hadoop.hdds.security.x509.certificate.utils.CertificateSignRequest$Builder.addIpAddress(CertificateSignRequest.java:281)
	at org.apache.hadoop.hdds.security.x509.certificate.utils.CertificateSignRequest$Builder.lambda$addInetAddresses$0(CertificateSignRequest.java:306)
	at java.util.ArrayList.forEach(ArrayList.java:1259)
	at org.apache.hadoop.hdds.security.x509.certificate.utils.CertificateSignRequest$Builder.addInetAddresses(CertificateSignRequest.java:304)
	at org.apache.hadoop.hdds.security.x509.certificate.utils.CertificateSignRequest$Builder.addInetAddresses(CertificateSignRequest.java:292)
	at org.apache.hadoop.hdds.security.x509.certificate.client.DefaultCertificateClient.getCSRBuilder(DefaultCertificateClient.java:573)
	at org.apache.hadoop.hdds.security.x509.certificate.client.DNCertificateClient.getCSRBuilder(DNCertificateClient.java:75)
	at org.apache.hadoop.hdds.security.x509.certificate.client.DefaultCertificateClient.renewAndStoreKeyAndCertificate(DefaultCertificateClient.java:1150)
	... 8 more
2024-04-16 15:24:58,462 [ca78ff82-5f4d-4dc6-9d67-7317c466c16b-dn-CertificateRenewerService] INFO  client.DNCertificateClient (DefaultCertificateClient.java:run(1457)) - Current certificate 271641 needs to be renewed remaining grace period PT0S. Forced renewal due to root ca rotation: false.
2024-04-16 15:24:58,758 [ca78ff82-5f4d-4dc6-9d67-7317c466c16b-dn-CertificateRenewerService] INFO  ozone.OzoneSecurityUtil (OzoneSecurityUtil.java:getValidInetsForCurrentHost(116)) - Adding ip:fe80:0:0:0:20d:3aff:fe1b:d32f%eth0,host:fe80:0:0:0:20d:3aff:fe1b:d32f%eth0
2024-04-16 15:24:58,759 [ca78ff82-5f4d-4dc6-9d67-7317c466c16b-dn-CertificateRenewerService] INFO  ozone.OzoneSecurityUtil (OzoneSecurityUtil.java:getValidInetsForCurrentHost(116)) - Adding ip:10.1.0.30,host:fv-az699-832.gws2011vpwuupmkks00dozwttg.bx.internal.cloudapp.net
2024-04-16 15:24:58,759 [ca78ff82-5f4d-4dc6-9d67-7317c466c16b-dn-CertificateRenewerService] INFO  ozone.OzoneSecurityUtil (OzoneSecurityUtil.java:getValidInetsForCurrentHost(116)) - Adding ip:0:0:0:0:0:0:0:1%lo,host:localhost
2024-04-16 15:24:58,759 [ca78ff82-5f4d-4dc6-9d67-7317c466c16b-dn-CertificateRenewerService] INFO  ozone.OzoneSecurityUtil (OzoneSecurityUtil.java:getValidInetsForCurrentHost(119)) - ip:127.0.0.1 not returned.
2024-04-16 15:24:58,759 [ca78ff82-5f4d-4dc6-9d67-7317c466c16b-dn-CertificateRenewerService] ERROR client.DNCertificateClient (DefaultCertificateClient.java:run(1473)) - Failed to renew and store key and cert. Keep using existing certificates.
org.apache.hadoop.hdds.security.x509.exception.CertificateException: Error while signing and storing new certificates.
	at org.apache.hadoop.hdds.security.x509.certificate.client.DefaultCertificateClient.renewAndStoreKeyAndCertificate(DefaultCertificateClient.java:1155)
	at org.apache.hadoop.hdds.security.x509.certificate.client.DefaultCertificateClient$CertificateRenewerService.run(DefaultCertificateClient.java:1462)
	at java.util.concurrent.Executors$RunnableAdapter.call(Executors.java:511)
	at java.util.concurrent.FutureTask.runAndReset(FutureTask.java:308)
	at java.util.concurrent.ScheduledThreadPoolExecutor$ScheduledFutureTask.access$301(ScheduledThreadPoolExecutor.java:180)
	at java.util.concurrent.ScheduledThreadPoolExecutor$ScheduledFutureTask.run(ScheduledThreadPoolExecutor.java:294)
	at java.util.concurrent.ThreadPoolExecutor.runWorker(ThreadPoolExecutor.java:1149)
	at java.util.concurrent.ThreadPoolExecutor$Worker.run(ThreadPoolExecutor.java:624)
	at java.lang.Thread.run(Thread.java:750)
Caused by: java.lang.IllegalArgumentException: IP Address is invalid
	at org.bouncycastle.asn1.x509.GeneralName.<init>(Unknown Source)
	at org.apache.hadoop.hdds.security.x509.certificate.utils.CertificateSignRequest$Builder.addAltName(CertificateSignRequest.java:334)
	at org.apache.hadoop.hdds.security.x509.certificate.utils.CertificateSignRequest$Builder.addIpAddress(CertificateSignRequest.java:281)
	at org.apache.hadoop.hdds.security.x509.certificate.utils.CertificateSignRequest$Builder.lambda$addInetAddresses$0(CertificateSignRequest.java:306)
	at java.util.ArrayList.forEach(ArrayList.java:1259)
	at org.apache.hadoop.hdds.security.x509.certificate.utils.CertificateSignRequest$Builder.addInetAddresses(CertificateSignRequest.java:304)
	at org.apache.hadoop.hdds.security.x509.certificate.utils.CertificateSignRequest$Builder.addInetAddresses(CertificateSignRequest.java:292)
	at org.apache.hadoop.hdds.security.x509.certificate.client.DefaultCertificateClient.getCSRBuilder(DefaultCertificateClient.java:573)
	at org.apache.hadoop.hdds.security.x509.certificate.client.DNCertificateClient.getCSRBuilder(DNCertificateClient.java:75)
	at org.apache.hadoop.hdds.security.x509.certificate.client.DefaultCertificateClient.renewAndStoreKeyAndCertificate(DefaultCertificateClient.java:1150)
	... 8 more
2024-04-16 15:24:59,995 [ca78ff82-5f4d-4dc6-9d67-7317c466c16b-dn-CertificateRenewerService] INFO  client.DNCertificateClient (DefaultCertificateClient.java:run(1457)) - Current certificate 271641 needs to be renewed remaining grace period PT0S. Forced renewal due to root ca rotation: false.
2024-04-16 15:25:00,110 [ca78ff82-5f4d-4dc6-9d67-7317c466c16b-dn-CertificateRenewerService] INFO  ozone.OzoneSecurityUtil (OzoneSecurityUtil.java:getValidInetsForCurrentHost(116)) - Adding ip:fe80:0:0:0:20d:3aff:fe1b:d32f%eth0,host:fe80:0:0:0:20d:3aff:fe1b:d32f%eth0
2024-04-16 15:25:00,110 [ca78ff82-5f4d-4dc6-9d67-7317c466c16b-dn-CertificateRenewerService] INFO  ozone.OzoneSecurityUtil (OzoneSecurityUtil.java:getValidInetsForCurrentHost(116)) - Adding ip:10.1.0.30,host:fv-az699-832.gws2011vpwuupmkks00dozwttg.bx.internal.cloudapp.net
2024-04-16 15:25:00,110 [ca78ff82-5f4d-4dc6-9d67-7317c466c16b-dn-CertificateRenewerService] INFO  ozone.OzoneSecurityUtil (OzoneSecurityUtil.java:getValidInetsForCurrentHost(116)) - Adding ip:0:0:0:0:0:0:0:1%lo,host:localhost
2024-04-16 15:25:00,110 [ca78ff82-5f4d-4dc6-9d67-7317c466c16b-dn-CertificateRenewerService] INFO  ozone.OzoneSecurityUtil (OzoneSecurityUtil.java:getValidInetsForCurrentHost(119)) - ip:127.0.0.1 not returned.
2024-04-16 15:25:00,110 [ca78ff82-5f4d-4dc6-9d67-7317c466c16b-dn-CertificateRenewerService] ERROR client.DNCertificateClient (DefaultCertificateClient.java:run(1473)) - Failed to renew and store key and cert. Keep using existing certificates.
org.apache.hadoop.hdds.security.x509.exception.CertificateException: Error while signing and storing new certificates.
	at org.apache.hadoop.hdds.security.x509.certificate.client.DefaultCertificateClient.renewAndStoreKeyAndCertificate(DefaultCertificateClient.java:1155)
	at org.apache.hadoop.hdds.security.x509.certificate.client.DefaultCertificateClient$CertificateRenewerService.run(DefaultCertificateClient.java:1462)
	at java.util.concurrent.Executors$RunnableAdapter.call(Executors.java:511)
	at java.util.concurrent.FutureTask.runAndReset(FutureTask.java:308)
	at java.util.concurrent.ScheduledThreadPoolExecutor$ScheduledFutureTask.access$301(ScheduledThreadPoolExecutor.java:180)
	at java.util.concurrent.ScheduledThreadPoolExecutor$ScheduledFutureTask.run(ScheduledThreadPoolExecutor.java:294)
	at java.util.concurrent.ThreadPoolExecutor.runWorker(ThreadPoolExecutor.java:1149)
	at java.util.concurrent.ThreadPoolExecutor$Worker.run(ThreadPoolExecutor.java:624)
	at java.lang.Thread.run(Thread.java:750)
Caused by: java.lang.IllegalArgumentException: IP Address is invalid
	at org.bouncycastle.asn1.x509.GeneralName.<init>(Unknown Source)
	at org.apache.hadoop.hdds.security.x509.certificate.utils.CertificateSignRequest$Builder.addAltName(CertificateSignRequest.java:334)
	at org.apache.hadoop.hdds.security.x509.certificate.utils.CertificateSignRequest$Builder.addIpAddress(CertificateSignRequest.java:281)
	at org.apache.hadoop.hdds.security.x509.certificate.utils.CertificateSignRequest$Builder.lambda$addInetAddresses$0(CertificateSignRequest.java:306)
	at java.util.ArrayList.forEach(ArrayList.java:1259)
	at org.apache.hadoop.hdds.security.x509.certificate.utils.CertificateSignRequest$Builder.addInetAddresses(CertificateSignRequest.java:304)
	at org.apache.hadoop.hdds.security.x509.certificate.utils.CertificateSignRequest$Builder.addInetAddresses(CertificateSignRequest.java:292)
	at org.apache.hadoop.hdds.security.x509.certificate.client.DefaultCertificateClient.getCSRBuilder(DefaultCertificateClient.java:573)
	at org.apache.hadoop.hdds.security.x509.certificate.client.DNCertificateClient.getCSRBuilder(DNCertificateClient.java:75)
	at org.apache.hadoop.hdds.security.x509.certificate.client.DefaultCertificateClient.renewAndStoreKeyAndCertificate(DefaultCertificateClient.java:1150)
	... 8 more
2024-04-16 15:25:00,111 [ca78ff82-5f4d-4dc6-9d67-7317c466c16b-dn-CertificateRenewerService] INFO  client.DNCertificateClient (DefaultCertificateClient.java:run(1457)) - Current certificate 271641 needs to be renewed remaining grace period PT0S. Forced renewal due to root ca rotation: false.
2024-04-16 15:25:00,228 [ca78ff82-5f4d-4dc6-9d67-7317c466c16b-dn-CertificateRenewerService] INFO  ozone.OzoneSecurityUtil (OzoneSecurityUtil.java:getValidInetsForCurrentHost(116)) - Adding ip:fe80:0:0:0:20d:3aff:fe1b:d32f%eth0,host:fe80:0:0:0:20d:3aff:fe1b:d32f%eth0
2024-04-16 15:25:00,229 [ca78ff82-5f4d-4dc6-9d67-7317c466c16b-dn-CertificateRenewerService] INFO  ozone.OzoneSecurityUtil (OzoneSecurityUtil.java:getValidInetsForCurrentHost(116)) - Adding ip:10.1.0.30,host:fv-az699-832.gws2011vpwuupmkks00dozwttg.bx.internal.cloudapp.net
2024-04-16 15:25:00,229 [ca78ff82-5f4d-4dc6-9d67-7317c466c16b-dn-CertificateRenewerService] INFO  ozone.OzoneSecurityUtil (OzoneSecurityUtil.java:getValidInetsForCurrentHost(116)) - Adding ip:0:0:0:0:0:0:0:1%lo,host:localhost
2024-04-16 15:25:00,229 [ca78ff82-5f4d-4dc6-9d67-7317c466c16b-dn-CertificateRenewerService] INFO  ozone.OzoneSecurityUtil (OzoneSecurityUtil.java:getValidInetsForCurrentHost(119)) - ip:127.0.0.1 not returned.
2024-04-16 15:25:00,229 [ca78ff82-5f4d-4dc6-9d67-7317c466c16b-dn-CertificateRenewerService] ERROR client.DNCertificateClient (DefaultCertificateClient.java:run(1473)) - Failed to renew and store key and cert. Keep using existing certificates.
org.apache.hadoop.hdds.security.x509.exception.CertificateException: Error while signing and storing new certificates.
	at org.apache.hadoop.hdds.security.x509.certificate.client.DefaultCertificateClient.renewAndStoreKeyAndCertificate(DefaultCertificateClient.java:1155)
	at org.apache.hadoop.hdds.security.x509.certificate.client.DefaultCertificateClient$CertificateRenewerService.run(DefaultCertificateClient.java:1462)
	at java.util.concurrent.Executors$RunnableAdapter.call(Executors.java:511)
	at java.util.concurrent.FutureTask.runAndReset(FutureTask.java:308)
	at java.util.concurrent.ScheduledThreadPoolExecutor$ScheduledFutureTask.access$301(ScheduledThreadPoolExecutor.java:180)
	at java.util.concurrent.ScheduledThreadPoolExecutor$ScheduledFutureTask.run(ScheduledThreadPoolExecutor.java:294)
	at java.util.concurrent.ThreadPoolExecutor.runWorker(ThreadPoolExecutor.java:1149)
	at java.util.concurrent.ThreadPoolExecutor$Worker.run(ThreadPoolExecutor.java:624)
	at java.lang.Thread.run(Thread.java:750)
Caused by: java.lang.IllegalArgumentException: IP Address is invalid
	at org.bouncycastle.asn1.x509.GeneralName.<init>(Unknown Source)
	at org.apache.hadoop.hdds.security.x509.certificate.utils.CertificateSignRequest$Builder.addAltName(CertificateSignRequest.java:334)
	at org.apache.hadoop.hdds.security.x509.certificate.utils.CertificateSignRequest$Builder.addIpAddress(CertificateSignRequest.java:281)
	at org.apache.hadoop.hdds.security.x509.certificate.utils.CertificateSignRequest$Builder.lambda$addInetAddresses$0(CertificateSignRequest.java:306)
	at java.util.ArrayList.forEach(ArrayList.java:1259)
	at org.apache.hadoop.hdds.security.x509.certificate.utils.CertificateSignRequest$Builder.addInetAddresses(CertificateSignRequest.java:304)
	at org.apache.hadoop.hdds.security.x509.certificate.utils.CertificateSignRequest$Builder.addInetAddresses(CertificateSignRequest.java:292)
	at org.apache.hadoop.hdds.security.x509.certificate.client.DefaultCertificateClient.getCSRBuilder(DefaultCertificateClient.java:573)
	at org.apache.hadoop.hdds.security.x509.certificate.client.DNCertificateClient.getCSRBuilder(DNCertificateClient.java:75)
	at org.apache.hadoop.hdds.security.x509.certificate.client.DefaultCertificateClient.renewAndStoreKeyAndCertificate(DefaultCertificateClient.java:1150)
	... 8 more
2024-04-16 15:25:01,661 [ca78ff82-5f4d-4dc6-9d67-7317c466c16b-dn-CertificateRenewerService] INFO  client.DNCertificateClient (DefaultCertificateClient.java:run(1457)) - Current certificate 271641 needs to be renewed remaining grace period PT0S. Forced renewal due to root ca rotation: false.
2024-04-16 15:25:01,857 [ca78ff82-5f4d-4dc6-9d67-7317c466c16b-dn-CertificateRenewerService] INFO  ozone.OzoneSecurityUtil (OzoneSecurityUtil.java:getValidInetsForCurrentHost(116)) - Adding ip:fe80:0:0:0:20d:3aff:fe1b:d32f%eth0,host:fe80:0:0:0:20d:3aff:fe1b:d32f%eth0
2024-04-16 15:25:01,857 [ca78ff82-5f4d-4dc6-9d67-7317c466c16b-dn-CertificateRenewerService] INFO  ozone.OzoneSecurityUtil (OzoneSecurityUtil.java:getValidInetsForCurrentHost(116)) - Adding ip:10.1.0.30,host:fv-az699-832.gws2011vpwuupmkks00dozwttg.bx.internal.cloudapp.net
2024-04-16 15:25:01,857 [ca78ff82-5f4d-4dc6-9d67-7317c466c16b-dn-CertificateRenewerService] INFO  ozone.OzoneSecurityUtil (OzoneSecurityUtil.java:getValidInetsForCurrentHost(116)) - Adding ip:0:0:0:0:0:0:0:1%lo,host:localhost
2024-04-16 15:25:01,858 [ca78ff82-5f4d-4dc6-9d67-7317c466c16b-dn-CertificateRenewerService] INFO  ozone.OzoneSecurityUtil (OzoneSecurityUtil.java:getValidInetsForCurrentHost(119)) - ip:127.0.0.1 not returned.
2024-04-16 15:25:01,858 [ca78ff82-5f4d-4dc6-9d67-7317c466c16b-dn-CertificateRenewerService] ERROR client.DNCertificateClient (DefaultCertificateClient.java:run(1473)) - Failed to renew and store key and cert. Keep using existing certificates.
org.apache.hadoop.hdds.security.x509.exception.CertificateException: Error while signing and storing new certificates.
	at org.apache.hadoop.hdds.security.x509.certificate.client.DefaultCertificateClient.renewAndStoreKeyAndCertificate(DefaultCertificateClient.java:1155)
	at org.apache.hadoop.hdds.security.x509.certificate.client.DefaultCertificateClient$CertificateRenewerService.run(DefaultCertificateClient.java:1462)
	at java.util.concurrent.Executors$RunnableAdapter.call(Executors.java:511)
	at java.util.concurrent.FutureTask.runAndReset(FutureTask.java:308)
	at java.util.concurrent.ScheduledThreadPoolExecutor$ScheduledFutureTask.access$301(ScheduledThreadPoolExecutor.java:180)
	at java.util.concurrent.ScheduledThreadPoolExecutor$ScheduledFutureTask.run(ScheduledThreadPoolExecutor.java:294)
	at java.util.concurrent.ThreadPoolExecutor.runWorker(ThreadPoolExecutor.java:1149)
	at java.util.concurrent.ThreadPoolExecutor$Worker.run(ThreadPoolExecutor.java:624)
	at java.lang.Thread.run(Thread.java:750)
Caused by: java.lang.IllegalArgumentException: IP Address is invalid
	at org.bouncycastle.asn1.x509.GeneralName.<init>(Unknown Source)
	at org.apache.hadoop.hdds.security.x509.certificate.utils.CertificateSignRequest$Builder.addAltName(CertificateSignRequest.java:334)
	at org.apache.hadoop.hdds.security.x509.certificate.utils.CertificateSignRequest$Builder.addIpAddress(CertificateSignRequest.java:281)
	at org.apache.hadoop.hdds.security.x509.certificate.utils.CertificateSignRequest$Builder.lambda$addInetAddresses$0(CertificateSignRequest.java:306)
	at java.util.ArrayList.forEach(ArrayList.java:1259)
	at org.apache.hadoop.hdds.security.x509.certificate.utils.CertificateSignRequest$Builder.addInetAddresses(CertificateSignRequest.java:304)
	at org.apache.hadoop.hdds.security.x509.certificate.utils.CertificateSignRequest$Builder.addInetAddresses(CertificateSignRequest.java:292)
	at org.apache.hadoop.hdds.security.x509.certificate.client.DefaultCertificateClient.getCSRBuilder(DefaultCertificateClient.java:573)
	at org.apache.hadoop.hdds.security.x509.certificate.client.DNCertificateClient.getCSRBuilder(DNCertificateClient.java:75)
	at org.apache.hadoop.hdds.security.x509.certificate.client.DefaultCertificateClient.renewAndStoreKeyAndCertificate(DefaultCertificateClient.java:1150)
	... 8 more
2024-04-16 15:25:01,858 [ca78ff82-5f4d-4dc6-9d67-7317c466c16b-dn-CertificateRenewerService] INFO  client.DNCertificateClient (DefaultCertificateClient.java:run(1457)) - Current certificate 271641 needs to be renewed remaining grace period PT0S. Forced renewal due to root ca rotation: false.
2024-04-16 15:25:02,069 [ca78ff82-5f4d-4dc6-9d67-7317c466c16b-dn-CertificateRenewerService] INFO  ozone.OzoneSecurityUtil (OzoneSecurityUtil.java:getValidInetsForCurrentHost(116)) - Adding ip:fe80:0:0:0:20d:3aff:fe1b:d32f%eth0,host:fe80:0:0:0:20d:3aff:fe1b:d32f%eth0
2024-04-16 15:25:02,069 [ca78ff82-5f4d-4dc6-9d67-7317c466c16b-dn-CertificateRenewerService] INFO  ozone.OzoneSecurityUtil (OzoneSecurityUtil.java:getValidInetsForCurrentHost(116)) - Adding ip:10.1.0.30,host:fv-az699-832.gws2011vpwuupmkks00dozwttg.bx.internal.cloudapp.net
2024-04-16 15:25:02,069 [ca78ff82-5f4d-4dc6-9d67-7317c466c16b-dn-CertificateRenewerService] INFO  ozone.OzoneSecurityUtil (OzoneSecurityUtil.java:getValidInetsForCurrentHost(116)) - Adding ip:0:0:0:0:0:0:0:1%lo,host:localhost
2024-04-16 15:25:02,069 [ca78ff82-5f4d-4dc6-9d67-7317c466c16b-dn-CertificateRenewerService] INFO  ozone.OzoneSecurityUtil (OzoneSecurityUtil.java:getValidInetsForCurrentHost(119)) - ip:127.0.0.1 not returned.
2024-04-16 15:25:02,069 [ca78ff82-5f4d-4dc6-9d67-7317c466c16b-dn-CertificateRenewerService] ERROR client.DNCertificateClient (DefaultCertificateClient.java:run(1473)) - Failed to renew and store key and cert. Keep using existing certificates.
org.apache.hadoop.hdds.security.x509.exception.CertificateException: Error while signing and storing new certificates.
	at org.apache.hadoop.hdds.security.x509.certificate.client.DefaultCertificateClient.renewAndStoreKeyAndCertificate(DefaultCertificateClient.java:1155)
	at org.apache.hadoop.hdds.security.x509.certificate.client.DefaultCertificateClient$CertificateRenewerService.run(DefaultCertificateClient.java:1462)
	at java.util.concurrent.Executors$RunnableAdapter.call(Executors.java:511)
	at java.util.concurrent.FutureTask.runAndReset(FutureTask.java:308)
	at java.util.concurrent.ScheduledThreadPoolExecutor$ScheduledFutureTask.access$301(ScheduledThreadPoolExecutor.java:180)
	at java.util.concurrent.ScheduledThreadPoolExecutor$ScheduledFutureTask.run(ScheduledThreadPoolExecutor.java:294)
	at java.util.concurrent.ThreadPoolExecutor.runWorker(ThreadPoolExecutor.java:1149)
	at java.util.concurrent.ThreadPoolExecutor$Worker.run(ThreadPoolExecutor.java:624)
	at java.lang.Thread.run(Thread.java:750)
Caused by: java.lang.IllegalArgumentException: IP Address is invalid
	at org.bouncycastle.asn1.x509.GeneralName.<init>(Unknown Source)
	at org.apache.hadoop.hdds.security.x509.certificate.utils.CertificateSignRequest$Builder.addAltName(CertificateSignRequest.java:334)
	at org.apache.hadoop.hdds.security.x509.certificate.utils.CertificateSignRequest$Builder.addIpAddress(CertificateSignRequest.java:281)
	at org.apache.hadoop.hdds.security.x509.certificate.utils.CertificateSignRequest$Builder.lambda$addInetAddresses$0(CertificateSignRequest.java:306)
	at java.util.ArrayList.forEach(ArrayList.java:1259)
	at org.apache.hadoop.hdds.security.x509.certificate.utils.CertificateSignRequest$Builder.addInetAddresses(CertificateSignRequest.java:304)
	at org.apache.hadoop.hdds.security.x509.certificate.utils.CertificateSignRequest$Builder.addInetAddresses(CertificateSignRequest.java:292)
	at org.apache.hadoop.hdds.security.x509.certificate.client.DefaultCertificateClient.getCSRBuilder(DefaultCertificateClient.java:573)
	at org.apache.hadoop.hdds.security.x509.certificate.client.DNCertificateClient.getCSRBuilder(DNCertificateClient.java:75)
	at org.apache.hadoop.hdds.security.x509.certificate.client.DefaultCertificateClient.renewAndStoreKeyAndCertificate(DefaultCertificateClient.java:1150)
	... 8 more
2024-04-16 15:25:03,327 [ca78ff82-5f4d-4dc6-9d67-7317c466c16b-dn-CertificateRenewerService] INFO  client.DNCertificateClient (DefaultCertificateClient.java:run(1457)) - Current certificate 271641 needs to be renewed remaining grace period PT0S. Forced renewal due to root ca rotation: false.
2024-04-16 15:25:03,632 [ca78ff82-5f4d-4dc6-9d67-7317c466c16b-dn-CertificateRenewerService] INFO  ozone.OzoneSecurityUtil (OzoneSecurityUtil.java:getValidInetsForCurrentHost(116)) - Adding ip:fe80:0:0:0:20d:3aff:fe1b:d32f%eth0,host:fe80:0:0:0:20d:3aff:fe1b:d32f%eth0
2024-04-16 15:25:03,632 [ca78ff82-5f4d-4dc6-9d67-7317c466c16b-dn-CertificateRenewerService] INFO  ozone.OzoneSecurityUtil (OzoneSecurityUtil.java:getValidInetsForCurrentHost(116)) - Adding ip:10.1.0.30,host:fv-az699-832.gws2011vpwuupmkks00dozwttg.bx.internal.cloudapp.net
2024-04-16 15:25:03,632 [ca78ff82-5f4d-4dc6-9d67-7317c466c16b-dn-CertificateRenewerService] INFO  ozone.OzoneSecurityUtil (OzoneSecurityUtil.java:getValidInetsForCurrentHost(116)) - Adding ip:0:0:0:0:0:0:0:1%lo,host:localhost
2024-04-16 15:25:03,632 [ca78ff82-5f4d-4dc6-9d67-7317c466c16b-dn-CertificateRenewerService] INFO  ozone.OzoneSecurityUtil (OzoneSecurityUtil.java:getValidInetsForCurrentHost(119)) - ip:127.0.0.1 not returned.
2024-04-16 15:25:03,633 [ca78ff82-5f4d-4dc6-9d67-7317c466c16b-dn-CertificateRenewerService] ERROR client.DNCertificateClient (DefaultCertificateClient.java:run(1473)) - Failed to renew and store key and cert. Keep using existing certificates.
org.apache.hadoop.hdds.security.x509.exception.CertificateException: Error while signing and storing new certificates.
	at org.apache.hadoop.hdds.security.x509.certificate.client.DefaultCertificateClient.renewAndStoreKeyAndCertificate(DefaultCertificateClient.java:1155)
	at org.apache.hadoop.hdds.security.x509.certificate.client.DefaultCertificateClient$CertificateRenewerService.run(DefaultCertificateClient.java:1462)
	at java.util.concurrent.Executors$RunnableAdapter.call(Executors.java:511)
	at java.util.concurrent.FutureTask.runAndReset(FutureTask.java:308)
	at java.util.concurrent.ScheduledThreadPoolExecutor$ScheduledFutureTask.access$301(ScheduledThreadPoolExecutor.java:180)
	at java.util.concurrent.ScheduledThreadPoolExecutor$ScheduledFutureTask.run(ScheduledThreadPoolExecutor.java:294)
	at java.util.concurrent.ThreadPoolExecutor.runWorker(ThreadPoolExecutor.java:1149)
	at java.util.concurrent.ThreadPoolExecutor$Worker.run(ThreadPoolExecutor.java:624)
	at java.lang.Thread.run(Thread.java:750)
Caused by: java.lang.IllegalArgumentException: IP Address is invalid
	at org.bouncycastle.asn1.x509.GeneralName.<init>(Unknown Source)
	at org.apache.hadoop.hdds.security.x509.certificate.utils.CertificateSignRequest$Builder.addAltName(CertificateSignRequest.java:334)
	at org.apache.hadoop.hdds.security.x509.certificate.utils.CertificateSignRequest$Builder.addIpAddress(CertificateSignRequest.java:281)
	at org.apache.hadoop.hdds.security.x509.certificate.utils.CertificateSignRequest$Builder.lambda$addInetAddresses$0(CertificateSignRequest.java:306)
	at java.util.ArrayList.forEach(ArrayList.java:1259)
	at org.apache.hadoop.hdds.security.x509.certificate.utils.CertificateSignRequest$Builder.addInetAddresses(CertificateSignRequest.java:304)
	at org.apache.hadoop.hdds.security.x509.certificate.utils.CertificateSignRequest$Builder.addInetAddresses(CertificateSignRequest.java:292)
	at org.apache.hadoop.hdds.security.x509.certificate.client.DefaultCertificateClient.getCSRBuilder(DefaultCertificateClient.java:573)
	at org.apache.hadoop.hdds.security.x509.certificate.client.DNCertificateClient.getCSRBuilder(DNCertificateClient.java:75)
	at org.apache.hadoop.hdds.security.x509.certificate.client.DefaultCertificateClient.renewAndStoreKeyAndCertificate(DefaultCertificateClient.java:1150)
	... 8 more
2024-04-16 15:25:03,633 [ca78ff82-5f4d-4dc6-9d67-7317c466c16b-dn-CertificateRenewerService] INFO  client.DNCertificateClient (DefaultCertificateClient.java:run(1457)) - Current certificate 271641 needs to be renewed remaining grace period PT0S. Forced renewal due to root ca rotation: false.
2024-04-16 15:25:03,785 [ca78ff82-5f4d-4dc6-9d67-7317c466c16b-dn-CertificateRenewerService] INFO  ozone.OzoneSecurityUtil (OzoneSecurityUtil.java:getValidInetsForCurrentHost(116)) - Adding ip:fe80:0:0:0:20d:3aff:fe1b:d32f%eth0,host:fe80:0:0:0:20d:3aff:fe1b:d32f%eth0
2024-04-16 15:25:03,785 [ca78ff82-5f4d-4dc6-9d67-7317c466c16b-dn-CertificateRenewerService] INFO  ozone.OzoneSecurityUtil (OzoneSecurityUtil.java:getValidInetsForCurrentHost(116)) - Adding ip:10.1.0.30,host:fv-az699-832.gws2011vpwuupmkks00dozwttg.bx.internal.cloudapp.net
2024-04-16 15:25:03,785 [ca78ff82-5f4d-4dc6-9d67-7317c466c16b-dn-CertificateRenewerService] INFO  ozone.OzoneSecurityUtil (OzoneSecurityUtil.java:getValidInetsForCurrentHost(116)) - Adding ip:0:0:0:0:0:0:0:1%lo,host:localhost
2024-04-16 15:25:03,785 [ca78ff82-5f4d-4dc6-9d67-7317c466c16b-dn-CertificateRenewerService] INFO  ozone.OzoneSecurityUtil (OzoneSecurityUtil.java:getValidInetsForCurrentHost(119)) - ip:127.0.0.1 not returned.
2024-04-16 15:25:03,785 [ca78ff82-5f4d-4dc6-9d67-7317c466c16b-dn-CertificateRenewerService] ERROR client.DNCertificateClient (DefaultCertificateClient.java:run(1473)) - Failed to renew and store key and cert. Keep using existing certificates.
org.apache.hadoop.hdds.security.x509.exception.CertificateException: Error while signing and storing new certificates.
	at org.apache.hadoop.hdds.security.x509.certificate.client.DefaultCertificateClient.renewAndStoreKeyAndCertificate(DefaultCertificateClient.java:1155)
	at org.apache.hadoop.hdds.security.x509.certificate.client.DefaultCertificateClient$CertificateRenewerService.run(DefaultCertificateClient.java:1462)
	at java.util.concurrent.Executors$RunnableAdapter.call(Executors.java:511)
	at java.util.concurrent.FutureTask.runAndReset(FutureTask.java:308)
	at java.util.concurrent.ScheduledThreadPoolExecutor$ScheduledFutureTask.access$301(ScheduledThreadPoolExecutor.java:180)
	at java.util.concurrent.ScheduledThreadPoolExecutor$ScheduledFutureTask.run(ScheduledThreadPoolExecutor.java:294)
	at java.util.concurrent.ThreadPoolExecutor.runWorker(ThreadPoolExecutor.java:1149)
	at java.util.concurrent.ThreadPoolExecutor$Worker.run(ThreadPoolExecutor.java:624)
	at java.lang.Thread.run(Thread.java:750)
Caused by: java.lang.IllegalArgumentException: IP Address is invalid
	at org.bouncycastle.asn1.x509.GeneralName.<init>(Unknown Source)
	at org.apache.hadoop.hdds.security.x509.certificate.utils.CertificateSignRequest$Builder.addAltName(CertificateSignRequest.java:334)
	at org.apache.hadoop.hdds.security.x509.certificate.utils.CertificateSignRequest$Builder.addIpAddress(CertificateSignRequest.java:281)
	at org.apache.hadoop.hdds.security.x509.certificate.utils.CertificateSignRequest$Builder.lambda$addInetAddresses$0(CertificateSignRequest.java:306)
	at java.util.ArrayList.forEach(ArrayList.java:1259)
	at org.apache.hadoop.hdds.security.x509.certificate.utils.CertificateSignRequest$Builder.addInetAddresses(CertificateSignRequest.java:304)
	at org.apache.hadoop.hdds.security.x509.certificate.utils.CertificateSignRequest$Builder.addInetAddresses(CertificateSignRequest.java:292)
	at org.apache.hadoop.hdds.security.x509.certificate.client.DefaultCertificateClient.getCSRBuilder(DefaultCertificateClient.java:573)
	at org.apache.hadoop.hdds.security.x509.certificate.client.DNCertificateClient.getCSRBuilder(DNCertificateClient.java:75)
	at org.apache.hadoop.hdds.security.x509.certificate.client.DefaultCertificateClient.renewAndStoreKeyAndCertificate(DefaultCertificateClient.java:1150)
	... 8 more
2024-04-16 15:25:04,993 [ca78ff82-5f4d-4dc6-9d67-7317c466c16b-dn-CertificateRenewerService] INFO  client.DNCertificateClient (DefaultCertificateClient.java:run(1457)) - Current certificate 271641 needs to be renewed remaining grace period PT0S. Forced renewal due to root ca rotation: false.
2024-04-16 15:25:05,238 [ca78ff82-5f4d-4dc6-9d67-7317c466c16b-dn-CertificateRenewerService] INFO  ozone.OzoneSecurityUtil (OzoneSecurityUtil.java:getValidInetsForCurrentHost(116)) - Adding ip:fe80:0:0:0:20d:3aff:fe1b:d32f%eth0,host:fe80:0:0:0:20d:3aff:fe1b:d32f%eth0
2024-04-16 15:25:05,238 [ca78ff82-5f4d-4dc6-9d67-7317c466c16b-dn-CertificateRenewerService] INFO  ozone.OzoneSecurityUtil (OzoneSecurityUtil.java:getValidInetsForCurrentHost(116)) - Adding ip:10.1.0.30,host:fv-az699-832.gws2011vpwuupmkks00dozwttg.bx.internal.cloudapp.net
2024-04-16 15:25:05,238 [ca78ff82-5f4d-4dc6-9d67-7317c466c16b-dn-CertificateRenewerService] INFO  ozone.OzoneSecurityUtil (OzoneSecurityUtil.java:getValidInetsForCurrentHost(116)) - Adding ip:0:0:0:0:0:0:0:1%lo,host:localhost
2024-04-16 15:25:05,238 [ca78ff82-5f4d-4dc6-9d67-7317c466c16b-dn-CertificateRenewerService] INFO  ozone.OzoneSecurityUtil (OzoneSecurityUtil.java:getValidInetsForCurrentHost(119)) - ip:127.0.0.1 not returned.
2024-04-16 15:25:05,238 [ca78ff82-5f4d-4dc6-9d67-7317c466c16b-dn-CertificateRenewerService] ERROR client.DNCertificateClient (DefaultCertificateClient.java:run(1473)) - Failed to renew and store key and cert. Keep using existing certificates.
org.apache.hadoop.hdds.security.x509.exception.CertificateException: Error while signing and storing new certificates.
	at org.apache.hadoop.hdds.security.x509.certificate.client.DefaultCertificateClient.renewAndStoreKeyAndCertificate(DefaultCertificateClient.java:1155)
	at org.apache.hadoop.hdds.security.x509.certificate.client.DefaultCertificateClient$CertificateRenewerService.run(DefaultCertificateClient.java:1462)
	at java.util.concurrent.Executors$RunnableAdapter.call(Executors.java:511)
	at java.util.concurrent.FutureTask.runAndReset(FutureTask.java:308)
	at java.util.concurrent.ScheduledThreadPoolExecutor$ScheduledFutureTask.access$301(ScheduledThreadPoolExecutor.java:180)
	at java.util.concurrent.ScheduledThreadPoolExecutor$ScheduledFutureTask.run(ScheduledThreadPoolExecutor.java:294)
	at java.util.concurrent.ThreadPoolExecutor.runWorker(ThreadPoolExecutor.java:1149)
	at java.util.concurrent.ThreadPoolExecutor$Worker.run(ThreadPoolExecutor.java:624)
	at java.lang.Thread.run(Thread.java:750)
Caused by: java.lang.IllegalArgumentException: IP Address is invalid
	at org.bouncycastle.asn1.x509.GeneralName.<init>(Unknown Source)
	at org.apache.hadoop.hdds.security.x509.certificate.utils.CertificateSignRequest$Builder.addAltName(CertificateSignRequest.java:334)
	at org.apache.hadoop.hdds.security.x509.certificate.utils.CertificateSignRequest$Builder.addIpAddress(CertificateSignRequest.java:281)
	at org.apache.hadoop.hdds.security.x509.certificate.utils.CertificateSignRequest$Builder.lambda$addInetAddresses$0(CertificateSignRequest.java:306)
	at java.util.ArrayList.forEach(ArrayList.java:1259)
	at org.apache.hadoop.hdds.security.x509.certificate.utils.CertificateSignRequest$Builder.addInetAddresses(CertificateSignRequest.java:304)
	at org.apache.hadoop.hdds.security.x509.certificate.utils.CertificateSignRequest$Builder.addInetAddresses(CertificateSignRequest.java:292)
	at org.apache.hadoop.hdds.security.x509.certificate.client.DefaultCertificateClient.getCSRBuilder(DefaultCertificateClient.java:573)
	at org.apache.hadoop.hdds.security.x509.certificate.client.DNCertificateClient.getCSRBuilder(DNCertificateClient.java:75)
	at org.apache.hadoop.hdds.security.x509.certificate.client.DefaultCertificateClient.renewAndStoreKeyAndCertificate(DefaultCertificateClient.java:1150)
	... 8 more
2024-04-16 15:25:05,239 [ca78ff82-5f4d-4dc6-9d67-7317c466c16b-dn-CertificateRenewerService] INFO  client.DNCertificateClient (DefaultCertificateClient.java:run(1457)) - Current certificate 271641 needs to be renewed remaining grace period PT0S. Forced renewal due to root ca rotation: false.
2024-04-16 15:25:05,315 [ca78ff82-5f4d-4dc6-9d67-7317c466c16b-dn-CertificateRenewerService] INFO  ozone.OzoneSecurityUtil (OzoneSecurityUtil.java:getValidInetsForCurrentHost(116)) - Adding ip:fe80:0:0:0:20d:3aff:fe1b:d32f%eth0,host:fe80:0:0:0:20d:3aff:fe1b:d32f%eth0
2024-04-16 15:25:05,315 [ca78ff82-5f4d-4dc6-9d67-7317c466c16b-dn-CertificateRenewerService] INFO  ozone.OzoneSecurityUtil (OzoneSecurityUtil.java:getValidInetsForCurrentHost(116)) - Adding ip:10.1.0.30,host:fv-az699-832.gws2011vpwuupmkks00dozwttg.bx.internal.cloudapp.net
2024-04-16 15:25:05,315 [ca78ff82-5f4d-4dc6-9d67-7317c466c16b-dn-CertificateRenewerService] INFO  ozone.OzoneSecurityUtil (OzoneSecurityUtil.java:getValidInetsForCurrentHost(116)) - Adding ip:0:0:0:0:0:0:0:1%lo,host:localhost
2024-04-16 15:25:05,315 [ca78ff82-5f4d-4dc6-9d67-7317c466c16b-dn-CertificateRenewerService] INFO  ozone.OzoneSecurityUtil (OzoneSecurityUtil.java:getValidInetsForCurrentHost(119)) - ip:127.0.0.1 not returned.
2024-04-16 15:25:05,315 [ca78ff82-5f4d-4dc6-9d67-7317c466c16b-dn-CertificateRenewerService] ERROR client.DNCertificateClient (DefaultCertificateClient.java:run(1473)) - Failed to renew and store key and cert. Keep using existing certificates.
org.apache.hadoop.hdds.security.x509.exception.CertificateException: Error while signing and storing new certificates.
	at org.apache.hadoop.hdds.security.x509.certificate.client.DefaultCertificateClient.renewAndStoreKeyAndCertificate(DefaultCertificateClient.java:1155)
	at org.apache.hadoop.hdds.security.x509.certificate.client.DefaultCertificateClient$CertificateRenewerService.run(DefaultCertificateClient.java:1462)
	at java.util.concurrent.Executors$RunnableAdapter.call(Executors.java:511)
	at java.util.concurrent.FutureTask.runAndReset(FutureTask.java:308)
	at java.util.concurrent.ScheduledThreadPoolExecutor$ScheduledFutureTask.access$301(ScheduledThreadPoolExecutor.java:180)
	at java.util.concurrent.ScheduledThreadPoolExecutor$ScheduledFutureTask.run(ScheduledThreadPoolExecutor.java:294)
	at java.util.concurrent.ThreadPoolExecutor.runWorker(ThreadPoolExecutor.java:1149)
	at java.util.concurrent.ThreadPoolExecutor$Worker.run(ThreadPoolExecutor.java:624)
	at java.lang.Thread.run(Thread.java:750)
Caused by: java.lang.IllegalArgumentException: IP Address is invalid
	at org.bouncycastle.asn1.x509.GeneralName.<init>(Unknown Source)
	at org.apache.hadoop.hdds.security.x509.certificate.utils.CertificateSignRequest$Builder.addAltName(CertificateSignRequest.java:334)
	at org.apache.hadoop.hdds.security.x509.certificate.utils.CertificateSignRequest$Builder.addIpAddress(CertificateSignRequest.java:281)
	at org.apache.hadoop.hdds.security.x509.certificate.utils.CertificateSignRequest$Builder.lambda$addInetAddresses$0(CertificateSignRequest.java:306)
	at java.util.ArrayList.forEach(ArrayList.java:1259)
	at org.apache.hadoop.hdds.security.x509.certificate.utils.CertificateSignRequest$Builder.addInetAddresses(CertificateSignRequest.java:304)
	at org.apache.hadoop.hdds.security.x509.certificate.utils.CertificateSignRequest$Builder.addInetAddresses(CertificateSignRequest.java:292)
	at org.apache.hadoop.hdds.security.x509.certificate.client.DefaultCertificateClient.getCSRBuilder(DefaultCertificateClient.java:573)
	at org.apache.hadoop.hdds.security.x509.certificate.client.DNCertificateClient.getCSRBuilder(DNCertificateClient.java:75)
	at org.apache.hadoop.hdds.security.x509.certificate.client.DefaultCertificateClient.renewAndStoreKeyAndCertificate(DefaultCertificateClient.java:1150)
	... 8 more
]]></system-out>
      <system-err><![CDATA[java.lang.RuntimeException: Fail to authentication when starting HDDS datanode plugin
	at org.apache.hadoop.ozone.HddsDatanodeService.start(HddsDatanodeService.java:346)
	at org.apache.hadoop.ozone.HddsDatanodeService.start(HddsDatanodeService.java:213)
	at org.apache.hadoop.ozone.TestHddsSecureDatanodeInit.lambda$setUp$0(TestHddsSecureDatanodeInit.java:123)
	at org.apache.hadoop.ozone.TestHddsSecureDatanodeInit.callQuietly(TestHddsSecureDatanodeInit.java:310)
	at org.apache.hadoop.ozone.TestHddsSecureDatanodeInit.setUp(TestHddsSecureDatanodeInit.java:122)
	at sun.reflect.NativeMethodAccessorImpl.invoke0(Native Method)
	at sun.reflect.NativeMethodAccessorImpl.invoke(NativeMethodAccessorImpl.java:62)
	at sun.reflect.DelegatingMethodAccessorImpl.invoke(DelegatingMethodAccessorImpl.java:43)
	at java.lang.reflect.Method.invoke(Method.java:498)
	at org.junit.platform.commons.util.ReflectionUtils.invokeMethod(ReflectionUtils.java:728)
	at org.junit.jupiter.engine.execution.MethodInvocation.proceed(MethodInvocation.java:60)
	at org.junit.jupiter.engine.execution.InvocationInterceptorChain$ValidatingInvocation.proceed(InvocationInterceptorChain.java:131)
	at org.junit.jupiter.engine.extension.TimeoutExtension.intercept(TimeoutExtension.java:156)
	at org.junit.jupiter.engine.extension.TimeoutExtension.interceptLifecycleMethod(TimeoutExtension.java:128)
	at org.junit.jupiter.engine.extension.TimeoutExtension.interceptBeforeAllMethod(TimeoutExtension.java:70)
	at org.junit.jupiter.engine.execution.InterceptingExecutableInvoker$ReflectiveInterceptorCall.lambda$ofVoidMethod$0(InterceptingExecutableInvoker.java:103)
	at org.junit.jupiter.engine.execution.InterceptingExecutableInvoker.lambda$invoke$0(InterceptingExecutableInvoker.java:93)
	at org.junit.jupiter.engine.execution.InvocationInterceptorChain$InterceptedInvocation.proceed(InvocationInterceptorChain.java:106)
	at org.junit.jupiter.engine.execution.InvocationInterceptorChain.proceed(InvocationInterceptorChain.java:64)
	at org.junit.jupiter.engine.execution.InvocationInterceptorChain.chainAndInvoke(InvocationInterceptorChain.java:45)
	at org.junit.jupiter.engine.execution.InvocationInterceptorChain.invoke(InvocationInterceptorChain.java:37)
	at org.junit.jupiter.engine.execution.InterceptingExecutableInvoker.invoke(InterceptingExecutableInvoker.java:92)
	at org.junit.jupiter.engine.execution.InterceptingExecutableInvoker.invoke(InterceptingExecutableInvoker.java:86)
	at org.junit.jupiter.engine.descriptor.ClassBasedTestDescriptor.lambda$invokeBeforeAllMethods$13(ClassBasedTestDescriptor.java:412)
	at org.junit.platform.engine.support.hierarchical.ThrowableCollector.execute(ThrowableCollector.java:73)
	at org.junit.jupiter.engine.descriptor.ClassBasedTestDescriptor.invokeBeforeAllMethods(ClassBasedTestDescriptor.java:410)
	at org.junit.jupiter.engine.descriptor.ClassBasedTestDescriptor.before(ClassBasedTestDescriptor.java:216)
	at org.junit.jupiter.engine.descriptor.ClassBasedTestDescriptor.before(ClassBasedTestDescriptor.java:85)
	at org.junit.platform.engine.support.hierarchical.NodeTestTask.lambda$executeRecursively$6(NodeTestTask.java:148)
	at org.junit.platform.engine.support.hierarchical.ThrowableCollector.execute(ThrowableCollector.java:73)
	at org.junit.platform.engine.support.hierarchical.NodeTestTask.lambda$executeRecursively$8(NodeTestTask.java:141)
	at org.junit.platform.engine.support.hierarchical.Node.around(Node.java:137)
	at org.junit.platform.engine.support.hierarchical.NodeTestTask.lambda$executeRecursively$9(NodeTestTask.java:139)
	at org.junit.platform.engine.support.hierarchical.ThrowableCollector.execute(ThrowableCollector.java:73)
	at org.junit.platform.engine.support.hierarchical.NodeTestTask.executeRecursively(NodeTestTask.java:138)
	at org.junit.platform.engine.support.hierarchical.NodeTestTask.execute(NodeTestTask.java:95)
	at java.util.ArrayList.forEach(ArrayList.java:1259)
	at org.junit.platform.engine.support.hierarchical.SameThreadHierarchicalTestExecutorService.invokeAll(SameThreadHierarchicalTestExecutorService.java:41)
	at org.junit.platform.engine.support.hierarchical.NodeTestTask.lambda$executeRecursively$6(NodeTestTask.java:155)
	at org.junit.platform.engine.support.hierarchical.ThrowableCollector.execute(ThrowableCollector.java:73)
	at org.junit.platform.engine.support.hierarchical.NodeTestTask.lambda$executeRecursively$8(NodeTestTask.java:141)
	at org.junit.platform.engine.support.hierarchical.Node.around(Node.java:137)
	at org.junit.platform.engine.support.hierarchical.NodeTestTask.lambda$executeRecursively$9(NodeTestTask.java:139)
	at org.junit.platform.engine.support.hierarchical.ThrowableCollector.execute(ThrowableCollector.java:73)
	at org.junit.platform.engine.support.hierarchical.NodeTestTask.executeRecursively(NodeTestTask.java:138)
	at org.junit.platform.engine.support.hierarchical.NodeTestTask.execute(NodeTestTask.java:95)
	at org.junit.platform.engine.support.hierarchical.SameThreadHierarchicalTestExecutorService.submit(SameThreadHierarchicalTestExecutorService.java:35)
	at org.junit.platform.engine.support.hierarchical.HierarchicalTestExecutor.execute(HierarchicalTestExecutor.java:57)
	at org.junit.platform.engine.support.hierarchical.HierarchicalTestEngine.execute(HierarchicalTestEngine.java:54)
	at org.junit.platform.launcher.core.EngineExecutionOrchestrator.execute(EngineExecutionOrchestrator.java:198)
	at org.junit.platform.launcher.core.EngineExecutionOrchestrator.execute(EngineExecutionOrchestrator.java:169)
	at org.junit.platform.launcher.core.EngineExecutionOrchestrator.execute(EngineExecutionOrchestrator.java:93)
	at org.junit.platform.launcher.core.EngineExecutionOrchestrator.lambda$execute$0(EngineExecutionOrchestrator.java:58)
	at org.junit.platform.launcher.core.EngineExecutionOrchestrator.withInterceptedStreams(EngineExecutionOrchestrator.java:141)
	at org.junit.platform.launcher.core.EngineExecutionOrchestrator.execute(EngineExecutionOrchestrator.java:57)
	at org.junit.platform.launcher.core.DefaultLauncher.execute(DefaultLauncher.java:103)
	at org.junit.platform.launcher.core.DefaultLauncher.execute(DefaultLauncher.java:85)
	at org.junit.platform.launcher.core.DelegatingLauncher.execute(DelegatingLauncher.java:47)
	at org.junit.platform.launcher.core.SessionPerRequestLauncher.execute(SessionPerRequestLauncher.java:63)
	at org.apache.maven.surefire.junitplatform.JUnitPlatformProvider.invokeAllTests(JUnitPlatformProvider.java:165)
	at org.apache.maven.surefire.junitplatform.JUnitPlatformProvider.invoke(JUnitPlatformProvider.java:123)
	at org.apache.maven.surefire.booter.ForkedBooter.runSuitesInProcess(ForkedBooter.java:377)
	at org.apache.maven.surefire.booter.ForkedBooter.execute(ForkedBooter.java:138)
	at org.apache.maven.surefire.booter.ForkedBooter.run(ForkedBooter.java:465)
	at org.apache.maven.surefire.booter.ForkedBooter.main(ForkedBooter.java:451)
Caused by: org.apache.hadoop.security.authentication.client.AuthenticationException: SIMPLE authentication method not supported. Datanode user login failed.
	at org.apache.hadoop.ozone.HddsDatanodeService.start(HddsDatanodeService.java:263)
	... 64 more
java.lang.IllegalArgumentException: IP Address is invalid
	at org.bouncycastle.asn1.x509.GeneralName.<init>(Unknown Source)
	at org.apache.hadoop.hdds.security.x509.certificate.utils.CertificateSignRequest$Builder.addAltName(CertificateSignRequest.java:334)
	at org.apache.hadoop.hdds.security.x509.certificate.utils.CertificateSignRequest$Builder.addIpAddress(CertificateSignRequest.java:281)
	at org.apache.hadoop.hdds.security.x509.certificate.utils.CertificateSignRequest$Builder.lambda$addInetAddresses$0(CertificateSignRequest.java:306)
	at java.util.ArrayList.forEach(ArrayList.java:1259)
	at org.apache.hadoop.hdds.security.x509.certificate.utils.CertificateSignRequest$Builder.addInetAddresses(CertificateSignRequest.java:304)
	at org.apache.hadoop.hdds.security.x509.certificate.utils.CertificateSignRequest$Builder.addInetAddresses(CertificateSignRequest.java:292)
	at org.apache.hadoop.hdds.security.x509.certificate.client.DefaultCertificateClient.getCSRBuilder(DefaultCertificateClient.java:573)
	at org.apache.hadoop.hdds.security.x509.certificate.client.DNCertificateClient.getCSRBuilder(DNCertificateClient.java:75)
	at org.apache.hadoop.hdds.security.x509.certificate.client.DefaultCertificateClient.recoverStateIfNeeded(DefaultCertificateClient.java:806)
	at org.apache.hadoop.hdds.security.x509.certificate.client.DefaultCertificateClient.initWithRecovery(DefaultCertificateClient.java:701)
	at org.apache.hadoop.ozone.HddsDatanodeService.initializeCertificateClient(HddsDatanodeService.java:398)
	at org.apache.hadoop.ozone.TestHddsSecureDatanodeInit.lambda$setUp$1(TestHddsSecureDatanodeInit.java:127)
	at org.apache.hadoop.ozone.TestHddsSecureDatanodeInit.callQuietly(TestHddsSecureDatanodeInit.java:310)
	at org.apache.hadoop.ozone.TestHddsSecureDatanodeInit.setUp(TestHddsSecureDatanodeInit.java:126)
	at sun.reflect.NativeMethodAccessorImpl.invoke0(Native Method)
	at sun.reflect.NativeMethodAccessorImpl.invoke(NativeMethodAccessorImpl.java:62)
	at sun.reflect.DelegatingMethodAccessorImpl.invoke(DelegatingMethodAccessorImpl.java:43)
	at java.lang.reflect.Method.invoke(Method.java:498)
	at org.junit.platform.commons.util.ReflectionUtils.invokeMethod(ReflectionUtils.java:728)
	at org.junit.jupiter.engine.execution.MethodInvocation.proceed(MethodInvocation.java:60)
	at org.junit.jupiter.engine.execution.InvocationInterceptorChain$ValidatingInvocation.proceed(InvocationInterceptorChain.java:131)
	at org.junit.jupiter.engine.extension.TimeoutExtension.intercept(TimeoutExtension.java:156)
	at org.junit.jupiter.engine.extension.TimeoutExtension.interceptLifecycleMethod(TimeoutExtension.java:128)
	at org.junit.jupiter.engine.extension.TimeoutExtension.interceptBeforeAllMethod(TimeoutExtension.java:70)
	at org.junit.jupiter.engine.execution.InterceptingExecutableInvoker$ReflectiveInterceptorCall.lambda$ofVoidMethod$0(InterceptingExecutableInvoker.java:103)
	at org.junit.jupiter.engine.execution.InterceptingExecutableInvoker.lambda$invoke$0(InterceptingExecutableInvoker.java:93)
	at org.junit.jupiter.engine.execution.InvocationInterceptorChain$InterceptedInvocation.proceed(InvocationInterceptorChain.java:106)
	at org.junit.jupiter.engine.execution.InvocationInterceptorChain.proceed(InvocationInterceptorChain.java:64)
	at org.junit.jupiter.engine.execution.InvocationInterceptorChain.chainAndInvoke(InvocationInterceptorChain.java:45)
	at org.junit.jupiter.engine.execution.InvocationInterceptorChain.invoke(InvocationInterceptorChain.java:37)
	at org.junit.jupiter.engine.execution.InterceptingExecutableInvoker.invoke(InterceptingExecutableInvoker.java:92)
	at org.junit.jupiter.engine.execution.InterceptingExecutableInvoker.invoke(InterceptingExecutableInvoker.java:86)
	at org.junit.jupiter.engine.descriptor.ClassBasedTestDescriptor.lambda$invokeBeforeAllMethods$13(ClassBasedTestDescriptor.java:412)
	at org.junit.platform.engine.support.hierarchical.ThrowableCollector.execute(ThrowableCollector.java:73)
	at org.junit.jupiter.engine.descriptor.ClassBasedTestDescriptor.invokeBeforeAllMethods(ClassBasedTestDescriptor.java:410)
	at org.junit.jupiter.engine.descriptor.ClassBasedTestDescriptor.before(ClassBasedTestDescriptor.java:216)
	at org.junit.jupiter.engine.descriptor.ClassBasedTestDescriptor.before(ClassBasedTestDescriptor.java:85)
	at org.junit.platform.engine.support.hierarchical.NodeTestTask.lambda$executeRecursively$6(NodeTestTask.java:148)
	at org.junit.platform.engine.support.hierarchical.ThrowableCollector.execute(ThrowableCollector.java:73)
	at org.junit.platform.engine.support.hierarchical.NodeTestTask.lambda$executeRecursively$8(NodeTestTask.java:141)
	at org.junit.platform.engine.support.hierarchical.Node.around(Node.java:137)
	at org.junit.platform.engine.support.hierarchical.NodeTestTask.lambda$executeRecursively$9(NodeTestTask.java:139)
	at org.junit.platform.engine.support.hierarchical.ThrowableCollector.execute(ThrowableCollector.java:73)
	at org.junit.platform.engine.support.hierarchical.NodeTestTask.executeRecursively(NodeTestTask.java:138)
	at org.junit.platform.engine.support.hierarchical.NodeTestTask.execute(NodeTestTask.java:95)
	at java.util.ArrayList.forEach(ArrayList.java:1259)
	at org.junit.platform.engine.support.hierarchical.SameThreadHierarchicalTestExecutorService.invokeAll(SameThreadHierarchicalTestExecutorService.java:41)
	at org.junit.platform.engine.support.hierarchical.NodeTestTask.lambda$executeRecursively$6(NodeTestTask.java:155)
	at org.junit.platform.engine.support.hierarchical.ThrowableCollector.execute(ThrowableCollector.java:73)
	at org.junit.platform.engine.support.hierarchical.NodeTestTask.lambda$executeRecursively$8(NodeTestTask.java:141)
	at org.junit.platform.engine.support.hierarchical.Node.around(Node.java:137)
	at org.junit.platform.engine.support.hierarchical.NodeTestTask.lambda$executeRecursively$9(NodeTestTask.java:139)
	at org.junit.platform.engine.support.hierarchical.ThrowableCollector.execute(ThrowableCollector.java:73)
	at org.junit.platform.engine.support.hierarchical.NodeTestTask.executeRecursively(NodeTestTask.java:138)
	at org.junit.platform.engine.support.hierarchical.NodeTestTask.execute(NodeTestTask.java:95)
	at org.junit.platform.engine.support.hierarchical.SameThreadHierarchicalTestExecutorService.submit(SameThreadHierarchicalTestExecutorService.java:35)
	at org.junit.platform.engine.support.hierarchical.HierarchicalTestExecutor.execute(HierarchicalTestExecutor.java:57)
	at org.junit.platform.engine.support.hierarchical.HierarchicalTestEngine.execute(HierarchicalTestEngine.java:54)
	at org.junit.platform.launcher.core.EngineExecutionOrchestrator.execute(EngineExecutionOrchestrator.java:198)
	at org.junit.platform.launcher.core.EngineExecutionOrchestrator.execute(EngineExecutionOrchestrator.java:169)
	at org.junit.platform.launcher.core.EngineExecutionOrchestrator.execute(EngineExecutionOrchestrator.java:93)
	at org.junit.platform.launcher.core.EngineExecutionOrchestrator.lambda$execute$0(EngineExecutionOrchestrator.java:58)
	at org.junit.platform.launcher.core.EngineExecutionOrchestrator.withInterceptedStreams(EngineExecutionOrchestrator.java:141)
	at org.junit.platform.launcher.core.EngineExecutionOrchestrator.execute(EngineExecutionOrchestrator.java:57)
	at org.junit.platform.launcher.core.DefaultLauncher.execute(DefaultLauncher.java:103)
	at org.junit.platform.launcher.core.DefaultLauncher.execute(DefaultLauncher.java:85)
	at org.junit.platform.launcher.core.DelegatingLauncher.execute(DelegatingLauncher.java:47)
	at org.junit.platform.launcher.core.SessionPerRequestLauncher.execute(SessionPerRequestLauncher.java:63)
	at org.apache.maven.surefire.junitplatform.JUnitPlatformProvider.invokeAllTests(JUnitPlatformProvider.java:165)
	at org.apache.maven.surefire.junitplatform.JUnitPlatformProvider.invoke(JUnitPlatformProvider.java:123)
	at org.apache.maven.surefire.booter.ForkedBooter.runSuitesInProcess(ForkedBooter.java:377)
	at org.apache.maven.surefire.booter.ForkedBooter.execute(ForkedBooter.java:138)
	at org.apache.maven.surefire.booter.ForkedBooter.run(ForkedBooter.java:465)
	at org.apache.maven.surefire.booter.ForkedBooter.main(ForkedBooter.java:451)
]]></system-err>
    </rerunError>
    <rerunError type="java.util.concurrent.TimeoutException">
      <stackTrace><![CDATA[java.util.concurrent.TimeoutException: 
Timed out waiting for condition. Thread diagnostics:
Timestamp: 2024-04-16 03:25:35,805

"gradle-enterprise-test-client-gradle-enterprise-test-listener"  prio=5 tid=14 in Object.wait()
java.lang.Thread.State: WAITING (on object monitor)
        at sun.misc.Unsafe.park(Native Method)
        at java.util.concurrent.locks.LockSupport.park(LockSupport.java:175)
        at java.util.concurrent.locks.AbstractQueuedSynchronizer$ConditionObject.await(AbstractQueuedSynchronizer.java:2039)
        at java.util.concurrent.ArrayBlockingQueue.take(ArrayBlockingQueue.java:403)
        at com.gradle.maven.scan.extension.test.listener.obfuscated.k.a.a(SourceFile:130)
        at com.gradle.maven.scan.extension.test.listener.obfuscated.k.a.b(SourceFile:93)
        at com.gradle.maven.scan.extension.test.listener.obfuscated.k.a$$Lambda$270/1165303897.run(Unknown Source)
        at java.util.concurrent.Executors$RunnableAdapter.call(Executors.java:511)
        at java.util.concurrent.FutureTask.run(FutureTask.java:266)
        at java.util.concurrent.ThreadPoolExecutor.runWorker(ThreadPoolExecutor.java:1149)
        at java.util.concurrent.ThreadPoolExecutor$Worker.run(ThreadPoolExecutor.java:624)
        at java.lang.Thread.run(Thread.java:750)
"Timer for 'HddsDatanode' metrics system" daemon prio=5 tid=17 timed_waiting
java.lang.Thread.State: TIMED_WAITING
        at java.lang.Object.wait(Native Method)
        at java.util.TimerThread.mainLoop(Timer.java:552)
        at java.util.TimerThread.run(Timer.java:505)
"Reference Handler" daemon prio=10 tid=2 in Object.wait()
java.lang.Thread.State: WAITING (on object monitor)
        at java.lang.Object.wait(Native Method)
        at java.lang.Object.wait(Object.java:502)
        at java.lang.ref.Reference.tryHandlePending(Reference.java:191)
        at java.lang.ref.Reference$ReferenceHandler.run(Reference.java:153)
"Signal Dispatcher" daemon prio=9 tid=4 runnable
java.lang.Thread.State: RUNNABLE
"surefire-forkedjvm-ping-30s" daemon prio=5 tid=11 timed_waiting
java.lang.Thread.State: TIMED_WAITING
        at sun.misc.Unsafe.park(Native Method)
        at java.util.concurrent.locks.LockSupport.parkNanos(LockSupport.java:215)
        at java.util.concurrent.locks.AbstractQueuedSynchronizer$ConditionObject.awaitNanos(AbstractQueuedSynchronizer.java:2078)
        at java.util.concurrent.ScheduledThreadPoolExecutor$DelayedWorkQueue.take(ScheduledThreadPoolExecutor.java:1093)
        at java.util.concurrent.ScheduledThreadPoolExecutor$DelayedWorkQueue.take(ScheduledThreadPoolExecutor.java:809)
        at java.util.concurrent.ThreadPoolExecutor.getTask(ThreadPoolExecutor.java:1074)
        at java.util.concurrent.ThreadPoolExecutor.runWorker(ThreadPoolExecutor.java:1134)
        at java.util.concurrent.ThreadPoolExecutor$Worker.run(ThreadPoolExecutor.java:624)
        at java.lang.Thread.run(Thread.java:750)
"b0aa2d35-6359-4a01-adae-562d9ba7b9a5-dn-CertificateRenewerService" daemon prio=5 tid=24 timed_waiting
java.lang.Thread.State: TIMED_WAITING
        at sun.misc.Unsafe.park(Native Method)
        at java.util.concurrent.locks.LockSupport.parkNanos(LockSupport.java:215)
        at java.util.concurrent.locks.AbstractQueuedSynchronizer$ConditionObject.awaitNanos(AbstractQueuedSynchronizer.java:2078)
        at java.util.concurrent.ScheduledThreadPoolExecutor$DelayedWorkQueue.take(ScheduledThreadPoolExecutor.java:1093)
        at java.util.concurrent.ScheduledThreadPoolExecutor$DelayedWorkQueue.take(ScheduledThreadPoolExecutor.java:809)
        at java.util.concurrent.ThreadPoolExecutor.getTask(ThreadPoolExecutor.java:1074)
        at java.util.concurrent.ThreadPoolExecutor.runWorker(ThreadPoolExecutor.java:1134)
        at java.util.concurrent.ThreadPoolExecutor$Worker.run(ThreadPoolExecutor.java:624)
        at java.lang.Thread.run(Thread.java:750)
"Attach Listener" daemon prio=9 tid=18 runnable
java.lang.Thread.State: RUNNABLE
"surefire-forkedjvm-command-thread" daemon prio=5 tid=10 runnable
java.lang.Thread.State: RUNNABLE
        at java.io.FileInputStream.readBytes(Native Method)
        at java.io.FileInputStream.read(FileInputStream.java:255)
        at java.io.BufferedInputStream.fill(BufferedInputStream.java:246)
        at java.io.BufferedInputStream.read(BufferedInputStream.java:265)
        at java.io.DataInputStream.readInt(DataInputStream.java:387)
        at org.apache.maven.surefire.booter.MasterProcessCommand.decode(MasterProcessCommand.java:113)
        at org.apache.maven.surefire.booter.CommandReader$CommandRunnable.run(CommandReader.java:383)
        at java.lang.Thread.run(Thread.java:750)
"process reaper" daemon prio=10 tid=13 timed_waiting
java.lang.Thread.State: TIMED_WAITING
        at sun.misc.Unsafe.park(Native Method)
        at java.util.concurrent.locks.LockSupport.parkNanos(LockSupport.java:215)
        at java.util.concurrent.SynchronousQueue$TransferStack.awaitFulfill(SynchronousQueue.java:460)
        at java.util.concurrent.SynchronousQueue$TransferStack.transfer(SynchronousQueue.java:362)
        at java.util.concurrent.SynchronousQueue.poll(SynchronousQueue.java:941)
        at java.util.concurrent.ThreadPoolExecutor.getTask(ThreadPoolExecutor.java:1073)
        at java.util.concurrent.ThreadPoolExecutor.runWorker(ThreadPoolExecutor.java:1134)
        at java.util.concurrent.ThreadPoolExecutor$Worker.run(ThreadPoolExecutor.java:624)
        at java.lang.Thread.run(Thread.java:750)
"Finalizer" daemon prio=8 tid=3 in Object.wait()
java.lang.Thread.State: WAITING (on object monitor)
        at java.lang.Object.wait(Native Method)
        at java.lang.ref.ReferenceQueue.remove(ReferenceQueue.java:144)
        at java.lang.ref.ReferenceQueue.remove(ReferenceQueue.java:165)
        at java.lang.ref.Finalizer$FinalizerThread.run(Finalizer.java:188)
"main"  prio=5 tid=1 runnable
java.lang.Thread.State: RUNNABLE
        at java.lang.Thread.dumpThreads(Native Method)
        at java.lang.Thread.getAllStackTraces(Thread.java:1615)
        at org.apache.ozone.test.TimedOutTestsListener.buildThreadDump(TimedOutTestsListener.java:83)
        at org.apache.ozone.test.TimedOutTestsListener.buildThreadDiagnosticString(TimedOutTestsListener.java:69)
        at org.apache.ozone.test.GenericTestUtils.waitFor(GenericTestUtils.java:204)
        at org.apache.hadoop.ozone.TestHddsSecureDatanodeInit.testCertificateRotationRecoverableFailure(TestHddsSecureDatanodeInit.java:444)
        at sun.reflect.NativeMethodAccessorImpl.invoke0(Native Method)
        at sun.reflect.NativeMethodAccessorImpl.invoke(NativeMethodAccessorImpl.java:62)
        at sun.reflect.DelegatingMethodAccessorImpl.invoke(DelegatingMethodAccessorImpl.java:43)
        at java.lang.reflect.Method.invoke(Method.java:498)
        at org.junit.platform.commons.util.ReflectionUtils.invokeMethod(ReflectionUtils.java:728)
        at org.junit.jupiter.engine.execution.MethodInvocation.proceed(MethodInvocation.java:60)
        at org.junit.jupiter.engine.execution.InvocationInterceptorChain$ValidatingInvocation.proceed(InvocationInterceptorChain.java:131)
        at org.junit.jupiter.engine.extension.TimeoutExtension.intercept(TimeoutExtension.java:156)
        at org.junit.jupiter.engine.extension.TimeoutExtension.interceptTestableMethod(TimeoutExtension.java:147)
        at org.junit.jupiter.engine.extension.TimeoutExtension.interceptTestMethod(TimeoutExtension.java:86)
        at org.junit.jupiter.engine.descriptor.TestMethodTestDescriptor$$Lambda$179/24119573.apply(Unknown Source)
        at org.junit.jupiter.engine.execution.InterceptingExecutableInvoker$ReflectiveInterceptorCall.lambda$ofVoidMethod$0(InterceptingExecutableInvoker.java:103)
        at org.junit.jupiter.engine.execution.InterceptingExecutableInvoker$ReflectiveInterceptorCall$$Lambda$180/836220863.apply(Unknown Source)
        at org.junit.jupiter.engine.execution.InterceptingExecutableInvoker.lambda$invoke$0(InterceptingExecutableInvoker.java:93)
        at org.junit.jupiter.engine.execution.InterceptingExecutableInvoker$$Lambda$408/1320105604.apply(Unknown Source)
        at org.junit.jupiter.engine.execution.InvocationInterceptorChain$InterceptedInvocation.proceed(InvocationInterceptorChain.java:106)
        at org.junit.jupiter.engine.execution.InvocationInterceptorChain.proceed(InvocationInterceptorChain.java:64)
        at org.junit.jupiter.engine.execution.InvocationInterceptorChain.chainAndInvoke(InvocationInterceptorChain.java:45)
        at org.junit.jupiter.engine.execution.InvocationInterceptorChain.invoke(InvocationInterceptorChain.java:37)
        at org.junit.jupiter.engine.execution.InterceptingExecutableInvoker.invoke(InterceptingExecutableInvoker.java:92)
        at org.junit.jupiter.engine.execution.InterceptingExecutableInvoker.invoke(InterceptingExecutableInvoker.java:86)
        at org.junit.jupiter.engine.descriptor.TestMethodTestDescriptor.lambda$invokeTestMethod$7(TestMethodTestDescriptor.java:218)
        at org.junit.jupiter.engine.descriptor.TestMethodTestDescriptor$$Lambda$503/987263357.execute(Unknown Source)
        at org.junit.platform.engine.support.hierarchical.ThrowableCollector.execute(ThrowableCollector.java:73)
        at org.junit.jupiter.engine.descriptor.TestMethodTestDescriptor.invokeTestMethod(TestMethodTestDescriptor.java:214)
        at org.junit.jupiter.engine.descriptor.TestMethodTestDescriptor.execute(TestMethodTestDescriptor.java:139)
        at org.junit.jupiter.engine.descriptor.TestMethodTestDescriptor.execute(TestMethodTestDescriptor.java:69)
        at org.junit.platform.engine.support.hierarchical.NodeTestTask.lambda$executeRecursively$6(NodeTestTask.java:151)
        at org.junit.platform.engine.support.hierarchical.NodeTestTask$$Lambda$331/938545229.execute(Unknown Source)
        at org.junit.platform.engine.support.hierarchical.ThrowableCollector.execute(ThrowableCollector.java:73)
        at org.junit.platform.engine.support.hierarchical.NodeTestTask.lambda$executeRecursively$8(NodeTestTask.java:141)
        at org.junit.platform.engine.support.hierarchical.NodeTestTask$$Lambda$330/1946645411.invoke(Unknown Source)
        at org.junit.platform.engine.support.hierarchical.Node.around(Node.java:137)
        at org.junit.platform.engine.support.hierarchical.NodeTestTask.lambda$executeRecursively$9(NodeTestTask.java:139)
        at org.junit.platform.engine.support.hierarchical.NodeTestTask$$Lambda$329/1050065615.execute(Unknown Source)
        at org.junit.platform.engine.support.hierarchical.ThrowableCollector.execute(ThrowableCollector.java:73)
        at org.junit.platform.engine.support.hierarchical.NodeTestTask.executeRecursively(NodeTestTask.java:138)
        at org.junit.platform.engine.support.hierarchical.NodeTestTask.execute(NodeTestTask.java:95)
        at org.junit.platform.engine.support.hierarchical.SameThreadHierarchicalTestExecutorService$$Lambda$335/90767234.accept(Unknown Source)
        at java.util.ArrayList.forEach(ArrayList.java:1259)
        at org.junit.platform.engine.support.hierarchical.SameThreadHierarchicalTestExecutorService.invokeAll(SameThreadHierarchicalTestExecutorService.java:41)
        at org.junit.platform.engine.support.hierarchical.NodeTestTask.lambda$executeRecursively$6(NodeTestTask.java:155)
        at org.junit.platform.engine.support.hierarchical.NodeTestTask$$Lambda$331/938545229.execute(Unknown Source)
        at org.junit.platform.engine.support.hierarchical.ThrowableCollector.execute(ThrowableCollector.java:73)
        at org.junit.platform.engine.support.hierarchical.NodeTestTask.lambda$executeRecursively$8(NodeTestTask.java:141)
        at org.junit.platform.engine.support.hierarchical.NodeTestTask$$Lambda$330/1946645411.invoke(Unknown Source)
        at org.junit.platform.engine.support.hierarchical.Node.around(Node.java:137)
        at org.junit.platform.engine.support.hierarchical.NodeTestTask.lambda$executeRecursively$9(NodeTestTask.java:139)
        at org.junit.platform.engine.support.hierarchical.NodeTestTask$$Lambda$329/1050065615.execute(Unknown Source)
        at org.junit.platform.engine.support.hierarchical.ThrowableCollector.execute(ThrowableCollector.java:73)
        at org.junit.platform.engine.support.hierarchical.NodeTestTask.executeRecursively(NodeTestTask.java:138)
        at org.junit.platform.engine.support.hierarchical.NodeTestTask.execute(NodeTestTask.java:95)
        at org.junit.platform.engine.support.hierarchical.SameThreadHierarchicalTestExecutorService$$Lambda$335/90767234.accept(Unknown Source)
        at java.util.ArrayList.forEach(ArrayList.java:1259)
        at org.junit.platform.engine.support.hierarchical.SameThreadHierarchicalTestExecutorService.invokeAll(SameThreadHierarchicalTestExecutorService.java:41)
        at org.junit.platform.engine.support.hierarchical.NodeTestTask.lambda$executeRecursively$6(NodeTestTask.java:155)
        at org.junit.platform.engine.support.hierarchical.NodeTestTask$$Lambda$331/938545229.execute(Unknown Source)
        at org.junit.platform.engine.support.hierarchical.ThrowableCollector.execute(ThrowableCollector.java:73)
        at org.junit.platform.engine.support.hierarchical.NodeTestTask.lambda$executeRecursively$8(NodeTestTask.java:141)
        at org.junit.platform.engine.support.hierarchical.NodeTestTask$$Lambda$330/1946645411.invoke(Unknown Source)
        at org.junit.platform.engine.support.hierarchical.Node.around(Node.java:137)
        at org.junit.platform.engine.support.hierarchical.NodeTestTask.lambda$executeRecursively$9(NodeTestTask.java:139)
        at org.junit.platform.engine.support.hierarchical.NodeTestTask$$Lambda$329/1050065615.execute(Unknown Source)
        at org.junit.platform.engine.support.hierarchical.ThrowableCollector.execute(ThrowableCollector.java:73)
        at org.junit.platform.engine.support.hierarchical.NodeTestTask.executeRecursively(NodeTestTask.java:138)
        at org.junit.platform.engine.support.hierarchical.NodeTestTask.execute(NodeTestTask.java:95)
        at org.junit.platform.engine.support.hierarchical.SameThreadHierarchicalTestExecutorService.submit(SameThreadHierarchicalTestExecutorService.java:35)
        at org.junit.platform.engine.support.hierarchical.HierarchicalTestExecutor.execute(HierarchicalTestExecutor.java:57)
        at org.junit.platform.engine.support.hierarchical.HierarchicalTestEngine.execute(HierarchicalTestEngine.java:54)
        at org.junit.platform.launcher.core.EngineExecutionOrchestrator.execute(EngineExecutionOrchestrator.java:198)
        at org.junit.platform.launcher.core.EngineExecutionOrchestrator.execute(EngineExecutionOrchestrator.java:169)
        at org.junit.platform.launcher.core.EngineExecutionOrchestrator.execute(EngineExecutionOrchestrator.java:93)
        at org.junit.platform.launcher.core.EngineExecutionOrchestrator.lambda$execute$0(EngineExecutionOrchestrator.java:58)
        at org.junit.platform.launcher.core.EngineExecutionOrchestrator$$Lambda$249/1364913072.accept(Unknown Source)
        at org.junit.platform.launcher.core.EngineExecutionOrchestrator.withInterceptedStreams(EngineExecutionOrchestrator.java:141)
        at org.junit.platform.launcher.core.EngineExecutionOrchestrator.execute(EngineExecutionOrchestrator.java:57)
        at org.junit.platform.launcher.core.DefaultLauncher.execute(DefaultLauncher.java:103)
        at org.junit.platform.launcher.core.DefaultLauncher.execute(DefaultLauncher.java:85)
        at org.junit.platform.launcher.core.DelegatingLauncher.execute(DelegatingLauncher.java:47)
        at org.junit.platform.launcher.core.SessionPerRequestLauncher.execute(SessionPerRequestLauncher.java:63)
        at org.apache.maven.surefire.junitplatform.JUnitPlatformProvider.invokeAllTests(JUnitPlatformProvider.java:165)
        at org.apache.maven.surefire.junitplatform.JUnitPlatformProvider.invoke(JUnitPlatformProvider.java:123)
        at org.apache.maven.surefire.booter.ForkedBooter.runSuitesInProcess(ForkedBooter.java:377)
        at org.apache.maven.surefire.booter.ForkedBooter.execute(ForkedBooter.java:138)
        at org.apache.maven.surefire.booter.ForkedBooter.run(ForkedBooter.java:465)
        at org.apache.maven.surefire.booter.ForkedBooter.main(ForkedBooter.java:451)


	at org.apache.ozone.test.GenericTestUtils.waitFor(GenericTestUtils.java:204)
	at org.apache.hadoop.ozone.TestHddsSecureDatanodeInit.testCertificateRotationRecoverableFailure(TestHddsSecureDatanodeInit.java:444)
	at java.lang.reflect.Method.invoke(Method.java:498)
	at java.util.ArrayList.forEach(ArrayList.java:1259)
	at java.util.ArrayList.forEach(ArrayList.java:1259)
]]></stackTrace>
      <system-out><![CDATA[2024-04-16 15:25:05,656 [main] WARN  impl.MetricsSystemImpl (MetricsSystemImpl.java:init(151)) - HddsDatanode metrics system already initialized!
2024-04-16 15:25:05,664 [main] INFO  utils.HddsServerUtil (HddsServerUtil.java:initializeMetrics(578)) - Metrics source JvmMetrics already added to DataNode.
2024-04-16 15:25:05,664 [main] INFO  ozone.HddsDatanodeService (HddsDatanodeService.java:start(240)) - HddsDatanodeService host:fv-az699-832.gws2011vpwuupmkks00dozwttg.bx.internal.cloudapp.net ip:10.1.0.30
2024-04-16 15:25:05,672 [main] INFO  ozone.HddsDatanodeService (HddsDatanodeService.java:initializeCertificateClient(388)) - Initializing secure Datanode.
2024-04-16 15:25:05,672 [main] INFO  client.DNCertificateClient (DefaultCertificateClient.java:updateCertSerialId(1313)) - Certificate serial ID set to null
2024-04-16 15:25:05,673 [main] ERROR client.DNCertificateClient (DefaultCertificateClient.java:getCertPath(376)) - Default certificate serial id is not set. Can't locate the default certificate for this client.
2024-04-16 15:25:05,673 [main] INFO  client.DNCertificateClient (DefaultCertificateClient.java:init(720)) - Certificate client init case: 0
2024-04-16 15:25:05,673 [main] INFO  client.DNCertificateClient (DefaultCertificateClient.java:handleCase(738)) - Creating keypair for client as keypair and certificate not found.
2024-04-16 15:25:05,753 [main] INFO  client.DNCertificateClient (DefaultCertificateClient.java:recoverStateIfNeeded(800)) - Init response: GETCERT
2024-04-16 15:25:05,753 [main] INFO  ozone.OzoneSecurityUtil (OzoneSecurityUtil.java:getValidInetsForCurrentHost(116)) - Adding ip:fe80:0:0:0:20d:3aff:fe1b:d32f%eth0,host:fe80:0:0:0:20d:3aff:fe1b:d32f%eth0
2024-04-16 15:25:05,754 [main] INFO  ozone.OzoneSecurityUtil (OzoneSecurityUtil.java:getValidInetsForCurrentHost(116)) - Adding ip:10.1.0.30,host:fv-az699-832.gws2011vpwuupmkks00dozwttg.bx.internal.cloudapp.net
2024-04-16 15:25:05,754 [main] INFO  ozone.OzoneSecurityUtil (OzoneSecurityUtil.java:getValidInetsForCurrentHost(116)) - Adding ip:0:0:0:0:0:0:0:1%lo,host:localhost
2024-04-16 15:25:05,754 [main] INFO  ozone.OzoneSecurityUtil (OzoneSecurityUtil.java:getValidInetsForCurrentHost(119)) - ip:127.0.0.1 not returned.
2024-04-16 15:25:05,760 [main] INFO  utils.SelfSignedCertificate (SelfSignedCertificate.java:generateCertificate(157)) - Certificate 301820 is issued by CN=localhost,OU=test,O=cluster,SERIALNUMBER=301820 to CN=localhost,OU=test,O=cluster,SERIALNUMBER=301820, valid from Tue Apr 16 15:25:05 UTC 2024 to Tue Apr 16 15:25:20 UTC 2024
2024-04-16 15:25:05,761 [main] INFO  client.DNCertificateClient (DefaultCertificateClient.java:updateCertSerialId(1313)) - Certificate serial ID set to 301820
2024-04-16 15:25:05,762 [main] WARN  client.DNCertificateClient (DefaultCertificateClient.java:loadAllCertificates(179)) - Certificates could not be loaded.
java.nio.file.NoSuchFileException: /tmp/junit1219017455375016650/dn/certs
	at sun.nio.fs.UnixException.translateToIOException(UnixException.java:86)
	at sun.nio.fs.UnixException.rethrowAsIOException(UnixException.java:102)
	at sun.nio.fs.UnixException.rethrowAsIOException(UnixException.java:107)
	at sun.nio.fs.UnixFileSystemProvider.newDirectoryStream(UnixFileSystemProvider.java:427)
	at java.nio.file.Files.newDirectoryStream(Files.java:457)
	at java.nio.file.Files.list(Files.java:3451)
	at org.apache.hadoop.hdds.security.x509.certificate.client.DefaultCertificateClient.loadAllCertificates(DefaultCertificateClient.java:174)
	at org.apache.hadoop.hdds.security.x509.certificate.client.DefaultCertificateClient.updateCertSerialId(DefaultCertificateClient.java:1314)
	at org.apache.hadoop.hdds.security.x509.certificate.client.DefaultCertificateClient.<init>(DefaultCertificateClient.java:163)
	at org.apache.hadoop.hdds.security.x509.certificate.client.DNCertificateClient.<init>(DNCertificateClient.java:60)
	at org.apache.hadoop.ozone.TestHddsSecureDatanodeInit.setUpDNCertClient(TestHddsSecureDatanodeInit.java:159)
	at sun.reflect.NativeMethodAccessorImpl.invoke0(Native Method)
	at sun.reflect.NativeMethodAccessorImpl.invoke(NativeMethodAccessorImpl.java:62)
	at sun.reflect.DelegatingMethodAccessorImpl.invoke(DelegatingMethodAccessorImpl.java:43)
	at java.lang.reflect.Method.invoke(Method.java:498)
	at org.junit.platform.commons.util.ReflectionUtils.invokeMethod(ReflectionUtils.java:728)
	at org.junit.jupiter.engine.execution.MethodInvocation.proceed(MethodInvocation.java:60)
	at org.junit.jupiter.engine.execution.InvocationInterceptorChain$ValidatingInvocation.proceed(InvocationInterceptorChain.java:131)
	at org.junit.jupiter.engine.extension.TimeoutExtension.intercept(TimeoutExtension.java:156)
	at org.junit.jupiter.engine.extension.TimeoutExtension.interceptLifecycleMethod(TimeoutExtension.java:128)
	at org.junit.jupiter.engine.extension.TimeoutExtension.interceptBeforeEachMethod(TimeoutExtension.java:78)
	at org.junit.jupiter.engine.execution.InterceptingExecutableInvoker$ReflectiveInterceptorCall.lambda$ofVoidMethod$0(InterceptingExecutableInvoker.java:103)
	at org.junit.jupiter.engine.execution.InterceptingExecutableInvoker.lambda$invoke$0(InterceptingExecutableInvoker.java:93)
	at org.junit.jupiter.engine.execution.InvocationInterceptorChain$InterceptedInvocation.proceed(InvocationInterceptorChain.java:106)
	at org.junit.jupiter.engine.execution.InvocationInterceptorChain.proceed(InvocationInterceptorChain.java:64)
	at org.junit.jupiter.engine.execution.InvocationInterceptorChain.chainAndInvoke(InvocationInterceptorChain.java:45)
	at org.junit.jupiter.engine.execution.InvocationInterceptorChain.invoke(InvocationInterceptorChain.java:37)
	at org.junit.jupiter.engine.execution.InterceptingExecutableInvoker.invoke(InterceptingExecutableInvoker.java:92)
	at org.junit.jupiter.engine.execution.InterceptingExecutableInvoker.invoke(InterceptingExecutableInvoker.java:86)
	at org.junit.jupiter.engine.descriptor.ClassBasedTestDescriptor.invokeMethodInExtensionContext(ClassBasedTestDescriptor.java:521)
	at org.junit.jupiter.engine.descriptor.ClassBasedTestDescriptor.lambda$synthesizeBeforeEachMethodAdapter$23(ClassBasedTestDescriptor.java:506)
	at org.junit.jupiter.engine.descriptor.TestMethodTestDescriptor.lambda$invokeBeforeEachMethods$3(TestMethodTestDescriptor.java:175)
	at org.junit.jupiter.engine.descriptor.TestMethodTestDescriptor.lambda$invokeBeforeMethodsOrCallbacksUntilExceptionOccurs$6(TestMethodTestDescriptor.java:203)
	at org.junit.platform.engine.support.hierarchical.ThrowableCollector.execute(ThrowableCollector.java:73)
	at org.junit.jupiter.engine.descriptor.TestMethodTestDescriptor.invokeBeforeMethodsOrCallbacksUntilExceptionOccurs(TestMethodTestDescriptor.java:203)
	at org.junit.jupiter.engine.descriptor.TestMethodTestDescriptor.invokeBeforeEachMethods(TestMethodTestDescriptor.java:172)
	at org.junit.jupiter.engine.descriptor.TestMethodTestDescriptor.execute(TestMethodTestDescriptor.java:135)
	at org.junit.jupiter.engine.descriptor.TestMethodTestDescriptor.execute(TestMethodTestDescriptor.java:69)
	at org.junit.platform.engine.support.hierarchical.NodeTestTask.lambda$executeRecursively$6(NodeTestTask.java:151)
	at org.junit.platform.engine.support.hierarchical.ThrowableCollector.execute(ThrowableCollector.java:73)
	at org.junit.platform.engine.support.hierarchical.NodeTestTask.lambda$executeRecursively$8(NodeTestTask.java:141)
	at org.junit.platform.engine.support.hierarchical.Node.around(Node.java:137)
	at org.junit.platform.engine.support.hierarchical.NodeTestTask.lambda$executeRecursively$9(NodeTestTask.java:139)
	at org.junit.platform.engine.support.hierarchical.ThrowableCollector.execute(ThrowableCollector.java:73)
	at org.junit.platform.engine.support.hierarchical.NodeTestTask.executeRecursively(NodeTestTask.java:138)
	at org.junit.platform.engine.support.hierarchical.NodeTestTask.execute(NodeTestTask.java:95)
	at java.util.ArrayList.forEach(ArrayList.java:1259)
	at org.junit.platform.engine.support.hierarchical.SameThreadHierarchicalTestExecutorService.invokeAll(SameThreadHierarchicalTestExecutorService.java:41)
	at org.junit.platform.engine.support.hierarchical.NodeTestTask.lambda$executeRecursively$6(NodeTestTask.java:155)
	at org.junit.platform.engine.support.hierarchical.ThrowableCollector.execute(ThrowableCollector.java:73)
	at org.junit.platform.engine.support.hierarchical.NodeTestTask.lambda$executeRecursively$8(NodeTestTask.java:141)
	at org.junit.platform.engine.support.hierarchical.Node.around(Node.java:137)
	at org.junit.platform.engine.support.hierarchical.NodeTestTask.lambda$executeRecursively$9(NodeTestTask.java:139)
	at org.junit.platform.engine.support.hierarchical.ThrowableCollector.execute(ThrowableCollector.java:73)
	at org.junit.platform.engine.support.hierarchical.NodeTestTask.executeRecursively(NodeTestTask.java:138)
	at org.junit.platform.engine.support.hierarchical.NodeTestTask.execute(NodeTestTask.java:95)
	at java.util.ArrayList.forEach(ArrayList.java:1259)
	at org.junit.platform.engine.support.hierarchical.SameThreadHierarchicalTestExecutorService.invokeAll(SameThreadHierarchicalTestExecutorService.java:41)
	at org.junit.platform.engine.support.hierarchical.NodeTestTask.lambda$executeRecursively$6(NodeTestTask.java:155)
	at org.junit.platform.engine.support.hierarchical.ThrowableCollector.execute(ThrowableCollector.java:73)
	at org.junit.platform.engine.support.hierarchical.NodeTestTask.lambda$executeRecursively$8(NodeTestTask.java:141)
	at org.junit.platform.engine.support.hierarchical.Node.around(Node.java:137)
	at org.junit.platform.engine.support.hierarchical.NodeTestTask.lambda$executeRecursively$9(NodeTestTask.java:139)
	at org.junit.platform.engine.support.hierarchical.ThrowableCollector.execute(ThrowableCollector.java:73)
	at org.junit.platform.engine.support.hierarchical.NodeTestTask.executeRecursively(NodeTestTask.java:138)
	at org.junit.platform.engine.support.hierarchical.NodeTestTask.execute(NodeTestTask.java:95)
	at org.junit.platform.engine.support.hierarchical.SameThreadHierarchicalTestExecutorService.submit(SameThreadHierarchicalTestExecutorService.java:35)
	at org.junit.platform.engine.support.hierarchical.HierarchicalTestExecutor.execute(HierarchicalTestExecutor.java:57)
	at org.junit.platform.engine.support.hierarchical.HierarchicalTestEngine.execute(HierarchicalTestEngine.java:54)
	at org.junit.platform.launcher.core.EngineExecutionOrchestrator.execute(EngineExecutionOrchestrator.java:198)
	at org.junit.platform.launcher.core.EngineExecutionOrchestrator.execute(EngineExecutionOrchestrator.java:169)
	at org.junit.platform.launcher.core.EngineExecutionOrchestrator.execute(EngineExecutionOrchestrator.java:93)
	at org.junit.platform.launcher.core.EngineExecutionOrchestrator.lambda$execute$0(EngineExecutionOrchestrator.java:58)
	at org.junit.platform.launcher.core.EngineExecutionOrchestrator.withInterceptedStreams(EngineExecutionOrchestrator.java:141)
	at org.junit.platform.launcher.core.EngineExecutionOrchestrator.execute(EngineExecutionOrchestrator.java:57)
	at org.junit.platform.launcher.core.DefaultLauncher.execute(DefaultLauncher.java:103)
	at org.junit.platform.launcher.core.DefaultLauncher.execute(DefaultLauncher.java:85)
	at org.junit.platform.launcher.core.DelegatingLauncher.execute(DelegatingLauncher.java:47)
	at org.junit.platform.launcher.core.SessionPerRequestLauncher.execute(SessionPerRequestLauncher.java:63)
	at org.apache.maven.surefire.junitplatform.JUnitPlatformProvider.invokeAllTests(JUnitPlatformProvider.java:165)
	at org.apache.maven.surefire.junitplatform.JUnitPlatformProvider.invoke(JUnitPlatformProvider.java:123)
	at org.apache.maven.surefire.booter.ForkedBooter.runSuitesInProcess(ForkedBooter.java:377)
	at org.apache.maven.surefire.booter.ForkedBooter.execute(ForkedBooter.java:138)
	at org.apache.maven.surefire.booter.ForkedBooter.run(ForkedBooter.java:465)
	at org.apache.maven.surefire.booter.ForkedBooter.main(ForkedBooter.java:451)
2024-04-16 15:25:05,764 [main] INFO  utils.CertificateCodec (CertificateCodec.java:writeCertificate(299)) - Save certificate to /tmp/junit1219017455375016650/dn/certs/certificate.crt
2024-04-16 15:25:05,764 [main] INFO  utils.CertificateCodec (CertificateCodec.java:writeCertificate(300)) - Certificate -----BEGIN CERTIFICATE-----
MIIDBzCCAe+gAwIBAgIDBJr8MA0GCSqGSIb3DQEBCwUAMEYxEjAQBgNVBAMMCWxv
Y2FsaG9zdDENMAsGA1UECwwEdGVzdDEQMA4GA1UECgwHY2x1c3RlcjEPMA0GA1UE
BRMGMzAxODIwMB4XDTI0MDQxNjE1MjUwNVoXDTI0MDQxNjE1MjUyMFowRjESMBAG
A1UEAwwJbG9jYWxob3N0MQ0wCwYDVQQLDAR0ZXN0MRAwDgYDVQQKDAdjbHVzdGVy
MQ8wDQYDVQQFEwYzMDE4MjAwggEiMA0GCSqGSIb3DQEBAQUAA4IBDwAwggEKAoIB
AQCekpJt/R+9DQYvdGBLbAs+3jl/OBmxQ60ZYsKUC/s8nxnPi38zI3cM15hf5K9N
TC7t1AUp1fl8qkpC2I7YzwkAC6UBhWCxfuK6x2B3gCPc+lq1KDDNYqkf5PI/6Z/S
AKvuDON21muJWBH0BzNXgWj9+o2g0+Q5WH8f/R8tzOdyY1IXyyok1nRYmctmFOWv
3XIOHtpfFr+iNuRxb5dSaZjFOeyKOu8gp52RC6WEG3oKGOIvzCYFD+HdPYNeZMTK
Qn0d2oUw/fkJT1fdGWB3KsUz1iQW4c5EO40oq9CnUS1vTKxJDHbRPfKKubxRDx50
05kusjV0uTzbh7PCUgyAFBXnAgMBAAEwDQYJKoZIhvcNAQELBQADggEBADWi9d2b
jhSkrsKymljqemENXd1XqOtw/xqy6ii63C+c+NAlLZ23syBazTA5eqzNHh1ysocT
Vx1cgDzCntBaZO1fI0KO7gSlDEoRyUFxeOtwrTArJaSiRdsTHk5sJkp0rDbyv4M6
gR230t/00dubngfA6vYOgMnzgqQwr0SR389feRI5Exzm860NZamehsDnBOc+Qsp0
Euh2LKeYVGp1S8ZspN7ShiBCFcH5oGCWSnYiLoMdMHXBx9zwP/oZippoHKG95Alz
OldIoXZ0xmNZSSfWaCNVsEtdZnx7ge5AfeeneNuGyA61YArS3z0WYjWGZ+3fg1s0
4LHooUIW6VjRFkM=
-----END CERTIFICATE-----

2024-04-16 15:25:05,786 [main] INFO  utils.SelfSignedCertificate (SelfSignedCertificate.java:generateCertificate(157)) - Certificate 301848 is issued by CN=localhost,OU=test,O=cluster,SERIALNUMBER=301848 to CN=localhost,OU=test,O=cluster,SERIALNUMBER=301848, valid from Tue Apr 16 15:25:10 UTC 2024 to Tue Apr 16 15:25:25 UTC 2024
2024-04-16 15:25:05,788 [main] INFO  client.DNCertificateClient (DefaultCertificateClient.java:readCertificateFile(248)) - Added certificate 301820 from file: /tmp/junit1219017455375016650/dn/certs/certificate.crt.
2024-04-16 15:25:05,788 [main] INFO  client.DNCertificateClient (DefaultCertificateClient.java:startCertificateRenewerService(1418)) - CertificateRenewerService for dn is started with first delay 9212 ms and interval 1666 ms.
2024-04-16 15:25:05,788 [main] INFO  client.DNCertificateClient (DefaultCertificateClient.java:startCertificateRenewerService(1418)) - CertificateRenewerService for dn is started with first delay 9212 ms and interval 1666 ms.
2024-04-16 15:25:15,001 [b0aa2d35-6359-4a01-adae-562d9ba7b9a5-dn-CertificateRenewerService] INFO  client.DNCertificateClient (DefaultCertificateClient.java:run(1457)) - Current certificate 301820 needs to be renewed remaining grace period PT0S. Forced renewal due to root ca rotation: false.
2024-04-16 15:25:15,244 [b0aa2d35-6359-4a01-adae-562d9ba7b9a5-dn-CertificateRenewerService] INFO  ozone.OzoneSecurityUtil (OzoneSecurityUtil.java:getValidInetsForCurrentHost(116)) - Adding ip:fe80:0:0:0:20d:3aff:fe1b:d32f%eth0,host:fe80:0:0:0:20d:3aff:fe1b:d32f%eth0
2024-04-16 15:25:15,244 [b0aa2d35-6359-4a01-adae-562d9ba7b9a5-dn-CertificateRenewerService] INFO  ozone.OzoneSecurityUtil (OzoneSecurityUtil.java:getValidInetsForCurrentHost(116)) - Adding ip:10.1.0.30,host:fv-az699-832.gws2011vpwuupmkks00dozwttg.bx.internal.cloudapp.net
2024-04-16 15:25:15,244 [b0aa2d35-6359-4a01-adae-562d9ba7b9a5-dn-CertificateRenewerService] INFO  ozone.OzoneSecurityUtil (OzoneSecurityUtil.java:getValidInetsForCurrentHost(116)) - Adding ip:0:0:0:0:0:0:0:1%lo,host:localhost
2024-04-16 15:25:15,244 [b0aa2d35-6359-4a01-adae-562d9ba7b9a5-dn-CertificateRenewerService] INFO  ozone.OzoneSecurityUtil (OzoneSecurityUtil.java:getValidInetsForCurrentHost(119)) - ip:127.0.0.1 not returned.
2024-04-16 15:25:15,244 [b0aa2d35-6359-4a01-adae-562d9ba7b9a5-dn-CertificateRenewerService] ERROR client.DNCertificateClient (DefaultCertificateClient.java:run(1473)) - Failed to renew and store key and cert. Keep using existing certificates.
org.apache.hadoop.hdds.security.x509.exception.CertificateException: Error while signing and storing new certificates.
	at org.apache.hadoop.hdds.security.x509.certificate.client.DefaultCertificateClient.renewAndStoreKeyAndCertificate(DefaultCertificateClient.java:1155)
	at org.apache.hadoop.hdds.security.x509.certificate.client.DefaultCertificateClient$CertificateRenewerService.run(DefaultCertificateClient.java:1462)
	at java.util.concurrent.Executors$RunnableAdapter.call(Executors.java:511)
	at java.util.concurrent.FutureTask.runAndReset(FutureTask.java:308)
	at java.util.concurrent.ScheduledThreadPoolExecutor$ScheduledFutureTask.access$301(ScheduledThreadPoolExecutor.java:180)
	at java.util.concurrent.ScheduledThreadPoolExecutor$ScheduledFutureTask.run(ScheduledThreadPoolExecutor.java:294)
	at java.util.concurrent.ThreadPoolExecutor.runWorker(ThreadPoolExecutor.java:1149)
	at java.util.concurrent.ThreadPoolExecutor$Worker.run(ThreadPoolExecutor.java:624)
	at java.lang.Thread.run(Thread.java:750)
Caused by: java.lang.IllegalArgumentException: IP Address is invalid
	at org.bouncycastle.asn1.x509.GeneralName.<init>(Unknown Source)
	at org.apache.hadoop.hdds.security.x509.certificate.utils.CertificateSignRequest$Builder.addAltName(CertificateSignRequest.java:334)
	at org.apache.hadoop.hdds.security.x509.certificate.utils.CertificateSignRequest$Builder.addIpAddress(CertificateSignRequest.java:281)
	at org.apache.hadoop.hdds.security.x509.certificate.utils.CertificateSignRequest$Builder.lambda$addInetAddresses$0(CertificateSignRequest.java:306)
	at java.util.ArrayList.forEach(ArrayList.java:1259)
	at org.apache.hadoop.hdds.security.x509.certificate.utils.CertificateSignRequest$Builder.addInetAddresses(CertificateSignRequest.java:304)
	at org.apache.hadoop.hdds.security.x509.certificate.utils.CertificateSignRequest$Builder.addInetAddresses(CertificateSignRequest.java:292)
	at org.apache.hadoop.hdds.security.x509.certificate.client.DefaultCertificateClient.getCSRBuilder(DefaultCertificateClient.java:573)
	at org.apache.hadoop.hdds.security.x509.certificate.client.DNCertificateClient.getCSRBuilder(DNCertificateClient.java:75)
	at org.apache.hadoop.hdds.security.x509.certificate.client.DefaultCertificateClient.renewAndStoreKeyAndCertificate(DefaultCertificateClient.java:1150)
	... 8 more
2024-04-16 15:25:15,244 [b0aa2d35-6359-4a01-adae-562d9ba7b9a5-dn-CertificateRenewerService] INFO  client.DNCertificateClient (DefaultCertificateClient.java:run(1457)) - Current certificate 301820 needs to be renewed remaining grace period PT0S. Forced renewal due to root ca rotation: false.
2024-04-16 15:25:15,349 [b0aa2d35-6359-4a01-adae-562d9ba7b9a5-dn-CertificateRenewerService] INFO  ozone.OzoneSecurityUtil (OzoneSecurityUtil.java:getValidInetsForCurrentHost(116)) - Adding ip:fe80:0:0:0:20d:3aff:fe1b:d32f%eth0,host:fe80:0:0:0:20d:3aff:fe1b:d32f%eth0
2024-04-16 15:25:15,349 [b0aa2d35-6359-4a01-adae-562d9ba7b9a5-dn-CertificateRenewerService] INFO  ozone.OzoneSecurityUtil (OzoneSecurityUtil.java:getValidInetsForCurrentHost(116)) - Adding ip:10.1.0.30,host:fv-az699-832.gws2011vpwuupmkks00dozwttg.bx.internal.cloudapp.net
2024-04-16 15:25:15,349 [b0aa2d35-6359-4a01-adae-562d9ba7b9a5-dn-CertificateRenewerService] INFO  ozone.OzoneSecurityUtil (OzoneSecurityUtil.java:getValidInetsForCurrentHost(116)) - Adding ip:0:0:0:0:0:0:0:1%lo,host:localhost
2024-04-16 15:25:15,349 [b0aa2d35-6359-4a01-adae-562d9ba7b9a5-dn-CertificateRenewerService] INFO  ozone.OzoneSecurityUtil (OzoneSecurityUtil.java:getValidInetsForCurrentHost(119)) - ip:127.0.0.1 not returned.
2024-04-16 15:25:15,349 [b0aa2d35-6359-4a01-adae-562d9ba7b9a5-dn-CertificateRenewerService] ERROR client.DNCertificateClient (DefaultCertificateClient.java:run(1473)) - Failed to renew and store key and cert. Keep using existing certificates.
org.apache.hadoop.hdds.security.x509.exception.CertificateException: Error while signing and storing new certificates.
	at org.apache.hadoop.hdds.security.x509.certificate.client.DefaultCertificateClient.renewAndStoreKeyAndCertificate(DefaultCertificateClient.java:1155)
	at org.apache.hadoop.hdds.security.x509.certificate.client.DefaultCertificateClient$CertificateRenewerService.run(DefaultCertificateClient.java:1462)
	at java.util.concurrent.Executors$RunnableAdapter.call(Executors.java:511)
	at java.util.concurrent.FutureTask.runAndReset(FutureTask.java:308)
	at java.util.concurrent.ScheduledThreadPoolExecutor$ScheduledFutureTask.access$301(ScheduledThreadPoolExecutor.java:180)
	at java.util.concurrent.ScheduledThreadPoolExecutor$ScheduledFutureTask.run(ScheduledThreadPoolExecutor.java:294)
	at java.util.concurrent.ThreadPoolExecutor.runWorker(ThreadPoolExecutor.java:1149)
	at java.util.concurrent.ThreadPoolExecutor$Worker.run(ThreadPoolExecutor.java:624)
	at java.lang.Thread.run(Thread.java:750)
Caused by: java.lang.IllegalArgumentException: IP Address is invalid
	at org.bouncycastle.asn1.x509.GeneralName.<init>(Unknown Source)
	at org.apache.hadoop.hdds.security.x509.certificate.utils.CertificateSignRequest$Builder.addAltName(CertificateSignRequest.java:334)
	at org.apache.hadoop.hdds.security.x509.certificate.utils.CertificateSignRequest$Builder.addIpAddress(CertificateSignRequest.java:281)
	at org.apache.hadoop.hdds.security.x509.certificate.utils.CertificateSignRequest$Builder.lambda$addInetAddresses$0(CertificateSignRequest.java:306)
	at java.util.ArrayList.forEach(ArrayList.java:1259)
	at org.apache.hadoop.hdds.security.x509.certificate.utils.CertificateSignRequest$Builder.addInetAddresses(CertificateSignRequest.java:304)
	at org.apache.hadoop.hdds.security.x509.certificate.utils.CertificateSignRequest$Builder.addInetAddresses(CertificateSignRequest.java:292)
	at org.apache.hadoop.hdds.security.x509.certificate.client.DefaultCertificateClient.getCSRBuilder(DefaultCertificateClient.java:573)
	at org.apache.hadoop.hdds.security.x509.certificate.client.DNCertificateClient.getCSRBuilder(DNCertificateClient.java:75)
	at org.apache.hadoop.hdds.security.x509.certificate.client.DefaultCertificateClient.renewAndStoreKeyAndCertificate(DefaultCertificateClient.java:1150)
	... 8 more
2024-04-16 15:25:16,667 [b0aa2d35-6359-4a01-adae-562d9ba7b9a5-dn-CertificateRenewerService] INFO  client.DNCertificateClient (DefaultCertificateClient.java:run(1457)) - Current certificate 301820 needs to be renewed remaining grace period PT0S. Forced renewal due to root ca rotation: false.
2024-04-16 15:25:16,776 [b0aa2d35-6359-4a01-adae-562d9ba7b9a5-dn-CertificateRenewerService] INFO  ozone.OzoneSecurityUtil (OzoneSecurityUtil.java:getValidInetsForCurrentHost(116)) - Adding ip:fe80:0:0:0:20d:3aff:fe1b:d32f%eth0,host:fe80:0:0:0:20d:3aff:fe1b:d32f%eth0
2024-04-16 15:25:16,776 [b0aa2d35-6359-4a01-adae-562d9ba7b9a5-dn-CertificateRenewerService] INFO  ozone.OzoneSecurityUtil (OzoneSecurityUtil.java:getValidInetsForCurrentHost(116)) - Adding ip:10.1.0.30,host:fv-az699-832.gws2011vpwuupmkks00dozwttg.bx.internal.cloudapp.net
2024-04-16 15:25:16,776 [b0aa2d35-6359-4a01-adae-562d9ba7b9a5-dn-CertificateRenewerService] INFO  ozone.OzoneSecurityUtil (OzoneSecurityUtil.java:getValidInetsForCurrentHost(116)) - Adding ip:0:0:0:0:0:0:0:1%lo,host:localhost
2024-04-16 15:25:16,776 [b0aa2d35-6359-4a01-adae-562d9ba7b9a5-dn-CertificateRenewerService] INFO  ozone.OzoneSecurityUtil (OzoneSecurityUtil.java:getValidInetsForCurrentHost(119)) - ip:127.0.0.1 not returned.
2024-04-16 15:25:16,777 [b0aa2d35-6359-4a01-adae-562d9ba7b9a5-dn-CertificateRenewerService] ERROR client.DNCertificateClient (DefaultCertificateClient.java:run(1473)) - Failed to renew and store key and cert. Keep using existing certificates.
org.apache.hadoop.hdds.security.x509.exception.CertificateException: Error while signing and storing new certificates.
	at org.apache.hadoop.hdds.security.x509.certificate.client.DefaultCertificateClient.renewAndStoreKeyAndCertificate(DefaultCertificateClient.java:1155)
	at org.apache.hadoop.hdds.security.x509.certificate.client.DefaultCertificateClient$CertificateRenewerService.run(DefaultCertificateClient.java:1462)
	at java.util.concurrent.Executors$RunnableAdapter.call(Executors.java:511)
	at java.util.concurrent.FutureTask.runAndReset(FutureTask.java:308)
	at java.util.concurrent.ScheduledThreadPoolExecutor$ScheduledFutureTask.access$301(ScheduledThreadPoolExecutor.java:180)
	at java.util.concurrent.ScheduledThreadPoolExecutor$ScheduledFutureTask.run(ScheduledThreadPoolExecutor.java:294)
	at java.util.concurrent.ThreadPoolExecutor.runWorker(ThreadPoolExecutor.java:1149)
	at java.util.concurrent.ThreadPoolExecutor$Worker.run(ThreadPoolExecutor.java:624)
	at java.lang.Thread.run(Thread.java:750)
Caused by: java.lang.IllegalArgumentException: IP Address is invalid
	at org.bouncycastle.asn1.x509.GeneralName.<init>(Unknown Source)
	at org.apache.hadoop.hdds.security.x509.certificate.utils.CertificateSignRequest$Builder.addAltName(CertificateSignRequest.java:334)
	at org.apache.hadoop.hdds.security.x509.certificate.utils.CertificateSignRequest$Builder.addIpAddress(CertificateSignRequest.java:281)
	at org.apache.hadoop.hdds.security.x509.certificate.utils.CertificateSignRequest$Builder.lambda$addInetAddresses$0(CertificateSignRequest.java:306)
	at java.util.ArrayList.forEach(ArrayList.java:1259)
	at org.apache.hadoop.hdds.security.x509.certificate.utils.CertificateSignRequest$Builder.addInetAddresses(CertificateSignRequest.java:304)
	at org.apache.hadoop.hdds.security.x509.certificate.utils.CertificateSignRequest$Builder.addInetAddresses(CertificateSignRequest.java:292)
	at org.apache.hadoop.hdds.security.x509.certificate.client.DefaultCertificateClient.getCSRBuilder(DefaultCertificateClient.java:573)
	at org.apache.hadoop.hdds.security.x509.certificate.client.DNCertificateClient.getCSRBuilder(DNCertificateClient.java:75)
	at org.apache.hadoop.hdds.security.x509.certificate.client.DefaultCertificateClient.renewAndStoreKeyAndCertificate(DefaultCertificateClient.java:1150)
	... 8 more
2024-04-16 15:25:16,777 [b0aa2d35-6359-4a01-adae-562d9ba7b9a5-dn-CertificateRenewerService] INFO  client.DNCertificateClient (DefaultCertificateClient.java:run(1457)) - Current certificate 301820 needs to be renewed remaining grace period PT0S. Forced renewal due to root ca rotation: false.
2024-04-16 15:25:16,892 [b0aa2d35-6359-4a01-adae-562d9ba7b9a5-dn-CertificateRenewerService] INFO  ozone.OzoneSecurityUtil (OzoneSecurityUtil.java:getValidInetsForCurrentHost(116)) - Adding ip:fe80:0:0:0:20d:3aff:fe1b:d32f%eth0,host:fe80:0:0:0:20d:3aff:fe1b:d32f%eth0
2024-04-16 15:25:16,892 [b0aa2d35-6359-4a01-adae-562d9ba7b9a5-dn-CertificateRenewerService] INFO  ozone.OzoneSecurityUtil (OzoneSecurityUtil.java:getValidInetsForCurrentHost(116)) - Adding ip:10.1.0.30,host:fv-az699-832.gws2011vpwuupmkks00dozwttg.bx.internal.cloudapp.net
2024-04-16 15:25:16,893 [b0aa2d35-6359-4a01-adae-562d9ba7b9a5-dn-CertificateRenewerService] INFO  ozone.OzoneSecurityUtil (OzoneSecurityUtil.java:getValidInetsForCurrentHost(116)) - Adding ip:0:0:0:0:0:0:0:1%lo,host:localhost
2024-04-16 15:25:16,893 [b0aa2d35-6359-4a01-adae-562d9ba7b9a5-dn-CertificateRenewerService] INFO  ozone.OzoneSecurityUtil (OzoneSecurityUtil.java:getValidInetsForCurrentHost(119)) - ip:127.0.0.1 not returned.
2024-04-16 15:25:16,893 [b0aa2d35-6359-4a01-adae-562d9ba7b9a5-dn-CertificateRenewerService] ERROR client.DNCertificateClient (DefaultCertificateClient.java:run(1473)) - Failed to renew and store key and cert. Keep using existing certificates.
org.apache.hadoop.hdds.security.x509.exception.CertificateException: Error while signing and storing new certificates.
	at org.apache.hadoop.hdds.security.x509.certificate.client.DefaultCertificateClient.renewAndStoreKeyAndCertificate(DefaultCertificateClient.java:1155)
	at org.apache.hadoop.hdds.security.x509.certificate.client.DefaultCertificateClient$CertificateRenewerService.run(DefaultCertificateClient.java:1462)
	at java.util.concurrent.Executors$RunnableAdapter.call(Executors.java:511)
	at java.util.concurrent.FutureTask.runAndReset(FutureTask.java:308)
	at java.util.concurrent.ScheduledThreadPoolExecutor$ScheduledFutureTask.access$301(ScheduledThreadPoolExecutor.java:180)
	at java.util.concurrent.ScheduledThreadPoolExecutor$ScheduledFutureTask.run(ScheduledThreadPoolExecutor.java:294)
	at java.util.concurrent.ThreadPoolExecutor.runWorker(ThreadPoolExecutor.java:1149)
	at java.util.concurrent.ThreadPoolExecutor$Worker.run(ThreadPoolExecutor.java:624)
	at java.lang.Thread.run(Thread.java:750)
Caused by: java.lang.IllegalArgumentException: IP Address is invalid
	at org.bouncycastle.asn1.x509.GeneralName.<init>(Unknown Source)
	at org.apache.hadoop.hdds.security.x509.certificate.utils.CertificateSignRequest$Builder.addAltName(CertificateSignRequest.java:334)
	at org.apache.hadoop.hdds.security.x509.certificate.utils.CertificateSignRequest$Builder.addIpAddress(CertificateSignRequest.java:281)
	at org.apache.hadoop.hdds.security.x509.certificate.utils.CertificateSignRequest$Builder.lambda$addInetAddresses$0(CertificateSignRequest.java:306)
	at java.util.ArrayList.forEach(ArrayList.java:1259)
	at org.apache.hadoop.hdds.security.x509.certificate.utils.CertificateSignRequest$Builder.addInetAddresses(CertificateSignRequest.java:304)
	at org.apache.hadoop.hdds.security.x509.certificate.utils.CertificateSignRequest$Builder.addInetAddresses(CertificateSignRequest.java:292)
	at org.apache.hadoop.hdds.security.x509.certificate.client.DefaultCertificateClient.getCSRBuilder(DefaultCertificateClient.java:573)
	at org.apache.hadoop.hdds.security.x509.certificate.client.DNCertificateClient.getCSRBuilder(DNCertificateClient.java:75)
	at org.apache.hadoop.hdds.security.x509.certificate.client.DefaultCertificateClient.renewAndStoreKeyAndCertificate(DefaultCertificateClient.java:1150)
	... 8 more
2024-04-16 15:25:18,333 [b0aa2d35-6359-4a01-adae-562d9ba7b9a5-dn-CertificateRenewerService] INFO  client.DNCertificateClient (DefaultCertificateClient.java:run(1457)) - Current certificate 301820 needs to be renewed remaining grace period PT0S. Forced renewal due to root ca rotation: false.
2024-04-16 15:25:18,661 [b0aa2d35-6359-4a01-adae-562d9ba7b9a5-dn-CertificateRenewerService] INFO  ozone.OzoneSecurityUtil (OzoneSecurityUtil.java:getValidInetsForCurrentHost(116)) - Adding ip:fe80:0:0:0:20d:3aff:fe1b:d32f%eth0,host:fe80:0:0:0:20d:3aff:fe1b:d32f%eth0
2024-04-16 15:25:18,661 [b0aa2d35-6359-4a01-adae-562d9ba7b9a5-dn-CertificateRenewerService] INFO  ozone.OzoneSecurityUtil (OzoneSecurityUtil.java:getValidInetsForCurrentHost(116)) - Adding ip:10.1.0.30,host:fv-az699-832.gws2011vpwuupmkks00dozwttg.bx.internal.cloudapp.net
2024-04-16 15:25:18,661 [b0aa2d35-6359-4a01-adae-562d9ba7b9a5-dn-CertificateRenewerService] INFO  ozone.OzoneSecurityUtil (OzoneSecurityUtil.java:getValidInetsForCurrentHost(116)) - Adding ip:0:0:0:0:0:0:0:1%lo,host:localhost
2024-04-16 15:25:18,662 [b0aa2d35-6359-4a01-adae-562d9ba7b9a5-dn-CertificateRenewerService] INFO  ozone.OzoneSecurityUtil (OzoneSecurityUtil.java:getValidInetsForCurrentHost(119)) - ip:127.0.0.1 not returned.
2024-04-16 15:25:18,662 [b0aa2d35-6359-4a01-adae-562d9ba7b9a5-dn-CertificateRenewerService] ERROR client.DNCertificateClient (DefaultCertificateClient.java:run(1473)) - Failed to renew and store key and cert. Keep using existing certificates.
org.apache.hadoop.hdds.security.x509.exception.CertificateException: Error while signing and storing new certificates.
	at org.apache.hadoop.hdds.security.x509.certificate.client.DefaultCertificateClient.renewAndStoreKeyAndCertificate(DefaultCertificateClient.java:1155)
	at org.apache.hadoop.hdds.security.x509.certificate.client.DefaultCertificateClient$CertificateRenewerService.run(DefaultCertificateClient.java:1462)
	at java.util.concurrent.Executors$RunnableAdapter.call(Executors.java:511)
	at java.util.concurrent.FutureTask.runAndReset(FutureTask.java:308)
	at java.util.concurrent.ScheduledThreadPoolExecutor$ScheduledFutureTask.access$301(ScheduledThreadPoolExecutor.java:180)
	at java.util.concurrent.ScheduledThreadPoolExecutor$ScheduledFutureTask.run(ScheduledThreadPoolExecutor.java:294)
	at java.util.concurrent.ThreadPoolExecutor.runWorker(ThreadPoolExecutor.java:1149)
	at java.util.concurrent.ThreadPoolExecutor$Worker.run(ThreadPoolExecutor.java:624)
	at java.lang.Thread.run(Thread.java:750)
Caused by: java.lang.IllegalArgumentException: IP Address is invalid
	at org.bouncycastle.asn1.x509.GeneralName.<init>(Unknown Source)
	at org.apache.hadoop.hdds.security.x509.certificate.utils.CertificateSignRequest$Builder.addAltName(CertificateSignRequest.java:334)
	at org.apache.hadoop.hdds.security.x509.certificate.utils.CertificateSignRequest$Builder.addIpAddress(CertificateSignRequest.java:281)
	at org.apache.hadoop.hdds.security.x509.certificate.utils.CertificateSignRequest$Builder.lambda$addInetAddresses$0(CertificateSignRequest.java:306)
	at java.util.ArrayList.forEach(ArrayList.java:1259)
	at org.apache.hadoop.hdds.security.x509.certificate.utils.CertificateSignRequest$Builder.addInetAddresses(CertificateSignRequest.java:304)
	at org.apache.hadoop.hdds.security.x509.certificate.utils.CertificateSignRequest$Builder.addInetAddresses(CertificateSignRequest.java:292)
	at org.apache.hadoop.hdds.security.x509.certificate.client.DefaultCertificateClient.getCSRBuilder(DefaultCertificateClient.java:573)
	at org.apache.hadoop.hdds.security.x509.certificate.client.DNCertificateClient.getCSRBuilder(DNCertificateClient.java:75)
	at org.apache.hadoop.hdds.security.x509.certificate.client.DefaultCertificateClient.renewAndStoreKeyAndCertificate(DefaultCertificateClient.java:1150)
	... 8 more
2024-04-16 15:25:18,662 [b0aa2d35-6359-4a01-adae-562d9ba7b9a5-dn-CertificateRenewerService] INFO  client.DNCertificateClient (DefaultCertificateClient.java:run(1457)) - Current certificate 301820 needs to be renewed remaining grace period PT0S. Forced renewal due to root ca rotation: false.
2024-04-16 15:25:18,805 [b0aa2d35-6359-4a01-adae-562d9ba7b9a5-dn-CertificateRenewerService] INFO  ozone.OzoneSecurityUtil (OzoneSecurityUtil.java:getValidInetsForCurrentHost(116)) - Adding ip:fe80:0:0:0:20d:3aff:fe1b:d32f%eth0,host:fe80:0:0:0:20d:3aff:fe1b:d32f%eth0
2024-04-16 15:25:18,805 [b0aa2d35-6359-4a01-adae-562d9ba7b9a5-dn-CertificateRenewerService] INFO  ozone.OzoneSecurityUtil (OzoneSecurityUtil.java:getValidInetsForCurrentHost(116)) - Adding ip:10.1.0.30,host:fv-az699-832.gws2011vpwuupmkks00dozwttg.bx.internal.cloudapp.net
2024-04-16 15:25:18,806 [b0aa2d35-6359-4a01-adae-562d9ba7b9a5-dn-CertificateRenewerService] INFO  ozone.OzoneSecurityUtil (OzoneSecurityUtil.java:getValidInetsForCurrentHost(116)) - Adding ip:0:0:0:0:0:0:0:1%lo,host:localhost
2024-04-16 15:25:18,806 [b0aa2d35-6359-4a01-adae-562d9ba7b9a5-dn-CertificateRenewerService] INFO  ozone.OzoneSecurityUtil (OzoneSecurityUtil.java:getValidInetsForCurrentHost(119)) - ip:127.0.0.1 not returned.
2024-04-16 15:25:18,806 [b0aa2d35-6359-4a01-adae-562d9ba7b9a5-dn-CertificateRenewerService] ERROR client.DNCertificateClient (DefaultCertificateClient.java:run(1473)) - Failed to renew and store key and cert. Keep using existing certificates.
org.apache.hadoop.hdds.security.x509.exception.CertificateException: Error while signing and storing new certificates.
	at org.apache.hadoop.hdds.security.x509.certificate.client.DefaultCertificateClient.renewAndStoreKeyAndCertificate(DefaultCertificateClient.java:1155)
	at org.apache.hadoop.hdds.security.x509.certificate.client.DefaultCertificateClient$CertificateRenewerService.run(DefaultCertificateClient.java:1462)
	at java.util.concurrent.Executors$RunnableAdapter.call(Executors.java:511)
	at java.util.concurrent.FutureTask.runAndReset(FutureTask.java:308)
	at java.util.concurrent.ScheduledThreadPoolExecutor$ScheduledFutureTask.access$301(ScheduledThreadPoolExecutor.java:180)
	at java.util.concurrent.ScheduledThreadPoolExecutor$ScheduledFutureTask.run(ScheduledThreadPoolExecutor.java:294)
	at java.util.concurrent.ThreadPoolExecutor.runWorker(ThreadPoolExecutor.java:1149)
	at java.util.concurrent.ThreadPoolExecutor$Worker.run(ThreadPoolExecutor.java:624)
	at java.lang.Thread.run(Thread.java:750)
Caused by: java.lang.IllegalArgumentException: IP Address is invalid
	at org.bouncycastle.asn1.x509.GeneralName.<init>(Unknown Source)
	at org.apache.hadoop.hdds.security.x509.certificate.utils.CertificateSignRequest$Builder.addAltName(CertificateSignRequest.java:334)
	at org.apache.hadoop.hdds.security.x509.certificate.utils.CertificateSignRequest$Builder.addIpAddress(CertificateSignRequest.java:281)
	at org.apache.hadoop.hdds.security.x509.certificate.utils.CertificateSignRequest$Builder.lambda$addInetAddresses$0(CertificateSignRequest.java:306)
	at java.util.ArrayList.forEach(ArrayList.java:1259)
	at org.apache.hadoop.hdds.security.x509.certificate.utils.CertificateSignRequest$Builder.addInetAddresses(CertificateSignRequest.java:304)
	at org.apache.hadoop.hdds.security.x509.certificate.utils.CertificateSignRequest$Builder.addInetAddresses(CertificateSignRequest.java:292)
	at org.apache.hadoop.hdds.security.x509.certificate.client.DefaultCertificateClient.getCSRBuilder(DefaultCertificateClient.java:573)
	at org.apache.hadoop.hdds.security.x509.certificate.client.DNCertificateClient.getCSRBuilder(DNCertificateClient.java:75)
	at org.apache.hadoop.hdds.security.x509.certificate.client.DefaultCertificateClient.renewAndStoreKeyAndCertificate(DefaultCertificateClient.java:1150)
	... 8 more
2024-04-16 15:25:19,999 [b0aa2d35-6359-4a01-adae-562d9ba7b9a5-dn-CertificateRenewerService] INFO  client.DNCertificateClient (DefaultCertificateClient.java:run(1457)) - Current certificate 301820 needs to be renewed remaining grace period PT0S. Forced renewal due to root ca rotation: false.
2024-04-16 15:25:20,155 [b0aa2d35-6359-4a01-adae-562d9ba7b9a5-dn-CertificateRenewerService] INFO  ozone.OzoneSecurityUtil (OzoneSecurityUtil.java:getValidInetsForCurrentHost(116)) - Adding ip:fe80:0:0:0:20d:3aff:fe1b:d32f%eth0,host:fe80:0:0:0:20d:3aff:fe1b:d32f%eth0
2024-04-16 15:25:20,155 [b0aa2d35-6359-4a01-adae-562d9ba7b9a5-dn-CertificateRenewerService] INFO  ozone.OzoneSecurityUtil (OzoneSecurityUtil.java:getValidInetsForCurrentHost(116)) - Adding ip:10.1.0.30,host:fv-az699-832.gws2011vpwuupmkks00dozwttg.bx.internal.cloudapp.net
2024-04-16 15:25:20,156 [b0aa2d35-6359-4a01-adae-562d9ba7b9a5-dn-CertificateRenewerService] INFO  ozone.OzoneSecurityUtil (OzoneSecurityUtil.java:getValidInetsForCurrentHost(116)) - Adding ip:0:0:0:0:0:0:0:1%lo,host:localhost
2024-04-16 15:25:20,156 [b0aa2d35-6359-4a01-adae-562d9ba7b9a5-dn-CertificateRenewerService] INFO  ozone.OzoneSecurityUtil (OzoneSecurityUtil.java:getValidInetsForCurrentHost(119)) - ip:127.0.0.1 not returned.
2024-04-16 15:25:20,156 [b0aa2d35-6359-4a01-adae-562d9ba7b9a5-dn-CertificateRenewerService] ERROR client.DNCertificateClient (DefaultCertificateClient.java:run(1473)) - Failed to renew and store key and cert. Keep using existing certificates.
org.apache.hadoop.hdds.security.x509.exception.CertificateException: Error while signing and storing new certificates.
	at org.apache.hadoop.hdds.security.x509.certificate.client.DefaultCertificateClient.renewAndStoreKeyAndCertificate(DefaultCertificateClient.java:1155)
	at org.apache.hadoop.hdds.security.x509.certificate.client.DefaultCertificateClient$CertificateRenewerService.run(DefaultCertificateClient.java:1462)
	at java.util.concurrent.Executors$RunnableAdapter.call(Executors.java:511)
	at java.util.concurrent.FutureTask.runAndReset(FutureTask.java:308)
	at java.util.concurrent.ScheduledThreadPoolExecutor$ScheduledFutureTask.access$301(ScheduledThreadPoolExecutor.java:180)
	at java.util.concurrent.ScheduledThreadPoolExecutor$ScheduledFutureTask.run(ScheduledThreadPoolExecutor.java:294)
	at java.util.concurrent.ThreadPoolExecutor.runWorker(ThreadPoolExecutor.java:1149)
	at java.util.concurrent.ThreadPoolExecutor$Worker.run(ThreadPoolExecutor.java:624)
	at java.lang.Thread.run(Thread.java:750)
Caused by: java.lang.IllegalArgumentException: IP Address is invalid
	at org.bouncycastle.asn1.x509.GeneralName.<init>(Unknown Source)
	at org.apache.hadoop.hdds.security.x509.certificate.utils.CertificateSignRequest$Builder.addAltName(CertificateSignRequest.java:334)
	at org.apache.hadoop.hdds.security.x509.certificate.utils.CertificateSignRequest$Builder.addIpAddress(CertificateSignRequest.java:281)
	at org.apache.hadoop.hdds.security.x509.certificate.utils.CertificateSignRequest$Builder.lambda$addInetAddresses$0(CertificateSignRequest.java:306)
	at java.util.ArrayList.forEach(ArrayList.java:1259)
	at org.apache.hadoop.hdds.security.x509.certificate.utils.CertificateSignRequest$Builder.addInetAddresses(CertificateSignRequest.java:304)
	at org.apache.hadoop.hdds.security.x509.certificate.utils.CertificateSignRequest$Builder.addInetAddresses(CertificateSignRequest.java:292)
	at org.apache.hadoop.hdds.security.x509.certificate.client.DefaultCertificateClient.getCSRBuilder(DefaultCertificateClient.java:573)
	at org.apache.hadoop.hdds.security.x509.certificate.client.DNCertificateClient.getCSRBuilder(DNCertificateClient.java:75)
	at org.apache.hadoop.hdds.security.x509.certificate.client.DefaultCertificateClient.renewAndStoreKeyAndCertificate(DefaultCertificateClient.java:1150)
	... 8 more
2024-04-16 15:25:20,156 [b0aa2d35-6359-4a01-adae-562d9ba7b9a5-dn-CertificateRenewerService] INFO  client.DNCertificateClient (DefaultCertificateClient.java:run(1457)) - Current certificate 301820 needs to be renewed remaining grace period PT0S. Forced renewal due to root ca rotation: false.
2024-04-16 15:25:20,267 [b0aa2d35-6359-4a01-adae-562d9ba7b9a5-dn-CertificateRenewerService] INFO  ozone.OzoneSecurityUtil (OzoneSecurityUtil.java:getValidInetsForCurrentHost(116)) - Adding ip:fe80:0:0:0:20d:3aff:fe1b:d32f%eth0,host:fe80:0:0:0:20d:3aff:fe1b:d32f%eth0
2024-04-16 15:25:20,267 [b0aa2d35-6359-4a01-adae-562d9ba7b9a5-dn-CertificateRenewerService] INFO  ozone.OzoneSecurityUtil (OzoneSecurityUtil.java:getValidInetsForCurrentHost(116)) - Adding ip:10.1.0.30,host:fv-az699-832.gws2011vpwuupmkks00dozwttg.bx.internal.cloudapp.net
2024-04-16 15:25:20,267 [b0aa2d35-6359-4a01-adae-562d9ba7b9a5-dn-CertificateRenewerService] INFO  ozone.OzoneSecurityUtil (OzoneSecurityUtil.java:getValidInetsForCurrentHost(116)) - Adding ip:0:0:0:0:0:0:0:1%lo,host:localhost
2024-04-16 15:25:20,267 [b0aa2d35-6359-4a01-adae-562d9ba7b9a5-dn-CertificateRenewerService] INFO  ozone.OzoneSecurityUtil (OzoneSecurityUtil.java:getValidInetsForCurrentHost(119)) - ip:127.0.0.1 not returned.
2024-04-16 15:25:20,267 [b0aa2d35-6359-4a01-adae-562d9ba7b9a5-dn-CertificateRenewerService] ERROR client.DNCertificateClient (DefaultCertificateClient.java:run(1473)) - Failed to renew and store key and cert. Keep using existing certificates.
org.apache.hadoop.hdds.security.x509.exception.CertificateException: Error while signing and storing new certificates.
	at org.apache.hadoop.hdds.security.x509.certificate.client.DefaultCertificateClient.renewAndStoreKeyAndCertificate(DefaultCertificateClient.java:1155)
	at org.apache.hadoop.hdds.security.x509.certificate.client.DefaultCertificateClient$CertificateRenewerService.run(DefaultCertificateClient.java:1462)
	at java.util.concurrent.Executors$RunnableAdapter.call(Executors.java:511)
	at java.util.concurrent.FutureTask.runAndReset(FutureTask.java:308)
	at java.util.concurrent.ScheduledThreadPoolExecutor$ScheduledFutureTask.access$301(ScheduledThreadPoolExecutor.java:180)
	at java.util.concurrent.ScheduledThreadPoolExecutor$ScheduledFutureTask.run(ScheduledThreadPoolExecutor.java:294)
	at java.util.concurrent.ThreadPoolExecutor.runWorker(ThreadPoolExecutor.java:1149)
	at java.util.concurrent.ThreadPoolExecutor$Worker.run(ThreadPoolExecutor.java:624)
	at java.lang.Thread.run(Thread.java:750)
Caused by: java.lang.IllegalArgumentException: IP Address is invalid
	at org.bouncycastle.asn1.x509.GeneralName.<init>(Unknown Source)
	at org.apache.hadoop.hdds.security.x509.certificate.utils.CertificateSignRequest$Builder.addAltName(CertificateSignRequest.java:334)
	at org.apache.hadoop.hdds.security.x509.certificate.utils.CertificateSignRequest$Builder.addIpAddress(CertificateSignRequest.java:281)
	at org.apache.hadoop.hdds.security.x509.certificate.utils.CertificateSignRequest$Builder.lambda$addInetAddresses$0(CertificateSignRequest.java:306)
	at java.util.ArrayList.forEach(ArrayList.java:1259)
	at org.apache.hadoop.hdds.security.x509.certificate.utils.CertificateSignRequest$Builder.addInetAddresses(CertificateSignRequest.java:304)
	at org.apache.hadoop.hdds.security.x509.certificate.utils.CertificateSignRequest$Builder.addInetAddresses(CertificateSignRequest.java:292)
	at org.apache.hadoop.hdds.security.x509.certificate.client.DefaultCertificateClient.getCSRBuilder(DefaultCertificateClient.java:573)
	at org.apache.hadoop.hdds.security.x509.certificate.client.DNCertificateClient.getCSRBuilder(DNCertificateClient.java:75)
	at org.apache.hadoop.hdds.security.x509.certificate.client.DefaultCertificateClient.renewAndStoreKeyAndCertificate(DefaultCertificateClient.java:1150)
	... 8 more
2024-04-16 15:25:20,802 [main] INFO  utils.SelfSignedCertificate (SelfSignedCertificate.java:generateCertificate(157)) - Certificate 316863 is issued by CN=localhost,OU=test,O=cluster,SERIALNUMBER=316863 to CN=localhost,OU=test,O=cluster,SERIALNUMBER=316863, valid from Tue Apr 16 15:25:20 UTC 2024 to Tue Apr 16 15:25:35 UTC 2024
2024-04-16 15:25:21,665 [b0aa2d35-6359-4a01-adae-562d9ba7b9a5-dn-CertificateRenewerService] INFO  client.DNCertificateClient (DefaultCertificateClient.java:run(1457)) - Current certificate 301820 needs to be renewed remaining grace period PT0S. Forced renewal due to root ca rotation: false.
2024-04-16 15:25:21,891 [b0aa2d35-6359-4a01-adae-562d9ba7b9a5-dn-CertificateRenewerService] INFO  ozone.OzoneSecurityUtil (OzoneSecurityUtil.java:getValidInetsForCurrentHost(116)) - Adding ip:fe80:0:0:0:20d:3aff:fe1b:d32f%eth0,host:fe80:0:0:0:20d:3aff:fe1b:d32f%eth0
2024-04-16 15:25:21,891 [b0aa2d35-6359-4a01-adae-562d9ba7b9a5-dn-CertificateRenewerService] INFO  ozone.OzoneSecurityUtil (OzoneSecurityUtil.java:getValidInetsForCurrentHost(116)) - Adding ip:10.1.0.30,host:fv-az699-832.gws2011vpwuupmkks00dozwttg.bx.internal.cloudapp.net
2024-04-16 15:25:21,891 [b0aa2d35-6359-4a01-adae-562d9ba7b9a5-dn-CertificateRenewerService] INFO  ozone.OzoneSecurityUtil (OzoneSecurityUtil.java:getValidInetsForCurrentHost(116)) - Adding ip:0:0:0:0:0:0:0:1%lo,host:localhost
2024-04-16 15:25:21,892 [b0aa2d35-6359-4a01-adae-562d9ba7b9a5-dn-CertificateRenewerService] INFO  ozone.OzoneSecurityUtil (OzoneSecurityUtil.java:getValidInetsForCurrentHost(119)) - ip:127.0.0.1 not returned.
2024-04-16 15:25:21,892 [b0aa2d35-6359-4a01-adae-562d9ba7b9a5-dn-CertificateRenewerService] ERROR client.DNCertificateClient (DefaultCertificateClient.java:run(1473)) - Failed to renew and store key and cert. Keep using existing certificates.
org.apache.hadoop.hdds.security.x509.exception.CertificateException: Error while signing and storing new certificates.
	at org.apache.hadoop.hdds.security.x509.certificate.client.DefaultCertificateClient.renewAndStoreKeyAndCertificate(DefaultCertificateClient.java:1155)
	at org.apache.hadoop.hdds.security.x509.certificate.client.DefaultCertificateClient$CertificateRenewerService.run(DefaultCertificateClient.java:1462)
	at java.util.concurrent.Executors$RunnableAdapter.call(Executors.java:511)
	at java.util.concurrent.FutureTask.runAndReset(FutureTask.java:308)
	at java.util.concurrent.ScheduledThreadPoolExecutor$ScheduledFutureTask.access$301(ScheduledThreadPoolExecutor.java:180)
	at java.util.concurrent.ScheduledThreadPoolExecutor$ScheduledFutureTask.run(ScheduledThreadPoolExecutor.java:294)
	at java.util.concurrent.ThreadPoolExecutor.runWorker(ThreadPoolExecutor.java:1149)
	at java.util.concurrent.ThreadPoolExecutor$Worker.run(ThreadPoolExecutor.java:624)
	at java.lang.Thread.run(Thread.java:750)
Caused by: java.lang.IllegalArgumentException: IP Address is invalid
	at org.bouncycastle.asn1.x509.GeneralName.<init>(Unknown Source)
	at org.apache.hadoop.hdds.security.x509.certificate.utils.CertificateSignRequest$Builder.addAltName(CertificateSignRequest.java:334)
	at org.apache.hadoop.hdds.security.x509.certificate.utils.CertificateSignRequest$Builder.addIpAddress(CertificateSignRequest.java:281)
	at org.apache.hadoop.hdds.security.x509.certificate.utils.CertificateSignRequest$Builder.lambda$addInetAddresses$0(CertificateSignRequest.java:306)
	at java.util.ArrayList.forEach(ArrayList.java:1259)
	at org.apache.hadoop.hdds.security.x509.certificate.utils.CertificateSignRequest$Builder.addInetAddresses(CertificateSignRequest.java:304)
	at org.apache.hadoop.hdds.security.x509.certificate.utils.CertificateSignRequest$Builder.addInetAddresses(CertificateSignRequest.java:292)
	at org.apache.hadoop.hdds.security.x509.certificate.client.DefaultCertificateClient.getCSRBuilder(DefaultCertificateClient.java:573)
	at org.apache.hadoop.hdds.security.x509.certificate.client.DNCertificateClient.getCSRBuilder(DNCertificateClient.java:75)
	at org.apache.hadoop.hdds.security.x509.certificate.client.DefaultCertificateClient.renewAndStoreKeyAndCertificate(DefaultCertificateClient.java:1150)
	... 8 more
2024-04-16 15:25:21,892 [b0aa2d35-6359-4a01-adae-562d9ba7b9a5-dn-CertificateRenewerService] INFO  client.DNCertificateClient (DefaultCertificateClient.java:run(1457)) - Current certificate 301820 needs to be renewed remaining grace period PT0S. Forced renewal due to root ca rotation: false.
2024-04-16 15:25:22,005 [b0aa2d35-6359-4a01-adae-562d9ba7b9a5-dn-CertificateRenewerService] INFO  ozone.OzoneSecurityUtil (OzoneSecurityUtil.java:getValidInetsForCurrentHost(116)) - Adding ip:fe80:0:0:0:20d:3aff:fe1b:d32f%eth0,host:fe80:0:0:0:20d:3aff:fe1b:d32f%eth0
2024-04-16 15:25:22,005 [b0aa2d35-6359-4a01-adae-562d9ba7b9a5-dn-CertificateRenewerService] INFO  ozone.OzoneSecurityUtil (OzoneSecurityUtil.java:getValidInetsForCurrentHost(116)) - Adding ip:10.1.0.30,host:fv-az699-832.gws2011vpwuupmkks00dozwttg.bx.internal.cloudapp.net
2024-04-16 15:25:22,005 [b0aa2d35-6359-4a01-adae-562d9ba7b9a5-dn-CertificateRenewerService] INFO  ozone.OzoneSecurityUtil (OzoneSecurityUtil.java:getValidInetsForCurrentHost(116)) - Adding ip:0:0:0:0:0:0:0:1%lo,host:localhost
2024-04-16 15:25:22,005 [b0aa2d35-6359-4a01-adae-562d9ba7b9a5-dn-CertificateRenewerService] INFO  ozone.OzoneSecurityUtil (OzoneSecurityUtil.java:getValidInetsForCurrentHost(119)) - ip:127.0.0.1 not returned.
2024-04-16 15:25:22,005 [b0aa2d35-6359-4a01-adae-562d9ba7b9a5-dn-CertificateRenewerService] ERROR client.DNCertificateClient (DefaultCertificateClient.java:run(1473)) - Failed to renew and store key and cert. Keep using existing certificates.
org.apache.hadoop.hdds.security.x509.exception.CertificateException: Error while signing and storing new certificates.
	at org.apache.hadoop.hdds.security.x509.certificate.client.DefaultCertificateClient.renewAndStoreKeyAndCertificate(DefaultCertificateClient.java:1155)
	at org.apache.hadoop.hdds.security.x509.certificate.client.DefaultCertificateClient$CertificateRenewerService.run(DefaultCertificateClient.java:1462)
	at java.util.concurrent.Executors$RunnableAdapter.call(Executors.java:511)
	at java.util.concurrent.FutureTask.runAndReset(FutureTask.java:308)
	at java.util.concurrent.ScheduledThreadPoolExecutor$ScheduledFutureTask.access$301(ScheduledThreadPoolExecutor.java:180)
	at java.util.concurrent.ScheduledThreadPoolExecutor$ScheduledFutureTask.run(ScheduledThreadPoolExecutor.java:294)
	at java.util.concurrent.ThreadPoolExecutor.runWorker(ThreadPoolExecutor.java:1149)
	at java.util.concurrent.ThreadPoolExecutor$Worker.run(ThreadPoolExecutor.java:624)
	at java.lang.Thread.run(Thread.java:750)
Caused by: java.lang.IllegalArgumentException: IP Address is invalid
	at org.bouncycastle.asn1.x509.GeneralName.<init>(Unknown Source)
	at org.apache.hadoop.hdds.security.x509.certificate.utils.CertificateSignRequest$Builder.addAltName(CertificateSignRequest.java:334)
	at org.apache.hadoop.hdds.security.x509.certificate.utils.CertificateSignRequest$Builder.addIpAddress(CertificateSignRequest.java:281)
	at org.apache.hadoop.hdds.security.x509.certificate.utils.CertificateSignRequest$Builder.lambda$addInetAddresses$0(CertificateSignRequest.java:306)
	at java.util.ArrayList.forEach(ArrayList.java:1259)
	at org.apache.hadoop.hdds.security.x509.certificate.utils.CertificateSignRequest$Builder.addInetAddresses(CertificateSignRequest.java:304)
	at org.apache.hadoop.hdds.security.x509.certificate.utils.CertificateSignRequest$Builder.addInetAddresses(CertificateSignRequest.java:292)
	at org.apache.hadoop.hdds.security.x509.certificate.client.DefaultCertificateClient.getCSRBuilder(DefaultCertificateClient.java:573)
	at org.apache.hadoop.hdds.security.x509.certificate.client.DNCertificateClient.getCSRBuilder(DNCertificateClient.java:75)
	at org.apache.hadoop.hdds.security.x509.certificate.client.DefaultCertificateClient.renewAndStoreKeyAndCertificate(DefaultCertificateClient.java:1150)
	... 8 more
2024-04-16 15:25:23,331 [b0aa2d35-6359-4a01-adae-562d9ba7b9a5-dn-CertificateRenewerService] INFO  client.DNCertificateClient (DefaultCertificateClient.java:run(1457)) - Current certificate 301820 needs to be renewed remaining grace period PT0S. Forced renewal due to root ca rotation: false.
2024-04-16 15:25:23,619 [b0aa2d35-6359-4a01-adae-562d9ba7b9a5-dn-CertificateRenewerService] INFO  ozone.OzoneSecurityUtil (OzoneSecurityUtil.java:getValidInetsForCurrentHost(116)) - Adding ip:fe80:0:0:0:20d:3aff:fe1b:d32f%eth0,host:fe80:0:0:0:20d:3aff:fe1b:d32f%eth0
2024-04-16 15:25:23,619 [b0aa2d35-6359-4a01-adae-562d9ba7b9a5-dn-CertificateRenewerService] INFO  ozone.OzoneSecurityUtil (OzoneSecurityUtil.java:getValidInetsForCurrentHost(116)) - Adding ip:10.1.0.30,host:fv-az699-832.gws2011vpwuupmkks00dozwttg.bx.internal.cloudapp.net
2024-04-16 15:25:23,619 [b0aa2d35-6359-4a01-adae-562d9ba7b9a5-dn-CertificateRenewerService] INFO  ozone.OzoneSecurityUtil (OzoneSecurityUtil.java:getValidInetsForCurrentHost(116)) - Adding ip:0:0:0:0:0:0:0:1%lo,host:localhost
2024-04-16 15:25:23,620 [b0aa2d35-6359-4a01-adae-562d9ba7b9a5-dn-CertificateRenewerService] INFO  ozone.OzoneSecurityUtil (OzoneSecurityUtil.java:getValidInetsForCurrentHost(119)) - ip:127.0.0.1 not returned.
2024-04-16 15:25:23,620 [b0aa2d35-6359-4a01-adae-562d9ba7b9a5-dn-CertificateRenewerService] ERROR client.DNCertificateClient (DefaultCertificateClient.java:run(1473)) - Failed to renew and store key and cert. Keep using existing certificates.
org.apache.hadoop.hdds.security.x509.exception.CertificateException: Error while signing and storing new certificates.
	at org.apache.hadoop.hdds.security.x509.certificate.client.DefaultCertificateClient.renewAndStoreKeyAndCertificate(DefaultCertificateClient.java:1155)
	at org.apache.hadoop.hdds.security.x509.certificate.client.DefaultCertificateClient$CertificateRenewerService.run(DefaultCertificateClient.java:1462)
	at java.util.concurrent.Executors$RunnableAdapter.call(Executors.java:511)
	at java.util.concurrent.FutureTask.runAndReset(FutureTask.java:308)
	at java.util.concurrent.ScheduledThreadPoolExecutor$ScheduledFutureTask.access$301(ScheduledThreadPoolExecutor.java:180)
	at java.util.concurrent.ScheduledThreadPoolExecutor$ScheduledFutureTask.run(ScheduledThreadPoolExecutor.java:294)
	at java.util.concurrent.ThreadPoolExecutor.runWorker(ThreadPoolExecutor.java:1149)
	at java.util.concurrent.ThreadPoolExecutor$Worker.run(ThreadPoolExecutor.java:624)
	at java.lang.Thread.run(Thread.java:750)
Caused by: java.lang.IllegalArgumentException: IP Address is invalid
	at org.bouncycastle.asn1.x509.GeneralName.<init>(Unknown Source)
	at org.apache.hadoop.hdds.security.x509.certificate.utils.CertificateSignRequest$Builder.addAltName(CertificateSignRequest.java:334)
	at org.apache.hadoop.hdds.security.x509.certificate.utils.CertificateSignRequest$Builder.addIpAddress(CertificateSignRequest.java:281)
	at org.apache.hadoop.hdds.security.x509.certificate.utils.CertificateSignRequest$Builder.lambda$addInetAddresses$0(CertificateSignRequest.java:306)
	at java.util.ArrayList.forEach(ArrayList.java:1259)
	at org.apache.hadoop.hdds.security.x509.certificate.utils.CertificateSignRequest$Builder.addInetAddresses(CertificateSignRequest.java:304)
	at org.apache.hadoop.hdds.security.x509.certificate.utils.CertificateSignRequest$Builder.addInetAddresses(CertificateSignRequest.java:292)
	at org.apache.hadoop.hdds.security.x509.certificate.client.DefaultCertificateClient.getCSRBuilder(DefaultCertificateClient.java:573)
	at org.apache.hadoop.hdds.security.x509.certificate.client.DNCertificateClient.getCSRBuilder(DNCertificateClient.java:75)
	at org.apache.hadoop.hdds.security.x509.certificate.client.DefaultCertificateClient.renewAndStoreKeyAndCertificate(DefaultCertificateClient.java:1150)
	... 8 more
2024-04-16 15:25:23,620 [b0aa2d35-6359-4a01-adae-562d9ba7b9a5-dn-CertificateRenewerService] INFO  client.DNCertificateClient (DefaultCertificateClient.java:run(1457)) - Current certificate 301820 needs to be renewed remaining grace period PT0S. Forced renewal due to root ca rotation: false.
2024-04-16 15:25:23,713 [b0aa2d35-6359-4a01-adae-562d9ba7b9a5-dn-CertificateRenewerService] INFO  ozone.OzoneSecurityUtil (OzoneSecurityUtil.java:getValidInetsForCurrentHost(116)) - Adding ip:fe80:0:0:0:20d:3aff:fe1b:d32f%eth0,host:fe80:0:0:0:20d:3aff:fe1b:d32f%eth0
2024-04-16 15:25:23,713 [b0aa2d35-6359-4a01-adae-562d9ba7b9a5-dn-CertificateRenewerService] INFO  ozone.OzoneSecurityUtil (OzoneSecurityUtil.java:getValidInetsForCurrentHost(116)) - Adding ip:10.1.0.30,host:fv-az699-832.gws2011vpwuupmkks00dozwttg.bx.internal.cloudapp.net
2024-04-16 15:25:23,713 [b0aa2d35-6359-4a01-adae-562d9ba7b9a5-dn-CertificateRenewerService] INFO  ozone.OzoneSecurityUtil (OzoneSecurityUtil.java:getValidInetsForCurrentHost(116)) - Adding ip:0:0:0:0:0:0:0:1%lo,host:localhost
2024-04-16 15:25:23,713 [b0aa2d35-6359-4a01-adae-562d9ba7b9a5-dn-CertificateRenewerService] INFO  ozone.OzoneSecurityUtil (OzoneSecurityUtil.java:getValidInetsForCurrentHost(119)) - ip:127.0.0.1 not returned.
2024-04-16 15:25:23,713 [b0aa2d35-6359-4a01-adae-562d9ba7b9a5-dn-CertificateRenewerService] ERROR client.DNCertificateClient (DefaultCertificateClient.java:run(1473)) - Failed to renew and store key and cert. Keep using existing certificates.
org.apache.hadoop.hdds.security.x509.exception.CertificateException: Error while signing and storing new certificates.
	at org.apache.hadoop.hdds.security.x509.certificate.client.DefaultCertificateClient.renewAndStoreKeyAndCertificate(DefaultCertificateClient.java:1155)
	at org.apache.hadoop.hdds.security.x509.certificate.client.DefaultCertificateClient$CertificateRenewerService.run(DefaultCertificateClient.java:1462)
	at java.util.concurrent.Executors$RunnableAdapter.call(Executors.java:511)
	at java.util.concurrent.FutureTask.runAndReset(FutureTask.java:308)
	at java.util.concurrent.ScheduledThreadPoolExecutor$ScheduledFutureTask.access$301(ScheduledThreadPoolExecutor.java:180)
	at java.util.concurrent.ScheduledThreadPoolExecutor$ScheduledFutureTask.run(ScheduledThreadPoolExecutor.java:294)
	at java.util.concurrent.ThreadPoolExecutor.runWorker(ThreadPoolExecutor.java:1149)
	at java.util.concurrent.ThreadPoolExecutor$Worker.run(ThreadPoolExecutor.java:624)
	at java.lang.Thread.run(Thread.java:750)
Caused by: java.lang.IllegalArgumentException: IP Address is invalid
	at org.bouncycastle.asn1.x509.GeneralName.<init>(Unknown Source)
	at org.apache.hadoop.hdds.security.x509.certificate.utils.CertificateSignRequest$Builder.addAltName(CertificateSignRequest.java:334)
	at org.apache.hadoop.hdds.security.x509.certificate.utils.CertificateSignRequest$Builder.addIpAddress(CertificateSignRequest.java:281)
	at org.apache.hadoop.hdds.security.x509.certificate.utils.CertificateSignRequest$Builder.lambda$addInetAddresses$0(CertificateSignRequest.java:306)
	at java.util.ArrayList.forEach(ArrayList.java:1259)
	at org.apache.hadoop.hdds.security.x509.certificate.utils.CertificateSignRequest$Builder.addInetAddresses(CertificateSignRequest.java:304)
	at org.apache.hadoop.hdds.security.x509.certificate.utils.CertificateSignRequest$Builder.addInetAddresses(CertificateSignRequest.java:292)
	at org.apache.hadoop.hdds.security.x509.certificate.client.DefaultCertificateClient.getCSRBuilder(DefaultCertificateClient.java:573)
	at org.apache.hadoop.hdds.security.x509.certificate.client.DNCertificateClient.getCSRBuilder(DNCertificateClient.java:75)
	at org.apache.hadoop.hdds.security.x509.certificate.client.DefaultCertificateClient.renewAndStoreKeyAndCertificate(DefaultCertificateClient.java:1150)
	... 8 more
2024-04-16 15:25:24,997 [b0aa2d35-6359-4a01-adae-562d9ba7b9a5-dn-CertificateRenewerService] INFO  client.DNCertificateClient (DefaultCertificateClient.java:run(1457)) - Current certificate 301820 needs to be renewed remaining grace period PT0S. Forced renewal due to root ca rotation: false.
2024-04-16 15:25:25,283 [b0aa2d35-6359-4a01-adae-562d9ba7b9a5-dn-CertificateRenewerService] INFO  ozone.OzoneSecurityUtil (OzoneSecurityUtil.java:getValidInetsForCurrentHost(116)) - Adding ip:fe80:0:0:0:20d:3aff:fe1b:d32f%eth0,host:fe80:0:0:0:20d:3aff:fe1b:d32f%eth0
2024-04-16 15:25:25,283 [b0aa2d35-6359-4a01-adae-562d9ba7b9a5-dn-CertificateRenewerService] INFO  ozone.OzoneSecurityUtil (OzoneSecurityUtil.java:getValidInetsForCurrentHost(116)) - Adding ip:10.1.0.30,host:fv-az699-832.gws2011vpwuupmkks00dozwttg.bx.internal.cloudapp.net
2024-04-16 15:25:25,283 [b0aa2d35-6359-4a01-adae-562d9ba7b9a5-dn-CertificateRenewerService] INFO  ozone.OzoneSecurityUtil (OzoneSecurityUtil.java:getValidInetsForCurrentHost(116)) - Adding ip:0:0:0:0:0:0:0:1%lo,host:localhost
2024-04-16 15:25:25,283 [b0aa2d35-6359-4a01-adae-562d9ba7b9a5-dn-CertificateRenewerService] INFO  ozone.OzoneSecurityUtil (OzoneSecurityUtil.java:getValidInetsForCurrentHost(119)) - ip:127.0.0.1 not returned.
2024-04-16 15:25:25,283 [b0aa2d35-6359-4a01-adae-562d9ba7b9a5-dn-CertificateRenewerService] ERROR client.DNCertificateClient (DefaultCertificateClient.java:run(1473)) - Failed to renew and store key and cert. Keep using existing certificates.
org.apache.hadoop.hdds.security.x509.exception.CertificateException: Error while signing and storing new certificates.
	at org.apache.hadoop.hdds.security.x509.certificate.client.DefaultCertificateClient.renewAndStoreKeyAndCertificate(DefaultCertificateClient.java:1155)
	at org.apache.hadoop.hdds.security.x509.certificate.client.DefaultCertificateClient$CertificateRenewerService.run(DefaultCertificateClient.java:1462)
	at java.util.concurrent.Executors$RunnableAdapter.call(Executors.java:511)
	at java.util.concurrent.FutureTask.runAndReset(FutureTask.java:308)
	at java.util.concurrent.ScheduledThreadPoolExecutor$ScheduledFutureTask.access$301(ScheduledThreadPoolExecutor.java:180)
	at java.util.concurrent.ScheduledThreadPoolExecutor$ScheduledFutureTask.run(ScheduledThreadPoolExecutor.java:294)
	at java.util.concurrent.ThreadPoolExecutor.runWorker(ThreadPoolExecutor.java:1149)
	at java.util.concurrent.ThreadPoolExecutor$Worker.run(ThreadPoolExecutor.java:624)
	at java.lang.Thread.run(Thread.java:750)
Caused by: java.lang.IllegalArgumentException: IP Address is invalid
	at org.bouncycastle.asn1.x509.GeneralName.<init>(Unknown Source)
	at org.apache.hadoop.hdds.security.x509.certificate.utils.CertificateSignRequest$Builder.addAltName(CertificateSignRequest.java:334)
	at org.apache.hadoop.hdds.security.x509.certificate.utils.CertificateSignRequest$Builder.addIpAddress(CertificateSignRequest.java:281)
	at org.apache.hadoop.hdds.security.x509.certificate.utils.CertificateSignRequest$Builder.lambda$addInetAddresses$0(CertificateSignRequest.java:306)
	at java.util.ArrayList.forEach(ArrayList.java:1259)
	at org.apache.hadoop.hdds.security.x509.certificate.utils.CertificateSignRequest$Builder.addInetAddresses(CertificateSignRequest.java:304)
	at org.apache.hadoop.hdds.security.x509.certificate.utils.CertificateSignRequest$Builder.addInetAddresses(CertificateSignRequest.java:292)
	at org.apache.hadoop.hdds.security.x509.certificate.client.DefaultCertificateClient.getCSRBuilder(DefaultCertificateClient.java:573)
	at org.apache.hadoop.hdds.security.x509.certificate.client.DNCertificateClient.getCSRBuilder(DNCertificateClient.java:75)
	at org.apache.hadoop.hdds.security.x509.certificate.client.DefaultCertificateClient.renewAndStoreKeyAndCertificate(DefaultCertificateClient.java:1150)
	... 8 more
2024-04-16 15:25:25,284 [b0aa2d35-6359-4a01-adae-562d9ba7b9a5-dn-CertificateRenewerService] INFO  client.DNCertificateClient (DefaultCertificateClient.java:run(1457)) - Current certificate 301820 needs to be renewed remaining grace period PT0S. Forced renewal due to root ca rotation: false.
2024-04-16 15:25:25,527 [b0aa2d35-6359-4a01-adae-562d9ba7b9a5-dn-CertificateRenewerService] INFO  ozone.OzoneSecurityUtil (OzoneSecurityUtil.java:getValidInetsForCurrentHost(116)) - Adding ip:fe80:0:0:0:20d:3aff:fe1b:d32f%eth0,host:fe80:0:0:0:20d:3aff:fe1b:d32f%eth0
2024-04-16 15:25:25,527 [b0aa2d35-6359-4a01-adae-562d9ba7b9a5-dn-CertificateRenewerService] INFO  ozone.OzoneSecurityUtil (OzoneSecurityUtil.java:getValidInetsForCurrentHost(116)) - Adding ip:10.1.0.30,host:fv-az699-832.gws2011vpwuupmkks00dozwttg.bx.internal.cloudapp.net
2024-04-16 15:25:25,527 [b0aa2d35-6359-4a01-adae-562d9ba7b9a5-dn-CertificateRenewerService] INFO  ozone.OzoneSecurityUtil (OzoneSecurityUtil.java:getValidInetsForCurrentHost(116)) - Adding ip:0:0:0:0:0:0:0:1%lo,host:localhost
2024-04-16 15:25:25,528 [b0aa2d35-6359-4a01-adae-562d9ba7b9a5-dn-CertificateRenewerService] INFO  ozone.OzoneSecurityUtil (OzoneSecurityUtil.java:getValidInetsForCurrentHost(119)) - ip:127.0.0.1 not returned.
2024-04-16 15:25:25,528 [b0aa2d35-6359-4a01-adae-562d9ba7b9a5-dn-CertificateRenewerService] ERROR client.DNCertificateClient (DefaultCertificateClient.java:run(1473)) - Failed to renew and store key and cert. Keep using existing certificates.
org.apache.hadoop.hdds.security.x509.exception.CertificateException: Error while signing and storing new certificates.
	at org.apache.hadoop.hdds.security.x509.certificate.client.DefaultCertificateClient.renewAndStoreKeyAndCertificate(DefaultCertificateClient.java:1155)
	at org.apache.hadoop.hdds.security.x509.certificate.client.DefaultCertificateClient$CertificateRenewerService.run(DefaultCertificateClient.java:1462)
	at java.util.concurrent.Executors$RunnableAdapter.call(Executors.java:511)
	at java.util.concurrent.FutureTask.runAndReset(FutureTask.java:308)
	at java.util.concurrent.ScheduledThreadPoolExecutor$ScheduledFutureTask.access$301(ScheduledThreadPoolExecutor.java:180)
	at java.util.concurrent.ScheduledThreadPoolExecutor$ScheduledFutureTask.run(ScheduledThreadPoolExecutor.java:294)
	at java.util.concurrent.ThreadPoolExecutor.runWorker(ThreadPoolExecutor.java:1149)
	at java.util.concurrent.ThreadPoolExecutor$Worker.run(ThreadPoolExecutor.java:624)
	at java.lang.Thread.run(Thread.java:750)
Caused by: java.lang.IllegalArgumentException: IP Address is invalid
	at org.bouncycastle.asn1.x509.GeneralName.<init>(Unknown Source)
	at org.apache.hadoop.hdds.security.x509.certificate.utils.CertificateSignRequest$Builder.addAltName(CertificateSignRequest.java:334)
	at org.apache.hadoop.hdds.security.x509.certificate.utils.CertificateSignRequest$Builder.addIpAddress(CertificateSignRequest.java:281)
	at org.apache.hadoop.hdds.security.x509.certificate.utils.CertificateSignRequest$Builder.lambda$addInetAddresses$0(CertificateSignRequest.java:306)
	at java.util.ArrayList.forEach(ArrayList.java:1259)
	at org.apache.hadoop.hdds.security.x509.certificate.utils.CertificateSignRequest$Builder.addInetAddresses(CertificateSignRequest.java:304)
	at org.apache.hadoop.hdds.security.x509.certificate.utils.CertificateSignRequest$Builder.addInetAddresses(CertificateSignRequest.java:292)
	at org.apache.hadoop.hdds.security.x509.certificate.client.DefaultCertificateClient.getCSRBuilder(DefaultCertificateClient.java:573)
	at org.apache.hadoop.hdds.security.x509.certificate.client.DNCertificateClient.getCSRBuilder(DNCertificateClient.java:75)
	at org.apache.hadoop.hdds.security.x509.certificate.client.DefaultCertificateClient.renewAndStoreKeyAndCertificate(DefaultCertificateClient.java:1150)
	... 8 more
2024-04-16 15:25:26,663 [b0aa2d35-6359-4a01-adae-562d9ba7b9a5-dn-CertificateRenewerService] INFO  client.DNCertificateClient (DefaultCertificateClient.java:run(1457)) - Current certificate 301820 needs to be renewed remaining grace period PT0S. Forced renewal due to root ca rotation: false.
2024-04-16 15:25:26,742 [b0aa2d35-6359-4a01-adae-562d9ba7b9a5-dn-CertificateRenewerService] INFO  ozone.OzoneSecurityUtil (OzoneSecurityUtil.java:getValidInetsForCurrentHost(116)) - Adding ip:fe80:0:0:0:20d:3aff:fe1b:d32f%eth0,host:fe80:0:0:0:20d:3aff:fe1b:d32f%eth0
2024-04-16 15:25:26,742 [b0aa2d35-6359-4a01-adae-562d9ba7b9a5-dn-CertificateRenewerService] INFO  ozone.OzoneSecurityUtil (OzoneSecurityUtil.java:getValidInetsForCurrentHost(116)) - Adding ip:10.1.0.30,host:fv-az699-832.gws2011vpwuupmkks00dozwttg.bx.internal.cloudapp.net
2024-04-16 15:25:26,742 [b0aa2d35-6359-4a01-adae-562d9ba7b9a5-dn-CertificateRenewerService] INFO  ozone.OzoneSecurityUtil (OzoneSecurityUtil.java:getValidInetsForCurrentHost(116)) - Adding ip:0:0:0:0:0:0:0:1%lo,host:localhost
2024-04-16 15:25:26,742 [b0aa2d35-6359-4a01-adae-562d9ba7b9a5-dn-CertificateRenewerService] INFO  ozone.OzoneSecurityUtil (OzoneSecurityUtil.java:getValidInetsForCurrentHost(119)) - ip:127.0.0.1 not returned.
2024-04-16 15:25:26,742 [b0aa2d35-6359-4a01-adae-562d9ba7b9a5-dn-CertificateRenewerService] ERROR client.DNCertificateClient (DefaultCertificateClient.java:run(1473)) - Failed to renew and store key and cert. Keep using existing certificates.
org.apache.hadoop.hdds.security.x509.exception.CertificateException: Error while signing and storing new certificates.
	at org.apache.hadoop.hdds.security.x509.certificate.client.DefaultCertificateClient.renewAndStoreKeyAndCertificate(DefaultCertificateClient.java:1155)
	at org.apache.hadoop.hdds.security.x509.certificate.client.DefaultCertificateClient$CertificateRenewerService.run(DefaultCertificateClient.java:1462)
	at java.util.concurrent.Executors$RunnableAdapter.call(Executors.java:511)
	at java.util.concurrent.FutureTask.runAndReset(FutureTask.java:308)
	at java.util.concurrent.ScheduledThreadPoolExecutor$ScheduledFutureTask.access$301(ScheduledThreadPoolExecutor.java:180)
	at java.util.concurrent.ScheduledThreadPoolExecutor$ScheduledFutureTask.run(ScheduledThreadPoolExecutor.java:294)
	at java.util.concurrent.ThreadPoolExecutor.runWorker(ThreadPoolExecutor.java:1149)
	at java.util.concurrent.ThreadPoolExecutor$Worker.run(ThreadPoolExecutor.java:624)
	at java.lang.Thread.run(Thread.java:750)
Caused by: java.lang.IllegalArgumentException: IP Address is invalid
	at org.bouncycastle.asn1.x509.GeneralName.<init>(Unknown Source)
	at org.apache.hadoop.hdds.security.x509.certificate.utils.CertificateSignRequest$Builder.addAltName(CertificateSignRequest.java:334)
	at org.apache.hadoop.hdds.security.x509.certificate.utils.CertificateSignRequest$Builder.addIpAddress(CertificateSignRequest.java:281)
	at org.apache.hadoop.hdds.security.x509.certificate.utils.CertificateSignRequest$Builder.lambda$addInetAddresses$0(CertificateSignRequest.java:306)
	at java.util.ArrayList.forEach(ArrayList.java:1259)
	at org.apache.hadoop.hdds.security.x509.certificate.utils.CertificateSignRequest$Builder.addInetAddresses(CertificateSignRequest.java:304)
	at org.apache.hadoop.hdds.security.x509.certificate.utils.CertificateSignRequest$Builder.addInetAddresses(CertificateSignRequest.java:292)
	at org.apache.hadoop.hdds.security.x509.certificate.client.DefaultCertificateClient.getCSRBuilder(DefaultCertificateClient.java:573)
	at org.apache.hadoop.hdds.security.x509.certificate.client.DNCertificateClient.getCSRBuilder(DNCertificateClient.java:75)
	at org.apache.hadoop.hdds.security.x509.certificate.client.DefaultCertificateClient.renewAndStoreKeyAndCertificate(DefaultCertificateClient.java:1150)
	... 8 more
2024-04-16 15:25:26,742 [b0aa2d35-6359-4a01-adae-562d9ba7b9a5-dn-CertificateRenewerService] INFO  client.DNCertificateClient (DefaultCertificateClient.java:run(1457)) - Current certificate 301820 needs to be renewed remaining grace period PT0S. Forced renewal due to root ca rotation: false.
2024-04-16 15:25:27,180 [b0aa2d35-6359-4a01-adae-562d9ba7b9a5-dn-CertificateRenewerService] INFO  ozone.OzoneSecurityUtil (OzoneSecurityUtil.java:getValidInetsForCurrentHost(116)) - Adding ip:fe80:0:0:0:20d:3aff:fe1b:d32f%eth0,host:fe80:0:0:0:20d:3aff:fe1b:d32f%eth0
2024-04-16 15:25:27,180 [b0aa2d35-6359-4a01-adae-562d9ba7b9a5-dn-CertificateRenewerService] INFO  ozone.OzoneSecurityUtil (OzoneSecurityUtil.java:getValidInetsForCurrentHost(116)) - Adding ip:10.1.0.30,host:fv-az699-832.gws2011vpwuupmkks00dozwttg.bx.internal.cloudapp.net
2024-04-16 15:25:27,180 [b0aa2d35-6359-4a01-adae-562d9ba7b9a5-dn-CertificateRenewerService] INFO  ozone.OzoneSecurityUtil (OzoneSecurityUtil.java:getValidInetsForCurrentHost(116)) - Adding ip:0:0:0:0:0:0:0:1%lo,host:localhost
2024-04-16 15:25:27,180 [b0aa2d35-6359-4a01-adae-562d9ba7b9a5-dn-CertificateRenewerService] INFO  ozone.OzoneSecurityUtil (OzoneSecurityUtil.java:getValidInetsForCurrentHost(119)) - ip:127.0.0.1 not returned.
2024-04-16 15:25:27,180 [b0aa2d35-6359-4a01-adae-562d9ba7b9a5-dn-CertificateRenewerService] ERROR client.DNCertificateClient (DefaultCertificateClient.java:run(1473)) - Failed to renew and store key and cert. Keep using existing certificates.
org.apache.hadoop.hdds.security.x509.exception.CertificateException: Error while signing and storing new certificates.
	at org.apache.hadoop.hdds.security.x509.certificate.client.DefaultCertificateClient.renewAndStoreKeyAndCertificate(DefaultCertificateClient.java:1155)
	at org.apache.hadoop.hdds.security.x509.certificate.client.DefaultCertificateClient$CertificateRenewerService.run(DefaultCertificateClient.java:1462)
	at java.util.concurrent.Executors$RunnableAdapter.call(Executors.java:511)
	at java.util.concurrent.FutureTask.runAndReset(FutureTask.java:308)
	at java.util.concurrent.ScheduledThreadPoolExecutor$ScheduledFutureTask.access$301(ScheduledThreadPoolExecutor.java:180)
	at java.util.concurrent.ScheduledThreadPoolExecutor$ScheduledFutureTask.run(ScheduledThreadPoolExecutor.java:294)
	at java.util.concurrent.ThreadPoolExecutor.runWorker(ThreadPoolExecutor.java:1149)
	at java.util.concurrent.ThreadPoolExecutor$Worker.run(ThreadPoolExecutor.java:624)
	at java.lang.Thread.run(Thread.java:750)
Caused by: java.lang.IllegalArgumentException: IP Address is invalid
	at org.bouncycastle.asn1.x509.GeneralName.<init>(Unknown Source)
	at org.apache.hadoop.hdds.security.x509.certificate.utils.CertificateSignRequest$Builder.addAltName(CertificateSignRequest.java:334)
	at org.apache.hadoop.hdds.security.x509.certificate.utils.CertificateSignRequest$Builder.addIpAddress(CertificateSignRequest.java:281)
	at org.apache.hadoop.hdds.security.x509.certificate.utils.CertificateSignRequest$Builder.lambda$addInetAddresses$0(CertificateSignRequest.java:306)
	at java.util.ArrayList.forEach(ArrayList.java:1259)
	at org.apache.hadoop.hdds.security.x509.certificate.utils.CertificateSignRequest$Builder.addInetAddresses(CertificateSignRequest.java:304)
	at org.apache.hadoop.hdds.security.x509.certificate.utils.CertificateSignRequest$Builder.addInetAddresses(CertificateSignRequest.java:292)
	at org.apache.hadoop.hdds.security.x509.certificate.client.DefaultCertificateClient.getCSRBuilder(DefaultCertificateClient.java:573)
	at org.apache.hadoop.hdds.security.x509.certificate.client.DNCertificateClient.getCSRBuilder(DNCertificateClient.java:75)
	at org.apache.hadoop.hdds.security.x509.certificate.client.DefaultCertificateClient.renewAndStoreKeyAndCertificate(DefaultCertificateClient.java:1150)
	... 8 more
2024-04-16 15:25:28,329 [b0aa2d35-6359-4a01-adae-562d9ba7b9a5-dn-CertificateRenewerService] INFO  client.DNCertificateClient (DefaultCertificateClient.java:run(1457)) - Current certificate 301820 needs to be renewed remaining grace period PT0S. Forced renewal due to root ca rotation: false.
2024-04-16 15:25:28,410 [b0aa2d35-6359-4a01-adae-562d9ba7b9a5-dn-CertificateRenewerService] INFO  ozone.OzoneSecurityUtil (OzoneSecurityUtil.java:getValidInetsForCurrentHost(116)) - Adding ip:fe80:0:0:0:20d:3aff:fe1b:d32f%eth0,host:fe80:0:0:0:20d:3aff:fe1b:d32f%eth0
2024-04-16 15:25:28,410 [b0aa2d35-6359-4a01-adae-562d9ba7b9a5-dn-CertificateRenewerService] INFO  ozone.OzoneSecurityUtil (OzoneSecurityUtil.java:getValidInetsForCurrentHost(116)) - Adding ip:10.1.0.30,host:fv-az699-832.gws2011vpwuupmkks00dozwttg.bx.internal.cloudapp.net
2024-04-16 15:25:28,410 [b0aa2d35-6359-4a01-adae-562d9ba7b9a5-dn-CertificateRenewerService] INFO  ozone.OzoneSecurityUtil (OzoneSecurityUtil.java:getValidInetsForCurrentHost(116)) - Adding ip:0:0:0:0:0:0:0:1%lo,host:localhost
2024-04-16 15:25:28,410 [b0aa2d35-6359-4a01-adae-562d9ba7b9a5-dn-CertificateRenewerService] INFO  ozone.OzoneSecurityUtil (OzoneSecurityUtil.java:getValidInetsForCurrentHost(119)) - ip:127.0.0.1 not returned.
2024-04-16 15:25:28,410 [b0aa2d35-6359-4a01-adae-562d9ba7b9a5-dn-CertificateRenewerService] ERROR client.DNCertificateClient (DefaultCertificateClient.java:run(1473)) - Failed to renew and store key and cert. Keep using existing certificates.
org.apache.hadoop.hdds.security.x509.exception.CertificateException: Error while signing and storing new certificates.
	at org.apache.hadoop.hdds.security.x509.certificate.client.DefaultCertificateClient.renewAndStoreKeyAndCertificate(DefaultCertificateClient.java:1155)
	at org.apache.hadoop.hdds.security.x509.certificate.client.DefaultCertificateClient$CertificateRenewerService.run(DefaultCertificateClient.java:1462)
	at java.util.concurrent.Executors$RunnableAdapter.call(Executors.java:511)
	at java.util.concurrent.FutureTask.runAndReset(FutureTask.java:308)
	at java.util.concurrent.ScheduledThreadPoolExecutor$ScheduledFutureTask.access$301(ScheduledThreadPoolExecutor.java:180)
	at java.util.concurrent.ScheduledThreadPoolExecutor$ScheduledFutureTask.run(ScheduledThreadPoolExecutor.java:294)
	at java.util.concurrent.ThreadPoolExecutor.runWorker(ThreadPoolExecutor.java:1149)
	at java.util.concurrent.ThreadPoolExecutor$Worker.run(ThreadPoolExecutor.java:624)
	at java.lang.Thread.run(Thread.java:750)
Caused by: java.lang.IllegalArgumentException: IP Address is invalid
	at org.bouncycastle.asn1.x509.GeneralName.<init>(Unknown Source)
	at org.apache.hadoop.hdds.security.x509.certificate.utils.CertificateSignRequest$Builder.addAltName(CertificateSignRequest.java:334)
	at org.apache.hadoop.hdds.security.x509.certificate.utils.CertificateSignRequest$Builder.addIpAddress(CertificateSignRequest.java:281)
	at org.apache.hadoop.hdds.security.x509.certificate.utils.CertificateSignRequest$Builder.lambda$addInetAddresses$0(CertificateSignRequest.java:306)
	at java.util.ArrayList.forEach(ArrayList.java:1259)
	at org.apache.hadoop.hdds.security.x509.certificate.utils.CertificateSignRequest$Builder.addInetAddresses(CertificateSignRequest.java:304)
	at org.apache.hadoop.hdds.security.x509.certificate.utils.CertificateSignRequest$Builder.addInetAddresses(CertificateSignRequest.java:292)
	at org.apache.hadoop.hdds.security.x509.certificate.client.DefaultCertificateClient.getCSRBuilder(DefaultCertificateClient.java:573)
	at org.apache.hadoop.hdds.security.x509.certificate.client.DNCertificateClient.getCSRBuilder(DNCertificateClient.java:75)
	at org.apache.hadoop.hdds.security.x509.certificate.client.DefaultCertificateClient.renewAndStoreKeyAndCertificate(DefaultCertificateClient.java:1150)
	... 8 more
2024-04-16 15:25:28,410 [b0aa2d35-6359-4a01-adae-562d9ba7b9a5-dn-CertificateRenewerService] INFO  client.DNCertificateClient (DefaultCertificateClient.java:run(1457)) - Current certificate 301820 needs to be renewed remaining grace period PT0S. Forced renewal due to root ca rotation: false.
2024-04-16 15:25:28,912 [b0aa2d35-6359-4a01-adae-562d9ba7b9a5-dn-CertificateRenewerService] INFO  ozone.OzoneSecurityUtil (OzoneSecurityUtil.java:getValidInetsForCurrentHost(116)) - Adding ip:fe80:0:0:0:20d:3aff:fe1b:d32f%eth0,host:fe80:0:0:0:20d:3aff:fe1b:d32f%eth0
2024-04-16 15:25:28,912 [b0aa2d35-6359-4a01-adae-562d9ba7b9a5-dn-CertificateRenewerService] INFO  ozone.OzoneSecurityUtil (OzoneSecurityUtil.java:getValidInetsForCurrentHost(116)) - Adding ip:10.1.0.30,host:fv-az699-832.gws2011vpwuupmkks00dozwttg.bx.internal.cloudapp.net
2024-04-16 15:25:28,912 [b0aa2d35-6359-4a01-adae-562d9ba7b9a5-dn-CertificateRenewerService] INFO  ozone.OzoneSecurityUtil (OzoneSecurityUtil.java:getValidInetsForCurrentHost(116)) - Adding ip:0:0:0:0:0:0:0:1%lo,host:localhost
2024-04-16 15:25:28,912 [b0aa2d35-6359-4a01-adae-562d9ba7b9a5-dn-CertificateRenewerService] INFO  ozone.OzoneSecurityUtil (OzoneSecurityUtil.java:getValidInetsForCurrentHost(119)) - ip:127.0.0.1 not returned.
2024-04-16 15:25:28,912 [b0aa2d35-6359-4a01-adae-562d9ba7b9a5-dn-CertificateRenewerService] ERROR client.DNCertificateClient (DefaultCertificateClient.java:run(1473)) - Failed to renew and store key and cert. Keep using existing certificates.
org.apache.hadoop.hdds.security.x509.exception.CertificateException: Error while signing and storing new certificates.
	at org.apache.hadoop.hdds.security.x509.certificate.client.DefaultCertificateClient.renewAndStoreKeyAndCertificate(DefaultCertificateClient.java:1155)
	at org.apache.hadoop.hdds.security.x509.certificate.client.DefaultCertificateClient$CertificateRenewerService.run(DefaultCertificateClient.java:1462)
	at java.util.concurrent.Executors$RunnableAdapter.call(Executors.java:511)
	at java.util.concurrent.FutureTask.runAndReset(FutureTask.java:308)
	at java.util.concurrent.ScheduledThreadPoolExecutor$ScheduledFutureTask.access$301(ScheduledThreadPoolExecutor.java:180)
	at java.util.concurrent.ScheduledThreadPoolExecutor$ScheduledFutureTask.run(ScheduledThreadPoolExecutor.java:294)
	at java.util.concurrent.ThreadPoolExecutor.runWorker(ThreadPoolExecutor.java:1149)
	at java.util.concurrent.ThreadPoolExecutor$Worker.run(ThreadPoolExecutor.java:624)
	at java.lang.Thread.run(Thread.java:750)
Caused by: java.lang.IllegalArgumentException: IP Address is invalid
	at org.bouncycastle.asn1.x509.GeneralName.<init>(Unknown Source)
	at org.apache.hadoop.hdds.security.x509.certificate.utils.CertificateSignRequest$Builder.addAltName(CertificateSignRequest.java:334)
	at org.apache.hadoop.hdds.security.x509.certificate.utils.CertificateSignRequest$Builder.addIpAddress(CertificateSignRequest.java:281)
	at org.apache.hadoop.hdds.security.x509.certificate.utils.CertificateSignRequest$Builder.lambda$addInetAddresses$0(CertificateSignRequest.java:306)
	at java.util.ArrayList.forEach(ArrayList.java:1259)
	at org.apache.hadoop.hdds.security.x509.certificate.utils.CertificateSignRequest$Builder.addInetAddresses(CertificateSignRequest.java:304)
	at org.apache.hadoop.hdds.security.x509.certificate.utils.CertificateSignRequest$Builder.addInetAddresses(CertificateSignRequest.java:292)
	at org.apache.hadoop.hdds.security.x509.certificate.client.DefaultCertificateClient.getCSRBuilder(DefaultCertificateClient.java:573)
	at org.apache.hadoop.hdds.security.x509.certificate.client.DNCertificateClient.getCSRBuilder(DNCertificateClient.java:75)
	at org.apache.hadoop.hdds.security.x509.certificate.client.DefaultCertificateClient.renewAndStoreKeyAndCertificate(DefaultCertificateClient.java:1150)
	... 8 more
2024-04-16 15:25:29,995 [b0aa2d35-6359-4a01-adae-562d9ba7b9a5-dn-CertificateRenewerService] INFO  client.DNCertificateClient (DefaultCertificateClient.java:run(1457)) - Current certificate 301820 needs to be renewed remaining grace period PT0S. Forced renewal due to root ca rotation: false.
2024-04-16 15:25:30,111 [b0aa2d35-6359-4a01-adae-562d9ba7b9a5-dn-CertificateRenewerService] INFO  ozone.OzoneSecurityUtil (OzoneSecurityUtil.java:getValidInetsForCurrentHost(116)) - Adding ip:fe80:0:0:0:20d:3aff:fe1b:d32f%eth0,host:fe80:0:0:0:20d:3aff:fe1b:d32f%eth0
2024-04-16 15:25:30,111 [b0aa2d35-6359-4a01-adae-562d9ba7b9a5-dn-CertificateRenewerService] INFO  ozone.OzoneSecurityUtil (OzoneSecurityUtil.java:getValidInetsForCurrentHost(116)) - Adding ip:10.1.0.30,host:fv-az699-832.gws2011vpwuupmkks00dozwttg.bx.internal.cloudapp.net
2024-04-16 15:25:30,112 [b0aa2d35-6359-4a01-adae-562d9ba7b9a5-dn-CertificateRenewerService] INFO  ozone.OzoneSecurityUtil (OzoneSecurityUtil.java:getValidInetsForCurrentHost(116)) - Adding ip:0:0:0:0:0:0:0:1%lo,host:localhost
2024-04-16 15:25:30,112 [b0aa2d35-6359-4a01-adae-562d9ba7b9a5-dn-CertificateRenewerService] INFO  ozone.OzoneSecurityUtil (OzoneSecurityUtil.java:getValidInetsForCurrentHost(119)) - ip:127.0.0.1 not returned.
2024-04-16 15:25:30,112 [b0aa2d35-6359-4a01-adae-562d9ba7b9a5-dn-CertificateRenewerService] ERROR client.DNCertificateClient (DefaultCertificateClient.java:run(1473)) - Failed to renew and store key and cert. Keep using existing certificates.
org.apache.hadoop.hdds.security.x509.exception.CertificateException: Error while signing and storing new certificates.
	at org.apache.hadoop.hdds.security.x509.certificate.client.DefaultCertificateClient.renewAndStoreKeyAndCertificate(DefaultCertificateClient.java:1155)
	at org.apache.hadoop.hdds.security.x509.certificate.client.DefaultCertificateClient$CertificateRenewerService.run(DefaultCertificateClient.java:1462)
	at java.util.concurrent.Executors$RunnableAdapter.call(Executors.java:511)
	at java.util.concurrent.FutureTask.runAndReset(FutureTask.java:308)
	at java.util.concurrent.ScheduledThreadPoolExecutor$ScheduledFutureTask.access$301(ScheduledThreadPoolExecutor.java:180)
	at java.util.concurrent.ScheduledThreadPoolExecutor$ScheduledFutureTask.run(ScheduledThreadPoolExecutor.java:294)
	at java.util.concurrent.ThreadPoolExecutor.runWorker(ThreadPoolExecutor.java:1149)
	at java.util.concurrent.ThreadPoolExecutor$Worker.run(ThreadPoolExecutor.java:624)
	at java.lang.Thread.run(Thread.java:750)
Caused by: java.lang.IllegalArgumentException: IP Address is invalid
	at org.bouncycastle.asn1.x509.GeneralName.<init>(Unknown Source)
	at org.apache.hadoop.hdds.security.x509.certificate.utils.CertificateSignRequest$Builder.addAltName(CertificateSignRequest.java:334)
	at org.apache.hadoop.hdds.security.x509.certificate.utils.CertificateSignRequest$Builder.addIpAddress(CertificateSignRequest.java:281)
	at org.apache.hadoop.hdds.security.x509.certificate.utils.CertificateSignRequest$Builder.lambda$addInetAddresses$0(CertificateSignRequest.java:306)
	at java.util.ArrayList.forEach(ArrayList.java:1259)
	at org.apache.hadoop.hdds.security.x509.certificate.utils.CertificateSignRequest$Builder.addInetAddresses(CertificateSignRequest.java:304)
	at org.apache.hadoop.hdds.security.x509.certificate.utils.CertificateSignRequest$Builder.addInetAddresses(CertificateSignRequest.java:292)
	at org.apache.hadoop.hdds.security.x509.certificate.client.DefaultCertificateClient.getCSRBuilder(DefaultCertificateClient.java:573)
	at org.apache.hadoop.hdds.security.x509.certificate.client.DNCertificateClient.getCSRBuilder(DNCertificateClient.java:75)
	at org.apache.hadoop.hdds.security.x509.certificate.client.DefaultCertificateClient.renewAndStoreKeyAndCertificate(DefaultCertificateClient.java:1150)
	... 8 more
2024-04-16 15:25:30,112 [b0aa2d35-6359-4a01-adae-562d9ba7b9a5-dn-CertificateRenewerService] INFO  client.DNCertificateClient (DefaultCertificateClient.java:run(1457)) - Current certificate 301820 needs to be renewed remaining grace period PT0S. Forced renewal due to root ca rotation: false.
2024-04-16 15:25:30,173 [b0aa2d35-6359-4a01-adae-562d9ba7b9a5-dn-CertificateRenewerService] INFO  ozone.OzoneSecurityUtil (OzoneSecurityUtil.java:getValidInetsForCurrentHost(116)) - Adding ip:fe80:0:0:0:20d:3aff:fe1b:d32f%eth0,host:fe80:0:0:0:20d:3aff:fe1b:d32f%eth0
2024-04-16 15:25:30,173 [b0aa2d35-6359-4a01-adae-562d9ba7b9a5-dn-CertificateRenewerService] INFO  ozone.OzoneSecurityUtil (OzoneSecurityUtil.java:getValidInetsForCurrentHost(116)) - Adding ip:10.1.0.30,host:fv-az699-832.gws2011vpwuupmkks00dozwttg.bx.internal.cloudapp.net
2024-04-16 15:25:30,173 [b0aa2d35-6359-4a01-adae-562d9ba7b9a5-dn-CertificateRenewerService] INFO  ozone.OzoneSecurityUtil (OzoneSecurityUtil.java:getValidInetsForCurrentHost(116)) - Adding ip:0:0:0:0:0:0:0:1%lo,host:localhost
2024-04-16 15:25:30,173 [b0aa2d35-6359-4a01-adae-562d9ba7b9a5-dn-CertificateRenewerService] INFO  ozone.OzoneSecurityUtil (OzoneSecurityUtil.java:getValidInetsForCurrentHost(119)) - ip:127.0.0.1 not returned.
2024-04-16 15:25:30,173 [b0aa2d35-6359-4a01-adae-562d9ba7b9a5-dn-CertificateRenewerService] ERROR client.DNCertificateClient (DefaultCertificateClient.java:run(1473)) - Failed to renew and store key and cert. Keep using existing certificates.
org.apache.hadoop.hdds.security.x509.exception.CertificateException: Error while signing and storing new certificates.
	at org.apache.hadoop.hdds.security.x509.certificate.client.DefaultCertificateClient.renewAndStoreKeyAndCertificate(DefaultCertificateClient.java:1155)
	at org.apache.hadoop.hdds.security.x509.certificate.client.DefaultCertificateClient$CertificateRenewerService.run(DefaultCertificateClient.java:1462)
	at java.util.concurrent.Executors$RunnableAdapter.call(Executors.java:511)
	at java.util.concurrent.FutureTask.runAndReset(FutureTask.java:308)
	at java.util.concurrent.ScheduledThreadPoolExecutor$ScheduledFutureTask.access$301(ScheduledThreadPoolExecutor.java:180)
	at java.util.concurrent.ScheduledThreadPoolExecutor$ScheduledFutureTask.run(ScheduledThreadPoolExecutor.java:294)
	at java.util.concurrent.ThreadPoolExecutor.runWorker(ThreadPoolExecutor.java:1149)
	at java.util.concurrent.ThreadPoolExecutor$Worker.run(ThreadPoolExecutor.java:624)
	at java.lang.Thread.run(Thread.java:750)
Caused by: java.lang.IllegalArgumentException: IP Address is invalid
	at org.bouncycastle.asn1.x509.GeneralName.<init>(Unknown Source)
	at org.apache.hadoop.hdds.security.x509.certificate.utils.CertificateSignRequest$Builder.addAltName(CertificateSignRequest.java:334)
	at org.apache.hadoop.hdds.security.x509.certificate.utils.CertificateSignRequest$Builder.addIpAddress(CertificateSignRequest.java:281)
	at org.apache.hadoop.hdds.security.x509.certificate.utils.CertificateSignRequest$Builder.lambda$addInetAddresses$0(CertificateSignRequest.java:306)
	at java.util.ArrayList.forEach(ArrayList.java:1259)
	at org.apache.hadoop.hdds.security.x509.certificate.utils.CertificateSignRequest$Builder.addInetAddresses(CertificateSignRequest.java:304)
	at org.apache.hadoop.hdds.security.x509.certificate.utils.CertificateSignRequest$Builder.addInetAddresses(CertificateSignRequest.java:292)
	at org.apache.hadoop.hdds.security.x509.certificate.client.DefaultCertificateClient.getCSRBuilder(DefaultCertificateClient.java:573)
	at org.apache.hadoop.hdds.security.x509.certificate.client.DNCertificateClient.getCSRBuilder(DNCertificateClient.java:75)
	at org.apache.hadoop.hdds.security.x509.certificate.client.DefaultCertificateClient.renewAndStoreKeyAndCertificate(DefaultCertificateClient.java:1150)
	... 8 more
2024-04-16 15:25:31,661 [b0aa2d35-6359-4a01-adae-562d9ba7b9a5-dn-CertificateRenewerService] INFO  client.DNCertificateClient (DefaultCertificateClient.java:run(1457)) - Current certificate 301820 needs to be renewed remaining grace period PT0S. Forced renewal due to root ca rotation: false.
2024-04-16 15:25:31,846 [b0aa2d35-6359-4a01-adae-562d9ba7b9a5-dn-CertificateRenewerService] INFO  ozone.OzoneSecurityUtil (OzoneSecurityUtil.java:getValidInetsForCurrentHost(116)) - Adding ip:fe80:0:0:0:20d:3aff:fe1b:d32f%eth0,host:fe80:0:0:0:20d:3aff:fe1b:d32f%eth0
2024-04-16 15:25:31,847 [b0aa2d35-6359-4a01-adae-562d9ba7b9a5-dn-CertificateRenewerService] INFO  ozone.OzoneSecurityUtil (OzoneSecurityUtil.java:getValidInetsForCurrentHost(116)) - Adding ip:10.1.0.30,host:fv-az699-832.gws2011vpwuupmkks00dozwttg.bx.internal.cloudapp.net
2024-04-16 15:25:31,847 [b0aa2d35-6359-4a01-adae-562d9ba7b9a5-dn-CertificateRenewerService] INFO  ozone.OzoneSecurityUtil (OzoneSecurityUtil.java:getValidInetsForCurrentHost(116)) - Adding ip:0:0:0:0:0:0:0:1%lo,host:localhost
2024-04-16 15:25:31,847 [b0aa2d35-6359-4a01-adae-562d9ba7b9a5-dn-CertificateRenewerService] INFO  ozone.OzoneSecurityUtil (OzoneSecurityUtil.java:getValidInetsForCurrentHost(119)) - ip:127.0.0.1 not returned.
2024-04-16 15:25:31,847 [b0aa2d35-6359-4a01-adae-562d9ba7b9a5-dn-CertificateRenewerService] ERROR client.DNCertificateClient (DefaultCertificateClient.java:run(1473)) - Failed to renew and store key and cert. Keep using existing certificates.
org.apache.hadoop.hdds.security.x509.exception.CertificateException: Error while signing and storing new certificates.
	at org.apache.hadoop.hdds.security.x509.certificate.client.DefaultCertificateClient.renewAndStoreKeyAndCertificate(DefaultCertificateClient.java:1155)
	at org.apache.hadoop.hdds.security.x509.certificate.client.DefaultCertificateClient$CertificateRenewerService.run(DefaultCertificateClient.java:1462)
	at java.util.concurrent.Executors$RunnableAdapter.call(Executors.java:511)
	at java.util.concurrent.FutureTask.runAndReset(FutureTask.java:308)
	at java.util.concurrent.ScheduledThreadPoolExecutor$ScheduledFutureTask.access$301(ScheduledThreadPoolExecutor.java:180)
	at java.util.concurrent.ScheduledThreadPoolExecutor$ScheduledFutureTask.run(ScheduledThreadPoolExecutor.java:294)
	at java.util.concurrent.ThreadPoolExecutor.runWorker(ThreadPoolExecutor.java:1149)
	at java.util.concurrent.ThreadPoolExecutor$Worker.run(ThreadPoolExecutor.java:624)
	at java.lang.Thread.run(Thread.java:750)
Caused by: java.lang.IllegalArgumentException: IP Address is invalid
	at org.bouncycastle.asn1.x509.GeneralName.<init>(Unknown Source)
	at org.apache.hadoop.hdds.security.x509.certificate.utils.CertificateSignRequest$Builder.addAltName(CertificateSignRequest.java:334)
	at org.apache.hadoop.hdds.security.x509.certificate.utils.CertificateSignRequest$Builder.addIpAddress(CertificateSignRequest.java:281)
	at org.apache.hadoop.hdds.security.x509.certificate.utils.CertificateSignRequest$Builder.lambda$addInetAddresses$0(CertificateSignRequest.java:306)
	at java.util.ArrayList.forEach(ArrayList.java:1259)
	at org.apache.hadoop.hdds.security.x509.certificate.utils.CertificateSignRequest$Builder.addInetAddresses(CertificateSignRequest.java:304)
	at org.apache.hadoop.hdds.security.x509.certificate.utils.CertificateSignRequest$Builder.addInetAddresses(CertificateSignRequest.java:292)
	at org.apache.hadoop.hdds.security.x509.certificate.client.DefaultCertificateClient.getCSRBuilder(DefaultCertificateClient.java:573)
	at org.apache.hadoop.hdds.security.x509.certificate.client.DNCertificateClient.getCSRBuilder(DNCertificateClient.java:75)
	at org.apache.hadoop.hdds.security.x509.certificate.client.DefaultCertificateClient.renewAndStoreKeyAndCertificate(DefaultCertificateClient.java:1150)
	... 8 more
2024-04-16 15:25:31,847 [b0aa2d35-6359-4a01-adae-562d9ba7b9a5-dn-CertificateRenewerService] INFO  client.DNCertificateClient (DefaultCertificateClient.java:run(1457)) - Current certificate 301820 needs to be renewed remaining grace period PT0S. Forced renewal due to root ca rotation: false.
2024-04-16 15:25:31,957 [b0aa2d35-6359-4a01-adae-562d9ba7b9a5-dn-CertificateRenewerService] INFO  ozone.OzoneSecurityUtil (OzoneSecurityUtil.java:getValidInetsForCurrentHost(116)) - Adding ip:fe80:0:0:0:20d:3aff:fe1b:d32f%eth0,host:fe80:0:0:0:20d:3aff:fe1b:d32f%eth0
2024-04-16 15:25:31,957 [b0aa2d35-6359-4a01-adae-562d9ba7b9a5-dn-CertificateRenewerService] INFO  ozone.OzoneSecurityUtil (OzoneSecurityUtil.java:getValidInetsForCurrentHost(116)) - Adding ip:10.1.0.30,host:fv-az699-832.gws2011vpwuupmkks00dozwttg.bx.internal.cloudapp.net
2024-04-16 15:25:31,957 [b0aa2d35-6359-4a01-adae-562d9ba7b9a5-dn-CertificateRenewerService] INFO  ozone.OzoneSecurityUtil (OzoneSecurityUtil.java:getValidInetsForCurrentHost(116)) - Adding ip:0:0:0:0:0:0:0:1%lo,host:localhost
2024-04-16 15:25:31,958 [b0aa2d35-6359-4a01-adae-562d9ba7b9a5-dn-CertificateRenewerService] INFO  ozone.OzoneSecurityUtil (OzoneSecurityUtil.java:getValidInetsForCurrentHost(119)) - ip:127.0.0.1 not returned.
2024-04-16 15:25:31,958 [b0aa2d35-6359-4a01-adae-562d9ba7b9a5-dn-CertificateRenewerService] ERROR client.DNCertificateClient (DefaultCertificateClient.java:run(1473)) - Failed to renew and store key and cert. Keep using existing certificates.
org.apache.hadoop.hdds.security.x509.exception.CertificateException: Error while signing and storing new certificates.
	at org.apache.hadoop.hdds.security.x509.certificate.client.DefaultCertificateClient.renewAndStoreKeyAndCertificate(DefaultCertificateClient.java:1155)
	at org.apache.hadoop.hdds.security.x509.certificate.client.DefaultCertificateClient$CertificateRenewerService.run(DefaultCertificateClient.java:1462)
	at java.util.concurrent.Executors$RunnableAdapter.call(Executors.java:511)
	at java.util.concurrent.FutureTask.runAndReset(FutureTask.java:308)
	at java.util.concurrent.ScheduledThreadPoolExecutor$ScheduledFutureTask.access$301(ScheduledThreadPoolExecutor.java:180)
	at java.util.concurrent.ScheduledThreadPoolExecutor$ScheduledFutureTask.run(ScheduledThreadPoolExecutor.java:294)
	at java.util.concurrent.ThreadPoolExecutor.runWorker(ThreadPoolExecutor.java:1149)
	at java.util.concurrent.ThreadPoolExecutor$Worker.run(ThreadPoolExecutor.java:624)
	at java.lang.Thread.run(Thread.java:750)
Caused by: java.lang.IllegalArgumentException: IP Address is invalid
	at org.bouncycastle.asn1.x509.GeneralName.<init>(Unknown Source)
	at org.apache.hadoop.hdds.security.x509.certificate.utils.CertificateSignRequest$Builder.addAltName(CertificateSignRequest.java:334)
	at org.apache.hadoop.hdds.security.x509.certificate.utils.CertificateSignRequest$Builder.addIpAddress(CertificateSignRequest.java:281)
	at org.apache.hadoop.hdds.security.x509.certificate.utils.CertificateSignRequest$Builder.lambda$addInetAddresses$0(CertificateSignRequest.java:306)
	at java.util.ArrayList.forEach(ArrayList.java:1259)
	at org.apache.hadoop.hdds.security.x509.certificate.utils.CertificateSignRequest$Builder.addInetAddresses(CertificateSignRequest.java:304)
	at org.apache.hadoop.hdds.security.x509.certificate.utils.CertificateSignRequest$Builder.addInetAddresses(CertificateSignRequest.java:292)
	at org.apache.hadoop.hdds.security.x509.certificate.client.DefaultCertificateClient.getCSRBuilder(DefaultCertificateClient.java:573)
	at org.apache.hadoop.hdds.security.x509.certificate.client.DNCertificateClient.getCSRBuilder(DNCertificateClient.java:75)
	at org.apache.hadoop.hdds.security.x509.certificate.client.DefaultCertificateClient.renewAndStoreKeyAndCertificate(DefaultCertificateClient.java:1150)
	... 8 more
2024-04-16 15:25:33,327 [b0aa2d35-6359-4a01-adae-562d9ba7b9a5-dn-CertificateRenewerService] INFO  client.DNCertificateClient (DefaultCertificateClient.java:run(1457)) - Current certificate 301820 needs to be renewed remaining grace period PT0S. Forced renewal due to root ca rotation: false.
2024-04-16 15:25:33,444 [b0aa2d35-6359-4a01-adae-562d9ba7b9a5-dn-CertificateRenewerService] INFO  ozone.OzoneSecurityUtil (OzoneSecurityUtil.java:getValidInetsForCurrentHost(116)) - Adding ip:fe80:0:0:0:20d:3aff:fe1b:d32f%eth0,host:fe80:0:0:0:20d:3aff:fe1b:d32f%eth0
2024-04-16 15:25:33,444 [b0aa2d35-6359-4a01-adae-562d9ba7b9a5-dn-CertificateRenewerService] INFO  ozone.OzoneSecurityUtil (OzoneSecurityUtil.java:getValidInetsForCurrentHost(116)) - Adding ip:10.1.0.30,host:fv-az699-832.gws2011vpwuupmkks00dozwttg.bx.internal.cloudapp.net
2024-04-16 15:25:33,444 [b0aa2d35-6359-4a01-adae-562d9ba7b9a5-dn-CertificateRenewerService] INFO  ozone.OzoneSecurityUtil (OzoneSecurityUtil.java:getValidInetsForCurrentHost(116)) - Adding ip:0:0:0:0:0:0:0:1%lo,host:localhost
2024-04-16 15:25:33,444 [b0aa2d35-6359-4a01-adae-562d9ba7b9a5-dn-CertificateRenewerService] INFO  ozone.OzoneSecurityUtil (OzoneSecurityUtil.java:getValidInetsForCurrentHost(119)) - ip:127.0.0.1 not returned.
2024-04-16 15:25:33,445 [b0aa2d35-6359-4a01-adae-562d9ba7b9a5-dn-CertificateRenewerService] ERROR client.DNCertificateClient (DefaultCertificateClient.java:run(1473)) - Failed to renew and store key and cert. Keep using existing certificates.
org.apache.hadoop.hdds.security.x509.exception.CertificateException: Error while signing and storing new certificates.
	at org.apache.hadoop.hdds.security.x509.certificate.client.DefaultCertificateClient.renewAndStoreKeyAndCertificate(DefaultCertificateClient.java:1155)
	at org.apache.hadoop.hdds.security.x509.certificate.client.DefaultCertificateClient$CertificateRenewerService.run(DefaultCertificateClient.java:1462)
	at java.util.concurrent.Executors$RunnableAdapter.call(Executors.java:511)
	at java.util.concurrent.FutureTask.runAndReset(FutureTask.java:308)
	at java.util.concurrent.ScheduledThreadPoolExecutor$ScheduledFutureTask.access$301(ScheduledThreadPoolExecutor.java:180)
	at java.util.concurrent.ScheduledThreadPoolExecutor$ScheduledFutureTask.run(ScheduledThreadPoolExecutor.java:294)
	at java.util.concurrent.ThreadPoolExecutor.runWorker(ThreadPoolExecutor.java:1149)
	at java.util.concurrent.ThreadPoolExecutor$Worker.run(ThreadPoolExecutor.java:624)
	at java.lang.Thread.run(Thread.java:750)
Caused by: java.lang.IllegalArgumentException: IP Address is invalid
	at org.bouncycastle.asn1.x509.GeneralName.<init>(Unknown Source)
	at org.apache.hadoop.hdds.security.x509.certificate.utils.CertificateSignRequest$Builder.addAltName(CertificateSignRequest.java:334)
	at org.apache.hadoop.hdds.security.x509.certificate.utils.CertificateSignRequest$Builder.addIpAddress(CertificateSignRequest.java:281)
	at org.apache.hadoop.hdds.security.x509.certificate.utils.CertificateSignRequest$Builder.lambda$addInetAddresses$0(CertificateSignRequest.java:306)
	at java.util.ArrayList.forEach(ArrayList.java:1259)
	at org.apache.hadoop.hdds.security.x509.certificate.utils.CertificateSignRequest$Builder.addInetAddresses(CertificateSignRequest.java:304)
	at org.apache.hadoop.hdds.security.x509.certificate.utils.CertificateSignRequest$Builder.addInetAddresses(CertificateSignRequest.java:292)
	at org.apache.hadoop.hdds.security.x509.certificate.client.DefaultCertificateClient.getCSRBuilder(DefaultCertificateClient.java:573)
	at org.apache.hadoop.hdds.security.x509.certificate.client.DNCertificateClient.getCSRBuilder(DNCertificateClient.java:75)
	at org.apache.hadoop.hdds.security.x509.certificate.client.DefaultCertificateClient.renewAndStoreKeyAndCertificate(DefaultCertificateClient.java:1150)
	... 8 more
2024-04-16 15:25:33,445 [b0aa2d35-6359-4a01-adae-562d9ba7b9a5-dn-CertificateRenewerService] INFO  client.DNCertificateClient (DefaultCertificateClient.java:run(1457)) - Current certificate 301820 needs to be renewed remaining grace period PT0S. Forced renewal due to root ca rotation: false.
2024-04-16 15:25:33,542 [b0aa2d35-6359-4a01-adae-562d9ba7b9a5-dn-CertificateRenewerService] INFO  ozone.OzoneSecurityUtil (OzoneSecurityUtil.java:getValidInetsForCurrentHost(116)) - Adding ip:fe80:0:0:0:20d:3aff:fe1b:d32f%eth0,host:fe80:0:0:0:20d:3aff:fe1b:d32f%eth0
2024-04-16 15:25:33,542 [b0aa2d35-6359-4a01-adae-562d9ba7b9a5-dn-CertificateRenewerService] INFO  ozone.OzoneSecurityUtil (OzoneSecurityUtil.java:getValidInetsForCurrentHost(116)) - Adding ip:10.1.0.30,host:fv-az699-832.gws2011vpwuupmkks00dozwttg.bx.internal.cloudapp.net
2024-04-16 15:25:33,542 [b0aa2d35-6359-4a01-adae-562d9ba7b9a5-dn-CertificateRenewerService] INFO  ozone.OzoneSecurityUtil (OzoneSecurityUtil.java:getValidInetsForCurrentHost(116)) - Adding ip:0:0:0:0:0:0:0:1%lo,host:localhost
2024-04-16 15:25:33,542 [b0aa2d35-6359-4a01-adae-562d9ba7b9a5-dn-CertificateRenewerService] INFO  ozone.OzoneSecurityUtil (OzoneSecurityUtil.java:getValidInetsForCurrentHost(119)) - ip:127.0.0.1 not returned.
2024-04-16 15:25:33,543 [b0aa2d35-6359-4a01-adae-562d9ba7b9a5-dn-CertificateRenewerService] ERROR client.DNCertificateClient (DefaultCertificateClient.java:run(1473)) - Failed to renew and store key and cert. Keep using existing certificates.
org.apache.hadoop.hdds.security.x509.exception.CertificateException: Error while signing and storing new certificates.
	at org.apache.hadoop.hdds.security.x509.certificate.client.DefaultCertificateClient.renewAndStoreKeyAndCertificate(DefaultCertificateClient.java:1155)
	at org.apache.hadoop.hdds.security.x509.certificate.client.DefaultCertificateClient$CertificateRenewerService.run(DefaultCertificateClient.java:1462)
	at java.util.concurrent.Executors$RunnableAdapter.call(Executors.java:511)
	at java.util.concurrent.FutureTask.runAndReset(FutureTask.java:308)
	at java.util.concurrent.ScheduledThreadPoolExecutor$ScheduledFutureTask.access$301(ScheduledThreadPoolExecutor.java:180)
	at java.util.concurrent.ScheduledThreadPoolExecutor$ScheduledFutureTask.run(ScheduledThreadPoolExecutor.java:294)
	at java.util.concurrent.ThreadPoolExecutor.runWorker(ThreadPoolExecutor.java:1149)
	at java.util.concurrent.ThreadPoolExecutor$Worker.run(ThreadPoolExecutor.java:624)
	at java.lang.Thread.run(Thread.java:750)
Caused by: java.lang.IllegalArgumentException: IP Address is invalid
	at org.bouncycastle.asn1.x509.GeneralName.<init>(Unknown Source)
	at org.apache.hadoop.hdds.security.x509.certificate.utils.CertificateSignRequest$Builder.addAltName(CertificateSignRequest.java:334)
	at org.apache.hadoop.hdds.security.x509.certificate.utils.CertificateSignRequest$Builder.addIpAddress(CertificateSignRequest.java:281)
	at org.apache.hadoop.hdds.security.x509.certificate.utils.CertificateSignRequest$Builder.lambda$addInetAddresses$0(CertificateSignRequest.java:306)
	at java.util.ArrayList.forEach(ArrayList.java:1259)
	at org.apache.hadoop.hdds.security.x509.certificate.utils.CertificateSignRequest$Builder.addInetAddresses(CertificateSignRequest.java:304)
	at org.apache.hadoop.hdds.security.x509.certificate.utils.CertificateSignRequest$Builder.addInetAddresses(CertificateSignRequest.java:292)
	at org.apache.hadoop.hdds.security.x509.certificate.client.DefaultCertificateClient.getCSRBuilder(DefaultCertificateClient.java:573)
	at org.apache.hadoop.hdds.security.x509.certificate.client.DNCertificateClient.getCSRBuilder(DNCertificateClient.java:75)
	at org.apache.hadoop.hdds.security.x509.certificate.client.DefaultCertificateClient.renewAndStoreKeyAndCertificate(DefaultCertificateClient.java:1150)
	... 8 more
2024-04-16 15:25:34,993 [b0aa2d35-6359-4a01-adae-562d9ba7b9a5-dn-CertificateRenewerService] INFO  client.DNCertificateClient (DefaultCertificateClient.java:run(1457)) - Current certificate 301820 needs to be renewed remaining grace period PT0S. Forced renewal due to root ca rotation: false.
2024-04-16 15:25:35,201 [b0aa2d35-6359-4a01-adae-562d9ba7b9a5-dn-CertificateRenewerService] INFO  ozone.OzoneSecurityUtil (OzoneSecurityUtil.java:getValidInetsForCurrentHost(116)) - Adding ip:fe80:0:0:0:20d:3aff:fe1b:d32f%eth0,host:fe80:0:0:0:20d:3aff:fe1b:d32f%eth0
2024-04-16 15:25:35,201 [b0aa2d35-6359-4a01-adae-562d9ba7b9a5-dn-CertificateRenewerService] INFO  ozone.OzoneSecurityUtil (OzoneSecurityUtil.java:getValidInetsForCurrentHost(116)) - Adding ip:10.1.0.30,host:fv-az699-832.gws2011vpwuupmkks00dozwttg.bx.internal.cloudapp.net
2024-04-16 15:25:35,201 [b0aa2d35-6359-4a01-adae-562d9ba7b9a5-dn-CertificateRenewerService] INFO  ozone.OzoneSecurityUtil (OzoneSecurityUtil.java:getValidInetsForCurrentHost(116)) - Adding ip:0:0:0:0:0:0:0:1%lo,host:localhost
2024-04-16 15:25:35,201 [b0aa2d35-6359-4a01-adae-562d9ba7b9a5-dn-CertificateRenewerService] INFO  ozone.OzoneSecurityUtil (OzoneSecurityUtil.java:getValidInetsForCurrentHost(119)) - ip:127.0.0.1 not returned.
2024-04-16 15:25:35,201 [b0aa2d35-6359-4a01-adae-562d9ba7b9a5-dn-CertificateRenewerService] ERROR client.DNCertificateClient (DefaultCertificateClient.java:run(1473)) - Failed to renew and store key and cert. Keep using existing certificates.
org.apache.hadoop.hdds.security.x509.exception.CertificateException: Error while signing and storing new certificates.
	at org.apache.hadoop.hdds.security.x509.certificate.client.DefaultCertificateClient.renewAndStoreKeyAndCertificate(DefaultCertificateClient.java:1155)
	at org.apache.hadoop.hdds.security.x509.certificate.client.DefaultCertificateClient$CertificateRenewerService.run(DefaultCertificateClient.java:1462)
	at java.util.concurrent.Executors$RunnableAdapter.call(Executors.java:511)
	at java.util.concurrent.FutureTask.runAndReset(FutureTask.java:308)
	at java.util.concurrent.ScheduledThreadPoolExecutor$ScheduledFutureTask.access$301(ScheduledThreadPoolExecutor.java:180)
	at java.util.concurrent.ScheduledThreadPoolExecutor$ScheduledFutureTask.run(ScheduledThreadPoolExecutor.java:294)
	at java.util.concurrent.ThreadPoolExecutor.runWorker(ThreadPoolExecutor.java:1149)
	at java.util.concurrent.ThreadPoolExecutor$Worker.run(ThreadPoolExecutor.java:624)
	at java.lang.Thread.run(Thread.java:750)
Caused by: java.lang.IllegalArgumentException: IP Address is invalid
	at org.bouncycastle.asn1.x509.GeneralName.<init>(Unknown Source)
	at org.apache.hadoop.hdds.security.x509.certificate.utils.CertificateSignRequest$Builder.addAltName(CertificateSignRequest.java:334)
	at org.apache.hadoop.hdds.security.x509.certificate.utils.CertificateSignRequest$Builder.addIpAddress(CertificateSignRequest.java:281)
	at org.apache.hadoop.hdds.security.x509.certificate.utils.CertificateSignRequest$Builder.lambda$addInetAddresses$0(CertificateSignRequest.java:306)
	at java.util.ArrayList.forEach(ArrayList.java:1259)
	at org.apache.hadoop.hdds.security.x509.certificate.utils.CertificateSignRequest$Builder.addInetAddresses(CertificateSignRequest.java:304)
	at org.apache.hadoop.hdds.security.x509.certificate.utils.CertificateSignRequest$Builder.addInetAddresses(CertificateSignRequest.java:292)
	at org.apache.hadoop.hdds.security.x509.certificate.client.DefaultCertificateClient.getCSRBuilder(DefaultCertificateClient.java:573)
	at org.apache.hadoop.hdds.security.x509.certificate.client.DNCertificateClient.getCSRBuilder(DNCertificateClient.java:75)
	at org.apache.hadoop.hdds.security.x509.certificate.client.DefaultCertificateClient.renewAndStoreKeyAndCertificate(DefaultCertificateClient.java:1150)
	... 8 more
2024-04-16 15:25:35,202 [b0aa2d35-6359-4a01-adae-562d9ba7b9a5-dn-CertificateRenewerService] INFO  client.DNCertificateClient (DefaultCertificateClient.java:run(1457)) - Current certificate 301820 needs to be renewed remaining grace period PT0S. Forced renewal due to root ca rotation: false.
2024-04-16 15:25:35,500 [b0aa2d35-6359-4a01-adae-562d9ba7b9a5-dn-CertificateRenewerService] INFO  ozone.OzoneSecurityUtil (OzoneSecurityUtil.java:getValidInetsForCurrentHost(116)) - Adding ip:fe80:0:0:0:20d:3aff:fe1b:d32f%eth0,host:fe80:0:0:0:20d:3aff:fe1b:d32f%eth0
2024-04-16 15:25:35,500 [b0aa2d35-6359-4a01-adae-562d9ba7b9a5-dn-CertificateRenewerService] INFO  ozone.OzoneSecurityUtil (OzoneSecurityUtil.java:getValidInetsForCurrentHost(116)) - Adding ip:10.1.0.30,host:fv-az699-832.gws2011vpwuupmkks00dozwttg.bx.internal.cloudapp.net
2024-04-16 15:25:35,500 [b0aa2d35-6359-4a01-adae-562d9ba7b9a5-dn-CertificateRenewerService] INFO  ozone.OzoneSecurityUtil (OzoneSecurityUtil.java:getValidInetsForCurrentHost(116)) - Adding ip:0:0:0:0:0:0:0:1%lo,host:localhost
2024-04-16 15:25:35,501 [b0aa2d35-6359-4a01-adae-562d9ba7b9a5-dn-CertificateRenewerService] INFO  ozone.OzoneSecurityUtil (OzoneSecurityUtil.java:getValidInetsForCurrentHost(119)) - ip:127.0.0.1 not returned.
2024-04-16 15:25:35,501 [b0aa2d35-6359-4a01-adae-562d9ba7b9a5-dn-CertificateRenewerService] ERROR client.DNCertificateClient (DefaultCertificateClient.java:run(1473)) - Failed to renew and store key and cert. Keep using existing certificates.
org.apache.hadoop.hdds.security.x509.exception.CertificateException: Error while signing and storing new certificates.
	at org.apache.hadoop.hdds.security.x509.certificate.client.DefaultCertificateClient.renewAndStoreKeyAndCertificate(DefaultCertificateClient.java:1155)
	at org.apache.hadoop.hdds.security.x509.certificate.client.DefaultCertificateClient$CertificateRenewerService.run(DefaultCertificateClient.java:1462)
	at java.util.concurrent.Executors$RunnableAdapter.call(Executors.java:511)
	at java.util.concurrent.FutureTask.runAndReset(FutureTask.java:308)
	at java.util.concurrent.ScheduledThreadPoolExecutor$ScheduledFutureTask.access$301(ScheduledThreadPoolExecutor.java:180)
	at java.util.concurrent.ScheduledThreadPoolExecutor$ScheduledFutureTask.run(ScheduledThreadPoolExecutor.java:294)
	at java.util.concurrent.ThreadPoolExecutor.runWorker(ThreadPoolExecutor.java:1149)
	at java.util.concurrent.ThreadPoolExecutor$Worker.run(ThreadPoolExecutor.java:624)
	at java.lang.Thread.run(Thread.java:750)
Caused by: java.lang.IllegalArgumentException: IP Address is invalid
	at org.bouncycastle.asn1.x509.GeneralName.<init>(Unknown Source)
	at org.apache.hadoop.hdds.security.x509.certificate.utils.CertificateSignRequest$Builder.addAltName(CertificateSignRequest.java:334)
	at org.apache.hadoop.hdds.security.x509.certificate.utils.CertificateSignRequest$Builder.addIpAddress(CertificateSignRequest.java:281)
	at org.apache.hadoop.hdds.security.x509.certificate.utils.CertificateSignRequest$Builder.lambda$addInetAddresses$0(CertificateSignRequest.java:306)
	at java.util.ArrayList.forEach(ArrayList.java:1259)
	at org.apache.hadoop.hdds.security.x509.certificate.utils.CertificateSignRequest$Builder.addInetAddresses(CertificateSignRequest.java:304)
	at org.apache.hadoop.hdds.security.x509.certificate.utils.CertificateSignRequest$Builder.addInetAddresses(CertificateSignRequest.java:292)
	at org.apache.hadoop.hdds.security.x509.certificate.client.DefaultCertificateClient.getCSRBuilder(DefaultCertificateClient.java:573)
	at org.apache.hadoop.hdds.security.x509.certificate.client.DNCertificateClient.getCSRBuilder(DNCertificateClient.java:75)
	at org.apache.hadoop.hdds.security.x509.certificate.client.DefaultCertificateClient.renewAndStoreKeyAndCertificate(DefaultCertificateClient.java:1150)
	... 8 more
]]></system-out>
      <system-err><![CDATA[java.lang.RuntimeException: Fail to authentication when starting HDDS datanode plugin
	at org.apache.hadoop.ozone.HddsDatanodeService.start(HddsDatanodeService.java:346)
	at org.apache.hadoop.ozone.HddsDatanodeService.start(HddsDatanodeService.java:213)
	at org.apache.hadoop.ozone.TestHddsSecureDatanodeInit.lambda$setUp$0(TestHddsSecureDatanodeInit.java:123)
	at org.apache.hadoop.ozone.TestHddsSecureDatanodeInit.callQuietly(TestHddsSecureDatanodeInit.java:310)
	at org.apache.hadoop.ozone.TestHddsSecureDatanodeInit.setUp(TestHddsSecureDatanodeInit.java:122)
	at sun.reflect.NativeMethodAccessorImpl.invoke0(Native Method)
	at sun.reflect.NativeMethodAccessorImpl.invoke(NativeMethodAccessorImpl.java:62)
	at sun.reflect.DelegatingMethodAccessorImpl.invoke(DelegatingMethodAccessorImpl.java:43)
	at java.lang.reflect.Method.invoke(Method.java:498)
	at org.junit.platform.commons.util.ReflectionUtils.invokeMethod(ReflectionUtils.java:728)
	at org.junit.jupiter.engine.execution.MethodInvocation.proceed(MethodInvocation.java:60)
	at org.junit.jupiter.engine.execution.InvocationInterceptorChain$ValidatingInvocation.proceed(InvocationInterceptorChain.java:131)
	at org.junit.jupiter.engine.extension.TimeoutExtension.intercept(TimeoutExtension.java:156)
	at org.junit.jupiter.engine.extension.TimeoutExtension.interceptLifecycleMethod(TimeoutExtension.java:128)
	at org.junit.jupiter.engine.extension.TimeoutExtension.interceptBeforeAllMethod(TimeoutExtension.java:70)
	at org.junit.jupiter.engine.execution.InterceptingExecutableInvoker$ReflectiveInterceptorCall.lambda$ofVoidMethod$0(InterceptingExecutableInvoker.java:103)
	at org.junit.jupiter.engine.execution.InterceptingExecutableInvoker.lambda$invoke$0(InterceptingExecutableInvoker.java:93)
	at org.junit.jupiter.engine.execution.InvocationInterceptorChain$InterceptedInvocation.proceed(InvocationInterceptorChain.java:106)
	at org.junit.jupiter.engine.execution.InvocationInterceptorChain.proceed(InvocationInterceptorChain.java:64)
	at org.junit.jupiter.engine.execution.InvocationInterceptorChain.chainAndInvoke(InvocationInterceptorChain.java:45)
	at org.junit.jupiter.engine.execution.InvocationInterceptorChain.invoke(InvocationInterceptorChain.java:37)
	at org.junit.jupiter.engine.execution.InterceptingExecutableInvoker.invoke(InterceptingExecutableInvoker.java:92)
	at org.junit.jupiter.engine.execution.InterceptingExecutableInvoker.invoke(InterceptingExecutableInvoker.java:86)
	at org.junit.jupiter.engine.descriptor.ClassBasedTestDescriptor.lambda$invokeBeforeAllMethods$13(ClassBasedTestDescriptor.java:412)
	at org.junit.platform.engine.support.hierarchical.ThrowableCollector.execute(ThrowableCollector.java:73)
	at org.junit.jupiter.engine.descriptor.ClassBasedTestDescriptor.invokeBeforeAllMethods(ClassBasedTestDescriptor.java:410)
	at org.junit.jupiter.engine.descriptor.ClassBasedTestDescriptor.before(ClassBasedTestDescriptor.java:216)
	at org.junit.jupiter.engine.descriptor.ClassBasedTestDescriptor.before(ClassBasedTestDescriptor.java:85)
	at org.junit.platform.engine.support.hierarchical.NodeTestTask.lambda$executeRecursively$6(NodeTestTask.java:148)
	at org.junit.platform.engine.support.hierarchical.ThrowableCollector.execute(ThrowableCollector.java:73)
	at org.junit.platform.engine.support.hierarchical.NodeTestTask.lambda$executeRecursively$8(NodeTestTask.java:141)
	at org.junit.platform.engine.support.hierarchical.Node.around(Node.java:137)
	at org.junit.platform.engine.support.hierarchical.NodeTestTask.lambda$executeRecursively$9(NodeTestTask.java:139)
	at org.junit.platform.engine.support.hierarchical.ThrowableCollector.execute(ThrowableCollector.java:73)
	at org.junit.platform.engine.support.hierarchical.NodeTestTask.executeRecursively(NodeTestTask.java:138)
	at org.junit.platform.engine.support.hierarchical.NodeTestTask.execute(NodeTestTask.java:95)
	at java.util.ArrayList.forEach(ArrayList.java:1259)
	at org.junit.platform.engine.support.hierarchical.SameThreadHierarchicalTestExecutorService.invokeAll(SameThreadHierarchicalTestExecutorService.java:41)
	at org.junit.platform.engine.support.hierarchical.NodeTestTask.lambda$executeRecursively$6(NodeTestTask.java:155)
	at org.junit.platform.engine.support.hierarchical.ThrowableCollector.execute(ThrowableCollector.java:73)
	at org.junit.platform.engine.support.hierarchical.NodeTestTask.lambda$executeRecursively$8(NodeTestTask.java:141)
	at org.junit.platform.engine.support.hierarchical.Node.around(Node.java:137)
	at org.junit.platform.engine.support.hierarchical.NodeTestTask.lambda$executeRecursively$9(NodeTestTask.java:139)
	at org.junit.platform.engine.support.hierarchical.ThrowableCollector.execute(ThrowableCollector.java:73)
	at org.junit.platform.engine.support.hierarchical.NodeTestTask.executeRecursively(NodeTestTask.java:138)
	at org.junit.platform.engine.support.hierarchical.NodeTestTask.execute(NodeTestTask.java:95)
	at org.junit.platform.engine.support.hierarchical.SameThreadHierarchicalTestExecutorService.submit(SameThreadHierarchicalTestExecutorService.java:35)
	at org.junit.platform.engine.support.hierarchical.HierarchicalTestExecutor.execute(HierarchicalTestExecutor.java:57)
	at org.junit.platform.engine.support.hierarchical.HierarchicalTestEngine.execute(HierarchicalTestEngine.java:54)
	at org.junit.platform.launcher.core.EngineExecutionOrchestrator.execute(EngineExecutionOrchestrator.java:198)
	at org.junit.platform.launcher.core.EngineExecutionOrchestrator.execute(EngineExecutionOrchestrator.java:169)
	at org.junit.platform.launcher.core.EngineExecutionOrchestrator.execute(EngineExecutionOrchestrator.java:93)
	at org.junit.platform.launcher.core.EngineExecutionOrchestrator.lambda$execute$0(EngineExecutionOrchestrator.java:58)
	at org.junit.platform.launcher.core.EngineExecutionOrchestrator.withInterceptedStreams(EngineExecutionOrchestrator.java:141)
	at org.junit.platform.launcher.core.EngineExecutionOrchestrator.execute(EngineExecutionOrchestrator.java:57)
	at org.junit.platform.launcher.core.DefaultLauncher.execute(DefaultLauncher.java:103)
	at org.junit.platform.launcher.core.DefaultLauncher.execute(DefaultLauncher.java:85)
	at org.junit.platform.launcher.core.DelegatingLauncher.execute(DelegatingLauncher.java:47)
	at org.junit.platform.launcher.core.SessionPerRequestLauncher.execute(SessionPerRequestLauncher.java:63)
	at org.apache.maven.surefire.junitplatform.JUnitPlatformProvider.invokeAllTests(JUnitPlatformProvider.java:165)
	at org.apache.maven.surefire.junitplatform.JUnitPlatformProvider.invoke(JUnitPlatformProvider.java:123)
	at org.apache.maven.surefire.booter.ForkedBooter.runSuitesInProcess(ForkedBooter.java:377)
	at org.apache.maven.surefire.booter.ForkedBooter.execute(ForkedBooter.java:138)
	at org.apache.maven.surefire.booter.ForkedBooter.run(ForkedBooter.java:465)
	at org.apache.maven.surefire.booter.ForkedBooter.main(ForkedBooter.java:451)
Caused by: org.apache.hadoop.security.authentication.client.AuthenticationException: SIMPLE authentication method not supported. Datanode user login failed.
	at org.apache.hadoop.ozone.HddsDatanodeService.start(HddsDatanodeService.java:263)
	... 64 more
java.lang.IllegalArgumentException: IP Address is invalid
	at org.bouncycastle.asn1.x509.GeneralName.<init>(Unknown Source)
	at org.apache.hadoop.hdds.security.x509.certificate.utils.CertificateSignRequest$Builder.addAltName(CertificateSignRequest.java:334)
	at org.apache.hadoop.hdds.security.x509.certificate.utils.CertificateSignRequest$Builder.addIpAddress(CertificateSignRequest.java:281)
	at org.apache.hadoop.hdds.security.x509.certificate.utils.CertificateSignRequest$Builder.lambda$addInetAddresses$0(CertificateSignRequest.java:306)
	at java.util.ArrayList.forEach(ArrayList.java:1259)
	at org.apache.hadoop.hdds.security.x509.certificate.utils.CertificateSignRequest$Builder.addInetAddresses(CertificateSignRequest.java:304)
	at org.apache.hadoop.hdds.security.x509.certificate.utils.CertificateSignRequest$Builder.addInetAddresses(CertificateSignRequest.java:292)
	at org.apache.hadoop.hdds.security.x509.certificate.client.DefaultCertificateClient.getCSRBuilder(DefaultCertificateClient.java:573)
	at org.apache.hadoop.hdds.security.x509.certificate.client.DNCertificateClient.getCSRBuilder(DNCertificateClient.java:75)
	at org.apache.hadoop.hdds.security.x509.certificate.client.DefaultCertificateClient.recoverStateIfNeeded(DefaultCertificateClient.java:806)
	at org.apache.hadoop.hdds.security.x509.certificate.client.DefaultCertificateClient.initWithRecovery(DefaultCertificateClient.java:701)
	at org.apache.hadoop.ozone.HddsDatanodeService.initializeCertificateClient(HddsDatanodeService.java:398)
	at org.apache.hadoop.ozone.TestHddsSecureDatanodeInit.lambda$setUp$1(TestHddsSecureDatanodeInit.java:127)
	at org.apache.hadoop.ozone.TestHddsSecureDatanodeInit.callQuietly(TestHddsSecureDatanodeInit.java:310)
	at org.apache.hadoop.ozone.TestHddsSecureDatanodeInit.setUp(TestHddsSecureDatanodeInit.java:126)
	at sun.reflect.NativeMethodAccessorImpl.invoke0(Native Method)
	at sun.reflect.NativeMethodAccessorImpl.invoke(NativeMethodAccessorImpl.java:62)
	at sun.reflect.DelegatingMethodAccessorImpl.invoke(DelegatingMethodAccessorImpl.java:43)
	at java.lang.reflect.Method.invoke(Method.java:498)
	at org.junit.platform.commons.util.ReflectionUtils.invokeMethod(ReflectionUtils.java:728)
	at org.junit.jupiter.engine.execution.MethodInvocation.proceed(MethodInvocation.java:60)
	at org.junit.jupiter.engine.execution.InvocationInterceptorChain$ValidatingInvocation.proceed(InvocationInterceptorChain.java:131)
	at org.junit.jupiter.engine.extension.TimeoutExtension.intercept(TimeoutExtension.java:156)
	at org.junit.jupiter.engine.extension.TimeoutExtension.interceptLifecycleMethod(TimeoutExtension.java:128)
	at org.junit.jupiter.engine.extension.TimeoutExtension.interceptBeforeAllMethod(TimeoutExtension.java:70)
	at org.junit.jupiter.engine.execution.InterceptingExecutableInvoker$ReflectiveInterceptorCall.lambda$ofVoidMethod$0(InterceptingExecutableInvoker.java:103)
	at org.junit.jupiter.engine.execution.InterceptingExecutableInvoker.lambda$invoke$0(InterceptingExecutableInvoker.java:93)
	at org.junit.jupiter.engine.execution.InvocationInterceptorChain$InterceptedInvocation.proceed(InvocationInterceptorChain.java:106)
	at org.junit.jupiter.engine.execution.InvocationInterceptorChain.proceed(InvocationInterceptorChain.java:64)
	at org.junit.jupiter.engine.execution.InvocationInterceptorChain.chainAndInvoke(InvocationInterceptorChain.java:45)
	at org.junit.jupiter.engine.execution.InvocationInterceptorChain.invoke(InvocationInterceptorChain.java:37)
	at org.junit.jupiter.engine.execution.InterceptingExecutableInvoker.invoke(InterceptingExecutableInvoker.java:92)
	at org.junit.jupiter.engine.execution.InterceptingExecutableInvoker.invoke(InterceptingExecutableInvoker.java:86)
	at org.junit.jupiter.engine.descriptor.ClassBasedTestDescriptor.lambda$invokeBeforeAllMethods$13(ClassBasedTestDescriptor.java:412)
	at org.junit.platform.engine.support.hierarchical.ThrowableCollector.execute(ThrowableCollector.java:73)
	at org.junit.jupiter.engine.descriptor.ClassBasedTestDescriptor.invokeBeforeAllMethods(ClassBasedTestDescriptor.java:410)
	at org.junit.jupiter.engine.descriptor.ClassBasedTestDescriptor.before(ClassBasedTestDescriptor.java:216)
	at org.junit.jupiter.engine.descriptor.ClassBasedTestDescriptor.before(ClassBasedTestDescriptor.java:85)
	at org.junit.platform.engine.support.hierarchical.NodeTestTask.lambda$executeRecursively$6(NodeTestTask.java:148)
	at org.junit.platform.engine.support.hierarchical.ThrowableCollector.execute(ThrowableCollector.java:73)
	at org.junit.platform.engine.support.hierarchical.NodeTestTask.lambda$executeRecursively$8(NodeTestTask.java:141)
	at org.junit.platform.engine.support.hierarchical.Node.around(Node.java:137)
	at org.junit.platform.engine.support.hierarchical.NodeTestTask.lambda$executeRecursively$9(NodeTestTask.java:139)
	at org.junit.platform.engine.support.hierarchical.ThrowableCollector.execute(ThrowableCollector.java:73)
	at org.junit.platform.engine.support.hierarchical.NodeTestTask.executeRecursively(NodeTestTask.java:138)
	at org.junit.platform.engine.support.hierarchical.NodeTestTask.execute(NodeTestTask.java:95)
	at java.util.ArrayList.forEach(ArrayList.java:1259)
	at org.junit.platform.engine.support.hierarchical.SameThreadHierarchicalTestExecutorService.invokeAll(SameThreadHierarchicalTestExecutorService.java:41)
	at org.junit.platform.engine.support.hierarchical.NodeTestTask.lambda$executeRecursively$6(NodeTestTask.java:155)
	at org.junit.platform.engine.support.hierarchical.ThrowableCollector.execute(ThrowableCollector.java:73)
	at org.junit.platform.engine.support.hierarchical.NodeTestTask.lambda$executeRecursively$8(NodeTestTask.java:141)
	at org.junit.platform.engine.support.hierarchical.Node.around(Node.java:137)
	at org.junit.platform.engine.support.hierarchical.NodeTestTask.lambda$executeRecursively$9(NodeTestTask.java:139)
	at org.junit.platform.engine.support.hierarchical.ThrowableCollector.execute(ThrowableCollector.java:73)
	at org.junit.platform.engine.support.hierarchical.NodeTestTask.executeRecursively(NodeTestTask.java:138)
	at org.junit.platform.engine.support.hierarchical.NodeTestTask.execute(NodeTestTask.java:95)
	at org.junit.platform.engine.support.hierarchical.SameThreadHierarchicalTestExecutorService.submit(SameThreadHierarchicalTestExecutorService.java:35)
	at org.junit.platform.engine.support.hierarchical.HierarchicalTestExecutor.execute(HierarchicalTestExecutor.java:57)
	at org.junit.platform.engine.support.hierarchical.HierarchicalTestEngine.execute(HierarchicalTestEngine.java:54)
	at org.junit.platform.launcher.core.EngineExecutionOrchestrator.execute(EngineExecutionOrchestrator.java:198)
	at org.junit.platform.launcher.core.EngineExecutionOrchestrator.execute(EngineExecutionOrchestrator.java:169)
	at org.junit.platform.launcher.core.EngineExecutionOrchestrator.execute(EngineExecutionOrchestrator.java:93)
	at org.junit.platform.launcher.core.EngineExecutionOrchestrator.lambda$execute$0(EngineExecutionOrchestrator.java:58)
	at org.junit.platform.launcher.core.EngineExecutionOrchestrator.withInterceptedStreams(EngineExecutionOrchestrator.java:141)
	at org.junit.platform.launcher.core.EngineExecutionOrchestrator.execute(EngineExecutionOrchestrator.java:57)
	at org.junit.platform.launcher.core.DefaultLauncher.execute(DefaultLauncher.java:103)
	at org.junit.platform.launcher.core.DefaultLauncher.execute(DefaultLauncher.java:85)
	at org.junit.platform.launcher.core.DelegatingLauncher.execute(DelegatingLauncher.java:47)
	at org.junit.platform.launcher.core.SessionPerRequestLauncher.execute(SessionPerRequestLauncher.java:63)
	at org.apache.maven.surefire.junitplatform.JUnitPlatformProvider.invokeAllTests(JUnitPlatformProvider.java:165)
	at org.apache.maven.surefire.junitplatform.JUnitPlatformProvider.invoke(JUnitPlatformProvider.java:123)
	at org.apache.maven.surefire.booter.ForkedBooter.runSuitesInProcess(ForkedBooter.java:377)
	at org.apache.maven.surefire.booter.ForkedBooter.execute(ForkedBooter.java:138)
	at org.apache.maven.surefire.booter.ForkedBooter.run(ForkedBooter.java:465)
	at org.apache.maven.surefire.booter.ForkedBooter.main(ForkedBooter.java:451)
]]></system-err>
    </rerunError>
  </testcase>
</testsuite>