<?xml version="1.0" encoding="UTF-8"?>
<testsuite xmlns:xsi="http://www.w3.org/2001/XMLSchema-instance" xsi:noNamespaceSchemaLocation="https://maven.apache.org/surefire/maven-surefire-plugin/xsd/surefire-test-report.xsd" name="org.apache.hadoop.ozone.client.rpc.TestOzoneClientRetriesOnException" time="82.609" tests="2" errors="0" skipped="0" failures="1">
  <properties>
    <property name="awt.toolkit" value="sun.awt.X11.XToolkit"/>
    <property name="file.encoding.pkg" value="sun.io"/>
    <property name="java.specification.version" value="1.8"/>
    <property name="sun.cpu.isalist" value=""/>
    <property name="sun.jnu.encoding" value="ANSI_X3.4-1968"/>
    <property name="java.class.path" value="/github/workspace/mnt/ozone/hadoop-ozone/integration-test/target/test-classes:/github/workspace/mnt/ozone/hadoop-ozone/integration-test/target/classes:/home/user/.m2/repository/org/apache/hadoop/hadoop-ozone-common/1.1.0-SNAPSHOT/hadoop-ozone-common-1.1.0-SNAPSHOT.jar:/home/user/.m2/repository/org/apache/commons/commons-compress/1.4.1/commons-compress-1.4.1.jar:/home/user/.m2/repository/org/tukaani/xz/1.0/xz-1.0.jar:/home/user/.m2/repository/org/apache/hadoop/hadoop-hdds-common/1.1.0-SNAPSHOT/hadoop-hdds-common-1.1.0-SNAPSHOT.jar:/home/user/.m2/repository/org/apache/hadoop/hadoop-hdds-client/1.1.0-SNAPSHOT/hadoop-hdds-client-1.1.0-SNAPSHOT.jar:/home/user/.m2/repository/org/apache/hadoop/hadoop-ozone-interface-client/1.1.0-SNAPSHOT/hadoop-ozone-interface-client-1.1.0-SNAPSHOT.jar:/home/user/.m2/repository/org/apache/hadoop/hadoop-hdds-test-utils/1.1.0-SNAPSHOT/hadoop-hdds-test-utils-1.1.0-SNAPSHOT.jar:/home/user/.m2/repository/com/google/guava/guava/28.2-jre/guava-28.2-jre.jar:/home/user/.m2/repository/com/google/guava/failureaccess/1.0.1/failureaccess-1.0.1.jar:/home/user/.m2/repository/com/google/guava/listenablefuture/9999.0-empty-to-avoid-conflict-with-guava/listenablefuture-9999.0-empty-to-avoid-conflict-with-guava.jar:/home/user/.m2/repository/com/google/code/findbugs/jsr305/3.0.0/jsr305-3.0.0.jar:/home/user/.m2/repository/org/checkerframework/checker-qual/2.10.0/checker-qual-2.10.0.jar:/home/user/.m2/repository/com/google/errorprone/error_prone_annotations/2.2.0/error_prone_annotations-2.2.0.jar:/home/user/.m2/repository/com/google/j2objc/j2objc-annotations/1.3/j2objc-annotations-1.3.jar:/home/user/.m2/repository/commons-io/commons-io/2.5/commons-io-2.5.jar:/home/user/.m2/repository/commons-logging/commons-logging/1.2/commons-logging-1.2.jar:/home/user/.m2/repository/log4j/log4j/1.2.17/log4j-1.2.17.jar:/home/user/.m2/repository/org/slf4j/slf4j-api/1.7.30/slf4j-api-1.7.30.jar:/home/user/.m2/repository/org/apache/hadoop/hadoop-hdds-server-scm/1.1.0-SNAPSHOT/hadoop-hdds-server-scm-1.1.0-SNAPSHOT.jar:/home/user/.m2/repository/org/apache/hadoop/hadoop-hdds-container-service/1.1.0-SNAPSHOT/hadoop-hdds-container-service-1.1.0-SNAPSHOT.jar:/home/user/.m2/repository/org/apache/hadoop/hadoop-hdds-hadoop-dependency-server/1.1.0-SNAPSHOT/hadoop-hdds-hadoop-dependency-server-1.1.0-SNAPSHOT.jar:/home/user/.m2/repository/org/apache/hadoop/hadoop-hdfs/3.2.1/hadoop-hdfs-3.2.1.jar:/home/user/.m2/repository/org/apache/hadoop/hadoop-hdds-server-framework/1.1.0-SNAPSHOT/hadoop-hdds-server-framework-1.1.0-SNAPSHOT.jar:/home/user/.m2/repository/org/apache/hadoop/hadoop-hdds-interface-server/1.1.0-SNAPSHOT/hadoop-hdds-interface-server-1.1.0-SNAPSHOT.jar:/home/user/.m2/repository/org/apache/hadoop/hadoop-hdds-interface-admin/1.1.0-SNAPSHOT/hadoop-hdds-interface-admin-1.1.0-SNAPSHOT.jar:/home/user/.m2/repository/org/eclipse/jetty/jetty-servlet/9.4.34.v20201102/jetty-servlet-9.4.34.v20201102.jar:/home/user/.m2/repository/org/eclipse/jetty/jetty-security/9.4.34.v20201102/jetty-security-9.4.34.v20201102.jar:/home/user/.m2/repository/org/rocksdb/rocksdbjni/6.8.1/rocksdbjni-6.8.1.jar:/home/user/.m2/repository/io/prometheus/simpleclient_dropwizard/0.7.0/simpleclient_dropwizard-0.7.0.jar:/home/user/.m2/repository/io/prometheus/simpleclient/0.7.0/simpleclient-0.7.0.jar:/home/user/.m2/repository/io/prometheus/simpleclient_common/0.7.0/simpleclient_common-0.7.0.jar:/home/user/.m2/repository/com/fasterxml/jackson/datatype/jackson-datatype-jsr310/2.10.3/jackson-datatype-jsr310-2.10.3.jar:/home/user/.m2/repository/io/dropwizard/metrics/metrics-core/3.2.4/metrics-core-3.2.4.jar:/home/user/.m2/repository/org/apache/hadoop/hadoop-hdfs-client/3.2.1/hadoop-hdfs-client-3.2.1.jar:/home/user/.m2/repository/org/bouncycastle/bcprov-jdk15on/1.60/bcprov-jdk15on-1.60.jar:/home/user/.m2/repository/org/apache/hadoop/hadoop-ozone-ozone-manager/1.1.0-SNAPSHOT/hadoop-ozone-ozone-manager-1.1.0-SNAPSHOT.jar:/home/user/.m2/repository/org/apache/hadoop/hadoop-hdds-interface-client/1.1.0-SNAPSHOT/hadoop-hdds-interface-client-1.1.0-SNAPSHOT.jar:/home/user/.m2/repository/org/apache/ratis/ratis-thirdparty-misc/0.6.0-SNAPSHOT/ratis-thirdparty-misc-0.6.0-SNAPSHOT.jar:/home/user/.m2/repository/org/apache/hadoop/hadoop-ozone-interface-storage/1.1.0-SNAPSHOT/hadoop-ozone-interface-storage-1.1.0-SNAPSHOT.jar:/home/user/.m2/repository/org/apache/hadoop/hadoop-minikdc/3.2.1/hadoop-minikdc-3.2.1.jar:/home/user/.m2/repository/org/apache/kerby/kerb-simplekdc/1.0.1/kerb-simplekdc-1.0.1.jar:/home/user/.m2/repository/org/apache/kerby/kerb-client/1.0.1/kerb-client-1.0.1.jar:/home/user/.m2/repository/org/apache/kerby/kerby-config/1.0.1/kerby-config-1.0.1.jar:/home/user/.m2/repository/org/apache/kerby/kerb-core/1.0.1/kerb-core-1.0.1.jar:/home/user/.m2/repository/org/apache/kerby/kerby-pkix/1.0.1/kerby-pkix-1.0.1.jar:/home/user/.m2/repository/org/apache/kerby/kerby-asn1/1.0.1/kerby-asn1-1.0.1.jar:/home/user/.m2/repository/org/apache/kerby/kerby-util/1.0.1/kerby-util-1.0.1.jar:/home/user/.m2/repository/org/apache/kerby/kerb-common/1.0.1/kerb-common-1.0.1.jar:/home/user/.m2/repository/org/apache/kerby/kerb-crypto/1.0.1/kerb-crypto-1.0.1.jar:/home/user/.m2/repository/org/apache/kerby/kerb-util/1.0.1/kerb-util-1.0.1.jar:/home/user/.m2/repository/org/apache/kerby/token-provider/1.0.1/token-provider-1.0.1.jar:/home/user/.m2/repository/org/apache/kerby/kerb-admin/1.0.1/kerb-admin-1.0.1.jar:/home/user/.m2/repository/org/apache/kerby/kerb-server/1.0.1/kerb-server-1.0.1.jar:/home/user/.m2/repository/org/apache/kerby/kerb-identity/1.0.1/kerb-identity-1.0.1.jar:/home/user/.m2/repository/org/apache/kerby/kerby-xdr/1.0.1/kerby-xdr-1.0.1.jar:/home/user/.m2/repository/org/slf4j/slf4j-log4j12/1.7.30/slf4j-log4j12-1.7.30.jar:/home/user/.m2/repository/org/apache/hadoop/hadoop-ozone-s3gateway/1.1.0-SNAPSHOT/hadoop-ozone-s3gateway-1.1.0-SNAPSHOT.jar:/home/user/.m2/repository/org/jboss/weld/servlet/weld-servlet/2.4.7.Final/weld-servlet-2.4.7.Final.jar:/home/user/.m2/repository/org/glassfish/jersey/containers/jersey-container-servlet-core/2.27/jersey-container-servlet-core-2.27.jar:/home/user/.m2/repository/org/glassfish/hk2/external/javax.inject/2.5.0-b42/javax.inject-2.5.0-b42.jar:/home/user/.m2/repository/org/glassfish/jersey/core/jersey-common/2.27/jersey-common-2.27.jar:/home/user/.m2/repository/org/glassfish/hk2/osgi-resource-locator/1.0.1/osgi-resource-locator-1.0.1.jar:/home/user/.m2/repository/javax/ws/rs/javax.ws.rs-api/2.1/javax.ws.rs-api-2.1.jar:/home/user/.m2/repository/org/glassfish/jersey/ext/cdi/jersey-cdi1x/2.27/jersey-cdi1x-2.27.jar:/home/user/.m2/repository/org/glassfish/jersey/inject/jersey-hk2/2.27/jersey-hk2-2.27.jar:/home/user/.m2/repository/org/glassfish/hk2/hk2-locator/2.5.0-b42/hk2-locator-2.5.0-b42.jar:/home/user/.m2/repository/org/javassist/javassist/3.22.0-CR2/javassist-3.22.0-CR2.jar:/home/user/.m2/repository/org/glassfish/hk2/hk2-api/2.5.0/hk2-api-2.5.0.jar:/home/user/.m2/repository/org/glassfish/hk2/external/jakarta.inject/2.5.0/jakarta.inject-2.5.0.jar:/home/user/.m2/repository/org/glassfish/hk2/hk2-utils/2.5.0/hk2-utils-2.5.0.jar:/home/user/.m2/repository/jakarta/annotation/jakarta.annotation-api/1.3.4/jakarta.annotation-api-1.3.4.jar:/home/user/.m2/repository/org/glassfish/hk2/external/aopalliance-repackaged/2.5.0/aopalliance-repackaged-2.5.0.jar:/home/user/.m2/repository/com/fasterxml/jackson/dataformat/jackson-dataformat-xml/2.10.3/jackson-dataformat-xml-2.10.3.jar:/home/user/.m2/repository/com/fasterxml/jackson/core/jackson-core/2.10.3/jackson-core-2.10.3.jar:/home/user/.m2/repository/com/fasterxml/jackson/module/jackson-module-jaxb-annotations/2.10.3/jackson-module-jaxb-annotations-2.10.3.jar:/home/user/.m2/repository/jakarta/xml/bind/jakarta.xml.bind-api/2.3.2/jakarta.xml.bind-api-2.3.2.jar:/home/user/.m2/repository/jakarta/activation/jakarta.activation-api/1.2.1/jakarta.activation-api-1.2.1.jar:/home/user/.m2/repository/org/codehaus/woodstox/stax2-api/3.1.4/stax2-api-3.1.4.jar:/home/user/.m2/repository/com/fasterxml/woodstox/woodstox-core/5.0.3/woodstox-core-5.0.3.jar:/home/user/.m2/repository/javax/enterprise/cdi-api/1.2/cdi-api-1.2.jar:/home/user/.m2/repository/javax/el/javax.el-api/3.0.0/javax.el-api-3.0.0.jar:/home/user/.m2/repository/javax/interceptor/javax.interceptor-api/1.2/javax.interceptor-api-1.2.jar:/home/user/.m2/repository/javax/inject/javax.inject/1/javax.inject-1.jar:/home/user/.m2/repository/com/sun/xml/bind/jaxb-impl/2.3.0.1/jaxb-impl-2.3.0.1.jar:/home/user/.m2/repository/com/sun/xml/bind/jaxb-core/2.3.0.1/jaxb-core-2.3.0.1.jar:/home/user/.m2/repository/javax/xml/bind/jaxb-api/2.3.0/jaxb-api-2.3.0.jar:/home/user/.m2/repository/javax/activation/activation/1.1.1/activation-1.1.1.jar:/home/user/.m2/repository/org/apache/hadoop/hadoop-ozone-csi/1.1.0-SNAPSHOT/hadoop-ozone-csi-1.1.0-SNAPSHOT.jar:/home/user/.m2/repository/com/google/protobuf/protobuf-java-util/3.11.0/protobuf-java-util-3.11.0.jar:/home/user/.m2/repository/com/google/code/gson/gson/2.2.4/gson-2.2.4.jar:/home/user/.m2/repository/org/apache/hadoop/hadoop-hdds-config/1.1.0-SNAPSHOT/hadoop-hdds-config-1.1.0-SNAPSHOT.jar:/home/user/.m2/repository/com/google/protobuf/protobuf-java/2.5.0/protobuf-java-2.5.0.jar:/home/user/.m2/repository/io/grpc/grpc-netty/1.29.0/grpc-netty-1.29.0.jar:/home/user/.m2/repository/io/grpc/grpc-core/1.29.0/grpc-core-1.29.0.jar:/home/user/.m2/repository/com/google/android/annotations/4.1.1.4/annotations-4.1.1.4.jar:/home/user/.m2/repository/io/perfmark/perfmark-api/0.19.0/perfmark-api-0.19.0.jar:/home/user/.m2/repository/io/netty/netty-codec-http2/4.1.48.Final/netty-codec-http2-4.1.48.Final.jar:/home/user/.m2/repository/io/netty/netty-codec/4.1.48.Final/netty-codec-4.1.48.Final.jar:/home/user/.m2/repository/io/netty/netty-handler/4.1.48.Final/netty-handler-4.1.48.Final.jar:/home/user/.m2/repository/io/netty/netty-codec-http/4.1.48.Final/netty-codec-http-4.1.48.Final.jar:/home/user/.m2/repository/io/netty/netty-handler-proxy/4.1.48.Final/netty-handler-proxy-4.1.48.Final.jar:/home/user/.m2/repository/io/netty/netty-codec-socks/4.1.48.Final/netty-codec-socks-4.1.48.Final.jar:/home/user/.m2/repository/io/netty/netty-transport-native-epoll/4.1.48.Final/netty-transport-native-epoll-4.1.48.Final.jar:/home/user/.m2/repository/io/netty/netty-common/4.1.48.Final/netty-common-4.1.48.Final.jar:/home/user/.m2/repository/io/netty/netty-buffer/4.1.48.Final/netty-buffer-4.1.48.Final.jar:/home/user/.m2/repository/io/netty/netty-transport/4.1.48.Final/netty-transport-4.1.48.Final.jar:/home/user/.m2/repository/io/netty/netty-resolver/4.1.48.Final/netty-resolver-4.1.48.Final.jar:/home/user/.m2/repository/io/netty/netty-transport-native-unix-common/4.1.48.Final/netty-transport-native-unix-common-4.1.48.Final.jar:/home/user/.m2/repository/io/grpc/grpc-protobuf/1.29.0/grpc-protobuf-1.29.0.jar:/home/user/.m2/repository/io/grpc/grpc-api/1.29.0/grpc-api-1.29.0.jar:/home/user/.m2/repository/io/grpc/grpc-context/1.29.0/grpc-context-1.29.0.jar:/home/user/.m2/repository/org/codehaus/mojo/animal-sniffer-annotations/1.18/animal-sniffer-annotations-1.18.jar:/home/user/.m2/repository/com/google/api/grpc/proto-google-common-protos/1.17.0/proto-google-common-protos-1.17.0.jar:/home/user/.m2/repository/io/grpc/grpc-protobuf-lite/1.29.0/grpc-protobuf-lite-1.29.0.jar:/home/user/.m2/repository/io/grpc/grpc-stub/1.29.0/grpc-stub-1.29.0.jar:/home/user/.m2/repository/org/apache/hadoop/hadoop-ozone-recon/1.1.0-SNAPSHOT/hadoop-ozone-recon-1.1.0-SNAPSHOT.jar:/home/user/.m2/repository/org/apache/hadoop/hadoop-ozone-reconcodegen/1.1.0-SNAPSHOT/hadoop-ozone-reconcodegen-1.1.0-SNAPSHOT.jar:/home/user/.m2/repository/com/google/inject/extensions/guice-multibindings/4.0/guice-multibindings-4.0.jar:/home/user/.m2/repository/com/google/inject/guice/4.0/guice-4.0.jar:/home/user/.m2/repository/aopalliance/aopalliance/1.0/aopalliance-1.0.jar:/home/user/.m2/repository/com/google/inject/extensions/guice-assistedinject/4.0/guice-assistedinject-4.0.jar:/home/user/.m2/repository/com/google/inject/extensions/guice-servlet/4.0/guice-servlet-4.0.jar:/home/user/.m2/repository/org/glassfish/jersey/containers/jersey-container-servlet/2.27/jersey-container-servlet-2.27.jar:/home/user/.m2/repository/org/glassfish/hk2/guice-bridge/2.5.0/guice-bridge-2.5.0.jar:/home/user/.m2/repository/org/glassfish/jersey/core/jersey-server/2.27/jersey-server-2.27.jar:/home/user/.m2/repository/org/glassfish/jersey/core/jersey-client/2.27/jersey-client-2.27.jar:/home/user/.m2/repository/org/glassfish/jersey/media/jersey-media-jaxb/2.27/jersey-media-jaxb-2.27.jar:/home/user/.m2/repository/javax/validation/validation-api/1.1.0.Final/validation-api-1.1.0.Final.jar:/home/user/.m2/repository/org/glassfish/jersey/media/jersey-media-json-jackson/2.27/jersey-media-json-jackson-2.27.jar:/home/user/.m2/repository/org/glassfish/jersey/ext/jersey-entity-filtering/2.27/jersey-entity-filtering-2.27.jar:/home/user/.m2/repository/org/jooq/jooq/3.11.10/jooq-3.11.10.jar:/home/user/.m2/repository/org/jooq/jooq-meta/3.11.10/jooq-meta-3.11.10.jar:/home/user/.m2/repository/org/jooq/jooq-codegen/3.11.10/jooq-codegen-3.11.10.jar:/home/user/.m2/repository/com/jolbox/bonecp/0.8.0.RELEASE/bonecp-0.8.0.RELEASE.jar:/home/user/.m2/repository/org/apache/derby/derby/10.14.2.0/derby-10.14.2.0.jar:/home/user/.m2/repository/org/xerial/sqlite-jdbc/3.25.2/sqlite-jdbc-3.25.2.jar:/home/user/.m2/repository/org/springframework/spring-jdbc/5.2.5.RELEASE/spring-jdbc-5.2.5.RELEASE.jar:/home/user/.m2/repository/org/springframework/spring-beans/5.2.5.RELEASE/spring-beans-5.2.5.RELEASE.jar:/home/user/.m2/repository/org/springframework/spring-core/5.2.5.RELEASE/spring-core-5.2.5.RELEASE.jar:/home/user/.m2/repository/org/springframework/spring-jcl/5.2.5.RELEASE/spring-jcl-5.2.5.RELEASE.jar:/home/user/.m2/repository/org/springframework/spring-tx/5.2.5.RELEASE/spring-tx-5.2.5.RELEASE.jar:/home/user/.m2/repository/org/apache/hadoop/hadoop-ozone-client/1.1.0-SNAPSHOT/hadoop-ozone-client-1.1.0-SNAPSHOT.jar:/home/user/.m2/repository/org/apache/hadoop/hadoop-ozone-filesystem/1.1.0-SNAPSHOT/hadoop-ozone-filesystem-1.1.0-SNAPSHOT.jar:/home/user/.m2/repository/org/apache/hadoop/hadoop-ozone-filesystem-common/1.1.0-SNAPSHOT/hadoop-ozone-filesystem-common-1.1.0-SNAPSHOT.jar:/home/user/.m2/repository/org/apache/hadoop/hadoop-ozone-tools/1.1.0-SNAPSHOT/hadoop-ozone-tools-1.1.0-SNAPSHOT.jar:/home/user/.m2/repository/org/apache/ratis/ratis-tools/1.1.0-913f5a4-SNAPSHOT/ratis-tools-1.1.0-913f5a4-SNAPSHOT.jar:/home/user/.m2/repository/org/apache/ratis/ratis-proto/1.1.0-913f5a4-SNAPSHOT/ratis-proto-1.1.0-913f5a4-SNAPSHOT.jar:/home/user/.m2/repository/org/apache/ratis/ratis-common/1.1.0-913f5a4-SNAPSHOT/ratis-common-1.1.0-913f5a4-SNAPSHOT.jar:/home/user/.m2/repository/com/amazonaws/aws-java-sdk-core/1.11.615/aws-java-sdk-core-1.11.615.jar:/home/user/.m2/repository/org/apache/httpcomponents/httpclient/4.5.13/httpclient-4.5.13.jar:/home/user/.m2/repository/org/apache/httpcomponents/httpcore/4.4.13/httpcore-4.4.13.jar:/home/user/.m2/repository/software/amazon/ion/ion-java/1.0.2/ion-java-1.0.2.jar:/home/user/.m2/repository/com/fasterxml/jackson/dataformat/jackson-dataformat-cbor/2.10.3/jackson-dataformat-cbor-2.10.3.jar:/home/user/.m2/repository/joda-time/joda-time/2.8.1/joda-time-2.8.1.jar:/home/user/.m2/repository/com/amazonaws/aws-java-sdk-s3/1.11.615/aws-java-sdk-s3-1.11.615.jar:/home/user/.m2/repository/com/amazonaws/aws-java-sdk-kms/1.11.615/aws-java-sdk-kms-1.11.615.jar:/home/user/.m2/repository/com/amazonaws/jmespath-java/1.11.615/jmespath-java-1.11.615.jar:/home/user/.m2/repository/org/kohsuke/metainf-services/metainf-services/1.8/metainf-services-1.8.jar:/home/user/.m2/repository/org/apache/hadoop/hadoop-hdds-tools/1.1.0-SNAPSHOT/hadoop-hdds-tools-1.1.0-SNAPSHOT.jar:/home/user/.m2/repository/commons-cli/commons-cli/1.2/commons-cli-1.2.jar:/home/user/.m2/repository/org/apache/commons/commons-lang3/3.7/commons-lang3-3.7.jar:/home/user/.m2/repository/org/apache/hadoop/hadoop-ozone-ozone-manager/1.1.0-SNAPSHOT/hadoop-ozone-ozone-manager-1.1.0-SNAPSHOT-tests.jar:/home/user/.m2/repository/org/apache/hadoop/hadoop-hdds-common/1.1.0-SNAPSHOT/hadoop-hdds-common-1.1.0-SNAPSHOT-tests.jar:/home/user/.m2/repository/org/apache/hadoop/hadoop-hdds-hadoop-dependency-client/1.1.0-SNAPSHOT/hadoop-hdds-hadoop-dependency-client-1.1.0-SNAPSHOT.jar:/home/user/.m2/repository/info/picocli/picocli/4.4.0/picocli-4.4.0.jar:/home/user/.m2/repository/com/fasterxml/jackson/core/jackson-annotations/2.10.3/jackson-annotations-2.10.3.jar:/home/user/.m2/repository/javax/annotation/javax.annotation-api/1.2/javax.annotation-api-1.2.jar:/home/user/.m2/repository/org/fusesource/leveldbjni/leveldbjni-all/1.8/leveldbjni-all-1.8.jar:/home/user/.m2/repository/org/apache/ratis/ratis-server/1.1.0-913f5a4-SNAPSHOT/ratis-server-1.1.0-913f5a4-SNAPSHOT.jar:/home/user/.m2/repository/org/apache/ratis/ratis-client/1.1.0-913f5a4-SNAPSHOT/ratis-client-1.1.0-913f5a4-SNAPSHOT.jar:/home/user/.m2/repository/org/apache/ratis/ratis-metrics/1.1.0-913f5a4-SNAPSHOT/ratis-metrics-1.1.0-913f5a4-SNAPSHOT.jar:/home/user/.m2/repository/org/apache/ratis/ratis-netty/1.1.0-913f5a4-SNAPSHOT/ratis-netty-1.1.0-913f5a4-SNAPSHOT.jar:/home/user/.m2/repository/org/apache/ratis/ratis-grpc/1.1.0-913f5a4-SNAPSHOT/ratis-grpc-1.1.0-913f5a4-SNAPSHOT.jar:/home/user/.m2/repository/org/apache/logging/log4j/log4j-api/2.13.3/log4j-api-2.13.3.jar:/home/user/.m2/repository/org/apache/logging/log4j/log4j-core/2.13.3/log4j-core-2.13.3.jar:/home/user/.m2/repository/com/lmax/disruptor/3.4.2/disruptor-3.4.2.jar:/home/user/.m2/repository/org/apache/commons/commons-pool2/2.6.0/commons-pool2-2.6.0.jar:/home/user/.m2/repository/org/bouncycastle/bcpkix-jdk15on/1.60/bcpkix-jdk15on-1.60.jar:/home/user/.m2/repository/commons-validator/commons-validator/1.6/commons-validator-1.6.jar:/home/user/.m2/repository/commons-beanutils/commons-beanutils/1.9.4/commons-beanutils-1.9.4.jar:/home/user/.m2/repository/commons-digester/commons-digester/1.8.1/commons-digester-1.8.1.jar:/home/user/.m2/repository/commons-collections/commons-collections/3.2.2/commons-collections-3.2.2.jar:/home/user/.m2/repository/io/jaegertracing/jaeger-client/1.2.0/jaeger-client-1.2.0.jar:/home/user/.m2/repository/io/jaegertracing/jaeger-thrift/1.2.0/jaeger-thrift-1.2.0.jar:/home/user/.m2/repository/org/apache/thrift/libthrift/0.13.0/libthrift-0.13.0.jar:/home/user/.m2/repository/com/squareup/okhttp3/okhttp/4.2.2/okhttp-4.2.2.jar:/home/user/.m2/repository/com/squareup/okio/okio/2.2.2/okio-2.2.2.jar:/home/user/.m2/repository/org/jetbrains/kotlin/kotlin-stdlib/1.3.50/kotlin-stdlib-1.3.50.jar:/home/user/.m2/repository/org/jetbrains/kotlin/kotlin-stdlib-common/1.3.50/kotlin-stdlib-common-1.3.50.jar:/home/user/.m2/repository/org/jetbrains/annotations/13.0/annotations-13.0.jar:/home/user/.m2/repository/io/jaegertracing/jaeger-core/1.2.0/jaeger-core-1.2.0.jar:/home/user/.m2/repository/io/jaegertracing/jaeger-tracerresolver/1.2.0/jaeger-tracerresolver-1.2.0.jar:/home/user/.m2/repository/io/opentracing/contrib/opentracing-tracerresolver/0.1.8/opentracing-tracerresolver-0.1.8.jar:/home/user/.m2/repository/io/opentracing/opentracing-util/0.33.0/opentracing-util-0.33.0.jar:/home/user/.m2/repository/io/opentracing/opentracing-api/0.33.0/opentracing-api-0.33.0.jar:/home/user/.m2/repository/io/opentracing/opentracing-noop/0.33.0/opentracing-noop-0.33.0.jar:/home/user/.m2/repository/org/yaml/snakeyaml/1.16/snakeyaml-1.16.jar:/home/user/.m2/repository/junit/junit/4.11/junit-4.11.jar:/home/user/.m2/repository/org/hamcrest/hamcrest-core/1.3/hamcrest-core-1.3.jar:/home/user/.m2/repository/org/openjdk/jmh/jmh-core/1.19/jmh-core-1.19.jar:/home/user/.m2/repository/net/sf/jopt-simple/jopt-simple/4.6/jopt-simple-4.6.jar:/home/user/.m2/repository/org/apache/commons/commons-math3/3.1.1/commons-math3-3.1.1.jar:/home/user/.m2/repository/org/openjdk/jmh/jmh-generator-annprocess/1.19/jmh-generator-annprocess-1.19.jar:/home/user/.m2/repository/org/mockito/mockito-all/1.8.5/mockito-all-1.8.5.jar:/home/user/.m2/repository/org/apache/hadoop/hadoop-kms/3.2.1/hadoop-kms-3.2.1.jar:/home/user/.m2/repository/org/apache/hadoop/hadoop-auth/3.2.1/hadoop-auth-3.2.1.jar:/home/user/.m2/repository/com/nimbusds/nimbus-jose-jwt/7.9/nimbus-jose-jwt-7.9.jar:/home/user/.m2/repository/com/github/stephenc/jcip/jcip-annotations/1.0-1/jcip-annotations-1.0-1.jar:/home/user/.m2/repository/net/minidev/json-smart/2.3/json-smart-2.3.jar:/home/user/.m2/repository/net/minidev/accessors-smart/1.2/accessors-smart-1.2.jar:/home/user/.m2/repository/org/ow2/asm/asm/5.0.4/asm-5.0.4.jar:/home/user/.m2/repository/org/apache/zookeeper/zookeeper/3.4.13/zookeeper-3.4.13.jar:/home/user/.m2/repository/org/apache/yetus/audience-annotations/0.5.0/audience-annotations-0.5.0.jar:/home/user/.m2/repository/org/apache/curator/curator-framework/2.13.0/curator-framework-2.13.0.jar:/home/user/.m2/repository/com/sun/jersey/jersey-core/1.19/jersey-core-1.19.jar:/home/user/.m2/repository/javax/ws/rs/jsr311-api/1.1.1/jsr311-api-1.1.1.jar:/home/user/.m2/repository/com/sun/jersey/jersey-server/1.19/jersey-server-1.19.jar:/home/user/.m2/repository/javax/servlet/javax.servlet-api/3.1.0/javax.servlet-api-3.1.0.jar:/home/user/.m2/repository/org/eclipse/jetty/jetty-server/9.4.34.v20201102/jetty-server-9.4.34.v20201102.jar:/home/user/.m2/repository/org/eclipse/jetty/jetty-http/9.4.34.v20201102/jetty-http-9.4.34.v20201102.jar:/home/user/.m2/repository/org/eclipse/jetty/jetty-io/9.4.34.v20201102/jetty-io-9.4.34.v20201102.jar:/home/user/.m2/repository/org/eclipse/jetty/jetty-webapp/9.4.34.v20201102/jetty-webapp-9.4.34.v20201102.jar:/home/user/.m2/repository/org/eclipse/jetty/jetty-xml/9.4.34.v20201102/jetty-xml-9.4.34.v20201102.jar:/home/user/.m2/repository/org/apache/hadoop/hadoop-common/3.2.1/hadoop-common-3.2.1.jar:/home/user/.m2/repository/commons-net/commons-net/3.6/commons-net-3.6.jar:/home/user/.m2/repository/com/sun/jersey/jersey-servlet/1.19/jersey-servlet-1.19.jar:/home/user/.m2/repository/com/sun/jersey/jersey-json/1.19/jersey-json-1.19.jar:/home/user/.m2/repository/org/codehaus/jettison/jettison/1.1/jettison-1.1.jar:/home/user/.m2/repository/org/codehaus/jackson/jackson-jaxrs/1.9.2/jackson-jaxrs-1.9.2.jar:/home/user/.m2/repository/org/codehaus/jackson/jackson-xc/1.9.2/jackson-xc-1.9.2.jar:/home/user/.m2/repository/org/apache/commons/commons-configuration2/2.1.1/commons-configuration2-2.1.1.jar:/home/user/.m2/repository/org/apache/commons/commons-text/1.4/commons-text-1.4.jar:/home/user/.m2/repository/com/google/re2j/re2j/1.1/re2j-1.1.jar:/home/user/.m2/repository/com/jcraft/jsch/0.1.54/jsch-0.1.54.jar:/home/user/.m2/repository/org/apache/curator/curator-client/2.13.0/curator-client-2.13.0.jar:/home/user/.m2/repository/org/apache/curator/curator-recipes/2.13.0/curator-recipes-2.13.0.jar:/home/user/.m2/repository/dnsjava/dnsjava/2.1.7/dnsjava-2.1.7.jar:/home/user/.m2/repository/org/slf4j/jul-to-slf4j/1.7.30/jul-to-slf4j-1.7.30.jar:/home/user/.m2/repository/org/eclipse/jetty/jetty-util/9.4.34.v20201102/jetty-util-9.4.34.v20201102.jar:/home/user/.m2/repository/com/fasterxml/jackson/core/jackson-databind/2.10.3/jackson-databind-2.10.3.jar:/home/user/.m2/repository/org/apache/hadoop/hadoop-kms/3.2.1/hadoop-kms-3.2.1-tests.jar:/home/user/.m2/repository/org/apache/hadoop/hadoop-hdds-server-scm/1.1.0-SNAPSHOT/hadoop-hdds-server-scm-1.1.0-SNAPSHOT-tests.jar:/home/user/.m2/repository/org/apache/hadoop/hadoop-hdds-container-service/1.1.0-SNAPSHOT/hadoop-hdds-container-service-1.1.0-SNAPSHOT-tests.jar:/home/user/.m2/repository/commons-codec/commons-codec/1.11/commons-codec-1.11.jar:/home/user/.m2/repository/org/apache/hadoop/hadoop-hdds-hadoop-dependency-test/1.1.0-SNAPSHOT/hadoop-hdds-hadoop-dependency-test-1.1.0-SNAPSHOT.jar:/home/user/.m2/repository/org/apache/hadoop/hadoop-common/3.2.1/hadoop-common-3.2.1-tests.jar:/home/user/.m2/repository/org/apache/hadoop/hadoop-hdfs/3.2.1/hadoop-hdfs-3.2.1-tests.jar:/home/user/.m2/repository/org/eclipse/jetty/jetty-util-ajax/9.4.34.v20201102/jetty-util-ajax-9.4.34.v20201102.jar:/home/user/.m2/repository/commons-daemon/commons-daemon/1.0.13/commons-daemon-1.0.13.jar:/home/user/.m2/repository/io/netty/netty/3.10.5.Final/netty-3.10.5.Final.jar:/home/user/.m2/repository/io/netty/netty-all/4.1.48.Final/netty-all-4.1.48.Final.jar:/home/user/.m2/repository/org/apache/htrace/htrace-core4/4.1.0-incubating/htrace-core4-4.1.0-incubating.jar:/home/user/.m2/repository/org/apache/hadoop/hadoop-distcp/3.2.1/hadoop-distcp-3.2.1.jar:/home/user/.m2/repository/org/apache/hadoop/hadoop-mapreduce-client-jobclient/3.2.1/hadoop-mapreduce-client-jobclient-3.2.1.jar:/home/user/.m2/repository/org/apache/hadoop/hadoop-mapreduce-client-common/3.2.1/hadoop-mapreduce-client-common-3.2.1.jar:/home/user/.m2/repository/org/apache/hadoop/hadoop-yarn-common/3.2.1/hadoop-yarn-common-3.2.1.jar:/home/user/.m2/repository/org/apache/hadoop/hadoop-yarn-api/3.2.1/hadoop-yarn-api-3.2.1.jar:/home/user/.m2/repository/com/sun/jersey/jersey-client/1.19/jersey-client-1.19.jar:/home/user/.m2/repository/com/sun/jersey/contribs/jersey-guice/1.19/jersey-guice-1.19.jar:/home/user/.m2/repository/com/fasterxml/jackson/jaxrs/jackson-jaxrs-json-provider/2.10.3/jackson-jaxrs-json-provider-2.10.3.jar:/home/user/.m2/repository/com/fasterxml/jackson/jaxrs/jackson-jaxrs-base/2.10.3/jackson-jaxrs-base-2.10.3.jar:/home/user/.m2/repository/org/apache/hadoop/hadoop-yarn-client/3.2.1/hadoop-yarn-client-3.2.1.jar:/home/user/.m2/repository/org/apache/hadoop/hadoop-mapreduce-client-core/3.2.1/hadoop-mapreduce-client-core-3.2.1.jar:/home/user/.m2/repository/org/apache/avro/avro/1.7.7/avro-1.7.7.jar:/home/user/.m2/repository/org/codehaus/jackson/jackson-core-asl/1.9.13/jackson-core-asl-1.9.13.jar:/home/user/.m2/repository/org/codehaus/jackson/jackson-mapper-asl/1.9.13/jackson-mapper-asl-1.9.13.jar:/home/user/.m2/repository/com/thoughtworks/paranamer/paranamer/2.3/paranamer-2.3.jar:/home/user/.m2/repository/org/xerial/snappy/snappy-java/1.0.5/snappy-java-1.0.5.jar:/home/user/.m2/repository/org/apache/hadoop/hadoop-annotations/3.2.1/hadoop-annotations-3.2.1.jar:/usr/lib/jvm/java-1.8.0-openjdk-1.8.0.232.b09-0.el7_7.x86_64/jre/../lib/tools.jar:/home/user/.m2/repository/org/apache/hadoop/hadoop-distcp/3.2.1/hadoop-distcp-3.2.1-tests.jar:"/>
    <property name="java.vm.vendor" value="Oracle Corporation"/>
    <property name="sun.arch.data.model" value="64"/>
    <property name="test.build.dir" value="/github/workspace/mnt/ozone/hadoop-ozone/integration-test/target/test-dir"/>
    <property name="test.cache.data" value=""/>
    <property name="java.vendor.url" value="http://java.oracle.com/"/>
    <property name="user.timezone" value=""/>
    <property name="java.vm.specification.version" value="1.8"/>
    <property name="os.name" value="Linux"/>
    <property name="test.build.data" value="/github/workspace/mnt/ozone/hadoop-ozone/integration-test/target/test-dir"/>
    <property name="user.country" value="US"/>
    <property name="sun.java.launcher" value="SUN_STANDARD"/>
    <property name="sun.boot.library.path" value="/usr/lib/jvm/java-1.8.0-openjdk-1.8.0.232.b09-0.el7_7.x86_64/jre/lib/amd64"/>
    <property name="sun.java.command" value="/github/workspace/mnt/ozone/hadoop-ozone/integration-test/target/surefire/surefirebooter1870920708437727324.jar /github/workspace/mnt/ozone/hadoop-ozone/integration-test/target/surefire 2020-12-01T09-20-06_168-jvmRun1 surefire7059963236446205453tmp surefire_78377811481939092227tmp"/>
    <property name="surefire.test.class.path" value="/github/workspace/mnt/ozone/hadoop-ozone/integration-test/target/test-classes:/github/workspace/mnt/ozone/hadoop-ozone/integration-test/target/classes:/home/user/.m2/repository/org/apache/hadoop/hadoop-ozone-common/1.1.0-SNAPSHOT/hadoop-ozone-common-1.1.0-SNAPSHOT.jar:/home/user/.m2/repository/org/apache/commons/commons-compress/1.4.1/commons-compress-1.4.1.jar:/home/user/.m2/repository/org/tukaani/xz/1.0/xz-1.0.jar:/home/user/.m2/repository/org/apache/hadoop/hadoop-hdds-common/1.1.0-SNAPSHOT/hadoop-hdds-common-1.1.0-SNAPSHOT.jar:/home/user/.m2/repository/org/apache/hadoop/hadoop-hdds-client/1.1.0-SNAPSHOT/hadoop-hdds-client-1.1.0-SNAPSHOT.jar:/home/user/.m2/repository/org/apache/hadoop/hadoop-ozone-interface-client/1.1.0-SNAPSHOT/hadoop-ozone-interface-client-1.1.0-SNAPSHOT.jar:/home/user/.m2/repository/org/apache/hadoop/hadoop-hdds-test-utils/1.1.0-SNAPSHOT/hadoop-hdds-test-utils-1.1.0-SNAPSHOT.jar:/home/user/.m2/repository/com/google/guava/guava/28.2-jre/guava-28.2-jre.jar:/home/user/.m2/repository/com/google/guava/failureaccess/1.0.1/failureaccess-1.0.1.jar:/home/user/.m2/repository/com/google/guava/listenablefuture/9999.0-empty-to-avoid-conflict-with-guava/listenablefuture-9999.0-empty-to-avoid-conflict-with-guava.jar:/home/user/.m2/repository/com/google/code/findbugs/jsr305/3.0.0/jsr305-3.0.0.jar:/home/user/.m2/repository/org/checkerframework/checker-qual/2.10.0/checker-qual-2.10.0.jar:/home/user/.m2/repository/com/google/errorprone/error_prone_annotations/2.2.0/error_prone_annotations-2.2.0.jar:/home/user/.m2/repository/com/google/j2objc/j2objc-annotations/1.3/j2objc-annotations-1.3.jar:/home/user/.m2/repository/commons-io/commons-io/2.5/commons-io-2.5.jar:/home/user/.m2/repository/commons-logging/commons-logging/1.2/commons-logging-1.2.jar:/home/user/.m2/repository/log4j/log4j/1.2.17/log4j-1.2.17.jar:/home/user/.m2/repository/org/slf4j/slf4j-api/1.7.30/slf4j-api-1.7.30.jar:/home/user/.m2/repository/org/apache/hadoop/hadoop-hdds-server-scm/1.1.0-SNAPSHOT/hadoop-hdds-server-scm-1.1.0-SNAPSHOT.jar:/home/user/.m2/repository/org/apache/hadoop/hadoop-hdds-container-service/1.1.0-SNAPSHOT/hadoop-hdds-container-service-1.1.0-SNAPSHOT.jar:/home/user/.m2/repository/org/apache/hadoop/hadoop-hdds-hadoop-dependency-server/1.1.0-SNAPSHOT/hadoop-hdds-hadoop-dependency-server-1.1.0-SNAPSHOT.jar:/home/user/.m2/repository/org/apache/hadoop/hadoop-hdfs/3.2.1/hadoop-hdfs-3.2.1.jar:/home/user/.m2/repository/org/apache/hadoop/hadoop-hdds-server-framework/1.1.0-SNAPSHOT/hadoop-hdds-server-framework-1.1.0-SNAPSHOT.jar:/home/user/.m2/repository/org/apache/hadoop/hadoop-hdds-interface-server/1.1.0-SNAPSHOT/hadoop-hdds-interface-server-1.1.0-SNAPSHOT.jar:/home/user/.m2/repository/org/apache/hadoop/hadoop-hdds-interface-admin/1.1.0-SNAPSHOT/hadoop-hdds-interface-admin-1.1.0-SNAPSHOT.jar:/home/user/.m2/repository/org/eclipse/jetty/jetty-servlet/9.4.34.v20201102/jetty-servlet-9.4.34.v20201102.jar:/home/user/.m2/repository/org/eclipse/jetty/jetty-security/9.4.34.v20201102/jetty-security-9.4.34.v20201102.jar:/home/user/.m2/repository/org/rocksdb/rocksdbjni/6.8.1/rocksdbjni-6.8.1.jar:/home/user/.m2/repository/io/prometheus/simpleclient_dropwizard/0.7.0/simpleclient_dropwizard-0.7.0.jar:/home/user/.m2/repository/io/prometheus/simpleclient/0.7.0/simpleclient-0.7.0.jar:/home/user/.m2/repository/io/prometheus/simpleclient_common/0.7.0/simpleclient_common-0.7.0.jar:/home/user/.m2/repository/com/fasterxml/jackson/datatype/jackson-datatype-jsr310/2.10.3/jackson-datatype-jsr310-2.10.3.jar:/home/user/.m2/repository/io/dropwizard/metrics/metrics-core/3.2.4/metrics-core-3.2.4.jar:/home/user/.m2/repository/org/apache/hadoop/hadoop-hdfs-client/3.2.1/hadoop-hdfs-client-3.2.1.jar:/home/user/.m2/repository/org/bouncycastle/bcprov-jdk15on/1.60/bcprov-jdk15on-1.60.jar:/home/user/.m2/repository/org/apache/hadoop/hadoop-ozone-ozone-manager/1.1.0-SNAPSHOT/hadoop-ozone-ozone-manager-1.1.0-SNAPSHOT.jar:/home/user/.m2/repository/org/apache/hadoop/hadoop-hdds-interface-client/1.1.0-SNAPSHOT/hadoop-hdds-interface-client-1.1.0-SNAPSHOT.jar:/home/user/.m2/repository/org/apache/ratis/ratis-thirdparty-misc/0.6.0-SNAPSHOT/ratis-thirdparty-misc-0.6.0-SNAPSHOT.jar:/home/user/.m2/repository/org/apache/hadoop/hadoop-ozone-interface-storage/1.1.0-SNAPSHOT/hadoop-ozone-interface-storage-1.1.0-SNAPSHOT.jar:/home/user/.m2/repository/org/apache/hadoop/hadoop-minikdc/3.2.1/hadoop-minikdc-3.2.1.jar:/home/user/.m2/repository/org/apache/kerby/kerb-simplekdc/1.0.1/kerb-simplekdc-1.0.1.jar:/home/user/.m2/repository/org/apache/kerby/kerb-client/1.0.1/kerb-client-1.0.1.jar:/home/user/.m2/repository/org/apache/kerby/kerby-config/1.0.1/kerby-config-1.0.1.jar:/home/user/.m2/repository/org/apache/kerby/kerb-core/1.0.1/kerb-core-1.0.1.jar:/home/user/.m2/repository/org/apache/kerby/kerby-pkix/1.0.1/kerby-pkix-1.0.1.jar:/home/user/.m2/repository/org/apache/kerby/kerby-asn1/1.0.1/kerby-asn1-1.0.1.jar:/home/user/.m2/repository/org/apache/kerby/kerby-util/1.0.1/kerby-util-1.0.1.jar:/home/user/.m2/repository/org/apache/kerby/kerb-common/1.0.1/kerb-common-1.0.1.jar:/home/user/.m2/repository/org/apache/kerby/kerb-crypto/1.0.1/kerb-crypto-1.0.1.jar:/home/user/.m2/repository/org/apache/kerby/kerb-util/1.0.1/kerb-util-1.0.1.jar:/home/user/.m2/repository/org/apache/kerby/token-provider/1.0.1/token-provider-1.0.1.jar:/home/user/.m2/repository/org/apache/kerby/kerb-admin/1.0.1/kerb-admin-1.0.1.jar:/home/user/.m2/repository/org/apache/kerby/kerb-server/1.0.1/kerb-server-1.0.1.jar:/home/user/.m2/repository/org/apache/kerby/kerb-identity/1.0.1/kerb-identity-1.0.1.jar:/home/user/.m2/repository/org/apache/kerby/kerby-xdr/1.0.1/kerby-xdr-1.0.1.jar:/home/user/.m2/repository/org/slf4j/slf4j-log4j12/1.7.30/slf4j-log4j12-1.7.30.jar:/home/user/.m2/repository/org/apache/hadoop/hadoop-ozone-s3gateway/1.1.0-SNAPSHOT/hadoop-ozone-s3gateway-1.1.0-SNAPSHOT.jar:/home/user/.m2/repository/org/jboss/weld/servlet/weld-servlet/2.4.7.Final/weld-servlet-2.4.7.Final.jar:/home/user/.m2/repository/org/glassfish/jersey/containers/jersey-container-servlet-core/2.27/jersey-container-servlet-core-2.27.jar:/home/user/.m2/repository/org/glassfish/hk2/external/javax.inject/2.5.0-b42/javax.inject-2.5.0-b42.jar:/home/user/.m2/repository/org/glassfish/jersey/core/jersey-common/2.27/jersey-common-2.27.jar:/home/user/.m2/repository/org/glassfish/hk2/osgi-resource-locator/1.0.1/osgi-resource-locator-1.0.1.jar:/home/user/.m2/repository/javax/ws/rs/javax.ws.rs-api/2.1/javax.ws.rs-api-2.1.jar:/home/user/.m2/repository/org/glassfish/jersey/ext/cdi/jersey-cdi1x/2.27/jersey-cdi1x-2.27.jar:/home/user/.m2/repository/org/glassfish/jersey/inject/jersey-hk2/2.27/jersey-hk2-2.27.jar:/home/user/.m2/repository/org/glassfish/hk2/hk2-locator/2.5.0-b42/hk2-locator-2.5.0-b42.jar:/home/user/.m2/repository/org/javassist/javassist/3.22.0-CR2/javassist-3.22.0-CR2.jar:/home/user/.m2/repository/org/glassfish/hk2/hk2-api/2.5.0/hk2-api-2.5.0.jar:/home/user/.m2/repository/org/glassfish/hk2/external/jakarta.inject/2.5.0/jakarta.inject-2.5.0.jar:/home/user/.m2/repository/org/glassfish/hk2/hk2-utils/2.5.0/hk2-utils-2.5.0.jar:/home/user/.m2/repository/jakarta/annotation/jakarta.annotation-api/1.3.4/jakarta.annotation-api-1.3.4.jar:/home/user/.m2/repository/org/glassfish/hk2/external/aopalliance-repackaged/2.5.0/aopalliance-repackaged-2.5.0.jar:/home/user/.m2/repository/com/fasterxml/jackson/dataformat/jackson-dataformat-xml/2.10.3/jackson-dataformat-xml-2.10.3.jar:/home/user/.m2/repository/com/fasterxml/jackson/core/jackson-core/2.10.3/jackson-core-2.10.3.jar:/home/user/.m2/repository/com/fasterxml/jackson/module/jackson-module-jaxb-annotations/2.10.3/jackson-module-jaxb-annotations-2.10.3.jar:/home/user/.m2/repository/jakarta/xml/bind/jakarta.xml.bind-api/2.3.2/jakarta.xml.bind-api-2.3.2.jar:/home/user/.m2/repository/jakarta/activation/jakarta.activation-api/1.2.1/jakarta.activation-api-1.2.1.jar:/home/user/.m2/repository/org/codehaus/woodstox/stax2-api/3.1.4/stax2-api-3.1.4.jar:/home/user/.m2/repository/com/fasterxml/woodstox/woodstox-core/5.0.3/woodstox-core-5.0.3.jar:/home/user/.m2/repository/javax/enterprise/cdi-api/1.2/cdi-api-1.2.jar:/home/user/.m2/repository/javax/el/javax.el-api/3.0.0/javax.el-api-3.0.0.jar:/home/user/.m2/repository/javax/interceptor/javax.interceptor-api/1.2/javax.interceptor-api-1.2.jar:/home/user/.m2/repository/javax/inject/javax.inject/1/javax.inject-1.jar:/home/user/.m2/repository/com/sun/xml/bind/jaxb-impl/2.3.0.1/jaxb-impl-2.3.0.1.jar:/home/user/.m2/repository/com/sun/xml/bind/jaxb-core/2.3.0.1/jaxb-core-2.3.0.1.jar:/home/user/.m2/repository/javax/xml/bind/jaxb-api/2.3.0/jaxb-api-2.3.0.jar:/home/user/.m2/repository/javax/activation/activation/1.1.1/activation-1.1.1.jar:/home/user/.m2/repository/org/apache/hadoop/hadoop-ozone-csi/1.1.0-SNAPSHOT/hadoop-ozone-csi-1.1.0-SNAPSHOT.jar:/home/user/.m2/repository/com/google/protobuf/protobuf-java-util/3.11.0/protobuf-java-util-3.11.0.jar:/home/user/.m2/repository/com/google/code/gson/gson/2.2.4/gson-2.2.4.jar:/home/user/.m2/repository/org/apache/hadoop/hadoop-hdds-config/1.1.0-SNAPSHOT/hadoop-hdds-config-1.1.0-SNAPSHOT.jar:/home/user/.m2/repository/com/google/protobuf/protobuf-java/2.5.0/protobuf-java-2.5.0.jar:/home/user/.m2/repository/io/grpc/grpc-netty/1.29.0/grpc-netty-1.29.0.jar:/home/user/.m2/repository/io/grpc/grpc-core/1.29.0/grpc-core-1.29.0.jar:/home/user/.m2/repository/com/google/android/annotations/4.1.1.4/annotations-4.1.1.4.jar:/home/user/.m2/repository/io/perfmark/perfmark-api/0.19.0/perfmark-api-0.19.0.jar:/home/user/.m2/repository/io/netty/netty-codec-http2/4.1.48.Final/netty-codec-http2-4.1.48.Final.jar:/home/user/.m2/repository/io/netty/netty-codec/4.1.48.Final/netty-codec-4.1.48.Final.jar:/home/user/.m2/repository/io/netty/netty-handler/4.1.48.Final/netty-handler-4.1.48.Final.jar:/home/user/.m2/repository/io/netty/netty-codec-http/4.1.48.Final/netty-codec-http-4.1.48.Final.jar:/home/user/.m2/repository/io/netty/netty-handler-proxy/4.1.48.Final/netty-handler-proxy-4.1.48.Final.jar:/home/user/.m2/repository/io/netty/netty-codec-socks/4.1.48.Final/netty-codec-socks-4.1.48.Final.jar:/home/user/.m2/repository/io/netty/netty-transport-native-epoll/4.1.48.Final/netty-transport-native-epoll-4.1.48.Final.jar:/home/user/.m2/repository/io/netty/netty-common/4.1.48.Final/netty-common-4.1.48.Final.jar:/home/user/.m2/repository/io/netty/netty-buffer/4.1.48.Final/netty-buffer-4.1.48.Final.jar:/home/user/.m2/repository/io/netty/netty-transport/4.1.48.Final/netty-transport-4.1.48.Final.jar:/home/user/.m2/repository/io/netty/netty-resolver/4.1.48.Final/netty-resolver-4.1.48.Final.jar:/home/user/.m2/repository/io/netty/netty-transport-native-unix-common/4.1.48.Final/netty-transport-native-unix-common-4.1.48.Final.jar:/home/user/.m2/repository/io/grpc/grpc-protobuf/1.29.0/grpc-protobuf-1.29.0.jar:/home/user/.m2/repository/io/grpc/grpc-api/1.29.0/grpc-api-1.29.0.jar:/home/user/.m2/repository/io/grpc/grpc-context/1.29.0/grpc-context-1.29.0.jar:/home/user/.m2/repository/org/codehaus/mojo/animal-sniffer-annotations/1.18/animal-sniffer-annotations-1.18.jar:/home/user/.m2/repository/com/google/api/grpc/proto-google-common-protos/1.17.0/proto-google-common-protos-1.17.0.jar:/home/user/.m2/repository/io/grpc/grpc-protobuf-lite/1.29.0/grpc-protobuf-lite-1.29.0.jar:/home/user/.m2/repository/io/grpc/grpc-stub/1.29.0/grpc-stub-1.29.0.jar:/home/user/.m2/repository/org/apache/hadoop/hadoop-ozone-recon/1.1.0-SNAPSHOT/hadoop-ozone-recon-1.1.0-SNAPSHOT.jar:/home/user/.m2/repository/org/apache/hadoop/hadoop-ozone-reconcodegen/1.1.0-SNAPSHOT/hadoop-ozone-reconcodegen-1.1.0-SNAPSHOT.jar:/home/user/.m2/repository/com/google/inject/extensions/guice-multibindings/4.0/guice-multibindings-4.0.jar:/home/user/.m2/repository/com/google/inject/guice/4.0/guice-4.0.jar:/home/user/.m2/repository/aopalliance/aopalliance/1.0/aopalliance-1.0.jar:/home/user/.m2/repository/com/google/inject/extensions/guice-assistedinject/4.0/guice-assistedinject-4.0.jar:/home/user/.m2/repository/com/google/inject/extensions/guice-servlet/4.0/guice-servlet-4.0.jar:/home/user/.m2/repository/org/glassfish/jersey/containers/jersey-container-servlet/2.27/jersey-container-servlet-2.27.jar:/home/user/.m2/repository/org/glassfish/hk2/guice-bridge/2.5.0/guice-bridge-2.5.0.jar:/home/user/.m2/repository/org/glassfish/jersey/core/jersey-server/2.27/jersey-server-2.27.jar:/home/user/.m2/repository/org/glassfish/jersey/core/jersey-client/2.27/jersey-client-2.27.jar:/home/user/.m2/repository/org/glassfish/jersey/media/jersey-media-jaxb/2.27/jersey-media-jaxb-2.27.jar:/home/user/.m2/repository/javax/validation/validation-api/1.1.0.Final/validation-api-1.1.0.Final.jar:/home/user/.m2/repository/org/glassfish/jersey/media/jersey-media-json-jackson/2.27/jersey-media-json-jackson-2.27.jar:/home/user/.m2/repository/org/glassfish/jersey/ext/jersey-entity-filtering/2.27/jersey-entity-filtering-2.27.jar:/home/user/.m2/repository/org/jooq/jooq/3.11.10/jooq-3.11.10.jar:/home/user/.m2/repository/org/jooq/jooq-meta/3.11.10/jooq-meta-3.11.10.jar:/home/user/.m2/repository/org/jooq/jooq-codegen/3.11.10/jooq-codegen-3.11.10.jar:/home/user/.m2/repository/com/jolbox/bonecp/0.8.0.RELEASE/bonecp-0.8.0.RELEASE.jar:/home/user/.m2/repository/org/apache/derby/derby/10.14.2.0/derby-10.14.2.0.jar:/home/user/.m2/repository/org/xerial/sqlite-jdbc/3.25.2/sqlite-jdbc-3.25.2.jar:/home/user/.m2/repository/org/springframework/spring-jdbc/5.2.5.RELEASE/spring-jdbc-5.2.5.RELEASE.jar:/home/user/.m2/repository/org/springframework/spring-beans/5.2.5.RELEASE/spring-beans-5.2.5.RELEASE.jar:/home/user/.m2/repository/org/springframework/spring-core/5.2.5.RELEASE/spring-core-5.2.5.RELEASE.jar:/home/user/.m2/repository/org/springframework/spring-jcl/5.2.5.RELEASE/spring-jcl-5.2.5.RELEASE.jar:/home/user/.m2/repository/org/springframework/spring-tx/5.2.5.RELEASE/spring-tx-5.2.5.RELEASE.jar:/home/user/.m2/repository/org/apache/hadoop/hadoop-ozone-client/1.1.0-SNAPSHOT/hadoop-ozone-client-1.1.0-SNAPSHOT.jar:/home/user/.m2/repository/org/apache/hadoop/hadoop-ozone-filesystem/1.1.0-SNAPSHOT/hadoop-ozone-filesystem-1.1.0-SNAPSHOT.jar:/home/user/.m2/repository/org/apache/hadoop/hadoop-ozone-filesystem-common/1.1.0-SNAPSHOT/hadoop-ozone-filesystem-common-1.1.0-SNAPSHOT.jar:/home/user/.m2/repository/org/apache/hadoop/hadoop-ozone-tools/1.1.0-SNAPSHOT/hadoop-ozone-tools-1.1.0-SNAPSHOT.jar:/home/user/.m2/repository/org/apache/ratis/ratis-tools/1.1.0-913f5a4-SNAPSHOT/ratis-tools-1.1.0-913f5a4-SNAPSHOT.jar:/home/user/.m2/repository/org/apache/ratis/ratis-proto/1.1.0-913f5a4-SNAPSHOT/ratis-proto-1.1.0-913f5a4-SNAPSHOT.jar:/home/user/.m2/repository/org/apache/ratis/ratis-common/1.1.0-913f5a4-SNAPSHOT/ratis-common-1.1.0-913f5a4-SNAPSHOT.jar:/home/user/.m2/repository/com/amazonaws/aws-java-sdk-core/1.11.615/aws-java-sdk-core-1.11.615.jar:/home/user/.m2/repository/org/apache/httpcomponents/httpclient/4.5.13/httpclient-4.5.13.jar:/home/user/.m2/repository/org/apache/httpcomponents/httpcore/4.4.13/httpcore-4.4.13.jar:/home/user/.m2/repository/software/amazon/ion/ion-java/1.0.2/ion-java-1.0.2.jar:/home/user/.m2/repository/com/fasterxml/jackson/dataformat/jackson-dataformat-cbor/2.10.3/jackson-dataformat-cbor-2.10.3.jar:/home/user/.m2/repository/joda-time/joda-time/2.8.1/joda-time-2.8.1.jar:/home/user/.m2/repository/com/amazonaws/aws-java-sdk-s3/1.11.615/aws-java-sdk-s3-1.11.615.jar:/home/user/.m2/repository/com/amazonaws/aws-java-sdk-kms/1.11.615/aws-java-sdk-kms-1.11.615.jar:/home/user/.m2/repository/com/amazonaws/jmespath-java/1.11.615/jmespath-java-1.11.615.jar:/home/user/.m2/repository/org/kohsuke/metainf-services/metainf-services/1.8/metainf-services-1.8.jar:/home/user/.m2/repository/org/apache/hadoop/hadoop-hdds-tools/1.1.0-SNAPSHOT/hadoop-hdds-tools-1.1.0-SNAPSHOT.jar:/home/user/.m2/repository/commons-cli/commons-cli/1.2/commons-cli-1.2.jar:/home/user/.m2/repository/org/apache/commons/commons-lang3/3.7/commons-lang3-3.7.jar:/home/user/.m2/repository/org/apache/hadoop/hadoop-ozone-ozone-manager/1.1.0-SNAPSHOT/hadoop-ozone-ozone-manager-1.1.0-SNAPSHOT-tests.jar:/home/user/.m2/repository/org/apache/hadoop/hadoop-hdds-common/1.1.0-SNAPSHOT/hadoop-hdds-common-1.1.0-SNAPSHOT-tests.jar:/home/user/.m2/repository/org/apache/hadoop/hadoop-hdds-hadoop-dependency-client/1.1.0-SNAPSHOT/hadoop-hdds-hadoop-dependency-client-1.1.0-SNAPSHOT.jar:/home/user/.m2/repository/info/picocli/picocli/4.4.0/picocli-4.4.0.jar:/home/user/.m2/repository/com/fasterxml/jackson/core/jackson-annotations/2.10.3/jackson-annotations-2.10.3.jar:/home/user/.m2/repository/javax/annotation/javax.annotation-api/1.2/javax.annotation-api-1.2.jar:/home/user/.m2/repository/org/fusesource/leveldbjni/leveldbjni-all/1.8/leveldbjni-all-1.8.jar:/home/user/.m2/repository/org/apache/ratis/ratis-server/1.1.0-913f5a4-SNAPSHOT/ratis-server-1.1.0-913f5a4-SNAPSHOT.jar:/home/user/.m2/repository/org/apache/ratis/ratis-client/1.1.0-913f5a4-SNAPSHOT/ratis-client-1.1.0-913f5a4-SNAPSHOT.jar:/home/user/.m2/repository/org/apache/ratis/ratis-metrics/1.1.0-913f5a4-SNAPSHOT/ratis-metrics-1.1.0-913f5a4-SNAPSHOT.jar:/home/user/.m2/repository/org/apache/ratis/ratis-netty/1.1.0-913f5a4-SNAPSHOT/ratis-netty-1.1.0-913f5a4-SNAPSHOT.jar:/home/user/.m2/repository/org/apache/ratis/ratis-grpc/1.1.0-913f5a4-SNAPSHOT/ratis-grpc-1.1.0-913f5a4-SNAPSHOT.jar:/home/user/.m2/repository/org/apache/logging/log4j/log4j-api/2.13.3/log4j-api-2.13.3.jar:/home/user/.m2/repository/org/apache/logging/log4j/log4j-core/2.13.3/log4j-core-2.13.3.jar:/home/user/.m2/repository/com/lmax/disruptor/3.4.2/disruptor-3.4.2.jar:/home/user/.m2/repository/org/apache/commons/commons-pool2/2.6.0/commons-pool2-2.6.0.jar:/home/user/.m2/repository/org/bouncycastle/bcpkix-jdk15on/1.60/bcpkix-jdk15on-1.60.jar:/home/user/.m2/repository/commons-validator/commons-validator/1.6/commons-validator-1.6.jar:/home/user/.m2/repository/commons-beanutils/commons-beanutils/1.9.4/commons-beanutils-1.9.4.jar:/home/user/.m2/repository/commons-digester/commons-digester/1.8.1/commons-digester-1.8.1.jar:/home/user/.m2/repository/commons-collections/commons-collections/3.2.2/commons-collections-3.2.2.jar:/home/user/.m2/repository/io/jaegertracing/jaeger-client/1.2.0/jaeger-client-1.2.0.jar:/home/user/.m2/repository/io/jaegertracing/jaeger-thrift/1.2.0/jaeger-thrift-1.2.0.jar:/home/user/.m2/repository/org/apache/thrift/libthrift/0.13.0/libthrift-0.13.0.jar:/home/user/.m2/repository/com/squareup/okhttp3/okhttp/4.2.2/okhttp-4.2.2.jar:/home/user/.m2/repository/com/squareup/okio/okio/2.2.2/okio-2.2.2.jar:/home/user/.m2/repository/org/jetbrains/kotlin/kotlin-stdlib/1.3.50/kotlin-stdlib-1.3.50.jar:/home/user/.m2/repository/org/jetbrains/kotlin/kotlin-stdlib-common/1.3.50/kotlin-stdlib-common-1.3.50.jar:/home/user/.m2/repository/org/jetbrains/annotations/13.0/annotations-13.0.jar:/home/user/.m2/repository/io/jaegertracing/jaeger-core/1.2.0/jaeger-core-1.2.0.jar:/home/user/.m2/repository/io/jaegertracing/jaeger-tracerresolver/1.2.0/jaeger-tracerresolver-1.2.0.jar:/home/user/.m2/repository/io/opentracing/contrib/opentracing-tracerresolver/0.1.8/opentracing-tracerresolver-0.1.8.jar:/home/user/.m2/repository/io/opentracing/opentracing-util/0.33.0/opentracing-util-0.33.0.jar:/home/user/.m2/repository/io/opentracing/opentracing-api/0.33.0/opentracing-api-0.33.0.jar:/home/user/.m2/repository/io/opentracing/opentracing-noop/0.33.0/opentracing-noop-0.33.0.jar:/home/user/.m2/repository/org/yaml/snakeyaml/1.16/snakeyaml-1.16.jar:/home/user/.m2/repository/junit/junit/4.11/junit-4.11.jar:/home/user/.m2/repository/org/hamcrest/hamcrest-core/1.3/hamcrest-core-1.3.jar:/home/user/.m2/repository/org/openjdk/jmh/jmh-core/1.19/jmh-core-1.19.jar:/home/user/.m2/repository/net/sf/jopt-simple/jopt-simple/4.6/jopt-simple-4.6.jar:/home/user/.m2/repository/org/apache/commons/commons-math3/3.1.1/commons-math3-3.1.1.jar:/home/user/.m2/repository/org/openjdk/jmh/jmh-generator-annprocess/1.19/jmh-generator-annprocess-1.19.jar:/home/user/.m2/repository/org/mockito/mockito-all/1.8.5/mockito-all-1.8.5.jar:/home/user/.m2/repository/org/apache/hadoop/hadoop-kms/3.2.1/hadoop-kms-3.2.1.jar:/home/user/.m2/repository/org/apache/hadoop/hadoop-auth/3.2.1/hadoop-auth-3.2.1.jar:/home/user/.m2/repository/com/nimbusds/nimbus-jose-jwt/7.9/nimbus-jose-jwt-7.9.jar:/home/user/.m2/repository/com/github/stephenc/jcip/jcip-annotations/1.0-1/jcip-annotations-1.0-1.jar:/home/user/.m2/repository/net/minidev/json-smart/2.3/json-smart-2.3.jar:/home/user/.m2/repository/net/minidev/accessors-smart/1.2/accessors-smart-1.2.jar:/home/user/.m2/repository/org/ow2/asm/asm/5.0.4/asm-5.0.4.jar:/home/user/.m2/repository/org/apache/zookeeper/zookeeper/3.4.13/zookeeper-3.4.13.jar:/home/user/.m2/repository/org/apache/yetus/audience-annotations/0.5.0/audience-annotations-0.5.0.jar:/home/user/.m2/repository/org/apache/curator/curator-framework/2.13.0/curator-framework-2.13.0.jar:/home/user/.m2/repository/com/sun/jersey/jersey-core/1.19/jersey-core-1.19.jar:/home/user/.m2/repository/javax/ws/rs/jsr311-api/1.1.1/jsr311-api-1.1.1.jar:/home/user/.m2/repository/com/sun/jersey/jersey-server/1.19/jersey-server-1.19.jar:/home/user/.m2/repository/javax/servlet/javax.servlet-api/3.1.0/javax.servlet-api-3.1.0.jar:/home/user/.m2/repository/org/eclipse/jetty/jetty-server/9.4.34.v20201102/jetty-server-9.4.34.v20201102.jar:/home/user/.m2/repository/org/eclipse/jetty/jetty-http/9.4.34.v20201102/jetty-http-9.4.34.v20201102.jar:/home/user/.m2/repository/org/eclipse/jetty/jetty-io/9.4.34.v20201102/jetty-io-9.4.34.v20201102.jar:/home/user/.m2/repository/org/eclipse/jetty/jetty-webapp/9.4.34.v20201102/jetty-webapp-9.4.34.v20201102.jar:/home/user/.m2/repository/org/eclipse/jetty/jetty-xml/9.4.34.v20201102/jetty-xml-9.4.34.v20201102.jar:/home/user/.m2/repository/org/apache/hadoop/hadoop-common/3.2.1/hadoop-common-3.2.1.jar:/home/user/.m2/repository/commons-net/commons-net/3.6/commons-net-3.6.jar:/home/user/.m2/repository/com/sun/jersey/jersey-servlet/1.19/jersey-servlet-1.19.jar:/home/user/.m2/repository/com/sun/jersey/jersey-json/1.19/jersey-json-1.19.jar:/home/user/.m2/repository/org/codehaus/jettison/jettison/1.1/jettison-1.1.jar:/home/user/.m2/repository/org/codehaus/jackson/jackson-jaxrs/1.9.2/jackson-jaxrs-1.9.2.jar:/home/user/.m2/repository/org/codehaus/jackson/jackson-xc/1.9.2/jackson-xc-1.9.2.jar:/home/user/.m2/repository/org/apache/commons/commons-configuration2/2.1.1/commons-configuration2-2.1.1.jar:/home/user/.m2/repository/org/apache/commons/commons-text/1.4/commons-text-1.4.jar:/home/user/.m2/repository/com/google/re2j/re2j/1.1/re2j-1.1.jar:/home/user/.m2/repository/com/jcraft/jsch/0.1.54/jsch-0.1.54.jar:/home/user/.m2/repository/org/apache/curator/curator-client/2.13.0/curator-client-2.13.0.jar:/home/user/.m2/repository/org/apache/curator/curator-recipes/2.13.0/curator-recipes-2.13.0.jar:/home/user/.m2/repository/dnsjava/dnsjava/2.1.7/dnsjava-2.1.7.jar:/home/user/.m2/repository/org/slf4j/jul-to-slf4j/1.7.30/jul-to-slf4j-1.7.30.jar:/home/user/.m2/repository/org/eclipse/jetty/jetty-util/9.4.34.v20201102/jetty-util-9.4.34.v20201102.jar:/home/user/.m2/repository/com/fasterxml/jackson/core/jackson-databind/2.10.3/jackson-databind-2.10.3.jar:/home/user/.m2/repository/org/apache/hadoop/hadoop-kms/3.2.1/hadoop-kms-3.2.1-tests.jar:/home/user/.m2/repository/org/apache/hadoop/hadoop-hdds-server-scm/1.1.0-SNAPSHOT/hadoop-hdds-server-scm-1.1.0-SNAPSHOT-tests.jar:/home/user/.m2/repository/org/apache/hadoop/hadoop-hdds-container-service/1.1.0-SNAPSHOT/hadoop-hdds-container-service-1.1.0-SNAPSHOT-tests.jar:/home/user/.m2/repository/commons-codec/commons-codec/1.11/commons-codec-1.11.jar:/home/user/.m2/repository/org/apache/hadoop/hadoop-hdds-hadoop-dependency-test/1.1.0-SNAPSHOT/hadoop-hdds-hadoop-dependency-test-1.1.0-SNAPSHOT.jar:/home/user/.m2/repository/org/apache/hadoop/hadoop-common/3.2.1/hadoop-common-3.2.1-tests.jar:/home/user/.m2/repository/org/apache/hadoop/hadoop-hdfs/3.2.1/hadoop-hdfs-3.2.1-tests.jar:/home/user/.m2/repository/org/eclipse/jetty/jetty-util-ajax/9.4.34.v20201102/jetty-util-ajax-9.4.34.v20201102.jar:/home/user/.m2/repository/commons-daemon/commons-daemon/1.0.13/commons-daemon-1.0.13.jar:/home/user/.m2/repository/io/netty/netty/3.10.5.Final/netty-3.10.5.Final.jar:/home/user/.m2/repository/io/netty/netty-all/4.1.48.Final/netty-all-4.1.48.Final.jar:/home/user/.m2/repository/org/apache/htrace/htrace-core4/4.1.0-incubating/htrace-core4-4.1.0-incubating.jar:/home/user/.m2/repository/org/apache/hadoop/hadoop-distcp/3.2.1/hadoop-distcp-3.2.1.jar:/home/user/.m2/repository/org/apache/hadoop/hadoop-mapreduce-client-jobclient/3.2.1/hadoop-mapreduce-client-jobclient-3.2.1.jar:/home/user/.m2/repository/org/apache/hadoop/hadoop-mapreduce-client-common/3.2.1/hadoop-mapreduce-client-common-3.2.1.jar:/home/user/.m2/repository/org/apache/hadoop/hadoop-yarn-common/3.2.1/hadoop-yarn-common-3.2.1.jar:/home/user/.m2/repository/org/apache/hadoop/hadoop-yarn-api/3.2.1/hadoop-yarn-api-3.2.1.jar:/home/user/.m2/repository/com/sun/jersey/jersey-client/1.19/jersey-client-1.19.jar:/home/user/.m2/repository/com/sun/jersey/contribs/jersey-guice/1.19/jersey-guice-1.19.jar:/home/user/.m2/repository/com/fasterxml/jackson/jaxrs/jackson-jaxrs-json-provider/2.10.3/jackson-jaxrs-json-provider-2.10.3.jar:/home/user/.m2/repository/com/fasterxml/jackson/jaxrs/jackson-jaxrs-base/2.10.3/jackson-jaxrs-base-2.10.3.jar:/home/user/.m2/repository/org/apache/hadoop/hadoop-yarn-client/3.2.1/hadoop-yarn-client-3.2.1.jar:/home/user/.m2/repository/org/apache/hadoop/hadoop-mapreduce-client-core/3.2.1/hadoop-mapreduce-client-core-3.2.1.jar:/home/user/.m2/repository/org/apache/avro/avro/1.7.7/avro-1.7.7.jar:/home/user/.m2/repository/org/codehaus/jackson/jackson-core-asl/1.9.13/jackson-core-asl-1.9.13.jar:/home/user/.m2/repository/org/codehaus/jackson/jackson-mapper-asl/1.9.13/jackson-mapper-asl-1.9.13.jar:/home/user/.m2/repository/com/thoughtworks/paranamer/paranamer/2.3/paranamer-2.3.jar:/home/user/.m2/repository/org/xerial/snappy/snappy-java/1.0.5/snappy-java-1.0.5.jar:/home/user/.m2/repository/org/apache/hadoop/hadoop-annotations/3.2.1/hadoop-annotations-3.2.1.jar:/usr/lib/jvm/java-1.8.0-openjdk-1.8.0.232.b09-0.el7_7.x86_64/jre/../lib/tools.jar:/home/user/.m2/repository/org/apache/hadoop/hadoop-distcp/3.2.1/hadoop-distcp-3.2.1-tests.jar:"/>
    <property name="sun.cpu.endian" value="little"/>
    <property name="user.home" value="/home/user"/>
    <property name="user.language" value="en"/>
    <property name="java.specification.vendor" value="Oracle Corporation"/>
    <property name="java.home" value="/usr/lib/jvm/java-1.8.0-openjdk-1.8.0.232.b09-0.el7_7.x86_64/jre"/>
    <property name="java.security.krb5.conf" value="/github/workspace/mnt/ozone/hadoop-ozone/integration-test/target/test-classes/krb5.conf"/>
    <property name="basedir" value="/github/workspace/mnt/ozone/hadoop-ozone/integration-test"/>
    <property name="file.separator" value="/"/>
    <property name="line.separator" value="&#10;"/>
    <property name="java.vm.specification.vendor" value="Oracle Corporation"/>
    <property name="java.specification.name" value="Java Platform API Specification"/>
    <property name="java.awt.graphicsenv" value="sun.awt.X11GraphicsEnvironment"/>
    <property name="skip.installnpx" value="true"/>
    <property name="surefire.real.class.path" value="/github/workspace/mnt/ozone/hadoop-ozone/integration-test/target/surefire/surefirebooter1870920708437727324.jar:/home/user/.m2/repository/org/jacoco/org.jacoco.agent/0.8.5/org.jacoco.agent-0.8.5-runtime.jar"/>
    <property name="hadoop.log.dir" value="/github/workspace/mnt/ozone/hadoop-ozone/integration-test/target/log"/>
    <property name="sun.boot.class.path" value="/usr/lib/jvm/java-1.8.0-openjdk-1.8.0.232.b09-0.el7_7.x86_64/jre/lib/resources.jar:/usr/lib/jvm/java-1.8.0-openjdk-1.8.0.232.b09-0.el7_7.x86_64/jre/lib/rt.jar:/usr/lib/jvm/java-1.8.0-openjdk-1.8.0.232.b09-0.el7_7.x86_64/jre/lib/sunrsasign.jar:/usr/lib/jvm/java-1.8.0-openjdk-1.8.0.232.b09-0.el7_7.x86_64/jre/lib/jsse.jar:/usr/lib/jvm/java-1.8.0-openjdk-1.8.0.232.b09-0.el7_7.x86_64/jre/lib/jce.jar:/usr/lib/jvm/java-1.8.0-openjdk-1.8.0.232.b09-0.el7_7.x86_64/jre/lib/charsets.jar:/usr/lib/jvm/java-1.8.0-openjdk-1.8.0.232.b09-0.el7_7.x86_64/jre/lib/jfr.jar:/usr/lib/jvm/java-1.8.0-openjdk-1.8.0.232.b09-0.el7_7.x86_64/jre/classes"/>
    <property name="sun.management.compiler" value="HotSpot 64-Bit Tiered Compilers"/>
    <property name="skip.npx" value="true"/>
    <property name="java.runtime.version" value="1.8.0_232-b09"/>
    <property name="java.net.preferIPv4Stack" value="true"/>
    <property name="user.name" value="jenkins1001"/>
    <property name="path.separator" value=":"/>
    <property name="java.security.egd" value="file:///dev/urandom"/>
    <property name="os.version" value="5.4.0-1031-azure"/>
    <property name="java.endorsed.dirs" value="/usr/lib/jvm/java-1.8.0-openjdk-1.8.0.232.b09-0.el7_7.x86_64/jre/lib/endorsed"/>
    <property name="java.runtime.name" value="OpenJDK Runtime Environment"/>
    <property name="file.encoding" value="ANSI_X3.4-1968"/>
    <property name="java.vm.name" value="OpenJDK 64-Bit Server VM"/>
    <property name="test.build.webapps" value=""/>
    <property name="localRepository" value="/home/user/.m2/repository"/>
    <property name="java.vendor.url.bug" value="http://bugreport.sun.com/bugreport/"/>
    <property name="java.io.tmpdir" value="/tmp"/>
    <property name="require.test.libhadoop" value=""/>
    <property name="java.version" value="1.8.0_232"/>
    <property name="user.dir" value="/github/workspace/mnt/ozone/hadoop-ozone/integration-test"/>
    <property name="os.arch" value="amd64"/>
    <property name="java.vm.specification.name" value="Java Virtual Machine Specification"/>
    <property name="test.build.classes" value="/github/workspace/mnt/ozone/hadoop-ozone/integration-test/target/test-classes"/>
    <property name="java.awt.printerjob" value="sun.print.PSPrinterJob"/>
    <property name="sun.os.patch.level" value="unknown"/>
    <property name="hadoop.tmp.dir" value="/github/workspace/mnt/ozone/hadoop-ozone/integration-test/target/tmp"/>
    <property name="java.library.path" value="/usr/lib:/usr/java/packages/lib/amd64:/usr/lib64:/lib64:/lib:/usr/lib"/>
    <property name="java.vm.info" value="mixed mode"/>
    <property name="java.vendor" value="Oracle Corporation"/>
    <property name="java.vm.version" value="25.232-b09"/>
    <property name="java.ext.dirs" value="/usr/lib/jvm/java-1.8.0-openjdk-1.8.0.232.b09-0.el7_7.x86_64/jre/lib/ext:/usr/java/packages/lib/ext"/>
    <property name="sun.io.unicode.encoding" value="UnicodeLittle"/>
    <property name="java.class.version" value="52.0"/>
  </properties>
  <testcase name="testGroupMismatchExceptionHandling" classname="org.apache.hadoop.ozone.client.rpc.TestOzoneClientRetriesOnException" time="45.793"/>
  <testcase name="testMaxRetriesByOzoneClient" classname="org.apache.hadoop.ozone.client.rpc.TestOzoneClientRetriesOnException" time="36.568">
    <failure message="Expected exception not thrown" type="java.lang.AssertionError">java.lang.AssertionError: Expected exception not thrown
	at org.junit.Assert.fail(Assert.java:88)
	at org.apache.hadoop.ozone.client.rpc.TestOzoneClientRetriesOnException.testMaxRetriesByOzoneClient(TestOzoneClientRetriesOnException.java:235)
	at sun.reflect.NativeMethodAccessorImpl.invoke0(Native Method)
	at sun.reflect.NativeMethodAccessorImpl.invoke(NativeMethodAccessorImpl.java:62)
	at sun.reflect.DelegatingMethodAccessorImpl.invoke(DelegatingMethodAccessorImpl.java:43)
	at java.lang.reflect.Method.invoke(Method.java:498)
	at org.junit.runners.model.FrameworkMethod$1.runReflectiveCall(FrameworkMethod.java:47)
	at org.junit.internal.runners.model.ReflectiveCallable.run(ReflectiveCallable.java:12)
	at org.junit.runners.model.FrameworkMethod.invokeExplosively(FrameworkMethod.java:44)
	at org.junit.internal.runners.statements.InvokeMethod.evaluate(InvokeMethod.java:17)
	at org.junit.internal.runners.statements.RunBefores.evaluate(RunBefores.java:26)
	at org.junit.internal.runners.statements.RunAfters.evaluate(RunAfters.java:27)
	at org.junit.internal.runners.statements.FailOnTimeout$StatementThread.run(FailOnTimeout.java:74)
</failure>
    <system-out><![CDATA[2020-12-01 09:36:15,921 [Thread-368] WARN  server.ServerUtils (ServerUtils.java:getScmDbDir(148)) - ozone.scm.db.dirs is not configured. We recommend adding this setting. Falling back to ozone.metadata.dirs instead.
2020-12-01 09:36:15,922 [Thread-368] WARN  server.ServerUtils (ServerUtils.java:getScmDbDir(148)) - ozone.scm.db.dirs is not configured. We recommend adding this setting. Falling back to ozone.metadata.dirs instead.
2020-12-01 09:36:15,923 [Thread-368] WARN  db.DBStoreBuilder (DBStoreBuilder.java:applyDBDefinition(145)) - ozone.scm.db.dirs is not configured. We recommend adding this setting. Falling back to ozone.metadata.dirs instead.
2020-12-01 09:36:15,953 [Thread-368] INFO  net.NodeSchemaLoader (NodeSchemaLoader.java:loadSchemaFromFile(126)) - Loading file from sun.misc.CompoundEnumeration@61960479
2020-12-01 09:36:15,953 [Thread-368] INFO  net.NodeSchemaLoader (NodeSchemaLoader.java:loadSchema(172)) - Loading network topology layer schema file
2020-12-01 09:36:15,957 [Thread-368] WARN  server.ServerUtils (ServerUtils.java:sanitizeUserArgs(73)) - ozone.scm.stale.node.interval value = 300000 is larger than max = 100000 based on the key value of ozone.scm.heartbeat.thread.interval, reset to the max value 100000.
2020-12-01 09:36:15,957 [Thread-368] WARN  server.ServerUtils (ServerUtils.java:sanitizeUserArgs(73)) - ozone.scm.stale.node.interval value = 300000 is larger than max = 100000 based on the key value of ozone.scm.heartbeat.thread.interval, reset to the max value 100000.
2020-12-01 09:36:15,958 [Thread-368] INFO  node.SCMNodeManager (SCMNodeManager.java:<init>(120)) - Entering startup safe mode.
2020-12-01 09:36:15,959 [Thread-368] INFO  algorithms.ContainerPlacementPolicyFactory (ContainerPlacementPolicyFactory.java:getPolicy(60)) - Create container placement policy of type org.apache.hadoop.hdds.scm.container.placement.algorithms.SCMContainerPlacementRandom
2020-12-01 09:36:15,959 [Thread-368] INFO  algorithms.LeaderChoosePolicyFactory (LeaderChoosePolicyFactory.java:getPolicy(57)) - Create leader choose policy of type org.apache.hadoop.hdds.scm.pipeline.leader.choose.algorithms.DefaultLeaderChoosePolicy
2020-12-01 09:36:15,959 [Thread-368] INFO  pipeline.SCMPipelineManager (SCMPipelineManager.java:initializePipelineState(161)) - No pipeline exists in current db
2020-12-01 09:36:15,960 [Thread-368] INFO  algorithms.PipelineChoosePolicyFactory (PipelineChoosePolicyFactory.java:createPipelineChoosePolicyFromClass(75)) - Create pipeline choose policy of type org.apache.hadoop.hdds.scm.pipeline.choose.algorithms.RandomPipelineChoosePolicy
2020-12-01 09:36:15,963 [Thread-368] INFO  safemode.HealthyPipelineSafeModeRule (HealthyPipelineSafeModeRule.java:<init>(89)) - Total pipeline count is 0, healthy pipeline threshold count is 0
2020-12-01 09:36:15,964 [Thread-368] INFO  safemode.OneReplicaPipelineSafeModeRule (OneReplicaPipelineSafeModeRule.java:<init>(84)) - Total pipeline count is 0, pipeline's with at least one datanode reported threshold count is 0
2020-12-01 09:36:15,964 [Thread-368] INFO  ipc.CallQueueManager (CallQueueManager.java:<init>(84)) - Using callQueue: class java.util.concurrent.LinkedBlockingQueue, queueCapacity: 2000, scheduler: class org.apache.hadoop.ipc.DefaultRpcScheduler, ipcBackoff: false.
2020-12-01 09:36:15,965 [Socket Reader #1 for port 0] INFO  ipc.Server (Server.java:run(1219)) - Starting Socket Reader #1 for port 0
2020-12-01 09:36:15,966 [Listener at 0.0.0.0/44897] INFO  ipc.CallQueueManager (CallQueueManager.java:<init>(84)) - Using callQueue: class java.util.concurrent.LinkedBlockingQueue, queueCapacity: 2000, scheduler: class org.apache.hadoop.ipc.DefaultRpcScheduler, ipcBackoff: false.
2020-12-01 09:36:15,967 [Socket Reader #1 for port 0] INFO  ipc.Server (Server.java:run(1219)) - Starting Socket Reader #1 for port 0
2020-12-01 09:36:15,970 [Listener at 0.0.0.0/43909] INFO  ipc.CallQueueManager (CallQueueManager.java:<init>(84)) - Using callQueue: class java.util.concurrent.LinkedBlockingQueue, queueCapacity: 2000, scheduler: class org.apache.hadoop.ipc.DefaultRpcScheduler, ipcBackoff: false.
2020-12-01 09:36:15,971 [Socket Reader #1 for port 0] INFO  ipc.Server (Server.java:run(1219)) - Starting Socket Reader #1 for port 0
2020-12-01 09:36:15,979 [Listener at 0.0.0.0/45507] INFO  http.BaseHttpServer (BaseHttpServer.java:newHttpServer2BuilderForOzone(207)) - Starting Web-server for scm at: http://0.0.0.0:0
2020-12-01 09:36:15,979 [Listener at 0.0.0.0/45507] INFO  http.BaseHttpServer (BaseHttpServer.java:<init>(106)) - Hadoop Security Enabled: false Ozone Security Enabled: false Ozone HTTP Security Enabled: false 
2020-12-01 09:36:15,982 [Listener at 0.0.0.0/45507] INFO  server.AuthenticationFilter (AuthenticationFilter.java:constructSecretProvider(240)) - Unable to initialize FileSignerSecretProvider, falling back to use random secrets.
2020-12-01 09:36:15,983 [Listener at 0.0.0.0/45507] WARN  http.HttpRequestLog (HttpRequestLog.java:getRequestLog(103)) - Jetty request log can only be enabled using Log4j
2020-12-01 09:36:15,984 [Listener at 0.0.0.0/45507] INFO  http.HttpServer2 (HttpServer2.java:addGlobalFilter(1019)) - Added global filter 'safety' (class=org.apache.hadoop.hdds.server.http.HttpServer2$QuotingInputFilter)
2020-12-01 09:36:15,985 [Listener at 0.0.0.0/45507] INFO  http.HttpServer2 (HttpServer2.java:addFilter(995)) - Added filter static_user_filter (class=org.apache.hadoop.http.lib.StaticUserWebFilter$StaticUserFilter) to context scm
2020-12-01 09:36:15,985 [Listener at 0.0.0.0/45507] INFO  http.HttpServer2 (HttpServer2.java:addFilter(1003)) - Added filter static_user_filter (class=org.apache.hadoop.http.lib.StaticUserWebFilter$StaticUserFilter) to context static
2020-12-01 09:36:15,985 [Listener at 0.0.0.0/45507] INFO  http.HttpServer2 (HttpServer2.java:addFilter(1003)) - Added filter static_user_filter (class=org.apache.hadoop.http.lib.StaticUserWebFilter$StaticUserFilter) to context logs
2020-12-01 09:36:15,987 [Listener at 0.0.0.0/45507] INFO  server.StorageContainerManager (StorageContainerManager.java:start(780)) - StorageContainerLocationProtocol RPC server is listening at /0.0.0.0:45507
2020-12-01 09:36:15,989 [Listener at 0.0.0.0/45507] WARN  impl.MetricsConfig (MetricsConfig.java:loadFirst(134)) - Cannot locate configuration: tried hadoop-metrics2-storagecontainermanager.properties,hadoop-metrics2.properties
2020-12-01 09:36:15,989 [Listener at 0.0.0.0/45507] INFO  impl.MetricsSystemImpl (MetricsSystemImpl.java:startTimer(374)) - Scheduled Metric snapshot period at 10 second(s).
2020-12-01 09:36:15,989 [Listener at 0.0.0.0/45507] INFO  impl.MetricsSystemImpl (MetricsSystemImpl.java:start(191)) - StorageContainerManager metrics system started
2020-12-01 09:36:16,000 [Listener at 0.0.0.0/45507] WARN  impl.MetricsSystemImpl (MetricsSystemImpl.java:register(276)) - Sink prometheus already exists!
2020-12-01 09:36:16,019 [Listener at 0.0.0.0/45507] INFO  server.SCMClientProtocolServer (SCMClientProtocolServer.java:start(156)) - RPC server for Client  is listening at /0.0.0.0:45507
2020-12-01 09:36:16,019 [IPC Server Responder] INFO  ipc.Server (Server.java:run(1460)) - IPC Server Responder: starting
2020-12-01 09:36:16,020 [IPC Server listener on 0] INFO  ipc.Server (Server.java:run(1298)) - IPC Server listener on 0: starting
2020-12-01 09:36:16,022 [Listener at 0.0.0.0/45507] INFO  server.StorageContainerManager (StorageContainerManager.java:start(792)) - ScmBlockLocationProtocol RPC server is listening at /0.0.0.0:43909
2020-12-01 09:36:16,023 [Listener at 0.0.0.0/45507] INFO  server.SCMBlockProtocolServer (SCMBlockProtocolServer.java:start(150)) - RPC server for Block Protocol is listening at /0.0.0.0:43909
2020-12-01 09:36:16,026 [IPC Server Responder] INFO  ipc.Server (Server.java:run(1460)) - IPC Server Responder: starting
2020-12-01 09:36:16,028 [IPC Server listener on 0] INFO  ipc.Server (Server.java:run(1298)) - IPC Server listener on 0: starting
2020-12-01 09:36:16,031 [Listener at 0.0.0.0/45507] INFO  server.StorageContainerManager (StorageContainerManager.java:start(798)) - ScmDatanodeProtocl RPC server is listening at /0.0.0.0:44897
2020-12-01 09:36:16,032 [Listener at 0.0.0.0/45507] INFO  server.SCMDatanodeProtocolServer (SCMDatanodeProtocolServer.java:start(172)) - RPC server for DataNodes is listening at /0.0.0.0:44897
2020-12-01 09:36:16,034 [IPC Server Responder] INFO  ipc.Server (Server.java:run(1460)) - IPC Server Responder: starting
2020-12-01 09:36:16,035 [IPC Server listener on 0] INFO  ipc.Server (Server.java:run(1298)) - IPC Server listener on 0: starting
2020-12-01 09:36:16,040 [Listener at 0.0.0.0/45507] INFO  http.HttpServer2 (HttpServer2.java:bindListener(1237)) - Jetty bound to port 37787
2020-12-01 09:36:16,040 [Listener at 0.0.0.0/45507] INFO  server.Server (Server.java:doStart(375)) - jetty-9.4.34.v20201102; built: 2020-11-02T14:15:39.302Z; git: e46af88704a893fc12cb0e3bf46e2c7b48a009e7; jvm 1.8.0_232-b09
2020-12-01 09:36:16,042 [Listener at 0.0.0.0/45507] INFO  server.session (DefaultSessionIdManager.java:doStart(334)) - DefaultSessionIdManager workerName=node0
2020-12-01 09:36:16,042 [Listener at 0.0.0.0/45507] INFO  server.session (DefaultSessionIdManager.java:doStart(339)) - No SessionScavenger set, using defaults
2020-12-01 09:36:16,042 [Listener at 0.0.0.0/45507] INFO  server.session (HouseKeeper.java:startScavenging(132)) - node0 Scavenging every 660000ms
2020-12-01 09:36:16,043 [Listener at 0.0.0.0/45507] INFO  handler.ContextHandler (ContextHandler.java:doStart(916)) - Started o.e.j.s.ServletContextHandler@4feee204{logs,/logs,file:///github/workspace/mnt/ozone/hadoop-ozone/integration-test/target/log,AVAILABLE}
2020-12-01 09:36:16,043 [Listener at 0.0.0.0/45507] INFO  handler.ContextHandler (ContextHandler.java:doStart(916)) - Started o.e.j.s.ServletContextHandler@19302263{static,/static,file:///github/workspace/mnt/ozone/hadoop-ozone/integration-test/target/test-classes/webapps/static,AVAILABLE}
2020-12-01 09:36:16,054 [Listener at 0.0.0.0/45507] INFO  handler.ContextHandler (ContextHandler.java:doStart(916)) - Started o.e.j.w.WebAppContext@41dd52fb{scm,/,file:///github/workspace/mnt/ozone/hadoop-ozone/integration-test/target/test-classes/webapps/scm/,AVAILABLE}{file:/github/workspace/mnt/ozone/hadoop-ozone/integration-test/target/test-classes/webapps/scm}
2020-12-01 09:36:16,055 [Listener at 0.0.0.0/45507] INFO  server.AbstractConnector (AbstractConnector.java:doStart(331)) - Started ServerConnector@435c8547{HTTP/1.1, (http/1.1)}{0.0.0.0:37787}
2020-12-01 09:36:16,055 [Listener at 0.0.0.0/45507] INFO  server.Server (Server.java:doStart(415)) - Started @46807ms
2020-12-01 09:36:16,056 [Listener at 0.0.0.0/45507] WARN  impl.MetricsSystemImpl (MetricsSystemImpl.java:register(276)) - Sink prometheus already exists!
2020-12-01 09:36:16,060 [Listener at 0.0.0.0/45507] INFO  http.BaseHttpServer (BaseHttpServer.java:updateConnectorAddress(327)) - HTTP server of scm listening at http://0.0.0.0:37787
2020-12-01 09:36:16,060 [Listener at 0.0.0.0/45507] WARN  server.ServerUtils (ServerUtils.java:getDBPath(225)) - ozone.om.db.dirs is not configured. We recommend adding this setting. Falling back to ozone.metadata.dirs instead.
2020-12-01 09:36:16,060 [org.apache.hadoop.util.JvmPauseMonitor$Monitor@4115ad30] INFO  util.JvmPauseMonitor (JvmPauseMonitor.java:run(188)) - Starting JVM pause monitor
2020-12-01 09:36:16,062 [Listener at 0.0.0.0/45507] INFO  ha.OMHANodeDetails (OMHANodeDetails.java:loadOMHAConfig(104)) - ozone.om.internal.service.id is not defined, falling back to ozone.om.service.ids to find serviceID for OzoneManager if it is HA enabled cluster
2020-12-01 09:36:16,062 [Listener at 0.0.0.0/45507] INFO  ha.OMHANodeDetails (OMHANodeDetails.java:loadOMHAConfig(213)) - Configuration either no ozone.om.address set. Falling back to the default OM address /127.0.0.1:0
2020-12-01 09:36:16,062 [Listener at 0.0.0.0/45507] INFO  ha.OMHANodeDetails (OMHANodeDetails.java:getOMNodeDetails(241)) - OM Service ID is not set. Setting it to the default ID: omServiceIdDefault
2020-12-01 09:36:16,062 [Listener at 0.0.0.0/45507] WARN  server.ServerUtils (ServerUtils.java:getDBPath(225)) - ozone.om.db.dirs is not configured. We recommend adding this setting. Falling back to ozone.metadata.dirs instead.
2020-12-01 09:36:16,063 [Listener at 0.0.0.0/45507] WARN  server.ServerUtils (ServerUtils.java:getDBPath(225)) - ozone.om.db.dirs is not configured. We recommend adding this setting. Falling back to ozone.metadata.dirs instead.
2020-12-01 09:36:16,070 [Listener at 0.0.0.0/45507] WARN  server.ServerUtils (ServerUtils.java:getDBPath(225)) - ozone.om.db.dirs is not configured. We recommend adding this setting. Falling back to ozone.metadata.dirs instead.
2020-12-01 09:36:16,071 [Listener at 0.0.0.0/45507] INFO  codec.OmKeyInfoCodec (OmKeyInfoCodec.java:<init>(41)) - OmKeyInfoCodec ignorePipeline = true
2020-12-01 09:36:16,071 [Listener at 0.0.0.0/45507] INFO  codec.RepeatedOmKeyInfoCodec (RepeatedOmKeyInfoCodec.java:<init>(40)) - RepeatedOmKeyInfoCodec ignorePipeline = true
2020-12-01 09:36:16,129 [Listener at 0.0.0.0/45507] INFO  om.OzoneManager (OzoneManager.java:addS3GVolumeToDB(3737)) - Created Volume s3v With Owner jenkins1001 required for S3Gateway operations.
2020-12-01 09:36:16,135 [Listener at 0.0.0.0/45507] INFO  ipc.CallQueueManager (CallQueueManager.java:<init>(84)) - Using callQueue: class java.util.concurrent.LinkedBlockingQueue, queueCapacity: 2000, scheduler: class org.apache.hadoop.ipc.DefaultRpcScheduler, ipcBackoff: false.
2020-12-01 09:36:16,135 [Socket Reader #1 for port 0] INFO  ipc.Server (Server.java:run(1219)) - Starting Socket Reader #1 for port 0
2020-12-01 09:36:16,150 [Listener at 127.0.0.1/32799] INFO  impl.MetricsSystemImpl (MetricsSystemImpl.java:init(158)) - OzoneManager metrics system started (again)
2020-12-01 09:36:16,150 [Listener at 127.0.0.1/32799] INFO  om.OzoneManager (OzoneManager.java:start(1145)) - OzoneManager RPC server is listening at localhost/127.0.0.1:32799
2020-12-01 09:36:16,154 [Listener at 127.0.0.1/32799] INFO  http.BaseHttpServer (BaseHttpServer.java:newHttpServer2BuilderForOzone(207)) - Starting Web-server for ozoneManager at: http://0.0.0.0:0
2020-12-01 09:36:16,155 [Listener at 127.0.0.1/32799] INFO  http.BaseHttpServer (BaseHttpServer.java:<init>(106)) - Hadoop Security Enabled: false Ozone Security Enabled: false Ozone HTTP Security Enabled: false 
2020-12-01 09:36:16,156 [Listener at 127.0.0.1/32799] INFO  server.AuthenticationFilter (AuthenticationFilter.java:constructSecretProvider(240)) - Unable to initialize FileSignerSecretProvider, falling back to use random secrets.
2020-12-01 09:36:16,156 [Listener at 127.0.0.1/32799] WARN  http.HttpRequestLog (HttpRequestLog.java:getRequestLog(103)) - Jetty request log can only be enabled using Log4j
2020-12-01 09:36:16,157 [Listener at 127.0.0.1/32799] INFO  http.HttpServer2 (HttpServer2.java:addGlobalFilter(1019)) - Added global filter 'safety' (class=org.apache.hadoop.hdds.server.http.HttpServer2$QuotingInputFilter)
2020-12-01 09:36:16,158 [Listener at 127.0.0.1/32799] INFO  http.HttpServer2 (HttpServer2.java:addFilter(995)) - Added filter static_user_filter (class=org.apache.hadoop.http.lib.StaticUserWebFilter$StaticUserFilter) to context ozoneManager
2020-12-01 09:36:16,158 [Listener at 127.0.0.1/32799] INFO  http.HttpServer2 (HttpServer2.java:addFilter(1003)) - Added filter static_user_filter (class=org.apache.hadoop.http.lib.StaticUserWebFilter$StaticUserFilter) to context static
2020-12-01 09:36:16,158 [Listener at 127.0.0.1/32799] INFO  http.HttpServer2 (HttpServer2.java:addFilter(1003)) - Added filter static_user_filter (class=org.apache.hadoop.http.lib.StaticUserWebFilter$StaticUserFilter) to context logs
2020-12-01 09:36:16,158 [Listener at 127.0.0.1/32799] INFO  http.HttpServer2 (HttpServer2.java:bindListener(1237)) - Jetty bound to port 39117
2020-12-01 09:36:16,159 [Listener at 127.0.0.1/32799] INFO  server.Server (Server.java:doStart(375)) - jetty-9.4.34.v20201102; built: 2020-11-02T14:15:39.302Z; git: e46af88704a893fc12cb0e3bf46e2c7b48a009e7; jvm 1.8.0_232-b09
2020-12-01 09:36:16,160 [Listener at 127.0.0.1/32799] INFO  server.session (DefaultSessionIdManager.java:doStart(334)) - DefaultSessionIdManager workerName=node0
2020-12-01 09:36:16,160 [Listener at 127.0.0.1/32799] INFO  server.session (DefaultSessionIdManager.java:doStart(339)) - No SessionScavenger set, using defaults
2020-12-01 09:36:16,160 [Listener at 127.0.0.1/32799] INFO  server.session (HouseKeeper.java:startScavenging(132)) - node0 Scavenging every 660000ms
2020-12-01 09:36:16,161 [Listener at 127.0.0.1/32799] INFO  handler.ContextHandler (ContextHandler.java:doStart(916)) - Started o.e.j.s.ServletContextHandler@5406cc0f{logs,/logs,file:///github/workspace/mnt/ozone/hadoop-ozone/integration-test/target/log,AVAILABLE}
2020-12-01 09:36:16,161 [Listener at 127.0.0.1/32799] INFO  handler.ContextHandler (ContextHandler.java:doStart(916)) - Started o.e.j.s.ServletContextHandler@36f2ada4{static,/static,file:///github/workspace/mnt/ozone/hadoop-ozone/integration-test/target/test-classes/webapps/static,AVAILABLE}
2020-12-01 09:36:16,164 [Listener at 127.0.0.1/32799] INFO  handler.ContextHandler (ContextHandler.java:doStart(916)) - Started o.e.j.w.WebAppContext@77014dba{ozoneManager,/,file:///github/workspace/mnt/ozone/hadoop-ozone/integration-test/target/test-classes/webapps/ozoneManager/,AVAILABLE}{file:/github/workspace/mnt/ozone/hadoop-ozone/integration-test/target/test-classes/webapps/ozoneManager}
2020-12-01 09:36:16,165 [Listener at 127.0.0.1/32799] INFO  server.AbstractConnector (AbstractConnector.java:doStart(331)) - Started ServerConnector@85fe10d{HTTP/1.1, (http/1.1)}{0.0.0.0:39117}
2020-12-01 09:36:16,165 [Listener at 127.0.0.1/32799] INFO  server.Server (Server.java:doStart(415)) - Started @46916ms
2020-12-01 09:36:16,165 [Listener at 127.0.0.1/32799] WARN  impl.MetricsSystemImpl (MetricsSystemImpl.java:register(276)) - Sink prometheus already exists!
2020-12-01 09:36:16,168 [Listener at 127.0.0.1/32799] INFO  http.BaseHttpServer (BaseHttpServer.java:updateConnectorAddress(327)) - HTTP server of ozoneManager listening at http://0.0.0.0:39117
2020-12-01 09:36:16,169 [IPC Server Responder] INFO  ipc.Server (Server.java:run(1460)) - IPC Server Responder: starting
2020-12-01 09:36:16,169 [IPC Server listener on 0] INFO  ipc.Server (Server.java:run(1298)) - IPC Server listener on 0: starting
2020-12-01 09:36:16,173 [Listener at 127.0.0.1/32799] INFO  om.OzoneManager (OzoneManager.java:startTrashEmptier(1270)) - Trash Interval set to 0. Files deleted will not move to trash
2020-12-01 09:36:16,181 [org.apache.hadoop.util.JvmPauseMonitor$Monitor@56ba6490] INFO  util.JvmPauseMonitor (JvmPauseMonitor.java:run(188)) - Starting JVM pause monitor
2020-12-01 09:36:16,202 [Listener at 127.0.0.1/32799] INFO  impl.MetricsSystemImpl (MetricsSystemImpl.java:init(158)) - HddsDatanode metrics system started (again)
2020-12-01 09:36:16,204 [Listener at 127.0.0.1/32799] INFO  ozone.HddsDatanodeService (HddsDatanodeService.java:start(217)) - HddsDatanodeService host:d8c3efac84dc ip:172.17.0.2
2020-12-01 09:36:16,205 [Listener at 127.0.0.1/32799] INFO  volume.HddsVolume (HddsVolume.java:<init>(176)) - Creating Volume: /github/workspace/mnt/ozone/hadoop-ozone/integration-test/target/test-dir/MiniOzoneClusterImpl-8d4a4fce-edf6-4f04-8cc5-f8d714c00e47/datanode-0/data-0/containers/hdds of storage type : DISK and capacity : 9223372036854775807
2020-12-01 09:36:16,205 [Listener at 127.0.0.1/32799] INFO  volume.MutableVolumeSet (MutableVolumeSet.java:initializeVolumeSet(179)) - Added Volume : /github/workspace/mnt/ozone/hadoop-ozone/integration-test/target/test-dir/MiniOzoneClusterImpl-8d4a4fce-edf6-4f04-8cc5-f8d714c00e47/datanode-0/data-0/containers/hdds to VolumeSet
2020-12-01 09:36:16,205 [Listener at 127.0.0.1/32799] INFO  volume.ThrottledAsyncChecker (ThrottledAsyncChecker.java:schedule(141)) - Scheduling a check for /github/workspace/mnt/ozone/hadoop-ozone/integration-test/target/test-dir/MiniOzoneClusterImpl-8d4a4fce-edf6-4f04-8cc5-f8d714c00e47/datanode-0/data-0/containers/hdds
2020-12-01 09:36:16,206 [Listener at 127.0.0.1/32799] INFO  volume.HddsVolumeChecker (HddsVolumeChecker.java:checkAllVolumes(200)) - Scheduled health check for volume /github/workspace/mnt/ozone/hadoop-ozone/integration-test/target/test-dir/MiniOzoneClusterImpl-8d4a4fce-edf6-4f04-8cc5-f8d714c00e47/datanode-0/data-0/containers/hdds
2020-12-01 09:36:16,219 [Thread-491] INFO  ozoneimpl.ContainerReader (ContainerReader.java:readVolume(123)) - Start to verify containers on volume /github/workspace/mnt/ozone/hadoop-ozone/integration-test/target/test-dir/MiniOzoneClusterImpl-8d4a4fce-edf6-4f04-8cc5-f8d714c00e47/datanode-0/data-0/containers/hdds
2020-12-01 09:36:16,219 [Thread-491] INFO  ozoneimpl.ContainerReader (ContainerReader.java:readVolume(148)) - Finish verifying containers on volume /github/workspace/mnt/ozone/hadoop-ozone/integration-test/target/test-dir/MiniOzoneClusterImpl-8d4a4fce-edf6-4f04-8cc5-f8d714c00e47/datanode-0/data-0/containers/hdds
2020-12-01 09:36:16,219 [Listener at 127.0.0.1/32799] INFO  ozoneimpl.OzoneContainer (OzoneContainer.java:buildContainerSet(194)) - Build ContainerSet costs 0s
2020-12-01 09:36:16,220 [Listener at 127.0.0.1/32799] INFO  impl.RaftServerProxy (ConfUtils.java:logGet(44)) - raft.rpc.type = GRPC (default)
2020-12-01 09:36:16,221 [Listener at 127.0.0.1/32799] INFO  grpc.GrpcFactory (GrpcFactory.java:checkPooledByteBufAllocatorUseCacheForAllThreads(45)) - PERFORMANCE WARNING: useCacheForAllThreads is true that may cause Netty to create a lot garbage objects and, as a result, trigger GC.
	It is recommended to disable useCacheForAllThreads by setting -Dorg.apache.ratis.thirdparty.io.netty.allocator.useCacheForAllThreads=false in command line.
2020-12-01 09:36:16,221 [Listener at 127.0.0.1/32799] INFO  grpc.GrpcConfigKeys (ConfUtils.java:logGet(44)) - raft.grpc.server.port = 0 (default)
2020-12-01 09:36:16,221 [Listener at 127.0.0.1/32799] INFO  server.GrpcService (ConfUtils.java:logGet(44)) - raft.grpc.message.size.max = 32MB (=33554432) (custom)
2020-12-01 09:36:16,221 [Listener at 127.0.0.1/32799] INFO  server.RaftServerConfigKeys (ConfUtils.java:logGet(44)) - raft.server.log.appender.buffer.byte-limit = 33554432 (custom)
2020-12-01 09:36:16,221 [Listener at 127.0.0.1/32799] INFO  server.GrpcService (ConfUtils.java:logGet(44)) - raft.grpc.flow.control.window = 5MB (=5242880) (custom)
2020-12-01 09:36:16,221 [Listener at 127.0.0.1/32799] INFO  server.RaftServerConfigKeys (ConfUtils.java:logGet(44)) - raft.server.rpc.request.timeout = 60s (custom)
2020-12-01 09:36:16,222 [Listener at 127.0.0.1/32799] INFO  impl.DataStreamServerImpl (ConfUtils.java:logGet(44)) - raft.datastream.type = DISABLED (default)
2020-12-01 09:36:16,222 [Listener at 127.0.0.1/32799] INFO  server.RaftServerConfigKeys (ConfUtils.java:logGet(44)) - raft.server.storage.dir = [/github/workspace/mnt/ozone/hadoop-ozone/integration-test/target/test-dir/MiniOzoneClusterImpl-8d4a4fce-edf6-4f04-8cc5-f8d714c00e47/datanode-0/data/ratis] (custom)
2020-12-01 09:36:16,227 [Listener at 127.0.0.1/32799] INFO  http.BaseHttpServer (BaseHttpServer.java:newHttpServer2BuilderForOzone(207)) - Starting Web-server for hddsDatanode at: http://0.0.0.0:0
2020-12-01 09:36:16,228 [Listener at 127.0.0.1/32799] INFO  http.BaseHttpServer (BaseHttpServer.java:<init>(106)) - Hadoop Security Enabled: false Ozone Security Enabled: false Ozone HTTP Security Enabled: false 
2020-12-01 09:36:16,229 [Listener at 127.0.0.1/32799] INFO  server.AuthenticationFilter (AuthenticationFilter.java:constructSecretProvider(240)) - Unable to initialize FileSignerSecretProvider, falling back to use random secrets.
2020-12-01 09:36:16,229 [Listener at 127.0.0.1/32799] WARN  http.HttpRequestLog (HttpRequestLog.java:getRequestLog(103)) - Jetty request log can only be enabled using Log4j
2020-12-01 09:36:16,230 [Listener at 127.0.0.1/32799] INFO  http.HttpServer2 (HttpServer2.java:addGlobalFilter(1019)) - Added global filter 'safety' (class=org.apache.hadoop.hdds.server.http.HttpServer2$QuotingInputFilter)
2020-12-01 09:36:16,230 [Listener at 127.0.0.1/32799] INFO  http.HttpServer2 (HttpServer2.java:addFilter(995)) - Added filter static_user_filter (class=org.apache.hadoop.http.lib.StaticUserWebFilter$StaticUserFilter) to context hddsDatanode
2020-12-01 09:36:16,230 [Listener at 127.0.0.1/32799] INFO  http.HttpServer2 (HttpServer2.java:addFilter(1003)) - Added filter static_user_filter (class=org.apache.hadoop.http.lib.StaticUserWebFilter$StaticUserFilter) to context static
2020-12-01 09:36:16,230 [Listener at 127.0.0.1/32799] INFO  http.HttpServer2 (HttpServer2.java:addFilter(1003)) - Added filter static_user_filter (class=org.apache.hadoop.http.lib.StaticUserWebFilter$StaticUserFilter) to context logs
2020-12-01 09:36:16,231 [Listener at 127.0.0.1/32799] INFO  http.HttpServer2 (HttpServer2.java:bindListener(1237)) - Jetty bound to port 42703
2020-12-01 09:36:16,231 [Listener at 127.0.0.1/32799] INFO  server.Server (Server.java:doStart(375)) - jetty-9.4.34.v20201102; built: 2020-11-02T14:15:39.302Z; git: e46af88704a893fc12cb0e3bf46e2c7b48a009e7; jvm 1.8.0_232-b09
2020-12-01 09:36:16,232 [Listener at 127.0.0.1/32799] INFO  server.session (DefaultSessionIdManager.java:doStart(334)) - DefaultSessionIdManager workerName=node0
2020-12-01 09:36:16,232 [Listener at 127.0.0.1/32799] INFO  server.session (DefaultSessionIdManager.java:doStart(339)) - No SessionScavenger set, using defaults
2020-12-01 09:36:16,232 [Listener at 127.0.0.1/32799] INFO  server.session (HouseKeeper.java:startScavenging(132)) - node0 Scavenging every 660000ms
2020-12-01 09:36:16,233 [Listener at 127.0.0.1/32799] INFO  handler.ContextHandler (ContextHandler.java:doStart(916)) - Started o.e.j.s.ServletContextHandler@3a537219{logs,/logs,file:///github/workspace/mnt/ozone/hadoop-ozone/integration-test/target/log,AVAILABLE}
2020-12-01 09:36:16,233 [Listener at 127.0.0.1/32799] INFO  handler.ContextHandler (ContextHandler.java:doStart(916)) - Started o.e.j.s.ServletContextHandler@63576846{static,/static,jar:file:/home/user/.m2/repository/org/apache/hadoop/hadoop-hdds-container-service/1.1.0-SNAPSHOT/hadoop-hdds-container-service-1.1.0-SNAPSHOT.jar!/webapps/static,AVAILABLE}
2020-12-01 09:36:16,375 [Listener at 127.0.0.1/32799] INFO  handler.ContextHandler (ContextHandler.java:doStart(916)) - Started o.e.j.w.WebAppContext@7346bd83{hddsDatanode,/,file:///tmp/jetty-0_0_0_0-42703-hadoop-hdds-container-service-1_1_0-SNAPSHOT_jar-_-any-4929843437117672278/webapp/,AVAILABLE}{jar:file:/home/user/.m2/repository/org/apache/hadoop/hadoop-hdds-container-service/1.1.0-SNAPSHOT/hadoop-hdds-container-service-1.1.0-SNAPSHOT.jar!/webapps/hddsDatanode}
2020-12-01 09:36:16,376 [Listener at 127.0.0.1/32799] INFO  server.AbstractConnector (AbstractConnector.java:doStart(331)) - Started ServerConnector@3bdca259{HTTP/1.1, (http/1.1)}{0.0.0.0:42703}
2020-12-01 09:36:16,377 [Listener at 127.0.0.1/32799] INFO  server.Server (Server.java:doStart(415)) - Started @47128ms
2020-12-01 09:36:16,377 [Listener at 127.0.0.1/32799] WARN  impl.MetricsSystemImpl (MetricsSystemImpl.java:register(276)) - Sink prometheus already exists!
2020-12-01 09:36:16,381 [Listener at 127.0.0.1/32799] INFO  http.BaseHttpServer (BaseHttpServer.java:updateConnectorAddress(327)) - HTTP server of hddsDatanode listening at http://0.0.0.0:42703
2020-12-01 09:36:16,382 [Listener at 127.0.0.1/32799] INFO  impl.MetricsSystemImpl (MetricsSystemImpl.java:init(158)) - HddsDatanode metrics system started (again)
2020-12-01 09:36:16,384 [org.apache.hadoop.util.JvmPauseMonitor$Monitor@34e82fd9] INFO  util.JvmPauseMonitor (JvmPauseMonitor.java:run(188)) - Starting JVM pause monitor
2020-12-01 09:36:16,384 [Listener at 127.0.0.1/32799] INFO  ozone.HddsDatanodeService (HddsDatanodeService.java:start(217)) - HddsDatanodeService host:d8c3efac84dc ip:172.17.0.2
2020-12-01 09:36:16,386 [Listener at 127.0.0.1/32799] INFO  volume.HddsVolume (HddsVolume.java:<init>(176)) - Creating Volume: /github/workspace/mnt/ozone/hadoop-ozone/integration-test/target/test-dir/MiniOzoneClusterImpl-8d4a4fce-edf6-4f04-8cc5-f8d714c00e47/datanode-1/data-0/containers/hdds of storage type : DISK and capacity : 9223372036854775807
2020-12-01 09:36:16,386 [Listener at 127.0.0.1/32799] INFO  volume.MutableVolumeSet (MutableVolumeSet.java:initializeVolumeSet(179)) - Added Volume : /github/workspace/mnt/ozone/hadoop-ozone/integration-test/target/test-dir/MiniOzoneClusterImpl-8d4a4fce-edf6-4f04-8cc5-f8d714c00e47/datanode-1/data-0/containers/hdds to VolumeSet
2020-12-01 09:36:16,386 [Listener at 127.0.0.1/32799] INFO  volume.ThrottledAsyncChecker (ThrottledAsyncChecker.java:schedule(141)) - Scheduling a check for /github/workspace/mnt/ozone/hadoop-ozone/integration-test/target/test-dir/MiniOzoneClusterImpl-8d4a4fce-edf6-4f04-8cc5-f8d714c00e47/datanode-1/data-0/containers/hdds
2020-12-01 09:36:16,387 [Listener at 127.0.0.1/32799] INFO  volume.HddsVolumeChecker (HddsVolumeChecker.java:checkAllVolumes(200)) - Scheduled health check for volume /github/workspace/mnt/ozone/hadoop-ozone/integration-test/target/test-dir/MiniOzoneClusterImpl-8d4a4fce-edf6-4f04-8cc5-f8d714c00e47/datanode-1/data-0/containers/hdds
2020-12-01 09:36:16,387 [Datanode State Machine Task Thread - 0] INFO  datanode.InitDatanodeState (InitDatanodeState.java:persistContainerDatanodeDetails(145)) - DatanodeDetails is persisted to /github/workspace/mnt/ozone/hadoop-ozone/integration-test/target/test-dir/MiniOzoneClusterImpl-8d4a4fce-edf6-4f04-8cc5-f8d714c00e47/datanode-0/meta/datanode.id
2020-12-01 09:36:16,400 [Thread-502] INFO  ozoneimpl.ContainerReader (ContainerReader.java:readVolume(123)) - Start to verify containers on volume /github/workspace/mnt/ozone/hadoop-ozone/integration-test/target/test-dir/MiniOzoneClusterImpl-8d4a4fce-edf6-4f04-8cc5-f8d714c00e47/datanode-1/data-0/containers/hdds
2020-12-01 09:36:16,400 [Thread-502] INFO  ozoneimpl.ContainerReader (ContainerReader.java:readVolume(148)) - Finish verifying containers on volume /github/workspace/mnt/ozone/hadoop-ozone/integration-test/target/test-dir/MiniOzoneClusterImpl-8d4a4fce-edf6-4f04-8cc5-f8d714c00e47/datanode-1/data-0/containers/hdds
2020-12-01 09:36:16,401 [Listener at 127.0.0.1/32799] INFO  ozoneimpl.OzoneContainer (OzoneContainer.java:buildContainerSet(194)) - Build ContainerSet costs 0s
2020-12-01 09:36:16,402 [Listener at 127.0.0.1/32799] INFO  impl.RaftServerProxy (ConfUtils.java:logGet(44)) - raft.rpc.type = GRPC (default)
2020-12-01 09:36:16,402 [Listener at 127.0.0.1/32799] INFO  grpc.GrpcFactory (GrpcFactory.java:checkPooledByteBufAllocatorUseCacheForAllThreads(45)) - PERFORMANCE WARNING: useCacheForAllThreads is true that may cause Netty to create a lot garbage objects and, as a result, trigger GC.
	It is recommended to disable useCacheForAllThreads by setting -Dorg.apache.ratis.thirdparty.io.netty.allocator.useCacheForAllThreads=false in command line.
2020-12-01 09:36:16,402 [Listener at 127.0.0.1/32799] INFO  grpc.GrpcConfigKeys (ConfUtils.java:logGet(44)) - raft.grpc.server.port = 0 (default)
2020-12-01 09:36:16,403 [Listener at 127.0.0.1/32799] INFO  server.GrpcService (ConfUtils.java:logGet(44)) - raft.grpc.message.size.max = 32MB (=33554432) (custom)
2020-12-01 09:36:16,403 [Listener at 127.0.0.1/32799] INFO  server.RaftServerConfigKeys (ConfUtils.java:logGet(44)) - raft.server.log.appender.buffer.byte-limit = 33554432 (custom)
2020-12-01 09:36:16,403 [Listener at 127.0.0.1/32799] INFO  server.GrpcService (ConfUtils.java:logGet(44)) - raft.grpc.flow.control.window = 5MB (=5242880) (custom)
2020-12-01 09:36:16,403 [Listener at 127.0.0.1/32799] INFO  server.RaftServerConfigKeys (ConfUtils.java:logGet(44)) - raft.server.rpc.request.timeout = 60s (custom)
2020-12-01 09:36:16,404 [Listener at 127.0.0.1/32799] INFO  impl.DataStreamServerImpl (ConfUtils.java:logGet(44)) - raft.datastream.type = DISABLED (default)
2020-12-01 09:36:16,404 [Listener at 127.0.0.1/32799] INFO  server.RaftServerConfigKeys (ConfUtils.java:logGet(44)) - raft.server.storage.dir = [/github/workspace/mnt/ozone/hadoop-ozone/integration-test/target/test-dir/MiniOzoneClusterImpl-8d4a4fce-edf6-4f04-8cc5-f8d714c00e47/datanode-1/data/ratis] (custom)
2020-12-01 09:36:16,410 [Listener at 127.0.0.1/32799] INFO  http.BaseHttpServer (BaseHttpServer.java:newHttpServer2BuilderForOzone(207)) - Starting Web-server for hddsDatanode at: http://0.0.0.0:0
2020-12-01 09:36:16,410 [Listener at 127.0.0.1/32799] INFO  http.BaseHttpServer (BaseHttpServer.java:<init>(106)) - Hadoop Security Enabled: false Ozone Security Enabled: false Ozone HTTP Security Enabled: false 
2020-12-01 09:36:16,411 [Listener at 127.0.0.1/32799] INFO  server.AuthenticationFilter (AuthenticationFilter.java:constructSecretProvider(240)) - Unable to initialize FileSignerSecretProvider, falling back to use random secrets.
2020-12-01 09:36:16,411 [Listener at 127.0.0.1/32799] WARN  http.HttpRequestLog (HttpRequestLog.java:getRequestLog(103)) - Jetty request log can only be enabled using Log4j
2020-12-01 09:36:16,412 [Listener at 127.0.0.1/32799] INFO  http.HttpServer2 (HttpServer2.java:addGlobalFilter(1019)) - Added global filter 'safety' (class=org.apache.hadoop.hdds.server.http.HttpServer2$QuotingInputFilter)
2020-12-01 09:36:16,413 [Listener at 127.0.0.1/32799] INFO  http.HttpServer2 (HttpServer2.java:addFilter(995)) - Added filter static_user_filter (class=org.apache.hadoop.http.lib.StaticUserWebFilter$StaticUserFilter) to context hddsDatanode
2020-12-01 09:36:16,413 [Listener at 127.0.0.1/32799] INFO  http.HttpServer2 (HttpServer2.java:addFilter(1003)) - Added filter static_user_filter (class=org.apache.hadoop.http.lib.StaticUserWebFilter$StaticUserFilter) to context logs
2020-12-01 09:36:16,413 [Listener at 127.0.0.1/32799] INFO  http.HttpServer2 (HttpServer2.java:addFilter(1003)) - Added filter static_user_filter (class=org.apache.hadoop.http.lib.StaticUserWebFilter$StaticUserFilter) to context static
2020-12-01 09:36:16,413 [Listener at 127.0.0.1/32799] INFO  http.HttpServer2 (HttpServer2.java:bindListener(1237)) - Jetty bound to port 45797
2020-12-01 09:36:16,413 [Listener at 127.0.0.1/32799] INFO  server.Server (Server.java:doStart(375)) - jetty-9.4.34.v20201102; built: 2020-11-02T14:15:39.302Z; git: e46af88704a893fc12cb0e3bf46e2c7b48a009e7; jvm 1.8.0_232-b09
2020-12-01 09:36:16,415 [Listener at 127.0.0.1/32799] INFO  server.session (DefaultSessionIdManager.java:doStart(334)) - DefaultSessionIdManager workerName=node0
2020-12-01 09:36:16,415 [Listener at 127.0.0.1/32799] INFO  server.session (DefaultSessionIdManager.java:doStart(339)) - No SessionScavenger set, using defaults
2020-12-01 09:36:16,415 [Listener at 127.0.0.1/32799] INFO  server.session (HouseKeeper.java:startScavenging(132)) - node0 Scavenging every 600000ms
2020-12-01 09:36:16,416 [Listener at 127.0.0.1/32799] INFO  handler.ContextHandler (ContextHandler.java:doStart(916)) - Started o.e.j.s.ServletContextHandler@69a93625{logs,/logs,file:///github/workspace/mnt/ozone/hadoop-ozone/integration-test/target/log,AVAILABLE}
2020-12-01 09:36:16,416 [Listener at 127.0.0.1/32799] INFO  handler.ContextHandler (ContextHandler.java:doStart(916)) - Started o.e.j.s.ServletContextHandler@701d31b1{static,/static,jar:file:/home/user/.m2/repository/org/apache/hadoop/hadoop-hdds-container-service/1.1.0-SNAPSHOT/hadoop-hdds-container-service-1.1.0-SNAPSHOT.jar!/webapps/static,AVAILABLE}
2020-12-01 09:36:16,565 [Listener at 127.0.0.1/32799] INFO  handler.ContextHandler (ContextHandler.java:doStart(916)) - Started o.e.j.w.WebAppContext@27ce5d71{hddsDatanode,/,file:///tmp/jetty-0_0_0_0-45797-hadoop-hdds-container-service-1_1_0-SNAPSHOT_jar-_-any-1262021104708241643/webapp/,AVAILABLE}{jar:file:/home/user/.m2/repository/org/apache/hadoop/hadoop-hdds-container-service/1.1.0-SNAPSHOT/hadoop-hdds-container-service-1.1.0-SNAPSHOT.jar!/webapps/hddsDatanode}
2020-12-01 09:36:16,566 [Listener at 127.0.0.1/32799] INFO  server.AbstractConnector (AbstractConnector.java:doStart(331)) - Started ServerConnector@2224a155{HTTP/1.1, (http/1.1)}{0.0.0.0:45797}
2020-12-01 09:36:16,570 [Listener at 127.0.0.1/32799] INFO  server.Server (Server.java:doStart(415)) - Started @47321ms
2020-12-01 09:36:16,570 [Listener at 127.0.0.1/32799] WARN  impl.MetricsSystemImpl (MetricsSystemImpl.java:register(276)) - Sink prometheus already exists!
2020-12-01 09:36:16,574 [Listener at 127.0.0.1/32799] INFO  http.BaseHttpServer (BaseHttpServer.java:updateConnectorAddress(327)) - HTTP server of hddsDatanode listening at http://0.0.0.0:45797
2020-12-01 09:36:16,574 [Listener at 127.0.0.1/32799] INFO  impl.MetricsSystemImpl (MetricsSystemImpl.java:init(158)) - HddsDatanode metrics system started (again)
2020-12-01 09:36:16,575 [Listener at 127.0.0.1/32799] INFO  ozone.HddsDatanodeService (HddsDatanodeService.java:start(217)) - HddsDatanodeService host:d8c3efac84dc ip:172.17.0.2
2020-12-01 09:36:16,577 [Listener at 127.0.0.1/32799] INFO  volume.HddsVolume (HddsVolume.java:<init>(176)) - Creating Volume: /github/workspace/mnt/ozone/hadoop-ozone/integration-test/target/test-dir/MiniOzoneClusterImpl-8d4a4fce-edf6-4f04-8cc5-f8d714c00e47/datanode-2/data-0/containers/hdds of storage type : DISK and capacity : 9223372036854775807
2020-12-01 09:36:16,579 [Listener at 127.0.0.1/32799] INFO  volume.MutableVolumeSet (MutableVolumeSet.java:initializeVolumeSet(179)) - Added Volume : /github/workspace/mnt/ozone/hadoop-ozone/integration-test/target/test-dir/MiniOzoneClusterImpl-8d4a4fce-edf6-4f04-8cc5-f8d714c00e47/datanode-2/data-0/containers/hdds to VolumeSet
2020-12-01 09:36:16,579 [Listener at 127.0.0.1/32799] INFO  volume.ThrottledAsyncChecker (ThrottledAsyncChecker.java:schedule(141)) - Scheduling a check for /github/workspace/mnt/ozone/hadoop-ozone/integration-test/target/test-dir/MiniOzoneClusterImpl-8d4a4fce-edf6-4f04-8cc5-f8d714c00e47/datanode-2/data-0/containers/hdds
2020-12-01 09:36:16,580 [Listener at 127.0.0.1/32799] INFO  volume.HddsVolumeChecker (HddsVolumeChecker.java:checkAllVolumes(200)) - Scheduled health check for volume /github/workspace/mnt/ozone/hadoop-ozone/integration-test/target/test-dir/MiniOzoneClusterImpl-8d4a4fce-edf6-4f04-8cc5-f8d714c00e47/datanode-2/data-0/containers/hdds
2020-12-01 09:36:16,588 [org.apache.hadoop.util.JvmPauseMonitor$Monitor@40df847a] INFO  util.JvmPauseMonitor (JvmPauseMonitor.java:run(188)) - Starting JVM pause monitor
2020-12-01 09:36:16,590 [Datanode State Machine Task Thread - 0] INFO  datanode.InitDatanodeState (InitDatanodeState.java:persistContainerDatanodeDetails(145)) - DatanodeDetails is persisted to /github/workspace/mnt/ozone/hadoop-ozone/integration-test/target/test-dir/MiniOzoneClusterImpl-8d4a4fce-edf6-4f04-8cc5-f8d714c00e47/datanode-1/meta/datanode.id
2020-12-01 09:36:16,601 [Thread-513] INFO  ozoneimpl.ContainerReader (ContainerReader.java:readVolume(123)) - Start to verify containers on volume /github/workspace/mnt/ozone/hadoop-ozone/integration-test/target/test-dir/MiniOzoneClusterImpl-8d4a4fce-edf6-4f04-8cc5-f8d714c00e47/datanode-2/data-0/containers/hdds
2020-12-01 09:36:16,601 [Thread-513] INFO  ozoneimpl.ContainerReader (ContainerReader.java:readVolume(148)) - Finish verifying containers on volume /github/workspace/mnt/ozone/hadoop-ozone/integration-test/target/test-dir/MiniOzoneClusterImpl-8d4a4fce-edf6-4f04-8cc5-f8d714c00e47/datanode-2/data-0/containers/hdds
2020-12-01 09:36:16,601 [Listener at 127.0.0.1/32799] INFO  ozoneimpl.OzoneContainer (OzoneContainer.java:buildContainerSet(194)) - Build ContainerSet costs 0s
2020-12-01 09:36:16,603 [Listener at 127.0.0.1/32799] INFO  impl.RaftServerProxy (ConfUtils.java:logGet(44)) - raft.rpc.type = GRPC (default)
2020-12-01 09:36:16,603 [Listener at 127.0.0.1/32799] INFO  grpc.GrpcFactory (GrpcFactory.java:checkPooledByteBufAllocatorUseCacheForAllThreads(45)) - PERFORMANCE WARNING: useCacheForAllThreads is true that may cause Netty to create a lot garbage objects and, as a result, trigger GC.
	It is recommended to disable useCacheForAllThreads by setting -Dorg.apache.ratis.thirdparty.io.netty.allocator.useCacheForAllThreads=false in command line.
2020-12-01 09:36:16,603 [Listener at 127.0.0.1/32799] INFO  grpc.GrpcConfigKeys (ConfUtils.java:logGet(44)) - raft.grpc.server.port = 0 (default)
2020-12-01 09:36:16,603 [Listener at 127.0.0.1/32799] INFO  server.GrpcService (ConfUtils.java:logGet(44)) - raft.grpc.message.size.max = 32MB (=33554432) (custom)
2020-12-01 09:36:16,603 [Listener at 127.0.0.1/32799] INFO  server.RaftServerConfigKeys (ConfUtils.java:logGet(44)) - raft.server.log.appender.buffer.byte-limit = 33554432 (custom)
2020-12-01 09:36:16,603 [Listener at 127.0.0.1/32799] INFO  server.GrpcService (ConfUtils.java:logGet(44)) - raft.grpc.flow.control.window = 5MB (=5242880) (custom)
2020-12-01 09:36:16,603 [Listener at 127.0.0.1/32799] INFO  server.RaftServerConfigKeys (ConfUtils.java:logGet(44)) - raft.server.rpc.request.timeout = 60s (custom)
2020-12-01 09:36:16,604 [Listener at 127.0.0.1/32799] INFO  impl.DataStreamServerImpl (ConfUtils.java:logGet(44)) - raft.datastream.type = DISABLED (default)
2020-12-01 09:36:16,604 [Listener at 127.0.0.1/32799] INFO  server.RaftServerConfigKeys (ConfUtils.java:logGet(44)) - raft.server.storage.dir = [/github/workspace/mnt/ozone/hadoop-ozone/integration-test/target/test-dir/MiniOzoneClusterImpl-8d4a4fce-edf6-4f04-8cc5-f8d714c00e47/datanode-2/data/ratis] (custom)
2020-12-01 09:36:16,609 [Listener at 127.0.0.1/32799] INFO  http.BaseHttpServer (BaseHttpServer.java:newHttpServer2BuilderForOzone(207)) - Starting Web-server for hddsDatanode at: http://0.0.0.0:0
2020-12-01 09:36:16,609 [Listener at 127.0.0.1/32799] INFO  http.BaseHttpServer (BaseHttpServer.java:<init>(106)) - Hadoop Security Enabled: false Ozone Security Enabled: false Ozone HTTP Security Enabled: false 
2020-12-01 09:36:16,610 [Listener at 127.0.0.1/32799] INFO  server.AuthenticationFilter (AuthenticationFilter.java:constructSecretProvider(240)) - Unable to initialize FileSignerSecretProvider, falling back to use random secrets.
2020-12-01 09:36:16,610 [Listener at 127.0.0.1/32799] WARN  http.HttpRequestLog (HttpRequestLog.java:getRequestLog(103)) - Jetty request log can only be enabled using Log4j
2020-12-01 09:36:16,611 [Listener at 127.0.0.1/32799] INFO  http.HttpServer2 (HttpServer2.java:addGlobalFilter(1019)) - Added global filter 'safety' (class=org.apache.hadoop.hdds.server.http.HttpServer2$QuotingInputFilter)
2020-12-01 09:36:16,612 [Listener at 127.0.0.1/32799] INFO  http.HttpServer2 (HttpServer2.java:addFilter(995)) - Added filter static_user_filter (class=org.apache.hadoop.http.lib.StaticUserWebFilter$StaticUserFilter) to context hddsDatanode
2020-12-01 09:36:16,612 [Listener at 127.0.0.1/32799] INFO  http.HttpServer2 (HttpServer2.java:addFilter(1003)) - Added filter static_user_filter (class=org.apache.hadoop.http.lib.StaticUserWebFilter$StaticUserFilter) to context logs
2020-12-01 09:36:16,612 [Listener at 127.0.0.1/32799] INFO  http.HttpServer2 (HttpServer2.java:addFilter(1003)) - Added filter static_user_filter (class=org.apache.hadoop.http.lib.StaticUserWebFilter$StaticUserFilter) to context static
2020-12-01 09:36:16,612 [Listener at 127.0.0.1/32799] INFO  http.HttpServer2 (HttpServer2.java:bindListener(1237)) - Jetty bound to port 45033
2020-12-01 09:36:16,612 [Listener at 127.0.0.1/32799] INFO  server.Server (Server.java:doStart(375)) - jetty-9.4.34.v20201102; built: 2020-11-02T14:15:39.302Z; git: e46af88704a893fc12cb0e3bf46e2c7b48a009e7; jvm 1.8.0_232-b09
2020-12-01 09:36:16,614 [Listener at 127.0.0.1/32799] INFO  server.session (DefaultSessionIdManager.java:doStart(334)) - DefaultSessionIdManager workerName=node0
2020-12-01 09:36:16,615 [Listener at 127.0.0.1/32799] INFO  server.session (DefaultSessionIdManager.java:doStart(339)) - No SessionScavenger set, using defaults
2020-12-01 09:36:16,615 [Listener at 127.0.0.1/32799] INFO  server.session (HouseKeeper.java:startScavenging(132)) - node0 Scavenging every 600000ms
2020-12-01 09:36:16,616 [Listener at 127.0.0.1/32799] INFO  handler.ContextHandler (ContextHandler.java:doStart(916)) - Started o.e.j.s.ServletContextHandler@9faa169{logs,/logs,file:///github/workspace/mnt/ozone/hadoop-ozone/integration-test/target/log,AVAILABLE}
2020-12-01 09:36:16,616 [Listener at 127.0.0.1/32799] INFO  handler.ContextHandler (ContextHandler.java:doStart(916)) - Started o.e.j.s.ServletContextHandler@7a73a389{static,/static,jar:file:/home/user/.m2/repository/org/apache/hadoop/hadoop-hdds-container-service/1.1.0-SNAPSHOT/hadoop-hdds-container-service-1.1.0-SNAPSHOT.jar!/webapps/static,AVAILABLE}
2020-12-01 09:36:16,758 [Listener at 127.0.0.1/32799] INFO  handler.ContextHandler (ContextHandler.java:doStart(916)) - Started o.e.j.w.WebAppContext@31897774{hddsDatanode,/,file:///tmp/jetty-0_0_0_0-45033-hadoop-hdds-container-service-1_1_0-SNAPSHOT_jar-_-any-5974612140496497360/webapp/,AVAILABLE}{jar:file:/home/user/.m2/repository/org/apache/hadoop/hadoop-hdds-container-service/1.1.0-SNAPSHOT/hadoop-hdds-container-service-1.1.0-SNAPSHOT.jar!/webapps/hddsDatanode}
2020-12-01 09:36:16,760 [Listener at 127.0.0.1/32799] INFO  server.AbstractConnector (AbstractConnector.java:doStart(331)) - Started ServerConnector@169d036e{HTTP/1.1, (http/1.1)}{0.0.0.0:45033}
2020-12-01 09:36:16,760 [Listener at 127.0.0.1/32799] INFO  server.Server (Server.java:doStart(415)) - Started @47511ms
2020-12-01 09:36:16,760 [Listener at 127.0.0.1/32799] WARN  impl.MetricsSystemImpl (MetricsSystemImpl.java:register(276)) - Sink prometheus already exists!
2020-12-01 09:36:16,763 [Listener at 127.0.0.1/32799] INFO  http.BaseHttpServer (BaseHttpServer.java:updateConnectorAddress(327)) - HTTP server of hddsDatanode listening at http://0.0.0.0:45033
2020-12-01 09:36:16,765 [Listener at 127.0.0.1/32799] INFO  impl.MetricsSystemImpl (MetricsSystemImpl.java:init(158)) - HddsDatanode metrics system started (again)
2020-12-01 09:36:16,767 [Listener at 127.0.0.1/32799] INFO  ozone.HddsDatanodeService (HddsDatanodeService.java:start(217)) - HddsDatanodeService host:d8c3efac84dc ip:172.17.0.2
2020-12-01 09:36:16,774 [org.apache.hadoop.util.JvmPauseMonitor$Monitor@4d3e36b4] INFO  util.JvmPauseMonitor (JvmPauseMonitor.java:run(188)) - Starting JVM pause monitor
2020-12-01 09:36:16,777 [Datanode State Machine Task Thread - 0] INFO  datanode.InitDatanodeState (InitDatanodeState.java:persistContainerDatanodeDetails(145)) - DatanodeDetails is persisted to /github/workspace/mnt/ozone/hadoop-ozone/integration-test/target/test-dir/MiniOzoneClusterImpl-8d4a4fce-edf6-4f04-8cc5-f8d714c00e47/datanode-2/meta/datanode.id
2020-12-01 09:36:16,777 [Listener at 127.0.0.1/32799] INFO  volume.HddsVolume (HddsVolume.java:<init>(176)) - Creating Volume: /github/workspace/mnt/ozone/hadoop-ozone/integration-test/target/test-dir/MiniOzoneClusterImpl-8d4a4fce-edf6-4f04-8cc5-f8d714c00e47/datanode-3/data-0/containers/hdds of storage type : DISK and capacity : 9223372036854775807
2020-12-01 09:36:16,778 [Listener at 127.0.0.1/32799] INFO  volume.MutableVolumeSet (MutableVolumeSet.java:initializeVolumeSet(179)) - Added Volume : /github/workspace/mnt/ozone/hadoop-ozone/integration-test/target/test-dir/MiniOzoneClusterImpl-8d4a4fce-edf6-4f04-8cc5-f8d714c00e47/datanode-3/data-0/containers/hdds to VolumeSet
2020-12-01 09:36:16,778 [Listener at 127.0.0.1/32799] INFO  volume.ThrottledAsyncChecker (ThrottledAsyncChecker.java:schedule(141)) - Scheduling a check for /github/workspace/mnt/ozone/hadoop-ozone/integration-test/target/test-dir/MiniOzoneClusterImpl-8d4a4fce-edf6-4f04-8cc5-f8d714c00e47/datanode-3/data-0/containers/hdds
2020-12-01 09:36:16,779 [Listener at 127.0.0.1/32799] INFO  volume.HddsVolumeChecker (HddsVolumeChecker.java:checkAllVolumes(200)) - Scheduled health check for volume /github/workspace/mnt/ozone/hadoop-ozone/integration-test/target/test-dir/MiniOzoneClusterImpl-8d4a4fce-edf6-4f04-8cc5-f8d714c00e47/datanode-3/data-0/containers/hdds
2020-12-01 09:36:16,793 [Thread-524] INFO  ozoneimpl.ContainerReader (ContainerReader.java:readVolume(123)) - Start to verify containers on volume /github/workspace/mnt/ozone/hadoop-ozone/integration-test/target/test-dir/MiniOzoneClusterImpl-8d4a4fce-edf6-4f04-8cc5-f8d714c00e47/datanode-3/data-0/containers/hdds
2020-12-01 09:36:16,793 [Thread-524] INFO  ozoneimpl.ContainerReader (ContainerReader.java:readVolume(148)) - Finish verifying containers on volume /github/workspace/mnt/ozone/hadoop-ozone/integration-test/target/test-dir/MiniOzoneClusterImpl-8d4a4fce-edf6-4f04-8cc5-f8d714c00e47/datanode-3/data-0/containers/hdds
2020-12-01 09:36:16,793 [Listener at 127.0.0.1/32799] INFO  ozoneimpl.OzoneContainer (OzoneContainer.java:buildContainerSet(194)) - Build ContainerSet costs 0s
2020-12-01 09:36:16,794 [Listener at 127.0.0.1/32799] INFO  impl.RaftServerProxy (ConfUtils.java:logGet(44)) - raft.rpc.type = GRPC (default)
2020-12-01 09:36:16,795 [Listener at 127.0.0.1/32799] INFO  grpc.GrpcFactory (GrpcFactory.java:checkPooledByteBufAllocatorUseCacheForAllThreads(45)) - PERFORMANCE WARNING: useCacheForAllThreads is true that may cause Netty to create a lot garbage objects and, as a result, trigger GC.
	It is recommended to disable useCacheForAllThreads by setting -Dorg.apache.ratis.thirdparty.io.netty.allocator.useCacheForAllThreads=false in command line.
2020-12-01 09:36:16,795 [Listener at 127.0.0.1/32799] INFO  grpc.GrpcConfigKeys (ConfUtils.java:logGet(44)) - raft.grpc.server.port = 0 (default)
2020-12-01 09:36:16,795 [Listener at 127.0.0.1/32799] INFO  server.GrpcService (ConfUtils.java:logGet(44)) - raft.grpc.message.size.max = 32MB (=33554432) (custom)
2020-12-01 09:36:16,795 [Listener at 127.0.0.1/32799] INFO  server.RaftServerConfigKeys (ConfUtils.java:logGet(44)) - raft.server.log.appender.buffer.byte-limit = 33554432 (custom)
2020-12-01 09:36:16,795 [Listener at 127.0.0.1/32799] INFO  server.GrpcService (ConfUtils.java:logGet(44)) - raft.grpc.flow.control.window = 5MB (=5242880) (custom)
2020-12-01 09:36:16,795 [Listener at 127.0.0.1/32799] INFO  server.RaftServerConfigKeys (ConfUtils.java:logGet(44)) - raft.server.rpc.request.timeout = 60s (custom)
2020-12-01 09:36:16,796 [Listener at 127.0.0.1/32799] INFO  impl.DataStreamServerImpl (ConfUtils.java:logGet(44)) - raft.datastream.type = DISABLED (default)
2020-12-01 09:36:16,796 [Listener at 127.0.0.1/32799] INFO  server.RaftServerConfigKeys (ConfUtils.java:logGet(44)) - raft.server.storage.dir = [/github/workspace/mnt/ozone/hadoop-ozone/integration-test/target/test-dir/MiniOzoneClusterImpl-8d4a4fce-edf6-4f04-8cc5-f8d714c00e47/datanode-3/data/ratis] (custom)
2020-12-01 09:36:16,801 [Listener at 127.0.0.1/32799] INFO  http.BaseHttpServer (BaseHttpServer.java:newHttpServer2BuilderForOzone(207)) - Starting Web-server for hddsDatanode at: http://0.0.0.0:0
2020-12-01 09:36:16,801 [Listener at 127.0.0.1/32799] INFO  http.BaseHttpServer (BaseHttpServer.java:<init>(106)) - Hadoop Security Enabled: false Ozone Security Enabled: false Ozone HTTP Security Enabled: false 
2020-12-01 09:36:16,802 [Listener at 127.0.0.1/32799] INFO  server.AuthenticationFilter (AuthenticationFilter.java:constructSecretProvider(240)) - Unable to initialize FileSignerSecretProvider, falling back to use random secrets.
2020-12-01 09:36:16,803 [Listener at 127.0.0.1/32799] WARN  http.HttpRequestLog (HttpRequestLog.java:getRequestLog(103)) - Jetty request log can only be enabled using Log4j
2020-12-01 09:36:16,803 [Listener at 127.0.0.1/32799] INFO  http.HttpServer2 (HttpServer2.java:addGlobalFilter(1019)) - Added global filter 'safety' (class=org.apache.hadoop.hdds.server.http.HttpServer2$QuotingInputFilter)
2020-12-01 09:36:16,804 [Listener at 127.0.0.1/32799] INFO  http.HttpServer2 (HttpServer2.java:addFilter(995)) - Added filter static_user_filter (class=org.apache.hadoop.http.lib.StaticUserWebFilter$StaticUserFilter) to context hddsDatanode
2020-12-01 09:36:16,804 [Listener at 127.0.0.1/32799] INFO  http.HttpServer2 (HttpServer2.java:addFilter(1003)) - Added filter static_user_filter (class=org.apache.hadoop.http.lib.StaticUserWebFilter$StaticUserFilter) to context logs
2020-12-01 09:36:16,804 [Listener at 127.0.0.1/32799] INFO  http.HttpServer2 (HttpServer2.java:addFilter(1003)) - Added filter static_user_filter (class=org.apache.hadoop.http.lib.StaticUserWebFilter$StaticUserFilter) to context static
2020-12-01 09:36:16,804 [Listener at 127.0.0.1/32799] INFO  http.HttpServer2 (HttpServer2.java:bindListener(1237)) - Jetty bound to port 33193
2020-12-01 09:36:16,804 [Listener at 127.0.0.1/32799] INFO  server.Server (Server.java:doStart(375)) - jetty-9.4.34.v20201102; built: 2020-11-02T14:15:39.302Z; git: e46af88704a893fc12cb0e3bf46e2c7b48a009e7; jvm 1.8.0_232-b09
2020-12-01 09:36:16,806 [Listener at 127.0.0.1/32799] INFO  server.session (DefaultSessionIdManager.java:doStart(334)) - DefaultSessionIdManager workerName=node0
2020-12-01 09:36:16,806 [Listener at 127.0.0.1/32799] INFO  server.session (DefaultSessionIdManager.java:doStart(339)) - No SessionScavenger set, using defaults
2020-12-01 09:36:16,806 [Listener at 127.0.0.1/32799] INFO  server.session (HouseKeeper.java:startScavenging(132)) - node0 Scavenging every 660000ms
2020-12-01 09:36:16,807 [Listener at 127.0.0.1/32799] INFO  handler.ContextHandler (ContextHandler.java:doStart(916)) - Started o.e.j.s.ServletContextHandler@6f811041{logs,/logs,file:///github/workspace/mnt/ozone/hadoop-ozone/integration-test/target/log,AVAILABLE}
2020-12-01 09:36:16,807 [Listener at 127.0.0.1/32799] INFO  handler.ContextHandler (ContextHandler.java:doStart(916)) - Started o.e.j.s.ServletContextHandler@66d74231{static,/static,jar:file:/home/user/.m2/repository/org/apache/hadoop/hadoop-hdds-container-service/1.1.0-SNAPSHOT/hadoop-hdds-container-service-1.1.0-SNAPSHOT.jar!/webapps/static,AVAILABLE}
2020-12-01 09:36:16,981 [Listener at 127.0.0.1/32799] INFO  handler.ContextHandler (ContextHandler.java:doStart(916)) - Started o.e.j.w.WebAppContext@5a05f74b{hddsDatanode,/,file:///tmp/jetty-0_0_0_0-33193-hadoop-hdds-container-service-1_1_0-SNAPSHOT_jar-_-any-4978071393659524200/webapp/,AVAILABLE}{jar:file:/home/user/.m2/repository/org/apache/hadoop/hadoop-hdds-container-service/1.1.0-SNAPSHOT/hadoop-hdds-container-service-1.1.0-SNAPSHOT.jar!/webapps/hddsDatanode}
2020-12-01 09:36:16,993 [Listener at 127.0.0.1/32799] INFO  server.AbstractConnector (AbstractConnector.java:doStart(331)) - Started ServerConnector@45e28480{HTTP/1.1, (http/1.1)}{0.0.0.0:33193}
2020-12-01 09:36:16,993 [Listener at 127.0.0.1/32799] INFO  server.Server (Server.java:doStart(415)) - Started @47744ms
2020-12-01 09:36:16,993 [Listener at 127.0.0.1/32799] WARN  impl.MetricsSystemImpl (MetricsSystemImpl.java:register(276)) - Sink prometheus already exists!
2020-12-01 09:36:16,999 [Listener at 127.0.0.1/32799] INFO  http.BaseHttpServer (BaseHttpServer.java:updateConnectorAddress(327)) - HTTP server of hddsDatanode listening at http://0.0.0.0:33193
2020-12-01 09:36:17,000 [Listener at 127.0.0.1/32799] INFO  impl.MetricsSystemImpl (MetricsSystemImpl.java:init(158)) - HddsDatanode metrics system started (again)
2020-12-01 09:36:17,002 [Listener at 127.0.0.1/32799] INFO  ozone.HddsDatanodeService (HddsDatanodeService.java:start(217)) - HddsDatanodeService host:d8c3efac84dc ip:172.17.0.2
2020-12-01 09:36:17,004 [Listener at 127.0.0.1/32799] INFO  volume.HddsVolume (HddsVolume.java:<init>(176)) - Creating Volume: /github/workspace/mnt/ozone/hadoop-ozone/integration-test/target/test-dir/MiniOzoneClusterImpl-8d4a4fce-edf6-4f04-8cc5-f8d714c00e47/datanode-4/data-0/containers/hdds of storage type : DISK and capacity : 9223372036854775807
2020-12-01 09:36:17,005 [Listener at 127.0.0.1/32799] INFO  volume.MutableVolumeSet (MutableVolumeSet.java:initializeVolumeSet(179)) - Added Volume : /github/workspace/mnt/ozone/hadoop-ozone/integration-test/target/test-dir/MiniOzoneClusterImpl-8d4a4fce-edf6-4f04-8cc5-f8d714c00e47/datanode-4/data-0/containers/hdds to VolumeSet
2020-12-01 09:36:17,005 [Listener at 127.0.0.1/32799] INFO  volume.ThrottledAsyncChecker (ThrottledAsyncChecker.java:schedule(141)) - Scheduling a check for /github/workspace/mnt/ozone/hadoop-ozone/integration-test/target/test-dir/MiniOzoneClusterImpl-8d4a4fce-edf6-4f04-8cc5-f8d714c00e47/datanode-4/data-0/containers/hdds
2020-12-01 09:36:17,009 [org.apache.hadoop.util.JvmPauseMonitor$Monitor@47691e9c] INFO  util.JvmPauseMonitor (JvmPauseMonitor.java:run(188)) - Starting JVM pause monitor
2020-12-01 09:36:17,009 [Listener at 127.0.0.1/32799] INFO  volume.HddsVolumeChecker (HddsVolumeChecker.java:checkAllVolumes(200)) - Scheduled health check for volume /github/workspace/mnt/ozone/hadoop-ozone/integration-test/target/test-dir/MiniOzoneClusterImpl-8d4a4fce-edf6-4f04-8cc5-f8d714c00e47/datanode-4/data-0/containers/hdds
2020-12-01 09:36:17,011 [Datanode State Machine Task Thread - 0] INFO  datanode.InitDatanodeState (InitDatanodeState.java:persistContainerDatanodeDetails(145)) - DatanodeDetails is persisted to /github/workspace/mnt/ozone/hadoop-ozone/integration-test/target/test-dir/MiniOzoneClusterImpl-8d4a4fce-edf6-4f04-8cc5-f8d714c00e47/datanode-3/meta/datanode.id
2020-12-01 09:36:17,026 [Thread-535] INFO  ozoneimpl.ContainerReader (ContainerReader.java:readVolume(123)) - Start to verify containers on volume /github/workspace/mnt/ozone/hadoop-ozone/integration-test/target/test-dir/MiniOzoneClusterImpl-8d4a4fce-edf6-4f04-8cc5-f8d714c00e47/datanode-4/data-0/containers/hdds
2020-12-01 09:36:17,027 [Thread-535] INFO  ozoneimpl.ContainerReader (ContainerReader.java:readVolume(148)) - Finish verifying containers on volume /github/workspace/mnt/ozone/hadoop-ozone/integration-test/target/test-dir/MiniOzoneClusterImpl-8d4a4fce-edf6-4f04-8cc5-f8d714c00e47/datanode-4/data-0/containers/hdds
2020-12-01 09:36:17,027 [Listener at 127.0.0.1/32799] INFO  ozoneimpl.OzoneContainer (OzoneContainer.java:buildContainerSet(194)) - Build ContainerSet costs 0s
2020-12-01 09:36:17,029 [Listener at 127.0.0.1/32799] INFO  impl.RaftServerProxy (ConfUtils.java:logGet(44)) - raft.rpc.type = GRPC (default)
2020-12-01 09:36:17,029 [Listener at 127.0.0.1/32799] INFO  grpc.GrpcFactory (GrpcFactory.java:checkPooledByteBufAllocatorUseCacheForAllThreads(45)) - PERFORMANCE WARNING: useCacheForAllThreads is true that may cause Netty to create a lot garbage objects and, as a result, trigger GC.
	It is recommended to disable useCacheForAllThreads by setting -Dorg.apache.ratis.thirdparty.io.netty.allocator.useCacheForAllThreads=false in command line.
2020-12-01 09:36:17,029 [Listener at 127.0.0.1/32799] INFO  grpc.GrpcConfigKeys (ConfUtils.java:logGet(44)) - raft.grpc.server.port = 0 (default)
2020-12-01 09:36:17,029 [Listener at 127.0.0.1/32799] INFO  server.GrpcService (ConfUtils.java:logGet(44)) - raft.grpc.message.size.max = 32MB (=33554432) (custom)
2020-12-01 09:36:17,029 [Listener at 127.0.0.1/32799] INFO  server.RaftServerConfigKeys (ConfUtils.java:logGet(44)) - raft.server.log.appender.buffer.byte-limit = 33554432 (custom)
2020-12-01 09:36:17,029 [Listener at 127.0.0.1/32799] INFO  server.GrpcService (ConfUtils.java:logGet(44)) - raft.grpc.flow.control.window = 5MB (=5242880) (custom)
2020-12-01 09:36:17,030 [Listener at 127.0.0.1/32799] INFO  server.RaftServerConfigKeys (ConfUtils.java:logGet(44)) - raft.server.rpc.request.timeout = 60s (custom)
2020-12-01 09:36:17,031 [Listener at 127.0.0.1/32799] INFO  impl.DataStreamServerImpl (ConfUtils.java:logGet(44)) - raft.datastream.type = DISABLED (default)
2020-12-01 09:36:17,031 [Listener at 127.0.0.1/32799] INFO  server.RaftServerConfigKeys (ConfUtils.java:logGet(44)) - raft.server.storage.dir = [/github/workspace/mnt/ozone/hadoop-ozone/integration-test/target/test-dir/MiniOzoneClusterImpl-8d4a4fce-edf6-4f04-8cc5-f8d714c00e47/datanode-4/data/ratis] (custom)
2020-12-01 09:36:17,036 [Listener at 127.0.0.1/32799] INFO  http.BaseHttpServer (BaseHttpServer.java:newHttpServer2BuilderForOzone(207)) - Starting Web-server for hddsDatanode at: http://0.0.0.0:0
2020-12-01 09:36:17,036 [Listener at 127.0.0.1/32799] INFO  http.BaseHttpServer (BaseHttpServer.java:<init>(106)) - Hadoop Security Enabled: false Ozone Security Enabled: false Ozone HTTP Security Enabled: false 
2020-12-01 09:36:17,037 [Listener at 127.0.0.1/32799] INFO  server.AuthenticationFilter (AuthenticationFilter.java:constructSecretProvider(240)) - Unable to initialize FileSignerSecretProvider, falling back to use random secrets.
2020-12-01 09:36:17,038 [Listener at 127.0.0.1/32799] WARN  http.HttpRequestLog (HttpRequestLog.java:getRequestLog(103)) - Jetty request log can only be enabled using Log4j
2020-12-01 09:36:17,038 [Listener at 127.0.0.1/32799] INFO  http.HttpServer2 (HttpServer2.java:addGlobalFilter(1019)) - Added global filter 'safety' (class=org.apache.hadoop.hdds.server.http.HttpServer2$QuotingInputFilter)
2020-12-01 09:36:17,039 [Listener at 127.0.0.1/32799] INFO  http.HttpServer2 (HttpServer2.java:addFilter(995)) - Added filter static_user_filter (class=org.apache.hadoop.http.lib.StaticUserWebFilter$StaticUserFilter) to context hddsDatanode
2020-12-01 09:36:17,039 [Listener at 127.0.0.1/32799] INFO  http.HttpServer2 (HttpServer2.java:addFilter(1003)) - Added filter static_user_filter (class=org.apache.hadoop.http.lib.StaticUserWebFilter$StaticUserFilter) to context static
2020-12-01 09:36:17,039 [Listener at 127.0.0.1/32799] INFO  http.HttpServer2 (HttpServer2.java:addFilter(1003)) - Added filter static_user_filter (class=org.apache.hadoop.http.lib.StaticUserWebFilter$StaticUserFilter) to context logs
2020-12-01 09:36:17,040 [Listener at 127.0.0.1/32799] INFO  http.HttpServer2 (HttpServer2.java:bindListener(1237)) - Jetty bound to port 35361
2020-12-01 09:36:17,040 [Listener at 127.0.0.1/32799] INFO  server.Server (Server.java:doStart(375)) - jetty-9.4.34.v20201102; built: 2020-11-02T14:15:39.302Z; git: e46af88704a893fc12cb0e3bf46e2c7b48a009e7; jvm 1.8.0_232-b09
2020-12-01 09:36:17,041 [Listener at 127.0.0.1/32799] INFO  server.session (DefaultSessionIdManager.java:doStart(334)) - DefaultSessionIdManager workerName=node0
2020-12-01 09:36:17,042 [Listener at 127.0.0.1/32799] INFO  server.session (DefaultSessionIdManager.java:doStart(339)) - No SessionScavenger set, using defaults
2020-12-01 09:36:17,042 [Listener at 127.0.0.1/32799] INFO  server.session (HouseKeeper.java:startScavenging(132)) - node0 Scavenging every 660000ms
2020-12-01 09:36:17,043 [Listener at 127.0.0.1/32799] INFO  handler.ContextHandler (ContextHandler.java:doStart(916)) - Started o.e.j.s.ServletContextHandler@4595a1cd{logs,/logs,file:///github/workspace/mnt/ozone/hadoop-ozone/integration-test/target/log,AVAILABLE}
2020-12-01 09:36:17,043 [Listener at 127.0.0.1/32799] INFO  handler.ContextHandler (ContextHandler.java:doStart(916)) - Started o.e.j.s.ServletContextHandler@20a99bfe{static,/static,jar:file:/home/user/.m2/repository/org/apache/hadoop/hadoop-hdds-container-service/1.1.0-SNAPSHOT/hadoop-hdds-container-service-1.1.0-SNAPSHOT.jar!/webapps/static,AVAILABLE}
2020-12-01 09:36:17,182 [Listener at 127.0.0.1/32799] INFO  handler.ContextHandler (ContextHandler.java:doStart(916)) - Started o.e.j.w.WebAppContext@4ce7162{hddsDatanode,/,file:///tmp/jetty-0_0_0_0-35361-hadoop-hdds-container-service-1_1_0-SNAPSHOT_jar-_-any-6670263349465487190/webapp/,AVAILABLE}{jar:file:/home/user/.m2/repository/org/apache/hadoop/hadoop-hdds-container-service/1.1.0-SNAPSHOT/hadoop-hdds-container-service-1.1.0-SNAPSHOT.jar!/webapps/hddsDatanode}
2020-12-01 09:36:17,184 [Listener at 127.0.0.1/32799] INFO  server.AbstractConnector (AbstractConnector.java:doStart(331)) - Started ServerConnector@13f75ffc{HTTP/1.1, (http/1.1)}{0.0.0.0:35361}
2020-12-01 09:36:17,184 [Listener at 127.0.0.1/32799] INFO  server.Server (Server.java:doStart(415)) - Started @47936ms
2020-12-01 09:36:17,184 [Listener at 127.0.0.1/32799] WARN  impl.MetricsSystemImpl (MetricsSystemImpl.java:register(276)) - Sink prometheus already exists!
2020-12-01 09:36:17,188 [Listener at 127.0.0.1/32799] INFO  http.BaseHttpServer (BaseHttpServer.java:updateConnectorAddress(327)) - HTTP server of hddsDatanode listening at http://0.0.0.0:35361
2020-12-01 09:36:17,188 [Listener at 127.0.0.1/32799] INFO  impl.MetricsSystemImpl (MetricsSystemImpl.java:init(158)) - HddsDatanode metrics system started (again)
2020-12-01 09:36:17,190 [Listener at 127.0.0.1/32799] INFO  ozone.HddsDatanodeService (HddsDatanodeService.java:start(217)) - HddsDatanodeService host:d8c3efac84dc ip:172.17.0.2
2020-12-01 09:36:17,191 [Listener at 127.0.0.1/32799] INFO  volume.HddsVolume (HddsVolume.java:<init>(176)) - Creating Volume: /github/workspace/mnt/ozone/hadoop-ozone/integration-test/target/test-dir/MiniOzoneClusterImpl-8d4a4fce-edf6-4f04-8cc5-f8d714c00e47/datanode-5/data-0/containers/hdds of storage type : DISK and capacity : 9223372036854775807
2020-12-01 09:36:17,191 [Listener at 127.0.0.1/32799] INFO  volume.MutableVolumeSet (MutableVolumeSet.java:initializeVolumeSet(179)) - Added Volume : /github/workspace/mnt/ozone/hadoop-ozone/integration-test/target/test-dir/MiniOzoneClusterImpl-8d4a4fce-edf6-4f04-8cc5-f8d714c00e47/datanode-5/data-0/containers/hdds to VolumeSet
2020-12-01 09:36:17,191 [Listener at 127.0.0.1/32799] INFO  volume.ThrottledAsyncChecker (ThrottledAsyncChecker.java:schedule(141)) - Scheduling a check for /github/workspace/mnt/ozone/hadoop-ozone/integration-test/target/test-dir/MiniOzoneClusterImpl-8d4a4fce-edf6-4f04-8cc5-f8d714c00e47/datanode-5/data-0/containers/hdds
2020-12-01 09:36:17,192 [Listener at 127.0.0.1/32799] INFO  volume.HddsVolumeChecker (HddsVolumeChecker.java:checkAllVolumes(200)) - Scheduled health check for volume /github/workspace/mnt/ozone/hadoop-ozone/integration-test/target/test-dir/MiniOzoneClusterImpl-8d4a4fce-edf6-4f04-8cc5-f8d714c00e47/datanode-5/data-0/containers/hdds
2020-12-01 09:36:17,210 [org.apache.hadoop.util.JvmPauseMonitor$Monitor@5ff7e1ef] INFO  util.JvmPauseMonitor (JvmPauseMonitor.java:run(188)) - Starting JVM pause monitor
2020-12-01 09:36:17,211 [Thread-546] INFO  ozoneimpl.ContainerReader (ContainerReader.java:readVolume(123)) - Start to verify containers on volume /github/workspace/mnt/ozone/hadoop-ozone/integration-test/target/test-dir/MiniOzoneClusterImpl-8d4a4fce-edf6-4f04-8cc5-f8d714c00e47/datanode-5/data-0/containers/hdds
2020-12-01 09:36:17,211 [Thread-546] INFO  ozoneimpl.ContainerReader (ContainerReader.java:readVolume(148)) - Finish verifying containers on volume /github/workspace/mnt/ozone/hadoop-ozone/integration-test/target/test-dir/MiniOzoneClusterImpl-8d4a4fce-edf6-4f04-8cc5-f8d714c00e47/datanode-5/data-0/containers/hdds
2020-12-01 09:36:17,211 [Listener at 127.0.0.1/32799] INFO  ozoneimpl.OzoneContainer (OzoneContainer.java:buildContainerSet(194)) - Build ContainerSet costs 0s
2020-12-01 09:36:17,214 [Listener at 127.0.0.1/32799] INFO  impl.RaftServerProxy (ConfUtils.java:logGet(44)) - raft.rpc.type = GRPC (default)
2020-12-01 09:36:17,214 [Listener at 127.0.0.1/32799] INFO  grpc.GrpcFactory (GrpcFactory.java:checkPooledByteBufAllocatorUseCacheForAllThreads(45)) - PERFORMANCE WARNING: useCacheForAllThreads is true that may cause Netty to create a lot garbage objects and, as a result, trigger GC.
	It is recommended to disable useCacheForAllThreads by setting -Dorg.apache.ratis.thirdparty.io.netty.allocator.useCacheForAllThreads=false in command line.
2020-12-01 09:36:17,214 [Listener at 127.0.0.1/32799] INFO  grpc.GrpcConfigKeys (ConfUtils.java:logGet(44)) - raft.grpc.server.port = 0 (default)
2020-12-01 09:36:17,214 [Datanode State Machine Task Thread - 0] INFO  datanode.InitDatanodeState (InitDatanodeState.java:persistContainerDatanodeDetails(145)) - DatanodeDetails is persisted to /github/workspace/mnt/ozone/hadoop-ozone/integration-test/target/test-dir/MiniOzoneClusterImpl-8d4a4fce-edf6-4f04-8cc5-f8d714c00e47/datanode-4/meta/datanode.id
2020-12-01 09:36:17,214 [Listener at 127.0.0.1/32799] INFO  server.GrpcService (ConfUtils.java:logGet(44)) - raft.grpc.message.size.max = 32MB (=33554432) (custom)
2020-12-01 09:36:17,214 [Listener at 127.0.0.1/32799] INFO  server.RaftServerConfigKeys (ConfUtils.java:logGet(44)) - raft.server.log.appender.buffer.byte-limit = 33554432 (custom)
2020-12-01 09:36:17,214 [Listener at 127.0.0.1/32799] INFO  server.GrpcService (ConfUtils.java:logGet(44)) - raft.grpc.flow.control.window = 5MB (=5242880) (custom)
2020-12-01 09:36:17,215 [Listener at 127.0.0.1/32799] INFO  server.RaftServerConfigKeys (ConfUtils.java:logGet(44)) - raft.server.rpc.request.timeout = 60s (custom)
2020-12-01 09:36:17,215 [Listener at 127.0.0.1/32799] INFO  impl.DataStreamServerImpl (ConfUtils.java:logGet(44)) - raft.datastream.type = DISABLED (default)
2020-12-01 09:36:17,216 [Listener at 127.0.0.1/32799] INFO  server.RaftServerConfigKeys (ConfUtils.java:logGet(44)) - raft.server.storage.dir = [/github/workspace/mnt/ozone/hadoop-ozone/integration-test/target/test-dir/MiniOzoneClusterImpl-8d4a4fce-edf6-4f04-8cc5-f8d714c00e47/datanode-5/data/ratis] (custom)
2020-12-01 09:36:17,221 [Listener at 127.0.0.1/32799] INFO  http.BaseHttpServer (BaseHttpServer.java:newHttpServer2BuilderForOzone(207)) - Starting Web-server for hddsDatanode at: http://0.0.0.0:0
2020-12-01 09:36:17,221 [Listener at 127.0.0.1/32799] INFO  http.BaseHttpServer (BaseHttpServer.java:<init>(106)) - Hadoop Security Enabled: false Ozone Security Enabled: false Ozone HTTP Security Enabled: false 
2020-12-01 09:36:17,222 [Listener at 127.0.0.1/32799] INFO  server.AuthenticationFilter (AuthenticationFilter.java:constructSecretProvider(240)) - Unable to initialize FileSignerSecretProvider, falling back to use random secrets.
2020-12-01 09:36:17,223 [Listener at 127.0.0.1/32799] WARN  http.HttpRequestLog (HttpRequestLog.java:getRequestLog(103)) - Jetty request log can only be enabled using Log4j
2020-12-01 09:36:17,223 [Listener at 127.0.0.1/32799] INFO  http.HttpServer2 (HttpServer2.java:addGlobalFilter(1019)) - Added global filter 'safety' (class=org.apache.hadoop.hdds.server.http.HttpServer2$QuotingInputFilter)
2020-12-01 09:36:17,224 [Listener at 127.0.0.1/32799] INFO  http.HttpServer2 (HttpServer2.java:addFilter(995)) - Added filter static_user_filter (class=org.apache.hadoop.http.lib.StaticUserWebFilter$StaticUserFilter) to context hddsDatanode
2020-12-01 09:36:17,224 [Listener at 127.0.0.1/32799] INFO  http.HttpServer2 (HttpServer2.java:addFilter(1003)) - Added filter static_user_filter (class=org.apache.hadoop.http.lib.StaticUserWebFilter$StaticUserFilter) to context logs
2020-12-01 09:36:17,224 [Listener at 127.0.0.1/32799] INFO  http.HttpServer2 (HttpServer2.java:addFilter(1003)) - Added filter static_user_filter (class=org.apache.hadoop.http.lib.StaticUserWebFilter$StaticUserFilter) to context static
2020-12-01 09:36:17,225 [Listener at 127.0.0.1/32799] INFO  http.HttpServer2 (HttpServer2.java:bindListener(1237)) - Jetty bound to port 43567
2020-12-01 09:36:17,225 [Listener at 127.0.0.1/32799] INFO  server.Server (Server.java:doStart(375)) - jetty-9.4.34.v20201102; built: 2020-11-02T14:15:39.302Z; git: e46af88704a893fc12cb0e3bf46e2c7b48a009e7; jvm 1.8.0_232-b09
2020-12-01 09:36:17,226 [Listener at 127.0.0.1/32799] INFO  server.session (DefaultSessionIdManager.java:doStart(334)) - DefaultSessionIdManager workerName=node0
2020-12-01 09:36:17,226 [Listener at 127.0.0.1/32799] INFO  server.session (DefaultSessionIdManager.java:doStart(339)) - No SessionScavenger set, using defaults
2020-12-01 09:36:17,226 [Listener at 127.0.0.1/32799] INFO  server.session (HouseKeeper.java:startScavenging(132)) - node0 Scavenging every 660000ms
2020-12-01 09:36:17,227 [Listener at 127.0.0.1/32799] INFO  handler.ContextHandler (ContextHandler.java:doStart(916)) - Started o.e.j.s.ServletContextHandler@4b135ca7{logs,/logs,file:///github/workspace/mnt/ozone/hadoop-ozone/integration-test/target/log,AVAILABLE}
2020-12-01 09:36:17,227 [Listener at 127.0.0.1/32799] INFO  handler.ContextHandler (ContextHandler.java:doStart(916)) - Started o.e.j.s.ServletContextHandler@4e2e1985{static,/static,jar:file:/home/user/.m2/repository/org/apache/hadoop/hadoop-hdds-container-service/1.1.0-SNAPSHOT/hadoop-hdds-container-service-1.1.0-SNAPSHOT.jar!/webapps/static,AVAILABLE}
2020-12-01 09:36:17,372 [Listener at 127.0.0.1/32799] INFO  handler.ContextHandler (ContextHandler.java:doStart(916)) - Started o.e.j.w.WebAppContext@5fcd5693{hddsDatanode,/,file:///tmp/jetty-0_0_0_0-43567-hadoop-hdds-container-service-1_1_0-SNAPSHOT_jar-_-any-2524648109503891132/webapp/,AVAILABLE}{jar:file:/home/user/.m2/repository/org/apache/hadoop/hadoop-hdds-container-service/1.1.0-SNAPSHOT/hadoop-hdds-container-service-1.1.0-SNAPSHOT.jar!/webapps/hddsDatanode}
2020-12-01 09:36:17,373 [Listener at 127.0.0.1/32799] INFO  server.AbstractConnector (AbstractConnector.java:doStart(331)) - Started ServerConnector@2bd86972{HTTP/1.1, (http/1.1)}{0.0.0.0:43567}
2020-12-01 09:36:17,373 [Listener at 127.0.0.1/32799] INFO  server.Server (Server.java:doStart(415)) - Started @48124ms
2020-12-01 09:36:17,373 [Listener at 127.0.0.1/32799] WARN  impl.MetricsSystemImpl (MetricsSystemImpl.java:register(276)) - Sink prometheus already exists!
2020-12-01 09:36:17,377 [Listener at 127.0.0.1/32799] INFO  http.BaseHttpServer (BaseHttpServer.java:updateConnectorAddress(327)) - HTTP server of hddsDatanode listening at http://0.0.0.0:43567
2020-12-01 09:36:17,378 [Listener at 127.0.0.1/32799] INFO  impl.MetricsSystemImpl (MetricsSystemImpl.java:init(158)) - HddsDatanode metrics system started (again)
2020-12-01 09:36:17,380 [Listener at 127.0.0.1/32799] INFO  ozone.HddsDatanodeService (HddsDatanodeService.java:start(217)) - HddsDatanodeService host:d8c3efac84dc ip:172.17.0.2
2020-12-01 09:36:17,381 [Listener at 127.0.0.1/32799] INFO  volume.HddsVolume (HddsVolume.java:<init>(176)) - Creating Volume: /github/workspace/mnt/ozone/hadoop-ozone/integration-test/target/test-dir/MiniOzoneClusterImpl-8d4a4fce-edf6-4f04-8cc5-f8d714c00e47/datanode-6/data-0/containers/hdds of storage type : DISK and capacity : 9223372036854775807
2020-12-01 09:36:17,381 [Listener at 127.0.0.1/32799] INFO  volume.MutableVolumeSet (MutableVolumeSet.java:initializeVolumeSet(179)) - Added Volume : /github/workspace/mnt/ozone/hadoop-ozone/integration-test/target/test-dir/MiniOzoneClusterImpl-8d4a4fce-edf6-4f04-8cc5-f8d714c00e47/datanode-6/data-0/containers/hdds to VolumeSet
2020-12-01 09:36:17,381 [Listener at 127.0.0.1/32799] INFO  volume.ThrottledAsyncChecker (ThrottledAsyncChecker.java:schedule(141)) - Scheduling a check for /github/workspace/mnt/ozone/hadoop-ozone/integration-test/target/test-dir/MiniOzoneClusterImpl-8d4a4fce-edf6-4f04-8cc5-f8d714c00e47/datanode-6/data-0/containers/hdds
2020-12-01 09:36:17,387 [Listener at 127.0.0.1/32799] INFO  volume.HddsVolumeChecker (HddsVolumeChecker.java:checkAllVolumes(200)) - Scheduled health check for volume /github/workspace/mnt/ozone/hadoop-ozone/integration-test/target/test-dir/MiniOzoneClusterImpl-8d4a4fce-edf6-4f04-8cc5-f8d714c00e47/datanode-6/data-0/containers/hdds
2020-12-01 09:36:17,388 [Datanode State Machine Task Thread - 0] INFO  datanode.InitDatanodeState (InitDatanodeState.java:persistContainerDatanodeDetails(145)) - DatanodeDetails is persisted to /github/workspace/mnt/ozone/hadoop-ozone/integration-test/target/test-dir/MiniOzoneClusterImpl-8d4a4fce-edf6-4f04-8cc5-f8d714c00e47/datanode-5/meta/datanode.id
2020-12-01 09:36:17,392 [org.apache.hadoop.util.JvmPauseMonitor$Monitor@567332e6] INFO  util.JvmPauseMonitor (JvmPauseMonitor.java:run(188)) - Starting JVM pause monitor
2020-12-01 09:36:17,402 [Thread-557] INFO  ozoneimpl.ContainerReader (ContainerReader.java:readVolume(123)) - Start to verify containers on volume /github/workspace/mnt/ozone/hadoop-ozone/integration-test/target/test-dir/MiniOzoneClusterImpl-8d4a4fce-edf6-4f04-8cc5-f8d714c00e47/datanode-6/data-0/containers/hdds
2020-12-01 09:36:17,402 [Thread-557] INFO  ozoneimpl.ContainerReader (ContainerReader.java:readVolume(148)) - Finish verifying containers on volume /github/workspace/mnt/ozone/hadoop-ozone/integration-test/target/test-dir/MiniOzoneClusterImpl-8d4a4fce-edf6-4f04-8cc5-f8d714c00e47/datanode-6/data-0/containers/hdds
2020-12-01 09:36:17,402 [Listener at 127.0.0.1/32799] INFO  ozoneimpl.OzoneContainer (OzoneContainer.java:buildContainerSet(194)) - Build ContainerSet costs 0s
2020-12-01 09:36:17,404 [Listener at 127.0.0.1/32799] INFO  impl.RaftServerProxy (ConfUtils.java:logGet(44)) - raft.rpc.type = GRPC (default)
2020-12-01 09:36:17,404 [Listener at 127.0.0.1/32799] INFO  grpc.GrpcFactory (GrpcFactory.java:checkPooledByteBufAllocatorUseCacheForAllThreads(45)) - PERFORMANCE WARNING: useCacheForAllThreads is true that may cause Netty to create a lot garbage objects and, as a result, trigger GC.
	It is recommended to disable useCacheForAllThreads by setting -Dorg.apache.ratis.thirdparty.io.netty.allocator.useCacheForAllThreads=false in command line.
2020-12-01 09:36:17,404 [Listener at 127.0.0.1/32799] INFO  grpc.GrpcConfigKeys (ConfUtils.java:logGet(44)) - raft.grpc.server.port = 0 (default)
2020-12-01 09:36:17,405 [Listener at 127.0.0.1/32799] INFO  server.GrpcService (ConfUtils.java:logGet(44)) - raft.grpc.message.size.max = 32MB (=33554432) (custom)
2020-12-01 09:36:17,405 [Listener at 127.0.0.1/32799] INFO  server.RaftServerConfigKeys (ConfUtils.java:logGet(44)) - raft.server.log.appender.buffer.byte-limit = 33554432 (custom)
2020-12-01 09:36:17,405 [Listener at 127.0.0.1/32799] INFO  server.GrpcService (ConfUtils.java:logGet(44)) - raft.grpc.flow.control.window = 5MB (=5242880) (custom)
2020-12-01 09:36:17,405 [Listener at 127.0.0.1/32799] INFO  server.RaftServerConfigKeys (ConfUtils.java:logGet(44)) - raft.server.rpc.request.timeout = 60s (custom)
2020-12-01 09:36:17,406 [Listener at 127.0.0.1/32799] INFO  impl.DataStreamServerImpl (ConfUtils.java:logGet(44)) - raft.datastream.type = DISABLED (default)
2020-12-01 09:36:17,406 [Listener at 127.0.0.1/32799] INFO  server.RaftServerConfigKeys (ConfUtils.java:logGet(44)) - raft.server.storage.dir = [/github/workspace/mnt/ozone/hadoop-ozone/integration-test/target/test-dir/MiniOzoneClusterImpl-8d4a4fce-edf6-4f04-8cc5-f8d714c00e47/datanode-6/data/ratis] (custom)
2020-12-01 09:36:17,411 [Listener at 127.0.0.1/32799] INFO  http.BaseHttpServer (BaseHttpServer.java:newHttpServer2BuilderForOzone(207)) - Starting Web-server for hddsDatanode at: http://0.0.0.0:0
2020-12-01 09:36:17,411 [Listener at 127.0.0.1/32799] INFO  http.BaseHttpServer (BaseHttpServer.java:<init>(106)) - Hadoop Security Enabled: false Ozone Security Enabled: false Ozone HTTP Security Enabled: false 
2020-12-01 09:36:17,412 [Listener at 127.0.0.1/32799] INFO  server.AuthenticationFilter (AuthenticationFilter.java:constructSecretProvider(240)) - Unable to initialize FileSignerSecretProvider, falling back to use random secrets.
2020-12-01 09:36:17,413 [Listener at 127.0.0.1/32799] WARN  http.HttpRequestLog (HttpRequestLog.java:getRequestLog(103)) - Jetty request log can only be enabled using Log4j
2020-12-01 09:36:17,413 [Listener at 127.0.0.1/32799] INFO  http.HttpServer2 (HttpServer2.java:addGlobalFilter(1019)) - Added global filter 'safety' (class=org.apache.hadoop.hdds.server.http.HttpServer2$QuotingInputFilter)
2020-12-01 09:36:17,414 [Listener at 127.0.0.1/32799] INFO  http.HttpServer2 (HttpServer2.java:addFilter(995)) - Added filter static_user_filter (class=org.apache.hadoop.http.lib.StaticUserWebFilter$StaticUserFilter) to context hddsDatanode
2020-12-01 09:36:17,414 [Listener at 127.0.0.1/32799] INFO  http.HttpServer2 (HttpServer2.java:addFilter(1003)) - Added filter static_user_filter (class=org.apache.hadoop.http.lib.StaticUserWebFilter$StaticUserFilter) to context logs
2020-12-01 09:36:17,414 [Listener at 127.0.0.1/32799] INFO  http.HttpServer2 (HttpServer2.java:addFilter(1003)) - Added filter static_user_filter (class=org.apache.hadoop.http.lib.StaticUserWebFilter$StaticUserFilter) to context static
2020-12-01 09:36:17,415 [Listener at 127.0.0.1/32799] INFO  http.HttpServer2 (HttpServer2.java:bindListener(1237)) - Jetty bound to port 43235
2020-12-01 09:36:17,415 [Listener at 127.0.0.1/32799] INFO  server.Server (Server.java:doStart(375)) - jetty-9.4.34.v20201102; built: 2020-11-02T14:15:39.302Z; git: e46af88704a893fc12cb0e3bf46e2c7b48a009e7; jvm 1.8.0_232-b09
2020-12-01 09:36:17,416 [Listener at 127.0.0.1/32799] INFO  server.session (DefaultSessionIdManager.java:doStart(334)) - DefaultSessionIdManager workerName=node0
2020-12-01 09:36:17,416 [Listener at 127.0.0.1/32799] INFO  server.session (DefaultSessionIdManager.java:doStart(339)) - No SessionScavenger set, using defaults
2020-12-01 09:36:17,417 [Listener at 127.0.0.1/32799] INFO  server.session (HouseKeeper.java:startScavenging(132)) - node0 Scavenging every 600000ms
2020-12-01 09:36:17,417 [Listener at 127.0.0.1/32799] INFO  handler.ContextHandler (ContextHandler.java:doStart(916)) - Started o.e.j.s.ServletContextHandler@690459b4{logs,/logs,file:///github/workspace/mnt/ozone/hadoop-ozone/integration-test/target/log,AVAILABLE}
2020-12-01 09:36:17,417 [Listener at 127.0.0.1/32799] INFO  handler.ContextHandler (ContextHandler.java:doStart(916)) - Started o.e.j.s.ServletContextHandler@36ec27ec{static,/static,jar:file:/home/user/.m2/repository/org/apache/hadoop/hadoop-hdds-container-service/1.1.0-SNAPSHOT/hadoop-hdds-container-service-1.1.0-SNAPSHOT.jar!/webapps/static,AVAILABLE}
2020-12-01 09:36:17,566 [Listener at 127.0.0.1/32799] INFO  handler.ContextHandler (ContextHandler.java:doStart(916)) - Started o.e.j.w.WebAppContext@5c56fd51{hddsDatanode,/,file:///tmp/jetty-0_0_0_0-43235-hadoop-hdds-container-service-1_1_0-SNAPSHOT_jar-_-any-5663028280786088284/webapp/,AVAILABLE}{jar:file:/home/user/.m2/repository/org/apache/hadoop/hadoop-hdds-container-service/1.1.0-SNAPSHOT/hadoop-hdds-container-service-1.1.0-SNAPSHOT.jar!/webapps/hddsDatanode}
2020-12-01 09:36:17,567 [Listener at 127.0.0.1/32799] INFO  server.AbstractConnector (AbstractConnector.java:doStart(331)) - Started ServerConnector@3e2a7d13{HTTP/1.1, (http/1.1)}{0.0.0.0:43235}
2020-12-01 09:36:17,567 [Listener at 127.0.0.1/32799] INFO  server.Server (Server.java:doStart(415)) - Started @48319ms
2020-12-01 09:36:17,567 [Listener at 127.0.0.1/32799] WARN  impl.MetricsSystemImpl (MetricsSystemImpl.java:register(276)) - Sink prometheus already exists!
2020-12-01 09:36:17,571 [Listener at 127.0.0.1/32799] INFO  http.BaseHttpServer (BaseHttpServer.java:updateConnectorAddress(327)) - HTTP server of hddsDatanode listening at http://0.0.0.0:43235
2020-12-01 09:36:17,575 [Listener at 127.0.0.1/32799] INFO  ozone.MiniOzoneClusterImpl (MiniOzoneClusterImpl.java:lambda$waitForClusterToBeReady$0(178)) - Waiting for nodes to be ready. Got 0 of 7 DN Heartbeats.
2020-12-01 09:36:17,576 [Listener at 127.0.0.1/32799] INFO  ozone.MiniOzoneClusterImpl (MiniOzoneClusterImpl.java:lambda$waitForClusterToBeReady$0(181)) - Waiting for cluster to exit safe mode
2020-12-01 09:36:17,578 [org.apache.hadoop.util.JvmPauseMonitor$Monitor@1d2eb7f5] INFO  util.JvmPauseMonitor (JvmPauseMonitor.java:run(188)) - Starting JVM pause monitor
2020-12-01 09:36:17,579 [Datanode State Machine Task Thread - 0] INFO  datanode.InitDatanodeState (InitDatanodeState.java:persistContainerDatanodeDetails(145)) - DatanodeDetails is persisted to /github/workspace/mnt/ozone/hadoop-ozone/integration-test/target/test-dir/MiniOzoneClusterImpl-8d4a4fce-edf6-4f04-8cc5-f8d714c00e47/datanode-6/meta/datanode.id
2020-12-01 09:36:18,391 [EndpointStateMachine task thread for /0.0.0.0:44897 - 0 ] INFO  ozoneimpl.OzoneContainer (OzoneContainer.java:start(243)) - Attempting to start container services.
2020-12-01 09:36:18,391 [EndpointStateMachine task thread for /0.0.0.0:44897 - 0 ] INFO  ozoneimpl.OzoneContainer (OzoneContainer.java:startContainerScrub(207)) - Background container scanner has been disabled.
2020-12-01 09:36:18,391 [EndpointStateMachine task thread for /0.0.0.0:44897 - 0 ] INFO  ratis.XceiverServerRatis (XceiverServerRatis.java:start(456)) - Starting XceiverServerRatis baf9e0b0-2136-44d3-ba54-7cdd5cf3d2d0 at port 0
2020-12-01 09:36:18,393 [EndpointStateMachine task thread for /0.0.0.0:44897 - 0 ] INFO  impl.RaftServerProxy (RaftServerProxy.java:lambda$start$3(321)) - baf9e0b0-2136-44d3-ba54-7cdd5cf3d2d0: start RPC server
2020-12-01 09:36:18,393 [EndpointStateMachine task thread for /0.0.0.0:44897 - 0 ] INFO  server.GrpcService (GrpcService.java:startImpl(177)) - baf9e0b0-2136-44d3-ba54-7cdd5cf3d2d0: GrpcService started, listening on 0.0.0.0/0.0.0.0:44279
2020-12-01 09:36:18,394 [EndpointStateMachine task thread for /0.0.0.0:44897 - 0 ] INFO  ratis.XceiverServerRatis (XceiverServerRatis.java:start(468)) - XceiverServerRatis baf9e0b0-2136-44d3-ba54-7cdd5cf3d2d0 is started using port 44279
2020-12-01 09:36:18,394 [org.apache.ratis.server.JvmPauseMonitor@4563232b-Monitor] INFO  server.RaftServerConfigKeys (ConfUtils.java:logGet(44)) - raft.server.leaderelection.leader.step-down.wait-time = 10s (default)
2020-12-01 09:36:18,394 [org.apache.ratis.server.JvmPauseMonitor@4563232b-Monitor] INFO  server.RaftServerConfigKeys (ConfUtils.java:logGet(44)) - raft.server.rpc.slowness.timeout = 300s (custom)
2020-12-01 09:36:18,394 [org.apache.ratis.server.JvmPauseMonitor@4563232b-Monitor] INFO  server.JvmPauseMonitor (JvmPauseMonitor.java:run(129)) - Starting Ratis JVM pause monitor
2020-12-01 09:36:18,394 [EndpointStateMachine task thread for /0.0.0.0:44897 - 0 ] INFO  server.XceiverServerGrpc (XceiverServerGrpc.java:start(145)) - XceiverServerGrpc baf9e0b0-2136-44d3-ba54-7cdd5cf3d2d0 is started using port 34355
2020-12-01 09:36:18,576 [Listener at 127.0.0.1/32799] INFO  ozone.MiniOzoneClusterImpl (MiniOzoneClusterImpl.java:lambda$waitForClusterToBeReady$0(178)) - Waiting for nodes to be ready. Got 0 of 7 DN Heartbeats.
2020-12-01 09:36:18,576 [Listener at 127.0.0.1/32799] INFO  ozone.MiniOzoneClusterImpl (MiniOzoneClusterImpl.java:lambda$waitForClusterToBeReady$0(181)) - Waiting for cluster to exit safe mode
2020-12-01 09:36:18,593 [EndpointStateMachine task thread for /0.0.0.0:44897 - 0 ] INFO  ozoneimpl.OzoneContainer (OzoneContainer.java:start(243)) - Attempting to start container services.
2020-12-01 09:36:18,593 [EndpointStateMachine task thread for /0.0.0.0:44897 - 0 ] INFO  ozoneimpl.OzoneContainer (OzoneContainer.java:startContainerScrub(207)) - Background container scanner has been disabled.
2020-12-01 09:36:18,593 [EndpointStateMachine task thread for /0.0.0.0:44897 - 0 ] INFO  ratis.XceiverServerRatis (XceiverServerRatis.java:start(456)) - Starting XceiverServerRatis bd2246b5-b92f-4ca7-b3f9-6478d9a800dd at port 0
2020-12-01 09:36:18,597 [EndpointStateMachine task thread for /0.0.0.0:44897 - 0 ] INFO  impl.RaftServerProxy (RaftServerProxy.java:lambda$start$3(321)) - bd2246b5-b92f-4ca7-b3f9-6478d9a800dd: start RPC server
2020-12-01 09:36:18,598 [EndpointStateMachine task thread for /0.0.0.0:44897 - 0 ] INFO  server.GrpcService (GrpcService.java:startImpl(177)) - bd2246b5-b92f-4ca7-b3f9-6478d9a800dd: GrpcService started, listening on 0.0.0.0/0.0.0.0:37467
2020-12-01 09:36:18,598 [EndpointStateMachine task thread for /0.0.0.0:44897 - 0 ] INFO  ratis.XceiverServerRatis (XceiverServerRatis.java:start(468)) - XceiverServerRatis bd2246b5-b92f-4ca7-b3f9-6478d9a800dd is started using port 37467
2020-12-01 09:36:18,598 [org.apache.ratis.server.JvmPauseMonitor@7367319f-Monitor] INFO  server.RaftServerConfigKeys (ConfUtils.java:logGet(44)) - raft.server.leaderelection.leader.step-down.wait-time = 10s (default)
2020-12-01 09:36:18,598 [EndpointStateMachine task thread for /0.0.0.0:44897 - 0 ] INFO  server.XceiverServerGrpc (XceiverServerGrpc.java:start(145)) - XceiverServerGrpc bd2246b5-b92f-4ca7-b3f9-6478d9a800dd is started using port 46715
2020-12-01 09:36:18,599 [org.apache.ratis.server.JvmPauseMonitor@7367319f-Monitor] INFO  server.RaftServerConfigKeys (ConfUtils.java:logGet(44)) - raft.server.rpc.slowness.timeout = 300s (custom)
2020-12-01 09:36:18,599 [org.apache.ratis.server.JvmPauseMonitor@7367319f-Monitor] INFO  server.JvmPauseMonitor (JvmPauseMonitor.java:run(129)) - Starting Ratis JVM pause monitor
2020-12-01 09:36:18,778 [EndpointStateMachine task thread for /0.0.0.0:44897 - 0 ] INFO  ozoneimpl.OzoneContainer (OzoneContainer.java:start(243)) - Attempting to start container services.
2020-12-01 09:36:18,778 [EndpointStateMachine task thread for /0.0.0.0:44897 - 0 ] INFO  ozoneimpl.OzoneContainer (OzoneContainer.java:startContainerScrub(207)) - Background container scanner has been disabled.
2020-12-01 09:36:18,778 [EndpointStateMachine task thread for /0.0.0.0:44897 - 0 ] INFO  ratis.XceiverServerRatis (XceiverServerRatis.java:start(456)) - Starting XceiverServerRatis 166b87bd-eecb-47e0-96d7-94142ede9e7c at port 0
2020-12-01 09:36:18,787 [EndpointStateMachine task thread for /0.0.0.0:44897 - 0 ] INFO  impl.RaftServerProxy (RaftServerProxy.java:lambda$start$3(321)) - 166b87bd-eecb-47e0-96d7-94142ede9e7c: start RPC server
2020-12-01 09:36:18,787 [EndpointStateMachine task thread for /0.0.0.0:44897 - 0 ] INFO  server.GrpcService (GrpcService.java:startImpl(177)) - 166b87bd-eecb-47e0-96d7-94142ede9e7c: GrpcService started, listening on 0.0.0.0/0.0.0.0:40201
2020-12-01 09:36:18,788 [EndpointStateMachine task thread for /0.0.0.0:44897 - 0 ] INFO  ratis.XceiverServerRatis (XceiverServerRatis.java:start(468)) - XceiverServerRatis 166b87bd-eecb-47e0-96d7-94142ede9e7c is started using port 40201
2020-12-01 09:36:18,796 [org.apache.ratis.server.JvmPauseMonitor@1ce7f8c7-Monitor] INFO  server.RaftServerConfigKeys (ConfUtils.java:logGet(44)) - raft.server.leaderelection.leader.step-down.wait-time = 10s (default)
2020-12-01 09:36:18,796 [EndpointStateMachine task thread for /0.0.0.0:44897 - 0 ] INFO  server.XceiverServerGrpc (XceiverServerGrpc.java:start(145)) - XceiverServerGrpc 166b87bd-eecb-47e0-96d7-94142ede9e7c is started using port 40875
2020-12-01 09:36:18,798 [org.apache.ratis.server.JvmPauseMonitor@1ce7f8c7-Monitor] INFO  server.RaftServerConfigKeys (ConfUtils.java:logGet(44)) - raft.server.rpc.slowness.timeout = 300s (custom)
2020-12-01 09:36:18,798 [org.apache.ratis.server.JvmPauseMonitor@1ce7f8c7-Monitor] INFO  server.JvmPauseMonitor (JvmPauseMonitor.java:run(129)) - Starting Ratis JVM pause monitor
2020-12-01 09:36:19,012 [EndpointStateMachine task thread for /0.0.0.0:44897 - 0 ] INFO  ozoneimpl.OzoneContainer (OzoneContainer.java:start(243)) - Attempting to start container services.
2020-12-01 09:36:19,013 [EndpointStateMachine task thread for /0.0.0.0:44897 - 0 ] INFO  ozoneimpl.OzoneContainer (OzoneContainer.java:startContainerScrub(207)) - Background container scanner has been disabled.
2020-12-01 09:36:19,013 [EndpointStateMachine task thread for /0.0.0.0:44897 - 0 ] INFO  ratis.XceiverServerRatis (XceiverServerRatis.java:start(456)) - Starting XceiverServerRatis 8e30c15e-a534-4be6-9288-c2bfff0aa2a9 at port 0
2020-12-01 09:36:19,014 [EndpointStateMachine task thread for /0.0.0.0:44897 - 0 ] INFO  impl.RaftServerProxy (RaftServerProxy.java:lambda$start$3(321)) - 8e30c15e-a534-4be6-9288-c2bfff0aa2a9: start RPC server
2020-12-01 09:36:19,015 [EndpointStateMachine task thread for /0.0.0.0:44897 - 0 ] INFO  server.GrpcService (GrpcService.java:startImpl(177)) - 8e30c15e-a534-4be6-9288-c2bfff0aa2a9: GrpcService started, listening on 0.0.0.0/0.0.0.0:33009
2020-12-01 09:36:19,015 [EndpointStateMachine task thread for /0.0.0.0:44897 - 0 ] INFO  ratis.XceiverServerRatis (XceiverServerRatis.java:start(468)) - XceiverServerRatis 8e30c15e-a534-4be6-9288-c2bfff0aa2a9 is started using port 33009
2020-12-01 09:36:19,016 [org.apache.ratis.server.JvmPauseMonitor@7d6f5c9b-Monitor] INFO  server.RaftServerConfigKeys (ConfUtils.java:logGet(44)) - raft.server.leaderelection.leader.step-down.wait-time = 10s (default)
2020-12-01 09:36:19,016 [EndpointStateMachine task thread for /0.0.0.0:44897 - 0 ] INFO  server.XceiverServerGrpc (XceiverServerGrpc.java:start(145)) - XceiverServerGrpc 8e30c15e-a534-4be6-9288-c2bfff0aa2a9 is started using port 43187
2020-12-01 09:36:19,017 [org.apache.ratis.server.JvmPauseMonitor@7d6f5c9b-Monitor] INFO  server.RaftServerConfigKeys (ConfUtils.java:logGet(44)) - raft.server.rpc.slowness.timeout = 300s (custom)
2020-12-01 09:36:19,017 [org.apache.ratis.server.JvmPauseMonitor@7d6f5c9b-Monitor] INFO  server.JvmPauseMonitor (JvmPauseMonitor.java:run(129)) - Starting Ratis JVM pause monitor
2020-12-01 09:36:19,213 [EndpointStateMachine task thread for /0.0.0.0:44897 - 0 ] INFO  ozoneimpl.OzoneContainer (OzoneContainer.java:start(243)) - Attempting to start container services.
2020-12-01 09:36:19,214 [EndpointStateMachine task thread for /0.0.0.0:44897 - 0 ] INFO  ozoneimpl.OzoneContainer (OzoneContainer.java:startContainerScrub(207)) - Background container scanner has been disabled.
2020-12-01 09:36:19,214 [EndpointStateMachine task thread for /0.0.0.0:44897 - 0 ] INFO  ratis.XceiverServerRatis (XceiverServerRatis.java:start(456)) - Starting XceiverServerRatis ff14e274-5ee8-4142-b96f-00dc3fd4f97a at port 0
2020-12-01 09:36:19,214 [EndpointStateMachine task thread for /0.0.0.0:44897 - 0 ] INFO  impl.RaftServerProxy (RaftServerProxy.java:lambda$start$3(321)) - ff14e274-5ee8-4142-b96f-00dc3fd4f97a: start RPC server
2020-12-01 09:36:19,215 [EndpointStateMachine task thread for /0.0.0.0:44897 - 0 ] INFO  server.GrpcService (GrpcService.java:startImpl(177)) - ff14e274-5ee8-4142-b96f-00dc3fd4f97a: GrpcService started, listening on 0.0.0.0/0.0.0.0:39957
2020-12-01 09:36:19,215 [EndpointStateMachine task thread for /0.0.0.0:44897 - 0 ] INFO  ratis.XceiverServerRatis (XceiverServerRatis.java:start(468)) - XceiverServerRatis ff14e274-5ee8-4142-b96f-00dc3fd4f97a is started using port 39957
2020-12-01 09:36:19,216 [EndpointStateMachine task thread for /0.0.0.0:44897 - 0 ] INFO  server.XceiverServerGrpc (XceiverServerGrpc.java:start(145)) - XceiverServerGrpc ff14e274-5ee8-4142-b96f-00dc3fd4f97a is started using port 38641
2020-12-01 09:36:19,218 [org.apache.ratis.server.JvmPauseMonitor@5eadac79-Monitor] INFO  server.RaftServerConfigKeys (ConfUtils.java:logGet(44)) - raft.server.leaderelection.leader.step-down.wait-time = 10s (default)
2020-12-01 09:36:19,219 [org.apache.ratis.server.JvmPauseMonitor@5eadac79-Monitor] INFO  server.RaftServerConfigKeys (ConfUtils.java:logGet(44)) - raft.server.rpc.slowness.timeout = 300s (custom)
2020-12-01 09:36:19,219 [org.apache.ratis.server.JvmPauseMonitor@5eadac79-Monitor] INFO  server.JvmPauseMonitor (JvmPauseMonitor.java:run(129)) - Starting Ratis JVM pause monitor
2020-12-01 09:36:19,392 [EndpointStateMachine task thread for /0.0.0.0:44897 - 0 ] INFO  ozoneimpl.OzoneContainer (OzoneContainer.java:start(243)) - Attempting to start container services.
2020-12-01 09:36:19,392 [EndpointStateMachine task thread for /0.0.0.0:44897 - 0 ] INFO  ozoneimpl.OzoneContainer (OzoneContainer.java:startContainerScrub(207)) - Background container scanner has been disabled.
2020-12-01 09:36:19,393 [EndpointStateMachine task thread for /0.0.0.0:44897 - 0 ] INFO  ratis.XceiverServerRatis (XceiverServerRatis.java:start(456)) - Starting XceiverServerRatis b04f2191-2b78-48d5-a7df-85f1d0f43d9c at port 0
2020-12-01 09:36:19,393 [EndpointStateMachine task thread for /0.0.0.0:44897 - 0 ] INFO  impl.RaftServerProxy (RaftServerProxy.java:lambda$start$3(321)) - b04f2191-2b78-48d5-a7df-85f1d0f43d9c: start RPC server
2020-12-01 09:36:19,394 [EndpointStateMachine task thread for /0.0.0.0:44897 - 0 ] INFO  server.GrpcService (GrpcService.java:startImpl(177)) - b04f2191-2b78-48d5-a7df-85f1d0f43d9c: GrpcService started, listening on 0.0.0.0/0.0.0.0:37569
2020-12-01 09:36:19,394 [EndpointStateMachine task thread for /0.0.0.0:44897 - 0 ] INFO  ratis.XceiverServerRatis (XceiverServerRatis.java:start(468)) - XceiverServerRatis b04f2191-2b78-48d5-a7df-85f1d0f43d9c is started using port 37569
2020-12-01 09:36:19,395 [org.apache.ratis.server.JvmPauseMonitor@1c203172-Monitor] INFO  server.RaftServerConfigKeys (ConfUtils.java:logGet(44)) - raft.server.leaderelection.leader.step-down.wait-time = 10s (default)
2020-12-01 09:36:19,395 [org.apache.ratis.server.JvmPauseMonitor@1c203172-Monitor] INFO  server.RaftServerConfigKeys (ConfUtils.java:logGet(44)) - raft.server.rpc.slowness.timeout = 300s (custom)
2020-12-01 09:36:19,402 [org.apache.ratis.server.JvmPauseMonitor@1c203172-Monitor] INFO  server.JvmPauseMonitor (JvmPauseMonitor.java:run(129)) - Starting Ratis JVM pause monitor
2020-12-01 09:36:19,396 [EndpointStateMachine task thread for /0.0.0.0:44897 - 0 ] INFO  server.XceiverServerGrpc (XceiverServerGrpc.java:start(145)) - XceiverServerGrpc b04f2191-2b78-48d5-a7df-85f1d0f43d9c is started using port 37643
2020-12-01 09:36:19,577 [Listener at 127.0.0.1/32799] INFO  ozone.MiniOzoneClusterImpl (MiniOzoneClusterImpl.java:lambda$waitForClusterToBeReady$0(178)) - Waiting for nodes to be ready. Got 0 of 7 DN Heartbeats.
2020-12-01 09:36:19,577 [Listener at 127.0.0.1/32799] INFO  ozone.MiniOzoneClusterImpl (MiniOzoneClusterImpl.java:lambda$waitForClusterToBeReady$0(181)) - Waiting for cluster to exit safe mode
2020-12-01 09:36:19,585 [EndpointStateMachine task thread for /0.0.0.0:44897 - 0 ] INFO  ozoneimpl.OzoneContainer (OzoneContainer.java:start(243)) - Attempting to start container services.
2020-12-01 09:36:19,585 [EndpointStateMachine task thread for /0.0.0.0:44897 - 0 ] INFO  ozoneimpl.OzoneContainer (OzoneContainer.java:startContainerScrub(207)) - Background container scanner has been disabled.
2020-12-01 09:36:19,585 [EndpointStateMachine task thread for /0.0.0.0:44897 - 0 ] INFO  ratis.XceiverServerRatis (XceiverServerRatis.java:start(456)) - Starting XceiverServerRatis ea2d25e5-6c0c-4043-88f8-7a65b58a4550 at port 0
2020-12-01 09:36:19,586 [EndpointStateMachine task thread for /0.0.0.0:44897 - 0 ] INFO  impl.RaftServerProxy (RaftServerProxy.java:lambda$start$3(321)) - ea2d25e5-6c0c-4043-88f8-7a65b58a4550: start RPC server
2020-12-01 09:36:19,587 [EndpointStateMachine task thread for /0.0.0.0:44897 - 0 ] INFO  server.GrpcService (GrpcService.java:startImpl(177)) - ea2d25e5-6c0c-4043-88f8-7a65b58a4550: GrpcService started, listening on 0.0.0.0/0.0.0.0:40773
2020-12-01 09:36:19,587 [EndpointStateMachine task thread for /0.0.0.0:44897 - 0 ] INFO  ratis.XceiverServerRatis (XceiverServerRatis.java:start(468)) - XceiverServerRatis ea2d25e5-6c0c-4043-88f8-7a65b58a4550 is started using port 40773
2020-12-01 09:36:19,588 [EndpointStateMachine task thread for /0.0.0.0:44897 - 0 ] INFO  server.XceiverServerGrpc (XceiverServerGrpc.java:start(145)) - XceiverServerGrpc ea2d25e5-6c0c-4043-88f8-7a65b58a4550 is started using port 40809
2020-12-01 09:36:19,589 [org.apache.ratis.server.JvmPauseMonitor@78c03a1-Monitor] INFO  server.RaftServerConfigKeys (ConfUtils.java:logGet(44)) - raft.server.leaderelection.leader.step-down.wait-time = 10s (default)
2020-12-01 09:36:19,589 [org.apache.ratis.server.JvmPauseMonitor@78c03a1-Monitor] INFO  server.RaftServerConfigKeys (ConfUtils.java:logGet(44)) - raft.server.rpc.slowness.timeout = 300s (custom)
2020-12-01 09:36:19,589 [org.apache.ratis.server.JvmPauseMonitor@78c03a1-Monitor] INFO  server.JvmPauseMonitor (JvmPauseMonitor.java:run(129)) - Starting Ratis JVM pause monitor
2020-12-01 09:36:20,385 [IPC Server handler 1 on default port 44897] INFO  net.NetworkTopologyImpl (NetworkTopologyImpl.java:add(111)) - Added a new node: /default-rack/baf9e0b0-2136-44d3-ba54-7cdd5cf3d2d0
2020-12-01 09:36:20,387 [IPC Server handler 1 on default port 44897] INFO  node.SCMNodeManager (SCMNodeManager.java:register(282)) - Registered Data node : baf9e0b0-2136-44d3-ba54-7cdd5cf3d2d0{ip: 172.17.0.2, host: d8c3efac84dc, networkLocation: /default-rack, certSerialId: null}
2020-12-01 09:36:20,387 [RatisPipelineUtilsThread] INFO  pipeline.RatisPipelineProvider (RatisPipelineProvider.java:lambda$create$0(161)) - Sending CreatePipelineCommand for pipeline:PipelineID=5520013b-5f03-4bc3-9221-c9bce52e3e1f to datanode:baf9e0b0-2136-44d3-ba54-7cdd5cf3d2d0
2020-12-01 09:36:20,387 [EventQueue-NodeRegistrationContainerReportForContainerSafeModeRule] INFO  safemode.SCMSafeModeManager (SCMSafeModeManager.java:validateSafeModeExitRules(214)) - ContainerSafeModeRule rule is successfully validated
2020-12-01 09:36:20,388 [EventQueue-NodeRegistrationContainerReportForDataNodeSafeModeRule] INFO  safemode.SCMSafeModeManager (DataNodeSafeModeRule.java:process(71)) - SCM in safe mode. 1 DataNodes registered, 1 required.
2020-12-01 09:36:20,391 [EventQueue-NodeRegistrationContainerReportForDataNodeSafeModeRule] INFO  safemode.SCMSafeModeManager (SCMSafeModeManager.java:validateSafeModeExitRules(214)) - DataNodeSafeModeRule rule is successfully validated
2020-12-01 09:36:20,391 [EventQueue-NodeRegistrationContainerReportForDataNodeSafeModeRule] INFO  safemode.SCMSafeModeManager (SCMSafeModeManager.java:completePreCheck(242)) - All SCM safe mode pre check rules have passed
2020-12-01 09:36:20,391 [RatisPipelineUtilsThread] INFO  pipeline.PipelineStateManager (PipelineStateManager.java:addPipeline(54)) - Created pipeline Pipeline[ Id: 5520013b-5f03-4bc3-9221-c9bce52e3e1f, Nodes: baf9e0b0-2136-44d3-ba54-7cdd5cf3d2d0{ip: 172.17.0.2, host: d8c3efac84dc, networkLocation: /default-rack, certSerialId: null}, Type:RATIS, Factor:ONE, State:ALLOCATED, leaderId:, CreationTimestamp2020-12-01T09:36:20.387Z]
2020-12-01 09:36:20,392 [RatisPipelineUtilsThread] WARN  pipeline.PipelinePlacementPolicy (PipelinePlacementPolicy.java:filterViableNodes(138)) - Pipeline creation failed due to no sufficient healthy datanodes. Required 3. Found 1.
2020-12-01 09:36:20,392 [EventQueue-PipelineReportForOneReplicaPipelineSafeModeRule] INFO  safemode.SCMSafeModeManager (SCMSafeModeManager.java:validateSafeModeExitRules(214)) - AtleastOneDatanodeReportedRule rule is successfully validated
2020-12-01 09:36:20,577 [Listener at 127.0.0.1/32799] INFO  ozone.MiniOzoneClusterImpl (MiniOzoneClusterImpl.java:lambda$waitForClusterToBeReady$0(178)) - Waiting for nodes to be ready. Got 1 of 7 DN Heartbeats.
2020-12-01 09:36:20,577 [Listener at 127.0.0.1/32799] INFO  ozone.MiniOzoneClusterImpl (MiniOzoneClusterImpl.java:lambda$waitForClusterToBeReady$0(181)) - Waiting for cluster to exit safe mode
2020-12-01 09:36:20,590 [IPC Server handler 3 on default port 44897] INFO  net.NetworkTopologyImpl (NetworkTopologyImpl.java:add(111)) - Added a new node: /default-rack/bd2246b5-b92f-4ca7-b3f9-6478d9a800dd
2020-12-01 09:36:20,590 [IPC Server handler 3 on default port 44897] INFO  node.SCMNodeManager (SCMNodeManager.java:register(282)) - Registered Data node : bd2246b5-b92f-4ca7-b3f9-6478d9a800dd{ip: 172.17.0.2, host: d8c3efac84dc, networkLocation: /default-rack, certSerialId: null}
2020-12-01 09:36:20,591 [EventQueue-NodeRegistrationContainerReportForContainerSafeModeRule] INFO  safemode.SCMSafeModeManager (SCMSafeModeManager.java:validateSafeModeExitRules(214)) - ContainerSafeModeRule rule is successfully validated
2020-12-01 09:36:20,592 [EventQueue-NodeRegistrationContainerReportForDataNodeSafeModeRule] INFO  safemode.SCMSafeModeManager (SCMSafeModeManager.java:validateSafeModeExitRules(214)) - DataNodeSafeModeRule rule is successfully validated
2020-12-01 09:36:20,592 [EventQueue-PipelineReportForOneReplicaPipelineSafeModeRule] INFO  safemode.SCMSafeModeManager (SCMSafeModeManager.java:validateSafeModeExitRules(214)) - AtleastOneDatanodeReportedRule rule is successfully validated
2020-12-01 09:36:20,592 [RatisPipelineUtilsThread] INFO  pipeline.RatisPipelineProvider (RatisPipelineProvider.java:lambda$create$0(161)) - Sending CreatePipelineCommand for pipeline:PipelineID=39a54845-842d-437a-ba0d-0f62f841e0f9 to datanode:bd2246b5-b92f-4ca7-b3f9-6478d9a800dd
2020-12-01 09:36:20,593 [RatisPipelineUtilsThread] INFO  pipeline.PipelineStateManager (PipelineStateManager.java:addPipeline(54)) - Created pipeline Pipeline[ Id: 39a54845-842d-437a-ba0d-0f62f841e0f9, Nodes: bd2246b5-b92f-4ca7-b3f9-6478d9a800dd{ip: 172.17.0.2, host: d8c3efac84dc, networkLocation: /default-rack, certSerialId: null}, Type:RATIS, Factor:ONE, State:ALLOCATED, leaderId:, CreationTimestamp2020-12-01T09:36:20.592Z]
2020-12-01 09:36:20,593 [RatisPipelineUtilsThread] WARN  pipeline.PipelinePlacementPolicy (PipelinePlacementPolicy.java:filterViableNodes(138)) - Pipeline creation failed due to no sufficient healthy datanodes. Required 3. Found 2.
2020-12-01 09:36:20,776 [IPC Server handler 4 on default port 44897] INFO  net.NetworkTopologyImpl (NetworkTopologyImpl.java:add(111)) - Added a new node: /default-rack/166b87bd-eecb-47e0-96d7-94142ede9e7c
2020-12-01 09:36:20,776 [IPC Server handler 4 on default port 44897] INFO  node.SCMNodeManager (SCMNodeManager.java:register(282)) - Registered Data node : 166b87bd-eecb-47e0-96d7-94142ede9e7c{ip: 172.17.0.2, host: d8c3efac84dc, networkLocation: /default-rack, certSerialId: null}
2020-12-01 09:36:20,776 [RatisPipelineUtilsThread] INFO  pipeline.RatisPipelineProvider (RatisPipelineProvider.java:lambda$create$0(161)) - Sending CreatePipelineCommand for pipeline:PipelineID=1be99467-56e5-4eb2-b9a2-adae6030a7e1 to datanode:166b87bd-eecb-47e0-96d7-94142ede9e7c
2020-12-01 09:36:20,776 [EventQueue-NodeRegistrationContainerReportForContainerSafeModeRule] INFO  safemode.SCMSafeModeManager (SCMSafeModeManager.java:validateSafeModeExitRules(214)) - ContainerSafeModeRule rule is successfully validated
2020-12-01 09:36:20,777 [EventQueue-NodeRegistrationContainerReportForDataNodeSafeModeRule] INFO  safemode.SCMSafeModeManager (SCMSafeModeManager.java:validateSafeModeExitRules(214)) - DataNodeSafeModeRule rule is successfully validated
2020-12-01 09:36:20,777 [EventQueue-PipelineReportForOneReplicaPipelineSafeModeRule] INFO  safemode.SCMSafeModeManager (SCMSafeModeManager.java:validateSafeModeExitRules(214)) - AtleastOneDatanodeReportedRule rule is successfully validated
2020-12-01 09:36:20,777 [RatisPipelineUtilsThread] INFO  pipeline.PipelineStateManager (PipelineStateManager.java:addPipeline(54)) - Created pipeline Pipeline[ Id: 1be99467-56e5-4eb2-b9a2-adae6030a7e1, Nodes: 166b87bd-eecb-47e0-96d7-94142ede9e7c{ip: 172.17.0.2, host: d8c3efac84dc, networkLocation: /default-rack, certSerialId: null}, Type:RATIS, Factor:ONE, State:ALLOCATED, leaderId:, CreationTimestamp2020-12-01T09:36:20.776Z]
2020-12-01 09:36:20,777 [RatisPipelineUtilsThread] INFO  pipeline.RatisPipelineProvider (RatisPipelineProvider.java:lambda$create$0(161)) - Sending CreatePipelineCommand for pipeline:PipelineID=ff8df048-472c-433c-93d2-f3db7a02f757 to datanode:baf9e0b0-2136-44d3-ba54-7cdd5cf3d2d0
2020-12-01 09:36:20,777 [RatisPipelineUtilsThread] INFO  pipeline.RatisPipelineProvider (RatisPipelineProvider.java:lambda$create$0(161)) - Sending CreatePipelineCommand for pipeline:PipelineID=ff8df048-472c-433c-93d2-f3db7a02f757 to datanode:bd2246b5-b92f-4ca7-b3f9-6478d9a800dd
2020-12-01 09:36:20,777 [RatisPipelineUtilsThread] INFO  pipeline.RatisPipelineProvider (RatisPipelineProvider.java:lambda$create$0(161)) - Sending CreatePipelineCommand for pipeline:PipelineID=ff8df048-472c-433c-93d2-f3db7a02f757 to datanode:166b87bd-eecb-47e0-96d7-94142ede9e7c
2020-12-01 09:36:20,778 [RatisPipelineUtilsThread] INFO  pipeline.PipelineStateManager (PipelineStateManager.java:addPipeline(54)) - Created pipeline Pipeline[ Id: ff8df048-472c-433c-93d2-f3db7a02f757, Nodes: baf9e0b0-2136-44d3-ba54-7cdd5cf3d2d0{ip: 172.17.0.2, host: d8c3efac84dc, networkLocation: /default-rack, certSerialId: null}bd2246b5-b92f-4ca7-b3f9-6478d9a800dd{ip: 172.17.0.2, host: d8c3efac84dc, networkLocation: /default-rack, certSerialId: null}166b87bd-eecb-47e0-96d7-94142ede9e7c{ip: 172.17.0.2, host: d8c3efac84dc, networkLocation: /default-rack, certSerialId: null}, Type:RATIS, Factor:THREE, State:ALLOCATED, leaderId:, CreationTimestamp2020-12-01T09:36:20.777Z]
2020-12-01 09:36:21,010 [IPC Server handler 5 on default port 44897] INFO  net.NetworkTopologyImpl (NetworkTopologyImpl.java:add(111)) - Added a new node: /default-rack/8e30c15e-a534-4be6-9288-c2bfff0aa2a9
2020-12-01 09:36:21,011 [IPC Server handler 5 on default port 44897] INFO  node.SCMNodeManager (SCMNodeManager.java:register(282)) - Registered Data node : 8e30c15e-a534-4be6-9288-c2bfff0aa2a9{ip: 172.17.0.2, host: d8c3efac84dc, networkLocation: /default-rack, certSerialId: null}
2020-12-01 09:36:21,011 [EventQueue-NodeRegistrationContainerReportForContainerSafeModeRule] INFO  safemode.SCMSafeModeManager (SCMSafeModeManager.java:validateSafeModeExitRules(214)) - ContainerSafeModeRule rule is successfully validated
2020-12-01 09:36:21,013 [RatisPipelineUtilsThread] INFO  pipeline.RatisPipelineProvider (RatisPipelineProvider.java:lambda$create$0(161)) - Sending CreatePipelineCommand for pipeline:PipelineID=b1f0d057-d183-4fc2-8070-c649b20e9da8 to datanode:8e30c15e-a534-4be6-9288-c2bfff0aa2a9
2020-12-01 09:36:21,013 [RatisPipelineUtilsThread] INFO  pipeline.PipelineStateManager (PipelineStateManager.java:addPipeline(54)) - Created pipeline Pipeline[ Id: b1f0d057-d183-4fc2-8070-c649b20e9da8, Nodes: 8e30c15e-a534-4be6-9288-c2bfff0aa2a9{ip: 172.17.0.2, host: d8c3efac84dc, networkLocation: /default-rack, certSerialId: null}, Type:RATIS, Factor:ONE, State:ALLOCATED, leaderId:, CreationTimestamp2020-12-01T09:36:21.012Z]
2020-12-01 09:36:21,013 [EventQueue-PipelineReportForOneReplicaPipelineSafeModeRule] INFO  safemode.SCMSafeModeManager (SCMSafeModeManager.java:validateSafeModeExitRules(214)) - AtleastOneDatanodeReportedRule rule is successfully validated
2020-12-01 09:36:21,014 [EventQueue-NodeRegistrationContainerReportForDataNodeSafeModeRule] INFO  safemode.SCMSafeModeManager (SCMSafeModeManager.java:validateSafeModeExitRules(214)) - DataNodeSafeModeRule rule is successfully validated
2020-12-01 09:36:21,213 [IPC Server handler 1 on default port 44897] INFO  net.NetworkTopologyImpl (NetworkTopologyImpl.java:add(111)) - Added a new node: /default-rack/ff14e274-5ee8-4142-b96f-00dc3fd4f97a
2020-12-01 09:36:21,213 [IPC Server handler 1 on default port 44897] INFO  node.SCMNodeManager (SCMNodeManager.java:register(282)) - Registered Data node : ff14e274-5ee8-4142-b96f-00dc3fd4f97a{ip: 172.17.0.2, host: d8c3efac84dc, networkLocation: /default-rack, certSerialId: null}
2020-12-01 09:36:21,214 [EventQueue-NodeRegistrationContainerReportForContainerSafeModeRule] INFO  safemode.SCMSafeModeManager (SCMSafeModeManager.java:validateSafeModeExitRules(214)) - ContainerSafeModeRule rule is successfully validated
2020-12-01 09:36:21,214 [EventQueue-NodeRegistrationContainerReportForDataNodeSafeModeRule] INFO  safemode.SCMSafeModeManager (SCMSafeModeManager.java:validateSafeModeExitRules(214)) - DataNodeSafeModeRule rule is successfully validated
2020-12-01 09:36:21,214 [EventQueue-PipelineReportForOneReplicaPipelineSafeModeRule] INFO  safemode.SCMSafeModeManager (SCMSafeModeManager.java:validateSafeModeExitRules(214)) - AtleastOneDatanodeReportedRule rule is successfully validated
2020-12-01 09:36:21,215 [RatisPipelineUtilsThread] INFO  pipeline.RatisPipelineProvider (RatisPipelineProvider.java:lambda$create$0(161)) - Sending CreatePipelineCommand for pipeline:PipelineID=69cad715-389c-4a83-82a0-298ba3011926 to datanode:ff14e274-5ee8-4142-b96f-00dc3fd4f97a
2020-12-01 09:36:21,215 [RatisPipelineUtilsThread] INFO  pipeline.PipelineStateManager (PipelineStateManager.java:addPipeline(54)) - Created pipeline Pipeline[ Id: 69cad715-389c-4a83-82a0-298ba3011926, Nodes: ff14e274-5ee8-4142-b96f-00dc3fd4f97a{ip: 172.17.0.2, host: d8c3efac84dc, networkLocation: /default-rack, certSerialId: null}, Type:RATIS, Factor:ONE, State:ALLOCATED, leaderId:, CreationTimestamp2020-12-01T09:36:21.214Z]
2020-12-01 09:36:21,388 [IPC Server handler 2 on default port 44897] INFO  net.NetworkTopologyImpl (NetworkTopologyImpl.java:add(111)) - Added a new node: /default-rack/b04f2191-2b78-48d5-a7df-85f1d0f43d9c
2020-12-01 09:36:21,388 [IPC Server handler 2 on default port 44897] INFO  node.SCMNodeManager (SCMNodeManager.java:register(282)) - Registered Data node : b04f2191-2b78-48d5-a7df-85f1d0f43d9c{ip: 172.17.0.2, host: d8c3efac84dc, networkLocation: /default-rack, certSerialId: null}
2020-12-01 09:36:21,389 [RatisPipelineUtilsThread] INFO  pipeline.RatisPipelineProvider (RatisPipelineProvider.java:lambda$create$0(161)) - Sending CreatePipelineCommand for pipeline:PipelineID=d2cd0a43-c79f-4054-8b63-be0e163cc516 to datanode:b04f2191-2b78-48d5-a7df-85f1d0f43d9c
2020-12-01 09:36:21,389 [EventQueue-PipelineReportForOneReplicaPipelineSafeModeRule] INFO  safemode.SCMSafeModeManager (SCMSafeModeManager.java:validateSafeModeExitRules(214)) - AtleastOneDatanodeReportedRule rule is successfully validated
2020-12-01 09:36:21,389 [EventQueue-NodeRegistrationContainerReportForDataNodeSafeModeRule] INFO  safemode.SCMSafeModeManager (SCMSafeModeManager.java:validateSafeModeExitRules(214)) - DataNodeSafeModeRule rule is successfully validated
2020-12-01 09:36:21,389 [EventQueue-NodeRegistrationContainerReportForContainerSafeModeRule] INFO  safemode.SCMSafeModeManager (SCMSafeModeManager.java:validateSafeModeExitRules(214)) - ContainerSafeModeRule rule is successfully validated
2020-12-01 09:36:21,390 [RatisPipelineUtilsThread] INFO  pipeline.PipelineStateManager (PipelineStateManager.java:addPipeline(54)) - Created pipeline Pipeline[ Id: d2cd0a43-c79f-4054-8b63-be0e163cc516, Nodes: b04f2191-2b78-48d5-a7df-85f1d0f43d9c{ip: 172.17.0.2, host: d8c3efac84dc, networkLocation: /default-rack, certSerialId: null}, Type:RATIS, Factor:ONE, State:ALLOCATED, leaderId:, CreationTimestamp2020-12-01T09:36:21.389Z]
2020-12-01 09:36:21,391 [RatisPipelineUtilsThread] INFO  pipeline.RatisPipelineProvider (RatisPipelineProvider.java:lambda$create$0(161)) - Sending CreatePipelineCommand for pipeline:PipelineID=624329bb-788f-4473-88f4-d2dfa6907b63 to datanode:b04f2191-2b78-48d5-a7df-85f1d0f43d9c
2020-12-01 09:36:21,391 [RatisPipelineUtilsThread] INFO  pipeline.RatisPipelineProvider (RatisPipelineProvider.java:lambda$create$0(161)) - Sending CreatePipelineCommand for pipeline:PipelineID=624329bb-788f-4473-88f4-d2dfa6907b63 to datanode:ff14e274-5ee8-4142-b96f-00dc3fd4f97a
2020-12-01 09:36:21,392 [RatisPipelineUtilsThread] INFO  pipeline.RatisPipelineProvider (RatisPipelineProvider.java:lambda$create$0(161)) - Sending CreatePipelineCommand for pipeline:PipelineID=624329bb-788f-4473-88f4-d2dfa6907b63 to datanode:8e30c15e-a534-4be6-9288-c2bfff0aa2a9
2020-12-01 09:36:21,392 [RatisPipelineUtilsThread] INFO  pipeline.PipelineStateManager (PipelineStateManager.java:addPipeline(54)) - Created pipeline Pipeline[ Id: 624329bb-788f-4473-88f4-d2dfa6907b63, Nodes: b04f2191-2b78-48d5-a7df-85f1d0f43d9c{ip: 172.17.0.2, host: d8c3efac84dc, networkLocation: /default-rack, certSerialId: null}ff14e274-5ee8-4142-b96f-00dc3fd4f97a{ip: 172.17.0.2, host: d8c3efac84dc, networkLocation: /default-rack, certSerialId: null}8e30c15e-a534-4be6-9288-c2bfff0aa2a9{ip: 172.17.0.2, host: d8c3efac84dc, networkLocation: /default-rack, certSerialId: null}, Type:RATIS, Factor:THREE, State:ALLOCATED, leaderId:, CreationTimestamp2020-12-01T09:36:21.391Z]
2020-12-01 09:36:21,578 [Listener at 127.0.0.1/32799] INFO  ozone.MiniOzoneClusterImpl (MiniOzoneClusterImpl.java:lambda$waitForClusterToBeReady$0(178)) - Waiting for nodes to be ready. Got 6 of 7 DN Heartbeats.
2020-12-01 09:36:21,578 [Listener at 127.0.0.1/32799] INFO  ozone.MiniOzoneClusterImpl (MiniOzoneClusterImpl.java:lambda$waitForClusterToBeReady$0(181)) - Waiting for cluster to exit safe mode
2020-12-01 09:36:21,579 [IPC Server handler 3 on default port 44897] INFO  net.NetworkTopologyImpl (NetworkTopologyImpl.java:add(111)) - Added a new node: /default-rack/ea2d25e5-6c0c-4043-88f8-7a65b58a4550
2020-12-01 09:36:21,580 [IPC Server handler 3 on default port 44897] INFO  node.SCMNodeManager (SCMNodeManager.java:register(282)) - Registered Data node : ea2d25e5-6c0c-4043-88f8-7a65b58a4550{ip: 172.17.0.2, host: d8c3efac84dc, networkLocation: /default-rack, certSerialId: null}
2020-12-01 09:36:21,581 [EventQueue-NodeRegistrationContainerReportForContainerSafeModeRule] INFO  safemode.SCMSafeModeManager (SCMSafeModeManager.java:validateSafeModeExitRules(214)) - ContainerSafeModeRule rule is successfully validated
2020-12-01 09:36:21,581 [EventQueue-PipelineReportForOneReplicaPipelineSafeModeRule] INFO  safemode.SCMSafeModeManager (SCMSafeModeManager.java:validateSafeModeExitRules(214)) - AtleastOneDatanodeReportedRule rule is successfully validated
2020-12-01 09:36:21,581 [EventQueue-NodeRegistrationContainerReportForDataNodeSafeModeRule] INFO  safemode.SCMSafeModeManager (SCMSafeModeManager.java:validateSafeModeExitRules(214)) - DataNodeSafeModeRule rule is successfully validated
2020-12-01 09:36:21,581 [RatisPipelineUtilsThread] INFO  pipeline.RatisPipelineProvider (RatisPipelineProvider.java:lambda$create$0(161)) - Sending CreatePipelineCommand for pipeline:PipelineID=d9f2322f-e132-467e-afa2-28c4e5e23a47 to datanode:ea2d25e5-6c0c-4043-88f8-7a65b58a4550
2020-12-01 09:36:21,582 [RatisPipelineUtilsThread] INFO  pipeline.PipelineStateManager (PipelineStateManager.java:addPipeline(54)) - Created pipeline Pipeline[ Id: d9f2322f-e132-467e-afa2-28c4e5e23a47, Nodes: ea2d25e5-6c0c-4043-88f8-7a65b58a4550{ip: 172.17.0.2, host: d8c3efac84dc, networkLocation: /default-rack, certSerialId: null}, Type:RATIS, Factor:ONE, State:ALLOCATED, leaderId:, CreationTimestamp2020-12-01T09:36:21.581Z]
2020-12-01 09:36:22,578 [Listener at 127.0.0.1/32799] INFO  ozone.MiniOzoneClusterImpl (MiniOzoneClusterImpl.java:lambda$waitForClusterToBeReady$0(178)) - Nodes are ready. Got 7 of 7 DN Heartbeats.
2020-12-01 09:36:22,578 [Listener at 127.0.0.1/32799] INFO  ozone.MiniOzoneClusterImpl (MiniOzoneClusterImpl.java:lambda$waitForClusterToBeReady$0(181)) - Waiting for cluster to exit safe mode
2020-12-01 09:36:23,387 [Command processor thread] INFO  impl.RaftServerProxy (RaftServerProxy.java:addNew(93)) - baf9e0b0-2136-44d3-ba54-7cdd5cf3d2d0: addNew group-C9BCE52E3E1F:[baf9e0b0-2136-44d3-ba54-7cdd5cf3d2d0|rpc:172.17.0.2:44279] returns group-C9BCE52E3E1F:java.util.concurrent.CompletableFuture@7abbb082[Not completed]
2020-12-01 09:36:23,389 [pool-175-thread-1] INFO  impl.RaftServerImpl (RaftServerImpl.java:<init>(121)) - baf9e0b0-2136-44d3-ba54-7cdd5cf3d2d0: new RaftServerImpl for group-C9BCE52E3E1F:[baf9e0b0-2136-44d3-ba54-7cdd5cf3d2d0|rpc:172.17.0.2:44279] with ContainerStateMachine:uninitialized
2020-12-01 09:36:23,390 [pool-175-thread-1] INFO  server.RaftServerConfigKeys (ConfUtils.java:logGet(44)) - raft.server.rpc.timeout.min = 5s (custom)
2020-12-01 09:36:23,390 [pool-175-thread-1] INFO  server.RaftServerConfigKeys (ConfUtils.java:logGet(44)) - raft.server.rpc.timeout.max = 5200ms (custom)
2020-12-01 09:36:23,391 [pool-175-thread-1] INFO  server.RaftServerConfigKeys (ConfUtils.java:logGet(44)) - raft.server.rpc.slowness.timeout = 300s (custom)
2020-12-01 09:36:23,391 [pool-175-thread-1] INFO  server.RaftServerConfigKeys (ConfUtils.java:logGet(44)) - raft.server.leaderelection.leader.step-down.wait-time = 10s (default)
2020-12-01 09:36:23,391 [pool-175-thread-1] INFO  server.RaftServerConfigKeys (ConfUtils.java:logGet(44)) - raft.server.sleep.deviation.threshold = 300 (default)
2020-12-01 09:36:23,391 [pool-175-thread-1] INFO  server.RaftServerConfigKeys (ConfUtils.java:logGet(44)) - raft.server.log.appender.install.snapshot.enabled = false (custom)
2020-12-01 09:36:23,391 [pool-175-thread-1] INFO  impl.RaftServerImpl (ServerState.java:<init>(104)) - baf9e0b0-2136-44d3-ba54-7cdd5cf3d2d0@group-C9BCE52E3E1F: ConfigurationManager, init=-1: [baf9e0b0-2136-44d3-ba54-7cdd5cf3d2d0|rpc:172.17.0.2:44279], old=null, confs=<EMPTY_MAP>
2020-12-01 09:36:23,391 [pool-175-thread-1] INFO  server.RaftServerConfigKeys (ConfUtils.java:logGet(44)) - raft.server.storage.dir = [/github/workspace/mnt/ozone/hadoop-ozone/integration-test/target/test-dir/MiniOzoneClusterImpl-8d4a4fce-edf6-4f04-8cc5-f8d714c00e47/datanode-0/data/ratis] (custom)
2020-12-01 09:36:23,391 [pool-175-thread-1] INFO  server.RaftServerConfigKeys (ConfUtils.java:logGet(44)) - raft.server.log.corruption.policy = EXCEPTION (default)
2020-12-01 09:36:23,392 [pool-175-thread-1] INFO  storage.RaftStorageDirectory (RaftStorageDirectory.java:analyzeStorage(261)) - The storage directory /github/workspace/mnt/ozone/hadoop-ozone/integration-test/target/test-dir/MiniOzoneClusterImpl-8d4a4fce-edf6-4f04-8cc5-f8d714c00e47/datanode-0/data/ratis/5520013b-5f03-4bc3-9221-c9bce52e3e1f does not exist. Creating ...
2020-12-01 09:36:23,394 [pool-175-thread-1] INFO  storage.RaftStorageDirectory (RaftStorageDirectory.java:tryLock(343)) - Lock on /github/workspace/mnt/ozone/hadoop-ozone/integration-test/target/test-dir/MiniOzoneClusterImpl-8d4a4fce-edf6-4f04-8cc5-f8d714c00e47/datanode-0/data/ratis/5520013b-5f03-4bc3-9221-c9bce52e3e1f/in_use.lock acquired by nodename 17643@d8c3efac84dc
2020-12-01 09:36:23,397 [pool-175-thread-1] INFO  storage.RaftStorage (RaftStorage.java:format(85)) - Storage directory /github/workspace/mnt/ozone/hadoop-ozone/integration-test/target/test-dir/MiniOzoneClusterImpl-8d4a4fce-edf6-4f04-8cc5-f8d714c00e47/datanode-0/data/ratis/5520013b-5f03-4bc3-9221-c9bce52e3e1f has been successfully formatted.
2020-12-01 09:36:23,398 [pool-175-thread-1] INFO  ratis.ContainerStateMachine (ContainerStateMachine.java:loadSnapshot(225)) - group-C9BCE52E3E1F: The snapshot info is null. Setting the last applied indexto:(t:0, i:~)
2020-12-01 09:36:23,398 [pool-175-thread-1] INFO  server.RaftServerConfigKeys (ConfUtils.java:logGet(44)) - raft.server.notification.no-leader.timeout = 300s (custom)
2020-12-01 09:36:23,398 [pool-175-thread-1] INFO  server.RaftServerConfigKeys (ConfUtils.java:logGet(44)) - raft.server.log.use.memory = false (default)
2020-12-01 09:36:23,399 [pool-175-thread-1] INFO  server.RaftServerConfigKeys (ConfUtils.java:logGet(44)) - raft.server.log.purge.gap = 1000000 (custom)
2020-12-01 09:36:23,399 [pool-175-thread-1] INFO  metrics.RatisMetrics (RatisMetrics.java:lambda$create$0(36)) - Creating Metrics Registry : ratis.log_worker.baf9e0b0-2136-44d3-ba54-7cdd5cf3d2d0@group-C9BCE52E3E1F
2020-12-01 09:36:23,399 [pool-175-thread-1] INFO  server.RaftServerConfigKeys (ConfUtils.java:logGet(44)) - raft.server.log.appender.buffer.byte-limit = 33554432 (custom)
2020-12-01 09:36:23,399 [pool-175-thread-1] INFO  server.RaftServerConfigKeys (ConfUtils.java:logGet(44)) - raft.server.log.segment.size.max = 1048576 (custom)
2020-12-01 09:36:23,399 [EventQueue-PipelineReportForPipelineReportHandler] INFO  pipeline.PipelineStateManager (PipelineStateManager.java:openPipeline(132)) - Pipeline Pipeline[ Id: 5520013b-5f03-4bc3-9221-c9bce52e3e1f, Nodes: baf9e0b0-2136-44d3-ba54-7cdd5cf3d2d0{ip: 172.17.0.2, host: d8c3efac84dc, networkLocation: /default-rack, certSerialId: null}, Type:RATIS, Factor:ONE, State:ALLOCATED, leaderId:baf9e0b0-2136-44d3-ba54-7cdd5cf3d2d0, CreationTimestamp2020-12-01T09:36:20.387Z] moved to OPEN state
2020-12-01 09:36:23,400 [EventQueue-PipelineReportForOneReplicaPipelineSafeModeRule] INFO  safemode.SCMSafeModeManager (SCMSafeModeManager.java:validateSafeModeExitRules(214)) - AtleastOneDatanodeReportedRule rule is successfully validated
2020-12-01 09:36:23,400 [pool-175-thread-1] INFO  server.RaftServerConfigKeys (ConfUtils.java:logGet(44)) - raft.server.log.segment.cache.num.max = 2 (custom)
2020-12-01 09:36:23,400 [pool-175-thread-1] INFO  segmented.SegmentedRaftLogWorker (SegmentedRaftLogWorker.java:<init>(180)) - new baf9e0b0-2136-44d3-ba54-7cdd5cf3d2d0@group-C9BCE52E3E1F-SegmentedRaftLogWorker for RaftStorage:Storage Directory /github/workspace/mnt/ozone/hadoop-ozone/integration-test/target/test-dir/MiniOzoneClusterImpl-8d4a4fce-edf6-4f04-8cc5-f8d714c00e47/datanode-0/data/ratis/5520013b-5f03-4bc3-9221-c9bce52e3e1f
2020-12-01 09:36:23,400 [pool-175-thread-1] INFO  server.RaftServerConfigKeys (ConfUtils.java:logGet(44)) - raft.server.log.queue.byte-limit = 2147483647 (custom)
2020-12-01 09:36:23,402 [pool-175-thread-1] INFO  server.RaftServerConfigKeys (ConfUtils.java:logGet(44)) - raft.server.log.queue.element-limit = 1024 (custom)
2020-12-01 09:36:23,402 [pool-175-thread-1] INFO  server.RaftServerConfigKeys (ConfUtils.java:logGet(44)) - raft.server.log.segment.size.max = 1048576 (custom)
2020-12-01 09:36:23,403 [pool-175-thread-1] INFO  server.RaftServerConfigKeys (ConfUtils.java:logGet(44)) - raft.server.log.preallocated.size = 16384 (custom)
2020-12-01 09:36:23,403 [pool-175-thread-1] INFO  server.RaftServerConfigKeys (ConfUtils.java:logGet(44)) - raft.server.log.write.buffer.size = 1048576 (custom)
2020-12-01 09:36:23,403 [pool-175-thread-1] INFO  server.RaftServerConfigKeys (ConfUtils.java:logGet(44)) - raft.server.log.force.sync.num = 128 (default)
2020-12-01 09:36:23,403 [pool-175-thread-1] INFO  server.RaftServerConfigKeys (ConfUtils.java:logGet(44)) - raft.server.log.statemachine.data.sync = true (default)
2020-12-01 09:36:23,403 [pool-175-thread-1] INFO  server.RaftServerConfigKeys (ConfUtils.java:logGet(44)) - raft.server.log.statemachine.data.sync.timeout = 10s (default)
2020-12-01 09:36:23,403 [pool-175-thread-1] INFO  server.RaftServerConfigKeys (ConfUtils.java:logGet(44)) - raft.server.log.statemachine.data.sync.timeout.retry = -1 (default)
2020-12-01 09:36:23,400 [EventQueue-OpenPipelineForHealthyPipelineSafeModeRule] INFO  safemode.SCMSafeModeManager (HealthyPipelineSafeModeRule.java:process(128)) - SCM in safe mode. Healthy pipelines reported count is 0, required healthy pipeline reported count is 1
2020-12-01 09:36:23,405 [pool-175-thread-1] INFO  server.RaftServerConfigKeys (ConfUtils.java:logGet(44)) - raft.server.log.statemachine.data.caching.enabled = true (custom)
2020-12-01 09:36:23,405 [pool-175-thread-1] INFO  segmented.SegmentedRaftLogWorker (SegmentedRaftLogWorker.java:lambda$new$0(129)) - baf9e0b0-2136-44d3-ba54-7cdd5cf3d2d0@group-C9BCE52E3E1F-SegmentedRaftLogWorker: flushIndex: setUnconditionally 0 -> -1
2020-12-01 09:36:23,405 [pool-175-thread-1] INFO  segmented.SegmentedRaftLogWorker (SegmentedRaftLogWorker.java:lambda$new$0(129)) - baf9e0b0-2136-44d3-ba54-7cdd5cf3d2d0@group-C9BCE52E3E1F-SegmentedRaftLogWorker: safeCacheEvictIndex: setUnconditionally 0 -> -1
2020-12-01 09:36:23,410 [pool-175-thread-1] INFO  server.RaftServerConfigKeys (ConfUtils.java:logGet(44)) - raft.server.snapshot.auto.trigger.enabled = true (custom)
2020-12-01 09:36:23,410 [pool-175-thread-1] INFO  server.RaftServerConfigKeys (ConfUtils.java:logGet(44)) - raft.server.snapshot.auto.trigger.threshold = 10000 (custom)
2020-12-01 09:36:23,410 [pool-175-thread-1] INFO  server.RaftServerConfigKeys (ConfUtils.java:logGet(44)) - raft.server.snapshot.retention.file.num = 5 (custom)
2020-12-01 09:36:23,410 [pool-175-thread-1] INFO  server.RaftServerConfigKeys (ConfUtils.java:logGet(44)) - raft.server.log.purge.upto.snapshot.index = false (default)
2020-12-01 09:36:23,410 [pool-175-thread-1] INFO  server.RaftServerConfigKeys (ConfUtils.java:logGet(44)) - raft.server.retrycache.expirytime = 600000ms (custom)
2020-12-01 09:36:23,410 [pool-175-thread-1] INFO  metrics.RatisMetrics (RatisMetrics.java:lambda$create$0(36)) - Creating Metrics Registry : ratis.leader_election.baf9e0b0-2136-44d3-ba54-7cdd5cf3d2d0@group-C9BCE52E3E1F
2020-12-01 09:36:23,411 [pool-175-thread-1] INFO  metrics.RatisMetrics (RatisMetrics.java:lambda$create$0(36)) - Creating Metrics Registry : ratis.server.baf9e0b0-2136-44d3-ba54-7cdd5cf3d2d0@group-C9BCE52E3E1F
2020-12-01 09:36:23,412 [pool-175-thread-1] INFO  impl.RaftServerImpl (RaftServerImpl.java:start(215)) - baf9e0b0-2136-44d3-ba54-7cdd5cf3d2d0@group-C9BCE52E3E1F: start as a follower, conf=-1: [baf9e0b0-2136-44d3-ba54-7cdd5cf3d2d0|rpc:172.17.0.2:44279], old=null
2020-12-01 09:36:23,412 [pool-175-thread-1] INFO  impl.RaftServerImpl (RaftServerImpl.java:setRole(204)) - baf9e0b0-2136-44d3-ba54-7cdd5cf3d2d0@group-C9BCE52E3E1F: changes role from      null to FOLLOWER at term 0 for startAsFollower
2020-12-01 09:36:23,412 [pool-175-thread-1] INFO  impl.RoleInfo (RoleInfo.java:updateAndGet(143)) - baf9e0b0-2136-44d3-ba54-7cdd5cf3d2d0: start baf9e0b0-2136-44d3-ba54-7cdd5cf3d2d0@group-C9BCE52E3E1F-FollowerState
2020-12-01 09:36:23,421 [pool-175-thread-1] INFO  util.JmxRegister (JmxRegister.java:tryRegister(44)) - Successfully registered JMX Bean with object name Ratis:service=RaftServer,group=group-C9BCE52E3E1F,id=baf9e0b0-2136-44d3-ba54-7cdd5cf3d2d0
2020-12-01 09:36:23,421 [pool-175-thread-1] INFO  metrics.RatisMetrics (RatisMetrics.java:lambda$create$0(36)) - Creating Metrics Registry : ratis.state_machine.baf9e0b0-2136-44d3-ba54-7cdd5cf3d2d0@group-C9BCE52E3E1F
2020-12-01 09:36:23,422 [Command processor thread] INFO  commandhandler.CreatePipelineCommandHandler (CreatePipelineCommandHandler.java:handle(106)) - Created Pipeline RATIS ONE PipelineID=5520013b-5f03-4bc3-9221-c9bce52e3e1f.
2020-12-01 09:36:23,423 [Command processor thread] INFO  impl.RaftServerProxy (RaftServerProxy.java:addNew(93)) - baf9e0b0-2136-44d3-ba54-7cdd5cf3d2d0: addNew group-F3DB7A02F757:[166b87bd-eecb-47e0-96d7-94142ede9e7c|rpc:172.17.0.2:40201, baf9e0b0-2136-44d3-ba54-7cdd5cf3d2d0|rpc:172.17.0.2:44279, bd2246b5-b92f-4ca7-b3f9-6478d9a800dd|rpc:172.17.0.2:37467] returns group-F3DB7A02F757:java.util.concurrent.CompletableFuture@7e843b0d[Not completed]
2020-12-01 09:36:23,423 [pool-175-thread-1] INFO  impl.RaftServerImpl (RaftServerImpl.java:<init>(121)) - baf9e0b0-2136-44d3-ba54-7cdd5cf3d2d0: new RaftServerImpl for group-F3DB7A02F757:[166b87bd-eecb-47e0-96d7-94142ede9e7c|rpc:172.17.0.2:40201, baf9e0b0-2136-44d3-ba54-7cdd5cf3d2d0|rpc:172.17.0.2:44279, bd2246b5-b92f-4ca7-b3f9-6478d9a800dd|rpc:172.17.0.2:37467] with ContainerStateMachine:uninitialized
2020-12-01 09:36:23,424 [pool-175-thread-1] INFO  server.RaftServerConfigKeys (ConfUtils.java:logGet(44)) - raft.server.rpc.timeout.min = 5s (custom)
2020-12-01 09:36:23,424 [pool-175-thread-1] INFO  server.RaftServerConfigKeys (ConfUtils.java:logGet(44)) - raft.server.rpc.timeout.max = 5200ms (custom)
2020-12-01 09:36:23,424 [pool-175-thread-1] INFO  server.RaftServerConfigKeys (ConfUtils.java:logGet(44)) - raft.server.rpc.slowness.timeout = 300s (custom)
2020-12-01 09:36:23,424 [pool-175-thread-1] INFO  server.RaftServerConfigKeys (ConfUtils.java:logGet(44)) - raft.server.leaderelection.leader.step-down.wait-time = 10s (default)
2020-12-01 09:36:23,424 [pool-175-thread-1] INFO  server.RaftServerConfigKeys (ConfUtils.java:logGet(44)) - raft.server.sleep.deviation.threshold = 300 (default)
2020-12-01 09:36:23,424 [pool-175-thread-1] INFO  server.RaftServerConfigKeys (ConfUtils.java:logGet(44)) - raft.server.log.appender.install.snapshot.enabled = false (custom)
2020-12-01 09:36:23,424 [pool-175-thread-1] INFO  impl.RaftServerImpl (ServerState.java:<init>(104)) - baf9e0b0-2136-44d3-ba54-7cdd5cf3d2d0@group-F3DB7A02F757: ConfigurationManager, init=-1: [166b87bd-eecb-47e0-96d7-94142ede9e7c|rpc:172.17.0.2:40201, baf9e0b0-2136-44d3-ba54-7cdd5cf3d2d0|rpc:172.17.0.2:44279, bd2246b5-b92f-4ca7-b3f9-6478d9a800dd|rpc:172.17.0.2:37467], old=null, confs=<EMPTY_MAP>
2020-12-01 09:36:23,424 [pool-175-thread-1] INFO  server.RaftServerConfigKeys (ConfUtils.java:logGet(44)) - raft.server.storage.dir = [/github/workspace/mnt/ozone/hadoop-ozone/integration-test/target/test-dir/MiniOzoneClusterImpl-8d4a4fce-edf6-4f04-8cc5-f8d714c00e47/datanode-0/data/ratis] (custom)
2020-12-01 09:36:23,424 [pool-175-thread-1] INFO  server.RaftServerConfigKeys (ConfUtils.java:logGet(44)) - raft.server.log.corruption.policy = EXCEPTION (default)
2020-12-01 09:36:23,424 [pool-175-thread-1] INFO  storage.RaftStorageDirectory (RaftStorageDirectory.java:analyzeStorage(261)) - The storage directory /github/workspace/mnt/ozone/hadoop-ozone/integration-test/target/test-dir/MiniOzoneClusterImpl-8d4a4fce-edf6-4f04-8cc5-f8d714c00e47/datanode-0/data/ratis/ff8df048-472c-433c-93d2-f3db7a02f757 does not exist. Creating ...
2020-12-01 09:36:23,427 [pool-175-thread-1] INFO  storage.RaftStorageDirectory (RaftStorageDirectory.java:tryLock(343)) - Lock on /github/workspace/mnt/ozone/hadoop-ozone/integration-test/target/test-dir/MiniOzoneClusterImpl-8d4a4fce-edf6-4f04-8cc5-f8d714c00e47/datanode-0/data/ratis/ff8df048-472c-433c-93d2-f3db7a02f757/in_use.lock acquired by nodename 17643@d8c3efac84dc
2020-12-01 09:36:23,429 [pool-175-thread-1] INFO  storage.RaftStorage (RaftStorage.java:format(85)) - Storage directory /github/workspace/mnt/ozone/hadoop-ozone/integration-test/target/test-dir/MiniOzoneClusterImpl-8d4a4fce-edf6-4f04-8cc5-f8d714c00e47/datanode-0/data/ratis/ff8df048-472c-433c-93d2-f3db7a02f757 has been successfully formatted.
2020-12-01 09:36:23,429 [pool-175-thread-1] INFO  ratis.ContainerStateMachine (ContainerStateMachine.java:loadSnapshot(225)) - group-F3DB7A02F757: The snapshot info is null. Setting the last applied indexto:(t:0, i:~)
2020-12-01 09:36:23,429 [pool-175-thread-1] INFO  server.RaftServerConfigKeys (ConfUtils.java:logGet(44)) - raft.server.notification.no-leader.timeout = 300s (custom)
2020-12-01 09:36:23,429 [pool-175-thread-1] INFO  server.RaftServerConfigKeys (ConfUtils.java:logGet(44)) - raft.server.log.use.memory = false (default)
2020-12-01 09:36:23,429 [pool-175-thread-1] INFO  server.RaftServerConfigKeys (ConfUtils.java:logGet(44)) - raft.server.log.purge.gap = 1000000 (custom)
2020-12-01 09:36:23,430 [EventQueue-OpenPipelineForHealthyPipelineSafeModeRule] INFO  safemode.SCMSafeModeManager (HealthyPipelineSafeModeRule.java:process(128)) - SCM in safe mode. Healthy pipelines reported count is 0, required healthy pipeline reported count is 1
2020-12-01 09:36:23,430 [EventQueue-PipelineReportForOneReplicaPipelineSafeModeRule] INFO  safemode.SCMSafeModeManager (SCMSafeModeManager.java:validateSafeModeExitRules(214)) - AtleastOneDatanodeReportedRule rule is successfully validated
2020-12-01 09:36:23,430 [pool-175-thread-1] INFO  metrics.RatisMetrics (RatisMetrics.java:lambda$create$0(36)) - Creating Metrics Registry : ratis.log_worker.baf9e0b0-2136-44d3-ba54-7cdd5cf3d2d0@group-F3DB7A02F757
2020-12-01 09:36:23,431 [pool-175-thread-1] INFO  server.RaftServerConfigKeys (ConfUtils.java:logGet(44)) - raft.server.log.appender.buffer.byte-limit = 33554432 (custom)
2020-12-01 09:36:23,431 [pool-175-thread-1] INFO  server.RaftServerConfigKeys (ConfUtils.java:logGet(44)) - raft.server.log.segment.size.max = 1048576 (custom)
2020-12-01 09:36:23,431 [pool-175-thread-1] INFO  server.RaftServerConfigKeys (ConfUtils.java:logGet(44)) - raft.server.log.segment.cache.num.max = 2 (custom)
2020-12-01 09:36:23,432 [pool-175-thread-1] INFO  segmented.SegmentedRaftLogWorker (SegmentedRaftLogWorker.java:<init>(180)) - new baf9e0b0-2136-44d3-ba54-7cdd5cf3d2d0@group-F3DB7A02F757-SegmentedRaftLogWorker for RaftStorage:Storage Directory /github/workspace/mnt/ozone/hadoop-ozone/integration-test/target/test-dir/MiniOzoneClusterImpl-8d4a4fce-edf6-4f04-8cc5-f8d714c00e47/datanode-0/data/ratis/ff8df048-472c-433c-93d2-f3db7a02f757
2020-12-01 09:36:23,432 [pool-175-thread-1] INFO  server.RaftServerConfigKeys (ConfUtils.java:logGet(44)) - raft.server.log.queue.byte-limit = 2147483647 (custom)
2020-12-01 09:36:23,432 [pool-175-thread-1] INFO  server.RaftServerConfigKeys (ConfUtils.java:logGet(44)) - raft.server.log.queue.element-limit = 1024 (custom)
2020-12-01 09:36:23,432 [pool-175-thread-1] INFO  server.RaftServerConfigKeys (ConfUtils.java:logGet(44)) - raft.server.log.segment.size.max = 1048576 (custom)
2020-12-01 09:36:23,432 [pool-175-thread-1] INFO  server.RaftServerConfigKeys (ConfUtils.java:logGet(44)) - raft.server.log.preallocated.size = 16384 (custom)
2020-12-01 09:36:23,432 [pool-175-thread-1] INFO  server.RaftServerConfigKeys (ConfUtils.java:logGet(44)) - raft.server.log.write.buffer.size = 1048576 (custom)
2020-12-01 09:36:23,432 [pool-175-thread-1] INFO  server.RaftServerConfigKeys (ConfUtils.java:logGet(44)) - raft.server.log.force.sync.num = 128 (default)
2020-12-01 09:36:23,432 [pool-175-thread-1] INFO  server.RaftServerConfigKeys (ConfUtils.java:logGet(44)) - raft.server.log.statemachine.data.sync = true (default)
2020-12-01 09:36:23,432 [pool-175-thread-1] INFO  server.RaftServerConfigKeys (ConfUtils.java:logGet(44)) - raft.server.log.statemachine.data.sync.timeout = 10s (default)
2020-12-01 09:36:23,432 [pool-175-thread-1] INFO  server.RaftServerConfigKeys (ConfUtils.java:logGet(44)) - raft.server.log.statemachine.data.sync.timeout.retry = -1 (default)
2020-12-01 09:36:23,434 [pool-175-thread-1] INFO  server.RaftServerConfigKeys (ConfUtils.java:logGet(44)) - raft.server.log.statemachine.data.caching.enabled = true (custom)
2020-12-01 09:36:23,434 [pool-175-thread-1] INFO  segmented.SegmentedRaftLogWorker (SegmentedRaftLogWorker.java:lambda$new$0(129)) - baf9e0b0-2136-44d3-ba54-7cdd5cf3d2d0@group-F3DB7A02F757-SegmentedRaftLogWorker: flushIndex: setUnconditionally 0 -> -1
2020-12-01 09:36:23,434 [pool-175-thread-1] INFO  segmented.SegmentedRaftLogWorker (SegmentedRaftLogWorker.java:lambda$new$0(129)) - baf9e0b0-2136-44d3-ba54-7cdd5cf3d2d0@group-F3DB7A02F757-SegmentedRaftLogWorker: safeCacheEvictIndex: setUnconditionally 0 -> -1
2020-12-01 09:36:23,435 [pool-175-thread-1] INFO  server.RaftServerConfigKeys (ConfUtils.java:logGet(44)) - raft.server.snapshot.auto.trigger.enabled = true (custom)
2020-12-01 09:36:23,435 [pool-175-thread-1] INFO  server.RaftServerConfigKeys (ConfUtils.java:logGet(44)) - raft.server.snapshot.auto.trigger.threshold = 10000 (custom)
2020-12-01 09:36:23,435 [pool-175-thread-1] INFO  server.RaftServerConfigKeys (ConfUtils.java:logGet(44)) - raft.server.snapshot.retention.file.num = 5 (custom)
2020-12-01 09:36:23,435 [pool-175-thread-1] INFO  server.RaftServerConfigKeys (ConfUtils.java:logGet(44)) - raft.server.log.purge.upto.snapshot.index = false (default)
2020-12-01 09:36:23,435 [pool-175-thread-1] INFO  server.RaftServerConfigKeys (ConfUtils.java:logGet(44)) - raft.server.retrycache.expirytime = 600000ms (custom)
2020-12-01 09:36:23,435 [pool-175-thread-1] INFO  metrics.RatisMetrics (RatisMetrics.java:lambda$create$0(36)) - Creating Metrics Registry : ratis.leader_election.baf9e0b0-2136-44d3-ba54-7cdd5cf3d2d0@group-F3DB7A02F757
2020-12-01 09:36:23,435 [pool-175-thread-1] INFO  metrics.RatisMetrics (RatisMetrics.java:lambda$create$0(36)) - Creating Metrics Registry : ratis.server.baf9e0b0-2136-44d3-ba54-7cdd5cf3d2d0@group-F3DB7A02F757
2020-12-01 09:36:23,437 [pool-175-thread-1] INFO  impl.RaftServerImpl (RaftServerImpl.java:start(215)) - baf9e0b0-2136-44d3-ba54-7cdd5cf3d2d0@group-F3DB7A02F757: start as a follower, conf=-1: [166b87bd-eecb-47e0-96d7-94142ede9e7c|rpc:172.17.0.2:40201, baf9e0b0-2136-44d3-ba54-7cdd5cf3d2d0|rpc:172.17.0.2:44279, bd2246b5-b92f-4ca7-b3f9-6478d9a800dd|rpc:172.17.0.2:37467], old=null
2020-12-01 09:36:23,437 [pool-175-thread-1] INFO  impl.RaftServerImpl (RaftServerImpl.java:setRole(204)) - baf9e0b0-2136-44d3-ba54-7cdd5cf3d2d0@group-F3DB7A02F757: changes role from      null to FOLLOWER at term 0 for startAsFollower
2020-12-01 09:36:23,437 [pool-175-thread-1] INFO  impl.RoleInfo (RoleInfo.java:updateAndGet(143)) - baf9e0b0-2136-44d3-ba54-7cdd5cf3d2d0: start baf9e0b0-2136-44d3-ba54-7cdd5cf3d2d0@group-F3DB7A02F757-FollowerState
2020-12-01 09:36:23,437 [pool-175-thread-1] INFO  util.JmxRegister (JmxRegister.java:tryRegister(44)) - Successfully registered JMX Bean with object name Ratis:service=RaftServer,group=group-F3DB7A02F757,id=baf9e0b0-2136-44d3-ba54-7cdd5cf3d2d0
2020-12-01 09:36:23,437 [pool-175-thread-1] INFO  metrics.RatisMetrics (RatisMetrics.java:lambda$create$0(36)) - Creating Metrics Registry : ratis.state_machine.baf9e0b0-2136-44d3-ba54-7cdd5cf3d2d0@group-F3DB7A02F757
2020-12-01 09:36:23,439 [Command processor thread] INFO  metrics.RatisMetrics (RatisMetrics.java:lambda$create$0(36)) - Creating Metrics Registry : ratis.client_message_metrics.client-3571FF40A0ED->bd2246b5-b92f-4ca7-b3f9-6478d9a800dd
2020-12-01 09:36:23,445 [grpc-default-executor-3] INFO  metrics.RatisMetrics (RatisMetrics.java:lambda$create$0(36)) - Creating Metrics Registry : ratis.server_message_metrics.bd2246b5-b92f-4ca7-b3f9-6478d9a800dd
2020-12-01 09:36:23,447 [grpc-default-executor-3] INFO  impl.RaftServerProxy (RaftServerProxy.java:addNew(93)) - bd2246b5-b92f-4ca7-b3f9-6478d9a800dd: addNew group-F3DB7A02F757:[166b87bd-eecb-47e0-96d7-94142ede9e7c|rpc:172.17.0.2:40201|dataStream:, baf9e0b0-2136-44d3-ba54-7cdd5cf3d2d0|rpc:172.17.0.2:44279|dataStream:, bd2246b5-b92f-4ca7-b3f9-6478d9a800dd|rpc:172.17.0.2:37467|dataStream:] returns group-F3DB7A02F757:java.util.concurrent.CompletableFuture@480789f7[Not completed]
2020-12-01 09:36:23,450 [pool-191-thread-1] INFO  impl.RaftServerImpl (RaftServerImpl.java:<init>(121)) - bd2246b5-b92f-4ca7-b3f9-6478d9a800dd: new RaftServerImpl for group-F3DB7A02F757:[166b87bd-eecb-47e0-96d7-94142ede9e7c|rpc:172.17.0.2:40201|dataStream:, baf9e0b0-2136-44d3-ba54-7cdd5cf3d2d0|rpc:172.17.0.2:44279|dataStream:, bd2246b5-b92f-4ca7-b3f9-6478d9a800dd|rpc:172.17.0.2:37467|dataStream:] with ContainerStateMachine:uninitialized
2020-12-01 09:36:23,450 [pool-191-thread-1] INFO  server.RaftServerConfigKeys (ConfUtils.java:logGet(44)) - raft.server.rpc.timeout.min = 5s (custom)
2020-12-01 09:36:23,450 [pool-191-thread-1] INFO  server.RaftServerConfigKeys (ConfUtils.java:logGet(44)) - raft.server.rpc.timeout.max = 5200ms (custom)
2020-12-01 09:36:23,450 [pool-191-thread-1] INFO  server.RaftServerConfigKeys (ConfUtils.java:logGet(44)) - raft.server.rpc.slowness.timeout = 300s (custom)
2020-12-01 09:36:23,451 [pool-191-thread-1] INFO  server.RaftServerConfigKeys (ConfUtils.java:logGet(44)) - raft.server.leaderelection.leader.step-down.wait-time = 10s (default)
2020-12-01 09:36:23,451 [pool-191-thread-1] INFO  server.RaftServerConfigKeys (ConfUtils.java:logGet(44)) - raft.server.sleep.deviation.threshold = 300 (default)
2020-12-01 09:36:23,451 [pool-191-thread-1] INFO  server.RaftServerConfigKeys (ConfUtils.java:logGet(44)) - raft.server.log.appender.install.snapshot.enabled = false (custom)
2020-12-01 09:36:23,451 [pool-191-thread-1] INFO  impl.RaftServerImpl (ServerState.java:<init>(104)) - bd2246b5-b92f-4ca7-b3f9-6478d9a800dd@group-F3DB7A02F757: ConfigurationManager, init=-1: [166b87bd-eecb-47e0-96d7-94142ede9e7c|rpc:172.17.0.2:40201|dataStream:, baf9e0b0-2136-44d3-ba54-7cdd5cf3d2d0|rpc:172.17.0.2:44279|dataStream:, bd2246b5-b92f-4ca7-b3f9-6478d9a800dd|rpc:172.17.0.2:37467|dataStream:], old=null, confs=<EMPTY_MAP>
2020-12-01 09:36:23,451 [pool-191-thread-1] INFO  server.RaftServerConfigKeys (ConfUtils.java:logGet(44)) - raft.server.storage.dir = [/github/workspace/mnt/ozone/hadoop-ozone/integration-test/target/test-dir/MiniOzoneClusterImpl-8d4a4fce-edf6-4f04-8cc5-f8d714c00e47/datanode-1/data/ratis] (custom)
2020-12-01 09:36:23,451 [pool-191-thread-1] INFO  server.RaftServerConfigKeys (ConfUtils.java:logGet(44)) - raft.server.log.corruption.policy = EXCEPTION (default)
2020-12-01 09:36:23,451 [pool-191-thread-1] INFO  storage.RaftStorageDirectory (RaftStorageDirectory.java:analyzeStorage(261)) - The storage directory /github/workspace/mnt/ozone/hadoop-ozone/integration-test/target/test-dir/MiniOzoneClusterImpl-8d4a4fce-edf6-4f04-8cc5-f8d714c00e47/datanode-1/data/ratis/ff8df048-472c-433c-93d2-f3db7a02f757 does not exist. Creating ...
2020-12-01 09:36:23,452 [pool-191-thread-1] INFO  storage.RaftStorageDirectory (RaftStorageDirectory.java:tryLock(343)) - Lock on /github/workspace/mnt/ozone/hadoop-ozone/integration-test/target/test-dir/MiniOzoneClusterImpl-8d4a4fce-edf6-4f04-8cc5-f8d714c00e47/datanode-1/data/ratis/ff8df048-472c-433c-93d2-f3db7a02f757/in_use.lock acquired by nodename 17643@d8c3efac84dc
2020-12-01 09:36:23,454 [pool-191-thread-1] INFO  storage.RaftStorage (RaftStorage.java:format(85)) - Storage directory /github/workspace/mnt/ozone/hadoop-ozone/integration-test/target/test-dir/MiniOzoneClusterImpl-8d4a4fce-edf6-4f04-8cc5-f8d714c00e47/datanode-1/data/ratis/ff8df048-472c-433c-93d2-f3db7a02f757 has been successfully formatted.
2020-12-01 09:36:23,455 [pool-191-thread-1] INFO  ratis.ContainerStateMachine (ContainerStateMachine.java:loadSnapshot(225)) - group-F3DB7A02F757: The snapshot info is null. Setting the last applied indexto:(t:0, i:~)
2020-12-01 09:36:23,455 [pool-191-thread-1] INFO  server.RaftServerConfigKeys (ConfUtils.java:logGet(44)) - raft.server.notification.no-leader.timeout = 300s (custom)
2020-12-01 09:36:23,455 [pool-191-thread-1] INFO  server.RaftServerConfigKeys (ConfUtils.java:logGet(44)) - raft.server.log.use.memory = false (default)
2020-12-01 09:36:23,455 [pool-191-thread-1] INFO  server.RaftServerConfigKeys (ConfUtils.java:logGet(44)) - raft.server.log.purge.gap = 1000000 (custom)
2020-12-01 09:36:23,455 [pool-191-thread-1] INFO  metrics.RatisMetrics (RatisMetrics.java:lambda$create$0(36)) - Creating Metrics Registry : ratis.log_worker.bd2246b5-b92f-4ca7-b3f9-6478d9a800dd@group-F3DB7A02F757
2020-12-01 09:36:23,455 [EventQueue-PipelineReportForOneReplicaPipelineSafeModeRule] INFO  safemode.SCMSafeModeManager (SCMSafeModeManager.java:validateSafeModeExitRules(214)) - AtleastOneDatanodeReportedRule rule is successfully validated
2020-12-01 09:36:23,457 [pool-191-thread-1] INFO  server.RaftServerConfigKeys (ConfUtils.java:logGet(44)) - raft.server.log.appender.buffer.byte-limit = 33554432 (custom)
2020-12-01 09:36:23,457 [pool-191-thread-1] INFO  server.RaftServerConfigKeys (ConfUtils.java:logGet(44)) - raft.server.log.segment.size.max = 1048576 (custom)
2020-12-01 09:36:23,457 [pool-191-thread-1] INFO  server.RaftServerConfigKeys (ConfUtils.java:logGet(44)) - raft.server.log.segment.cache.num.max = 2 (custom)
2020-12-01 09:36:23,457 [pool-191-thread-1] INFO  segmented.SegmentedRaftLogWorker (SegmentedRaftLogWorker.java:<init>(180)) - new bd2246b5-b92f-4ca7-b3f9-6478d9a800dd@group-F3DB7A02F757-SegmentedRaftLogWorker for RaftStorage:Storage Directory /github/workspace/mnt/ozone/hadoop-ozone/integration-test/target/test-dir/MiniOzoneClusterImpl-8d4a4fce-edf6-4f04-8cc5-f8d714c00e47/datanode-1/data/ratis/ff8df048-472c-433c-93d2-f3db7a02f757
2020-12-01 09:36:23,457 [pool-191-thread-1] INFO  server.RaftServerConfigKeys (ConfUtils.java:logGet(44)) - raft.server.log.queue.byte-limit = 2147483647 (custom)
2020-12-01 09:36:23,457 [pool-191-thread-1] INFO  server.RaftServerConfigKeys (ConfUtils.java:logGet(44)) - raft.server.log.queue.element-limit = 1024 (custom)
2020-12-01 09:36:23,457 [pool-191-thread-1] INFO  server.RaftServerConfigKeys (ConfUtils.java:logGet(44)) - raft.server.log.segment.size.max = 1048576 (custom)
2020-12-01 09:36:23,457 [pool-191-thread-1] INFO  server.RaftServerConfigKeys (ConfUtils.java:logGet(44)) - raft.server.log.preallocated.size = 16384 (custom)
2020-12-01 09:36:23,457 [pool-191-thread-1] INFO  server.RaftServerConfigKeys (ConfUtils.java:logGet(44)) - raft.server.log.write.buffer.size = 1048576 (custom)
2020-12-01 09:36:23,457 [pool-191-thread-1] INFO  server.RaftServerConfigKeys (ConfUtils.java:logGet(44)) - raft.server.log.force.sync.num = 128 (default)
2020-12-01 09:36:23,458 [pool-191-thread-1] INFO  server.RaftServerConfigKeys (ConfUtils.java:logGet(44)) - raft.server.log.statemachine.data.sync = true (default)
2020-12-01 09:36:23,458 [pool-191-thread-1] INFO  server.RaftServerConfigKeys (ConfUtils.java:logGet(44)) - raft.server.log.statemachine.data.sync.timeout = 10s (default)
2020-12-01 09:36:23,458 [pool-191-thread-1] INFO  server.RaftServerConfigKeys (ConfUtils.java:logGet(44)) - raft.server.log.statemachine.data.sync.timeout.retry = -1 (default)
2020-12-01 09:36:23,459 [pool-191-thread-1] INFO  server.RaftServerConfigKeys (ConfUtils.java:logGet(44)) - raft.server.log.statemachine.data.caching.enabled = true (custom)
2020-12-01 09:36:23,460 [pool-191-thread-1] INFO  segmented.SegmentedRaftLogWorker (SegmentedRaftLogWorker.java:lambda$new$0(129)) - bd2246b5-b92f-4ca7-b3f9-6478d9a800dd@group-F3DB7A02F757-SegmentedRaftLogWorker: flushIndex: setUnconditionally 0 -> -1
2020-12-01 09:36:23,460 [pool-191-thread-1] INFO  segmented.SegmentedRaftLogWorker (SegmentedRaftLogWorker.java:lambda$new$0(129)) - bd2246b5-b92f-4ca7-b3f9-6478d9a800dd@group-F3DB7A02F757-SegmentedRaftLogWorker: safeCacheEvictIndex: setUnconditionally 0 -> -1
2020-12-01 09:36:23,464 [pool-191-thread-1] INFO  server.RaftServerConfigKeys (ConfUtils.java:logGet(44)) - raft.server.snapshot.auto.trigger.enabled = true (custom)
2020-12-01 09:36:23,464 [pool-191-thread-1] INFO  server.RaftServerConfigKeys (ConfUtils.java:logGet(44)) - raft.server.snapshot.auto.trigger.threshold = 10000 (custom)
2020-12-01 09:36:23,464 [pool-191-thread-1] INFO  server.RaftServerConfigKeys (ConfUtils.java:logGet(44)) - raft.server.snapshot.retention.file.num = 5 (custom)
2020-12-01 09:36:23,464 [pool-191-thread-1] INFO  server.RaftServerConfigKeys (ConfUtils.java:logGet(44)) - raft.server.log.purge.upto.snapshot.index = false (default)
2020-12-01 09:36:23,465 [pool-191-thread-1] INFO  server.RaftServerConfigKeys (ConfUtils.java:logGet(44)) - raft.server.retrycache.expirytime = 600000ms (custom)
2020-12-01 09:36:23,465 [pool-191-thread-1] INFO  metrics.RatisMetrics (RatisMetrics.java:lambda$create$0(36)) - Creating Metrics Registry : ratis.leader_election.bd2246b5-b92f-4ca7-b3f9-6478d9a800dd@group-F3DB7A02F757
2020-12-01 09:36:23,466 [pool-191-thread-1] INFO  metrics.RatisMetrics (RatisMetrics.java:lambda$create$0(36)) - Creating Metrics Registry : ratis.server.bd2246b5-b92f-4ca7-b3f9-6478d9a800dd@group-F3DB7A02F757
2020-12-01 09:36:23,467 [pool-191-thread-1] INFO  impl.RaftServerImpl (RaftServerImpl.java:start(215)) - bd2246b5-b92f-4ca7-b3f9-6478d9a800dd@group-F3DB7A02F757: start as a follower, conf=-1: [166b87bd-eecb-47e0-96d7-94142ede9e7c|rpc:172.17.0.2:40201|dataStream:, baf9e0b0-2136-44d3-ba54-7cdd5cf3d2d0|rpc:172.17.0.2:44279|dataStream:, bd2246b5-b92f-4ca7-b3f9-6478d9a800dd|rpc:172.17.0.2:37467|dataStream:], old=null
2020-12-01 09:36:23,468 [pool-191-thread-1] INFO  impl.RaftServerImpl (RaftServerImpl.java:setRole(204)) - bd2246b5-b92f-4ca7-b3f9-6478d9a800dd@group-F3DB7A02F757: changes role from      null to FOLLOWER at term 0 for startAsFollower
2020-12-01 09:36:23,468 [pool-191-thread-1] INFO  impl.RoleInfo (RoleInfo.java:updateAndGet(143)) - bd2246b5-b92f-4ca7-b3f9-6478d9a800dd: start bd2246b5-b92f-4ca7-b3f9-6478d9a800dd@group-F3DB7A02F757-FollowerState
2020-12-01 09:36:23,470 [pool-191-thread-1] INFO  util.JmxRegister (JmxRegister.java:tryRegister(44)) - Successfully registered JMX Bean with object name Ratis:service=RaftServer,group=group-F3DB7A02F757,id=bd2246b5-b92f-4ca7-b3f9-6478d9a800dd
2020-12-01 09:36:23,470 [pool-191-thread-1] INFO  metrics.RatisMetrics (RatisMetrics.java:lambda$create$0(36)) - Creating Metrics Registry : ratis.state_machine.bd2246b5-b92f-4ca7-b3f9-6478d9a800dd@group-F3DB7A02F757
2020-12-01 09:36:23,480 [Command processor thread] INFO  metrics.RatisMetrics (RatisMetrics.java:lambda$create$0(36)) - Creating Metrics Registry : ratis.client_message_metrics.client-0CF3ED91D798->166b87bd-eecb-47e0-96d7-94142ede9e7c
2020-12-01 09:36:23,485 [grpc-default-executor-3] INFO  metrics.RatisMetrics (RatisMetrics.java:lambda$create$0(36)) - Creating Metrics Registry : ratis.server_message_metrics.166b87bd-eecb-47e0-96d7-94142ede9e7c
2020-12-01 09:36:23,490 [grpc-default-executor-3] INFO  impl.RaftServerProxy (RaftServerProxy.java:addNew(93)) - 166b87bd-eecb-47e0-96d7-94142ede9e7c: addNew group-F3DB7A02F757:[166b87bd-eecb-47e0-96d7-94142ede9e7c|rpc:172.17.0.2:40201|dataStream:, baf9e0b0-2136-44d3-ba54-7cdd5cf3d2d0|rpc:172.17.0.2:44279|dataStream:, bd2246b5-b92f-4ca7-b3f9-6478d9a800dd|rpc:172.17.0.2:37467|dataStream:] returns group-F3DB7A02F757:java.util.concurrent.CompletableFuture@43d5db9e[Not completed]
2020-12-01 09:36:23,493 [pool-207-thread-1] INFO  impl.RaftServerImpl (RaftServerImpl.java:<init>(121)) - 166b87bd-eecb-47e0-96d7-94142ede9e7c: new RaftServerImpl for group-F3DB7A02F757:[166b87bd-eecb-47e0-96d7-94142ede9e7c|rpc:172.17.0.2:40201|dataStream:, baf9e0b0-2136-44d3-ba54-7cdd5cf3d2d0|rpc:172.17.0.2:44279|dataStream:, bd2246b5-b92f-4ca7-b3f9-6478d9a800dd|rpc:172.17.0.2:37467|dataStream:] with ContainerStateMachine:uninitialized
2020-12-01 09:36:23,494 [pool-207-thread-1] INFO  server.RaftServerConfigKeys (ConfUtils.java:logGet(44)) - raft.server.rpc.timeout.min = 5s (custom)
2020-12-01 09:36:23,494 [pool-207-thread-1] INFO  server.RaftServerConfigKeys (ConfUtils.java:logGet(44)) - raft.server.rpc.timeout.max = 5200ms (custom)
2020-12-01 09:36:23,494 [pool-207-thread-1] INFO  server.RaftServerConfigKeys (ConfUtils.java:logGet(44)) - raft.server.rpc.slowness.timeout = 300s (custom)
2020-12-01 09:36:23,494 [pool-207-thread-1] INFO  server.RaftServerConfigKeys (ConfUtils.java:logGet(44)) - raft.server.leaderelection.leader.step-down.wait-time = 10s (default)
2020-12-01 09:36:23,494 [pool-207-thread-1] INFO  server.RaftServerConfigKeys (ConfUtils.java:logGet(44)) - raft.server.sleep.deviation.threshold = 300 (default)
2020-12-01 09:36:23,494 [pool-207-thread-1] INFO  server.RaftServerConfigKeys (ConfUtils.java:logGet(44)) - raft.server.log.appender.install.snapshot.enabled = false (custom)
2020-12-01 09:36:23,495 [pool-207-thread-1] INFO  impl.RaftServerImpl (ServerState.java:<init>(104)) - 166b87bd-eecb-47e0-96d7-94142ede9e7c@group-F3DB7A02F757: ConfigurationManager, init=-1: [166b87bd-eecb-47e0-96d7-94142ede9e7c|rpc:172.17.0.2:40201|dataStream:, baf9e0b0-2136-44d3-ba54-7cdd5cf3d2d0|rpc:172.17.0.2:44279|dataStream:, bd2246b5-b92f-4ca7-b3f9-6478d9a800dd|rpc:172.17.0.2:37467|dataStream:], old=null, confs=<EMPTY_MAP>
2020-12-01 09:36:23,496 [pool-207-thread-1] INFO  server.RaftServerConfigKeys (ConfUtils.java:logGet(44)) - raft.server.storage.dir = [/github/workspace/mnt/ozone/hadoop-ozone/integration-test/target/test-dir/MiniOzoneClusterImpl-8d4a4fce-edf6-4f04-8cc5-f8d714c00e47/datanode-2/data/ratis] (custom)
2020-12-01 09:36:23,496 [pool-207-thread-1] INFO  server.RaftServerConfigKeys (ConfUtils.java:logGet(44)) - raft.server.log.corruption.policy = EXCEPTION (default)
2020-12-01 09:36:23,497 [pool-207-thread-1] INFO  storage.RaftStorageDirectory (RaftStorageDirectory.java:analyzeStorage(261)) - The storage directory /github/workspace/mnt/ozone/hadoop-ozone/integration-test/target/test-dir/MiniOzoneClusterImpl-8d4a4fce-edf6-4f04-8cc5-f8d714c00e47/datanode-2/data/ratis/ff8df048-472c-433c-93d2-f3db7a02f757 does not exist. Creating ...
2020-12-01 09:36:23,498 [pool-207-thread-1] INFO  storage.RaftStorageDirectory (RaftStorageDirectory.java:tryLock(343)) - Lock on /github/workspace/mnt/ozone/hadoop-ozone/integration-test/target/test-dir/MiniOzoneClusterImpl-8d4a4fce-edf6-4f04-8cc5-f8d714c00e47/datanode-2/data/ratis/ff8df048-472c-433c-93d2-f3db7a02f757/in_use.lock acquired by nodename 17643@d8c3efac84dc
2020-12-01 09:36:23,499 [pool-207-thread-1] INFO  storage.RaftStorage (RaftStorage.java:format(85)) - Storage directory /github/workspace/mnt/ozone/hadoop-ozone/integration-test/target/test-dir/MiniOzoneClusterImpl-8d4a4fce-edf6-4f04-8cc5-f8d714c00e47/datanode-2/data/ratis/ff8df048-472c-433c-93d2-f3db7a02f757 has been successfully formatted.
2020-12-01 09:36:23,503 [EventQueue-PipelineReportForOneReplicaPipelineSafeModeRule] INFO  safemode.SCMSafeModeManager (SCMSafeModeManager.java:validateSafeModeExitRules(214)) - AtleastOneDatanodeReportedRule rule is successfully validated
2020-12-01 09:36:23,504 [pool-207-thread-1] INFO  ratis.ContainerStateMachine (ContainerStateMachine.java:loadSnapshot(225)) - group-F3DB7A02F757: The snapshot info is null. Setting the last applied indexto:(t:0, i:~)
2020-12-01 09:36:23,504 [pool-207-thread-1] INFO  server.RaftServerConfigKeys (ConfUtils.java:logGet(44)) - raft.server.notification.no-leader.timeout = 300s (custom)
2020-12-01 09:36:23,504 [pool-207-thread-1] INFO  server.RaftServerConfigKeys (ConfUtils.java:logGet(44)) - raft.server.log.use.memory = false (default)
2020-12-01 09:36:23,504 [pool-207-thread-1] INFO  server.RaftServerConfigKeys (ConfUtils.java:logGet(44)) - raft.server.log.purge.gap = 1000000 (custom)
2020-12-01 09:36:23,504 [pool-207-thread-1] INFO  metrics.RatisMetrics (RatisMetrics.java:lambda$create$0(36)) - Creating Metrics Registry : ratis.log_worker.166b87bd-eecb-47e0-96d7-94142ede9e7c@group-F3DB7A02F757
2020-12-01 09:36:23,505 [pool-207-thread-1] INFO  server.RaftServerConfigKeys (ConfUtils.java:logGet(44)) - raft.server.log.appender.buffer.byte-limit = 33554432 (custom)
2020-12-01 09:36:23,505 [pool-207-thread-1] INFO  server.RaftServerConfigKeys (ConfUtils.java:logGet(44)) - raft.server.log.segment.size.max = 1048576 (custom)
2020-12-01 09:36:23,505 [pool-207-thread-1] INFO  server.RaftServerConfigKeys (ConfUtils.java:logGet(44)) - raft.server.log.segment.cache.num.max = 2 (custom)
2020-12-01 09:36:23,507 [pool-207-thread-1] INFO  segmented.SegmentedRaftLogWorker (SegmentedRaftLogWorker.java:<init>(180)) - new 166b87bd-eecb-47e0-96d7-94142ede9e7c@group-F3DB7A02F757-SegmentedRaftLogWorker for RaftStorage:Storage Directory /github/workspace/mnt/ozone/hadoop-ozone/integration-test/target/test-dir/MiniOzoneClusterImpl-8d4a4fce-edf6-4f04-8cc5-f8d714c00e47/datanode-2/data/ratis/ff8df048-472c-433c-93d2-f3db7a02f757
2020-12-01 09:36:23,507 [pool-207-thread-1] INFO  server.RaftServerConfigKeys (ConfUtils.java:logGet(44)) - raft.server.log.queue.byte-limit = 2147483647 (custom)
2020-12-01 09:36:23,508 [pool-207-thread-1] INFO  server.RaftServerConfigKeys (ConfUtils.java:logGet(44)) - raft.server.log.queue.element-limit = 1024 (custom)
2020-12-01 09:36:23,508 [pool-207-thread-1] INFO  server.RaftServerConfigKeys (ConfUtils.java:logGet(44)) - raft.server.log.segment.size.max = 1048576 (custom)
2020-12-01 09:36:23,508 [pool-207-thread-1] INFO  server.RaftServerConfigKeys (ConfUtils.java:logGet(44)) - raft.server.log.preallocated.size = 16384 (custom)
2020-12-01 09:36:23,508 [pool-207-thread-1] INFO  server.RaftServerConfigKeys (ConfUtils.java:logGet(44)) - raft.server.log.write.buffer.size = 1048576 (custom)
2020-12-01 09:36:23,508 [pool-207-thread-1] INFO  server.RaftServerConfigKeys (ConfUtils.java:logGet(44)) - raft.server.log.force.sync.num = 128 (default)
2020-12-01 09:36:23,508 [pool-207-thread-1] INFO  server.RaftServerConfigKeys (ConfUtils.java:logGet(44)) - raft.server.log.statemachine.data.sync = true (default)
2020-12-01 09:36:23,508 [pool-207-thread-1] INFO  server.RaftServerConfigKeys (ConfUtils.java:logGet(44)) - raft.server.log.statemachine.data.sync.timeout = 10s (default)
2020-12-01 09:36:23,509 [pool-207-thread-1] INFO  server.RaftServerConfigKeys (ConfUtils.java:logGet(44)) - raft.server.log.statemachine.data.sync.timeout.retry = -1 (default)
2020-12-01 09:36:23,510 [pool-207-thread-1] INFO  server.RaftServerConfigKeys (ConfUtils.java:logGet(44)) - raft.server.log.statemachine.data.caching.enabled = true (custom)
2020-12-01 09:36:23,511 [pool-207-thread-1] INFO  segmented.SegmentedRaftLogWorker (SegmentedRaftLogWorker.java:lambda$new$0(129)) - 166b87bd-eecb-47e0-96d7-94142ede9e7c@group-F3DB7A02F757-SegmentedRaftLogWorker: flushIndex: setUnconditionally 0 -> -1
2020-12-01 09:36:23,511 [pool-207-thread-1] INFO  segmented.SegmentedRaftLogWorker (SegmentedRaftLogWorker.java:lambda$new$0(129)) - 166b87bd-eecb-47e0-96d7-94142ede9e7c@group-F3DB7A02F757-SegmentedRaftLogWorker: safeCacheEvictIndex: setUnconditionally 0 -> -1
2020-12-01 09:36:23,511 [pool-207-thread-1] INFO  server.RaftServerConfigKeys (ConfUtils.java:logGet(44)) - raft.server.snapshot.auto.trigger.enabled = true (custom)
2020-12-01 09:36:23,511 [pool-207-thread-1] INFO  server.RaftServerConfigKeys (ConfUtils.java:logGet(44)) - raft.server.snapshot.auto.trigger.threshold = 10000 (custom)
2020-12-01 09:36:23,511 [pool-207-thread-1] INFO  server.RaftServerConfigKeys (ConfUtils.java:logGet(44)) - raft.server.snapshot.retention.file.num = 5 (custom)
2020-12-01 09:36:23,511 [pool-207-thread-1] INFO  server.RaftServerConfigKeys (ConfUtils.java:logGet(44)) - raft.server.log.purge.upto.snapshot.index = false (default)
2020-12-01 09:36:23,511 [pool-207-thread-1] INFO  server.RaftServerConfigKeys (ConfUtils.java:logGet(44)) - raft.server.retrycache.expirytime = 600000ms (custom)
2020-12-01 09:36:23,512 [pool-207-thread-1] INFO  metrics.RatisMetrics (RatisMetrics.java:lambda$create$0(36)) - Creating Metrics Registry : ratis.leader_election.166b87bd-eecb-47e0-96d7-94142ede9e7c@group-F3DB7A02F757
2020-12-01 09:36:23,512 [pool-207-thread-1] INFO  metrics.RatisMetrics (RatisMetrics.java:lambda$create$0(36)) - Creating Metrics Registry : ratis.server.166b87bd-eecb-47e0-96d7-94142ede9e7c@group-F3DB7A02F757
2020-12-01 09:36:23,513 [pool-207-thread-1] INFO  impl.RaftServerImpl (RaftServerImpl.java:start(215)) - 166b87bd-eecb-47e0-96d7-94142ede9e7c@group-F3DB7A02F757: start as a follower, conf=-1: [166b87bd-eecb-47e0-96d7-94142ede9e7c|rpc:172.17.0.2:40201|dataStream:, baf9e0b0-2136-44d3-ba54-7cdd5cf3d2d0|rpc:172.17.0.2:44279|dataStream:, bd2246b5-b92f-4ca7-b3f9-6478d9a800dd|rpc:172.17.0.2:37467|dataStream:], old=null
2020-12-01 09:36:23,513 [pool-207-thread-1] INFO  impl.RaftServerImpl (RaftServerImpl.java:setRole(204)) - 166b87bd-eecb-47e0-96d7-94142ede9e7c@group-F3DB7A02F757: changes role from      null to FOLLOWER at term 0 for startAsFollower
2020-12-01 09:36:23,513 [pool-207-thread-1] INFO  impl.RoleInfo (RoleInfo.java:updateAndGet(143)) - 166b87bd-eecb-47e0-96d7-94142ede9e7c: start 166b87bd-eecb-47e0-96d7-94142ede9e7c@group-F3DB7A02F757-FollowerState
2020-12-01 09:36:23,517 [pool-207-thread-1] INFO  util.JmxRegister (JmxRegister.java:tryRegister(44)) - Successfully registered JMX Bean with object name Ratis:service=RaftServer,group=group-F3DB7A02F757,id=166b87bd-eecb-47e0-96d7-94142ede9e7c
2020-12-01 09:36:23,517 [pool-207-thread-1] INFO  metrics.RatisMetrics (RatisMetrics.java:lambda$create$0(36)) - Creating Metrics Registry : ratis.state_machine.166b87bd-eecb-47e0-96d7-94142ede9e7c@group-F3DB7A02F757
2020-12-01 09:36:23,528 [Command processor thread] INFO  commandhandler.CreatePipelineCommandHandler (CreatePipelineCommandHandler.java:handle(106)) - Created Pipeline RATIS THREE PipelineID=ff8df048-472c-433c-93d2-f3db7a02f757.
2020-12-01 09:36:23,579 [Listener at 127.0.0.1/32799] INFO  ozone.MiniOzoneClusterImpl (MiniOzoneClusterImpl.java:lambda$waitForClusterToBeReady$0(178)) - Nodes are ready. Got 7 of 7 DN Heartbeats.
2020-12-01 09:36:23,579 [Listener at 127.0.0.1/32799] INFO  ozone.MiniOzoneClusterImpl (MiniOzoneClusterImpl.java:lambda$waitForClusterToBeReady$0(181)) - Waiting for cluster to exit safe mode
2020-12-01 09:36:23,589 [Command processor thread] INFO  impl.RaftServerProxy (RaftServerProxy.java:addNew(93)) - bd2246b5-b92f-4ca7-b3f9-6478d9a800dd: addNew group-0F62F841E0F9:[bd2246b5-b92f-4ca7-b3f9-6478d9a800dd|rpc:172.17.0.2:37467] returns group-0F62F841E0F9:java.util.concurrent.CompletableFuture@36158d12[Not completed]
2020-12-01 09:36:23,590 [pool-191-thread-1] INFO  impl.RaftServerImpl (RaftServerImpl.java:<init>(121)) - bd2246b5-b92f-4ca7-b3f9-6478d9a800dd: new RaftServerImpl for group-0F62F841E0F9:[bd2246b5-b92f-4ca7-b3f9-6478d9a800dd|rpc:172.17.0.2:37467] with ContainerStateMachine:uninitialized
2020-12-01 09:36:23,590 [pool-191-thread-1] INFO  server.RaftServerConfigKeys (ConfUtils.java:logGet(44)) - raft.server.rpc.timeout.min = 5s (custom)
2020-12-01 09:36:23,590 [pool-191-thread-1] INFO  server.RaftServerConfigKeys (ConfUtils.java:logGet(44)) - raft.server.rpc.timeout.max = 5200ms (custom)
2020-12-01 09:36:23,590 [pool-191-thread-1] INFO  server.RaftServerConfigKeys (ConfUtils.java:logGet(44)) - raft.server.rpc.slowness.timeout = 300s (custom)
2020-12-01 09:36:23,590 [pool-191-thread-1] INFO  server.RaftServerConfigKeys (ConfUtils.java:logGet(44)) - raft.server.leaderelection.leader.step-down.wait-time = 10s (default)
2020-12-01 09:36:23,591 [pool-191-thread-1] INFO  server.RaftServerConfigKeys (ConfUtils.java:logGet(44)) - raft.server.sleep.deviation.threshold = 300 (default)
2020-12-01 09:36:23,591 [pool-191-thread-1] INFO  server.RaftServerConfigKeys (ConfUtils.java:logGet(44)) - raft.server.log.appender.install.snapshot.enabled = false (custom)
2020-12-01 09:36:23,591 [pool-191-thread-1] INFO  impl.RaftServerImpl (ServerState.java:<init>(104)) - bd2246b5-b92f-4ca7-b3f9-6478d9a800dd@group-0F62F841E0F9: ConfigurationManager, init=-1: [bd2246b5-b92f-4ca7-b3f9-6478d9a800dd|rpc:172.17.0.2:37467], old=null, confs=<EMPTY_MAP>
2020-12-01 09:36:23,591 [pool-191-thread-1] INFO  server.RaftServerConfigKeys (ConfUtils.java:logGet(44)) - raft.server.storage.dir = [/github/workspace/mnt/ozone/hadoop-ozone/integration-test/target/test-dir/MiniOzoneClusterImpl-8d4a4fce-edf6-4f04-8cc5-f8d714c00e47/datanode-1/data/ratis] (custom)
2020-12-01 09:36:23,591 [pool-191-thread-1] INFO  server.RaftServerConfigKeys (ConfUtils.java:logGet(44)) - raft.server.log.corruption.policy = EXCEPTION (default)
2020-12-01 09:36:23,591 [pool-191-thread-1] INFO  storage.RaftStorageDirectory (RaftStorageDirectory.java:analyzeStorage(261)) - The storage directory /github/workspace/mnt/ozone/hadoop-ozone/integration-test/target/test-dir/MiniOzoneClusterImpl-8d4a4fce-edf6-4f04-8cc5-f8d714c00e47/datanode-1/data/ratis/39a54845-842d-437a-ba0d-0f62f841e0f9 does not exist. Creating ...
2020-12-01 09:36:23,592 [pool-191-thread-1] INFO  storage.RaftStorageDirectory (RaftStorageDirectory.java:tryLock(343)) - Lock on /github/workspace/mnt/ozone/hadoop-ozone/integration-test/target/test-dir/MiniOzoneClusterImpl-8d4a4fce-edf6-4f04-8cc5-f8d714c00e47/datanode-1/data/ratis/39a54845-842d-437a-ba0d-0f62f841e0f9/in_use.lock acquired by nodename 17643@d8c3efac84dc
2020-12-01 09:36:23,593 [pool-191-thread-1] INFO  storage.RaftStorage (RaftStorage.java:format(85)) - Storage directory /github/workspace/mnt/ozone/hadoop-ozone/integration-test/target/test-dir/MiniOzoneClusterImpl-8d4a4fce-edf6-4f04-8cc5-f8d714c00e47/datanode-1/data/ratis/39a54845-842d-437a-ba0d-0f62f841e0f9 has been successfully formatted.
2020-12-01 09:36:23,593 [pool-191-thread-1] INFO  ratis.ContainerStateMachine (ContainerStateMachine.java:loadSnapshot(225)) - group-0F62F841E0F9: The snapshot info is null. Setting the last applied indexto:(t:0, i:~)
2020-12-01 09:36:23,594 [pool-191-thread-1] INFO  server.RaftServerConfigKeys (ConfUtils.java:logGet(44)) - raft.server.notification.no-leader.timeout = 300s (custom)
2020-12-01 09:36:23,594 [pool-191-thread-1] INFO  server.RaftServerConfigKeys (ConfUtils.java:logGet(44)) - raft.server.log.use.memory = false (default)
2020-12-01 09:36:23,594 [pool-191-thread-1] INFO  server.RaftServerConfigKeys (ConfUtils.java:logGet(44)) - raft.server.log.purge.gap = 1000000 (custom)
2020-12-01 09:36:23,594 [pool-191-thread-1] INFO  metrics.RatisMetrics (RatisMetrics.java:lambda$create$0(36)) - Creating Metrics Registry : ratis.log_worker.bd2246b5-b92f-4ca7-b3f9-6478d9a800dd@group-0F62F841E0F9
2020-12-01 09:36:23,594 [pool-191-thread-1] INFO  server.RaftServerConfigKeys (ConfUtils.java:logGet(44)) - raft.server.log.appender.buffer.byte-limit = 33554432 (custom)
2020-12-01 09:36:23,594 [EventQueue-PipelineReportForOneReplicaPipelineSafeModeRule] INFO  safemode.SCMSafeModeManager (SCMSafeModeManager.java:validateSafeModeExitRules(214)) - AtleastOneDatanodeReportedRule rule is successfully validated
2020-12-01 09:36:23,594 [EventQueue-PipelineReportForPipelineReportHandler] INFO  pipeline.PipelineStateManager (PipelineStateManager.java:openPipeline(132)) - Pipeline Pipeline[ Id: 39a54845-842d-437a-ba0d-0f62f841e0f9, Nodes: bd2246b5-b92f-4ca7-b3f9-6478d9a800dd{ip: 172.17.0.2, host: d8c3efac84dc, networkLocation: /default-rack, certSerialId: null}, Type:RATIS, Factor:ONE, State:ALLOCATED, leaderId:bd2246b5-b92f-4ca7-b3f9-6478d9a800dd, CreationTimestamp2020-12-01T09:36:20.592Z] moved to OPEN state
2020-12-01 09:36:23,595 [EventQueue-OpenPipelineForHealthyPipelineSafeModeRule] INFO  safemode.SCMSafeModeManager (HealthyPipelineSafeModeRule.java:process(128)) - SCM in safe mode. Healthy pipelines reported count is 0, required healthy pipeline reported count is 1
2020-12-01 09:36:23,595 [pool-191-thread-1] INFO  server.RaftServerConfigKeys (ConfUtils.java:logGet(44)) - raft.server.log.segment.size.max = 1048576 (custom)
2020-12-01 09:36:23,596 [pool-191-thread-1] INFO  server.RaftServerConfigKeys (ConfUtils.java:logGet(44)) - raft.server.log.segment.cache.num.max = 2 (custom)
2020-12-01 09:36:23,596 [pool-191-thread-1] INFO  segmented.SegmentedRaftLogWorker (SegmentedRaftLogWorker.java:<init>(180)) - new bd2246b5-b92f-4ca7-b3f9-6478d9a800dd@group-0F62F841E0F9-SegmentedRaftLogWorker for RaftStorage:Storage Directory /github/workspace/mnt/ozone/hadoop-ozone/integration-test/target/test-dir/MiniOzoneClusterImpl-8d4a4fce-edf6-4f04-8cc5-f8d714c00e47/datanode-1/data/ratis/39a54845-842d-437a-ba0d-0f62f841e0f9
2020-12-01 09:36:23,596 [pool-191-thread-1] INFO  server.RaftServerConfigKeys (ConfUtils.java:logGet(44)) - raft.server.log.queue.byte-limit = 2147483647 (custom)
2020-12-01 09:36:23,596 [pool-191-thread-1] INFO  server.RaftServerConfigKeys (ConfUtils.java:logGet(44)) - raft.server.log.queue.element-limit = 1024 (custom)
2020-12-01 09:36:23,596 [pool-191-thread-1] INFO  server.RaftServerConfigKeys (ConfUtils.java:logGet(44)) - raft.server.log.segment.size.max = 1048576 (custom)
2020-12-01 09:36:23,596 [pool-191-thread-1] INFO  server.RaftServerConfigKeys (ConfUtils.java:logGet(44)) - raft.server.log.preallocated.size = 16384 (custom)
2020-12-01 09:36:23,596 [pool-191-thread-1] INFO  server.RaftServerConfigKeys (ConfUtils.java:logGet(44)) - raft.server.log.write.buffer.size = 1048576 (custom)
2020-12-01 09:36:23,597 [pool-191-thread-1] INFO  server.RaftServerConfigKeys (ConfUtils.java:logGet(44)) - raft.server.log.force.sync.num = 128 (default)
2020-12-01 09:36:23,597 [pool-191-thread-1] INFO  server.RaftServerConfigKeys (ConfUtils.java:logGet(44)) - raft.server.log.statemachine.data.sync = true (default)
2020-12-01 09:36:23,597 [pool-191-thread-1] INFO  server.RaftServerConfigKeys (ConfUtils.java:logGet(44)) - raft.server.log.statemachine.data.sync.timeout = 10s (default)
2020-12-01 09:36:23,597 [pool-191-thread-1] INFO  server.RaftServerConfigKeys (ConfUtils.java:logGet(44)) - raft.server.log.statemachine.data.sync.timeout.retry = -1 (default)
2020-12-01 09:36:23,599 [pool-191-thread-1] INFO  server.RaftServerConfigKeys (ConfUtils.java:logGet(44)) - raft.server.log.statemachine.data.caching.enabled = true (custom)
2020-12-01 09:36:23,599 [pool-191-thread-1] INFO  segmented.SegmentedRaftLogWorker (SegmentedRaftLogWorker.java:lambda$new$0(129)) - bd2246b5-b92f-4ca7-b3f9-6478d9a800dd@group-0F62F841E0F9-SegmentedRaftLogWorker: flushIndex: setUnconditionally 0 -> -1
2020-12-01 09:36:23,599 [pool-191-thread-1] INFO  segmented.SegmentedRaftLogWorker (SegmentedRaftLogWorker.java:lambda$new$0(129)) - bd2246b5-b92f-4ca7-b3f9-6478d9a800dd@group-0F62F841E0F9-SegmentedRaftLogWorker: safeCacheEvictIndex: setUnconditionally 0 -> -1
2020-12-01 09:36:23,600 [pool-191-thread-1] INFO  server.RaftServerConfigKeys (ConfUtils.java:logGet(44)) - raft.server.snapshot.auto.trigger.enabled = true (custom)
2020-12-01 09:36:23,600 [pool-191-thread-1] INFO  server.RaftServerConfigKeys (ConfUtils.java:logGet(44)) - raft.server.snapshot.auto.trigger.threshold = 10000 (custom)
2020-12-01 09:36:23,600 [pool-191-thread-1] INFO  server.RaftServerConfigKeys (ConfUtils.java:logGet(44)) - raft.server.snapshot.retention.file.num = 5 (custom)
2020-12-01 09:36:23,600 [pool-191-thread-1] INFO  server.RaftServerConfigKeys (ConfUtils.java:logGet(44)) - raft.server.log.purge.upto.snapshot.index = false (default)
2020-12-01 09:36:23,600 [pool-191-thread-1] INFO  server.RaftServerConfigKeys (ConfUtils.java:logGet(44)) - raft.server.retrycache.expirytime = 600000ms (custom)
2020-12-01 09:36:23,600 [pool-191-thread-1] INFO  metrics.RatisMetrics (RatisMetrics.java:lambda$create$0(36)) - Creating Metrics Registry : ratis.leader_election.bd2246b5-b92f-4ca7-b3f9-6478d9a800dd@group-0F62F841E0F9
2020-12-01 09:36:23,601 [pool-191-thread-1] INFO  metrics.RatisMetrics (RatisMetrics.java:lambda$create$0(36)) - Creating Metrics Registry : ratis.server.bd2246b5-b92f-4ca7-b3f9-6478d9a800dd@group-0F62F841E0F9
2020-12-01 09:36:23,602 [pool-191-thread-1] INFO  impl.RaftServerImpl (RaftServerImpl.java:start(215)) - bd2246b5-b92f-4ca7-b3f9-6478d9a800dd@group-0F62F841E0F9: start as a follower, conf=-1: [bd2246b5-b92f-4ca7-b3f9-6478d9a800dd|rpc:172.17.0.2:37467], old=null
2020-12-01 09:36:23,602 [pool-191-thread-1] INFO  impl.RaftServerImpl (RaftServerImpl.java:setRole(204)) - bd2246b5-b92f-4ca7-b3f9-6478d9a800dd@group-0F62F841E0F9: changes role from      null to FOLLOWER at term 0 for startAsFollower
2020-12-01 09:36:23,602 [pool-191-thread-1] INFO  impl.RoleInfo (RoleInfo.java:updateAndGet(143)) - bd2246b5-b92f-4ca7-b3f9-6478d9a800dd: start bd2246b5-b92f-4ca7-b3f9-6478d9a800dd@group-0F62F841E0F9-FollowerState
2020-12-01 09:36:23,606 [pool-191-thread-1] INFO  util.JmxRegister (JmxRegister.java:tryRegister(44)) - Successfully registered JMX Bean with object name Ratis:service=RaftServer,group=group-0F62F841E0F9,id=bd2246b5-b92f-4ca7-b3f9-6478d9a800dd
2020-12-01 09:36:23,607 [pool-191-thread-1] INFO  metrics.RatisMetrics (RatisMetrics.java:lambda$create$0(36)) - Creating Metrics Registry : ratis.state_machine.bd2246b5-b92f-4ca7-b3f9-6478d9a800dd@group-0F62F841E0F9
2020-12-01 09:36:23,608 [Command processor thread] INFO  commandhandler.CreatePipelineCommandHandler (CreatePipelineCommandHandler.java:handle(106)) - Created Pipeline RATIS ONE PipelineID=39a54845-842d-437a-ba0d-0f62f841e0f9.
2020-12-01 09:36:23,774 [Command processor thread] INFO  impl.RaftServerProxy (RaftServerProxy.java:addNew(93)) - 166b87bd-eecb-47e0-96d7-94142ede9e7c: addNew group-ADAE6030A7E1:[166b87bd-eecb-47e0-96d7-94142ede9e7c|rpc:172.17.0.2:40201] returns group-ADAE6030A7E1:java.util.concurrent.CompletableFuture@4ffbce98[Not completed]
2020-12-01 09:36:23,776 [pool-207-thread-1] INFO  impl.RaftServerImpl (RaftServerImpl.java:<init>(121)) - 166b87bd-eecb-47e0-96d7-94142ede9e7c: new RaftServerImpl for group-ADAE6030A7E1:[166b87bd-eecb-47e0-96d7-94142ede9e7c|rpc:172.17.0.2:40201] with ContainerStateMachine:uninitialized
2020-12-01 09:36:23,776 [pool-207-thread-1] INFO  server.RaftServerConfigKeys (ConfUtils.java:logGet(44)) - raft.server.rpc.timeout.min = 5s (custom)
2020-12-01 09:36:23,776 [pool-207-thread-1] INFO  server.RaftServerConfigKeys (ConfUtils.java:logGet(44)) - raft.server.rpc.timeout.max = 5200ms (custom)
2020-12-01 09:36:23,776 [pool-207-thread-1] INFO  server.RaftServerConfigKeys (ConfUtils.java:logGet(44)) - raft.server.rpc.slowness.timeout = 300s (custom)
2020-12-01 09:36:23,776 [pool-207-thread-1] INFO  server.RaftServerConfigKeys (ConfUtils.java:logGet(44)) - raft.server.leaderelection.leader.step-down.wait-time = 10s (default)
2020-12-01 09:36:23,776 [pool-207-thread-1] INFO  server.RaftServerConfigKeys (ConfUtils.java:logGet(44)) - raft.server.sleep.deviation.threshold = 300 (default)
2020-12-01 09:36:23,776 [pool-207-thread-1] INFO  server.RaftServerConfigKeys (ConfUtils.java:logGet(44)) - raft.server.log.appender.install.snapshot.enabled = false (custom)
2020-12-01 09:36:23,777 [pool-207-thread-1] INFO  impl.RaftServerImpl (ServerState.java:<init>(104)) - 166b87bd-eecb-47e0-96d7-94142ede9e7c@group-ADAE6030A7E1: ConfigurationManager, init=-1: [166b87bd-eecb-47e0-96d7-94142ede9e7c|rpc:172.17.0.2:40201], old=null, confs=<EMPTY_MAP>
2020-12-01 09:36:23,777 [pool-207-thread-1] INFO  server.RaftServerConfigKeys (ConfUtils.java:logGet(44)) - raft.server.storage.dir = [/github/workspace/mnt/ozone/hadoop-ozone/integration-test/target/test-dir/MiniOzoneClusterImpl-8d4a4fce-edf6-4f04-8cc5-f8d714c00e47/datanode-2/data/ratis] (custom)
2020-12-01 09:36:23,777 [pool-207-thread-1] INFO  server.RaftServerConfigKeys (ConfUtils.java:logGet(44)) - raft.server.log.corruption.policy = EXCEPTION (default)
2020-12-01 09:36:23,777 [pool-207-thread-1] INFO  storage.RaftStorageDirectory (RaftStorageDirectory.java:analyzeStorage(261)) - The storage directory /github/workspace/mnt/ozone/hadoop-ozone/integration-test/target/test-dir/MiniOzoneClusterImpl-8d4a4fce-edf6-4f04-8cc5-f8d714c00e47/datanode-2/data/ratis/1be99467-56e5-4eb2-b9a2-adae6030a7e1 does not exist. Creating ...
2020-12-01 09:36:23,779 [pool-207-thread-1] INFO  storage.RaftStorageDirectory (RaftStorageDirectory.java:tryLock(343)) - Lock on /github/workspace/mnt/ozone/hadoop-ozone/integration-test/target/test-dir/MiniOzoneClusterImpl-8d4a4fce-edf6-4f04-8cc5-f8d714c00e47/datanode-2/data/ratis/1be99467-56e5-4eb2-b9a2-adae6030a7e1/in_use.lock acquired by nodename 17643@d8c3efac84dc
2020-12-01 09:36:23,781 [pool-207-thread-1] INFO  storage.RaftStorage (RaftStorage.java:format(85)) - Storage directory /github/workspace/mnt/ozone/hadoop-ozone/integration-test/target/test-dir/MiniOzoneClusterImpl-8d4a4fce-edf6-4f04-8cc5-f8d714c00e47/datanode-2/data/ratis/1be99467-56e5-4eb2-b9a2-adae6030a7e1 has been successfully formatted.
2020-12-01 09:36:23,781 [pool-207-thread-1] INFO  ratis.ContainerStateMachine (ContainerStateMachine.java:loadSnapshot(225)) - group-ADAE6030A7E1: The snapshot info is null. Setting the last applied indexto:(t:0, i:~)
2020-12-01 09:36:23,781 [pool-207-thread-1] INFO  server.RaftServerConfigKeys (ConfUtils.java:logGet(44)) - raft.server.notification.no-leader.timeout = 300s (custom)
2020-12-01 09:36:23,781 [pool-207-thread-1] INFO  server.RaftServerConfigKeys (ConfUtils.java:logGet(44)) - raft.server.log.use.memory = false (default)
2020-12-01 09:36:23,781 [pool-207-thread-1] INFO  server.RaftServerConfigKeys (ConfUtils.java:logGet(44)) - raft.server.log.purge.gap = 1000000 (custom)
2020-12-01 09:36:23,781 [pool-207-thread-1] INFO  metrics.RatisMetrics (RatisMetrics.java:lambda$create$0(36)) - Creating Metrics Registry : ratis.log_worker.166b87bd-eecb-47e0-96d7-94142ede9e7c@group-ADAE6030A7E1
2020-12-01 09:36:23,782 [pool-207-thread-1] INFO  server.RaftServerConfigKeys (ConfUtils.java:logGet(44)) - raft.server.log.appender.buffer.byte-limit = 33554432 (custom)
2020-12-01 09:36:23,782 [pool-207-thread-1] INFO  server.RaftServerConfigKeys (ConfUtils.java:logGet(44)) - raft.server.log.segment.size.max = 1048576 (custom)
2020-12-01 09:36:23,782 [EventQueue-PipelineReportForOneReplicaPipelineSafeModeRule] INFO  safemode.SCMSafeModeManager (SCMSafeModeManager.java:validateSafeModeExitRules(214)) - AtleastOneDatanodeReportedRule rule is successfully validated
2020-12-01 09:36:23,782 [EventQueue-PipelineReportForPipelineReportHandler] INFO  pipeline.PipelineStateManager (PipelineStateManager.java:openPipeline(132)) - Pipeline Pipeline[ Id: 1be99467-56e5-4eb2-b9a2-adae6030a7e1, Nodes: 166b87bd-eecb-47e0-96d7-94142ede9e7c{ip: 172.17.0.2, host: d8c3efac84dc, networkLocation: /default-rack, certSerialId: null}, Type:RATIS, Factor:ONE, State:ALLOCATED, leaderId:166b87bd-eecb-47e0-96d7-94142ede9e7c, CreationTimestamp2020-12-01T09:36:20.776Z] moved to OPEN state
2020-12-01 09:36:23,783 [EventQueue-OpenPipelineForHealthyPipelineSafeModeRule] INFO  safemode.SCMSafeModeManager (HealthyPipelineSafeModeRule.java:process(128)) - SCM in safe mode. Healthy pipelines reported count is 0, required healthy pipeline reported count is 1
2020-12-01 09:36:23,783 [pool-207-thread-1] INFO  server.RaftServerConfigKeys (ConfUtils.java:logGet(44)) - raft.server.log.segment.cache.num.max = 2 (custom)
2020-12-01 09:36:23,783 [pool-207-thread-1] INFO  segmented.SegmentedRaftLogWorker (SegmentedRaftLogWorker.java:<init>(180)) - new 166b87bd-eecb-47e0-96d7-94142ede9e7c@group-ADAE6030A7E1-SegmentedRaftLogWorker for RaftStorage:Storage Directory /github/workspace/mnt/ozone/hadoop-ozone/integration-test/target/test-dir/MiniOzoneClusterImpl-8d4a4fce-edf6-4f04-8cc5-f8d714c00e47/datanode-2/data/ratis/1be99467-56e5-4eb2-b9a2-adae6030a7e1
2020-12-01 09:36:23,783 [pool-207-thread-1] INFO  server.RaftServerConfigKeys (ConfUtils.java:logGet(44)) - raft.server.log.queue.byte-limit = 2147483647 (custom)
2020-12-01 09:36:23,783 [pool-207-thread-1] INFO  server.RaftServerConfigKeys (ConfUtils.java:logGet(44)) - raft.server.log.queue.element-limit = 1024 (custom)
2020-12-01 09:36:23,783 [pool-207-thread-1] INFO  server.RaftServerConfigKeys (ConfUtils.java:logGet(44)) - raft.server.log.segment.size.max = 1048576 (custom)
2020-12-01 09:36:23,783 [pool-207-thread-1] INFO  server.RaftServerConfigKeys (ConfUtils.java:logGet(44)) - raft.server.log.preallocated.size = 16384 (custom)
2020-12-01 09:36:23,783 [pool-207-thread-1] INFO  server.RaftServerConfigKeys (ConfUtils.java:logGet(44)) - raft.server.log.write.buffer.size = 1048576 (custom)
2020-12-01 09:36:23,784 [pool-207-thread-1] INFO  server.RaftServerConfigKeys (ConfUtils.java:logGet(44)) - raft.server.log.force.sync.num = 128 (default)
2020-12-01 09:36:23,784 [pool-207-thread-1] INFO  server.RaftServerConfigKeys (ConfUtils.java:logGet(44)) - raft.server.log.statemachine.data.sync = true (default)
2020-12-01 09:36:23,784 [pool-207-thread-1] INFO  server.RaftServerConfigKeys (ConfUtils.java:logGet(44)) - raft.server.log.statemachine.data.sync.timeout = 10s (default)
2020-12-01 09:36:23,784 [pool-207-thread-1] INFO  server.RaftServerConfigKeys (ConfUtils.java:logGet(44)) - raft.server.log.statemachine.data.sync.timeout.retry = -1 (default)
2020-12-01 09:36:23,785 [pool-207-thread-1] INFO  server.RaftServerConfigKeys (ConfUtils.java:logGet(44)) - raft.server.log.statemachine.data.caching.enabled = true (custom)
2020-12-01 09:36:23,785 [pool-207-thread-1] INFO  segmented.SegmentedRaftLogWorker (SegmentedRaftLogWorker.java:lambda$new$0(129)) - 166b87bd-eecb-47e0-96d7-94142ede9e7c@group-ADAE6030A7E1-SegmentedRaftLogWorker: flushIndex: setUnconditionally 0 -> -1
2020-12-01 09:36:23,785 [pool-207-thread-1] INFO  segmented.SegmentedRaftLogWorker (SegmentedRaftLogWorker.java:lambda$new$0(129)) - 166b87bd-eecb-47e0-96d7-94142ede9e7c@group-ADAE6030A7E1-SegmentedRaftLogWorker: safeCacheEvictIndex: setUnconditionally 0 -> -1
2020-12-01 09:36:23,788 [pool-207-thread-1] INFO  server.RaftServerConfigKeys (ConfUtils.java:logGet(44)) - raft.server.snapshot.auto.trigger.enabled = true (custom)
2020-12-01 09:36:23,788 [pool-207-thread-1] INFO  server.RaftServerConfigKeys (ConfUtils.java:logGet(44)) - raft.server.snapshot.auto.trigger.threshold = 10000 (custom)
2020-12-01 09:36:23,788 [pool-207-thread-1] INFO  server.RaftServerConfigKeys (ConfUtils.java:logGet(44)) - raft.server.snapshot.retention.file.num = 5 (custom)
2020-12-01 09:36:23,788 [pool-207-thread-1] INFO  server.RaftServerConfigKeys (ConfUtils.java:logGet(44)) - raft.server.log.purge.upto.snapshot.index = false (default)
2020-12-01 09:36:23,788 [pool-207-thread-1] INFO  server.RaftServerConfigKeys (ConfUtils.java:logGet(44)) - raft.server.retrycache.expirytime = 600000ms (custom)
2020-12-01 09:36:23,788 [pool-207-thread-1] INFO  metrics.RatisMetrics (RatisMetrics.java:lambda$create$0(36)) - Creating Metrics Registry : ratis.leader_election.166b87bd-eecb-47e0-96d7-94142ede9e7c@group-ADAE6030A7E1
2020-12-01 09:36:23,789 [pool-207-thread-1] INFO  metrics.RatisMetrics (RatisMetrics.java:lambda$create$0(36)) - Creating Metrics Registry : ratis.server.166b87bd-eecb-47e0-96d7-94142ede9e7c@group-ADAE6030A7E1
2020-12-01 09:36:23,790 [pool-207-thread-1] INFO  impl.RaftServerImpl (RaftServerImpl.java:start(215)) - 166b87bd-eecb-47e0-96d7-94142ede9e7c@group-ADAE6030A7E1: start as a follower, conf=-1: [166b87bd-eecb-47e0-96d7-94142ede9e7c|rpc:172.17.0.2:40201], old=null
2020-12-01 09:36:23,790 [pool-207-thread-1] INFO  impl.RaftServerImpl (RaftServerImpl.java:setRole(204)) - 166b87bd-eecb-47e0-96d7-94142ede9e7c@group-ADAE6030A7E1: changes role from      null to FOLLOWER at term 0 for startAsFollower
2020-12-01 09:36:23,790 [pool-207-thread-1] INFO  impl.RoleInfo (RoleInfo.java:updateAndGet(143)) - 166b87bd-eecb-47e0-96d7-94142ede9e7c: start 166b87bd-eecb-47e0-96d7-94142ede9e7c@group-ADAE6030A7E1-FollowerState
2020-12-01 09:36:23,795 [pool-207-thread-1] INFO  util.JmxRegister (JmxRegister.java:tryRegister(44)) - Successfully registered JMX Bean with object name Ratis:service=RaftServer,group=group-ADAE6030A7E1,id=166b87bd-eecb-47e0-96d7-94142ede9e7c
2020-12-01 09:36:23,795 [pool-207-thread-1] INFO  metrics.RatisMetrics (RatisMetrics.java:lambda$create$0(36)) - Creating Metrics Registry : ratis.state_machine.166b87bd-eecb-47e0-96d7-94142ede9e7c@group-ADAE6030A7E1
2020-12-01 09:36:23,796 [Command processor thread] INFO  commandhandler.CreatePipelineCommandHandler (CreatePipelineCommandHandler.java:handle(106)) - Created Pipeline RATIS ONE PipelineID=1be99467-56e5-4eb2-b9a2-adae6030a7e1.
2020-12-01 09:36:24,011 [Command processor thread] INFO  impl.RaftServerProxy (RaftServerProxy.java:addNew(93)) - 8e30c15e-a534-4be6-9288-c2bfff0aa2a9: addNew group-C649B20E9DA8:[8e30c15e-a534-4be6-9288-c2bfff0aa2a9|rpc:172.17.0.2:33009] returns group-C649B20E9DA8:java.util.concurrent.CompletableFuture@6b8819ac[Not completed]
2020-12-01 09:36:24,015 [pool-223-thread-1] INFO  impl.RaftServerImpl (RaftServerImpl.java:<init>(121)) - 8e30c15e-a534-4be6-9288-c2bfff0aa2a9: new RaftServerImpl for group-C649B20E9DA8:[8e30c15e-a534-4be6-9288-c2bfff0aa2a9|rpc:172.17.0.2:33009] with ContainerStateMachine:uninitialized
2020-12-01 09:36:24,016 [pool-223-thread-1] INFO  server.RaftServerConfigKeys (ConfUtils.java:logGet(44)) - raft.server.rpc.timeout.min = 5s (custom)
2020-12-01 09:36:24,016 [pool-223-thread-1] INFO  server.RaftServerConfigKeys (ConfUtils.java:logGet(44)) - raft.server.rpc.timeout.max = 5200ms (custom)
2020-12-01 09:36:24,016 [pool-223-thread-1] INFO  server.RaftServerConfigKeys (ConfUtils.java:logGet(44)) - raft.server.rpc.slowness.timeout = 300s (custom)
2020-12-01 09:36:24,016 [pool-223-thread-1] INFO  server.RaftServerConfigKeys (ConfUtils.java:logGet(44)) - raft.server.leaderelection.leader.step-down.wait-time = 10s (default)
2020-12-01 09:36:24,016 [pool-223-thread-1] INFO  server.RaftServerConfigKeys (ConfUtils.java:logGet(44)) - raft.server.sleep.deviation.threshold = 300 (default)
2020-12-01 09:36:24,016 [pool-223-thread-1] INFO  server.RaftServerConfigKeys (ConfUtils.java:logGet(44)) - raft.server.log.appender.install.snapshot.enabled = false (custom)
2020-12-01 09:36:24,016 [pool-223-thread-1] INFO  impl.RaftServerImpl (ServerState.java:<init>(104)) - 8e30c15e-a534-4be6-9288-c2bfff0aa2a9@group-C649B20E9DA8: ConfigurationManager, init=-1: [8e30c15e-a534-4be6-9288-c2bfff0aa2a9|rpc:172.17.0.2:33009], old=null, confs=<EMPTY_MAP>
2020-12-01 09:36:24,016 [pool-223-thread-1] INFO  server.RaftServerConfigKeys (ConfUtils.java:logGet(44)) - raft.server.storage.dir = [/github/workspace/mnt/ozone/hadoop-ozone/integration-test/target/test-dir/MiniOzoneClusterImpl-8d4a4fce-edf6-4f04-8cc5-f8d714c00e47/datanode-3/data/ratis] (custom)
2020-12-01 09:36:24,016 [pool-223-thread-1] INFO  server.RaftServerConfigKeys (ConfUtils.java:logGet(44)) - raft.server.log.corruption.policy = EXCEPTION (default)
2020-12-01 09:36:24,017 [pool-223-thread-1] INFO  storage.RaftStorageDirectory (RaftStorageDirectory.java:analyzeStorage(261)) - The storage directory /github/workspace/mnt/ozone/hadoop-ozone/integration-test/target/test-dir/MiniOzoneClusterImpl-8d4a4fce-edf6-4f04-8cc5-f8d714c00e47/datanode-3/data/ratis/b1f0d057-d183-4fc2-8070-c649b20e9da8 does not exist. Creating ...
2020-12-01 09:36:24,018 [pool-223-thread-1] INFO  storage.RaftStorageDirectory (RaftStorageDirectory.java:tryLock(343)) - Lock on /github/workspace/mnt/ozone/hadoop-ozone/integration-test/target/test-dir/MiniOzoneClusterImpl-8d4a4fce-edf6-4f04-8cc5-f8d714c00e47/datanode-3/data/ratis/b1f0d057-d183-4fc2-8070-c649b20e9da8/in_use.lock acquired by nodename 17643@d8c3efac84dc
2020-12-01 09:36:24,019 [pool-223-thread-1] INFO  storage.RaftStorage (RaftStorage.java:format(85)) - Storage directory /github/workspace/mnt/ozone/hadoop-ozone/integration-test/target/test-dir/MiniOzoneClusterImpl-8d4a4fce-edf6-4f04-8cc5-f8d714c00e47/datanode-3/data/ratis/b1f0d057-d183-4fc2-8070-c649b20e9da8 has been successfully formatted.
2020-12-01 09:36:24,020 [pool-223-thread-1] INFO  ratis.ContainerStateMachine (ContainerStateMachine.java:loadSnapshot(225)) - group-C649B20E9DA8: The snapshot info is null. Setting the last applied indexto:(t:0, i:~)
2020-12-01 09:36:24,020 [pool-223-thread-1] INFO  server.RaftServerConfigKeys (ConfUtils.java:logGet(44)) - raft.server.notification.no-leader.timeout = 300s (custom)
2020-12-01 09:36:24,020 [pool-223-thread-1] INFO  server.RaftServerConfigKeys (ConfUtils.java:logGet(44)) - raft.server.log.use.memory = false (default)
2020-12-01 09:36:24,020 [pool-223-thread-1] INFO  server.RaftServerConfigKeys (ConfUtils.java:logGet(44)) - raft.server.log.purge.gap = 1000000 (custom)
2020-12-01 09:36:24,020 [pool-223-thread-1] INFO  metrics.RatisMetrics (RatisMetrics.java:lambda$create$0(36)) - Creating Metrics Registry : ratis.log_worker.8e30c15e-a534-4be6-9288-c2bfff0aa2a9@group-C649B20E9DA8
2020-12-01 09:36:24,021 [pool-223-thread-1] INFO  server.RaftServerConfigKeys (ConfUtils.java:logGet(44)) - raft.server.log.appender.buffer.byte-limit = 33554432 (custom)
2020-12-01 09:36:24,021 [EventQueue-PipelineReportForPipelineReportHandler] INFO  pipeline.PipelineStateManager (PipelineStateManager.java:openPipeline(132)) - Pipeline Pipeline[ Id: b1f0d057-d183-4fc2-8070-c649b20e9da8, Nodes: 8e30c15e-a534-4be6-9288-c2bfff0aa2a9{ip: 172.17.0.2, host: d8c3efac84dc, networkLocation: /default-rack, certSerialId: null}, Type:RATIS, Factor:ONE, State:ALLOCATED, leaderId:8e30c15e-a534-4be6-9288-c2bfff0aa2a9, CreationTimestamp2020-12-01T09:36:21.012Z] moved to OPEN state
2020-12-01 09:36:24,021 [EventQueue-PipelineReportForOneReplicaPipelineSafeModeRule] INFO  safemode.SCMSafeModeManager (SCMSafeModeManager.java:validateSafeModeExitRules(214)) - AtleastOneDatanodeReportedRule rule is successfully validated
2020-12-01 09:36:24,021 [pool-223-thread-1] INFO  server.RaftServerConfigKeys (ConfUtils.java:logGet(44)) - raft.server.log.segment.size.max = 1048576 (custom)
2020-12-01 09:36:24,022 [EventQueue-OpenPipelineForHealthyPipelineSafeModeRule] INFO  safemode.SCMSafeModeManager (HealthyPipelineSafeModeRule.java:process(128)) - SCM in safe mode. Healthy pipelines reported count is 0, required healthy pipeline reported count is 1
2020-12-01 09:36:24,022 [pool-223-thread-1] INFO  server.RaftServerConfigKeys (ConfUtils.java:logGet(44)) - raft.server.log.segment.cache.num.max = 2 (custom)
2020-12-01 09:36:24,022 [pool-223-thread-1] INFO  segmented.SegmentedRaftLogWorker (SegmentedRaftLogWorker.java:<init>(180)) - new 8e30c15e-a534-4be6-9288-c2bfff0aa2a9@group-C649B20E9DA8-SegmentedRaftLogWorker for RaftStorage:Storage Directory /github/workspace/mnt/ozone/hadoop-ozone/integration-test/target/test-dir/MiniOzoneClusterImpl-8d4a4fce-edf6-4f04-8cc5-f8d714c00e47/datanode-3/data/ratis/b1f0d057-d183-4fc2-8070-c649b20e9da8
2020-12-01 09:36:24,022 [pool-223-thread-1] INFO  server.RaftServerConfigKeys (ConfUtils.java:logGet(44)) - raft.server.log.queue.byte-limit = 2147483647 (custom)
2020-12-01 09:36:24,022 [pool-223-thread-1] INFO  server.RaftServerConfigKeys (ConfUtils.java:logGet(44)) - raft.server.log.queue.element-limit = 1024 (custom)
2020-12-01 09:36:24,022 [pool-223-thread-1] INFO  server.RaftServerConfigKeys (ConfUtils.java:logGet(44)) - raft.server.log.segment.size.max = 1048576 (custom)
2020-12-01 09:36:24,022 [pool-223-thread-1] INFO  server.RaftServerConfigKeys (ConfUtils.java:logGet(44)) - raft.server.log.preallocated.size = 16384 (custom)
2020-12-01 09:36:24,022 [pool-223-thread-1] INFO  server.RaftServerConfigKeys (ConfUtils.java:logGet(44)) - raft.server.log.write.buffer.size = 1048576 (custom)
2020-12-01 09:36:24,022 [pool-223-thread-1] INFO  server.RaftServerConfigKeys (ConfUtils.java:logGet(44)) - raft.server.log.force.sync.num = 128 (default)
2020-12-01 09:36:24,022 [pool-223-thread-1] INFO  server.RaftServerConfigKeys (ConfUtils.java:logGet(44)) - raft.server.log.statemachine.data.sync = true (default)
2020-12-01 09:36:24,022 [pool-223-thread-1] INFO  server.RaftServerConfigKeys (ConfUtils.java:logGet(44)) - raft.server.log.statemachine.data.sync.timeout = 10s (default)
2020-12-01 09:36:24,022 [pool-223-thread-1] INFO  server.RaftServerConfigKeys (ConfUtils.java:logGet(44)) - raft.server.log.statemachine.data.sync.timeout.retry = -1 (default)
2020-12-01 09:36:24,024 [pool-223-thread-1] INFO  server.RaftServerConfigKeys (ConfUtils.java:logGet(44)) - raft.server.log.statemachine.data.caching.enabled = true (custom)
2020-12-01 09:36:24,024 [pool-223-thread-1] INFO  segmented.SegmentedRaftLogWorker (SegmentedRaftLogWorker.java:lambda$new$0(129)) - 8e30c15e-a534-4be6-9288-c2bfff0aa2a9@group-C649B20E9DA8-SegmentedRaftLogWorker: flushIndex: setUnconditionally 0 -> -1
2020-12-01 09:36:24,024 [pool-223-thread-1] INFO  segmented.SegmentedRaftLogWorker (SegmentedRaftLogWorker.java:lambda$new$0(129)) - 8e30c15e-a534-4be6-9288-c2bfff0aa2a9@group-C649B20E9DA8-SegmentedRaftLogWorker: safeCacheEvictIndex: setUnconditionally 0 -> -1
2020-12-01 09:36:24,028 [pool-223-thread-1] INFO  server.RaftServerConfigKeys (ConfUtils.java:logGet(44)) - raft.server.snapshot.auto.trigger.enabled = true (custom)
2020-12-01 09:36:24,029 [pool-223-thread-1] INFO  server.RaftServerConfigKeys (ConfUtils.java:logGet(44)) - raft.server.snapshot.auto.trigger.threshold = 10000 (custom)
2020-12-01 09:36:24,029 [pool-223-thread-1] INFO  server.RaftServerConfigKeys (ConfUtils.java:logGet(44)) - raft.server.snapshot.retention.file.num = 5 (custom)
2020-12-01 09:36:24,029 [pool-223-thread-1] INFO  server.RaftServerConfigKeys (ConfUtils.java:logGet(44)) - raft.server.log.purge.upto.snapshot.index = false (default)
2020-12-01 09:36:24,029 [pool-223-thread-1] INFO  server.RaftServerConfigKeys (ConfUtils.java:logGet(44)) - raft.server.retrycache.expirytime = 600000ms (custom)
2020-12-01 09:36:24,029 [pool-223-thread-1] INFO  metrics.RatisMetrics (RatisMetrics.java:lambda$create$0(36)) - Creating Metrics Registry : ratis.leader_election.8e30c15e-a534-4be6-9288-c2bfff0aa2a9@group-C649B20E9DA8
2020-12-01 09:36:24,029 [pool-223-thread-1] INFO  metrics.RatisMetrics (RatisMetrics.java:lambda$create$0(36)) - Creating Metrics Registry : ratis.server.8e30c15e-a534-4be6-9288-c2bfff0aa2a9@group-C649B20E9DA8
2020-12-01 09:36:24,030 [pool-223-thread-1] INFO  impl.RaftServerImpl (RaftServerImpl.java:start(215)) - 8e30c15e-a534-4be6-9288-c2bfff0aa2a9@group-C649B20E9DA8: start as a follower, conf=-1: [8e30c15e-a534-4be6-9288-c2bfff0aa2a9|rpc:172.17.0.2:33009], old=null
2020-12-01 09:36:24,030 [pool-223-thread-1] INFO  impl.RaftServerImpl (RaftServerImpl.java:setRole(204)) - 8e30c15e-a534-4be6-9288-c2bfff0aa2a9@group-C649B20E9DA8: changes role from      null to FOLLOWER at term 0 for startAsFollower
2020-12-01 09:36:24,030 [pool-223-thread-1] INFO  impl.RoleInfo (RoleInfo.java:updateAndGet(143)) - 8e30c15e-a534-4be6-9288-c2bfff0aa2a9: start 8e30c15e-a534-4be6-9288-c2bfff0aa2a9@group-C649B20E9DA8-FollowerState
2020-12-01 09:36:24,031 [pool-223-thread-1] INFO  util.JmxRegister (JmxRegister.java:tryRegister(44)) - Successfully registered JMX Bean with object name Ratis:service=RaftServer,group=group-C649B20E9DA8,id=8e30c15e-a534-4be6-9288-c2bfff0aa2a9
2020-12-01 09:36:24,031 [pool-223-thread-1] INFO  metrics.RatisMetrics (RatisMetrics.java:lambda$create$0(36)) - Creating Metrics Registry : ratis.state_machine.8e30c15e-a534-4be6-9288-c2bfff0aa2a9@group-C649B20E9DA8
2020-12-01 09:36:24,032 [Command processor thread] INFO  commandhandler.CreatePipelineCommandHandler (CreatePipelineCommandHandler.java:handle(106)) - Created Pipeline RATIS ONE PipelineID=b1f0d057-d183-4fc2-8070-c649b20e9da8.
2020-12-01 09:36:24,032 [Command processor thread] INFO  impl.RaftServerProxy (RaftServerProxy.java:addNew(93)) - 8e30c15e-a534-4be6-9288-c2bfff0aa2a9: addNew group-D2DFA6907B63:[b04f2191-2b78-48d5-a7df-85f1d0f43d9c|rpc:172.17.0.2:37569, ff14e274-5ee8-4142-b96f-00dc3fd4f97a|rpc:172.17.0.2:39957, 8e30c15e-a534-4be6-9288-c2bfff0aa2a9|rpc:172.17.0.2:33009] returns group-D2DFA6907B63:java.util.concurrent.CompletableFuture@6fb79005[Not completed]
2020-12-01 09:36:24,033 [pool-223-thread-1] INFO  impl.RaftServerImpl (RaftServerImpl.java:<init>(121)) - 8e30c15e-a534-4be6-9288-c2bfff0aa2a9: new RaftServerImpl for group-D2DFA6907B63:[b04f2191-2b78-48d5-a7df-85f1d0f43d9c|rpc:172.17.0.2:37569, ff14e274-5ee8-4142-b96f-00dc3fd4f97a|rpc:172.17.0.2:39957, 8e30c15e-a534-4be6-9288-c2bfff0aa2a9|rpc:172.17.0.2:33009] with ContainerStateMachine:uninitialized
2020-12-01 09:36:24,033 [pool-223-thread-1] INFO  server.RaftServerConfigKeys (ConfUtils.java:logGet(44)) - raft.server.rpc.timeout.min = 5s (custom)
2020-12-01 09:36:24,033 [pool-223-thread-1] INFO  server.RaftServerConfigKeys (ConfUtils.java:logGet(44)) - raft.server.rpc.timeout.max = 5200ms (custom)
2020-12-01 09:36:24,033 [pool-223-thread-1] INFO  server.RaftServerConfigKeys (ConfUtils.java:logGet(44)) - raft.server.rpc.slowness.timeout = 300s (custom)
2020-12-01 09:36:24,034 [pool-223-thread-1] INFO  server.RaftServerConfigKeys (ConfUtils.java:logGet(44)) - raft.server.leaderelection.leader.step-down.wait-time = 10s (default)
2020-12-01 09:36:24,034 [pool-223-thread-1] INFO  server.RaftServerConfigKeys (ConfUtils.java:logGet(44)) - raft.server.sleep.deviation.threshold = 300 (default)
2020-12-01 09:36:24,034 [pool-223-thread-1] INFO  server.RaftServerConfigKeys (ConfUtils.java:logGet(44)) - raft.server.log.appender.install.snapshot.enabled = false (custom)
2020-12-01 09:36:24,034 [pool-223-thread-1] INFO  impl.RaftServerImpl (ServerState.java:<init>(104)) - 8e30c15e-a534-4be6-9288-c2bfff0aa2a9@group-D2DFA6907B63: ConfigurationManager, init=-1: [b04f2191-2b78-48d5-a7df-85f1d0f43d9c|rpc:172.17.0.2:37569, ff14e274-5ee8-4142-b96f-00dc3fd4f97a|rpc:172.17.0.2:39957, 8e30c15e-a534-4be6-9288-c2bfff0aa2a9|rpc:172.17.0.2:33009], old=null, confs=<EMPTY_MAP>
2020-12-01 09:36:24,034 [pool-223-thread-1] INFO  server.RaftServerConfigKeys (ConfUtils.java:logGet(44)) - raft.server.storage.dir = [/github/workspace/mnt/ozone/hadoop-ozone/integration-test/target/test-dir/MiniOzoneClusterImpl-8d4a4fce-edf6-4f04-8cc5-f8d714c00e47/datanode-3/data/ratis] (custom)
2020-12-01 09:36:24,034 [pool-223-thread-1] INFO  server.RaftServerConfigKeys (ConfUtils.java:logGet(44)) - raft.server.log.corruption.policy = EXCEPTION (default)
2020-12-01 09:36:24,034 [pool-223-thread-1] INFO  storage.RaftStorageDirectory (RaftStorageDirectory.java:analyzeStorage(261)) - The storage directory /github/workspace/mnt/ozone/hadoop-ozone/integration-test/target/test-dir/MiniOzoneClusterImpl-8d4a4fce-edf6-4f04-8cc5-f8d714c00e47/datanode-3/data/ratis/624329bb-788f-4473-88f4-d2dfa6907b63 does not exist. Creating ...
2020-12-01 09:36:24,039 [pool-223-thread-1] INFO  storage.RaftStorageDirectory (RaftStorageDirectory.java:tryLock(343)) - Lock on /github/workspace/mnt/ozone/hadoop-ozone/integration-test/target/test-dir/MiniOzoneClusterImpl-8d4a4fce-edf6-4f04-8cc5-f8d714c00e47/datanode-3/data/ratis/624329bb-788f-4473-88f4-d2dfa6907b63/in_use.lock acquired by nodename 17643@d8c3efac84dc
2020-12-01 09:36:24,040 [pool-223-thread-1] INFO  storage.RaftStorage (RaftStorage.java:format(85)) - Storage directory /github/workspace/mnt/ozone/hadoop-ozone/integration-test/target/test-dir/MiniOzoneClusterImpl-8d4a4fce-edf6-4f04-8cc5-f8d714c00e47/datanode-3/data/ratis/624329bb-788f-4473-88f4-d2dfa6907b63 has been successfully formatted.
2020-12-01 09:36:24,040 [pool-223-thread-1] INFO  ratis.ContainerStateMachine (ContainerStateMachine.java:loadSnapshot(225)) - group-D2DFA6907B63: The snapshot info is null. Setting the last applied indexto:(t:0, i:~)
2020-12-01 09:36:24,040 [pool-223-thread-1] INFO  server.RaftServerConfigKeys (ConfUtils.java:logGet(44)) - raft.server.notification.no-leader.timeout = 300s (custom)
2020-12-01 09:36:24,041 [pool-223-thread-1] INFO  server.RaftServerConfigKeys (ConfUtils.java:logGet(44)) - raft.server.log.use.memory = false (default)
2020-12-01 09:36:24,041 [pool-223-thread-1] INFO  server.RaftServerConfigKeys (ConfUtils.java:logGet(44)) - raft.server.log.purge.gap = 1000000 (custom)
2020-12-01 09:36:24,041 [pool-223-thread-1] INFO  metrics.RatisMetrics (RatisMetrics.java:lambda$create$0(36)) - Creating Metrics Registry : ratis.log_worker.8e30c15e-a534-4be6-9288-c2bfff0aa2a9@group-D2DFA6907B63
2020-12-01 09:36:24,041 [pool-223-thread-1] INFO  server.RaftServerConfigKeys (ConfUtils.java:logGet(44)) - raft.server.log.appender.buffer.byte-limit = 33554432 (custom)
2020-12-01 09:36:24,041 [pool-223-thread-1] INFO  server.RaftServerConfigKeys (ConfUtils.java:logGet(44)) - raft.server.log.segment.size.max = 1048576 (custom)
2020-12-01 09:36:24,041 [EventQueue-PipelineReportForOneReplicaPipelineSafeModeRule] INFO  safemode.SCMSafeModeManager (SCMSafeModeManager.java:validateSafeModeExitRules(214)) - AtleastOneDatanodeReportedRule rule is successfully validated
2020-12-01 09:36:24,041 [EventQueue-OpenPipelineForHealthyPipelineSafeModeRule] INFO  safemode.SCMSafeModeManager (HealthyPipelineSafeModeRule.java:process(128)) - SCM in safe mode. Healthy pipelines reported count is 0, required healthy pipeline reported count is 1
2020-12-01 09:36:24,042 [pool-223-thread-1] INFO  server.RaftServerConfigKeys (ConfUtils.java:logGet(44)) - raft.server.log.segment.cache.num.max = 2 (custom)
2020-12-01 09:36:24,042 [pool-223-thread-1] INFO  segmented.SegmentedRaftLogWorker (SegmentedRaftLogWorker.java:<init>(180)) - new 8e30c15e-a534-4be6-9288-c2bfff0aa2a9@group-D2DFA6907B63-SegmentedRaftLogWorker for RaftStorage:Storage Directory /github/workspace/mnt/ozone/hadoop-ozone/integration-test/target/test-dir/MiniOzoneClusterImpl-8d4a4fce-edf6-4f04-8cc5-f8d714c00e47/datanode-3/data/ratis/624329bb-788f-4473-88f4-d2dfa6907b63
2020-12-01 09:36:24,042 [pool-223-thread-1] INFO  server.RaftServerConfigKeys (ConfUtils.java:logGet(44)) - raft.server.log.queue.byte-limit = 2147483647 (custom)
2020-12-01 09:36:24,042 [pool-223-thread-1] INFO  server.RaftServerConfigKeys (ConfUtils.java:logGet(44)) - raft.server.log.queue.element-limit = 1024 (custom)
2020-12-01 09:36:24,042 [pool-223-thread-1] INFO  server.RaftServerConfigKeys (ConfUtils.java:logGet(44)) - raft.server.log.segment.size.max = 1048576 (custom)
2020-12-01 09:36:24,042 [pool-223-thread-1] INFO  server.RaftServerConfigKeys (ConfUtils.java:logGet(44)) - raft.server.log.preallocated.size = 16384 (custom)
2020-12-01 09:36:24,042 [pool-223-thread-1] INFO  server.RaftServerConfigKeys (ConfUtils.java:logGet(44)) - raft.server.log.write.buffer.size = 1048576 (custom)
2020-12-01 09:36:24,042 [pool-223-thread-1] INFO  server.RaftServerConfigKeys (ConfUtils.java:logGet(44)) - raft.server.log.force.sync.num = 128 (default)
2020-12-01 09:36:24,042 [pool-223-thread-1] INFO  server.RaftServerConfigKeys (ConfUtils.java:logGet(44)) - raft.server.log.statemachine.data.sync = true (default)
2020-12-01 09:36:24,042 [pool-223-thread-1] INFO  server.RaftServerConfigKeys (ConfUtils.java:logGet(44)) - raft.server.log.statemachine.data.sync.timeout = 10s (default)
2020-12-01 09:36:24,042 [pool-223-thread-1] INFO  server.RaftServerConfigKeys (ConfUtils.java:logGet(44)) - raft.server.log.statemachine.data.sync.timeout.retry = -1 (default)
2020-12-01 09:36:24,044 [pool-223-thread-1] INFO  server.RaftServerConfigKeys (ConfUtils.java:logGet(44)) - raft.server.log.statemachine.data.caching.enabled = true (custom)
2020-12-01 09:36:24,046 [pool-223-thread-1] INFO  segmented.SegmentedRaftLogWorker (SegmentedRaftLogWorker.java:lambda$new$0(129)) - 8e30c15e-a534-4be6-9288-c2bfff0aa2a9@group-D2DFA6907B63-SegmentedRaftLogWorker: flushIndex: setUnconditionally 0 -> -1
2020-12-01 09:36:24,047 [pool-223-thread-1] INFO  segmented.SegmentedRaftLogWorker (SegmentedRaftLogWorker.java:lambda$new$0(129)) - 8e30c15e-a534-4be6-9288-c2bfff0aa2a9@group-D2DFA6907B63-SegmentedRaftLogWorker: safeCacheEvictIndex: setUnconditionally 0 -> -1
2020-12-01 09:36:24,049 [pool-223-thread-1] INFO  server.RaftServerConfigKeys (ConfUtils.java:logGet(44)) - raft.server.snapshot.auto.trigger.enabled = true (custom)
2020-12-01 09:36:24,049 [pool-223-thread-1] INFO  server.RaftServerConfigKeys (ConfUtils.java:logGet(44)) - raft.server.snapshot.auto.trigger.threshold = 10000 (custom)
2020-12-01 09:36:24,049 [pool-223-thread-1] INFO  server.RaftServerConfigKeys (ConfUtils.java:logGet(44)) - raft.server.snapshot.retention.file.num = 5 (custom)
2020-12-01 09:36:24,049 [pool-223-thread-1] INFO  server.RaftServerConfigKeys (ConfUtils.java:logGet(44)) - raft.server.log.purge.upto.snapshot.index = false (default)
2020-12-01 09:36:24,049 [pool-223-thread-1] INFO  server.RaftServerConfigKeys (ConfUtils.java:logGet(44)) - raft.server.retrycache.expirytime = 600000ms (custom)
2020-12-01 09:36:24,051 [pool-223-thread-1] INFO  metrics.RatisMetrics (RatisMetrics.java:lambda$create$0(36)) - Creating Metrics Registry : ratis.leader_election.8e30c15e-a534-4be6-9288-c2bfff0aa2a9@group-D2DFA6907B63
2020-12-01 09:36:24,052 [pool-223-thread-1] INFO  metrics.RatisMetrics (RatisMetrics.java:lambda$create$0(36)) - Creating Metrics Registry : ratis.server.8e30c15e-a534-4be6-9288-c2bfff0aa2a9@group-D2DFA6907B63
2020-12-01 09:36:24,053 [pool-223-thread-1] INFO  impl.RaftServerImpl (RaftServerImpl.java:start(215)) - 8e30c15e-a534-4be6-9288-c2bfff0aa2a9@group-D2DFA6907B63: start as a follower, conf=-1: [b04f2191-2b78-48d5-a7df-85f1d0f43d9c|rpc:172.17.0.2:37569, ff14e274-5ee8-4142-b96f-00dc3fd4f97a|rpc:172.17.0.2:39957, 8e30c15e-a534-4be6-9288-c2bfff0aa2a9|rpc:172.17.0.2:33009], old=null
2020-12-01 09:36:24,053 [pool-223-thread-1] INFO  impl.RaftServerImpl (RaftServerImpl.java:setRole(204)) - 8e30c15e-a534-4be6-9288-c2bfff0aa2a9@group-D2DFA6907B63: changes role from      null to FOLLOWER at term 0 for startAsFollower
2020-12-01 09:36:24,053 [pool-223-thread-1] INFO  impl.RoleInfo (RoleInfo.java:updateAndGet(143)) - 8e30c15e-a534-4be6-9288-c2bfff0aa2a9: start 8e30c15e-a534-4be6-9288-c2bfff0aa2a9@group-D2DFA6907B63-FollowerState
2020-12-01 09:36:24,053 [pool-223-thread-1] INFO  util.JmxRegister (JmxRegister.java:tryRegister(44)) - Successfully registered JMX Bean with object name Ratis:service=RaftServer,group=group-D2DFA6907B63,id=8e30c15e-a534-4be6-9288-c2bfff0aa2a9
2020-12-01 09:36:24,053 [pool-223-thread-1] INFO  metrics.RatisMetrics (RatisMetrics.java:lambda$create$0(36)) - Creating Metrics Registry : ratis.state_machine.8e30c15e-a534-4be6-9288-c2bfff0aa2a9@group-D2DFA6907B63
2020-12-01 09:36:24,056 [Command processor thread] INFO  metrics.RatisMetrics (RatisMetrics.java:lambda$create$0(36)) - Creating Metrics Registry : ratis.client_message_metrics.client-94E2C6364C2C->b04f2191-2b78-48d5-a7df-85f1d0f43d9c
2020-12-01 09:36:24,063 [grpc-default-executor-3] INFO  metrics.RatisMetrics (RatisMetrics.java:lambda$create$0(36)) - Creating Metrics Registry : ratis.server_message_metrics.b04f2191-2b78-48d5-a7df-85f1d0f43d9c
2020-12-01 09:36:24,068 [grpc-default-executor-3] INFO  impl.RaftServerProxy (RaftServerProxy.java:addNew(93)) - b04f2191-2b78-48d5-a7df-85f1d0f43d9c: addNew group-D2DFA6907B63:[b04f2191-2b78-48d5-a7df-85f1d0f43d9c|rpc:172.17.0.2:37569|dataStream:, ff14e274-5ee8-4142-b96f-00dc3fd4f97a|rpc:172.17.0.2:39957|dataStream:, 8e30c15e-a534-4be6-9288-c2bfff0aa2a9|rpc:172.17.0.2:33009|dataStream:] returns group-D2DFA6907B63:java.util.concurrent.CompletableFuture@7d3c3895[Not completed]
2020-12-01 09:36:24,069 [pool-255-thread-1] INFO  impl.RaftServerImpl (RaftServerImpl.java:<init>(121)) - b04f2191-2b78-48d5-a7df-85f1d0f43d9c: new RaftServerImpl for group-D2DFA6907B63:[b04f2191-2b78-48d5-a7df-85f1d0f43d9c|rpc:172.17.0.2:37569|dataStream:, ff14e274-5ee8-4142-b96f-00dc3fd4f97a|rpc:172.17.0.2:39957|dataStream:, 8e30c15e-a534-4be6-9288-c2bfff0aa2a9|rpc:172.17.0.2:33009|dataStream:] with ContainerStateMachine:uninitialized
2020-12-01 09:36:24,069 [pool-255-thread-1] INFO  server.RaftServerConfigKeys (ConfUtils.java:logGet(44)) - raft.server.rpc.timeout.min = 5s (custom)
2020-12-01 09:36:24,069 [pool-255-thread-1] INFO  server.RaftServerConfigKeys (ConfUtils.java:logGet(44)) - raft.server.rpc.timeout.max = 5200ms (custom)
2020-12-01 09:36:24,069 [pool-255-thread-1] INFO  server.RaftServerConfigKeys (ConfUtils.java:logGet(44)) - raft.server.rpc.slowness.timeout = 300s (custom)
2020-12-01 09:36:24,069 [pool-255-thread-1] INFO  server.RaftServerConfigKeys (ConfUtils.java:logGet(44)) - raft.server.leaderelection.leader.step-down.wait-time = 10s (default)
2020-12-01 09:36:24,069 [pool-255-thread-1] INFO  server.RaftServerConfigKeys (ConfUtils.java:logGet(44)) - raft.server.sleep.deviation.threshold = 300 (default)
2020-12-01 09:36:24,070 [pool-255-thread-1] INFO  server.RaftServerConfigKeys (ConfUtils.java:logGet(44)) - raft.server.log.appender.install.snapshot.enabled = false (custom)
2020-12-01 09:36:24,070 [pool-255-thread-1] INFO  impl.RaftServerImpl (ServerState.java:<init>(104)) - b04f2191-2b78-48d5-a7df-85f1d0f43d9c@group-D2DFA6907B63: ConfigurationManager, init=-1: [b04f2191-2b78-48d5-a7df-85f1d0f43d9c|rpc:172.17.0.2:37569|dataStream:, ff14e274-5ee8-4142-b96f-00dc3fd4f97a|rpc:172.17.0.2:39957|dataStream:, 8e30c15e-a534-4be6-9288-c2bfff0aa2a9|rpc:172.17.0.2:33009|dataStream:], old=null, confs=<EMPTY_MAP>
2020-12-01 09:36:24,070 [pool-255-thread-1] INFO  server.RaftServerConfigKeys (ConfUtils.java:logGet(44)) - raft.server.storage.dir = [/github/workspace/mnt/ozone/hadoop-ozone/integration-test/target/test-dir/MiniOzoneClusterImpl-8d4a4fce-edf6-4f04-8cc5-f8d714c00e47/datanode-5/data/ratis] (custom)
2020-12-01 09:36:24,070 [pool-255-thread-1] INFO  server.RaftServerConfigKeys (ConfUtils.java:logGet(44)) - raft.server.log.corruption.policy = EXCEPTION (default)
2020-12-01 09:36:24,070 [pool-255-thread-1] INFO  storage.RaftStorageDirectory (RaftStorageDirectory.java:analyzeStorage(261)) - The storage directory /github/workspace/mnt/ozone/hadoop-ozone/integration-test/target/test-dir/MiniOzoneClusterImpl-8d4a4fce-edf6-4f04-8cc5-f8d714c00e47/datanode-5/data/ratis/624329bb-788f-4473-88f4-d2dfa6907b63 does not exist. Creating ...
2020-12-01 09:36:24,072 [pool-255-thread-1] INFO  storage.RaftStorageDirectory (RaftStorageDirectory.java:tryLock(343)) - Lock on /github/workspace/mnt/ozone/hadoop-ozone/integration-test/target/test-dir/MiniOzoneClusterImpl-8d4a4fce-edf6-4f04-8cc5-f8d714c00e47/datanode-5/data/ratis/624329bb-788f-4473-88f4-d2dfa6907b63/in_use.lock acquired by nodename 17643@d8c3efac84dc
2020-12-01 09:36:24,073 [pool-255-thread-1] INFO  storage.RaftStorage (RaftStorage.java:format(85)) - Storage directory /github/workspace/mnt/ozone/hadoop-ozone/integration-test/target/test-dir/MiniOzoneClusterImpl-8d4a4fce-edf6-4f04-8cc5-f8d714c00e47/datanode-5/data/ratis/624329bb-788f-4473-88f4-d2dfa6907b63 has been successfully formatted.
2020-12-01 09:36:24,074 [pool-255-thread-1] INFO  ratis.ContainerStateMachine (ContainerStateMachine.java:loadSnapshot(225)) - group-D2DFA6907B63: The snapshot info is null. Setting the last applied indexto:(t:0, i:~)
2020-12-01 09:36:24,074 [pool-255-thread-1] INFO  server.RaftServerConfigKeys (ConfUtils.java:logGet(44)) - raft.server.notification.no-leader.timeout = 300s (custom)
2020-12-01 09:36:24,075 [EventQueue-PipelineReportForOneReplicaPipelineSafeModeRule] INFO  safemode.SCMSafeModeManager (SCMSafeModeManager.java:validateSafeModeExitRules(214)) - AtleastOneDatanodeReportedRule rule is successfully validated
2020-12-01 09:36:24,076 [pool-255-thread-1] INFO  server.RaftServerConfigKeys (ConfUtils.java:logGet(44)) - raft.server.log.use.memory = false (default)
2020-12-01 09:36:24,076 [pool-255-thread-1] INFO  server.RaftServerConfigKeys (ConfUtils.java:logGet(44)) - raft.server.log.purge.gap = 1000000 (custom)
2020-12-01 09:36:24,076 [pool-255-thread-1] INFO  metrics.RatisMetrics (RatisMetrics.java:lambda$create$0(36)) - Creating Metrics Registry : ratis.log_worker.b04f2191-2b78-48d5-a7df-85f1d0f43d9c@group-D2DFA6907B63
2020-12-01 09:36:24,076 [pool-255-thread-1] INFO  server.RaftServerConfigKeys (ConfUtils.java:logGet(44)) - raft.server.log.appender.buffer.byte-limit = 33554432 (custom)
2020-12-01 09:36:24,076 [pool-255-thread-1] INFO  server.RaftServerConfigKeys (ConfUtils.java:logGet(44)) - raft.server.log.segment.size.max = 1048576 (custom)
2020-12-01 09:36:24,077 [pool-255-thread-1] INFO  server.RaftServerConfigKeys (ConfUtils.java:logGet(44)) - raft.server.log.segment.cache.num.max = 2 (custom)
2020-12-01 09:36:24,077 [pool-255-thread-1] INFO  segmented.SegmentedRaftLogWorker (SegmentedRaftLogWorker.java:<init>(180)) - new b04f2191-2b78-48d5-a7df-85f1d0f43d9c@group-D2DFA6907B63-SegmentedRaftLogWorker for RaftStorage:Storage Directory /github/workspace/mnt/ozone/hadoop-ozone/integration-test/target/test-dir/MiniOzoneClusterImpl-8d4a4fce-edf6-4f04-8cc5-f8d714c00e47/datanode-5/data/ratis/624329bb-788f-4473-88f4-d2dfa6907b63
2020-12-01 09:36:24,077 [pool-255-thread-1] INFO  server.RaftServerConfigKeys (ConfUtils.java:logGet(44)) - raft.server.log.queue.byte-limit = 2147483647 (custom)
2020-12-01 09:36:24,077 [pool-255-thread-1] INFO  server.RaftServerConfigKeys (ConfUtils.java:logGet(44)) - raft.server.log.queue.element-limit = 1024 (custom)
2020-12-01 09:36:24,077 [pool-255-thread-1] INFO  server.RaftServerConfigKeys (ConfUtils.java:logGet(44)) - raft.server.log.segment.size.max = 1048576 (custom)
2020-12-01 09:36:24,077 [pool-255-thread-1] INFO  server.RaftServerConfigKeys (ConfUtils.java:logGet(44)) - raft.server.log.preallocated.size = 16384 (custom)
2020-12-01 09:36:24,077 [pool-255-thread-1] INFO  server.RaftServerConfigKeys (ConfUtils.java:logGet(44)) - raft.server.log.write.buffer.size = 1048576 (custom)
2020-12-01 09:36:24,077 [pool-255-thread-1] INFO  server.RaftServerConfigKeys (ConfUtils.java:logGet(44)) - raft.server.log.force.sync.num = 128 (default)
2020-12-01 09:36:24,077 [pool-255-thread-1] INFO  server.RaftServerConfigKeys (ConfUtils.java:logGet(44)) - raft.server.log.statemachine.data.sync = true (default)
2020-12-01 09:36:24,078 [pool-255-thread-1] INFO  server.RaftServerConfigKeys (ConfUtils.java:logGet(44)) - raft.server.log.statemachine.data.sync.timeout = 10s (default)
2020-12-01 09:36:24,078 [pool-255-thread-1] INFO  server.RaftServerConfigKeys (ConfUtils.java:logGet(44)) - raft.server.log.statemachine.data.sync.timeout.retry = -1 (default)
2020-12-01 09:36:24,079 [pool-255-thread-1] INFO  server.RaftServerConfigKeys (ConfUtils.java:logGet(44)) - raft.server.log.statemachine.data.caching.enabled = true (custom)
2020-12-01 09:36:24,079 [pool-255-thread-1] INFO  segmented.SegmentedRaftLogWorker (SegmentedRaftLogWorker.java:lambda$new$0(129)) - b04f2191-2b78-48d5-a7df-85f1d0f43d9c@group-D2DFA6907B63-SegmentedRaftLogWorker: flushIndex: setUnconditionally 0 -> -1
2020-12-01 09:36:24,079 [pool-255-thread-1] INFO  segmented.SegmentedRaftLogWorker (SegmentedRaftLogWorker.java:lambda$new$0(129)) - b04f2191-2b78-48d5-a7df-85f1d0f43d9c@group-D2DFA6907B63-SegmentedRaftLogWorker: safeCacheEvictIndex: setUnconditionally 0 -> -1
2020-12-01 09:36:24,080 [pool-255-thread-1] INFO  server.RaftServerConfigKeys (ConfUtils.java:logGet(44)) - raft.server.snapshot.auto.trigger.enabled = true (custom)
2020-12-01 09:36:24,080 [pool-255-thread-1] INFO  server.RaftServerConfigKeys (ConfUtils.java:logGet(44)) - raft.server.snapshot.auto.trigger.threshold = 10000 (custom)
2020-12-01 09:36:24,080 [pool-255-thread-1] INFO  server.RaftServerConfigKeys (ConfUtils.java:logGet(44)) - raft.server.snapshot.retention.file.num = 5 (custom)
2020-12-01 09:36:24,080 [pool-255-thread-1] INFO  server.RaftServerConfigKeys (ConfUtils.java:logGet(44)) - raft.server.log.purge.upto.snapshot.index = false (default)
2020-12-01 09:36:24,080 [pool-255-thread-1] INFO  server.RaftServerConfigKeys (ConfUtils.java:logGet(44)) - raft.server.retrycache.expirytime = 600000ms (custom)
2020-12-01 09:36:24,080 [pool-255-thread-1] INFO  metrics.RatisMetrics (RatisMetrics.java:lambda$create$0(36)) - Creating Metrics Registry : ratis.leader_election.b04f2191-2b78-48d5-a7df-85f1d0f43d9c@group-D2DFA6907B63
2020-12-01 09:36:24,080 [pool-255-thread-1] INFO  metrics.RatisMetrics (RatisMetrics.java:lambda$create$0(36)) - Creating Metrics Registry : ratis.server.b04f2191-2b78-48d5-a7df-85f1d0f43d9c@group-D2DFA6907B63
2020-12-01 09:36:24,081 [pool-255-thread-1] INFO  impl.RaftServerImpl (RaftServerImpl.java:start(215)) - b04f2191-2b78-48d5-a7df-85f1d0f43d9c@group-D2DFA6907B63: start as a follower, conf=-1: [b04f2191-2b78-48d5-a7df-85f1d0f43d9c|rpc:172.17.0.2:37569|dataStream:, ff14e274-5ee8-4142-b96f-00dc3fd4f97a|rpc:172.17.0.2:39957|dataStream:, 8e30c15e-a534-4be6-9288-c2bfff0aa2a9|rpc:172.17.0.2:33009|dataStream:], old=null
2020-12-01 09:36:24,081 [pool-255-thread-1] INFO  impl.RaftServerImpl (RaftServerImpl.java:setRole(204)) - b04f2191-2b78-48d5-a7df-85f1d0f43d9c@group-D2DFA6907B63: changes role from      null to FOLLOWER at term 0 for startAsFollower
2020-12-01 09:36:24,082 [pool-255-thread-1] INFO  impl.RoleInfo (RoleInfo.java:updateAndGet(143)) - b04f2191-2b78-48d5-a7df-85f1d0f43d9c: start b04f2191-2b78-48d5-a7df-85f1d0f43d9c@group-D2DFA6907B63-FollowerState
2020-12-01 09:36:24,082 [pool-255-thread-1] INFO  util.JmxRegister (JmxRegister.java:tryRegister(44)) - Successfully registered JMX Bean with object name Ratis:service=RaftServer,group=group-D2DFA6907B63,id=b04f2191-2b78-48d5-a7df-85f1d0f43d9c
2020-12-01 09:36:24,082 [pool-255-thread-1] INFO  metrics.RatisMetrics (RatisMetrics.java:lambda$create$0(36)) - Creating Metrics Registry : ratis.state_machine.b04f2191-2b78-48d5-a7df-85f1d0f43d9c@group-D2DFA6907B63
2020-12-01 09:36:24,090 [Command processor thread] INFO  metrics.RatisMetrics (RatisMetrics.java:lambda$create$0(36)) - Creating Metrics Registry : ratis.client_message_metrics.client-5EB9C3D55CB0->ff14e274-5ee8-4142-b96f-00dc3fd4f97a
2020-12-01 09:36:24,097 [grpc-default-executor-3] INFO  metrics.RatisMetrics (RatisMetrics.java:lambda$create$0(36)) - Creating Metrics Registry : ratis.server_message_metrics.ff14e274-5ee8-4142-b96f-00dc3fd4f97a
2020-12-01 09:36:24,100 [grpc-default-executor-3] INFO  impl.RaftServerProxy (RaftServerProxy.java:addNew(93)) - ff14e274-5ee8-4142-b96f-00dc3fd4f97a: addNew group-D2DFA6907B63:[b04f2191-2b78-48d5-a7df-85f1d0f43d9c|rpc:172.17.0.2:37569|dataStream:, ff14e274-5ee8-4142-b96f-00dc3fd4f97a|rpc:172.17.0.2:39957|dataStream:, 8e30c15e-a534-4be6-9288-c2bfff0aa2a9|rpc:172.17.0.2:33009|dataStream:] returns group-D2DFA6907B63:java.util.concurrent.CompletableFuture@55f1a4f9[Not completed]
2020-12-01 09:36:24,101 [pool-239-thread-1] INFO  impl.RaftServerImpl (RaftServerImpl.java:<init>(121)) - ff14e274-5ee8-4142-b96f-00dc3fd4f97a: new RaftServerImpl for group-D2DFA6907B63:[b04f2191-2b78-48d5-a7df-85f1d0f43d9c|rpc:172.17.0.2:37569|dataStream:, ff14e274-5ee8-4142-b96f-00dc3fd4f97a|rpc:172.17.0.2:39957|dataStream:, 8e30c15e-a534-4be6-9288-c2bfff0aa2a9|rpc:172.17.0.2:33009|dataStream:] with ContainerStateMachine:uninitialized
2020-12-01 09:36:24,101 [pool-239-thread-1] INFO  server.RaftServerConfigKeys (ConfUtils.java:logGet(44)) - raft.server.rpc.timeout.min = 5s (custom)
2020-12-01 09:36:24,101 [pool-239-thread-1] INFO  server.RaftServerConfigKeys (ConfUtils.java:logGet(44)) - raft.server.rpc.timeout.max = 5200ms (custom)
2020-12-01 09:36:24,101 [pool-239-thread-1] INFO  server.RaftServerConfigKeys (ConfUtils.java:logGet(44)) - raft.server.rpc.slowness.timeout = 300s (custom)
2020-12-01 09:36:24,101 [pool-239-thread-1] INFO  server.RaftServerConfigKeys (ConfUtils.java:logGet(44)) - raft.server.leaderelection.leader.step-down.wait-time = 10s (default)
2020-12-01 09:36:24,101 [pool-239-thread-1] INFO  server.RaftServerConfigKeys (ConfUtils.java:logGet(44)) - raft.server.sleep.deviation.threshold = 300 (default)
2020-12-01 09:36:24,101 [pool-239-thread-1] INFO  server.RaftServerConfigKeys (ConfUtils.java:logGet(44)) - raft.server.log.appender.install.snapshot.enabled = false (custom)
2020-12-01 09:36:24,101 [pool-239-thread-1] INFO  impl.RaftServerImpl (ServerState.java:<init>(104)) - ff14e274-5ee8-4142-b96f-00dc3fd4f97a@group-D2DFA6907B63: ConfigurationManager, init=-1: [b04f2191-2b78-48d5-a7df-85f1d0f43d9c|rpc:172.17.0.2:37569|dataStream:, ff14e274-5ee8-4142-b96f-00dc3fd4f97a|rpc:172.17.0.2:39957|dataStream:, 8e30c15e-a534-4be6-9288-c2bfff0aa2a9|rpc:172.17.0.2:33009|dataStream:], old=null, confs=<EMPTY_MAP>
2020-12-01 09:36:24,102 [pool-239-thread-1] INFO  server.RaftServerConfigKeys (ConfUtils.java:logGet(44)) - raft.server.storage.dir = [/github/workspace/mnt/ozone/hadoop-ozone/integration-test/target/test-dir/MiniOzoneClusterImpl-8d4a4fce-edf6-4f04-8cc5-f8d714c00e47/datanode-4/data/ratis] (custom)
2020-12-01 09:36:24,102 [pool-239-thread-1] INFO  server.RaftServerConfigKeys (ConfUtils.java:logGet(44)) - raft.server.log.corruption.policy = EXCEPTION (default)
2020-12-01 09:36:24,102 [pool-239-thread-1] INFO  storage.RaftStorageDirectory (RaftStorageDirectory.java:analyzeStorage(261)) - The storage directory /github/workspace/mnt/ozone/hadoop-ozone/integration-test/target/test-dir/MiniOzoneClusterImpl-8d4a4fce-edf6-4f04-8cc5-f8d714c00e47/datanode-4/data/ratis/624329bb-788f-4473-88f4-d2dfa6907b63 does not exist. Creating ...
2020-12-01 09:36:24,106 [pool-239-thread-1] INFO  storage.RaftStorageDirectory (RaftStorageDirectory.java:tryLock(343)) - Lock on /github/workspace/mnt/ozone/hadoop-ozone/integration-test/target/test-dir/MiniOzoneClusterImpl-8d4a4fce-edf6-4f04-8cc5-f8d714c00e47/datanode-4/data/ratis/624329bb-788f-4473-88f4-d2dfa6907b63/in_use.lock acquired by nodename 17643@d8c3efac84dc
2020-12-01 09:36:24,108 [pool-239-thread-1] INFO  storage.RaftStorage (RaftStorage.java:format(85)) - Storage directory /github/workspace/mnt/ozone/hadoop-ozone/integration-test/target/test-dir/MiniOzoneClusterImpl-8d4a4fce-edf6-4f04-8cc5-f8d714c00e47/datanode-4/data/ratis/624329bb-788f-4473-88f4-d2dfa6907b63 has been successfully formatted.
2020-12-01 09:36:24,110 [EventQueue-PipelineReportForOneReplicaPipelineSafeModeRule] INFO  safemode.SCMSafeModeManager (SCMSafeModeManager.java:validateSafeModeExitRules(214)) - AtleastOneDatanodeReportedRule rule is successfully validated
2020-12-01 09:36:24,111 [pool-239-thread-1] INFO  ratis.ContainerStateMachine (ContainerStateMachine.java:loadSnapshot(225)) - group-D2DFA6907B63: The snapshot info is null. Setting the last applied indexto:(t:0, i:~)
2020-12-01 09:36:24,111 [pool-239-thread-1] INFO  server.RaftServerConfigKeys (ConfUtils.java:logGet(44)) - raft.server.notification.no-leader.timeout = 300s (custom)
2020-12-01 09:36:24,111 [pool-239-thread-1] INFO  server.RaftServerConfigKeys (ConfUtils.java:logGet(44)) - raft.server.log.use.memory = false (default)
2020-12-01 09:36:24,111 [pool-239-thread-1] INFO  server.RaftServerConfigKeys (ConfUtils.java:logGet(44)) - raft.server.log.purge.gap = 1000000 (custom)
2020-12-01 09:36:24,111 [pool-239-thread-1] INFO  metrics.RatisMetrics (RatisMetrics.java:lambda$create$0(36)) - Creating Metrics Registry : ratis.log_worker.ff14e274-5ee8-4142-b96f-00dc3fd4f97a@group-D2DFA6907B63
2020-12-01 09:36:24,111 [pool-239-thread-1] INFO  server.RaftServerConfigKeys (ConfUtils.java:logGet(44)) - raft.server.log.appender.buffer.byte-limit = 33554432 (custom)
2020-12-01 09:36:24,112 [pool-239-thread-1] INFO  server.RaftServerConfigKeys (ConfUtils.java:logGet(44)) - raft.server.log.segment.size.max = 1048576 (custom)
2020-12-01 09:36:24,112 [pool-239-thread-1] INFO  server.RaftServerConfigKeys (ConfUtils.java:logGet(44)) - raft.server.log.segment.cache.num.max = 2 (custom)
2020-12-01 09:36:24,112 [pool-239-thread-1] INFO  segmented.SegmentedRaftLogWorker (SegmentedRaftLogWorker.java:<init>(180)) - new ff14e274-5ee8-4142-b96f-00dc3fd4f97a@group-D2DFA6907B63-SegmentedRaftLogWorker for RaftStorage:Storage Directory /github/workspace/mnt/ozone/hadoop-ozone/integration-test/target/test-dir/MiniOzoneClusterImpl-8d4a4fce-edf6-4f04-8cc5-f8d714c00e47/datanode-4/data/ratis/624329bb-788f-4473-88f4-d2dfa6907b63
2020-12-01 09:36:24,112 [pool-239-thread-1] INFO  server.RaftServerConfigKeys (ConfUtils.java:logGet(44)) - raft.server.log.queue.byte-limit = 2147483647 (custom)
2020-12-01 09:36:24,112 [pool-239-thread-1] INFO  server.RaftServerConfigKeys (ConfUtils.java:logGet(44)) - raft.server.log.queue.element-limit = 1024 (custom)
2020-12-01 09:36:24,112 [pool-239-thread-1] INFO  server.RaftServerConfigKeys (ConfUtils.java:logGet(44)) - raft.server.log.segment.size.max = 1048576 (custom)
2020-12-01 09:36:24,113 [pool-239-thread-1] INFO  server.RaftServerConfigKeys (ConfUtils.java:logGet(44)) - raft.server.log.preallocated.size = 16384 (custom)
2020-12-01 09:36:24,113 [pool-239-thread-1] INFO  server.RaftServerConfigKeys (ConfUtils.java:logGet(44)) - raft.server.log.write.buffer.size = 1048576 (custom)
2020-12-01 09:36:24,114 [pool-239-thread-1] INFO  server.RaftServerConfigKeys (ConfUtils.java:logGet(44)) - raft.server.log.force.sync.num = 128 (default)
2020-12-01 09:36:24,114 [pool-239-thread-1] INFO  server.RaftServerConfigKeys (ConfUtils.java:logGet(44)) - raft.server.log.statemachine.data.sync = true (default)
2020-12-01 09:36:24,114 [pool-239-thread-1] INFO  server.RaftServerConfigKeys (ConfUtils.java:logGet(44)) - raft.server.log.statemachine.data.sync.timeout = 10s (default)
2020-12-01 09:36:24,114 [pool-239-thread-1] INFO  server.RaftServerConfigKeys (ConfUtils.java:logGet(44)) - raft.server.log.statemachine.data.sync.timeout.retry = -1 (default)
2020-12-01 09:36:24,115 [pool-239-thread-1] INFO  server.RaftServerConfigKeys (ConfUtils.java:logGet(44)) - raft.server.log.statemachine.data.caching.enabled = true (custom)
2020-12-01 09:36:24,116 [pool-239-thread-1] INFO  segmented.SegmentedRaftLogWorker (SegmentedRaftLogWorker.java:lambda$new$0(129)) - ff14e274-5ee8-4142-b96f-00dc3fd4f97a@group-D2DFA6907B63-SegmentedRaftLogWorker: flushIndex: setUnconditionally 0 -> -1
2020-12-01 09:36:24,116 [pool-239-thread-1] INFO  segmented.SegmentedRaftLogWorker (SegmentedRaftLogWorker.java:lambda$new$0(129)) - ff14e274-5ee8-4142-b96f-00dc3fd4f97a@group-D2DFA6907B63-SegmentedRaftLogWorker: safeCacheEvictIndex: setUnconditionally 0 -> -1
2020-12-01 09:36:24,116 [pool-239-thread-1] INFO  server.RaftServerConfigKeys (ConfUtils.java:logGet(44)) - raft.server.snapshot.auto.trigger.enabled = true (custom)
2020-12-01 09:36:24,117 [pool-239-thread-1] INFO  server.RaftServerConfigKeys (ConfUtils.java:logGet(44)) - raft.server.snapshot.auto.trigger.threshold = 10000 (custom)
2020-12-01 09:36:24,117 [pool-239-thread-1] INFO  server.RaftServerConfigKeys (ConfUtils.java:logGet(44)) - raft.server.snapshot.retention.file.num = 5 (custom)
2020-12-01 09:36:24,117 [pool-239-thread-1] INFO  server.RaftServerConfigKeys (ConfUtils.java:logGet(44)) - raft.server.log.purge.upto.snapshot.index = false (default)
2020-12-01 09:36:24,117 [pool-239-thread-1] INFO  server.RaftServerConfigKeys (ConfUtils.java:logGet(44)) - raft.server.retrycache.expirytime = 600000ms (custom)
2020-12-01 09:36:24,117 [pool-239-thread-1] INFO  metrics.RatisMetrics (RatisMetrics.java:lambda$create$0(36)) - Creating Metrics Registry : ratis.leader_election.ff14e274-5ee8-4142-b96f-00dc3fd4f97a@group-D2DFA6907B63
2020-12-01 09:36:24,117 [pool-239-thread-1] INFO  metrics.RatisMetrics (RatisMetrics.java:lambda$create$0(36)) - Creating Metrics Registry : ratis.server.ff14e274-5ee8-4142-b96f-00dc3fd4f97a@group-D2DFA6907B63
2020-12-01 09:36:24,118 [pool-239-thread-1] INFO  impl.RaftServerImpl (RaftServerImpl.java:start(215)) - ff14e274-5ee8-4142-b96f-00dc3fd4f97a@group-D2DFA6907B63: start as a follower, conf=-1: [b04f2191-2b78-48d5-a7df-85f1d0f43d9c|rpc:172.17.0.2:37569|dataStream:, ff14e274-5ee8-4142-b96f-00dc3fd4f97a|rpc:172.17.0.2:39957|dataStream:, 8e30c15e-a534-4be6-9288-c2bfff0aa2a9|rpc:172.17.0.2:33009|dataStream:], old=null
2020-12-01 09:36:24,118 [pool-239-thread-1] INFO  impl.RaftServerImpl (RaftServerImpl.java:setRole(204)) - ff14e274-5ee8-4142-b96f-00dc3fd4f97a@group-D2DFA6907B63: changes role from      null to FOLLOWER at term 0 for startAsFollower
2020-12-01 09:36:24,118 [pool-239-thread-1] INFO  impl.RoleInfo (RoleInfo.java:updateAndGet(143)) - ff14e274-5ee8-4142-b96f-00dc3fd4f97a: start ff14e274-5ee8-4142-b96f-00dc3fd4f97a@group-D2DFA6907B63-FollowerState
2020-12-01 09:36:24,119 [pool-239-thread-1] INFO  util.JmxRegister (JmxRegister.java:tryRegister(44)) - Successfully registered JMX Bean with object name Ratis:service=RaftServer,group=group-D2DFA6907B63,id=ff14e274-5ee8-4142-b96f-00dc3fd4f97a
2020-12-01 09:36:24,119 [pool-239-thread-1] INFO  metrics.RatisMetrics (RatisMetrics.java:lambda$create$0(36)) - Creating Metrics Registry : ratis.state_machine.ff14e274-5ee8-4142-b96f-00dc3fd4f97a@group-D2DFA6907B63
2020-12-01 09:36:24,136 [Command processor thread] INFO  commandhandler.CreatePipelineCommandHandler (CreatePipelineCommandHandler.java:handle(106)) - Created Pipeline RATIS THREE PipelineID=624329bb-788f-4473-88f4-d2dfa6907b63.
2020-12-01 09:36:24,212 [Command processor thread] INFO  impl.RaftServerProxy (RaftServerProxy.java:addNew(93)) - ff14e274-5ee8-4142-b96f-00dc3fd4f97a: addNew group-298BA3011926:[ff14e274-5ee8-4142-b96f-00dc3fd4f97a|rpc:172.17.0.2:39957] returns group-298BA3011926:java.util.concurrent.CompletableFuture@1a51b5da[Not completed]
2020-12-01 09:36:24,213 [pool-239-thread-1] INFO  impl.RaftServerImpl (RaftServerImpl.java:<init>(121)) - ff14e274-5ee8-4142-b96f-00dc3fd4f97a: new RaftServerImpl for group-298BA3011926:[ff14e274-5ee8-4142-b96f-00dc3fd4f97a|rpc:172.17.0.2:39957] with ContainerStateMachine:uninitialized
2020-12-01 09:36:24,213 [pool-239-thread-1] INFO  server.RaftServerConfigKeys (ConfUtils.java:logGet(44)) - raft.server.rpc.timeout.min = 5s (custom)
2020-12-01 09:36:24,213 [pool-239-thread-1] INFO  server.RaftServerConfigKeys (ConfUtils.java:logGet(44)) - raft.server.rpc.timeout.max = 5200ms (custom)
2020-12-01 09:36:24,213 [pool-239-thread-1] INFO  server.RaftServerConfigKeys (ConfUtils.java:logGet(44)) - raft.server.rpc.slowness.timeout = 300s (custom)
2020-12-01 09:36:24,213 [pool-239-thread-1] INFO  server.RaftServerConfigKeys (ConfUtils.java:logGet(44)) - raft.server.leaderelection.leader.step-down.wait-time = 10s (default)
2020-12-01 09:36:24,213 [pool-239-thread-1] INFO  server.RaftServerConfigKeys (ConfUtils.java:logGet(44)) - raft.server.sleep.deviation.threshold = 300 (default)
2020-12-01 09:36:24,213 [pool-239-thread-1] INFO  server.RaftServerConfigKeys (ConfUtils.java:logGet(44)) - raft.server.log.appender.install.snapshot.enabled = false (custom)
2020-12-01 09:36:24,213 [pool-239-thread-1] INFO  impl.RaftServerImpl (ServerState.java:<init>(104)) - ff14e274-5ee8-4142-b96f-00dc3fd4f97a@group-298BA3011926: ConfigurationManager, init=-1: [ff14e274-5ee8-4142-b96f-00dc3fd4f97a|rpc:172.17.0.2:39957], old=null, confs=<EMPTY_MAP>
2020-12-01 09:36:24,213 [pool-239-thread-1] INFO  server.RaftServerConfigKeys (ConfUtils.java:logGet(44)) - raft.server.storage.dir = [/github/workspace/mnt/ozone/hadoop-ozone/integration-test/target/test-dir/MiniOzoneClusterImpl-8d4a4fce-edf6-4f04-8cc5-f8d714c00e47/datanode-4/data/ratis] (custom)
2020-12-01 09:36:24,213 [pool-239-thread-1] INFO  server.RaftServerConfigKeys (ConfUtils.java:logGet(44)) - raft.server.log.corruption.policy = EXCEPTION (default)
2020-12-01 09:36:24,214 [pool-239-thread-1] INFO  storage.RaftStorageDirectory (RaftStorageDirectory.java:analyzeStorage(261)) - The storage directory /github/workspace/mnt/ozone/hadoop-ozone/integration-test/target/test-dir/MiniOzoneClusterImpl-8d4a4fce-edf6-4f04-8cc5-f8d714c00e47/datanode-4/data/ratis/69cad715-389c-4a83-82a0-298ba3011926 does not exist. Creating ...
2020-12-01 09:36:24,215 [pool-239-thread-1] INFO  storage.RaftStorageDirectory (RaftStorageDirectory.java:tryLock(343)) - Lock on /github/workspace/mnt/ozone/hadoop-ozone/integration-test/target/test-dir/MiniOzoneClusterImpl-8d4a4fce-edf6-4f04-8cc5-f8d714c00e47/datanode-4/data/ratis/69cad715-389c-4a83-82a0-298ba3011926/in_use.lock acquired by nodename 17643@d8c3efac84dc
2020-12-01 09:36:24,216 [pool-239-thread-1] INFO  storage.RaftStorage (RaftStorage.java:format(85)) - Storage directory /github/workspace/mnt/ozone/hadoop-ozone/integration-test/target/test-dir/MiniOzoneClusterImpl-8d4a4fce-edf6-4f04-8cc5-f8d714c00e47/datanode-4/data/ratis/69cad715-389c-4a83-82a0-298ba3011926 has been successfully formatted.
2020-12-01 09:36:24,218 [EventQueue-PipelineReportForPipelineReportHandler] INFO  pipeline.PipelineStateManager (PipelineStateManager.java:openPipeline(132)) - Pipeline Pipeline[ Id: 69cad715-389c-4a83-82a0-298ba3011926, Nodes: ff14e274-5ee8-4142-b96f-00dc3fd4f97a{ip: 172.17.0.2, host: d8c3efac84dc, networkLocation: /default-rack, certSerialId: null}, Type:RATIS, Factor:ONE, State:ALLOCATED, leaderId:ff14e274-5ee8-4142-b96f-00dc3fd4f97a, CreationTimestamp2020-12-01T09:36:21.214Z] moved to OPEN state
2020-12-01 09:36:24,219 [EventQueue-PipelineReportForOneReplicaPipelineSafeModeRule] INFO  safemode.SCMSafeModeManager (SCMSafeModeManager.java:validateSafeModeExitRules(214)) - AtleastOneDatanodeReportedRule rule is successfully validated
2020-12-01 09:36:24,219 [EventQueue-OpenPipelineForHealthyPipelineSafeModeRule] INFO  safemode.SCMSafeModeManager (HealthyPipelineSafeModeRule.java:process(128)) - SCM in safe mode. Healthy pipelines reported count is 0, required healthy pipeline reported count is 1
2020-12-01 09:36:24,220 [pool-239-thread-1] INFO  ratis.ContainerStateMachine (ContainerStateMachine.java:loadSnapshot(225)) - group-298BA3011926: The snapshot info is null. Setting the last applied indexto:(t:0, i:~)
2020-12-01 09:36:24,221 [pool-239-thread-1] INFO  server.RaftServerConfigKeys (ConfUtils.java:logGet(44)) - raft.server.notification.no-leader.timeout = 300s (custom)
2020-12-01 09:36:24,221 [pool-239-thread-1] INFO  server.RaftServerConfigKeys (ConfUtils.java:logGet(44)) - raft.server.log.use.memory = false (default)
2020-12-01 09:36:24,221 [pool-239-thread-1] INFO  server.RaftServerConfigKeys (ConfUtils.java:logGet(44)) - raft.server.log.purge.gap = 1000000 (custom)
2020-12-01 09:36:24,221 [pool-239-thread-1] INFO  metrics.RatisMetrics (RatisMetrics.java:lambda$create$0(36)) - Creating Metrics Registry : ratis.log_worker.ff14e274-5ee8-4142-b96f-00dc3fd4f97a@group-298BA3011926
2020-12-01 09:36:24,221 [pool-239-thread-1] INFO  server.RaftServerConfigKeys (ConfUtils.java:logGet(44)) - raft.server.log.appender.buffer.byte-limit = 33554432 (custom)
2020-12-01 09:36:24,221 [pool-239-thread-1] INFO  server.RaftServerConfigKeys (ConfUtils.java:logGet(44)) - raft.server.log.segment.size.max = 1048576 (custom)
2020-12-01 09:36:24,222 [pool-239-thread-1] INFO  server.RaftServerConfigKeys (ConfUtils.java:logGet(44)) - raft.server.log.segment.cache.num.max = 2 (custom)
2020-12-01 09:36:24,222 [pool-239-thread-1] INFO  segmented.SegmentedRaftLogWorker (SegmentedRaftLogWorker.java:<init>(180)) - new ff14e274-5ee8-4142-b96f-00dc3fd4f97a@group-298BA3011926-SegmentedRaftLogWorker for RaftStorage:Storage Directory /github/workspace/mnt/ozone/hadoop-ozone/integration-test/target/test-dir/MiniOzoneClusterImpl-8d4a4fce-edf6-4f04-8cc5-f8d714c00e47/datanode-4/data/ratis/69cad715-389c-4a83-82a0-298ba3011926
2020-12-01 09:36:24,222 [pool-239-thread-1] INFO  server.RaftServerConfigKeys (ConfUtils.java:logGet(44)) - raft.server.log.queue.byte-limit = 2147483647 (custom)
2020-12-01 09:36:24,222 [pool-239-thread-1] INFO  server.RaftServerConfigKeys (ConfUtils.java:logGet(44)) - raft.server.log.queue.element-limit = 1024 (custom)
2020-12-01 09:36:24,222 [pool-239-thread-1] INFO  server.RaftServerConfigKeys (ConfUtils.java:logGet(44)) - raft.server.log.segment.size.max = 1048576 (custom)
2020-12-01 09:36:24,222 [pool-239-thread-1] INFO  server.RaftServerConfigKeys (ConfUtils.java:logGet(44)) - raft.server.log.preallocated.size = 16384 (custom)
2020-12-01 09:36:24,222 [pool-239-thread-1] INFO  server.RaftServerConfigKeys (ConfUtils.java:logGet(44)) - raft.server.log.write.buffer.size = 1048576 (custom)
2020-12-01 09:36:24,222 [pool-239-thread-1] INFO  server.RaftServerConfigKeys (ConfUtils.java:logGet(44)) - raft.server.log.force.sync.num = 128 (default)
2020-12-01 09:36:24,222 [pool-239-thread-1] INFO  server.RaftServerConfigKeys (ConfUtils.java:logGet(44)) - raft.server.log.statemachine.data.sync = true (default)
2020-12-01 09:36:24,222 [pool-239-thread-1] INFO  server.RaftServerConfigKeys (ConfUtils.java:logGet(44)) - raft.server.log.statemachine.data.sync.timeout = 10s (default)
2020-12-01 09:36:24,223 [pool-239-thread-1] INFO  server.RaftServerConfigKeys (ConfUtils.java:logGet(44)) - raft.server.log.statemachine.data.sync.timeout.retry = -1 (default)
2020-12-01 09:36:24,224 [pool-239-thread-1] INFO  server.RaftServerConfigKeys (ConfUtils.java:logGet(44)) - raft.server.log.statemachine.data.caching.enabled = true (custom)
2020-12-01 09:36:24,224 [pool-239-thread-1] INFO  segmented.SegmentedRaftLogWorker (SegmentedRaftLogWorker.java:lambda$new$0(129)) - ff14e274-5ee8-4142-b96f-00dc3fd4f97a@group-298BA3011926-SegmentedRaftLogWorker: flushIndex: setUnconditionally 0 -> -1
2020-12-01 09:36:24,225 [pool-239-thread-1] INFO  segmented.SegmentedRaftLogWorker (SegmentedRaftLogWorker.java:lambda$new$0(129)) - ff14e274-5ee8-4142-b96f-00dc3fd4f97a@group-298BA3011926-SegmentedRaftLogWorker: safeCacheEvictIndex: setUnconditionally 0 -> -1
2020-12-01 09:36:24,225 [pool-239-thread-1] INFO  server.RaftServerConfigKeys (ConfUtils.java:logGet(44)) - raft.server.snapshot.auto.trigger.enabled = true (custom)
2020-12-01 09:36:24,225 [pool-239-thread-1] INFO  server.RaftServerConfigKeys (ConfUtils.java:logGet(44)) - raft.server.snapshot.auto.trigger.threshold = 10000 (custom)
2020-12-01 09:36:24,225 [pool-239-thread-1] INFO  server.RaftServerConfigKeys (ConfUtils.java:logGet(44)) - raft.server.snapshot.retention.file.num = 5 (custom)
2020-12-01 09:36:24,225 [pool-239-thread-1] INFO  server.RaftServerConfigKeys (ConfUtils.java:logGet(44)) - raft.server.log.purge.upto.snapshot.index = false (default)
2020-12-01 09:36:24,225 [pool-239-thread-1] INFO  server.RaftServerConfigKeys (ConfUtils.java:logGet(44)) - raft.server.retrycache.expirytime = 600000ms (custom)
2020-12-01 09:36:24,225 [pool-239-thread-1] INFO  metrics.RatisMetrics (RatisMetrics.java:lambda$create$0(36)) - Creating Metrics Registry : ratis.leader_election.ff14e274-5ee8-4142-b96f-00dc3fd4f97a@group-298BA3011926
2020-12-01 09:36:24,225 [pool-239-thread-1] INFO  metrics.RatisMetrics (RatisMetrics.java:lambda$create$0(36)) - Creating Metrics Registry : ratis.server.ff14e274-5ee8-4142-b96f-00dc3fd4f97a@group-298BA3011926
2020-12-01 09:36:24,226 [pool-239-thread-1] INFO  impl.RaftServerImpl (RaftServerImpl.java:start(215)) - ff14e274-5ee8-4142-b96f-00dc3fd4f97a@group-298BA3011926: start as a follower, conf=-1: [ff14e274-5ee8-4142-b96f-00dc3fd4f97a|rpc:172.17.0.2:39957], old=null
2020-12-01 09:36:24,226 [pool-239-thread-1] INFO  impl.RaftServerImpl (RaftServerImpl.java:setRole(204)) - ff14e274-5ee8-4142-b96f-00dc3fd4f97a@group-298BA3011926: changes role from      null to FOLLOWER at term 0 for startAsFollower
2020-12-01 09:36:24,226 [pool-239-thread-1] INFO  impl.RoleInfo (RoleInfo.java:updateAndGet(143)) - ff14e274-5ee8-4142-b96f-00dc3fd4f97a: start ff14e274-5ee8-4142-b96f-00dc3fd4f97a@group-298BA3011926-FollowerState
2020-12-01 09:36:24,227 [pool-239-thread-1] INFO  util.JmxRegister (JmxRegister.java:tryRegister(44)) - Successfully registered JMX Bean with object name Ratis:service=RaftServer,group=group-298BA3011926,id=ff14e274-5ee8-4142-b96f-00dc3fd4f97a
2020-12-01 09:36:24,227 [pool-239-thread-1] INFO  metrics.RatisMetrics (RatisMetrics.java:lambda$create$0(36)) - Creating Metrics Registry : ratis.state_machine.ff14e274-5ee8-4142-b96f-00dc3fd4f97a@group-298BA3011926
2020-12-01 09:36:24,227 [Command processor thread] INFO  commandhandler.CreatePipelineCommandHandler (CreatePipelineCommandHandler.java:handle(106)) - Created Pipeline RATIS ONE PipelineID=69cad715-389c-4a83-82a0-298ba3011926.
2020-12-01 09:36:24,387 [Command processor thread] INFO  impl.RaftServerProxy (RaftServerProxy.java:addNew(93)) - b04f2191-2b78-48d5-a7df-85f1d0f43d9c: addNew group-BE0E163CC516:[b04f2191-2b78-48d5-a7df-85f1d0f43d9c|rpc:172.17.0.2:37569] returns group-BE0E163CC516:java.util.concurrent.CompletableFuture@2bb14368[Not completed]
2020-12-01 09:36:24,388 [pool-255-thread-1] INFO  impl.RaftServerImpl (RaftServerImpl.java:<init>(121)) - b04f2191-2b78-48d5-a7df-85f1d0f43d9c: new RaftServerImpl for group-BE0E163CC516:[b04f2191-2b78-48d5-a7df-85f1d0f43d9c|rpc:172.17.0.2:37569] with ContainerStateMachine:uninitialized
2020-12-01 09:36:24,389 [pool-255-thread-1] INFO  server.RaftServerConfigKeys (ConfUtils.java:logGet(44)) - raft.server.rpc.timeout.min = 5s (custom)
2020-12-01 09:36:24,389 [pool-255-thread-1] INFO  server.RaftServerConfigKeys (ConfUtils.java:logGet(44)) - raft.server.rpc.timeout.max = 5200ms (custom)
2020-12-01 09:36:24,389 [pool-255-thread-1] INFO  server.RaftServerConfigKeys (ConfUtils.java:logGet(44)) - raft.server.rpc.slowness.timeout = 300s (custom)
2020-12-01 09:36:24,389 [pool-255-thread-1] INFO  server.RaftServerConfigKeys (ConfUtils.java:logGet(44)) - raft.server.leaderelection.leader.step-down.wait-time = 10s (default)
2020-12-01 09:36:24,389 [pool-255-thread-1] INFO  server.RaftServerConfigKeys (ConfUtils.java:logGet(44)) - raft.server.sleep.deviation.threshold = 300 (default)
2020-12-01 09:36:24,389 [pool-255-thread-1] INFO  server.RaftServerConfigKeys (ConfUtils.java:logGet(44)) - raft.server.log.appender.install.snapshot.enabled = false (custom)
2020-12-01 09:36:24,389 [pool-255-thread-1] INFO  impl.RaftServerImpl (ServerState.java:<init>(104)) - b04f2191-2b78-48d5-a7df-85f1d0f43d9c@group-BE0E163CC516: ConfigurationManager, init=-1: [b04f2191-2b78-48d5-a7df-85f1d0f43d9c|rpc:172.17.0.2:37569], old=null, confs=<EMPTY_MAP>
2020-12-01 09:36:24,389 [pool-255-thread-1] INFO  server.RaftServerConfigKeys (ConfUtils.java:logGet(44)) - raft.server.storage.dir = [/github/workspace/mnt/ozone/hadoop-ozone/integration-test/target/test-dir/MiniOzoneClusterImpl-8d4a4fce-edf6-4f04-8cc5-f8d714c00e47/datanode-5/data/ratis] (custom)
2020-12-01 09:36:24,390 [pool-255-thread-1] INFO  server.RaftServerConfigKeys (ConfUtils.java:logGet(44)) - raft.server.log.corruption.policy = EXCEPTION (default)
2020-12-01 09:36:24,390 [pool-255-thread-1] INFO  storage.RaftStorageDirectory (RaftStorageDirectory.java:analyzeStorage(261)) - The storage directory /github/workspace/mnt/ozone/hadoop-ozone/integration-test/target/test-dir/MiniOzoneClusterImpl-8d4a4fce-edf6-4f04-8cc5-f8d714c00e47/datanode-5/data/ratis/d2cd0a43-c79f-4054-8b63-be0e163cc516 does not exist. Creating ...
2020-12-01 09:36:24,391 [pool-255-thread-1] INFO  storage.RaftStorageDirectory (RaftStorageDirectory.java:tryLock(343)) - Lock on /github/workspace/mnt/ozone/hadoop-ozone/integration-test/target/test-dir/MiniOzoneClusterImpl-8d4a4fce-edf6-4f04-8cc5-f8d714c00e47/datanode-5/data/ratis/d2cd0a43-c79f-4054-8b63-be0e163cc516/in_use.lock acquired by nodename 17643@d8c3efac84dc
2020-12-01 09:36:24,393 [pool-255-thread-1] INFO  storage.RaftStorage (RaftStorage.java:format(85)) - Storage directory /github/workspace/mnt/ozone/hadoop-ozone/integration-test/target/test-dir/MiniOzoneClusterImpl-8d4a4fce-edf6-4f04-8cc5-f8d714c00e47/datanode-5/data/ratis/d2cd0a43-c79f-4054-8b63-be0e163cc516 has been successfully formatted.
2020-12-01 09:36:24,394 [pool-255-thread-1] INFO  ratis.ContainerStateMachine (ContainerStateMachine.java:loadSnapshot(225)) - group-BE0E163CC516: The snapshot info is null. Setting the last applied indexto:(t:0, i:~)
2020-12-01 09:36:24,394 [pool-255-thread-1] INFO  server.RaftServerConfigKeys (ConfUtils.java:logGet(44)) - raft.server.notification.no-leader.timeout = 300s (custom)
2020-12-01 09:36:24,394 [pool-255-thread-1] INFO  server.RaftServerConfigKeys (ConfUtils.java:logGet(44)) - raft.server.log.use.memory = false (default)
2020-12-01 09:36:24,394 [pool-255-thread-1] INFO  server.RaftServerConfigKeys (ConfUtils.java:logGet(44)) - raft.server.log.purge.gap = 1000000 (custom)
2020-12-01 09:36:24,394 [pool-255-thread-1] INFO  metrics.RatisMetrics (RatisMetrics.java:lambda$create$0(36)) - Creating Metrics Registry : ratis.log_worker.b04f2191-2b78-48d5-a7df-85f1d0f43d9c@group-BE0E163CC516
2020-12-01 09:36:24,394 [pool-255-thread-1] INFO  server.RaftServerConfigKeys (ConfUtils.java:logGet(44)) - raft.server.log.appender.buffer.byte-limit = 33554432 (custom)
2020-12-01 09:36:24,394 [pool-255-thread-1] INFO  server.RaftServerConfigKeys (ConfUtils.java:logGet(44)) - raft.server.log.segment.size.max = 1048576 (custom)
2020-12-01 09:36:24,395 [pool-255-thread-1] INFO  server.RaftServerConfigKeys (ConfUtils.java:logGet(44)) - raft.server.log.segment.cache.num.max = 2 (custom)
2020-12-01 09:36:24,395 [EventQueue-PipelineReportForPipelineReportHandler] INFO  pipeline.PipelineStateManager (PipelineStateManager.java:openPipeline(132)) - Pipeline Pipeline[ Id: d2cd0a43-c79f-4054-8b63-be0e163cc516, Nodes: b04f2191-2b78-48d5-a7df-85f1d0f43d9c{ip: 172.17.0.2, host: d8c3efac84dc, networkLocation: /default-rack, certSerialId: null}, Type:RATIS, Factor:ONE, State:ALLOCATED, leaderId:b04f2191-2b78-48d5-a7df-85f1d0f43d9c, CreationTimestamp2020-12-01T09:36:21.389Z] moved to OPEN state
2020-12-01 09:36:24,396 [EventQueue-PipelineReportForOneReplicaPipelineSafeModeRule] INFO  safemode.SCMSafeModeManager (SCMSafeModeManager.java:validateSafeModeExitRules(214)) - AtleastOneDatanodeReportedRule rule is successfully validated
2020-12-01 09:36:24,396 [EventQueue-OpenPipelineForHealthyPipelineSafeModeRule] INFO  safemode.SCMSafeModeManager (HealthyPipelineSafeModeRule.java:process(128)) - SCM in safe mode. Healthy pipelines reported count is 0, required healthy pipeline reported count is 1
2020-12-01 09:36:24,395 [pool-255-thread-1] INFO  segmented.SegmentedRaftLogWorker (SegmentedRaftLogWorker.java:<init>(180)) - new b04f2191-2b78-48d5-a7df-85f1d0f43d9c@group-BE0E163CC516-SegmentedRaftLogWorker for RaftStorage:Storage Directory /github/workspace/mnt/ozone/hadoop-ozone/integration-test/target/test-dir/MiniOzoneClusterImpl-8d4a4fce-edf6-4f04-8cc5-f8d714c00e47/datanode-5/data/ratis/d2cd0a43-c79f-4054-8b63-be0e163cc516
2020-12-01 09:36:24,396 [pool-255-thread-1] INFO  server.RaftServerConfigKeys (ConfUtils.java:logGet(44)) - raft.server.log.queue.byte-limit = 2147483647 (custom)
2020-12-01 09:36:24,397 [pool-255-thread-1] INFO  server.RaftServerConfigKeys (ConfUtils.java:logGet(44)) - raft.server.log.queue.element-limit = 1024 (custom)
2020-12-01 09:36:24,397 [pool-255-thread-1] INFO  server.RaftServerConfigKeys (ConfUtils.java:logGet(44)) - raft.server.log.segment.size.max = 1048576 (custom)
2020-12-01 09:36:24,397 [pool-255-thread-1] INFO  server.RaftServerConfigKeys (ConfUtils.java:logGet(44)) - raft.server.log.preallocated.size = 16384 (custom)
2020-12-01 09:36:24,397 [pool-255-thread-1] INFO  server.RaftServerConfigKeys (ConfUtils.java:logGet(44)) - raft.server.log.write.buffer.size = 1048576 (custom)
2020-12-01 09:36:24,397 [pool-255-thread-1] INFO  server.RaftServerConfigKeys (ConfUtils.java:logGet(44)) - raft.server.log.force.sync.num = 128 (default)
2020-12-01 09:36:24,397 [pool-255-thread-1] INFO  server.RaftServerConfigKeys (ConfUtils.java:logGet(44)) - raft.server.log.statemachine.data.sync = true (default)
2020-12-01 09:36:24,397 [pool-255-thread-1] INFO  server.RaftServerConfigKeys (ConfUtils.java:logGet(44)) - raft.server.log.statemachine.data.sync.timeout = 10s (default)
2020-12-01 09:36:24,398 [pool-255-thread-1] INFO  server.RaftServerConfigKeys (ConfUtils.java:logGet(44)) - raft.server.log.statemachine.data.sync.timeout.retry = -1 (default)
2020-12-01 09:36:24,399 [pool-255-thread-1] INFO  server.RaftServerConfigKeys (ConfUtils.java:logGet(44)) - raft.server.log.statemachine.data.caching.enabled = true (custom)
2020-12-01 09:36:24,400 [pool-255-thread-1] INFO  segmented.SegmentedRaftLogWorker (SegmentedRaftLogWorker.java:lambda$new$0(129)) - b04f2191-2b78-48d5-a7df-85f1d0f43d9c@group-BE0E163CC516-SegmentedRaftLogWorker: flushIndex: setUnconditionally 0 -> -1
2020-12-01 09:36:24,400 [pool-255-thread-1] INFO  segmented.SegmentedRaftLogWorker (SegmentedRaftLogWorker.java:lambda$new$0(129)) - b04f2191-2b78-48d5-a7df-85f1d0f43d9c@group-BE0E163CC516-SegmentedRaftLogWorker: safeCacheEvictIndex: setUnconditionally 0 -> -1
2020-12-01 09:36:24,404 [pool-255-thread-1] INFO  server.RaftServerConfigKeys (ConfUtils.java:logGet(44)) - raft.server.snapshot.auto.trigger.enabled = true (custom)
2020-12-01 09:36:24,404 [pool-255-thread-1] INFO  server.RaftServerConfigKeys (ConfUtils.java:logGet(44)) - raft.server.snapshot.auto.trigger.threshold = 10000 (custom)
2020-12-01 09:36:24,404 [pool-255-thread-1] INFO  server.RaftServerConfigKeys (ConfUtils.java:logGet(44)) - raft.server.snapshot.retention.file.num = 5 (custom)
2020-12-01 09:36:24,404 [pool-255-thread-1] INFO  server.RaftServerConfigKeys (ConfUtils.java:logGet(44)) - raft.server.log.purge.upto.snapshot.index = false (default)
2020-12-01 09:36:24,404 [pool-255-thread-1] INFO  server.RaftServerConfigKeys (ConfUtils.java:logGet(44)) - raft.server.retrycache.expirytime = 600000ms (custom)
2020-12-01 09:36:24,404 [pool-255-thread-1] INFO  metrics.RatisMetrics (RatisMetrics.java:lambda$create$0(36)) - Creating Metrics Registry : ratis.leader_election.b04f2191-2b78-48d5-a7df-85f1d0f43d9c@group-BE0E163CC516
2020-12-01 09:36:24,408 [pool-255-thread-1] INFO  metrics.RatisMetrics (RatisMetrics.java:lambda$create$0(36)) - Creating Metrics Registry : ratis.server.b04f2191-2b78-48d5-a7df-85f1d0f43d9c@group-BE0E163CC516
2020-12-01 09:36:24,409 [pool-255-thread-1] INFO  impl.RaftServerImpl (RaftServerImpl.java:start(215)) - b04f2191-2b78-48d5-a7df-85f1d0f43d9c@group-BE0E163CC516: start as a follower, conf=-1: [b04f2191-2b78-48d5-a7df-85f1d0f43d9c|rpc:172.17.0.2:37569], old=null
2020-12-01 09:36:24,409 [pool-255-thread-1] INFO  impl.RaftServerImpl (RaftServerImpl.java:setRole(204)) - b04f2191-2b78-48d5-a7df-85f1d0f43d9c@group-BE0E163CC516: changes role from      null to FOLLOWER at term 0 for startAsFollower
2020-12-01 09:36:24,409 [pool-255-thread-1] INFO  impl.RoleInfo (RoleInfo.java:updateAndGet(143)) - b04f2191-2b78-48d5-a7df-85f1d0f43d9c: start b04f2191-2b78-48d5-a7df-85f1d0f43d9c@group-BE0E163CC516-FollowerState
2020-12-01 09:36:24,409 [pool-255-thread-1] INFO  util.JmxRegister (JmxRegister.java:tryRegister(44)) - Successfully registered JMX Bean with object name Ratis:service=RaftServer,group=group-BE0E163CC516,id=b04f2191-2b78-48d5-a7df-85f1d0f43d9c
2020-12-01 09:36:24,409 [pool-255-thread-1] INFO  metrics.RatisMetrics (RatisMetrics.java:lambda$create$0(36)) - Creating Metrics Registry : ratis.state_machine.b04f2191-2b78-48d5-a7df-85f1d0f43d9c@group-BE0E163CC516
2020-12-01 09:36:24,410 [Command processor thread] INFO  commandhandler.CreatePipelineCommandHandler (CreatePipelineCommandHandler.java:handle(106)) - Created Pipeline RATIS ONE PipelineID=d2cd0a43-c79f-4054-8b63-be0e163cc516.
2020-12-01 09:36:24,579 [Listener at 127.0.0.1/32799] INFO  ozone.MiniOzoneClusterImpl (MiniOzoneClusterImpl.java:lambda$waitForClusterToBeReady$0(178)) - Nodes are ready. Got 7 of 7 DN Heartbeats.
2020-12-01 09:36:24,580 [Listener at 127.0.0.1/32799] INFO  ozone.MiniOzoneClusterImpl (MiniOzoneClusterImpl.java:lambda$waitForClusterToBeReady$0(181)) - Waiting for cluster to exit safe mode
2020-12-01 09:36:24,580 [Command processor thread] INFO  impl.RaftServerProxy (RaftServerProxy.java:addNew(93)) - ea2d25e5-6c0c-4043-88f8-7a65b58a4550: addNew group-28C4E5E23A47:[ea2d25e5-6c0c-4043-88f8-7a65b58a4550|rpc:172.17.0.2:40773] returns group-28C4E5E23A47:java.util.concurrent.CompletableFuture@45cfa319[Not completed]
2020-12-01 09:36:24,582 [pool-271-thread-1] INFO  impl.RaftServerImpl (RaftServerImpl.java:<init>(121)) - ea2d25e5-6c0c-4043-88f8-7a65b58a4550: new RaftServerImpl for group-28C4E5E23A47:[ea2d25e5-6c0c-4043-88f8-7a65b58a4550|rpc:172.17.0.2:40773] with ContainerStateMachine:uninitialized
2020-12-01 09:36:24,582 [pool-271-thread-1] INFO  server.RaftServerConfigKeys (ConfUtils.java:logGet(44)) - raft.server.rpc.timeout.min = 5s (custom)
2020-12-01 09:36:24,582 [pool-271-thread-1] INFO  server.RaftServerConfigKeys (ConfUtils.java:logGet(44)) - raft.server.rpc.timeout.max = 5200ms (custom)
2020-12-01 09:36:24,583 [pool-271-thread-1] INFO  server.RaftServerConfigKeys (ConfUtils.java:logGet(44)) - raft.server.rpc.slowness.timeout = 300s (custom)
2020-12-01 09:36:24,583 [pool-271-thread-1] INFO  server.RaftServerConfigKeys (ConfUtils.java:logGet(44)) - raft.server.leaderelection.leader.step-down.wait-time = 10s (default)
2020-12-01 09:36:24,583 [pool-271-thread-1] INFO  server.RaftServerConfigKeys (ConfUtils.java:logGet(44)) - raft.server.sleep.deviation.threshold = 300 (default)
2020-12-01 09:36:24,583 [pool-271-thread-1] INFO  server.RaftServerConfigKeys (ConfUtils.java:logGet(44)) - raft.server.log.appender.install.snapshot.enabled = false (custom)
2020-12-01 09:36:24,583 [pool-271-thread-1] INFO  impl.RaftServerImpl (ServerState.java:<init>(104)) - ea2d25e5-6c0c-4043-88f8-7a65b58a4550@group-28C4E5E23A47: ConfigurationManager, init=-1: [ea2d25e5-6c0c-4043-88f8-7a65b58a4550|rpc:172.17.0.2:40773], old=null, confs=<EMPTY_MAP>
2020-12-01 09:36:24,583 [pool-271-thread-1] INFO  server.RaftServerConfigKeys (ConfUtils.java:logGet(44)) - raft.server.storage.dir = [/github/workspace/mnt/ozone/hadoop-ozone/integration-test/target/test-dir/MiniOzoneClusterImpl-8d4a4fce-edf6-4f04-8cc5-f8d714c00e47/datanode-6/data/ratis] (custom)
2020-12-01 09:36:24,583 [pool-271-thread-1] INFO  server.RaftServerConfigKeys (ConfUtils.java:logGet(44)) - raft.server.log.corruption.policy = EXCEPTION (default)
2020-12-01 09:36:24,583 [pool-271-thread-1] INFO  storage.RaftStorageDirectory (RaftStorageDirectory.java:analyzeStorage(261)) - The storage directory /github/workspace/mnt/ozone/hadoop-ozone/integration-test/target/test-dir/MiniOzoneClusterImpl-8d4a4fce-edf6-4f04-8cc5-f8d714c00e47/datanode-6/data/ratis/d9f2322f-e132-467e-afa2-28c4e5e23a47 does not exist. Creating ...
2020-12-01 09:36:24,585 [pool-271-thread-1] INFO  storage.RaftStorageDirectory (RaftStorageDirectory.java:tryLock(343)) - Lock on /github/workspace/mnt/ozone/hadoop-ozone/integration-test/target/test-dir/MiniOzoneClusterImpl-8d4a4fce-edf6-4f04-8cc5-f8d714c00e47/datanode-6/data/ratis/d9f2322f-e132-467e-afa2-28c4e5e23a47/in_use.lock acquired by nodename 17643@d8c3efac84dc
2020-12-01 09:36:24,586 [pool-271-thread-1] INFO  storage.RaftStorage (RaftStorage.java:format(85)) - Storage directory /github/workspace/mnt/ozone/hadoop-ozone/integration-test/target/test-dir/MiniOzoneClusterImpl-8d4a4fce-edf6-4f04-8cc5-f8d714c00e47/datanode-6/data/ratis/d9f2322f-e132-467e-afa2-28c4e5e23a47 has been successfully formatted.
2020-12-01 09:36:24,587 [pool-271-thread-1] INFO  ratis.ContainerStateMachine (ContainerStateMachine.java:loadSnapshot(225)) - group-28C4E5E23A47: The snapshot info is null. Setting the last applied indexto:(t:0, i:~)
2020-12-01 09:36:24,587 [pool-271-thread-1] INFO  server.RaftServerConfigKeys (ConfUtils.java:logGet(44)) - raft.server.notification.no-leader.timeout = 300s (custom)
2020-12-01 09:36:24,587 [pool-271-thread-1] INFO  server.RaftServerConfigKeys (ConfUtils.java:logGet(44)) - raft.server.log.use.memory = false (default)
2020-12-01 09:36:24,587 [pool-271-thread-1] INFO  server.RaftServerConfigKeys (ConfUtils.java:logGet(44)) - raft.server.log.purge.gap = 1000000 (custom)
2020-12-01 09:36:24,588 [pool-271-thread-1] INFO  metrics.RatisMetrics (RatisMetrics.java:lambda$create$0(36)) - Creating Metrics Registry : ratis.log_worker.ea2d25e5-6c0c-4043-88f8-7a65b58a4550@group-28C4E5E23A47
2020-12-01 09:36:24,588 [pool-271-thread-1] INFO  server.RaftServerConfigKeys (ConfUtils.java:logGet(44)) - raft.server.log.appender.buffer.byte-limit = 33554432 (custom)
2020-12-01 09:36:24,588 [pool-271-thread-1] INFO  server.RaftServerConfigKeys (ConfUtils.java:logGet(44)) - raft.server.log.segment.size.max = 1048576 (custom)
2020-12-01 09:36:24,588 [pool-271-thread-1] INFO  server.RaftServerConfigKeys (ConfUtils.java:logGet(44)) - raft.server.log.segment.cache.num.max = 2 (custom)
2020-12-01 09:36:24,588 [pool-271-thread-1] INFO  segmented.SegmentedRaftLogWorker (SegmentedRaftLogWorker.java:<init>(180)) - new ea2d25e5-6c0c-4043-88f8-7a65b58a4550@group-28C4E5E23A47-SegmentedRaftLogWorker for RaftStorage:Storage Directory /github/workspace/mnt/ozone/hadoop-ozone/integration-test/target/test-dir/MiniOzoneClusterImpl-8d4a4fce-edf6-4f04-8cc5-f8d714c00e47/datanode-6/data/ratis/d9f2322f-e132-467e-afa2-28c4e5e23a47
2020-12-01 09:36:24,588 [pool-271-thread-1] INFO  server.RaftServerConfigKeys (ConfUtils.java:logGet(44)) - raft.server.log.queue.byte-limit = 2147483647 (custom)
2020-12-01 09:36:24,588 [pool-271-thread-1] INFO  server.RaftServerConfigKeys (ConfUtils.java:logGet(44)) - raft.server.log.queue.element-limit = 1024 (custom)
2020-12-01 09:36:24,589 [pool-271-thread-1] INFO  server.RaftServerConfigKeys (ConfUtils.java:logGet(44)) - raft.server.log.segment.size.max = 1048576 (custom)
2020-12-01 09:36:24,589 [pool-271-thread-1] INFO  server.RaftServerConfigKeys (ConfUtils.java:logGet(44)) - raft.server.log.preallocated.size = 16384 (custom)
2020-12-01 09:36:24,589 [pool-271-thread-1] INFO  server.RaftServerConfigKeys (ConfUtils.java:logGet(44)) - raft.server.log.write.buffer.size = 1048576 (custom)
2020-12-01 09:36:24,589 [pool-271-thread-1] INFO  server.RaftServerConfigKeys (ConfUtils.java:logGet(44)) - raft.server.log.force.sync.num = 128 (default)
2020-12-01 09:36:24,589 [pool-271-thread-1] INFO  server.RaftServerConfigKeys (ConfUtils.java:logGet(44)) - raft.server.log.statemachine.data.sync = true (default)
2020-12-01 09:36:24,589 [pool-271-thread-1] INFO  server.RaftServerConfigKeys (ConfUtils.java:logGet(44)) - raft.server.log.statemachine.data.sync.timeout = 10s (default)
2020-12-01 09:36:24,589 [pool-271-thread-1] INFO  server.RaftServerConfigKeys (ConfUtils.java:logGet(44)) - raft.server.log.statemachine.data.sync.timeout.retry = -1 (default)
2020-12-01 09:36:24,590 [EventQueue-PipelineReportForPipelineReportHandler] INFO  pipeline.PipelineStateManager (PipelineStateManager.java:openPipeline(132)) - Pipeline Pipeline[ Id: d9f2322f-e132-467e-afa2-28c4e5e23a47, Nodes: ea2d25e5-6c0c-4043-88f8-7a65b58a4550{ip: 172.17.0.2, host: d8c3efac84dc, networkLocation: /default-rack, certSerialId: null}, Type:RATIS, Factor:ONE, State:ALLOCATED, leaderId:ea2d25e5-6c0c-4043-88f8-7a65b58a4550, CreationTimestamp2020-12-01T09:36:21.581Z] moved to OPEN state
2020-12-01 09:36:24,590 [EventQueue-PipelineReportForOneReplicaPipelineSafeModeRule] INFO  safemode.SCMSafeModeManager (SCMSafeModeManager.java:validateSafeModeExitRules(214)) - AtleastOneDatanodeReportedRule rule is successfully validated
2020-12-01 09:36:24,591 [EventQueue-OpenPipelineForHealthyPipelineSafeModeRule] INFO  safemode.SCMSafeModeManager (HealthyPipelineSafeModeRule.java:process(128)) - SCM in safe mode. Healthy pipelines reported count is 0, required healthy pipeline reported count is 1
2020-12-01 09:36:24,591 [pool-271-thread-1] INFO  server.RaftServerConfigKeys (ConfUtils.java:logGet(44)) - raft.server.log.statemachine.data.caching.enabled = true (custom)
2020-12-01 09:36:24,591 [pool-271-thread-1] INFO  segmented.SegmentedRaftLogWorker (SegmentedRaftLogWorker.java:lambda$new$0(129)) - ea2d25e5-6c0c-4043-88f8-7a65b58a4550@group-28C4E5E23A47-SegmentedRaftLogWorker: flushIndex: setUnconditionally 0 -> -1
2020-12-01 09:36:24,591 [pool-271-thread-1] INFO  segmented.SegmentedRaftLogWorker (SegmentedRaftLogWorker.java:lambda$new$0(129)) - ea2d25e5-6c0c-4043-88f8-7a65b58a4550@group-28C4E5E23A47-SegmentedRaftLogWorker: safeCacheEvictIndex: setUnconditionally 0 -> -1
2020-12-01 09:36:24,597 [pool-271-thread-1] INFO  server.RaftServerConfigKeys (ConfUtils.java:logGet(44)) - raft.server.snapshot.auto.trigger.enabled = true (custom)
2020-12-01 09:36:24,597 [pool-271-thread-1] INFO  server.RaftServerConfigKeys (ConfUtils.java:logGet(44)) - raft.server.snapshot.auto.trigger.threshold = 10000 (custom)
2020-12-01 09:36:24,597 [pool-271-thread-1] INFO  server.RaftServerConfigKeys (ConfUtils.java:logGet(44)) - raft.server.snapshot.retention.file.num = 5 (custom)
2020-12-01 09:36:24,597 [pool-271-thread-1] INFO  server.RaftServerConfigKeys (ConfUtils.java:logGet(44)) - raft.server.log.purge.upto.snapshot.index = false (default)
2020-12-01 09:36:24,597 [pool-271-thread-1] INFO  server.RaftServerConfigKeys (ConfUtils.java:logGet(44)) - raft.server.retrycache.expirytime = 600000ms (custom)
2020-12-01 09:36:24,597 [pool-271-thread-1] INFO  metrics.RatisMetrics (RatisMetrics.java:lambda$create$0(36)) - Creating Metrics Registry : ratis.leader_election.ea2d25e5-6c0c-4043-88f8-7a65b58a4550@group-28C4E5E23A47
2020-12-01 09:36:24,598 [pool-271-thread-1] INFO  metrics.RatisMetrics (RatisMetrics.java:lambda$create$0(36)) - Creating Metrics Registry : ratis.server.ea2d25e5-6c0c-4043-88f8-7a65b58a4550@group-28C4E5E23A47
2020-12-01 09:36:24,599 [pool-271-thread-1] INFO  impl.RaftServerImpl (RaftServerImpl.java:start(215)) - ea2d25e5-6c0c-4043-88f8-7a65b58a4550@group-28C4E5E23A47: start as a follower, conf=-1: [ea2d25e5-6c0c-4043-88f8-7a65b58a4550|rpc:172.17.0.2:40773], old=null
2020-12-01 09:36:24,599 [pool-271-thread-1] INFO  impl.RaftServerImpl (RaftServerImpl.java:setRole(204)) - ea2d25e5-6c0c-4043-88f8-7a65b58a4550@group-28C4E5E23A47: changes role from      null to FOLLOWER at term 0 for startAsFollower
2020-12-01 09:36:24,599 [pool-271-thread-1] INFO  impl.RoleInfo (RoleInfo.java:updateAndGet(143)) - ea2d25e5-6c0c-4043-88f8-7a65b58a4550: start ea2d25e5-6c0c-4043-88f8-7a65b58a4550@group-28C4E5E23A47-FollowerState
2020-12-01 09:36:24,599 [pool-271-thread-1] INFO  util.JmxRegister (JmxRegister.java:tryRegister(44)) - Successfully registered JMX Bean with object name Ratis:service=RaftServer,group=group-28C4E5E23A47,id=ea2d25e5-6c0c-4043-88f8-7a65b58a4550
2020-12-01 09:36:24,599 [pool-271-thread-1] INFO  metrics.RatisMetrics (RatisMetrics.java:lambda$create$0(36)) - Creating Metrics Registry : ratis.state_machine.ea2d25e5-6c0c-4043-88f8-7a65b58a4550@group-28C4E5E23A47
2020-12-01 09:36:24,601 [Command processor thread] INFO  commandhandler.CreatePipelineCommandHandler (CreatePipelineCommandHandler.java:handle(106)) - Created Pipeline RATIS ONE PipelineID=d9f2322f-e132-467e-afa2-28c4e5e23a47.
2020-12-01 09:36:25,580 [Listener at 127.0.0.1/32799] INFO  ozone.MiniOzoneClusterImpl (MiniOzoneClusterImpl.java:lambda$waitForClusterToBeReady$0(178)) - Nodes are ready. Got 7 of 7 DN Heartbeats.
2020-12-01 09:36:25,580 [Listener at 127.0.0.1/32799] INFO  ozone.MiniOzoneClusterImpl (MiniOzoneClusterImpl.java:lambda$waitForClusterToBeReady$0(181)) - Waiting for cluster to exit safe mode
2020-12-01 09:36:26,580 [Listener at 127.0.0.1/32799] INFO  ozone.MiniOzoneClusterImpl (MiniOzoneClusterImpl.java:lambda$waitForClusterToBeReady$0(178)) - Nodes are ready. Got 7 of 7 DN Heartbeats.
2020-12-01 09:36:26,581 [Listener at 127.0.0.1/32799] INFO  ozone.MiniOzoneClusterImpl (MiniOzoneClusterImpl.java:lambda$waitForClusterToBeReady$0(181)) - Waiting for cluster to exit safe mode
2020-12-01 09:36:27,581 [Listener at 127.0.0.1/32799] INFO  ozone.MiniOzoneClusterImpl (MiniOzoneClusterImpl.java:lambda$waitForClusterToBeReady$0(178)) - Nodes are ready. Got 7 of 7 DN Heartbeats.
2020-12-01 09:36:27,581 [Listener at 127.0.0.1/32799] INFO  ozone.MiniOzoneClusterImpl (MiniOzoneClusterImpl.java:lambda$waitForClusterToBeReady$0(181)) - Waiting for cluster to exit safe mode
2020-12-01 09:36:28,493 [Thread-599] INFO  impl.FollowerState (FollowerState.java:run(128)) - baf9e0b0-2136-44d3-ba54-7cdd5cf3d2d0@group-C9BCE52E3E1F-FollowerState: change to CANDIDATE, lastRpcTime:5081ms, electionTimeout:5071ms
2020-12-01 09:36:28,494 [Thread-599] INFO  impl.RoleInfo (RoleInfo.java:shutdownFollowerState(121)) - baf9e0b0-2136-44d3-ba54-7cdd5cf3d2d0: shutdown baf9e0b0-2136-44d3-ba54-7cdd5cf3d2d0@group-C9BCE52E3E1F-FollowerState
2020-12-01 09:36:28,494 [Thread-599] INFO  impl.RaftServerImpl (RaftServerImpl.java:setRole(204)) - baf9e0b0-2136-44d3-ba54-7cdd5cf3d2d0@group-C9BCE52E3E1F: changes role from  FOLLOWER to CANDIDATE at term 0 for changeToCandidate
2020-12-01 09:36:28,494 [Thread-599] INFO  impl.RoleInfo (RoleInfo.java:updateAndGet(143)) - baf9e0b0-2136-44d3-ba54-7cdd5cf3d2d0: start baf9e0b0-2136-44d3-ba54-7cdd5cf3d2d0@group-C9BCE52E3E1F-LeaderElection12
2020-12-01 09:36:28,501 [baf9e0b0-2136-44d3-ba54-7cdd5cf3d2d0@group-C9BCE52E3E1F-LeaderElection12] INFO  impl.LeaderElection (LeaderElection.java:askForVotes(215)) - baf9e0b0-2136-44d3-ba54-7cdd5cf3d2d0@group-C9BCE52E3E1F-LeaderElection12: begin an election at term 1 for -1: [baf9e0b0-2136-44d3-ba54-7cdd5cf3d2d0|rpc:172.17.0.2:44279], old=null
2020-12-01 09:36:28,501 [baf9e0b0-2136-44d3-ba54-7cdd5cf3d2d0@group-C9BCE52E3E1F-LeaderElection12] INFO  impl.RoleInfo (RoleInfo.java:shutdownLeaderElection(134)) - baf9e0b0-2136-44d3-ba54-7cdd5cf3d2d0: shutdown baf9e0b0-2136-44d3-ba54-7cdd5cf3d2d0@group-C9BCE52E3E1F-LeaderElection12
2020-12-01 09:36:28,501 [baf9e0b0-2136-44d3-ba54-7cdd5cf3d2d0@group-C9BCE52E3E1F-LeaderElection12] INFO  impl.RaftServerImpl (RaftServerImpl.java:setRole(204)) - baf9e0b0-2136-44d3-ba54-7cdd5cf3d2d0@group-C9BCE52E3E1F: changes role from CANDIDATE to LEADER at term 1 for changeToLeader
2020-12-01 09:36:28,501 [baf9e0b0-2136-44d3-ba54-7cdd5cf3d2d0@group-C9BCE52E3E1F-LeaderElection12] INFO  ratis.XceiverServerRatis (XceiverServerRatis.java:handleLeaderChangedNotification(854)) - Leader change notification received for group: group-C9BCE52E3E1F with new leaderId: baf9e0b0-2136-44d3-ba54-7cdd5cf3d2d0
2020-12-01 09:36:28,502 [baf9e0b0-2136-44d3-ba54-7cdd5cf3d2d0@group-C9BCE52E3E1F-LeaderElection12] INFO  impl.RaftServerImpl (ServerState.java:setLeader(256)) - baf9e0b0-2136-44d3-ba54-7cdd5cf3d2d0@group-C9BCE52E3E1F: change Leader from null to baf9e0b0-2136-44d3-ba54-7cdd5cf3d2d0 at term 1 for becomeLeader, leader elected after 5102ms
2020-12-01 09:36:28,502 [baf9e0b0-2136-44d3-ba54-7cdd5cf3d2d0@group-C9BCE52E3E1F-LeaderElection12] INFO  server.RaftServerConfigKeys (ConfUtils.java:logGet(44)) - raft.server.staging.catchup.gap = 1000 (default)
2020-12-01 09:36:28,502 [baf9e0b0-2136-44d3-ba54-7cdd5cf3d2d0@group-C9BCE52E3E1F-LeaderElection12] INFO  server.RaftServerConfigKeys (ConfUtils.java:logGet(44)) - raft.server.rpc.sleep.time = 25ms (default)
2020-12-01 09:36:28,502 [baf9e0b0-2136-44d3-ba54-7cdd5cf3d2d0@group-C9BCE52E3E1F-LeaderElection12] INFO  metrics.RatisMetrics (RatisMetrics.java:lambda$create$0(36)) - Creating Metrics Registry : ratis.log_appender.baf9e0b0-2136-44d3-ba54-7cdd5cf3d2d0@group-C9BCE52E3E1F
2020-12-01 09:36:28,502 [baf9e0b0-2136-44d3-ba54-7cdd5cf3d2d0@group-C9BCE52E3E1F-LeaderElection12] INFO  server.RaftServerConfigKeys (ConfUtils.java:logGet(44)) - raft.server.write.element-limit = 1024 (custom)
2020-12-01 09:36:28,502 [baf9e0b0-2136-44d3-ba54-7cdd5cf3d2d0@group-C9BCE52E3E1F-LeaderElection12] INFO  server.RaftServerConfigKeys (ConfUtils.java:logGet(44)) - raft.server.write.byte-limit = 1073741824 (custom)
2020-12-01 09:36:28,503 [baf9e0b0-2136-44d3-ba54-7cdd5cf3d2d0@group-C9BCE52E3E1F-LeaderElection12] INFO  server.RaftServerConfigKeys (ConfUtils.java:logGet(44)) - raft.server.watch.timeout = 180s (custom)
2020-12-01 09:36:28,503 [EventQueue-PipelineReportForOneReplicaPipelineSafeModeRule] INFO  safemode.SCMSafeModeManager (SCMSafeModeManager.java:validateSafeModeExitRules(214)) - AtleastOneDatanodeReportedRule rule is successfully validated
2020-12-01 09:36:28,503 [baf9e0b0-2136-44d3-ba54-7cdd5cf3d2d0@group-C9BCE52E3E1F-LeaderElection12] INFO  server.RaftServerConfigKeys (ConfUtils.java:logGet(44)) - raft.server.watch.timeout.denomination = 1s (default)
2020-12-01 09:36:28,503 [baf9e0b0-2136-44d3-ba54-7cdd5cf3d2d0@group-C9BCE52E3E1F-LeaderElection12] INFO  server.RaftServerConfigKeys (ConfUtils.java:logGet(44)) - raft.server.watch.element-limit = 65536 (default)
2020-12-01 09:36:28,503 [baf9e0b0-2136-44d3-ba54-7cdd5cf3d2d0@group-C9BCE52E3E1F-LeaderElection12] INFO  impl.RoleInfo (RoleInfo.java:updateAndGet(143)) - baf9e0b0-2136-44d3-ba54-7cdd5cf3d2d0: start baf9e0b0-2136-44d3-ba54-7cdd5cf3d2d0@group-C9BCE52E3E1F-LeaderState
2020-12-01 09:36:28,503 [baf9e0b0-2136-44d3-ba54-7cdd5cf3d2d0@group-C9BCE52E3E1F-LeaderElection12] INFO  segmented.SegmentedRaftLogWorker (SegmentedRaftLogWorker.java:startLogSegment(398)) - baf9e0b0-2136-44d3-ba54-7cdd5cf3d2d0@group-C9BCE52E3E1F-SegmentedRaftLogWorker: Starting segment from index:0
2020-12-01 09:36:28,503 [EventQueue-OpenPipelineForHealthyPipelineSafeModeRule] INFO  safemode.SCMSafeModeManager (HealthyPipelineSafeModeRule.java:process(128)) - SCM in safe mode. Healthy pipelines reported count is 0, required healthy pipeline reported count is 1
2020-12-01 09:36:28,506 [baf9e0b0-2136-44d3-ba54-7cdd5cf3d2d0@group-C9BCE52E3E1F-SegmentedRaftLogWorker] INFO  segmented.SegmentedRaftLogWorker (SegmentedRaftLogWorker.java:execute(597)) - baf9e0b0-2136-44d3-ba54-7cdd5cf3d2d0@group-C9BCE52E3E1F-SegmentedRaftLogWorker: created new log segment /github/workspace/mnt/ozone/hadoop-ozone/integration-test/target/test-dir/MiniOzoneClusterImpl-8d4a4fce-edf6-4f04-8cc5-f8d714c00e47/datanode-0/data/ratis/5520013b-5f03-4bc3-9221-c9bce52e3e1f/current/log_inprogress_0
2020-12-01 09:36:28,510 [baf9e0b0-2136-44d3-ba54-7cdd5cf3d2d0@group-C9BCE52E3E1F-LeaderElection12] INFO  impl.RaftServerImpl (ServerState.java:setRaftConf(374)) - baf9e0b0-2136-44d3-ba54-7cdd5cf3d2d0@group-C9BCE52E3E1F: set configuration 0: [baf9e0b0-2136-44d3-ba54-7cdd5cf3d2d0|rpc:172.17.0.2:44279|dataStream:], old=null at 0
2020-12-01 09:36:28,581 [Thread-606] INFO  impl.FollowerState (FollowerState.java:run(128)) - 166b87bd-eecb-47e0-96d7-94142ede9e7c@group-F3DB7A02F757-FollowerState: change to CANDIDATE, lastRpcTime:5067ms, electionTimeout:5063ms
2020-12-01 09:36:28,581 [Thread-606] INFO  impl.RoleInfo (RoleInfo.java:shutdownFollowerState(121)) - 166b87bd-eecb-47e0-96d7-94142ede9e7c: shutdown 166b87bd-eecb-47e0-96d7-94142ede9e7c@group-F3DB7A02F757-FollowerState
2020-12-01 09:36:28,581 [Thread-606] INFO  impl.RaftServerImpl (RaftServerImpl.java:setRole(204)) - 166b87bd-eecb-47e0-96d7-94142ede9e7c@group-F3DB7A02F757: changes role from  FOLLOWER to CANDIDATE at term 0 for changeToCandidate
2020-12-01 09:36:28,581 [Thread-606] INFO  impl.RoleInfo (RoleInfo.java:updateAndGet(143)) - 166b87bd-eecb-47e0-96d7-94142ede9e7c: start 166b87bd-eecb-47e0-96d7-94142ede9e7c@group-F3DB7A02F757-LeaderElection13
2020-12-01 09:36:28,582 [Listener at 127.0.0.1/32799] INFO  ozone.MiniOzoneClusterImpl (MiniOzoneClusterImpl.java:lambda$waitForClusterToBeReady$0(178)) - Nodes are ready. Got 7 of 7 DN Heartbeats.
2020-12-01 09:36:28,582 [Listener at 127.0.0.1/32799] INFO  ozone.MiniOzoneClusterImpl (MiniOzoneClusterImpl.java:lambda$waitForClusterToBeReady$0(181)) - Waiting for cluster to exit safe mode
2020-12-01 09:36:28,585 [166b87bd-eecb-47e0-96d7-94142ede9e7c@group-F3DB7A02F757-LeaderElection13] INFO  impl.LeaderElection (LeaderElection.java:askForVotes(215)) - 166b87bd-eecb-47e0-96d7-94142ede9e7c@group-F3DB7A02F757-LeaderElection13: begin an election at term 1 for -1: [166b87bd-eecb-47e0-96d7-94142ede9e7c|rpc:172.17.0.2:40201|dataStream:, baf9e0b0-2136-44d3-ba54-7cdd5cf3d2d0|rpc:172.17.0.2:44279|dataStream:, bd2246b5-b92f-4ca7-b3f9-6478d9a800dd|rpc:172.17.0.2:37467|dataStream:], old=null
2020-12-01 09:36:28,591 [Thread-601] INFO  impl.FollowerState (FollowerState.java:run(128)) - baf9e0b0-2136-44d3-ba54-7cdd5cf3d2d0@group-F3DB7A02F757-FollowerState: change to CANDIDATE, lastRpcTime:5154ms, electionTimeout:5154ms
2020-12-01 09:36:28,591 [Thread-601] INFO  impl.RoleInfo (RoleInfo.java:shutdownFollowerState(121)) - baf9e0b0-2136-44d3-ba54-7cdd5cf3d2d0: shutdown baf9e0b0-2136-44d3-ba54-7cdd5cf3d2d0@group-F3DB7A02F757-FollowerState
2020-12-01 09:36:28,593 [Thread-601] INFO  impl.RaftServerImpl (RaftServerImpl.java:setRole(204)) - baf9e0b0-2136-44d3-ba54-7cdd5cf3d2d0@group-F3DB7A02F757: changes role from  FOLLOWER to CANDIDATE at term 0 for changeToCandidate
2020-12-01 09:36:28,593 [Thread-601] INFO  impl.RoleInfo (RoleInfo.java:updateAndGet(143)) - baf9e0b0-2136-44d3-ba54-7cdd5cf3d2d0: start baf9e0b0-2136-44d3-ba54-7cdd5cf3d2d0@group-F3DB7A02F757-LeaderElection14
2020-12-01 09:36:28,593 [grpc-default-executor-3] INFO  metrics.RatisMetrics (RatisMetrics.java:lambda$create$0(36)) - Creating Metrics Registry : ratis.server_message_metrics.baf9e0b0-2136-44d3-ba54-7cdd5cf3d2d0
2020-12-01 09:36:28,604 [Thread-603] INFO  impl.FollowerState (FollowerState.java:run(128)) - bd2246b5-b92f-4ca7-b3f9-6478d9a800dd@group-F3DB7A02F757-FollowerState: change to CANDIDATE, lastRpcTime:5136ms, electionTimeout:5133ms
2020-12-01 09:36:28,605 [Thread-603] INFO  impl.RoleInfo (RoleInfo.java:shutdownFollowerState(121)) - bd2246b5-b92f-4ca7-b3f9-6478d9a800dd: shutdown bd2246b5-b92f-4ca7-b3f9-6478d9a800dd@group-F3DB7A02F757-FollowerState
2020-12-01 09:36:28,605 [Thread-603] INFO  impl.RaftServerImpl (RaftServerImpl.java:setRole(204)) - bd2246b5-b92f-4ca7-b3f9-6478d9a800dd@group-F3DB7A02F757: changes role from  FOLLOWER to CANDIDATE at term 0 for changeToCandidate
2020-12-01 09:36:28,605 [Thread-603] INFO  impl.RoleInfo (RoleInfo.java:updateAndGet(143)) - bd2246b5-b92f-4ca7-b3f9-6478d9a800dd: start bd2246b5-b92f-4ca7-b3f9-6478d9a800dd@group-F3DB7A02F757-LeaderElection15
2020-12-01 09:36:28,613 [grpc-default-executor-3] INFO  impl.RaftServerImpl (RaftServerImpl.java:setRole(204)) - baf9e0b0-2136-44d3-ba54-7cdd5cf3d2d0@group-F3DB7A02F757: changes role from CANDIDATE to FOLLOWER at term 1 for recognizeCandidate:166b87bd-eecb-47e0-96d7-94142ede9e7c
2020-12-01 09:36:28,613 [grpc-default-executor-3] INFO  impl.RoleInfo (RoleInfo.java:shutdownLeaderElection(134)) - baf9e0b0-2136-44d3-ba54-7cdd5cf3d2d0: shutdown baf9e0b0-2136-44d3-ba54-7cdd5cf3d2d0@group-F3DB7A02F757-LeaderElection14
2020-12-01 09:36:28,613 [grpc-default-executor-3] INFO  impl.RoleInfo (RoleInfo.java:updateAndGet(143)) - baf9e0b0-2136-44d3-ba54-7cdd5cf3d2d0: start baf9e0b0-2136-44d3-ba54-7cdd5cf3d2d0@group-F3DB7A02F757-FollowerState
2020-12-01 09:36:28,613 [grpc-default-executor-2] INFO  impl.RaftServerImpl (RaftServerImpl.java:setRole(204)) - bd2246b5-b92f-4ca7-b3f9-6478d9a800dd@group-F3DB7A02F757: changes role from CANDIDATE to FOLLOWER at term 1 for recognizeCandidate:166b87bd-eecb-47e0-96d7-94142ede9e7c
2020-12-01 09:36:28,613 [grpc-default-executor-2] INFO  impl.RoleInfo (RoleInfo.java:shutdownLeaderElection(134)) - bd2246b5-b92f-4ca7-b3f9-6478d9a800dd: shutdown bd2246b5-b92f-4ca7-b3f9-6478d9a800dd@group-F3DB7A02F757-LeaderElection15
2020-12-01 09:36:28,614 [grpc-default-executor-2] INFO  impl.RoleInfo (RoleInfo.java:updateAndGet(143)) - bd2246b5-b92f-4ca7-b3f9-6478d9a800dd: start bd2246b5-b92f-4ca7-b3f9-6478d9a800dd@group-F3DB7A02F757-FollowerState
2020-12-01 09:36:28,623 [166b87bd-eecb-47e0-96d7-94142ede9e7c@group-F3DB7A02F757-LeaderElection13] INFO  impl.LeaderElection (LeaderElection.java:logAndReturn(65)) - 166b87bd-eecb-47e0-96d7-94142ede9e7c@group-F3DB7A02F757-LeaderElection13: Election REJECTED; received 2 response(s) [166b87bd-eecb-47e0-96d7-94142ede9e7c<-baf9e0b0-2136-44d3-ba54-7cdd5cf3d2d0#0:FAIL-t1, 166b87bd-eecb-47e0-96d7-94142ede9e7c<-bd2246b5-b92f-4ca7-b3f9-6478d9a800dd#0:FAIL-t1] and 0 exception(s); 166b87bd-eecb-47e0-96d7-94142ede9e7c@group-F3DB7A02F757:t1, leader=null, voted=166b87bd-eecb-47e0-96d7-94142ede9e7c, raftlog=166b87bd-eecb-47e0-96d7-94142ede9e7c@group-F3DB7A02F757-SegmentedRaftLog:OPENED:c-1,f-1,i0, conf=-1: [166b87bd-eecb-47e0-96d7-94142ede9e7c|rpc:172.17.0.2:40201|dataStream:, baf9e0b0-2136-44d3-ba54-7cdd5cf3d2d0|rpc:172.17.0.2:44279|dataStream:, bd2246b5-b92f-4ca7-b3f9-6478d9a800dd|rpc:172.17.0.2:37467|dataStream:], old=null
2020-12-01 09:36:28,623 [166b87bd-eecb-47e0-96d7-94142ede9e7c@group-F3DB7A02F757-LeaderElection13] INFO  impl.RaftServerImpl (RaftServerImpl.java:setRole(204)) - 166b87bd-eecb-47e0-96d7-94142ede9e7c@group-F3DB7A02F757: changes role from CANDIDATE to FOLLOWER at term 1 for DISCOVERED_A_NEW_TERM
2020-12-01 09:36:28,623 [166b87bd-eecb-47e0-96d7-94142ede9e7c@group-F3DB7A02F757-LeaderElection13] INFO  impl.RoleInfo (RoleInfo.java:shutdownLeaderElection(134)) - 166b87bd-eecb-47e0-96d7-94142ede9e7c: shutdown 166b87bd-eecb-47e0-96d7-94142ede9e7c@group-F3DB7A02F757-LeaderElection13
2020-12-01 09:36:28,623 [166b87bd-eecb-47e0-96d7-94142ede9e7c@group-F3DB7A02F757-LeaderElection13] INFO  impl.RoleInfo (RoleInfo.java:updateAndGet(143)) - 166b87bd-eecb-47e0-96d7-94142ede9e7c: start 166b87bd-eecb-47e0-96d7-94142ede9e7c@group-F3DB7A02F757-FollowerState
2020-12-01 09:36:28,726 [Thread-609] INFO  impl.FollowerState (FollowerState.java:run(128)) - bd2246b5-b92f-4ca7-b3f9-6478d9a800dd@group-0F62F841E0F9-FollowerState: change to CANDIDATE, lastRpcTime:5123ms, electionTimeout:5118ms
2020-12-01 09:36:28,727 [Thread-609] INFO  impl.RoleInfo (RoleInfo.java:shutdownFollowerState(121)) - bd2246b5-b92f-4ca7-b3f9-6478d9a800dd: shutdown bd2246b5-b92f-4ca7-b3f9-6478d9a800dd@group-0F62F841E0F9-FollowerState
2020-12-01 09:36:28,727 [Thread-609] INFO  impl.RaftServerImpl (RaftServerImpl.java:setRole(204)) - bd2246b5-b92f-4ca7-b3f9-6478d9a800dd@group-0F62F841E0F9: changes role from  FOLLOWER to CANDIDATE at term 0 for changeToCandidate
2020-12-01 09:36:28,727 [Thread-609] INFO  impl.RoleInfo (RoleInfo.java:updateAndGet(143)) - bd2246b5-b92f-4ca7-b3f9-6478d9a800dd: start bd2246b5-b92f-4ca7-b3f9-6478d9a800dd@group-0F62F841E0F9-LeaderElection16
2020-12-01 09:36:28,730 [bd2246b5-b92f-4ca7-b3f9-6478d9a800dd@group-0F62F841E0F9-LeaderElection16] INFO  impl.LeaderElection (LeaderElection.java:askForVotes(215)) - bd2246b5-b92f-4ca7-b3f9-6478d9a800dd@group-0F62F841E0F9-LeaderElection16: begin an election at term 1 for -1: [bd2246b5-b92f-4ca7-b3f9-6478d9a800dd|rpc:172.17.0.2:37467], old=null
2020-12-01 09:36:28,731 [bd2246b5-b92f-4ca7-b3f9-6478d9a800dd@group-0F62F841E0F9-LeaderElection16] INFO  impl.RoleInfo (RoleInfo.java:shutdownLeaderElection(134)) - bd2246b5-b92f-4ca7-b3f9-6478d9a800dd: shutdown bd2246b5-b92f-4ca7-b3f9-6478d9a800dd@group-0F62F841E0F9-LeaderElection16
2020-12-01 09:36:28,731 [bd2246b5-b92f-4ca7-b3f9-6478d9a800dd@group-0F62F841E0F9-LeaderElection16] INFO  impl.RaftServerImpl (RaftServerImpl.java:setRole(204)) - bd2246b5-b92f-4ca7-b3f9-6478d9a800dd@group-0F62F841E0F9: changes role from CANDIDATE to LEADER at term 1 for changeToLeader
2020-12-01 09:36:28,731 [bd2246b5-b92f-4ca7-b3f9-6478d9a800dd@group-0F62F841E0F9-LeaderElection16] INFO  ratis.XceiverServerRatis (XceiverServerRatis.java:handleLeaderChangedNotification(854)) - Leader change notification received for group: group-0F62F841E0F9 with new leaderId: bd2246b5-b92f-4ca7-b3f9-6478d9a800dd
2020-12-01 09:36:28,731 [bd2246b5-b92f-4ca7-b3f9-6478d9a800dd@group-0F62F841E0F9-LeaderElection16] INFO  impl.RaftServerImpl (ServerState.java:setLeader(256)) - bd2246b5-b92f-4ca7-b3f9-6478d9a800dd@group-0F62F841E0F9: change Leader from null to bd2246b5-b92f-4ca7-b3f9-6478d9a800dd at term 1 for becomeLeader, leader elected after 5137ms
2020-12-01 09:36:28,731 [bd2246b5-b92f-4ca7-b3f9-6478d9a800dd@group-0F62F841E0F9-LeaderElection16] INFO  server.RaftServerConfigKeys (ConfUtils.java:logGet(44)) - raft.server.staging.catchup.gap = 1000 (default)
2020-12-01 09:36:28,731 [bd2246b5-b92f-4ca7-b3f9-6478d9a800dd@group-0F62F841E0F9-LeaderElection16] INFO  server.RaftServerConfigKeys (ConfUtils.java:logGet(44)) - raft.server.rpc.sleep.time = 25ms (default)
2020-12-01 09:36:28,732 [bd2246b5-b92f-4ca7-b3f9-6478d9a800dd@group-0F62F841E0F9-LeaderElection16] INFO  metrics.RatisMetrics (RatisMetrics.java:lambda$create$0(36)) - Creating Metrics Registry : ratis.log_appender.bd2246b5-b92f-4ca7-b3f9-6478d9a800dd@group-0F62F841E0F9
2020-12-01 09:36:28,733 [bd2246b5-b92f-4ca7-b3f9-6478d9a800dd@group-0F62F841E0F9-LeaderElection16] INFO  server.RaftServerConfigKeys (ConfUtils.java:logGet(44)) - raft.server.write.element-limit = 1024 (custom)
2020-12-01 09:36:28,733 [EventQueue-PipelineReportForOneReplicaPipelineSafeModeRule] INFO  safemode.SCMSafeModeManager (SCMSafeModeManager.java:validateSafeModeExitRules(214)) - AtleastOneDatanodeReportedRule rule is successfully validated
2020-12-01 09:36:28,733 [EventQueue-OpenPipelineForHealthyPipelineSafeModeRule] INFO  safemode.SCMSafeModeManager (HealthyPipelineSafeModeRule.java:process(128)) - SCM in safe mode. Healthy pipelines reported count is 0, required healthy pipeline reported count is 1
2020-12-01 09:36:28,733 [bd2246b5-b92f-4ca7-b3f9-6478d9a800dd@group-0F62F841E0F9-LeaderElection16] INFO  server.RaftServerConfigKeys (ConfUtils.java:logGet(44)) - raft.server.write.byte-limit = 1073741824 (custom)
2020-12-01 09:36:28,734 [bd2246b5-b92f-4ca7-b3f9-6478d9a800dd@group-0F62F841E0F9-LeaderElection16] INFO  server.RaftServerConfigKeys (ConfUtils.java:logGet(44)) - raft.server.watch.timeout = 180s (custom)
2020-12-01 09:36:28,734 [bd2246b5-b92f-4ca7-b3f9-6478d9a800dd@group-0F62F841E0F9-LeaderElection16] INFO  server.RaftServerConfigKeys (ConfUtils.java:logGet(44)) - raft.server.watch.timeout.denomination = 1s (default)
2020-12-01 09:36:28,734 [bd2246b5-b92f-4ca7-b3f9-6478d9a800dd@group-0F62F841E0F9-LeaderElection16] INFO  server.RaftServerConfigKeys (ConfUtils.java:logGet(44)) - raft.server.watch.element-limit = 65536 (default)
2020-12-01 09:36:28,735 [bd2246b5-b92f-4ca7-b3f9-6478d9a800dd@group-0F62F841E0F9-LeaderElection16] INFO  impl.RoleInfo (RoleInfo.java:updateAndGet(143)) - bd2246b5-b92f-4ca7-b3f9-6478d9a800dd: start bd2246b5-b92f-4ca7-b3f9-6478d9a800dd@group-0F62F841E0F9-LeaderState
2020-12-01 09:36:28,735 [bd2246b5-b92f-4ca7-b3f9-6478d9a800dd@group-0F62F841E0F9-LeaderElection16] INFO  segmented.SegmentedRaftLogWorker (SegmentedRaftLogWorker.java:startLogSegment(398)) - bd2246b5-b92f-4ca7-b3f9-6478d9a800dd@group-0F62F841E0F9-SegmentedRaftLogWorker: Starting segment from index:0
2020-12-01 09:36:28,736 [bd2246b5-b92f-4ca7-b3f9-6478d9a800dd@group-0F62F841E0F9-SegmentedRaftLogWorker] INFO  segmented.SegmentedRaftLogWorker (SegmentedRaftLogWorker.java:execute(597)) - bd2246b5-b92f-4ca7-b3f9-6478d9a800dd@group-0F62F841E0F9-SegmentedRaftLogWorker: created new log segment /github/workspace/mnt/ozone/hadoop-ozone/integration-test/target/test-dir/MiniOzoneClusterImpl-8d4a4fce-edf6-4f04-8cc5-f8d714c00e47/datanode-1/data/ratis/39a54845-842d-437a-ba0d-0f62f841e0f9/current/log_inprogress_0
2020-12-01 09:36:28,738 [bd2246b5-b92f-4ca7-b3f9-6478d9a800dd@group-0F62F841E0F9-LeaderElection16] INFO  impl.RaftServerImpl (ServerState.java:setRaftConf(374)) - bd2246b5-b92f-4ca7-b3f9-6478d9a800dd@group-0F62F841E0F9: set configuration 0: [bd2246b5-b92f-4ca7-b3f9-6478d9a800dd|rpc:172.17.0.2:37467|dataStream:], old=null at 0
2020-12-01 09:36:28,810 [Thread-611] INFO  impl.FollowerState (FollowerState.java:run(128)) - 166b87bd-eecb-47e0-96d7-94142ede9e7c@group-ADAE6030A7E1-FollowerState: change to CANDIDATE, lastRpcTime:5020ms, electionTimeout:5017ms
2020-12-01 09:36:28,810 [Thread-611] INFO  impl.RoleInfo (RoleInfo.java:shutdownFollowerState(121)) - 166b87bd-eecb-47e0-96d7-94142ede9e7c: shutdown 166b87bd-eecb-47e0-96d7-94142ede9e7c@group-ADAE6030A7E1-FollowerState
2020-12-01 09:36:28,810 [Thread-611] INFO  impl.RaftServerImpl (RaftServerImpl.java:setRole(204)) - 166b87bd-eecb-47e0-96d7-94142ede9e7c@group-ADAE6030A7E1: changes role from  FOLLOWER to CANDIDATE at term 0 for changeToCandidate
2020-12-01 09:36:28,811 [Thread-611] INFO  impl.RoleInfo (RoleInfo.java:updateAndGet(143)) - 166b87bd-eecb-47e0-96d7-94142ede9e7c: start 166b87bd-eecb-47e0-96d7-94142ede9e7c@group-ADAE6030A7E1-LeaderElection17
2020-12-01 09:36:28,818 [166b87bd-eecb-47e0-96d7-94142ede9e7c@group-ADAE6030A7E1-LeaderElection17] INFO  impl.LeaderElection (LeaderElection.java:askForVotes(215)) - 166b87bd-eecb-47e0-96d7-94142ede9e7c@group-ADAE6030A7E1-LeaderElection17: begin an election at term 1 for -1: [166b87bd-eecb-47e0-96d7-94142ede9e7c|rpc:172.17.0.2:40201], old=null
2020-12-01 09:36:28,819 [166b87bd-eecb-47e0-96d7-94142ede9e7c@group-ADAE6030A7E1-LeaderElection17] INFO  impl.RoleInfo (RoleInfo.java:shutdownLeaderElection(134)) - 166b87bd-eecb-47e0-96d7-94142ede9e7c: shutdown 166b87bd-eecb-47e0-96d7-94142ede9e7c@group-ADAE6030A7E1-LeaderElection17
2020-12-01 09:36:28,819 [166b87bd-eecb-47e0-96d7-94142ede9e7c@group-ADAE6030A7E1-LeaderElection17] INFO  impl.RaftServerImpl (RaftServerImpl.java:setRole(204)) - 166b87bd-eecb-47e0-96d7-94142ede9e7c@group-ADAE6030A7E1: changes role from CANDIDATE to LEADER at term 1 for changeToLeader
2020-12-01 09:36:28,819 [166b87bd-eecb-47e0-96d7-94142ede9e7c@group-ADAE6030A7E1-LeaderElection17] INFO  ratis.XceiverServerRatis (XceiverServerRatis.java:handleLeaderChangedNotification(854)) - Leader change notification received for group: group-ADAE6030A7E1 with new leaderId: 166b87bd-eecb-47e0-96d7-94142ede9e7c
2020-12-01 09:36:28,819 [166b87bd-eecb-47e0-96d7-94142ede9e7c@group-ADAE6030A7E1-LeaderElection17] INFO  impl.RaftServerImpl (ServerState.java:setLeader(256)) - 166b87bd-eecb-47e0-96d7-94142ede9e7c@group-ADAE6030A7E1: change Leader from null to 166b87bd-eecb-47e0-96d7-94142ede9e7c at term 1 for becomeLeader, leader elected after 5037ms
2020-12-01 09:36:28,819 [166b87bd-eecb-47e0-96d7-94142ede9e7c@group-ADAE6030A7E1-LeaderElection17] INFO  server.RaftServerConfigKeys (ConfUtils.java:logGet(44)) - raft.server.staging.catchup.gap = 1000 (default)
2020-12-01 09:36:28,819 [166b87bd-eecb-47e0-96d7-94142ede9e7c@group-ADAE6030A7E1-LeaderElection17] INFO  server.RaftServerConfigKeys (ConfUtils.java:logGet(44)) - raft.server.rpc.sleep.time = 25ms (default)
2020-12-01 09:36:28,819 [166b87bd-eecb-47e0-96d7-94142ede9e7c@group-ADAE6030A7E1-LeaderElection17] INFO  metrics.RatisMetrics (RatisMetrics.java:lambda$create$0(36)) - Creating Metrics Registry : ratis.log_appender.166b87bd-eecb-47e0-96d7-94142ede9e7c@group-ADAE6030A7E1
2020-12-01 09:36:28,819 [166b87bd-eecb-47e0-96d7-94142ede9e7c@group-ADAE6030A7E1-LeaderElection17] INFO  server.RaftServerConfigKeys (ConfUtils.java:logGet(44)) - raft.server.write.element-limit = 1024 (custom)
2020-12-01 09:36:28,820 [EventQueue-PipelineReportForOneReplicaPipelineSafeModeRule] INFO  safemode.SCMSafeModeManager (SCMSafeModeManager.java:validateSafeModeExitRules(214)) - AtleastOneDatanodeReportedRule rule is successfully validated
2020-12-01 09:36:28,820 [EventQueue-OpenPipelineForHealthyPipelineSafeModeRule] INFO  safemode.SCMSafeModeManager (HealthyPipelineSafeModeRule.java:process(128)) - SCM in safe mode. Healthy pipelines reported count is 0, required healthy pipeline reported count is 1
2020-12-01 09:36:28,820 [166b87bd-eecb-47e0-96d7-94142ede9e7c@group-ADAE6030A7E1-LeaderElection17] INFO  server.RaftServerConfigKeys (ConfUtils.java:logGet(44)) - raft.server.write.byte-limit = 1073741824 (custom)
2020-12-01 09:36:28,821 [166b87bd-eecb-47e0-96d7-94142ede9e7c@group-ADAE6030A7E1-LeaderElection17] INFO  server.RaftServerConfigKeys (ConfUtils.java:logGet(44)) - raft.server.watch.timeout = 180s (custom)
2020-12-01 09:36:28,821 [166b87bd-eecb-47e0-96d7-94142ede9e7c@group-ADAE6030A7E1-LeaderElection17] INFO  server.RaftServerConfigKeys (ConfUtils.java:logGet(44)) - raft.server.watch.timeout.denomination = 1s (default)
2020-12-01 09:36:28,821 [166b87bd-eecb-47e0-96d7-94142ede9e7c@group-ADAE6030A7E1-LeaderElection17] INFO  server.RaftServerConfigKeys (ConfUtils.java:logGet(44)) - raft.server.watch.element-limit = 65536 (default)
2020-12-01 09:36:28,821 [166b87bd-eecb-47e0-96d7-94142ede9e7c@group-ADAE6030A7E1-LeaderElection17] INFO  impl.RoleInfo (RoleInfo.java:updateAndGet(143)) - 166b87bd-eecb-47e0-96d7-94142ede9e7c: start 166b87bd-eecb-47e0-96d7-94142ede9e7c@group-ADAE6030A7E1-LeaderState
2020-12-01 09:36:28,821 [166b87bd-eecb-47e0-96d7-94142ede9e7c@group-ADAE6030A7E1-LeaderElection17] INFO  segmented.SegmentedRaftLogWorker (SegmentedRaftLogWorker.java:startLogSegment(398)) - 166b87bd-eecb-47e0-96d7-94142ede9e7c@group-ADAE6030A7E1-SegmentedRaftLogWorker: Starting segment from index:0
2020-12-01 09:36:28,822 [166b87bd-eecb-47e0-96d7-94142ede9e7c@group-ADAE6030A7E1-LeaderElection17] INFO  impl.RaftServerImpl (ServerState.java:setRaftConf(374)) - 166b87bd-eecb-47e0-96d7-94142ede9e7c@group-ADAE6030A7E1: set configuration 0: [166b87bd-eecb-47e0-96d7-94142ede9e7c|rpc:172.17.0.2:40201|dataStream:], old=null at 0
2020-12-01 09:36:28,823 [166b87bd-eecb-47e0-96d7-94142ede9e7c@group-ADAE6030A7E1-SegmentedRaftLogWorker] INFO  segmented.SegmentedRaftLogWorker (SegmentedRaftLogWorker.java:execute(597)) - 166b87bd-eecb-47e0-96d7-94142ede9e7c@group-ADAE6030A7E1-SegmentedRaftLogWorker: created new log segment /github/workspace/mnt/ozone/hadoop-ozone/integration-test/target/test-dir/MiniOzoneClusterImpl-8d4a4fce-edf6-4f04-8cc5-f8d714c00e47/datanode-2/data/ratis/1be99467-56e5-4eb2-b9a2-adae6030a7e1/current/log_inprogress_0
2020-12-01 09:36:29,180 [Thread-613] INFO  impl.FollowerState (FollowerState.java:run(128)) - 8e30c15e-a534-4be6-9288-c2bfff0aa2a9@group-C649B20E9DA8-FollowerState: change to CANDIDATE, lastRpcTime:5149ms, electionTimeout:5148ms
2020-12-01 09:36:29,180 [Thread-613] INFO  impl.RoleInfo (RoleInfo.java:shutdownFollowerState(121)) - 8e30c15e-a534-4be6-9288-c2bfff0aa2a9: shutdown 8e30c15e-a534-4be6-9288-c2bfff0aa2a9@group-C649B20E9DA8-FollowerState
2020-12-01 09:36:29,180 [Thread-613] INFO  impl.RaftServerImpl (RaftServerImpl.java:setRole(204)) - 8e30c15e-a534-4be6-9288-c2bfff0aa2a9@group-C649B20E9DA8: changes role from  FOLLOWER to CANDIDATE at term 0 for changeToCandidate
2020-12-01 09:36:29,180 [Thread-613] INFO  impl.RoleInfo (RoleInfo.java:updateAndGet(143)) - 8e30c15e-a534-4be6-9288-c2bfff0aa2a9: start 8e30c15e-a534-4be6-9288-c2bfff0aa2a9@group-C649B20E9DA8-LeaderElection18
2020-12-01 09:36:29,184 [8e30c15e-a534-4be6-9288-c2bfff0aa2a9@group-C649B20E9DA8-LeaderElection18] INFO  impl.LeaderElection (LeaderElection.java:askForVotes(215)) - 8e30c15e-a534-4be6-9288-c2bfff0aa2a9@group-C649B20E9DA8-LeaderElection18: begin an election at term 1 for -1: [8e30c15e-a534-4be6-9288-c2bfff0aa2a9|rpc:172.17.0.2:33009], old=null
2020-12-01 09:36:29,184 [8e30c15e-a534-4be6-9288-c2bfff0aa2a9@group-C649B20E9DA8-LeaderElection18] INFO  impl.RoleInfo (RoleInfo.java:shutdownLeaderElection(134)) - 8e30c15e-a534-4be6-9288-c2bfff0aa2a9: shutdown 8e30c15e-a534-4be6-9288-c2bfff0aa2a9@group-C649B20E9DA8-LeaderElection18
2020-12-01 09:36:29,184 [8e30c15e-a534-4be6-9288-c2bfff0aa2a9@group-C649B20E9DA8-LeaderElection18] INFO  impl.RaftServerImpl (RaftServerImpl.java:setRole(204)) - 8e30c15e-a534-4be6-9288-c2bfff0aa2a9@group-C649B20E9DA8: changes role from CANDIDATE to LEADER at term 1 for changeToLeader
2020-12-01 09:36:29,184 [8e30c15e-a534-4be6-9288-c2bfff0aa2a9@group-C649B20E9DA8-LeaderElection18] INFO  ratis.XceiverServerRatis (XceiverServerRatis.java:handleLeaderChangedNotification(854)) - Leader change notification received for group: group-C649B20E9DA8 with new leaderId: 8e30c15e-a534-4be6-9288-c2bfff0aa2a9
2020-12-01 09:36:29,184 [8e30c15e-a534-4be6-9288-c2bfff0aa2a9@group-C649B20E9DA8-LeaderElection18] INFO  impl.RaftServerImpl (ServerState.java:setLeader(256)) - 8e30c15e-a534-4be6-9288-c2bfff0aa2a9@group-C649B20E9DA8: change Leader from null to 8e30c15e-a534-4be6-9288-c2bfff0aa2a9 at term 1 for becomeLeader, leader elected after 5163ms
2020-12-01 09:36:29,184 [8e30c15e-a534-4be6-9288-c2bfff0aa2a9@group-C649B20E9DA8-LeaderElection18] INFO  server.RaftServerConfigKeys (ConfUtils.java:logGet(44)) - raft.server.staging.catchup.gap = 1000 (default)
2020-12-01 09:36:29,184 [8e30c15e-a534-4be6-9288-c2bfff0aa2a9@group-C649B20E9DA8-LeaderElection18] INFO  server.RaftServerConfigKeys (ConfUtils.java:logGet(44)) - raft.server.rpc.sleep.time = 25ms (default)
2020-12-01 09:36:29,184 [8e30c15e-a534-4be6-9288-c2bfff0aa2a9@group-C649B20E9DA8-LeaderElection18] INFO  metrics.RatisMetrics (RatisMetrics.java:lambda$create$0(36)) - Creating Metrics Registry : ratis.log_appender.8e30c15e-a534-4be6-9288-c2bfff0aa2a9@group-C649B20E9DA8
2020-12-01 09:36:29,185 [8e30c15e-a534-4be6-9288-c2bfff0aa2a9@group-C649B20E9DA8-LeaderElection18] INFO  server.RaftServerConfigKeys (ConfUtils.java:logGet(44)) - raft.server.write.element-limit = 1024 (custom)
2020-12-01 09:36:29,185 [8e30c15e-a534-4be6-9288-c2bfff0aa2a9@group-C649B20E9DA8-LeaderElection18] INFO  server.RaftServerConfigKeys (ConfUtils.java:logGet(44)) - raft.server.write.byte-limit = 1073741824 (custom)
2020-12-01 09:36:29,185 [8e30c15e-a534-4be6-9288-c2bfff0aa2a9@group-C649B20E9DA8-LeaderElection18] INFO  server.RaftServerConfigKeys (ConfUtils.java:logGet(44)) - raft.server.watch.timeout = 180s (custom)
2020-12-01 09:36:29,185 [8e30c15e-a534-4be6-9288-c2bfff0aa2a9@group-C649B20E9DA8-LeaderElection18] INFO  server.RaftServerConfigKeys (ConfUtils.java:logGet(44)) - raft.server.watch.timeout.denomination = 1s (default)
2020-12-01 09:36:29,186 [8e30c15e-a534-4be6-9288-c2bfff0aa2a9@group-C649B20E9DA8-LeaderElection18] INFO  server.RaftServerConfigKeys (ConfUtils.java:logGet(44)) - raft.server.watch.element-limit = 65536 (default)
2020-12-01 09:36:29,186 [8e30c15e-a534-4be6-9288-c2bfff0aa2a9@group-C649B20E9DA8-LeaderElection18] INFO  impl.RoleInfo (RoleInfo.java:updateAndGet(143)) - 8e30c15e-a534-4be6-9288-c2bfff0aa2a9: start 8e30c15e-a534-4be6-9288-c2bfff0aa2a9@group-C649B20E9DA8-LeaderState
2020-12-01 09:36:29,187 [8e30c15e-a534-4be6-9288-c2bfff0aa2a9@group-C649B20E9DA8-LeaderElection18] INFO  segmented.SegmentedRaftLogWorker (SegmentedRaftLogWorker.java:startLogSegment(398)) - 8e30c15e-a534-4be6-9288-c2bfff0aa2a9@group-C649B20E9DA8-SegmentedRaftLogWorker: Starting segment from index:0
2020-12-01 09:36:29,189 [8e30c15e-a534-4be6-9288-c2bfff0aa2a9@group-C649B20E9DA8-SegmentedRaftLogWorker] INFO  segmented.SegmentedRaftLogWorker (SegmentedRaftLogWorker.java:execute(597)) - 8e30c15e-a534-4be6-9288-c2bfff0aa2a9@group-C649B20E9DA8-SegmentedRaftLogWorker: created new log segment /github/workspace/mnt/ozone/hadoop-ozone/integration-test/target/test-dir/MiniOzoneClusterImpl-8d4a4fce-edf6-4f04-8cc5-f8d714c00e47/datanode-3/data/ratis/b1f0d057-d183-4fc2-8070-c649b20e9da8/current/log_inprogress_0
2020-12-01 09:36:29,189 [EventQueue-PipelineReportForOneReplicaPipelineSafeModeRule] INFO  safemode.SCMSafeModeManager (SCMSafeModeManager.java:validateSafeModeExitRules(214)) - AtleastOneDatanodeReportedRule rule is successfully validated
2020-12-01 09:36:29,190 [EventQueue-OpenPipelineForHealthyPipelineSafeModeRule] INFO  safemode.SCMSafeModeManager (HealthyPipelineSafeModeRule.java:process(128)) - SCM in safe mode. Healthy pipelines reported count is 0, required healthy pipeline reported count is 1
2020-12-01 09:36:29,190 [8e30c15e-a534-4be6-9288-c2bfff0aa2a9@group-C649B20E9DA8-LeaderElection18] INFO  impl.RaftServerImpl (ServerState.java:setRaftConf(374)) - 8e30c15e-a534-4be6-9288-c2bfff0aa2a9@group-C649B20E9DA8: set configuration 0: [8e30c15e-a534-4be6-9288-c2bfff0aa2a9|rpc:172.17.0.2:33009|dataStream:], old=null at 0
2020-12-01 09:36:29,219 [Thread-615] INFO  impl.FollowerState (FollowerState.java:run(128)) - 8e30c15e-a534-4be6-9288-c2bfff0aa2a9@group-D2DFA6907B63-FollowerState: change to CANDIDATE, lastRpcTime:5166ms, electionTimeout:5165ms
2020-12-01 09:36:29,219 [Thread-615] INFO  impl.RoleInfo (RoleInfo.java:shutdownFollowerState(121)) - 8e30c15e-a534-4be6-9288-c2bfff0aa2a9: shutdown 8e30c15e-a534-4be6-9288-c2bfff0aa2a9@group-D2DFA6907B63-FollowerState
2020-12-01 09:36:29,219 [Thread-615] INFO  impl.RaftServerImpl (RaftServerImpl.java:setRole(204)) - 8e30c15e-a534-4be6-9288-c2bfff0aa2a9@group-D2DFA6907B63: changes role from  FOLLOWER to CANDIDATE at term 0 for changeToCandidate
2020-12-01 09:36:29,219 [Thread-615] INFO  impl.RoleInfo (RoleInfo.java:updateAndGet(143)) - 8e30c15e-a534-4be6-9288-c2bfff0aa2a9: start 8e30c15e-a534-4be6-9288-c2bfff0aa2a9@group-D2DFA6907B63-LeaderElection19
2020-12-01 09:36:29,223 [8e30c15e-a534-4be6-9288-c2bfff0aa2a9@group-D2DFA6907B63-LeaderElection19] INFO  impl.LeaderElection (LeaderElection.java:askForVotes(215)) - 8e30c15e-a534-4be6-9288-c2bfff0aa2a9@group-D2DFA6907B63-LeaderElection19: begin an election at term 1 for -1: [b04f2191-2b78-48d5-a7df-85f1d0f43d9c|rpc:172.17.0.2:37569, ff14e274-5ee8-4142-b96f-00dc3fd4f97a|rpc:172.17.0.2:39957, 8e30c15e-a534-4be6-9288-c2bfff0aa2a9|rpc:172.17.0.2:33009], old=null
2020-12-01 09:36:29,229 [grpc-default-executor-3] INFO  impl.RaftServerImpl (RaftServerImpl.java:setRole(204)) - b04f2191-2b78-48d5-a7df-85f1d0f43d9c@group-D2DFA6907B63: changes role from  FOLLOWER to FOLLOWER at term 1 for recognizeCandidate:8e30c15e-a534-4be6-9288-c2bfff0aa2a9
2020-12-01 09:36:29,229 [grpc-default-executor-3] INFO  impl.RoleInfo (RoleInfo.java:shutdownFollowerState(121)) - b04f2191-2b78-48d5-a7df-85f1d0f43d9c: shutdown b04f2191-2b78-48d5-a7df-85f1d0f43d9c@group-D2DFA6907B63-FollowerState
2020-12-01 09:36:29,229 [grpc-default-executor-3] INFO  impl.RoleInfo (RoleInfo.java:updateAndGet(143)) - b04f2191-2b78-48d5-a7df-85f1d0f43d9c: start b04f2191-2b78-48d5-a7df-85f1d0f43d9c@group-D2DFA6907B63-FollowerState
2020-12-01 09:36:29,229 [Thread-617] INFO  impl.FollowerState (FollowerState.java:run(137)) - b04f2191-2b78-48d5-a7df-85f1d0f43d9c@group-D2DFA6907B63-FollowerState was interrupted: {}
java.lang.InterruptedException: sleep interrupted
	at java.lang.Thread.sleep(Native Method)
	at org.apache.ratis.util.JavaUtils.sleep(JavaUtils.java:250)
	at org.apache.ratis.server.impl.FollowerState.run(FollowerState.java:116)
2020-12-01 09:36:29,230 [grpc-default-executor-3] INFO  impl.RaftServerImpl (RaftServerImpl.java:requestVote(963)) -  FOLLOWER b04f2191-2b78-48d5-a7df-85f1d0f43d9c@group-D2DFA6907B63:t1, leader=null, voted=null, raftlog=b04f2191-2b78-48d5-a7df-85f1d0f43d9c@group-D2DFA6907B63-SegmentedRaftLog:OPENED:c-1,f-1,i0, conf=-1: [b04f2191-2b78-48d5-a7df-85f1d0f43d9c|rpc:172.17.0.2:37569|dataStream:, ff14e274-5ee8-4142-b96f-00dc3fd4f97a|rpc:172.17.0.2:39957|dataStream:, 8e30c15e-a534-4be6-9288-c2bfff0aa2a9|rpc:172.17.0.2:33009|dataStream:], old=null RUNNING priority:0 candidate:8e30c15e-a534-4be6-9288-c2bfff0aa2a9|rpc:172.17.0.2:33009|dataStream: candidatePriority:0 compare:0
2020-12-01 09:36:29,234 [8e30c15e-a534-4be6-9288-c2bfff0aa2a9@group-D2DFA6907B63-LeaderElection19] INFO  impl.LeaderElection (LeaderElection.java:logAndReturn(65)) - 8e30c15e-a534-4be6-9288-c2bfff0aa2a9@group-D2DFA6907B63-LeaderElection19: Election PASSED; received 1 response(s) [8e30c15e-a534-4be6-9288-c2bfff0aa2a9<-b04f2191-2b78-48d5-a7df-85f1d0f43d9c#0:OK-t1] and 0 exception(s); 8e30c15e-a534-4be6-9288-c2bfff0aa2a9@group-D2DFA6907B63:t1, leader=null, voted=8e30c15e-a534-4be6-9288-c2bfff0aa2a9, raftlog=8e30c15e-a534-4be6-9288-c2bfff0aa2a9@group-D2DFA6907B63-SegmentedRaftLog:OPENED:c-1,f-1,i0, conf=-1: [b04f2191-2b78-48d5-a7df-85f1d0f43d9c|rpc:172.17.0.2:37569, ff14e274-5ee8-4142-b96f-00dc3fd4f97a|rpc:172.17.0.2:39957, 8e30c15e-a534-4be6-9288-c2bfff0aa2a9|rpc:172.17.0.2:33009], old=null
2020-12-01 09:36:29,234 [8e30c15e-a534-4be6-9288-c2bfff0aa2a9@group-D2DFA6907B63-LeaderElection19] INFO  impl.RoleInfo (RoleInfo.java:shutdownLeaderElection(134)) - 8e30c15e-a534-4be6-9288-c2bfff0aa2a9: shutdown 8e30c15e-a534-4be6-9288-c2bfff0aa2a9@group-D2DFA6907B63-LeaderElection19
2020-12-01 09:36:29,234 [8e30c15e-a534-4be6-9288-c2bfff0aa2a9@group-D2DFA6907B63-LeaderElection19] INFO  impl.RaftServerImpl (RaftServerImpl.java:setRole(204)) - 8e30c15e-a534-4be6-9288-c2bfff0aa2a9@group-D2DFA6907B63: changes role from CANDIDATE to LEADER at term 1 for changeToLeader
2020-12-01 09:36:29,238 [8e30c15e-a534-4be6-9288-c2bfff0aa2a9@group-D2DFA6907B63-LeaderElection19] INFO  ratis.XceiverServerRatis (XceiverServerRatis.java:handleLeaderChangedNotification(854)) - Leader change notification received for group: group-D2DFA6907B63 with new leaderId: 8e30c15e-a534-4be6-9288-c2bfff0aa2a9
2020-12-01 09:36:29,238 [8e30c15e-a534-4be6-9288-c2bfff0aa2a9@group-D2DFA6907B63-LeaderElection19] INFO  impl.RaftServerImpl (ServerState.java:setLeader(256)) - 8e30c15e-a534-4be6-9288-c2bfff0aa2a9@group-D2DFA6907B63: change Leader from null to 8e30c15e-a534-4be6-9288-c2bfff0aa2a9 at term 1 for becomeLeader, leader elected after 5197ms
2020-12-01 09:36:29,239 [8e30c15e-a534-4be6-9288-c2bfff0aa2a9@group-D2DFA6907B63-LeaderElection19] INFO  server.RaftServerConfigKeys (ConfUtils.java:logGet(44)) - raft.server.staging.catchup.gap = 1000 (default)
2020-12-01 09:36:29,239 [8e30c15e-a534-4be6-9288-c2bfff0aa2a9@group-D2DFA6907B63-LeaderElection19] INFO  server.RaftServerConfigKeys (ConfUtils.java:logGet(44)) - raft.server.rpc.sleep.time = 25ms (default)
2020-12-01 09:36:29,239 [8e30c15e-a534-4be6-9288-c2bfff0aa2a9@group-D2DFA6907B63-LeaderElection19] INFO  metrics.RatisMetrics (RatisMetrics.java:lambda$create$0(36)) - Creating Metrics Registry : ratis.log_appender.8e30c15e-a534-4be6-9288-c2bfff0aa2a9@group-D2DFA6907B63
2020-12-01 09:36:29,239 [8e30c15e-a534-4be6-9288-c2bfff0aa2a9@group-D2DFA6907B63-LeaderElection19] INFO  server.RaftServerConfigKeys (ConfUtils.java:logGet(44)) - raft.server.write.element-limit = 1024 (custom)
2020-12-01 09:36:29,239 [8e30c15e-a534-4be6-9288-c2bfff0aa2a9@group-D2DFA6907B63-LeaderElection19] INFO  server.RaftServerConfigKeys (ConfUtils.java:logGet(44)) - raft.server.write.byte-limit = 1073741824 (custom)
2020-12-01 09:36:29,239 [8e30c15e-a534-4be6-9288-c2bfff0aa2a9@group-D2DFA6907B63-LeaderElection19] INFO  server.RaftServerConfigKeys (ConfUtils.java:logGet(44)) - raft.server.watch.timeout = 180s (custom)
2020-12-01 09:36:29,239 [8e30c15e-a534-4be6-9288-c2bfff0aa2a9@group-D2DFA6907B63-LeaderElection19] INFO  server.RaftServerConfigKeys (ConfUtils.java:logGet(44)) - raft.server.watch.timeout.denomination = 1s (default)
2020-12-01 09:36:29,239 [8e30c15e-a534-4be6-9288-c2bfff0aa2a9@group-D2DFA6907B63-LeaderElection19] INFO  server.RaftServerConfigKeys (ConfUtils.java:logGet(44)) - raft.server.watch.element-limit = 65536 (default)
2020-12-01 09:36:29,239 [8e30c15e-a534-4be6-9288-c2bfff0aa2a9@group-D2DFA6907B63-LeaderElection19] INFO  server.RaftServerConfigKeys (ConfUtils.java:logGet(44)) - raft.server.log.appender.snapshot.chunk.size.max = 16MB (=16777216) (default)
2020-12-01 09:36:29,240 [8e30c15e-a534-4be6-9288-c2bfff0aa2a9@group-D2DFA6907B63-LeaderElection19] INFO  server.RaftServerConfigKeys (ConfUtils.java:logGet(44)) - raft.server.log.appender.buffer.byte-limit = 33554432 (custom)
2020-12-01 09:36:29,240 [8e30c15e-a534-4be6-9288-c2bfff0aa2a9@group-D2DFA6907B63-LeaderElection19] INFO  server.RaftServerConfigKeys (ConfUtils.java:logGet(44)) - raft.server.log.appender.buffer.element-limit = 1 (custom)
2020-12-01 09:36:29,240 [8e30c15e-a534-4be6-9288-c2bfff0aa2a9@group-D2DFA6907B63-LeaderElection19] INFO  grpc.GrpcConfigKeys (ConfUtils.java:logGet(44)) - raft.grpc.server.leader.outstanding.appends.max = 128 (default)
2020-12-01 09:36:29,240 [8e30c15e-a534-4be6-9288-c2bfff0aa2a9@group-D2DFA6907B63-LeaderElection19] INFO  server.RaftServerConfigKeys (ConfUtils.java:logGet(44)) - raft.server.rpc.request.timeout = 60s (custom)
2020-12-01 09:36:29,240 [8e30c15e-a534-4be6-9288-c2bfff0aa2a9@group-D2DFA6907B63-LeaderElection19] INFO  server.RaftServerConfigKeys (ConfUtils.java:logGet(44)) - raft.server.log.appender.install.snapshot.enabled = false (custom)
2020-12-01 09:36:29,240 [8e30c15e-a534-4be6-9288-c2bfff0aa2a9@group-D2DFA6907B63-LeaderElection19] INFO  metrics.RatisMetrics (RatisMetrics.java:lambda$create$0(36)) - Creating Metrics Registry : ratis_grpc.log_appender.8e30c15e-a534-4be6-9288-c2bfff0aa2a9@group-D2DFA6907B63
2020-12-01 09:36:29,241 [8e30c15e-a534-4be6-9288-c2bfff0aa2a9@group-D2DFA6907B63-LeaderElection19] INFO  server.RaftServerConfigKeys (ConfUtils.java:logGet(44)) - raft.server.log.appender.snapshot.chunk.size.max = 16MB (=16777216) (default)
2020-12-01 09:36:29,241 [8e30c15e-a534-4be6-9288-c2bfff0aa2a9@group-D2DFA6907B63-LeaderElection19] INFO  server.RaftServerConfigKeys (ConfUtils.java:logGet(44)) - raft.server.log.appender.buffer.byte-limit = 33554432 (custom)
2020-12-01 09:36:29,241 [8e30c15e-a534-4be6-9288-c2bfff0aa2a9@group-D2DFA6907B63-LeaderElection19] INFO  server.RaftServerConfigKeys (ConfUtils.java:logGet(44)) - raft.server.log.appender.buffer.element-limit = 1 (custom)
2020-12-01 09:36:29,241 [8e30c15e-a534-4be6-9288-c2bfff0aa2a9@group-D2DFA6907B63-LeaderElection19] INFO  grpc.GrpcConfigKeys (ConfUtils.java:logGet(44)) - raft.grpc.server.leader.outstanding.appends.max = 128 (default)
2020-12-01 09:36:29,241 [8e30c15e-a534-4be6-9288-c2bfff0aa2a9@group-D2DFA6907B63-LeaderElection19] INFO  server.RaftServerConfigKeys (ConfUtils.java:logGet(44)) - raft.server.rpc.request.timeout = 60s (custom)
2020-12-01 09:36:29,241 [8e30c15e-a534-4be6-9288-c2bfff0aa2a9@group-D2DFA6907B63-LeaderElection19] INFO  server.RaftServerConfigKeys (ConfUtils.java:logGet(44)) - raft.server.log.appender.install.snapshot.enabled = false (custom)
2020-12-01 09:36:29,235 [grpc-default-executor-2] INFO  impl.RaftServerImpl (RaftServerImpl.java:setRole(204)) - ff14e274-5ee8-4142-b96f-00dc3fd4f97a@group-D2DFA6907B63: changes role from  FOLLOWER to FOLLOWER at term 1 for recognizeCandidate:8e30c15e-a534-4be6-9288-c2bfff0aa2a9
2020-12-01 09:36:29,243 [grpc-default-executor-2] INFO  impl.RoleInfo (RoleInfo.java:shutdownFollowerState(121)) - ff14e274-5ee8-4142-b96f-00dc3fd4f97a: shutdown ff14e274-5ee8-4142-b96f-00dc3fd4f97a@group-D2DFA6907B63-FollowerState
2020-12-01 09:36:29,243 [grpc-default-executor-2] INFO  impl.RoleInfo (RoleInfo.java:updateAndGet(143)) - ff14e274-5ee8-4142-b96f-00dc3fd4f97a: start ff14e274-5ee8-4142-b96f-00dc3fd4f97a@group-D2DFA6907B63-FollowerState
2020-12-01 09:36:29,243 [Thread-620] INFO  impl.FollowerState (FollowerState.java:run(137)) - ff14e274-5ee8-4142-b96f-00dc3fd4f97a@group-D2DFA6907B63-FollowerState was interrupted: {}
java.lang.InterruptedException: sleep interrupted
	at java.lang.Thread.sleep(Native Method)
	at org.apache.ratis.util.JavaUtils.sleep(JavaUtils.java:250)
	at org.apache.ratis.server.impl.FollowerState.run(FollowerState.java:116)
2020-12-01 09:36:29,243 [EventQueue-PipelineReportForPipelineReportHandler] INFO  pipeline.PipelineStateManager (PipelineStateManager.java:openPipeline(132)) - Pipeline Pipeline[ Id: 624329bb-788f-4473-88f4-d2dfa6907b63, Nodes: b04f2191-2b78-48d5-a7df-85f1d0f43d9c{ip: 172.17.0.2, host: d8c3efac84dc, networkLocation: /default-rack, certSerialId: null}ff14e274-5ee8-4142-b96f-00dc3fd4f97a{ip: 172.17.0.2, host: d8c3efac84dc, networkLocation: /default-rack, certSerialId: null}8e30c15e-a534-4be6-9288-c2bfff0aa2a9{ip: 172.17.0.2, host: d8c3efac84dc, networkLocation: /default-rack, certSerialId: null}, Type:RATIS, Factor:THREE, State:ALLOCATED, leaderId:8e30c15e-a534-4be6-9288-c2bfff0aa2a9, CreationTimestamp2020-12-01T09:36:21.391Z] moved to OPEN state
2020-12-01 09:36:29,244 [EventQueue-PipelineReportForOneReplicaPipelineSafeModeRule] INFO  safemode.SCMSafeModeManager (SCMSafeModeManager.java:validateSafeModeExitRules(214)) - AtleastOneDatanodeReportedRule rule is successfully validated
2020-12-01 09:36:29,244 [EventQueue-OpenPipelineForHealthyPipelineSafeModeRule] INFO  safemode.SCMSafeModeManager (HealthyPipelineSafeModeRule.java:process(128)) - SCM in safe mode. Healthy pipelines reported count is 0, required healthy pipeline reported count is 1
2020-12-01 09:36:29,247 [EventQueue-OpenPipelineForHealthyPipelineSafeModeRule] INFO  safemode.SCMSafeModeManager (HealthyPipelineSafeModeRule.java:process(128)) - SCM in safe mode. Healthy pipelines reported count is 1, required healthy pipeline reported count is 1
2020-12-01 09:36:29,247 [EventQueue-OpenPipelineForHealthyPipelineSafeModeRule] INFO  safemode.SCMSafeModeManager (SCMSafeModeManager.java:validateSafeModeExitRules(214)) - HealthyPipelineSafeModeRule rule is successfully validated
2020-12-01 09:36:29,247 [EventQueue-OpenPipelineForHealthyPipelineSafeModeRule] INFO  safemode.SCMSafeModeManager (SCMSafeModeManager.java:validateSafeModeExitRules(228)) - ScmSafeModeManager, all rules are successfully validated
2020-12-01 09:36:29,247 [EventQueue-OpenPipelineForHealthyPipelineSafeModeRule] INFO  safemode.SCMSafeModeManager (SCMSafeModeManager.java:exitSafeMode(257)) - SCM exiting safe mode.
2020-12-01 09:36:29,244 [grpc-default-executor-2] INFO  impl.RaftServerImpl (RaftServerImpl.java:requestVote(963)) -  FOLLOWER ff14e274-5ee8-4142-b96f-00dc3fd4f97a@group-D2DFA6907B63:t1, leader=null, voted=null, raftlog=ff14e274-5ee8-4142-b96f-00dc3fd4f97a@group-D2DFA6907B63-SegmentedRaftLog:OPENED:c-1,f-1,i0, conf=-1: [b04f2191-2b78-48d5-a7df-85f1d0f43d9c|rpc:172.17.0.2:37569|dataStream:, ff14e274-5ee8-4142-b96f-00dc3fd4f97a|rpc:172.17.0.2:39957|dataStream:, 8e30c15e-a534-4be6-9288-c2bfff0aa2a9|rpc:172.17.0.2:33009|dataStream:], old=null RUNNING priority:0 candidate:8e30c15e-a534-4be6-9288-c2bfff0aa2a9|rpc:172.17.0.2:33009|dataStream: candidatePriority:0 compare:0
2020-12-01 09:36:29,244 [8e30c15e-a534-4be6-9288-c2bfff0aa2a9@group-D2DFA6907B63-LeaderElection19] INFO  impl.RoleInfo (RoleInfo.java:updateAndGet(143)) - 8e30c15e-a534-4be6-9288-c2bfff0aa2a9: start 8e30c15e-a534-4be6-9288-c2bfff0aa2a9@group-D2DFA6907B63-LeaderState
2020-12-01 09:36:29,248 [8e30c15e-a534-4be6-9288-c2bfff0aa2a9@group-D2DFA6907B63-LeaderElection19] INFO  segmented.SegmentedRaftLogWorker (SegmentedRaftLogWorker.java:startLogSegment(398)) - 8e30c15e-a534-4be6-9288-c2bfff0aa2a9@group-D2DFA6907B63-SegmentedRaftLogWorker: Starting segment from index:0
2020-12-01 09:36:29,249 [8e30c15e-a534-4be6-9288-c2bfff0aa2a9@group-D2DFA6907B63-SegmentedRaftLogWorker] INFO  segmented.SegmentedRaftLogWorker (SegmentedRaftLogWorker.java:execute(597)) - 8e30c15e-a534-4be6-9288-c2bfff0aa2a9@group-D2DFA6907B63-SegmentedRaftLogWorker: created new log segment /github/workspace/mnt/ozone/hadoop-ozone/integration-test/target/test-dir/MiniOzoneClusterImpl-8d4a4fce-edf6-4f04-8cc5-f8d714c00e47/datanode-3/data/ratis/624329bb-788f-4473-88f4-d2dfa6907b63/current/log_inprogress_0
2020-12-01 09:36:29,253 [8e30c15e-a534-4be6-9288-c2bfff0aa2a9@group-D2DFA6907B63-LeaderElection19] INFO  impl.RaftServerImpl (ServerState.java:setRaftConf(374)) - 8e30c15e-a534-4be6-9288-c2bfff0aa2a9@group-D2DFA6907B63: set configuration 0: [b04f2191-2b78-48d5-a7df-85f1d0f43d9c|rpc:172.17.0.2:37569|dataStream:, ff14e274-5ee8-4142-b96f-00dc3fd4f97a|rpc:172.17.0.2:39957|dataStream:, 8e30c15e-a534-4be6-9288-c2bfff0aa2a9|rpc:172.17.0.2:33009|dataStream:], old=null at 0
2020-12-01 09:36:29,272 [grpc-default-executor-3] INFO  ratis.XceiverServerRatis (XceiverServerRatis.java:handleLeaderChangedNotification(854)) - Leader change notification received for group: group-D2DFA6907B63 with new leaderId: 8e30c15e-a534-4be6-9288-c2bfff0aa2a9
2020-12-01 09:36:29,272 [grpc-default-executor-3] INFO  impl.RaftServerImpl (ServerState.java:setLeader(256)) - ff14e274-5ee8-4142-b96f-00dc3fd4f97a@group-D2DFA6907B63: change Leader from null to 8e30c15e-a534-4be6-9288-c2bfff0aa2a9 at term 1 for appendEntries, leader elected after 5160ms
2020-12-01 09:36:29,272 [grpc-default-executor-2] INFO  ratis.XceiverServerRatis (XceiverServerRatis.java:handleLeaderChangedNotification(854)) - Leader change notification received for group: group-D2DFA6907B63 with new leaderId: 8e30c15e-a534-4be6-9288-c2bfff0aa2a9
2020-12-01 09:36:29,272 [grpc-default-executor-2] INFO  impl.RaftServerImpl (ServerState.java:setLeader(256)) - b04f2191-2b78-48d5-a7df-85f1d0f43d9c@group-D2DFA6907B63: change Leader from null to 8e30c15e-a534-4be6-9288-c2bfff0aa2a9 at term 1 for appendEntries, leader elected after 5197ms
2020-12-01 09:36:29,279 [grpc-default-executor-3] INFO  impl.RaftServerImpl (ServerState.java:setRaftConf(374)) - ff14e274-5ee8-4142-b96f-00dc3fd4f97a@group-D2DFA6907B63: set configuration 0: [b04f2191-2b78-48d5-a7df-85f1d0f43d9c|rpc:172.17.0.2:37569|dataStream:, ff14e274-5ee8-4142-b96f-00dc3fd4f97a|rpc:172.17.0.2:39957|dataStream:, 8e30c15e-a534-4be6-9288-c2bfff0aa2a9|rpc:172.17.0.2:33009|dataStream:], old=null at 0
2020-12-01 09:36:29,279 [grpc-default-executor-3] INFO  segmented.SegmentedRaftLogWorker (SegmentedRaftLogWorker.java:startLogSegment(398)) - ff14e274-5ee8-4142-b96f-00dc3fd4f97a@group-D2DFA6907B63-SegmentedRaftLogWorker: Starting segment from index:0
2020-12-01 09:36:29,281 [ff14e274-5ee8-4142-b96f-00dc3fd4f97a@group-D2DFA6907B63-SegmentedRaftLogWorker] INFO  segmented.SegmentedRaftLogWorker (SegmentedRaftLogWorker.java:execute(597)) - ff14e274-5ee8-4142-b96f-00dc3fd4f97a@group-D2DFA6907B63-SegmentedRaftLogWorker: created new log segment /github/workspace/mnt/ozone/hadoop-ozone/integration-test/target/test-dir/MiniOzoneClusterImpl-8d4a4fce-edf6-4f04-8cc5-f8d714c00e47/datanode-4/data/ratis/624329bb-788f-4473-88f4-d2dfa6907b63/current/log_inprogress_0
2020-12-01 09:36:29,282 [grpc-default-executor-2] INFO  impl.RaftServerImpl (ServerState.java:setRaftConf(374)) - b04f2191-2b78-48d5-a7df-85f1d0f43d9c@group-D2DFA6907B63: set configuration 0: [b04f2191-2b78-48d5-a7df-85f1d0f43d9c|rpc:172.17.0.2:37569|dataStream:, ff14e274-5ee8-4142-b96f-00dc3fd4f97a|rpc:172.17.0.2:39957|dataStream:, 8e30c15e-a534-4be6-9288-c2bfff0aa2a9|rpc:172.17.0.2:33009|dataStream:], old=null at 0
2020-12-01 09:36:29,282 [grpc-default-executor-2] INFO  segmented.SegmentedRaftLogWorker (SegmentedRaftLogWorker.java:startLogSegment(398)) - b04f2191-2b78-48d5-a7df-85f1d0f43d9c@group-D2DFA6907B63-SegmentedRaftLogWorker: Starting segment from index:0
2020-12-01 09:36:29,287 [b04f2191-2b78-48d5-a7df-85f1d0f43d9c@group-D2DFA6907B63-SegmentedRaftLogWorker] INFO  segmented.SegmentedRaftLogWorker (SegmentedRaftLogWorker.java:execute(597)) - b04f2191-2b78-48d5-a7df-85f1d0f43d9c@group-D2DFA6907B63-SegmentedRaftLogWorker: created new log segment /github/workspace/mnt/ozone/hadoop-ozone/integration-test/target/test-dir/MiniOzoneClusterImpl-8d4a4fce-edf6-4f04-8cc5-f8d714c00e47/datanode-5/data/ratis/624329bb-788f-4473-88f4-d2dfa6907b63/current/log_inprogress_0
2020-12-01 09:36:29,382 [Thread-623] INFO  impl.FollowerState (FollowerState.java:run(128)) - ff14e274-5ee8-4142-b96f-00dc3fd4f97a@group-298BA3011926-FollowerState: change to CANDIDATE, lastRpcTime:5156ms, electionTimeout:5155ms
2020-12-01 09:36:29,383 [Thread-623] INFO  impl.RoleInfo (RoleInfo.java:shutdownFollowerState(121)) - ff14e274-5ee8-4142-b96f-00dc3fd4f97a: shutdown ff14e274-5ee8-4142-b96f-00dc3fd4f97a@group-298BA3011926-FollowerState
2020-12-01 09:36:29,383 [Thread-623] INFO  impl.RaftServerImpl (RaftServerImpl.java:setRole(204)) - ff14e274-5ee8-4142-b96f-00dc3fd4f97a@group-298BA3011926: changes role from  FOLLOWER to CANDIDATE at term 0 for changeToCandidate
2020-12-01 09:36:29,383 [Thread-623] INFO  impl.RoleInfo (RoleInfo.java:updateAndGet(143)) - ff14e274-5ee8-4142-b96f-00dc3fd4f97a: start ff14e274-5ee8-4142-b96f-00dc3fd4f97a@group-298BA3011926-LeaderElection20
2020-12-01 09:36:29,386 [ff14e274-5ee8-4142-b96f-00dc3fd4f97a@group-298BA3011926-LeaderElection20] INFO  impl.LeaderElection (LeaderElection.java:askForVotes(215)) - ff14e274-5ee8-4142-b96f-00dc3fd4f97a@group-298BA3011926-LeaderElection20: begin an election at term 1 for -1: [ff14e274-5ee8-4142-b96f-00dc3fd4f97a|rpc:172.17.0.2:39957], old=null
2020-12-01 09:36:29,386 [ff14e274-5ee8-4142-b96f-00dc3fd4f97a@group-298BA3011926-LeaderElection20] INFO  impl.RoleInfo (RoleInfo.java:shutdownLeaderElection(134)) - ff14e274-5ee8-4142-b96f-00dc3fd4f97a: shutdown ff14e274-5ee8-4142-b96f-00dc3fd4f97a@group-298BA3011926-LeaderElection20
2020-12-01 09:36:29,386 [ff14e274-5ee8-4142-b96f-00dc3fd4f97a@group-298BA3011926-LeaderElection20] INFO  impl.RaftServerImpl (RaftServerImpl.java:setRole(204)) - ff14e274-5ee8-4142-b96f-00dc3fd4f97a@group-298BA3011926: changes role from CANDIDATE to LEADER at term 1 for changeToLeader
2020-12-01 09:36:29,386 [ff14e274-5ee8-4142-b96f-00dc3fd4f97a@group-298BA3011926-LeaderElection20] INFO  ratis.XceiverServerRatis (XceiverServerRatis.java:handleLeaderChangedNotification(854)) - Leader change notification received for group: group-298BA3011926 with new leaderId: ff14e274-5ee8-4142-b96f-00dc3fd4f97a
2020-12-01 09:36:29,386 [ff14e274-5ee8-4142-b96f-00dc3fd4f97a@group-298BA3011926-LeaderElection20] INFO  impl.RaftServerImpl (ServerState.java:setLeader(256)) - ff14e274-5ee8-4142-b96f-00dc3fd4f97a@group-298BA3011926: change Leader from null to ff14e274-5ee8-4142-b96f-00dc3fd4f97a at term 1 for becomeLeader, leader elected after 5165ms
2020-12-01 09:36:29,386 [ff14e274-5ee8-4142-b96f-00dc3fd4f97a@group-298BA3011926-LeaderElection20] INFO  server.RaftServerConfigKeys (ConfUtils.java:logGet(44)) - raft.server.staging.catchup.gap = 1000 (default)
2020-12-01 09:36:29,386 [ff14e274-5ee8-4142-b96f-00dc3fd4f97a@group-298BA3011926-LeaderElection20] INFO  server.RaftServerConfigKeys (ConfUtils.java:logGet(44)) - raft.server.rpc.sleep.time = 25ms (default)
2020-12-01 09:36:29,387 [ff14e274-5ee8-4142-b96f-00dc3fd4f97a@group-298BA3011926-LeaderElection20] INFO  metrics.RatisMetrics (RatisMetrics.java:lambda$create$0(36)) - Creating Metrics Registry : ratis.log_appender.ff14e274-5ee8-4142-b96f-00dc3fd4f97a@group-298BA3011926
2020-12-01 09:36:29,387 [ff14e274-5ee8-4142-b96f-00dc3fd4f97a@group-298BA3011926-LeaderElection20] INFO  server.RaftServerConfigKeys (ConfUtils.java:logGet(44)) - raft.server.write.element-limit = 1024 (custom)
2020-12-01 09:36:29,387 [ff14e274-5ee8-4142-b96f-00dc3fd4f97a@group-298BA3011926-LeaderElection20] INFO  server.RaftServerConfigKeys (ConfUtils.java:logGet(44)) - raft.server.write.byte-limit = 1073741824 (custom)
2020-12-01 09:36:29,387 [ff14e274-5ee8-4142-b96f-00dc3fd4f97a@group-298BA3011926-LeaderElection20] INFO  server.RaftServerConfigKeys (ConfUtils.java:logGet(44)) - raft.server.watch.timeout = 180s (custom)
2020-12-01 09:36:29,388 [ff14e274-5ee8-4142-b96f-00dc3fd4f97a@group-298BA3011926-LeaderElection20] INFO  server.RaftServerConfigKeys (ConfUtils.java:logGet(44)) - raft.server.watch.timeout.denomination = 1s (default)
2020-12-01 09:36:29,388 [ff14e274-5ee8-4142-b96f-00dc3fd4f97a@group-298BA3011926-LeaderElection20] INFO  server.RaftServerConfigKeys (ConfUtils.java:logGet(44)) - raft.server.watch.element-limit = 65536 (default)
2020-12-01 09:36:29,388 [ff14e274-5ee8-4142-b96f-00dc3fd4f97a@group-298BA3011926-LeaderElection20] INFO  impl.RoleInfo (RoleInfo.java:updateAndGet(143)) - ff14e274-5ee8-4142-b96f-00dc3fd4f97a: start ff14e274-5ee8-4142-b96f-00dc3fd4f97a@group-298BA3011926-LeaderState
2020-12-01 09:36:29,388 [ff14e274-5ee8-4142-b96f-00dc3fd4f97a@group-298BA3011926-LeaderElection20] INFO  segmented.SegmentedRaftLogWorker (SegmentedRaftLogWorker.java:startLogSegment(398)) - ff14e274-5ee8-4142-b96f-00dc3fd4f97a@group-298BA3011926-SegmentedRaftLogWorker: Starting segment from index:0
2020-12-01 09:36:29,390 [ff14e274-5ee8-4142-b96f-00dc3fd4f97a@group-298BA3011926-LeaderElection20] INFO  impl.RaftServerImpl (ServerState.java:setRaftConf(374)) - ff14e274-5ee8-4142-b96f-00dc3fd4f97a@group-298BA3011926: set configuration 0: [ff14e274-5ee8-4142-b96f-00dc3fd4f97a|rpc:172.17.0.2:39957|dataStream:], old=null at 0
2020-12-01 09:36:29,390 [ff14e274-5ee8-4142-b96f-00dc3fd4f97a@group-298BA3011926-SegmentedRaftLogWorker] INFO  segmented.SegmentedRaftLogWorker (SegmentedRaftLogWorker.java:execute(597)) - ff14e274-5ee8-4142-b96f-00dc3fd4f97a@group-298BA3011926-SegmentedRaftLogWorker: created new log segment /github/workspace/mnt/ozone/hadoop-ozone/integration-test/target/test-dir/MiniOzoneClusterImpl-8d4a4fce-edf6-4f04-8cc5-f8d714c00e47/datanode-4/data/ratis/69cad715-389c-4a83-82a0-298ba3011926/current/log_inprogress_0
2020-12-01 09:36:29,541 [Thread-625] INFO  impl.FollowerState (FollowerState.java:run(128)) - b04f2191-2b78-48d5-a7df-85f1d0f43d9c@group-BE0E163CC516-FollowerState: change to CANDIDATE, lastRpcTime:5132ms, electionTimeout:5131ms
2020-12-01 09:36:29,541 [Thread-625] INFO  impl.RoleInfo (RoleInfo.java:shutdownFollowerState(121)) - b04f2191-2b78-48d5-a7df-85f1d0f43d9c: shutdown b04f2191-2b78-48d5-a7df-85f1d0f43d9c@group-BE0E163CC516-FollowerState
2020-12-01 09:36:29,542 [Thread-625] INFO  impl.RaftServerImpl (RaftServerImpl.java:setRole(204)) - b04f2191-2b78-48d5-a7df-85f1d0f43d9c@group-BE0E163CC516: changes role from  FOLLOWER to CANDIDATE at term 0 for changeToCandidate
2020-12-01 09:36:29,542 [Thread-625] INFO  impl.RoleInfo (RoleInfo.java:updateAndGet(143)) - b04f2191-2b78-48d5-a7df-85f1d0f43d9c: start b04f2191-2b78-48d5-a7df-85f1d0f43d9c@group-BE0E163CC516-LeaderElection21
2020-12-01 09:36:29,545 [b04f2191-2b78-48d5-a7df-85f1d0f43d9c@group-BE0E163CC516-LeaderElection21] INFO  impl.LeaderElection (LeaderElection.java:askForVotes(215)) - b04f2191-2b78-48d5-a7df-85f1d0f43d9c@group-BE0E163CC516-LeaderElection21: begin an election at term 1 for -1: [b04f2191-2b78-48d5-a7df-85f1d0f43d9c|rpc:172.17.0.2:37569], old=null
2020-12-01 09:36:29,545 [b04f2191-2b78-48d5-a7df-85f1d0f43d9c@group-BE0E163CC516-LeaderElection21] INFO  impl.RoleInfo (RoleInfo.java:shutdownLeaderElection(134)) - b04f2191-2b78-48d5-a7df-85f1d0f43d9c: shutdown b04f2191-2b78-48d5-a7df-85f1d0f43d9c@group-BE0E163CC516-LeaderElection21
2020-12-01 09:36:29,545 [b04f2191-2b78-48d5-a7df-85f1d0f43d9c@group-BE0E163CC516-LeaderElection21] INFO  impl.RaftServerImpl (RaftServerImpl.java:setRole(204)) - b04f2191-2b78-48d5-a7df-85f1d0f43d9c@group-BE0E163CC516: changes role from CANDIDATE to LEADER at term 1 for changeToLeader
2020-12-01 09:36:29,545 [b04f2191-2b78-48d5-a7df-85f1d0f43d9c@group-BE0E163CC516-LeaderElection21] INFO  ratis.XceiverServerRatis (XceiverServerRatis.java:handleLeaderChangedNotification(854)) - Leader change notification received for group: group-BE0E163CC516 with new leaderId: b04f2191-2b78-48d5-a7df-85f1d0f43d9c
2020-12-01 09:36:29,546 [b04f2191-2b78-48d5-a7df-85f1d0f43d9c@group-BE0E163CC516-LeaderElection21] INFO  impl.RaftServerImpl (ServerState.java:setLeader(256)) - b04f2191-2b78-48d5-a7df-85f1d0f43d9c@group-BE0E163CC516: change Leader from null to b04f2191-2b78-48d5-a7df-85f1d0f43d9c at term 1 for becomeLeader, leader elected after 5151ms
2020-12-01 09:36:29,546 [b04f2191-2b78-48d5-a7df-85f1d0f43d9c@group-BE0E163CC516-LeaderElection21] INFO  server.RaftServerConfigKeys (ConfUtils.java:logGet(44)) - raft.server.staging.catchup.gap = 1000 (default)
2020-12-01 09:36:29,546 [b04f2191-2b78-48d5-a7df-85f1d0f43d9c@group-BE0E163CC516-LeaderElection21] INFO  server.RaftServerConfigKeys (ConfUtils.java:logGet(44)) - raft.server.rpc.sleep.time = 25ms (default)
2020-12-01 09:36:29,546 [b04f2191-2b78-48d5-a7df-85f1d0f43d9c@group-BE0E163CC516-LeaderElection21] INFO  metrics.RatisMetrics (RatisMetrics.java:lambda$create$0(36)) - Creating Metrics Registry : ratis.log_appender.b04f2191-2b78-48d5-a7df-85f1d0f43d9c@group-BE0E163CC516
2020-12-01 09:36:29,546 [b04f2191-2b78-48d5-a7df-85f1d0f43d9c@group-BE0E163CC516-LeaderElection21] INFO  server.RaftServerConfigKeys (ConfUtils.java:logGet(44)) - raft.server.write.element-limit = 1024 (custom)
2020-12-01 09:36:29,546 [b04f2191-2b78-48d5-a7df-85f1d0f43d9c@group-BE0E163CC516-LeaderElection21] INFO  server.RaftServerConfigKeys (ConfUtils.java:logGet(44)) - raft.server.write.byte-limit = 1073741824 (custom)
2020-12-01 09:36:29,547 [b04f2191-2b78-48d5-a7df-85f1d0f43d9c@group-BE0E163CC516-LeaderElection21] INFO  server.RaftServerConfigKeys (ConfUtils.java:logGet(44)) - raft.server.watch.timeout = 180s (custom)
2020-12-01 09:36:29,547 [b04f2191-2b78-48d5-a7df-85f1d0f43d9c@group-BE0E163CC516-LeaderElection21] INFO  server.RaftServerConfigKeys (ConfUtils.java:logGet(44)) - raft.server.watch.timeout.denomination = 1s (default)
2020-12-01 09:36:29,547 [b04f2191-2b78-48d5-a7df-85f1d0f43d9c@group-BE0E163CC516-LeaderElection21] INFO  server.RaftServerConfigKeys (ConfUtils.java:logGet(44)) - raft.server.watch.element-limit = 65536 (default)
2020-12-01 09:36:29,547 [b04f2191-2b78-48d5-a7df-85f1d0f43d9c@group-BE0E163CC516-LeaderElection21] INFO  impl.RoleInfo (RoleInfo.java:updateAndGet(143)) - b04f2191-2b78-48d5-a7df-85f1d0f43d9c: start b04f2191-2b78-48d5-a7df-85f1d0f43d9c@group-BE0E163CC516-LeaderState
2020-12-01 09:36:29,547 [b04f2191-2b78-48d5-a7df-85f1d0f43d9c@group-BE0E163CC516-LeaderElection21] INFO  segmented.SegmentedRaftLogWorker (SegmentedRaftLogWorker.java:startLogSegment(398)) - b04f2191-2b78-48d5-a7df-85f1d0f43d9c@group-BE0E163CC516-SegmentedRaftLogWorker: Starting segment from index:0
2020-12-01 09:36:29,549 [b04f2191-2b78-48d5-a7df-85f1d0f43d9c@group-BE0E163CC516-SegmentedRaftLogWorker] INFO  segmented.SegmentedRaftLogWorker (SegmentedRaftLogWorker.java:execute(597)) - b04f2191-2b78-48d5-a7df-85f1d0f43d9c@group-BE0E163CC516-SegmentedRaftLogWorker: created new log segment /github/workspace/mnt/ozone/hadoop-ozone/integration-test/target/test-dir/MiniOzoneClusterImpl-8d4a4fce-edf6-4f04-8cc5-f8d714c00e47/datanode-5/data/ratis/d2cd0a43-c79f-4054-8b63-be0e163cc516/current/log_inprogress_0
2020-12-01 09:36:29,550 [b04f2191-2b78-48d5-a7df-85f1d0f43d9c@group-BE0E163CC516-LeaderElection21] INFO  impl.RaftServerImpl (ServerState.java:setRaftConf(374)) - b04f2191-2b78-48d5-a7df-85f1d0f43d9c@group-BE0E163CC516: set configuration 0: [b04f2191-2b78-48d5-a7df-85f1d0f43d9c|rpc:172.17.0.2:37569|dataStream:], old=null at 0
2020-12-01 09:36:29,582 [Listener at 127.0.0.1/32799] INFO  ozone.MiniOzoneClusterImpl (MiniOzoneClusterImpl.java:lambda$waitForClusterToBeReady$0(178)) - Nodes are ready. Got 7 of 7 DN Heartbeats.
2020-12-01 09:36:29,582 [Listener at 127.0.0.1/32799] INFO  ozone.MiniOzoneClusterImpl (MiniOzoneClusterImpl.java:lambda$waitForClusterToBeReady$0(181)) - Cluster exits safe mode
2020-12-01 09:36:29,592 [Listener at 127.0.0.1/32799] INFO  rpc.RpcClient (RpcClient.java:createVolume(272)) - Creating Volume: testblockoutputstreamwithretries, with jenkins1001 as owner.
2020-12-01 09:36:29,593 [IPC Server handler 3 on default port 32799] INFO  volume.OMVolumeCreateRequest (OMVolumeCreateRequest.java:validateAndUpdateCache(196)) - created volume:testblockoutputstreamwithretries for user:jenkins1001
2020-12-01 09:36:29,598 [org.apache.ratis.server.JvmPauseMonitor@78c03a1-Monitor] WARN  server.JvmPauseMonitor (JvmPauseMonitor.java:run(141)) - Detected pause in JVM or host machine (eg GC): pause of approximately 5ms
No GCs detected
2020-12-01 09:36:29,605 [org.apache.ratis.server.JvmPauseMonitor@7367319f-Monitor] WARN  server.JvmPauseMonitor (JvmPauseMonitor.java:run(141)) - Detected pause in JVM or host machine (eg GC): pause of approximately 3ms
No GCs detected
2020-12-01 09:36:29,614 [Listener at 127.0.0.1/32799] INFO  rpc.RpcClient (RpcClient.java:createBucket(425)) - Creating Bucket: testblockoutputstreamwithretries/testblockoutputstreamwithretries, with Versioning false and Storage Type set to DISK and Encryption set to false 
2020-12-01 09:36:29,636 [Listener at 127.0.0.1/32799] INFO  metrics.RatisMetrics (RatisMetrics.java:lambda$create$0(36)) - Creating Metrics Registry : ratis.client_message_metrics.client-DA1B781F9AA7->ff14e274-5ee8-4142-b96f-00dc3fd4f97a
2020-12-01 09:36:29,656 [Thread-627] INFO  impl.FollowerState (FollowerState.java:run(128)) - ea2d25e5-6c0c-4043-88f8-7a65b58a4550@group-28C4E5E23A47-FollowerState: change to CANDIDATE, lastRpcTime:5057ms, electionTimeout:5056ms
2020-12-01 09:36:29,656 [Thread-627] INFO  impl.RoleInfo (RoleInfo.java:shutdownFollowerState(121)) - ea2d25e5-6c0c-4043-88f8-7a65b58a4550: shutdown ea2d25e5-6c0c-4043-88f8-7a65b58a4550@group-28C4E5E23A47-FollowerState
2020-12-01 09:36:29,656 [Thread-627] INFO  impl.RaftServerImpl (RaftServerImpl.java:setRole(204)) - ea2d25e5-6c0c-4043-88f8-7a65b58a4550@group-28C4E5E23A47: changes role from  FOLLOWER to CANDIDATE at term 0 for changeToCandidate
2020-12-01 09:36:29,656 [Thread-627] INFO  impl.RoleInfo (RoleInfo.java:updateAndGet(143)) - ea2d25e5-6c0c-4043-88f8-7a65b58a4550: start ea2d25e5-6c0c-4043-88f8-7a65b58a4550@group-28C4E5E23A47-LeaderElection22
2020-12-01 09:36:29,661 [ea2d25e5-6c0c-4043-88f8-7a65b58a4550@group-28C4E5E23A47-LeaderElection22] INFO  impl.LeaderElection (LeaderElection.java:askForVotes(215)) - ea2d25e5-6c0c-4043-88f8-7a65b58a4550@group-28C4E5E23A47-LeaderElection22: begin an election at term 1 for -1: [ea2d25e5-6c0c-4043-88f8-7a65b58a4550|rpc:172.17.0.2:40773], old=null
2020-12-01 09:36:29,661 [ea2d25e5-6c0c-4043-88f8-7a65b58a4550@group-28C4E5E23A47-LeaderElection22] INFO  impl.RoleInfo (RoleInfo.java:shutdownLeaderElection(134)) - ea2d25e5-6c0c-4043-88f8-7a65b58a4550: shutdown ea2d25e5-6c0c-4043-88f8-7a65b58a4550@group-28C4E5E23A47-LeaderElection22
2020-12-01 09:36:29,661 [ea2d25e5-6c0c-4043-88f8-7a65b58a4550@group-28C4E5E23A47-LeaderElection22] INFO  impl.RaftServerImpl (RaftServerImpl.java:setRole(204)) - ea2d25e5-6c0c-4043-88f8-7a65b58a4550@group-28C4E5E23A47: changes role from CANDIDATE to LEADER at term 1 for changeToLeader
2020-12-01 09:36:29,661 [ea2d25e5-6c0c-4043-88f8-7a65b58a4550@group-28C4E5E23A47-LeaderElection22] INFO  ratis.XceiverServerRatis (XceiverServerRatis.java:handleLeaderChangedNotification(854)) - Leader change notification received for group: group-28C4E5E23A47 with new leaderId: ea2d25e5-6c0c-4043-88f8-7a65b58a4550
2020-12-01 09:36:29,662 [ea2d25e5-6c0c-4043-88f8-7a65b58a4550@group-28C4E5E23A47-LeaderElection22] INFO  impl.RaftServerImpl (ServerState.java:setLeader(256)) - ea2d25e5-6c0c-4043-88f8-7a65b58a4550@group-28C4E5E23A47: change Leader from null to ea2d25e5-6c0c-4043-88f8-7a65b58a4550 at term 1 for becomeLeader, leader elected after 5074ms
2020-12-01 09:36:29,662 [ea2d25e5-6c0c-4043-88f8-7a65b58a4550@group-28C4E5E23A47-LeaderElection22] INFO  server.RaftServerConfigKeys (ConfUtils.java:logGet(44)) - raft.server.staging.catchup.gap = 1000 (default)
2020-12-01 09:36:29,662 [ea2d25e5-6c0c-4043-88f8-7a65b58a4550@group-28C4E5E23A47-LeaderElection22] INFO  server.RaftServerConfigKeys (ConfUtils.java:logGet(44)) - raft.server.rpc.sleep.time = 25ms (default)
2020-12-01 09:36:29,662 [ea2d25e5-6c0c-4043-88f8-7a65b58a4550@group-28C4E5E23A47-LeaderElection22] INFO  metrics.RatisMetrics (RatisMetrics.java:lambda$create$0(36)) - Creating Metrics Registry : ratis.log_appender.ea2d25e5-6c0c-4043-88f8-7a65b58a4550@group-28C4E5E23A47
2020-12-01 09:36:29,662 [ea2d25e5-6c0c-4043-88f8-7a65b58a4550@group-28C4E5E23A47-LeaderElection22] INFO  server.RaftServerConfigKeys (ConfUtils.java:logGet(44)) - raft.server.write.element-limit = 1024 (custom)
2020-12-01 09:36:29,663 [ea2d25e5-6c0c-4043-88f8-7a65b58a4550@group-28C4E5E23A47-LeaderElection22] INFO  server.RaftServerConfigKeys (ConfUtils.java:logGet(44)) - raft.server.write.byte-limit = 1073741824 (custom)
2020-12-01 09:36:29,663 [ea2d25e5-6c0c-4043-88f8-7a65b58a4550@group-28C4E5E23A47-LeaderElection22] INFO  server.RaftServerConfigKeys (ConfUtils.java:logGet(44)) - raft.server.watch.timeout = 180s (custom)
2020-12-01 09:36:29,663 [ea2d25e5-6c0c-4043-88f8-7a65b58a4550@group-28C4E5E23A47-LeaderElection22] INFO  server.RaftServerConfigKeys (ConfUtils.java:logGet(44)) - raft.server.watch.timeout.denomination = 1s (default)
2020-12-01 09:36:29,664 [ea2d25e5-6c0c-4043-88f8-7a65b58a4550@group-28C4E5E23A47-LeaderElection22] INFO  server.RaftServerConfigKeys (ConfUtils.java:logGet(44)) - raft.server.watch.element-limit = 65536 (default)
2020-12-01 09:36:29,664 [ea2d25e5-6c0c-4043-88f8-7a65b58a4550@group-28C4E5E23A47-LeaderElection22] INFO  impl.RoleInfo (RoleInfo.java:updateAndGet(143)) - ea2d25e5-6c0c-4043-88f8-7a65b58a4550: start ea2d25e5-6c0c-4043-88f8-7a65b58a4550@group-28C4E5E23A47-LeaderState
2020-12-01 09:36:29,664 [ea2d25e5-6c0c-4043-88f8-7a65b58a4550@group-28C4E5E23A47-LeaderElection22] INFO  segmented.SegmentedRaftLogWorker (SegmentedRaftLogWorker.java:startLogSegment(398)) - ea2d25e5-6c0c-4043-88f8-7a65b58a4550@group-28C4E5E23A47-SegmentedRaftLogWorker: Starting segment from index:0
2020-12-01 09:36:29,665 [ea2d25e5-6c0c-4043-88f8-7a65b58a4550@group-28C4E5E23A47-LeaderElection22] INFO  impl.RaftServerImpl (ServerState.java:setRaftConf(374)) - ea2d25e5-6c0c-4043-88f8-7a65b58a4550@group-28C4E5E23A47: set configuration 0: [ea2d25e5-6c0c-4043-88f8-7a65b58a4550|rpc:172.17.0.2:40773|dataStream:], old=null at 0
2020-12-01 09:36:29,665 [ea2d25e5-6c0c-4043-88f8-7a65b58a4550@group-28C4E5E23A47-SegmentedRaftLogWorker] INFO  segmented.SegmentedRaftLogWorker (SegmentedRaftLogWorker.java:execute(597)) - ea2d25e5-6c0c-4043-88f8-7a65b58a4550@group-28C4E5E23A47-SegmentedRaftLogWorker: created new log segment /github/workspace/mnt/ozone/hadoop-ozone/integration-test/target/test-dir/MiniOzoneClusterImpl-8d4a4fce-edf6-4f04-8cc5-f8d714c00e47/datanode-6/data/ratis/d9f2322f-e132-467e-afa2-28c4e5e23a47/current/log_inprogress_0
2020-12-01 09:36:29,702 [Listener at 127.0.0.1/32799] INFO  metrics.RatisMetrics (RatisMetrics.java:lambda$create$0(36)) - Creating Metrics Registry : ratis.client_message_metrics.client-76A66BD02C0D->ea2d25e5-6c0c-4043-88f8-7a65b58a4550
2020-12-01 09:36:29,707 [grpc-default-executor-2] INFO  metrics.RatisMetrics (RatisMetrics.java:lambda$create$0(36)) - Creating Metrics Registry : ratis.server_message_metrics.ea2d25e5-6c0c-4043-88f8-7a65b58a4550
2020-12-01 09:36:29,800 [Listener at 127.0.0.1/32799] INFO  metrics.RatisMetrics (RatisMetrics.java:lambda$create$0(36)) - Creating Metrics Registry : ratis.client_message_metrics.client-5784381939A5->ff14e274-5ee8-4142-b96f-00dc3fd4f97a
2020-12-01 09:36:29,839 [EventQueue-CloseContainerForCloseContainerEventHandler] INFO  container.CloseContainerEventHandler (CloseContainerEventHandler.java:onMessage(61)) - Close container Event triggered for container : #1
2020-12-01 09:36:29,839 [EventQueue-CloseContainerForCloseContainerEventHandler] INFO  container.CloseContainerEventHandler (CloseContainerEventHandler.java:onMessage(61)) - Close container Event triggered for container : #2
2020-12-01 09:36:29,839 [EventQueue-CloseContainerForCloseContainerEventHandler] INFO  container.CloseContainerEventHandler (CloseContainerEventHandler.java:onMessage(61)) - Close container Event triggered for container : #3
2020-12-01 09:36:31,771 [RatisApplyTransactionExecutor 2] INFO  keyvalue.KeyValueContainer (KeyValueContainer.java:flushAndSyncDB(388)) - Container 2 is synced with bcsId 0.
2020-12-01 09:36:31,771 [RatisApplyTransactionExecutor 2] INFO  keyvalue.KeyValueContainer (KeyValueContainer.java:flushAndSyncDB(388)) - Container 2 is synced with bcsId 0.
2020-12-01 09:36:31,774 [RatisApplyTransactionExecutor 2] INFO  keyvalue.KeyValueContainer (KeyValueContainer.java:close(326)) - Container 2 is closed with bcsId 0.
2020-12-01 09:36:31,775 [EventQueue-IncrementalContainerReportForIncrementalContainerReportHandler] INFO  container.IncrementalContainerReportHandler (AbstractContainerReportHandler.java:updateContainerState(215)) - Moving container #2 to CLOSED state, datanode ea2d25e5-6c0c-4043-88f8-7a65b58a4550{ip: 172.17.0.2, host: d8c3efac84dc, networkLocation: /default-rack, certSerialId: null} reported CLOSED replica.
2020-12-01 09:36:31,802 [RatisApplyTransactionExecutor 1] INFO  keyvalue.KeyValueContainer (KeyValueContainer.java:flushAndSyncDB(388)) - Container 1 is synced with bcsId 14.
2020-12-01 09:36:31,803 [RatisApplyTransactionExecutor 1] INFO  keyvalue.KeyValueContainer (KeyValueContainer.java:flushAndSyncDB(388)) - Container 1 is synced with bcsId 14.
2020-12-01 09:36:31,807 [RatisApplyTransactionExecutor 1] INFO  keyvalue.KeyValueContainer (KeyValueContainer.java:close(326)) - Container 1 is closed with bcsId 14.
2020-12-01 09:36:31,809 [EventQueue-IncrementalContainerReportForIncrementalContainerReportHandler] INFO  container.IncrementalContainerReportHandler (AbstractContainerReportHandler.java:updateContainerState(215)) - Moving container #1 to CLOSED state, datanode ff14e274-5ee8-4142-b96f-00dc3fd4f97a{ip: 172.17.0.2, host: d8c3efac84dc, networkLocation: /default-rack, certSerialId: null} reported CLOSED replica.
2020-12-01 09:36:31,811 [RatisApplyTransactionExecutor 3] INFO  keyvalue.KeyValueContainer (KeyValueContainer.java:flushAndSyncDB(388)) - Container 3 is synced with bcsId 0.
2020-12-01 09:36:31,812 [RatisApplyTransactionExecutor 3] INFO  keyvalue.KeyValueContainer (KeyValueContainer.java:flushAndSyncDB(388)) - Container 3 is synced with bcsId 0.
2020-12-01 09:36:31,815 [RatisApplyTransactionExecutor 3] INFO  keyvalue.KeyValueContainer (KeyValueContainer.java:close(326)) - Container 3 is closed with bcsId 0.
2020-12-01 09:36:31,816 [EventQueue-IncrementalContainerReportForIncrementalContainerReportHandler] INFO  container.IncrementalContainerReportHandler (AbstractContainerReportHandler.java:updateContainerState(215)) - Moving container #3 to CLOSED state, datanode ff14e274-5ee8-4142-b96f-00dc3fd4f97a{ip: 172.17.0.2, host: d8c3efac84dc, networkLocation: /default-rack, certSerialId: null} reported CLOSED replica.
09:36:31.845 [grpc-default-executor-2] ERROR DNAudit - user=null | ip=null | op=WRITE_CHUNK {blockData=conID: 1 locID: 105304253374529539 bcsId: 14} | ret=FAILURE
org.apache.hadoop.hdds.scm.container.common.helpers.ContainerNotOpenException: Container 1 in CLOSED state
	at org.apache.hadoop.ozone.container.common.impl.HddsDispatcher.validateContainerCommand(HddsDispatcher.java:484) ~[hadoop-hdds-container-service-1.1.0-SNAPSHOT.jar:?]
	at org.apache.hadoop.ozone.container.common.transport.server.ratis.ContainerStateMachine.startTransaction(ContainerStateMachine.java:319) ~[hadoop-hdds-container-service-1.1.0-SNAPSHOT.jar:?]
	at org.apache.ratis.server.impl.RaftServerImpl.submitClientRequestAsync(RaftServerImpl.java:723) ~[ratis-server-1.1.0-913f5a4-SNAPSHOT.jar:1.1.0-913f5a4-SNAPSHOT]
	at org.apache.ratis.server.impl.RaftServerProxy.lambda$submitClientRequestAsync$7(RaftServerProxy.java:364) ~[ratis-server-1.1.0-913f5a4-SNAPSHOT.jar:1.1.0-913f5a4-SNAPSHOT]
	at org.apache.ratis.server.impl.RaftServerProxy.lambda$null$5(RaftServerProxy.java:359) ~[ratis-server-1.1.0-913f5a4-SNAPSHOT.jar:1.1.0-913f5a4-SNAPSHOT]
	at org.apache.ratis.util.JavaUtils.callAsUnchecked(JavaUtils.java:116) ~[ratis-common-1.1.0-913f5a4-SNAPSHOT.jar:1.1.0-913f5a4-SNAPSHOT]
	at org.apache.ratis.server.impl.RaftServerProxy.lambda$submitRequest$6(RaftServerProxy.java:359) ~[ratis-server-1.1.0-913f5a4-SNAPSHOT.jar:1.1.0-913f5a4-SNAPSHOT]
	at java.util.concurrent.CompletableFuture.uniComposeStage(CompletableFuture.java:995) ~[?:1.8.0_232]
	at java.util.concurrent.CompletableFuture.thenCompose(CompletableFuture.java:2137) ~[?:1.8.0_232]
	at org.apache.ratis.server.impl.RaftServerProxy.submitRequest(RaftServerProxy.java:358) ~[ratis-server-1.1.0-913f5a4-SNAPSHOT.jar:1.1.0-913f5a4-SNAPSHOT]
	at org.apache.ratis.server.impl.RaftServerProxy.submitClientRequestAsync(RaftServerProxy.java:364) ~[ratis-server-1.1.0-913f5a4-SNAPSHOT.jar:1.1.0-913f5a4-SNAPSHOT]
	at org.apache.ratis.grpc.client.GrpcClientProtocolService$RequestStreamObserver.processClientRequest(GrpcClientProtocolService.java:231) ~[ratis-grpc-1.1.0-913f5a4-SNAPSHOT.jar:1.1.0-913f5a4-SNAPSHOT]
	at org.apache.ratis.grpc.client.GrpcClientProtocolService$OrderedRequestStreamObserver.processClientRequest(GrpcClientProtocolService.java:337) ~[ratis-grpc-1.1.0-913f5a4-SNAPSHOT.jar:1.1.0-913f5a4-SNAPSHOT]
	at org.apache.ratis.util.SlidingWindow$Server.processRequestsFromHead(SlidingWindow.java:429) [ratis-common-1.1.0-913f5a4-SNAPSHOT.jar:1.1.0-913f5a4-SNAPSHOT]
	at org.apache.ratis.util.SlidingWindow$Server.receivedRequest(SlidingWindow.java:421) [ratis-common-1.1.0-913f5a4-SNAPSHOT.jar:1.1.0-913f5a4-SNAPSHOT]
	at org.apache.ratis.grpc.client.GrpcClientProtocolService$OrderedRequestStreamObserver.processClientRequest(GrpcClientProtocolService.java:361) [ratis-grpc-1.1.0-913f5a4-SNAPSHOT.jar:1.1.0-913f5a4-SNAPSHOT]
	at org.apache.ratis.grpc.client.GrpcClientProtocolService$RequestStreamObserver.onNext(GrpcClientProtocolService.java:251) [ratis-grpc-1.1.0-913f5a4-SNAPSHOT.jar:1.1.0-913f5a4-SNAPSHOT]
	at org.apache.ratis.grpc.client.GrpcClientProtocolService$RequestStreamObserver.onNext(GrpcClientProtocolService.java:174) [ratis-grpc-1.1.0-913f5a4-SNAPSHOT.jar:1.1.0-913f5a4-SNAPSHOT]
	at org.apache.ratis.thirdparty.io.grpc.stub.ServerCalls$StreamingServerCallHandler$StreamingServerCallListener.onMessage(ServerCalls.java:251) [ratis-thirdparty-misc-0.6.0-SNAPSHOT.jar:0.6.0-SNAPSHOT]
	at org.apache.ratis.thirdparty.io.grpc.ForwardingServerCallListener.onMessage(ForwardingServerCallListener.java:33) [ratis-thirdparty-misc-0.6.0-SNAPSHOT.jar:0.6.0-SNAPSHOT]
	at org.apache.ratis.thirdparty.io.grpc.internal.ServerCallImpl$ServerStreamListenerImpl.messagesAvailableInternal(ServerCallImpl.java:309) [ratis-thirdparty-misc-0.6.0-SNAPSHOT.jar:0.6.0-SNAPSHOT]
	at org.apache.ratis.thirdparty.io.grpc.internal.ServerCallImpl$ServerStreamListenerImpl.messagesAvailable(ServerCallImpl.java:292) [ratis-thirdparty-misc-0.6.0-SNAPSHOT.jar:0.6.0-SNAPSHOT]
	at org.apache.ratis.thirdparty.io.grpc.internal.ServerImpl$JumpToApplicationThreadServerStreamListener$1MessagesAvailable.runInContext(ServerImpl.java:783) [ratis-thirdparty-misc-0.6.0-SNAPSHOT.jar:0.6.0-SNAPSHOT]
	at org.apache.ratis.thirdparty.io.grpc.internal.ContextRunnable.run(ContextRunnable.java:37) [ratis-thirdparty-misc-0.6.0-SNAPSHOT.jar:0.6.0-SNAPSHOT]
	at org.apache.ratis.thirdparty.io.grpc.internal.SerializingExecutor.run(SerializingExecutor.java:123) [ratis-thirdparty-misc-0.6.0-SNAPSHOT.jar:0.6.0-SNAPSHOT]
	at java.util.concurrent.ThreadPoolExecutor.runWorker(ThreadPoolExecutor.java:1149) [?:1.8.0_232]
	at java.util.concurrent.ThreadPoolExecutor$Worker.run(ThreadPoolExecutor.java:624) [?:1.8.0_232]
	at java.lang.Thread.run(Thread.java:748) [?:1.8.0_232]
2020-12-01 09:36:31,876 [grpc-default-executor-3] ERROR storage.BlockOutputStream (BlockOutputStream.java:lambda$writeChunkToContainer$3(677)) - writing chunk failed 105304253374529539_chunk_5 blockID conID: 1 locID: 105304253374529539 bcsId: 14 with exception org.apache.ratis.protocol.exceptions.StateMachineException: org.apache.hadoop.hdds.scm.container.common.helpers.ContainerNotOpenException from Server ff14e274-5ee8-4142-b96f-00dc3fd4f97a@group-298BA3011926: Container 1 in CLOSED state
09:36:31.877 [grpc-default-executor-2] ERROR DNAudit - user=null | ip=null | op=WRITE_CHUNK {blockData=conID: 1 locID: 105304253374529539 bcsId: 14} | ret=FAILURE
org.apache.hadoop.hdds.scm.container.common.helpers.ContainerNotOpenException: Container 1 in CLOSED state
	at org.apache.hadoop.ozone.container.common.impl.HddsDispatcher.validateContainerCommand(HddsDispatcher.java:484) ~[hadoop-hdds-container-service-1.1.0-SNAPSHOT.jar:?]
	at org.apache.hadoop.ozone.container.common.transport.server.ratis.ContainerStateMachine.startTransaction(ContainerStateMachine.java:319) ~[hadoop-hdds-container-service-1.1.0-SNAPSHOT.jar:?]
	at org.apache.ratis.server.impl.RaftServerImpl.submitClientRequestAsync(RaftServerImpl.java:723) ~[ratis-server-1.1.0-913f5a4-SNAPSHOT.jar:1.1.0-913f5a4-SNAPSHOT]
	at org.apache.ratis.server.impl.RaftServerProxy.lambda$submitClientRequestAsync$7(RaftServerProxy.java:364) ~[ratis-server-1.1.0-913f5a4-SNAPSHOT.jar:1.1.0-913f5a4-SNAPSHOT]
	at org.apache.ratis.server.impl.RaftServerProxy.lambda$null$5(RaftServerProxy.java:359) ~[ratis-server-1.1.0-913f5a4-SNAPSHOT.jar:1.1.0-913f5a4-SNAPSHOT]
	at org.apache.ratis.util.JavaUtils.callAsUnchecked(JavaUtils.java:116) ~[ratis-common-1.1.0-913f5a4-SNAPSHOT.jar:1.1.0-913f5a4-SNAPSHOT]
	at org.apache.ratis.server.impl.RaftServerProxy.lambda$submitRequest$6(RaftServerProxy.java:359) ~[ratis-server-1.1.0-913f5a4-SNAPSHOT.jar:1.1.0-913f5a4-SNAPSHOT]
	at java.util.concurrent.CompletableFuture.uniComposeStage(CompletableFuture.java:995) ~[?:1.8.0_232]
	at java.util.concurrent.CompletableFuture.thenCompose(CompletableFuture.java:2137) ~[?:1.8.0_232]
	at org.apache.ratis.server.impl.RaftServerProxy.submitRequest(RaftServerProxy.java:358) ~[ratis-server-1.1.0-913f5a4-SNAPSHOT.jar:1.1.0-913f5a4-SNAPSHOT]
	at org.apache.ratis.server.impl.RaftServerProxy.submitClientRequestAsync(RaftServerProxy.java:364) ~[ratis-server-1.1.0-913f5a4-SNAPSHOT.jar:1.1.0-913f5a4-SNAPSHOT]
	at org.apache.ratis.grpc.client.GrpcClientProtocolService$RequestStreamObserver.processClientRequest(GrpcClientProtocolService.java:231) ~[ratis-grpc-1.1.0-913f5a4-SNAPSHOT.jar:1.1.0-913f5a4-SNAPSHOT]
	at org.apache.ratis.grpc.client.GrpcClientProtocolService$OrderedRequestStreamObserver.processClientRequest(GrpcClientProtocolService.java:337) ~[ratis-grpc-1.1.0-913f5a4-SNAPSHOT.jar:1.1.0-913f5a4-SNAPSHOT]
	at org.apache.ratis.util.SlidingWindow$Server.processRequestsFromHead(SlidingWindow.java:429) [ratis-common-1.1.0-913f5a4-SNAPSHOT.jar:1.1.0-913f5a4-SNAPSHOT]
	at org.apache.ratis.util.SlidingWindow$Server.receivedRequest(SlidingWindow.java:421) [ratis-common-1.1.0-913f5a4-SNAPSHOT.jar:1.1.0-913f5a4-SNAPSHOT]
	at org.apache.ratis.grpc.client.GrpcClientProtocolService$OrderedRequestStreamObserver.processClientRequest(GrpcClientProtocolService.java:361) [ratis-grpc-1.1.0-913f5a4-SNAPSHOT.jar:1.1.0-913f5a4-SNAPSHOT]
	at org.apache.ratis.grpc.client.GrpcClientProtocolService$RequestStreamObserver.onNext(GrpcClientProtocolService.java:251) [ratis-grpc-1.1.0-913f5a4-SNAPSHOT.jar:1.1.0-913f5a4-SNAPSHOT]
	at org.apache.ratis.grpc.client.GrpcClientProtocolService$RequestStreamObserver.onNext(GrpcClientProtocolService.java:174) [ratis-grpc-1.1.0-913f5a4-SNAPSHOT.jar:1.1.0-913f5a4-SNAPSHOT]
	at org.apache.ratis.thirdparty.io.grpc.stub.ServerCalls$StreamingServerCallHandler$StreamingServerCallListener.onMessage(ServerCalls.java:251) [ratis-thirdparty-misc-0.6.0-SNAPSHOT.jar:0.6.0-SNAPSHOT]
	at org.apache.ratis.thirdparty.io.grpc.ForwardingServerCallListener.onMessage(ForwardingServerCallListener.java:33) [ratis-thirdparty-misc-0.6.0-SNAPSHOT.jar:0.6.0-SNAPSHOT]
	at org.apache.ratis.thirdparty.io.grpc.internal.ServerCallImpl$ServerStreamListenerImpl.messagesAvailableInternal(ServerCallImpl.java:309) [ratis-thirdparty-misc-0.6.0-SNAPSHOT.jar:0.6.0-SNAPSHOT]
	at org.apache.ratis.thirdparty.io.grpc.internal.ServerCallImpl$ServerStreamListenerImpl.messagesAvailable(ServerCallImpl.java:292) [ratis-thirdparty-misc-0.6.0-SNAPSHOT.jar:0.6.0-SNAPSHOT]
	at org.apache.ratis.thirdparty.io.grpc.internal.ServerImpl$JumpToApplicationThreadServerStreamListener$1MessagesAvailable.runInContext(ServerImpl.java:783) [ratis-thirdparty-misc-0.6.0-SNAPSHOT.jar:0.6.0-SNAPSHOT]
	at org.apache.ratis.thirdparty.io.grpc.internal.ContextRunnable.run(ContextRunnable.java:37) [ratis-thirdparty-misc-0.6.0-SNAPSHOT.jar:0.6.0-SNAPSHOT]
	at org.apache.ratis.thirdparty.io.grpc.internal.SerializingExecutor.run(SerializingExecutor.java:123) [ratis-thirdparty-misc-0.6.0-SNAPSHOT.jar:0.6.0-SNAPSHOT]
	at java.util.concurrent.ThreadPoolExecutor.runWorker(ThreadPoolExecutor.java:1149) [?:1.8.0_232]
	at java.util.concurrent.ThreadPoolExecutor$Worker.run(ThreadPoolExecutor.java:624) [?:1.8.0_232]
	at java.lang.Thread.run(Thread.java:748) [?:1.8.0_232]
09:36:31.881 [grpc-default-executor-2] ERROR DNAudit - user=null | ip=null | op=PUT_BLOCK {blockData=[blockId=conID: 1 locID: 105304253374529539 bcsId: 0,size=600]} | ret=FAILURE
org.apache.hadoop.hdds.scm.container.common.helpers.ContainerNotOpenException: Container 1 in CLOSED state
	at org.apache.hadoop.ozone.container.common.impl.HddsDispatcher.validateContainerCommand(HddsDispatcher.java:484) ~[hadoop-hdds-container-service-1.1.0-SNAPSHOT.jar:?]
	at org.apache.hadoop.ozone.container.common.transport.server.ratis.ContainerStateMachine.startTransaction(ContainerStateMachine.java:319) ~[hadoop-hdds-container-service-1.1.0-SNAPSHOT.jar:?]
	at org.apache.ratis.server.impl.RaftServerImpl.submitClientRequestAsync(RaftServerImpl.java:723) ~[ratis-server-1.1.0-913f5a4-SNAPSHOT.jar:1.1.0-913f5a4-SNAPSHOT]
	at org.apache.ratis.server.impl.RaftServerProxy.lambda$submitClientRequestAsync$7(RaftServerProxy.java:364) ~[ratis-server-1.1.0-913f5a4-SNAPSHOT.jar:1.1.0-913f5a4-SNAPSHOT]
	at org.apache.ratis.server.impl.RaftServerProxy.lambda$null$5(RaftServerProxy.java:359) ~[ratis-server-1.1.0-913f5a4-SNAPSHOT.jar:1.1.0-913f5a4-SNAPSHOT]
	at org.apache.ratis.util.JavaUtils.callAsUnchecked(JavaUtils.java:116) ~[ratis-common-1.1.0-913f5a4-SNAPSHOT.jar:1.1.0-913f5a4-SNAPSHOT]
	at org.apache.ratis.server.impl.RaftServerProxy.lambda$submitRequest$6(RaftServerProxy.java:359) ~[ratis-server-1.1.0-913f5a4-SNAPSHOT.jar:1.1.0-913f5a4-SNAPSHOT]
	at java.util.concurrent.CompletableFuture.uniComposeStage(CompletableFuture.java:995) ~[?:1.8.0_232]
	at java.util.concurrent.CompletableFuture.thenCompose(CompletableFuture.java:2137) ~[?:1.8.0_232]
	at org.apache.ratis.server.impl.RaftServerProxy.submitRequest(RaftServerProxy.java:358) ~[ratis-server-1.1.0-913f5a4-SNAPSHOT.jar:1.1.0-913f5a4-SNAPSHOT]
	at org.apache.ratis.server.impl.RaftServerProxy.submitClientRequestAsync(RaftServerProxy.java:364) ~[ratis-server-1.1.0-913f5a4-SNAPSHOT.jar:1.1.0-913f5a4-SNAPSHOT]
	at org.apache.ratis.grpc.client.GrpcClientProtocolService$RequestStreamObserver.processClientRequest(GrpcClientProtocolService.java:231) ~[ratis-grpc-1.1.0-913f5a4-SNAPSHOT.jar:1.1.0-913f5a4-SNAPSHOT]
	at org.apache.ratis.grpc.client.GrpcClientProtocolService$OrderedRequestStreamObserver.processClientRequest(GrpcClientProtocolService.java:337) ~[ratis-grpc-1.1.0-913f5a4-SNAPSHOT.jar:1.1.0-913f5a4-SNAPSHOT]
	at org.apache.ratis.util.SlidingWindow$Server.processRequestsFromHead(SlidingWindow.java:429) [ratis-common-1.1.0-913f5a4-SNAPSHOT.jar:1.1.0-913f5a4-SNAPSHOT]
	at org.apache.ratis.util.SlidingWindow$Server.receivedRequest(SlidingWindow.java:421) [ratis-common-1.1.0-913f5a4-SNAPSHOT.jar:1.1.0-913f5a4-SNAPSHOT]
	at org.apache.ratis.grpc.client.GrpcClientProtocolService$OrderedRequestStreamObserver.processClientRequest(GrpcClientProtocolService.java:361) [ratis-grpc-1.1.0-913f5a4-SNAPSHOT.jar:1.1.0-913f5a4-SNAPSHOT]
	at org.apache.ratis.grpc.client.GrpcClientProtocolService$RequestStreamObserver.onNext(GrpcClientProtocolService.java:251) [ratis-grpc-1.1.0-913f5a4-SNAPSHOT.jar:1.1.0-913f5a4-SNAPSHOT]
	at org.apache.ratis.grpc.client.GrpcClientProtocolService$RequestStreamObserver.onNext(GrpcClientProtocolService.java:174) [ratis-grpc-1.1.0-913f5a4-SNAPSHOT.jar:1.1.0-913f5a4-SNAPSHOT]
	at org.apache.ratis.thirdparty.io.grpc.stub.ServerCalls$StreamingServerCallHandler$StreamingServerCallListener.onMessage(ServerCalls.java:251) [ratis-thirdparty-misc-0.6.0-SNAPSHOT.jar:0.6.0-SNAPSHOT]
	at org.apache.ratis.thirdparty.io.grpc.ForwardingServerCallListener.onMessage(ForwardingServerCallListener.java:33) [ratis-thirdparty-misc-0.6.0-SNAPSHOT.jar:0.6.0-SNAPSHOT]
	at org.apache.ratis.thirdparty.io.grpc.internal.ServerCallImpl$ServerStreamListenerImpl.messagesAvailableInternal(ServerCallImpl.java:309) [ratis-thirdparty-misc-0.6.0-SNAPSHOT.jar:0.6.0-SNAPSHOT]
	at org.apache.ratis.thirdparty.io.grpc.internal.ServerCallImpl$ServerStreamListenerImpl.messagesAvailable(ServerCallImpl.java:292) [ratis-thirdparty-misc-0.6.0-SNAPSHOT.jar:0.6.0-SNAPSHOT]
	at org.apache.ratis.thirdparty.io.grpc.internal.ServerImpl$JumpToApplicationThreadServerStreamListener$1MessagesAvailable.runInContext(ServerImpl.java:783) [ratis-thirdparty-misc-0.6.0-SNAPSHOT.jar:0.6.0-SNAPSHOT]
	at org.apache.ratis.thirdparty.io.grpc.internal.ContextRunnable.run(ContextRunnable.java:37) [ratis-thirdparty-misc-0.6.0-SNAPSHOT.jar:0.6.0-SNAPSHOT]
	at org.apache.ratis.thirdparty.io.grpc.internal.SerializingExecutor.run(SerializingExecutor.java:123) [ratis-thirdparty-misc-0.6.0-SNAPSHOT.jar:0.6.0-SNAPSHOT]
	at java.util.concurrent.ThreadPoolExecutor.runWorker(ThreadPoolExecutor.java:1149) [?:1.8.0_232]
	at java.util.concurrent.ThreadPoolExecutor$Worker.run(ThreadPoolExecutor.java:624) [?:1.8.0_232]
	at java.lang.Thread.run(Thread.java:748) [?:1.8.0_232]
09:36:31.890 [grpc-default-executor-2] ERROR DNAudit - user=null | ip=null | op=WRITE_CHUNK {blockData=conID: 1 locID: 105304253374529539 bcsId: 14} | ret=FAILURE
org.apache.hadoop.hdds.scm.container.common.helpers.ContainerNotOpenException: Container 1 in CLOSED state
	at org.apache.hadoop.ozone.container.common.impl.HddsDispatcher.validateContainerCommand(HddsDispatcher.java:484) ~[hadoop-hdds-container-service-1.1.0-SNAPSHOT.jar:?]
	at org.apache.hadoop.ozone.container.common.transport.server.ratis.ContainerStateMachine.startTransaction(ContainerStateMachine.java:319) ~[hadoop-hdds-container-service-1.1.0-SNAPSHOT.jar:?]
	at org.apache.ratis.server.impl.RaftServerImpl.submitClientRequestAsync(RaftServerImpl.java:723) ~[ratis-server-1.1.0-913f5a4-SNAPSHOT.jar:1.1.0-913f5a4-SNAPSHOT]
	at org.apache.ratis.server.impl.RaftServerProxy.lambda$submitClientRequestAsync$7(RaftServerProxy.java:364) ~[ratis-server-1.1.0-913f5a4-SNAPSHOT.jar:1.1.0-913f5a4-SNAPSHOT]
	at org.apache.ratis.server.impl.RaftServerProxy.lambda$null$5(RaftServerProxy.java:359) ~[ratis-server-1.1.0-913f5a4-SNAPSHOT.jar:1.1.0-913f5a4-SNAPSHOT]
	at org.apache.ratis.util.JavaUtils.callAsUnchecked(JavaUtils.java:116) ~[ratis-common-1.1.0-913f5a4-SNAPSHOT.jar:1.1.0-913f5a4-SNAPSHOT]
	at org.apache.ratis.server.impl.RaftServerProxy.lambda$submitRequest$6(RaftServerProxy.java:359) ~[ratis-server-1.1.0-913f5a4-SNAPSHOT.jar:1.1.0-913f5a4-SNAPSHOT]
	at java.util.concurrent.CompletableFuture.uniComposeStage(CompletableFuture.java:995) ~[?:1.8.0_232]
	at java.util.concurrent.CompletableFuture.thenCompose(CompletableFuture.java:2137) ~[?:1.8.0_232]
	at org.apache.ratis.server.impl.RaftServerProxy.submitRequest(RaftServerProxy.java:358) ~[ratis-server-1.1.0-913f5a4-SNAPSHOT.jar:1.1.0-913f5a4-SNAPSHOT]
	at org.apache.ratis.server.impl.RaftServerProxy.submitClientRequestAsync(RaftServerProxy.java:364) ~[ratis-server-1.1.0-913f5a4-SNAPSHOT.jar:1.1.0-913f5a4-SNAPSHOT]
	at org.apache.ratis.grpc.client.GrpcClientProtocolService$RequestStreamObserver.processClientRequest(GrpcClientProtocolService.java:231) ~[ratis-grpc-1.1.0-913f5a4-SNAPSHOT.jar:1.1.0-913f5a4-SNAPSHOT]
	at org.apache.ratis.grpc.client.GrpcClientProtocolService$OrderedRequestStreamObserver.processClientRequest(GrpcClientProtocolService.java:337) ~[ratis-grpc-1.1.0-913f5a4-SNAPSHOT.jar:1.1.0-913f5a4-SNAPSHOT]
	at org.apache.ratis.util.SlidingWindow$Server.processRequestsFromHead(SlidingWindow.java:429) [ratis-common-1.1.0-913f5a4-SNAPSHOT.jar:1.1.0-913f5a4-SNAPSHOT]
	at org.apache.ratis.util.SlidingWindow$Server.receivedRequest(SlidingWindow.java:421) [ratis-common-1.1.0-913f5a4-SNAPSHOT.jar:1.1.0-913f5a4-SNAPSHOT]
	at org.apache.ratis.grpc.client.GrpcClientProtocolService$OrderedRequestStreamObserver.processClientRequest(GrpcClientProtocolService.java:361) [ratis-grpc-1.1.0-913f5a4-SNAPSHOT.jar:1.1.0-913f5a4-SNAPSHOT]
	at org.apache.ratis.grpc.client.GrpcClientProtocolService$RequestStreamObserver.onNext(GrpcClientProtocolService.java:251) [ratis-grpc-1.1.0-913f5a4-SNAPSHOT.jar:1.1.0-913f5a4-SNAPSHOT]
	at org.apache.ratis.grpc.client.GrpcClientProtocolService$RequestStreamObserver.onNext(GrpcClientProtocolService.java:174) [ratis-grpc-1.1.0-913f5a4-SNAPSHOT.jar:1.1.0-913f5a4-SNAPSHOT]
	at org.apache.ratis.thirdparty.io.grpc.stub.ServerCalls$StreamingServerCallHandler$StreamingServerCallListener.onMessage(ServerCalls.java:251) [ratis-thirdparty-misc-0.6.0-SNAPSHOT.jar:0.6.0-SNAPSHOT]
	at org.apache.ratis.thirdparty.io.grpc.ForwardingServerCallListener.onMessage(ForwardingServerCallListener.java:33) [ratis-thirdparty-misc-0.6.0-SNAPSHOT.jar:0.6.0-SNAPSHOT]
	at org.apache.ratis.thirdparty.io.grpc.internal.ServerCallImpl$ServerStreamListenerImpl.messagesAvailableInternal(ServerCallImpl.java:309) [ratis-thirdparty-misc-0.6.0-SNAPSHOT.jar:0.6.0-SNAPSHOT]
	at org.apache.ratis.thirdparty.io.grpc.internal.ServerCallImpl$ServerStreamListenerImpl.messagesAvailable(ServerCallImpl.java:292) [ratis-thirdparty-misc-0.6.0-SNAPSHOT.jar:0.6.0-SNAPSHOT]
	at org.apache.ratis.thirdparty.io.grpc.internal.ServerImpl$JumpToApplicationThreadServerStreamListener$1MessagesAvailable.runInContext(ServerImpl.java:783) [ratis-thirdparty-misc-0.6.0-SNAPSHOT.jar:0.6.0-SNAPSHOT]
	at org.apache.ratis.thirdparty.io.grpc.internal.ContextRunnable.run(ContextRunnable.java:37) [ratis-thirdparty-misc-0.6.0-SNAPSHOT.jar:0.6.0-SNAPSHOT]
	at org.apache.ratis.thirdparty.io.grpc.internal.SerializingExecutor.run(SerializingExecutor.java:123) [ratis-thirdparty-misc-0.6.0-SNAPSHOT.jar:0.6.0-SNAPSHOT]
	at java.util.concurrent.ThreadPoolExecutor.runWorker(ThreadPoolExecutor.java:1149) [?:1.8.0_232]
	at java.util.concurrent.ThreadPoolExecutor$Worker.run(ThreadPoolExecutor.java:624) [?:1.8.0_232]
	at java.lang.Thread.run(Thread.java:748) [?:1.8.0_232]
2020-12-01 09:36:31,891 [grpc-default-executor-3] ERROR storage.BlockOutputStream (BlockOutputStream.java:lambda$writeChunkToContainer$3(677)) - writing chunk failed 105304253374529539_chunk_6 blockID conID: 1 locID: 105304253374529539 bcsId: 14 with exception org.apache.ratis.protocol.exceptions.StateMachineException: org.apache.hadoop.hdds.scm.container.common.helpers.ContainerNotOpenException from Server ff14e274-5ee8-4142-b96f-00dc3fd4f97a@group-298BA3011926: Container 1 in CLOSED state
09:36:31.892 [grpc-default-executor-2] ERROR DNAudit - user=null | ip=null | op=WRITE_CHUNK {blockData=conID: 1 locID: 105304253374529539 bcsId: 14} | ret=FAILURE
org.apache.hadoop.hdds.scm.container.common.helpers.ContainerNotOpenException: Container 1 in CLOSED state
	at org.apache.hadoop.ozone.container.common.impl.HddsDispatcher.validateContainerCommand(HddsDispatcher.java:484) ~[hadoop-hdds-container-service-1.1.0-SNAPSHOT.jar:?]
	at org.apache.hadoop.ozone.container.common.transport.server.ratis.ContainerStateMachine.startTransaction(ContainerStateMachine.java:319) ~[hadoop-hdds-container-service-1.1.0-SNAPSHOT.jar:?]
	at org.apache.ratis.server.impl.RaftServerImpl.submitClientRequestAsync(RaftServerImpl.java:723) ~[ratis-server-1.1.0-913f5a4-SNAPSHOT.jar:1.1.0-913f5a4-SNAPSHOT]
	at org.apache.ratis.server.impl.RaftServerProxy.lambda$submitClientRequestAsync$7(RaftServerProxy.java:364) ~[ratis-server-1.1.0-913f5a4-SNAPSHOT.jar:1.1.0-913f5a4-SNAPSHOT]
	at org.apache.ratis.server.impl.RaftServerProxy.lambda$null$5(RaftServerProxy.java:359) ~[ratis-server-1.1.0-913f5a4-SNAPSHOT.jar:1.1.0-913f5a4-SNAPSHOT]
	at org.apache.ratis.util.JavaUtils.callAsUnchecked(JavaUtils.java:116) ~[ratis-common-1.1.0-913f5a4-SNAPSHOT.jar:1.1.0-913f5a4-SNAPSHOT]
	at org.apache.ratis.server.impl.RaftServerProxy.lambda$submitRequest$6(RaftServerProxy.java:359) ~[ratis-server-1.1.0-913f5a4-SNAPSHOT.jar:1.1.0-913f5a4-SNAPSHOT]
	at java.util.concurrent.CompletableFuture.uniComposeStage(CompletableFuture.java:995) ~[?:1.8.0_232]
	at java.util.concurrent.CompletableFuture.thenCompose(CompletableFuture.java:2137) ~[?:1.8.0_232]
	at org.apache.ratis.server.impl.RaftServerProxy.submitRequest(RaftServerProxy.java:358) ~[ratis-server-1.1.0-913f5a4-SNAPSHOT.jar:1.1.0-913f5a4-SNAPSHOT]
	at org.apache.ratis.server.impl.RaftServerProxy.submitClientRequestAsync(RaftServerProxy.java:364) ~[ratis-server-1.1.0-913f5a4-SNAPSHOT.jar:1.1.0-913f5a4-SNAPSHOT]
	at org.apache.ratis.grpc.client.GrpcClientProtocolService$RequestStreamObserver.processClientRequest(GrpcClientProtocolService.java:231) ~[ratis-grpc-1.1.0-913f5a4-SNAPSHOT.jar:1.1.0-913f5a4-SNAPSHOT]
	at org.apache.ratis.grpc.client.GrpcClientProtocolService$OrderedRequestStreamObserver.processClientRequest(GrpcClientProtocolService.java:337) ~[ratis-grpc-1.1.0-913f5a4-SNAPSHOT.jar:1.1.0-913f5a4-SNAPSHOT]
	at org.apache.ratis.util.SlidingWindow$Server.processRequestsFromHead(SlidingWindow.java:429) [ratis-common-1.1.0-913f5a4-SNAPSHOT.jar:1.1.0-913f5a4-SNAPSHOT]
	at org.apache.ratis.util.SlidingWindow$Server.receivedRequest(SlidingWindow.java:421) [ratis-common-1.1.0-913f5a4-SNAPSHOT.jar:1.1.0-913f5a4-SNAPSHOT]
	at org.apache.ratis.grpc.client.GrpcClientProtocolService$OrderedRequestStreamObserver.processClientRequest(GrpcClientProtocolService.java:361) [ratis-grpc-1.1.0-913f5a4-SNAPSHOT.jar:1.1.0-913f5a4-SNAPSHOT]
	at org.apache.ratis.grpc.client.GrpcClientProtocolService$RequestStreamObserver.onNext(GrpcClientProtocolService.java:251) [ratis-grpc-1.1.0-913f5a4-SNAPSHOT.jar:1.1.0-913f5a4-SNAPSHOT]
	at org.apache.ratis.grpc.client.GrpcClientProtocolService$RequestStreamObserver.onNext(GrpcClientProtocolService.java:174) [ratis-grpc-1.1.0-913f5a4-SNAPSHOT.jar:1.1.0-913f5a4-SNAPSHOT]
	at org.apache.ratis.thirdparty.io.grpc.stub.ServerCalls$StreamingServerCallHandler$StreamingServerCallListener.onMessage(ServerCalls.java:251) [ratis-thirdparty-misc-0.6.0-SNAPSHOT.jar:0.6.0-SNAPSHOT]
	at org.apache.ratis.thirdparty.io.grpc.ForwardingServerCallListener.onMessage(ForwardingServerCallListener.java:33) [ratis-thirdparty-misc-0.6.0-SNAPSHOT.jar:0.6.0-SNAPSHOT]
	at org.apache.ratis.thirdparty.io.grpc.internal.ServerCallImpl$ServerStreamListenerImpl.messagesAvailableInternal(ServerCallImpl.java:309) [ratis-thirdparty-misc-0.6.0-SNAPSHOT.jar:0.6.0-SNAPSHOT]
	at org.apache.ratis.thirdparty.io.grpc.internal.ServerCallImpl$ServerStreamListenerImpl.messagesAvailable(ServerCallImpl.java:292) [ratis-thirdparty-misc-0.6.0-SNAPSHOT.jar:0.6.0-SNAPSHOT]
	at org.apache.ratis.thirdparty.io.grpc.internal.ServerImpl$JumpToApplicationThreadServerStreamListener$1MessagesAvailable.runInContext(ServerImpl.java:783) [ratis-thirdparty-misc-0.6.0-SNAPSHOT.jar:0.6.0-SNAPSHOT]
	at org.apache.ratis.thirdparty.io.grpc.internal.ContextRunnable.run(ContextRunnable.java:37) [ratis-thirdparty-misc-0.6.0-SNAPSHOT.jar:0.6.0-SNAPSHOT]
	at org.apache.ratis.thirdparty.io.grpc.internal.SerializingExecutor.run(SerializingExecutor.java:123) [ratis-thirdparty-misc-0.6.0-SNAPSHOT.jar:0.6.0-SNAPSHOT]
	at java.util.concurrent.ThreadPoolExecutor.runWorker(ThreadPoolExecutor.java:1149) [?:1.8.0_232]
	at java.util.concurrent.ThreadPoolExecutor$Worker.run(ThreadPoolExecutor.java:624) [?:1.8.0_232]
	at java.lang.Thread.run(Thread.java:748) [?:1.8.0_232]
09:36:31.895 [grpc-default-executor-2] ERROR DNAudit - user=null | ip=null | op=PUT_BLOCK {blockData=[blockId=conID: 1 locID: 105304253374529539 bcsId: 0,size=800]} | ret=FAILURE
org.apache.hadoop.hdds.scm.container.common.helpers.ContainerNotOpenException: Container 1 in CLOSED state
	at org.apache.hadoop.ozone.container.common.impl.HddsDispatcher.validateContainerCommand(HddsDispatcher.java:484) ~[hadoop-hdds-container-service-1.1.0-SNAPSHOT.jar:?]
	at org.apache.hadoop.ozone.container.common.transport.server.ratis.ContainerStateMachine.startTransaction(ContainerStateMachine.java:319) ~[hadoop-hdds-container-service-1.1.0-SNAPSHOT.jar:?]
	at org.apache.ratis.server.impl.RaftServerImpl.submitClientRequestAsync(RaftServerImpl.java:723) ~[ratis-server-1.1.0-913f5a4-SNAPSHOT.jar:1.1.0-913f5a4-SNAPSHOT]
	at org.apache.ratis.server.impl.RaftServerProxy.lambda$submitClientRequestAsync$7(RaftServerProxy.java:364) ~[ratis-server-1.1.0-913f5a4-SNAPSHOT.jar:1.1.0-913f5a4-SNAPSHOT]
	at org.apache.ratis.server.impl.RaftServerProxy.lambda$null$5(RaftServerProxy.java:359) ~[ratis-server-1.1.0-913f5a4-SNAPSHOT.jar:1.1.0-913f5a4-SNAPSHOT]
	at org.apache.ratis.util.JavaUtils.callAsUnchecked(JavaUtils.java:116) ~[ratis-common-1.1.0-913f5a4-SNAPSHOT.jar:1.1.0-913f5a4-SNAPSHOT]
	at org.apache.ratis.server.impl.RaftServerProxy.lambda$submitRequest$6(RaftServerProxy.java:359) ~[ratis-server-1.1.0-913f5a4-SNAPSHOT.jar:1.1.0-913f5a4-SNAPSHOT]
	at java.util.concurrent.CompletableFuture.uniComposeStage(CompletableFuture.java:995) ~[?:1.8.0_232]
	at java.util.concurrent.CompletableFuture.thenCompose(CompletableFuture.java:2137) ~[?:1.8.0_232]
	at org.apache.ratis.server.impl.RaftServerProxy.submitRequest(RaftServerProxy.java:358) ~[ratis-server-1.1.0-913f5a4-SNAPSHOT.jar:1.1.0-913f5a4-SNAPSHOT]
	at org.apache.ratis.server.impl.RaftServerProxy.submitClientRequestAsync(RaftServerProxy.java:364) ~[ratis-server-1.1.0-913f5a4-SNAPSHOT.jar:1.1.0-913f5a4-SNAPSHOT]
	at org.apache.ratis.grpc.client.GrpcClientProtocolService$RequestStreamObserver.processClientRequest(GrpcClientProtocolService.java:231) ~[ratis-grpc-1.1.0-913f5a4-SNAPSHOT.jar:1.1.0-913f5a4-SNAPSHOT]
	at org.apache.ratis.grpc.client.GrpcClientProtocolService$OrderedRequestStreamObserver.processClientRequest(GrpcClientProtocolService.java:337) ~[ratis-grpc-1.1.0-913f5a4-SNAPSHOT.jar:1.1.0-913f5a4-SNAPSHOT]
	at org.apache.ratis.util.SlidingWindow$Server.processRequestsFromHead(SlidingWindow.java:429) [ratis-common-1.1.0-913f5a4-SNAPSHOT.jar:1.1.0-913f5a4-SNAPSHOT]
	at org.apache.ratis.util.SlidingWindow$Server.receivedRequest(SlidingWindow.java:421) [ratis-common-1.1.0-913f5a4-SNAPSHOT.jar:1.1.0-913f5a4-SNAPSHOT]
	at org.apache.ratis.grpc.client.GrpcClientProtocolService$OrderedRequestStreamObserver.processClientRequest(GrpcClientProtocolService.java:361) [ratis-grpc-1.1.0-913f5a4-SNAPSHOT.jar:1.1.0-913f5a4-SNAPSHOT]
	at org.apache.ratis.grpc.client.GrpcClientProtocolService$RequestStreamObserver.onNext(GrpcClientProtocolService.java:251) [ratis-grpc-1.1.0-913f5a4-SNAPSHOT.jar:1.1.0-913f5a4-SNAPSHOT]
	at org.apache.ratis.grpc.client.GrpcClientProtocolService$RequestStreamObserver.onNext(GrpcClientProtocolService.java:174) [ratis-grpc-1.1.0-913f5a4-SNAPSHOT.jar:1.1.0-913f5a4-SNAPSHOT]
	at org.apache.ratis.thirdparty.io.grpc.stub.ServerCalls$StreamingServerCallHandler$StreamingServerCallListener.onMessage(ServerCalls.java:251) [ratis-thirdparty-misc-0.6.0-SNAPSHOT.jar:0.6.0-SNAPSHOT]
	at org.apache.ratis.thirdparty.io.grpc.ForwardingServerCallListener.onMessage(ForwardingServerCallListener.java:33) [ratis-thirdparty-misc-0.6.0-SNAPSHOT.jar:0.6.0-SNAPSHOT]
	at org.apache.ratis.thirdparty.io.grpc.internal.ServerCallImpl$ServerStreamListenerImpl.messagesAvailableInternal(ServerCallImpl.java:309) [ratis-thirdparty-misc-0.6.0-SNAPSHOT.jar:0.6.0-SNAPSHOT]
	at org.apache.ratis.thirdparty.io.grpc.internal.ServerCallImpl$ServerStreamListenerImpl.messagesAvailable(ServerCallImpl.java:292) [ratis-thirdparty-misc-0.6.0-SNAPSHOT.jar:0.6.0-SNAPSHOT]
	at org.apache.ratis.thirdparty.io.grpc.internal.ServerImpl$JumpToApplicationThreadServerStreamListener$1MessagesAvailable.runInContext(ServerImpl.java:783) [ratis-thirdparty-misc-0.6.0-SNAPSHOT.jar:0.6.0-SNAPSHOT]
	at org.apache.ratis.thirdparty.io.grpc.internal.ContextRunnable.run(ContextRunnable.java:37) [ratis-thirdparty-misc-0.6.0-SNAPSHOT.jar:0.6.0-SNAPSHOT]
	at org.apache.ratis.thirdparty.io.grpc.internal.SerializingExecutor.run(SerializingExecutor.java:123) [ratis-thirdparty-misc-0.6.0-SNAPSHOT.jar:0.6.0-SNAPSHOT]
	at java.util.concurrent.ThreadPoolExecutor.runWorker(ThreadPoolExecutor.java:1149) [?:1.8.0_232]
	at java.util.concurrent.ThreadPoolExecutor$Worker.run(ThreadPoolExecutor.java:624) [?:1.8.0_232]
	at java.lang.Thread.run(Thread.java:748) [?:1.8.0_232]
2020-12-01 09:36:31,909 [grpc-default-executor-2] ERROR storage.BlockOutputStream (BlockOutputStream.java:lambda$writeChunkToContainer$3(677)) - writing chunk failed 105304253374529539_chunk_7 blockID conID: 1 locID: 105304253374529539 bcsId: 14 with exception org.apache.ratis.protocol.exceptions.StateMachineException: org.apache.hadoop.hdds.scm.container.common.helpers.ContainerNotOpenException from Server ff14e274-5ee8-4142-b96f-00dc3fd4f97a@group-298BA3011926: Container 1 in CLOSED state
2020-12-01 09:36:31,913 [grpc-default-executor-2] ERROR storage.BlockOutputStream (BlockOutputStream.java:lambda$writeChunkToContainer$3(677)) - writing chunk failed 105304253374529539_chunk_8 blockID conID: 1 locID: 105304253374529539 bcsId: 14 with exception org.apache.ratis.protocol.exceptions.StateMachineException: org.apache.hadoop.hdds.scm.container.common.helpers.ContainerNotOpenException from Server ff14e274-5ee8-4142-b96f-00dc3fd4f97a@group-298BA3011926: Container 1 in CLOSED state
2020-12-01 09:36:31,921 [Listener at 127.0.0.1/32799] INFO  metrics.RatisMetrics (RatisMetrics.java:lambda$create$0(36)) - Creating Metrics Registry : ratis.client_message_metrics.client-ECDEB75A21D3->ea2d25e5-6c0c-4043-88f8-7a65b58a4550
09:36:31.943 [grpc-default-executor-2] ERROR DNAudit - user=null | ip=null | op=WRITE_CHUNK {blockData=conID: 2 locID: 105304253374595076 bcsId: 0} | ret=FAILURE
org.apache.hadoop.hdds.scm.container.common.helpers.ContainerNotOpenException: Container 2 in CLOSED state
	at org.apache.hadoop.ozone.container.common.impl.HddsDispatcher.validateContainerCommand(HddsDispatcher.java:484) ~[hadoop-hdds-container-service-1.1.0-SNAPSHOT.jar:?]
	at org.apache.hadoop.ozone.container.common.transport.server.ratis.ContainerStateMachine.startTransaction(ContainerStateMachine.java:319) ~[hadoop-hdds-container-service-1.1.0-SNAPSHOT.jar:?]
	at org.apache.ratis.server.impl.RaftServerImpl.submitClientRequestAsync(RaftServerImpl.java:723) ~[ratis-server-1.1.0-913f5a4-SNAPSHOT.jar:1.1.0-913f5a4-SNAPSHOT]
	at org.apache.ratis.server.impl.RaftServerProxy.lambda$submitClientRequestAsync$7(RaftServerProxy.java:364) ~[ratis-server-1.1.0-913f5a4-SNAPSHOT.jar:1.1.0-913f5a4-SNAPSHOT]
	at org.apache.ratis.server.impl.RaftServerProxy.lambda$null$5(RaftServerProxy.java:359) ~[ratis-server-1.1.0-913f5a4-SNAPSHOT.jar:1.1.0-913f5a4-SNAPSHOT]
	at org.apache.ratis.util.JavaUtils.callAsUnchecked(JavaUtils.java:116) ~[ratis-common-1.1.0-913f5a4-SNAPSHOT.jar:1.1.0-913f5a4-SNAPSHOT]
	at org.apache.ratis.server.impl.RaftServerProxy.lambda$submitRequest$6(RaftServerProxy.java:359) ~[ratis-server-1.1.0-913f5a4-SNAPSHOT.jar:1.1.0-913f5a4-SNAPSHOT]
	at java.util.concurrent.CompletableFuture.uniComposeStage(CompletableFuture.java:995) ~[?:1.8.0_232]
	at java.util.concurrent.CompletableFuture.thenCompose(CompletableFuture.java:2137) ~[?:1.8.0_232]
	at org.apache.ratis.server.impl.RaftServerProxy.submitRequest(RaftServerProxy.java:358) ~[ratis-server-1.1.0-913f5a4-SNAPSHOT.jar:1.1.0-913f5a4-SNAPSHOT]
	at org.apache.ratis.server.impl.RaftServerProxy.submitClientRequestAsync(RaftServerProxy.java:364) ~[ratis-server-1.1.0-913f5a4-SNAPSHOT.jar:1.1.0-913f5a4-SNAPSHOT]
	at org.apache.ratis.grpc.client.GrpcClientProtocolService$RequestStreamObserver.processClientRequest(GrpcClientProtocolService.java:231) ~[ratis-grpc-1.1.0-913f5a4-SNAPSHOT.jar:1.1.0-913f5a4-SNAPSHOT]
	at org.apache.ratis.grpc.client.GrpcClientProtocolService$OrderedRequestStreamObserver.processClientRequest(GrpcClientProtocolService.java:337) ~[ratis-grpc-1.1.0-913f5a4-SNAPSHOT.jar:1.1.0-913f5a4-SNAPSHOT]
	at org.apache.ratis.util.SlidingWindow$Server.processRequestsFromHead(SlidingWindow.java:429) [ratis-common-1.1.0-913f5a4-SNAPSHOT.jar:1.1.0-913f5a4-SNAPSHOT]
	at org.apache.ratis.util.SlidingWindow$Server.receivedRequest(SlidingWindow.java:421) [ratis-common-1.1.0-913f5a4-SNAPSHOT.jar:1.1.0-913f5a4-SNAPSHOT]
	at org.apache.ratis.grpc.client.GrpcClientProtocolService$OrderedRequestStreamObserver.processClientRequest(GrpcClientProtocolService.java:361) [ratis-grpc-1.1.0-913f5a4-SNAPSHOT.jar:1.1.0-913f5a4-SNAPSHOT]
	at org.apache.ratis.grpc.client.GrpcClientProtocolService$RequestStreamObserver.onNext(GrpcClientProtocolService.java:251) [ratis-grpc-1.1.0-913f5a4-SNAPSHOT.jar:1.1.0-913f5a4-SNAPSHOT]
	at org.apache.ratis.grpc.client.GrpcClientProtocolService$RequestStreamObserver.onNext(GrpcClientProtocolService.java:174) [ratis-grpc-1.1.0-913f5a4-SNAPSHOT.jar:1.1.0-913f5a4-SNAPSHOT]
	at org.apache.ratis.thirdparty.io.grpc.stub.ServerCalls$StreamingServerCallHandler$StreamingServerCallListener.onMessage(ServerCalls.java:251) [ratis-thirdparty-misc-0.6.0-SNAPSHOT.jar:0.6.0-SNAPSHOT]
	at org.apache.ratis.thirdparty.io.grpc.ForwardingServerCallListener.onMessage(ForwardingServerCallListener.java:33) [ratis-thirdparty-misc-0.6.0-SNAPSHOT.jar:0.6.0-SNAPSHOT]
	at org.apache.ratis.thirdparty.io.grpc.internal.ServerCallImpl$ServerStreamListenerImpl.messagesAvailableInternal(ServerCallImpl.java:309) [ratis-thirdparty-misc-0.6.0-SNAPSHOT.jar:0.6.0-SNAPSHOT]
	at org.apache.ratis.thirdparty.io.grpc.internal.ServerCallImpl$ServerStreamListenerImpl.messagesAvailable(ServerCallImpl.java:292) [ratis-thirdparty-misc-0.6.0-SNAPSHOT.jar:0.6.0-SNAPSHOT]
	at org.apache.ratis.thirdparty.io.grpc.internal.ServerImpl$JumpToApplicationThreadServerStreamListener$1MessagesAvailable.runInContext(ServerImpl.java:783) [ratis-thirdparty-misc-0.6.0-SNAPSHOT.jar:0.6.0-SNAPSHOT]
	at org.apache.ratis.thirdparty.io.grpc.internal.ContextRunnable.run(ContextRunnable.java:37) [ratis-thirdparty-misc-0.6.0-SNAPSHOT.jar:0.6.0-SNAPSHOT]
	at org.apache.ratis.thirdparty.io.grpc.internal.SerializingExecutor.run(SerializingExecutor.java:123) [ratis-thirdparty-misc-0.6.0-SNAPSHOT.jar:0.6.0-SNAPSHOT]
	at java.util.concurrent.ThreadPoolExecutor.runWorker(ThreadPoolExecutor.java:1149) [?:1.8.0_232]
	at java.util.concurrent.ThreadPoolExecutor$Worker.run(ThreadPoolExecutor.java:624) [?:1.8.0_232]
	at java.lang.Thread.run(Thread.java:748) [?:1.8.0_232]
09:36:31.948 [grpc-default-executor-2] ERROR DNAudit - user=null | ip=null | op=WRITE_CHUNK {blockData=conID: 2 locID: 105304253374595076 bcsId: 0} | ret=FAILURE
org.apache.hadoop.hdds.scm.container.common.helpers.ContainerNotOpenException: Container 2 in CLOSED state
	at org.apache.hadoop.ozone.container.common.impl.HddsDispatcher.validateContainerCommand(HddsDispatcher.java:484) ~[hadoop-hdds-container-service-1.1.0-SNAPSHOT.jar:?]
	at org.apache.hadoop.ozone.container.common.transport.server.ratis.ContainerStateMachine.startTransaction(ContainerStateMachine.java:319) ~[hadoop-hdds-container-service-1.1.0-SNAPSHOT.jar:?]
	at org.apache.ratis.server.impl.RaftServerImpl.submitClientRequestAsync(RaftServerImpl.java:723) ~[ratis-server-1.1.0-913f5a4-SNAPSHOT.jar:1.1.0-913f5a4-SNAPSHOT]
	at org.apache.ratis.server.impl.RaftServerProxy.lambda$submitClientRequestAsync$7(RaftServerProxy.java:364) ~[ratis-server-1.1.0-913f5a4-SNAPSHOT.jar:1.1.0-913f5a4-SNAPSHOT]
	at org.apache.ratis.server.impl.RaftServerProxy.lambda$null$5(RaftServerProxy.java:359) ~[ratis-server-1.1.0-913f5a4-SNAPSHOT.jar:1.1.0-913f5a4-SNAPSHOT]
	at org.apache.ratis.util.JavaUtils.callAsUnchecked(JavaUtils.java:116) ~[ratis-common-1.1.0-913f5a4-SNAPSHOT.jar:1.1.0-913f5a4-SNAPSHOT]
	at org.apache.ratis.server.impl.RaftServerProxy.lambda$submitRequest$6(RaftServerProxy.java:359) ~[ratis-server-1.1.0-913f5a4-SNAPSHOT.jar:1.1.0-913f5a4-SNAPSHOT]
	at java.util.concurrent.CompletableFuture.uniComposeStage(CompletableFuture.java:995) ~[?:1.8.0_232]
	at java.util.concurrent.CompletableFuture.thenCompose(CompletableFuture.java:2137) ~[?:1.8.0_232]
	at org.apache.ratis.server.impl.RaftServerProxy.submitRequest(RaftServerProxy.java:358) ~[ratis-server-1.1.0-913f5a4-SNAPSHOT.jar:1.1.0-913f5a4-SNAPSHOT]
	at org.apache.ratis.server.impl.RaftServerProxy.submitClientRequestAsync(RaftServerProxy.java:364) ~[ratis-server-1.1.0-913f5a4-SNAPSHOT.jar:1.1.0-913f5a4-SNAPSHOT]
	at org.apache.ratis.grpc.client.GrpcClientProtocolService$RequestStreamObserver.processClientRequest(GrpcClientProtocolService.java:231) ~[ratis-grpc-1.1.0-913f5a4-SNAPSHOT.jar:1.1.0-913f5a4-SNAPSHOT]
	at org.apache.ratis.grpc.client.GrpcClientProtocolService$OrderedRequestStreamObserver.processClientRequest(GrpcClientProtocolService.java:337) ~[ratis-grpc-1.1.0-913f5a4-SNAPSHOT.jar:1.1.0-913f5a4-SNAPSHOT]
	at org.apache.ratis.util.SlidingWindow$Server.processRequestsFromHead(SlidingWindow.java:429) [ratis-common-1.1.0-913f5a4-SNAPSHOT.jar:1.1.0-913f5a4-SNAPSHOT]
	at org.apache.ratis.util.SlidingWindow$Server.receivedRequest(SlidingWindow.java:421) [ratis-common-1.1.0-913f5a4-SNAPSHOT.jar:1.1.0-913f5a4-SNAPSHOT]
	at org.apache.ratis.grpc.client.GrpcClientProtocolService$OrderedRequestStreamObserver.processClientRequest(GrpcClientProtocolService.java:361) [ratis-grpc-1.1.0-913f5a4-SNAPSHOT.jar:1.1.0-913f5a4-SNAPSHOT]
	at org.apache.ratis.grpc.client.GrpcClientProtocolService$RequestStreamObserver.onNext(GrpcClientProtocolService.java:251) [ratis-grpc-1.1.0-913f5a4-SNAPSHOT.jar:1.1.0-913f5a4-SNAPSHOT]
	at org.apache.ratis.grpc.client.GrpcClientProtocolService$RequestStreamObserver.onNext(GrpcClientProtocolService.java:174) [ratis-grpc-1.1.0-913f5a4-SNAPSHOT.jar:1.1.0-913f5a4-SNAPSHOT]
	at org.apache.ratis.thirdparty.io.grpc.stub.ServerCalls$StreamingServerCallHandler$StreamingServerCallListener.onMessage(ServerCalls.java:251) [ratis-thirdparty-misc-0.6.0-SNAPSHOT.jar:0.6.0-SNAPSHOT]
	at org.apache.ratis.thirdparty.io.grpc.ForwardingServerCallListener.onMessage(ForwardingServerCallListener.java:33) [ratis-thirdparty-misc-0.6.0-SNAPSHOT.jar:0.6.0-SNAPSHOT]
	at org.apache.ratis.thirdparty.io.grpc.internal.ServerCallImpl$ServerStreamListenerImpl.messagesAvailableInternal(ServerCallImpl.java:309) [ratis-thirdparty-misc-0.6.0-SNAPSHOT.jar:0.6.0-SNAPSHOT]
	at org.apache.ratis.thirdparty.io.grpc.internal.ServerCallImpl$ServerStreamListenerImpl.messagesAvailable(ServerCallImpl.java:292) [ratis-thirdparty-misc-0.6.0-SNAPSHOT.jar:0.6.0-SNAPSHOT]
	at org.apache.ratis.thirdparty.io.grpc.internal.ServerImpl$JumpToApplicationThreadServerStreamListener$1MessagesAvailable.runInContext(ServerImpl.java:783) [ratis-thirdparty-misc-0.6.0-SNAPSHOT.jar:0.6.0-SNAPSHOT]
	at org.apache.ratis.thirdparty.io.grpc.internal.ContextRunnable.run(ContextRunnable.java:37) [ratis-thirdparty-misc-0.6.0-SNAPSHOT.jar:0.6.0-SNAPSHOT]
	at org.apache.ratis.thirdparty.io.grpc.internal.SerializingExecutor.run(SerializingExecutor.java:123) [ratis-thirdparty-misc-0.6.0-SNAPSHOT.jar:0.6.0-SNAPSHOT]
	at java.util.concurrent.ThreadPoolExecutor.runWorker(ThreadPoolExecutor.java:1149) [?:1.8.0_232]
	at java.util.concurrent.ThreadPoolExecutor$Worker.run(ThreadPoolExecutor.java:624) [?:1.8.0_232]
	at java.lang.Thread.run(Thread.java:748) [?:1.8.0_232]
2020-12-01 09:36:31,950 [grpc-default-executor-3] ERROR storage.BlockOutputStream (BlockOutputStream.java:lambda$writeChunkToContainer$3(677)) - writing chunk failed 105304253374595076_chunk_1 blockID conID: 2 locID: 105304253374595076 bcsId: 0 with exception org.apache.ratis.protocol.exceptions.StateMachineException: org.apache.hadoop.hdds.scm.container.common.helpers.ContainerNotOpenException from Server ea2d25e5-6c0c-4043-88f8-7a65b58a4550@group-28C4E5E23A47: Container 2 in CLOSED state
09:36:31.958 [grpc-default-executor-3] ERROR DNAudit - user=null | ip=null | op=PUT_BLOCK {blockData=[blockId=conID: 2 locID: 105304253374595076 bcsId: 0,size=200]} | ret=FAILURE
org.apache.hadoop.hdds.scm.container.common.helpers.ContainerNotOpenException: Container 2 in CLOSED state
	at org.apache.hadoop.ozone.container.common.impl.HddsDispatcher.validateContainerCommand(HddsDispatcher.java:484) ~[hadoop-hdds-container-service-1.1.0-SNAPSHOT.jar:?]
	at org.apache.hadoop.ozone.container.common.transport.server.ratis.ContainerStateMachine.startTransaction(ContainerStateMachine.java:319) ~[hadoop-hdds-container-service-1.1.0-SNAPSHOT.jar:?]
	at org.apache.ratis.server.impl.RaftServerImpl.submitClientRequestAsync(RaftServerImpl.java:723) ~[ratis-server-1.1.0-913f5a4-SNAPSHOT.jar:1.1.0-913f5a4-SNAPSHOT]
	at org.apache.ratis.server.impl.RaftServerProxy.lambda$submitClientRequestAsync$7(RaftServerProxy.java:364) ~[ratis-server-1.1.0-913f5a4-SNAPSHOT.jar:1.1.0-913f5a4-SNAPSHOT]
	at org.apache.ratis.server.impl.RaftServerProxy.lambda$null$5(RaftServerProxy.java:359) ~[ratis-server-1.1.0-913f5a4-SNAPSHOT.jar:1.1.0-913f5a4-SNAPSHOT]
	at org.apache.ratis.util.JavaUtils.callAsUnchecked(JavaUtils.java:116) ~[ratis-common-1.1.0-913f5a4-SNAPSHOT.jar:1.1.0-913f5a4-SNAPSHOT]
	at org.apache.ratis.server.impl.RaftServerProxy.lambda$submitRequest$6(RaftServerProxy.java:359) ~[ratis-server-1.1.0-913f5a4-SNAPSHOT.jar:1.1.0-913f5a4-SNAPSHOT]
	at java.util.concurrent.CompletableFuture.uniComposeStage(CompletableFuture.java:995) ~[?:1.8.0_232]
	at java.util.concurrent.CompletableFuture.thenCompose(CompletableFuture.java:2137) ~[?:1.8.0_232]
	at org.apache.ratis.server.impl.RaftServerProxy.submitRequest(RaftServerProxy.java:358) ~[ratis-server-1.1.0-913f5a4-SNAPSHOT.jar:1.1.0-913f5a4-SNAPSHOT]
	at org.apache.ratis.server.impl.RaftServerProxy.submitClientRequestAsync(RaftServerProxy.java:364) ~[ratis-server-1.1.0-913f5a4-SNAPSHOT.jar:1.1.0-913f5a4-SNAPSHOT]
	at org.apache.ratis.grpc.client.GrpcClientProtocolService$RequestStreamObserver.processClientRequest(GrpcClientProtocolService.java:231) ~[ratis-grpc-1.1.0-913f5a4-SNAPSHOT.jar:1.1.0-913f5a4-SNAPSHOT]
	at org.apache.ratis.grpc.client.GrpcClientProtocolService$OrderedRequestStreamObserver.processClientRequest(GrpcClientProtocolService.java:337) ~[ratis-grpc-1.1.0-913f5a4-SNAPSHOT.jar:1.1.0-913f5a4-SNAPSHOT]
	at org.apache.ratis.util.SlidingWindow$Server.processRequestsFromHead(SlidingWindow.java:429) [ratis-common-1.1.0-913f5a4-SNAPSHOT.jar:1.1.0-913f5a4-SNAPSHOT]
	at org.apache.ratis.util.SlidingWindow$Server.receivedRequest(SlidingWindow.java:421) [ratis-common-1.1.0-913f5a4-SNAPSHOT.jar:1.1.0-913f5a4-SNAPSHOT]
	at org.apache.ratis.grpc.client.GrpcClientProtocolService$OrderedRequestStreamObserver.processClientRequest(GrpcClientProtocolService.java:361) [ratis-grpc-1.1.0-913f5a4-SNAPSHOT.jar:1.1.0-913f5a4-SNAPSHOT]
	at org.apache.ratis.grpc.client.GrpcClientProtocolService$RequestStreamObserver.onNext(GrpcClientProtocolService.java:251) [ratis-grpc-1.1.0-913f5a4-SNAPSHOT.jar:1.1.0-913f5a4-SNAPSHOT]
	at org.apache.ratis.grpc.client.GrpcClientProtocolService$RequestStreamObserver.onNext(GrpcClientProtocolService.java:174) [ratis-grpc-1.1.0-913f5a4-SNAPSHOT.jar:1.1.0-913f5a4-SNAPSHOT]
	at org.apache.ratis.thirdparty.io.grpc.stub.ServerCalls$StreamingServerCallHandler$StreamingServerCallListener.onMessage(ServerCalls.java:251) [ratis-thirdparty-misc-0.6.0-SNAPSHOT.jar:0.6.0-SNAPSHOT]
	at org.apache.ratis.thirdparty.io.grpc.ForwardingServerCallListener.onMessage(ForwardingServerCallListener.java:33) [ratis-thirdparty-misc-0.6.0-SNAPSHOT.jar:0.6.0-SNAPSHOT]
	at org.apache.ratis.thirdparty.io.grpc.internal.ServerCallImpl$ServerStreamListenerImpl.messagesAvailableInternal(ServerCallImpl.java:309) [ratis-thirdparty-misc-0.6.0-SNAPSHOT.jar:0.6.0-SNAPSHOT]
	at org.apache.ratis.thirdparty.io.grpc.internal.ServerCallImpl$ServerStreamListenerImpl.messagesAvailable(ServerCallImpl.java:292) [ratis-thirdparty-misc-0.6.0-SNAPSHOT.jar:0.6.0-SNAPSHOT]
	at org.apache.ratis.thirdparty.io.grpc.internal.ServerImpl$JumpToApplicationThreadServerStreamListener$1MessagesAvailable.runInContext(ServerImpl.java:783) [ratis-thirdparty-misc-0.6.0-SNAPSHOT.jar:0.6.0-SNAPSHOT]
	at org.apache.ratis.thirdparty.io.grpc.internal.ContextRunnable.run(ContextRunnable.java:37) [ratis-thirdparty-misc-0.6.0-SNAPSHOT.jar:0.6.0-SNAPSHOT]
	at org.apache.ratis.thirdparty.io.grpc.internal.SerializingExecutor.run(SerializingExecutor.java:123) [ratis-thirdparty-misc-0.6.0-SNAPSHOT.jar:0.6.0-SNAPSHOT]
	at java.util.concurrent.ThreadPoolExecutor.runWorker(ThreadPoolExecutor.java:1149) [?:1.8.0_232]
	at java.util.concurrent.ThreadPoolExecutor$Worker.run(ThreadPoolExecutor.java:624) [?:1.8.0_232]
	at java.lang.Thread.run(Thread.java:748) [?:1.8.0_232]
2020-12-01 09:36:31,959 [grpc-default-executor-2] ERROR storage.BlockOutputStream (BlockOutputStream.java:lambda$writeChunkToContainer$3(677)) - writing chunk failed 105304253374595076_chunk_2 blockID conID: 2 locID: 105304253374595076 bcsId: 0 with exception org.apache.ratis.protocol.exceptions.StateMachineException: org.apache.hadoop.hdds.scm.container.common.helpers.ContainerNotOpenException from Server ea2d25e5-6c0c-4043-88f8-7a65b58a4550@group-28C4E5E23A47: Container 2 in CLOSED state
09:36:31.970 [grpc-default-executor-3] ERROR DNAudit - user=null | ip=null | op=WRITE_CHUNK {blockData=conID: 2 locID: 105304253374595076 bcsId: 0} | ret=FAILURE
org.apache.hadoop.hdds.scm.container.common.helpers.ContainerNotOpenException: Container 2 in CLOSED state
	at org.apache.hadoop.ozone.container.common.impl.HddsDispatcher.validateContainerCommand(HddsDispatcher.java:484) ~[hadoop-hdds-container-service-1.1.0-SNAPSHOT.jar:?]
	at org.apache.hadoop.ozone.container.common.transport.server.ratis.ContainerStateMachine.startTransaction(ContainerStateMachine.java:319) ~[hadoop-hdds-container-service-1.1.0-SNAPSHOT.jar:?]
	at org.apache.ratis.server.impl.RaftServerImpl.submitClientRequestAsync(RaftServerImpl.java:723) ~[ratis-server-1.1.0-913f5a4-SNAPSHOT.jar:1.1.0-913f5a4-SNAPSHOT]
	at org.apache.ratis.server.impl.RaftServerProxy.lambda$submitClientRequestAsync$7(RaftServerProxy.java:364) ~[ratis-server-1.1.0-913f5a4-SNAPSHOT.jar:1.1.0-913f5a4-SNAPSHOT]
	at org.apache.ratis.server.impl.RaftServerProxy.lambda$null$5(RaftServerProxy.java:359) ~[ratis-server-1.1.0-913f5a4-SNAPSHOT.jar:1.1.0-913f5a4-SNAPSHOT]
	at org.apache.ratis.util.JavaUtils.callAsUnchecked(JavaUtils.java:116) ~[ratis-common-1.1.0-913f5a4-SNAPSHOT.jar:1.1.0-913f5a4-SNAPSHOT]
	at org.apache.ratis.server.impl.RaftServerProxy.lambda$submitRequest$6(RaftServerProxy.java:359) ~[ratis-server-1.1.0-913f5a4-SNAPSHOT.jar:1.1.0-913f5a4-SNAPSHOT]
	at java.util.concurrent.CompletableFuture.uniComposeStage(CompletableFuture.java:995) ~[?:1.8.0_232]
	at java.util.concurrent.CompletableFuture.thenCompose(CompletableFuture.java:2137) ~[?:1.8.0_232]
	at org.apache.ratis.server.impl.RaftServerProxy.submitRequest(RaftServerProxy.java:358) ~[ratis-server-1.1.0-913f5a4-SNAPSHOT.jar:1.1.0-913f5a4-SNAPSHOT]
	at org.apache.ratis.server.impl.RaftServerProxy.submitClientRequestAsync(RaftServerProxy.java:364) ~[ratis-server-1.1.0-913f5a4-SNAPSHOT.jar:1.1.0-913f5a4-SNAPSHOT]
	at org.apache.ratis.grpc.client.GrpcClientProtocolService$RequestStreamObserver.processClientRequest(GrpcClientProtocolService.java:231) ~[ratis-grpc-1.1.0-913f5a4-SNAPSHOT.jar:1.1.0-913f5a4-SNAPSHOT]
	at org.apache.ratis.grpc.client.GrpcClientProtocolService$OrderedRequestStreamObserver.processClientRequest(GrpcClientProtocolService.java:337) ~[ratis-grpc-1.1.0-913f5a4-SNAPSHOT.jar:1.1.0-913f5a4-SNAPSHOT]
	at org.apache.ratis.util.SlidingWindow$Server.processRequestsFromHead(SlidingWindow.java:429) [ratis-common-1.1.0-913f5a4-SNAPSHOT.jar:1.1.0-913f5a4-SNAPSHOT]
	at org.apache.ratis.util.SlidingWindow$Server.receivedRequest(SlidingWindow.java:421) [ratis-common-1.1.0-913f5a4-SNAPSHOT.jar:1.1.0-913f5a4-SNAPSHOT]
	at org.apache.ratis.grpc.client.GrpcClientProtocolService$OrderedRequestStreamObserver.processClientRequest(GrpcClientProtocolService.java:361) [ratis-grpc-1.1.0-913f5a4-SNAPSHOT.jar:1.1.0-913f5a4-SNAPSHOT]
	at org.apache.ratis.grpc.client.GrpcClientProtocolService$RequestStreamObserver.onNext(GrpcClientProtocolService.java:251) [ratis-grpc-1.1.0-913f5a4-SNAPSHOT.jar:1.1.0-913f5a4-SNAPSHOT]
	at org.apache.ratis.grpc.client.GrpcClientProtocolService$RequestStreamObserver.onNext(GrpcClientProtocolService.java:174) [ratis-grpc-1.1.0-913f5a4-SNAPSHOT.jar:1.1.0-913f5a4-SNAPSHOT]
	at org.apache.ratis.thirdparty.io.grpc.stub.ServerCalls$StreamingServerCallHandler$StreamingServerCallListener.onMessage(ServerCalls.java:251) [ratis-thirdparty-misc-0.6.0-SNAPSHOT.jar:0.6.0-SNAPSHOT]
	at org.apache.ratis.thirdparty.io.grpc.ForwardingServerCallListener.onMessage(ForwardingServerCallListener.java:33) [ratis-thirdparty-misc-0.6.0-SNAPSHOT.jar:0.6.0-SNAPSHOT]
	at org.apache.ratis.thirdparty.io.grpc.internal.ServerCallImpl$ServerStreamListenerImpl.messagesAvailableInternal(ServerCallImpl.java:309) [ratis-thirdparty-misc-0.6.0-SNAPSHOT.jar:0.6.0-SNAPSHOT]
	at org.apache.ratis.thirdparty.io.grpc.internal.ServerCallImpl$ServerStreamListenerImpl.messagesAvailable(ServerCallImpl.java:292) [ratis-thirdparty-misc-0.6.0-SNAPSHOT.jar:0.6.0-SNAPSHOT]
	at org.apache.ratis.thirdparty.io.grpc.internal.ServerImpl$JumpToApplicationThreadServerStreamListener$1MessagesAvailable.runInContext(ServerImpl.java:783) [ratis-thirdparty-misc-0.6.0-SNAPSHOT.jar:0.6.0-SNAPSHOT]
	at org.apache.ratis.thirdparty.io.grpc.internal.ContextRunnable.run(ContextRunnable.java:37) [ratis-thirdparty-misc-0.6.0-SNAPSHOT.jar:0.6.0-SNAPSHOT]
	at org.apache.ratis.thirdparty.io.grpc.internal.SerializingExecutor.run(SerializingExecutor.java:123) [ratis-thirdparty-misc-0.6.0-SNAPSHOT.jar:0.6.0-SNAPSHOT]
	at java.util.concurrent.ThreadPoolExecutor.runWorker(ThreadPoolExecutor.java:1149) [?:1.8.0_232]
	at java.util.concurrent.ThreadPoolExecutor$Worker.run(ThreadPoolExecutor.java:624) [?:1.8.0_232]
	at java.lang.Thread.run(Thread.java:748) [?:1.8.0_232]
09:36:31.972 [grpc-default-executor-3] ERROR DNAudit - user=null | ip=null | op=WRITE_CHUNK {blockData=conID: 2 locID: 105304253374595076 bcsId: 0} | ret=FAILURE
org.apache.hadoop.hdds.scm.container.common.helpers.ContainerNotOpenException: Container 2 in CLOSED state
	at org.apache.hadoop.ozone.container.common.impl.HddsDispatcher.validateContainerCommand(HddsDispatcher.java:484) ~[hadoop-hdds-container-service-1.1.0-SNAPSHOT.jar:?]
	at org.apache.hadoop.ozone.container.common.transport.server.ratis.ContainerStateMachine.startTransaction(ContainerStateMachine.java:319) ~[hadoop-hdds-container-service-1.1.0-SNAPSHOT.jar:?]
	at org.apache.ratis.server.impl.RaftServerImpl.submitClientRequestAsync(RaftServerImpl.java:723) ~[ratis-server-1.1.0-913f5a4-SNAPSHOT.jar:1.1.0-913f5a4-SNAPSHOT]
	at org.apache.ratis.server.impl.RaftServerProxy.lambda$submitClientRequestAsync$7(RaftServerProxy.java:364) ~[ratis-server-1.1.0-913f5a4-SNAPSHOT.jar:1.1.0-913f5a4-SNAPSHOT]
	at org.apache.ratis.server.impl.RaftServerProxy.lambda$null$5(RaftServerProxy.java:359) ~[ratis-server-1.1.0-913f5a4-SNAPSHOT.jar:1.1.0-913f5a4-SNAPSHOT]
	at org.apache.ratis.util.JavaUtils.callAsUnchecked(JavaUtils.java:116) ~[ratis-common-1.1.0-913f5a4-SNAPSHOT.jar:1.1.0-913f5a4-SNAPSHOT]
	at org.apache.ratis.server.impl.RaftServerProxy.lambda$submitRequest$6(RaftServerProxy.java:359) ~[ratis-server-1.1.0-913f5a4-SNAPSHOT.jar:1.1.0-913f5a4-SNAPSHOT]
	at java.util.concurrent.CompletableFuture.uniComposeStage(CompletableFuture.java:995) ~[?:1.8.0_232]
	at java.util.concurrent.CompletableFuture.thenCompose(CompletableFuture.java:2137) ~[?:1.8.0_232]
	at org.apache.ratis.server.impl.RaftServerProxy.submitRequest(RaftServerProxy.java:358) ~[ratis-server-1.1.0-913f5a4-SNAPSHOT.jar:1.1.0-913f5a4-SNAPSHOT]
	at org.apache.ratis.server.impl.RaftServerProxy.submitClientRequestAsync(RaftServerProxy.java:364) ~[ratis-server-1.1.0-913f5a4-SNAPSHOT.jar:1.1.0-913f5a4-SNAPSHOT]
	at org.apache.ratis.grpc.client.GrpcClientProtocolService$RequestStreamObserver.processClientRequest(GrpcClientProtocolService.java:231) ~[ratis-grpc-1.1.0-913f5a4-SNAPSHOT.jar:1.1.0-913f5a4-SNAPSHOT]
	at org.apache.ratis.grpc.client.GrpcClientProtocolService$OrderedRequestStreamObserver.processClientRequest(GrpcClientProtocolService.java:337) ~[ratis-grpc-1.1.0-913f5a4-SNAPSHOT.jar:1.1.0-913f5a4-SNAPSHOT]
	at org.apache.ratis.util.SlidingWindow$Server.processRequestsFromHead(SlidingWindow.java:429) [ratis-common-1.1.0-913f5a4-SNAPSHOT.jar:1.1.0-913f5a4-SNAPSHOT]
	at org.apache.ratis.util.SlidingWindow$Server.receivedRequest(SlidingWindow.java:421) [ratis-common-1.1.0-913f5a4-SNAPSHOT.jar:1.1.0-913f5a4-SNAPSHOT]
	at org.apache.ratis.grpc.client.GrpcClientProtocolService$OrderedRequestStreamObserver.processClientRequest(GrpcClientProtocolService.java:361) [ratis-grpc-1.1.0-913f5a4-SNAPSHOT.jar:1.1.0-913f5a4-SNAPSHOT]
	at org.apache.ratis.grpc.client.GrpcClientProtocolService$RequestStreamObserver.onNext(GrpcClientProtocolService.java:251) [ratis-grpc-1.1.0-913f5a4-SNAPSHOT.jar:1.1.0-913f5a4-SNAPSHOT]
	at org.apache.ratis.grpc.client.GrpcClientProtocolService$RequestStreamObserver.onNext(GrpcClientProtocolService.java:174) [ratis-grpc-1.1.0-913f5a4-SNAPSHOT.jar:1.1.0-913f5a4-SNAPSHOT]
	at org.apache.ratis.thirdparty.io.grpc.stub.ServerCalls$StreamingServerCallHandler$StreamingServerCallListener.onMessage(ServerCalls.java:251) [ratis-thirdparty-misc-0.6.0-SNAPSHOT.jar:0.6.0-SNAPSHOT]
	at org.apache.ratis.thirdparty.io.grpc.ForwardingServerCallListener.onMessage(ForwardingServerCallListener.java:33) [ratis-thirdparty-misc-0.6.0-SNAPSHOT.jar:0.6.0-SNAPSHOT]
	at org.apache.ratis.thirdparty.io.grpc.internal.ServerCallImpl$ServerStreamListenerImpl.messagesAvailableInternal(ServerCallImpl.java:309) [ratis-thirdparty-misc-0.6.0-SNAPSHOT.jar:0.6.0-SNAPSHOT]
	at org.apache.ratis.thirdparty.io.grpc.internal.ServerCallImpl$ServerStreamListenerImpl.messagesAvailable(ServerCallImpl.java:292) [ratis-thirdparty-misc-0.6.0-SNAPSHOT.jar:0.6.0-SNAPSHOT]
	at org.apache.ratis.thirdparty.io.grpc.internal.ServerImpl$JumpToApplicationThreadServerStreamListener$1MessagesAvailable.runInContext(ServerImpl.java:783) [ratis-thirdparty-misc-0.6.0-SNAPSHOT.jar:0.6.0-SNAPSHOT]
	at org.apache.ratis.thirdparty.io.grpc.internal.ContextRunnable.run(ContextRunnable.java:37) [ratis-thirdparty-misc-0.6.0-SNAPSHOT.jar:0.6.0-SNAPSHOT]
	at org.apache.ratis.thirdparty.io.grpc.internal.SerializingExecutor.run(SerializingExecutor.java:123) [ratis-thirdparty-misc-0.6.0-SNAPSHOT.jar:0.6.0-SNAPSHOT]
	at java.util.concurrent.ThreadPoolExecutor.runWorker(ThreadPoolExecutor.java:1149) [?:1.8.0_232]
	at java.util.concurrent.ThreadPoolExecutor$Worker.run(ThreadPoolExecutor.java:624) [?:1.8.0_232]
	at java.lang.Thread.run(Thread.java:748) [?:1.8.0_232]
09:36:31.974 [grpc-default-executor-3] ERROR DNAudit - user=null | ip=null | op=PUT_BLOCK {blockData=[blockId=conID: 2 locID: 105304253374595076 bcsId: 0,size=400]} | ret=FAILURE
org.apache.hadoop.hdds.scm.container.common.helpers.ContainerNotOpenException: Container 2 in CLOSED state
	at org.apache.hadoop.ozone.container.common.impl.HddsDispatcher.validateContainerCommand(HddsDispatcher.java:484) ~[hadoop-hdds-container-service-1.1.0-SNAPSHOT.jar:?]
	at org.apache.hadoop.ozone.container.common.transport.server.ratis.ContainerStateMachine.startTransaction(ContainerStateMachine.java:319) ~[hadoop-hdds-container-service-1.1.0-SNAPSHOT.jar:?]
	at org.apache.ratis.server.impl.RaftServerImpl.submitClientRequestAsync(RaftServerImpl.java:723) ~[ratis-server-1.1.0-913f5a4-SNAPSHOT.jar:1.1.0-913f5a4-SNAPSHOT]
	at org.apache.ratis.server.impl.RaftServerProxy.lambda$submitClientRequestAsync$7(RaftServerProxy.java:364) ~[ratis-server-1.1.0-913f5a4-SNAPSHOT.jar:1.1.0-913f5a4-SNAPSHOT]
	at org.apache.ratis.server.impl.RaftServerProxy.lambda$null$5(RaftServerProxy.java:359) ~[ratis-server-1.1.0-913f5a4-SNAPSHOT.jar:1.1.0-913f5a4-SNAPSHOT]
	at org.apache.ratis.util.JavaUtils.callAsUnchecked(JavaUtils.java:116) ~[ratis-common-1.1.0-913f5a4-SNAPSHOT.jar:1.1.0-913f5a4-SNAPSHOT]
	at org.apache.ratis.server.impl.RaftServerProxy.lambda$submitRequest$6(RaftServerProxy.java:359) ~[ratis-server-1.1.0-913f5a4-SNAPSHOT.jar:1.1.0-913f5a4-SNAPSHOT]
	at java.util.concurrent.CompletableFuture.uniComposeStage(CompletableFuture.java:995) ~[?:1.8.0_232]
	at java.util.concurrent.CompletableFuture.thenCompose(CompletableFuture.java:2137) ~[?:1.8.0_232]
	at org.apache.ratis.server.impl.RaftServerProxy.submitRequest(RaftServerProxy.java:358) ~[ratis-server-1.1.0-913f5a4-SNAPSHOT.jar:1.1.0-913f5a4-SNAPSHOT]
	at org.apache.ratis.server.impl.RaftServerProxy.submitClientRequestAsync(RaftServerProxy.java:364) ~[ratis-server-1.1.0-913f5a4-SNAPSHOT.jar:1.1.0-913f5a4-SNAPSHOT]
	at org.apache.ratis.grpc.client.GrpcClientProtocolService$RequestStreamObserver.processClientRequest(GrpcClientProtocolService.java:231) ~[ratis-grpc-1.1.0-913f5a4-SNAPSHOT.jar:1.1.0-913f5a4-SNAPSHOT]
	at org.apache.ratis.grpc.client.GrpcClientProtocolService$OrderedRequestStreamObserver.processClientRequest(GrpcClientProtocolService.java:337) ~[ratis-grpc-1.1.0-913f5a4-SNAPSHOT.jar:1.1.0-913f5a4-SNAPSHOT]
	at org.apache.ratis.util.SlidingWindow$Server.processRequestsFromHead(SlidingWindow.java:429) [ratis-common-1.1.0-913f5a4-SNAPSHOT.jar:1.1.0-913f5a4-SNAPSHOT]
	at org.apache.ratis.util.SlidingWindow$Server.receivedRequest(SlidingWindow.java:421) [ratis-common-1.1.0-913f5a4-SNAPSHOT.jar:1.1.0-913f5a4-SNAPSHOT]
	at org.apache.ratis.grpc.client.GrpcClientProtocolService$OrderedRequestStreamObserver.processClientRequest(GrpcClientProtocolService.java:361) [ratis-grpc-1.1.0-913f5a4-SNAPSHOT.jar:1.1.0-913f5a4-SNAPSHOT]
	at org.apache.ratis.grpc.client.GrpcClientProtocolService$RequestStreamObserver.onNext(GrpcClientProtocolService.java:251) [ratis-grpc-1.1.0-913f5a4-SNAPSHOT.jar:1.1.0-913f5a4-SNAPSHOT]
	at org.apache.ratis.grpc.client.GrpcClientProtocolService$RequestStreamObserver.onNext(GrpcClientProtocolService.java:174) [ratis-grpc-1.1.0-913f5a4-SNAPSHOT.jar:1.1.0-913f5a4-SNAPSHOT]
	at org.apache.ratis.thirdparty.io.grpc.stub.ServerCalls$StreamingServerCallHandler$StreamingServerCallListener.onMessage(ServerCalls.java:251) [ratis-thirdparty-misc-0.6.0-SNAPSHOT.jar:0.6.0-SNAPSHOT]
	at org.apache.ratis.thirdparty.io.grpc.ForwardingServerCallListener.onMessage(ForwardingServerCallListener.java:33) [ratis-thirdparty-misc-0.6.0-SNAPSHOT.jar:0.6.0-SNAPSHOT]
	at org.apache.ratis.thirdparty.io.grpc.internal.ServerCallImpl$ServerStreamListenerImpl.messagesAvailableInternal(ServerCallImpl.java:309) [ratis-thirdparty-misc-0.6.0-SNAPSHOT.jar:0.6.0-SNAPSHOT]
	at org.apache.ratis.thirdparty.io.grpc.internal.ServerCallImpl$ServerStreamListenerImpl.messagesAvailable(ServerCallImpl.java:292) [ratis-thirdparty-misc-0.6.0-SNAPSHOT.jar:0.6.0-SNAPSHOT]
	at org.apache.ratis.thirdparty.io.grpc.internal.ServerImpl$JumpToApplicationThreadServerStreamListener$1MessagesAvailable.runInContext(ServerImpl.java:783) [ratis-thirdparty-misc-0.6.0-SNAPSHOT.jar:0.6.0-SNAPSHOT]
	at org.apache.ratis.thirdparty.io.grpc.internal.ContextRunnable.run(ContextRunnable.java:37) [ratis-thirdparty-misc-0.6.0-SNAPSHOT.jar:0.6.0-SNAPSHOT]
	at org.apache.ratis.thirdparty.io.grpc.internal.SerializingExecutor.run(SerializingExecutor.java:123) [ratis-thirdparty-misc-0.6.0-SNAPSHOT.jar:0.6.0-SNAPSHOT]
	at java.util.concurrent.ThreadPoolExecutor.runWorker(ThreadPoolExecutor.java:1149) [?:1.8.0_232]
	at java.util.concurrent.ThreadPoolExecutor$Worker.run(ThreadPoolExecutor.java:624) [?:1.8.0_232]
	at java.lang.Thread.run(Thread.java:748) [?:1.8.0_232]
2020-12-01 09:36:31,981 [grpc-default-executor-3] ERROR storage.BlockOutputStream (BlockOutputStream.java:lambda$writeChunkToContainer$3(677)) - writing chunk failed 105304253374595076_chunk_3 blockID conID: 2 locID: 105304253374595076 bcsId: 0 with exception org.apache.ratis.protocol.exceptions.StateMachineException: org.apache.hadoop.hdds.scm.container.common.helpers.ContainerNotOpenException from Server ea2d25e5-6c0c-4043-88f8-7a65b58a4550@group-28C4E5E23A47: Container 2 in CLOSED state
2020-12-01 09:36:31,992 [grpc-default-executor-3] ERROR storage.BlockOutputStream (BlockOutputStream.java:lambda$writeChunkToContainer$3(677)) - writing chunk failed 105304253374595076_chunk_4 blockID conID: 2 locID: 105304253374595076 bcsId: 0 with exception org.apache.ratis.protocol.exceptions.StateMachineException: org.apache.hadoop.hdds.scm.container.common.helpers.ContainerNotOpenException from Server ea2d25e5-6c0c-4043-88f8-7a65b58a4550@group-28C4E5E23A47: Container 2 in CLOSED state
09:36:32.007 [grpc-default-executor-3] ERROR DNAudit - user=null | ip=null | op=WRITE_CHUNK {blockData=conID: 3 locID: 105304253374595077 bcsId: 0} | ret=FAILURE
org.apache.hadoop.hdds.scm.container.common.helpers.ContainerNotOpenException: Container 3 in CLOSED state
	at org.apache.hadoop.ozone.container.common.impl.HddsDispatcher.validateContainerCommand(HddsDispatcher.java:484) ~[hadoop-hdds-container-service-1.1.0-SNAPSHOT.jar:?]
	at org.apache.hadoop.ozone.container.common.transport.server.ratis.ContainerStateMachine.startTransaction(ContainerStateMachine.java:319) ~[hadoop-hdds-container-service-1.1.0-SNAPSHOT.jar:?]
	at org.apache.ratis.server.impl.RaftServerImpl.submitClientRequestAsync(RaftServerImpl.java:723) ~[ratis-server-1.1.0-913f5a4-SNAPSHOT.jar:1.1.0-913f5a4-SNAPSHOT]
	at org.apache.ratis.server.impl.RaftServerProxy.lambda$submitClientRequestAsync$7(RaftServerProxy.java:364) ~[ratis-server-1.1.0-913f5a4-SNAPSHOT.jar:1.1.0-913f5a4-SNAPSHOT]
	at org.apache.ratis.server.impl.RaftServerProxy.lambda$null$5(RaftServerProxy.java:359) ~[ratis-server-1.1.0-913f5a4-SNAPSHOT.jar:1.1.0-913f5a4-SNAPSHOT]
	at org.apache.ratis.util.JavaUtils.callAsUnchecked(JavaUtils.java:116) ~[ratis-common-1.1.0-913f5a4-SNAPSHOT.jar:1.1.0-913f5a4-SNAPSHOT]
	at org.apache.ratis.server.impl.RaftServerProxy.lambda$submitRequest$6(RaftServerProxy.java:359) ~[ratis-server-1.1.0-913f5a4-SNAPSHOT.jar:1.1.0-913f5a4-SNAPSHOT]
	at java.util.concurrent.CompletableFuture.uniComposeStage(CompletableFuture.java:995) ~[?:1.8.0_232]
	at java.util.concurrent.CompletableFuture.thenCompose(CompletableFuture.java:2137) ~[?:1.8.0_232]
	at org.apache.ratis.server.impl.RaftServerProxy.submitRequest(RaftServerProxy.java:358) ~[ratis-server-1.1.0-913f5a4-SNAPSHOT.jar:1.1.0-913f5a4-SNAPSHOT]
	at org.apache.ratis.server.impl.RaftServerProxy.submitClientRequestAsync(RaftServerProxy.java:364) ~[ratis-server-1.1.0-913f5a4-SNAPSHOT.jar:1.1.0-913f5a4-SNAPSHOT]
	at org.apache.ratis.grpc.client.GrpcClientProtocolService$RequestStreamObserver.processClientRequest(GrpcClientProtocolService.java:231) ~[ratis-grpc-1.1.0-913f5a4-SNAPSHOT.jar:1.1.0-913f5a4-SNAPSHOT]
	at org.apache.ratis.grpc.client.GrpcClientProtocolService$OrderedRequestStreamObserver.processClientRequest(GrpcClientProtocolService.java:337) ~[ratis-grpc-1.1.0-913f5a4-SNAPSHOT.jar:1.1.0-913f5a4-SNAPSHOT]
	at org.apache.ratis.util.SlidingWindow$Server.processRequestsFromHead(SlidingWindow.java:429) [ratis-common-1.1.0-913f5a4-SNAPSHOT.jar:1.1.0-913f5a4-SNAPSHOT]
	at org.apache.ratis.util.SlidingWindow$Server.receivedRequest(SlidingWindow.java:421) [ratis-common-1.1.0-913f5a4-SNAPSHOT.jar:1.1.0-913f5a4-SNAPSHOT]
	at org.apache.ratis.grpc.client.GrpcClientProtocolService$OrderedRequestStreamObserver.processClientRequest(GrpcClientProtocolService.java:361) [ratis-grpc-1.1.0-913f5a4-SNAPSHOT.jar:1.1.0-913f5a4-SNAPSHOT]
	at org.apache.ratis.grpc.client.GrpcClientProtocolService$RequestStreamObserver.onNext(GrpcClientProtocolService.java:251) [ratis-grpc-1.1.0-913f5a4-SNAPSHOT.jar:1.1.0-913f5a4-SNAPSHOT]
	at org.apache.ratis.grpc.client.GrpcClientProtocolService$RequestStreamObserver.onNext(GrpcClientProtocolService.java:174) [ratis-grpc-1.1.0-913f5a4-SNAPSHOT.jar:1.1.0-913f5a4-SNAPSHOT]
	at org.apache.ratis.thirdparty.io.grpc.stub.ServerCalls$StreamingServerCallHandler$StreamingServerCallListener.onMessage(ServerCalls.java:251) [ratis-thirdparty-misc-0.6.0-SNAPSHOT.jar:0.6.0-SNAPSHOT]
	at org.apache.ratis.thirdparty.io.grpc.ForwardingServerCallListener.onMessage(ForwardingServerCallListener.java:33) [ratis-thirdparty-misc-0.6.0-SNAPSHOT.jar:0.6.0-SNAPSHOT]
	at org.apache.ratis.thirdparty.io.grpc.internal.ServerCallImpl$ServerStreamListenerImpl.messagesAvailableInternal(ServerCallImpl.java:309) [ratis-thirdparty-misc-0.6.0-SNAPSHOT.jar:0.6.0-SNAPSHOT]
	at org.apache.ratis.thirdparty.io.grpc.internal.ServerCallImpl$ServerStreamListenerImpl.messagesAvailable(ServerCallImpl.java:292) [ratis-thirdparty-misc-0.6.0-SNAPSHOT.jar:0.6.0-SNAPSHOT]
	at org.apache.ratis.thirdparty.io.grpc.internal.ServerImpl$JumpToApplicationThreadServerStreamListener$1MessagesAvailable.runInContext(ServerImpl.java:783) [ratis-thirdparty-misc-0.6.0-SNAPSHOT.jar:0.6.0-SNAPSHOT]
	at org.apache.ratis.thirdparty.io.grpc.internal.ContextRunnable.run(ContextRunnable.java:37) [ratis-thirdparty-misc-0.6.0-SNAPSHOT.jar:0.6.0-SNAPSHOT]
	at org.apache.ratis.thirdparty.io.grpc.internal.SerializingExecutor.run(SerializingExecutor.java:123) [ratis-thirdparty-misc-0.6.0-SNAPSHOT.jar:0.6.0-SNAPSHOT]
	at java.util.concurrent.ThreadPoolExecutor.runWorker(ThreadPoolExecutor.java:1149) [?:1.8.0_232]
	at java.util.concurrent.ThreadPoolExecutor$Worker.run(ThreadPoolExecutor.java:624) [?:1.8.0_232]
	at java.lang.Thread.run(Thread.java:748) [?:1.8.0_232]
09:36:32.010 [grpc-default-executor-3] ERROR DNAudit - user=null | ip=null | op=WRITE_CHUNK {blockData=conID: 3 locID: 105304253374595077 bcsId: 0} | ret=FAILURE
org.apache.hadoop.hdds.scm.container.common.helpers.ContainerNotOpenException: Container 3 in CLOSED state
	at org.apache.hadoop.ozone.container.common.impl.HddsDispatcher.validateContainerCommand(HddsDispatcher.java:484) ~[hadoop-hdds-container-service-1.1.0-SNAPSHOT.jar:?]
	at org.apache.hadoop.ozone.container.common.transport.server.ratis.ContainerStateMachine.startTransaction(ContainerStateMachine.java:319) ~[hadoop-hdds-container-service-1.1.0-SNAPSHOT.jar:?]
	at org.apache.ratis.server.impl.RaftServerImpl.submitClientRequestAsync(RaftServerImpl.java:723) ~[ratis-server-1.1.0-913f5a4-SNAPSHOT.jar:1.1.0-913f5a4-SNAPSHOT]
	at org.apache.ratis.server.impl.RaftServerProxy.lambda$submitClientRequestAsync$7(RaftServerProxy.java:364) ~[ratis-server-1.1.0-913f5a4-SNAPSHOT.jar:1.1.0-913f5a4-SNAPSHOT]
	at org.apache.ratis.server.impl.RaftServerProxy.lambda$null$5(RaftServerProxy.java:359) ~[ratis-server-1.1.0-913f5a4-SNAPSHOT.jar:1.1.0-913f5a4-SNAPSHOT]
	at org.apache.ratis.util.JavaUtils.callAsUnchecked(JavaUtils.java:116) ~[ratis-common-1.1.0-913f5a4-SNAPSHOT.jar:1.1.0-913f5a4-SNAPSHOT]
	at org.apache.ratis.server.impl.RaftServerProxy.lambda$submitRequest$6(RaftServerProxy.java:359) ~[ratis-server-1.1.0-913f5a4-SNAPSHOT.jar:1.1.0-913f5a4-SNAPSHOT]
	at java.util.concurrent.CompletableFuture.uniComposeStage(CompletableFuture.java:995) ~[?:1.8.0_232]
	at java.util.concurrent.CompletableFuture.thenCompose(CompletableFuture.java:2137) ~[?:1.8.0_232]
	at org.apache.ratis.server.impl.RaftServerProxy.submitRequest(RaftServerProxy.java:358) ~[ratis-server-1.1.0-913f5a4-SNAPSHOT.jar:1.1.0-913f5a4-SNAPSHOT]
	at org.apache.ratis.server.impl.RaftServerProxy.submitClientRequestAsync(RaftServerProxy.java:364) ~[ratis-server-1.1.0-913f5a4-SNAPSHOT.jar:1.1.0-913f5a4-SNAPSHOT]
	at org.apache.ratis.grpc.client.GrpcClientProtocolService$RequestStreamObserver.processClientRequest(GrpcClientProtocolService.java:231) ~[ratis-grpc-1.1.0-913f5a4-SNAPSHOT.jar:1.1.0-913f5a4-SNAPSHOT]
	at org.apache.ratis.grpc.client.GrpcClientProtocolService$OrderedRequestStreamObserver.processClientRequest(GrpcClientProtocolService.java:337) ~[ratis-grpc-1.1.0-913f5a4-SNAPSHOT.jar:1.1.0-913f5a4-SNAPSHOT]
	at org.apache.ratis.util.SlidingWindow$Server.processRequestsFromHead(SlidingWindow.java:429) [ratis-common-1.1.0-913f5a4-SNAPSHOT.jar:1.1.0-913f5a4-SNAPSHOT]
	at org.apache.ratis.util.SlidingWindow$Server.receivedRequest(SlidingWindow.java:421) [ratis-common-1.1.0-913f5a4-SNAPSHOT.jar:1.1.0-913f5a4-SNAPSHOT]
	at org.apache.ratis.grpc.client.GrpcClientProtocolService$OrderedRequestStreamObserver.processClientRequest(GrpcClientProtocolService.java:361) [ratis-grpc-1.1.0-913f5a4-SNAPSHOT.jar:1.1.0-913f5a4-SNAPSHOT]
	at org.apache.ratis.grpc.client.GrpcClientProtocolService$RequestStreamObserver.onNext(GrpcClientProtocolService.java:251) [ratis-grpc-1.1.0-913f5a4-SNAPSHOT.jar:1.1.0-913f5a4-SNAPSHOT]
	at org.apache.ratis.grpc.client.GrpcClientProtocolService$RequestStreamObserver.onNext(GrpcClientProtocolService.java:174) [ratis-grpc-1.1.0-913f5a4-SNAPSHOT.jar:1.1.0-913f5a4-SNAPSHOT]
	at org.apache.ratis.thirdparty.io.grpc.stub.ServerCalls$StreamingServerCallHandler$StreamingServerCallListener.onMessage(ServerCalls.java:251) [ratis-thirdparty-misc-0.6.0-SNAPSHOT.jar:0.6.0-SNAPSHOT]
	at org.apache.ratis.thirdparty.io.grpc.ForwardingServerCallListener.onMessage(ForwardingServerCallListener.java:33) [ratis-thirdparty-misc-0.6.0-SNAPSHOT.jar:0.6.0-SNAPSHOT]
	at org.apache.ratis.thirdparty.io.grpc.internal.ServerCallImpl$ServerStreamListenerImpl.messagesAvailableInternal(ServerCallImpl.java:309) [ratis-thirdparty-misc-0.6.0-SNAPSHOT.jar:0.6.0-SNAPSHOT]
	at org.apache.ratis.thirdparty.io.grpc.internal.ServerCallImpl$ServerStreamListenerImpl.messagesAvailable(ServerCallImpl.java:292) [ratis-thirdparty-misc-0.6.0-SNAPSHOT.jar:0.6.0-SNAPSHOT]
	at org.apache.ratis.thirdparty.io.grpc.internal.ServerImpl$JumpToApplicationThreadServerStreamListener$1MessagesAvailable.runInContext(ServerImpl.java:783) [ratis-thirdparty-misc-0.6.0-SNAPSHOT.jar:0.6.0-SNAPSHOT]
	at org.apache.ratis.thirdparty.io.grpc.internal.ContextRunnable.run(ContextRunnable.java:37) [ratis-thirdparty-misc-0.6.0-SNAPSHOT.jar:0.6.0-SNAPSHOT]
	at org.apache.ratis.thirdparty.io.grpc.internal.SerializingExecutor.run(SerializingExecutor.java:123) [ratis-thirdparty-misc-0.6.0-SNAPSHOT.jar:0.6.0-SNAPSHOT]
	at java.util.concurrent.ThreadPoolExecutor.runWorker(ThreadPoolExecutor.java:1149) [?:1.8.0_232]
	at java.util.concurrent.ThreadPoolExecutor$Worker.run(ThreadPoolExecutor.java:624) [?:1.8.0_232]
	at java.lang.Thread.run(Thread.java:748) [?:1.8.0_232]
09:36:32.011 [grpc-default-executor-3] ERROR DNAudit - user=null | ip=null | op=PUT_BLOCK {blockData=[blockId=conID: 3 locID: 105304253374595077 bcsId: 0,size=200]} | ret=FAILURE
org.apache.hadoop.hdds.scm.container.common.helpers.ContainerNotOpenException: Container 3 in CLOSED state
	at org.apache.hadoop.ozone.container.common.impl.HddsDispatcher.validateContainerCommand(HddsDispatcher.java:484) ~[hadoop-hdds-container-service-1.1.0-SNAPSHOT.jar:?]
	at org.apache.hadoop.ozone.container.common.transport.server.ratis.ContainerStateMachine.startTransaction(ContainerStateMachine.java:319) ~[hadoop-hdds-container-service-1.1.0-SNAPSHOT.jar:?]
	at org.apache.ratis.server.impl.RaftServerImpl.submitClientRequestAsync(RaftServerImpl.java:723) ~[ratis-server-1.1.0-913f5a4-SNAPSHOT.jar:1.1.0-913f5a4-SNAPSHOT]
	at org.apache.ratis.server.impl.RaftServerProxy.lambda$submitClientRequestAsync$7(RaftServerProxy.java:364) ~[ratis-server-1.1.0-913f5a4-SNAPSHOT.jar:1.1.0-913f5a4-SNAPSHOT]
	at org.apache.ratis.server.impl.RaftServerProxy.lambda$null$5(RaftServerProxy.java:359) ~[ratis-server-1.1.0-913f5a4-SNAPSHOT.jar:1.1.0-913f5a4-SNAPSHOT]
	at org.apache.ratis.util.JavaUtils.callAsUnchecked(JavaUtils.java:116) ~[ratis-common-1.1.0-913f5a4-SNAPSHOT.jar:1.1.0-913f5a4-SNAPSHOT]
	at org.apache.ratis.server.impl.RaftServerProxy.lambda$submitRequest$6(RaftServerProxy.java:359) ~[ratis-server-1.1.0-913f5a4-SNAPSHOT.jar:1.1.0-913f5a4-SNAPSHOT]
	at java.util.concurrent.CompletableFuture.uniComposeStage(CompletableFuture.java:995) ~[?:1.8.0_232]
	at java.util.concurrent.CompletableFuture.thenCompose(CompletableFuture.java:2137) ~[?:1.8.0_232]
	at org.apache.ratis.server.impl.RaftServerProxy.submitRequest(RaftServerProxy.java:358) ~[ratis-server-1.1.0-913f5a4-SNAPSHOT.jar:1.1.0-913f5a4-SNAPSHOT]
	at org.apache.ratis.server.impl.RaftServerProxy.submitClientRequestAsync(RaftServerProxy.java:364) ~[ratis-server-1.1.0-913f5a4-SNAPSHOT.jar:1.1.0-913f5a4-SNAPSHOT]
	at org.apache.ratis.grpc.client.GrpcClientProtocolService$RequestStreamObserver.processClientRequest(GrpcClientProtocolService.java:231) ~[ratis-grpc-1.1.0-913f5a4-SNAPSHOT.jar:1.1.0-913f5a4-SNAPSHOT]
	at org.apache.ratis.grpc.client.GrpcClientProtocolService$OrderedRequestStreamObserver.processClientRequest(GrpcClientProtocolService.java:337) ~[ratis-grpc-1.1.0-913f5a4-SNAPSHOT.jar:1.1.0-913f5a4-SNAPSHOT]
	at org.apache.ratis.util.SlidingWindow$Server.processRequestsFromHead(SlidingWindow.java:429) [ratis-common-1.1.0-913f5a4-SNAPSHOT.jar:1.1.0-913f5a4-SNAPSHOT]
	at org.apache.ratis.util.SlidingWindow$Server.receivedRequest(SlidingWindow.java:421) [ratis-common-1.1.0-913f5a4-SNAPSHOT.jar:1.1.0-913f5a4-SNAPSHOT]
	at org.apache.ratis.grpc.client.GrpcClientProtocolService$OrderedRequestStreamObserver.processClientRequest(GrpcClientProtocolService.java:361) [ratis-grpc-1.1.0-913f5a4-SNAPSHOT.jar:1.1.0-913f5a4-SNAPSHOT]
	at org.apache.ratis.grpc.client.GrpcClientProtocolService$RequestStreamObserver.onNext(GrpcClientProtocolService.java:251) [ratis-grpc-1.1.0-913f5a4-SNAPSHOT.jar:1.1.0-913f5a4-SNAPSHOT]
	at org.apache.ratis.grpc.client.GrpcClientProtocolService$RequestStreamObserver.onNext(GrpcClientProtocolService.java:174) [ratis-grpc-1.1.0-913f5a4-SNAPSHOT.jar:1.1.0-913f5a4-SNAPSHOT]
	at org.apache.ratis.thirdparty.io.grpc.stub.ServerCalls$StreamingServerCallHandler$StreamingServerCallListener.onMessage(ServerCalls.java:251) [ratis-thirdparty-misc-0.6.0-SNAPSHOT.jar:0.6.0-SNAPSHOT]
	at org.apache.ratis.thirdparty.io.grpc.ForwardingServerCallListener.onMessage(ForwardingServerCallListener.java:33) [ratis-thirdparty-misc-0.6.0-SNAPSHOT.jar:0.6.0-SNAPSHOT]
	at org.apache.ratis.thirdparty.io.grpc.internal.ServerCallImpl$ServerStreamListenerImpl.messagesAvailableInternal(ServerCallImpl.java:309) [ratis-thirdparty-misc-0.6.0-SNAPSHOT.jar:0.6.0-SNAPSHOT]
	at org.apache.ratis.thirdparty.io.grpc.internal.ServerCallImpl$ServerStreamListenerImpl.messagesAvailable(ServerCallImpl.java:292) [ratis-thirdparty-misc-0.6.0-SNAPSHOT.jar:0.6.0-SNAPSHOT]
	at org.apache.ratis.thirdparty.io.grpc.internal.ServerImpl$JumpToApplicationThreadServerStreamListener$1MessagesAvailable.runInContext(ServerImpl.java:783) [ratis-thirdparty-misc-0.6.0-SNAPSHOT.jar:0.6.0-SNAPSHOT]
	at org.apache.ratis.thirdparty.io.grpc.internal.ContextRunnable.run(ContextRunnable.java:37) [ratis-thirdparty-misc-0.6.0-SNAPSHOT.jar:0.6.0-SNAPSHOT]
	at org.apache.ratis.thirdparty.io.grpc.internal.SerializingExecutor.run(SerializingExecutor.java:123) [ratis-thirdparty-misc-0.6.0-SNAPSHOT.jar:0.6.0-SNAPSHOT]
	at java.util.concurrent.ThreadPoolExecutor.runWorker(ThreadPoolExecutor.java:1149) [?:1.8.0_232]
	at java.util.concurrent.ThreadPoolExecutor$Worker.run(ThreadPoolExecutor.java:624) [?:1.8.0_232]
	at java.lang.Thread.run(Thread.java:748) [?:1.8.0_232]
2020-12-01 09:36:32,020 [grpc-default-executor-2] ERROR storage.BlockOutputStream (BlockOutputStream.java:lambda$writeChunkToContainer$3(677)) - writing chunk failed 105304253374595077_chunk_1 blockID conID: 3 locID: 105304253374595077 bcsId: 0 with exception org.apache.ratis.protocol.exceptions.StateMachineException: org.apache.hadoop.hdds.scm.container.common.helpers.ContainerNotOpenException from Server ff14e274-5ee8-4142-b96f-00dc3fd4f97a@group-298BA3011926: Container 3 in CLOSED state
09:36:32.024 [grpc-default-executor-3] ERROR DNAudit - user=null | ip=null | op=WRITE_CHUNK {blockData=conID: 3 locID: 105304253374595077 bcsId: 0} | ret=FAILURE
org.apache.hadoop.hdds.scm.container.common.helpers.ContainerNotOpenException: Container 3 in CLOSED state
	at org.apache.hadoop.ozone.container.common.impl.HddsDispatcher.validateContainerCommand(HddsDispatcher.java:484) ~[hadoop-hdds-container-service-1.1.0-SNAPSHOT.jar:?]
	at org.apache.hadoop.ozone.container.common.transport.server.ratis.ContainerStateMachine.startTransaction(ContainerStateMachine.java:319) ~[hadoop-hdds-container-service-1.1.0-SNAPSHOT.jar:?]
	at org.apache.ratis.server.impl.RaftServerImpl.submitClientRequestAsync(RaftServerImpl.java:723) ~[ratis-server-1.1.0-913f5a4-SNAPSHOT.jar:1.1.0-913f5a4-SNAPSHOT]
	at org.apache.ratis.server.impl.RaftServerProxy.lambda$submitClientRequestAsync$7(RaftServerProxy.java:364) ~[ratis-server-1.1.0-913f5a4-SNAPSHOT.jar:1.1.0-913f5a4-SNAPSHOT]
	at org.apache.ratis.server.impl.RaftServerProxy.lambda$null$5(RaftServerProxy.java:359) ~[ratis-server-1.1.0-913f5a4-SNAPSHOT.jar:1.1.0-913f5a4-SNAPSHOT]
	at org.apache.ratis.util.JavaUtils.callAsUnchecked(JavaUtils.java:116) ~[ratis-common-1.1.0-913f5a4-SNAPSHOT.jar:1.1.0-913f5a4-SNAPSHOT]
	at org.apache.ratis.server.impl.RaftServerProxy.lambda$submitRequest$6(RaftServerProxy.java:359) ~[ratis-server-1.1.0-913f5a4-SNAPSHOT.jar:1.1.0-913f5a4-SNAPSHOT]
	at java.util.concurrent.CompletableFuture.uniComposeStage(CompletableFuture.java:995) ~[?:1.8.0_232]
	at java.util.concurrent.CompletableFuture.thenCompose(CompletableFuture.java:2137) ~[?:1.8.0_232]
	at org.apache.ratis.server.impl.RaftServerProxy.submitRequest(RaftServerProxy.java:358) ~[ratis-server-1.1.0-913f5a4-SNAPSHOT.jar:1.1.0-913f5a4-SNAPSHOT]
	at org.apache.ratis.server.impl.RaftServerProxy.submitClientRequestAsync(RaftServerProxy.java:364) ~[ratis-server-1.1.0-913f5a4-SNAPSHOT.jar:1.1.0-913f5a4-SNAPSHOT]
	at org.apache.ratis.grpc.client.GrpcClientProtocolService$RequestStreamObserver.processClientRequest(GrpcClientProtocolService.java:231) ~[ratis-grpc-1.1.0-913f5a4-SNAPSHOT.jar:1.1.0-913f5a4-SNAPSHOT]
	at org.apache.ratis.grpc.client.GrpcClientProtocolService$OrderedRequestStreamObserver.processClientRequest(GrpcClientProtocolService.java:337) ~[ratis-grpc-1.1.0-913f5a4-SNAPSHOT.jar:1.1.0-913f5a4-SNAPSHOT]
	at org.apache.ratis.util.SlidingWindow$Server.processRequestsFromHead(SlidingWindow.java:429) [ratis-common-1.1.0-913f5a4-SNAPSHOT.jar:1.1.0-913f5a4-SNAPSHOT]
	at org.apache.ratis.util.SlidingWindow$Server.receivedRequest(SlidingWindow.java:421) [ratis-common-1.1.0-913f5a4-SNAPSHOT.jar:1.1.0-913f5a4-SNAPSHOT]
	at org.apache.ratis.grpc.client.GrpcClientProtocolService$OrderedRequestStreamObserver.processClientRequest(GrpcClientProtocolService.java:361) [ratis-grpc-1.1.0-913f5a4-SNAPSHOT.jar:1.1.0-913f5a4-SNAPSHOT]
	at org.apache.ratis.grpc.client.GrpcClientProtocolService$RequestStreamObserver.onNext(GrpcClientProtocolService.java:251) [ratis-grpc-1.1.0-913f5a4-SNAPSHOT.jar:1.1.0-913f5a4-SNAPSHOT]
	at org.apache.ratis.grpc.client.GrpcClientProtocolService$RequestStreamObserver.onNext(GrpcClientProtocolService.java:174) [ratis-grpc-1.1.0-913f5a4-SNAPSHOT.jar:1.1.0-913f5a4-SNAPSHOT]
	at org.apache.ratis.thirdparty.io.grpc.stub.ServerCalls$StreamingServerCallHandler$StreamingServerCallListener.onMessage(ServerCalls.java:251) [ratis-thirdparty-misc-0.6.0-SNAPSHOT.jar:0.6.0-SNAPSHOT]
	at org.apache.ratis.thirdparty.io.grpc.ForwardingServerCallListener.onMessage(ForwardingServerCallListener.java:33) [ratis-thirdparty-misc-0.6.0-SNAPSHOT.jar:0.6.0-SNAPSHOT]
	at org.apache.ratis.thirdparty.io.grpc.internal.ServerCallImpl$ServerStreamListenerImpl.messagesAvailableInternal(ServerCallImpl.java:309) [ratis-thirdparty-misc-0.6.0-SNAPSHOT.jar:0.6.0-SNAPSHOT]
	at org.apache.ratis.thirdparty.io.grpc.internal.ServerCallImpl$ServerStreamListenerImpl.messagesAvailable(ServerCallImpl.java:292) [ratis-thirdparty-misc-0.6.0-SNAPSHOT.jar:0.6.0-SNAPSHOT]
	at org.apache.ratis.thirdparty.io.grpc.internal.ServerImpl$JumpToApplicationThreadServerStreamListener$1MessagesAvailable.runInContext(ServerImpl.java:783) [ratis-thirdparty-misc-0.6.0-SNAPSHOT.jar:0.6.0-SNAPSHOT]
	at org.apache.ratis.thirdparty.io.grpc.internal.ContextRunnable.run(ContextRunnable.java:37) [ratis-thirdparty-misc-0.6.0-SNAPSHOT.jar:0.6.0-SNAPSHOT]
	at org.apache.ratis.thirdparty.io.grpc.internal.SerializingExecutor.run(SerializingExecutor.java:123) [ratis-thirdparty-misc-0.6.0-SNAPSHOT.jar:0.6.0-SNAPSHOT]
	at java.util.concurrent.ThreadPoolExecutor.runWorker(ThreadPoolExecutor.java:1149) [?:1.8.0_232]
	at java.util.concurrent.ThreadPoolExecutor$Worker.run(ThreadPoolExecutor.java:624) [?:1.8.0_232]
	at java.lang.Thread.run(Thread.java:748) [?:1.8.0_232]
2020-12-01 09:36:32,025 [grpc-default-executor-2] ERROR storage.BlockOutputStream (BlockOutputStream.java:lambda$writeChunkToContainer$3(677)) - writing chunk failed 105304253374595077_chunk_2 blockID conID: 3 locID: 105304253374595077 bcsId: 0 with exception org.apache.ratis.protocol.exceptions.StateMachineException: org.apache.hadoop.hdds.scm.container.common.helpers.ContainerNotOpenException from Server ff14e274-5ee8-4142-b96f-00dc3fd4f97a@group-298BA3011926: Container 3 in CLOSED state
09:36:32.027 [grpc-default-executor-3] ERROR DNAudit - user=null | ip=null | op=WRITE_CHUNK {blockData=conID: 3 locID: 105304253374595077 bcsId: 0} | ret=FAILURE
org.apache.hadoop.hdds.scm.container.common.helpers.ContainerNotOpenException: Container 3 in CLOSED state
	at org.apache.hadoop.ozone.container.common.impl.HddsDispatcher.validateContainerCommand(HddsDispatcher.java:484) ~[hadoop-hdds-container-service-1.1.0-SNAPSHOT.jar:?]
	at org.apache.hadoop.ozone.container.common.transport.server.ratis.ContainerStateMachine.startTransaction(ContainerStateMachine.java:319) ~[hadoop-hdds-container-service-1.1.0-SNAPSHOT.jar:?]
	at org.apache.ratis.server.impl.RaftServerImpl.submitClientRequestAsync(RaftServerImpl.java:723) ~[ratis-server-1.1.0-913f5a4-SNAPSHOT.jar:1.1.0-913f5a4-SNAPSHOT]
	at org.apache.ratis.server.impl.RaftServerProxy.lambda$submitClientRequestAsync$7(RaftServerProxy.java:364) ~[ratis-server-1.1.0-913f5a4-SNAPSHOT.jar:1.1.0-913f5a4-SNAPSHOT]
	at org.apache.ratis.server.impl.RaftServerProxy.lambda$null$5(RaftServerProxy.java:359) ~[ratis-server-1.1.0-913f5a4-SNAPSHOT.jar:1.1.0-913f5a4-SNAPSHOT]
	at org.apache.ratis.util.JavaUtils.callAsUnchecked(JavaUtils.java:116) ~[ratis-common-1.1.0-913f5a4-SNAPSHOT.jar:1.1.0-913f5a4-SNAPSHOT]
	at org.apache.ratis.server.impl.RaftServerProxy.lambda$submitRequest$6(RaftServerProxy.java:359) ~[ratis-server-1.1.0-913f5a4-SNAPSHOT.jar:1.1.0-913f5a4-SNAPSHOT]
	at java.util.concurrent.CompletableFuture.uniComposeStage(CompletableFuture.java:995) ~[?:1.8.0_232]
	at java.util.concurrent.CompletableFuture.thenCompose(CompletableFuture.java:2137) ~[?:1.8.0_232]
	at org.apache.ratis.server.impl.RaftServerProxy.submitRequest(RaftServerProxy.java:358) ~[ratis-server-1.1.0-913f5a4-SNAPSHOT.jar:1.1.0-913f5a4-SNAPSHOT]
	at org.apache.ratis.server.impl.RaftServerProxy.submitClientRequestAsync(RaftServerProxy.java:364) ~[ratis-server-1.1.0-913f5a4-SNAPSHOT.jar:1.1.0-913f5a4-SNAPSHOT]
	at org.apache.ratis.grpc.client.GrpcClientProtocolService$RequestStreamObserver.processClientRequest(GrpcClientProtocolService.java:231) ~[ratis-grpc-1.1.0-913f5a4-SNAPSHOT.jar:1.1.0-913f5a4-SNAPSHOT]
	at org.apache.ratis.grpc.client.GrpcClientProtocolService$OrderedRequestStreamObserver.processClientRequest(GrpcClientProtocolService.java:337) ~[ratis-grpc-1.1.0-913f5a4-SNAPSHOT.jar:1.1.0-913f5a4-SNAPSHOT]
	at org.apache.ratis.util.SlidingWindow$Server.processRequestsFromHead(SlidingWindow.java:429) [ratis-common-1.1.0-913f5a4-SNAPSHOT.jar:1.1.0-913f5a4-SNAPSHOT]
	at org.apache.ratis.util.SlidingWindow$Server.receivedRequest(SlidingWindow.java:421) [ratis-common-1.1.0-913f5a4-SNAPSHOT.jar:1.1.0-913f5a4-SNAPSHOT]
	at org.apache.ratis.grpc.client.GrpcClientProtocolService$OrderedRequestStreamObserver.processClientRequest(GrpcClientProtocolService.java:361) [ratis-grpc-1.1.0-913f5a4-SNAPSHOT.jar:1.1.0-913f5a4-SNAPSHOT]
	at org.apache.ratis.grpc.client.GrpcClientProtocolService$RequestStreamObserver.onNext(GrpcClientProtocolService.java:251) [ratis-grpc-1.1.0-913f5a4-SNAPSHOT.jar:1.1.0-913f5a4-SNAPSHOT]
	at org.apache.ratis.grpc.client.GrpcClientProtocolService$RequestStreamObserver.onNext(GrpcClientProtocolService.java:174) [ratis-grpc-1.1.0-913f5a4-SNAPSHOT.jar:1.1.0-913f5a4-SNAPSHOT]
	at org.apache.ratis.thirdparty.io.grpc.stub.ServerCalls$StreamingServerCallHandler$StreamingServerCallListener.onMessage(ServerCalls.java:251) [ratis-thirdparty-misc-0.6.0-SNAPSHOT.jar:0.6.0-SNAPSHOT]
	at org.apache.ratis.thirdparty.io.grpc.ForwardingServerCallListener.onMessage(ForwardingServerCallListener.java:33) [ratis-thirdparty-misc-0.6.0-SNAPSHOT.jar:0.6.0-SNAPSHOT]
	at org.apache.ratis.thirdparty.io.grpc.internal.ServerCallImpl$ServerStreamListenerImpl.messagesAvailableInternal(ServerCallImpl.java:309) [ratis-thirdparty-misc-0.6.0-SNAPSHOT.jar:0.6.0-SNAPSHOT]
	at org.apache.ratis.thirdparty.io.grpc.internal.ServerCallImpl$ServerStreamListenerImpl.messagesAvailable(ServerCallImpl.java:292) [ratis-thirdparty-misc-0.6.0-SNAPSHOT.jar:0.6.0-SNAPSHOT]
	at org.apache.ratis.thirdparty.io.grpc.internal.ServerImpl$JumpToApplicationThreadServerStreamListener$1MessagesAvailable.runInContext(ServerImpl.java:783) [ratis-thirdparty-misc-0.6.0-SNAPSHOT.jar:0.6.0-SNAPSHOT]
	at org.apache.ratis.thirdparty.io.grpc.internal.ContextRunnable.run(ContextRunnable.java:37) [ratis-thirdparty-misc-0.6.0-SNAPSHOT.jar:0.6.0-SNAPSHOT]
	at org.apache.ratis.thirdparty.io.grpc.internal.SerializingExecutor.run(SerializingExecutor.java:123) [ratis-thirdparty-misc-0.6.0-SNAPSHOT.jar:0.6.0-SNAPSHOT]
	at java.util.concurrent.ThreadPoolExecutor.runWorker(ThreadPoolExecutor.java:1149) [?:1.8.0_232]
	at java.util.concurrent.ThreadPoolExecutor$Worker.run(ThreadPoolExecutor.java:624) [?:1.8.0_232]
	at java.lang.Thread.run(Thread.java:748) [?:1.8.0_232]
2020-12-01 09:36:32,039 [grpc-default-executor-2] ERROR storage.BlockOutputStream (BlockOutputStream.java:lambda$writeChunkToContainer$3(677)) - writing chunk failed 105304253374595077_chunk_3 blockID conID: 3 locID: 105304253374595077 bcsId: 0 with exception org.apache.ratis.protocol.exceptions.StateMachineException: org.apache.hadoop.hdds.scm.container.common.helpers.ContainerNotOpenException from Server ff14e274-5ee8-4142-b96f-00dc3fd4f97a@group-298BA3011926: Container 3 in CLOSED state
2020-12-01 09:36:32,046 [grpc-default-executor-2] ERROR storage.BlockOutputStream (BlockOutputStream.java:lambda$writeChunkToContainer$3(677)) - writing chunk failed 105304253374595077_chunk_4 blockID conID: 3 locID: 105304253374595077 bcsId: 0 with exception org.apache.ratis.protocol.exceptions.StateMachineException: org.apache.hadoop.hdds.scm.container.common.helpers.ContainerNotOpenException from Server ff14e274-5ee8-4142-b96f-00dc3fd4f97a@group-298BA3011926: Container 3 in CLOSED state
09:36:32.047 [grpc-default-executor-3] ERROR DNAudit - user=null | ip=null | op=PUT_BLOCK {blockData=[blockId=conID: 3 locID: 105304253374595077 bcsId: 0,size=400]} | ret=FAILURE
org.apache.hadoop.hdds.scm.container.common.helpers.ContainerNotOpenException: Container 3 in CLOSED state
	at org.apache.hadoop.ozone.container.common.impl.HddsDispatcher.validateContainerCommand(HddsDispatcher.java:484) ~[hadoop-hdds-container-service-1.1.0-SNAPSHOT.jar:?]
	at org.apache.hadoop.ozone.container.common.transport.server.ratis.ContainerStateMachine.startTransaction(ContainerStateMachine.java:319) ~[hadoop-hdds-container-service-1.1.0-SNAPSHOT.jar:?]
	at org.apache.ratis.server.impl.RaftServerImpl.submitClientRequestAsync(RaftServerImpl.java:723) ~[ratis-server-1.1.0-913f5a4-SNAPSHOT.jar:1.1.0-913f5a4-SNAPSHOT]
	at org.apache.ratis.server.impl.RaftServerProxy.lambda$submitClientRequestAsync$7(RaftServerProxy.java:364) ~[ratis-server-1.1.0-913f5a4-SNAPSHOT.jar:1.1.0-913f5a4-SNAPSHOT]
	at org.apache.ratis.server.impl.RaftServerProxy.lambda$null$5(RaftServerProxy.java:359) ~[ratis-server-1.1.0-913f5a4-SNAPSHOT.jar:1.1.0-913f5a4-SNAPSHOT]
	at org.apache.ratis.util.JavaUtils.callAsUnchecked(JavaUtils.java:116) ~[ratis-common-1.1.0-913f5a4-SNAPSHOT.jar:1.1.0-913f5a4-SNAPSHOT]
	at org.apache.ratis.server.impl.RaftServerProxy.lambda$submitRequest$6(RaftServerProxy.java:359) ~[ratis-server-1.1.0-913f5a4-SNAPSHOT.jar:1.1.0-913f5a4-SNAPSHOT]
	at java.util.concurrent.CompletableFuture.uniComposeStage(CompletableFuture.java:995) ~[?:1.8.0_232]
	at java.util.concurrent.CompletableFuture.thenCompose(CompletableFuture.java:2137) ~[?:1.8.0_232]
	at org.apache.ratis.server.impl.RaftServerProxy.submitRequest(RaftServerProxy.java:358) ~[ratis-server-1.1.0-913f5a4-SNAPSHOT.jar:1.1.0-913f5a4-SNAPSHOT]
	at org.apache.ratis.server.impl.RaftServerProxy.submitClientRequestAsync(RaftServerProxy.java:364) ~[ratis-server-1.1.0-913f5a4-SNAPSHOT.jar:1.1.0-913f5a4-SNAPSHOT]
	at org.apache.ratis.grpc.client.GrpcClientProtocolService$RequestStreamObserver.processClientRequest(GrpcClientProtocolService.java:231) ~[ratis-grpc-1.1.0-913f5a4-SNAPSHOT.jar:1.1.0-913f5a4-SNAPSHOT]
	at org.apache.ratis.grpc.client.GrpcClientProtocolService$OrderedRequestStreamObserver.processClientRequest(GrpcClientProtocolService.java:337) ~[ratis-grpc-1.1.0-913f5a4-SNAPSHOT.jar:1.1.0-913f5a4-SNAPSHOT]
	at org.apache.ratis.util.SlidingWindow$Server.processRequestsFromHead(SlidingWindow.java:429) [ratis-common-1.1.0-913f5a4-SNAPSHOT.jar:1.1.0-913f5a4-SNAPSHOT]
	at org.apache.ratis.util.SlidingWindow$Server.receivedRequest(SlidingWindow.java:421) [ratis-common-1.1.0-913f5a4-SNAPSHOT.jar:1.1.0-913f5a4-SNAPSHOT]
	at org.apache.ratis.grpc.client.GrpcClientProtocolService$OrderedRequestStreamObserver.processClientRequest(GrpcClientProtocolService.java:361) [ratis-grpc-1.1.0-913f5a4-SNAPSHOT.jar:1.1.0-913f5a4-SNAPSHOT]
	at org.apache.ratis.grpc.client.GrpcClientProtocolService$RequestStreamObserver.onNext(GrpcClientProtocolService.java:251) [ratis-grpc-1.1.0-913f5a4-SNAPSHOT.jar:1.1.0-913f5a4-SNAPSHOT]
	at org.apache.ratis.grpc.client.GrpcClientProtocolService$RequestStreamObserver.onNext(GrpcClientProtocolService.java:174) [ratis-grpc-1.1.0-913f5a4-SNAPSHOT.jar:1.1.0-913f5a4-SNAPSHOT]
	at org.apache.ratis.thirdparty.io.grpc.stub.ServerCalls$StreamingServerCallHandler$StreamingServerCallListener.onMessage(ServerCalls.java:251) [ratis-thirdparty-misc-0.6.0-SNAPSHOT.jar:0.6.0-SNAPSHOT]
	at org.apache.ratis.thirdparty.io.grpc.ForwardingServerCallListener.onMessage(ForwardingServerCallListener.java:33) [ratis-thirdparty-misc-0.6.0-SNAPSHOT.jar:0.6.0-SNAPSHOT]
	at org.apache.ratis.thirdparty.io.grpc.internal.ServerCallImpl$ServerStreamListenerImpl.messagesAvailableInternal(ServerCallImpl.java:309) [ratis-thirdparty-misc-0.6.0-SNAPSHOT.jar:0.6.0-SNAPSHOT]
	at org.apache.ratis.thirdparty.io.grpc.internal.ServerCallImpl$ServerStreamListenerImpl.messagesAvailable(ServerCallImpl.java:292) [ratis-thirdparty-misc-0.6.0-SNAPSHOT.jar:0.6.0-SNAPSHOT]
	at org.apache.ratis.thirdparty.io.grpc.internal.ServerImpl$JumpToApplicationThreadServerStreamListener$1MessagesAvailable.runInContext(ServerImpl.java:783) [ratis-thirdparty-misc-0.6.0-SNAPSHOT.jar:0.6.0-SNAPSHOT]
	at org.apache.ratis.thirdparty.io.grpc.internal.ContextRunnable.run(ContextRunnable.java:37) [ratis-thirdparty-misc-0.6.0-SNAPSHOT.jar:0.6.0-SNAPSHOT]
	at org.apache.ratis.thirdparty.io.grpc.internal.SerializingExecutor.run(SerializingExecutor.java:123) [ratis-thirdparty-misc-0.6.0-SNAPSHOT.jar:0.6.0-SNAPSHOT]
	at java.util.concurrent.ThreadPoolExecutor.runWorker(ThreadPoolExecutor.java:1149) [?:1.8.0_232]
	at java.util.concurrent.ThreadPoolExecutor$Worker.run(ThreadPoolExecutor.java:624) [?:1.8.0_232]
	at java.lang.Thread.run(Thread.java:748) [?:1.8.0_232]
2020-12-01 09:36:32,058 [Listener at 127.0.0.1/32799] INFO  io.BlockOutputStreamEntryPool (BlockOutputStreamEntryPool.java:allocateNewBlock(241)) - Allocating block with ExcludeList {datanodes = [], containerIds = [#1, #2, #3], pipelineIds = []}
2020-12-01 09:36:32,065 [Listener at 127.0.0.1/32799] INFO  metrics.RatisMetrics (RatisMetrics.java:lambda$create$0(36)) - Creating Metrics Registry : ratis.client_message_metrics.client-8692BE81B35B->166b87bd-eecb-47e0-96d7-94142ede9e7c
2020-12-01 09:36:32,159 [Listener at 127.0.0.1/32799] INFO  ozone.MiniOzoneClusterImpl (MiniOzoneClusterImpl.java:shutdown(388)) - Shutting down the Mini Ozone Cluster
2020-12-01 09:36:32,159 [Listener at 127.0.0.1/32799] INFO  ozone.MiniOzoneClusterImpl (MiniOzoneClusterImpl.java:stop(403)) - Stopping the Mini Ozone Cluster
2020-12-01 09:36:32,159 [Listener at 127.0.0.1/32799] INFO  ozone.MiniOzoneClusterImpl (MiniOzoneClusterImpl.java:stopOM(485)) - Stopping the OzoneManager
2020-12-01 09:36:32,159 [Listener at 127.0.0.1/32799] INFO  ipc.Server (Server.java:stop(3359)) - Stopping server on 32799
2020-12-01 09:36:32,172 [IPC Server listener on 0] INFO  ipc.Server (Server.java:run(1330)) - Stopping IPC Server listener on 0
2020-12-01 09:36:32,172 [Listener at 127.0.0.1/32799] INFO  ratis.OzoneManagerDoubleBuffer (OzoneManagerDoubleBuffer.java:stop(457)) - Stopping OMDoubleBuffer flush thread
2020-12-01 09:36:32,173 [OMDoubleBufferFlushThread] INFO  ratis.OzoneManagerDoubleBuffer (OzoneManagerDoubleBuffer.java:flushTransactions(356)) - OMDoubleBuffer flush thread OMDoubleBufferFlushThread is interrupted and will exit. OMDoubleBufferFlushThread
2020-12-01 09:36:32,173 [IPC Server Responder] INFO  ipc.Server (Server.java:run(1465)) - Stopping IPC Server Responder
2020-12-01 09:36:32,173 [Listener at 127.0.0.1/32799] INFO  utils.BackgroundService (BackgroundService.java:shutdown(132)) - Shutting down service KeyDeletingService
2020-12-01 09:36:32,173 [Listener at 127.0.0.1/32799] INFO  handler.ContextHandler (ContextHandler.java:doStop(1154)) - Stopped o.e.j.w.WebAppContext@77014dba{ozoneManager,/,null,STOPPED}{file:/github/workspace/mnt/ozone/hadoop-ozone/integration-test/target/test-classes/webapps/ozoneManager}
2020-12-01 09:36:32,174 [Listener at 127.0.0.1/32799] INFO  server.AbstractConnector (AbstractConnector.java:doStop(381)) - Stopped ServerConnector@85fe10d{HTTP/1.1, (http/1.1)}{0.0.0.0:0}
2020-12-01 09:36:32,174 [Listener at 127.0.0.1/32799] INFO  server.session (HouseKeeper.java:stopScavenging(149)) - node0 Stopped scavenging
2020-12-01 09:36:32,175 [Listener at 127.0.0.1/32799] INFO  handler.ContextHandler (ContextHandler.java:doStop(1154)) - Stopped o.e.j.s.ServletContextHandler@36f2ada4{static,/static,file:///github/workspace/mnt/ozone/hadoop-ozone/integration-test/target/test-classes/webapps/static,STOPPED}
2020-12-01 09:36:32,175 [Listener at 127.0.0.1/32799] INFO  handler.ContextHandler (ContextHandler.java:doStop(1154)) - Stopped o.e.j.s.ServletContextHandler@5406cc0f{logs,/logs,file:///github/workspace/mnt/ozone/hadoop-ozone/integration-test/target/log,STOPPED}
2020-12-01 09:36:32,179 [Listener at 127.0.0.1/32799] INFO  ozone.MiniOzoneClusterImpl (MiniOzoneClusterImpl.java:stopDatanodes(462)) - Stopping the HddsDatanodes
2020-12-01 09:36:32,264 [EventQueue-Delayed safe mode statusForReplicationManager] INFO  container.ReplicationManager (ReplicationManager.java:start(178)) - Starting Replication Monitor Thread.
2020-12-01 09:36:32,268 [ReplicationMonitor] INFO  container.ReplicationManager (ReplicationManager.java:sendDeleteCommand(927)) - Sending delete container command for container #2 to datanode ea2d25e5-6c0c-4043-88f8-7a65b58a4550{ip: 172.17.0.2, host: d8c3efac84dc, networkLocation: /default-rack, certSerialId: null}
2020-12-01 09:36:32,270 [ReplicationMonitor] INFO  container.ReplicationManager (ReplicationManager.java:sendDeleteCommand(927)) - Sending delete container command for container #3 to datanode ff14e274-5ee8-4142-b96f-00dc3fd4f97a{ip: 172.17.0.2, host: d8c3efac84dc, networkLocation: /default-rack, certSerialId: null}
2020-12-01 09:36:32,270 [ReplicationMonitor] INFO  container.ReplicationManager (ReplicationManager.java:run(242)) - Replication Monitor Thread took 5 milliseconds for processing 4 containers.
2020-12-01 09:36:32,732 [Datanode State Machine Thread - 0] INFO  statemachine.DatanodeStateMachine (DatanodeStateMachine.java:lambda$startDaemon$0(406)) - Ozone container server started.
2020-12-01 09:36:32,816 [Datanode State Machine Thread - 0] INFO  statemachine.DatanodeStateMachine (DatanodeStateMachine.java:lambda$startDaemon$0(406)) - Ozone container server started.
2020-12-01 09:36:33,709 [Thread-635] INFO  impl.FollowerState (FollowerState.java:run(128)) - baf9e0b0-2136-44d3-ba54-7cdd5cf3d2d0@group-F3DB7A02F757-FollowerState: change to CANDIDATE, lastRpcTime:5096ms, electionTimeout:5086ms
2020-12-01 09:36:33,709 [Thread-635] INFO  impl.RoleInfo (RoleInfo.java:shutdownFollowerState(121)) - baf9e0b0-2136-44d3-ba54-7cdd5cf3d2d0: shutdown baf9e0b0-2136-44d3-ba54-7cdd5cf3d2d0@group-F3DB7A02F757-FollowerState
2020-12-01 09:36:33,709 [Thread-635] INFO  impl.RaftServerImpl (RaftServerImpl.java:setRole(204)) - baf9e0b0-2136-44d3-ba54-7cdd5cf3d2d0@group-F3DB7A02F757: changes role from  FOLLOWER to CANDIDATE at term 1 for changeToCandidate
2020-12-01 09:36:33,709 [Thread-635] INFO  impl.RoleInfo (RoleInfo.java:updateAndGet(143)) - baf9e0b0-2136-44d3-ba54-7cdd5cf3d2d0: start baf9e0b0-2136-44d3-ba54-7cdd5cf3d2d0@group-F3DB7A02F757-LeaderElection23
2020-12-01 09:36:33,713 [baf9e0b0-2136-44d3-ba54-7cdd5cf3d2d0@group-F3DB7A02F757-LeaderElection23] INFO  impl.LeaderElection (LeaderElection.java:askForVotes(215)) - baf9e0b0-2136-44d3-ba54-7cdd5cf3d2d0@group-F3DB7A02F757-LeaderElection23: begin an election at term 2 for -1: [166b87bd-eecb-47e0-96d7-94142ede9e7c|rpc:172.17.0.2:40201, baf9e0b0-2136-44d3-ba54-7cdd5cf3d2d0|rpc:172.17.0.2:44279, bd2246b5-b92f-4ca7-b3f9-6478d9a800dd|rpc:172.17.0.2:37467], old=null
2020-12-01 09:36:33,716 [Thread-636] INFO  impl.FollowerState (FollowerState.java:run(128)) - bd2246b5-b92f-4ca7-b3f9-6478d9a800dd@group-F3DB7A02F757-FollowerState: change to CANDIDATE, lastRpcTime:5102ms, electionTimeout:5101ms
2020-12-01 09:36:33,716 [Thread-636] INFO  impl.RoleInfo (RoleInfo.java:shutdownFollowerState(121)) - bd2246b5-b92f-4ca7-b3f9-6478d9a800dd: shutdown bd2246b5-b92f-4ca7-b3f9-6478d9a800dd@group-F3DB7A02F757-FollowerState
2020-12-01 09:36:33,716 [Thread-636] INFO  impl.RaftServerImpl (RaftServerImpl.java:setRole(204)) - bd2246b5-b92f-4ca7-b3f9-6478d9a800dd@group-F3DB7A02F757: changes role from  FOLLOWER to CANDIDATE at term 1 for changeToCandidate
2020-12-01 09:36:33,716 [Thread-636] INFO  impl.RoleInfo (RoleInfo.java:updateAndGet(143)) - bd2246b5-b92f-4ca7-b3f9-6478d9a800dd: start bd2246b5-b92f-4ca7-b3f9-6478d9a800dd@group-F3DB7A02F757-LeaderElection24
2020-12-01 09:36:33,724 [bd2246b5-b92f-4ca7-b3f9-6478d9a800dd@group-F3DB7A02F757-LeaderElection24] INFO  impl.LeaderElection (LeaderElection.java:askForVotes(215)) - bd2246b5-b92f-4ca7-b3f9-6478d9a800dd@group-F3DB7A02F757-LeaderElection24: begin an election at term 2 for -1: [166b87bd-eecb-47e0-96d7-94142ede9e7c|rpc:172.17.0.2:40201|dataStream:, baf9e0b0-2136-44d3-ba54-7cdd5cf3d2d0|rpc:172.17.0.2:44279|dataStream:, bd2246b5-b92f-4ca7-b3f9-6478d9a800dd|rpc:172.17.0.2:37467|dataStream:], old=null
2020-12-01 09:36:33,724 [grpc-default-executor-2] INFO  impl.RaftServerImpl (RaftServerImpl.java:setRole(204)) - 166b87bd-eecb-47e0-96d7-94142ede9e7c@group-F3DB7A02F757: changes role from  FOLLOWER to FOLLOWER at term 2 for recognizeCandidate:baf9e0b0-2136-44d3-ba54-7cdd5cf3d2d0
2020-12-01 09:36:33,724 [grpc-default-executor-2] INFO  impl.RoleInfo (RoleInfo.java:shutdownFollowerState(121)) - 166b87bd-eecb-47e0-96d7-94142ede9e7c: shutdown 166b87bd-eecb-47e0-96d7-94142ede9e7c@group-F3DB7A02F757-FollowerState
2020-12-01 09:36:33,730 [grpc-default-executor-2] INFO  impl.RoleInfo (RoleInfo.java:updateAndGet(143)) - 166b87bd-eecb-47e0-96d7-94142ede9e7c: start 166b87bd-eecb-47e0-96d7-94142ede9e7c@group-F3DB7A02F757-FollowerState
2020-12-01 09:36:33,730 [Thread-637] INFO  impl.FollowerState (FollowerState.java:run(137)) - 166b87bd-eecb-47e0-96d7-94142ede9e7c@group-F3DB7A02F757-FollowerState was interrupted: {}
java.lang.InterruptedException: sleep interrupted
	at java.lang.Thread.sleep(Native Method)
	at org.apache.ratis.util.JavaUtils.sleep(JavaUtils.java:250)
	at org.apache.ratis.server.impl.FollowerState.run(FollowerState.java:116)
2020-12-01 09:36:33,730 [grpc-default-executor-2] INFO  impl.RaftServerImpl (RaftServerImpl.java:requestVote(963)) -  FOLLOWER 166b87bd-eecb-47e0-96d7-94142ede9e7c@group-F3DB7A02F757:t2, leader=null, voted=null, raftlog=166b87bd-eecb-47e0-96d7-94142ede9e7c@group-F3DB7A02F757-SegmentedRaftLog:OPENED:c-1,f-1,i0, conf=-1: [166b87bd-eecb-47e0-96d7-94142ede9e7c|rpc:172.17.0.2:40201|dataStream:, baf9e0b0-2136-44d3-ba54-7cdd5cf3d2d0|rpc:172.17.0.2:44279|dataStream:, bd2246b5-b92f-4ca7-b3f9-6478d9a800dd|rpc:172.17.0.2:37467|dataStream:], old=null RUNNING priority:0 candidate:baf9e0b0-2136-44d3-ba54-7cdd5cf3d2d0|rpc:172.17.0.2:44279|dataStream: candidatePriority:0 compare:0
2020-12-01 09:36:33,739 [baf9e0b0-2136-44d3-ba54-7cdd5cf3d2d0@group-F3DB7A02F757-LeaderElection23] INFO  impl.LeaderElection (LeaderElection.java:logAndReturn(65)) - baf9e0b0-2136-44d3-ba54-7cdd5cf3d2d0@group-F3DB7A02F757-LeaderElection23: Election PASSED; received 1 response(s) [baf9e0b0-2136-44d3-ba54-7cdd5cf3d2d0<-166b87bd-eecb-47e0-96d7-94142ede9e7c#0:OK-t2] and 0 exception(s); baf9e0b0-2136-44d3-ba54-7cdd5cf3d2d0@group-F3DB7A02F757:t2, leader=null, voted=baf9e0b0-2136-44d3-ba54-7cdd5cf3d2d0, raftlog=baf9e0b0-2136-44d3-ba54-7cdd5cf3d2d0@group-F3DB7A02F757-SegmentedRaftLog:OPENED:c-1,f-1,i0, conf=-1: [166b87bd-eecb-47e0-96d7-94142ede9e7c|rpc:172.17.0.2:40201, baf9e0b0-2136-44d3-ba54-7cdd5cf3d2d0|rpc:172.17.0.2:44279, bd2246b5-b92f-4ca7-b3f9-6478d9a800dd|rpc:172.17.0.2:37467], old=null
2020-12-01 09:36:33,739 [baf9e0b0-2136-44d3-ba54-7cdd5cf3d2d0@group-F3DB7A02F757-LeaderElection23] INFO  impl.RoleInfo (RoleInfo.java:shutdownLeaderElection(134)) - baf9e0b0-2136-44d3-ba54-7cdd5cf3d2d0: shutdown baf9e0b0-2136-44d3-ba54-7cdd5cf3d2d0@group-F3DB7A02F757-LeaderElection23
2020-12-01 09:36:33,739 [baf9e0b0-2136-44d3-ba54-7cdd5cf3d2d0@group-F3DB7A02F757-LeaderElection23] INFO  impl.RaftServerImpl (RaftServerImpl.java:setRole(204)) - baf9e0b0-2136-44d3-ba54-7cdd5cf3d2d0@group-F3DB7A02F757: changes role from CANDIDATE to LEADER at term 2 for changeToLeader
2020-12-01 09:36:33,739 [baf9e0b0-2136-44d3-ba54-7cdd5cf3d2d0@group-F3DB7A02F757-LeaderElection23] INFO  ratis.XceiverServerRatis (XceiverServerRatis.java:handleLeaderChangedNotification(854)) - Leader change notification received for group: group-F3DB7A02F757 with new leaderId: baf9e0b0-2136-44d3-ba54-7cdd5cf3d2d0
2020-12-01 09:36:33,740 [baf9e0b0-2136-44d3-ba54-7cdd5cf3d2d0@group-F3DB7A02F757-LeaderElection23] INFO  impl.RaftServerImpl (ServerState.java:setLeader(256)) - baf9e0b0-2136-44d3-ba54-7cdd5cf3d2d0@group-F3DB7A02F757: change Leader from null to baf9e0b0-2136-44d3-ba54-7cdd5cf3d2d0 at term 2 for becomeLeader, leader elected after 10310ms
2020-12-01 09:36:33,740 [baf9e0b0-2136-44d3-ba54-7cdd5cf3d2d0@group-F3DB7A02F757-LeaderElection23] INFO  server.RaftServerConfigKeys (ConfUtils.java:logGet(44)) - raft.server.staging.catchup.gap = 1000 (default)
2020-12-01 09:36:33,740 [baf9e0b0-2136-44d3-ba54-7cdd5cf3d2d0@group-F3DB7A02F757-LeaderElection23] INFO  server.RaftServerConfigKeys (ConfUtils.java:logGet(44)) - raft.server.rpc.sleep.time = 25ms (default)
2020-12-01 09:36:33,740 [baf9e0b0-2136-44d3-ba54-7cdd5cf3d2d0@group-F3DB7A02F757-LeaderElection23] INFO  metrics.RatisMetrics (RatisMetrics.java:lambda$create$0(36)) - Creating Metrics Registry : ratis.log_appender.baf9e0b0-2136-44d3-ba54-7cdd5cf3d2d0@group-F3DB7A02F757
2020-12-01 09:36:33,740 [baf9e0b0-2136-44d3-ba54-7cdd5cf3d2d0@group-F3DB7A02F757-LeaderElection23] INFO  server.RaftServerConfigKeys (ConfUtils.java:logGet(44)) - raft.server.write.element-limit = 1024 (custom)
2020-12-01 09:36:33,740 [baf9e0b0-2136-44d3-ba54-7cdd5cf3d2d0@group-F3DB7A02F757-LeaderElection23] INFO  server.RaftServerConfigKeys (ConfUtils.java:logGet(44)) - raft.server.write.byte-limit = 1073741824 (custom)
2020-12-01 09:36:33,740 [baf9e0b0-2136-44d3-ba54-7cdd5cf3d2d0@group-F3DB7A02F757-LeaderElection23] INFO  server.RaftServerConfigKeys (ConfUtils.java:logGet(44)) - raft.server.watch.timeout = 180s (custom)
2020-12-01 09:36:33,740 [baf9e0b0-2136-44d3-ba54-7cdd5cf3d2d0@group-F3DB7A02F757-LeaderElection23] INFO  server.RaftServerConfigKeys (ConfUtils.java:logGet(44)) - raft.server.watch.timeout.denomination = 1s (default)
2020-12-01 09:36:33,741 [baf9e0b0-2136-44d3-ba54-7cdd5cf3d2d0@group-F3DB7A02F757-LeaderElection23] INFO  server.RaftServerConfigKeys (ConfUtils.java:logGet(44)) - raft.server.watch.element-limit = 65536 (default)
2020-12-01 09:36:33,741 [baf9e0b0-2136-44d3-ba54-7cdd5cf3d2d0@group-F3DB7A02F757-LeaderElection23] INFO  server.RaftServerConfigKeys (ConfUtils.java:logGet(44)) - raft.server.log.appender.snapshot.chunk.size.max = 16MB (=16777216) (default)
2020-12-01 09:36:33,741 [baf9e0b0-2136-44d3-ba54-7cdd5cf3d2d0@group-F3DB7A02F757-LeaderElection23] INFO  server.RaftServerConfigKeys (ConfUtils.java:logGet(44)) - raft.server.log.appender.buffer.byte-limit = 33554432 (custom)
2020-12-01 09:36:33,741 [baf9e0b0-2136-44d3-ba54-7cdd5cf3d2d0@group-F3DB7A02F757-LeaderElection23] INFO  server.RaftServerConfigKeys (ConfUtils.java:logGet(44)) - raft.server.log.appender.buffer.element-limit = 1 (custom)
2020-12-01 09:36:33,741 [baf9e0b0-2136-44d3-ba54-7cdd5cf3d2d0@group-F3DB7A02F757-LeaderElection23] INFO  grpc.GrpcConfigKeys (ConfUtils.java:logGet(44)) - raft.grpc.server.leader.outstanding.appends.max = 128 (default)
2020-12-01 09:36:33,741 [baf9e0b0-2136-44d3-ba54-7cdd5cf3d2d0@group-F3DB7A02F757-LeaderElection23] INFO  server.RaftServerConfigKeys (ConfUtils.java:logGet(44)) - raft.server.rpc.request.timeout = 60s (custom)
2020-12-01 09:36:33,741 [baf9e0b0-2136-44d3-ba54-7cdd5cf3d2d0@group-F3DB7A02F757-LeaderElection23] INFO  server.RaftServerConfigKeys (ConfUtils.java:logGet(44)) - raft.server.log.appender.install.snapshot.enabled = false (custom)
2020-12-01 09:36:33,741 [baf9e0b0-2136-44d3-ba54-7cdd5cf3d2d0@group-F3DB7A02F757-LeaderElection23] INFO  metrics.RatisMetrics (RatisMetrics.java:lambda$create$0(36)) - Creating Metrics Registry : ratis_grpc.log_appender.baf9e0b0-2136-44d3-ba54-7cdd5cf3d2d0@group-F3DB7A02F757
2020-12-01 09:36:33,744 [EventQueue-PipelineReportForPipelineReportHandler] INFO  pipeline.PipelineStateManager (PipelineStateManager.java:openPipeline(132)) - Pipeline Pipeline[ Id: ff8df048-472c-433c-93d2-f3db7a02f757, Nodes: baf9e0b0-2136-44d3-ba54-7cdd5cf3d2d0{ip: 172.17.0.2, host: d8c3efac84dc, networkLocation: /default-rack, certSerialId: null}bd2246b5-b92f-4ca7-b3f9-6478d9a800dd{ip: 172.17.0.2, host: d8c3efac84dc, networkLocation: /default-rack, certSerialId: null}166b87bd-eecb-47e0-96d7-94142ede9e7c{ip: 172.17.0.2, host: d8c3efac84dc, networkLocation: /default-rack, certSerialId: null}, Type:RATIS, Factor:THREE, State:ALLOCATED, leaderId:baf9e0b0-2136-44d3-ba54-7cdd5cf3d2d0, CreationTimestamp2020-12-01T09:36:20.777Z] moved to OPEN state
2020-12-01 09:36:33,750 [baf9e0b0-2136-44d3-ba54-7cdd5cf3d2d0@group-F3DB7A02F757-LeaderElection23] INFO  server.RaftServerConfigKeys (ConfUtils.java:logGet(44)) - raft.server.log.appender.snapshot.chunk.size.max = 16MB (=16777216) (default)
2020-12-01 09:36:33,750 [baf9e0b0-2136-44d3-ba54-7cdd5cf3d2d0@group-F3DB7A02F757-LeaderElection23] INFO  server.RaftServerConfigKeys (ConfUtils.java:logGet(44)) - raft.server.log.appender.buffer.byte-limit = 33554432 (custom)
2020-12-01 09:36:33,750 [baf9e0b0-2136-44d3-ba54-7cdd5cf3d2d0@group-F3DB7A02F757-LeaderElection23] INFO  server.RaftServerConfigKeys (ConfUtils.java:logGet(44)) - raft.server.log.appender.buffer.element-limit = 1 (custom)
2020-12-01 09:36:33,750 [baf9e0b0-2136-44d3-ba54-7cdd5cf3d2d0@group-F3DB7A02F757-LeaderElection23] INFO  grpc.GrpcConfigKeys (ConfUtils.java:logGet(44)) - raft.grpc.server.leader.outstanding.appends.max = 128 (default)
2020-12-01 09:36:33,750 [baf9e0b0-2136-44d3-ba54-7cdd5cf3d2d0@group-F3DB7A02F757-LeaderElection23] INFO  server.RaftServerConfigKeys (ConfUtils.java:logGet(44)) - raft.server.rpc.request.timeout = 60s (custom)
2020-12-01 09:36:33,750 [baf9e0b0-2136-44d3-ba54-7cdd5cf3d2d0@group-F3DB7A02F757-LeaderElection23] INFO  server.RaftServerConfigKeys (ConfUtils.java:logGet(44)) - raft.server.log.appender.install.snapshot.enabled = false (custom)
2020-12-01 09:36:33,751 [baf9e0b0-2136-44d3-ba54-7cdd5cf3d2d0@group-F3DB7A02F757-LeaderElection23] INFO  impl.RoleInfo (RoleInfo.java:updateAndGet(143)) - baf9e0b0-2136-44d3-ba54-7cdd5cf3d2d0: start baf9e0b0-2136-44d3-ba54-7cdd5cf3d2d0@group-F3DB7A02F757-LeaderState
2020-12-01 09:36:33,751 [baf9e0b0-2136-44d3-ba54-7cdd5cf3d2d0@group-F3DB7A02F757-LeaderElection23] INFO  segmented.SegmentedRaftLogWorker (SegmentedRaftLogWorker.java:startLogSegment(398)) - baf9e0b0-2136-44d3-ba54-7cdd5cf3d2d0@group-F3DB7A02F757-SegmentedRaftLogWorker: Starting segment from index:0
2020-12-01 09:36:33,753 [baf9e0b0-2136-44d3-ba54-7cdd5cf3d2d0@group-F3DB7A02F757-SegmentedRaftLogWorker] INFO  segmented.SegmentedRaftLogWorker (SegmentedRaftLogWorker.java:execute(597)) - baf9e0b0-2136-44d3-ba54-7cdd5cf3d2d0@group-F3DB7A02F757-SegmentedRaftLogWorker: created new log segment /github/workspace/mnt/ozone/hadoop-ozone/integration-test/target/test-dir/MiniOzoneClusterImpl-8d4a4fce-edf6-4f04-8cc5-f8d714c00e47/datanode-0/data/ratis/ff8df048-472c-433c-93d2-f3db7a02f757/current/log_inprogress_0
2020-12-01 09:36:33,756 [baf9e0b0-2136-44d3-ba54-7cdd5cf3d2d0@group-F3DB7A02F757-LeaderElection23] INFO  impl.RaftServerImpl (ServerState.java:setRaftConf(374)) - baf9e0b0-2136-44d3-ba54-7cdd5cf3d2d0@group-F3DB7A02F757: set configuration 0: [166b87bd-eecb-47e0-96d7-94142ede9e7c|rpc:172.17.0.2:40201|dataStream:, baf9e0b0-2136-44d3-ba54-7cdd5cf3d2d0|rpc:172.17.0.2:44279|dataStream:, bd2246b5-b92f-4ca7-b3f9-6478d9a800dd|rpc:172.17.0.2:37467|dataStream:], old=null at 0
2020-12-01 09:36:33,760 [grpc-default-executor-1] INFO  ratis.XceiverServerRatis (XceiverServerRatis.java:handleLeaderChangedNotification(854)) - Leader change notification received for group: group-F3DB7A02F757 with new leaderId: baf9e0b0-2136-44d3-ba54-7cdd5cf3d2d0
2020-12-01 09:36:33,760 [grpc-default-executor-1] INFO  impl.RaftServerImpl (ServerState.java:setLeader(256)) - 166b87bd-eecb-47e0-96d7-94142ede9e7c@group-F3DB7A02F757: change Leader from null to baf9e0b0-2136-44d3-ba54-7cdd5cf3d2d0 at term 2 for appendEntries, leader elected after 10255ms
2020-12-01 09:36:33,760 [grpc-default-executor-2] INFO  impl.RaftServerImpl (RaftServerImpl.java:requestVote(953)) - baf9e0b0-2136-44d3-ba54-7cdd5cf3d2d0@group-F3DB7A02F757-   LEADER: Withhold vote from candidate bd2246b5-b92f-4ca7-b3f9-6478d9a800dd with term 2. State: leader=baf9e0b0-2136-44d3-ba54-7cdd5cf3d2d0, term=2, lastRpcElapsed=null
2020-12-01 09:36:33,761 [grpc-default-executor-2] INFO  impl.RaftServerImpl (ServerState.java:setRaftConf(374)) - 166b87bd-eecb-47e0-96d7-94142ede9e7c@group-F3DB7A02F757: set configuration 0: [166b87bd-eecb-47e0-96d7-94142ede9e7c|rpc:172.17.0.2:40201|dataStream:, baf9e0b0-2136-44d3-ba54-7cdd5cf3d2d0|rpc:172.17.0.2:44279|dataStream:, bd2246b5-b92f-4ca7-b3f9-6478d9a800dd|rpc:172.17.0.2:37467|dataStream:], old=null at 0
2020-12-01 09:36:33,762 [grpc-default-executor-2] INFO  segmented.SegmentedRaftLogWorker (SegmentedRaftLogWorker.java:startLogSegment(398)) - 166b87bd-eecb-47e0-96d7-94142ede9e7c@group-F3DB7A02F757-SegmentedRaftLogWorker: Starting segment from index:0
2020-12-01 09:36:33,765 [bd2246b5-b92f-4ca7-b3f9-6478d9a800dd@group-F3DB7A02F757-LeaderElection24] INFO  impl.LeaderElection (LeaderElection.java:logAndReturn(65)) - bd2246b5-b92f-4ca7-b3f9-6478d9a800dd@group-F3DB7A02F757-LeaderElection24: Election REJECTED; received 2 response(s) [bd2246b5-b92f-4ca7-b3f9-6478d9a800dd<-166b87bd-eecb-47e0-96d7-94142ede9e7c#0:FAIL-t2, bd2246b5-b92f-4ca7-b3f9-6478d9a800dd<-baf9e0b0-2136-44d3-ba54-7cdd5cf3d2d0#0:FAIL-t2] and 0 exception(s); bd2246b5-b92f-4ca7-b3f9-6478d9a800dd@group-F3DB7A02F757:t2, leader=null, voted=bd2246b5-b92f-4ca7-b3f9-6478d9a800dd, raftlog=bd2246b5-b92f-4ca7-b3f9-6478d9a800dd@group-F3DB7A02F757-SegmentedRaftLog:OPENED:c-1,f-1,i0, conf=-1: [166b87bd-eecb-47e0-96d7-94142ede9e7c|rpc:172.17.0.2:40201|dataStream:, baf9e0b0-2136-44d3-ba54-7cdd5cf3d2d0|rpc:172.17.0.2:44279|dataStream:, bd2246b5-b92f-4ca7-b3f9-6478d9a800dd|rpc:172.17.0.2:37467|dataStream:], old=null
2020-12-01 09:36:33,765 [bd2246b5-b92f-4ca7-b3f9-6478d9a800dd@group-F3DB7A02F757-LeaderElection24] INFO  impl.RaftServerImpl (RaftServerImpl.java:setRole(204)) - bd2246b5-b92f-4ca7-b3f9-6478d9a800dd@group-F3DB7A02F757: changes role from CANDIDATE to FOLLOWER at term 2 for DISCOVERED_A_NEW_TERM
2020-12-01 09:36:33,765 [bd2246b5-b92f-4ca7-b3f9-6478d9a800dd@group-F3DB7A02F757-LeaderElection24] INFO  impl.RoleInfo (RoleInfo.java:shutdownLeaderElection(134)) - bd2246b5-b92f-4ca7-b3f9-6478d9a800dd: shutdown bd2246b5-b92f-4ca7-b3f9-6478d9a800dd@group-F3DB7A02F757-LeaderElection24
2020-12-01 09:36:33,765 [bd2246b5-b92f-4ca7-b3f9-6478d9a800dd@group-F3DB7A02F757-LeaderElection24] INFO  impl.RoleInfo (RoleInfo.java:updateAndGet(143)) - bd2246b5-b92f-4ca7-b3f9-6478d9a800dd: start bd2246b5-b92f-4ca7-b3f9-6478d9a800dd@group-F3DB7A02F757-FollowerState
2020-12-01 09:36:33,765 [166b87bd-eecb-47e0-96d7-94142ede9e7c@group-F3DB7A02F757-SegmentedRaftLogWorker] INFO  segmented.SegmentedRaftLogWorker (SegmentedRaftLogWorker.java:execute(597)) - 166b87bd-eecb-47e0-96d7-94142ede9e7c@group-F3DB7A02F757-SegmentedRaftLogWorker: created new log segment /github/workspace/mnt/ozone/hadoop-ozone/integration-test/target/test-dir/MiniOzoneClusterImpl-8d4a4fce-edf6-4f04-8cc5-f8d714c00e47/datanode-2/data/ratis/ff8df048-472c-433c-93d2-f3db7a02f757/current/log_inprogress_0
2020-12-01 09:36:33,767 [grpc-default-executor-1] INFO  ratis.XceiverServerRatis (XceiverServerRatis.java:handleLeaderChangedNotification(854)) - Leader change notification received for group: group-F3DB7A02F757 with new leaderId: baf9e0b0-2136-44d3-ba54-7cdd5cf3d2d0
2020-12-01 09:36:33,776 [grpc-default-executor-1] INFO  impl.RaftServerImpl (ServerState.java:setLeader(256)) - bd2246b5-b92f-4ca7-b3f9-6478d9a800dd@group-F3DB7A02F757: change Leader from null to baf9e0b0-2136-44d3-ba54-7cdd5cf3d2d0 at term 2 for appendEntries, leader elected after 10312ms
2020-12-01 09:36:33,778 [grpc-default-executor-1] INFO  impl.RaftServerImpl (ServerState.java:setRaftConf(374)) - bd2246b5-b92f-4ca7-b3f9-6478d9a800dd@group-F3DB7A02F757: set configuration 0: [166b87bd-eecb-47e0-96d7-94142ede9e7c|rpc:172.17.0.2:40201|dataStream:, baf9e0b0-2136-44d3-ba54-7cdd5cf3d2d0|rpc:172.17.0.2:44279|dataStream:, bd2246b5-b92f-4ca7-b3f9-6478d9a800dd|rpc:172.17.0.2:37467|dataStream:], old=null at 0
2020-12-01 09:36:33,778 [grpc-default-executor-1] INFO  segmented.SegmentedRaftLogWorker (SegmentedRaftLogWorker.java:startLogSegment(398)) - bd2246b5-b92f-4ca7-b3f9-6478d9a800dd@group-F3DB7A02F757-SegmentedRaftLogWorker: Starting segment from index:0
2020-12-01 09:36:33,780 [bd2246b5-b92f-4ca7-b3f9-6478d9a800dd@group-F3DB7A02F757-SegmentedRaftLogWorker] INFO  segmented.SegmentedRaftLogWorker (SegmentedRaftLogWorker.java:execute(597)) - bd2246b5-b92f-4ca7-b3f9-6478d9a800dd@group-F3DB7A02F757-SegmentedRaftLogWorker: created new log segment /github/workspace/mnt/ozone/hadoop-ozone/integration-test/target/test-dir/MiniOzoneClusterImpl-8d4a4fce-edf6-4f04-8cc5-f8d714c00e47/datanode-1/data/ratis/ff8df048-472c-433c-93d2-f3db7a02f757/current/log_inprogress_0
2020-12-01 09:36:36,804 [org.apache.ratis.server.JvmPauseMonitor@1ce7f8c7-Monitor] WARN  server.JvmPauseMonitor (JvmPauseMonitor.java:run(141)) - Detected pause in JVM or host machine (eg GC): pause of approximately 1ms
No GCs detected
2020-12-01 09:36:37,180 [ForkJoinPool.commonPool-worker-0] INFO  ozoneimpl.OzoneContainer (OzoneContainer.java:stop(257)) - Attempting to stop container services.
2020-12-01 09:36:37,180 [ForkJoinPool.commonPool-worker-0] INFO  impl.RaftServerProxy (RaftServerProxy.java:lambda$close$4(338)) - bd2246b5-b92f-4ca7-b3f9-6478d9a800dd: close
2020-12-01 09:36:37,181 [ForkJoinPool.commonPool-worker-0] INFO  impl.RaftServerImpl (RaftServerImpl.java:lambda$shutdown$3(328)) - bd2246b5-b92f-4ca7-b3f9-6478d9a800dd@group-0F62F841E0F9: shutdown
2020-12-01 09:36:37,181 [Listener at 127.0.0.1/32799] INFO  ozoneimpl.OzoneContainer (OzoneContainer.java:stop(257)) - Attempting to stop container services.
2020-12-01 09:36:37,181 [ForkJoinPool.commonPool-worker-0] INFO  util.JmxRegister (JmxRegister.java:unregister(73)) - Successfully un-registered JMX Bean with object name Ratis:service=RaftServer,group=group-0F62F841E0F9,id=bd2246b5-b92f-4ca7-b3f9-6478d9a800dd
2020-12-01 09:36:37,182 [ForkJoinPool.commonPool-worker-0] INFO  impl.RoleInfo (RoleInfo.java:shutdownLeaderState(104)) - bd2246b5-b92f-4ca7-b3f9-6478d9a800dd: shutdown bd2246b5-b92f-4ca7-b3f9-6478d9a800dd@group-0F62F841E0F9-LeaderState
2020-12-01 09:36:37,182 [ForkJoinPool.commonPool-worker-0] INFO  impl.PendingRequests (PendingRequests.java:sendNotLeaderResponses(250)) - bd2246b5-b92f-4ca7-b3f9-6478d9a800dd@group-0F62F841E0F9-PendingRequests: sendNotLeaderResponses
2020-12-01 09:36:37,182 [ForkJoinPool.commonPool-worker-0] INFO  metrics.RatisMetrics (RatisMetrics.java:unregister(43)) - Unregistering Metrics Registry : ratis.log_appender.bd2246b5-b92f-4ca7-b3f9-6478d9a800dd@group-0F62F841E0F9
2020-12-01 09:36:37,182 [Listener at 127.0.0.1/32799] INFO  impl.RaftServerProxy (RaftServerProxy.java:lambda$close$4(338)) - ff14e274-5ee8-4142-b96f-00dc3fd4f97a: close
2020-12-01 09:36:37,183 [Listener at 127.0.0.1/32799] INFO  impl.RaftServerImpl (RaftServerImpl.java:lambda$shutdown$3(328)) - ff14e274-5ee8-4142-b96f-00dc3fd4f97a@group-D2DFA6907B63: shutdown
2020-12-01 09:36:37,183 [Listener at 127.0.0.1/32799] INFO  util.JmxRegister (JmxRegister.java:unregister(73)) - Successfully un-registered JMX Bean with object name Ratis:service=RaftServer,group=group-D2DFA6907B63,id=ff14e274-5ee8-4142-b96f-00dc3fd4f97a
2020-12-01 09:36:37,183 [Listener at 127.0.0.1/32799] INFO  impl.RoleInfo (RoleInfo.java:shutdownFollowerState(121)) - ff14e274-5ee8-4142-b96f-00dc3fd4f97a: shutdown ff14e274-5ee8-4142-b96f-00dc3fd4f97a@group-D2DFA6907B63-FollowerState
2020-12-01 09:36:37,183 [Listener at 127.0.0.1/32799] INFO  impl.StateMachineUpdater (StateMachineUpdater.java:stopAndJoin(147)) - ff14e274-5ee8-4142-b96f-00dc3fd4f97a@group-D2DFA6907B63-StateMachineUpdater: set stopIndex = 0
2020-12-01 09:36:37,183 [Thread-651] INFO  impl.FollowerState (FollowerState.java:run(137)) - ff14e274-5ee8-4142-b96f-00dc3fd4f97a@group-D2DFA6907B63-FollowerState was interrupted: {}
java.lang.InterruptedException: sleep interrupted
	at java.lang.Thread.sleep(Native Method)
	at org.apache.ratis.util.JavaUtils.sleep(JavaUtils.java:250)
	at org.apache.ratis.server.impl.FollowerState.run(FollowerState.java:116)
2020-12-01 09:36:37,183 [ff14e274-5ee8-4142-b96f-00dc3fd4f97a@group-D2DFA6907B63-StateMachineUpdater] INFO  ratis.ContainerStateMachine (ContainerStateMachine.java:takeSnapshot(293)) - group-D2DFA6907B63: Taking a snapshot at:(t:1, i:0) file /github/workspace/mnt/ozone/hadoop-ozone/integration-test/target/test-dir/MiniOzoneClusterImpl-8d4a4fce-edf6-4f04-8cc5-f8d714c00e47/datanode-4/data/ratis/624329bb-788f-4473-88f4-d2dfa6907b63/sm/snapshot.1_0
2020-12-01 09:36:37,185 [ForkJoinPool.commonPool-worker-0] INFO  metrics.RatisMetrics (RatisMetrics.java:unregister(43)) - Unregistering Metrics Registry : ratis.server.bd2246b5-b92f-4ca7-b3f9-6478d9a800dd@group-0F62F841E0F9
2020-12-01 09:36:37,187 [bd2246b5-b92f-4ca7-b3f9-6478d9a800dd@group-0F62F841E0F9-StateMachineUpdater] INFO  ratis.ContainerStateMachine (ContainerStateMachine.java:takeSnapshot(293)) - group-0F62F841E0F9: Taking a snapshot at:(t:1, i:0) file /github/workspace/mnt/ozone/hadoop-ozone/integration-test/target/test-dir/MiniOzoneClusterImpl-8d4a4fce-edf6-4f04-8cc5-f8d714c00e47/datanode-1/data/ratis/39a54845-842d-437a-ba0d-0f62f841e0f9/sm/snapshot.1_0
2020-12-01 09:36:37,187 [ff14e274-5ee8-4142-b96f-00dc3fd4f97a@group-D2DFA6907B63-StateMachineUpdater] INFO  ratis.ContainerStateMachine (ContainerStateMachine.java:takeSnapshot(304)) - group-D2DFA6907B63: Finished taking a snapshot at:(t:1, i:0) file:/github/workspace/mnt/ozone/hadoop-ozone/integration-test/target/test-dir/MiniOzoneClusterImpl-8d4a4fce-edf6-4f04-8cc5-f8d714c00e47/datanode-4/data/ratis/624329bb-788f-4473-88f4-d2dfa6907b63/sm/snapshot.1_0 time:3
2020-12-01 09:36:37,187 [ff14e274-5ee8-4142-b96f-00dc3fd4f97a@group-D2DFA6907B63-StateMachineUpdater] INFO  impl.StateMachineUpdater (StateMachineUpdater.java:takeSnapshot(278)) - ff14e274-5ee8-4142-b96f-00dc3fd4f97a@group-D2DFA6907B63-StateMachineUpdater: Took a snapshot at index 0
2020-12-01 09:36:37,187 [ff14e274-5ee8-4142-b96f-00dc3fd4f97a@group-D2DFA6907B63-StateMachineUpdater] INFO  impl.StateMachineUpdater (StateMachineUpdater.java:lambda$new$0(87)) - ff14e274-5ee8-4142-b96f-00dc3fd4f97a@group-D2DFA6907B63-StateMachineUpdater: snapshotIndex: updateIncreasingly -1 -> 0
2020-12-01 09:36:37,187 [ff14e274-5ee8-4142-b96f-00dc3fd4f97a@group-D2DFA6907B63-StateMachineUpdater] INFO  metrics.RatisMetrics (RatisMetrics.java:unregister(43)) - Unregistering Metrics Registry : ratis.state_machine.ff14e274-5ee8-4142-b96f-00dc3fd4f97a@group-D2DFA6907B63
2020-12-01 09:36:37,188 [bd2246b5-b92f-4ca7-b3f9-6478d9a800dd@group-0F62F841E0F9-StateMachineUpdater] INFO  ratis.ContainerStateMachine (ContainerStateMachine.java:takeSnapshot(304)) - group-0F62F841E0F9: Finished taking a snapshot at:(t:1, i:0) file:/github/workspace/mnt/ozone/hadoop-ozone/integration-test/target/test-dir/MiniOzoneClusterImpl-8d4a4fce-edf6-4f04-8cc5-f8d714c00e47/datanode-1/data/ratis/39a54845-842d-437a-ba0d-0f62f841e0f9/sm/snapshot.1_0 time:1
2020-12-01 09:36:37,188 [bd2246b5-b92f-4ca7-b3f9-6478d9a800dd@group-0F62F841E0F9-StateMachineUpdater] INFO  impl.StateMachineUpdater (StateMachineUpdater.java:takeSnapshot(278)) - bd2246b5-b92f-4ca7-b3f9-6478d9a800dd@group-0F62F841E0F9-StateMachineUpdater: Took a snapshot at index 0
2020-12-01 09:36:37,188 [bd2246b5-b92f-4ca7-b3f9-6478d9a800dd@group-0F62F841E0F9-StateMachineUpdater] INFO  impl.StateMachineUpdater (StateMachineUpdater.java:lambda$new$0(87)) - bd2246b5-b92f-4ca7-b3f9-6478d9a800dd@group-0F62F841E0F9-StateMachineUpdater: snapshotIndex: updateIncreasingly -1 -> 0
2020-12-01 09:36:37,188 [bd2246b5-b92f-4ca7-b3f9-6478d9a800dd@group-0F62F841E0F9-StateMachineUpdater] INFO  metrics.RatisMetrics (RatisMetrics.java:unregister(43)) - Unregistering Metrics Registry : ratis.state_machine.bd2246b5-b92f-4ca7-b3f9-6478d9a800dd@group-0F62F841E0F9
2020-12-01 09:36:37,189 [ForkJoinPool.commonPool-worker-0] INFO  impl.StateMachineUpdater (StateMachineUpdater.java:stopAndJoin(147)) - bd2246b5-b92f-4ca7-b3f9-6478d9a800dd@group-0F62F841E0F9-StateMachineUpdater: set stopIndex = 0
2020-12-01 09:36:37,189 [ForkJoinPool.commonPool-worker-0] INFO  impl.RaftServerImpl (ServerState.java:close(406)) - bd2246b5-b92f-4ca7-b3f9-6478d9a800dd@group-0F62F841E0F9: closes. applyIndex: 0
2020-12-01 09:36:37,189 [bd2246b5-b92f-4ca7-b3f9-6478d9a800dd@group-0F62F841E0F9-SegmentedRaftLogWorker] INFO  segmented.SegmentedRaftLogWorker (SegmentedRaftLogWorker.java:run(329)) - bd2246b5-b92f-4ca7-b3f9-6478d9a800dd@group-0F62F841E0F9-SegmentedRaftLogWorker was interrupted, exiting. There are 0 tasks remaining in the queue.
2020-12-01 09:36:37,189 [Listener at 127.0.0.1/32799] INFO  impl.RaftServerImpl (ServerState.java:close(406)) - ff14e274-5ee8-4142-b96f-00dc3fd4f97a@group-D2DFA6907B63: closes. applyIndex: 0
2020-12-01 09:36:37,190 [ForkJoinPool.commonPool-worker-0] INFO  segmented.SegmentedRaftLogWorker (SegmentedRaftLogWorker.java:close(235)) - bd2246b5-b92f-4ca7-b3f9-6478d9a800dd@group-0F62F841E0F9-SegmentedRaftLogWorker close()
2020-12-01 09:36:37,191 [ff14e274-5ee8-4142-b96f-00dc3fd4f97a@group-D2DFA6907B63-SegmentedRaftLogWorker] INFO  segmented.SegmentedRaftLogWorker (SegmentedRaftLogWorker.java:run(329)) - ff14e274-5ee8-4142-b96f-00dc3fd4f97a@group-D2DFA6907B63-SegmentedRaftLogWorker was interrupted, exiting. There are 0 tasks remaining in the queue.
2020-12-01 09:36:37,192 [Listener at 127.0.0.1/32799] INFO  segmented.SegmentedRaftLogWorker (SegmentedRaftLogWorker.java:close(235)) - ff14e274-5ee8-4142-b96f-00dc3fd4f97a@group-D2DFA6907B63-SegmentedRaftLogWorker close()
2020-12-01 09:36:37,198 [Listener at 127.0.0.1/32799] INFO  metrics.RatisMetrics (RatisMetrics.java:unregister(43)) - Unregistering Metrics Registry : ratis.log_worker.ff14e274-5ee8-4142-b96f-00dc3fd4f97a@group-D2DFA6907B63
2020-12-01 09:36:37,198 [ForkJoinPool.commonPool-worker-0] INFO  metrics.RatisMetrics (RatisMetrics.java:unregister(43)) - Unregistering Metrics Registry : ratis.log_worker.bd2246b5-b92f-4ca7-b3f9-6478d9a800dd@group-0F62F841E0F9
2020-12-01 09:36:37,198 [Listener at 127.0.0.1/32799] INFO  metrics.RatisMetrics (RatisMetrics.java:unregister(43)) - Unregistering Metrics Registry : ratis.leader_election.ff14e274-5ee8-4142-b96f-00dc3fd4f97a@group-D2DFA6907B63
2020-12-01 09:36:37,198 [Listener at 127.0.0.1/32799] INFO  metrics.RatisMetrics (RatisMetrics.java:unregister(43)) - Unregistering Metrics Registry : ratis.server.ff14e274-5ee8-4142-b96f-00dc3fd4f97a@group-D2DFA6907B63
2020-12-01 09:36:37,199 [Listener at 127.0.0.1/32799] INFO  impl.RaftServerImpl (RaftServerImpl.java:lambda$shutdown$3(328)) - ff14e274-5ee8-4142-b96f-00dc3fd4f97a@group-298BA3011926: shutdown
2020-12-01 09:36:37,199 [Listener at 127.0.0.1/32799] INFO  util.JmxRegister (JmxRegister.java:unregister(73)) - Successfully un-registered JMX Bean with object name Ratis:service=RaftServer,group=group-298BA3011926,id=ff14e274-5ee8-4142-b96f-00dc3fd4f97a
2020-12-01 09:36:37,198 [ForkJoinPool.commonPool-worker-0] INFO  metrics.RatisMetrics (RatisMetrics.java:unregister(43)) - Unregistering Metrics Registry : ratis.leader_election.bd2246b5-b92f-4ca7-b3f9-6478d9a800dd@group-0F62F841E0F9
2020-12-01 09:36:37,199 [Listener at 127.0.0.1/32799] INFO  impl.RoleInfo (RoleInfo.java:shutdownLeaderState(104)) - ff14e274-5ee8-4142-b96f-00dc3fd4f97a: shutdown ff14e274-5ee8-4142-b96f-00dc3fd4f97a@group-298BA3011926-LeaderState
2020-12-01 09:36:37,199 [Listener at 127.0.0.1/32799] INFO  impl.PendingRequests (PendingRequests.java:sendNotLeaderResponses(250)) - ff14e274-5ee8-4142-b96f-00dc3fd4f97a@group-298BA3011926-PendingRequests: sendNotLeaderResponses
2020-12-01 09:36:37,199 [ForkJoinPool.commonPool-worker-0] INFO  metrics.RatisMetrics (RatisMetrics.java:unregister(43)) - Unregistering Metrics Registry : ratis.server.bd2246b5-b92f-4ca7-b3f9-6478d9a800dd@group-0F62F841E0F9
2020-12-01 09:36:37,199 [ForkJoinPool.commonPool-worker-0] INFO  impl.RaftServerImpl (RaftServerImpl.java:lambda$shutdown$3(328)) - bd2246b5-b92f-4ca7-b3f9-6478d9a800dd@group-F3DB7A02F757: shutdown
2020-12-01 09:36:37,200 [ForkJoinPool.commonPool-worker-0] INFO  util.JmxRegister (JmxRegister.java:unregister(73)) - Successfully un-registered JMX Bean with object name Ratis:service=RaftServer,group=group-F3DB7A02F757,id=bd2246b5-b92f-4ca7-b3f9-6478d9a800dd
2020-12-01 09:36:37,200 [ForkJoinPool.commonPool-worker-0] INFO  impl.RoleInfo (RoleInfo.java:shutdownFollowerState(121)) - bd2246b5-b92f-4ca7-b3f9-6478d9a800dd: shutdown bd2246b5-b92f-4ca7-b3f9-6478d9a800dd@group-F3DB7A02F757-FollowerState
2020-12-01 09:36:37,200 [ForkJoinPool.commonPool-worker-0] INFO  impl.StateMachineUpdater (StateMachineUpdater.java:stopAndJoin(147)) - bd2246b5-b92f-4ca7-b3f9-6478d9a800dd@group-F3DB7A02F757-StateMachineUpdater: set stopIndex = 0
2020-12-01 09:36:37,200 [Thread-728] INFO  impl.FollowerState (FollowerState.java:run(137)) - bd2246b5-b92f-4ca7-b3f9-6478d9a800dd@group-F3DB7A02F757-FollowerState was interrupted: {}
java.lang.InterruptedException: sleep interrupted
	at java.lang.Thread.sleep(Native Method)
	at org.apache.ratis.util.JavaUtils.sleep(JavaUtils.java:250)
	at org.apache.ratis.server.impl.FollowerState.run(FollowerState.java:116)
2020-12-01 09:36:37,200 [bd2246b5-b92f-4ca7-b3f9-6478d9a800dd@group-F3DB7A02F757-StateMachineUpdater] INFO  ratis.ContainerStateMachine (ContainerStateMachine.java:takeSnapshot(293)) - group-F3DB7A02F757: Taking a snapshot at:(t:2, i:0) file /github/workspace/mnt/ozone/hadoop-ozone/integration-test/target/test-dir/MiniOzoneClusterImpl-8d4a4fce-edf6-4f04-8cc5-f8d714c00e47/datanode-1/data/ratis/ff8df048-472c-433c-93d2-f3db7a02f757/sm/snapshot.2_0
2020-12-01 09:36:37,202 [bd2246b5-b92f-4ca7-b3f9-6478d9a800dd@group-F3DB7A02F757-StateMachineUpdater] INFO  ratis.ContainerStateMachine (ContainerStateMachine.java:takeSnapshot(304)) - group-F3DB7A02F757: Finished taking a snapshot at:(t:2, i:0) file:/github/workspace/mnt/ozone/hadoop-ozone/integration-test/target/test-dir/MiniOzoneClusterImpl-8d4a4fce-edf6-4f04-8cc5-f8d714c00e47/datanode-1/data/ratis/ff8df048-472c-433c-93d2-f3db7a02f757/sm/snapshot.2_0 time:2
2020-12-01 09:36:37,202 [bd2246b5-b92f-4ca7-b3f9-6478d9a800dd@group-F3DB7A02F757-StateMachineUpdater] INFO  impl.StateMachineUpdater (StateMachineUpdater.java:takeSnapshot(278)) - bd2246b5-b92f-4ca7-b3f9-6478d9a800dd@group-F3DB7A02F757-StateMachineUpdater: Took a snapshot at index 0
2020-12-01 09:36:37,202 [bd2246b5-b92f-4ca7-b3f9-6478d9a800dd@group-F3DB7A02F757-StateMachineUpdater] INFO  impl.StateMachineUpdater (StateMachineUpdater.java:lambda$new$0(87)) - bd2246b5-b92f-4ca7-b3f9-6478d9a800dd@group-F3DB7A02F757-StateMachineUpdater: snapshotIndex: updateIncreasingly -1 -> 0
2020-12-01 09:36:37,202 [bd2246b5-b92f-4ca7-b3f9-6478d9a800dd@group-F3DB7A02F757-StateMachineUpdater] INFO  metrics.RatisMetrics (RatisMetrics.java:unregister(43)) - Unregistering Metrics Registry : ratis.state_machine.bd2246b5-b92f-4ca7-b3f9-6478d9a800dd@group-F3DB7A02F757
2020-12-01 09:36:37,202 [ForkJoinPool.commonPool-worker-0] INFO  impl.RaftServerImpl (ServerState.java:close(406)) - bd2246b5-b92f-4ca7-b3f9-6478d9a800dd@group-F3DB7A02F757: closes. applyIndex: 0
2020-12-01 09:36:37,203 [bd2246b5-b92f-4ca7-b3f9-6478d9a800dd@group-F3DB7A02F757-SegmentedRaftLogWorker] INFO  segmented.SegmentedRaftLogWorker (SegmentedRaftLogWorker.java:run(329)) - bd2246b5-b92f-4ca7-b3f9-6478d9a800dd@group-F3DB7A02F757-SegmentedRaftLogWorker was interrupted, exiting. There are 0 tasks remaining in the queue.
2020-12-01 09:36:37,203 [Listener at 127.0.0.1/32799] INFO  metrics.RatisMetrics (RatisMetrics.java:unregister(43)) - Unregistering Metrics Registry : ratis.log_appender.ff14e274-5ee8-4142-b96f-00dc3fd4f97a@group-298BA3011926
2020-12-01 09:36:37,204 [Listener at 127.0.0.1/32799] INFO  metrics.RatisMetrics (RatisMetrics.java:unregister(43)) - Unregistering Metrics Registry : ratis.server.ff14e274-5ee8-4142-b96f-00dc3fd4f97a@group-298BA3011926
2020-12-01 09:36:37,204 [Listener at 127.0.0.1/32799] INFO  impl.StateMachineUpdater (StateMachineUpdater.java:stopAndJoin(147)) - ff14e274-5ee8-4142-b96f-00dc3fd4f97a@group-298BA3011926-StateMachineUpdater: set stopIndex = 19
2020-12-01 09:36:37,204 [ff14e274-5ee8-4142-b96f-00dc3fd4f97a@group-298BA3011926-StateMachineUpdater] INFO  ratis.ContainerStateMachine (ContainerStateMachine.java:takeSnapshot(293)) - group-298BA3011926: Taking a snapshot at:(t:1, i:19) file /github/workspace/mnt/ozone/hadoop-ozone/integration-test/target/test-dir/MiniOzoneClusterImpl-8d4a4fce-edf6-4f04-8cc5-f8d714c00e47/datanode-4/data/ratis/69cad715-389c-4a83-82a0-298ba3011926/sm/snapshot.1_19
2020-12-01 09:36:37,206 [ff14e274-5ee8-4142-b96f-00dc3fd4f97a@group-298BA3011926-StateMachineUpdater] INFO  ratis.ContainerStateMachine (ContainerStateMachine.java:takeSnapshot(304)) - group-298BA3011926: Finished taking a snapshot at:(t:1, i:19) file:/github/workspace/mnt/ozone/hadoop-ozone/integration-test/target/test-dir/MiniOzoneClusterImpl-8d4a4fce-edf6-4f04-8cc5-f8d714c00e47/datanode-4/data/ratis/69cad715-389c-4a83-82a0-298ba3011926/sm/snapshot.1_19 time:2
2020-12-01 09:36:37,206 [ff14e274-5ee8-4142-b96f-00dc3fd4f97a@group-298BA3011926-StateMachineUpdater] INFO  impl.StateMachineUpdater (StateMachineUpdater.java:takeSnapshot(278)) - ff14e274-5ee8-4142-b96f-00dc3fd4f97a@group-298BA3011926-StateMachineUpdater: Took a snapshot at index 19
2020-12-01 09:36:37,206 [ff14e274-5ee8-4142-b96f-00dc3fd4f97a@group-298BA3011926-StateMachineUpdater] INFO  impl.StateMachineUpdater (StateMachineUpdater.java:lambda$new$0(87)) - ff14e274-5ee8-4142-b96f-00dc3fd4f97a@group-298BA3011926-StateMachineUpdater: snapshotIndex: updateIncreasingly -1 -> 19
2020-12-01 09:36:37,206 [ForkJoinPool.commonPool-worker-0] INFO  segmented.SegmentedRaftLogWorker (SegmentedRaftLogWorker.java:close(235)) - bd2246b5-b92f-4ca7-b3f9-6478d9a800dd@group-F3DB7A02F757-SegmentedRaftLogWorker close()
2020-12-01 09:36:37,206 [ff14e274-5ee8-4142-b96f-00dc3fd4f97a@group-298BA3011926-StateMachineUpdater] INFO  metrics.RatisMetrics (RatisMetrics.java:unregister(43)) - Unregistering Metrics Registry : ratis.state_machine.ff14e274-5ee8-4142-b96f-00dc3fd4f97a@group-298BA3011926
2020-12-01 09:36:37,206 [Listener at 127.0.0.1/32799] INFO  impl.RaftServerImpl (ServerState.java:close(406)) - ff14e274-5ee8-4142-b96f-00dc3fd4f97a@group-298BA3011926: closes. applyIndex: 19
2020-12-01 09:36:37,207 [ForkJoinPool.commonPool-worker-0] INFO  metrics.RatisMetrics (RatisMetrics.java:unregister(43)) - Unregistering Metrics Registry : ratis.log_worker.bd2246b5-b92f-4ca7-b3f9-6478d9a800dd@group-F3DB7A02F757
2020-12-01 09:36:37,208 [ForkJoinPool.commonPool-worker-0] INFO  metrics.RatisMetrics (RatisMetrics.java:unregister(43)) - Unregistering Metrics Registry : ratis.leader_election.bd2246b5-b92f-4ca7-b3f9-6478d9a800dd@group-F3DB7A02F757
2020-12-01 09:36:37,208 [ForkJoinPool.commonPool-worker-0] INFO  metrics.RatisMetrics (RatisMetrics.java:unregister(43)) - Unregistering Metrics Registry : ratis.server.bd2246b5-b92f-4ca7-b3f9-6478d9a800dd@group-F3DB7A02F757
2020-12-01 09:36:37,208 [ForkJoinPool.commonPool-worker-0] INFO  server.GrpcService (GrpcService.java:closeImpl(184)) - bd2246b5-b92f-4ca7-b3f9-6478d9a800dd: shutdown server with port 37467 now
2020-12-01 09:36:37,207 [ff14e274-5ee8-4142-b96f-00dc3fd4f97a@group-298BA3011926-SegmentedRaftLogWorker] INFO  segmented.SegmentedRaftLogWorker (SegmentedRaftLogWorker.java:run(329)) - ff14e274-5ee8-4142-b96f-00dc3fd4f97a@group-298BA3011926-SegmentedRaftLogWorker was interrupted, exiting. There are 0 tasks remaining in the queue.
2020-12-01 09:36:37,212 [grpc-default-executor-2] WARN  server.GrpcServerProtocolService (LogUtils.java:warn(122)) - bd2246b5-b92f-4ca7-b3f9-6478d9a800dd: installSnapshot onError, lastRequest: baf9e0b0-2136-44d3-ba54-7cdd5cf3d2d0->bd2246b5-b92f-4ca7-b3f9-6478d9a800dd#1-t2, previous=(t:0, i:0), leaderCommit=0, initializing? false, entries: size=1, first=(t:2, i:0), CONFIGURATIONENTRY: org.apache.ratis.thirdparty.io.grpc.StatusRuntimeException: CANCELLED: cancelled before receiving half close
2020-12-01 09:36:37,212 [grpc-default-executor-1] WARN  server.GrpcLogAppender (LogUtils.java:warn(122)) - baf9e0b0-2136-44d3-ba54-7cdd5cf3d2d0@group-F3DB7A02F757->bd2246b5-b92f-4ca7-b3f9-6478d9a800dd-AppendLogResponseHandler: Failed appendEntries: org.apache.ratis.thirdparty.io.grpc.StatusRuntimeException: CANCELLED: HTTP/2 error code: CANCEL
Received Rst Stream
2020-12-01 09:36:37,213 [grpc-default-executor-1] WARN  server.GrpcLogAppender (GrpcLogAppender.java:resetClient(107)) - baf9e0b0-2136-44d3-ba54-7cdd5cf3d2d0@group-F3DB7A02F757->bd2246b5-b92f-4ca7-b3f9-6478d9a800dd-GrpcLogAppender: Leader has not got in touch with Follower baf9e0b0-2136-44d3-ba54-7cdd5cf3d2d0@group-F3DB7A02F757->bd2246b5-b92f-4ca7-b3f9-6478d9a800dd(c0,m0,n1, attendVote=true, lastRpcSendTime=910, lastRpcResponseTime=907) yet, just keep nextIndex unchanged and retry.
2020-12-01 09:36:37,214 [Listener at 127.0.0.1/32799] INFO  segmented.SegmentedRaftLogWorker (SegmentedRaftLogWorker.java:close(235)) - ff14e274-5ee8-4142-b96f-00dc3fd4f97a@group-298BA3011926-SegmentedRaftLogWorker close()
2020-12-01 09:36:37,216 [Listener at 127.0.0.1/32799] INFO  metrics.RatisMetrics (RatisMetrics.java:unregister(43)) - Unregistering Metrics Registry : ratis.log_worker.ff14e274-5ee8-4142-b96f-00dc3fd4f97a@group-298BA3011926
2020-12-01 09:36:37,216 [Listener at 127.0.0.1/32799] INFO  metrics.RatisMetrics (RatisMetrics.java:unregister(43)) - Unregistering Metrics Registry : ratis.leader_election.ff14e274-5ee8-4142-b96f-00dc3fd4f97a@group-298BA3011926
2020-12-01 09:36:37,216 [Listener at 127.0.0.1/32799] INFO  metrics.RatisMetrics (RatisMetrics.java:unregister(43)) - Unregistering Metrics Registry : ratis.server.ff14e274-5ee8-4142-b96f-00dc3fd4f97a@group-298BA3011926
2020-12-01 09:36:37,216 [Listener at 127.0.0.1/32799] INFO  server.GrpcService (GrpcService.java:closeImpl(184)) - ff14e274-5ee8-4142-b96f-00dc3fd4f97a: shutdown server with port 39957 now
2020-12-01 09:36:37,217 [ForkJoinPool.commonPool-worker-0] INFO  server.GrpcService (GrpcService.java:closeImpl(193)) - bd2246b5-b92f-4ca7-b3f9-6478d9a800dd: shutdown server with port 37467 successfully
2020-12-01 09:36:37,220 [grpc-default-executor-2] WARN  server.GrpcServerProtocolService (LogUtils.java:warn(122)) - ff14e274-5ee8-4142-b96f-00dc3fd4f97a: installSnapshot onError, lastRequest: 8e30c15e-a534-4be6-9288-c2bfff0aa2a9->ff14e274-5ee8-4142-b96f-00dc3fd4f97a#1-t1, previous=(t:0, i:0), leaderCommit=0, initializing? false, entries: size=1, first=(t:1, i:0), CONFIGURATIONENTRY: org.apache.ratis.thirdparty.io.grpc.StatusRuntimeException: CANCELLED: cancelled before receiving half close
2020-12-01 09:36:37,220 [Listener at 127.0.0.1/32799] INFO  server.GrpcService (GrpcService.java:closeImpl(193)) - ff14e274-5ee8-4142-b96f-00dc3fd4f97a: shutdown server with port 39957 successfully
2020-12-01 09:36:37,221 [grpc-default-executor-2] WARN  server.GrpcLogAppender (LogUtils.java:warn(122)) - 8e30c15e-a534-4be6-9288-c2bfff0aa2a9@group-D2DFA6907B63->ff14e274-5ee8-4142-b96f-00dc3fd4f97a-AppendLogResponseHandler: Failed appendEntries: org.apache.ratis.thirdparty.io.grpc.StatusRuntimeException: CANCELLED: HTTP/2 error code: CANCEL
Received Rst Stream
2020-12-01 09:36:37,222 [grpc-default-executor-2] WARN  server.GrpcLogAppender (GrpcLogAppender.java:resetClient(107)) - 8e30c15e-a534-4be6-9288-c2bfff0aa2a9@group-D2DFA6907B63->ff14e274-5ee8-4142-b96f-00dc3fd4f97a-GrpcLogAppender: Leader has not got in touch with Follower 8e30c15e-a534-4be6-9288-c2bfff0aa2a9@group-D2DFA6907B63->ff14e274-5ee8-4142-b96f-00dc3fd4f97a(c0,m0,n1, attendVote=true, lastRpcSendTime=424, lastRpcResponseTime=421) yet, just keep nextIndex unchanged and retry.
2020-12-01 09:36:37,223 [Listener at 127.0.0.1/32799] INFO  utils.BackgroundService (BackgroundService.java:shutdown(132)) - Shutting down service BlockDeletingService
2020-12-01 09:36:37,224 [ForkJoinPool.commonPool-worker-0] INFO  utils.BackgroundService (BackgroundService.java:shutdown(132)) - Shutting down service BlockDeletingService
2020-12-01 09:36:37,225 [Listener at 127.0.0.1/32799] INFO  statemachine.DatanodeStateMachine (DatanodeStateMachine.java:stopDaemon(459)) - Ozone container server stopped.
2020-12-01 09:36:37,226 [ForkJoinPool.commonPool-worker-0] INFO  statemachine.DatanodeStateMachine (DatanodeStateMachine.java:stopDaemon(459)) - Ozone container server stopped.
2020-12-01 09:36:37,253 [ForkJoinPool.commonPool-worker-0] INFO  handler.ContextHandler (ContextHandler.java:doStop(1154)) - Stopped o.e.j.w.WebAppContext@27ce5d71{hddsDatanode,/,null,STOPPED}{jar:file:/home/user/.m2/repository/org/apache/hadoop/hadoop-hdds-container-service/1.1.0-SNAPSHOT/hadoop-hdds-container-service-1.1.0-SNAPSHOT.jar!/webapps/hddsDatanode}
2020-12-01 09:36:37,254 [ForkJoinPool.commonPool-worker-0] INFO  server.AbstractConnector (AbstractConnector.java:doStop(381)) - Stopped ServerConnector@2224a155{HTTP/1.1, (http/1.1)}{0.0.0.0:0}
2020-12-01 09:36:37,254 [ForkJoinPool.commonPool-worker-0] INFO  server.session (HouseKeeper.java:stopScavenging(149)) - node0 Stopped scavenging
2020-12-01 09:36:37,255 [ForkJoinPool.commonPool-worker-0] INFO  handler.ContextHandler (ContextHandler.java:doStop(1154)) - Stopped o.e.j.s.ServletContextHandler@701d31b1{static,/static,jar:file:/home/user/.m2/repository/org/apache/hadoop/hadoop-hdds-container-service/1.1.0-SNAPSHOT/hadoop-hdds-container-service-1.1.0-SNAPSHOT.jar!/webapps/static,STOPPED}
2020-12-01 09:36:37,256 [ForkJoinPool.commonPool-worker-0] INFO  handler.ContextHandler (ContextHandler.java:doStop(1154)) - Stopped o.e.j.s.ServletContextHandler@69a93625{logs,/logs,file:///github/workspace/mnt/ozone/hadoop-ozone/integration-test/target/log,STOPPED}
2020-12-01 09:36:37,258 [Listener at 127.0.0.1/32799] INFO  handler.ContextHandler (ContextHandler.java:doStop(1154)) - Stopped o.e.j.w.WebAppContext@4ce7162{hddsDatanode,/,null,STOPPED}{jar:file:/home/user/.m2/repository/org/apache/hadoop/hadoop-hdds-container-service/1.1.0-SNAPSHOT/hadoop-hdds-container-service-1.1.0-SNAPSHOT.jar!/webapps/hddsDatanode}
2020-12-01 09:36:37,258 [Listener at 127.0.0.1/32799] INFO  server.AbstractConnector (AbstractConnector.java:doStop(381)) - Stopped ServerConnector@13f75ffc{HTTP/1.1, (http/1.1)}{0.0.0.0:0}
2020-12-01 09:36:37,259 [Listener at 127.0.0.1/32799] INFO  server.session (HouseKeeper.java:stopScavenging(149)) - node0 Stopped scavenging
2020-12-01 09:36:37,259 [Listener at 127.0.0.1/32799] INFO  handler.ContextHandler (ContextHandler.java:doStop(1154)) - Stopped o.e.j.s.ServletContextHandler@20a99bfe{static,/static,jar:file:/home/user/.m2/repository/org/apache/hadoop/hadoop-hdds-container-service/1.1.0-SNAPSHOT/hadoop-hdds-container-service-1.1.0-SNAPSHOT.jar!/webapps/static,STOPPED}
2020-12-01 09:36:37,259 [Listener at 127.0.0.1/32799] INFO  handler.ContextHandler (ContextHandler.java:doStop(1154)) - Stopped o.e.j.s.ServletContextHandler@4595a1cd{logs,/logs,file:///github/workspace/mnt/ozone/hadoop-ozone/integration-test/target/log,STOPPED}
2020-12-01 09:36:38,114 [Datanode State Machine Thread - 0] INFO  statemachine.DatanodeStateMachine (DatanodeStateMachine.java:lambda$startDaemon$0(406)) - Ozone container server started.
2020-12-01 09:36:38,245 [Datanode State Machine Thread - 0] INFO  statemachine.DatanodeStateMachine (DatanodeStateMachine.java:lambda$startDaemon$0(406)) - Ozone container server started.
2020-12-01 09:36:38,808 [grpc-default-executor-1] WARN  server.GrpcLogAppender (LogUtils.java:warn(122)) - baf9e0b0-2136-44d3-ba54-7cdd5cf3d2d0@group-F3DB7A02F757->bd2246b5-b92f-4ca7-b3f9-6478d9a800dd-AppendLogResponseHandler: Failed appendEntries: org.apache.ratis.thirdparty.io.grpc.StatusRuntimeException: UNAVAILABLE: io exception
2020-12-01 09:36:38,809 [grpc-default-executor-1] WARN  server.GrpcLogAppender (GrpcLogAppender.java:resetClient(107)) - baf9e0b0-2136-44d3-ba54-7cdd5cf3d2d0@group-F3DB7A02F757->bd2246b5-b92f-4ca7-b3f9-6478d9a800dd-GrpcLogAppender: Leader has not got in touch with Follower baf9e0b0-2136-44d3-ba54-7cdd5cf3d2d0@group-F3DB7A02F757->bd2246b5-b92f-4ca7-b3f9-6478d9a800dd(c0,m0,n1, attendVote=true, lastRpcSendTime=1, lastRpcResponseTime=2503) yet, just keep nextIndex unchanged and retry.
2020-12-01 09:36:39,302 [grpc-default-executor-2] WARN  server.GrpcLogAppender (LogUtils.java:warn(122)) - 8e30c15e-a534-4be6-9288-c2bfff0aa2a9@group-D2DFA6907B63->ff14e274-5ee8-4142-b96f-00dc3fd4f97a-AppendLogResponseHandler: Failed appendEntries: org.apache.ratis.thirdparty.io.grpc.StatusRuntimeException: UNAVAILABLE: io exception
2020-12-01 09:36:39,302 [grpc-default-executor-2] WARN  server.GrpcLogAppender (GrpcLogAppender.java:resetClient(107)) - 8e30c15e-a534-4be6-9288-c2bfff0aa2a9@group-D2DFA6907B63->ff14e274-5ee8-4142-b96f-00dc3fd4f97a-GrpcLogAppender: Leader has not got in touch with Follower 8e30c15e-a534-4be6-9288-c2bfff0aa2a9@group-D2DFA6907B63->ff14e274-5ee8-4142-b96f-00dc3fd4f97a(c0,m0,n1, attendVote=true, lastRpcSendTime=1, lastRpcResponseTime=2502) yet, just keep nextIndex unchanged and retry.
2020-12-01 09:36:41,309 [grpc-default-executor-1] WARN  server.GrpcLogAppender (LogUtils.java:warn(122)) - baf9e0b0-2136-44d3-ba54-7cdd5cf3d2d0@group-F3DB7A02F757->bd2246b5-b92f-4ca7-b3f9-6478d9a800dd-AppendLogResponseHandler: Failed appendEntries: org.apache.ratis.thirdparty.io.grpc.StatusRuntimeException: UNAVAILABLE: io exception
2020-12-01 09:36:41,310 [grpc-default-executor-1] WARN  server.GrpcLogAppender (GrpcLogAppender.java:resetClient(107)) - baf9e0b0-2136-44d3-ba54-7cdd5cf3d2d0@group-F3DB7A02F757->bd2246b5-b92f-4ca7-b3f9-6478d9a800dd-GrpcLogAppender: Leader has not got in touch with Follower baf9e0b0-2136-44d3-ba54-7cdd5cf3d2d0@group-F3DB7A02F757->bd2246b5-b92f-4ca7-b3f9-6478d9a800dd(c0,m0,n1, attendVote=true, lastRpcSendTime=2502, lastRpcResponseTime=5004) yet, just keep nextIndex unchanged and retry.
2020-12-01 09:36:41,802 [grpc-default-executor-1] WARN  server.GrpcLogAppender (LogUtils.java:warn(122)) - 8e30c15e-a534-4be6-9288-c2bfff0aa2a9@group-D2DFA6907B63->ff14e274-5ee8-4142-b96f-00dc3fd4f97a-AppendLogResponseHandler: Failed appendEntries: org.apache.ratis.thirdparty.io.grpc.StatusRuntimeException: UNAVAILABLE: io exception
2020-12-01 09:36:41,803 [grpc-default-executor-1] WARN  server.GrpcLogAppender (GrpcLogAppender.java:resetClient(107)) - 8e30c15e-a534-4be6-9288-c2bfff0aa2a9@group-D2DFA6907B63->ff14e274-5ee8-4142-b96f-00dc3fd4f97a-GrpcLogAppender: Leader has not got in touch with Follower 8e30c15e-a534-4be6-9288-c2bfff0aa2a9@group-D2DFA6907B63->ff14e274-5ee8-4142-b96f-00dc3fd4f97a(c0,m0,n1, attendVote=true, lastRpcSendTime=0, lastRpcResponseTime=5003) yet, just keep nextIndex unchanged and retry.
2020-12-01 09:36:42,258 [ForkJoinPool.commonPool-worker-0] INFO  ozoneimpl.OzoneContainer (OzoneContainer.java:stop(257)) - Attempting to stop container services.
2020-12-01 09:36:42,259 [ForkJoinPool.commonPool-worker-0] INFO  impl.RaftServerProxy (RaftServerProxy.java:lambda$close$4(338)) - 166b87bd-eecb-47e0-96d7-94142ede9e7c: close
2020-12-01 09:36:42,259 [ForkJoinPool.commonPool-worker-0] INFO  impl.RaftServerImpl (RaftServerImpl.java:lambda$shutdown$3(328)) - 166b87bd-eecb-47e0-96d7-94142ede9e7c@group-ADAE6030A7E1: shutdown
2020-12-01 09:36:42,259 [ForkJoinPool.commonPool-worker-0] INFO  util.JmxRegister (JmxRegister.java:unregister(73)) - Successfully un-registered JMX Bean with object name Ratis:service=RaftServer,group=group-ADAE6030A7E1,id=166b87bd-eecb-47e0-96d7-94142ede9e7c
2020-12-01 09:36:42,260 [ForkJoinPool.commonPool-worker-0] INFO  impl.RoleInfo (RoleInfo.java:shutdownLeaderState(104)) - 166b87bd-eecb-47e0-96d7-94142ede9e7c: shutdown 166b87bd-eecb-47e0-96d7-94142ede9e7c@group-ADAE6030A7E1-LeaderState
2020-12-01 09:36:42,260 [ForkJoinPool.commonPool-worker-0] INFO  impl.PendingRequests (PendingRequests.java:sendNotLeaderResponses(250)) - 166b87bd-eecb-47e0-96d7-94142ede9e7c@group-ADAE6030A7E1-PendingRequests: sendNotLeaderResponses
2020-12-01 09:36:42,264 [Listener at 127.0.0.1/32799] INFO  ozoneimpl.OzoneContainer (OzoneContainer.java:stop(257)) - Attempting to stop container services.
2020-12-01 09:36:42,264 [ForkJoinPool.commonPool-worker-0] INFO  metrics.RatisMetrics (RatisMetrics.java:unregister(43)) - Unregistering Metrics Registry : ratis.log_appender.166b87bd-eecb-47e0-96d7-94142ede9e7c@group-ADAE6030A7E1
2020-12-01 09:36:42,265 [ForkJoinPool.commonPool-worker-0] INFO  metrics.RatisMetrics (RatisMetrics.java:unregister(43)) - Unregistering Metrics Registry : ratis.server.166b87bd-eecb-47e0-96d7-94142ede9e7c@group-ADAE6030A7E1
2020-12-01 09:36:42,265 [ForkJoinPool.commonPool-worker-0] INFO  impl.StateMachineUpdater (StateMachineUpdater.java:stopAndJoin(147)) - 166b87bd-eecb-47e0-96d7-94142ede9e7c@group-ADAE6030A7E1-StateMachineUpdater: set stopIndex = 11
2020-12-01 09:36:42,266 [Listener at 127.0.0.1/32799] INFO  impl.RaftServerProxy (RaftServerProxy.java:lambda$close$4(338)) - 8e30c15e-a534-4be6-9288-c2bfff0aa2a9: close
2020-12-01 09:36:42,266 [Listener at 127.0.0.1/32799] INFO  impl.RaftServerImpl (RaftServerImpl.java:lambda$shutdown$3(328)) - 8e30c15e-a534-4be6-9288-c2bfff0aa2a9@group-C649B20E9DA8: shutdown
2020-12-01 09:36:42,266 [166b87bd-eecb-47e0-96d7-94142ede9e7c@group-ADAE6030A7E1-StateMachineUpdater] INFO  ratis.ContainerStateMachine (ContainerStateMachine.java:takeSnapshot(293)) - group-ADAE6030A7E1: Taking a snapshot at:(t:1, i:11) file /github/workspace/mnt/ozone/hadoop-ozone/integration-test/target/test-dir/MiniOzoneClusterImpl-8d4a4fce-edf6-4f04-8cc5-f8d714c00e47/datanode-2/data/ratis/1be99467-56e5-4eb2-b9a2-adae6030a7e1/sm/snapshot.1_11
2020-12-01 09:36:42,266 [Listener at 127.0.0.1/32799] INFO  util.JmxRegister (JmxRegister.java:unregister(73)) - Successfully un-registered JMX Bean with object name Ratis:service=RaftServer,group=group-C649B20E9DA8,id=8e30c15e-a534-4be6-9288-c2bfff0aa2a9
2020-12-01 09:36:42,266 [Listener at 127.0.0.1/32799] INFO  impl.RoleInfo (RoleInfo.java:shutdownLeaderState(104)) - 8e30c15e-a534-4be6-9288-c2bfff0aa2a9: shutdown 8e30c15e-a534-4be6-9288-c2bfff0aa2a9@group-C649B20E9DA8-LeaderState
2020-12-01 09:36:42,266 [Listener at 127.0.0.1/32799] INFO  impl.PendingRequests (PendingRequests.java:sendNotLeaderResponses(250)) - 8e30c15e-a534-4be6-9288-c2bfff0aa2a9@group-C649B20E9DA8-PendingRequests: sendNotLeaderResponses
2020-12-01 09:36:42,267 [Listener at 127.0.0.1/32799] INFO  metrics.RatisMetrics (RatisMetrics.java:unregister(43)) - Unregistering Metrics Registry : ratis.log_appender.8e30c15e-a534-4be6-9288-c2bfff0aa2a9@group-C649B20E9DA8
2020-12-01 09:36:42,267 [Listener at 127.0.0.1/32799] INFO  metrics.RatisMetrics (RatisMetrics.java:unregister(43)) - Unregistering Metrics Registry : ratis.server.8e30c15e-a534-4be6-9288-c2bfff0aa2a9@group-C649B20E9DA8
2020-12-01 09:36:42,267 [166b87bd-eecb-47e0-96d7-94142ede9e7c@group-ADAE6030A7E1-StateMachineUpdater] INFO  ratis.ContainerStateMachine (ContainerStateMachine.java:takeSnapshot(304)) - group-ADAE6030A7E1: Finished taking a snapshot at:(t:1, i:11) file:/github/workspace/mnt/ozone/hadoop-ozone/integration-test/target/test-dir/MiniOzoneClusterImpl-8d4a4fce-edf6-4f04-8cc5-f8d714c00e47/datanode-2/data/ratis/1be99467-56e5-4eb2-b9a2-adae6030a7e1/sm/snapshot.1_11 time:1
2020-12-01 09:36:42,267 [Listener at 127.0.0.1/32799] INFO  impl.StateMachineUpdater (StateMachineUpdater.java:stopAndJoin(147)) - 8e30c15e-a534-4be6-9288-c2bfff0aa2a9@group-C649B20E9DA8-StateMachineUpdater: set stopIndex = 0
2020-12-01 09:36:42,268 [166b87bd-eecb-47e0-96d7-94142ede9e7c@group-ADAE6030A7E1-StateMachineUpdater] INFO  impl.StateMachineUpdater (StateMachineUpdater.java:takeSnapshot(278)) - 166b87bd-eecb-47e0-96d7-94142ede9e7c@group-ADAE6030A7E1-StateMachineUpdater: Took a snapshot at index 11
2020-12-01 09:36:42,268 [166b87bd-eecb-47e0-96d7-94142ede9e7c@group-ADAE6030A7E1-StateMachineUpdater] INFO  impl.StateMachineUpdater (StateMachineUpdater.java:lambda$new$0(87)) - 166b87bd-eecb-47e0-96d7-94142ede9e7c@group-ADAE6030A7E1-StateMachineUpdater: snapshotIndex: updateIncreasingly -1 -> 11
2020-12-01 09:36:42,268 [166b87bd-eecb-47e0-96d7-94142ede9e7c@group-ADAE6030A7E1-StateMachineUpdater] INFO  metrics.RatisMetrics (RatisMetrics.java:unregister(43)) - Unregistering Metrics Registry : ratis.state_machine.166b87bd-eecb-47e0-96d7-94142ede9e7c@group-ADAE6030A7E1
2020-12-01 09:36:42,269 [ForkJoinPool.commonPool-worker-0] INFO  impl.RaftServerImpl (ServerState.java:close(406)) - 166b87bd-eecb-47e0-96d7-94142ede9e7c@group-ADAE6030A7E1: closes. applyIndex: 11
2020-12-01 09:36:42,269 [8e30c15e-a534-4be6-9288-c2bfff0aa2a9@group-C649B20E9DA8-StateMachineUpdater] INFO  ratis.ContainerStateMachine (ContainerStateMachine.java:takeSnapshot(293)) - group-C649B20E9DA8: Taking a snapshot at:(t:1, i:0) file /github/workspace/mnt/ozone/hadoop-ozone/integration-test/target/test-dir/MiniOzoneClusterImpl-8d4a4fce-edf6-4f04-8cc5-f8d714c00e47/datanode-3/data/ratis/b1f0d057-d183-4fc2-8070-c649b20e9da8/sm/snapshot.1_0
2020-12-01 09:36:42,269 [166b87bd-eecb-47e0-96d7-94142ede9e7c@group-ADAE6030A7E1-SegmentedRaftLogWorker] INFO  segmented.SegmentedRaftLogWorker (SegmentedRaftLogWorker.java:run(329)) - 166b87bd-eecb-47e0-96d7-94142ede9e7c@group-ADAE6030A7E1-SegmentedRaftLogWorker was interrupted, exiting. There are 0 tasks remaining in the queue.
2020-12-01 09:36:42,270 [ForkJoinPool.commonPool-worker-0] INFO  segmented.SegmentedRaftLogWorker (SegmentedRaftLogWorker.java:close(235)) - 166b87bd-eecb-47e0-96d7-94142ede9e7c@group-ADAE6030A7E1-SegmentedRaftLogWorker close()
2020-12-01 09:36:42,270 [8e30c15e-a534-4be6-9288-c2bfff0aa2a9@group-C649B20E9DA8-StateMachineUpdater] INFO  ratis.ContainerStateMachine (ContainerStateMachine.java:takeSnapshot(304)) - group-C649B20E9DA8: Finished taking a snapshot at:(t:1, i:0) file:/github/workspace/mnt/ozone/hadoop-ozone/integration-test/target/test-dir/MiniOzoneClusterImpl-8d4a4fce-edf6-4f04-8cc5-f8d714c00e47/datanode-3/data/ratis/b1f0d057-d183-4fc2-8070-c649b20e9da8/sm/snapshot.1_0 time:1
2020-12-01 09:36:42,271 [8e30c15e-a534-4be6-9288-c2bfff0aa2a9@group-C649B20E9DA8-StateMachineUpdater] INFO  impl.StateMachineUpdater (StateMachineUpdater.java:takeSnapshot(278)) - 8e30c15e-a534-4be6-9288-c2bfff0aa2a9@group-C649B20E9DA8-StateMachineUpdater: Took a snapshot at index 0
2020-12-01 09:36:42,271 [8e30c15e-a534-4be6-9288-c2bfff0aa2a9@group-C649B20E9DA8-StateMachineUpdater] INFO  impl.StateMachineUpdater (StateMachineUpdater.java:lambda$new$0(87)) - 8e30c15e-a534-4be6-9288-c2bfff0aa2a9@group-C649B20E9DA8-StateMachineUpdater: snapshotIndex: updateIncreasingly -1 -> 0
2020-12-01 09:36:42,271 [8e30c15e-a534-4be6-9288-c2bfff0aa2a9@group-C649B20E9DA8-StateMachineUpdater] INFO  metrics.RatisMetrics (RatisMetrics.java:unregister(43)) - Unregistering Metrics Registry : ratis.state_machine.8e30c15e-a534-4be6-9288-c2bfff0aa2a9@group-C649B20E9DA8
2020-12-01 09:36:42,271 [ForkJoinPool.commonPool-worker-0] INFO  metrics.RatisMetrics (RatisMetrics.java:unregister(43)) - Unregistering Metrics Registry : ratis.log_worker.166b87bd-eecb-47e0-96d7-94142ede9e7c@group-ADAE6030A7E1
2020-12-01 09:36:42,272 [ForkJoinPool.commonPool-worker-0] INFO  metrics.RatisMetrics (RatisMetrics.java:unregister(43)) - Unregistering Metrics Registry : ratis.leader_election.166b87bd-eecb-47e0-96d7-94142ede9e7c@group-ADAE6030A7E1
2020-12-01 09:36:42,272 [Listener at 127.0.0.1/32799] INFO  impl.RaftServerImpl (ServerState.java:close(406)) - 8e30c15e-a534-4be6-9288-c2bfff0aa2a9@group-C649B20E9DA8: closes. applyIndex: 0
2020-12-01 09:36:42,272 [8e30c15e-a534-4be6-9288-c2bfff0aa2a9@group-C649B20E9DA8-SegmentedRaftLogWorker] INFO  segmented.SegmentedRaftLogWorker (SegmentedRaftLogWorker.java:run(329)) - 8e30c15e-a534-4be6-9288-c2bfff0aa2a9@group-C649B20E9DA8-SegmentedRaftLogWorker was interrupted, exiting. There are 0 tasks remaining in the queue.
2020-12-01 09:36:42,272 [ForkJoinPool.commonPool-worker-0] INFO  metrics.RatisMetrics (RatisMetrics.java:unregister(43)) - Unregistering Metrics Registry : ratis.server.166b87bd-eecb-47e0-96d7-94142ede9e7c@group-ADAE6030A7E1
2020-12-01 09:36:42,273 [ForkJoinPool.commonPool-worker-0] INFO  impl.RaftServerImpl (RaftServerImpl.java:lambda$shutdown$3(328)) - 166b87bd-eecb-47e0-96d7-94142ede9e7c@group-F3DB7A02F757: shutdown
2020-12-01 09:36:42,273 [ForkJoinPool.commonPool-worker-0] INFO  util.JmxRegister (JmxRegister.java:unregister(73)) - Successfully un-registered JMX Bean with object name Ratis:service=RaftServer,group=group-F3DB7A02F757,id=166b87bd-eecb-47e0-96d7-94142ede9e7c
2020-12-01 09:36:42,273 [ForkJoinPool.commonPool-worker-0] INFO  impl.RoleInfo (RoleInfo.java:shutdownFollowerState(121)) - 166b87bd-eecb-47e0-96d7-94142ede9e7c: shutdown 166b87bd-eecb-47e0-96d7-94142ede9e7c@group-F3DB7A02F757-FollowerState
2020-12-01 09:36:42,274 [ForkJoinPool.commonPool-worker-0] INFO  impl.StateMachineUpdater (StateMachineUpdater.java:stopAndJoin(147)) - 166b87bd-eecb-47e0-96d7-94142ede9e7c@group-F3DB7A02F757-StateMachineUpdater: set stopIndex = 0
2020-12-01 09:36:42,274 [Listener at 127.0.0.1/32799] INFO  segmented.SegmentedRaftLogWorker (SegmentedRaftLogWorker.java:close(235)) - 8e30c15e-a534-4be6-9288-c2bfff0aa2a9@group-C649B20E9DA8-SegmentedRaftLogWorker close()
2020-12-01 09:36:42,274 [166b87bd-eecb-47e0-96d7-94142ede9e7c@group-F3DB7A02F757-StateMachineUpdater] INFO  ratis.ContainerStateMachine (ContainerStateMachine.java:takeSnapshot(293)) - group-F3DB7A02F757: Taking a snapshot at:(t:2, i:0) file /github/workspace/mnt/ozone/hadoop-ozone/integration-test/target/test-dir/MiniOzoneClusterImpl-8d4a4fce-edf6-4f04-8cc5-f8d714c00e47/datanode-2/data/ratis/ff8df048-472c-433c-93d2-f3db7a02f757/sm/snapshot.2_0
2020-12-01 09:36:42,274 [Thread-722] INFO  impl.FollowerState (FollowerState.java:run(137)) - 166b87bd-eecb-47e0-96d7-94142ede9e7c@group-F3DB7A02F757-FollowerState was interrupted: {}
java.lang.InterruptedException: sleep interrupted
	at java.lang.Thread.sleep(Native Method)
	at org.apache.ratis.util.JavaUtils.sleep(JavaUtils.java:250)
	at org.apache.ratis.server.impl.FollowerState.run(FollowerState.java:116)
2020-12-01 09:36:42,275 [166b87bd-eecb-47e0-96d7-94142ede9e7c@group-F3DB7A02F757-StateMachineUpdater] INFO  ratis.ContainerStateMachine (ContainerStateMachine.java:takeSnapshot(304)) - group-F3DB7A02F757: Finished taking a snapshot at:(t:2, i:0) file:/github/workspace/mnt/ozone/hadoop-ozone/integration-test/target/test-dir/MiniOzoneClusterImpl-8d4a4fce-edf6-4f04-8cc5-f8d714c00e47/datanode-2/data/ratis/ff8df048-472c-433c-93d2-f3db7a02f757/sm/snapshot.2_0 time:1
2020-12-01 09:36:42,275 [166b87bd-eecb-47e0-96d7-94142ede9e7c@group-F3DB7A02F757-StateMachineUpdater] INFO  impl.StateMachineUpdater (StateMachineUpdater.java:takeSnapshot(278)) - 166b87bd-eecb-47e0-96d7-94142ede9e7c@group-F3DB7A02F757-StateMachineUpdater: Took a snapshot at index 0
2020-12-01 09:36:42,275 [166b87bd-eecb-47e0-96d7-94142ede9e7c@group-F3DB7A02F757-StateMachineUpdater] INFO  impl.StateMachineUpdater (StateMachineUpdater.java:lambda$new$0(87)) - 166b87bd-eecb-47e0-96d7-94142ede9e7c@group-F3DB7A02F757-StateMachineUpdater: snapshotIndex: updateIncreasingly -1 -> 0
2020-12-01 09:36:42,275 [166b87bd-eecb-47e0-96d7-94142ede9e7c@group-F3DB7A02F757-StateMachineUpdater] INFO  metrics.RatisMetrics (RatisMetrics.java:unregister(43)) - Unregistering Metrics Registry : ratis.state_machine.166b87bd-eecb-47e0-96d7-94142ede9e7c@group-F3DB7A02F757
2020-12-01 09:36:42,276 [ForkJoinPool.commonPool-worker-0] INFO  impl.RaftServerImpl (ServerState.java:close(406)) - 166b87bd-eecb-47e0-96d7-94142ede9e7c@group-F3DB7A02F757: closes. applyIndex: 0
2020-12-01 09:36:42,277 [166b87bd-eecb-47e0-96d7-94142ede9e7c@group-F3DB7A02F757-SegmentedRaftLogWorker] INFO  segmented.SegmentedRaftLogWorker (SegmentedRaftLogWorker.java:run(329)) - 166b87bd-eecb-47e0-96d7-94142ede9e7c@group-F3DB7A02F757-SegmentedRaftLogWorker was interrupted, exiting. There are 0 tasks remaining in the queue.
2020-12-01 09:36:42,277 [Listener at 127.0.0.1/32799] INFO  metrics.RatisMetrics (RatisMetrics.java:unregister(43)) - Unregistering Metrics Registry : ratis.log_worker.8e30c15e-a534-4be6-9288-c2bfff0aa2a9@group-C649B20E9DA8
2020-12-01 09:36:42,278 [Listener at 127.0.0.1/32799] INFO  metrics.RatisMetrics (RatisMetrics.java:unregister(43)) - Unregistering Metrics Registry : ratis.leader_election.8e30c15e-a534-4be6-9288-c2bfff0aa2a9@group-C649B20E9DA8
2020-12-01 09:36:42,278 [Listener at 127.0.0.1/32799] INFO  metrics.RatisMetrics (RatisMetrics.java:unregister(43)) - Unregistering Metrics Registry : ratis.server.8e30c15e-a534-4be6-9288-c2bfff0aa2a9@group-C649B20E9DA8
2020-12-01 09:36:42,279 [Listener at 127.0.0.1/32799] INFO  impl.RaftServerImpl (RaftServerImpl.java:lambda$shutdown$3(328)) - 8e30c15e-a534-4be6-9288-c2bfff0aa2a9@group-D2DFA6907B63: shutdown
2020-12-01 09:36:42,279 [Listener at 127.0.0.1/32799] INFO  util.JmxRegister (JmxRegister.java:unregister(73)) - Successfully un-registered JMX Bean with object name Ratis:service=RaftServer,group=group-D2DFA6907B63,id=8e30c15e-a534-4be6-9288-c2bfff0aa2a9
2020-12-01 09:36:42,279 [Listener at 127.0.0.1/32799] INFO  impl.RoleInfo (RoleInfo.java:shutdownLeaderState(104)) - 8e30c15e-a534-4be6-9288-c2bfff0aa2a9: shutdown 8e30c15e-a534-4be6-9288-c2bfff0aa2a9@group-D2DFA6907B63-LeaderState
2020-12-01 09:36:42,279 [Listener at 127.0.0.1/32799] INFO  metrics.RatisMetrics (RatisMetrics.java:unregister(43)) - Unregistering Metrics Registry : ratis_grpc.log_appender.8e30c15e-a534-4be6-9288-c2bfff0aa2a9@group-D2DFA6907B63
2020-12-01 09:36:42,278 [ForkJoinPool.commonPool-worker-0] INFO  segmented.SegmentedRaftLogWorker (SegmentedRaftLogWorker.java:close(235)) - 166b87bd-eecb-47e0-96d7-94142ede9e7c@group-F3DB7A02F757-SegmentedRaftLogWorker close()
2020-12-01 09:36:42,279 [org.apache.ratis.server.impl.LogAppender$AppenderDaemon$$Lambda$498/1386862163@15896112] WARN  server.GrpcLogAppender (GrpcLogAppender.java:mayWait(168)) - 8e30c15e-a534-4be6-9288-c2bfff0aa2a9@group-D2DFA6907B63->b04f2191-2b78-48d5-a7df-85f1d0f43d9c-GrpcLogAppender: Wait interrupted by java.lang.InterruptedException
2020-12-01 09:36:42,279 [Listener at 127.0.0.1/32799] INFO  metrics.RatisMetrics (RatisMetrics.java:unregister(43)) - Unregistering Metrics Registry : ratis_grpc.log_appender.8e30c15e-a534-4be6-9288-c2bfff0aa2a9@group-D2DFA6907B63
2020-12-01 09:36:42,280 [Listener at 127.0.0.1/32799] INFO  impl.PendingRequests (PendingRequests.java:sendNotLeaderResponses(250)) - 8e30c15e-a534-4be6-9288-c2bfff0aa2a9@group-D2DFA6907B63-PendingRequests: sendNotLeaderResponses
2020-12-01 09:36:42,280 [Listener at 127.0.0.1/32799] INFO  metrics.RatisMetrics (RatisMetrics.java:unregister(43)) - Unregistering Metrics Registry : ratis.log_appender.8e30c15e-a534-4be6-9288-c2bfff0aa2a9@group-D2DFA6907B63
2020-12-01 09:36:42,280 [Listener at 127.0.0.1/32799] INFO  metrics.RatisMetrics (RatisMetrics.java:unregister(43)) - Unregistering Metrics Registry : ratis.server.8e30c15e-a534-4be6-9288-c2bfff0aa2a9@group-D2DFA6907B63
2020-12-01 09:36:42,281 [8e30c15e-a534-4be6-9288-c2bfff0aa2a9@group-D2DFA6907B63-StateMachineUpdater] INFO  ratis.ContainerStateMachine (ContainerStateMachine.java:takeSnapshot(293)) - group-D2DFA6907B63: Taking a snapshot at:(t:1, i:0) file /github/workspace/mnt/ozone/hadoop-ozone/integration-test/target/test-dir/MiniOzoneClusterImpl-8d4a4fce-edf6-4f04-8cc5-f8d714c00e47/datanode-3/data/ratis/624329bb-788f-4473-88f4-d2dfa6907b63/sm/snapshot.1_0
2020-12-01 09:36:42,281 [Listener at 127.0.0.1/32799] INFO  impl.StateMachineUpdater (StateMachineUpdater.java:stopAndJoin(147)) - 8e30c15e-a534-4be6-9288-c2bfff0aa2a9@group-D2DFA6907B63-StateMachineUpdater: set stopIndex = 0
2020-12-01 09:36:42,282 [8e30c15e-a534-4be6-9288-c2bfff0aa2a9@group-D2DFA6907B63-StateMachineUpdater] INFO  ratis.ContainerStateMachine (ContainerStateMachine.java:takeSnapshot(304)) - group-D2DFA6907B63: Finished taking a snapshot at:(t:1, i:0) file:/github/workspace/mnt/ozone/hadoop-ozone/integration-test/target/test-dir/MiniOzoneClusterImpl-8d4a4fce-edf6-4f04-8cc5-f8d714c00e47/datanode-3/data/ratis/624329bb-788f-4473-88f4-d2dfa6907b63/sm/snapshot.1_0 time:1
2020-12-01 09:36:42,282 [8e30c15e-a534-4be6-9288-c2bfff0aa2a9@group-D2DFA6907B63-StateMachineUpdater] INFO  impl.StateMachineUpdater (StateMachineUpdater.java:takeSnapshot(278)) - 8e30c15e-a534-4be6-9288-c2bfff0aa2a9@group-D2DFA6907B63-StateMachineUpdater: Took a snapshot at index 0
2020-12-01 09:36:42,282 [8e30c15e-a534-4be6-9288-c2bfff0aa2a9@group-D2DFA6907B63-StateMachineUpdater] INFO  impl.StateMachineUpdater (StateMachineUpdater.java:lambda$new$0(87)) - 8e30c15e-a534-4be6-9288-c2bfff0aa2a9@group-D2DFA6907B63-StateMachineUpdater: snapshotIndex: updateIncreasingly -1 -> 0
2020-12-01 09:36:42,282 [8e30c15e-a534-4be6-9288-c2bfff0aa2a9@group-D2DFA6907B63-StateMachineUpdater] INFO  metrics.RatisMetrics (RatisMetrics.java:unregister(43)) - Unregistering Metrics Registry : ratis.state_machine.8e30c15e-a534-4be6-9288-c2bfff0aa2a9@group-D2DFA6907B63
2020-12-01 09:36:42,282 [Listener at 127.0.0.1/32799] INFO  impl.RaftServerImpl (ServerState.java:close(406)) - 8e30c15e-a534-4be6-9288-c2bfff0aa2a9@group-D2DFA6907B63: closes. applyIndex: 0
2020-12-01 09:36:42,280 [org.apache.ratis.server.impl.LogAppender$AppenderDaemon$$Lambda$498/1386862163@3165057d] WARN  server.GrpcLogAppender (GrpcLogAppender.java:mayWait(168)) - 8e30c15e-a534-4be6-9288-c2bfff0aa2a9@group-D2DFA6907B63->ff14e274-5ee8-4142-b96f-00dc3fd4f97a-GrpcLogAppender: Wait interrupted by java.lang.InterruptedException
2020-12-01 09:36:42,282 [8e30c15e-a534-4be6-9288-c2bfff0aa2a9@group-D2DFA6907B63-SegmentedRaftLogWorker] INFO  segmented.SegmentedRaftLogWorker (SegmentedRaftLogWorker.java:run(329)) - 8e30c15e-a534-4be6-9288-c2bfff0aa2a9@group-D2DFA6907B63-SegmentedRaftLogWorker was interrupted, exiting. There are 0 tasks remaining in the queue.
2020-12-01 09:36:42,280 [grpc-default-executor-1] INFO  server.GrpcServerProtocolService (GrpcServerProtocolService.java:onCompleted(138)) - b04f2191-2b78-48d5-a7df-85f1d0f43d9c: Completed APPEND_ENTRIES, lastRequest: 8e30c15e-a534-4be6-9288-c2bfff0aa2a9->b04f2191-2b78-48d5-a7df-85f1d0f43d9c#1-t1, previous=(t:0, i:0), leaderCommit=0, initializing? false, entries: size=1, first=(t:1, i:0), CONFIGURATIONENTRY
2020-12-01 09:36:42,283 [grpc-default-executor-2] INFO  server.GrpcLogAppender (GrpcLogAppender.java:onCompleted(337)) - 8e30c15e-a534-4be6-9288-c2bfff0aa2a9@group-D2DFA6907B63->b04f2191-2b78-48d5-a7df-85f1d0f43d9c-AppendLogResponseHandler: follower responses appendEntries COMPLETED
2020-12-01 09:36:42,288 [ForkJoinPool.commonPool-worker-0] INFO  metrics.RatisMetrics (RatisMetrics.java:unregister(43)) - Unregistering Metrics Registry : ratis.log_worker.166b87bd-eecb-47e0-96d7-94142ede9e7c@group-F3DB7A02F757
2020-12-01 09:36:42,288 [ForkJoinPool.commonPool-worker-0] INFO  metrics.RatisMetrics (RatisMetrics.java:unregister(43)) - Unregistering Metrics Registry : ratis.leader_election.166b87bd-eecb-47e0-96d7-94142ede9e7c@group-F3DB7A02F757
2020-12-01 09:36:42,288 [ForkJoinPool.commonPool-worker-0] INFO  metrics.RatisMetrics (RatisMetrics.java:unregister(43)) - Unregistering Metrics Registry : ratis.server.166b87bd-eecb-47e0-96d7-94142ede9e7c@group-F3DB7A02F757
2020-12-01 09:36:42,288 [ForkJoinPool.commonPool-worker-0] INFO  server.GrpcService (GrpcService.java:closeImpl(184)) - 166b87bd-eecb-47e0-96d7-94142ede9e7c: shutdown server with port 40201 now
2020-12-01 09:36:42,289 [Listener at 127.0.0.1/32799] INFO  segmented.SegmentedRaftLogWorker (SegmentedRaftLogWorker.java:close(235)) - 8e30c15e-a534-4be6-9288-c2bfff0aa2a9@group-D2DFA6907B63-SegmentedRaftLogWorker close()
2020-12-01 09:36:42,283 [grpc-default-executor-2] INFO  impl.FollowerInfo (FollowerInfo.java:lambda$new$0(51)) - 8e30c15e-a534-4be6-9288-c2bfff0aa2a9@group-D2DFA6907B63->b04f2191-2b78-48d5-a7df-85f1d0f43d9c: nextIndex: updateUnconditionally 1 -> 0
2020-12-01 09:36:42,290 [grpc-default-executor-0] WARN  server.GrpcLogAppender (LogUtils.java:warn(122)) - baf9e0b0-2136-44d3-ba54-7cdd5cf3d2d0@group-F3DB7A02F757->166b87bd-eecb-47e0-96d7-94142ede9e7c-AppendLogResponseHandler: Failed appendEntries: org.apache.ratis.thirdparty.io.grpc.StatusRuntimeException: CANCELLED: HTTP/2 error code: CANCEL
Received Rst Stream
2020-12-01 09:36:42,290 [grpc-default-executor-3] WARN  server.GrpcServerProtocolService (LogUtils.java:warn(122)) - 166b87bd-eecb-47e0-96d7-94142ede9e7c: installSnapshot onError, lastRequest: baf9e0b0-2136-44d3-ba54-7cdd5cf3d2d0->166b87bd-eecb-47e0-96d7-94142ede9e7c#1-t2, previous=(t:0, i:0), leaderCommit=-1, initializing? false, entries: size=1, first=(t:2, i:0), CONFIGURATIONENTRY: org.apache.ratis.thirdparty.io.grpc.StatusRuntimeException: CANCELLED: cancelled before receiving half close
2020-12-01 09:36:42,290 [grpc-default-executor-0] WARN  server.GrpcLogAppender (GrpcLogAppender.java:resetClient(107)) - baf9e0b0-2136-44d3-ba54-7cdd5cf3d2d0@group-F3DB7A02F757->166b87bd-eecb-47e0-96d7-94142ede9e7c-GrpcLogAppender: Leader has not got in touch with Follower baf9e0b0-2136-44d3-ba54-7cdd5cf3d2d0@group-F3DB7A02F757->166b87bd-eecb-47e0-96d7-94142ede9e7c(c0,m0,n1, attendVote=true, lastRpcSendTime=982, lastRpcResponseTime=980) yet, just keep nextIndex unchanged and retry.
2020-12-01 09:36:42,291 [Listener at 127.0.0.1/32799] INFO  metrics.RatisMetrics (RatisMetrics.java:unregister(43)) - Unregistering Metrics Registry : ratis.log_worker.8e30c15e-a534-4be6-9288-c2bfff0aa2a9@group-D2DFA6907B63
2020-12-01 09:36:42,291 [Listener at 127.0.0.1/32799] INFO  metrics.RatisMetrics (RatisMetrics.java:unregister(43)) - Unregistering Metrics Registry : ratis.leader_election.8e30c15e-a534-4be6-9288-c2bfff0aa2a9@group-D2DFA6907B63
2020-12-01 09:36:42,291 [Listener at 127.0.0.1/32799] INFO  metrics.RatisMetrics (RatisMetrics.java:unregister(43)) - Unregistering Metrics Registry : ratis.server.8e30c15e-a534-4be6-9288-c2bfff0aa2a9@group-D2DFA6907B63
2020-12-01 09:36:42,292 [Listener at 127.0.0.1/32799] INFO  server.GrpcService (GrpcService.java:closeImpl(184)) - 8e30c15e-a534-4be6-9288-c2bfff0aa2a9: shutdown server with port 33009 now
2020-12-01 09:36:42,293 [ForkJoinPool.commonPool-worker-0] INFO  server.GrpcService (GrpcService.java:closeImpl(193)) - 166b87bd-eecb-47e0-96d7-94142ede9e7c: shutdown server with port 40201 successfully
2020-12-01 09:36:42,300 [ForkJoinPool.commonPool-worker-0] INFO  utils.BackgroundService (BackgroundService.java:shutdown(132)) - Shutting down service BlockDeletingService
2020-12-01 09:36:42,302 [Listener at 127.0.0.1/32799] INFO  server.GrpcService (GrpcService.java:closeImpl(193)) - 8e30c15e-a534-4be6-9288-c2bfff0aa2a9: shutdown server with port 33009 successfully
2020-12-01 09:36:42,303 [Listener at 127.0.0.1/32799] INFO  utils.BackgroundService (BackgroundService.java:shutdown(132)) - Shutting down service BlockDeletingService
2020-12-01 09:36:42,304 [ForkJoinPool.commonPool-worker-0] INFO  statemachine.DatanodeStateMachine (DatanodeStateMachine.java:stopDaemon(459)) - Ozone container server stopped.
2020-12-01 09:36:42,311 [Listener at 127.0.0.1/32799] INFO  statemachine.DatanodeStateMachine (DatanodeStateMachine.java:stopDaemon(459)) - Ozone container server stopped.
2020-12-01 09:36:42,318 [Listener at 127.0.0.1/32799] INFO  handler.ContextHandler (ContextHandler.java:doStop(1154)) - Stopped o.e.j.w.WebAppContext@5a05f74b{hddsDatanode,/,null,STOPPED}{jar:file:/home/user/.m2/repository/org/apache/hadoop/hadoop-hdds-container-service/1.1.0-SNAPSHOT/hadoop-hdds-container-service-1.1.0-SNAPSHOT.jar!/webapps/hddsDatanode}
2020-12-01 09:36:42,320 [Listener at 127.0.0.1/32799] INFO  server.AbstractConnector (AbstractConnector.java:doStop(381)) - Stopped ServerConnector@45e28480{HTTP/1.1, (http/1.1)}{0.0.0.0:0}
2020-12-01 09:36:42,320 [Listener at 127.0.0.1/32799] INFO  server.session (HouseKeeper.java:stopScavenging(149)) - node0 Stopped scavenging
2020-12-01 09:36:42,320 [Listener at 127.0.0.1/32799] INFO  handler.ContextHandler (ContextHandler.java:doStop(1154)) - Stopped o.e.j.s.ServletContextHandler@66d74231{static,/static,jar:file:/home/user/.m2/repository/org/apache/hadoop/hadoop-hdds-container-service/1.1.0-SNAPSHOT/hadoop-hdds-container-service-1.1.0-SNAPSHOT.jar!/webapps/static,STOPPED}
2020-12-01 09:36:42,320 [Listener at 127.0.0.1/32799] INFO  handler.ContextHandler (ContextHandler.java:doStop(1154)) - Stopped o.e.j.s.ServletContextHandler@6f811041{logs,/logs,file:///github/workspace/mnt/ozone/hadoop-ozone/integration-test/target/log,STOPPED}
2020-12-01 09:36:42,323 [ForkJoinPool.commonPool-worker-0] INFO  handler.ContextHandler (ContextHandler.java:doStop(1154)) - Stopped o.e.j.w.WebAppContext@31897774{hddsDatanode,/,null,STOPPED}{jar:file:/home/user/.m2/repository/org/apache/hadoop/hadoop-hdds-container-service/1.1.0-SNAPSHOT/hadoop-hdds-container-service-1.1.0-SNAPSHOT.jar!/webapps/hddsDatanode}
2020-12-01 09:36:42,323 [ForkJoinPool.commonPool-worker-0] INFO  server.AbstractConnector (AbstractConnector.java:doStop(381)) - Stopped ServerConnector@169d036e{HTTP/1.1, (http/1.1)}{0.0.0.0:0}
2020-12-01 09:36:42,323 [ForkJoinPool.commonPool-worker-0] INFO  server.session (HouseKeeper.java:stopScavenging(149)) - node0 Stopped scavenging
2020-12-01 09:36:42,324 [ForkJoinPool.commonPool-worker-0] INFO  handler.ContextHandler (ContextHandler.java:doStop(1154)) - Stopped o.e.j.s.ServletContextHandler@7a73a389{static,/static,jar:file:/home/user/.m2/repository/org/apache/hadoop/hadoop-hdds-container-service/1.1.0-SNAPSHOT/hadoop-hdds-container-service-1.1.0-SNAPSHOT.jar!/webapps/static,STOPPED}
2020-12-01 09:36:42,324 [ForkJoinPool.commonPool-worker-0] INFO  handler.ContextHandler (ContextHandler.java:doStop(1154)) - Stopped o.e.j.s.ServletContextHandler@9faa169{logs,/logs,file:///github/workspace/mnt/ozone/hadoop-ozone/integration-test/target/log,STOPPED}
2020-12-01 09:36:42,740 [Datanode State Machine Thread - 0] INFO  statemachine.DatanodeStateMachine (DatanodeStateMachine.java:lambda$startDaemon$0(406)) - Ozone container server started.
2020-12-01 09:36:42,795 [Datanode State Machine Thread - 0] INFO  statemachine.DatanodeStateMachine (DatanodeStateMachine.java:lambda$startDaemon$0(406)) - Ozone container server started.
2020-12-01 09:36:43,811 [grpc-default-executor-3] WARN  server.GrpcLogAppender (LogUtils.java:warn(122)) - baf9e0b0-2136-44d3-ba54-7cdd5cf3d2d0@group-F3DB7A02F757->bd2246b5-b92f-4ca7-b3f9-6478d9a800dd-AppendLogResponseHandler: Failed appendEntries: org.apache.ratis.thirdparty.io.grpc.StatusRuntimeException: UNAVAILABLE: io exception
2020-12-01 09:36:43,812 [grpc-default-executor-3] WARN  server.GrpcLogAppender (GrpcLogAppender.java:resetClient(107)) - baf9e0b0-2136-44d3-ba54-7cdd5cf3d2d0@group-F3DB7A02F757->bd2246b5-b92f-4ca7-b3f9-6478d9a800dd-GrpcLogAppender: Leader has not got in touch with Follower baf9e0b0-2136-44d3-ba54-7cdd5cf3d2d0@group-F3DB7A02F757->bd2246b5-b92f-4ca7-b3f9-6478d9a800dd(c0,m0,n1, attendVote=true, lastRpcSendTime=0, lastRpcResponseTime=7506) yet, just keep nextIndex unchanged and retry.
2020-12-01 09:36:43,814 [grpc-default-executor-0] WARN  server.GrpcLogAppender (LogUtils.java:warn(122)) - baf9e0b0-2136-44d3-ba54-7cdd5cf3d2d0@group-F3DB7A02F757->166b87bd-eecb-47e0-96d7-94142ede9e7c-AppendLogResponseHandler: Failed appendEntries: org.apache.ratis.thirdparty.io.grpc.StatusRuntimeException: UNAVAILABLE: io exception
2020-12-01 09:36:43,815 [grpc-default-executor-0] WARN  server.GrpcLogAppender (GrpcLogAppender.java:resetClient(107)) - baf9e0b0-2136-44d3-ba54-7cdd5cf3d2d0@group-F3DB7A02F757->166b87bd-eecb-47e0-96d7-94142ede9e7c-GrpcLogAppender: Leader has not got in touch with Follower baf9e0b0-2136-44d3-ba54-7cdd5cf3d2d0@group-F3DB7A02F757->166b87bd-eecb-47e0-96d7-94142ede9e7c(c0,m0,n1, attendVote=true, lastRpcSendTime=1, lastRpcResponseTime=2505) yet, just keep nextIndex unchanged and retry.
2020-12-01 09:36:46,312 [grpc-default-executor-0] WARN  server.GrpcLogAppender (LogUtils.java:warn(122)) - baf9e0b0-2136-44d3-ba54-7cdd5cf3d2d0@group-F3DB7A02F757->bd2246b5-b92f-4ca7-b3f9-6478d9a800dd-AppendLogResponseHandler: Failed appendEntries: org.apache.ratis.thirdparty.io.grpc.StatusRuntimeException: UNAVAILABLE: io exception
2020-12-01 09:36:46,313 [grpc-default-executor-0] WARN  server.GrpcLogAppender (GrpcLogAppender.java:resetClient(107)) - baf9e0b0-2136-44d3-ba54-7cdd5cf3d2d0@group-F3DB7A02F757->bd2246b5-b92f-4ca7-b3f9-6478d9a800dd-GrpcLogAppender: Leader has not got in touch with Follower baf9e0b0-2136-44d3-ba54-7cdd5cf3d2d0@group-F3DB7A02F757->bd2246b5-b92f-4ca7-b3f9-6478d9a800dd(c0,m0,n1, attendVote=true, lastRpcSendTime=1, lastRpcResponseTime=10007) yet, just keep nextIndex unchanged and retry.
2020-12-01 09:36:46,314 [grpc-default-executor-0] WARN  server.GrpcLogAppender (LogUtils.java:warn(122)) - baf9e0b0-2136-44d3-ba54-7cdd5cf3d2d0@group-F3DB7A02F757->166b87bd-eecb-47e0-96d7-94142ede9e7c-AppendLogResponseHandler: Failed appendEntries: org.apache.ratis.thirdparty.io.grpc.StatusRuntimeException: UNAVAILABLE: io exception
2020-12-01 09:36:46,315 [grpc-default-executor-0] WARN  server.GrpcLogAppender (GrpcLogAppender.java:resetClient(107)) - baf9e0b0-2136-44d3-ba54-7cdd5cf3d2d0@group-F3DB7A02F757->166b87bd-eecb-47e0-96d7-94142ede9e7c-GrpcLogAppender: Leader has not got in touch with Follower baf9e0b0-2136-44d3-ba54-7cdd5cf3d2d0@group-F3DB7A02F757->166b87bd-eecb-47e0-96d7-94142ede9e7c(c0,m0,n1, attendVote=true, lastRpcSendTime=0, lastRpcResponseTime=5005) yet, just keep nextIndex unchanged and retry.
2020-12-01 09:36:47,321 [Listener at 127.0.0.1/32799] INFO  ozoneimpl.OzoneContainer (OzoneContainer.java:stop(257)) - Attempting to stop container services.
2020-12-01 09:36:47,322 [Listener at 127.0.0.1/32799] INFO  impl.RaftServerProxy (RaftServerProxy.java:lambda$close$4(338)) - ea2d25e5-6c0c-4043-88f8-7a65b58a4550: close
2020-12-01 09:36:47,322 [Listener at 127.0.0.1/32799] INFO  impl.RaftServerImpl (RaftServerImpl.java:lambda$shutdown$3(328)) - ea2d25e5-6c0c-4043-88f8-7a65b58a4550@group-28C4E5E23A47: shutdown
2020-12-01 09:36:47,323 [Listener at 127.0.0.1/32799] INFO  util.JmxRegister (JmxRegister.java:unregister(73)) - Successfully un-registered JMX Bean with object name Ratis:service=RaftServer,group=group-28C4E5E23A47,id=ea2d25e5-6c0c-4043-88f8-7a65b58a4550
2020-12-01 09:36:47,323 [Listener at 127.0.0.1/32799] INFO  impl.RoleInfo (RoleInfo.java:shutdownLeaderState(104)) - ea2d25e5-6c0c-4043-88f8-7a65b58a4550: shutdown ea2d25e5-6c0c-4043-88f8-7a65b58a4550@group-28C4E5E23A47-LeaderState
2020-12-01 09:36:47,323 [Listener at 127.0.0.1/32799] INFO  impl.PendingRequests (PendingRequests.java:sendNotLeaderResponses(250)) - ea2d25e5-6c0c-4043-88f8-7a65b58a4550@group-28C4E5E23A47-PendingRequests: sendNotLeaderResponses
2020-12-01 09:36:47,326 [ForkJoinPool.commonPool-worker-0] INFO  ozoneimpl.OzoneContainer (OzoneContainer.java:stop(257)) - Attempting to stop container services.
2020-12-01 09:36:47,326 [ForkJoinPool.commonPool-worker-0] INFO  impl.RaftServerProxy (RaftServerProxy.java:lambda$close$4(338)) - baf9e0b0-2136-44d3-ba54-7cdd5cf3d2d0: close
2020-12-01 09:36:47,326 [ForkJoinPool.commonPool-worker-0] INFO  impl.RaftServerImpl (RaftServerImpl.java:lambda$shutdown$3(328)) - baf9e0b0-2136-44d3-ba54-7cdd5cf3d2d0@group-C9BCE52E3E1F: shutdown
2020-12-01 09:36:47,326 [ForkJoinPool.commonPool-worker-0] INFO  util.JmxRegister (JmxRegister.java:unregister(73)) - Successfully un-registered JMX Bean with object name Ratis:service=RaftServer,group=group-C9BCE52E3E1F,id=baf9e0b0-2136-44d3-ba54-7cdd5cf3d2d0
2020-12-01 09:36:47,327 [ForkJoinPool.commonPool-worker-0] INFO  impl.RoleInfo (RoleInfo.java:shutdownLeaderState(104)) - baf9e0b0-2136-44d3-ba54-7cdd5cf3d2d0: shutdown baf9e0b0-2136-44d3-ba54-7cdd5cf3d2d0@group-C9BCE52E3E1F-LeaderState
2020-12-01 09:36:47,327 [ForkJoinPool.commonPool-worker-0] INFO  impl.PendingRequests (PendingRequests.java:sendNotLeaderResponses(250)) - baf9e0b0-2136-44d3-ba54-7cdd5cf3d2d0@group-C9BCE52E3E1F-PendingRequests: sendNotLeaderResponses
2020-12-01 09:36:47,327 [ForkJoinPool.commonPool-worker-0] INFO  metrics.RatisMetrics (RatisMetrics.java:unregister(43)) - Unregistering Metrics Registry : ratis.log_appender.baf9e0b0-2136-44d3-ba54-7cdd5cf3d2d0@group-C9BCE52E3E1F
2020-12-01 09:36:47,327 [ForkJoinPool.commonPool-worker-0] INFO  metrics.RatisMetrics (RatisMetrics.java:unregister(43)) - Unregistering Metrics Registry : ratis.server.baf9e0b0-2136-44d3-ba54-7cdd5cf3d2d0@group-C9BCE52E3E1F
2020-12-01 09:36:47,327 [ForkJoinPool.commonPool-worker-0] INFO  impl.StateMachineUpdater (StateMachineUpdater.java:stopAndJoin(147)) - baf9e0b0-2136-44d3-ba54-7cdd5cf3d2d0@group-C9BCE52E3E1F-StateMachineUpdater: set stopIndex = 0
2020-12-01 09:36:47,328 [baf9e0b0-2136-44d3-ba54-7cdd5cf3d2d0@group-C9BCE52E3E1F-StateMachineUpdater] INFO  ratis.ContainerStateMachine (ContainerStateMachine.java:takeSnapshot(293)) - group-C9BCE52E3E1F: Taking a snapshot at:(t:1, i:0) file /github/workspace/mnt/ozone/hadoop-ozone/integration-test/target/test-dir/MiniOzoneClusterImpl-8d4a4fce-edf6-4f04-8cc5-f8d714c00e47/datanode-0/data/ratis/5520013b-5f03-4bc3-9221-c9bce52e3e1f/sm/snapshot.1_0
2020-12-01 09:36:47,328 [Listener at 127.0.0.1/32799] INFO  metrics.RatisMetrics (RatisMetrics.java:unregister(43)) - Unregistering Metrics Registry : ratis.log_appender.ea2d25e5-6c0c-4043-88f8-7a65b58a4550@group-28C4E5E23A47
2020-12-01 09:36:47,328 [Listener at 127.0.0.1/32799] INFO  metrics.RatisMetrics (RatisMetrics.java:unregister(43)) - Unregistering Metrics Registry : ratis.server.ea2d25e5-6c0c-4043-88f8-7a65b58a4550@group-28C4E5E23A47
2020-12-01 09:36:47,329 [ea2d25e5-6c0c-4043-88f8-7a65b58a4550@group-28C4E5E23A47-StateMachineUpdater] INFO  ratis.ContainerStateMachine (ContainerStateMachine.java:takeSnapshot(293)) - group-28C4E5E23A47: Taking a snapshot at:(t:1, i:4) file /github/workspace/mnt/ozone/hadoop-ozone/integration-test/target/test-dir/MiniOzoneClusterImpl-8d4a4fce-edf6-4f04-8cc5-f8d714c00e47/datanode-6/data/ratis/d9f2322f-e132-467e-afa2-28c4e5e23a47/sm/snapshot.1_4
2020-12-01 09:36:47,329 [baf9e0b0-2136-44d3-ba54-7cdd5cf3d2d0@group-C9BCE52E3E1F-StateMachineUpdater] INFO  ratis.ContainerStateMachine (ContainerStateMachine.java:takeSnapshot(304)) - group-C9BCE52E3E1F: Finished taking a snapshot at:(t:1, i:0) file:/github/workspace/mnt/ozone/hadoop-ozone/integration-test/target/test-dir/MiniOzoneClusterImpl-8d4a4fce-edf6-4f04-8cc5-f8d714c00e47/datanode-0/data/ratis/5520013b-5f03-4bc3-9221-c9bce52e3e1f/sm/snapshot.1_0 time:1
2020-12-01 09:36:47,329 [Listener at 127.0.0.1/32799] INFO  impl.StateMachineUpdater (StateMachineUpdater.java:stopAndJoin(147)) - ea2d25e5-6c0c-4043-88f8-7a65b58a4550@group-28C4E5E23A47-StateMachineUpdater: set stopIndex = 4
2020-12-01 09:36:47,329 [baf9e0b0-2136-44d3-ba54-7cdd5cf3d2d0@group-C9BCE52E3E1F-StateMachineUpdater] INFO  impl.StateMachineUpdater (StateMachineUpdater.java:takeSnapshot(278)) - baf9e0b0-2136-44d3-ba54-7cdd5cf3d2d0@group-C9BCE52E3E1F-StateMachineUpdater: Took a snapshot at index 0
2020-12-01 09:36:47,329 [baf9e0b0-2136-44d3-ba54-7cdd5cf3d2d0@group-C9BCE52E3E1F-StateMachineUpdater] INFO  impl.StateMachineUpdater (StateMachineUpdater.java:lambda$new$0(87)) - baf9e0b0-2136-44d3-ba54-7cdd5cf3d2d0@group-C9BCE52E3E1F-StateMachineUpdater: snapshotIndex: updateIncreasingly -1 -> 0
2020-12-01 09:36:47,330 [ea2d25e5-6c0c-4043-88f8-7a65b58a4550@group-28C4E5E23A47-StateMachineUpdater] INFO  ratis.ContainerStateMachine (ContainerStateMachine.java:takeSnapshot(304)) - group-28C4E5E23A47: Finished taking a snapshot at:(t:1, i:4) file:/github/workspace/mnt/ozone/hadoop-ozone/integration-test/target/test-dir/MiniOzoneClusterImpl-8d4a4fce-edf6-4f04-8cc5-f8d714c00e47/datanode-6/data/ratis/d9f2322f-e132-467e-afa2-28c4e5e23a47/sm/snapshot.1_4 time:1
2020-12-01 09:36:47,330 [ea2d25e5-6c0c-4043-88f8-7a65b58a4550@group-28C4E5E23A47-StateMachineUpdater] INFO  impl.StateMachineUpdater (StateMachineUpdater.java:takeSnapshot(278)) - ea2d25e5-6c0c-4043-88f8-7a65b58a4550@group-28C4E5E23A47-StateMachineUpdater: Took a snapshot at index 4
2020-12-01 09:36:47,330 [ea2d25e5-6c0c-4043-88f8-7a65b58a4550@group-28C4E5E23A47-StateMachineUpdater] INFO  impl.StateMachineUpdater (StateMachineUpdater.java:lambda$new$0(87)) - ea2d25e5-6c0c-4043-88f8-7a65b58a4550@group-28C4E5E23A47-StateMachineUpdater: snapshotIndex: updateIncreasingly -1 -> 4
2020-12-01 09:36:47,330 [ea2d25e5-6c0c-4043-88f8-7a65b58a4550@group-28C4E5E23A47-StateMachineUpdater] INFO  metrics.RatisMetrics (RatisMetrics.java:unregister(43)) - Unregistering Metrics Registry : ratis.state_machine.ea2d25e5-6c0c-4043-88f8-7a65b58a4550@group-28C4E5E23A47
2020-12-01 09:36:47,330 [baf9e0b0-2136-44d3-ba54-7cdd5cf3d2d0@group-C9BCE52E3E1F-StateMachineUpdater] INFO  metrics.RatisMetrics (RatisMetrics.java:unregister(43)) - Unregistering Metrics Registry : ratis.state_machine.baf9e0b0-2136-44d3-ba54-7cdd5cf3d2d0@group-C9BCE52E3E1F
2020-12-01 09:36:47,332 [Listener at 127.0.0.1/32799] INFO  impl.RaftServerImpl (ServerState.java:close(406)) - ea2d25e5-6c0c-4043-88f8-7a65b58a4550@group-28C4E5E23A47: closes. applyIndex: 4
2020-12-01 09:36:47,332 [ForkJoinPool.commonPool-worker-0] INFO  impl.RaftServerImpl (ServerState.java:close(406)) - baf9e0b0-2136-44d3-ba54-7cdd5cf3d2d0@group-C9BCE52E3E1F: closes. applyIndex: 0
2020-12-01 09:36:47,332 [ea2d25e5-6c0c-4043-88f8-7a65b58a4550@group-28C4E5E23A47-SegmentedRaftLogWorker] INFO  segmented.SegmentedRaftLogWorker (SegmentedRaftLogWorker.java:run(329)) - ea2d25e5-6c0c-4043-88f8-7a65b58a4550@group-28C4E5E23A47-SegmentedRaftLogWorker was interrupted, exiting. There are 0 tasks remaining in the queue.
2020-12-01 09:36:47,332 [baf9e0b0-2136-44d3-ba54-7cdd5cf3d2d0@group-C9BCE52E3E1F-SegmentedRaftLogWorker] INFO  segmented.SegmentedRaftLogWorker (SegmentedRaftLogWorker.java:run(329)) - baf9e0b0-2136-44d3-ba54-7cdd5cf3d2d0@group-C9BCE52E3E1F-SegmentedRaftLogWorker was interrupted, exiting. There are 0 tasks remaining in the queue.
2020-12-01 09:36:47,333 [Listener at 127.0.0.1/32799] INFO  segmented.SegmentedRaftLogWorker (SegmentedRaftLogWorker.java:close(235)) - ea2d25e5-6c0c-4043-88f8-7a65b58a4550@group-28C4E5E23A47-SegmentedRaftLogWorker close()
2020-12-01 09:36:47,333 [ForkJoinPool.commonPool-worker-0] INFO  segmented.SegmentedRaftLogWorker (SegmentedRaftLogWorker.java:close(235)) - baf9e0b0-2136-44d3-ba54-7cdd5cf3d2d0@group-C9BCE52E3E1F-SegmentedRaftLogWorker close()
2020-12-01 09:36:47,333 [Listener at 127.0.0.1/32799] INFO  metrics.RatisMetrics (RatisMetrics.java:unregister(43)) - Unregistering Metrics Registry : ratis.log_worker.ea2d25e5-6c0c-4043-88f8-7a65b58a4550@group-28C4E5E23A47
2020-12-01 09:36:47,334 [Listener at 127.0.0.1/32799] INFO  metrics.RatisMetrics (RatisMetrics.java:unregister(43)) - Unregistering Metrics Registry : ratis.leader_election.ea2d25e5-6c0c-4043-88f8-7a65b58a4550@group-28C4E5E23A47
2020-12-01 09:36:47,334 [Listener at 127.0.0.1/32799] INFO  metrics.RatisMetrics (RatisMetrics.java:unregister(43)) - Unregistering Metrics Registry : ratis.server.ea2d25e5-6c0c-4043-88f8-7a65b58a4550@group-28C4E5E23A47
2020-12-01 09:36:47,334 [Listener at 127.0.0.1/32799] INFO  server.GrpcService (GrpcService.java:closeImpl(184)) - ea2d25e5-6c0c-4043-88f8-7a65b58a4550: shutdown server with port 40773 now
2020-12-01 09:36:47,336 [ForkJoinPool.commonPool-worker-0] INFO  metrics.RatisMetrics (RatisMetrics.java:unregister(43)) - Unregistering Metrics Registry : ratis.log_worker.baf9e0b0-2136-44d3-ba54-7cdd5cf3d2d0@group-C9BCE52E3E1F
2020-12-01 09:36:47,336 [ForkJoinPool.commonPool-worker-0] INFO  metrics.RatisMetrics (RatisMetrics.java:unregister(43)) - Unregistering Metrics Registry : ratis.leader_election.baf9e0b0-2136-44d3-ba54-7cdd5cf3d2d0@group-C9BCE52E3E1F
2020-12-01 09:36:47,336 [ForkJoinPool.commonPool-worker-0] INFO  metrics.RatisMetrics (RatisMetrics.java:unregister(43)) - Unregistering Metrics Registry : ratis.server.baf9e0b0-2136-44d3-ba54-7cdd5cf3d2d0@group-C9BCE52E3E1F
2020-12-01 09:36:47,336 [ForkJoinPool.commonPool-worker-0] INFO  impl.RaftServerImpl (RaftServerImpl.java:lambda$shutdown$3(328)) - baf9e0b0-2136-44d3-ba54-7cdd5cf3d2d0@group-F3DB7A02F757: shutdown
2020-12-01 09:36:47,336 [ForkJoinPool.commonPool-worker-0] INFO  util.JmxRegister (JmxRegister.java:unregister(73)) - Successfully un-registered JMX Bean with object name Ratis:service=RaftServer,group=group-F3DB7A02F757,id=baf9e0b0-2136-44d3-ba54-7cdd5cf3d2d0
2020-12-01 09:36:47,336 [ForkJoinPool.commonPool-worker-0] INFO  impl.RoleInfo (RoleInfo.java:shutdownLeaderState(104)) - baf9e0b0-2136-44d3-ba54-7cdd5cf3d2d0: shutdown baf9e0b0-2136-44d3-ba54-7cdd5cf3d2d0@group-F3DB7A02F757-LeaderState
2020-12-01 09:36:47,336 [ForkJoinPool.commonPool-worker-0] INFO  metrics.RatisMetrics (RatisMetrics.java:unregister(43)) - Unregistering Metrics Registry : ratis_grpc.log_appender.baf9e0b0-2136-44d3-ba54-7cdd5cf3d2d0@group-F3DB7A02F757
2020-12-01 09:36:47,336 [ForkJoinPool.commonPool-worker-0] INFO  metrics.RatisMetrics (RatisMetrics.java:unregister(43)) - Unregistering Metrics Registry : ratis_grpc.log_appender.baf9e0b0-2136-44d3-ba54-7cdd5cf3d2d0@group-F3DB7A02F757
2020-12-01 09:36:47,336 [ForkJoinPool.commonPool-worker-0] INFO  impl.PendingRequests (PendingRequests.java:sendNotLeaderResponses(250)) - baf9e0b0-2136-44d3-ba54-7cdd5cf3d2d0@group-F3DB7A02F757-PendingRequests: sendNotLeaderResponses
2020-12-01 09:36:47,336 [org.apache.ratis.server.impl.LogAppender$AppenderDaemon$$Lambda$498/1386862163@6a828286] WARN  server.GrpcLogAppender (GrpcLogAppender.java:mayWait(168)) - baf9e0b0-2136-44d3-ba54-7cdd5cf3d2d0@group-F3DB7A02F757->bd2246b5-b92f-4ca7-b3f9-6478d9a800dd-GrpcLogAppender: Wait interrupted by java.lang.InterruptedException
2020-12-01 09:36:47,336 [ForkJoinPool.commonPool-worker-0] INFO  metrics.RatisMetrics (RatisMetrics.java:unregister(43)) - Unregistering Metrics Registry : ratis.log_appender.baf9e0b0-2136-44d3-ba54-7cdd5cf3d2d0@group-F3DB7A02F757
2020-12-01 09:36:47,338 [ForkJoinPool.commonPool-worker-0] INFO  metrics.RatisMetrics (RatisMetrics.java:unregister(43)) - Unregistering Metrics Registry : ratis.server.baf9e0b0-2136-44d3-ba54-7cdd5cf3d2d0@group-F3DB7A02F757
2020-12-01 09:36:47,338 [org.apache.ratis.server.impl.LogAppender$AppenderDaemon$$Lambda$498/1386862163@1d7e1fd6] WARN  server.GrpcLogAppender (GrpcLogAppender.java:mayWait(168)) - baf9e0b0-2136-44d3-ba54-7cdd5cf3d2d0@group-F3DB7A02F757->166b87bd-eecb-47e0-96d7-94142ede9e7c-GrpcLogAppender: Wait interrupted by java.lang.InterruptedException
2020-12-01 09:36:47,338 [baf9e0b0-2136-44d3-ba54-7cdd5cf3d2d0@group-F3DB7A02F757-StateMachineUpdater] INFO  ratis.ContainerStateMachine (ContainerStateMachine.java:takeSnapshot(293)) - group-F3DB7A02F757: Taking a snapshot at:(t:2, i:0) file /github/workspace/mnt/ozone/hadoop-ozone/integration-test/target/test-dir/MiniOzoneClusterImpl-8d4a4fce-edf6-4f04-8cc5-f8d714c00e47/datanode-0/data/ratis/ff8df048-472c-433c-93d2-f3db7a02f757/sm/snapshot.2_0
2020-12-01 09:36:47,339 [ForkJoinPool.commonPool-worker-0] INFO  impl.StateMachineUpdater (StateMachineUpdater.java:stopAndJoin(147)) - baf9e0b0-2136-44d3-ba54-7cdd5cf3d2d0@group-F3DB7A02F757-StateMachineUpdater: set stopIndex = 0
2020-12-01 09:36:47,339 [Listener at 127.0.0.1/32799] INFO  server.GrpcService (GrpcService.java:closeImpl(193)) - ea2d25e5-6c0c-4043-88f8-7a65b58a4550: shutdown server with port 40773 successfully
2020-12-01 09:36:47,339 [baf9e0b0-2136-44d3-ba54-7cdd5cf3d2d0@group-F3DB7A02F757-StateMachineUpdater] INFO  ratis.ContainerStateMachine (ContainerStateMachine.java:takeSnapshot(304)) - group-F3DB7A02F757: Finished taking a snapshot at:(t:2, i:0) file:/github/workspace/mnt/ozone/hadoop-ozone/integration-test/target/test-dir/MiniOzoneClusterImpl-8d4a4fce-edf6-4f04-8cc5-f8d714c00e47/datanode-0/data/ratis/ff8df048-472c-433c-93d2-f3db7a02f757/sm/snapshot.2_0 time:1
2020-12-01 09:36:47,339 [baf9e0b0-2136-44d3-ba54-7cdd5cf3d2d0@group-F3DB7A02F757-StateMachineUpdater] INFO  impl.StateMachineUpdater (StateMachineUpdater.java:takeSnapshot(278)) - baf9e0b0-2136-44d3-ba54-7cdd5cf3d2d0@group-F3DB7A02F757-StateMachineUpdater: Took a snapshot at index 0
2020-12-01 09:36:47,340 [baf9e0b0-2136-44d3-ba54-7cdd5cf3d2d0@group-F3DB7A02F757-StateMachineUpdater] INFO  impl.StateMachineUpdater (StateMachineUpdater.java:lambda$new$0(87)) - baf9e0b0-2136-44d3-ba54-7cdd5cf3d2d0@group-F3DB7A02F757-StateMachineUpdater: snapshotIndex: updateIncreasingly -1 -> 0
2020-12-01 09:36:47,340 [baf9e0b0-2136-44d3-ba54-7cdd5cf3d2d0@group-F3DB7A02F757-StateMachineUpdater] INFO  metrics.RatisMetrics (RatisMetrics.java:unregister(43)) - Unregistering Metrics Registry : ratis.state_machine.baf9e0b0-2136-44d3-ba54-7cdd5cf3d2d0@group-F3DB7A02F757
2020-12-01 09:36:47,340 [ForkJoinPool.commonPool-worker-0] INFO  impl.RaftServerImpl (ServerState.java:close(406)) - baf9e0b0-2136-44d3-ba54-7cdd5cf3d2d0@group-F3DB7A02F757: closes. applyIndex: 0
2020-12-01 09:36:47,340 [baf9e0b0-2136-44d3-ba54-7cdd5cf3d2d0@group-F3DB7A02F757-SegmentedRaftLogWorker] INFO  segmented.SegmentedRaftLogWorker (SegmentedRaftLogWorker.java:run(329)) - baf9e0b0-2136-44d3-ba54-7cdd5cf3d2d0@group-F3DB7A02F757-SegmentedRaftLogWorker was interrupted, exiting. There are 0 tasks remaining in the queue.
2020-12-01 09:36:47,341 [ForkJoinPool.commonPool-worker-0] INFO  segmented.SegmentedRaftLogWorker (SegmentedRaftLogWorker.java:close(235)) - baf9e0b0-2136-44d3-ba54-7cdd5cf3d2d0@group-F3DB7A02F757-SegmentedRaftLogWorker close()
2020-12-01 09:36:47,341 [ForkJoinPool.commonPool-worker-0] INFO  metrics.RatisMetrics (RatisMetrics.java:unregister(43)) - Unregistering Metrics Registry : ratis.log_worker.baf9e0b0-2136-44d3-ba54-7cdd5cf3d2d0@group-F3DB7A02F757
2020-12-01 09:36:47,341 [ForkJoinPool.commonPool-worker-0] INFO  metrics.RatisMetrics (RatisMetrics.java:unregister(43)) - Unregistering Metrics Registry : ratis.leader_election.baf9e0b0-2136-44d3-ba54-7cdd5cf3d2d0@group-F3DB7A02F757
2020-12-01 09:36:47,341 [ForkJoinPool.commonPool-worker-0] INFO  metrics.RatisMetrics (RatisMetrics.java:unregister(43)) - Unregistering Metrics Registry : ratis.server.baf9e0b0-2136-44d3-ba54-7cdd5cf3d2d0@group-F3DB7A02F757
2020-12-01 09:36:47,341 [ForkJoinPool.commonPool-worker-0] INFO  server.GrpcService (GrpcService.java:closeImpl(184)) - baf9e0b0-2136-44d3-ba54-7cdd5cf3d2d0: shutdown server with port 44279 now
2020-12-01 09:36:47,342 [Listener at 127.0.0.1/32799] INFO  utils.BackgroundService (BackgroundService.java:shutdown(132)) - Shutting down service BlockDeletingService
2020-12-01 09:36:47,345 [Listener at 127.0.0.1/32799] INFO  statemachine.DatanodeStateMachine (DatanodeStateMachine.java:stopDaemon(459)) - Ozone container server stopped.
2020-12-01 09:36:47,345 [ForkJoinPool.commonPool-worker-0] INFO  server.GrpcService (GrpcService.java:closeImpl(193)) - baf9e0b0-2136-44d3-ba54-7cdd5cf3d2d0: shutdown server with port 44279 successfully
2020-12-01 09:36:47,347 [ForkJoinPool.commonPool-worker-0] INFO  utils.BackgroundService (BackgroundService.java:shutdown(132)) - Shutting down service BlockDeletingService
2020-12-01 09:36:47,349 [ForkJoinPool.commonPool-worker-0] INFO  statemachine.DatanodeStateMachine (DatanodeStateMachine.java:stopDaemon(459)) - Ozone container server stopped.
2020-12-01 09:36:47,358 [ForkJoinPool.commonPool-worker-0] INFO  handler.ContextHandler (ContextHandler.java:doStop(1154)) - Stopped o.e.j.w.WebAppContext@7346bd83{hddsDatanode,/,null,STOPPED}{jar:file:/home/user/.m2/repository/org/apache/hadoop/hadoop-hdds-container-service/1.1.0-SNAPSHOT/hadoop-hdds-container-service-1.1.0-SNAPSHOT.jar!/webapps/hddsDatanode}
2020-12-01 09:36:47,360 [ForkJoinPool.commonPool-worker-0] INFO  server.AbstractConnector (AbstractConnector.java:doStop(381)) - Stopped ServerConnector@3bdca259{HTTP/1.1, (http/1.1)}{0.0.0.0:0}
2020-12-01 09:36:47,360 [ForkJoinPool.commonPool-worker-0] INFO  server.session (HouseKeeper.java:stopScavenging(149)) - node0 Stopped scavenging
2020-12-01 09:36:47,360 [Listener at 127.0.0.1/32799] INFO  handler.ContextHandler (ContextHandler.java:doStop(1154)) - Stopped o.e.j.w.WebAppContext@5c56fd51{hddsDatanode,/,null,STOPPED}{jar:file:/home/user/.m2/repository/org/apache/hadoop/hadoop-hdds-container-service/1.1.0-SNAPSHOT/hadoop-hdds-container-service-1.1.0-SNAPSHOT.jar!/webapps/hddsDatanode}
2020-12-01 09:36:47,360 [ForkJoinPool.commonPool-worker-0] INFO  handler.ContextHandler (ContextHandler.java:doStop(1154)) - Stopped o.e.j.s.ServletContextHandler@63576846{static,/static,jar:file:/home/user/.m2/repository/org/apache/hadoop/hadoop-hdds-container-service/1.1.0-SNAPSHOT/hadoop-hdds-container-service-1.1.0-SNAPSHOT.jar!/webapps/static,STOPPED}
2020-12-01 09:36:47,361 [ForkJoinPool.commonPool-worker-0] INFO  handler.ContextHandler (ContextHandler.java:doStop(1154)) - Stopped o.e.j.s.ServletContextHandler@3a537219{logs,/logs,file:///github/workspace/mnt/ozone/hadoop-ozone/integration-test/target/log,STOPPED}
2020-12-01 09:36:47,361 [Listener at 127.0.0.1/32799] INFO  server.AbstractConnector (AbstractConnector.java:doStop(381)) - Stopped ServerConnector@3e2a7d13{HTTP/1.1, (http/1.1)}{0.0.0.0:0}
2020-12-01 09:36:47,363 [Listener at 127.0.0.1/32799] INFO  server.session (HouseKeeper.java:stopScavenging(149)) - node0 Stopped scavenging
2020-12-01 09:36:47,364 [Listener at 127.0.0.1/32799] INFO  handler.ContextHandler (ContextHandler.java:doStop(1154)) - Stopped o.e.j.s.ServletContextHandler@36ec27ec{static,/static,jar:file:/home/user/.m2/repository/org/apache/hadoop/hadoop-hdds-container-service/1.1.0-SNAPSHOT/hadoop-hdds-container-service-1.1.0-SNAPSHOT.jar!/webapps/static,STOPPED}
2020-12-01 09:36:47,364 [Listener at 127.0.0.1/32799] INFO  handler.ContextHandler (ContextHandler.java:doStop(1154)) - Stopped o.e.j.s.ServletContextHandler@690459b4{logs,/logs,file:///github/workspace/mnt/ozone/hadoop-ozone/integration-test/target/log,STOPPED}
2020-12-01 09:36:47,551 [Datanode State Machine Thread - 0] INFO  statemachine.DatanodeStateMachine (DatanodeStateMachine.java:lambda$startDaemon$0(406)) - Ozone container server started.
2020-12-01 09:36:49,669 [Thread-647] INFO  impl.FollowerState (FollowerState.java:run(128)) - b04f2191-2b78-48d5-a7df-85f1d0f43d9c@group-D2DFA6907B63-FollowerState: change to CANDIDATE, lastRpcTime:7859ms, electionTimeout:5030ms
2020-12-01 09:36:49,670 [Thread-647] INFO  impl.RoleInfo (RoleInfo.java:shutdownFollowerState(121)) - b04f2191-2b78-48d5-a7df-85f1d0f43d9c: shutdown b04f2191-2b78-48d5-a7df-85f1d0f43d9c@group-D2DFA6907B63-FollowerState
2020-12-01 09:36:49,670 [Thread-647] INFO  impl.RaftServerImpl (RaftServerImpl.java:setRole(204)) - b04f2191-2b78-48d5-a7df-85f1d0f43d9c@group-D2DFA6907B63: changes role from  FOLLOWER to CANDIDATE at term 1 for changeToCandidate
2020-12-01 09:36:49,670 [Thread-647] INFO  impl.RoleInfo (RoleInfo.java:updateAndGet(143)) - b04f2191-2b78-48d5-a7df-85f1d0f43d9c: start b04f2191-2b78-48d5-a7df-85f1d0f43d9c@group-D2DFA6907B63-LeaderElection25
2020-12-01 09:36:49,671 [b04f2191-2b78-48d5-a7df-85f1d0f43d9c@group-D2DFA6907B63-LeaderElection25] INFO  impl.RaftServerImpl (ServerState.java:setLeader(256)) - b04f2191-2b78-48d5-a7df-85f1d0f43d9c@group-D2DFA6907B63: change Leader from 8e30c15e-a534-4be6-9288-c2bfff0aa2a9 to null at term 1 for initElection
2020-12-01 09:36:49,673 [b04f2191-2b78-48d5-a7df-85f1d0f43d9c@group-D2DFA6907B63-LeaderElection25] INFO  impl.LeaderElection (LeaderElection.java:askForVotes(215)) - b04f2191-2b78-48d5-a7df-85f1d0f43d9c@group-D2DFA6907B63-LeaderElection25: begin an election at term 2 for 0: [b04f2191-2b78-48d5-a7df-85f1d0f43d9c|rpc:172.17.0.2:37569|dataStream:, ff14e274-5ee8-4142-b96f-00dc3fd4f97a|rpc:172.17.0.2:39957|dataStream:, 8e30c15e-a534-4be6-9288-c2bfff0aa2a9|rpc:172.17.0.2:33009|dataStream:], old=null
2020-12-01 09:36:49,677 [b04f2191-2b78-48d5-a7df-85f1d0f43d9c@group-D2DFA6907B63-LeaderElection25] INFO  impl.LeaderElection (LogUtils.java:infoOrTrace(137)) - b04f2191-2b78-48d5-a7df-85f1d0f43d9c@group-D2DFA6907B63-LeaderElection25 got exception when requesting votes: java.util.concurrent.ExecutionException: org.apache.ratis.thirdparty.io.grpc.StatusRuntimeException: UNAVAILABLE: io exception
2020-12-01 09:36:49,679 [b04f2191-2b78-48d5-a7df-85f1d0f43d9c@group-D2DFA6907B63-LeaderElection25] INFO  impl.LeaderElection (LogUtils.java:infoOrTrace(137)) - b04f2191-2b78-48d5-a7df-85f1d0f43d9c@group-D2DFA6907B63-LeaderElection25 got exception when requesting votes: java.util.concurrent.ExecutionException: org.apache.ratis.thirdparty.io.grpc.StatusRuntimeException: UNAVAILABLE: io exception
2020-12-01 09:36:49,679 [b04f2191-2b78-48d5-a7df-85f1d0f43d9c@group-D2DFA6907B63-LeaderElection25] INFO  impl.LeaderElection (LeaderElection.java:logAndReturn(65)) - b04f2191-2b78-48d5-a7df-85f1d0f43d9c@group-D2DFA6907B63-LeaderElection25: Election REJECTED; received 0 response(s) [] and 2 exception(s); b04f2191-2b78-48d5-a7df-85f1d0f43d9c@group-D2DFA6907B63:t2, leader=null, voted=b04f2191-2b78-48d5-a7df-85f1d0f43d9c, raftlog=b04f2191-2b78-48d5-a7df-85f1d0f43d9c@group-D2DFA6907B63-SegmentedRaftLog:OPENED:c0,f0,i0, conf=0: [b04f2191-2b78-48d5-a7df-85f1d0f43d9c|rpc:172.17.0.2:37569|dataStream:, ff14e274-5ee8-4142-b96f-00dc3fd4f97a|rpc:172.17.0.2:39957|dataStream:, 8e30c15e-a534-4be6-9288-c2bfff0aa2a9|rpc:172.17.0.2:33009|dataStream:], old=null
2020-12-01 09:36:49,679 [b04f2191-2b78-48d5-a7df-85f1d0f43d9c@group-D2DFA6907B63-LeaderElection25] INFO  impl.LeaderElection (LogUtils.java:infoOrTrace(137)) -   Exception 0: java.util.concurrent.ExecutionException: org.apache.ratis.thirdparty.io.grpc.StatusRuntimeException: UNAVAILABLE: io exception
2020-12-01 09:36:49,679 [b04f2191-2b78-48d5-a7df-85f1d0f43d9c@group-D2DFA6907B63-LeaderElection25] INFO  impl.LeaderElection (LogUtils.java:infoOrTrace(137)) -   Exception 1: java.util.concurrent.ExecutionException: org.apache.ratis.thirdparty.io.grpc.StatusRuntimeException: UNAVAILABLE: io exception
2020-12-01 09:36:49,679 [b04f2191-2b78-48d5-a7df-85f1d0f43d9c@group-D2DFA6907B63-LeaderElection25] INFO  impl.RaftServerImpl (RaftServerImpl.java:setRole(204)) - b04f2191-2b78-48d5-a7df-85f1d0f43d9c@group-D2DFA6907B63: changes role from CANDIDATE to FOLLOWER at term 2 for DISCOVERED_A_NEW_TERM
2020-12-01 09:36:49,680 [b04f2191-2b78-48d5-a7df-85f1d0f43d9c@group-D2DFA6907B63-LeaderElection25] INFO  impl.RoleInfo (RoleInfo.java:shutdownLeaderElection(134)) - b04f2191-2b78-48d5-a7df-85f1d0f43d9c: shutdown b04f2191-2b78-48d5-a7df-85f1d0f43d9c@group-D2DFA6907B63-LeaderElection25
2020-12-01 09:36:49,680 [b04f2191-2b78-48d5-a7df-85f1d0f43d9c@group-D2DFA6907B63-LeaderElection25] INFO  impl.RoleInfo (RoleInfo.java:updateAndGet(143)) - b04f2191-2b78-48d5-a7df-85f1d0f43d9c: start b04f2191-2b78-48d5-a7df-85f1d0f43d9c@group-D2DFA6907B63-FollowerState
2020-12-01 09:36:52,366 [ForkJoinPool.commonPool-worker-0] INFO  ozoneimpl.OzoneContainer (OzoneContainer.java:stop(257)) - Attempting to stop container services.
2020-12-01 09:36:52,367 [ForkJoinPool.commonPool-worker-0] INFO  impl.RaftServerProxy (RaftServerProxy.java:lambda$close$4(338)) - b04f2191-2b78-48d5-a7df-85f1d0f43d9c: close
2020-12-01 09:36:52,367 [ForkJoinPool.commonPool-worker-0] INFO  impl.RaftServerImpl (RaftServerImpl.java:lambda$shutdown$3(328)) - b04f2191-2b78-48d5-a7df-85f1d0f43d9c@group-BE0E163CC516: shutdown
2020-12-01 09:36:52,367 [ForkJoinPool.commonPool-worker-0] INFO  util.JmxRegister (JmxRegister.java:unregister(73)) - Successfully un-registered JMX Bean with object name Ratis:service=RaftServer,group=group-BE0E163CC516,id=b04f2191-2b78-48d5-a7df-85f1d0f43d9c
2020-12-01 09:36:52,367 [ForkJoinPool.commonPool-worker-0] INFO  impl.RoleInfo (RoleInfo.java:shutdownLeaderState(104)) - b04f2191-2b78-48d5-a7df-85f1d0f43d9c: shutdown b04f2191-2b78-48d5-a7df-85f1d0f43d9c@group-BE0E163CC516-LeaderState
2020-12-01 09:36:52,368 [ForkJoinPool.commonPool-worker-0] INFO  impl.PendingRequests (PendingRequests.java:sendNotLeaderResponses(250)) - b04f2191-2b78-48d5-a7df-85f1d0f43d9c@group-BE0E163CC516-PendingRequests: sendNotLeaderResponses
2020-12-01 09:36:52,368 [ForkJoinPool.commonPool-worker-0] INFO  metrics.RatisMetrics (RatisMetrics.java:unregister(43)) - Unregistering Metrics Registry : ratis.log_appender.b04f2191-2b78-48d5-a7df-85f1d0f43d9c@group-BE0E163CC516
2020-12-01 09:36:52,368 [ForkJoinPool.commonPool-worker-0] INFO  metrics.RatisMetrics (RatisMetrics.java:unregister(43)) - Unregistering Metrics Registry : ratis.server.b04f2191-2b78-48d5-a7df-85f1d0f43d9c@group-BE0E163CC516
2020-12-01 09:36:52,369 [ForkJoinPool.commonPool-worker-0] INFO  impl.StateMachineUpdater (StateMachineUpdater.java:stopAndJoin(147)) - b04f2191-2b78-48d5-a7df-85f1d0f43d9c@group-BE0E163CC516-StateMachineUpdater: set stopIndex = 0
2020-12-01 09:36:52,369 [b04f2191-2b78-48d5-a7df-85f1d0f43d9c@group-BE0E163CC516-StateMachineUpdater] INFO  ratis.ContainerStateMachine (ContainerStateMachine.java:takeSnapshot(293)) - group-BE0E163CC516: Taking a snapshot at:(t:1, i:0) file /github/workspace/mnt/ozone/hadoop-ozone/integration-test/target/test-dir/MiniOzoneClusterImpl-8d4a4fce-edf6-4f04-8cc5-f8d714c00e47/datanode-5/data/ratis/d2cd0a43-c79f-4054-8b63-be0e163cc516/sm/snapshot.1_0
2020-12-01 09:36:52,371 [b04f2191-2b78-48d5-a7df-85f1d0f43d9c@group-BE0E163CC516-StateMachineUpdater] INFO  ratis.ContainerStateMachine (ContainerStateMachine.java:takeSnapshot(304)) - group-BE0E163CC516: Finished taking a snapshot at:(t:1, i:0) file:/github/workspace/mnt/ozone/hadoop-ozone/integration-test/target/test-dir/MiniOzoneClusterImpl-8d4a4fce-edf6-4f04-8cc5-f8d714c00e47/datanode-5/data/ratis/d2cd0a43-c79f-4054-8b63-be0e163cc516/sm/snapshot.1_0 time:2
2020-12-01 09:36:52,371 [b04f2191-2b78-48d5-a7df-85f1d0f43d9c@group-BE0E163CC516-StateMachineUpdater] INFO  impl.StateMachineUpdater (StateMachineUpdater.java:takeSnapshot(278)) - b04f2191-2b78-48d5-a7df-85f1d0f43d9c@group-BE0E163CC516-StateMachineUpdater: Took a snapshot at index 0
2020-12-01 09:36:52,371 [b04f2191-2b78-48d5-a7df-85f1d0f43d9c@group-BE0E163CC516-StateMachineUpdater] INFO  impl.StateMachineUpdater (StateMachineUpdater.java:lambda$new$0(87)) - b04f2191-2b78-48d5-a7df-85f1d0f43d9c@group-BE0E163CC516-StateMachineUpdater: snapshotIndex: updateIncreasingly -1 -> 0
2020-12-01 09:36:52,371 [b04f2191-2b78-48d5-a7df-85f1d0f43d9c@group-BE0E163CC516-StateMachineUpdater] INFO  metrics.RatisMetrics (RatisMetrics.java:unregister(43)) - Unregistering Metrics Registry : ratis.state_machine.b04f2191-2b78-48d5-a7df-85f1d0f43d9c@group-BE0E163CC516
2020-12-01 09:36:52,372 [ForkJoinPool.commonPool-worker-0] INFO  impl.RaftServerImpl (ServerState.java:close(406)) - b04f2191-2b78-48d5-a7df-85f1d0f43d9c@group-BE0E163CC516: closes. applyIndex: 0
2020-12-01 09:36:52,372 [b04f2191-2b78-48d5-a7df-85f1d0f43d9c@group-BE0E163CC516-SegmentedRaftLogWorker] INFO  segmented.SegmentedRaftLogWorker (SegmentedRaftLogWorker.java:run(329)) - b04f2191-2b78-48d5-a7df-85f1d0f43d9c@group-BE0E163CC516-SegmentedRaftLogWorker was interrupted, exiting. There are 0 tasks remaining in the queue.
2020-12-01 09:36:52,372 [ForkJoinPool.commonPool-worker-0] INFO  segmented.SegmentedRaftLogWorker (SegmentedRaftLogWorker.java:close(235)) - b04f2191-2b78-48d5-a7df-85f1d0f43d9c@group-BE0E163CC516-SegmentedRaftLogWorker close()
2020-12-01 09:36:52,372 [ForkJoinPool.commonPool-worker-0] INFO  metrics.RatisMetrics (RatisMetrics.java:unregister(43)) - Unregistering Metrics Registry : ratis.log_worker.b04f2191-2b78-48d5-a7df-85f1d0f43d9c@group-BE0E163CC516
2020-12-01 09:36:52,373 [ForkJoinPool.commonPool-worker-0] INFO  metrics.RatisMetrics (RatisMetrics.java:unregister(43)) - Unregistering Metrics Registry : ratis.leader_election.b04f2191-2b78-48d5-a7df-85f1d0f43d9c@group-BE0E163CC516
2020-12-01 09:36:52,373 [ForkJoinPool.commonPool-worker-0] INFO  metrics.RatisMetrics (RatisMetrics.java:unregister(43)) - Unregistering Metrics Registry : ratis.server.b04f2191-2b78-48d5-a7df-85f1d0f43d9c@group-BE0E163CC516
2020-12-01 09:36:52,373 [ForkJoinPool.commonPool-worker-0] INFO  impl.RaftServerImpl (RaftServerImpl.java:lambda$shutdown$3(328)) - b04f2191-2b78-48d5-a7df-85f1d0f43d9c@group-D2DFA6907B63: shutdown
2020-12-01 09:36:52,373 [ForkJoinPool.commonPool-worker-0] INFO  util.JmxRegister (JmxRegister.java:unregister(73)) - Successfully un-registered JMX Bean with object name Ratis:service=RaftServer,group=group-D2DFA6907B63,id=b04f2191-2b78-48d5-a7df-85f1d0f43d9c
2020-12-01 09:36:52,373 [ForkJoinPool.commonPool-worker-0] INFO  impl.RoleInfo (RoleInfo.java:shutdownFollowerState(121)) - b04f2191-2b78-48d5-a7df-85f1d0f43d9c: shutdown b04f2191-2b78-48d5-a7df-85f1d0f43d9c@group-D2DFA6907B63-FollowerState
2020-12-01 09:36:52,373 [ForkJoinPool.commonPool-worker-0] INFO  impl.StateMachineUpdater (StateMachineUpdater.java:stopAndJoin(147)) - b04f2191-2b78-48d5-a7df-85f1d0f43d9c@group-D2DFA6907B63-StateMachineUpdater: set stopIndex = 0
2020-12-01 09:36:52,373 [Thread-746] INFO  impl.FollowerState (FollowerState.java:run(137)) - b04f2191-2b78-48d5-a7df-85f1d0f43d9c@group-D2DFA6907B63-FollowerState was interrupted: {}
java.lang.InterruptedException: sleep interrupted
	at java.lang.Thread.sleep(Native Method)
	at org.apache.ratis.util.JavaUtils.sleep(JavaUtils.java:250)
	at org.apache.ratis.server.impl.FollowerState.run(FollowerState.java:116)
2020-12-01 09:36:52,375 [b04f2191-2b78-48d5-a7df-85f1d0f43d9c@group-D2DFA6907B63-StateMachineUpdater] INFO  ratis.ContainerStateMachine (ContainerStateMachine.java:takeSnapshot(293)) - group-D2DFA6907B63: Taking a snapshot at:(t:1, i:0) file /github/workspace/mnt/ozone/hadoop-ozone/integration-test/target/test-dir/MiniOzoneClusterImpl-8d4a4fce-edf6-4f04-8cc5-f8d714c00e47/datanode-5/data/ratis/624329bb-788f-4473-88f4-d2dfa6907b63/sm/snapshot.1_0
2020-12-01 09:36:52,376 [b04f2191-2b78-48d5-a7df-85f1d0f43d9c@group-D2DFA6907B63-StateMachineUpdater] INFO  ratis.ContainerStateMachine (ContainerStateMachine.java:takeSnapshot(304)) - group-D2DFA6907B63: Finished taking a snapshot at:(t:1, i:0) file:/github/workspace/mnt/ozone/hadoop-ozone/integration-test/target/test-dir/MiniOzoneClusterImpl-8d4a4fce-edf6-4f04-8cc5-f8d714c00e47/datanode-5/data/ratis/624329bb-788f-4473-88f4-d2dfa6907b63/sm/snapshot.1_0 time:1
2020-12-01 09:36:52,376 [b04f2191-2b78-48d5-a7df-85f1d0f43d9c@group-D2DFA6907B63-StateMachineUpdater] INFO  impl.StateMachineUpdater (StateMachineUpdater.java:takeSnapshot(278)) - b04f2191-2b78-48d5-a7df-85f1d0f43d9c@group-D2DFA6907B63-StateMachineUpdater: Took a snapshot at index 0
2020-12-01 09:36:52,376 [b04f2191-2b78-48d5-a7df-85f1d0f43d9c@group-D2DFA6907B63-StateMachineUpdater] INFO  impl.StateMachineUpdater (StateMachineUpdater.java:lambda$new$0(87)) - b04f2191-2b78-48d5-a7df-85f1d0f43d9c@group-D2DFA6907B63-StateMachineUpdater: snapshotIndex: updateIncreasingly -1 -> 0
2020-12-01 09:36:52,376 [b04f2191-2b78-48d5-a7df-85f1d0f43d9c@group-D2DFA6907B63-StateMachineUpdater] INFO  metrics.RatisMetrics (RatisMetrics.java:unregister(43)) - Unregistering Metrics Registry : ratis.state_machine.b04f2191-2b78-48d5-a7df-85f1d0f43d9c@group-D2DFA6907B63
2020-12-01 09:36:52,376 [ForkJoinPool.commonPool-worker-0] INFO  impl.RaftServerImpl (ServerState.java:close(406)) - b04f2191-2b78-48d5-a7df-85f1d0f43d9c@group-D2DFA6907B63: closes. applyIndex: 0
2020-12-01 09:36:52,376 [b04f2191-2b78-48d5-a7df-85f1d0f43d9c@group-D2DFA6907B63-SegmentedRaftLogWorker] INFO  segmented.SegmentedRaftLogWorker (SegmentedRaftLogWorker.java:run(329)) - b04f2191-2b78-48d5-a7df-85f1d0f43d9c@group-D2DFA6907B63-SegmentedRaftLogWorker was interrupted, exiting. There are 0 tasks remaining in the queue.
2020-12-01 09:36:52,377 [ForkJoinPool.commonPool-worker-0] INFO  segmented.SegmentedRaftLogWorker (SegmentedRaftLogWorker.java:close(235)) - b04f2191-2b78-48d5-a7df-85f1d0f43d9c@group-D2DFA6907B63-SegmentedRaftLogWorker close()
2020-12-01 09:36:52,377 [ForkJoinPool.commonPool-worker-0] INFO  metrics.RatisMetrics (RatisMetrics.java:unregister(43)) - Unregistering Metrics Registry : ratis.log_worker.b04f2191-2b78-48d5-a7df-85f1d0f43d9c@group-D2DFA6907B63
2020-12-01 09:36:52,377 [ForkJoinPool.commonPool-worker-0] INFO  metrics.RatisMetrics (RatisMetrics.java:unregister(43)) - Unregistering Metrics Registry : ratis.leader_election.b04f2191-2b78-48d5-a7df-85f1d0f43d9c@group-D2DFA6907B63
2020-12-01 09:36:52,377 [ForkJoinPool.commonPool-worker-0] INFO  metrics.RatisMetrics (RatisMetrics.java:unregister(43)) - Unregistering Metrics Registry : ratis.server.b04f2191-2b78-48d5-a7df-85f1d0f43d9c@group-D2DFA6907B63
2020-12-01 09:36:52,377 [ForkJoinPool.commonPool-worker-0] INFO  server.GrpcService (GrpcService.java:closeImpl(184)) - b04f2191-2b78-48d5-a7df-85f1d0f43d9c: shutdown server with port 37569 now
2020-12-01 09:36:52,379 [ForkJoinPool.commonPool-worker-0] INFO  server.GrpcService (GrpcService.java:closeImpl(193)) - b04f2191-2b78-48d5-a7df-85f1d0f43d9c: shutdown server with port 37569 successfully
2020-12-01 09:36:52,380 [ForkJoinPool.commonPool-worker-0] INFO  utils.BackgroundService (BackgroundService.java:shutdown(132)) - Shutting down service BlockDeletingService
2020-12-01 09:36:52,381 [ForkJoinPool.commonPool-worker-0] INFO  statemachine.DatanodeStateMachine (DatanodeStateMachine.java:stopDaemon(459)) - Ozone container server stopped.
2020-12-01 09:36:52,390 [ForkJoinPool.commonPool-worker-0] INFO  handler.ContextHandler (ContextHandler.java:doStop(1154)) - Stopped o.e.j.w.WebAppContext@5fcd5693{hddsDatanode,/,null,STOPPED}{jar:file:/home/user/.m2/repository/org/apache/hadoop/hadoop-hdds-container-service/1.1.0-SNAPSHOT/hadoop-hdds-container-service-1.1.0-SNAPSHOT.jar!/webapps/hddsDatanode}
2020-12-01 09:36:52,390 [ForkJoinPool.commonPool-worker-0] INFO  server.AbstractConnector (AbstractConnector.java:doStop(381)) - Stopped ServerConnector@2bd86972{HTTP/1.1, (http/1.1)}{0.0.0.0:0}
2020-12-01 09:36:52,390 [ForkJoinPool.commonPool-worker-0] INFO  server.session (HouseKeeper.java:stopScavenging(149)) - node0 Stopped scavenging
2020-12-01 09:36:52,392 [ForkJoinPool.commonPool-worker-0] INFO  handler.ContextHandler (ContextHandler.java:doStop(1154)) - Stopped o.e.j.s.ServletContextHandler@4e2e1985{static,/static,jar:file:/home/user/.m2/repository/org/apache/hadoop/hadoop-hdds-container-service/1.1.0-SNAPSHOT/hadoop-hdds-container-service-1.1.0-SNAPSHOT.jar!/webapps/static,STOPPED}
2020-12-01 09:36:52,392 [ForkJoinPool.commonPool-worker-0] INFO  handler.ContextHandler (ContextHandler.java:doStop(1154)) - Stopped o.e.j.s.ServletContextHandler@4b135ca7{logs,/logs,file:///github/workspace/mnt/ozone/hadoop-ozone/integration-test/target/log,STOPPED}
2020-12-01 09:36:52,392 [Listener at 127.0.0.1/32799] INFO  ozone.MiniOzoneClusterImpl (MiniOzoneClusterImpl.java:stopSCM(477)) - Stopping the StorageContainerManager
2020-12-01 09:36:52,393 [Listener at 127.0.0.1/32799] INFO  server.StorageContainerManager (StorageContainerManager.java:stop(823)) - Stopping Replication Manager Service.
2020-12-01 09:36:52,393 [Listener at 127.0.0.1/32799] INFO  container.ReplicationManager (ReplicationManager.java:stop(219)) - Stopping Replication Monitor Thread.
2020-12-01 09:36:52,393 [Listener at 127.0.0.1/32799] INFO  server.StorageContainerManager (StorageContainerManager.java:stop(830)) - Stopping Lease Manager of the command watchers
2020-12-01 09:36:52,393 [Listener at 127.0.0.1/32799] INFO  server.StorageContainerManager (StorageContainerManager.java:stop(837)) - Stopping datanode service RPC server
2020-12-01 09:36:52,393 [Listener at 127.0.0.1/32799] INFO  server.SCMDatanodeProtocolServer (SCMDatanodeProtocolServer.java:stop(361)) - Stopping the RPC server for DataNodes
2020-12-01 09:36:52,393 [Listener at 127.0.0.1/32799] INFO  ipc.Server (Server.java:stop(3359)) - Stopping server on 44897
2020-12-01 09:36:52,393 [CommandWatcher-LeaseManager#LeaseMonitor] ERROR lease.LeaseManager (LeaseManager.java:run(238)) - Execution was interrupted 
java.lang.InterruptedException: sleep interrupted
	at java.lang.Thread.sleep(Native Method)
	at org.apache.hadoop.ozone.lease.LeaseManager$LeaseMonitor.run(LeaseManager.java:234)
	at java.lang.Thread.run(Thread.java:748)
2020-12-01 09:36:52,396 [IPC Server Responder] INFO  ipc.Server (Server.java:run(1465)) - Stopping IPC Server Responder
2020-12-01 09:36:52,396 [IPC Server listener on 0] INFO  ipc.Server (Server.java:run(1330)) - Stopping IPC Server listener on 0
2020-12-01 09:36:52,431 [SCM Heartbeat Processing Thread - 0] WARN  node.NodeStateManager (NodeStateManager.java:scheduleNextHealthCheck(661)) - Current Thread is interrupted, shutting down HB processing thread for Node Manager.
2020-12-01 09:36:52,431 [Listener at 127.0.0.1/32799] INFO  server.StorageContainerManager (StorageContainerManager.java:stop(845)) - Stopping block service RPC server
2020-12-01 09:36:52,431 [Listener at 127.0.0.1/32799] INFO  server.SCMBlockProtocolServer (SCMBlockProtocolServer.java:stop(159)) - Stopping the RPC server for Block Protocol
2020-12-01 09:36:52,431 [Listener at 127.0.0.1/32799] INFO  ipc.Server (Server.java:stop(3359)) - Stopping server on 43909
2020-12-01 09:36:52,433 [IPC Server Responder] INFO  ipc.Server (Server.java:run(1465)) - Stopping IPC Server Responder
2020-12-01 09:36:52,433 [Listener at 127.0.0.1/32799] INFO  server.StorageContainerManager (StorageContainerManager.java:stop(852)) - Stopping the StorageContainerLocationProtocol RPC server
2020-12-01 09:36:52,434 [Listener at 127.0.0.1/32799] INFO  server.SCMClientProtocolServer (SCMClientProtocolServer.java:stop(165)) - Stopping the RPC server for Client Protocol
2020-12-01 09:36:52,434 [Listener at 127.0.0.1/32799] INFO  ipc.Server (Server.java:stop(3359)) - Stopping server on 45507
2020-12-01 09:36:52,434 [IPC Server listener on 0] INFO  ipc.Server (Server.java:run(1330)) - Stopping IPC Server listener on 0
2020-12-01 09:36:52,436 [IPC Server Responder] INFO  ipc.Server (Server.java:run(1465)) - Stopping IPC Server Responder
2020-12-01 09:36:52,436 [Listener at 127.0.0.1/32799] INFO  server.StorageContainerManager (StorageContainerManager.java:stop(859)) - Stopping Storage Container Manager HTTP server.
2020-12-01 09:36:52,436 [IPC Server listener on 0] INFO  ipc.Server (Server.java:run(1330)) - Stopping IPC Server listener on 0
2020-12-01 09:36:52,436 [Listener at 127.0.0.1/32799] INFO  handler.ContextHandler (ContextHandler.java:doStop(1154)) - Stopped o.e.j.w.WebAppContext@41dd52fb{scm,/,null,STOPPED}{file:/github/workspace/mnt/ozone/hadoop-ozone/integration-test/target/test-classes/webapps/scm}
2020-12-01 09:36:52,437 [Listener at 127.0.0.1/32799] INFO  server.AbstractConnector (AbstractConnector.java:doStop(381)) - Stopped ServerConnector@435c8547{HTTP/1.1, (http/1.1)}{0.0.0.0:0}
2020-12-01 09:36:52,437 [Listener at 127.0.0.1/32799] INFO  server.session (HouseKeeper.java:stopScavenging(149)) - node0 Stopped scavenging
2020-12-01 09:36:52,437 [Listener at 127.0.0.1/32799] INFO  handler.ContextHandler (ContextHandler.java:doStop(1154)) - Stopped o.e.j.s.ServletContextHandler@19302263{static,/static,file:///github/workspace/mnt/ozone/hadoop-ozone/integration-test/target/test-classes/webapps/static,STOPPED}
2020-12-01 09:36:52,437 [Listener at 127.0.0.1/32799] INFO  handler.ContextHandler (ContextHandler.java:doStop(1154)) - Stopped o.e.j.s.ServletContextHandler@4feee204{logs,/logs,file:///github/workspace/mnt/ozone/hadoop-ozone/integration-test/target/log,STOPPED}
2020-12-01 09:36:52,438 [Listener at 127.0.0.1/32799] INFO  server.StorageContainerManager (StorageContainerManager.java:stop(870)) - Stopping Block Manager Service.
2020-12-01 09:36:52,438 [Listener at 127.0.0.1/32799] INFO  utils.BackgroundService (BackgroundService.java:shutdown(132)) - Shutting down service SCMBlockDeletingService
2020-12-01 09:36:52,439 [Listener at 127.0.0.1/32799] INFO  utils.BackgroundService (BackgroundService.java:shutdown(132)) - Shutting down service SCMBlockDeletingService
2020-12-01 09:36:52,439 [Listener at 127.0.0.1/32799] INFO  server.StorageContainerManager (StorageContainerManager.java:stop(895)) - Stopping SCM Event Queue.
2020-12-01 09:36:52,442 [Listener at 127.0.0.1/32799] INFO  impl.MetricsSystemImpl (MetricsSystemImpl.java:stop(210)) - Stopping HddsDatanode metrics system...
2020-12-01 09:36:52,446 [Listener at 127.0.0.1/32799] INFO  impl.MetricsSystemImpl (MetricsSystemImpl.java:stop(216)) - HddsDatanode metrics system stopped.
]]></system-out>
  </testcase>
</testsuite>